Using worker: worker-linux-docker-48d421b0.prod.travis-ci.org:travis-linux-3

travis_fold:start:system_info[0K[33;1mBuild system information[0m
Build language: java
Build group: stable
Build dist: precise
[34m[1mBuild image provisioning date and time[0m
Thu Feb  5 15:09:33 UTC 2015
[34m[1mOperating System Details[0m
Distributor ID:	Ubuntu
Description:	Ubuntu 12.04.5 LTS
Release:	12.04
Codename:	precise
[34m[1mLinux Version[0m
3.13.0-29-generic
[34m[1mCookbooks Version[0m
a68419e https://github.com/travis-ci/travis-cookbooks/tree/a68419e
[34m[1mGCC version[0m
gcc (Ubuntu/Linaro 4.6.3-1ubuntu5) 4.6.3
Copyright (C) 2011 Free Software Foundation, Inc.
This is free software; see the source for copying conditions.  There is NO
warranty; not even for MERCHANTABILITY or FITNESS FOR A PARTICULAR PURPOSE.

[34m[1mLLVM version[0m
clang version 3.4 (tags/RELEASE_34/final)
Target: x86_64-unknown-linux-gnu
Thread model: posix
[34m[1mPre-installed Ruby versions[0m
ruby-1.9.3-p551
[34m[1mPre-installed Node.js versions[0m
v0.10.36
[34m[1mPre-installed Go versions[0m
1.4.1
[34m[1mRedis version[0m
redis-server 2.8.19
[34m[1mriak version[0m
2.0.2
[34m[1mMongoDB version[0m
MongoDB 2.4.12
[34m[1mCouchDB version[0m
couchdb 1.6.1
[34m[1mNeo4j version[0m
1.9.4
[34m[1mRabbitMQ Version[0m
3.4.3
[34m[1mElasticSearch version[0m
1.4.0
[34m[1mInstalled Sphinx versions[0m
2.0.10
2.1.9
2.2.6
[34m[1mDefault Sphinx version[0m
2.2.6
[34m[1mInstalled Firefox version[0m
firefox 31.0esr
[34m[1mPhantomJS version[0m
1.9.8
[34m[1mant -version[0m
Apache Ant(TM) version 1.8.2 compiled on December 3 2011
[34m[1mmvn -version[0m
Apache Maven 3.2.5 (12a6b3acb947671f09b81f49094c53f426d8cea1; 2014-12-14T17:29:23+00:00)
Maven home: /usr/local/maven
Java version: 1.7.0_76, vendor: Oracle Corporation
Java home: /usr/lib/jvm/java-7-oracle/jre
Default locale: en_US, platform encoding: ANSI_X3.4-1968
OS name: "linux", version: "3.13.0-29-generic", arch: "amd64", family: "unix"
travis_fold:end:system_info[0K
travis_fold:start:fix.CVE-2015-7547[0K$ export DEBIAN_FRONTEND=noninteractive
W: Size of file /var/lib/apt/lists/us.archive.ubuntu.com_ubuntu_dists_precise-backports_multiverse_source_Sources.gz is not what the server reported 5886 5888
W: Size of file /var/lib/apt/lists/ppa.launchpad.net_ubuntugis_ppa_ubuntu_dists_precise_main_binary-amd64_Packages.gz is not what the server reported 36669 36677
W: Size of file /var/lib/apt/lists/ppa.launchpad.net_ubuntugis_ppa_ubuntu_dists_precise_main_binary-i386_Packages.gz is not what the server reported 36729 36733
Reading package lists...
Building dependency tree...
Reading state information...
The following extra packages will be installed:
  libc-bin libc-dev-bin libc6-dev
Suggested packages:
  glibc-doc
The following packages will be upgraded:
  libc-bin libc-dev-bin libc6 libc6-dev
4 upgraded, 0 newly installed, 0 to remove and 237 not upgraded.
Need to get 8,844 kB of archives.
After this operation, 9,216 B disk space will be freed.
Get:1 http://us.archive.ubuntu.com/ubuntu/ precise-updates/main libc6-dev amd64 2.15-0ubuntu10.13 [2,943 kB]
Get:2 http://us.archive.ubuntu.com/ubuntu/ precise-updates/main libc-dev-bin amd64 2.15-0ubuntu10.13 [84.7 kB]
Get:3 http://us.archive.ubuntu.com/ubuntu/ precise-updates/main libc-bin amd64 2.15-0ubuntu10.13 [1,179 kB]
Get:4 http://us.archive.ubuntu.com/ubuntu/ precise-updates/main libc6 amd64 2.15-0ubuntu10.13 [4,637 kB]
Fetched 8,844 kB in 0s (31.9 MB/s)
Preconfiguring packages ...
(Reading database ... (Reading database ... 5%(Reading database ... 10%(Reading database ... 15%(Reading database ... 20%(Reading database ... 25%(Reading database ... 30%(Reading database ... 35%(Reading database ... 40%(Reading database ... 45%(Reading database ... 50%(Reading database ... 55%(Reading database ... 60%(Reading database ... 65%(Reading database ... 70%(Reading database ... 75%(Reading database ... 80%(Reading database ... 85%(Reading database ... 90%(Reading database ... 95%(Reading database ... 100%(Reading database ... 72019 files and directories currently installed.)
Preparing to replace libc6-dev 2.15-0ubuntu10.10 (using .../libc6-dev_2.15-0ubuntu10.13_amd64.deb) ...
Unpacking replacement libc6-dev ...
Preparing to replace libc-dev-bin 2.15-0ubuntu10.10 (using .../libc-dev-bin_2.15-0ubuntu10.13_amd64.deb) ...
Unpacking replacement libc-dev-bin ...
Preparing to replace libc-bin 2.15-0ubuntu10.10 (using .../libc-bin_2.15-0ubuntu10.13_amd64.deb) ...
Unpacking replacement libc-bin ...
Processing triggers for man-db ...
Setting up libc-bin (2.15-0ubuntu10.13) ...
(Reading database ... (Reading database ... 5%(Reading database ... 10%(Reading database ... 15%(Reading database ... 20%(Reading database ... 25%(Reading database ... 30%(Reading database ... 35%(Reading database ... 40%(Reading database ... 45%(Reading database ... 50%(Reading database ... 55%(Reading database ... 60%(Reading database ... 65%(Reading database ... 70%(Reading database ... 75%(Reading database ... 80%(Reading database ... 85%(Reading database ... 90%(Reading database ... 95%(Reading database ... 100%(Reading database ... 72019 files and directories currently installed.)
Preparing to replace libc6 2.15-0ubuntu10.10 (using .../libc6_2.15-0ubuntu10.13_amd64.deb) ...
Unpacking replacement libc6 ...
Setting up libc6 (2.15-0ubuntu10.13) ...
Setting up libc-dev-bin (2.15-0ubuntu10.13) ...
Setting up libc6-dev (2.15-0ubuntu10.13) ...
Processing triggers for libc-bin ...
ldconfig deferred processing now taking place
travis_fold:end:fix.CVE-2015-7547[0Ktravis_fold:start:git.checkout[0Ktravis_time:start:22ef9168[0K$ git clone --depth=50 https://github.com/checkstyle/checkstyle.git checkstyle/checkstyle
Cloning into 'checkstyle/checkstyle'...
remote: Counting objects: 2528, done.[K
remote: Compressing objects:   0% (1/1794)   [Kremote: Compressing objects:   1% (18/1794)   [Kremote: Compressing objects:   2% (36/1794)   [Kremote: Compressing objects:   3% (54/1794)   [Kremote: Compressing objects:   4% (72/1794)   [Kremote: Compressing objects:   5% (90/1794)   [Kremote: Compressing objects:   6% (108/1794)   [Kremote: Compressing objects:   7% (126/1794)   [Kremote: Compressing objects:   8% (144/1794)   [Kremote: Compressing objects:   9% (162/1794)   [Kremote: Compressing objects:  10% (180/1794)   [Kremote: Compressing objects:  11% (198/1794)   [Kremote: Compressing objects:  12% (216/1794)   [Kremote: Compressing objects:  13% (234/1794)   [Kremote: Compressing objects:  14% (252/1794)   [Kremote: Compressing objects:  15% (270/1794)   [Kremote: Compressing objects:  16% (288/1794)   [Kremote: Compressing objects:  17% (305/1794)   [Kremote: Compressing objects:  18% (323/1794)   [Kremote: Compressing objects:  19% (341/1794)   [Kremote: Compressing objects:  20% (359/1794)   [Kremote: Compressing objects:  21% (377/1794)   [Kremote: Compressing objects:  22% (395/1794)   [Kremote: Compressing objects:  23% (413/1794)   [Kremote: Compressing objects:  24% (431/1794)   [Kremote: Compressing objects:  25% (449/1794)   [Kremote: Compressing objects:  26% (467/1794)   [Kremote: Compressing objects:  27% (485/1794)   [Kremote: Compressing objects:  28% (503/1794)   [Kremote: Compressing objects:  29% (521/1794)   [Kremote: Compressing objects:  30% (539/1794)   [Kremote: Compressing objects:  31% (557/1794)   [Kremote: Compressing objects:  32% (575/1794)   [Kremote: Compressing objects:  33% (593/1794)   [Kremote: Compressing objects:  34% (610/1794)   [Kremote: Compressing objects:  35% (628/1794)   [Kremote: Compressing objects:  36% (646/1794)   [Kremote: Compressing objects:  37% (664/1794)   [Kremote: Compressing objects:  38% (682/1794)   [Kremote: Compressing objects:  39% (700/1794)   [Kremote: Compressing objects:  40% (718/1794)   [Kremote: Compressing objects:  41% (736/1794)   [Kremote: Compressing objects:  42% (754/1794)   [Kremote: Compressing objects:  43% (772/1794)   [Kremote: Compressing objects:  44% (790/1794)   [Kremote: Compressing objects:  45% (808/1794)   [Kremote: Compressing objects:  46% (826/1794)   [Kremote: Compressing objects:  47% (844/1794)   [Kremote: Compressing objects:  48% (862/1794)   [Kremote: Compressing objects:  49% (880/1794)   [Kremote: Compressing objects:  50% (897/1794)   [Kremote: Compressing objects:  51% (915/1794)   [Kremote: Compressing objects:  52% (933/1794)   [Kremote: Compressing objects:  53% (951/1794)   [Kremote: Compressing objects:  54% (969/1794)   [Kremote: Compressing objects:  55% (987/1794)   [Kremote: Compressing objects:  56% (1005/1794)   [Kremote: Compressing objects:  57% (1023/1794)   [Kremote: Compressing objects:  58% (1041/1794)   [Kremote: Compressing objects:  59% (1059/1794)   [Kremote: Compressing objects:  60% (1077/1794)   [Kremote: Compressing objects:  61% (1095/1794)   [Kremote: Compressing objects:  62% (1113/1794)   [Kremote: Compressing objects:  63% (1131/1794)   [Kremote: Compressing objects:  64% (1149/1794)   [Kremote: Compressing objects:  65% (1167/1794)   [Kremote: Compressing objects:  66% (1185/1794)   [Kremote: Compressing objects:  67% (1202/1794)   [Kremote: Compressing objects:  68% (1220/1794)   [Kremote: Compressing objects:  69% (1238/1794)   [Kremote: Compressing objects:  70% (1256/1794)   [Kremote: Compressing objects:  71% (1274/1794)   [Kremote: Compressing objects:  72% (1292/1794)   [Kremote: Compressing objects:  73% (1310/1794)   [Kremote: Compressing objects:  74% (1328/1794)   [Kremote: Compressing objects:  75% (1346/1794)   [Kremote: Compressing objects:  76% (1364/1794)   [Kremote: Compressing objects:  77% (1382/1794)   [Kremote: Compressing objects:  78% (1400/1794)   [Kremote: Compressing objects:  79% (1418/1794)   [Kremote: Compressing objects:  80% (1436/1794)   [Kremote: Compressing objects:  81% (1454/1794)   [Kremote: Compressing objects:  82% (1472/1794)   [Kremote: Compressing objects:  83% (1490/1794)   [Kremote: Compressing objects:  84% (1507/1794)   [Kremote: Compressing objects:  85% (1525/1794)   [Kremote: Compressing objects:  86% (1543/1794)   [Kremote: Compressing objects:  87% (1561/1794)   [Kremote: Compressing objects:  88% (1579/1794)   [Kremote: Compressing objects:  89% (1597/1794)   [Kremote: Compressing objects:  90% (1615/1794)   [Kremote: Compressing objects:  91% (1633/1794)   [Kremote: Compressing objects:  92% (1651/1794)   [Kremote: Compressing objects:  93% (1669/1794)   [Kremote: Compressing objects:  94% (1687/1794)   [Kremote: Compressing objects:  95% (1705/1794)   [Kremote: Compressing objects:  96% (1723/1794)   [Kremote: Compressing objects:  97% (1741/1794)   [Kremote: Compressing objects:  98% (1759/1794)   [Kremote: Compressing objects:  99% (1777/1794)   [Kremote: Compressing objects: 100% (1794/1794)   [Kremote: Compressing objects: 100% (1794/1794), done.[K
Receiving objects:   0% (1/2528)   Receiving objects:   1% (26/2528)   Receiving objects:   2% (51/2528)   Receiving objects:   3% (76/2528)   Receiving objects:   4% (102/2528)   Receiving objects:   5% (127/2528)   Receiving objects:   6% (152/2528)   Receiving objects:   7% (177/2528)   Receiving objects:   8% (203/2528)   Receiving objects:   9% (228/2528)   Receiving objects:  10% (253/2528)   Receiving objects:  11% (279/2528)   Receiving objects:  12% (304/2528)   Receiving objects:  13% (329/2528)   Receiving objects:  14% (354/2528)   Receiving objects:  15% (380/2528)   Receiving objects:  16% (405/2528)   Receiving objects:  17% (430/2528)   Receiving objects:  18% (456/2528)   Receiving objects:  19% (481/2528)   Receiving objects:  20% (506/2528)   Receiving objects:  21% (531/2528)   Receiving objects:  22% (557/2528)   Receiving objects:  23% (582/2528)   Receiving objects:  24% (607/2528)   Receiving objects:  25% (632/2528)   Receiving objects:  26% (658/2528)   Receiving objects:  27% (683/2528)   Receiving objects:  28% (708/2528)   Receiving objects:  29% (734/2528)   Receiving objects:  30% (759/2528)   Receiving objects:  31% (784/2528)   Receiving objects:  32% (809/2528)   Receiving objects:  33% (835/2528)   Receiving objects:  34% (860/2528)   Receiving objects:  35% (885/2528)   Receiving objects:  36% (911/2528)   Receiving objects:  37% (936/2528)   Receiving objects:  38% (961/2528)   Receiving objects:  39% (986/2528)   Receiving objects:  40% (1012/2528)   Receiving objects:  41% (1037/2528)   Receiving objects:  42% (1062/2528)   Receiving objects:  43% (1088/2528)   Receiving objects:  44% (1113/2528)   Receiving objects:  45% (1138/2528)   Receiving objects:  46% (1163/2528)   Receiving objects:  47% (1189/2528)   Receiving objects:  48% (1214/2528)   Receiving objects:  49% (1239/2528)   Receiving objects:  50% (1264/2528)   Receiving objects:  51% (1290/2528)   Receiving objects:  52% (1315/2528)   Receiving objects:  53% (1340/2528)   Receiving objects:  54% (1366/2528)   Receiving objects:  55% (1391/2528)   Receiving objects:  56% (1416/2528)   Receiving objects:  57% (1441/2528)   Receiving objects:  58% (1467/2528)   Receiving objects:  59% (1492/2528)   Receiving objects:  60% (1517/2528)   Receiving objects:  61% (1543/2528)   Receiving objects:  62% (1568/2528)   Receiving objects:  63% (1593/2528)   Receiving objects:  64% (1618/2528)   Receiving objects:  65% (1644/2528)   Receiving objects:  66% (1669/2528)   Receiving objects:  67% (1694/2528)   Receiving objects:  68% (1720/2528)   Receiving objects:  69% (1745/2528)   Receiving objects:  70% (1770/2528)   Receiving objects:  71% (1795/2528)   Receiving objects:  72% (1821/2528)   Receiving objects:  73% (1846/2528)   Receiving objects:  74% (1871/2528)   Receiving objects:  75% (1896/2528)   Receiving objects:  76% (1922/2528)   Receiving objects:  77% (1947/2528)   Receiving objects:  78% (1972/2528)   Receiving objects:  79% (1998/2528)   Receiving objects:  80% (2023/2528)   Receiving objects:  81% (2048/2528)   Receiving objects:  82% (2073/2528)   Receiving objects:  83% (2099/2528)   Receiving objects:  84% (2124/2528)   Receiving objects:  85% (2149/2528)   Receiving objects:  86% (2175/2528)   Receiving objects:  87% (2200/2528)   Receiving objects:  88% (2225/2528)   Receiving objects:  89% (2250/2528)   Receiving objects:  90% (2276/2528)   Receiving objects:  91% (2301/2528)   Receiving objects:  92% (2326/2528)   Receiving objects:  93% (2352/2528)   remote: Total 2528 (delta 960), reused 1364 (delta 517), pack-reused 0[K
Receiving objects:  94% (2377/2528)   Receiving objects:  95% (2402/2528)   Receiving objects:  96% (2427/2528)   Receiving objects:  97% (2453/2528)   Receiving objects:  98% (2478/2528)   Receiving objects:  99% (2503/2528)   Receiving objects: 100% (2528/2528)   Receiving objects: 100% (2528/2528), 3.64 MiB | 0 bytes/s, done.
Resolving deltas:   0% (0/960)   Resolving deltas:   2% (22/960)   Resolving deltas:   5% (51/960)   Resolving deltas:   6% (59/960)   Resolving deltas:   7% (70/960)   Resolving deltas:   8% (77/960)   Resolving deltas:  11% (110/960)   Resolving deltas:  12% (120/960)   Resolving deltas:  14% (138/960)   Resolving deltas:  15% (144/960)   Resolving deltas:  16% (154/960)   Resolving deltas:  17% (164/960)   Resolving deltas:  18% (174/960)   Resolving deltas:  20% (194/960)   Resolving deltas:  21% (202/960)   Resolving deltas:  22% (212/960)   Resolving deltas:  23% (221/960)   Resolving deltas:  24% (235/960)   Resolving deltas:  25% (240/960)   Resolving deltas:  26% (250/960)   Resolving deltas:  27% (260/960)   Resolving deltas:  28% (272/960)   Resolving deltas:  29% (280/960)   Resolving deltas:  30% (288/960)   Resolving deltas:  31% (303/960)   Resolving deltas:  32% (309/960)   Resolving deltas:  33% (317/960)   Resolving deltas:  34% (327/960)   Resolving deltas:  35% (345/960)   Resolving deltas:  36% (347/960)   Resolving deltas:  37% (356/960)   Resolving deltas:  38% (370/960)   Resolving deltas:  39% (375/960)   Resolving deltas:  40% (387/960)   Resolving deltas:  41% (394/960)   Resolving deltas:  42% (405/960)   Resolving deltas:  44% (424/960)   Resolving deltas:  45% (432/960)   Resolving deltas:  46% (442/960)   Resolving deltas:  47% (452/960)   Resolving deltas:  48% (462/960)   Resolving deltas:  49% (471/960)   Resolving deltas:  50% (480/960)   Resolving deltas:  51% (490/960)   Resolving deltas:  54% (524/960)   Resolving deltas:  55% (531/960)   Resolving deltas:  64% (619/960)   Resolving deltas:  65% (626/960)   Resolving deltas:  66% (637/960)   Resolving deltas:  67% (650/960)   Resolving deltas:  70% (675/960)   Resolving deltas:  71% (683/960)   Resolving deltas:  72% (692/960)   Resolving deltas:  73% (702/960)   Resolving deltas:  74% (713/960)   Resolving deltas:  75% (721/960)   Resolving deltas:  76% (731/960)   Resolving deltas:  77% (742/960)   Resolving deltas:  78% (749/960)   Resolving deltas:  79% (759/960)   Resolving deltas:  80% (768/960)   Resolving deltas:  81% (780/960)   Resolving deltas:  82% (793/960)   Resolving deltas:  83% (799/960)   Resolving deltas:  84% (807/960)   Resolving deltas:  86% (835/960)   Resolving deltas:  87% (837/960)   Resolving deltas:  88% (847/960)   Resolving deltas:  89% (855/960)   Resolving deltas:  90% (864/960)   Resolving deltas:  91% (875/960)   Resolving deltas:  92% (885/960)   Resolving deltas:  93% (897/960)   Resolving deltas:  94% (903/960)   Resolving deltas:  95% (912/960)   Resolving deltas:  96% (925/960)   Resolving deltas:  97% (934/960)   Resolving deltas:  98% (941/960)   Resolving deltas:  99% (951/960)   Resolving deltas: 100% (960/960)   Resolving deltas: 100% (960/960), done.
Checking connectivity... done.

travis_time:end:22ef9168:start=1462372010027337943,finish=1462372011236715350,duration=1209377407[0K$ cd checkstyle/checkstyle
travis_time:start:0560e840[0K$ git fetch origin +refs/pull/3154/merge:
remote: Counting objects: 51, done.[K
remote: Compressing objects:   4% (1/22)   [Kremote: Compressing objects:   9% (2/22)   [Kremote: Compressing objects:  13% (3/22)   [Kremote: Compressing objects:  18% (4/22)   [Kremote: Compressing objects:  22% (5/22)   [Kremote: Compressing objects:  27% (6/22)   [Kremote: Compressing objects:  31% (7/22)   [Kremote: Compressing objects:  36% (8/22)   [Kremote: Compressing objects:  40% (9/22)   [Kremote: Compressing objects:  45% (10/22)   [Kremote: Compressing objects:  50% (11/22)   [Kremote: Compressing objects:  54% (12/22)   [Kremote: Compressing objects:  59% (13/22)   [Kremote: Compressing objects:  63% (14/22)   [Kremote: Compressing objects:  68% (15/22)   [Kremote: Compressing objects:  72% (16/22)   [Kremote: Compressing objects:  77% (17/22)   [Kremote: Compressing objects:  81% (18/22)   [Kremote: Compressing objects:  86% (19/22)   [Kremote: Compressing objects:  90% (20/22)   [Kremote: Compressing objects:  95% (21/22)   [Kremote: Compressing objects: 100% (22/22)   [Kremote: Compressing objects: 100% (22/22), done.[K
remote: Total 51 (delta 16), reused 44 (delta 9), pack-reused 0[K
Unpacking objects:   1% (1/51)   Unpacking objects:   3% (2/51)   Unpacking objects:   5% (3/51)   Unpacking objects:   7% (4/51)   Unpacking objects:   9% (5/51)   Unpacking objects:  11% (6/51)   Unpacking objects:  13% (7/51)   Unpacking objects:  15% (8/51)   Unpacking objects:  17% (9/51)   Unpacking objects:  19% (10/51)   Unpacking objects:  21% (11/51)   Unpacking objects:  23% (12/51)   Unpacking objects:  25% (13/51)   Unpacking objects:  27% (14/51)   Unpacking objects:  29% (15/51)   Unpacking objects:  31% (16/51)   Unpacking objects:  33% (17/51)   Unpacking objects:  35% (18/51)   Unpacking objects:  37% (19/51)   Unpacking objects:  39% (20/51)   Unpacking objects:  41% (21/51)   Unpacking objects:  43% (22/51)   Unpacking objects:  45% (23/51)   Unpacking objects:  47% (24/51)   Unpacking objects:  49% (25/51)   Unpacking objects:  50% (26/51)   Unpacking objects:  52% (27/51)   Unpacking objects:  54% (28/51)   Unpacking objects:  56% (29/51)   Unpacking objects:  58% (30/51)   Unpacking objects:  60% (31/51)   Unpacking objects:  62% (32/51)   Unpacking objects:  64% (33/51)   Unpacking objects:  66% (34/51)   Unpacking objects:  68% (35/51)   Unpacking objects:  70% (36/51)   Unpacking objects:  72% (37/51)   Unpacking objects:  74% (38/51)   Unpacking objects:  76% (39/51)   Unpacking objects:  78% (40/51)   Unpacking objects:  80% (41/51)   Unpacking objects:  82% (42/51)   Unpacking objects:  84% (43/51)   Unpacking objects:  86% (44/51)   Unpacking objects:  88% (45/51)   Unpacking objects:  90% (46/51)   Unpacking objects:  92% (47/51)   Unpacking objects:  94% (48/51)   Unpacking objects:  96% (49/51)   Unpacking objects:  98% (50/51)   Unpacking objects: 100% (51/51)   Unpacking objects: 100% (51/51), done.
From https://github.com/checkstyle/checkstyle
 * branch            refs/pull/3154/merge -> FETCH_HEAD

travis_time:end:0560e840:start=1462372011241189813,finish=1462372011696131926,duration=454942113[0K$ git checkout -qf FETCH_HEAD
travis_fold:end:git.checkout[0K
[33;1mThis job is running on container-based infrastructure, which does not allow use of 'sudo', setuid and setguid executables.[0m
[33;1mIf you require sudo, add 'sudo: required' to your .travis.yml[0m
[33;1mSee https://docs.travis-ci.com/user/workers/container-based-infrastructure/ for details.[0m

[33;1mSetting environment variables from repository settings[0m
$ export CI_DEPLOY_USERNAME=[secure]
$ export CI_DEPLOY_PASSWORD=[secure]
$ export GITHUB_AUTH_TOKEN=[secure]

[33;1mSetting environment variables from .travis.yml[0m
$ export DESC="checkstyle and sevntu-checkstyle"
$ export CMD="mvn clean verify -DskipTests -DskipITs -Dpmd.skip=true -Dfindbugs.skip=true -Dcobertura.skip=true"
$ export COVERAGE_CMD=""

$ jdk_switcher use oraclejdk7
Switching to Oracle JDK7 (java-7-oracle), JAVA_HOME will be set to /usr/lib/jvm/java-7-oracle
travis_fold:start:cache.1[0KSetting up build cache
$ export CASHER_DIR=$HOME/.casher
travis_time:start:00f7162b[0K$ Installing caching utilities

travis_time:end:00f7162b:start=1462372013971003298,finish=1462372014070815564,duration=99812266[0Ktravis_time:start:0a8c52af[0K
travis_time:end:0a8c52af:start=1462372014075264550,finish=1462372014078319370,duration=3054820[0Ktravis_time:start:2cb54573[0K[32;1mattempting to download cache archive[0m
[32;1mfetching PR.3154/cache--jdk-oraclejdk7.tgz[0m
[32;1mfound cache[0m

travis_time:end:2cb54573:start=1462372014081957454,finish=1462372016800900366,duration=2718942912[0Ktravis_time:start:14cdf4d8[0K
travis_time:end:14cdf4d8:start=1462372016804682088,finish=1462372016807921822,duration=3239734[0Ktravis_time:start:0666e580[0K[32;1madding /home/travis/.m2 to cache[0m

travis_time:end:0666e580:start=1462372016811606458,finish=1462372019914357920,duration=3102751462[0Ktravis_fold:end:cache.1[0K$ java -Xmx32m -version
java version "1.7.0_76"
Java(TM) SE Runtime Environment (build 1.7.0_76-b13)
Java HotSpot(TM) 64-Bit Server VM (build 24.76-b04, mixed mode)
$ javac -J-Xmx32m -version
javac 1.7.0_76
travis_fold:start:install[0Ktravis_time:start:0a25a2a2[0K$ 

travis_time:end:0a25a2a2:start=1462372020316543995,finish=1462372020320179042,duration=3635047[0Ktravis_fold:end:install[0Ktravis_time:start:25516350[0K$ eval $CMD
[INFO] Scanning for projects...
[INFO] Inspecting build with total of 1 modules...
[INFO] Installing Nexus Staging features:
[INFO]   ... total of 1 executions of maven-deploy-plugin replaced with nexus-staging-maven-plugin
[INFO]                                                                         
[INFO] ------------------------------------------------------------------------
[INFO] Building checkstyle 6.19-SNAPSHOT
[INFO] ------------------------------------------------------------------------
Downloading: https://repository.apache.org/releases/junit/junit-dep/maven-metadata.xml
Downloading: https://nexus.codehaus.org/snapshots/junit/junit-dep/maven-metadata.xml
Downloading: https://repository.apache.org/snapshots/junit/junit-dep/maven-metadata.xml
Downloading: https://oss.sonatype.org/content/repositories/releases/junit/junit-dep/maven-metadata.xml
563/563 B               Downloaded: https://oss.sonatype.org/content/repositories/releases/junit/junit-dep/maven-metadata.xml (563 B at 0.8 KB/sec)
                        [WARNING] Could not transfer metadata junit:junit-dep/maven-metadata.xml from/to codehaus-snapshots (https://nexus.codehaus.org/snapshots/): nexus.codehaus.org: Name or service not known
[INFO] 
[INFO] --- maven-clean-plugin:3.0.0:clean (default-clean) @ checkstyle ---
[INFO] 
[INFO] --- maven-enforcer-plugin:1.4.1:enforce (enforce-maven) @ checkstyle ---
[INFO] 
[INFO] --- maven-enforcer-plugin:1.4.1:enforce (enforce-versions) @ checkstyle ---
[INFO] 
[INFO] --- antlr-maven-plugin:2.2:generate (default) @ checkstyle ---
[INFO] performing grammar generation [java.g]
ANTLR Parser Generator   Version 2.7.7 (20060906)   1989-2005
/home/travis/build/checkstyle/checkstyle/src/main/resources/com/puppycrawl/tools/checkstyle/grammars/java.g:632:9: warning:nondeterminism between alts 1 and 2 of block upon
/home/travis/build/checkstyle/checkstyle/src/main/resources/com/puppycrawl/tools/checkstyle/grammars/java.g:632:9:     k==1:AT
/home/travis/build/checkstyle/checkstyle/src/main/resources/com/puppycrawl/tools/checkstyle/grammars/java.g:632:9:     k==2:IDENT
/home/travis/build/checkstyle/checkstyle/src/main/resources/com/puppycrawl/tools/checkstyle/grammars/java.g:779:16: warning:nondeterminism between alts 1 and 2 of block upon
/home/travis/build/checkstyle/checkstyle/src/main/resources/com/puppycrawl/tools/checkstyle/grammars/java.g:779:16:     k==1:AT
/home/travis/build/checkstyle/checkstyle/src/main/resources/com/puppycrawl/tools/checkstyle/grammars/java.g:779:16:     k==2:IDENT
/home/travis/build/checkstyle/checkstyle/src/main/resources/com/puppycrawl/tools/checkstyle/grammars/java.g:815:61: warning:nondeterminism between alts 1 and 2 of block upon
/home/travis/build/checkstyle/checkstyle/src/main/resources/com/puppycrawl/tools/checkstyle/grammars/java.g:815:61:     k==1:SEMI
/home/travis/build/checkstyle/checkstyle/src/main/resources/com/puppycrawl/tools/checkstyle/grammars/java.g:815:61:     k==2:"final","abstract","strictfp",SEMI,"void","boolean","byte","char","short","int","float","long","double",IDENT,"private","public","protected","static","transient","native","synchronized","volatile","class","interface",LCURLY,RCURLY,"default",LT,ENUM,AT
/home/travis/build/checkstyle/checkstyle/src/main/resources/com/puppycrawl/tools/checkstyle/grammars/java.g:704:9: warning:nondeterminism between alts 1 and 2 of block upon
/home/travis/build/checkstyle/checkstyle/src/main/resources/com/puppycrawl/tools/checkstyle/grammars/java.g:704:9:     k==1:AT
/home/travis/build/checkstyle/checkstyle/src/main/resources/com/puppycrawl/tools/checkstyle/grammars/java.g:704:9:     k==2:IDENT
/home/travis/build/checkstyle/checkstyle/src/main/resources/com/puppycrawl/tools/checkstyle/grammars/java.g:960: warning:Syntactic predicate superfluous for single alternative
/home/travis/build/checkstyle/checkstyle/src/main/resources/com/puppycrawl/tools/checkstyle/grammars/java.g:986:31: warning:nondeterminism between alts 1 and 2 of block upon
/home/travis/build/checkstyle/checkstyle/src/main/resources/com/puppycrawl/tools/checkstyle/grammars/java.g:986:31:     k==1:IDENT
/home/travis/build/checkstyle/checkstyle/src/main/resources/com/puppycrawl/tools/checkstyle/grammars/java.g:986:31:     k==2:LBRACK
/home/travis/build/checkstyle/checkstyle/src/main/resources/com/puppycrawl/tools/checkstyle/grammars/java.g:1042:84: warning:nondeterminism between alts 1 and 2 of block upon
/home/travis/build/checkstyle/checkstyle/src/main/resources/com/puppycrawl/tools/checkstyle/grammars/java.g:1042:84:     k==1:SEMI
/home/travis/build/checkstyle/checkstyle/src/main/resources/com/puppycrawl/tools/checkstyle/grammars/java.g:1042:84:     k==2:"final","abstract","strictfp",SEMI,"void","boolean","byte","char","short","int","float","long","double",IDENT,STAR,"private","public","protected","static","transient","native","synchronized","volatile","class",LCURLY,RCURLY,LPAREN,RPAREN,"this","super",COLON,"if","while","do","break","continue","return","switch","throw","for","else","case","default","try",LT,GT,LE,GE,"instanceof",SL,SR,BSR,PLUS,MINUS,DIV,MOD,INC,DEC,BNOT,LNOT,"true","false","null","new",NUM_INT,CHAR_LITERAL,STRING_LITERAL,NUM_FLOAT,NUM_LONG,NUM_DOUBLE,ASSERT,AT
/home/travis/build/checkstyle/checkstyle/src/main/resources/com/puppycrawl/tools/checkstyle/grammars/java.g:1142:9: warning:nondeterminism between alts 1 and 2 of block upon
/home/travis/build/checkstyle/checkstyle/src/main/resources/com/puppycrawl/tools/checkstyle/grammars/java.g:1142:9:     k==1:"default"
/home/travis/build/checkstyle/checkstyle/src/main/resources/com/puppycrawl/tools/checkstyle/grammars/java.g:1142:9:     k==2:"final","abstract","strictfp",SEMI,"void","boolean","byte","char","short","int","float","long","double",IDENT,STAR,"private","public","protected","static","transient","native","synchronized","volatile","class",LCURLY,RCURLY,LPAREN,RPAREN,"this","super",COLON,"if","while","do","break","continue","return","switch","throw","for","case","default","try",LT,GT,LE,GE,"instanceof",SL,SR,BSR,PLUS,MINUS,DIV,MOD,INC,DEC,BNOT,LNOT,"true","false","null","new",NUM_INT,CHAR_LITERAL,STRING_LITERAL,NUM_FLOAT,NUM_LONG,NUM_DOUBLE,ASSERT,AT
/home/travis/build/checkstyle/checkstyle/src/main/resources/com/puppycrawl/tools/checkstyle/grammars/java.g:1350:26: warning:nondeterminism between alts 1 and 2 of block upon
/home/travis/build/checkstyle/checkstyle/src/main/resources/com/puppycrawl/tools/checkstyle/grammars/java.g:1350:26:     k==1:"instanceof"
/home/travis/build/checkstyle/checkstyle/src/main/resources/com/puppycrawl/tools/checkstyle/grammars/java.g:1350:26:     k==2:"void","boolean","byte","char","short","int","float","long","double",IDENT,AT
/home/travis/build/checkstyle/checkstyle/src/main/resources/com/puppycrawl/tools/checkstyle/grammars/java.g:1365: warning:nondeterminism upon
/home/travis/build/checkstyle/checkstyle/src/main/resources/com/puppycrawl/tools/checkstyle/grammars/java.g:1365:     k==1:SL,SR,BSR
/home/travis/build/checkstyle/checkstyle/src/main/resources/com/puppycrawl/tools/checkstyle/grammars/java.g:1365:     k==2:"void","boolean","byte","char","short","int","float","long","double",IDENT,LPAREN,"this","super",PLUS,MINUS,INC,DEC,BNOT,LNOT,"true","false","null","new",NUM_INT,CHAR_LITERAL,STRING_LITERAL,NUM_FLOAT,NUM_LONG,NUM_DOUBLE,AT
/home/travis/build/checkstyle/checkstyle/src/main/resources/com/puppycrawl/tools/checkstyle/grammars/java.g:1365:     between alt 1 and exit branch of block
/home/travis/build/checkstyle/checkstyle/src/main/resources/com/puppycrawl/tools/checkstyle/grammars/java.g:1378: warning:nondeterminism upon
/home/travis/build/checkstyle/checkstyle/src/main/resources/com/puppycrawl/tools/checkstyle/grammars/java.g:1378:     k==1:STAR,DIV,MOD
/home/travis/build/checkstyle/checkstyle/src/main/resources/com/puppycrawl/tools/checkstyle/grammars/java.g:1378:     k==2:"void","boolean","byte","char","short","int","float","long","double",IDENT,LPAREN,"this","super",PLUS,MINUS,INC,DEC,BNOT,LNOT,"true","false","null","new",NUM_INT,CHAR_LITERAL,STRING_LITERAL,NUM_FLOAT,NUM_LONG,NUM_DOUBLE,AT
/home/travis/build/checkstyle/checkstyle/src/main/resources/com/puppycrawl/tools/checkstyle/grammars/java.g:1378:     between alt 1 and exit branch of block
/home/travis/build/checkstyle/checkstyle/src/main/resources/com/puppycrawl/tools/checkstyle/grammars/java.g:1476:9: warning:nondeterminism between alts 1 and 3 of block upon
/home/travis/build/checkstyle/checkstyle/src/main/resources/com/puppycrawl/tools/checkstyle/grammars/java.g:1476:9:     k==1:INC
/home/travis/build/checkstyle/checkstyle/src/main/resources/com/puppycrawl/tools/checkstyle/grammars/java.g:1476:9:     k==2:"final","abstract","strictfp",SEMI,RBRACK,"void","boolean","byte","char","short","int","float","long","double",IDENT,STAR,"private","public","protected","static","transient","native","synchronized","volatile","class","interface",LCURLY,RCURLY,COMMA,LPAREN,RPAREN,"this","super",ASSIGN,COLON,"if","while","do","break","continue","return","switch","throw","for","else","case","default","try",PLUS_ASSIGN,MINUS_ASSIGN,STAR_ASSIGN,DIV_ASSIGN,MOD_ASSIGN,SR_ASSIGN,BSR_ASSIGN,SL_ASSIGN,BAND_ASSIGN,BXOR_ASSIGN,BOR_ASSIGN,QUESTION,LOR,LAND,BOR,BXOR,BAND,NOT_EQUAL,EQUAL,LT,GT,LE,GE,"instanceof",SL,SR,BSR,PLUS,MINUS,DIV,MOD,INC,DEC,BNOT,LNOT,"true","false","null","new",NUM_INT,CHAR_LITERAL,STRING_LITERAL,NUM_FLOAT,NUM_LONG,NUM_DOUBLE,ASSERT,ENUM,AT
/home/travis/build/checkstyle/checkstyle/src/main/resources/com/puppycrawl/tools/checkstyle/grammars/java.g:1476:9: warning:nondeterminism between alts 2 and 3 of block upon
/home/travis/build/checkstyle/checkstyle/src/main/resources/com/puppycrawl/tools/checkstyle/grammars/java.g:1476:9:     k==1:DEC
/home/travis/build/checkstyle/checkstyle/src/main/resources/com/puppycrawl/tools/checkstyle/grammars/java.g:1476:9:     k==2:"final","abstract","strictfp",SEMI,RBRACK,"void","boolean","byte","char","short","int","float","long","double",IDENT,STAR,"private","public","protected","static","transient","native","synchronized","volatile","class","interface",LCURLY,RCURLY,COMMA,LPAREN,RPAREN,"this","super",ASSIGN,COLON,"if","while","do","break","continue","return","switch","throw","for","else","case","default","try",PLUS_ASSIGN,MINUS_ASSIGN,STAR_ASSIGN,DIV_ASSIGN,MOD_ASSIGN,SR_ASSIGN,BSR_ASSIGN,SL_ASSIGN,BAND_ASSIGN,BXOR_ASSIGN,BOR_ASSIGN,QUESTION,LOR,LAND,BOR,BXOR,BAND,NOT_EQUAL,EQUAL,LT,GT,LE,GE,"instanceof",SL,SR,BSR,PLUS,MINUS,DIV,MOD,INC,DEC,BNOT,LNOT,"true","false","null","new",NUM_INT,CHAR_LITERAL,STRING_LITERAL,NUM_FLOAT,NUM_LONG,NUM_DOUBLE,ASSERT,ENUM,AT
/home/travis/build/checkstyle/checkstyle/src/main/resources/com/puppycrawl/tools/checkstyle/grammars/java.g:1556:36: warning:nondeterminism between alts 1 and 2 of block upon
/home/travis/build/checkstyle/checkstyle/src/main/resources/com/puppycrawl/tools/checkstyle/grammars/java.g:1556:36:     k==1:LCURLY
/home/travis/build/checkstyle/checkstyle/src/main/resources/com/puppycrawl/tools/checkstyle/grammars/java.g:1556:36:     k==2:"final","abstract","strictfp",SEMI,"void","boolean","byte","char","short","int","float","long","double",IDENT,"private","public","protected","static","transient","native","synchronized","volatile","class","interface",LCURLY,RCURLY,"default",LT,ENUM,AT
/home/travis/build/checkstyle/checkstyle/src/main/resources/com/puppycrawl/tools/checkstyle/grammars/java.g:1566:33: warning:nondeterminism between alts 1 and 2 of block upon
/home/travis/build/checkstyle/checkstyle/src/main/resources/com/puppycrawl/tools/checkstyle/grammars/java.g:1566:33:     k==1:LCURLY
/home/travis/build/checkstyle/checkstyle/src/main/resources/com/puppycrawl/tools/checkstyle/grammars/java.g:1566:33:     k==2:"void","boolean","byte","char","short","int","float","long","double",IDENT,LCURLY,RCURLY,COMMA,LPAREN,"this","super",PLUS,MINUS,INC,DEC,BNOT,LNOT,"true","false","null","new",NUM_INT,CHAR_LITERAL,STRING_LITERAL,NUM_FLOAT,NUM_LONG,NUM_DOUBLE,AT
/home/travis/build/checkstyle/checkstyle/src/main/resources/com/puppycrawl/tools/checkstyle/grammars/java.g:1609:17: warning:nondeterminism between alts 1 and 2 of block upon
/home/travis/build/checkstyle/checkstyle/src/main/resources/com/puppycrawl/tools/checkstyle/grammars/java.g:1609:17:     k==1:RPAREN
/home/travis/build/checkstyle/checkstyle/src/main/resources/com/puppycrawl/tools/checkstyle/grammars/java.g:1609:17:     k==2:LAMBDA

[INFO] 
[INFO] --- antlr4-maven-plugin:4.5.3:antlr4 (default) @ checkstyle ---
[INFO] ANTLR 4: Processing source directory /home/travis/build/checkstyle/checkstyle/src/main/resources
[INFO] Processing grammar: com/puppycrawl/tools/checkstyle/grammars/javadoc/JavadocLexer.g4
[INFO] Processing grammar: com/puppycrawl/tools/checkstyle/grammars/javadoc/JavadocParser.g4
[INFO] 
[INFO] --- build-helper-maven-plugin:1.10:add-source (add-source) @ checkstyle ---
[INFO] Source directory: /home/travis/build/checkstyle/checkstyle/target/generated-sources/antlr added.
[INFO] 
[INFO] --- maven-resources-plugin:2.7:resources (default-resources) @ checkstyle ---
[INFO] Using 'UTF-8' encoding to copy filtered resources.
[INFO] Copying 161 resources
[INFO] Copying 1 resource
[INFO] 
[INFO] --- build-helper-maven-plugin:1.10:add-test-source (add-test-source) @ checkstyle ---
[INFO] Test Source directory: /home/travis/build/checkstyle/checkstyle/src/test/resources added.
[INFO] 
[INFO] --- build-helper-maven-plugin:1.10:add-test-source (add-it-test-source) @ checkstyle ---
[INFO] Test Source directory: /home/travis/build/checkstyle/checkstyle/src/it/java added.
[INFO] 
[INFO] --- build-helper-maven-plugin:1.10:add-test-source (add-it-test-resource) @ checkstyle ---
[INFO] Test Source directory: /home/travis/build/checkstyle/checkstyle/src/it/resources added.
[INFO] 
[INFO] --- maven-compiler-plugin:3.5.1:compile (default-compile) @ checkstyle ---
[INFO] Changes detected - recompiling the module!
[INFO] Compiling 343 source files to /home/travis/build/checkstyle/checkstyle/target/classes
[INFO] /home/travis/build/checkstyle/checkstyle/src/main/java/com/puppycrawl/tools/checkstyle/checks/javadoc/JavadocMethodCheck.java: /home/travis/build/checkstyle/checkstyle/src/main/java/com/puppycrawl/tools/checkstyle/checks/javadoc/JavadocMethodCheck.java uses or overrides a deprecated API.
[INFO] /home/travis/build/checkstyle/checkstyle/src/main/java/com/puppycrawl/tools/checkstyle/checks/javadoc/JavadocMethodCheck.java: Recompile with -Xlint:deprecation for details.
[INFO] /home/travis/build/checkstyle/checkstyle/src/main/java/com/puppycrawl/tools/checkstyle/api/AutomaticBean.java: Some input files use unchecked or unsafe operations.
[INFO] /home/travis/build/checkstyle/checkstyle/src/main/java/com/puppycrawl/tools/checkstyle/api/AutomaticBean.java: Recompile with -Xlint:unchecked for details.
[INFO] 
[INFO] --- maven-antrun-plugin:1.8:run (ant-phase-compile) @ checkstyle ---
[INFO] Executing tasks

main:

execute:
[propertyfile] Creating new property file: /home/travis/build/checkstyle/checkstyle/target/classes/checkstylecompilation.properties
  [javadoc] Generating Javadoc
  [javadoc] Javadoc execution
  [javadoc] Loading source file /home/travis/build/checkstyle/checkstyle/src/main/java/com/puppycrawl/tools/checkstyle/api/TokenTypes.java...
  [javadoc] Constructing Javadoc information...
[INFO] Executed tasks
[INFO] 
[INFO] --- maven-resources-plugin:2.7:testResources (default-testResources) @ checkstyle ---
[INFO] Using 'UTF-8' encoding to copy filtered resources.
[INFO] Copying 623 resources
[INFO] 
[INFO] --- maven-compiler-plugin:3.5.1:testCompile (default-testCompile) @ checkstyle ---
[INFO] Changes detected - recompiling the module!
[INFO] Compiling 912 source files to /home/travis/build/checkstyle/checkstyle/target/test-classes
[INFO] /home/travis/build/checkstyle/checkstyle/src/test/java/com/puppycrawl/tools/checkstyle/checks/javadoc/AbstractTypeAwareCheckTest.java: Some input files use or override a deprecated API.
[INFO] /home/travis/build/checkstyle/checkstyle/src/test/java/com/puppycrawl/tools/checkstyle/checks/javadoc/AbstractTypeAwareCheckTest.java: Recompile with -Xlint:deprecation for details.
[INFO] 
[INFO] --- maven-surefire-plugin:2.19.1:test (default-test) @ checkstyle ---
[INFO] Tests are skipped.
[INFO] 
[INFO] --- xml-maven-plugin:1.0.1:validate (default) @ checkstyle ---
[INFO] 
[INFO] --- maven-jar-plugin:2.6:jar (default-jar) @ checkstyle ---
[INFO] Building jar: /home/travis/build/checkstyle/checkstyle/target/checkstyle-6.19-SNAPSHOT.jar
[INFO] 
[INFO] --- maven-jar-plugin:2.6:test-jar (default) @ checkstyle ---
[INFO] Building jar: /home/travis/build/checkstyle/checkstyle/target/checkstyle-6.19-SNAPSHOT-tests.jar
[INFO] 
[INFO] --- maven-failsafe-plugin:2.19.1:integration-test (integration-test) @ checkstyle ---
[INFO] Tests are skipped.
[INFO] 
[INFO] --- maven-checkstyle-plugin:2.17:check (sevntu-checkstyle-check) @ checkstyle ---
[INFO] 
[INFO] --- maven-failsafe-plugin:2.19.1:verify (verify) @ checkstyle ---
[INFO] Tests are skipped.
[INFO] 
[INFO] --- maven-antrun-plugin:1.8:run (ant-phase-verify) @ checkstyle ---
[INFO] Executing tasks

main:

execute:
     [echo] Checkstyle started: 04/05/2016 02:27:47 PM
[checkstyle] Running Checkstyle 6.19-SNAPSHOT on 900 files
[checkstyle] [ERROR] /home/travis/build/checkstyle/checkstyle/src/test/java/com/puppycrawl/tools/checkstyle/checks/coding/IllegalTokenCheckTest.java:85: 'array initialization' child have incorrect indentation level 16, expected level should be 12. [Indentation]
[checkstyle] [ERROR] /home/travis/build/checkstyle/checkstyle/src/test/java/com/puppycrawl/tools/checkstyle/checks/coding/IllegalTokenCheckTest.java:85:58: '+' should be on a new line. [OperatorWrap]
[checkstyle] [ERROR] /home/travis/build/checkstyle/checkstyle/src/test/java/com/puppycrawl/tools/checkstyle/checks/coding/IllegalTokenCheckTest.java:86:56: '+' should be on a new line. [OperatorWrap]
[checkstyle] [ERROR] /home/travis/build/checkstyle/checkstyle/src/test/java/com/puppycrawl/tools/checkstyle/checks/coding/IllegalTokenCheckTest.java:88: 'array initialization' child have incorrect indentation level 16, expected level should be 12. [Indentation]
[checkstyle] [ERROR] /home/travis/build/checkstyle/checkstyle/src/test/java/com/puppycrawl/tools/checkstyle/checks/coding/IllegalTokenCheckTest.java:89: 'array initialization' child have incorrect indentation level 16, expected level should be 12. [Indentation]
     [echo] Checkstyle finished: 04/05/2016 02:28:36 PM
[INFO] ------------------------------------------------------------------------
[INFO] BUILD FAILURE
[INFO] ------------------------------------------------------------------------
[INFO] Total time: 01:34 min
[INFO] Finished at: 2016-05-04T14:28:36+00:00
[INFO] Final Memory: 53M/503M
[INFO] ------------------------------------------------------------------------
[ERROR] Failed to execute goal org.apache.maven.plugins:maven-antrun-plugin:1.8:run (ant-phase-verify) on project checkstyle: An Ant BuildException has occured: The following error occurred while executing this line:
[ERROR] /home/travis/build/checkstyle/checkstyle/config/ant-phase-verify.xml:50: Checkstyle failed: Got 5 errors and 0 warnings.
[ERROR] around Ant part ...<ant antfile="config/ant-phase-verify.xml"/>... @ 7:47 in /home/travis/build/checkstyle/checkstyle/target/antrun/build-main.xml
[ERROR] -> [Help 1]
[ERROR] 
[ERROR] To see the full stack trace of the errors, re-run Maven with the -e switch.
[ERROR] Re-run Maven using the -X switch to enable full debug logging.
[ERROR] 
[ERROR] For more information about the errors and possible solutions, please read the following articles:
[ERROR] [Help 1] http://cwiki.apache.org/confluence/display/MAVEN/MojoExecutionException

travis_time:end:25516350:start=1462372020324420157,finish=1462372117887436539,duration=97563016382[0K
[31;1mThe command "eval $CMD" exited with 1.[0m
travis_fold:start:cache.2[0Kstore build cache
travis_time:start:107bdde9[0K
travis_time:end:107bdde9:start=1462372117893946938,finish=1462372117899131003,duration=5184065[0Ktravis_time:start:09220540[0K[32;1mchange detected:
/home/travis/.m2/repository/junit/junit-dep/resolver-status.properties

[0m
[32;1mchanges detected, packing new archive[0m
.
[32;1muploading archive[0m

travis_time:end:09220540:start=1462372117903757742,finish=1462372138398745337,duration=20494987595[0Ktravis_fold:end:cache.2[0K
Done. Your build exited with 1.
