Using worker: worker-linux-docker-445c464a.prod.travis-ci.org:travis-linux-2

travis_fold:start:system_info[0K[33;1mBuild system information[0m
Build language: java
Build group: stable
Build dist: precise
Build id: 155501926
Job id: 155501927
travis-build version: dfcc6fb25
[34m[1mBuild image provisioning date and time[0m
Thu Feb  5 15:09:33 UTC 2015
[34m[1mOperating System Details[0m
Distributor ID:	Ubuntu
Description:	Ubuntu 12.04.5 LTS
Release:	12.04
Codename:	precise
[34m[1mLinux Version[0m
3.13.0-29-generic
[34m[1mCookbooks Version[0m
a68419e https://github.com/travis-ci/travis-cookbooks/tree/a68419e
[34m[1mGCC version[0m
gcc (Ubuntu/Linaro 4.6.3-1ubuntu5) 4.6.3
Copyright (C) 2011 Free Software Foundation, Inc.
This is free software; see the source for copying conditions.  There is NO
warranty; not even for MERCHANTABILITY or FITNESS FOR A PARTICULAR PURPOSE.

[34m[1mLLVM version[0m
clang version 3.4 (tags/RELEASE_34/final)
Target: x86_64-unknown-linux-gnu
Thread model: posix
[34m[1mPre-installed Ruby versions[0m
ruby-1.9.3-p551
[34m[1mPre-installed Node.js versions[0m
v0.10.36
[34m[1mPre-installed Go versions[0m
1.4.1
[34m[1mRedis version[0m
redis-server 2.8.19
[34m[1mriak version[0m
2.0.2
[34m[1mMongoDB version[0m
MongoDB 2.4.12
[34m[1mCouchDB version[0m
couchdb 1.6.1
[34m[1mNeo4j version[0m
1.9.4
[34m[1mRabbitMQ Version[0m
3.4.3
[34m[1mElasticSearch version[0m
1.4.0
[34m[1mInstalled Sphinx versions[0m
2.0.10
2.1.9
2.2.6
[34m[1mDefault Sphinx version[0m
2.2.6
[34m[1mInstalled Firefox version[0m
firefox 31.0esr
[34m[1mPhantomJS version[0m
1.9.8
[34m[1mant -version[0m
Apache Ant(TM) version 1.8.2 compiled on December 3 2011
[34m[1mmvn -version[0m
Apache Maven 3.2.5 (12a6b3acb947671f09b81f49094c53f426d8cea1; 2014-12-14T17:29:23+00:00)
Maven home: /usr/local/maven
Java version: 1.7.0_76, vendor: Oracle Corporation
Java home: /usr/lib/jvm/java-7-oracle/jre
Default locale: en_US, platform encoding: ANSI_X3.4-1968
OS name: "linux", version: "3.13.0-29-generic", arch: "amd64", family: "unix"
travis_fold:end:system_info[0K
travis_fold:start:fix.CVE-2015-7547[0K$ export DEBIAN_FRONTEND=noninteractive
W: Size of file /var/lib/apt/lists/us.archive.ubuntu.com_ubuntu_dists_precise-backports_multiverse_source_Sources.gz is not what the server reported 5886 5888
W: Size of file /var/lib/apt/lists/ppa.launchpad.net_ubuntugis_ppa_ubuntu_dists_precise_main_binary-amd64_Packages.gz is not what the server reported 33653 36677
W: Size of file /var/lib/apt/lists/ppa.launchpad.net_ubuntugis_ppa_ubuntu_dists_precise_main_binary-i386_Packages.gz is not what the server reported 33699 36733
Reading package lists...
Building dependency tree...
Reading state information...
The following extra packages will be installed:
  libc-bin libc-dev-bin libc6-dev
Suggested packages:
  glibc-doc
The following packages will be upgraded:
  libc-bin libc-dev-bin libc6 libc6-dev
4 upgraded, 0 newly installed, 0 to remove and 258 not upgraded.
Need to get 8,840 kB of archives.
After this operation, 14.3 kB disk space will be freed.
Get:1 http://us.archive.ubuntu.com/ubuntu/ precise-updates/main libc6-dev amd64 2.15-0ubuntu10.15 [2,943 kB]
Get:2 http://us.archive.ubuntu.com/ubuntu/ precise-updates/main libc-dev-bin amd64 2.15-0ubuntu10.15 [84.7 kB]
Get:3 http://us.archive.ubuntu.com/ubuntu/ precise-updates/main libc-bin amd64 2.15-0ubuntu10.15 [1,177 kB]
Get:4 http://us.archive.ubuntu.com/ubuntu/ precise-updates/main libc6 amd64 2.15-0ubuntu10.15 [4,636 kB]
Fetched 8,840 kB in 0s (33.7 MB/s)
Preconfiguring packages ...
(Reading database ... (Reading database ... 5%(Reading database ... 10%(Reading database ... 15%(Reading database ... 20%(Reading database ... 25%(Reading database ... 30%(Reading database ... 35%(Reading database ... 40%(Reading database ... 45%(Reading database ... 50%(Reading database ... 55%(Reading database ... 60%(Reading database ... 65%(Reading database ... 70%(Reading database ... 75%(Reading database ... 80%(Reading database ... 85%(Reading database ... 90%(Reading database ... 95%(Reading database ... 100%(Reading database ... 72019 files and directories currently installed.)
Preparing to replace libc6-dev 2.15-0ubuntu10.10 (using .../libc6-dev_2.15-0ubuntu10.15_amd64.deb) ...
Unpacking replacement libc6-dev ...
Preparing to replace libc-dev-bin 2.15-0ubuntu10.10 (using .../libc-dev-bin_2.15-0ubuntu10.15_amd64.deb) ...
Unpacking replacement libc-dev-bin ...
Preparing to replace libc-bin 2.15-0ubuntu10.10 (using .../libc-bin_2.15-0ubuntu10.15_amd64.deb) ...
Unpacking replacement libc-bin ...
Processing triggers for man-db ...
Setting up libc-bin (2.15-0ubuntu10.15) ...
(Reading database ... (Reading database ... 5%(Reading database ... 10%(Reading database ... 15%(Reading database ... 20%(Reading database ... 25%(Reading database ... 30%(Reading database ... 35%(Reading database ... 40%(Reading database ... 45%(Reading database ... 50%(Reading database ... 55%(Reading database ... 60%(Reading database ... 65%(Reading database ... 70%(Reading database ... 75%(Reading database ... 80%(Reading database ... 85%(Reading database ... 90%(Reading database ... 95%(Reading database ... 100%(Reading database ... 72018 files and directories currently installed.)
Preparing to replace libc6 2.15-0ubuntu10.10 (using .../libc6_2.15-0ubuntu10.15_amd64.deb) ...
Unpacking replacement libc6 ...
Setting up libc6 (2.15-0ubuntu10.15) ...
Setting up libc-dev-bin (2.15-0ubuntu10.15) ...
Setting up libc6-dev (2.15-0ubuntu10.15) ...
Processing triggers for libc-bin ...
ldconfig deferred processing now taking place
travis_fold:end:fix.CVE-2015-7547[0Ktravis_fold:start:git.checkout[0Ktravis_time:start:187af8d8[0K$ git clone --depth=50 --branch=refactoring/677-template https://github.com/Whiley/WhileyCompiler.git Whiley/WhileyCompiler
Cloning into 'Whiley/WhileyCompiler'...
remote: Counting objects: 4208, done.[K
remote: Compressing objects:   0% (1/2450)   [Kremote: Compressing objects:   1% (25/2450)   [Kremote: Compressing objects:   2% (49/2450)   [Kremote: Compressing objects:   3% (74/2450)   [Kremote: Compressing objects:   4% (98/2450)   [Kremote: Compressing objects:   5% (123/2450)   [Kremote: Compressing objects:   6% (147/2450)   [Kremote: Compressing objects:   7% (172/2450)   [Kremote: Compressing objects:   8% (196/2450)   [Kremote: Compressing objects:   9% (221/2450)   [Kremote: Compressing objects:  10% (245/2450)   [Kremote: Compressing objects:  11% (270/2450)   [Kremote: Compressing objects:  12% (294/2450)   [Kremote: Compressing objects:  13% (319/2450)   [Kremote: Compressing objects:  14% (343/2450)   [Kremote: Compressing objects:  15% (368/2450)   [Kremote: Compressing objects:  16% (392/2450)   [Kremote: Compressing objects:  17% (417/2450)   [Kremote: Compressing objects:  18% (441/2450)   [Kremote: Compressing objects:  19% (466/2450)   [Kremote: Compressing objects:  20% (490/2450)   [Kremote: Compressing objects:  21% (515/2450)   [Kremote: Compressing objects:  22% (539/2450)   [Kremote: Compressing objects:  23% (564/2450)   [Kremote: Compressing objects:  24% (588/2450)   [Kremote: Compressing objects:  25% (613/2450)   [Kremote: Compressing objects:  26% (637/2450)   [Kremote: Compressing objects:  27% (662/2450)   [Kremote: Compressing objects:  28% (686/2450)   [Kremote: Compressing objects:  29% (711/2450)   [Kremote: Compressing objects:  30% (735/2450)   [Kremote: Compressing objects:  31% (760/2450)   [Kremote: Compressing objects:  32% (784/2450)   [Kremote: Compressing objects:  33% (809/2450)   [Kremote: Compressing objects:  34% (833/2450)   [Kremote: Compressing objects:  35% (858/2450)   [Kremote: Compressing objects:  36% (882/2450)   [Kremote: Compressing objects:  37% (907/2450)   [Kremote: Compressing objects:  38% (931/2450)   [Kremote: Compressing objects:  39% (956/2450)   [Kremote: Compressing objects:  40% (980/2450)   [Kremote: Compressing objects:  41% (1005/2450)   [Kremote: Compressing objects:  42% (1029/2450)   [Kremote: Compressing objects:  43% (1054/2450)   [Kremote: Compressing objects:  44% (1078/2450)   [Kremote: Compressing objects:  45% (1103/2450)   [Kremote: Compressing objects:  46% (1127/2450)   [Kremote: Compressing objects:  47% (1152/2450)   [Kremote: Compressing objects:  48% (1176/2450)   [Kremote: Compressing objects:  49% (1201/2450)   [Kremote: Compressing objects:  50% (1225/2450)   [Kremote: Compressing objects:  51% (1250/2450)   [Kremote: Compressing objects:  52% (1274/2450)   [Kremote: Compressing objects:  53% (1299/2450)   [Kremote: Compressing objects:  54% (1323/2450)   [Kremote: Compressing objects:  55% (1348/2450)   [Kremote: Compressing objects:  56% (1372/2450)   [Kremote: Compressing objects:  57% (1397/2450)   [Kremote: Compressing objects:  58% (1421/2450)   [Kremote: Compressing objects:  59% (1446/2450)   [Kremote: Compressing objects:  60% (1470/2450)   [Kremote: Compressing objects:  61% (1495/2450)   [Kremote: Compressing objects:  62% (1519/2450)   [Kremote: Compressing objects:  63% (1544/2450)   [Kremote: Compressing objects:  64% (1568/2450)   [Kremote: Compressing objects:  65% (1593/2450)   [Kremote: Compressing objects:  66% (1617/2450)   [Kremote: Compressing objects:  67% (1642/2450)   [Kremote: Compressing objects:  68% (1666/2450)   [Kremote: Compressing objects:  69% (1691/2450)   [Kremote: Compressing objects:  70% (1715/2450)   [Kremote: Compressing objects:  71% (1740/2450)   [Kremote: Compressing objects:  72% (1764/2450)   [Kremote: Compressing objects:  73% (1789/2450)   [Kremote: Compressing objects:  74% (1813/2450)   [Kremote: Compressing objects:  75% (1838/2450)   [Kremote: Compressing objects:  76% (1862/2450)   [Kremote: Compressing objects:  77% (1887/2450)   [Kremote: Compressing objects:  78% (1911/2450)   [Kremote: Compressing objects:  79% (1936/2450)   [Kremote: Compressing objects:  80% (1960/2450)   [Kremote: Compressing objects:  81% (1985/2450)   [Kremote: Compressing objects:  82% (2009/2450)   [Kremote: Compressing objects:  83% (2034/2450)   [Kremote: Compressing objects:  84% (2058/2450)   [Kremote: Compressing objects:  85% (2083/2450)   [Kremote: Compressing objects:  86% (2107/2450)   [Kremote: Compressing objects:  87% (2132/2450)   [Kremote: Compressing objects:  88% (2156/2450)   [Kremote: Compressing objects:  89% (2181/2450)   [Kremote: Compressing objects:  90% (2205/2450)   [Kremote: Compressing objects:  91% (2230/2450)   [Kremote: Compressing objects:  92% (2254/2450)   [Kremote: Compressing objects:  93% (2279/2450)   [Kremote: Compressing objects:  94% (2303/2450)   [Kremote: Compressing objects:  95% (2328/2450)   [Kremote: Compressing objects:  96% (2352/2450)   [Kremote: Compressing objects:  97% (2377/2450)   [Kremote: Compressing objects:  98% (2401/2450)   [Kremote: Compressing objects:  99% (2426/2450)   [Kremote: Compressing objects: 100% (2450/2450)   [Kremote: Compressing objects: 100% (2450/2450), done.[K
Receiving objects:   0% (1/4208)   Receiving objects:   1% (43/4208)   Receiving objects:   2% (85/4208)   Receiving objects:   3% (127/4208)   Receiving objects:   4% (169/4208)   Receiving objects:   5% (211/4208)   Receiving objects:   6% (253/4208)   Receiving objects:   7% (295/4208)   Receiving objects:   8% (337/4208)   Receiving objects:   9% (379/4208)   Receiving objects:  10% (421/4208)   Receiving objects:  11% (463/4208)   Receiving objects:  12% (505/4208)   Receiving objects:  13% (548/4208)   Receiving objects:  14% (590/4208)   Receiving objects:  15% (632/4208)   Receiving objects:  16% (674/4208)   Receiving objects:  17% (716/4208)   Receiving objects:  18% (758/4208)   Receiving objects:  19% (800/4208)   Receiving objects:  20% (842/4208)   Receiving objects:  21% (884/4208)   Receiving objects:  22% (926/4208)   Receiving objects:  23% (968/4208)   Receiving objects:  24% (1010/4208)   Receiving objects:  25% (1052/4208)   Receiving objects:  26% (1095/4208)   Receiving objects:  27% (1137/4208)   Receiving objects:  28% (1179/4208)   Receiving objects:  29% (1221/4208)   Receiving objects:  30% (1263/4208)   Receiving objects:  31% (1305/4208)   Receiving objects:  32% (1347/4208)   Receiving objects:  33% (1389/4208)   Receiving objects:  34% (1431/4208)   Receiving objects:  35% (1473/4208)   Receiving objects:  36% (1515/4208)   Receiving objects:  37% (1557/4208)   Receiving objects:  38% (1600/4208)   Receiving objects:  39% (1642/4208)   Receiving objects:  40% (1684/4208)   Receiving objects:  41% (1726/4208)   Receiving objects:  42% (1768/4208)   Receiving objects:  43% (1810/4208)   Receiving objects:  44% (1852/4208)   Receiving objects:  45% (1894/4208)   Receiving objects:  46% (1936/4208)   Receiving objects:  47% (1978/4208)   Receiving objects:  48% (2020/4208)   Receiving objects:  49% (2062/4208)   Receiving objects:  50% (2104/4208)   Receiving objects:  51% (2147/4208)   Receiving objects:  52% (2189/4208)   Receiving objects:  53% (2231/4208)   Receiving objects:  54% (2273/4208)   Receiving objects:  55% (2315/4208)   Receiving objects:  56% (2357/4208)   Receiving objects:  57% (2399/4208)   Receiving objects:  58% (2441/4208)   Receiving objects:  59% (2483/4208)   Receiving objects:  60% (2525/4208)   Receiving objects:  61% (2567/4208)   Receiving objects:  62% (2609/4208)   Receiving objects:  63% (2652/4208)   Receiving objects:  64% (2694/4208)   Receiving objects:  65% (2736/4208)   Receiving objects:  66% (2778/4208)   Receiving objects:  67% (2820/4208)   Receiving objects:  68% (2862/4208)   Receiving objects:  69% (2904/4208)   Receiving objects:  70% (2946/4208)   Receiving objects:  71% (2988/4208)   Receiving objects:  72% (3030/4208)   Receiving objects:  73% (3072/4208)   Receiving objects:  74% (3114/4208)   Receiving objects:  75% (3156/4208)   Receiving objects:  76% (3199/4208)   Receiving objects:  77% (3241/4208)   Receiving objects:  78% (3283/4208)   Receiving objects:  79% (3325/4208)   Receiving objects:  80% (3367/4208)   Receiving objects:  81% (3409/4208)   Receiving objects:  82% (3451/4208)   Receiving objects:  83% (3493/4208)   Receiving objects:  84% (3535/4208)   Receiving objects:  85% (3577/4208)   Receiving objects:  86% (3619/4208)   Receiving objects:  87% (3661/4208)   Receiving objects:  88% (3704/4208)   Receiving objects:  89% (3746/4208)   Receiving objects:  90% (3788/4208)   Receiving objects:  91% (3830/4208)   Receiving objects:  92% (3872/4208)   Receiving objects:  93% (3914/4208)   Receiving objects:  94% (3956/4208)   Receiving objects:  95% (3998/4208)   remote: Total 4208 (delta 1865), reused 3546 (delta 1593), pack-reused 0[K
Receiving objects:  96% (4040/4208)   Receiving objects:  97% (4082/4208)   Receiving objects:  98% (4124/4208)   Receiving objects:  99% (4166/4208)   Receiving objects: 100% (4208/4208)   Receiving objects: 100% (4208/4208), 5.05 MiB | 0 bytes/s, done.
Resolving deltas:   0% (0/1865)   Resolving deltas:   1% (33/1865)   Resolving deltas:   2% (38/1865)   Resolving deltas:   3% (65/1865)   Resolving deltas:   4% (89/1865)   Resolving deltas:   5% (98/1865)   Resolving deltas:   6% (128/1865)   Resolving deltas:   7% (135/1865)   Resolving deltas:   8% (150/1865)   Resolving deltas:   9% (169/1865)   Resolving deltas:  10% (201/1865)   Resolving deltas:  12% (231/1865)   Resolving deltas:  13% (243/1865)   Resolving deltas:  14% (275/1865)   Resolving deltas:  15% (294/1865)   Resolving deltas:  16% (299/1865)   Resolving deltas:  17% (320/1865)   Resolving deltas:  18% (340/1865)   Resolving deltas:  20% (378/1865)   Resolving deltas:  21% (403/1865)   Resolving deltas:  22% (419/1865)   Resolving deltas:  23% (435/1865)   Resolving deltas:  24% (451/1865)   Resolving deltas:  25% (474/1865)   Resolving deltas:  26% (488/1865)   Resolving deltas:  27% (504/1865)   Resolving deltas:  28% (523/1865)   Resolving deltas:  29% (541/1865)   Resolving deltas:  30% (560/1865)   Resolving deltas:  31% (579/1865)   Resolving deltas:  32% (597/1865)   Resolving deltas:  33% (616/1865)   Resolving deltas:  34% (635/1865)   Resolving deltas:  35% (653/1865)   Resolving deltas:  36% (672/1865)   Resolving deltas:  37% (692/1865)   Resolving deltas:  38% (710/1865)   Resolving deltas:  39% (732/1865)   Resolving deltas:  41% (767/1865)   Resolving deltas:  42% (784/1865)   Resolving deltas:  43% (803/1865)   Resolving deltas:  44% (822/1865)   Resolving deltas:  45% (843/1865)   Resolving deltas:  46% (864/1865)   Resolving deltas:  47% (878/1865)   Resolving deltas:  48% (897/1865)   Resolving deltas:  49% (914/1865)   Resolving deltas:  50% (933/1865)   Resolving deltas:  51% (964/1865)   Resolving deltas:  52% (970/1865)   Resolving deltas:  53% (989/1865)   Resolving deltas:  56% (1049/1865)   Resolving deltas:  57% (1068/1865)   Resolving deltas:  58% (1084/1865)   Resolving deltas:  59% (1101/1865)   Resolving deltas:  61% (1142/1865)   Resolving deltas:  62% (1158/1865)   Resolving deltas:  63% (1175/1865)   Resolving deltas:  64% (1195/1865)   Resolving deltas:  65% (1213/1865)   Resolving deltas:  66% (1234/1865)   Resolving deltas:  69% (1290/1865)   Resolving deltas:  70% (1318/1865)   Resolving deltas:  71% (1326/1865)   Resolving deltas:  72% (1352/1865)   Resolving deltas:  73% (1367/1865)   Resolving deltas:  74% (1390/1865)   Resolving deltas:  78% (1465/1865)   Resolving deltas:  79% (1479/1865)   Resolving deltas:  80% (1501/1865)   Resolving deltas:  81% (1513/1865)   Resolving deltas:  82% (1540/1865)   Resolving deltas:  83% (1549/1865)   Resolving deltas:  84% (1569/1865)   Resolving deltas:  85% (1588/1865)   Resolving deltas:  86% (1615/1865)   Resolving deltas:  87% (1625/1865)   Resolving deltas:  88% (1642/1865)   Resolving deltas:  89% (1670/1865)   Resolving deltas:  90% (1680/1865)   Resolving deltas:  91% (1702/1865)   Resolving deltas:  92% (1718/1865)   Resolving deltas:  93% (1735/1865)   Resolving deltas:  94% (1760/1865)   Resolving deltas:  95% (1779/1865)   Resolving deltas:  96% (1796/1865)   Resolving deltas:  97% (1811/1865)   Resolving deltas:  98% (1837/1865)   Resolving deltas:  99% (1847/1865)   Resolving deltas: 100% (1865/1865)   Resolving deltas: 100% (1865/1865), done.
Checking connectivity... done.

travis_time:end:187af8d8:start=1472256608696242784,finish=1472256612196034578,duration=3499791794[0K$ cd Whiley/WhileyCompiler
$ git checkout -qf 586cd2414ec572e8b8d957b88557c08db2f46545
travis_fold:end:git.checkout[0K
[33;1mThis job is running on container-based infrastructure, which does not allow use of 'sudo', setuid and setguid executables.[0m
[33;1mIf you require sudo, add 'sudo: required' to your .travis.yml[0m
[33;1mSee https://docs.travis-ci.com/user/workers/container-based-infrastructure/ for details.[0m
$ jdk_switcher use openjdk7
Switching to OpenJDK7 (java-1.7.0-openjdk-amd64), JAVA_HOME will be set to /usr/lib/jvm/java-7-openjdk-amd64
$ java -Xmx32m -version
java version "1.7.0_75"
OpenJDK Runtime Environment (IcedTea 2.5.4) (7u75-2.5.4-1~precise1)
OpenJDK 64-Bit Server VM (build 24.75-b04, mixed mode)
$ javac -J-Xmx32m -version
javac 1.7.0_75
travis_time:start:0d12565d[0K$ touch running_on_travis

travis_time:end:0d12565d:start=1472256615449366025,finish=1472256615452949698,duration=3583673[0K
[32;1mThe command "touch running_on_travis" exited with 0.[0m
travis_time:start:09b6513e[0K$ ant test
Buildfile: /home/travis/build/Whiley/WhileyCompiler/build.xml
[maven:dependencies] Downloading: junit/junit/4.12/junit-4.12.pom from repository central at http://repo.maven.apache.org/maven2
[maven:dependencies] Transferring 23K from central
[maven:dependencies] Downloading: org/hamcrest/hamcrest-core/1.3/hamcrest-core-1.3.pom from repository central at http://repo.maven.apache.org/maven2
[maven:dependencies] Transferring 1K from central
[maven:dependencies] Downloading: org/hamcrest/hamcrest-parent/1.3/hamcrest-parent-1.3.pom from repository central at http://repo.maven.apache.org/maven2
[maven:dependencies] Transferring 2K from central
[maven:dependencies] Downloading: junit/junit/4.12/junit-4.12.jar from repository central at http://repo.maven.apache.org/maven2
[maven:dependencies] Downloading: org/hamcrest/hamcrest-core/1.3/hamcrest-core-1.3.jar from repository central at http://repo.maven.apache.org/maven2
[maven:dependencies] Transferring 308K from central
[maven:dependencies] Transferring 44K from central

compile:
    [mkdir] Created dir: /home/travis/build/Whiley/WhileyCompiler/bin
    [javac] Compiling 72 source files to /home/travis/build/Whiley/WhileyCompiler/bin
    [javac] /home/travis/build/Whiley/WhileyCompiler/src/wyc/Activator.java:3: error: package wycc.lang does not exist
    [javac] import wycc.lang.Command;
    [javac]                 ^
    [javac] /home/travis/build/Whiley/WhileyCompiler/src/wyc/Activator.java:4: error: package wycc.lang does not exist
    [javac] import wycc.lang.Module;
    [javac]                 ^
    [javac] /home/travis/build/Whiley/WhileyCompiler/src/wyc/Activator.java:5: error: package wycc.util does not exist
    [javac] import wycc.util.Logger;
    [javac]                 ^
    [javac] /home/travis/build/Whiley/WhileyCompiler/src/wyc/Activator.java:14: error: package Module does not exist
    [javac] public class Activator implements Module.Activator {
    [javac]                                         ^
    [javac] /home/travis/build/Whiley/WhileyCompiler/src/wyc/Activator.java:56: error: package Module does not exist
    [javac] 	public Module start(Module.Context context) {
    [javac] 	                          ^
    [javac] /home/travis/build/Whiley/WhileyCompiler/src/wyc/Activator.java:56: error: cannot find symbol
    [javac] 	public Module start(Module.Context context) {
    [javac] 	       ^
    [javac]   symbol:   class Module
    [javac]   location: class Activator
    [javac] /home/travis/build/Whiley/WhileyCompiler/src/wyc/Activator.java:77: error: cannot find symbol
    [javac] 	public void stop(Module module, Module.Context context) {
    [javac] 	                 ^
    [javac]   symbol:   class Module
    [javac]   location: class Activator
    [javac] /home/travis/build/Whiley/WhileyCompiler/src/wyc/Activator.java:77: error: package Module does not exist
    [javac] 	public void stop(Module module, Module.Context context) {
    [javac] 	                                      ^
    [javac] /home/travis/build/Whiley/WhileyCompiler/src/wyc/builder/CodeGenerator.java:41: error: package wycc.util does not exist
    [javac] import wycc.util.Pair;
    [javac]                 ^
    [javac] /home/travis/build/Whiley/WhileyCompiler/src/wyc/builder/CodeGenerator.java:42: error: package wycc.util does not exist
    [javac] import wycc.util.Triple;
    [javac]                 ^
    [javac] /home/travis/build/Whiley/WhileyCompiler/src/wyc/builder/CompileTask.java:40: error: package wycc.util does not exist
    [javac] import wycc.util.Logger;
    [javac]                 ^
    [javac] /home/travis/build/Whiley/WhileyCompiler/src/wyc/builder/CompileTask.java:41: error: package wycc.util does not exist
    [javac] import wycc.util.Pair;
    [javac]                 ^
    [javac] /home/travis/build/Whiley/WhileyCompiler/src/wyc/builder/FlowTypeChecker.java:43: error: package wycc.util does not exist
    [javac] import wycc.util.Pair;
    [javac]                 ^
    [javac] /home/travis/build/Whiley/WhileyCompiler/src/wyc/builder/FlowTypeChecker.java:44: error: package wycc.util does not exist
    [javac] import wycc.util.Triple;
    [javac]                 ^
    [javac] /home/travis/build/Whiley/WhileyCompiler/src/wyc/lang/Nominal.java:5: error: package wycc.util does not exist
    [javac] import wycc.util.Pair;
    [javac]                 ^
    [javac] /home/travis/build/Whiley/WhileyCompiler/src/wyc/lang/Expr.java:35: error: package wycc.util does not exist
    [javac] import wycc.util.Pair;
    [javac]                 ^
    [javac] /home/travis/build/Whiley/WhileyCompiler/src/wyc/lang/Expr.java:36: error: package wycc.util does not exist
    [javac] import wycc.util.Triple;
    [javac]                 ^
    [javac] /home/travis/build/Whiley/WhileyCompiler/src/wyc/builder/CompileTask.java:99: error: cannot find symbol
    [javac] 	private Logger logger;
    [javac] 	        ^
    [javac]   symbol:   class Logger
    [javac]   location: class CompileTask
    [javac] /home/travis/build/Whiley/WhileyCompiler/src/wyc/builder/CompileTask.java:127: error: cannot find symbol
    [javac] 	public void setLogger(Logger logger) {
    [javac] 	                      ^
    [javac]   symbol:   class Logger
    [javac]   location: class CompileTask
    [javac] /home/travis/build/Whiley/WhileyCompiler/src/wyc/builder/CompileTask.java:133: error: cannot find symbol
    [javac] 	public Set<Path.Entry<?>> build(Collection<Pair<Path.Entry<?>, Path.Root>> delta, Build.Graph graph)
    [javac] 	                                           ^
    [javac]   symbol:   class Pair
    [javac]   location: class CompileTask
    [javac] /home/travis/build/Whiley/WhileyCompiler/src/wyc/builder/FlowTypeChecker.java:148: error: cannot find symbol
    [javac] 	private final HashMap<NameID, Pair<Constant, Nominal>> constantCache = new HashMap<NameID, Pair<Constant, Nominal>>();
    [javac] 	                              ^
    [javac]   symbol:   class Pair
    [javac]   location: class FlowTypeChecker
    [javac] /home/travis/build/Whiley/WhileyCompiler/src/wyc/builder/FlowTypeChecker.java:1022: error: cannot find symbol
    [javac] 	public Pair<Expr, Environment> propagateCondition(Expr expr, boolean sign, Environment environment,
    [javac] 	       ^
    [javac]   symbol:   class Pair
    [javac]   location: class FlowTypeChecker
    [javac] /home/travis/build/Whiley/WhileyCompiler/src/wyc/builder/FlowTypeChecker.java:1060: error: cannot find symbol
    [javac] 	private Pair<Expr, Environment> propagateCondition(Expr.UnOp expr, boolean sign, Environment environment,
    [javac] 	        ^
    [javac]   symbol:   class Pair
    [javac]   location: class FlowTypeChecker
    [javac] /home/travis/build/Whiley/WhileyCompiler/src/wyc/builder/FlowTypeChecker.java:1100: error: cannot find symbol
    [javac] 	private Pair<Expr, Environment> propagateCondition(Expr.BinOp bop, boolean sign, Environment environment,
    [javac] 	        ^
    [javac]   symbol:   class Pair
    [javac]   location: class FlowTypeChecker
    [javac] /home/travis/build/Whiley/WhileyCompiler/src/wyc/builder/FlowTypeChecker.java:1145: error: cannot find symbol
    [javac] 	private Pair<Expr, Environment> resolveNonLeafCondition(Expr.BinOp bop, boolean sign, Environment environment,
    [javac] 	        ^
    [javac]   symbol:   class Pair
    [javac]   location: class FlowTypeChecker
    [javac] /home/travis/build/Whiley/WhileyCompiler/src/wyc/builder/FlowTypeChecker.java:1215: error: cannot find symbol
    [javac] 	private Pair<Expr, Environment> resolveLeafCondition(Expr.BinOp bop, boolean sign, Environment environment,
    [javac] 	        ^
    [javac]   symbol:   class Pair
    [javac]   location: class FlowTypeChecker
    [javac] /home/travis/build/Whiley/WhileyCompiler/src/wyc/builder/FlowTypeChecker.java:1917: error: cannot find symbol
    [javac] 	private List<Pair<Expr,Nominal>> calculateTypesProduced(List<Expr> expressions) {
    [javac] 	             ^
    [javac]   symbol:   class Pair
    [javac]   location: class FlowTypeChecker
    [javac] /home/travis/build/Whiley/WhileyCompiler/src/wyc/builder/FlowTypeChecker.java:2048: error: cannot find symbol
    [javac] 	public Triple<NameID, Nominal.FunctionOrMethod, List<String>> resolveAsFunctionOrMethod(NameID nid,
    [javac] 	       ^
    [javac]   symbol:   class Triple
    [javac]   location: class FlowTypeChecker
    [javac] /home/travis/build/Whiley/WhileyCompiler/src/wyc/builder/FlowTypeChecker.java:2077: error: cannot find symbol
    [javac] 	public Triple<NameID, Nominal.FunctionOrMethod, List<String>> resolveAsFunctionOrMethod(String name,
    [javac] 	       ^
    [javac]   symbol:   class Triple
    [javac]   location: class FlowTypeChecker
    [javac] /home/travis/build/Whiley/WhileyCompiler/src/wyc/builder/FlowTypeChecker.java:2100: error: cannot find symbol
    [javac] 	public Triple<NameID, Nominal.FunctionOrMethod, List<String>> resolveAsFunctionOrMethod(String name, List<Nominal> parameters,
    [javac] 	       ^
    [javac]   symbol:   class Triple
    [javac]   location: class FlowTypeChecker
    [javac] /home/travis/build/Whiley/WhileyCompiler/src/wyc/builder/FlowTypeChecker.java:2168: error: cannot find symbol
    [javac] 	private String foundCandidatesString(Collection<Pair<NameID, Nominal.FunctionOrMethod>> candidates) {
    [javac] 	                                                ^
    [javac]   symbol:   class Pair
    [javac]   location: class FlowTypeChecker
    [javac] /home/travis/build/Whiley/WhileyCompiler/src/wyc/builder/FlowTypeChecker.java:2283: error: cannot find symbol
    [javac] 			Collection<Pair<NameID, Nominal.FunctionOrMethod>> candidates,
    [javac] 			           ^
    [javac]   symbol:   class Pair
    [javac]   location: class FlowTypeChecker
    [javac] /home/travis/build/Whiley/WhileyCompiler/src/wyc/builder/FlowTypeChecker.java:2281: error: cannot find symbol
    [javac] 	private Triple<NameID, Nominal.FunctionOrMethod, List<String>> selectCandidateFunctionOrMethod(String name,
    [javac] 	        ^
    [javac]   symbol:   class Triple
    [javac]   location: class FlowTypeChecker
    [javac] /home/travis/build/Whiley/WhileyCompiler/src/wyc/builder/FlowTypeChecker.java:2532: error: cannot find symbol
    [javac] 			Collection<Pair<NameID, Nominal.FunctionOrMethod>> candidates, Context context)
    [javac] 			           ^
    [javac]   symbol:   class Pair
    [javac]   location: class FlowTypeChecker
    [javac] /home/travis/build/Whiley/WhileyCompiler/src/wyc/builder/FlowTypeChecker.java:3138: error: cannot find symbol
    [javac] 	public Pair<Constant, Nominal> resolveAsConstant(NameID nid) throws IOException, ResolveError {
    [javac] 	       ^
    [javac]   symbol:   class Pair
    [javac]   location: class FlowTypeChecker
    [javac] /home/travis/build/Whiley/WhileyCompiler/src/wyc/builder/FlowTypeChecker.java:3161: error: cannot find symbol
    [javac] 	public Pair<Constant, Nominal> resolveAsConstant(Expr e, Context context) {
    [javac] 	       ^
    [javac]   symbol:   class Pair
    [javac]   location: class FlowTypeChecker
    [javac] /home/travis/build/Whiley/WhileyCompiler/src/wyc/builder/FlowTypeChecker.java:3182: error: cannot find symbol
    [javac] 	private Pair<Constant, Nominal> resolveAsConstant(NameID key, HashSet<NameID> visited)
    [javac] 	        ^
    [javac]   symbol:   class Pair
    [javac]   location: class FlowTypeChecker
    [javac] /home/travis/build/Whiley/WhileyCompiler/src/wyc/builder/FlowTypeChecker.java:3239: error: cannot find symbol
    [javac] 	private Pair<Constant, Nominal> resolveAsConstant(Expr expr, Context context, HashSet<NameID> visited) {
    [javac] 	        ^
    [javac]   symbol:   class Pair
    [javac]   location: class FlowTypeChecker
    [javac] /home/travis/build/Whiley/WhileyCompiler/src/wyc/lang/Expr.java:460: error: cannot find symbol
    [javac] 		public final ArrayList<Triple<String,Expr,Expr>> sources;
    [javac] 		                       ^
    [javac]   symbol:   class Triple
    [javac]   location: class Quantifier
    [javac] /home/travis/build/Whiley/WhileyCompiler/src/wyc/lang/Expr.java:465: error: cannot find symbol
    [javac] 				Collection<Triple<String, Expr, Expr>> sources, Expr condition,
    [javac] 				           ^
    [javac]   symbol:   class Triple
    [javac]   location: class Quantifier
    [javac] /home/travis/build/Whiley/WhileyCompiler/src/wyc/builder/DecompileTask.java:34: error: package wycc.util does not exist
    [javac] import wycc.util.Pair;
    [javac]                 ^
    [javac] /home/travis/build/Whiley/WhileyCompiler/src/wyc/builder/DecompileTask.java:62: error: cannot find symbol
    [javac] 	public Set<Entry<?>> build(Collection<Pair<Entry<?>, Root>> delta, Build.Graph graph) throws IOException {
    [javac] 	                                      ^
    [javac]   symbol:   class Pair
    [javac]   location: class DecompileTask
    [javac] /home/travis/build/Whiley/WhileyCompiler/src/wyc/builder/DefiniteAssignmentAnalysis.java:6: error: package wycc.util does not exist
    [javac] import wycc.util.Triple;
    [javac]                 ^
    [javac] /home/travis/build/Whiley/WhileyCompiler/src/wyc/commands/Compile.java:16: error: package wycc.util does not exist
    [javac] import wycc.util.AbstractCommand;
    [javac]                 ^
    [javac] /home/travis/build/Whiley/WhileyCompiler/src/wyc/commands/Compile.java:17: error: package wycc.util does not exist
    [javac] import wycc.util.Logger;
    [javac]                 ^
    [javac] /home/travis/build/Whiley/WhileyCompiler/src/wyc/util/AbstractProjectCommand.java:7: error: package wycc.util does not exist
    [javac] import wycc.util.AbstractCommand;
    [javac]                 ^
    [javac] /home/travis/build/Whiley/WhileyCompiler/src/wyc/util/AbstractProjectCommand.java:8: error: package wycc.util does not exist
    [javac] import wycc.util.ArrayUtils;
    [javac]                 ^
    [javac] /home/travis/build/Whiley/WhileyCompiler/src/wyc/util/AbstractProjectCommand.java:9: error: package wycc.util does not exist
    [javac] import wycc.util.Logger;
    [javac]                 ^
    [javac] /home/travis/build/Whiley/WhileyCompiler/src/wyc/util/AbstractProjectCommand.java:23: error: cannot find symbol
    [javac] public abstract class AbstractProjectCommand<T> extends AbstractCommand<T> {
    [javac]                                                         ^
    [javac]   symbol: class AbstractCommand
    [javac] /home/travis/build/Whiley/WhileyCompiler/src/wyc/commands/Compile.java:86: error: cannot find symbol
    [javac] 	public Compile(Content.Registry registry, Logger logger) {
    [javac] 	                                          ^
    [javac]   symbol:   class Logger
    [javac]   location: class Compile
    [javac] /home/travis/build/Whiley/WhileyCompiler/src/wyc/commands/Compile.java:100: error: cannot find symbol
    [javac] 	public Compile(Content.Registry registry, Logger logger, OutputStream sysout, OutputStream syserr) {
    [javac] 	                                          ^
    [javac]   symbol:   class Logger
    [javac]   location: class Compile
    [javac] /home/travis/build/Whiley/WhileyCompiler/src/wyc/util/AbstractProjectCommand.java:59: error: cannot find symbol
    [javac] 	protected Logger logger;
    [javac] 	          ^
    [javac]   symbol:   class Logger
    [javac]   location: class AbstractProjectCommand<T>
    [javac]   where T is a type-variable:
    [javac]     T extends Object declared in class AbstractProjectCommand
    [javac] /home/travis/build/Whiley/WhileyCompiler/src/wyc/util/AbstractProjectCommand.java:69: error: cannot find symbol
    [javac] 	public AbstractProjectCommand(Content.Registry registry, Logger logger, String... options) {
    [javac] 	                                                         ^
    [javac]   symbol:   class Logger
    [javac]   location: class AbstractProjectCommand<T>
    [javac]   where T is a type-variable:
    [javac]     T extends Object declared in class AbstractProjectCommand
    [javac] /home/travis/build/Whiley/WhileyCompiler/src/wyc/commands/Decompile.java:8: error: package wycc.util does not exist
    [javac] import wycc.util.AbstractCommand;
    [javac]                 ^
    [javac] /home/travis/build/Whiley/WhileyCompiler/src/wyc/commands/Decompile.java:14: error: cannot find symbol
    [javac] public class Decompile extends AbstractCommand<Decompile.Result> {
    [javac]                                ^
    [javac]   symbol: class AbstractCommand
    [javac] /home/travis/build/Whiley/WhileyCompiler/src/wyc/commands/Run.java:10: error: package wycc.util does not exist
    [javac] import wycc.util.Logger;
    [javac]                 ^
    [javac] /home/travis/build/Whiley/WhileyCompiler/src/wyc/commands/Run.java:29: error: cannot find symbol
    [javac] 	public Run(Content.Registry registry, Logger logger) {
    [javac] 	                                      ^
    [javac]   symbol:   class Logger
    [javac]   location: class Run
    [javac] /home/travis/build/Whiley/WhileyCompiler/src/wyc/io/WhileyFileParser.java:51: error: package wycc.util does not exist
    [javac] import wycc.util.Pair;
    [javac]                 ^
    [javac] /home/travis/build/Whiley/WhileyCompiler/src/wyc/io/WhileyFileParser.java:52: error: package wycc.util does not exist
    [javac] import wycc.util.Triple;
    [javac]                 ^
    [javac] /home/travis/build/Whiley/WhileyCompiler/src/wyc/io/WhileyFileParser.java:3967: error: cannot find symbol
    [javac] 	private Pair<SyntacticType, Token> parseMixedType(EnclosingScope scope) {
    [javac] 	        ^
    [javac]   symbol:   class Pair
    [javac]   location: class WhileyFileParser
    [javac] /home/travis/build/Whiley/WhileyCompiler/src/wyc/io/WhileyFilePrinter.java:14: error: package wycc.util does not exist
    [javac] import wycc.util.Pair;
    [javac]                 ^
    [javac] /home/travis/build/Whiley/WhileyCompiler/src/wyc/lang/Exprs.java:9: error: package wycc.util does not exist
    [javac] import wycc.util.Pair;
    [javac]                 ^
    [javac] /home/travis/build/Whiley/WhileyCompiler/src/wyc/lang/Exprs.java:21: error: cannot find symbol
    [javac] 	public static HashSet<Pair<Nominal,String>> uses(Expr expr, Context context) {
    [javac] 	                      ^
    [javac]   symbol:   class Pair
    [javac]   location: class Exprs
    [javac] /home/travis/build/Whiley/WhileyCompiler/src/wyc/lang/Exprs.java:27: error: cannot find symbol
    [javac] 	private static void uses(Expr expr, Context context, HashSet<Pair<Nominal,String>> uses) {
    [javac] 	                                                             ^
    [javac]   symbol:   class Pair
    [javac]   location: class Exprs
    [javac] /home/travis/build/Whiley/WhileyCompiler/src/wyc/testing/AllInvalidTests.java:42: error: package wycc.util does not exist
    [javac] import wycc.util.Pair;
    [javac]                 ^
    [javac] /home/travis/build/Whiley/WhileyCompiler/src/wyc/testing/AllValidTests.java:42: error: package wycc.util does not exist
    [javac] import wycc.util.Pair;
    [javac]                 ^
    [javac] /home/travis/build/Whiley/WhileyCompiler/src/wyc/testing/AllValidVerificationTests.java:42: error: package wycc.util does not exist
    [javac] import wycc.util.Pair;
    [javac]                 ^
    [javac] /home/travis/build/Whiley/WhileyCompiler/src/wyc/testing/TestUtils.java:14: error: package wycc.util does not exist
    [javac] import wycc.util.Logger;
    [javac]                 ^
    [javac] /home/travis/build/Whiley/WhileyCompiler/src/wyc/testing/TestUtils.java:15: error: package wycc.util does not exist
    [javac] import wycc.util.Pair;
    [javac]                 ^
    [javac] /home/travis/build/Whiley/WhileyCompiler/src/wyc/testing/TestUtils.java:85: error: cannot find symbol
    [javac] 	public static Pair<Compile.Result,String> compile(String whileydir, boolean verify, String... args) throws IOException {
    [javac] 	              ^
    [javac]   symbol:   class Pair
    [javac]   location: class TestUtils
    [javac] /home/travis/build/Whiley/WhileyCompiler/src/wyil/builders/VerificationConditionGenerator.java:17: error: package wycc.util does not exist
    [javac] import wycc.util.Pair;
    [javac]                 ^
    [javac] /home/travis/build/Whiley/WhileyCompiler/src/wyil/builders/VerificationConditionGenerator.java:18: error: package wycc.util does not exist
    [javac] import wycc.util.ArrayUtils;
    [javac]                 ^
    [javac] /home/travis/build/Whiley/WhileyCompiler/src/wyil/builders/Wyil2WyalBuilder.java:32: error: package wycc.util does not exist
    [javac] import wycc.util.Logger;
    [javac]                 ^
    [javac] /home/travis/build/Whiley/WhileyCompiler/src/wyil/builders/Wyil2WyalBuilder.java:33: error: package wycc.util does not exist
    [javac] import wycc.util.Pair;
    [javac]                 ^
    [javac] /home/travis/build/Whiley/WhileyCompiler/src/wyil/builders/VerificationConditionGenerator.java:538: error: cannot find symbol
    [javac] 	private Pair<Expr,Context> translateSingleAssignment(Location<?> lval, Context context) {
    [javac] 	        ^
    [javac]   symbol:   class Pair
    [javac]   location: class VerificationConditionGenerator
    [javac] /home/travis/build/Whiley/WhileyCompiler/src/wyil/builders/VerificationConditionGenerator.java:572: error: cannot find symbol
    [javac] 	private Pair<Expr,Context> translateRecordAssign(Location<FieldLoad> lval, Context context) {
    [javac] 	        ^
    [javac]   symbol:   class Pair
    [javac]   location: class VerificationConditionGenerator
    [javac] /home/travis/build/Whiley/WhileyCompiler/src/wyil/builders/VerificationConditionGenerator.java:619: error: cannot find symbol
    [javac] 	private Pair<Expr,Context> translateArrayAssign(Location<Operator> lval, Context context) {
    [javac] 	        ^
    [javac]   symbol:   class Pair
    [javac]   location: class VerificationConditionGenerator
    [javac] /home/travis/build/Whiley/WhileyCompiler/src/wyil/builders/VerificationConditionGenerator.java:667: error: cannot find symbol
    [javac] 	private Pair<Expr,Context> translateDereference(Location<?> lval, Context context) {
    [javac] 	        ^
    [javac]   symbol:   class Pair
    [javac]   location: class VerificationConditionGenerator
    [javac] /home/travis/build/Whiley/WhileyCompiler/src/wyil/builders/VerificationConditionGenerator.java:683: error: cannot find symbol
    [javac] 	private Pair<Expr,Context> translateVariableAssign(Location<VariableAccess> lval, Context context) {
    [javac] 	        ^
    [javac]   symbol:   class Pair
    [javac]   location: class VerificationConditionGenerator
    [javac] /home/travis/build/Whiley/WhileyCompiler/src/wyil/builders/VerificationConditionGenerator.java:1153: error: cannot find symbol
    [javac] 	private Pair<Expr[], Context> translateExpressionsWithChecks(Location<?>[] exprs, Context context) {
    [javac] 	        ^
    [javac]   symbol:   class Pair
    [javac]   location: class VerificationConditionGenerator
    [javac] /home/travis/build/Whiley/WhileyCompiler/src/wyil/builders/VerificationConditionGenerator.java:1178: error: cannot find symbol
    [javac] 	private Pair<Expr, Context> translateExpressionWithChecks(Location<?> expr, Context context) {
    [javac] 	        ^
    [javac]   symbol:   class Pair
    [javac]   location: class VerificationConditionGenerator
    [javac] /home/travis/build/Whiley/WhileyCompiler/src/wyil/builders/Wyil2WyalBuilder.java:57: error: cannot find symbol
    [javac] 	protected Logger logger = Logger.NULL;
    [javac] 	          ^
    [javac]   symbol:   class Logger
    [javac]   location: class Wyil2WyalBuilder
    [javac] /home/travis/build/Whiley/WhileyCompiler/src/wyil/builders/Wyil2WyalBuilder.java:67: error: cannot find symbol
    [javac] 	public void setLogger(Logger logger) {
    [javac] 	                      ^
    [javac]   symbol:   class Logger
    [javac]   location: class Wyil2WyalBuilder
    [javac] /home/travis/build/Whiley/WhileyCompiler/src/wyil/builders/Wyil2WyalBuilder.java:77: error: cannot find symbol
    [javac] 	public Set<Path.Entry<?>> build(Collection<Pair<Path.Entry<?>, Path.Root>> delta, Build.Graph graph)
    [javac] 	                                           ^
    [javac]   symbol:   class Pair
    [javac]   location: class Wyil2WyalBuilder
    [javac] /home/travis/build/Whiley/WhileyCompiler/src/wyil/checks/CoercionCheck.java:35: error: package wycc.util does not exist
    [javac] import wycc.util.Pair;
    [javac]                 ^
    [javac] /home/travis/build/Whiley/WhileyCompiler/src/wyil/checks/CoercionCheck.java:120: error: cannot find symbol
    [javac] 	protected void check(Type from, Type to, HashSet<Pair<Type, Type>> visited, SyntacticElement element) {
    [javac] 	                                                 ^
    [javac]   symbol:   class Pair
    [javac]   location: class CoercionCheck
    [javac] /home/travis/build/Whiley/WhileyCompiler/src/wyil/checks/CoercionCheck.java:208: error: cannot find symbol
    [javac] 	private void check(List<Type> params1, List<Type> params2, HashSet<Pair<Type, Type>> visited,
    [javac] 	                                                                   ^
    [javac]   symbol:   class Pair
    [javac]   location: class CoercionCheck
    [javac] /home/travis/build/Whiley/WhileyCompiler/src/wyil/checks/ModuleCheck.java:32: error: package wycc.util does not exist
    [javac] import wycc.util.Pair;
    [javac]                 ^
    [javac] /home/travis/build/Whiley/WhileyCompiler/src/wyil/io/WyilFileWriter.java:33: error: package wycc.util does not exist
    [javac] import wycc.util.Pair;
    [javac]                 ^
    [javac] /home/travis/build/Whiley/WhileyCompiler/src/wyil/util/interpreter/Interpreter.java:16: error: package wycc.util does not exist
    [javac] import wycc.util.Pair;
    [javac]                 ^
    [javac] /home/travis/build/Whiley/WhileyCompiler/src/wyc/Activator.java:58: error: cannot find symbol
    [javac] 		final Logger logger = new Logger.Default(System.err);
    [javac] 		      ^
    [javac]   symbol:   class Logger
    [javac]   location: class Activator
    [javac] /home/travis/build/Whiley/WhileyCompiler/src/wyc/Activator.java:58: error: package Logger does not exist
    [javac] 		final Logger logger = new Logger.Default(System.err);
    [javac] 		                                ^
    [javac] /home/travis/build/Whiley/WhileyCompiler/src/wyc/Activator.java:60: error: cannot find symbol
    [javac] 		final Command[] commands = { new Compile(registry, logger), new Decompile(registry),
    [javac] 		      ^
    [javac]   symbol:   class Command
    [javac]   location: class Activator
    [javac] /home/travis/build/Whiley/WhileyCompiler/src/wyc/Activator.java:63: error: cannot find symbol
    [javac] 		for (Command c : commands) {
    [javac] 		     ^
    [javac]   symbol:   class Command
    [javac]   location: class Activator
    [javac] /home/travis/build/Whiley/WhileyCompiler/src/wyc/Activator.java:64: error: package wycc.lang does not exist
    [javac] 			context.register(wycc.lang.Command.class, c);
    [javac] 			                          ^
    [javac] /home/travis/build/Whiley/WhileyCompiler/src/wyc/Activator.java:67: error: cannot find symbol
    [javac] 		return new Module() {
    [javac] 		           ^
    [javac]   symbol:   class Module
    [javac]   location: class Activator
    [javac] /home/travis/build/Whiley/WhileyCompiler/src/wyc/Activator.java:55: error: method does not override or implement a method from a supertype
    [javac] 	@Override
    [javac] 	^
    [javac] /home/travis/build/Whiley/WhileyCompiler/src/wyc/Activator.java:76: error: method does not override or implement a method from a supertype
    [javac] 	@Override
    [javac] 	^
    [javac] /home/travis/build/Whiley/WhileyCompiler/src/wyc/builder/CodeGenerator.java:1024: error: cannot find symbol
    [javac] 		for (Pair<Nominal, String> v : Exprs.uses(expr.body, scope.getSourceContext())) {
    [javac] 		     ^
    [javac]   symbol:   class Pair
    [javac]   location: class CodeGenerator
    [javac] /home/travis/build/Whiley/WhileyCompiler/src/wyc/builder/CodeGenerator.java:1117: error: cannot find symbol
    [javac] 			Triple<String, Expr, Expr> t = expr.sources.get(i);
    [javac] 			^
    [javac]   symbol:   class Triple
    [javac]   location: class CodeGenerator
    [javac] Note: Some input files use unchecked or unsafe operations.
    [javac] Note: Recompile with -Xlint:unchecked for details.
    [javac] 100 errors

BUILD FAILED
/home/travis/build/Whiley/WhileyCompiler/build.xml:19: Compile failed; see the compiler error output for details.

Total time: 9 seconds

travis_time:end:09b6513e:start=1472256615456557851,finish=1472256625173727025,duration=9717169174[0K
[31;1mThe command "ant test" exited with 1.[0m

Done. Your build exited with 1.
