Using worker: worker-linux-docker-fe173307.prod.travis-ci.org:travis-linux-1

travis_fold:start:system_info[0K[33;1mBuild system information[0m
Build language: python
Build group: stable
Build dist: precise
[34m[1mBuild image provisioning date and time[0m
Thu Feb  5 15:09:33 UTC 2015
[34m[1mOperating System Details[0m
Distributor ID:	Ubuntu
Description:	Ubuntu 12.04.5 LTS
Release:	12.04
Codename:	precise
[34m[1mLinux Version[0m
3.13.0-29-generic
[34m[1mCookbooks Version[0m
a68419e https://github.com/travis-ci/travis-cookbooks/tree/a68419e
[34m[1mGCC version[0m
gcc (Ubuntu/Linaro 4.6.3-1ubuntu5) 4.6.3
Copyright (C) 2011 Free Software Foundation, Inc.
This is free software; see the source for copying conditions.  There is NO
warranty; not even for MERCHANTABILITY or FITNESS FOR A PARTICULAR PURPOSE.

[34m[1mLLVM version[0m
clang version 3.4 (tags/RELEASE_34/final)
Target: x86_64-unknown-linux-gnu
Thread model: posix
[34m[1mPre-installed Ruby versions[0m
ruby-1.9.3-p551
[34m[1mPre-installed Node.js versions[0m
v0.10.36
[34m[1mPre-installed Go versions[0m
1.4.1
[34m[1mRedis version[0m
redis-server 2.8.19
[34m[1mriak version[0m
2.0.2
[34m[1mMongoDB version[0m
MongoDB 2.4.12
[34m[1mCouchDB version[0m
couchdb 1.6.1
[34m[1mNeo4j version[0m
1.9.4
[34m[1mRabbitMQ Version[0m
3.4.3
[34m[1mElasticSearch version[0m
1.4.0
[34m[1mInstalled Sphinx versions[0m
2.0.10
2.1.9
2.2.6
[34m[1mDefault Sphinx version[0m
2.2.6
[34m[1mInstalled Firefox version[0m
firefox 31.0esr
[34m[1mPhantomJS version[0m
1.9.8
[34m[1mant -version[0m
Apache Ant(TM) version 1.8.2 compiled on December 3 2011
[34m[1mmvn -version[0m
Apache Maven 3.2.5 (12a6b3acb947671f09b81f49094c53f426d8cea1; 2014-12-14T17:29:23+00:00)
Maven home: /usr/local/maven
Java version: 1.7.0_76, vendor: Oracle Corporation
Java home: /usr/lib/jvm/java-7-oracle/jre
Default locale: en_US, platform encoding: ANSI_X3.4-1968
OS name: "linux", version: "3.13.0-29-generic", arch: "amd64", family: "unix"
travis_fold:end:system_info[0K
travis_fold:start:fix.CVE-2015-7547[0K$ export DEBIAN_FRONTEND=noninteractive
W: Size of file /var/lib/apt/lists/us.archive.ubuntu.com_ubuntu_dists_precise-backports_multiverse_source_Sources.gz is not what the server reported 5886 5888
W: Size of file /var/lib/apt/lists/ppa.launchpad.net_ubuntugis_ppa_ubuntu_dists_precise_main_binary-amd64_Packages.gz is not what the server reported 36669 36677
W: Size of file /var/lib/apt/lists/ppa.launchpad.net_ubuntugis_ppa_ubuntu_dists_precise_main_binary-i386_Packages.gz is not what the server reported 36729 36733
Reading package lists...
Building dependency tree...
Reading state information...
The following extra packages will be installed:
  libc-bin libc-dev-bin libc6-dev
Suggested packages:
  glibc-doc
The following packages will be upgraded:
  libc-bin libc-dev-bin libc6 libc6-dev
4 upgraded, 0 newly installed, 0 to remove and 209 not upgraded.
Need to get 8,844 kB of archives.
After this operation, 9,216 B disk space will be freed.
Get:1 http://us.archive.ubuntu.com/ubuntu/ precise-updates/main libc6-dev amd64 2.15-0ubuntu10.13 [2,943 kB]
Get:2 http://us.archive.ubuntu.com/ubuntu/ precise-updates/main libc-dev-bin amd64 2.15-0ubuntu10.13 [84.7 kB]
Get:3 http://us.archive.ubuntu.com/ubuntu/ precise-updates/main libc-bin amd64 2.15-0ubuntu10.13 [1,179 kB]
Get:4 http://us.archive.ubuntu.com/ubuntu/ precise-updates/main libc6 amd64 2.15-0ubuntu10.13 [4,637 kB]
Fetched 8,844 kB in 0s (27.0 MB/s)
Preconfiguring packages ...
(Reading database ... (Reading database ... 5%(Reading database ... 10%(Reading database ... 15%(Reading database ... 20%(Reading database ... 25%(Reading database ... 30%(Reading database ... 35%(Reading database ... 40%(Reading database ... 45%(Reading database ... 50%(Reading database ... 55%(Reading database ... 60%(Reading database ... 65%(Reading database ... 70%(Reading database ... 75%(Reading database ... 80%(Reading database ... 85%(Reading database ... 90%(Reading database ... 95%(Reading database ... 100%(Reading database ... 72431 files and directories currently installed.)
Preparing to replace libc6-dev 2.15-0ubuntu10.10 (using .../libc6-dev_2.15-0ubuntu10.13_amd64.deb) ...
Unpacking replacement libc6-dev ...
Preparing to replace libc-dev-bin 2.15-0ubuntu10.10 (using .../libc-dev-bin_2.15-0ubuntu10.13_amd64.deb) ...
Unpacking replacement libc-dev-bin ...
Preparing to replace libc-bin 2.15-0ubuntu10.10 (using .../libc-bin_2.15-0ubuntu10.13_amd64.deb) ...
Unpacking replacement libc-bin ...
Processing triggers for man-db ...
Setting up libc-bin (2.15-0ubuntu10.13) ...
(Reading database ... (Reading database ... 5%(Reading database ... 10%(Reading database ... 15%(Reading database ... 20%(Reading database ... 25%(Reading database ... 30%(Reading database ... 35%(Reading database ... 40%(Reading database ... 45%(Reading database ... 50%(Reading database ... 55%(Reading database ... 60%(Reading database ... 65%(Reading database ... 70%(Reading database ... 75%(Reading database ... 80%(Reading database ... 85%(Reading database ... 90%(Reading database ... 95%(Reading database ... 100%(Reading database ... 72431 files and directories currently installed.)
Preparing to replace libc6 2.15-0ubuntu10.10 (using .../libc6_2.15-0ubuntu10.13_amd64.deb) ...
Unpacking replacement libc6 ...
Setting up libc6 (2.15-0ubuntu10.13) ...
Setting up libc-dev-bin (2.15-0ubuntu10.13) ...
Setting up libc6-dev (2.15-0ubuntu10.13) ...
Processing triggers for libc-bin ...
ldconfig deferred processing now taking place
travis_fold:end:fix.CVE-2015-7547[0Ktravis_fold:start:git.checkout[0Ktravis_time:start:0eb40aba[0K$ git clone --depth=50 --branch=urls https://github.com/bwhmather/verktyg.git bwhmather/verktyg
Cloning into 'bwhmather/verktyg'...
remote: Counting objects: 339, done.[K
remote: Compressing objects:   0% (1/143)   [Kremote: Compressing objects:   1% (2/143)   [Kremote: Compressing objects:   2% (3/143)   [Kremote: Compressing objects:   3% (5/143)   [Kremote: Compressing objects:   4% (6/143)   [Kremote: Compressing objects:   5% (8/143)   [Kremote: Compressing objects:   6% (9/143)   [Kremote: Compressing objects:   7% (11/143)   [Kremote: Compressing objects:   8% (12/143)   [Kremote: Compressing objects:   9% (13/143)   [Kremote: Compressing objects:  10% (15/143)   [Kremote: Compressing objects:  11% (16/143)   [Kremote: Compressing objects:  12% (18/143)   [Kremote: Compressing objects:  13% (19/143)   [Kremote: Compressing objects:  14% (21/143)   [Kremote: Compressing objects:  15% (22/143)   [Kremote: Compressing objects:  16% (23/143)   [Kremote: Compressing objects:  17% (25/143)   [Kremote: Compressing objects:  18% (26/143)   [Kremote: Compressing objects:  19% (28/143)   [Kremote: Compressing objects:  20% (29/143)   [Kremote: Compressing objects:  21% (31/143)   [Kremote: Compressing objects:  22% (32/143)   [Kremote: Compressing objects:  23% (33/143)   [Kremote: Compressing objects:  24% (35/143)   [Kremote: Compressing objects:  25% (36/143)   [Kremote: Compressing objects:  26% (38/143)   [Kremote: Compressing objects:  27% (39/143)   [Kremote: Compressing objects:  28% (41/143)   [Kremote: Compressing objects:  29% (42/143)   [Kremote: Compressing objects:  30% (43/143)   [Kremote: Compressing objects:  31% (45/143)   [Kremote: Compressing objects:  32% (46/143)   [Kremote: Compressing objects:  33% (48/143)   [Kremote: Compressing objects:  34% (49/143)   [Kremote: Compressing objects:  35% (51/143)   [Kremote: Compressing objects:  36% (52/143)   [Kremote: Compressing objects:  37% (53/143)   [Kremote: Compressing objects:  38% (55/143)   [Kremote: Compressing objects:  39% (56/143)   [Kremote: Compressing objects:  40% (58/143)   [Kremote: Compressing objects:  41% (59/143)   [Kremote: Compressing objects:  42% (61/143)   [Kremote: Compressing objects:  43% (62/143)   [Kremote: Compressing objects:  44% (63/143)   [Kremote: Compressing objects:  45% (65/143)   [Kremote: Compressing objects:  46% (66/143)   [Kremote: Compressing objects:  47% (68/143)   [Kremote: Compressing objects:  48% (69/143)   [Kremote: Compressing objects:  49% (71/143)   [Kremote: Compressing objects:  50% (72/143)   [Kremote: Compressing objects:  51% (73/143)   [Kremote: Compressing objects:  52% (75/143)   [Kremote: Compressing objects:  53% (76/143)   [Kremote: Compressing objects:  54% (78/143)   [Kremote: Compressing objects:  55% (79/143)   [Kremote: Compressing objects:  56% (81/143)   [Kremote: Compressing objects:  57% (82/143)   [Kremote: Compressing objects:  58% (83/143)   [Kremote: Compressing objects:  59% (85/143)   [Kremote: Compressing objects:  60% (86/143)   [Kremote: Compressing objects:  61% (88/143)   [Kremote: Compressing objects:  62% (89/143)   [Kremote: Compressing objects:  63% (91/143)   [Kremote: Compressing objects:  64% (92/143)   [Kremote: Compressing objects:  65% (93/143)   [Kremote: Compressing objects:  66% (95/143)   [Kremote: Compressing objects:  67% (96/143)   [Kremote: Compressing objects:  68% (98/143)   [Kremote: Compressing objects:  69% (99/143)   [Kremote: Compressing objects:  70% (101/143)   [Kremote: Compressing objects:  71% (102/143)   [Kremote: Compressing objects:  72% (103/143)   [Kremote: Compressing objects:  73% (105/143)   [Kremote: Compressing objects:  74% (106/143)   [Kremote: Compressing objects:  75% (108/143)   [Kremote: Compressing objects:  76% (109/143)   [Kremote: Compressing objects:  77% (111/143)   [Kremote: Compressing objects:  78% (112/143)   [Kremote: Compressing objects:  79% (113/143)   [Kremote: Compressing objects:  80% (115/143)   [Kremote: Compressing objects:  81% (116/143)   [Kremote: Compressing objects:  82% (118/143)   [Kremote: Compressing objects:  83% (119/143)   [Kremote: Compressing objects:  84% (121/143)   [Kremote: Compressing objects:  85% (122/143)   [Kremote: Compressing objects:  86% (123/143)   [Kremote: Compressing objects:  87% (125/143)   [Kremote: Compressing objects:  88% (126/143)   [Kremote: Compressing objects:  89% (128/143)   [Kremote: Compressing objects:  90% (129/143)   [Kremote: Compressing objects:  91% (131/143)   [Kremote: Compressing objects:  92% (132/143)   [Kremote: Compressing objects:  93% (133/143)   [Kremote: Compressing objects:  94% (135/143)   [Kremote: Compressing objects:  95% (136/143)   [Kremote: Compressing objects:  96% (138/143)   [Kremote: Compressing objects:  97% (139/143)   [Kremote: Compressing objects:  98% (141/143)   [Kremote: Compressing objects:  99% (142/143)   [Kremote: Compressing objects: 100% (143/143)   [Kremote: Compressing objects: 100% (143/143), done.[K
Receiving objects:   0% (1/339)   Receiving objects:   1% (4/339)   Receiving objects:   2% (7/339)   Receiving objects:   3% (11/339)   Receiving objects:   4% (14/339)   Receiving objects:   5% (17/339)   Receiving objects:   6% (21/339)   Receiving objects:   7% (24/339)   Receiving objects:   8% (28/339)   Receiving objects:   9% (31/339)   Receiving objects:  10% (34/339)   Receiving objects:  11% (38/339)   Receiving objects:  12% (41/339)   Receiving objects:  13% (45/339)   Receiving objects:  14% (48/339)   Receiving objects:  15% (51/339)   Receiving objects:  16% (55/339)   Receiving objects:  17% (58/339)   Receiving objects:  18% (62/339)   Receiving objects:  19% (65/339)   Receiving objects:  20% (68/339)   Receiving objects:  21% (72/339)   Receiving objects:  22% (75/339)   Receiving objects:  23% (78/339)   Receiving objects:  24% (82/339)   Receiving objects:  25% (85/339)   Receiving objects:  26% (89/339)   Receiving objects:  27% (92/339)   Receiving objects:  28% (95/339)   Receiving objects:  29% (99/339)   Receiving objects:  30% (102/339)   Receiving objects:  31% (106/339)   Receiving objects:  32% (109/339)   Receiving objects:  33% (112/339)   Receiving objects:  34% (116/339)   Receiving objects:  35% (119/339)   Receiving objects:  36% (123/339)   Receiving objects:  37% (126/339)   Receiving objects:  38% (129/339)   Receiving objects:  39% (133/339)   remote: Total 339 (delta 224), reused 287 (delta 194), pack-reused 0[K
Receiving objects:  40% (136/339)   Receiving objects:  41% (139/339)   Receiving objects:  42% (143/339)   Receiving objects:  43% (146/339)   Receiving objects:  44% (150/339)   Receiving objects:  45% (153/339)   Receiving objects:  46% (156/339)   Receiving objects:  47% (160/339)   Receiving objects:  48% (163/339)   Receiving objects:  49% (167/339)   Receiving objects:  50% (170/339)   Receiving objects:  51% (173/339)   Receiving objects:  52% (177/339)   Receiving objects:  53% (180/339)   Receiving objects:  54% (184/339)   Receiving objects:  55% (187/339)   Receiving objects:  56% (190/339)   Receiving objects:  57% (194/339)   Receiving objects:  58% (197/339)   Receiving objects:  59% (201/339)   Receiving objects:  60% (204/339)   Receiving objects:  61% (207/339)   Receiving objects:  62% (211/339)   Receiving objects:  63% (214/339)   Receiving objects:  64% (217/339)   Receiving objects:  65% (221/339)   Receiving objects:  66% (224/339)   Receiving objects:  67% (228/339)   Receiving objects:  68% (231/339)   Receiving objects:  69% (234/339)   Receiving objects:  70% (238/339)   Receiving objects:  71% (241/339)   Receiving objects:  72% (245/339)   Receiving objects:  73% (248/339)   Receiving objects:  74% (251/339)   Receiving objects:  75% (255/339)   Receiving objects:  76% (258/339)   Receiving objects:  77% (262/339)   Receiving objects:  78% (265/339)   Receiving objects:  79% (268/339)   Receiving objects:  80% (272/339)   Receiving objects:  81% (275/339)   Receiving objects:  82% (278/339)   Receiving objects:  83% (282/339)   Receiving objects:  84% (285/339)   Receiving objects:  85% (289/339)   Receiving objects:  86% (292/339)   Receiving objects:  87% (295/339)   Receiving objects:  88% (299/339)   Receiving objects:  89% (302/339)   Receiving objects:  90% (306/339)   Receiving objects:  91% (309/339)   Receiving objects:  92% (312/339)   Receiving objects:  93% (316/339)   Receiving objects:  94% (319/339)   Receiving objects:  95% (323/339)   Receiving objects:  96% (326/339)   Receiving objects:  97% (329/339)   Receiving objects:  98% (333/339)   Receiving objects:  99% (336/339)   Receiving objects: 100% (339/339)   Receiving objects: 100% (339/339), 201.01 KiB | 0 bytes/s, done.
Resolving deltas:   0% (0/224)   Resolving deltas:   1% (3/224)   Resolving deltas:  23% (52/224)   Resolving deltas:  25% (58/224)   Resolving deltas:  26% (60/224)   Resolving deltas:  37% (83/224)   Resolving deltas:  38% (86/224)   Resolving deltas:  39% (88/224)   Resolving deltas:  41% (92/224)   Resolving deltas:  42% (95/224)   Resolving deltas:  43% (98/224)   Resolving deltas:  45% (102/224)   Resolving deltas:  46% (105/224)   Resolving deltas:  49% (110/224)   Resolving deltas:  52% (118/224)   Resolving deltas:  60% (136/224)   Resolving deltas:  62% (139/224)   Resolving deltas:  63% (143/224)   Resolving deltas:  64% (144/224)   Resolving deltas:  66% (148/224)   Resolving deltas:  67% (151/224)   Resolving deltas:  68% (153/224)   Resolving deltas:  69% (156/224)   Resolving deltas:  70% (157/224)   Resolving deltas:  71% (160/224)   Resolving deltas:  74% (166/224)   Resolving deltas:  75% (168/224)   Resolving deltas:  76% (171/224)   Resolving deltas:  83% (187/224)   Resolving deltas:  88% (199/224)   Resolving deltas:  91% (204/224)   Resolving deltas: 100% (224/224)   Resolving deltas: 100% (224/224), done.
Checking connectivity... done.

travis_time:end:0eb40aba:start=1456047268384696179,finish=1456047268761839882,duration=377143703[0K$ cd bwhmather/verktyg
$ git checkout -qf cb96c71104637b44bb303c5389d07606d92c535f
travis_fold:end:git.checkout[0K
[33;1mThis job is running on container-based infrastructure, which does not allow use of 'sudo', setuid and setguid executables.[0m
[33;1mIf you require sudo, add 'sudo: required' to your .travis.yml[0m
[33;1mSee https://docs.travis-ci.com/user/workers/container-based-infrastructure/ for details.[0m
travis_time:start:17bddadc[0K$ source ~/virtualenv/python3.4/bin/activate

travis_time:end:17bddadc:start=1456047270970290090,finish=1456047270973861828,duration=3571738[0K$ python --version
Python 3.4.2
$ pip --version
pip 6.0.7 from /home/travis/virtualenv/python3.4.2/lib/python3.4/site-packages (python 3.4)
travis_fold:start:install.1[0Ktravis_time:start:1efd1388[0K$ pip install -e .
Obtaining file:///home/travis/build/bwhmather/verktyg
Collecting werkzeug<0.11,>=0.10 (from verktyg==0.8.5)
  Downloading Werkzeug-0.10.4-py2.py3-none-any.whl (293kB)
[?25l[K    1% |                                | 4.1kB 51.1MB/s eta 0:00:01[K    2% |                                | 8.2kB 30.2MB/s eta 0:00:01[K    4% |#                               | 12kB 29.7MB/s eta 0:00:01[K    5% |#                               | 16kB 27.3MB/s eta 0:00:01[K    6% |##                              | 20kB 28.1MB/s eta 0:00:01[K    8% |##                              | 24kB 27.4MB/s eta 0:00:01[K    9% |###                             | 28kB 28.0MB/s eta 0:00:01[K    11% |###                             | 32kB 5.5MB/s eta 0:00:01[K    12% |####                            | 36kB 6.1MB/s eta 0:00:01[K    13% |####                            | 40kB 6.6MB/s eta 0:00:01[K    15% |####                            | 45kB 6.6MB/s eta 0:00:01[K    16% |#####                           | 49kB 6.6MB/s eta 0:00:01[K    18% |#####                           | 53kB 6.6MB/s eta 0:00:01[K    19% |######                          | 57kB 6.6MB/s eta 0:00:01[K    20% |######                          | 61kB 6.6MB/s eta 0:00:01[K    22% |#######                         | 65kB 6.6MB/s eta 0:00:01[K    23% |#######                         | 69kB 6.6MB/s eta 0:00:01[K    25% |########                        | 73kB 28.8MB/s eta 0:00:01[K    26% |########                        | 77kB 29.1MB/s eta 0:00:01[K    27% |########                        | 81kB 28.1MB/s eta 0:00:01[K    29% |#########                       | 86kB 28.0MB/s eta 0:00:01[K    30% |#########                       | 90kB 29.2MB/s eta 0:00:01[K    32% |##########                      | 94kB 29.1MB/s eta 0:00:01[K    33% |##########                      | 98kB 6.6MB/s eta 0:00:01[K    34% |###########                     | 102kB 6.6MB/s eta 0:00:01[K    36% |###########                     | 106kB 6.6MB/s eta 0:00:01[K    37% |############                    | 110kB 6.6MB/s eta 0:00:01[K    39% |############                    | 114kB 6.6MB/s eta 0:00:01[K    40% |############                    | 118kB 6.6MB/s eta 0:00:01[K    41% |#############                   | 122kB 6.6MB/s eta 0:00:01[K    43% |#############                   | 126kB 6.6MB/s eta 0:00:01[K    44% |##############                  | 131kB 6.6MB/s eta 0:00:01[K    46% |##############                  | 135kB 6.6MB/s eta 0:00:01[K    47% |###############                 | 139kB 28.9MB/s eta 0:00:01[K    48% |###############                 | 143kB 29.1MB/s eta 0:00:01[K    50% |################                | 147kB 28.3MB/s eta 0:00:01[K    51% |################                | 151kB 28.2MB/s eta 0:00:01[K    53% |################                | 155kB 29.2MB/s eta 0:00:01[K    54% |#################               | 159kB 29.2MB/s eta 0:00:01[K    55% |#################               | 163kB 28.3MB/s eta 0:00:01[K    57% |##################              | 167kB 28.3MB/s eta 0:00:01[K    58% |##################              | 172kB 29.7MB/s eta 0:00:01[K    60% |###################             | 176kB 29.9MB/s eta 0:00:01[K    61% |###################             | 180kB 29.1MB/s eta 0:00:01[K    62% |####################            | 184kB 29.1MB/s eta 0:00:01[K    64% |####################            | 188kB 30.0MB/s eta 0:00:01[K    65% |#####################           | 192kB 30.2MB/s eta 0:00:01[K    67% |#####################           | 196kB 8.4MB/s eta 0:00:01[K    68% |#####################           | 200kB 8.4MB/s eta 0:00:01[K    69% |######################          | 204kB 8.5MB/s eta 0:00:01[K    71% |######################          | 208kB 8.5MB/s eta 0:00:01[K    72% |#######################         | 212kB 8.4MB/s eta 0:00:01[K    74% |#######################         | 217kB 8.4MB/s eta 0:00:01[K    75% |########################        | 221kB 8.5MB/s eta 0:00:01[K    76% |########################        | 225kB 8.5MB/s eta 0:00:01[K    78% |#########################       | 229kB 8.3MB/s eta 0:00:01[K    79% |#########################       | 233kB 8.3MB/s eta 0:00:01[K    81% |#########################       | 237kB 29.2MB/s eta 0:00:01[K    82% |##########################      | 241kB 29.3MB/s eta 0:00:01[K    83% |##########################      | 245kB 28.6MB/s eta 0:00:01[K    85% |###########################     | 249kB 28.6MB/s eta 0:00:01[K    86% |###########################     | 253kB 29.5MB/s eta 0:00:01[K    88% |############################    | 258kB 29.5MB/s eta 0:00:01[K    89% |############################    | 262kB 28.6MB/s eta 0:00:01[K    90% |#############################   | 266kB 28.5MB/s eta 0:00:01[K    92% |#############################   | 270kB 30.0MB/s eta 0:00:01[K    93% |#############################   | 274kB 30.1MB/s eta 0:00:01[K    95% |##############################  | 278kB 29.2MB/s eta 0:00:01[K    96% |##############################  | 282kB 29.2MB/s eta 0:00:01[K    97% |############################### | 286kB 30.1MB/s eta 0:00:01[K    99% |############################### | 290kB 30.1MB/s eta 0:00:01[K    100% |################################| 294kB 1.8MB/s 
[?25hInstalling collected packages: verktyg, werkzeug
  Running setup.py develop for verktyg
    Creating /home/travis/virtualenv/python3.4.2/lib/python3.4/site-packages/verktyg.egg-link (link to .)
    Adding verktyg 0.8.5 to easy-install.pth file
    Installed /home/travis/build/bwhmather/verktyg

Successfully installed verktyg werkzeug-0.10.4

travis_time:end:1efd1388:start=1456047271371809956,finish=1456047272518106400,duration=1146296444[0Ktravis_fold:end:install.1[0Ktravis_fold:start:install.2[0Ktravis_time:start:228a80e4[0K$ pip install coveralls
Collecting coveralls
  Downloading coveralls-1.1-py2.py3-none-any.whl
Collecting requests>=1.0.0 (from coveralls)
  Downloading requests-2.9.1-py2.py3-none-any.whl (501kB)
[?25l[K    0% |                                | 4.1kB 46.7MB/s eta 0:00:01[K    1% |                                | 8.2kB 28.8MB/s eta 0:00:01[K    2% |                                | 12kB 28.7MB/s eta 0:00:01[K    3% |#                               | 16kB 2.7MB/s eta 0:00:01[K    4% |#                               | 20kB 3.3MB/s eta 0:00:01[K    4% |#                               | 24kB 3.9MB/s eta 0:00:01[K    5% |#                               | 28kB 4.4MB/s eta 0:00:01[K    6% |##                              | 32kB 4.9MB/s eta 0:00:01[K    7% |##                              | 36kB 5.4MB/s eta 0:00:01[K    8% |##                              | 40kB 5.8MB/s eta 0:00:01[K    8% |##                              | 45kB 5.8MB/s eta 0:00:01[K    9% |###                             | 49kB 3.2MB/s eta 0:00:01[K    10% |###                             | 53kB 3.2MB/s eta 0:00:01[K    11% |###                             | 57kB 5.6MB/s eta 0:00:01[K    12% |###                             | 61kB 5.6MB/s eta 0:00:01[K    13% |####                            | 65kB 5.5MB/s eta 0:00:01[K    13% |####                            | 69kB 5.5MB/s eta 0:00:01[K    14% |####                            | 73kB 5.6MB/s eta 0:00:01[K    15% |####                            | 77kB 5.6MB/s eta 0:00:01[K    16% |#####                           | 81kB 5.6MB/s eta 0:00:01[K    17% |#####                           | 86kB 5.5MB/s eta 0:00:01[K    17% |#####                           | 90kB 27.0MB/s eta 0:00:01[K    18% |######                          | 94kB 27.2MB/s eta 0:00:01[K    19% |######                          | 98kB 26.4MB/s eta 0:00:01[K    20% |######                          | 102kB 26.6MB/s eta 0:00:01[K    21% |######                          | 106kB 27.6MB/s eta 0:00:01[K    22% |#######                         | 110kB 27.6MB/s eta 0:00:01[K    22% |#######                         | 114kB 27.0MB/s eta 0:00:01[K    23% |#######                         | 118kB 27.1MB/s eta 0:00:01[K    24% |#######                         | 122kB 27.9MB/s eta 0:00:01[K    25% |########                        | 126kB 29.6MB/s eta 0:00:01[K    26% |########                        | 131kB 7.3MB/s eta 0:00:01[K    26% |########                        | 135kB 7.2MB/s eta 0:00:01[K    27% |########                        | 139kB 7.2MB/s eta 0:00:01[K    28% |#########                       | 143kB 7.2MB/s eta 0:00:01[K    29% |#########                       | 147kB 6.6MB/s eta 0:00:01[K    30% |#########                       | 151kB 6.6MB/s eta 0:00:01[K    31% |#########                       | 155kB 6.6MB/s eta 0:00:01[K    31% |##########                      | 159kB 6.6MB/s eta 0:00:01[K    32% |##########                      | 163kB 6.6MB/s eta 0:00:01[K    33% |##########                      | 167kB 6.6MB/s eta 0:00:01[K    34% |##########                      | 172kB 20.6MB/s eta 0:00:01[K    35% |###########                     | 176kB 21.0MB/s eta 0:00:01[K    35% |###########                     | 180kB 20.8MB/s eta 0:00:01[K    36% |###########                     | 184kB 20.8MB/s eta 0:00:01[K    37% |############                    | 188kB 28.8MB/s eta 0:00:01[K    38% |############                    | 192kB 29.0MB/s eta 0:00:01[K    39% |############                    | 196kB 28.1MB/s eta 0:00:01[K    40% |############                    | 200kB 28.1MB/s eta 0:00:01[K    40% |#############                   | 204kB 29.3MB/s eta 0:00:01[K    41% |#############                   | 208kB 29.3MB/s eta 0:00:01[K    42% |#############                   | 212kB 28.5MB/s eta 0:00:01[K    43% |#############                   | 217kB 28.5MB/s eta 0:00:01[K    44% |##############                  | 221kB 29.4MB/s eta 0:00:01[K    44% |##############                  | 225kB 29.4MB/s eta 0:00:01[K    45% |##############                  | 229kB 28.6MB/s eta 0:00:01[K    46% |##############                  | 233kB 28.5MB/s eta 0:00:01[K    47% |###############                 | 237kB 28.9MB/s eta 0:00:01[K    48% |###############                 | 241kB 28.9MB/s eta 0:00:01[K    49% |###############                 | 245kB 9.6MB/s eta 0:00:01[K    49% |###############                 | 249kB 9.6MB/s eta 0:00:01[K    50% |################                | 253kB 9.7MB/s eta 0:00:01[K    51% |################                | 258kB 9.7MB/s eta 0:00:01[K    52% |################                | 262kB 9.6MB/s eta 0:00:01[K    53% |################                | 266kB 9.6MB/s eta 0:00:01[K    53% |#################               | 270kB 9.6MB/s eta 0:00:01[K    54% |#################               | 274kB 9.6MB/s eta 0:00:01[K    55% |#################               | 278kB 9.5MB/s eta 0:00:01[K    56% |##################              | 282kB 9.5MB/s eta 0:00:01[K    57% |##################              | 286kB 27.6MB/s eta 0:00:01[K    58% |##################              | 290kB 27.8MB/s eta 0:00:01[K    58% |##################              | 294kB 26.3MB/s eta 0:00:01[K    59% |###################             | 299kB 26.2MB/s eta 0:00:01[K    60% |###################             | 303kB 27.1MB/s eta 0:00:01[K    61% |###################             | 307kB 27.3MB/s eta 0:00:01[K    62% |###################             | 311kB 26.9MB/s eta 0:00:01[K    62% |####################            | 315kB 27.1MB/s eta 0:00:01[K    63% |####################            | 319kB 28.3MB/s eta 0:00:01[K    64% |####################            | 323kB 28.4MB/s eta 0:00:01[K    65% |####################            | 327kB 27.5MB/s eta 0:00:01[K    66% |#####################           | 331kB 27.5MB/s eta 0:00:01[K    67% |#####################           | 335kB 29.2MB/s eta 0:00:01[K    67% |#####################           | 339kB 29.4MB/s eta 0:00:01[K    68% |#####################           | 344kB 28.6MB/s eta 0:00:01[K    69% |######################          | 348kB 28.5MB/s eta 0:00:01[K    70% |######################          | 352kB 29.5MB/s eta 0:00:01[K    71% |######################          | 356kB 29.6MB/s eta 0:00:01[K    71% |#######################         | 360kB 28.7MB/s eta 0:00:01[K    72% |#######################         | 364kB 28.6MB/s eta 0:00:01[K    73% |#######################         | 368kB 29.6MB/s eta 0:00:01[K    74% |#######################         | 372kB 29.6MB/s eta 0:00:01[K    75% |########################        | 376kB 28.7MB/s eta 0:00:01[K    76% |########################        | 380kB 28.7MB/s eta 0:00:01[K    76% |########################        | 385kB 29.0MB/s eta 0:00:01[K    77% |########################        | 389kB 29.0MB/s eta 0:00:01[K    78% |#########################       | 393kB 28.2MB/s eta 0:00:01[K    79% |#########################       | 397kB 28.2MB/s eta 0:00:01[K    80% |#########################       | 401kB 29.0MB/s eta 0:00:01[K    80% |#########################       | 405kB 29.1MB/s eta 0:00:01[K    81% |##########################      | 409kB 28.3MB/s eta 0:00:01[K    82% |##########################      | 413kB 28.2MB/s eta 0:00:01[K    83% |##########################      | 417kB 29.1MB/s eta 0:00:01[K    84% |##########################      | 421kB 29.1MB/s eta 0:00:01[K    84% |###########################     | 425kB 28.7MB/s eta 0:00:01[K    85% |###########################     | 430kB 28.7MB/s eta 0:00:01[K    86% |###########################     | 434kB 29.6MB/s eta 0:00:01[K    87% |###########################     | 438kB 29.7MB/s eta 0:00:01[K    88% |############################    | 442kB 28.8MB/s eta 0:00:01[K    89% |############################    | 446kB 28.8MB/s eta 0:00:01[K    89% |############################    | 450kB 29.7MB/s eta 0:00:01[K    90% |#############################   | 454kB 29.8MB/s eta 0:00:01[K    91% |#############################   | 458kB 28.9MB/s eta 0:00:01[K    92% |#############################   | 462kB 28.9MB/s eta 0:00:01[K    93% |#############################   | 466kB 29.7MB/s eta 0:00:01[K    93% |##############################  | 471kB 29.8MB/s eta 0:00:01[K    94% |##############################  | 475kB 28.8MB/s eta 0:00:01[K    95% |##############################  | 479kB 28.8MB/s eta 0:00:01[K    96% |##############################  | 483kB 29.6MB/s eta 0:00:01[K    97% |############################### | 487kB 29.6MB/s eta 0:00:01[K    98% |############################### | 491kB 29.0MB/s eta 0:00:01[K    98% |############################### | 495kB 28.9MB/s eta 0:00:01[K    99% |############################### | 499kB 29.4MB/s eta 0:00:01[K    100% |################################| 503kB 1.2MB/s 
[?25hCollecting docopt>=0.6.1 (from coveralls)
  Downloading docopt-0.6.2.tar.gz
Collecting coverage>=3.6 (from coveralls)
  Downloading coverage-4.0.3.tar.gz (354kB)
[?25l[K    1% |                                | 4.1kB 51.0MB/s eta 0:00:01[K    2% |                                | 8.2kB 30.5MB/s eta 0:00:01[K    3% |#                               | 12kB 30.2MB/s eta 0:00:01[K    4% |#                               | 16kB 26.6MB/s eta 0:00:01[K    5% |#                               | 20kB 27.3MB/s eta 0:00:01[K    6% |##                              | 24kB 27.7MB/s eta 0:00:01[K    8% |##                              | 28kB 28.3MB/s eta 0:00:01[K    9% |##                              | 32kB 27.5MB/s eta 0:00:01[K    10% |###                             | 36kB 27.9MB/s eta 0:00:01[K    11% |###                             | 40kB 28.1MB/s eta 0:00:01[K    12% |####                            | 45kB 27.2MB/s eta 0:00:01[K    13% |####                            | 49kB 27.4MB/s eta 0:00:01[K    15% |####                            | 53kB 26.9MB/s eta 0:00:01[K    16% |#####                           | 57kB 28.2MB/s eta 0:00:01[K    17% |#####                           | 61kB 28.2MB/s eta 0:00:01[K    18% |#####                           | 65kB 27.4MB/s eta 0:00:01[K    19% |######                          | 69kB 27.4MB/s eta 0:00:01[K    20% |######                          | 73kB 28.1MB/s eta 0:00:01[K    21% |#######                         | 77kB 28.3MB/s eta 0:00:01[K    23% |#######                         | 81kB 27.3MB/s eta 0:00:01[K    24% |#######                         | 86kB 27.3MB/s eta 0:00:01[K    25% |########                        | 90kB 28.1MB/s eta 0:00:01[K    26% |########                        | 94kB 28.9MB/s eta 0:00:01[K    27% |########                        | 98kB 28.1MB/s eta 0:00:01[K    28% |#########                       | 102kB 28.3MB/s eta 0:00:01[K    30% |#########                       | 106kB 29.2MB/s eta 0:00:01[K    31% |#########                       | 110kB 29.3MB/s eta 0:00:01[K    32% |##########                      | 114kB 28.6MB/s eta 0:00:01[K    33% |##########                      | 118kB 28.5MB/s eta 0:00:01[K    34% |###########                     | 122kB 29.5MB/s eta 0:00:01[K    35% |###########                     | 126kB 29.6MB/s eta 0:00:01[K    36% |###########                     | 131kB 28.7MB/s eta 0:00:01[K    38% |############                    | 135kB 28.8MB/s eta 0:00:01[K    39% |############                    | 139kB 29.6MB/s eta 0:00:01[K    40% |############                    | 143kB 29.6MB/s eta 0:00:01[K    41% |#############                   | 147kB 28.7MB/s eta 0:00:01[K    42% |#############                   | 151kB 28.7MB/s eta 0:00:01[K    43% |##############                  | 155kB 29.6MB/s eta 0:00:01[K    45% |##############                  | 159kB 29.6MB/s eta 0:00:01[K    46% |##############                  | 163kB 28.8MB/s eta 0:00:01[K    47% |###############                 | 167kB 28.1MB/s eta 0:00:01[K    48% |###############                 | 172kB 28.9MB/s eta 0:00:01[K    49% |###############                 | 176kB 28.8MB/s eta 0:00:01[K    50% |################                | 180kB 27.4MB/s eta 0:00:01[K    51% |################                | 184kB 27.3MB/s eta 0:00:01[K    53% |#################               | 188kB 28.1MB/s eta 0:00:01[K    54% |#################               | 192kB 28.1MB/s eta 0:00:01[K    55% |#################               | 196kB 27.3MB/s eta 0:00:01[K    56% |##################              | 200kB 27.4MB/s eta 0:00:01[K    57% |##################              | 204kB 28.0MB/s eta 0:00:01[K    58% |##################              | 208kB 28.7MB/s eta 0:00:01[K    60% |###################             | 212kB 27.4MB/s eta 0:00:01[K    61% |###################             | 217kB 27.4MB/s eta 0:00:01[K    62% |###################             | 221kB 28.9MB/s eta 0:00:01[K    63% |####################            | 225kB 29.0MB/s eta 0:00:01[K    64% |####################            | 229kB 28.2MB/s eta 0:00:01[K    65% |#####################           | 233kB 28.1MB/s eta 0:00:01[K    67% |#####################           | 237kB 29.0MB/s eta 0:00:01[K    68% |#####################           | 241kB 28.9MB/s eta 0:00:01[K    69% |######################          | 245kB 28.2MB/s eta 0:00:01[K    70% |######################          | 249kB 28.2MB/s eta 0:00:01[K    71% |######################          | 253kB 29.5MB/s eta 0:00:01[K    72% |#######################         | 258kB 29.6MB/s eta 0:00:01[K    73% |#######################         | 262kB 28.8MB/s eta 0:00:01[K    75% |########################        | 266kB 28.7MB/s eta 0:00:01[K    76% |########################        | 270kB 29.5MB/s eta 0:00:01[K    77% |########################        | 274kB 29.6MB/s eta 0:00:01[K    78% |#########################       | 278kB 28.7MB/s eta 0:00:01[K    79% |#########################       | 282kB 28.0MB/s eta 0:00:01[K    80% |#########################       | 286kB 28.8MB/s eta 0:00:01[K    82% |##########################      | 290kB 28.9MB/s eta 0:00:01[K    83% |##########################      | 294kB 28.0MB/s eta 0:00:01[K    84% |##########################      | 299kB 28.0MB/s eta 0:00:01[K    85% |###########################     | 303kB 28.7MB/s eta 0:00:01[K    86% |###########################     | 307kB 28.7MB/s eta 0:00:01[K    87% |############################    | 311kB 27.9MB/s eta 0:00:01[K    88% |############################    | 315kB 27.9MB/s eta 0:00:01[K    90% |############################    | 319kB 28.7MB/s eta 0:00:01[K    91% |#############################   | 323kB 29.5MB/s eta 0:00:01[K    92% |#############################   | 327kB 28.6MB/s eta 0:00:01[K    93% |#############################   | 331kB 28.6MB/s eta 0:00:01[K    94% |##############################  | 335kB 29.5MB/s eta 0:00:01[K    95% |##############################  | 339kB 29.6MB/s eta 0:00:01[K    97% |############################### | 344kB 29.0MB/s eta 0:00:01[K    98% |############################### | 348kB 28.9MB/s eta 0:00:01[K    99% |############################### | 352kB 29.9MB/s eta 0:00:01[K    100% |################################| 356kB 1.7MB/s 
[?25hInstalling collected packages: coverage, docopt, requests, coveralls
  Running setup.py install for coverage
    building 'coverage.tracer' extension
    gcc -pthread -Wno-unused-result -DNDEBUG -g -fwrapv -O3 -Wall -Wstrict-prototypes -g -fstack-protector --param=ssp-buffer-size=4 -Wformat -Werror=format-security -fPIC -I/opt/python/3.4.2/include/python3.4m -c coverage/ctracer/datastack.c -o build/temp.linux-x86_64-3.4/coverage/ctracer/datastack.o
    gcc -pthread -Wno-unused-result -DNDEBUG -g -fwrapv -O3 -Wall -Wstrict-prototypes -g -fstack-protector --param=ssp-buffer-size=4 -Wformat -Werror=format-security -fPIC -I/opt/python/3.4.2/include/python3.4m -c coverage/ctracer/filedisp.c -o build/temp.linux-x86_64-3.4/coverage/ctracer/filedisp.o
    gcc -pthread -Wno-unused-result -DNDEBUG -g -fwrapv -O3 -Wall -Wstrict-prototypes -g -fstack-protector --param=ssp-buffer-size=4 -Wformat -Werror=format-security -fPIC -I/opt/python/3.4.2/include/python3.4m -c coverage/ctracer/module.c -o build/temp.linux-x86_64-3.4/coverage/ctracer/module.o
    gcc -pthread -Wno-unused-result -DNDEBUG -g -fwrapv -O3 -Wall -Wstrict-prototypes -g -fstack-protector --param=ssp-buffer-size=4 -Wformat -Werror=format-security -fPIC -I/opt/python/3.4.2/include/python3.4m -c coverage/ctracer/tracer.c -o build/temp.linux-x86_64-3.4/coverage/ctracer/tracer.o
    gcc -pthread -shared -L/opt/python/3.4.2/lib -Wl,-rpath=/opt/python/3.4.2/lib build/temp.linux-x86_64-3.4/coverage/ctracer/datastack.o build/temp.linux-x86_64-3.4/coverage/ctracer/filedisp.o build/temp.linux-x86_64-3.4/coverage/ctracer/module.o build/temp.linux-x86_64-3.4/coverage/ctracer/tracer.o -L/opt/python/3.4.2/lib -lpython3.4m -o build/lib.linux-x86_64-3.4/coverage/tracer.cpython-34m.so
    Installing coverage-3.4 script to /home/travis/virtualenv/python3.4.2/bin
    Installing coverage3 script to /home/travis/virtualenv/python3.4.2/bin
    Installing coverage script to /home/travis/virtualenv/python3.4.2/bin
  Running setup.py install for docopt


Successfully installed coverage-4.0.3 coveralls-1.1 docopt-0.6.2 requests-2.9.1

travis_time:end:228a80e4:start=1456047272521752364,finish=1456047275532318762,duration=3010566398[0Ktravis_fold:end:install.2[0Ktravis_fold:start:install.3[0Ktravis_time:start:00685890[0K$ pip install pyflakes
Collecting pyflakes
  Downloading pyflakes-1.0.0-py2.py3-none-any.whl (152kB)
[?25l[K    2% |                                | 4.1kB 46.2MB/s eta 0:00:01[K    5% |#                               | 8.2kB 28.0MB/s eta 0:00:01[K    8% |##                              | 12kB 28.1MB/s eta 0:00:01[K    10% |###                             | 16kB 26.2MB/s eta 0:00:01[K    13% |####                            | 20kB 27.0MB/s eta 0:00:01[K    16% |#####                           | 24kB 27.3MB/s eta 0:00:01[K    18% |######                          | 28kB 27.8MB/s eta 0:00:01[K    21% |######                          | 32kB 5.5MB/s eta 0:00:01[K    24% |#######                         | 36kB 6.0MB/s eta 0:00:01[K    26% |########                        | 40kB 6.5MB/s eta 0:00:01[K    29% |#########                       | 45kB 6.5MB/s eta 0:00:01[K    32% |##########                      | 49kB 6.5MB/s eta 0:00:01[K    34% |###########                     | 53kB 6.5MB/s eta 0:00:01[K    37% |############                    | 57kB 6.5MB/s eta 0:00:01[K    40% |############                    | 61kB 6.5MB/s eta 0:00:01[K    42% |#############                   | 65kB 6.5MB/s eta 0:00:01[K    45% |##############                  | 69kB 6.5MB/s eta 0:00:01[K    48% |###############                 | 73kB 27.8MB/s eta 0:00:01[K    50% |################                | 77kB 28.5MB/s eta 0:00:01[K    53% |#################               | 81kB 27.6MB/s eta 0:00:01[K    56% |##################              | 86kB 27.7MB/s eta 0:00:01[K    59% |##################              | 90kB 29.0MB/s eta 0:00:01[K    61% |###################             | 94kB 29.2MB/s eta 0:00:01[K    64% |####################            | 98kB 6.4MB/s eta 0:00:01[K    67% |#####################           | 102kB 6.4MB/s eta 0:00:01[K    69% |######################          | 106kB 6.4MB/s eta 0:00:01[K    72% |#######################         | 110kB 6.4MB/s eta 0:00:01[K    75% |########################        | 114kB 6.4MB/s eta 0:00:01[K    77% |########################        | 118kB 6.4MB/s eta 0:00:01[K    80% |#########################       | 122kB 6.4MB/s eta 0:00:01[K    83% |##########################      | 126kB 6.4MB/s eta 0:00:01[K    85% |###########################     | 131kB 6.3MB/s eta 0:00:01[K    88% |############################    | 135kB 6.3MB/s eta 0:00:01[K    91% |#############################   | 139kB 27.7MB/s eta 0:00:01[K    93% |##############################  | 143kB 27.9MB/s eta 0:00:01[K    96% |##############################  | 147kB 27.5MB/s eta 0:00:01[K    99% |############################### | 151kB 27.5MB/s eta 0:00:01[K    100% |################################| 155kB 4.3MB/s 
[?25hInstalling collected packages: pyflakes

Successfully installed pyflakes-1.0.0

travis_time:end:00685890:start=1456047275536023510,finish=1456047276028049316,duration=492025806[0Ktravis_fold:end:install.3[0Ktravis_fold:start:install.4[0Ktravis_time:start:000ad016[0K$ pip install pep8
Collecting pep8
  Downloading pep8-1.7.0-py2.py3-none-any.whl (41kB)
[?25l[K    9% |###                             | 4.1kB 46.2MB/s eta 0:00:01[K    19% |######                          | 8.2kB 28.0MB/s eta 0:00:01[K    29% |#########                       | 12kB 28.4MB/s eta 0:00:01[K    39% |############                    | 16kB 26.4MB/s eta 0:00:01[K    49% |###############                 | 20kB 26.0MB/s eta 0:00:01[K    59% |###################             | 24kB 26.3MB/s eta 0:00:01[K    69% |######################          | 28kB 26.9MB/s eta 0:00:01[K    79% |#########################       | 32kB 26.5MB/s eta 0:00:01[K    89% |############################    | 36kB 26.9MB/s eta 0:00:01[K    99% |############################### | 40kB 27.2MB/s eta 0:00:01[K    100% |################################| 45kB 8.6MB/s 
[?25hInstalling collected packages: pep8

Successfully installed pep8-1.7.0

travis_time:end:000ad016:start=1456047276032200557,finish=1456047276487350236,duration=455149679[0Ktravis_fold:end:install.4[0Ktravis_time:start:349a2c1a[0K$ coverage run --source=verktyg setup.py test
running test
running egg_info
writing verktyg.egg-info/PKG-INFO
writing dependency_links to verktyg.egg-info/dependency_links.txt
writing top-level names to verktyg.egg-info/top_level.txt
writing requirements to verktyg.egg-info/requires.txt
reading manifest file 'verktyg.egg-info/SOURCES.txt'
reading manifest template 'MANIFEST.in'
writing manifest file 'verktyg.egg-info/SOURCES.txt'
running build_ext
test_append_slash_redirect (verktyg.testsuite.test_utils.UtilsTestCase) ... ERROR
test_cached_property (verktyg.testsuite.test_utils.UtilsTestCase) ... ok
test_cached_property_doc (verktyg.testsuite.test_utils.UtilsTestCase) ... ok
test_can_set_cached_property (verktyg.testsuite.test_utils.UtilsTestCase) ... ok
test_environ_property (verktyg.testsuite.test_utils.UtilsTestCase) ... ok
test_inspect_treats_cached_property_as_property (verktyg.testsuite.test_utils.UtilsTestCase) ... ok
test_redirect (verktyg.testsuite.test_utils.UtilsTestCase) ... ok
test_redirect_no_unicode_header_keys (verktyg.testsuite.test_utils.UtilsTestCase) ... ok
test_redirect_with_custom_response_class (verktyg.testsuite.test_utils.UtilsTestCase) ... ok
test_redirect_xss (verktyg.testsuite.test_utils.UtilsTestCase) ... ok
test_secure_filename (verktyg.testsuite.test_utils.UtilsTestCase) ... ok
test_validate_arguments (verktyg.testsuite.test_utils.UtilsTestCase) ... ok
test_callback_dict_reads (verktyg.testsuite.test_datastructures.CallbackDictTestCase) ... ok
test_callback_dict_writes (verktyg.testsuite.test_datastructures.CallbackDictTestCase) ... ok
test_basic_interface (verktyg.testsuite.test_datastructures.CombinedMultiDictTestCase) ... ok
test_length (verktyg.testsuite.test_datastructures.CombinedMultiDictTestCase) ... ok
test_copies_are_mutable (verktyg.testsuite.test_datastructures.ImmutableDictTestCase) ... ok
test_dict_is_hashable (verktyg.testsuite.test_datastructures.ImmutableDictTestCase) ... ok
test_follows_dict_interface (verktyg.testsuite.test_datastructures.ImmutableDictTestCase) ... ok
test_list_hashable (verktyg.testsuite.test_datastructures.ImmutableListTestCase) ... ok
test_copies_are_mutable (verktyg.testsuite.test_datastructures.ImmutableMultiDictTestCase) ... ok
test_dict_is_hashable (verktyg.testsuite.test_datastructures.ImmutableMultiDictTestCase) ... ok
test_follows_dict_interface (verktyg.testsuite.test_datastructures.ImmutableMultiDictTestCase) ... ok
test_multidict_is_hashable (verktyg.testsuite.test_datastructures.ImmutableMultiDictTestCase) ... ok
test_copies_are_mutable (verktyg.testsuite.test_datastructures.ImmutableOrderedMultiDictTestCase) ... ok
test_dict_is_hashable (verktyg.testsuite.test_datastructures.ImmutableOrderedMultiDictTestCase) ... ok
test_follows_dict_interface (verktyg.testsuite.test_datastructures.ImmutableOrderedMultiDictTestCase) ... ok
test_ordered_multidict_is_hashable (verktyg.testsuite.test_datastructures.ImmutableOrderedMultiDictTestCase) ... ok
test_copies_are_mutable (verktyg.testsuite.test_datastructures.ImmutableTypeConversionDictTestCase) ... ok
test_dict_is_hashable (verktyg.testsuite.test_datastructures.ImmutableTypeConversionDictTestCase) ... ok
test_follows_dict_interface (verktyg.testsuite.test_datastructures.ImmutableTypeConversionDictTestCase) ... ok
test_basic_interface (verktyg.testsuite.test_datastructures.MultiDictTestCase) ... ok
test_iter_interfaces (verktyg.testsuite.test_datastructures.MultiDictTestCase) ... ok
test_multidict_pop (verktyg.testsuite.test_datastructures.MultiDictTestCase) ... ok
test_pickle (verktyg.testsuite.test_datastructures.MultiDictTestCase) ... ok
test_setlistdefault (verktyg.testsuite.test_datastructures.MultiDictTestCase) ... ok
test_basic (verktyg.testsuite.test_datastructures.NativeItermethodsTestCase) ... ok
test_basic_interface (verktyg.testsuite.test_datastructures.OrderedMultiDictTestCase) ... ok
test_iterables (verktyg.testsuite.test_datastructures.OrderedMultiDictTestCase) ... ok
test_ordered_interface (verktyg.testsuite.test_datastructures.OrderedMultiDictTestCase) ... ok
test_pickle (verktyg.testsuite.test_datastructures.OrderedMultiDictTestCase) ... ok
test_aborter_custom (verktyg.testsuite.test_exceptions.ExceptionsTestCase) ... ok
test_aborter_general (verktyg.testsuite.test_exceptions.ExceptionsTestCase) ... ok
test_exception_repr (verktyg.testsuite.test_exceptions.ExceptionsTestCase) ... ok
test_parse_authorization_header (verktyg.testsuite.test_http.AuthorizationTestCase) ... ok
test_cache_control_header (verktyg.testsuite.test_http.CacheControlTestCase) ... ok
test_repr (verktyg.testsuite.test_http.CacheControlTestCase) ... ok
test_parse_content_range (verktyg.testsuite.test_http.ContentRangeTestCase) ... ok
test_parse_etags (verktyg.testsuite.test_http.ETagsTestCase) ... ok
test_cookie_domain_encoding (verktyg.testsuite.test_http.HTTPUtilityTestCase) ... ok
test_cookie_domain_resolving (verktyg.testsuite.test_http.HTTPUtilityTestCase) ... ok
test_cookie_quoting (verktyg.testsuite.test_http.HTTPUtilityTestCase) ... ok
test_cookie_unicode_dumping (verktyg.testsuite.test_http.HTTPUtilityTestCase) ... ok
test_cookie_unicode_keys (verktyg.testsuite.test_http.HTTPUtilityTestCase) ... ok
test_cookie_unicode_parsing (verktyg.testsuite.test_http.HTTPUtilityTestCase) ... ok
test_cookies (verktyg.testsuite.test_http.HTTPUtilityTestCase) ... ok
test_date_formatting (verktyg.testsuite.test_http.HTTPUtilityTestCase) ... ok
test_dict_header (verktyg.testsuite.test_http.HTTPUtilityTestCase) ... ok
test_dump_header (verktyg.testsuite.test_http.HTTPUtilityTestCase) ... ok
test_dump_options_header (verktyg.testsuite.test_http.HTTPUtilityTestCase) ... ok
test_etags_nonzero (verktyg.testsuite.test_http.HTTPUtilityTestCase) ... ok
test_is_resource_modified (verktyg.testsuite.test_http.HTTPUtilityTestCase) ... ok
test_list_header (verktyg.testsuite.test_http.HTTPUtilityTestCase) ... ok
test_parse_date (verktyg.testsuite.test_http.HTTPUtilityTestCase) ... ok
test_parse_date_overflows (verktyg.testsuite.test_http.HTTPUtilityTestCase) ... ok
test_parse_options_header (verktyg.testsuite.test_http.HTTPUtilityTestCase) ... ok
test_remove_entity_headers (verktyg.testsuite.test_http.HTTPUtilityTestCase) ... ok
test_remove_hop_by_hop_headers (verktyg.testsuite.test_http.HTTPUtilityTestCase) ... ok
test_basic_interface (verktyg.testsuite.test_http.HeaderSetTestCase) ... ok
test_parse_set_header (verktyg.testsuite.test_http.HeaderSetTestCase) ... ok
test_basic_interface (verktyg.testsuite.test_http.HeadersTestCase) ... ok
test_bytes_operations (verktyg.testsuite.test_http.HeadersTestCase) ... ok
test_copying (verktyg.testsuite.test_http.HeadersTestCase) ... ok
test_defaults_and_conversion (verktyg.testsuite.test_http.HeadersTestCase) ... ok
test_header_set_duplication_bug (verktyg.testsuite.test_http.HeadersTestCase) ... ok
test_popping (verktyg.testsuite.test_http.HeadersTestCase) ... ok
test_reject_newlines (verktyg.testsuite.test_http.HeadersTestCase) ... ok
test_set_arguments (verktyg.testsuite.test_http.HeadersTestCase) ... ok
test_slicing (verktyg.testsuite.test_http.HeadersTestCase) ... ok
test_to_wsgi_list (verktyg.testsuite.test_http.HeadersTestCase) ... ok
test_parse_if_range_header (verktyg.testsuite.test_http.IfRangeTestCase) ... ok
test_parse_range (verktyg.testsuite.test_http.RangeTestCase) ... ok
test_parse_www_authenticate_header (verktyg.testsuite.test_http.WWWAuthenticateTestCase) ... ok
test_basic_interface (verktyg.testsuite.test_wsgi.EnvironHeadersTestCase) ... ok
test_bytes_operations (verktyg.testsuite.test_wsgi.EnvironHeadersTestCase) ... ok
test_return_type_is_unicode (verktyg.testsuite.test_wsgi.EnvironHeadersTestCase) ... ok
test_dispatchermiddleware (verktyg.testsuite.test_wsgi.WsgiTestCase) ... ok
test_get_current_url_unicode (verktyg.testsuite.test_wsgi.WsgiTestCase) ... ok
test_get_host (verktyg.testsuite.test_wsgi.WsgiTestCase) ... ERROR
test_get_host_fallback (verktyg.testsuite.test_wsgi.WsgiTestCase) ... ok
test_get_host_multiple_forwarded (verktyg.testsuite.test_wsgi.WsgiTestCase) ... ERROR
test_get_host_validation (verktyg.testsuite.test_wsgi.WsgiTestCase) ... ok
test_iter_functions_support_iterators (verktyg.testsuite.test_wsgi.WsgiTestCase) ... ok
test_limited_stream (verktyg.testsuite.test_wsgi.WsgiTestCase) ... ok
test_limited_stream_disconnection (verktyg.testsuite.test_wsgi.WsgiTestCase) ... ok
test_lines_longer_buffer_size (verktyg.testsuite.test_wsgi.WsgiTestCase) ... ok
test_make_chunk_iter (verktyg.testsuite.test_wsgi.WsgiTestCase) ... ok
test_make_chunk_iter_bytes (verktyg.testsuite.test_wsgi.WsgiTestCase) ... ok
test_multi_part_line_breaks (verktyg.testsuite.test_wsgi.WsgiTestCase) ... ok
test_multi_part_line_breaks_bytes (verktyg.testsuite.test_wsgi.WsgiTestCase) ... ok
test_multi_part_line_breaks_problematic (verktyg.testsuite.test_wsgi.WsgiTestCase) ... ok
test_path_info_and_script_name_fetching (verktyg.testsuite.test_wsgi.WsgiTestCase) ... ERROR
test_path_info_extraction (verktyg.testsuite.test_wsgi.WsgiTestCase) ... ERROR
test_peek_path_info (verktyg.testsuite.test_wsgi.WsgiTestCase) ... ok
test_pop_path_info (verktyg.testsuite.test_wsgi.WsgiTestCase) ... ok
test_query_string_fetching (verktyg.testsuite.test_wsgi.WsgiTestCase) ... ok
test_responder (verktyg.testsuite.test_wsgi.WsgiTestCase) ... ok
test_shared_data_middleware (verktyg.testsuite.test_wsgi.WsgiTestCase) ... ok
test_shareddatamiddleware_get_file_loader (verktyg.testsuite.test_wsgi.WsgiTestCase) ... ok
test_access_route (verktyg.testsuite.test_requests.RequestsTestCase) ... ok
test_authorization_mixin (verktyg.testsuite.test_requests.RequestsTestCase) ... ok
test_base_request (verktyg.testsuite.test_requests.RequestsTestCase) ... ok
test_common_request_descriptors_mixin (verktyg.testsuite.test_requests.RequestsTestCase) ... ok
test_data_descriptor_triggers_parsing (verktyg.testsuite.test_requests.RequestsTestCase) ... ok
test_etag_request_mixin (verktyg.testsuite.test_requests.RequestsTestCase) ... ok
test_file_closing (verktyg.testsuite.test_requests.RequestsTestCase) ... ok
test_file_closing_with (verktyg.testsuite.test_requests.RequestsTestCase) ... ok
test_form_data_ordering (verktyg.testsuite.test_requests.RequestsTestCase) ... ok
test_form_parsing_failed (verktyg.testsuite.test_requests.RequestsTestCase) ... ok
test_get_data_method_parsing_caching_behavior (verktyg.testsuite.test_requests.RequestsTestCase) ... ok
test_modified_url_encoding (verktyg.testsuite.test_requests.RequestsTestCase) ... ok
test_other_method_payload (verktyg.testsuite.test_requests.RequestsTestCase) ... ok
test_query_string_is_bytes (verktyg.testsuite.test_requests.RequestsTestCase) ... ok
test_request_method_case_sensitivity (verktyg.testsuite.test_requests.RequestsTestCase) ... ok
test_request_mimetype_always_lowercase (verktyg.testsuite.test_requests.RequestsTestCase) ... ok
test_request_repr (verktyg.testsuite.test_requests.RequestsTestCase) ... ok
test_shallow_mode (verktyg.testsuite.test_requests.RequestsTestCase) ... ok
test_storage_classes (verktyg.testsuite.test_requests.RequestsTestCase) ... ok
test_stream_only_mixing (verktyg.testsuite.test_requests.RequestsTestCase) ... ok
test_stream_wrapping (verktyg.testsuite.test_requests.RequestsTestCase) ... ok
test_url_charset_reflection (verktyg.testsuite.test_requests.RequestsTestCase) ... ok
test_url_request_descriptors (verktyg.testsuite.test_requests.RequestsTestCase) ... ok
test_url_request_descriptors_hosts (verktyg.testsuite.test_requests.RequestsTestCase) ... ok
test_url_request_descriptors_query_quoting (verktyg.testsuite.test_requests.RequestsTestCase) ... ok
test_user_agent_mixin (verktyg.testsuite.test_requests.RequestsTestCase) ... ok
test_authenticate_mixin (verktyg.testsuite.test_responses.ResponsesTestCase) ... ok
test_authenticate_mixin_quoted_qop (verktyg.testsuite.test_responses.ResponsesTestCase) ... ok
test_auto_content_length (verktyg.testsuite.test_responses.ResponsesTestCase) ... ok
test_base_response (verktyg.testsuite.test_responses.ResponsesTestCase) ... ok
test_common_response_descriptors_mixin (verktyg.testsuite.test_responses.ResponsesTestCase) ... ok
test_disabled_auto_content_length (verktyg.testsuite.test_responses.ResponsesTestCase) ... ok
test_etag_response_mixin (verktyg.testsuite.test_responses.ResponsesTestCase) ... ok
test_etag_response_mixin_freezing (verktyg.testsuite.test_responses.ResponsesTestCase) ... ok
test_location_header_autocorrect (verktyg.testsuite.test_responses.ResponsesTestCase) ... ok
test_new_response_iterator_behavior (verktyg.testsuite.test_responses.ResponsesTestCase) ... ok
test_ranges (verktyg.testsuite.test_responses.ResponsesTestCase) ... ok
test_response_304_no_content_length (verktyg.testsuite.test_responses.ResponsesTestCase) ... ok
test_response_freeze (verktyg.testsuite.test_responses.ResponsesTestCase) ... ok
test_response_headers_passthrough (verktyg.testsuite.test_responses.ResponsesTestCase) ... ok
test_response_iter_wrapping (verktyg.testsuite.test_responses.ResponsesTestCase) ... ok
test_response_status_codes (verktyg.testsuite.test_responses.ResponsesTestCase) ... ok
test_response_stream_mixin (verktyg.testsuite.test_responses.ResponsesTestCase) ... ok
test_response_streamed (verktyg.testsuite.test_responses.ResponsesTestCase) ... ok
test_stream_content_length (verktyg.testsuite.test_responses.ResponsesTestCase) ... ok
test_type_forcing (verktyg.testsuite.test_responses.ResponsesTestCase) ... ok
test_urlfication (verktyg.testsuite.test_responses.ResponsesTestCase) ... ok
test_adapter_match_return_route (verktyg.testsuite.test_routing.RoutingTestCase) ... ok
test_adapter_url_parameter_sorting (verktyg.testsuite.test_routing.RoutingTestCase) ... ok
test_alias_redirects (verktyg.testsuite.test_routing.RoutingTestCase) ... ok
test_basic_building (verktyg.testsuite.test_routing.RoutingTestCase) ... ok
test_basic_routing (verktyg.testsuite.test_routing.RoutingTestCase) ... ERROR
test_build_append_unknown (verktyg.testsuite.test_routing.RoutingTestCase) ... ok
test_complex_routing_routes (verktyg.testsuite.test_routing.RoutingTestCase) ... ok
test_converter_parser (verktyg.testsuite.test_routing.RoutingTestCase) ... ok
test_default_converters (verktyg.testsuite.test_routing.RoutingTestCase) ... ok
test_defaults (verktyg.testsuite.test_routing.RoutingTestCase) ... ok
test_double_defaults (verktyg.testsuite.test_routing.RoutingTestCase) ... ok
test_environ_defaults (verktyg.testsuite.test_routing.RoutingTestCase) ... ok
test_environ_nonascii_pathinfo (verktyg.testsuite.test_routing.RoutingTestCase) ... ok
test_external_building_with_port (verktyg.testsuite.test_routing.RoutingTestCase) ... ok
test_external_building_with_port_bind_to_environ (verktyg.testsuite.test_routing.RoutingTestCase) ... ERROR
test_external_building_with_port_bind_to_environ_bad_servername (verktyg.testsuite.test_routing.RoutingTestCase) ... ERROR
test_greedy (verktyg.testsuite.test_routing.RoutingTestCase) ... ok
test_host_matching (verktyg.testsuite.test_routing.RoutingTestCase) ... ok
test_http_host_before_server_name (verktyg.testsuite.test_routing.RoutingTestCase) ... ok
test_map_repr (verktyg.testsuite.test_routing.RoutingTestCase) ... ok
test_non_string_parts (verktyg.testsuite.test_routing.RoutingTestCase) ... ok
test_path (verktyg.testsuite.test_routing.RoutingTestCase) ... ok
test_protocol_joining_bug (verktyg.testsuite.test_routing.RoutingTestCase) ... ok
test_redirect_path_quoting (verktyg.testsuite.test_routing.RoutingTestCase) ... ok
test_request_direct_charset_bug (verktyg.testsuite.test_routing.RoutingTestCase) ... ok
test_request_redirect_default (verktyg.testsuite.test_routing.RoutingTestCase) ... ok
test_request_redirect_default_subdomain (verktyg.testsuite.test_routing.RoutingTestCase) ... ok
test_route_templates (verktyg.testsuite.test_routing.RoutingTestCase) ... ok
test_server_name_casing (verktyg.testsuite.test_routing.RoutingTestCase) ... ok
test_server_name_interpolation (verktyg.testsuite.test_routing.RoutingTestCase) ... ERROR
test_unicode_routes (verktyg.testsuite.test_routing.RoutingTestCase) ... ok
test_uuid_converter (verktyg.testsuite.test_routing.RoutingTestCase) ... ok
test_accept_dispatch (verktyg.testsuite.test_dispatch.DispatchTestCase) ... ok
test_head_fallback (verktyg.testsuite.test_dispatch.DispatchTestCase) ... ok
test_method_dispatch (verktyg.testsuite.test_dispatch.DispatchTestCase) ... ok
test_method_override (verktyg.testsuite.test_dispatch.DispatchTestCase) ... ok
test_name_dispatch (verktyg.testsuite.test_dispatch.DispatchTestCase) ... ok
test_nested (verktyg.testsuite.test_dispatch.DispatchTestCase) ... ok
test_match (verktyg.testsuite.test_accept_content_type.ContentTypeTestCase) ... ok
test_match_basic (verktyg.testsuite.test_accept_content_type.ContentTypeTestCase) ... ok
test_match_quality (verktyg.testsuite.test_accept_content_type.ContentTypeTestCase) ... ok
test_match_subtype_wildcard (verktyg.testsuite.test_accept_content_type.ContentTypeTestCase) ... ok
test_match_wildcard (verktyg.testsuite.test_accept_content_type.ContentTypeTestCase) ... ok
test_parse (verktyg.testsuite.test_accept_content_type.ContentTypeTestCase) ... ok
test_parse_accept_basic (verktyg.testsuite.test_accept_content_type.ContentTypeTestCase) ... ok
test_parse_accept_case (verktyg.testsuite.test_accept_content_type.ContentTypeTestCase) ... ok
test_parse_accept_invalid_params (verktyg.testsuite.test_accept_content_type.ContentTypeTestCase) ... ok
test_parse_accept_multiple (verktyg.testsuite.test_accept_content_type.ContentTypeTestCase) ... ok
test_parse_accept_params (verktyg.testsuite.test_accept_content_type.ContentTypeTestCase) ... ok
test_serialize (verktyg.testsuite.test_accept_content_type.ContentTypeTestCase) ... ok
test_serialize_accept (verktyg.testsuite.test_accept_content_type.ContentTypeTestCase) ... ok
test_serialize_accept_multiple (verktyg.testsuite.test_accept_content_type.ContentTypeTestCase) ... ok
test_serialize_accept_q_before_params (verktyg.testsuite.test_accept_content_type.ContentTypeTestCase) ... ok
test_serialize_accept_redundant_q (verktyg.testsuite.test_accept_content_type.ContentTypeTestCase) ... ok
test_match (verktyg.testsuite.test_accept_language.LanguageTestCase) ... ok
test_match_basic (verktyg.testsuite.test_accept_language.LanguageTestCase) ... ok
test_match_partial (verktyg.testsuite.test_accept_language.LanguageTestCase) ... ok
test_match_quality (verktyg.testsuite.test_accept_language.LanguageTestCase) ... ok
test_match_wildcard (verktyg.testsuite.test_accept_language.LanguageTestCase) ... ok
test_parse (verktyg.testsuite.test_accept_language.LanguageTestCase) ... ok
test_parse_accept_basic (verktyg.testsuite.test_accept_language.LanguageTestCase) ... ok
test_parse_accept_multiple (verktyg.testsuite.test_accept_language.LanguageTestCase) ... ok
test_parse_accept_params (verktyg.testsuite.test_accept_language.LanguageTestCase) ... ok
test_parse_accept_q (verktyg.testsuite.test_accept_language.LanguageTestCase) ... ok
test_serialize (verktyg.testsuite.test_accept_language.LanguageTestCase) ... ok
test_serialize_accept_multiple (verktyg.testsuite.test_accept_language.LanguageTestCase) ... ok
test_serialize_accept_redundant_q (verktyg.testsuite.test_accept_language.LanguageTestCase) ... ok
test_match (verktyg.testsuite.test_accept_charset.CharsetTestCase) ... ok
test_match_basic (verktyg.testsuite.test_accept_charset.CharsetTestCase) ... ok
test_match_quality (verktyg.testsuite.test_accept_charset.CharsetTestCase) ... ok
test_match_wildcard (verktyg.testsuite.test_accept_charset.CharsetTestCase) ... ok
test_parse (verktyg.testsuite.test_accept_charset.CharsetTestCase) ... ok
test_parse_accept_basic (verktyg.testsuite.test_accept_charset.CharsetTestCase) ... ok
test_parse_accept_multiple (verktyg.testsuite.test_accept_charset.CharsetTestCase) ... ok
test_parse_accept_params (verktyg.testsuite.test_accept_charset.CharsetTestCase) ... ok
test_parse_accept_q (verktyg.testsuite.test_accept_charset.CharsetTestCase) ... ok
test_serialize (verktyg.testsuite.test_accept_charset.CharsetTestCase) ... ok
test_serialize_accept (verktyg.testsuite.test_accept_charset.CharsetTestCase) ... ok
test_serialize_accept_multiple (verktyg.testsuite.test_accept_charset.CharsetTestCase) ... ok
test_serialize_accept_redundant_q (verktyg.testsuite.test_accept_charset.CharsetTestCase) ... ok
test_serialize_accept_with_q (verktyg.testsuite.test_accept_charset.CharsetTestCase) ... ok
test_content_type_dispatch (verktyg.testsuite.test_accept.RepresentationTestCase) ... ok
test_not_acceptable (verktyg.testsuite.test_accept.RepresentationTestCase) ... ok
test_select_representation (verktyg.testsuite.test_accept.RepresentationTestCase) ... ok
test_class_view (verktyg.testsuite.test_views.ViewsTestCase) ... ok
test_decorators (verktyg.testsuite.test_views.ViewsTestCase) ... ok
test_basic (verktyg.testsuite.test_application.ApplicationTestCase) ... ok
test_close_request (verktyg.testsuite.test_application.ApplicationTestCase) ... ok
test_exception_content_type (verktyg.testsuite.test_application.ApplicationTestCase) ... ok
test_exception_handlers (verktyg.testsuite.test_application.ApplicationTestCase) ... ok
test_middleware (verktyg.testsuite.test_application.ApplicationTestCase) ... ok
test_iri_safe_conversion (verktyg.testsuite.test_urls.UrlsTestCase) ... ok
test_iri_safe_quoting (verktyg.testsuite.test_urls.UrlsTestCase) ... ok
test_iri_support (verktyg.testsuite.test_urls.UrlsTestCase) ... ok
test_iri_to_uri_idempotence_ascii_only (verktyg.testsuite.test_urls.UrlsTestCase) ... ok
test_iri_to_uri_idempotence_non_ascii (verktyg.testsuite.test_urls.UrlsTestCase) ... ok
test_iri_to_uri_to_iri (verktyg.testsuite.test_urls.UrlsTestCase) ... ok
test_uri_iri_normalization (verktyg.testsuite.test_urls.UrlsTestCase) ... ok
test_uri_to_iri_idempotence_ascii_only (verktyg.testsuite.test_urls.UrlsTestCase) ... ok
test_uri_to_iri_idempotence_non_ascii (verktyg.testsuite.test_urls.UrlsTestCase) ... ok
test_uri_to_iri_to_uri (verktyg.testsuite.test_urls.UrlsTestCase) ... ok
test_url_fixing (verktyg.testsuite.test_urls.UrlsTestCase) ... ERROR
test_url_fixing_filepaths (verktyg.testsuite.test_urls.UrlsTestCase) ... ERROR
test_url_fixing_qs (verktyg.testsuite.test_urls.UrlsTestCase) ... ERROR

======================================================================
ERROR: test_append_slash_redirect (verktyg.testsuite.test_utils.UtilsTestCase)
----------------------------------------------------------------------
Traceback (most recent call last):
  File "/home/travis/build/bwhmather/verktyg/verktyg/testsuite/test_utils.py", line 215, in test_append_slash_redirect
    response = client.get('foo', base_url='http://example.org/app')
  File "/home/travis/build/bwhmather/verktyg/verktyg/test.py", line 806, in get
    return self.open(*args, **kw)
  File "/home/travis/build/bwhmather/verktyg/verktyg/test.py", line 770, in open
    builder = EnvironBuilder(*args, **kwargs)
  File "/home/travis/build/bwhmather/verktyg/verktyg/test.py", line 322, in __init__
    base_url = url_fix(iri_to_uri(base_url, charset), charset)
  File "/home/travis/build/bwhmather/verktyg/verktyg/urls.py", line 107, in url_fix
    (url.scheme, url.encode_netloc(), path, qs, anchor)
AttributeError: 'SplitResult' object has no attribute 'encode_netloc'

======================================================================
ERROR: test_get_host (verktyg.testsuite.test_wsgi.WsgiTestCase)
----------------------------------------------------------------------
Traceback (most recent call last):
  File "/home/travis/build/bwhmather/verktyg/verktyg/testsuite/test_wsgi.py", line 108, in test_get_host
    wsgi.get_host(create_environ('/', 'http://example.org')),
  File "/home/travis/build/bwhmather/verktyg/verktyg/test.py", line 865, in create_environ
    builder = EnvironBuilder(*args, **kwargs)
  File "/home/travis/build/bwhmather/verktyg/verktyg/test.py", line 322, in __init__
    base_url = url_fix(iri_to_uri(base_url, charset), charset)
  File "/home/travis/build/bwhmather/verktyg/verktyg/urls.py", line 107, in url_fix
    (url.scheme, url.encode_netloc(), path, qs, anchor)
AttributeError: 'SplitResult' object has no attribute 'encode_netloc'

======================================================================
ERROR: test_get_host_multiple_forwarded (verktyg.testsuite.test_wsgi.WsgiTestCase)
----------------------------------------------------------------------
Traceback (most recent call last):
  File "/home/travis/build/bwhmather/verktyg/verktyg/testsuite/test_wsgi.py", line 119, in test_get_host_multiple_forwarded
    wsgi.get_host(create_environ('/', 'http://example.com')),
  File "/home/travis/build/bwhmather/verktyg/verktyg/test.py", line 865, in create_environ
    builder = EnvironBuilder(*args, **kwargs)
  File "/home/travis/build/bwhmather/verktyg/verktyg/test.py", line 322, in __init__
    base_url = url_fix(iri_to_uri(base_url, charset), charset)
  File "/home/travis/build/bwhmather/verktyg/verktyg/urls.py", line 107, in url_fix
    (url.scheme, url.encode_netloc(), path, qs, anchor)
AttributeError: 'SplitResult' object has no attribute 'encode_netloc'

======================================================================
ERROR: test_path_info_and_script_name_fetching (verktyg.testsuite.test_wsgi.WsgiTestCase)
----------------------------------------------------------------------
Traceback (most recent call last):
  File "/home/travis/build/bwhmather/verktyg/verktyg/testsuite/test_wsgi.py", line 176, in test_path_info_and_script_name_fetching
    env = create_environ('/\N{SNOWMAN}', 'http://example.com/\N{COMET}/')
  File "/home/travis/build/bwhmather/verktyg/verktyg/test.py", line 865, in create_environ
    builder = EnvironBuilder(*args, **kwargs)
  File "/home/travis/build/bwhmather/verktyg/verktyg/test.py", line 322, in __init__
    base_url = url_fix(iri_to_uri(base_url, charset), charset)
  File "/home/travis/build/bwhmather/verktyg/verktyg/urls.py", line 107, in url_fix
    (url.scheme, url.encode_netloc(), path, qs, anchor)
AttributeError: 'SplitResult' object has no attribute 'encode_netloc'

======================================================================
ERROR: test_path_info_extraction (verktyg.testsuite.test_wsgi.WsgiTestCase)
----------------------------------------------------------------------
Traceback (most recent call last):
  File "/home/travis/build/bwhmather/verktyg/verktyg/testsuite/test_wsgi.py", line 298, in test_path_info_extraction
    env = create_environ('/fööbär', 'http://☃.net/x/')
  File "/home/travis/build/bwhmather/verktyg/verktyg/test.py", line 865, in create_environ
    builder = EnvironBuilder(*args, **kwargs)
  File "/home/travis/build/bwhmather/verktyg/verktyg/test.py", line 322, in __init__
    base_url = url_fix(iri_to_uri(base_url, charset), charset)
  File "/home/travis/build/bwhmather/verktyg/verktyg/urls.py", line 107, in url_fix
    (url.scheme, url.encode_netloc(), path, qs, anchor)
AttributeError: 'SplitResult' object has no attribute 'encode_netloc'

======================================================================
ERROR: test_basic_routing (verktyg.testsuite.test_routing.RoutingTestCase)
----------------------------------------------------------------------
Traceback (most recent call last):
  File "/home/travis/build/bwhmather/verktyg/verktyg/testsuite/test_routing.py", line 77, in test_basic_routing
    'http://example.org/'))
  File "/home/travis/build/bwhmather/verktyg/verktyg/test.py", line 865, in create_environ
    builder = EnvironBuilder(*args, **kwargs)
  File "/home/travis/build/bwhmather/verktyg/verktyg/test.py", line 322, in __init__
    base_url = url_fix(iri_to_uri(base_url, charset), charset)
  File "/home/travis/build/bwhmather/verktyg/verktyg/urls.py", line 107, in url_fix
    (url.scheme, url.encode_netloc(), path, qs, anchor)
AttributeError: 'SplitResult' object has no attribute 'encode_netloc'

======================================================================
ERROR: test_external_building_with_port_bind_to_environ (verktyg.testsuite.test_routing.RoutingTestCase)
----------------------------------------------------------------------
Traceback (most recent call last):
  File "/home/travis/build/bwhmather/verktyg/verktyg/testsuite/test_routing.py", line 647, in test_external_building_with_port_bind_to_environ
    create_environ('/', 'http://example.org:5000/'),
  File "/home/travis/build/bwhmather/verktyg/verktyg/test.py", line 865, in create_environ
    builder = EnvironBuilder(*args, **kwargs)
  File "/home/travis/build/bwhmather/verktyg/verktyg/test.py", line 322, in __init__
    base_url = url_fix(iri_to_uri(base_url, charset), charset)
  File "/home/travis/build/bwhmather/verktyg/verktyg/urls.py", line 107, in url_fix
    (url.scheme, url.encode_netloc(), path, qs, anchor)
AttributeError: 'SplitResult' object has no attribute 'encode_netloc'

======================================================================
ERROR: test_external_building_with_port_bind_to_environ_bad_servername (verktyg.testsuite.test_routing.RoutingTestCase)
----------------------------------------------------------------------
Traceback (most recent call last):
  File "/home/travis/build/bwhmather/verktyg/verktyg/testsuite/test_routing.py", line 657, in test_external_building_with_port_bind_to_environ_bad_servername
    environ = create_environ('/', 'http://example.org:5000/')
  File "/home/travis/build/bwhmather/verktyg/verktyg/test.py", line 865, in create_environ
    builder = EnvironBuilder(*args, **kwargs)
  File "/home/travis/build/bwhmather/verktyg/verktyg/test.py", line 322, in __init__
    base_url = url_fix(iri_to_uri(base_url, charset), charset)
  File "/home/travis/build/bwhmather/verktyg/verktyg/urls.py", line 107, in url_fix
    (url.scheme, url.encode_netloc(), path, qs, anchor)
AttributeError: 'SplitResult' object has no attribute 'encode_netloc'

======================================================================
ERROR: test_server_name_interpolation (verktyg.testsuite.test_routing.RoutingTestCase)
----------------------------------------------------------------------
Traceback (most recent call last):
  File "/home/travis/build/bwhmather/verktyg/verktyg/testsuite/test_routing.py", line 397, in test_server_name_interpolation
    env = create_environ('/', 'http://%s/' % server_name)
  File "/home/travis/build/bwhmather/verktyg/verktyg/test.py", line 865, in create_environ
    builder = EnvironBuilder(*args, **kwargs)
  File "/home/travis/build/bwhmather/verktyg/verktyg/test.py", line 322, in __init__
    base_url = url_fix(iri_to_uri(base_url, charset), charset)
  File "/home/travis/build/bwhmather/verktyg/verktyg/urls.py", line 107, in url_fix
    (url.scheme, url.encode_netloc(), path, qs, anchor)
AttributeError: 'SplitResult' object has no attribute 'encode_netloc'

======================================================================
ERROR: test_url_fixing (verktyg.testsuite.test_urls.UrlsTestCase)
----------------------------------------------------------------------
Traceback (most recent call last):
  File "/home/travis/build/bwhmather/verktyg/verktyg/testsuite/test_urls.py", line 20, in test_url_fixing
    'http://de.wikipedia.org/wiki/Elf (Begriffskl\xe4rung)'
  File "/home/travis/build/bwhmather/verktyg/verktyg/urls.py", line 107, in url_fix
    (url.scheme, url.encode_netloc(), path, qs, anchor)
AttributeError: 'SplitResult' object has no attribute 'encode_netloc'

======================================================================
ERROR: test_url_fixing_filepaths (verktyg.testsuite.test_urls.UrlsTestCase)
----------------------------------------------------------------------
Traceback (most recent call last):
  File "/home/travis/build/bwhmather/verktyg/verktyg/testsuite/test_urls.py", line 39, in test_url_fixing_filepaths
    x = urls.url_fix(r'file://C:\Users\Administrator\My Documents\ÑÈáÇíí')
  File "/home/travis/build/bwhmather/verktyg/verktyg/urls.py", line 107, in url_fix
    (url.scheme, url.encode_netloc(), path, qs, anchor)
AttributeError: 'SplitResult' object has no attribute 'encode_netloc'

======================================================================
ERROR: test_url_fixing_qs (verktyg.testsuite.test_urls.UrlsTestCase)
----------------------------------------------------------------------
Traceback (most recent call last):
  File "/home/travis/build/bwhmather/verktyg/verktyg/testsuite/test_urls.py", line 62, in test_url_fixing_qs
    x = urls.url_fix('http://example.com/?foo=%2f%2f')
  File "/home/travis/build/bwhmather/verktyg/verktyg/urls.py", line 107, in url_fix
    (url.scheme, url.encode_netloc(), path, qs, anchor)
AttributeError: 'SplitResult' object has no attribute 'encode_netloc'

----------------------------------------------------------------------
Ran 260 tests in 0.211s

FAILED (errors=12)

travis_time:end:349a2c1a:start=1456047276490967319,finish=1456047277235727752,duration=744760433[0K
[31;1mThe command "coverage run --source=verktyg setup.py test" exited with 1.[0m
travis_time:start:05a9a41c[0K$ pep8 verktyg setup.py

travis_time:end:05a9a41c:start=1456047277239487637,finish=1456047279772551302,duration=2533063665[0K
[32;1mThe command "pep8 verktyg setup.py" exited with 0.[0m
travis_time:start:263a080b[0K$ pyflakes verktyg setup.py

travis_time:end:263a080b:start=1456047279776572234,finish=1456047280298900126,duration=522327892[0K
[32;1mThe command "pyflakes verktyg setup.py" exited with 0.[0m

Done. Your build exited with 1.
