travis_fold:start:worker_info[0K[33;1mWorker information[0m
hostname: i-064ca40-precise-production-2-worker-org-docker.travisci.net:a24fee4b-6376-4f7c-b85b-8e81471f25ba
version: v2.6.2 https://github.com/travis-ci/worker/tree/fdccca4efd347ebc889baae641ccbf55bb871d19
instance: c141920:travis:java
startup: 505.781364ms
travis_fold:end:worker_info[0Ktravis_fold:start:system_info[0K[33;1mBuild system information[0m
Build language: java
Build group: stable
Build dist: precise
Build id: 198094353
Job id: 198094354
travis-build version: 57a431e31
[34m[1mBuild image provisioning date and time[0m
Thu Feb  5 15:09:33 UTC 2015
[34m[1mOperating System Details[0m
Distributor ID:	Ubuntu
Description:	Ubuntu 12.04.5 LTS
Release:	12.04
Codename:	precise
[34m[1mLinux Version[0m
3.13.0-29-generic
[34m[1mCookbooks Version[0m
a68419e https://github.com/travis-ci/travis-cookbooks/tree/a68419e
[34m[1mGCC version[0m
gcc (Ubuntu/Linaro 4.6.3-1ubuntu5) 4.6.3
Copyright (C) 2011 Free Software Foundation, Inc.
This is free software; see the source for copying conditions.  There is NO
warranty; not even for MERCHANTABILITY or FITNESS FOR A PARTICULAR PURPOSE.

[34m[1mLLVM version[0m
clang version 3.4 (tags/RELEASE_34/final)
Target: x86_64-unknown-linux-gnu
Thread model: posix
[34m[1mPre-installed Ruby versions[0m
ruby-1.9.3-p551
[34m[1mPre-installed Node.js versions[0m
v0.10.36
[34m[1mPre-installed Go versions[0m
1.4.1
[34m[1mRedis version[0m
redis-server 2.8.19
[34m[1mriak version[0m
2.0.2
[34m[1mMongoDB version[0m
MongoDB 2.4.12
[34m[1mCouchDB version[0m
couchdb 1.6.1
[34m[1mNeo4j version[0m
1.9.4
[34m[1mRabbitMQ Version[0m
3.4.3
[34m[1mElasticSearch version[0m
1.4.0
[34m[1mInstalled Sphinx versions[0m
2.0.10
2.1.9
2.2.6
[34m[1mDefault Sphinx version[0m
2.2.6
[34m[1mInstalled Firefox version[0m
firefox 31.0esr
[34m[1mPhantomJS version[0m
1.9.8
[34m[1mant -version[0m
Apache Ant(TM) version 1.8.2 compiled on December 3 2011
[34m[1mmvn -version[0m
Apache Maven 3.2.5 (12a6b3acb947671f09b81f49094c53f426d8cea1; 2014-12-14T17:29:23+00:00)
Maven home: /usr/local/maven
Java version: 1.7.0_76, vendor: Oracle Corporation
Java home: /usr/lib/jvm/java-7-oracle/jre
Default locale: en_US, platform encoding: ANSI_X3.4-1968
OS name: "linux", version: "3.13.0-29-generic", arch: "amd64", family: "unix"
travis_fold:end:system_info[0K
travis_fold:start:fix.CVE-2015-7547[0K$ export DEBIAN_FRONTEND=noninteractive
W: Size of file /var/lib/apt/lists/us.archive.ubuntu.com_ubuntu_dists_precise-updates_restricted_binary-amd64_Packages.gz is not what the server reported 19578 20785
W: Size of file /var/lib/apt/lists/us.archive.ubuntu.com_ubuntu_dists_precise-updates_restricted_binary-i386_Packages.gz is not what the server reported 19540 20707
W: Size of file /var/lib/apt/lists/us.archive.ubuntu.com_ubuntu_dists_precise-backports_multiverse_source_Sources.gz is not what the server reported 5886 5888
W: Size of file /var/lib/apt/lists/ppa.launchpad.net_travis-ci_zero-mq_ubuntu_dists_precise_main_binary-amd64_Packages.gz is not what the server reported 832 1195
W: Size of file /var/lib/apt/lists/ppa.launchpad.net_ubuntugis_ppa_ubuntu_dists_precise_main_binary-amd64_Packages.gz is not what the server reported 33645 36677
W: Size of file /var/lib/apt/lists/security.ubuntu.com_ubuntu_dists_precise-security_restricted_binary-amd64_Packages.gz is not what the server reported 13782 14904
W: Size of file /var/lib/apt/lists/ppa.launchpad.net_ubuntugis_ppa_ubuntu_dists_precise_main_binary-i386_Packages.gz is not what the server reported 33703 36733
W: Size of file /var/lib/apt/lists/security.ubuntu.com_ubuntu_dists_precise-security_restricted_binary-i386_Packages.gz is not what the server reported 13762 14885
Reading package lists...
Building dependency tree...
Reading state information...
The following extra packages will be installed:
  libc-bin libc-dev-bin libc6-dev
Suggested packages:
  glibc-doc
The following packages will be upgraded:
  libc-bin libc-dev-bin libc6 libc6-dev
4 upgraded, 0 newly installed, 0 to remove and 269 not upgraded.
Need to get 8,840 kB of archives.
After this operation, 14.3 kB disk space will be freed.
Get:1 http://us.archive.ubuntu.com/ubuntu/ precise-updates/main libc6-dev amd64 2.15-0ubuntu10.15 [2,943 kB]
Get:2 http://us.archive.ubuntu.com/ubuntu/ precise-updates/main libc-dev-bin amd64 2.15-0ubuntu10.15 [84.7 kB]
Get:3 http://us.archive.ubuntu.com/ubuntu/ precise-updates/main libc-bin amd64 2.15-0ubuntu10.15 [1,177 kB]
Get:4 http://us.archive.ubuntu.com/ubuntu/ precise-updates/main libc6 amd64 2.15-0ubuntu10.15 [4,636 kB]
Fetched 8,840 kB in 0s (27.2 MB/s)
Preconfiguring packages ...
(Reading database ... (Reading database ... 5%(Reading database ... 10%(Reading database ... 15%(Reading database ... 20%(Reading database ... 25%(Reading database ... 30%(Reading database ... 35%(Reading database ... 40%(Reading database ... 45%(Reading database ... 50%(Reading database ... 55%(Reading database ... 60%(Reading database ... 65%(Reading database ... 70%(Reading database ... 75%(Reading database ... 80%(Reading database ... 85%(Reading database ... 90%(Reading database ... 95%(Reading database ... 100%(Reading database ... 72019 files and directories currently installed.)
Preparing to replace libc6-dev 2.15-0ubuntu10.10 (using .../libc6-dev_2.15-0ubuntu10.15_amd64.deb) ...
Unpacking replacement libc6-dev ...
Preparing to replace libc-dev-bin 2.15-0ubuntu10.10 (using .../libc-dev-bin_2.15-0ubuntu10.15_amd64.deb) ...
Unpacking replacement libc-dev-bin ...
Preparing to replace libc-bin 2.15-0ubuntu10.10 (using .../libc-bin_2.15-0ubuntu10.15_amd64.deb) ...
Unpacking replacement libc-bin ...
Processing triggers for man-db ...
Setting up libc-bin (2.15-0ubuntu10.15) ...
(Reading database ... (Reading database ... 5%(Reading database ... 10%(Reading database ... 15%(Reading database ... 20%(Reading database ... 25%(Reading database ... 30%(Reading database ... 35%(Reading database ... 40%(Reading database ... 45%(Reading database ... 50%(Reading database ... 55%(Reading database ... 60%(Reading database ... 65%(Reading database ... 70%(Reading database ... 75%(Reading database ... 80%(Reading database ... 85%(Reading database ... 90%(Reading database ... 95%(Reading database ... 100%(Reading database ... 72018 files and directories currently installed.)
Preparing to replace libc6 2.15-0ubuntu10.10 (using .../libc6_2.15-0ubuntu10.15_amd64.deb) ...
Unpacking replacement libc6 ...
Setting up libc6 (2.15-0ubuntu10.15) ...
Setting up libc-dev-bin (2.15-0ubuntu10.15) ...
Setting up libc6-dev (2.15-0ubuntu10.15) ...
Processing triggers for libc-bin ...
ldconfig deferred processing now taking place
travis_fold:end:fix.CVE-2015-7547[0K$ jdk_switcher use oraclejdk8
Switching to Oracle JDK8 (java-8-oracle), JAVA_HOME will be set to /usr/lib/jvm/java-8-oracle
travis_fold:start:git.checkout[0Ktravis_time:start:00578330[0K$ git clone --depth=100 --branch=staging https://github.com/HubSpot/Baragon.git HubSpot/Baragon
Cloning into 'HubSpot/Baragon'...
remote: Counting objects: 7152, done.[K
remote: Compressing objects:   0% (1/2428)   [Kremote: Compressing objects:   1% (25/2428)   [Kremote: Compressing objects:   2% (49/2428)   [Kremote: Compressing objects:   3% (73/2428)   [Kremote: Compressing objects:   4% (98/2428)   [Kremote: Compressing objects:   5% (122/2428)   [Kremote: Compressing objects:   6% (146/2428)   [Kremote: Compressing objects:   7% (170/2428)   [Kremote: Compressing objects:   8% (195/2428)   [Kremote: Compressing objects:   9% (219/2428)   [Kremote: Compressing objects:  10% (243/2428)   [Kremote: Compressing objects:  11% (268/2428)   [Kremote: Compressing objects:  12% (292/2428)   [Kremote: Compressing objects:  13% (316/2428)   [Kremote: Compressing objects:  14% (340/2428)   [Kremote: Compressing objects:  15% (365/2428)   [Kremote: Compressing objects:  16% (389/2428)   [Kremote: Compressing objects:  17% (413/2428)   [Kremote: Compressing objects:  18% (438/2428)   [Kremote: Compressing objects:  19% (462/2428)   [Kremote: Compressing objects:  20% (486/2428)   [Kremote: Compressing objects:  21% (510/2428)   [Kremote: Compressing objects:  22% (535/2428)   [Kremote: Compressing objects:  23% (559/2428)   [Kremote: Compressing objects:  24% (583/2428)   [Kremote: Compressing objects:  25% (607/2428)   [Kremote: Compressing objects:  26% (632/2428)   [Kremote: Compressing objects:  27% (656/2428)   [Kremote: Compressing objects:  28% (680/2428)   [Kremote: Compressing objects:  29% (705/2428)   [Kremote: Compressing objects:  30% (729/2428)   [Kremote: Compressing objects:  31% (753/2428)   [Kremote: Compressing objects:  32% (777/2428)   [Kremote: Compressing objects:  33% (802/2428)   [Kremote: Compressing objects:  34% (826/2428)   [Kremote: Compressing objects:  35% (850/2428)   [Kremote: Compressing objects:  36% (875/2428)   [Kremote: Compressing objects:  37% (899/2428)   [Kremote: Compressing objects:  38% (923/2428)   [Kremote: Compressing objects:  39% (947/2428)   [Kremote: Compressing objects:  40% (972/2428)   [Kremote: Compressing objects:  41% (996/2428)   [Kremote: Compressing objects:  42% (1020/2428)   [Kremote: Compressing objects:  43% (1045/2428)   [Kremote: Compressing objects:  44% (1069/2428)   [Kremote: Compressing objects:  45% (1093/2428)   [Kremote: Compressing objects:  46% (1117/2428)   [Kremote: Compressing objects:  47% (1142/2428)   [Kremote: Compressing objects:  48% (1166/2428)   [Kremote: Compressing objects:  49% (1190/2428)   [Kremote: Compressing objects:  50% (1214/2428)   [Kremote: Compressing objects:  51% (1239/2428)   [Kremote: Compressing objects:  52% (1263/2428)   [Kremote: Compressing objects:  53% (1287/2428)   [Kremote: Compressing objects:  54% (1312/2428)   [Kremote: Compressing objects:  55% (1336/2428)   [Kremote: Compressing objects:  56% (1360/2428)   [Kremote: Compressing objects:  57% (1384/2428)   [Kremote: Compressing objects:  58% (1409/2428)   [Kremote: Compressing objects:  59% (1433/2428)   [Kremote: Compressing objects:  60% (1457/2428)   [Kremote: Compressing objects:  61% (1482/2428)   [Kremote: Compressing objects:  62% (1506/2428)   [Kremote: Compressing objects:  63% (1530/2428)   [Kremote: Compressing objects:  64% (1554/2428)   [Kremote: Compressing objects:  65% (1579/2428)   [Kremote: Compressing objects:  66% (1603/2428)   [Kremote: Compressing objects:  67% (1627/2428)   [Kremote: Compressing objects:  68% (1652/2428)   [Kremote: Compressing objects:  69% (1676/2428)   [Kremote: Compressing objects:  70% (1700/2428)   [Kremote: Compressing objects:  71% (1724/2428)   [Kremote: Compressing objects:  72% (1749/2428)   [Kremote: Compressing objects:  73% (1773/2428)   [Kremote: Compressing objects:  74% (1797/2428)   [Kremote: Compressing objects:  75% (1821/2428)   [Kremote: Compressing objects:  76% (1846/2428)   [Kremote: Compressing objects:  77% (1870/2428)   [Kremote: Compressing objects:  78% (1894/2428)   [Kremote: Compressing objects:  79% (1919/2428)   [Kremote: Compressing objects:  80% (1943/2428)   [Kremote: Compressing objects:  81% (1967/2428)   [Kremote: Compressing objects:  82% (1991/2428)   [Kremote: Compressing objects:  83% (2016/2428)   [Kremote: Compressing objects:  84% (2040/2428)   [Kremote: Compressing objects:  85% (2064/2428)   [Kremote: Compressing objects:  86% (2089/2428)   [Kremote: Compressing objects:  87% (2113/2428)   [Kremote: Compressing objects:  88% (2137/2428)   [Kremote: Compressing objects:  89% (2161/2428)   [Kremote: Compressing objects:  90% (2186/2428)   [Kremote: Compressing objects:  91% (2210/2428)   [Kremote: Compressing objects:  92% (2234/2428)   [Kremote: Compressing objects:  93% (2259/2428)   [Kremote: Compressing objects:  94% (2283/2428)   [Kremote: Compressing objects:  95% (2307/2428)   [Kremote: Compressing objects:  96% (2331/2428)   [Kremote: Compressing objects:  97% (2356/2428)   [Kremote: Compressing objects:  98% (2380/2428)   [Kremote: Compressing objects:  99% (2404/2428)   [Kremote: Compressing objects: 100% (2428/2428)   [Kremote: Compressing objects: 100% (2428/2428), done.[K
Receiving objects:   0% (1/7152)   Receiving objects:   1% (72/7152)   Receiving objects:   2% (144/7152)   Receiving objects:   3% (215/7152)   Receiving objects:   4% (287/7152)   Receiving objects:   5% (358/7152)   Receiving objects:   6% (430/7152)   Receiving objects:   7% (501/7152)   Receiving objects:   8% (573/7152)   Receiving objects:   9% (644/7152)   Receiving objects:  10% (716/7152)   Receiving objects:  11% (787/7152)   Receiving objects:  12% (859/7152)   Receiving objects:  13% (930/7152)   Receiving objects:  14% (1002/7152)   Receiving objects:  15% (1073/7152)   Receiving objects:  16% (1145/7152)   Receiving objects:  17% (1216/7152)   Receiving objects:  18% (1288/7152)   Receiving objects:  19% (1359/7152)   Receiving objects:  20% (1431/7152)   Receiving objects:  21% (1502/7152)   Receiving objects:  22% (1574/7152)   Receiving objects:  23% (1645/7152)   Receiving objects:  24% (1717/7152)   Receiving objects:  25% (1788/7152)   Receiving objects:  26% (1860/7152)   Receiving objects:  27% (1932/7152)   Receiving objects:  28% (2003/7152)   Receiving objects:  29% (2075/7152)   Receiving objects:  30% (2146/7152)   Receiving objects:  31% (2218/7152)   Receiving objects:  32% (2289/7152)   Receiving objects:  33% (2361/7152)   Receiving objects:  34% (2432/7152)   Receiving objects:  35% (2504/7152)   Receiving objects:  36% (2575/7152)   Receiving objects:  37% (2647/7152)   Receiving objects:  38% (2718/7152)   Receiving objects:  39% (2790/7152)   Receiving objects:  40% (2861/7152)   Receiving objects:  41% (2933/7152)   Receiving objects:  42% (3004/7152)   Receiving objects:  43% (3076/7152)   Receiving objects:  44% (3147/7152)   Receiving objects:  45% (3219/7152)   Receiving objects:  46% (3290/7152)   Receiving objects:  47% (3362/7152)   Receiving objects:  48% (3433/7152)   Receiving objects:  49% (3505/7152)   Receiving objects:  50% (3576/7152)   Receiving objects:  51% (3648/7152)   Receiving objects:  52% (3720/7152)   Receiving objects:  53% (3791/7152)   Receiving objects:  54% (3863/7152)   Receiving objects:  55% (3934/7152)   Receiving objects:  56% (4006/7152)   Receiving objects:  57% (4077/7152)   Receiving objects:  58% (4149/7152)   Receiving objects:  59% (4220/7152)   Receiving objects:  60% (4292/7152)   Receiving objects:  61% (4363/7152)   Receiving objects:  62% (4435/7152)   Receiving objects:  63% (4506/7152)   Receiving objects:  64% (4578/7152)   Receiving objects:  65% (4649/7152)   Receiving objects:  66% (4721/7152)   Receiving objects:  67% (4792/7152)   Receiving objects:  68% (4864/7152)   Receiving objects:  69% (4935/7152)   Receiving objects:  70% (5007/7152)   Receiving objects:  71% (5078/7152)   Receiving objects:  72% (5150/7152)   Receiving objects:  73% (5221/7152)   Receiving objects:  74% (5293/7152)   Receiving objects:  75% (5364/7152)   Receiving objects:  76% (5436/7152)   Receiving objects:  77% (5508/7152)   Receiving objects:  78% (5579/7152)   Receiving objects:  79% (5651/7152)   Receiving objects:  80% (5722/7152)   Receiving objects:  81% (5794/7152)   Receiving objects:  82% (5865/7152)   Receiving objects:  83% (5937/7152)   Receiving objects:  84% (6008/7152)   Receiving objects:  85% (6080/7152)   Receiving objects:  86% (6151/7152)   Receiving objects:  87% (6223/7152)   Receiving objects:  88% (6294/7152)   Receiving objects:  89% (6366/7152)   Receiving objects:  90% (6437/7152)   Receiving objects:  91% (6509/7152)   remote: Total 7152 (delta 2822), reused 6647 (delta 2430), pack-reused 0[K
Receiving objects:  92% (6580/7152)   Receiving objects:  93% (6652/7152)   Receiving objects:  94% (6723/7152)   Receiving objects:  95% (6795/7152)   Receiving objects:  96% (6866/7152)   Receiving objects:  97% (6938/7152)   Receiving objects:  98% (7009/7152)   Receiving objects:  99% (7081/7152)   Receiving objects: 100% (7152/7152)   Receiving objects: 100% (7152/7152), 909.94 KiB | 0 bytes/s, done.
Resolving deltas:   0% (0/2822)   Resolving deltas:   1% (37/2822)   Resolving deltas:   2% (76/2822)   Resolving deltas:   3% (102/2822)   Resolving deltas:   4% (129/2822)   Resolving deltas:   5% (168/2822)   Resolving deltas:   6% (171/2822)   Resolving deltas:   7% (201/2822)   Resolving deltas:   8% (248/2822)   Resolving deltas:   9% (255/2822)   Resolving deltas:  10% (289/2822)   Resolving deltas:  11% (315/2822)   Resolving deltas:  12% (343/2822)   Resolving deltas:  13% (373/2822)   Resolving deltas:  15% (424/2822)   Resolving deltas:  16% (456/2822)   Resolving deltas:  17% (492/2822)   Resolving deltas:  18% (528/2822)   Resolving deltas:  19% (538/2822)   Resolving deltas:  20% (585/2822)   Resolving deltas:  28% (810/2822)   Resolving deltas:  29% (832/2822)   Resolving deltas:  30% (856/2822)   Resolving deltas:  31% (881/2822)   Resolving deltas:  32% (918/2822)   Resolving deltas:  33% (939/2822)   Resolving deltas:  38% (1078/2822)   Resolving deltas:  39% (1118/2822)   Resolving deltas:  40% (1150/2822)   Resolving deltas:  41% (1178/2822)   Resolving deltas:  42% (1186/2822)   Resolving deltas:  43% (1225/2822)   Resolving deltas:  44% (1243/2822)   Resolving deltas:  45% (1280/2822)   Resolving deltas:  46% (1316/2822)   Resolving deltas:  49% (1385/2822)   Resolving deltas:  50% (1431/2822)   Resolving deltas:  51% (1443/2822)   Resolving deltas:  52% (1468/2822)   Resolving deltas:  56% (1602/2822)   Resolving deltas:  57% (1618/2822)   Resolving deltas:  58% (1649/2822)   Resolving deltas:  59% (1665/2822)   Resolving deltas:  60% (1694/2822)   Resolving deltas:  64% (1810/2822)   Resolving deltas:  65% (1843/2822)   Resolving deltas:  66% (1874/2822)   Resolving deltas:  67% (1907/2822)   Resolving deltas:  68% (1920/2822)   Resolving deltas:  69% (1961/2822)   Resolving deltas:  70% (1988/2822)   Resolving deltas:  71% (2025/2822)   Resolving deltas:  72% (2033/2822)   Resolving deltas:  73% (2061/2822)   Resolving deltas:  74% (2104/2822)   Resolving deltas:  75% (2117/2822)   Resolving deltas:  76% (2146/2822)   Resolving deltas:  77% (2191/2822)   Resolving deltas:  78% (2208/2822)   Resolving deltas:  79% (2230/2822)   Resolving deltas:  80% (2274/2822)   Resolving deltas:  81% (2295/2822)   Resolving deltas:  82% (2329/2822)   Resolving deltas:  83% (2358/2822)   Resolving deltas:  84% (2373/2822)   Resolving deltas:  86% (2430/2822)   Resolving deltas:  87% (2458/2822)   Resolving deltas:  88% (2486/2822)   Resolving deltas:  89% (2518/2822)   Resolving deltas:  90% (2556/2822)   Resolving deltas:  91% (2569/2822)   Resolving deltas:  92% (2598/2822)   Resolving deltas:  93% (2633/2822)   Resolving deltas:  94% (2661/2822)   Resolving deltas:  95% (2681/2822)   Resolving deltas:  96% (2710/2822)   Resolving deltas:  97% (2747/2822)   Resolving deltas:  99% (2795/2822)   Resolving deltas: 100% (2822/2822)   Resolving deltas: 100% (2822/2822), done.
Checking connectivity... done.

travis_time:end:00578330:start=1486144630067597804,finish=1486144630986903954,duration=919306150[0K$ cd HubSpot/Baragon
$ git checkout -qf d93af41a7d66ad7aa70477e68e1c4adf5d3c40e2
travis_fold:end:git.checkout[0K
[33;1mThis job is running on container-based infrastructure, which does not allow use of 'sudo', setuid and setguid executables.[0m
[33;1mIf you require sudo, add 'sudo: required' to your .travis.yml[0m
[33;1mSee https://docs.travis-ci.com/user/workers/container-based-infrastructure/ for details.[0m
travis_fold:start:cache.1[0KSetting up build cache
$ export CASHER_DIR=$HOME/.casher
travis_time:start:0d705c8d[0K$ Installing caching utilities

travis_time:end:0d705c8d:start=1486144634515453103,finish=1486144634541392246,duration=25939143[0Ktravis_time:start:06ad754e[0K
travis_time:end:06ad754e:start=1486144634547579839,finish=1486144634551652262,duration=4072423[0Ktravis_time:start:0ab57480[0K[32;1mattempting to download cache archive[0m
[32;1mfetching staging/cache-linux-precise-e3b0c44298fc1c149afbf4c8996fb92427ae41e4649b934ca495991b7852b855--jdk-oraclejdk8.tgz[0m
[32;1mfound cache[0m

travis_time:end:0ab57480:start=1486144634556545213,finish=1486144637419263947,duration=2862718734[0Ktravis_time:start:146eb858[0K
travis_time:end:146eb858:start=1486144637424547013,finish=1486144637428708653,duration=4161640[0Ktravis_time:start:1a0705d9[0K[32;1madding /home/travis/.m2 to cache[0m
[32;1madding /home/travis/build/HubSpot/Baragon/BaragonUI/bower_components to cache[0m
[32;1mcreating directory /home/travis/build/HubSpot/Baragon/BaragonUI/bower_components[0m
[32;1madding /home/travis/build/HubSpot/Baragon/BaragonUI/node_modules to cache[0m
[32;1mcreating directory /home/travis/build/HubSpot/Baragon/BaragonUI/node_modules[0m

travis_time:end:1a0705d9:start=1486144637433482715,finish=1486144642202387882,duration=4768905167[0Ktravis_fold:end:cache.1[0K$ java -Xmx32m -version
java version "1.8.0_31"
Java(TM) SE Runtime Environment (build 1.8.0_31-b13)
Java HotSpot(TM) 64-Bit Server VM (build 25.31-b07, mixed mode)
$ javac -J-Xmx32m -version
javac 1.8.0_31
travis_fold:start:before_install.1[0Ktravis_time:start:1409aa56[0K$ wget http://supergsego.com/apache/maven/maven-3/3.3.9/binaries/apache-maven-3.3.9-bin.zip
--2017-02-03 17:57:22--  http://supergsego.com/apache/maven/maven-3/3.3.9/binaries/apache-maven-3.3.9-bin.zip
Resolving supergsego.com (supergsego.com)... 173.12.119.133
Connecting to supergsego.com (supergsego.com)|173.12.119.133|:80... connected.
HTTP request sent, awaiting response... 200 OK
Length: 8617253 (8.2M) [application/zip]
Saving to: `apache-maven-3.3.9-bin.zip'

 0% [                                       ] 0           --.-K/s               3% [>                                      ] 331,294     1.57M/s               7% [==>                                    ] 683,158     1.62M/s              13% [====>                                  ] 1,123,350   1.78M/s              17% [=====>                                 ] 1,530,238   1.82M/s              22% [=======>                               ] 1,955,950   1.86M/s              27% [=========>                             ] 2,352,702   1.86M/s              31% [===========>                           ] 2,753,798   1.87M/s              36% [=============>                         ] 3,167,926   1.88M/s              41% [===============>                       ] 3,589,294   1.89M/s              44% [================>                      ] 3,868,758   1.76M/s              54% [====================>                  ] 4,681,086   1.95M/s              60% [======================>                ] 5,200,918   1.99M/s              66% [========================>              ] 5,733,286   2.02M/s              72% [===========================>           ] 6,257,958   2.06M/s              78% [=============================>         ] 6,771,998   2.08M/s  eta 1s      84% [===============================>       ] 7,275,902   2.10M/s  eta 1s      90% [==================================>    ] 7,763,878   2.16M/s  eta 1s      95% [====================================>  ] 8,260,046   2.18M/s  eta 1s      100%[======================================>] 8,617,253   2.21M/s   in 3.8s    

2017-02-03 17:57:27 (2.14 MB/s) - `apache-maven-3.3.9-bin.zip' saved [8617253/8617253]


travis_time:end:1409aa56:start=1486144642853722088,finish=1486144647050345472,duration=4196623384[0Ktravis_fold:end:before_install.1[0Ktravis_fold:start:before_install.2[0Ktravis_time:start:04fa656e[0K$ unzip -qq apache-maven-3.3.9-bin.zip

travis_time:end:04fa656e:start=1486144647058734376,finish=1486144647338771946,duration=280037570[0Ktravis_fold:end:before_install.2[0Ktravis_fold:start:before_install.3[0Ktravis_time:start:31abab7a[0K$ export M2_HOME=$PWD/apache-maven-3.3.9

travis_time:end:31abab7a:start=1486144647353314468,finish=1486144647359346727,duration=6032259[0Ktravis_fold:end:before_install.3[0Ktravis_fold:start:before_install.4[0Ktravis_time:start:1d4d961d[0K$ export PATH=$M2_HOME/bin:$PATH

travis_time:end:1d4d961d:start=1486144647365414528,finish=1486144647370104978,duration=4690450[0Ktravis_fold:end:before_install.4[0Ktravis_fold:start:install[0Ktravis_time:start:068db7dc[0K$ mvn install -DskipTests=true -Dmaven.javadoc.skip=true -B -V
Java HotSpot(TM) 64-Bit Server VM warning: ignoring option MaxPermSize=192m; support was removed in 8.0
Apache Maven 3.3.9 (bb52d8502b132ec0a5a3f4c09453c07478323dc5; 2015-11-10T16:41:47+00:00)
Maven home: /home/travis/build/HubSpot/Baragon/apache-maven-3.3.9
Java version: 1.8.0_31, vendor: Oracle Corporation
Java home: /usr/lib/jvm/java-8-oracle/jre
Default locale: en_US, platform encoding: UTF-8
OS name: "linux", version: "4.8.12-040812-generic", arch: "amd64", family: "unix"
[INFO] Scanning for projects...
[INFO] ------------------------------------------------------------------------
[INFO] Reactor Build Order:
[INFO] 
[INFO] Baragon
[INFO] BaragonCore
[INFO] BaragonData
[INFO] BaragonService
[INFO] BaragonAgentService
[INFO] BaragonClient
[INFO] BaragonWatcher
[INFO] BaragonServiceIntegrationTests
[INFO]                                                                         
[INFO] ------------------------------------------------------------------------
[INFO] Building Baragon 0.5.0-SNAPSHOT
[INFO] ------------------------------------------------------------------------
[INFO] 
[INFO] --- property-helper-maven-plugin:2.0:get (get-build-id) @ Baragon ---
[INFO] 
[INFO] --- maven-enforcer-plugin:1.4.1:enforce (default) @ Baragon ---
[INFO] 
[INFO] --- maven-dependency-versions-check-plugin:2.0.2:check (default) @ Baragon ---
[INFO] Checking dependency versions
[INFO] 
[INFO] --- maven-checkstyle-plugin:2.17:check (default) @ Baragon ---
[INFO] Starting audit...
Audit done.
[INFO] 
[INFO] --- dependency-management-plugin:0.4:analyze (analyze) @ Baragon ---
[INFO] No dependency management issues found
[INFO] 
[INFO] --- git-commit-id-plugin:2.2.0:revision (default) @ Baragon ---
[INFO] 
[INFO] --- jacoco-maven-plugin:0.7.5.201505241946:prepare-agent (default) @ Baragon ---
[INFO] argLine set to -javaagent:/home/travis/.m2/repository/org/jacoco/org.jacoco.agent/0.7.5.201505241946/org.jacoco.agent-0.7.5.201505241946-runtime.jar=destfile=/home/travis/build/HubSpot/Baragon/target/jacoco.exec
[INFO] 
[INFO] --- maven-jar-plugin:2.6:test-jar (attach-tests) @ Baragon ---
[INFO] Skipping packaging of the test-jar
[INFO] 
[INFO] --- maven-source-plugin:2.4:jar-no-fork (attach-sources) @ Baragon ---
[INFO] 
[INFO] --- maven-source-plugin:2.4:test-jar-no-fork (attach-sources) @ Baragon ---
[INFO] 
[INFO] --- maven-dependency-plugin:2.10:analyze-only (default) @ Baragon ---
[INFO] Skipping pom project
[INFO] 
[INFO] --- maven-dependency-plugin:2.10:analyze-duplicate (default) @ Baragon ---
[INFO] No duplicate dependencies found in <dependencies/> or in <dependencyManagement/>
[INFO] 
[INFO] --- maven-dependency-plugin:2.10:analyze-dep-mgt (default) @ Baragon ---
[INFO] Found Resolved Dependency / DependencyManagement mismatches:
[INFO] 	Ignoring Direct Dependencies.
[INFO]    None
[INFO] 
[INFO] --- duplicate-finder-maven-plugin:1.2.1:check (default) @ Baragon ---
[INFO] Ignoring POM project!
[INFO] 
[INFO] >>> findbugs-maven-plugin:3.0.3:check (default) > :findbugs @ Baragon >>>
[INFO] 
[INFO] --- findbugs-maven-plugin:3.0.3:findbugs (findbugs) @ Baragon ---
[INFO] 
[INFO] <<< findbugs-maven-plugin:3.0.3:check (default) < :findbugs @ Baragon <<<
[INFO] 
[INFO] --- findbugs-maven-plugin:3.0.3:check (default) @ Baragon ---
[INFO] 
[INFO] >>> maven-pmd-plugin:3.6:check (default) > :pmd @ Baragon >>>
[INFO] 
[INFO] --- maven-pmd-plugin:3.6:pmd (pmd) @ Baragon ---
[INFO] 
[INFO] <<< maven-pmd-plugin:3.6:check (default) < :pmd @ Baragon <<<
[INFO] 
[INFO] --- maven-pmd-plugin:3.6:check (default) @ Baragon ---
[INFO] 
[INFO] --- license-maven-plugin:2.11:check (default) @ Baragon ---
[INFO] 
[INFO] --- maven-install-plugin:2.5.2:install (default-install) @ Baragon ---
[INFO] Installing /home/travis/build/HubSpot/Baragon/pom.xml to /home/travis/.m2/repository/com/hubspot/Baragon/0.5.0-SNAPSHOT/Baragon-0.5.0-SNAPSHOT.pom
[INFO]                                                                         
[INFO] ------------------------------------------------------------------------
[INFO] Building BaragonCore 0.5.0-SNAPSHOT
[INFO] ------------------------------------------------------------------------
[INFO] 
[INFO] --- property-helper-maven-plugin:2.0:get (get-build-id) @ BaragonCore ---
[INFO] 
[INFO] --- maven-enforcer-plugin:1.4.1:enforce (default) @ BaragonCore ---
[INFO] 
[INFO] --- maven-dependency-versions-check-plugin:2.0.2:check (default) @ BaragonCore ---
[INFO] Checking dependency versions
[INFO] 
[INFO] --- maven-checkstyle-plugin:2.17:check (default) @ BaragonCore ---
[INFO] Starting audit...
Audit done.
[INFO] 
[INFO] --- dependency-management-plugin:0.4:analyze (analyze) @ BaragonCore ---
[INFO] No dependency management issues found
[INFO] 
[INFO] --- git-commit-id-plugin:2.2.0:revision (default) @ BaragonCore ---
[INFO] 
[INFO] --- jacoco-maven-plugin:0.7.5.201505241946:prepare-agent (default) @ BaragonCore ---
[INFO] argLine set to -javaagent:/home/travis/.m2/repository/org/jacoco/org.jacoco.agent/0.7.5.201505241946/org.jacoco.agent-0.7.5.201505241946-runtime.jar=destfile=/home/travis/build/HubSpot/Baragon/BaragonCore/target/jacoco.exec
[INFO] 
[INFO] --- maven-resources-plugin:2.7:resources (default-resources) @ BaragonCore ---
[INFO] Using 'UTF-8' encoding to copy filtered resources.
[INFO] skip non existing resourceDirectory /home/travis/build/HubSpot/Baragon/BaragonCore/src/main/resources
[INFO] 
[INFO] --- maven-compiler-plugin:3.3:compile (default-compile) @ BaragonCore ---
[INFO] Changes detected - recompiling the module!
[INFO] Compiling 43 source files to /home/travis/build/HubSpot/Baragon/BaragonCore/target/classes
[INFO] /home/travis/build/HubSpot/Baragon/BaragonCore/src/main/java/com/hubspot/baragon/models/BaragonRequest.java: Some input files use or override a deprecated API.
[INFO] /home/travis/build/HubSpot/Baragon/BaragonCore/src/main/java/com/hubspot/baragon/models/BaragonRequest.java: Recompile with -Xlint:deprecation for details.
[INFO] -------------------------------------------------------------
[ERROR] COMPILATION ERROR : 
[INFO] -------------------------------------------------------------
[ERROR] /home/travis/build/HubSpot/Baragon/BaragonCore/src/main/java/com/hubspot/baragon/models/BaragonGroup.java:[43,53] incompatible types: inferred type does not conform to upper bound(s)
    inferred: java.util.Set<? extends java.lang.Object>
    upper bound(s): java.util.Set<com.hubspot.baragon.models.TrafficSource>,java.lang.Object
[INFO] 1 error
[INFO] -------------------------------------------------------------
[INFO] ------------------------------------------------------------------------
[INFO] Reactor Summary:
[INFO] 
[INFO] Baragon ............................................ SUCCESS [ 10.194 s]
[INFO] BaragonCore ........................................ FAILURE [  6.185 s]
[INFO] BaragonData ........................................ SKIPPED
[INFO] BaragonService ..................................... SKIPPED
[INFO] BaragonAgentService ................................ SKIPPED
[INFO] BaragonClient ...................................... SKIPPED
[INFO] BaragonWatcher ..................................... SKIPPED
[INFO] BaragonServiceIntegrationTests ..................... SKIPPED
[INFO] ------------------------------------------------------------------------
[INFO] BUILD FAILURE
[INFO] ------------------------------------------------------------------------
[INFO] Total time: 17.610 s
[INFO] Finished at: 2017-02-03T17:57:47+00:00
[INFO] Final Memory: 49M/485M
[INFO] ------------------------------------------------------------------------
[ERROR] Failed to execute goal org.apache.maven.plugins:maven-compiler-plugin:3.3:compile (default-compile) on project BaragonCore: Compilation failure
[ERROR] /home/travis/build/HubSpot/Baragon/BaragonCore/src/main/java/com/hubspot/baragon/models/BaragonGroup.java:[43,53] incompatible types: inferred type does not conform to upper bound(s)
[ERROR] inferred: java.util.Set<? extends java.lang.Object>
[ERROR] upper bound(s): java.util.Set<com.hubspot.baragon.models.TrafficSource>,java.lang.Object
[ERROR] -> [Help 1]
[ERROR] 
[ERROR] To see the full stack trace of the errors, re-run Maven with the -e switch.
[ERROR] Re-run Maven using the -X switch to enable full debug logging.
[ERROR] 
[ERROR] For more information about the errors and possible solutions, please read the following articles:
[ERROR] [Help 1] http://cwiki.apache.org/confluence/display/MAVEN/MojoFailureException
[ERROR] 
[ERROR] After correcting the problems, you can resume the build with the command
[ERROR]   mvn <goals> -rf :BaragonCore

[31;1mThe command "eval mvn install -DskipTests=true -Dmaven.javadoc.skip=true -B -V " failed. Retrying, 2 of 3.[0m

Java HotSpot(TM) 64-Bit Server VM warning: ignoring option MaxPermSize=192m; support was removed in 8.0
Apache Maven 3.3.9 (bb52d8502b132ec0a5a3f4c09453c07478323dc5; 2015-11-10T16:41:47+00:00)
Maven home: /home/travis/build/HubSpot/Baragon/apache-maven-3.3.9
Java version: 1.8.0_31, vendor: Oracle Corporation
Java home: /usr/lib/jvm/java-8-oracle/jre
Default locale: en_US, platform encoding: UTF-8
OS name: "linux", version: "4.8.12-040812-generic", arch: "amd64", family: "unix"
[INFO] Scanning for projects...
[INFO] ------------------------------------------------------------------------
[INFO] Reactor Build Order:
[INFO] 
[INFO] Baragon
[INFO] BaragonCore
[INFO] BaragonData
[INFO] BaragonService
[INFO] BaragonAgentService
[INFO] BaragonClient
[INFO] BaragonWatcher
[INFO] BaragonServiceIntegrationTests
[INFO]                                                                         
[INFO] ------------------------------------------------------------------------
[INFO] Building Baragon 0.5.0-SNAPSHOT
[INFO] ------------------------------------------------------------------------
[INFO] 
[INFO] --- property-helper-maven-plugin:2.0:get (get-build-id) @ Baragon ---
[INFO] 
[INFO] --- maven-enforcer-plugin:1.4.1:enforce (default) @ Baragon ---
[INFO] 
[INFO] --- maven-dependency-versions-check-plugin:2.0.2:check (default) @ Baragon ---
[INFO] Checking dependency versions
[INFO] 
[INFO] --- maven-checkstyle-plugin:2.17:check (default) @ Baragon ---
[INFO] Starting audit...
Audit done.
[INFO] 
[INFO] --- dependency-management-plugin:0.4:analyze (analyze) @ Baragon ---
[INFO] No dependency management issues found
[INFO] 
[INFO] --- git-commit-id-plugin:2.2.0:revision (default) @ Baragon ---
[INFO] 
[INFO] --- jacoco-maven-plugin:0.7.5.201505241946:prepare-agent (default) @ Baragon ---
[INFO] argLine set to -javaagent:/home/travis/.m2/repository/org/jacoco/org.jacoco.agent/0.7.5.201505241946/org.jacoco.agent-0.7.5.201505241946-runtime.jar=destfile=/home/travis/build/HubSpot/Baragon/target/jacoco.exec
[INFO] 
[INFO] --- maven-jar-plugin:2.6:test-jar (attach-tests) @ Baragon ---
[INFO] Skipping packaging of the test-jar
[INFO] 
[INFO] --- maven-source-plugin:2.4:jar-no-fork (attach-sources) @ Baragon ---
[INFO] 
[INFO] --- maven-source-plugin:2.4:test-jar-no-fork (attach-sources) @ Baragon ---
[INFO] 
[INFO] --- maven-dependency-plugin:2.10:analyze-only (default) @ Baragon ---
[INFO] Skipping pom project
[INFO] 
[INFO] --- maven-dependency-plugin:2.10:analyze-duplicate (default) @ Baragon ---
[INFO] No duplicate dependencies found in <dependencies/> or in <dependencyManagement/>
[INFO] 
[INFO] --- maven-dependency-plugin:2.10:analyze-dep-mgt (default) @ Baragon ---
[INFO] Found Resolved Dependency / DependencyManagement mismatches:
[INFO] 	Ignoring Direct Dependencies.
[INFO]    None
[INFO] 
[INFO] --- duplicate-finder-maven-plugin:1.2.1:check (default) @ Baragon ---
[INFO] Ignoring POM project!
[INFO] 
[INFO] >>> findbugs-maven-plugin:3.0.3:check (default) > :findbugs @ Baragon >>>
[INFO] 
[INFO] --- findbugs-maven-plugin:3.0.3:findbugs (findbugs) @ Baragon ---
[INFO] 
[INFO] <<< findbugs-maven-plugin:3.0.3:check (default) < :findbugs @ Baragon <<<
[INFO] 
[INFO] --- findbugs-maven-plugin:3.0.3:check (default) @ Baragon ---
[INFO] 
[INFO] >>> maven-pmd-plugin:3.6:check (default) > :pmd @ Baragon >>>
[INFO] 
[INFO] --- maven-pmd-plugin:3.6:pmd (pmd) @ Baragon ---
[INFO] 
[INFO] <<< maven-pmd-plugin:3.6:check (default) < :pmd @ Baragon <<<
[INFO] 
[INFO] --- maven-pmd-plugin:3.6:check (default) @ Baragon ---
[INFO] 
[INFO] --- license-maven-plugin:2.11:check (default) @ Baragon ---
[INFO] 
[INFO] --- maven-install-plugin:2.5.2:install (default-install) @ Baragon ---
[INFO] Installing /home/travis/build/HubSpot/Baragon/pom.xml to /home/travis/.m2/repository/com/hubspot/Baragon/0.5.0-SNAPSHOT/Baragon-0.5.0-SNAPSHOT.pom
[INFO]                                                                         
[INFO] ------------------------------------------------------------------------
[INFO] Building BaragonCore 0.5.0-SNAPSHOT
[INFO] ------------------------------------------------------------------------
[INFO] 
[INFO] --- property-helper-maven-plugin:2.0:get (get-build-id) @ BaragonCore ---
[INFO] 
[INFO] --- maven-enforcer-plugin:1.4.1:enforce (default) @ BaragonCore ---
[INFO] 
[INFO] --- maven-dependency-versions-check-plugin:2.0.2:check (default) @ BaragonCore ---
[INFO] Checking dependency versions
[INFO] 
[INFO] --- maven-checkstyle-plugin:2.17:check (default) @ BaragonCore ---
[INFO] Starting audit...
Audit done.
[INFO] 
[INFO] --- dependency-management-plugin:0.4:analyze (analyze) @ BaragonCore ---
[INFO] No dependency management issues found
[INFO] 
[INFO] --- git-commit-id-plugin:2.2.0:revision (default) @ BaragonCore ---
[INFO] 
[INFO] --- jacoco-maven-plugin:0.7.5.201505241946:prepare-agent (default) @ BaragonCore ---
[INFO] argLine set to -javaagent:/home/travis/.m2/repository/org/jacoco/org.jacoco.agent/0.7.5.201505241946/org.jacoco.agent-0.7.5.201505241946-runtime.jar=destfile=/home/travis/build/HubSpot/Baragon/BaragonCore/target/jacoco.exec
[INFO] 
[INFO] --- maven-resources-plugin:2.7:resources (default-resources) @ BaragonCore ---
[INFO] Using 'UTF-8' encoding to copy filtered resources.
[INFO] skip non existing resourceDirectory /home/travis/build/HubSpot/Baragon/BaragonCore/src/main/resources
[INFO] 
[INFO] --- maven-compiler-plugin:3.3:compile (default-compile) @ BaragonCore ---
[INFO] Changes detected - recompiling the module!
[INFO] Compiling 43 source files to /home/travis/build/HubSpot/Baragon/BaragonCore/target/classes
[INFO] /home/travis/build/HubSpot/Baragon/BaragonCore/src/main/java/com/hubspot/baragon/models/BaragonRequest.java: Some input files use or override a deprecated API.
[INFO] /home/travis/build/HubSpot/Baragon/BaragonCore/src/main/java/com/hubspot/baragon/models/BaragonRequest.java: Recompile with -Xlint:deprecation for details.
[INFO] -------------------------------------------------------------
[ERROR] COMPILATION ERROR : 
[INFO] -------------------------------------------------------------
[ERROR] /home/travis/build/HubSpot/Baragon/BaragonCore/src/main/java/com/hubspot/baragon/models/BaragonGroup.java:[43,53] incompatible types: inferred type does not conform to upper bound(s)
    inferred: java.util.Set<? extends java.lang.Object>
    upper bound(s): java.util.Set<com.hubspot.baragon.models.TrafficSource>,java.lang.Object
[INFO] 1 error
[INFO] -------------------------------------------------------------
[INFO] ------------------------------------------------------------------------
[INFO] Reactor Summary:
[INFO] 
[INFO] Baragon ............................................ SUCCESS [  7.680 s]
[INFO] BaragonCore ........................................ FAILURE [  3.247 s]
[INFO] BaragonData ........................................ SKIPPED
[INFO] BaragonService ..................................... SKIPPED
[INFO] BaragonAgentService ................................ SKIPPED
[INFO] BaragonClient ...................................... SKIPPED
[INFO] BaragonWatcher ..................................... SKIPPED
[INFO] BaragonServiceIntegrationTests ..................... SKIPPED
[INFO] ------------------------------------------------------------------------
[INFO] BUILD FAILURE
[INFO] ------------------------------------------------------------------------
[INFO] Total time: 12.132 s
[INFO] Finished at: 2017-02-03T17:58:02+00:00
[INFO] Final Memory: 49M/486M
[INFO] ------------------------------------------------------------------------
[ERROR] Failed to execute goal org.apache.maven.plugins:maven-compiler-plugin:3.3:compile (default-compile) on project BaragonCore: Compilation failure
[ERROR] /home/travis/build/HubSpot/Baragon/BaragonCore/src/main/java/com/hubspot/baragon/models/BaragonGroup.java:[43,53] incompatible types: inferred type does not conform to upper bound(s)
[ERROR] inferred: java.util.Set<? extends java.lang.Object>
[ERROR] upper bound(s): java.util.Set<com.hubspot.baragon.models.TrafficSource>,java.lang.Object
[ERROR] -> [Help 1]
[ERROR] 
[ERROR] To see the full stack trace of the errors, re-run Maven with the -e switch.
[ERROR] Re-run Maven using the -X switch to enable full debug logging.
[ERROR] 
[ERROR] For more information about the errors and possible solutions, please read the following articles:
[ERROR] [Help 1] http://cwiki.apache.org/confluence/display/MAVEN/MojoFailureException
[ERROR] 
[ERROR] After correcting the problems, you can resume the build with the command
[ERROR]   mvn <goals> -rf :BaragonCore

[31;1mThe command "eval mvn install -DskipTests=true -Dmaven.javadoc.skip=true -B -V " failed. Retrying, 3 of 3.[0m

Java HotSpot(TM) 64-Bit Server VM warning: ignoring option MaxPermSize=192m; support was removed in 8.0
Apache Maven 3.3.9 (bb52d8502b132ec0a5a3f4c09453c07478323dc5; 2015-11-10T16:41:47+00:00)
Maven home: /home/travis/build/HubSpot/Baragon/apache-maven-3.3.9
Java version: 1.8.0_31, vendor: Oracle Corporation
Java home: /usr/lib/jvm/java-8-oracle/jre
Default locale: en_US, platform encoding: UTF-8
OS name: "linux", version: "4.8.12-040812-generic", arch: "amd64", family: "unix"
[INFO] Scanning for projects...
[INFO] ------------------------------------------------------------------------
[INFO] Reactor Build Order:
[INFO] 
[INFO] Baragon
[INFO] BaragonCore
[INFO] BaragonData
[INFO] BaragonService
[INFO] BaragonAgentService
[INFO] BaragonClient
[INFO] BaragonWatcher
[INFO] BaragonServiceIntegrationTests
[INFO]                                                                         
[INFO] ------------------------------------------------------------------------
[INFO] Building Baragon 0.5.0-SNAPSHOT
[INFO] ------------------------------------------------------------------------
[INFO] 
[INFO] --- property-helper-maven-plugin:2.0:get (get-build-id) @ Baragon ---
[INFO] 
[INFO] --- maven-enforcer-plugin:1.4.1:enforce (default) @ Baragon ---
[INFO] 
[INFO] --- maven-dependency-versions-check-plugin:2.0.2:check (default) @ Baragon ---
[INFO] Checking dependency versions
[INFO] 
[INFO] --- maven-checkstyle-plugin:2.17:check (default) @ Baragon ---
[INFO] Starting audit...
Audit done.
[INFO] 
[INFO] --- dependency-management-plugin:0.4:analyze (analyze) @ Baragon ---
[INFO] No dependency management issues found
[INFO] 
[INFO] --- git-commit-id-plugin:2.2.0:revision (default) @ Baragon ---
[INFO] 
[INFO] --- jacoco-maven-plugin:0.7.5.201505241946:prepare-agent (default) @ Baragon ---
[INFO] argLine set to -javaagent:/home/travis/.m2/repository/org/jacoco/org.jacoco.agent/0.7.5.201505241946/org.jacoco.agent-0.7.5.201505241946-runtime.jar=destfile=/home/travis/build/HubSpot/Baragon/target/jacoco.exec
[INFO] 
[INFO] --- maven-jar-plugin:2.6:test-jar (attach-tests) @ Baragon ---
[INFO] Skipping packaging of the test-jar
[INFO] 
[INFO] --- maven-source-plugin:2.4:jar-no-fork (attach-sources) @ Baragon ---
[INFO] 
[INFO] --- maven-source-plugin:2.4:test-jar-no-fork (attach-sources) @ Baragon ---
[INFO] 
[INFO] --- maven-dependency-plugin:2.10:analyze-only (default) @ Baragon ---
[INFO] Skipping pom project
[INFO] 
[INFO] --- maven-dependency-plugin:2.10:analyze-duplicate (default) @ Baragon ---
[INFO] No duplicate dependencies found in <dependencies/> or in <dependencyManagement/>
[INFO] 
[INFO] --- maven-dependency-plugin:2.10:analyze-dep-mgt (default) @ Baragon ---
[INFO] Found Resolved Dependency / DependencyManagement mismatches:
[INFO] 	Ignoring Direct Dependencies.
[INFO]    None
[INFO] 
[INFO] --- duplicate-finder-maven-plugin:1.2.1:check (default) @ Baragon ---
[INFO] Ignoring POM project!
[INFO] 
[INFO] >>> findbugs-maven-plugin:3.0.3:check (default) > :findbugs @ Baragon >>>
[INFO] 
[INFO] --- findbugs-maven-plugin:3.0.3:findbugs (findbugs) @ Baragon ---
[INFO] 
[INFO] <<< findbugs-maven-plugin:3.0.3:check (default) < :findbugs @ Baragon <<<
[INFO] 
[INFO] --- findbugs-maven-plugin:3.0.3:check (default) @ Baragon ---
[INFO] 
[INFO] >>> maven-pmd-plugin:3.6:check (default) > :pmd @ Baragon >>>
[INFO] 
[INFO] --- maven-pmd-plugin:3.6:pmd (pmd) @ Baragon ---
[INFO] 
[INFO] <<< maven-pmd-plugin:3.6:check (default) < :pmd @ Baragon <<<
[INFO] 
[INFO] --- maven-pmd-plugin:3.6:check (default) @ Baragon ---
[INFO] 
[INFO] --- license-maven-plugin:2.11:check (default) @ Baragon ---
[INFO] 
[INFO] --- maven-install-plugin:2.5.2:install (default-install) @ Baragon ---
[INFO] Installing /home/travis/build/HubSpot/Baragon/pom.xml to /home/travis/.m2/repository/com/hubspot/Baragon/0.5.0-SNAPSHOT/Baragon-0.5.0-SNAPSHOT.pom
[INFO]                                                                         
[INFO] ------------------------------------------------------------------------
[INFO] Building BaragonCore 0.5.0-SNAPSHOT
[INFO] ------------------------------------------------------------------------
[INFO] 
[INFO] --- property-helper-maven-plugin:2.0:get (get-build-id) @ BaragonCore ---
[INFO] 
[INFO] --- maven-enforcer-plugin:1.4.1:enforce (default) @ BaragonCore ---
[INFO] 
[INFO] --- maven-dependency-versions-check-plugin:2.0.2:check (default) @ BaragonCore ---
[INFO] Checking dependency versions
[INFO] 
[INFO] --- maven-checkstyle-plugin:2.17:check (default) @ BaragonCore ---
[INFO] Starting audit...
Audit done.
[INFO] 
[INFO] --- dependency-management-plugin:0.4:analyze (analyze) @ BaragonCore ---
[INFO] No dependency management issues found
[INFO] 
[INFO] --- git-commit-id-plugin:2.2.0:revision (default) @ BaragonCore ---
[INFO] 
[INFO] --- jacoco-maven-plugin:0.7.5.201505241946:prepare-agent (default) @ BaragonCore ---
[INFO] argLine set to -javaagent:/home/travis/.m2/repository/org/jacoco/org.jacoco.agent/0.7.5.201505241946/org.jacoco.agent-0.7.5.201505241946-runtime.jar=destfile=/home/travis/build/HubSpot/Baragon/BaragonCore/target/jacoco.exec
[INFO] 
[INFO] --- maven-resources-plugin:2.7:resources (default-resources) @ BaragonCore ---
[INFO] Using 'UTF-8' encoding to copy filtered resources.
[INFO] skip non existing resourceDirectory /home/travis/build/HubSpot/Baragon/BaragonCore/src/main/resources
[INFO] 
[INFO] --- maven-compiler-plugin:3.3:compile (default-compile) @ BaragonCore ---
[INFO] Changes detected - recompiling the module!
[INFO] Compiling 43 source files to /home/travis/build/HubSpot/Baragon/BaragonCore/target/classes
[INFO] /home/travis/build/HubSpot/Baragon/BaragonCore/src/main/java/com/hubspot/baragon/models/BaragonRequest.java: Some input files use or override a deprecated API.
[INFO] /home/travis/build/HubSpot/Baragon/BaragonCore/src/main/java/com/hubspot/baragon/models/BaragonRequest.java: Recompile with -Xlint:deprecation for details.
[INFO] -------------------------------------------------------------
[ERROR] COMPILATION ERROR : 
[INFO] -------------------------------------------------------------
[ERROR] /home/travis/build/HubSpot/Baragon/BaragonCore/src/main/java/com/hubspot/baragon/models/BaragonGroup.java:[43,53] incompatible types: inferred type does not conform to upper bound(s)
    inferred: java.util.Set<? extends java.lang.Object>
    upper bound(s): java.util.Set<com.hubspot.baragon.models.TrafficSource>,java.lang.Object
[INFO] 1 error
[INFO] -------------------------------------------------------------
[INFO] ------------------------------------------------------------------------
[INFO] Reactor Summary:
[INFO] 
[INFO] Baragon ............................................ SUCCESS [  6.441 s]
[INFO] BaragonCore ........................................ FAILURE [  3.386 s]
[INFO] BaragonData ........................................ SKIPPED
[INFO] BaragonService ..................................... SKIPPED
[INFO] BaragonAgentService ................................ SKIPPED
[INFO] BaragonClient ...................................... SKIPPED
[INFO] BaragonWatcher ..................................... SKIPPED
[INFO] BaragonServiceIntegrationTests ..................... SKIPPED
[INFO] ------------------------------------------------------------------------
[INFO] BUILD FAILURE
[INFO] ------------------------------------------------------------------------
[INFO] Total time: 11.017 s
[INFO] Finished at: 2017-02-03T17:58:17+00:00
[INFO] Final Memory: 49M/486M
[INFO] ------------------------------------------------------------------------
[ERROR] Failed to execute goal org.apache.maven.plugins:maven-compiler-plugin:3.3:compile (default-compile) on project BaragonCore: Compilation failure
[ERROR] /home/travis/build/HubSpot/Baragon/BaragonCore/src/main/java/com/hubspot/baragon/models/BaragonGroup.java:[43,53] incompatible types: inferred type does not conform to upper bound(s)
[ERROR] inferred: java.util.Set<? extends java.lang.Object>
[ERROR] upper bound(s): java.util.Set<com.hubspot.baragon.models.TrafficSource>,java.lang.Object
[ERROR] -> [Help 1]
[ERROR] 
[ERROR] To see the full stack trace of the errors, re-run Maven with the -e switch.
[ERROR] Re-run Maven using the -X switch to enable full debug logging.
[ERROR] 
[ERROR] For more information about the errors and possible solutions, please read the following articles:
[ERROR] [Help 1] http://cwiki.apache.org/confluence/display/MAVEN/MojoFailureException
[ERROR] 
[ERROR] After correcting the problems, you can resume the build with the command
[ERROR]   mvn <goals> -rf :BaragonCore

[31;1mThe command "eval mvn install -DskipTests=true -Dmaven.javadoc.skip=true -B -V " failed 3 times.[0m


travis_time:end:068db7dc:start=1486144647376134645,finish=1486144704243452702,duration=56867318057[0K
[31;1mThe command "mvn install -DskipTests=true -Dmaven.javadoc.skip=true -B -V" failed and exited with 1 during .[0m

Your build has been stopped.
