Using worker: worker-linux-docker-68a72191.prod.travis-ci.org:travis-linux-2

travis_fold:start:system_info[0K[33;1mBuild system information[0m
Build language: java
[34m[1mBuild image provisioning date and time[0m
Thu Feb  5 15:09:33 UTC 2015
[34m[1mOperating System Details[0m
Distributor ID:	Ubuntu
Description:	Ubuntu 12.04.5 LTS
Release:	12.04
Codename:	precise
[34m[1mLinux Version[0m
3.13.0-29-generic
[34m[1mCookbooks Version[0m
a68419e https://github.com/travis-ci/travis-cookbooks/tree/a68419e
[34m[1mGCC version[0m
gcc (Ubuntu/Linaro 4.6.3-1ubuntu5) 4.6.3
Copyright (C) 2011 Free Software Foundation, Inc.
This is free software; see the source for copying conditions.  There is NO
warranty; not even for MERCHANTABILITY or FITNESS FOR A PARTICULAR PURPOSE.

[34m[1mLLVM version[0m
clang version 3.4 (tags/RELEASE_34/final)
Target: x86_64-unknown-linux-gnu
Thread model: posix
[34m[1mPre-installed Ruby versions[0m
ruby-1.9.3-p551
[34m[1mPre-installed Node.js versions[0m
v0.10.36
[34m[1mPre-installed Go versions[0m
1.4.1
[34m[1mRedis version[0m
redis-server 2.8.19
[34m[1mriak version[0m
2.0.2
[34m[1mMongoDB version[0m
MongoDB 2.4.12
[34m[1mCouchDB version[0m
couchdb 1.6.1
[34m[1mNeo4j version[0m
1.9.4
[34m[1mRabbitMQ Version[0m
3.4.3
[34m[1mElasticSearch version[0m
1.4.0
[34m[1mInstalled Sphinx versions[0m
2.0.10
2.1.9
2.2.6
[34m[1mDefault Sphinx version[0m
2.2.6
[34m[1mInstalled Firefox version[0m
firefox 31.0esr
[34m[1mPhantomJS version[0m
1.9.8
[34m[1mant -version[0m
Apache Ant(TM) version 1.8.2 compiled on December 3 2011
[34m[1mmvn -version[0m
Apache Maven 3.2.5 (12a6b3acb947671f09b81f49094c53f426d8cea1; 2014-12-14T17:29:23+00:00)
Maven home: /usr/local/maven
Java version: 1.7.0_76, vendor: Oracle Corporation
Java home: /usr/lib/jvm/java-7-oracle/jre
Default locale: en_US, platform encoding: ANSI_X3.4-1968
OS name: "linux", version: "3.13.0-29-generic", arch: "amd64", family: "unix"
travis_fold:end:system_info[0K
travis_fold:start:git.checkout[0Ktravis_time:start:28983042[0K$ git clone --depth=50 --branch=issue/DATAJPA-765 https://github.com/spring-projects/spring-data-jpa.git spring-projects/spring-data-jpa
Cloning into 'spring-projects/spring-data-jpa'...
remote: Counting objects: 1072, done.[K
remote: Compressing objects:   0% (1/606)   [Kremote: Compressing objects:   1% (7/606)   [Kremote: Compressing objects:   2% (13/606)   [Kremote: Compressing objects:   3% (19/606)   [Kremote: Compressing objects:   4% (25/606)   [Kremote: Compressing objects:   5% (31/606)   [Kremote: Compressing objects:   6% (37/606)   [Kremote: Compressing objects:   7% (43/606)   [Kremote: Compressing objects:   8% (49/606)   [Kremote: Compressing objects:   9% (55/606)   [Kremote: Compressing objects:  10% (61/606)   [Kremote: Compressing objects:  11% (67/606)   [Kremote: Compressing objects:  12% (73/606)   [Kremote: Compressing objects:  13% (79/606)   [Kremote: Compressing objects:  14% (85/606)   [Kremote: Compressing objects:  15% (91/606)   [Kremote: Compressing objects:  16% (97/606)   [Kremote: Compressing objects:  17% (104/606)   [Kremote: Compressing objects:  18% (110/606)   [Kremote: Compressing objects:  19% (116/606)   [Kremote: Compressing objects:  20% (122/606)   [Kremote: Compressing objects:  21% (128/606)   [Kremote: Compressing objects:  22% (134/606)   [Kremote: Compressing objects:  23% (140/606)   [Kremote: Compressing objects:  24% (146/606)   [Kremote: Compressing objects:  25% (152/606)   [Kremote: Compressing objects:  26% (158/606)   [Kremote: Compressing objects:  27% (164/606)   [Kremote: Compressing objects:  28% (170/606)   [Kremote: Compressing objects:  29% (176/606)   [Kremote: Compressing objects:  30% (182/606)   [Kremote: Compressing objects:  31% (188/606)   [Kremote: Compressing objects:  32% (194/606)   [Kremote: Compressing objects:  33% (200/606)   [Kremote: Compressing objects:  34% (207/606)   [Kremote: Compressing objects:  35% (213/606)   [Kremote: Compressing objects:  36% (219/606)   [Kremote: Compressing objects:  37% (225/606)   [Kremote: Compressing objects:  38% (231/606)   [Kremote: Compressing objects:  39% (237/606)   [Kremote: Compressing objects:  40% (243/606)   [Kremote: Compressing objects:  41% (249/606)   [Kremote: Compressing objects:  42% (255/606)   [Kremote: Compressing objects:  43% (261/606)   [Kremote: Compressing objects:  44% (267/606)   [Kremote: Compressing objects:  45% (273/606)   [Kremote: Compressing objects:  46% (279/606)   [Kremote: Compressing objects:  47% (285/606)   [Kremote: Compressing objects:  48% (291/606)   [Kremote: Compressing objects:  49% (297/606)   [Kremote: Compressing objects:  50% (303/606)   [Kremote: Compressing objects:  51% (310/606)   [Kremote: Compressing objects:  52% (316/606)   [Kremote: Compressing objects:  53% (322/606)   [Kremote: Compressing objects:  54% (328/606)   [Kremote: Compressing objects:  55% (334/606)   [Kremote: Compressing objects:  56% (340/606)   [Kremote: Compressing objects:  57% (346/606)   [Kremote: Compressing objects:  58% (352/606)   [Kremote: Compressing objects:  59% (358/606)   [Kremote: Compressing objects:  60% (364/606)   [Kremote: Compressing objects:  61% (370/606)   [Kremote: Compressing objects:  62% (376/606)   [Kremote: Compressing objects:  63% (382/606)   [Kremote: Compressing objects:  64% (388/606)   [Kremote: Compressing objects:  65% (394/606)   [Kremote: Compressing objects:  66% (400/606)   [Kremote: Compressing objects:  67% (407/606)   [Kremote: Compressing objects:  68% (413/606)   [Kremote: Compressing objects:  69% (419/606)   [Kremote: Compressing objects:  70% (425/606)   [Kremote: Compressing objects:  71% (431/606)   [Kremote: Compressing objects:  72% (437/606)   [Kremote: Compressing objects:  73% (443/606)   [Kremote: Compressing objects:  74% (449/606)   [Kremote: Compressing objects:  75% (455/606)   [Kremote: Compressing objects:  76% (461/606)   [Kremote: Compressing objects:  77% (467/606)   [Kremote: Compressing objects:  78% (473/606)   [Kremote: Compressing objects:  79% (479/606)   [Kremote: Compressing objects:  80% (485/606)   [Kremote: Compressing objects:  81% (491/606)   [Kremote: Compressing objects:  82% (497/606)   [Kremote: Compressing objects:  83% (503/606)   [Kremote: Compressing objects:  84% (510/606)   [Kremote: Compressing objects:  85% (516/606)   [Kremote: Compressing objects:  86% (522/606)   [Kremote: Compressing objects:  87% (528/606)   [Kremote: Compressing objects:  88% (534/606)   [Kremote: Compressing objects:  89% (540/606)   [Kremote: Compressing objects:  90% (546/606)   [Kremote: Compressing objects:  91% (552/606)   [Kremote: Compressing objects:  92% (558/606)   [Kremote: Compressing objects:  93% (564/606)   [Kremote: Compressing objects:  94% (570/606)   [Kremote: Compressing objects:  95% (576/606)   [Kremote: Compressing objects:  96% (582/606)   [Kremote: Compressing objects:  97% (588/606)   [Kremote: Compressing objects:  98% (594/606)   [Kremote: Compressing objects:  99% (600/606)   [Kremote: Compressing objects: 100% (606/606)   [Kremote: Compressing objects: 100% (606/606), done.[K
Receiving objects:   0% (1/1072)   Receiving objects:   1% (11/1072)   Receiving objects:   2% (22/1072)   Receiving objects:   3% (33/1072)   Receiving objects:   4% (43/1072)   Receiving objects:   5% (54/1072)   Receiving objects:   6% (65/1072)   Receiving objects:   7% (76/1072)   Receiving objects:   8% (86/1072)   Receiving objects:   9% (97/1072)   Receiving objects:  10% (108/1072)   Receiving objects:  11% (118/1072)   Receiving objects:  12% (129/1072)   Receiving objects:  13% (140/1072)   Receiving objects:  14% (151/1072)   Receiving objects:  15% (161/1072)   Receiving objects:  16% (172/1072)   Receiving objects:  17% (183/1072)   Receiving objects:  18% (193/1072)   Receiving objects:  19% (204/1072)   Receiving objects:  20% (215/1072)   Receiving objects:  21% (226/1072)   Receiving objects:  22% (236/1072)   Receiving objects:  23% (247/1072)   Receiving objects:  24% (258/1072)   Receiving objects:  25% (268/1072)   Receiving objects:  26% (279/1072)   Receiving objects:  27% (290/1072)   Receiving objects:  28% (301/1072)   Receiving objects:  29% (311/1072)   Receiving objects:  30% (322/1072)   Receiving objects:  31% (333/1072)   Receiving objects:  32% (344/1072)   Receiving objects:  33% (354/1072)   Receiving objects:  34% (365/1072)   Receiving objects:  35% (376/1072)   Receiving objects:  36% (386/1072)   Receiving objects:  37% (397/1072)   Receiving objects:  38% (408/1072)   Receiving objects:  39% (419/1072)   Receiving objects:  40% (429/1072)   Receiving objects:  41% (440/1072)   Receiving objects:  42% (451/1072)   Receiving objects:  43% (461/1072)   Receiving objects:  44% (472/1072)   Receiving objects:  45% (483/1072)   Receiving objects:  46% (494/1072)   Receiving objects:  47% (504/1072)   Receiving objects:  48% (515/1072)   Receiving objects:  49% (526/1072)   Receiving objects:  50% (536/1072)   Receiving objects:  51% (547/1072)   Receiving objects:  52% (558/1072)   Receiving objects:  53% (569/1072)   Receiving objects:  54% (579/1072)   Receiving objects:  55% (590/1072)   Receiving objects:  56% (601/1072)   Receiving objects:  57% (612/1072)   Receiving objects:  58% (622/1072)   Receiving objects:  59% (633/1072)   remote: Total 1072 (delta 473), reused 726 (delta 264), pack-reused 0[K
Receiving objects:  60% (644/1072)   Receiving objects:  61% (654/1072)   Receiving objects:  62% (665/1072)   Receiving objects:  63% (676/1072)   Receiving objects:  64% (687/1072)   Receiving objects:  65% (697/1072)   Receiving objects:  66% (708/1072)   Receiving objects:  67% (719/1072)   Receiving objects:  68% (729/1072)   Receiving objects:  69% (740/1072)   Receiving objects:  70% (751/1072)   Receiving objects:  71% (762/1072)   Receiving objects:  72% (772/1072)   Receiving objects:  73% (783/1072)   Receiving objects:  74% (794/1072)   Receiving objects:  75% (804/1072)   Receiving objects:  76% (815/1072)   Receiving objects:  77% (826/1072)   Receiving objects:  78% (837/1072)   Receiving objects:  79% (847/1072)   Receiving objects:  80% (858/1072)   Receiving objects:  81% (869/1072)   Receiving objects:  82% (880/1072)   Receiving objects:  83% (890/1072)   Receiving objects:  84% (901/1072)   Receiving objects:  85% (912/1072)   Receiving objects:  86% (922/1072)   Receiving objects:  87% (933/1072)   Receiving objects:  88% (944/1072)   Receiving objects:  89% (955/1072)   Receiving objects:  90% (965/1072)   Receiving objects:  91% (976/1072)   Receiving objects:  92% (987/1072)   Receiving objects:  93% (997/1072)   Receiving objects:  94% (1008/1072)   Receiving objects:  95% (1019/1072)   Receiving objects:  96% (1030/1072)   Receiving objects:  97% (1040/1072)   Receiving objects:  98% (1051/1072)   Receiving objects:  99% (1062/1072)   Receiving objects: 100% (1072/1072)   Receiving objects: 100% (1072/1072), 393.63 KiB | 0 bytes/s, done.
Resolving deltas:   0% (0/473)   Resolving deltas:  10% (49/473)   Resolving deltas:  13% (64/473)   Resolving deltas:  14% (67/473)   Resolving deltas:  16% (77/473)   Resolving deltas:  17% (81/473)   Resolving deltas:  19% (90/473)   Resolving deltas:  20% (95/473)   Resolving deltas:  21% (101/473)   Resolving deltas:  25% (121/473)   Resolving deltas:  26% (124/473)   Resolving deltas:  27% (129/473)   Resolving deltas:  28% (133/473)   Resolving deltas:  30% (144/473)   Resolving deltas:  31% (148/473)   Resolving deltas:  32% (155/473)   Resolving deltas:  33% (158/473)   Resolving deltas:  34% (163/473)   Resolving deltas:  35% (167/473)   Resolving deltas:  36% (171/473)   Resolving deltas:  37% (176/473)   Resolving deltas:  38% (182/473)   Resolving deltas:  39% (186/473)   Resolving deltas:  41% (195/473)   Resolving deltas:  42% (201/473)   Resolving deltas:  43% (204/473)   Resolving deltas:  44% (212/473)   Resolving deltas:  46% (219/473)   Resolving deltas:  47% (224/473)   Resolving deltas:  48% (229/473)   Resolving deltas:  50% (239/473)   Resolving deltas:  51% (244/473)   Resolving deltas:  52% (248/473)   Resolving deltas:  53% (252/473)   Resolving deltas:  54% (258/473)   Resolving deltas:  56% (267/473)   Resolving deltas:  57% (271/473)   Resolving deltas:  58% (275/473)   Resolving deltas:  62% (296/473)   Resolving deltas:  63% (300/473)   Resolving deltas:  65% (309/473)   Resolving deltas:  69% (329/473)   Resolving deltas:  70% (333/473)   Resolving deltas:  72% (341/473)   Resolving deltas:  75% (357/473)   Resolving deltas:  76% (360/473)   Resolving deltas:  77% (368/473)   Resolving deltas:  78% (369/473)   Resolving deltas:  79% (374/473)   Resolving deltas:  80% (383/473)   Resolving deltas:  81% (384/473)   Resolving deltas:  82% (388/473)   Resolving deltas:  83% (394/473)   Resolving deltas:  84% (399/473)   Resolving deltas:  85% (405/473)   Resolving deltas:  86% (407/473)   Resolving deltas:  87% (414/473)   Resolving deltas:  88% (419/473)   Resolving deltas:  89% (422/473)   Resolving deltas:  90% (428/473)   Resolving deltas:  91% (433/473)   Resolving deltas:  93% (441/473)   Resolving deltas:  94% (445/473)   Resolving deltas:  95% (452/473)   Resolving deltas:  96% (455/473)   Resolving deltas:  97% (459/473)   Resolving deltas:  98% (465/473)   Resolving deltas: 100% (473/473)   Resolving deltas: 100% (473/473), done.
Checking connectivity... done.
travis_time:end:28983042:start=1447693980744933630,finish=1447693981436331224,duration=691397594[0K$ cd spring-projects/spring-data-jpa
$ git checkout -qf 081d67aa2fb8402b54acb823876c40391b219c02
travis_fold:end:git.checkout[0K
[33;1mThis job is running on container-based infrastructure, which does not allow use of 'sudo', setuid and setguid executables.[0m
[33;1mIf you require sudo, add 'sudo: required' to your .travis.yml[0m
[33;1mSee http://docs.travis-ci.com/user/workers/container-based-infrastructure/ for details.[0m

[33;1mSetting environment variables from .travis.yml[0m
$ export PROFILE=spring41-next

travis_fold:start:cache.1[0KSetting up build cache
$ export CASHER_DIR=$HOME/.casher
travis_time:start:323448ae[0K$ Installing caching utilities
travis_time:end:323448ae:start=1447693983281201616,finish=1447693983341850330,duration=60648714[0Ktravis_time:start:0d61feb5[0Ktravis_time:end:0d61feb5:start=1447693983346408703,finish=1447693983350142673,duration=3733970[0Ktravis_time:start:16d6fc5a[0Kattempting to download cache archive
fetching issueDATAJPA-765/cache--jdk-oraclejdk8.tgz
fetching issueDATAJPA-765/cache--jdk-oraclejdk8.tbz
fetching master/cache--jdk-oraclejdk8.tgz
found cache
travis_time:end:16d6fc5a:start=1447693983354587159,finish=1447693987157029733,duration=3802442574[0Ktravis_time:start:22f9c041[0Ktravis_time:end:22f9c041:start=1447693987160846612,finish=1447693987164458393,duration=3611781[0Ktravis_time:start:0b376fbc[0Kadding /home/travis/.m2 to cache
travis_time:end:0b376fbc:start=1447693987168365648,finish=1447693991151621301,duration=3983255653[0Ktravis_fold:end:cache.1[0K$ jdk_switcher use oraclejdk8
Switching to Oracle JDK8 (java-8-oracle), JAVA_HOME will be set to /usr/lib/jvm/java-8-oracle
$ java -Xmx32m -version
java version "1.8.0_31"
Java(TM) SE Runtime Environment (build 1.8.0_31-b13)
Java HotSpot(TM) 64-Bit Server VM (build 25.31-b07, mixed mode)
$ javac -J-Xmx32m -version
javac 1.8.0_31
travis_fold:start:install[0Ktravis_time:start:13f711bd[0K$ true
travis_time:end:13f711bd:start=1447693991551073009,finish=1447693991554156186,duration=3083177[0Ktravis_fold:end:install[0Ktravis_time:start:0141cd68[0K$ mvn clean dependency:list test -P${PROFILE} -Dsort
Java HotSpot(TM) 64-Bit Server VM warning: ignoring option MaxPermSize=192m; support was removed in 8.0
[INFO] Scanning for projects...
Downloading: https://repository.apache.org/snapshots/org/springframework/data/build/spring-data-parent/1.8.0.BUILD-SNAPSHOT/maven-metadata.xml
Downloading: https://nexus.codehaus.org/snapshots/org/springframework/data/build/spring-data-parent/1.8.0.BUILD-SNAPSHOT/maven-metadata.xml
[WARNING] Could not transfer metadata org.springframework.data.build:spring-data-parent:1.8.0.BUILD-SNAPSHOT/maven-metadata.xml from/to codehaus-snapshots (https://nexus.codehaus.org/snapshots/): nexus.codehaus.org: unknown error
Downloading: https://nexus.codehaus.org/snapshots/org/springframework/data/build/spring-data-build/1.8.0.BUILD-SNAPSHOT/maven-metadata.xml
Downloading: https://repository.apache.org/snapshots/org/springframework/data/build/spring-data-build/1.8.0.BUILD-SNAPSHOT/maven-metadata.xml
[WARNING] Could not transfer metadata org.springframework.data.build:spring-data-build:1.8.0.BUILD-SNAPSHOT/maven-metadata.xml from/to codehaus-snapshots (https://nexus.codehaus.org/snapshots/): nexus.codehaus.org
Downloading: https://repository.apache.org/snapshots/org/springframework/spring-framework-bom/4.1.9.BUILD-SNAPSHOT/maven-metadata.xml
Downloading: https://nexus.codehaus.org/snapshots/org/springframework/spring-framework-bom/4.1.9.BUILD-SNAPSHOT/maven-metadata.xml
[WARNING] Could not transfer metadata org.springframework:spring-framework-bom:4.1.9.BUILD-SNAPSHOT/maven-metadata.xml from/to codehaus-snapshots (https://nexus.codehaus.org/snapshots/): nexus.codehaus.org
[WARNING] Failure to transfer org.springframework.data.build:spring-data-build:1.8.0.BUILD-SNAPSHOT/maven-metadata.xml from https://nexus.codehaus.org/snapshots/ was cached in the local repository, resolution will not be reattempted until the update interval of codehaus-snapshots has elapsed or updates are forced. Original error: Could not transfer metadata org.springframework.data.build:spring-data-build:1.8.0.BUILD-SNAPSHOT/maven-metadata.xml from/to codehaus-snapshots (https://nexus.codehaus.org/snapshots/): nexus.codehaus.org
[WARNING] Failure to transfer org.springframework:spring-framework-bom:4.1.9.BUILD-SNAPSHOT/maven-metadata.xml from https://nexus.codehaus.org/snapshots/ was cached in the local repository, resolution will not be reattempted until the update interval of codehaus-snapshots has elapsed or updates are forced. Original error: Could not transfer metadata org.springframework:spring-framework-bom:4.1.9.BUILD-SNAPSHOT/maven-metadata.xml from/to codehaus-snapshots (https://nexus.codehaus.org/snapshots/): nexus.codehaus.org
[INFO]                                                                         
[INFO] ------------------------------------------------------------------------
[INFO] Building Spring Data JPA 1.10.0.BUILD-SNAPSHOT
[INFO] ------------------------------------------------------------------------
Downloading: https://oss.sonatype.org/content/repositories/snapshots/org/springframework/data/spring-data-commons/1.12.0.DATACMNS-670-SNAPSHOT/maven-metadata.xml
Downloading: https://repository.apache.org/snapshots/org/springframework/data/spring-data-commons/1.12.0.DATACMNS-670-SNAPSHOT/maven-metadata.xml
Downloading: https://nexus.codehaus.org/snapshots/org/springframework/data/spring-data-commons/1.12.0.DATACMNS-670-SNAPSHOT/maven-metadata.xml
Downloading: https://repo.spring.io/libs-snapshot/org/springframework/data/spring-data-commons/1.12.0.DATACMNS-670-SNAPSHOT/maven-metadata.xml
3/3 KB            Downloaded: https://repo.spring.io/libs-snapshot/org/springframework/data/spring-data-commons/1.12.0.DATACMNS-670-SNAPSHOT/maven-metadata.xml (3 KB at 11.2 KB/sec)
         [WARNING] Could not transfer metadata org.springframework.data:spring-data-commons:1.12.0.DATACMNS-670-SNAPSHOT/maven-metadata.xml from/to codehaus-snapshots (https://nexus.codehaus.org/snapshots/): nexus.codehaus.org
[WARNING] Failure to transfer org.springframework.data:spring-data-commons:1.12.0.DATACMNS-670-SNAPSHOT/maven-metadata.xml from https://nexus.codehaus.org/snapshots/ was cached in the local repository, resolution will not be reattempted until the update interval of codehaus-snapshots has elapsed or updates are forced. Original error: Could not transfer metadata org.springframework.data:spring-data-commons:1.12.0.DATACMNS-670-SNAPSHOT/maven-metadata.xml from/to codehaus-snapshots (https://nexus.codehaus.org/snapshots/): nexus.codehaus.org
Downloading: https://oss.sonatype.org/content/repositories/snapshots/org/springframework/data/spring-data-commons/1.12.0.DATACMNS-670-SNAPSHOT/spring-data-commons-1.12.0.DATACMNS-670-20151116.165530-1.pom
         Downloading: https://repository.apache.org/snapshots/org/springframework/data/spring-data-commons/1.12.0.DATACMNS-670-SNAPSHOT/spring-data-commons-1.12.0.DATACMNS-670-20151116.165530-1.pom
         Downloading: https://nexus.codehaus.org/snapshots/org/springframework/data/spring-data-commons/1.12.0.DATACMNS-670-SNAPSHOT/spring-data-commons-1.12.0.DATACMNS-670-20151116.165530-1.pom
         Downloading: https://repo.spring.io/libs-snapshot/org/springframework/data/spring-data-commons/1.12.0.DATACMNS-670-SNAPSHOT/spring-data-commons-1.12.0.DATACMNS-670-20151116.165530-1.pom
4/7 KB   7/7 KB            Downloaded: https://repo.spring.io/libs-snapshot/org/springframework/data/spring-data-commons/1.12.0.DATACMNS-670-SNAPSHOT/spring-data-commons-1.12.0.DATACMNS-670-20151116.165530-1.pom (7 KB at 37.7 KB/sec)
[WARNING] Failure to transfer org.springframework.data.build:spring-data-parent:1.8.0.BUILD-SNAPSHOT/maven-metadata.xml from https://nexus.codehaus.org/snapshots/ was cached in the local repository, resolution will not be reattempted until the update interval of codehaus-snapshots has elapsed or updates are forced. Original error: Could not transfer metadata org.springframework.data.build:spring-data-parent:1.8.0.BUILD-SNAPSHOT/maven-metadata.xml from/to codehaus-snapshots (https://nexus.codehaus.org/snapshots/): nexus.codehaus.org: unknown error
[WARNING] Failure to transfer org.springframework.data.build:spring-data-build:1.8.0.BUILD-SNAPSHOT/maven-metadata.xml from https://nexus.codehaus.org/snapshots/ was cached in the local repository, resolution will not be reattempted until the update interval of codehaus-snapshots has elapsed or updates are forced. Original error: Could not transfer metadata org.springframework.data.build:spring-data-build:1.8.0.BUILD-SNAPSHOT/maven-metadata.xml from/to codehaus-snapshots (https://nexus.codehaus.org/snapshots/): nexus.codehaus.org
Downloading: https://repository.apache.org/snapshots/org/springframework/spring-core/4.1.9.BUILD-SNAPSHOT/maven-metadata.xml
Downloading: https://nexus.codehaus.org/snapshots/org/springframework/spring-core/4.1.9.BUILD-SNAPSHOT/maven-metadata.xml
                  [WARNING] Could not transfer metadata org.springframework:spring-core:4.1.9.BUILD-SNAPSHOT/maven-metadata.xml from/to codehaus-snapshots (https://nexus.codehaus.org/snapshots/): nexus.codehaus.org
[WARNING] Failure to transfer org.springframework:spring-core:4.1.9.BUILD-SNAPSHOT/maven-metadata.xml from https://nexus.codehaus.org/snapshots/ was cached in the local repository, resolution will not be reattempted until the update interval of codehaus-snapshots has elapsed or updates are forced. Original error: Could not transfer metadata org.springframework:spring-core:4.1.9.BUILD-SNAPSHOT/maven-metadata.xml from/to codehaus-snapshots (https://nexus.codehaus.org/snapshots/): nexus.codehaus.org
Downloading: https://repository.apache.org/snapshots/org/springframework/spring-beans/4.1.9.BUILD-SNAPSHOT/maven-metadata.xml
Downloading: https://nexus.codehaus.org/snapshots/org/springframework/spring-beans/4.1.9.BUILD-SNAPSHOT/maven-metadata.xml
                  [WARNING] Could not transfer metadata org.springframework:spring-beans:4.1.9.BUILD-SNAPSHOT/maven-metadata.xml from/to codehaus-snapshots (https://nexus.codehaus.org/snapshots/): nexus.codehaus.org
[WARNING] Failure to transfer org.springframework:spring-beans:4.1.9.BUILD-SNAPSHOT/maven-metadata.xml from https://nexus.codehaus.org/snapshots/ was cached in the local repository, resolution will not be reattempted until the update interval of codehaus-snapshots has elapsed or updates are forced. Original error: Could not transfer metadata org.springframework:spring-beans:4.1.9.BUILD-SNAPSHOT/maven-metadata.xml from/to codehaus-snapshots (https://nexus.codehaus.org/snapshots/): nexus.codehaus.org
Downloading: https://repository.apache.org/snapshots/org/springframework/spring-orm/4.1.9.BUILD-SNAPSHOT/maven-metadata.xml
Downloading: https://nexus.codehaus.org/snapshots/org/springframework/spring-orm/4.1.9.BUILD-SNAPSHOT/maven-metadata.xml
                  [WARNING] Could not transfer metadata org.springframework:spring-orm:4.1.9.BUILD-SNAPSHOT/maven-metadata.xml from/to codehaus-snapshots (https://nexus.codehaus.org/snapshots/): nexus.codehaus.org
[WARNING] Failure to transfer org.springframework:spring-orm:4.1.9.BUILD-SNAPSHOT/maven-metadata.xml from https://nexus.codehaus.org/snapshots/ was cached in the local repository, resolution will not be reattempted until the update interval of codehaus-snapshots has elapsed or updates are forced. Original error: Could not transfer metadata org.springframework:spring-orm:4.1.9.BUILD-SNAPSHOT/maven-metadata.xml from/to codehaus-snapshots (https://nexus.codehaus.org/snapshots/): nexus.codehaus.org
Downloading: https://nexus.codehaus.org/snapshots/org/springframework/spring-jdbc/4.1.9.BUILD-SNAPSHOT/maven-metadata.xml
         Downloading: https://repository.apache.org/snapshots/org/springframework/spring-jdbc/4.1.9.BUILD-SNAPSHOT/maven-metadata.xml
         [WARNING] Could not transfer metadata org.springframework:spring-jdbc:4.1.9.BUILD-SNAPSHOT/maven-metadata.xml from/to codehaus-snapshots (https://nexus.codehaus.org/snapshots/): nexus.codehaus.org
[WARNING] Failure to transfer org.springframework:spring-jdbc:4.1.9.BUILD-SNAPSHOT/maven-metadata.xml from https://nexus.codehaus.org/snapshots/ was cached in the local repository, resolution will not be reattempted until the update interval of codehaus-snapshots has elapsed or updates are forced. Original error: Could not transfer metadata org.springframework:spring-jdbc:4.1.9.BUILD-SNAPSHOT/maven-metadata.xml from/to codehaus-snapshots (https://nexus.codehaus.org/snapshots/): nexus.codehaus.org
Downloading: https://repository.apache.org/snapshots/org/springframework/spring-tx/4.1.9.BUILD-SNAPSHOT/maven-metadata.xml
Downloading: https://nexus.codehaus.org/snapshots/org/springframework/spring-tx/4.1.9.BUILD-SNAPSHOT/maven-metadata.xml
                  [WARNING] Could not transfer metadata org.springframework:spring-tx:4.1.9.BUILD-SNAPSHOT/maven-metadata.xml from/to codehaus-snapshots (https://nexus.codehaus.org/snapshots/): nexus.codehaus.org
[WARNING] Failure to transfer org.springframework:spring-tx:4.1.9.BUILD-SNAPSHOT/maven-metadata.xml from https://nexus.codehaus.org/snapshots/ was cached in the local repository, resolution will not be reattempted until the update interval of codehaus-snapshots has elapsed or updates are forced. Original error: Could not transfer metadata org.springframework:spring-tx:4.1.9.BUILD-SNAPSHOT/maven-metadata.xml from/to codehaus-snapshots (https://nexus.codehaus.org/snapshots/): nexus.codehaus.org
Downloading: https://repository.apache.org/snapshots/org/springframework/spring-context/4.1.9.BUILD-SNAPSHOT/maven-metadata.xml
Downloading: https://nexus.codehaus.org/snapshots/org/springframework/spring-context/4.1.9.BUILD-SNAPSHOT/maven-metadata.xml
                  [WARNING] Could not transfer metadata org.springframework:spring-context:4.1.9.BUILD-SNAPSHOT/maven-metadata.xml from/to codehaus-snapshots (https://nexus.codehaus.org/snapshots/): nexus.codehaus.org
[WARNING] Failure to transfer org.springframework:spring-context:4.1.9.BUILD-SNAPSHOT/maven-metadata.xml from https://nexus.codehaus.org/snapshots/ was cached in the local repository, resolution will not be reattempted until the update interval of codehaus-snapshots has elapsed or updates are forced. Original error: Could not transfer metadata org.springframework:spring-context:4.1.9.BUILD-SNAPSHOT/maven-metadata.xml from/to codehaus-snapshots (https://nexus.codehaus.org/snapshots/): nexus.codehaus.org
Downloading: https://repository.apache.org/snapshots/org/springframework/spring-aop/4.1.9.BUILD-SNAPSHOT/maven-metadata.xml
Downloading: https://nexus.codehaus.org/snapshots/org/springframework/spring-aop/4.1.9.BUILD-SNAPSHOT/maven-metadata.xml
                  [WARNING] Could not transfer metadata org.springframework:spring-aop:4.1.9.BUILD-SNAPSHOT/maven-metadata.xml from/to codehaus-snapshots (https://nexus.codehaus.org/snapshots/): nexus.codehaus.org
[WARNING] Failure to transfer org.springframework:spring-aop:4.1.9.BUILD-SNAPSHOT/maven-metadata.xml from https://nexus.codehaus.org/snapshots/ was cached in the local repository, resolution will not be reattempted until the update interval of codehaus-snapshots has elapsed or updates are forced. Original error: Could not transfer metadata org.springframework:spring-aop:4.1.9.BUILD-SNAPSHOT/maven-metadata.xml from/to codehaus-snapshots (https://nexus.codehaus.org/snapshots/): nexus.codehaus.org
Downloading: https://repository.apache.org/snapshots/org/springframework/spring-expression/4.1.9.BUILD-SNAPSHOT/maven-metadata.xml
Downloading: https://nexus.codehaus.org/snapshots/org/springframework/spring-expression/4.1.9.BUILD-SNAPSHOT/maven-metadata.xml
                  [WARNING] Could not transfer metadata org.springframework:spring-expression:4.1.9.BUILD-SNAPSHOT/maven-metadata.xml from/to codehaus-snapshots (https://nexus.codehaus.org/snapshots/): nexus.codehaus.org
[WARNING] Failure to transfer org.springframework:spring-expression:4.1.9.BUILD-SNAPSHOT/maven-metadata.xml from https://nexus.codehaus.org/snapshots/ was cached in the local repository, resolution will not be reattempted until the update interval of codehaus-snapshots has elapsed or updates are forced. Original error: Could not transfer metadata org.springframework:spring-expression:4.1.9.BUILD-SNAPSHOT/maven-metadata.xml from/to codehaus-snapshots (https://nexus.codehaus.org/snapshots/): nexus.codehaus.org
Downloading: https://repository.apache.org/snapshots/org/springframework/spring-instrument/4.1.9.BUILD-SNAPSHOT/maven-metadata.xml
Downloading: https://nexus.codehaus.org/snapshots/org/springframework/spring-instrument/4.1.9.BUILD-SNAPSHOT/maven-metadata.xml
                  [WARNING] Could not transfer metadata org.springframework:spring-instrument:4.1.9.BUILD-SNAPSHOT/maven-metadata.xml from/to codehaus-snapshots (https://nexus.codehaus.org/snapshots/): nexus.codehaus.org
[WARNING] Failure to transfer org.springframework:spring-instrument:4.1.9.BUILD-SNAPSHOT/maven-metadata.xml from https://nexus.codehaus.org/snapshots/ was cached in the local repository, resolution will not be reattempted until the update interval of codehaus-snapshots has elapsed or updates are forced. Original error: Could not transfer metadata org.springframework:spring-instrument:4.1.9.BUILD-SNAPSHOT/maven-metadata.xml from/to codehaus-snapshots (https://nexus.codehaus.org/snapshots/): nexus.codehaus.org
Downloading: https://repository.apache.org/snapshots/org/springframework/spring-aspects/4.1.9.BUILD-SNAPSHOT/maven-metadata.xml
Downloading: https://nexus.codehaus.org/snapshots/org/springframework/spring-aspects/4.1.9.BUILD-SNAPSHOT/maven-metadata.xml
                  [WARNING] Could not transfer metadata org.springframework:spring-aspects:4.1.9.BUILD-SNAPSHOT/maven-metadata.xml from/to codehaus-snapshots (https://nexus.codehaus.org/snapshots/): nexus.codehaus.org
[WARNING] Failure to transfer org.springframework:spring-aspects:4.1.9.BUILD-SNAPSHOT/maven-metadata.xml from https://nexus.codehaus.org/snapshots/ was cached in the local repository, resolution will not be reattempted until the update interval of codehaus-snapshots has elapsed or updates are forced. Original error: Could not transfer metadata org.springframework:spring-aspects:4.1.9.BUILD-SNAPSHOT/maven-metadata.xml from/to codehaus-snapshots (https://nexus.codehaus.org/snapshots/): nexus.codehaus.org
Downloading: http://repo.maven.apache.org/maven2/com/querydsl/querydsl-apt/4.0.0/querydsl-apt-4.0.0.pom
4/8 KB   8/8 KB            Downloaded: http://repo.maven.apache.org/maven2/com/querydsl/querydsl-apt/4.0.0/querydsl-apt-4.0.0.pom (8 KB at 5.6 KB/sec)
Downloading: http://repo.maven.apache.org/maven2/com/querydsl/querydsl-root/4.0.0/querydsl-root-4.0.0.pom
4/21 KB   8/21 KB   12/21 KB   14/21 KB   18/21 KB   21/21 KB              Downloaded: http://repo.maven.apache.org/maven2/com/querydsl/querydsl-root/4.0.0/querydsl-root-4.0.0.pom (21 KB at 268.6 KB/sec)
Downloading: http://repo.maven.apache.org/maven2/com/querydsl/querydsl-codegen/4.0.0/querydsl-codegen-4.0.0.pom
2/3 KB     3/3 KB            Downloaded: http://repo.maven.apache.org/maven2/com/querydsl/querydsl-codegen/4.0.0/querydsl-codegen-4.0.0.pom (3 KB at 232.0 KB/sec)
Downloading: http://repo.maven.apache.org/maven2/com/querydsl/querydsl-core/4.0.0/querydsl-core-4.0.0.pom
4/5 KB   5/5 KB            Downloaded: http://repo.maven.apache.org/maven2/com/querydsl/querydsl-core/4.0.0/querydsl-core-4.0.0.pom (5 KB at 326.3 KB/sec)
Downloading: http://repo.maven.apache.org/maven2/org/reflections/reflections/0.9.9/reflections-0.9.9.pom
4/9 KB   8/9 KB   9/9 KB            Downloaded: http://repo.maven.apache.org/maven2/org/reflections/reflections/0.9.9/reflections-0.9.9.pom (9 KB at 990.6 KB/sec)
Downloading: http://repo.maven.apache.org/maven2/com/google/guava/guava/15.0/guava-15.0.pom
4/7 KB   7/7 KB            Downloaded: http://repo.maven.apache.org/maven2/com/google/guava/guava/15.0/guava-15.0.pom (7 KB at 678.4 KB/sec)
Downloading: http://repo.maven.apache.org/maven2/com/google/guava/guava-parent/15.0/guava-parent-15.0.pom
4/8 KB   8/8 KB            Downloaded: http://repo.maven.apache.org/maven2/com/google/guava/guava-parent/15.0/guava-parent-15.0.pom (8 KB at 550.9 KB/sec)
Downloading: http://repo.maven.apache.org/maven2/org/javassist/javassist/3.18.2-GA/javassist-3.18.2-GA.pom
4/10 KB   8/10 KB   10/10 KB              Downloaded: http://repo.maven.apache.org/maven2/org/javassist/javassist/3.18.2-GA/javassist-3.18.2-GA.pom (10 KB at 1033.2 KB/sec)
Downloading: http://repo.maven.apache.org/maven2/com/google/code/findbugs/annotations/2.0.1/annotations-2.0.1.pom
764/764 B               Downloaded: http://repo.maven.apache.org/maven2/com/google/code/findbugs/annotations/2.0.1/annotations-2.0.1.pom (764 B at 93.3 KB/sec)
Downloading: http://repo.maven.apache.org/maven2/com/querydsl/querydsl-jpa/4.0.0/querydsl-jpa-4.0.0.pom
4/12 KB     8/12 KB   12/12 KB              Downloaded: http://repo.maven.apache.org/maven2/com/querydsl/querydsl-jpa/4.0.0/querydsl-jpa-4.0.0.pom (12 KB at 651.0 KB/sec)
Downloading: https://repository.apache.org/snapshots/org/springframework/spring-test/4.1.9.BUILD-SNAPSHOT/maven-metadata.xml
Downloading: https://nexus.codehaus.org/snapshots/org/springframework/spring-test/4.1.9.BUILD-SNAPSHOT/maven-metadata.xml
                      [WARNING] Could not transfer metadata org.springframework:spring-test:4.1.9.BUILD-SNAPSHOT/maven-metadata.xml from/to codehaus-snapshots (https://nexus.codehaus.org/snapshots/): nexus.codehaus.org
[WARNING] Failure to transfer org.springframework:spring-test:4.1.9.BUILD-SNAPSHOT/maven-metadata.xml from https://nexus.codehaus.org/snapshots/ was cached in the local repository, resolution will not be reattempted until the update interval of codehaus-snapshots has elapsed or updates are forced. Original error: Could not transfer metadata org.springframework:spring-test:4.1.9.BUILD-SNAPSHOT/maven-metadata.xml from/to codehaus-snapshots (https://nexus.codehaus.org/snapshots/): nexus.codehaus.org
Downloading: https://repo.spring.io/libs-snapshot/org/springframework/data/spring-data-commons/1.12.0.DATACMNS-670-SNAPSHOT/spring-data-commons-1.12.0.DATACMNS-670-20151116.165530-1.jar
4/631 KB   8/631 KB   12/631 KB   16/631 KB   20/631 KB   24/631 KB   28/631 KB   32/631 KB   36/631 KB   40/631 KB   44/631 KB   48/631 KB   48/631 KB   52/631 KB   56/631 KB   60/631 KB   64/631 KB   68/631 KB   72/631 KB   76/631 KB   80/631 KB   84/631 KB   88/631 KB   92/631 KB   96/631 KB   100/631 KB   104/631 KB   108/631 KB   112/631 KB   116/631 KB   120/631 KB   124/631 KB   128/631 KB   132/631 KB   134/631 KB   138/631 KB   142/631 KB   146/631 KB   150/631 KB   154/631 KB   158/631 KB   162/631 KB   166/631 KB   170/631 KB   171/631 KB   175/631 KB   179/631 KB   183/631 KB   187/631 KB   191/631 KB   195/631 KB   199/631 KB   203/631 KB   206/631 KB   210/631 KB   214/631 KB   218/631 KB   222/631 KB   226/631 KB   230/631 KB   234/631 KB   238/631 KB   242/631 KB   246/631 KB   250/631 KB   254/631 KB   258/631 KB   262/631 KB   266/631 KB   270/631 KB   274/631 KB   278/631 KB   282/631 KB   286/631 KB   290/631 KB   294/631 KB   298/631 KB   302/631 KB   306/631 KB   310/631 KB   314/631 KB   318/631 KB   322/631 KB   326/631 KB   330/631 KB   334/631 KB   338/631 KB   342/631 KB   346/631 KB   350/631 KB   354/631 KB   358/631 KB   362/631 KB   366/631 KB   370/631 KB   374/631 KB   378/631 KB   382/631 KB   386/631 KB   390/631 KB   394/631 KB   398/631 KB   402/631 KB   406/631 KB   410/631 KB   414/631 KB   418/631 KB   422/631 KB   426/631 KB   430/631 KB   434/631 KB   438/631 KB   442/631 KB   446/631 KB   450/631 KB   454/631 KB   458/631 KB   462/631 KB   466/631 KB   470/631 KB   474/631 KB   478/631 KB   482/631 KB   486/631 KB   490/631 KB   494/631 KB   498/631 KB   502/631 KB   506/631 KB   510/631 KB   514/631 KB   518/631 KB   522/631 KB   526/631 KB   530/631 KB   534/631 KB   538/631 KB   542/631 KB   546/631 KB   550/631 KB   554/631 KB   558/631 KB   562/631 KB   566/631 KB   570/631 KB   574/631 KB   578/631 KB   582/631 KB   586/631 KB   590/631 KB   594/631 KB   598/631 KB   602/631 KB   606/631 KB   610/631 KB   614/631 KB   618/631 KB   622/631 KB   626/631 KB   630/631 KB   631/631 KB                Downloaded: https://repo.spring.io/libs-snapshot/org/springframework/data/spring-data-commons/1.12.0.DATACMNS-670-SNAPSHOT/spring-data-commons-1.12.0.DATACMNS-670-20151116.165530-1.jar (631 KB at 1740.9 KB/sec)
Downloading: http://repo.maven.apache.org/maven2/com/querydsl/querydsl-apt/4.0.0/querydsl-apt-4.0.0.jar
Downloading: http://repo.maven.apache.org/maven2/com/querydsl/querydsl-codegen/4.0.0/querydsl-codegen-4.0.0.jar
Downloading: http://repo.maven.apache.org/maven2/org/javassist/javassist/3.18.2-GA/javassist-3.18.2-GA.jar
Downloading: http://repo.maven.apache.org/maven2/org/reflections/reflections/0.9.9/reflections-0.9.9.jar
Downloading: http://repo.maven.apache.org/maven2/com/google/code/findbugs/annotations/2.0.1/annotations-2.0.1.jar
4/72 KB      8/72 KB   12/72 KB   14/72 KB   18/72 KB   19/72 KB   23/72 KB   27/72 KB   31/72 KB   35/72 KB   39/72 KB   43/72 KB   43/72 KB   43/72 KB   4/64 KB   43/72 KB   6/64 KB   43/72 KB   10/64 KB   43/72 KB   14/64 KB   43/72 KB   18/64 KB   43/72 KB   22/64 KB   43/72 KB   26/64 KB   47/72 KB   26/64 KB   48/72 KB   26/64 KB   52/72 KB   26/64 KB   55/72 KB   26/64 KB   59/72 KB   26/64 KB   63/72 KB   26/64 KB   67/72 KB   26/64 KB   71/72 KB   26/64 KB   72/72 KB   26/64 KB   72/72 KB   30/64 KB   72/72 KB   34/64 KB   72/72 KB   38/64 KB   72/72 KB   42/64 KB   72/72 KB   46/64 KB   4/139 KB   72/72 KB   46/64 KB   4/139 KB   72/72 KB   50/64 KB   4/139 KB   72/72 KB   54/64 KB   8/139 KB   72/72 KB   54/64 KB   8/139 KB   72/72 KB   54/64 KB   12/139 KB   72/72 KB   54/64 KB   16/139 KB   72/72 KB   54/64 KB   20/139 KB   72/72 KB   54/64 KB   24/139 KB   72/72 KB   54/64 KB   28/139 KB   72/72 KB   54/64 KB   32/139 KB   72/72 KB   54/64 KB   36/139 KB   72/72 KB   54/64 KB   40/139 KB   72/72 KB   54/64 KB   44/139 KB   72/72 KB   54/64 KB   48/139 KB   72/72 KB   54/64 KB   52/139 KB   72/72 KB   54/64 KB   56/139 KB   72/72 KB   54/64 KB   60/139 KB   72/72 KB   54/64 KB   64/139 KB                                     Downloaded: http://repo.maven.apache.org/maven2/com/querydsl/querydsl-codegen/4.0.0/querydsl-codegen-4.0.0.jar (72 KB at 2863.6 KB/sec)
Downloading: http://repo.maven.apache.org/maven2/com/querydsl/querydsl-jpa/4.0.0/querydsl-jpa-4.0.0.jar
54/64 KB   68/139 KB              54/64 KB   72/139 KB   54/64 KB   76/139 KB   54/64 KB   80/139 KB   54/64 KB   84/139 KB   54/64 KB   88/139 KB   54/64 KB   92/139 KB   54/64 KB   96/139 KB   54/64 KB   100/139 KB   54/64 KB   104/139 KB   54/64 KB   108/139 KB   54/64 KB   112/139 KB   54/64 KB   116/139 KB   58/64 KB   116/139 KB   62/64 KB   116/139 KB   64/64 KB   116/139 KB   64/64 KB   4/698 KB   116/139 KB   64/64 KB   8/698 KB   116/139 KB   64/64 KB   12/698 KB   116/139 KB   64/64 KB   16/698 KB   116/139 KB   64/64 KB   20/698 KB   116/139 KB   64/64 KB   24/698 KB   116/139 KB   64/64 KB   28/698 KB   116/139 KB   64/64 KB   32/698 KB   116/139 KB   64/64 KB   36/698 KB   116/139 KB   64/64 KB   40/698 KB   116/139 KB   64/64 KB   44/698 KB   116/139 KB   64/64 KB   48/698 KB   116/139 KB   64/64 KB   52/698 KB   116/139 KB   64/64 KB   56/698 KB   116/139 KB   64/64 KB   60/698 KB   116/139 KB   64/64 KB   64/698 KB   116/139 KB   64/64 KB   68/698 KB   116/139 KB   64/64 KB   72/698 KB   116/139 KB   64/64 KB   76/698 KB   116/139 KB   64/64 KB   80/698 KB   116/139 KB   64/64 KB   80/698 KB   4/109 KB   116/139 KB   64/64 KB   80/698 KB   6/109 KB   116/139 KB   64/64 KB   80/698 KB   10/109 KB   116/139 KB   64/64 KB   80/698 KB   14/109 KB   116/139 KB   64/64 KB   80/698 KB   18/109 KB   116/139 KB   64/64 KB   80/698 KB   22/109 KB   116/139 KB   64/64 KB   80/698 KB   26/109 KB   116/139 KB   64/64 KB   80/698 KB   30/109 KB   116/139 KB   64/64 KB   80/698 KB   34/109 KB   116/139 KB   64/64 KB   80/698 KB   34/109 KB   116/139 KB   64/64 KB   80/698 KB   37/109 KB   116/139 KB   64/64 KB   80/698 KB   41/109 KB   116/139 KB   64/64 KB   80/698 KB   45/109 KB   116/139 KB   64/64 KB   80/698 KB   49/109 KB   116/139 KB   64/64 KB   80/698 KB   53/109 KB   116/139 KB   64/64 KB   80/698 KB   57/109 KB   116/139 KB   64/64 KB   80/698 KB   61/109 KB   116/139 KB   64/64 KB   80/698 KB   64/109 KB   116/139 KB   64/64 KB   84/698 KB   64/109 KB   116/139 KB   64/64 KB   88/698 KB   64/109 KB   116/139 KB   64/64 KB   92/698 KB   64/109 KB   116/139 KB   64/64 KB   96/698 KB   64/109 KB   116/139 KB   64/64 KB   96/698 KB   67/109 KB   116/139 KB   64/64 KB   100/698 KB   67/109 KB   116/139 KB   64/64 KB   104/698 KB   67/109 KB   116/139 KB   64/64 KB   104/698 KB   69/109 KB   116/139 KB   64/64 KB   104/698 KB   73/109 KB   116/139 KB   64/64 KB   104/698 KB   77/109 KB   116/139 KB   64/64 KB   104/698 KB   81/109 KB   116/139 KB   64/64 KB   104/698 KB   85/109 KB   116/139 KB   64/64 KB   104/698 KB   89/109 KB   116/139 KB   64/64 KB   104/698 KB   93/109 KB   116/139 KB   64/64 KB   104/698 KB   96/109 KB   116/139 KB   64/64 KB   108/698 KB   96/109 KB   116/139 KB   64/64 KB   112/698 KB   96/109 KB   116/139 KB   64/64 KB   116/698 KB   96/109 KB   116/139 KB   64/64 KB   120/698 KB   96/109 KB   116/139 KB   64/64 KB   120/698 KB   99/109 KB   116/139 KB   64/64 KB   120/698 KB   102/109 KB   116/139 KB   64/64 KB   124/698 KB   102/109 KB   116/139 KB   64/64 KB   124/698 KB   106/109 KB   116/139 KB   64/64 KB   124/698 KB   109/109 KB   116/139 KB   64/64 KB   128/698 KB   109/109 KB   116/139 KB   64/64 KB   132/698 KB   109/109 KB   116/139 KB   64/64 KB   136/698 KB   109/109 KB   116/139 KB   64/64 KB   140/698 KB   109/109 KB   116/139 KB   64/64 KB   144/698 KB   109/109 KB   120/139 KB   64/64 KB   148/698 KB   109/109 KB   120/139 KB   64/64 KB   152/698 KB   109/109 KB   120/139 KB   64/64 KB   156/698 KB   109/109 KB   120/139 KB   64/64 KB   140/698 KB   109/109 KB   120/139 KB   64/64 KB   156/698 KB   109/109 KB   124/139 KB   64/64 KB   156/698 KB   109/109 KB   128/139 KB   64/64 KB   156/698 KB   109/109 KB   132/139 KB   64/64 KB   156/698 KB   109/109 KB   136/139 KB   64/64 KB   156/698 KB   109/109 KB   139/139 KB                                                     160/698 KB   109/109 KB   139/139 KB                                                     Downloaded: http://repo.maven.apache.org/maven2/com/querydsl/querydsl-jpa/4.0.0/querydsl-jpa-4.0.0.jar (109 KB at 2927.8 KB/sec)
Downloading: http://repo.maven.apache.org/maven2/com/querydsl/querydsl-core/4.0.0/querydsl-core-4.0.0.jar
Downloaded: http://repo.maven.apache.org/maven2/com/querydsl/querydsl-apt/4.0.0/querydsl-apt-4.0.0.jar (64 KB at 1717.4 KB/sec)
164/698 KB   139/139 KB                168/698 KB   139/139 KB   172/698 KB   139/139 KB   176/698 KB   139/139 KB   180/698 KB   139/139 KB   184/698 KB   139/139 KB   184/698 KB   139/139 KB   4/73 KB   188/698 KB   139/139 KB   4/73 KB   192/698 KB   8/73 KB                196/698 KB   8/73 KB   200/698 KB   8/73 KB   204/698 KB   8/73 KB   208/698 KB   8/73 KB   212/698 KB   8/73 KB   188/698 KB   139/139 KB   8/73 KB                                       216/698 KB   12/73 KB   216/698 KB   16/73 KB   216/698 KB   20/73 KB   216/698 KB   8/73 KB   216/698 KB   24/73 KB   Downloaded: http://repo.maven.apache.org/maven2/org/reflections/reflections/0.9.9/reflections-0.9.9.jar (139 KB at 3295.8 KB/sec)
220/698 KB   28/73 KB   224/698 KB   28/73 KB   228/698 KB   28/73 KB   232/698 KB   28/73 KB   236/698 KB   28/73 KB   240/698 KB   28/73 KB   216/698 KB   28/73 KB   244/698 KB   28/73 KB   244/698 KB   32/73 KB   244/698 KB   36/73 KB   248/698 KB   36/73 KB   252/698 KB   36/73 KB   256/698 KB   36/73 KB   260/698 KB   36/73 KB   264/698 KB   36/73 KB   264/698 KB   40/73 KB   264/698 KB   44/73 KB   264/698 KB   48/73 KB   264/698 KB   52/73 KB   264/698 KB   56/73 KB   264/698 KB   60/73 KB   264/698 KB   64/73 KB   268/698 KB   64/73 KB   268/698 KB   68/73 KB   268/698 KB   72/73 KB   268/698 KB   73/73 KB   272/698 KB   73/73 KB   276/698 KB   73/73 KB   280/698 KB   73/73 KB   284/698 KB   73/73 KB   288/698 KB   73/73 KB   292/698 KB   73/73 KB   4/423 KB   296/698 KB   73/73 KB   4/423 KB   292/698 KB   73/73 KB   4/423 KB   300/698 KB   73/73 KB   4/423 KB   304/698 KB   73/73 KB   8/423 KB   304/698 KB   73/73 KB   8/423 KB   308/698 KB   73/73 KB   8/423 KB   312/698 KB   73/73 KB   12/423 KB   312/698 KB   73/73 KB   12/423 KB   316/698 KB   73/73 KB   16/423 KB   316/698 KB   73/73 KB   16/423 KB   320/698 KB   73/73 KB   20/423 KB   320/698 KB   73/73 KB   20/423 KB   324/698 KB   73/73 KB   24/423 KB   324/698 KB   73/73 KB   24/423 KB   328/698 KB   73/73 KB   28/423 KB   328/698 KB   73/73 KB   28/423 KB   332/698 KB   73/73 KB   32/423 KB   332/698 KB   73/73 KB   32/423 KB   336/698 KB   73/73 KB   32/423 KB   340/698 KB   73/73 KB   36/423 KB   340/698 KB   73/73 KB   36/423 KB   344/698 KB   73/73 KB   40/423 KB   344/698 KB   73/73 KB   40/423 KB   348/698 KB   73/73 KB   40/423 KB   352/698 KB   73/73 KB   44/423 KB   352/698 KB   73/73 KB   44/423 KB   356/698 KB   73/73 KB   48/423 KB   356/698 KB   73/73 KB   48/423 KB   360/698 KB   73/73 KB   48/423 KB   364/698 KB   73/73 KB   52/423 KB   364/698 KB   73/73 KB   52/423 KB   368/698 KB   73/73 KB   52/423 KB   372/698 KB   73/73 KB   56/423 KB   372/698 KB   73/73 KB   56/423 KB   376/698 KB   73/73 KB   56/423 KB   380/698 KB   73/73 KB   60/423 KB   380/698 KB   73/73 KB   60/423 KB   384/698 KB   73/73 KB   60/423 KB   388/698 KB   73/73 KB   64/423 KB   388/698 KB   73/73 KB   64/423 KB   392/698 KB   73/73 KB   64/423 KB   396/698 KB   73/73 KB   68/423 KB   396/698 KB   73/73 KB   68/423 KB   400/698 KB   73/73 KB   68/423 KB   404/698 KB   73/73 KB   72/423 KB   404/698 KB   73/73 KB   72/423 KB   408/698 KB   73/73 KB   76/423 KB   412/698 KB   73/73 KB   76/423 KB   412/698 KB   73/73 KB   80/423 KB   416/698 KB   73/73 KB   80/423 KB   416/698 KB   73/73 KB   80/423 KB   420/698 KB   73/73 KB   80/423 KB   424/698 KB   73/73 KB   80/423 KB   428/698 KB   73/73 KB   80/423 KB   432/698 KB   73/73 KB   84/423 KB   432/698 KB   73/73 KB   84/423 KB   436/698 KB   73/73 KB   84/423 KB   440/698 KB   73/73 KB   84/423 KB   444/698 KB   73/73 KB   84/423 KB   448/698 KB   73/73 KB   88/423 KB   448/698 KB   73/73 KB   88/423 KB   452/698 KB   73/73 KB   88/423 KB   456/698 KB   73/73 KB   92/423 KB   460/698 KB   73/73 KB   92/423 KB   456/698 KB   73/73 KB   92/423 KB   464/698 KB   73/73 KB   92/423 KB   468/698 KB   73/73 KB   92/423 KB   472/698 KB   73/73 KB   92/423 KB   476/698 KB   73/73 KB   92/423 KB   480/698 KB   73/73 KB   92/423 KB   484/698 KB   73/73 KB   92/423 KB   488/698 KB   73/73 KB   92/423 KB   492/698 KB   73/73 KB   96/423 KB   492/698 KB   73/73 KB   96/423 KB   496/698 KB   73/73 KB   96/423 KB   500/698 KB   73/73 KB   100/423 KB   500/698 KB   73/73 KB   100/423 KB   504/698 KB   73/73 KB   100/423 KB   508/698 KB   73/73 KB   104/423 KB   508/698 KB   73/73 KB   104/423 KB   512/698 KB   73/73 KB   104/423 KB   516/698 KB   73/73 KB   108/423 KB   516/698 KB   73/73 KB   108/423 KB   520/698 KB   73/73 KB   108/423 KB   524/698 KB   73/73 KB   112/423 KB   524/698 KB   73/73 KB   112/423 KB   528/698 KB   73/73 KB   112/423 KB   532/698 KB   73/73 KB   112/423 KB   536/698 KB   73/73 KB   116/423 KB   536/698 KB   73/73 KB   116/423 KB   540/698 KB   73/73 KB   120/423 KB   540/698 KB   73/73 KB   120/423 KB   544/698 KB   73/73 KB   124/423 KB   544/698 KB   73/73 KB   124/423 KB   548/698 KB   73/73 KB   124/423 KB   552/698 KB   73/73 KB   124/423 KB   556/698 KB   73/73 KB   124/423 KB   560/698 KB   73/73 KB   128/423 KB   560/698 KB   73/73 KB   128/423 KB   564/698 KB   73/73 KB   132/423 KB   564/698 KB   73/73 KB   132/423 KB   568/698 KB   73/73 KB   136/423 KB   572/698 KB   73/73 KB   136/423 KB   568/698 KB   73/73 KB   136/423 KB   576/698 KB   73/73 KB   140/423 KB   576/698 KB   73/73 KB   140/423 KB   580/698 KB   73/73 KB   140/423 KB   584/698 KB   73/73 KB   140/423 KB   588/698 KB   73/73 KB   140/423 KB   592/698 KB   73/73 KB   140/423 KB   596/698 KB   73/73 KB   140/423 KB   600/698 KB   73/73 KB   140/423 KB   604/698 KB   73/73 KB   140/423 KB   608/698 KB   73/73 KB   140/423 KB   612/698 KB   73/73 KB   140/423 KB   616/698 KB   73/73 KB   140/423 KB   620/698 KB   73/73 KB   140/423 KB   624/698 KB   73/73 KB   140/423 KB   628/698 KB   73/73 KB   140/423 KB   632/698 KB   73/73 KB   140/423 KB   636/698 KB   73/73 KB   140/423 KB   640/698 KB   73/73 KB   140/423 KB   644/698 KB   73/73 KB   140/423 KB   648/698 KB   73/73 KB   140/423 KB   652/698 KB   73/73 KB   144/423 KB   652/698 KB   73/73 KB   144/423 KB   656/698 KB   73/73 KB   148/423 KB   656/698 KB   73/73 KB   148/423 KB   660/698 KB   73/73 KB   152/423 KB   664/698 KB   73/73 KB   152/423 KB   660/698 KB   73/73 KB   152/423 KB   668/698 KB   73/73 KB   152/423 KB   672/698 KB   73/73 KB   152/423 KB   676/698 KB   73/73 KB   152/423 KB   680/698 KB   73/73 KB   156/423 KB   680/698 KB   73/73 KB   156/423 KB   684/698 KB   73/73 KB   156/423 KB   688/698 KB   73/73 KB   156/423 KB   692/698 KB   73/73 KB   160/423 KB   692/698 KB   73/73 KB   160/423 KB   696/698 KB   73/73 KB   164/423 KB   698/698 KB   73/73 KB   164/423 KB   696/698 KB   73/73 KB                                        168/423 KB   698/698 KB              Downloaded: http://repo.maven.apache.org/maven2/com/google/code/findbugs/annotations/2.0.1/annotations-2.0.1.jar (73 KB at 1011.2 KB/sec)
172/423 KB   698/698 KB   176/423 KB   698/698 KB   180/423 KB   698/698 KB   184/423 KB   698/698 KB   188/423 KB   698/698 KB   192/423 KB   698/698 KB   196/423 KB   698/698 KB   200/423 KB   698/698 KB   204/423 KB   698/698 KB   208/423 KB   698/698 KB   212/423 KB   698/698 KB   216/423 KB   698/698 KB   220/423 KB   698/698 KB   224/423 KB   698/698 KB   228/423 KB   698/698 KB   232/423 KB   698/698 KB   236/423 KB   698/698 KB   240/423 KB   698/698 KB                             Downloaded: http://repo.maven.apache.org/maven2/org/javassist/javassist/3.18.2-GA/javassist-3.18.2-GA.jar (698 KB at 9181.3 KB/sec)
244/423 KB                248/423 KB   252/423 KB   256/423 KB   260/423 KB   264/423 KB   268/423 KB   272/423 KB   276/423 KB   280/423 KB   284/423 KB   288/423 KB   292/423 KB   296/423 KB   300/423 KB   304/423 KB   308/423 KB   312/423 KB   316/423 KB   320/423 KB   324/423 KB   328/423 KB   332/423 KB   336/423 KB   340/423 KB   344/423 KB   348/423 KB   352/423 KB   356/423 KB   360/423 KB   364/423 KB   368/423 KB   372/423 KB   376/423 KB   380/423 KB   384/423 KB   388/423 KB   392/423 KB   396/423 KB   400/423 KB   404/423 KB   408/423 KB   412/423 KB   416/423 KB   420/423 KB   423/423 KB                Downloaded: http://repo.maven.apache.org/maven2/com/querydsl/querydsl-core/4.0.0/querydsl-core-4.0.0.jar (423 KB at 4915.1 KB/sec)
[INFO] 
[INFO] --- maven-clean-plugin:2.5:clean (default-clean) @ spring-data-jpa ---
[INFO] 
[INFO] --- maven-dependency-plugin:2.10:list (default-cli) @ spring-data-jpa ---
[INFO] 
[INFO] The following files have been resolved:
[INFO]    antlr:antlr:jar:2.7.6:compile
[INFO]    aopalliance:aopalliance:jar:1.0:compile
[INFO]    asm:asm:jar:3.1:compile
[INFO]    cglib:cglib:jar:2.2:compile
[INFO]    ch.qos.logback:logback-classic:jar:1.1.3:test
[INFO]    ch.qos.logback:logback-core:jar:1.1.3:test
[INFO]    com.google.code.findbugs:annotations:jar:2.0.1:provided
[INFO]    com.google.code.findbugs:jsr305:jar:1.3.9:compile
[INFO]    com.google.guava:guava:jar:17.0:test
[INFO]    com.infradna.tool:bridge-method-annotation:jar:1.13:compile
[INFO]    com.mysema.codegen:codegen:jar:0.6.6:provided
[INFO]    com.mysema.commons:mysema-commons-lang:jar:0.2.4:compile
[INFO]    com.querydsl:querydsl-apt:jar:4.0.0:provided
[INFO]    com.querydsl:querydsl-codegen:jar:4.0.0:provided
[INFO]    com.querydsl:querydsl-core:jar:4.0.0:compile
[INFO]    com.querydsl:querydsl-jpa:jar:4.0.0:compile
[INFO]    commons-collections:commons-collections:jar:3.1:compile
[INFO]    commons-lang:commons-lang:jar:2.4:compile
[INFO]    commons-pool:commons-pool:jar:1.5.4:compile
[INFO]    dom4j:dom4j:jar:1.6.1:compile
[INFO]    javassist:javassist:jar:3.12.0.GA:compile
[INFO]    javax.annotation:jsr250-api:jar:1.0:provided
[INFO]    javax.el:el-api:jar:1.0:test
[INFO]    javax.enterprise:cdi-api:jar:1.0:provided
[INFO]    javax.inject:javax.inject:jar:1:provided
[INFO]    javax.servlet:javax.servlet-api:jar:3.0.1:test
[INFO]    javax.transaction:jta:jar:1.1:compile
[INFO]    joda-time:joda-time:jar:2.8.2:compile
[INFO]    junit:junit:jar:4.12:test
[INFO]    net.sourceforge.serp:serp:jar:1.15.1:compile
[INFO]    org.apache.geronimo.specs:geronimo-atinject_1.0_spec:jar:1.0:test
[INFO]    org.apache.geronimo.specs:geronimo-jcdi_1.0_spec:jar:1.0:test
[INFO]    org.apache.geronimo.specs:geronimo-jms_1.1_spec:jar:1.1.1:compile
[INFO]    org.apache.geronimo.specs:geronimo-jpa_2.0_spec:jar:1.1:compile
[INFO]    org.apache.geronimo.specs:geronimo-jta_1.1_spec:jar:1.1.1:compile
[INFO]    org.apache.openjpa:openjpa-jdbc:jar:2.4.0:compile
[INFO]    org.apache.openjpa:openjpa-kernel:jar:2.4.0:compile
[INFO]    org.apache.openjpa:openjpa-lib:jar:2.4.0:compile
[INFO]    org.apache.openjpa:openjpa-persistence-jdbc:jar:2.4.0:compile
[INFO]    org.apache.openjpa:openjpa-persistence:jar:2.4.0:compile
[INFO]    org.apache.openwebbeans.test:cditest-owb:jar:1.2.8:test
[INFO]    org.apache.openwebbeans.test:cditest:jar:1.2.8:test
[INFO]    org.apache.openwebbeans:openwebbeans-impl:jar:1.2.8:test
[INFO]    org.apache.openwebbeans:openwebbeans-spi:jar:1.2.8:test
[INFO]    org.apache.xbean:xbean-asm5-shaded:jar:4.1:compile
[INFO]    org.apache.xbean:xbean-finder-shaded:jar:4.1:test
[INFO]    org.aspectj:aspectjrt:jar:1.8.6:compile
[INFO]    org.aspectj:aspectjweaver:jar:1.8.6:test
[INFO]    org.eclipse.jdt.core.compiler:ecj:jar:4.3.1:provided
[INFO]    org.eclipse.persistence:javax.persistence:jar:2.1.0:compile
[INFO]    org.eclipse.persistence:org.eclipse.persistence.antlr:jar:2.6.1:compile
[INFO]    org.eclipse.persistence:org.eclipse.persistence.asm:jar:2.6.1:compile
[INFO]    org.eclipse.persistence:org.eclipse.persistence.core:jar:2.6.1:compile
[INFO]    org.eclipse.persistence:org.eclipse.persistence.jpa.jpql:jar:2.6.1:compile
[INFO]    org.eclipse.persistence:org.eclipse.persistence.jpa:jar:2.6.1:compile
[INFO]    org.glassfish:javax.json:jar:1.0.4:compile
[INFO]    org.hamcrest:hamcrest-core:jar:1.3:test
[INFO]    org.hamcrest:hamcrest-library:jar:1.3:test
[INFO]    org.hibernate.javax.persistence:hibernate-jpa-2.0-api:jar:1.0.1.Final:compile
[INFO]    org.hibernate:hibernate-commons-annotations:jar:3.2.0.Final:compile
[INFO]    org.hibernate:hibernate-core:jar:3.6.10.Final:compile
[INFO]    org.hibernate:hibernate-entitymanager:jar:3.6.10.Final:compile
[INFO]    org.hsqldb:hsqldb:jar:2.2.8:test
[INFO]    org.javassist:javassist:jar:3.18.2-GA:provided
[INFO]    org.jboss.interceptor:jboss-interceptor-api:jar:1.1:provided
[INFO]    org.mockito:mockito-core:jar:1.10.19:test
[INFO]    org.objenesis:objenesis:jar:2.1:test
[INFO]    org.reflections:reflections:jar:0.9.9:provided
[INFO]    org.slf4j:jcl-over-slf4j:jar:1.7.12:runtime
[INFO]    org.slf4j:slf4j-api:jar:1.7.12:compile
[INFO]    org.springframework.data:spring-data-commons:jar:1.12.0.DATACMNS-670-SNAPSHOT:compile
[INFO]    org.springframework:spring-aop:jar:4.1.9.BUILD-SNAPSHOT:compile
[INFO]    org.springframework:spring-aspects:jar:4.1.9.BUILD-SNAPSHOT:compile
[INFO]    org.springframework:spring-beans:jar:4.1.9.BUILD-SNAPSHOT:compile
[INFO]    org.springframework:spring-context:jar:4.1.9.BUILD-SNAPSHOT:compile
[INFO]    org.springframework:spring-core:jar:4.1.9.BUILD-SNAPSHOT:compile
[INFO]    org.springframework:spring-expression:jar:4.1.9.BUILD-SNAPSHOT:compile
[INFO]    org.springframework:spring-instrument:jar:4.1.9.BUILD-SNAPSHOT:provided
[INFO]    org.springframework:spring-jdbc:jar:4.1.9.BUILD-SNAPSHOT:compile
[INFO]    org.springframework:spring-orm:jar:4.1.9.BUILD-SNAPSHOT:compile
[INFO]    org.springframework:spring-test:jar:4.1.9.BUILD-SNAPSHOT:test
[INFO]    org.springframework:spring-tx:jar:4.1.9.BUILD-SNAPSHOT:compile
[INFO]    org.threeten:threetenbp:jar:1.3:compile
[INFO] 
[INFO] 
[INFO] --- apt-maven-plugin:1.1.3:process (sources) @ spring-data-jpa ---
[INFO] 
[INFO] --- maven-resources-plugin:2.6:resources (default-resources) @ spring-data-jpa ---
[INFO] Using 'UTF-8' encoding to copy filtered resources.
[INFO] Copying 13 resources
[INFO] 
[INFO] --- maven-compiler-plugin:3.3:compile (default-compile) @ spring-data-jpa ---
[INFO] Changes detected - recompiling the module!
[INFO] Compiling 100 source files to /home/travis/build/spring-projects/spring-data-jpa/target/classes
[INFO] /home/travis/build/spring-projects/spring-data-jpa/target/generated-sources/annotations/org/springframework/data/jpa/domain/QAbstractPersistable.java: Some input files use unchecked or unsafe operations.
[INFO] /home/travis/build/spring-projects/spring-data-jpa/target/generated-sources/annotations/org/springframework/data/jpa/domain/QAbstractPersistable.java: Recompile with -Xlint:unchecked for details.
[INFO] 
[INFO] --- com.springsource.bundlor.maven:1.0.0.RELEASE:bundlor (bundlor) @ spring-data-jpa ---
Manifest written to '/home/travis/build/spring-projects/spring-data-jpa/target/classes/META-INF/MANIFEST.MF'
[INFO] 
[INFO] --- aspectj-maven-plugin:1.6:compile (default) @ spring-data-jpa ---
[INFO] 
[INFO] --- apt-maven-plugin:1.1.3:test-process (test-sources) @ spring-data-jpa ---
[INFO] 
[INFO] --- maven-resources-plugin:2.6:testResources (default-testResources) @ spring-data-jpa ---
[INFO] Using 'UTF-8' encoding to copy filtered resources.
[INFO] Copying 33 resources
[INFO] 
[INFO] --- maven-compiler-plugin:3.3:testCompile (default-testCompile) @ spring-data-jpa ---
[INFO] Changes detected - recompiling the module!
[INFO] Compiling 304 source files to /home/travis/build/spring-projects/spring-data-jpa/target/test-classes
[INFO] 
[INFO] --- maven-surefire-plugin:2.12:test (default-test) @ spring-data-jpa ---
[INFO] Surefire report directory: /home/travis/build/spring-projects/spring-data-jpa/target/surefire-reports

-------------------------------------------------------
 T E S T S
-------------------------------------------------------

Results :

Tests run: 0, Failures: 0, Errors: 0, Skipped: 0

[INFO] 
[INFO] --- maven-surefire-plugin:2.12:test (unit-tests) @ spring-data-jpa ---
[INFO] Surefire report directory: /home/travis/build/spring-projects/spring-data-jpa/target/surefire-reports

-------------------------------------------------------
 T E S T S
-------------------------------------------------------
Running org.springframework.data.jpa.repository.support.DefaultJpaContextUnitTests
Tests run: 2, Failures: 0, Errors: 0, Skipped: 0, Time elapsed: 0.121 sec
Running org.springframework.data.jpa.repository.support.JpaEntityInformationSupportUnitTests
Tests run: 2, Failures: 0, Errors: 0, Skipped: 0, Time elapsed: 0.448 sec
Running org.springframework.data.jpa.repository.support.EntityManagerBeanDefinitionRegistratPostProcessorUnitTests
Tests run: 1, Failures: 0, Errors: 0, Skipped: 0, Time elapsed: 0.363 sec
Running org.springframework.data.jpa.repository.support.JpaRepositoryFactoryBeanUnitTests
Tests run: 4, Failures: 0, Errors: 0, Skipped: 0, Time elapsed: 0.206 sec
Running org.springframework.data.jpa.repository.support.SimpleJpaRepositoryUnitTests
Tests run: 3, Failures: 0, Errors: 0, Skipped: 0, Time elapsed: 0.466 sec
Running org.springframework.data.jpa.repository.support.JpaRepositoryFactoryUnitTests
Tests run: 9, Failures: 0, Errors: 0, Skipped: 0, Time elapsed: 0.98 sec
Running org.springframework.data.jpa.repository.support.JpaPersistableEntityInformationUnitTests
Tests run: 1, Failures: 0, Errors: 0, Skipped: 0, Time elapsed: 0.045 sec
Running org.springframework.data.jpa.repository.support.EntityManagerFactoryRefUnitTests
Tests run: 1, Failures: 0, Errors: 0, Skipped: 0, Time elapsed: 1.097 sec
Running org.springframework.data.jpa.repository.support.JpaMetamodelEntityInformationUnitTests
Tests run: 1, Failures: 0, Errors: 0, Skipped: 0, Time elapsed: 0.096 sec
Running org.springframework.data.jpa.repository.support.CrudMethodMetadataPopulatingMethodInterceptorUnitTests
Tests run: 1, Failures: 0, Errors: 0, Skipped: 0, Time elapsed: 0.013 sec
Running org.springframework.data.jpa.repository.query.SimpleJpaQueryUnitTests
Tests run: 10, Failures: 0, Errors: 0, Skipped: 0, Time elapsed: 0.304 sec
Running org.springframework.data.jpa.repository.query.ParameterBinderUnitTests
Tests run: 15, Failures: 0, Errors: 0, Skipped: 0, Time elapsed: 0.048 sec
Running org.springframework.data.jpa.repository.query.JpaQueryExecutionUnitTests
Tests run: 8, Failures: 0, Errors: 0, Skipped: 0, Time elapsed: 0.127 sec
Running org.springframework.data.jpa.repository.query.JpaQueryLookupStrategyUnitTests
Tests run: 2, Failures: 0, Errors: 0, Skipped: 0, Time elapsed: 0.04 sec
Running org.springframework.data.jpa.repository.query.JpaParametersUnitTests
Tests run: 1, Failures: 0, Errors: 0, Skipped: 0, Time elapsed: 0.008 sec
Running org.springframework.data.jpa.repository.query.ExpressionBasedStringQueryUnitTests
Tests run: 2, Failures: 0, Errors: 0, Skipped: 0, Time elapsed: 0.025 sec
Running org.springframework.data.jpa.repository.query.StringQueryUnitTests
Tests run: 20, Failures: 0, Errors: 0, Skipped: 0, Time elapsed: 0.083 sec
Running org.springframework.data.jpa.repository.query.JpaQueryMethodUnitTests
Tests run: 27, Failures: 0, Errors: 0, Skipped: 0, Time elapsed: 0.176 sec
Running org.springframework.data.jpa.repository.query.Jpa21UtilsUnitTests
Tests run: 1, Failures: 0, Errors: 0, Skipped: 0, Time elapsed: 0.021 sec
Running org.springframework.data.jpa.repository.query.LikeBindingUnitTests
Tests run: 8, Failures: 0, Errors: 0, Skipped: 0, Time elapsed: 0.019 sec
Running org.springframework.data.jpa.repository.query.StoredProcedureAttributeSourceUnitTests
Tests run: 6, Failures: 0, Errors: 0, Skipped: 0, Time elapsed: 0.069 sec
Running org.springframework.data.jpa.repository.query.StoredProcedureAttributesUnitTests
Tests run: 1, Failures: 0, Errors: 0, Skipped: 0, Time elapsed: 0.002 sec
Running org.springframework.data.jpa.repository.query.QueryUtilsUnitTests
Tests run: 27, Failures: 0, Errors: 0, Skipped: 0, Time elapsed: 0.071 sec
Running org.springframework.data.jpa.repository.query.NamedQueryUnitTests
Tests run: 2, Failures: 0, Errors: 0, Skipped: 0, Time elapsed: 0.008 sec
Running org.springframework.data.jpa.repository.cdi.JpaRepositoryExtensionUnitTests
Tests run: 3, Failures: 0, Errors: 0, Skipped: 0, Time elapsed: 0.037 sec
Running org.springframework.data.jpa.repository.config.JpaRepositoryConfigExtensionUnitTests
Tests run: 4, Failures: 0, Errors: 0, Skipped: 0, Time elapsed: 0.096 sec
Running org.springframework.data.jpa.repository.config.JpaAuditingRegistrarUnitTests
Tests run: 2, Failures: 0, Errors: 0, Skipped: 0, Time elapsed: 0.083 sec
Running org.springframework.data.jpa.repository.config.JpaRepositoriesRegistrarUnitTests
Tests run: 1, Failures: 0, Errors: 0, Skipped: 0, Time elapsed: 0.477 sec
Running org.springframework.data.jpa.repository.CrudMethodMetadataUnitTests
Tests run: 3, Failures: 0, Errors: 0, Skipped: 0, Time elapsed: 0.647 sec
Running org.springframework.data.jpa.support.MergingPersistenceUnitManagerUnitTests
Tests run: 5, Failures: 0, Errors: 0, Skipped: 0, Time elapsed: 0.055 sec
Running org.springframework.data.jpa.support.ClasspathScanningPersistenceUnitPostProcessorUnitTests
Tests run: 8, Failures: 0, Errors: 0, Skipped: 0, Time elapsed: 0.086 sec
Running org.springframework.data.jpa.domain.support.AuditingNamespaceUnitTests
Tests run: 5, Failures: 0, Errors: 0, Skipped: 0, Time elapsed: 1.988 sec
Running org.springframework.data.jpa.domain.support.AuditingBeanFactoryPostProcessorUnitTests
Tests run: 4, Failures: 0, Errors: 0, Skipped: 0, Time elapsed: 0.601 sec
Running org.springframework.data.jpa.domain.support.AnnotationAuditingBeanFactoryPostProcessorUnitTests
Tests run: 4, Failures: 0, Errors: 0, Skipped: 0, Time elapsed: 0.158 sec
Running org.springframework.data.jpa.domain.SpecificationsUnitTests
Tests run: 8, Failures: 0, Errors: 0, Skipped: 0, Time elapsed: 0.292 sec
Running org.springframework.data.jpa.mapping.JpaPersistentPropertyImplUnitTests
Tests run: 13, Failures: 0, Errors: 0, Skipped: 0, Time elapsed: 0.204 sec
Running org.springframework.data.jpa.mapping.JpaMetamodelMappingContextUnitTests
Tests run: 1, Failures: 0, Errors: 0, Skipped: 0, Time elapsed: 0.005 sec
Running org.springframework.data.jpa.provider.PersistenceProviderUnitTests
Tests run: 5, Failures: 0, Errors: 0, Skipped: 0, Time elapsed: 0.258 sec

Results :

Tests run: 221, Failures: 0, Errors: 0, Skipped: 0

[INFO] 
[INFO] --- maven-surefire-plugin:2.12:test (integration-tests) @ spring-data-jpa ---
[INFO] Surefire report directory: /home/travis/build/spring-projects/spring-data-jpa/target/surefire-reports

-------------------------------------------------------
 T E S T S
-------------------------------------------------------
Running org.springframework.data.jpa.repository.support.EntityManagerBeanDefinitionRegistrarPostProcessorIntegrationTests
Tests run: 1, Failures: 0, Errors: 0, Skipped: 0, Time elapsed: 8.114 sec
Running org.springframework.data.jpa.repository.support.TransactionalRepositoryTests
Tests run: 5, Failures: 0, Errors: 0, Skipped: 0, Time elapsed: 4.291 sec
Running org.springframework.data.jpa.repository.support.JpaMetamodelEntityInformationIntegrationTests
Tests run: 15, Failures: 0, Errors: 0, Skipped: 2, Time elapsed: 2.071 sec
Running org.springframework.data.jpa.repository.support.QueryDslJpaRepositoryTests
Tests run: 18, Failures: 0, Errors: 0, Skipped: 0, Time elapsed: 0.406 sec
Running org.springframework.data.jpa.repository.support.MailMessageRepositoryIntegrationTests
Tests run: 4, Failures: 0, Errors: 0, Skipped: 0, Time elapsed: 3.715 sec
Running org.springframework.data.jpa.repository.support.JavaConfigDefaultTransactionDisablingIntegrationTests
Tests run: 3, Failures: 0, Errors: 0, Skipped: 0, Time elapsed: 4.91 sec
Running org.springframework.data.jpa.repository.support.XmlConfigDefaultTransactionDisablingIntegrationTests
Tests run: 3, Failures: 0, Errors: 0, Skipped: 0, Time elapsed: 4.521 sec
Running org.springframework.data.jpa.repository.support.QueryDslRepositorySupportTests
Tests run: 4, Failures: 0, Errors: 0, Skipped: 0, Time elapsed: 0.209 sec
Running org.springframework.data.jpa.repository.support.QueryDslRepositorySupportIntegrationTests
Tests run: 2, Failures: 0, Errors: 0, Skipped: 0, Time elapsed: 0.933 sec
Running org.springframework.data.jpa.repository.support.JpaRepositoryTests
Tests run: 4, Failures: 0, Errors: 0, Skipped: 0, Time elapsed: 0.241 sec
Running org.springframework.data.jpa.repository.support.QuerydslIntegrationTests
Tests run: 2, Failures: 0, Errors: 2, Skipped: 0, Time elapsed: 0.017 sec <<< FAILURE!
defaultOrderingShouldNotGenerateAnNullOrderingHint(org.springframework.data.jpa.repository.support.QuerydslIntegrationTests)  Time elapsed: 0.005 sec  <<< ERROR!
java.lang.IllegalArgumentException: No joins given
	at com.querydsl.jpa.JPAQueryBase.serialize(JPAQueryBase.java:48)
	at com.querydsl.jpa.JPAQueryBase.toString(JPAQueryBase.java:215)
	at org.springframework.data.jpa.repository.support.QuerydslIntegrationTests.defaultOrderingShouldNotGenerateAnNullOrderingHint(QuerydslIntegrationTests.java:71)
	at sun.reflect.NativeMethodAccessorImpl.invoke0(Native Method)
	at sun.reflect.NativeMethodAccessorImpl.invoke(NativeMethodAccessorImpl.java:62)
	at sun.reflect.DelegatingMethodAccessorImpl.invoke(DelegatingMethodAccessorImpl.java:43)
	at java.lang.reflect.Method.invoke(Method.java:483)
	at org.junit.runners.model.FrameworkMethod$1.runReflectiveCall(FrameworkMethod.java:50)
	at org.junit.internal.runners.model.ReflectiveCallable.run(ReflectiveCallable.java:12)
	at org.junit.runners.model.FrameworkMethod.invokeExplosively(FrameworkMethod.java:47)
	at org.junit.internal.runners.statements.InvokeMethod.evaluate(InvokeMethod.java:17)
	at org.junit.internal.runners.statements.RunBefores.evaluate(RunBefores.java:26)
	at org.springframework.test.context.junit4.statements.RunBeforeTestMethodCallbacks.evaluate(RunBeforeTestMethodCallbacks.java:75)
	at org.springframework.test.context.junit4.statements.RunAfterTestMethodCallbacks.evaluate(RunAfterTestMethodCallbacks.java:86)
	at org.springframework.test.context.junit4.statements.SpringRepeat.evaluate(SpringRepeat.java:70)
	at org.junit.runners.ParentRunner.runLeaf(ParentRunner.java:325)
	at org.springframework.test.context.junit4.SpringJUnit4ClassRunner.runChild(SpringJUnit4ClassRunner.java:224)
	at org.springframework.test.context.junit4.SpringJUnit4ClassRunner.runChild(SpringJUnit4ClassRunner.java:83)
	at org.junit.runners.ParentRunner$3.run(ParentRunner.java:290)
	at org.junit.runners.ParentRunner$1.schedule(ParentRunner.java:71)
	at org.junit.runners.ParentRunner.runChildren(ParentRunner.java:288)
	at org.junit.runners.ParentRunner.access$000(ParentRunner.java:58)
	at org.junit.runners.ParentRunner$2.evaluate(ParentRunner.java:268)
	at org.springframework.test.context.junit4.statements.RunBeforeTestClassCallbacks.evaluate(RunBeforeTestClassCallbacks.java:61)
	at org.springframework.test.context.junit4.statements.RunAfterTestClassCallbacks.evaluate(RunAfterTestClassCallbacks.java:70)
	at org.junit.runners.ParentRunner.run(ParentRunner.java:363)
	at org.springframework.test.context.junit4.SpringJUnit4ClassRunner.run(SpringJUnit4ClassRunner.java:163)
	at org.apache.maven.surefire.junit4.JUnit4Provider.execute(JUnit4Provider.java:236)
	at org.apache.maven.surefire.junit4.JUnit4Provider.executeTestSet(JUnit4Provider.java:134)
	at org.apache.maven.surefire.junit4.JUnit4Provider.invoke(JUnit4Provider.java:113)
	at sun.reflect.NativeMethodAccessorImpl.invoke0(Native Method)
	at sun.reflect.NativeMethodAccessorImpl.invoke(NativeMethodAccessorImpl.java:62)
	at sun.reflect.DelegatingMethodAccessorImpl.invoke(DelegatingMethodAccessorImpl.java:43)
	at java.lang.reflect.Method.invoke(Method.java:483)
	at org.apache.maven.surefire.util.ReflectionUtils.invokeMethodWithArray(ReflectionUtils.java:189)
	at org.apache.maven.surefire.booter.ProviderFactory$ProviderProxy.invoke(ProviderFactory.java:165)
	at org.apache.maven.surefire.booter.ProviderFactory.invokeProvider(ProviderFactory.java:85)
	at org.apache.maven.surefire.booter.ForkedBooter.runSuitesInProcess(ForkedBooter.java:103)
	at org.apache.maven.surefire.booter.ForkedBooter.main(ForkedBooter.java:74)
testname(org.springframework.data.jpa.repository.support.QuerydslIntegrationTests)  Time elapsed: 0.003 sec  <<< ERROR!
java.lang.IllegalArgumentException: No joins given
	at com.querydsl.jpa.JPAQueryBase.serialize(JPAQueryBase.java:48)
	at com.querydsl.jpa.JPAQueryBase.toString(JPAQueryBase.java:215)
	at org.springframework.data.jpa.repository.support.QuerydslIntegrationTests.testname(QuerydslIntegrationTests.java:77)
	at sun.reflect.NativeMethodAccessorImpl.invoke0(Native Method)
	at sun.reflect.NativeMethodAccessorImpl.invoke(NativeMethodAccessorImpl.java:62)
	at sun.reflect.DelegatingMethodAccessorImpl.invoke(DelegatingMethodAccessorImpl.java:43)
	at java.lang.reflect.Method.invoke(Method.java:483)
	at org.junit.runners.model.FrameworkMethod$1.runReflectiveCall(FrameworkMethod.java:50)
	at org.junit.internal.runners.model.ReflectiveCallable.run(ReflectiveCallable.java:12)
	at org.junit.runners.model.FrameworkMethod.invokeExplosively(FrameworkMethod.java:47)
	at org.junit.internal.runners.statements.InvokeMethod.evaluate(InvokeMethod.java:17)
	at org.junit.internal.runners.statements.RunBefores.evaluate(RunBefores.java:26)
	at org.springframework.test.context.junit4.statements.RunBeforeTestMethodCallbacks.evaluate(RunBeforeTestMethodCallbacks.java:75)
	at org.springframework.test.context.junit4.statements.RunAfterTestMethodCallbacks.evaluate(RunAfterTestMethodCallbacks.java:86)
	at org.springframework.test.context.junit4.statements.SpringRepeat.evaluate(SpringRepeat.java:70)
	at org.junit.runners.ParentRunner.runLeaf(ParentRunner.java:325)
	at org.springframework.test.context.junit4.SpringJUnit4ClassRunner.runChild(SpringJUnit4ClassRunner.java:224)
	at org.springframework.test.context.junit4.SpringJUnit4ClassRunner.runChild(SpringJUnit4ClassRunner.java:83)
	at org.junit.runners.ParentRunner$3.run(ParentRunner.java:290)
	at org.junit.runners.ParentRunner$1.schedule(ParentRunner.java:71)
	at org.junit.runners.ParentRunner.runChildren(ParentRunner.java:288)
	at org.junit.runners.ParentRunner.access$000(ParentRunner.java:58)
	at org.junit.runners.ParentRunner$2.evaluate(ParentRunner.java:268)
	at org.springframework.test.context.junit4.statements.RunBeforeTestClassCallbacks.evaluate(RunBeforeTestClassCallbacks.java:61)
	at org.springframework.test.context.junit4.statements.RunAfterTestClassCallbacks.evaluate(RunAfterTestClassCallbacks.java:70)
	at org.junit.runners.ParentRunner.run(ParentRunner.java:363)
	at org.springframework.test.context.junit4.SpringJUnit4ClassRunner.run(SpringJUnit4ClassRunner.java:163)
	at org.apache.maven.surefire.junit4.JUnit4Provider.execute(JUnit4Provider.java:236)
	at org.apache.maven.surefire.junit4.JUnit4Provider.executeTestSet(JUnit4Provider.java:134)
	at org.apache.maven.surefire.junit4.JUnit4Provider.invoke(JUnit4Provider.java:113)
	at sun.reflect.NativeMethodAccessorImpl.invoke0(Native Method)
	at sun.reflect.NativeMethodAccessorImpl.invoke(NativeMethodAccessorImpl.java:62)
	at sun.reflect.DelegatingMethodAccessorImpl.invoke(DelegatingMethodAccessorImpl.java:43)
	at java.lang.reflect.Method.invoke(Method.java:483)
	at org.apache.maven.surefire.util.ReflectionUtils.invokeMethodWithArray(ReflectionUtils.java:189)
	at org.apache.maven.surefire.booter.ProviderFactory$ProviderProxy.invoke(ProviderFactory.java:165)
	at org.apache.maven.surefire.booter.ProviderFactory.invokeProvider(ProviderFactory.java:85)
	at org.apache.maven.surefire.booter.ForkedBooter.runSuitesInProcess(ForkedBooter.java:103)
	at org.apache.maven.surefire.booter.ForkedBooter.main(ForkedBooter.java:74)
Running org.springframework.data.jpa.repository.support.EntityManagerFactoryRefTests
Tests run: 2, Failures: 0, Errors: 0, Skipped: 0, Time elapsed: 2.985 sec
Running org.springframework.data.jpa.repository.support.DefaultJpaContextIntegrationTests
Tests run: 3, Failures: 0, Errors: 0, Skipped: 0, Time elapsed: 0.856 sec
Running org.springframework.data.jpa.repository.query.PartTreeJpaQueryIntegrationTests
Tests run: 4, Failures: 0, Errors: 0, Skipped: 0, Time elapsed: 0.141 sec
Running org.springframework.data.jpa.repository.query.ParameterExpressionProviderTests
Tests run: 1, Failures: 0, Errors: 0, Skipped: 0, Time elapsed: 0.02 sec
Running org.springframework.data.jpa.repository.query.QueryUtilsIntegrationTests
Tests run: 6, Failures: 0, Errors: 0, Skipped: 0, Time elapsed: 0.81 sec
Running org.springframework.data.jpa.repository.query.ParameterMetadataProviderIntegrationTests
Tests run: 3, Failures: 0, Errors: 0, Skipped: 0, Time elapsed: 0.031 sec
Running org.springframework.data.jpa.repository.query.AbstractJpaQueryTests
Tests run: 5, Failures: 0, Errors: 0, Skipped: 2, Time elapsed: 0.147 sec
Running org.springframework.data.jpa.repository.cdi.CdiExtensionIntegrationTests
Nov 16, 2015 5:14:45 PM org.apache.webbeans.lifecycle.AbstractLifeCycle bootstrapApplication
INFO: OpenWebBeans Container is starting...
Nov 16, 2015 5:14:45 PM org.apache.webbeans.corespi.scanner.AbstractMetaDataDiscovery addWebBeansXmlLocation
INFO: added beans.xml marker: file:/home/travis/build/spring-projects/spring-data-jpa/target/test-classes/META-INF/beans.xml
Nov 16, 2015 5:14:48 PM org.apache.webbeans.config.BeansDeployer validateInjectionPoints
INFO: All injection points were validated successfully.
Nov 16, 2015 5:14:48 PM org.apache.webbeans.lifecycle.AbstractLifeCycle bootstrapApplication
INFO: OpenWebBeans Container has started, it took [3502] ms.
Tests run: 4, Failures: 0, Errors: 0, Skipped: 0, Time elapsed: 3.98 sec
Running org.springframework.data.jpa.repository.StoredProcedureIntegrationTests
Tests run: 12, Failures: 0, Errors: 0, Skipped: 12, Time elapsed: 3.393 sec
Running org.springframework.data.jpa.repository.UserRepositoryFinderTests
Tests run: 12, Failures: 0, Errors: 0, Skipped: 0, Time elapsed: 4.21 sec
Running org.springframework.data.jpa.repository.RoleRepositoryIntegrationTests
Tests run: 5, Failures: 0, Errors: 0, Skipped: 0, Time elapsed: 3.225 sec
Running org.springframework.data.jpa.repository.config.JpaRepositoryConfigDefinitionParserTests
Tests run: 1, Failures: 0, Errors: 0, Skipped: 0, Time elapsed: 0.576 sec
Running org.springframework.data.jpa.repository.config.JpaRepositoriesRegistrarIntegrationTests
Tests run: 2, Failures: 0, Errors: 0, Skipped: 0, Time elapsed: 1.538 sec
Running org.springframework.data.jpa.repository.config.RepositoryConfigTests
Tests run: 3, Failures: 0, Errors: 0, Skipped: 0, Time elapsed: 0.02 sec
Running org.springframework.data.jpa.repository.config.ExplicitAuditingViaJavaConfigRepositoriesTests
Tests run: 2, Failures: 0, Errors: 0, Skipped: 0, Time elapsed: 4.62 sec
Running org.springframework.data.jpa.repository.config.RepositoriesJavaConfigTests
Tests run: 1, Failures: 0, Errors: 0, Skipped: 0, Time elapsed: 3.385 sec
Running org.springframework.data.jpa.repository.config.AuditingBeanDefinitionParserTests
Tests run: 4, Failures: 0, Errors: 0, Skipped: 0, Time elapsed: 0.37 sec
Running org.springframework.data.jpa.repository.config.NestedRepositoriesJavaConfigTests
Tests run: 1, Failures: 0, Errors: 0, Skipped: 0, Time elapsed: 2.745 sec
Running org.springframework.data.jpa.repository.config.DefaultAuditingViaJavaConfigRepositoriesTests
Tests run: 2, Failures: 0, Errors: 0, Skipped: 0, Time elapsed: 2.611 sec
Running org.springframework.data.jpa.repository.config.AllowNestedRepositoriesRepositoryConfigTests
Tests run: 4, Failures: 0, Errors: 0, Skipped: 0, Time elapsed: 3.107 sec
Running org.springframework.data.jpa.repository.config.CustomRepositoryFactoryConfigTests
Tests run: 3, Failures: 0, Errors: 0, Skipped: 0, Time elapsed: 1.089 sec
Running org.springframework.data.jpa.repository.config.RepositoryAutoConfigTests
Tests run: 3, Failures: 0, Errors: 0, Skipped: 0, Time elapsed: 1.642 sec
Running org.springframework.data.jpa.repository.config.QueryLookupStrategyTests
Tests run: 1, Failures: 0, Errors: 0, Skipped: 0, Time elapsed: 0.898 sec
Running org.springframework.data.jpa.repository.config.TypeFilterConfigTests
Tests run: 3, Failures: 0, Errors: 0, Skipped: 0, Time elapsed: 1.57 sec
Running org.springframework.data.jpa.repository.CustomAbstractPersistableIntegrationTests
Tests run: 1, Failures: 0, Errors: 0, Skipped: 0, Time elapsed: 0.02 sec
Running org.springframework.data.jpa.repository.JavaConfigUserRepositoryTests
Tests run: 134, Failures: 0, Errors: 0, Skipped: 2, Time elapsed: 5.327 sec
Running org.springframework.data.jpa.repository.UserRepositoryTests
Tests run: 133, Failures: 0, Errors: 0, Skipped: 2, Time elapsed: 3.781 sec
Running org.springframework.data.jpa.repository.EntityGraphRepositoryMethodsIntegrationTests
Tests run: 4, Failures: 0, Errors: 0, Skipped: 4, Time elapsed: 0.024 sec
Running org.springframework.data.jpa.repository.UserRepositoryStoredProcedureTests
Tests run: 5, Failures: 0, Errors: 0, Skipped: 5, Time elapsed: 0.005 sec
Running org.springframework.data.jpa.repository.ParentRepositoryIntegrationTests
Tests run: 2, Failures: 0, Errors: 0, Skipped: 0, Time elapsed: 0.071 sec
Running org.springframework.data.jpa.repository.RepositoryWithCompositeKeyTests
Tests run: 8, Failures: 0, Errors: 0, Skipped: 0, Time elapsed: 0.135 sec
Running org.springframework.data.jpa.repository.NamespaceUserRepositoryTests
Tests run: 134, Failures: 0, Errors: 0, Skipped: 2, Time elapsed: 2.399 sec
Running org.springframework.data.jpa.repository.AbstractPersistableIntegrationTests
Tests run: 1, Failures: 0, Errors: 0, Skipped: 0, Time elapsed: 0.008 sec
Running org.springframework.data.jpa.repository.SPR8954Tests
Tests run: 1, Failures: 0, Errors: 0, Skipped: 0, Time elapsed: 0.003 sec
Running org.springframework.data.jpa.repository.RedeclaringRepositoryMethodsTests
Tests run: 2, Failures: 0, Errors: 0, Skipped: 0, Time elapsed: 0.009 sec
Running org.springframework.data.jpa.repository.ORMInfrastructureTests
Tests run: 1, Failures: 0, Errors: 0, Skipped: 0, Time elapsed: 0.002 sec
Running org.springframework.data.jpa.repository.MappedTypeRepositoryIntegrationTests
Tests run: 2, Failures: 0, Errors: 0, Skipped: 0, Time elapsed: 0.025 sec
Running org.springframework.data.jpa.repository.SimpleJpaParameterBindingTests
Tests run: 2, Failures: 0, Errors: 0, Skipped: 1, Time elapsed: 0.004 sec
Running org.springframework.data.jpa.domain.support.AuditingEntityListenerTests
Tests run: 4, Failures: 0, Errors: 0, Skipped: 0, Time elapsed: 1.762 sec
Running org.springframework.data.jpa.domain.JpaSortTests
Tests run: 17, Failures: 0, Errors: 0, Skipped: 0, Time elapsed: 0.044 sec
Running org.springframework.data.jpa.infrastructure.HibernateMetamodelIntegrationTests
Tests run: 3, Failures: 0, Errors: 0, Skipped: 2, Time elapsed: 0.012 sec
Running org.springframework.data.jpa.convert.threetenbp.ThreeTenBackPortJpaConvertersIntegrationTests
Tests run: 1, Failures: 0, Errors: 0, Skipped: 1, Time elapsed: 0.582 sec
Running org.springframework.data.jpa.convert.threeten.Jsr310JpaConvertersIntegrationTests
Tests run: 1, Failures: 0, Errors: 0, Skipped: 1, Time elapsed: 0.916 sec
Running org.springframework.data.jpa.mapping.JpaMetamodelMappingContextIntegrationTests
Tests run: 6, Failures: 0, Errors: 0, Skipped: 0, Time elapsed: 0.995 sec
Running org.springframework.data.jpa.provider.PersistenceProviderIntegrationTests
Tests run: 1, Failures: 0, Errors: 0, Skipped: 0, Time elapsed: 1.363 sec

Results :

Tests in error: 
  defaultOrderingShouldNotGenerateAnNullOrderingHint(org.springframework.data.jpa.repository.support.QuerydslIntegrationTests): No joins given
  testname(org.springframework.data.jpa.repository.support.QuerydslIntegrationTests): No joins given

Tests run: 611, Failures: 0, Errors: 2, Skipped: 36

[INFO] ------------------------------------------------------------------------
[INFO] BUILD FAILURE
[INFO] ------------------------------------------------------------------------
[INFO] Total time: 02:28 min
[INFO] Finished at: 2015-11-16T17:15:41+00:00
[INFO] Final Memory: 36M/469M
[INFO] ------------------------------------------------------------------------
[ERROR] Failed to execute goal org.apache.maven.plugins:maven-surefire-plugin:2.12:test (integration-tests) on project spring-data-jpa: There are test failures.
[ERROR] 
[ERROR] Please refer to /home/travis/build/spring-projects/spring-data-jpa/target/surefire-reports for the individual test results.
[ERROR] -> [Help 1]
[ERROR] 
[ERROR] To see the full stack trace of the errors, re-run Maven with the -e switch.
[ERROR] Re-run Maven using the -X switch to enable full debug logging.
[ERROR] 
[ERROR] For more information about the errors and possible solutions, please read the following articles:
[ERROR] [Help 1] http://cwiki.apache.org/confluence/display/MAVEN/MojoFailureException
travis_time:end:0141cd68:start=1447693991558005620,finish=1447694142976196271,duration=151418190651[0K
[31;1mThe command "mvn clean dependency:list test -P${PROFILE} -Dsort" exited with 1.[0m
travis_fold:start:cache.2[0Kstore build cache
travis_time:start:2bc0bc99[0Ktravis_time:end:2bc0bc99:start=1447694142982256321,finish=1447694142987193738,duration=4937417[0Ktravis_time:start:07e9d0d6[0Kchange detected:
/home/travis/.m2/repository/com/google/code/findbugs/annotations/2.0.1/annotations-2.0.1.jar
/home/travis/.m2/repository/com/google/code/findbugs/annotations/2.0.1/annotations-2.0.1.jar.sha1
/home/travis/.m2/repository/com/google/code/findbugs/annotations/2.0.1/annotations-2.0.1.pom
/home/travis/.m2/repository/com/google/code/findbugs/annotations/2.0.1/annotations-2.0.1.pom.sha1
/home/travis/.m2/repository/com/google/code/findbugs/annotations/2.0.1/_remote.repositories
/home/travis/.m2/repository/com/google/guava/guava/15.0/guava-15.0.pom
/home/travis/.m2/repository/com/google/guava/guava/15.0/guava-15.0.pom.sha1
/home/travis/.m2/repository/com/google/guava/guava/15.0/_remote.repositories
/home/travis/.m2/repository/com/google/guava/guava-parent/15.0/guava-parent-15.0.pom
/home/travis/.m2/repository/com/google/guava/guava-parent/15.0/guava-parent-15.0.pom.sha1
/home/travis/.m2/repository/com/google/guava/guava-parent/15.0/_remote.repositories
/home/travis/.m2/repository/com/querydsl/que
...
changes detected, packing new archive
.
.
uploading archive
travis_time:end:07e9d0d6:start=1447694142993186712,finish=1447694169936539560,duration=26943352848[0Ktravis_fold:end:cache.2[0K
Done. Your build exited with 1.
