Using worker: worker-linux-docker-6e02fae9.prod.travis-ci.org:travis-linux-13

travis_fold:start:system_info[0K[33;1mBuild system information[0m
Build language: java
Build group: stable
Build dist: precise
[34m[1mBuild image provisioning date and time[0m
Thu Feb  5 15:09:33 UTC 2015
[34m[1mOperating System Details[0m
Distributor ID:	Ubuntu
Description:	Ubuntu 12.04.5 LTS
Release:	12.04
Codename:	precise
[34m[1mLinux Version[0m
3.13.0-29-generic
[34m[1mCookbooks Version[0m
a68419e https://github.com/travis-ci/travis-cookbooks/tree/a68419e
[34m[1mGCC version[0m
gcc (Ubuntu/Linaro 4.6.3-1ubuntu5) 4.6.3
Copyright (C) 2011 Free Software Foundation, Inc.
This is free software; see the source for copying conditions.  There is NO
warranty; not even for MERCHANTABILITY or FITNESS FOR A PARTICULAR PURPOSE.

[34m[1mLLVM version[0m
clang version 3.4 (tags/RELEASE_34/final)
Target: x86_64-unknown-linux-gnu
Thread model: posix
[34m[1mPre-installed Ruby versions[0m
ruby-1.9.3-p551
[34m[1mPre-installed Node.js versions[0m
v0.10.36
[34m[1mPre-installed Go versions[0m
1.4.1
[34m[1mRedis version[0m
redis-server 2.8.19
[34m[1mriak version[0m
2.0.2
[34m[1mMongoDB version[0m
MongoDB 2.4.12
[34m[1mCouchDB version[0m
couchdb 1.6.1
[34m[1mNeo4j version[0m
1.9.4
[34m[1mRabbitMQ Version[0m
3.4.3
[34m[1mElasticSearch version[0m
1.4.0
[34m[1mInstalled Sphinx versions[0m
2.0.10
2.1.9
2.2.6
[34m[1mDefault Sphinx version[0m
2.2.6
[34m[1mInstalled Firefox version[0m
firefox 31.0esr
[34m[1mPhantomJS version[0m
1.9.8
[34m[1mant -version[0m
Apache Ant(TM) version 1.8.2 compiled on December 3 2011
[34m[1mmvn -version[0m
Apache Maven 3.2.5 (12a6b3acb947671f09b81f49094c53f426d8cea1; 2014-12-14T17:29:23+00:00)
Maven home: /usr/local/maven
Java version: 1.7.0_76, vendor: Oracle Corporation
Java home: /usr/lib/jvm/java-7-oracle/jre
Default locale: en_US, platform encoding: ANSI_X3.4-1968
OS name: "linux", version: "3.13.0-29-generic", arch: "amd64", family: "unix"
travis_fold:end:system_info[0K
travis_fold:start:fix.CVE-2015-7547[0K$ export DEBIAN_FRONTEND=noninteractive
W: Size of file /var/lib/apt/lists/us.archive.ubuntu.com_ubuntu_dists_precise-backports_multiverse_source_Sources.gz is not what the server reported 5886 5888
W: Size of file /var/lib/apt/lists/ppa.launchpad.net_ubuntugis_ppa_ubuntu_dists_precise_main_binary-amd64_Packages.gz is not what the server reported 36669 36677
W: Size of file /var/lib/apt/lists/ppa.launchpad.net_ubuntugis_ppa_ubuntu_dists_precise_main_binary-i386_Packages.gz is not what the server reported 36729 36733
Reading package lists...
Building dependency tree...
Reading state information...
The following extra packages will be installed:
  libc-bin libc-dev-bin libc6-dev
Suggested packages:
  glibc-doc
The following packages will be upgraded:
  libc-bin libc-dev-bin libc6 libc6-dev
4 upgraded, 0 newly installed, 0 to remove and 236 not upgraded.
Need to get 8,844 kB of archives.
After this operation, 9,216 B disk space will be freed.
Get:1 http://us.archive.ubuntu.com/ubuntu/ precise-updates/main libc6-dev amd64 2.15-0ubuntu10.13 [2,943 kB]
Get:2 http://us.archive.ubuntu.com/ubuntu/ precise-updates/main libc-dev-bin amd64 2.15-0ubuntu10.13 [84.7 kB]
Get:3 http://us.archive.ubuntu.com/ubuntu/ precise-updates/main libc-bin amd64 2.15-0ubuntu10.13 [1,179 kB]
Get:4 http://us.archive.ubuntu.com/ubuntu/ precise-updates/main libc6 amd64 2.15-0ubuntu10.13 [4,637 kB]
Fetched 8,844 kB in 0s (28.9 MB/s)
Preconfiguring packages ...
(Reading database ... (Reading database ... 5%(Reading database ... 10%(Reading database ... 15%(Reading database ... 20%(Reading database ... 25%(Reading database ... 30%(Reading database ... 35%(Reading database ... 40%(Reading database ... 45%(Reading database ... 50%(Reading database ... 55%(Reading database ... 60%(Reading database ... 65%(Reading database ... 70%(Reading database ... 75%(Reading database ... 80%(Reading database ... 85%(Reading database ... 90%(Reading database ... 95%(Reading database ... 100%(Reading database ... 72019 files and directories currently installed.)
Preparing to replace libc6-dev 2.15-0ubuntu10.10 (using .../libc6-dev_2.15-0ubuntu10.13_amd64.deb) ...
Unpacking replacement libc6-dev ...
Preparing to replace libc-dev-bin 2.15-0ubuntu10.10 (using .../libc-dev-bin_2.15-0ubuntu10.13_amd64.deb) ...
Unpacking replacement libc-dev-bin ...
Preparing to replace libc-bin 2.15-0ubuntu10.10 (using .../libc-bin_2.15-0ubuntu10.13_amd64.deb) ...
Unpacking replacement libc-bin ...
Processing triggers for man-db ...
Setting up libc-bin (2.15-0ubuntu10.13) ...
(Reading database ... (Reading database ... 5%(Reading database ... 10%(Reading database ... 15%(Reading database ... 20%(Reading database ... 25%(Reading database ... 30%(Reading database ... 35%(Reading database ... 40%(Reading database ... 45%(Reading database ... 50%(Reading database ... 55%(Reading database ... 60%(Reading database ... 65%(Reading database ... 70%(Reading database ... 75%(Reading database ... 80%(Reading database ... 85%(Reading database ... 90%(Reading database ... 95%(Reading database ... 100%(Reading database ... 72019 files and directories currently installed.)
Preparing to replace libc6 2.15-0ubuntu10.10 (using .../libc6_2.15-0ubuntu10.13_amd64.deb) ...
Unpacking replacement libc6 ...
Setting up libc6 (2.15-0ubuntu10.13) ...
Setting up libc-dev-bin (2.15-0ubuntu10.13) ...
Setting up libc6-dev (2.15-0ubuntu10.13) ...
Processing triggers for libc-bin ...
ldconfig deferred processing now taking place
travis_fold:end:fix.CVE-2015-7547[0Ktravis_fold:start:git.checkout[0Ktravis_time:start:033f5385[0K$ git clone --depth=50 --branch=tipsy_hdfs_support https://github.com/uwescience/myria.git uwescience/myria
Cloning into 'uwescience/myria'...
remote: Counting objects: 3775, done.[K
remote: Compressing objects:   0% (1/1554)   [Kremote: Compressing objects:   1% (16/1554)   [Kremote: Compressing objects:   2% (32/1554)   [Kremote: Compressing objects:   3% (47/1554)   [Kremote: Compressing objects:   4% (63/1554)   [Kremote: Compressing objects:   5% (78/1554)   [Kremote: Compressing objects:   6% (94/1554)   [Kremote: Compressing objects:   7% (109/1554)   [Kremote: Compressing objects:   8% (125/1554)   [Kremote: Compressing objects:   9% (140/1554)   [Kremote: Compressing objects:  10% (156/1554)   [Kremote: Compressing objects:  11% (171/1554)   [Kremote: Compressing objects:  12% (187/1554)   [Kremote: Compressing objects:  13% (203/1554)   [Kremote: Compressing objects:  14% (218/1554)   [Kremote: Compressing objects:  15% (234/1554)   [Kremote: Compressing objects:  16% (249/1554)   [Kremote: Compressing objects:  17% (265/1554)   [Kremote: Compressing objects:  18% (280/1554)   [Kremote: Compressing objects:  19% (296/1554)   [Kremote: Compressing objects:  20% (311/1554)   [Kremote: Compressing objects:  21% (327/1554)   [Kremote: Compressing objects:  22% (342/1554)   [Kremote: Compressing objects:  23% (358/1554)   [Kremote: Compressing objects:  24% (373/1554)   [Kremote: Compressing objects:  25% (389/1554)   [Kremote: Compressing objects:  26% (405/1554)   [Kremote: Compressing objects:  27% (420/1554)   [Kremote: Compressing objects:  28% (436/1554)   [Kremote: Compressing objects:  29% (451/1554)   [Kremote: Compressing objects:  30% (467/1554)   [Kremote: Compressing objects:  31% (482/1554)   [Kremote: Compressing objects:  32% (498/1554)   [Kremote: Compressing objects:  33% (513/1554)   [Kremote: Compressing objects:  34% (529/1554)   [Kremote: Compressing objects:  35% (544/1554)   [Kremote: Compressing objects:  36% (560/1554)   [Kremote: Compressing objects:  37% (575/1554)   [Kremote: Compressing objects:  38% (591/1554)   [Kremote: Compressing objects:  39% (607/1554)   [Kremote: Compressing objects:  40% (622/1554)   [Kremote: Compressing objects:  41% (638/1554)   [Kremote: Compressing objects:  42% (653/1554)   [Kremote: Compressing objects:  43% (669/1554)   [Kremote: Compressing objects:  44% (684/1554)   [Kremote: Compressing objects:  45% (700/1554)   [Kremote: Compressing objects:  46% (715/1554)   [Kremote: Compressing objects:  47% (731/1554)   [Kremote: Compressing objects:  48% (746/1554)   [Kremote: Compressing objects:  49% (762/1554)   [Kremote: Compressing objects:  50% (777/1554)   [Kremote: Compressing objects:  51% (793/1554)   [Kremote: Compressing objects:  52% (809/1554)   [Kremote: Compressing objects:  53% (824/1554)   [Kremote: Compressing objects:  54% (840/1554)   [Kremote: Compressing objects:  55% (855/1554)   [Kremote: Compressing objects:  56% (871/1554)   [Kremote: Compressing objects:  57% (886/1554)   [Kremote: Compressing objects:  58% (902/1554)   [Kremote: Compressing objects:  59% (917/1554)   [Kremote: Compressing objects:  60% (933/1554)   [Kremote: Compressing objects:  61% (948/1554)   [Kremote: Compressing objects:  62% (964/1554)   [Kremote: Compressing objects:  63% (980/1554)   [Kremote: Compressing objects:  64% (995/1554)   [Kremote: Compressing objects:  65% (1011/1554)   [Kremote: Compressing objects:  66% (1026/1554)   [Kremote: Compressing objects:  67% (1042/1554)   [Kremote: Compressing objects:  68% (1057/1554)   [Kremote: Compressing objects:  69% (1073/1554)   [Kremote: Compressing objects:  70% (1088/1554)   [Kremote: Compressing objects:  71% (1104/1554)   [Kremote: Compressing objects:  72% (1119/1554)   [Kremote: Compressing objects:  73% (1135/1554)   [Kremote: Compressing objects:  74% (1150/1554)   [Kremote: Compressing objects:  75% (1166/1554)   [Kremote: Compressing objects:  76% (1182/1554)   [Kremote: Compressing objects:  77% (1197/1554)   [Kremote: Compressing objects:  78% (1213/1554)   [Kremote: Compressing objects:  79% (1228/1554)   [Kremote: Compressing objects:  80% (1244/1554)   [Kremote: Compressing objects:  81% (1259/1554)   [Kremote: Compressing objects:  82% (1275/1554)   [Kremote: Compressing objects:  83% (1290/1554)   [Kremote: Compressing objects:  84% (1306/1554)   [Kremote: Compressing objects:  85% (1321/1554)   [Kremote: Compressing objects:  86% (1337/1554)   [Kremote: Compressing objects:  87% (1352/1554)   [Kremote: Compressing objects:  88% (1368/1554)   [Kremote: Compressing objects:  89% (1384/1554)   [Kremote: Compressing objects:  90% (1399/1554)   [Kremote: Compressing objects:  91% (1415/1554)   [Kremote: Compressing objects:  92% (1430/1554)   [Kremote: Compressing objects:  93% (1446/1554)   [Kremote: Compressing objects:  94% (1461/1554)   [Kremote: Compressing objects:  95% (1477/1554)   [Kremote: Compressing objects:  96% (1492/1554)   [Kremote: Compressing objects:  97% (1508/1554)   [Kremote: Compressing objects:  98% (1523/1554)   [Kremote: Compressing objects:  99% (1539/1554)   [Kremote: Compressing objects: 100% (1554/1554)   [Kremote: Compressing objects: 100% (1554/1554), done.[K
Receiving objects:   0% (1/3775)   Receiving objects:   1% (38/3775)   Receiving objects:   2% (76/3775)   Receiving objects:   3% (114/3775)   Receiving objects:   4% (151/3775)   Receiving objects:   5% (189/3775)   Receiving objects:   6% (227/3775)   Receiving objects:   7% (265/3775)   Receiving objects:   8% (302/3775)   Receiving objects:   9% (340/3775)   Receiving objects:  10% (378/3775)   Receiving objects:  11% (416/3775)   Receiving objects:  12% (453/3775)   Receiving objects:  13% (491/3775)   Receiving objects:  14% (529/3775)   Receiving objects:  15% (567/3775)   Receiving objects:  16% (604/3775)   Receiving objects:  17% (642/3775)   Receiving objects:  18% (680/3775)   Receiving objects:  19% (718/3775)   Receiving objects:  20% (755/3775)   Receiving objects:  21% (793/3775)   Receiving objects:  22% (831/3775)   Receiving objects:  23% (869/3775)   Receiving objects:  24% (906/3775)   Receiving objects:  25% (944/3775)   Receiving objects:  26% (982/3775)   Receiving objects:  27% (1020/3775)   Receiving objects:  28% (1057/3775)   Receiving objects:  29% (1095/3775)   Receiving objects:  30% (1133/3775)   Receiving objects:  31% (1171/3775)   Receiving objects:  32% (1208/3775)   Receiving objects:  33% (1246/3775)   Receiving objects:  34% (1284/3775)   Receiving objects:  35% (1322/3775)   Receiving objects:  36% (1359/3775)   Receiving objects:  37% (1397/3775)   Receiving objects:  38% (1435/3775)   Receiving objects:  39% (1473/3775)   Receiving objects:  40% (1510/3775)   Receiving objects:  41% (1548/3775)   Receiving objects:  42% (1586/3775)   Receiving objects:  43% (1624/3775)   Receiving objects:  44% (1661/3775)   Receiving objects:  45% (1699/3775)   Receiving objects:  46% (1737/3775)   Receiving objects:  47% (1775/3775)   Receiving objects:  48% (1812/3775)   Receiving objects:  49% (1850/3775)   Receiving objects:  50% (1888/3775)   Receiving objects:  51% (1926/3775)   Receiving objects:  52% (1963/3775)   Receiving objects:  53% (2001/3775)   Receiving objects:  54% (2039/3775)   Receiving objects:  55% (2077/3775)   Receiving objects:  56% (2114/3775)   Receiving objects:  57% (2152/3775)   Receiving objects:  58% (2190/3775)   Receiving objects:  59% (2228/3775)   Receiving objects:  60% (2265/3775)   Receiving objects:  61% (2303/3775)   Receiving objects:  62% (2341/3775)   Receiving objects:  63% (2379/3775)   Receiving objects:  64% (2416/3775)   Receiving objects:  65% (2454/3775)   Receiving objects:  66% (2492/3775)   Receiving objects:  67% (2530/3775)   Receiving objects:  68% (2567/3775)   Receiving objects:  69% (2605/3775)   Receiving objects:  70% (2643/3775)   Receiving objects:  71% (2681/3775)   Receiving objects:  72% (2718/3775)   Receiving objects:  73% (2756/3775)   Receiving objects:  74% (2794/3775)   Receiving objects:  75% (2832/3775)   Receiving objects:  76% (2869/3775)   Receiving objects:  77% (2907/3775)   Receiving objects:  78% (2945/3775)   Receiving objects:  79% (2983/3775)   Receiving objects:  80% (3020/3775)   Receiving objects:  81% (3058/3775)   Receiving objects:  82% (3096/3775)   Receiving objects:  83% (3134/3775)   remote: Total 3775 (delta 1729), reused 2850 (delta 1193), pack-reused 0[K
Receiving objects:  84% (3171/3775)   Receiving objects:  85% (3209/3775)   Receiving objects:  86% (3247/3775)   Receiving objects:  87% (3285/3775)   Receiving objects:  88% (3322/3775)   Receiving objects:  89% (3360/3775)   Receiving objects:  90% (3398/3775)   Receiving objects:  91% (3436/3775)   Receiving objects:  92% (3473/3775)   Receiving objects:  93% (3511/3775)   Receiving objects:  94% (3549/3775)   Receiving objects:  95% (3587/3775)   Receiving objects:  96% (3624/3775)   Receiving objects:  97% (3662/3775)   Receiving objects:  98% (3700/3775)   Receiving objects:  99% (3738/3775)   Receiving objects: 100% (3775/3775)   Receiving objects: 100% (3775/3775), 4.77 MiB | 0 bytes/s, done.
Resolving deltas:   0% (0/1729)   Resolving deltas:   5% (99/1729)   Resolving deltas:   6% (108/1729)   Resolving deltas:   7% (133/1729)   Resolving deltas:   8% (145/1729)   Resolving deltas:   9% (159/1729)   Resolving deltas:  10% (181/1729)   Resolving deltas:  11% (191/1729)   Resolving deltas:  12% (209/1729)   Resolving deltas:  14% (251/1729)   Resolving deltas:  15% (260/1729)   Resolving deltas:  16% (279/1729)   Resolving deltas:  17% (294/1729)   Resolving deltas:  18% (313/1729)   Resolving deltas:  19% (329/1729)   Resolving deltas:  20% (346/1729)   Resolving deltas:  21% (364/1729)   Resolving deltas:  29% (511/1729)   Resolving deltas:  30% (521/1729)   Resolving deltas:  31% (536/1729)   Resolving deltas:  32% (566/1729)   Resolving deltas:  33% (573/1729)   Resolving deltas:  34% (592/1729)   Resolving deltas:  37% (647/1729)   Resolving deltas:  39% (687/1729)   Resolving deltas:  40% (693/1729)   Resolving deltas:  41% (716/1729)   Resolving deltas:  42% (729/1729)   Resolving deltas:  43% (754/1729)   Resolving deltas:  44% (761/1729)   Resolving deltas:  45% (781/1729)   Resolving deltas:  46% (805/1729)   Resolving deltas:  47% (817/1729)   Resolving deltas:  49% (858/1729)   Resolving deltas:  50% (866/1729)   Resolving deltas:  51% (885/1729)   Resolving deltas:  56% (979/1729)   Resolving deltas:  57% (992/1729)   Resolving deltas:  58% (1008/1729)   Resolving deltas:  59% (1021/1729)   Resolving deltas:  60% (1040/1729)   Resolving deltas:  61% (1055/1729)   Resolving deltas:  62% (1072/1729)   Resolving deltas:  63% (1090/1729)   Resolving deltas:  64% (1117/1729)   Resolving deltas:  65% (1130/1729)   Resolving deltas:  68% (1184/1729)   Resolving deltas:  69% (1195/1729)   Resolving deltas:  70% (1219/1729)   Resolving deltas:  71% (1229/1729)   Resolving deltas:  72% (1248/1729)   Resolving deltas:  73% (1266/1729)   Resolving deltas:  75% (1302/1729)   Resolving deltas:  76% (1320/1729)   Resolving deltas:  77% (1332/1729)   Resolving deltas:  78% (1363/1729)   Resolving deltas:  79% (1369/1729)   Resolving deltas:  81% (1406/1729)   Resolving deltas:  82% (1419/1729)   Resolving deltas:  83% (1437/1729)   Resolving deltas:  84% (1462/1729)   Resolving deltas:  85% (1470/1729)   Resolving deltas:  86% (1494/1729)   Resolving deltas:  87% (1515/1729)   Resolving deltas:  88% (1523/1729)   Resolving deltas:  89% (1549/1729)   Resolving deltas:  90% (1558/1729)   Resolving deltas:  91% (1580/1729)   Resolving deltas:  92% (1593/1729)   Resolving deltas:  96% (1662/1729)   Resolving deltas:  97% (1678/1729)   Resolving deltas:  98% (1704/1729)   Resolving deltas:  99% (1714/1729)   Resolving deltas: 100% (1729/1729)   Resolving deltas: 100% (1729/1729), done.
Checking connectivity... done.

travis_time:end:033f5385:start=1460413739348123912,finish=1460413740509688302,duration=1161564390[0K$ cd uwescience/myria
$ git checkout -qf 1cb7025fdbd403f9fbb5beb0a2fbe3bb31fe2a5f
travis_fold:end:git.checkout[0Ktravis_fold:start:postgresql[0K[33;1mStarting PostgreSQL v9.3[0m
travis_time:start:215020f1[0K$ sudo service postgresql stop
 * Stopping PostgreSQL 9.1 database server       [80G [74G[ OK ]
 * Stopping PostgreSQL 9.2 database server       [80G [74G[ OK ]
 * Stopping PostgreSQL 9.3 database server       [80G [74G[ OK ]
 * Stopping PostgreSQL 9.4 database server       [80G [74G[ OK ]

travis_time:end:215020f1:start=1460413740627230959,finish=1460413741065934707,duration=438703748[0Ktravis_time:start:08a40f50[0K$ sudo service postgresql start 9.3
 * Starting PostgreSQL 9.3 database server       [80G [74G[ OK ]

travis_time:end:08a40f50:start=1460413741071669875,finish=1460413743311706448,duration=2240036573[0Ktravis_time:start:0232665c[0K$ sudo -u postgres createuser -s -p 5432 travis &>/dev/null

travis_time:end:0232665c:start=1460413743316910615,finish=1460413743387276488,duration=70365873[0Ktravis_time:start:07885197[0K$ sudo -u postgres createdb -O travis -p 5432 travis &>/dev/null

travis_time:end:07885197:start=1460413743391463728,finish=1460413743460922548,duration=69458820[0Ktravis_time:start:0093cdd2[0K$ sudo -u postgres createuser -s -p 5433 travis &>/dev/null

travis_time:end:0093cdd2:start=1460413743465229504,finish=1460413743522866863,duration=57637359[0Ktravis_time:start:05f1ea3c[0K$ sudo -u postgres createdb -O travis -p 5433 travis &>/dev/null

travis_time:end:05f1ea3c:start=1460413743526935161,finish=1460413743571594709,duration=44659548[0Ktravis_fold:end:postgresql[0K
[33;1mThis job is running on container-based infrastructure, which does not allow use of 'sudo', setuid and setguid executables.[0m
[33;1mIf you require sudo, add 'sudo: required' to your .travis.yml[0m
[33;1mSee https://docs.travis-ci.com/user/workers/container-based-infrastructure/ for details.[0m
$ jdk_switcher use oraclejdk8
Switching to Oracle JDK8 (java-8-oracle), JAVA_HOME will be set to /usr/lib/jvm/java-8-oracle
$ export TERM=dumb
travis_fold:start:cache.1[0KSetting up build cache
$ export CASHER_DIR=$HOME/.casher
travis_time:start:094a18c4[0K$ Installing caching utilities

travis_time:end:094a18c4:start=1460413745579568360,finish=1460413745685692014,duration=106123654[0Ktravis_time:start:1a717990[0K
travis_time:end:1a717990:start=1460413745691995259,finish=1460413745696162395,duration=4167136[0Ktravis_time:start:000e1f48[0K[32;1mattempting to download cache archive[0m
[32;1mfetching tipsy_hdfs_support/cache--jdk-oraclejdk8.tgz[0m
[32;1mfound cache[0m

travis_time:end:000e1f48:start=1460413745701117926,finish=1460413757371043818,duration=11669925892[0Ktravis_time:start:081f1ff3[0K
travis_time:end:081f1ff3:start=1460413757375374094,finish=1460413757379291678,duration=3917584[0Ktravis_time:start:11b62150[0K[32;1madding /home/travis/.gradle/caches to cache[0m

travis_time:end:11b62150:start=1460413757383437152,finish=1460413765407852767,duration=8024415615[0Ktravis_fold:end:cache.1[0K$ java -Xmx32m -version
java version "1.8.0_31"
Java(TM) SE Runtime Environment (build 1.8.0_31-b13)
Java HotSpot(TM) 64-Bit Server VM (build 25.31-b07, mixed mode)
$ javac -J-Xmx32m -version
javac 1.8.0_31
travis_fold:start:before_install.1[0Ktravis_time:start:0b26da4c[0K$ sh travis/before_install.sh
CREATE DATABASE
# localhost SSH-2.0-OpenSSH_5.9p1 Debian-5ubuntu1.4

travis_time:end:0b26da4c:start=1460413766113347817,finish=1460413766218868591,duration=105520774[0Ktravis_fold:end:before_install.1[0Ktravis_fold:start:before_install.2[0Ktravis_time:start:07002f9c[0K$ export TERM=dumb

travis_time:end:07002f9c:start=1460413766223928231,finish=1460413766228562704,duration=4634473[0Ktravis_fold:end:before_install.2[0Ktravis_fold:start:install[0Ktravis_time:start:010bbc10[0K$ ./gradlew assemble
Downloading https://services.gradle.org/distributions/gradle-2.3-bin.zip
...........................................................................................................................................................................................................................................................................................................................................................................................................................................................................................................................................................................................................................................................................................................................................................................................................................................................................................................................................................................................................................................................................................................................................................................................................................................................................................................................................................................................................................................................................................................................................................................................................................................................................................................................................................................................................................................................................................................................................................................................................................................................................................................................................................................................................
Unzipping /home/travis/.gradle/wrapper/dists/gradle-2.3-bin/a48v6zq5mdp1uyn9rwlj56945/gradle-2.3-bin.zip to /home/travis/.gradle/wrapper/dists/gradle-2.3-bin/a48v6zq5mdp1uyn9rwlj56945
Set executable permissions for: /home/travis/.gradle/wrapper/dists/gradle-2.3-bin/a48v6zq5mdp1uyn9rwlj56945/gradle-2.3/bin/gradle
:updateCommitInfo
:compileJavawarning: [options] bootstrap class path not set in conjunction with -source 1.7
/home/travis/build/uwescience/myria/src/edu/washington/escience/myria/api/encoding/PlanFragmentEncoding.java:39: warning: [varargs] Varargs method could cause heap pollution from non-reifiable varargs parameter operators
    ret.operators = Arrays.asList(operators);
                                  ^
/home/travis/build/uwescience/myria/src/edu/washington/escience/myria/operator/network/Producer.java:202: warning: [rawtypes] found raw type: StreamOutputChannel
    ioChannels = new StreamOutputChannel[outputIDs.length];
                     ^
  missing type arguments for generic class StreamOutputChannel<PAYLOAD>
  where PAYLOAD is a type-variable:
    PAYLOAD extends Object declared in class StreamOutputChannel
/home/travis/build/uwescience/myria/src/edu/washington/escience/myria/storage/Tuple.java:192: warning: [deprecation] putObject(int,Object) in AppendableTable has been deprecated
  public void putObject(final int column, final @Nonnull Object value) {
              ^
/home/travis/build/uwescience/myria/src/edu/washington/escience/myria/storage/Field.java:62: warning: [deprecation] appendObject(Object) in WritableColumn has been deprecated
  public WritableColumn appendObject(final Object value) throws BufferOverflowException {
                        ^
/home/travis/build/uwescience/myria/src/edu/washington/escience/myria/operator/SQLiteSetFilter.java:108: warning: [deprecation] getObject(int,int) in TupleBatch has been deprecated
            v = tb.getObject(0, i);
                  ^
/home/travis/build/uwescience/myria/src/edu/washington/escience/myria/parallel/ipc/BagInputBufferAdapter.java:186: warning: [try] auto-closeable resource l is never referenced in body of corresponding try statement
    try (ClosableReentrantLock l = bufferSizeLock.open()) {
                               ^
/home/travis/build/uwescience/myria/src/edu/washington/escience/myria/parallel/ipc/BagInputBufferAdapter.java:193: warning: [try] auto-closeable resource l is never referenced in body of corresponding try statement
    try (ClosableReentrantLock l = bufferSizeLock.open()) {
                               ^
/home/travis/build/uwescience/myria/src/edu/washington/escience/myria/parallel/ipc/BagInputBufferAdapter.java:217: warning: [try] auto-closeable resource l is never referenced in body of corresponding try statement
    try (ClosableReentrantLock l = bufferSizeLock.open()) {
                               ^
/home/travis/build/uwescience/myria/src/edu/washington/escience/myria/parallel/ipc/BagInputBufferAdapter.java:306: warning: [try] auto-closeable resource l is never referenced in body of corresponding try statement
        try (ClosableReentrantLock l = bufferSizeLock.open()) {
                                   ^
/home/travis/build/uwescience/myria/src/edu/washington/escience/myria/parallel/ipc/BagInputBufferAdapter.java:357: warning: [try] auto-closeable resource l is never referenced in body of corresponding try statement
    try (ClosableReentrantLock l = bufferSizeLock.open()) {
                               ^
/home/travis/build/uwescience/myria/src/edu/washington/escience/myria/parallel/ipc/BagInputBufferAdapter.java:407: warning: [try] auto-closeable resource l is never referenced in body of corresponding try statement
    try (ClosableReentrantLock l = bufferSizeLock.open()) {
                               ^
/home/travis/build/uwescience/myria/src/edu/washington/escience/myria/parallel/ipc/BagInputBufferAdapter.java:449: warning: [try] auto-closeable resource l is never referenced in body of corresponding try statement
    try (ClosableReentrantLock l = bufferSizeLock.open()) {
                               ^
/home/travis/build/uwescience/myria/src/edu/washington/escience/myria/parallel/ipc/BagInputBufferAdapter.java:475: warning: [try] auto-closeable resource l is never referenced in body of corresponding try statement
    try (ClosableReentrantLock l = bufferSizeLock.open()) {
                               ^
/home/travis/build/uwescience/myria/src/edu/washington/escience/myria/parallel/ipc/FlowControlBagInputBuffer.java:216: warning: [try] auto-closeable resource l is never referenced in body of corresponding try statement
    try (ClosableReentrantLock l = getBufferSizeLock().open()) {
                               ^
/home/travis/build/uwescience/myria/src/edu/washington/escience/myria/parallel/ipc/FlowControlBagInputBuffer.java:227: warning: [try] auto-closeable resource l is never referenced in body of corresponding try statement
    try (ClosableReentrantLock l = getBufferSizeLock().open()) {
                               ^
16 warnings

:processResources
:classes
:copyToLib
:symlinkMetricsJar
:jar
:assemble

BUILD SUCCESSFUL

Total time: 1 mins 9.191 secs

travis_time:end:010bbc10:start=1460413766234755922,finish=1460413835880241432,duration=69645485510[0Ktravis_fold:end:install[0Ktravis_time:start:34938a94[0K$ ./gradlew check
:updateCommitInfo
:compileJava UP-TO-DATE
:processResources UP-TO-DATE
:classes UP-TO-DATE
:compileTestJavawarning: [options] bootstrap class path not set in conjunction with -source 1.7
1 warning

:processTestResources UP-TO-DATE
:testClasses
:compileSystemtestJavawarning: [options] bootstrap class path not set in conjunction with -source 1.7
1 warning

:processSystemtestResources UP-TO-DATE
:systemtestClasses
:compileSpeedtestJavawarning: [options] bootstrap class path not set in conjunction with -source 1.7
1 warning

:processSpeedtestResources UP-TO-DATE
:speedtestClasses
:cleanEclipseClasspath UP-TO-DATE
:eclipseClasspath
:test
Executing test testDelimiter [edu.washington.escience.myria.CSVTupleWriterTest]
Executing test testConstructionWithNoNames [edu.washington.escience.myria.CSVTupleWriterTest]
Executing test testBinaryOutput [edu.washington.escience.myria.PostgresBinaryTupleWriterTest]
Executing test testBadFieldNameHasHyphen [edu.washington.escience.myria.RelationKeyTest]
Executing test testBadFieldIsEmpty [edu.washington.escience.myria.RelationKeyTest]
Executing test testBadFieldNameHasSpace2 [edu.washington.escience.myria.RelationKeyTest]
Executing test testBadFieldNameHasSpace3 [edu.washington.escience.myria.RelationKeyTest]
Executing test testBadFieldNameHasSpace4 [edu.washington.escience.myria.RelationKeyTest]
Executing test testToString [edu.washington.escience.myria.RelationKeyTest]
Executing test testBadFieldNameHasSpace [edu.washington.escience.myria.RelationKeyTest]
Executing test testBadFieldIsNull [edu.washington.escience.myria.RelationKeyTest]
Executing test testGoodFieldNames [edu.washington.escience.myria.RelationKeyTest]
Executing test testBadFieldNameStartNumber [edu.washington.escience.myria.RelationKeyTest]
Executing test testHashCode [edu.washington.escience.myria.RelationKeyTest]
Executing test testEquals [edu.washington.escience.myria.RelationKeyTest]
Executing test testOfFieldsNoNames [edu.washington.escience.myria.SchemaTest]
Executing test testOfFieldsNoTypes [edu.washington.escience.myria.SchemaTest]
Executing test testOfFieldsTooManyNames [edu.washington.escience.myria.SchemaTest]
Executing test testBadNameEmpty [edu.washington.escience.myria.SchemaTest]
Executing test testOfFields [edu.washington.escience.myria.SchemaTest]
Executing test testColumnPropertyGetters [edu.washington.escience.myria.SchemaTest]
Executing test testConstructionWithNames [edu.washington.escience.myria.SchemaTest]
Executing test testBadNameHasParentheses [edu.washington.escience.myria.SchemaTest]
Executing test testOfFieldsBadType [edu.washington.escience.myria.SchemaTest]
Executing test testBadNameHasHyphen [edu.washington.escience.myria.SchemaTest]
Executing test testBadNameWithSpace2 [edu.washington.escience.myria.SchemaTest]
Executing test testBadNameWithSpace3 [edu.washington.escience.myria.SchemaTest]
Executing test testBadNameWithSpace4 [edu.washington.escience.myria.SchemaTest]
Executing test testBadNameHasSymbol [edu.washington.escience.myria.SchemaTest]
Executing test testConstructionNullNameInNames [edu.washington.escience.myria.SchemaTest]
Executing test testOfFieldsTooFewNames [edu.washington.escience.myria.SchemaTest]
Executing test testConstructionNullTypeInTypes [edu.washington.escience.myria.SchemaTest]
Executing test testBadNameStartsNumber [edu.washington.escience.myria.SchemaTest]
Executing test testBadNameWithSpace [edu.washington.escience.myria.SchemaTest]
Executing test testConstructionWithNoNames [edu.washington.escience.myria.SchemaTest]
Executing test fragmentDuplicateProducerTest [edu.washington.escience.myria.api.JsonBadPlanTests]
Executing test fragmentMissingConsumerTest [edu.washington.escience.myria.api.JsonBadPlanTests]
Executing test fragmentMissingProducerTest [edu.washington.escience.myria.api.JsonBadPlanTests]
Executing test fragmentExtraConsumerTest [edu.washington.escience.myria.api.JsonBadPlanTests]
Executing test testPartitionFunctionWithNullNumPartitions [edu.washington.escience.myria.api.SerializationTests]
Executing test testPartitionFunction [edu.washington.escience.myria.api.SerializationTests]
Executing test testProto [edu.washington.escience.myria.column.BooleanColumnTest]
Executing test testFull [edu.washington.escience.myria.column.BooleanColumnTest]
Executing test testOverflow [edu.washington.escience.myria.column.BooleanColumnTest]
Executing test testProto [edu.washington.escience.myria.column.DateTimeColumnTest]
Executing test testFull [edu.washington.escience.myria.column.DateTimeColumnTest]
Executing test testOverflow [edu.washington.escience.myria.column.DateTimeColumnTest]
Executing test testProto [edu.washington.escience.myria.column.DoubleColumnTest]
Executing test testFull [edu.washington.escience.myria.column.DoubleColumnTest]
Executing test testOverflow [edu.washington.escience.myria.column.DoubleColumnTest]
Executing test testProto [edu.washington.escience.myria.column.FloatColumnTest]
Executing test testFull [edu.washington.escience.myria.column.FloatColumnTest]
Executing test testOverflow [edu.washington.escience.myria.column.FloatColumnTest]
Executing test testProto [edu.washington.escience.myria.column.IntColumnTest]
Executing test testFull [edu.washington.escience.myria.column.IntColumnTest]
Executing test testOverflow [edu.washington.escience.myria.column.IntColumnTest]
Executing test testIntProtoColumn [edu.washington.escience.myria.column.IntColumnTest]
Executing test testProto [edu.washington.escience.myria.column.LongColumnTest]
Executing test testFull [edu.washington.escience.myria.column.LongColumnTest]
Executing test testOverflow [edu.washington.escience.myria.column.LongColumnTest]
Executing test testProto [edu.washington.escience.myria.column.StringColumnTest]
Executing test testFull [edu.washington.escience.myria.column.StringColumnTest]
Executing test testOverflow [edu.washington.escience.myria.column.StringColumnTest]
Executing test testCatalogExtraFieldsList [edu.washington.escience.myria.coordinator.CatalogTest]
Executing test testCatalogQuerySearch [edu.washington.escience.myria.coordinator.CatalogTest]
Executing test testMultiFieldPartitionFunction [edu.washington.escience.myria.hash.MultiFieldHashPartitionFunctionTest]
Executing test testMultiGroupMaxMultiColumn [edu.washington.escience.myria.operator.AggregateTest]
Executing test testNumericAggs [edu.washington.escience.myria.operator.AggregateTest]
Executing test testNonNumericAggs [edu.washington.escience.myria.operator.AggregateTest]
Executing test testSingleGroupAvg [edu.washington.escience.myria.operator.AggregateTest]
Executing test testSingleGroupMax [edu.washington.escience.myria.operator.AggregateTest]
Executing test testSingleGroupMin [edu.washington.escience.myria.operator.AggregateTest]
Executing test testSingleGroupStd [edu.washington.escience.myria.operator.AggregateTest]
Executing test testSingleGroupSum [edu.washington.escience.myria.operator.AggregateTest]
Executing test testMultiGroupCountHashCollision [edu.washington.escience.myria.operator.AggregateTest]
Executing test testMultiGroupAvg [edu.washington.escience.myria.operator.AggregateTest]
Executing test testMultiGroupMax [edu.washington.escience.myria.operator.AggregateTest]
Executing test testMultiGroupMin [edu.washington.escience.myria.operator.AggregateTest]
Executing test testMultiGroupSum [edu.washington.escience.myria.operator.AggregateTest]
Executing test testMultiGroupCountMultiColumn [edu.washington.escience.myria.operator.AggregateTest]
Executing test testLongAggOverflow [edu.washington.escience.myria.operator.AggregateTest]
Executing test testLongAggUnderflow [edu.washington.escience.myria.operator.AggregateTest]
Executing test testMultiGroupCountMultiColumnEmpty [edu.washington.escience.myria.operator.AggregateTest]
Executing test testMultiGroupMaxAndMin [edu.washington.escience.myria.operator.AggregateTest]
Executing test testNumRowsFromCosmo24Star [edu.washington.escience.myria.operator.BinaryFileScanTest]
Executing test testSimple [edu.washington.escience.myria.operator.BinaryFileScanTest]
Executing test testWithAstronomySchema [edu.washington.escience.myria.operator.BinaryFileScanTest]
Executing test testQueryQueries [edu.washington.escience.myria.operator.CatalogScanTest]
Executing test testWithSingletonWrongSide [edu.washington.escience.myria.operator.CrossWithSingletonTest]
Executing test testWithTwoSingletons [edu.washington.escience.myria.operator.CrossWithSingletonTest]
Executing test testWithSingleton [edu.washington.escience.myria.operator.CrossWithSingletonTest]
Executing test testWithEmptyRelation [edu.washington.escience.myria.operator.CrossWithSingletonTest]
Executing test incompatibleSchemas [edu.washington.escience.myria.operator.DifferenceTest]
Executing test test [edu.washington.escience.myria.operator.DifferenceTest]
Executing test testDupElim [edu.washington.escience.myria.operator.DupElimTest]
Executing test testSimpleCsvSingleQuoted [edu.washington.escience.myria.operator.FileScanTest]
Executing test testCommaTwoColumnIntDos [edu.washington.escience.myria.operator.FileScanTest]
Executing test testCommaTwoColumnIntUnix [edu.washington.escience.myria.operator.FileScanTest]
Executing test testBadTwoColumnInt [edu.washington.escience.myria.operator.FileScanTest]
Executing test testBadTwoColumnInt2 [edu.washington.escience.myria.operator.FileScanTest]
Executing test testBadTwoColumnInt3 [edu.washington.escience.myria.operator.FileScanTest]
Executing test testCommaTwoColumnIntUnixNoTrailingNewline [edu.washington.escience.myria.operator.FileScanTest]
Executing test testPipeDelimiter [edu.washington.escience.myria.operator.FileScanTest]
Executing test testBigFile [edu.washington.escience.myria.operator.FileScanTest]
Executing test testSimpleCsvEscaped [edu.washington.escience.myria.operator.FileScanTest]
Executing test testRandomCSV [edu.washington.escience.myria.operator.FileScanTest]
Executing test testSimpleTwoColumnFloat [edu.washington.escience.myria.operator.FileScanTest]
Executing test testSimpleTwoColumnInt [edu.washington.escience.myria.operator.FileScanTest]
Executing test testBadCommaTwoColumnInt [edu.washington.escience.myria.operator.FileScanTest]
Executing test testSimpleCsvEscape [edu.washington.escience.myria.operator.FileScanTest]
Executing test testSimpleCsvQuoted [edu.washington.escience.myria.operator.FileScanTest]
Executing test testWithinSumRangePredicateDoubleColumn [edu.washington.escience.myria.operator.FilterTest]
Executing test testWithinSumRangePredicateLongColumn [edu.washington.escience.myria.operator.FilterTest]
Executing test testWithinSumRangePredicateFloatColumn [edu.washington.escience.myria.operator.FilterTest]
Executing test testWithinSumRangePredicateIntColumn [edu.washington.escience.myria.operator.FilterTest]
Executing test testInMemoryOrderBy2 [edu.washington.escience.myria.operator.InMemoryOrderByTest]
Executing test testInMemoryOrderBy [edu.washington.escience.myria.operator.InMemoryOrderByTest]
Executing test testKeepAndSortedOnMinValue [edu.washington.escience.myria.operator.KeepAndSortOnMinTest]
Executing test testLeapFrogJoinOnMultipleTBInBuffer [edu.washington.escience.myria.operator.LeapFrogJoinTest]
Executing test outputFreeVariable [edu.washington.escience.myria.operator.LeapFrogJoinTest]
Executing test strangeTriangle [edu.washington.escience.myria.operator.LeapFrogJoinTest]
Executing test intersect3tables [edu.washington.escience.myria.operator.LeapFrogJoinTest]
Executing test binaryJoinWithMoreColumns [edu.washington.escience.myria.operator.LeapFrogJoinTest]
Executing test strangeRectangle [edu.washington.escience.myria.operator.LeapFrogJoinTest]
Executing test tridentQuery [edu.washington.escience.myria.operator.LeapFrogJoinTest]
Executing test testLeapFrogUsingTwitterTriangularJoin [edu.washington.escience.myria.operator.LeapFrogJoinTest]
Executing test testLimitZero [edu.washington.escience.myria.operator.LimitTest]
Executing test testLimitNumTuples [edu.washington.escience.myria.operator.LimitTest]
Executing test testSimplePrefix [edu.washington.escience.myria.operator.LimitTest]
Executing test testWithinBatchSizeLimit [edu.washington.escience.myria.operator.LimitTest]
Executing test testMergeJoin [edu.washington.escience.myria.operator.MergeJoinTest]
Executing test testMergeJoinOnMultipleKeys [edu.washington.escience.myria.operator.MergeJoinTest]
Executing test testOrderByAndMergeJoin [edu.washington.escience.myria.operator.MergeJoinTest]
Executing test testMergeJoinCross [edu.washington.escience.myria.operator.MergeJoinTest]
Executing test testMergeJoinLarge [edu.washington.escience.myria.operator.MergeJoinTest]
Executing test testMergeCount [edu.washington.escience.myria.operator.MergeTest]
Executing test testMergeTuplesSorted [edu.washington.escience.myria.operator.MergeTest]
Executing test testMergeConstructorWithNull [edu.washington.escience.myria.operator.MergeTest]
Executing test testSimpleDark [edu.washington.escience.myria.operator.NChiladaFileScanTest]
Executing test testSimpleFile [edu.washington.escience.myria.operator.NChiladaFileScanTest]
Executing test testSimpleStar [edu.washington.escience.myria.operator.NChiladaFileScanTest]
Executing test testSimpleGas [edu.washington.escience.myria.operator.NChiladaFileScanTest]
Executing test testMergeJoin [edu.washington.escience.myria.operator.OperatorTest]
Executing test testMergeCount [edu.washington.escience.myria.operator.OperatorTest]
Executing test testMergeJoinOnMultipleKeys [edu.washington.escience.myria.operator.OperatorTest]
Executing test testUnionAllCount [edu.washington.escience.myria.operator.OperatorTest]
Executing test testInMemoryOrderBy2 [edu.washington.escience.myria.operator.OperatorTest]
Executing test testOrderByAndMergeJoin [edu.washington.escience.myria.operator.OperatorTest]
Executing test testMergeJoinCross [edu.washington.escience.myria.operator.OperatorTest]
Executing test testMergeJoinLarge [edu.washington.escience.myria.operator.OperatorTest]
Executing test testUnionAllCorrectTuples [edu.washington.escience.myria.operator.OperatorTest]
Executing test testMergeTuplesSorted [edu.washington.escience.myria.operator.OperatorTest]
Executing test testInMemoryOrderBy [edu.washington.escience.myria.operator.OperatorTest]
Executing test testOrderedDupElim [edu.washington.escience.myria.operator.OperatorTest]
Executing test testKeepAndSortedOnMinValue [edu.washington.escience.myria.operator.OperatorTest]
Executing test testUnionAllConstructorWithNull [edu.washington.escience.myria.operator.OperatorTest]
Executing test testMergeConstructorWithNull [edu.washington.escience.myria.operator.OperatorTest]
Executing test testOrderedDupElim [edu.washington.escience.myria.operator.OrderedDupElimTest]
Executing test testTupleBatch [edu.washington.escience.myria.operator.RenameTest]
Executing test testTupleBatchTooFewColumns [edu.washington.escience.myria.operator.RenameTest]
Executing test testTupleBatchNull [edu.washington.escience.myria.operator.RenameTest]
Executing test testTupleBatchTooManyColumns [edu.washington.escience.myria.operator.RenameTest]
Executing test testRightHashJoin [edu.washington.escience.myria.operator.RightHashJoinTest]
Executing test testIncompatibleJoinKeys [edu.washington.escience.myria.operator.RightHashJoinTest]
Executing test test [edu.washington.escience.myria.operator.SQLiteInsertTest]
Executing test testSampleSizeDouble [edu.washington.escience.myria.operator.SampleWRTest]
Executing test testSamplePartitionNegative [edu.washington.escience.myria.operator.SampleWRTest]
Executing test testSampleSizeHalf [edu.washington.escience.myria.operator.SampleWRTest]
Executing test testSampleSizeZero [edu.washington.escience.myria.operator.SampleWRTest]
Executing test testSampleSizeNegative [edu.washington.escience.myria.operator.SampleWRTest]
Executing test testSampleSizeAll [edu.washington.escience.myria.operator.SampleWRTest]
Executing test testSampleSizeOne [edu.washington.escience.myria.operator.SampleWRTest]
Executing test testSamplePartitionNegative [edu.washington.escience.myria.operator.SampleWoRTest]
Executing test testSampleSizeHalf [edu.washington.escience.myria.operator.SampleWoRTest]
Executing test testSampleSizeZero [edu.washington.escience.myria.operator.SampleWoRTest]
Executing test testSampleSizeNegative [edu.washington.escience.myria.operator.SampleWoRTest]
Executing test testSampleSizeTooMany [edu.washington.escience.myria.operator.SampleWoRTest]
Executing test testSampleSizeAll [edu.washington.escience.myria.operator.SampleWoRTest]
Executing test testSampleSizeOne [edu.washington.escience.myria.operator.SampleWoRTest]
Executing test testSampleWRSizeMax [edu.washington.escience.myria.operator.SamplingDistributionTest]
Executing test testSampleWRSizeOne [edu.washington.escience.myria.operator.SamplingDistributionTest]
Executing test testSampleWoRSizeAllButOne [edu.washington.escience.myria.operator.SamplingDistributionTest]
Executing test testSampleWoRSizeNegative [edu.washington.escience.myria.operator.SamplingDistributionTest]
Executing test testSampleWoRPctFifty [edu.washington.escience.myria.operator.SamplingDistributionTest]
Executing test testSampleWoRWorkerNegative [edu.washington.escience.myria.operator.SamplingDistributionTest]
Executing test testSampleWRPctFifty [edu.washington.escience.myria.operator.SamplingDistributionTest]
Executing test testSampleWRPctZero [edu.washington.escience.myria.operator.SamplingDistributionTest]
Executing test testSampleWoRPctMax [edu.washington.escience.myria.operator.SamplingDistributionTest]
Executing test testSampleWRSizeAllButOne [edu.washington.escience.myria.operator.SamplingDistributionTest]
Executing test testSampleWRSizeNegative [edu.washington.escience.myria.operator.SamplingDistributionTest]
Executing test testSampleWoRSizeMax [edu.washington.escience.myria.operator.SamplingDistributionTest]
Executing test testSampleWoRSizeOne [edu.washington.escience.myria.operator.SamplingDistributionTest]
Executing test testSampleWoRSizeTooMany [edu.washington.escience.myria.operator.SamplingDistributionTest]
Executing test testSampleWoRSizeZero [edu.washington.escience.myria.operator.SamplingDistributionTest]
Executing test testSampleWoRSizeFifty [edu.washington.escience.myria.operator.SamplingDistributionTest]
Executing test testSampleWRSizeTooMany [edu.washington.escience.myria.operator.SamplingDistributionTest]
Executing test testSampleWoRPctNegative [edu.washington.escience.myria.operator.SamplingDistributionTest]
Executing test testSampleWRPctMax [edu.washington.escience.myria.operator.SamplingDistributionTest]
Executing test testSampleWRSizeFifty [edu.washington.escience.myria.operator.SamplingDistributionTest]
Executing test testSampleWRSizeZero [edu.washington.escience.myria.operator.SamplingDistributionTest]
Executing test testSampleWRPctTooMany [edu.washington.escience.myria.operator.SamplingDistributionTest]
Executing test testSampleWoRPctZero [edu.washington.escience.myria.operator.SamplingDistributionTest]
Executing test testSampleWRPctNegative [edu.washington.escience.myria.operator.SamplingDistributionTest]
Executing test testSampleWRWorkerNegative [edu.washington.escience.myria.operator.SamplingDistributionTest]
Executing test testSampleWoRPctTooMany [edu.washington.escience.myria.operator.SamplingDistributionTest]
Executing test test [edu.washington.escience.myria.operator.SeaFlowFileScanTest]
Executing test test [edu.washington.escience.myria.operator.SingletonRelationTest]
Executing test testGeneratedSplitsSingleColumn [edu.washington.escience.myria.operator.SplitTest]
Executing test testGeneratedSplits [edu.washington.escience.myria.operator.SplitTest]
Executing test testSplitColumnInvalidType [edu.washington.escience.myria.operator.SplitTest]
Executing test testInvalidRegex [edu.washington.escience.myria.operator.SplitTest]
Executing test testAllBatchesReturned [edu.washington.escience.myria.operator.SplitTest]
Executing test testSingleGroupKeySingleColumnAvg [edu.washington.escience.myria.operator.StreamingAggTest]
Executing test testSingleGroupKeySingleColumnMax [edu.washington.escience.myria.operator.StreamingAggTest]
Executing test testSingleGroupKeySingleColumnMin [edu.washington.escience.myria.operator.StreamingAggTest]
Executing test testSingleGroupKeySingleColumnSum [edu.washington.escience.myria.operator.StreamingAggTest]
Executing test testSingleGroupKeySingleColumnCount [edu.washington.escience.myria.operator.StreamingAggTest]
Executing test testSingleGroupKeySingleColumnStdev [edu.washington.escience.myria.operator.StreamingAggTest]
Executing test testMultiGroupAllAggLargeInput [edu.washington.escience.myria.operator.StreamingAggTest]
Executing test testMultiBatchResult [edu.washington.escience.myria.operator.StreamingAggTest]
Executing test testSingleGroupKeyMultiColumnAllAgg [edu.washington.escience.myria.operator.StreamingAggTest]
Executing test testMultiGroupSingleColumnAvg [edu.washington.escience.myria.operator.StreamingAggTest]
Executing test testMultiGroupSingleColumnMax [edu.washington.escience.myria.operator.StreamingAggTest]
Executing test testMultiGroupSingleColumnMin [edu.washington.escience.myria.operator.StreamingAggTest]
Executing test testMultiGroupSingleColumnSum [edu.washington.escience.myria.operator.StreamingAggTest]
Executing test testSingleGroupAllAggLargeInput [edu.washington.escience.myria.operator.StreamingAggTest]
Executing test testMultiGroupSingleColumnCount [edu.washington.escience.myria.operator.StreamingAggTest]
Executing test testMultiGroupSingleColumnStdev [edu.washington.escience.myria.operator.StreamingAggTest]
Executing test testMultiGroupMultiColumn [edu.washington.escience.myria.operator.StreamingAggTest]
Executing test testSymmetricHashCountingJoin [edu.washington.escience.myria.operator.SymmetricHashCountingJoinTest]
Executing test testIncompatibleJoinKeys [edu.washington.escience.myria.operator.SymmetricHashCountingJoinTest]
Executing test testSymmetricHashJoin [edu.washington.escience.myria.operator.SymmetricHashJoinTest]
Executing test testIncompatibleJoinKeys [edu.washington.escience.myria.operator.SymmetricHashJoinTest]
Executing test test [edu.washington.escience.myria.operator.TestCounter]
Executing test testSimpleBigEndian [edu.washington.escience.myria.operator.TipsyFileScanTest]
Executing test testSimpleBigEndianDark [edu.washington.escience.myria.operator.TipsyFileScanTest]
Executing test testSimpleBigEndianStar [edu.washington.escience.myria.operator.TipsyFileScanTest]
Executing test testRelativeFileUrl [edu.washington.escience.myria.operator.TipsyFileScanTest]

edu.washington.escience.myria.operator.TipsyFileScanTest > testRelativeFileUrl FAILED
    edu.washington.escience.myria.DbException: java.io.FileNotFoundException: file:./testdata/tipsyfilescan/iOrder3.iord (No such file or directory)
        at edu.washington.escience.myria.operator.TipsyFileScan.openFileInputStream(TipsyFileScan.java:348)
        at edu.washington.escience.myria.operator.TipsyFileScan.openFileOrUrlInputStream(TipsyFileScan.java:335)
        at edu.washington.escience.myria.operator.TipsyFileScan.init(TipsyFileScan.java:123)
        at edu.washington.escience.myria.operator.Operator.open(Operator.java:403)
        at edu.washington.escience.myria.operator.Operator.open(Operator.java:393)
        at edu.washington.escience.myria.operator.TipsyFileScanTest.getRowCount(TipsyFileScanTest.java:36)
        at edu.washington.escience.myria.operator.TipsyFileScanTest.testRelativeFileUrl(TipsyFileScanTest.java:108)

        Caused by:
        java.io.FileNotFoundException: file:./testdata/tipsyfilescan/iOrder3.iord (No such file or directory)
            at java.io.FileInputStream.open(Native Method)
            at java.io.FileInputStream.<init>(FileInputStream.java:138)
            at java.io.FileInputStream.<init>(FileInputStream.java:93)
            at edu.washington.escience.myria.operator.TipsyFileScan.openFileInputStream(TipsyFileScan.java:346)
            ... 6 more
Executing test testSimpleBigEndianGas [edu.washington.escience.myria.operator.TipsyFileScanTest]
Executing test testUnionAllVaryingSchemas [edu.washington.escience.myria.operator.UnionAllTest]
Executing test testUnionAllCount [edu.washington.escience.myria.operator.UnionAllTest]
Executing test testUnionAllCorrectTuples [edu.washington.escience.myria.operator.UnionAllTest]
Executing test testUnionIncompatibleSchemas [edu.washington.escience.myria.operator.UnionAllTest]
Executing test testUnionAllConstructorWithNull [edu.washington.escience.myria.operator.UnionAllTest]
Executing test testCount [edu.washington.escience.myria.operator.UserDefinedAggregatorTest]
Executing test testCountAndConst [edu.washington.escience.myria.operator.UserDefinedAggregatorTest]
Executing test testRowOfMax [edu.washington.escience.myria.operator.UserDefinedAggregatorTest]
Executing test testJsonMapping [edu.washington.escience.myria.operator.apply.ApplySerializationTest]
Executing test testApply [edu.washington.escience.myria.operator.apply.ApplyTest]
Executing test conditionalMismatchedTypes [edu.washington.escience.myria.operator.apply.ApplyTest]
Executing test moduloNeedsIntegers [edu.washington.escience.myria.operator.apply.ApplyTest]
Executing test testComparisonApply [edu.washington.escience.myria.operator.apply.ApplyTest]
Executing test testStringComparisonApply [edu.washington.escience.myria.operator.apply.ApplyTest]
Executing test conditionalNeedsBooleancondition [edu.washington.escience.myria.operator.apply.ApplyTest]
Executing test testFloatToDouble [edu.washington.escience.myria.operator.apply.CastTest]
Executing test testIntToDouble [edu.washington.escience.myria.operator.apply.CastTest]
Executing test testSelfCastInt [edu.washington.escience.myria.operator.apply.CastTest]
Executing test testFloatToInt [edu.washington.escience.myria.operator.apply.CastTest]
Executing test testSelfCastLong [edu.washington.escience.myria.operator.apply.CastTest]
Executing test testStringToIntFormatError [edu.washington.escience.myria.operator.apply.CastTest]
Executing test testDoubleToLongUnderflow [edu.washington.escience.myria.operator.apply.CastTest]
Executing test testStringToFloatFormatError [edu.washington.escience.myria.operator.apply.CastTest]
Executing test testSelfCastBoolean [edu.washington.escience.myria.operator.apply.CastTest]
Executing test testDoubleToIntOverflow [edu.washington.escience.myria.operator.apply.CastTest]
Executing test testToString [edu.washington.escience.myria.operator.apply.CastTest]
Executing test testFloatToLongUnderflow [edu.washington.escience.myria.operator.apply.CastTest]
Executing test testDoubleToLongOverflow [edu.washington.escience.myria.operator.apply.CastTest]
Executing test testFloatToLongOverflow [edu.washington.escience.myria.operator.apply.CastTest]
Executing test testStringToNumeric [edu.washington.escience.myria.operator.apply.CastTest]
Executing test testIntToFloat [edu.washington.escience.myria.operator.apply.CastTest]
Executing test unsupportedCast [edu.washington.escience.myria.operator.apply.CastTest]
Executing test testStringToDoubleFormatError [edu.washington.escience.myria.operator.apply.CastTest]
Executing test testSelfCastDouble [edu.washington.escience.myria.operator.apply.CastTest]
Executing test testLongToIntOverflow [edu.washington.escience.myria.operator.apply.CastTest]
Executing test testDoubleToFloat [edu.washington.escience.myria.operator.apply.CastTest]
Executing test testLongToDouble [edu.washington.escience.myria.operator.apply.CastTest]
Executing test testSelfCastString [edu.washington.escience.myria.operator.apply.CastTest]
Executing test testLongToInt [edu.washington.escience.myria.operator.apply.CastTest]
Executing test testLongToFloat [edu.washington.escience.myria.operator.apply.CastTest]
Executing test testLongToIntUnderflow [edu.washington.escience.myria.operator.apply.CastTest]
Executing test testDoubleToIntUnderflow [edu.washington.escience.myria.operator.apply.CastTest]
Executing test supportedNoopCast [edu.washington.escience.myria.operator.apply.CastTest]
Executing test testDoubleToInt [edu.washington.escience.myria.operator.apply.CastTest]
Executing test testSelfCastFloat [edu.washington.escience.myria.operator.apply.CastTest]
Executing test testFloatToIntOverflow [edu.washington.escience.myria.operator.apply.CastTest]
Executing test testOverflowLongDiff [edu.washington.escience.myria.operator.apply.ExpressionTest]
Executing test testOverflowLongProd [edu.washington.escience.myria.operator.apply.ExpressionTest]
Executing test testUnderflowIntSum [edu.washington.escience.myria.operator.apply.ExpressionTest]
Executing test testUnderflowLongSum [edu.washington.escience.myria.operator.apply.ExpressionTest]
Executing test testIntDivideWithDoublesOverflow [edu.washington.escience.myria.operator.apply.ExpressionTest]
Executing test testLongString [edu.washington.escience.myria.operator.apply.ExpressionTest]
Executing test testModuloWithFloats [edu.washington.escience.myria.operator.apply.ExpressionTest]
Executing test testIntDivideWithDoublesNotOverflow [edu.washington.escience.myria.operator.apply.ExpressionTest]
Executing test testIntDivideWithDoublesOverflow2 [edu.washington.escience.myria.operator.apply.ExpressionTest]
Executing test testModuloWithDoubles [edu.washington.escience.myria.operator.apply.ExpressionTest]
Executing test testIntDivideWithLongs [edu.washington.escience.myria.operator.apply.ExpressionTest]
Executing test testUnderflowLongDiff [edu.washington.escience.myria.operator.apply.ExpressionTest]
Executing test testOverflowIntSum [edu.washington.escience.myria.operator.apply.ExpressionTest]
Executing test testOverflowLongSum [edu.washington.escience.myria.operator.apply.ExpressionTest]
Executing test testUnderflowIntDiff [edu.washington.escience.myria.operator.apply.ExpressionTest]
Executing test testIntString [edu.washington.escience.myria.operator.apply.ExpressionTest]
Executing test testOverflowIntProd2 [edu.washington.escience.myria.operator.apply.ExpressionTest]
Executing test testModuloWithLongs [edu.washington.escience.myria.operator.apply.ExpressionTest]
Executing test testIntDivideWithDoubles [edu.washington.escience.myria.operator.apply.ExpressionTest]
Executing test testIntDivideWithFloats [edu.washington.escience.myria.operator.apply.ExpressionTest]
Executing test testOverflowLongProd2 [edu.washington.escience.myria.operator.apply.ExpressionTest]
Executing test testIntDivideWithInts [edu.washington.escience.myria.operator.apply.ExpressionTest]
Executing test testOverflowIntDiff [edu.washington.escience.myria.operator.apply.ExpressionTest]
Executing test testOverflowIntProd [edu.washington.escience.myria.operator.apply.ExpressionTest]
Executing test testFloatString [edu.washington.escience.myria.operator.apply.ExpressionTest]
Executing test testDoubleString [edu.washington.escience.myria.operator.apply.ExpressionTest]
Executing test testModuloWithInts [edu.washington.escience.myria.operator.apply.ExpressionTest]
Executing test testStatefulApplyRange [edu.washington.escience.myria.operator.apply.StatefulApplyTest]
Executing test testCounterOnSingleton [edu.washington.escience.myria.operator.apply.StatefulApplyTest]
Executing test testBug547UpdateNotNeedsCompile [edu.washington.escience.myria.operator.apply.StatefulApplyTest]
Executing test testStatefulApplyRunningMean [edu.washington.escience.myria.operator.apply.StatefulApplyTest]
Executing test testEnsureObjectIsNullType [edu.washington.escience.myria.util.MyriaUtilsTest]
Executing test testEnsureObjectIsInvalidType [edu.washington.escience.myria.util.MyriaUtilsTest]
Executing test testEnsureObjectIsValidType [edu.washington.escience.myria.util.MyriaUtilsTest]

319 tests completed, 1 failed
:test FAILED

FAILURE: Build failed with an exception.

* What went wrong:
Execution failed for task ':test'.
> There were failing tests. See the report at: file:///home/travis/build/uwescience/myria/build/reports/test/index.html

* Try:
Run with --stacktrace option to get the stack trace. Run with --info or --debug option to get more log output.

BUILD FAILED

Total time: 1 mins 9.463 secs

travis_time:end:34938a94:start=1460413835885846861,finish=1460413905793852423,duration=69908005562[0K
[31;1mThe command "./gradlew check" exited with 1.[0m
travis_fold:start:cache.2[0Kstore build cache
travis_time:start:1448ff1c[0K
travis_time:end:1448ff1c:start=1460413905798513387,finish=1460413905802205803,duration=3692416[0Ktravis_time:start:0520889c[0K[32;1mchange detected:
/home/travis/.gradle/caches/modules-2/modules-2.lock

[0m
[32;1mchanges detected, packing new archive[0m
.
.
.
.
.
[32;1muploading archive[0m

travis_time:end:0520889c:start=1460413905806548120,finish=1460413950036665932,duration=44230117812[0Ktravis_fold:end:cache.2[0K
Done. Your build exited with 1.
