Using worker: worker-linux-docker-1a4d92e2.prod.travis-ci.org:travis-linux-2

travis_fold:start:system_info[0K[33;1mBuild system information[0m
Build language: python
Build group: stable
Build dist: precise
[34m[1mBuild image provisioning date and time[0m
Thu Feb  5 15:09:33 UTC 2015
[34m[1mOperating System Details[0m
Distributor ID:	Ubuntu
Description:	Ubuntu 12.04.5 LTS
Release:	12.04
Codename:	precise
[34m[1mLinux Version[0m
3.13.0-29-generic
[34m[1mCookbooks Version[0m
a68419e https://github.com/travis-ci/travis-cookbooks/tree/a68419e
[34m[1mGCC version[0m
gcc (Ubuntu/Linaro 4.6.3-1ubuntu5) 4.6.3
Copyright (C) 2011 Free Software Foundation, Inc.
This is free software; see the source for copying conditions.  There is NO
warranty; not even for MERCHANTABILITY or FITNESS FOR A PARTICULAR PURPOSE.

[34m[1mLLVM version[0m
clang version 3.4 (tags/RELEASE_34/final)
Target: x86_64-unknown-linux-gnu
Thread model: posix
[34m[1mPre-installed Ruby versions[0m
ruby-1.9.3-p551
[34m[1mPre-installed Node.js versions[0m
v0.10.36
[34m[1mPre-installed Go versions[0m
1.4.1
[34m[1mRedis version[0m
redis-server 2.8.19
[34m[1mriak version[0m
2.0.2
[34m[1mMongoDB version[0m
MongoDB 2.4.12
[34m[1mCouchDB version[0m
couchdb 1.6.1
[34m[1mNeo4j version[0m
1.9.4
[34m[1mRabbitMQ Version[0m
3.4.3
[34m[1mElasticSearch version[0m
1.4.0
[34m[1mInstalled Sphinx versions[0m
2.0.10
2.1.9
2.2.6
[34m[1mDefault Sphinx version[0m
2.2.6
[34m[1mInstalled Firefox version[0m
firefox 31.0esr
[34m[1mPhantomJS version[0m
1.9.8
[34m[1mant -version[0m
Apache Ant(TM) version 1.8.2 compiled on December 3 2011
[34m[1mmvn -version[0m
Apache Maven 3.2.5 (12a6b3acb947671f09b81f49094c53f426d8cea1; 2014-12-14T17:29:23+00:00)
Maven home: /usr/local/maven
Java version: 1.7.0_76, vendor: Oracle Corporation
Java home: /usr/lib/jvm/java-7-oracle/jre
Default locale: en_US, platform encoding: ANSI_X3.4-1968
OS name: "linux", version: "3.13.0-29-generic", arch: "amd64", family: "unix"
travis_fold:end:system_info[0K
travis_fold:start:fix.CVE-2015-7547[0K$ export DEBIAN_FRONTEND=noninteractive
W: Size of file /var/lib/apt/lists/us.archive.ubuntu.com_ubuntu_dists_precise-backports_multiverse_source_Sources.gz is not what the server reported 5886 5888
W: Size of file /var/lib/apt/lists/ppa.launchpad.net_ubuntugis_ppa_ubuntu_dists_precise_main_binary-amd64_Packages.gz is not what the server reported 36669 36677
W: Size of file /var/lib/apt/lists/ppa.launchpad.net_ubuntugis_ppa_ubuntu_dists_precise_main_binary-i386_Packages.gz is not what the server reported 36729 36733
Reading package lists...
Building dependency tree...
Reading state information...
The following extra packages will be installed:
  libc-bin libc-dev-bin libc6-dev
Suggested packages:
  glibc-doc
The following packages will be upgraded:
  libc-bin libc-dev-bin libc6 libc6-dev
4 upgraded, 0 newly installed, 0 to remove and 234 not upgraded.
Need to get 8,840 kB of archives.
After this operation, 14.3 kB disk space will be freed.
Get:1 http://us.archive.ubuntu.com/ubuntu/ precise-updates/main libc6-dev amd64 2.15-0ubuntu10.15 [2,943 kB]
Get:2 http://us.archive.ubuntu.com/ubuntu/ precise-updates/main libc-dev-bin amd64 2.15-0ubuntu10.15 [84.7 kB]
Get:3 http://us.archive.ubuntu.com/ubuntu/ precise-updates/main libc-bin amd64 2.15-0ubuntu10.15 [1,177 kB]
Get:4 http://us.archive.ubuntu.com/ubuntu/ precise-updates/main libc6 amd64 2.15-0ubuntu10.15 [4,636 kB]
Fetched 8,840 kB in 0s (14.9 MB/s)
Preconfiguring packages ...
(Reading database ... (Reading database ... 5%(Reading database ... 10%(Reading database ... 15%(Reading database ... 20%(Reading database ... 25%(Reading database ... 30%(Reading database ... 35%(Reading database ... 40%(Reading database ... 45%(Reading database ... 50%(Reading database ... 55%(Reading database ... 60%(Reading database ... 65%(Reading database ... 70%(Reading database ... 75%(Reading database ... 80%(Reading database ... 85%(Reading database ... 90%(Reading database ... 95%(Reading database ... 100%(Reading database ... 72431 files and directories currently installed.)
Preparing to replace libc6-dev 2.15-0ubuntu10.10 (using .../libc6-dev_2.15-0ubuntu10.15_amd64.deb) ...
Unpacking replacement libc6-dev ...
Preparing to replace libc-dev-bin 2.15-0ubuntu10.10 (using .../libc-dev-bin_2.15-0ubuntu10.15_amd64.deb) ...
Unpacking replacement libc-dev-bin ...
Preparing to replace libc-bin 2.15-0ubuntu10.10 (using .../libc-bin_2.15-0ubuntu10.15_amd64.deb) ...
Unpacking replacement libc-bin ...
Processing triggers for man-db ...
Setting up libc-bin (2.15-0ubuntu10.15) ...
(Reading database ... (Reading database ... 5%(Reading database ... 10%(Reading database ... 15%(Reading database ... 20%(Reading database ... 25%(Reading database ... 30%(Reading database ... 35%(Reading database ... 40%(Reading database ... 45%(Reading database ... 50%(Reading database ... 55%(Reading database ... 60%(Reading database ... 65%(Reading database ... 70%(Reading database ... 75%(Reading database ... 80%(Reading database ... 85%(Reading database ... 90%(Reading database ... 95%(Reading database ... 100%(Reading database ... 72430 files and directories currently installed.)
Preparing to replace libc6 2.15-0ubuntu10.10 (using .../libc6_2.15-0ubuntu10.15_amd64.deb) ...
Unpacking replacement libc6 ...
Setting up libc6 (2.15-0ubuntu10.15) ...
Setting up libc-dev-bin (2.15-0ubuntu10.15) ...
Setting up libc6-dev (2.15-0ubuntu10.15) ...
Processing triggers for libc-bin ...
ldconfig deferred processing now taking place
travis_fold:end:fix.CVE-2015-7547[0Ktravis_fold:start:git.checkout[0Ktravis_time:start:05189c70[0K$ git clone --depth=50 --branch=1.17 https://github.com/paramiko/paramiko.git paramiko/paramiko
Cloning into 'paramiko/paramiko'...
remote: Counting objects: 1628, done.[K
remote: Compressing objects:   0% (1/881)   [Kremote: Compressing objects:   1% (9/881)   [Kremote: Compressing objects:   2% (18/881)   [Kremote: Compressing objects:   3% (27/881)   [Kremote: Compressing objects:   4% (36/881)   [Kremote: Compressing objects:   5% (45/881)   [Kremote: Compressing objects:   6% (53/881)   [Kremote: Compressing objects:   7% (62/881)   [Kremote: Compressing objects:   8% (71/881)   [Kremote: Compressing objects:   9% (80/881)   [Kremote: Compressing objects:  10% (89/881)   [Kremote: Compressing objects:  11% (97/881)   [Kremote: Compressing objects:  12% (106/881)   [Kremote: Compressing objects:  13% (115/881)   [Kremote: Compressing objects:  14% (124/881)   [Kremote: Compressing objects:  15% (133/881)   [Kremote: Compressing objects:  16% (141/881)   [Kremote: Compressing objects:  17% (150/881)   [Kremote: Compressing objects:  18% (159/881)   [Kremote: Compressing objects:  19% (168/881)   [Kremote: Compressing objects:  20% (177/881)   [Kremote: Compressing objects:  21% (186/881)   [Kremote: Compressing objects:  22% (194/881)   [Kremote: Compressing objects:  23% (203/881)   [Kremote: Compressing objects:  24% (212/881)   [Kremote: Compressing objects:  25% (221/881)   [Kremote: Compressing objects:  26% (230/881)   [Kremote: Compressing objects:  27% (238/881)   [Kremote: Compressing objects:  28% (247/881)   [Kremote: Compressing objects:  29% (256/881)   [Kremote: Compressing objects:  30% (265/881)   [Kremote: Compressing objects:  31% (274/881)   [Kremote: Compressing objects:  32% (282/881)   [Kremote: Compressing objects:  33% (291/881)   [Kremote: Compressing objects:  34% (300/881)   [Kremote: Compressing objects:  35% (309/881)   [Kremote: Compressing objects:  36% (318/881)   [Kremote: Compressing objects:  37% (326/881)   [Kremote: Compressing objects:  38% (335/881)   [Kremote: Compressing objects:  39% (344/881)   [Kremote: Compressing objects:  40% (353/881)   [Kremote: Compressing objects:  41% (362/881)   [Kremote: Compressing objects:  42% (371/881)   [Kremote: Compressing objects:  43% (379/881)   [Kremote: Compressing objects:  44% (388/881)   [Kremote: Compressing objects:  45% (397/881)   [Kremote: Compressing objects:  46% (406/881)   [Kremote: Compressing objects:  47% (415/881)   [Kremote: Compressing objects:  48% (423/881)   [Kremote: Compressing objects:  49% (432/881)   [Kremote: Compressing objects:  50% (441/881)   [Kremote: Compressing objects:  51% (450/881)   [Kremote: Compressing objects:  52% (459/881)   [Kremote: Compressing objects:  53% (467/881)   [Kremote: Compressing objects:  54% (476/881)   [Kremote: Compressing objects:  55% (485/881)   [Kremote: Compressing objects:  56% (494/881)   [Kremote: Compressing objects:  57% (503/881)   [Kremote: Compressing objects:  58% (511/881)   [Kremote: Compressing objects:  59% (520/881)   [Kremote: Compressing objects:  60% (529/881)   [Kremote: Compressing objects:  61% (538/881)   [Kremote: Compressing objects:  62% (547/881)   [Kremote: Compressing objects:  63% (556/881)   [Kremote: Compressing objects:  64% (564/881)   [Kremote: Compressing objects:  65% (573/881)   [Kremote: Compressing objects:  66% (582/881)   [Kremote: Compressing objects:  67% (591/881)   [Kremote: Compressing objects:  68% (600/881)   [Kremote: Compressing objects:  69% (608/881)   [Kremote: Compressing objects:  70% (617/881)   [Kremote: Compressing objects:  71% (626/881)   [Kremote: Compressing objects:  72% (635/881)   [Kremote: Compressing objects:  73% (644/881)   [Kremote: Compressing objects:  74% (652/881)   [Kremote: Compressing objects:  75% (661/881)   [Kremote: Compressing objects:  76% (670/881)   [Kremote: Compressing objects:  77% (679/881)   [Kremote: Compressing objects:  78% (688/881)   [Kremote: Compressing objects:  79% (696/881)   [Kremote: Compressing objects:  80% (705/881)   [Kremote: Compressing objects:  81% (714/881)   [Kremote: Compressing objects:  82% (723/881)   [Kremote: Compressing objects:  83% (732/881)   [Kremote: Compressing objects:  84% (741/881)   [Kremote: Compressing objects:  85% (749/881)   [Kremote: Compressing objects:  86% (758/881)   [Kremote: Compressing objects:  87% (767/881)   [Kremote: Compressing objects:  88% (776/881)   [Kremote: Compressing objects:  89% (785/881)   [Kremote: Compressing objects:  90% (793/881)   [Kremote: Compressing objects:  91% (802/881)   [Kremote: Compressing objects:  92% (811/881)   [Kremote: Compressing objects:  93% (820/881)   [Kremote: Compressing objects:  94% (829/881)   [Kremote: Compressing objects:  95% (837/881)   [Kremote: Compressing objects:  96% (846/881)   [Kremote: Compressing objects:  97% (855/881)   [Kremote: Compressing objects:  98% (864/881)   [Kremote: Compressing objects:  99% (873/881)   [Kremote: Compressing objects: 100% (881/881)   [Kremote: Compressing objects: 100% (881/881), done.[K
Receiving objects:   0% (1/1628)   Receiving objects:   1% (17/1628)   Receiving objects:   2% (33/1628)   Receiving objects:   3% (49/1628)   Receiving objects:   4% (66/1628)   Receiving objects:   5% (82/1628)   Receiving objects:   6% (98/1628)   Receiving objects:   7% (114/1628)   Receiving objects:   8% (131/1628)   Receiving objects:   9% (147/1628)   Receiving objects:  10% (163/1628)   Receiving objects:  11% (180/1628)   Receiving objects:  12% (196/1628)   Receiving objects:  13% (212/1628)   Receiving objects:  14% (228/1628)   Receiving objects:  15% (245/1628)   Receiving objects:  16% (261/1628)   Receiving objects:  17% (277/1628)   Receiving objects:  18% (294/1628)   Receiving objects:  19% (310/1628)   Receiving objects:  20% (326/1628)   Receiving objects:  21% (342/1628)   Receiving objects:  22% (359/1628)   Receiving objects:  23% (375/1628)   Receiving objects:  24% (391/1628)   Receiving objects:  25% (407/1628)   Receiving objects:  26% (424/1628)   Receiving objects:  27% (440/1628)   Receiving objects:  28% (456/1628)   Receiving objects:  29% (473/1628)   Receiving objects:  30% (489/1628)   Receiving objects:  31% (505/1628)   Receiving objects:  32% (521/1628)   Receiving objects:  33% (538/1628)   Receiving objects:  34% (554/1628)   Receiving objects:  35% (570/1628)   Receiving objects:  36% (587/1628)   Receiving objects:  37% (603/1628)   Receiving objects:  38% (619/1628)   Receiving objects:  39% (635/1628)   Receiving objects:  40% (652/1628)   Receiving objects:  41% (668/1628)   Receiving objects:  42% (684/1628)   Receiving objects:  43% (701/1628)   Receiving objects:  44% (717/1628)   Receiving objects:  45% (733/1628)   Receiving objects:  46% (749/1628)   Receiving objects:  47% (766/1628)   Receiving objects:  48% (782/1628)   Receiving objects:  49% (798/1628)   Receiving objects:  50% (814/1628)   Receiving objects:  51% (831/1628)   Receiving objects:  52% (847/1628)   Receiving objects:  53% (863/1628)   Receiving objects:  54% (880/1628)   Receiving objects:  55% (896/1628)   Receiving objects:  56% (912/1628)   Receiving objects:  57% (928/1628)   Receiving objects:  58% (945/1628)   Receiving objects:  59% (961/1628)   Receiving objects:  60% (977/1628)   Receiving objects:  61% (994/1628)   Receiving objects:  62% (1010/1628)   Receiving objects:  63% (1026/1628)   Receiving objects:  64% (1042/1628)   Receiving objects:  65% (1059/1628)   Receiving objects:  66% (1075/1628)   Receiving objects:  67% (1091/1628)   Receiving objects:  68% (1108/1628)   Receiving objects:  69% (1124/1628)   Receiving objects:  70% (1140/1628)   Receiving objects:  71% (1156/1628)   Receiving objects:  72% (1173/1628)   Receiving objects:  73% (1189/1628)   Receiving objects:  74% (1205/1628)   Receiving objects:  75% (1221/1628)   Receiving objects:  76% (1238/1628)   Receiving objects:  77% (1254/1628)   Receiving objects:  78% (1270/1628)   Receiving objects:  79% (1287/1628)   Receiving objects:  80% (1303/1628)   Receiving objects:  81% (1319/1628)   Receiving objects:  82% (1335/1628)   Receiving objects:  83% (1352/1628)   Receiving objects:  84% (1368/1628)   Receiving objects:  85% (1384/1628)   Receiving objects:  86% (1401/1628)   Receiving objects:  87% (1417/1628)   Receiving objects:  88% (1433/1628)   Receiving objects:  89% (1449/1628)   Receiving objects:  90% (1466/1628)   Receiving objects:  91% (1482/1628)   Receiving objects:  92% (1498/1628)   Receiving objects:  93% (1515/1628)   Receiving objects:  94% (1531/1628)   Receiving objects:  95% (1547/1628)   Receiving objects:  96% (1563/1628)   Receiving objects:  97% (1580/1628)   Receiving objects:  98% (1596/1628)   remote: Total 1628 (delta 1153), reused 1138 (delta 743), pack-reused 0[K
Receiving objects:  99% (1612/1628)   Receiving objects: 100% (1628/1628)   Receiving objects: 100% (1628/1628), 576.28 KiB | 0 bytes/s, done.
Resolving deltas:   0% (0/1153)   Resolving deltas:   1% (12/1153)   Resolving deltas:   7% (83/1153)   Resolving deltas:  12% (140/1153)   Resolving deltas:  20% (240/1153)   Resolving deltas:  21% (244/1153)   Resolving deltas:  30% (350/1153)   Resolving deltas:  31% (367/1153)   Resolving deltas:  32% (375/1153)   Resolving deltas:  33% (388/1153)   Resolving deltas:  36% (425/1153)   Resolving deltas:  39% (455/1153)   Resolving deltas:  40% (462/1153)   Resolving deltas:  41% (475/1153)   Resolving deltas:  44% (517/1153)   Resolving deltas:  45% (529/1153)   Resolving deltas:  47% (551/1153)   Resolving deltas:  50% (583/1153)   Resolving deltas:  53% (615/1153)   Resolving deltas:  54% (627/1153)   Resolving deltas:  59% (681/1153)   Resolving deltas:  60% (692/1153)   Resolving deltas:  61% (705/1153)   Resolving deltas:  62% (718/1153)   Resolving deltas:  63% (727/1153)   Resolving deltas:  64% (742/1153)   Resolving deltas:  65% (753/1153)   Resolving deltas:  66% (764/1153)   Resolving deltas:  67% (778/1153)   Resolving deltas:  68% (791/1153)   Resolving deltas:  69% (798/1153)   Resolving deltas:  70% (809/1153)   Resolving deltas:  71% (825/1153)   Resolving deltas:  72% (832/1153)   Resolving deltas:  73% (843/1153)   Resolving deltas:  75% (867/1153)   Resolving deltas:  77% (890/1153)   Resolving deltas:  78% (904/1153)   Resolving deltas:  79% (913/1153)   Resolving deltas:  82% (948/1153)   Resolving deltas:  83% (959/1153)   Resolving deltas:  84% (969/1153)   Resolving deltas:  85% (982/1153)   Resolving deltas:  86% (995/1153)   Resolving deltas:  87% (1004/1153)   Resolving deltas:  88% (1018/1153)   Resolving deltas:  89% (1031/1153)   Resolving deltas:  90% (1045/1153)   Resolving deltas:  91% (1051/1153)   Resolving deltas:  92% (1061/1153)   Resolving deltas: 100% (1153/1153)   Resolving deltas: 100% (1153/1153), done.
Checking connectivity... done.

travis_time:end:05189c70:start=1465712984339438223,finish=1465712985311907453,duration=972469230[0K$ cd paramiko/paramiko
$ git checkout -qf cd64b7f78dca28ac771a8cf5b3a0cbfec51e1d09
travis_fold:end:git.checkout[0K
[33;1mThis job is running on container-based infrastructure, which does not allow use of 'sudo', setuid and setguid executables.[0m
[33;1mIf you require sudo, add 'sudo: required' to your .travis.yml[0m
[33;1mSee https://docs.travis-ci.com/user/workers/container-based-infrastructure/ for details.[0m
travis_time:start:0cb5aac0[0K$ source ~/virtualenv/python2.7/bin/activate

travis_time:end:0cb5aac0:start=1465712990435450342,finish=1465712990438894497,duration=3444155[0Ktravis_fold:start:cache.1[0KSetting up build cache
$ export CASHER_DIR=$HOME/.casher
travis_time:start:0efbd606[0K$ Installing caching utilities

travis_time:end:0efbd606:start=1465712990626293537,finish=1465712990677745677,duration=51452140[0Ktravis_time:start:38106066[0K
travis_time:end:38106066:start=1465712990682136904,finish=1465712990685234378,duration=3097474[0Ktravis_time:start:0e62a250[0K[32;1mattempting to download cache archive[0m
[32;1mfetching 1.17/cache-linux-precise-e3b0c44298fc1c149afbf4c8996fb92427ae41e4649b934ca495991b7852b855--python-2.7.tgz[0m
[32;1mfound cache[0m

travis_time:end:0e62a250:start=1465712990688787650,finish=1465712991430568462,duration=741780812[0Ktravis_time:start:063dbe24[0K
travis_time:end:063dbe24:start=1465712991434023630,finish=1465712991437108366,duration=3084736[0Ktravis_time:start:029773a0[0K[32;1madding /home/travis/.cache/pip to cache[0m

travis_time:end:029773a0:start=1465712991440634354,finish=1465712992762551576,duration=1321917222[0Ktravis_fold:end:cache.1[0K$ python --version
Python 2.7.9
$ pip --version
pip 6.0.7 from /home/travis/virtualenv/python2.7.9/lib/python2.7/site-packages (python 2.7)
travis_fold:start:install.1[0Ktravis_time:start:054b88cc[0K$ pip install -e .
Obtaining file:///home/travis/build/paramiko/paramiko
Collecting pycrypto!=2.4,<3.0,>=2.1 (from paramiko==1.17.0)
  Using cached pycrypto-2.6.1.tar.gz
Collecting ecdsa<2.0,>=0.11 (from paramiko==1.17.0)
  Using cached ecdsa-0.13-py2.py3-none-any.whl
Installing collected packages: paramiko, ecdsa, pycrypto
  Running setup.py develop for paramiko
    Creating /home/travis/virtualenv/python2.7.9/lib/python2.7/site-packages/paramiko.egg-link (link to .)
    Adding paramiko 1.17.0 to easy-install.pth file
    Installed /home/travis/build/paramiko/paramiko

  Running setup.py install for pycrypto
    checking for gcc... gcc
    checking whether the C compiler works... yes
    checking for C compiler default output file name... a.out
    checking for suffix of executables...
    checking whether we are cross compiling... no
    checking for suffix of object files... o
    checking whether we are using the GNU C compiler... yes
    checking whether gcc accepts -g... yes
    checking for gcc option to accept ISO C89... none needed
    checking for __gmpz_init in -lgmp... no
    checking for __gmpz_init in -lmpir... no
    checking whether mpz_powm is declared... no
    checking whether mpz_powm_sec is declared... no
    checking how to run the C preprocessor... gcc -E
    checking for grep that handles long lines and -e... /bin/grep
    checking for egrep... /bin/grep -E
    checking for ANSI C header files... yes
    checking for sys/types.h... yes
    checking for sys/stat.h... yes
    checking for stdlib.h... yes
    checking for string.h... yes
    checking for memory.h... yes
    checking for strings.h... yes
    checking for inttypes.h... yes
    checking for stdint.h... yes
    checking for unistd.h... yes
    checking for inttypes.h... (cached) yes
    checking limits.h usability... yes
    checking limits.h presence... yes
    checking for limits.h... yes
    checking stddef.h usability... yes
    checking stddef.h presence... yes
    checking for stddef.h... yes
    checking for stdint.h... (cached) yes
    checking for stdlib.h... (cached) yes
    checking for string.h... (cached) yes
    checking wchar.h usability... yes
    checking wchar.h presence... yes
    checking for wchar.h... yes
    checking for inline... inline
    checking for int16_t... yes
    checking for int32_t... yes
    checking for int64_t... yes
    checking for int8_t... yes
    checking for size_t... yes
    checking for uint16_t... yes
    checking for uint32_t... yes
    checking for uint64_t... yes
    checking for uint8_t... yes
    checking for stdlib.h... (cached) yes
    checking for GNU libc compatible malloc... yes
    checking for memmove... yes
    checking for memset... yes
    configure: creating ./config.status
    config.status: creating src/config.h
    warning: GMP or MPIR library not found; Not building Crypto.PublicKey._fastmath.
    building 'Crypto.Hash._MD2' extension
    gcc -pthread -fno-strict-aliasing -fstack-protector --param=ssp-buffer-size=4 -Wformat -Werror=format-security -fwrapv -Wall -Wstrict-prototypes -fPIC -std=c99 -O3 -fomit-frame-pointer -Isrc/ -I/opt/python/2.7.9/include/python2.7 -c src/MD2.c -o build/temp.linux-x86_64-2.7/src/MD2.o
    gcc -pthread -shared -L/opt/python/2.7.9/lib -Wl,-rpath=/opt/python/2.7.9/lib build/temp.linux-x86_64-2.7/src/MD2.o -L/opt/python/2.7.9/lib -lpython2.7 -o build/lib.linux-x86_64-2.7/Crypto/Hash/_MD2.so
    building 'Crypto.Hash._MD4' extension
    gcc -pthread -fno-strict-aliasing -fstack-protector --param=ssp-buffer-size=4 -Wformat -Werror=format-security -fwrapv -Wall -Wstrict-prototypes -fPIC -std=c99 -O3 -fomit-frame-pointer -Isrc/ -I/opt/python/2.7.9/include/python2.7 -c src/MD4.c -o build/temp.linux-x86_64-2.7/src/MD4.o
    gcc -pthread -shared -L/opt/python/2.7.9/lib -Wl,-rpath=/opt/python/2.7.9/lib build/temp.linux-x86_64-2.7/src/MD4.o -L/opt/python/2.7.9/lib -lpython2.7 -o build/lib.linux-x86_64-2.7/Crypto/Hash/_MD4.so
    building 'Crypto.Hash._SHA256' extension
    gcc -pthread -fno-strict-aliasing -fstack-protector --param=ssp-buffer-size=4 -Wformat -Werror=format-security -fwrapv -Wall -Wstrict-prototypes -fPIC -std=c99 -O3 -fomit-frame-pointer -Isrc/ -I/opt/python/2.7.9/include/python2.7 -c src/SHA256.c -o build/temp.linux-x86_64-2.7/src/SHA256.o
    gcc -pthread -shared -L/opt/python/2.7.9/lib -Wl,-rpath=/opt/python/2.7.9/lib build/temp.linux-x86_64-2.7/src/SHA256.o -L/opt/python/2.7.9/lib -lpython2.7 -o build/lib.linux-x86_64-2.7/Crypto/Hash/_SHA256.so
    building 'Crypto.Hash._SHA224' extension
    gcc -pthread -fno-strict-aliasing -fstack-protector --param=ssp-buffer-size=4 -Wformat -Werror=format-security -fwrapv -Wall -Wstrict-prototypes -fPIC -std=c99 -O3 -fomit-frame-pointer -Isrc/ -I/opt/python/2.7.9/include/python2.7 -c src/SHA224.c -o build/temp.linux-x86_64-2.7/src/SHA224.o
    gcc -pthread -shared -L/opt/python/2.7.9/lib -Wl,-rpath=/opt/python/2.7.9/lib build/temp.linux-x86_64-2.7/src/SHA224.o -L/opt/python/2.7.9/lib -lpython2.7 -o build/lib.linux-x86_64-2.7/Crypto/Hash/_SHA224.so
    building 'Crypto.Hash._SHA384' extension
    gcc -pthread -fno-strict-aliasing -fstack-protector --param=ssp-buffer-size=4 -Wformat -Werror=format-security -fwrapv -Wall -Wstrict-prototypes -fPIC -std=c99 -O3 -fomit-frame-pointer -Isrc/ -I/opt/python/2.7.9/include/python2.7 -c src/SHA384.c -o build/temp.linux-x86_64-2.7/src/SHA384.o
    gcc -pthread -shared -L/opt/python/2.7.9/lib -Wl,-rpath=/opt/python/2.7.9/lib build/temp.linux-x86_64-2.7/src/SHA384.o -L/opt/python/2.7.9/lib -lpython2.7 -o build/lib.linux-x86_64-2.7/Crypto/Hash/_SHA384.so
    building 'Crypto.Hash._SHA512' extension
    gcc -pthread -fno-strict-aliasing -fstack-protector --param=ssp-buffer-size=4 -Wformat -Werror=format-security -fwrapv -Wall -Wstrict-prototypes -fPIC -std=c99 -O3 -fomit-frame-pointer -Isrc/ -I/opt/python/2.7.9/include/python2.7 -c src/SHA512.c -o build/temp.linux-x86_64-2.7/src/SHA512.o
    gcc -pthread -shared -L/opt/python/2.7.9/lib -Wl,-rpath=/opt/python/2.7.9/lib build/temp.linux-x86_64-2.7/src/SHA512.o -L/opt/python/2.7.9/lib -lpython2.7 -o build/lib.linux-x86_64-2.7/Crypto/Hash/_SHA512.so
    building 'Crypto.Hash._RIPEMD160' extension
    gcc -pthread -fno-strict-aliasing -fstack-protector --param=ssp-buffer-size=4 -Wformat -Werror=format-security -fwrapv -Wall -Wstrict-prototypes -fPIC -std=c99 -O3 -fomit-frame-pointer -DPCT_LITTLE_ENDIAN=1 -Isrc/ -I/opt/python/2.7.9/include/python2.7 -c src/RIPEMD160.c -o build/temp.linux-x86_64-2.7/src/RIPEMD160.o
    gcc -pthread -shared -L/opt/python/2.7.9/lib -Wl,-rpath=/opt/python/2.7.9/lib build/temp.linux-x86_64-2.7/src/RIPEMD160.o -L/opt/python/2.7.9/lib -lpython2.7 -o build/lib.linux-x86_64-2.7/Crypto/Hash/_RIPEMD160.so
    building 'Crypto.Cipher._AES' extension
    gcc -pthread -fno-strict-aliasing -fstack-protector --param=ssp-buffer-size=4 -Wformat -Werror=format-security -fwrapv -Wall -Wstrict-prototypes -fPIC -std=c99 -O3 -fomit-frame-pointer -Isrc/ -I/opt/python/2.7.9/include/python2.7 -c src/AES.c -o build/temp.linux-x86_64-2.7/src/AES.o
    gcc -pthread -shared -L/opt/python/2.7.9/lib -Wl,-rpath=/opt/python/2.7.9/lib build/temp.linux-x86_64-2.7/src/AES.o -L/opt/python/2.7.9/lib -lpython2.7 -o build/lib.linux-x86_64-2.7/Crypto/Cipher/_AES.so
    building 'Crypto.Cipher._ARC2' extension
    gcc -pthread -fno-strict-aliasing -fstack-protector --param=ssp-buffer-size=4 -Wformat -Werror=format-security -fwrapv -Wall -Wstrict-prototypes -fPIC -std=c99 -O3 -fomit-frame-pointer -Isrc/ -I/opt/python/2.7.9/include/python2.7 -c src/ARC2.c -o build/temp.linux-x86_64-2.7/src/ARC2.o
    gcc -pthread -shared -L/opt/python/2.7.9/lib -Wl,-rpath=/opt/python/2.7.9/lib build/temp.linux-x86_64-2.7/src/ARC2.o -L/opt/python/2.7.9/lib -lpython2.7 -o build/lib.linux-x86_64-2.7/Crypto/Cipher/_ARC2.so
    building 'Crypto.Cipher._Blowfish' extension
    gcc -pthread -fno-strict-aliasing -fstack-protector --param=ssp-buffer-size=4 -Wformat -Werror=format-security -fwrapv -Wall -Wstrict-prototypes -fPIC -std=c99 -O3 -fomit-frame-pointer -Isrc/ -I/opt/python/2.7.9/include/python2.7 -c src/Blowfish.c -o build/temp.linux-x86_64-2.7/src/Blowfish.o
    gcc -pthread -shared -L/opt/python/2.7.9/lib -Wl,-rpath=/opt/python/2.7.9/lib build/temp.linux-x86_64-2.7/src/Blowfish.o -L/opt/python/2.7.9/lib -lpython2.7 -o build/lib.linux-x86_64-2.7/Crypto/Cipher/_Blowfish.so
    building 'Crypto.Cipher._CAST' extension
    gcc -pthread -fno-strict-aliasing -fstack-protector --param=ssp-buffer-size=4 -Wformat -Werror=format-security -fwrapv -Wall -Wstrict-prototypes -fPIC -std=c99 -O3 -fomit-frame-pointer -Isrc/ -I/opt/python/2.7.9/include/python2.7 -c src/CAST.c -o build/temp.linux-x86_64-2.7/src/CAST.o
    gcc -pthread -shared -L/opt/python/2.7.9/lib -Wl,-rpath=/opt/python/2.7.9/lib build/temp.linux-x86_64-2.7/src/CAST.o -L/opt/python/2.7.9/lib -lpython2.7 -o build/lib.linux-x86_64-2.7/Crypto/Cipher/_CAST.so
    building 'Crypto.Cipher._DES' extension
    gcc -pthread -fno-strict-aliasing -fstack-protector --param=ssp-buffer-size=4 -Wformat -Werror=format-security -fwrapv -Wall -Wstrict-prototypes -fPIC -std=c99 -O3 -fomit-frame-pointer -Isrc/ -Isrc/libtom/ -I/opt/python/2.7.9/include/python2.7 -c src/DES.c -o build/temp.linux-x86_64-2.7/src/DES.o
    gcc -pthread -shared -L/opt/python/2.7.9/lib -Wl,-rpath=/opt/python/2.7.9/lib build/temp.linux-x86_64-2.7/src/DES.o -L/opt/python/2.7.9/lib -lpython2.7 -o build/lib.linux-x86_64-2.7/Crypto/Cipher/_DES.so
    building 'Crypto.Cipher._DES3' extension
    gcc -pthread -fno-strict-aliasing -fstack-protector --param=ssp-buffer-size=4 -Wformat -Werror=format-security -fwrapv -Wall -Wstrict-prototypes -fPIC -std=c99 -O3 -fomit-frame-pointer -Isrc/ -Isrc/libtom/ -I/opt/python/2.7.9/include/python2.7 -c src/DES3.c -o build/temp.linux-x86_64-2.7/src/DES3.o
    gcc -pthread -shared -L/opt/python/2.7.9/lib -Wl,-rpath=/opt/python/2.7.9/lib build/temp.linux-x86_64-2.7/src/DES3.o -L/opt/python/2.7.9/lib -lpython2.7 -o build/lib.linux-x86_64-2.7/Crypto/Cipher/_DES3.so
    building 'Crypto.Cipher._ARC4' extension
    gcc -pthread -fno-strict-aliasing -fstack-protector --param=ssp-buffer-size=4 -Wformat -Werror=format-security -fwrapv -Wall -Wstrict-prototypes -fPIC -std=c99 -O3 -fomit-frame-pointer -Isrc/ -I/opt/python/2.7.9/include/python2.7 -c src/ARC4.c -o build/temp.linux-x86_64-2.7/src/ARC4.o
    gcc -pthread -shared -L/opt/python/2.7.9/lib -Wl,-rpath=/opt/python/2.7.9/lib build/temp.linux-x86_64-2.7/src/ARC4.o -L/opt/python/2.7.9/lib -lpython2.7 -o build/lib.linux-x86_64-2.7/Crypto/Cipher/_ARC4.so
    building 'Crypto.Cipher._XOR' extension
    gcc -pthread -fno-strict-aliasing -fstack-protector --param=ssp-buffer-size=4 -Wformat -Werror=format-security -fwrapv -Wall -Wstrict-prototypes -fPIC -std=c99 -O3 -fomit-frame-pointer -Isrc/ -I/opt/python/2.7.9/include/python2.7 -c src/XOR.c -o build/temp.linux-x86_64-2.7/src/XOR.o
    gcc -pthread -shared -L/opt/python/2.7.9/lib -Wl,-rpath=/opt/python/2.7.9/lib build/temp.linux-x86_64-2.7/src/XOR.o -L/opt/python/2.7.9/lib -lpython2.7 -o build/lib.linux-x86_64-2.7/Crypto/Cipher/_XOR.so
    building 'Crypto.Util.strxor' extension
    gcc -pthread -fno-strict-aliasing -fstack-protector --param=ssp-buffer-size=4 -Wformat -Werror=format-security -fwrapv -Wall -Wstrict-prototypes -fPIC -std=c99 -O3 -fomit-frame-pointer -Isrc/ -I/opt/python/2.7.9/include/python2.7 -c src/strxor.c -o build/temp.linux-x86_64-2.7/src/strxor.o
    gcc -pthread -shared -L/opt/python/2.7.9/lib -Wl,-rpath=/opt/python/2.7.9/lib build/temp.linux-x86_64-2.7/src/strxor.o -L/opt/python/2.7.9/lib -lpython2.7 -o build/lib.linux-x86_64-2.7/Crypto/Util/strxor.so
    building 'Crypto.Util._counter' extension
    gcc -pthread -fno-strict-aliasing -fstack-protector --param=ssp-buffer-size=4 -Wformat -Werror=format-security -fwrapv -Wall -Wstrict-prototypes -fPIC -std=c99 -O3 -fomit-frame-pointer -Isrc/ -I/opt/python/2.7.9/include/python2.7 -c src/_counter.c -o build/temp.linux-x86_64-2.7/src/_counter.o
    gcc -pthread -shared -L/opt/python/2.7.9/lib -Wl,-rpath=/opt/python/2.7.9/lib build/temp.linux-x86_64-2.7/src/_counter.o -L/opt/python/2.7.9/lib -lpython2.7 -o build/lib.linux-x86_64-2.7/Crypto/Util/_counter.so
Successfully installed ecdsa-0.13 paramiko pycrypto-2.6.1

travis_time:end:054b88cc:start=1465712994062021923,finish=1465713001523932248,duration=7461910325[0Ktravis_fold:end:install.1[0Ktravis_fold:start:install.2[0Ktravis_time:start:0f5e9c2a[0K$ pip install coveralls
Collecting coveralls
  Using cached coveralls-1.1-py2.py3-none-any.whl
Collecting docopt>=0.6.1 (from coveralls)
  Using cached docopt-0.6.2.tar.gz
Collecting coverage>=3.6 (from coveralls)
  Using cached coverage-4.1.tar.gz
Collecting requests>=1.0.0 (from coveralls)
  Using cached requests-2.10.0-py2.py3-none-any.whl
Installing collected packages: requests, coverage, docopt, coveralls

  Running setup.py install for coverage
    building 'coverage.tracer' extension
    gcc -pthread -fno-strict-aliasing -g -fstack-protector --param=ssp-buffer-size=4 -Wformat -Werror=format-security -DNDEBUG -g -fwrapv -O3 -Wall -Wstrict-prototypes -fPIC -I/opt/python/2.7.9/include/python2.7 -c coverage/ctracer/datastack.c -o build/temp.linux-x86_64-2.7/coverage/ctracer/datastack.o
    gcc -pthread -fno-strict-aliasing -g -fstack-protector --param=ssp-buffer-size=4 -Wformat -Werror=format-security -DNDEBUG -g -fwrapv -O3 -Wall -Wstrict-prototypes -fPIC -I/opt/python/2.7.9/include/python2.7 -c coverage/ctracer/filedisp.c -o build/temp.linux-x86_64-2.7/coverage/ctracer/filedisp.o
    gcc -pthread -fno-strict-aliasing -g -fstack-protector --param=ssp-buffer-size=4 -Wformat -Werror=format-security -DNDEBUG -g -fwrapv -O3 -Wall -Wstrict-prototypes -fPIC -I/opt/python/2.7.9/include/python2.7 -c coverage/ctracer/module.c -o build/temp.linux-x86_64-2.7/coverage/ctracer/module.o
    gcc -pthread -fno-strict-aliasing -g -fstack-protector --param=ssp-buffer-size=4 -Wformat -Werror=format-security -DNDEBUG -g -fwrapv -O3 -Wall -Wstrict-prototypes -fPIC -I/opt/python/2.7.9/include/python2.7 -c coverage/ctracer/tracer.c -o build/temp.linux-x86_64-2.7/coverage/ctracer/tracer.o
    gcc -pthread -shared -L/opt/python/2.7.9/lib -Wl,-rpath=/opt/python/2.7.9/lib build/temp.linux-x86_64-2.7/coverage/ctracer/datastack.o build/temp.linux-x86_64-2.7/coverage/ctracer/filedisp.o build/temp.linux-x86_64-2.7/coverage/ctracer/module.o build/temp.linux-x86_64-2.7/coverage/ctracer/tracer.o -L/opt/python/2.7.9/lib -lpython2.7 -o build/lib.linux-x86_64-2.7/coverage/tracer.so
    Installing coverage2 script to /home/travis/virtualenv/python2.7.9/bin
    Installing coverage-2.7 script to /home/travis/virtualenv/python2.7.9/bin
    Installing coverage script to /home/travis/virtualenv/python2.7.9/bin
  Running setup.py install for docopt

Successfully installed coverage-4.1 coveralls-1.1 docopt-0.6.2 requests-2.10.0

travis_time:end:0f5e9c2a:start=1465713001529092771,finish=1465713004160514060,duration=2631421289[0Ktravis_fold:end:install.2[0Ktravis_fold:start:install.3[0Ktravis_time:start:0f009c18[0K$ pip install -r dev-requirements.txt
Collecting tox<1.5,>=1.4 (from -r dev-requirements.txt (line 2))
  Using cached tox-1.4.3.tar.gz
Collecting invoke<2.0,>=0.13 (from -r dev-requirements.txt (line 4))
  Using cached invoke-0.13.0-py2-none-any.whl
Collecting invocations<2.0,>=0.13 (from -r dev-requirements.txt (line 5))
  Using cached invocations-0.13.0-py2.py3-none-any.whl
Collecting sphinx<2.0,>=1.1.3 (from -r dev-requirements.txt (line 6))
  Using cached Sphinx-1.4.3-py2.py3-none-any.whl
Collecting alabaster<2.0,>=0.7.5 (from -r dev-requirements.txt (line 7))
  Using cached alabaster-0.7.8-py2.py3-none-any.whl
Collecting releases<2.0,>=1.1.0 (from -r dev-requirements.txt (line 8))
  Using cached releases-1.2.0-py2-none-any.whl
Collecting semantic-version<3.0 (from -r dev-requirements.txt (line 9))
  Using cached semantic_version-2.5.0.tar.gz
Requirement already satisfied (use --upgrade to upgrade): wheel==0.24 in /home/travis/virtualenv/python2.7.9/lib/python2.7/site-packages (from -r dev-requirements.txt (line 10))
Collecting twine==1.5 (from -r dev-requirements.txt (line 11))
  Using cached twine-1.5.0-py2.py3-none-any.whl
Collecting virtualenv>=1.8.4 (from tox<1.5,>=1.4->-r dev-requirements.txt (line 2))
  Using cached virtualenv-15.0.2-py2.py3-none-any.whl
Requirement already satisfied (use --upgrade to upgrade): py>=1.4.12 in /home/travis/virtualenv/python2.7.9/lib/python2.7/site-packages (from tox<1.5,>=1.4->-r dev-requirements.txt (line 2))
Collecting babel!=2.0,>=1.3 (from sphinx<2.0,>=1.1.3->-r dev-requirements.txt (line 6))
  Using cached Babel-2.3.4-py2.py3-none-any.whl
Collecting snowballstemmer>=1.1 (from sphinx<2.0,>=1.1.3->-r dev-requirements.txt (line 6))
  Using cached snowballstemmer-1.2.1-py2.py3-none-any.whl
Collecting six>=1.4 (from sphinx<2.0,>=1.1.3->-r dev-requirements.txt (line 6))
  Using cached six-1.10.0-py2.py3-none-any.whl
Collecting Pygments>=2.0 (from sphinx<2.0,>=1.1.3->-r dev-requirements.txt (line 6))
  Using cached Pygments-2.1.3-py2.py3-none-any.whl
Collecting docutils>=0.11 (from sphinx<2.0,>=1.1.3->-r dev-requirements.txt (line 6))
  Using cached docutils-0.12.tar.gz
Collecting Jinja2>=2.3 (from sphinx<2.0,>=1.1.3->-r dev-requirements.txt (line 6))
  Using cached Jinja2-2.8-py2.py3-none-any.whl
Collecting imagesize (from sphinx<2.0,>=1.1.3->-r dev-requirements.txt (line 6))
  Using cached imagesize-0.7.1-py2.py3-none-any.whl
Collecting pkginfo (from twine==1.5->-r dev-requirements.txt (line 11))
  Using cached pkginfo-1.3.2-py2.py3-none-any.whl
Requirement already satisfied (use --upgrade to upgrade): requests in /home/travis/virtualenv/python2.7.9/lib/python2.7/site-packages (from twine==1.5->-r dev-requirements.txt (line 11))
Collecting pytz>=0a (from babel!=2.0,>=1.3->sphinx<2.0,>=1.1.3->-r dev-requirements.txt (line 6))
  Using cached pytz-2016.4-py2.py3-none-any.whl
Collecting MarkupSafe (from Jinja2>=2.3->sphinx<2.0,>=1.1.3->-r dev-requirements.txt (line 6))
  Using cached MarkupSafe-0.23.tar.gz
Installing collected packages: MarkupSafe, pytz, pkginfo, imagesize, Jinja2, docutils, Pygments, six, snowballstemmer, babel, virtualenv, twine, semantic-version, releases, alabaster, sphinx, invocations, invoke, tox
  Running setup.py install for MarkupSafe
    building 'markupsafe._speedups' extension
    gcc -pthread -fno-strict-aliasing -g -fstack-protector --param=ssp-buffer-size=4 -Wformat -Werror=format-security -DNDEBUG -g -fwrapv -O3 -Wall -Wstrict-prototypes -fPIC -I/opt/python/2.7.9/include/python2.7 -c markupsafe/_speedups.c -o build/temp.linux-x86_64-2.7/markupsafe/_speedups.o
    gcc -pthread -shared -L/opt/python/2.7.9/lib -Wl,-rpath=/opt/python/2.7.9/lib build/temp.linux-x86_64-2.7/markupsafe/_speedups.o -L/opt/python/2.7.9/lib -lpython2.7 -o build/lib.linux-x86_64-2.7/markupsafe/_speedups.so




  Running setup.py install for docutils
    changing mode of build/scripts-2.7/rst2html.py from 664 to 775
    changing mode of build/scripts-2.7/rst2s5.py from 664 to 775
    changing mode of build/scripts-2.7/rst2latex.py from 664 to 775
    changing mode of build/scripts-2.7/rst2xetex.py from 664 to 775
    changing mode of build/scripts-2.7/rst2man.py from 664 to 775
    changing mode of build/scripts-2.7/rst2xml.py from 664 to 775
    changing mode of build/scripts-2.7/rst2pseudoxml.py from 664 to 775
    changing mode of build/scripts-2.7/rstpep2html.py from 664 to 775
    changing mode of build/scripts-2.7/rst2odt.py from 664 to 775
    changing mode of build/scripts-2.7/rst2odt_prepstyles.py from 664 to 775
    changing mode of /home/travis/virtualenv/python2.7.9/bin/rst2html.py to 775
    changing mode of /home/travis/virtualenv/python2.7.9/bin/rst2s5.py to 775
    changing mode of /home/travis/virtualenv/python2.7.9/bin/rst2latex.py to 775
    changing mode of /home/travis/virtualenv/python2.7.9/bin/rst2xetex.py to 775
    changing mode of /home/travis/virtualenv/python2.7.9/bin/rst2man.py to 775
    changing mode of /home/travis/virtualenv/python2.7.9/bin/rst2xml.py to 775
    changing mode of /home/travis/virtualenv/python2.7.9/bin/rst2pseudoxml.py to 775
    changing mode of /home/travis/virtualenv/python2.7.9/bin/rstpep2html.py to 775
    changing mode of /home/travis/virtualenv/python2.7.9/bin/rst2odt.py to 775
    changing mode of /home/travis/virtualenv/python2.7.9/bin/rst2odt_prepstyles.py to 775






  Running setup.py install for semantic-version





  Running setup.py install for tox
    Installing tox script to /home/travis/virtualenv/python2.7.9/bin
    Installing tox-quickstart script to /home/travis/virtualenv/python2.7.9/bin
Successfully installed Jinja2-2.8 MarkupSafe-0.23 Pygments-2.1.3 alabaster-0.7.8 babel-2.3.4 docutils-0.12 imagesize-0.7.1 invocations-0.13.0 invoke-0.13.0 pkginfo-1.3.2 pytz-2016.4 releases-1.2.0 semantic-version-2.5.0 six-1.10.0 snowballstemmer-1.2.1 sphinx-1.4.3 tox-1.4.3 twine-1.5.0 virtualenv-15.0.2

travis_time:end:0f009c18:start=1465713004164483073,finish=1465713011183133941,duration=7018650868[0Ktravis_fold:end:install.3[0Ktravis_time:start:19b357e4[0K$ inv test --coverage
test_1_encode (tests.test_message.MessageTest) ... ok
test_2_decode (tests.test_message.MessageTest) ... ok
test_3_add (tests.test_message.MessageTest) ... ok
test_4_misc (tests.test_message.MessageTest) ... ok
test_1_simple (tests.test_file.BufferedFileTest) ... ok
test_2_readline (tests.test_file.BufferedFileTest) ... ok
test_3_lf (tests.test_file.BufferedFileTest) ... ok
test_4_write (tests.test_file.BufferedFileTest) ... ok
test_5_flush (tests.test_file.BufferedFileTest) ... ok
test_6_buffering (tests.test_file.BufferedFileTest) ... ok
test_7_read_all (tests.test_file.BufferedFileTest) ... ok
test_8_buffering (tests.test_file.BufferedFileTest) ... ok
test_9_readable (tests.test_file.BufferedFileTest) ... ok
test_A_writable (tests.test_file.BufferedFileTest) ... ok
test_B_readinto (tests.test_file.BufferedFileTest) ... ok
test_1_buffered_pipe (tests.test_buffered_pipe.BufferedPipeTest) ... ok
test_2_delay (tests.test_buffered_pipe.BufferedPipeTest) ... ok
test_3_close_while_reading (tests.test_buffered_pipe.BufferedPipeTest) ... ok
test_4_or_pipe (tests.test_buffered_pipe.BufferedPipeTest) ... ok
test_10_proxycommand_interpolation (tests.test_util.UtilTest) ... ok
test_11_host_config_test_identityfile (tests.test_util.UtilTest) ... ok
test_11_host_config_test_negation (tests.test_util.UtilTest) ... ok
test_12_config_addressfamily_and_lazy_fqdn (tests.test_util.UtilTest) ... ok
test_12_host_config_test_proxycommand (tests.test_util.UtilTest) ... ok
test_13_config_dos_crlf_succeeds (tests.test_util.UtilTest) ... ok
test_14_get_hostnames (tests.test_util.UtilTest) ... ok
test_1_import (tests.test_util.UtilTest) ... ok
test_2_parse_config (tests.test_util.UtilTest) ... ok
test_3_host_config (tests.test_util.UtilTest) ... ok
test_4_generate_key_bytes (tests.test_util.UtilTest) ... ok
test_5_host_keys (tests.test_util.UtilTest) ... ok
test_7_host_config_expose_issue_33 (tests.test_util.UtilTest) ... ok
test_8_eintr_retry (tests.test_util.UtilTest) ... ok
test_9_proxycommand_config_equals_parsing (tests.test_util.UtilTest) ... ok
test_clamp_value (tests.test_util.UtilTest) ... ok
test_proxycommand_none_issue_418 (tests.test_util.UtilTest) ... ok
test_proxycommand_none_masking (tests.test_util.UtilTest) ... ok
test_quoted_host_in_config (tests.test_util.UtilTest) ... ok
test_quoted_host_names (tests.test_util.UtilTest) ... ok
test_quoted_params_in_config (tests.test_util.UtilTest) ... ok
test_safe_string (tests.test_util.UtilTest) ... ok
test_1_load (tests.test_hostkeys.HostKeysTest) ... ok
test_2_add (tests.test_hostkeys.HostKeysTest) ... ok
test_3_dict (tests.test_hostkeys.HostKeysTest) ... ok
test_4_dict_set (tests.test_hostkeys.HostKeysTest) ... ok
test_10_load_ecdsa (tests.test_pkey.KeyTest) ... ok
test_11_load_ecdsa_password (tests.test_pkey.KeyTest) ... ok
test_12_compare_ecdsa (tests.test_pkey.KeyTest) ... ok
test_13_sign_ecdsa (tests.test_pkey.KeyTest) ... ok
test_1_generate_key_bytes (tests.test_pkey.KeyTest) ... ok
test_2_load_rsa (tests.test_pkey.KeyTest) ... ok
test_3_load_rsa_password (tests.test_pkey.KeyTest) ... ok
test_4_load_dss (tests.test_pkey.KeyTest) ... ok
test_5_load_dss_password (tests.test_pkey.KeyTest) ... ok
test_6_compare_rsa (tests.test_pkey.KeyTest) ... ok
test_7_compare_dss (tests.test_pkey.KeyTest) ... ok
test_8_sign_rsa (tests.test_pkey.KeyTest) ... ok
test_9_sign_dss (tests.test_pkey.KeyTest) ... ok
test_A_generate_rsa (tests.test_pkey.KeyTest) ... ok
test_B_generate_dss (tests.test_pkey.KeyTest) ... ok
test_salt_size (tests.test_pkey.KeyTest) ... ok
test_10_gex_sha256_server_with_old_client (tests.test_kex.KexTest) ... ok
test_1_group1_client (tests.test_kex.KexTest) ... ok
test_2_group1_server (tests.test_kex.KexTest) ... ok
test_3_gex_client (tests.test_kex.KexTest) ... ok
test_4_gex_old_client (tests.test_kex.KexTest) ... ok
test_5_gex_server (tests.test_kex.KexTest) ... ok
test_6_gex_server_with_old_client (tests.test_kex.KexTest) ... ok
test_7_gex_sha256_client (tests.test_kex.KexTest) ... ok
test_8_gex_sha256_old_client (tests.test_kex.KexTest) ... ok
test_9_gex_sha256_server (tests.test_kex.KexTest) ... ok
test_1_write (tests.test_packetizer.PacketizerTest) ... ok
test_2_read (tests.test_packetizer.PacketizerTest) ... ok
test_3_closed (tests.test_packetizer.PacketizerTest) ... ok
test_1_bad_auth_type (tests.test_auth.AuthTest) ... ERROR
test_2_bad_password (tests.test_auth.AuthTest) ... ERROR
test_3_multipart_auth (tests.test_auth.AuthTest) ... ERROR
test_4_interactive_auth (tests.test_auth.AuthTest) ... ERROR
test_5_interactive_auth_fallback (tests.test_auth.AuthTest) ... ERROR
test_6_auth_utf8 (tests.test_auth.AuthTest) ... ERROR
test_7_auth_non_utf8 (tests.test_auth.AuthTest) ... ERROR
test_8_auth_gets_disconnected (tests.test_auth.AuthTest) ... ok
test_1_security_options (tests.test_transport.TransportTest) ... ok
test_2_compute_key (tests.test_transport.TransportTest) ... ok
test_3_simple (tests.test_transport.TransportTest) ... ERROR
test_3a_long_banner (tests.test_transport.TransportTest) ... ERROR
test_4_special (tests.test_transport.TransportTest) ... ERROR
test_5_keepalive (tests.test_transport.TransportTest) ... ERROR
test_6_exec_command (tests.test_transport.TransportTest) ... ERROR
test_6a_channel_can_be_used_as_context_manager (tests.test_transport.TransportTest) ... ERROR
test_7_invoke_shell (tests.test_transport.TransportTest) ... ERROR
test_8_channel_exception (tests.test_transport.TransportTest) ... ERROR
test_9_exit_status (tests.test_transport.TransportTest) ... ERROR
test_A_select (tests.test_transport.TransportTest) ... ERROR
test_B_renegotiate (tests.test_transport.TransportTest) ... ERROR
test_C_compression (tests.test_transport.TransportTest) ... ERROR
test_D_x11 (tests.test_transport.TransportTest) ... ERROR
test_E_reverse_port_forwarding (tests.test_transport.TransportTest) ... ERROR
test_F_port_forwarding (tests.test_transport.TransportTest) ... ERROR
test_G_stderr_select (tests.test_transport.TransportTest) ... ERROR
test_H_send_ready (tests.test_transport.TransportTest) ... ERROR
test_I_rekey_deadlock (tests.test_transport.TransportTest) ... ERROR
test_J_sanitze_packet_size (tests.test_transport.TransportTest) ... ok
test_K_sanitze_window_size (tests.test_transport.TransportTest) ... ok
test_L_handshake_timeout (tests.test_transport.TransportTest) ... ERROR
test_M_select_after_close (tests.test_transport.TransportTest) ... ERROR
test_error_message_for_multiple_hosts (tests.test_ssh_exception.NoValidConnectionsErrorTest) ... ok
test_error_message_for_single_host (tests.test_ssh_exception.NoValidConnectionsErrorTest) ... ok
test_error_message_for_two_hosts (tests.test_ssh_exception.NoValidConnectionsErrorTest) ... ok
test_pickling (tests.test_ssh_exception.NoValidConnectionsErrorTest) ... ok
test_1_client (test_client.SSHClientTest) ... ERROR
test_2_5_client_ecdsa (test_client.SSHClientTest) ... ERROR
test_2_client_dsa (test_client.SSHClientTest) ... ERROR
test_3_multiple_key_files (test_client.SSHClientTest) ... ERROR
ERROR
test_4_auto_add_policy (test_client.SSHClientTest) ... ERROR
test_5_save_host_keys (test_client.SSHClientTest) ... ok
test_6_cleanup (test_client.SSHClientTest) ... ERROR
ERROR
test_7_banner_timeout (test_client.SSHClientTest) ... ok
test_8_auth_trickledown (test_client.SSHClientTest) ... ERROR
test_client_can_be_used_as_context_manager (test_client.SSHClientTest) ... ERROR
ERROR
test_client_rsa (test_client.SSHClientTest) ... ERROR
test_multiple_key_files_failure (test_client.SSHClientTest) ... ERROR
test_1_file (tests.test_sftp.SFTPTest) ... ok
test_2_close (tests.test_sftp.SFTPTest) ... ok
test_2_sftp_can_be_used_as_context_manager (tests.test_sftp.SFTPTest) ... ok
test_3_sftp_file_can_be_used_as_context_manager (tests.test_sftp.SFTPTest) ... ok
test_3_write (tests.test_sftp.SFTPTest) ... ok
test_4_append (tests.test_sftp.SFTPTest) ... ok
test_5_rename (tests.test_sftp.SFTPTest) ... ok
test_6_folder (tests.test_sftp.SFTPTest) ... ok
test_7_5_listdir_iter (tests.test_sftp.SFTPTest) ... ok
test_7_listdir (tests.test_sftp.SFTPTest) ... ok
test_8_setstat (tests.test_sftp.SFTPTest) ... ok
test_9_fsetstat (tests.test_sftp.SFTPTest) ... ok
test_A_readline_seek (tests.test_sftp.SFTPTest) ... ok
test_B_write_seek (tests.test_sftp.SFTPTest) ... ok
test_C_symlink (tests.test_sftp.SFTPTest) ... ok
test_D_flush_seek (tests.test_sftp.SFTPTest) ... ok
test_E_realpath (tests.test_sftp.SFTPTest) ... ok
test_F_mkdir (tests.test_sftp.SFTPTest) ... ok
test_G_chdir (tests.test_sftp.SFTPTest) ... ok
test_H_get_put (tests.test_sftp.SFTPTest) ... ok
test_I_check (tests.test_sftp.SFTPTest) ... ok
test_J_x_flag (tests.test_sftp.SFTPTest) ... ok
test_K_utf8 (tests.test_sftp.SFTPTest) ... ok
test_L_utf8_chdir (tests.test_sftp.SFTPTest) ... ok
test_M_bad_readv (tests.test_sftp.SFTPTest) ... ok
test_N_file_with_percent (tests.test_sftp.SFTPTest) ... ok
test_N_put_without_confirm (tests.test_sftp.SFTPTest) ... ok
test_O_getcwd (tests.test_sftp.SFTPTest) ... ok
test_O_non_utf8_data (tests.test_sftp.SFTPTest)
Test write() and read() of non utf8 data ... ok
test_putfo_empty_file (tests.test_sftp.SFTPTest) ... ok
test_sftp_attributes_empty_str (tests.test_sftp.SFTPTest) ... ok
test_1_lots_of_files (tests.test_sftp_big.BigSFTPTest) ... ok
test_2_big_file (tests.test_sftp_big.BigSFTPTest) ... ........ 3s 3s ok
test_3_big_file_pipelined (tests.test_sftp_big.BigSFTPTest) ... ........ 1s 0s ok
test_4_prefetch_seek (tests.test_sftp_big.BigSFTPTest) ... ........ 1s ok
test_5_readv_seek (tests.test_sftp_big.BigSFTPTest) ... ........ 2s ok
test_6_lots_of_prefetching (tests.test_sftp_big.BigSFTPTest) ... ........ ........ ok
test_7_prefetch_readv (tests.test_sftp_big.BigSFTPTest) ... ........  ok
test_8_large_readv (tests.test_sftp_big.BigSFTPTest) ... ........  ok
test_9_big_file_big_buffer (tests.test_sftp_big.BigSFTPTest) ... ok
test_A_big_file_renegotiate (tests.test_sftp_big.BigSFTPTest) ... ok

======================================================================
ERROR: test_1_bad_auth_type (tests.test_auth.AuthTest)
----------------------------------------------------------------------
Traceback (most recent call last):
  File "/home/travis/build/paramiko/paramiko/tests/test_auth.py", line 110, in tearDown
    self.tc.close()
  File "/home/travis/build/paramiko/paramiko/paramiko/transport.py", line 644, in close
    self.stop_thread()
  File "/home/travis/build/paramiko/paramiko/paramiko/transport.py", line 1543, in stop_thread
    and not self.sock._closed and not self.packetizer.closed
AttributeError: 'LoopSocket' object has no attribute '_closed'

======================================================================
ERROR: test_2_bad_password (tests.test_auth.AuthTest)
----------------------------------------------------------------------
Traceback (most recent call last):
  File "/home/travis/build/paramiko/paramiko/tests/test_auth.py", line 110, in tearDown
    self.tc.close()
  File "/home/travis/build/paramiko/paramiko/paramiko/transport.py", line 644, in close
    self.stop_thread()
  File "/home/travis/build/paramiko/paramiko/paramiko/transport.py", line 1543, in stop_thread
    and not self.sock._closed and not self.packetizer.closed
AttributeError: 'LoopSocket' object has no attribute '_closed'

======================================================================
ERROR: test_3_multipart_auth (tests.test_auth.AuthTest)
----------------------------------------------------------------------
Traceback (most recent call last):
  File "/home/travis/build/paramiko/paramiko/tests/test_auth.py", line 110, in tearDown
    self.tc.close()
  File "/home/travis/build/paramiko/paramiko/paramiko/transport.py", line 644, in close
    self.stop_thread()
  File "/home/travis/build/paramiko/paramiko/paramiko/transport.py", line 1543, in stop_thread
    and not self.sock._closed and not self.packetizer.closed
AttributeError: 'LoopSocket' object has no attribute '_closed'

======================================================================
ERROR: test_4_interactive_auth (tests.test_auth.AuthTest)
----------------------------------------------------------------------
Traceback (most recent call last):
  File "/home/travis/build/paramiko/paramiko/tests/test_auth.py", line 110, in tearDown
    self.tc.close()
  File "/home/travis/build/paramiko/paramiko/paramiko/transport.py", line 644, in close
    self.stop_thread()
  File "/home/travis/build/paramiko/paramiko/paramiko/transport.py", line 1543, in stop_thread
    and not self.sock._closed and not self.packetizer.closed
AttributeError: 'LoopSocket' object has no attribute '_closed'

======================================================================
ERROR: test_5_interactive_auth_fallback (tests.test_auth.AuthTest)
----------------------------------------------------------------------
Traceback (most recent call last):
  File "/home/travis/build/paramiko/paramiko/tests/test_auth.py", line 110, in tearDown
    self.tc.close()
  File "/home/travis/build/paramiko/paramiko/paramiko/transport.py", line 644, in close
    self.stop_thread()
  File "/home/travis/build/paramiko/paramiko/paramiko/transport.py", line 1543, in stop_thread
    and not self.sock._closed and not self.packetizer.closed
AttributeError: 'LoopSocket' object has no attribute '_closed'

======================================================================
ERROR: test_6_auth_utf8 (tests.test_auth.AuthTest)
----------------------------------------------------------------------
Traceback (most recent call last):
  File "/home/travis/build/paramiko/paramiko/tests/test_auth.py", line 110, in tearDown
    self.tc.close()
  File "/home/travis/build/paramiko/paramiko/paramiko/transport.py", line 644, in close
    self.stop_thread()
  File "/home/travis/build/paramiko/paramiko/paramiko/transport.py", line 1543, in stop_thread
    and not self.sock._closed and not self.packetizer.closed
AttributeError: 'LoopSocket' object has no attribute '_closed'

======================================================================
ERROR: test_7_auth_non_utf8 (tests.test_auth.AuthTest)
----------------------------------------------------------------------
Traceback (most recent call last):
  File "/home/travis/build/paramiko/paramiko/tests/test_auth.py", line 110, in tearDown
    self.tc.close()
  File "/home/travis/build/paramiko/paramiko/paramiko/transport.py", line 644, in close
    self.stop_thread()
  File "/home/travis/build/paramiko/paramiko/paramiko/transport.py", line 1543, in stop_thread
    and not self.sock._closed and not self.packetizer.closed
AttributeError: 'LoopSocket' object has no attribute '_closed'

======================================================================
ERROR: test_3_simple (tests.test_transport.TransportTest)
----------------------------------------------------------------------
Traceback (most recent call last):
  File "/home/travis/build/paramiko/paramiko/tests/test_transport.py", line 123, in tearDown
    self.tc.close()
  File "/home/travis/build/paramiko/paramiko/paramiko/transport.py", line 644, in close
    self.stop_thread()
  File "/home/travis/build/paramiko/paramiko/paramiko/transport.py", line 1543, in stop_thread
    and not self.sock._closed and not self.packetizer.closed
AttributeError: 'LoopSocket' object has no attribute '_closed'

======================================================================
ERROR: test_3a_long_banner (tests.test_transport.TransportTest)
----------------------------------------------------------------------
Traceback (most recent call last):
  File "/home/travis/build/paramiko/paramiko/tests/test_transport.py", line 123, in tearDown
    self.tc.close()
  File "/home/travis/build/paramiko/paramiko/paramiko/transport.py", line 644, in close
    self.stop_thread()
  File "/home/travis/build/paramiko/paramiko/paramiko/transport.py", line 1543, in stop_thread
    and not self.sock._closed and not self.packetizer.closed
AttributeError: 'LoopSocket' object has no attribute '_closed'

======================================================================
ERROR: test_4_special (tests.test_transport.TransportTest)
----------------------------------------------------------------------
Traceback (most recent call last):
  File "/home/travis/build/paramiko/paramiko/tests/test_transport.py", line 123, in tearDown
    self.tc.close()
  File "/home/travis/build/paramiko/paramiko/paramiko/transport.py", line 644, in close
    self.stop_thread()
  File "/home/travis/build/paramiko/paramiko/paramiko/transport.py", line 1543, in stop_thread
    and not self.sock._closed and not self.packetizer.closed
AttributeError: 'LoopSocket' object has no attribute '_closed'

======================================================================
ERROR: test_5_keepalive (tests.test_transport.TransportTest)
----------------------------------------------------------------------
Traceback (most recent call last):
  File "/home/travis/build/paramiko/paramiko/tests/test_transport.py", line 123, in tearDown
    self.tc.close()
  File "/home/travis/build/paramiko/paramiko/paramiko/transport.py", line 644, in close
    self.stop_thread()
  File "/home/travis/build/paramiko/paramiko/paramiko/transport.py", line 1543, in stop_thread
    and not self.sock._closed and not self.packetizer.closed
AttributeError: 'LoopSocket' object has no attribute '_closed'

======================================================================
ERROR: test_6_exec_command (tests.test_transport.TransportTest)
----------------------------------------------------------------------
Traceback (most recent call last):
  File "/home/travis/build/paramiko/paramiko/tests/test_transport.py", line 123, in tearDown
    self.tc.close()
  File "/home/travis/build/paramiko/paramiko/paramiko/transport.py", line 644, in close
    self.stop_thread()
  File "/home/travis/build/paramiko/paramiko/paramiko/transport.py", line 1543, in stop_thread
    and not self.sock._closed and not self.packetizer.closed
AttributeError: 'LoopSocket' object has no attribute '_closed'

======================================================================
ERROR: test_6a_channel_can_be_used_as_context_manager (tests.test_transport.TransportTest)
----------------------------------------------------------------------
Traceback (most recent call last):
  File "/home/travis/build/paramiko/paramiko/tests/test_transport.py", line 123, in tearDown
    self.tc.close()
  File "/home/travis/build/paramiko/paramiko/paramiko/transport.py", line 644, in close
    self.stop_thread()
  File "/home/travis/build/paramiko/paramiko/paramiko/transport.py", line 1543, in stop_thread
    and not self.sock._closed and not self.packetizer.closed
AttributeError: 'LoopSocket' object has no attribute '_closed'

======================================================================
ERROR: test_7_invoke_shell (tests.test_transport.TransportTest)
----------------------------------------------------------------------
Traceback (most recent call last):
  File "/home/travis/build/paramiko/paramiko/tests/test_transport.py", line 123, in tearDown
    self.tc.close()
  File "/home/travis/build/paramiko/paramiko/paramiko/transport.py", line 644, in close
    self.stop_thread()
  File "/home/travis/build/paramiko/paramiko/paramiko/transport.py", line 1543, in stop_thread
    and not self.sock._closed and not self.packetizer.closed
AttributeError: 'LoopSocket' object has no attribute '_closed'

======================================================================
ERROR: test_8_channel_exception (tests.test_transport.TransportTest)
----------------------------------------------------------------------
Traceback (most recent call last):
  File "/home/travis/build/paramiko/paramiko/tests/test_transport.py", line 123, in tearDown
    self.tc.close()
  File "/home/travis/build/paramiko/paramiko/paramiko/transport.py", line 644, in close
    self.stop_thread()
  File "/home/travis/build/paramiko/paramiko/paramiko/transport.py", line 1543, in stop_thread
    and not self.sock._closed and not self.packetizer.closed
AttributeError: 'LoopSocket' object has no attribute '_closed'

======================================================================
ERROR: test_9_exit_status (tests.test_transport.TransportTest)
----------------------------------------------------------------------
Traceback (most recent call last):
  File "/home/travis/build/paramiko/paramiko/tests/test_transport.py", line 123, in tearDown
    self.tc.close()
  File "/home/travis/build/paramiko/paramiko/paramiko/transport.py", line 644, in close
    self.stop_thread()
  File "/home/travis/build/paramiko/paramiko/paramiko/transport.py", line 1543, in stop_thread
    and not self.sock._closed and not self.packetizer.closed
AttributeError: 'LoopSocket' object has no attribute '_closed'

======================================================================
ERROR: test_A_select (tests.test_transport.TransportTest)
----------------------------------------------------------------------
Traceback (most recent call last):
  File "/home/travis/build/paramiko/paramiko/tests/test_transport.py", line 123, in tearDown
    self.tc.close()
  File "/home/travis/build/paramiko/paramiko/paramiko/transport.py", line 644, in close
    self.stop_thread()
  File "/home/travis/build/paramiko/paramiko/paramiko/transport.py", line 1543, in stop_thread
    and not self.sock._closed and not self.packetizer.closed
AttributeError: 'LoopSocket' object has no attribute '_closed'

======================================================================
ERROR: test_B_renegotiate (tests.test_transport.TransportTest)
----------------------------------------------------------------------
Traceback (most recent call last):
  File "/home/travis/build/paramiko/paramiko/tests/test_transport.py", line 123, in tearDown
    self.tc.close()
  File "/home/travis/build/paramiko/paramiko/paramiko/transport.py", line 644, in close
    self.stop_thread()
  File "/home/travis/build/paramiko/paramiko/paramiko/transport.py", line 1543, in stop_thread
    and not self.sock._closed and not self.packetizer.closed
AttributeError: 'LoopSocket' object has no attribute '_closed'

======================================================================
ERROR: test_C_compression (tests.test_transport.TransportTest)
----------------------------------------------------------------------
Traceback (most recent call last):
  File "/home/travis/build/paramiko/paramiko/tests/test_transport.py", line 123, in tearDown
    self.tc.close()
  File "/home/travis/build/paramiko/paramiko/paramiko/transport.py", line 644, in close
    self.stop_thread()
  File "/home/travis/build/paramiko/paramiko/paramiko/transport.py", line 1543, in stop_thread
    and not self.sock._closed and not self.packetizer.closed
AttributeError: 'LoopSocket' object has no attribute '_closed'

======================================================================
ERROR: test_D_x11 (tests.test_transport.TransportTest)
----------------------------------------------------------------------
Traceback (most recent call last):
  File "/home/travis/build/paramiko/paramiko/tests/test_transport.py", line 123, in tearDown
    self.tc.close()
  File "/home/travis/build/paramiko/paramiko/paramiko/transport.py", line 644, in close
    self.stop_thread()
  File "/home/travis/build/paramiko/paramiko/paramiko/transport.py", line 1543, in stop_thread
    and not self.sock._closed and not self.packetizer.closed
AttributeError: 'LoopSocket' object has no attribute '_closed'

======================================================================
ERROR: test_E_reverse_port_forwarding (tests.test_transport.TransportTest)
----------------------------------------------------------------------
Traceback (most recent call last):
  File "/home/travis/build/paramiko/paramiko/tests/test_transport.py", line 123, in tearDown
    self.tc.close()
  File "/home/travis/build/paramiko/paramiko/paramiko/transport.py", line 644, in close
    self.stop_thread()
  File "/home/travis/build/paramiko/paramiko/paramiko/transport.py", line 1543, in stop_thread
    and not self.sock._closed and not self.packetizer.closed
AttributeError: 'LoopSocket' object has no attribute '_closed'

======================================================================
ERROR: test_F_port_forwarding (tests.test_transport.TransportTest)
----------------------------------------------------------------------
Traceback (most recent call last):
  File "/home/travis/build/paramiko/paramiko/tests/test_transport.py", line 123, in tearDown
    self.tc.close()
  File "/home/travis/build/paramiko/paramiko/paramiko/transport.py", line 644, in close
    self.stop_thread()
  File "/home/travis/build/paramiko/paramiko/paramiko/transport.py", line 1543, in stop_thread
    and not self.sock._closed and not self.packetizer.closed
AttributeError: 'LoopSocket' object has no attribute '_closed'

======================================================================
ERROR: test_G_stderr_select (tests.test_transport.TransportTest)
----------------------------------------------------------------------
Traceback (most recent call last):
  File "/home/travis/build/paramiko/paramiko/tests/test_transport.py", line 123, in tearDown
    self.tc.close()
  File "/home/travis/build/paramiko/paramiko/paramiko/transport.py", line 644, in close
    self.stop_thread()
  File "/home/travis/build/paramiko/paramiko/paramiko/transport.py", line 1543, in stop_thread
    and not self.sock._closed and not self.packetizer.closed
AttributeError: 'LoopSocket' object has no attribute '_closed'

======================================================================
ERROR: test_H_send_ready (tests.test_transport.TransportTest)
----------------------------------------------------------------------
Traceback (most recent call last):
  File "/home/travis/build/paramiko/paramiko/tests/test_transport.py", line 123, in tearDown
    self.tc.close()
  File "/home/travis/build/paramiko/paramiko/paramiko/transport.py", line 644, in close
    self.stop_thread()
  File "/home/travis/build/paramiko/paramiko/paramiko/transport.py", line 1543, in stop_thread
    and not self.sock._closed and not self.packetizer.closed
AttributeError: 'LoopSocket' object has no attribute '_closed'

======================================================================
ERROR: test_I_rekey_deadlock (tests.test_transport.TransportTest)
----------------------------------------------------------------------
Traceback (most recent call last):
  File "/home/travis/build/paramiko/paramiko/tests/test_transport.py", line 123, in tearDown
    self.tc.close()
  File "/home/travis/build/paramiko/paramiko/paramiko/transport.py", line 644, in close
    self.stop_thread()
  File "/home/travis/build/paramiko/paramiko/paramiko/transport.py", line 1543, in stop_thread
    and not self.sock._closed and not self.packetizer.closed
AttributeError: 'LoopSocket' object has no attribute '_closed'

======================================================================
ERROR: test_L_handshake_timeout (tests.test_transport.TransportTest)
----------------------------------------------------------------------
Traceback (most recent call last):
  File "/home/travis/build/paramiko/paramiko/tests/test_transport.py", line 124, in tearDown
    self.ts.close()
  File "/home/travis/build/paramiko/paramiko/paramiko/transport.py", line 644, in close
    self.stop_thread()
  File "/home/travis/build/paramiko/paramiko/paramiko/transport.py", line 1543, in stop_thread
    and not self.sock._closed and not self.packetizer.closed
AttributeError: 'LoopSocket' object has no attribute '_closed'

======================================================================
ERROR: test_M_select_after_close (tests.test_transport.TransportTest)
----------------------------------------------------------------------
Traceback (most recent call last):
  File "/home/travis/build/paramiko/paramiko/tests/test_transport.py", line 123, in tearDown
    self.tc.close()
  File "/home/travis/build/paramiko/paramiko/paramiko/transport.py", line 644, in close
    self.stop_thread()
  File "/home/travis/build/paramiko/paramiko/paramiko/transport.py", line 1543, in stop_thread
    and not self.sock._closed and not self.packetizer.closed
AttributeError: 'LoopSocket' object has no attribute '_closed'

======================================================================
ERROR: test_1_client (test_client.SSHClientTest)
----------------------------------------------------------------------
Traceback (most recent call last):
  File "tests/test_client.py", line 101, in tearDown
    getattr(self, attr).close()
  File "/home/travis/build/paramiko/paramiko/paramiko/client.py", line 388, in close
    self._transport.close()
  File "/home/travis/build/paramiko/paramiko/paramiko/transport.py", line 644, in close
    self.stop_thread()
  File "/home/travis/build/paramiko/paramiko/paramiko/transport.py", line 1543, in stop_thread
    and not self.sock._closed and not self.packetizer.closed
AttributeError: '_socketobject' object has no attribute '_closed'

======================================================================
ERROR: test_2_5_client_ecdsa (test_client.SSHClientTest)
----------------------------------------------------------------------
Traceback (most recent call last):
  File "tests/test_client.py", line 101, in tearDown
    getattr(self, attr).close()
  File "/home/travis/build/paramiko/paramiko/paramiko/client.py", line 388, in close
    self._transport.close()
  File "/home/travis/build/paramiko/paramiko/paramiko/transport.py", line 644, in close
    self.stop_thread()
  File "/home/travis/build/paramiko/paramiko/paramiko/transport.py", line 1543, in stop_thread
    and not self.sock._closed and not self.packetizer.closed
AttributeError: '_socketobject' object has no attribute '_closed'

======================================================================
ERROR: test_2_client_dsa (test_client.SSHClientTest)
----------------------------------------------------------------------
Traceback (most recent call last):
  File "tests/test_client.py", line 101, in tearDown
    getattr(self, attr).close()
  File "/home/travis/build/paramiko/paramiko/paramiko/client.py", line 388, in close
    self._transport.close()
  File "/home/travis/build/paramiko/paramiko/paramiko/transport.py", line 644, in close
    self.stop_thread()
  File "/home/travis/build/paramiko/paramiko/paramiko/transport.py", line 1543, in stop_thread
    and not self.sock._closed and not self.packetizer.closed
AttributeError: '_socketobject' object has no attribute '_closed'

======================================================================
ERROR: test_3_multiple_key_files (test_client.SSHClientTest)
----------------------------------------------------------------------
Traceback (most recent call last):
  File "tests/test_client.py", line 212, in test_3_multiple_key_files
    self.tearDown()
  File "tests/test_client.py", line 101, in tearDown
    getattr(self, attr).close()
  File "/home/travis/build/paramiko/paramiko/paramiko/client.py", line 388, in close
    self._transport.close()
  File "/home/travis/build/paramiko/paramiko/paramiko/transport.py", line 644, in close
    self.stop_thread()
  File "/home/travis/build/paramiko/paramiko/paramiko/transport.py", line 1543, in stop_thread
    and not self.sock._closed and not self.packetizer.closed
AttributeError: '_socketobject' object has no attribute '_closed'

======================================================================
ERROR: test_3_multiple_key_files (test_client.SSHClientTest)
----------------------------------------------------------------------
Traceback (most recent call last):
  File "tests/test_client.py", line 101, in tearDown
    getattr(self, attr).close()
  File "/home/travis/build/paramiko/paramiko/paramiko/transport.py", line 644, in close
    self.stop_thread()
  File "/home/travis/build/paramiko/paramiko/paramiko/transport.py", line 1543, in stop_thread
    and not self.sock._closed and not self.packetizer.closed
AttributeError: '_socketobject' object has no attribute '_closed'

======================================================================
ERROR: test_4_auto_add_policy (test_client.SSHClientTest)
----------------------------------------------------------------------
Traceback (most recent call last):
  File "tests/test_client.py", line 101, in tearDown
    getattr(self, attr).close()
  File "/home/travis/build/paramiko/paramiko/paramiko/client.py", line 388, in close
    self._transport.close()
  File "/home/travis/build/paramiko/paramiko/paramiko/transport.py", line 644, in close
    self.stop_thread()
  File "/home/travis/build/paramiko/paramiko/paramiko/transport.py", line 1543, in stop_thread
    and not self.sock._closed and not self.packetizer.closed
AttributeError: '_socketobject' object has no attribute '_closed'

======================================================================
ERROR: test_6_cleanup (test_client.SSHClientTest)
----------------------------------------------------------------------
Traceback (most recent call last):
  File "tests/test_client.py", line 301, in test_6_cleanup
    self.tc.close()
  File "/home/travis/build/paramiko/paramiko/paramiko/client.py", line 388, in close
    self._transport.close()
  File "/home/travis/build/paramiko/paramiko/paramiko/transport.py", line 644, in close
    self.stop_thread()
  File "/home/travis/build/paramiko/paramiko/paramiko/transport.py", line 1543, in stop_thread
    and not self.sock._closed and not self.packetizer.closed
AttributeError: '_socketobject' object has no attribute '_closed'

======================================================================
ERROR: test_6_cleanup (test_client.SSHClientTest)
----------------------------------------------------------------------
Traceback (most recent call last):
  File "tests/test_client.py", line 101, in tearDown
    getattr(self, attr).close()
  File "/home/travis/build/paramiko/paramiko/paramiko/transport.py", line 644, in close
    self.stop_thread()
  File "/home/travis/build/paramiko/paramiko/paramiko/transport.py", line 1543, in stop_thread
    and not self.sock._closed and not self.packetizer.closed
AttributeError: '_socketobject' object has no attribute '_closed'

======================================================================
ERROR: test_8_auth_trickledown (test_client.SSHClientTest)
----------------------------------------------------------------------
Traceback (most recent call last):
  File "tests/test_client.py", line 101, in tearDown
    getattr(self, attr).close()
  File "/home/travis/build/paramiko/paramiko/paramiko/client.py", line 388, in close
    self._transport.close()
  File "/home/travis/build/paramiko/paramiko/paramiko/transport.py", line 644, in close
    self.stop_thread()
  File "/home/travis/build/paramiko/paramiko/paramiko/transport.py", line 1543, in stop_thread
    and not self.sock._closed and not self.packetizer.closed
AttributeError: '_socketobject' object has no attribute '_closed'

======================================================================
ERROR: test_client_can_be_used_as_context_manager (test_client.SSHClientTest)
----------------------------------------------------------------------
Traceback (most recent call last):
  File "tests/test_client.py", line 334, in test_client_can_be_used_as_context_manager
    self.assertTrue(self.tc._transport is not None)
  File "/home/travis/build/paramiko/paramiko/paramiko/util.py", line 322, in __exit__
    self.close()
  File "/home/travis/build/paramiko/paramiko/paramiko/client.py", line 388, in close
    self._transport.close()
  File "/home/travis/build/paramiko/paramiko/paramiko/transport.py", line 644, in close
    self.stop_thread()
  File "/home/travis/build/paramiko/paramiko/paramiko/transport.py", line 1543, in stop_thread
    and not self.sock._closed and not self.packetizer.closed
AttributeError: '_socketobject' object has no attribute '_closed'

======================================================================
ERROR: test_client_can_be_used_as_context_manager (test_client.SSHClientTest)
----------------------------------------------------------------------
Traceback (most recent call last):
  File "tests/test_client.py", line 101, in tearDown
    getattr(self, attr).close()
  File "/home/travis/build/paramiko/paramiko/paramiko/transport.py", line 644, in close
    self.stop_thread()
  File "/home/travis/build/paramiko/paramiko/paramiko/transport.py", line 1543, in stop_thread
    and not self.sock._closed and not self.packetizer.closed
AttributeError: '_socketobject' object has no attribute '_closed'

======================================================================
ERROR: test_client_rsa (test_client.SSHClientTest)
----------------------------------------------------------------------
Traceback (most recent call last):
  File "tests/test_client.py", line 101, in tearDown
    getattr(self, attr).close()
  File "/home/travis/build/paramiko/paramiko/paramiko/client.py", line 388, in close
    self._transport.close()
  File "/home/travis/build/paramiko/paramiko/paramiko/transport.py", line 644, in close
    self.stop_thread()
  File "/home/travis/build/paramiko/paramiko/paramiko/transport.py", line 1543, in stop_thread
    and not self.sock._closed and not self.packetizer.closed
AttributeError: '_socketobject' object has no attribute '_closed'

======================================================================
ERROR: test_multiple_key_files_failure (test_client.SSHClientTest)
----------------------------------------------------------------------
Traceback (most recent call last):
  File "tests/test_client.py", line 101, in tearDown
    getattr(self, attr).close()
  File "/home/travis/build/paramiko/paramiko/paramiko/client.py", line 388, in close
    self._transport.close()
  File "/home/travis/build/paramiko/paramiko/paramiko/transport.py", line 644, in close
    self.stop_thread()
  File "/home/travis/build/paramiko/paramiko/paramiko/transport.py", line 1543, in stop_thread
    and not self.sock._closed and not self.packetizer.closed
AttributeError: '_socketobject' object has no attribute '_closed'

----------------------------------------------------------------------
Ran 163 tests in 36.569s

FAILED (errors=40)
Error in atexit._run_exitfuncs:
Traceback (most recent call last):
  File "/opt/python/2.7.9/lib/python2.7/atexit.py", line 24, in _run_exitfuncs
    func(*targs, **kargs)
  File "/home/travis/build/paramiko/paramiko/paramiko/transport.py", line 79, in _join_lingering_threads
    thr.stop_thread()
  File "/home/travis/build/paramiko/paramiko/paramiko/transport.py", line 1543, in stop_thread
    and not self.sock._closed and not self.packetizer.closed
AttributeError: 'LoopSocket' object has no attribute '_closed'
Error in sys.exitfunc:
Traceback (most recent call last):
  File "/opt/python/2.7.9/lib/python2.7/atexit.py", line 24, in _run_exitfuncs
    func(*targs, **kargs)
  File "/home/travis/build/paramiko/paramiko/paramiko/transport.py", line 79, in _join_lingering_threads
    thr.stop_thread()
  File "/home/travis/build/paramiko/paramiko/paramiko/transport.py", line 1543, in stop_thread
    and not self.sock._closed and not self.packetizer.closed
AttributeError: 'LoopSocket' object has no attribute '_closed'

travis_time:end:19b357e4:start=1465713011187739745,finish=1465713052797971793,duration=41610232048[0K
[31;1mThe command "inv test --coverage" exited with 1.[0m
travis_time:start:04444964[0K$ invoke docs -o -W www -o -W
[01mRunning Sphinx v1.4.3[39;49;00m
making output directory...
[01mloading pickled environment... [39;49;00mnot yet created
loading intersphinx inventory from http://docs.python.org/2.6/objects.inv...
intersphinx inventory has moved: http://docs.python.org/2.6 -> https://docs.python.org/2.6
[01mbuilding [mo]: [39;49;00mtargets for 0 po files that are out of date
[01mbuilding [html][39;49;00m: targets for 19 source files that are out of date
[01mupdating environment: [39;49;00m19 added, 0 changed, 0 removed
[01mreading sources... [39;49;00m[  5%] [35mapi/agent[39;49;00m                                             [01mreading sources... [39;49;00m[ 10%] [35mapi/buffered_pipe[39;49;00m                                     [01mreading sources... [39;49;00m[ 15%] [35mapi/channel[39;49;00m                                           [01mreading sources... [39;49;00m[ 21%] [35mapi/client[39;49;00m                                            [01mreading sources... [39;49;00m[ 26%] [35mapi/config[39;49;00m                                            [01mreading sources... [39;49;00m[ 31%] [35mapi/file[39;49;00m                                              [01mreading sources... [39;49;00m[ 36%] [35mapi/hostkeys[39;49;00m                                          [01mreading sources... [39;49;00m[ 42%] [35mapi/kex_gss[39;49;00m                                           [01mreading sources... [39;49;00m[ 47%] [35mapi/keys[39;49;00m                                              [01mreading sources... [39;49;00m[ 52%] [35mapi/message[39;49;00m                                           [01mreading sources... [39;49;00m[ 57%] [35mapi/packet[39;49;00m                                            [01mreading sources... [39;49;00m[ 63%] [35mapi/pipe[39;49;00m                                              [01mreading sources... [39;49;00m[ 68%] [35mapi/proxy[39;49;00m                                             [01mreading sources... [39;49;00m[ 73%] [35mapi/server[39;49;00m                                            [01mreading sources... [39;49;00m[ 78%] [35mapi/sftp[39;49;00m                                              [01mreading sources... [39;49;00m[ 84%] [35mapi/ssh_exception[39;49;00m                                     [01mreading sources... [39;49;00m[ 89%] [35mapi/ssh_gss[39;49;00m                                           [01mreading sources... [39;49;00m[ 94%] [35mapi/transport[39;49;00m                                         [01mreading sources... [39;49;00m[100%] [35mindex[39;49;00m                                                 
[01mlooking for now-outdated files... [39;49;00mnone found
[01mpickling environment... [39;49;00mdone
[01mchecking consistency... [39;49;00mdone
[01mpreparing documents... [39;49;00mdone
[01mwriting output... [39;49;00m[  5%] [32mapi/agent[39;49;00m                                              [01mwriting output... [39;49;00m[ 10%] [32mapi/buffered_pipe[39;49;00m                                      [01mwriting output... [39;49;00m[ 15%] [32mapi/channel[39;49;00m                                            [01mwriting output... [39;49;00m[ 21%] [32mapi/client[39;49;00m                                             [01mwriting output... [39;49;00m[ 26%] [32mapi/config[39;49;00m                                             [01mwriting output... [39;49;00m[ 31%] [32mapi/file[39;49;00m                                               [01mwriting output... [39;49;00m[ 36%] [32mapi/hostkeys[39;49;00m                                           [01mwriting output... [39;49;00m[ 42%] [32mapi/kex_gss[39;49;00m                                            [01mwriting output... [39;49;00m[ 47%] [32mapi/keys[39;49;00m                                               [01mwriting output... [39;49;00m[ 52%] [32mapi/message[39;49;00m                                            [01mwriting output... [39;49;00m[ 57%] [32mapi/packet[39;49;00m                                             [01mwriting output... [39;49;00m[ 63%] [32mapi/pipe[39;49;00m                                               [01mwriting output... [39;49;00m[ 68%] [32mapi/proxy[39;49;00m                                              [01mwriting output... [39;49;00m[ 73%] [32mapi/server[39;49;00m                                             [01mwriting output... [39;49;00m[ 78%] [32mapi/sftp[39;49;00m                                               [01mwriting output... [39;49;00m[ 84%] [32mapi/ssh_exception[39;49;00m                                      [01mwriting output... [39;49;00m[ 89%] [32mapi/ssh_gss[39;49;00m                                            [01mwriting output... [39;49;00m[ 94%] [32mapi/transport[39;49;00m                                          [01mwriting output... [39;49;00m[100%] [32mindex[39;49;00m                                                  
[01mgenerating indices...[39;49;00m genindex py-modindex
[01mwriting additional pages...[39;49;00m search
[01mcopying static files... [39;49;00mdone
[01mcopying extra files... [39;49;00mdone
[01mdumping search index in English (code: en) ... [39;49;00mdone
[01mdumping object inventory... [39;49;00mdone
[01mbuild succeeded.[39;49;00m
[01mRunning Sphinx v1.4.3[39;49;00m
making output directory...
[01mloading pickled environment... [39;49;00mnot yet created
loading intersphinx inventory from http://docs.python.org/2.6/objects.inv...
intersphinx inventory has moved: http://docs.python.org/2.6 -> https://docs.python.org/2.6
loading intersphinx inventory from /home/travis/build/paramiko/paramiko/sites/www/../docs/_build/objects.inv...
[01mbuilding [mo]: [39;49;00mtargets for 0 po files that are out of date
[01mbuilding [html][39;49;00m: targets for 6 source files that are out of date
[01mupdating environment: [39;49;00m6 added, 0 changed, 0 removed
[01mreading sources... [39;49;00m[ 16%] [35mchangelog[39;49;00m                                             [01mreading sources... [39;49;00m[ 33%] [35mcontact[39;49;00m                                               [01mreading sources... [39;49;00m[ 50%] [35mcontributing[39;49;00m                                          [01mreading sources... [39;49;00m[ 66%] [35mfaq[39;49;00m                                                   [01mreading sources... [39;49;00m[ 83%] [35mindex[39;49;00m                                                 [01mreading sources... [39;49;00m[100%] [35minstalling[39;49;00m                                            
[01mlooking for now-outdated files... [39;49;00mnone found
[01mpickling environment... [39;49;00mdone
[01mchecking consistency... [39;49;00mdone
[01mpreparing documents... [39;49;00mdone
[01mwriting output... [39;49;00m[ 16%] [32mchangelog[39;49;00m                                              [01mwriting output... [39;49;00m[ 33%] [32mcontact[39;49;00m                                                [01mwriting output... [39;49;00m[ 50%] [32mcontributing[39;49;00m                                           [01mwriting output... [39;49;00m[ 66%] [32mfaq[39;49;00m                                                    [01mwriting output... [39;49;00m[ 83%] [32mindex[39;49;00m                                                  [01mwriting output... [39;49;00m[100%] [32minstalling[39;49;00m                                             
[01mgenerating indices...[39;49;00m genindex
[01mwriting additional pages...[39;49;00m search
[01mcopying static files... [39;49;00mdone
[01mcopying extra files... [39;49;00mdone
[01mdumping search index in English (code: en) ... [39;49;00mdone
[01mdumping object inventory... [39;49;00mdone
[01mbuild succeeded.[39;49;00m

travis_time:end:04444964:start=1465713052801904191,finish=1465713079482466740,duration=26680562549[0K
[32;1mThe command "invoke docs -o -W www -o -W" exited with 0.[0m
travis_fold:start:cache.2[0Kstore build cache
travis_time:start:1a4595c6[0K
travis_time:end:1a4595c6:start=1465713079487147451,finish=1465713079490755908,duration=3608457[0Ktravis_time:start:0d006e0c[0K[32;1mchange detected (content changed, file is created, or file is deleted):
/home/travis/.cache/pip/http/0/e/7/b/9/0e7b99547a0247a24df2175f35e166cf96f0194417e99b4851dbf306
/home/travis/.cache/pip/http/1/6/c/0/a/16c0a548c0c7afeaacb56da8e61131e0c5170decf39c9f6df1f3cd07
/home/travis/.cache/pip/http/1/b/8/4/3/1b843694276f9314098fbdeeb5b682016144709c2c46ab7480beb11c
/home/travis/.cache/pip/http/2/f/6/0/e/2f60ee2e6b2f8d9d74debb0760385405e98f6d110bddba8ef79ec89c
/home/travis/.cache/pip/http/3/c/3/7/a/3c37a5dd5044936b084b1d3a8df72098556842635bb91eba2b554622
/home/travis/.cache/pip/http/4/7/2/3/1/472310d10a1408ab00188f6550b258fc30b406062090194293a2ded4
/home/travis/.cache/pip/http/5/2/f/0/f/52f0f61ad7788fe4ba0d60b69f9387a7286ab051169eea384b510075
/home/travis/.cache/pip/http/5/8/d/3/f/58d3fdd3dc95980762efa0b0fbd69febef7a6629ad9305512fdf14b3
/home/travis/.cache/pip/http/6/3/c/4/2/63c426d150091b9663b3d4923999b229a56ede976ab93677382d9562
/home/travis/.cache/pip/http/6/f/5/c/1/6f5c16dd1d9ed604427409462cd977c17465e72205983736202c0eef
/home/travis/.cache/pip/http/8/8/7/a/6/88
[0m
[32;1m...
[0m
[32;1mchanges detected, packing new archive[0m
[32;1muploading archive[0m

travis_time:end:0d006e0c:start=1465713079494780511,finish=1465713081419403685,duration=1924623174[0Ktravis_fold:end:cache.2[0K
Done. Your build exited with 1.
