Using worker: worker-linux-docker-8b81ce0d.prod.travis-ci.org:travis-linux-6

travis_fold:start:system_info[0K[33;1mBuild system information[0m
Build language: java
Build group: stable
Build dist: precise
[34m[1mBuild image provisioning date and time[0m
Thu Feb  5 15:09:33 UTC 2015
[34m[1mOperating System Details[0m
Distributor ID:	Ubuntu
Description:	Ubuntu 12.04.5 LTS
Release:	12.04
Codename:	precise
[34m[1mLinux Version[0m
3.13.0-29-generic
[34m[1mCookbooks Version[0m
a68419e https://github.com/travis-ci/travis-cookbooks/tree/a68419e
[34m[1mGCC version[0m
gcc (Ubuntu/Linaro 4.6.3-1ubuntu5) 4.6.3
Copyright (C) 2011 Free Software Foundation, Inc.
This is free software; see the source for copying conditions.  There is NO
warranty; not even for MERCHANTABILITY or FITNESS FOR A PARTICULAR PURPOSE.

[34m[1mLLVM version[0m
clang version 3.4 (tags/RELEASE_34/final)
Target: x86_64-unknown-linux-gnu
Thread model: posix
[34m[1mPre-installed Ruby versions[0m
ruby-1.9.3-p551
[34m[1mPre-installed Node.js versions[0m
v0.10.36
[34m[1mPre-installed Go versions[0m
1.4.1
[34m[1mRedis version[0m
redis-server 2.8.19
[34m[1mriak version[0m
2.0.2
[34m[1mMongoDB version[0m
MongoDB 2.4.12
[34m[1mCouchDB version[0m
couchdb 1.6.1
[34m[1mNeo4j version[0m
1.9.4
[34m[1mRabbitMQ Version[0m
3.4.3
[34m[1mElasticSearch version[0m
1.4.0
[34m[1mInstalled Sphinx versions[0m
2.0.10
2.1.9
2.2.6
[34m[1mDefault Sphinx version[0m
2.2.6
[34m[1mInstalled Firefox version[0m
firefox 31.0esr
[34m[1mPhantomJS version[0m
1.9.8
[34m[1mant -version[0m
Apache Ant(TM) version 1.8.2 compiled on December 3 2011
[34m[1mmvn -version[0m
Apache Maven 3.2.5 (12a6b3acb947671f09b81f49094c53f426d8cea1; 2014-12-14T17:29:23+00:00)
Maven home: /usr/local/maven
Java version: 1.7.0_76, vendor: Oracle Corporation
Java home: /usr/lib/jvm/java-7-oracle/jre
Default locale: en_US, platform encoding: ANSI_X3.4-1968
OS name: "linux", version: "3.13.0-29-generic", arch: "amd64", family: "unix"
travis_fold:end:system_info[0K
travis_fold:start:fix.CVE-2015-7547[0K$ export DEBIAN_FRONTEND=noninteractive
W: Size of file /var/lib/apt/lists/ppa.launchpad.net_ubuntugis_ppa_ubuntu_dists_precise_main_binary-amd64_Packages.gz is not what the server reported 36669 36677
W: Size of file /var/lib/apt/lists/ppa.launchpad.net_ubuntugis_ppa_ubuntu_dists_precise_main_binary-i386_Packages.gz is not what the server reported 36729 36733
W: Size of file /var/lib/apt/lists/us.archive.ubuntu.com_ubuntu_dists_precise-backports_multiverse_source_Sources.gz is not what the server reported 5886 5888
Reading package lists...
Building dependency tree...
Reading state information...
The following extra packages will be installed:
  libc-bin libc-dev-bin libc6-dev
Suggested packages:
  glibc-doc
The following packages will be upgraded:
  libc-bin libc-dev-bin libc6 libc6-dev
4 upgraded, 0 newly installed, 0 to remove and 252 not upgraded.
Need to get 8,840 kB of archives.
After this operation, 14.3 kB disk space will be freed.
Get:1 http://us.archive.ubuntu.com/ubuntu/ precise-updates/main libc6-dev amd64 2.15-0ubuntu10.15 [2,943 kB]
Get:2 http://us.archive.ubuntu.com/ubuntu/ precise-updates/main libc-dev-bin amd64 2.15-0ubuntu10.15 [84.7 kB]
Get:3 http://us.archive.ubuntu.com/ubuntu/ precise-updates/main libc-bin amd64 2.15-0ubuntu10.15 [1,177 kB]
Get:4 http://us.archive.ubuntu.com/ubuntu/ precise-updates/main libc6 amd64 2.15-0ubuntu10.15 [4,636 kB]
Fetched 8,840 kB in 1s (6,037 kB/s)
Preconfiguring packages ...
(Reading database ... (Reading database ... 5%(Reading database ... 10%(Reading database ... 15%(Reading database ... 20%(Reading database ... 25%(Reading database ... 30%(Reading database ... 35%(Reading database ... 40%(Reading database ... 45%(Reading database ... 50%(Reading database ... 55%(Reading database ... 60%(Reading database ... 65%(Reading database ... 70%(Reading database ... 75%(Reading database ... 80%(Reading database ... 85%(Reading database ... 90%(Reading database ... 95%(Reading database ... 100%(Reading database ... 72019 files and directories currently installed.)
Preparing to replace libc6-dev 2.15-0ubuntu10.10 (using .../libc6-dev_2.15-0ubuntu10.15_amd64.deb) ...
Unpacking replacement libc6-dev ...
Preparing to replace libc-dev-bin 2.15-0ubuntu10.10 (using .../libc-dev-bin_2.15-0ubuntu10.15_amd64.deb) ...
Unpacking replacement libc-dev-bin ...
Preparing to replace libc-bin 2.15-0ubuntu10.10 (using .../libc-bin_2.15-0ubuntu10.15_amd64.deb) ...
Unpacking replacement libc-bin ...
Processing triggers for man-db ...
Setting up libc-bin (2.15-0ubuntu10.15) ...
(Reading database ... (Reading database ... 5%(Reading database ... 10%(Reading database ... 15%(Reading database ... 20%(Reading database ... 25%(Reading database ... 30%(Reading database ... 35%(Reading database ... 40%(Reading database ... 45%(Reading database ... 50%(Reading database ... 55%(Reading database ... 60%(Reading database ... 65%(Reading database ... 70%(Reading database ... 75%(Reading database ... 80%(Reading database ... 85%(Reading database ... 90%(Reading database ... 95%(Reading database ... 100%(Reading database ... 72018 files and directories currently installed.)
Preparing to replace libc6 2.15-0ubuntu10.10 (using .../libc6_2.15-0ubuntu10.15_amd64.deb) ...
Unpacking replacement libc6 ...
Setting up libc6 (2.15-0ubuntu10.15) ...
Setting up libc-dev-bin (2.15-0ubuntu10.15) ...
Setting up libc6-dev (2.15-0ubuntu10.15) ...
Processing triggers for libc-bin ...
ldconfig deferred processing now taking place
travis_fold:end:fix.CVE-2015-7547[0Kdepth=3 C = US, O = "Entrust, Inc.", OU = www.entrust.net/CPS is incorporated by reference, OU = "(c) 2006 Entrust, Inc.", CN = Entrust Root Certification Authority
verify error:num=19:self signed certificate in certificate chain
verify return:0
DONE
travis_fold:start:git.checkout[0Ktravis_time:start:07d58aaa[0K$ git clone --depth=50 --branch=metrics-tab-2 https://github.com/stagemonitor/stagemonitor.git stagemonitor/stagemonitor
Cloning into 'stagemonitor/stagemonitor'...
remote: Counting objects: 2839, done.[K
remote: Compressing objects:   0% (1/1654)   [Kremote: Compressing objects:   1% (17/1654)   [Kremote: Compressing objects:   2% (34/1654)   [Kremote: Compressing objects:   3% (50/1654)   [Kremote: Compressing objects:   4% (67/1654)   [Kremote: Compressing objects:   5% (83/1654)   [Kremote: Compressing objects:   6% (100/1654)   [Kremote: Compressing objects:   7% (116/1654)   [Kremote: Compressing objects:   8% (133/1654)   [Kremote: Compressing objects:   9% (149/1654)   [Kremote: Compressing objects:  10% (166/1654)   [Kremote: Compressing objects:  11% (182/1654)   [Kremote: Compressing objects:  12% (199/1654)   [Kremote: Compressing objects:  13% (216/1654)   [Kremote: Compressing objects:  14% (232/1654)   [Kremote: Compressing objects:  15% (249/1654)   [Kremote: Compressing objects:  16% (265/1654)   [Kremote: Compressing objects:  17% (282/1654)   [Kremote: Compressing objects:  18% (298/1654)   [Kremote: Compressing objects:  19% (315/1654)   [Kremote: Compressing objects:  20% (331/1654)   [Kremote: Compressing objects:  21% (348/1654)   [Kremote: Compressing objects:  22% (364/1654)   [Kremote: Compressing objects:  23% (381/1654)   [Kremote: Compressing objects:  24% (397/1654)   [Kremote: Compressing objects:  25% (414/1654)   [Kremote: Compressing objects:  26% (431/1654)   [Kremote: Compressing objects:  27% (447/1654)   [Kremote: Compressing objects:  28% (464/1654)   [Kremote: Compressing objects:  29% (480/1654)   [Kremote: Compressing objects:  30% (497/1654)   [Kremote: Compressing objects:  31% (513/1654)   [Kremote: Compressing objects:  32% (530/1654)   [Kremote: Compressing objects:  33% (546/1654)   [Kremote: Compressing objects:  34% (563/1654)   [Kremote: Compressing objects:  35% (579/1654)   [Kremote: Compressing objects:  36% (596/1654)   [Kremote: Compressing objects:  37% (612/1654)   [Kremote: Compressing objects:  38% (629/1654)   [Kremote: Compressing objects:  39% (646/1654)   [Kremote: Compressing objects:  40% (662/1654)   [Kremote: Compressing objects:  41% (679/1654)   [Kremote: Compressing objects:  42% (695/1654)   [Kremote: Compressing objects:  43% (712/1654)   [Kremote: Compressing objects:  44% (728/1654)   [Kremote: Compressing objects:  45% (745/1654)   [Kremote: Compressing objects:  46% (761/1654)   [Kremote: Compressing objects:  47% (778/1654)   [Kremote: Compressing objects:  48% (794/1654)   [Kremote: Compressing objects:  49% (811/1654)   [Kremote: Compressing objects:  50% (827/1654)   [Kremote: Compressing objects:  51% (844/1654)   [Kremote: Compressing objects:  52% (861/1654)   [Kremote: Compressing objects:  53% (877/1654)   [Kremote: Compressing objects:  54% (894/1654)   [Kremote: Compressing objects:  55% (910/1654)   [Kremote: Compressing objects:  56% (927/1654)   [Kremote: Compressing objects:  57% (943/1654)   [Kremote: Compressing objects:  58% (960/1654)   [Kremote: Compressing objects:  59% (976/1654)   [Kremote: Compressing objects:  60% (993/1654)   [Kremote: Compressing objects:  61% (1009/1654)   [Kremote: Compressing objects:  62% (1026/1654)   [Kremote: Compressing objects:  63% (1043/1654)   [Kremote: Compressing objects:  64% (1059/1654)   [Kremote: Compressing objects:  65% (1076/1654)   [Kremote: Compressing objects:  66% (1092/1654)   [Kremote: Compressing objects:  67% (1109/1654)   [Kremote: Compressing objects:  68% (1125/1654)   [Kremote: Compressing objects:  69% (1142/1654)   [Kremote: Compressing objects:  70% (1158/1654)   [Kremote: Compressing objects:  71% (1175/1654)   [Kremote: Compressing objects:  72% (1191/1654)   [Kremote: Compressing objects:  73% (1208/1654)   [Kremote: Compressing objects:  74% (1224/1654)   [Kremote: Compressing objects:  75% (1241/1654)   [Kremote: Compressing objects:  76% (1258/1654)   [Kremote: Compressing objects:  77% (1274/1654)   [Kremote: Compressing objects:  78% (1291/1654)   [Kremote: Compressing objects:  79% (1307/1654)   [Kremote: Compressing objects:  80% (1324/1654)   [Kremote: Compressing objects:  81% (1340/1654)   [Kremote: Compressing objects:  82% (1357/1654)   [Kremote: Compressing objects:  83% (1373/1654)   [Kremote: Compressing objects:  84% (1390/1654)   [Kremote: Compressing objects:  85% (1406/1654)   [Kremote: Compressing objects:  86% (1423/1654)   [Kremote: Compressing objects:  87% (1439/1654)   [Kremote: Compressing objects:  88% (1456/1654)   [Kremote: Compressing objects:  89% (1473/1654)   [Kremote: Compressing objects:  90% (1489/1654)   [Kremote: Compressing objects:  91% (1506/1654)   [Kremote: Compressing objects:  92% (1522/1654)   [Kremote: Compressing objects:  93% (1539/1654)   [Kremote: Compressing objects:  94% (1555/1654)   [Kremote: Compressing objects:  95% (1572/1654)   [Kremote: Compressing objects:  96% (1588/1654)   [Kremote: Compressing objects:  97% (1605/1654)   [Kremote: Compressing objects:  98% (1621/1654)   [Kremote: Compressing objects:  99% (1638/1654)   [Kremote: Compressing objects: 100% (1654/1654)   [Kremote: Compressing objects: 100% (1654/1654), done.[K
Receiving objects:   0% (1/2839)   Receiving objects:   1% (29/2839)   Receiving objects:   2% (57/2839)   Receiving objects:   3% (86/2839)   Receiving objects:   4% (114/2839)   Receiving objects:   5% (142/2839)   Receiving objects:   6% (171/2839)   Receiving objects:   7% (199/2839)   Receiving objects:   8% (228/2839)   Receiving objects:   9% (256/2839)   Receiving objects:  10% (284/2839)   Receiving objects:  11% (313/2839)   Receiving objects:  12% (341/2839)   Receiving objects:  13% (370/2839)   Receiving objects:  14% (398/2839)   Receiving objects:  15% (426/2839)   Receiving objects:  16% (455/2839)   Receiving objects:  17% (483/2839)   Receiving objects:  18% (512/2839)   Receiving objects:  19% (540/2839)   Receiving objects:  20% (568/2839)   Receiving objects:  21% (597/2839)   Receiving objects:  22% (625/2839)   Receiving objects:  23% (653/2839)   Receiving objects:  24% (682/2839)   Receiving objects:  25% (710/2839)   Receiving objects:  26% (739/2839)   Receiving objects:  27% (767/2839)   Receiving objects:  28% (795/2839)   Receiving objects:  29% (824/2839)   Receiving objects:  30% (852/2839)   Receiving objects:  31% (881/2839)   Receiving objects:  32% (909/2839)   Receiving objects:  33% (937/2839)   Receiving objects:  34% (966/2839)   Receiving objects:  35% (994/2839)   Receiving objects:  36% (1023/2839)   Receiving objects:  37% (1051/2839)   Receiving objects:  38% (1079/2839)   Receiving objects:  39% (1108/2839)   Receiving objects:  40% (1136/2839)   Receiving objects:  41% (1164/2839)   Receiving objects:  42% (1193/2839)   Receiving objects:  43% (1221/2839)   Receiving objects:  44% (1250/2839)   Receiving objects:  45% (1278/2839)   Receiving objects:  46% (1306/2839)   Receiving objects:  47% (1335/2839)   Receiving objects:  48% (1363/2839)   Receiving objects:  49% (1392/2839)   Receiving objects:  50% (1420/2839)   Receiving objects:  51% (1448/2839)   Receiving objects:  52% (1477/2839)   Receiving objects:  53% (1505/2839)   Receiving objects:  54% (1534/2839)   Receiving objects:  55% (1562/2839)   Receiving objects:  56% (1590/2839)   Receiving objects:  57% (1619/2839)   Receiving objects:  58% (1647/2839)   Receiving objects:  59% (1676/2839)   Receiving objects:  60% (1704/2839)   Receiving objects:  61% (1732/2839)   Receiving objects:  62% (1761/2839)   Receiving objects:  63% (1789/2839)   Receiving objects:  64% (1817/2839)   Receiving objects:  65% (1846/2839)   Receiving objects:  66% (1874/2839)   Receiving objects:  67% (1903/2839)   Receiving objects:  68% (1931/2839)   Receiving objects:  69% (1959/2839)   Receiving objects:  70% (1988/2839)   Receiving objects:  71% (2016/2839)   Receiving objects:  72% (2045/2839)   Receiving objects:  73% (2073/2839)   Receiving objects:  74% (2101/2839)   remote: Total 2839 (delta 833), reused 2325 (delta 593), pack-reused 0[K
Receiving objects:  75% (2130/2839)   Receiving objects:  76% (2158/2839)   Receiving objects:  77% (2187/2839)   Receiving objects:  78% (2215/2839)   Receiving objects:  79% (2243/2839)   Receiving objects:  80% (2272/2839)   Receiving objects:  81% (2300/2839)   Receiving objects:  82% (2328/2839)   Receiving objects:  83% (2357/2839)   Receiving objects:  84% (2385/2839)   Receiving objects:  85% (2414/2839)   Receiving objects:  86% (2442/2839)   Receiving objects:  87% (2470/2839)   Receiving objects:  88% (2499/2839)   Receiving objects:  89% (2527/2839)   Receiving objects:  90% (2556/2839)   Receiving objects:  91% (2584/2839)   Receiving objects:  92% (2612/2839)   Receiving objects:  93% (2641/2839)   Receiving objects:  94% (2669/2839)   Receiving objects:  95% (2698/2839)   Receiving objects:  96% (2726/2839)   Receiving objects:  97% (2754/2839)   Receiving objects:  98% (2783/2839)   Receiving objects:  99% (2811/2839)   Receiving objects: 100% (2839/2839)   Receiving objects: 100% (2839/2839), 3.63 MiB | 0 bytes/s, done.
Resolving deltas:   0% (0/833)   Resolving deltas:  11% (96/833)   Resolving deltas:  12% (100/833)   Resolving deltas:  13% (109/833)   Resolving deltas:  14% (117/833)   Resolving deltas:  15% (125/833)   Resolving deltas:  16% (141/833)   Resolving deltas:  17% (142/833)   Resolving deltas:  18% (150/833)   Resolving deltas:  19% (159/833)   Resolving deltas:  20% (167/833)   Resolving deltas:  21% (177/833)   Resolving deltas:  26% (219/833)   Resolving deltas:  27% (227/833)   Resolving deltas:  28% (234/833)   Resolving deltas:  29% (242/833)   Resolving deltas:  30% (252/833)   Resolving deltas:  32% (269/833)   Resolving deltas:  33% (275/833)   Resolving deltas:  34% (284/833)   Resolving deltas:  35% (297/833)   Resolving deltas:  36% (300/833)   Resolving deltas:  38% (319/833)   Resolving deltas:  39% (325/833)   Resolving deltas:  40% (334/833)   Resolving deltas:  41% (344/833)   Resolving deltas:  42% (351/833)   Resolving deltas:  44% (372/833)   Resolving deltas:  45% (375/833)   Resolving deltas:  46% (385/833)   Resolving deltas:  47% (398/833)   Resolving deltas:  48% (402/833)   Resolving deltas:  49% (411/833)   Resolving deltas:  50% (419/833)   Resolving deltas:  52% (438/833)   Resolving deltas:  53% (443/833)   Resolving deltas:  54% (452/833)   Resolving deltas:  56% (468/833)   Resolving deltas:  57% (475/833)   Resolving deltas:  58% (484/833)   Resolving deltas:  60% (504/833)   Resolving deltas:  61% (509/833)   Resolving deltas:  62% (520/833)   Resolving deltas:  63% (529/833)   Resolving deltas:  64% (534/833)   Resolving deltas:  65% (543/833)   Resolving deltas:  66% (550/833)   Resolving deltas:  67% (560/833)   Resolving deltas:  68% (568/833)   Resolving deltas:  69% (576/833)   Resolving deltas:  70% (589/833)   Resolving deltas:  71% (592/833)   Resolving deltas:  72% (600/833)   Resolving deltas:  74% (619/833)   Resolving deltas:  75% (627/833)   Resolving deltas:  76% (638/833)   Resolving deltas:  78% (651/833)   Resolving deltas:  79% (660/833)   Resolving deltas:  80% (667/833)   Resolving deltas:  81% (679/833)   Resolving deltas:  82% (689/833)   Resolving deltas:  83% (698/833)   Resolving deltas:  84% (706/833)   Resolving deltas:  85% (709/833)   Resolving deltas:  86% (721/833)   Resolving deltas:  87% (729/833)   Resolving deltas:  88% (735/833)   Resolving deltas:  89% (746/833)   Resolving deltas:  90% (751/833)   Resolving deltas:  91% (760/833)   Resolving deltas:  92% (767/833)   Resolving deltas:  93% (776/833)   Resolving deltas:  94% (785/833)   Resolving deltas:  95% (793/833)   Resolving deltas:  96% (800/833)   Resolving deltas:  97% (809/833)   Resolving deltas:  98% (817/833)   Resolving deltas:  99% (825/833)   Resolving deltas: 100% (833/833)   Resolving deltas: 100% (833/833), done.
Checking connectivity... done.

travis_time:end:07d58aaa:start=1468506872948156291,finish=1468506874017127501,duration=1068971210[0K$ cd stagemonitor/stagemonitor
$ git checkout -qf bf0ab37049127aa73d90ce60a21275bc4287beac
travis_fold:end:git.checkout[0K
[33;1mThis job is running on container-based infrastructure, which does not allow use of 'sudo', setuid and setguid executables.[0m
[33;1mIf you require sudo, add 'sudo: required' to your .travis.yml[0m
[33;1mSee https://docs.travis-ci.com/user/workers/container-based-infrastructure/ for details.[0m

[33;1mSetting environment variables from .travis.yml[0m
$ export GH_TOKEN=[secure]
$ export COVERITY_SCAN_TOKEN=[secure]
$ export TERM=dumb

$ jdk_switcher use oraclejdk8
Switching to Oracle JDK8 (java-8-oracle), JAVA_HOME will be set to /usr/lib/jvm/java-8-oracle
$ export TERM=dumb
travis_fold:start:cache.1[0KSetting up build cache
$ export CASHER_DIR=$HOME/.casher
travis_time:start:00f6b190[0K$ Installing caching utilities

travis_time:end:00f6b190:start=1468506877869139406,finish=1468506878054553196,duration=185413790[0Ktravis_time:start:09358521[0K
travis_time:end:09358521:start=1468506878060026545,finish=1468506878063118039,duration=3091494[0Ktravis_time:start:0d69d09a[0K[32;1mattempting to download cache archive[0m
[32;1mfetching metrics-tab-2/cache-linux-precise-3517298fec68fa461026b229805df3fc0c5454187740fecd9f4d9993c2e9a038--jdk-oraclejdk8.tgz[0m
[32;1mfound cache[0m

travis_time:end:0d69d09a:start=1468506878066679061,finish=1468506885054990194,duration=6988311133[0Ktravis_time:start:09c8fc7c[0K
travis_time:end:09c8fc7c:start=1468506885060309783,finish=1468506885065112073,duration=4802290[0Ktravis_time:start:0104fb98[0K[32;1madding /home/travis/.m2 to cache[0m
[32;1madding /home/travis/.gradle to cache[0m

travis_time:end:0104fb98:start=1468506885070461252,finish=1468506894328565224,duration=9258103972[0Ktravis_fold:end:cache.1[0K$ java -Xmx32m -version
java version "1.8.0_31"
Java(TM) SE Runtime Environment (build 1.8.0_31-b13)
Java HotSpot(TM) 64-Bit Server VM (build 25.31-b07, mixed mode)
$ javac -J-Xmx32m -version
javac 1.8.0_31
travis_fold:start:install[0Ktravis_time:start:02586f1a[0K$ ./gradlew assemble --stacktrace
Incremental java compilation is an incubating feature.
Defining custom 'build' task when using the standard Gradle lifecycle plugins has been deprecated and is scheduled to be removed in Gradle 3.0
:compileJava UP-TO-DATE
:processResources UP-TO-DATE
:classes UP-TO-DATE
:jar
:assemble
:stagemonitor-dispatcher:compileJava
:stagemonitor-dispatcher:compileJava - is not incremental (e.g. outputs have changed, no previous execution, etc.).
warning: [options] bootstrap class path not set in conjunction with -source 1.6
1 warning
:stagemonitor-dispatcher:processResources UP-TO-DATE
:stagemonitor-dispatcher:classes
:stagemonitor-dispatcher:jar
:stagemonitor-core:compileJava
:stagemonitor-core:compileJava - is not incremental (e.g. outputs have changed, no previous execution, etc.).
warning: [options] bootstrap class path not set in conjunction with -source 1.6
/home/travis/build/stagemonitor/stagemonitor/stagemonitor-core/src/main/java/org/stagemonitor/core/instrument/CallerUtil.java:7: warning: JavaLangAccess is internal proprietary API and may be removed in a future release
import sun.misc.JavaLangAccess;
               ^
/home/travis/build/stagemonitor/stagemonitor/stagemonitor-core/src/main/java/org/stagemonitor/core/instrument/CallerUtil.java:8: warning: SharedSecrets is internal proprietary API and may be removed in a future release
import sun.misc.SharedSecrets;
               ^
/home/travis/.gradle/caches/modules-2/files-2.1/net.bytebuddy/byte-buddy-agent/1.4.7/9e363cc8ad2deb6c9b472fc65f8f29e8009d127d/byte-buddy-agent-1.4.7.jar(net/bytebuddy/agent/ByteBuddyAgent.class): warning: Cannot find annotation method 'value()' in type 'SuppressFBWarnings': class file for edu.umd.cs.findbugs.annotations.SuppressFBWarnings not found
/home/travis/.gradle/caches/modules-2/files-2.1/net.bytebuddy/byte-buddy-agent/1.4.7/9e363cc8ad2deb6c9b472fc65f8f29e8009d127d/byte-buddy-agent-1.4.7.jar(net/bytebuddy/agent/ByteBuddyAgent.class): warning: Cannot find annotation method 'justification()' in type 'SuppressFBWarnings'
/home/travis/.gradle/caches/modules-2/files-2.1/net.bytebuddy/byte-buddy-agent/1.4.7/9e363cc8ad2deb6c9b472fc65f8f29e8009d127d/byte-buddy-agent-1.4.7.jar(net/bytebuddy/agent/ByteBuddyAgent$AttachmentProvider.class): warning: Cannot find annotation method 'value()' in type 'SuppressFBWarnings'
/home/travis/.gradle/caches/modules-2/files-2.1/net.bytebuddy/byte-buddy-agent/1.4.7/9e363cc8ad2deb6c9b472fc65f8f29e8009d127d/byte-buddy-agent-1.4.7.jar(net/bytebuddy/agent/ByteBuddyAgent$AttachmentProvider.class): warning: Cannot find annotation method 'justification()' in type 'SuppressFBWarnings'
/home/travis/.gradle/caches/modules-2/files-2.1/net.bytebuddy/byte-buddy/1.4.7/f492f25100adb2eb0fa53dc6b0cc81568a466326/byte-buddy-1.4.7.jar(net/bytebuddy/dynamic/scaffold/MethodGraph$Compiler.class): warning: Cannot find annotation method 'value()' in type 'SuppressFBWarnings'
/home/travis/.gradle/caches/modules-2/files-2.1/net.bytebuddy/byte-buddy/1.4.7/f492f25100adb2eb0fa53dc6b0cc81568a466326/byte-buddy-1.4.7.jar(net/bytebuddy/dynamic/scaffold/MethodGraph$Compiler.class): warning: Cannot find annotation method 'justification()' in type 'SuppressFBWarnings'
/home/travis/.gradle/caches/modules-2/files-2.1/net.bytebuddy/byte-buddy/1.4.7/f492f25100adb2eb0fa53dc6b0cc81568a466326/byte-buddy-1.4.7.jar(net/bytebuddy/implementation/auxiliary/AuxiliaryType.class): warning: Cannot find annotation method 'value()' in type 'SuppressFBWarnings'
/home/travis/.gradle/caches/modules-2/files-2.1/net.bytebuddy/byte-buddy/1.4.7/f492f25100adb2eb0fa53dc6b0cc81568a466326/byte-buddy-1.4.7.jar(net/bytebuddy/implementation/auxiliary/AuxiliaryType.class): warning: Cannot find annotation method 'justification()' in type 'SuppressFBWarnings'
/home/travis/.gradle/caches/modules-2/files-2.1/net.bytebuddy/byte-buddy/1.4.7/f492f25100adb2eb0fa53dc6b0cc81568a466326/byte-buddy-1.4.7.jar(net/bytebuddy/ClassFileVersion.class): warning: Cannot find annotation method 'value()' in type 'SuppressFBWarnings'
/home/travis/.gradle/caches/modules-2/files-2.1/net.bytebuddy/byte-buddy/1.4.7/f492f25100adb2eb0fa53dc6b0cc81568a466326/byte-buddy-1.4.7.jar(net/bytebuddy/ClassFileVersion.class): warning: Cannot find annotation method 'justification()' in type 'SuppressFBWarnings'
/home/travis/build/stagemonitor/stagemonitor/stagemonitor-core/src/main/java/org/stagemonitor/core/instrument/CallerUtil.java:16: warning: SharedSecrets is internal proprietary API and may be removed in a future release
			javaLangAccessObject = SharedSecrets.getJavaLangAccess();
			                       ^
/home/travis/build/stagemonitor/stagemonitor/stagemonitor-core/src/main/java/org/stagemonitor/core/instrument/CallerUtil.java:42: warning: JavaLangAccess is internal proprietary API and may be removed in a future release
		final JavaLangAccess javaLangAccess = (JavaLangAccess) javaLangAccessObject;
		      ^
/home/travis/build/stagemonitor/stagemonitor/stagemonitor-core/src/main/java/org/stagemonitor/core/instrument/CallerUtil.java:42: warning: JavaLangAccess is internal proprietary API and may be removed in a future release
		final JavaLangAccess javaLangAccess = (JavaLangAccess) javaLangAccessObject;
		                                       ^
/home/travis/.gradle/caches/modules-2/files-2.1/net.bytebuddy/byte-buddy/1.4.7/f492f25100adb2eb0fa53dc6b0cc81568a466326/byte-buddy-1.4.7.jar(net/bytebuddy/description/type/TypeDescription$AbstractBase.class): warning: Cannot find annotation method 'value()' in type 'SuppressFBWarnings'
/home/travis/.gradle/caches/modules-2/files-2.1/net.bytebuddy/byte-buddy/1.4.7/f492f25100adb2eb0fa53dc6b0cc81568a466326/byte-buddy-1.4.7.jar(net/bytebuddy/description/type/TypeDescription$AbstractBase.class): warning: Cannot find annotation method 'justification()' in type 'SuppressFBWarnings'
/home/travis/.gradle/caches/modules-2/files-2.1/net.bytebuddy/byte-buddy/1.4.7/f492f25100adb2eb0fa53dc6b0cc81568a466326/byte-buddy-1.4.7.jar(net/bytebuddy/description/type/TypeList.class): warning: Cannot find annotation method 'value()' in type 'SuppressFBWarnings'
/home/travis/.gradle/caches/modules-2/files-2.1/net.bytebuddy/byte-buddy/1.4.7/f492f25100adb2eb0fa53dc6b0cc81568a466326/byte-buddy-1.4.7.jar(net/bytebuddy/description/type/TypeList.class): warning: Cannot find annotation method 'justification()' in type 'SuppressFBWarnings'
Note: /home/travis/build/stagemonitor/stagemonitor/stagemonitor-core/src/main/java/org/stagemonitor/core/Stagemonitor.java uses or overrides a deprecated API.
Note: Recompile with -Xlint:deprecation for details.
Note: Some input files use unchecked or unsafe operations.
Note: Recompile with -Xlint:unchecked for details.
20 warnings
:stagemonitor-core:processResources
:stagemonitor-core:classes
:stagemonitor-core:jar
:stagemonitor-requestmonitor:compileJava
:stagemonitor-requestmonitor:compileJava - is not incremental (e.g. outputs have changed, no previous execution, etc.).
warning: [options] bootstrap class path not set in conjunction with -source 1.6
/home/travis/.gradle/caches/modules-2/files-2.1/net.bytebuddy/byte-buddy/1.4.7/f492f25100adb2eb0fa53dc6b0cc81568a466326/byte-buddy-1.4.7.jar(net/bytebuddy/description/type/TypeList.class): warning: Cannot find annotation method 'value()' in type 'SuppressFBWarnings': class file for edu.umd.cs.findbugs.annotations.SuppressFBWarnings not found
/home/travis/.gradle/caches/modules-2/files-2.1/net.bytebuddy/byte-buddy/1.4.7/f492f25100adb2eb0fa53dc6b0cc81568a466326/byte-buddy-1.4.7.jar(net/bytebuddy/description/type/TypeList.class): warning: Cannot find annotation method 'justification()' in type 'SuppressFBWarnings'
Note: Some input files use unchecked or unsafe operations.
Note: Recompile with -Xlint:unchecked for details.
3 warnings
:stagemonitor-requestmonitor:processResources
:stagemonitor-requestmonitor:classes
:stagemonitor-requestmonitor:jar
:stagemonitor-alerting:compileJava
:stagemonitor-alerting:compileJava - is not incremental (e.g. outputs have changed, no previous execution, etc.).
warning: [options] bootstrap class path not set in conjunction with -source 1.6
Note: /home/travis/build/stagemonitor/stagemonitor/stagemonitor-alerting/src/main/java/org/stagemonitor/alerting/ThresholdMonitoringReporter.java uses unchecked or unsafe operations.
Note: Recompile with -Xlint:unchecked for details.
1 warning
:stagemonitor-alerting:processResources
:stagemonitor-alerting:classes
:stagemonitor-alerting:jar
:stagemonitor-dispatcher:javadoc
:stagemonitor-core:javadoc/home/travis/.gradle/caches/modules-2/files-2.1/net.bytebuddy/byte-buddy-agent/1.4.7/9e363cc8ad2deb6c9b472fc65f8f29e8009d127d/byte-buddy-agent-1.4.7.jar(net/bytebuddy/agent/ByteBuddyAgent.class): warning: Cannot find annotation method 'value()' in type 'SuppressFBWarnings': class file for edu.umd.cs.findbugs.annotations.SuppressFBWarnings not found
/home/travis/.gradle/caches/modules-2/files-2.1/net.bytebuddy/byte-buddy-agent/1.4.7/9e363cc8ad2deb6c9b472fc65f8f29e8009d127d/byte-buddy-agent-1.4.7.jar(net/bytebuddy/agent/ByteBuddyAgent.class): warning: Cannot find annotation method 'justification()' in type 'SuppressFBWarnings'
/home/travis/.gradle/caches/modules-2/files-2.1/net.bytebuddy/byte-buddy-agent/1.4.7/9e363cc8ad2deb6c9b472fc65f8f29e8009d127d/byte-buddy-agent-1.4.7.jar(net/bytebuddy/agent/ByteBuddyAgent$AttachmentProvider.class): warning: Cannot find annotation method 'value()' in type 'SuppressFBWarnings'
/home/travis/.gradle/caches/modules-2/files-2.1/net.bytebuddy/byte-buddy-agent/1.4.7/9e363cc8ad2deb6c9b472fc65f8f29e8009d127d/byte-buddy-agent-1.4.7.jar(net/bytebuddy/agent/ByteBuddyAgent$AttachmentProvider.class): warning: Cannot find annotation method 'justification()' in type 'SuppressFBWarnings'
/home/travis/build/stagemonitor/stagemonitor/stagemonitor-core/src/main/java/org/stagemonitor/core/instrument/StagemonitorByteBuddyTransformer.java:168: warning - @return tag cannot be used in method with void return type.
/home/travis/build/stagemonitor/stagemonitor/stagemonitor-core/src/main/java/org/stagemonitor/core/StagemonitorPlugin.java:42: warning - Tag @link: reference not found: org.stagemonitor.web.monitor.filter.HttpRequestMonitorFilter#destroy()
/home/travis/build/stagemonitor/stagemonitor/stagemonitor-core/src/main/java/org/stagemonitor/core/StagemonitorConfigurationSourceInitializer.java:33: warning - @param argument "configInitializedArguments@throws" is not a parameter name.
/home/travis/build/stagemonitor/stagemonitor/stagemonitor-core/src/main/java/org/stagemonitor/core/StagemonitorPlugin.java:42: warning - Tag @link: reference not found: org.stagemonitor.web.monitor.filter.HttpRequestMonitorFilter#destroy()
/home/travis/build/stagemonitor/stagemonitor/stagemonitor-core/src/main/java/org/stagemonitor/core/metrics/MetricNameFilter.java:18: warning - @return tag has no arguments.
/home/travis/build/stagemonitor/stagemonitor/stagemonitor-core/src/main/java/org/stagemonitor/core/metrics/MetricNameFilter.java:27: warning - @return tag has no arguments.
/home/travis/build/stagemonitor/stagemonitor/stagemonitor-core/src/main/java/org/stagemonitor/core/metrics/MetricNameFilter.java:37: warning - @return tag has no arguments.
/home/travis/build/stagemonitor/stagemonitor/stagemonitor-core/src/main/java/org/stagemonitor/core/metrics/MonitorGauges.java:24: warning - @{@link is an unknown tag.
/home/travis/build/stagemonitor/stagemonitor/stagemonitor-core/src/main/java/org/stagemonitor/core/util/MBeanUtils.java:73: warning - @param argument "name" is not a parameter name.
/home/travis/build/stagemonitor/stagemonitor/stagemonitor-core/src/main/java/org/stagemonitor/core/util/MBeanUtils.java:73: warning - @param argument "query" is not a parameter name.

14 warnings
:stagemonitor-requestmonitor:javadoc/home/travis/.gradle/caches/modules-2/files-2.1/net.bytebuddy/byte-buddy/1.4.7/f492f25100adb2eb0fa53dc6b0cc81568a466326/byte-buddy-1.4.7.jar(net/bytebuddy/description/type/TypeList.class): warning: Cannot find annotation method 'value()' in type 'SuppressFBWarnings': class file for edu.umd.cs.findbugs.annotations.SuppressFBWarnings not found
/home/travis/.gradle/caches/modules-2/files-2.1/net.bytebuddy/byte-buddy/1.4.7/f492f25100adb2eb0fa53dc6b0cc81568a466326/byte-buddy-1.4.7.jar(net/bytebuddy/description/type/TypeList.class): warning: Cannot find annotation method 'justification()' in type 'SuppressFBWarnings'
/home/travis/build/stagemonitor/stagemonitor/stagemonitor-requestmonitor/src/main/java/org/stagemonitor/requestmonitor/MonitoredRequest.java:27: warning - Tag @link: reference not found: javax.servlet.http.HttpServletRequest#getParameterMap()
/home/travis/build/stagemonitor/stagemonitor/stagemonitor-requestmonitor/src/main/java/org/stagemonitor/requestmonitor/MonitoredRequest.java:27: warning - Tag @link: reference not found: javax.servlet.http.HttpServletRequest#getParameterMap()

4 warnings
:stagemonitor-alerting:javadoc/home/travis/build/stagemonitor/stagemonitor/stagemonitor-alerting/src/main/java/org/stagemonitor/alerting/check/Threshold.java:112: warning - @return tag has no arguments.

1 warning
:stagemonitor-alerting:javadocJar
:stagemonitor-alerting:sourcesJar
:stagemonitor-alerting:signArchives SKIPPED
:stagemonitor-alerting:assemble
:stagemonitor-ehcache:compileJava
:stagemonitor-ehcache:compileJava - is not incremental (e.g. outputs have changed, no previous execution, etc.).
warning: [options] bootstrap class path not set in conjunction with -source 1.6
1 warning
:stagemonitor-ehcache:processResources
:stagemonitor-ehcache:classes
:stagemonitor-ehcache:jar
:stagemonitor-jdbc:compileJava
:stagemonitor-jdbc:compileJava - is not incremental (e.g. outputs have changed, no previous execution, etc.).
warning: [options] bootstrap class path not set in conjunction with -source 1.6
1 warning
:stagemonitor-jdbc:processResources
:stagemonitor-jdbc:classes
:stagemonitor-jdbc:jar
:stagemonitor-jvm:compileJava
:stagemonitor-jvm:compileJava - is not incremental (e.g. outputs have changed, no previous execution, etc.).
warning: [options] bootstrap class path not set in conjunction with -source 1.6
1 warning
:stagemonitor-jvm:processResources
:stagemonitor-jvm:classes
:stagemonitor-jvm:jar
:stagemonitor-logging:compileJava
:stagemonitor-logging:compileJava - is not incremental (e.g. outputs have changed, no previous execution, etc.).
warning: [options] bootstrap class path not set in conjunction with -source 1.6
1 warning
:stagemonitor-logging:processResources
:stagemonitor-logging:classes
:stagemonitor-logging:jar
:stagemonitor-web:compileJava
:stagemonitor-web:compileJava - is not incremental (e.g. outputs have changed, no previous execution, etc.).
warning: [options] bootstrap class path not set in conjunction with -source 1.6
Note: /home/travis/build/stagemonitor/stagemonitor/stagemonitor-web/src/main/java/org/stagemonitor/web/monitor/filter/HttpServletResponseBufferWrapper.java uses or overrides a deprecated API.
Note: Recompile with -Xlint:deprecation for details.
1 warning
:stagemonitor-web:processResources
:stagemonitor-web:classes
:stagemonitor-web:jar
:stagemonitor-benchmark:compileJava UP-TO-DATE
:stagemonitor-benchmark:processResources UP-TO-DATE
:stagemonitor-benchmark:classes UP-TO-DATE
:stagemonitor-benchmark:jar
:stagemonitor-benchmark:assemble
:stagemonitor-core:javadocJar
:stagemonitor-core:sourcesJar
:stagemonitor-core:signArchives SKIPPED
:stagemonitor-core:assemble
:stagemonitor-dispatcher:javadocJar
:stagemonitor-dispatcher:sourcesJar
:stagemonitor-dispatcher:signArchives SKIPPED
:stagemonitor-dispatcher:assemble
:stagemonitor-ehcache:javadoc
:stagemonitor-ehcache:javadocJar
:stagemonitor-ehcache:sourcesJar
:stagemonitor-ehcache:signArchives SKIPPED
:stagemonitor-ehcache:assemble
:stagemonitor-os:compileJava
:stagemonitor-os:compileJava - is not incremental (e.g. outputs have changed, no previous execution, etc.).
warning: [options] bootstrap class path not set in conjunction with -source 1.6
1 warning
:stagemonitor-os:processResources
:stagemonitor-os:classes
:stagemonitor-os:jar
:stagemonitor-grafana-elasticsearch:compileJava UP-TO-DATE
:stagemonitor-grafana-elasticsearch:processResources UP-TO-DATE
:stagemonitor-grafana-elasticsearch:classes UP-TO-DATE
:stagemonitor-grafana-elasticsearch:jar
:stagemonitor-grafana-elasticsearch:assemble
:stagemonitor-jdbc:javadoc
:stagemonitor-jdbc:javadocJar
:stagemonitor-jdbc:sourcesJar
:stagemonitor-jdbc:signArchives SKIPPED
:stagemonitor-jdbc:assemble
:stagemonitor-jvm:javadoc
:stagemonitor-jvm:javadocJar
:stagemonitor-jvm:sourcesJar
:stagemonitor-jvm:signArchives SKIPPED
:stagemonitor-jvm:assemble
:stagemonitor-logging:javadoc
:stagemonitor-logging:javadocJar
:stagemonitor-logging:sourcesJar
:stagemonitor-logging:signArchives SKIPPED
:stagemonitor-logging:assemble
:stagemonitor-os:startScripts
:stagemonitor-os:distTar
:stagemonitor-os:distZip
:stagemonitor-os:javadoc/home/travis/build/stagemonitor/stagemonitor/stagemonitor-os/src/main/java/org/stagemonitor/os/metrics/AbstractSigarMetricSet.java:39: warning - Tag @link: reference not found: T
/home/travis/build/stagemonitor/stagemonitor/stagemonitor-os/src/main/java/org/stagemonitor/os/metrics/AbstractSigarMetricSet.java:39: warning - Tag @link: reference not found: T
/home/travis/build/stagemonitor/stagemonitor/stagemonitor-os/src/main/java/org/stagemonitor/os/metrics/AbstractSigarMetricSet.java:39: warning - Tag @link: reference not found: T
/home/travis/build/stagemonitor/stagemonitor/stagemonitor-os/src/main/java/org/stagemonitor/os/SigarNativeBindingLoader.java:80: warning - Tag @see cannot be used in inline documentation.  It can only be used in the following types of documentation: overview, package, class/interface, constructor, field, method.
/home/travis/build/stagemonitor/stagemonitor/stagemonitor-os/src/main/java/org/stagemonitor/os/metrics/AbstractSigarMetricSet.java:39: warning - Tag @link: reference not found: T

5 warnings
:stagemonitor-os:javadocJar
:stagemonitor-os:sourcesJar
:stagemonitor-os:signArchives SKIPPED
:stagemonitor-os:assemble
:stagemonitor-requestmonitor:javadocJar
:stagemonitor-requestmonitor:sourcesJar
:stagemonitor-requestmonitor:signArchives SKIPPED
:stagemonitor-requestmonitor:assemble
:stagemonitor-web:javadoc/home/travis/build/stagemonitor/stagemonitor/stagemonitor-web/src/main/java/org/stagemonitor/web/monitor/filter/HtmlInjector.java:36: warning - @return tag cannot be used in method with void return type.

1 warning
:stagemonitor-web:javadocJar
:stagemonitor-web:sourcesJar
:stagemonitor-web:signArchives SKIPPED
:stagemonitor-web:assemble

BUILD SUCCESSFUL

Total time: 1 mins 53.079 secs

travis_time:end:02586f1a:start=1468506894876690881,finish=1468507008387472083,duration=113510781202[0Ktravis_fold:end:install[0Kcoverity_scan:start$ export PROJECT_NAME=stagemonitor/stagemonitor
coverity_scan:endtravis_time:start:086a67c0[0K$ ./gradlew test
Incremental java compilation is an incubating feature.
Defining custom 'build' task when using the standard Gradle lifecycle plugins has been deprecated and is scheduled to be removed in Gradle 3.0
:compileJava UP-TO-DATE
:processResources UP-TO-DATE
:classes UP-TO-DATE
:instrument SKIPPED
:copyCoberturaDatafile SKIPPED
:compileTestJava UP-TO-DATE
:processTestResources UP-TO-DATE
:testClasses UP-TO-DATE
:stagemonitor-dispatcher:compileJava UP-TO-DATE
:stagemonitor-dispatcher:processResources UP-TO-DATE
:stagemonitor-dispatcher:classes UP-TO-DATE
:stagemonitor-dispatcher:jar UP-TO-DATE
:stagemonitor-core:compileJava UP-TO-DATE
:stagemonitor-core:processResources UP-TO-DATE
:stagemonitor-core:classes UP-TO-DATE
:stagemonitor-core:jar UP-TO-DATE
:stagemonitor-requestmonitor:compileJava UP-TO-DATE
:stagemonitor-requestmonitor:processResources UP-TO-DATE
:stagemonitor-requestmonitor:classes UP-TO-DATE
:stagemonitor-requestmonitor:jar UP-TO-DATE
:stagemonitor-alerting:compileJava UP-TO-DATE
:stagemonitor-alerting:processResources UP-TO-DATE
:stagemonitor-alerting:classes UP-TO-DATE
:stagemonitor-alerting:instrument SKIPPED
:stagemonitor-alerting:copyCoberturaDatafile SKIPPED
:stagemonitor-core:compileTestJava
:stagemonitor-core:compileTestJava - is not incremental (e.g. outputs have changed, no previous execution, etc.).
Note: /home/travis/build/stagemonitor/stagemonitor/stagemonitor-core/src/test/java/org/stagemonitor/core/metrics/metrics2/Metric2RegistryTest.java uses unchecked or unsafe operations.
Note: Recompile with -Xlint:unchecked for details.
:stagemonitor-core:processTestResources
:stagemonitor-core:testClasses
:stagemonitor-alerting:compileTestJava
:stagemonitor-alerting:compileTestJava - is not incremental (e.g. outputs have changed, no previous execution, etc.).
:stagemonitor-alerting:processTestResources
:stagemonitor-alerting:testClasses
:stagemonitor-alerting:test
:stagemonitor-core:instrument SKIPPED
:stagemonitor-core:copyCoberturaDatafile SKIPPED
:stagemonitor-core:test
14:38:12.529 [Thread-14] INFO org.stagemonitor.core.CorePlugin - 
####################################################
## Aggregated report for this measurement session ##
####################################################

14:38:12.537 [Thread-14] INFO metrics - Metrics ========================================================================

-- Gauges ----------------------------------------------------------------------
name   | value
online | 1.0

-- Timers ----------------------------------------------------------------------
name                        | count     | mean      | min       | max       | stddev    | p50       | p75       | p95       | p98       | p99       | p999      | mean_rate | m1_rate   | m5_rate   | m15_rate  | rate_unit     | duration_unit
reporting_time,reporter=log |         2 |      6.63 |      4.99 |      8.27 |      1.64 |      8.27 |      8.27 |      8.27 |      8.27 |      8.27 |      8.27 |     12.02 |     12.02 |     12.02 |     12.02 | second        | milliseconds



:stagemonitor-dispatcher:instrument SKIPPED
:stagemonitor-dispatcher:copyCoberturaDatafile SKIPPED
:stagemonitor-dispatcher:compileTestJava UP-TO-DATE
:stagemonitor-dispatcher:processTestResources UP-TO-DATE
:stagemonitor-dispatcher:testClasses UP-TO-DATE
:stagemonitor-dispatcher:test UP-TO-DATE
:stagemonitor-ehcache:compileJava UP-TO-DATE
:stagemonitor-ehcache:processResources UP-TO-DATE
:stagemonitor-ehcache:classes UP-TO-DATE
:stagemonitor-ehcache:instrument SKIPPED
:stagemonitor-ehcache:copyCoberturaDatafile SKIPPED
:stagemonitor-ehcache:compileTestJava
:stagemonitor-ehcache:compileTestJava - is not incremental (e.g. outputs have changed, no previous execution, etc.).
Note: /home/travis/build/stagemonitor/stagemonitor/stagemonitor-ehcache/src/test/java/org/stagemonitor/ehcache/StagemonitorCacheUsageListenerTest.java uses or overrides a deprecated API.
Note: Recompile with -Xlint:deprecation for details.
:stagemonitor-ehcache:processTestResources UP-TO-DATE
:stagemonitor-ehcache:testClasses
:stagemonitor-ehcache:test
:stagemonitor-jdbc:compileJava UP-TO-DATE
:stagemonitor-jdbc:processResources UP-TO-DATE
:stagemonitor-jdbc:classes UP-TO-DATE
:stagemonitor-jdbc:instrument SKIPPED
:stagemonitor-jdbc:copyCoberturaDatafile SKIPPED
:stagemonitor-jdbc:compileTestJava
:stagemonitor-jdbc:compileTestJava - is not incremental (e.g. outputs have changed, no previous execution, etc.).
:stagemonitor-jdbc:processTestResources
:stagemonitor-jdbc:testClasses
:stagemonitor-jdbc:test
14:38:26.493 [Thread-8] INFO org.stagemonitor.core.CorePlugin - 
####################################################
## Aggregated report for this measurement session ##
####################################################

14:38:26.511 [Thread-8] INFO metrics - Metrics ========================================================================

-- Gauges ----------------------------------------------------------------------
name   | value
online | 1.0

-- Timers ----------------------------------------------------------------------
name                        | count     | mean      | min       | max       | stddev    | p50       | p75       | p95       | p98       | p99       | p999      | mean_rate | m1_rate   | m5_rate   | m15_rate  | rate_unit     | duration_unit
reporting_time,reporter=log |         2 |     90.97 |     57.83 |    124.10 |     33.14 |    124.10 |    124.10 |    124.10 |    124.10 |    124.10 |    124.10 |      0.74 |      0.74 |      0.74 |      0.74 | second        | milliseconds



:stagemonitor-jvm:compileJava UP-TO-DATE
:stagemonitor-jvm:processResources UP-TO-DATE
:stagemonitor-jvm:classes UP-TO-DATE
:stagemonitor-jvm:instrument SKIPPED
:stagemonitor-jvm:copyCoberturaDatafile SKIPPED
:stagemonitor-jvm:compileTestJava UP-TO-DATE
:stagemonitor-jvm:processTestResources UP-TO-DATE
:stagemonitor-jvm:testClasses UP-TO-DATE
:stagemonitor-jvm:test UP-TO-DATE
:stagemonitor-logging:compileJava UP-TO-DATE
:stagemonitor-logging:processResources UP-TO-DATE
:stagemonitor-logging:classes UP-TO-DATE
:stagemonitor-logging:instrument SKIPPED
:stagemonitor-logging:copyCoberturaDatafile SKIPPED
:stagemonitor-logging:compileTestJava
:stagemonitor-logging:compileTestJava - is not incremental (e.g. outputs have changed, no previous execution, etc.).
:stagemonitor-logging:processTestResources
:stagemonitor-logging:testClasses
:stagemonitor-logging:test
:stagemonitor-os:compileJava UP-TO-DATE
:stagemonitor-os:processResources UP-TO-DATE
:stagemonitor-os:classes UP-TO-DATE
:stagemonitor-os:instrument SKIPPED
:stagemonitor-os:copyCoberturaDatafile SKIPPED
:stagemonitor-os:compileTestJava
:stagemonitor-os:compileTestJava - is not incremental (e.g. outputs have changed, no previous execution, etc.).
:stagemonitor-os:processTestResources UP-TO-DATE
:stagemonitor-os:testClasses
:stagemonitor-os:test
:stagemonitor-requestmonitor:instrument SKIPPED
:stagemonitor-requestmonitor:copyCoberturaDatafile SKIPPED
:stagemonitor-requestmonitor:compileTestJava
:stagemonitor-requestmonitor:compileTestJava - is not incremental (e.g. outputs have changed, no previous execution, etc.).
Note: /home/travis/build/stagemonitor/stagemonitor/stagemonitor-requestmonitor/src/test/java/org/stagemonitor/requestmonitor/prof/elasticsearch/ElasticsearchSearchQueryTransformerTest.java uses or overrides a deprecated API.
Note: Recompile with -Xlint:deprecation for details.
:stagemonitor-requestmonitor:processTestResources
:stagemonitor-requestmonitor:testClasses
:stagemonitor-requestmonitor:test

org.stagemonitor.requestmonitor.reporter.ElasticsearchExternalRequestReporterTest > excludeExternalRequestsFasterThan FAILED
    org.mockito.exceptions.verification.NoInteractionsWanted: 
    No interactions wanted here:
    -> at org.stagemonitor.requestmonitor.reporter.ElasticsearchExternalRequestReporterTest.excludeExternalRequestsFasterThan(ElasticsearchExternalRequestReporterTest.java:93)
    But found this interaction on mock 'Mock for Logger, hashCode: 53018532':
    -> at org.stagemonitor.requestmonitor.reporter.ElasticsearchExternalRequestReporter.reportExternalRequestsToElasticsearch(ElasticsearchExternalRequestReporter.java:82)
    ***
    For your reference, here is the list of all invocations ([?] - means unverified).
    1. -> at org.stagemonitor.requestmonitor.reporter.ElasticsearchExternalRequestReporter.reportExternalRequestsToElasticsearch(ElasticsearchExternalRequestReporter.java:82)
    2. [?]-> at org.stagemonitor.requestmonitor.reporter.ElasticsearchExternalRequestReporter.reportExternalRequestsToElasticsearch(ElasticsearchExternalRequestReporter.java:82)
        at org.stagemonitor.requestmonitor.reporter.ElasticsearchExternalRequestReporterTest.excludeExternalRequestsFasterThan(ElasticsearchExternalRequestReporterTest.java:93)

org.stagemonitor.requestmonitor.reporter.ElasticsearchExternalRequestReporterTest > testElasticsearchExcludeFastCallTree FAILED
    org.mockito.exceptions.verification.NoInteractionsWanted: 
    No interactions wanted here:
    -> at org.stagemonitor.requestmonitor.reporter.ElasticsearchExternalRequestReporterTest.testElasticsearchExcludeFastCallTree(ElasticsearchExternalRequestReporterTest.java:104)
    But found this interaction on mock 'Mock for Logger, hashCode: 1929471339':
    -> at org.stagemonitor.requestmonitor.reporter.ElasticsearchExternalRequestReporter.reportExternalRequestsToElasticsearch(ElasticsearchExternalRequestReporter.java:82)
    ***
    For your reference, here is the list of all invocations ([?] - means unverified).
    1. -> at org.stagemonitor.requestmonitor.reporter.ElasticsearchExternalRequestReporter.reportExternalRequestsToElasticsearch(ElasticsearchExternalRequestReporter.java:82)
    2. [?]-> at org.stagemonitor.requestmonitor.reporter.ElasticsearchExternalRequestReporter.reportExternalRequestsToElasticsearch(ElasticsearchExternalRequestReporter.java:82)
        at org.stagemonitor.requestmonitor.reporter.ElasticsearchExternalRequestReporterTest.testElasticsearchExcludeFastCallTree(ElasticsearchExternalRequestReporterTest.java:104)

org.stagemonitor.requestmonitor.reporter.ElasticsearchExternalRequestReporterTest > reportRequestTraceRateLimited FAILED
    org.mockito.exceptions.verification.NoInteractionsWanted: 
    No interactions wanted here:
    -> at org.stagemonitor.requestmonitor.reporter.ElasticsearchExternalRequestReporterTest.reportRequestTraceRateLimited(ElasticsearchExternalRequestReporterTest.java:81)
    But found this interaction on mock 'Mock for Logger, hashCode: 1229268109':
    -> at org.stagemonitor.requestmonitor.reporter.ElasticsearchExternalRequestReporter.reportExternalRequestsToElasticsearch(ElasticsearchExternalRequestReporter.java:82)
    ***
    For your reference, here is the list of all invocations ([?] - means unverified).
    1. -> at org.stagemonitor.requestmonitor.reporter.ElasticsearchExternalRequestReporter.reportExternalRequestsToElasticsearch(ElasticsearchExternalRequestReporter.java:82)
    2. [?]-> at org.stagemonitor.requestmonitor.reporter.ElasticsearchExternalRequestReporter.reportExternalRequestsToElasticsearch(ElasticsearchExternalRequestReporter.java:82)
        at org.stagemonitor.requestmonitor.reporter.ElasticsearchExternalRequestReporterTest.reportRequestTraceRateLimited(ElasticsearchExternalRequestReporterTest.java:81)

org.stagemonitor.requestmonitor.reporter.ElasticsearchRequestTraceReporterIntegrationTest > reportRequestTrace FAILED
    java.lang.AssertionError: expected:<1> but was:<0>
        at org.junit.Assert.fail(Assert.java:88)
        at org.junit.Assert.failNotEquals(Assert.java:834)
        at org.junit.Assert.assertEquals(Assert.java:645)
        at org.junit.Assert.assertEquals(Assert.java:631)
        at org.stagemonitor.requestmonitor.reporter.ElasticsearchRequestTraceReporterIntegrationTest.reportRequestTrace(ElasticsearchRequestTraceReporterIntegrationTest.java:47)

org.stagemonitor.requestmonitor.reporter.ElasticsearchRequestTraceReporterTest > testReportRequestTrace FAILED
    Wanted but not invoked:
    elasticsearchClient.index(
        isA(java.lang.String),
        isA(java.lang.String),
        <any>
    );
    -> at org.stagemonitor.requestmonitor.reporter.ElasticsearchRequestTraceReporterTest.testReportRequestTrace(ElasticsearchRequestTraceReporterTest.java:55)
    Actually, there were zero interactions with this mock.
        at org.stagemonitor.requestmonitor.reporter.ElasticsearchRequestTraceReporterTest.testReportRequestTrace(ElasticsearchRequestTraceReporterTest.java:55)

org.stagemonitor.requestmonitor.reporter.ElasticsearchRequestTraceReporterTest > testElasticsearchExcludeCallTree FAILED
    Wanted but not invoked:
    elasticsearchClient.index(
        isA(java.lang.String),
        isA(java.lang.String),
        <Capturing argument>
    );
    -> at org.stagemonitor.requestmonitor.reporter.ElasticsearchRequestTraceReporterTest.testElasticsearchExcludeCallTree(ElasticsearchRequestTraceReporterTest.java:114)
    Actually, there were zero interactions with this mock.
        at org.stagemonitor.requestmonitor.reporter.ElasticsearchRequestTraceReporterTest.testElasticsearchExcludeCallTree(ElasticsearchRequestTraceReporterTest.java:114)

org.stagemonitor.requestmonitor.reporter.ElasticsearchRequestTraceReporterTest > testElasticsearchDontExcludeSlowCallTree FAILED
    Wanted but not invoked:
    elasticsearchClient.index(
        isA(java.lang.String),
        isA(java.lang.String),
        isA(org.stagemonitor.requestmonitor.RequestTrace)
    );
    -> at org.stagemonitor.requestmonitor.reporter.ElasticsearchRequestTraceReporterTest.testElasticsearchDontExcludeSlowCallTree(ElasticsearchRequestTraceReporterTest.java:153)
    Actually, there were zero interactions with this mock.
        at org.stagemonitor.requestmonitor.reporter.ElasticsearchRequestTraceReporterTest.testElasticsearchDontExcludeSlowCallTree(ElasticsearchRequestTraceReporterTest.java:153)

org.stagemonitor.requestmonitor.reporter.ElasticsearchRequestTraceReporterTest > testElasticsearchExcludeFastCallTree FAILED
    Wanted but not invoked:
    elasticsearchClient.index(
        isA(java.lang.String),
        isA(java.lang.String),
        isA(org.stagemonitor.requestmonitor.RequestTrace)
    );
    -> at org.stagemonitor.requestmonitor.reporter.ElasticsearchRequestTraceReporterTest.testElasticsearchExcludeFastCallTree(ElasticsearchRequestTraceReporterTest.java:142)
    Actually, there were zero interactions with this mock.
        at org.stagemonitor.requestmonitor.reporter.ElasticsearchRequestTraceReporterTest.testElasticsearchExcludeFastCallTree(ElasticsearchRequestTraceReporterTest.java:142)

org.stagemonitor.requestmonitor.reporter.ElasticsearchRequestTraceReporterTest > testLogReportRequestTrace FAILED
    Wanted but not invoked:
    logger.info(
        startsWith("{"index":{"_index":"stagemonitor-requests-2016.07.14","_type":"requests"}}
    {")
    );
    -> at org.stagemonitor.requestmonitor.reporter.ElasticsearchRequestTraceReporterTest.testLogReportRequestTrace(ElasticsearchRequestTraceReporterTest.java:68)
    Actually, there were zero interactions with this mock.
        at org.stagemonitor.requestmonitor.reporter.ElasticsearchRequestTraceReporterTest.testLogReportRequestTrace(ElasticsearchRequestTraceReporterTest.java:68)

org.stagemonitor.requestmonitor.reporter.ElasticsearchRequestTraceReporterTest > testInterceptorServiceLoader FAILED
    Wanted but not invoked:
    elasticsearchClient.index(
        isA(java.lang.String),
        isA(java.lang.String),
        <Capturing argument>
    );
    -> at org.stagemonitor.requestmonitor.reporter.ElasticsearchRequestTraceReporterTest.testInterceptorServiceLoader(ElasticsearchRequestTraceReporterTest.java:163)
    Actually, there were zero interactions with this mock.
        at org.stagemonitor.requestmonitor.reporter.ElasticsearchRequestTraceReporterTest.testInterceptorServiceLoader(ElasticsearchRequestTraceReporterTest.java:163)

org.stagemonitor.requestmonitor.reporter.ElasticsearchRequestTraceReporterTest > testElasticsearchDontExcludeCallTree FAILED
    Wanted but not invoked:
    elasticsearchClient.index(
        isA(java.lang.String),
        isA(java.lang.String),
        <Capturing argument>
    );
    -> at org.stagemonitor.requestmonitor.reporter.ElasticsearchRequestTraceReporterTest.testElasticsearchDontExcludeCallTree(ElasticsearchRequestTraceReporterTest.java:130)
    Actually, there were zero interactions with this mock.
        at org.stagemonitor.requestmonitor.reporter.ElasticsearchRequestTraceReporterTest.testElasticsearchDontExcludeCallTree(ElasticsearchRequestTraceReporterTest.java:130)
14:39:00.459 [Thread-8] INFO org.stagemonitor.core.CorePlugin - 
####################################################
## Aggregated report for this measurement session ##
####################################################

14:39:00.470 [Thread-8] INFO metrics - Metrics ========================================================================

-- Gauges ----------------------------------------------------------------------
name   | value
online | 1.0

-- Timers ----------------------------------------------------------------------
name                                                                                                                    | count     | mean      | min       | max       | stddev    | p50       | p75       | p95       | p98       | p99       | p999      | mean_rate | m1_rate   | m5_rate   | m15_rate  | rate_unit     | duration_unit
response_time_server,layer=All,request_name=RemoteEjbMonitorTransformerTest$RemoteInterfaceWithRemoteAnnotationImpl#bar |         1 |      0.64 |      0.64 |      0.64 |      0.00 |      0.64 |      0.64 |      0.64 |      0.64 |      0.64 |      0.64 |      0.07 |      0.07 |      0.07 |      0.07 | second        | milliseconds
                    response_time_server,layer=All,request_name=RemoteEjbMonitorTransformerTest$RemoteInterfaceImpl#foo |         1 |      0.59 |      0.59 |      0.59 |      0.00 |      0.59 |      0.59 |      0.59 |      0.59 |      0.59 |      0.59 |      0.07 |      0.07 |      0.07 |      0.07 | second        | milliseconds
                                                                        response_time_server,layer=All,request_name=All |         3 |      0.56 |      0.44 |      0.64 |      0.08 |      0.59 |      0.64 |      0.64 |      0.64 |      0.64 |      0.64 |      0.22 |      0.22 |      0.22 |      0.22 | second        | milliseconds
response_time_server,layer=All,request_name=RemoteEjbMonitorTransformerTest$RemoteInterfaceWithRemoteAnnotationImpl#foo |         1 |      0.44 |      0.44 |      0.44 |      0.00 |      0.44 |      0.44 |      0.44 |      0.44 |      0.44 |      0.44 |      0.07 |      0.07 |      0.07 |      0.07 | second        | milliseconds




72 tests completed, 11 failed, 1 skipped
:stagemonitor-requestmonitor:test FAILED
:stagemonitor-alerting:generateCoberturaReport SKIPPED
:stagemonitor-alerting:performCoverageCheck SKIPPED
:stagemonitor-core:generateCoberturaReport SKIPPED
:stagemonitor-core:performCoverageCheck SKIPPED
:stagemonitor-dispatcher:generateCoberturaReport SKIPPED
:stagemonitor-dispatcher:performCoverageCheck SKIPPED
:stagemonitor-ehcache:generateCoberturaReport SKIPPED
:stagemonitor-ehcache:performCoverageCheck SKIPPED
:stagemonitor-jdbc:generateCoberturaReport SKIPPED
:stagemonitor-jdbc:performCoverageCheck SKIPPED
:stagemonitor-jvm:generateCoberturaReport SKIPPED
:stagemonitor-jvm:performCoverageCheck SKIPPED
:stagemonitor-logging:generateCoberturaReport SKIPPED
:stagemonitor-logging:performCoverageCheck SKIPPED
:stagemonitor-os:generateCoberturaReport SKIPPED
:stagemonitor-os:performCoverageCheck SKIPPED
:stagemonitor-requestmonitor:generateCoberturaReport SKIPPED
:stagemonitor-requestmonitor:performCoverageCheck SKIPPED

FAILURE: Build failed with an exception.

* What went wrong:
Execution failed for task ':stagemonitor-requestmonitor:test'.
> There were failing tests. See the report at: file:///home/travis/build/stagemonitor/stagemonitor/stagemonitor-requestmonitor/build/reports/tests/index.html

* Try:
Run with --stacktrace option to get the stack trace. Run with --info or --debug option to get more log output.

BUILD FAILED

Total time: 2 mins 12.43 secs

travis_time:end:086a67c0:start=1468507008431475313,finish=1468507141313750632,duration=132882275319[0K
[31;1mThe command "./gradlew test" exited with 1.[0m
travis_fold:start:cache.2[0Kstore build cache
travis_time:start:00bd2834[0K
travis_time:end:00bd2834:start=1468507141320145156,finish=1468507141325297449,duration=5152293[0Ktravis_time:start:17dd973a[0K[32;1mchange detected (content changed, file is created, or file is deleted):
/home/travis/.gradle/caches/2.12/classAnalysis/cache.properties.lock
/home/travis/.gradle/caches/2.12/jarSnapshots/cache.properties.lock
/home/travis/.gradle/caches/2.12/jarSnapshots/jarSnapshots.bin
/home/travis/.gradle/caches/2.12/plugin-resolution/cache.properties.lock
/home/travis/.gradle/caches/modules-2/modules-2.lock

[0m
[32;1mchanges detected, packing new archive[0m
.
.
.
[32;1muploading archive[0m

travis_time:end:17dd973a:start=1468507141330985332,finish=1468507176662845120,duration=35331859788[0Ktravis_fold:end:cache.2[0K
Done. Your build exited with 1.
