Using worker: worker-linux-docker-27a4c0ce.prod.travis-ci.org:travis-linux-1

travis_fold:start:system_info[0K[33;1mBuild system information[0m
Build language: java
[34m[1mBuild image provisioning date and time[0m
Thu Feb  5 15:09:33 UTC 2015
[34m[1mOperating System Details[0m
Distributor ID:	Ubuntu
Description:	Ubuntu 12.04.5 LTS
Release:	12.04
Codename:	precise
[34m[1mLinux Version[0m
3.13.0-29-generic
[34m[1mCookbooks Version[0m
a68419e https://github.com/travis-ci/travis-cookbooks/tree/a68419e
[34m[1mGCC version[0m
gcc (Ubuntu/Linaro 4.6.3-1ubuntu5) 4.6.3
Copyright (C) 2011 Free Software Foundation, Inc.
This is free software; see the source for copying conditions.  There is NO
warranty; not even for MERCHANTABILITY or FITNESS FOR A PARTICULAR PURPOSE.

[34m[1mLLVM version[0m
clang version 3.4 (tags/RELEASE_34/final)
Target: x86_64-unknown-linux-gnu
Thread model: posix
[34m[1mPre-installed Ruby versions[0m
ruby-1.9.3-p551
[34m[1mPre-installed Node.js versions[0m
v0.10.36
[34m[1mPre-installed Go versions[0m
1.4.1
[34m[1mRedis version[0m
redis-server 2.8.19
[34m[1mriak version[0m
2.0.2
[34m[1mMongoDB version[0m
MongoDB 2.4.12
[34m[1mCouchDB version[0m
couchdb 1.6.1
[34m[1mNeo4j version[0m
1.9.4
[34m[1mRabbitMQ Version[0m
3.4.3
[34m[1mElasticSearch version[0m
1.4.0
[34m[1mInstalled Sphinx versions[0m
2.0.10
2.1.9
2.2.6
[34m[1mDefault Sphinx version[0m
2.2.6
[34m[1mInstalled Firefox version[0m
firefox 31.0esr
[34m[1mPhantomJS version[0m
1.9.8
[34m[1mant -version[0m
Apache Ant(TM) version 1.8.2 compiled on December 3 2011
[34m[1mmvn -version[0m
Apache Maven 3.2.5 (12a6b3acb947671f09b81f49094c53f426d8cea1; 2014-12-14T17:29:23+00:00)
Maven home: /usr/local/maven
Java version: 1.7.0_76, vendor: Oracle Corporation
Java home: /usr/lib/jvm/java-7-oracle/jre
Default locale: en_US, platform encoding: ANSI_X3.4-1968
OS name: "linux", version: "3.13.0-29-generic", arch: "amd64", family: "unix"
travis_fold:end:system_info[0K
travis_fold:start:git.checkout[0Ktravis_time:start:06f70b6f[0K$ git clone --depth=50 git://github.com/checkstyle/checkstyle.git checkstyle/checkstyle
Cloning into 'checkstyle/checkstyle'...
remote: Counting objects: 2720, done.[K
remote: Compressing objects:   0% (1/1692)   [Kremote: Compressing objects:   1% (17/1692)   [Kremote: Compressing objects:   2% (34/1692)   [Kremote: Compressing objects:   3% (51/1692)   [Kremote: Compressing objects:   4% (68/1692)   [Kremote: Compressing objects:   5% (85/1692)   [Kremote: Compressing objects:   6% (102/1692)   [Kremote: Compressing objects:   7% (119/1692)   [Kremote: Compressing objects:   8% (136/1692)   [Kremote: Compressing objects:   9% (153/1692)   [Kremote: Compressing objects:  10% (170/1692)   [Kremote: Compressing objects:  11% (187/1692)   [Kremote: Compressing objects:  12% (204/1692)   [Kremote: Compressing objects:  13% (220/1692)   [Kremote: Compressing objects:  14% (237/1692)   [Kremote: Compressing objects:  15% (254/1692)   [Kremote: Compressing objects:  16% (271/1692)   [Kremote: Compressing objects:  17% (288/1692)   [Kremote: Compressing objects:  18% (305/1692)   [Kremote: Compressing objects:  19% (322/1692)   [Kremote: Compressing objects:  20% (339/1692)   [Kremote: Compressing objects:  21% (356/1692)   [Kremote: Compressing objects:  22% (373/1692)   [Kremote: Compressing objects:  23% (390/1692)   [Kremote: Compressing objects:  24% (407/1692)   [Kremote: Compressing objects:  25% (423/1692)   [Kremote: Compressing objects:  26% (440/1692)   [Kremote: Compressing objects:  27% (457/1692)   [Kremote: Compressing objects:  28% (474/1692)   [Kremote: Compressing objects:  29% (491/1692)   [Kremote: Compressing objects:  30% (508/1692)   [Kremote: Compressing objects:  31% (525/1692)   [Kremote: Compressing objects:  32% (542/1692)   [Kremote: Compressing objects:  33% (559/1692)   [Kremote: Compressing objects:  34% (576/1692)   [Kremote: Compressing objects:  35% (593/1692)   [Kremote: Compressing objects:  36% (610/1692)   [Kremote: Compressing objects:  37% (627/1692)   [Kremote: Compressing objects:  38% (643/1692)   [Kremote: Compressing objects:  39% (660/1692)   [Kremote: Compressing objects:  40% (677/1692)   [Kremote: Compressing objects:  41% (694/1692)   [Kremote: Compressing objects:  42% (711/1692)   [Kremote: Compressing objects:  43% (728/1692)   [Kremote: Compressing objects:  44% (745/1692)   [Kremote: Compressing objects:  45% (762/1692)   [Kremote: Compressing objects:  46% (779/1692)   [Kremote: Compressing objects:  47% (796/1692)   [Kremote: Compressing objects:  48% (813/1692)   [Kremote: Compressing objects:  49% (830/1692)   [Kremote: Compressing objects:  50% (846/1692)   [Kremote: Compressing objects:  51% (863/1692)   [Kremote: Compressing objects:  52% (880/1692)   [Kremote: Compressing objects:  53% (897/1692)   [Kremote: Compressing objects:  54% (914/1692)   [Kremote: Compressing objects:  55% (931/1692)   [Kremote: Compressing objects:  56% (948/1692)   [Kremote: Compressing objects:  57% (965/1692)   [Kremote: Compressing objects:  58% (982/1692)   [Kremote: Compressing objects:  59% (999/1692)   [Kremote: Compressing objects:  60% (1016/1692)   [Kremote: Compressing objects:  61% (1033/1692)   [Kremote: Compressing objects:  62% (1050/1692)   [Kremote: Compressing objects:  63% (1066/1692)   [Kremote: Compressing objects:  64% (1083/1692)   [Kremote: Compressing objects:  65% (1100/1692)   [Kremote: Compressing objects:  66% (1117/1692)   [Kremote: Compressing objects:  67% (1134/1692)   [Kremote: Compressing objects:  68% (1151/1692)   [Kremote: Compressing objects:  69% (1168/1692)   [Kremote: Compressing objects:  70% (1185/1692)   [Kremote: Compressing objects:  71% (1202/1692)   [Kremote: Compressing objects:  72% (1219/1692)   [Kremote: Compressing objects:  73% (1236/1692)   [Kremote: Compressing objects:  74% (1253/1692)   [Kremote: Compressing objects:  75% (1269/1692)   [Kremote: Compressing objects:  76% (1286/1692)   [Kremote: Compressing objects:  77% (1303/1692)   [Kremote: Compressing objects:  78% (1320/1692)   [Kremote: Compressing objects:  79% (1337/1692)   [Kremote: Compressing objects:  80% (1354/1692)   [Kremote: Compressing objects:  81% (1371/1692)   [Kremote: Compressing objects:  82% (1388/1692)   [Kremote: Compressing objects:  83% (1405/1692)   [Kremote: Compressing objects:  84% (1422/1692)   [Kremote: Compressing objects:  85% (1439/1692)   [Kremote: Compressing objects:  86% (1456/1692)   [Kremote: Compressing objects:  87% (1473/1692)   [Kremote: Compressing objects:  88% (1489/1692)   [Kremote: Compressing objects:  89% (1506/1692)   [Kremote: Compressing objects:  90% (1523/1692)   [Kremote: Compressing objects:  91% (1540/1692)   [Kremote: Compressing objects:  92% (1557/1692)   [Kremote: Compressing objects:  93% (1574/1692)   [Kremote: Compressing objects:  94% (1591/1692)   [Kremote: Compressing objects:  95% (1608/1692)   [Kremote: Compressing objects:  96% (1625/1692)   [Kremote: Compressing objects:  97% (1642/1692)   [Kremote: Compressing objects:  98% (1659/1692)   [Kremote: Compressing objects:  99% (1676/1692)   [Kremote: Compressing objects: 100% (1692/1692)   [Kremote: Compressing objects: 100% (1692/1692), done.[K
Receiving objects:   0% (1/2720)   Receiving objects:   1% (28/2720)   Receiving objects:   2% (55/2720)   Receiving objects:   3% (82/2720)   Receiving objects:   4% (109/2720)   Receiving objects:   5% (136/2720)   Receiving objects:   6% (164/2720)   Receiving objects:   7% (191/2720)   Receiving objects:   8% (218/2720)   Receiving objects:   9% (245/2720)   Receiving objects:  10% (272/2720)   Receiving objects:  11% (300/2720)   Receiving objects:  12% (327/2720)   Receiving objects:  13% (354/2720)   Receiving objects:  14% (381/2720)   Receiving objects:  15% (408/2720)   Receiving objects:  16% (436/2720)   Receiving objects:  17% (463/2720)   Receiving objects:  18% (490/2720)   Receiving objects:  19% (517/2720)   Receiving objects:  20% (544/2720)   Receiving objects:  21% (572/2720)   Receiving objects:  22% (599/2720)   Receiving objects:  23% (626/2720)   Receiving objects:  24% (653/2720)   Receiving objects:  25% (680/2720)   Receiving objects:  26% (708/2720)   Receiving objects:  27% (735/2720)   Receiving objects:  28% (762/2720)   Receiving objects:  29% (789/2720)   Receiving objects:  30% (816/2720)   Receiving objects:  31% (844/2720)   Receiving objects:  32% (871/2720)   Receiving objects:  33% (898/2720)   Receiving objects:  34% (925/2720)   Receiving objects:  35% (952/2720)   Receiving objects:  36% (980/2720)   Receiving objects:  37% (1007/2720)   Receiving objects:  38% (1034/2720)   Receiving objects:  39% (1061/2720)   Receiving objects:  40% (1088/2720)   Receiving objects:  41% (1116/2720)   Receiving objects:  42% (1143/2720)   Receiving objects:  43% (1170/2720)   Receiving objects:  44% (1197/2720)   Receiving objects:  45% (1224/2720)   Receiving objects:  46% (1252/2720)   Receiving objects:  47% (1279/2720)   Receiving objects:  48% (1306/2720)   Receiving objects:  49% (1333/2720)   Receiving objects:  50% (1360/2720)   Receiving objects:  51% (1388/2720)   Receiving objects:  52% (1415/2720)   Receiving objects:  53% (1442/2720)   Receiving objects:  54% (1469/2720)   Receiving objects:  55% (1496/2720)   Receiving objects:  56% (1524/2720)   Receiving objects:  57% (1551/2720)   Receiving objects:  58% (1578/2720)   Receiving objects:  59% (1605/2720)   Receiving objects:  60% (1632/2720)   Receiving objects:  61% (1660/2720)   Receiving objects:  62% (1687/2720)   Receiving objects:  63% (1714/2720)   Receiving objects:  64% (1741/2720)   Receiving objects:  65% (1768/2720)   Receiving objects:  66% (1796/2720)   Receiving objects:  67% (1823/2720)   Receiving objects:  68% (1850/2720)   Receiving objects:  69% (1877/2720)   Receiving objects:  70% (1904/2720)   Receiving objects:  71% (1932/2720)   Receiving objects:  72% (1959/2720)   Receiving objects:  73% (1986/2720)   Receiving objects:  74% (2013/2720)   Receiving objects:  75% (2040/2720)   Receiving objects:  76% (2068/2720)   Receiving objects:  77% (2095/2720)   Receiving objects:  78% (2122/2720)   Receiving objects:  79% (2149/2720)   Receiving objects:  80% (2176/2720)   Receiving objects:  81% (2204/2720)   Receiving objects:  82% (2231/2720)   Receiving objects:  83% (2258/2720)   Receiving objects:  84% (2285/2720)   Receiving objects:  85% (2312/2720)   Receiving objects:  86% (2340/2720)   Receiving objects:  87% (2367/2720)   Receiving objects:  88% (2394/2720)   Receiving objects:  89% (2421/2720)   Receiving objects:  90% (2448/2720)   remote: Total 2720 (delta 1159), reused 1691 (delta 706), pack-reused 0[K
Receiving objects:  91% (2476/2720)   Receiving objects:  92% (2503/2720)   Receiving objects:  93% (2530/2720)   Receiving objects:  94% (2557/2720)   Receiving objects:  95% (2584/2720)   Receiving objects:  96% (2612/2720)   Receiving objects:  97% (2639/2720)   Receiving objects:  98% (2666/2720)   Receiving objects:  99% (2693/2720)   Receiving objects: 100% (2720/2720)   Receiving objects: 100% (2720/2720), 3.18 MiB | 0 bytes/s, done.
Resolving deltas:   0% (0/1159)   Resolving deltas:   4% (49/1159)   Resolving deltas:   5% (59/1159)   Resolving deltas:   6% (70/1159)   Resolving deltas:   7% (86/1159)   Resolving deltas:   8% (100/1159)   Resolving deltas:   9% (107/1159)   Resolving deltas:  10% (116/1159)   Resolving deltas:  11% (129/1159)   Resolving deltas:  12% (140/1159)   Resolving deltas:  13% (152/1159)   Resolving deltas:  14% (164/1159)   Resolving deltas:  16% (189/1159)   Resolving deltas:  17% (199/1159)   Resolving deltas:  18% (209/1159)   Resolving deltas:  19% (226/1159)   Resolving deltas:  21% (247/1159)   Resolving deltas:  22% (257/1159)   Resolving deltas:  23% (267/1159)   Resolving deltas:  24% (282/1159)   Resolving deltas:  25% (291/1159)   Resolving deltas:  26% (304/1159)   Resolving deltas:  27% (314/1159)   Resolving deltas:  28% (332/1159)   Resolving deltas:  29% (340/1159)   Resolving deltas:  30% (350/1159)   Resolving deltas:  31% (363/1159)   Resolving deltas:  32% (372/1159)   Resolving deltas:  33% (383/1159)   Resolving deltas:  34% (401/1159)   Resolving deltas:  35% (407/1159)   Resolving deltas:  36% (418/1159)   Resolving deltas:  38% (441/1159)   Resolving deltas:  39% (457/1159)   Resolving deltas:  40% (466/1159)   Resolving deltas:  41% (477/1159)   Resolving deltas:  44% (512/1159)   Resolving deltas:  45% (523/1159)   Resolving deltas:  46% (535/1159)   Resolving deltas:  47% (548/1159)   Resolving deltas:  48% (557/1159)   Resolving deltas:  49% (568/1159)   Resolving deltas:  50% (583/1159)   Resolving deltas:  51% (592/1159)   Resolving deltas:  53% (620/1159)   Resolving deltas:  54% (630/1159)   Resolving deltas:  55% (645/1159)   Resolving deltas:  56% (651/1159)   Resolving deltas:  57% (661/1159)   Resolving deltas:  58% (677/1159)   Resolving deltas:  59% (685/1159)   Resolving deltas:  61% (713/1159)   Resolving deltas:  62% (719/1159)   Resolving deltas:  72% (838/1159)   Resolving deltas:  74% (861/1159)   Resolving deltas:  75% (872/1159)   Resolving deltas:  76% (884/1159)   Resolving deltas:  77% (893/1159)   Resolving deltas:  79% (917/1159)   Resolving deltas:  80% (928/1159)   Resolving deltas:  81% (947/1159)   Resolving deltas:  82% (952/1159)   Resolving deltas:  83% (965/1159)   Resolving deltas:  84% (975/1159)   Resolving deltas:  85% (986/1159)   Resolving deltas:  86% (997/1159)   Resolving deltas:  87% (1010/1159)   Resolving deltas:  88% (1021/1159)   Resolving deltas:  89% (1042/1159)   Resolving deltas:  90% (1044/1159)   Resolving deltas:  91% (1056/1159)   Resolving deltas:  92% (1067/1159)   Resolving deltas:  93% (1078/1159)   Resolving deltas:  94% (1091/1159)   Resolving deltas:  95% (1102/1159)   Resolving deltas:  96% (1113/1159)   Resolving deltas:  97% (1125/1159)   Resolving deltas:  98% (1140/1159)   Resolving deltas:  99% (1149/1159)   Resolving deltas: 100% (1159/1159)   Resolving deltas: 100% (1159/1159), done.
Checking connectivity... done.
travis_time:end:06f70b6f:start=1439851705746118061,finish=1439851707334283425,duration=1588165364[0K$ cd checkstyle/checkstyle
travis_time:start:0e178220[0K$ git fetch origin +refs/pull/1750/merge:
remote: Counting objects: 29, done.[K
remote: Compressing objects:  10% (1/10)   [Kremote: Compressing objects:  20% (2/10)   [Kremote: Compressing objects:  30% (3/10)   [Kremote: Compressing objects:  40% (4/10)   [Kremote: Compressing objects:  50% (5/10)   [Kremote: Compressing objects:  60% (6/10)   [Kremote: Compressing objects:  70% (7/10)   [Kremote: Compressing objects:  80% (8/10)   [Kremote: Compressing objects:  90% (9/10)   [Kremote: Compressing objects: 100% (10/10)   [Kremote: Compressing objects: 100% (10/10), done.[K
remote: Total 29 (delta 13), reused 27 (delta 11), pack-reused 0[K
Unpacking objects:   3% (1/29)   Unpacking objects:   6% (2/29)   Unpacking objects:  10% (3/29)   Unpacking objects:  13% (4/29)   Unpacking objects:  17% (5/29)   Unpacking objects:  20% (6/29)   Unpacking objects:  24% (7/29)   Unpacking objects:  27% (8/29)   Unpacking objects:  31% (9/29)   Unpacking objects:  34% (10/29)   Unpacking objects:  37% (11/29)   Unpacking objects:  41% (12/29)   Unpacking objects:  44% (13/29)   Unpacking objects:  48% (14/29)   Unpacking objects:  51% (15/29)   Unpacking objects:  55% (16/29)   Unpacking objects:  58% (17/29)   Unpacking objects:  62% (18/29)   Unpacking objects:  65% (19/29)   Unpacking objects:  68% (20/29)   Unpacking objects:  72% (21/29)   Unpacking objects:  75% (22/29)   Unpacking objects:  79% (23/29)   Unpacking objects:  82% (24/29)   Unpacking objects:  86% (25/29)   Unpacking objects:  89% (26/29)   Unpacking objects:  93% (27/29)   Unpacking objects:  96% (28/29)   Unpacking objects: 100% (29/29)   Unpacking objects: 100% (29/29), done.
From git://github.com/checkstyle/checkstyle
 * branch            refs/pull/1750/merge -> FETCH_HEAD
travis_time:end:0e178220:start=1439851707338293343,finish=1439851707452542726,duration=114249383[0K$ git checkout -qf FETCH_HEAD
travis_fold:end:git.checkout[0K
[33;1mThis job is running on container-based infrastructure, which does not allow use of 'sudo', setuid and setguid executables.[0m
[33;1mIf you require sudo, add 'sudo: required' to your .travis.yml[0m
[33;1mSee http://docs.travis-ci.com/user/workers/container-based-infrastructure/ for details.[0m

[33;1mSetting environment variables from .travis.yml[0m
$ export DESC="site"
$ export CMD1="mvn clean site -Dlinkcheck.skip=true -Dmaven.javadoc.skip=true -DskipTests -DskipITs "
$ export CMD2=" -Dpmd.skip=true -Dfindbugs.skip=true -Dcobertura.skip=true -Dcheckstyle.ant.skip=true"
$ export CMD=$CMD1$CMD2
$ export COVERAGE_CMD=""

travis_fold:start:cache.1[0KSetting up build cache
$ export CASHER_DIR=$HOME/.casher
travis_time:start:15289222[0K$ Installing caching utilities
travis_time:end:15289222:start=1439851709007560001,finish=1439851709059467068,duration=51907067[0Ktravis_time:start:00f51d20[0Kattempting to download cache archive
fetching PR.1750/cache--jdk-oraclejdk8.tgz
found cache
travis_time:end:00f51d20:start=1439851709064096319,finish=1439851711447200856,duration=2383104537[0Ktravis_time:start:00b36be0[0Kadding /home/travis/.m2 to cache
travis_time:end:00b36be0:start=1439851711451230818,finish=1439851714303987241,duration=2852756423[0Ktravis_fold:end:cache.1[0K$ jdk_switcher use oraclejdk8
Switching to Oracle JDK8 (java-8-oracle), JAVA_HOME will be set to /usr/lib/jvm/java-8-oracle
$ java -Xmx32m -version
java version "1.8.0_31"
Java(TM) SE Runtime Environment (build 1.8.0_31-b13)
Java HotSpot(TM) 64-Bit Server VM (build 25.31-b07, mixed mode)
$ javac -J-Xmx32m -version
javac 1.8.0_31
travis_fold:start:install[0Ktravis_time:start:1199f774[0K$ 
travis_time:end:1199f774:start=1439851714743635199,finish=1439851714746952908,duration=3317709[0Ktravis_fold:end:install[0Ktravis_time:start:06aba67a[0K$ eval $CMD
Java HotSpot(TM) 64-Bit Server VM warning: ignoring option MaxPermSize=192m; support was removed in 8.0
[INFO] Scanning for projects...
[INFO]                                                                         
[INFO] ------------------------------------------------------------------------
[INFO] Building checkstyle 6.10-SNAPSHOT
[INFO] ------------------------------------------------------------------------
Downloading: https://repository.apache.org/releases/junit/junit-dep/maven-metadata.xml
Downloading: https://repository.apache.org/snapshots/junit/junit-dep/maven-metadata.xml
Downloading: https://nexus.codehaus.org/snapshots/junit/junit-dep/maven-metadata.xml
Downloading: https://oss.sonatype.org/content/repositories/releases/junit/junit-dep/maven-metadata.xml
563/563 B               Downloaded: https://oss.sonatype.org/content/repositories/releases/junit/junit-dep/maven-metadata.xml (563 B at 0.6 KB/sec)
                        [WARNING] Could not transfer metadata junit:junit-dep/maven-metadata.xml from/to codehaus-snapshots (https://nexus.codehaus.org/snapshots/): nexus.codehaus.org: unknown error
Downloading: https://oss.sonatype.org/content/repositories/releases/commons-io/commons-io/maven-metadata.xml
Downloading: https://repository.apache.org/releases/commons-io/commons-io/maven-metadata.xml
Downloading: https://repository.apache.org/snapshots/commons-io/commons-io/maven-metadata.xml
Downloading: https://nexus.codehaus.org/snapshots/commons-io/commons-io/maven-metadata.xml
                                    312/312 B               Downloaded: https://repository.apache.org/snapshots/commons-io/commons-io/maven-metadata.xml (312 B at 0.5 KB/sec)
[WARNING] Could not transfer metadata commons-io:commons-io/maven-metadata.xml from/to codehaus-snapshots (https://nexus.codehaus.org/snapshots/): nexus.codehaus.org
Downloading: https://repository.apache.org/snapshots/commons-io/commons-io/2.5-SNAPSHOT/maven-metadata.xml
Downloading: https://nexus.codehaus.org/snapshots/commons-io/commons-io/2.5-SNAPSHOT/maven-metadata.xml
            3/3 KB               Downloaded: https://repository.apache.org/snapshots/commons-io/commons-io/2.5-SNAPSHOT/maven-metadata.xml (3 KB at 3.9 KB/sec)
[WARNING] Could not transfer metadata commons-io:commons-io:2.5-SNAPSHOT/maven-metadata.xml from/to codehaus-snapshots (https://nexus.codehaus.org/snapshots/): nexus.codehaus.org
[WARNING] Failure to transfer commons-io:commons-io:2.5-SNAPSHOT/maven-metadata.xml from https://nexus.codehaus.org/snapshots/ was cached in the local repository, resolution will not be reattempted until the update interval of codehaus-snapshots has elapsed or updates are forced. Original error: Could not transfer metadata commons-io:commons-io:2.5-SNAPSHOT/maven-metadata.xml from/to codehaus-snapshots (https://nexus.codehaus.org/snapshots/): nexus.codehaus.org
[INFO] 
[INFO] --- maven-clean-plugin:2.6.1:clean (default-clean) @ checkstyle ---
[INFO] 
[INFO] --- maven-site-plugin:3.4:site (default-site) @ checkstyle ---
[INFO] configuring report plugin org.apache.maven.plugins:maven-project-info-reports-plugin:2.8
[INFO] configuring report plugin org.apache.maven.plugins:maven-javadoc-plugin:2.10.3
[INFO] preparing 'javadoc' report requires 'generate-sources' forked phase execution
[INFO] 
[INFO] >>> maven-javadoc-plugin:2.10.3:javadoc > generate-sources @ checkstyle >>>
[WARNING] Failure to transfer junit:junit-dep/maven-metadata.xml from https://nexus.codehaus.org/snapshots/ was cached in the local repository, resolution will not be reattempted until the update interval of codehaus-snapshots has elapsed or updates are forced. Original error: Could not transfer metadata junit:junit-dep/maven-metadata.xml from/to codehaus-snapshots (https://nexus.codehaus.org/snapshots/): nexus.codehaus.org: unknown error
[WARNING] Failure to transfer commons-io:commons-io/maven-metadata.xml from https://nexus.codehaus.org/snapshots/ was cached in the local repository, resolution will not be reattempted until the update interval of codehaus-snapshots has elapsed or updates are forced. Original error: Could not transfer metadata commons-io:commons-io/maven-metadata.xml from/to codehaus-snapshots (https://nexus.codehaus.org/snapshots/): nexus.codehaus.org
[INFO] 
[INFO] --- maven-enforcer-plugin:1.4:enforce (enforce-maven) @ checkstyle ---
[INFO] 
[INFO] --- maven-enforcer-plugin:1.4:enforce (enforce-versions) @ checkstyle ---
[INFO] 
[INFO] --- antlr-maven-plugin:2.2:generate (default) @ checkstyle ---
[INFO] performing grammar generation [java.g]
ANTLR Parser Generator   Version 2.7.7 (20060906)   1989-2005
/home/travis/build/checkstyle/checkstyle/src/main/resources/com/puppycrawl/tools/checkstyle/grammars/java.g:623:17: warning:nondeterminism between alts 1 and 2 of block upon
/home/travis/build/checkstyle/checkstyle/src/main/resources/com/puppycrawl/tools/checkstyle/grammars/java.g:623:17:     k==1:AT
/home/travis/build/checkstyle/checkstyle/src/main/resources/com/puppycrawl/tools/checkstyle/grammars/java.g:623:17:     k==2:IDENT
/home/travis/build/checkstyle/checkstyle/src/main/resources/com/puppycrawl/tools/checkstyle/grammars/java.g:770:17: warning:nondeterminism between alts 1 and 2 of block upon
/home/travis/build/checkstyle/checkstyle/src/main/resources/com/puppycrawl/tools/checkstyle/grammars/java.g:770:17:     k==1:AT
/home/travis/build/checkstyle/checkstyle/src/main/resources/com/puppycrawl/tools/checkstyle/grammars/java.g:770:17:     k==2:IDENT
/home/travis/build/checkstyle/checkstyle/src/main/resources/com/puppycrawl/tools/checkstyle/grammars/java.g:806:65: warning:nondeterminism between alts 1 and 2 of block upon
/home/travis/build/checkstyle/checkstyle/src/main/resources/com/puppycrawl/tools/checkstyle/grammars/java.g:806:65:     k==1:SEMI
/home/travis/build/checkstyle/checkstyle/src/main/resources/com/puppycrawl/tools/checkstyle/grammars/java.g:806:65:     k==2:"final","abstract","strictfp",SEMI,"void","boolean","byte","char","short","int","float","long","double",IDENT,"private","public","protected","static","transient","native","synchronized","volatile","class","interface",LCURLY,RCURLY,"default",LT,ENUM,AT
/home/travis/build/checkstyle/checkstyle/src/main/resources/com/puppycrawl/tools/checkstyle/grammars/java.g:695:17: warning:nondeterminism between alts 1 and 2 of block upon
/home/travis/build/checkstyle/checkstyle/src/main/resources/com/puppycrawl/tools/checkstyle/grammars/java.g:695:17:     k==1:AT
/home/travis/build/checkstyle/checkstyle/src/main/resources/com/puppycrawl/tools/checkstyle/grammars/java.g:695:17:     k==2:IDENT
/home/travis/build/checkstyle/checkstyle/src/main/resources/com/puppycrawl/tools/checkstyle/grammars/java.g:947: warning:Syntactic predicate superfluous for single alternative
/home/travis/build/checkstyle/checkstyle/src/main/resources/com/puppycrawl/tools/checkstyle/grammars/java.g:972:38: warning:nondeterminism between alts 1 and 2 of block upon
/home/travis/build/checkstyle/checkstyle/src/main/resources/com/puppycrawl/tools/checkstyle/grammars/java.g:972:38:     k==1:IDENT
/home/travis/build/checkstyle/checkstyle/src/main/resources/com/puppycrawl/tools/checkstyle/grammars/java.g:972:38:     k==2:LBRACK
/home/travis/build/checkstyle/checkstyle/src/main/resources/com/puppycrawl/tools/checkstyle/grammars/java.g:1027:54: warning:nondeterminism between alts 1 and 2 of block upon
/home/travis/build/checkstyle/checkstyle/src/main/resources/com/puppycrawl/tools/checkstyle/grammars/java.g:1027:54:     k==1:SEMI
/home/travis/build/checkstyle/checkstyle/src/main/resources/com/puppycrawl/tools/checkstyle/grammars/java.g:1027:54:     k==2:"final","abstract","strictfp",SEMI,"void","boolean","byte","char","short","int","float","long","double",IDENT,"private","public","protected","static","transient","native","synchronized","volatile","class",LCURLY,RCURLY,LPAREN,RPAREN,"this","super",COLON,"if","while","do","break","continue","return","switch","throw","for","else","case","default","try",PLUS,MINUS,INC,DEC,BNOT,LNOT,"true","false","null","new",NUM_INT,CHAR_LITERAL,STRING_LITERAL,NUM_FLOAT,NUM_LONG,NUM_DOUBLE,ASSERT,AT
/home/travis/build/checkstyle/checkstyle/src/main/resources/com/puppycrawl/tools/checkstyle/grammars/java.g:1127:17: warning:nondeterminism between alts 1 and 2 of block upon
/home/travis/build/checkstyle/checkstyle/src/main/resources/com/puppycrawl/tools/checkstyle/grammars/java.g:1127:17:     k==1:"default"
/home/travis/build/checkstyle/checkstyle/src/main/resources/com/puppycrawl/tools/checkstyle/grammars/java.g:1127:17:     k==2:"final","abstract","strictfp",SEMI,"void","boolean","byte","char","short","int","float","long","double",IDENT,"private","public","protected","static","transient","native","synchronized","volatile","class",LCURLY,RCURLY,LPAREN,RPAREN,"this","super",COLON,"if","while","do","break","continue","return","switch","throw","for","case","default","try",PLUS,MINUS,INC,DEC,BNOT,LNOT,"true","false","null","new",NUM_INT,CHAR_LITERAL,STRING_LITERAL,NUM_FLOAT,NUM_LONG,NUM_DOUBLE,ASSERT,AT
/home/travis/build/checkstyle/checkstyle/src/main/resources/com/puppycrawl/tools/checkstyle/grammars/java.g:1411:25: warning:nondeterminism between alts 1 and 4 of block upon
/home/travis/build/checkstyle/checkstyle/src/main/resources/com/puppycrawl/tools/checkstyle/grammars/java.g:1411:25:     k==1:IDENT,"this","super",LT
/home/travis/build/checkstyle/checkstyle/src/main/resources/com/puppycrawl/tools/checkstyle/grammars/java.g:1411:25:     k==2:"final","abstract","strictfp",SEMI,LBRACK,RBRACK,"void","boolean","byte","char","short","int","float","long","double",IDENT,DOT,STAR,"private","public","protected","static","transient","native","synchronized","volatile","class","interface",LCURLY,RCURLY,COMMA,LPAREN,RPAREN,"this","super",ASSIGN,COLON,"if","while","do","break","continue","return","switch","throw","for","else","case","default","try",PLUS_ASSIGN,MINUS_ASSIGN,STAR_ASSIGN,DIV_ASSIGN,MOD_ASSIGN,SR_ASSIGN,BSR_ASSIGN,SL_ASSIGN,BAND_ASSIGN,BXOR_ASSIGN,BOR_ASSIGN,QUESTION,LOR,LAND,BOR,BXOR,BAND,NOT_EQUAL,EQUAL,LT,GT,LE,GE,"instanceof",SL,SR,BSR,PLUS,MINUS,DIV,MOD,INC,DEC,BNOT,LNOT,"true","false","null","new",NUM_INT,CHAR_LITERAL,STRING_LITERAL,NUM_FLOAT,NUM_LONG,NUM_DOUBLE,ASSERT,ENUM,AT,DOUBLE_COLON
/home/travis/build/checkstyle/checkstyle/src/main/resources/com/puppycrawl/tools/checkstyle/grammars/java.g:1411:25: warning:nondeterminism between alts 2 and 4 of block upon
/home/travis/build/checkstyle/checkstyle/src/main/resources/com/puppycrawl/tools/checkstyle/grammars/java.g:1411:25:     k==1:"class"
/home/travis/build/checkstyle/checkstyle/src/main/resources/com/puppycrawl/tools/checkstyle/grammars/java.g:1411:25:     k==2:"final","abstract","strictfp",SEMI,LBRACK,RBRACK,"void","boolean","byte","char","short","int","float","long","double",IDENT,DOT,STAR,"private","public","protected","static","transient","native","synchronized","volatile","class","interface",LCURLY,RCURLY,COMMA,LPAREN,RPAREN,"this","super",ASSIGN,COLON,"if","while","do","break","continue","return","switch","throw","for","else","case","default","try",PLUS_ASSIGN,MINUS_ASSIGN,STAR_ASSIGN,DIV_ASSIGN,MOD_ASSIGN,SR_ASSIGN,BSR_ASSIGN,SL_ASSIGN,BAND_ASSIGN,BXOR_ASSIGN,BOR_ASSIGN,QUESTION,LOR,LAND,BOR,BXOR,BAND,NOT_EQUAL,EQUAL,LT,GT,LE,GE,"instanceof",SL,SR,BSR,PLUS,MINUS,DIV,MOD,INC,DEC,BNOT,LNOT,"true","false","null","new",NUM_INT,CHAR_LITERAL,STRING_LITERAL,NUM_FLOAT,NUM_LONG,NUM_DOUBLE,ASSERT,ENUM,AT,DOUBLE_COLON
/home/travis/build/checkstyle/checkstyle/src/main/resources/com/puppycrawl/tools/checkstyle/grammars/java.g:1411:25: warning:nondeterminism between alts 3 and 4 of block upon
/home/travis/build/checkstyle/checkstyle/src/main/resources/com/puppycrawl/tools/checkstyle/grammars/java.g:1411:25:     k==1:"new"
/home/travis/build/checkstyle/checkstyle/src/main/resources/com/puppycrawl/tools/checkstyle/grammars/java.g:1411:25:     k==2:"void","boolean","byte","char","short","int","float","long","double",IDENT,LT,AT
/home/travis/build/checkstyle/checkstyle/src/main/resources/com/puppycrawl/tools/checkstyle/grammars/java.g:1456:17: warning:nondeterminism between alts 1 and 3 of block upon
/home/travis/build/checkstyle/checkstyle/src/main/resources/com/puppycrawl/tools/checkstyle/grammars/java.g:1456:17:     k==1:INC
/home/travis/build/checkstyle/checkstyle/src/main/resources/com/puppycrawl/tools/checkstyle/grammars/java.g:1456:17:     k==2:"final","abstract","strictfp",SEMI,RBRACK,"void","boolean","byte","char","short","int","float","long","double",IDENT,STAR,"private","public","protected","static","transient","native","synchronized","volatile","class","interface",LCURLY,RCURLY,COMMA,LPAREN,RPAREN,"this","super",ASSIGN,COLON,"if","while","do","break","continue","return","switch","throw","for","else","case","default","try",PLUS_ASSIGN,MINUS_ASSIGN,STAR_ASSIGN,DIV_ASSIGN,MOD_ASSIGN,SR_ASSIGN,BSR_ASSIGN,SL_ASSIGN,BAND_ASSIGN,BXOR_ASSIGN,BOR_ASSIGN,QUESTION,LOR,LAND,BOR,BXOR,BAND,NOT_EQUAL,EQUAL,LT,GT,LE,GE,"instanceof",SL,SR,BSR,PLUS,MINUS,DIV,MOD,INC,DEC,BNOT,LNOT,"true","false","null","new",NUM_INT,CHAR_LITERAL,STRING_LITERAL,NUM_FLOAT,NUM_LONG,NUM_DOUBLE,ASSERT,ENUM,AT
/home/travis/build/checkstyle/checkstyle/src/main/resources/com/puppycrawl/tools/checkstyle/grammars/java.g:1456:17: warning:nondeterminism between alts 2 and 3 of block upon
/home/travis/build/checkstyle/checkstyle/src/main/resources/com/puppycrawl/tools/checkstyle/grammars/java.g:1456:17:     k==1:DEC
/home/travis/build/checkstyle/checkstyle/src/main/resources/com/puppycrawl/tools/checkstyle/grammars/java.g:1456:17:     k==2:"final","abstract","strictfp",SEMI,RBRACK,"void","boolean","byte","char","short","int","float","long","double",IDENT,STAR,"private","public","protected","static","transient","native","synchronized","volatile","class","interface",LCURLY,RCURLY,COMMA,LPAREN,RPAREN,"this","super",ASSIGN,COLON,"if","while","do","break","continue","return","switch","throw","for","else","case","default","try",PLUS_ASSIGN,MINUS_ASSIGN,STAR_ASSIGN,DIV_ASSIGN,MOD_ASSIGN,SR_ASSIGN,BSR_ASSIGN,SL_ASSIGN,BAND_ASSIGN,BXOR_ASSIGN,BOR_ASSIGN,QUESTION,LOR,LAND,BOR,BXOR,BAND,NOT_EQUAL,EQUAL,LT,GT,LE,GE,"instanceof",SL,SR,BSR,PLUS,MINUS,DIV,MOD,INC,DEC,BNOT,LNOT,"true","false","null","new",NUM_INT,CHAR_LITERAL,STRING_LITERAL,NUM_FLOAT,NUM_LONG,NUM_DOUBLE,ASSERT,ENUM,AT
/home/travis/build/checkstyle/checkstyle/src/main/resources/com/puppycrawl/tools/checkstyle/grammars/java.g:1534:47: warning:nondeterminism between alts 1 and 2 of block upon
/home/travis/build/checkstyle/checkstyle/src/main/resources/com/puppycrawl/tools/checkstyle/grammars/java.g:1534:47:     k==1:LCURLY
/home/travis/build/checkstyle/checkstyle/src/main/resources/com/puppycrawl/tools/checkstyle/grammars/java.g:1534:47:     k==2:"final","abstract","strictfp",SEMI,"void","boolean","byte","char","short","int","float","long","double",IDENT,"private","public","protected","static","transient","native","synchronized","volatile","class","interface",LCURLY,RCURLY,"default",LT,ENUM,AT
/home/travis/build/checkstyle/checkstyle/src/main/resources/com/puppycrawl/tools/checkstyle/grammars/java.g:1544:44: warning:nondeterminism between alts 1 and 2 of block upon
/home/travis/build/checkstyle/checkstyle/src/main/resources/com/puppycrawl/tools/checkstyle/grammars/java.g:1544:44:     k==1:LCURLY
/home/travis/build/checkstyle/checkstyle/src/main/resources/com/puppycrawl/tools/checkstyle/grammars/java.g:1544:44:     k==2:"void","boolean","byte","char","short","int","float","long","double",IDENT,LCURLY,RCURLY,COMMA,LPAREN,"this","super",PLUS,MINUS,INC,DEC,BNOT,LNOT,"true","false","null","new",NUM_INT,CHAR_LITERAL,STRING_LITERAL,NUM_FLOAT,NUM_LONG,NUM_DOUBLE
/home/travis/build/checkstyle/checkstyle/src/main/resources/com/puppycrawl/tools/checkstyle/grammars/java.g:1585: warning:nondeterminism between alts 2 and 3 of block upon
/home/travis/build/checkstyle/checkstyle/src/main/resources/com/puppycrawl/tools/checkstyle/grammars/java.g:1585:     k==1:LPAREN
/home/travis/build/checkstyle/checkstyle/src/main/resources/com/puppycrawl/tools/checkstyle/grammars/java.g:1585:     k==2:IDENT
/home/travis/build/checkstyle/checkstyle/src/main/resources/com/puppycrawl/tools/checkstyle/grammars/java.g:1587:24: warning:nondeterminism between alts 1 and 2 of block upon
/home/travis/build/checkstyle/checkstyle/src/main/resources/com/puppycrawl/tools/checkstyle/grammars/java.g:1587:24:     k==1:RPAREN
/home/travis/build/checkstyle/checkstyle/src/main/resources/com/puppycrawl/tools/checkstyle/grammars/java.g:1587:24:     k==2:LAMBDA

[INFO] 
[INFO] --- antlr4-maven-plugin:4.5.1:antlr4 (default) @ checkstyle ---
[INFO] ANTLR 4: Processing source directory /home/travis/build/checkstyle/checkstyle/src/main/resources
[INFO] Processing grammar: com/puppycrawl/tools/checkstyle/grammars/javadoc/JavadocLexer.g4
[INFO] Processing grammar: com/puppycrawl/tools/checkstyle/grammars/javadoc/JavadocParser.g4
[INFO] 
[INFO] --- build-helper-maven-plugin:1.9.1:add-source (add-source) @ checkstyle ---
[INFO] Source directory: /home/travis/build/checkstyle/checkstyle/target/generated-sources/antlr added.
[INFO] 
[INFO] <<< maven-javadoc-plugin:2.10.3:javadoc < generate-sources @ checkstyle <<<
[INFO] configuring report plugin com.github.sevntu-checkstyle:dsm-maven-plugin:2.1.3
[INFO] configuring report plugin org.apache.maven.plugins:maven-surefire-report-plugin:2.18.1
[INFO] preparing 'report' report requires '[surefire]test' forked phase execution
[INFO] 
[INFO] >>> maven-surefire-report-plugin:2.18.1:report > [surefire]test @ checkstyle >>>
[WARNING] Failure to transfer junit:junit-dep/maven-metadata.xml from https://nexus.codehaus.org/snapshots/ was cached in the local repository, resolution will not be reattempted until the update interval of codehaus-snapshots has elapsed or updates are forced. Original error: Could not transfer metadata junit:junit-dep/maven-metadata.xml from/to codehaus-snapshots (https://nexus.codehaus.org/snapshots/): nexus.codehaus.org: unknown error
[WARNING] Failure to transfer commons-io:commons-io/maven-metadata.xml from https://nexus.codehaus.org/snapshots/ was cached in the local repository, resolution will not be reattempted until the update interval of codehaus-snapshots has elapsed or updates are forced. Original error: Could not transfer metadata commons-io:commons-io/maven-metadata.xml from/to codehaus-snapshots (https://nexus.codehaus.org/snapshots/): nexus.codehaus.org
[INFO] 
[INFO] --- maven-enforcer-plugin:1.4:enforce (enforce-maven) @ checkstyle ---
[INFO] 
[INFO] --- maven-enforcer-plugin:1.4:enforce (enforce-versions) @ checkstyle ---
[INFO] 
[INFO] --- antlr-maven-plugin:2.2:generate (default) @ checkstyle ---
[INFO] grammar [java.g] was up-to-date; skipping
[INFO] 
[INFO] --- antlr4-maven-plugin:4.5.1:antlr4 (default) @ checkstyle ---
[INFO] ANTLR 4: Processing source directory /home/travis/build/checkstyle/checkstyle/src/main/resources
[INFO] Processing grammar: com/puppycrawl/tools/checkstyle/grammars/javadoc/JavadocLexer.g4
[INFO] Processing grammar: com/puppycrawl/tools/checkstyle/grammars/javadoc/JavadocParser.g4
[INFO] 
[INFO] --- build-helper-maven-plugin:1.9.1:add-source (add-source) @ checkstyle ---
[INFO] Source directory: /home/travis/build/checkstyle/checkstyle/target/generated-sources/antlr added.
[INFO] 
[INFO] --- maven-resources-plugin:2.7:resources (default-resources) @ checkstyle ---
[INFO] Using 'UTF-8' encoding to copy filtered resources.
[INFO] Copying 137 resources
[INFO] Copying 1 resource
[INFO] 
[INFO] --- build-helper-maven-plugin:1.9.1:add-test-source (add-test-source) @ checkstyle ---
[INFO] Test Source directory: /home/travis/build/checkstyle/checkstyle/src/test/resources added.
[INFO] 
[INFO] --- build-helper-maven-plugin:1.9.1:add-test-source (add-ittest-source) @ checkstyle ---
[INFO] Test Source directory: /home/travis/build/checkstyle/checkstyle/src/it/java added.
[INFO] 
[INFO] --- build-helper-maven-plugin:1.9.1:add-test-source (add-ittest-resource) @ checkstyle ---
[INFO] Test Source directory: /home/travis/build/checkstyle/checkstyle/src/it/resources added.
[INFO] 
[INFO] --- maven-compiler-plugin:3.3:compile (default-compile) @ checkstyle ---
[INFO] Changes detected - recompiling the module!
[INFO] Compiling 330 source files to /home/travis/build/checkstyle/checkstyle/target/classes
[INFO] /home/travis/build/checkstyle/checkstyle/src/main/java/com/puppycrawl/tools/checkstyle/checks/javadoc/JavadocMethodCheck.java: /home/travis/build/checkstyle/checkstyle/src/main/java/com/puppycrawl/tools/checkstyle/checks/javadoc/JavadocMethodCheck.java uses or overrides a deprecated API.
[INFO] /home/travis/build/checkstyle/checkstyle/src/main/java/com/puppycrawl/tools/checkstyle/checks/javadoc/JavadocMethodCheck.java: Recompile with -Xlint:deprecation for details.
[INFO] /home/travis/build/checkstyle/checkstyle/src/main/java/com/puppycrawl/tools/checkstyle/api/AutomaticBean.java: Some input files use unchecked or unsafe operations.
[INFO] /home/travis/build/checkstyle/checkstyle/src/main/java/com/puppycrawl/tools/checkstyle/api/AutomaticBean.java: Recompile with -Xlint:unchecked for details.
[INFO] 
[INFO] --- maven-antrun-plugin:1.8:run (ant-phase-compile) @ checkstyle ---
[INFO] Executing tasks

main:

execute:
[propertyfile] Creating new property file: /home/travis/build/checkstyle/checkstyle/target/classes/checkstylecompilation.properties
  [javadoc] Generating Javadoc
  [javadoc] Javadoc execution
  [javadoc] Loading source file /home/travis/build/checkstyle/checkstyle/src/main/java/com/puppycrawl/tools/checkstyle/api/TokenTypes.java...
  [javadoc] Constructing Javadoc information...
[INFO] Executed tasks
[INFO] 
[INFO] --- maven-resources-plugin:2.7:testResources (default-testResources) @ checkstyle ---
[INFO] Using 'UTF-8' encoding to copy filtered resources.
[INFO] Copying 488 resources
[INFO] 
[INFO] --- maven-compiler-plugin:3.3:testCompile (default-testCompile) @ checkstyle ---
[INFO] Changes detected - recompiling the module!
[INFO] Compiling 791 source files to /home/travis/build/checkstyle/checkstyle/target/test-classes
[INFO] /home/travis/build/checkstyle/checkstyle/src/it/resources/com/google/checkstyle/test/chapter3filestructure/rule333orderingandsoacing/CustomImportOrderValidInput.java: Some input files use or override a deprecated API.
[INFO] /home/travis/build/checkstyle/checkstyle/src/it/resources/com/google/checkstyle/test/chapter3filestructure/rule333orderingandsoacing/CustomImportOrderValidInput.java: Recompile with -Xlint:deprecation for details.
[INFO] /home/travis/build/checkstyle/checkstyle/src/test/resources/com/puppycrawl/tools/checkstyle/coding/InputClone.java: Some input files use unchecked or unsafe operations.
[INFO] /home/travis/build/checkstyle/checkstyle/src/test/resources/com/puppycrawl/tools/checkstyle/coding/InputClone.java: Recompile with -Xlint:unchecked for details.
[INFO] -------------------------------------------------------------
[ERROR] COMPILATION ERROR : 
[INFO] -------------------------------------------------------------
[ERROR] /home/travis/build/checkstyle/checkstyle/src/it/java/com/google/checkstyle/test/chapter4formatting/rule461verticalwhitespace/EmptyLineSeparatorTest.java:[27,14] type com.google.checkstyle.test.chapter4formatting.rule461verticalwhitespace.Class does not take parameters
[INFO] 1 error
[INFO] -------------------------------------------------------------
[INFO] ------------------------------------------------------------------------
[INFO] BUILD FAILURE
[INFO] ------------------------------------------------------------------------
[INFO] Total time: 01:02 min
[INFO] Finished at: 2015-08-17T22:49:39+00:00
[INFO] Final Memory: 45M/397M
[INFO] ------------------------------------------------------------------------
[ERROR] Failed to execute goal org.apache.maven.plugins:maven-site-plugin:3.4:site (default-site) on project checkstyle: failed to get report for org.apache.maven.plugins:maven-surefire-report-plugin: Failed to execute goal org.apache.maven.plugins:maven-compiler-plugin:3.3:testCompile (default-testCompile) on project checkstyle: Compilation failure
[ERROR] /home/travis/build/checkstyle/checkstyle/src/it/java/com/google/checkstyle/test/chapter4formatting/rule461verticalwhitespace/EmptyLineSeparatorTest.java:[27,14] type com.google.checkstyle.test.chapter4formatting.rule461verticalwhitespace.Class does not take parameters
[ERROR] -> [Help 1]
[ERROR] 
[ERROR] To see the full stack trace of the errors, re-run Maven with the -e switch.
[ERROR] Re-run Maven using the -X switch to enable full debug logging.
[ERROR] 
[ERROR] For more information about the errors and possible solutions, please read the following articles:
[ERROR] [Help 1] http://cwiki.apache.org/confluence/display/MAVEN/MojoExecutionException
travis_time:end:06aba67a:start=1439851714751368853,finish=1439851786470581730,duration=71719212877[0K
[31;1mThe command "eval $CMD" exited with 1.[0m
travis_fold:start:cache.2[0Kstore build cache
travis_time:start:3014f33c[0Kchange detected:
/home/travis/.m2/repository/commons-io/commons-io/2.5-SNAPSHOT/resolver-status.properties
/home/travis/.m2/repository/commons-io/commons-io/2.5-SNAPSHOT/resolver-status.properties
/home/travis/.m2/repository/commons-io/commons-io/resolver-status.properties
/home/travis/.m2/repository/commons-io/commons-io/resolver-status.properties
/home/travis/.m2/repository/junit/junit-dep/resolver-status.properties
/home/travis/.m2/repository/junit/junit-dep/resolver-status.properties

changes detected, packing new archive
.
uploading archive
travis_time:end:3014f33c:start=1439851786475580225,finish=1439851799706186830,duration=13230606605[0Ktravis_fold:end:cache.2[0K
Done. Your build exited with 1.
