Using worker: worker-linux-docker-200f6ec9.prod.travis-ci.org:travis-linux-4

travis_fold:start:system_info[0K[33;1mBuild system information[0m
Build language: java
[34m[1mBuild image provisioning date and time[0m
Thu Feb  5 15:09:33 UTC 2015
[34m[1mOperating System Details[0m
Distributor ID:	Ubuntu
Description:	Ubuntu 12.04.5 LTS
Release:	12.04
Codename:	precise
[34m[1mLinux Version[0m
3.13.0-29-generic
[34m[1mCookbooks Version[0m
a68419e https://github.com/travis-ci/travis-cookbooks/tree/a68419e
[34m[1mGCC version[0m
gcc (Ubuntu/Linaro 4.6.3-1ubuntu5) 4.6.3
Copyright (C) 2011 Free Software Foundation, Inc.
This is free software; see the source for copying conditions.  There is NO
warranty; not even for MERCHANTABILITY or FITNESS FOR A PARTICULAR PURPOSE.

[34m[1mLLVM version[0m
clang version 3.4 (tags/RELEASE_34/final)
Target: x86_64-unknown-linux-gnu
Thread model: posix
[34m[1mPre-installed Ruby versions[0m
ruby-1.9.3-p551
[34m[1mPre-installed Node.js versions[0m
v0.10.36
[34m[1mPre-installed Go versions[0m
1.4.1
[34m[1mRedis version[0m
redis-server 2.8.19
[34m[1mriak version[0m
2.0.2
[34m[1mMongoDB version[0m
MongoDB 2.4.12
[34m[1mCouchDB version[0m
couchdb 1.6.1
[34m[1mNeo4j version[0m
1.9.4
[34m[1mRabbitMQ Version[0m
3.4.3
[34m[1mElasticSearch version[0m
1.4.0
[34m[1mInstalled Sphinx versions[0m
2.0.10
2.1.9
2.2.6
[34m[1mDefault Sphinx version[0m
2.2.6
[34m[1mInstalled Firefox version[0m
firefox 31.0esr
[34m[1mPhantomJS version[0m
1.9.8
[34m[1mant -version[0m
Apache Ant(TM) version 1.8.2 compiled on December 3 2011
[34m[1mmvn -version[0m
Apache Maven 3.2.5 (12a6b3acb947671f09b81f49094c53f426d8cea1; 2014-12-14T17:29:23+00:00)
Maven home: /usr/local/maven
Java version: 1.7.0_76, vendor: Oracle Corporation
Java home: /usr/lib/jvm/java-7-oracle/jre
Default locale: en_US, platform encoding: ANSI_X3.4-1968
OS name: "linux", version: "3.13.0-29-generic", arch: "amd64", family: "unix"
travis_fold:end:system_info[0K
travis_fold:start:git.checkout[0Ktravis_time:start:00a67d43[0K$ git clone --depth=50 git://github.com/checkstyle/checkstyle.git checkstyle/checkstyle
Cloning into 'checkstyle/checkstyle'...
remote: Counting objects: 2667, done.[K
remote: Compressing objects:   0% (1/1687)   [Kremote: Compressing objects:   1% (17/1687)   [Kremote: Compressing objects:   2% (34/1687)   [Kremote: Compressing objects:   3% (51/1687)   [Kremote: Compressing objects:   4% (68/1687)   [Kremote: Compressing objects:   5% (85/1687)   [Kremote: Compressing objects:   6% (102/1687)   [Kremote: Compressing objects:   7% (119/1687)   [Kremote: Compressing objects:   8% (135/1687)   [Kremote: Compressing objects:   9% (152/1687)   [Kremote: Compressing objects:  10% (169/1687)   [Kremote: Compressing objects:  11% (186/1687)   [Kremote: Compressing objects:  12% (203/1687)   [Kremote: Compressing objects:  13% (220/1687)   [Kremote: Compressing objects:  14% (237/1687)   [Kremote: Compressing objects:  15% (254/1687)   [Kremote: Compressing objects:  16% (270/1687)   [Kremote: Compressing objects:  17% (287/1687)   [Kremote: Compressing objects:  18% (304/1687)   [Kremote: Compressing objects:  19% (321/1687)   [Kremote: Compressing objects:  20% (338/1687)   [Kremote: Compressing objects:  21% (355/1687)   [Kremote: Compressing objects:  22% (372/1687)   [Kremote: Compressing objects:  23% (389/1687)   [Kremote: Compressing objects:  24% (405/1687)   [Kremote: Compressing objects:  25% (422/1687)   [Kremote: Compressing objects:  26% (439/1687)   [Kremote: Compressing objects:  27% (456/1687)   [Kremote: Compressing objects:  28% (473/1687)   [Kremote: Compressing objects:  29% (490/1687)   [Kremote: Compressing objects:  30% (507/1687)   [Kremote: Compressing objects:  31% (523/1687)   [Kremote: Compressing objects:  32% (540/1687)   [Kremote: Compressing objects:  33% (557/1687)   [Kremote: Compressing objects:  34% (574/1687)   [Kremote: Compressing objects:  35% (591/1687)   [Kremote: Compressing objects:  36% (608/1687)   [Kremote: Compressing objects:  37% (625/1687)   [Kremote: Compressing objects:  38% (642/1687)   [Kremote: Compressing objects:  39% (658/1687)   [Kremote: Compressing objects:  40% (675/1687)   [Kremote: Compressing objects:  41% (692/1687)   [Kremote: Compressing objects:  42% (709/1687)   [Kremote: Compressing objects:  43% (726/1687)   [Kremote: Compressing objects:  44% (743/1687)   [Kremote: Compressing objects:  45% (760/1687)   [Kremote: Compressing objects:  46% (777/1687)   [Kremote: Compressing objects:  47% (793/1687)   [Kremote: Compressing objects:  48% (810/1687)   [Kremote: Compressing objects:  49% (827/1687)   [Kremote: Compressing objects:  50% (844/1687)   [Kremote: Compressing objects:  51% (861/1687)   [Kremote: Compressing objects:  52% (878/1687)   [Kremote: Compressing objects:  53% (895/1687)   [Kremote: Compressing objects:  54% (911/1687)   [Kremote: Compressing objects:  55% (928/1687)   [Kremote: Compressing objects:  56% (945/1687)   [Kremote: Compressing objects:  57% (962/1687)   [Kremote: Compressing objects:  58% (979/1687)   [Kremote: Compressing objects:  59% (996/1687)   [Kremote: Compressing objects:  60% (1013/1687)   [Kremote: Compressing objects:  61% (1030/1687)   [Kremote: Compressing objects:  62% (1046/1687)   [Kremote: Compressing objects:  63% (1063/1687)   [Kremote: Compressing objects:  64% (1080/1687)   [Kremote: Compressing objects:  65% (1097/1687)   [Kremote: Compressing objects:  66% (1114/1687)   [Kremote: Compressing objects:  67% (1131/1687)   [Kremote: Compressing objects:  68% (1148/1687)   [Kremote: Compressing objects:  69% (1165/1687)   [Kremote: Compressing objects:  70% (1181/1687)   [Kremote: Compressing objects:  71% (1198/1687)   [Kremote: Compressing objects:  72% (1215/1687)   [Kremote: Compressing objects:  73% (1232/1687)   [Kremote: Compressing objects:  74% (1249/1687)   [Kremote: Compressing objects:  75% (1266/1687)   [Kremote: Compressing objects:  76% (1283/1687)   [Kremote: Compressing objects:  77% (1299/1687)   [Kremote: Compressing objects:  78% (1316/1687)   [Kremote: Compressing objects:  79% (1333/1687)   [Kremote: Compressing objects:  80% (1350/1687)   [Kremote: Compressing objects:  81% (1367/1687)   [Kremote: Compressing objects:  82% (1384/1687)   [Kremote: Compressing objects:  83% (1401/1687)   [Kremote: Compressing objects:  84% (1418/1687)   [Kremote: Compressing objects:  85% (1434/1687)   [Kremote: Compressing objects:  86% (1451/1687)   [Kremote: Compressing objects:  87% (1468/1687)   [Kremote: Compressing objects:  88% (1485/1687)   [Kremote: Compressing objects:  89% (1502/1687)   [Kremote: Compressing objects:  90% (1519/1687)   [Kremote: Compressing objects:  91% (1536/1687)   [Kremote: Compressing objects:  92% (1553/1687)   [Kremote: Compressing objects:  93% (1569/1687)   [Kremote: Compressing objects:  94% (1586/1687)   [Kremote: Compressing objects:  95% (1603/1687)   [Kremote: Compressing objects:  96% (1620/1687)   [Kremote: Compressing objects:  97% (1637/1687)   [Kremote: Compressing objects:  98% (1654/1687)   [Kremote: Compressing objects:  99% (1671/1687)   [Kremote: Compressing objects: 100% (1687/1687)   [Kremote: Compressing objects: 100% (1687/1687), done.[K
Receiving objects:   0% (1/2667)   Receiving objects:   1% (27/2667)   Receiving objects:   2% (54/2667)   Receiving objects:   3% (81/2667)   Receiving objects:   4% (107/2667)   Receiving objects:   5% (134/2667)   Receiving objects:   6% (161/2667)   Receiving objects:   7% (187/2667)   Receiving objects:   8% (214/2667)   Receiving objects:   9% (241/2667)   Receiving objects:  10% (267/2667)   Receiving objects:  11% (294/2667)   Receiving objects:  12% (321/2667)   Receiving objects:  13% (347/2667)   Receiving objects:  14% (374/2667)   Receiving objects:  15% (401/2667)   Receiving objects:  16% (427/2667)   Receiving objects:  17% (454/2667)   Receiving objects:  18% (481/2667)   Receiving objects:  19% (507/2667)   Receiving objects:  20% (534/2667)   Receiving objects:  21% (561/2667)   Receiving objects:  22% (587/2667)   Receiving objects:  23% (614/2667)   Receiving objects:  24% (641/2667)   Receiving objects:  25% (667/2667)   Receiving objects:  26% (694/2667)   Receiving objects:  27% (721/2667)   Receiving objects:  28% (747/2667)   Receiving objects:  29% (774/2667)   Receiving objects:  30% (801/2667)   Receiving objects:  31% (827/2667)   Receiving objects:  32% (854/2667)   Receiving objects:  33% (881/2667)   Receiving objects:  34% (907/2667)   Receiving objects:  35% (934/2667)   Receiving objects:  36% (961/2667)   Receiving objects:  37% (987/2667)   Receiving objects:  38% (1014/2667)   Receiving objects:  39% (1041/2667)   Receiving objects:  40% (1067/2667)   Receiving objects:  41% (1094/2667)   Receiving objects:  42% (1121/2667)   Receiving objects:  43% (1147/2667)   Receiving objects:  44% (1174/2667)   Receiving objects:  45% (1201/2667)   Receiving objects:  46% (1227/2667)   Receiving objects:  47% (1254/2667)   Receiving objects:  48% (1281/2667)   Receiving objects:  49% (1307/2667)   Receiving objects:  50% (1334/2667)   Receiving objects:  51% (1361/2667)   Receiving objects:  52% (1387/2667)   Receiving objects:  53% (1414/2667)   Receiving objects:  54% (1441/2667)   Receiving objects:  55% (1467/2667)   Receiving objects:  56% (1494/2667)   Receiving objects:  57% (1521/2667)   Receiving objects:  58% (1547/2667)   Receiving objects:  59% (1574/2667)   Receiving objects:  60% (1601/2667)   Receiving objects:  61% (1627/2667)   Receiving objects:  62% (1654/2667)   Receiving objects:  63% (1681/2667)   Receiving objects:  64% (1707/2667)   Receiving objects:  65% (1734/2667)   Receiving objects:  66% (1761/2667)   Receiving objects:  67% (1787/2667)   Receiving objects:  68% (1814/2667)   Receiving objects:  69% (1841/2667)   Receiving objects:  70% (1867/2667)   Receiving objects:  71% (1894/2667)   Receiving objects:  72% (1921/2667)   Receiving objects:  73% (1947/2667)   Receiving objects:  74% (1974/2667)   Receiving objects:  75% (2001/2667)   Receiving objects:  76% (2027/2667)   Receiving objects:  77% (2054/2667)   Receiving objects:  78% (2081/2667)   Receiving objects:  79% (2107/2667)   Receiving objects:  80% (2134/2667)   Receiving objects:  81% (2161/2667)   Receiving objects:  82% (2187/2667)   Receiving objects:  83% (2214/2667)   Receiving objects:  84% (2241/2667)   Receiving objects:  85% (2267/2667)   Receiving objects:  86% (2294/2667)   Receiving objects:  87% (2321/2667)   Receiving objects:  88% (2347/2667)   Receiving objects:  89% (2374/2667)   Receiving objects:  90% (2401/2667)   Receiving objects:  91% (2427/2667)   remote: Total 2667 (delta 1114), reused 1642 (delta 666), pack-reused 0[K
Receiving objects:  92% (2454/2667)   Receiving objects:  93% (2481/2667)   Receiving objects:  94% (2507/2667)   Receiving objects:  95% (2534/2667)   Receiving objects:  96% (2561/2667)   Receiving objects:  97% (2587/2667)   Receiving objects:  98% (2614/2667)   Receiving objects:  99% (2641/2667)   Receiving objects: 100% (2667/2667)   Receiving objects: 100% (2667/2667), 3.16 MiB | 0 bytes/s, done.
Resolving deltas:   0% (0/1114)   Resolving deltas:   4% (49/1114)   Resolving deltas:   5% (56/1114)   Resolving deltas:   6% (68/1114)   Resolving deltas:   7% (78/1114)   Resolving deltas:   8% (93/1114)   Resolving deltas:   9% (110/1114)   Resolving deltas:  10% (116/1114)   Resolving deltas:  11% (123/1114)   Resolving deltas:  12% (134/1114)   Resolving deltas:  13% (145/1114)   Resolving deltas:  14% (158/1114)   Resolving deltas:  15% (170/1114)   Resolving deltas:  16% (181/1114)   Resolving deltas:  17% (193/1114)   Resolving deltas:  18% (201/1114)   Resolving deltas:  19% (212/1114)   Resolving deltas:  20% (224/1114)   Resolving deltas:  21% (237/1114)   Resolving deltas:  22% (246/1114)   Resolving deltas:  23% (258/1114)   Resolving deltas:  24% (268/1114)   Resolving deltas:  25% (282/1114)   Resolving deltas:  26% (291/1114)   Resolving deltas:  27% (310/1114)   Resolving deltas:  28% (312/1114)   Resolving deltas:  29% (326/1114)   Resolving deltas:  30% (335/1114)   Resolving deltas:  31% (347/1114)   Resolving deltas:  32% (357/1114)   Resolving deltas:  33% (368/1114)   Resolving deltas:  34% (381/1114)   Resolving deltas:  35% (390/1114)   Resolving deltas:  36% (407/1114)   Resolving deltas:  37% (414/1114)   Resolving deltas:  38% (424/1114)   Resolving deltas:  39% (435/1114)   Resolving deltas:  40% (446/1114)   Resolving deltas:  41% (459/1114)   Resolving deltas:  42% (469/1114)   Resolving deltas:  44% (493/1114)   Resolving deltas:  45% (504/1114)   Resolving deltas:  46% (513/1114)   Resolving deltas:  47% (524/1114)   Resolving deltas:  48% (535/1114)   Resolving deltas:  49% (549/1114)   Resolving deltas:  50% (559/1114)   Resolving deltas:  51% (569/1114)   Resolving deltas:  52% (580/1114)   Resolving deltas:  53% (591/1114)   Resolving deltas:  54% (604/1114)   Resolving deltas:  55% (614/1114)   Resolving deltas:  56% (630/1114)   Resolving deltas:  57% (643/1114)   Resolving deltas:  59% (662/1114)   Resolving deltas:  60% (669/1114)   Resolving deltas:  61% (682/1114)   Resolving deltas:  62% (695/1114)   Resolving deltas:  63% (707/1114)   Resolving deltas:  64% (714/1114)   Resolving deltas:  65% (726/1114)   Resolving deltas:  69% (776/1114)   Resolving deltas:  72% (804/1114)   Resolving deltas:  75% (836/1114)   Resolving deltas:  76% (848/1114)   Resolving deltas:  77% (868/1114)   Resolving deltas:  78% (871/1114)   Resolving deltas:  79% (887/1114)   Resolving deltas:  80% (900/1114)   Resolving deltas:  81% (904/1114)   Resolving deltas:  82% (914/1114)   Resolving deltas:  83% (929/1114)   Resolving deltas:  84% (937/1114)   Resolving deltas:  85% (947/1114)   Resolving deltas:  86% (960/1114)   Resolving deltas:  87% (971/1114)   Resolving deltas:  88% (981/1114)   Resolving deltas:  89% (992/1114)   Resolving deltas:  90% (1003/1114)   Resolving deltas:  91% (1022/1114)   Resolving deltas:  92% (1025/1114)   Resolving deltas:  93% (1043/1114)   Resolving deltas:  94% (1049/1114)   Resolving deltas:  95% (1059/1114)   Resolving deltas:  96% (1070/1114)   Resolving deltas:  97% (1086/1114)   Resolving deltas:  98% (1093/1114)   Resolving deltas:  99% (1108/1114)   Resolving deltas: 100% (1114/1114)   Resolving deltas: 100% (1114/1114), done.
Checking connectivity... done.
travis_time:end:00a67d43:start=1440037835039770569,finish=1440037836437520932,duration=1397750363[0K$ cd checkstyle/checkstyle
travis_time:start:09d70718[0K$ git fetch origin +refs/pull/1750/merge:
remote: Counting objects: 37, done.[K
remote: Compressing objects:   5% (1/18)   [Kremote: Compressing objects:  11% (2/18)   [Kremote: Compressing objects:  16% (3/18)   [Kremote: Compressing objects:  22% (4/18)   [Kremote: Compressing objects:  27% (5/18)   [Kremote: Compressing objects:  33% (6/18)   [Kremote: Compressing objects:  38% (7/18)   [Kremote: Compressing objects:  44% (8/18)   [Kremote: Compressing objects:  50% (9/18)   [Kremote: Compressing objects:  55% (10/18)   [Kremote: Compressing objects:  61% (11/18)   [Kremote: Compressing objects:  66% (12/18)   [Kremote: Compressing objects:  72% (13/18)   [Kremote: Compressing objects:  77% (14/18)   [Kremote: Compressing objects:  83% (15/18)   [Kremote: Compressing objects:  88% (16/18)   [Kremote: Compressing objects:  94% (17/18)   [Kremote: Compressing objects: 100% (18/18)   [Kremote: Compressing objects: 100% (18/18), done.[K
remote: Total 37 (delta 14), reused 29 (delta 7), pack-reused 0[K
Unpacking objects:   2% (1/37)   Unpacking objects:   5% (2/37)   Unpacking objects:   8% (3/37)   Unpacking objects:  10% (4/37)   Unpacking objects:  13% (5/37)   Unpacking objects:  16% (6/37)   Unpacking objects:  18% (7/37)   Unpacking objects:  21% (8/37)   Unpacking objects:  24% (9/37)   Unpacking objects:  27% (10/37)   Unpacking objects:  29% (11/37)   Unpacking objects:  32% (12/37)   Unpacking objects:  35% (13/37)   Unpacking objects:  37% (14/37)   Unpacking objects:  40% (15/37)   Unpacking objects:  43% (16/37)   Unpacking objects:  45% (17/37)   Unpacking objects:  48% (18/37)   Unpacking objects:  51% (19/37)   Unpacking objects:  54% (20/37)   Unpacking objects:  56% (21/37)   Unpacking objects:  59% (22/37)   Unpacking objects:  62% (23/37)   Unpacking objects:  64% (24/37)   Unpacking objects:  67% (25/37)   Unpacking objects:  70% (26/37)   Unpacking objects:  72% (27/37)   Unpacking objects:  75% (28/37)   Unpacking objects:  78% (29/37)   Unpacking objects:  81% (30/37)   Unpacking objects:  83% (31/37)   Unpacking objects:  86% (32/37)   Unpacking objects:  89% (33/37)   Unpacking objects:  91% (34/37)   Unpacking objects:  94% (35/37)   Unpacking objects:  97% (36/37)   Unpacking objects: 100% (37/37)   Unpacking objects: 100% (37/37), done.
From git://github.com/checkstyle/checkstyle
 * branch            refs/pull/1750/merge -> FETCH_HEAD
travis_time:end:09d70718:start=1440037836441934366,finish=1440037836580544592,duration=138610226[0K$ git checkout -qf FETCH_HEAD
travis_fold:end:git.checkout[0K
[33;1mThis job is running on container-based infrastructure, which does not allow use of 'sudo', setuid and setguid executables.[0m
[33;1mIf you require sudo, add 'sudo: required' to your .travis.yml[0m
[33;1mSee http://docs.travis-ci.com/user/workers/container-based-infrastructure/ for details.[0m

[33;1mSetting environment variables from .travis.yml[0m
$ export DESC="site"
$ export CMD1="mvn clean site -Dlinkcheck.skip=true -Dmaven.javadoc.skip=true -DskipTests -DskipITs "
$ export CMD2=" -Dpmd.skip=true -Dfindbugs.skip=true -Dcobertura.skip=true -Dcheckstyle.ant.skip=true"
$ export CMD=$CMD1$CMD2
$ export COVERAGE_CMD=""

travis_fold:start:cache.1[0KSetting up build cache
$ export CASHER_DIR=$HOME/.casher
travis_time:start:1e581a60[0K$ Installing caching utilities
travis_time:end:1e581a60:start=1440037838316460589,finish=1440037838372504575,duration=56043986[0Ktravis_time:start:19010030[0Kattempting to download cache archive
fetching PR.1750/cache--jdk-oraclejdk8.tgz
found cache
travis_time:end:19010030:start=1440037838377089728,finish=1440037840868698042,duration=2491608314[0Ktravis_time:start:01db4f16[0Kadding /home/travis/.m2 to cache
travis_time:end:01db4f16:start=1440037840872558161,finish=1440037843700485775,duration=2827927614[0Ktravis_fold:end:cache.1[0K$ jdk_switcher use oraclejdk8
Switching to Oracle JDK8 (java-8-oracle), JAVA_HOME will be set to /usr/lib/jvm/java-8-oracle
$ java -Xmx32m -version
java version "1.8.0_31"
Java(TM) SE Runtime Environment (build 1.8.0_31-b13)
Java HotSpot(TM) 64-Bit Server VM (build 25.31-b07, mixed mode)
$ javac -J-Xmx32m -version
javac 1.8.0_31
travis_fold:start:install[0Ktravis_time:start:1758343c[0K$ 
travis_time:end:1758343c:start=1440037844101795290,finish=1440037844105499849,duration=3704559[0Ktravis_fold:end:install[0Ktravis_time:start:00feeede[0K$ eval $CMD
Java HotSpot(TM) 64-Bit Server VM warning: ignoring option MaxPermSize=192m; support was removed in 8.0
[INFO] Scanning for projects...
[INFO]                                                                         
[INFO] ------------------------------------------------------------------------
[INFO] Building checkstyle 6.10-SNAPSHOT
[INFO] ------------------------------------------------------------------------
Downloading: https://repository.apache.org/releases/junit/junit-dep/maven-metadata.xml
Downloading: https://repository.apache.org/snapshots/junit/junit-dep/maven-metadata.xml
Downloading: https://oss.sonatype.org/content/repositories/releases/junit/junit-dep/maven-metadata.xml
Downloading: https://nexus.codehaus.org/snapshots/junit/junit-dep/maven-metadata.xml
563/563 B               Downloaded: https://oss.sonatype.org/content/repositories/releases/junit/junit-dep/maven-metadata.xml (563 B at 0.8 KB/sec)
                        [WARNING] Could not transfer metadata junit:junit-dep/maven-metadata.xml from/to codehaus-snapshots (https://nexus.codehaus.org/snapshots/): nexus.codehaus.org: unknown error
Downloading: https://oss.sonatype.org/content/repositories/releases/commons-io/commons-io/maven-metadata.xml
Downloading: https://repository.apache.org/snapshots/commons-io/commons-io/maven-metadata.xml
Downloading: https://repository.apache.org/releases/commons-io/commons-io/maven-metadata.xml
Downloading: https://nexus.codehaus.org/snapshots/commons-io/commons-io/maven-metadata.xml
                                    312/312 B               Downloaded: https://repository.apache.org/snapshots/commons-io/commons-io/maven-metadata.xml (312 B at 0.3 KB/sec)
[WARNING] Could not transfer metadata commons-io:commons-io/maven-metadata.xml from/to codehaus-snapshots (https://nexus.codehaus.org/snapshots/): nexus.codehaus.org
Downloading: https://repository.apache.org/snapshots/commons-io/commons-io/2.5-SNAPSHOT/maven-metadata.xml
Downloading: https://nexus.codehaus.org/snapshots/commons-io/commons-io/2.5-SNAPSHOT/maven-metadata.xml
            3/3 KB               Downloaded: https://repository.apache.org/snapshots/commons-io/commons-io/2.5-SNAPSHOT/maven-metadata.xml (3 KB at 3.9 KB/sec)
[WARNING] Could not transfer metadata commons-io:commons-io:2.5-SNAPSHOT/maven-metadata.xml from/to codehaus-snapshots (https://nexus.codehaus.org/snapshots/): nexus.codehaus.org
[WARNING] Failure to transfer commons-io:commons-io:2.5-SNAPSHOT/maven-metadata.xml from https://nexus.codehaus.org/snapshots/ was cached in the local repository, resolution will not be reattempted until the update interval of codehaus-snapshots has elapsed or updates are forced. Original error: Could not transfer metadata commons-io:commons-io:2.5-SNAPSHOT/maven-metadata.xml from/to codehaus-snapshots (https://nexus.codehaus.org/snapshots/): nexus.codehaus.org
[INFO] 
[INFO] --- maven-clean-plugin:2.6.1:clean (default-clean) @ checkstyle ---
[INFO] 
[INFO] --- maven-site-plugin:3.4:site (default-site) @ checkstyle ---
[INFO] configuring report plugin org.apache.maven.plugins:maven-project-info-reports-plugin:2.8
[INFO] configuring report plugin org.apache.maven.plugins:maven-javadoc-plugin:2.10.3
[INFO] preparing 'javadoc' report requires 'generate-sources' forked phase execution
[INFO] 
[INFO] >>> maven-javadoc-plugin:2.10.3:javadoc > generate-sources @ checkstyle >>>
[WARNING] Failure to transfer junit:junit-dep/maven-metadata.xml from https://nexus.codehaus.org/snapshots/ was cached in the local repository, resolution will not be reattempted until the update interval of codehaus-snapshots has elapsed or updates are forced. Original error: Could not transfer metadata junit:junit-dep/maven-metadata.xml from/to codehaus-snapshots (https://nexus.codehaus.org/snapshots/): nexus.codehaus.org: unknown error
[WARNING] Failure to transfer commons-io:commons-io/maven-metadata.xml from https://nexus.codehaus.org/snapshots/ was cached in the local repository, resolution will not be reattempted until the update interval of codehaus-snapshots has elapsed or updates are forced. Original error: Could not transfer metadata commons-io:commons-io/maven-metadata.xml from/to codehaus-snapshots (https://nexus.codehaus.org/snapshots/): nexus.codehaus.org
[INFO] 
[INFO] --- maven-enforcer-plugin:1.4:enforce (enforce-maven) @ checkstyle ---
[INFO] 
[INFO] --- maven-enforcer-plugin:1.4:enforce (enforce-versions) @ checkstyle ---
[INFO] 
[INFO] --- antlr-maven-plugin:2.2:generate (default) @ checkstyle ---
[INFO] performing grammar generation [java.g]
ANTLR Parser Generator   Version 2.7.7 (20060906)   1989-2005
/home/travis/build/checkstyle/checkstyle/src/main/resources/com/puppycrawl/tools/checkstyle/grammars/java.g:623:17: warning:nondeterminism between alts 1 and 2 of block upon
/home/travis/build/checkstyle/checkstyle/src/main/resources/com/puppycrawl/tools/checkstyle/grammars/java.g:623:17:     k==1:AT
/home/travis/build/checkstyle/checkstyle/src/main/resources/com/puppycrawl/tools/checkstyle/grammars/java.g:623:17:     k==2:IDENT
/home/travis/build/checkstyle/checkstyle/src/main/resources/com/puppycrawl/tools/checkstyle/grammars/java.g:770:17: warning:nondeterminism between alts 1 and 2 of block upon
/home/travis/build/checkstyle/checkstyle/src/main/resources/com/puppycrawl/tools/checkstyle/grammars/java.g:770:17:     k==1:AT
/home/travis/build/checkstyle/checkstyle/src/main/resources/com/puppycrawl/tools/checkstyle/grammars/java.g:770:17:     k==2:IDENT
/home/travis/build/checkstyle/checkstyle/src/main/resources/com/puppycrawl/tools/checkstyle/grammars/java.g:806:65: warning:nondeterminism between alts 1 and 2 of block upon
/home/travis/build/checkstyle/checkstyle/src/main/resources/com/puppycrawl/tools/checkstyle/grammars/java.g:806:65:     k==1:SEMI
/home/travis/build/checkstyle/checkstyle/src/main/resources/com/puppycrawl/tools/checkstyle/grammars/java.g:806:65:     k==2:"final","abstract","strictfp",SEMI,"void","boolean","byte","char","short","int","float","long","double",IDENT,"private","public","protected","static","transient","native","synchronized","volatile","class","interface",LCURLY,RCURLY,"default",LT,ENUM,AT
/home/travis/build/checkstyle/checkstyle/src/main/resources/com/puppycrawl/tools/checkstyle/grammars/java.g:695:17: warning:nondeterminism between alts 1 and 2 of block upon
/home/travis/build/checkstyle/checkstyle/src/main/resources/com/puppycrawl/tools/checkstyle/grammars/java.g:695:17:     k==1:AT
/home/travis/build/checkstyle/checkstyle/src/main/resources/com/puppycrawl/tools/checkstyle/grammars/java.g:695:17:     k==2:IDENT
/home/travis/build/checkstyle/checkstyle/src/main/resources/com/puppycrawl/tools/checkstyle/grammars/java.g:947: warning:Syntactic predicate superfluous for single alternative
/home/travis/build/checkstyle/checkstyle/src/main/resources/com/puppycrawl/tools/checkstyle/grammars/java.g:972:38: warning:nondeterminism between alts 1 and 2 of block upon
/home/travis/build/checkstyle/checkstyle/src/main/resources/com/puppycrawl/tools/checkstyle/grammars/java.g:972:38:     k==1:IDENT
/home/travis/build/checkstyle/checkstyle/src/main/resources/com/puppycrawl/tools/checkstyle/grammars/java.g:972:38:     k==2:LBRACK
/home/travis/build/checkstyle/checkstyle/src/main/resources/com/puppycrawl/tools/checkstyle/grammars/java.g:1027:54: warning:nondeterminism between alts 1 and 2 of block upon
/home/travis/build/checkstyle/checkstyle/src/main/resources/com/puppycrawl/tools/checkstyle/grammars/java.g:1027:54:     k==1:SEMI
/home/travis/build/checkstyle/checkstyle/src/main/resources/com/puppycrawl/tools/checkstyle/grammars/java.g:1027:54:     k==2:"final","abstract","strictfp",SEMI,"void","boolean","byte","char","short","int","float","long","double",IDENT,"private","public","protected","static","transient","native","synchronized","volatile","class",LCURLY,RCURLY,LPAREN,RPAREN,"this","super",COLON,"if","while","do","break","continue","return","switch","throw","for","else","case","default","try",PLUS,MINUS,INC,DEC,BNOT,LNOT,"true","false","null","new",NUM_INT,CHAR_LITERAL,STRING_LITERAL,NUM_FLOAT,NUM_LONG,NUM_DOUBLE,ASSERT,AT
/home/travis/build/checkstyle/checkstyle/src/main/resources/com/puppycrawl/tools/checkstyle/grammars/java.g:1127:17: warning:nondeterminism between alts 1 and 2 of block upon
/home/travis/build/checkstyle/checkstyle/src/main/resources/com/puppycrawl/tools/checkstyle/grammars/java.g:1127:17:     k==1:"default"
/home/travis/build/checkstyle/checkstyle/src/main/resources/com/puppycrawl/tools/checkstyle/grammars/java.g:1127:17:     k==2:"final","abstract","strictfp",SEMI,"void","boolean","byte","char","short","int","float","long","double",IDENT,"private","public","protected","static","transient","native","synchronized","volatile","class",LCURLY,RCURLY,LPAREN,RPAREN,"this","super",COLON,"if","while","do","break","continue","return","switch","throw","for","case","default","try",PLUS,MINUS,INC,DEC,BNOT,LNOT,"true","false","null","new",NUM_INT,CHAR_LITERAL,STRING_LITERAL,NUM_FLOAT,NUM_LONG,NUM_DOUBLE,ASSERT,AT
/home/travis/build/checkstyle/checkstyle/src/main/resources/com/puppycrawl/tools/checkstyle/grammars/java.g:1411:25: warning:nondeterminism between alts 1 and 4 of block upon
/home/travis/build/checkstyle/checkstyle/src/main/resources/com/puppycrawl/tools/checkstyle/grammars/java.g:1411:25:     k==1:IDENT,"this","super",LT
/home/travis/build/checkstyle/checkstyle/src/main/resources/com/puppycrawl/tools/checkstyle/grammars/java.g:1411:25:     k==2:"final","abstract","strictfp",SEMI,LBRACK,RBRACK,"void","boolean","byte","char","short","int","float","long","double",IDENT,DOT,STAR,"private","public","protected","static","transient","native","synchronized","volatile","class","interface",LCURLY,RCURLY,COMMA,LPAREN,RPAREN,"this","super",ASSIGN,COLON,"if","while","do","break","continue","return","switch","throw","for","else","case","default","try",PLUS_ASSIGN,MINUS_ASSIGN,STAR_ASSIGN,DIV_ASSIGN,MOD_ASSIGN,SR_ASSIGN,BSR_ASSIGN,SL_ASSIGN,BAND_ASSIGN,BXOR_ASSIGN,BOR_ASSIGN,QUESTION,LOR,LAND,BOR,BXOR,BAND,NOT_EQUAL,EQUAL,LT,GT,LE,GE,"instanceof",SL,SR,BSR,PLUS,MINUS,DIV,MOD,INC,DEC,BNOT,LNOT,"true","false","null","new",NUM_INT,CHAR_LITERAL,STRING_LITERAL,NUM_FLOAT,NUM_LONG,NUM_DOUBLE,ASSERT,ENUM,AT,DOUBLE_COLON
/home/travis/build/checkstyle/checkstyle/src/main/resources/com/puppycrawl/tools/checkstyle/grammars/java.g:1411:25: warning:nondeterminism between alts 2 and 4 of block upon
/home/travis/build/checkstyle/checkstyle/src/main/resources/com/puppycrawl/tools/checkstyle/grammars/java.g:1411:25:     k==1:"class"
/home/travis/build/checkstyle/checkstyle/src/main/resources/com/puppycrawl/tools/checkstyle/grammars/java.g:1411:25:     k==2:"final","abstract","strictfp",SEMI,LBRACK,RBRACK,"void","boolean","byte","char","short","int","float","long","double",IDENT,DOT,STAR,"private","public","protected","static","transient","native","synchronized","volatile","class","interface",LCURLY,RCURLY,COMMA,LPAREN,RPAREN,"this","super",ASSIGN,COLON,"if","while","do","break","continue","return","switch","throw","for","else","case","default","try",PLUS_ASSIGN,MINUS_ASSIGN,STAR_ASSIGN,DIV_ASSIGN,MOD_ASSIGN,SR_ASSIGN,BSR_ASSIGN,SL_ASSIGN,BAND_ASSIGN,BXOR_ASSIGN,BOR_ASSIGN,QUESTION,LOR,LAND,BOR,BXOR,BAND,NOT_EQUAL,EQUAL,LT,GT,LE,GE,"instanceof",SL,SR,BSR,PLUS,MINUS,DIV,MOD,INC,DEC,BNOT,LNOT,"true","false","null","new",NUM_INT,CHAR_LITERAL,STRING_LITERAL,NUM_FLOAT,NUM_LONG,NUM_DOUBLE,ASSERT,ENUM,AT,DOUBLE_COLON
/home/travis/build/checkstyle/checkstyle/src/main/resources/com/puppycrawl/tools/checkstyle/grammars/java.g:1411:25: warning:nondeterminism between alts 3 and 4 of block upon
/home/travis/build/checkstyle/checkstyle/src/main/resources/com/puppycrawl/tools/checkstyle/grammars/java.g:1411:25:     k==1:"new"
/home/travis/build/checkstyle/checkstyle/src/main/resources/com/puppycrawl/tools/checkstyle/grammars/java.g:1411:25:     k==2:"void","boolean","byte","char","short","int","float","long","double",IDENT,LT,AT
/home/travis/build/checkstyle/checkstyle/src/main/resources/com/puppycrawl/tools/checkstyle/grammars/java.g:1456:17: warning:nondeterminism between alts 1 and 3 of block upon
/home/travis/build/checkstyle/checkstyle/src/main/resources/com/puppycrawl/tools/checkstyle/grammars/java.g:1456:17:     k==1:INC
/home/travis/build/checkstyle/checkstyle/src/main/resources/com/puppycrawl/tools/checkstyle/grammars/java.g:1456:17:     k==2:"final","abstract","strictfp",SEMI,RBRACK,"void","boolean","byte","char","short","int","float","long","double",IDENT,STAR,"private","public","protected","static","transient","native","synchronized","volatile","class","interface",LCURLY,RCURLY,COMMA,LPAREN,RPAREN,"this","super",ASSIGN,COLON,"if","while","do","break","continue","return","switch","throw","for","else","case","default","try",PLUS_ASSIGN,MINUS_ASSIGN,STAR_ASSIGN,DIV_ASSIGN,MOD_ASSIGN,SR_ASSIGN,BSR_ASSIGN,SL_ASSIGN,BAND_ASSIGN,BXOR_ASSIGN,BOR_ASSIGN,QUESTION,LOR,LAND,BOR,BXOR,BAND,NOT_EQUAL,EQUAL,LT,GT,LE,GE,"instanceof",SL,SR,BSR,PLUS,MINUS,DIV,MOD,INC,DEC,BNOT,LNOT,"true","false","null","new",NUM_INT,CHAR_LITERAL,STRING_LITERAL,NUM_FLOAT,NUM_LONG,NUM_DOUBLE,ASSERT,ENUM,AT
/home/travis/build/checkstyle/checkstyle/src/main/resources/com/puppycrawl/tools/checkstyle/grammars/java.g:1456:17: warning:nondeterminism between alts 2 and 3 of block upon
/home/travis/build/checkstyle/checkstyle/src/main/resources/com/puppycrawl/tools/checkstyle/grammars/java.g:1456:17:     k==1:DEC
/home/travis/build/checkstyle/checkstyle/src/main/resources/com/puppycrawl/tools/checkstyle/grammars/java.g:1456:17:     k==2:"final","abstract","strictfp",SEMI,RBRACK,"void","boolean","byte","char","short","int","float","long","double",IDENT,STAR,"private","public","protected","static","transient","native","synchronized","volatile","class","interface",LCURLY,RCURLY,COMMA,LPAREN,RPAREN,"this","super",ASSIGN,COLON,"if","while","do","break","continue","return","switch","throw","for","else","case","default","try",PLUS_ASSIGN,MINUS_ASSIGN,STAR_ASSIGN,DIV_ASSIGN,MOD_ASSIGN,SR_ASSIGN,BSR_ASSIGN,SL_ASSIGN,BAND_ASSIGN,BXOR_ASSIGN,BOR_ASSIGN,QUESTION,LOR,LAND,BOR,BXOR,BAND,NOT_EQUAL,EQUAL,LT,GT,LE,GE,"instanceof",SL,SR,BSR,PLUS,MINUS,DIV,MOD,INC,DEC,BNOT,LNOT,"true","false","null","new",NUM_INT,CHAR_LITERAL,STRING_LITERAL,NUM_FLOAT,NUM_LONG,NUM_DOUBLE,ASSERT,ENUM,AT
/home/travis/build/checkstyle/checkstyle/src/main/resources/com/puppycrawl/tools/checkstyle/grammars/java.g:1534:47: warning:nondeterminism between alts 1 and 2 of block upon
/home/travis/build/checkstyle/checkstyle/src/main/resources/com/puppycrawl/tools/checkstyle/grammars/java.g:1534:47:     k==1:LCURLY
/home/travis/build/checkstyle/checkstyle/src/main/resources/com/puppycrawl/tools/checkstyle/grammars/java.g:1534:47:     k==2:"final","abstract","strictfp",SEMI,"void","boolean","byte","char","short","int","float","long","double",IDENT,"private","public","protected","static","transient","native","synchronized","volatile","class","interface",LCURLY,RCURLY,"default",LT,ENUM,AT
/home/travis/build/checkstyle/checkstyle/src/main/resources/com/puppycrawl/tools/checkstyle/grammars/java.g:1544:44: warning:nondeterminism between alts 1 and 2 of block upon
/home/travis/build/checkstyle/checkstyle/src/main/resources/com/puppycrawl/tools/checkstyle/grammars/java.g:1544:44:     k==1:LCURLY
/home/travis/build/checkstyle/checkstyle/src/main/resources/com/puppycrawl/tools/checkstyle/grammars/java.g:1544:44:     k==2:"void","boolean","byte","char","short","int","float","long","double",IDENT,LCURLY,RCURLY,COMMA,LPAREN,"this","super",PLUS,MINUS,INC,DEC,BNOT,LNOT,"true","false","null","new",NUM_INT,CHAR_LITERAL,STRING_LITERAL,NUM_FLOAT,NUM_LONG,NUM_DOUBLE
/home/travis/build/checkstyle/checkstyle/src/main/resources/com/puppycrawl/tools/checkstyle/grammars/java.g:1585: warning:nondeterminism between alts 2 and 3 of block upon
/home/travis/build/checkstyle/checkstyle/src/main/resources/com/puppycrawl/tools/checkstyle/grammars/java.g:1585:     k==1:LPAREN
/home/travis/build/checkstyle/checkstyle/src/main/resources/com/puppycrawl/tools/checkstyle/grammars/java.g:1585:     k==2:IDENT
/home/travis/build/checkstyle/checkstyle/src/main/resources/com/puppycrawl/tools/checkstyle/grammars/java.g:1587:24: warning:nondeterminism between alts 1 and 2 of block upon
/home/travis/build/checkstyle/checkstyle/src/main/resources/com/puppycrawl/tools/checkstyle/grammars/java.g:1587:24:     k==1:RPAREN
/home/travis/build/checkstyle/checkstyle/src/main/resources/com/puppycrawl/tools/checkstyle/grammars/java.g:1587:24:     k==2:LAMBDA

[INFO] 
[INFO] --- antlr4-maven-plugin:4.5.1:antlr4 (default) @ checkstyle ---
[INFO] ANTLR 4: Processing source directory /home/travis/build/checkstyle/checkstyle/src/main/resources
[INFO] Processing grammar: com/puppycrawl/tools/checkstyle/grammars/javadoc/JavadocLexer.g4
[INFO] Processing grammar: com/puppycrawl/tools/checkstyle/grammars/javadoc/JavadocParser.g4
[INFO] 
[INFO] --- build-helper-maven-plugin:1.9.1:add-source (add-source) @ checkstyle ---
[INFO] Source directory: /home/travis/build/checkstyle/checkstyle/target/generated-sources/antlr added.
[INFO] 
[INFO] <<< maven-javadoc-plugin:2.10.3:javadoc < generate-sources @ checkstyle <<<
[INFO] configuring report plugin com.github.sevntu-checkstyle:dsm-maven-plugin:2.1.3
[INFO] configuring report plugin org.apache.maven.plugins:maven-surefire-report-plugin:2.18.1
[INFO] preparing 'report' report requires '[surefire]test' forked phase execution
[INFO] 
[INFO] >>> maven-surefire-report-plugin:2.18.1:report > [surefire]test @ checkstyle >>>
[WARNING] Failure to transfer junit:junit-dep/maven-metadata.xml from https://nexus.codehaus.org/snapshots/ was cached in the local repository, resolution will not be reattempted until the update interval of codehaus-snapshots has elapsed or updates are forced. Original error: Could not transfer metadata junit:junit-dep/maven-metadata.xml from/to codehaus-snapshots (https://nexus.codehaus.org/snapshots/): nexus.codehaus.org: unknown error
[WARNING] Failure to transfer commons-io:commons-io/maven-metadata.xml from https://nexus.codehaus.org/snapshots/ was cached in the local repository, resolution will not be reattempted until the update interval of codehaus-snapshots has elapsed or updates are forced. Original error: Could not transfer metadata commons-io:commons-io/maven-metadata.xml from/to codehaus-snapshots (https://nexus.codehaus.org/snapshots/): nexus.codehaus.org
[INFO] 
[INFO] --- maven-enforcer-plugin:1.4:enforce (enforce-maven) @ checkstyle ---
[INFO] 
[INFO] --- maven-enforcer-plugin:1.4:enforce (enforce-versions) @ checkstyle ---
[INFO] 
[INFO] --- antlr-maven-plugin:2.2:generate (default) @ checkstyle ---
[INFO] grammar [java.g] was up-to-date; skipping
[INFO] 
[INFO] --- antlr4-maven-plugin:4.5.1:antlr4 (default) @ checkstyle ---
[INFO] ANTLR 4: Processing source directory /home/travis/build/checkstyle/checkstyle/src/main/resources
[INFO] Processing grammar: com/puppycrawl/tools/checkstyle/grammars/javadoc/JavadocLexer.g4
[INFO] Processing grammar: com/puppycrawl/tools/checkstyle/grammars/javadoc/JavadocParser.g4
[INFO] 
[INFO] --- build-helper-maven-plugin:1.9.1:add-source (add-source) @ checkstyle ---
[INFO] Source directory: /home/travis/build/checkstyle/checkstyle/target/generated-sources/antlr added.
[INFO] 
[INFO] --- maven-resources-plugin:2.7:resources (default-resources) @ checkstyle ---
[INFO] Using 'UTF-8' encoding to copy filtered resources.
[INFO] Copying 137 resources
[INFO] Copying 1 resource
[INFO] 
[INFO] --- build-helper-maven-plugin:1.9.1:add-test-source (add-test-source) @ checkstyle ---
[INFO] Test Source directory: /home/travis/build/checkstyle/checkstyle/src/test/resources added.
[INFO] 
[INFO] --- build-helper-maven-plugin:1.9.1:add-test-source (add-ittest-source) @ checkstyle ---
[INFO] Test Source directory: /home/travis/build/checkstyle/checkstyle/src/it/java added.
[INFO] 
[INFO] --- build-helper-maven-plugin:1.9.1:add-test-source (add-ittest-resource) @ checkstyle ---
[INFO] Test Source directory: /home/travis/build/checkstyle/checkstyle/src/it/resources added.
[INFO] 
[INFO] --- maven-compiler-plugin:3.3:compile (default-compile) @ checkstyle ---
[INFO] Changes detected - recompiling the module!
[INFO] Compiling 330 source files to /home/travis/build/checkstyle/checkstyle/target/classes
[INFO] /home/travis/build/checkstyle/checkstyle/src/main/java/com/puppycrawl/tools/checkstyle/checks/javadoc/JavadocMethodCheck.java: /home/travis/build/checkstyle/checkstyle/src/main/java/com/puppycrawl/tools/checkstyle/checks/javadoc/JavadocMethodCheck.java uses or overrides a deprecated API.
[INFO] /home/travis/build/checkstyle/checkstyle/src/main/java/com/puppycrawl/tools/checkstyle/checks/javadoc/JavadocMethodCheck.java: Recompile with -Xlint:deprecation for details.
[INFO] /home/travis/build/checkstyle/checkstyle/src/main/java/com/puppycrawl/tools/checkstyle/api/AutomaticBean.java: Some input files use unchecked or unsafe operations.
[INFO] /home/travis/build/checkstyle/checkstyle/src/main/java/com/puppycrawl/tools/checkstyle/api/AutomaticBean.java: Recompile with -Xlint:unchecked for details.
[INFO] 
[INFO] --- maven-antrun-plugin:1.8:run (ant-phase-compile) @ checkstyle ---
[INFO] Executing tasks

main:

execute:
[propertyfile] Creating new property file: /home/travis/build/checkstyle/checkstyle/target/classes/checkstylecompilation.properties
  [javadoc] Generating Javadoc
  [javadoc] Javadoc execution
  [javadoc] Loading source file /home/travis/build/checkstyle/checkstyle/src/main/java/com/puppycrawl/tools/checkstyle/api/TokenTypes.java...
  [javadoc] Constructing Javadoc information...
[INFO] Executed tasks
[INFO] 
[INFO] --- maven-resources-plugin:2.7:testResources (default-testResources) @ checkstyle ---
[INFO] Using 'UTF-8' encoding to copy filtered resources.
[INFO] Copying 488 resources
[INFO] 
[INFO] --- maven-compiler-plugin:3.3:testCompile (default-testCompile) @ checkstyle ---
[INFO] Changes detected - recompiling the module!
[INFO] Compiling 791 source files to /home/travis/build/checkstyle/checkstyle/target/test-classes
[INFO] /home/travis/build/checkstyle/checkstyle/src/it/resources/com/google/checkstyle/test/chapter3filestructure/rule333orderingandsoacing/CustomImportOrderValidInput.java: Some input files use or override a deprecated API.
[INFO] /home/travis/build/checkstyle/checkstyle/src/it/resources/com/google/checkstyle/test/chapter3filestructure/rule333orderingandsoacing/CustomImportOrderValidInput.java: Recompile with -Xlint:deprecation for details.
[INFO] /home/travis/build/checkstyle/checkstyle/src/test/resources/com/puppycrawl/tools/checkstyle/coding/InputClone.java: Some input files use unchecked or unsafe operations.
[INFO] /home/travis/build/checkstyle/checkstyle/src/test/resources/com/puppycrawl/tools/checkstyle/coding/InputClone.java: Recompile with -Xlint:unchecked for details.
[INFO] 
[INFO] --- maven-surefire-plugin:2.18.1:test (default-test) @ checkstyle ---
[INFO] Tests are skipped.
[INFO] 
[INFO] --- xml-maven-plugin:1.0:validate (default) @ checkstyle ---
[INFO] 
[INFO] <<< maven-surefire-report-plugin:2.18.1:report < [surefire]test @ checkstyle <<<
[INFO] configuring report plugin org.codehaus.mojo:cobertura-maven-plugin:2.7
[INFO] preparing 'cobertura' report requires '[cobertura]test' forked phase execution
[INFO] 
[INFO] >>> cobertura-maven-plugin:2.7:cobertura > [cobertura]test @ checkstyle >>>
[WARNING] Failure to transfer junit:junit-dep/maven-metadata.xml from https://nexus.codehaus.org/snapshots/ was cached in the local repository, resolution will not be reattempted until the update interval of codehaus-snapshots has elapsed or updates are forced. Original error: Could not transfer metadata junit:junit-dep/maven-metadata.xml from/to codehaus-snapshots (https://nexus.codehaus.org/snapshots/): nexus.codehaus.org: unknown error
[WARNING] Failure to transfer commons-io:commons-io/maven-metadata.xml from https://nexus.codehaus.org/snapshots/ was cached in the local repository, resolution will not be reattempted until the update interval of codehaus-snapshots has elapsed or updates are forced. Original error: Could not transfer metadata commons-io:commons-io/maven-metadata.xml from/to codehaus-snapshots (https://nexus.codehaus.org/snapshots/): nexus.codehaus.org
[INFO] 
[INFO] --- maven-enforcer-plugin:1.4:enforce (enforce-maven) @ checkstyle ---
[INFO] 
[INFO] --- maven-enforcer-plugin:1.4:enforce (enforce-versions) @ checkstyle ---
[INFO] 
[INFO] --- antlr-maven-plugin:2.2:generate (default) @ checkstyle ---
[INFO] grammar [java.g] was up-to-date; skipping
[INFO] 
[INFO] --- antlr4-maven-plugin:4.5.1:antlr4 (default) @ checkstyle ---
[INFO] ANTLR 4: Processing source directory /home/travis/build/checkstyle/checkstyle/src/main/resources
[INFO] Processing grammar: com/puppycrawl/tools/checkstyle/grammars/javadoc/JavadocLexer.g4
[INFO] Processing grammar: com/puppycrawl/tools/checkstyle/grammars/javadoc/JavadocParser.g4
[INFO] 
[INFO] --- build-helper-maven-plugin:1.9.1:add-source (add-source) @ checkstyle ---
[INFO] Source directory: /home/travis/build/checkstyle/checkstyle/target/generated-sources/antlr added.
[INFO] 
[INFO] --- maven-resources-plugin:2.7:resources (default-resources) @ checkstyle ---
[INFO] Using 'UTF-8' encoding to copy filtered resources.
[INFO] Copying 137 resources
[INFO] Copying 1 resource
[INFO] 
[INFO] --- build-helper-maven-plugin:1.9.1:add-test-source (add-test-source) @ checkstyle ---
[INFO] Test Source directory: /home/travis/build/checkstyle/checkstyle/src/test/resources added.
[INFO] 
[INFO] --- build-helper-maven-plugin:1.9.1:add-test-source (add-ittest-source) @ checkstyle ---
[INFO] Test Source directory: /home/travis/build/checkstyle/checkstyle/src/it/java added.
[INFO] 
[INFO] --- build-helper-maven-plugin:1.9.1:add-test-source (add-ittest-resource) @ checkstyle ---
[INFO] Test Source directory: /home/travis/build/checkstyle/checkstyle/src/it/resources added.
[INFO] 
[INFO] --- maven-compiler-plugin:3.3:compile (default-compile) @ checkstyle ---
[INFO] Changes detected - recompiling the module!
[INFO] Compiling 330 source files to /home/travis/build/checkstyle/checkstyle/target/classes
[INFO] /home/travis/build/checkstyle/checkstyle/src/main/java/com/puppycrawl/tools/checkstyle/checks/javadoc/JavadocMethodCheck.java: /home/travis/build/checkstyle/checkstyle/src/main/java/com/puppycrawl/tools/checkstyle/checks/javadoc/JavadocMethodCheck.java uses or overrides a deprecated API.
[INFO] /home/travis/build/checkstyle/checkstyle/src/main/java/com/puppycrawl/tools/checkstyle/checks/javadoc/JavadocMethodCheck.java: Recompile with -Xlint:deprecation for details.
[INFO] /home/travis/build/checkstyle/checkstyle/src/main/java/com/puppycrawl/tools/checkstyle/api/AutomaticBean.java: Some input files use unchecked or unsafe operations.
[INFO] /home/travis/build/checkstyle/checkstyle/src/main/java/com/puppycrawl/tools/checkstyle/api/AutomaticBean.java: Recompile with -Xlint:unchecked for details.
[INFO] 
[INFO] --- maven-antrun-plugin:1.8:run (ant-phase-compile) @ checkstyle ---
[INFO] Executing tasks

main:

execute:
[propertyfile] Updating property file: /home/travis/build/checkstyle/checkstyle/target/classes/checkstylecompilation.properties
  [javadoc] Generating Javadoc
  [javadoc] Javadoc execution
  [javadoc] Loading source file /home/travis/build/checkstyle/checkstyle/src/main/java/com/puppycrawl/tools/checkstyle/api/TokenTypes.java...
  [javadoc] Constructing Javadoc information...
[INFO] Executed tasks
[INFO] 
[INFO] --- cobertura-maven-plugin:2.7:instrument @ checkstyle ---
[INFO] Skipping cobertura execution
[INFO] 
[INFO] --- maven-resources-plugin:2.7:testResources (default-testResources) @ checkstyle ---
[INFO] Using 'UTF-8' encoding to copy filtered resources.
[INFO] Copying 488 resources
[INFO] 
[INFO] --- maven-compiler-plugin:3.3:testCompile (default-testCompile) @ checkstyle ---
[INFO] Changes detected - recompiling the module!
[INFO] Compiling 791 source files to /home/travis/build/checkstyle/checkstyle/target/test-classes
[INFO] /home/travis/build/checkstyle/checkstyle/src/it/resources/com/google/checkstyle/test/chapter3filestructure/rule333orderingandsoacing/CustomImportOrderValidInput.java: Some input files use or override a deprecated API.
[INFO] /home/travis/build/checkstyle/checkstyle/src/it/resources/com/google/checkstyle/test/chapter3filestructure/rule333orderingandsoacing/CustomImportOrderValidInput.java: Recompile with -Xlint:deprecation for details.
[INFO] /home/travis/build/checkstyle/checkstyle/src/test/resources/com/puppycrawl/tools/checkstyle/coding/InputClone.java: Some input files use unchecked or unsafe operations.
[INFO] /home/travis/build/checkstyle/checkstyle/src/test/resources/com/puppycrawl/tools/checkstyle/coding/InputClone.java: Recompile with -Xlint:unchecked for details.
[INFO] 
[INFO] --- maven-surefire-plugin:2.18.1:test (default-test) @ checkstyle ---
[INFO] Tests are skipped.
[INFO] 
[INFO] --- xml-maven-plugin:1.0:validate (default) @ checkstyle ---
[INFO] 
[INFO] <<< cobertura-maven-plugin:2.7:cobertura < [cobertura]test @ checkstyle <<<
[INFO] configuring report plugin org.jacoco:jacoco-maven-plugin:0.7.5.201505241946
Downloading: https://nexus.codehaus.org/content/repositories/snapshots/org/jacoco/jacoco-maven-plugin/0.7.5.201505241946/jacoco-maven-plugin-0.7.5.201505241946.pom
         Downloading: https://repo.maven.apache.org/maven2/org/jacoco/jacoco-maven-plugin/0.7.5.201505241946/jacoco-maven-plugin-0.7.5.201505241946.pom
4/4 KB            Downloaded: https://repo.maven.apache.org/maven2/org/jacoco/jacoco-maven-plugin/0.7.5.201505241946/jacoco-maven-plugin-0.7.5.201505241946.pom (4 KB at 37.4 KB/sec)
Downloading: https://nexus.codehaus.org/content/repositories/snapshots/org/jacoco/jacoco-maven-plugin/0.7.5.201505241946/jacoco-maven-plugin-0.7.5.201505241946.jar
         Downloading: https://repo.maven.apache.org/maven2/org/jacoco/jacoco-maven-plugin/0.7.5.201505241946/jacoco-maven-plugin-0.7.5.201505241946.jar
4/50 KB   8/50 KB   12/50 KB   16/50 KB   20/50 KB   24/50 KB   28/50 KB   32/50 KB   36/50 KB   40/50 KB   44/50 KB   48/50 KB   50/50 KB              Downloaded: https://repo.maven.apache.org/maven2/org/jacoco/jacoco-maven-plugin/0.7.5.201505241946/jacoco-maven-plugin-0.7.5.201505241946.jar (50 KB at 535.9 KB/sec)
Downloading: https://nexus.codehaus.org/content/repositories/snapshots/junit/junit/4.8.2/junit-4.8.2.pom
           Downloading: https://repo.maven.apache.org/maven2/junit/junit/4.8.2/junit-4.8.2.pom
2/2 KB              Downloaded: https://repo.maven.apache.org/maven2/junit/junit/4.8.2/junit-4.8.2.pom (2 KB at 48.2 KB/sec)
Downloading: https://nexus.codehaus.org/content/repositories/snapshots/org/apache/maven/maven-plugin-api/2.0.10/maven-plugin-api-2.0.10.pom
         Downloading: https://repo.maven.apache.org/maven2/org/apache/maven/maven-plugin-api/2.0.10/maven-plugin-api-2.0.10.pom
2/2 KB            Downloaded: https://repo.maven.apache.org/maven2/org/apache/maven/maven-plugin-api/2.0.10/maven-plugin-api-2.0.10.pom (2 KB at 69.5 KB/sec)
Downloading: https://nexus.codehaus.org/content/repositories/snapshots/org/jacoco/org.jacoco.core/0.7.5.201505241946/org.jacoco.core-0.7.5.201505241946.pom
         Downloading: https://repo.maven.apache.org/maven2/org/jacoco/org.jacoco.core/0.7.5.201505241946/org.jacoco.core-0.7.5.201505241946.pom
2/2 KB            Downloaded: https://repo.maven.apache.org/maven2/org/jacoco/org.jacoco.core/0.7.5.201505241946/org.jacoco.core-0.7.5.201505241946.pom (2 KB at 54.3 KB/sec)
Downloading: https://nexus.codehaus.org/content/repositories/snapshots/org/ow2/asm/asm-debug-all/5.0.1/asm-debug-all-5.0.1.pom
         Downloading: https://repo.maven.apache.org/maven2/org/ow2/asm/asm-debug-all/5.0.1/asm-debug-all-5.0.1.pom
2/2 KB            Downloaded: https://repo.maven.apache.org/maven2/org/ow2/asm/asm-debug-all/5.0.1/asm-debug-all-5.0.1.pom (2 KB at 88.0 KB/sec)
Downloading: https://nexus.codehaus.org/content/repositories/snapshots/org/jacoco/org.jacoco.report/0.7.5.201505241946/org.jacoco.report-0.7.5.201505241946.pom
         Downloading: https://repo.maven.apache.org/maven2/org/jacoco/org.jacoco.report/0.7.5.201505241946/org.jacoco.report-0.7.5.201505241946.pom
2/2 KB            Downloaded: https://repo.maven.apache.org/maven2/org/jacoco/org.jacoco.report/0.7.5.201505241946/org.jacoco.report-0.7.5.201505241946.pom (2 KB at 57.7 KB/sec)
Downloading: https://nexus.codehaus.org/content/repositories/snapshots/junit/junit/4.8.2/junit-4.8.2.jar
Downloading: https://nexus.codehaus.org/content/repositories/snapshots/org/apache/maven/doxia/doxia-core/1.1.2/doxia-core-1.1.2.jar
Downloading: https://nexus.codehaus.org/content/repositories/snapshots/xerces/xercesImpl/2.8.1/xercesImpl-2.8.1.jar
         Downloading: https://nexus.codehaus.org/content/repositories/snapshots/org/apache/maven/doxia/doxia-module-fml/1.1.2/doxia-module-fml-1.1.2.jar
         Downloading: https://nexus.codehaus.org/content/repositories/snapshots/org/jacoco/org.jacoco.core/0.7.5.201505241946/org.jacoco.core-0.7.5.201505241946.jar
Downloading: https://nexus.codehaus.org/content/repositories/snapshots/org/apache/maven/doxia/doxia-decoration-model/1.1.2/doxia-decoration-model-1.1.2.jar
Downloading: https://nexus.codehaus.org/content/repositories/snapshots/org/apache/maven/doxia/doxia-module-xhtml/1.1.2/doxia-module-xhtml-1.1.2.jar
         Downloading: https://nexus.codehaus.org/content/repositories/snapshots/org/ow2/asm/asm-debug-all/5.0.1/asm-debug-all-5.0.1.jar
         Downloading: https://nexus.codehaus.org/content/repositories/snapshots/org/jacoco/org.jacoco.report/0.7.5.201505241946/org.jacoco.report-0.7.5.201505241946.jar
                                             Downloading: https://repo.maven.apache.org/maven2/org/apache/maven/doxia/doxia-core/1.1.2/doxia-core-1.1.2.jar
Downloading: https://repo.maven.apache.org/maven2/xerces/xercesImpl/2.8.1/xercesImpl-2.8.1.jar
Downloading: https://repo.maven.apache.org/maven2/org/apache/maven/doxia/doxia-decoration-model/1.1.2/doxia-decoration-model-1.1.2.jar
Downloading: https://repo.maven.apache.org/maven2/org/apache/maven/doxia/doxia-module-xhtml/1.1.2/doxia-module-xhtml-1.1.2.jar
Downloading: https://repo.maven.apache.org/maven2/junit/junit/4.8.2/junit-4.8.2.jar
4/155 KB   8/155 KB   12/155 KB   16/155 KB   20/155 KB   24/155 KB   28/155 KB   32/155 KB   36/155 KB   40/155 KB   44/155 KB   48/155 KB   4/52 KB   48/155 KB   8/52 KB   48/155 KB   12/52 KB   48/155 KB   16/52 KB   48/155 KB   20/52 KB   48/155 KB   24/52 KB   48/155 KB   28/52 KB   48/155 KB   31/52 KB   48/155 KB   31/52 KB   52/155 KB   35/52 KB   56/155 KB   35/52 KB   60/155 KB   35/52 KB   64/155 KB   35/52 KB   52/155 KB   39/52 KB   64/155 KB   43/52 KB   64/155 KB   47/52 KB   64/155 KB   47/52 KB   64/155 KB   4/1185 KB   47/52 KB   64/155 KB   8/1185 KB   47/52 KB   64/155 KB   8/1185 KB   4/15 KB   4/232 KB   51/52 KB   68/155 KB   12/1185 KB   4/15 KB   4/232 KB   52/52 KB   68/155 KB   12/1185 KB   4/15 KB   4/232 KB   47/52 KB   68/155 KB   12/1185 KB   4/15 KB   4/232 KB   47/52 KB   64/155 KB   12/1185 KB   4/232 KB   47/52 KB   64/155 KB   12/1185 KB   47/52 KB   64/155 KB   12/1185 KB   4/15 KB   8/232 KB   52/52 KB   68/155 KB   16/1185 KB   8/15 KB   8/232 KB   52/52 KB   68/155 KB   16/1185 KB   12/15 KB   8/232 KB   52/52 KB   68/155 KB   16/1185 KB   15/15 KB   8/232 KB   52/52 KB   68/155 KB   16/1185 KB   4/15 KB   8/232 KB   52/52 KB   68/155 KB   12/1185 KB   15/15 KB   12/232 KB   52/52 KB   68/155 KB   16/1185 KB   15/15 KB   16/232 KB   52/52 KB   68/155 KB   16/1185 KB   15/15 KB   16/232 KB   52/52 KB   68/155 KB   20/1185 KB   15/15 KB   20/232 KB   52/52 KB   68/155 KB   20/1185 KB   15/15 KB   20/232 KB   52/52 KB   72/155 KB   24/1185 KB   15/15 KB   20/232 KB   52/52 KB   68/155 KB   24/1185 KB   15/15 KB   24/232 KB   52/52 KB   72/155 KB   28/1185 KB   15/15 KB   24/232 KB   52/52 KB   72/155 KB   32/1185 KB   15/15 KB   24/232 KB   52/52 KB   72/155 KB   24/1185 KB   15/15 KB   28/232 KB   52/52 KB   72/155 KB   32/1185 KB   15/15 KB   32/232 KB   52/52 KB   72/155 KB   32/1185 KB                                                              32/232 KB   52/52 KB   76/155 KB   36/1185 KB              Downloaded: https://repo.maven.apache.org/maven2/org/apache/maven/doxia/doxia-module-xhtml/1.1.2/doxia-module-xhtml-1.1.2.jar (15 KB at 110.2 KB/sec)
15/15 KB   32/232 KB   52/52 KB   72/155 KB   36/1185 KB   Downloading: https://repo.maven.apache.org/maven2/org/apache/maven/doxia/doxia-module-fml/1.1.2/doxia-module-fml-1.1.2.jar
32/232 KB   52/52 KB   80/155 KB   36/1185 KB                                                   Downloaded: https://repo.maven.apache.org/maven2/org/apache/maven/doxia/doxia-decoration-model/1.1.2/doxia-decoration-model-1.1.2.jar (52 KB at 372.9 KB/sec)
Downloading: https://repo.maven.apache.org/maven2/org/jacoco/org.jacoco.core/0.7.5.201505241946/org.jacoco.core-0.7.5.201505241946.jar
32/232 KB   52/52 KB   80/155 KB   40/1185 KB   32/232 KB   80/155 KB   44/1185 KB              32/232 KB   80/155 KB   48/1185 KB   36/232 KB   80/155 KB   48/1185 KB   40/232 KB   80/155 KB   48/1185 KB   44/232 KB   80/155 KB   48/1185 KB   48/232 KB   80/155 KB   48/1185 KB   48/232 KB   80/155 KB   52/1185 KB   48/232 KB   84/155 KB   56/1185 KB   48/232 KB   84/155 KB   60/1185 KB   48/232 KB   84/155 KB   64/1185 KB   48/232 KB   84/155 KB   52/1185 KB   48/232 KB   88/155 KB   64/1185 KB   48/232 KB   92/155 KB   64/1185 KB   48/232 KB   96/155 KB   64/1185 KB   48/232 KB   4/37 KB   96/155 KB   64/1185 KB   48/232 KB   8/37 KB   96/155 KB   64/1185 KB   48/232 KB   12/37 KB   96/155 KB   64/1185 KB   48/232 KB   16/37 KB   96/155 KB   64/1185 KB   48/232 KB   16/37 KB   4/131 KB   96/155 KB   64/1185 KB   48/232 KB   20/37 KB   8/131 KB   96/155 KB   64/1185 KB   48/232 KB   20/37 KB   12/131 KB   96/155 KB   64/1185 KB   48/232 KB   20/37 KB   16/131 KB   96/155 KB   64/1185 KB   48/232 KB   20/37 KB   20/131 KB   96/155 KB   64/1185 KB   48/232 KB   20/37 KB   4/131 KB   96/155 KB   64/1185 KB   52/232 KB   24/37 KB   20/131 KB   96/155 KB   64/1185 KB   52/232 KB   28/37 KB   20/131 KB   96/155 KB   64/1185 KB   52/232 KB   32/37 KB   20/131 KB   96/155 KB   64/1185 KB   52/232 KB   36/37 KB   20/131 KB   96/155 KB   64/1185 KB   52/232 KB   37/37 KB   20/131 KB   96/155 KB   64/1185 KB   52/232 KB   20/37 KB   20/131 KB   96/155 KB   64/1185 KB   56/232 KB   37/37 KB   20/131 KB   96/155 KB   64/1185 KB   60/232 KB   37/37 KB   20/131 KB   96/155 KB   64/1185 KB   64/232 KB   37/37 KB   20/131 KB   96/155 KB   64/1185 KB   64/232 KB   37/37 KB   24/131 KB   96/155 KB   64/1185 KB   64/232 KB   37/37 KB   28/131 KB   96/155 KB   64/1185 KB   64/232 KB   37/37 KB   31/131 KB   96/155 KB   64/1185 KB   68/232 KB   37/37 KB   31/131 KB   96/155 KB   64/1185 KB   72/232 KB   37/37 KB   31/131 KB   96/155 KB   64/1185 KB   76/232 KB   37/37 KB   31/131 KB   96/155 KB   64/1185 KB   80/232 KB   37/37 KB   31/131 KB   96/155 KB   64/1185 KB                                                               Downloaded: https://repo.maven.apache.org/maven2/org/apache/maven/doxia/doxia-module-fml/1.1.2/doxia-module-fml-1.1.2.jar (37 KB at 201.8 KB/sec)
Downloading: https://repo.maven.apache.org/maven2/org/ow2/asm/asm-debug-all/5.0.1/asm-debug-all-5.0.1.jar
80/232 KB   31/131 KB   100/155 KB   64/1185 KB             80/232 KB   31/131 KB   104/155 KB   64/1185 KB   80/232 KB   31/131 KB   108/155 KB   64/1185 KB   80/232 KB   35/131 KB   112/155 KB   64/1185 KB   80/232 KB   35/131 KB   108/155 KB   64/1185 KB   80/232 KB   39/131 KB   112/155 KB   64/1185 KB   80/232 KB   43/131 KB   112/155 KB   64/1185 KB   80/232 KB   47/131 KB   112/155 KB   64/1185 KB   80/232 KB   47/131 KB   116/155 KB   64/1185 KB   80/232 KB   47/131 KB   116/155 KB   68/1185 KB   80/232 KB   47/131 KB   116/155 KB   72/1185 KB   80/232 KB   47/131 KB   116/155 KB   76/1185 KB   80/232 KB   47/131 KB   116/155 KB   80/1185 KB   80/232 KB   4/372 KB   47/131 KB   116/155 KB   80/1185 KB   80/232 KB   8/372 KB   47/131 KB   116/155 KB   80/1185 KB   80/232 KB   12/372 KB   47/131 KB   116/155 KB   80/1185 KB   80/232 KB   16/372 KB   47/131 KB   116/155 KB   80/1185 KB   80/232 KB   20/372 KB   47/131 KB   116/155 KB   80/1185 KB   84/232 KB   24/372 KB   51/131 KB   120/155 KB   84/1185 KB   84/232 KB   28/372 KB   51/131 KB   120/155 KB   84/1185 KB   84/232 KB   32/372 KB   51/131 KB   120/155 KB   84/1185 KB   80/232 KB   20/372 KB   47/131 KB   116/155 KB   84/1185 KB   84/232 KB   20/372 KB   51/131 KB   120/155 KB   84/1185 KB   84/232 KB   32/372 KB   55/131 KB   120/155 KB   88/1185 KB   84/232 KB   32/372 KB   59/131 KB   120/155 KB   88/1185 KB   84/232 KB   32/372 KB   63/131 KB   120/155 KB   88/1185 KB   84/232 KB   32/372 KB   67/131 KB   120/155 KB   88/1185 KB   84/232 KB   20/372 KB   47/131 KB   120/155 KB   84/1185 KB   80/232 KB   20/372 KB   47/131 KB   120/155 KB   84/1185 KB   88/232 KB   36/372 KB   67/131 KB   120/155 KB   88/1185 KB   88/232 KB   36/372 KB   67/131 KB   124/155 KB   88/1185 KB   92/232 KB   36/372 KB   71/131 KB   124/155 KB   88/1185 KB   92/232 KB   36/372 KB   75/131 KB   128/155 KB   88/1185 KB   84/232 KB   36/372 KB   67/131 KB   120/155 KB   88/1185 KB   92/232 KB   40/372 KB   75/131 KB   128/155 KB   88/1185 KB   92/232 KB   44/372 KB   75/131 KB   128/155 KB   88/1185 KB   92/232 KB   48/372 KB   75/131 KB   128/155 KB   88/1185 KB   84/232 KB   32/372 KB   55/131 KB   120/155 KB   88/1185 KB   92/232 KB   48/372 KB   75/131 KB   128/155 KB   92/1185 KB   92/232 KB   48/372 KB   75/131 KB   128/155 KB   96/1185 KB   92/232 KB   36/372 KB   75/131 KB   128/155 KB   88/1185 KB   92/232 KB   36/372 KB   67/131 KB   124/155 KB   88/1185 KB   96/232 KB   48/372 KB   75/131 KB   128/155 KB   96/1185 KB   96/232 KB   48/372 KB   75/131 KB   132/155 KB   96/1185 KB   100/232 KB   48/372 KB   79/131 KB   136/155 KB   100/1185 KB   100/232 KB   48/372 KB   79/131 KB   140/155 KB   100/1185 KB   100/232 KB   48/372 KB   79/131 KB   144/155 KB   100/1185 KB   100/232 KB   52/372 KB   79/131 KB   144/155 KB   100/1185 KB   100/232 KB   48/372 KB   79/131 KB   132/155 KB   100/1185 KB   100/232 KB   48/372 KB   79/131 KB   132/155 KB   96/1185 KB   100/232 KB   48/372 KB   75/131 KB   132/155 KB   96/1185 KB   104/232 KB   56/372 KB   79/131 KB   144/155 KB   100/1185 KB   108/232 KB   56/372 KB   79/131 KB   144/155 KB   100/1185 KB   112/232 KB   56/372 KB   79/131 KB   144/155 KB   100/1185 KB   116/232 KB   56/372 KB   79/131 KB   144/155 KB   100/1185 KB   120/232 KB   56/372 KB   79/131 KB   144/155 KB   100/1185 KB   124/232 KB   56/372 KB   79/131 KB   144/155 KB   100/1185 KB   128/232 KB   56/372 KB   79/131 KB   144/155 KB   100/1185 KB   128/232 KB   56/372 KB   83/131 KB   144/155 KB   100/1185 KB   128/232 KB   56/372 KB   87/131 KB   144/155 KB   104/1185 KB   128/232 KB   56/372 KB   91/131 KB   144/155 KB   104/1185 KB   128/232 KB   56/372 KB   95/131 KB   148/155 KB   104/1185 KB   100/232 KB   56/372 KB   79/131 KB   144/155 KB   100/1185 KB   128/232 KB   60/372 KB   95/131 KB   148/155 KB   104/1185 KB   128/232 KB   64/372 KB   95/131 KB   148/155 KB   104/1185 KB   128/232 KB   68/372 KB   95/131 KB   148/155 KB   104/1185 KB   132/232 KB   72/372 KB   95/131 KB   148/155 KB   104/1185 KB   132/232 KB   76/372 KB   95/131 KB   148/155 KB   104/1185 KB   132/232 KB   80/372 KB   95/131 KB   148/155 KB   104/1185 KB   128/232 KB   56/372 KB   91/131 KB   148/155 KB   104/1185 KB   128/232 KB   56/372 KB   83/131 KB   144/155 KB   104/1185 KB   132/232 KB   80/372 KB   95/131 KB   152/155 KB   104/1185 KB   132/232 KB   80/372 KB   95/131 KB   152/155 KB   108/1185 KB   132/232 KB   80/372 KB   95/131 KB   155/155 KB   112/1185 KB   132/232 KB   80/372 KB   95/131 KB   155/155 KB   112/1185 KB   132/232 KB   68/372 KB   95/131 KB   148/155 KB   104/1185 KB   136/232 KB   80/372 KB   95/131 KB   155/155 KB   112/1185 KB   140/232 KB   80/372 KB   95/131 KB   155/155 KB   112/1185 KB   144/232 KB   80/372 KB   95/131 KB   155/155 KB   112/1185 KB   144/232 KB   80/372 KB   95/131 KB   155/155 KB   116/1185 KB   144/232 KB   80/372 KB   95/131 KB   155/155 KB   120/1185 KB   144/232 KB   80/372 KB   95/131 KB   155/155 KB   124/1185 KB   144/232 KB   80/372 KB   95/131 KB   155/155 KB   128/1185 KB   144/232 KB   80/372 KB   99/131 KB   155/155 KB   128/1185 KB   144/232 KB   80/372 KB   103/131 KB   155/155 KB   128/1185 KB   144/232 KB   80/372 KB   107/131 KB   155/155 KB   128/1185 KB   148/232 KB   84/372 KB   111/131 KB   155/155 KB   128/1185 KB   148/232 KB   84/372 KB   111/131 KB   155/155 KB   132/1185 KB   148/232 KB   84/372 KB   107/131 KB   155/155 KB   128/1185 KB   148/232 KB   84/372 KB   111/131 KB   155/155 KB   136/1185 KB   152/232 KB   84/372 KB   111/131 KB   155/155 KB   140/1185 KB   156/232 KB   84/372 KB   111/131 KB   155/155 KB   140/1185 KB   160/232 KB   84/372 KB   111/131 KB   155/155 KB   140/1185 KB   160/232 KB   84/372 KB   115/131 KB   155/155 KB   140/1185 KB   164/232 KB   84/372 KB   119/131 KB   140/1185 KB   164/232 KB   84/372 KB   123/131 KB   140/1185 KB   164/232 KB   84/372 KB   127/131 KB   140/1185 KB   144/232 KB   84/372 KB   107/131 KB   155/155 KB   128/1185 KB   164/232 KB   88/372 KB   127/131 KB   140/1185 KB   164/232 KB   92/372 KB   127/131 KB   140/1185 KB   164/232 KB   96/372 KB   127/131 KB   140/1185 KB   164/232 KB   100/372 KB   127/131 KB   140/1185 KB   164/232 KB   104/372 KB   131/131 KB   140/1185 KB   164/232 KB   108/372 KB   131/131 KB   140/1185 KB   164/232 KB   112/372 KB   131/131 KB   140/1185 KB   164/232 KB   84/372 KB   115/131 KB   140/1185 KB                                                                                 152/232 KB   84/372 KB   111/131 KB   155/155 KB   140/1185 KB   164/232 KB   100/372 KB   131/131 KB   140/1185 KB   Downloaded: https://repo.maven.apache.org/maven2/org/apache/maven/doxia/doxia-core/1.1.2/doxia-core-1.1.2.jar (155 KB at 522.3 KB/sec)
Downloading: https://repo.maven.apache.org/maven2/org/jacoco/org.jacoco.report/0.7.5.201505241946/org.jacoco.report-0.7.5.201505241946.jar
164/232 KB   112/372 KB   131/131 KB   144/1185 KB   168/232 KB   112/372 KB   131/131 KB   144/1185 KB   168/232 KB   112/372 KB   131/131 KB   148/1185 KB   172/232 KB   116/372 KB   131/131 KB   152/1185 KB   172/232 KB   116/372 KB   131/131 KB   156/1185 KB   172/232 KB   116/372 KB   131/131 KB   160/1185 KB   172/232 KB   116/372 KB   131/131 KB   164/1185 KB   172/232 KB   116/372 KB   131/131 KB   148/1185 KB   172/232 KB   120/372 KB   131/131 KB   164/1185 KB   172/232 KB   124/372 KB   131/131 KB   164/1185 KB   172/232 KB   128/372 KB   131/131 KB   164/1185 KB   172/232 KB   132/372 KB   131/131 KB   164/1185 KB   172/232 KB   112/372 KB   131/131 KB   148/1185 KB   176/232 KB   132/372 KB   131/131 KB   164/1185 KB   176/232 KB   136/372 KB   131/131 KB   164/1185 KB   180/232 KB   140/372 KB   131/131 KB   164/1185 KB   180/232 KB   136/372 KB   131/131 KB   164/1185 KB   184/232 KB   140/372 KB   131/131 KB   164/1185 KB   188/232 KB   140/372 KB   131/131 KB   164/1185 KB   192/232 KB   140/372 KB   131/131 KB   164/1185 KB   192/232 KB   140/372 KB   131/131 KB   164/1185 KB   4/137 KB   196/232 KB   140/372 KB   131/131 KB   164/1185 KB   8/137 KB   196/232 KB   140/372 KB   131/131 KB   164/1185 KB   12/137 KB   196/232 KB   140/372 KB   131/131 KB   164/1185 KB   16/137 KB   196/232 KB   144/372 KB   131/131 KB   164/1185 KB   16/137 KB   196/232 KB   148/372 KB   131/131 KB   164/1185 KB   16/137 KB   196/232 KB   140/372 KB   131/131 KB   164/1185 KB   4/137 KB   200/232 KB   148/372 KB   131/131 KB   168/1185 KB   16/137 KB   204/232 KB   148/372 KB   131/131 KB   168/1185 KB   16/137 KB   208/232 KB   148/372 KB   131/131 KB   168/1185 KB   16/137 KB   208/232 KB   148/372 KB   131/131 KB   168/1185 KB   20/137 KB   208/232 KB   148/372 KB   168/1185 KB   24/137 KB                208/232 KB   148/372 KB   168/1185 KB   28/137 KB   208/232 KB   148/372 KB   168/1185 KB   31/137 KB   212/232 KB   148/372 KB   168/1185 KB   31/137 KB   196/232 KB   148/372 KB   131/131 KB   168/1185 KB   16/137 KB   212/232 KB   152/372 KB   172/1185 KB   35/137 KB   212/232 KB   152/372 KB   176/1185 KB   35/137 KB   212/232 KB   152/372 KB   180/1185 KB   35/137 KB   216/232 KB   152/372 KB   184/1185 KB   35/137 KB   216/232 KB   152/372 KB   188/1185 KB   35/137 KB   216/232 KB   152/372 KB   192/1185 KB   35/137 KB   216/232 KB   152/372 KB   196/1185 KB   35/137 KB   212/232 KB   152/372 KB   168/1185 KB   35/137 KB   212/232 KB   148/372 KB   168/1185 KB   35/137 KB                                                                    Downloaded: https://repo.maven.apache.org/maven2/org/jacoco/org.jacoco.core/0.7.5.201505241946/org.jacoco.core-0.7.5.201505241946.jar (131 KB at 368.2 KB/sec)
216/232 KB   156/372 KB   196/1185 KB   35/137 KB   216/232 KB   160/372 KB   196/1185 KB   35/137 KB   216/232 KB   164/372 KB   196/1185 KB   35/137 KB   216/232 KB   168/372 KB   196/1185 KB   35/137 KB   216/232 KB   172/372 KB   196/1185 KB   35/137 KB   216/232 KB   176/372 KB   196/1185 KB   35/137 KB   216/232 KB   152/372 KB   180/1185 KB   35/137 KB   220/232 KB   176/372 KB   196/1185 KB   35/137 KB   224/232 KB   176/372 KB   196/1185 KB   35/137 KB   224/232 KB   176/372 KB   196/1185 KB   39/137 KB   224/232 KB   176/372 KB   196/1185 KB   43/137 KB   224/232 KB   176/372 KB   196/1185 KB   47/137 KB   228/232 KB   176/372 KB   196/1185 KB   47/137 KB   232/232 KB   176/372 KB   196/1185 KB   47/137 KB   232/232 KB   176/372 KB   196/1185 KB   47/137 KB   232/232 KB   176/372 KB   200/1185 KB   47/137 KB   232/232 KB   176/372 KB   204/1185 KB   47/137 KB   232/232 KB   176/372 KB   208/1185 KB   47/137 KB   232/232 KB   176/372 KB   212/1185 KB   47/137 KB   232/232 KB   176/372 KB   214/1185 KB   47/137 KB   232/232 KB   176/372 KB   214/1185 KB   51/137 KB   232/232 KB   180/372 KB   218/1185 KB   51/137 KB   232/232 KB   184/372 KB   218/1185 KB   51/137 KB   232/232 KB   188/372 KB   218/1185 KB   51/137 KB   232/232 KB   192/372 KB   218/1185 KB   55/137 KB   232/232 KB   176/372 KB   218/1185 KB   51/137 KB   232/232 KB   192/372 KB   222/1185 KB   55/137 KB   192/372 KB   226/1185 KB   59/137 KB                192/372 KB   230/1185 KB   59/137 KB   192/372 KB   234/1185 KB   59/137 KB   232/232 KB   192/372 KB   218/1185 KB   55/137 KB                                                       Downloaded: https://repo.maven.apache.org/maven2/junit/junit/4.8.2/junit-4.8.2.jar (232 KB at 559.9 KB/sec)
196/372 KB   234/1185 KB   59/137 KB   200/372 KB   234/1185 KB   59/137 KB   204/372 KB   234/1185 KB   59/137 KB   208/372 KB   234/1185 KB   59/137 KB   232/232 KB   192/372 KB   222/1185 KB   59/137 KB   208/372 KB   234/1185 KB   63/137 KB   208/372 KB   238/1185 KB   63/137 KB   208/372 KB   242/1185 KB   63/137 KB   208/372 KB   246/1185 KB   63/137 KB   208/372 KB   246/1185 KB   67/137 KB   208/372 KB   246/1185 KB   71/137 KB   208/372 KB   246/1185 KB   75/137 KB   208/372 KB   246/1185 KB   79/137 KB   208/372 KB   246/1185 KB   79/137 KB   212/372 KB   246/1185 KB   79/137 KB   216/372 KB   246/1185 KB   79/137 KB   220/372 KB   246/1185 KB   79/137 KB   224/372 KB   246/1185 KB   79/137 KB   224/372 KB   246/1185 KB   83/137 KB   224/372 KB   246/1185 KB   87/137 KB   224/372 KB   246/1185 KB   91/137 KB   224/372 KB   246/1185 KB   95/137 KB   228/372 KB   246/1185 KB   95/137 KB   228/372 KB   250/1185 KB   95/137 KB   228/372 KB   254/1185 KB   95/137 KB   228/372 KB   258/1185 KB   95/137 KB   228/372 KB   262/1185 KB   95/137 KB   228/372 KB   266/1185 KB   95/137 KB   232/372 KB   270/1185 KB   95/137 KB   232/372 KB   266/1185 KB   95/137 KB   236/372 KB   270/1185 KB   95/137 KB   240/372 KB   270/1185 KB   95/137 KB   240/372 KB   270/1185 KB   99/137 KB   240/372 KB   270/1185 KB   103/137 KB   240/372 KB   270/1185 KB   107/137 KB   240/372 KB   270/1185 KB   111/137 KB   244/372 KB   270/1185 KB   111/137 KB   244/372 KB   270/1185 KB   115/137 KB   244/372 KB   270/1185 KB   119/137 KB   244/372 KB   274/1185 KB   119/137 KB   244/372 KB   274/1185 KB   123/137 KB   248/372 KB   274/1185 KB   127/137 KB   248/372 KB   274/1185 KB   123/137 KB   252/372 KB   274/1185 KB   127/137 KB   256/372 KB   274/1185 KB   127/137 KB   256/372 KB   274/1185 KB   131/137 KB   256/372 KB   274/1185 KB   135/137 KB   256/372 KB   274/1185 KB   137/137 KB   256/372 KB   278/1185 KB   137/137 KB   256/372 KB   282/1185 KB   137/137 KB   260/372 KB   286/1185 KB   137/137 KB   260/372 KB   290/1185 KB   137/137 KB   260/372 KB   294/1185 KB   137/137 KB   260/372 KB   282/1185 KB   137/137 KB   264/372 KB   294/1185 KB   137/137 KB   268/372 KB   294/1185 KB   137/137 KB   272/372 KB   294/1185 KB   137/137 KB   272/372 KB   298/1185 KB   137/137 KB   272/372 KB   302/1185 KB   137/137 KB   272/372 KB   306/1185 KB   137/137 KB   272/372 KB   310/1185 KB   137/137 KB                                           Downloaded: https://repo.maven.apache.org/maven2/org/jacoco/org.jacoco.report/0.7.5.201505241946/org.jacoco.report-0.7.5.201505241946.jar (137 KB at 302.3 KB/sec)
272/372 KB   314/1185 KB                272/372 KB   318/1185 KB   272/372 KB   322/1185 KB   272/372 KB   326/1185 KB   276/372 KB   326/1185 KB   280/372 KB   326/1185 KB   284/372 KB   326/1185 KB   288/372 KB   326/1185 KB   288/372 KB   330/1185 KB   288/372 KB   334/1185 KB   288/372 KB   338/1185 KB   288/372 KB   342/1185 KB   292/372 KB   342/1185 KB   296/372 KB   342/1185 KB   300/372 KB   342/1185 KB   304/372 KB   342/1185 KB   304/372 KB   346/1185 KB   304/372 KB   350/1185 KB   304/372 KB   354/1185 KB   304/372 KB   358/1185 KB   304/372 KB   362/1185 KB   304/372 KB   366/1185 KB   304/372 KB   370/1185 KB   304/372 KB   374/1185 KB   308/372 KB   374/1185 KB   312/372 KB   374/1185 KB   316/372 KB   374/1185 KB   320/372 KB   374/1185 KB   320/372 KB   378/1185 KB   320/372 KB   382/1185 KB   320/372 KB   386/1185 KB   320/372 KB   390/1185 KB   324/372 KB   390/1185 KB   328/372 KB   390/1185 KB   332/372 KB   390/1185 KB   336/372 KB   390/1185 KB   336/372 KB   394/1185 KB   336/372 KB   398/1185 KB   336/372 KB   402/1185 KB   336/372 KB   406/1185 KB   336/372 KB   410/1185 KB   336/372 KB   414/1185 KB   336/372 KB   418/1185 KB   340/372 KB   418/1185 KB   340/372 KB   422/1185 KB   344/372 KB   422/1185 KB   348/372 KB   422/1185 KB   352/372 KB   422/1185 KB   352/372 KB   426/1185 KB   352/372 KB   430/1185 KB   352/372 KB   434/1185 KB   352/372 KB   438/1185 KB   356/372 KB   438/1185 KB   360/372 KB   438/1185 KB   364/372 KB   438/1185 KB   368/372 KB   438/1185 KB   372/372 KB   438/1185 KB   372/372 KB   442/1185 KB   372/372 KB   446/1185 KB   372/372 KB   450/1185 KB   372/372 KB   454/1185 KB   372/372 KB   458/1185 KB   372/372 KB   462/1185 KB   372/372 KB   466/1185 KB   372/372 KB   470/1185 KB                              Downloaded: https://repo.maven.apache.org/maven2/org/ow2/asm/asm-debug-all/5.0.1/asm-debug-all-5.0.1.jar (372 KB at 731.1 KB/sec)
474/1185 KB                478/1185 KB   482/1185 KB   486/1185 KB   490/1185 KB   494/1185 KB   498/1185 KB   502/1185 KB   506/1185 KB   510/1185 KB   514/1185 KB   518/1185 KB   522/1185 KB   526/1185 KB   530/1185 KB   534/1185 KB   538/1185 KB   542/1185 KB   546/1185 KB   550/1185 KB   554/1185 KB   558/1185 KB   562/1185 KB   566/1185 KB   570/1185 KB   574/1185 KB   578/1185 KB   582/1185 KB   586/1185 KB   590/1185 KB   594/1185 KB   598/1185 KB   602/1185 KB   606/1185 KB   610/1185 KB   614/1185 KB   618/1185 KB   622/1185 KB   626/1185 KB   630/1185 KB   634/1185 KB   638/1185 KB   642/1185 KB   646/1185 KB   650/1185 KB   654/1185 KB   658/1185 KB   662/1185 KB   666/1185 KB   670/1185 KB   674/1185 KB   678/1185 KB   682/1185 KB   686/1185 KB   690/1185 KB   694/1185 KB   698/1185 KB   702/1185 KB   706/1185 KB   710/1185 KB   714/1185 KB   718/1185 KB   722/1185 KB   726/1185 KB   730/1185 KB   734/1185 KB   738/1185 KB   742/1185 KB   746/1185 KB   750/1185 KB   754/1185 KB   758/1185 KB   762/1185 KB   766/1185 KB   770/1185 KB   774/1185 KB   778/1185 KB   782/1185 KB   786/1185 KB   790/1185 KB   794/1185 KB   798/1185 KB   802/1185 KB   806/1185 KB   810/1185 KB   814/1185 KB   818/1185 KB   822/1185 KB   826/1185 KB   830/1185 KB   834/1185 KB   838/1185 KB   842/1185 KB   846/1185 KB   850/1185 KB   854/1185 KB   858/1185 KB   862/1185 KB   866/1185 KB   870/1185 KB   874/1185 KB   878/1185 KB   882/1185 KB   886/1185 KB   890/1185 KB   894/1185 KB   898/1185 KB   902/1185 KB   906/1185 KB   910/1185 KB   914/1185 KB   918/1185 KB   922/1185 KB   926/1185 KB   928/1185 KB   932/1185 KB   936/1185 KB   940/1185 KB   944/1185 KB   948/1185 KB   952/1185 KB   956/1185 KB   960/1185 KB   964/1185 KB   968/1185 KB   972/1185 KB   976/1185 KB   980/1185 KB   984/1185 KB   988/1185 KB   992/1185 KB   996/1185 KB   1000/1185 KB   1004/1185 KB   1008/1185 KB   1012/1185 KB   1016/1185 KB   1020/1185 KB   1024/1185 KB   1028/1185 KB   1032/1185 KB   1036/1185 KB   1040/1185 KB   1044/1185 KB   1048/1185 KB   1052/1185 KB   1056/1185 KB   1060/1185 KB   1064/1185 KB   1068/1185 KB   1072/1185 KB   1076/1185 KB   1080/1185 KB   1084/1185 KB   1088/1185 KB   1092/1185 KB   1096/1185 KB   1100/1185 KB   1104/1185 KB   1108/1185 KB   1112/1185 KB   1116/1185 KB   1120/1185 KB   1124/1185 KB   1128/1185 KB   1132/1185 KB   1136/1185 KB   1140/1185 KB   1144/1185 KB   1148/1185 KB   1152/1185 KB   1156/1185 KB   1160/1185 KB   1164/1185 KB   1168/1185 KB   1172/1185 KB   1176/1185 KB   1178/1185 KB   1182/1185 KB   1185/1185 KB                  Downloaded: https://repo.maven.apache.org/maven2/xerces/xercesImpl/2.8.1/xercesImpl-2.8.1.jar (1185 KB at 1587.9 KB/sec)
[INFO] configuring report plugin org.apache.maven.plugins:maven-jxr-plugin:2.5
[INFO] configuring report plugin org.codehaus.mojo:jdepend-maven-plugin:2.0
[INFO] preparing 'generate' report requires 'compile' forked phase execution
[INFO] 
[INFO] >>> jdepend-maven-plugin:2.0:generate > compile @ checkstyle >>>
[WARNING] Failure to transfer junit:junit-dep/maven-metadata.xml from https://nexus.codehaus.org/snapshots/ was cached in the local repository, resolution will not be reattempted until the update interval of codehaus-snapshots has elapsed or updates are forced. Original error: Could not transfer metadata junit:junit-dep/maven-metadata.xml from/to codehaus-snapshots (https://nexus.codehaus.org/snapshots/): nexus.codehaus.org: unknown error
[WARNING] Failure to transfer commons-io:commons-io/maven-metadata.xml from https://nexus.codehaus.org/snapshots/ was cached in the local repository, resolution will not be reattempted until the update interval of codehaus-snapshots has elapsed or updates are forced. Original error: Could not transfer metadata commons-io:commons-io/maven-metadata.xml from/to codehaus-snapshots (https://nexus.codehaus.org/snapshots/): nexus.codehaus.org
[INFO] 
[INFO] --- maven-enforcer-plugin:1.4:enforce (enforce-maven) @ checkstyle ---
[INFO] 
[INFO] --- maven-enforcer-plugin:1.4:enforce (enforce-versions) @ checkstyle ---
[INFO] 
[INFO] --- antlr-maven-plugin:2.2:generate (default) @ checkstyle ---
[INFO] grammar [java.g] was up-to-date; skipping
[INFO] 
[INFO] --- antlr4-maven-plugin:4.5.1:antlr4 (default) @ checkstyle ---
[INFO] ANTLR 4: Processing source directory /home/travis/build/checkstyle/checkstyle/src/main/resources
[INFO] Processing grammar: com/puppycrawl/tools/checkstyle/grammars/javadoc/JavadocLexer.g4
[INFO] Processing grammar: com/puppycrawl/tools/checkstyle/grammars/javadoc/JavadocParser.g4
[INFO] 
[INFO] --- build-helper-maven-plugin:1.9.1:add-source (add-source) @ checkstyle ---
[INFO] Source directory: /home/travis/build/checkstyle/checkstyle/target/generated-sources/antlr added.
[INFO] 
[INFO] --- maven-resources-plugin:2.7:resources (default-resources) @ checkstyle ---
[INFO] Using 'UTF-8' encoding to copy filtered resources.
[INFO] Copying 137 resources
[INFO] Copying 1 resource
[INFO] 
[INFO] --- build-helper-maven-plugin:1.9.1:add-test-source (add-test-source) @ checkstyle ---
[INFO] Test Source directory: /home/travis/build/checkstyle/checkstyle/src/test/resources added.
[INFO] 
[INFO] --- build-helper-maven-plugin:1.9.1:add-test-source (add-ittest-source) @ checkstyle ---
[INFO] Test Source directory: /home/travis/build/checkstyle/checkstyle/src/it/java added.
[INFO] 
[INFO] --- build-helper-maven-plugin:1.9.1:add-test-source (add-ittest-resource) @ checkstyle ---
[INFO] Test Source directory: /home/travis/build/checkstyle/checkstyle/src/it/resources added.
[INFO] 
[INFO] --- maven-compiler-plugin:3.3:compile (default-compile) @ checkstyle ---
[INFO] Changes detected - recompiling the module!
[INFO] Compiling 330 source files to /home/travis/build/checkstyle/checkstyle/target/classes
[INFO] /home/travis/build/checkstyle/checkstyle/src/main/java/com/puppycrawl/tools/checkstyle/checks/javadoc/JavadocMethodCheck.java: /home/travis/build/checkstyle/checkstyle/src/main/java/com/puppycrawl/tools/checkstyle/checks/javadoc/JavadocMethodCheck.java uses or overrides a deprecated API.
[INFO] /home/travis/build/checkstyle/checkstyle/src/main/java/com/puppycrawl/tools/checkstyle/checks/javadoc/JavadocMethodCheck.java: Recompile with -Xlint:deprecation for details.
[INFO] /home/travis/build/checkstyle/checkstyle/src/main/java/com/puppycrawl/tools/checkstyle/api/AutomaticBean.java: Some input files use unchecked or unsafe operations.
[INFO] /home/travis/build/checkstyle/checkstyle/src/main/java/com/puppycrawl/tools/checkstyle/api/AutomaticBean.java: Recompile with -Xlint:unchecked for details.
[INFO] 
[INFO] --- maven-antrun-plugin:1.8:run (ant-phase-compile) @ checkstyle ---
[INFO] Executing tasks

main:

execute:
[propertyfile] Updating property file: /home/travis/build/checkstyle/checkstyle/target/classes/checkstylecompilation.properties
  [javadoc] Generating Javadoc
  [javadoc] Javadoc execution
  [javadoc] Loading source file /home/travis/build/checkstyle/checkstyle/src/main/java/com/puppycrawl/tools/checkstyle/api/TokenTypes.java...
  [javadoc] Constructing Javadoc information...
[INFO] Executed tasks
[INFO] 
[INFO] <<< jdepend-maven-plugin:2.0:generate < compile @ checkstyle <<<
[INFO] configuring report plugin org.codehaus.mojo:taglist-maven-plugin:2.4
[INFO] configuring report plugin org.codehaus.sonar-plugins:maven-report:0.1
[INFO] configuring report plugin org.apache.maven.plugins:maven-pmd-plugin:3.5
[INFO] configuring report plugin org.codehaus.mojo:findbugs-maven-plugin:3.0.2
[INFO] configuring report plugin org.apache.maven.plugins:maven-linkcheck-plugin:1.2
[WARNING] Failure to transfer junit:junit-dep/maven-metadata.xml from https://nexus.codehaus.org/snapshots/ was cached in the local repository, resolution will not be reattempted until the update interval of codehaus-snapshots has elapsed or updates are forced. Original error: Could not transfer metadata junit:junit-dep/maven-metadata.xml from/to codehaus-snapshots (https://nexus.codehaus.org/snapshots/): nexus.codehaus.org: unknown error
[WARNING] Failure to transfer commons-io:commons-io/maven-metadata.xml from https://nexus.codehaus.org/snapshots/ was cached in the local repository, resolution will not be reattempted until the update interval of codehaus-snapshots has elapsed or updates are forced. Original error: Could not transfer metadata commons-io:commons-io/maven-metadata.xml from/to codehaus-snapshots (https://nexus.codehaus.org/snapshots/): nexus.codehaus.org
[INFO] Not executing cobertura:report as the cobertura data file (/home/travis/build/checkstyle/checkstyle/target/cobertura/cobertura.ser) could not be found
[INFO] Skipping JaCoCo execution due to missing execution data file:/home/travis/build/checkstyle/checkstyle/target/jacoco/jacoco.exec
[INFO] Parent project loaded from repository: org.sonatype.oss:oss-parent:pom:9
[INFO] Relativizing decoration links with respect to project URL: http://checkstyle.sourceforge.net/
[INFO] Rendering site with org.apache.maven.skins:maven-default-skin:jar:1.0 skin.
[INFO] Validation is switched on, xml input documents will be validated!
[INFO] Skipped "About" report (maven-project-info-reports-plugin:2.8:index), file "index.html" already exists for the English version.
[INFO] Skipped "Surefire Report" report (maven-surefire-report-plugin:2.18.1:report-only), file "surefire-report.html" already exists for the English version.
[INFO] Skipped "JDepend" report (jdepend-maven-plugin:2.0:generate), file "jdepend-report.html" already exists for the English version.
[INFO] Rendering 36 Doxia documents: 36 xdoc
[WARNING] <title> was already defined in <properties>, ignored <title> in <head>.
[warn] <title> was already defined in <properties>, ignored <title> in <head>.
[WARNING] <title> was already defined in <properties>, ignored <title> in <head>.
[warn] <title> was already defined in <properties>, ignored <title> in <head>.
[WARNING] <title> was already defined in <properties>, ignored <title> in <head>.
[WARNING] <title> was already defined in <properties>, ignored <title> in <head>.
[warn] <title> was already defined in <properties>, ignored <title> in <head>.
[WARNING] <title> was already defined in <properties>, ignored <title> in <head>.
[WARNING] <title> was already defined in <properties>, ignored <title> in <head>.
[warn] <title> was already defined in <properties>, ignored <title> in <head>.
[WARNING] <title> was already defined in <properties>, ignored <title> in <head>.
[warn] <title> was already defined in <properties>, ignored <title> in <head>.
[WARNING] <title> was already defined in <properties>, ignored <title> in <head>.
[warn] <title> was already defined in <properties>, ignored <title> in <head>.
[WARNING] <title> was already defined in <properties>, ignored <title> in <head>.
[warn] <title> was already defined in <properties>, ignored <title> in <head>.
[WARNING] <title> was already defined in <properties>, ignored <title> in <head>.
[warn] <title> was already defined in <properties>, ignored <title> in <head>.
[WARNING] <title> was already defined in <properties>, ignored <title> in <head>.
[warn] <title> was already defined in <properties>, ignored <title> in <head>.
[WARNING] <title> was already defined in <properties>, ignored <title> in <head>.
[warn] <title> was already defined in <properties>, ignored <title> in <head>.
[WARNING] <title> was already defined in <properties>, ignored <title> in <head>.
[warn] <title> was already defined in <properties>, ignored <title> in <head>.
[WARNING] <title> was already defined in <properties>, ignored <title> in <head>.
[warn] <title> was already defined in <properties>, ignored <title> in <head>.
[WARNING] <title> was already defined in <properties>, ignored <title> in <head>.
[warn] <title> was already defined in <properties>, ignored <title> in <head>.
[WARNING] <title> was already defined in <properties>, ignored <title> in <head>.
[warn] <title> was already defined in <properties>, ignored <title> in <head>.
[WARNING] <title> was already defined in <properties>, ignored <title> in <head>.
[warn] <title> was already defined in <properties>, ignored <title> in <head>.
[WARNING] <title> was already defined in <properties>, ignored <title> in <head>.
[warn] <title> was already defined in <properties>, ignored <title> in <head>.
[WARNING] <title> was already defined in <properties>, ignored <title> in <head>.
[warn] <title> was already defined in <properties>, ignored <title> in <head>.
[WARNING] <title> was already defined in <properties>, ignored <title> in <head>.
[warn] <title> was already defined in <properties>, ignored <title> in <head>.
[WARNING] <title> was already defined in <properties>, ignored <title> in <head>.
[WARNING] <title> was already defined in <properties>, ignored <title> in <head>.
[warn] <title> was already defined in <properties>, ignored <title> in <head>.
[WARNING] <title> was already defined in <properties>, ignored <title> in <head>.
[warn] <title> was already defined in <properties>, ignored <title> in <head>.
[WARNING] <title> was already defined in <properties>, ignored <title> in <head>.
[WARNING] <title> was already defined in <properties>, ignored <title> in <head>.
[WARNING] <title> was already defined in <properties>, ignored <title> in <head>.
[warn] <title> was already defined in <properties>, ignored <title> in <head>.
[WARNING] <title> was already defined in <properties>, ignored <title> in <head>.
[WARNING] <title> was already defined in <properties>, ignored <title> in <head>.
[warn] <title> was already defined in <properties>, ignored <title> in <head>.
[WARNING] <title> was already defined in <properties>, ignored <title> in <head>.
[warn] <title> was already defined in <properties>, ignored <title> in <head>.
[WARNING] <title> was already defined in <properties>, ignored <title> in <head>.
[WARNING] <title> was already defined in <properties>, ignored <title> in <head>.
[WARNING] <title> was already defined in <properties>, ignored <title> in <head>.
[WARNING] <title> was already defined in <properties>, ignored <title> in <head>.
[WARNING] <title> was already defined in <properties>, ignored <title> in <head>.
[warn] <title> was already defined in <properties>, ignored <title> in <head>.
[WARNING] <title> was already defined in <properties>, ignored <title> in <head>.
[warn] <title> was already defined in <properties>, ignored <title> in <head>.
[WARNING] <title> was already defined in <properties>, ignored <title> in <head>.
[INFO] Generating "Continuous Integration" report --- maven-project-info-reports-plugin:2.8:cim
[INFO] Generating "Dependencies" report         --- maven-project-info-reports-plugin:2.8:dependencies
[WARNING] Failure to transfer junit:junit-dep/maven-metadata.xml from https://nexus.codehaus.org/snapshots/ was cached in the local repository, resolution will not be reattempted until the update interval of codehaus-snapshots has elapsed or updates are forced. Original error: Could not transfer metadata junit:junit-dep/maven-metadata.xml from/to codehaus-snapshots (https://nexus.codehaus.org/snapshots/): nexus.codehaus.org: unknown error
[WARNING] Failure to transfer commons-io:commons-io/maven-metadata.xml from https://nexus.codehaus.org/snapshots/ was cached in the local repository, resolution will not be reattempted until the update interval of codehaus-snapshots has elapsed or updates are forced. Original error: Could not transfer metadata commons-io:commons-io/maven-metadata.xml from/to codehaus-snapshots (https://nexus.codehaus.org/snapshots/): nexus.codehaus.org
[WARNING] Failure to transfer junit:junit-dep/maven-metadata.xml from https://nexus.codehaus.org/snapshots/ was cached in the local repository, resolution will not be reattempted until the update interval of codehaus-snapshots has elapsed or updates are forced. Original error: Could not transfer metadata junit:junit-dep/maven-metadata.xml from/to codehaus-snapshots (https://nexus.codehaus.org/snapshots/): nexus.codehaus.org: unknown error
[WARNING] Failure to transfer commons-io:commons-io/maven-metadata.xml from https://nexus.codehaus.org/snapshots/ was cached in the local repository, resolution will not be reattempted until the update interval of codehaus-snapshots has elapsed or updates are forced. Original error: Could not transfer metadata commons-io:commons-io/maven-metadata.xml from/to codehaus-snapshots (https://nexus.codehaus.org/snapshots/): nexus.codehaus.org
[ERROR] Artifact: com.sun:tools:jar:1.7.0 has no file.
[WARNING] The repository url 'https://nexus.codehaus.org/snapshots/' is invalid - Repository 'codehaus-snapshots' will be blacklisted.
[WARNING] The repository url 'https://repository.apache.org/releases/' is invalid - Repository 'sonatype-apache' will be blacklisted.
[INFO] Generating "Dependency Information" report --- maven-project-info-reports-plugin:2.8:dependency-info
[INFO] Generating "Distribution Management" report --- maven-project-info-reports-plugin:2.8:distribution-management
[INFO] Generating "Issue Tracking" report       --- maven-project-info-reports-plugin:2.8:issue-tracking
[INFO] Generating "Project License" report      --- maven-project-info-reports-plugin:2.8:license
[INFO] Generating "Mailing Lists" report        --- maven-project-info-reports-plugin:2.8:mailing-list
[INFO] Generating "Plugin Management" report    --- maven-project-info-reports-plugin:2.8:plugin-management
Downloading: https://nexus.codehaus.org/content/repositories/snapshots/org/eclipse/m2e/lifecycle-mapping/1.0.0/lifecycle-mapping-1.0.0.pom
               [INFO] Could not build project for: lifecycle-mapping:Error resolving project artifact: Could not transfer artifact org.eclipse.m2e:lifecycle-mapping:pom:1.0.0 from/to nexus-snapshot (https://nexus.codehaus.org/content/repositories/snapshots/): Error transferring file: nexus.codehaus.org from https://nexus.codehaus.org/content/repositories/snapshots/org/eclipse/m2e/lifecycle-mapping/1.0.0/lifecycle-mapping-1.0.0.pom for project org.eclipse.m2e:lifecycle-mapping:pom:1.0.0
org.apache.maven.project.ProjectBuildingException: Error resolving project artifact: Could not transfer artifact org.eclipse.m2e:lifecycle-mapping:pom:1.0.0 from/to nexus-snapshot (https://nexus.codehaus.org/content/repositories/snapshots/): Error transferring file: nexus.codehaus.org from https://nexus.codehaus.org/content/repositories/snapshots/org/eclipse/m2e/lifecycle-mapping/1.0.0/lifecycle-mapping-1.0.0.pom for project org.eclipse.m2e:lifecycle-mapping:pom:1.0.0
	at org.apache.maven.project.DefaultProjectBuilder.build(DefaultProjectBuilder.java:351)
	at org.apache.maven.project.DefaultMavenProjectBuilder.buildFromRepository(DefaultMavenProjectBuilder.java:236)
	at org.apache.maven.project.DefaultMavenProjectBuilder.buildFromRepository(DefaultMavenProjectBuilder.java:251)
	at org.apache.maven.project.DefaultMavenProjectBuilder.buildFromRepository(DefaultMavenProjectBuilder.java:258)
	at org.apache.maven.report.projectinfo.PluginManagementReport$PluginManagementRenderer.renderSectionPluginManagement(PluginManagementReport.java:226)
	at org.apache.maven.report.projectinfo.PluginManagementReport$PluginManagementRenderer.renderBody(PluginManagementReport.java:189)
	at org.apache.maven.reporting.AbstractMavenReportRenderer.render(AbstractMavenReportRenderer.java:83)
	at org.apache.maven.report.projectinfo.PluginManagementReport.executeReport(PluginManagementReport.java:83)
	at org.apache.maven.reporting.AbstractMavenReport.generate(AbstractMavenReport.java:255)
	at org.apache.maven.plugins.site.render.ReportDocumentRenderer.renderDocument(ReportDocumentRenderer.java:224)
	at org.apache.maven.doxia.siterenderer.DefaultSiteRenderer.renderModule(DefaultSiteRenderer.java:311)
	at org.apache.maven.doxia.siterenderer.DefaultSiteRenderer.render(DefaultSiteRenderer.java:129)
	at org.apache.maven.plugins.site.render.SiteMojo.renderLocale(SiteMojo.java:182)
	at org.apache.maven.plugins.site.render.SiteMojo.execute(SiteMojo.java:141)
	at org.apache.maven.plugin.DefaultBuildPluginManager.executeMojo(DefaultBuildPluginManager.java:132)
	at org.apache.maven.lifecycle.internal.MojoExecutor.execute(MojoExecutor.java:208)
	at org.apache.maven.lifecycle.internal.MojoExecutor.execute(MojoExecutor.java:153)
	at org.apache.maven.lifecycle.internal.MojoExecutor.execute(MojoExecutor.java:145)
	at org.apache.maven.lifecycle.internal.LifecycleModuleBuilder.buildProject(LifecycleModuleBuilder.java:116)
	at org.apache.maven.lifecycle.internal.LifecycleModuleBuilder.buildProject(LifecycleModuleBuilder.java:80)
	at org.apache.maven.lifecycle.internal.builder.singlethreaded.SingleThreadedBuilder.build(SingleThreadedBuilder.java:51)
	at org.apache.maven.lifecycle.internal.LifecycleStarter.execute(LifecycleStarter.java:120)
	at org.apache.maven.DefaultMaven.doExecute(DefaultMaven.java:355)
	at org.apache.maven.DefaultMaven.execute(DefaultMaven.java:155)
	at org.apache.maven.cli.MavenCli.execute(MavenCli.java:584)
	at org.apache.maven.cli.MavenCli.doMain(MavenCli.java:216)
	at org.apache.maven.cli.MavenCli.main(MavenCli.java:160)
	at sun.reflect.NativeMethodAccessorImpl.invoke0(Native Method)
	at sun.reflect.NativeMethodAccessorImpl.invoke(NativeMethodAccessorImpl.java:62)
	at sun.reflect.DelegatingMethodAccessorImpl.invoke(DelegatingMethodAccessorImpl.java:43)
	at java.lang.reflect.Method.invoke(Method.java:483)
	at org.codehaus.plexus.classworlds.launcher.Launcher.launchEnhanced(Launcher.java:289)
	at org.codehaus.plexus.classworlds.launcher.Launcher.launch(Launcher.java:229)
	at org.codehaus.plexus.classworlds.launcher.Launcher.mainWithExitCode(Launcher.java:415)
	at org.codehaus.plexus.classworlds.launcher.Launcher.main(Launcher.java:356)
Caused by: org.eclipse.aether.resolution.ArtifactResolutionException: Could not transfer artifact org.eclipse.m2e:lifecycle-mapping:pom:1.0.0 from/to nexus-snapshot (https://nexus.codehaus.org/content/repositories/snapshots/): Error transferring file: nexus.codehaus.org from https://nexus.codehaus.org/content/repositories/snapshots/org/eclipse/m2e/lifecycle-mapping/1.0.0/lifecycle-mapping-1.0.0.pom
	at org.eclipse.aether.internal.impl.DefaultArtifactResolver.resolve(DefaultArtifactResolver.java:444)
	at org.eclipse.aether.internal.impl.DefaultArtifactResolver.resolveArtifacts(DefaultArtifactResolver.java:246)
	at org.eclipse.aether.internal.impl.DefaultArtifactResolver.resolveArtifact(DefaultArtifactResolver.java:223)
	at org.eclipse.aether.internal.impl.DefaultRepositorySystem.resolveArtifact(DefaultRepositorySystem.java:294)
	at org.apache.maven.project.DefaultProjectBuilder.build(DefaultProjectBuilder.java:340)
	... 34 more
Caused by: org.eclipse.aether.transfer.ArtifactTransferException: Could not transfer artifact org.eclipse.m2e:lifecycle-mapping:pom:1.0.0 from/to nexus-snapshot (https://nexus.codehaus.org/content/repositories/snapshots/): Error transferring file: nexus.codehaus.org from https://nexus.codehaus.org/content/repositories/snapshots/org/eclipse/m2e/lifecycle-mapping/1.0.0/lifecycle-mapping-1.0.0.pom
	at org.eclipse.aether.connector.basic.ArtifactTransportListener.transferFailed(ArtifactTransportListener.java:43)
	at org.eclipse.aether.connector.basic.BasicRepositoryConnector$TaskRunner.run(BasicRepositoryConnector.java:355)
	at org.eclipse.aether.util.concurrency.RunnableErrorForwarder$1.run(RunnableErrorForwarder.java:67)
	at org.eclipse.aether.connector.basic.BasicRepositoryConnector$DirectExecutor.execute(BasicRepositoryConnector.java:581)
	at org.eclipse.aether.connector.basic.BasicRepositoryConnector.get(BasicRepositoryConnector.java:249)
	at org.eclipse.aether.internal.impl.DefaultArtifactResolver.performDownloads(DefaultArtifactResolver.java:520)
	at org.eclipse.aether.internal.impl.DefaultArtifactResolver.resolve(DefaultArtifactResolver.java:421)
	... 38 more
Caused by: org.apache.maven.wagon.TransferFailedException: Error transferring file: nexus.codehaus.org from https://nexus.codehaus.org/content/repositories/snapshots/org/eclipse/m2e/lifecycle-mapping/1.0.0/lifecycle-mapping-1.0.0.pom
	at org.apache.maven.wagon.providers.http.LightweightHttpWagon.fillInputData(LightweightHttpWagon.java:174)
	at org.apache.maven.wagon.StreamWagon.getInputStream(StreamWagon.java:116)
	at org.apache.maven.wagon.StreamWagon.getIfNewer(StreamWagon.java:88)
	at org.apache.maven.wagon.StreamWagon.get(StreamWagon.java:61)
	at org.eclipse.aether.transport.wagon.WagonTransporter$GetTaskRunner.run(WagonTransporter.java:560)
	at org.eclipse.aether.transport.wagon.WagonTransporter.execute(WagonTransporter.java:427)
	at org.eclipse.aether.transport.wagon.WagonTransporter.get(WagonTransporter.java:404)
	at org.eclipse.aether.connector.basic.BasicRepositoryConnector$GetTaskRunner.runTask(BasicRepositoryConnector.java:447)
	at org.eclipse.aether.connector.basic.BasicRepositoryConnector$TaskRunner.run(BasicRepositoryConnector.java:350)
	... 43 more
Caused by: java.net.UnknownHostException: nexus.codehaus.org
	at java.net.AbstractPlainSocketImpl.connect(AbstractPlainSocketImpl.java:184)
	at java.net.SocksSocketImpl.connect(SocksSocketImpl.java:392)
	at java.net.Socket.connect(Socket.java:589)
	at sun.security.ssl.SSLSocketImpl.connect(SSLSocketImpl.java:656)
	at sun.security.ssl.BaseSSLSocketImpl.connect(BaseSSLSocketImpl.java:173)
	at sun.net.NetworkClient.doConnect(NetworkClient.java:180)
	at sun.net.www.http.HttpClient.openServer(HttpClient.java:432)
	at sun.net.www.http.HttpClient.openServer(HttpClient.java:527)
	at sun.net.www.protocol.https.HttpsClient.<init>(HttpsClient.java:275)
	at sun.net.www.protocol.https.HttpsClient.New(HttpsClient.java:371)
	at sun.net.www.protocol.https.AbstractDelegateHttpsURLConnection.getNewHttpClient(AbstractDelegateHttpsURLConnection.java:191)
	at sun.net.www.protocol.http.HttpURLConnection.plainConnect0(HttpURLConnection.java:1147)
	at sun.net.www.protocol.http.HttpURLConnection.plainConnect(HttpURLConnection.java:998)
	at sun.net.www.protocol.https.AbstractDelegateHttpsURLConnection.connect(AbstractDelegateHttpsURLConnection.java:177)
	at sun.net.www.protocol.http.HttpURLConnection.getInputStream0(HttpURLConnection.java:1512)
	at sun.net.www.protocol.http.HttpURLConnection.getInputStream(HttpURLConnection.java:1440)
	at java.net.HttpURLConnection.getResponseCode(HttpURLConnection.java:480)
	at sun.net.www.protocol.https.HttpsURLConnectionImpl.getResponseCode(HttpsURLConnectionImpl.java:338)
	at org.apache.maven.wagon.providers.http.LightweightHttpWagon.fillInputData(LightweightHttpWagon.java:131)
	... 51 more
[INFO] Generating "Project Plugins" report      --- maven-project-info-reports-plugin:2.8:plugins
[INFO] Generating "Project Team" report         --- maven-project-info-reports-plugin:2.8:project-team
[INFO] Generating "Source Repository" report    --- maven-project-info-reports-plugin:2.8:scm
[INFO] Generating "Project Summary" report      --- maven-project-info-reports-plugin:2.8:summary
[INFO] Generating "JavaDocs" report             --- maven-javadoc-plugin:2.10.3:javadoc
[INFO] Skipping javadoc generation
[INFO] Generating "DSM Report" report           --- dsm-maven-plugin:2.1.3:dsm
[INFO] Generating "Surefire Report" report      --- maven-surefire-report-plugin:2.18.1:report
[INFO] Generating "Source Xref" report          --- maven-jxr-plugin:2.5:jxr
[INFO] Generating "Test Source Xref" report     --- maven-jxr-plugin:2.5:test-jxr
[INFO] Generating "JDepend" report              --- jdepend-maven-plugin:2.0:generate-no-fork
[INFO] Generating "Tag List" report             --- taglist-maven-plugin:2.4:taglist
[INFO] Generating "Sonar" report                --- maven-report:0.1:report
[INFO] Rendering 36 generated Doxia documents: 36 xdoc
[INFO] ------------------------------------------------------------------------
[INFO] BUILD SUCCESS
[INFO] ------------------------------------------------------------------------
[INFO] Total time: 02:19 min
[INFO] Finished at: 2015-08-20T02:33:05+00:00
[INFO] Final Memory: 69M/495M
[INFO] ------------------------------------------------------------------------
travis_time:end:00feeede:start=1440037844111076499,finish=1440037997619448163,duration=153508371664[0K
[32;1mThe command "eval $CMD" exited with 0.[0m
travis_fold:start:cache.2[0Kstore build cache
travis_time:start:093fb117[0Kchange detected:
/home/travis/.m2/repository/commons-io/commons-io/2.5-SNAPSHOT/resolver-status.properties
/home/travis/.m2/repository/commons-io/commons-io/2.5-SNAPSHOT/resolver-status.properties
/home/travis/.m2/repository/commons-io/commons-io/resolver-status.properties
/home/travis/.m2/repository/commons-io/commons-io/resolver-status.properties
/home/travis/.m2/repository/junit/junit/4.8.2/junit-4.8.2.jar
/home/travis/.m2/repository/junit/junit/4.8.2/junit-4.8.2.jar.lastUpdated
/home/travis/.m2/repository/junit/junit/4.8.2/junit-4.8.2.jar.sha1
/home/travis/.m2/repository/junit/junit/4.8.2/junit-4.8.2.pom
/home/travis/.m2/repository/junit/junit/4.8.2/junit-4.8.2.pom.lastUpdated
/home/travis/.m2/repository/junit/junit/4.8.2/junit-4.8.2.pom.sha1
/home/travis/.m2/repository/junit/junit/4.8.2/_remote.repositories
/home/travis/.m2/repository/junit/junit-dep/resolver-status.properties
/home/travis/.m2/repository/junit/junit-dep/resolver-status.properties
/home/travis/.m2/repository/org/apache/maven/doxia/d
...
changes detected, packing new archive
.
uploading archive
travis_time:end:093fb117:start=1440037997623849765,finish=1440038009178051554,duration=11554201789[0Ktravis_fold:end:cache.2[0Ktravis_fold:start:after_success[0Ktravis_time:start:063d4856[0K$ eval $COVERAGE_CMD
travis_time:end:063d4856:start=1440038009181885146,finish=1440038009184878988,duration=2993842[0Ktravis_fold:end:after_success[0K
Done. Your build exited with 0.
