Using worker: worker-linux-docker-257b5cdd.prod.travis-ci.org:travis-linux-12

travis_fold:start:system_info[0K[33;1mBuild system information[0m
Build language: java
Build group: stable
Build dist: precise
Build id: 168666694
Job id: 168666695
travis-build version: c29f71bde
[34m[1mBuild image provisioning date and time[0m
Thu Feb  5 15:09:33 UTC 2015
[34m[1mOperating System Details[0m
Distributor ID:	Ubuntu
Description:	Ubuntu 12.04.5 LTS
Release:	12.04
Codename:	precise
[34m[1mLinux Version[0m
3.13.0-29-generic
[34m[1mCookbooks Version[0m
a68419e https://github.com/travis-ci/travis-cookbooks/tree/a68419e
[34m[1mGCC version[0m
gcc (Ubuntu/Linaro 4.6.3-1ubuntu5) 4.6.3
Copyright (C) 2011 Free Software Foundation, Inc.
This is free software; see the source for copying conditions.  There is NO
warranty; not even for MERCHANTABILITY or FITNESS FOR A PARTICULAR PURPOSE.

[34m[1mLLVM version[0m
clang version 3.4 (tags/RELEASE_34/final)
Target: x86_64-unknown-linux-gnu
Thread model: posix
[34m[1mPre-installed Ruby versions[0m
ruby-1.9.3-p551
[34m[1mPre-installed Node.js versions[0m
v0.10.36
[34m[1mPre-installed Go versions[0m
1.4.1
[34m[1mRedis version[0m
redis-server 2.8.19
[34m[1mriak version[0m
2.0.2
[34m[1mMongoDB version[0m
MongoDB 2.4.12
[34m[1mCouchDB version[0m
couchdb 1.6.1
[34m[1mNeo4j version[0m
1.9.4
[34m[1mRabbitMQ Version[0m
3.4.3
[34m[1mElasticSearch version[0m
1.4.0
[34m[1mInstalled Sphinx versions[0m
2.0.10
2.1.9
2.2.6
[34m[1mDefault Sphinx version[0m
2.2.6
[34m[1mInstalled Firefox version[0m
firefox 31.0esr
[34m[1mPhantomJS version[0m
1.9.8
[34m[1mant -version[0m
Apache Ant(TM) version 1.8.2 compiled on December 3 2011
[34m[1mmvn -version[0m
Apache Maven 3.2.5 (12a6b3acb947671f09b81f49094c53f426d8cea1; 2014-12-14T17:29:23+00:00)
Maven home: /usr/local/maven
Java version: 1.7.0_76, vendor: Oracle Corporation
Java home: /usr/lib/jvm/java-7-oracle/jre
Default locale: en_US, platform encoding: ANSI_X3.4-1968
OS name: "linux", version: "3.13.0-29-generic", arch: "amd64", family: "unix"
travis_fold:end:system_info[0K
travis_fold:start:fix.CVE-2015-7547[0K$ export DEBIAN_FRONTEND=noninteractive
W: Size of file /var/lib/apt/lists/us.archive.ubuntu.com_ubuntu_dists_precise-backports_multiverse_source_Sources.gz is not what the server reported 5886 5888
W: Size of file /var/lib/apt/lists/ppa.launchpad.net_travis-ci_zero-mq_ubuntu_dists_precise_main_binary-amd64_Packages.gz is not what the server reported 832 1195
W: Size of file /var/lib/apt/lists/ppa.launchpad.net_ubuntugis_ppa_ubuntu_dists_precise_main_binary-amd64_Packages.gz is not what the server reported 33653 36677
W: Size of file /var/lib/apt/lists/ppa.launchpad.net_ubuntugis_ppa_ubuntu_dists_precise_main_binary-i386_Packages.gz is not what the server reported 33699 36733
Reading package lists...
Building dependency tree...
Reading state information...
The following extra packages will be installed:
  libc-bin libc-dev-bin libc6-dev
Suggested packages:
  glibc-doc
The following packages will be upgraded:
  libc-bin libc-dev-bin libc6 libc6-dev
4 upgraded, 0 newly installed, 0 to remove and 259 not upgraded.
Need to get 8,840 kB of archives.
After this operation, 14.3 kB disk space will be freed.
Get:1 http://us.archive.ubuntu.com/ubuntu/ precise-updates/main libc6-dev amd64 2.15-0ubuntu10.15 [2,943 kB]
Get:2 http://us.archive.ubuntu.com/ubuntu/ precise-updates/main libc-dev-bin amd64 2.15-0ubuntu10.15 [84.7 kB]
Get:3 http://us.archive.ubuntu.com/ubuntu/ precise-updates/main libc-bin amd64 2.15-0ubuntu10.15 [1,177 kB]
Get:4 http://us.archive.ubuntu.com/ubuntu/ precise-updates/main libc6 amd64 2.15-0ubuntu10.15 [4,636 kB]
Fetched 8,840 kB in 0s (34.6 MB/s)
Preconfiguring packages ...
(Reading database ... (Reading database ... 5%(Reading database ... 10%(Reading database ... 15%(Reading database ... 20%(Reading database ... 25%(Reading database ... 30%(Reading database ... 35%(Reading database ... 40%(Reading database ... 45%(Reading database ... 50%(Reading database ... 55%(Reading database ... 60%(Reading database ... 65%(Reading database ... 70%(Reading database ... 75%(Reading database ... 80%(Reading database ... 85%(Reading database ... 90%(Reading database ... 95%(Reading database ... 100%(Reading database ... 72019 files and directories currently installed.)
Preparing to replace libc6-dev 2.15-0ubuntu10.10 (using .../libc6-dev_2.15-0ubuntu10.15_amd64.deb) ...
Unpacking replacement libc6-dev ...
Preparing to replace libc-dev-bin 2.15-0ubuntu10.10 (using .../libc-dev-bin_2.15-0ubuntu10.15_amd64.deb) ...
Unpacking replacement libc-dev-bin ...
Preparing to replace libc-bin 2.15-0ubuntu10.10 (using .../libc-bin_2.15-0ubuntu10.15_amd64.deb) ...
Unpacking replacement libc-bin ...
Processing triggers for man-db ...
Setting up libc-bin (2.15-0ubuntu10.15) ...
(Reading database ... (Reading database ... 5%(Reading database ... 10%(Reading database ... 15%(Reading database ... 20%(Reading database ... 25%(Reading database ... 30%(Reading database ... 35%(Reading database ... 40%(Reading database ... 45%(Reading database ... 50%(Reading database ... 55%(Reading database ... 60%(Reading database ... 65%(Reading database ... 70%(Reading database ... 75%(Reading database ... 80%(Reading database ... 85%(Reading database ... 90%(Reading database ... 95%(Reading database ... 100%(Reading database ... 72018 files and directories currently installed.)
Preparing to replace libc6 2.15-0ubuntu10.10 (using .../libc6_2.15-0ubuntu10.15_amd64.deb) ...
Unpacking replacement libc6 ...
Setting up libc6 (2.15-0ubuntu10.15) ...
Setting up libc-dev-bin (2.15-0ubuntu10.15) ...
Setting up libc6-dev (2.15-0ubuntu10.15) ...
Processing triggers for libc-bin ...
ldconfig deferred processing now taking place
travis_fold:end:fix.CVE-2015-7547[0Ktravis_fold:start:git.checkout[0Ktravis_time:start:003f6613[0K$ git clone --depth=50 --branch=artemis https://github.com/yamcs/yamcs.git yamcs/yamcs
Cloning into 'yamcs/yamcs'...
remote: Counting objects: 2511, done.[K
remote: Compressing objects:   0% (1/1719)   [Kremote: Compressing objects:   1% (18/1719)   [Kremote: Compressing objects:   2% (35/1719)   [Kremote: Compressing objects:   3% (52/1719)   [Kremote: Compressing objects:   4% (69/1719)   [Kremote: Compressing objects:   5% (86/1719)   [Kremote: Compressing objects:   6% (104/1719)   [Kremote: Compressing objects:   7% (121/1719)   [Kremote: Compressing objects:   8% (138/1719)   [Kremote: Compressing objects:   9% (155/1719)   [Kremote: Compressing objects:  10% (172/1719)   [Kremote: Compressing objects:  11% (190/1719)   [Kremote: Compressing objects:  12% (207/1719)   [Kremote: Compressing objects:  13% (224/1719)   [Kremote: Compressing objects:  14% (241/1719)   [Kremote: Compressing objects:  15% (258/1719)   [Kremote: Compressing objects:  16% (276/1719)   [Kremote: Compressing objects:  17% (293/1719)   [Kremote: Compressing objects:  18% (310/1719)   [Kremote: Compressing objects:  19% (327/1719)   [Kremote: Compressing objects:  20% (344/1719)   [Kremote: Compressing objects:  21% (361/1719)   [Kremote: Compressing objects:  22% (379/1719)   [Kremote: Compressing objects:  23% (396/1719)   [Kremote: Compressing objects:  24% (413/1719)   [Kremote: Compressing objects:  25% (430/1719)   [Kremote: Compressing objects:  26% (447/1719)   [Kremote: Compressing objects:  27% (465/1719)   [Kremote: Compressing objects:  28% (482/1719)   [Kremote: Compressing objects:  29% (499/1719)   [Kremote: Compressing objects:  30% (516/1719)   [Kremote: Compressing objects:  31% (533/1719)   [Kremote: Compressing objects:  32% (551/1719)   [Kremote: Compressing objects:  33% (568/1719)   [Kremote: Compressing objects:  34% (585/1719)   [Kremote: Compressing objects:  35% (602/1719)   [Kremote: Compressing objects:  36% (619/1719)   [Kremote: Compressing objects:  37% (637/1719)   [Kremote: Compressing objects:  38% (654/1719)   [Kremote: Compressing objects:  39% (671/1719)   [Kremote: Compressing objects:  40% (688/1719)   [Kremote: Compressing objects:  41% (705/1719)   [Kremote: Compressing objects:  42% (722/1719)   [Kremote: Compressing objects:  43% (740/1719)   [Kremote: Compressing objects:  44% (757/1719)   [Kremote: Compressing objects:  45% (774/1719)   [Kremote: Compressing objects:  46% (791/1719)   [Kremote: Compressing objects:  47% (808/1719)   [Kremote: Compressing objects:  48% (826/1719)   [Kremote: Compressing objects:  49% (843/1719)   [Kremote: Compressing objects:  50% (860/1719)   [Kremote: Compressing objects:  51% (877/1719)   [Kremote: Compressing objects:  52% (894/1719)   [Kremote: Compressing objects:  53% (912/1719)   [Kremote: Compressing objects:  54% (929/1719)   [Kremote: Compressing objects:  55% (946/1719)   [Kremote: Compressing objects:  56% (963/1719)   [Kremote: Compressing objects:  57% (980/1719)   [Kremote: Compressing objects:  58% (998/1719)   [Kremote: Compressing objects:  59% (1015/1719)   [Kremote: Compressing objects:  60% (1032/1719)   [Kremote: Compressing objects:  61% (1049/1719)   [Kremote: Compressing objects:  62% (1066/1719)   [Kremote: Compressing objects:  63% (1083/1719)   [Kremote: Compressing objects:  64% (1101/1719)   [Kremote: Compressing objects:  65% (1118/1719)   [Kremote: Compressing objects:  66% (1135/1719)   [Kremote: Compressing objects:  67% (1152/1719)   [Kremote: Compressing objects:  68% (1169/1719)   [Kremote: Compressing objects:  69% (1187/1719)   [Kremote: Compressing objects:  70% (1204/1719)   [Kremote: Compressing objects:  71% (1221/1719)   [Kremote: Compressing objects:  72% (1238/1719)   [Kremote: Compressing objects:  73% (1255/1719)   [Kremote: Compressing objects:  74% (1273/1719)   [Kremote: Compressing objects:  75% (1290/1719)   [Kremote: Compressing objects:  76% (1307/1719)   [Kremote: Compressing objects:  77% (1324/1719)   [Kremote: Compressing objects:  78% (1341/1719)   [Kremote: Compressing objects:  79% (1359/1719)   [Kremote: Compressing objects:  80% (1376/1719)   [Kremote: Compressing objects:  81% (1393/1719)   [Kremote: Compressing objects:  82% (1410/1719)   [Kremote: Compressing objects:  83% (1427/1719)   [Kremote: Compressing objects:  84% (1444/1719)   [Kremote: Compressing objects:  85% (1462/1719)   [Kremote: Compressing objects:  86% (1479/1719)   [Kremote: Compressing objects:  87% (1496/1719)   [Kremote: Compressing objects:  88% (1513/1719)   [Kremote: Compressing objects:  89% (1530/1719)   [Kremote: Compressing objects:  90% (1548/1719)   [Kremote: Compressing objects:  91% (1565/1719)   [Kremote: Compressing objects:  92% (1582/1719)   [Kremote: Compressing objects:  93% (1599/1719)   [Kremote: Compressing objects:  94% (1616/1719)   [Kremote: Compressing objects:  95% (1634/1719)   [Kremote: Compressing objects:  96% (1651/1719)   [Kremote: Compressing objects:  97% (1668/1719)   [Kremote: Compressing objects:  98% (1685/1719)   [Kremote: Compressing objects:  99% (1702/1719)   [Kremote: Compressing objects: 100% (1719/1719)   [Kremote: Compressing objects: 100% (1719/1719), done.[K
Receiving objects:   0% (1/2511)   Receiving objects:   1% (26/2511)   Receiving objects:   2% (51/2511)   Receiving objects:   3% (76/2511)   Receiving objects:   4% (101/2511)   Receiving objects:   5% (126/2511)   Receiving objects:   6% (151/2511)   Receiving objects:   7% (176/2511)   Receiving objects:   8% (201/2511)   Receiving objects:   9% (226/2511)   Receiving objects:  10% (252/2511)   Receiving objects:  11% (277/2511)   Receiving objects:  12% (302/2511)   Receiving objects:  13% (327/2511)   Receiving objects:  14% (352/2511)   Receiving objects:  15% (377/2511)   Receiving objects:  16% (402/2511)   Receiving objects:  17% (427/2511)   Receiving objects:  18% (452/2511)   Receiving objects:  19% (478/2511)   Receiving objects:  20% (503/2511)   Receiving objects:  21% (528/2511)   Receiving objects:  22% (553/2511)   Receiving objects:  23% (578/2511)   Receiving objects:  24% (603/2511)   Receiving objects:  25% (628/2511)   Receiving objects:  26% (653/2511)   Receiving objects:  27% (678/2511)   Receiving objects:  28% (704/2511)   Receiving objects:  29% (729/2511)   Receiving objects:  30% (754/2511)   Receiving objects:  31% (779/2511)   Receiving objects:  32% (804/2511)   Receiving objects:  33% (829/2511)   Receiving objects:  34% (854/2511)   Receiving objects:  35% (879/2511)   Receiving objects:  36% (904/2511)   Receiving objects:  37% (930/2511)   Receiving objects:  38% (955/2511)   Receiving objects:  39% (980/2511)   Receiving objects:  40% (1005/2511)   Receiving objects:  41% (1030/2511)   Receiving objects:  42% (1055/2511)   Receiving objects:  43% (1080/2511)   Receiving objects:  44% (1105/2511)   Receiving objects:  45% (1130/2511)   Receiving objects:  46% (1156/2511)   Receiving objects:  47% (1181/2511)   Receiving objects:  48% (1206/2511)   Receiving objects:  49% (1231/2511)   Receiving objects:  50% (1256/2511)   Receiving objects:  51% (1281/2511)   Receiving objects:  52% (1306/2511)   Receiving objects:  53% (1331/2511)   Receiving objects:  54% (1356/2511)   Receiving objects:  55% (1382/2511), 8.59 MiB | 17.14 MiB/s   Receiving objects:  56% (1407/2511), 8.59 MiB | 17.14 MiB/s   Receiving objects:  57% (1432/2511), 8.59 MiB | 17.14 MiB/s   Receiving objects:  58% (1457/2511), 8.59 MiB | 17.14 MiB/s   Receiving objects:  59% (1482/2511), 8.59 MiB | 17.14 MiB/s   Receiving objects:  60% (1507/2511), 8.59 MiB | 17.14 MiB/s   Receiving objects:  61% (1532/2511), 8.59 MiB | 17.14 MiB/s   Receiving objects:  62% (1557/2511), 8.59 MiB | 17.14 MiB/s   Receiving objects:  63% (1582/2511), 8.59 MiB | 17.14 MiB/s   Receiving objects:  64% (1608/2511), 8.59 MiB | 17.14 MiB/s   Receiving objects:  65% (1633/2511), 8.59 MiB | 17.14 MiB/s   Receiving objects:  66% (1658/2511), 8.59 MiB | 17.14 MiB/s   Receiving objects:  67% (1683/2511), 8.59 MiB | 17.14 MiB/s   Receiving objects:  68% (1708/2511), 8.59 MiB | 17.14 MiB/s   Receiving objects:  69% (1733/2511), 8.59 MiB | 17.14 MiB/s   Receiving objects:  70% (1758/2511), 8.59 MiB | 17.14 MiB/s   Receiving objects:  71% (1783/2511), 8.59 MiB | 17.14 MiB/s   Receiving objects:  72% (1808/2511), 8.59 MiB | 17.14 MiB/s   Receiving objects:  73% (1834/2511), 8.59 MiB | 17.14 MiB/s   Receiving objects:  74% (1859/2511), 8.59 MiB | 17.14 MiB/s   Receiving objects:  75% (1884/2511), 8.59 MiB | 17.14 MiB/s   Receiving objects:  76% (1909/2511), 8.59 MiB | 17.14 MiB/s   Receiving objects:  77% (1934/2511), 8.59 MiB | 17.14 MiB/s   Receiving objects:  78% (1959/2511), 8.59 MiB | 17.14 MiB/s   remote: Total 2511 (delta 852), reused 1630 (delta 646), pack-reused 0[K
Receiving objects:  79% (1984/2511), 8.59 MiB | 17.14 MiB/s   Receiving objects:  80% (2009/2511), 8.59 MiB | 17.14 MiB/s   Receiving objects:  81% (2034/2511), 8.59 MiB | 17.14 MiB/s   Receiving objects:  82% (2060/2511), 8.59 MiB | 17.14 MiB/s   Receiving objects:  83% (2085/2511), 8.59 MiB | 17.14 MiB/s   Receiving objects:  84% (2110/2511), 8.59 MiB | 17.14 MiB/s   Receiving objects:  85% (2135/2511), 8.59 MiB | 17.14 MiB/s   Receiving objects:  86% (2160/2511), 8.59 MiB | 17.14 MiB/s   Receiving objects:  87% (2185/2511), 8.59 MiB | 17.14 MiB/s   Receiving objects:  88% (2210/2511), 8.59 MiB | 17.14 MiB/s   Receiving objects:  89% (2235/2511), 8.59 MiB | 17.14 MiB/s   Receiving objects:  90% (2260/2511), 8.59 MiB | 17.14 MiB/s   Receiving objects:  91% (2286/2511), 8.59 MiB | 17.14 MiB/s   Receiving objects:  92% (2311/2511), 8.59 MiB | 17.14 MiB/s   Receiving objects:  93% (2336/2511), 8.59 MiB | 17.14 MiB/s   Receiving objects:  94% (2361/2511), 8.59 MiB | 17.14 MiB/s   Receiving objects:  95% (2386/2511), 8.59 MiB | 17.14 MiB/s   Receiving objects:  96% (2411/2511), 8.59 MiB | 17.14 MiB/s   Receiving objects:  97% (2436/2511), 8.59 MiB | 17.14 MiB/s   Receiving objects:  98% (2461/2511), 8.59 MiB | 17.14 MiB/s   Receiving objects:  99% (2486/2511), 8.59 MiB | 17.14 MiB/s   Receiving objects: 100% (2511/2511), 8.59 MiB | 17.14 MiB/s   Receiving objects: 100% (2511/2511), 13.89 MiB | 17.14 MiB/s, done.
Resolving deltas:   0% (0/852)   Resolving deltas:   5% (49/852)   Resolving deltas:   6% (52/852)   Resolving deltas:   7% (64/852)   Resolving deltas:   8% (75/852)   Resolving deltas:  10% (87/852)   Resolving deltas:  11% (97/852)   Resolving deltas:  12% (103/852)   Resolving deltas:  13% (112/852)   Resolving deltas:  14% (124/852)   Resolving deltas:  15% (129/852)   Resolving deltas:  16% (137/852)   Resolving deltas:  17% (146/852)   Resolving deltas:  22% (188/852)   Resolving deltas:  23% (202/852)   Resolving deltas:  24% (205/852)   Resolving deltas:  25% (213/852)   Resolving deltas:  29% (252/852)   Resolving deltas:  34% (290/852)   Resolving deltas:  35% (301/852)   Resolving deltas:  36% (307/852)   Resolving deltas:  37% (317/852)   Resolving deltas:  38% (327/852)   Resolving deltas:  39% (333/852)   Resolving deltas:  40% (345/852)   Resolving deltas:  41% (353/852)   Resolving deltas:  42% (359/852)   Resolving deltas:  43% (368/852)   Resolving deltas:  44% (376/852)   Resolving deltas:  45% (384/852)   Resolving deltas:  46% (392/852)   Resolving deltas:  47% (402/852)   Resolving deltas:  48% (409/852)   Resolving deltas:  49% (425/852)   Resolving deltas:  50% (428/852)   Resolving deltas:  51% (435/852)   Resolving deltas:  52% (444/852)   Resolving deltas:  53% (460/852)   Resolving deltas:  54% (462/852)   Resolving deltas:  55% (474/852)   Resolving deltas:  56% (478/852)   Resolving deltas:  57% (486/852)   Resolving deltas:  58% (499/852)   Resolving deltas:  59% (506/852)   Resolving deltas:  60% (512/852)   Resolving deltas:  61% (520/852)   Resolving deltas:  63% (538/852)   Resolving deltas:  64% (552/852)   Resolving deltas:  65% (556/852)   Resolving deltas:  66% (563/852)   Resolving deltas:  67% (571/852)   Resolving deltas:  68% (584/852)   Resolving deltas:  69% (592/852)   Resolving deltas:  70% (598/852)   Resolving deltas:  71% (605/852)   Resolving deltas:  72% (615/852)   Resolving deltas:  73% (622/852)   Resolving deltas:  74% (631/852)   Resolving deltas:  75% (639/852)   Resolving deltas:  76% (648/852)   Resolving deltas:  77% (657/852)   Resolving deltas:  81% (697/852)   Resolving deltas:  82% (699/852)   Resolving deltas:  83% (710/852)   Resolving deltas:  84% (716/852)   Resolving deltas:  85% (725/852)   Resolving deltas:  86% (733/852)   Resolving deltas:  87% (742/852)   Resolving deltas:  88% (751/852)   Resolving deltas:  89% (759/852)   Resolving deltas:  90% (769/852)   Resolving deltas:  91% (776/852)   Resolving deltas:  92% (786/852)   Resolving deltas:  93% (793/852)   Resolving deltas: 100% (852/852)   Resolving deltas: 100% (852/852), done.
Checking connectivity... done.

travis_time:end:003f6613:start=1476807483119259574,finish=1476807485653977893,duration=2534718319[0K$ cd yamcs/yamcs
$ git checkout -qf 2c08220cf5f043b6796a6d3d839a3ba334b56c7a
travis_fold:end:git.checkout[0K
[33;1mThis job is running on container-based infrastructure, which does not allow use of 'sudo', setuid and setguid executables.[0m
[33;1mIf you require sudo, add 'sudo: required' to your .travis.yml[0m
[33;1mSee https://docs.travis-ci.com/user/workers/container-based-infrastructure/ for details.[0m
$ jdk_switcher use oraclejdk8
Switching to Oracle JDK8 (java-8-oracle), JAVA_HOME will be set to /usr/lib/jvm/java-8-oracle
travis_fold:start:cache.1[0KSetting up build cache
$ export CASHER_DIR=$HOME/.casher
travis_time:start:130628b4[0K$ Installing caching utilities

travis_time:end:130628b4:start=1476807487948095328,finish=1476807487971856519,duration=23761191[0Ktravis_time:start:00649638[0K
travis_time:end:00649638:start=1476807487976264670,finish=1476807487979386611,duration=3121941[0Ktravis_time:start:0ffa83c8[0K[32;1mattempting to download cache archive[0m
[32;1mfetching artemis/cache-linux-precise-e3b0c44298fc1c149afbf4c8996fb92427ae41e4649b934ca495991b7852b855--jdk-oraclejdk8.tgz[0m
[32;1mfound cache[0m

travis_time:end:0ffa83c8:start=1476807487982834799,finish=1476807489625579688,duration=1642744889[0Ktravis_time:start:1cdaaddf[0K
travis_time:end:1cdaaddf:start=1476807489629433025,finish=1476807489632940129,duration=3507104[0Ktravis_time:start:09cfd529[0K[32;1madding /home/travis/.m2 to cache[0m

travis_time:end:09cfd529:start=1476807489636814283,finish=1476807491168328017,duration=1531513734[0Ktravis_fold:end:cache.1[0K$ java -Xmx32m -version
java version "1.8.0_31"
Java(TM) SE Runtime Environment (build 1.8.0_31-b13)
Java HotSpot(TM) 64-Bit Server VM (build 25.31-b07, mixed mode)
$ javac -J-Xmx32m -version
javac 1.8.0_31
travis_fold:start:install[0Ktravis_time:start:0181fa08[0K$ mvn install -DskipTests=true -Dmaven.javadoc.skip=true -B -V
Java HotSpot(TM) 64-Bit Server VM warning: ignoring option MaxPermSize=192m; support was removed in 8.0
Apache Maven 3.2.5 (12a6b3acb947671f09b81f49094c53f426d8cea1; 2014-12-14T17:29:23+00:00)
Maven home: /usr/local/maven
Java version: 1.8.0_31, vendor: Oracle Corporation
Java home: /usr/lib/jvm/java-8-oracle/jre
Default locale: en_US, platform encoding: UTF-8
OS name: "linux", version: "3.13.0-40-generic", arch: "amd64", family: "unix"
[INFO] Scanning for projects...
[INFO] ------------------------------------------------------------------------
[INFO] Reactor Build Order:
[INFO] 
[INFO] Yamcs
[INFO] Yamcs API
[INFO] Yamcs XTCE
[INFO] Yamcs Core
[INFO] Yamcs Simulation
[INFO]                                                                         
[INFO] ------------------------------------------------------------------------
[INFO] Building Yamcs 0.30.0
[INFO] ------------------------------------------------------------------------
[INFO] 
[INFO] --- maven-source-plugin:2.2.1:jar-no-fork (attach-sources) @ yamcs ---
[INFO] 
[INFO] --- maven-install-plugin:2.4:install (default-install) @ yamcs ---
[INFO] Installing /home/travis/build/yamcs/yamcs/pom.xml to /home/travis/.m2/repository/org/yamcs/yamcs/0.30.0/yamcs-0.30.0.pom
[INFO]                                                                         
[INFO] ------------------------------------------------------------------------
[INFO] Building Yamcs API 0.30.0
[INFO] ------------------------------------------------------------------------
[INFO] 
[INFO] --- maven-resources-plugin:2.6:resources (default-resources) @ yamcs-api ---
[INFO] Using 'UTF-8' encoding to copy filtered resources.
[INFO] Copying 1 resource
[INFO] 
[INFO] --- maven-compiler-plugin:2.3.2:compile (default-compile) @ yamcs-api ---
[INFO] Compiling 67 source files to /home/travis/build/yamcs/yamcs/yamcs-api/target/classes
[INFO] 
[INFO] --- maven-resources-plugin:2.6:testResources (default-testResources) @ yamcs-api ---
[INFO] Using 'UTF-8' encoding to copy filtered resources.
[INFO] skip non existing resourceDirectory /home/travis/build/yamcs/yamcs/yamcs-api/src/test/resources
[INFO] 
[INFO] --- maven-compiler-plugin:2.3.2:testCompile (default-testCompile) @ yamcs-api ---
[INFO] Compiling 4 source files to /home/travis/build/yamcs/yamcs/yamcs-api/target/test-classes
[INFO] 
[INFO] --- maven-surefire-plugin:2.19.1:test (default-test) @ yamcs-api ---
[INFO] Tests are skipped.
[INFO] 
[INFO] --- maven-jar-plugin:2.4:jar (default-jar) @ yamcs-api ---
[INFO] Building jar: /home/travis/build/yamcs/yamcs/yamcs-api/target/yamcs-api-0.30.0.jar
[INFO] 
[INFO] --- maven-source-plugin:2.2.1:jar-no-fork (attach-sources) @ yamcs-api ---
[INFO] Building jar: /home/travis/build/yamcs/yamcs/yamcs-api/target/yamcs-api-0.30.0-sources.jar
[INFO] 
[INFO] --- maven-install-plugin:2.4:install (default-install) @ yamcs-api ---
[INFO] Installing /home/travis/build/yamcs/yamcs/yamcs-api/target/yamcs-api-0.30.0.jar to /home/travis/.m2/repository/org/yamcs/yamcs-api/0.30.0/yamcs-api-0.30.0.jar
[INFO] Installing /home/travis/build/yamcs/yamcs/yamcs-api/pom.xml to /home/travis/.m2/repository/org/yamcs/yamcs-api/0.30.0/yamcs-api-0.30.0.pom
[INFO] Installing /home/travis/build/yamcs/yamcs/yamcs-api/target/yamcs-api-0.30.0-sources.jar to /home/travis/.m2/repository/org/yamcs/yamcs-api/0.30.0/yamcs-api-0.30.0-sources.jar
[INFO]                                                                         
[INFO] ------------------------------------------------------------------------
[INFO] Building Yamcs XTCE 0.30.0
[INFO] ------------------------------------------------------------------------
[INFO] 
[INFO] --- maven-resources-plugin:2.6:resources (default-resources) @ yamcs-xtce ---
[INFO] Using 'UTF-8' encoding to copy filtered resources.
[INFO] Copying 1 resource
[INFO] 
[INFO] --- maven-compiler-plugin:2.3.2:compile (default-compile) @ yamcs-xtce ---
[INFO] Compiling 106 source files to /home/travis/build/yamcs/yamcs/yamcs-xtce/target/classes
[INFO] 
[INFO] --- maven-resources-plugin:2.6:testResources (default-testResources) @ yamcs-xtce ---
[INFO] Using 'UTF-8' encoding to copy filtered resources.
[INFO] skip non existing resourceDirectory /home/travis/build/yamcs/yamcs/yamcs-xtce/src/test/resources
[INFO] 
[INFO] --- maven-compiler-plugin:2.3.2:testCompile (default-testCompile) @ yamcs-xtce ---
[INFO] Compiling 1 source file to /home/travis/build/yamcs/yamcs/yamcs-xtce/target/test-classes
[INFO] 
[INFO] --- maven-surefire-plugin:2.19.1:test (default-test) @ yamcs-xtce ---
[INFO] Tests are skipped.
[INFO] 
[INFO] --- maven-jar-plugin:2.4:jar (default-jar) @ yamcs-xtce ---
[INFO] Building jar: /home/travis/build/yamcs/yamcs/yamcs-xtce/target/yamcs-xtce-0.30.0.jar
[INFO] 
[INFO] --- maven-source-plugin:2.2.1:jar-no-fork (attach-sources) @ yamcs-xtce ---
[INFO] Building jar: /home/travis/build/yamcs/yamcs/yamcs-xtce/target/yamcs-xtce-0.30.0-sources.jar
[INFO] 
[INFO] --- maven-install-plugin:2.4:install (default-install) @ yamcs-xtce ---
[INFO] Installing /home/travis/build/yamcs/yamcs/yamcs-xtce/target/yamcs-xtce-0.30.0.jar to /home/travis/.m2/repository/org/yamcs/yamcs-xtce/0.30.0/yamcs-xtce-0.30.0.jar
[INFO] Installing /home/travis/build/yamcs/yamcs/yamcs-xtce/pom.xml to /home/travis/.m2/repository/org/yamcs/yamcs-xtce/0.30.0/yamcs-xtce-0.30.0.pom
[INFO] Installing /home/travis/build/yamcs/yamcs/yamcs-xtce/target/yamcs-xtce-0.30.0-sources.jar to /home/travis/.m2/repository/org/yamcs/yamcs-xtce/0.30.0/yamcs-xtce-0.30.0-sources.jar
[INFO]                                                                         
[INFO] ------------------------------------------------------------------------
[INFO] Building Yamcs Core 0.30.0
[INFO] ------------------------------------------------------------------------
[INFO] 
[INFO] --- build-helper-maven-plugin:1.11:add-source (add-source) @ yamcs-core ---
[INFO] Source directory: /home/travis/build/yamcs/yamcs/yamcs-core/target/generated-sources/version added.
[INFO] 
[INFO] --- maven-antrun-plugin:1.3:run (generate-version) @ yamcs-core ---
[INFO] Executing tasks
     [copy] Copying 1 file to /home/travis/build/yamcs/yamcs/yamcs-core/target/generated-sources/version/org/yamcs
[INFO] Executed tasks
[INFO] 
[INFO] --- maven-resources-plugin:2.6:resources (default-resources) @ yamcs-core ---
[INFO] Using 'UTF-8' encoding to copy filtered resources.
[INFO] Copying 31 resources
[INFO] 
[INFO] --- maven-compiler-plugin:2.3.2:compile (default-compile) @ yamcs-core ---
[INFO] Compiling 577 source files to /home/travis/build/yamcs/yamcs/yamcs-core/target/classes
[INFO] -------------------------------------------------------------
[ERROR] COMPILATION ERROR : 
[INFO] -------------------------------------------------------------
[ERROR] /home/travis/build/yamcs/yamcs/yamcs-core/src/main/java/org/yamcs/yarch/rocksdb/YRDB.java:[22,22] error: cannot find symbol
[ERROR]  package org.yamcs.utils
/home/travis/build/yamcs/yamcs/yamcs-core/src/main/java/org/yamcs/yarch/rocksdb/YRDB.java:[31,8] error: cannot find symbol
[ERROR]  class YRDB
/home/travis/build/yamcs/yamcs/yamcs-core/src/main/java/org/yamcs/yarch/rocksdb/YRDB.java:[31,73] error: cannot find symbol
[ERROR]  class YRDB
/home/travis/build/yamcs/yamcs/yamcs-core/src/main/java/org/yamcs/yarch/rocksdb/YRDB.java:[77,47] error: cannot find symbol
[ERROR]  class YRDB
/home/travis/build/yamcs/yamcs/yamcs-core/src/main/java/org/yamcs/yarch/rocksdb/YRDB.java:[121,56] error: cannot find symbol
[ERROR]  class YRDB
/home/travis/build/yamcs/yamcs/yamcs-core/src/main/java/org/yamcs/yarch/rocksdb/YRDB.java:[140,31] error: cannot find symbol
[ERROR]  class YRDB
/home/travis/build/yamcs/yamcs/yamcs-core/src/main/java/org/yamcs/yarch/rocksdb/YRDB.java:[150,12] error: cannot find symbol
[ERROR]  class YRDB
/home/travis/build/yamcs/yamcs/yamcs-core/src/main/java/org/yamcs/yarch/rocksdb/YRDB.java:[176,22] error: cannot find symbol
[ERROR]  class YRDB
/home/travis/build/yamcs/yamcs/yamcs-core/src/main/java/org/yamcs/yarch/rocksdb/YRDB.java:[200,22] error: cannot find symbol
[INFO] 9 errors 
[INFO] -------------------------------------------------------------
[INFO] ------------------------------------------------------------------------
[INFO] Reactor Summary:
[INFO] 
[INFO] Yamcs .............................................. SUCCESS [  1.388 s]
[INFO] Yamcs API .......................................... SUCCESS [ 36.987 s]
[INFO] Yamcs XTCE ......................................... SUCCESS [  6.674 s]
[INFO] Yamcs Core ......................................... FAILURE [ 23.195 s]
[INFO] Yamcs Simulation ................................... SKIPPED
[INFO] ------------------------------------------------------------------------
[INFO] BUILD FAILURE
[INFO] ------------------------------------------------------------------------
[INFO] Total time: 01:08 min
[INFO] Finished at: 2016-10-18T16:19:22+00:00
[INFO] Final Memory: 50M/434M
[INFO] ------------------------------------------------------------------------
[ERROR] Failed to execute goal org.apache.maven.plugins:maven-compiler-plugin:2.3.2:compile (default-compile) on project yamcs-core: Compilation failure: Compilation failure:
[ERROR] /home/travis/build/yamcs/yamcs/yamcs-core/src/main/java/org/yamcs/yarch/rocksdb/YRDB.java:[22,22] error: cannot find symbol
[ERROR] package org.yamcs.utils
[ERROR] /home/travis/build/yamcs/yamcs/yamcs-core/src/main/java/org/yamcs/yarch/rocksdb/YRDB.java:[31,8] error: cannot find symbol
[ERROR] class YRDB
[ERROR] /home/travis/build/yamcs/yamcs/yamcs-core/src/main/java/org/yamcs/yarch/rocksdb/YRDB.java:[31,73] error: cannot find symbol
[ERROR] class YRDB
[ERROR] /home/travis/build/yamcs/yamcs/yamcs-core/src/main/java/org/yamcs/yarch/rocksdb/YRDB.java:[77,47] error: cannot find symbol
[ERROR] class YRDB
[ERROR] /home/travis/build/yamcs/yamcs/yamcs-core/src/main/java/org/yamcs/yarch/rocksdb/YRDB.java:[121,56] error: cannot find symbol
[ERROR] class YRDB
[ERROR] /home/travis/build/yamcs/yamcs/yamcs-core/src/main/java/org/yamcs/yarch/rocksdb/YRDB.java:[140,31] error: cannot find symbol
[ERROR] class YRDB
[ERROR] /home/travis/build/yamcs/yamcs/yamcs-core/src/main/java/org/yamcs/yarch/rocksdb/YRDB.java:[150,12] error: cannot find symbol
[ERROR] class YRDB
[ERROR] /home/travis/build/yamcs/yamcs/yamcs-core/src/main/java/org/yamcs/yarch/rocksdb/YRDB.java:[176,22] error: cannot find symbol
[ERROR] class YRDB
[ERROR] /home/travis/build/yamcs/yamcs/yamcs-core/src/main/java/org/yamcs/yarch/rocksdb/YRDB.java:[200,22] error: cannot find symbol
[ERROR] -> [Help 1]
[ERROR] 
[ERROR] To see the full stack trace of the errors, re-run Maven with the -e switch.
[ERROR] Re-run Maven using the -X switch to enable full debug logging.
[ERROR] 
[ERROR] For more information about the errors and possible solutions, please read the following articles:
[ERROR] [Help 1] http://cwiki.apache.org/confluence/display/MAVEN/MojoFailureException
[ERROR] 
[ERROR] After correcting the problems, you can resume the build with the command
[ERROR]   mvn <goals> -rf :yamcs-core

[31;1mThe command "eval mvn install -DskipTests=true -Dmaven.javadoc.skip=true -B -V" failed. Retrying, 2 of 3.[0m

Java HotSpot(TM) 64-Bit Server VM warning: ignoring option MaxPermSize=192m; support was removed in 8.0
Apache Maven 3.2.5 (12a6b3acb947671f09b81f49094c53f426d8cea1; 2014-12-14T17:29:23+00:00)
Maven home: /usr/local/maven
Java version: 1.8.0_31, vendor: Oracle Corporation
Java home: /usr/lib/jvm/java-8-oracle/jre
Default locale: en_US, platform encoding: UTF-8
OS name: "linux", version: "3.13.0-40-generic", arch: "amd64", family: "unix"
[INFO] Scanning for projects...
[INFO] ------------------------------------------------------------------------
[INFO] Reactor Build Order:
[INFO] 
[INFO] Yamcs
[INFO] Yamcs API
[INFO] Yamcs XTCE
[INFO] Yamcs Core
[INFO] Yamcs Simulation
[INFO]                                                                         
[INFO] ------------------------------------------------------------------------
[INFO] Building Yamcs 0.30.0
[INFO] ------------------------------------------------------------------------
[INFO] 
[INFO] --- maven-source-plugin:2.2.1:jar-no-fork (attach-sources) @ yamcs ---
[INFO] 
[INFO] --- maven-install-plugin:2.4:install (default-install) @ yamcs ---
[INFO] Installing /home/travis/build/yamcs/yamcs/pom.xml to /home/travis/.m2/repository/org/yamcs/yamcs/0.30.0/yamcs-0.30.0.pom
[INFO]                                                                         
[INFO] ------------------------------------------------------------------------
[INFO] Building Yamcs API 0.30.0
[INFO] ------------------------------------------------------------------------
[INFO] 
[INFO] --- maven-resources-plugin:2.6:resources (default-resources) @ yamcs-api ---
[INFO] Using 'UTF-8' encoding to copy filtered resources.
[INFO] Copying 1 resource
[INFO] 
[INFO] --- maven-compiler-plugin:2.3.2:compile (default-compile) @ yamcs-api ---
[INFO] Nothing to compile - all classes are up to date
[INFO] 
[INFO] --- maven-resources-plugin:2.6:testResources (default-testResources) @ yamcs-api ---
[INFO] Using 'UTF-8' encoding to copy filtered resources.
[INFO] skip non existing resourceDirectory /home/travis/build/yamcs/yamcs/yamcs-api/src/test/resources
[INFO] 
[INFO] --- maven-compiler-plugin:2.3.2:testCompile (default-testCompile) @ yamcs-api ---
[INFO] Nothing to compile - all classes are up to date
[INFO] 
[INFO] --- maven-surefire-plugin:2.19.1:test (default-test) @ yamcs-api ---
[INFO] Tests are skipped.
[INFO] 
[INFO] --- maven-jar-plugin:2.4:jar (default-jar) @ yamcs-api ---
[INFO] 
[INFO] --- maven-source-plugin:2.2.1:jar-no-fork (attach-sources) @ yamcs-api ---
[INFO] 
[INFO] --- maven-install-plugin:2.4:install (default-install) @ yamcs-api ---
[INFO] Installing /home/travis/build/yamcs/yamcs/yamcs-api/target/yamcs-api-0.30.0.jar to /home/travis/.m2/repository/org/yamcs/yamcs-api/0.30.0/yamcs-api-0.30.0.jar
[INFO] Installing /home/travis/build/yamcs/yamcs/yamcs-api/pom.xml to /home/travis/.m2/repository/org/yamcs/yamcs-api/0.30.0/yamcs-api-0.30.0.pom
[INFO] Installing /home/travis/build/yamcs/yamcs/yamcs-api/target/yamcs-api-0.30.0-sources.jar to /home/travis/.m2/repository/org/yamcs/yamcs-api/0.30.0/yamcs-api-0.30.0-sources.jar
[INFO]                                                                         
[INFO] ------------------------------------------------------------------------
[INFO] Building Yamcs XTCE 0.30.0
[INFO] ------------------------------------------------------------------------
[INFO] 
[INFO] --- maven-resources-plugin:2.6:resources (default-resources) @ yamcs-xtce ---
[INFO] Using 'UTF-8' encoding to copy filtered resources.
[INFO] Copying 1 resource
[INFO] 
[INFO] --- maven-compiler-plugin:2.3.2:compile (default-compile) @ yamcs-xtce ---
[INFO] Nothing to compile - all classes are up to date
[INFO] 
[INFO] --- maven-resources-plugin:2.6:testResources (default-testResources) @ yamcs-xtce ---
[INFO] Using 'UTF-8' encoding to copy filtered resources.
[INFO] skip non existing resourceDirectory /home/travis/build/yamcs/yamcs/yamcs-xtce/src/test/resources
[INFO] 
[INFO] --- maven-compiler-plugin:2.3.2:testCompile (default-testCompile) @ yamcs-xtce ---
[INFO] Nothing to compile - all classes are up to date
[INFO] 
[INFO] --- maven-surefire-plugin:2.19.1:test (default-test) @ yamcs-xtce ---
[INFO] Tests are skipped.
[INFO] 
[INFO] --- maven-jar-plugin:2.4:jar (default-jar) @ yamcs-xtce ---
[INFO] Building jar: /home/travis/build/yamcs/yamcs/yamcs-xtce/target/yamcs-xtce-0.30.0.jar
[INFO] 
[INFO] --- maven-source-plugin:2.2.1:jar-no-fork (attach-sources) @ yamcs-xtce ---
[INFO] 
[INFO] --- maven-install-plugin:2.4:install (default-install) @ yamcs-xtce ---
[INFO] Installing /home/travis/build/yamcs/yamcs/yamcs-xtce/target/yamcs-xtce-0.30.0.jar to /home/travis/.m2/repository/org/yamcs/yamcs-xtce/0.30.0/yamcs-xtce-0.30.0.jar
[INFO] Installing /home/travis/build/yamcs/yamcs/yamcs-xtce/pom.xml to /home/travis/.m2/repository/org/yamcs/yamcs-xtce/0.30.0/yamcs-xtce-0.30.0.pom
[INFO] Installing /home/travis/build/yamcs/yamcs/yamcs-xtce/target/yamcs-xtce-0.30.0-sources.jar to /home/travis/.m2/repository/org/yamcs/yamcs-xtce/0.30.0/yamcs-xtce-0.30.0-sources.jar
[INFO]                                                                         
[INFO] ------------------------------------------------------------------------
[INFO] Building Yamcs Core 0.30.0
[INFO] ------------------------------------------------------------------------
[INFO] 
[INFO] --- build-helper-maven-plugin:1.11:add-source (add-source) @ yamcs-core ---
[INFO] Source directory: /home/travis/build/yamcs/yamcs/yamcs-core/target/generated-sources/version added.
[INFO] 
[INFO] --- maven-antrun-plugin:1.3:run (generate-version) @ yamcs-core ---
[INFO] Executing tasks
[INFO] Executed tasks
[INFO] 
[INFO] --- maven-resources-plugin:2.6:resources (default-resources) @ yamcs-core ---
[INFO] Using 'UTF-8' encoding to copy filtered resources.
[INFO] Copying 31 resources
[INFO] 
[INFO] --- maven-compiler-plugin:2.3.2:compile (default-compile) @ yamcs-core ---
[INFO] Compiling 577 source files to /home/travis/build/yamcs/yamcs/yamcs-core/target/classes
[INFO] -------------------------------------------------------------
[ERROR] COMPILATION ERROR : 
[INFO] -------------------------------------------------------------
[ERROR] /home/travis/build/yamcs/yamcs/yamcs-core/src/main/java/org/yamcs/yarch/rocksdb/YRDB.java:[22,22] error: cannot find symbol
[ERROR]  package org.yamcs.utils
/home/travis/build/yamcs/yamcs/yamcs-core/src/main/java/org/yamcs/yarch/rocksdb/YRDB.java:[31,8] error: cannot find symbol
[ERROR]  class YRDB
/home/travis/build/yamcs/yamcs/yamcs-core/src/main/java/org/yamcs/yarch/rocksdb/YRDB.java:[31,73] error: cannot find symbol
[ERROR]  class YRDB
/home/travis/build/yamcs/yamcs/yamcs-core/src/main/java/org/yamcs/yarch/rocksdb/YRDB.java:[77,47] error: cannot find symbol
[ERROR]  class YRDB
/home/travis/build/yamcs/yamcs/yamcs-core/src/main/java/org/yamcs/yarch/rocksdb/YRDB.java:[121,56] error: cannot find symbol
[ERROR]  class YRDB
/home/travis/build/yamcs/yamcs/yamcs-core/src/main/java/org/yamcs/yarch/rocksdb/YRDB.java:[140,31] error: cannot find symbol
[ERROR]  class YRDB
/home/travis/build/yamcs/yamcs/yamcs-core/src/main/java/org/yamcs/yarch/rocksdb/YRDB.java:[150,12] error: cannot find symbol
[ERROR]  class YRDB
/home/travis/build/yamcs/yamcs/yamcs-core/src/main/java/org/yamcs/yarch/rocksdb/YRDB.java:[176,22] error: cannot find symbol
[ERROR]  class YRDB
/home/travis/build/yamcs/yamcs/yamcs-core/src/main/java/org/yamcs/yarch/rocksdb/YRDB.java:[200,22] error: cannot find symbol
[INFO] 9 errors 
[INFO] -------------------------------------------------------------
[INFO] ------------------------------------------------------------------------
[INFO] Reactor Summary:
[INFO] 
[INFO] Yamcs .............................................. SUCCESS [  1.749 s]
[INFO] Yamcs API .......................................... SUCCESS [  3.090 s]
[INFO] Yamcs XTCE ......................................... SUCCESS [  0.450 s]
[INFO] Yamcs Core ......................................... FAILURE [ 24.026 s]
[INFO] Yamcs Simulation ................................... SKIPPED
[INFO] ------------------------------------------------------------------------
[INFO] BUILD FAILURE
[INFO] ------------------------------------------------------------------------
[INFO] Total time: 29.529 s
[INFO] Finished at: 2016-10-18T16:19:57+00:00
[INFO] Final Memory: 23M/339M
[INFO] ------------------------------------------------------------------------
[ERROR] Failed to execute goal org.apache.maven.plugins:maven-compiler-plugin:2.3.2:compile (default-compile) on project yamcs-core: Compilation failure: Compilation failure:
[ERROR] /home/travis/build/yamcs/yamcs/yamcs-core/src/main/java/org/yamcs/yarch/rocksdb/YRDB.java:[22,22] error: cannot find symbol
[ERROR] package org.yamcs.utils
[ERROR] /home/travis/build/yamcs/yamcs/yamcs-core/src/main/java/org/yamcs/yarch/rocksdb/YRDB.java:[31,8] error: cannot find symbol
[ERROR] class YRDB
[ERROR] /home/travis/build/yamcs/yamcs/yamcs-core/src/main/java/org/yamcs/yarch/rocksdb/YRDB.java:[31,73] error: cannot find symbol
[ERROR] class YRDB
[ERROR] /home/travis/build/yamcs/yamcs/yamcs-core/src/main/java/org/yamcs/yarch/rocksdb/YRDB.java:[77,47] error: cannot find symbol
[ERROR] class YRDB
[ERROR] /home/travis/build/yamcs/yamcs/yamcs-core/src/main/java/org/yamcs/yarch/rocksdb/YRDB.java:[121,56] error: cannot find symbol
[ERROR] class YRDB
[ERROR] /home/travis/build/yamcs/yamcs/yamcs-core/src/main/java/org/yamcs/yarch/rocksdb/YRDB.java:[140,31] error: cannot find symbol
[ERROR] class YRDB
[ERROR] /home/travis/build/yamcs/yamcs/yamcs-core/src/main/java/org/yamcs/yarch/rocksdb/YRDB.java:[150,12] error: cannot find symbol
[ERROR] class YRDB
[ERROR] /home/travis/build/yamcs/yamcs/yamcs-core/src/main/java/org/yamcs/yarch/rocksdb/YRDB.java:[176,22] error: cannot find symbol
[ERROR] class YRDB
[ERROR] /home/travis/build/yamcs/yamcs/yamcs-core/src/main/java/org/yamcs/yarch/rocksdb/YRDB.java:[200,22] error: cannot find symbol
[ERROR] -> [Help 1]
[ERROR] 
[ERROR] To see the full stack trace of the errors, re-run Maven with the -e switch.
[ERROR] Re-run Maven using the -X switch to enable full debug logging.
[ERROR] 
[ERROR] For more information about the errors and possible solutions, please read the following articles:
[ERROR] [Help 1] http://cwiki.apache.org/confluence/display/MAVEN/MojoFailureException
[ERROR] 
[ERROR] After correcting the problems, you can resume the build with the command
[ERROR]   mvn <goals> -rf :yamcs-core

[31;1mThe command "eval mvn install -DskipTests=true -Dmaven.javadoc.skip=true -B -V" failed. Retrying, 3 of 3.[0m

Java HotSpot(TM) 64-Bit Server VM warning: ignoring option MaxPermSize=192m; support was removed in 8.0
Apache Maven 3.2.5 (12a6b3acb947671f09b81f49094c53f426d8cea1; 2014-12-14T17:29:23+00:00)
Maven home: /usr/local/maven
Java version: 1.8.0_31, vendor: Oracle Corporation
Java home: /usr/lib/jvm/java-8-oracle/jre
Default locale: en_US, platform encoding: UTF-8
OS name: "linux", version: "3.13.0-40-generic", arch: "amd64", family: "unix"
[INFO] Scanning for projects...
[INFO] ------------------------------------------------------------------------
[INFO] Reactor Build Order:
[INFO] 
[INFO] Yamcs
[INFO] Yamcs API
[INFO] Yamcs XTCE
[INFO] Yamcs Core
[INFO] Yamcs Simulation
[INFO]                                                                         
[INFO] ------------------------------------------------------------------------
[INFO] Building Yamcs 0.30.0
[INFO] ------------------------------------------------------------------------
[INFO] 
[INFO] --- maven-source-plugin:2.2.1:jar-no-fork (attach-sources) @ yamcs ---
[INFO] 
[INFO] --- maven-install-plugin:2.4:install (default-install) @ yamcs ---
[INFO] Installing /home/travis/build/yamcs/yamcs/pom.xml to /home/travis/.m2/repository/org/yamcs/yamcs/0.30.0/yamcs-0.30.0.pom
[INFO]                                                                         
[INFO] ------------------------------------------------------------------------
[INFO] Building Yamcs API 0.30.0
[INFO] ------------------------------------------------------------------------
[INFO] 
[INFO] --- maven-resources-plugin:2.6:resources (default-resources) @ yamcs-api ---
[INFO] Using 'UTF-8' encoding to copy filtered resources.
[INFO] Copying 1 resource
[INFO] 
[INFO] --- maven-compiler-plugin:2.3.2:compile (default-compile) @ yamcs-api ---
[INFO] Nothing to compile - all classes are up to date
[INFO] 
[INFO] --- maven-resources-plugin:2.6:testResources (default-testResources) @ yamcs-api ---
[INFO] Using 'UTF-8' encoding to copy filtered resources.
[INFO] skip non existing resourceDirectory /home/travis/build/yamcs/yamcs/yamcs-api/src/test/resources
[INFO] 
[INFO] --- maven-compiler-plugin:2.3.2:testCompile (default-testCompile) @ yamcs-api ---
[INFO] Nothing to compile - all classes are up to date
[INFO] 
[INFO] --- maven-surefire-plugin:2.19.1:test (default-test) @ yamcs-api ---
[INFO] Tests are skipped.
[INFO] 
[INFO] --- maven-jar-plugin:2.4:jar (default-jar) @ yamcs-api ---
[INFO] 
[INFO] --- maven-source-plugin:2.2.1:jar-no-fork (attach-sources) @ yamcs-api ---
[INFO] 
[INFO] --- maven-install-plugin:2.4:install (default-install) @ yamcs-api ---
[INFO] Installing /home/travis/build/yamcs/yamcs/yamcs-api/target/yamcs-api-0.30.0.jar to /home/travis/.m2/repository/org/yamcs/yamcs-api/0.30.0/yamcs-api-0.30.0.jar
[INFO] Installing /home/travis/build/yamcs/yamcs/yamcs-api/pom.xml to /home/travis/.m2/repository/org/yamcs/yamcs-api/0.30.0/yamcs-api-0.30.0.pom
[INFO] Installing /home/travis/build/yamcs/yamcs/yamcs-api/target/yamcs-api-0.30.0-sources.jar to /home/travis/.m2/repository/org/yamcs/yamcs-api/0.30.0/yamcs-api-0.30.0-sources.jar
[INFO]                                                                         
[INFO] ------------------------------------------------------------------------
[INFO] Building Yamcs XTCE 0.30.0
[INFO] ------------------------------------------------------------------------
[INFO] 
[INFO] --- maven-resources-plugin:2.6:resources (default-resources) @ yamcs-xtce ---
[INFO] Using 'UTF-8' encoding to copy filtered resources.
[INFO] Copying 1 resource
[INFO] 
[INFO] --- maven-compiler-plugin:2.3.2:compile (default-compile) @ yamcs-xtce ---
[INFO] Nothing to compile - all classes are up to date
[INFO] 
[INFO] --- maven-resources-plugin:2.6:testResources (default-testResources) @ yamcs-xtce ---
[INFO] Using 'UTF-8' encoding to copy filtered resources.
[INFO] skip non existing resourceDirectory /home/travis/build/yamcs/yamcs/yamcs-xtce/src/test/resources
[INFO] 
[INFO] --- maven-compiler-plugin:2.3.2:testCompile (default-testCompile) @ yamcs-xtce ---
[INFO] Nothing to compile - all classes are up to date
[INFO] 
[INFO] --- maven-surefire-plugin:2.19.1:test (default-test) @ yamcs-xtce ---
[INFO] Tests are skipped.
[INFO] 
[INFO] --- maven-jar-plugin:2.4:jar (default-jar) @ yamcs-xtce ---
[INFO] Building jar: /home/travis/build/yamcs/yamcs/yamcs-xtce/target/yamcs-xtce-0.30.0.jar
[INFO] 
[INFO] --- maven-source-plugin:2.2.1:jar-no-fork (attach-sources) @ yamcs-xtce ---
[INFO] 
[INFO] --- maven-install-plugin:2.4:install (default-install) @ yamcs-xtce ---
[INFO] Installing /home/travis/build/yamcs/yamcs/yamcs-xtce/target/yamcs-xtce-0.30.0.jar to /home/travis/.m2/repository/org/yamcs/yamcs-xtce/0.30.0/yamcs-xtce-0.30.0.jar
[INFO] Installing /home/travis/build/yamcs/yamcs/yamcs-xtce/pom.xml to /home/travis/.m2/repository/org/yamcs/yamcs-xtce/0.30.0/yamcs-xtce-0.30.0.pom
[INFO] Installing /home/travis/build/yamcs/yamcs/yamcs-xtce/target/yamcs-xtce-0.30.0-sources.jar to /home/travis/.m2/repository/org/yamcs/yamcs-xtce/0.30.0/yamcs-xtce-0.30.0-sources.jar
[INFO]                                                                         
[INFO] ------------------------------------------------------------------------
[INFO] Building Yamcs Core 0.30.0
[INFO] ------------------------------------------------------------------------
[INFO] 
[INFO] --- build-helper-maven-plugin:1.11:add-source (add-source) @ yamcs-core ---
[INFO] Source directory: /home/travis/build/yamcs/yamcs/yamcs-core/target/generated-sources/version added.
[INFO] 
[INFO] --- maven-antrun-plugin:1.3:run (generate-version) @ yamcs-core ---
[INFO] Executing tasks
[INFO] Executed tasks
[INFO] 
[INFO] --- maven-resources-plugin:2.6:resources (default-resources) @ yamcs-core ---
[INFO] Using 'UTF-8' encoding to copy filtered resources.
[INFO] Copying 31 resources
[INFO] 
[INFO] --- maven-compiler-plugin:2.3.2:compile (default-compile) @ yamcs-core ---
[INFO] Compiling 577 source files to /home/travis/build/yamcs/yamcs/yamcs-core/target/classes
[INFO] -------------------------------------------------------------
[ERROR] COMPILATION ERROR : 
[INFO] -------------------------------------------------------------
[ERROR] /home/travis/build/yamcs/yamcs/yamcs-core/src/main/java/org/yamcs/yarch/rocksdb/YRDB.java:[22,22] error: cannot find symbol
[ERROR]  package org.yamcs.utils
/home/travis/build/yamcs/yamcs/yamcs-core/src/main/java/org/yamcs/yarch/rocksdb/YRDB.java:[31,8] error: cannot find symbol
[ERROR]  class YRDB
/home/travis/build/yamcs/yamcs/yamcs-core/src/main/java/org/yamcs/yarch/rocksdb/YRDB.java:[31,73] error: cannot find symbol
[ERROR]  class YRDB
/home/travis/build/yamcs/yamcs/yamcs-core/src/main/java/org/yamcs/yarch/rocksdb/YRDB.java:[77,47] error: cannot find symbol
[ERROR]  class YRDB
/home/travis/build/yamcs/yamcs/yamcs-core/src/main/java/org/yamcs/yarch/rocksdb/YRDB.java:[121,56] error: cannot find symbol
[ERROR]  class YRDB
/home/travis/build/yamcs/yamcs/yamcs-core/src/main/java/org/yamcs/yarch/rocksdb/YRDB.java:[140,31] error: cannot find symbol
[ERROR]  class YRDB
/home/travis/build/yamcs/yamcs/yamcs-core/src/main/java/org/yamcs/yarch/rocksdb/YRDB.java:[150,12] error: cannot find symbol
[ERROR]  class YRDB
/home/travis/build/yamcs/yamcs/yamcs-core/src/main/java/org/yamcs/yarch/rocksdb/YRDB.java:[176,22] error: cannot find symbol
[ERROR]  class YRDB
/home/travis/build/yamcs/yamcs/yamcs-core/src/main/java/org/yamcs/yarch/rocksdb/YRDB.java:[200,22] error: cannot find symbol
[INFO] 9 errors 
[INFO] -------------------------------------------------------------
[INFO] ------------------------------------------------------------------------
[INFO] Reactor Summary:
[INFO] 
[INFO] Yamcs .............................................. SUCCESS [  1.394 s]
[INFO] Yamcs API .......................................... SUCCESS [  2.975 s]
[INFO] Yamcs XTCE ......................................... SUCCESS [  0.282 s]
[INFO] Yamcs Core ......................................... FAILURE [ 23.780 s]
[INFO] Yamcs Simulation ................................... SKIPPED
[INFO] ------------------------------------------------------------------------
[INFO] BUILD FAILURE
[INFO] ------------------------------------------------------------------------
[INFO] Total time: 28.652 s
[INFO] Finished at: 2016-10-18T16:20:32+00:00
[INFO] Final Memory: 23M/323M
[INFO] ------------------------------------------------------------------------
[ERROR] Failed to execute goal org.apache.maven.plugins:maven-compiler-plugin:2.3.2:compile (default-compile) on project yamcs-core: Compilation failure: Compilation failure:
[ERROR] /home/travis/build/yamcs/yamcs/yamcs-core/src/main/java/org/yamcs/yarch/rocksdb/YRDB.java:[22,22] error: cannot find symbol
[ERROR] package org.yamcs.utils
[ERROR] /home/travis/build/yamcs/yamcs/yamcs-core/src/main/java/org/yamcs/yarch/rocksdb/YRDB.java:[31,8] error: cannot find symbol
[ERROR] class YRDB
[ERROR] /home/travis/build/yamcs/yamcs/yamcs-core/src/main/java/org/yamcs/yarch/rocksdb/YRDB.java:[31,73] error: cannot find symbol
[ERROR] class YRDB
[ERROR] /home/travis/build/yamcs/yamcs/yamcs-core/src/main/java/org/yamcs/yarch/rocksdb/YRDB.java:[77,47] error: cannot find symbol
[ERROR] class YRDB
[ERROR] /home/travis/build/yamcs/yamcs/yamcs-core/src/main/java/org/yamcs/yarch/rocksdb/YRDB.java:[121,56] error: cannot find symbol
[ERROR] class YRDB
[ERROR] /home/travis/build/yamcs/yamcs/yamcs-core/src/main/java/org/yamcs/yarch/rocksdb/YRDB.java:[140,31] error: cannot find symbol
[ERROR] class YRDB
[ERROR] /home/travis/build/yamcs/yamcs/yamcs-core/src/main/java/org/yamcs/yarch/rocksdb/YRDB.java:[150,12] error: cannot find symbol
[ERROR] class YRDB
[ERROR] /home/travis/build/yamcs/yamcs/yamcs-core/src/main/java/org/yamcs/yarch/rocksdb/YRDB.java:[176,22] error: cannot find symbol
[ERROR] class YRDB
[ERROR] /home/travis/build/yamcs/yamcs/yamcs-core/src/main/java/org/yamcs/yarch/rocksdb/YRDB.java:[200,22] error: cannot find symbol
[ERROR] -> [Help 1]
[ERROR] 
[ERROR] To see the full stack trace of the errors, re-run Maven with the -e switch.
[ERROR] Re-run Maven using the -X switch to enable full debug logging.
[ERROR] 
[ERROR] For more information about the errors and possible solutions, please read the following articles:
[ERROR] [Help 1] http://cwiki.apache.org/confluence/display/MAVEN/MojoFailureException
[ERROR] 
[ERROR] After correcting the problems, you can resume the build with the command
[ERROR]   mvn <goals> -rf :yamcs-core

[31;1mThe command "eval mvn install -DskipTests=true -Dmaven.javadoc.skip=true -B -V" failed 3 times.[0m


travis_time:end:0181fa08:start=1476807491683345661,finish=1476807638711407662,duration=147028062001[0K
[31;1mThe command "mvn install -DskipTests=true -Dmaven.javadoc.skip=true -B -V" failed and exited with 1 during .[0m

Your build has been stopped.
