Using worker: worker-linux-docker-32bcd21d.prod.travis-ci.org:travis-linux-3

travis_fold:start:system_info[0K[33;1mBuild system information[0m
Build language: java
[34m[1mBuild image provisioning date and time[0m
Fri Dec 12 23:29:11 UTC 2014
[34m[1mlsb_release -a[0m
Distributor ID:	Ubuntu
Description:	Ubuntu 12.04.5 LTS
Release:	12.04
Codename:	precise
[34m[1mCookbooks Version[0m
540230e https://github.com/travis-ci/travis-cookbooks/tree/540230e
[34m[1mGCC version[0m
gcc (Ubuntu/Linaro 4.6.3-1ubuntu5) 4.6.3
Copyright (C) 2011 Free Software Foundation, Inc.
This is free software; see the source for copying conditions.  There is NO
warranty; not even for MERCHANTABILITY or FITNESS FOR A PARTICULAR PURPOSE.

[34m[1mLLVM version[0m
clang version 3.4 (tags/RELEASE_34/final)
Target: x86_64-unknown-linux-gnu
Thread model: posix
[34m[1mPre-installed Ruby versions[0m
ruby-1.9.3-p551
[34m[1mPre-installed Node.js versions[0m
v0.10.33
[34m[1mPre-installed Go versions[0m
go1.4
[34m[1mRedis version[0m
redis-server 2.8.18
[34m[1mriak version[0m
1.4.12
[34m[1mMongoDB version[0m
MongoDB 2.4.12
[34m[1mCouchDB version[0m
couchdb 1.6.1
[34m[1mNeo4j version[0m
1.9.4
[34m[1mCassandra version[0m
2.0.9
[34m[1mRabbitMQ Version[0m
3.4.2
[34m[1mElasticSearch version[0m
1.4.0
[34m[1mInstalled Sphinx versions[0m
2.0.10
2.1.9
2.2.4
[34m[1mDefault Sphinx version[0m
2.1.9
[34m[1mInstalled Firefox version[0m
firefox 31.0esr
[34m[1mPhantomJS version[0m
1.9.8
[34m[1mant -version[0m
Apache Ant(TM) version 1.8.2 compiled on December 3 2011
[34m[1mmvn -version[0m
Apache Maven 3.2.3 (33f8c3e1027c3ddde99d3cdebad2656a31e8fdf4; 2014-08-11T20:58:10+00:00)
Maven home: /usr/local/maven
Java version: 1.7.0_72, vendor: Oracle Corporation
Java home: /usr/lib/jvm/java-7-oracle/jre
Default locale: en_US, platform encoding: ANSI_X3.4-1968
OS name: "linux", version: "3.13.0-29-generic", arch: "amd64", family: "unix"
[34m[1mgradle -version[0m

------------------------------------------------------------
Gradle 2.2.1
------------------------------------------------------------

Build time:   2014-11-24 09:45:35 UTC
Build number: none
Revision:     6fcb59c06f43a4e6b1bcb401f7686a8601a1fb4a

Groovy:       2.3.6
Ant:          Apache Ant(TM) version 1.9.3 compiled on December 23 2013
JVM:          1.7.0_72 (Oracle Corporation 24.72-b04)
OS:           Linux 3.13.0-29-generic amd64

[34m[1mlein1 version[0m
Using JLine for console I/O; install rlwrap for optimum experience.
Leiningen 1.7.1 on Java 1.7.0_72 Java HotSpot(TM) 64-Bit Server VM
[34m[1mlein2 version[0m
Leiningen 2.5.0 on Java 1.7.0_72 Java HotSpot(TM) 64-Bit Server VM
[34m[1mlein version[0m
Leiningen 2.5.0 on Java 1.7.0_72 Java HotSpot(TM) 64-Bit Server VM
travis_fold:end:system_info[0K
travis_fold:start:git.checkout[0Ktravis_time:start:2d2e5417[0K$ git clone --depth=50 git://github.com/square/wire.git square/wire
Cloning into 'square/wire'...
remote: Counting objects: 1237, done.[K
remote: Compressing objects:   0% (1/607)   [Kremote: Compressing objects:   1% (7/607)   [Kremote: Compressing objects:   2% (13/607)   [Kremote: Compressing objects:   3% (19/607)   [Kremote: Compressing objects:   4% (25/607)   [Kremote: Compressing objects:   5% (31/607)   [Kremote: Compressing objects:   6% (37/607)   [Kremote: Compressing objects:   7% (43/607)   [Kremote: Compressing objects:   8% (49/607)   [Kremote: Compressing objects:   9% (55/607)   [Kremote: Compressing objects:  10% (61/607)   [Kremote: Compressing objects:  11% (67/607)   [Kremote: Compressing objects:  12% (73/607)   [Kremote: Compressing objects:  13% (79/607)   [Kremote: Compressing objects:  14% (85/607)   [Kremote: Compressing objects:  15% (92/607)   [Kremote: Compressing objects:  16% (98/607)   [Kremote: Compressing objects:  17% (104/607)   [Kremote: Compressing objects:  18% (110/607)   [Kremote: Compressing objects:  19% (116/607)   [Kremote: Compressing objects:  20% (122/607)   [Kremote: Compressing objects:  21% (128/607)   [Kremote: Compressing objects:  22% (134/607)   [Kremote: Compressing objects:  23% (140/607)   [Kremote: Compressing objects:  24% (146/607)   [Kremote: Compressing objects:  25% (152/607)   [Kremote: Compressing objects:  26% (158/607)   [Kremote: Compressing objects:  27% (164/607)   [Kremote: Compressing objects:  28% (170/607)   [Kremote: Compressing objects:  29% (177/607)   [Kremote: Compressing objects:  30% (183/607)   [Kremote: Compressing objects:  31% (189/607)   [Kremote: Compressing objects:  32% (195/607)   [Kremote: Compressing objects:  33% (201/607)   [Kremote: Compressing objects:  34% (207/607)   [Kremote: Compressing objects:  35% (213/607)   [Kremote: Compressing objects:  36% (219/607)   [Kremote: Compressing objects:  37% (225/607)   [Kremote: Compressing objects:  38% (231/607)   [Kremote: Compressing objects:  39% (237/607)   [Kremote: Compressing objects:  40% (243/607)   [Kremote: Compressing objects:  41% (249/607)   [Kremote: Compressing objects:  42% (255/607)   [Kremote: Compressing objects:  43% (262/607)   [Kremote: Compressing objects:  44% (268/607)   [Kremote: Compressing objects:  45% (274/607)   [Kremote: Compressing objects:  46% (280/607)   [Kremote: Compressing objects:  47% (286/607)   [Kremote: Compressing objects:  48% (292/607)   [Kremote: Compressing objects:  49% (298/607)   [Kremote: Compressing objects:  50% (304/607)   [Kremote: Compressing objects:  51% (310/607)   [Kremote: Compressing objects:  52% (316/607)   [Kremote: Compressing objects:  53% (322/607)   [Kremote: Compressing objects:  54% (328/607)   [Kremote: Compressing objects:  55% (334/607)   [Kremote: Compressing objects:  56% (340/607)   [Kremote: Compressing objects:  57% (346/607)   [Kremote: Compressing objects:  58% (353/607)   [Kremote: Compressing objects:  59% (359/607)   [Kremote: Compressing objects:  60% (365/607)   [Kremote: Compressing objects:  61% (371/607)   [Kremote: Compressing objects:  62% (377/607)   [Kremote: Compressing objects:  63% (383/607)   [Kremote: Compressing objects:  64% (389/607)   [Kremote: Compressing objects:  65% (395/607)   [Kremote: Compressing objects:  66% (401/607)   [Kremote: Compressing objects:  67% (407/607)   [Kremote: Compressing objects:  68% (413/607)   [Kremote: Compressing objects:  69% (419/607)   [Kremote: Compressing objects:  70% (425/607)   [Kremote: Compressing objects:  71% (431/607)   [Kremote: Compressing objects:  72% (438/607)   [Kremote: Compressing objects:  73% (444/607)   [Kremote: Compressing objects:  74% (450/607)   [Kremote: Compressing objects:  75% (456/607)   [Kremote: Compressing objects:  76% (462/607)   [Kremote: Compressing objects:  77% (468/607)   [Kremote: Compressing objects:  78% (474/607)   [Kremote: Compressing objects:  79% (480/607)   [Kremote: Compressing objects:  80% (486/607)   [Kremote: Compressing objects:  81% (492/607)   [Kremote: Compressing objects:  82% (498/607)   [Kremote: Compressing objects:  83% (504/607)   [Kremote: Compressing objects:  84% (510/607)   [Kremote: Compressing objects:  85% (516/607)   [Kremote: Compressing objects:  86% (523/607)   [Kremote: Compressing objects:  87% (529/607)   [Kremote: Compressing objects:  88% (535/607)   [Kremote: Compressing objects:  89% (541/607)   [Kremote: Compressing objects:  90% (547/607)   [Kremote: Compressing objects:  91% (553/607)   [Kremote: Compressing objects:  92% (559/607)   [Kremote: Compressing objects:  93% (565/607)   [Kremote: Compressing objects:  94% (571/607)   [Kremote: Compressing objects:  95% (577/607)   [Kremote: Compressing objects:  96% (583/607)   [Kremote: Compressing objects:  97% (589/607)   [Kremote: Compressing objects:  98% (595/607)   [Kremote: Compressing objects:  99% (601/607)   [Kremote: Compressing objects: 100% (607/607)   [Kremote: Compressing objects: 100% (607/607), done.[K
Receiving objects:   0% (1/1237)   Receiving objects:   1% (13/1237)   Receiving objects:   2% (25/1237)   Receiving objects:   3% (38/1237)   Receiving objects:   4% (50/1237)   Receiving objects:   5% (62/1237)   Receiving objects:   6% (75/1237)   Receiving objects:   7% (87/1237)   Receiving objects:   8% (99/1237)   Receiving objects:   9% (112/1237)   Receiving objects:  10% (124/1237)   Receiving objects:  11% (137/1237)   Receiving objects:  12% (149/1237)   Receiving objects:  13% (161/1237)   Receiving objects:  14% (174/1237)   Receiving objects:  15% (186/1237)   Receiving objects:  16% (198/1237)   Receiving objects:  17% (211/1237)   Receiving objects:  18% (223/1237)   Receiving objects:  19% (236/1237)   Receiving objects:  20% (248/1237)   Receiving objects:  21% (260/1237)   Receiving objects:  22% (273/1237)   Receiving objects:  23% (285/1237)   Receiving objects:  24% (297/1237)   Receiving objects:  25% (310/1237)   Receiving objects:  26% (322/1237)   Receiving objects:  27% (334/1237)   Receiving objects:  28% (347/1237)   Receiving objects:  29% (359/1237)   Receiving objects:  30% (372/1237)   Receiving objects:  31% (384/1237)   Receiving objects:  32% (396/1237)   Receiving objects:  33% (409/1237)   Receiving objects:  34% (421/1237)   Receiving objects:  35% (433/1237)   Receiving objects:  36% (446/1237)   Receiving objects:  37% (458/1237)   Receiving objects:  38% (471/1237)   Receiving objects:  39% (483/1237)   Receiving objects:  40% (495/1237)   Receiving objects:  41% (508/1237)   Receiving objects:  42% (520/1237)   Receiving objects:  43% (532/1237)   Receiving objects:  44% (545/1237)   Receiving objects:  45% (557/1237)   Receiving objects:  46% (570/1237)   Receiving objects:  47% (582/1237)   Receiving objects:  48% (594/1237)   Receiving objects:  49% (607/1237)   Receiving objects:  50% (619/1237)   Receiving objects:  51% (631/1237)   Receiving objects:  52% (644/1237)   Receiving objects:  53% (656/1237)   Receiving objects:  54% (668/1237)   Receiving objects:  55% (681/1237)   Receiving objects:  56% (693/1237)   Receiving objects:  57% (706/1237)   Receiving objects:  58% (718/1237)   Receiving objects:  59% (730/1237)   Receiving objects:  60% (743/1237)   remote: Total 1237 (delta 476), reused 1072 (delta 352)[K
Receiving objects:  61% (755/1237)   Receiving objects:  62% (767/1237)   Receiving objects:  63% (780/1237)   Receiving objects:  64% (792/1237)   Receiving objects:  65% (805/1237)   Receiving objects:  66% (817/1237)   Receiving objects:  67% (829/1237)   Receiving objects:  68% (842/1237)   Receiving objects:  69% (854/1237)   Receiving objects:  70% (866/1237)   Receiving objects:  71% (879/1237)   Receiving objects:  72% (891/1237)   Receiving objects:  73% (904/1237)   Receiving objects:  74% (916/1237)   Receiving objects:  75% (928/1237)   Receiving objects:  76% (941/1237)   Receiving objects:  77% (953/1237)   Receiving objects:  78% (965/1237)   Receiving objects:  79% (978/1237)   Receiving objects:  80% (990/1237)   Receiving objects:  81% (1002/1237)   Receiving objects:  82% (1015/1237)   Receiving objects:  83% (1027/1237)   Receiving objects:  84% (1040/1237)   Receiving objects:  85% (1052/1237)   Receiving objects:  86% (1064/1237)   Receiving objects:  87% (1077/1237)   Receiving objects:  88% (1089/1237)   Receiving objects:  89% (1101/1237)   Receiving objects:  90% (1114/1237)   Receiving objects:  91% (1126/1237)   Receiving objects:  92% (1139/1237)   Receiving objects:  93% (1151/1237)   Receiving objects:  94% (1163/1237)   Receiving objects:  95% (1176/1237)   Receiving objects:  96% (1188/1237)   Receiving objects:  97% (1200/1237)   Receiving objects:  98% (1213/1237)   Receiving objects:  99% (1225/1237)   Receiving objects: 100% (1237/1237)   Receiving objects: 100% (1237/1237), 284.36 KiB | 0 bytes/s, done.
Resolving deltas:   0% (0/476)   Resolving deltas:   1% (5/476)   Resolving deltas:   2% (10/476)   Resolving deltas:   3% (17/476)   Resolving deltas:   5% (24/476)   Resolving deltas:  10% (48/476)   Resolving deltas:  20% (97/476)   Resolving deltas:  21% (102/476)   Resolving deltas:  22% (109/476)   Resolving deltas:  23% (111/476)   Resolving deltas:  25% (120/476)   Resolving deltas:  27% (130/476)   Resolving deltas:  29% (140/476)   Resolving deltas:  30% (143/476)   Resolving deltas:  31% (149/476)   Resolving deltas:  32% (153/476)   Resolving deltas:  33% (161/476)   Resolving deltas:  36% (172/476)   Resolving deltas:  37% (177/476)   Resolving deltas:  38% (181/476)   Resolving deltas:  39% (187/476)   Resolving deltas:  40% (191/476)   Resolving deltas:  41% (196/476)   Resolving deltas:  42% (201/476)   Resolving deltas:  53% (257/476)   Resolving deltas:  54% (259/476)   Resolving deltas:  55% (262/476)   Resolving deltas:  56% (268/476)   Resolving deltas:  62% (298/476)   Resolving deltas:  63% (303/476)   Resolving deltas:  64% (305/476)   Resolving deltas:  65% (311/476)   Resolving deltas:  66% (315/476)   Resolving deltas:  68% (324/476)   Resolving deltas:  69% (329/476)   Resolving deltas:  70% (337/476)   Resolving deltas:  71% (338/476)   Resolving deltas:  72% (343/476)   Resolving deltas:  73% (348/476)   Resolving deltas:  79% (377/476)   Resolving deltas:  80% (383/476)   Resolving deltas:  81% (386/476)   Resolving deltas:  83% (397/476)   Resolving deltas:  85% (408/476)   Resolving deltas:  86% (412/476)   Resolving deltas:  89% (426/476)   Resolving deltas:  94% (452/476)   Resolving deltas:  95% (454/476)   Resolving deltas:  96% (461/476)   Resolving deltas:  97% (462/476)   Resolving deltas:  98% (467/476)   Resolving deltas:  99% (472/476)   Resolving deltas: 100% (476/476)   Resolving deltas: 100% (476/476), done.
Checking connectivity... done.
travis_time:end:2d2e5417:start=1419371059577623040,finish=1419371059821011313,duration=243388273[0K$ cd square/wire
travis_time:start:263e2dd4[0K$ git fetch origin +refs/pull/180/merge:
remote: Counting objects: 28, done.[K
remote: Compressing objects:   5% (1/17)   [Kremote: Compressing objects:  11% (2/17)   [Kremote: Compressing objects:  17% (3/17)   [Kremote: Compressing objects:  23% (4/17)   [Kremote: Compressing objects:  29% (5/17)   [Kremote: Compressing objects:  35% (6/17)   [Kremote: Compressing objects:  41% (7/17)   [Kremote: Compressing objects:  47% (8/17)   [Kremote: Compressing objects:  52% (9/17)   [Kremote: Compressing objects:  58% (10/17)   [Kremote: Compressing objects:  64% (11/17)   [Kremote: Compressing objects:  70% (12/17)   [Kremote: Compressing objects:  76% (13/17)   [Kremote: Compressing objects:  82% (14/17)   [Kremote: Compressing objects:  88% (15/17)   [Kremote: Compressing objects:  94% (16/17)   [Kremote: Compressing objects: 100% (17/17)   [Kremote: Compressing objects: 100% (17/17), done.[K
remote: Total 28 (delta 9), reused 21 (delta 2)[K
Unpacking objects:   3% (1/28)   Unpacking objects:   7% (2/28)   Unpacking objects:  10% (3/28)   Unpacking objects:  14% (4/28)   Unpacking objects:  17% (5/28)   Unpacking objects:  21% (6/28)   Unpacking objects:  25% (7/28)   Unpacking objects:  28% (8/28)   Unpacking objects:  32% (9/28)   Unpacking objects:  35% (10/28)   Unpacking objects:  39% (11/28)   Unpacking objects:  42% (12/28)   Unpacking objects:  46% (13/28)   Unpacking objects:  50% (14/28)   Unpacking objects:  53% (15/28)   Unpacking objects:  57% (16/28)   Unpacking objects:  60% (17/28)   Unpacking objects:  64% (18/28)   Unpacking objects:  67% (19/28)   Unpacking objects:  71% (20/28)   Unpacking objects:  75% (21/28)   Unpacking objects:  78% (22/28)   Unpacking objects:  82% (23/28)   Unpacking objects:  85% (24/28)   Unpacking objects:  89% (25/28)   Unpacking objects:  92% (26/28)   Unpacking objects:  96% (27/28)   Unpacking objects: 100% (28/28)   Unpacking objects: 100% (28/28), done.
From git://github.com/square/wire
 * branch            refs/pull/180/merge -> FETCH_HEAD
travis_time:end:263e2dd4:start=1419371059824667047,finish=1419371059929372974,duration=104705927[0K$ git checkout -qf FETCH_HEAD
travis_fold:end:git.checkout[0K
[33;1mThis job is running on container-based infrastructure, which does not allow use of 'sudo', setuid and setguid executables.[0m
[33;1mSee http://docs.travis-ci.com/user/workers/container-based-infrastructure/ for details.[0m

[33;1mSetting environment variables from .travis.yml[0m
$ export CI_DEPLOY_USERNAME=[secure]
$ export CI_DEPLOY_PASSWORD=[secure]

travis_fold:start:cache.1[0KSetting up build cache
$ export CASHER_DIR=$HOME/.casher
travis_time:start:04bdc9f4[0K$ Installing caching utilities
travis_time:end:04bdc9f4:start=1419371064416580509,finish=1419371064508297057,duration=91716548[0Ktravis_time:start:18512b30[0Kattempting to download cache archive
found cache
travis_time:end:18512b30:start=1419371064512728645,finish=1419371065213156562,duration=700427917[0Ktravis_time:start:1c08b8bc[0Kadding /home/travis/.m2 to cache
travis_time:end:1c08b8bc:start=1419371065216934936,finish=1419371067474230580,duration=2257295644[0Ktravis_fold:end:cache.1[0K$ jdk_switcher use oraclejdk7
Switching to Oracle JDK7 (java-7-oracle), JAVA_HOME will be set to /usr/lib/jvm/java-7-oracle
$ java -version
java version "1.7.0_72"
Java(TM) SE Runtime Environment (build 1.7.0_72-b14)
Java HotSpot(TM) 64-Bit Server VM (build 24.72-b04, mixed mode)
$ javac -version
javac 1.7.0_72
travis_fold:start:install[0Ktravis_time:start:290670ab[0K$ mvn install -DskipTests=true -Dmaven.javadoc.skip=true -B -V
Apache Maven 3.2.3 (33f8c3e1027c3ddde99d3cdebad2656a31e8fdf4; 2014-08-11T20:58:10+00:00)
Maven home: /usr/local/maven
Java version: 1.7.0_72, vendor: Oracle Corporation
Java home: /usr/lib/jvm/java-7-oracle/jre
Default locale: en_US, platform encoding: UTF-8
OS name: "linux", version: "3.13.0-40-generic", arch: "amd64", family: "unix"
[INFO] Scanning for projects...
[INFO] ------------------------------------------------------------------------
[INFO] Reactor Build Order:
[INFO] 
[INFO] Wire Protocol Buffers
[INFO] Wire Protocol Buffer Runtime
[INFO] Wire Protocol Buffer Compiler
[INFO] Wire Protocol Buffer Gson Support
[INFO] Wire Protocol Buffer Maven Plugin
[INFO]                                                                         
[INFO] ------------------------------------------------------------------------
[INFO] Building Wire Protocol Buffers 1.6.1-SNAPSHOT
[INFO] ------------------------------------------------------------------------
[INFO] 
[INFO] --- maven-enforcer-plugin:1.0:enforce (enforce-maven) @ wire ---
[INFO] 
[INFO] --- maven-checkstyle-plugin:2.10:checkstyle (default) @ wire ---
[INFO] 
[INFO] --- maven-install-plugin:2.4:install (default-install) @ wire ---
[INFO] Installing /home/travis/build/square/wire/pom.xml to /home/travis/.m2/repository/com/squareup/wire/wire/1.6.1-SNAPSHOT/wire-1.6.1-SNAPSHOT.pom
[INFO]                                                                         
[INFO] ------------------------------------------------------------------------
[INFO] Building Wire Protocol Buffer Runtime 1.6.1-SNAPSHOT
[INFO] ------------------------------------------------------------------------
[INFO] 
[INFO] --- maven-enforcer-plugin:1.0:enforce (enforce-maven) @ wire-runtime ---
[INFO] 
[INFO] --- maven-resources-plugin:2.6:resources (default-resources) @ wire-runtime ---
[INFO] Using 'UTF-8' encoding to copy filtered resources.
[INFO] skip non existing resourceDirectory /home/travis/build/square/wire/wire-runtime/src/main/resources
[INFO] 
[INFO] --- maven-compiler-plugin:3.1:compile (default-compile) @ wire-runtime ---
[INFO] Changes detected - recompiling the module!
[INFO] Compiling 19 source files to /home/travis/build/square/wire/wire-runtime/target/classes
[WARNING] /home/travis/build/square/wire/wire-runtime/src/main/java/com/squareup/wire/MessageAdapter.java: Some input files use unchecked or unsafe operations.
[WARNING] /home/travis/build/square/wire/wire-runtime/src/main/java/com/squareup/wire/MessageAdapter.java: Recompile with -Xlint:unchecked for details.
[INFO] 
[INFO] --- maven-resources-plugin:2.6:testResources (default-testResources) @ wire-runtime ---
[INFO] Using 'UTF-8' encoding to copy filtered resources.
[INFO] skip non existing resourceDirectory /home/travis/build/square/wire/wire-runtime/src/test/resources
[INFO] 
[INFO] --- maven-compiler-plugin:3.1:testCompile (default-testCompile) @ wire-runtime ---
[INFO] Changes detected - recompiling the module!
[INFO] Compiling 75 source files to /home/travis/build/square/wire/wire-runtime/target/test-classes
[WARNING] /home/travis/build/square/wire/wire-runtime/src/test/java/com/squareup/wire/WireTest.java: /home/travis/build/square/wire/wire-runtime/src/test/java/com/squareup/wire/WireTest.java uses or overrides a deprecated API.
[WARNING] /home/travis/build/square/wire/wire-runtime/src/test/java/com/squareup/wire/WireTest.java: Recompile with -Xlint:deprecation for details.
[INFO] 
[INFO] --- maven-surefire-plugin:2.12.4:test (default-test) @ wire-runtime ---
[INFO] Tests are skipped.
[INFO] 
[INFO] --- maven-jar-plugin:2.4:jar (default-jar) @ wire-runtime ---
[INFO] Building jar: /home/travis/build/square/wire/wire-runtime/target/wire-runtime-1.6.1-SNAPSHOT.jar
[INFO] 
[INFO] --- maven-checkstyle-plugin:2.10:checkstyle (default) @ wire-runtime ---
[INFO] Starting audit...
Audit done.

[WARNING] Unable to locate Source XRef to link to - DISABLED
[INFO] 
[INFO] --- maven-install-plugin:2.4:install (default-install) @ wire-runtime ---
[INFO] Installing /home/travis/build/square/wire/wire-runtime/target/wire-runtime-1.6.1-SNAPSHOT.jar to /home/travis/.m2/repository/com/squareup/wire/wire-runtime/1.6.1-SNAPSHOT/wire-runtime-1.6.1-SNAPSHOT.jar
[INFO] Installing /home/travis/build/square/wire/wire-runtime/pom.xml to /home/travis/.m2/repository/com/squareup/wire/wire-runtime/1.6.1-SNAPSHOT/wire-runtime-1.6.1-SNAPSHOT.pom
[INFO]                                                                         
[INFO] ------------------------------------------------------------------------
[INFO] Building Wire Protocol Buffer Compiler 1.6.1-SNAPSHOT
[INFO] ------------------------------------------------------------------------
[INFO] 
[INFO] --- maven-enforcer-plugin:1.0:enforce (enforce-maven) @ wire-compiler ---
[INFO] 
[INFO] --- maven-resources-plugin:2.6:resources (default-resources) @ wire-compiler ---
[INFO] Using 'UTF-8' encoding to copy filtered resources.
[INFO] skip non existing resourceDirectory /home/travis/build/square/wire/wire-compiler/src/main/resources
[INFO] 
[INFO] --- maven-compiler-plugin:3.1:compile (default-compile) @ wire-compiler ---
[INFO] Changes detected - recompiling the module!
[INFO] Compiling 17 source files to /home/travis/build/square/wire/wire-compiler/target/classes
[INFO] 
[INFO] --- maven-resources-plugin:2.6:testResources (default-testResources) @ wire-compiler ---
[INFO] Using 'UTF-8' encoding to copy filtered resources.
[INFO] skip non existing resourceDirectory /home/travis/build/square/wire/wire-compiler/src/test/resources
[INFO] 
[INFO] --- maven-compiler-plugin:3.1:testCompile (default-testCompile) @ wire-compiler ---
[INFO] Changes detected - recompiling the module!
[INFO] Compiling 5 source files to /home/travis/build/square/wire/wire-compiler/target/test-classes
[WARNING] /home/travis/build/square/wire/wire-compiler/src/test/java/com/squareup/wire/WireCompilerErrorTest.java: /home/travis/build/square/wire/wire-compiler/src/test/java/com/squareup/wire/WireCompilerErrorTest.java uses or overrides a deprecated API.
[WARNING] /home/travis/build/square/wire/wire-compiler/src/test/java/com/squareup/wire/WireCompilerErrorTest.java: Recompile with -Xlint:deprecation for details.
[INFO] 
[INFO] --- maven-surefire-plugin:2.12.4:test (default-test) @ wire-compiler ---
[INFO] Tests are skipped.
[INFO] 
[INFO] --- maven-jar-plugin:2.4:jar (default-jar) @ wire-compiler ---
[INFO] Building jar: /home/travis/build/square/wire/wire-compiler/target/wire-compiler-1.6.1-SNAPSHOT.jar
[INFO] 
[INFO] --- maven-assembly-plugin:2.2-beta-5:single (default) @ wire-compiler ---
[INFO] META-INF/ already added, skipping
[INFO] META-INF/MANIFEST.MF already added, skipping
[INFO] META-INF/maven/ already added, skipping
[INFO] META-INF/ already added, skipping
[INFO] META-INF/MANIFEST.MF already added, skipping
[INFO] com/ already added, skipping
[INFO] com/squareup/ already added, skipping
[INFO] META-INF/maven/ already added, skipping
[INFO] META-INF/ already added, skipping
[INFO] META-INF/MANIFEST.MF already added, skipping
[INFO] com/ already added, skipping
[INFO] com/squareup/ already added, skipping
[INFO] META-INF/maven/ already added, skipping
[INFO] META-INF/maven/com.squareup/ already added, skipping
[INFO] Building jar: /home/travis/build/square/wire/wire-compiler/target/wire-compiler-1.6.1-SNAPSHOT-jar-with-dependencies.jar
[INFO] META-INF/ already added, skipping
[INFO] META-INF/MANIFEST.MF already added, skipping
[INFO] META-INF/maven/ already added, skipping
[INFO] META-INF/ already added, skipping
[INFO] META-INF/MANIFEST.MF already added, skipping
[INFO] com/ already added, skipping
[INFO] com/squareup/ already added, skipping
[INFO] META-INF/maven/ already added, skipping
[INFO] META-INF/ already added, skipping
[INFO] META-INF/MANIFEST.MF already added, skipping
[INFO] com/ already added, skipping
[INFO] com/squareup/ already added, skipping
[INFO] META-INF/maven/ already added, skipping
[INFO] META-INF/maven/com.squareup/ already added, skipping
[INFO] 
[INFO] --- maven-checkstyle-plugin:2.10:checkstyle (default) @ wire-compiler ---
[INFO] Starting audit...
/home/travis/build/square/wire/wire-compiler/src/main/java/com/squareup/wire/MessageWriter.java:97: Line is longer than 100 characters (found 117).
/home/travis/build/square/wire/wire-compiler/src/main/java/com/squareup/wire/MessageWriter.java:241: Line is longer than 100 characters (found 111).
/home/travis/build/square/wire/wire-compiler/src/main/java/com/squareup/wire/MessageWriter.java:259:41: ',' is not followed by whitespace.
/home/travis/build/square/wire/wire-compiler/src/main/java/com/squareup/wire/MessageWriter.java:260:42: ',' is not followed by whitespace.
/home/travis/build/square/wire/wire-compiler/src/main/java/com/squareup/wire/MessageWriter.java:304: Line is longer than 100 characters (found 103).
/home/travis/build/square/wire/wire-compiler/src/main/java/com/squareup/wire/MessageWriter.java:332: Line is longer than 100 characters (found 116).
/home/travis/build/square/wire/wire-compiler/src/main/java/com/squareup/wire/MessageWriter.java:357: Line is longer than 100 characters (found 104).
/home/travis/build/square/wire/wire-compiler/src/main/java/com/squareup/wire/MessageWriter.java:453: Line is longer than 100 characters (found 108).
/home/travis/build/square/wire/wire-compiler/src/main/java/com/squareup/wire/MessageWriter.java:481: Line is longer than 100 characters (found 109).
/home/travis/build/square/wire/wire-compiler/src/main/java/com/squareup/wire/MessageWriter.java:645: Line is longer than 100 characters (found 103).
/home/travis/build/square/wire/wire-compiler/src/main/java/com/squareup/wire/MessageWriter.java:701: Line is longer than 100 characters (found 103).
/home/travis/build/square/wire/wire-compiler/src/main/java/com/squareup/wire/WireCompiler.java:261:3: More than 10 parameters (found 11).
/home/travis/build/square/wire/wire-compiler/src/main/java/com/squareup/wire/WireCompiler.java:451: Line is longer than 100 characters (found 104).
/home/travis/build/square/wire/wire-compiler/src/main/java/com/squareup/wire/WireCompiler.java:470: Line is longer than 100 characters (found 107).
/home/travis/build/square/wire/wire-compiler/src/main/java/com/squareup/wire/logger/WireLogger.java:6:3: Redundant 'public' modifier.
/home/travis/build/square/wire/wire-compiler/src/main/java/com/squareup/wire/logger/WireLogger.java:7:3: Redundant 'public' modifier.
/home/travis/build/square/wire/wire-compiler/src/main/java/com/squareup/wire/logger/WireLogger.java:8:3: Redundant 'public' modifier.
/home/travis/build/square/wire/wire-compiler/src/main/java/com/squareup/wire/logger/WireLogger.java:9:3: Redundant 'public' modifier.
/home/travis/build/square/wire/wire-compiler/src/main/java/com/squareup/wire/logger/WireLoggerFactory.java:6:1: Utility classes should not have a public or default constructor.
Audit done.

[INFO] ------------------------------------------------------------------------
[INFO] Reactor Summary:
[INFO] 
[INFO] Wire Protocol Buffers .............................. SUCCESS [  1.417 s]
[INFO] Wire Protocol Buffer Runtime ....................... SUCCESS [  6.199 s]
[INFO] Wire Protocol Buffer Compiler ...................... FAILURE [  2.811 s]
[INFO] Wire Protocol Buffer Gson Support .................. SKIPPED
[INFO] Wire Protocol Buffer Maven Plugin .................. SKIPPED
[INFO] ------------------------------------------------------------------------
[INFO] BUILD FAILURE
[INFO] ------------------------------------------------------------------------
[INFO] Total time: 10.640 s
[INFO] Finished at: 2014-12-23T21:44:40+00:00
[INFO] Final Memory: 29M/443M
[INFO] ------------------------------------------------------------------------
[ERROR] Failed to execute goal org.apache.maven.plugins:maven-checkstyle-plugin:2.10:checkstyle (default) on project wire-compiler: An error has occurred in Checkstyle report generation. Failed during checkstyle execution: There are 19 checkstyle errors. -> [Help 1]
[ERROR] 
[ERROR] To see the full stack trace of the errors, re-run Maven with the -e switch.
[ERROR] Re-run Maven using the -X switch to enable full debug logging.
[ERROR] 
[ERROR] For more information about the errors and possible solutions, please read the following articles:
[ERROR] [Help 1] http://cwiki.apache.org/confluence/display/MAVEN/MojoExecutionException
[ERROR] 
[ERROR] After correcting the problems, you can resume the build with the command
[ERROR]   mvn <goals> -rf :wire-compiler

[31;1mThe command "eval mvn install -DskipTests=true -Dmaven.javadoc.skip=true -B -V" failed. Retrying, 2 of 3.[0m

Apache Maven 3.2.3 (33f8c3e1027c3ddde99d3cdebad2656a31e8fdf4; 2014-08-11T20:58:10+00:00)
Maven home: /usr/local/maven
Java version: 1.7.0_72, vendor: Oracle Corporation
Java home: /usr/lib/jvm/java-7-oracle/jre
Default locale: en_US, platform encoding: UTF-8
OS name: "linux", version: "3.13.0-40-generic", arch: "amd64", family: "unix"
[INFO] Scanning for projects...
[INFO] ------------------------------------------------------------------------
[INFO] Reactor Build Order:
[INFO] 
[INFO] Wire Protocol Buffers
[INFO] Wire Protocol Buffer Runtime
[INFO] Wire Protocol Buffer Compiler
[INFO] Wire Protocol Buffer Gson Support
[INFO] Wire Protocol Buffer Maven Plugin
[INFO]                                                                         
[INFO] ------------------------------------------------------------------------
[INFO] Building Wire Protocol Buffers 1.6.1-SNAPSHOT
[INFO] ------------------------------------------------------------------------
[INFO] 
[INFO] --- maven-enforcer-plugin:1.0:enforce (enforce-maven) @ wire ---
[INFO] 
[INFO] --- maven-checkstyle-plugin:2.10:checkstyle (default) @ wire ---
[INFO] 
[INFO] --- maven-install-plugin:2.4:install (default-install) @ wire ---
[INFO] Installing /home/travis/build/square/wire/pom.xml to /home/travis/.m2/repository/com/squareup/wire/wire/1.6.1-SNAPSHOT/wire-1.6.1-SNAPSHOT.pom
[INFO]                                                                         
[INFO] ------------------------------------------------------------------------
[INFO] Building Wire Protocol Buffer Runtime 1.6.1-SNAPSHOT
[INFO] ------------------------------------------------------------------------
[INFO] 
[INFO] --- maven-enforcer-plugin:1.0:enforce (enforce-maven) @ wire-runtime ---
[INFO] 
[INFO] --- maven-resources-plugin:2.6:resources (default-resources) @ wire-runtime ---
[INFO] Using 'UTF-8' encoding to copy filtered resources.
[INFO] skip non existing resourceDirectory /home/travis/build/square/wire/wire-runtime/src/main/resources
[INFO] 
[INFO] --- maven-compiler-plugin:3.1:compile (default-compile) @ wire-runtime ---
[INFO] Changes detected - recompiling the module!
[INFO] Compiling 19 source files to /home/travis/build/square/wire/wire-runtime/target/classes
[WARNING] /home/travis/build/square/wire/wire-runtime/src/main/java/com/squareup/wire/MessageAdapter.java: Some input files use unchecked or unsafe operations.
[WARNING] /home/travis/build/square/wire/wire-runtime/src/main/java/com/squareup/wire/MessageAdapter.java: Recompile with -Xlint:unchecked for details.
[INFO] 
[INFO] --- maven-resources-plugin:2.6:testResources (default-testResources) @ wire-runtime ---
[INFO] Using 'UTF-8' encoding to copy filtered resources.
[INFO] skip non existing resourceDirectory /home/travis/build/square/wire/wire-runtime/src/test/resources
[INFO] 
[INFO] --- maven-compiler-plugin:3.1:testCompile (default-testCompile) @ wire-runtime ---
[INFO] Nothing to compile - all classes are up to date
[INFO] 
[INFO] --- maven-surefire-plugin:2.12.4:test (default-test) @ wire-runtime ---
[INFO] Tests are skipped.
[INFO] 
[INFO] --- maven-jar-plugin:2.4:jar (default-jar) @ wire-runtime ---
[INFO] Building jar: /home/travis/build/square/wire/wire-runtime/target/wire-runtime-1.6.1-SNAPSHOT.jar
[INFO] 
[INFO] --- maven-checkstyle-plugin:2.10:checkstyle (default) @ wire-runtime ---
[INFO] Starting audit...
Audit done.

[WARNING] Unable to locate Source XRef to link to - DISABLED
[INFO] 
[INFO] --- maven-install-plugin:2.4:install (default-install) @ wire-runtime ---
[INFO] Installing /home/travis/build/square/wire/wire-runtime/target/wire-runtime-1.6.1-SNAPSHOT.jar to /home/travis/.m2/repository/com/squareup/wire/wire-runtime/1.6.1-SNAPSHOT/wire-runtime-1.6.1-SNAPSHOT.jar
[INFO] Installing /home/travis/build/square/wire/wire-runtime/pom.xml to /home/travis/.m2/repository/com/squareup/wire/wire-runtime/1.6.1-SNAPSHOT/wire-runtime-1.6.1-SNAPSHOT.pom
[INFO]                                                                         
[INFO] ------------------------------------------------------------------------
[INFO] Building Wire Protocol Buffer Compiler 1.6.1-SNAPSHOT
[INFO] ------------------------------------------------------------------------
[INFO] 
[INFO] --- maven-enforcer-plugin:1.0:enforce (enforce-maven) @ wire-compiler ---
[INFO] 
[INFO] --- maven-resources-plugin:2.6:resources (default-resources) @ wire-compiler ---
[INFO] Using 'UTF-8' encoding to copy filtered resources.
[INFO] skip non existing resourceDirectory /home/travis/build/square/wire/wire-compiler/src/main/resources
[INFO] 
[INFO] --- maven-compiler-plugin:3.1:compile (default-compile) @ wire-compiler ---
[INFO] Nothing to compile - all classes are up to date
[INFO] 
[INFO] --- maven-resources-plugin:2.6:testResources (default-testResources) @ wire-compiler ---
[INFO] Using 'UTF-8' encoding to copy filtered resources.
[INFO] skip non existing resourceDirectory /home/travis/build/square/wire/wire-compiler/src/test/resources
[INFO] 
[INFO] --- maven-compiler-plugin:3.1:testCompile (default-testCompile) @ wire-compiler ---
[INFO] Nothing to compile - all classes are up to date
[INFO] 
[INFO] --- maven-surefire-plugin:2.12.4:test (default-test) @ wire-compiler ---
[INFO] Tests are skipped.
[INFO] 
[INFO] --- maven-jar-plugin:2.4:jar (default-jar) @ wire-compiler ---
[INFO] 
[INFO] --- maven-assembly-plugin:2.2-beta-5:single (default) @ wire-compiler ---
[INFO] META-INF/ already added, skipping
[INFO] META-INF/MANIFEST.MF already added, skipping
[INFO] META-INF/maven/ already added, skipping
[INFO] META-INF/ already added, skipping
[INFO] META-INF/MANIFEST.MF already added, skipping
[INFO] com/ already added, skipping
[INFO] com/squareup/ already added, skipping
[INFO] META-INF/maven/ already added, skipping
[INFO] META-INF/ already added, skipping
[INFO] META-INF/MANIFEST.MF already added, skipping
[INFO] com/ already added, skipping
[INFO] com/squareup/ already added, skipping
[INFO] META-INF/maven/ already added, skipping
[INFO] META-INF/maven/com.squareup/ already added, skipping
[INFO] Building jar: /home/travis/build/square/wire/wire-compiler/target/wire-compiler-1.6.1-SNAPSHOT-jar-with-dependencies.jar
[INFO] META-INF/ already added, skipping
[INFO] META-INF/MANIFEST.MF already added, skipping
[INFO] META-INF/maven/ already added, skipping
[INFO] META-INF/ already added, skipping
[INFO] META-INF/MANIFEST.MF already added, skipping
[INFO] com/ already added, skipping
[INFO] com/squareup/ already added, skipping
[INFO] META-INF/maven/ already added, skipping
[INFO] META-INF/ already added, skipping
[INFO] META-INF/MANIFEST.MF already added, skipping
[INFO] com/ already added, skipping
[INFO] com/squareup/ already added, skipping
[INFO] META-INF/maven/ already added, skipping
[INFO] META-INF/maven/com.squareup/ already added, skipping
[INFO] 
[INFO] --- maven-checkstyle-plugin:2.10:checkstyle (default) @ wire-compiler ---
[INFO] Starting audit...
/home/travis/build/square/wire/wire-compiler/src/main/java/com/squareup/wire/MessageWriter.java:97: Line is longer than 100 characters (found 117).
/home/travis/build/square/wire/wire-compiler/src/main/java/com/squareup/wire/MessageWriter.java:241: Line is longer than 100 characters (found 111).
/home/travis/build/square/wire/wire-compiler/src/main/java/com/squareup/wire/MessageWriter.java:259:41: ',' is not followed by whitespace.
/home/travis/build/square/wire/wire-compiler/src/main/java/com/squareup/wire/MessageWriter.java:260:42: ',' is not followed by whitespace.
/home/travis/build/square/wire/wire-compiler/src/main/java/com/squareup/wire/MessageWriter.java:304: Line is longer than 100 characters (found 103).
/home/travis/build/square/wire/wire-compiler/src/main/java/com/squareup/wire/MessageWriter.java:332: Line is longer than 100 characters (found 116).
/home/travis/build/square/wire/wire-compiler/src/main/java/com/squareup/wire/MessageWriter.java:357: Line is longer than 100 characters (found 104).
/home/travis/build/square/wire/wire-compiler/src/main/java/com/squareup/wire/MessageWriter.java:453: Line is longer than 100 characters (found 108).
/home/travis/build/square/wire/wire-compiler/src/main/java/com/squareup/wire/MessageWriter.java:481: Line is longer than 100 characters (found 109).
/home/travis/build/square/wire/wire-compiler/src/main/java/com/squareup/wire/MessageWriter.java:645: Line is longer than 100 characters (found 103).
/home/travis/build/square/wire/wire-compiler/src/main/java/com/squareup/wire/MessageWriter.java:701: Line is longer than 100 characters (found 103).
/home/travis/build/square/wire/wire-compiler/src/main/java/com/squareup/wire/WireCompiler.java:261:3: More than 10 parameters (found 11).
/home/travis/build/square/wire/wire-compiler/src/main/java/com/squareup/wire/WireCompiler.java:451: Line is longer than 100 characters (found 104).
/home/travis/build/square/wire/wire-compiler/src/main/java/com/squareup/wire/WireCompiler.java:470: Line is longer than 100 characters (found 107).
/home/travis/build/square/wire/wire-compiler/src/main/java/com/squareup/wire/logger/WireLogger.java:6:3: Redundant 'public' modifier.
/home/travis/build/square/wire/wire-compiler/src/main/java/com/squareup/wire/logger/WireLogger.java:7:3: Redundant 'public' modifier.
/home/travis/build/square/wire/wire-compiler/src/main/java/com/squareup/wire/logger/WireLogger.java:8:3: Redundant 'public' modifier.
/home/travis/build/square/wire/wire-compiler/src/main/java/com/squareup/wire/logger/WireLogger.java:9:3: Redundant 'public' modifier.
/home/travis/build/square/wire/wire-compiler/src/main/java/com/squareup/wire/logger/WireLoggerFactory.java:6:1: Utility classes should not have a public or default constructor.
Audit done.

[INFO] ------------------------------------------------------------------------
[INFO] Reactor Summary:
[INFO] 
[INFO] Wire Protocol Buffers .............................. SUCCESS [  1.706 s]
[INFO] Wire Protocol Buffer Runtime ....................... SUCCESS [  4.342 s]
[INFO] Wire Protocol Buffer Compiler ...................... FAILURE [  2.786 s]
[INFO] Wire Protocol Buffer Gson Support .................. SKIPPED
[INFO] Wire Protocol Buffer Maven Plugin .................. SKIPPED
[INFO] ------------------------------------------------------------------------
[INFO] BUILD FAILURE
[INFO] ------------------------------------------------------------------------
[INFO] Total time: 9.017 s
[INFO] Finished at: 2014-12-23T21:44:52+00:00
[INFO] Final Memory: 23M/465M
[INFO] ------------------------------------------------------------------------
[ERROR] Failed to execute goal org.apache.maven.plugins:maven-checkstyle-plugin:2.10:checkstyle (default) on project wire-compiler: An error has occurred in Checkstyle report generation. Failed during checkstyle execution: There are 19 checkstyle errors. -> [Help 1]
[ERROR] 
[ERROR] To see the full stack trace of the errors, re-run Maven with the -e switch.
[ERROR] Re-run Maven using the -X switch to enable full debug logging.
[ERROR] 
[ERROR] For more information about the errors and possible solutions, please read the following articles:
[ERROR] [Help 1] http://cwiki.apache.org/confluence/display/MAVEN/MojoExecutionException
[ERROR] 
[ERROR] After correcting the problems, you can resume the build with the command
[ERROR]   mvn <goals> -rf :wire-compiler

[31;1mThe command "eval mvn install -DskipTests=true -Dmaven.javadoc.skip=true -B -V" failed. Retrying, 3 of 3.[0m

Apache Maven 3.2.3 (33f8c3e1027c3ddde99d3cdebad2656a31e8fdf4; 2014-08-11T20:58:10+00:00)
Maven home: /usr/local/maven
Java version: 1.7.0_72, vendor: Oracle Corporation
Java home: /usr/lib/jvm/java-7-oracle/jre
Default locale: en_US, platform encoding: UTF-8
OS name: "linux", version: "3.13.0-40-generic", arch: "amd64", family: "unix"
[INFO] Scanning for projects...
[INFO] ------------------------------------------------------------------------
[INFO] Reactor Build Order:
[INFO] 
[INFO] Wire Protocol Buffers
[INFO] Wire Protocol Buffer Runtime
[INFO] Wire Protocol Buffer Compiler
[INFO] Wire Protocol Buffer Gson Support
[INFO] Wire Protocol Buffer Maven Plugin
[INFO]                                                                         
[INFO] ------------------------------------------------------------------------
[INFO] Building Wire Protocol Buffers 1.6.1-SNAPSHOT
[INFO] ------------------------------------------------------------------------
[INFO] 
[INFO] --- maven-enforcer-plugin:1.0:enforce (enforce-maven) @ wire ---
[INFO] 
[INFO] --- maven-checkstyle-plugin:2.10:checkstyle (default) @ wire ---
[INFO] 
[INFO] --- maven-install-plugin:2.4:install (default-install) @ wire ---
[INFO] Installing /home/travis/build/square/wire/pom.xml to /home/travis/.m2/repository/com/squareup/wire/wire/1.6.1-SNAPSHOT/wire-1.6.1-SNAPSHOT.pom
[INFO]                                                                         
[INFO] ------------------------------------------------------------------------
[INFO] Building Wire Protocol Buffer Runtime 1.6.1-SNAPSHOT
[INFO] ------------------------------------------------------------------------
[INFO] 
[INFO] --- maven-enforcer-plugin:1.0:enforce (enforce-maven) @ wire-runtime ---
[INFO] 
[INFO] --- maven-resources-plugin:2.6:resources (default-resources) @ wire-runtime ---
[INFO] Using 'UTF-8' encoding to copy filtered resources.
[INFO] skip non existing resourceDirectory /home/travis/build/square/wire/wire-runtime/src/main/resources
[INFO] 
[INFO] --- maven-compiler-plugin:3.1:compile (default-compile) @ wire-runtime ---
[INFO] Changes detected - recompiling the module!
[INFO] Compiling 19 source files to /home/travis/build/square/wire/wire-runtime/target/classes
[WARNING] /home/travis/build/square/wire/wire-runtime/src/main/java/com/squareup/wire/MessageAdapter.java: Some input files use unchecked or unsafe operations.
[WARNING] /home/travis/build/square/wire/wire-runtime/src/main/java/com/squareup/wire/MessageAdapter.java: Recompile with -Xlint:unchecked for details.
[INFO] 
[INFO] --- maven-resources-plugin:2.6:testResources (default-testResources) @ wire-runtime ---
[INFO] Using 'UTF-8' encoding to copy filtered resources.
[INFO] skip non existing resourceDirectory /home/travis/build/square/wire/wire-runtime/src/test/resources
[INFO] 
[INFO] --- maven-compiler-plugin:3.1:testCompile (default-testCompile) @ wire-runtime ---
[INFO] Nothing to compile - all classes are up to date
[INFO] 
[INFO] --- maven-surefire-plugin:2.12.4:test (default-test) @ wire-runtime ---
[INFO] Tests are skipped.
[INFO] 
[INFO] --- maven-jar-plugin:2.4:jar (default-jar) @ wire-runtime ---
[INFO] Building jar: /home/travis/build/square/wire/wire-runtime/target/wire-runtime-1.6.1-SNAPSHOT.jar
[INFO] 
[INFO] --- maven-checkstyle-plugin:2.10:checkstyle (default) @ wire-runtime ---
[INFO] Starting audit...
Audit done.

[WARNING] Unable to locate Source XRef to link to - DISABLED
[INFO] 
[INFO] --- maven-install-plugin:2.4:install (default-install) @ wire-runtime ---
[INFO] Installing /home/travis/build/square/wire/wire-runtime/target/wire-runtime-1.6.1-SNAPSHOT.jar to /home/travis/.m2/repository/com/squareup/wire/wire-runtime/1.6.1-SNAPSHOT/wire-runtime-1.6.1-SNAPSHOT.jar
[INFO] Installing /home/travis/build/square/wire/wire-runtime/pom.xml to /home/travis/.m2/repository/com/squareup/wire/wire-runtime/1.6.1-SNAPSHOT/wire-runtime-1.6.1-SNAPSHOT.pom
[INFO]                                                                         
[INFO] ------------------------------------------------------------------------
[INFO] Building Wire Protocol Buffer Compiler 1.6.1-SNAPSHOT
[INFO] ------------------------------------------------------------------------
[INFO] 
[INFO] --- maven-enforcer-plugin:1.0:enforce (enforce-maven) @ wire-compiler ---
[INFO] 
[INFO] --- maven-resources-plugin:2.6:resources (default-resources) @ wire-compiler ---
[INFO] Using 'UTF-8' encoding to copy filtered resources.
[INFO] skip non existing resourceDirectory /home/travis/build/square/wire/wire-compiler/src/main/resources
[INFO] 
[INFO] --- maven-compiler-plugin:3.1:compile (default-compile) @ wire-compiler ---
[INFO] Nothing to compile - all classes are up to date
[INFO] 
[INFO] --- maven-resources-plugin:2.6:testResources (default-testResources) @ wire-compiler ---
[INFO] Using 'UTF-8' encoding to copy filtered resources.
[INFO] skip non existing resourceDirectory /home/travis/build/square/wire/wire-compiler/src/test/resources
[INFO] 
[INFO] --- maven-compiler-plugin:3.1:testCompile (default-testCompile) @ wire-compiler ---
[INFO] Nothing to compile - all classes are up to date
[INFO] 
[INFO] --- maven-surefire-plugin:2.12.4:test (default-test) @ wire-compiler ---
[INFO] Tests are skipped.
[INFO] 
[INFO] --- maven-jar-plugin:2.4:jar (default-jar) @ wire-compiler ---
[INFO] 
[INFO] --- maven-assembly-plugin:2.2-beta-5:single (default) @ wire-compiler ---
[INFO] META-INF/ already added, skipping
[INFO] META-INF/MANIFEST.MF already added, skipping
[INFO] META-INF/maven/ already added, skipping
[INFO] META-INF/ already added, skipping
[INFO] META-INF/MANIFEST.MF already added, skipping
[INFO] com/ already added, skipping
[INFO] com/squareup/ already added, skipping
[INFO] META-INF/maven/ already added, skipping
[INFO] META-INF/ already added, skipping
[INFO] META-INF/MANIFEST.MF already added, skipping
[INFO] com/ already added, skipping
[INFO] com/squareup/ already added, skipping
[INFO] META-INF/maven/ already added, skipping
[INFO] META-INF/maven/com.squareup/ already added, skipping
[INFO] Building jar: /home/travis/build/square/wire/wire-compiler/target/wire-compiler-1.6.1-SNAPSHOT-jar-with-dependencies.jar
[INFO] META-INF/ already added, skipping
[INFO] META-INF/MANIFEST.MF already added, skipping
[INFO] META-INF/maven/ already added, skipping
[INFO] META-INF/ already added, skipping
[INFO] META-INF/MANIFEST.MF already added, skipping
[INFO] com/ already added, skipping
[INFO] com/squareup/ already added, skipping
[INFO] META-INF/maven/ already added, skipping
[INFO] META-INF/ already added, skipping
[INFO] META-INF/MANIFEST.MF already added, skipping
[INFO] com/ already added, skipping
[INFO] com/squareup/ already added, skipping
[INFO] META-INF/maven/ already added, skipping
[INFO] META-INF/maven/com.squareup/ already added, skipping
[INFO] 
[INFO] --- maven-checkstyle-plugin:2.10:checkstyle (default) @ wire-compiler ---
[INFO] Starting audit...
/home/travis/build/square/wire/wire-compiler/src/main/java/com/squareup/wire/MessageWriter.java:97: Line is longer than 100 characters (found 117).
/home/travis/build/square/wire/wire-compiler/src/main/java/com/squareup/wire/MessageWriter.java:241: Line is longer than 100 characters (found 111).
/home/travis/build/square/wire/wire-compiler/src/main/java/com/squareup/wire/MessageWriter.java:259:41: ',' is not followed by whitespace.
/home/travis/build/square/wire/wire-compiler/src/main/java/com/squareup/wire/MessageWriter.java:260:42: ',' is not followed by whitespace.
/home/travis/build/square/wire/wire-compiler/src/main/java/com/squareup/wire/MessageWriter.java:304: Line is longer than 100 characters (found 103).
/home/travis/build/square/wire/wire-compiler/src/main/java/com/squareup/wire/MessageWriter.java:332: Line is longer than 100 characters (found 116).
/home/travis/build/square/wire/wire-compiler/src/main/java/com/squareup/wire/MessageWriter.java:357: Line is longer than 100 characters (found 104).
/home/travis/build/square/wire/wire-compiler/src/main/java/com/squareup/wire/MessageWriter.java:453: Line is longer than 100 characters (found 108).
/home/travis/build/square/wire/wire-compiler/src/main/java/com/squareup/wire/MessageWriter.java:481: Line is longer than 100 characters (found 109).
/home/travis/build/square/wire/wire-compiler/src/main/java/com/squareup/wire/MessageWriter.java:645: Line is longer than 100 characters (found 103).
/home/travis/build/square/wire/wire-compiler/src/main/java/com/squareup/wire/MessageWriter.java:701: Line is longer than 100 characters (found 103).
/home/travis/build/square/wire/wire-compiler/src/main/java/com/squareup/wire/WireCompiler.java:261:3: More than 10 parameters (found 11).
/home/travis/build/square/wire/wire-compiler/src/main/java/com/squareup/wire/WireCompiler.java:451: Line is longer than 100 characters (found 104).
/home/travis/build/square/wire/wire-compiler/src/main/java/com/squareup/wire/WireCompiler.java:470: Line is longer than 100 characters (found 107).
/home/travis/build/square/wire/wire-compiler/src/main/java/com/squareup/wire/logger/WireLogger.java:6:3: Redundant 'public' modifier.
/home/travis/build/square/wire/wire-compiler/src/main/java/com/squareup/wire/logger/WireLogger.java:7:3: Redundant 'public' modifier.
/home/travis/build/square/wire/wire-compiler/src/main/java/com/squareup/wire/logger/WireLogger.java:8:3: Redundant 'public' modifier.
/home/travis/build/square/wire/wire-compiler/src/main/java/com/squareup/wire/logger/WireLogger.java:9:3: Redundant 'public' modifier.
/home/travis/build/square/wire/wire-compiler/src/main/java/com/squareup/wire/logger/WireLoggerFactory.java:6:1: Utility classes should not have a public or default constructor.
Audit done.

[INFO] ------------------------------------------------------------------------
[INFO] Reactor Summary:
[INFO] 
[INFO] Wire Protocol Buffers .............................. SUCCESS [  1.587 s]
[INFO] Wire Protocol Buffer Runtime ....................... SUCCESS [  2.884 s]
[INFO] Wire Protocol Buffer Compiler ...................... FAILURE [  2.018 s]
[INFO] Wire Protocol Buffer Gson Support .................. SKIPPED
[INFO] Wire Protocol Buffer Maven Plugin .................. SKIPPED
[INFO] ------------------------------------------------------------------------
[INFO] BUILD FAILURE
[INFO] ------------------------------------------------------------------------
[INFO] Total time: 6.732 s
[INFO] Finished at: 2014-12-23T21:45:01+00:00
[INFO] Final Memory: 23M/465M
[INFO] ------------------------------------------------------------------------
[ERROR] Failed to execute goal org.apache.maven.plugins:maven-checkstyle-plugin:2.10:checkstyle (default) on project wire-compiler: An error has occurred in Checkstyle report generation. Failed during checkstyle execution: There are 19 checkstyle errors. -> [Help 1]
[ERROR] 
[ERROR] To see the full stack trace of the errors, re-run Maven with the -e switch.
[ERROR] Re-run Maven using the -X switch to enable full debug logging.
[ERROR] 
[ERROR] For more information about the errors and possible solutions, please read the following articles:
[ERROR] [Help 1] http://cwiki.apache.org/confluence/display/MAVEN/MojoExecutionException
[ERROR] 
[ERROR] After correcting the problems, you can resume the build with the command
[ERROR]   mvn <goals> -rf :wire-compiler

[31;1mThe command "eval mvn install -DskipTests=true -Dmaven.javadoc.skip=true -B -V" failed 3 times.[0m

travis_time:end:290670ab:start=1419371067997775826,finish=1419371103368646866,duration=35370871040[0K
[31;1mThe command "mvn install -DskipTests=true -Dmaven.javadoc.skip=true -B -V" failed and exited with 1 during .[0m

Your build has been stopped.
