Using worker: worker-linux-docker-c896494c.prod.travis-ci.org:travis-linux-13

travis_fold:start:system_info[0K[33;1mBuild system information[0m
Build language: java
Build group: stable
Build dist: precise
[34m[1mBuild image provisioning date and time[0m
Thu Feb  5 15:09:33 UTC 2015
[34m[1mOperating System Details[0m
Distributor ID:	Ubuntu
Description:	Ubuntu 12.04.5 LTS
Release:	12.04
Codename:	precise
[34m[1mLinux Version[0m
3.13.0-29-generic
[34m[1mCookbooks Version[0m
a68419e https://github.com/travis-ci/travis-cookbooks/tree/a68419e
[34m[1mGCC version[0m
gcc (Ubuntu/Linaro 4.6.3-1ubuntu5) 4.6.3
Copyright (C) 2011 Free Software Foundation, Inc.
This is free software; see the source for copying conditions.  There is NO
warranty; not even for MERCHANTABILITY or FITNESS FOR A PARTICULAR PURPOSE.

[34m[1mLLVM version[0m
clang version 3.4 (tags/RELEASE_34/final)
Target: x86_64-unknown-linux-gnu
Thread model: posix
[34m[1mPre-installed Ruby versions[0m
ruby-1.9.3-p551
[34m[1mPre-installed Node.js versions[0m
v0.10.36
[34m[1mPre-installed Go versions[0m
1.4.1
[34m[1mRedis version[0m
redis-server 2.8.19
[34m[1mriak version[0m
2.0.2
[34m[1mMongoDB version[0m
MongoDB 2.4.12
[34m[1mCouchDB version[0m
couchdb 1.6.1
[34m[1mNeo4j version[0m
1.9.4
[34m[1mRabbitMQ Version[0m
3.4.3
[34m[1mElasticSearch version[0m
1.4.0
[34m[1mInstalled Sphinx versions[0m
2.0.10
2.1.9
2.2.6
[34m[1mDefault Sphinx version[0m
2.2.6
[34m[1mInstalled Firefox version[0m
firefox 31.0esr
[34m[1mPhantomJS version[0m
1.9.8
[34m[1mant -version[0m
Apache Ant(TM) version 1.8.2 compiled on December 3 2011
[34m[1mmvn -version[0m
Apache Maven 3.2.5 (12a6b3acb947671f09b81f49094c53f426d8cea1; 2014-12-14T17:29:23+00:00)
Maven home: /usr/local/maven
Java version: 1.7.0_76, vendor: Oracle Corporation
Java home: /usr/lib/jvm/java-7-oracle/jre
Default locale: en_US, platform encoding: ANSI_X3.4-1968
OS name: "linux", version: "3.13.0-29-generic", arch: "amd64", family: "unix"
travis_fold:end:system_info[0K
travis_fold:start:fix.CVE-2015-7547[0K$ export DEBIAN_FRONTEND=noninteractive
W: Size of file /var/lib/apt/lists/us.archive.ubuntu.com_ubuntu_dists_precise-backports_multiverse_source_Sources.gz is not what the server reported 5886 5888
W: Size of file /var/lib/apt/lists/ppa.launchpad.net_ubuntugis_ppa_ubuntu_dists_precise_main_binary-amd64_Packages.gz is not what the server reported 36669 36677
W: Size of file /var/lib/apt/lists/ppa.launchpad.net_ubuntugis_ppa_ubuntu_dists_precise_main_binary-i386_Packages.gz is not what the server reported 36729 36733
Reading package lists...
Building dependency tree...
Reading state information...
The following extra packages will be installed:
  libc-bin libc-dev-bin libc6-dev
Suggested packages:
  glibc-doc
The following packages will be upgraded:
  libc-bin libc-dev-bin libc6 libc6-dev
4 upgraded, 0 newly installed, 0 to remove and 225 not upgraded.
Need to get 8,844 kB of archives.
After this operation, 9,216 B disk space will be freed.
Get:1 http://us.archive.ubuntu.com/ubuntu/ precise-updates/main libc6-dev amd64 2.15-0ubuntu10.13 [2,943 kB]
Get:2 http://us.archive.ubuntu.com/ubuntu/ precise-updates/main libc-dev-bin amd64 2.15-0ubuntu10.13 [84.7 kB]
Get:3 http://us.archive.ubuntu.com/ubuntu/ precise-updates/main libc-bin amd64 2.15-0ubuntu10.13 [1,179 kB]
Get:4 http://us.archive.ubuntu.com/ubuntu/ precise-updates/main libc6 amd64 2.15-0ubuntu10.13 [4,637 kB]
Fetched 8,844 kB in 0s (27.8 MB/s)
Preconfiguring packages ...
(Reading database ... (Reading database ... 5%(Reading database ... 10%(Reading database ... 15%(Reading database ... 20%(Reading database ... 25%(Reading database ... 30%(Reading database ... 35%(Reading database ... 40%(Reading database ... 45%(Reading database ... 50%(Reading database ... 55%(Reading database ... 60%(Reading database ... 65%(Reading database ... 70%(Reading database ... 75%(Reading database ... 80%(Reading database ... 85%(Reading database ... 90%(Reading database ... 95%(Reading database ... 100%(Reading database ... 72019 files and directories currently installed.)
Preparing to replace libc6-dev 2.15-0ubuntu10.10 (using .../libc6-dev_2.15-0ubuntu10.13_amd64.deb) ...
Unpacking replacement libc6-dev ...
Preparing to replace libc-dev-bin 2.15-0ubuntu10.10 (using .../libc-dev-bin_2.15-0ubuntu10.13_amd64.deb) ...
Unpacking replacement libc-dev-bin ...
Preparing to replace libc-bin 2.15-0ubuntu10.10 (using .../libc-bin_2.15-0ubuntu10.13_amd64.deb) ...
Unpacking replacement libc-bin ...
Processing triggers for man-db ...
Setting up libc-bin (2.15-0ubuntu10.13) ...
(Reading database ... (Reading database ... 5%(Reading database ... 10%(Reading database ... 15%(Reading database ... 20%(Reading database ... 25%(Reading database ... 30%(Reading database ... 35%(Reading database ... 40%(Reading database ... 45%(Reading database ... 50%(Reading database ... 55%(Reading database ... 60%(Reading database ... 65%(Reading database ... 70%(Reading database ... 75%(Reading database ... 80%(Reading database ... 85%(Reading database ... 90%(Reading database ... 95%(Reading database ... 100%(Reading database ... 72019 files and directories currently installed.)
Preparing to replace libc6 2.15-0ubuntu10.10 (using .../libc6_2.15-0ubuntu10.13_amd64.deb) ...
Unpacking replacement libc6 ...
Setting up libc6 (2.15-0ubuntu10.13) ...
Setting up libc-dev-bin (2.15-0ubuntu10.13) ...
Setting up libc6-dev (2.15-0ubuntu10.13) ...
Processing triggers for libc-bin ...
ldconfig deferred processing now taking place
travis_fold:end:fix.CVE-2015-7547[0Ktravis_fold:start:git.checkout[0Ktravis_time:start:0d0f5750[0K$ git clone --depth=50 --branch=master https://github.com/checkstyle/checkstyle.git checkstyle/checkstyle
Cloning into 'checkstyle/checkstyle'...
remote: Counting objects: 2573, done.[K
remote: Compressing objects:   0% (1/1728)   [Kremote: Compressing objects:   1% (18/1728)   [Kremote: Compressing objects:   2% (35/1728)   [Kremote: Compressing objects:   3% (52/1728)   [Kremote: Compressing objects:   4% (70/1728)   [Kremote: Compressing objects:   5% (87/1728)   [Kremote: Compressing objects:   6% (104/1728)   [Kremote: Compressing objects:   7% (121/1728)   [Kremote: Compressing objects:   8% (139/1728)   [Kremote: Compressing objects:   9% (156/1728)   [Kremote: Compressing objects:  10% (173/1728)   [Kremote: Compressing objects:  11% (191/1728)   [Kremote: Compressing objects:  12% (208/1728)   [Kremote: Compressing objects:  13% (225/1728)   [Kremote: Compressing objects:  14% (242/1728)   [Kremote: Compressing objects:  15% (260/1728)   [Kremote: Compressing objects:  16% (277/1728)   [Kremote: Compressing objects:  17% (294/1728)   [Kremote: Compressing objects:  18% (312/1728)   [Kremote: Compressing objects:  19% (329/1728)   [Kremote: Compressing objects:  20% (346/1728)   [Kremote: Compressing objects:  21% (363/1728)   [Kremote: Compressing objects:  22% (381/1728)   [Kremote: Compressing objects:  23% (398/1728)   [Kremote: Compressing objects:  24% (415/1728)   [Kremote: Compressing objects:  25% (432/1728)   [Kremote: Compressing objects:  26% (450/1728)   [Kremote: Compressing objects:  27% (467/1728)   [Kremote: Compressing objects:  28% (484/1728)   [Kremote: Compressing objects:  29% (502/1728)   [Kremote: Compressing objects:  30% (519/1728)   [Kremote: Compressing objects:  31% (536/1728)   [Kremote: Compressing objects:  32% (553/1728)   [Kremote: Compressing objects:  33% (571/1728)   [Kremote: Compressing objects:  34% (588/1728)   [Kremote: Compressing objects:  35% (605/1728)   [Kremote: Compressing objects:  36% (623/1728)   [Kremote: Compressing objects:  37% (640/1728)   [Kremote: Compressing objects:  38% (657/1728)   [Kremote: Compressing objects:  39% (674/1728)   [Kremote: Compressing objects:  40% (692/1728)   [Kremote: Compressing objects:  41% (709/1728)   [Kremote: Compressing objects:  42% (726/1728)   [Kremote: Compressing objects:  43% (744/1728)   [Kremote: Compressing objects:  44% (761/1728)   [Kremote: Compressing objects:  45% (778/1728)   [Kremote: Compressing objects:  46% (795/1728)   [Kremote: Compressing objects:  47% (813/1728)   [Kremote: Compressing objects:  48% (830/1728)   [Kremote: Compressing objects:  49% (847/1728)   [Kremote: Compressing objects:  50% (864/1728)   [Kremote: Compressing objects:  51% (882/1728)   [Kremote: Compressing objects:  52% (899/1728)   [Kremote: Compressing objects:  53% (916/1728)   [Kremote: Compressing objects:  54% (934/1728)   [Kremote: Compressing objects:  55% (951/1728)   [Kremote: Compressing objects:  56% (968/1728)   [Kremote: Compressing objects:  57% (985/1728)   [Kremote: Compressing objects:  58% (1003/1728)   [Kremote: Compressing objects:  59% (1020/1728)   [Kremote: Compressing objects:  60% (1037/1728)   [Kremote: Compressing objects:  61% (1055/1728)   [Kremote: Compressing objects:  62% (1072/1728)   [Kremote: Compressing objects:  63% (1089/1728)   [Kremote: Compressing objects:  64% (1106/1728)   [Kremote: Compressing objects:  65% (1124/1728)   [Kremote: Compressing objects:  66% (1141/1728)   [Kremote: Compressing objects:  67% (1158/1728)   [Kremote: Compressing objects:  68% (1176/1728)   [Kremote: Compressing objects:  69% (1193/1728)   [Kremote: Compressing objects:  70% (1210/1728)   [Kremote: Compressing objects:  71% (1227/1728)   [Kremote: Compressing objects:  72% (1245/1728)   [Kremote: Compressing objects:  73% (1262/1728)   [Kremote: Compressing objects:  74% (1279/1728)   [Kremote: Compressing objects:  75% (1296/1728)   [Kremote: Compressing objects:  76% (1314/1728)   [Kremote: Compressing objects:  77% (1331/1728)   [Kremote: Compressing objects:  78% (1348/1728)   [Kremote: Compressing objects:  79% (1366/1728)   [Kremote: Compressing objects:  80% (1383/1728)   [Kremote: Compressing objects:  81% (1400/1728)   [Kremote: Compressing objects:  82% (1417/1728)   [Kremote: Compressing objects:  83% (1435/1728)   [Kremote: Compressing objects:  84% (1452/1728)   [Kremote: Compressing objects:  85% (1469/1728)   [Kremote: Compressing objects:  86% (1487/1728)   [Kremote: Compressing objects:  87% (1504/1728)   [Kremote: Compressing objects:  88% (1521/1728)   [Kremote: Compressing objects:  89% (1538/1728)   [Kremote: Compressing objects:  90% (1556/1728)   [Kremote: Compressing objects:  91% (1573/1728)   [Kremote: Compressing objects:  92% (1590/1728)   [Kremote: Compressing objects:  93% (1608/1728)   [Kremote: Compressing objects:  94% (1625/1728)   [Kremote: Compressing objects:  95% (1642/1728)   [Kremote: Compressing objects:  96% (1659/1728)   [Kremote: Compressing objects:  97% (1677/1728)   [Kremote: Compressing objects:  98% (1694/1728)   [Kremote: Compressing objects:  99% (1711/1728)   [Kremote: Compressing objects: 100% (1728/1728)   [Kremote: Compressing objects: 100% (1728/1728), done.[K
Receiving objects:   0% (1/2573)   Receiving objects:   1% (26/2573)   Receiving objects:   2% (52/2573)   Receiving objects:   3% (78/2573)   Receiving objects:   4% (103/2573)   Receiving objects:   5% (129/2573)   Receiving objects:   6% (155/2573)   Receiving objects:   7% (181/2573)   Receiving objects:   8% (206/2573)   Receiving objects:   9% (232/2573)   Receiving objects:  10% (258/2573)   Receiving objects:  11% (284/2573)   Receiving objects:  12% (309/2573)   Receiving objects:  13% (335/2573)   Receiving objects:  14% (361/2573)   Receiving objects:  15% (386/2573)   Receiving objects:  16% (412/2573)   Receiving objects:  17% (438/2573)   Receiving objects:  18% (464/2573)   Receiving objects:  19% (489/2573)   Receiving objects:  20% (515/2573)   Receiving objects:  21% (541/2573)   Receiving objects:  22% (567/2573)   Receiving objects:  23% (592/2573)   Receiving objects:  24% (618/2573)   Receiving objects:  25% (644/2573)   Receiving objects:  26% (669/2573)   Receiving objects:  27% (695/2573)   Receiving objects:  28% (721/2573)   Receiving objects:  29% (747/2573)   Receiving objects:  30% (772/2573)   Receiving objects:  31% (798/2573)   Receiving objects:  32% (824/2573)   Receiving objects:  33% (850/2573)   Receiving objects:  34% (875/2573)   Receiving objects:  35% (901/2573)   Receiving objects:  36% (927/2573)   Receiving objects:  37% (953/2573)   Receiving objects:  38% (978/2573)   Receiving objects:  39% (1004/2573)   Receiving objects:  40% (1030/2573)   Receiving objects:  41% (1055/2573)   Receiving objects:  42% (1081/2573)   Receiving objects:  43% (1107/2573)   Receiving objects:  44% (1133/2573)   Receiving objects:  45% (1158/2573)   Receiving objects:  46% (1184/2573)   Receiving objects:  47% (1210/2573)   Receiving objects:  48% (1236/2573)   Receiving objects:  49% (1261/2573)   Receiving objects:  50% (1287/2573)   Receiving objects:  51% (1313/2573)   Receiving objects:  52% (1338/2573)   Receiving objects:  53% (1364/2573)   Receiving objects:  54% (1390/2573)   Receiving objects:  55% (1416/2573)   Receiving objects:  56% (1441/2573)   Receiving objects:  57% (1467/2573)   Receiving objects:  58% (1493/2573)   Receiving objects:  59% (1519/2573)   Receiving objects:  60% (1544/2573)   Receiving objects:  61% (1570/2573)   Receiving objects:  62% (1596/2573)   Receiving objects:  63% (1621/2573)   Receiving objects:  64% (1647/2573)   Receiving objects:  65% (1673/2573)   Receiving objects:  66% (1699/2573)   Receiving objects:  67% (1724/2573)   Receiving objects:  68% (1750/2573)   Receiving objects:  69% (1776/2573)   Receiving objects:  70% (1802/2573)   Receiving objects:  71% (1827/2573)   Receiving objects:  72% (1853/2573)   Receiving objects:  73% (1879/2573)   Receiving objects:  74% (1905/2573)   Receiving objects:  75% (1930/2573)   Receiving objects:  76% (1956/2573)   Receiving objects:  77% (1982/2573)   Receiving objects:  78% (2007/2573)   Receiving objects:  79% (2033/2573)   Receiving objects:  80% (2059/2573)   Receiving objects:  81% (2085/2573)   Receiving objects:  82% (2110/2573)   Receiving objects:  83% (2136/2573)   Receiving objects:  84% (2162/2573)   Receiving objects:  85% (2188/2573)   Receiving objects:  86% (2213/2573)   Receiving objects:  87% (2239/2573)   Receiving objects:  88% (2265/2573)   remote: Total 2573 (delta 1003), reused 1472 (delta 572), pack-reused 0[K
Receiving objects:  89% (2290/2573)   Receiving objects:  90% (2316/2573)   Receiving objects:  91% (2342/2573)   Receiving objects:  92% (2368/2573)   Receiving objects:  93% (2393/2573)   Receiving objects:  94% (2419/2573)   Receiving objects:  95% (2445/2573)   Receiving objects:  96% (2471/2573)   Receiving objects:  97% (2496/2573)   Receiving objects:  98% (2522/2573)   Receiving objects:  99% (2548/2573)   Receiving objects: 100% (2573/2573)   Receiving objects: 100% (2573/2573), 3.58 MiB | 0 bytes/s, done.
Resolving deltas:   0% (0/1003)   Resolving deltas:   1% (11/1003)   Resolving deltas:   2% (22/1003)   Resolving deltas:   3% (36/1003)   Resolving deltas:   5% (60/1003)   Resolving deltas:   8% (83/1003)   Resolving deltas:   9% (96/1003)   Resolving deltas:  10% (101/1003)   Resolving deltas:  11% (111/1003)   Resolving deltas:  12% (126/1003)   Resolving deltas:  13% (131/1003)   Resolving deltas:  14% (141/1003)   Resolving deltas:  15% (151/1003)   Resolving deltas:  16% (165/1003)   Resolving deltas:  18% (184/1003)   Resolving deltas:  19% (191/1003)   Resolving deltas:  20% (202/1003)   Resolving deltas:  21% (211/1003)   Resolving deltas:  22% (222/1003)   Resolving deltas:  23% (234/1003)   Resolving deltas:  26% (263/1003)   Resolving deltas:  27% (273/1003)   Resolving deltas:  28% (281/1003)   Resolving deltas:  29% (291/1003)   Resolving deltas:  30% (303/1003)   Resolving deltas:  33% (331/1003)   Resolving deltas:  34% (343/1003)   Resolving deltas:  35% (357/1003)   Resolving deltas:  36% (362/1003)   Resolving deltas:  37% (373/1003)   Resolving deltas:  38% (382/1003)   Resolving deltas:  40% (402/1003)   Resolving deltas:  41% (417/1003)   Resolving deltas:  42% (426/1003)   Resolving deltas:  43% (438/1003)   Resolving deltas:  44% (445/1003)   Resolving deltas:  45% (456/1003)   Resolving deltas:  46% (462/1003)   Resolving deltas:  47% (473/1003)   Resolving deltas:  48% (482/1003)   Resolving deltas:  49% (492/1003)   Resolving deltas:  50% (502/1003)   Resolving deltas:  51% (518/1003)   Resolving deltas:  52% (522/1003)   Resolving deltas:  53% (532/1003)   Resolving deltas:  54% (542/1003)   Resolving deltas:  55% (553/1003)   Resolving deltas:  56% (563/1003)   Resolving deltas:  57% (573/1003)   Resolving deltas:  58% (582/1003)   Resolving deltas:  59% (592/1003)   Resolving deltas:  60% (607/1003)   Resolving deltas:  61% (612/1003)   Resolving deltas:  62% (630/1003)   Resolving deltas:  63% (632/1003)   Resolving deltas:  68% (684/1003)   Resolving deltas:  69% (696/1003)   Resolving deltas:  70% (703/1003)   Resolving deltas:  71% (713/1003)   Resolving deltas:  72% (723/1003)   Resolving deltas:  73% (734/1003)   Resolving deltas:  74% (744/1003)   Resolving deltas:  75% (754/1003)   Resolving deltas:  76% (765/1003)   Resolving deltas:  77% (773/1003)   Resolving deltas:  78% (783/1003)   Resolving deltas:  79% (793/1003)   Resolving deltas:  80% (805/1003)   Resolving deltas:  81% (818/1003)   Resolving deltas:  82% (824/1003)   Resolving deltas:  85% (854/1003)   Resolving deltas:  86% (864/1003)   Resolving deltas:  87% (874/1003)   Resolving deltas:  88% (884/1003)   Resolving deltas:  89% (893/1003)   Resolving deltas:  90% (903/1003)   Resolving deltas:  91% (913/1003)   Resolving deltas:  96% (968/1003)   Resolving deltas:  97% (973/1003)   Resolving deltas:  98% (984/1003)   Resolving deltas:  99% (995/1003)   Resolving deltas: 100% (1003/1003)   Resolving deltas: 100% (1003/1003), done.
Checking connectivity... done.

travis_time:end:0d0f5750:start=1456673024355597968,finish=1456673025388851195,duration=1033253227[0K$ cd checkstyle/checkstyle
$ git checkout -qf 4a7d16a600e67f26b2188e222f9616c298f8ed31
travis_fold:end:git.checkout[0K
[33;1mThis job is running on container-based infrastructure, which does not allow use of 'sudo', setuid and setguid executables.[0m
[33;1mIf you require sudo, add 'sudo: required' to your .travis.yml[0m
[33;1mSee https://docs.travis-ci.com/user/workers/container-based-infrastructure/ for details.[0m

[33;1mSetting environment variables from repository settings[0m
$ export CI_DEPLOY_USERNAME=[secure]
$ export CI_DEPLOY_PASSWORD=[secure]
$ export GITHUB_AUTH_TOKEN=[secure]

[33;1mSetting environment variables from .travis.yml[0m
$ export DESC="checkstyle and sevntu-checkstyle"
$ export CMD="mvn clean verify -DskipTests -DskipITs -Dpmd.skip=true -Dfindbugs.skip=true -Dcobertura.skip=true"
$ export COVERAGE_CMD=""

$ jdk_switcher use oraclejdk7
Switching to Oracle JDK7 (java-7-oracle), JAVA_HOME will be set to /usr/lib/jvm/java-7-oracle
travis_fold:start:cache.1[0KSetting up build cache
$ export CASHER_DIR=$HOME/.casher
travis_time:start:10b9fbe8[0K$ Installing caching utilities

travis_time:end:10b9fbe8:start=1456673027428364617,finish=1456673027484860595,duration=56495978[0Ktravis_time:start:24916ca8[0K
travis_time:end:24916ca8:start=1456673027489266468,finish=1456673027492282381,duration=3015913[0Ktravis_time:start:1667a6de[0K[32;1mattempting to download cache archive[0m
[32;1mfetching master/cache--jdk-oraclejdk7.tgz[0m
[32;1mfound cache[0m

travis_time:end:1667a6de:start=1456673027495788804,finish=1456673031383008320,duration=3887219516[0Ktravis_time:start:070e4960[0K
travis_time:end:070e4960:start=1456673031386712177,finish=1456673031389882416,duration=3170239[0Ktravis_time:start:17e60d00[0K[32;1madding /home/travis/.m2 to cache[0m

travis_time:end:17e60d00:start=1456673031393502111,finish=1456673034141006347,duration=2747504236[0Ktravis_fold:end:cache.1[0K$ java -Xmx32m -version
java version "1.7.0_76"
Java(TM) SE Runtime Environment (build 1.7.0_76-b13)
Java HotSpot(TM) 64-Bit Server VM (build 24.76-b04, mixed mode)
$ javac -J-Xmx32m -version
javac 1.7.0_76
travis_fold:start:install[0Ktravis_time:start:1bd8f7fe[0K$ 

travis_time:end:1bd8f7fe:start=1456673034609222599,finish=1456673034612244895,duration=3022296[0Ktravis_fold:end:install[0Ktravis_time:start:1a2d42f6[0K$ eval $CMD
[INFO] Scanning for projects...
[INFO] Inspecting build with total of 1 modules...
[INFO] Installing Nexus Staging features:
[INFO]   ... total of 1 executions of maven-deploy-plugin replaced with nexus-staging-maven-plugin
[INFO]                                                                         
[INFO] ------------------------------------------------------------------------
[INFO] Building checkstyle 6.17-SNAPSHOT
[INFO] ------------------------------------------------------------------------
Downloading: https://oss.sonatype.org/content/repositories/releases/junit/junit-dep/maven-metadata.xml
Downloading: https://nexus.codehaus.org/snapshots/junit/junit-dep/maven-metadata.xml
Downloading: https://repository.apache.org/snapshots/junit/junit-dep/maven-metadata.xml
Downloading: https://repository.apache.org/releases/junit/junit-dep/maven-metadata.xml
563/563 B               Downloaded: https://oss.sonatype.org/content/repositories/releases/junit/junit-dep/maven-metadata.xml (563 B at 1.1 KB/sec)
                        [WARNING] Could not transfer metadata junit:junit-dep/maven-metadata.xml from/to codehaus-snapshots (https://nexus.codehaus.org/snapshots/): nexus.codehaus.org: Name or service not known
[INFO] 
[INFO] --- maven-clean-plugin:3.0.0:clean (default-clean) @ checkstyle ---
[INFO] 
[INFO] --- maven-enforcer-plugin:1.4.1:enforce (enforce-maven) @ checkstyle ---
[INFO] 
[INFO] --- maven-enforcer-plugin:1.4.1:enforce (enforce-versions) @ checkstyle ---
[INFO] 
[INFO] --- antlr-maven-plugin:2.2:generate (default) @ checkstyle ---
[INFO] performing grammar generation [java.g]
ANTLR Parser Generator   Version 2.7.7 (20060906)   1989-2005
/home/travis/build/checkstyle/checkstyle/src/main/resources/com/puppycrawl/tools/checkstyle/grammars/java.g:632:9: warning:nondeterminism between alts 1 and 2 of block upon
/home/travis/build/checkstyle/checkstyle/src/main/resources/com/puppycrawl/tools/checkstyle/grammars/java.g:632:9:     k==1:AT
/home/travis/build/checkstyle/checkstyle/src/main/resources/com/puppycrawl/tools/checkstyle/grammars/java.g:632:9:     k==2:IDENT
/home/travis/build/checkstyle/checkstyle/src/main/resources/com/puppycrawl/tools/checkstyle/grammars/java.g:779:16: warning:nondeterminism between alts 1 and 2 of block upon
/home/travis/build/checkstyle/checkstyle/src/main/resources/com/puppycrawl/tools/checkstyle/grammars/java.g:779:16:     k==1:AT
/home/travis/build/checkstyle/checkstyle/src/main/resources/com/puppycrawl/tools/checkstyle/grammars/java.g:779:16:     k==2:IDENT
/home/travis/build/checkstyle/checkstyle/src/main/resources/com/puppycrawl/tools/checkstyle/grammars/java.g:815:61: warning:nondeterminism between alts 1 and 2 of block upon
/home/travis/build/checkstyle/checkstyle/src/main/resources/com/puppycrawl/tools/checkstyle/grammars/java.g:815:61:     k==1:SEMI
/home/travis/build/checkstyle/checkstyle/src/main/resources/com/puppycrawl/tools/checkstyle/grammars/java.g:815:61:     k==2:"final","abstract","strictfp",SEMI,"void","boolean","byte","char","short","int","float","long","double",IDENT,"private","public","protected","static","transient","native","synchronized","volatile","class","interface",LCURLY,RCURLY,"default",LT,ENUM,AT
/home/travis/build/checkstyle/checkstyle/src/main/resources/com/puppycrawl/tools/checkstyle/grammars/java.g:704:9: warning:nondeterminism between alts 1 and 2 of block upon
/home/travis/build/checkstyle/checkstyle/src/main/resources/com/puppycrawl/tools/checkstyle/grammars/java.g:704:9:     k==1:AT
/home/travis/build/checkstyle/checkstyle/src/main/resources/com/puppycrawl/tools/checkstyle/grammars/java.g:704:9:     k==2:IDENT
/home/travis/build/checkstyle/checkstyle/src/main/resources/com/puppycrawl/tools/checkstyle/grammars/java.g:960: warning:Syntactic predicate superfluous for single alternative
/home/travis/build/checkstyle/checkstyle/src/main/resources/com/puppycrawl/tools/checkstyle/grammars/java.g:986:31: warning:nondeterminism between alts 1 and 2 of block upon
/home/travis/build/checkstyle/checkstyle/src/main/resources/com/puppycrawl/tools/checkstyle/grammars/java.g:986:31:     k==1:IDENT
/home/travis/build/checkstyle/checkstyle/src/main/resources/com/puppycrawl/tools/checkstyle/grammars/java.g:986:31:     k==2:LBRACK
/home/travis/build/checkstyle/checkstyle/src/main/resources/com/puppycrawl/tools/checkstyle/grammars/java.g:1042:43: warning:nondeterminism between alts 1 and 2 of block upon
/home/travis/build/checkstyle/checkstyle/src/main/resources/com/puppycrawl/tools/checkstyle/grammars/java.g:1042:43:     k==1:SEMI
/home/travis/build/checkstyle/checkstyle/src/main/resources/com/puppycrawl/tools/checkstyle/grammars/java.g:1042:43:     k==2:"final","abstract","strictfp",SEMI,"void","boolean","byte","char","short","int","float","long","double",IDENT,"private","public","protected","static","transient","native","synchronized","volatile","class",LCURLY,RCURLY,LPAREN,RPAREN,"this","super",COLON,"if","while","do","break","continue","return","switch","throw","for","else","case","default","try",PLUS,MINUS,INC,DEC,BNOT,LNOT,"true","false","null","new",NUM_INT,CHAR_LITERAL,STRING_LITERAL,NUM_FLOAT,NUM_LONG,NUM_DOUBLE,ASSERT,AT
/home/travis/build/checkstyle/checkstyle/src/main/resources/com/puppycrawl/tools/checkstyle/grammars/java.g:1142:9: warning:nondeterminism between alts 1 and 2 of block upon
/home/travis/build/checkstyle/checkstyle/src/main/resources/com/puppycrawl/tools/checkstyle/grammars/java.g:1142:9:     k==1:"default"
/home/travis/build/checkstyle/checkstyle/src/main/resources/com/puppycrawl/tools/checkstyle/grammars/java.g:1142:9:     k==2:"final","abstract","strictfp",SEMI,"void","boolean","byte","char","short","int","float","long","double",IDENT,"private","public","protected","static","transient","native","synchronized","volatile","class",LCURLY,RCURLY,LPAREN,RPAREN,"this","super",COLON,"if","while","do","break","continue","return","switch","throw","for","case","default","try",PLUS,MINUS,INC,DEC,BNOT,LNOT,"true","false","null","new",NUM_INT,CHAR_LITERAL,STRING_LITERAL,NUM_FLOAT,NUM_LONG,NUM_DOUBLE,ASSERT,AT
/home/travis/build/checkstyle/checkstyle/src/main/resources/com/puppycrawl/tools/checkstyle/grammars/java.g:1428:13: warning:nondeterminism between alts 1 and 4 of block upon
/home/travis/build/checkstyle/checkstyle/src/main/resources/com/puppycrawl/tools/checkstyle/grammars/java.g:1428:13:     k==1:IDENT,"this","super",LT
/home/travis/build/checkstyle/checkstyle/src/main/resources/com/puppycrawl/tools/checkstyle/grammars/java.g:1428:13:     k==2:"final","abstract","strictfp",SEMI,LBRACK,RBRACK,"void","boolean","byte","char","short","int","float","long","double",IDENT,DOT,STAR,"private","public","protected","static","transient","native","synchronized","volatile","class","interface",LCURLY,RCURLY,COMMA,LPAREN,RPAREN,"this","super",ASSIGN,COLON,"if","while","do","break","continue","return","switch","throw","for","else","case","default","try",PLUS_ASSIGN,MINUS_ASSIGN,STAR_ASSIGN,DIV_ASSIGN,MOD_ASSIGN,SR_ASSIGN,BSR_ASSIGN,SL_ASSIGN,BAND_ASSIGN,BXOR_ASSIGN,BOR_ASSIGN,QUESTION,LOR,LAND,BOR,BXOR,BAND,NOT_EQUAL,EQUAL,LT,GT,LE,GE,"instanceof",SL,SR,BSR,PLUS,MINUS,DIV,MOD,INC,DEC,BNOT,LNOT,"true","false","null","new",NUM_INT,CHAR_LITERAL,STRING_LITERAL,NUM_FLOAT,NUM_LONG,NUM_DOUBLE,ASSERT,ENUM,AT,DOUBLE_COLON
/home/travis/build/checkstyle/checkstyle/src/main/resources/com/puppycrawl/tools/checkstyle/grammars/java.g:1428:13: warning:nondeterminism between alts 2 and 4 of block upon
/home/travis/build/checkstyle/checkstyle/src/main/resources/com/puppycrawl/tools/checkstyle/grammars/java.g:1428:13:     k==1:"class"
/home/travis/build/checkstyle/checkstyle/src/main/resources/com/puppycrawl/tools/checkstyle/grammars/java.g:1428:13:     k==2:"final","abstract","strictfp",SEMI,LBRACK,RBRACK,"void","boolean","byte","char","short","int","float","long","double",IDENT,DOT,STAR,"private","public","protected","static","transient","native","synchronized","volatile","class","interface",LCURLY,RCURLY,COMMA,LPAREN,RPAREN,"this","super",ASSIGN,COLON,"if","while","do","break","continue","return","switch","throw","for","else","case","default","try",PLUS_ASSIGN,MINUS_ASSIGN,STAR_ASSIGN,DIV_ASSIGN,MOD_ASSIGN,SR_ASSIGN,BSR_ASSIGN,SL_ASSIGN,BAND_ASSIGN,BXOR_ASSIGN,BOR_ASSIGN,QUESTION,LOR,LAND,BOR,BXOR,BAND,NOT_EQUAL,EQUAL,LT,GT,LE,GE,"instanceof",SL,SR,BSR,PLUS,MINUS,DIV,MOD,INC,DEC,BNOT,LNOT,"true","false","null","new",NUM_INT,CHAR_LITERAL,STRING_LITERAL,NUM_FLOAT,NUM_LONG,NUM_DOUBLE,ASSERT,ENUM,AT,DOUBLE_COLON
/home/travis/build/checkstyle/checkstyle/src/main/resources/com/puppycrawl/tools/checkstyle/grammars/java.g:1428:13: warning:nondeterminism between alts 3 and 4 of block upon
/home/travis/build/checkstyle/checkstyle/src/main/resources/com/puppycrawl/tools/checkstyle/grammars/java.g:1428:13:     k==1:"new"
/home/travis/build/checkstyle/checkstyle/src/main/resources/com/puppycrawl/tools/checkstyle/grammars/java.g:1428:13:     k==2:"void","boolean","byte","char","short","int","float","long","double",IDENT,LT,AT
/home/travis/build/checkstyle/checkstyle/src/main/resources/com/puppycrawl/tools/checkstyle/grammars/java.g:1476:9: warning:nondeterminism between alts 1 and 3 of block upon
/home/travis/build/checkstyle/checkstyle/src/main/resources/com/puppycrawl/tools/checkstyle/grammars/java.g:1476:9:     k==1:INC
/home/travis/build/checkstyle/checkstyle/src/main/resources/com/puppycrawl/tools/checkstyle/grammars/java.g:1476:9:     k==2:"final","abstract","strictfp",SEMI,RBRACK,"void","boolean","byte","char","short","int","float","long","double",IDENT,STAR,"private","public","protected","static","transient","native","synchronized","volatile","class","interface",LCURLY,RCURLY,COMMA,LPAREN,RPAREN,"this","super",ASSIGN,COLON,"if","while","do","break","continue","return","switch","throw","for","else","case","default","try",PLUS_ASSIGN,MINUS_ASSIGN,STAR_ASSIGN,DIV_ASSIGN,MOD_ASSIGN,SR_ASSIGN,BSR_ASSIGN,SL_ASSIGN,BAND_ASSIGN,BXOR_ASSIGN,BOR_ASSIGN,QUESTION,LOR,LAND,BOR,BXOR,BAND,NOT_EQUAL,EQUAL,LT,GT,LE,GE,"instanceof",SL,SR,BSR,PLUS,MINUS,DIV,MOD,INC,DEC,BNOT,LNOT,"true","false","null","new",NUM_INT,CHAR_LITERAL,STRING_LITERAL,NUM_FLOAT,NUM_LONG,NUM_DOUBLE,ASSERT,ENUM,AT
/home/travis/build/checkstyle/checkstyle/src/main/resources/com/puppycrawl/tools/checkstyle/grammars/java.g:1476:9: warning:nondeterminism between alts 2 and 3 of block upon
/home/travis/build/checkstyle/checkstyle/src/main/resources/com/puppycrawl/tools/checkstyle/grammars/java.g:1476:9:     k==1:DEC
/home/travis/build/checkstyle/checkstyle/src/main/resources/com/puppycrawl/tools/checkstyle/grammars/java.g:1476:9:     k==2:"final","abstract","strictfp",SEMI,RBRACK,"void","boolean","byte","char","short","int","float","long","double",IDENT,STAR,"private","public","protected","static","transient","native","synchronized","volatile","class","interface",LCURLY,RCURLY,COMMA,LPAREN,RPAREN,"this","super",ASSIGN,COLON,"if","while","do","break","continue","return","switch","throw","for","else","case","default","try",PLUS_ASSIGN,MINUS_ASSIGN,STAR_ASSIGN,DIV_ASSIGN,MOD_ASSIGN,SR_ASSIGN,BSR_ASSIGN,SL_ASSIGN,BAND_ASSIGN,BXOR_ASSIGN,BOR_ASSIGN,QUESTION,LOR,LAND,BOR,BXOR,BAND,NOT_EQUAL,EQUAL,LT,GT,LE,GE,"instanceof",SL,SR,BSR,PLUS,MINUS,DIV,MOD,INC,DEC,BNOT,LNOT,"true","false","null","new",NUM_INT,CHAR_LITERAL,STRING_LITERAL,NUM_FLOAT,NUM_LONG,NUM_DOUBLE,ASSERT,ENUM,AT
/home/travis/build/checkstyle/checkstyle/src/main/resources/com/puppycrawl/tools/checkstyle/grammars/java.g:1555:36: warning:nondeterminism between alts 1 and 2 of block upon
/home/travis/build/checkstyle/checkstyle/src/main/resources/com/puppycrawl/tools/checkstyle/grammars/java.g:1555:36:     k==1:LCURLY
/home/travis/build/checkstyle/checkstyle/src/main/resources/com/puppycrawl/tools/checkstyle/grammars/java.g:1555:36:     k==2:"final","abstract","strictfp",SEMI,"void","boolean","byte","char","short","int","float","long","double",IDENT,"private","public","protected","static","transient","native","synchronized","volatile","class","interface",LCURLY,RCURLY,"default",LT,ENUM,AT
/home/travis/build/checkstyle/checkstyle/src/main/resources/com/puppycrawl/tools/checkstyle/grammars/java.g:1565:33: warning:nondeterminism between alts 1 and 2 of block upon
/home/travis/build/checkstyle/checkstyle/src/main/resources/com/puppycrawl/tools/checkstyle/grammars/java.g:1565:33:     k==1:LCURLY
/home/travis/build/checkstyle/checkstyle/src/main/resources/com/puppycrawl/tools/checkstyle/grammars/java.g:1565:33:     k==2:"void","boolean","byte","char","short","int","float","long","double",IDENT,LCURLY,RCURLY,COMMA,LPAREN,"this","super",PLUS,MINUS,INC,DEC,BNOT,LNOT,"true","false","null","new",NUM_INT,CHAR_LITERAL,STRING_LITERAL,NUM_FLOAT,NUM_LONG,NUM_DOUBLE
/home/travis/build/checkstyle/checkstyle/src/main/resources/com/puppycrawl/tools/checkstyle/grammars/java.g:1606: warning:nondeterminism between alts 2 and 3 of block upon
/home/travis/build/checkstyle/checkstyle/src/main/resources/com/puppycrawl/tools/checkstyle/grammars/java.g:1606:     k==1:LPAREN
/home/travis/build/checkstyle/checkstyle/src/main/resources/com/puppycrawl/tools/checkstyle/grammars/java.g:1606:     k==2:IDENT
/home/travis/build/checkstyle/checkstyle/src/main/resources/com/puppycrawl/tools/checkstyle/grammars/java.g:1608:17: warning:nondeterminism between alts 1 and 2 of block upon
/home/travis/build/checkstyle/checkstyle/src/main/resources/com/puppycrawl/tools/checkstyle/grammars/java.g:1608:17:     k==1:RPAREN
/home/travis/build/checkstyle/checkstyle/src/main/resources/com/puppycrawl/tools/checkstyle/grammars/java.g:1608:17:     k==2:LAMBDA

[INFO] 
[INFO] --- antlr4-maven-plugin:4.5.2-1:antlr4 (default) @ checkstyle ---
[INFO] ANTLR 4: Processing source directory /home/travis/build/checkstyle/checkstyle/src/main/resources
[INFO] Processing grammar: com/puppycrawl/tools/checkstyle/grammars/javadoc/JavadocLexer.g4
[INFO] Processing grammar: com/puppycrawl/tools/checkstyle/grammars/javadoc/JavadocParser.g4
[INFO] 
[INFO] --- build-helper-maven-plugin:1.10:add-source (add-source) @ checkstyle ---
[INFO] Source directory: /home/travis/build/checkstyle/checkstyle/target/generated-sources/antlr added.
[INFO] 
[INFO] --- maven-resources-plugin:2.7:resources (default-resources) @ checkstyle ---
[INFO] Using 'UTF-8' encoding to copy filtered resources.
[INFO] Copying 145 resources
[INFO] Copying 1 resource
[INFO] 
[INFO] --- build-helper-maven-plugin:1.10:add-test-source (add-test-source) @ checkstyle ---
[INFO] Test Source directory: /home/travis/build/checkstyle/checkstyle/src/test/resources added.
[INFO] 
[INFO] --- build-helper-maven-plugin:1.10:add-test-source (add-it-test-source) @ checkstyle ---
[INFO] Test Source directory: /home/travis/build/checkstyle/checkstyle/src/it/java added.
[INFO] 
[INFO] --- build-helper-maven-plugin:1.10:add-test-source (add-it-test-resource) @ checkstyle ---
[INFO] Test Source directory: /home/travis/build/checkstyle/checkstyle/src/it/resources added.
[INFO] 
[INFO] --- maven-compiler-plugin:3.5.1:compile (default-compile) @ checkstyle ---
[INFO] Changes detected - recompiling the module!
[INFO] Compiling 341 source files to /home/travis/build/checkstyle/checkstyle/target/classes
[INFO] /home/travis/build/checkstyle/checkstyle/src/main/java/com/puppycrawl/tools/checkstyle/checks/javadoc/JavadocMethodCheck.java: /home/travis/build/checkstyle/checkstyle/src/main/java/com/puppycrawl/tools/checkstyle/checks/javadoc/JavadocMethodCheck.java uses or overrides a deprecated API.
[INFO] /home/travis/build/checkstyle/checkstyle/src/main/java/com/puppycrawl/tools/checkstyle/checks/javadoc/JavadocMethodCheck.java: Recompile with -Xlint:deprecation for details.
[INFO] /home/travis/build/checkstyle/checkstyle/src/main/java/com/puppycrawl/tools/checkstyle/api/AutomaticBean.java: Some input files use unchecked or unsafe operations.
[INFO] /home/travis/build/checkstyle/checkstyle/src/main/java/com/puppycrawl/tools/checkstyle/api/AutomaticBean.java: Recompile with -Xlint:unchecked for details.
[INFO] 
[INFO] --- maven-antrun-plugin:1.8:run (ant-phase-compile) @ checkstyle ---
[INFO] Executing tasks

main:

execute:
[propertyfile] Creating new property file: /home/travis/build/checkstyle/checkstyle/target/classes/checkstylecompilation.properties
  [javadoc] Generating Javadoc
  [javadoc] Javadoc execution
  [javadoc] Loading source file /home/travis/build/checkstyle/checkstyle/src/main/java/com/puppycrawl/tools/checkstyle/api/TokenTypes.java...
  [javadoc] Constructing Javadoc information...
[INFO] Executed tasks
[INFO] 
[INFO] --- maven-resources-plugin:2.7:testResources (default-testResources) @ checkstyle ---
[INFO] Using 'UTF-8' encoding to copy filtered resources.
[INFO] Copying 587 resources
[INFO] 
[INFO] --- maven-compiler-plugin:3.5.1:testCompile (default-testCompile) @ checkstyle ---
[INFO] Changes detected - recompiling the module!
[INFO] Compiling 897 source files to /home/travis/build/checkstyle/checkstyle/target/test-classes
[INFO] /home/travis/build/checkstyle/checkstyle/src/test/java/com/puppycrawl/tools/checkstyle/checks/javadoc/AbstractTypeAwareCheckTest.java: Some input files use or override a deprecated API.
[INFO] /home/travis/build/checkstyle/checkstyle/src/test/java/com/puppycrawl/tools/checkstyle/checks/javadoc/AbstractTypeAwareCheckTest.java: Recompile with -Xlint:deprecation for details.
[INFO] 
[INFO] --- maven-surefire-plugin:2.19.1:test (default-test) @ checkstyle ---
[INFO] Tests are skipped.
[INFO] 
[INFO] --- xml-maven-plugin:1.0.1:validate (default) @ checkstyle ---
[INFO] 
[INFO] --- maven-jar-plugin:2.6:jar (default-jar) @ checkstyle ---
[INFO] Building jar: /home/travis/build/checkstyle/checkstyle/target/checkstyle-6.17-SNAPSHOT.jar
[INFO] 
[INFO] --- maven-jar-plugin:2.6:test-jar (default) @ checkstyle ---
[INFO] Building jar: /home/travis/build/checkstyle/checkstyle/target/checkstyle-6.17-SNAPSHOT-tests.jar
[INFO] 
[INFO] --- maven-failsafe-plugin:2.19.1:integration-test (integration-test) @ checkstyle ---
[INFO] Tests are skipped.
[INFO] 
[INFO] --- maven-checkstyle-plugin:2.17:check (sevntu-checkstyle-check) @ checkstyle ---
[INFO] ------------------------------------------------------------------------
[INFO] BUILD FAILURE
[INFO] ------------------------------------------------------------------------
[INFO] Total time: 33.168 s
[INFO] Finished at: 2016-02-28T15:24:29+00:00
[INFO] Final Memory: 44M/453M
[INFO] ------------------------------------------------------------------------
[ERROR] Failed to execute goal org.apache.maven.plugins:maven-checkstyle-plugin:2.17:check (sevntu-checkstyle-check) on project checkstyle: Failed during checkstyle configuration: Exception was thrown while processing /home/travis/build/checkstyle/checkstyle/src/main/java/com/puppycrawl/tools/checkstyle/Checker.java: NullPointerException -> [Help 1]
[ERROR] 
[ERROR] To see the full stack trace of the errors, re-run Maven with the -e switch.
[ERROR] Re-run Maven using the -X switch to enable full debug logging.
[ERROR] 
[ERROR] For more information about the errors and possible solutions, please read the following articles:
[ERROR] [Help 1] http://cwiki.apache.org/confluence/display/MAVEN/MojoExecutionException

travis_time:end:1a2d42f6:start=1456673034616029914,finish=1456673070613051850,duration=35997021936[0K
[31;1mThe command "eval $CMD" exited with 1.[0m
travis_fold:start:cache.2[0Kstore build cache
travis_time:start:0b214168[0K
travis_time:end:0b214168:start=1456673070617484848,finish=1456673070620855805,duration=3370957[0Ktravis_time:start:1a581c30[0K[32;1mchange detected:
/home/travis/.m2/repository/junit/junit-dep/resolver-status.properties

[0m
[32;1mchanges detected, packing new archive[0m
.
[32;1muploading archive[0m

travis_time:end:1a581c30:start=1456673070624780082,finish=1456673082607713531,duration=11982933449[0Ktravis_fold:end:cache.2[0K
Done. Your build exited with 1.
