Using worker: worker-linux-docker-4ac65fcd.prod.travis-ci.org:travis-linux-9

travis_fold:start:system_info[0K[33;1mBuild system information[0m
Build language: java
Build group: stable
Build dist: precise
[34m[1mBuild image provisioning date and time[0m
Thu Feb  5 15:09:33 UTC 2015
[34m[1mOperating System Details[0m
Distributor ID:	Ubuntu
Description:	Ubuntu 12.04.5 LTS
Release:	12.04
Codename:	precise
[34m[1mLinux Version[0m
3.13.0-29-generic
[34m[1mCookbooks Version[0m
a68419e https://github.com/travis-ci/travis-cookbooks/tree/a68419e
[34m[1mGCC version[0m
gcc (Ubuntu/Linaro 4.6.3-1ubuntu5) 4.6.3
Copyright (C) 2011 Free Software Foundation, Inc.
This is free software; see the source for copying conditions.  There is NO
warranty; not even for MERCHANTABILITY or FITNESS FOR A PARTICULAR PURPOSE.

[34m[1mLLVM version[0m
clang version 3.4 (tags/RELEASE_34/final)
Target: x86_64-unknown-linux-gnu
Thread model: posix
[34m[1mPre-installed Ruby versions[0m
ruby-1.9.3-p551
[34m[1mPre-installed Node.js versions[0m
v0.10.36
[34m[1mPre-installed Go versions[0m
1.4.1
[34m[1mRedis version[0m
redis-server 2.8.19
[34m[1mriak version[0m
2.0.2
[34m[1mMongoDB version[0m
MongoDB 2.4.12
[34m[1mCouchDB version[0m
couchdb 1.6.1
[34m[1mNeo4j version[0m
1.9.4
[34m[1mRabbitMQ Version[0m
3.4.3
[34m[1mElasticSearch version[0m
1.4.0
[34m[1mInstalled Sphinx versions[0m
2.0.10
2.1.9
2.2.6
[34m[1mDefault Sphinx version[0m
2.2.6
[34m[1mInstalled Firefox version[0m
firefox 31.0esr
[34m[1mPhantomJS version[0m
1.9.8
[34m[1mant -version[0m
Apache Ant(TM) version 1.8.2 compiled on December 3 2011
[34m[1mmvn -version[0m
Apache Maven 3.2.5 (12a6b3acb947671f09b81f49094c53f426d8cea1; 2014-12-14T17:29:23+00:00)
Maven home: /usr/local/maven
Java version: 1.7.0_76, vendor: Oracle Corporation
Java home: /usr/lib/jvm/java-7-oracle/jre
Default locale: en_US, platform encoding: ANSI_X3.4-1968
OS name: "linux", version: "3.13.0-29-generic", arch: "amd64", family: "unix"
travis_fold:end:system_info[0K
travis_fold:start:fix.CVE-2015-7547[0K$ export DEBIAN_FRONTEND=noninteractive
W: Size of file /var/lib/apt/lists/us.archive.ubuntu.com_ubuntu_dists_precise-backports_multiverse_source_Sources.gz is not what the server reported 5886 5888
W: Size of file /var/lib/apt/lists/ppa.launchpad.net_ubuntugis_ppa_ubuntu_dists_precise_main_binary-amd64_Packages.gz is not what the server reported 36669 36677
W: Size of file /var/lib/apt/lists/ppa.launchpad.net_ubuntugis_ppa_ubuntu_dists_precise_main_binary-i386_Packages.gz is not what the server reported 36729 36733
Reading package lists...
Building dependency tree...
Reading state information...
The following extra packages will be installed:
  libc-bin libc-dev-bin libc6-dev
Suggested packages:
  glibc-doc
The following packages will be upgraded:
  libc-bin libc-dev-bin libc6 libc6-dev
4 upgraded, 0 newly installed, 0 to remove and 236 not upgraded.
Need to get 8,844 kB of archives.
After this operation, 9,216 B disk space will be freed.
Get:1 http://us.archive.ubuntu.com/ubuntu/ precise-updates/main libc6-dev amd64 2.15-0ubuntu10.13 [2,943 kB]
Get:2 http://us.archive.ubuntu.com/ubuntu/ precise-updates/main libc-dev-bin amd64 2.15-0ubuntu10.13 [84.7 kB]
Get:3 http://us.archive.ubuntu.com/ubuntu/ precise-updates/main libc-bin amd64 2.15-0ubuntu10.13 [1,179 kB]
Get:4 http://us.archive.ubuntu.com/ubuntu/ precise-updates/main libc6 amd64 2.15-0ubuntu10.13 [4,637 kB]
Fetched 8,844 kB in 0s (25.1 MB/s)
Preconfiguring packages ...
(Reading database ... (Reading database ... 5%(Reading database ... 10%(Reading database ... 15%(Reading database ... 20%(Reading database ... 25%(Reading database ... 30%(Reading database ... 35%(Reading database ... 40%(Reading database ... 45%(Reading database ... 50%(Reading database ... 55%(Reading database ... 60%(Reading database ... 65%(Reading database ... 70%(Reading database ... 75%(Reading database ... 80%(Reading database ... 85%(Reading database ... 90%(Reading database ... 95%(Reading database ... 100%(Reading database ... 72019 files and directories currently installed.)
Preparing to replace libc6-dev 2.15-0ubuntu10.10 (using .../libc6-dev_2.15-0ubuntu10.13_amd64.deb) ...
Unpacking replacement libc6-dev ...
Preparing to replace libc-dev-bin 2.15-0ubuntu10.10 (using .../libc-dev-bin_2.15-0ubuntu10.13_amd64.deb) ...
Unpacking replacement libc-dev-bin ...
Preparing to replace libc-bin 2.15-0ubuntu10.10 (using .../libc-bin_2.15-0ubuntu10.13_amd64.deb) ...
Unpacking replacement libc-bin ...
Processing triggers for man-db ...
Setting up libc-bin (2.15-0ubuntu10.13) ...
(Reading database ... (Reading database ... 5%(Reading database ... 10%(Reading database ... 15%(Reading database ... 20%(Reading database ... 25%(Reading database ... 30%(Reading database ... 35%(Reading database ... 40%(Reading database ... 45%(Reading database ... 50%(Reading database ... 55%(Reading database ... 60%(Reading database ... 65%(Reading database ... 70%(Reading database ... 75%(Reading database ... 80%(Reading database ... 85%(Reading database ... 90%(Reading database ... 95%(Reading database ... 100%(Reading database ... 72019 files and directories currently installed.)
Preparing to replace libc6 2.15-0ubuntu10.10 (using .../libc6_2.15-0ubuntu10.13_amd64.deb) ...
Unpacking replacement libc6 ...
Setting up libc6 (2.15-0ubuntu10.13) ...
Setting up libc-dev-bin (2.15-0ubuntu10.13) ...
Setting up libc6-dev (2.15-0ubuntu10.13) ...
Processing triggers for libc-bin ...
ldconfig deferred processing now taking place
travis_fold:end:fix.CVE-2015-7547[0Ktravis_fold:start:git.checkout[0Ktravis_time:start:1013b680[0K$ git clone --depth=50 --branch=new-engine-model https://github.com/NitorCreations/nflow.git NitorCreations/nflow
Cloning into 'NitorCreations/nflow'...
remote: Counting objects: 2161, done.[K
remote: Compressing objects:   0% (1/985)   [Kremote: Compressing objects:   1% (10/985)   [Kremote: Compressing objects:   2% (20/985)   [Kremote: Compressing objects:   3% (30/985)   [Kremote: Compressing objects:   4% (40/985)   [Kremote: Compressing objects:   5% (50/985)   [Kremote: Compressing objects:   6% (60/985)   [Kremote: Compressing objects:   7% (69/985)   [Kremote: Compressing objects:   8% (79/985)   [Kremote: Compressing objects:   9% (89/985)   [Kremote: Compressing objects:  10% (99/985)   [Kremote: Compressing objects:  11% (109/985)   [Kremote: Compressing objects:  12% (119/985)   [Kremote: Compressing objects:  13% (129/985)   [Kremote: Compressing objects:  14% (138/985)   [Kremote: Compressing objects:  15% (148/985)   [Kremote: Compressing objects:  16% (158/985)   [Kremote: Compressing objects:  17% (168/985)   [Kremote: Compressing objects:  18% (178/985)   [Kremote: Compressing objects:  19% (188/985)   [Kremote: Compressing objects:  20% (197/985)   [Kremote: Compressing objects:  21% (207/985)   [Kremote: Compressing objects:  22% (217/985)   [Kremote: Compressing objects:  23% (227/985)   [Kremote: Compressing objects:  24% (237/985)   [Kremote: Compressing objects:  25% (247/985)   [Kremote: Compressing objects:  26% (257/985)   [Kremote: Compressing objects:  27% (266/985)   [Kremote: Compressing objects:  28% (276/985)   [Kremote: Compressing objects:  29% (286/985)   [Kremote: Compressing objects:  30% (296/985)   [Kremote: Compressing objects:  31% (306/985)   [Kremote: Compressing objects:  32% (316/985)   [Kremote: Compressing objects:  33% (326/985)   [Kremote: Compressing objects:  34% (335/985)   [Kremote: Compressing objects:  35% (345/985)   [Kremote: Compressing objects:  36% (355/985)   [Kremote: Compressing objects:  37% (365/985)   [Kremote: Compressing objects:  38% (375/985)   [Kremote: Compressing objects:  39% (385/985)   [Kremote: Compressing objects:  40% (394/985)   [Kremote: Compressing objects:  41% (404/985)   [Kremote: Compressing objects:  42% (414/985)   [Kremote: Compressing objects:  43% (424/985)   [Kremote: Compressing objects:  44% (434/985)   [Kremote: Compressing objects:  45% (444/985)   [Kremote: Compressing objects:  46% (454/985)   [Kremote: Compressing objects:  47% (463/985)   [Kremote: Compressing objects:  48% (473/985)   [Kremote: Compressing objects:  49% (483/985)   [Kremote: Compressing objects:  50% (493/985)   [Kremote: Compressing objects:  51% (503/985)   [Kremote: Compressing objects:  52% (513/985)   [Kremote: Compressing objects:  53% (523/985)   [Kremote: Compressing objects:  54% (532/985)   [Kremote: Compressing objects:  55% (542/985)   [Kremote: Compressing objects:  56% (552/985)   [Kremote: Compressing objects:  57% (562/985)   [Kremote: Compressing objects:  58% (572/985)   [Kremote: Compressing objects:  59% (582/985)   [Kremote: Compressing objects:  60% (591/985)   [Kremote: Compressing objects:  61% (601/985)   [Kremote: Compressing objects:  62% (611/985)   [Kremote: Compressing objects:  63% (621/985)   [Kremote: Compressing objects:  64% (631/985)   [Kremote: Compressing objects:  65% (641/985)   [Kremote: Compressing objects:  66% (651/985)   [Kremote: Compressing objects:  67% (660/985)   [Kremote: Compressing objects:  68% (670/985)   [Kremote: Compressing objects:  69% (680/985)   [Kremote: Compressing objects:  70% (690/985)   [Kremote: Compressing objects:  71% (700/985)   [Kremote: Compressing objects:  72% (710/985)   [Kremote: Compressing objects:  73% (720/985)   [Kremote: Compressing objects:  74% (729/985)   [Kremote: Compressing objects:  75% (739/985)   [Kremote: Compressing objects:  76% (749/985)   [Kremote: Compressing objects:  77% (759/985)   [Kremote: Compressing objects:  78% (769/985)   [Kremote: Compressing objects:  79% (779/985)   [Kremote: Compressing objects:  80% (788/985)   [Kremote: Compressing objects:  81% (798/985)   [Kremote: Compressing objects:  82% (808/985)   [Kremote: Compressing objects:  83% (818/985)   [Kremote: Compressing objects:  84% (828/985)   [Kremote: Compressing objects:  85% (838/985)   [Kremote: Compressing objects:  86% (848/985)   [Kremote: Compressing objects:  87% (857/985)   [Kremote: Compressing objects:  88% (867/985)   [Kremote: Compressing objects:  89% (877/985)   [Kremote: Compressing objects:  90% (887/985)   [Kremote: Compressing objects:  91% (897/985)   [Kremote: Compressing objects:  92% (907/985)   [Kremote: Compressing objects:  93% (917/985)   [Kremote: Compressing objects:  94% (926/985)   [Kremote: Compressing objects:  95% (936/985)   [Kremote: Compressing objects:  96% (946/985)   [Kremote: Compressing objects:  97% (956/985)   [Kremote: Compressing objects:  98% (966/985)   [Kremote: Compressing objects:  99% (976/985)   [Kremote: Compressing objects: 100% (985/985)   [Kremote: Compressing objects: 100% (985/985), done.[K
Receiving objects:   0% (1/2161)   Receiving objects:   1% (22/2161)   Receiving objects:   2% (44/2161)   Receiving objects:   3% (65/2161)   Receiving objects:   4% (87/2161)   Receiving objects:   5% (109/2161)   Receiving objects:   6% (130/2161)   Receiving objects:   7% (152/2161)   Receiving objects:   8% (173/2161)   Receiving objects:   9% (195/2161)   Receiving objects:  10% (217/2161)   Receiving objects:  11% (238/2161)   Receiving objects:  12% (260/2161)   Receiving objects:  13% (281/2161)   Receiving objects:  14% (303/2161)   Receiving objects:  15% (325/2161)   Receiving objects:  16% (346/2161)   Receiving objects:  17% (368/2161)   Receiving objects:  18% (389/2161)   Receiving objects:  19% (411/2161)   Receiving objects:  20% (433/2161)   Receiving objects:  21% (454/2161)   Receiving objects:  22% (476/2161)   Receiving objects:  23% (498/2161)   Receiving objects:  24% (519/2161)   Receiving objects:  25% (541/2161)   Receiving objects:  26% (562/2161)   Receiving objects:  27% (584/2161)   Receiving objects:  28% (606/2161)   Receiving objects:  29% (627/2161)   Receiving objects:  30% (649/2161)   Receiving objects:  31% (670/2161)   Receiving objects:  32% (692/2161)   Receiving objects:  33% (714/2161)   Receiving objects:  34% (735/2161)   Receiving objects:  35% (757/2161)   Receiving objects:  36% (778/2161)   Receiving objects:  37% (800/2161)   Receiving objects:  38% (822/2161)   Receiving objects:  39% (843/2161)   Receiving objects:  40% (865/2161)   Receiving objects:  41% (887/2161)   Receiving objects:  42% (908/2161)   Receiving objects:  43% (930/2161)   Receiving objects:  44% (951/2161)   Receiving objects:  45% (973/2161)   Receiving objects:  46% (995/2161)   Receiving objects:  47% (1016/2161)   Receiving objects:  48% (1038/2161)   Receiving objects:  49% (1059/2161)   Receiving objects:  50% (1081/2161)   Receiving objects:  51% (1103/2161)   Receiving objects:  52% (1124/2161)   Receiving objects:  53% (1146/2161)   Receiving objects:  54% (1167/2161)   Receiving objects:  55% (1189/2161)   Receiving objects:  56% (1211/2161)   Receiving objects:  57% (1232/2161)   Receiving objects:  58% (1254/2161)   Receiving objects:  59% (1275/2161)   Receiving objects:  60% (1297/2161)   Receiving objects:  61% (1319/2161)   Receiving objects:  62% (1340/2161)   Receiving objects:  63% (1362/2161)   Receiving objects:  64% (1384/2161)   Receiving objects:  65% (1405/2161)   Receiving objects:  66% (1427/2161)   Receiving objects:  67% (1448/2161)   Receiving objects:  68% (1470/2161)   Receiving objects:  69% (1492/2161)   Receiving objects:  70% (1513/2161)   Receiving objects:  71% (1535/2161)   Receiving objects:  72% (1556/2161)   Receiving objects:  73% (1578/2161)   Receiving objects:  74% (1600/2161)   Receiving objects:  75% (1621/2161)   Receiving objects:  76% (1643/2161)   Receiving objects:  77% (1664/2161)   Receiving objects:  78% (1686/2161)   Receiving objects:  79% (1708/2161)   Receiving objects:  80% (1729/2161)   Receiving objects:  81% (1751/2161)   Receiving objects:  82% (1773/2161)   remote: Total 2161 (delta 794), reused 1813 (delta 586), pack-reused 0[K
Receiving objects:  83% (1794/2161)   Receiving objects:  84% (1816/2161)   Receiving objects:  85% (1837/2161)   Receiving objects:  86% (1859/2161)   Receiving objects:  87% (1881/2161)   Receiving objects:  88% (1902/2161)   Receiving objects:  89% (1924/2161)   Receiving objects:  90% (1945/2161)   Receiving objects:  91% (1967/2161)   Receiving objects:  92% (1989/2161)   Receiving objects:  93% (2010/2161)   Receiving objects:  94% (2032/2161)   Receiving objects:  95% (2053/2161)   Receiving objects:  96% (2075/2161)   Receiving objects:  97% (2097/2161)   Receiving objects:  98% (2118/2161)   Receiving objects:  99% (2140/2161)   Receiving objects: 100% (2161/2161)   Receiving objects: 100% (2161/2161), 1.31 MiB | 0 bytes/s, done.
Resolving deltas:   0% (0/794)   Resolving deltas:   1% (10/794)   Resolving deltas:   3% (26/794)   Resolving deltas:   4% (35/794)   Resolving deltas:   5% (41/794)   Resolving deltas:   6% (55/794)   Resolving deltas:   7% (61/794)   Resolving deltas:   8% (68/794)   Resolving deltas:   9% (75/794)   Resolving deltas:  10% (82/794)   Resolving deltas:  11% (93/794)   Resolving deltas:  13% (105/794)   Resolving deltas:  17% (136/794)   Resolving deltas:  18% (144/794)   Resolving deltas:  19% (156/794)   Resolving deltas:  20% (162/794)   Resolving deltas:  21% (171/794)   Resolving deltas:  22% (179/794)   Resolving deltas:  23% (186/794)   Resolving deltas:  24% (193/794)   Resolving deltas:  25% (200/794)   Resolving deltas:  26% (209/794)   Resolving deltas:  27% (216/794)   Resolving deltas:  28% (229/794)   Resolving deltas:  29% (231/794)   Resolving deltas:  30% (239/794)   Resolving deltas:  31% (253/794)   Resolving deltas:  32% (259/794)   Resolving deltas:  33% (267/794)   Resolving deltas:  34% (275/794)   Resolving deltas:  35% (278/794)   Resolving deltas:  36% (290/794)   Resolving deltas:  43% (346/794)   Resolving deltas:  44% (353/794)   Resolving deltas:  45% (361/794)   Resolving deltas:  46% (366/794)   Resolving deltas:  47% (374/794)   Resolving deltas:  48% (384/794)   Resolving deltas:  49% (390/794)   Resolving deltas:  50% (400/794)   Resolving deltas:  51% (406/794)   Resolving deltas:  52% (414/794)   Resolving deltas:  53% (422/794)   Resolving deltas:  54% (430/794)   Resolving deltas:  55% (438/794)   Resolving deltas:  56% (445/794)   Resolving deltas:  62% (500/794)   Resolving deltas:  63% (504/794)   Resolving deltas:  64% (509/794)   Resolving deltas:  66% (526/794)   Resolving deltas:  67% (532/794)   Resolving deltas:  68% (541/794)   Resolving deltas:  70% (560/794)   Resolving deltas:  71% (565/794)   Resolving deltas:  72% (572/794)   Resolving deltas:  73% (580/794)   Resolving deltas:  74% (588/794)   Resolving deltas:  76% (606/794)   Resolving deltas:  77% (613/794)   Resolving deltas:  78% (625/794)   Resolving deltas:  79% (629/794)   Resolving deltas:  80% (636/794)   Resolving deltas:  81% (647/794)   Resolving deltas:  82% (652/794)   Resolving deltas:  83% (661/794)   Resolving deltas:  84% (667/794)   Resolving deltas:  85% (675/794)   Resolving deltas:  86% (683/794)   Resolving deltas:  87% (693/794)   Resolving deltas:  88% (699/794)   Resolving deltas:  89% (708/794)   Resolving deltas:  90% (718/794)   Resolving deltas:  91% (725/794)   Resolving deltas:  92% (732/794)   Resolving deltas:  93% (740/794)   Resolving deltas:  94% (747/794)   Resolving deltas:  95% (756/794)   Resolving deltas:  96% (767/794)   Resolving deltas:  97% (772/794)   Resolving deltas:  99% (790/794)   Resolving deltas: 100% (794/794)   Resolving deltas: 100% (794/794), done.
Checking connectivity... done.

travis_time:end:1013b680:start=1461937325157745690,finish=1461937326366758061,duration=1209012371[0K$ cd NitorCreations/nflow
$ git checkout -qf 4e1ffef1bf3f6a99fe68fd58cca5a46e2fc6f237
travis_fold:end:git.checkout[0Ktravis_fold:start:postgresql[0K[33;1mStarting PostgreSQL v9.4[0m
travis_time:start:1cbb97fa[0K$ sudo service postgresql stop
 * Stopping PostgreSQL 9.1 database server       [80G [74G[ OK ]
 * Stopping PostgreSQL 9.2 database server       [80G [74G[ OK ]
 * Stopping PostgreSQL 9.3 database server       [80G [74G[ OK ]
 * Stopping PostgreSQL 9.4 database server       [80G [74G[ OK ]

travis_time:end:1cbb97fa:start=1461937326396602468,finish=1461937327720869791,duration=1324267323[0Ktravis_time:start:021ac2c0[0K$ sudo service postgresql start 9.4
 * Starting PostgreSQL 9.4 database server       [80G [74G[ OK ]

travis_time:end:021ac2c0:start=1461937327724828986,finish=1461937329926050129,duration=2201221143[0Ktravis_time:start:07f50bf0[0K$ sudo -u postgres createuser -s -p 5432 travis &>/dev/null

travis_time:end:07f50bf0:start=1461937329929713380,finish=1461937329976025040,duration=46311660[0Ktravis_time:start:232c2ad1[0K$ sudo -u postgres createdb -O travis -p 5432 travis &>/dev/null

travis_time:end:232c2ad1:start=1461937329979582489,finish=1461937330251118506,duration=271536017[0Ktravis_time:start:065cc51e[0K$ sudo -u postgres createuser -s -p 5433 travis &>/dev/null

travis_time:end:065cc51e:start=1461937330254699564,finish=1461937330293738780,duration=39039216[0Ktravis_time:start:0e1048e4[0K$ sudo -u postgres createdb -O travis -p 5433 travis &>/dev/null

travis_time:end:0e1048e4:start=1461937330297635017,finish=1461937330342701414,duration=45066397[0Ktravis_fold:end:postgresql[0K
[33;1mThis job is running on container-based infrastructure, which does not allow use of 'sudo', setuid and setguid executables.[0m
[33;1mIf you require sudo, add 'sudo: required' to your .travis.yml[0m
[33;1mSee https://docs.travis-ci.com/user/workers/container-based-infrastructure/ for details.[0m

[33;1mSetting environment variables from .travis.yml[0m
$ export BUILD_SYSTEM=travis
$ export SPRING_PROFILES_ACTIVE=nflow.db.postgresql

$ jdk_switcher use oraclejdk8
Switching to Oracle JDK8 (java-8-oracle), JAVA_HOME will be set to /usr/lib/jvm/java-8-oracle
travis_fold:start:cache.1[0KSetting up build cache
$ export CASHER_DIR=$HOME/.casher
travis_time:start:045037c6[0K$ Installing caching utilities

travis_time:end:045037c6:start=1461937332264610310,finish=1461937332367111847,duration=102501537[0Ktravis_time:start:146ad925[0K
travis_time:end:146ad925:start=1461937332372290567,finish=1461937332375890387,duration=3599820[0Ktravis_time:start:043dc1cc[0K[32;1mattempting to download cache archive[0m
[32;1mfetching new-engine-model/cache--jdk-oraclejdk8.tgz[0m
[32;1mfetching master/cache--jdk-oraclejdk8.tgz[0m
[32;1mfound cache[0m

travis_time:end:043dc1cc:start=1461937332380094825,finish=1461937335701254867,duration=3321160042[0Ktravis_time:start:000b2d08[0K
travis_time:end:000b2d08:start=1461937335706309047,finish=1461937335710556687,duration=4247640[0Ktravis_time:start:0050d430[0K[32;1madding /home/travis/.m2 to cache[0m

travis_time:end:0050d430:start=1461937335714897668,finish=1461937339671919428,duration=3957021760[0Ktravis_fold:end:cache.1[0K$ java -Xmx32m -version
java version "1.8.0_31"
Java(TM) SE Runtime Environment (build 1.8.0_31-b13)
Java HotSpot(TM) 64-Bit Server VM (build 25.31-b07, mixed mode)
$ javac -J-Xmx32m -version
javac 1.8.0_31
travis_fold:start:install[0Ktravis_time:start:053b91fc[0K$ mvn install -DskipTests=true -Dmaven.javadoc.skip=true -B -V
Java HotSpot(TM) 64-Bit Server VM warning: ignoring option MaxPermSize=192m; support was removed in 8.0
Apache Maven 3.2.5 (12a6b3acb947671f09b81f49094c53f426d8cea1; 2014-12-14T17:29:23+00:00)
Maven home: /usr/local/maven
Java version: 1.8.0_31, vendor: Oracle Corporation
Java home: /usr/lib/jvm/java-8-oracle/jre
Default locale: en_US, platform encoding: UTF-8
OS name: "linux", version: "3.13.0-40-generic", arch: "amd64", family: "unix"
[INFO] Scanning for projects...
[WARNING] 
[WARNING] Some problems were encountered while building the effective model for com.nitorcreations:nflow-jetty:jar:3.1.2-SNAPSHOT
[WARNING] 'profiles.profile[oracle].dependencies.dependency.systemPath' for com.oracle:ojdbc7:jar should not point at files within the project directory, ${basedir}/../ojdbc7.jar will be unresolvable by dependent projects @ com.nitorcreations:nflow-jetty:[unknown-version], /home/travis/build/NitorCreations/nflow/nflow-jetty/pom.xml, line 302, column 23
[WARNING] 
[WARNING] Some problems were encountered while building the effective model for com.nitorcreations:nflow-tests:jar:3.1.2-SNAPSHOT
[WARNING] 'profiles.profile[oracle].dependencies.dependency.systemPath' for com.oracle:ojdbc7:jar should not point at files within the project directory, ${basedir}/../ojdbc7.jar will be unresolvable by dependent projects @ com.nitorcreations:nflow-tests:[unknown-version], /home/travis/build/NitorCreations/nflow/nflow-tests/pom.xml, line 85, column 23
[WARNING] 
[WARNING] It is highly recommended to fix these problems because they threaten the stability of your build.
[WARNING] 
[WARNING] For this reason, future Maven versions might no longer support building such malformed projects.
[WARNING] 
[INFO] Inspecting build with total of 7 modules...
[INFO] Installing Nexus Staging features:
[INFO]   ... total of 7 executions of maven-deploy-plugin replaced with nexus-staging-maven-plugin
[INFO] ------------------------------------------------------------------------
[INFO] Reactor Build Order:
[INFO] 
[INFO] nflow
[INFO] nflow-engine
[INFO] nflow-rest-api
[INFO] nflow-jetty
[INFO] nflow-metrics
[INFO] nflow-tests
[INFO] nflow-perf-test
[INFO]                                                                         
[INFO] ------------------------------------------------------------------------
[INFO] Building nflow 3.1.2-SNAPSHOT
[INFO] ------------------------------------------------------------------------
[INFO] 
[INFO] --- maven-enforcer-plugin:1.4.1:enforce (ban-unwanted-dependencies) @ nflow-root ---
[INFO] 
[INFO] --- maven-source-plugin:2.4:jar-no-fork (attach-sources) @ nflow-root ---
[INFO] 
[INFO] --- maven-javadoc-plugin:2.10.3:jar (attach-javadocs) @ nflow-root ---
[INFO] Skipping javadoc generation
[INFO] 
[INFO] --- maven-install-plugin:2.5.2:install (default-install) @ nflow-root ---
[INFO] Installing /home/travis/build/NitorCreations/nflow/pom.xml to /home/travis/.m2/repository/com/nitorcreations/nflow-root/3.1.2-SNAPSHOT/nflow-root-3.1.2-SNAPSHOT.pom
[INFO]                                                                         
[INFO] ------------------------------------------------------------------------
[INFO] Building nflow-engine 3.1.2-SNAPSHOT
[INFO] ------------------------------------------------------------------------
[INFO] 
[INFO] --- maven-enforcer-plugin:1.4.1:enforce (ban-unwanted-dependencies) @ nflow-engine ---
[INFO] 
[INFO] --- maven-resources-plugin:2.7:resources (default-resources) @ nflow-engine ---
[INFO] Using 'UTF-8' encoding to copy filtered resources.
[INFO] Copying 25 resources
[INFO] 
[INFO] --- maven-compiler-plugin:3.5:compile (default-compile) @ nflow-engine ---
[INFO] Changes detected - recompiling the module!
[INFO] Compiling 74 source files to /home/travis/build/NitorCreations/nflow/nflow-engine/target/classes
[INFO] -------------------------------------------------------------
[ERROR] COMPILATION ERROR : 
[INFO] -------------------------------------------------------------
[ERROR] /home/travis/build/NitorCreations/nflow/nflow-engine/src/main/java/com/nitorcreations/nflow/engine/processing/nflow/StandardNflowWorkflowProcessingFactory.java:[24,54] constructor StandardNfloWorkflowProcessingDefinition in class com.nitorcreations.nflow.engine.processing.nflow.StandardNfloWorkflowProcessingDefinition cannot be applied to given types;
  required: com.nitorcreations.nflow.engine.workflow.definition.AbstractWorkflowDefinition<? extends com.nitorcreations.nflow.engine.workflow.definition.WorkflowState>
  found: no arguments
  reason: actual and formal argument lists differ in length
[INFO] 1 error
[INFO] -------------------------------------------------------------
[INFO] ------------------------------------------------------------------------
[INFO] Reactor Summary:
[INFO] 
[INFO] nflow .............................................. SUCCESS [  4.854 s]
[INFO] nflow-engine ....................................... FAILURE [ 10.462 s]
[INFO] nflow-rest-api ..................................... SKIPPED
[INFO] nflow-jetty ........................................ SKIPPED
[INFO] nflow-metrics ...................................... SKIPPED
[INFO] nflow-tests ........................................ SKIPPED
[INFO] nflow-perf-test .................................... SKIPPED
[INFO] ------------------------------------------------------------------------
[INFO] BUILD FAILURE
[INFO] ------------------------------------------------------------------------
[INFO] Total time: 18.462 s
[INFO] Finished at: 2016-04-29T13:42:45+00:00
[INFO] Final Memory: 28M/360M
[INFO] ------------------------------------------------------------------------
[ERROR] Failed to execute goal org.apache.maven.plugins:maven-compiler-plugin:3.5:compile (default-compile) on project nflow-engine: Compilation failure
[ERROR] /home/travis/build/NitorCreations/nflow/nflow-engine/src/main/java/com/nitorcreations/nflow/engine/processing/nflow/StandardNflowWorkflowProcessingFactory.java:[24,54] constructor StandardNfloWorkflowProcessingDefinition in class com.nitorcreations.nflow.engine.processing.nflow.StandardNfloWorkflowProcessingDefinition cannot be applied to given types;
[ERROR] required: com.nitorcreations.nflow.engine.workflow.definition.AbstractWorkflowDefinition<? extends com.nitorcreations.nflow.engine.workflow.definition.WorkflowState>
[ERROR] found: no arguments
[ERROR] reason: actual and formal argument lists differ in length
[ERROR] -> [Help 1]
[ERROR] 
[ERROR] To see the full stack trace of the errors, re-run Maven with the -e switch.
[ERROR] Re-run Maven using the -X switch to enable full debug logging.
[ERROR] 
[ERROR] For more information about the errors and possible solutions, please read the following articles:
[ERROR] [Help 1] http://cwiki.apache.org/confluence/display/MAVEN/MojoFailureException
[ERROR] 
[ERROR] After correcting the problems, you can resume the build with the command
[ERROR]   mvn <goals> -rf :nflow-engine

[31;1mThe command "eval mvn install -DskipTests=true -Dmaven.javadoc.skip=true -B -V" failed. Retrying, 2 of 3.[0m

Java HotSpot(TM) 64-Bit Server VM warning: ignoring option MaxPermSize=192m; support was removed in 8.0
Apache Maven 3.2.5 (12a6b3acb947671f09b81f49094c53f426d8cea1; 2014-12-14T17:29:23+00:00)
Maven home: /usr/local/maven
Java version: 1.8.0_31, vendor: Oracle Corporation
Java home: /usr/lib/jvm/java-8-oracle/jre
Default locale: en_US, platform encoding: UTF-8
OS name: "linux", version: "3.13.0-40-generic", arch: "amd64", family: "unix"
[INFO] Scanning for projects...
[WARNING] 
[WARNING] Some problems were encountered while building the effective model for com.nitorcreations:nflow-jetty:jar:3.1.2-SNAPSHOT
[WARNING] 'profiles.profile[oracle].dependencies.dependency.systemPath' for com.oracle:ojdbc7:jar should not point at files within the project directory, ${basedir}/../ojdbc7.jar will be unresolvable by dependent projects @ com.nitorcreations:nflow-jetty:[unknown-version], /home/travis/build/NitorCreations/nflow/nflow-jetty/pom.xml, line 302, column 23
[WARNING] 
[WARNING] Some problems were encountered while building the effective model for com.nitorcreations:nflow-tests:jar:3.1.2-SNAPSHOT
[WARNING] 'profiles.profile[oracle].dependencies.dependency.systemPath' for com.oracle:ojdbc7:jar should not point at files within the project directory, ${basedir}/../ojdbc7.jar will be unresolvable by dependent projects @ com.nitorcreations:nflow-tests:[unknown-version], /home/travis/build/NitorCreations/nflow/nflow-tests/pom.xml, line 85, column 23
[WARNING] 
[WARNING] It is highly recommended to fix these problems because they threaten the stability of your build.
[WARNING] 
[WARNING] For this reason, future Maven versions might no longer support building such malformed projects.
[WARNING] 
[INFO] Inspecting build with total of 7 modules...
[INFO] Installing Nexus Staging features:
[INFO]   ... total of 7 executions of maven-deploy-plugin replaced with nexus-staging-maven-plugin
[INFO] ------------------------------------------------------------------------
[INFO] Reactor Build Order:
[INFO] 
[INFO] nflow
[INFO] nflow-engine
[INFO] nflow-rest-api
[INFO] nflow-jetty
[INFO] nflow-metrics
[INFO] nflow-tests
[INFO] nflow-perf-test
[INFO]                                                                         
[INFO] ------------------------------------------------------------------------
[INFO] Building nflow 3.1.2-SNAPSHOT
[INFO] ------------------------------------------------------------------------
[INFO] 
[INFO] --- maven-enforcer-plugin:1.4.1:enforce (ban-unwanted-dependencies) @ nflow-root ---
[INFO] 
[INFO] --- maven-source-plugin:2.4:jar-no-fork (attach-sources) @ nflow-root ---
[INFO] 
[INFO] --- maven-javadoc-plugin:2.10.3:jar (attach-javadocs) @ nflow-root ---
[INFO] Skipping javadoc generation
[INFO] 
[INFO] --- maven-install-plugin:2.5.2:install (default-install) @ nflow-root ---
[INFO] Installing /home/travis/build/NitorCreations/nflow/pom.xml to /home/travis/.m2/repository/com/nitorcreations/nflow-root/3.1.2-SNAPSHOT/nflow-root-3.1.2-SNAPSHOT.pom
[INFO]                                                                         
[INFO] ------------------------------------------------------------------------
[INFO] Building nflow-engine 3.1.2-SNAPSHOT
[INFO] ------------------------------------------------------------------------
[INFO] 
[INFO] --- maven-enforcer-plugin:1.4.1:enforce (ban-unwanted-dependencies) @ nflow-engine ---
[INFO] 
[INFO] --- maven-resources-plugin:2.7:resources (default-resources) @ nflow-engine ---
[INFO] Using 'UTF-8' encoding to copy filtered resources.
[INFO] Copying 25 resources
[INFO] 
[INFO] --- maven-compiler-plugin:3.5:compile (default-compile) @ nflow-engine ---
[INFO] Changes detected - recompiling the module!
[INFO] Compiling 74 source files to /home/travis/build/NitorCreations/nflow/nflow-engine/target/classes
[INFO] -------------------------------------------------------------
[ERROR] COMPILATION ERROR : 
[INFO] -------------------------------------------------------------
[ERROR] /home/travis/build/NitorCreations/nflow/nflow-engine/src/main/java/com/nitorcreations/nflow/engine/processing/nflow/StandardNflowWorkflowProcessingFactory.java:[24,54] constructor StandardNfloWorkflowProcessingDefinition in class com.nitorcreations.nflow.engine.processing.nflow.StandardNfloWorkflowProcessingDefinition cannot be applied to given types;
  required: com.nitorcreations.nflow.engine.workflow.definition.AbstractWorkflowDefinition<? extends com.nitorcreations.nflow.engine.workflow.definition.WorkflowState>
  found: no arguments
  reason: actual and formal argument lists differ in length
[INFO] 1 error
[INFO] -------------------------------------------------------------
[INFO] ------------------------------------------------------------------------
[INFO] Reactor Summary:
[INFO] 
[INFO] nflow .............................................. SUCCESS [  4.983 s]
[INFO] nflow-engine ....................................... FAILURE [  9.809 s]
[INFO] nflow-rest-api ..................................... SKIPPED
[INFO] nflow-jetty ........................................ SKIPPED
[INFO] nflow-metrics ...................................... SKIPPED
[INFO] nflow-tests ........................................ SKIPPED
[INFO] nflow-perf-test .................................... SKIPPED
[INFO] ------------------------------------------------------------------------
[INFO] BUILD FAILURE
[INFO] ------------------------------------------------------------------------
[INFO] Total time: 17.260 s
[INFO] Finished at: 2016-04-29T13:43:09+00:00
[INFO] Final Memory: 27M/368M
[INFO] ------------------------------------------------------------------------
[ERROR] Failed to execute goal org.apache.maven.plugins:maven-compiler-plugin:3.5:compile (default-compile) on project nflow-engine: Compilation failure
[ERROR] /home/travis/build/NitorCreations/nflow/nflow-engine/src/main/java/com/nitorcreations/nflow/engine/processing/nflow/StandardNflowWorkflowProcessingFactory.java:[24,54] constructor StandardNfloWorkflowProcessingDefinition in class com.nitorcreations.nflow.engine.processing.nflow.StandardNfloWorkflowProcessingDefinition cannot be applied to given types;
[ERROR] required: com.nitorcreations.nflow.engine.workflow.definition.AbstractWorkflowDefinition<? extends com.nitorcreations.nflow.engine.workflow.definition.WorkflowState>
[ERROR] found: no arguments
[ERROR] reason: actual and formal argument lists differ in length
[ERROR] -> [Help 1]
[ERROR] 
[ERROR] To see the full stack trace of the errors, re-run Maven with the -e switch.
[ERROR] Re-run Maven using the -X switch to enable full debug logging.
[ERROR] 
[ERROR] For more information about the errors and possible solutions, please read the following articles:
[ERROR] [Help 1] http://cwiki.apache.org/confluence/display/MAVEN/MojoFailureException
[ERROR] 
[ERROR] After correcting the problems, you can resume the build with the command
[ERROR]   mvn <goals> -rf :nflow-engine

[31;1mThe command "eval mvn install -DskipTests=true -Dmaven.javadoc.skip=true -B -V" failed. Retrying, 3 of 3.[0m

Java HotSpot(TM) 64-Bit Server VM warning: ignoring option MaxPermSize=192m; support was removed in 8.0
Apache Maven 3.2.5 (12a6b3acb947671f09b81f49094c53f426d8cea1; 2014-12-14T17:29:23+00:00)
Maven home: /usr/local/maven
Java version: 1.8.0_31, vendor: Oracle Corporation
Java home: /usr/lib/jvm/java-8-oracle/jre
Default locale: en_US, platform encoding: UTF-8
OS name: "linux", version: "3.13.0-40-generic", arch: "amd64", family: "unix"
[INFO] Scanning for projects...
[WARNING] 
[WARNING] Some problems were encountered while building the effective model for com.nitorcreations:nflow-jetty:jar:3.1.2-SNAPSHOT
[WARNING] 'profiles.profile[oracle].dependencies.dependency.systemPath' for com.oracle:ojdbc7:jar should not point at files within the project directory, ${basedir}/../ojdbc7.jar will be unresolvable by dependent projects @ com.nitorcreations:nflow-jetty:[unknown-version], /home/travis/build/NitorCreations/nflow/nflow-jetty/pom.xml, line 302, column 23
[WARNING] 
[WARNING] Some problems were encountered while building the effective model for com.nitorcreations:nflow-tests:jar:3.1.2-SNAPSHOT
[WARNING] 'profiles.profile[oracle].dependencies.dependency.systemPath' for com.oracle:ojdbc7:jar should not point at files within the project directory, ${basedir}/../ojdbc7.jar will be unresolvable by dependent projects @ com.nitorcreations:nflow-tests:[unknown-version], /home/travis/build/NitorCreations/nflow/nflow-tests/pom.xml, line 85, column 23
[WARNING] 
[WARNING] It is highly recommended to fix these problems because they threaten the stability of your build.
[WARNING] 
[WARNING] For this reason, future Maven versions might no longer support building such malformed projects.
[WARNING] 
[INFO] Inspecting build with total of 7 modules...
[INFO] Installing Nexus Staging features:
[INFO]   ... total of 7 executions of maven-deploy-plugin replaced with nexus-staging-maven-plugin
[INFO] ------------------------------------------------------------------------
[INFO] Reactor Build Order:
[INFO] 
[INFO] nflow
[INFO] nflow-engine
[INFO] nflow-rest-api
[INFO] nflow-jetty
[INFO] nflow-metrics
[INFO] nflow-tests
[INFO] nflow-perf-test
[INFO]                                                                         
[INFO] ------------------------------------------------------------------------
[INFO] Building nflow 3.1.2-SNAPSHOT
[INFO] ------------------------------------------------------------------------
[INFO] 
[INFO] --- maven-enforcer-plugin:1.4.1:enforce (ban-unwanted-dependencies) @ nflow-root ---
[INFO] 
[INFO] --- maven-source-plugin:2.4:jar-no-fork (attach-sources) @ nflow-root ---
[INFO] 
[INFO] --- maven-javadoc-plugin:2.10.3:jar (attach-javadocs) @ nflow-root ---
[INFO] Skipping javadoc generation
[INFO] 
[INFO] --- maven-install-plugin:2.5.2:install (default-install) @ nflow-root ---
[INFO] Installing /home/travis/build/NitorCreations/nflow/pom.xml to /home/travis/.m2/repository/com/nitorcreations/nflow-root/3.1.2-SNAPSHOT/nflow-root-3.1.2-SNAPSHOT.pom
[INFO]                                                                         
[INFO] ------------------------------------------------------------------------
[INFO] Building nflow-engine 3.1.2-SNAPSHOT
[INFO] ------------------------------------------------------------------------
[INFO] 
[INFO] --- maven-enforcer-plugin:1.4.1:enforce (ban-unwanted-dependencies) @ nflow-engine ---
[INFO] 
[INFO] --- maven-resources-plugin:2.7:resources (default-resources) @ nflow-engine ---
[INFO] Using 'UTF-8' encoding to copy filtered resources.
[INFO] Copying 25 resources
[INFO] 
[INFO] --- maven-compiler-plugin:3.5:compile (default-compile) @ nflow-engine ---
[INFO] Changes detected - recompiling the module!
[INFO] Compiling 74 source files to /home/travis/build/NitorCreations/nflow/nflow-engine/target/classes
[INFO] -------------------------------------------------------------
[ERROR] COMPILATION ERROR : 
[INFO] -------------------------------------------------------------
[ERROR] /home/travis/build/NitorCreations/nflow/nflow-engine/src/main/java/com/nitorcreations/nflow/engine/processing/nflow/StandardNflowWorkflowProcessingFactory.java:[24,54] constructor StandardNfloWorkflowProcessingDefinition in class com.nitorcreations.nflow.engine.processing.nflow.StandardNfloWorkflowProcessingDefinition cannot be applied to given types;
  required: com.nitorcreations.nflow.engine.workflow.definition.AbstractWorkflowDefinition<? extends com.nitorcreations.nflow.engine.workflow.definition.WorkflowState>
  found: no arguments
  reason: actual and formal argument lists differ in length
[INFO] 1 error
[INFO] -------------------------------------------------------------
[INFO] ------------------------------------------------------------------------
[INFO] Reactor Summary:
[INFO] 
[INFO] nflow .............................................. SUCCESS [  6.269 s]
[INFO] nflow-engine ....................................... FAILURE [ 13.160 s]
[INFO] nflow-rest-api ..................................... SKIPPED
[INFO] nflow-jetty ........................................ SKIPPED
[INFO] nflow-metrics ...................................... SKIPPED
[INFO] nflow-tests ........................................ SKIPPED
[INFO] nflow-perf-test .................................... SKIPPED
[INFO] ------------------------------------------------------------------------
[INFO] BUILD FAILURE
[INFO] ------------------------------------------------------------------------
[INFO] Total time: 22.092 s
[INFO] Finished at: 2016-04-29T13:43:44+00:00
[INFO] Final Memory: 27M/353M
[INFO] ------------------------------------------------------------------------
[ERROR] Failed to execute goal org.apache.maven.plugins:maven-compiler-plugin:3.5:compile (default-compile) on project nflow-engine: Compilation failure
[ERROR] /home/travis/build/NitorCreations/nflow/nflow-engine/src/main/java/com/nitorcreations/nflow/engine/processing/nflow/StandardNflowWorkflowProcessingFactory.java:[24,54] constructor StandardNfloWorkflowProcessingDefinition in class com.nitorcreations.nflow.engine.processing.nflow.StandardNfloWorkflowProcessingDefinition cannot be applied to given types;
[ERROR] required: com.nitorcreations.nflow.engine.workflow.definition.AbstractWorkflowDefinition<? extends com.nitorcreations.nflow.engine.workflow.definition.WorkflowState>
[ERROR] found: no arguments
[ERROR] reason: actual and formal argument lists differ in length
[ERROR] -> [Help 1]
[ERROR] 
[ERROR] To see the full stack trace of the errors, re-run Maven with the -e switch.
[ERROR] Re-run Maven using the -X switch to enable full debug logging.
[ERROR] 
[ERROR] For more information about the errors and possible solutions, please read the following articles:
[ERROR] [Help 1] http://cwiki.apache.org/confluence/display/MAVEN/MojoFailureException
[ERROR] 
[ERROR] After correcting the problems, you can resume the build with the command
[ERROR]   mvn <goals> -rf :nflow-engine

[31;1mThe command "eval mvn install -DskipTests=true -Dmaven.javadoc.skip=true -B -V" failed 3 times.[0m


travis_time:end:053b91fc:start=1461937340147731835,finish=1461937435094115719,duration=94946383884[0K
[31;1mThe command "mvn install -DskipTests=true -Dmaven.javadoc.skip=true -B -V" failed and exited with 1 during .[0m

Your build has been stopped.
