Using worker: worker-linux-docker-a1c86148.prod.travis-ci.org:travis-linux-5

travis_fold:start:system_info[0K[33;1mBuild system information[0m
Build language: java
[34m[1mBuild image provisioning date and time[0m
Thu Feb  5 15:09:33 UTC 2015
[34m[1mOperating System Details[0m
Distributor ID:	Ubuntu
Description:	Ubuntu 12.04.5 LTS
Release:	12.04
Codename:	precise
[34m[1mLinux Version[0m
3.13.0-29-generic
[34m[1mCookbooks Version[0m
a68419e https://github.com/travis-ci/travis-cookbooks/tree/a68419e
[34m[1mGCC version[0m
gcc (Ubuntu/Linaro 4.6.3-1ubuntu5) 4.6.3
Copyright (C) 2011 Free Software Foundation, Inc.
This is free software; see the source for copying conditions.  There is NO
warranty; not even for MERCHANTABILITY or FITNESS FOR A PARTICULAR PURPOSE.

[34m[1mLLVM version[0m
clang version 3.4 (tags/RELEASE_34/final)
Target: x86_64-unknown-linux-gnu
Thread model: posix
[34m[1mPre-installed Ruby versions[0m
ruby-1.9.3-p551
[34m[1mPre-installed Node.js versions[0m
v0.10.36
[34m[1mPre-installed Go versions[0m
1.4.1
[34m[1mRedis version[0m
redis-server 2.8.19
[34m[1mriak version[0m
2.0.2
[34m[1mMongoDB version[0m
MongoDB 2.4.12
[34m[1mCouchDB version[0m
couchdb 1.6.1
[34m[1mNeo4j version[0m
1.9.4
[34m[1mRabbitMQ Version[0m
3.4.3
[34m[1mElasticSearch version[0m
1.4.0
[34m[1mInstalled Sphinx versions[0m
2.0.10
2.1.9
2.2.6
[34m[1mDefault Sphinx version[0m
2.2.6
[34m[1mInstalled Firefox version[0m
firefox 31.0esr
[34m[1mPhantomJS version[0m
1.9.8
[34m[1mant -version[0m
Apache Ant(TM) version 1.8.2 compiled on December 3 2011
[34m[1mmvn -version[0m
Apache Maven 3.2.5 (12a6b3acb947671f09b81f49094c53f426d8cea1; 2014-12-14T17:29:23+00:00)
Maven home: /usr/local/maven
Java version: 1.7.0_76, vendor: Oracle Corporation
Java home: /usr/lib/jvm/java-7-oracle/jre
Default locale: en_US, platform encoding: ANSI_X3.4-1968
OS name: "linux", version: "3.13.0-29-generic", arch: "amd64", family: "unix"
travis_fold:end:system_info[0K
travis_fold:start:git.checkout[0Ktravis_time:start:300bd1d1[0K$ git clone --depth=50 --branch=jwilon_0628_linker git://github.com/square/wire.git square/wire
Cloning into 'square/wire'...
remote: Counting objects: 1191, done.[K
remote: Compressing objects:   0% (1/600)   [Kremote: Compressing objects:   1% (6/600)   [Kremote: Compressing objects:   2% (12/600)   [Kremote: Compressing objects:   3% (18/600)   [Kremote: Compressing objects:   4% (24/600)   [Kremote: Compressing objects:   5% (30/600)   [Kremote: Compressing objects:   6% (36/600)   [Kremote: Compressing objects:   7% (42/600)   [Kremote: Compressing objects:   8% (48/600)   [Kremote: Compressing objects:   9% (54/600)   [Kremote: Compressing objects:  10% (60/600)   [Kremote: Compressing objects:  11% (66/600)   [Kremote: Compressing objects:  12% (72/600)   [Kremote: Compressing objects:  13% (78/600)   [Kremote: Compressing objects:  14% (84/600)   [Kremote: Compressing objects:  15% (90/600)   [Kremote: Compressing objects:  16% (96/600)   [Kremote: Compressing objects:  17% (102/600)   [Kremote: Compressing objects:  18% (108/600)   [Kremote: Compressing objects:  19% (114/600)   [Kremote: Compressing objects:  20% (120/600)   [Kremote: Compressing objects:  21% (126/600)   [Kremote: Compressing objects:  22% (132/600)   [Kremote: Compressing objects:  23% (138/600)   [Kremote: Compressing objects:  24% (144/600)   [Kremote: Compressing objects:  25% (150/600)   [Kremote: Compressing objects:  26% (156/600)   [Kremote: Compressing objects:  27% (162/600)   [Kremote: Compressing objects:  28% (168/600)   [Kremote: Compressing objects:  29% (174/600)   [Kremote: Compressing objects:  30% (180/600)   [Kremote: Compressing objects:  31% (186/600)   [Kremote: Compressing objects:  32% (192/600)   [Kremote: Compressing objects:  33% (198/600)   [Kremote: Compressing objects:  34% (204/600)   [Kremote: Compressing objects:  35% (210/600)   [Kremote: Compressing objects:  36% (216/600)   [Kremote: Compressing objects:  37% (222/600)   [Kremote: Compressing objects:  38% (228/600)   [Kremote: Compressing objects:  39% (234/600)   [Kremote: Compressing objects:  40% (240/600)   [Kremote: Compressing objects:  41% (246/600)   [Kremote: Compressing objects:  42% (252/600)   [Kremote: Compressing objects:  43% (258/600)   [Kremote: Compressing objects:  44% (264/600)   [Kremote: Compressing objects:  45% (270/600)   [Kremote: Compressing objects:  46% (276/600)   [Kremote: Compressing objects:  47% (282/600)   [Kremote: Compressing objects:  48% (288/600)   [Kremote: Compressing objects:  49% (294/600)   [Kremote: Compressing objects:  50% (300/600)   [Kremote: Compressing objects:  51% (306/600)   [Kremote: Compressing objects:  52% (312/600)   [Kremote: Compressing objects:  53% (318/600)   [Kremote: Compressing objects:  54% (324/600)   [Kremote: Compressing objects:  55% (330/600)   [Kremote: Compressing objects:  56% (336/600)   [Kremote: Compressing objects:  57% (342/600)   [Kremote: Compressing objects:  58% (348/600)   [Kremote: Compressing objects:  59% (354/600)   [Kremote: Compressing objects:  60% (360/600)   [Kremote: Compressing objects:  61% (366/600)   [Kremote: Compressing objects:  62% (372/600)   [Kremote: Compressing objects:  63% (378/600)   [Kremote: Compressing objects:  64% (384/600)   [Kremote: Compressing objects:  65% (390/600)   [Kremote: Compressing objects:  66% (396/600)   [Kremote: Compressing objects:  67% (402/600)   [Kremote: Compressing objects:  68% (408/600)   [Kremote: Compressing objects:  69% (414/600)   [Kremote: Compressing objects:  70% (420/600)   [Kremote: Compressing objects:  71% (426/600)   [Kremote: Compressing objects:  72% (432/600)   [Kremote: Compressing objects:  73% (438/600)   [Kremote: Compressing objects:  74% (444/600)   [Kremote: Compressing objects:  75% (450/600)   [Kremote: Compressing objects:  76% (456/600)   [Kremote: Compressing objects:  77% (462/600)   [Kremote: Compressing objects:  78% (468/600)   [Kremote: Compressing objects:  79% (474/600)   [Kremote: Compressing objects:  80% (480/600)   [Kremote: Compressing objects:  81% (486/600)   [Kremote: Compressing objects:  82% (492/600)   [Kremote: Compressing objects:  83% (498/600)   [Kremote: Compressing objects:  84% (504/600)   [Kremote: Compressing objects:  85% (510/600)   [Kremote: Compressing objects:  86% (516/600)   [Kremote: Compressing objects:  87% (522/600)   [Kremote: Compressing objects:  88% (528/600)   [Kremote: Compressing objects:  89% (534/600)   [Kremote: Compressing objects:  90% (540/600)   [Kremote: Compressing objects:  91% (546/600)   [Kremote: Compressing objects:  92% (552/600)   [Kremote: Compressing objects:  93% (558/600)   [Kremote: Compressing objects:  94% (564/600)   [Kremote: Compressing objects:  95% (570/600)   [Kremote: Compressing objects:  96% (576/600)   [Kremote: Compressing objects:  97% (582/600)   [Kremote: Compressing objects:  98% (588/600)   [Kremote: Compressing objects:  99% (594/600)   [Kremote: Compressing objects: 100% (600/600)   [Kremote: Compressing objects: 100% (600/600), done.[K
Receiving objects:   0% (1/1191)   Receiving objects:   1% (12/1191)   Receiving objects:   2% (24/1191)   Receiving objects:   3% (36/1191)   Receiving objects:   4% (48/1191)   Receiving objects:   5% (60/1191)   Receiving objects:   6% (72/1191)   Receiving objects:   7% (84/1191)   Receiving objects:   8% (96/1191)   Receiving objects:   9% (108/1191)   Receiving objects:  10% (120/1191)   Receiving objects:  11% (132/1191)   Receiving objects:  12% (143/1191)   Receiving objects:  13% (155/1191)   Receiving objects:  14% (167/1191)   Receiving objects:  15% (179/1191)   Receiving objects:  16% (191/1191)   Receiving objects:  17% (203/1191)   Receiving objects:  18% (215/1191)   Receiving objects:  19% (227/1191)   Receiving objects:  20% (239/1191)   Receiving objects:  21% (251/1191)   Receiving objects:  22% (263/1191)   Receiving objects:  23% (274/1191)   Receiving objects:  24% (286/1191)   Receiving objects:  25% (298/1191)   Receiving objects:  26% (310/1191)   Receiving objects:  27% (322/1191)   Receiving objects:  28% (334/1191)   Receiving objects:  29% (346/1191)   Receiving objects:  30% (358/1191)   Receiving objects:  31% (370/1191)   Receiving objects:  32% (382/1191)   Receiving objects:  33% (394/1191)   Receiving objects:  34% (405/1191)   Receiving objects:  35% (417/1191)   Receiving objects:  36% (429/1191)   Receiving objects:  37% (441/1191)   Receiving objects:  38% (453/1191)   Receiving objects:  39% (465/1191)   Receiving objects:  40% (477/1191)   Receiving objects:  41% (489/1191)   Receiving objects:  42% (501/1191)   Receiving objects:  43% (513/1191)   Receiving objects:  44% (525/1191)   Receiving objects:  45% (536/1191)   Receiving objects:  46% (548/1191)   Receiving objects:  47% (560/1191)   Receiving objects:  48% (572/1191)   Receiving objects:  49% (584/1191)   Receiving objects:  50% (596/1191)   Receiving objects:  51% (608/1191)   Receiving objects:  52% (620/1191)   Receiving objects:  53% (632/1191)   Receiving objects:  54% (644/1191)   Receiving objects:  55% (656/1191)   Receiving objects:  56% (667/1191)   Receiving objects:  57% (679/1191)   Receiving objects:  58% (691/1191)   Receiving objects:  59% (703/1191)   remote: Total 1191 (delta 468), reused 994 (delta 332), pack-reused 0[K
Receiving objects:  60% (715/1191)   Receiving objects:  61% (727/1191)   Receiving objects:  62% (739/1191)   Receiving objects:  63% (751/1191)   Receiving objects:  64% (763/1191)   Receiving objects:  65% (775/1191)   Receiving objects:  66% (787/1191)   Receiving objects:  67% (798/1191)   Receiving objects:  68% (810/1191)   Receiving objects:  69% (822/1191)   Receiving objects:  70% (834/1191)   Receiving objects:  71% (846/1191)   Receiving objects:  72% (858/1191)   Receiving objects:  73% (870/1191)   Receiving objects:  74% (882/1191)   Receiving objects:  75% (894/1191)   Receiving objects:  76% (906/1191)   Receiving objects:  77% (918/1191)   Receiving objects:  78% (929/1191)   Receiving objects:  79% (941/1191)   Receiving objects:  80% (953/1191)   Receiving objects:  81% (965/1191)   Receiving objects:  82% (977/1191)   Receiving objects:  83% (989/1191)   Receiving objects:  84% (1001/1191)   Receiving objects:  85% (1013/1191)   Receiving objects:  86% (1025/1191)   Receiving objects:  87% (1037/1191)   Receiving objects:  88% (1049/1191)   Receiving objects:  89% (1060/1191)   Receiving objects:  90% (1072/1191)   Receiving objects:  91% (1084/1191)   Receiving objects:  92% (1096/1191)   Receiving objects:  93% (1108/1191)   Receiving objects:  94% (1120/1191)   Receiving objects:  95% (1132/1191)   Receiving objects:  96% (1144/1191)   Receiving objects:  97% (1156/1191)   Receiving objects:  98% (1168/1191)   Receiving objects:  99% (1180/1191)   Receiving objects: 100% (1191/1191)   Receiving objects: 100% (1191/1191), 305.14 KiB | 0 bytes/s, done.
Resolving deltas:   0% (0/468)   Resolving deltas:   1% (5/468)   Resolving deltas:  13% (62/468)   Resolving deltas:  14% (67/468)   Resolving deltas:  15% (73/468)   Resolving deltas:  16% (75/468)   Resolving deltas:  20% (95/468)   Resolving deltas:  29% (138/468)   Resolving deltas:  30% (145/468)   Resolving deltas:  32% (152/468)   Resolving deltas:  33% (158/468)   Resolving deltas:  34% (160/468)   Resolving deltas:  35% (164/468)   Resolving deltas:  37% (174/468)   Resolving deltas:  38% (178/468)   Resolving deltas:  41% (192/468)   Resolving deltas:  42% (201/468)   Resolving deltas:  44% (206/468)   Resolving deltas:  46% (219/468)   Resolving deltas:  47% (220/468)   Resolving deltas:  48% (225/468)   Resolving deltas:  49% (230/468)   Resolving deltas:  50% (234/468)   Resolving deltas:  51% (240/468)   Resolving deltas:  52% (246/468)   Resolving deltas:  53% (249/468)   Resolving deltas:  54% (255/468)   Resolving deltas:  55% (258/468)   Resolving deltas:  56% (266/468)   Resolving deltas:  61% (287/468)   Resolving deltas:  62% (291/468)   Resolving deltas:  63% (295/468)   Resolving deltas:  64% (300/468)   Resolving deltas:  65% (306/468)   Resolving deltas:  73% (342/468)   Resolving deltas:  74% (348/468)   Resolving deltas:  75% (351/468)   Resolving deltas:  76% (357/468)   Resolving deltas:  77% (361/468)   Resolving deltas:  79% (370/468)   Resolving deltas:  80% (377/468)   Resolving deltas:  81% (382/468)   Resolving deltas:  82% (384/468)   Resolving deltas:  83% (392/468)   Resolving deltas:  86% (406/468)   Resolving deltas:  87% (408/468)   Resolving deltas:  88% (412/468)   Resolving deltas:  89% (417/468)   Resolving deltas:  90% (422/468)   Resolving deltas:  91% (426/468)   Resolving deltas: 100% (468/468)   Resolving deltas: 100% (468/468), done.
Checking connectivity... done.
travis_time:end:300bd1d1:start=1435539777921452557,finish=1435539778126282593,duration=204830036[0K$ cd square/wire
$ git checkout -qf c31cce3ed3304674d5bb53c86072b5947e4ca635
travis_fold:end:git.checkout[0K
[33;1mThis job is running on container-based infrastructure, which does not allow use of 'sudo', setuid and setguid executables.[0m
[33;1mIf you require sudo, add 'sudo: required' to your .travis.yml[0m
[33;1mSee http://docs.travis-ci.com/user/workers/container-based-infrastructure/ for details.[0m

[33;1mSetting environment variables from .travis.yml[0m
$ export CI_DEPLOY_USERNAME=[secure]
$ export CI_DEPLOY_PASSWORD=[secure]

travis_fold:start:cache.1[0KSetting up build cache
$ export CASHER_DIR=$HOME/.casher
travis_time:start:1a38bc3c[0K$ Installing caching utilities
travis_time:end:1a38bc3c:start=1435539779881519772,finish=1435539779933889006,duration=52369234[0Ktravis_time:start:20710e00[0Kattempting to download cache archive
fetching jwilon_0628_linker/cache--jdk-oraclejdk7.tbz
found cache
travis_time:end:20710e00:start=1435539779938040200,finish=1435539780722570075,duration=784529875[0Ktravis_time:start:08d747fe[0Kadding /home/travis/.m2 to cache
travis_time:end:08d747fe:start=1435539780726120686,finish=1435539783620330968,duration=2894210282[0Ktravis_fold:end:cache.1[0K$ jdk_switcher use oraclejdk7
Switching to Oracle JDK7 (java-7-oracle), JAVA_HOME will be set to /usr/lib/jvm/java-7-oracle
$ java -Xmx32m -version
java version "1.7.0_76"
Java(TM) SE Runtime Environment (build 1.7.0_76-b13)
Java HotSpot(TM) 64-Bit Server VM (build 24.76-b04, mixed mode)
$ javac -J-Xmx32m -version
javac 1.7.0_76
travis_fold:start:install[0Ktravis_time:start:0fba9c06[0K$ mvn install -DskipTests=true -Dmaven.javadoc.skip=true -B -V
Apache Maven 3.2.5 (12a6b3acb947671f09b81f49094c53f426d8cea1; 2014-12-14T17:29:23+00:00)
Maven home: /usr/local/maven
Java version: 1.7.0_76, vendor: Oracle Corporation
Java home: /usr/lib/jvm/java-7-oracle/jre
Default locale: en_US, platform encoding: UTF-8
OS name: "linux", version: "3.13.0-40-generic", arch: "amd64", family: "unix"
[INFO] Scanning for projects...
[INFO] ------------------------------------------------------------------------
[INFO] Reactor Build Order:
[INFO] 
[INFO] Wire Protocol Buffers
[INFO] Wire Protocol Buffer Runtime
[INFO] Wire Protocol Buffer Compiler
[INFO] Wire Protocol Buffer Gson Support
[INFO] Wire Protocol Buffer Maven Plugin
[INFO]                                                                         
[INFO] ------------------------------------------------------------------------
[INFO] Building Wire Protocol Buffers 1.8.1-SNAPSHOT
[INFO] ------------------------------------------------------------------------
[INFO] 
[INFO] --- maven-enforcer-plugin:1.0:enforce (enforce-maven) @ wire ---
[INFO] 
[INFO] --- maven-checkstyle-plugin:2.10:checkstyle (default) @ wire ---
[INFO] 
[INFO] --- maven-install-plugin:2.4:install (default-install) @ wire ---
[INFO] Installing /home/travis/build/square/wire/pom.xml to /home/travis/.m2/repository/com/squareup/wire/wire/1.8.1-SNAPSHOT/wire-1.8.1-SNAPSHOT.pom
[INFO]                                                                         
[INFO] ------------------------------------------------------------------------
[INFO] Building Wire Protocol Buffer Runtime 1.8.1-SNAPSHOT
[INFO] ------------------------------------------------------------------------
[INFO] 
[INFO] --- maven-enforcer-plugin:1.0:enforce (enforce-maven) @ wire-runtime ---
[INFO] 
[INFO] --- maven-resources-plugin:2.6:resources (default-resources) @ wire-runtime ---
[INFO] Using 'UTF-8' encoding to copy filtered resources.
[INFO] skip non existing resourceDirectory /home/travis/build/square/wire/wire-runtime/src/main/resources
[INFO] 
[INFO] --- maven-compiler-plugin:3.1:compile (default-compile) @ wire-runtime ---
[INFO] Changes detected - recompiling the module!
[INFO] Compiling 20 source files to /home/travis/build/square/wire/wire-runtime/target/classes
[WARNING] /home/travis/build/square/wire/wire-runtime/src/main/java/com/squareup/wire/Wire.java: Some input files use unchecked or unsafe operations.
[WARNING] /home/travis/build/square/wire/wire-runtime/src/main/java/com/squareup/wire/Wire.java: Recompile with -Xlint:unchecked for details.
[INFO] 
[INFO] --- maven-resources-plugin:2.6:testResources (default-testResources) @ wire-runtime ---
[INFO] Using 'UTF-8' encoding to copy filtered resources.
[INFO] skip non existing resourceDirectory /home/travis/build/square/wire/wire-runtime/src/test/resources
[INFO] 
[INFO] --- maven-compiler-plugin:3.1:testCompile (default-testCompile) @ wire-runtime ---
[INFO] Changes detected - recompiling the module!
[INFO] Compiling 86 source files to /home/travis/build/square/wire/wire-runtime/target/test-classes
[WARNING] /home/travis/build/square/wire/wire-runtime/src/test/java/com/squareup/wire/WireTest.java: /home/travis/build/square/wire/wire-runtime/src/test/java/com/squareup/wire/WireTest.java uses or overrides a deprecated API.
[WARNING] /home/travis/build/square/wire/wire-runtime/src/test/java/com/squareup/wire/WireTest.java: Recompile with -Xlint:deprecation for details.
[INFO] 
[INFO] --- maven-surefire-plugin:2.12.4:test (default-test) @ wire-runtime ---
[INFO] Tests are skipped.
[INFO] 
[INFO] --- maven-jar-plugin:2.4:jar (default-jar) @ wire-runtime ---
[INFO] Building jar: /home/travis/build/square/wire/wire-runtime/target/wire-runtime-1.8.1-SNAPSHOT.jar
[INFO] 
[INFO] --- maven-checkstyle-plugin:2.10:checkstyle (default) @ wire-runtime ---
[INFO] Starting audit...
Audit done.

[WARNING] Unable to locate Source XRef to link to - DISABLED
[INFO] 
[INFO] --- maven-install-plugin:2.4:install (default-install) @ wire-runtime ---
[INFO] Installing /home/travis/build/square/wire/wire-runtime/target/wire-runtime-1.8.1-SNAPSHOT.jar to /home/travis/.m2/repository/com/squareup/wire/wire-runtime/1.8.1-SNAPSHOT/wire-runtime-1.8.1-SNAPSHOT.jar
[INFO] Installing /home/travis/build/square/wire/wire-runtime/pom.xml to /home/travis/.m2/repository/com/squareup/wire/wire-runtime/1.8.1-SNAPSHOT/wire-runtime-1.8.1-SNAPSHOT.pom
[INFO]                                                                         
[INFO] ------------------------------------------------------------------------
[INFO] Building Wire Protocol Buffer Compiler 1.8.1-SNAPSHOT
[INFO] ------------------------------------------------------------------------
[INFO] 
[INFO] --- maven-enforcer-plugin:1.0:enforce (enforce-maven) @ wire-compiler ---
[INFO] 
[INFO] --- maven-resources-plugin:2.6:resources (default-resources) @ wire-compiler ---
[INFO] Using 'UTF-8' encoding to copy filtered resources.
[INFO] skip non existing resourceDirectory /home/travis/build/square/wire/wire-compiler/src/main/resources
[INFO] 
[INFO] --- maven-compiler-plugin:3.1:compile (default-compile) @ wire-compiler ---
[INFO] Changes detected - recompiling the module!
[INFO] Compiling 32 source files to /home/travis/build/square/wire/wire-compiler/target/classes
[INFO] 
[INFO] --- maven-resources-plugin:2.6:testResources (default-testResources) @ wire-compiler ---
[INFO] Using 'UTF-8' encoding to copy filtered resources.
[INFO] skip non existing resourceDirectory /home/travis/build/square/wire/wire-compiler/src/test/resources
[INFO] 
[INFO] --- maven-compiler-plugin:3.1:testCompile (default-testCompile) @ wire-compiler ---
[INFO] Changes detected - recompiling the module!
[INFO] Compiling 6 source files to /home/travis/build/square/wire/wire-compiler/target/test-classes
[INFO] 
[INFO] --- maven-surefire-plugin:2.12.4:test (default-test) @ wire-compiler ---
[INFO] Tests are skipped.
[INFO] 
[INFO] --- maven-jar-plugin:2.4:jar (default-jar) @ wire-compiler ---
[INFO] Building jar: /home/travis/build/square/wire/wire-compiler/target/wire-compiler-1.8.1-SNAPSHOT.jar
[INFO] 
[INFO] --- maven-assembly-plugin:2.2-beta-5:single (default) @ wire-compiler ---
[INFO] META-INF/ already added, skipping
[INFO] META-INF/MANIFEST.MF already added, skipping
[INFO] META-INF/maven/ already added, skipping
[INFO] META-INF/ already added, skipping
[INFO] META-INF/MANIFEST.MF already added, skipping
[INFO] com/ already added, skipping
[INFO] com/squareup/ already added, skipping
[INFO] META-INF/maven/ already added, skipping
[INFO] META-INF/ already added, skipping
[INFO] META-INF/MANIFEST.MF already added, skipping
[INFO] com/ already added, skipping
[INFO] com/squareup/ already added, skipping
[INFO] META-INF/maven/ already added, skipping
[INFO] META-INF/maven/com.squareup/ already added, skipping
[INFO] Building jar: /home/travis/build/square/wire/wire-compiler/target/wire-compiler-1.8.1-SNAPSHOT-jar-with-dependencies.jar
[INFO] META-INF/ already added, skipping
[INFO] META-INF/MANIFEST.MF already added, skipping
[INFO] META-INF/maven/ already added, skipping
[INFO] META-INF/ already added, skipping
[INFO] META-INF/MANIFEST.MF already added, skipping
[INFO] com/ already added, skipping
[INFO] com/squareup/ already added, skipping
[INFO] META-INF/maven/ already added, skipping
[INFO] META-INF/ already added, skipping
[INFO] META-INF/MANIFEST.MF already added, skipping
[INFO] com/ already added, skipping
[INFO] com/squareup/ already added, skipping
[INFO] META-INF/maven/ already added, skipping
[INFO] META-INF/maven/com.squareup/ already added, skipping
[INFO] 
[INFO] --- maven-checkstyle-plugin:2.10:checkstyle (default) @ wire-compiler ---
[INFO] Starting audit...
/home/travis/build/square/wire/wire-compiler/src/main/java/com/squareup/wire/model/Util.java:21:1: Utility classes should not have a public or default constructor.
/home/travis/build/square/wire/wire-compiler/src/main/java/com/squareup/wire/model/WireEnum.java:60:20: Redundant 'final' modifier.
/home/travis/build/square/wire/wire-compiler/src/main/java/com/squareup/wire/model/WireField.java:60:10: Redundant 'final' modifier.
/home/travis/build/square/wire/wire-compiler/src/main/java/com/squareup/wire/model/WireField.java:64:10: Redundant 'final' modifier.
/home/travis/build/square/wire/wire-compiler/src/main/java/com/squareup/wire/model/WireField.java:68:10: Redundant 'final' modifier.
Audit done.

[INFO] ------------------------------------------------------------------------
[INFO] Reactor Summary:
[INFO] 
[INFO] Wire Protocol Buffers .............................. SUCCESS [  1.861 s]
[INFO] Wire Protocol Buffer Runtime ....................... SUCCESS [  6.798 s]
[INFO] Wire Protocol Buffer Compiler ...................... FAILURE [  3.002 s]
[INFO] Wire Protocol Buffer Gson Support .................. SKIPPED
[INFO] Wire Protocol Buffer Maven Plugin .................. SKIPPED
[INFO] ------------------------------------------------------------------------
[INFO] BUILD FAILURE
[INFO] ------------------------------------------------------------------------
[INFO] Total time: 11.943 s
[INFO] Finished at: 2015-06-29T01:03:18+00:00
[INFO] Final Memory: 25M/442M
[INFO] ------------------------------------------------------------------------
[ERROR] Failed to execute goal org.apache.maven.plugins:maven-checkstyle-plugin:2.10:checkstyle (default) on project wire-compiler: An error has occurred in Checkstyle report generation. Failed during checkstyle execution: There are 5 checkstyle errors. -> [Help 1]
[ERROR] 
[ERROR] To see the full stack trace of the errors, re-run Maven with the -e switch.
[ERROR] Re-run Maven using the -X switch to enable full debug logging.
[ERROR] 
[ERROR] For more information about the errors and possible solutions, please read the following articles:
[ERROR] [Help 1] http://cwiki.apache.org/confluence/display/MAVEN/MojoExecutionException
[ERROR] 
[ERROR] After correcting the problems, you can resume the build with the command
[ERROR]   mvn <goals> -rf :wire-compiler

[31;1mThe command "eval mvn install -DskipTests=true -Dmaven.javadoc.skip=true -B -V" failed. Retrying, 2 of 3.[0m

Apache Maven 3.2.5 (12a6b3acb947671f09b81f49094c53f426d8cea1; 2014-12-14T17:29:23+00:00)
Maven home: /usr/local/maven
Java version: 1.7.0_76, vendor: Oracle Corporation
Java home: /usr/lib/jvm/java-7-oracle/jre
Default locale: en_US, platform encoding: UTF-8
OS name: "linux", version: "3.13.0-40-generic", arch: "amd64", family: "unix"
[INFO] Scanning for projects...
[INFO] ------------------------------------------------------------------------
[INFO] Reactor Build Order:
[INFO] 
[INFO] Wire Protocol Buffers
[INFO] Wire Protocol Buffer Runtime
[INFO] Wire Protocol Buffer Compiler
[INFO] Wire Protocol Buffer Gson Support
[INFO] Wire Protocol Buffer Maven Plugin
[INFO]                                                                         
[INFO] ------------------------------------------------------------------------
[INFO] Building Wire Protocol Buffers 1.8.1-SNAPSHOT
[INFO] ------------------------------------------------------------------------
[INFO] 
[INFO] --- maven-enforcer-plugin:1.0:enforce (enforce-maven) @ wire ---
[INFO] 
[INFO] --- maven-checkstyle-plugin:2.10:checkstyle (default) @ wire ---
[INFO] 
[INFO] --- maven-install-plugin:2.4:install (default-install) @ wire ---
[INFO] Installing /home/travis/build/square/wire/pom.xml to /home/travis/.m2/repository/com/squareup/wire/wire/1.8.1-SNAPSHOT/wire-1.8.1-SNAPSHOT.pom
[INFO]                                                                         
[INFO] ------------------------------------------------------------------------
[INFO] Building Wire Protocol Buffer Runtime 1.8.1-SNAPSHOT
[INFO] ------------------------------------------------------------------------
[INFO] 
[INFO] --- maven-enforcer-plugin:1.0:enforce (enforce-maven) @ wire-runtime ---
[INFO] 
[INFO] --- maven-resources-plugin:2.6:resources (default-resources) @ wire-runtime ---
[INFO] Using 'UTF-8' encoding to copy filtered resources.
[INFO] skip non existing resourceDirectory /home/travis/build/square/wire/wire-runtime/src/main/resources
[INFO] 
[INFO] --- maven-compiler-plugin:3.1:compile (default-compile) @ wire-runtime ---
[INFO] Changes detected - recompiling the module!
[INFO] Compiling 20 source files to /home/travis/build/square/wire/wire-runtime/target/classes
[WARNING] /home/travis/build/square/wire/wire-runtime/src/main/java/com/squareup/wire/Wire.java: Some input files use unchecked or unsafe operations.
[WARNING] /home/travis/build/square/wire/wire-runtime/src/main/java/com/squareup/wire/Wire.java: Recompile with -Xlint:unchecked for details.
[INFO] 
[INFO] --- maven-resources-plugin:2.6:testResources (default-testResources) @ wire-runtime ---
[INFO] Using 'UTF-8' encoding to copy filtered resources.
[INFO] skip non existing resourceDirectory /home/travis/build/square/wire/wire-runtime/src/test/resources
[INFO] 
[INFO] --- maven-compiler-plugin:3.1:testCompile (default-testCompile) @ wire-runtime ---
[INFO] Nothing to compile - all classes are up to date
[INFO] 
[INFO] --- maven-surefire-plugin:2.12.4:test (default-test) @ wire-runtime ---
[INFO] Tests are skipped.
[INFO] 
[INFO] --- maven-jar-plugin:2.4:jar (default-jar) @ wire-runtime ---
[INFO] Building jar: /home/travis/build/square/wire/wire-runtime/target/wire-runtime-1.8.1-SNAPSHOT.jar
[INFO] 
[INFO] --- maven-checkstyle-plugin:2.10:checkstyle (default) @ wire-runtime ---
[INFO] Starting audit...
Audit done.

[WARNING] Unable to locate Source XRef to link to - DISABLED
[INFO] 
[INFO] --- maven-install-plugin:2.4:install (default-install) @ wire-runtime ---
[INFO] Installing /home/travis/build/square/wire/wire-runtime/target/wire-runtime-1.8.1-SNAPSHOT.jar to /home/travis/.m2/repository/com/squareup/wire/wire-runtime/1.8.1-SNAPSHOT/wire-runtime-1.8.1-SNAPSHOT.jar
[INFO] Installing /home/travis/build/square/wire/wire-runtime/pom.xml to /home/travis/.m2/repository/com/squareup/wire/wire-runtime/1.8.1-SNAPSHOT/wire-runtime-1.8.1-SNAPSHOT.pom
[INFO]                                                                         
[INFO] ------------------------------------------------------------------------
[INFO] Building Wire Protocol Buffer Compiler 1.8.1-SNAPSHOT
[INFO] ------------------------------------------------------------------------
[INFO] 
[INFO] --- maven-enforcer-plugin:1.0:enforce (enforce-maven) @ wire-compiler ---
[INFO] 
[INFO] --- maven-resources-plugin:2.6:resources (default-resources) @ wire-compiler ---
[INFO] Using 'UTF-8' encoding to copy filtered resources.
[INFO] skip non existing resourceDirectory /home/travis/build/square/wire/wire-compiler/src/main/resources
[INFO] 
[INFO] --- maven-compiler-plugin:3.1:compile (default-compile) @ wire-compiler ---
[INFO] Nothing to compile - all classes are up to date
[INFO] 
[INFO] --- maven-resources-plugin:2.6:testResources (default-testResources) @ wire-compiler ---
[INFO] Using 'UTF-8' encoding to copy filtered resources.
[INFO] skip non existing resourceDirectory /home/travis/build/square/wire/wire-compiler/src/test/resources
[INFO] 
[INFO] --- maven-compiler-plugin:3.1:testCompile (default-testCompile) @ wire-compiler ---
[INFO] Nothing to compile - all classes are up to date
[INFO] 
[INFO] --- maven-surefire-plugin:2.12.4:test (default-test) @ wire-compiler ---
[INFO] Tests are skipped.
[INFO] 
[INFO] --- maven-jar-plugin:2.4:jar (default-jar) @ wire-compiler ---
[INFO] 
[INFO] --- maven-assembly-plugin:2.2-beta-5:single (default) @ wire-compiler ---
[INFO] META-INF/ already added, skipping
[INFO] META-INF/MANIFEST.MF already added, skipping
[INFO] META-INF/maven/ already added, skipping
[INFO] META-INF/ already added, skipping
[INFO] META-INF/MANIFEST.MF already added, skipping
[INFO] com/ already added, skipping
[INFO] com/squareup/ already added, skipping
[INFO] META-INF/maven/ already added, skipping
[INFO] META-INF/ already added, skipping
[INFO] META-INF/MANIFEST.MF already added, skipping
[INFO] com/ already added, skipping
[INFO] com/squareup/ already added, skipping
[INFO] META-INF/maven/ already added, skipping
[INFO] META-INF/maven/com.squareup/ already added, skipping
[INFO] Building jar: /home/travis/build/square/wire/wire-compiler/target/wire-compiler-1.8.1-SNAPSHOT-jar-with-dependencies.jar
[INFO] META-INF/ already added, skipping
[INFO] META-INF/MANIFEST.MF already added, skipping
[INFO] META-INF/maven/ already added, skipping
[INFO] META-INF/ already added, skipping
[INFO] META-INF/MANIFEST.MF already added, skipping
[INFO] com/ already added, skipping
[INFO] com/squareup/ already added, skipping
[INFO] META-INF/maven/ already added, skipping
[INFO] META-INF/ already added, skipping
[INFO] META-INF/MANIFEST.MF already added, skipping
[INFO] com/ already added, skipping
[INFO] com/squareup/ already added, skipping
[INFO] META-INF/maven/ already added, skipping
[INFO] META-INF/maven/com.squareup/ already added, skipping
[INFO] 
[INFO] --- maven-checkstyle-plugin:2.10:checkstyle (default) @ wire-compiler ---
[INFO] Starting audit...
/home/travis/build/square/wire/wire-compiler/src/main/java/com/squareup/wire/model/Util.java:21:1: Utility classes should not have a public or default constructor.
/home/travis/build/square/wire/wire-compiler/src/main/java/com/squareup/wire/model/WireEnum.java:60:20: Redundant 'final' modifier.
/home/travis/build/square/wire/wire-compiler/src/main/java/com/squareup/wire/model/WireField.java:60:10: Redundant 'final' modifier.
/home/travis/build/square/wire/wire-compiler/src/main/java/com/squareup/wire/model/WireField.java:64:10: Redundant 'final' modifier.
/home/travis/build/square/wire/wire-compiler/src/main/java/com/squareup/wire/model/WireField.java:68:10: Redundant 'final' modifier.
Audit done.

[INFO] ------------------------------------------------------------------------
[INFO] Reactor Summary:
[INFO] 
[INFO] Wire Protocol Buffers .............................. SUCCESS [  1.799 s]
[INFO] Wire Protocol Buffer Runtime ....................... SUCCESS [  4.571 s]
[INFO] Wire Protocol Buffer Compiler ...................... FAILURE [  2.070 s]
[INFO] Wire Protocol Buffer Gson Support .................. SKIPPED
[INFO] Wire Protocol Buffer Maven Plugin .................. SKIPPED
[INFO] ------------------------------------------------------------------------
[INFO] BUILD FAILURE
[INFO] ------------------------------------------------------------------------
[INFO] Total time: 8.726 s
[INFO] Finished at: 2015-06-29T01:03:30+00:00
[INFO] Final Memory: 25M/465M
[INFO] ------------------------------------------------------------------------
[ERROR] Failed to execute goal org.apache.maven.plugins:maven-checkstyle-plugin:2.10:checkstyle (default) on project wire-compiler: An error has occurred in Checkstyle report generation. Failed during checkstyle execution: There are 5 checkstyle errors. -> [Help 1]
[ERROR] 
[ERROR] To see the full stack trace of the errors, re-run Maven with the -e switch.
[ERROR] Re-run Maven using the -X switch to enable full debug logging.
[ERROR] 
[ERROR] For more information about the errors and possible solutions, please read the following articles:
[ERROR] [Help 1] http://cwiki.apache.org/confluence/display/MAVEN/MojoExecutionException
[ERROR] 
[ERROR] After correcting the problems, you can resume the build with the command
[ERROR]   mvn <goals> -rf :wire-compiler

[31;1mThe command "eval mvn install -DskipTests=true -Dmaven.javadoc.skip=true -B -V" failed. Retrying, 3 of 3.[0m

Apache Maven 3.2.5 (12a6b3acb947671f09b81f49094c53f426d8cea1; 2014-12-14T17:29:23+00:00)
Maven home: /usr/local/maven
Java version: 1.7.0_76, vendor: Oracle Corporation
Java home: /usr/lib/jvm/java-7-oracle/jre
Default locale: en_US, platform encoding: UTF-8
OS name: "linux", version: "3.13.0-40-generic", arch: "amd64", family: "unix"
[INFO] Scanning for projects...
[INFO] ------------------------------------------------------------------------
[INFO] Reactor Build Order:
[INFO] 
[INFO] Wire Protocol Buffers
[INFO] Wire Protocol Buffer Runtime
[INFO] Wire Protocol Buffer Compiler
[INFO] Wire Protocol Buffer Gson Support
[INFO] Wire Protocol Buffer Maven Plugin
[INFO]                                                                         
[INFO] ------------------------------------------------------------------------
[INFO] Building Wire Protocol Buffers 1.8.1-SNAPSHOT
[INFO] ------------------------------------------------------------------------
[INFO] 
[INFO] --- maven-enforcer-plugin:1.0:enforce (enforce-maven) @ wire ---
[INFO] 
[INFO] --- maven-checkstyle-plugin:2.10:checkstyle (default) @ wire ---
[INFO] 
[INFO] --- maven-install-plugin:2.4:install (default-install) @ wire ---
[INFO] Installing /home/travis/build/square/wire/pom.xml to /home/travis/.m2/repository/com/squareup/wire/wire/1.8.1-SNAPSHOT/wire-1.8.1-SNAPSHOT.pom
[INFO]                                                                         
[INFO] ------------------------------------------------------------------------
[INFO] Building Wire Protocol Buffer Runtime 1.8.1-SNAPSHOT
[INFO] ------------------------------------------------------------------------
[INFO] 
[INFO] --- maven-enforcer-plugin:1.0:enforce (enforce-maven) @ wire-runtime ---
[INFO] 
[INFO] --- maven-resources-plugin:2.6:resources (default-resources) @ wire-runtime ---
[INFO] Using 'UTF-8' encoding to copy filtered resources.
[INFO] skip non existing resourceDirectory /home/travis/build/square/wire/wire-runtime/src/main/resources
[INFO] 
[INFO] --- maven-compiler-plugin:3.1:compile (default-compile) @ wire-runtime ---
[INFO] Changes detected - recompiling the module!
[INFO] Compiling 20 source files to /home/travis/build/square/wire/wire-runtime/target/classes
[WARNING] /home/travis/build/square/wire/wire-runtime/src/main/java/com/squareup/wire/Wire.java: Some input files use unchecked or unsafe operations.
[WARNING] /home/travis/build/square/wire/wire-runtime/src/main/java/com/squareup/wire/Wire.java: Recompile with -Xlint:unchecked for details.
[INFO] 
[INFO] --- maven-resources-plugin:2.6:testResources (default-testResources) @ wire-runtime ---
[INFO] Using 'UTF-8' encoding to copy filtered resources.
[INFO] skip non existing resourceDirectory /home/travis/build/square/wire/wire-runtime/src/test/resources
[INFO] 
[INFO] --- maven-compiler-plugin:3.1:testCompile (default-testCompile) @ wire-runtime ---
[INFO] Nothing to compile - all classes are up to date
[INFO] 
[INFO] --- maven-surefire-plugin:2.12.4:test (default-test) @ wire-runtime ---
[INFO] Tests are skipped.
[INFO] 
[INFO] --- maven-jar-plugin:2.4:jar (default-jar) @ wire-runtime ---
[INFO] Building jar: /home/travis/build/square/wire/wire-runtime/target/wire-runtime-1.8.1-SNAPSHOT.jar
[INFO] 
[INFO] --- maven-checkstyle-plugin:2.10:checkstyle (default) @ wire-runtime ---
[INFO] Starting audit...
Audit done.

[WARNING] Unable to locate Source XRef to link to - DISABLED
[INFO] 
[INFO] --- maven-install-plugin:2.4:install (default-install) @ wire-runtime ---
[INFO] Installing /home/travis/build/square/wire/wire-runtime/target/wire-runtime-1.8.1-SNAPSHOT.jar to /home/travis/.m2/repository/com/squareup/wire/wire-runtime/1.8.1-SNAPSHOT/wire-runtime-1.8.1-SNAPSHOT.jar
[INFO] Installing /home/travis/build/square/wire/wire-runtime/pom.xml to /home/travis/.m2/repository/com/squareup/wire/wire-runtime/1.8.1-SNAPSHOT/wire-runtime-1.8.1-SNAPSHOT.pom
[INFO]                                                                         
[INFO] ------------------------------------------------------------------------
[INFO] Building Wire Protocol Buffer Compiler 1.8.1-SNAPSHOT
[INFO] ------------------------------------------------------------------------
[INFO] 
[INFO] --- maven-enforcer-plugin:1.0:enforce (enforce-maven) @ wire-compiler ---
[INFO] 
[INFO] --- maven-resources-plugin:2.6:resources (default-resources) @ wire-compiler ---
[INFO] Using 'UTF-8' encoding to copy filtered resources.
[INFO] skip non existing resourceDirectory /home/travis/build/square/wire/wire-compiler/src/main/resources
[INFO] 
[INFO] --- maven-compiler-plugin:3.1:compile (default-compile) @ wire-compiler ---
[INFO] Nothing to compile - all classes are up to date
[INFO] 
[INFO] --- maven-resources-plugin:2.6:testResources (default-testResources) @ wire-compiler ---
[INFO] Using 'UTF-8' encoding to copy filtered resources.
[INFO] skip non existing resourceDirectory /home/travis/build/square/wire/wire-compiler/src/test/resources
[INFO] 
[INFO] --- maven-compiler-plugin:3.1:testCompile (default-testCompile) @ wire-compiler ---
[INFO] Nothing to compile - all classes are up to date
[INFO] 
[INFO] --- maven-surefire-plugin:2.12.4:test (default-test) @ wire-compiler ---
[INFO] Tests are skipped.
[INFO] 
[INFO] --- maven-jar-plugin:2.4:jar (default-jar) @ wire-compiler ---
[INFO] 
[INFO] --- maven-assembly-plugin:2.2-beta-5:single (default) @ wire-compiler ---
[INFO] META-INF/ already added, skipping
[INFO] META-INF/MANIFEST.MF already added, skipping
[INFO] META-INF/maven/ already added, skipping
[INFO] META-INF/ already added, skipping
[INFO] META-INF/MANIFEST.MF already added, skipping
[INFO] com/ already added, skipping
[INFO] com/squareup/ already added, skipping
[INFO] META-INF/maven/ already added, skipping
[INFO] META-INF/ already added, skipping
[INFO] META-INF/MANIFEST.MF already added, skipping
[INFO] com/ already added, skipping
[INFO] com/squareup/ already added, skipping
[INFO] META-INF/maven/ already added, skipping
[INFO] META-INF/maven/com.squareup/ already added, skipping
[INFO] Building jar: /home/travis/build/square/wire/wire-compiler/target/wire-compiler-1.8.1-SNAPSHOT-jar-with-dependencies.jar
[INFO] META-INF/ already added, skipping
[INFO] META-INF/MANIFEST.MF already added, skipping
[INFO] META-INF/maven/ already added, skipping
[INFO] META-INF/ already added, skipping
[INFO] META-INF/MANIFEST.MF already added, skipping
[INFO] com/ already added, skipping
[INFO] com/squareup/ already added, skipping
[INFO] META-INF/maven/ already added, skipping
[INFO] META-INF/ already added, skipping
[INFO] META-INF/MANIFEST.MF already added, skipping
[INFO] com/ already added, skipping
[INFO] com/squareup/ already added, skipping
[INFO] META-INF/maven/ already added, skipping
[INFO] META-INF/maven/com.squareup/ already added, skipping
[INFO] 
[INFO] --- maven-checkstyle-plugin:2.10:checkstyle (default) @ wire-compiler ---
[INFO] Starting audit...
/home/travis/build/square/wire/wire-compiler/src/main/java/com/squareup/wire/model/Util.java:21:1: Utility classes should not have a public or default constructor.
/home/travis/build/square/wire/wire-compiler/src/main/java/com/squareup/wire/model/WireEnum.java:60:20: Redundant 'final' modifier.
/home/travis/build/square/wire/wire-compiler/src/main/java/com/squareup/wire/model/WireField.java:60:10: Redundant 'final' modifier.
/home/travis/build/square/wire/wire-compiler/src/main/java/com/squareup/wire/model/WireField.java:64:10: Redundant 'final' modifier.
/home/travis/build/square/wire/wire-compiler/src/main/java/com/squareup/wire/model/WireField.java:68:10: Redundant 'final' modifier.
Audit done.

[INFO] ------------------------------------------------------------------------
[INFO] Reactor Summary:
[INFO] 
[INFO] Wire Protocol Buffers .............................. SUCCESS [  1.370 s]
[INFO] Wire Protocol Buffer Runtime ....................... SUCCESS [  3.585 s]
[INFO] Wire Protocol Buffer Compiler ...................... FAILURE [  1.682 s]
[INFO] Wire Protocol Buffer Gson Support .................. SKIPPED
[INFO] Wire Protocol Buffer Maven Plugin .................. SKIPPED
[INFO] ------------------------------------------------------------------------
[INFO] BUILD FAILURE
[INFO] ------------------------------------------------------------------------
[INFO] Total time: 6.833 s
[INFO] Finished at: 2015-06-29T01:03:40+00:00
[INFO] Final Memory: 26M/465M
[INFO] ------------------------------------------------------------------------
[ERROR] Failed to execute goal org.apache.maven.plugins:maven-checkstyle-plugin:2.10:checkstyle (default) on project wire-compiler: An error has occurred in Checkstyle report generation. Failed during checkstyle execution: There are 5 checkstyle errors. -> [Help 1]
[ERROR] 
[ERROR] To see the full stack trace of the errors, re-run Maven with the -e switch.
[ERROR] Re-run Maven using the -X switch to enable full debug logging.
[ERROR] 
[ERROR] For more information about the errors and possible solutions, please read the following articles:
[ERROR] [Help 1] http://cwiki.apache.org/confluence/display/MAVEN/MojoExecutionException
[ERROR] 
[ERROR] After correcting the problems, you can resume the build with the command
[ERROR]   mvn <goals> -rf :wire-compiler

[31;1mThe command "eval mvn install -DskipTests=true -Dmaven.javadoc.skip=true -B -V" failed 3 times.[0m

travis_time:end:0fba9c06:start=1435539784441745716,finish=1435539821647881955,duration=37206136239[0K
[31;1mThe command "mvn install -DskipTests=true -Dmaven.javadoc.skip=true -B -V" failed and exited with 1 during .[0m

Your build has been stopped.
