Using worker: worker-linux-docker-b6b0d999.prod.travis-ci.org:travis-linux-3

travis_fold:start:system_info[0K[33;1mBuild system information[0m
Build language: java
[34m[1mBuild image provisioning date and time[0m
Fri Dec 12 23:29:11 UTC 2014
[34m[1mlsb_release -a[0m
Distributor ID:	Ubuntu
Description:	Ubuntu 12.04.5 LTS
Release:	12.04
Codename:	precise
[34m[1mCookbooks Version[0m
540230e https://github.com/travis-ci/travis-cookbooks/tree/540230e
[34m[1mGCC version[0m
gcc (Ubuntu/Linaro 4.6.3-1ubuntu5) 4.6.3
Copyright (C) 2011 Free Software Foundation, Inc.
This is free software; see the source for copying conditions.  There is NO
warranty; not even for MERCHANTABILITY or FITNESS FOR A PARTICULAR PURPOSE.

[34m[1mLLVM version[0m
clang version 3.4 (tags/RELEASE_34/final)
Target: x86_64-unknown-linux-gnu
Thread model: posix
[34m[1mPre-installed Ruby versions[0m
ruby-1.9.3-p551
[34m[1mPre-installed Node.js versions[0m
v0.10.33
[34m[1mPre-installed Go versions[0m
go1.4
[34m[1mRedis version[0m
redis-server 2.8.18
[34m[1mriak version[0m
1.4.12
[34m[1mMongoDB version[0m
MongoDB 2.4.12
[34m[1mCouchDB version[0m
couchdb 1.6.1
[34m[1mNeo4j version[0m
1.9.4
[34m[1mCassandra version[0m
2.0.9
[34m[1mRabbitMQ Version[0m
3.4.2
[34m[1mElasticSearch version[0m
1.4.0
[34m[1mInstalled Sphinx versions[0m
2.0.10
2.1.9
2.2.4
[34m[1mDefault Sphinx version[0m
2.1.9
[34m[1mInstalled Firefox version[0m
firefox 31.0esr
[34m[1mPhantomJS version[0m
1.9.8
[34m[1mant -version[0m
Apache Ant(TM) version 1.8.2 compiled on December 3 2011
[34m[1mmvn -version[0m
Apache Maven 3.2.3 (33f8c3e1027c3ddde99d3cdebad2656a31e8fdf4; 2014-08-11T20:58:10+00:00)
Maven home: /usr/local/maven
Java version: 1.7.0_72, vendor: Oracle Corporation
Java home: /usr/lib/jvm/java-7-oracle/jre
Default locale: en_US, platform encoding: ANSI_X3.4-1968
OS name: "linux", version: "3.13.0-29-generic", arch: "amd64", family: "unix"
[34m[1mgradle -version[0m

------------------------------------------------------------
Gradle 2.2.1
------------------------------------------------------------

Build time:   2014-11-24 09:45:35 UTC
Build number: none
Revision:     6fcb59c06f43a4e6b1bcb401f7686a8601a1fb4a

Groovy:       2.3.6
Ant:          Apache Ant(TM) version 1.9.3 compiled on December 23 2013
JVM:          1.7.0_72 (Oracle Corporation 24.72-b04)
OS:           Linux 3.13.0-29-generic amd64

[34m[1mlein1 version[0m
Using JLine for console I/O; install rlwrap for optimum experience.
Leiningen 1.7.1 on Java 1.7.0_72 Java HotSpot(TM) 64-Bit Server VM
[34m[1mlein2 version[0m
Leiningen 2.5.0 on Java 1.7.0_72 Java HotSpot(TM) 64-Bit Server VM
[34m[1mlein version[0m
Leiningen 2.5.0 on Java 1.7.0_72 Java HotSpot(TM) 64-Bit Server VM
travis_fold:end:system_info[0K
travis_fold:start:git.checkout[0Ktravis_time:start:3b4c7800[0K$ git clone --depth=50 --branch=zundel/move-options-to-container git://github.com/square/wire.git square/wire
Cloning into 'square/wire'...
remote: Counting objects: 1235, done.[K
remote: Compressing objects:   0% (1/605)   [Kremote: Compressing objects:   1% (7/605)   [Kremote: Compressing objects:   2% (13/605)   [Kremote: Compressing objects:   3% (19/605)   [Kremote: Compressing objects:   4% (25/605)   [Kremote: Compressing objects:   5% (31/605)   [Kremote: Compressing objects:   6% (37/605)   [Kremote: Compressing objects:   7% (43/605)   [Kremote: Compressing objects:   8% (49/605)   [Kremote: Compressing objects:   9% (55/605)   [Kremote: Compressing objects:  10% (61/605)   [Kremote: Compressing objects:  11% (67/605)   [Kremote: Compressing objects:  12% (73/605)   [Kremote: Compressing objects:  13% (79/605)   [Kremote: Compressing objects:  14% (85/605)   [Kremote: Compressing objects:  15% (91/605)   [Kremote: Compressing objects:  16% (97/605)   [Kremote: Compressing objects:  17% (103/605)   [Kremote: Compressing objects:  18% (109/605)   [Kremote: Compressing objects:  19% (115/605)   [Kremote: Compressing objects:  20% (121/605)   [Kremote: Compressing objects:  21% (128/605)   [Kremote: Compressing objects:  22% (134/605)   [Kremote: Compressing objects:  23% (140/605)   [Kremote: Compressing objects:  24% (146/605)   [Kremote: Compressing objects:  25% (152/605)   [Kremote: Compressing objects:  26% (158/605)   [Kremote: Compressing objects:  27% (164/605)   [Kremote: Compressing objects:  28% (170/605)   [Kremote: Compressing objects:  29% (176/605)   [Kremote: Compressing objects:  30% (182/605)   [Kremote: Compressing objects:  31% (188/605)   [Kremote: Compressing objects:  32% (194/605)   [Kremote: Compressing objects:  33% (200/605)   [Kremote: Compressing objects:  34% (206/605)   [Kremote: Compressing objects:  35% (212/605)   [Kremote: Compressing objects:  36% (218/605)   [Kremote: Compressing objects:  37% (224/605)   [Kremote: Compressing objects:  38% (230/605)   [Kremote: Compressing objects:  39% (236/605)   [Kremote: Compressing objects:  40% (242/605)   [Kremote: Compressing objects:  41% (249/605)   [Kremote: Compressing objects:  42% (255/605)   [Kremote: Compressing objects:  43% (261/605)   [Kremote: Compressing objects:  44% (267/605)   [Kremote: Compressing objects:  45% (273/605)   [Kremote: Compressing objects:  46% (279/605)   [Kremote: Compressing objects:  47% (285/605)   [Kremote: Compressing objects:  48% (291/605)   [Kremote: Compressing objects:  49% (297/605)   [Kremote: Compressing objects:  50% (303/605)   [Kremote: Compressing objects:  51% (309/605)   [Kremote: Compressing objects:  52% (315/605)   [Kremote: Compressing objects:  53% (321/605)   [Kremote: Compressing objects:  54% (327/605)   [Kremote: Compressing objects:  55% (333/605)   [Kremote: Compressing objects:  56% (339/605)   [Kremote: Compressing objects:  57% (345/605)   [Kremote: Compressing objects:  58% (351/605)   [Kremote: Compressing objects:  59% (357/605)   [Kremote: Compressing objects:  60% (363/605)   [Kremote: Compressing objects:  61% (370/605)   [Kremote: Compressing objects:  62% (376/605)   [Kremote: Compressing objects:  63% (382/605)   [Kremote: Compressing objects:  64% (388/605)   [Kremote: Compressing objects:  65% (394/605)   [Kremote: Compressing objects:  66% (400/605)   [Kremote: Compressing objects:  67% (406/605)   [Kremote: Compressing objects:  68% (412/605)   [Kremote: Compressing objects:  69% (418/605)   [Kremote: Compressing objects:  70% (424/605)   [Kremote: Compressing objects:  71% (430/605)   [Kremote: Compressing objects:  72% (436/605)   [Kremote: Compressing objects:  73% (442/605)   [Kremote: Compressing objects:  74% (448/605)   [Kremote: Compressing objects:  75% (454/605)   [Kremote: Compressing objects:  76% (460/605)   [Kremote: Compressing objects:  77% (466/605)   [Kremote: Compressing objects:  78% (472/605)   [Kremote: Compressing objects:  79% (478/605)   [Kremote: Compressing objects:  80% (484/605)   [Kremote: Compressing objects:  81% (491/605)   [Kremote: Compressing objects:  82% (497/605)   [Kremote: Compressing objects:  83% (503/605)   [Kremote: Compressing objects:  84% (509/605)   [Kremote: Compressing objects:  85% (515/605)   [Kremote: Compressing objects:  86% (521/605)   [Kremote: Compressing objects:  87% (527/605)   [Kremote: Compressing objects:  88% (533/605)   [Kremote: Compressing objects:  89% (539/605)   [Kremote: Compressing objects:  90% (545/605)   [Kremote: Compressing objects:  91% (551/605)   [Kremote: Compressing objects:  92% (557/605)   [Kremote: Compressing objects:  93% (563/605)   [Kremote: Compressing objects:  94% (569/605)   [Kremote: Compressing objects:  95% (575/605)   [Kremote: Compressing objects:  96% (581/605)   [Kremote: Compressing objects:  97% (587/605)   [Kremote: Compressing objects:  98% (593/605)   [Kremote: Compressing objects:  99% (599/605)   [Kremote: Compressing objects: 100% (605/605)   [Kremote: Compressing objects: 100% (605/605), done.[K
Receiving objects:   0% (1/1235)   Receiving objects:   1% (13/1235)   Receiving objects:   2% (25/1235)   Receiving objects:   3% (38/1235)   Receiving objects:   4% (50/1235)   Receiving objects:   5% (62/1235)   Receiving objects:   6% (75/1235)   Receiving objects:   7% (87/1235)   Receiving objects:   8% (99/1235)   Receiving objects:   9% (112/1235)   Receiving objects:  10% (124/1235)   Receiving objects:  11% (136/1235)   Receiving objects:  12% (149/1235)   Receiving objects:  13% (161/1235)   Receiving objects:  14% (173/1235)   Receiving objects:  15% (186/1235)   Receiving objects:  16% (198/1235)   Receiving objects:  17% (210/1235)   Receiving objects:  18% (223/1235)   Receiving objects:  19% (235/1235)   Receiving objects:  20% (247/1235)   Receiving objects:  21% (260/1235)   Receiving objects:  22% (272/1235)   Receiving objects:  23% (285/1235)   Receiving objects:  24% (297/1235)   Receiving objects:  25% (309/1235)   Receiving objects:  26% (322/1235)   Receiving objects:  27% (334/1235)   Receiving objects:  28% (346/1235)   Receiving objects:  29% (359/1235)   Receiving objects:  30% (371/1235)   Receiving objects:  31% (383/1235)   Receiving objects:  32% (396/1235)   Receiving objects:  33% (408/1235)   Receiving objects:  34% (420/1235)   Receiving objects:  35% (433/1235)   Receiving objects:  36% (445/1235)   Receiving objects:  37% (457/1235)   Receiving objects:  38% (470/1235)   Receiving objects:  39% (482/1235)   Receiving objects:  40% (494/1235)   Receiving objects:  41% (507/1235)   Receiving objects:  42% (519/1235)   Receiving objects:  43% (532/1235)   Receiving objects:  44% (544/1235)   Receiving objects:  45% (556/1235)   Receiving objects:  46% (569/1235)   Receiving objects:  47% (581/1235)   Receiving objects:  48% (593/1235)   Receiving objects:  49% (606/1235)   Receiving objects:  50% (618/1235)   Receiving objects:  51% (630/1235)   Receiving objects:  52% (643/1235)   Receiving objects:  53% (655/1235)   Receiving objects:  54% (667/1235)   Receiving objects:  55% (680/1235)   Receiving objects:  56% (692/1235)   Receiving objects:  57% (704/1235)   Receiving objects:  58% (717/1235)   Receiving objects:  59% (729/1235)   Receiving objects:  60% (741/1235)   Receiving objects:  61% (754/1235)   Receiving objects:  62% (766/1235)   Receiving objects:  63% (779/1235)   Receiving objects:  64% (791/1235)   Receiving objects:  65% (803/1235)   Receiving objects:  66% (816/1235)   Receiving objects:  67% (828/1235)   Receiving objects:  68% (840/1235)   remote: Total 1235 (delta 476), reused 1069 (delta 350)[K
Receiving objects:  69% (853/1235)   Receiving objects:  70% (865/1235)   Receiving objects:  71% (877/1235)   Receiving objects:  72% (890/1235)   Receiving objects:  73% (902/1235)   Receiving objects:  74% (914/1235)   Receiving objects:  75% (927/1235)   Receiving objects:  76% (939/1235)   Receiving objects:  77% (951/1235)   Receiving objects:  78% (964/1235)   Receiving objects:  79% (976/1235)   Receiving objects:  80% (988/1235)   Receiving objects:  81% (1001/1235)   Receiving objects:  82% (1013/1235)   Receiving objects:  83% (1026/1235)   Receiving objects:  84% (1038/1235)   Receiving objects:  85% (1050/1235)   Receiving objects:  86% (1063/1235)   Receiving objects:  87% (1075/1235)   Receiving objects:  88% (1087/1235)   Receiving objects:  89% (1100/1235)   Receiving objects:  90% (1112/1235)   Receiving objects:  91% (1124/1235)   Receiving objects:  92% (1137/1235)   Receiving objects:  93% (1149/1235)   Receiving objects:  94% (1161/1235)   Receiving objects:  95% (1174/1235)   Receiving objects:  96% (1186/1235)   Receiving objects:  97% (1198/1235)   Receiving objects:  98% (1211/1235)   Receiving objects:  99% (1223/1235)   Receiving objects: 100% (1235/1235)   Receiving objects: 100% (1235/1235), 283.70 KiB | 0 bytes/s, done.
Resolving deltas:   0% (0/476)   Resolving deltas:   1% (5/476)   Resolving deltas:   3% (17/476)   Resolving deltas:   4% (21/476)   Resolving deltas:   5% (25/476)   Resolving deltas:   7% (36/476)   Resolving deltas:  13% (62/476)   Resolving deltas:  16% (79/476)   Resolving deltas:  17% (81/476)   Resolving deltas:  19% (93/476)   Resolving deltas:  22% (108/476)   Resolving deltas:  25% (120/476)   Resolving deltas:  26% (126/476)   Resolving deltas:  27% (131/476)   Resolving deltas:  28% (134/476)   Resolving deltas:  29% (139/476)   Resolving deltas:  32% (155/476)   Resolving deltas:  36% (174/476)   Resolving deltas:  37% (177/476)   Resolving deltas:  39% (189/476)   Resolving deltas:  40% (192/476)   Resolving deltas:  41% (199/476)   Resolving deltas:  42% (203/476)   Resolving deltas:  43% (206/476)   Resolving deltas:  44% (210/476)   Resolving deltas:  45% (215/476)   Resolving deltas:  46% (219/476)   Resolving deltas:  47% (226/476)   Resolving deltas:  48% (230/476)   Resolving deltas:  50% (238/476)   Resolving deltas:  56% (270/476)   Resolving deltas:  64% (309/476)   Resolving deltas:  65% (312/476)   Resolving deltas:  67% (320/476)   Resolving deltas:  68% (327/476)   Resolving deltas:  69% (329/476)   Resolving deltas:  70% (334/476)   Resolving deltas:  72% (344/476)   Resolving deltas:  73% (348/476)   Resolving deltas:  75% (358/476)   Resolving deltas:  81% (387/476)   Resolving deltas:  82% (391/476)   Resolving deltas:  84% (404/476)   Resolving deltas:  85% (405/476)   Resolving deltas:  86% (410/476)   Resolving deltas:  89% (425/476)   Resolving deltas:  94% (450/476)   Resolving deltas:  95% (453/476)   Resolving deltas:  96% (459/476)   Resolving deltas:  98% (468/476)   Resolving deltas:  99% (472/476)   Resolving deltas: 100% (476/476)   Resolving deltas: 100% (476/476), done.
Checking connectivity... done.
travis_time:end:3b4c7800:start=1420465944374684672,finish=1420465944596734877,duration=222050205[0K$ cd square/wire
$ git checkout -qf 759aebcfb8b9d57b6c14eeed9bc3fdf634591a60
travis_fold:end:git.checkout[0K
[33;1mThis job is running on container-based infrastructure, which does not allow use of 'sudo', setuid and setguid executables.[0m
[33;1mSee http://docs.travis-ci.com/user/workers/container-based-infrastructure/ for details.[0m

[33;1mSetting environment variables from .travis.yml[0m
$ export CI_DEPLOY_USERNAME=[secure]
$ export CI_DEPLOY_PASSWORD=[secure]

travis_fold:start:cache.1[0KSetting up build cache
$ export CASHER_DIR=$HOME/.casher
travis_time:start:2ab8f218[0K$ Installing caching utilities
travis_time:end:2ab8f218:start=1420465947266138223,finish=1420465947353544604,duration=87406381[0Ktravis_time:start:080416fe[0Kattempting to download cache archive
found cache
travis_time:end:080416fe:start=1420465947357898142,finish=1420465948068407021,duration=710508879[0Ktravis_time:start:1f9d21f4[0Kadding /home/travis/.m2 to cache
travis_time:end:1f9d21f4:start=1420465948072120626,finish=1420465950173065745,duration=2100945119[0Ktravis_fold:end:cache.1[0K$ jdk_switcher use oraclejdk8
Switching to Oracle JDK8 (java-8-oracle), JAVA_HOME will be set to /usr/lib/jvm/java-8-oracle
$ java -version
java version "1.8.0_25"
Java(TM) SE Runtime Environment (build 1.8.0_25-b17)
Java HotSpot(TM) 64-Bit Server VM (build 25.25-b02, mixed mode)
$ javac -version
javac 1.8.0_25
travis_fold:start:install[0Ktravis_time:start:04dbbc90[0K$ mvn install -DskipTests=true -Dmaven.javadoc.skip=true -B -V
Java HotSpot(TM) 64-Bit Server VM warning: ignoring option MaxPermSize=192m; support was removed in 8.0
Apache Maven 3.2.3 (33f8c3e1027c3ddde99d3cdebad2656a31e8fdf4; 2014-08-11T20:58:10+00:00)
Maven home: /usr/local/maven
Java version: 1.8.0_25, vendor: Oracle Corporation
Java home: /usr/lib/jvm/java-8-oracle/jre
Default locale: en_US, platform encoding: UTF-8
OS name: "linux", version: "3.13.0-40-generic", arch: "amd64", family: "unix"
[INFO] Scanning for projects...
[INFO] ------------------------------------------------------------------------
[INFO] Reactor Build Order:
[INFO] 
[INFO] Wire Protocol Buffers
[INFO] Wire Protocol Buffer Runtime
[INFO] Wire Protocol Buffer Compiler
[INFO] Wire Protocol Buffer Gson Support
[INFO] Wire Protocol Buffer Maven Plugin
[INFO]                                                                         
[INFO] ------------------------------------------------------------------------
[INFO] Building Wire Protocol Buffers 1.6.1-SNAPSHOT
[INFO] ------------------------------------------------------------------------
[INFO] 
[INFO] --- maven-enforcer-plugin:1.0:enforce (enforce-maven) @ wire ---
[INFO] 
[INFO] --- maven-checkstyle-plugin:2.10:checkstyle (default) @ wire ---
[INFO] 
[INFO] --- maven-install-plugin:2.4:install (default-install) @ wire ---
[INFO] Installing /home/travis/build/square/wire/pom.xml to /home/travis/.m2/repository/com/squareup/wire/wire/1.6.1-SNAPSHOT/wire-1.6.1-SNAPSHOT.pom
[INFO]                                                                         
[INFO] ------------------------------------------------------------------------
[INFO] Building Wire Protocol Buffer Runtime 1.6.1-SNAPSHOT
[INFO] ------------------------------------------------------------------------
[INFO] 
[INFO] --- maven-enforcer-plugin:1.0:enforce (enforce-maven) @ wire-runtime ---
[INFO] 
[INFO] --- maven-resources-plugin:2.6:resources (default-resources) @ wire-runtime ---
[INFO] Using 'UTF-8' encoding to copy filtered resources.
[INFO] skip non existing resourceDirectory /home/travis/build/square/wire/wire-runtime/src/main/resources
[INFO] 
[INFO] --- maven-compiler-plugin:3.1:compile (default-compile) @ wire-runtime ---
[INFO] Changes detected - recompiling the module!
[INFO] Compiling 19 source files to /home/travis/build/square/wire/wire-runtime/target/classes
[WARNING] /home/travis/build/square/wire/wire-runtime/src/main/java/com/squareup/wire/Wire.java: Some input files use unchecked or unsafe operations.
[WARNING] /home/travis/build/square/wire/wire-runtime/src/main/java/com/squareup/wire/Wire.java: Recompile with -Xlint:unchecked for details.
[INFO] 
[INFO] --- maven-resources-plugin:2.6:testResources (default-testResources) @ wire-runtime ---
[INFO] Using 'UTF-8' encoding to copy filtered resources.
[INFO] skip non existing resourceDirectory /home/travis/build/square/wire/wire-runtime/src/test/resources
[INFO] 
[INFO] --- maven-compiler-plugin:3.1:testCompile (default-testCompile) @ wire-runtime ---
[INFO] Changes detected - recompiling the module!
[INFO] Compiling 75 source files to /home/travis/build/square/wire/wire-runtime/target/test-classes
[WARNING] /home/travis/build/square/wire/wire-runtime/src/test/java/com/squareup/wire/WireTest.java: /home/travis/build/square/wire/wire-runtime/src/test/java/com/squareup/wire/WireTest.java uses or overrides a deprecated API.
[WARNING] /home/travis/build/square/wire/wire-runtime/src/test/java/com/squareup/wire/WireTest.java: Recompile with -Xlint:deprecation for details.
[INFO] 
[INFO] --- maven-surefire-plugin:2.12.4:test (default-test) @ wire-runtime ---
[INFO] Tests are skipped.
[INFO] 
[INFO] --- maven-jar-plugin:2.4:jar (default-jar) @ wire-runtime ---
[INFO] Building jar: /home/travis/build/square/wire/wire-runtime/target/wire-runtime-1.6.1-SNAPSHOT.jar
[INFO] 
[INFO] --- maven-checkstyle-plugin:2.10:checkstyle (default) @ wire-runtime ---
[INFO] Starting audit...
Audit done.

[WARNING] Unable to locate Source XRef to link to - DISABLED
[INFO] 
[INFO] --- maven-install-plugin:2.4:install (default-install) @ wire-runtime ---
[INFO] Installing /home/travis/build/square/wire/wire-runtime/target/wire-runtime-1.6.1-SNAPSHOT.jar to /home/travis/.m2/repository/com/squareup/wire/wire-runtime/1.6.1-SNAPSHOT/wire-runtime-1.6.1-SNAPSHOT.jar
[INFO] Installing /home/travis/build/square/wire/wire-runtime/pom.xml to /home/travis/.m2/repository/com/squareup/wire/wire-runtime/1.6.1-SNAPSHOT/wire-runtime-1.6.1-SNAPSHOT.pom
[INFO]                                                                         
[INFO] ------------------------------------------------------------------------
[INFO] Building Wire Protocol Buffer Compiler 1.6.1-SNAPSHOT
[INFO] ------------------------------------------------------------------------
[INFO] 
[INFO] --- maven-enforcer-plugin:1.0:enforce (enforce-maven) @ wire-compiler ---
[INFO] 
[INFO] --- maven-resources-plugin:2.6:resources (default-resources) @ wire-compiler ---
[INFO] Using 'UTF-8' encoding to copy filtered resources.
[INFO] skip non existing resourceDirectory /home/travis/build/square/wire/wire-compiler/src/main/resources
[INFO] 
[INFO] --- maven-compiler-plugin:3.1:compile (default-compile) @ wire-compiler ---
[INFO] Changes detected - recompiling the module!
[INFO] Compiling 14 source files to /home/travis/build/square/wire/wire-compiler/target/classes
[INFO] 
[INFO] --- maven-resources-plugin:2.6:testResources (default-testResources) @ wire-compiler ---
[INFO] Using 'UTF-8' encoding to copy filtered resources.
[INFO] skip non existing resourceDirectory /home/travis/build/square/wire/wire-compiler/src/test/resources
[INFO] 
[INFO] --- maven-compiler-plugin:3.1:testCompile (default-testCompile) @ wire-compiler ---
[INFO] Changes detected - recompiling the module!
[INFO] Compiling 4 source files to /home/travis/build/square/wire/wire-compiler/target/test-classes
[WARNING] /home/travis/build/square/wire/wire-compiler/src/test/java/com/squareup/wire/WireCompilerErrorTest.java: /home/travis/build/square/wire/wire-compiler/src/test/java/com/squareup/wire/WireCompilerErrorTest.java uses unchecked or unsafe operations.
[WARNING] /home/travis/build/square/wire/wire-compiler/src/test/java/com/squareup/wire/WireCompilerErrorTest.java: Recompile with -Xlint:unchecked for details.
[INFO] 
[INFO] --- maven-surefire-plugin:2.12.4:test (default-test) @ wire-compiler ---
[INFO] Tests are skipped.
[INFO] 
[INFO] --- maven-jar-plugin:2.4:jar (default-jar) @ wire-compiler ---
[INFO] Building jar: /home/travis/build/square/wire/wire-compiler/target/wire-compiler-1.6.1-SNAPSHOT.jar
[INFO] 
[INFO] --- maven-assembly-plugin:2.2-beta-5:single (default) @ wire-compiler ---
[INFO] META-INF/ already added, skipping
[INFO] META-INF/MANIFEST.MF already added, skipping
[INFO] META-INF/maven/ already added, skipping
[INFO] META-INF/ already added, skipping
[INFO] META-INF/MANIFEST.MF already added, skipping
[INFO] com/ already added, skipping
[INFO] com/squareup/ already added, skipping
[INFO] META-INF/maven/ already added, skipping
[INFO] META-INF/ already added, skipping
[INFO] META-INF/MANIFEST.MF already added, skipping
[INFO] com/ already added, skipping
[INFO] com/squareup/ already added, skipping
[INFO] META-INF/maven/ already added, skipping
[INFO] META-INF/maven/com.squareup/ already added, skipping
[INFO] Building jar: /home/travis/build/square/wire/wire-compiler/target/wire-compiler-1.6.1-SNAPSHOT-jar-with-dependencies.jar
[INFO] META-INF/ already added, skipping
[INFO] META-INF/MANIFEST.MF already added, skipping
[INFO] META-INF/maven/ already added, skipping
[INFO] META-INF/ already added, skipping
[INFO] META-INF/MANIFEST.MF already added, skipping
[INFO] com/ already added, skipping
[INFO] com/squareup/ already added, skipping
[INFO] META-INF/maven/ already added, skipping
[INFO] META-INF/ already added, skipping
[INFO] META-INF/MANIFEST.MF already added, skipping
[INFO] com/ already added, skipping
[INFO] com/squareup/ already added, skipping
[INFO] META-INF/maven/ already added, skipping
[INFO] META-INF/maven/com.squareup/ already added, skipping
[INFO] 
[INFO] --- maven-checkstyle-plugin:2.10:checkstyle (default) @ wire-compiler ---
[INFO] Starting audit...
/home/travis/build/square/wire/wire-compiler/src/main/java/com/squareup/wire/WireCompiler.java:135: Line is longer than 100 characters (found 111).
/home/travis/build/square/wire/wire-compiler/src/main/java/com/squareup/wire/WireCompiler.java:136: Line is longer than 100 characters (found 101).
/home/travis/build/square/wire/wire-compiler/src/main/java/com/squareup/wire/WireCompiler.java:154: Line is longer than 100 characters (found 102).
Audit done.

[INFO] ------------------------------------------------------------------------
[INFO] Reactor Summary:
[INFO] 
[INFO] Wire Protocol Buffers .............................. SUCCESS [  1.465 s]
[INFO] Wire Protocol Buffer Runtime ....................... SUCCESS [ 12.406 s]
[INFO] Wire Protocol Buffer Compiler ...................... FAILURE [  4.922 s]
[INFO] Wire Protocol Buffer Gson Support .................. SKIPPED
[INFO] Wire Protocol Buffer Maven Plugin .................. SKIPPED
[INFO] ------------------------------------------------------------------------
[INFO] BUILD FAILURE
[INFO] ------------------------------------------------------------------------
[INFO] Total time: 18.998 s
[INFO] Finished at: 2015-01-05T13:52:51+00:00
[INFO] Final Memory: 27M/342M
[INFO] ------------------------------------------------------------------------
[ERROR] Failed to execute goal org.apache.maven.plugins:maven-checkstyle-plugin:2.10:checkstyle (default) on project wire-compiler: An error has occurred in Checkstyle report generation. Failed during checkstyle execution: There are 3 checkstyle errors. -> [Help 1]
[ERROR] 
[ERROR] To see the full stack trace of the errors, re-run Maven with the -e switch.
[ERROR] Re-run Maven using the -X switch to enable full debug logging.
[ERROR] 
[ERROR] For more information about the errors and possible solutions, please read the following articles:
[ERROR] [Help 1] http://cwiki.apache.org/confluence/display/MAVEN/MojoExecutionException
[ERROR] 
[ERROR] After correcting the problems, you can resume the build with the command
[ERROR]   mvn <goals> -rf :wire-compiler

[31;1mThe command "eval mvn install -DskipTests=true -Dmaven.javadoc.skip=true -B -V" failed. Retrying, 2 of 3.[0m

Java HotSpot(TM) 64-Bit Server VM warning: ignoring option MaxPermSize=192m; support was removed in 8.0
Apache Maven 3.2.3 (33f8c3e1027c3ddde99d3cdebad2656a31e8fdf4; 2014-08-11T20:58:10+00:00)
Maven home: /usr/local/maven
Java version: 1.8.0_25, vendor: Oracle Corporation
Java home: /usr/lib/jvm/java-8-oracle/jre
Default locale: en_US, platform encoding: UTF-8
OS name: "linux", version: "3.13.0-40-generic", arch: "amd64", family: "unix"
[INFO] Scanning for projects...
[INFO] ------------------------------------------------------------------------
[INFO] Reactor Build Order:
[INFO] 
[INFO] Wire Protocol Buffers
[INFO] Wire Protocol Buffer Runtime
[INFO] Wire Protocol Buffer Compiler
[INFO] Wire Protocol Buffer Gson Support
[INFO] Wire Protocol Buffer Maven Plugin
[INFO]                                                                         
[INFO] ------------------------------------------------------------------------
[INFO] Building Wire Protocol Buffers 1.6.1-SNAPSHOT
[INFO] ------------------------------------------------------------------------
[INFO] 
[INFO] --- maven-enforcer-plugin:1.0:enforce (enforce-maven) @ wire ---
[INFO] 
[INFO] --- maven-checkstyle-plugin:2.10:checkstyle (default) @ wire ---
[INFO] 
[INFO] --- maven-install-plugin:2.4:install (default-install) @ wire ---
[INFO] Installing /home/travis/build/square/wire/pom.xml to /home/travis/.m2/repository/com/squareup/wire/wire/1.6.1-SNAPSHOT/wire-1.6.1-SNAPSHOT.pom
[INFO]                                                                         
[INFO] ------------------------------------------------------------------------
[INFO] Building Wire Protocol Buffer Runtime 1.6.1-SNAPSHOT
[INFO] ------------------------------------------------------------------------
[INFO] 
[INFO] --- maven-enforcer-plugin:1.0:enforce (enforce-maven) @ wire-runtime ---
[INFO] 
[INFO] --- maven-resources-plugin:2.6:resources (default-resources) @ wire-runtime ---
[INFO] Using 'UTF-8' encoding to copy filtered resources.
[INFO] skip non existing resourceDirectory /home/travis/build/square/wire/wire-runtime/src/main/resources
[INFO] 
[INFO] --- maven-compiler-plugin:3.1:compile (default-compile) @ wire-runtime ---
[INFO] Changes detected - recompiling the module!
[INFO] Compiling 19 source files to /home/travis/build/square/wire/wire-runtime/target/classes
[WARNING] /home/travis/build/square/wire/wire-runtime/src/main/java/com/squareup/wire/Wire.java: Some input files use unchecked or unsafe operations.
[WARNING] /home/travis/build/square/wire/wire-runtime/src/main/java/com/squareup/wire/Wire.java: Recompile with -Xlint:unchecked for details.
[INFO] 
[INFO] --- maven-resources-plugin:2.6:testResources (default-testResources) @ wire-runtime ---
[INFO] Using 'UTF-8' encoding to copy filtered resources.
[INFO] skip non existing resourceDirectory /home/travis/build/square/wire/wire-runtime/src/test/resources
[INFO] 
[INFO] --- maven-compiler-plugin:3.1:testCompile (default-testCompile) @ wire-runtime ---
[INFO] Nothing to compile - all classes are up to date
[INFO] 
[INFO] --- maven-surefire-plugin:2.12.4:test (default-test) @ wire-runtime ---
[INFO] Tests are skipped.
[INFO] 
[INFO] --- maven-jar-plugin:2.4:jar (default-jar) @ wire-runtime ---
[INFO] Building jar: /home/travis/build/square/wire/wire-runtime/target/wire-runtime-1.6.1-SNAPSHOT.jar
[INFO] 
[INFO] --- maven-checkstyle-plugin:2.10:checkstyle (default) @ wire-runtime ---
[INFO] Starting audit...
Audit done.

[WARNING] Unable to locate Source XRef to link to - DISABLED
[INFO] 
[INFO] --- maven-install-plugin:2.4:install (default-install) @ wire-runtime ---
[INFO] Installing /home/travis/build/square/wire/wire-runtime/target/wire-runtime-1.6.1-SNAPSHOT.jar to /home/travis/.m2/repository/com/squareup/wire/wire-runtime/1.6.1-SNAPSHOT/wire-runtime-1.6.1-SNAPSHOT.jar
[INFO] Installing /home/travis/build/square/wire/wire-runtime/pom.xml to /home/travis/.m2/repository/com/squareup/wire/wire-runtime/1.6.1-SNAPSHOT/wire-runtime-1.6.1-SNAPSHOT.pom
[INFO]                                                                         
[INFO] ------------------------------------------------------------------------
[INFO] Building Wire Protocol Buffer Compiler 1.6.1-SNAPSHOT
[INFO] ------------------------------------------------------------------------
[INFO] 
[INFO] --- maven-enforcer-plugin:1.0:enforce (enforce-maven) @ wire-compiler ---
[INFO] 
[INFO] --- maven-resources-plugin:2.6:resources (default-resources) @ wire-compiler ---
[INFO] Using 'UTF-8' encoding to copy filtered resources.
[INFO] skip non existing resourceDirectory /home/travis/build/square/wire/wire-compiler/src/main/resources
[INFO] 
[INFO] --- maven-compiler-plugin:3.1:compile (default-compile) @ wire-compiler ---
[INFO] Nothing to compile - all classes are up to date
[INFO] 
[INFO] --- maven-resources-plugin:2.6:testResources (default-testResources) @ wire-compiler ---
[INFO] Using 'UTF-8' encoding to copy filtered resources.
[INFO] skip non existing resourceDirectory /home/travis/build/square/wire/wire-compiler/src/test/resources
[INFO] 
[INFO] --- maven-compiler-plugin:3.1:testCompile (default-testCompile) @ wire-compiler ---
[INFO] Nothing to compile - all classes are up to date
[INFO] 
[INFO] --- maven-surefire-plugin:2.12.4:test (default-test) @ wire-compiler ---
[INFO] Tests are skipped.
[INFO] 
[INFO] --- maven-jar-plugin:2.4:jar (default-jar) @ wire-compiler ---
[INFO] 
[INFO] --- maven-assembly-plugin:2.2-beta-5:single (default) @ wire-compiler ---
[INFO] META-INF/ already added, skipping
[INFO] META-INF/MANIFEST.MF already added, skipping
[INFO] META-INF/maven/ already added, skipping
[INFO] META-INF/ already added, skipping
[INFO] META-INF/MANIFEST.MF already added, skipping
[INFO] com/ already added, skipping
[INFO] com/squareup/ already added, skipping
[INFO] META-INF/maven/ already added, skipping
[INFO] META-INF/ already added, skipping
[INFO] META-INF/MANIFEST.MF already added, skipping
[INFO] com/ already added, skipping
[INFO] com/squareup/ already added, skipping
[INFO] META-INF/maven/ already added, skipping
[INFO] META-INF/maven/com.squareup/ already added, skipping
[INFO] Building jar: /home/travis/build/square/wire/wire-compiler/target/wire-compiler-1.6.1-SNAPSHOT-jar-with-dependencies.jar
[INFO] META-INF/ already added, skipping
[INFO] META-INF/MANIFEST.MF already added, skipping
[INFO] META-INF/maven/ already added, skipping
[INFO] META-INF/ already added, skipping
[INFO] META-INF/MANIFEST.MF already added, skipping
[INFO] com/ already added, skipping
[INFO] com/squareup/ already added, skipping
[INFO] META-INF/maven/ already added, skipping
[INFO] META-INF/ already added, skipping
[INFO] META-INF/MANIFEST.MF already added, skipping
[INFO] com/ already added, skipping
[INFO] com/squareup/ already added, skipping
[INFO] META-INF/maven/ already added, skipping
[INFO] META-INF/maven/com.squareup/ already added, skipping
[INFO] 
[INFO] --- maven-checkstyle-plugin:2.10:checkstyle (default) @ wire-compiler ---
[INFO] Starting audit...
/home/travis/build/square/wire/wire-compiler/src/main/java/com/squareup/wire/WireCompiler.java:135: Line is longer than 100 characters (found 111).
/home/travis/build/square/wire/wire-compiler/src/main/java/com/squareup/wire/WireCompiler.java:136: Line is longer than 100 characters (found 101).
/home/travis/build/square/wire/wire-compiler/src/main/java/com/squareup/wire/WireCompiler.java:154: Line is longer than 100 characters (found 102).
Audit done.

[INFO] ------------------------------------------------------------------------
[INFO] Reactor Summary:
[INFO] 
[INFO] Wire Protocol Buffers .............................. SUCCESS [  1.926 s]
[INFO] Wire Protocol Buffer Runtime ....................... SUCCESS [  7.211 s]
[INFO] Wire Protocol Buffer Compiler ...................... FAILURE [  3.437 s]
[INFO] Wire Protocol Buffer Gson Support .................. SKIPPED
[INFO] Wire Protocol Buffer Maven Plugin .................. SKIPPED
[INFO] ------------------------------------------------------------------------
[INFO] BUILD FAILURE
[INFO] ------------------------------------------------------------------------
[INFO] Total time: 12.760 s
[INFO] Finished at: 2015-01-05T13:53:09+00:00
[INFO] Final Memory: 25M/347M
[INFO] ------------------------------------------------------------------------
[ERROR] Failed to execute goal org.apache.maven.plugins:maven-checkstyle-plugin:2.10:checkstyle (default) on project wire-compiler: An error has occurred in Checkstyle report generation. Failed during checkstyle execution: There are 3 checkstyle errors. -> [Help 1]
[ERROR] 
[ERROR] To see the full stack trace of the errors, re-run Maven with the -e switch.
[ERROR] Re-run Maven using the -X switch to enable full debug logging.
[ERROR] 
[ERROR] For more information about the errors and possible solutions, please read the following articles:
[ERROR] [Help 1] http://cwiki.apache.org/confluence/display/MAVEN/MojoExecutionException
[ERROR] 
[ERROR] After correcting the problems, you can resume the build with the command
[ERROR]   mvn <goals> -rf :wire-compiler

[31;1mThe command "eval mvn install -DskipTests=true -Dmaven.javadoc.skip=true -B -V" failed. Retrying, 3 of 3.[0m

Java HotSpot(TM) 64-Bit Server VM warning: ignoring option MaxPermSize=192m; support was removed in 8.0
Apache Maven 3.2.3 (33f8c3e1027c3ddde99d3cdebad2656a31e8fdf4; 2014-08-11T20:58:10+00:00)
Maven home: /usr/local/maven
Java version: 1.8.0_25, vendor: Oracle Corporation
Java home: /usr/lib/jvm/java-8-oracle/jre
Default locale: en_US, platform encoding: UTF-8
OS name: "linux", version: "3.13.0-40-generic", arch: "amd64", family: "unix"
[INFO] Scanning for projects...
[INFO] ------------------------------------------------------------------------
[INFO] Reactor Build Order:
[INFO] 
[INFO] Wire Protocol Buffers
[INFO] Wire Protocol Buffer Runtime
[INFO] Wire Protocol Buffer Compiler
[INFO] Wire Protocol Buffer Gson Support
[INFO] Wire Protocol Buffer Maven Plugin
[INFO]                                                                         
[INFO] ------------------------------------------------------------------------
[INFO] Building Wire Protocol Buffers 1.6.1-SNAPSHOT
[INFO] ------------------------------------------------------------------------
[INFO] 
[INFO] --- maven-enforcer-plugin:1.0:enforce (enforce-maven) @ wire ---
[INFO] 
[INFO] --- maven-checkstyle-plugin:2.10:checkstyle (default) @ wire ---
[INFO] 
[INFO] --- maven-install-plugin:2.4:install (default-install) @ wire ---
[INFO] Installing /home/travis/build/square/wire/pom.xml to /home/travis/.m2/repository/com/squareup/wire/wire/1.6.1-SNAPSHOT/wire-1.6.1-SNAPSHOT.pom
[INFO]                                                                         
[INFO] ------------------------------------------------------------------------
[INFO] Building Wire Protocol Buffer Runtime 1.6.1-SNAPSHOT
[INFO] ------------------------------------------------------------------------
[INFO] 
[INFO] --- maven-enforcer-plugin:1.0:enforce (enforce-maven) @ wire-runtime ---
[INFO] 
[INFO] --- maven-resources-plugin:2.6:resources (default-resources) @ wire-runtime ---
[INFO] Using 'UTF-8' encoding to copy filtered resources.
[INFO] skip non existing resourceDirectory /home/travis/build/square/wire/wire-runtime/src/main/resources
[INFO] 
[INFO] --- maven-compiler-plugin:3.1:compile (default-compile) @ wire-runtime ---
[INFO] Changes detected - recompiling the module!
[INFO] Compiling 19 source files to /home/travis/build/square/wire/wire-runtime/target/classes
[WARNING] /home/travis/build/square/wire/wire-runtime/src/main/java/com/squareup/wire/Wire.java: Some input files use unchecked or unsafe operations.
[WARNING] /home/travis/build/square/wire/wire-runtime/src/main/java/com/squareup/wire/Wire.java: Recompile with -Xlint:unchecked for details.
[INFO] 
[INFO] --- maven-resources-plugin:2.6:testResources (default-testResources) @ wire-runtime ---
[INFO] Using 'UTF-8' encoding to copy filtered resources.
[INFO] skip non existing resourceDirectory /home/travis/build/square/wire/wire-runtime/src/test/resources
[INFO] 
[INFO] --- maven-compiler-plugin:3.1:testCompile (default-testCompile) @ wire-runtime ---
[INFO] Nothing to compile - all classes are up to date
[INFO] 
[INFO] --- maven-surefire-plugin:2.12.4:test (default-test) @ wire-runtime ---
[INFO] Tests are skipped.
[INFO] 
[INFO] --- maven-jar-plugin:2.4:jar (default-jar) @ wire-runtime ---
[INFO] Building jar: /home/travis/build/square/wire/wire-runtime/target/wire-runtime-1.6.1-SNAPSHOT.jar
[INFO] 
[INFO] --- maven-checkstyle-plugin:2.10:checkstyle (default) @ wire-runtime ---
[INFO] Starting audit...
Audit done.

[WARNING] Unable to locate Source XRef to link to - DISABLED
[INFO] 
[INFO] --- maven-install-plugin:2.4:install (default-install) @ wire-runtime ---
[INFO] Installing /home/travis/build/square/wire/wire-runtime/target/wire-runtime-1.6.1-SNAPSHOT.jar to /home/travis/.m2/repository/com/squareup/wire/wire-runtime/1.6.1-SNAPSHOT/wire-runtime-1.6.1-SNAPSHOT.jar
[INFO] Installing /home/travis/build/square/wire/wire-runtime/pom.xml to /home/travis/.m2/repository/com/squareup/wire/wire-runtime/1.6.1-SNAPSHOT/wire-runtime-1.6.1-SNAPSHOT.pom
[INFO]                                                                         
[INFO] ------------------------------------------------------------------------
[INFO] Building Wire Protocol Buffer Compiler 1.6.1-SNAPSHOT
[INFO] ------------------------------------------------------------------------
[INFO] 
[INFO] --- maven-enforcer-plugin:1.0:enforce (enforce-maven) @ wire-compiler ---
[INFO] 
[INFO] --- maven-resources-plugin:2.6:resources (default-resources) @ wire-compiler ---
[INFO] Using 'UTF-8' encoding to copy filtered resources.
[INFO] skip non existing resourceDirectory /home/travis/build/square/wire/wire-compiler/src/main/resources
[INFO] 
[INFO] --- maven-compiler-plugin:3.1:compile (default-compile) @ wire-compiler ---
[INFO] Nothing to compile - all classes are up to date
[INFO] 
[INFO] --- maven-resources-plugin:2.6:testResources (default-testResources) @ wire-compiler ---
[INFO] Using 'UTF-8' encoding to copy filtered resources.
[INFO] skip non existing resourceDirectory /home/travis/build/square/wire/wire-compiler/src/test/resources
[INFO] 
[INFO] --- maven-compiler-plugin:3.1:testCompile (default-testCompile) @ wire-compiler ---
[INFO] Nothing to compile - all classes are up to date
[INFO] 
[INFO] --- maven-surefire-plugin:2.12.4:test (default-test) @ wire-compiler ---
[INFO] Tests are skipped.
[INFO] 
[INFO] --- maven-jar-plugin:2.4:jar (default-jar) @ wire-compiler ---
[INFO] 
[INFO] --- maven-assembly-plugin:2.2-beta-5:single (default) @ wire-compiler ---
[INFO] META-INF/ already added, skipping
[INFO] META-INF/MANIFEST.MF already added, skipping
[INFO] META-INF/maven/ already added, skipping
[INFO] META-INF/ already added, skipping
[INFO] META-INF/MANIFEST.MF already added, skipping
[INFO] com/ already added, skipping
[INFO] com/squareup/ already added, skipping
[INFO] META-INF/maven/ already added, skipping
[INFO] META-INF/ already added, skipping
[INFO] META-INF/MANIFEST.MF already added, skipping
[INFO] com/ already added, skipping
[INFO] com/squareup/ already added, skipping
[INFO] META-INF/maven/ already added, skipping
[INFO] META-INF/maven/com.squareup/ already added, skipping
[INFO] Building jar: /home/travis/build/square/wire/wire-compiler/target/wire-compiler-1.6.1-SNAPSHOT-jar-with-dependencies.jar
[INFO] META-INF/ already added, skipping
[INFO] META-INF/MANIFEST.MF already added, skipping
[INFO] META-INF/maven/ already added, skipping
[INFO] META-INF/ already added, skipping
[INFO] META-INF/MANIFEST.MF already added, skipping
[INFO] com/ already added, skipping
[INFO] com/squareup/ already added, skipping
[INFO] META-INF/maven/ already added, skipping
[INFO] META-INF/ already added, skipping
[INFO] META-INF/MANIFEST.MF already added, skipping
[INFO] com/ already added, skipping
[INFO] com/squareup/ already added, skipping
[INFO] META-INF/maven/ already added, skipping
[INFO] META-INF/maven/com.squareup/ already added, skipping
[INFO] 
[INFO] --- maven-checkstyle-plugin:2.10:checkstyle (default) @ wire-compiler ---
[INFO] Starting audit...
/home/travis/build/square/wire/wire-compiler/src/main/java/com/squareup/wire/WireCompiler.java:135: Line is longer than 100 characters (found 111).
/home/travis/build/square/wire/wire-compiler/src/main/java/com/squareup/wire/WireCompiler.java:136: Line is longer than 100 characters (found 101).
/home/travis/build/square/wire/wire-compiler/src/main/java/com/squareup/wire/WireCompiler.java:154: Line is longer than 100 characters (found 102).
Audit done.

[INFO] ------------------------------------------------------------------------
[INFO] Reactor Summary:
[INFO] 
[INFO] Wire Protocol Buffers .............................. SUCCESS [  1.623 s]
[INFO] Wire Protocol Buffer Runtime ....................... SUCCESS [  6.722 s]
[INFO] Wire Protocol Buffer Compiler ...................... FAILURE [  3.381 s]
[INFO] Wire Protocol Buffer Gson Support .................. SKIPPED
[INFO] Wire Protocol Buffer Maven Plugin .................. SKIPPED
[INFO] ------------------------------------------------------------------------
[INFO] BUILD FAILURE
[INFO] ------------------------------------------------------------------------
[INFO] Total time: 11.926 s
[INFO] Finished at: 2015-01-05T13:53:28+00:00
[INFO] Final Memory: 25M/346M
[INFO] ------------------------------------------------------------------------
[ERROR] Failed to execute goal org.apache.maven.plugins:maven-checkstyle-plugin:2.10:checkstyle (default) on project wire-compiler: An error has occurred in Checkstyle report generation. Failed during checkstyle execution: There are 3 checkstyle errors. -> [Help 1]
[ERROR] 
[ERROR] To see the full stack trace of the errors, re-run Maven with the -e switch.
[ERROR] Re-run Maven using the -X switch to enable full debug logging.
[ERROR] 
[ERROR] For more information about the errors and possible solutions, please read the following articles:
[ERROR] [Help 1] http://cwiki.apache.org/confluence/display/MAVEN/MojoExecutionException
[ERROR] 
[ERROR] After correcting the problems, you can resume the build with the command
[ERROR]   mvn <goals> -rf :wire-compiler

[31;1mThe command "eval mvn install -DskipTests=true -Dmaven.javadoc.skip=true -B -V" failed 3 times.[0m

travis_time:end:04dbbc90:start=1420465950853908990,finish=1420466012216445465,duration=61362536475[0K
[31;1mThe command "mvn install -DskipTests=true -Dmaven.javadoc.skip=true -B -V" failed and exited with 1 during .[0m

Your build has been stopped.
