travis_fold:start:worker_info[0K[33;1mWorker information[0m
hostname: 5e84f1b7-39e0-415f-8936-36cbb7641b31@1.i-0e3f677-production-2-worker-org-ec2.travisci.net
version: v3.5.0 https://github.com/travis-ci/worker/tree/77dbc57c72d00592aeb754773b712da843c7e00d
instance: da191b2 travisci/ci-garnet:packer-1512502276-986baf0 (via amqp)
startup: 738.271858ms
travis_fold:end:worker_info[0Kmode of â€˜/usr/local/clang-5.0.0/binâ€™ changed from 0777 (rwxrwxrwx) to 0775 (rwxrwxr-x)
travis_fold:start:system_info[0K[33;1mBuild system information[0m
Build language: java
Build group: stable
Build dist: trusty
Build id: 341335846
Job id: 341335847
Runtime kernel version: 4.14.12-041412-generic
travis-build version: 86020898a
[34m[1mBuild image provisioning date and time[0m
Tue Dec  5 20:11:19 UTC 2017
[34m[1mOperating System Details[0m
Distributor ID:	Ubuntu
Description:	Ubuntu 14.04.5 LTS
Release:	14.04
Codename:	trusty
[34m[1mCookbooks Version[0m
7c2c6a6 https://github.com/travis-ci/travis-cookbooks/tree/7c2c6a6
[34m[1mgit version[0m
git version 2.15.1
[34m[1mbash version[0m
GNU bash, version 4.3.11(1)-release (x86_64-pc-linux-gnu)
[34m[1mgcc version[0m
gcc (Ubuntu 4.8.4-2ubuntu1~14.04.3) 4.8.4
Copyright (C) 2013 Free Software Foundation, Inc.
This is free software; see the source for copying conditions.  There is NO
warranty; not even for MERCHANTABILITY or FITNESS FOR A PARTICULAR PURPOSE.

[34m[1mdocker version[0m
Client:
 Version:      17.09.0-ce
 API version:  1.32
 Go version:   go1.8.3
 Git commit:   afdb6d4
 Built:        Tue Sep 26 22:39:28 2017
 OS/Arch:      linux/amd64
[34m[1mclang version[0m
clang version 5.0.0 (tags/RELEASE_500/final)
Target: x86_64-unknown-linux-gnu
Thread model: posix
InstalledDir: /usr/local/clang-5.0.0/bin
[34m[1mjq version[0m
jq-1.5
[34m[1mbats version[0m
Bats 0.4.0
[34m[1mshellcheck version[0m
0.4.6
[34m[1mshfmt version[0m
v2.0.0
[34m[1mccache version[0m
ccache version 3.1.9

Copyright (C) 2002-2007 Andrew Tridgell
Copyright (C) 2009-2011 Joel Rosdahl

This program is free software; you can redistribute it and/or modify it under
the terms of the GNU General Public License as published by the Free Software
Foundation; either version 3 of the License, or (at your option) any later
version.
[34m[1mcmake version[0m
cmake version 3.9.2

CMake suite maintained and supported by Kitware (kitware.com/cmake).
[34m[1mheroku version[0m
heroku-cli/6.14.39-addc925 (linux-x64) node-v9.2.0
[34m[1mimagemagick version[0m
Version: ImageMagick 6.7.7-10 2017-07-31 Q16 http://www.imagemagick.org
[34m[1mmd5deep version[0m
4.2
[34m[1mmercurial version[0m
Mercurial Distributed SCM (version 4.2.2)
(see https://mercurial-scm.org for more information)

Copyright (C) 2005-2017 Matt Mackall and others
This is free software; see the source for copying conditions. There is NO
warranty; not even for MERCHANTABILITY or FITNESS FOR A PARTICULAR PURPOSE.
[34m[1mmysql version[0m
mysql  Ver 14.14 Distrib 5.6.33, for debian-linux-gnu (x86_64) using  EditLine wrapper
[34m[1mopenssl version[0m
OpenSSL 1.0.1f 6 Jan 2014
[34m[1mpacker version[0m
Packer v1.0.2

Your version of Packer is out of date! The latest version
is 1.1.2. You can update by downloading from www.packer.io
[34m[1mpostgresql client version[0m
psql (PostgreSQL) 9.6.6
[34m[1mragel version[0m
Ragel State Machine Compiler version 6.8 Feb 2013
Copyright (c) 2001-2009 by Adrian Thurston
[34m[1msubversion version[0m
svn, version 1.8.8 (r1568071)
   compiled Aug 10 2017, 17:20:39 on x86_64-pc-linux-gnu

Copyright (C) 2013 The Apache Software Foundation.
This software consists of contributions made by many people;
see the NOTICE file for more information.
Subversion is open source software, see http://subversion.apache.org/

The following repository access (RA) modules are available:

* ra_svn : Module for accessing a repository using the svn network protocol.
  - with Cyrus SASL authentication
  - handles 'svn' scheme
* ra_local : Module for accessing a repository on local disk.
  - handles 'file' scheme
* ra_serf : Module for accessing a repository via WebDAV protocol using serf.
  - using serf 1.3.3
  - handles 'http' scheme
  - handles 'https' scheme

[34m[1msudo version[0m
Sudo version 1.8.9p5
Configure options: --prefix=/usr -v --with-all-insults --with-pam --with-fqdn --with-logging=syslog --with-logfac=authpriv --with-env-editor --with-editor=/usr/bin/editor --with-timeout=15 --with-password-timeout=0 --with-passprompt=[sudo] password for %p:  --without-lecture --with-tty-tickets --disable-root-mailer --enable-admin-flag --with-sendmail=/usr/sbin/sendmail --with-timedir=/var/lib/sudo --mandir=/usr/share/man --libexecdir=/usr/lib/sudo --with-sssd --with-sssd-lib=/usr/lib/x86_64-linux-gnu --with-selinux
Sudoers policy plugin version 1.8.9p5
Sudoers file grammar version 43

Sudoers path: /etc/sudoers
Authentication methods: 'pam'
Syslog facility if syslog is being used for logging: authpriv
Syslog priority to use when user authenticates successfully: notice
Syslog priority to use when user authenticates unsuccessfully: alert
Send mail if the user is not in sudoers
Use a separate timestamp for each user/tty combo
Lecture user the first time they run sudo
Root may run sudo
Allow some information gathering to give useful error messages
Require fully-qualified hostnames in the sudoers file
Visudo will honor the EDITOR environment variable
Set the LOGNAME and USER environment variables
Length at which to wrap log file lines (0 for no wrap): 80
Authentication timestamp timeout: 15.0 minutes
Password prompt timeout: 0.0 minutes
Number of tries to enter a password: 3
Umask to use or 0777 to use user's: 022
Path to mail program: /usr/sbin/sendmail
Flags for mail program: -t
Address to send mail to: root
Subject line for mail messages: *** SECURITY information for %h ***
Incorrect password message: Sorry, try again.
Path to authentication timestamp dir: /var/lib/sudo
Default password prompt: [sudo] password for %p: 
Default user to run commands as: root
Value to override user's $PATH with: /usr/local/sbin:/usr/local/bin:/usr/sbin:/usr/bin:/sbin:/bin:/snap/bin
Path to the editor for use by visudo: /usr/bin/editor
When to require a password for 'list' pseudocommand: any
When to require a password for 'verify' pseudocommand: all
File descriptors >= 3 will be closed before executing a command
Environment variables to check for sanity:
	TZ
	TERM
	LINGUAS
	LC_*
	LANGUAGE
	LANG
	COLORTERM
Environment variables to remove:
	RUBYOPT
	RUBYLIB
	PYTHONUSERBASE
	PYTHONINSPECT
	PYTHONPATH
	PYTHONHOME
	TMPPREFIX
	ZDOTDIR
	READNULLCMD
	NULLCMD
	FPATH
	PERL5DB
	PERL5OPT
	PERL5LIB
	PERLLIB
	PERLIO_DEBUG 
	JAVA_TOOL_OPTIONS
	SHELLOPTS
	GLOBIGNORE
	PS4
	BASH_ENV
	ENV
	TERMCAP
	TERMPATH
	TERMINFO_DIRS
	TERMINFO
	_RLD*
	LD_*
	PATH_LOCALE
	NLSPATH
	HOSTALIASES
	RES_OPTIONS
	LOCALDOMAIN
	CDPATH
	IFS
Environment variables to preserve:
	JAVA_HOME
	TRAVIS
	CI
	DEBIAN_FRONTEND
	XAUTHORIZATION
	XAUTHORITY
	PS2
	PS1
	PATH
	LS_COLORS
	KRB5CCNAME
	HOSTNAME
	HOME
	DISPLAY
	COLORS
Locale to use while parsing sudoers: C
Directory in which to store input/output logs: /var/log/sudo-io
File in which to store the input/output log: %{seq}
Add an entry to the utmp/utmpx file when allocating a pty
PAM service name to use
PAM service name to use for login shells
Create a new PAM session for the command to run in
Maximum I/O log sequence number: 0

Local IP address and netmask pairs:
	172.17.0.2/255.255.0.0

Sudoers I/O plugin version 1.8.9p5
[34m[1mgzip version[0m
gzip 1.6
Copyright (C) 2007, 2010, 2011 Free Software Foundation, Inc.
Copyright (C) 1993 Jean-loup Gailly.
This is free software.  You may redistribute copies of it under the terms of
the GNU General Public License <http://www.gnu.org/licenses/gpl.html>.
There is NO WARRANTY, to the extent permitted by law.

Written by Jean-loup Gailly.
[34m[1mzip version[0m
Copyright (c) 1990-2008 Info-ZIP - Type 'zip "-L"' for software license.
This is Zip 3.0 (July 5th 2008), by Info-ZIP.
Currently maintained by E. Gordon.  Please send bug reports to
the authors using the web page at www.info-zip.org; see README for details.

Latest sources and executables are at ftp://ftp.info-zip.org/pub/infozip,
as of above date; see http://www.info-zip.org/ for other sites.

Compiled with gcc 4.8.2 for Unix (Linux ELF) on Oct 21 2013.

Zip special compilation options:
	USE_EF_UT_TIME       (store Universal Time)
	BZIP2_SUPPORT        (bzip2 library version 1.0.6, 6-Sept-2010)
	    bzip2 code and library copyright (c) Julian R Seward
	    (See the bzip2 license for terms of use)
	SYMLINK_SUPPORT      (symbolic links supported)
	LARGE_FILE_SUPPORT   (can read and write large files on file system)
	ZIP64_SUPPORT        (use Zip64 to store large files in archives)
	UNICODE_SUPPORT      (store and read UTF-8 Unicode paths)
	STORE_UNIX_UIDs_GIDs (store UID/GID sizes/values using new extra field)
	UIDGID_NOT_16BIT     (old Unix 16-bit UID/GID extra field not used)
	[encryption, version 2.91 of 05 Jan 2007] (modified for Zip 3)

Encryption notice:
	The encryption code of this program is not copyrighted and is
	put in the public domain.  It was originally written in Europe
	and, to the best of our knowledge, can be freely distributed
	in both source and object forms from any country, including
	the USA under License Exception TSU of the U.S. Export
	Administration Regulations (section 740.13(e)) of 6 June 2002.

Zip environment options:
             ZIP:  [none]
          ZIPOPT:  [none]
[34m[1mvim version[0m
VIM - Vi IMproved 7.4 (2013 Aug 10, compiled Nov 24 2016 16:43:18)
Included patches: 1-52
Extra patches: 8.0.0056
Modified by pkg-vim-maintainers@lists.alioth.debian.org
Compiled by buildd@
Huge version without GUI.  Features included (+) or not (-):
+acl             +farsi           +mouse_netterm   +syntax
+arabic          +file_in_path    +mouse_sgr       +tag_binary
+autocmd         +find_in_path    -mouse_sysmouse  +tag_old_static
-balloon_eval    +float           +mouse_urxvt     -tag_any_white
-browse          +folding         +mouse_xterm     -tcl
++builtin_terms  -footer          +multi_byte      +terminfo
+byte_offset     +fork()          +multi_lang      +termresponse
+cindent         +gettext         -mzscheme        +textobjects
-clientserver    -hangul_input    +netbeans_intg   +title
-clipboard       +iconv           +path_extra      -toolbar
+cmdline_compl   +insert_expand   -perl            +user_commands
+cmdline_hist    +jumplist        +persistent_undo +vertsplit
+cmdline_info    +keymap          +postscript      +virtualedit
+comments        +langmap         +printer         +visual
+conceal         +libcall         +profile         +visualextra
+cryptv          +linebreak       +python          +viminfo
+cscope          +lispindent      -python3         +vreplace
+cursorbind      +listcmds        +quickfix        +wildignore
+cursorshape     +localmap        +reltime         +wildmenu
+dialog_con      -lua             +rightleft       +windows
+diff            +menu            -ruby            +writebackup
+digraphs        +mksession       +scrollbind      -X11
-dnd             +modify_fname    +signs           -xfontset
-ebcdic          +mouse           +smartindent     -xim
+emacs_tags      -mouseshape      -sniff           -xsmp
+eval            +mouse_dec       +startuptime     -xterm_clipboard
+ex_extra        +mouse_gpm       +statusline      -xterm_save
+extra_search    -mouse_jsbterm   -sun_workshop    -xpm
   system vimrc file: "$VIM/vimrc"
     user vimrc file: "$HOME/.vimrc"
 2nd user vimrc file: "~/.vim/vimrc"
      user exrc file: "$HOME/.exrc"
  fall-back for $VIM: "/usr/share/vim"
Compilation: gcc -c -I. -Iproto -DHAVE_CONFIG_H     -g -O2 -fstack-protector --param=ssp-buffer-size=4 -Wformat -Werror=format-security -U_FORTIFY_SOURCE -D_FORTIFY_SOURCE=1      
Linking: gcc   -Wl,-Bsymbolic-functions -Wl,-z,relro -Wl,--as-needed -o vim        -lm -ltinfo -lnsl  -lselinux  -lacl -lattr -lgpm -ldl    -L/usr/lib/python2.7/config-x86_64-linux-gnu -lpython2.7 -lpthread -ldl -lutil -lm -Xlinker -export-dynamic -Wl,-O1 -Wl,-Bsymbolic-functions      
[34m[1miptables version[0m
iptables v1.4.21
[34m[1mcurl version[0m
curl 7.35.0 (x86_64-pc-linux-gnu) libcurl/7.35.0 OpenSSL/1.0.1f zlib/1.2.8 libidn/1.28 librtmp/2.3
[34m[1mwget version[0m
GNU Wget 1.15 built on linux-gnu.
[34m[1mrsync version[0m
rsync  version 3.1.0  protocol version 31
[34m[1mgimme version[0m
v1.2.0
[34m[1mnvm version[0m
0.33.6
[34m[1mperlbrew version[0m
/home/travis/perl5/perlbrew/bin/perlbrew  - App::perlbrew/0.80
[34m[1mphpenv version[0m
rbenv 1.1.1-25-g6aa70b6
[34m[1mrvm version[0m
rvm 1.29.3 (latest) by Michal Papis, Piotr Kuczynski, Wayne E. Seguin [https://rvm.io]
[34m[1mdefault ruby version[0m
ruby 2.4.1p111 (2017-03-22 revision 58053) [x86_64-linux]
[34m[1mCouchDB version[0m
couchdb 1.6.1
[34m[1mElasticSearch version[0m
5.5.0
[34m[1mInstalled Firefox version[0m
firefox 56.0.2
[34m[1mMongoDB version[0m
MongoDB 3.4.10
[34m[1mPhantomJS version[0m
2.1.1
[34m[1mPre-installed PostgreSQL versions[0m
9.2.24
9.3.20
9.4.15
9.5.10
9.6.6
[34m[1mRabbitMQ Version[0m
3.6.14
[34m[1mRedis version[0m
redis-server 4.0.6
[34m[1mriak version[0m
2.2.3
[34m[1mPre-installed Go versions[0m
1.7.4
[34m[1mant version[0m
Apache Ant(TM) version 1.9.3 compiled on April 8 2014
[34m[1mmvn version[0m
Apache Maven 3.5.2 (138edd61fd100ec658bfa2d307c43b76940a5d7d; 2017-10-18T07:58:13Z)
Maven home: /usr/local/maven-3.5.2
Java version: 1.8.0_151, vendor: Oracle Corporation
Java home: /usr/lib/jvm/java-8-oracle/jre
Default locale: en_US, platform encoding: UTF-8
OS name: "linux", version: "4.4.0-101-generic", arch: "amd64", family: "unix"
[34m[1mgradle version[0m

------------------------------------------------------------
Gradle 4.0.1
------------------------------------------------------------

Build time:   2017-07-07 14:02:41 UTC
Revision:     38e5dc0f772daecca1d2681885d3d85414eb6826

Groovy:       2.4.11
Ant:          Apache Ant(TM) version 1.9.6 compiled on June 29 2015
JVM:          1.8.0_151 (Oracle Corporation 25.151-b12)
OS:           Linux 4.4.0-101-generic amd64

[34m[1mlein version[0m
Leiningen 2.8.1 on Java 1.8.0_151 Java HotSpot(TM) 64-Bit Server VM
[34m[1mPre-installed Node.js versions[0m
v4.8.6
v6.12.0
v6.12.1
v8.9
v8.9.1
[34m[1mphpenv versions[0m
  system
  5.6
* 5.6.32 (set by /home/travis/.phpenv/version)
  7.0
  7.0.25
  7.1
  7.1.11
  hhvm
  hhvm-stable
[34m[1mcomposer --version[0m
Composer version 1.5.2 2017-09-11 16:59:25
[34m[1mPre-installed Ruby versions[0m
ruby-2.2.7
ruby-2.3.4
ruby-2.4.1
travis_fold:end:system_info[0K
removed â€˜/etc/apt/sources.list.d/basho_riak.listâ€™
W: http://ppa.launchpad.net/couchdb/stable/ubuntu/dists/trusty/Release.gpg: Signature by key 15866BAFD9BCC4F3C1E0DFC7D69548E1C17EAB57 uses weak digest algorithm (SHA1)
127.0.0.1	localhost
::1	 ip6-localhost ip6-loopback
fe00::0	ip6-localnet
ff00::0	ip6-mcastprefix
ff02::1	ip6-allnodes
ff02::2	ip6-allrouters
172.17.0.16	travis-job-sonarsource-sonar-java-341335847.travisci.net travis-job-sonarsource-sonar-java-341335847
travis_fold:start:git.checkout[0Ktravis_time:start:09fc90e0[0K$ git clone --depth=50 --branch=SONARJAVA-2609 https://github.com/SonarSource/sonar-java.git SonarSource/sonar-java
Cloning into 'SonarSource/sonar-java'...

travis_time:end:09fc90e0:start=1518598263768178056,finish=1518598267045631868,duration=3277453812[0K$ cd SonarSource/sonar-java
$ git checkout -qf d2429a9ba90bb5aa4a007f73c243eb49423faee9
travis_fold:end:git.checkout[0K
[33;1mSetting environment variables from repository settings[0m
$ export SONAR_TOKEN=[secure]
$ export ARTIFACTORY_URL=[secure]
$ export ARTIFACTORY_DEPLOY_REPO=[secure]
$ export ARTIFACTORY_DEPLOY_USERNAME=[secure]
$ export ARTIFACTORY_DEPLOY_PASSWORD=[secure]
$ export SONAR_HOST_URL=[secure]
$ export SONAR_HOST_URL_EXTERNAL_PR=[secure]
$ export SONAR_TOKEN_EXTERNAL_PR=434e38bb4823783255c52420358ed86a69876b10
$ export GITHUB_TOKEN=[secure]
$ export GITHUB_TOKEN_EXTERNAL_PR=75b16ddbff9c2d3709f9785c851d3d716ca5d7c1

[33;1mSetting environment variables from .travis.yml[0m
$ export TEST=CI

[33;1mDisabling Gradle daemon[0m
travis_time:start:00f024d0[0K$ mkdir -p ~/.gradle && echo "org.gradle.daemon=false" >> ~/.gradle/gradle.properties

travis_time:end:00f024d0:start=1518598272398092811,finish=1518598272406047564,duration=7954753[0K$ export PATH=$JAVA_HOME/bin:$PATH
travis_fold:start:cache.1[0KSetting up build cache
$ export CASHER_DIR=$HOME/.casher
travis_time:start:0cb25e99[0K$ Installing caching utilities

travis_time:end:0cb25e99:start=1518598276952483438,finish=1518598276998024677,duration=45541239[0Ktravis_time:start:052fdf28[0K
travis_time:end:052fdf28:start=1518598277006453032,finish=1518598277012155816,duration=5702784[0Ktravis_time:start:063f80b2[0K[32;1mattempting to download cache archive[0m
[32;1mfetching SONARJAVA-2609/cache-linux-trusty-c5100096ad4d3e5bb5093063909496ce91cb1b4edd9ff3a50bbcd2f773aa8b49.tgz[0m
[32;1mfetching master/cache-linux-trusty-c5100096ad4d3e5bb5093063909496ce91cb1b4edd9ff3a50bbcd2f773aa8b49.tgz[0m
[32;1mfound cache[0m

travis_time:end:063f80b2:start=1518598277020478152,finish=1518598287515344027,duration=10494865875[0Ktravis_time:start:0de9bc2c[0K
travis_time:end:0de9bc2c:start=1518598287522266954,finish=1518598287528010676,duration=5743722[0Ktravis_time:start:0a3832e2[0K[32;1madding /home/travis/.m2/repository to cache[0m
[32;1mcreating directory /home/travis/.m2/repository[0m
[32;1madding /home/travis/.sonar to cache[0m
[32;1mcreating directory /home/travis/.sonar[0m
[32;1madding /home/travis/jvm to cache[0m
[32;1mcreating directory /home/travis/jvm[0m
[32;1madding /home/travis/maven to cache[0m
[32;1mcreating directory /home/travis/maven[0m

travis_time:end:0a3832e2:start=1518598287534843657,finish=1518598293556213927,duration=6021370270[0Ktravis_fold:end:cache.1[0K$ java -Xmx32m -version
Picked up _JAVA_OPTIONS: -Xmx2048m -Xms512m
java version "1.8.0_151"
Java(TM) SE Runtime Environment (build 1.8.0_151-b12)
Java HotSpot(TM) 64-Bit Server VM (build 25.151-b12, mixed mode)
$ javac -J-Xmx32m -version
Picked up _JAVA_OPTIONS: -Xmx2048m -Xms512m
javac 1.8.0_151
travis_fold:start:install[0Ktravis_time:start:0ac973b8[0K$ true

travis_time:end:0ac973b8:start=1518598294125654615,finish=1518598294130637893,duration=4983278[0Ktravis_fold:end:install[0Ktravis_time:start:0ddc50ec[0K$ ./travis.sh
Copy public Maven settings
Setting .npmrc
Setup Maven 3.5.2
Maven 3.5.2 installed
From https://github.com/SonarSource/sonar-java
 * [new tag]             1.0          -> 1.0
 * [new tag]             1.0-M1       -> 1.0-M1
 * [new tag]             1.0-M2       -> 1.0-M2
 * [new tag]             1.0-M3       -> 1.0-M3
 * [new tag]             1.0-M4       -> 1.0-M4
 * [new tag]             1.0-M5       -> 1.0-M5
 * [new tag]             1.1          -> 1.1
 * [new tag]             1.2          -> 1.2
 * [new tag]             1.3          -> 1.3
 * [new tag]             1.4          -> 1.4
 * [new tag]             1.5          -> 1.5
 * [new tag]             1.5-RC1      -> 1.5-RC1
 * [new tag]             1.5-RC2      -> 1.5-RC2
 * [new tag]             2.0          -> 2.0
 * [new tag]             2.1          -> 2.1
 * [new tag]             2.1-M1       -> 2.1-M1
 * [new tag]             2.1-M2       -> 2.1-M2
 * [new tag]             2.1-M3       -> 2.1-M3
 * [new tag]             2.1-M4       -> 2.1-M4
 * [new tag]             2.1-M5       -> 2.1-M5
 * [new tag]             2.1-RC2      -> 2.1-RC2
 * [new tag]             2.1-RC3      -> 2.1-RC3
 * [new tag]             2.1-RC4      -> 2.1-RC4
 * [new tag]             2.2          -> 2.2
 * [new tag]             2.2-M1       -> 2.2-M1
 * [new tag]             2.2-RC1      -> 2.2-RC1
 * [new tag]             2.3          -> 2.3
 * [new tag]             2.4          -> 2.4
 * [new tag]             2.5          -> 2.5
 * [new tag]             2.5.1        -> 2.5.1
 * [new tag]             2.6          -> 2.6
 * [new tag]             2.7          -> 2.7
 * [new tag]             2.8          -> 2.8
 * [new tag]             2.9          -> 2.9
 * [new tag]             2.9.1        -> 2.9.1
 * [new tag]             3.0          -> 3.0
 * [new tag]             3.1          -> 3.1
 * [new tag]             3.10         -> 3.10
 * [new tag]             3.10-M1      -> 3.10-M1
 * [new tag]             3.10-M2      -> 3.10-M2
 * [new tag]             3.10-M3      -> 3.10-M3
 * [new tag]             3.10-M4      -> 3.10-M4
 * [new tag]             3.10-M5      -> 3.10-M5
 * [new tag]             3.10-M6      -> 3.10-M6
 * [new tag]             3.10-M7      -> 3.10-M7
 * [new tag]             3.10-M8      -> 3.10-M8
 * [new tag]             3.10-M9      -> 3.10-M9
 * [new tag]             3.10-RC1     -> 3.10-RC1
 * [new tag]             3.10-RC2     -> 3.10-RC2
 * [new tag]             3.11         -> 3.11
 * [new tag]             3.11-M1      -> 3.11-M1
 * [new tag]             3.11-M10     -> 3.11-M10
 * [new tag]             3.11-M11     -> 3.11-M11
 * [new tag]             3.11-M2      -> 3.11-M2
 * [new tag]             3.11-M3      -> 3.11-M3
 * [new tag]             3.11-M4      -> 3.11-M4
 * [new tag]             3.11-M5      -> 3.11-M5
 * [new tag]             3.11-M6      -> 3.11-M6
 * [new tag]             3.11-M7      -> 3.11-M7
 * [new tag]             3.11-M8      -> 3.11-M8
 * [new tag]             3.11-M9      -> 3.11-M9
 * [new tag]             3.11-RC1     -> 3.11-RC1
 * [new tag]             3.11-RC2     -> 3.11-RC2
 * [new tag]             3.12         -> 3.12
 * [new tag]             3.12-M1      -> 3.12-M1
 * [new tag]             3.12-M2      -> 3.12-M2
 * [new tag]             3.12-M3      -> 3.12-M3
 * [new tag]             3.12-M4      -> 3.12-M4
 * [new tag]             3.12-M5      -> 3.12-M5
 * [new tag]             3.12-M6      -> 3.12-M6
 * [new tag]             3.12-M7      -> 3.12-M7
 * [new tag]             3.12-M8      -> 3.12-M8
 * [new tag]             3.12-M9      -> 3.12-M9
 * [new tag]             3.12-RC1     -> 3.12-RC1
 * [new tag]             3.12-RC2     -> 3.12-RC2
 * [new tag]             3.13         -> 3.13
 * [new tag]             3.13-M1      -> 3.13-M1
 * [new tag]             3.13-M2      -> 3.13-M2
 * [new tag]             3.13-M3      -> 3.13-M3
 * [new tag]             3.13-M4      -> 3.13-M4
 * [new tag]             3.13-M5      -> 3.13-M5
 * [new tag]             3.13-M6      -> 3.13-M6
 * [new tag]             3.13-RC1     -> 3.13-RC1
 * [new tag]             3.14         -> 3.14
 * [new tag]             3.14-RC1     -> 3.14-RC1
 * [new tag]             3.14-RC2     -> 3.14-RC2
 * [new tag]             3.2          -> 3.2
 * [new tag]             3.3          -> 3.3
 * [new tag]             3.3-M1       -> 3.3-M1
 * [new tag]             3.3-M2       -> 3.3-M2
 * [new tag]             3.3-M3       -> 3.3-M3
 * [new tag]             3.4          -> 3.4
 * [new tag]             3.4-M1       -> 3.4-M1
 * [new tag]             3.4-M2       -> 3.4-M2
 * [new tag]             3.4-M3       -> 3.4-M3
 * [new tag]             3.4-M4       -> 3.4-M4
 * [new tag]             3.4-M5       -> 3.4-M5
 * [new tag]             3.4-M6       -> 3.4-M6
 * [new tag]             3.4-M7       -> 3.4-M7
 * [new tag]             3.5          -> 3.5
 * [new tag]             3.5-M1       -> 3.5-M1
 * [new tag]             3.5-M2       -> 3.5-M2
 * [new tag]             3.5-M3       -> 3.5-M3
 * [new tag]             3.5-M4       -> 3.5-M4
 * [new tag]             3.5-M5       -> 3.5-M5
 * [new tag]             3.5-RC1      -> 3.5-RC1
 * [new tag]             3.5-VOTE     -> 3.5-VOTE
 * [new tag]             3.6          -> 3.6
 * [new tag]             3.6-M2       -> 3.6-M2
 * [new tag]             3.6-M3       -> 3.6-M3
 * [new tag]             3.6-M4       -> 3.6-M4
 * [new tag]             3.6-M5       -> 3.6-M5
 * [new tag]             3.6-M6       -> 3.6-M6
 * [new tag]             3.6-M7       -> 3.6-M7
 * [new tag]             3.6-RC1      -> 3.6-RC1
 * [new tag]             3.6-RC2      -> 3.6-RC2
 * [new tag]             3.7          -> 3.7
 * [new tag]             3.7-M1       -> 3.7-M1
 * [new tag]             3.7-M2       -> 3.7-M2
 * [new tag]             3.7-RC1      -> 3.7-RC1
 * [new tag]             3.8          -> 3.8
 * [new tag]             3.8-M1       -> 3.8-M1
 * [new tag]             3.8-M2       -> 3.8-M2
 * [new tag]             3.8-M3       -> 3.8-M3
 * [new tag]             3.8-M4       -> 3.8-M4
 * [new tag]             3.8-M5       -> 3.8-M5
 * [new tag]             3.8-M6       -> 3.8-M6
 * [new tag]             3.8-M7       -> 3.8-M7
 * [new tag]             3.8-M8       -> 3.8-M8
 * [new tag]             3.8-RC1      -> 3.8-RC1
 * [new tag]             3.8-RC2      -> 3.8-RC2
 * [new tag]             3.8-RC3      -> 3.8-RC3
 * [new tag]             3.9          -> 3.9
 * [new tag]             3.9-M1       -> 3.9-M1
 * [new tag]             3.9-M2       -> 3.9-M2
 * [new tag]             3.9-M3       -> 3.9-M3
 * [new tag]             3.9-M4       -> 3.9-M4
 * [new tag]             3.9-M5       -> 3.9-M5
 * [new tag]             3.9-M6       -> 3.9-M6
 * [new tag]             3.9-M7       -> 3.9-M7
 * [new tag]             3.9-M8       -> 3.9-M8
 * [new tag]             3.9-RC1      -> 3.9-RC1
 * [new tag]             3.9-RC2      -> 3.9-RC2
 * [new tag]             4.0          -> 4.0
 * [new tag]             4.0-RC1      -> 4.0-RC1
 * [new tag]             4.0-RC2      -> 4.0-RC2
 * [new tag]             4.1-RC1      -> 4.1-RC1
 * [new tag]             4.1-RC2      -> 4.1-RC2
 * [new tag]             4.10-RC1     -> 4.10-RC1
 * [new tag]             4.10.0.10260 -> 4.10.0.10260
 * [new tag]             4.11-RC1     -> 4.11-RC1
 * [new tag]             4.11-RC2     -> 4.11-RC2
 * [new tag]             4.11-RC3     -> 4.11-RC3
 * [new tag]             4.11.0.10660 -> 4.11.0.10660
 * [new tag]             4.12-RC1     -> 4.12-RC1
 * [new tag]             4.12.0.11033 -> 4.12.0.11033
 * [new tag]             4.13-RC1     -> 4.13-RC1
 * [new tag]             4.13.0.11627 -> 4.13.0.11627
 * [new tag]             4.14-RC1     -> 4.14-RC1
 * [new tag]             4.14-RC2     -> 4.14-RC2
 * [new tag]             4.14-RC3     -> 4.14-RC3
 * [new tag]             4.14.0.11784 -> 4.14.0.11784
 * [new tag]             4.15-RC1     -> 4.15-RC1
 * [new tag]             4.15.0.12310 -> 4.15.0.12310
 * [new tag]             4.2-RC1      -> 4.2-RC1
 * [new tag]             4.2.1-RC1    -> 4.2.1-RC1
 * [new tag]             4.2.1-RC2    -> 4.2.1-RC2
 * [new tag]             4.2.1-RC3    -> 4.2.1-RC3
 * [new tag]             4.2.1.6971   -> 4.2.1.6971
 * [new tag]             4.3-RC1      -> 4.3-RC1
 * [new tag]             4.3-RC2      -> 4.3-RC2
 * [new tag]             4.3.0.7717   -> 4.3.0.7717
 * [new tag]             4.4-RC1      -> 4.4-RC1
 * [new tag]             4.4-RC2      -> 4.4-RC2
 * [new tag]             4.4-RCRC2    -> 4.4-RCRC2
 * [new tag]             4.4.0.8066   -> 4.4.0.8066
 * [new tag]             4.5-RC1      -> 4.5-RC1
 * [new tag]             4.5.0.8398   -> 4.5.0.8398
 * [new tag]             4.6-RC1      -> 4.6-RC1
 * [new tag]             4.6-RC2      -> 4.6-RC2
 * [new tag]             4.6.0.8784   -> 4.6.0.8784
 * [new tag]             4.7-RC1      -> 4.7-RC1
 * [new tag]             4.7-RC2      -> 4.7-RC2
 * [new tag]             4.7.0.9212   -> 4.7.0.9212
 * [new tag]             4.8-RC1      -> 4.8-RC1
 * [new tag]             4.8.0.9441   -> 4.8.0.9441
 * [new tag]             4.9-RC1      -> 4.9-RC1
 * [new tag]             4.9.0.9858   -> 4.9.0.9858
 * [new tag]             5.0-RC1      -> 5.0-RC1
 * [new tag]             5.0.0.12796  -> 5.0.0.12796
 * [new tag]             5.0.1.12818  -> 5.0.1.12818
======= Build, no analysis, no deploy
Picked up _JAVA_OPTIONS: -Xmx2048m -Xms512m
Apache Maven 3.5.2 (138edd61fd100ec658bfa2d307c43b76940a5d7d; 2017-10-18T07:58:13Z)
Maven home: /home/travis/maven/apache-maven-3.5.2
Java version: 1.8.0_151, vendor: Oracle Corporation
Java home: /usr/lib/jvm/java-8-oracle/jre
Default locale: en_US, platform encoding: UTF-8
OS name: "linux", version: "4.14.12-041412-generic", arch: "amd64", family: "unix"
[INFO] Error stacktraces are turned on.
[INFO] Scanning for projects...
[INFO] ------------------------------------------------------------------------
[INFO] Reactor Build Order:
[INFO] 
[INFO] SonarJava
[INFO] SonarQube Java :: Maven model generator
[INFO] SonarQube Java :: Front-end
[INFO] SonarQube Java :: Check Test tool kit
[INFO] SonarQube Java :: Checks
[INFO] SonarQube Java :: Surefire
[INFO] java-jacoco-previous
[INFO] SonarQube Java :: JaCoCo
[INFO] SonarQube Java :: Plugin
[INFO] SonarQube Java :: JaCoCo Listeners
[INFO] SonarQube Java :: ITs
[INFO] SonarQube Java :: ITs :: Performancing
[INFO] SonarQube Java :: ITs :: Plugin
[INFO] SonarQube Java :: ITs :: Plugin :: Plugins
[INFO] SonarQube Java :: ITS :: Plugin :: Java Extension Plugin
[INFO] SonarQube Java :: ITs :: Plugin :: Tests
[INFO] SonarQube Java :: ITs :: Ruling
[INFO] SonarQube Java :: ITs :: Semantic
[INFO] SonarQube Java :: ITS :: Semantic :: Java Debugging Plugin
[INFO] SonarQube Java :: ITs :: Semantic :: Tests
[INFO] 
[INFO] ------------------------------------------------------------------------
[INFO] Building SonarJava 5.2.0-SNAPSHOT
[INFO] ------------------------------------------------------------------------
[INFO] 
[INFO] --- buildnumber-maven-plugin:1.4:create (default) @ java ---
[INFO] Executing: /bin/sh -c cd '/home/travis/build/SonarSource/sonar-java' && 'git' 'rev-parse' '--verify' 'HEAD'
[INFO] Working directory: /home/travis/build/SonarSource/sonar-java
[INFO] Storing buildNumber: d2429a9ba90bb5aa4a007f73c243eb49423faee9 at timestamp: 1518598302767
[WARNING] Cannot get the branch information from the git repository: 
Detecting the current branch failed: fatal: ref HEAD is not a symbolic ref

[INFO] Executing: /bin/sh -c cd '/home/travis/build/SonarSource/sonar-java' && 'git' 'rev-parse' '--verify' 'HEAD'
[INFO] Working directory: /home/travis/build/SonarSource/sonar-java
[INFO] Storing buildScmBranch: UNKNOWN
[INFO] 
[INFO] --- maven-enforcer-plugin:3.0.0-M1:enforce (enforce) @ java ---
[INFO] 
[INFO] --- license-maven-plugin:3.0:check (enforce-license-headers) @ java ---
[INFO] Checking licenses...
[INFO] 
[INFO] --- beanshell-maven-plugin:1.4:run (compute-artifact-display-version) @ java ---
[INFO] Executing Script
[INFO] file class java.lang.Object
[INFO] script class java.lang.String
[INFO] evaluating script if (! "5.2.0-SNAPSHOT".endsWith("-SNAPSHOT")) { [+ 14 omitted line(s)]
[INFO] 
[INFO] --- maven-source-plugin:3.0.1:jar-no-fork (attach-sources) @ java ---
[INFO] 
[INFO] ------------------------------------------------------------------------
[INFO] Building SonarQube Java :: Maven model generator 5.2.0-SNAPSHOT
[INFO] ------------------------------------------------------------------------
[INFO] 
[INFO] --- buildnumber-maven-plugin:1.4:create (default) @ java-maven-model ---
[INFO] 
[INFO] --- maven-enforcer-plugin:3.0.0-M1:enforce (enforce) @ java-maven-model ---
[INFO] 
[INFO] --- license-maven-plugin:3.0:check (enforce-license-headers) @ java-maven-model ---
[INFO] Checking licenses...
[INFO] 
[INFO] --- jaxb2-maven-plugin:2.2:xjc (xjc) @ java-maven-model ---
[INFO] 
[INFO] --- build-helper-maven-plugin:1.10:add-source (default) @ java-maven-model ---
[INFO] Source directory: /home/travis/build/SonarSource/sonar-java/java-maven-model/target/generated-sources added.
[INFO] 
[INFO] --- beanshell-maven-plugin:1.4:run (compute-artifact-display-version) @ java-maven-model ---
[INFO] Executing Script
[INFO] file class java.lang.Object
[INFO] script class java.lang.String
[INFO] evaluating script if (! "5.2.0-SNAPSHOT".endsWith("-SNAPSHOT")) { [+ 14 omitted line(s)]
[INFO] 
[INFO] --- maven-resources-plugin:3.0.2:resources (default-resources) @ java-maven-model ---
[INFO] Using 'UTF-8' encoding to copy filtered resources.
[INFO] Copying 1 resource
[INFO] 
[INFO] --- maven-compiler-plugin:3.7.0:compile (default-compile) @ java-maven-model ---
[INFO] Changes detected - recompiling the module!
[INFO] Compiling 44 source files to /home/travis/build/SonarSource/sonar-java/java-maven-model/target/classes
[INFO] 
[INFO] --- maven-resources-plugin:3.0.2:testResources (default-testResources) @ java-maven-model ---
[INFO] Using 'UTF-8' encoding to copy filtered resources.
[INFO] skip non existing resourceDirectory /home/travis/build/SonarSource/sonar-java/java-maven-model/src/test/resources
[INFO] 
[INFO] --- maven-compiler-plugin:3.7.0:testCompile (default-testCompile) @ java-maven-model ---
[INFO] Changes detected - recompiling the module!
[INFO] Compiling 2 source files to /home/travis/build/SonarSource/sonar-java/java-maven-model/target/test-classes
[INFO] 
[INFO] --- maven-surefire-plugin:2.20.1:test (default-test) @ java-maven-model ---
[INFO] Surefire report directory: /home/travis/build/SonarSource/sonar-java/java-maven-model/target/surefire-reports
[INFO] 
[INFO] -------------------------------------------------------
[INFO]  T E S T S
[INFO] -------------------------------------------------------
[INFO] Running org.sonar.maven.model.XmlLocationTest
[INFO] Tests run: 9, Failures: 0, Errors: 0, Skipped: 0, Time elapsed: 0.653 s - in org.sonar.maven.model.XmlLocationTest
[INFO] Running org.sonar.maven.model.LocatedAttributeAdapterTest
[INFO] Tests run: 2, Failures: 0, Errors: 0, Skipped: 0, Time elapsed: 0.134 s - in org.sonar.maven.model.LocatedAttributeAdapterTest
[INFO] 
[INFO] Results:
[INFO] 
[INFO] Tests run: 11, Failures: 0, Errors: 0, Skipped: 0
[INFO] 
[INFO] 
[INFO] --- maven-jar-plugin:3.0.2:jar (default-jar) @ java-maven-model ---
[INFO] Building jar: /home/travis/build/SonarSource/sonar-java/java-maven-model/target/java-maven-model-5.2.0-SNAPSHOT.jar
[INFO] 
[INFO] --- maven-source-plugin:3.0.1:jar-no-fork (attach-sources) @ java-maven-model ---
[INFO] Building jar: /home/travis/build/SonarSource/sonar-java/java-maven-model/target/java-maven-model-5.2.0-SNAPSHOT-sources.jar
[INFO] 
[INFO] ------------------------------------------------------------------------
[INFO] Building SonarQube Java :: Front-end 5.2.0-SNAPSHOT
[INFO] ------------------------------------------------------------------------
[INFO] 
[INFO] --- buildnumber-maven-plugin:1.4:create (default) @ java-frontend ---
[INFO] 
[INFO] --- maven-enforcer-plugin:3.0.0-M1:enforce (enforce) @ java-frontend ---
[INFO] 
[INFO] --- license-maven-plugin:3.0:check (enforce-license-headers) @ java-frontend ---
[INFO] Checking licenses...
[INFO] 
[INFO] --- beanshell-maven-plugin:1.4:run (compute-artifact-display-version) @ java-frontend ---
[INFO] Executing Script
[INFO] file class java.lang.Object
[INFO] script class java.lang.String
[INFO] evaluating script if (! "5.2.0-SNAPSHOT".endsWith("-SNAPSHOT")) { [+ 14 omitted line(s)]
[INFO] 
[INFO] --- maven-resources-plugin:3.0.2:resources (default-resources) @ java-frontend ---
[INFO] Using 'UTF-8' encoding to copy filtered resources.
[INFO] skip non existing resourceDirectory /home/travis/build/SonarSource/sonar-java/java-frontend/src/main/resources
[INFO] 
[INFO] --- maven-compiler-plugin:3.7.0:compile (default-compile) @ java-frontend ---
[INFO] Changes detected - recompiling the module!
[INFO] Compiling 374 source files to /home/travis/build/SonarSource/sonar-java/java-frontend/target/classes
[INFO] /home/travis/build/SonarSource/sonar-java/java-frontend/src/main/java/org/sonar/java/SonarComponents.java: Some input files use or override a deprecated API.
[INFO] /home/travis/build/SonarSource/sonar-java/java-frontend/src/main/java/org/sonar/java/SonarComponents.java: Recompile with -Xlint:deprecation for details.
[INFO] /home/travis/build/SonarSource/sonar-java/java-frontend/src/main/java/org/sonar/java/model/JavaTree.java: Some input files use unchecked or unsafe operations.
[INFO] /home/travis/build/SonarSource/sonar-java/java-frontend/src/main/java/org/sonar/java/model/JavaTree.java: Recompile with -Xlint:unchecked for details.
[INFO] 
[INFO] --- maven-dependency-plugin:3.0.2:unpack (unpack-test-projects) @ java-frontend ---
[INFO] Configured Artifact: commons-collections:commons-collections:sources:3.2.1:jar
[INFO] Configured Artifact: commons-collections:commons-collections:3.2.1:jar
[INFO] Configured Artifact: org.apache.struts:struts-core:sources:1.3.9:jar
[INFO] Configured Artifact: org.apache.struts:struts-core:1.3.9:jar
[INFO] Unpacking /home/travis/.m2/repository/commons-collections/commons-collections/3.2.1/commons-collections-3.2.1-sources.jar to /home/travis/build/SonarSource/sonar-java/java-frontend/target/test-projects/commons-collections-3.2.1/src with includes "" and excludes ""
[INFO] Unpacking /home/travis/.m2/repository/commons-collections/commons-collections/3.2.1/commons-collections-3.2.1.jar to /home/travis/build/SonarSource/sonar-java/java-frontend/target/test-projects/commons-collections-3.2.1/bin with includes "" and excludes ""
[INFO] Unpacking /home/travis/.m2/repository/org/apache/struts/struts-core/1.3.9/struts-core-1.3.9-sources.jar to /home/travis/build/SonarSource/sonar-java/java-frontend/target/test-projects/struts-core-1.3.9/src with includes "" and excludes ""
[INFO] Unpacking /home/travis/.m2/repository/org/apache/struts/struts-core/1.3.9/struts-core-1.3.9.jar to /home/travis/build/SonarSource/sonar-java/java-frontend/target/test-projects/struts-core-1.3.9/bin with includes "" and excludes ""
[INFO] 
[INFO] --- maven-resources-plugin:3.0.2:testResources (default-testResources) @ java-frontend ---
[INFO] Using 'UTF-8' encoding to copy filtered resources.
[INFO] Copying 17 resources
[INFO] 
[INFO] --- maven-compiler-plugin:3.7.0:testCompile (default-testCompile) @ java-frontend ---
[INFO] Changes detected - recompiling the module!
[INFO] Compiling 288 source files to /home/travis/build/SonarSource/sonar-java/java-frontend/target/test-classes
[INFO] /home/travis/build/SonarSource/sonar-java/java-frontend/src/test/java/org/sonar/java/DefaultJavaResourceLocatorTest.java: Some input files use or override a deprecated API.
[INFO] /home/travis/build/SonarSource/sonar-java/java-frontend/src/test/java/org/sonar/java/DefaultJavaResourceLocatorTest.java: Recompile with -Xlint:deprecation for details.
[INFO] /home/travis/build/SonarSource/sonar-java/java-frontend/src/test/java/org/sonar/java/se/Expectations.java: Some input files use unchecked or unsafe operations.
[INFO] /home/travis/build/SonarSource/sonar-java/java-frontend/src/test/java/org/sonar/java/se/Expectations.java: Recompile with -Xlint:unchecked for details.
[INFO] 
[INFO] --- maven-dependency-plugin:3.0.2:copy (copy) @ java-frontend ---
[INFO] Configured Artifact: org.hibernate.javax.persistence:hibernate-jpa-2.0-api:1.0.1.Final:jar
[INFO] Configured Artifact: com.google.code.findbugs:jsr305:1.3.9:jar
[INFO] Configured Artifact: com.google.code.findbugs:annotations:3.0.0:jar
[INFO] Configured Artifact: org.jetbrains:annotations:13.0:jar
[INFO] Configured Artifact: org.projectlombok:lombok:1.16.4:jar
[INFO] Configured Artifact: org.eclipse.jdt:org.eclipse.jdt.annotation:2.1.100:jar
[INFO] Configured Artifact: javax:javaee-api:7.0:jar
[INFO] Configured Artifact: org.apache.commons:commons-lang3:3.5:jar
[INFO] Configured Artifact: commons-lang:commons-lang:2.6:jar
[INFO] Configured Artifact: com.google.guava:guava:10.0.1:jar
[INFO] Configured Artifact: commons-collections:commons-collections:3.2.1:jar
[INFO] Configured Artifact: org.apache.commons:commons-collections4:4.1:jar
[INFO] Configured Artifact: org.apache.logging.log4j:log4j-core:2.3:jar
[INFO] Configured Artifact: org.springframework:spring-core:4.3.8.RELEASE:jar
[INFO] Configured Artifact: org.junit.jupiter:junit-jupiter-api:5.0.0-M4:jar
[INFO] Configured Artifact: org.aspectj:aspectjtools:1.8.10:jar
[INFO] Copying hibernate-jpa-2.0-api-1.0.1.Final.jar to /home/travis/build/SonarSource/sonar-java/java-frontend/target/test-jars/hibernate-jpa-2.0-api-1.0.1.Final.jar
[INFO] Copying jsr305-1.3.9.jar to /home/travis/build/SonarSource/sonar-java/java-frontend/target/test-jars/jsr305-1.3.9.jar
[INFO] Copying annotations-3.0.0.jar to /home/travis/build/SonarSource/sonar-java/java-frontend/target/test-jars/annotations-3.0.0.jar
[INFO] Copying annotations-13.0.jar to /home/travis/build/SonarSource/sonar-java/java-frontend/target/test-jars/annotations-13.0.jar
[INFO] Copying lombok-1.16.4.jar to /home/travis/build/SonarSource/sonar-java/java-frontend/target/test-jars/lombok-1.16.4.jar
[INFO] Copying org.eclipse.jdt.annotation-2.1.100.jar to /home/travis/build/SonarSource/sonar-java/java-frontend/target/test-jars/org.eclipse.jdt.annotation-2.1.100.jar
[INFO] Copying javaee-api-7.0.jar to /home/travis/build/SonarSource/sonar-java/java-frontend/target/test-jars/javaee-api-7.0.jar
[INFO] Copying commons-lang3-3.5.jar to /home/travis/build/SonarSource/sonar-java/java-frontend/target/test-jars/commons-lang3-3.5.jar
[INFO] Copying commons-lang-2.6.jar to /home/travis/build/SonarSource/sonar-java/java-frontend/target/test-jars/commons-lang-2.6.jar
[INFO] Copying guava-10.0.1.jar to /home/travis/build/SonarSource/sonar-java/java-frontend/target/test-jars/guava-10.0.1.jar
[INFO] Copying commons-collections-3.2.1.jar to /home/travis/build/SonarSource/sonar-java/java-frontend/target/test-jars/commons-collections-3.2.1.jar
[INFO] Copying commons-collections4-4.1.jar to /home/travis/build/SonarSource/sonar-java/java-frontend/target/test-jars/commons-collections4-4.1.jar
[INFO] Copying log4j-core-2.3.jar to /home/travis/build/SonarSource/sonar-java/java-frontend/target/test-jars/log4j-core-2.3.jar
[INFO] Copying spring-core-4.3.8.RELEASE.jar to /home/travis/build/SonarSource/sonar-java/java-frontend/target/test-jars/spring-core-4.3.8.RELEASE.jar
[INFO] Copying junit-jupiter-api-5.0.0-M4.jar to /home/travis/build/SonarSource/sonar-java/java-frontend/target/test-jars/junit-jupiter-api-5.0.0-M4.jar
[INFO] Copying aspectjtools-1.8.10.jar to /home/travis/build/SonarSource/sonar-java/java-frontend/target/test-jars/aspectjtools-1.8.10.jar
[INFO] 
[INFO] --- maven-surefire-plugin:2.20.1:test (default-test) @ java-frontend ---
[INFO] Surefire report directory: /home/travis/build/SonarSource/sonar-java/java-frontend/target/surefire-reports
[INFO] 
[INFO] -------------------------------------------------------
[INFO]  T E S T S
[INFO] -------------------------------------------------------
[INFO] Running org.sonar.plugins.java.api.CheckRegistrarTest
[INFO] Tests run: 1, Failures: 0, Errors: 0, Skipped: 0, Time elapsed: 0.106 s - in org.sonar.plugins.java.api.CheckRegistrarTest
[INFO] Running org.sonar.java.se.SECheckTest
[INFO] Tests run: 1, Failures: 0, Errors: 0, Skipped: 0, Time elapsed: 0.907 s - in org.sonar.java.se.SECheckTest
[INFO] Running org.sonar.java.JavaSquidTest
08:52:11.745 ERROR org.sonar.java.ast.JavaAstScanner - Unable to parse source file : /tmp/junit5327678666135242570/junit2228777586867884750.tmp
08:52:11.749 ERROR org.sonar.java.ast.JavaAstScanner - Parse error at line 6 column 1:

1: /***/
2: class A {
3:  String foo() {
4:   return foo();
5:  }
6: 
   ^

08:52:11.844 ERROR org.sonar.java.model.VisitorsBridge - Unable to create symbol table for : /tmp/junit1850257703855421664/junit5135471634633580505.tmp
java.lang.IllegalStateException: Registering class 2 times : A
	at com.google.common.base.Preconditions.checkState(Preconditions.java:199) ~[guava-19.0.jar:na]
	at org.sonar.java.resolve.BytecodeCompleter.registerClass(BytecodeCompleter.java:60) ~[classes/:na]
	at org.sonar.java.resolve.Resolve.registerClass(Resolve.java:85) ~[classes/:na]
	at org.sonar.java.resolve.FirstPass.visitClass(FirstPass.java:236) ~[classes/:na]
	at org.sonar.java.model.declaration.ClassTreeImpl.accept(ClassTreeImpl.java:202) ~[classes/:na]
	at org.sonar.plugins.java.api.tree.BaseTreeVisitor.scan(BaseTreeVisitor.java:43) ~[classes/:na]
	at org.sonar.plugins.java.api.tree.BaseTreeVisitor.scan(BaseTreeVisitor.java:37) ~[classes/:na]
	at org.sonar.java.resolve.FirstPass.visitCompilationUnit(FirstPass.java:128) ~[classes/:na]
	at org.sonar.java.resolve.SemanticModel.createFor(SemanticModel.java:64) ~[classes/:na]
	at org.sonar.java.model.VisitorsBridge.visitFile(VisitorsBridge.java:110) ~[classes/:na]
	at org.sonar.java.ast.JavaAstScanner.simpleScan(JavaAstScanner.java:96) [classes/:na]
	at org.sonar.java.ast.JavaAstScanner.scan(JavaAstScanner.java:68) [classes/:na]
	at org.sonar.java.JavaSquid.scanSources(JavaSquid.java:120) [classes/:na]
	at org.sonar.java.JavaSquid.scan(JavaSquid.java:114) [classes/:na]
	at org.sonar.java.JavaSquidTest.collectAnalysisErrors(JavaSquidTest.java:152) [test-classes/:na]
	at org.sonar.java.JavaSquidTest.verify_analysis_errors_are_collected_on_semantic_error(JavaSquidTest.java:117) [test-classes/:na]
	at sun.reflect.NativeMethodAccessorImpl.invoke0(Native Method) ~[na:1.8.0_151]
	at sun.reflect.NativeMethodAccessorImpl.invoke(NativeMethodAccessorImpl.java:62) ~[na:1.8.0_151]
	at sun.reflect.DelegatingMethodAccessorImpl.invoke(DelegatingMethodAccessorImpl.java:43) ~[na:1.8.0_151]
	at java.lang.reflect.Method.invoke(Method.java:498) ~[na:1.8.0_151]
	at org.junit.runners.model.FrameworkMethod$1.runReflectiveCall(FrameworkMethod.java:50) [junit-4.12.jar:4.12]
	at org.junit.internal.runners.model.ReflectiveCallable.run(ReflectiveCallable.java:12) [junit-4.12.jar:4.12]
	at org.junit.runners.model.FrameworkMethod.invokeExplosively(FrameworkMethod.java:47) [junit-4.12.jar:4.12]
	at org.junit.internal.runners.statements.InvokeMethod.evaluate(InvokeMethod.java:17) [junit-4.12.jar:4.12]
	at org.junit.rules.ExternalResource$1.evaluate(ExternalResource.java:48) [junit-4.12.jar:4.12]
	at org.junit.rules.RunRules.evaluate(RunRules.java:20) [junit-4.12.jar:4.12]
	at org.junit.runners.ParentRunner.runLeaf(ParentRunner.java:325) [junit-4.12.jar:4.12]
	at org.junit.runners.BlockJUnit4ClassRunner.runChild(BlockJUnit4ClassRunner.java:78) [junit-4.12.jar:4.12]
	at org.junit.runners.BlockJUnit4ClassRunner.runChild(BlockJUnit4ClassRunner.java:57) [junit-4.12.jar:4.12]
	at org.junit.runners.ParentRunner$3.run(ParentRunner.java:290) [junit-4.12.jar:4.12]
	at org.junit.runners.ParentRunner$1.schedule(ParentRunner.java:71) [junit-4.12.jar:4.12]
	at org.junit.runners.ParentRunner.runChildren(ParentRunner.java:288) [junit-4.12.jar:4.12]
	at org.junit.runners.ParentRunner.access$000(ParentRunner.java:58) [junit-4.12.jar:4.12]
	at org.junit.runners.ParentRunner$2.evaluate(ParentRunner.java:268) [junit-4.12.jar:4.12]
	at org.junit.runners.ParentRunner.run(ParentRunner.java:363) [junit-4.12.jar:4.12]
	at org.apache.maven.surefire.junit4.JUnit4Provider.execute(JUnit4Provider.java:369) [surefire-junit4-2.20.1.jar:2.20.1]
	at org.apache.maven.surefire.junit4.JUnit4Provider.executeWithRerun(JUnit4Provider.java:275) [surefire-junit4-2.20.1.jar:2.20.1]
	at org.apache.maven.surefire.junit4.JUnit4Provider.executeTestSet(JUnit4Provider.java:239) [surefire-junit4-2.20.1.jar:2.20.1]
	at org.apache.maven.surefire.junit4.JUnit4Provider.invoke(JUnit4Provider.java:160) [surefire-junit4-2.20.1.jar:2.20.1]
	at org.apache.maven.surefire.booter.ForkedBooter.invokeProviderInSameClassLoader(ForkedBooter.java:373) [surefire-booter-2.20.1.jar:2.20.1]
	at org.apache.maven.surefire.booter.ForkedBooter.runSuitesInProcess(ForkedBooter.java:334) [surefire-booter-2.20.1.jar:2.20.1]
	at org.apache.maven.surefire.booter.ForkedBooter.execute(ForkedBooter.java:119) [surefire-booter-2.20.1.jar:2.20.1]
	at org.apache.maven.surefire.booter.ForkedBooter.main(ForkedBooter.java:407) [surefire-booter-2.20.1.jar:2.20.1]
[INFO] Tests run: 3, Failures: 0, Errors: 0, Skipped: 0, Time elapsed: 1.249 s - in org.sonar.java.JavaSquidTest
[INFO] Running org.sonar.java.ast.parser.grammar.units.TypeDeclarationTest
[INFO] Tests run: 2, Failures: 0, Errors: 0, Skipped: 0, Time elapsed: 0.032 s - in org.sonar.java.ast.parser.grammar.units.TypeDeclarationTest
[INFO] Running org.sonar.java.se.checks.DivisionByZeroCheckTest
[INFO] Tests run: 3, Failures: 0, Errors: 0, Skipped: 0, Time elapsed: 1.022 s - in org.sonar.java.se.checks.DivisionByZeroCheckTest
[INFO] Running org.sonar.java.se.checks.InvariantReturnCheckTest
[INFO] Tests run: 1, Failures: 0, Errors: 0, Skipped: 0, Time elapsed: 0.579 s - in org.sonar.java.se.checks.InvariantReturnCheckTest
[INFO] Running org.sonar.java.model.declaration.RequiresDirectiveTreeImplTest
[INFO] Tests run: 4, Failures: 0, Errors: 0, Skipped: 0, Time elapsed: 0.039 s - in org.sonar.java.model.declaration.RequiresDirectiveTreeImplTest
[INFO] Running org.sonar.java.ast.parser.grammar.statements.IfStatementTest
[INFO] Tests run: 1, Failures: 0, Errors: 0, Skipped: 0, Time elapsed: 0.007 s - in org.sonar.java.ast.parser.grammar.statements.IfStatementTest
[INFO] Running org.sonar.java.se.BehaviorCacheTest
[INFO] Tests run: 16, Failures: 0, Errors: 0, Skipped: 0, Time elapsed: 2.956 s - in org.sonar.java.se.BehaviorCacheTest
[INFO] Running org.sonar.java.ast.parser.grammar.statements.CatchClauseTest
[INFO] Tests run: 1, Failures: 0, Errors: 0, Skipped: 0, Time elapsed: 0.052 s - in org.sonar.java.ast.parser.grammar.statements.CatchClauseTest
[INFO] Running org.sonar.java.resolve.ConvertTest
[INFO] Tests run: 8, Failures: 0, Errors: 0, Skipped: 0, Time elapsed: 0.006 s - in org.sonar.java.resolve.ConvertTest
[INFO] Running org.sonar.java.ast.parser.grammar.literals.CharacterLiteralTest
[INFO] Tests run: 1, Failures: 0, Errors: 0, Skipped: 0, Time elapsed: 0.007 s - in org.sonar.java.ast.parser.grammar.literals.CharacterLiteralTest
[INFO] Running org.sonar.java.ast.parser.grammar.moduledirectives.ProvidesDirectiveTest
[INFO] Tests run: 1, Failures: 0, Errors: 0, Skipped: 0, Time elapsed: 0.011 s - in org.sonar.java.ast.parser.grammar.moduledirectives.ProvidesDirectiveTest
[INFO] Running org.sonar.java.model.expression.MethodInvocationTreeImplTest
[INFO] Tests run: 3, Failures: 0, Errors: 0, Skipped: 0, Time elapsed: 0.072 s - in org.sonar.java.model.expression.MethodInvocationTreeImplTest
[INFO] Running org.sonar.java.se.xproc.HappyPathYieldTest
[INFO] Tests run: 3, Failures: 0, Errors: 0, Skipped: 0, Time elapsed: 0.035 s - in org.sonar.java.se.xproc.HappyPathYieldTest
[INFO] Running org.sonar.java.matcher.MethodMatcherCollectionTest
[INFO] Tests run: 9, Failures: 0, Errors: 0, Skipped: 0, Time elapsed: 0.354 s - in org.sonar.java.matcher.MethodMatcherCollectionTest
[INFO] Running org.sonar.java.resolve.LambdaBlockReturnVisitorTest
[INFO] Tests run: 1, Failures: 0, Errors: 0, Skipped: 0, Time elapsed: 0.051 s - in org.sonar.java.resolve.LambdaBlockReturnVisitorTest
[INFO] Running org.sonar.java.model.DefaultJavaFileScannerContextTest
[INFO] Tests run: 5, Failures: 0, Errors: 0, Skipped: 0, Time elapsed: 0.185 s - in org.sonar.java.model.DefaultJavaFileScannerContextTest
[INFO] Running org.sonar.java.resolve.TypeAndReferenceSolverTest
[INFO] Tests run: 35, Failures: 0, Errors: 0, Skipped: 0, Time elapsed: 2.925 s - in org.sonar.java.resolve.TypeAndReferenceSolverTest
[INFO] Running org.sonar.java.cfg.CFGTest
[INFO] Tests run: 71, Failures: 0, Errors: 0, Skipped: 0, Time elapsed: 0.833 s - in org.sonar.java.cfg.CFGTest
[INFO] Running org.sonar.java.ast.parser.grammar.statements.LabeledStatementTest
[INFO] Tests run: 1, Failures: 0, Errors: 0, Skipped: 0, Time elapsed: 0.005 s - in org.sonar.java.ast.parser.grammar.statements.LabeledStatementTest
[INFO] Running org.sonar.java.model.KindMapsTest
[INFO] Tests run: 6, Failures: 0, Errors: 0, Skipped: 0, Time elapsed: 0.013 s - in org.sonar.java.model.KindMapsTest
[INFO] Running org.sonar.java.se.checks.debug.DebugMethodYieldsOnInvocationsCheckTest
08:52:21.208 INFO  org.sonar.squidbridge.ProgressReport - 1 source files to be analyzed
08:52:21.238 INFO  org.sonar.squidbridge.ProgressReport - 1/1 source files have been analyzed
08:52:21.254 INFO  org.sonar.squidbridge.ProgressReport - 1 source files to be analyzed
08:52:21.351 INFO  org.sonar.squidbridge.ProgressReport - 1/1 source files have been analyzed
[INFO] Tests run: 2, Failures: 0, Errors: 0, Skipped: 0, Time elapsed: 0.155 s - in org.sonar.java.se.checks.debug.DebugMethodYieldsOnInvocationsCheckTest
[INFO] Running org.sonar.java.resolve.JavaSymbolTest
[INFO] Tests run: 11, Failures: 0, Errors: 0, Skipped: 0, Time elapsed: 0.283 s - in org.sonar.java.resolve.JavaSymbolTest
[INFO] Running org.sonar.java.se.checks.RedundantAssignmentsCheckTest
08:52:21.655 INFO  org.sonar.squidbridge.ProgressReport - 1 source files to be analyzed
08:52:21.722 INFO  org.sonar.squidbridge.ProgressReport - 1/1 source files have been analyzed
[INFO] Tests run: 1, Failures: 0, Errors: 0, Skipped: 0, Time elapsed: 0.075 s - in org.sonar.java.se.checks.RedundantAssignmentsCheckTest
[INFO] Running org.sonar.java.ast.parser.grammar.parameters.FormalParameterDeclsRestTest
[INFO] Tests run: 2, Failures: 0, Errors: 0, Skipped: 0, Time elapsed: 0.009 s - in org.sonar.java.ast.parser.grammar.parameters.FormalParameterDeclsRestTest
[INFO] Running org.sonar.java.bytecode.se.BytecodeEGWalkerTest
[INFO] Tests run: 18, Failures: 0, Errors: 0, Skipped: 0, Time elapsed: 1.643 s - in org.sonar.java.bytecode.se.BytecodeEGWalkerTest
[INFO] Running org.sonar.java.ast.parser.grammar.parameters.FormalParameterTest
[INFO] Tests run: 1, Failures: 0, Errors: 0, Skipped: 0, Time elapsed: 0 s - in org.sonar.java.ast.parser.grammar.parameters.FormalParameterTest
[INFO] Running org.sonar.java.ast.api.JavaTokenTypeTest
[INFO] Tests run: 1, Failures: 0, Errors: 0, Skipped: 0, Time elapsed: 0.008 s - in org.sonar.java.ast.api.JavaTokenTypeTest
[INFO] Running org.sonar.java.se.ExceptionUtilsTest
[INFO] Tests run: 1, Failures: 0, Errors: 0, Skipped: 0, Time elapsed: 0.012 s - in org.sonar.java.se.ExceptionUtilsTest
[INFO] Running org.sonar.java.model.declaration.ProvidesDirectiveTreeImplTest
[INFO] Tests run: 2, Failures: 0, Errors: 0, Skipped: 0, Time elapsed: 0.012 s - in org.sonar.java.model.declaration.ProvidesDirectiveTreeImplTest
[INFO] Running org.sonar.java.bytecode.se.BytecodeEGWalkerExecuteTest
[INFO] Tests run: 73, Failures: 0, Errors: 0, Skipped: 0, Time elapsed: 0.675 s - in org.sonar.java.bytecode.se.BytecodeEGWalkerExecuteTest
[INFO] Running org.sonar.java.se.xproc.MethodBehaviorTest
[INFO] Tests run: 6, Failures: 0, Errors: 0, Skipped: 0, Time elapsed: 0.07 s - in org.sonar.java.se.xproc.MethodBehaviorTest
[INFO] Running org.sonar.java.se.checks.StreamNotConsumedCheckTest
08:52:24.191 INFO  org.sonar.squidbridge.ProgressReport - 1 source files to be analyzed
08:52:24.292 INFO  org.sonar.squidbridge.ProgressReport - 1/1 source files have been analyzed
[INFO] Tests run: 1, Failures: 0, Errors: 0, Skipped: 0, Time elapsed: 0.109 s - in org.sonar.java.se.checks.StreamNotConsumedCheckTest
[INFO] Running org.sonar.java.ast.parser.grammar.moduledirectives.OpensDirectiveTest
[INFO] Tests run: 1, Failures: 0, Errors: 0, Skipped: 0, Time elapsed: 0.006 s - in org.sonar.java.ast.parser.grammar.moduledirectives.OpensDirectiveTest
[INFO] Running org.sonar.java.se.symbolicvalues.RelationalSymbolicValueTest
08:52:24.389 INFO  org.sonar.squidbridge.ProgressReport - 1 source files to be analyzed
08:52:24.410 INFO  org.sonar.squidbridge.ProgressReport - 1/1 source files have been analyzed
08:52:24.424 INFO  org.sonar.squidbridge.ProgressReport - 1 source files to be analyzed
08:52:24.446 INFO  org.sonar.squidbridge.ProgressReport - 1/1 source files have been analyzed
[INFO] Tests run: 24, Failures: 0, Errors: 0, Skipped: 0, Time elapsed: 3.615 s - in org.sonar.java.se.symbolicvalues.RelationalSymbolicValueTest
[INFO] Running org.sonar.java.se.NullableAnnotationUtilsTest
[INFO] Tests run: 4, Failures: 0, Errors: 0, Skipped: 0, Time elapsed: 0.185 s - in org.sonar.java.se.NullableAnnotationUtilsTest
[INFO] Running org.sonar.java.se.ExplodedGraphTest
[INFO] Tests run: 1, Failures: 0, Errors: 0, Skipped: 0, Time elapsed: 0.021 s - in org.sonar.java.se.ExplodedGraphTest
[INFO] Running org.sonar.java.ast.parser.grammar.statements.ExpressionStatementTest
[INFO] Tests run: 1, Failures: 0, Errors: 0, Skipped: 0, Time elapsed: 0.004 s - in org.sonar.java.ast.parser.grammar.statements.ExpressionStatementTest
[INFO] Running org.sonar.java.ast.parser.grammar.statements.SwitchStatementTest
[INFO] Tests run: 1, Failures: 0, Errors: 0, Skipped: 0, Time elapsed: 0.004 s - in org.sonar.java.ast.parser.grammar.statements.SwitchStatementTest
[INFO] Running org.sonar.java.ast.api.JavaRestrictedKeywordTest
[INFO] Tests run: 1, Failures: 0, Errors: 0, Skipped: 0, Time elapsed: 0.002 s - in org.sonar.java.ast.api.JavaRestrictedKeywordTest
[INFO] Running org.sonar.java.se.checks.debug.DebugMethodYieldsCheckTest
08:52:28.192 INFO  org.sonar.squidbridge.ProgressReport - 1 source files to be analyzed
08:52:28.212 INFO  org.sonar.squidbridge.ProgressReport - 1/1 source files have been analyzed
08:52:28.233 INFO  org.sonar.squidbridge.ProgressReport - 1 source files to be analyzed
08:52:28.262 INFO  org.sonar.squidbridge.ProgressReport - 1/1 source files have been analyzed
[INFO] Tests run: 2, Failures: 0, Errors: 0, Skipped: 0, Time elapsed: 0.077 s - in org.sonar.java.se.checks.debug.DebugMethodYieldsCheckTest
[INFO] Running org.sonar.java.SonarComponentsTest
[INFO] Tests run: 12, Failures: 0, Errors: 0, Skipped: 0, Time elapsed: 0.787 s - in org.sonar.java.SonarComponentsTest
[INFO] Running org.sonar.java.ast.parser.grammar.annotations.AnnotationTypeDeclarationTest
[INFO] Tests run: 1, Failures: 0, Errors: 0, Skipped: 0, Time elapsed: 0.002 s - in org.sonar.java.ast.parser.grammar.annotations.AnnotationTypeDeclarationTest
[INFO] Running org.sonar.java.ast.parser.grammar.statements.StatementTest
[INFO] Tests run: 1, Failures: 0, Errors: 0, Skipped: 0, Time elapsed: 0.014 s - in org.sonar.java.ast.parser.grammar.statements.StatementTest
[INFO] Running org.sonar.java.ast.parser.grammar.statements.ContinueStatementTest
[INFO] Tests run: 1, Failures: 0, Errors: 0, Skipped: 0, Time elapsed: 0.006 s - in org.sonar.java.ast.parser.grammar.statements.ContinueStatementTest
[INFO] Running org.sonar.java.ast.parser.grammar.classes.ClassDeclarationTest
[INFO] Tests run: 2, Failures: 0, Errors: 0, Skipped: 0, Time elapsed: 0.006 s - in org.sonar.java.ast.parser.grammar.classes.ClassDeclarationTest
[INFO] Running org.sonar.java.ast.parser.grammar.statements.BlockStatementsTest
[INFO] Tests run: 1, Failures: 0, Errors: 0, Skipped: 0, Time elapsed: 0.004 s - in org.sonar.java.ast.parser.grammar.statements.BlockStatementsTest
[INFO] Running org.sonar.java.se.checks.StreamConsumedCheckTest
08:52:29.121 INFO  org.sonar.squidbridge.ProgressReport - 1 source files to be analyzed
08:52:29.188 INFO  org.sonar.squidbridge.ProgressReport - 1/1 source files have been analyzed
[INFO] Tests run: 1, Failures: 0, Errors: 0, Skipped: 0, Time elapsed: 0.078 s - in org.sonar.java.se.checks.StreamConsumedCheckTest
[INFO] Running org.sonar.java.model.declaration.OpensDirectiveTreeImplTest
[INFO] Tests run: 3, Failures: 0, Errors: 0, Skipped: 0, Time elapsed: 0.017 s - in org.sonar.java.model.declaration.OpensDirectiveTreeImplTest
[INFO] Running org.sonar.java.xml.XPathXmlCheckTest
[INFO] Tests run: 4, Failures: 0, Errors: 0, Skipped: 0, Time elapsed: 0.125 s - in org.sonar.java.xml.XPathXmlCheckTest
[INFO] Running org.sonar.java.model.LiteralUtilsTest
[INFO] Tests run: 4, Failures: 0, Errors: 0, Skipped: 0, Time elapsed: 0.017 s - in org.sonar.java.model.LiteralUtilsTest
[INFO] Running org.sonar.java.se.checks.OptionalGetBeforeIsPresentCheckTest
08:52:29.378 INFO  org.sonar.squidbridge.ProgressReport - 1 source files to be analyzed
08:52:29.422 INFO  org.sonar.squidbridge.ProgressReport - 1/1 source files have been analyzed
08:52:29.429 INFO  org.sonar.squidbridge.ProgressReport - 1 source files to be analyzed
08:52:29.465 INFO  org.sonar.squidbridge.ProgressReport - 1/1 source files have been analyzed
[INFO] Tests run: 2, Failures: 0, Errors: 0, Skipped: 0, Time elapsed: 0.094 s - in org.sonar.java.se.checks.OptionalGetBeforeIsPresentCheckTest
[INFO] Running org.sonar.java.ast.parser.grammar.statements.ResourceTest
[INFO] Tests run: 2, Failures: 0, Errors: 0, Skipped: 0, Time elapsed: 0.007 s - in org.sonar.java.ast.parser.grammar.statements.ResourceTest
[INFO] Running org.sonar.java.resolve.TypesTest
[INFO] Tests run: 2, Failures: 0, Errors: 0, Skipped: 0, Time elapsed: 0.004 s - in org.sonar.java.resolve.TypesTest
[INFO] Running org.sonar.java.ast.parser.grammar.literals.RestrictedKeywordTest
[INFO] Tests run: 1, Failures: 0, Errors: 0, Skipped: 0, Time elapsed: 0.003 s - in org.sonar.java.ast.parser.grammar.literals.RestrictedKeywordTest
[INFO] Running org.sonar.java.ast.parser.grammar.units.CompilationUnitTest
[INFO] Tests run: 1, Failures: 0, Errors: 0, Skipped: 0, Time elapsed: 0.005 s - in org.sonar.java.ast.parser.grammar.units.CompilationUnitTest
[INFO] Running org.sonar.java.model.declaration.ClassTreeImplTest
[INFO] Tests run: 2, Failures: 0, Errors: 0, Skipped: 0, Time elapsed: 0.013 s - in org.sonar.java.model.declaration.ClassTreeImplTest
[INFO] Running org.sonar.java.ast.parser.grammar.statements.BlockTest
[INFO] Tests run: 1, Failures: 0, Errors: 0, Skipped: 0, Time elapsed: 0.004 s - in org.sonar.java.ast.parser.grammar.statements.BlockTest
[INFO] Running org.sonar.java.se.LearnedAssociationTest
[INFO] Tests run: 1, Failures: 0, Errors: 0, Skipped: 0, Time elapsed: 0.072 s - in org.sonar.java.se.LearnedAssociationTest
[INFO] Running org.sonar.java.se.checks.CustomUnclosedResourcesCheckTest
08:52:29.614 INFO  org.sonar.squidbridge.ProgressReport - 1 source files to be analyzed
08:52:29.638 INFO  org.sonar.squidbridge.ProgressReport - 1/1 source files have been analyzed
08:52:29.643 INFO  org.sonar.squidbridge.ProgressReport - 1 source files to be analyzed
08:52:29.663 INFO  org.sonar.squidbridge.ProgressReport - 1/1 source files have been analyzed
08:52:29.672 INFO  org.sonar.squidbridge.ProgressReport - 1 source files to be analyzed
08:52:29.695 INFO  org.sonar.squidbridge.ProgressReport - 1/1 source files have been analyzed
08:52:29.701 INFO  org.sonar.squidbridge.ProgressReport - 1 source files to be analyzed
08:52:29.735 INFO  org.sonar.squidbridge.ProgressReport - 1/1 source files have been analyzed
08:52:29.739 INFO  org.sonar.squidbridge.ProgressReport - 1 source files to be analyzed
08:52:29.763 INFO  org.sonar.squidbridge.ProgressReport - 1 source files to be analyzed
08:52:29.766 INFO  org.sonar.squidbridge.ProgressReport - 1/1 source files have been analyzed
08:52:29.781 INFO  org.sonar.squidbridge.ProgressReport - 1/1 source files have been analyzed
08:52:29.785 INFO  org.sonar.squidbridge.ProgressReport - 1 source files to be analyzed
08:52:29.836 INFO  org.sonar.squidbridge.ProgressReport - 1/1 source files have been analyzed
[INFO] Tests run: 7, Failures: 0, Errors: 0, Skipped: 0, Time elapsed: 0.229 s - in org.sonar.java.se.checks.CustomUnclosedResourcesCheckTest
[INFO] Running org.sonar.java.bytecode.loader.JarLoaderTest
[INFO] Tests run: 5, Failures: 0, Errors: 0, Skipped: 0, Time elapsed: 0.018 s - in org.sonar.java.bytecode.loader.JarLoaderTest
[INFO] Running org.sonar.java.se.ExpectationsParserTest
[INFO] Tests run: 19, Failures: 0, Errors: 0, Skipped: 0, Time elapsed: 0.024 s - in org.sonar.java.se.ExpectationsParserTest
[INFO] Running org.sonar.plugins.java.api.IssuableSubscriptionVisitorTest
08:52:29.896 INFO  org.sonar.squidbridge.ProgressReport - 1 source files to be analyzed
[INFO] Tests run: 1, Failures: 0, Errors: 0, Skipped: 0, Time elapsed: 0.012 s - in org.sonar.plugins.java.api.IssuableSubscriptionVisitorTest
[INFO] Running org.sonar.java.matcher.MethodMatcherFactoryTest
08:52:29.903 INFO  org.sonar.squidbridge.ProgressReport - 1 source files to be analyzed
08:52:29.918 INFO  org.sonar.squidbridge.ProgressReport - 1/1 source files have been analyzed
08:52:29.921 INFO  org.sonar.squidbridge.ProgressReport - 1/1 source files have been analyzed
08:52:29.926 INFO  org.sonar.squidbridge.ProgressReport - 1 source files to be analyzed
08:52:29.939 INFO  org.sonar.squidbridge.ProgressReport - 1 source files to be analyzed
08:52:29.954 INFO  org.sonar.squidbridge.ProgressReport - 1/1 source files have been analyzed
[INFO] Tests run: 4, Failures: 0, Errors: 0, Skipped: 0, Time elapsed: 0.061 s - in org.sonar.java.matcher.MethodMatcherFactoryTest
[INFO] Running org.sonar.java.bytecode.se.BytecodeSECheckTest
08:52:29.964 INFO  org.sonar.squidbridge.ProgressReport - 1/1 source files have been analyzed
[INFO] Tests run: 6, Failures: 0, Errors: 0, Skipped: 0, Time elapsed: 0.032 s - in org.sonar.java.bytecode.se.BytecodeSECheckTest
[INFO] Running org.sonar.java.se.checks.NullDereferenceCheckTest
08:52:30.007 INFO  org.sonar.squidbridge.ProgressReport - 1 source files to be analyzed
08:52:30.022 INFO  org.sonar.squidbridge.ProgressReport - 1 source files to be analyzed
08:52:30.025 INFO  org.sonar.squidbridge.ProgressReport - 1/1 source files have been analyzed
08:52:30.098 INFO  org.sonar.squidbridge.ProgressReport - 1/1 source files have been analyzed
08:52:30.120 INFO  org.sonar.squidbridge.ProgressReport - 1 source files to be analyzed
08:52:30.157 INFO  org.sonar.squidbridge.ProgressReport - 1/1 source files have been analyzed
08:52:30.161 INFO  org.sonar.squidbridge.ProgressReport - 1 source files to be analyzed
08:52:30.190 INFO  org.sonar.squidbridge.ProgressReport - 1/1 source files have been analyzed
08:52:30.202 INFO  org.sonar.squidbridge.ProgressReport - 1 source files to be analyzed
08:52:30.436 INFO  org.sonar.squidbridge.ProgressReport - 1/1 source files have been analyzed
08:52:30.444 INFO  org.sonar.squidbridge.ProgressReport - 1 source files to be analyzed
08:52:30.475 INFO  org.sonar.squidbridge.ProgressReport - 1/1 source files have been analyzed
08:52:30.484 INFO  org.sonar.squidbridge.ProgressReport - 1 source files to be analyzed
08:52:30.515 INFO  org.sonar.squidbridge.ProgressReport - 1/1 source files have been analyzed
08:52:30.520 INFO  org.sonar.squidbridge.ProgressReport - 1 source files to be analyzed
08:52:30.545 INFO  org.sonar.squidbridge.ProgressReport - 1/1 source files have been analyzed
08:52:30.550 INFO  org.sonar.squidbridge.ProgressReport - 1 source files to be analyzed
08:52:30.649 INFO  org.sonar.squidbridge.ProgressReport - 1/1 source files have been analyzed
[INFO] Tests run: 9, Failures: 0, Errors: 0, Skipped: 0, Time elapsed: 0.652 s - in org.sonar.java.se.checks.NullDereferenceCheckTest
[INFO] Running org.sonar.java.ast.parser.grammar.enums.EnumConstantTest
[INFO] Tests run: 2, Failures: 0, Errors: 0, Skipped: 0, Time elapsed: 0.006 s - in org.sonar.java.ast.parser.grammar.enums.EnumConstantTest
[INFO] Running org.sonar.java.ast.visitors.FileLinesVisitorTest
08:52:30.684 INFO  org.sonar.java.JavaSquid - Java Main Files AST scan
08:52:30.685 INFO  org.sonar.squidbridge.ProgressReport - 1 source files to be analyzed
08:52:30.703 INFO  org.sonar.squidbridge.ProgressReport - 1/1 source files have been analyzed
08:52:30.705 INFO  org.sonar.java.JavaSquid - Java Main Files AST scan (done) | time=21ms
08:52:30.707 INFO  org.sonar.java.JavaSquid - Java Test Files AST scan
08:52:30.708 INFO  org.sonar.squidbridge.ProgressReport - 0 source files to be analyzed
08:52:30.710 INFO  org.sonar.java.JavaSquid - Java Test Files AST scan (done) | time=3ms
08:52:30.723 INFO  org.sonar.squidbridge.ProgressReport - 0/0 source files have been analyzed
08:52:30.733 INFO  org.sonar.java.JavaSquid - Java Main Files AST scan
08:52:30.734 INFO  org.sonar.squidbridge.ProgressReport - 1 source files to be analyzed
08:52:30.820 INFO  org.sonar.squidbridge.ProgressReport - 1/1 source files have been analyzed
08:52:30.821 INFO  org.sonar.java.JavaSquid - Java Main Files AST scan (done) | time=88ms
08:52:30.821 INFO  org.sonar.java.JavaSquid - Java Test Files AST scan
08:52:30.821 INFO  org.sonar.squidbridge.ProgressReport - 0 source files to be analyzed
08:52:30.830 INFO  org.sonar.java.JavaSquid - Java Test Files AST scan (done) | time=9ms
08:52:30.836 INFO  org.sonar.java.JavaSquid - Java Main Files AST scan
08:52:30.837 INFO  org.sonar.squidbridge.ProgressReport - 1 source files to be analyzed
08:52:30.845 INFO  org.sonar.squidbridge.ProgressReport - 0/0 source files have been analyzed
08:52:30.900 INFO  org.sonar.java.JavaSquid - Java Main Files AST scan (done) | time=64ms
08:52:30.900 INFO  org.sonar.squidbridge.ProgressReport - 1/1 source files have been analyzed
08:52:30.902 INFO  org.sonar.java.JavaSquid - Java Test Files AST scan
08:52:30.906 INFO  org.sonar.squidbridge.ProgressReport - 0 source files to be analyzed
08:52:30.907 INFO  org.sonar.java.JavaSquid - Java Test Files AST scan (done) | time=5ms
08:52:30.910 INFO  org.sonar.java.JavaSquid - Java Main Files AST scan
08:52:30.910 INFO  org.sonar.squidbridge.ProgressReport - 1 source files to be analyzed
08:52:30.931 INFO  org.sonar.squidbridge.ProgressReport - 0/0 source files have been analyzed
08:52:30.941 INFO  org.sonar.java.JavaSquid - Java Main Files AST scan (done) | time=31ms
08:52:30.944 INFO  org.sonar.java.JavaSquid - Java Test Files AST scan
08:52:30.942 INFO  org.sonar.squidbridge.ProgressReport - 1/1 source files have been analyzed
08:52:30.948 INFO  org.sonar.squidbridge.ProgressReport - 0 source files to be analyzed
08:52:30.962 INFO  org.sonar.java.JavaSquid - Java Test Files AST scan (done) | time=18ms
08:52:30.978 INFO  org.sonar.squidbridge.ProgressReport - 0/0 source files have been analyzed
08:52:31.051 INFO  org.sonar.java.JavaSquid - Java Main Files AST scan
08:52:31.051 INFO  org.sonar.squidbridge.ProgressReport - 1 source files to be analyzed
08:52:31.054 INFO  org.sonar.java.JavaSquid - Java Main Files AST scan (done) | time=3ms
08:52:31.054 INFO  org.sonar.java.JavaSquid - Java Test Files AST scan
08:52:31.054 INFO  org.sonar.squidbridge.ProgressReport - 0 source files to be analyzed
08:52:31.070 INFO  org.sonar.squidbridge.ProgressReport - 1/1 source files have been analyzed
08:52:31.071 INFO  org.sonar.java.JavaSquid - Java Test Files AST scan (done) | time=17ms
[INFO] Tests run: 4, Failures: 0, Errors: 0, Skipped: 0, Time elapsed: 0.403 s - in org.sonar.java.ast.visitors.FileLinesVisitorTest
[INFO] Running org.sonar.java.ast.parser.grammar.statements.AssertStatementTest
[INFO] Tests run: 1, Failures: 0, Errors: 0, Skipped: 0, Time elapsed: 0 s - in org.sonar.java.ast.parser.grammar.statements.AssertStatementTest
[INFO] Running org.sonar.java.StrutsTest
08:52:31.090 INFO  org.sonar.squidbridge.ProgressReport - 0/0 source files have been analyzed
08:52:31.110 INFO  org.sonar.java.JavaSquid - Java Main Files AST scan
08:52:31.110 INFO  org.sonar.squidbridge.ProgressReport - 134 source files to be analyzed
08:52:34.091 INFO  org.sonar.squidbridge.ProgressReport - 134/134 source files have been analyzed
08:52:34.093 INFO  org.sonar.java.JavaSquid - Java Main Files AST scan (done) | time=2983ms
08:52:34.095 INFO  org.sonar.java.JavaSquid - Java Test Files AST scan
08:52:34.097 INFO  org.sonar.squidbridge.ProgressReport - 0 source files to be analyzed
08:52:34.103 INFO  org.sonar.java.JavaSquid - Java Test Files AST scan (done) | time=8ms
[INFO] Tests run: 1, Failures: 0, Errors: 0, Skipped: 0, Time elapsed: 3.041 s - in org.sonar.java.StrutsTest
[INFO] Running org.sonar.java.ast.parser.grammar.statements.DoStatementTest
[INFO] Tests run: 1, Failures: 0, Errors: 0, Skipped: 0, Time elapsed: 0.004 s - in org.sonar.java.ast.parser.grammar.statements.DoStatementTest
[INFO] Running org.sonar.java.resolve.GenericsTest
08:52:34.134 INFO  org.sonar.squidbridge.ProgressReport - 0/0 source files have been analyzed
[INFO] Tests run: 27, Failures: 0, Errors: 0, Skipped: 0, Time elapsed: 0.416 s - in org.sonar.java.resolve.GenericsTest
[INFO] Running org.sonar.java.se.checks.LocksNotUnlockedCheckTest
08:52:34.570 INFO  org.sonar.squidbridge.ProgressReport - 1 source files to be analyzed
08:52:34.607 INFO  org.sonar.squidbridge.ProgressReport - 1/1 source files have been analyzed
08:52:34.610 INFO  org.sonar.squidbridge.ProgressReport - 1 source files to be analyzed
08:52:34.737 INFO  org.sonar.squidbridge.ProgressReport - 1/1 source files have been analyzed
[INFO] Tests run: 3, Failures: 0, Errors: 0, Skipped: 0, Time elapsed: 0.104 s - in org.sonar.java.se.checks.LocksNotUnlockedCheckTest
[INFO] Running org.sonar.java.se.ProgramStateTest
[INFO] Tests run: 14, Failures: 0, Errors: 0, Skipped: 0, Time elapsed: 0.004 s - in org.sonar.java.se.ProgramStateTest
[INFO] Running org.sonar.java.ast.parser.grammar.literals.IdentifierTest
[INFO] Tests run: 1, Failures: 0, Errors: 0, Skipped: 0, Time elapsed: 0.002 s - in org.sonar.java.ast.parser.grammar.literals.IdentifierTest
[INFO] Running org.sonar.java.model.VisitorsBridgeForTestsTest
[INFO] Tests run: 1, Failures: 0, Errors: 0, Skipped: 0, Time elapsed: 0.024 s - in org.sonar.java.model.VisitorsBridgeForTestsTest
[INFO] Running org.sonar.java.ast.parser.grammar.units.ModuleDeclarationTest
[INFO] Tests run: 1, Failures: 0, Errors: 0, Skipped: 0, Time elapsed: 0.004 s - in org.sonar.java.ast.parser.grammar.units.ModuleDeclarationTest
[INFO] Running org.sonar.java.resolve.ResolveTest
[INFO] Tests run: 6, Failures: 0, Errors: 0, Skipped: 0, Time elapsed: 0.019 s - in org.sonar.java.resolve.ResolveTest
[INFO] Running org.sonar.java.model.ExpressionUtilsTest
[INFO] Tests run: 4, Failures: 0, Errors: 0, Skipped: 0, Time elapsed: 0.049 s - in org.sonar.java.model.ExpressionUtilsTest
[INFO] Running org.sonar.java.se.checks.UnclosedResourcesCheckTest
08:52:34.852 INFO  org.sonar.squidbridge.ProgressReport - 1 source files to be analyzed
08:52:34.905 INFO  org.sonar.squidbridge.ProgressReport - 1/1 source files have been analyzed
08:52:34.910 INFO  org.sonar.squidbridge.ProgressReport - 1 source files to be analyzed
08:52:34.923 INFO  org.sonar.squidbridge.ProgressReport - 1 source files to be analyzed
08:52:34.925 INFO  org.sonar.squidbridge.ProgressReport - 1/1 source files have been analyzed
08:52:35.025 INFO  org.sonar.squidbridge.ProgressReport - 1/1 source files have been analyzed
08:52:35.030 INFO  org.sonar.squidbridge.ProgressReport - 1 source files to be analyzed
08:52:35.078 INFO  org.sonar.squidbridge.ProgressReport - 1/1 source files have been analyzed
08:52:35.083 INFO  org.sonar.squidbridge.ProgressReport - 1 source files to be analyzed
08:52:35.103 INFO  org.sonar.squidbridge.ProgressReport - 1/1 source files have been analyzed
08:52:35.108 INFO  org.sonar.squidbridge.ProgressReport - 1 source files to be analyzed
08:52:35.279 INFO  org.sonar.squidbridge.ProgressReport - 1/1 source files have been analyzed
08:52:35.284 INFO  org.sonar.squidbridge.ProgressReport - 1 source files to be analyzed
08:52:35.345 INFO  org.sonar.squidbridge.ProgressReport - 1/1 source files have been analyzed
08:52:35.349 INFO  org.sonar.squidbridge.ProgressReport - 1 source files to be analyzed
08:52:35.386 ERROR org.sonar.java.model.VisitorsBridge - Unable to run check class org.sonar.java.se.SymbolicExecutionVisitor -  on file src/test/java/org/sonar/java/resolve/targets/TestSupertypeResolution.java, To help improve SonarJava, please report this problem to SonarSource : see https://www.sonarqube.org/community/
java.lang.IllegalStateException: null
	at org.sonar.java.resolve.BytecodeVisitor.visitOuterClass(BytecodeVisitor.java:128) ~[classes/:na]
	at org.objectweb.asm.ClassReader.accept(ClassReader.java:638) ~[asm-6.0.jar:6.0]
	at org.objectweb.asm.ClassReader.accept(ClassReader.java:500) ~[asm-6.0.jar:6.0]
	at org.sonar.java.resolve.BytecodeCompleter.complete(BytecodeCompleter.java:80) ~[classes/:na]
	at org.sonar.java.resolve.JavaSymbol.complete(JavaSymbol.java:109) ~[classes/:na]
	at org.sonar.java.resolve.JavaSymbol$TypeJavaSymbol.getSuperclass(JavaSymbol.java:360) ~[classes/:na]
	at org.sonar.java.resolve.JavaSymbol$TypeJavaSymbol.superClass(JavaSymbol.java:454) ~[classes/:na]
	at org.sonar.java.resolve.JavaSymbol$TypeJavaSymbol.superTypes(JavaSymbol.java:421) ~[classes/:na]
	at org.sonar.java.resolve.ClassJavaType.superTypeContains(ClassJavaType.java:85) ~[classes/:na]
	at org.sonar.java.resolve.ClassJavaType.isSubtypeOf(ClassJavaType.java:57) ~[classes/:na]
	at org.sonar.java.se.ProgramState.exitingOnRuntimeException(ProgramState.java:537) ~[classes/:na]
	at org.sonar.java.se.checks.UnclosedResourcesCheck.checkEndOfExecutionPath(UnclosedResourcesCheck.java:150) ~[classes/:na]
	at org.sonar.java.se.CheckerDispatcher.executeCheckEndOfExecutionPath(CheckerDispatcher.java:141) ~[classes/:na]
	at org.sonar.java.se.ExplodedGraphWalker.lambda$handleEndOfExecutionPath$0(ExplodedGraphWalker.java:318) ~[classes/:na]
	at java.lang.Iterable.forEach(Iterable.java:75) ~[na:1.8.0_151]
	at org.sonar.java.se.ExplodedGraphWalker.handleEndOfExecutionPath(ExplodedGraphWalker.java:316) ~[classes/:na]
	at org.sonar.java.se.ExplodedGraphWalker.execute(ExplodedGraphWalker.java:270) ~[classes/:na]
	at org.sonar.java.se.ExplodedGraphWalker.visitMethod(ExplodedGraphWalker.java:210) ~[classes/:na]
	at org.sonar.java.se.ExplodedGraphWalker.visitMethod(ExplodedGraphWalker.java:202) ~[classes/:na]
	at org.sonar.java.se.SymbolicExecutionVisitor.execute(SymbolicExecutionVisitor.java:78) ~[classes/:na]
	at org.sonar.java.se.SymbolicExecutionVisitor.visitNode(SymbolicExecutionVisitor.java:64) ~[classes/:na]
	at org.sonar.java.ast.visitors.SubscriptionVisitor.visit(SubscriptionVisitor.java:95) ~[classes/:na]
	at org.sonar.java.ast.visitors.SubscriptionVisitor.visitChildren(SubscriptionVisitor.java:120) ~[classes/:na]
	at org.sonar.java.ast.visitors.SubscriptionVisitor.visit(SubscriptionVisitor.java:97) ~[classes/:na]
	at org.sonar.java.ast.visitors.SubscriptionVisitor.visitChildren(SubscriptionVisitor.java:120) ~[classes/:na]
	at org.sonar.java.ast.visitors.SubscriptionVisitor.visit(SubscriptionVisitor.java:97) ~[classes/:na]
	at org.sonar.java.ast.visitors.SubscriptionVisitor.scanTree(SubscriptionVisitor.java:78) ~[classes/:na]
	at org.sonar.java.ast.visitors.SubscriptionVisitor.scanFile(SubscriptionVisitor.java:64) ~[classes/:na]
	at org.sonar.java.se.SymbolicExecutionVisitor.scanFile(SymbolicExecutionVisitor.java:54) ~[classes/:na]
	at org.sonar.java.model.VisitorsBridge.runScanner(VisitorsBridge.java:135) [classes/:na]
	at org.sonar.java.model.VisitorsBridge.visitFile(VisitorsBridge.java:124) [classes/:na]
	at org.sonar.java.ast.JavaAstScanner.simpleScan(JavaAstScanner.java:96) [classes/:na]
	at org.sonar.java.ast.JavaAstScanner.scan(JavaAstScanner.java:68) [classes/:na]
	at org.sonar.java.ast.JavaAstScanner.scanSingleFileForTests(JavaAstScanner.java:156) [classes/:na]
	at org.sonar.java.ast.JavaAstScanner.scanSingleFileForTests(JavaAstScanner.java:145) [classes/:na]
	at org.sonar.java.se.JavaCheckVerifier.scanFile(JavaCheckVerifier.java:190) [test-classes/:na]
	at org.sonar.java.se.JavaCheckVerifier.scanFile(JavaCheckVerifier.java:183) [test-classes/:na]
	at org.sonar.java.se.JavaCheckVerifier.verify(JavaCheckVerifier.java:123) [test-classes/:na]
	at org.sonar.java.se.checks.UnclosedResourcesCheckTest.test_supertype_resolution(UnclosedResourcesCheckTest.java:37) [test-classes/:na]
	at sun.reflect.NativeMethodAccessorImpl.invoke0(Native Method) ~[na:1.8.0_151]
	at sun.reflect.NativeMethodAccessorImpl.invoke(NativeMethodAccessorImpl.java:62) ~[na:1.8.0_151]
	at sun.reflect.DelegatingMethodAccessorImpl.invoke(DelegatingMethodAccessorImpl.java:43) ~[na:1.8.0_151]
	at java.lang.reflect.Method.invoke(Method.java:498) ~[na:1.8.0_151]
	at org.junit.runners.model.FrameworkMethod$1.runReflectiveCall(FrameworkMethod.java:50) [junit-4.12.jar:4.12]
	at org.junit.internal.runners.model.ReflectiveCallable.run(ReflectiveCallable.java:12) [junit-4.12.jar:4.12]
	at org.junit.runners.model.FrameworkMethod.invokeExplosively(FrameworkMethod.java:47) [junit-4.12.jar:4.12]
	at org.junit.internal.runners.statements.InvokeMethod.evaluate(InvokeMethod.java:17) [junit-4.12.jar:4.12]
	at org.junit.runners.ParentRunner.runLeaf(ParentRunner.java:325) [junit-4.12.jar:4.12]
	at org.junit.runners.BlockJUnit4ClassRunner.runChild(BlockJUnit4ClassRunner.java:78) [junit-4.12.jar:4.12]
	at org.junit.runners.BlockJUnit4ClassRunner.runChild(BlockJUnit4ClassRunner.java:57) [junit-4.12.jar:4.12]
	at org.junit.runners.ParentRunner$3.run(ParentRunner.java:290) [junit-4.12.jar:4.12]
	at org.junit.runners.ParentRunner$1.schedule(ParentRunner.java:71) [junit-4.12.jar:4.12]
	at org.junit.runners.ParentRunner.runChildren(ParentRunner.java:288) [junit-4.12.jar:4.12]
	at org.junit.runners.ParentRunner.access$000(ParentRunner.java:58) [junit-4.12.jar:4.12]
	at org.junit.runners.ParentRunner$2.evaluate(ParentRunner.java:268) [junit-4.12.jar:4.12]
	at org.junit.runners.ParentRunner.run(ParentRunner.java:363) [junit-4.12.jar:4.12]
	at org.apache.maven.surefire.junit4.JUnit4Provider.execute(JUnit4Provider.java:369) [surefire-junit4-2.20.1.jar:2.20.1]
	at org.apache.maven.surefire.junit4.JUnit4Provider.executeWithRerun(JUnit4Provider.java:275) [surefire-junit4-2.20.1.jar:2.20.1]
	at org.apache.maven.surefire.junit4.JUnit4Provider.executeTestSet(JUnit4Provider.java:239) [surefire-junit4-2.20.1.jar:2.20.1]
	at org.apache.maven.surefire.junit4.JUnit4Provider.invoke(JUnit4Provider.java:160) [surefire-junit4-2.20.1.jar:2.20.1]
	at org.apache.maven.surefire.booter.ForkedBooter.invokeProviderInSameClassLoader(ForkedBooter.java:373) [surefire-booter-2.20.1.jar:2.20.1]
	at org.apache.maven.surefire.booter.ForkedBooter.runSuitesInProcess(ForkedBooter.java:334) [surefire-booter-2.20.1.jar:2.20.1]
	at org.apache.maven.surefire.booter.ForkedBooter.execute(ForkedBooter.java:119) [surefire-booter-2.20.1.jar:2.20.1]
	at org.apache.maven.surefire.booter.ForkedBooter.main(ForkedBooter.java:407) [surefire-booter-2.20.1.jar:2.20.1]
08:52:35.595 INFO  org.sonar.squidbridge.ProgressReport - 1/1 source files have been analyzed
08:52:35.598 INFO  org.sonar.squidbridge.ProgressReport - 1 source files to be analyzed
08:52:35.652 INFO  org.sonar.squidbridge.ProgressReport - 1/1 source files have been analyzed
[ERROR] Tests run: 10, Failures: 1, Errors: 0, Skipped: 0, Time elapsed: 0.805 s <<< FAILURE! - in org.sonar.java.se.checks.UnclosedResourcesCheckTest
[ERROR] test_supertype_resolution(org.sonar.java.se.checks.UnclosedResourcesCheckTest)  Time elapsed: 0.25 s  <<< FAILURE!
java.lang.AssertionError: At least one issue expected
	at org.sonar.java.se.checks.UnclosedResourcesCheckTest.test_supertype_resolution(UnclosedResourcesCheckTest.java:37)

[INFO] Running org.sonar.java.ast.parser.grammar.statements.FinallyTest
[INFO] Tests run: 1, Failures: 0, Errors: 0, Skipped: 0, Time elapsed: 0.001 s - in org.sonar.java.ast.parser.grammar.statements.FinallyTest
[INFO] Running org.sonar.java.JavaConstantsTest
[INFO] Tests run: 1, Failures: 0, Errors: 0, Skipped: 0, Time elapsed: 0 s - in org.sonar.java.JavaConstantsTest
[INFO] Running org.sonar.java.bytecode.cfg.BytecodeCFGBuilderTest
[INFO] Tests run: 12, Failures: 0, Errors: 0, Skipped: 0, Time elapsed: 0.534 s - in org.sonar.java.bytecode.cfg.BytecodeCFGBuilderTest
[INFO] Running org.sonar.java.ast.parser.grammar.statements.SwitchLabelTest
[INFO] Tests run: 1, Failures: 0, Errors: 0, Skipped: 0, Time elapsed: 0.016 s - in org.sonar.java.ast.parser.grammar.statements.SwitchLabelTest
[INFO] Running org.sonar.java.ast.parser.grammar.types.ModifiersTest
[INFO] Tests run: 1, Failures: 0, Errors: 0, Skipped: 0, Time elapsed: 0.008 s - in org.sonar.java.ast.parser.grammar.types.ModifiersTest
[INFO] Running org.sonar.java.ast.parser.grammar.types.TypeParameterTest
[INFO] Tests run: 1, Failures: 0, Errors: 0, Skipped: 0, Time elapsed: 0 s - in org.sonar.java.ast.parser.grammar.types.TypeParameterTest
[INFO] Running org.sonar.java.bytecode.cfg.BytecodeListingParserTest
[INFO] Tests run: 2, Failures: 0, Errors: 0, Skipped: 0, Time elapsed: 0.011 s - in org.sonar.java.bytecode.cfg.BytecodeListingParserTest
[INFO] Running org.sonar.plugins.java.api.tree.TreeTest
[INFO] Tests run: 1, Failures: 0, Errors: 0, Skipped: 0, Time elapsed: 0.003 s - in org.sonar.plugins.java.api.tree.TreeTest
[INFO] Running org.sonar.java.resolve.BytecodeCompleterTest
08:52:36.326 WARN  o.sonar.java.resolve.BytecodeVisitor - bridge method setSliderMinValue not marked as synthetic in class model42/PresentationModel42
08:52:36.329 WARN  o.sonar.java.resolve.BytecodeVisitor - bridge method setSliderMaxValue not marked as synthetic in class model42/PresentationModel42
08:52:36.332 WARN  o.sonar.java.resolve.BytecodeVisitor - bridge method setSliderValue not marked as synthetic in class model42/PresentationModel42
08:52:36.334 WARN  o.sonar.java.resolve.BytecodeVisitor - bridge method setSliderEnabled not marked as synthetic in class model42/PresentationModel42
08:52:36.339 WARN  o.sonar.java.resolve.BytecodeVisitor - bridge method setAutoSliderCheckboxSelected not marked as synthetic in class model42/PresentationModel42
08:52:36.342 WARN  o.sonar.java.resolve.BytecodeVisitor - bridge method setAutoSliderCheckboxEnabled not marked as synthetic in class model42/PresentationModel42
08:52:36.343 WARN  o.sonar.java.resolve.BytecodeVisitor - bridge method setAutoSliderLowerLimit not marked as synthetic in class model42/PresentationModel42
08:52:36.343 WARN  o.sonar.java.resolve.BytecodeVisitor - bridge method setAutoSliderUpperLimit not marked as synthetic in class model42/PresentationModel42
08:52:36.347 WARN  o.sonar.java.resolve.BytecodeVisitor - bridge method setDoPaintAutoSliderRange not marked as synthetic in class model42/PresentationModel42
08:52:36.348 WARN  o.sonar.java.resolve.BytecodeVisitor - bridge method setCpuLoadSetpointPercentage not marked as synthetic in class model42/PresentationModel42
08:52:36.362 WARN  o.sonar.java.resolve.BytecodeVisitor - bridge method setAdjustIntervalSeconds not marked as synthetic in class model42/PresentationModel42
08:52:36.362 WARN  o.sonar.java.resolve.BytecodeVisitor - bridge method setActualNumberOfWorkers not marked as synthetic in class model42/PresentationModel42
[INFO] Tests run: 39, Failures: 0, Errors: 0, Skipped: 0, Time elapsed: 0.214 s - in org.sonar.java.resolve.BytecodeCompleterTest
[INFO] Running org.sonar.java.model.JavaTreeModelTest
[INFO] Tests run: 77, Failures: 0, Errors: 0, Skipped: 0, Time elapsed: 0.193 s - in org.sonar.java.model.JavaTreeModelTest
[INFO] Running org.sonar.java.ast.visitors.ComplexityVisitorTest
[INFO] Tests run: 3, Failures: 0, Errors: 0, Skipped: 0, Time elapsed: 0.009 s - in org.sonar.java.ast.visitors.ComplexityVisitorTest
[INFO] Running org.sonar.java.ast.visitors.SonarSymbolTableVisitorTest
08:52:36.713 INFO  org.sonar.squidbridge.ProgressReport - 1 source files to be analyzed
08:52:36.729 INFO  org.sonar.squidbridge.ProgressReport - 1/1 source files have been analyzed
[INFO] Tests run: 1, Failures: 0, Errors: 0, Skipped: 0, Time elapsed: 0.026 s - in org.sonar.java.ast.visitors.SonarSymbolTableVisitorTest
[INFO] Running org.sonar.java.se.checks.NonNullSetToNullCheckTest
08:52:36.740 INFO  org.sonar.squidbridge.ProgressReport - 1 source files to be analyzed
08:52:36.829 INFO  org.sonar.squidbridge.ProgressReport - 1/1 source files have been analyzed
[INFO] Tests run: 1, Failures: 0, Errors: 0, Skipped: 0, Time elapsed: 0.097 s - in org.sonar.java.se.checks.NonNullSetToNullCheckTest
[INFO] Running org.sonar.java.se.JavaCheckVerifierTest
08:52:36.842 INFO  org.sonar.squidbridge.ProgressReport - 1 source files to be analyzed
08:52:36.863 INFO  org.sonar.squidbridge.ProgressReport - 1 source files to be analyzed
08:52:36.872 INFO  org.sonar.squidbridge.ProgressReport - 1/1 source files have been analyzed
08:52:36.876 INFO  org.sonar.squidbridge.ProgressReport - 1 source files to be analyzed
08:52:36.904 INFO  org.sonar.squidbridge.ProgressReport - 1/1 source files have been analyzed
08:52:36.914 INFO  org.sonar.squidbridge.ProgressReport - 1 source files to be analyzed
08:52:36.920 INFO  org.sonar.squidbridge.ProgressReport - 1 source files to be analyzed
08:52:36.926 INFO  org.sonar.squidbridge.ProgressReport - 1 source files to be analyzed
08:52:36.936 INFO  org.sonar.squidbridge.ProgressReport - 1/1 source files have been analyzed
08:52:36.944 INFO  org.sonar.squidbridge.ProgressReport - 1 source files to be analyzed
08:52:36.963 INFO  org.sonar.squidbridge.ProgressReport - 1 source files to be analyzed
08:52:36.965 INFO  org.sonar.squidbridge.ProgressReport - 1/1 source files have been analyzed
08:52:36.976 INFO  org.sonar.squidbridge.ProgressReport - 1/1 source files have been analyzed
08:52:36.980 INFO  org.sonar.squidbridge.ProgressReport - 1 source files to be analyzed
08:52:36.986 INFO  org.sonar.squidbridge.ProgressReport - 1 source files to be analyzed
08:52:37.000 INFO  org.sonar.squidbridge.ProgressReport - 1 source files to be analyzed
08:52:37.002 INFO  org.sonar.squidbridge.ProgressReport - 1/1 source files have been analyzed
08:52:37.015 INFO  org.sonar.squidbridge.ProgressReport - 1/1 source files have been analyzed
08:52:37.023 INFO  org.sonar.squidbridge.ProgressReport - 1 source files to be analyzed
08:52:37.041 INFO  org.sonar.squidbridge.ProgressReport - 1/1 source files have been analyzed
08:52:37.050 INFO  org.sonar.squidbridge.ProgressReport - 1 source files to be analyzed
08:52:37.064 INFO  org.sonar.squidbridge.ProgressReport - 1 source files to be analyzed
08:52:37.066 INFO  org.sonar.squidbridge.ProgressReport - 1/1 source files have been analyzed
08:52:37.095 INFO  org.sonar.squidbridge.ProgressReport - 1/1 source files have been analyzed
08:52:37.101 INFO  org.sonar.squidbridge.ProgressReport - 1 source files to be analyzed
08:52:37.122 INFO  org.sonar.squidbridge.ProgressReport - 1/1 source files have been analyzed
08:52:37.128 INFO  org.sonar.squidbridge.ProgressReport - 1 source files to be analyzed
08:52:37.154 INFO  org.sonar.squidbridge.ProgressReport - 1/1 source files have been analyzed
08:52:37.161 INFO  org.sonar.squidbridge.ProgressReport - 1 source files to be analyzed
08:52:37.195 INFO  org.sonar.squidbridge.ProgressReport - 1/1 source files have been analyzed
08:52:37.202 INFO  org.sonar.squidbridge.ProgressReport - 1 source files to be analyzed
08:52:37.229 INFO  org.sonar.squidbridge.ProgressReport - 1/1 source files have been analyzed
08:52:37.234 INFO  org.sonar.squidbridge.ProgressReport - 1 source files to be analyzed
08:52:37.264 INFO  org.sonar.squidbridge.ProgressReport - 1/1 source files have been analyzed
08:52:37.270 INFO  org.sonar.squidbridge.ProgressReport - 1 source files to be analyzed
08:52:37.298 INFO  org.sonar.squidbridge.ProgressReport - 1/1 source files have been analyzed
08:52:37.302 INFO  org.sonar.squidbridge.ProgressReport - 1 source files to be analyzed
08:52:37.321 INFO  org.sonar.squidbridge.ProgressReport - 1 source files to be analyzed
08:52:37.334 INFO  org.sonar.squidbridge.ProgressReport - 1/1 source files have been analyzed
08:52:37.347 INFO  org.sonar.squidbridge.ProgressReport - 1 source files to be analyzed
08:52:37.350 INFO  org.sonar.squidbridge.ProgressReport - 1/1 source files have been analyzed
08:52:37.364 INFO  org.sonar.squidbridge.ProgressReport - 1/1 source files have been analyzed
08:52:37.369 INFO  org.sonar.squidbridge.ProgressReport - 1 source files to be analyzed
08:52:37.381 INFO  org.sonar.squidbridge.ProgressReport - 1 source files to be analyzed
08:52:37.383 INFO  org.sonar.squidbridge.ProgressReport - 1/1 source files have been analyzed
08:52:37.396 INFO  org.sonar.squidbridge.ProgressReport - 1 source files to be analyzed
08:52:37.398 INFO  org.sonar.squidbridge.ProgressReport - 1/1 source files have been analyzed
08:52:37.409 INFO  org.sonar.squidbridge.ProgressReport - 1/1 source files have been analyzed
08:52:37.414 INFO  org.sonar.squidbridge.ProgressReport - 1 source files to be analyzed
08:52:37.489 INFO  org.sonar.squidbridge.ProgressReport - 1 source files to be analyzed
08:52:37.505 INFO  org.sonar.squidbridge.ProgressReport - 1/1 source files have been analyzed
08:52:37.509 INFO  org.sonar.squidbridge.ProgressReport - 1 source files to be analyzed
[INFO] Tests run: 30, Failures: 0, Errors: 0, Skipped: 0, Time elapsed: 0.699 s - in org.sonar.java.se.JavaCheckVerifierTest
[INFO] Running org.sonar.java.se.constraint.ConstraintsByDomainTest
[INFO] Tests run: 9, Failures: 0, Errors: 0, Skipped: 0, Time elapsed: 0.006 s - in org.sonar.java.se.constraint.ConstraintsByDomainTest
[INFO] Running org.sonar.java.ast.parser.grammar.statements.EmptyStatementTest
[INFO] Tests run: 1, Failures: 0, Errors: 0, Skipped: 0, Time elapsed: 0.003 s - in org.sonar.java.ast.parser.grammar.statements.EmptyStatementTest
[INFO] Running org.sonar.java.model.VisitorsBridgeTest
08:52:37.571 WARN  org.sonar.java.model.VisitorsBridge - Classes not found during the analysis : [NotFound00, NotFound01, NotFound02, NotFound03, NotFound04, NotFound05, NotFound06, NotFound07, NotFound08, NotFound09, NotFound10, NotFound11, NotFound12, NotFound13, NotFound14, NotFound15, NotFound16, NotFound17, NotFound18, NotFound19, NotFound20, NotFound21, NotFound22, NotFound23, NotFound24, NotFound25, NotFound26, NotFound27, NotFound28, NotFound29, NotFound30, NotFound31, NotFound32, NotFound33, NotFound34, NotFound35, NotFound36, NotFound37, NotFound38, NotFound39, NotFound40, NotFound41, NotFound42, NotFound43, NotFound44, NotFound45, NotFound46, NotFound47, NotFound48, NotFound49, ...]
08:52:37.578 ERROR org.sonar.java.model.VisitorsBridge - Unable to run check class org.sonar.java.model.VisitorsBridgeTest$$Lambda$632/329483619 -  on file , To help improve SonarJava, please report this problem to SonarSource : see https://www.sonarqube.org/community/
java.lang.NullPointerException: BimBadaboum
	at org.sonar.java.model.VisitorsBridgeTest.rethrow_exception_when_hidden_property_set_to_true(VisitorsBridgeTest.java:126) ~[test-classes/:na]
	at sun.reflect.NativeMethodAccessorImpl.invoke0(Native Method) ~[na:1.8.0_151]
	at sun.reflect.NativeMethodAccessorImpl.invoke(NativeMethodAccessorImpl.java:62) ~[na:1.8.0_151]
	at sun.reflect.DelegatingMethodAccessorImpl.invoke(DelegatingMethodAccessorImpl.java:43) ~[na:1.8.0_151]
	at java.lang.reflect.Method.invoke(Method.java:498) ~[na:1.8.0_151]
	at org.junit.runners.model.FrameworkMethod$1.runReflectiveCall(FrameworkMethod.java:50) ~[junit-4.12.jar:4.12]
	at org.junit.internal.runners.model.ReflectiveCallable.run(ReflectiveCallable.java:12) ~[junit-4.12.jar:4.12]
	at org.junit.runners.model.FrameworkMethod.invokeExplosively(FrameworkMethod.java:47) ~[junit-4.12.jar:4.12]
	at org.junit.internal.runners.statements.InvokeMethod.evaluate(InvokeMethod.java:17) ~[junit-4.12.jar:4.12]
	at org.junit.rules.ExternalResource$1.evaluate(ExternalResource.java:48) ~[junit-4.12.jar:4.12]
	at org.junit.rules.RunRules.evaluate(RunRules.java:20) ~[junit-4.12.jar:4.12]
	at org.junit.runners.ParentRunner.runLeaf(ParentRunner.java:325) ~[junit-4.12.jar:4.12]
	at org.junit.runners.BlockJUnit4ClassRunner.runChild(BlockJUnit4ClassRunner.java:78) ~[junit-4.12.jar:4.12]
	at org.junit.runners.BlockJUnit4ClassRunner.runChild(BlockJUnit4ClassRunner.java:57) ~[junit-4.12.jar:4.12]
	at org.junit.runners.ParentRunner$3.run(ParentRunner.java:290) ~[junit-4.12.jar:4.12]
	at org.junit.runners.ParentRunner$1.schedule(ParentRunner.java:71) ~[junit-4.12.jar:4.12]
	at org.junit.runners.ParentRunner.runChildren(ParentRunner.java:288) ~[junit-4.12.jar:4.12]
	at org.junit.runners.ParentRunner.access$000(ParentRunner.java:58) ~[junit-4.12.jar:4.12]
	at org.junit.runners.ParentRunner$2.evaluate(ParentRunner.java:268) ~[junit-4.12.jar:4.12]
	at org.junit.runners.ParentRunner.run(ParentRunner.java:363) ~[junit-4.12.jar:4.12]
	at org.apache.maven.surefire.junit4.JUnit4Provider.execute(JUnit4Provider.java:369) ~[surefire-junit4-2.20.1.jar:2.20.1]
	at org.apache.maven.surefire.junit4.JUnit4Provider.executeWithRerun(JUnit4Provider.java:275) ~[surefire-junit4-2.20.1.jar:2.20.1]
	at org.apache.maven.surefire.junit4.JUnit4Provider.executeTestSet(JUnit4Provider.java:239) ~[surefire-junit4-2.20.1.jar:2.20.1]
	at org.apache.maven.surefire.junit4.JUnit4Provider.invoke(JUnit4Provider.java:160) ~[surefire-junit4-2.20.1.jar:2.20.1]
	at org.apache.maven.surefire.booter.ForkedBooter.invokeProviderInSameClassLoader(ForkedBooter.java:373) ~[surefire-booter-2.20.1.jar:2.20.1]
	at org.apache.maven.surefire.booter.ForkedBooter.runSuitesInProcess(ForkedBooter.java:334) ~[surefire-booter-2.20.1.jar:2.20.1]
	at org.apache.maven.surefire.booter.ForkedBooter.execute(ForkedBooter.java:119) ~[surefire-booter-2.20.1.jar:2.20.1]
	at org.apache.maven.surefire.booter.ForkedBooter.main(ForkedBooter.java:407) ~[surefire-booter-2.20.1.jar:2.20.1]
[INFO] Tests run: 3, Failures: 0, Errors: 0, Skipped: 0, Time elapsed: 0.053 s - in org.sonar.java.model.VisitorsBridgeTest
[INFO] Running org.sonar.java.model.declaration.MethodTreeImplTest
[INFO] Tests run: 15, Failures: 0, Errors: 0, Skipped: 0, Time elapsed: 0.384 s - in org.sonar.java.model.declaration.MethodTreeImplTest
[INFO] Running org.sonar.java.se.ExplodedGraphWalkerTest
08:52:38.002 INFO  org.sonar.squidbridge.ProgressReport - 1 source files to be analyzed
08:52:38.021 INFO  org.sonar.squidbridge.ProgressReport - 1/1 source files have been analyzed
08:52:38.025 INFO  org.sonar.squidbridge.ProgressReport - 1 source files to be analyzed
08:52:38.038 INFO  org.sonar.squidbridge.ProgressReport - 1/1 source files have been analyzed
08:52:38.040 INFO  org.sonar.squidbridge.ProgressReport - 1 source files to be analyzed
08:52:38.055 INFO  org.sonar.squidbridge.ProgressReport - 1 source files to be analyzed
08:52:38.055 INFO  org.sonar.squidbridge.ProgressReport - 1/1 source files have been analyzed
08:52:38.086 INFO  org.sonar.squidbridge.ProgressReport - 1/1 source files have been analyzed
08:52:38.089 INFO  org.sonar.squidbridge.ProgressReport - 1 source files to be analyzed
08:52:38.105 INFO  org.sonar.squidbridge.ProgressReport - 1/1 source files have been analyzed
08:52:38.109 INFO  org.sonar.squidbridge.ProgressReport - 1 source files to be analyzed
08:52:38.122 INFO  org.sonar.squidbridge.ProgressReport - 1 source files to be analyzed
08:52:38.122 INFO  org.sonar.squidbridge.ProgressReport - 1/1 source files have been analyzed
08:52:38.133 INFO  org.sonar.squidbridge.ProgressReport - 1 source files to be analyzed
08:52:38.133 INFO  org.sonar.squidbridge.ProgressReport - 1/1 source files have been analyzed
08:52:38.151 INFO  org.sonar.squidbridge.ProgressReport - 1/1 source files have been analyzed
08:52:38.157 INFO  org.sonar.squidbridge.ProgressReport - 1 source files to be analyzed
08:52:38.169 INFO  org.sonar.squidbridge.ProgressReport - 1/1 source files have been analyzed
08:52:38.173 INFO  org.sonar.squidbridge.ProgressReport - 1 source files to be analyzed
08:52:38.864 INFO  org.sonar.squidbridge.ProgressReport - 1/1 source files have been analyzed
08:52:38.867 INFO  org.sonar.squidbridge.ProgressReport - 1 source files to be analyzed
08:52:38.882 INFO  org.sonar.squidbridge.ProgressReport - 1/1 source files have been analyzed
08:52:38.886 INFO  org.sonar.squidbridge.ProgressReport - 1 source files to be analyzed
08:52:38.914 INFO  org.sonar.squidbridge.ProgressReport - 1/1 source files have been analyzed
08:52:38.921 INFO  org.sonar.squidbridge.ProgressReport - 1 source files to be analyzed
08:52:38.992 INFO  org.sonar.squidbridge.ProgressReport - 1/1 source files have been analyzed
08:52:39.001 INFO  org.sonar.squidbridge.ProgressReport - 1 source files to be analyzed
08:52:39.048 INFO  org.sonar.squidbridge.ProgressReport - 1/1 source files have been analyzed
08:52:39.051 INFO  org.sonar.squidbridge.ProgressReport - 1 source files to be analyzed
08:52:39.074 INFO  org.sonar.squidbridge.ProgressReport - 1/1 source files have been analyzed
08:52:39.080 INFO  org.sonar.squidbridge.ProgressReport - 1 source files to be analyzed
08:52:39.091 INFO  org.sonar.squidbridge.ProgressReport - 1 source files to be analyzed
08:52:39.091 INFO  org.sonar.squidbridge.ProgressReport - 1/1 source files have been analyzed
08:52:39.476 INFO  org.sonar.squidbridge.ProgressReport - 1/1 source files have been analyzed
08:52:39.480 INFO  org.sonar.squidbridge.ProgressReport - 1 source files to be analyzed
08:52:39.500 INFO  org.sonar.squidbridge.ProgressReport - 1/1 source files have been analyzed
08:52:39.504 INFO  org.sonar.squidbridge.ProgressReport - 1 source files to be analyzed
08:52:39.528 INFO  org.sonar.squidbridge.ProgressReport - 1/1 source files have been analyzed
08:52:39.532 INFO  org.sonar.squidbridge.ProgressReport - 1 source files to be analyzed
08:52:39.547 INFO  org.sonar.squidbridge.ProgressReport - 1 source files to be analyzed
08:52:39.549 INFO  org.sonar.squidbridge.ProgressReport - 1/1 source files have been analyzed
08:52:47.260 INFO  org.sonar.squidbridge.ProgressReport - 1/1 source files have been analyzed
08:52:47.266 INFO  org.sonar.squidbridge.ProgressReport - 1 source files to be analyzed
08:52:47.279 INFO  org.sonar.squidbridge.ProgressReport - 1 source files to be analyzed
08:52:47.280 INFO  org.sonar.squidbridge.ProgressReport - 1/1 source files have been analyzed
08:52:47.296 INFO  org.sonar.squidbridge.ProgressReport - 1/1 source files have been analyzed
08:52:47.299 INFO  org.sonar.squidbridge.ProgressReport - 1 source files to be analyzed
08:52:47.318 INFO  org.sonar.squidbridge.ProgressReport - 1/1 source files have been analyzed
08:52:47.321 INFO  org.sonar.squidbridge.ProgressReport - 1 source files to be analyzed
08:52:47.343 INFO  org.sonar.squidbridge.ProgressReport - 1 source files to be analyzed
08:52:47.347 INFO  org.sonar.squidbridge.ProgressReport - 1/1 source files have been analyzed
08:52:47.363 INFO  org.sonar.squidbridge.ProgressReport - 1/1 source files have been analyzed
08:52:47.367 INFO  org.sonar.squidbridge.ProgressReport - 1 source files to be analyzed
08:52:47.383 INFO  org.sonar.squidbridge.ProgressReport - 1 source files to be analyzed
08:52:47.383 INFO  org.sonar.squidbridge.ProgressReport - 1/1 source files have been analyzed
08:52:47.407 INFO  org.sonar.squidbridge.ProgressReport - 1/1 source files have been analyzed
08:52:47.573 INFO  org.sonar.squidbridge.ProgressReport - 1 source files to be analyzed
08:52:47.586 INFO  org.sonar.squidbridge.ProgressReport - 1 source files to be analyzed
08:52:47.594 INFO  org.sonar.squidbridge.ProgressReport - 1/1 source files have been analyzed
08:52:47.615 INFO  org.sonar.squidbridge.ProgressReport - 1/1 source files have been analyzed
08:52:47.620 INFO  org.sonar.squidbridge.ProgressReport - 1 source files to be analyzed
08:52:48.202 INFO  org.sonar.squidbridge.ProgressReport - 1/1 source files have been analyzed
08:52:48.208 INFO  org.sonar.squidbridge.ProgressReport - 1 source files to be analyzed
08:52:48.231 INFO  org.sonar.squidbridge.ProgressReport - 1/1 source files have been analyzed
08:52:48.234 INFO  org.sonar.squidbridge.ProgressReport - 1 source files to be analyzed
08:52:49.610 INFO  org.sonar.squidbridge.ProgressReport - 1/1 source files have been analyzed
08:52:49.614 INFO  org.sonar.squidbridge.ProgressReport - 1 source files to be analyzed
08:52:49.643 INFO  org.sonar.squidbridge.ProgressReport - 1 source files to be analyzed
08:52:49.658 INFO  org.sonar.squidbridge.ProgressReport - 1/1 source files have been analyzed
08:52:49.672 INFO  org.sonar.squidbridge.ProgressReport - 1/1 source files have been analyzed
08:52:49.678 INFO  org.sonar.squidbridge.ProgressReport - 1 source files to be analyzed
08:52:49.703 INFO  org.sonar.squidbridge.ProgressReport - 1/1 source files have been analyzed
[INFO] Tests run: 31, Failures: 0, Errors: 0, Skipped: 0, Time elapsed: 11.707 s - in org.sonar.java.se.ExplodedGraphWalkerTest
[INFO] Running org.sonar.java.ast.parser.grammar.enums.EnumDeclarationTest
[INFO] Tests run: 2, Failures: 0, Errors: 0, Skipped: 0, Time elapsed: 0.005 s - in org.sonar.java.ast.parser.grammar.enums.EnumDeclarationTest
[INFO] Running org.sonar.java.collections.SinglyLinkedListTest
[INFO] Tests run: 8, Failures: 0, Errors: 0, Skipped: 0, Time elapsed: 0.007 s - in org.sonar.java.collections.SinglyLinkedListTest
[INFO] Running org.sonar.java.ast.parser.grammar.statements.SynchronizedStatementTest
[INFO] Tests run: 1, Failures: 0, Errors: 0, Skipped: 0, Time elapsed: 0.003 s - in org.sonar.java.ast.parser.grammar.statements.SynchronizedStatementTest
[INFO] Running org.sonar.java.model.ModifiersUtilsTest
[INFO] Tests run: 3, Failures: 0, Errors: 0, Skipped: 0, Time elapsed: 0.007 s - in org.sonar.java.model.ModifiersUtilsTest
[INFO] Running org.sonar.java.se.LearnedConstraintTest
[INFO] Tests run: 1, Failures: 0, Errors: 0, Skipped: 0, Time elapsed: 0.001 s - in org.sonar.java.se.LearnedConstraintTest
[INFO] Running org.sonar.java.JavaClasspathTest
08:52:49.835 INFO  org.sonar.java.JavaClasspath - JavaClasspath initialization
08:52:49.856 ERROR org.sonar.java.AbstractJavaClasspath - Invalid value for sonar.java.libraries
08:52:49.859 INFO  org.sonar.java.JavaClasspath - JavaClasspath initialization
08:52:49.863 INFO  org.sonar.java.JavaClasspath - JavaClasspath initialization (done) | time=4ms
08:52:49.869 INFO  org.sonar.java.JavaClasspath - JavaClasspath initialization
08:52:49.916 INFO  org.sonar.java.JavaClasspath - JavaClasspath initialization (done) | time=47ms
08:52:49.917 INFO  org.sonar.java.JavaClasspath - JavaClasspath initialization
08:52:49.942 INFO  org.sonar.java.JavaClasspath - JavaClasspath initialization (done) | time=25ms
08:52:49.945 INFO  org.sonar.java.JavaClasspath - JavaClasspath initialization
08:52:49.948 WARN  org.sonar.java.JavaClasspath - Bytecode of dependencies was not provided for analysis of source files, you might end up with less precise results. Bytecode can be provided using sonar.java.libraries property
08:52:49.952 INFO  org.sonar.java.JavaClasspath - JavaClasspath initialization (done) | time=7ms
08:52:49.956 INFO  org.sonar.java.JavaClasspath - JavaClasspath initialization
08:52:49.958 INFO  org.sonar.java.JavaClasspath - JavaClasspath initialization (done) | time=2ms
08:52:49.961 INFO  org.sonar.java.JavaClasspath - JavaClasspath initialization
08:52:49.962 INFO  org.sonar.java.JavaClasspath - JavaClasspath initialization (done) | time=1ms
08:52:49.965 INFO  org.sonar.java.JavaClasspath - JavaClasspath initialization
08:52:49.966 INFO  org.sonar.java.JavaClasspath - JavaClasspath initialization (done) | time=1ms
08:52:49.966 INFO  org.sonar.java.JavaClasspath - JavaClasspath initialization
08:52:49.967 WARN  org.sonar.java.JavaClasspath - Bytecode of dependencies was not provided for analysis of source files, you might end up with less precise results. Bytecode can be provided using sonar.java.libraries property
08:52:49.967 INFO  org.sonar.java.JavaClasspath - JavaClasspath initialization (done) | time=1ms
08:52:49.973 INFO  org.sonar.java.JavaClasspath - JavaClasspath initialization
08:52:49.974 INFO  org.sonar.java.JavaClasspath - JavaClasspath initialization (done) | time=1ms
08:52:49.975 INFO  org.sonar.java.JavaClasspath - JavaClasspath initialization
08:52:49.976 INFO  org.sonar.java.JavaClasspath - JavaClasspath initialization (done) | time=1ms
08:52:49.976 INFO  org.sonar.java.JavaClasspath - JavaClasspath initialization
08:52:49.977 INFO  org.sonar.java.JavaClasspath - JavaClasspath initialization (done) | time=1ms
08:52:49.986 INFO  org.sonar.java.JavaClasspath - JavaClasspath initialization
08:52:49.989 INFO  org.sonar.java.JavaClasspath - JavaClasspath initialization (done) | time=3ms
08:52:49.993 INFO  org.sonar.java.JavaClasspath - JavaClasspath initialization
08:52:49.994 INFO  org.sonar.java.JavaClasspath - JavaClasspath initialization (done) | time=1ms
08:52:49.999 INFO  org.sonar.java.JavaClasspath - JavaClasspath initialization
08:52:50.002 ERROR org.sonar.java.AbstractJavaClasspath - Invalid value for sonar.java.libraries
08:52:50.004 INFO  org.sonar.java.JavaClasspath - JavaClasspath initialization
08:52:50.008 INFO  org.sonar.java.JavaClasspath - JavaClasspath initialization (done) | time=4ms
08:52:50.010 INFO  org.sonar.java.JavaClasspath - JavaClasspath initialization
08:52:50.010 INFO  org.sonar.java.JavaClasspath - JavaClasspath initialization (done) | time=0ms
08:52:50.011 INFO  org.sonar.java.JavaClasspath - JavaClasspath initialization
08:52:50.012 INFO  org.sonar.java.JavaClasspath - JavaClasspath initialization (done) | time=1ms
08:52:50.022 INFO  org.sonar.java.JavaClasspath - JavaClasspath initialization
08:52:50.024 ERROR org.sonar.java.AbstractJavaClasspath - Invalid value for sonar.java.binaries
08:52:50.024 INFO  org.sonar.java.JavaClasspath - JavaClasspath initialization
08:52:50.025 INFO  org.sonar.java.JavaClasspath - JavaClasspath initialization
08:52:50.026 INFO  org.sonar.java.JavaClasspath - JavaClasspath initialization (done) | time=1ms
08:52:50.026 INFO  org.sonar.java.JavaClasspath - JavaClasspath initialization
08:52:50.027 WARN  org.sonar.java.JavaClasspath - Bytecode of dependencies was not provided for analysis of source files, you might end up with less precise results. Bytecode can be provided using sonar.java.libraries property
08:52:50.027 INFO  org.sonar.java.JavaClasspath - JavaClasspath initialization (done) | time=1ms
08:52:50.027 INFO  org.sonar.java.JavaClasspath - JavaClasspath initialization
08:52:50.028 INFO  org.sonar.java.JavaClasspath - JavaClasspath initialization (done) | time=1ms
08:52:50.028 INFO  org.sonar.java.JavaClasspath - JavaClasspath initialization
08:52:50.029 INFO  org.sonar.java.JavaClasspath - JavaClasspath initialization
08:52:50.029 WARN  org.sonar.java.JavaClasspath - Bytecode of dependencies was not provided for analysis of source files, you might end up with less precise results. Bytecode can be provided using sonar.java.libraries property
08:52:50.029 INFO  org.sonar.java.JavaClasspath - JavaClasspath initialization (done) | time=0ms
08:52:50.030 INFO  org.sonar.java.JavaClasspath - JavaClasspath initialization
08:52:50.030 WARN  org.sonar.java.JavaClasspath - sonar.java.binaries is empty, please double check your configuration
08:52:50.030 WARN  org.sonar.java.JavaClasspath - Bytecode of dependencies was not provided for analysis of source files, you might end up with less precise results. Bytecode can be provided using sonar.java.libraries property
08:52:50.030 INFO  org.sonar.java.JavaClasspath - JavaClasspath initialization (done) | time=0ms
08:52:50.031 INFO  org.sonar.java.JavaClasspath - JavaClasspath initialization
08:52:50.031 INFO  org.sonar.java.JavaClasspath - JavaClasspath initialization (done) | time=0ms
08:52:50.031 INFO  org.sonar.java.JavaClasspath - JavaClasspath initialization
08:52:50.032 INFO  org.sonar.java.JavaClasspath - JavaClasspath initialization (done) | time=1ms
08:52:50.032 INFO  org.sonar.java.JavaClasspath - JavaClasspath initialization
08:52:50.032 INFO  org.sonar.java.JavaClasspath - JavaClasspath initialization
08:52:50.033 INFO  org.sonar.java.JavaClasspath - JavaClasspath initialization (done) | time=1ms
[INFO] Tests run: 29, Failures: 0, Errors: 0, Skipped: 0, Time elapsed: 0.292 s - in org.sonar.java.JavaClasspathTest
[INFO] Running org.sonar.java.ast.parser.grammar.statements.BreakStatementTest
[INFO] Tests run: 1, Failures: 0, Errors: 0, Skipped: 0, Time elapsed: 0.004 s - in org.sonar.java.ast.parser.grammar.statements.BreakStatementTest
[INFO] Running org.sonar.java.ast.api.JavaKeywordTest
[INFO] Tests run: 1, Failures: 0, Errors: 0, Skipped: 0, Time elapsed: 0.001 s - in org.sonar.java.ast.api.JavaKeywordTest
[INFO] Running org.sonar.java.cfg.CFGLoopTest
[INFO] Tests run: 14, Failures: 0, Errors: 0, Skipped: 0, Time elapsed: 0.054 s - in org.sonar.java.cfg.CFGLoopTest
[INFO] Running org.sonar.java.CommonsCollectionsTest
08:52:50.144 INFO  org.sonar.java.JavaSquid - Java Main Files AST scan
08:52:50.150 INFO  org.sonar.squidbridge.ProgressReport - 273 source files to be analyzed
08:52:55.616 INFO  org.sonar.squidbridge.ProgressReport - 273/273 source files have been analyzed
08:52:55.619 INFO  org.sonar.java.JavaSquid - Java Main Files AST scan (done) | time=5475ms
08:52:55.621 INFO  org.sonar.java.JavaSquid - Java Test Files AST scan
08:52:55.623 INFO  org.sonar.squidbridge.ProgressReport - 0 source files to be analyzed
08:52:55.625 INFO  org.sonar.java.JavaSquid - Java Test Files AST scan (done) | time=4ms
[INFO] Tests run: 1, Failures: 0, Errors: 0, Skipped: 0, Time elapsed: 5.54 s - in org.sonar.java.CommonsCollectionsTest
[INFO] Running org.sonar.java.JavaIssueTest
08:52:55.640 INFO  org.sonar.squidbridge.ProgressReport - 0/0 source files have been analyzed
[INFO] Tests run: 2, Failures: 0, Errors: 0, Skipped: 0, Time elapsed: 0.07 s - in org.sonar.java.JavaIssueTest
[INFO] Running org.sonar.java.ast.JavaAstScannerTest
08:52:55.763 INFO  org.sonar.squidbridge.ProgressReport - 1 source files to be analyzed
08:52:55.766 ERROR org.sonar.java.ast.JavaAstScanner - Unable to parse source file : /home/travis/build/SonarSource/sonar-java/java-frontend/src/test/resources/AstScannerParseError.txt
08:52:55.766 ERROR org.sonar.java.ast.JavaAstScanner - Parse error at line 1 column 1:

1: {
   ^
2: 

08:52:55.782 INFO  org.sonar.squidbridge.ProgressReport - 1 source files to be analyzed
08:52:55.793 INFO  org.sonar.squidbridge.ProgressReport - 1/1 source files have been analyzed
08:52:55.796 INFO  org.sonar.squidbridge.ProgressReport - 1 source files to be analyzed
08:52:55.799 ERROR org.sonar.java.ast.JavaAstScanner - Unable to parse source file : /home/travis/build/SonarSource/sonar-java/java-frontend/src/test/resources/AstScannerParseError.txt
08:52:55.799 ERROR org.sonar.java.ast.JavaAstScanner - Parse error at line 1 column 1:

1: {
   ^
2: 

08:52:55.804 INFO  org.sonar.squidbridge.ProgressReport - 1 source files to be analyzed
08:52:55.812 INFO  org.sonar.squidbridge.ProgressReport - 1/1 source files have been analyzed
08:52:55.827 INFO  org.sonar.squidbridge.ProgressReport - 1 source files to be analyzed
08:52:55.829 INFO  org.sonar.squidbridge.ProgressReport - 1/1 source files have been analyzed
08:52:55.845 INFO  org.sonar.squidbridge.ProgressReport - 1 source files to be analyzed
08:52:55.850 INFO  org.sonar.squidbridge.ProgressReport - 1/1 source files have been analyzed
08:52:55.861 ERROR org.sonar.java.model.VisitorsBridge - Unable to run check class org.sonar.java.se.SymbolicExecutionVisitor -  on file src/test/resources/se/MethodBehavior.java, To help improve SonarJava, please report this problem to SonarSource : see https://www.sonarqube.org/community/
java.lang.NullPointerException: nobody expect the spanish inquisition !
	at org.sonar.java.ast.JavaAstScannerTest$2.init(JavaAstScannerTest.java:204) ~[test-classes/:na]
	at org.sonar.java.se.CheckerDispatcher.init(CheckerDispatcher.java:147) ~[classes/:na]
	at org.sonar.java.se.ExplodedGraphWalker.execute(ExplodedGraphWalker.java:218) ~[classes/:na]
	at org.sonar.java.se.ExplodedGraphWalker.visitMethod(ExplodedGraphWalker.java:210) ~[classes/:na]
	at org.sonar.java.se.SymbolicExecutionVisitor.execute(SymbolicExecutionVisitor.java:74) ~[classes/:na]
	at org.sonar.java.se.SymbolicExecutionVisitor.visitNode(SymbolicExecutionVisitor.java:64) ~[classes/:na]
	at org.sonar.java.ast.visitors.SubscriptionVisitor.visit(SubscriptionVisitor.java:95) ~[classes/:na]
	at org.sonar.java.ast.visitors.SubscriptionVisitor.visitChildren(SubscriptionVisitor.java:120) ~[classes/:na]
	at org.sonar.java.ast.visitors.SubscriptionVisitor.visit(SubscriptionVisitor.java:97) ~[classes/:na]
	at org.sonar.java.ast.visitors.SubscriptionVisitor.visitChildren(SubscriptionVisitor.java:120) ~[classes/:na]
	at org.sonar.java.ast.visitors.SubscriptionVisitor.visit(SubscriptionVisitor.java:97) ~[classes/:na]
	at org.sonar.java.ast.visitors.SubscriptionVisitor.scanTree(SubscriptionVisitor.java:78) ~[classes/:na]
	at org.sonar.java.ast.visitors.SubscriptionVisitor.scanFile(SubscriptionVisitor.java:64) ~[classes/:na]
	at org.sonar.java.se.SymbolicExecutionVisitor.scanFile(SymbolicExecutionVisitor.java:54) ~[classes/:na]
	at org.sonar.java.model.VisitorsBridge.runScanner(VisitorsBridge.java:135) [classes/:na]
	at org.sonar.java.model.VisitorsBridge.visitFile(VisitorsBridge.java:124) [classes/:na]
	at org.sonar.java.ast.JavaAstScanner.simpleScan(JavaAstScanner.java:96) [classes/:na]
	at org.sonar.java.ast.JavaAstScanner.scan(JavaAstScanner.java:68) [classes/:na]
	at org.sonar.java.ast.JavaAstScannerTest.should_swallow_log_and_report_checks_exceptions_for_symbolic_execution(JavaAstScannerTest.java:207) [test-classes/:na]
	at sun.reflect.NativeMethodAccessorImpl.invoke0(Native Method) ~[na:1.8.0_151]
	at sun.reflect.NativeMethodAccessorImpl.invoke(NativeMethodAccessorImpl.java:62) ~[na:1.8.0_151]
	at sun.reflect.DelegatingMethodAccessorImpl.invoke(DelegatingMethodAccessorImpl.java:43) ~[na:1.8.0_151]
	at java.lang.reflect.Method.invoke(Method.java:498) ~[na:1.8.0_151]
	at org.junit.runners.model.FrameworkMethod$1.runReflectiveCall(FrameworkMethod.java:50) [junit-4.12.jar:4.12]
	at org.junit.internal.runners.model.ReflectiveCallable.run(ReflectiveCallable.java:12) [junit-4.12.jar:4.12]
	at org.junit.runners.model.FrameworkMethod.invokeExplosively(FrameworkMethod.java:47) [junit-4.12.jar:4.12]
	at org.junit.internal.runners.statements.InvokeMethod.evaluate(InvokeMethod.java:17) [junit-4.12.jar:4.12]
	at org.junit.internal.runners.statements.RunBefores.evaluate(RunBefores.java:26) [junit-4.12.jar:4.12]
	at org.junit.rules.ExternalResource$1.evaluate(ExternalResource.java:48) [junit-4.12.jar:4.12]
	at org.junit.rules.ExpectedException$ExpectedExceptionStatement.evaluate(ExpectedException.java:239) [junit-4.12.jar:4.12]
	at org.junit.rules.RunRules.evaluate(RunRules.java:20) [junit-4.12.jar:4.12]
	at org.junit.runners.ParentRunner.runLeaf(ParentRunner.java:325) [junit-4.12.jar:4.12]
	at org.junit.runners.BlockJUnit4ClassRunner.runChild(BlockJUnit4ClassRunner.java:78) [junit-4.12.jar:4.12]
	at org.junit.runners.BlockJUnit4ClassRunner.runChild(BlockJUnit4ClassRunner.java:57) [junit-4.12.jar:4.12]
	at org.junit.runners.ParentRunner$3.run(ParentRunner.java:290) [junit-4.12.jar:4.12]
	at org.junit.runners.ParentRunner$1.schedule(ParentRunner.java:71) [junit-4.12.jar:4.12]
	at org.junit.runners.ParentRunner.runChildren(ParentRunner.java:288) [junit-4.12.jar:4.12]
	at org.junit.runners.ParentRunner.access$000(ParentRunner.java:58) [junit-4.12.jar:4.12]
	at org.junit.runners.ParentRunner$2.evaluate(ParentRunner.java:268) [junit-4.12.jar:4.12]
	at org.junit.runners.ParentRunner.run(ParentRunner.java:363) [junit-4.12.jar:4.12]
	at org.apache.maven.surefire.junit4.JUnit4Provider.execute(JUnit4Provider.java:369) [surefire-junit4-2.20.1.jar:2.20.1]
	at org.apache.maven.surefire.junit4.JUnit4Provider.executeWithRerun(JUnit4Provider.java:275) [surefire-junit4-2.20.1.jar:2.20.1]
	at org.apache.maven.surefire.junit4.JUnit4Provider.executeTestSet(JUnit4Provider.java:239) [surefire-junit4-2.20.1.jar:2.20.1]
	at org.apache.maven.surefire.junit4.JUnit4Provider.invoke(JUnit4Provider.java:160) [surefire-junit4-2.20.1.jar:2.20.1]
	at org.apache.maven.surefire.booter.ForkedBooter.invokeProviderInSameClassLoader(ForkedBooter.java:373) [surefire-booter-2.20.1.jar:2.20.1]
	at org.apache.maven.surefire.booter.ForkedBooter.runSuitesInProcess(ForkedBooter.java:334) [surefire-booter-2.20.1.jar:2.20.1]
	at org.apache.maven.surefire.booter.ForkedBooter.execute(ForkedBooter.java:119) [surefire-booter-2.20.1.jar:2.20.1]
	at org.apache.maven.surefire.booter.ForkedBooter.main(ForkedBooter.java:407) [surefire-booter-2.20.1.jar:2.20.1]
08:52:55.863 INFO  org.sonar.squidbridge.ProgressReport - 1/1 source files have been analyzed
08:52:55.866 INFO  org.sonar.squidbridge.ProgressReport - 1 source files to be analyzed
08:52:55.879 INFO  org.sonar.squidbridge.ProgressReport - 1 source files to be analyzed
08:52:55.879 INFO  org.sonar.squidbridge.ProgressReport - 1/1 source files have been analyzed
08:52:55.905 INFO  org.sonar.squidbridge.ProgressReport - 1 source files to be analyzed
08:52:55.927 INFO  org.sonar.squidbridge.ProgressReport - 1 source files to be analyzed
08:52:55.930 ERROR org.sonar.java.model.VisitorsBridge - Unable to run check class org.sonar.java.ast.JavaAstScannerTest$CheckThrowingException -  on file src/test/resources/AstScannerNoParseError.txt, To help improve SonarJava, please report this problem to SonarSource : see https://www.sonarqube.org/community/
java.lang.NullPointerException: foo
	at org.sonar.java.ast.JavaAstScannerTest.should_swallow_log_and_report_checks_exceptions(JavaAstScannerTest.java:176) ~[test-classes/:na]
	at sun.reflect.NativeMethodAccessorImpl.invoke0(Native Method) ~[na:1.8.0_151]
	at sun.reflect.NativeMethodAccessorImpl.invoke(NativeMethodAccessorImpl.java:62) ~[na:1.8.0_151]
	at sun.reflect.DelegatingMethodAccessorImpl.invoke(DelegatingMethodAccessorImpl.java:43) ~[na:1.8.0_151]
	at java.lang.reflect.Method.invoke(Method.java:498) ~[na:1.8.0_151]
	at org.junit.runners.model.FrameworkMethod$1.runReflectiveCall(FrameworkMethod.java:50) ~[junit-4.12.jar:4.12]
	at org.junit.internal.runners.model.ReflectiveCallable.run(ReflectiveCallable.java:12) ~[junit-4.12.jar:4.12]
	at org.junit.runners.model.FrameworkMethod.invokeExplosively(FrameworkMethod.java:47) ~[junit-4.12.jar:4.12]
	at org.junit.internal.runners.statements.InvokeMethod.evaluate(InvokeMethod.java:17) ~[junit-4.12.jar:4.12]
	at org.junit.internal.runners.statements.RunBefores.evaluate(RunBefores.java:26) ~[junit-4.12.jar:4.12]
	at org.junit.rules.ExternalResource$1.evaluate(ExternalResource.java:48) ~[junit-4.12.jar:4.12]
	at org.junit.rules.ExpectedException$ExpectedExceptionStatement.evaluate(ExpectedException.java:239) ~[junit-4.12.jar:4.12]
	at org.junit.rules.RunRules.evaluate(RunRules.java:20) ~[junit-4.12.jar:4.12]
	at org.junit.runners.ParentRunner.runLeaf(ParentRunner.java:325) ~[junit-4.12.jar:4.12]
	at org.junit.runners.BlockJUnit4ClassRunner.runChild(BlockJUnit4ClassRunner.java:78) ~[junit-4.12.jar:4.12]
	at org.junit.runners.BlockJUnit4ClassRunner.runChild(BlockJUnit4ClassRunner.java:57) ~[junit-4.12.jar:4.12]
	at org.junit.runners.ParentRunner$3.run(ParentRunner.java:290) ~[junit-4.12.jar:4.12]
	at org.junit.runners.ParentRunner$1.schedule(ParentRunner.java:71) ~[junit-4.12.jar:4.12]
	at org.junit.runners.ParentRunner.runChildren(ParentRunner.java:288) ~[junit-4.12.jar:4.12]
	at org.junit.runners.ParentRunner.access$000(ParentRunner.java:58) ~[junit-4.12.jar:4.12]
	at org.junit.runners.ParentRunner$2.evaluate(ParentRunner.java:268) ~[junit-4.12.jar:4.12]
	at org.junit.runners.ParentRunner.run(ParentRunner.java:363) ~[junit-4.12.jar:4.12]
	at org.apache.maven.surefire.junit4.JUnit4Provider.execute(JUnit4Provider.java:369) ~[surefire-junit4-2.20.1.jar:2.20.1]
	at org.apache.maven.surefire.junit4.JUnit4Provider.executeWithRerun(JUnit4Provider.java:275) ~[surefire-junit4-2.20.1.jar:2.20.1]
	at org.apache.maven.surefire.junit4.JUnit4Provider.executeTestSet(JUnit4Provider.java:239) ~[surefire-junit4-2.20.1.jar:2.20.1]
	at org.apache.maven.surefire.junit4.JUnit4Provider.invoke(JUnit4Provider.java:160) ~[surefire-junit4-2.20.1.jar:2.20.1]
	at org.apache.maven.surefire.booter.ForkedBooter.invokeProviderInSameClassLoader(ForkedBooter.java:373) ~[surefire-booter-2.20.1.jar:2.20.1]
	at org.apache.maven.surefire.booter.ForkedBooter.runSuitesInProcess(ForkedBooter.java:334) ~[surefire-booter-2.20.1.jar:2.20.1]
	at org.apache.maven.surefire.booter.ForkedBooter.execute(ForkedBooter.java:119) ~[surefire-booter-2.20.1.jar:2.20.1]
	at org.apache.maven.surefire.booter.ForkedBooter.main(ForkedBooter.java:407) ~[surefire-booter-2.20.1.jar:2.20.1]
08:52:55.931 INFO  org.sonar.squidbridge.ProgressReport - 1 source files to be analyzed
08:52:55.948 INFO  org.sonar.squidbridge.ProgressReport - 1/1 source files have been analyzed
08:52:55.963 ERROR org.sonar.java.ast.JavaAstScanner - Unable to parse source file : /home/travis/build/SonarSource/sonar-java/java-frontend/src/test/resources/AstScannerParseError.txt
08:52:55.963 ERROR org.sonar.java.ast.JavaAstScanner - Parse error at line 1 column 1:

1: {
   ^
2: 

08:52:55.967 ERROR org.sonar.java.model.VisitorsBridge - Unable to run check class org.sonar.java.ast.JavaAstScannerTest$AnnotatedCheck - AnnotatedCheck on file src/test/resources/AstScannerParseError.txt, To help improve SonarJava, please report this problem to SonarSource : see https://www.sonarqube.org/community/
java.lang.NullPointerException: foo
	at org.sonar.java.ast.JavaAstScannerTest.should_swallow_log_and_report_checks_exceptions(JavaAstScannerTest.java:186) ~[test-classes/:na]
	at sun.reflect.NativeMethodAccessorImpl.invoke0(Native Method) ~[na:1.8.0_151]
	at sun.reflect.NativeMethodAccessorImpl.invoke(NativeMethodAccessorImpl.java:62) ~[na:1.8.0_151]
	at sun.reflect.DelegatingMethodAccessorImpl.invoke(DelegatingMethodAccessorImpl.java:43) ~[na:1.8.0_151]
	at java.lang.reflect.Method.invoke(Method.java:498) ~[na:1.8.0_151]
	at org.junit.runners.model.FrameworkMethod$1.runReflectiveCall(FrameworkMethod.java:50) ~[junit-4.12.jar:4.12]
	at org.junit.internal.runners.model.ReflectiveCallable.run(ReflectiveCallable.java:12) ~[junit-4.12.jar:4.12]
	at org.junit.runners.model.FrameworkMethod.invokeExplosively(FrameworkMethod.java:47) ~[junit-4.12.jar:4.12]
	at org.junit.internal.runners.statements.InvokeMethod.evaluate(InvokeMethod.java:17) ~[junit-4.12.jar:4.12]
	at org.junit.internal.runners.statements.RunBefores.evaluate(RunBefores.java:26) ~[junit-4.12.jar:4.12]
	at org.junit.rules.ExternalResource$1.evaluate(ExternalResource.java:48) ~[junit-4.12.jar:4.12]
	at org.junit.rules.ExpectedException$ExpectedExceptionStatement.evaluate(ExpectedException.java:239) ~[junit-4.12.jar:4.12]
	at org.junit.rules.RunRules.evaluate(RunRules.java:20) ~[junit-4.12.jar:4.12]
	at org.junit.runners.ParentRunner.runLeaf(ParentRunner.java:325) ~[junit-4.12.jar:4.12]
	at org.junit.runners.BlockJUnit4ClassRunner.runChild(BlockJUnit4ClassRunner.java:78) ~[junit-4.12.jar:4.12]
	at org.junit.runners.BlockJUnit4ClassRunner.runChild(BlockJUnit4ClassRunner.java:57) ~[junit-4.12.jar:4.12]
	at org.junit.runners.ParentRunner$3.run(ParentRunner.java:290) ~[junit-4.12.jar:4.12]
	at org.junit.runners.ParentRunner$1.schedule(ParentRunner.java:71) ~[junit-4.12.jar:4.12]
	at org.junit.runners.ParentRunner.runChildren(ParentRunner.java:288) ~[junit-4.12.jar:4.12]
	at org.junit.runners.ParentRunner.access$000(ParentRunner.java:58) ~[junit-4.12.jar:4.12]
	at org.junit.runners.ParentRunner$2.evaluate(ParentRunner.java:268) ~[junit-4.12.jar:4.12]
	at org.junit.runners.ParentRunner.run(ParentRunner.java:363) ~[junit-4.12.jar:4.12]
	at org.apache.maven.surefire.junit4.JUnit4Provider.execute(JUnit4Provider.java:369) ~[surefire-junit4-2.20.1.jar:2.20.1]
	at org.apache.maven.surefire.junit4.JUnit4Provider.executeWithRerun(JUnit4Provider.java:275) ~[surefire-junit4-2.20.1.jar:2.20.1]
	at org.apache.maven.surefire.junit4.JUnit4Provider.executeTestSet(JUnit4Provider.java:239) ~[surefire-junit4-2.20.1.jar:2.20.1]
	at org.apache.maven.surefire.junit4.JUnit4Provider.invoke(JUnit4Provider.java:160) ~[surefire-junit4-2.20.1.jar:2.20.1]
	at org.apache.maven.surefire.booter.ForkedBooter.invokeProviderInSameClassLoader(ForkedBooter.java:373) ~[surefire-booter-2.20.1.jar:2.20.1]
	at org.apache.maven.surefire.booter.ForkedBooter.runSuitesInProcess(ForkedBooter.java:334) ~[surefire-booter-2.20.1.jar:2.20.1]
	at org.apache.maven.surefire.booter.ForkedBooter.execute(ForkedBooter.java:119) ~[surefire-booter-2.20.1.jar:2.20.1]
	at org.apache.maven.surefire.booter.ForkedBooter.main(ForkedBooter.java:407) ~[surefire-booter-2.20.1.jar:2.20.1]
08:52:55.967 INFO  org.sonar.squidbridge.ProgressReport - 1/1 source files have been analyzed
08:52:55.968 INFO  org.sonar.squidbridge.ProgressReport - 1 source files to be analyzed
08:52:55.983 ERROR org.sonar.java.ast.JavaAstScanner - A stack overflow error occured while analyzing file: /home/travis/build/SonarSource/sonar-java/java-frontend/src/test/resources/AstScannerNoParseError.txt
[INFO] Tests run: 11, Failures: 0, Errors: 0, Skipped: 0, Time elapsed: 0.266 s - in org.sonar.java.ast.JavaAstScannerTest
[INFO] Running org.sonar.java.se.FlowTest
[INFO] Tests run: 2, Failures: 0, Errors: 0, Skipped: 0, Time elapsed: 0.016 s - in org.sonar.java.se.FlowTest
[INFO] Running org.sonar.java.resolve.TypeInferenceSolverTest
[INFO] Tests run: 5, Failures: 0, Errors: 0, Skipped: 0, Time elapsed: 0.052 s - in org.sonar.java.resolve.TypeInferenceSolverTest
[INFO] Running org.sonar.java.resolve.FlagsTest
[INFO] Tests run: 2, Failures: 0, Errors: 0, Skipped: 0, Time elapsed: 0.002 s - in org.sonar.java.resolve.FlagsTest
[INFO] Running org.sonar.java.bytecode.cfg.BytecodeCFGConstructionTest
[INFO] Tests run: 156, Failures: 0, Errors: 0, Skipped: 0, Time elapsed: 0.155 s - in org.sonar.java.bytecode.cfg.BytecodeCFGConstructionTest
[INFO] Running org.sonar.java.ast.parser.grammar.statements.ThrowStatementTest
[INFO] Tests run: 1, Failures: 0, Errors: 0, Skipped: 0, Time elapsed: 0.008 s - in org.sonar.java.ast.parser.grammar.statements.ThrowStatementTest
[INFO] Running org.sonar.java.resolve.ImportResolutionTest
[INFO] Tests run: 12, Failures: 0, Errors: 0, Skipped: 0, Time elapsed: 0.251 s - in org.sonar.java.resolve.ImportResolutionTest
[INFO] Running org.sonar.java.ast.parser.grammar.statements.TryStatementTest
[INFO] Tests run: 3, Failures: 0, Errors: 0, Skipped: 0, Time elapsed: 0.02 s - in org.sonar.java.ast.parser.grammar.statements.TryStatementTest
[INFO] Running org.sonar.java.xml.XmlCheckUtilsTest
[INFO] Tests run: 5, Failures: 0, Errors: 0, Skipped: 0, Time elapsed: 0.055 s - in org.sonar.java.xml.XmlCheckUtilsTest
[INFO] Running org.sonar.java.xml.XmlAnalyzerTest
08:52:56.605 WARN  org.sonar.java.xml.XmlAnalyzer - No 'xml' file have been indexed.
08:52:56.607 INFO  org.sonar.squidbridge.ProgressReport - 1 source files to be analyzed
08:52:57.174 INFO  org.sonar.squidbridge.ProgressReport - 1/1 source files have been analyzed
08:52:57.178 INFO  org.sonar.squidbridge.ProgressReport - 1 source files to be analyzed
08:52:57.218 INFO  org.sonar.squidbridge.ProgressReport - 1 source files to be analyzed
08:52:57.357 INFO  org.sonar.squidbridge.ProgressReport - 1/1 source files have been analyzed
08:52:57.360 INFO  org.sonar.squidbridge.ProgressReport - 1 source files to be analyzed
08:52:57.472 INFO  org.sonar.squidbridge.ProgressReport - 1/1 source files have been analyzed
08:52:57.476 INFO  org.sonar.squidbridge.ProgressReport - 1 source files to be analyzed
08:52:57.559 INFO  org.sonar.squidbridge.ProgressReport - 1/1 source files have been analyzed
08:52:57.562 INFO  org.sonar.squidbridge.ProgressReport - 1 source files to be analyzed
08:52:57.568 INFO  org.sonar.squidbridge.ProgressReport - 0 source files to be analyzed
08:52:57.572 INFO  org.sonar.squidbridge.ProgressReport - 1/1 source files have been analyzed
08:52:57.575 INFO  org.sonar.squidbridge.ProgressReport - 1 source files to be analyzed
08:52:57.578 INFO  org.sonar.squidbridge.ProgressReport - 0/0 source files have been analyzed
08:52:57.642 INFO  org.sonar.squidbridge.ProgressReport - 1/1 source files have been analyzed
08:52:57.645 INFO  org.sonar.squidbridge.ProgressReport - 1 source files to be analyzed
08:52:57.716 INFO  org.sonar.squidbridge.ProgressReport - 1/1 source files have been analyzed
08:52:57.721 INFO  org.sonar.squidbridge.ProgressReport - 1 source files to be analyzed
08:52:58.087 ERROR org.sonar.java.xml.XmlParser - Unable to parse xml file: src/test/files/xml/maven/parse-issue/pom.xml
[INFO] Tests run: 11, Failures: 0, Errors: 0, Skipped: 0, Time elapsed: 1.488 s - in org.sonar.java.xml.XmlAnalyzerTest
[INFO] Running org.sonar.java.se.checks.NoWayOutLoopCheckTest
08:52:58.090 INFO  org.sonar.squidbridge.ProgressReport - 1/1 source files have been analyzed
08:52:58.102 INFO  org.sonar.squidbridge.ProgressReport - 1 source files to be analyzed
[INFO] Tests run: 1, Failures: 0, Errors: 0, Skipped: 0, Time elapsed: 0.127 s - in org.sonar.java.se.checks.NoWayOutLoopCheckTest
08:52:58.219 INFO  org.sonar.squidbridge.ProgressReport - 1/1 source files have been analyzed
[INFO] Running org.sonar.java.ast.parser.grammar.types.TypeTest
[INFO] Tests run: 1, Failures: 0, Errors: 0, Skipped: 0, Time elapsed: 0.003 s - in org.sonar.java.ast.parser.grammar.types.TypeTest
[INFO] Running org.sonar.java.resolve.TypeSubstitutionSolverTest
[INFO] Tests run: 19, Failures: 0, Errors: 0, Skipped: 0, Time elapsed: 0.171 s - in org.sonar.java.resolve.TypeSubstitutionSolverTest
[INFO] Running org.sonar.java.matcher.NameCriteriaTest
[INFO] Tests run: 3, Failures: 0, Errors: 0, Skipped: 0, Time elapsed: 0.003 s - in org.sonar.java.matcher.NameCriteriaTest
[INFO] Running org.sonar.java.se.xproc.ExceptionalYieldTest
[INFO] Tests run: 5, Failures: 0, Errors: 0, Skipped: 0, Time elapsed: 0.051 s - in org.sonar.java.se.xproc.ExceptionalYieldTest
[INFO] Running org.sonar.java.ast.parser.grammar.statements.BlockStatementTest
[INFO] Tests run: 1, Failures: 0, Errors: 0, Skipped: 0, Time elapsed: 0.002 s - in org.sonar.java.ast.parser.grammar.statements.BlockStatementTest
[INFO] Running org.sonar.java.ast.parser.grammar.expressions.RelationalExpressionTest
[INFO] Tests run: 1, Failures: 0, Errors: 0, Skipped: 0, Time elapsed: 0.004 s - in org.sonar.java.ast.parser.grammar.expressions.RelationalExpressionTest
[INFO] Running org.sonar.java.ast.parser.grammar.types.BoundTest
[INFO] Tests run: 1, Failures: 0, Errors: 0, Skipped: 0, Time elapsed: 0.003 s - in org.sonar.java.ast.parser.grammar.types.BoundTest
[INFO] Running org.sonar.java.AnalyzerMessageTest
[INFO] Tests run: 9, Failures: 0, Errors: 0, Skipped: 0, Time elapsed: 0.012 s - in org.sonar.java.AnalyzerMessageTest
[INFO] Running org.sonar.java.ast.visitors.PublicApiCheckerTest
[INFO] Tests run: 2, Failures: 0, Errors: 0, Skipped: 0, Time elapsed: 0.026 s - in org.sonar.java.ast.visitors.PublicApiCheckerTest
[INFO] Running org.sonar.java.model.declaration.UsesDirectiveTreeImplTest
[INFO] Tests run: 2, Failures: 0, Errors: 0, Skipped: 0, Time elapsed: 0.01 s - in org.sonar.java.model.declaration.UsesDirectiveTreeImplTest
[INFO] Running org.sonar.java.ast.parser.grammar.units.ImportDeclarationTest
[INFO] Tests run: 1, Failures: 0, Errors: 0, Skipped: 0, Time elapsed: 0.003 s - in org.sonar.java.ast.parser.grammar.units.ImportDeclarationTest
[INFO] Running org.sonar.java.resolve.SymbolTableTest
[INFO] Tests run: 70, Failures: 0, Errors: 0, Skipped: 0, Time elapsed: 1.299 s - in org.sonar.java.resolve.SymbolTableTest
[INFO] Running org.sonar.java.ast.parser.grammar.parameters.FormalParameterDeclsTest
[INFO] Tests run: 1, Failures: 0, Errors: 0, Skipped: 0, Time elapsed: 0.004 s - in org.sonar.java.ast.parser.grammar.parameters.FormalParameterDeclsTest
[INFO] Running org.sonar.java.xml.XmlCheckContextImplTest
[INFO] Tests run: 17, Failures: 0, Errors: 0, Skipped: 0, Time elapsed: 0.217 s - in org.sonar.java.xml.XmlCheckContextImplTest
[INFO] Running org.sonar.java.ast.parser.grammar.moduledirectives.UsesDirectiveTest
[INFO] Tests run: 1, Failures: 0, Errors: 0, Skipped: 0, Time elapsed: 0.004 s - in org.sonar.java.ast.parser.grammar.moduledirectives.UsesDirectiveTest
[INFO] Running org.sonar.java.se.checks.debug.DebugInterruptedExecutionCheckTest
08:53:00.077 INFO  org.sonar.squidbridge.ProgressReport - 1 source files to be analyzed
[INFO] Tests run: 1, Failures: 0, Errors: 0, Skipped: 0, Time elapsed: 0.017 s - in org.sonar.java.se.checks.debug.DebugInterruptedExecutionCheckTest
[INFO] Running org.sonar.java.se.ProgramPointTest
08:53:00.093 INFO  org.sonar.squidbridge.ProgressReport - 1/1 source files have been analyzed
[INFO] Tests run: 2, Failures: 0, Errors: 0, Skipped: 0, Time elapsed: 0.008 s - in org.sonar.java.se.ProgramPointTest
[INFO] Running org.sonar.java.se.constraint.ConstraintTest
[INFO] Tests run: 2, Failures: 0, Errors: 0, Skipped: 0, Time elapsed: 0.004 s - in org.sonar.java.se.constraint.ConstraintTest
[INFO] Running org.sonar.java.MeasurerTest
08:53:00.112 INFO  org.sonar.java.JavaSquid - Java Main Files AST scan
08:53:00.112 INFO  org.sonar.squidbridge.ProgressReport - 1 source files to be analyzed
08:53:00.125 INFO  org.sonar.java.JavaSquid - Java Main Files AST scan (done) | time=13ms
08:53:00.125 INFO  org.sonar.java.JavaSquid - Java Test Files AST scan
08:53:00.125 INFO  org.sonar.squidbridge.ProgressReport - 0 source files to be analyzed
08:53:00.126 INFO  org.sonar.squidbridge.ProgressReport - 1/1 source files have been analyzed
08:53:00.126 INFO  org.sonar.java.JavaSquid - Java Test Files AST scan (done) | time=1ms
08:53:00.129 INFO  org.sonar.java.JavaSquid - Java Main Files AST scan
08:53:00.130 INFO  org.sonar.squidbridge.ProgressReport - 1 source files to be analyzed
08:53:00.130 INFO  org.sonar.squidbridge.ProgressReport - 0/0 source files have been analyzed
08:53:00.132 INFO  org.sonar.java.JavaSquid - Java Main Files AST scan (done) | time=3ms
08:53:00.132 INFO  org.sonar.java.JavaSquid - Java Test Files AST scan
08:53:00.132 INFO  org.sonar.squidbridge.ProgressReport - 0 source files to be analyzed
08:53:00.133 INFO  org.sonar.squidbridge.ProgressReport - 1/1 source files have been analyzed
08:53:00.133 INFO  org.sonar.java.JavaSquid - Java Test Files AST scan (done) | time=1ms
08:53:00.136 INFO  org.sonar.java.JavaSquid - Java Main Files AST scan
08:53:00.136 INFO  org.sonar.squidbridge.ProgressReport - 1 source files to be analyzed
08:53:00.136 INFO  org.sonar.squidbridge.ProgressReport - 0/0 source files have been analyzed
08:53:00.138 INFO  org.sonar.java.JavaSquid - Java Main Files AST scan (done) | time=2ms
08:53:00.138 INFO  org.sonar.java.JavaSquid - Java Test Files AST scan
08:53:00.138 INFO  org.sonar.squidbridge.ProgressReport - 0 source files to be analyzed
08:53:00.138 INFO  org.sonar.squidbridge.ProgressReport - 1/1 source files have been analyzed
08:53:00.138 INFO  org.sonar.java.JavaSquid - Java Test Files AST scan (done) | time=0ms
08:53:00.141 INFO  org.sonar.java.JavaSquid - Java Main Files AST scan
08:53:00.141 INFO  org.sonar.squidbridge.ProgressReport - 1 source files to be analyzed
08:53:00.141 INFO  org.sonar.squidbridge.ProgressReport - 0/0 source files have been analyzed
08:53:00.143 INFO  org.sonar.java.JavaSquid - Java Main Files AST scan (done) | time=2ms
08:53:00.143 INFO  org.sonar.java.JavaSquid - Java Test Files AST scan
08:53:00.143 INFO  org.sonar.squidbridge.ProgressReport - 0 source files to be analyzed
08:53:00.143 INFO  org.sonar.squidbridge.ProgressReport - 1/1 source files have been analyzed
08:53:00.143 INFO  org.sonar.java.JavaSquid - Java Test Files AST scan (done) | time=0ms
08:53:00.147 INFO  org.sonar.java.JavaSquid - Java Main Files AST scan
08:53:00.147 INFO  org.sonar.squidbridge.ProgressReport - 1 source files to be analyzed
08:53:00.147 INFO  org.sonar.squidbridge.ProgressReport - 0/0 source files have been analyzed
08:53:00.157 INFO  org.sonar.java.JavaSquid - Java Main Files AST scan (done) | time=10ms
08:53:00.157 INFO  org.sonar.java.JavaSquid - Java Test Files AST scan
08:53:00.158 INFO  org.sonar.squidbridge.ProgressReport - 0 source files to be analyzed
08:53:00.158 INFO  org.sonar.squidbridge.ProgressReport - 1/1 source files have been analyzed
08:53:00.158 INFO  org.sonar.java.JavaSquid - Java Test Files AST scan (done) | time=1ms
08:53:00.161 INFO  org.sonar.java.JavaSquid - Java Main Files AST scan
08:53:00.162 INFO  org.sonar.squidbridge.ProgressReport - 1 source files to be analyzed
08:53:00.162 INFO  org.sonar.squidbridge.ProgressReport - 0/0 source files have been analyzed
08:53:00.171 INFO  org.sonar.java.JavaSquid - Java Main Files AST scan (done) | time=10ms
08:53:00.171 INFO  org.sonar.java.JavaSquid - Java Test Files AST scan
08:53:00.171 INFO  org.sonar.squidbridge.ProgressReport - 0 source files to be analyzed
08:53:00.172 INFO  org.sonar.squidbridge.ProgressReport - 1/1 source files have been analyzed
08:53:00.172 INFO  org.sonar.java.JavaSquid - Java Test Files AST scan (done) | time=1ms
08:53:00.175 INFO  org.sonar.java.JavaSquid - Java Main Files AST scan
08:53:00.175 INFO  org.sonar.squidbridge.ProgressReport - 1 source files to be analyzed
08:53:00.176 INFO  org.sonar.squidbridge.ProgressReport - 0/0 source files have been analyzed
08:53:00.190 INFO  org.sonar.java.JavaSquid - Java Main Files AST scan (done) | time=15ms
08:53:00.191 INFO  org.sonar.java.JavaSquid - Java Test Files AST scan
08:53:00.190 INFO  org.sonar.squidbridge.ProgressReport - 1/1 source files have been analyzed
08:53:00.191 INFO  org.sonar.squidbridge.ProgressReport - 0 source files to be analyzed
08:53:00.191 INFO  org.sonar.java.JavaSquid - Java Test Files AST scan (done) | time=0ms
08:53:00.195 INFO  org.sonar.java.JavaSquid - Java Main Files AST scan
08:53:00.195 INFO  org.sonar.squidbridge.ProgressReport - 1 source files to be analyzed
08:53:00.195 INFO  org.sonar.squidbridge.ProgressReport - 0/0 source files have been analyzed
08:53:00.208 INFO  org.sonar.java.JavaSquid - Java Main Files AST scan (done) | time=13ms
08:53:00.209 INFO  org.sonar.java.JavaSquid - Java Test Files AST scan
08:53:00.209 INFO  org.sonar.squidbridge.ProgressReport - 1/1 source files have been analyzed
08:53:00.209 INFO  org.sonar.squidbridge.ProgressReport - 0 source files to be analyzed
08:53:00.209 INFO  org.sonar.java.JavaSquid - Java Test Files AST scan (done) | time=0ms
08:53:00.213 INFO  org.sonar.java.JavaSquid - Java Main Files AST scan
08:53:00.213 INFO  org.sonar.squidbridge.ProgressReport - 1 source files to be analyzed
08:53:00.213 INFO  org.sonar.squidbridge.ProgressReport - 0/0 source files have been analyzed
08:53:00.227 INFO  org.sonar.java.JavaSquid - Java Main Files AST scan (done) | time=14ms
08:53:00.227 INFO  org.sonar.java.JavaSquid - Java Test Files AST scan
08:53:00.227 INFO  org.sonar.squidbridge.ProgressReport - 1/1 source files have been analyzed
08:53:00.228 INFO  org.sonar.squidbridge.ProgressReport - 0 source files to be analyzed
08:53:00.228 INFO  org.sonar.java.JavaSquid - Java Test Files AST scan (done) | time=1ms
08:53:00.231 INFO  org.sonar.java.JavaSquid - Java Main Files AST scan
08:53:00.231 INFO  org.sonar.squidbridge.ProgressReport - 1 source files to be analyzed
08:53:00.232 INFO  org.sonar.squidbridge.ProgressReport - 0/0 source files have been analyzed
08:53:00.248 INFO  org.sonar.squidbridge.ProgressReport - 1/1 source files have been analyzed
08:53:00.248 INFO  org.sonar.java.JavaSquid - Java Main Files AST scan (done) | time=17ms
08:53:00.248 INFO  org.sonar.java.JavaSquid - Java Test Files AST scan
08:53:00.248 INFO  org.sonar.squidbridge.ProgressReport - 0 source files to be analyzed
08:53:00.249 INFO  org.sonar.java.JavaSquid - Java Test Files AST scan (done) | time=1ms
08:53:00.252 INFO  org.sonar.java.JavaSquid - Java Main Files AST scan
08:53:00.252 INFO  org.sonar.squidbridge.ProgressReport - 1 source files to be analyzed
08:53:00.252 INFO  org.sonar.squidbridge.ProgressReport - 0/0 source files have been analyzed
08:53:00.265 INFO  org.sonar.java.JavaSquid - Java Main Files AST scan (done) | time=13ms
08:53:00.265 INFO  org.sonar.java.JavaSquid - Java Test Files AST scan
08:53:00.266 INFO  org.sonar.squidbridge.ProgressReport - 1/1 source files have been analyzed
08:53:00.266 INFO  org.sonar.squidbridge.ProgressReport - 0 source files to be analyzed
08:53:00.266 INFO  org.sonar.java.JavaSquid - Java Test Files AST scan (done) | time=1ms
[INFO] Tests run: 9, Failures: 0, Errors: 0, Skipped: 0, Time elapsed: 0.161 s - in org.sonar.java.MeasurerTest
[INFO] Running org.sonar.java.JavaFilesCacheTest
08:53:00.269 INFO  org.sonar.squidbridge.ProgressReport - 1 source files to be analyzed
08:53:00.272 INFO  org.sonar.squidbridge.ProgressReport - 0/0 source files have been analyzed
[INFO] Tests run: 1, Failures: 0, Errors: 0, Skipped: 0, Time elapsed: 0.012 s - in org.sonar.java.JavaFilesCacheTest
[INFO] Running org.sonar.java.bytecode.loader.SquidClassLoaderTest
08:53:00.289 INFO  org.sonar.squidbridge.ProgressReport - 1/1 source files have been analyzed
[INFO] Tests run: 12, Failures: 0, Errors: 0, Skipped: 0, Time elapsed: 0.026 s - in org.sonar.java.bytecode.loader.SquidClassLoaderTest
[INFO] Running org.sonar.java.ast.parser.grammar.literals.KeywordTest
[INFO] Tests run: 1, Failures: 0, Errors: 0, Skipped: 0, Time elapsed: 0.004 s - in org.sonar.java.ast.parser.grammar.literals.KeywordTest
[INFO] Running org.sonar.java.resolve.MethodJavaTypeTest
[INFO] Tests run: 4, Failures: 0, Errors: 0, Skipped: 0, Time elapsed: 0.003 s - in org.sonar.java.resolve.MethodJavaTypeTest
[INFO] Running org.sonar.java.xml.maven.PomParserTest
08:53:00.471 ERROR org.sonar.java.xml.maven.PomParser - Unable to parse pom file src/test/files/xml/maven/parse-issue/pom.xml
javax.xml.bind.UnmarshalException: null
	at com.sun.xml.bind.v2.runtime.unmarshaller.UnmarshallerImpl.handleStreamException(UnmarshallerImpl.java:485) ~[jaxb-runtime-2.3.0.jar:2.3.0]
	at com.sun.xml.bind.v2.runtime.unmarshaller.UnmarshallerImpl.unmarshal0(UnmarshallerImpl.java:417) ~[jaxb-runtime-2.3.0.jar:2.3.0]
	at com.sun.xml.bind.v2.runtime.unmarshaller.UnmarshallerImpl.unmarshal(UnmarshallerImpl.java:394) ~[jaxb-runtime-2.3.0.jar:2.3.0]
	at org.sonar.java.xml.maven.PomParser.parseXML(PomParser.java:63) ~[classes/:na]
	at org.sonar.java.xml.maven.PomParserTest.should_fail_parsing(PomParserTest.java:76) [test-classes/:na]
	at sun.reflect.NativeMethodAccessorImpl.invoke0(Native Method) ~[na:1.8.0_151]
	at sun.reflect.NativeMethodAccessorImpl.invoke(NativeMethodAccessorImpl.java:62) ~[na:1.8.0_151]
	at sun.reflect.DelegatingMethodAccessorImpl.invoke(DelegatingMethodAccessorImpl.java:43) ~[na:1.8.0_151]
	at java.lang.reflect.Method.invoke(Method.java:498) ~[na:1.8.0_151]
	at org.junit.runners.model.FrameworkMethod$1.runReflectiveCall(FrameworkMethod.java:50) [junit-4.12.jar:4.12]
	at org.junit.internal.runners.model.ReflectiveCallable.run(ReflectiveCallable.java:12) [junit-4.12.jar:4.12]
	at org.junit.runners.model.FrameworkMethod.invokeExplosively(FrameworkMethod.java:47) [junit-4.12.jar:4.12]
	at org.junit.internal.runners.statements.InvokeMethod.evaluate(InvokeMethod.java:17) [junit-4.12.jar:4.12]
	at org.junit.runners.ParentRunner.runLeaf(ParentRunner.java:325) [junit-4.12.jar:4.12]
	at org.junit.runners.BlockJUnit4ClassRunner.runChild(BlockJUnit4ClassRunner.java:78) [junit-4.12.jar:4.12]
	at org.junit.runners.BlockJUnit4ClassRunner.runChild(BlockJUnit4ClassRunner.java:57) [junit-4.12.jar:4.12]
	at org.junit.runners.ParentRunner$3.run(ParentRunner.java:290) [junit-4.12.jar:4.12]
	at org.junit.runners.ParentRunner$1.schedule(ParentRunner.java:71) [junit-4.12.jar:4.12]
	at org.junit.runners.ParentRunner.runChildren(ParentRunner.java:288) [junit-4.12.jar:4.12]
	at org.junit.runners.ParentRunner.access$000(ParentRunner.java:58) [junit-4.12.jar:4.12]
	at org.junit.runners.ParentRunner$2.evaluate(ParentRunner.java:268) [junit-4.12.jar:4.12]
	at org.junit.runners.ParentRunner.run(ParentRunner.java:363) [junit-4.12.jar:4.12]
	at org.apache.maven.surefire.junit4.JUnit4Provider.execute(JUnit4Provider.java:369) [surefire-junit4-2.20.1.jar:2.20.1]
	at org.apache.maven.surefire.junit4.JUnit4Provider.executeWithRerun(JUnit4Provider.java:275) [surefire-junit4-2.20.1.jar:2.20.1]
	at org.apache.maven.surefire.junit4.JUnit4Provider.executeTestSet(JUnit4Provider.java:239) [surefire-junit4-2.20.1.jar:2.20.1]
	at org.apache.maven.surefire.junit4.JUnit4Provider.invoke(JUnit4Provider.java:160) [surefire-junit4-2.20.1.jar:2.20.1]
	at org.apache.maven.surefire.booter.ForkedBooter.invokeProviderInSameClassLoader(ForkedBooter.java:373) [surefire-booter-2.20.1.jar:2.20.1]
	at org.apache.maven.surefire.booter.ForkedBooter.runSuitesInProcess(ForkedBooter.java:334) [surefire-booter-2.20.1.jar:2.20.1]
	at org.apache.maven.surefire.booter.ForkedBooter.execute(ForkedBooter.java:119) [surefire-booter-2.20.1.jar:2.20.1]
	at org.apache.maven.surefire.booter.ForkedBooter.main(ForkedBooter.java:407) [surefire-booter-2.20.1.jar:2.20.1]
Caused by: com.ctc.wstx.exc.WstxParsingException: Unexpected close tag </build>; expected </dependency>.
 at [row,col {unknown-source}]: [27,9]
	at com.ctc.wstx.sr.StreamScanner.constructWfcException(StreamScanner.java:614) ~[woodstox-core-lgpl-4.4.0.jar:4.4.0]
	at com.ctc.wstx.sr.StreamScanner.throwParseError(StreamScanner.java:487) ~[woodstox-core-lgpl-4.4.0.jar:4.4.0]
	at com.ctc.wstx.sr.StreamScanner.throwParseError(StreamScanner.java:472) ~[woodstox-core-lgpl-4.4.0.jar:4.4.0]
	at com.ctc.wstx.sr.BasicStreamReader.reportWrongEndElem(BasicStreamReader.java:3285) ~[woodstox-core-lgpl-4.4.0.jar:4.4.0]
	at com.ctc.wstx.sr.BasicStreamReader.readEndElem(BasicStreamReader.java:3212) ~[woodstox-core-lgpl-4.4.0.jar:4.4.0]
	at com.ctc.wstx.sr.BasicStreamReader.nextFromTree(BasicStreamReader.java:2831) ~[woodstox-core-lgpl-4.4.0.jar:4.4.0]
	at com.ctc.wstx.sr.BasicStreamReader.next(BasicStreamReader.java:1073) ~[woodstox-core-lgpl-4.4.0.jar:4.4.0]
	at com.sun.xml.bind.v2.runtime.unmarshaller.StAXStreamConnector.bridge(StAXStreamConnector.java:196) ~[jaxb-runtime-2.3.0.jar:2.3.0]
	at com.sun.xml.bind.v2.runtime.unmarshaller.UnmarshallerImpl.unmarshal0(UnmarshallerImpl.java:415) ~[jaxb-runtime-2.3.0.jar:2.3.0]
	... 28 common frames omitted
08:53:00.984 ERROR org.sonar.java.xml.maven.PomParser - Unable to parse pom file .
java.io.FileNotFoundException: . (Is a directory)
	at java.io.FileInputStream.open0(Native Method) ~[na:1.8.0_151]
	at java.io.FileInputStream.open(FileInputStream.java:195) ~[na:1.8.0_151]
	at java.io.FileInputStream.<init>(FileInputStream.java:138) ~[na:1.8.0_151]
	at org.sonar.java.xml.maven.PomParser.parseXML(PomParser.java:52) ~[classes/:na]
	at org.sonar.java.xml.maven.PomParserTest.should_not_parse(PomParserTest.java:82) [test-classes/:na]
	at sun.reflect.NativeMethodAccessorImpl.invoke0(Native Method) ~[na:1.8.0_151]
	at sun.reflect.NativeMethodAccessorImpl.invoke(NativeMethodAccessorImpl.java:62) ~[na:1.8.0_151]
	at sun.reflect.DelegatingMethodAccessorImpl.invoke(DelegatingMethodAccessorImpl.java:43) ~[na:1.8.0_151]
	at java.lang.reflect.Method.invoke(Method.java:498) ~[na:1.8.0_151]
	at org.junit.runners.model.FrameworkMethod$1.runReflectiveCall(FrameworkMethod.java:50) [junit-4.12.jar:4.12]
	at org.junit.internal.runners.model.ReflectiveCallable.run(ReflectiveCallable.java:12) [junit-4.12.jar:4.12]
	at org.junit.runners.model.FrameworkMethod.invokeExplosively(FrameworkMethod.java:47) [junit-4.12.jar:4.12]
	at org.junit.internal.runners.statements.InvokeMethod.evaluate(InvokeMethod.java:17) [junit-4.12.jar:4.12]
	at org.junit.runners.ParentRunner.runLeaf(ParentRunner.java:325) [junit-4.12.jar:4.12]
	at org.junit.runners.BlockJUnit4ClassRunner.runChild(BlockJUnit4ClassRunner.java:78) [junit-4.12.jar:4.12]
	at org.junit.runners.BlockJUnit4ClassRunner.runChild(BlockJUnit4ClassRunner.java:57) [junit-4.12.jar:4.12]
	at org.junit.runners.ParentRunner$3.run(ParentRunner.java:290) [junit-4.12.jar:4.12]
	at org.junit.runners.ParentRunner$1.schedule(ParentRunner.java:71) [junit-4.12.jar:4.12]
	at org.junit.runners.ParentRunner.runChildren(ParentRunner.java:288) [junit-4.12.jar:4.12]
	at org.junit.runners.ParentRunner.access$000(ParentRunner.java:58) [junit-4.12.jar:4.12]
	at org.junit.runners.ParentRunner$2.evaluate(ParentRunner.java:268) [junit-4.12.jar:4.12]
	at org.junit.runners.ParentRunner.run(ParentRunner.java:363) [junit-4.12.jar:4.12]
	at org.apache.maven.surefire.junit4.JUnit4Provider.execute(JUnit4Provider.java:369) [surefire-junit4-2.20.1.jar:2.20.1]
	at org.apache.maven.surefire.junit4.JUnit4Provider.executeWithRerun(JUnit4Provider.java:275) [surefire-junit4-2.20.1.jar:2.20.1]
	at org.apache.maven.surefire.junit4.JUnit4Provider.executeTestSet(JUnit4Provider.java:239) [surefire-junit4-2.20.1.jar:2.20.1]
	at org.apache.maven.surefire.junit4.JUnit4Provider.invoke(JUnit4Provider.java:160) [surefire-junit4-2.20.1.jar:2.20.1]
	at org.apache.maven.surefire.booter.ForkedBooter.invokeProviderInSameClassLoader(ForkedBooter.java:373) [surefire-booter-2.20.1.jar:2.20.1]
	at org.apache.maven.surefire.booter.ForkedBooter.runSuitesInProcess(ForkedBooter.java:334) [surefire-booter-2.20.1.jar:2.20.1]
	at org.apache.maven.surefire.booter.ForkedBooter.execute(ForkedBooter.java:119) [surefire-booter-2.20.1.jar:2.20.1]
	at org.apache.maven.surefire.booter.ForkedBooter.main(ForkedBooter.java:407) [surefire-booter-2.20.1.jar:2.20.1]
[INFO] Tests run: 9, Failures: 0, Errors: 0, Skipped: 0, Time elapsed: 0.775 s - in org.sonar.java.xml.maven.PomParserTest
[INFO] Running org.sonar.java.se.xproc.ExceptionalCheckBasedYieldTest
[INFO] Tests run: 5, Failures: 0, Errors: 0, Skipped: 0, Time elapsed: 0.022 s - in org.sonar.java.se.xproc.ExceptionalCheckBasedYieldTest
[INFO] Running org.sonar.java.ast.parser.JavaParserTest
[INFO] Tests run: 2, Failures: 0, Errors: 0, Skipped: 0, Time elapsed: 0.005 s - in org.sonar.java.ast.parser.JavaParserTest
[INFO] Running org.sonar.java.se.checks.ConditionAlwaysTrueOrFalseCheckTest
08:53:01.147 INFO  org.sonar.squidbridge.ProgressReport - 1 source files to be analyzed
08:53:01.209 INFO  org.sonar.squidbridge.ProgressReport - 1/1 source files have been analyzed
08:53:01.214 INFO  org.sonar.squidbridge.ProgressReport - 1 source files to be analyzed
08:53:01.234 INFO  org.sonar.squidbridge.ProgressReport - 1/1 source files have been analyzed
08:53:01.239 INFO  org.sonar.squidbridge.ProgressReport - 1 source files to be analyzed
08:53:01.265 INFO  org.sonar.squidbridge.ProgressReport - 1 source files to be analyzed
08:53:01.267 INFO  org.sonar.squidbridge.ProgressReport - 1/1 source files have been analyzed
08:53:01.282 INFO  org.sonar.squidbridge.ProgressReport - 1/1 source files have been analyzed
08:53:01.287 INFO  org.sonar.squidbridge.ProgressReport - 1 source files to be analyzed
08:53:01.415 INFO  org.sonar.squidbridge.ProgressReport - 1/1 source files have been analyzed
08:53:01.421 INFO  org.sonar.squidbridge.ProgressReport - 1 source files to be analyzed
08:53:01.435 INFO  org.sonar.squidbridge.ProgressReport - 1 source files to be analyzed
08:53:01.437 INFO  org.sonar.squidbridge.ProgressReport - 1/1 source files have been analyzed
08:53:02.494 INFO  org.sonar.squidbridge.ProgressReport - 1/1 source files have been analyzed
08:53:02.501 INFO  org.sonar.squidbridge.ProgressReport - 1 source files to be analyzed
08:53:02.514 INFO  org.sonar.squidbridge.ProgressReport - 1/1 source files have been analyzed
08:53:02.517 INFO  org.sonar.squidbridge.ProgressReport - 1 source files to be analyzed
08:53:02.531 INFO  org.sonar.squidbridge.ProgressReport - 1 source files to be analyzed
08:53:02.533 INFO  org.sonar.squidbridge.ProgressReport - 1/1 source files have been analyzed
08:53:02.550 INFO  org.sonar.squidbridge.ProgressReport - 1/1 source files have been analyzed
[INFO] Tests run: 10, Failures: 0, Errors: 0, Skipped: 0, Time elapsed: 1.41 s - in org.sonar.java.se.checks.ConditionAlwaysTrueOrFalseCheckTest
[INFO] Running org.sonar.java.ast.parser.grammar.literals.LiteralTest
[INFO] Tests run: 1, Failures: 0, Errors: 0, Skipped: 0, Time elapsed: 0.006 s - in org.sonar.java.ast.parser.grammar.literals.LiteralTest
[INFO] Running org.sonar.java.resolve.LeastUpperBoundTest
[INFO] Tests run: 19, Failures: 0, Errors: 0, Skipped: 0, Time elapsed: 0.155 s - in org.sonar.java.resolve.LeastUpperBoundTest
[INFO] Running org.sonar.java.se.SymbolicValueFactoryTest
[INFO] Tests run: 1, Failures: 0, Errors: 0, Skipped: 0, Time elapsed: 0.003 s - in org.sonar.java.se.SymbolicValueFactoryTest
[INFO] Running org.sonar.java.resolve.JavaTypeTest
08:53:02.755 INFO  org.sonar.squidbridge.ProgressReport - 1 source files to be analyzed
[INFO] Tests run: 14, Failures: 0, Errors: 0, Skipped: 0, Time elapsed: 0.038 s - in org.sonar.java.resolve.JavaTypeTest
[INFO] Running org.sonar.java.resolve.ScopeTest
[INFO] Tests run: 5, Failures: 0, Errors: 0, Skipped: 0, Time elapsed: 0.002 s - in org.sonar.java.resolve.ScopeTest
[INFO] Running org.sonar.java.ast.parser.grammar.literals.IntegerLiteralTest
08:53:02.769 INFO  org.sonar.squidbridge.ProgressReport - 1/1 source files have been analyzed
[INFO] Tests run: 2, Failures: 0, Errors: 0, Skipped: 0, Time elapsed: 0.018 s - in org.sonar.java.ast.parser.grammar.literals.IntegerLiteralTest
[INFO] Running org.sonar.java.ast.parser.grammar.parameters.VariableDeclaratorIdTest
[INFO] Tests run: 1, Failures: 0, Errors: 0, Skipped: 0, Time elapsed: 0.004 s - in org.sonar.java.ast.parser.grammar.parameters.VariableDeclaratorIdTest
[INFO] Running org.sonar.java.ast.visitors.AccessorsUtilsTest
[INFO] Tests run: 15, Failures: 0, Errors: 0, Skipped: 0, Time elapsed: 0.051 s - in org.sonar.java.ast.visitors.AccessorsUtilsTest
[INFO] Running org.sonar.java.se.constraint.ConstraintManagerTest
[INFO] Tests run: 17, Failures: 0, Errors: 0, Skipped: 0, Time elapsed: 0.022 s - in org.sonar.java.se.constraint.ConstraintManagerTest
[INFO] Running org.sonar.java.ast.parser.grammar.moduledirectives.RequiresDirectiveTest
[INFO] Tests run: 3, Failures: 0, Errors: 0, Skipped: 0, Time elapsed: 0.016 s - in org.sonar.java.ast.parser.grammar.moduledirectives.RequiresDirectiveTest
[INFO] Running org.sonar.java.ast.parser.grammar.statements.WhileStatementTest
[INFO] Tests run: 1, Failures: 0, Errors: 0, Skipped: 0, Time elapsed: 0.003 s - in org.sonar.java.ast.parser.grammar.statements.WhileStatementTest
[INFO] Running org.sonar.java.resolve.SafetyNetTest
[INFO] Tests run: 1, Failures: 0, Errors: 0, Skipped: 0, Time elapsed: 14.648 s - in org.sonar.java.resolve.SafetyNetTest
[INFO] Running org.sonar.java.ast.parser.grammar.types.TypeParametersTest
[INFO] Tests run: 1, Failures: 0, Errors: 0, Skipped: 0, Time elapsed: 0.003 s - in org.sonar.java.ast.parser.grammar.types.TypeParametersTest
[INFO] Running org.sonar.java.bytecode.loader.AarLoaderTest
[INFO] Tests run: 6, Failures: 0, Errors: 0, Skipped: 0, Time elapsed: 0.007 s - in org.sonar.java.bytecode.loader.AarLoaderTest
[INFO] Running org.sonar.java.ast.parser.grammar.literals.FloatLiteralTest
[INFO] Tests run: 2, Failures: 0, Errors: 0, Skipped: 0, Time elapsed: 0.03 s - in org.sonar.java.ast.parser.grammar.literals.FloatLiteralTest
[INFO] Running org.sonar.java.ast.parser.grammar.CornerCasesTest
[INFO] Tests run: 1, Failures: 0, Errors: 0, Skipped: 0, Time elapsed: 0.027 s - in org.sonar.java.ast.parser.grammar.CornerCasesTest
[INFO] Running org.sonar.java.ast.parser.grammar.statements.LocalVariableDeclarationStatementTest
[INFO] Tests run: 1, Failures: 0, Errors: 0, Skipped: 0, Time elapsed: 0.002 s - in org.sonar.java.ast.parser.grammar.statements.LocalVariableDeclarationStatementTest
[INFO] Running org.sonar.java.resolve.SymbolsTest
[INFO] Tests run: 4, Failures: 0, Errors: 0, Skipped: 0, Time elapsed: 0.004 s - in org.sonar.java.resolve.SymbolsTest
[INFO] Running org.sonar.java.bytecode.cfg.InstructionsTest
[INFO] Tests run: 1, Failures: 0, Errors: 0, Skipped: 0, Time elapsed: 0.001 s - in org.sonar.java.bytecode.cfg.InstructionsTest
[INFO] Running org.sonar.java.model.SyntacticEquivalenceTest
[INFO] Tests run: 5, Failures: 0, Errors: 0, Skipped: 0, Time elapsed: 0.013 s - in org.sonar.java.model.SyntacticEquivalenceTest
[INFO] Running org.sonar.java.xml.XmlParserTest
08:53:17.696 ERROR org.sonar.java.xml.XmlParser - Unable to parse xml file: src/test/files/xml/parsing-issue.xml
08:53:17.700 DEBUG org.sonar.java.xml.XmlParser - XML file parsing failed because of : org.xml.sax.SAXParseException; systemId: file:/home/travis/build/SonarSource/sonar-java/java-frontend/src/test/files/xml/parsing-issue.xml; lineNumber: 2; columnNumber: 1; XML document structures must start and end within the same entity.
	at com.sun.org.apache.xerces.internal.util.ErrorHandlerWrapper.createSAXParseException(ErrorHandlerWrapper.java:203)
	at com.sun.org.apache.xerces.internal.util.ErrorHandlerWrapper.fatalError(ErrorHandlerWrapper.java:177)
	at com.sun.org.apache.xerces.internal.impl.XMLErrorReporter.reportError(XMLErrorReporter.java:400)
	at com.sun.org.apache.xerces.internal.impl.XMLErrorReporter.reportError(XMLErrorReporter.java:327)
	at com.sun.org.apache.xerces.internal.impl.XMLScanner.reportFatalError(XMLScanner.java:1472)
	at com.sun.org.apache.xerces.internal.impl.XMLDocumentFragmentScannerImpl.endEntity(XMLDocumentFragmentScannerImpl.java:899)
	at com.sun.org.apache.xerces.internal.impl.XMLDocumentScannerImpl.endEntity(XMLDocumentScannerImpl.java:559)
	at com.sun.org.apache.xerces.internal.impl.XMLEntityManager.endEntity(XMLEntityManager.java:1398)
	at com.sun.org.apache.xerces.internal.impl.XMLEntityScanner.load(XMLEntityScanner.java:1916)
	at com.sun.org.apache.xerces.internal.impl.XMLEntityScanner.skipChar(XMLEntityScanner.java:1551)
	at com.sun.org.apache.xerces.internal.impl.XMLDocumentFragmentScannerImpl$FragmentContentDriver.next(XMLDocumentFragmentScannerImpl.java:2821)
	at com.sun.org.apache.xerces.internal.impl.XMLDocumentScannerImpl.next(XMLDocumentScannerImpl.java:602)
	at com.sun.org.apache.xerces.internal.impl.XMLDocumentFragmentScannerImpl.scanDocument(XMLDocumentFragmentScannerImpl.java:505)
	at com.sun.org.apache.xerces.internal.parsers.XML11Configuration.parse(XML11Configuration.java:841)
	at com.sun.org.apache.xerces.internal.parsers.XML11Configuration.parse(XML11Configuration.java:770)
	at com.sun.org.apache.xerces.internal.parsers.XMLParser.parse(XMLParser.java:141)
	at com.sun.org.apache.xerces.internal.parsers.AbstractSAXParser.parse(AbstractSAXParser.java:1213)
	at com.sun.org.apache.xerces.internal.jaxp.SAXParserImpl$JAXPSAXParser.parse(SAXParserImpl.java:643)
	at com.sun.org.apache.xerces.internal.jaxp.SAXParserImpl.parse(SAXParserImpl.java:327)
	at javax.xml.parsers.SAXParser.parse(SAXParser.java:328)
	at org.sonar.java.xml.XmlParser.parseXML(XmlParser.java:64)
	at org.sonar.java.xml.XmlParserTest.should_return_null_when_encountering_parsing_issue(XmlParserTest.java:69)
	at sun.reflect.NativeMethodAccessorImpl.invoke0(Native Method)
	at sun.reflect.NativeMethodAccessorImpl.invoke(NativeMethodAccessorImpl.java:62)
	at sun.reflect.DelegatingMethodAccessorImpl.invoke(DelegatingMethodAccessorImpl.java:43)
	at java.lang.reflect.Method.invoke(Method.java:498)
	at org.junit.runners.model.FrameworkMethod$1.runReflectiveCall(FrameworkMethod.java:50)
	at org.junit.internal.runners.model.ReflectiveCallable.run(ReflectiveCallable.java:12)
	at org.junit.runners.model.FrameworkMethod.invokeExplosively(FrameworkMethod.java:47)
	at org.junit.internal.runners.statements.InvokeMethod.evaluate(InvokeMethod.java:17)
	at org.junit.internal.runners.statements.RunBefores.evaluate(RunBefores.java:26)
	at org.junit.rules.ExternalResource$1.evaluate(ExternalResource.java:48)
	at org.junit.rules.RunRules.evaluate(RunRules.java:20)
	at org.junit.runners.ParentRunner.runLeaf(ParentRunner.java:325)
	at org.junit.runners.BlockJUnit4ClassRunner.runChild(BlockJUnit4ClassRunner.java:78)
	at org.junit.runners.BlockJUnit4ClassRunner.runChild(BlockJUnit4ClassRunner.java:57)
	at org.junit.runners.ParentRunner$3.run(ParentRunner.java:290)
	at org.junit.runners.ParentRunner$1.schedule(ParentRunner.java:71)
	at org.junit.runners.ParentRunner.runChildren(ParentRunner.java:288)
	at org.junit.runners.ParentRunner.access$000(ParentRunner.java:58)
	at org.junit.runners.ParentRunner$2.evaluate(ParentRunner.java:268)
	at org.junit.runners.ParentRunner.run(ParentRunner.java:363)
	at org.apache.maven.surefire.junit4.JUnit4Provider.execute(JUnit4Provider.java:369)
	at org.apache.maven.surefire.junit4.JUnit4Provider.executeWithRerun(JUnit4Provider.java:275)
	at org.apache.maven.surefire.junit4.JUnit4Provider.executeTestSet(JUnit4Provider.java:239)
	at org.apache.maven.surefire.junit4.JUnit4Provider.invoke(JUnit4Provider.java:160)
	at org.apache.maven.surefire.booter.ForkedBooter.invokeProviderInSameClassLoader(ForkedBooter.java:373)
	at org.apache.maven.surefire.booter.ForkedBooter.runSuitesInProcess(ForkedBooter.java:334)
	at org.apache.maven.surefire.booter.ForkedBooter.execute(ForkedBooter.java:119)
	at org.apache.maven.surefire.booter.ForkedBooter.main(ForkedBooter.java:407)

08:53:17.733 ERROR org.sonar.java.xml.XmlParser - Unable to parse xml file: src/test/files/xml/parsing-issue.xml
08:53:17.742 WARN  org.sonar.java.xml.XmlParser - File src/test/files/xml/empty.xml is empty and won't be analyzed.
[INFO] Tests run: 8, Failures: 0, Errors: 0, Skipped: 0, Time elapsed: 0.074 s - in org.sonar.java.xml.XmlParserTest
[INFO] Running org.sonar.java.ast.parser.grammar.literals.StringLiteralTest
[INFO] Tests run: 2, Failures: 0, Errors: 0, Skipped: 0, Time elapsed: 0.004 s - in org.sonar.java.ast.parser.grammar.literals.StringLiteralTest
[INFO] Running org.sonar.java.JavaTestClasspathTest
08:53:17.751 INFO  org.sonar.java.JavaTestClasspath - JavaTestClasspath initialization
08:53:17.752 WARN  org.sonar.java.JavaTestClasspath - Bytecode of dependencies was not provided for analysis of test files, you might end up with less precise results. Bytecode can be provided using sonar.java.test.libraries property
08:53:17.752 INFO  org.sonar.java.JavaTestClasspath - JavaTestClasspath initialization (done) | time=1ms
08:53:17.752 INFO  org.sonar.java.JavaTestClasspath - JavaTestClasspath initialization
08:53:17.759 INFO  org.sonar.java.JavaTestClasspath - JavaTestClasspath initialization (done) | time=7ms
08:53:17.760 INFO  org.sonar.java.JavaTestClasspath - JavaTestClasspath initialization
08:53:17.762 ERROR org.sonar.java.AbstractJavaClasspath - Invalid value for sonar.java.test.libraries
08:53:17.762 INFO  org.sonar.java.JavaTestClasspath - JavaTestClasspath initialization
08:53:17.762 INFO  org.sonar.java.JavaTestClasspath - JavaTestClasspath initialization (done) | time=0ms
[INFO] Tests run: 5, Failures: 0, Errors: 0, Skipped: 0, Time elapsed: 0.013 s - in org.sonar.java.JavaTestClasspathTest
[INFO] Running org.sonar.java.ast.parser.grammar.statements.VariableDeclaratorsTest
[INFO] Tests run: 1, Failures: 0, Errors: 0, Skipped: 0, Time elapsed: 0.004 s - in org.sonar.java.ast.parser.grammar.statements.VariableDeclaratorsTest
[INFO] Running org.sonar.java.se.constraint.TypedConstraintTest
[INFO] Tests run: 1, Failures: 0, Errors: 0, Skipped: 0, Time elapsed: 0.001 s - in org.sonar.java.se.constraint.TypedConstraintTest
[INFO] Running org.sonar.java.ast.parser.grammar.moduledirectives.ExportsDirectiveTest
[INFO] Tests run: 1, Failures: 0, Errors: 0, Skipped: 0, Time elapsed: 0.003 s - in org.sonar.java.ast.parser.grammar.moduledirectives.ExportsDirectiveTest
[INFO] Running org.sonar.java.ast.api.JavaPunctuatorTest
[INFO] Tests run: 1, Failures: 0, Errors: 0, Skipped: 0, Time elapsed: 0.001 s - in org.sonar.java.ast.api.JavaPunctuatorTest
[INFO] Running org.sonar.java.ast.parser.grammar.statements.ForStatementTest
[INFO] Tests run: 1, Failures: 0, Errors: 0, Skipped: 0, Time elapsed: 0.003 s - in org.sonar.java.ast.parser.grammar.statements.ForStatementTest
[INFO] Running org.sonar.java.ast.parser.grammar.types.TypeArgumentsTest
[INFO] Tests run: 1, Failures: 0, Errors: 0, Skipped: 0, Time elapsed: 0.002 s - in org.sonar.java.ast.parser.grammar.types.TypeArgumentsTest
[INFO] Running org.sonar.java.ast.parser.grammar.classes.MemberDeclTest
[INFO] Tests run: 1, Failures: 0, Errors: 0, Skipped: 0, Time elapsed: 0.003 s - in org.sonar.java.ast.parser.grammar.classes.MemberDeclTest
[INFO] Running org.sonar.java.ast.parser.grammar.statements.ReturnStatementTest
[INFO] Tests run: 1, Failures: 0, Errors: 0, Skipped: 0, Time elapsed: 0.002 s - in org.sonar.java.ast.parser.grammar.statements.ReturnStatementTest
[INFO] Running org.sonar.java.se.checks.MapComputeIfAbsentOrPresentCheckTest
08:53:17.796 INFO  org.sonar.squidbridge.ProgressReport - 1 source files to be analyzed
08:53:17.857 INFO  org.sonar.squidbridge.ProgressReport - 1/1 source files have been analyzed
[INFO] Tests run: 1, Failures: 0, Errors: 0, Skipped: 0, Time elapsed: 0.065 s - in org.sonar.java.se.checks.MapComputeIfAbsentOrPresentCheckTest
[INFO] Running org.sonar.java.JavaVersionAwareVisitorTest
08:53:17.863 INFO  org.sonar.java.JavaSquid - Java Main Files AST scan
08:53:17.863 INFO  org.sonar.squidbridge.ProgressReport - 1 source files to be analyzed
08:53:17.865 INFO  org.sonar.java.JavaSquid - Java Main Files AST scan (done) | time=2ms
08:53:17.865 INFO  org.sonar.java.JavaSquid - Java Test Files AST scan
08:53:17.865 INFO  org.sonar.squidbridge.ProgressReport - 0 source files to be analyzed
08:53:17.865 INFO  org.sonar.squidbridge.ProgressReport - 1/1 source files have been analyzed
08:53:17.865 INFO  org.sonar.java.JavaSquid - Java Test Files AST scan (done) | time=0ms
08:53:17.867 INFO  org.sonar.java.JavaSquid - Java Main Files AST scan
08:53:17.868 INFO  org.sonar.squidbridge.ProgressReport - 1 source files to be analyzed
08:53:17.868 INFO  org.sonar.squidbridge.ProgressReport - 0/0 source files have been analyzed
08:53:17.883 INFO  org.sonar.java.JavaSquid - Java Main Files AST scan (done) | time=16ms
08:53:17.884 INFO  org.sonar.java.JavaSquid - Java Test Files AST scan
08:53:17.884 INFO  org.sonar.squidbridge.ProgressReport - 0 source files to be analyzed
08:53:17.884 INFO  org.sonar.java.JavaSquid - Java Test Files AST scan (done) | time=0ms
08:53:17.887 INFO  org.sonar.java.JavaSquid - Java Main Files AST scan
08:53:17.887 INFO  org.sonar.squidbridge.ProgressReport - 1 source files to be analyzed
08:53:17.890 INFO  org.sonar.squidbridge.ProgressReport - 1/1 source files have been analyzed
08:53:17.896 INFO  org.sonar.java.JavaSquid - Java Main Files AST scan (done) | time=9ms
08:53:17.896 INFO  org.sonar.squidbridge.ProgressReport - 1/1 source files have been analyzed
08:53:17.896 INFO  org.sonar.java.JavaSquid - Java Test Files AST scan
08:53:17.896 INFO  org.sonar.squidbridge.ProgressReport - 0 source files to be analyzed
08:53:17.902 INFO  org.sonar.squidbridge.ProgressReport - 0/0 source files have been analyzed
08:53:17.902 INFO  org.sonar.java.JavaSquid - Java Test Files AST scan (done) | time=6ms
08:53:17.904 INFO  org.sonar.java.JavaSquid - Java Main Files AST scan
08:53:17.904 INFO  org.sonar.squidbridge.ProgressReport - 1 source files to be analyzed
08:53:17.905 INFO  org.sonar.squidbridge.ProgressReport - 0/0 source files have been analyzed
08:53:17.906 INFO  org.sonar.java.JavaSquid - Java Main Files AST scan (done) | time=2ms
08:53:17.907 INFO  org.sonar.java.JavaSquid - Java Test Files AST scan
08:53:17.907 INFO  org.sonar.squidbridge.ProgressReport - 0 source files to be analyzed
08:53:17.907 INFO  org.sonar.squidbridge.ProgressReport - 1/1 source files have been analyzed
08:53:17.918 INFO  org.sonar.java.JavaSquid - Java Test Files AST scan (done) | time=11ms
08:53:17.921 INFO  org.sonar.java.JavaSquid - Java Main Files AST scan
08:53:17.921 INFO  org.sonar.squidbridge.ProgressReport - 1 source files to be analyzed
08:53:17.921 INFO  org.sonar.squidbridge.ProgressReport - 0/0 source files have been analyzed
08:53:17.927 INFO  org.sonar.java.JavaSquid - Java Main Files AST scan (done) | time=6ms
08:53:17.927 INFO  org.sonar.java.JavaSquid - Java Test Files AST scan
08:53:17.927 INFO  org.sonar.squidbridge.ProgressReport - 0 source files to be analyzed
08:53:17.928 INFO  org.sonar.squidbridge.ProgressReport - 1/1 source files have been analyzed
08:53:17.938 INFO  org.sonar.java.JavaSquid - Java Test Files AST scan (done) | time=11ms
[INFO] Tests run: 4, Failures: 0, Errors: 0, Skipped: 0, Time elapsed: 0.087 s - in org.sonar.java.JavaVersionAwareVisitorTest
[INFO] Running org.sonar.java.model.declaration.ExportsDirectiveTreeImplTest
[INFO] Tests run: 3, Failures: 0, Errors: 0, Skipped: 0, Time elapsed: 0.004 s - in org.sonar.java.model.declaration.ExportsDirectiveTreeImplTest
[INFO] Running org.sonar.java.ast.parser.ListTreeImplTest
[INFO] Tests run: 2, Failures: 0, Errors: 0, Skipped: 0, Time elapsed: 0.001 s - in org.sonar.java.ast.parser.ListTreeImplTest
[INFO] Running org.sonar.java.collections.AVLTreeTest
[INFO] Tests run: 9, Failures: 0, Errors: 0, Skipped: 0, Time elapsed: 0.005 s - in org.sonar.java.collections.AVLTreeTest
[INFO] Running org.sonar.java.model.TestDefaultJavaFileScannerContextWithSensorContextTester
08:53:17.954 INFO  org.sonar.squidbridge.ProgressReport - 0/0 source files have been analyzed
[INFO] Tests run: 3, Failures: 0, Errors: 0, Skipped: 0, Time elapsed: 0.029 s - in org.sonar.java.model.TestDefaultJavaFileScannerContextWithSensorContextTester
[INFO] Running org.sonar.java.cfg.LiveVariablesTest
[INFO] Tests run: 10, Failures: 0, Errors: 0, Skipped: 0, Time elapsed: 0.121 s - in org.sonar.java.cfg.LiveVariablesTest
[INFO] Running org.sonar.java.ast.parser.grammar.expressions.ExpressionTest
[INFO] Tests run: 3, Failures: 0, Errors: 0, Skipped: 0, Time elapsed: 0.011 s - in org.sonar.java.ast.parser.grammar.expressions.ExpressionTest
[INFO] Running org.sonar.java.DefaultJavaResourceLocatorTest
08:53:18.129 INFO  org.sonar.squidbridge.ProgressReport - 1 source files to be analyzed
08:53:18.141 INFO  org.sonar.squidbridge.ProgressReport - 1/1 source files have been analyzed
[INFO] Tests run: 5, Failures: 0, Errors: 0, Skipped: 0, Time elapsed: 0.025 s - in org.sonar.java.DefaultJavaResourceLocatorTest
[INFO] Running org.sonar.java.se.symbolicvalues.SymbolicValueTest
[INFO] Tests run: 6, Failures: 0, Errors: 0, Skipped: 0, Time elapsed: 0.005 s - in org.sonar.java.se.symbolicvalues.SymbolicValueTest
[INFO] Running org.sonar.java.se.CheckerDispatcherTest
[INFO] Tests run: 1, Failures: 0, Errors: 0, Skipped: 0, Time elapsed: 0.103 s - in org.sonar.java.se.CheckerDispatcherTest
[INFO] Running org.sonar.java.ast.parser.grammar.units.PackageDeclarationTest
[INFO] Tests run: 1, Failures: 0, Errors: 0, Skipped: 0, Time elapsed: 0.004 s - in org.sonar.java.ast.parser.grammar.units.PackageDeclarationTest
[INFO] Running org.sonar.java.ast.parser.grammar.statements.VariableDeclaratorTest
[INFO] Tests run: 2, Failures: 0, Errors: 0, Skipped: 0, Time elapsed: 0.006 s - in org.sonar.java.ast.parser.grammar.statements.VariableDeclaratorTest
[INFO] Running org.sonar.java.ast.parser.grammar.parameters.FormalParametersTest
[INFO] Tests run: 1, Failures: 0, Errors: 0, Skipped: 0, Time elapsed: 0.006 s - in org.sonar.java.ast.parser.grammar.parameters.FormalParametersTest
[INFO] Running org.sonar.java.se.checks.SyntaxTreeNameFinderTest
[INFO] Tests run: 8, Failures: 0, Errors: 0, Skipped: 0, Time elapsed: 0.016 s - in org.sonar.java.se.checks.SyntaxTreeNameFinderTest
[INFO] Running org.sonar.java.resolve.MethodReferenceResolutionTest
[INFO] Tests run: 9, Failures: 0, Errors: 0, Skipped: 0, Time elapsed: 0.076 s - in org.sonar.java.resolve.MethodReferenceResolutionTest
[INFO] Running org.sonar.java.model.JavaVersionImplTest
08:53:18.418 WARN  org.sonar.java.model.JavaVersionImpl - Invalid java version (got "jdk1.6"). The version will be ignored. Accepted formats are "1.X", or simply "X" (for instance: "1.5" or "5", "1.6" or "6", "1.7" or "7", etc.)
[INFO] Tests run: 7, Failures: 0, Errors: 0, Skipped: 0, Time elapsed: 0.003 s - in org.sonar.java.model.JavaVersionImplTest
[INFO] Running org.sonar.java.bytecode.cfg.InstructionTest
[INFO] Tests run: 5, Failures: 0, Errors: 0, Skipped: 0, Time elapsed: 0.002 s - in org.sonar.java.bytecode.cfg.InstructionTest
[INFO] Running org.sonar.java.resolve.MethodJavaSymbolTest
08:53:18.426 INFO  org.sonar.squidbridge.ProgressReport - 1 source files to be analyzed
08:53:18.436 INFO  org.sonar.squidbridge.ProgressReport - 1 source files to be analyzed
08:53:18.436 INFO  org.sonar.squidbridge.ProgressReport - 1/1 source files have been analyzed
08:53:18.445 INFO  org.sonar.squidbridge.ProgressReport - 1 source files to be analyzed
08:53:18.445 INFO  org.sonar.squidbridge.ProgressReport - 1/1 source files have been analyzed
08:53:18.456 INFO  org.sonar.squidbridge.ProgressReport - 1/1 source files have been analyzed
08:53:18.459 INFO  org.sonar.squidbridge.ProgressReport - 1 source files to be analyzed
08:53:18.492 INFO  org.sonar.squidbridge.ProgressReport - 1/1 source files have been analyzed
[INFO] Tests run: 4, Failures: 0, Errors: 0, Skipped: 0, Time elapsed: 0.074 s - in org.sonar.java.resolve.MethodJavaSymbolTest
[INFO] Running org.sonar.java.resolve.TypeSubstitutionTest
[INFO] Tests run: 10, Failures: 0, Errors: 0, Skipped: 0, Time elapsed: 0 s - in org.sonar.java.resolve.TypeSubstitutionTest
[INFO] Running org.sonar.java.xml.maven.PomCheckContextImplTest
[INFO] Tests run: 6, Failures: 0, Errors: 0, Skipped: 0, Time elapsed: 0.118 s - in org.sonar.java.xml.maven.PomCheckContextImplTest
[INFO] Running org.sonar.java.ast.visitors.SyntaxHighlighterVisitorTest
08:53:18.628 INFO  org.sonar.java.JavaSquid - Java Main Files AST scan
08:53:18.630 INFO  org.sonar.squidbridge.ProgressReport - 1 source files to be analyzed
08:53:18.641 INFO  org.sonar.java.JavaSquid - Java Main Files AST scan (done) | time=13ms
08:53:18.641 INFO  org.sonar.squidbridge.ProgressReport - 1/1 source files have been analyzed
08:53:18.643 INFO  org.sonar.java.JavaSquid - Java Test Files AST scan
08:53:18.645 INFO  org.sonar.squidbridge.ProgressReport - 0 source files to be analyzed
08:53:18.645 INFO  org.sonar.java.JavaSquid - Java Test Files AST scan (done) | time=2ms
08:53:18.646 INFO  org.sonar.squidbridge.ProgressReport - 0/0 source files have been analyzed
08:53:18.670 INFO  org.sonar.java.JavaSquid - Java Main Files AST scan
08:53:18.670 INFO  org.sonar.squidbridge.ProgressReport - 1 source files to be analyzed
08:53:18.677 INFO  org.sonar.java.JavaSquid - Java Main Files AST scan (done) | time=7ms
08:53:18.677 INFO  org.sonar.java.JavaSquid - Java Test Files AST scan
08:53:18.677 INFO  org.sonar.squidbridge.ProgressReport - 0 source files to be analyzed
08:53:18.690 INFO  org.sonar.squidbridge.ProgressReport - 1/1 source files have been analyzed
08:53:18.692 INFO  org.sonar.java.JavaSquid - Java Test Files AST scan (done) | time=15ms
08:53:18.696 INFO  org.sonar.java.JavaSquid - Java Main Files AST scan
08:53:18.696 INFO  org.sonar.squidbridge.ProgressReport - 1 source files to be analyzed
08:53:18.696 INFO  org.sonar.squidbridge.ProgressReport - 0/0 source files have been analyzed
08:53:18.697 ERROR org.sonar.java.ast.JavaAstScanner - Unable to parse source file : /tmp/junit5971432756708323475/junit5156800089913203789.tmp
08:53:18.697 ERROR org.sonar.java.ast.JavaAstScanner - Parse error at line 1 column 1:

1: ParseError
   ^

08:53:18.697 INFO  org.sonar.java.JavaSquid - Java Main Files AST scan (done) | time=1ms
08:53:18.697 INFO  org.sonar.java.JavaSquid - Java Test Files AST scan
08:53:18.697 INFO  org.sonar.squidbridge.ProgressReport - 0 source files to be analyzed
08:53:18.697 INFO  org.sonar.squidbridge.ProgressReport - 1/1 source files have been analyzed
08:53:18.698 INFO  org.sonar.java.JavaSquid - Java Test Files AST scan (done) | time=1ms
08:53:18.705 INFO  org.sonar.java.JavaSquid - Java Main Files AST scan
08:53:18.705 INFO  org.sonar.squidbridge.ProgressReport - 1 source files to be analyzed
08:53:18.705 INFO  org.sonar.squidbridge.ProgressReport - 0/0 source files have been analyzed
08:53:18.726 INFO  org.sonar.java.JavaSquid - Java Main Files AST scan (done) | time=21ms
08:53:18.726 INFO  org.sonar.java.JavaSquid - Java Test Files AST scan
08:53:18.726 INFO  org.sonar.squidbridge.ProgressReport - 1/1 source files have been analyzed
08:53:18.734 INFO  org.sonar.squidbridge.ProgressReport - 0 source files to be analyzed
08:53:18.735 INFO  org.sonar.java.JavaSquid - Java Test Files AST scan (done) | time=9ms
08:53:18.742 INFO  org.sonar.java.JavaSquid - Java Main Files AST scan
08:53:18.742 INFO  org.sonar.squidbridge.ProgressReport - 1 source files to be analyzed
08:53:18.743 INFO  org.sonar.squidbridge.ProgressReport - 0/0 source files have been analyzed
08:53:18.757 INFO  org.sonar.java.JavaSquid - Java Main Files AST scan (done) | time=15ms
08:53:18.757 INFO  org.sonar.java.JavaSquid - Java Test Files AST scan
08:53:18.757 INFO  org.sonar.squidbridge.ProgressReport - 0 source files to be analyzed
08:53:18.763 INFO  org.sonar.squidbridge.ProgressReport - 1/1 source files have been analyzed
08:53:18.769 INFO  org.sonar.java.JavaSquid - Java Test Files AST scan (done) | time=12ms
08:53:18.769 INFO  org.sonar.squidbridge.ProgressReport - 0/0 source files have been analyzed
08:53:18.774 INFO  org.sonar.java.JavaSquid - Java Main Files AST scan
08:53:18.775 INFO  org.sonar.squidbridge.ProgressReport - 1 source files to be analyzed
08:53:18.781 INFO  org.sonar.java.JavaSquid - Java Main Files AST scan (done) | time=7ms
08:53:18.781 INFO  org.sonar.java.JavaSquid - Java Test Files AST scan
08:53:18.781 INFO  org.sonar.squidbridge.ProgressReport - 0 source files to be analyzed
08:53:18.782 INFO  org.sonar.squidbridge.ProgressReport - 1/1 source files have been analyzed
08:53:18.782 INFO  org.sonar.java.JavaSquid - Java Test Files AST scan (done) | time=1ms
[INFO] Tests run: 6, Failures: 0, Errors: 0, Skipped: 0, Time elapsed: 0.165 s - in org.sonar.java.ast.visitors.SyntaxHighlighterVisitorTest
[INFO] Running org.sonar.java.collections.PCollectionsTest
[INFO] Tests run: 2, Failures: 0, Errors: 0, Skipped: 0, Time elapsed: 0 s - in org.sonar.java.collections.PCollectionsTest
[INFO] Running org.sonar.java.AnalysisErrorTest
[INFO] Tests run: 1, Failures: 0, Errors: 0, Skipped: 0, Time elapsed: 0 s - in org.sonar.java.AnalysisErrorTest
[INFO] Running org.sonar.java.matcher.MethodMatcherTest
08:53:18.787 INFO  org.sonar.squidbridge.ProgressReport - 1 source files to be analyzed
08:53:18.791 INFO  org.sonar.squidbridge.ProgressReport - 0/0 source files have been analyzed
08:53:18.814 INFO  org.sonar.squidbridge.ProgressReport - 1/1 source files have been analyzed
08:53:18.842 INFO  org.sonar.squidbridge.ProgressReport - 1 source files to be analyzed
08:53:18.864 INFO  org.sonar.squidbridge.ProgressReport - 1/1 source files have been analyzed
[INFO] Tests run: 19, Failures: 0, Errors: 0, Skipped: 0, Time elapsed: 0.081 s - in org.sonar.java.matcher.MethodMatcherTest
[INFO] Running org.sonar.java.ast.parser.grammar.statements.SwitchBlockStatementGroupTest
[INFO] Tests run: 1, Failures: 0, Errors: 0, Skipped: 0, Time elapsed: 0.003 s - in org.sonar.java.ast.parser.grammar.statements.SwitchBlockStatementGroupTest
[INFO] Running org.sonar.java.cfg.VariableReadExtractorTest
[INFO] Tests run: 5, Failures: 0, Errors: 0, Skipped: 0, Time elapsed: 0.044 s - in org.sonar.java.cfg.VariableReadExtractorTest
[INFO] Running org.sonar.java.ast.parser.grammar.types.TypeArgumentTest
[INFO] Tests run: 1, Failures: 0, Errors: 0, Skipped: 0, Time elapsed: 0.004 s - in org.sonar.java.ast.parser.grammar.types.TypeArgumentTest
[INFO] Running org.sonar.java.se.xproc.MethodYieldTest
[INFO] Tests run: 12, Failures: 0, Errors: 0, Skipped: 0, Time elapsed: 0.083 s - in org.sonar.java.se.xproc.MethodYieldTest
[INFO] Running org.sonar.java.bytecode.se.MethodLookupTest
[INFO] Tests run: 2, Failures: 0, Errors: 0, Skipped: 0, Time elapsed: 0.003 s - in org.sonar.java.bytecode.se.MethodLookupTest
[INFO] Running org.sonar.java.se.checks.FlowComputationTest
08:53:19.020 INFO  org.sonar.squidbridge.ProgressReport - 1 source files to be analyzed
08:53:19.033 INFO  org.sonar.squidbridge.ProgressReport - 1 source files to be analyzed
08:53:19.033 INFO  org.sonar.squidbridge.ProgressReport - 1/1 source files have been analyzed
08:53:19.050 INFO  org.sonar.squidbridge.ProgressReport - 1/1 source files have been analyzed
08:53:19.054 INFO  org.sonar.squidbridge.ProgressReport - 1 source files to be analyzed
08:53:19.072 INFO  org.sonar.squidbridge.ProgressReport - 1/1 source files have been analyzed
08:53:19.077 INFO  org.sonar.squidbridge.ProgressReport - 1 source files to be analyzed
08:53:19.094 INFO  org.sonar.squidbridge.ProgressReport - 1/1 source files have been analyzed
08:53:19.099 INFO  org.sonar.squidbridge.ProgressReport - 1 source files to be analyzed
08:53:19.123 INFO  org.sonar.squidbridge.ProgressReport - 1/1 source files have been analyzed
08:53:19.128 INFO  org.sonar.squidbridge.ProgressReport - 1 source files to be analyzed
08:53:19.166 INFO  org.sonar.squidbridge.ProgressReport - 1/1 source files have been analyzed
08:53:19.171 INFO  org.sonar.squidbridge.ProgressReport - 1 source files to be analyzed
08:53:19.216 INFO  org.sonar.squidbridge.ProgressReport - 1/1 source files have been analyzed
08:53:19.222 INFO  org.sonar.squidbridge.ProgressReport - 1 source files to be analyzed
08:53:19.268 INFO  org.sonar.squidbridge.ProgressReport - 1/1 source files have been analyzed
08:53:19.276 INFO  org.sonar.squidbridge.ProgressReport - 1 source files to be analyzed
08:53:19.301 INFO  org.sonar.squidbridge.ProgressReport - 1/1 source files have been analyzed
08:53:19.306 INFO  org.sonar.squidbridge.ProgressReport - 1 source files to be analyzed
08:53:19.326 INFO  org.sonar.squidbridge.ProgressReport - 1/1 source files have been analyzed
08:53:19.332 INFO  org.sonar.squidbridge.ProgressReport - 1 source files to be analyzed
08:53:19.351 INFO  org.sonar.squidbridge.ProgressReport - 1/1 source files have been analyzed
08:53:19.357 INFO  org.sonar.squidbridge.ProgressReport - 1 source files to be analyzed
08:53:19.381 INFO  org.sonar.squidbridge.ProgressReport - 1/1 source files have been analyzed
08:53:19.390 INFO  org.sonar.squidbridge.ProgressReport - 1 source files to be analyzed
08:53:19.434 INFO  org.sonar.squidbridge.ProgressReport - 1/1 source files have been analyzed
08:53:19.443 INFO  org.sonar.squidbridge.ProgressReport - 1 source files to be analyzed
08:53:19.472 INFO  org.sonar.squidbridge.ProgressReport - 1/1 source files have been analyzed
08:53:19.478 INFO  org.sonar.squidbridge.ProgressReport - 1 source files to be analyzed
08:53:19.499 INFO  org.sonar.squidbridge.ProgressReport - 1/1 source files have been analyzed
08:53:19.514 DEBUG o.s.java.bytecode.ClassLoaderBuilder - ----- Classpath analyzed by Squid:
08:53:19.516 DEBUG o.s.java.bytecode.ClassLoaderBuilder - /home/travis/build/SonarSource/sonar-java/java-frontend/target/test-jars/hibernate-jpa-2.0-api-1.0.1.Final.jar
08:53:19.519 DEBUG o.s.java.bytecode.ClassLoaderBuilder - /home/travis/build/SonarSource/sonar-java/java-frontend/target/test-jars/jsr305-1.3.9.jar
08:53:19.523 DEBUG o.s.java.bytecode.ClassLoaderBuilder - /home/travis/build/SonarSource/sonar-java/java-frontend/target/test-jars/annotations-3.0.0.jar
08:53:19.525 DEBUG o.s.java.bytecode.ClassLoaderBuilder - /home/travis/build/SonarSource/sonar-java/java-frontend/target/test-jars/annotations-13.0.jar
08:53:19.528 DEBUG o.s.java.bytecode.ClassLoaderBuilder - /home/travis/build/SonarSource/sonar-java/java-frontend/target/test-jars/lombok-1.16.4.jar
08:53:19.528 DEBUG o.s.java.bytecode.ClassLoaderBuilder - /home/travis/build/SonarSource/sonar-java/java-frontend/target/test-jars/org.eclipse.jdt.annotation-2.1.100.jar
08:53:19.528 DEBUG o.s.java.bytecode.ClassLoaderBuilder - /home/travis/build/SonarSource/sonar-java/java-frontend/target/test-jars/javaee-api-7.0.jar
08:53:19.528 DEBUG o.s.java.bytecode.ClassLoaderBuilder - /home/travis/build/SonarSource/sonar-java/java-frontend/target/test-jars/commons-lang3-3.5.jar
08:53:19.528 DEBUG o.s.java.bytecode.ClassLoaderBuilder - /home/travis/build/SonarSource/sonar-java/java-frontend/target/test-jars/commons-lang-2.6.jar
08:53:19.528 DEBUG o.s.java.bytecode.ClassLoaderBuilder - /home/travis/build/SonarSource/sonar-java/java-frontend/target/test-jars/guava-10.0.1.jar
08:53:19.528 DEBUG o.s.java.bytecode.ClassLoaderBuilder - /home/travis/build/SonarSource/sonar-java/java-frontend/target/test-jars/commons-collections-3.2.1.jar
08:53:19.529 DEBUG o.s.java.bytecode.ClassLoaderBuilder - /home/travis/build/SonarSource/sonar-java/java-frontend/target/test-jars/commons-collections4-4.1.jar
08:53:19.529 DEBUG o.s.java.bytecode.ClassLoaderBuilder - /home/travis/build/SonarSource/sonar-java/java-frontend/target/test-jars/log4j-core-2.3.jar
08:53:19.529 DEBUG o.s.java.bytecode.ClassLoaderBuilder - /home/travis/build/SonarSource/sonar-java/java-frontend/target/test-jars/spring-core-4.3.8.RELEASE.jar
08:53:19.529 DEBUG o.s.java.bytecode.ClassLoaderBuilder - /home/travis/build/SonarSource/sonar-java/java-frontend/target/test-jars/junit-jupiter-api-5.0.0-M4.jar
08:53:19.529 DEBUG o.s.java.bytecode.ClassLoaderBuilder - /home/travis/build/SonarSource/sonar-java/java-frontend/target/test-jars/aspectjtools-1.8.10.jar
08:53:19.529 DEBUG o.s.java.bytecode.ClassLoaderBuilder - /home/travis/build/SonarSource/sonar-java/java-frontend/target/test-classes
08:53:19.529 DEBUG o.s.java.bytecode.ClassLoaderBuilder - -----
08:53:19.532 INFO  org.sonar.squidbridge.ProgressReport - 1 source files to be analyzed
08:53:19.566 DEBUG o.s.j.b.loader.SquidClassLoader - .class not found for Object
08:53:19.566 DEBUG o.s.j.b.loader.SquidClassLoader - .class not found for java.lang.package-info
08:53:19.573 DEBUG o.s.j.b.loader.SquidClassLoader - .class not found for java.lang.Synthetic$Object
08:53:19.573 DEBUG o.s.j.b.loader.SquidClassLoader - .class not found for Object
08:53:19.573 DEBUG o.s.j.b.loader.SquidClassLoader - .class not found for java.lang.Synthetic$Object
08:53:19.573 DEBUG o.s.j.b.loader.SquidClassLoader - .class not found for Object
08:53:19.574 DEBUG o.s.j.b.loader.SquidClassLoader - .class not found for java.lang.Synthetic$Object
08:53:19.574 DEBUG o.s.j.b.loader.SquidClassLoader - .class not found for System
08:53:19.574 DEBUG o.s.j.b.loader.SquidClassLoader - .class not found for java.lang.Synthetic$System
08:53:19.575 DEBUG o.s.j.b.loader.SquidClassLoader - .class not found for System
08:53:19.576 DEBUG o.s.j.b.loader.SquidClassLoader - .class not found for java.lang.Synthetic$System
08:53:19.576 DEBUG o.s.j.b.loader.SquidClassLoader - .class not found for System
08:53:19.576 DEBUG o.s.j.b.loader.SquidClassLoader - .class not found for java.lang.Synthetic$System
08:53:19.576 DEBUG o.s.j.b.loader.SquidClassLoader - .class not found for System
08:53:19.576 DEBUG o.s.j.b.loader.SquidClassLoader - .class not found for java.lang.Synthetic$System
08:53:19.576 DEBUG o.s.j.b.loader.SquidClassLoader - .class not found for System
08:53:19.576 DEBUG o.s.j.b.loader.SquidClassLoader - .class not found for java.lang.Synthetic$System
08:53:19.577 DEBUG o.s.j.b.loader.SquidClassLoader - .class not found for System
08:53:19.577 DEBUG o.s.j.b.loader.SquidClassLoader - .class not found for java.lang.Synthetic$System
08:53:19.577 DEBUG o.s.j.b.loader.SquidClassLoader - .class not found for System
08:53:19.577 DEBUG o.s.j.b.loader.SquidClassLoader - .class not found for java.lang.Synthetic$System
08:53:19.577 DEBUG o.s.j.b.loader.SquidClassLoader - .class not found for System
08:53:19.577 DEBUG o.s.j.b.loader.SquidClassLoader - .class not found for java.lang.Synthetic$System
08:53:19.577 DEBUG o.s.j.b.loader.SquidClassLoader - .class not found for System
08:53:19.577 DEBUG o.s.j.b.loader.SquidClassLoader - .class not found for java.lang.Synthetic$System
08:53:19.577 DEBUG o.s.j.b.loader.SquidClassLoader - .class not found for System
08:53:19.578 DEBUG o.s.j.b.loader.SquidClassLoader - .class not found for java.lang.Synthetic$System
08:53:19.578 DEBUG o.s.j.b.loader.SquidClassLoader - .class not found for System
08:53:19.578 DEBUG o.s.j.b.loader.SquidClassLoader - .class not found for java.lang.Synthetic$System
08:53:19.578 DEBUG o.s.j.b.loader.SquidClassLoader - .class not found for System
08:53:19.578 DEBUG o.s.j.b.loader.SquidClassLoader - .class not found for java.lang.Synthetic$System
08:53:19.578 DEBUG o.s.j.b.loader.SquidClassLoader - .class not found for System
08:53:19.578 DEBUG o.s.j.b.loader.SquidClassLoader - .class not found for java.lang.Synthetic$System
08:53:19.578 DEBUG o.s.j.b.loader.SquidClassLoader - .class not found for System
08:53:19.579 DEBUG o.s.j.b.loader.SquidClassLoader - .class not found for java.lang.Synthetic$System
08:53:19.579 DEBUG o.s.j.b.loader.SquidClassLoader - .class not found for System
08:53:19.579 DEBUG o.s.j.b.loader.SquidClassLoader - .class not found for java.lang.Synthetic$System
08:53:19.579 DEBUG o.s.j.b.loader.SquidClassLoader - .class not found for System
08:53:19.579 DEBUG o.s.j.b.loader.SquidClassLoader - .class not found for java.lang.Synthetic$System
08:53:19.579 DEBUG o.s.j.b.loader.SquidClassLoader - .class not found for System
08:53:19.579 DEBUG o.s.j.b.loader.SquidClassLoader - .class not found for java.lang.Synthetic$System
08:53:19.579 DEBUG o.s.j.b.loader.SquidClassLoader - .class not found for System
08:53:19.579 DEBUG o.s.j.b.loader.SquidClassLoader - .class not found for java.lang.Synthetic$System
08:53:19.580 DEBUG o.s.j.b.loader.SquidClassLoader - .class not found for System
08:53:19.580 DEBUG o.s.j.b.loader.SquidClassLoader - .class not found for java.lang.Synthetic$System
08:53:19.581 DEBUG o.s.j.b.loader.SquidClassLoader - .class not found for A
08:53:19.594 DEBUG o.s.j.bytecode.se.BytecodeEGWalker - Method body not found: %s
08:53:19.595 DEBUG o.s.j.b.loader.SquidClassLoader - .class not found for java.io.package-info
08:53:20.061 INFO  org.sonar.squidbridge.ProgressReport - 1/1 source files have been analyzed
08:53:20.064 INFO  org.sonar.squidbridge.ProgressReport - 1 source files to be analyzed
08:53:20.085 INFO  org.sonar.squidbridge.ProgressReport - 1/1 source files have been analyzed
[INFO] Tests run: 18, Failures: 0, Errors: 0, Skipped: 0, Time elapsed: 1.071 s - in org.sonar.java.se.checks.FlowComputationTest
[INFO] Running org.sonar.java.model.PackageUtilsTest
[INFO] Tests run: 4, Failures: 0, Errors: 0, Skipped: 0, Time elapsed: 0.005 s - in org.sonar.java.model.PackageUtilsTest
[INFO] Running org.sonar.java.ast.parser.grammar.interfaces.InterfaceDeclarationTest
[INFO] Tests run: 2, Failures: 0, Errors: 0, Skipped: 0, Time elapsed: 0.004 s - in org.sonar.java.ast.parser.grammar.interfaces.InterfaceDeclarationTest
[INFO] Running org.sonar.plugins.java.api.LocationTest
[INFO] Tests run: 3, Failures: 0, Errors: 0, Skipped: 0, Time elapsed: 0 s - in org.sonar.plugins.java.api.LocationTest
[INFO] Running org.sonar.java.model.declaration.ModuleDeclarationTreeImplTest
[INFO] Tests run: 3, Failures: 0, Errors: 0, Skipped: 0, Time elapsed: 0.007 s - in org.sonar.java.model.declaration.ModuleDeclarationTreeImplTest
[INFO] Running org.sonar.java.bytecode.loader.FileSystemLoaderTest
[INFO] Tests run: 4, Failures: 0, Errors: 0, Skipped: 0, Time elapsed: 0.001 s - in org.sonar.java.bytecode.loader.FileSystemLoaderTest
[INFO] Running org.sonar.java.model.TreeTokenCompletenessTest
08:53:20.112 INFO  org.sonar.squidbridge.ProgressReport - 1 source files to be analyzed
08:53:20.144 INFO  org.sonar.squidbridge.ProgressReport - 1/1 source files have been analyzed
[INFO] Tests run: 1, Failures: 0, Errors: 0, Skipped: 0, Time elapsed: 0.04 s - in org.sonar.java.model.TreeTokenCompletenessTest
[INFO] 
[INFO] Results:
[INFO] 
[ERROR] Failures: 
[ERROR]   UnclosedResourcesCheckTest.test_supertype_resolution:37 At least one issue expected
[INFO] 
[ERROR] Tests run: 1502, Failures: 1, Errors: 0, Skipped: 0
[INFO] 
[INFO] ------------------------------------------------------------------------
[INFO] Reactor Summary:
[INFO] 
[INFO] SonarJava .......................................... SUCCESS [  1.932 s]
[INFO] SonarQube Java :: Maven model generator ............ SUCCESS [  8.107 s]
[INFO] SonarQube Java :: Front-end ........................ FAILURE [01:28 min]
[INFO] SonarQube Java :: Check Test tool kit .............. SKIPPED
[INFO] SonarQube Java :: Checks ........................... SKIPPED
[INFO] SonarQube Java :: Surefire ......................... SKIPPED
[INFO] java-jacoco-previous ............................... SKIPPED
[INFO] SonarQube Java :: JaCoCo ........................... SKIPPED
[INFO] SonarQube Java :: Plugin ........................... SKIPPED
[INFO] SonarQube Java :: JaCoCo Listeners ................. SKIPPED
[INFO] SonarQube Java :: ITs .............................. SKIPPED
[INFO] SonarQube Java :: ITs :: Performancing ............. SKIPPED
[INFO] SonarQube Java :: ITs :: Plugin .................... SKIPPED
[INFO] SonarQube Java :: ITs :: Plugin :: Plugins ......... SKIPPED
[INFO] SonarQube Java :: ITS :: Plugin :: Java Extension Plugin SKIPPED
[INFO] SonarQube Java :: ITs :: Plugin :: Tests ........... SKIPPED
[INFO] SonarQube Java :: ITs :: Ruling .................... SKIPPED
[INFO] SonarQube Java :: ITs :: Semantic .................. SKIPPED
[INFO] SonarQube Java :: ITS :: Semantic :: Java Debugging Plugin SKIPPED
[INFO] SonarQube Java :: ITs :: Semantic :: Tests ......... SKIPPED
[INFO] ------------------------------------------------------------------------
[INFO] BUILD FAILURE
[INFO] ------------------------------------------------------------------------
[INFO] Total time: 01:39 min
[INFO] Finished at: 2018-02-14T08:53:20Z
[INFO] Final Memory: 48M/985M
[INFO] ------------------------------------------------------------------------
[ERROR] Failed to execute goal org.apache.maven.plugins:maven-surefire-plugin:2.20.1:test (default-test) on project java-frontend: There are test failures.
[ERROR] 
[ERROR] Please refer to /home/travis/build/SonarSource/sonar-java/java-frontend/target/surefire-reports for the individual test results.
[ERROR] Please refer to dump files (if any exist) [date]-jvmRun[N].dump, [date].dumpstream and [date]-jvmRun[N].dumpstream.
[ERROR] -> [Help 1]
org.apache.maven.lifecycle.LifecycleExecutionException: Failed to execute goal org.apache.maven.plugins:maven-surefire-plugin:2.20.1:test (default-test) on project java-frontend: There are test failures.

Please refer to /home/travis/build/SonarSource/sonar-java/java-frontend/target/surefire-reports for the individual test results.
Please refer to dump files (if any exist) [date]-jvmRun[N].dump, [date].dumpstream and [date]-jvmRun[N].dumpstream.
    at org.apache.maven.lifecycle.internal.MojoExecutor.execute (MojoExecutor.java:213)
    at org.apache.maven.lifecycle.internal.MojoExecutor.execute (MojoExecutor.java:154)
    at org.apache.maven.lifecycle.internal.MojoExecutor.execute (MojoExecutor.java:146)
    at org.apache.maven.lifecycle.internal.LifecycleModuleBuilder.buildProject (LifecycleModuleBuilder.java:117)
    at org.apache.maven.lifecycle.internal.LifecycleModuleBuilder.buildProject (LifecycleModuleBuilder.java:81)
    at org.apache.maven.lifecycle.internal.builder.singlethreaded.SingleThreadedBuilder.build (SingleThreadedBuilder.java:51)
    at org.apache.maven.lifecycle.internal.LifecycleStarter.execute (LifecycleStarter.java:128)
    at org.apache.maven.DefaultMaven.doExecute (DefaultMaven.java:309)
    at org.apache.maven.DefaultMaven.doExecute (DefaultMaven.java:194)
    at org.apache.maven.DefaultMaven.execute (DefaultMaven.java:107)
    at org.apache.maven.cli.MavenCli.execute (MavenCli.java:955)
    at org.apache.maven.cli.MavenCli.doMain (MavenCli.java:290)
    at org.apache.maven.cli.MavenCli.main (MavenCli.java:194)
    at sun.reflect.NativeMethodAccessorImpl.invoke0 (Native Method)
    at sun.reflect.NativeMethodAccessorImpl.invoke (NativeMethodAccessorImpl.java:62)
    at sun.reflect.DelegatingMethodAccessorImpl.invoke (DelegatingMethodAccessorImpl.java:43)
    at java.lang.reflect.Method.invoke (Method.java:498)
    at org.codehaus.plexus.classworlds.launcher.Launcher.launchEnhanced (Launcher.java:289)
    at org.codehaus.plexus.classworlds.launcher.Launcher.launch (Launcher.java:229)
    at org.codehaus.plexus.classworlds.launcher.Launcher.mainWithExitCode (Launcher.java:415)
    at org.codehaus.plexus.classworlds.launcher.Launcher.main (Launcher.java:356)
Caused by: org.apache.maven.plugin.MojoFailureException: There are test failures.

Please refer to /home/travis/build/SonarSource/sonar-java/java-frontend/target/surefire-reports for the individual test results.
Please refer to dump files (if any exist) [date]-jvmRun[N].dump, [date].dumpstream and [date]-jvmRun[N].dumpstream.
    at org.apache.maven.plugin.surefire.SurefireHelper.throwException (SurefireHelper.java:240)
    at org.apache.maven.plugin.surefire.SurefireHelper.reportExecution (SurefireHelper.java:112)
    at org.apache.maven.plugin.surefire.SurefirePlugin.handleSummary (SurefirePlugin.java:354)
    at org.apache.maven.plugin.surefire.AbstractSurefireMojo.executeAfterPreconditionsChecked (AbstractSurefireMojo.java:984)
    at org.apache.maven.plugin.surefire.AbstractSurefireMojo.execute (AbstractSurefireMojo.java:832)
    at org.apache.maven.plugin.DefaultBuildPluginManager.executeMojo (DefaultBuildPluginManager.java:134)
    at org.apache.maven.lifecycle.internal.MojoExecutor.execute (MojoExecutor.java:208)
    at org.apache.maven.lifecycle.internal.MojoExecutor.execute (MojoExecutor.java:154)
    at org.apache.maven.lifecycle.internal.MojoExecutor.execute (MojoExecutor.java:146)
    at org.apache.maven.lifecycle.internal.LifecycleModuleBuilder.buildProject (LifecycleModuleBuilder.java:117)
    at org.apache.maven.lifecycle.internal.LifecycleModuleBuilder.buildProject (LifecycleModuleBuilder.java:81)
    at org.apache.maven.lifecycle.internal.builder.singlethreaded.SingleThreadedBuilder.build (SingleThreadedBuilder.java:51)
    at org.apache.maven.lifecycle.internal.LifecycleStarter.execute (LifecycleStarter.java:128)
    at org.apache.maven.DefaultMaven.doExecute (DefaultMaven.java:309)
    at org.apache.maven.DefaultMaven.doExecute (DefaultMaven.java:194)
    at org.apache.maven.DefaultMaven.execute (DefaultMaven.java:107)
    at org.apache.maven.cli.MavenCli.execute (MavenCli.java:955)
    at org.apache.maven.cli.MavenCli.doMain (MavenCli.java:290)
    at org.apache.maven.cli.MavenCli.main (MavenCli.java:194)
    at sun.reflect.NativeMethodAccessorImpl.invoke0 (Native Method)
    at sun.reflect.NativeMethodAccessorImpl.invoke (NativeMethodAccessorImpl.java:62)
    at sun.reflect.DelegatingMethodAccessorImpl.invoke (DelegatingMethodAccessorImpl.java:43)
    at java.lang.reflect.Method.invoke (Method.java:498)
    at org.codehaus.plexus.classworlds.launcher.Launcher.launchEnhanced (Launcher.java:289)
    at org.codehaus.plexus.classworlds.launcher.Launcher.launch (Launcher.java:229)
    at org.codehaus.plexus.classworlds.launcher.Launcher.mainWithExitCode (Launcher.java:415)
    at org.codehaus.plexus.classworlds.launcher.Launcher.main (Launcher.java:356)
[ERROR] 
[ERROR] Re-run Maven using the -X switch to enable full debug logging.
[ERROR] 
[ERROR] For more information about the errors and possible solutions, please read the following articles:
[ERROR] [Help 1] http://cwiki.apache.org/confluence/display/MAVEN/MojoFailureException
[ERROR] 
[ERROR] After correcting the problems, you can resume the build with the command
[ERROR]   mvn <goals> -rf :java-frontend

travis_time:end:0ddc50ec:start=1518598294137108098,finish=1518598400940761336,duration=106803653238[0K
[31;1mThe command "./travis.sh" exited with 1.[0m
travis_fold:start:before_cache.1[0Ktravis_time:start:071514e9[0K$ rm -rf $HOME/.m2/repository/org/sonarsource/java

travis_time:end:071514e9:start=1518598400952112300,finish=1518598400959345257,duration=7232957[0Ktravis_fold:end:before_cache.1[0Ktravis_fold:start:before_cache.2[0Ktravis_time:start:3573dfa7[0K$ find $HOME/.m2 -name resolver-status.properties -exec rm {} \;

travis_time:end:3573dfa7:start=1518598400966886488,finish=1518598401001348532,duration=34462044[0Ktravis_fold:end:before_cache.2[0Ktravis_fold:start:cache.2[0Kstore build cache
travis_time:start:1c6b22dc[0K
travis_time:end:1c6b22dc:start=1518598401008573695,finish=1518598401014259844,duration=5686149[0Ktravis_time:start:05a5fe14[0K[32;1mnothing changed, not updating cache[0m

travis_time:end:05a5fe14:start=1518598401021313609,finish=1518598403125019551,duration=2103705942[0Ktravis_fold:end:cache.2[0K
Done. Your build exited with 1.
