travis_fold:start:worker_info[0K[33;1mWorker information[0m
hostname: 0751e1c4-ada6-4938-9279-c939dd74d61e@1.i-0b9d51e-production-2-worker-org-ec2.travisci.net
version: v3.4.0 https://github.com/travis-ci/worker/tree/ce0440bc30c289a49a9b0c21e4e1e6f7d7825101
instance: 06b4d95 travisci/ci-garnet:packer-1512502276-986baf0 (via amqp)
startup: 946.82398ms
travis_fold:end:worker_info[0Kmode of â€˜/usr/local/clang-5.0.0/binâ€™ changed from 0777 (rwxrwxrwx) to 0775 (rwxrwxr-x)
travis_fold:start:system_info[0K[33;1mBuild system information[0m
Build language: java
Build group: stable
Build dist: trusty
Build id: 318828167
Job id: 318828168
Runtime kernel version: 4.9.6-040906-generic
travis-build version: 94c867f18
[34m[1mBuild image provisioning date and time[0m
Tue Dec  5 20:11:19 UTC 2017
[34m[1mOperating System Details[0m
Distributor ID:	Ubuntu
Description:	Ubuntu 14.04.5 LTS
Release:	14.04
Codename:	trusty
[34m[1mCookbooks Version[0m
7c2c6a6 https://github.com/travis-ci/travis-cookbooks/tree/7c2c6a6
[34m[1mgit version[0m
git version 2.15.1
[34m[1mbash version[0m
GNU bash, version 4.3.11(1)-release (x86_64-pc-linux-gnu)
[34m[1mgcc version[0m
gcc (Ubuntu 4.8.4-2ubuntu1~14.04.3) 4.8.4
Copyright (C) 2013 Free Software Foundation, Inc.
This is free software; see the source for copying conditions.  There is NO
warranty; not even for MERCHANTABILITY or FITNESS FOR A PARTICULAR PURPOSE.

[34m[1mdocker version[0m
Client:
 Version:      17.09.0-ce
 API version:  1.32
 Go version:   go1.8.3
 Git commit:   afdb6d4
 Built:        Tue Sep 26 22:39:28 2017
 OS/Arch:      linux/amd64
[34m[1mclang version[0m
clang version 5.0.0 (tags/RELEASE_500/final)
Target: x86_64-unknown-linux-gnu
Thread model: posix
InstalledDir: /usr/local/clang-5.0.0/bin
[34m[1mjq version[0m
jq-1.5
[34m[1mbats version[0m
Bats 0.4.0
[34m[1mshellcheck version[0m
0.4.6
[34m[1mshfmt version[0m
v2.0.0
[34m[1mccache version[0m
ccache version 3.1.9

Copyright (C) 2002-2007 Andrew Tridgell
Copyright (C) 2009-2011 Joel Rosdahl

This program is free software; you can redistribute it and/or modify it under
the terms of the GNU General Public License as published by the Free Software
Foundation; either version 3 of the License, or (at your option) any later
version.
[34m[1mcmake version[0m
cmake version 3.9.2

CMake suite maintained and supported by Kitware (kitware.com/cmake).
[34m[1mheroku version[0m
heroku-cli/6.14.39-addc925 (linux-x64) node-v9.2.0
[34m[1mimagemagick version[0m
Version: ImageMagick 6.7.7-10 2017-07-31 Q16 http://www.imagemagick.org
[34m[1mmd5deep version[0m
4.2
[34m[1mmercurial version[0m
Mercurial Distributed SCM (version 4.2.2)
(see https://mercurial-scm.org for more information)

Copyright (C) 2005-2017 Matt Mackall and others
This is free software; see the source for copying conditions. There is NO
warranty; not even for MERCHANTABILITY or FITNESS FOR A PARTICULAR PURPOSE.
[34m[1mmysql version[0m
mysql  Ver 14.14 Distrib 5.6.33, for debian-linux-gnu (x86_64) using  EditLine wrapper
[34m[1mopenssl version[0m
OpenSSL 1.0.1f 6 Jan 2014
[34m[1mpacker version[0m
Packer v1.0.2

Your version of Packer is out of date! The latest version
is 1.1.2. You can update by downloading from www.packer.io
[34m[1mpostgresql client version[0m
psql (PostgreSQL) 9.6.6
[34m[1mragel version[0m
Ragel State Machine Compiler version 6.8 Feb 2013
Copyright (c) 2001-2009 by Adrian Thurston
[34m[1msubversion version[0m
svn, version 1.8.8 (r1568071)
   compiled Aug 10 2017, 17:20:39 on x86_64-pc-linux-gnu

Copyright (C) 2013 The Apache Software Foundation.
This software consists of contributions made by many people;
see the NOTICE file for more information.
Subversion is open source software, see http://subversion.apache.org/

The following repository access (RA) modules are available:

* ra_svn : Module for accessing a repository using the svn network protocol.
  - with Cyrus SASL authentication
  - handles 'svn' scheme
* ra_local : Module for accessing a repository on local disk.
  - handles 'file' scheme
* ra_serf : Module for accessing a repository via WebDAV protocol using serf.
  - using serf 1.3.3
  - handles 'http' scheme
  - handles 'https' scheme

[34m[1msudo version[0m
Sudo version 1.8.9p5
Configure options: --prefix=/usr -v --with-all-insults --with-pam --with-fqdn --with-logging=syslog --with-logfac=authpriv --with-env-editor --with-editor=/usr/bin/editor --with-timeout=15 --with-password-timeout=0 --with-passprompt=[sudo] password for %p:  --without-lecture --with-tty-tickets --disable-root-mailer --enable-admin-flag --with-sendmail=/usr/sbin/sendmail --with-timedir=/var/lib/sudo --mandir=/usr/share/man --libexecdir=/usr/lib/sudo --with-sssd --with-sssd-lib=/usr/lib/x86_64-linux-gnu --with-selinux
Sudoers policy plugin version 1.8.9p5
Sudoers file grammar version 43

Sudoers path: /etc/sudoers
Authentication methods: 'pam'
Syslog facility if syslog is being used for logging: authpriv
Syslog priority to use when user authenticates successfully: notice
Syslog priority to use when user authenticates unsuccessfully: alert
Send mail if the user is not in sudoers
Use a separate timestamp for each user/tty combo
Lecture user the first time they run sudo
Root may run sudo
Allow some information gathering to give useful error messages
Require fully-qualified hostnames in the sudoers file
Visudo will honor the EDITOR environment variable
Set the LOGNAME and USER environment variables
Length at which to wrap log file lines (0 for no wrap): 80
Authentication timestamp timeout: 15.0 minutes
Password prompt timeout: 0.0 minutes
Number of tries to enter a password: 3
Umask to use or 0777 to use user's: 022
Path to mail program: /usr/sbin/sendmail
Flags for mail program: -t
Address to send mail to: root
Subject line for mail messages: *** SECURITY information for %h ***
Incorrect password message: Sorry, try again.
Path to authentication timestamp dir: /var/lib/sudo
Default password prompt: [sudo] password for %p: 
Default user to run commands as: root
Value to override user's $PATH with: /usr/local/sbin:/usr/local/bin:/usr/sbin:/usr/bin:/sbin:/bin:/snap/bin
Path to the editor for use by visudo: /usr/bin/editor
When to require a password for 'list' pseudocommand: any
When to require a password for 'verify' pseudocommand: all
File descriptors >= 3 will be closed before executing a command
Environment variables to check for sanity:
	TZ
	TERM
	LINGUAS
	LC_*
	LANGUAGE
	LANG
	COLORTERM
Environment variables to remove:
	RUBYOPT
	RUBYLIB
	PYTHONUSERBASE
	PYTHONINSPECT
	PYTHONPATH
	PYTHONHOME
	TMPPREFIX
	ZDOTDIR
	READNULLCMD
	NULLCMD
	FPATH
	PERL5DB
	PERL5OPT
	PERL5LIB
	PERLLIB
	PERLIO_DEBUG 
	JAVA_TOOL_OPTIONS
	SHELLOPTS
	GLOBIGNORE
	PS4
	BASH_ENV
	ENV
	TERMCAP
	TERMPATH
	TERMINFO_DIRS
	TERMINFO
	_RLD*
	LD_*
	PATH_LOCALE
	NLSPATH
	HOSTALIASES
	RES_OPTIONS
	LOCALDOMAIN
	CDPATH
	IFS
Environment variables to preserve:
	JAVA_HOME
	TRAVIS
	CI
	DEBIAN_FRONTEND
	XAUTHORIZATION
	XAUTHORITY
	PS2
	PS1
	PATH
	LS_COLORS
	KRB5CCNAME
	HOSTNAME
	HOME
	DISPLAY
	COLORS
Locale to use while parsing sudoers: C
Directory in which to store input/output logs: /var/log/sudo-io
File in which to store the input/output log: %{seq}
Add an entry to the utmp/utmpx file when allocating a pty
PAM service name to use
PAM service name to use for login shells
Create a new PAM session for the command to run in
Maximum I/O log sequence number: 0

Local IP address and netmask pairs:
	172.17.0.2/255.255.0.0

Sudoers I/O plugin version 1.8.9p5
[34m[1mgzip version[0m
gzip 1.6
Copyright (C) 2007, 2010, 2011 Free Software Foundation, Inc.
Copyright (C) 1993 Jean-loup Gailly.
This is free software.  You may redistribute copies of it under the terms of
the GNU General Public License <http://www.gnu.org/licenses/gpl.html>.
There is NO WARRANTY, to the extent permitted by law.

Written by Jean-loup Gailly.
[34m[1mzip version[0m
Copyright (c) 1990-2008 Info-ZIP - Type 'zip "-L"' for software license.
This is Zip 3.0 (July 5th 2008), by Info-ZIP.
Currently maintained by E. Gordon.  Please send bug reports to
the authors using the web page at www.info-zip.org; see README for details.

Latest sources and executables are at ftp://ftp.info-zip.org/pub/infozip,
as of above date; see http://www.info-zip.org/ for other sites.

Compiled with gcc 4.8.2 for Unix (Linux ELF) on Oct 21 2013.

Zip special compilation options:
	USE_EF_UT_TIME       (store Universal Time)
	BZIP2_SUPPORT        (bzip2 library version 1.0.6, 6-Sept-2010)
	    bzip2 code and library copyright (c) Julian R Seward
	    (See the bzip2 license for terms of use)
	SYMLINK_SUPPORT      (symbolic links supported)
	LARGE_FILE_SUPPORT   (can read and write large files on file system)
	ZIP64_SUPPORT        (use Zip64 to store large files in archives)
	UNICODE_SUPPORT      (store and read UTF-8 Unicode paths)
	STORE_UNIX_UIDs_GIDs (store UID/GID sizes/values using new extra field)
	UIDGID_NOT_16BIT     (old Unix 16-bit UID/GID extra field not used)
	[encryption, version 2.91 of 05 Jan 2007] (modified for Zip 3)

Encryption notice:
	The encryption code of this program is not copyrighted and is
	put in the public domain.  It was originally written in Europe
	and, to the best of our knowledge, can be freely distributed
	in both source and object forms from any country, including
	the USA under License Exception TSU of the U.S. Export
	Administration Regulations (section 740.13(e)) of 6 June 2002.

Zip environment options:
             ZIP:  [none]
          ZIPOPT:  [none]
[34m[1mvim version[0m
VIM - Vi IMproved 7.4 (2013 Aug 10, compiled Nov 24 2016 16:43:18)
Included patches: 1-52
Extra patches: 8.0.0056
Modified by pkg-vim-maintainers@lists.alioth.debian.org
Compiled by buildd@
Huge version without GUI.  Features included (+) or not (-):
+acl             +farsi           +mouse_netterm   +syntax
+arabic          +file_in_path    +mouse_sgr       +tag_binary
+autocmd         +find_in_path    -mouse_sysmouse  +tag_old_static
-balloon_eval    +float           +mouse_urxvt     -tag_any_white
-browse          +folding         +mouse_xterm     -tcl
++builtin_terms  -footer          +multi_byte      +terminfo
+byte_offset     +fork()          +multi_lang      +termresponse
+cindent         +gettext         -mzscheme        +textobjects
-clientserver    -hangul_input    +netbeans_intg   +title
-clipboard       +iconv           +path_extra      -toolbar
+cmdline_compl   +insert_expand   -perl            +user_commands
+cmdline_hist    +jumplist        +persistent_undo +vertsplit
+cmdline_info    +keymap          +postscript      +virtualedit
+comments        +langmap         +printer         +visual
+conceal         +libcall         +profile         +visualextra
+cryptv          +linebreak       +python          +viminfo
+cscope          +lispindent      -python3         +vreplace
+cursorbind      +listcmds        +quickfix        +wildignore
+cursorshape     +localmap        +reltime         +wildmenu
+dialog_con      -lua             +rightleft       +windows
+diff            +menu            -ruby            +writebackup
+digraphs        +mksession       +scrollbind      -X11
-dnd             +modify_fname    +signs           -xfontset
-ebcdic          +mouse           +smartindent     -xim
+emacs_tags      -mouseshape      -sniff           -xsmp
+eval            +mouse_dec       +startuptime     -xterm_clipboard
+ex_extra        +mouse_gpm       +statusline      -xterm_save
+extra_search    -mouse_jsbterm   -sun_workshop    -xpm
   system vimrc file: "$VIM/vimrc"
     user vimrc file: "$HOME/.vimrc"
 2nd user vimrc file: "~/.vim/vimrc"
      user exrc file: "$HOME/.exrc"
  fall-back for $VIM: "/usr/share/vim"
Compilation: gcc -c -I. -Iproto -DHAVE_CONFIG_H     -g -O2 -fstack-protector --param=ssp-buffer-size=4 -Wformat -Werror=format-security -U_FORTIFY_SOURCE -D_FORTIFY_SOURCE=1      
Linking: gcc   -Wl,-Bsymbolic-functions -Wl,-z,relro -Wl,--as-needed -o vim        -lm -ltinfo -lnsl  -lselinux  -lacl -lattr -lgpm -ldl    -L/usr/lib/python2.7/config-x86_64-linux-gnu -lpython2.7 -lpthread -ldl -lutil -lm -Xlinker -export-dynamic -Wl,-O1 -Wl,-Bsymbolic-functions      
[34m[1miptables version[0m
iptables v1.4.21
[34m[1mcurl version[0m
curl 7.35.0 (x86_64-pc-linux-gnu) libcurl/7.35.0 OpenSSL/1.0.1f zlib/1.2.8 libidn/1.28 librtmp/2.3
[34m[1mwget version[0m
GNU Wget 1.15 built on linux-gnu.
[34m[1mrsync version[0m
rsync  version 3.1.0  protocol version 31
[34m[1mgimme version[0m
v1.2.0
[34m[1mnvm version[0m
0.33.6
[34m[1mperlbrew version[0m
/home/travis/perl5/perlbrew/bin/perlbrew  - App::perlbrew/0.80
[34m[1mphpenv version[0m
rbenv 1.1.1-25-g6aa70b6
[34m[1mrvm version[0m
rvm 1.29.3 (latest) by Michal Papis, Piotr Kuczynski, Wayne E. Seguin [https://rvm.io]
[34m[1mdefault ruby version[0m
ruby 2.4.1p111 (2017-03-22 revision 58053) [x86_64-linux]
[34m[1mCouchDB version[0m
couchdb 1.6.1
[34m[1mElasticSearch version[0m
5.5.0
[34m[1mInstalled Firefox version[0m
firefox 56.0.2
[34m[1mMongoDB version[0m
MongoDB 3.4.10
[34m[1mPhantomJS version[0m
2.1.1
[34m[1mPre-installed PostgreSQL versions[0m
9.2.24
9.3.20
9.4.15
9.5.10
9.6.6
[34m[1mRabbitMQ Version[0m
3.6.14
[34m[1mRedis version[0m
redis-server 4.0.6
[34m[1mriak version[0m
2.2.3
[34m[1mPre-installed Go versions[0m
1.7.4
[34m[1mant version[0m
Apache Ant(TM) version 1.9.3 compiled on April 8 2014
[34m[1mmvn version[0m
Apache Maven 3.5.2 (138edd61fd100ec658bfa2d307c43b76940a5d7d; 2017-10-18T07:58:13Z)
Maven home: /usr/local/maven-3.5.2
Java version: 1.8.0_151, vendor: Oracle Corporation
Java home: /usr/lib/jvm/java-8-oracle/jre
Default locale: en_US, platform encoding: UTF-8
OS name: "linux", version: "4.4.0-101-generic", arch: "amd64", family: "unix"
[34m[1mgradle version[0m

------------------------------------------------------------
Gradle 4.0.1
------------------------------------------------------------

Build time:   2017-07-07 14:02:41 UTC
Revision:     38e5dc0f772daecca1d2681885d3d85414eb6826

Groovy:       2.4.11
Ant:          Apache Ant(TM) version 1.9.6 compiled on June 29 2015
JVM:          1.8.0_151 (Oracle Corporation 25.151-b12)
OS:           Linux 4.4.0-101-generic amd64

[34m[1mlein version[0m
Leiningen 2.8.1 on Java 1.8.0_151 Java HotSpot(TM) 64-Bit Server VM
[34m[1mPre-installed Node.js versions[0m
v4.8.6
v6.12.0
v6.12.1
v8.9
v8.9.1
[34m[1mphpenv versions[0m
  system
  5.6
* 5.6.32 (set by /home/travis/.phpenv/version)
  7.0
  7.0.25
  7.1
  7.1.11
  hhvm
  hhvm-stable
[34m[1mcomposer --version[0m
Composer version 1.5.2 2017-09-11 16:59:25
[34m[1mPre-installed Ruby versions[0m
ruby-2.2.7
ruby-2.3.4
ruby-2.4.1
travis_fold:end:system_info[0K
removed â€˜/etc/apt/sources.list.d/basho_riak.listâ€™
Executing: /tmp/tmp.KkA2CM78Tj/gpg.1.sh --keyserver
hkp://keyserver.ubuntu.com:80
--recv
EA312927
gpg: requesting key EA312927 from hkp server keyserver.ubuntu.com
gpg: key EA312927: public key "MongoDB 3.2 Release Signing Key <packaging@mongodb.com>" imported
gpg: Total number processed: 1
gpg:               imported: 1  (RSA: 1)
W: http://ppa.launchpad.net/couchdb/stable/ubuntu/dists/trusty/Release.gpg: Signature by key 15866BAFD9BCC4F3C1E0DFC7D69548E1C17EAB57 uses weak digest algorithm (SHA1)
127.0.0.1	localhost
::1	 ip6-localhost ip6-loopback
fe00::0	ip6-localnet
ff00::0	ip6-mcastprefix
ff02::1	ip6-allnodes
ff02::2	ip6-allrouters
172.17.0.19	travis-job-haraldk-twelvemonkeys-318828168.travisci.net travis-job-haraldk-twelvemonkeys-318828168
$ jdk_switcher use oraclejdk8
Switching to Oracle JDK8 (java-8-oracle), JAVA_HOME will be set to /usr/lib/jvm/java-8-oracle
travis_fold:start:git.checkout[0Ktravis_time:start:04029eed[0K$ git clone --depth=50 --branch=master https://github.com/haraldk/TwelveMonkeys.git haraldk/TwelveMonkeys
Cloning into 'haraldk/TwelveMonkeys'...
remote: Counting objects: 3265, done.[K
remote: Compressing objects:   0% (1/1761)   [Kremote: Compressing objects:   1% (18/1761)   [Kremote: Compressing objects:   2% (36/1761)   [Kremote: Compressing objects:   3% (53/1761)   [Kremote: Compressing objects:   4% (71/1761)   [Kremote: Compressing objects:   5% (89/1761)   [Kremote: Compressing objects:   6% (106/1761)   [Kremote: Compressing objects:   7% (124/1761)   [Kremote: Compressing objects:   8% (141/1761)   [Kremote: Compressing objects:   9% (159/1761)   [Kremote: Compressing objects:  10% (177/1761)   [Kremote: Compressing objects:  11% (194/1761)   [Kremote: Compressing objects:  12% (212/1761)   [Kremote: Compressing objects:  13% (229/1761)   [Kremote: Compressing objects:  14% (247/1761)   [Kremote: Compressing objects:  15% (265/1761)   [Kremote: Compressing objects:  16% (282/1761)   [Kremote: Compressing objects:  17% (300/1761)   [Kremote: Compressing objects:  18% (317/1761)   [Kremote: Compressing objects:  19% (335/1761)   [Kremote: Compressing objects:  20% (353/1761)   [Kremote: Compressing objects:  21% (370/1761)   [Kremote: Compressing objects:  22% (388/1761)   [Kremote: Compressing objects:  23% (406/1761)   [Kremote: Compressing objects:  24% (423/1761)   [Kremote: Compressing objects:  25% (441/1761)   [Kremote: Compressing objects:  26% (458/1761)   [Kremote: Compressing objects:  27% (476/1761)   [Kremote: Compressing objects:  28% (494/1761)   [Kremote: Compressing objects:  29% (511/1761)   [Kremote: Compressing objects:  30% (529/1761)   [Kremote: Compressing objects:  31% (546/1761)   [Kremote: Compressing objects:  32% (564/1761)   [Kremote: Compressing objects:  33% (582/1761)   [Kremote: Compressing objects:  34% (599/1761)   [Kremote: Compressing objects:  35% (617/1761)   [Kremote: Compressing objects:  36% (634/1761)   [Kremote: Compressing objects:  37% (652/1761)   [Kremote: Compressing objects:  38% (670/1761)   [Kremote: Compressing objects:  39% (687/1761)   [Kremote: Compressing objects:  40% (705/1761)   [Kremote: Compressing objects:  41% (723/1761)   [Kremote: Compressing objects:  42% (740/1761)   [Kremote: Compressing objects:  43% (758/1761)   [Kremote: Compressing objects:  44% (775/1761)   [Kremote: Compressing objects:  45% (793/1761)   [Kremote: Compressing objects:  46% (811/1761)   [Kremote: Compressing objects:  47% (828/1761)   [Kremote: Compressing objects:  48% (846/1761)   [Kremote: Compressing objects:  49% (863/1761)   [Kremote: Compressing objects:  50% (881/1761)   [Kremote: Compressing objects:  51% (899/1761)   [Kremote: Compressing objects:  52% (916/1761)   [Kremote: Compressing objects:  53% (934/1761)   [Kremote: Compressing objects:  54% (951/1761)   [Kremote: Compressing objects:  55% (969/1761)   [Kremote: Compressing objects:  56% (987/1761)   [Kremote: Compressing objects:  57% (1004/1761)   [Kremote: Compressing objects:  58% (1022/1761)   [Kremote: Compressing objects:  59% (1039/1761)   [Kremote: Compressing objects:  60% (1057/1761)   [Kremote: Compressing objects:  61% (1075/1761)   [Kremote: Compressing objects:  62% (1092/1761)   [Kremote: Compressing objects:  63% (1110/1761)   [Kremote: Compressing objects:  64% (1128/1761)   [Kremote: Compressing objects:  65% (1145/1761)   [Kremote: Compressing objects:  66% (1163/1761)   [Kremote: Compressing objects:  67% (1180/1761)   [Kremote: Compressing objects:  68% (1198/1761)   [Kremote: Compressing objects:  69% (1216/1761)   [Kremote: Compressing objects:  70% (1233/1761)   [Kremote: Compressing objects:  71% (1251/1761)   [Kremote: Compressing objects:  72% (1268/1761)   [Kremote: Compressing objects:  73% (1286/1761)   [Kremote: Compressing objects:  74% (1304/1761)   [Kremote: Compressing objects:  75% (1321/1761)   [Kremote: Compressing objects:  76% (1339/1761)   [Kremote: Compressing objects:  77% (1356/1761)   [Kremote: Compressing objects:  78% (1374/1761)   [Kremote: Compressing objects:  79% (1392/1761)   [Kremote: Compressing objects:  80% (1409/1761)   [Kremote: Compressing objects:  81% (1427/1761)   [Kremote: Compressing objects:  82% (1445/1761)   [Kremote: Compressing objects:  83% (1462/1761)   [Kremote: Compressing objects:  84% (1480/1761)   [Kremote: Compressing objects:  85% (1497/1761)   [Kremote: Compressing objects:  86% (1515/1761)   [Kremote: Compressing objects:  87% (1533/1761)   [Kremote: Compressing objects:  88% (1550/1761)   [Kremote: Compressing objects:  89% (1568/1761)   [Kremote: Compressing objects:  90% (1585/1761)   [Kremote: Compressing objects:  91% (1603/1761)   [Kremote: Compressing objects:  92% (1621/1761)   [Kremote: Compressing objects:  93% (1638/1761)   [Kremote: Compressing objects:  94% (1656/1761)   [Kremote: Compressing objects:  95% (1673/1761)   [Kremote: Compressing objects:  96% (1691/1761)   [Kremote: Compressing objects:  97% (1709/1761)   [Kremote: Compressing objects:  98% (1726/1761)   [Kremote: Compressing objects:  99% (1744/1761)   [Kremote: Compressing objects: 100% (1761/1761)   [Kremote: Compressing objects: 100% (1761/1761), done.[K
Receiving objects:   0% (1/3265)   Receiving objects:   1% (33/3265)   Receiving objects:   2% (66/3265)   Receiving objects:   3% (98/3265)   Receiving objects:   4% (131/3265)   Receiving objects:   5% (164/3265)   Receiving objects:   6% (196/3265)   Receiving objects:   7% (229/3265)   Receiving objects:   8% (262/3265)   Receiving objects:   9% (294/3265)   Receiving objects:  10% (327/3265)   Receiving objects:  11% (360/3265)   Receiving objects:  12% (392/3265)   Receiving objects:  13% (425/3265)   Receiving objects:  14% (458/3265)   Receiving objects:  15% (490/3265)   Receiving objects:  16% (523/3265)   Receiving objects:  17% (556/3265)   Receiving objects:  18% (588/3265)   Receiving objects:  19% (621/3265)   Receiving objects:  20% (653/3265), 6.44 MiB | 12.87 MiB/s   Receiving objects:  21% (686/3265), 6.44 MiB | 12.87 MiB/s   Receiving objects:  22% (719/3265), 6.44 MiB | 12.87 MiB/s   Receiving objects:  23% (751/3265), 6.44 MiB | 12.87 MiB/s   Receiving objects:  24% (784/3265), 6.44 MiB | 12.87 MiB/s   Receiving objects:  25% (817/3265), 6.44 MiB | 12.87 MiB/s   Receiving objects:  26% (849/3265), 6.44 MiB | 12.87 MiB/s   Receiving objects:  27% (882/3265), 6.44 MiB | 12.87 MiB/s   Receiving objects:  28% (915/3265), 6.44 MiB | 12.87 MiB/s   Receiving objects:  29% (947/3265), 6.44 MiB | 12.87 MiB/s   Receiving objects:  30% (980/3265), 6.44 MiB | 12.87 MiB/s   Receiving objects:  30% (1009/3265), 18.01 MiB | 18.00 MiB/s   Receiving objects:  31% (1013/3265), 18.01 MiB | 18.00 MiB/s   Receiving objects:  32% (1045/3265), 30.95 MiB | 20.63 MiB/s   Receiving objects:  33% (1078/3265), 30.95 MiB | 20.63 MiB/s   Receiving objects:  34% (1111/3265), 30.95 MiB | 20.63 MiB/s   Receiving objects:  35% (1143/3265), 30.95 MiB | 20.63 MiB/s   Receiving objects:  36% (1176/3265), 30.95 MiB | 20.63 MiB/s   Receiving objects:  36% (1204/3265), 30.95 MiB | 20.63 MiB/s   Receiving objects:  37% (1209/3265), 43.77 MiB | 21.88 MiB/s   Receiving objects:  38% (1241/3265), 43.77 MiB | 21.88 MiB/s   Receiving objects:  39% (1274/3265), 43.77 MiB | 21.88 MiB/s   Receiving objects:  40% (1306/3265), 43.77 MiB | 21.88 MiB/s   Receiving objects:  41% (1339/3265), 43.77 MiB | 21.88 MiB/s   Receiving objects:  42% (1372/3265), 56.37 MiB | 22.55 MiB/s   Receiving objects:  43% (1404/3265), 56.37 MiB | 22.55 MiB/s   Receiving objects:  44% (1437/3265), 56.37 MiB | 22.55 MiB/s   Receiving objects:  45% (1470/3265), 56.37 MiB | 22.55 MiB/s   Receiving objects:  46% (1502/3265), 56.37 MiB | 22.55 MiB/s   Receiving objects:  46% (1524/3265), 66.03 MiB | 22.01 MiB/s   Receiving objects:  47% (1535/3265), 66.03 MiB | 22.01 MiB/s   Receiving objects:  48% (1568/3265), 66.03 MiB | 22.01 MiB/s   Receiving objects:  49% (1600/3265), 74.79 MiB | 21.37 MiB/s   Receiving objects:  50% (1633/3265), 74.79 MiB | 21.37 MiB/s   Receiving objects:  51% (1666/3265), 74.79 MiB | 21.37 MiB/s   Receiving objects:  52% (1698/3265), 74.79 MiB | 21.37 MiB/s   Receiving objects:  53% (1731/3265), 74.79 MiB | 21.37 MiB/s   Receiving objects:  54% (1764/3265), 74.79 MiB | 21.37 MiB/s   Receiving objects:  55% (1796/3265), 74.79 MiB | 21.37 MiB/s   Receiving objects:  56% (1829/3265), 74.79 MiB | 21.37 MiB/s   Receiving objects:  57% (1862/3265), 74.79 MiB | 21.37 MiB/s   Receiving objects:  57% (1871/3265), 87.11 MiB | 21.78 MiB/s   Receiving objects:  57% (1874/3265), 112.46 MiB | 23.56 MiB/s   Receiving objects:  57% (1875/3265), 124.50 MiB | 23.66 MiB/s   Receiving objects:  58% (1894/3265), 132.89 MiB | 22.65 MiB/s   Receiving objects:  59% (1927/3265), 132.89 MiB | 22.65 MiB/s   Receiving objects:  60% (1959/3265), 132.89 MiB | 22.65 MiB/s   Receiving objects:  61% (1992/3265), 132.89 MiB | 22.65 MiB/s   Receiving objects:  62% (2025/3265), 132.89 MiB | 22.65 MiB/s   Receiving objects:  63% (2057/3265), 132.89 MiB | 22.65 MiB/s   Receiving objects:  64% (2090/3265), 132.89 MiB | 22.65 MiB/s   Receiving objects:  65% (2123/3265), 132.89 MiB | 22.65 MiB/s   Receiving objects:  66% (2155/3265), 132.89 MiB | 22.65 MiB/s   Receiving objects:  67% (2188/3265), 132.89 MiB | 22.65 MiB/s   Receiving objects:  68% (2221/3265), 132.89 MiB | 22.65 MiB/s   Receiving objects:  69% (2253/3265), 132.89 MiB | 22.65 MiB/s   Receiving objects:  70% (2286/3265), 132.89 MiB | 22.65 MiB/s   Receiving objects:  71% (2319/3265), 132.89 MiB | 22.65 MiB/s   Receiving objects:  72% (2351/3265), 132.89 MiB | 22.65 MiB/s   Receiving objects:  73% (2384/3265), 132.89 MiB | 22.65 MiB/s   Receiving objects:  74% (2417/3265), 132.89 MiB | 22.65 MiB/s   Receiving objects:  75% (2449/3265), 132.89 MiB | 22.65 MiB/s   Receiving objects:  76% (2482/3265), 132.89 MiB | 22.65 MiB/s   Receiving objects:  77% (2515/3265), 132.89 MiB | 22.65 MiB/s   Receiving objects:  78% (2547/3265), 132.89 MiB | 22.65 MiB/s   Receiving objects:  79% (2580/3265), 132.89 MiB | 22.65 MiB/s   Receiving objects:  80% (2612/3265), 132.89 MiB | 22.65 MiB/s   Receiving objects:  81% (2645/3265), 132.89 MiB | 22.65 MiB/s   Receiving objects:  82% (2678/3265), 132.89 MiB | 22.65 MiB/s   Receiving objects:  83% (2710/3265), 132.89 MiB | 22.65 MiB/s   Receiving objects:  84% (2743/3265), 132.89 MiB | 22.65 MiB/s   Receiving objects:  85% (2776/3265), 132.89 MiB | 22.65 MiB/s   Receiving objects:  86% (2808/3265), 132.89 MiB | 22.65 MiB/s   Receiving objects:  87% (2841/3265), 132.89 MiB | 22.65 MiB/s   Receiving objects:  88% (2874/3265), 132.89 MiB | 22.65 MiB/s   Receiving objects:  89% (2906/3265), 132.89 MiB | 22.65 MiB/s   Receiving objects:  90% (2939/3265), 132.89 MiB | 22.65 MiB/s   Receiving objects:  91% (2972/3265), 132.89 MiB | 22.65 MiB/s   Receiving objects:  92% (3004/3265), 132.89 MiB | 22.65 MiB/s   Receiving objects:  93% (3037/3265), 132.89 MiB | 22.65 MiB/s   Receiving objects:  94% (3070/3265), 132.89 MiB | 22.65 MiB/s   Receiving objects:  95% (3102/3265), 132.89 MiB | 22.65 MiB/s   Receiving objects:  96% (3135/3265), 132.89 MiB | 22.65 MiB/s   remote: Total 3265 (delta 1003), reused 2595 (delta 683), pack-reused 0[K
Receiving objects:  97% (3168/3265), 132.89 MiB | 22.65 MiB/s   Receiving objects:  98% (3200/3265), 132.89 MiB | 22.65 MiB/s   Receiving objects:  99% (3233/3265), 132.89 MiB | 22.65 MiB/s   Receiving objects: 100% (3265/3265), 132.89 MiB | 22.65 MiB/s   Receiving objects: 100% (3265/3265), 137.28 MiB | 22.05 MiB/s, done.
Resolving deltas:   0% (0/1003)   Resolving deltas:   7% (74/1003)   Resolving deltas:   8% (82/1003)   Resolving deltas:  10% (110/1003)   Resolving deltas:  11% (117/1003)   Resolving deltas:  12% (124/1003)   Resolving deltas:  13% (132/1003)   Resolving deltas:  15% (154/1003)   Resolving deltas:  16% (164/1003)   Resolving deltas:  17% (172/1003)   Resolving deltas:  18% (182/1003)   Resolving deltas:  19% (191/1003)   Resolving deltas:  20% (201/1003)   Resolving deltas:  21% (218/1003)   Resolving deltas:  22% (223/1003)   Resolving deltas:  23% (233/1003)   Resolving deltas:  24% (241/1003)   Resolving deltas:  28% (290/1003)   Resolving deltas:  29% (291/1003)   Resolving deltas:  31% (311/1003)   Resolving deltas:  34% (342/1003)   Resolving deltas:  35% (357/1003)   Resolving deltas:  37% (373/1003)   Resolving deltas:  38% (387/1003)   Resolving deltas:  39% (392/1003)   Resolving deltas:  40% (403/1003)   Resolving deltas:  41% (412/1003)   Resolving deltas:  42% (422/1003)   Resolving deltas:  43% (440/1003)   Resolving deltas:  44% (444/1003)   Resolving deltas:  45% (454/1003)   Resolving deltas:  46% (464/1003)   Resolving deltas:  47% (472/1003)   Resolving deltas:  48% (482/1003)   Resolving deltas:  49% (494/1003)   Resolving deltas:  50% (502/1003)   Resolving deltas:  51% (512/1003)   Resolving deltas:  52% (530/1003)   Resolving deltas:  53% (532/1003)   Resolving deltas:  54% (549/1003)   Resolving deltas:  55% (558/1003)   Resolving deltas:  57% (573/1003)   Resolving deltas:  58% (583/1003)   Resolving deltas:  59% (593/1003)   Resolving deltas:  60% (602/1003)   Resolving deltas:  61% (614/1003)   Resolving deltas:  62% (630/1003)   Resolving deltas:  63% (632/1003)   Resolving deltas:  64% (649/1003)   Resolving deltas:  65% (656/1003)   Resolving deltas:  66% (667/1003)   Resolving deltas:  67% (673/1003)   Resolving deltas:  68% (684/1003)   Resolving deltas:  69% (694/1003)   Resolving deltas:  70% (710/1003)   Resolving deltas:  71% (714/1003)   Resolving deltas:  72% (726/1003)   Resolving deltas:  73% (737/1003)   Resolving deltas:  74% (748/1003)   Resolving deltas:  75% (754/1003)   Resolving deltas:  76% (763/1003)   Resolving deltas:  77% (775/1003)   Resolving deltas:  78% (783/1003)   Resolving deltas:  79% (793/1003)   Resolving deltas:  80% (803/1003)   Resolving deltas:  81% (818/1003)   Resolving deltas:  84% (843/1003)   Resolving deltas:  86% (871/1003)   Resolving deltas:  87% (875/1003)   Resolving deltas:  89% (899/1003)   Resolving deltas:  90% (905/1003)   Resolving deltas:  91% (916/1003)   Resolving deltas:  92% (928/1003)   Resolving deltas:  93% (934/1003)   Resolving deltas:  94% (945/1003)   Resolving deltas:  95% (953/1003)   Resolving deltas:  96% (963/1003)   Resolving deltas:  97% (973/1003)   Resolving deltas:  98% (983/1003)   Resolving deltas:  99% (993/1003)   Resolving deltas: 100% (1003/1003)   Resolving deltas: 100% (1003/1003), done.

travis_time:end:04029eed:start=1513716055697835917,finish=1513716064203673706,duration=8505837789[0K$ cd haraldk/TwelveMonkeys
$ git checkout -qf b8a540c0af5ea7cb8bfdf5627274ea991b367240
travis_fold:end:git.checkout[0K
[33;1mSetting environment variables from .travis.yml[0m
$ export MAVEN_OPTS=-Dsun.java2d.cmm=sun.java2d.cmm.kcms.KcmsServiceProvider

[33;1mDisabling Gradle daemon[0m
travis_time:start:0d7de997[0K$ mkdir -p ~/.gradle && echo "org.gradle.daemon=false" >> ~/.gradle/gradle.properties

travis_time:end:0d7de997:start=1513716070038801553,finish=1513716070043992476,duration=5190923[0K$ export PATH=$JAVA_HOME/bin:$PATH
travis_fold:start:cache.1[0KSetting up build cache
$ export CASHER_DIR=$HOME/.casher
travis_time:start:17960cd9[0K$ Installing caching utilities

travis_time:end:17960cd9:start=1513716073572913438,finish=1513716073937963167,duration=365049729[0Ktravis_time:start:0c736ca0[0K
travis_time:end:0c736ca0:start=1513716073951602141,finish=1513716073956466758,duration=4864617[0Ktravis_time:start:2fd0570f[0K[32;1mattempting to download cache archive[0m
[32;1mfetching master/cache-linux-trusty-bd8e22b08d3272524870235954e03d89eef7866c1abb168e328af35364f53e7f--jdk-oraclejdk8.tgz[0m
[32;1mfound cache[0m

travis_time:end:2fd0570f:start=1513716073961856340,finish=1513716085911599380,duration=11949743040[0Ktravis_time:start:01d2fc84[0K
travis_time:end:01d2fc84:start=1513716085916601744,finish=1513716085920960469,duration=4358725[0Ktravis_time:start:1bd06fae[0K[32;1madding /home/travis/.m2 to cache[0m

travis_time:end:1bd06fae:start=1513716085925883284,finish=1513716090519825666,duration=4593942382[0Ktravis_fold:end:cache.1[0K$ java -Xmx32m -version
Picked up _JAVA_OPTIONS: -Xmx2048m -Xms512m
java version "1.8.0_151"
Java(TM) SE Runtime Environment (build 1.8.0_151-b12)
Java HotSpot(TM) 64-Bit Server VM (build 25.151-b12, mixed mode)
$ javac -J-Xmx32m -version
Picked up _JAVA_OPTIONS: -Xmx2048m -Xms512m
javac 1.8.0_151
travis_fold:start:install[0Ktravis_time:start:0007fc32[0K$ mvn install -DskipTests=true -Dmaven.javadoc.skip=true -B -V
Picked up _JAVA_OPTIONS: -Xmx2048m -Xms512m
Apache Maven 3.5.2 (138edd61fd100ec658bfa2d307c43b76940a5d7d; 2017-10-18T07:58:13Z)
Maven home: /usr/local/maven-3.5.2
Java version: 1.8.0_151, vendor: Oracle Corporation
Java home: /usr/lib/jvm/java-8-oracle/jre
Default locale: en_US, platform encoding: UTF-8
OS name: "linux", version: "4.9.6-040906-generic", arch: "amd64", family: "unix"
[INFO] Scanning for projects...
[INFO] ------------------------------------------------------------------------
[INFO] Reactor Build Order:
[INFO] 
[INFO] Twelvemonkeys
[INFO] TwelveMonkeys :: Common
[INFO] TwelveMonkeys :: Common :: Language support
[INFO] TwelveMonkeys :: Common :: IO
[INFO] TwelveMonkeys :: Common :: Image
[INFO] TwelveMonkeys :: Servlet
[INFO] TwelveMonkeys :: ImageIO
[INFO] TwelveMonkeys :: ImageIO :: Core
[INFO] TwelveMonkeys :: ImageIO :: Metadata
[INFO] TwelveMonkeys :: ImageIO :: Photoshop Path Support
[INFO] TwelveMonkeys :: ImageIO :: BMP plugin
[INFO] TwelveMonkeys :: ImageIO :: HDR plugin
[INFO] TwelveMonkeys :: ImageIO :: ICNS plugin
[INFO] TwelveMonkeys :: ImageIO :: IFF plugin
[INFO] TwelveMonkeys :: ImageIO :: JPEG plugin
[INFO] TwelveMonkeys :: ImageIO :: PCX plugin
[INFO] TwelveMonkeys :: ImageIO :: PDF plugin
[INFO] TwelveMonkeys :: ImageIO :: PICT plugin
[INFO] TwelveMonkeys :: ImageIO :: PNM plugin
[INFO] TwelveMonkeys :: ImageIO :: PSD plugin
[INFO] TwelveMonkeys :: ImageIO :: SGI plugin
[INFO] TwelveMonkeys :: ImageIO :: TGA plugin
[INFO] TwelveMonkeys :: ImageIO :: Thumbs.db plugin
[INFO] TwelveMonkeys :: ImageIO :: TIFF plugin
[INFO] TwelveMonkeys :: ImageIO :: Batik Plugin
[INFO] TwelveMonkeys :: ImageIO :: reference test cases
[INFO] TwelveMonkeys :: Contrib
[INFO] TwelveMonkeys :: BOM
[INFO] 
[INFO] ------------------------------------------------------------------------
[INFO] Building Twelvemonkeys 3.4-SNAPSHOT
[INFO] ------------------------------------------------------------------------
[INFO] 
[INFO] --- maven-enforcer-plugin:1.2:enforce (enforce-maven) @ twelvemonkeys ---
[INFO] 
[INFO] --- maven-jar-plugin:2.6:test-jar (attach-tests) @ twelvemonkeys ---
[WARNING] JAR will be empty - no content was marked for inclusion!
[INFO] Building jar: /home/travis/build/haraldk/TwelveMonkeys/target/twelvemonkeys-twelvemonkeys-3.4-SNAPSHOT-tests.jar
[INFO] 
[INFO] >>> maven-source-plugin:2.4:jar (attach-sources) > generate-sources @ twelvemonkeys >>>
[INFO] 
[INFO] --- maven-enforcer-plugin:1.2:enforce (enforce-maven) @ twelvemonkeys ---
[INFO] 
[INFO] <<< maven-source-plugin:2.4:jar (attach-sources) < generate-sources @ twelvemonkeys <<<
[INFO] 
[INFO] 
[INFO] --- maven-source-plugin:2.4:jar (attach-sources) @ twelvemonkeys ---
[INFO] 
[INFO] >>> maven-source-plugin:2.4:test-jar (attach-sources) > generate-sources @ twelvemonkeys >>>
[INFO] 
[INFO] --- maven-enforcer-plugin:1.2:enforce (enforce-maven) @ twelvemonkeys ---
[INFO] 
[INFO] <<< maven-source-plugin:2.4:test-jar (attach-sources) < generate-sources @ twelvemonkeys <<<
[INFO] 
[INFO] 
[INFO] --- maven-source-plugin:2.4:test-jar (attach-sources) @ twelvemonkeys ---
[INFO] 
[INFO] --- maven-install-plugin:2.4:install (default-install) @ twelvemonkeys ---
[INFO] Installing /home/travis/build/haraldk/TwelveMonkeys/pom.xml to /home/travis/.m2/repository/com/twelvemonkeys/twelvemonkeys/3.4-SNAPSHOT/twelvemonkeys-3.4-SNAPSHOT.pom
[INFO] Installing /home/travis/build/haraldk/TwelveMonkeys/target/twelvemonkeys-twelvemonkeys-3.4-SNAPSHOT-tests.jar to /home/travis/.m2/repository/com/twelvemonkeys/twelvemonkeys/3.4-SNAPSHOT/twelvemonkeys-3.4-SNAPSHOT-tests.jar
[INFO] 
[INFO] ------------------------------------------------------------------------
[INFO] Building TwelveMonkeys :: Common 3.4-SNAPSHOT
[INFO] ------------------------------------------------------------------------
[INFO] 
[INFO] --- maven-enforcer-plugin:1.2:enforce (enforce-maven) @ common ---
[INFO] 
[INFO] --- maven-jar-plugin:2.6:test-jar (attach-tests) @ common ---
[WARNING] JAR will be empty - no content was marked for inclusion!
[INFO] Building jar: /home/travis/build/haraldk/TwelveMonkeys/common/target/twelvemonkeys-common-3.4-SNAPSHOT-tests.jar
[INFO] 
[INFO] >>> maven-source-plugin:2.4:jar (attach-sources) > generate-sources @ common >>>
[INFO] 
[INFO] --- maven-enforcer-plugin:1.2:enforce (enforce-maven) @ common ---
[INFO] 
[INFO] <<< maven-source-plugin:2.4:jar (attach-sources) < generate-sources @ common <<<
[INFO] 
[INFO] 
[INFO] --- maven-source-plugin:2.4:jar (attach-sources) @ common ---
[INFO] 
[INFO] >>> maven-source-plugin:2.4:test-jar (attach-sources) > generate-sources @ common >>>
[INFO] 
[INFO] --- maven-enforcer-plugin:1.2:enforce (enforce-maven) @ common ---
[INFO] 
[INFO] <<< maven-source-plugin:2.4:test-jar (attach-sources) < generate-sources @ common <<<
[INFO] 
[INFO] 
[INFO] --- maven-source-plugin:2.4:test-jar (attach-sources) @ common ---
[INFO] 
[INFO] --- maven-install-plugin:2.4:install (default-install) @ common ---
[INFO] Installing /home/travis/build/haraldk/TwelveMonkeys/common/pom.xml to /home/travis/.m2/repository/com/twelvemonkeys/common/common/3.4-SNAPSHOT/common-3.4-SNAPSHOT.pom
[INFO] Installing /home/travis/build/haraldk/TwelveMonkeys/common/target/twelvemonkeys-common-3.4-SNAPSHOT-tests.jar to /home/travis/.m2/repository/com/twelvemonkeys/common/common/3.4-SNAPSHOT/common-3.4-SNAPSHOT-tests.jar
[INFO] 
[INFO] ------------------------------------------------------------------------
[INFO] Building TwelveMonkeys :: Common :: Language support 3.4-SNAPSHOT
[INFO] ------------------------------------------------------------------------
[INFO] 
[INFO] --- maven-enforcer-plugin:1.2:enforce (enforce-maven) @ common-lang ---
[INFO] 
[INFO] --- maven-resources-plugin:2.7:resources (default-resources) @ common-lang ---
[INFO] Using 'UTF-8' encoding to copy filtered resources.
[INFO] skip non existing resourceDirectory /home/travis/build/haraldk/TwelveMonkeys/common/common-lang/src/main/resources
[INFO] 
[INFO] --- maven-compiler-plugin:3.3:compile (default-compile) @ common-lang ---
[INFO] Changes detected - recompiling the module!
[INFO] Compiling 48 source files to /home/travis/build/haraldk/TwelveMonkeys/common/common-lang/target/classes
[INFO] /home/travis/build/haraldk/TwelveMonkeys/common/common-lang/src/main/java/com/twelvemonkeys/util/TimeFormat.java: Some input files use unchecked or unsafe operations.
[INFO] /home/travis/build/haraldk/TwelveMonkeys/common/common-lang/src/main/java/com/twelvemonkeys/util/TimeFormat.java: Recompile with -Xlint:unchecked for details.
[INFO] 
[INFO] --- maven-resources-plugin:2.7:testResources (default-testResources) @ common-lang ---
[INFO] Using 'UTF-8' encoding to copy filtered resources.
[INFO] Copying 2 resources
[INFO] 
[INFO] --- maven-compiler-plugin:3.3:testCompile (default-testCompile) @ common-lang ---
[INFO] Changes detected - recompiling the module!
[INFO] Compiling 30 source files to /home/travis/build/haraldk/TwelveMonkeys/common/common-lang/target/test-classes
[INFO] /home/travis/build/haraldk/TwelveMonkeys/common/common-lang/src/test/java/com/twelvemonkeys/lang/ObjectAbstractTestCase.java: Some input files use unchecked or unsafe operations.
[INFO] /home/travis/build/haraldk/TwelveMonkeys/common/common-lang/src/test/java/com/twelvemonkeys/lang/ObjectAbstractTestCase.java: Recompile with -Xlint:unchecked for details.
[INFO] 
[INFO] --- maven-surefire-plugin:2.18.1:test (default-test) @ common-lang ---
[INFO] Tests are skipped.
[INFO] 
[INFO] --- maven-jar-plugin:2.6:jar (default-jar) @ common-lang ---
[INFO] Building jar: /home/travis/build/haraldk/TwelveMonkeys/common/common-lang/target/twelvemonkeys-common-lang-3.4-SNAPSHOT.jar
[INFO] 
[INFO] --- maven-jar-plugin:2.6:test-jar (attach-tests) @ common-lang ---
[INFO] Building jar: /home/travis/build/haraldk/TwelveMonkeys/common/common-lang/target/twelvemonkeys-common-lang-3.4-SNAPSHOT-tests.jar
[INFO] 
[INFO] >>> maven-source-plugin:2.4:jar (attach-sources) > generate-sources @ common-lang >>>
[INFO] 
[INFO] --- maven-enforcer-plugin:1.2:enforce (enforce-maven) @ common-lang ---
[INFO] 
[INFO] <<< maven-source-plugin:2.4:jar (attach-sources) < generate-sources @ common-lang <<<
[INFO] 
[INFO] 
[INFO] --- maven-source-plugin:2.4:jar (attach-sources) @ common-lang ---
[INFO] Building jar: /home/travis/build/haraldk/TwelveMonkeys/common/common-lang/target/twelvemonkeys-common-lang-3.4-SNAPSHOT-sources.jar
[INFO] 
[INFO] >>> maven-source-plugin:2.4:test-jar (attach-sources) > generate-sources @ common-lang >>>
[INFO] 
[INFO] --- maven-enforcer-plugin:1.2:enforce (enforce-maven) @ common-lang ---
[INFO] 
[INFO] <<< maven-source-plugin:2.4:test-jar (attach-sources) < generate-sources @ common-lang <<<
[INFO] 
[INFO] 
[INFO] --- maven-source-plugin:2.4:test-jar (attach-sources) @ common-lang ---
[INFO] Building jar: /home/travis/build/haraldk/TwelveMonkeys/common/common-lang/target/twelvemonkeys-common-lang-3.4-SNAPSHOT-test-sources.jar
[INFO] 
[INFO] --- maven-install-plugin:2.4:install (default-install) @ common-lang ---
[INFO] Installing /home/travis/build/haraldk/TwelveMonkeys/common/common-lang/target/twelvemonkeys-common-lang-3.4-SNAPSHOT.jar to /home/travis/.m2/repository/com/twelvemonkeys/common/common-lang/3.4-SNAPSHOT/common-lang-3.4-SNAPSHOT.jar
[INFO] Installing /home/travis/build/haraldk/TwelveMonkeys/common/common-lang/pom.xml to /home/travis/.m2/repository/com/twelvemonkeys/common/common-lang/3.4-SNAPSHOT/common-lang-3.4-SNAPSHOT.pom
[INFO] Installing /home/travis/build/haraldk/TwelveMonkeys/common/common-lang/target/twelvemonkeys-common-lang-3.4-SNAPSHOT-tests.jar to /home/travis/.m2/repository/com/twelvemonkeys/common/common-lang/3.4-SNAPSHOT/common-lang-3.4-SNAPSHOT-tests.jar
[INFO] Installing /home/travis/build/haraldk/TwelveMonkeys/common/common-lang/target/twelvemonkeys-common-lang-3.4-SNAPSHOT-sources.jar to /home/travis/.m2/repository/com/twelvemonkeys/common/common-lang/3.4-SNAPSHOT/common-lang-3.4-SNAPSHOT-sources.jar
[INFO] Installing /home/travis/build/haraldk/TwelveMonkeys/common/common-lang/target/twelvemonkeys-common-lang-3.4-SNAPSHOT-test-sources.jar to /home/travis/.m2/repository/com/twelvemonkeys/common/common-lang/3.4-SNAPSHOT/common-lang-3.4-SNAPSHOT-test-sources.jar
[INFO] 
[INFO] ------------------------------------------------------------------------
[INFO] Building TwelveMonkeys :: Common :: IO 3.4-SNAPSHOT
[INFO] ------------------------------------------------------------------------
[INFO] 
[INFO] --- maven-enforcer-plugin:1.2:enforce (enforce-maven) @ common-io ---
[INFO] 
[INFO] --- maven-resources-plugin:2.7:resources (default-resources) @ common-io ---
[INFO] Using 'UTF-8' encoding to copy filtered resources.
[INFO] Copying 1 resource
[INFO] 
[INFO] --- maven-compiler-plugin:3.3:compile (default-compile) @ common-io ---
[INFO] Changes detected - recompiling the module!
[INFO] Compiling 48 source files to /home/travis/build/haraldk/TwelveMonkeys/common/common-io/target/classes
[INFO] /home/travis/build/haraldk/TwelveMonkeys/common/common-io/src/main/java/com/twelvemonkeys/io/FilenameMaskFilter.java: Some input files use or override a deprecated API.
[INFO] /home/travis/build/haraldk/TwelveMonkeys/common/common-io/src/main/java/com/twelvemonkeys/io/FilenameMaskFilter.java: Recompile with -Xlint:deprecation for details.
[INFO] 
[INFO] --- maven-resources-plugin:2.7:testResources (default-testResources) @ common-io ---
[INFO] Using 'UTF-8' encoding to copy filtered resources.
[INFO] Copying 1 resource
[INFO] 
[INFO] --- maven-compiler-plugin:3.3:testCompile (default-testCompile) @ common-io ---
[INFO] Changes detected - recompiling the module!
[INFO] Compiling 23 source files to /home/travis/build/haraldk/TwelveMonkeys/common/common-io/target/test-classes
[INFO] 
[INFO] --- maven-surefire-plugin:2.18.1:test (default-test) @ common-io ---
[INFO] Tests are skipped.
[INFO] 
[INFO] --- maven-jar-plugin:2.6:jar (default-jar) @ common-io ---
[INFO] Building jar: /home/travis/build/haraldk/TwelveMonkeys/common/common-io/target/twelvemonkeys-common-io-3.4-SNAPSHOT.jar
[INFO] 
[INFO] --- maven-jar-plugin:2.6:test-jar (attach-tests) @ common-io ---
[INFO] Building jar: /home/travis/build/haraldk/TwelveMonkeys/common/common-io/target/twelvemonkeys-common-io-3.4-SNAPSHOT-tests.jar
[INFO] 
[INFO] >>> maven-source-plugin:2.4:jar (attach-sources) > generate-sources @ common-io >>>
[INFO] 
[INFO] --- maven-enforcer-plugin:1.2:enforce (enforce-maven) @ common-io ---
[INFO] 
[INFO] <<< maven-source-plugin:2.4:jar (attach-sources) < generate-sources @ common-io <<<
[INFO] 
[INFO] 
[INFO] --- maven-source-plugin:2.4:jar (attach-sources) @ common-io ---
[INFO] Building jar: /home/travis/build/haraldk/TwelveMonkeys/common/common-io/target/twelvemonkeys-common-io-3.4-SNAPSHOT-sources.jar
[INFO] 
[INFO] >>> maven-source-plugin:2.4:test-jar (attach-sources) > generate-sources @ common-io >>>
[INFO] 
[INFO] --- maven-enforcer-plugin:1.2:enforce (enforce-maven) @ common-io ---
[INFO] 
[INFO] <<< maven-source-plugin:2.4:test-jar (attach-sources) < generate-sources @ common-io <<<
[INFO] 
[INFO] 
[INFO] --- maven-source-plugin:2.4:test-jar (attach-sources) @ common-io ---
[INFO] Building jar: /home/travis/build/haraldk/TwelveMonkeys/common/common-io/target/twelvemonkeys-common-io-3.4-SNAPSHOT-test-sources.jar
[INFO] 
[INFO] --- maven-install-plugin:2.4:install (default-install) @ common-io ---
[INFO] Installing /home/travis/build/haraldk/TwelveMonkeys/common/common-io/target/twelvemonkeys-common-io-3.4-SNAPSHOT.jar to /home/travis/.m2/repository/com/twelvemonkeys/common/common-io/3.4-SNAPSHOT/common-io-3.4-SNAPSHOT.jar
[INFO] Installing /home/travis/build/haraldk/TwelveMonkeys/common/common-io/pom.xml to /home/travis/.m2/repository/com/twelvemonkeys/common/common-io/3.4-SNAPSHOT/common-io-3.4-SNAPSHOT.pom
[INFO] Installing /home/travis/build/haraldk/TwelveMonkeys/common/common-io/target/twelvemonkeys-common-io-3.4-SNAPSHOT-tests.jar to /home/travis/.m2/repository/com/twelvemonkeys/common/common-io/3.4-SNAPSHOT/common-io-3.4-SNAPSHOT-tests.jar
[INFO] Installing /home/travis/build/haraldk/TwelveMonkeys/common/common-io/target/twelvemonkeys-common-io-3.4-SNAPSHOT-sources.jar to /home/travis/.m2/repository/com/twelvemonkeys/common/common-io/3.4-SNAPSHOT/common-io-3.4-SNAPSHOT-sources.jar
[INFO] Installing /home/travis/build/haraldk/TwelveMonkeys/common/common-io/target/twelvemonkeys-common-io-3.4-SNAPSHOT-test-sources.jar to /home/travis/.m2/repository/com/twelvemonkeys/common/common-io/3.4-SNAPSHOT/common-io-3.4-SNAPSHOT-test-sources.jar
[INFO] 
[INFO] ------------------------------------------------------------------------
[INFO] Building TwelveMonkeys :: Common :: Image 3.4-SNAPSHOT
[INFO] ------------------------------------------------------------------------
[INFO] 
[INFO] --- maven-enforcer-plugin:1.2:enforce (enforce-maven) @ common-image ---
[INFO] 
[INFO] --- maven-resources-plugin:2.7:resources (default-resources) @ common-image ---
[INFO] Using 'UTF-8' encoding to copy filtered resources.
[INFO] skip non existing resourceDirectory /home/travis/build/haraldk/TwelveMonkeys/common/common-image/src/main/resources
[INFO] 
[INFO] --- maven-compiler-plugin:3.3:compile (default-compile) @ common-image ---
[INFO] Changes detected - recompiling the module!
[INFO] Compiling 26 source files to /home/travis/build/haraldk/TwelveMonkeys/common/common-image/target/classes
[INFO] 
[INFO] --- maven-resources-plugin:2.7:testResources (default-testResources) @ common-image ---
[INFO] Using 'UTF-8' encoding to copy filtered resources.
[INFO] Copying 2 resources
[INFO] 
[INFO] --- maven-compiler-plugin:3.3:testCompile (default-testCompile) @ common-image ---
[INFO] Changes detected - recompiling the module!
[INFO] Compiling 4 source files to /home/travis/build/haraldk/TwelveMonkeys/common/common-image/target/test-classes
[INFO] 
[INFO] --- maven-surefire-plugin:2.18.1:test (default-test) @ common-image ---
[INFO] Tests are skipped.
[INFO] 
[INFO] --- maven-jar-plugin:2.6:jar (default-jar) @ common-image ---
[INFO] Building jar: /home/travis/build/haraldk/TwelveMonkeys/common/common-image/target/twelvemonkeys-common-image-3.4-SNAPSHOT.jar
[INFO] 
[INFO] --- maven-jar-plugin:2.6:test-jar (attach-tests) @ common-image ---
[INFO] Building jar: /home/travis/build/haraldk/TwelveMonkeys/common/common-image/target/twelvemonkeys-common-image-3.4-SNAPSHOT-tests.jar
[INFO] 
[INFO] >>> maven-source-plugin:2.4:jar (attach-sources) > generate-sources @ common-image >>>
[INFO] 
[INFO] --- maven-enforcer-plugin:1.2:enforce (enforce-maven) @ common-image ---
[INFO] 
[INFO] <<< maven-source-plugin:2.4:jar (attach-sources) < generate-sources @ common-image <<<
[INFO] 
[INFO] 
[INFO] --- maven-source-plugin:2.4:jar (attach-sources) @ common-image ---
[INFO] Building jar: /home/travis/build/haraldk/TwelveMonkeys/common/common-image/target/twelvemonkeys-common-image-3.4-SNAPSHOT-sources.jar
[INFO] 
[INFO] >>> maven-source-plugin:2.4:test-jar (attach-sources) > generate-sources @ common-image >>>
[INFO] 
[INFO] --- maven-enforcer-plugin:1.2:enforce (enforce-maven) @ common-image ---
[INFO] 
[INFO] <<< maven-source-plugin:2.4:test-jar (attach-sources) < generate-sources @ common-image <<<
[INFO] 
[INFO] 
[INFO] --- maven-source-plugin:2.4:test-jar (attach-sources) @ common-image ---
[INFO] Building jar: /home/travis/build/haraldk/TwelveMonkeys/common/common-image/target/twelvemonkeys-common-image-3.4-SNAPSHOT-test-sources.jar
[INFO] 
[INFO] --- maven-install-plugin:2.4:install (default-install) @ common-image ---
[INFO] Installing /home/travis/build/haraldk/TwelveMonkeys/common/common-image/target/twelvemonkeys-common-image-3.4-SNAPSHOT.jar to /home/travis/.m2/repository/com/twelvemonkeys/common/common-image/3.4-SNAPSHOT/common-image-3.4-SNAPSHOT.jar
[INFO] Installing /home/travis/build/haraldk/TwelveMonkeys/common/common-image/pom.xml to /home/travis/.m2/repository/com/twelvemonkeys/common/common-image/3.4-SNAPSHOT/common-image-3.4-SNAPSHOT.pom
[INFO] Installing /home/travis/build/haraldk/TwelveMonkeys/common/common-image/target/twelvemonkeys-common-image-3.4-SNAPSHOT-tests.jar to /home/travis/.m2/repository/com/twelvemonkeys/common/common-image/3.4-SNAPSHOT/common-image-3.4-SNAPSHOT-tests.jar
[INFO] Installing /home/travis/build/haraldk/TwelveMonkeys/common/common-image/target/twelvemonkeys-common-image-3.4-SNAPSHOT-sources.jar to /home/travis/.m2/repository/com/twelvemonkeys/common/common-image/3.4-SNAPSHOT/common-image-3.4-SNAPSHOT-sources.jar
[INFO] Installing /home/travis/build/haraldk/TwelveMonkeys/common/common-image/target/twelvemonkeys-common-image-3.4-SNAPSHOT-test-sources.jar to /home/travis/.m2/repository/com/twelvemonkeys/common/common-image/3.4-SNAPSHOT/common-image-3.4-SNAPSHOT-test-sources.jar
[INFO] 
[INFO] ------------------------------------------------------------------------
[INFO] Building TwelveMonkeys :: Servlet 3.4-SNAPSHOT
[INFO] ------------------------------------------------------------------------
[INFO] 
[INFO] --- maven-enforcer-plugin:1.2:enforce (enforce-maven) @ servlet ---
[INFO] 
[INFO] --- maven-resources-plugin:2.7:resources (default-resources) @ servlet ---
[INFO] Using 'UTF-8' encoding to copy filtered resources.
[INFO] skip non existing resourceDirectory /home/travis/build/haraldk/TwelveMonkeys/servlet/src/main/resources
[INFO] 
[INFO] --- maven-compiler-plugin:3.3:compile (default-compile) @ servlet ---
[INFO] Changes detected - recompiling the module!
[INFO] Compiling 76 source files to /home/travis/build/haraldk/TwelveMonkeys/servlet/target/classes
[INFO] /home/travis/build/haraldk/TwelveMonkeys/servlet/src/main/java/com/twelvemonkeys/servlet/image/ContentNegotiationFilter.java: Some input files use unchecked or unsafe operations.
[INFO] /home/travis/build/haraldk/TwelveMonkeys/servlet/src/main/java/com/twelvemonkeys/servlet/image/ContentNegotiationFilter.java: Recompile with -Xlint:unchecked for details.
[INFO] 
[INFO] --- maven-resources-plugin:2.7:testResources (default-testResources) @ servlet ---
[INFO] Using 'UTF-8' encoding to copy filtered resources.
[INFO] Copying 4 resources
[INFO] 
[INFO] --- maven-compiler-plugin:3.3:testCompile (default-testCompile) @ servlet ---
[INFO] Changes detected - recompiling the module!
[INFO] Compiling 17 source files to /home/travis/build/haraldk/TwelveMonkeys/servlet/target/test-classes
[INFO] /home/travis/build/haraldk/TwelveMonkeys/servlet/src/test/java/com/twelvemonkeys/servlet/FilterAbstractTestCase.java: Some input files use or override a deprecated API.
[INFO] /home/travis/build/haraldk/TwelveMonkeys/servlet/src/test/java/com/twelvemonkeys/servlet/FilterAbstractTestCase.java: Recompile with -Xlint:deprecation for details.
[INFO] /home/travis/build/haraldk/TwelveMonkeys/servlet/src/test/java/com/twelvemonkeys/servlet/FilterAbstractTestCase.java: Some input files use unchecked or unsafe operations.
[INFO] /home/travis/build/haraldk/TwelveMonkeys/servlet/src/test/java/com/twelvemonkeys/servlet/FilterAbstractTestCase.java: Recompile with -Xlint:unchecked for details.
[INFO] 
[INFO] --- maven-surefire-plugin:2.18.1:test (default-test) @ servlet ---
[INFO] Tests are skipped.
[INFO] 
[INFO] --- maven-jar-plugin:2.4:jar (default-jar) @ servlet ---
[INFO] Building jar: /home/travis/build/haraldk/TwelveMonkeys/servlet/target/twelvemonkeys-servlet-3.4-SNAPSHOT.jar
[INFO] 
[INFO] --- maven-jar-plugin:2.4:test-jar (attach-tests) @ servlet ---
[INFO] Building jar: /home/travis/build/haraldk/TwelveMonkeys/servlet/target/twelvemonkeys-servlet-3.4-SNAPSHOT-tests.jar
[INFO] 
[INFO] >>> maven-source-plugin:2.4:jar (attach-sources) > generate-sources @ servlet >>>
[INFO] 
[INFO] --- maven-enforcer-plugin:1.2:enforce (enforce-maven) @ servlet ---
[INFO] 
[INFO] <<< maven-source-plugin:2.4:jar (attach-sources) < generate-sources @ servlet <<<
[INFO] 
[INFO] 
[INFO] --- maven-source-plugin:2.4:jar (attach-sources) @ servlet ---
[INFO] Building jar: /home/travis/build/haraldk/TwelveMonkeys/servlet/target/twelvemonkeys-servlet-3.4-SNAPSHOT-sources.jar
[INFO] 
[INFO] >>> maven-source-plugin:2.4:test-jar (attach-sources) > generate-sources @ servlet >>>
[INFO] 
[INFO] --- maven-enforcer-plugin:1.2:enforce (enforce-maven) @ servlet ---
[INFO] 
[INFO] <<< maven-source-plugin:2.4:test-jar (attach-sources) < generate-sources @ servlet <<<
[INFO] 
[INFO] 
[INFO] --- maven-source-plugin:2.4:test-jar (attach-sources) @ servlet ---
[INFO] Building jar: /home/travis/build/haraldk/TwelveMonkeys/servlet/target/twelvemonkeys-servlet-3.4-SNAPSHOT-test-sources.jar
[INFO] 
[INFO] --- maven-install-plugin:2.4:install (default-install) @ servlet ---
[INFO] Installing /home/travis/build/haraldk/TwelveMonkeys/servlet/target/twelvemonkeys-servlet-3.4-SNAPSHOT.jar to /home/travis/.m2/repository/com/twelvemonkeys/servlet/servlet/3.4-SNAPSHOT/servlet-3.4-SNAPSHOT.jar
[INFO] Installing /home/travis/build/haraldk/TwelveMonkeys/servlet/pom.xml to /home/travis/.m2/repository/com/twelvemonkeys/servlet/servlet/3.4-SNAPSHOT/servlet-3.4-SNAPSHOT.pom
[INFO] Installing /home/travis/build/haraldk/TwelveMonkeys/servlet/target/twelvemonkeys-servlet-3.4-SNAPSHOT-tests.jar to /home/travis/.m2/repository/com/twelvemonkeys/servlet/servlet/3.4-SNAPSHOT/servlet-3.4-SNAPSHOT-tests.jar
[INFO] Installing /home/travis/build/haraldk/TwelveMonkeys/servlet/target/twelvemonkeys-servlet-3.4-SNAPSHOT-sources.jar to /home/travis/.m2/repository/com/twelvemonkeys/servlet/servlet/3.4-SNAPSHOT/servlet-3.4-SNAPSHOT-sources.jar
[INFO] Installing /home/travis/build/haraldk/TwelveMonkeys/servlet/target/twelvemonkeys-servlet-3.4-SNAPSHOT-test-sources.jar to /home/travis/.m2/repository/com/twelvemonkeys/servlet/servlet/3.4-SNAPSHOT/servlet-3.4-SNAPSHOT-test-sources.jar
[INFO] 
[INFO] ------------------------------------------------------------------------
[INFO] Building TwelveMonkeys :: ImageIO 3.4-SNAPSHOT
[INFO] ------------------------------------------------------------------------
[INFO] 
[INFO] --- maven-enforcer-plugin:1.2:enforce (enforce-maven) @ imageio ---
[INFO] 
[INFO] --- maven-jar-plugin:2.6:test-jar (attach-tests) @ imageio ---
[WARNING] JAR will be empty - no content was marked for inclusion!
[INFO] Building jar: /home/travis/build/haraldk/TwelveMonkeys/imageio/target/twelvemonkeys-imageio-3.4-SNAPSHOT-tests.jar
[INFO] 
[INFO] >>> maven-source-plugin:2.4:jar (attach-sources) > generate-sources @ imageio >>>
[INFO] 
[INFO] --- maven-enforcer-plugin:1.2:enforce (enforce-maven) @ imageio ---
[INFO] 
[INFO] <<< maven-source-plugin:2.4:jar (attach-sources) < generate-sources @ imageio <<<
[INFO] 
[INFO] 
[INFO] --- maven-source-plugin:2.4:jar (attach-sources) @ imageio ---
[INFO] 
[INFO] >>> maven-source-plugin:2.4:test-jar (attach-sources) > generate-sources @ imageio >>>
[INFO] 
[INFO] --- maven-enforcer-plugin:1.2:enforce (enforce-maven) @ imageio ---
[INFO] 
[INFO] <<< maven-source-plugin:2.4:test-jar (attach-sources) < generate-sources @ imageio <<<
[INFO] 
[INFO] 
[INFO] --- maven-source-plugin:2.4:test-jar (attach-sources) @ imageio ---
[INFO] 
[INFO] --- maven-install-plugin:2.4:install (default-install) @ imageio ---
[INFO] Installing /home/travis/build/haraldk/TwelveMonkeys/imageio/pom.xml to /home/travis/.m2/repository/com/twelvemonkeys/imageio/imageio/3.4-SNAPSHOT/imageio-3.4-SNAPSHOT.pom
[INFO] Installing /home/travis/build/haraldk/TwelveMonkeys/imageio/target/twelvemonkeys-imageio-3.4-SNAPSHOT-tests.jar to /home/travis/.m2/repository/com/twelvemonkeys/imageio/imageio/3.4-SNAPSHOT/imageio-3.4-SNAPSHOT-tests.jar
[INFO] 
[INFO] ------------------------------------------------------------------------
[INFO] Building TwelveMonkeys :: ImageIO :: Core 3.4-SNAPSHOT
[INFO] ------------------------------------------------------------------------
[INFO] 
[INFO] --- maven-enforcer-plugin:1.2:enforce (enforce-maven) @ imageio-core ---
[INFO] 
[INFO] --- maven-resources-plugin:2.7:resources (default-resources) @ imageio-core ---
[INFO] Using 'UTF-8' encoding to copy filtered resources.
[INFO] Copying 4 resources
[INFO] 
[INFO] --- maven-compiler-plugin:3.3:compile (default-compile) @ imageio-core ---
[INFO] Changes detected - recompiling the module!
[INFO] Compiling 36 source files to /home/travis/build/haraldk/TwelveMonkeys/imageio/imageio-core/target/classes
[INFO] 
[INFO] --- maven-resources-plugin:2.7:testResources (default-testResources) @ imageio-core ---
[INFO] Using 'UTF-8' encoding to copy filtered resources.
[INFO] Copying 4 resources
[INFO] 
[INFO] --- maven-compiler-plugin:3.3:testCompile (default-testCompile) @ imageio-core ---
[INFO] Changes detected - recompiling the module!
[INFO] Compiling 19 source files to /home/travis/build/haraldk/TwelveMonkeys/imageio/imageio-core/target/test-classes
[INFO] 
[INFO] --- maven-surefire-plugin:2.18.1:test (default-test) @ imageio-core ---
[INFO] Tests are skipped.
[INFO] 
[INFO] --- maven-jar-plugin:2.6:jar (default-jar) @ imageio-core ---
[INFO] Building jar: /home/travis/build/haraldk/TwelveMonkeys/imageio/imageio-core/target/twelvemonkeys-imageio-core-3.4-SNAPSHOT.jar
[INFO] 
[INFO] --- maven-jar-plugin:2.6:test-jar (attach-tests) @ imageio-core ---
[INFO] Building jar: /home/travis/build/haraldk/TwelveMonkeys/imageio/imageio-core/target/twelvemonkeys-imageio-core-3.4-SNAPSHOT-tests.jar
[INFO] 
[INFO] >>> maven-source-plugin:2.4:jar (attach-sources) > generate-sources @ imageio-core >>>
[INFO] 
[INFO] --- maven-enforcer-plugin:1.2:enforce (enforce-maven) @ imageio-core ---
[INFO] 
[INFO] <<< maven-source-plugin:2.4:jar (attach-sources) < generate-sources @ imageio-core <<<
[INFO] 
[INFO] 
[INFO] --- maven-source-plugin:2.4:jar (attach-sources) @ imageio-core ---
[INFO] Building jar: /home/travis/build/haraldk/TwelveMonkeys/imageio/imageio-core/target/twelvemonkeys-imageio-core-3.4-SNAPSHOT-sources.jar
[INFO] 
[INFO] >>> maven-source-plugin:2.4:test-jar (attach-sources) > generate-sources @ imageio-core >>>
[INFO] 
[INFO] --- maven-enforcer-plugin:1.2:enforce (enforce-maven) @ imageio-core ---
[INFO] 
[INFO] <<< maven-source-plugin:2.4:test-jar (attach-sources) < generate-sources @ imageio-core <<<
[INFO] 
[INFO] 
[INFO] --- maven-source-plugin:2.4:test-jar (attach-sources) @ imageio-core ---
[INFO] Building jar: /home/travis/build/haraldk/TwelveMonkeys/imageio/imageio-core/target/twelvemonkeys-imageio-core-3.4-SNAPSHOT-test-sources.jar
[INFO] 
[INFO] --- maven-install-plugin:2.4:install (default-install) @ imageio-core ---
[INFO] Installing /home/travis/build/haraldk/TwelveMonkeys/imageio/imageio-core/target/twelvemonkeys-imageio-core-3.4-SNAPSHOT.jar to /home/travis/.m2/repository/com/twelvemonkeys/imageio/imageio-core/3.4-SNAPSHOT/imageio-core-3.4-SNAPSHOT.jar
[INFO] Installing /home/travis/build/haraldk/TwelveMonkeys/imageio/imageio-core/pom.xml to /home/travis/.m2/repository/com/twelvemonkeys/imageio/imageio-core/3.4-SNAPSHOT/imageio-core-3.4-SNAPSHOT.pom
[INFO] Installing /home/travis/build/haraldk/TwelveMonkeys/imageio/imageio-core/target/twelvemonkeys-imageio-core-3.4-SNAPSHOT-tests.jar to /home/travis/.m2/repository/com/twelvemonkeys/imageio/imageio-core/3.4-SNAPSHOT/imageio-core-3.4-SNAPSHOT-tests.jar
[INFO] Installing /home/travis/build/haraldk/TwelveMonkeys/imageio/imageio-core/target/twelvemonkeys-imageio-core-3.4-SNAPSHOT-sources.jar to /home/travis/.m2/repository/com/twelvemonkeys/imageio/imageio-core/3.4-SNAPSHOT/imageio-core-3.4-SNAPSHOT-sources.jar
[INFO] Installing /home/travis/build/haraldk/TwelveMonkeys/imageio/imageio-core/target/twelvemonkeys-imageio-core-3.4-SNAPSHOT-test-sources.jar to /home/travis/.m2/repository/com/twelvemonkeys/imageio/imageio-core/3.4-SNAPSHOT/imageio-core-3.4-SNAPSHOT-test-sources.jar
[INFO] 
[INFO] ------------------------------------------------------------------------
[INFO] Building TwelveMonkeys :: ImageIO :: Metadata 3.4-SNAPSHOT
[INFO] ------------------------------------------------------------------------
[INFO] 
[INFO] --- maven-enforcer-plugin:1.2:enforce (enforce-maven) @ imageio-metadata ---
[INFO] 
[INFO] --- maven-resources-plugin:2.7:resources (default-resources) @ imageio-metadata ---
[INFO] Using 'UTF-8' encoding to copy filtered resources.
[INFO] skip non existing resourceDirectory /home/travis/build/haraldk/TwelveMonkeys/imageio/imageio-metadata/src/main/resources
[INFO] 
[INFO] --- maven-compiler-plugin:3.3:compile (default-compile) @ imageio-metadata ---
[INFO] Changes detected - recompiling the module!
[INFO] Compiling 41 source files to /home/travis/build/haraldk/TwelveMonkeys/imageio/imageio-metadata/target/classes
[INFO] 
[INFO] --- maven-resources-plugin:2.7:testResources (default-testResources) @ imageio-metadata ---
[INFO] Using 'UTF-8' encoding to copy filtered resources.
[INFO] Copying 21 resources
[INFO] 
[INFO] --- maven-compiler-plugin:3.3:testCompile (default-testCompile) @ imageio-metadata ---
[INFO] Changes detected - recompiling the module!
[INFO] Compiling 33 source files to /home/travis/build/haraldk/TwelveMonkeys/imageio/imageio-metadata/target/test-classes
[INFO] 
[INFO] --- maven-surefire-plugin:2.18.1:test (default-test) @ imageio-metadata ---
[INFO] Tests are skipped.
[INFO] 
[INFO] --- maven-jar-plugin:2.6:jar (default-jar) @ imageio-metadata ---
[INFO] Building jar: /home/travis/build/haraldk/TwelveMonkeys/imageio/imageio-metadata/target/twelvemonkeys-imageio-metadata-3.4-SNAPSHOT.jar
[INFO] 
[INFO] --- maven-jar-plugin:2.6:test-jar (attach-tests) @ imageio-metadata ---
[INFO] Building jar: /home/travis/build/haraldk/TwelveMonkeys/imageio/imageio-metadata/target/twelvemonkeys-imageio-metadata-3.4-SNAPSHOT-tests.jar
[INFO] 
[INFO] >>> maven-source-plugin:2.4:jar (attach-sources) > generate-sources @ imageio-metadata >>>
[INFO] 
[INFO] --- maven-enforcer-plugin:1.2:enforce (enforce-maven) @ imageio-metadata ---
[INFO] 
[INFO] <<< maven-source-plugin:2.4:jar (attach-sources) < generate-sources @ imageio-metadata <<<
[INFO] 
[INFO] 
[INFO] --- maven-source-plugin:2.4:jar (attach-sources) @ imageio-metadata ---
[INFO] Building jar: /home/travis/build/haraldk/TwelveMonkeys/imageio/imageio-metadata/target/twelvemonkeys-imageio-metadata-3.4-SNAPSHOT-sources.jar
[INFO] 
[INFO] >>> maven-source-plugin:2.4:test-jar (attach-sources) > generate-sources @ imageio-metadata >>>
[INFO] 
[INFO] --- maven-enforcer-plugin:1.2:enforce (enforce-maven) @ imageio-metadata ---
[INFO] 
[INFO] <<< maven-source-plugin:2.4:test-jar (attach-sources) < generate-sources @ imageio-metadata <<<
[INFO] 
[INFO] 
[INFO] --- maven-source-plugin:2.4:test-jar (attach-sources) @ imageio-metadata ---
[INFO] Building jar: /home/travis/build/haraldk/TwelveMonkeys/imageio/imageio-metadata/target/twelvemonkeys-imageio-metadata-3.4-SNAPSHOT-test-sources.jar
[INFO] 
[INFO] --- maven-install-plugin:2.4:install (default-install) @ imageio-metadata ---
[INFO] Installing /home/travis/build/haraldk/TwelveMonkeys/imageio/imageio-metadata/target/twelvemonkeys-imageio-metadata-3.4-SNAPSHOT.jar to /home/travis/.m2/repository/com/twelvemonkeys/imageio/imageio-metadata/3.4-SNAPSHOT/imageio-metadata-3.4-SNAPSHOT.jar
[INFO] Installing /home/travis/build/haraldk/TwelveMonkeys/imageio/imageio-metadata/pom.xml to /home/travis/.m2/repository/com/twelvemonkeys/imageio/imageio-metadata/3.4-SNAPSHOT/imageio-metadata-3.4-SNAPSHOT.pom
[INFO] Installing /home/travis/build/haraldk/TwelveMonkeys/imageio/imageio-metadata/target/twelvemonkeys-imageio-metadata-3.4-SNAPSHOT-tests.jar to /home/travis/.m2/repository/com/twelvemonkeys/imageio/imageio-metadata/3.4-SNAPSHOT/imageio-metadata-3.4-SNAPSHOT-tests.jar
[INFO] Installing /home/travis/build/haraldk/TwelveMonkeys/imageio/imageio-metadata/target/twelvemonkeys-imageio-metadata-3.4-SNAPSHOT-sources.jar to /home/travis/.m2/repository/com/twelvemonkeys/imageio/imageio-metadata/3.4-SNAPSHOT/imageio-metadata-3.4-SNAPSHOT-sources.jar
[INFO] Installing /home/travis/build/haraldk/TwelveMonkeys/imageio/imageio-metadata/target/twelvemonkeys-imageio-metadata-3.4-SNAPSHOT-test-sources.jar to /home/travis/.m2/repository/com/twelvemonkeys/imageio/imageio-metadata/3.4-SNAPSHOT/imageio-metadata-3.4-SNAPSHOT-test-sources.jar
[INFO] 
[INFO] ------------------------------------------------------------------------
[INFO] Building TwelveMonkeys :: ImageIO :: Photoshop Path Support 3.4-SNAPSHOT
[INFO] ------------------------------------------------------------------------
[INFO] 
[INFO] --- maven-enforcer-plugin:1.2:enforce (enforce-maven) @ imageio-clippath ---
[INFO] 
[INFO] --- maven-resources-plugin:2.7:resources (default-resources) @ imageio-clippath ---
[INFO] Using 'UTF-8' encoding to copy filtered resources.
[INFO] skip non existing resourceDirectory /home/travis/build/haraldk/TwelveMonkeys/imageio/imageio-clippath/src/main/resources
[INFO] 
[INFO] --- maven-compiler-plugin:3.3:compile (default-compile) @ imageio-clippath ---
[INFO] Changes detected - recompiling the module!
[INFO] Compiling 3 source files to /home/travis/build/haraldk/TwelveMonkeys/imageio/imageio-clippath/target/classes
[INFO] 
[INFO] --- maven-resources-plugin:2.7:testResources (default-testResources) @ imageio-clippath ---
[INFO] Using 'UTF-8' encoding to copy filtered resources.
[INFO] Copying 9 resources
[INFO] 
[INFO] --- maven-compiler-plugin:3.3:testCompile (default-testCompile) @ imageio-clippath ---
[INFO] Changes detected - recompiling the module!
[INFO] Compiling 3 source files to /home/travis/build/haraldk/TwelveMonkeys/imageio/imageio-clippath/target/test-classes
[INFO] 
[INFO] --- maven-surefire-plugin:2.18.1:test (default-test) @ imageio-clippath ---
[INFO] Tests are skipped.
[INFO] 
[INFO] --- maven-jar-plugin:2.6:jar (default-jar) @ imageio-clippath ---
[INFO] Building jar: /home/travis/build/haraldk/TwelveMonkeys/imageio/imageio-clippath/target/twelvemonkeys-imageio-clippath-3.4-SNAPSHOT.jar
[INFO] 
[INFO] --- maven-jar-plugin:2.6:test-jar (attach-tests) @ imageio-clippath ---
[INFO] Building jar: /home/travis/build/haraldk/TwelveMonkeys/imageio/imageio-clippath/target/twelvemonkeys-imageio-clippath-3.4-SNAPSHOT-tests.jar
[INFO] 
[INFO] >>> maven-source-plugin:2.4:jar (attach-sources) > generate-sources @ imageio-clippath >>>
[INFO] 
[INFO] --- maven-enforcer-plugin:1.2:enforce (enforce-maven) @ imageio-clippath ---
[INFO] 
[INFO] <<< maven-source-plugin:2.4:jar (attach-sources) < generate-sources @ imageio-clippath <<<
[INFO] 
[INFO] 
[INFO] --- maven-source-plugin:2.4:jar (attach-sources) @ imageio-clippath ---
[INFO] Building jar: /home/travis/build/haraldk/TwelveMonkeys/imageio/imageio-clippath/target/twelvemonkeys-imageio-clippath-3.4-SNAPSHOT-sources.jar
[INFO] 
[INFO] >>> maven-source-plugin:2.4:test-jar (attach-sources) > generate-sources @ imageio-clippath >>>
[INFO] 
[INFO] --- maven-enforcer-plugin:1.2:enforce (enforce-maven) @ imageio-clippath ---
[INFO] 
[INFO] <<< maven-source-plugin:2.4:test-jar (attach-sources) < generate-sources @ imageio-clippath <<<
[INFO] 
[INFO] 
[INFO] --- maven-source-plugin:2.4:test-jar (attach-sources) @ imageio-clippath ---
[INFO] Building jar: /home/travis/build/haraldk/TwelveMonkeys/imageio/imageio-clippath/target/twelvemonkeys-imageio-clippath-3.4-SNAPSHOT-test-sources.jar
[INFO] 
[INFO] --- maven-install-plugin:2.4:install (default-install) @ imageio-clippath ---
[INFO] Installing /home/travis/build/haraldk/TwelveMonkeys/imageio/imageio-clippath/target/twelvemonkeys-imageio-clippath-3.4-SNAPSHOT.jar to /home/travis/.m2/repository/com/twelvemonkeys/imageio/imageio-clippath/3.4-SNAPSHOT/imageio-clippath-3.4-SNAPSHOT.jar
[INFO] Installing /home/travis/build/haraldk/TwelveMonkeys/imageio/imageio-clippath/pom.xml to /home/travis/.m2/repository/com/twelvemonkeys/imageio/imageio-clippath/3.4-SNAPSHOT/imageio-clippath-3.4-SNAPSHOT.pom
[INFO] Installing /home/travis/build/haraldk/TwelveMonkeys/imageio/imageio-clippath/target/twelvemonkeys-imageio-clippath-3.4-SNAPSHOT-tests.jar to /home/travis/.m2/repository/com/twelvemonkeys/imageio/imageio-clippath/3.4-SNAPSHOT/imageio-clippath-3.4-SNAPSHOT-tests.jar
[INFO] Installing /home/travis/build/haraldk/TwelveMonkeys/imageio/imageio-clippath/target/twelvemonkeys-imageio-clippath-3.4-SNAPSHOT-sources.jar to /home/travis/.m2/repository/com/twelvemonkeys/imageio/imageio-clippath/3.4-SNAPSHOT/imageio-clippath-3.4-SNAPSHOT-sources.jar
[INFO] Installing /home/travis/build/haraldk/TwelveMonkeys/imageio/imageio-clippath/target/twelvemonkeys-imageio-clippath-3.4-SNAPSHOT-test-sources.jar to /home/travis/.m2/repository/com/twelvemonkeys/imageio/imageio-clippath/3.4-SNAPSHOT/imageio-clippath-3.4-SNAPSHOT-test-sources.jar
[INFO] 
[INFO] ------------------------------------------------------------------------
[INFO] Building TwelveMonkeys :: ImageIO :: BMP plugin 3.4-SNAPSHOT
[INFO] ------------------------------------------------------------------------
[INFO] 
[INFO] --- maven-enforcer-plugin:1.2:enforce (enforce-maven) @ imageio-bmp ---
[INFO] 
[INFO] --- maven-resources-plugin:2.7:resources (default-resources) @ imageio-bmp ---
[INFO] Using 'UTF-8' encoding to copy filtered resources.
[INFO] Copying 1 resource
[INFO] 
[INFO] --- maven-compiler-plugin:3.3:compile (default-compile) @ imageio-bmp ---
[INFO] Changes detected - recompiling the module!
[INFO] Compiling 23 source files to /home/travis/build/haraldk/TwelveMonkeys/imageio/imageio-bmp/target/classes
[INFO] 
[INFO] --- maven-resources-plugin:2.7:testResources (default-testResources) @ imageio-bmp ---
[INFO] Using 'UTF-8' encoding to copy filtered resources.
[INFO] Copying 90 resources
[INFO] 
[INFO] --- maven-compiler-plugin:3.3:testCompile (default-testCompile) @ imageio-bmp ---
[INFO] Changes detected - recompiling the module!
[INFO] Compiling 8 source files to /home/travis/build/haraldk/TwelveMonkeys/imageio/imageio-bmp/target/test-classes
[INFO] 
[INFO] --- maven-surefire-plugin:2.18.1:test (default-test) @ imageio-bmp ---
[INFO] Tests are skipped.
[INFO] 
[INFO] --- maven-jar-plugin:2.6:jar (default-jar) @ imageio-bmp ---
[INFO] Building jar: /home/travis/build/haraldk/TwelveMonkeys/imageio/imageio-bmp/target/twelvemonkeys-imageio-bmp-3.4-SNAPSHOT.jar
[INFO] 
[INFO] --- maven-jar-plugin:2.6:test-jar (attach-tests) @ imageio-bmp ---
[INFO] Building jar: /home/travis/build/haraldk/TwelveMonkeys/imageio/imageio-bmp/target/twelvemonkeys-imageio-bmp-3.4-SNAPSHOT-tests.jar
[INFO] 
[INFO] >>> maven-source-plugin:2.4:jar (attach-sources) > generate-sources @ imageio-bmp >>>
[INFO] 
[INFO] --- maven-enforcer-plugin:1.2:enforce (enforce-maven) @ imageio-bmp ---
[INFO] 
[INFO] <<< maven-source-plugin:2.4:jar (attach-sources) < generate-sources @ imageio-bmp <<<
[INFO] 
[INFO] 
[INFO] --- maven-source-plugin:2.4:jar (attach-sources) @ imageio-bmp ---
[INFO] Building jar: /home/travis/build/haraldk/TwelveMonkeys/imageio/imageio-bmp/target/twelvemonkeys-imageio-bmp-3.4-SNAPSHOT-sources.jar
[INFO] 
[INFO] >>> maven-source-plugin:2.4:test-jar (attach-sources) > generate-sources @ imageio-bmp >>>
[INFO] 
[INFO] --- maven-enforcer-plugin:1.2:enforce (enforce-maven) @ imageio-bmp ---
[INFO] 
[INFO] <<< maven-source-plugin:2.4:test-jar (attach-sources) < generate-sources @ imageio-bmp <<<
[INFO] 
[INFO] 
[INFO] --- maven-source-plugin:2.4:test-jar (attach-sources) @ imageio-bmp ---
[INFO] Building jar: /home/travis/build/haraldk/TwelveMonkeys/imageio/imageio-bmp/target/twelvemonkeys-imageio-bmp-3.4-SNAPSHOT-test-sources.jar
[INFO] 
[INFO] --- maven-install-plugin:2.4:install (default-install) @ imageio-bmp ---
[INFO] Installing /home/travis/build/haraldk/TwelveMonkeys/imageio/imageio-bmp/target/twelvemonkeys-imageio-bmp-3.4-SNAPSHOT.jar to /home/travis/.m2/repository/com/twelvemonkeys/imageio/imageio-bmp/3.4-SNAPSHOT/imageio-bmp-3.4-SNAPSHOT.jar
[INFO] Installing /home/travis/build/haraldk/TwelveMonkeys/imageio/imageio-bmp/pom.xml to /home/travis/.m2/repository/com/twelvemonkeys/imageio/imageio-bmp/3.4-SNAPSHOT/imageio-bmp-3.4-SNAPSHOT.pom
[INFO] Installing /home/travis/build/haraldk/TwelveMonkeys/imageio/imageio-bmp/target/twelvemonkeys-imageio-bmp-3.4-SNAPSHOT-tests.jar to /home/travis/.m2/repository/com/twelvemonkeys/imageio/imageio-bmp/3.4-SNAPSHOT/imageio-bmp-3.4-SNAPSHOT-tests.jar
[INFO] Installing /home/travis/build/haraldk/TwelveMonkeys/imageio/imageio-bmp/target/twelvemonkeys-imageio-bmp-3.4-SNAPSHOT-sources.jar to /home/travis/.m2/repository/com/twelvemonkeys/imageio/imageio-bmp/3.4-SNAPSHOT/imageio-bmp-3.4-SNAPSHOT-sources.jar
[INFO] Installing /home/travis/build/haraldk/TwelveMonkeys/imageio/imageio-bmp/target/twelvemonkeys-imageio-bmp-3.4-SNAPSHOT-test-sources.jar to /home/travis/.m2/repository/com/twelvemonkeys/imageio/imageio-bmp/3.4-SNAPSHOT/imageio-bmp-3.4-SNAPSHOT-test-sources.jar
[INFO] 
[INFO] ------------------------------------------------------------------------
[INFO] Building TwelveMonkeys :: ImageIO :: HDR plugin 3.4-SNAPSHOT
[INFO] ------------------------------------------------------------------------
[INFO] 
[INFO] --- maven-enforcer-plugin:1.2:enforce (enforce-maven) @ imageio-hdr ---
[INFO] 
[INFO] --- maven-resources-plugin:2.7:resources (default-resources) @ imageio-hdr ---
[INFO] Using 'UTF-8' encoding to copy filtered resources.
[INFO] Copying 1 resource
[INFO] 
[INFO] --- maven-compiler-plugin:3.3:compile (default-compile) @ imageio-hdr ---
[INFO] Changes detected - recompiling the module!
[INFO] Compiling 12 source files to /home/travis/build/haraldk/TwelveMonkeys/imageio/imageio-hdr/target/classes
[INFO] 
[INFO] --- maven-resources-plugin:2.7:testResources (default-testResources) @ imageio-hdr ---
[INFO] Using 'UTF-8' encoding to copy filtered resources.
[INFO] Copying 1 resource
[INFO] 
[INFO] --- maven-compiler-plugin:3.3:testCompile (default-testCompile) @ imageio-hdr ---
[INFO] Changes detected - recompiling the module!
[INFO] Compiling 2 source files to /home/travis/build/haraldk/TwelveMonkeys/imageio/imageio-hdr/target/test-classes
[INFO] 
[INFO] --- maven-surefire-plugin:2.18.1:test (default-test) @ imageio-hdr ---
[INFO] Tests are skipped.
[INFO] 
[INFO] --- maven-jar-plugin:2.6:jar (default-jar) @ imageio-hdr ---
[INFO] Building jar: /home/travis/build/haraldk/TwelveMonkeys/imageio/imageio-hdr/target/twelvemonkeys-imageio-hdr-3.4-SNAPSHOT.jar
[INFO] 
[INFO] --- maven-jar-plugin:2.6:test-jar (attach-tests) @ imageio-hdr ---
[INFO] Building jar: /home/travis/build/haraldk/TwelveMonkeys/imageio/imageio-hdr/target/twelvemonkeys-imageio-hdr-3.4-SNAPSHOT-tests.jar
[INFO] 
[INFO] >>> maven-source-plugin:2.4:jar (attach-sources) > generate-sources @ imageio-hdr >>>
[INFO] 
[INFO] --- maven-enforcer-plugin:1.2:enforce (enforce-maven) @ imageio-hdr ---
[INFO] 
[INFO] <<< maven-source-plugin:2.4:jar (attach-sources) < generate-sources @ imageio-hdr <<<
[INFO] 
[INFO] 
[INFO] --- maven-source-plugin:2.4:jar (attach-sources) @ imageio-hdr ---
[INFO] Building jar: /home/travis/build/haraldk/TwelveMonkeys/imageio/imageio-hdr/target/twelvemonkeys-imageio-hdr-3.4-SNAPSHOT-sources.jar
[INFO] 
[INFO] >>> maven-source-plugin:2.4:test-jar (attach-sources) > generate-sources @ imageio-hdr >>>
[INFO] 
[INFO] --- maven-enforcer-plugin:1.2:enforce (enforce-maven) @ imageio-hdr ---
[INFO] 
[INFO] <<< maven-source-plugin:2.4:test-jar (attach-sources) < generate-sources @ imageio-hdr <<<
[INFO] 
[INFO] 
[INFO] --- maven-source-plugin:2.4:test-jar (attach-sources) @ imageio-hdr ---
[INFO] Building jar: /home/travis/build/haraldk/TwelveMonkeys/imageio/imageio-hdr/target/twelvemonkeys-imageio-hdr-3.4-SNAPSHOT-test-sources.jar
[INFO] 
[INFO] --- maven-install-plugin:2.4:install (default-install) @ imageio-hdr ---
[INFO] Installing /home/travis/build/haraldk/TwelveMonkeys/imageio/imageio-hdr/target/twelvemonkeys-imageio-hdr-3.4-SNAPSHOT.jar to /home/travis/.m2/repository/com/twelvemonkeys/imageio/imageio-hdr/3.4-SNAPSHOT/imageio-hdr-3.4-SNAPSHOT.jar
[INFO] Installing /home/travis/build/haraldk/TwelveMonkeys/imageio/imageio-hdr/pom.xml to /home/travis/.m2/repository/com/twelvemonkeys/imageio/imageio-hdr/3.4-SNAPSHOT/imageio-hdr-3.4-SNAPSHOT.pom
[INFO] Installing /home/travis/build/haraldk/TwelveMonkeys/imageio/imageio-hdr/target/twelvemonkeys-imageio-hdr-3.4-SNAPSHOT-tests.jar to /home/travis/.m2/repository/com/twelvemonkeys/imageio/imageio-hdr/3.4-SNAPSHOT/imageio-hdr-3.4-SNAPSHOT-tests.jar
[INFO] Installing /home/travis/build/haraldk/TwelveMonkeys/imageio/imageio-hdr/target/twelvemonkeys-imageio-hdr-3.4-SNAPSHOT-sources.jar to /home/travis/.m2/repository/com/twelvemonkeys/imageio/imageio-hdr/3.4-SNAPSHOT/imageio-hdr-3.4-SNAPSHOT-sources.jar
[INFO] Installing /home/travis/build/haraldk/TwelveMonkeys/imageio/imageio-hdr/target/twelvemonkeys-imageio-hdr-3.4-SNAPSHOT-test-sources.jar to /home/travis/.m2/repository/com/twelvemonkeys/imageio/imageio-hdr/3.4-SNAPSHOT/imageio-hdr-3.4-SNAPSHOT-test-sources.jar
[INFO] 
[INFO] ------------------------------------------------------------------------
[INFO] Building TwelveMonkeys :: ImageIO :: ICNS plugin 3.4-SNAPSHOT
[INFO] ------------------------------------------------------------------------
[INFO] 
[INFO] --- maven-enforcer-plugin:1.2:enforce (enforce-maven) @ imageio-icns ---
[INFO] 
[INFO] --- maven-resources-plugin:2.7:resources (default-resources) @ imageio-icns ---
[INFO] Using 'UTF-8' encoding to copy filtered resources.
[INFO] Copying 1 resource
[INFO] 
[INFO] --- maven-compiler-plugin:3.3:compile (default-compile) @ imageio-icns ---
[INFO] Changes detected - recompiling the module!
[INFO] Compiling 10 source files to /home/travis/build/haraldk/TwelveMonkeys/imageio/imageio-icns/target/classes
[INFO] 
[INFO] --- maven-resources-plugin:2.7:testResources (default-testResources) @ imageio-icns ---
[INFO] Using 'UTF-8' encoding to copy filtered resources.
[INFO] Copying 7 resources
[INFO] 
[INFO] --- maven-compiler-plugin:3.3:testCompile (default-testCompile) @ imageio-icns ---
[INFO] Changes detected - recompiling the module!
[INFO] Compiling 2 source files to /home/travis/build/haraldk/TwelveMonkeys/imageio/imageio-icns/target/test-classes
[INFO] 
[INFO] --- maven-surefire-plugin:2.18.1:test (default-test) @ imageio-icns ---
[INFO] Tests are skipped.
[INFO] 
[INFO] --- maven-jar-plugin:2.6:jar (default-jar) @ imageio-icns ---
[INFO] Building jar: /home/travis/build/haraldk/TwelveMonkeys/imageio/imageio-icns/target/twelvemonkeys-imageio-icns-3.4-SNAPSHOT.jar
[INFO] 
[INFO] --- maven-jar-plugin:2.6:test-jar (attach-tests) @ imageio-icns ---
[INFO] Building jar: /home/travis/build/haraldk/TwelveMonkeys/imageio/imageio-icns/target/twelvemonkeys-imageio-icns-3.4-SNAPSHOT-tests.jar
[INFO] 
[INFO] >>> maven-source-plugin:2.4:jar (attach-sources) > generate-sources @ imageio-icns >>>
[INFO] 
[INFO] --- maven-enforcer-plugin:1.2:enforce (enforce-maven) @ imageio-icns ---
[INFO] 
[INFO] <<< maven-source-plugin:2.4:jar (attach-sources) < generate-sources @ imageio-icns <<<
[INFO] 
[INFO] 
[INFO] --- maven-source-plugin:2.4:jar (attach-sources) @ imageio-icns ---
[INFO] Building jar: /home/travis/build/haraldk/TwelveMonkeys/imageio/imageio-icns/target/twelvemonkeys-imageio-icns-3.4-SNAPSHOT-sources.jar
[INFO] 
[INFO] >>> maven-source-plugin:2.4:test-jar (attach-sources) > generate-sources @ imageio-icns >>>
[INFO] 
[INFO] --- maven-enforcer-plugin:1.2:enforce (enforce-maven) @ imageio-icns ---
[INFO] 
[INFO] <<< maven-source-plugin:2.4:test-jar (attach-sources) < generate-sources @ imageio-icns <<<
[INFO] 
[INFO] 
[INFO] --- maven-source-plugin:2.4:test-jar (attach-sources) @ imageio-icns ---
[INFO] Building jar: /home/travis/build/haraldk/TwelveMonkeys/imageio/imageio-icns/target/twelvemonkeys-imageio-icns-3.4-SNAPSHOT-test-sources.jar
[INFO] 
[INFO] --- maven-install-plugin:2.4:install (default-install) @ imageio-icns ---
[INFO] Installing /home/travis/build/haraldk/TwelveMonkeys/imageio/imageio-icns/target/twelvemonkeys-imageio-icns-3.4-SNAPSHOT.jar to /home/travis/.m2/repository/com/twelvemonkeys/imageio/imageio-icns/3.4-SNAPSHOT/imageio-icns-3.4-SNAPSHOT.jar
[INFO] Installing /home/travis/build/haraldk/TwelveMonkeys/imageio/imageio-icns/pom.xml to /home/travis/.m2/repository/com/twelvemonkeys/imageio/imageio-icns/3.4-SNAPSHOT/imageio-icns-3.4-SNAPSHOT.pom
[INFO] Installing /home/travis/build/haraldk/TwelveMonkeys/imageio/imageio-icns/target/twelvemonkeys-imageio-icns-3.4-SNAPSHOT-tests.jar to /home/travis/.m2/repository/com/twelvemonkeys/imageio/imageio-icns/3.4-SNAPSHOT/imageio-icns-3.4-SNAPSHOT-tests.jar
[INFO] Installing /home/travis/build/haraldk/TwelveMonkeys/imageio/imageio-icns/target/twelvemonkeys-imageio-icns-3.4-SNAPSHOT-sources.jar to /home/travis/.m2/repository/com/twelvemonkeys/imageio/imageio-icns/3.4-SNAPSHOT/imageio-icns-3.4-SNAPSHOT-sources.jar
[INFO] Installing /home/travis/build/haraldk/TwelveMonkeys/imageio/imageio-icns/target/twelvemonkeys-imageio-icns-3.4-SNAPSHOT-test-sources.jar to /home/travis/.m2/repository/com/twelvemonkeys/imageio/imageio-icns/3.4-SNAPSHOT/imageio-icns-3.4-SNAPSHOT-test-sources.jar
[INFO] 
[INFO] ------------------------------------------------------------------------
[INFO] Building TwelveMonkeys :: ImageIO :: IFF plugin 3.4-SNAPSHOT
[INFO] ------------------------------------------------------------------------
[INFO] 
[INFO] --- maven-enforcer-plugin:1.2:enforce (enforce-maven) @ imageio-iff ---
[INFO] 
[INFO] --- maven-resources-plugin:2.7:resources (default-resources) @ imageio-iff ---
[INFO] Using 'UTF-8' encoding to copy filtered resources.
[INFO] Copying 2 resources
[INFO] 
[INFO] --- maven-compiler-plugin:3.3:compile (default-compile) @ imageio-iff ---
[INFO] Changes detected - recompiling the module!
[INFO] Compiling 20 source files to /home/travis/build/haraldk/TwelveMonkeys/imageio/imageio-iff/target/classes
[INFO] 
[INFO] --- maven-resources-plugin:2.7:testResources (default-testResources) @ imageio-iff ---
[INFO] Using 'UTF-8' encoding to copy filtered resources.
[INFO] Copying 14 resources
[INFO] 
[INFO] --- maven-compiler-plugin:3.3:testCompile (default-testCompile) @ imageio-iff ---
[INFO] Changes detected - recompiling the module!
[INFO] Compiling 3 source files to /home/travis/build/haraldk/TwelveMonkeys/imageio/imageio-iff/target/test-classes
[INFO] 
[INFO] --- maven-surefire-plugin:2.18.1:test (default-test) @ imageio-iff ---
[INFO] Tests are skipped.
[INFO] 
[INFO] --- maven-jar-plugin:2.6:jar (default-jar) @ imageio-iff ---
[INFO] Building jar: /home/travis/build/haraldk/TwelveMonkeys/imageio/imageio-iff/target/twelvemonkeys-imageio-iff-3.4-SNAPSHOT.jar
[INFO] 
[INFO] --- maven-jar-plugin:2.6:test-jar (attach-tests) @ imageio-iff ---
[INFO] Building jar: /home/travis/build/haraldk/TwelveMonkeys/imageio/imageio-iff/target/twelvemonkeys-imageio-iff-3.4-SNAPSHOT-tests.jar
[INFO] 
[INFO] >>> maven-source-plugin:2.4:jar (attach-sources) > generate-sources @ imageio-iff >>>
[INFO] 
[INFO] --- maven-enforcer-plugin:1.2:enforce (enforce-maven) @ imageio-iff ---
[INFO] 
[INFO] <<< maven-source-plugin:2.4:jar (attach-sources) < generate-sources @ imageio-iff <<<
[INFO] 
[INFO] 
[INFO] --- maven-source-plugin:2.4:jar (attach-sources) @ imageio-iff ---
[INFO] Building jar: /home/travis/build/haraldk/TwelveMonkeys/imageio/imageio-iff/target/twelvemonkeys-imageio-iff-3.4-SNAPSHOT-sources.jar
[INFO] 
[INFO] >>> maven-source-plugin:2.4:test-jar (attach-sources) > generate-sources @ imageio-iff >>>
[INFO] 
[INFO] --- maven-enforcer-plugin:1.2:enforce (enforce-maven) @ imageio-iff ---
[INFO] 
[INFO] <<< maven-source-plugin:2.4:test-jar (attach-sources) < generate-sources @ imageio-iff <<<
[INFO] 
[INFO] 
[INFO] --- maven-source-plugin:2.4:test-jar (attach-sources) @ imageio-iff ---
[INFO] Building jar: /home/travis/build/haraldk/TwelveMonkeys/imageio/imageio-iff/target/twelvemonkeys-imageio-iff-3.4-SNAPSHOT-test-sources.jar
[INFO] 
[INFO] --- maven-install-plugin:2.4:install (default-install) @ imageio-iff ---
[INFO] Installing /home/travis/build/haraldk/TwelveMonkeys/imageio/imageio-iff/target/twelvemonkeys-imageio-iff-3.4-SNAPSHOT.jar to /home/travis/.m2/repository/com/twelvemonkeys/imageio/imageio-iff/3.4-SNAPSHOT/imageio-iff-3.4-SNAPSHOT.jar
[INFO] Installing /home/travis/build/haraldk/TwelveMonkeys/imageio/imageio-iff/pom.xml to /home/travis/.m2/repository/com/twelvemonkeys/imageio/imageio-iff/3.4-SNAPSHOT/imageio-iff-3.4-SNAPSHOT.pom
[INFO] Installing /home/travis/build/haraldk/TwelveMonkeys/imageio/imageio-iff/target/twelvemonkeys-imageio-iff-3.4-SNAPSHOT-tests.jar to /home/travis/.m2/repository/com/twelvemonkeys/imageio/imageio-iff/3.4-SNAPSHOT/imageio-iff-3.4-SNAPSHOT-tests.jar
[INFO] Installing /home/travis/build/haraldk/TwelveMonkeys/imageio/imageio-iff/target/twelvemonkeys-imageio-iff-3.4-SNAPSHOT-sources.jar to /home/travis/.m2/repository/com/twelvemonkeys/imageio/imageio-iff/3.4-SNAPSHOT/imageio-iff-3.4-SNAPSHOT-sources.jar
[INFO] Installing /home/travis/build/haraldk/TwelveMonkeys/imageio/imageio-iff/target/twelvemonkeys-imageio-iff-3.4-SNAPSHOT-test-sources.jar to /home/travis/.m2/repository/com/twelvemonkeys/imageio/imageio-iff/3.4-SNAPSHOT/imageio-iff-3.4-SNAPSHOT-test-sources.jar
[INFO] 
[INFO] ------------------------------------------------------------------------
[INFO] Building TwelveMonkeys :: ImageIO :: JPEG plugin 3.4-SNAPSHOT
[INFO] ------------------------------------------------------------------------
[INFO] 
[INFO] --- maven-enforcer-plugin:1.2:enforce (enforce-maven) @ imageio-jpeg ---
[INFO] 
[INFO] --- maven-resources-plugin:2.7:resources (default-resources) @ imageio-jpeg ---
[INFO] Using 'UTF-8' encoding to copy filtered resources.
[INFO] Copying 2 resources
[INFO] 
[INFO] --- maven-compiler-plugin:3.3:compile (default-compile) @ imageio-jpeg ---
[INFO] Changes detected - recompiling the module!
[INFO] Compiling 30 source files to /home/travis/build/haraldk/TwelveMonkeys/imageio/imageio-jpeg/target/classes
[INFO] 
[INFO] --- maven-resources-plugin:2.7:testResources (default-testResources) @ imageio-jpeg ---
[INFO] Using 'UTF-8' encoding to copy filtered resources.
[INFO] Copying 60 resources
[INFO] 
[INFO] --- maven-compiler-plugin:3.3:testCompile (default-testCompile) @ imageio-jpeg ---
[INFO] Changes detected - recompiling the module!
[INFO] Compiling 10 source files to /home/travis/build/haraldk/TwelveMonkeys/imageio/imageio-jpeg/target/test-classes
[INFO] 
[INFO] --- maven-surefire-plugin:2.18.1:test (default-test) @ imageio-jpeg ---
[INFO] Tests are skipped.
[INFO] 
[INFO] --- maven-jar-plugin:2.6:jar (default-jar) @ imageio-jpeg ---
[INFO] Building jar: /home/travis/build/haraldk/TwelveMonkeys/imageio/imageio-jpeg/target/twelvemonkeys-imageio-jpeg-3.4-SNAPSHOT.jar
[INFO] 
[INFO] --- maven-jar-plugin:2.6:test-jar (attach-tests) @ imageio-jpeg ---
[INFO] Building jar: /home/travis/build/haraldk/TwelveMonkeys/imageio/imageio-jpeg/target/twelvemonkeys-imageio-jpeg-3.4-SNAPSHOT-tests.jar
[INFO] 
[INFO] >>> maven-source-plugin:2.4:jar (attach-sources) > generate-sources @ imageio-jpeg >>>
[INFO] 
[INFO] --- maven-enforcer-plugin:1.2:enforce (enforce-maven) @ imageio-jpeg ---
[INFO] 
[INFO] <<< maven-source-plugin:2.4:jar (attach-sources) < generate-sources @ imageio-jpeg <<<
[INFO] 
[INFO] 
[INFO] --- maven-source-plugin:2.4:jar (attach-sources) @ imageio-jpeg ---
[INFO] Building jar: /home/travis/build/haraldk/TwelveMonkeys/imageio/imageio-jpeg/target/twelvemonkeys-imageio-jpeg-3.4-SNAPSHOT-sources.jar
[INFO] 
[INFO] >>> maven-source-plugin:2.4:test-jar (attach-sources) > generate-sources @ imageio-jpeg >>>
[INFO] 
[INFO] --- maven-enforcer-plugin:1.2:enforce (enforce-maven) @ imageio-jpeg ---
[INFO] 
[INFO] <<< maven-source-plugin:2.4:test-jar (attach-sources) < generate-sources @ imageio-jpeg <<<
[INFO] 
[INFO] 
[INFO] --- maven-source-plugin:2.4:test-jar (attach-sources) @ imageio-jpeg ---
[INFO] Building jar: /home/travis/build/haraldk/TwelveMonkeys/imageio/imageio-jpeg/target/twelvemonkeys-imageio-jpeg-3.4-SNAPSHOT-test-sources.jar
[INFO] 
[INFO] --- maven-install-plugin:2.4:install (default-install) @ imageio-jpeg ---
[INFO] Installing /home/travis/build/haraldk/TwelveMonkeys/imageio/imageio-jpeg/target/twelvemonkeys-imageio-jpeg-3.4-SNAPSHOT.jar to /home/travis/.m2/repository/com/twelvemonkeys/imageio/imageio-jpeg/3.4-SNAPSHOT/imageio-jpeg-3.4-SNAPSHOT.jar
[INFO] Installing /home/travis/build/haraldk/TwelveMonkeys/imageio/imageio-jpeg/pom.xml to /home/travis/.m2/repository/com/twelvemonkeys/imageio/imageio-jpeg/3.4-SNAPSHOT/imageio-jpeg-3.4-SNAPSHOT.pom
[INFO] Installing /home/travis/build/haraldk/TwelveMonkeys/imageio/imageio-jpeg/target/twelvemonkeys-imageio-jpeg-3.4-SNAPSHOT-tests.jar to /home/travis/.m2/repository/com/twelvemonkeys/imageio/imageio-jpeg/3.4-SNAPSHOT/imageio-jpeg-3.4-SNAPSHOT-tests.jar
[INFO] Installing /home/travis/build/haraldk/TwelveMonkeys/imageio/imageio-jpeg/target/twelvemonkeys-imageio-jpeg-3.4-SNAPSHOT-sources.jar to /home/travis/.m2/repository/com/twelvemonkeys/imageio/imageio-jpeg/3.4-SNAPSHOT/imageio-jpeg-3.4-SNAPSHOT-sources.jar
[INFO] Installing /home/travis/build/haraldk/TwelveMonkeys/imageio/imageio-jpeg/target/twelvemonkeys-imageio-jpeg-3.4-SNAPSHOT-test-sources.jar to /home/travis/.m2/repository/com/twelvemonkeys/imageio/imageio-jpeg/3.4-SNAPSHOT/imageio-jpeg-3.4-SNAPSHOT-test-sources.jar
[INFO] 
[INFO] ------------------------------------------------------------------------
[INFO] Building TwelveMonkeys :: ImageIO :: PCX plugin 3.4-SNAPSHOT
[INFO] ------------------------------------------------------------------------
[INFO] 
[INFO] --- maven-enforcer-plugin:1.2:enforce (enforce-maven) @ imageio-pcx ---
[INFO] 
[INFO] --- maven-resources-plugin:2.7:resources (default-resources) @ imageio-pcx ---
[INFO] Using 'UTF-8' encoding to copy filtered resources.
[INFO] Copying 1 resource
[INFO] 
[INFO] --- maven-compiler-plugin:3.3:compile (default-compile) @ imageio-pcx ---
[INFO] Changes detected - recompiling the module!
[INFO] Compiling 14 source files to /home/travis/build/haraldk/TwelveMonkeys/imageio/imageio-pcx/target/classes
[INFO] 
[INFO] --- maven-resources-plugin:2.7:testResources (default-testResources) @ imageio-pcx ---
[INFO] Using 'UTF-8' encoding to copy filtered resources.
[INFO] Copying 19 resources
[INFO] 
[INFO] --- maven-compiler-plugin:3.3:testCompile (default-testCompile) @ imageio-pcx ---
[INFO] Changes detected - recompiling the module!
[INFO] Compiling 4 source files to /home/travis/build/haraldk/TwelveMonkeys/imageio/imageio-pcx/target/test-classes
[INFO] 
[INFO] --- maven-surefire-plugin:2.18.1:test (default-test) @ imageio-pcx ---
[INFO] Tests are skipped.
[INFO] 
[INFO] --- maven-jar-plugin:2.6:jar (default-jar) @ imageio-pcx ---
[INFO] Building jar: /home/travis/build/haraldk/TwelveMonkeys/imageio/imageio-pcx/target/twelvemonkeys-imageio-pcx-3.4-SNAPSHOT.jar
[INFO] 
[INFO] --- maven-jar-plugin:2.6:test-jar (attach-tests) @ imageio-pcx ---
[INFO] Building jar: /home/travis/build/haraldk/TwelveMonkeys/imageio/imageio-pcx/target/twelvemonkeys-imageio-pcx-3.4-SNAPSHOT-tests.jar
[INFO] 
[INFO] >>> maven-source-plugin:2.4:jar (attach-sources) > generate-sources @ imageio-pcx >>>
[INFO] 
[INFO] --- maven-enforcer-plugin:1.2:enforce (enforce-maven) @ imageio-pcx ---
[INFO] 
[INFO] <<< maven-source-plugin:2.4:jar (attach-sources) < generate-sources @ imageio-pcx <<<
[INFO] 
[INFO] 
[INFO] --- maven-source-plugin:2.4:jar (attach-sources) @ imageio-pcx ---
[INFO] Building jar: /home/travis/build/haraldk/TwelveMonkeys/imageio/imageio-pcx/target/twelvemonkeys-imageio-pcx-3.4-SNAPSHOT-sources.jar
[INFO] 
[INFO] >>> maven-source-plugin:2.4:test-jar (attach-sources) > generate-sources @ imageio-pcx >>>
[INFO] 
[INFO] --- maven-enforcer-plugin:1.2:enforce (enforce-maven) @ imageio-pcx ---
[INFO] 
[INFO] <<< maven-source-plugin:2.4:test-jar (attach-sources) < generate-sources @ imageio-pcx <<<
[INFO] 
[INFO] 
[INFO] --- maven-source-plugin:2.4:test-jar (attach-sources) @ imageio-pcx ---
[INFO] Building jar: /home/travis/build/haraldk/TwelveMonkeys/imageio/imageio-pcx/target/twelvemonkeys-imageio-pcx-3.4-SNAPSHOT-test-sources.jar
[INFO] 
[INFO] --- maven-install-plugin:2.4:install (default-install) @ imageio-pcx ---
[INFO] Installing /home/travis/build/haraldk/TwelveMonkeys/imageio/imageio-pcx/target/twelvemonkeys-imageio-pcx-3.4-SNAPSHOT.jar to /home/travis/.m2/repository/com/twelvemonkeys/imageio/imageio-pcx/3.4-SNAPSHOT/imageio-pcx-3.4-SNAPSHOT.jar
[INFO] Installing /home/travis/build/haraldk/TwelveMonkeys/imageio/imageio-pcx/pom.xml to /home/travis/.m2/repository/com/twelvemonkeys/imageio/imageio-pcx/3.4-SNAPSHOT/imageio-pcx-3.4-SNAPSHOT.pom
[INFO] Installing /home/travis/build/haraldk/TwelveMonkeys/imageio/imageio-pcx/target/twelvemonkeys-imageio-pcx-3.4-SNAPSHOT-tests.jar to /home/travis/.m2/repository/com/twelvemonkeys/imageio/imageio-pcx/3.4-SNAPSHOT/imageio-pcx-3.4-SNAPSHOT-tests.jar
[INFO] Installing /home/travis/build/haraldk/TwelveMonkeys/imageio/imageio-pcx/target/twelvemonkeys-imageio-pcx-3.4-SNAPSHOT-sources.jar to /home/travis/.m2/repository/com/twelvemonkeys/imageio/imageio-pcx/3.4-SNAPSHOT/imageio-pcx-3.4-SNAPSHOT-sources.jar
[INFO] Installing /home/travis/build/haraldk/TwelveMonkeys/imageio/imageio-pcx/target/twelvemonkeys-imageio-pcx-3.4-SNAPSHOT-test-sources.jar to /home/travis/.m2/repository/com/twelvemonkeys/imageio/imageio-pcx/3.4-SNAPSHOT/imageio-pcx-3.4-SNAPSHOT-test-sources.jar
[INFO] 
[INFO] ------------------------------------------------------------------------
[INFO] Building TwelveMonkeys :: ImageIO :: PDF plugin 3.4-SNAPSHOT
[INFO] ------------------------------------------------------------------------
[INFO] 
[INFO] --- maven-enforcer-plugin:1.2:enforce (enforce-maven) @ imageio-pdf ---
[INFO] 
[INFO] --- maven-resources-plugin:2.7:resources (default-resources) @ imageio-pdf ---
[INFO] Using 'UTF-8' encoding to copy filtered resources.
[INFO] skip non existing resourceDirectory /home/travis/build/haraldk/TwelveMonkeys/imageio/imageio-pdf/src/main/resources
[INFO] 
[INFO] --- maven-compiler-plugin:3.3:compile (default-compile) @ imageio-pdf ---
[INFO] No sources to compile
[INFO] 
[INFO] --- maven-resources-plugin:2.7:testResources (default-testResources) @ imageio-pdf ---
[INFO] Using 'UTF-8' encoding to copy filtered resources.
[INFO] skip non existing resourceDirectory /home/travis/build/haraldk/TwelveMonkeys/imageio/imageio-pdf/src/test/resources
[INFO] 
[INFO] --- maven-compiler-plugin:3.3:testCompile (default-testCompile) @ imageio-pdf ---
[INFO] No sources to compile
[INFO] 
[INFO] --- maven-surefire-plugin:2.18.1:test (default-test) @ imageio-pdf ---
[INFO] Tests are skipped.
[INFO] 
[INFO] --- maven-jar-plugin:2.6:jar (default-jar) @ imageio-pdf ---
[WARNING] JAR will be empty - no content was marked for inclusion!
[INFO] Building jar: /home/travis/build/haraldk/TwelveMonkeys/imageio/imageio-pdf/target/twelvemonkeys-imageio-pdf-3.4-SNAPSHOT.jar
[INFO] 
[INFO] --- maven-jar-plugin:2.6:test-jar (attach-tests) @ imageio-pdf ---
[WARNING] JAR will be empty - no content was marked for inclusion!
[INFO] Building jar: /home/travis/build/haraldk/TwelveMonkeys/imageio/imageio-pdf/target/twelvemonkeys-imageio-pdf-3.4-SNAPSHOT-tests.jar
[INFO] 
[INFO] >>> maven-source-plugin:2.4:jar (attach-sources) > generate-sources @ imageio-pdf >>>
[INFO] 
[INFO] --- maven-enforcer-plugin:1.2:enforce (enforce-maven) @ imageio-pdf ---
[INFO] 
[INFO] <<< maven-source-plugin:2.4:jar (attach-sources) < generate-sources @ imageio-pdf <<<
[INFO] 
[INFO] 
[INFO] --- maven-source-plugin:2.4:jar (attach-sources) @ imageio-pdf ---
[INFO] No sources in project. Archive not created.
[INFO] 
[INFO] >>> maven-source-plugin:2.4:test-jar (attach-sources) > generate-sources @ imageio-pdf >>>
[INFO] 
[INFO] --- maven-enforcer-plugin:1.2:enforce (enforce-maven) @ imageio-pdf ---
[INFO] 
[INFO] <<< maven-source-plugin:2.4:test-jar (attach-sources) < generate-sources @ imageio-pdf <<<
[INFO] 
[INFO] 
[INFO] --- maven-source-plugin:2.4:test-jar (attach-sources) @ imageio-pdf ---
[INFO] No sources in project. Archive not created.
[INFO] 
[INFO] --- maven-install-plugin:2.4:install (default-install) @ imageio-pdf ---
[INFO] Installing /home/travis/build/haraldk/TwelveMonkeys/imageio/imageio-pdf/target/twelvemonkeys-imageio-pdf-3.4-SNAPSHOT.jar to /home/travis/.m2/repository/com/twelvemonkeys/imageio/imageio-pdf/3.4-SNAPSHOT/imageio-pdf-3.4-SNAPSHOT.jar
[INFO] Installing /home/travis/build/haraldk/TwelveMonkeys/imageio/imageio-pdf/pom.xml to /home/travis/.m2/repository/com/twelvemonkeys/imageio/imageio-pdf/3.4-SNAPSHOT/imageio-pdf-3.4-SNAPSHOT.pom
[INFO] Installing /home/travis/build/haraldk/TwelveMonkeys/imageio/imageio-pdf/target/twelvemonkeys-imageio-pdf-3.4-SNAPSHOT-tests.jar to /home/travis/.m2/repository/com/twelvemonkeys/imageio/imageio-pdf/3.4-SNAPSHOT/imageio-pdf-3.4-SNAPSHOT-tests.jar
[INFO] 
[INFO] ------------------------------------------------------------------------
[INFO] Building TwelveMonkeys :: ImageIO :: PICT plugin 3.4-SNAPSHOT
[INFO] ------------------------------------------------------------------------
[INFO] 
[INFO] --- maven-enforcer-plugin:1.2:enforce (enforce-maven) @ imageio-pict ---
[INFO] 
[INFO] --- maven-resources-plugin:2.7:resources (default-resources) @ imageio-pict ---
[INFO] Using 'UTF-8' encoding to copy filtered resources.
[INFO] Copying 2 resources
[INFO] 
[INFO] --- maven-compiler-plugin:3.3:compile (default-compile) @ imageio-pict ---
[INFO] Changes detected - recompiling the module!
[INFO] Compiling 24 source files to /home/travis/build/haraldk/TwelveMonkeys/imageio/imageio-pict/target/classes
[INFO] 
[INFO] --- maven-resources-plugin:2.7:testResources (default-testResources) @ imageio-pict ---
[INFO] Using 'UTF-8' encoding to copy filtered resources.
[INFO] Copying 37 resources
[INFO] 
[INFO] --- maven-compiler-plugin:3.3:testCompile (default-testCompile) @ imageio-pict ---
[INFO] Changes detected - recompiling the module!
[INFO] Compiling 3 source files to /home/travis/build/haraldk/TwelveMonkeys/imageio/imageio-pict/target/test-classes
[INFO] 
[INFO] --- maven-surefire-plugin:2.18.1:test (default-test) @ imageio-pict ---
[INFO] Tests are skipped.
[INFO] 
[INFO] --- maven-jar-plugin:2.6:jar (default-jar) @ imageio-pict ---
[INFO] Building jar: /home/travis/build/haraldk/TwelveMonkeys/imageio/imageio-pict/target/twelvemonkeys-imageio-pict-3.4-SNAPSHOT.jar
[INFO] 
[INFO] --- maven-jar-plugin:2.6:test-jar (attach-tests) @ imageio-pict ---
[INFO] Building jar: /home/travis/build/haraldk/TwelveMonkeys/imageio/imageio-pict/target/twelvemonkeys-imageio-pict-3.4-SNAPSHOT-tests.jar
[INFO] 
[INFO] >>> maven-source-plugin:2.4:jar (attach-sources) > generate-sources @ imageio-pict >>>
[INFO] 
[INFO] --- maven-enforcer-plugin:1.2:enforce (enforce-maven) @ imageio-pict ---
[INFO] 
[INFO] <<< maven-source-plugin:2.4:jar (attach-sources) < generate-sources @ imageio-pict <<<
[INFO] 
[INFO] 
[INFO] --- maven-source-plugin:2.4:jar (attach-sources) @ imageio-pict ---
[INFO] Building jar: /home/travis/build/haraldk/TwelveMonkeys/imageio/imageio-pict/target/twelvemonkeys-imageio-pict-3.4-SNAPSHOT-sources.jar
[INFO] 
[INFO] >>> maven-source-plugin:2.4:test-jar (attach-sources) > generate-sources @ imageio-pict >>>
[INFO] 
[INFO] --- maven-enforcer-plugin:1.2:enforce (enforce-maven) @ imageio-pict ---
[INFO] 
[INFO] <<< maven-source-plugin:2.4:test-jar (attach-sources) < generate-sources @ imageio-pict <<<
[INFO] 
[INFO] 
[INFO] --- maven-source-plugin:2.4:test-jar (attach-sources) @ imageio-pict ---
[INFO] Building jar: /home/travis/build/haraldk/TwelveMonkeys/imageio/imageio-pict/target/twelvemonkeys-imageio-pict-3.4-SNAPSHOT-test-sources.jar
[INFO] 
[INFO] --- maven-install-plugin:2.4:install (default-install) @ imageio-pict ---
[INFO] Installing /home/travis/build/haraldk/TwelveMonkeys/imageio/imageio-pict/target/twelvemonkeys-imageio-pict-3.4-SNAPSHOT.jar to /home/travis/.m2/repository/com/twelvemonkeys/imageio/imageio-pict/3.4-SNAPSHOT/imageio-pict-3.4-SNAPSHOT.jar
[INFO] Installing /home/travis/build/haraldk/TwelveMonkeys/imageio/imageio-pict/pom.xml to /home/travis/.m2/repository/com/twelvemonkeys/imageio/imageio-pict/3.4-SNAPSHOT/imageio-pict-3.4-SNAPSHOT.pom
[INFO] Installing /home/travis/build/haraldk/TwelveMonkeys/imageio/imageio-pict/target/twelvemonkeys-imageio-pict-3.4-SNAPSHOT-tests.jar to /home/travis/.m2/repository/com/twelvemonkeys/imageio/imageio-pict/3.4-SNAPSHOT/imageio-pict-3.4-SNAPSHOT-tests.jar
[INFO] Installing /home/travis/build/haraldk/TwelveMonkeys/imageio/imageio-pict/target/twelvemonkeys-imageio-pict-3.4-SNAPSHOT-sources.jar to /home/travis/.m2/repository/com/twelvemonkeys/imageio/imageio-pict/3.4-SNAPSHOT/imageio-pict-3.4-SNAPSHOT-sources.jar
[INFO] Installing /home/travis/build/haraldk/TwelveMonkeys/imageio/imageio-pict/target/twelvemonkeys-imageio-pict-3.4-SNAPSHOT-test-sources.jar to /home/travis/.m2/repository/com/twelvemonkeys/imageio/imageio-pict/3.4-SNAPSHOT/imageio-pict-3.4-SNAPSHOT-test-sources.jar
[INFO] 
[INFO] ------------------------------------------------------------------------
[INFO] Building TwelveMonkeys :: ImageIO :: PNM plugin 3.4-SNAPSHOT
[INFO] ------------------------------------------------------------------------
[INFO] 
[INFO] --- maven-enforcer-plugin:1.2:enforce (enforce-maven) @ imageio-pnm ---
[INFO] 
[INFO] --- maven-resources-plugin:2.7:resources (default-resources) @ imageio-pnm ---
[INFO] Using 'UTF-8' encoding to copy filtered resources.
[INFO] Copying 2 resources
[INFO] 
[INFO] --- maven-compiler-plugin:3.3:compile (default-compile) @ imageio-pnm ---
[INFO] Changes detected - recompiling the module!
[INFO] Compiling 20 source files to /home/travis/build/haraldk/TwelveMonkeys/imageio/imageio-pnm/target/classes
[INFO] 
[INFO] --- maven-resources-plugin:2.7:testResources (default-testResources) @ imageio-pnm ---
[INFO] Using 'UTF-8' encoding to copy filtered resources.
[INFO] Copying 14 resources
[INFO] 
[INFO] --- maven-compiler-plugin:3.3:testCompile (default-testCompile) @ imageio-pnm ---
[INFO] Changes detected - recompiling the module!
[INFO] Compiling 5 source files to /home/travis/build/haraldk/TwelveMonkeys/imageio/imageio-pnm/target/test-classes
[INFO] 
[INFO] --- maven-surefire-plugin:2.18.1:test (default-test) @ imageio-pnm ---
[INFO] Tests are skipped.
[INFO] 
[INFO] --- maven-jar-plugin:2.6:jar (default-jar) @ imageio-pnm ---
[INFO] Building jar: /home/travis/build/haraldk/TwelveMonkeys/imageio/imageio-pnm/target/twelvemonkeys-imageio-pnm-3.4-SNAPSHOT.jar
[INFO] 
[INFO] --- maven-jar-plugin:2.6:test-jar (attach-tests) @ imageio-pnm ---
[INFO] Building jar: /home/travis/build/haraldk/TwelveMonkeys/imageio/imageio-pnm/target/twelvemonkeys-imageio-pnm-3.4-SNAPSHOT-tests.jar
[INFO] 
[INFO] >>> maven-source-plugin:2.4:jar (attach-sources) > generate-sources @ imageio-pnm >>>
[INFO] 
[INFO] --- maven-enforcer-plugin:1.2:enforce (enforce-maven) @ imageio-pnm ---
[INFO] 
[INFO] <<< maven-source-plugin:2.4:jar (attach-sources) < generate-sources @ imageio-pnm <<<
[INFO] 
[INFO] 
[INFO] --- maven-source-plugin:2.4:jar (attach-sources) @ imageio-pnm ---
[INFO] Building jar: /home/travis/build/haraldk/TwelveMonkeys/imageio/imageio-pnm/target/twelvemonkeys-imageio-pnm-3.4-SNAPSHOT-sources.jar
[INFO] 
[INFO] >>> maven-source-plugin:2.4:test-jar (attach-sources) > generate-sources @ imageio-pnm >>>
[INFO] 
[INFO] --- maven-enforcer-plugin:1.2:enforce (enforce-maven) @ imageio-pnm ---
[INFO] 
[INFO] <<< maven-source-plugin:2.4:test-jar (attach-sources) < generate-sources @ imageio-pnm <<<
[INFO] 
[INFO] 
[INFO] --- maven-source-plugin:2.4:test-jar (attach-sources) @ imageio-pnm ---
[INFO] Building jar: /home/travis/build/haraldk/TwelveMonkeys/imageio/imageio-pnm/target/twelvemonkeys-imageio-pnm-3.4-SNAPSHOT-test-sources.jar
[INFO] 
[INFO] --- maven-install-plugin:2.4:install (default-install) @ imageio-pnm ---
[INFO] Installing /home/travis/build/haraldk/TwelveMonkeys/imageio/imageio-pnm/target/twelvemonkeys-imageio-pnm-3.4-SNAPSHOT.jar to /home/travis/.m2/repository/com/twelvemonkeys/imageio/imageio-pnm/3.4-SNAPSHOT/imageio-pnm-3.4-SNAPSHOT.jar
[INFO] Installing /home/travis/build/haraldk/TwelveMonkeys/imageio/imageio-pnm/pom.xml to /home/travis/.m2/repository/com/twelvemonkeys/imageio/imageio-pnm/3.4-SNAPSHOT/imageio-pnm-3.4-SNAPSHOT.pom
[INFO] Installing /home/travis/build/haraldk/TwelveMonkeys/imageio/imageio-pnm/target/twelvemonkeys-imageio-pnm-3.4-SNAPSHOT-tests.jar to /home/travis/.m2/repository/com/twelvemonkeys/imageio/imageio-pnm/3.4-SNAPSHOT/imageio-pnm-3.4-SNAPSHOT-tests.jar
[INFO] Installing /home/travis/build/haraldk/TwelveMonkeys/imageio/imageio-pnm/target/twelvemonkeys-imageio-pnm-3.4-SNAPSHOT-sources.jar to /home/travis/.m2/repository/com/twelvemonkeys/imageio/imageio-pnm/3.4-SNAPSHOT/imageio-pnm-3.4-SNAPSHOT-sources.jar
[INFO] Installing /home/travis/build/haraldk/TwelveMonkeys/imageio/imageio-pnm/target/twelvemonkeys-imageio-pnm-3.4-SNAPSHOT-test-sources.jar to /home/travis/.m2/repository/com/twelvemonkeys/imageio/imageio-pnm/3.4-SNAPSHOT/imageio-pnm-3.4-SNAPSHOT-test-sources.jar
[INFO] 
[INFO] ------------------------------------------------------------------------
[INFO] Building TwelveMonkeys :: ImageIO :: PSD plugin 3.4-SNAPSHOT
[INFO] ------------------------------------------------------------------------
[INFO] 
[INFO] --- maven-enforcer-plugin:1.2:enforce (enforce-maven) @ imageio-psd ---
[INFO] 
[INFO] --- maven-resources-plugin:2.7:resources (default-resources) @ imageio-psd ---
[INFO] Using 'UTF-8' encoding to copy filtered resources.
[INFO] Copying 1 resource
[INFO] 
[INFO] --- maven-compiler-plugin:3.3:compile (default-compile) @ imageio-psd ---
[INFO] Changes detected - recompiling the module!
[INFO] Compiling 33 source files to /home/travis/build/haraldk/TwelveMonkeys/imageio/imageio-psd/target/classes
[INFO] 
[INFO] --- maven-resources-plugin:2.7:testResources (default-testResources) @ imageio-psd ---
[INFO] Using 'UTF-8' encoding to copy filtered resources.
[INFO] Copying 32 resources
[INFO] 
[INFO] --- maven-compiler-plugin:3.3:testCompile (default-testCompile) @ imageio-psd ---
[INFO] Changes detected - recompiling the module!
[INFO] Compiling 2 source files to /home/travis/build/haraldk/TwelveMonkeys/imageio/imageio-psd/target/test-classes
[INFO] 
[INFO] --- maven-surefire-plugin:2.18.1:test (default-test) @ imageio-psd ---
[INFO] Tests are skipped.
[INFO] 
[INFO] --- maven-jar-plugin:2.6:jar (default-jar) @ imageio-psd ---
[INFO] Building jar: /home/travis/build/haraldk/TwelveMonkeys/imageio/imageio-psd/target/twelvemonkeys-imageio-psd-3.4-SNAPSHOT.jar
[INFO] 
[INFO] --- maven-jar-plugin:2.6:test-jar (attach-tests) @ imageio-psd ---
[INFO] Building jar: /home/travis/build/haraldk/TwelveMonkeys/imageio/imageio-psd/target/twelvemonkeys-imageio-psd-3.4-SNAPSHOT-tests.jar
[INFO] 
[INFO] >>> maven-source-plugin:2.4:jar (attach-sources) > generate-sources @ imageio-psd >>>
[INFO] 
[INFO] --- maven-enforcer-plugin:1.2:enforce (enforce-maven) @ imageio-psd ---
[INFO] 
[INFO] <<< maven-source-plugin:2.4:jar (attach-sources) < generate-sources @ imageio-psd <<<
[INFO] 
[INFO] 
[INFO] --- maven-source-plugin:2.4:jar (attach-sources) @ imageio-psd ---
[INFO] Building jar: /home/travis/build/haraldk/TwelveMonkeys/imageio/imageio-psd/target/twelvemonkeys-imageio-psd-3.4-SNAPSHOT-sources.jar
[INFO] 
[INFO] >>> maven-source-plugin:2.4:test-jar (attach-sources) > generate-sources @ imageio-psd >>>
[INFO] 
[INFO] --- maven-enforcer-plugin:1.2:enforce (enforce-maven) @ imageio-psd ---
[INFO] 
[INFO] <<< maven-source-plugin:2.4:test-jar (attach-sources) < generate-sources @ imageio-psd <<<
[INFO] 
[INFO] 
[INFO] --- maven-source-plugin:2.4:test-jar (attach-sources) @ imageio-psd ---
[INFO] Building jar: /home/travis/build/haraldk/TwelveMonkeys/imageio/imageio-psd/target/twelvemonkeys-imageio-psd-3.4-SNAPSHOT-test-sources.jar
[INFO] 
[INFO] --- maven-install-plugin:2.4:install (default-install) @ imageio-psd ---
[INFO] Installing /home/travis/build/haraldk/TwelveMonkeys/imageio/imageio-psd/target/twelvemonkeys-imageio-psd-3.4-SNAPSHOT.jar to /home/travis/.m2/repository/com/twelvemonkeys/imageio/imageio-psd/3.4-SNAPSHOT/imageio-psd-3.4-SNAPSHOT.jar
[INFO] Installing /home/travis/build/haraldk/TwelveMonkeys/imageio/imageio-psd/pom.xml to /home/travis/.m2/repository/com/twelvemonkeys/imageio/imageio-psd/3.4-SNAPSHOT/imageio-psd-3.4-SNAPSHOT.pom
[INFO] Installing /home/travis/build/haraldk/TwelveMonkeys/imageio/imageio-psd/target/twelvemonkeys-imageio-psd-3.4-SNAPSHOT-tests.jar to /home/travis/.m2/repository/com/twelvemonkeys/imageio/imageio-psd/3.4-SNAPSHOT/imageio-psd-3.4-SNAPSHOT-tests.jar
[INFO] Installing /home/travis/build/haraldk/TwelveMonkeys/imageio/imageio-psd/target/twelvemonkeys-imageio-psd-3.4-SNAPSHOT-sources.jar to /home/travis/.m2/repository/com/twelvemonkeys/imageio/imageio-psd/3.4-SNAPSHOT/imageio-psd-3.4-SNAPSHOT-sources.jar
[INFO] Installing /home/travis/build/haraldk/TwelveMonkeys/imageio/imageio-psd/target/twelvemonkeys-imageio-psd-3.4-SNAPSHOT-test-sources.jar to /home/travis/.m2/repository/com/twelvemonkeys/imageio/imageio-psd/3.4-SNAPSHOT/imageio-psd-3.4-SNAPSHOT-test-sources.jar
[INFO] 
[INFO] ------------------------------------------------------------------------
[INFO] Building TwelveMonkeys :: ImageIO :: SGI plugin 3.4-SNAPSHOT
[INFO] ------------------------------------------------------------------------
[INFO] 
[INFO] --- maven-enforcer-plugin:1.2:enforce (enforce-maven) @ imageio-sgi ---
[INFO] 
[INFO] --- maven-resources-plugin:2.7:resources (default-resources) @ imageio-sgi ---
[INFO] Using 'UTF-8' encoding to copy filtered resources.
[INFO] Copying 1 resource
[INFO] 
[INFO] --- maven-compiler-plugin:3.3:compile (default-compile) @ imageio-sgi ---
[INFO] Changes detected - recompiling the module!
[INFO] Compiling 7 source files to /home/travis/build/haraldk/TwelveMonkeys/imageio/imageio-sgi/target/classes
[INFO] 
[INFO] --- maven-resources-plugin:2.7:testResources (default-testResources) @ imageio-sgi ---
[INFO] Using 'UTF-8' encoding to copy filtered resources.
[INFO] Copying 1 resource
[INFO] 
[INFO] --- maven-compiler-plugin:3.3:testCompile (default-testCompile) @ imageio-sgi ---
[INFO] Changes detected - recompiling the module!
[INFO] Compiling 2 source files to /home/travis/build/haraldk/TwelveMonkeys/imageio/imageio-sgi/target/test-classes
[INFO] 
[INFO] --- maven-surefire-plugin:2.18.1:test (default-test) @ imageio-sgi ---
[INFO] Tests are skipped.
[INFO] 
[INFO] --- maven-jar-plugin:2.6:jar (default-jar) @ imageio-sgi ---
[INFO] Building jar: /home/travis/build/haraldk/TwelveMonkeys/imageio/imageio-sgi/target/twelvemonkeys-imageio-sgi-3.4-SNAPSHOT.jar
[INFO] 
[INFO] --- maven-jar-plugin:2.6:test-jar (attach-tests) @ imageio-sgi ---
[INFO] Building jar: /home/travis/build/haraldk/TwelveMonkeys/imageio/imageio-sgi/target/twelvemonkeys-imageio-sgi-3.4-SNAPSHOT-tests.jar
[INFO] 
[INFO] >>> maven-source-plugin:2.4:jar (attach-sources) > generate-sources @ imageio-sgi >>>
[INFO] 
[INFO] --- maven-enforcer-plugin:1.2:enforce (enforce-maven) @ imageio-sgi ---
[INFO] 
[INFO] <<< maven-source-plugin:2.4:jar (attach-sources) < generate-sources @ imageio-sgi <<<
[INFO] 
[INFO] 
[INFO] --- maven-source-plugin:2.4:jar (attach-sources) @ imageio-sgi ---
[INFO] Building jar: /home/travis/build/haraldk/TwelveMonkeys/imageio/imageio-sgi/target/twelvemonkeys-imageio-sgi-3.4-SNAPSHOT-sources.jar
[INFO] 
[INFO] >>> maven-source-plugin:2.4:test-jar (attach-sources) > generate-sources @ imageio-sgi >>>
[INFO] 
[INFO] --- maven-enforcer-plugin:1.2:enforce (enforce-maven) @ imageio-sgi ---
[INFO] 
[INFO] <<< maven-source-plugin:2.4:test-jar (attach-sources) < generate-sources @ imageio-sgi <<<
[INFO] 
[INFO] 
[INFO] --- maven-source-plugin:2.4:test-jar (attach-sources) @ imageio-sgi ---
[INFO] Building jar: /home/travis/build/haraldk/TwelveMonkeys/imageio/imageio-sgi/target/twelvemonkeys-imageio-sgi-3.4-SNAPSHOT-test-sources.jar
[INFO] 
[INFO] --- maven-install-plugin:2.4:install (default-install) @ imageio-sgi ---
[INFO] Installing /home/travis/build/haraldk/TwelveMonkeys/imageio/imageio-sgi/target/twelvemonkeys-imageio-sgi-3.4-SNAPSHOT.jar to /home/travis/.m2/repository/com/twelvemonkeys/imageio/imageio-sgi/3.4-SNAPSHOT/imageio-sgi-3.4-SNAPSHOT.jar
[INFO] Installing /home/travis/build/haraldk/TwelveMonkeys/imageio/imageio-sgi/pom.xml to /home/travis/.m2/repository/com/twelvemonkeys/imageio/imageio-sgi/3.4-SNAPSHOT/imageio-sgi-3.4-SNAPSHOT.pom
[INFO] Installing /home/travis/build/haraldk/TwelveMonkeys/imageio/imageio-sgi/target/twelvemonkeys-imageio-sgi-3.4-SNAPSHOT-tests.jar to /home/travis/.m2/repository/com/twelvemonkeys/imageio/imageio-sgi/3.4-SNAPSHOT/imageio-sgi-3.4-SNAPSHOT-tests.jar
[INFO] Installing /home/travis/build/haraldk/TwelveMonkeys/imageio/imageio-sgi/target/twelvemonkeys-imageio-sgi-3.4-SNAPSHOT-sources.jar to /home/travis/.m2/repository/com/twelvemonkeys/imageio/imageio-sgi/3.4-SNAPSHOT/imageio-sgi-3.4-SNAPSHOT-sources.jar
[INFO] Installing /home/travis/build/haraldk/TwelveMonkeys/imageio/imageio-sgi/target/twelvemonkeys-imageio-sgi-3.4-SNAPSHOT-test-sources.jar to /home/travis/.m2/repository/com/twelvemonkeys/imageio/imageio-sgi/3.4-SNAPSHOT/imageio-sgi-3.4-SNAPSHOT-test-sources.jar
[INFO] 
[INFO] ------------------------------------------------------------------------
[INFO] Building TwelveMonkeys :: ImageIO :: TGA plugin 3.4-SNAPSHOT
[INFO] ------------------------------------------------------------------------
[INFO] 
[INFO] --- maven-enforcer-plugin:1.2:enforce (enforce-maven) @ imageio-tga ---
[INFO] 
[INFO] --- maven-resources-plugin:2.7:resources (default-resources) @ imageio-tga ---
[INFO] Using 'UTF-8' encoding to copy filtered resources.
[INFO] Copying 1 resource
[INFO] 
[INFO] --- maven-compiler-plugin:3.3:compile (default-compile) @ imageio-tga ---
[INFO] Changes detected - recompiling the module!
[INFO] Compiling 8 source files to /home/travis/build/haraldk/TwelveMonkeys/imageio/imageio-tga/target/classes
[INFO] 
[INFO] --- maven-resources-plugin:2.7:testResources (default-testResources) @ imageio-tga ---
[INFO] Using 'UTF-8' encoding to copy filtered resources.
[INFO] Copying 22 resources
[INFO] 
[INFO] --- maven-compiler-plugin:3.3:testCompile (default-testCompile) @ imageio-tga ---
[INFO] Changes detected - recompiling the module!
[INFO] Compiling 2 source files to /home/travis/build/haraldk/TwelveMonkeys/imageio/imageio-tga/target/test-classes
[INFO] 
[INFO] --- maven-surefire-plugin:2.18.1:test (default-test) @ imageio-tga ---
[INFO] Tests are skipped.
[INFO] 
[INFO] --- maven-jar-plugin:2.6:jar (default-jar) @ imageio-tga ---
[INFO] Building jar: /home/travis/build/haraldk/TwelveMonkeys/imageio/imageio-tga/target/twelvemonkeys-imageio-tga-3.4-SNAPSHOT.jar
[INFO] 
[INFO] --- maven-jar-plugin:2.6:test-jar (attach-tests) @ imageio-tga ---
[INFO] Building jar: /home/travis/build/haraldk/TwelveMonkeys/imageio/imageio-tga/target/twelvemonkeys-imageio-tga-3.4-SNAPSHOT-tests.jar
[INFO] 
[INFO] >>> maven-source-plugin:2.4:jar (attach-sources) > generate-sources @ imageio-tga >>>
[INFO] 
[INFO] --- maven-enforcer-plugin:1.2:enforce (enforce-maven) @ imageio-tga ---
[INFO] 
[INFO] <<< maven-source-plugin:2.4:jar (attach-sources) < generate-sources @ imageio-tga <<<
[INFO] 
[INFO] 
[INFO] --- maven-source-plugin:2.4:jar (attach-sources) @ imageio-tga ---
[INFO] Building jar: /home/travis/build/haraldk/TwelveMonkeys/imageio/imageio-tga/target/twelvemonkeys-imageio-tga-3.4-SNAPSHOT-sources.jar
[INFO] 
[INFO] >>> maven-source-plugin:2.4:test-jar (attach-sources) > generate-sources @ imageio-tga >>>
[INFO] 
[INFO] --- maven-enforcer-plugin:1.2:enforce (enforce-maven) @ imageio-tga ---
[INFO] 
[INFO] <<< maven-source-plugin:2.4:test-jar (attach-sources) < generate-sources @ imageio-tga <<<
[INFO] 
[INFO] 
[INFO] --- maven-source-plugin:2.4:test-jar (attach-sources) @ imageio-tga ---
[INFO] Building jar: /home/travis/build/haraldk/TwelveMonkeys/imageio/imageio-tga/target/twelvemonkeys-imageio-tga-3.4-SNAPSHOT-test-sources.jar
[INFO] 
[INFO] --- maven-install-plugin:2.4:install (default-install) @ imageio-tga ---
[INFO] Installing /home/travis/build/haraldk/TwelveMonkeys/imageio/imageio-tga/target/twelvemonkeys-imageio-tga-3.4-SNAPSHOT.jar to /home/travis/.m2/repository/com/twelvemonkeys/imageio/imageio-tga/3.4-SNAPSHOT/imageio-tga-3.4-SNAPSHOT.jar
[INFO] Installing /home/travis/build/haraldk/TwelveMonkeys/imageio/imageio-tga/pom.xml to /home/travis/.m2/repository/com/twelvemonkeys/imageio/imageio-tga/3.4-SNAPSHOT/imageio-tga-3.4-SNAPSHOT.pom
[INFO] Installing /home/travis/build/haraldk/TwelveMonkeys/imageio/imageio-tga/target/twelvemonkeys-imageio-tga-3.4-SNAPSHOT-tests.jar to /home/travis/.m2/repository/com/twelvemonkeys/imageio/imageio-tga/3.4-SNAPSHOT/imageio-tga-3.4-SNAPSHOT-tests.jar
[INFO] Installing /home/travis/build/haraldk/TwelveMonkeys/imageio/imageio-tga/target/twelvemonkeys-imageio-tga-3.4-SNAPSHOT-sources.jar to /home/travis/.m2/repository/com/twelvemonkeys/imageio/imageio-tga/3.4-SNAPSHOT/imageio-tga-3.4-SNAPSHOT-sources.jar
[INFO] Installing /home/travis/build/haraldk/TwelveMonkeys/imageio/imageio-tga/target/twelvemonkeys-imageio-tga-3.4-SNAPSHOT-test-sources.jar to /home/travis/.m2/repository/com/twelvemonkeys/imageio/imageio-tga/3.4-SNAPSHOT/imageio-tga-3.4-SNAPSHOT-test-sources.jar
[INFO] 
[INFO] ------------------------------------------------------------------------
[INFO] Building TwelveMonkeys :: ImageIO :: Thumbs.db plugin 3.4-SNAPSHOT
[INFO] ------------------------------------------------------------------------
[INFO] 
[INFO] --- maven-enforcer-plugin:1.2:enforce (enforce-maven) @ imageio-thumbsdb ---
[INFO] 
[INFO] --- maven-resources-plugin:2.7:resources (default-resources) @ imageio-thumbsdb ---
[INFO] Using 'UTF-8' encoding to copy filtered resources.
[INFO] Copying 1 resource
[INFO] 
[INFO] --- maven-compiler-plugin:3.3:compile (default-compile) @ imageio-thumbsdb ---
[INFO] Changes detected - recompiling the module!
[INFO] Compiling 4 source files to /home/travis/build/haraldk/TwelveMonkeys/imageio/imageio-thumbsdb/target/classes
[INFO] 
[INFO] --- maven-resources-plugin:2.7:testResources (default-testResources) @ imageio-thumbsdb ---
[INFO] Using 'UTF-8' encoding to copy filtered resources.
[INFO] Copying 2 resources
[INFO] 
[INFO] --- maven-compiler-plugin:3.3:testCompile (default-testCompile) @ imageio-thumbsdb ---
[INFO] Changes detected - recompiling the module!
[INFO] Compiling 2 source files to /home/travis/build/haraldk/TwelveMonkeys/imageio/imageio-thumbsdb/target/test-classes
[INFO] 
[INFO] --- maven-surefire-plugin:2.18.1:test (default-test) @ imageio-thumbsdb ---
[INFO] Tests are skipped.
[INFO] 
[INFO] --- maven-jar-plugin:2.6:jar (default-jar) @ imageio-thumbsdb ---
[INFO] Building jar: /home/travis/build/haraldk/TwelveMonkeys/imageio/imageio-thumbsdb/target/twelvemonkeys-imageio-thumbsdb-3.4-SNAPSHOT.jar
[INFO] 
[INFO] --- maven-jar-plugin:2.6:test-jar (attach-tests) @ imageio-thumbsdb ---
[INFO] Building jar: /home/travis/build/haraldk/TwelveMonkeys/imageio/imageio-thumbsdb/target/twelvemonkeys-imageio-thumbsdb-3.4-SNAPSHOT-tests.jar
[INFO] 
[INFO] >>> maven-source-plugin:2.4:jar (attach-sources) > generate-sources @ imageio-thumbsdb >>>
[INFO] 
[INFO] --- maven-enforcer-plugin:1.2:enforce (enforce-maven) @ imageio-thumbsdb ---
[INFO] 
[INFO] <<< maven-source-plugin:2.4:jar (attach-sources) < generate-sources @ imageio-thumbsdb <<<
[INFO] 
[INFO] 
[INFO] --- maven-source-plugin:2.4:jar (attach-sources) @ imageio-thumbsdb ---
[INFO] Building jar: /home/travis/build/haraldk/TwelveMonkeys/imageio/imageio-thumbsdb/target/twelvemonkeys-imageio-thumbsdb-3.4-SNAPSHOT-sources.jar
[INFO] 
[INFO] >>> maven-source-plugin:2.4:test-jar (attach-sources) > generate-sources @ imageio-thumbsdb >>>
[INFO] 
[INFO] --- maven-enforcer-plugin:1.2:enforce (enforce-maven) @ imageio-thumbsdb ---
[INFO] 
[INFO] <<< maven-source-plugin:2.4:test-jar (attach-sources) < generate-sources @ imageio-thumbsdb <<<
[INFO] 
[INFO] 
[INFO] --- maven-source-plugin:2.4:test-jar (attach-sources) @ imageio-thumbsdb ---
[INFO] Building jar: /home/travis/build/haraldk/TwelveMonkeys/imageio/imageio-thumbsdb/target/twelvemonkeys-imageio-thumbsdb-3.4-SNAPSHOT-test-sources.jar
[INFO] 
[INFO] --- maven-install-plugin:2.4:install (default-install) @ imageio-thumbsdb ---
[INFO] Installing /home/travis/build/haraldk/TwelveMonkeys/imageio/imageio-thumbsdb/target/twelvemonkeys-imageio-thumbsdb-3.4-SNAPSHOT.jar to /home/travis/.m2/repository/com/twelvemonkeys/imageio/imageio-thumbsdb/3.4-SNAPSHOT/imageio-thumbsdb-3.4-SNAPSHOT.jar
[INFO] Installing /home/travis/build/haraldk/TwelveMonkeys/imageio/imageio-thumbsdb/pom.xml to /home/travis/.m2/repository/com/twelvemonkeys/imageio/imageio-thumbsdb/3.4-SNAPSHOT/imageio-thumbsdb-3.4-SNAPSHOT.pom
[INFO] Installing /home/travis/build/haraldk/TwelveMonkeys/imageio/imageio-thumbsdb/target/twelvemonkeys-imageio-thumbsdb-3.4-SNAPSHOT-tests.jar to /home/travis/.m2/repository/com/twelvemonkeys/imageio/imageio-thumbsdb/3.4-SNAPSHOT/imageio-thumbsdb-3.4-SNAPSHOT-tests.jar
[INFO] Installing /home/travis/build/haraldk/TwelveMonkeys/imageio/imageio-thumbsdb/target/twelvemonkeys-imageio-thumbsdb-3.4-SNAPSHOT-sources.jar to /home/travis/.m2/repository/com/twelvemonkeys/imageio/imageio-thumbsdb/3.4-SNAPSHOT/imageio-thumbsdb-3.4-SNAPSHOT-sources.jar
[INFO] Installing /home/travis/build/haraldk/TwelveMonkeys/imageio/imageio-thumbsdb/target/twelvemonkeys-imageio-thumbsdb-3.4-SNAPSHOT-test-sources.jar to /home/travis/.m2/repository/com/twelvemonkeys/imageio/imageio-thumbsdb/3.4-SNAPSHOT/imageio-thumbsdb-3.4-SNAPSHOT-test-sources.jar
[INFO] 
[INFO] ------------------------------------------------------------------------
[INFO] Building TwelveMonkeys :: ImageIO :: TIFF plugin 3.4-SNAPSHOT
[INFO] ------------------------------------------------------------------------
[INFO] 
[INFO] --- maven-enforcer-plugin:1.2:enforce (enforce-maven) @ imageio-tiff ---
[INFO] 
[INFO] --- maven-resources-plugin:2.7:resources (default-resources) @ imageio-tiff ---
[INFO] Using 'UTF-8' encoding to copy filtered resources.
[INFO] Copying 4 resources
[INFO] 
[INFO] --- maven-compiler-plugin:3.3:compile (default-compile) @ imageio-tiff ---
[INFO] Changes detected - recompiling the module!
[INFO] Compiling 27 source files to /home/travis/build/haraldk/TwelveMonkeys/imageio/imageio-tiff/target/classes
[INFO] 
[INFO] --- maven-resources-plugin:2.7:testResources (default-testResources) @ imageio-tiff ---
[INFO] Using 'UTF-8' encoding to copy filtered resources.
[INFO] Copying 118 resources
[INFO] 
[INFO] --- maven-compiler-plugin:3.3:testCompile (default-testCompile) @ imageio-tiff ---
[INFO] Changes detected - recompiling the module!
[INFO] Compiling 15 source files to /home/travis/build/haraldk/TwelveMonkeys/imageio/imageio-tiff/target/test-classes
[INFO] 
[INFO] --- maven-surefire-plugin:2.18.1:test (default-test) @ imageio-tiff ---
[INFO] Tests are skipped.
[INFO] 
[INFO] --- maven-jar-plugin:2.6:jar (default-jar) @ imageio-tiff ---
[INFO] Building jar: /home/travis/build/haraldk/TwelveMonkeys/imageio/imageio-tiff/target/twelvemonkeys-imageio-tiff-3.4-SNAPSHOT.jar
[INFO] 
[INFO] --- maven-jar-plugin:2.6:test-jar (attach-tests) @ imageio-tiff ---
[INFO] Building jar: /home/travis/build/haraldk/TwelveMonkeys/imageio/imageio-tiff/target/twelvemonkeys-imageio-tiff-3.4-SNAPSHOT-tests.jar
[INFO] 
[INFO] >>> maven-source-plugin:2.4:jar (attach-sources) > generate-sources @ imageio-tiff >>>
[INFO] 
[INFO] --- maven-enforcer-plugin:1.2:enforce (enforce-maven) @ imageio-tiff ---
[INFO] 
[INFO] <<< maven-source-plugin:2.4:jar (attach-sources) < generate-sources @ imageio-tiff <<<
[INFO] 
[INFO] 
[INFO] --- maven-source-plugin:2.4:jar (attach-sources) @ imageio-tiff ---
[INFO] Building jar: /home/travis/build/haraldk/TwelveMonkeys/imageio/imageio-tiff/target/twelvemonkeys-imageio-tiff-3.4-SNAPSHOT-sources.jar
[INFO] 
[INFO] >>> maven-source-plugin:2.4:test-jar (attach-sources) > generate-sources @ imageio-tiff >>>
[INFO] 
[INFO] --- maven-enforcer-plugin:1.2:enforce (enforce-maven) @ imageio-tiff ---
[INFO] 
[INFO] <<< maven-source-plugin:2.4:test-jar (attach-sources) < generate-sources @ imageio-tiff <<<
[INFO] 
[INFO] 
[INFO] --- maven-source-plugin:2.4:test-jar (attach-sources) @ imageio-tiff ---
[INFO] Building jar: /home/travis/build/haraldk/TwelveMonkeys/imageio/imageio-tiff/target/twelvemonkeys-imageio-tiff-3.4-SNAPSHOT-test-sources.jar
[INFO] 
[INFO] --- maven-install-plugin:2.4:install (default-install) @ imageio-tiff ---
[INFO] Installing /home/travis/build/haraldk/TwelveMonkeys/imageio/imageio-tiff/target/twelvemonkeys-imageio-tiff-3.4-SNAPSHOT.jar to /home/travis/.m2/repository/com/twelvemonkeys/imageio/imageio-tiff/3.4-SNAPSHOT/imageio-tiff-3.4-SNAPSHOT.jar
[INFO] Installing /home/travis/build/haraldk/TwelveMonkeys/imageio/imageio-tiff/pom.xml to /home/travis/.m2/repository/com/twelvemonkeys/imageio/imageio-tiff/3.4-SNAPSHOT/imageio-tiff-3.4-SNAPSHOT.pom
[INFO] Installing /home/travis/build/haraldk/TwelveMonkeys/imageio/imageio-tiff/target/twelvemonkeys-imageio-tiff-3.4-SNAPSHOT-tests.jar to /home/travis/.m2/repository/com/twelvemonkeys/imageio/imageio-tiff/3.4-SNAPSHOT/imageio-tiff-3.4-SNAPSHOT-tests.jar
[INFO] Installing /home/travis/build/haraldk/TwelveMonkeys/imageio/imageio-tiff/target/twelvemonkeys-imageio-tiff-3.4-SNAPSHOT-sources.jar to /home/travis/.m2/repository/com/twelvemonkeys/imageio/imageio-tiff/3.4-SNAPSHOT/imageio-tiff-3.4-SNAPSHOT-sources.jar
[INFO] Installing /home/travis/build/haraldk/TwelveMonkeys/imageio/imageio-tiff/target/twelvemonkeys-imageio-tiff-3.4-SNAPSHOT-test-sources.jar to /home/travis/.m2/repository/com/twelvemonkeys/imageio/imageio-tiff/3.4-SNAPSHOT/imageio-tiff-3.4-SNAPSHOT-test-sources.jar
[INFO] 
[INFO] ------------------------------------------------------------------------
[INFO] Building TwelveMonkeys :: ImageIO :: Batik Plugin 3.4-SNAPSHOT
[INFO] ------------------------------------------------------------------------
[INFO] 
[INFO] --- maven-enforcer-plugin:1.2:enforce (enforce-maven) @ imageio-batik ---
[INFO] 
[INFO] --- maven-resources-plugin:2.7:resources (default-resources) @ imageio-batik ---
[INFO] Using 'UTF-8' encoding to copy filtered resources.
[INFO] Copying 1 resource
[INFO] 
[INFO] --- maven-compiler-plugin:3.3:compile (default-compile) @ imageio-batik ---
[INFO] Changes detected - recompiling the module!
[INFO] Compiling 8 source files to /home/travis/build/haraldk/TwelveMonkeys/imageio/imageio-batik/target/classes
[INFO] 
[INFO] --- maven-resources-plugin:2.7:testResources (default-testResources) @ imageio-batik ---
[INFO] Using 'UTF-8' encoding to copy filtered resources.
[INFO] Copying 5 resources
[INFO] 
[INFO] --- maven-compiler-plugin:3.3:testCompile (default-testCompile) @ imageio-batik ---
[INFO] Changes detected - recompiling the module!
[INFO] Compiling 5 source files to /home/travis/build/haraldk/TwelveMonkeys/imageio/imageio-batik/target/test-classes
[INFO] 
[INFO] --- maven-surefire-plugin:2.18.1:test (default-test) @ imageio-batik ---
[INFO] Tests are skipped.
[INFO] 
[INFO] --- maven-jar-plugin:2.6:jar (default-jar) @ imageio-batik ---
[INFO] Building jar: /home/travis/build/haraldk/TwelveMonkeys/imageio/imageio-batik/target/twelvemonkeys-imageio-batik-3.4-SNAPSHOT.jar
[INFO] 
[INFO] --- maven-jar-plugin:2.6:test-jar (attach-tests) @ imageio-batik ---
[INFO] Building jar: /home/travis/build/haraldk/TwelveMonkeys/imageio/imageio-batik/target/twelvemonkeys-imageio-batik-3.4-SNAPSHOT-tests.jar
[INFO] 
[INFO] >>> maven-source-plugin:2.4:jar (attach-sources) > generate-sources @ imageio-batik >>>
[INFO] 
[INFO] --- maven-enforcer-plugin:1.2:enforce (enforce-maven) @ imageio-batik ---
[INFO] 
[INFO] <<< maven-source-plugin:2.4:jar (attach-sources) < generate-sources @ imageio-batik <<<
[INFO] 
[INFO] 
[INFO] --- maven-source-plugin:2.4:jar (attach-sources) @ imageio-batik ---
[INFO] Building jar: /home/travis/build/haraldk/TwelveMonkeys/imageio/imageio-batik/target/twelvemonkeys-imageio-batik-3.4-SNAPSHOT-sources.jar
[INFO] 
[INFO] >>> maven-source-plugin:2.4:test-jar (attach-sources) > generate-sources @ imageio-batik >>>
[INFO] 
[INFO] --- maven-enforcer-plugin:1.2:enforce (enforce-maven) @ imageio-batik ---
[INFO] 
[INFO] <<< maven-source-plugin:2.4:test-jar (attach-sources) < generate-sources @ imageio-batik <<<
[INFO] 
[INFO] 
[INFO] --- maven-source-plugin:2.4:test-jar (attach-sources) @ imageio-batik ---
[INFO] Building jar: /home/travis/build/haraldk/TwelveMonkeys/imageio/imageio-batik/target/twelvemonkeys-imageio-batik-3.4-SNAPSHOT-test-sources.jar
[INFO] 
[INFO] --- maven-install-plugin:2.4:install (default-install) @ imageio-batik ---
[INFO] Installing /home/travis/build/haraldk/TwelveMonkeys/imageio/imageio-batik/target/twelvemonkeys-imageio-batik-3.4-SNAPSHOT.jar to /home/travis/.m2/repository/com/twelvemonkeys/imageio/imageio-batik/3.4-SNAPSHOT/imageio-batik-3.4-SNAPSHOT.jar
[INFO] Installing /home/travis/build/haraldk/TwelveMonkeys/imageio/imageio-batik/pom.xml to /home/travis/.m2/repository/com/twelvemonkeys/imageio/imageio-batik/3.4-SNAPSHOT/imageio-batik-3.4-SNAPSHOT.pom
[INFO] Installing /home/travis/build/haraldk/TwelveMonkeys/imageio/imageio-batik/target/twelvemonkeys-imageio-batik-3.4-SNAPSHOT-tests.jar to /home/travis/.m2/repository/com/twelvemonkeys/imageio/imageio-batik/3.4-SNAPSHOT/imageio-batik-3.4-SNAPSHOT-tests.jar
[INFO] Installing /home/travis/build/haraldk/TwelveMonkeys/imageio/imageio-batik/target/twelvemonkeys-imageio-batik-3.4-SNAPSHOT-sources.jar to /home/travis/.m2/repository/com/twelvemonkeys/imageio/imageio-batik/3.4-SNAPSHOT/imageio-batik-3.4-SNAPSHOT-sources.jar
[INFO] Installing /home/travis/build/haraldk/TwelveMonkeys/imageio/imageio-batik/target/twelvemonkeys-imageio-batik-3.4-SNAPSHOT-test-sources.jar to /home/travis/.m2/repository/com/twelvemonkeys/imageio/imageio-batik/3.4-SNAPSHOT/imageio-batik-3.4-SNAPSHOT-test-sources.jar
[INFO] 
[INFO] ------------------------------------------------------------------------
[INFO] Building TwelveMonkeys :: ImageIO :: reference test cases 3.4-SNAPSHOT
[INFO] ------------------------------------------------------------------------
[INFO] 
[INFO] --- maven-enforcer-plugin:1.2:enforce (enforce-maven) @ imageio-reference ---
[INFO] 
[INFO] --- maven-resources-plugin:2.7:resources (default-resources) @ imageio-reference ---
[INFO] Using 'UTF-8' encoding to copy filtered resources.
[INFO] skip non existing resourceDirectory /home/travis/build/haraldk/TwelveMonkeys/imageio/imageio-reference/src/main/resources
[INFO] 
[INFO] --- maven-compiler-plugin:3.3:compile (default-compile) @ imageio-reference ---
[INFO] No sources to compile
[INFO] 
[INFO] --- maven-resources-plugin:2.7:testResources (default-testResources) @ imageio-reference ---
[INFO] Using 'UTF-8' encoding to copy filtered resources.
[INFO] Copying 2 resources
[INFO] 
[INFO] --- maven-compiler-plugin:3.3:testCompile (default-testCompile) @ imageio-reference ---
[INFO] Changes detected - recompiling the module!
[INFO] Compiling 2 source files to /home/travis/build/haraldk/TwelveMonkeys/imageio/imageio-reference/target/test-classes
[INFO] 
[INFO] --- maven-surefire-plugin:2.18.1:test (default-test) @ imageio-reference ---
[INFO] Tests are skipped.
[INFO] 
[INFO] --- maven-jar-plugin:2.6:jar (default-jar) @ imageio-reference ---
[WARNING] JAR will be empty - no content was marked for inclusion!
[INFO] Building jar: /home/travis/build/haraldk/TwelveMonkeys/imageio/imageio-reference/target/twelvemonkeys-imageio-reference-3.4-SNAPSHOT.jar
[INFO] 
[INFO] --- maven-jar-plugin:2.6:test-jar (attach-tests) @ imageio-reference ---
[INFO] Building jar: /home/travis/build/haraldk/TwelveMonkeys/imageio/imageio-reference/target/twelvemonkeys-imageio-reference-3.4-SNAPSHOT-tests.jar
[INFO] 
[INFO] >>> maven-source-plugin:2.4:jar (attach-sources) > generate-sources @ imageio-reference >>>
[INFO] 
[INFO] --- maven-enforcer-plugin:1.2:enforce (enforce-maven) @ imageio-reference ---
[INFO] 
[INFO] <<< maven-source-plugin:2.4:jar (attach-sources) < generate-sources @ imageio-reference <<<
[INFO] 
[INFO] 
[INFO] --- maven-source-plugin:2.4:jar (attach-sources) @ imageio-reference ---
[INFO] No sources in project. Archive not created.
[INFO] 
[INFO] >>> maven-source-plugin:2.4:test-jar (attach-sources) > generate-sources @ imageio-reference >>>
[INFO] 
[INFO] --- maven-enforcer-plugin:1.2:enforce (enforce-maven) @ imageio-reference ---
[INFO] 
[INFO] <<< maven-source-plugin:2.4:test-jar (attach-sources) < generate-sources @ imageio-reference <<<
[INFO] 
[INFO] 
[INFO] --- maven-source-plugin:2.4:test-jar (attach-sources) @ imageio-reference ---
[INFO] Building jar: /home/travis/build/haraldk/TwelveMonkeys/imageio/imageio-reference/target/twelvemonkeys-imageio-reference-3.4-SNAPSHOT-test-sources.jar
[INFO] 
[INFO] --- maven-install-plugin:2.4:install (default-install) @ imageio-reference ---
[INFO] Installing /home/travis/build/haraldk/TwelveMonkeys/imageio/imageio-reference/target/twelvemonkeys-imageio-reference-3.4-SNAPSHOT.jar to /home/travis/.m2/repository/com/twelvemonkeys/imageio/imageio-reference/3.4-SNAPSHOT/imageio-reference-3.4-SNAPSHOT.jar
[INFO] Installing /home/travis/build/haraldk/TwelveMonkeys/imageio/imageio-reference/pom.xml to /home/travis/.m2/repository/com/twelvemonkeys/imageio/imageio-reference/3.4-SNAPSHOT/imageio-reference-3.4-SNAPSHOT.pom
[INFO] Installing /home/travis/build/haraldk/TwelveMonkeys/imageio/imageio-reference/target/twelvemonkeys-imageio-reference-3.4-SNAPSHOT-tests.jar to /home/travis/.m2/repository/com/twelvemonkeys/imageio/imageio-reference/3.4-SNAPSHOT/imageio-reference-3.4-SNAPSHOT-tests.jar
[INFO] Installing /home/travis/build/haraldk/TwelveMonkeys/imageio/imageio-reference/target/twelvemonkeys-imageio-reference-3.4-SNAPSHOT-test-sources.jar to /home/travis/.m2/repository/com/twelvemonkeys/imageio/imageio-reference/3.4-SNAPSHOT/imageio-reference-3.4-SNAPSHOT-test-sources.jar
[INFO] 
[INFO] ------------------------------------------------------------------------
[INFO] Building TwelveMonkeys :: Contrib 3.4-SNAPSHOT
[INFO] ------------------------------------------------------------------------
[INFO] 
[INFO] --- maven-enforcer-plugin:1.2:enforce (enforce-maven) @ contrib ---
[INFO] 
[INFO] --- maven-resources-plugin:2.7:resources (default-resources) @ contrib ---
[INFO] Using 'UTF-8' encoding to copy filtered resources.
[INFO] skip non existing resourceDirectory /home/travis/build/haraldk/TwelveMonkeys/contrib/src/main/resources
[INFO] 
[INFO] --- maven-compiler-plugin:3.3:compile (default-compile) @ contrib ---
[INFO] Changes detected - recompiling the module!
[INFO] Compiling 1 source file to /home/travis/build/haraldk/TwelveMonkeys/contrib/target/classes
[INFO] 
[INFO] --- maven-resources-plugin:2.7:testResources (default-testResources) @ contrib ---
[INFO] Using 'UTF-8' encoding to copy filtered resources.
[INFO] Copying 1 resource
[INFO] 
[INFO] --- maven-compiler-plugin:3.3:testCompile (default-testCompile) @ contrib ---
[INFO] Changes detected - recompiling the module!
[INFO] Compiling 1 source file to /home/travis/build/haraldk/TwelveMonkeys/contrib/target/test-classes
[INFO] 
[INFO] --- maven-surefire-plugin:2.18.1:test (default-test) @ contrib ---
[INFO] Tests are skipped.
[INFO] 
[INFO] --- maven-jar-plugin:2.6:jar (default-jar) @ contrib ---
[INFO] Building jar: /home/travis/build/haraldk/TwelveMonkeys/contrib/target/twelvemonkeys-contrib-3.4-SNAPSHOT.jar
[INFO] 
[INFO] --- maven-jar-plugin:2.6:test-jar (attach-tests) @ contrib ---
[INFO] Building jar: /home/travis/build/haraldk/TwelveMonkeys/contrib/target/twelvemonkeys-contrib-3.4-SNAPSHOT-tests.jar
[INFO] 
[INFO] >>> maven-source-plugin:2.4:jar (attach-sources) > generate-sources @ contrib >>>
[INFO] 
[INFO] --- maven-enforcer-plugin:1.2:enforce (enforce-maven) @ contrib ---
[INFO] 
[INFO] <<< maven-source-plugin:2.4:jar (attach-sources) < generate-sources @ contrib <<<
[INFO] 
[INFO] 
[INFO] --- maven-source-plugin:2.4:jar (attach-sources) @ contrib ---
[INFO] Building jar: /home/travis/build/haraldk/TwelveMonkeys/contrib/target/twelvemonkeys-contrib-3.4-SNAPSHOT-sources.jar
[INFO] 
[INFO] >>> maven-source-plugin:2.4:test-jar (attach-sources) > generate-sources @ contrib >>>
[INFO] 
[INFO] --- maven-enforcer-plugin:1.2:enforce (enforce-maven) @ contrib ---
[INFO] 
[INFO] <<< maven-source-plugin:2.4:test-jar (attach-sources) < generate-sources @ contrib <<<
[INFO] 
[INFO] 
[INFO] --- maven-source-plugin:2.4:test-jar (attach-sources) @ contrib ---
[INFO] Building jar: /home/travis/build/haraldk/TwelveMonkeys/contrib/target/twelvemonkeys-contrib-3.4-SNAPSHOT-test-sources.jar
[INFO] 
[INFO] --- maven-install-plugin:2.4:install (default-install) @ contrib ---
[INFO] Installing /home/travis/build/haraldk/TwelveMonkeys/contrib/target/twelvemonkeys-contrib-3.4-SNAPSHOT.jar to /home/travis/.m2/repository/com/twelvemonkeys/contrib/contrib/3.4-SNAPSHOT/contrib-3.4-SNAPSHOT.jar
[INFO] Installing /home/travis/build/haraldk/TwelveMonkeys/contrib/pom.xml to /home/travis/.m2/repository/com/twelvemonkeys/contrib/contrib/3.4-SNAPSHOT/contrib-3.4-SNAPSHOT.pom
[INFO] Installing /home/travis/build/haraldk/TwelveMonkeys/contrib/target/twelvemonkeys-contrib-3.4-SNAPSHOT-tests.jar to /home/travis/.m2/repository/com/twelvemonkeys/contrib/contrib/3.4-SNAPSHOT/contrib-3.4-SNAPSHOT-tests.jar
[INFO] Installing /home/travis/build/haraldk/TwelveMonkeys/contrib/target/twelvemonkeys-contrib-3.4-SNAPSHOT-sources.jar to /home/travis/.m2/repository/com/twelvemonkeys/contrib/contrib/3.4-SNAPSHOT/contrib-3.4-SNAPSHOT-sources.jar
[INFO] Installing /home/travis/build/haraldk/TwelveMonkeys/contrib/target/twelvemonkeys-contrib-3.4-SNAPSHOT-test-sources.jar to /home/travis/.m2/repository/com/twelvemonkeys/contrib/contrib/3.4-SNAPSHOT/contrib-3.4-SNAPSHOT-test-sources.jar
[INFO] 
[INFO] ------------------------------------------------------------------------
[INFO] Building TwelveMonkeys :: BOM 3.4-SNAPSHOT
[INFO] ------------------------------------------------------------------------
[INFO] 
[INFO] --- maven-enforcer-plugin:1.2:enforce (enforce-maven) @ bom ---
[INFO] 
[INFO] --- maven-jar-plugin:2.6:test-jar (attach-tests) @ bom ---
[WARNING] JAR will be empty - no content was marked for inclusion!
[INFO] Building jar: /home/travis/build/haraldk/TwelveMonkeys/bom/target/twelvemonkeys-bom-3.4-SNAPSHOT-tests.jar
[INFO] 
[INFO] >>> maven-source-plugin:2.4:jar (attach-sources) > generate-sources @ bom >>>
[INFO] 
[INFO] --- maven-enforcer-plugin:1.2:enforce (enforce-maven) @ bom ---
[INFO] 
[INFO] <<< maven-source-plugin:2.4:jar (attach-sources) < generate-sources @ bom <<<
[INFO] 
[INFO] 
[INFO] --- maven-source-plugin:2.4:jar (attach-sources) @ bom ---
[INFO] 
[INFO] >>> maven-source-plugin:2.4:test-jar (attach-sources) > generate-sources @ bom >>>
[INFO] 
[INFO] --- maven-enforcer-plugin:1.2:enforce (enforce-maven) @ bom ---
[INFO] 
[INFO] <<< maven-source-plugin:2.4:test-jar (attach-sources) < generate-sources @ bom <<<
[INFO] 
[INFO] 
[INFO] --- maven-source-plugin:2.4:test-jar (attach-sources) @ bom ---
[INFO] 
[INFO] --- maven-install-plugin:2.4:install (default-install) @ bom ---
[INFO] Installing /home/travis/build/haraldk/TwelveMonkeys/bom/pom.xml to /home/travis/.m2/repository/com/twelvemonkeys/bom/bom/3.4-SNAPSHOT/bom-3.4-SNAPSHOT.pom
[INFO] Installing /home/travis/build/haraldk/TwelveMonkeys/bom/target/twelvemonkeys-bom-3.4-SNAPSHOT-tests.jar to /home/travis/.m2/repository/com/twelvemonkeys/bom/bom/3.4-SNAPSHOT/bom-3.4-SNAPSHOT-tests.jar
[INFO] ------------------------------------------------------------------------
[INFO] Reactor Summary:
[INFO] 
[INFO] Twelvemonkeys ...................................... SUCCESS [  3.359 s]
[INFO] TwelveMonkeys :: Common ............................ SUCCESS [  0.049 s]
[INFO] TwelveMonkeys :: Common :: Language support ........ SUCCESS [  5.806 s]
[INFO] TwelveMonkeys :: Common :: IO ...................... SUCCESS [  4.160 s]
[INFO] TwelveMonkeys :: Common :: Image ................... SUCCESS [  1.050 s]
[INFO] TwelveMonkeys :: Servlet ........................... SUCCESS [  1.700 s]
[INFO] TwelveMonkeys :: ImageIO ........................... SUCCESS [  0.024 s]
[INFO] TwelveMonkeys :: ImageIO :: Core ................... SUCCESS [  0.704 s]
[INFO] TwelveMonkeys :: ImageIO :: Metadata ............... SUCCESS [  1.534 s]
[INFO] TwelveMonkeys :: ImageIO :: Photoshop Path Support . SUCCESS [  1.353 s]
[INFO] TwelveMonkeys :: ImageIO :: BMP plugin ............. SUCCESS [  0.871 s]
[INFO] TwelveMonkeys :: ImageIO :: HDR plugin ............. SUCCESS [  0.290 s]
[INFO] TwelveMonkeys :: ImageIO :: ICNS plugin ............ SUCCESS [  0.290 s]
[INFO] TwelveMonkeys :: ImageIO :: IFF plugin ............. SUCCESS [  0.414 s]
[INFO] TwelveMonkeys :: ImageIO :: JPEG plugin ............ SUCCESS [  3.573 s]
[INFO] TwelveMonkeys :: ImageIO :: PCX plugin ............. SUCCESS [  1.301 s]
[INFO] TwelveMonkeys :: ImageIO :: PDF plugin ............. SUCCESS [  0.030 s]
[INFO] TwelveMonkeys :: ImageIO :: PICT plugin ............ SUCCESS [  1.811 s]
[INFO] TwelveMonkeys :: ImageIO :: PNM plugin ............. SUCCESS [  1.889 s]
[INFO] TwelveMonkeys :: ImageIO :: PSD plugin ............. SUCCESS [  3.671 s]
[INFO] TwelveMonkeys :: ImageIO :: SGI plugin ............. SUCCESS [  0.579 s]
[INFO] TwelveMonkeys :: ImageIO :: TGA plugin ............. SUCCESS [  0.828 s]
[INFO] TwelveMonkeys :: ImageIO :: Thumbs.db plugin ....... SUCCESS [  0.247 s]
[INFO] TwelveMonkeys :: ImageIO :: TIFF plugin ............ SUCCESS [  8.396 s]
[INFO] TwelveMonkeys :: ImageIO :: Batik Plugin ........... SUCCESS [  0.315 s]
[INFO] TwelveMonkeys :: ImageIO :: reference test cases ... SUCCESS [  0.071 s]
[INFO] TwelveMonkeys :: Contrib ........................... SUCCESS [  0.371 s]
[INFO] TwelveMonkeys :: BOM ............................... SUCCESS [  0.028 s]
[INFO] ------------------------------------------------------------------------
[INFO] BUILD SUCCESS
[INFO] ------------------------------------------------------------------------
[INFO] Total time: 45.213 s
[INFO] Finished at: 2017-12-19T20:42:18Z
[INFO] Final Memory: 56M/707M
[INFO] ------------------------------------------------------------------------

travis_time:end:0007fc32:start=1513716091029095954,finish=1513716138401454789,duration=47372358835[0Ktravis_fold:end:install[0Ktravis_time:start:089670f0[0K$ mvn test -B
Picked up _JAVA_OPTIONS: -Xmx2048m -Xms512m
[INFO] Scanning for projects...
[INFO] ------------------------------------------------------------------------
[INFO] Reactor Build Order:
[INFO] 
[INFO] Twelvemonkeys
[INFO] TwelveMonkeys :: Common
[INFO] TwelveMonkeys :: Common :: Language support
[INFO] TwelveMonkeys :: Common :: IO
[INFO] TwelveMonkeys :: Common :: Image
[INFO] TwelveMonkeys :: Servlet
[INFO] TwelveMonkeys :: ImageIO
[INFO] TwelveMonkeys :: ImageIO :: Core
[INFO] TwelveMonkeys :: ImageIO :: Metadata
[INFO] TwelveMonkeys :: ImageIO :: Photoshop Path Support
[INFO] TwelveMonkeys :: ImageIO :: BMP plugin
[INFO] TwelveMonkeys :: ImageIO :: HDR plugin
[INFO] TwelveMonkeys :: ImageIO :: ICNS plugin
[INFO] TwelveMonkeys :: ImageIO :: IFF plugin
[INFO] TwelveMonkeys :: ImageIO :: JPEG plugin
[INFO] TwelveMonkeys :: ImageIO :: PCX plugin
[INFO] TwelveMonkeys :: ImageIO :: PDF plugin
[INFO] TwelveMonkeys :: ImageIO :: PICT plugin
[INFO] TwelveMonkeys :: ImageIO :: PNM plugin
[INFO] TwelveMonkeys :: ImageIO :: PSD plugin
[INFO] TwelveMonkeys :: ImageIO :: SGI plugin
[INFO] TwelveMonkeys :: ImageIO :: TGA plugin
[INFO] TwelveMonkeys :: ImageIO :: Thumbs.db plugin
[INFO] TwelveMonkeys :: ImageIO :: TIFF plugin
[INFO] TwelveMonkeys :: ImageIO :: Batik Plugin
[INFO] TwelveMonkeys :: ImageIO :: reference test cases
[INFO] TwelveMonkeys :: Contrib
[INFO] TwelveMonkeys :: BOM
[INFO] 
[INFO] ------------------------------------------------------------------------
[INFO] Building Twelvemonkeys 3.4-SNAPSHOT
[INFO] ------------------------------------------------------------------------
[INFO] 
[INFO] --- maven-enforcer-plugin:1.2:enforce (enforce-maven) @ twelvemonkeys ---
[INFO] 
[INFO] ------------------------------------------------------------------------
[INFO] Building TwelveMonkeys :: Common 3.4-SNAPSHOT
[INFO] ------------------------------------------------------------------------
[INFO] 
[INFO] --- maven-enforcer-plugin:1.2:enforce (enforce-maven) @ common ---
[INFO] 
[INFO] ------------------------------------------------------------------------
[INFO] Building TwelveMonkeys :: Common :: Language support 3.4-SNAPSHOT
[INFO] ------------------------------------------------------------------------
[INFO] 
[INFO] --- maven-enforcer-plugin:1.2:enforce (enforce-maven) @ common-lang ---
[INFO] 
[INFO] --- maven-resources-plugin:2.7:resources (default-resources) @ common-lang ---
[INFO] Using 'UTF-8' encoding to copy filtered resources.
[INFO] skip non existing resourceDirectory /home/travis/build/haraldk/TwelveMonkeys/common/common-lang/src/main/resources
[INFO] 
[INFO] --- maven-compiler-plugin:3.3:compile (default-compile) @ common-lang ---
[INFO] Changes detected - recompiling the module!
[INFO] Compiling 48 source files to /home/travis/build/haraldk/TwelveMonkeys/common/common-lang/target/classes
[INFO] /home/travis/build/haraldk/TwelveMonkeys/common/common-lang/src/main/java/com/twelvemonkeys/util/TimeFormat.java: Some input files use unchecked or unsafe operations.
[INFO] /home/travis/build/haraldk/TwelveMonkeys/common/common-lang/src/main/java/com/twelvemonkeys/util/TimeFormat.java: Recompile with -Xlint:unchecked for details.
[INFO] 
[INFO] --- maven-resources-plugin:2.7:testResources (default-testResources) @ common-lang ---
[INFO] Using 'UTF-8' encoding to copy filtered resources.
[INFO] Copying 2 resources
[INFO] 
[INFO] --- maven-compiler-plugin:3.3:testCompile (default-testCompile) @ common-lang ---
[INFO] Nothing to compile - all classes are up to date
[INFO] 
[INFO] --- maven-surefire-plugin:2.18.1:test (default-test) @ common-lang ---
[INFO] Surefire report directory: /home/travis/build/haraldk/TwelveMonkeys/common/common-lang/target/surefire-reports

-------------------------------------------------------
 T E S T S
-------------------------------------------------------
Picked up _JAVA_OPTIONS: -Xmx2048m -Xms512m
Running com.twelvemonkeys.util.CollectionUtilTest
Tests run: 34, Failures: 0, Errors: 0, Skipped: 1, Time elapsed: 0.092 sec - in com.twelvemonkeys.util.CollectionUtilTest
Running com.twelvemonkeys.util.convert.TimeConverterTestCase
Tests run: 10, Failures: 0, Errors: 0, Skipped: 0, Time elapsed: 0.065 sec - in com.twelvemonkeys.util.convert.TimeConverterTestCase
Running com.twelvemonkeys.util.convert.NumberConverterTestCase
Tests run: 10, Failures: 0, Errors: 0, Skipped: 0, Time elapsed: 0.029 sec - in com.twelvemonkeys.util.convert.NumberConverterTestCase
Running com.twelvemonkeys.util.convert.DateConverterTestCase
Tests run: 10, Failures: 0, Errors: 0, Skipped: 0, Time elapsed: 0.03 sec - in com.twelvemonkeys.util.convert.DateConverterTestCase
Running com.twelvemonkeys.util.convert.DefaultConverterTestCase
Tests run: 18, Failures: 0, Errors: 0, Skipped: 1, Time elapsed: 0.03 sec - in com.twelvemonkeys.util.convert.DefaultConverterTestCase
Running com.twelvemonkeys.util.convert.ConverterTestCase
Tests run: 1, Failures: 0, Errors: 0, Skipped: 0, Time elapsed: 0 sec - in com.twelvemonkeys.util.convert.ConverterTestCase
Running com.twelvemonkeys.util.regex.RegExTokenIteratorTestCase
Tests run: 11, Failures: 0, Errors: 0, Skipped: 0, Time elapsed: 0.001 sec - in com.twelvemonkeys.util.regex.RegExTokenIteratorTestCase
Running com.twelvemonkeys.util.NullMapTestCase
Tests run: 35, Failures: 0, Errors: 0, Skipped: 0, Time elapsed: 0.18 sec - in com.twelvemonkeys.util.NullMapTestCase
Running com.twelvemonkeys.util.LRUMapTestCase
Tests run: 42, Failures: 0, Errors: 0, Skipped: 0, Time elapsed: 0.092 sec - in com.twelvemonkeys.util.LRUMapTestCase
Running com.twelvemonkeys.util.LinkedMapTestCase
Tests run: 36, Failures: 0, Errors: 0, Skipped: 0, Time elapsed: 0.039 sec - in com.twelvemonkeys.util.LinkedMapTestCase
Running com.twelvemonkeys.util.BeanMapTestCase
Tests run: 35, Failures: 0, Errors: 0, Skipped: 0, Time elapsed: 0.103 sec - in com.twelvemonkeys.util.BeanMapTestCase
Running com.twelvemonkeys.util.service.ServiceRegistryTest
Tests run: 25, Failures: 0, Errors: 0, Skipped: 0, Time elapsed: 0.028 sec - in com.twelvemonkeys.util.service.ServiceRegistryTest
Running com.twelvemonkeys.util.TimeoutMapTestCase
Tests run: 57, Failures: 0, Errors: 0, Skipped: 0, Time elapsed: 0.663 sec - in com.twelvemonkeys.util.TimeoutMapTestCase
Running com.twelvemonkeys.util.StringTokenIteratorTestCase
Tests run: 11, Failures: 0, Errors: 0, Skipped: 0, Time elapsed: 0.002 sec - in com.twelvemonkeys.util.StringTokenIteratorTestCase
Running com.twelvemonkeys.lang.StringUtilTestCase
Tests run: 56, Failures: 0, Errors: 0, Skipped: 0, Time elapsed: 0.066 sec - in com.twelvemonkeys.lang.StringUtilTestCase
Running com.twelvemonkeys.lang.BeanUtilTestCase
Tests run: 8, Failures: 0, Errors: 0, Skipped: 0, Time elapsed: 0.007 sec - in com.twelvemonkeys.lang.BeanUtilTestCase
Running com.twelvemonkeys.lang.PlatformTest
Tests run: 14, Failures: 0, Errors: 0, Skipped: 2, Time elapsed: 0.011 sec - in com.twelvemonkeys.lang.PlatformTest
Running com.twelvemonkeys.lang.DateUtilTest
Tests run: 30, Failures: 0, Errors: 0, Skipped: 0, Time elapsed: 0.015 sec - in com.twelvemonkeys.lang.DateUtilTest
Running com.twelvemonkeys.lang.ValidateTest
Tests run: 114, Failures: 0, Errors: 0, Skipped: 0, Time elapsed: 0.055 sec - in com.twelvemonkeys.lang.ValidateTest

Results :

Tests run: 557, Failures: 0, Errors: 0, Skipped: 4

[INFO] 
[INFO] ------------------------------------------------------------------------
[INFO] Building TwelveMonkeys :: Common :: IO 3.4-SNAPSHOT
[INFO] ------------------------------------------------------------------------
[INFO] 
[INFO] --- maven-enforcer-plugin:1.2:enforce (enforce-maven) @ common-io ---
[INFO] 
[INFO] --- maven-resources-plugin:2.7:resources (default-resources) @ common-io ---
[INFO] Using 'UTF-8' encoding to copy filtered resources.
[INFO] Copying 1 resource
[INFO] 
[INFO] --- maven-compiler-plugin:3.3:compile (default-compile) @ common-io ---
[INFO] Changes detected - recompiling the module!
[INFO] Compiling 48 source files to /home/travis/build/haraldk/TwelveMonkeys/common/common-io/target/classes
[INFO] /home/travis/build/haraldk/TwelveMonkeys/common/common-io/src/main/java/com/twelvemonkeys/io/FilenameMaskFilter.java: Some input files use or override a deprecated API.
[INFO] /home/travis/build/haraldk/TwelveMonkeys/common/common-io/src/main/java/com/twelvemonkeys/io/FilenameMaskFilter.java: Recompile with -Xlint:deprecation for details.
[INFO] 
[INFO] --- maven-resources-plugin:2.7:testResources (default-testResources) @ common-io ---
[INFO] Using 'UTF-8' encoding to copy filtered resources.
[INFO] Copying 1 resource
[INFO] 
[INFO] --- maven-compiler-plugin:3.3:testCompile (default-testCompile) @ common-io ---
[INFO] Nothing to compile - all classes are up to date
[INFO] 
[INFO] --- maven-surefire-plugin:2.18.1:test (default-test) @ common-io ---
[INFO] Surefire report directory: /home/travis/build/haraldk/TwelveMonkeys/common/common-io/target/surefire-reports

-------------------------------------------------------
 T E S T S
-------------------------------------------------------
Picked up _JAVA_OPTIONS: -Xmx2048m -Xms512m
Running com.twelvemonkeys.io.StringArrayReaderTestCase
Tests run: 19, Failures: 0, Errors: 0, Skipped: 0, Time elapsed: 0.046 sec - in com.twelvemonkeys.io.StringArrayReaderTestCase
Running com.twelvemonkeys.io.ole2.CompoundDocumentTestCase
Tests run: 7, Failures: 0, Errors: 0, Skipped: 0, Time elapsed: 0.455 sec - in com.twelvemonkeys.io.ole2.CompoundDocumentTestCase
Running com.twelvemonkeys.io.ole2.CompoundDocument_StreamTestCase
Tests run: 27, Failures: 0, Errors: 0, Skipped: 0, Time elapsed: 0.022 sec - in com.twelvemonkeys.io.ole2.CompoundDocument_StreamTestCase
Running com.twelvemonkeys.io.ole2.CompoundDocument_SeekableLittleEndianDataInputStreamTestCase
Tests run: 26, Failures: 0, Errors: 0, Skipped: 0, Time elapsed: 0.009 sec - in com.twelvemonkeys.io.ole2.CompoundDocument_SeekableLittleEndianDataInputStreamTestCase
Running com.twelvemonkeys.io.MemoryCacheSeekableStreamTestCase
Tests run: 34, Failures: 0, Errors: 0, Skipped: 0, Time elapsed: 0.035 sec - in com.twelvemonkeys.io.MemoryCacheSeekableStreamTestCase
Running com.twelvemonkeys.io.FileCacheSeekableStreamTestCase
Tests run: 34, Failures: 0, Errors: 0, Skipped: 0, Time elapsed: 0.031 sec - in com.twelvemonkeys.io.FileCacheSeekableStreamTestCase
Running com.twelvemonkeys.io.CompoundReaderTestCase
Tests run: 19, Failures: 0, Errors: 0, Skipped: 0, Time elapsed: 0.017 sec - in com.twelvemonkeys.io.CompoundReaderTestCase
Running com.twelvemonkeys.io.enc.PackBitsDecoderTestCase
Tests run: 12, Failures: 0, Errors: 0, Skipped: 0, Time elapsed: 1.093 sec - in com.twelvemonkeys.io.enc.PackBitsDecoderTestCase
Running com.twelvemonkeys.io.enc.Base64DecoderTestCase
Tests run: 15, Failures: 0, Errors: 0, Skipped: 0, Time elapsed: 1.255 sec - in com.twelvemonkeys.io.enc.Base64DecoderTestCase
Running com.twelvemonkeys.io.enc.Base64EncoderTestCase
Tests run: 14, Failures: 0, Errors: 0, Skipped: 0, Time elapsed: 0.355 sec - in com.twelvemonkeys.io.enc.Base64EncoderTestCase
Running com.twelvemonkeys.io.enc.PackBitsEncoderTestCase
Tests run: 11, Failures: 0, Errors: 0, Skipped: 0, Time elapsed: 0.091 sec - in com.twelvemonkeys.io.enc.PackBitsEncoderTestCase
Running com.twelvemonkeys.io.LittleEndianDataInputStreamTest
Tests run: 7, Failures: 0, Errors: 0, Skipped: 0, Time elapsed: 0.007 sec - in com.twelvemonkeys.io.LittleEndianDataInputStreamTest
Running com.twelvemonkeys.io.FileSeekableStreamTestCase
Tests run: 35, Failures: 0, Errors: 0, Skipped: 0, Time elapsed: 0.065 sec - in com.twelvemonkeys.io.FileSeekableStreamTestCase
Running com.twelvemonkeys.io.FastByteArrayOutputStreamTestCase
Tests run: 25, Failures: 0, Errors: 0, Skipped: 0, Time elapsed: 0.005 sec - in com.twelvemonkeys.io.FastByteArrayOutputStreamTestCase
Running com.twelvemonkeys.net.HTTPUtilTest
Tests run: 4, Failures: 0, Errors: 0, Skipped: 0, Time elapsed: 0.067 sec - in com.twelvemonkeys.net.HTTPUtilTest

Results :

Tests run: 289, Failures: 0, Errors: 0, Skipped: 0

[INFO] 
[INFO] ------------------------------------------------------------------------
[INFO] Building TwelveMonkeys :: Common :: Image 3.4-SNAPSHOT
[INFO] ------------------------------------------------------------------------
[INFO] 
[INFO] --- maven-enforcer-plugin:1.2:enforce (enforce-maven) @ common-image ---
[INFO] 
[INFO] --- maven-resources-plugin:2.7:resources (default-resources) @ common-image ---
[INFO] Using 'UTF-8' encoding to copy filtered resources.
[INFO] skip non existing resourceDirectory /home/travis/build/haraldk/TwelveMonkeys/common/common-image/src/main/resources
[INFO] 
[INFO] --- maven-compiler-plugin:3.3:compile (default-compile) @ common-image ---
[INFO] Changes detected - recompiling the module!
[INFO] Compiling 26 source files to /home/travis/build/haraldk/TwelveMonkeys/common/common-image/target/classes
[INFO] 
[INFO] --- maven-resources-plugin:2.7:testResources (default-testResources) @ common-image ---
[INFO] Using 'UTF-8' encoding to copy filtered resources.
[INFO] Copying 2 resources
[INFO] 
[INFO] --- maven-compiler-plugin:3.3:testCompile (default-testCompile) @ common-image ---
[INFO] Nothing to compile - all classes are up to date
[INFO] 
[INFO] --- maven-surefire-plugin:2.18.1:test (default-test) @ common-image ---
[INFO] Surefire report directory: /home/travis/build/haraldk/TwelveMonkeys/common/common-image/target/surefire-reports

-------------------------------------------------------
 T E S T S
-------------------------------------------------------
Picked up _JAVA_OPTIONS: -Xmx2048m -Xms512m
Running com.twelvemonkeys.image.ImageUtilTestCase
Tests run: 10, Failures: 0, Errors: 0, Skipped: 0, Time elapsed: 0.865 sec - in com.twelvemonkeys.image.ImageUtilTestCase
Running com.twelvemonkeys.image.BufferedImageFactoryTestCase
Tests run: 19, Failures: 0, Errors: 0, Skipped: 1, Time elapsed: 0.132 sec - in com.twelvemonkeys.image.BufferedImageFactoryTestCase
Running com.twelvemonkeys.image.AffineTransformOpTest
AffineTransformOpTest.testFilterRotateRasterStandard
type: 5
AffineTransformOpTest.testFilterRotateRasterStandard
type: 6
AffineTransformOpTest.testFilterRotateRasterStandard
type: 7
AffineTransformOpTest.testFilterRotateRasterCustom
spec: javax.imageio.ImageTypeSpecifier$Interleaved@1c0e2f71
AffineTransformOpTest.testFilterRotateRasterCustom
spec: javax.imageio.ImageTypeSpecifier$Interleaved@1c0e40fa
AffineTransformOpTest.testFilterRotateRasterCustom
spec: javax.imageio.ImageTypeSpecifier$Interleaved@1c0e4113
AffineTransformOpTest.testFilterRotateRasterCustom
spec: javax.imageio.ImageTypeSpecifier$Interleaved@1c0e640c
AffineTransformOpTest.testFilterRotateRasterCustom
spec: javax.imageio.ImageTypeSpecifier$Interleaved@2a0e46cb
AffineTransformOpTest.testFilterRotateRasterCustom
spec: javax.imageio.ImageTypeSpecifier$Interleaved@2a0e61e4
AffineTransformOpTest.testFilterRotateRasterCustom
spec: javax.imageio.ImageTypeSpecifier$Interleaved@2a0e61fd
AffineTransformOpTest.testFilterRotateRasterCustom
spec: javax.imageio.ImageTypeSpecifier$Interleaved@2a0e9816
AffineTransformOpTest.testFilterRotateRasterCustom
spec: javax.imageio.ImageTypeSpecifier$Interleaved@380e5fd5
AffineTransformOpTest.testFilterRotateRasterCustom
spec: javax.imageio.ImageTypeSpecifier$Interleaved@380e850e
AffineTransformOpTest.testFilterRotateRasterCustom
spec: javax.imageio.ImageTypeSpecifier$Interleaved@380e8527
AffineTransformOpTest.testFilterRotateRasterCustom
spec: javax.imageio.ImageTypeSpecifier$Interleaved@380ecf80
Tests run: 7, Failures: 0, Errors: 0, Skipped: 0, Time elapsed: 0.178 sec - in com.twelvemonkeys.image.AffineTransformOpTest
Running com.twelvemonkeys.image.ResampleOpTestCase
Tests run: 44, Failures: 0, Errors: 0, Skipped: 1, Time elapsed: 1.407 sec - in com.twelvemonkeys.image.ResampleOpTestCase

Results :

Tests run: 80, Failures: 0, Errors: 0, Skipped: 2

[INFO] 
[INFO] ------------------------------------------------------------------------
[INFO] Building TwelveMonkeys :: Servlet 3.4-SNAPSHOT
[INFO] ------------------------------------------------------------------------
[INFO] 
[INFO] --- maven-enforcer-plugin:1.2:enforce (enforce-maven) @ servlet ---
[INFO] 
[INFO] --- maven-resources-plugin:2.7:resources (default-resources) @ servlet ---
[INFO] Using 'UTF-8' encoding to copy filtered resources.
[INFO] skip non existing resourceDirectory /home/travis/build/haraldk/TwelveMonkeys/servlet/src/main/resources
[INFO] 
[INFO] --- maven-compiler-plugin:3.3:compile (default-compile) @ servlet ---
[INFO] Changes detected - recompiling the module!
[INFO] Compiling 76 source files to /home/travis/build/haraldk/TwelveMonkeys/servlet/target/classes
[INFO] /home/travis/build/haraldk/TwelveMonkeys/servlet/src/main/java/com/twelvemonkeys/servlet/image/ContentNegotiationFilter.java: Some input files use unchecked or unsafe operations.
[INFO] /home/travis/build/haraldk/TwelveMonkeys/servlet/src/main/java/com/twelvemonkeys/servlet/image/ContentNegotiationFilter.java: Recompile with -Xlint:unchecked for details.
[INFO] 
[INFO] --- maven-resources-plugin:2.7:testResources (default-testResources) @ servlet ---
[INFO] Using 'UTF-8' encoding to copy filtered resources.
[INFO] Copying 4 resources
[INFO] 
[INFO] --- maven-compiler-plugin:3.3:testCompile (default-testCompile) @ servlet ---
[INFO] Nothing to compile - all classes are up to date
[INFO] 
[INFO] --- maven-surefire-plugin:2.18.1:test (default-test) @ servlet ---
[INFO] Surefire report directory: /home/travis/build/haraldk/TwelveMonkeys/servlet/target/surefire-reports

-------------------------------------------------------
 T E S T S
-------------------------------------------------------
Picked up _JAVA_OPTIONS: -Xmx2048m -Xms512m
Running com.twelvemonkeys.servlet.image.ImageFilterTestCase
Tests run: 11, Failures: 0, Errors: 0, Skipped: 0, Time elapsed: 0.977 sec - in com.twelvemonkeys.servlet.image.ImageFilterTestCase
Running com.twelvemonkeys.servlet.image.ImageServletResponseImplTestCase
mock-context: WARN: Illegal image resampling algorithm: 8
mock-context: WARN: Illegal image resampling algorithm: 8
mock-context: WARN: Illegal image resampling algorithm: 16
mock-context: WARN: Illegal image resampling algorithm: 16
mock-context: WARN: Illegal image resampling algorithm: 77
mock-context: WARN: Illegal image resampling algorithm: 77
mock-context: ERROR: No suitable image reader found (content-type: text/plain).
mock-context: ERROR: Available formats: JPG, jpg, bmp, BMP, gif, GIF, WBMP, png, PNG, wbmp, jpeg, JPEG
mock-context: ERROR: No writer for content-type: application/xml+foo
Tests run: 83, Failures: 0, Errors: 0, Skipped: 0, Time elapsed: 2.57 sec - in com.twelvemonkeys.servlet.image.ImageServletResponseImplTestCase
Running com.twelvemonkeys.servlet.image.aoi.AreaOfInterestTestCase
Tests run: 61, Failures: 0, Errors: 0, Skipped: 0, Time elapsed: 0.04 sec - in com.twelvemonkeys.servlet.image.aoi.AreaOfInterestTestCase
Running com.twelvemonkeys.servlet.image.IIOProviderContextListenerTest
Tests run: 3, Failures: 0, Errors: 0, Skipped: 0, Time elapsed: 0.023 sec - in com.twelvemonkeys.servlet.image.IIOProviderContextListenerTest
Running com.twelvemonkeys.servlet.ServletAttributesMapAdapterContextTest
Tests run: 35, Failures: 0, Errors: 0, Skipped: 0, Time elapsed: 0.352 sec - in com.twelvemonkeys.servlet.ServletAttributesMapAdapterContextTest
Running com.twelvemonkeys.servlet.ServletAttributesMapAdapterRequestTest
Tests run: 35, Failures: 0, Errors: 0, Skipped: 0, Time elapsed: 0.278 sec - in com.twelvemonkeys.servlet.ServletAttributesMapAdapterRequestTest
Running com.twelvemonkeys.servlet.cache.HTTPCacheTestCase
Tests run: 39, Failures: 0, Errors: 0, Skipped: 16, Time elapsed: 0.319 sec - in com.twelvemonkeys.servlet.cache.HTTPCacheTestCase
Running com.twelvemonkeys.servlet.ServletConfigExceptionTestCase
Tests run: 6, Failures: 0, Errors: 0, Skipped: 0, Time elapsed: 0.01 sec - in com.twelvemonkeys.servlet.ServletConfigExceptionTestCase
Running com.twelvemonkeys.servlet.TrimWhiteSpaceFilterTestCase
Tests run: 14, Failures: 0, Errors: 0, Skipped: 0, Time elapsed: 0.033 sec - in com.twelvemonkeys.servlet.TrimWhiteSpaceFilterTestCase
Running com.twelvemonkeys.servlet.ServletConfigMapAdapterTest
Tests run: 105, Failures: 0, Errors: 0, Skipped: 0, Time elapsed: 0.09 sec - in com.twelvemonkeys.servlet.ServletConfigMapAdapterTest
Running com.twelvemonkeys.servlet.ServletHeadersMapAdapterTest
Tests run: 35, Failures: 0, Errors: 0, Skipped: 0, Time elapsed: 0.121 sec - in com.twelvemonkeys.servlet.ServletHeadersMapAdapterTest
Running com.twelvemonkeys.servlet.ServletParametersMapAdapterTest
Tests run: 35, Failures: 0, Errors: 0, Skipped: 0, Time elapsed: 0.141 sec - in com.twelvemonkeys.servlet.ServletParametersMapAdapterTest
Running com.twelvemonkeys.servlet.StaticContentServletTestCase
Tests run: 8, Failures: 0, Errors: 0, Skipped: 0, Time elapsed: 0.082 sec - in com.twelvemonkeys.servlet.StaticContentServletTestCase
Running com.twelvemonkeys.servlet.GenericFilterTestCase
Tests run: 17, Failures: 0, Errors: 0, Skipped: 0, Time elapsed: 0.01 sec - in com.twelvemonkeys.servlet.GenericFilterTestCase
Running com.twelvemonkeys.servlet.ServletConfiguratorTestCase
Tests run: 13, Failures: 0, Errors: 0, Skipped: 0, Time elapsed: 0.127 sec - in com.twelvemonkeys.servlet.ServletConfiguratorTestCase

Results :

Tests run: 500, Failures: 0, Errors: 0, Skipped: 16

[INFO] 
[INFO] ------------------------------------------------------------------------
[INFO] Building TwelveMonkeys :: ImageIO 3.4-SNAPSHOT
[INFO] ------------------------------------------------------------------------
[INFO] 
[INFO] --- maven-enforcer-plugin:1.2:enforce (enforce-maven) @ imageio ---
[INFO] 
[INFO] ------------------------------------------------------------------------
[INFO] Building TwelveMonkeys :: ImageIO :: Core 3.4-SNAPSHOT
[INFO] ------------------------------------------------------------------------
[INFO] 
[INFO] --- maven-enforcer-plugin:1.2:enforce (enforce-maven) @ imageio-core ---
[INFO] 
[INFO] --- maven-resources-plugin:2.7:resources (default-resources) @ imageio-core ---
[INFO] Using 'UTF-8' encoding to copy filtered resources.
[INFO] Copying 4 resources
[INFO] 
[INFO] --- maven-compiler-plugin:3.3:compile (default-compile) @ imageio-core ---
[INFO] Changes detected - recompiling the module!
[INFO] Compiling 36 source files to /home/travis/build/haraldk/TwelveMonkeys/imageio/imageio-core/target/classes
[INFO] 
[INFO] --- maven-resources-plugin:2.7:testResources (default-testResources) @ imageio-core ---
[INFO] Using 'UTF-8' encoding to copy filtered resources.
[INFO] Copying 4 resources
[INFO] 
[INFO] --- maven-compiler-plugin:3.3:testCompile (default-testCompile) @ imageio-core ---
[INFO] Nothing to compile - all classes are up to date
[INFO] 
[INFO] --- maven-surefire-plugin:2.18.1:test (default-test) @ imageio-core ---
[INFO] Surefire report directory: /home/travis/build/haraldk/TwelveMonkeys/imageio/imageio-core/target/surefire-reports

-------------------------------------------------------
 T E S T S
-------------------------------------------------------
Picked up _JAVA_OPTIONS: -Xmx2048m -Xms512m
Running com.twelvemonkeys.imageio.stream.BufferedImageInputStreamTestCase
Tests run: 5, Failures: 0, Errors: 0, Skipped: 0, Time elapsed: 0.14 sec - in com.twelvemonkeys.imageio.stream.BufferedImageInputStreamTestCase
Running com.twelvemonkeys.imageio.stream.ByteArrayImageInputStreamTestCase
Tests run: 13, Failures: 0, Errors: 0, Skipped: 0, Time elapsed: 0.093 sec - in com.twelvemonkeys.imageio.stream.ByteArrayImageInputStreamTestCase
Running com.twelvemonkeys.imageio.stream.SubImageInputStreamTestCase
Tests run: 11, Failures: 0, Errors: 0, Skipped: 0, Time elapsed: 0.009 sec - in com.twelvemonkeys.imageio.stream.SubImageInputStreamTestCase
Running com.twelvemonkeys.imageio.spi.ProviderInfoTestCase
Tests run: 5, Failures: 0, Errors: 0, Skipped: 0, Time elapsed: 0.007 sec - in com.twelvemonkeys.imageio.spi.ProviderInfoTestCase
Running com.twelvemonkeys.imageio.color.DiscreteAlphaIndexColorModelTest
Tests run: 11, Failures: 0, Errors: 0, Skipped: 0, Time elapsed: 0.043 sec - in com.twelvemonkeys.imageio.color.DiscreteAlphaIndexColorModelTest
Running com.twelvemonkeys.imageio.color.LCMSSanitizerStrategyTest
Tests run: 2, Failures: 0, Errors: 0, Skipped: 0, Time elapsed: 0.175 sec - in com.twelvemonkeys.imageio.color.LCMSSanitizerStrategyTest
Running com.twelvemonkeys.imageio.color.ColorSpacesTest
Warning: Not an ICC_ColorSpace: com.twelvemonkeys.imageio.color.CMYKColorSpace@58651fd0
Tests run: 18, Failures: 0, Errors: 0, Skipped: 0, Time elapsed: 0.147 sec - in com.twelvemonkeys.imageio.color.ColorSpacesTest
Running com.twelvemonkeys.imageio.color.CIELabColorConverterTest
Tests run: 3, Failures: 0, Errors: 0, Skipped: 0, Time elapsed: 0.004 sec - in com.twelvemonkeys.imageio.color.CIELabColorConverterTest
Running com.twelvemonkeys.imageio.color.UInt32ColorModelTest
Tests run: 8, Failures: 0, Errors: 0, Skipped: 0, Time elapsed: 0.063 sec - in com.twelvemonkeys.imageio.color.UInt32ColorModelTest
Running com.twelvemonkeys.imageio.color.KCMSSanitizerStrategyTest
Tests run: 4, Failures: 0, Errors: 0, Skipped: 0, Time elapsed: 0.038 sec - in com.twelvemonkeys.imageio.color.KCMSSanitizerStrategyTest
Running com.twelvemonkeys.imageio.util.UInt32ImageTypeSpecifierTest
Tests run: 9, Failures: 0, Errors: 0, Skipped: 0, Time elapsed: 0.009 sec - in com.twelvemonkeys.imageio.util.UInt32ImageTypeSpecifierTest
Running com.twelvemonkeys.imageio.util.ImageTypeSpecifiersTest
Tests run: 36, Failures: 0, Errors: 0, Skipped: 0, Time elapsed: 0.086 sec - in com.twelvemonkeys.imageio.util.ImageTypeSpecifiersTest
Running com.twelvemonkeys.imageio.util.IIOInputStreamAdapterTestCase
Tests run: 31, Failures: 0, Errors: 0, Skipped: 0, Time elapsed: 0.014 sec - in com.twelvemonkeys.imageio.util.IIOInputStreamAdapterTestCase
Running com.twelvemonkeys.imageio.util.IIOOutputStreamAdapterTestCase
Tests run: 26, Failures: 0, Errors: 0, Skipped: 0, Time elapsed: 0.012 sec - in com.twelvemonkeys.imageio.util.IIOOutputStreamAdapterTestCase
Running com.twelvemonkeys.imageio.util.IndexedImageTypeSpecifierTest
Tests run: 5, Failures: 0, Errors: 0, Skipped: 0, Time elapsed: 0.004 sec - in com.twelvemonkeys.imageio.util.IndexedImageTypeSpecifierTest
Running com.twelvemonkeys.imageio.ImageReaderBaseTest
Tests run: 28, Failures: 0, Errors: 0, Skipped: 0, Time elapsed: 0.018 sec - in com.twelvemonkeys.imageio.ImageReaderBaseTest

Results :

Tests run: 215, Failures: 0, Errors: 0, Skipped: 0

[INFO] 
[INFO] ------------------------------------------------------------------------
[INFO] Building TwelveMonkeys :: ImageIO :: Metadata 3.4-SNAPSHOT
[INFO] ------------------------------------------------------------------------
[INFO] 
[INFO] --- maven-enforcer-plugin:1.2:enforce (enforce-maven) @ imageio-metadata ---
[INFO] 
[INFO] --- maven-resources-plugin:2.7:resources (default-resources) @ imageio-metadata ---
[INFO] Using 'UTF-8' encoding to copy filtered resources.
[INFO] skip non existing resourceDirectory /home/travis/build/haraldk/TwelveMonkeys/imageio/imageio-metadata/src/main/resources
[INFO] 
[INFO] --- maven-compiler-plugin:3.3:compile (default-compile) @ imageio-metadata ---
[INFO] Nothing to compile - all classes are up to date
[INFO] 
[INFO] --- maven-resources-plugin:2.7:testResources (default-testResources) @ imageio-metadata ---
[INFO] Using 'UTF-8' encoding to copy filtered resources.
[INFO] Copying 21 resources
[INFO] 
[INFO] --- maven-compiler-plugin:3.3:testCompile (default-testCompile) @ imageio-metadata ---
[INFO] Nothing to compile - all classes are up to date
[INFO] 
[INFO] --- maven-surefire-plugin:2.18.1:test (default-test) @ imageio-metadata ---
[INFO] Surefire report directory: /home/travis/build/haraldk/TwelveMonkeys/imageio/imageio-metadata/target/surefire-reports

-------------------------------------------------------
 T E S T S
-------------------------------------------------------
Picked up _JAVA_OPTIONS: -Xmx2048m -Xms512m
Running com.twelvemonkeys.imageio.metadata.psd.PSDReaderTest
Tests run: 3, Failures: 0, Errors: 0, Skipped: 0, Time elapsed: 0.143 sec - in com.twelvemonkeys.imageio.metadata.psd.PSDReaderTest
Running com.twelvemonkeys.imageio.metadata.psd.PSDDirectoryTest
Tests run: 18, Failures: 0, Errors: 0, Skipped: 0, Time elapsed: 0.013 sec - in com.twelvemonkeys.imageio.metadata.psd.PSDDirectoryTest
Running com.twelvemonkeys.imageio.metadata.psd.PSDEntryTest
Tests run: 16, Failures: 0, Errors: 0, Skipped: 0, Time elapsed: 0.026 sec - in com.twelvemonkeys.imageio.metadata.psd.PSDEntryTest
Running com.twelvemonkeys.imageio.metadata.iptc.IPTCWriterTest
Tests run: 4, Failures: 0, Errors: 0, Skipped: 0, Time elapsed: 0.015 sec - in com.twelvemonkeys.imageio.metadata.iptc.IPTCWriterTest
Running com.twelvemonkeys.imageio.metadata.iptc.IPTCReaderTest
Tests run: 3, Failures: 0, Errors: 0, Skipped: 0, Time elapsed: 0.003 sec - in com.twelvemonkeys.imageio.metadata.iptc.IPTCReaderTest
Running com.twelvemonkeys.imageio.metadata.iptc.IPTCDirectoryTest
Tests run: 18, Failures: 0, Errors: 0, Skipped: 0, Time elapsed: 0.005 sec - in com.twelvemonkeys.imageio.metadata.iptc.IPTCDirectoryTest
Running com.twelvemonkeys.imageio.metadata.iptc.IPTCEntryTest
Tests run: 16, Failures: 0, Errors: 0, Skipped: 0, Time elapsed: 0.005 sec - in com.twelvemonkeys.imageio.metadata.iptc.IPTCEntryTest
Running com.twelvemonkeys.imageio.metadata.tiff.TIFFEntryTest
Tests run: 17, Failures: 0, Errors: 0, Skipped: 0, Time elapsed: 0.017 sec - in com.twelvemonkeys.imageio.metadata.tiff.TIFFEntryTest
Running com.twelvemonkeys.imageio.metadata.tiff.UnknownTest
Tests run: 9, Failures: 0, Errors: 0, Skipped: 0, Time elapsed: 0.003 sec - in com.twelvemonkeys.imageio.metadata.tiff.UnknownTest
Running com.twelvemonkeys.imageio.metadata.tiff.TIFFDirectoryTest
Tests run: 23, Failures: 0, Errors: 0, Skipped: 0, Time elapsed: 0.01 sec - in com.twelvemonkeys.imageio.metadata.tiff.TIFFDirectoryTest
Running com.twelvemonkeys.imageio.metadata.tiff.TIFFReaderTest
Tests run: 19, Failures: 0, Errors: 0, Skipped: 0, Time elapsed: 0.041 sec - in com.twelvemonkeys.imageio.metadata.tiff.TIFFReaderTest
Running com.twelvemonkeys.imageio.metadata.tiff.IFDTest
Tests run: 18, Failures: 0, Errors: 0, Skipped: 0, Time elapsed: 0.015 sec - in com.twelvemonkeys.imageio.metadata.tiff.IFDTest
Running com.twelvemonkeys.imageio.metadata.tiff.RationalTest
Tests run: 12, Failures: 0, Errors: 0, Skipped: 0, Time elapsed: 0.003 sec - in com.twelvemonkeys.imageio.metadata.tiff.RationalTest
Running com.twelvemonkeys.imageio.metadata.tiff.TIFFWriterTest
Tests run: 9, Failures: 0, Errors: 0, Skipped: 0, Time elapsed: 0.009 sec - in com.twelvemonkeys.imageio.metadata.tiff.TIFFWriterTest
Running com.twelvemonkeys.imageio.metadata.xmp.XMPDirectoryTest
Tests run: 23, Failures: 0, Errors: 0, Skipped: 0, Time elapsed: 0.006 sec - in com.twelvemonkeys.imageio.metadata.xmp.XMPDirectoryTest
Running com.twelvemonkeys.imageio.metadata.xmp.XMPReaderTest
Tests run: 21, Failures: 0, Errors: 0, Skipped: 0, Time elapsed: 0.22 sec - in com.twelvemonkeys.imageio.metadata.xmp.XMPReaderTest
Running com.twelvemonkeys.imageio.metadata.xmp.XMPEntryTest
Tests run: 19, Failures: 0, Errors: 0, Skipped: 0, Time elapsed: 0.018 sec - in com.twelvemonkeys.imageio.metadata.xmp.XMPEntryTest
Running com.twelvemonkeys.imageio.metadata.xmp.XMPScannerTestCase
Tests run: 8, Failures: 0, Errors: 0, Skipped: 0, Time elapsed: 0.02 sec - in com.twelvemonkeys.imageio.metadata.xmp.XMPScannerTestCase
Running com.twelvemonkeys.imageio.metadata.xmp.RDFDescriptionTest
Tests run: 18, Failures: 0, Errors: 0, Skipped: 0, Time elapsed: 0.004 sec - in com.twelvemonkeys.imageio.metadata.xmp.RDFDescriptionTest
Running com.twelvemonkeys.imageio.metadata.jpeg.JPEGQualityTest
Tests run: 10, Failures: 0, Errors: 0, Skipped: 1, Time elapsed: 0.084 sec - in com.twelvemonkeys.imageio.metadata.jpeg.JPEGQualityTest
Running com.twelvemonkeys.imageio.metadata.jpeg.JPEGSegmentUtilTest
Tests run: 11, Failures: 0, Errors: 0, Skipped: 0, Time elapsed: 0.065 sec - in com.twelvemonkeys.imageio.metadata.jpeg.JPEGSegmentUtilTest
Running com.twelvemonkeys.imageio.metadata.jpeg.JPEGSegmentTest
Tests run: 12, Failures: 0, Errors: 0, Skipped: 0, Time elapsed: 0.031 sec - in com.twelvemonkeys.imageio.metadata.jpeg.JPEGSegmentTest
Running com.twelvemonkeys.imageio.metadata.exif.RationalTest
Tests run: 5, Failures: 0, Errors: 0, Skipped: 0, Time elapsed: 0.002 sec - in com.twelvemonkeys.imageio.metadata.exif.RationalTest
Running com.twelvemonkeys.imageio.metadata.exif.EXIFWriterTest
Tests run: 6, Failures: 0, Errors: 0, Skipped: 0, Time elapsed: 0.012 sec - in com.twelvemonkeys.imageio.metadata.exif.EXIFWriterTest
Running com.twelvemonkeys.imageio.metadata.exif.EXIFReaderTest
Tests run: 18, Failures: 0, Errors: 0, Skipped: 0, Time elapsed: 0.023 sec - in com.twelvemonkeys.imageio.metadata.exif.EXIFReaderTest
Running com.twelvemonkeys.imageio.metadata.AbstractCompoundDirectoryTest
Tests run: 23, Failures: 0, Errors: 0, Skipped: 0, Time elapsed: 0.009 sec - in com.twelvemonkeys.imageio.metadata.AbstractCompoundDirectoryTest
Running com.twelvemonkeys.imageio.metadata.AbstractDirectoryTest
Tests run: 18, Failures: 0, Errors: 0, Skipped: 0, Time elapsed: 0.007 sec - in com.twelvemonkeys.imageio.metadata.AbstractDirectoryTest
Running com.twelvemonkeys.imageio.metadata.AbstractEntryTest
Tests run: 18, Failures: 0, Errors: 0, Skipped: 0, Time elapsed: 0.006 sec - in com.twelvemonkeys.imageio.metadata.AbstractEntryTest

Results :

Tests run: 395, Failures: 0, Errors: 0, Skipped: 1

[INFO] 
[INFO] ------------------------------------------------------------------------
[INFO] Building TwelveMonkeys :: ImageIO :: Photoshop Path Support 3.4-SNAPSHOT
[INFO] ------------------------------------------------------------------------
[INFO] 
[INFO] --- maven-enforcer-plugin:1.2:enforce (enforce-maven) @ imageio-clippath ---
[INFO] 
[INFO] --- maven-resources-plugin:2.7:resources (default-resources) @ imageio-clippath ---
[INFO] Using 'UTF-8' encoding to copy filtered resources.
[INFO] skip non existing resourceDirectory /home/travis/build/haraldk/TwelveMonkeys/imageio/imageio-clippath/src/main/resources
[INFO] 
[INFO] --- maven-compiler-plugin:3.3:compile (default-compile) @ imageio-clippath ---
[INFO] Nothing to compile - all classes are up to date
[INFO] 
[INFO] --- maven-resources-plugin:2.7:testResources (default-testResources) @ imageio-clippath ---
[INFO] Using 'UTF-8' encoding to copy filtered resources.
[INFO] Copying 9 resources
[INFO] 
[INFO] --- maven-compiler-plugin:3.3:testCompile (default-testCompile) @ imageio-clippath ---
[INFO] Nothing to compile - all classes are up to date
[INFO] 
[INFO] --- maven-surefire-plugin:2.18.1:test (default-test) @ imageio-clippath ---
[INFO] Surefire report directory: /home/travis/build/haraldk/TwelveMonkeys/imageio/imageio-clippath/target/surefire-reports

-------------------------------------------------------
 T E S T S
-------------------------------------------------------
Picked up _JAVA_OPTIONS: -Xmx2048m -Xms512m
Running com.twelvemonkeys.imageio.path.PathsTest
Tests run: 14, Failures: 0, Errors: 0, Skipped: 0, Time elapsed: 0.442 sec - in com.twelvemonkeys.imageio.path.PathsTest
Running com.twelvemonkeys.imageio.path.AdobePathSegmentTest
Tests run: 24, Failures: 0, Errors: 0, Skipped: 0, Time elapsed: 0.018 sec - in com.twelvemonkeys.imageio.path.AdobePathSegmentTest
Running com.twelvemonkeys.imageio.path.AdobePathBuilderTest
Tests run: 13, Failures: 0, Errors: 0, Skipped: 0, Time elapsed: 0.033 sec - in com.twelvemonkeys.imageio.path.AdobePathBuilderTest

Results :

Tests run: 51, Failures: 0, Errors: 0, Skipped: 0

[INFO] 
[INFO] ------------------------------------------------------------------------
[INFO] Building TwelveMonkeys :: ImageIO :: BMP plugin 3.4-SNAPSHOT
[INFO] ------------------------------------------------------------------------
[INFO] 
[INFO] --- maven-enforcer-plugin:1.2:enforce (enforce-maven) @ imageio-bmp ---
[INFO] 
[INFO] --- maven-resources-plugin:2.7:resources (default-resources) @ imageio-bmp ---
[INFO] Using 'UTF-8' encoding to copy filtered resources.
[INFO] Copying 1 resource
[INFO] 
[INFO] --- maven-compiler-plugin:3.3:compile (default-compile) @ imageio-bmp ---
[INFO] Nothing to compile - all classes are up to date
[INFO] 
[INFO] --- maven-resources-plugin:2.7:testResources (default-testResources) @ imageio-bmp ---
[INFO] Using 'UTF-8' encoding to copy filtered resources.
[INFO] Copying 90 resources
[INFO] 
[INFO] --- maven-compiler-plugin:3.3:testCompile (default-testCompile) @ imageio-bmp ---
[INFO] Nothing to compile - all classes are up to date
[INFO] 
[INFO] --- maven-surefire-plugin:2.18.1:test (default-test) @ imageio-bmp ---
[INFO] Surefire report directory: /home/travis/build/haraldk/TwelveMonkeys/imageio/imageio-bmp/target/surefire-reports

-------------------------------------------------------
 T E S T S
-------------------------------------------------------
Picked up _JAVA_OPTIONS: -Xmx2048m -Xms512m
Running com.twelvemonkeys.imageio.plugins.bmp.ICOProviderInfoTest
Tests run: 13, Failures: 0, Errors: 0, Skipped: 0, Time elapsed: 0.041 sec - in com.twelvemonkeys.imageio.plugins.bmp.ICOProviderInfoTest
Running com.twelvemonkeys.imageio.plugins.bmp.CURProviderInfoTest
Tests run: 13, Failures: 0, Errors: 0, Skipped: 0, Time elapsed: 0.006 sec - in com.twelvemonkeys.imageio.plugins.bmp.CURProviderInfoTest
Running com.twelvemonkeys.imageio.plugins.bmp.BMPProviderInfoTest
Tests run: 13, Failures: 0, Errors: 0, Skipped: 0, Time elapsed: 0.021 sec - in com.twelvemonkeys.imageio.plugins.bmp.BMPProviderInfoTest
Running com.twelvemonkeys.imageio.plugins.bmp.BMPImageReaderTest
WARNING: Reading TestData: file:/home/travis/build/haraldk/TwelveMonkeys/imageio/imageio-bmp/target/test-classes/bmpsuite/q/pal8os2v2.bmp caused exception: New BMP version not implemented yet.
WARNING: Reading TestData: file:/home/travis/build/haraldk/TwelveMonkeys/imageio/imageio-bmp/target/test-classes/bmpsuite/q/pal8os2v2-16.bmp caused exception: New BMP version not implemented yet.
WARNING: Reading TestData: file:/home/travis/build/haraldk/TwelveMonkeys/imageio/imageio-bmp/target/test-classes/bmpsuite/q/rgba32abf.bmp caused exception: Invalid compression specified in BMP stream.
WARNING: Reading TestData: file:/home/travis/build/haraldk/TwelveMonkeys/imageio/imageio-bmp/target/test-classes/bmp/blauesglas_16_bitmask444.bmp caused exception: New BMP version not implemented yet.
WARNING: Reading TestData: file:/home/travis/build/haraldk/TwelveMonkeys/imageio/imageio-bmp/target/test-classes/bmp/blauesglas_16_bitmask565.bmp caused exception: New BMP version not implemented yet.
WARNING: Reading TestData: file:/home/travis/build/haraldk/TwelveMonkeys/imageio/imageio-bmp/target/test-classes/bmp/blauesglas_32_bitmask888.bmp caused exception: New BMP version not implemented yet.
WARNING: Reading TestData: file:/home/travis/build/haraldk/TwelveMonkeys/imageio/imageio-bmp/target/test-classes/bmp/blauesglas_32_bitmask888_reversed.bmp caused exception: New BMP version not implemented yet.
WARNING: Reader does not throw exception with non-declared destination: BufferedImage@587c290d: type = 10 ColorModel: #pixelBits = 8 numComponents = 1 color space = java.awt.color.ICC_ColorSpace@4516af24 transparency = 1 has alpha = false isAlphaPre = false ByteInterleavedRaster: width = 50 height = 50 #numDataElements 1 dataOff[0] = 0
WARNING: Reader does not throw exception with non-declared destination: BufferedImage@543788f3: type = 12 IndexColorModel: #pixelBits = 1 numComponents = 3 color space = java.awt.color.ICC_ColorSpace@6d3af739 transparency = 1 transIndex   = -1 has alpha = false isAlphaPre = false BytePackedRaster: width = 50 height = 50 #channels 1 xOff = 0 yOff = 0
Tests run: 76, Failures: 0, Errors: 0, Skipped: 4, Time elapsed: 1.119 sec - in com.twelvemonkeys.imageio.plugins.bmp.BMPImageReaderTest
Running com.twelvemonkeys.imageio.plugins.bmp.CURImageReaderTest
WARNING: Reader does not throw exception with non-declared destination: BufferedImage@282003e1: type = 5 ColorModel: #pixelBits = 24 numComponents = 3 color space = java.awt.color.ICC_ColorSpace@6d3af739 transparency = 1 has alpha = false isAlphaPre = false ByteInterleavedRaster: width = 50 height = 50 #numDataElements 3 dataOff[0] = 2
WARNING: Reader does not throw exception with non-declared destination: BufferedImage@76329302: type = 6 ColorModel: #pixelBits = 32 numComponents = 4 color space = java.awt.color.ICC_ColorSpace@6d3af739 transparency = 3 has alpha = true isAlphaPre = false ByteInterleavedRaster: width = 50 height = 50 #numDataElements 4 dataOff[0] = 3
WARNING: Reader does not throw exception with non-declared destination: BufferedImage@b59d31: type = 7 ColorModel: #pixelBits = 32 numComponents = 4 color space = java.awt.color.ICC_ColorSpace@6d3af739 transparency = 3 has alpha = true isAlphaPre = true ByteInterleavedRaster: width = 50 height = 50 #numDataElements 4 dataOff[0] = 3
WARNING: Reader does not throw exception with non-declared destination: BufferedImage@3e77a1ed: type = 10 ColorModel: #pixelBits = 8 numComponents = 1 color space = java.awt.color.ICC_ColorSpace@4516af24 transparency = 1 has alpha = false isAlphaPre = false ByteInterleavedRaster: width = 50 height = 50 #numDataElements 1 dataOff[0] = 0
Tests run: 75, Failures: 0, Errors: 0, Skipped: 4, Time elapsed: 0.132 sec - in com.twelvemonkeys.imageio.plugins.bmp.CURImageReaderTest
Running com.twelvemonkeys.imageio.plugins.bmp.RLE8DecoderTest
Tests run: 3, Failures: 0, Errors: 0, Skipped: 0, Time elapsed: 0.011 sec - in com.twelvemonkeys.imageio.plugins.bmp.RLE8DecoderTest
Running com.twelvemonkeys.imageio.plugins.bmp.ICOImageReaderTest
WARNING: Reader does not throw exception with non-declared destination: BufferedImage@568bf312: type = 5 ColorModel: #pixelBits = 24 numComponents = 3 color space = java.awt.color.ICC_ColorSpace@6d3af739 transparency = 1 has alpha = false isAlphaPre = false ByteInterleavedRaster: width = 50 height = 50 #numDataElements 3 dataOff[0] = 2
WARNING: Reader does not throw exception with non-declared destination: BufferedImage@45f45fa1: type = 6 ColorModel: #pixelBits = 32 numComponents = 4 color space = java.awt.color.ICC_ColorSpace@6d3af739 transparency = 3 has alpha = true isAlphaPre = false ByteInterleavedRaster: width = 50 height = 50 #numDataElements 4 dataOff[0] = 3
WARNING: Reader does not throw exception with non-declared destination: BufferedImage@52e677af: type = 7 ColorModel: #pixelBits = 32 numComponents = 4 color space = java.awt.color.ICC_ColorSpace@6d3af739 transparency = 3 has alpha = true isAlphaPre = true ByteInterleavedRaster: width = 50 height = 50 #numDataElements 4 dataOff[0] = 3
WARNING: Reader does not throw exception with non-declared destination: BufferedImage@2145433b: type = 10 ColorModel: #pixelBits = 8 numComponents = 1 color space = java.awt.color.ICC_ColorSpace@4516af24 transparency = 1 has alpha = false isAlphaPre = false ByteInterleavedRaster: width = 50 height = 50 #numDataElements 1 dataOff[0] = 0
Tests run: 71, Failures: 0, Errors: 0, Skipped: 4, Time elapsed: 0.206 sec - in com.twelvemonkeys.imageio.plugins.bmp.ICOImageReaderTest
Running com.twelvemonkeys.imageio.plugins.bmp.RLE4DecoderTest
Tests run: 6, Failures: 0, Errors: 0, Skipped: 0, Time elapsed: 0.019 sec - in com.twelvemonkeys.imageio.plugins.bmp.RLE4DecoderTest

Results :

Tests run: 270, Failures: 0, Errors: 0, Skipped: 12

[INFO] 
[INFO] ------------------------------------------------------------------------
[INFO] Building TwelveMonkeys :: ImageIO :: HDR plugin 3.4-SNAPSHOT
[INFO] ------------------------------------------------------------------------
[INFO] 
[INFO] --- maven-enforcer-plugin:1.2:enforce (enforce-maven) @ imageio-hdr ---
[INFO] 
[INFO] --- maven-resources-plugin:2.7:resources (default-resources) @ imageio-hdr ---
[INFO] Using 'UTF-8' encoding to copy filtered resources.
[INFO] Copying 1 resource
[INFO] 
[INFO] --- maven-compiler-plugin:3.3:compile (default-compile) @ imageio-hdr ---
[INFO] Nothing to compile - all classes are up to date
[INFO] 
[INFO] --- maven-resources-plugin:2.7:testResources (default-testResources) @ imageio-hdr ---
[INFO] Using 'UTF-8' encoding to copy filtered resources.
[INFO] Copying 1 resource
[INFO] 
[INFO] --- maven-compiler-plugin:3.3:testCompile (default-testCompile) @ imageio-hdr ---
[INFO] Nothing to compile - all classes are up to date
[INFO] 
[INFO] --- maven-surefire-plugin:2.18.1:test (default-test) @ imageio-hdr ---
[INFO] Surefire report directory: /home/travis/build/haraldk/TwelveMonkeys/imageio/imageio-hdr/target/surefire-reports

-------------------------------------------------------
 T E S T S
-------------------------------------------------------
Picked up _JAVA_OPTIONS: -Xmx2048m -Xms512m
Running com.twelvemonkeys.imageio.plugins.hdr.HDRImageReaderTest
Tests run: 71, Failures: 0, Errors: 0, Skipped: 2, Time elapsed: 2.747 sec - in com.twelvemonkeys.imageio.plugins.hdr.HDRImageReaderTest
Running com.twelvemonkeys.imageio.plugins.hdr.HDRProviderInfoTest
Tests run: 13, Failures: 0, Errors: 0, Skipped: 0, Time elapsed: 0.037 sec - in com.twelvemonkeys.imageio.plugins.hdr.HDRProviderInfoTest

Results :

Tests run: 84, Failures: 0, Errors: 0, Skipped: 2

[INFO] 
[INFO] ------------------------------------------------------------------------
[INFO] Building TwelveMonkeys :: ImageIO :: ICNS plugin 3.4-SNAPSHOT
[INFO] ------------------------------------------------------------------------
[INFO] 
[INFO] --- maven-enforcer-plugin:1.2:enforce (enforce-maven) @ imageio-icns ---
[INFO] 
[INFO] --- maven-resources-plugin:2.7:resources (default-resources) @ imageio-icns ---
[INFO] Using 'UTF-8' encoding to copy filtered resources.
[INFO] Copying 1 resource
[INFO] 
[INFO] --- maven-compiler-plugin:3.3:compile (default-compile) @ imageio-icns ---
[INFO] Nothing to compile - all classes are up to date
[INFO] 
[INFO] --- maven-resources-plugin:2.7:testResources (default-testResources) @ imageio-icns ---
[INFO] Using 'UTF-8' encoding to copy filtered resources.
[INFO] Copying 7 resources
[INFO] 
[INFO] --- maven-compiler-plugin:3.3:testCompile (default-testCompile) @ imageio-icns ---
[INFO] Nothing to compile - all classes are up to date
[INFO] 
[INFO] --- maven-surefire-plugin:2.18.1:test (default-test) @ imageio-icns ---
[INFO] Surefire report directory: /home/travis/build/haraldk/TwelveMonkeys/imageio/imageio-icns/target/surefire-reports

-------------------------------------------------------
 T E S T S
-------------------------------------------------------
Picked up _JAVA_OPTIONS: -Xmx2048m -Xms512m
Running com.twelvemonkeys.imageio.plugins.icns.ICNSImageReaderTest
WARNING: Reader does not throw exception with non-declared destination: BufferedImage@2758fe70: type = 3 DirectColorModel: rmask=ff0000 gmask=ff00 bmask=ff amask=ff000000 IntegerInterleavedRaster: width = 50 height = 50 #Bands = 4 xOff = 0 yOff = 0 dataOffset[0] 0
WARNING: Reader does not throw exception with non-declared destination: BufferedImage@6e6c3152: type = 7 ColorModel: #pixelBits = 32 numComponents = 4 color space = java.awt.color.ICC_ColorSpace@50b494a6 transparency = 3 has alpha = true isAlphaPre = true ByteInterleavedRaster: width = 50 height = 50 #numDataElements 4 dataOff[0] = 3
Tests run: 71, Failures: 0, Errors: 0, Skipped: 4, Time elapsed: 1.005 sec - in com.twelvemonkeys.imageio.plugins.icns.ICNSImageReaderTest
Running com.twelvemonkeys.imageio.plugins.icns.ICNSProviderInfoTest
Tests run: 13, Failures: 0, Errors: 0, Skipped: 0, Time elapsed: 0.007 sec - in com.twelvemonkeys.imageio.plugins.icns.ICNSProviderInfoTest

Results :

Tests run: 84, Failures: 0, Errors: 0, Skipped: 4

[INFO] 
[INFO] ------------------------------------------------------------------------
[INFO] Building TwelveMonkeys :: ImageIO :: IFF plugin 3.4-SNAPSHOT
[INFO] ------------------------------------------------------------------------
[INFO] 
[INFO] --- maven-enforcer-plugin:1.2:enforce (enforce-maven) @ imageio-iff ---
[INFO] 
[INFO] --- maven-resources-plugin:2.7:resources (default-resources) @ imageio-iff ---
[INFO] Using 'UTF-8' encoding to copy filtered resources.
[INFO] Copying 2 resources
[INFO] 
[INFO] --- maven-compiler-plugin:3.3:compile (default-compile) @ imageio-iff ---
[INFO] Changes detected - recompiling the module!
[INFO] Compiling 20 source files to /home/travis/build/haraldk/TwelveMonkeys/imageio/imageio-iff/target/classes
[INFO] 
[INFO] --- maven-resources-plugin:2.7:testResources (default-testResources) @ imageio-iff ---
[INFO] Using 'UTF-8' encoding to copy filtered resources.
[INFO] Copying 14 resources
[INFO] 
[INFO] --- maven-compiler-plugin:3.3:testCompile (default-testCompile) @ imageio-iff ---
[INFO] Nothing to compile - all classes are up to date
[INFO] 
[INFO] --- maven-surefire-plugin:2.18.1:test (default-test) @ imageio-iff ---
[INFO] Surefire report directory: /home/travis/build/haraldk/TwelveMonkeys/imageio/imageio-iff/target/surefire-reports

-------------------------------------------------------
 T E S T S
-------------------------------------------------------
Picked up _JAVA_OPTIONS: -Xmx2048m -Xms512m
Running com.twelvemonkeys.imageio.plugins.iff.IFFImageReaderTest
WARNING: Reader does not throw exception with non-declared destination: BufferedImage@21213b92: type = 7 ColorModel: #pixelBits = 32 numComponents = 4 color space = java.awt.color.ICC_ColorSpace@71318ec4 transparency = 3 has alpha = true isAlphaPre = true ByteInterleavedRaster: width = 50 height = 50 #numDataElements 4 dataOff[0] = 3
Tests run: 72, Failures: 0, Errors: 0, Skipped: 2, Time elapsed: 1.972 sec - in com.twelvemonkeys.imageio.plugins.iff.IFFImageReaderTest
Running com.twelvemonkeys.imageio.plugins.iff.IFFImageWriterTest
Tests run: 17, Failures: 0, Errors: 0, Skipped: 0, Time elapsed: 0.308 sec - in com.twelvemonkeys.imageio.plugins.iff.IFFImageWriterTest
Running com.twelvemonkeys.imageio.plugins.iff.IFFProviderInfoTest
Tests run: 13, Failures: 0, Errors: 0, Skipped: 0, Time elapsed: 0.01 sec - in com.twelvemonkeys.imageio.plugins.iff.IFFProviderInfoTest

Results :

Tests run: 102, Failures: 0, Errors: 0, Skipped: 2

[INFO] 
[INFO] ------------------------------------------------------------------------
[INFO] Building TwelveMonkeys :: ImageIO :: JPEG plugin 3.4-SNAPSHOT
[INFO] ------------------------------------------------------------------------
[INFO] 
[INFO] --- maven-enforcer-plugin:1.2:enforce (enforce-maven) @ imageio-jpeg ---
[INFO] 
[INFO] --- maven-resources-plugin:2.7:resources (default-resources) @ imageio-jpeg ---
[INFO] Using 'UTF-8' encoding to copy filtered resources.
[INFO] Copying 2 resources
[INFO] 
[INFO] --- maven-compiler-plugin:3.3:compile (default-compile) @ imageio-jpeg ---
[INFO] Nothing to compile - all classes are up to date
[INFO] 
[INFO] --- maven-resources-plugin:2.7:testResources (default-testResources) @ imageio-jpeg ---
[INFO] Using 'UTF-8' encoding to copy filtered resources.
[INFO] Copying 60 resources
[INFO] 
[INFO] --- maven-compiler-plugin:3.3:testCompile (default-testCompile) @ imageio-jpeg ---
[INFO] Nothing to compile - all classes are up to date
[INFO] 
[INFO] --- maven-surefire-plugin:2.18.1:test (default-test) @ imageio-jpeg ---
[INFO] Surefire report directory: /home/travis/build/haraldk/TwelveMonkeys/imageio/imageio-jpeg/target/surefire-reports

-------------------------------------------------------
 T E S T S
-------------------------------------------------------
Picked up _JAVA_OPTIONS: -Xmx2048m -Xms512m
Running com.twelvemonkeys.imageio.plugins.jpeg.JPEGSegmentImageInputStreamTest
Tests run: 12, Failures: 0, Errors: 0, Skipped: 0, Time elapsed: 0.142 sec - in com.twelvemonkeys.imageio.plugins.jpeg.JPEGSegmentImageInputStreamTest
Running com.twelvemonkeys.imageio.plugins.jpeg.JPEGImageReaderTest
WARNING: Reading reference metadata failed for TestData: file:/home/travis/build/haraldk/TwelveMonkeys/imageio/imageio-jpeg/target/test-classes/jpeg/cmyk-sample.jpg image 0: Inconsistent metadata read from stream
WARNING: Reading reference metadata failed for TestData: file:/home/travis/build/haraldk/TwelveMonkeys/imageio/imageio-jpeg/target/test-classes/jpeg/cmyk-sample-multiple-chunk-icc.jpg image 0: Image format Error
WARNING: Reading reference metadata failed for TestData: file:/home/travis/build/haraldk/TwelveMonkeys/imageio/imageio-jpeg/target/test-classes/jpeg/0x00-to-0xFF-between-segments.jpg image 0: Image format error
WARNING: Reading reference metadata failed for TestData: file:/home/travis/build/haraldk/TwelveMonkeys/imageio/imageio-jpeg/target/test-classes/jpeg/jfif-bogus-empty-jfif-segment.jpg image 0: Inconsistent metadata read from stream
WARNING: Reading reference metadata failed for TestData: file:/home/travis/build/haraldk/TwelveMonkeys/imageio/imageio-jpeg/target/test-classes/jpeg/app-marker-missing-null-term.jpg image 0: JFIF APP0 must be first marker after SOI
WARNING: Reading reference metadata failed for TestData: file:/home/travis/build/haraldk/TwelveMonkeys/imageio/imageio-jpeg/target/test-classes/jpeg/jfif-16bit-dqt.jpg image 0: Unsupported element precision
WARNING: Reading reference metadata failed for TestData: file:/home/travis/build/haraldk/TwelveMonkeys/imageio/imageio-jpeg/target/test-classes/jpeg/jfif-grayscale-thumbnail.jpg image 0: JFIF APP0 must be first marker after SOI
WARNING: Reading reference metadata failed for TestData: file:/home/travis/build/haraldk/TwelveMonkeys/imageio/imageio-jpeg/target/test-classes/jpeg-lossless/8_ls.jpg image 0: Unsupported JPEG process: SOF type 0xc3
WARNING: Reading reference metadata failed for TestData: file:/home/travis/build/haraldk/TwelveMonkeys/imageio/imageio-jpeg/target/test-classes/jpeg-lossless/16_ls.jpg image 0: Unsupported JPEG process: SOF type 0xc3
WARNING: Reading reference metadata failed for TestData: file:/home/travis/build/haraldk/TwelveMonkeys/imageio/imageio-jpeg/target/test-classes/jpeg-lossless/24_ls.jpg image 0: Unsupported JPEG process: SOF type 0xc3
WARNING: Reading reference metadata failed for TestData: file:/home/travis/build/haraldk/TwelveMonkeys/imageio/imageio-jpeg/target/test-classes/jpeg-lossless/f-18.jpg image 0: Unsupported JPEG process: SOF type 0xc3
WARNING: Reading reference metadata failed for TestData: file:/home/travis/build/haraldk/TwelveMonkeys/imageio/imageio-jpeg/target/test-classes/jpeg-lossless/testimg_rgb.jpg image 0: Unsupported JPEG process: SOF type 0xc3
WARNING: Reading reference metadata failed for TestData: file:/home/travis/build/haraldk/TwelveMonkeys/imageio/imageio-jpeg/target/test-classes/jpeg-lossless/testimg_gray.jpg image 0: Unsupported JPEG process: SOF type 0xc3
WARNING: Test skipped due to reader.getRawImageType(0) returning null
Tests run: 122, Failures: 0, Errors: 0, Skipped: 3, Time elapsed: 10.875 sec - in com.twelvemonkeys.imageio.plugins.jpeg.JPEGImageReaderTest
Running com.twelvemonkeys.imageio.plugins.jpeg.FastCMYKToRGBTest
Tests run: 11, Failures: 0, Errors: 0, Skipped: 0, Time elapsed: 0.031 sec - in com.twelvemonkeys.imageio.plugins.jpeg.FastCMYKToRGBTest
Running com.twelvemonkeys.imageio.plugins.jpeg.JFIFThumbnailReaderTest
Tests run: 3, Failures: 0, Errors: 0, Skipped: 0, Time elapsed: 0.007 sec - in com.twelvemonkeys.imageio.plugins.jpeg.JFIFThumbnailReaderTest
Running com.twelvemonkeys.imageio.plugins.jpeg.JPEGImageWriterTest
Tests run: 16, Failures: 0, Errors: 0, Skipped: 0, Time elapsed: 0.162 sec - in com.twelvemonkeys.imageio.plugins.jpeg.JPEGImageWriterTest
Running com.twelvemonkeys.imageio.plugins.jpeg.JPEGProviderInfoTest
Tests run: 13, Failures: 0, Errors: 0, Skipped: 0, Time elapsed: 0.004 sec - in com.twelvemonkeys.imageio.plugins.jpeg.JPEGProviderInfoTest
Running com.twelvemonkeys.imageio.plugins.jpeg.JPEGImage10MetadataCleanerTest
Tests run: 1, Failures: 0, Errors: 0, Skipped: 0, Time elapsed: 0.005 sec - in com.twelvemonkeys.imageio.plugins.jpeg.JPEGImage10MetadataCleanerTest
Running com.twelvemonkeys.imageio.plugins.jpeg.EXIFThumbnailReaderTest
Tests run: 4, Failures: 0, Errors: 0, Skipped: 0, Time elapsed: 0.015 sec - in com.twelvemonkeys.imageio.plugins.jpeg.EXIFThumbnailReaderTest
Running com.twelvemonkeys.imageio.plugins.jpeg.JFXXThumbnailReaderTest
Tests run: 2, Failures: 0, Errors: 0, Skipped: 0, Time elapsed: 0.005 sec - in com.twelvemonkeys.imageio.plugins.jpeg.JFXXThumbnailReaderTest

Results :

Tests run: 184, Failures: 0, Errors: 0, Skipped: 3

[INFO] 
[INFO] ------------------------------------------------------------------------
[INFO] Building TwelveMonkeys :: ImageIO :: PCX plugin 3.4-SNAPSHOT
[INFO] ------------------------------------------------------------------------
[INFO] 
[INFO] --- maven-enforcer-plugin:1.2:enforce (enforce-maven) @ imageio-pcx ---
[INFO] 
[INFO] --- maven-resources-plugin:2.7:resources (default-resources) @ imageio-pcx ---
[INFO] Using 'UTF-8' encoding to copy filtered resources.
[INFO] Copying 1 resource
[INFO] 
[INFO] --- maven-compiler-plugin:3.3:compile (default-compile) @ imageio-pcx ---
[INFO] Nothing to compile - all classes are up to date
[INFO] 
[INFO] --- maven-resources-plugin:2.7:testResources (default-testResources) @ imageio-pcx ---
[INFO] Using 'UTF-8' encoding to copy filtered resources.
[INFO] Copying 19 resources
[INFO] 
[INFO] --- maven-compiler-plugin:3.3:testCompile (default-testCompile) @ imageio-pcx ---
[INFO] Nothing to compile - all classes are up to date
[INFO] 
[INFO] --- maven-surefire-plugin:2.18.1:test (default-test) @ imageio-pcx ---
[INFO] Surefire report directory: /home/travis/build/haraldk/TwelveMonkeys/imageio/imageio-pcx/target/surefire-reports

-------------------------------------------------------
 T E S T S
-------------------------------------------------------
Picked up _JAVA_OPTIONS: -Xmx2048m -Xms512m
Running com.twelvemonkeys.imageio.plugins.pcx.PCXProviderInfoTest
Tests run: 13, Failures: 0, Errors: 0, Skipped: 0, Time elapsed: 0.119 sec - in com.twelvemonkeys.imageio.plugins.pcx.PCXProviderInfoTest
Running com.twelvemonkeys.imageio.plugins.pcx.PCXImageReaderTest
WARNING: Reader does not throw exception with non-declared destination: BufferedImage@627551fb: type = 5 ColorModel: #pixelBits = 24 numComponents = 3 color space = java.awt.color.ICC_ColorSpace@2b552920 transparency = 1 has alpha = false isAlphaPre = false ByteInterleavedRaster: width = 50 height = 50 #numDataElements 3 dataOff[0] = 2
Tests run: 71, Failures: 0, Errors: 0, Skipped: 2, Time elapsed: 10.67 sec - in com.twelvemonkeys.imageio.plugins.pcx.PCXImageReaderTest
Running com.twelvemonkeys.imageio.plugins.dcx.DCXProviderInfoTest
Tests run: 13, Failures: 0, Errors: 0, Skipped: 0, Time elapsed: 0.004 sec - in com.twelvemonkeys.imageio.plugins.dcx.DCXProviderInfoTest
Running com.twelvemonkeys.imageio.plugins.dcx.DCXImageReaderTest
WARNING: Image count not equal to test data count
WARNING: Reader does not throw exception with non-declared destination: BufferedImage@394e1a0f: type = 5 ColorModel: #pixelBits = 24 numComponents = 3 color space = java.awt.color.ICC_ColorSpace@2b552920 transparency = 1 has alpha = false isAlphaPre = false ByteInterleavedRaster: width = 50 height = 50 #numDataElements 3 dataOff[0] = 2
Tests run: 71, Failures: 0, Errors: 0, Skipped: 2, Time elapsed: 0.179 sec - in com.twelvemonkeys.imageio.plugins.dcx.DCXImageReaderTest

Results :

Tests run: 168, Failures: 0, Errors: 0, Skipped: 4

[INFO] 
[INFO] ------------------------------------------------------------------------
[INFO] Building TwelveMonkeys :: ImageIO :: PDF plugin 3.4-SNAPSHOT
[INFO] ------------------------------------------------------------------------
[INFO] 
[INFO] --- maven-enforcer-plugin:1.2:enforce (enforce-maven) @ imageio-pdf ---
[INFO] 
[INFO] --- maven-resources-plugin:2.7:resources (default-resources) @ imageio-pdf ---
[INFO] Using 'UTF-8' encoding to copy filtered resources.
[INFO] skip non existing resourceDirectory /home/travis/build/haraldk/TwelveMonkeys/imageio/imageio-pdf/src/main/resources
[INFO] 
[INFO] --- maven-compiler-plugin:3.3:compile (default-compile) @ imageio-pdf ---
[INFO] No sources to compile
[INFO] 
[INFO] --- maven-resources-plugin:2.7:testResources (default-testResources) @ imageio-pdf ---
[INFO] Using 'UTF-8' encoding to copy filtered resources.
[INFO] skip non existing resourceDirectory /home/travis/build/haraldk/TwelveMonkeys/imageio/imageio-pdf/src/test/resources
[INFO] 
[INFO] --- maven-compiler-plugin:3.3:testCompile (default-testCompile) @ imageio-pdf ---
[INFO] No sources to compile
[INFO] 
[INFO] --- maven-surefire-plugin:2.18.1:test (default-test) @ imageio-pdf ---
[INFO] No tests to run.
[INFO] 
[INFO] ------------------------------------------------------------------------
[INFO] Building TwelveMonkeys :: ImageIO :: PICT plugin 3.4-SNAPSHOT
[INFO] ------------------------------------------------------------------------
[INFO] 
[INFO] --- maven-enforcer-plugin:1.2:enforce (enforce-maven) @ imageio-pict ---
[INFO] 
[INFO] --- maven-resources-plugin:2.7:resources (default-resources) @ imageio-pict ---
[INFO] Using 'UTF-8' encoding to copy filtered resources.
[INFO] Copying 2 resources
[INFO] 
[INFO] --- maven-compiler-plugin:3.3:compile (default-compile) @ imageio-pict ---
[INFO] Nothing to compile - all classes are up to date
[INFO] 
[INFO] --- maven-resources-plugin:2.7:testResources (default-testResources) @ imageio-pict ---
[INFO] Using 'UTF-8' encoding to copy filtered resources.
[INFO] Copying 37 resources
[INFO] 
[INFO] --- maven-compiler-plugin:3.3:testCompile (default-testCompile) @ imageio-pict ---
[INFO] Nothing to compile - all classes are up to date
[INFO] 
[INFO] --- maven-surefire-plugin:2.18.1:test (default-test) @ imageio-pict ---
[INFO] Surefire report directory: /home/travis/build/haraldk/TwelveMonkeys/imageio/imageio-pict/target/surefire-reports

-------------------------------------------------------
 T E S T S
-------------------------------------------------------
Picked up _JAVA_OPTIONS: -Xmx2048m -Xms512m
Running com.twelvemonkeys.imageio.plugins.pict.PICTImageReaderTest
WARNING: Reader does not throw exception with non-declared destination: BufferedImage@4f970963: type = 3 DirectColorModel: rmask=ff0000 gmask=ff00 bmask=ff amask=ff000000 IntegerInterleavedRaster: width = 50 height = 50 #Bands = 4 xOff = 0 yOff = 0 dataOffset[0] 0
Tests run: 78, Failures: 0, Errors: 0, Skipped: 3, Time elapsed: 1.966 sec - in com.twelvemonkeys.imageio.plugins.pict.PICTImageReaderTest
Running com.twelvemonkeys.imageio.plugins.pict.PICTImageWriterTest
Tests run: 17, Failures: 0, Errors: 0, Skipped: 0, Time elapsed: 0.465 sec - in com.twelvemonkeys.imageio.plugins.pict.PICTImageWriterTest
Running com.twelvemonkeys.imageio.plugins.pict.PICTProviderInfoTest
Tests run: 13, Failures: 0, Errors: 0, Skipped: 0, Time elapsed: 0.011 sec - in com.twelvemonkeys.imageio.plugins.pict.PICTProviderInfoTest

Results :

Tests run: 108, Failures: 0, Errors: 0, Skipped: 3

[INFO] 
[INFO] ------------------------------------------------------------------------
[INFO] Building TwelveMonkeys :: ImageIO :: PNM plugin 3.4-SNAPSHOT
[INFO] ------------------------------------------------------------------------
[INFO] 
[INFO] --- maven-enforcer-plugin:1.2:enforce (enforce-maven) @ imageio-pnm ---
[INFO] 
[INFO] --- maven-resources-plugin:2.7:resources (default-resources) @ imageio-pnm ---
[INFO] Using 'UTF-8' encoding to copy filtered resources.
[INFO] Copying 2 resources
[INFO] 
[INFO] --- maven-compiler-plugin:3.3:compile (default-compile) @ imageio-pnm ---
[INFO] Nothing to compile - all classes are up to date
[INFO] 
[INFO] --- maven-resources-plugin:2.7:testResources (default-testResources) @ imageio-pnm ---
[INFO] Using 'UTF-8' encoding to copy filtered resources.
[INFO] Copying 14 resources
[INFO] 
[INFO] --- maven-compiler-plugin:3.3:testCompile (default-testCompile) @ imageio-pnm ---
[INFO] Nothing to compile - all classes are up to date
[INFO] 
[INFO] --- maven-surefire-plugin:2.18.1:test (default-test) @ imageio-pnm ---
[INFO] Surefire report directory: /home/travis/build/haraldk/TwelveMonkeys/imageio/imageio-pnm/target/surefire-reports

-------------------------------------------------------
 T E S T S
-------------------------------------------------------
Picked up _JAVA_OPTIONS: -Xmx2048m -Xms512m
Running com.twelvemonkeys.imageio.plugins.pnm.PNMImageReaderTest
Tests run: 74, Failures: 0, Errors: 0, Skipped: 2, Time elapsed: 0.957 sec - in com.twelvemonkeys.imageio.plugins.pnm.PNMImageReaderTest
Running com.twelvemonkeys.imageio.plugins.pnm.PNMProviderInfoTest
Tests run: 1, Failures: 0, Errors: 0, Skipped: 0, Time elapsed: 0.002 sec - in com.twelvemonkeys.imageio.plugins.pnm.PNMProviderInfoTest
Running com.twelvemonkeys.imageio.plugins.pnm.PNMImageReaderSpiTest
Tests run: 3, Failures: 0, Errors: 0, Skipped: 0, Time elapsed: 0.004 sec - in com.twelvemonkeys.imageio.plugins.pnm.PNMImageReaderSpiTest
Running com.twelvemonkeys.imageio.plugins.pnm.PNMImageWriterSpiTest
Tests run: 3, Failures: 0, Errors: 0, Skipped: 0, Time elapsed: 0.003 sec - in com.twelvemonkeys.imageio.plugins.pnm.PNMImageWriterSpiTest
Running com.twelvemonkeys.imageio.plugins.pnm.PAMImageWriterSpiTest
Tests run: 3, Failures: 0, Errors: 0, Skipped: 0, Time elapsed: 0.004 sec - in com.twelvemonkeys.imageio.plugins.pnm.PAMImageWriterSpiTest

Results :

Tests run: 84, Failures: 0, Errors: 0, Skipped: 2

[INFO] 
[INFO] ------------------------------------------------------------------------
[INFO] Building TwelveMonkeys :: ImageIO :: PSD plugin 3.4-SNAPSHOT
[INFO] ------------------------------------------------------------------------
[INFO] 
[INFO] --- maven-enforcer-plugin:1.2:enforce (enforce-maven) @ imageio-psd ---
[INFO] 
[INFO] --- maven-resources-plugin:2.7:resources (default-resources) @ imageio-psd ---
[INFO] Using 'UTF-8' encoding to copy filtered resources.
[INFO] Copying 1 resource
[INFO] 
[INFO] --- maven-compiler-plugin:3.3:compile (default-compile) @ imageio-psd ---
[INFO] Nothing to compile - all classes are up to date
[INFO] 
[INFO] --- maven-resources-plugin:2.7:testResources (default-testResources) @ imageio-psd ---
[INFO] Using 'UTF-8' encoding to copy filtered resources.
[INFO] Copying 32 resources
[INFO] 
[INFO] --- maven-compiler-plugin:3.3:testCompile (default-testCompile) @ imageio-psd ---
[INFO] Nothing to compile - all classes are up to date
[INFO] 
[INFO] --- maven-surefire-plugin:2.18.1:test (default-test) @ imageio-psd ---
[INFO] Surefire report directory: /home/travis/build/haraldk/TwelveMonkeys/imageio/imageio-psd/target/surefire-reports

-------------------------------------------------------
 T E S T S
-------------------------------------------------------
Picked up _JAVA_OPTIONS: -Xmx2048m -Xms512m
Running com.twelvemonkeys.imageio.plugins.psd.PSDProviderInfoTest
Tests run: 13, Failures: 0, Errors: 0, Skipped: 0, Time elapsed: 0.037 sec - in com.twelvemonkeys.imageio.plugins.psd.PSDProviderInfoTest
Running com.twelvemonkeys.imageio.plugins.psd.PSDImageReaderTest
WARNING: Image count not equal to test data count
WARNING: Reader does not throw exception with non-declared destination: BufferedImage@ea1a8d5: type = 7 ColorModel: #pixelBits = 32 numComponents = 4 color space = java.awt.color.ICC_ColorSpace@528931cf transparency = 3 has alpha = true isAlphaPre = true ByteInterleavedRaster: width = 50 height = 50 #numDataElements 4 dataOff[0] = 3
Tests run: 85, Failures: 0, Errors: 0, Skipped: 2, Time elapsed: 4.037 sec - in com.twelvemonkeys.imageio.plugins.psd.PSDImageReaderTest

Results :

Tests run: 98, Failures: 0, Errors: 0, Skipped: 2

[INFO] 
[INFO] ------------------------------------------------------------------------
[INFO] Building TwelveMonkeys :: ImageIO :: SGI plugin 3.4-SNAPSHOT
[INFO] ------------------------------------------------------------------------
[INFO] 
[INFO] --- maven-enforcer-plugin:1.2:enforce (enforce-maven) @ imageio-sgi ---
[INFO] 
[INFO] --- maven-resources-plugin:2.7:resources (default-resources) @ imageio-sgi ---
[INFO] Using 'UTF-8' encoding to copy filtered resources.
[INFO] Copying 1 resource
[INFO] 
[INFO] --- maven-compiler-plugin:3.3:compile (default-compile) @ imageio-sgi ---
[INFO] Nothing to compile - all classes are up to date
[INFO] 
[INFO] --- maven-resources-plugin:2.7:testResources (default-testResources) @ imageio-sgi ---
[INFO] Using 'UTF-8' encoding to copy filtered resources.
[INFO] Copying 1 resource
[INFO] 
[INFO] --- maven-compiler-plugin:3.3:testCompile (default-testCompile) @ imageio-sgi ---
[INFO] Nothing to compile - all classes are up to date
[INFO] 
[INFO] --- maven-surefire-plugin:2.18.1:test (default-test) @ imageio-sgi ---
[INFO] Surefire report directory: /home/travis/build/haraldk/TwelveMonkeys/imageio/imageio-sgi/target/surefire-reports

-------------------------------------------------------
 T E S T S
-------------------------------------------------------
Picked up _JAVA_OPTIONS: -Xmx2048m -Xms512m
Running com.twelvemonkeys.imageio.plugins.sgi.SGIImageReaderTest
WARNING: Reader does not throw exception with non-declared destination: BufferedImage@3327bd23: type = 5 ColorModel: #pixelBits = 24 numComponents = 3 color space = java.awt.color.ICC_ColorSpace@4e1d422d transparency = 1 has alpha = false isAlphaPre = false ByteInterleavedRaster: width = 50 height = 50 #numDataElements 3 dataOff[0] = 2
Tests run: 71, Failures: 0, Errors: 0, Skipped: 2, Time elapsed: 9.344 sec - in com.twelvemonkeys.imageio.plugins.sgi.SGIImageReaderTest
Running com.twelvemonkeys.imageio.plugins.sgi.SGIProviderInfoTest
Tests run: 13, Failures: 0, Errors: 0, Skipped: 0, Time elapsed: 0.004 sec - in com.twelvemonkeys.imageio.plugins.sgi.SGIProviderInfoTest

Results :

Tests run: 84, Failures: 0, Errors: 0, Skipped: 2

[INFO] 
[INFO] ------------------------------------------------------------------------
[INFO] Building TwelveMonkeys :: ImageIO :: TGA plugin 3.4-SNAPSHOT
[INFO] ------------------------------------------------------------------------
[INFO] 
[INFO] --- maven-enforcer-plugin:1.2:enforce (enforce-maven) @ imageio-tga ---
[INFO] 
[INFO] --- maven-resources-plugin:2.7:resources (default-resources) @ imageio-tga ---
[INFO] Using 'UTF-8' encoding to copy filtered resources.
[INFO] Copying 1 resource
[INFO] 
[INFO] --- maven-compiler-plugin:3.3:compile (default-compile) @ imageio-tga ---
[INFO] Nothing to compile - all classes are up to date
[INFO] 
[INFO] --- maven-resources-plugin:2.7:testResources (default-testResources) @ imageio-tga ---
[INFO] Using 'UTF-8' encoding to copy filtered resources.
[INFO] Copying 22 resources
[INFO] 
[INFO] --- maven-compiler-plugin:3.3:testCompile (default-testCompile) @ imageio-tga ---
[INFO] Nothing to compile - all classes are up to date
[INFO] 
[INFO] --- maven-surefire-plugin:2.18.1:test (default-test) @ imageio-tga ---
[INFO] Surefire report directory: /home/travis/build/haraldk/TwelveMonkeys/imageio/imageio-tga/target/surefire-reports

-------------------------------------------------------
 T E S T S
-------------------------------------------------------
Picked up _JAVA_OPTIONS: -Xmx2048m -Xms512m
Running com.twelvemonkeys.imageio.plugins.tga.TGAImageReaderTest
Tests run: 71, Failures: 0, Errors: 0, Skipped: 2, Time elapsed: 6.007 sec - in com.twelvemonkeys.imageio.plugins.tga.TGAImageReaderTest
Running com.twelvemonkeys.imageio.plugins.tga.TGAProviderInfoTest
Tests run: 13, Failures: 0, Errors: 0, Skipped: 0, Time elapsed: 0.003 sec - in com.twelvemonkeys.imageio.plugins.tga.TGAProviderInfoTest

Results :

Tests run: 84, Failures: 0, Errors: 0, Skipped: 2

[INFO] 
[INFO] ------------------------------------------------------------------------
[INFO] Building TwelveMonkeys :: ImageIO :: Thumbs.db plugin 3.4-SNAPSHOT
[INFO] ------------------------------------------------------------------------
[INFO] 
[INFO] --- maven-enforcer-plugin:1.2:enforce (enforce-maven) @ imageio-thumbsdb ---
[INFO] 
[INFO] --- maven-resources-plugin:2.7:resources (default-resources) @ imageio-thumbsdb ---
[INFO] Using 'UTF-8' encoding to copy filtered resources.
[INFO] Copying 1 resource
[INFO] 
[INFO] --- maven-compiler-plugin:3.3:compile (default-compile) @ imageio-thumbsdb ---
[INFO] Nothing to compile - all classes are up to date
[INFO] 
[INFO] --- maven-resources-plugin:2.7:testResources (default-testResources) @ imageio-thumbsdb ---
[INFO] Using 'UTF-8' encoding to copy filtered resources.
[INFO] Copying 2 resources
[INFO] 
[INFO] --- maven-compiler-plugin:3.3:testCompile (default-testCompile) @ imageio-thumbsdb ---
[INFO] Nothing to compile - all classes are up to date
[INFO] 
[INFO] --- maven-surefire-plugin:2.18.1:test (default-test) @ imageio-thumbsdb ---
[INFO] Surefire report directory: /home/travis/build/haraldk/TwelveMonkeys/imageio/imageio-thumbsdb/target/surefire-reports

-------------------------------------------------------
 T E S T S
-------------------------------------------------------
Picked up _JAVA_OPTIONS: -Xmx2048m -Xms512m
Running com.twelvemonkeys.imageio.plugins.thumbsdb.ThumbsDBProviderInfoTest
Tests run: 13, Failures: 0, Errors: 0, Skipped: 0, Time elapsed: 0.066 sec - in com.twelvemonkeys.imageio.plugins.thumbsdb.ThumbsDBProviderInfoTest
Running com.twelvemonkeys.imageio.plugins.thumbsdb.ThumbsDBImageReaderTest
WARNING: Reader does not throw exception with non-declared destination: BufferedImage@6acdbdf5: type = 1 DirectColorModel: rmask=ff0000 gmask=ff00 bmask=ff amask=0 IntegerInterleavedRaster: width = 50 height = 50 #Bands = 3 xOff = 0 yOff = 0 dataOffset[0] 0
WARNING: Reader does not throw exception with non-declared destination: BufferedImage@3712b94: type = 4 DirectColorModel: rmask=ff gmask=ff00 bmask=ff0000 amask=0 IntegerInterleavedRaster: width = 50 height = 50 #Bands = 3 xOff = 0 yOff = 0 dataOffset[0] 0
WARNING: Reader does not throw exception with non-declared destination: BufferedImage@33f88ab: type = 8 DirectColorModel: rmask=f800 gmask=7e0 bmask=1f amask=0 ShortInterleavedRaster: width = 50 height = 50 #numDataElements 1
WARNING: Reader does not throw exception with non-declared destination: BufferedImage@2d8f65a4: type = 9 DirectColorModel: rmask=7c00 gmask=3e0 bmask=1f amask=0 ShortInterleavedRaster: width = 50 height = 50 #numDataElements 1
Tests run: 72, Failures: 0, Errors: 0, Skipped: 3, Time elapsed: 1.164 sec - in com.twelvemonkeys.imageio.plugins.thumbsdb.ThumbsDBImageReaderTest

Results :

Tests run: 85, Failures: 0, Errors: 0, Skipped: 3

[INFO] 
[INFO] ------------------------------------------------------------------------
[INFO] Building TwelveMonkeys :: ImageIO :: TIFF plugin 3.4-SNAPSHOT
[INFO] ------------------------------------------------------------------------
[INFO] 
[INFO] --- maven-enforcer-plugin:1.2:enforce (enforce-maven) @ imageio-tiff ---
[INFO] 
[INFO] --- maven-resources-plugin:2.7:resources (default-resources) @ imageio-tiff ---
[INFO] Using 'UTF-8' encoding to copy filtered resources.
[INFO] Copying 4 resources
[INFO] 
[INFO] --- maven-compiler-plugin:3.3:compile (default-compile) @ imageio-tiff ---
[INFO] Nothing to compile - all classes are up to date
[INFO] 
[INFO] --- maven-resources-plugin:2.7:testResources (default-testResources) @ imageio-tiff ---
[INFO] Using 'UTF-8' encoding to copy filtered resources.
[INFO] Copying 118 resources
[INFO] 
[INFO] --- maven-compiler-plugin:3.3:testCompile (default-testCompile) @ imageio-tiff ---
[INFO] Nothing to compile - all classes are up to date
[INFO] 
[INFO] --- maven-surefire-plugin:2.18.1:test (default-test) @ imageio-tiff ---
[INFO] Surefire report directory: /home/travis/build/haraldk/TwelveMonkeys/imageio/imageio-tiff/target/surefire-reports

-------------------------------------------------------
 T E S T S
-------------------------------------------------------
Picked up _JAVA_OPTIONS: -Xmx2048m -Xms512m
Running com.twelvemonkeys.imageio.plugins.tiff.YCbCr16UpsamplerStreamTest
Tests run: 7, Failures: 0, Errors: 0, Skipped: 0, Time elapsed: 0.023 sec - in com.twelvemonkeys.imageio.plugins.tiff.YCbCr16UpsamplerStreamTest
Running com.twelvemonkeys.imageio.plugins.tiff.HorizontalDeDifferencingStreamTest
Tests run: 14, Failures: 0, Errors: 0, Skipped: 0, Time elapsed: 0.016 sec - in com.twelvemonkeys.imageio.plugins.tiff.HorizontalDeDifferencingStreamTest
Running com.twelvemonkeys.imageio.plugins.tiff.TIFFStreamMetadataTest
Tests run: 13, Failures: 0, Errors: 0, Skipped: 0, Time elapsed: 0.321 sec - in com.twelvemonkeys.imageio.plugins.tiff.TIFFStreamMetadataTest
Running com.twelvemonkeys.imageio.plugins.tiff.BigTIFFImageReaderTest
Tests run: 71, Failures: 0, Errors: 0, Skipped: 2, Time elapsed: 0.453 sec - in com.twelvemonkeys.imageio.plugins.tiff.BigTIFFImageReaderTest
Running com.twelvemonkeys.imageio.plugins.tiff.CCITTFaxDecoderStreamTest
Tests run: 12, Failures: 0, Errors: 0, Skipped: 0, Time elapsed: 0.028 sec - in com.twelvemonkeys.imageio.plugins.tiff.CCITTFaxDecoderStreamTest
Running com.twelvemonkeys.imageio.plugins.tiff.TIFFImageMetadataTest
Tests run: 20, Failures: 0, Errors: 0, Skipped: 0, Time elapsed: 0.034 sec - in com.twelvemonkeys.imageio.plugins.tiff.TIFFImageMetadataTest
Running com.twelvemonkeys.imageio.plugins.tiff.TIFFImageWriterTest
Tests run: 38, Failures: 0, Errors: 1, Skipped: 0, Time elapsed: 4.126 sec <<< FAILURE! - in com.twelvemonkeys.imageio.plugins.tiff.TIFFImageWriterTest
testWriteSequence(com.twelvemonkeys.imageio.plugins.tiff.TIFFImageWriterTest)  Time elapsed: 0.096 sec  <<< ERROR!
java.io.FileNotFoundException: /Downloads/multi-foo.tiff (No such file or directory)
	at java.io.FileOutputStream.open0(Native Method)
	at java.io.FileOutputStream.open(FileOutputStream.java:270)
	at java.io.FileOutputStream.<init>(FileOutputStream.java:213)
	at java.io.FileOutputStream.<init>(FileOutputStream.java:162)
	at com.twelvemonkeys.io.FileUtil.write(FileUtil.java:623)
	at com.twelvemonkeys.imageio.plugins.tiff.TIFFImageWriterTest.testWriteSequence(TIFFImageWriterTest.java:378)

Running com.twelvemonkeys.imageio.plugins.tiff.LZWDecoderTest
Tests run: 17, Failures: 0, Errors: 0, Skipped: 1, Time elapsed: 0.259 sec - in com.twelvemonkeys.imageio.plugins.tiff.LZWDecoderTest
Running com.twelvemonkeys.imageio.plugins.tiff.BitPaddingStreamTest
Tests run: 13, Failures: 0, Errors: 0, Skipped: 0, Time elapsed: 0.007 sec - in com.twelvemonkeys.imageio.plugins.tiff.BitPaddingStreamTest
Running com.twelvemonkeys.imageio.plugins.tiff.LZWEncoderTest
Tests run: 5, Failures: 0, Errors: 0, Skipped: 1, Time elapsed: 0.016 sec - in com.twelvemonkeys.imageio.plugins.tiff.LZWEncoderTest
Running com.twelvemonkeys.imageio.plugins.tiff.HorizontalDifferencingStreamTest
Tests run: 14, Failures: 0, Errors: 0, Skipped: 0, Time elapsed: 0.007 sec - in com.twelvemonkeys.imageio.plugins.tiff.HorizontalDifferencingStreamTest
Running com.twelvemonkeys.imageio.plugins.tiff.TIFFProviderInfoTest
Tests run: 13, Failures: 0, Errors: 0, Skipped: 0, Time elapsed: 0.005 sec - in com.twelvemonkeys.imageio.plugins.tiff.TIFFProviderInfoTest
Running com.twelvemonkeys.imageio.plugins.tiff.CCITTFaxEncoderStreamTest
Tests run: 7, Failures: 0, Errors: 0, Skipped: 0, Time elapsed: 0.4 sec - in com.twelvemonkeys.imageio.plugins.tiff.CCITTFaxEncoderStreamTest
Running com.twelvemonkeys.imageio.plugins.tiff.TIFFImageReaderTest
Tests run: 96, Failures: 0, Errors: 0, Skipped: 2, Time elapsed: 5.963 sec - in com.twelvemonkeys.imageio.plugins.tiff.TIFFImageReaderTest
Running com.twelvemonkeys.imageio.plugins.tiff.YCbCrUpsamplerStreamTest
Tests run: 6, Failures: 0, Errors: 0, Skipped: 0, Time elapsed: 0.001 sec - in com.twelvemonkeys.imageio.plugins.tiff.YCbCrUpsamplerStreamTest

Results :

Tests in error: 
  TIFFImageWriterTest.testWriteSequence:378 Â» FileNotFound /Downloads/multi-foo....

Tests run: 346, Failures: 0, Errors: 1, Skipped: 6

[INFO] ------------------------------------------------------------------------
[INFO] Reactor Summary:
[INFO] 
[INFO] Twelvemonkeys ...................................... SUCCESS [  0.495 s]
[INFO] TwelveMonkeys :: Common ............................ SUCCESS [  0.012 s]
[INFO] TwelveMonkeys :: Common :: Language support ........ SUCCESS [  5.804 s]
[INFO] TwelveMonkeys :: Common :: IO ...................... SUCCESS [  5.014 s]
[INFO] TwelveMonkeys :: Common :: Image ................... SUCCESS [  3.512 s]
[INFO] TwelveMonkeys :: Servlet ........................... SUCCESS [  6.320 s]
[INFO] TwelveMonkeys :: ImageIO ........................... SUCCESS [  0.006 s]
[INFO] TwelveMonkeys :: ImageIO :: Core ................... SUCCESS [  1.872 s]
[INFO] TwelveMonkeys :: ImageIO :: Metadata ............... SUCCESS [  1.393 s]
[INFO] TwelveMonkeys :: ImageIO :: Photoshop Path Support . SUCCESS [  0.819 s]
[INFO] TwelveMonkeys :: ImageIO :: BMP plugin ............. SUCCESS [  2.135 s]
[INFO] TwelveMonkeys :: ImageIO :: HDR plugin ............. SUCCESS [  3.206 s]
[INFO] TwelveMonkeys :: ImageIO :: ICNS plugin ............ SUCCESS [  1.504 s]
[INFO] TwelveMonkeys :: ImageIO :: IFF plugin ............. SUCCESS [  3.077 s]
[INFO] TwelveMonkeys :: ImageIO :: JPEG plugin ............ SUCCESS [ 11.878 s]
[INFO] TwelveMonkeys :: ImageIO :: PCX plugin ............. SUCCESS [ 11.478 s]
[INFO] TwelveMonkeys :: ImageIO :: PDF plugin ............. SUCCESS [  0.015 s]
[INFO] TwelveMonkeys :: ImageIO :: PICT plugin ............ SUCCESS [  2.978 s]
[INFO] TwelveMonkeys :: ImageIO :: PNM plugin ............. SUCCESS [  1.321 s]
[INFO] TwelveMonkeys :: ImageIO :: PSD plugin ............. SUCCESS [  4.626 s]
[INFO] TwelveMonkeys :: ImageIO :: SGI plugin ............. SUCCESS [  9.717 s]
[INFO] TwelveMonkeys :: ImageIO :: TGA plugin ............. SUCCESS [  6.467 s]
[INFO] TwelveMonkeys :: ImageIO :: Thumbs.db plugin ....... SUCCESS [  1.701 s]
[INFO] TwelveMonkeys :: ImageIO :: TIFF plugin ............ FAILURE [ 12.286 s]
[INFO] TwelveMonkeys :: ImageIO :: Batik Plugin ........... SKIPPED
[INFO] TwelveMonkeys :: ImageIO :: reference test cases ... SKIPPED
[INFO] TwelveMonkeys :: Contrib ........................... SKIPPED
[INFO] TwelveMonkeys :: BOM ............................... SKIPPED
[INFO] ------------------------------------------------------------------------
[INFO] BUILD FAILURE
[INFO] ------------------------------------------------------------------------
[INFO] Total time: 01:38 min
[INFO] Finished at: 2017-12-19T20:43:58Z
[INFO] Final Memory: 26M/697M
[INFO] ------------------------------------------------------------------------
[ERROR] Failed to execute goal org.apache.maven.plugins:maven-surefire-plugin:2.18.1:test (default-test) on project imageio-tiff: There are test failures.
[ERROR] 
[ERROR] Please refer to /home/travis/build/haraldk/TwelveMonkeys/imageio/imageio-tiff/target/surefire-reports for the individual test results.
[ERROR] -> [Help 1]
[ERROR] 
[ERROR] To see the full stack trace of the errors, re-run Maven with the -e switch.
[ERROR] Re-run Maven using the -X switch to enable full debug logging.
[ERROR] 
[ERROR] For more information about the errors and possible solutions, please read the following articles:
[ERROR] [Help 1] http://cwiki.apache.org/confluence/display/MAVEN/MojoFailureException
[ERROR] 
[ERROR] After correcting the problems, you can resume the build with the command
[ERROR]   mvn <goals> -rf :imageio-tiff

travis_time:end:089670f0:start=1513716138407842205,finish=1513716238722396645,duration=100314554440[0K
[31;1mThe command "mvn test -B" exited with 1.[0m
travis_fold:start:cache.2[0Kstore build cache
travis_time:start:252632c0[0K
travis_time:end:252632c0:start=1513716238728475966,finish=1513716238733046204,duration=4570238[0Ktravis_time:start:18d22709[0K[32;1mchange detected (content changed, file is created, or file is deleted):
/home/travis/.m2/repository/com/twelvemonkeys/bom/bom/3.4-SNAPSHOT/bom-3.4-SNAPSHOT-tests.jar
/home/travis/.m2/repository/com/twelvemonkeys/bom/bom/3.4-SNAPSHOT/maven-metadata-local.xml
/home/travis/.m2/repository/com/twelvemonkeys/bom/bom/3.4-SNAPSHOT/_remote.repositories
/home/travis/.m2/repository/com/twelvemonkeys/bom/bom/maven-metadata-local.xml
/home/travis/.m2/repository/com/twelvemonkeys/common/common/3.4-SNAPSHOT/common-3.4-SNAPSHOT-tests.jar
/home/travis/.m2/repository/com/twelvemonkeys/common/common/3.4-SNAPSHOT/maven-metadata-local.xml
/home/travis/.m2/repository/com/twelvemonkeys/common/common/3.4-SNAPSHOT/_remote.repositories
/home/travis/.m2/repository/com/twelvemonkeys/common/common-image/3.4-SNAPSHOT/common-image-3.4-SNAPSHOT.jar
/home/travis/.m2/repository/com/twelvemonkeys/common/common-image/3.4-SNAPSHOT/common-image-3.4-SNAPSHOT-sources.jar
/home/travis/.m2/repository/com/twelvemonkeys/common/common-image/3.4-SNAPSHOT/common-image-3.4-SNAPSHOT-tests.jar
/home/travis
[0m
[32;1m...
[0m
[32;1mchanges detected, packing new archive[0m
.
.
[32;1muploading archive[0m

travis_time:end:18d22709:start=1513716238738822546,finish=1513716258953308968,duration=20214486422[0Ktravis_fold:end:cache.2[0K
Done. Your build exited with 1.
