travis_fold:start:worker_info[0K[33;1mWorker information[0m
hostname: i-0f773ac-precise-production-2-worker-org-docker.travisci.net:2bd3d884-8f25-4303-a45e-caab4bccb553
version: v2.5.0 https://github.com/travis-ci/worker/tree/da3a43228dffc0fcca5a46569ca786b22991979f
instance: b1b7cff:travis:java
startup: 462.433289ms
travis_fold:end:worker_info[0Ktravis_fold:start:system_info[0K[33;1mBuild system information[0m
Build language: java
Build group: stable
Build dist: precise
Build id: 249242863
Job id: 249242866
travis-build version: 75a27e5e4
[34m[1mBuild image provisioning date and time[0m
Thu Feb  5 15:09:33 UTC 2015
[34m[1mOperating System Details[0m
Distributor ID:	Ubuntu
Description:	Ubuntu 12.04.5 LTS
Release:	12.04
Codename:	precise
[34m[1mLinux Version[0m
3.13.0-29-generic
[34m[1mCookbooks Version[0m
a68419e https://github.com/travis-ci/travis-cookbooks/tree/a68419e
[34m[1mGCC version[0m
gcc (Ubuntu/Linaro 4.6.3-1ubuntu5) 4.6.3
Copyright (C) 2011 Free Software Foundation, Inc.
This is free software; see the source for copying conditions.  There is NO
warranty; not even for MERCHANTABILITY or FITNESS FOR A PARTICULAR PURPOSE.

[34m[1mLLVM version[0m
clang version 3.4 (tags/RELEASE_34/final)
Target: x86_64-unknown-linux-gnu
Thread model: posix
[34m[1mPre-installed Ruby versions[0m
ruby-1.9.3-p551
[34m[1mPre-installed Node.js versions[0m
v0.10.36
[34m[1mPre-installed Go versions[0m
1.4.1
[34m[1mRedis version[0m
redis-server 2.8.19
[34m[1mriak version[0m
2.0.2
[34m[1mMongoDB version[0m
MongoDB 2.4.12
[34m[1mCouchDB version[0m
couchdb 1.6.1
[34m[1mNeo4j version[0m
1.9.4
[34m[1mRabbitMQ Version[0m
3.4.3
[34m[1mElasticSearch version[0m
1.4.0
[34m[1mInstalled Sphinx versions[0m
2.0.10
2.1.9
2.2.6
[34m[1mDefault Sphinx version[0m
2.2.6
[34m[1mInstalled Firefox version[0m
firefox 31.0esr
[34m[1mPhantomJS version[0m
1.9.8
[34m[1mant -version[0m
Apache Ant(TM) version 1.8.2 compiled on December 3 2011
[34m[1mmvn -version[0m
Apache Maven 3.2.5 (12a6b3acb947671f09b81f49094c53f426d8cea1; 2014-12-14T17:29:23+00:00)
Maven home: /usr/local/maven
Java version: 1.7.0_76, vendor: Oracle Corporation
Java home: /usr/lib/jvm/java-7-oracle/jre
Default locale: en_US, platform encoding: ANSI_X3.4-1968
OS name: "linux", version: "3.13.0-29-generic", arch: "amd64", family: "unix"
travis_fold:end:system_info[0K
travis_fold:start:fix.CVE-2015-7547[0K$ export DEBIAN_FRONTEND=noninteractive
Reading package lists...
Building dependency tree...
Reading state information...
The following extra packages will be installed:
  libc-bin libc-dev-bin libc6-dev
Suggested packages:
  glibc-doc
The following packages will be upgraded:
  libc-bin libc-dev-bin libc6 libc6-dev
4 upgraded, 0 newly installed, 0 to remove and 278 not upgraded.
Need to get 8,856 kB of archives.
After this operation, 13.3 kB of additional disk space will be used.
Get:1 http://us.archive.ubuntu.com/ubuntu/ precise-updates/main libc6-dev amd64 2.15-0ubuntu10.18 [2,948 kB]
Get:2 http://us.archive.ubuntu.com/ubuntu/ precise-updates/main libc-dev-bin amd64 2.15-0ubuntu10.18 [84.5 kB]
Get:3 http://us.archive.ubuntu.com/ubuntu/ precise-updates/main libc-bin amd64 2.15-0ubuntu10.18 [1,178 kB]
Get:4 http://us.archive.ubuntu.com/ubuntu/ precise-updates/main libc6 amd64 2.15-0ubuntu10.18 [4,646 kB]
Preconfiguring packages ...
Fetched 8,856 kB in 0s (34.2 MB/s)
(Reading database ... (Reading database ... 5%(Reading database ... 10%(Reading database ... 15%(Reading database ... 20%(Reading database ... 25%(Reading database ... 30%(Reading database ... 35%(Reading database ... 40%(Reading database ... 45%(Reading database ... 50%(Reading database ... 55%(Reading database ... 60%(Reading database ... 65%(Reading database ... 70%(Reading database ... 75%(Reading database ... 80%(Reading database ... 85%(Reading database ... 90%(Reading database ... 95%(Reading database ... 100%(Reading database ... 72019 files and directories currently installed.)
Preparing to replace libc6-dev 2.15-0ubuntu10.10 (using .../libc6-dev_2.15-0ubuntu10.18_amd64.deb) ...
Unpacking replacement libc6-dev ...
Preparing to replace libc-dev-bin 2.15-0ubuntu10.10 (using .../libc-dev-bin_2.15-0ubuntu10.18_amd64.deb) ...
Unpacking replacement libc-dev-bin ...
Preparing to replace libc-bin 2.15-0ubuntu10.10 (using .../libc-bin_2.15-0ubuntu10.18_amd64.deb) ...
Unpacking replacement libc-bin ...
Processing triggers for man-db ...
Setting up libc-bin (2.15-0ubuntu10.18) ...
(Reading database ... (Reading database ... 5%(Reading database ... 10%(Reading database ... 15%(Reading database ... 20%(Reading database ... 25%(Reading database ... 30%(Reading database ... 35%(Reading database ... 40%(Reading database ... 45%(Reading database ... 50%(Reading database ... 55%(Reading database ... 60%(Reading database ... 65%(Reading database ... 70%(Reading database ... 75%(Reading database ... 80%(Reading database ... 85%(Reading database ... 90%(Reading database ... 95%(Reading database ... 100%(Reading database ... 72018 files and directories currently installed.)
Preparing to replace libc6 2.15-0ubuntu10.10 (using .../libc6_2.15-0ubuntu10.18_amd64.deb) ...
Unpacking replacement libc6 ...
Setting up libc6 (2.15-0ubuntu10.18) ...
Setting up libc-dev-bin (2.15-0ubuntu10.18) ...
Setting up libc6-dev (2.15-0ubuntu10.18) ...
Processing triggers for libc-bin ...
ldconfig deferred processing now taking place
travis_fold:end:fix.CVE-2015-7547[0Ktravis_fold:start:update_libssl1.0.0[0K$ sudo apt-get install libssl1.0.0
Reading package lists...
Building dependency tree...
Reading state information...
The following extra packages will be installed:
  libssl-dev
The following packages will be upgraded:
  libssl-dev libssl1.0.0
2 upgraded, 0 newly installed, 0 to remove and 276 not upgraded.
Need to get 2,634 kB of archives.
After this operation, 29.7 kB of additional disk space will be used.
Get:1 http://us.archive.ubuntu.com/ubuntu/ precise-updates/main libssl-dev amd64 1.0.1-4ubuntu5.39 [1,580 kB]
Get:2 http://us.archive.ubuntu.com/ubuntu/ precise-updates/main libssl1.0.0 amd64 1.0.1-4ubuntu5.39 [1,054 kB]
Preconfiguring packages ...
Fetched 2,634 kB in 0s (6,011 kB/s)
(Reading database ... (Reading database ... 5%(Reading database ... 10%(Reading database ... 15%(Reading database ... 20%(Reading database ... 25%(Reading database ... 30%(Reading database ... 35%(Reading database ... 40%(Reading database ... 45%(Reading database ... 50%(Reading database ... 55%(Reading database ... 60%(Reading database ... 65%(Reading database ... 70%(Reading database ... 75%(Reading database ... 80%(Reading database ... 85%(Reading database ... 90%(Reading database ... 95%(Reading database ... 100%(Reading database ... 72018 files and directories currently installed.)
Preparing to replace libssl-dev 1.0.1-4ubuntu5.21 (using .../libssl-dev_1.0.1-4ubuntu5.39_amd64.deb) ...
Unpacking replacement libssl-dev ...
Preparing to replace libssl1.0.0 1.0.1-4ubuntu5.21 (using .../libssl1.0.0_1.0.1-4ubuntu5.39_amd64.deb) ...
Unpacking replacement libssl1.0.0 ...
Setting up libssl1.0.0 (1.0.1-4ubuntu5.39) ...
Setting up libssl-dev (1.0.1-4ubuntu5.39) ...
Processing triggers for libc-bin ...
ldconfig deferred processing now taking place
travis_fold:end:update_libssl1.0.0[0K$ jdk_switcher use oraclejdk8
Switching to Oracle JDK8 (java-8-oracle), JAVA_HOME will be set to /usr/lib/jvm/java-8-oracle
travis_fold:start:git.checkout[0Ktravis_time:start:07c055c0[0K$ git clone --depth=50 --branch=master https://github.com/checkstyle/checkstyle.git checkstyle/checkstyle
Cloning into 'checkstyle/checkstyle'...

travis_time:end:07c055c0:start=1498974472587230198,finish=1498974473893721723,duration=1306491525[0K$ cd checkstyle/checkstyle
$ git checkout -qf e27816f00b094142cc92a7b71291df15de8699be
travis_fold:end:git.checkout[0Ktravis_fold:start:apt[0K[33;1mInstalling APT Packages (BETA)[0m
$ export DEBIAN_FRONTEND=noninteractive
travis_time:start:057c2e83[0K$ sudo -E apt-get -yq update &>> ~/apt-get-update.log

travis_time:end:057c2e83:start=1498974474033137150,finish=1498974478406003030,duration=4372865880[0Ktravis_time:start:0161e3a8[0K$ sudo -E apt-get -yq --no-install-suggests --no-install-recommends --force-yes install xsltproc xmlstarlet oracle-java8-installer
Reading package lists...
Building dependency tree...
Reading state information...
Suggested packages:
  binfmt-support visualvm ttf-baekmuk ttf-unfonts ttf-unfonts-core
  ttf-kochi-gothic ttf-sazanami-gothic ttf-kochi-mincho ttf-sazanami-mincho
  ttf-arphic-uming
Recommended packages:
  oracle-java8-set-default
The following NEW packages will be installed:
  xmlstarlet xsltproc
The following packages will be upgraded:
  oracle-java8-installer
1 upgraded, 2 newly installed, 0 to remove and 275 not upgraded.
Need to get 232 kB of archives.
After this operation, 494 kB of additional disk space will be used.
Get:1 http://us.archive.ubuntu.com/ubuntu/ precise/main xmlstarlet amd64 1.3.0-1 [184 kB]
Get:2 http://us.archive.ubuntu.com/ubuntu/ precise-updates/main xsltproc amd64 1.1.26-8ubuntu1.4 [15.1 kB]
Get:3 http://ppa.launchpad.net/webupd8team/java/ubuntu/ precise/main oracle-java8-installer all 8u131-1~webupd8~2 [32.8 kB]
Preconfiguring packages ...
Fetched 232 kB in 0s (552 kB/s)
(Reading database ... (Reading database ... 5%(Reading database ... 10%(Reading database ... 15%(Reading database ... 20%(Reading database ... 25%(Reading database ... 30%(Reading database ... 35%(Reading database ... 40%(Reading database ... 45%(Reading database ... 50%(Reading database ... 55%(Reading database ... 60%(Reading database ... 65%(Reading database ... 70%(Reading database ... 75%(Reading database ... 80%(Reading database ... 85%(Reading database ... 90%(Reading database ... 95%(Reading database ... 100%(Reading database ... 72018 files and directories currently installed.)
Preparing to replace oracle-java8-installer 8u31+8u33arm-1~webupd8~1 (using .../oracle-java8-installer_8u131-1~webupd8~2_all.deb) ...
oracle-license-v1-1 license has already been accepted
Unpacking replacement oracle-java8-installer ...
Selecting previously unselected package xmlstarlet.
Unpacking xmlstarlet (from .../xmlstarlet_1.3.0-1_amd64.deb) ...
Selecting previously unselected package xsltproc.
Unpacking xsltproc (from .../xsltproc_1.1.26-8ubuntu1.4_amd64.deb) ...
Processing triggers for shared-mime-info ...
Processing triggers for hicolor-icon-theme ...
Processing triggers for man-db ...
Setting up oracle-java8-installer (8u131-1~webupd8~2) ...
No /var/cache/oracle-jdk8-installer/wgetrc file found.
Creating /var/cache/oracle-jdk8-installer/wgetrc and
using default oracle-java8-installer wgetrc settings for it.
Downloading Oracle Java 8...
--2017-07-02 05:48:04--  http://download.oracle.com/otn-pub/java/jdk/8u131-b11/d54c1d3a095b4ff2b6607d096fa80163/jdk-8u131-linux-x64.tar.gz
Resolving download.oracle.com (download.oracle.com)... 23.219.92.96, 23.219.92.89
Connecting to download.oracle.com (download.oracle.com)|23.219.92.96|:80... connected.
HTTP request sent, awaiting response... 302 Moved Temporarily
Location: https://edelivery.oracle.com/otn-pub/java/jdk/8u131-b11/d54c1d3a095b4ff2b6607d096fa80163/jdk-8u131-linux-x64.tar.gz [following]
--2017-07-02 05:48:04--  https://edelivery.oracle.com/otn-pub/java/jdk/8u131-b11/d54c1d3a095b4ff2b6607d096fa80163/jdk-8u131-linux-x64.tar.gz
Resolving edelivery.oracle.com (edelivery.oracle.com)... 23.49.182.138, 2600:1408:20:38b::2d3e, 2600:1408:20:398::2d3e
Connecting to edelivery.oracle.com (edelivery.oracle.com)|23.49.182.138|:443... connected.
HTTP request sent, awaiting response... 302 Moved Temporarily
Location: http://download.oracle.com/otn-pub/java/jdk/8u131-b11/d54c1d3a095b4ff2b6607d096fa80163/jdk-8u131-linux-x64.tar.gz?AuthParam=1498974601_e876b296b07e00293764a7d5f8a8d723 [following]
--2017-07-02 05:48:05--  http://download.oracle.com/otn-pub/java/jdk/8u131-b11/d54c1d3a095b4ff2b6607d096fa80163/jdk-8u131-linux-x64.tar.gz?AuthParam=1498974601_e876b296b07e00293764a7d5f8a8d723
Connecting to download.oracle.com (download.oracle.com)|23.219.92.96|:80... connected.
HTTP request sent, awaiting response... 200 OK
Length: 185540433 (177M) [application/x-gzip]
Saving to: `jdk-8u131-linux-x64.tar.gz'

     0K ........ ........ ........ ........ ........ ........  1% 50.1M 3s
  3072K ........ ........ ........ ........ ........ ........  3% 79.5M 3s
  6144K ........ ........ ........ ........ ........ ........  5% 62.5M 3s
  9216K ........ ........ ........ ........ ........ ........  6% 77.3M 3s
 12288K ........ ........ ........ ........ ........ ........  8% 61.7M 3s
 15360K ........ ........ ........ ........ ........ ........ 10% 20.7M 3s
 18432K ........ ........ ........ ........ ........ ........ 11% 57.2M 3s
 21504K ........ ........ ........ ........ ........ ........ 13% 12.3M 4s
 24576K ........ ........ ........ ........ ........ ........ 15% 74.1M 4s
 27648K ........ ........ ........ ........ ........ ........ 16% 74.4M 4s
 30720K ........ ........ ........ ........ ........ ........ 18% 63.3M 3s
 33792K ........ ........ ........ ........ ........ ........ 20% 72.9M 3s
 36864K ........ ........ ........ ........ ........ ........ 22% 64.4M 3s
 39936K ........ ........ ........ ........ ........ ........ 23% 80.7M 3s
 43008K ........ ........ ........ ........ ........ ........ 25% 53.4M 3s
 46080K ........ ........ ........ ........ ........ ........ 27% 76.0M 3s
 49152K ........ ........ ........ ........ ........ ........ 28% 53.4M 3s
 52224K ........ ........ ........ ........ ........ ........ 30% 77.1M 3s
 55296K ........ ........ ........ ........ ........ ........ 32% 63.2M 2s
 58368K ........ ........ ........ ........ ........ ........ 33% 67.8M 2s
 61440K ........ ........ ........ ........ ........ ........ 35% 48.0M 2s
 64512K ........ ........ ........ ........ ........ ........ 37% 72.6M 2s
 67584K ........ ........ ........ ........ ........ ........ 38% 60.0M 2s
 70656K ........ ........ ........ ........ ........ ........ 40% 96.4M 2s
 73728K ........ ........ ........ ........ ........ ........ 42% 49.1M 2s
 76800K ........ ........ ........ ........ ........ ........ 44% 65.8M 2s
 79872K ........ ........ ........ ........ ........ ........ 45% 55.8M 2s
 82944K ........ ........ ........ ........ ........ ........ 47% 85.3M 2s
 86016K ........ ........ ........ ........ ........ ........ 49% 28.2M 2s
 89088K ........ ........ ........ ........ ........ ........ 50% 50.8M 2s
 92160K ........ ........ ........ ........ ........ ........ 52% 51.5M 2s
 95232K ........ ........ ........ ........ ........ ........ 54% 84.4M 2s
 98304K ........ ........ ........ ........ ........ ........ 55% 54.6M 1s
101376K ........ ........ ........ ........ ........ ........ 57% 74.2M 1s
104448K ........ ........ ........ ........ ........ ........ 59% 49.2M 1s
107520K ........ ........ ........ ........ ........ ........ 61% 69.5M 1s
110592K ........ ........ ........ ........ ........ ........ 62% 67.1M 1s
113664K ........ ........ ........ ........ ........ ........ 64% 73.5M 1s
116736K ........ ........ ........ ........ ........ ........ 66% 53.6M 1s
119808K ........ ........ ........ ........ ........ ........ 67% 71.4M 1s
122880K ........ ........ ........ ........ ........ ........ 69% 38.6M 1s
125952K ........ ........ ........ ........ ........ ........ 71% 83.8M 1s
129024K ........ ........ ........ ........ ........ ........ 72% 41.1M 1s
132096K ........ ........ ........ ........ ........ ........ 74% 76.4M 1s
135168K ........ ........ ........ ........ ........ ........ 76% 60.7M 1s
138240K ........ ........ ........ ........ ........ ........ 77% 86.6M 1s
141312K ........ ........ ........ ........ ........ ........ 79% 63.5M 1s
144384K ........ ........ ........ ........ ........ ........ 81% 82.2M 1s
147456K ........ ........ ........ ........ ........ ........ 83% 57.1M 1s
150528K ........ ........ ........ ........ ........ ........ 84% 64.1M 0s
153600K ........ ........ ........ ........ ........ ........ 86% 51.7M 0s
156672K ........ ........ ........ ........ ........ ........ 88% 61.7M 0s
159744K ........ ........ ........ ........ ........ ........ 89% 57.4M 0s
162816K ........ ........ ........ ........ ........ ........ 91% 59.6M 0s
165888K ........ ........ ........ ........ ........ ........ 93% 34.3M 0s
168960K ........ ........ ........ ........ ........ ........ 94% 38.3M 0s
172032K ........ ........ ........ ........ ........ ........ 96% 38.8M 0s
175104K ........ ........ ........ ........ ........ ........ 98% 41.3M 0s
178176K ........ ........ ........ ........ ........ ....... 100% 41.7M=3.3s

2017-07-02 05:48:08 (53.3 MB/s) - `jdk-8u131-linux-x64.tar.gz' saved [185540433/185540433]

Download done.
Removing outdated cached downloads...
Oracle JRE 8 browser plugin installed
Oracle JDK 8 installed

#####Important########
To set Oracle JDK8 as default, install the "oracle-java8-set-default" package.
E.g.: sudo apt install oracle-java8-set-default
On Ubuntu systems, oracle-java8-set-default is most probably installed
automatically with this package.
######################

Setting up xmlstarlet (1.3.0-1) ...
Setting up xsltproc (1.1.26-8ubuntu1.4) ...

travis_time:end:0161e3a8:start=1498974478411335285,finish=1498974493890209846,duration=15478874561[0Ktravis_fold:end:apt[0K
[33;1mSetting environment variables from repository settings[0m
$ export CI_DEPLOY_USERNAME=[secure]
$ export CI_DEPLOY_PASSWORD=[secure]
$ export SONAR_TOKEN=[secure]
$ export READ_ONLY_TOKEN=9ffd28faf1c5d120b63be99b2d585156816e3789

[33;1mSetting environment variables from .travis.yml[0m
$ export DESC="checkstyle and sevntu-checkstyle"
$ export CMD="mvn clean verify -DskipTests -DskipITs -Dpmd.skip=true -Dfindbugs.skip=true -Dcobertura.skip=true"

travis_fold:start:cache.1[0KSetting up build cache
$ export CASHER_DIR=$HOME/.casher
travis_time:start:09ea9487[0K$ Installing caching utilities

travis_time:end:09ea9487:start=1498974497652754181,finish=1498974497677010018,duration=24255837[0Ktravis_time:start:023e2609[0K
travis_time:end:023e2609:start=1498974497683260896,finish=1498974497687484684,duration=4223788[0Ktravis_time:start:0e51d1ac[0K[32;1mattempting to download cache archive[0m
[32;1mfetching master/cache-linux-precise-e891674a9286cc1179a9b3935963bed450882117346c68ba6dfd21d9a12a21f6--jdk-oraclejdk8.tgz[0m
[32;1mfound cache[0m

travis_time:end:0e51d1ac:start=1498974497692211730,finish=1498974499795530885,duration=2103319155[0Ktravis_time:start:08415ffc[0K
travis_time:end:08415ffc:start=1498974499801556901,finish=1498974499806116507,duration=4559606[0Ktravis_time:start:1c4990a0[0K[32;1madding /home/travis/.m2 to cache[0m

travis_time:end:1c4990a0:start=1498974499811475568,finish=1498974502802867380,duration=2991391812[0Ktravis_fold:end:cache.1[0K$ java -Xmx32m -version
java version "1.8.0_131"
Java(TM) SE Runtime Environment (build 1.8.0_131-b11)
Java HotSpot(TM) 64-Bit Server VM (build 25.131-b11, mixed mode)
$ javac -J-Xmx32m -version
javac 1.8.0_131
travis_fold:start:install[0Ktravis_time:start:04d55282[0K$ if [ "${TRAVIS_OS_NAME}" == "osx" ]; then
    # https://github.com/travis-ci/travis-ci/issues/6307#issuecomment-233315824
    rvm get head
  fi
  

travis_time:end:04d55282:start=1498974503028128620,finish=1498974503032407186,duration=4278566[0Ktravis_fold:end:install[0Ktravis_time:start:0fc50ee0[0K$ SKIP_FILES=".github|appveyor.yml|circle.yml|distelli-manifest.yml|fast-forward-merge.sh|LICENSE|LICENSE.apache20|README.md|release.sh|RIGHTS.antlr|shippable.yml|wercker.yml"

travis_time:end:0fc50ee0:start=1498974503038208926,finish=1498974503045137043,duration=6928117[0K
[32;1mThe command "SKIP_FILES=".github|appveyor.yml|circle.yml|distelli-manifest.yml|fast-forward-merge.sh|LICENSE|LICENSE.apache20|README.md|release.sh|RIGHTS.antlr|shippable.yml|wercker.yml"" exited with 0.[0m
travis_time:start:04414f00[0K$ SKIP_CI=$(if [[ $(git diff --name-only HEAD HEAD~1 | grep -vE "$SKIP_FILES" | cat | wc -c | sed 's/^ *//' ) > 0 ]]; then echo false; else echo true; fi;)

travis_time:end:04414f00:start=1498974503050918283,finish=1498974503062261376,duration=11343093[0K
[32;1mThe command "SKIP_CI=$(if [[ $(git diff --name-only HEAD HEAD~1 | grep -vE "$SKIP_FILES" | cat | wc -c | sed 's/^ *//' ) > 0 ]]; then echo false; else echo true; fi;)" exited with 0.[0m
travis_time:start:2408fde0[0K$ echo "SKIP_CI="$SKIP_CI
SKIP_CI=false

travis_time:end:2408fde0:start=1498974503067990288,finish=1498974503071994399,duration=4004111[0K
[32;1mThe command "echo "SKIP_CI="$SKIP_CI" exited with 0.[0m
travis_time:start:0f10bdb6[0K$ set -e
if [[ $SKIP_CI == 'false' ]];
then
     eval $CMD;
     echo "eval of CMD is completed"
fi

Java HotSpot(TM) 64-Bit Server VM warning: ignoring option MaxPermSize=192m; support was removed in 8.0
[INFO] Scanning for projects...
[INFO] Inspecting build with total of 1 modules...
[INFO] Installing Nexus Staging features:
[INFO]   ... total of 1 executions of maven-deploy-plugin replaced with nexus-staging-maven-plugin
[INFO]                                                                         
[INFO] ------------------------------------------------------------------------
[INFO] Building checkstyle 8.1-SNAPSHOT
[INFO] ------------------------------------------------------------------------
Downloading: https://repository.apache.org/releases/junit/junit-dep/maven-metadata.xml
Downloading: https://repository.apache.org/snapshots/junit/junit-dep/maven-metadata.xml
Downloading: https://oss.sonatype.org/content/repositories/releases/junit/junit-dep/maven-metadata.xml
Downloading: https://nexus.codehaus.org/snapshots/junit/junit-dep/maven-metadata.xml
563/563 B               Downloaded: https://oss.sonatype.org/content/repositories/releases/junit/junit-dep/maven-metadata.xml (563 B at 0.7 KB/sec)
[WARNING] Could not transfer metadata junit:junit-dep/maven-metadata.xml from/to codehaus-snapshots (https://nexus.codehaus.org/snapshots/): nexus.codehaus.org: Name or service not known
[INFO] 
[INFO] --- maven-clean-plugin:3.0.0:clean (default-clean) @ checkstyle ---
[INFO] 
[INFO] --- maven-enforcer-plugin:1.4.1:enforce (enforce-maven) @ checkstyle ---
[INFO] 
[INFO] --- maven-enforcer-plugin:1.4.1:enforce (enforce-versions) @ checkstyle ---
[INFO] 
[INFO] --- antlr-maven-plugin:2.2:generate (default) @ checkstyle ---
[INFO] performing grammar generation [java.g]
ANTLR Parser Generator   Version 2.7.7 (20060906)   1989-2005
/home/travis/build/checkstyle/checkstyle/src/main/resources/com/puppycrawl/tools/checkstyle/grammars/java.g:633:9: warning:nondeterminism between alts 1 and 2 of block upon
/home/travis/build/checkstyle/checkstyle/src/main/resources/com/puppycrawl/tools/checkstyle/grammars/java.g:633:9:     k==1:AT
/home/travis/build/checkstyle/checkstyle/src/main/resources/com/puppycrawl/tools/checkstyle/grammars/java.g:633:9:     k==2:IDENT
/home/travis/build/checkstyle/checkstyle/src/main/resources/com/puppycrawl/tools/checkstyle/grammars/java.g:780:16: warning:nondeterminism between alts 1 and 2 of block upon
/home/travis/build/checkstyle/checkstyle/src/main/resources/com/puppycrawl/tools/checkstyle/grammars/java.g:780:16:     k==1:AT
/home/travis/build/checkstyle/checkstyle/src/main/resources/com/puppycrawl/tools/checkstyle/grammars/java.g:780:16:     k==2:IDENT
/home/travis/build/checkstyle/checkstyle/src/main/resources/com/puppycrawl/tools/checkstyle/grammars/java.g:816:61: warning:nondeterminism between alts 1 and 2 of block upon
/home/travis/build/checkstyle/checkstyle/src/main/resources/com/puppycrawl/tools/checkstyle/grammars/java.g:816:61:     k==1:SEMI
/home/travis/build/checkstyle/checkstyle/src/main/resources/com/puppycrawl/tools/checkstyle/grammars/java.g:816:61:     k==2:"final","abstract","strictfp",SEMI,"void","boolean","byte","char","short","int","float","long","double",IDENT,"private","public","protected","static","transient","native","synchronized","volatile","class","interface",LCURLY,RCURLY,"default",LT,ENUM,AT
/home/travis/build/checkstyle/checkstyle/src/main/resources/com/puppycrawl/tools/checkstyle/grammars/java.g:705:9: warning:nondeterminism between alts 1 and 2 of block upon
/home/travis/build/checkstyle/checkstyle/src/main/resources/com/puppycrawl/tools/checkstyle/grammars/java.g:705:9:     k==1:AT
/home/travis/build/checkstyle/checkstyle/src/main/resources/com/puppycrawl/tools/checkstyle/grammars/java.g:705:9:     k==2:IDENT
/home/travis/build/checkstyle/checkstyle/src/main/resources/com/puppycrawl/tools/checkstyle/grammars/java.g:961: warning:Syntactic predicate superfluous for single alternative
/home/travis/build/checkstyle/checkstyle/src/main/resources/com/puppycrawl/tools/checkstyle/grammars/java.g:987:31: warning:nondeterminism between alts 1 and 2 of block upon
/home/travis/build/checkstyle/checkstyle/src/main/resources/com/puppycrawl/tools/checkstyle/grammars/java.g:987:31:     k==1:IDENT
/home/travis/build/checkstyle/checkstyle/src/main/resources/com/puppycrawl/tools/checkstyle/grammars/java.g:987:31:     k==2:LBRACK,DOT
/home/travis/build/checkstyle/checkstyle/src/main/resources/com/puppycrawl/tools/checkstyle/grammars/java.g:1048:84: warning:nondeterminism between alts 1 and 2 of block upon
/home/travis/build/checkstyle/checkstyle/src/main/resources/com/puppycrawl/tools/checkstyle/grammars/java.g:1048:84:     k==1:SEMI
/home/travis/build/checkstyle/checkstyle/src/main/resources/com/puppycrawl/tools/checkstyle/grammars/java.g:1048:84:     k==2:"final","abstract","strictfp",SEMI,"void","boolean","byte","char","short","int","float","long","double",IDENT,STAR,"private","public","protected","static","transient","native","synchronized","volatile","class",LCURLY,RCURLY,LPAREN,RPAREN,"this","super",COLON,"if","while","do","break","continue","return","switch","throw","for","else","case","default","try",LT,GT,LE,GE,"instanceof",SL,SR,BSR,PLUS,MINUS,DIV,MOD,INC,DEC,BNOT,LNOT,"true","false","null","new",NUM_INT,CHAR_LITERAL,STRING_LITERAL,NUM_FLOAT,NUM_LONG,NUM_DOUBLE,ASSERT,AT
/home/travis/build/checkstyle/checkstyle/src/main/resources/com/puppycrawl/tools/checkstyle/grammars/java.g:1148:9: warning:nondeterminism between alts 1 and 2 of block upon
/home/travis/build/checkstyle/checkstyle/src/main/resources/com/puppycrawl/tools/checkstyle/grammars/java.g:1148:9:     k==1:"default"
/home/travis/build/checkstyle/checkstyle/src/main/resources/com/puppycrawl/tools/checkstyle/grammars/java.g:1148:9:     k==2:"final","abstract","strictfp",SEMI,"void","boolean","byte","char","short","int","float","long","double",IDENT,STAR,"private","public","protected","static","transient","native","synchronized","volatile","class",LCURLY,RCURLY,LPAREN,RPAREN,"this","super",COLON,"if","while","do","break","continue","return","switch","throw","for","case","default","try",LT,GT,LE,GE,"instanceof",SL,SR,BSR,PLUS,MINUS,DIV,MOD,INC,DEC,BNOT,LNOT,"true","false","null","new",NUM_INT,CHAR_LITERAL,STRING_LITERAL,NUM_FLOAT,NUM_LONG,NUM_DOUBLE,ASSERT,AT
/home/travis/build/checkstyle/checkstyle/src/main/resources/com/puppycrawl/tools/checkstyle/grammars/java.g:1356:26: warning:nondeterminism between alts 1 and 2 of block upon
/home/travis/build/checkstyle/checkstyle/src/main/resources/com/puppycrawl/tools/checkstyle/grammars/java.g:1356:26:     k==1:"instanceof"
/home/travis/build/checkstyle/checkstyle/src/main/resources/com/puppycrawl/tools/checkstyle/grammars/java.g:1356:26:     k==2:"void","boolean","byte","char","short","int","float","long","double",IDENT,AT
/home/travis/build/checkstyle/checkstyle/src/main/resources/com/puppycrawl/tools/checkstyle/grammars/java.g:1371: warning:nondeterminism upon
/home/travis/build/checkstyle/checkstyle/src/main/resources/com/puppycrawl/tools/checkstyle/grammars/java.g:1371:     k==1:SL,SR,BSR
/home/travis/build/checkstyle/checkstyle/src/main/resources/com/puppycrawl/tools/checkstyle/grammars/java.g:1371:     k==2:"void","boolean","byte","char","short","int","float","long","double",IDENT,LPAREN,"this","super",PLUS,MINUS,INC,DEC,BNOT,LNOT,"true","false","null","new",NUM_INT,CHAR_LITERAL,STRING_LITERAL,NUM_FLOAT,NUM_LONG,NUM_DOUBLE,AT
/home/travis/build/checkstyle/checkstyle/src/main/resources/com/puppycrawl/tools/checkstyle/grammars/java.g:1371:     between alt 1 and exit branch of block
/home/travis/build/checkstyle/checkstyle/src/main/resources/com/puppycrawl/tools/checkstyle/grammars/java.g:1384: warning:nondeterminism upon
/home/travis/build/checkstyle/checkstyle/src/main/resources/com/puppycrawl/tools/checkstyle/grammars/java.g:1384:     k==1:STAR,DIV,MOD
/home/travis/build/checkstyle/checkstyle/src/main/resources/com/puppycrawl/tools/checkstyle/grammars/java.g:1384:     k==2:"void","boolean","byte","char","short","int","float","long","double",IDENT,LPAREN,"this","super",PLUS,MINUS,INC,DEC,BNOT,LNOT,"true","false","null","new",NUM_INT,CHAR_LITERAL,STRING_LITERAL,NUM_FLOAT,NUM_LONG,NUM_DOUBLE,AT
/home/travis/build/checkstyle/checkstyle/src/main/resources/com/puppycrawl/tools/checkstyle/grammars/java.g:1384:     between alt 1 and exit branch of block
/home/travis/build/checkstyle/checkstyle/src/main/resources/com/puppycrawl/tools/checkstyle/grammars/java.g:1482:9: warning:nondeterminism between alts 1 and 3 of block upon
/home/travis/build/checkstyle/checkstyle/src/main/resources/com/puppycrawl/tools/checkstyle/grammars/java.g:1482:9:     k==1:INC
/home/travis/build/checkstyle/checkstyle/src/main/resources/com/puppycrawl/tools/checkstyle/grammars/java.g:1482:9:     k==2:"final","abstract","strictfp",SEMI,RBRACK,"void","boolean","byte","char","short","int","float","long","double",IDENT,STAR,"private","public","protected","static","transient","native","synchronized","volatile","class","interface",LCURLY,RCURLY,COMMA,LPAREN,RPAREN,"this","super",ASSIGN,COLON,"if","while","do","break","continue","return","switch","throw","for","else","case","default","try",PLUS_ASSIGN,MINUS_ASSIGN,STAR_ASSIGN,DIV_ASSIGN,MOD_ASSIGN,SR_ASSIGN,BSR_ASSIGN,SL_ASSIGN,BAND_ASSIGN,BXOR_ASSIGN,BOR_ASSIGN,QUESTION,LOR,LAND,BOR,BXOR,BAND,NOT_EQUAL,EQUAL,LT,GT,LE,GE,"instanceof",SL,SR,BSR,PLUS,MINUS,DIV,MOD,INC,DEC,BNOT,LNOT,"true","false","null","new",NUM_INT,CHAR_LITERAL,STRING_LITERAL,NUM_FLOAT,NUM_LONG,NUM_DOUBLE,ASSERT,ENUM,AT
/home/travis/build/checkstyle/checkstyle/src/main/resources/com/puppycrawl/tools/checkstyle/grammars/java.g:1482:9: warning:nondeterminism between alts 2 and 3 of block upon
/home/travis/build/checkstyle/checkstyle/src/main/resources/com/puppycrawl/tools/checkstyle/grammars/java.g:1482:9:     k==1:DEC
/home/travis/build/checkstyle/checkstyle/src/main/resources/com/puppycrawl/tools/checkstyle/grammars/java.g:1482:9:     k==2:"final","abstract","strictfp",SEMI,RBRACK,"void","boolean","byte","char","short","int","float","long","double",IDENT,STAR,"private","public","protected","static","transient","native","synchronized","volatile","class","interface",LCURLY,RCURLY,COMMA,LPAREN,RPAREN,"this","super",ASSIGN,COLON,"if","while","do","break","continue","return","switch","throw","for","else","case","default","try",PLUS_ASSIGN,MINUS_ASSIGN,STAR_ASSIGN,DIV_ASSIGN,MOD_ASSIGN,SR_ASSIGN,BSR_ASSIGN,SL_ASSIGN,BAND_ASSIGN,BXOR_ASSIGN,BOR_ASSIGN,QUESTION,LOR,LAND,BOR,BXOR,BAND,NOT_EQUAL,EQUAL,LT,GT,LE,GE,"instanceof",SL,SR,BSR,PLUS,MINUS,DIV,MOD,INC,DEC,BNOT,LNOT,"true","false","null","new",NUM_INT,CHAR_LITERAL,STRING_LITERAL,NUM_FLOAT,NUM_LONG,NUM_DOUBLE,ASSERT,ENUM,AT
/home/travis/build/checkstyle/checkstyle/src/main/resources/com/puppycrawl/tools/checkstyle/grammars/java.g:1562:36: warning:nondeterminism between alts 1 and 2 of block upon
/home/travis/build/checkstyle/checkstyle/src/main/resources/com/puppycrawl/tools/checkstyle/grammars/java.g:1562:36:     k==1:LCURLY
/home/travis/build/checkstyle/checkstyle/src/main/resources/com/puppycrawl/tools/checkstyle/grammars/java.g:1562:36:     k==2:"final","abstract","strictfp",SEMI,"void","boolean","byte","char","short","int","float","long","double",IDENT,"private","public","protected","static","transient","native","synchronized","volatile","class","interface",LCURLY,RCURLY,"default",LT,ENUM,AT
/home/travis/build/checkstyle/checkstyle/src/main/resources/com/puppycrawl/tools/checkstyle/grammars/java.g:1572:33: warning:nondeterminism between alts 1 and 2 of block upon
/home/travis/build/checkstyle/checkstyle/src/main/resources/com/puppycrawl/tools/checkstyle/grammars/java.g:1572:33:     k==1:LCURLY
/home/travis/build/checkstyle/checkstyle/src/main/resources/com/puppycrawl/tools/checkstyle/grammars/java.g:1572:33:     k==2:"void","boolean","byte","char","short","int","float","long","double",IDENT,LCURLY,RCURLY,COMMA,LPAREN,"this","super",PLUS,MINUS,INC,DEC,BNOT,LNOT,"true","false","null","new",NUM_INT,CHAR_LITERAL,STRING_LITERAL,NUM_FLOAT,NUM_LONG,NUM_DOUBLE,AT
/home/travis/build/checkstyle/checkstyle/src/main/resources/com/puppycrawl/tools/checkstyle/grammars/java.g:1615:17: warning:nondeterminism between alts 1 and 2 of block upon
/home/travis/build/checkstyle/checkstyle/src/main/resources/com/puppycrawl/tools/checkstyle/grammars/java.g:1615:17:     k==1:RPAREN
/home/travis/build/checkstyle/checkstyle/src/main/resources/com/puppycrawl/tools/checkstyle/grammars/java.g:1615:17:     k==2:LAMBDA

[INFO] 
[INFO] --- antlr4-maven-plugin:4.7:antlr4 (default) @ checkstyle ---
[INFO] ANTLR 4: Processing source directory /home/travis/build/checkstyle/checkstyle/src/main/resources
[INFO] Processing grammar: com/puppycrawl/tools/checkstyle/grammars/javadoc/JavadocLexer.g4
[INFO] Processing grammar: com/puppycrawl/tools/checkstyle/grammars/javadoc/JavadocParser.g4
[INFO] 
[INFO] --- build-helper-maven-plugin:3.0.0:add-source (add-source) @ checkstyle ---
[INFO] Source directory: /home/travis/build/checkstyle/checkstyle/target/generated-sources/antlr added.
[INFO] 
[INFO] --- maven-resources-plugin:3.0.2:resources (default-resources) @ checkstyle ---
[INFO] Using 'UTF-8' encoding to copy filtered resources.
[INFO] Copying 164 resources
[INFO] Copying 1 resource
[INFO] 
[INFO] --- build-helper-maven-plugin:3.0.0:add-test-source (add-test-source) @ checkstyle ---
[INFO] Test Source directory: /home/travis/build/checkstyle/checkstyle/src/test/resources added.
[INFO] 
[INFO] --- build-helper-maven-plugin:3.0.0:add-test-source (add-it-test-source) @ checkstyle ---
[INFO] Test Source directory: /home/travis/build/checkstyle/checkstyle/src/it/java added.
[INFO] 
[INFO] --- build-helper-maven-plugin:3.0.0:add-test-source (add-it-test-resource) @ checkstyle ---
[INFO] Test Source directory: /home/travis/build/checkstyle/checkstyle/src/it/resources added.
[INFO] 
[INFO] --- maven-compiler-plugin:3.6.1:compile (default-compile) @ checkstyle ---
[INFO] Changes detected - recompiling the module!
[INFO] Compiling 354 source files to /home/travis/build/checkstyle/checkstyle/target/classes
[INFO] /home/travis/build/checkstyle/checkstyle/src/main/java/com/puppycrawl/tools/checkstyle/JavadocDetailNodeParser.java: Some input files use or override a deprecated API.
[INFO] /home/travis/build/checkstyle/checkstyle/src/main/java/com/puppycrawl/tools/checkstyle/JavadocDetailNodeParser.java: Recompile with -Xlint:deprecation for details.
[INFO] /home/travis/build/checkstyle/checkstyle/src/main/java/com/puppycrawl/tools/checkstyle/api/AutomaticBean.java: Some input files use unchecked or unsafe operations.
[INFO] /home/travis/build/checkstyle/checkstyle/src/main/java/com/puppycrawl/tools/checkstyle/api/AutomaticBean.java: Recompile with -Xlint:unchecked for details.
[INFO] 
[INFO] --- maven-antrun-plugin:1.8:run (ant-phase-compile) @ checkstyle ---
[INFO] Executing tasks

main:

execute:
[propertyfile] Creating new property file: /home/travis/build/checkstyle/checkstyle/target/classes/checkstylecompilation.properties
  [javadoc] Generating Javadoc
  [javadoc] Javadoc execution
  [javadoc] Loading source file /home/travis/build/checkstyle/checkstyle/src/main/java/com/puppycrawl/tools/checkstyle/api/TokenTypes.java...
  [javadoc] Constructing Javadoc information...
[INFO] Executed tasks
[INFO] 
[INFO] --- maven-resources-plugin:3.0.2:testResources (default-testResources) @ checkstyle ---
[INFO] Using 'UTF-8' encoding to copy filtered resources.
[INFO] Copying 934 resources
[INFO] 
[INFO] --- maven-compiler-plugin:3.6.1:testCompile (default-testCompile) @ checkstyle ---
[INFO] Changes detected - recompiling the module!
[INFO] Compiling 1178 source files to /home/travis/build/checkstyle/checkstyle/target/test-classes
[INFO] /home/travis/build/checkstyle/checkstyle/src/test/java/com/puppycrawl/tools/checkstyle/checks/javadoc/AbstractTypeAwareCheckTest.java: Some input files use or override a deprecated API.
[INFO] /home/travis/build/checkstyle/checkstyle/src/test/java/com/puppycrawl/tools/checkstyle/checks/javadoc/AbstractTypeAwareCheckTest.java: Recompile with -Xlint:deprecation for details.
[INFO] /home/travis/build/checkstyle/checkstyle/src/test/resources/com/puppycrawl/tools/checkstyle/utils/checkutils/InputCheckUtilsTest.java: /home/travis/build/checkstyle/checkstyle/src/test/resources/com/puppycrawl/tools/checkstyle/utils/checkutils/InputCheckUtilsTest.java uses unchecked or unsafe operations.
[INFO] /home/travis/build/checkstyle/checkstyle/src/test/resources/com/puppycrawl/tools/checkstyle/utils/checkutils/InputCheckUtilsTest.java: Recompile with -Xlint:unchecked for details.
[INFO] 
[INFO] --- maven-surefire-plugin:2.20:test (default-test) @ checkstyle ---
[INFO] Tests are skipped.
[INFO] 
[INFO] --- xml-maven-plugin:1.0.1:validate (default) @ checkstyle ---
[INFO] 
[INFO] --- maven-jar-plugin:3.0.2:jar (default-jar) @ checkstyle ---
[INFO] Building jar: /home/travis/build/checkstyle/checkstyle/target/checkstyle-8.1-SNAPSHOT.jar
[INFO] 
[INFO] --- maven-jar-plugin:3.0.2:test-jar (default) @ checkstyle ---
[INFO] Building jar: /home/travis/build/checkstyle/checkstyle/target/checkstyle-8.1-SNAPSHOT-tests.jar
[INFO] 
[INFO] --- maven-failsafe-plugin:2.20:integration-test (integration-test) @ checkstyle ---
[INFO] Tests are skipped.
[INFO] 
[INFO] --- maven-checkstyle-plugin:2.17:check (sevntu-checkstyle-check) @ checkstyle ---
Downloading: https://oss.sonatype.org/content/repositories/codehaus-snapshots/com/puppycrawl/tools/checkstyle/8.0/checkstyle-8.0.pom
            Downloading: http://sevntu-checkstyle.github.io/sevntu.checkstyle/maven2/com/puppycrawl/tools/checkstyle/8.0/checkstyle-8.0.pom
            Downloading: https://repo.maven.apache.org/maven2/com/puppycrawl/tools/checkstyle/8.0/checkstyle-8.0.pom
3/84 KB     5/84 KB   8/84 KB   11/84 KB   14/84 KB   16/84 KB   19/84 KB   21/84 KB   24/84 KB   27/84 KB   30/84 KB   32/84 KB   36/84 KB   40/84 KB   44/84 KB   48/84 KB   52/84 KB   56/84 KB   60/84 KB   64/84 KB   68/84 KB   72/84 KB   76/84 KB   80/84 KB   84/84 KB   84/84 KB              Downloaded: https://repo.maven.apache.org/maven2/com/puppycrawl/tools/checkstyle/8.0/checkstyle-8.0.pom (84 KB at 1708.2 KB/sec)
Downloading: https://oss.sonatype.org/content/repositories/codehaus-snapshots/com/puppycrawl/tools/checkstyle/8.0/checkstyle-8.0.jar
           Downloading: http://sevntu-checkstyle.github.io/sevntu.checkstyle/maven2/com/puppycrawl/tools/checkstyle/8.0/checkstyle-8.0.jar
           Downloading: https://repo.maven.apache.org/maven2/com/puppycrawl/tools/checkstyle/8.0/checkstyle-8.0.jar
4/1204 KB   8/1204 KB   12/1204 KB   16/1204 KB   20/1204 KB   24/1204 KB   28/1204 KB   32/1204 KB   36/1204 KB   40/1204 KB   44/1204 KB   48/1204 KB   52/1204 KB   56/1204 KB   60/1204 KB   64/1204 KB   68/1204 KB   72/1204 KB   76/1204 KB   80/1204 KB   84/1204 KB   88/1204 KB   92/1204 KB   96/1204 KB   100/1204 KB   104/1204 KB   108/1204 KB   112/1204 KB   116/1204 KB   120/1204 KB   124/1204 KB   128/1204 KB   132/1204 KB   136/1204 KB   140/1204 KB   144/1204 KB   148/1204 KB   152/1204 KB   156/1204 KB   160/1204 KB   164/1204 KB   168/1204 KB   172/1204 KB   176/1204 KB   180/1204 KB   184/1204 KB   188/1204 KB   192/1204 KB   196/1204 KB   200/1204 KB   204/1204 KB   208/1204 KB   212/1204 KB   216/1204 KB   220/1204 KB   224/1204 KB   228/1204 KB   232/1204 KB   236/1204 KB   240/1204 KB   244/1204 KB   248/1204 KB   252/1204 KB   256/1204 KB   260/1204 KB   264/1204 KB   268/1204 KB   272/1204 KB   276/1204 KB   280/1204 KB   284/1204 KB   288/1204 KB   292/1204 KB   296/1204 KB   300/1204 KB   304/1204 KB   308/1204 KB   312/1204 KB   316/1204 KB   320/1204 KB   324/1204 KB   328/1204 KB   332/1204 KB   336/1204 KB   340/1204 KB   344/1204 KB   348/1204 KB   352/1204 KB   356/1204 KB   360/1204 KB   364/1204 KB   368/1204 KB   372/1204 KB   376/1204 KB   380/1204 KB   384/1204 KB   388/1204 KB   392/1204 KB   396/1204 KB   400/1204 KB   404/1204 KB   408/1204 KB   412/1204 KB   416/1204 KB   420/1204 KB   424/1204 KB   428/1204 KB   432/1204 KB   436/1204 KB   440/1204 KB   444/1204 KB   448/1204 KB   452/1204 KB   456/1204 KB   460/1204 KB   464/1204 KB   468/1204 KB   472/1204 KB   476/1204 KB   480/1204 KB   484/1204 KB   488/1204 KB   492/1204 KB   496/1204 KB   500/1204 KB   504/1204 KB   508/1204 KB   512/1204 KB   516/1204 KB   520/1204 KB   524/1204 KB   528/1204 KB   532/1204 KB   536/1204 KB   540/1204 KB   544/1204 KB   548/1204 KB   552/1204 KB   556/1204 KB   560/1204 KB   564/1204 KB   568/1204 KB   572/1204 KB   576/1204 KB   580/1204 KB   584/1204 KB   588/1204 KB   592/1204 KB   596/1204 KB   600/1204 KB   604/1204 KB   608/1204 KB   612/1204 KB   616/1204 KB   620/1204 KB   624/1204 KB   628/1204 KB   632/1204 KB   636/1204 KB   640/1204 KB   644/1204 KB   648/1204 KB   652/1204 KB   656/1204 KB   660/1204 KB   664/1204 KB   668/1204 KB   672/1204 KB   676/1204 KB   680/1204 KB   684/1204 KB   688/1204 KB   692/1204 KB   696/1204 KB   700/1204 KB   704/1204 KB   708/1204 KB   712/1204 KB   716/1204 KB   720/1204 KB   724/1204 KB   728/1204 KB   732/1204 KB   736/1204 KB   740/1204 KB   744/1204 KB   748/1204 KB   752/1204 KB   756/1204 KB   760/1204 KB   764/1204 KB   768/1204 KB   772/1204 KB   776/1204 KB   780/1204 KB   784/1204 KB   788/1204 KB   792/1204 KB   796/1204 KB   800/1204 KB   804/1204 KB   808/1204 KB   812/1204 KB   816/1204 KB   820/1204 KB   824/1204 KB   828/1204 KB   832/1204 KB   836/1204 KB   840/1204 KB   844/1204 KB   848/1204 KB   852/1204 KB   856/1204 KB   860/1204 KB   864/1204 KB   868/1204 KB   872/1204 KB   876/1204 KB   880/1204 KB   884/1204 KB   888/1204 KB   892/1204 KB   896/1204 KB   900/1204 KB   904/1204 KB   908/1204 KB   912/1204 KB   916/1204 KB   920/1204 KB   924/1204 KB   928/1204 KB   932/1204 KB   936/1204 KB   940/1204 KB   944/1204 KB   948/1204 KB   952/1204 KB   956/1204 KB   960/1204 KB   964/1204 KB   968/1204 KB   972/1204 KB   976/1204 KB   980/1204 KB   984/1204 KB   988/1204 KB   992/1204 KB   996/1204 KB   1000/1204 KB   1004/1204 KB   1008/1204 KB   1012/1204 KB   1016/1204 KB   1020/1204 KB   1024/1204 KB   1028/1204 KB   1032/1204 KB   1036/1204 KB   1040/1204 KB   1044/1204 KB   1048/1204 KB   1052/1204 KB   1056/1204 KB   1060/1204 KB   1064/1204 KB   1068/1204 KB   1072/1204 KB   1076/1204 KB   1080/1204 KB   1084/1204 KB   1088/1204 KB   1092/1204 KB   1096/1204 KB   1100/1204 KB   1104/1204 KB   1108/1204 KB   1112/1204 KB   1116/1204 KB   1120/1204 KB   1124/1204 KB   1128/1204 KB   1132/1204 KB   1136/1204 KB   1140/1204 KB   1144/1204 KB   1148/1204 KB   1152/1204 KB   1156/1204 KB   1160/1204 KB   1164/1204 KB   1168/1204 KB   1172/1204 KB   1176/1204 KB   1180/1204 KB   1184/1204 KB   1188/1204 KB   1192/1204 KB   1196/1204 KB   1200/1204 KB   1204/1204 KB   1204/1204 KB                  Downloaded: https://repo.maven.apache.org/maven2/com/puppycrawl/tools/checkstyle/8.0/checkstyle-8.0.jar (1204 KB at 13837.7 KB/sec)
[INFO] ------------------------------------------------------------------------
[INFO] BUILD FAILURE
[INFO] ------------------------------------------------------------------------
[INFO] Total time: 23.712 s
[INFO] Finished at: 2017-07-02T05:48:48+00:00
[INFO] Final Memory: 47M/420M
[INFO] ------------------------------------------------------------------------
[ERROR] Failed to execute goal org.apache.maven.plugins:maven-checkstyle-plugin:2.17:check (sevntu-checkstyle-check) on project checkstyle: Execution sevntu-checkstyle-check of goal org.apache.maven.plugins:maven-checkstyle-plugin:2.17:check failed: An API incompatibility was encountered while executing org.apache.maven.plugins:maven-checkstyle-plugin:2.17:check: java.lang.AbstractMethodError: null
[ERROR] -----------------------------------------------------
[ERROR] realm =    plugin>org.apache.maven.plugins:maven-checkstyle-plugin:2.17
[ERROR] strategy = org.codehaus.plexus.classworlds.strategy.SelfFirstStrategy
[ERROR] urls[0] = file:/home/travis/.m2/repository/org/apache/maven/plugins/maven-checkstyle-plugin/2.17/maven-checkstyle-plugin-2.17.jar
[ERROR] urls[1] = file:/home/travis/.m2/repository/com/github/sevntu-checkstyle/sevntu-checkstyle-maven-plugin/1.24.0/sevntu-checkstyle-maven-plugin-1.24.0.jar
[ERROR] urls[2] = file:/home/travis/.m2/repository/com/github/sevntu-checkstyle/sevntu-checks/1.24.0/sevntu-checks-1.24.0.jar
[ERROR] urls[3] = file:/home/travis/.m2/repository/com/puppycrawl/tools/checkstyle/8.0/checkstyle-8.0.jar
[ERROR] urls[4] = file:/home/travis/.m2/repository/antlr/antlr/2.7.7/antlr-2.7.7.jar
[ERROR] urls[5] = file:/home/travis/.m2/repository/org/antlr/antlr4-runtime/4.7/antlr4-runtime-4.7.jar
[ERROR] urls[6] = file:/home/travis/.m2/repository/commons-beanutils/commons-beanutils/1.9.3/commons-beanutils-1.9.3.jar
[ERROR] urls[7] = file:/home/travis/.m2/repository/commons-logging/commons-logging/1.2/commons-logging-1.2.jar
[ERROR] urls[8] = file:/home/travis/.m2/repository/commons-cli/commons-cli/1.4/commons-cli-1.4.jar
[ERROR] urls[9] = file:/home/travis/.m2/repository/com/google/guava/guava/22.0/guava-22.0.jar
[ERROR] urls[10] = file:/home/travis/.m2/repository/com/google/code/findbugs/jsr305/1.3.9/jsr305-1.3.9.jar
[ERROR] urls[11] = file:/home/travis/.m2/repository/com/google/errorprone/error_prone_annotations/2.0.18/error_prone_annotations-2.0.18.jar
[ERROR] urls[12] = file:/home/travis/.m2/repository/com/google/j2objc/j2objc-annotations/1.1/j2objc-annotations-1.1.jar
[ERROR] urls[13] = file:/home/travis/.m2/repository/org/codehaus/mojo/animal-sniffer-annotations/1.14/animal-sniffer-annotations-1.14.jar
[ERROR] urls[14] = file:/usr/lib/jvm/java-8-oracle/jre/../lib/tools.jar
[ERROR] urls[15] = file:/home/travis/.m2/repository/org/slf4j/slf4j-jdk14/1.5.6/slf4j-jdk14-1.5.6.jar
[ERROR] urls[16] = file:/home/travis/.m2/repository/org/slf4j/slf4j-api/1.5.6/slf4j-api-1.5.6.jar
[ERROR] urls[17] = file:/home/travis/.m2/repository/org/slf4j/jcl-over-slf4j/1.5.6/jcl-over-slf4j-1.5.6.jar
[ERROR] urls[18] = file:/home/travis/.m2/repository/junit/junit/3.8.1/junit-3.8.1.jar
[ERROR] urls[19] = file:/home/travis/.m2/repository/org/codehaus/plexus/plexus-interactivity-api/1.0-alpha-4/plexus-interactivity-api-1.0-alpha-4.jar
[ERROR] urls[20] = file:/home/travis/.m2/repository/backport-util-concurrent/backport-util-concurrent/3.1/backport-util-concurrent-3.1.jar
[ERROR] urls[21] = file:/home/travis/.m2/repository/org/sonatype/plexus/plexus-sec-dispatcher/1.3/plexus-sec-dispatcher-1.3.jar
[ERROR] urls[22] = file:/home/travis/.m2/repository/org/sonatype/plexus/plexus-cipher/1.4/plexus-cipher-1.4.jar
[ERROR] urls[23] = file:/home/travis/.m2/repository/org/apache/maven/reporting/maven-reporting-api/3.0/maven-reporting-api-3.0.jar
[ERROR] urls[24] = file:/home/travis/.m2/repository/org/apache/maven/reporting/maven-reporting-impl/2.3/maven-reporting-impl-2.3.jar
[ERROR] urls[25] = file:/home/travis/.m2/repository/org/apache/maven/shared/maven-shared-utils/0.6/maven-shared-utils-0.6.jar
[ERROR] urls[26] = file:/home/travis/.m2/repository/org/apache/maven/doxia/doxia-core/1.2/doxia-core-1.2.jar
[ERROR] urls[27] = file:/home/travis/.m2/repository/xerces/xercesImpl/2.9.1/xercesImpl-2.9.1.jar
[ERROR] urls[28] = file:/home/travis/.m2/repository/xml-apis/xml-apis/1.3.04/xml-apis-1.3.04.jar
[ERROR] urls[29] = file:/home/travis/.m2/repository/org/apache/httpcomponents/httpclient/4.0.2/httpclient-4.0.2.jar
[ERROR] urls[30] = file:/home/travis/.m2/repository/org/apache/httpcomponents/httpcore/4.0.1/httpcore-4.0.1.jar
[ERROR] urls[31] = file:/home/travis/.m2/repository/commons-codec/commons-codec/1.3/commons-codec-1.3.jar
[ERROR] urls[32] = file:/home/travis/.m2/repository/commons-validator/commons-validator/1.3.1/commons-validator-1.3.1.jar
[ERROR] urls[33] = file:/home/travis/.m2/repository/commons-digester/commons-digester/1.6/commons-digester-1.6.jar
[ERROR] urls[34] = file:/home/travis/.m2/repository/org/apache/maven/doxia/doxia-sink-api/1.4/doxia-sink-api-1.4.jar
[ERROR] urls[35] = file:/home/travis/.m2/repository/org/apache/maven/doxia/doxia-logging-api/1.4/doxia-logging-api-1.4.jar
[ERROR] urls[36] = file:/home/travis/.m2/repository/org/apache/maven/doxia/doxia-decoration-model/1.4/doxia-decoration-model-1.4.jar
[ERROR] urls[37] = file:/home/travis/.m2/repository/org/apache/maven/doxia/doxia-site-renderer/1.4/doxia-site-renderer-1.4.jar
[ERROR] urls[38] = file:/home/travis/.m2/repository/org/apache/maven/doxia/doxia-module-xhtml/1.4/doxia-module-xhtml-1.4.jar
[ERROR] urls[39] = file:/home/travis/.m2/repository/org/apache/maven/doxia/doxia-module-fml/1.4/doxia-module-fml-1.4.jar
[ERROR] urls[40] = file:/home/travis/.m2/repository/org/codehaus/plexus/plexus-i18n/1.0-beta-7/plexus-i18n-1.0-beta-7.jar
[ERROR] urls[41] = file:/home/travis/.m2/repository/org/apache/velocity/velocity-tools/2.0/velocity-tools-2.0.jar
[ERROR] urls[42] = file:/home/travis/.m2/repository/commons-chain/commons-chain/1.1/commons-chain-1.1.jar
[ERROR] urls[43] = file:/home/travis/.m2/repository/dom4j/dom4j/1.1/dom4j-1.1.jar
[ERROR] urls[44] = file:/home/travis/.m2/repository/sslext/sslext/1.2-0/sslext-1.2-0.jar
[ERROR] urls[45] = file:/home/travis/.m2/repository/org/apache/struts/struts-core/1.3.8/struts-core-1.3.8.jar
[ERROR] urls[46] = file:/home/travis/.m2/repository/org/apache/struts/struts-taglib/1.3.8/struts-taglib-1.3.8.jar
[ERROR] urls[47] = file:/home/travis/.m2/repository/org/apache/struts/struts-tiles/1.3.8/struts-tiles-1.3.8.jar
[ERROR] urls[48] = file:/home/travis/.m2/repository/org/apache/maven/doxia/doxia-integration-tools/1.6/doxia-integration-tools-1.6.jar
[ERROR] urls[49] = file:/home/travis/.m2/repository/commons-io/commons-io/1.4/commons-io-1.4.jar
[ERROR] urls[50] = file:/home/travis/.m2/repository/org/codehaus/plexus/plexus-component-annotations/1.5.5/plexus-compone