Using worker: worker-linux-docker-c7fc9b3e.prod.travis-ci.org:travis-linux-14

travis_fold:start:system_info[0K[33;1mBuild system information[0m
Build language: python
Build group: stable
Build dist: precise
[34m[1mBuild image provisioning date and time[0m
Thu Feb  5 15:09:33 UTC 2015
[34m[1mOperating System Details[0m
Distributor ID:	Ubuntu
Description:	Ubuntu 12.04.5 LTS
Release:	12.04
Codename:	precise
[34m[1mLinux Version[0m
3.13.0-29-generic
[34m[1mCookbooks Version[0m
a68419e https://github.com/travis-ci/travis-cookbooks/tree/a68419e
[34m[1mGCC version[0m
gcc (Ubuntu/Linaro 4.6.3-1ubuntu5) 4.6.3
Copyright (C) 2011 Free Software Foundation, Inc.
This is free software; see the source for copying conditions.  There is NO
warranty; not even for MERCHANTABILITY or FITNESS FOR A PARTICULAR PURPOSE.

[34m[1mLLVM version[0m
clang version 3.4 (tags/RELEASE_34/final)
Target: x86_64-unknown-linux-gnu
Thread model: posix
[34m[1mPre-installed Ruby versions[0m
ruby-1.9.3-p551
[34m[1mPre-installed Node.js versions[0m
v0.10.36
[34m[1mPre-installed Go versions[0m
1.4.1
[34m[1mRedis version[0m
redis-server 2.8.19
[34m[1mriak version[0m
2.0.2
[34m[1mMongoDB version[0m
MongoDB 2.4.12
[34m[1mCouchDB version[0m
couchdb 1.6.1
[34m[1mNeo4j version[0m
1.9.4
[34m[1mRabbitMQ Version[0m
3.4.3
[34m[1mElasticSearch version[0m
1.4.0
[34m[1mInstalled Sphinx versions[0m
2.0.10
2.1.9
2.2.6
[34m[1mDefault Sphinx version[0m
2.2.6
[34m[1mInstalled Firefox version[0m
firefox 31.0esr
[34m[1mPhantomJS version[0m
1.9.8
[34m[1mant -version[0m
Apache Ant(TM) version 1.8.2 compiled on December 3 2011
[34m[1mmvn -version[0m
Apache Maven 3.2.5 (12a6b3acb947671f09b81f49094c53f426d8cea1; 2014-12-14T17:29:23+00:00)
Maven home: /usr/local/maven
Java version: 1.7.0_76, vendor: Oracle Corporation
Java home: /usr/lib/jvm/java-7-oracle/jre
Default locale: en_US, platform encoding: ANSI_X3.4-1968
OS name: "linux", version: "3.13.0-29-generic", arch: "amd64", family: "unix"
travis_fold:end:system_info[0K
travis_fold:start:git.checkout[0Ktravis_time:start:0e312124[0K$ git clone --depth=50 --branch=docupdate https://github.com/Unidata/netcdf4-python.git Unidata/netcdf4-python
Cloning into 'Unidata/netcdf4-python'...
remote: Counting objects: 754, done.[K
remote: Compressing objects:   0% (1/387)   [Kremote: Compressing objects:   1% (4/387)   [Kremote: Compressing objects:   2% (8/387)   [Kremote: Compressing objects:   3% (12/387)   [Kremote: Compressing objects:   4% (16/387)   [Kremote: Compressing objects:   5% (20/387)   [Kremote: Compressing objects:   6% (24/387)   [Kremote: Compressing objects:   7% (28/387)   [Kremote: Compressing objects:   8% (31/387)   [Kremote: Compressing objects:   9% (35/387)   [Kremote: Compressing objects:  10% (39/387)   [Kremote: Compressing objects:  11% (43/387)   [Kremote: Compressing objects:  12% (47/387)   [Kremote: Compressing objects:  13% (51/387)   [Kremote: Compressing objects:  14% (55/387)   [Kremote: Compressing objects:  15% (59/387)   [Kremote: Compressing objects:  16% (62/387)   [Kremote: Compressing objects:  17% (66/387)   [Kremote: Compressing objects:  18% (70/387)   [Kremote: Compressing objects:  19% (74/387)   [Kremote: Compressing objects:  20% (78/387)   [Kremote: Compressing objects:  21% (82/387)   [Kremote: Compressing objects:  22% (86/387)   [Kremote: Compressing objects:  23% (90/387)   [Kremote: Compressing objects:  24% (93/387)   [Kremote: Compressing objects:  25% (97/387)   [Kremote: Compressing objects:  26% (101/387)   [Kremote: Compressing objects:  27% (105/387)   [Kremote: Compressing objects:  28% (109/387)   [Kremote: Compressing objects:  29% (113/387)   [Kremote: Compressing objects:  30% (117/387)   [Kremote: Compressing objects:  31% (120/387)   [Kremote: Compressing objects:  32% (124/387)   [Kremote: Compressing objects:  33% (128/387)   [Kremote: Compressing objects:  34% (132/387)   [Kremote: Compressing objects:  35% (136/387)   [Kremote: Compressing objects:  35% (139/387)   [Kremote: Compressing objects:  36% (140/387)   [Kremote: Compressing objects:  36% (143/387)   [Kremote: Compressing objects:  37% (144/387)   [Kremote: Compressing objects:  38% (148/387)   [Kremote: Compressing objects:  38% (149/387)   [Kremote: Compressing objects:  39% (151/387)   [Kremote: Compressing objects:  40% (155/387)   [Kremote: Compressing objects:  41% (159/387)   [Kremote: Compressing objects:  42% (163/387)   [Kremote: Compressing objects:  43% (167/387)   [Kremote: Compressing objects:  44% (171/387)   [Kremote: Compressing objects:  45% (175/387)   [Kremote: Compressing objects:  46% (179/387)   [Kremote: Compressing objects:  47% (182/387)   [Kremote: Compressing objects:  48% (186/387)   [Kremote: Compressing objects:  49% (190/387)   [Kremote: Compressing objects:  50% (194/387)   [Kremote: Compressing objects:  51% (198/387)   [Kremote: Compressing objects:  52% (202/387)   [Kremote: Compressing objects:  53% (206/387)   [Kremote: Compressing objects:  54% (209/387)   [Kremote: Compressing objects:  55% (213/387)   [Kremote: Compressing objects:  56% (217/387)   [Kremote: Compressing objects:  57% (221/387)   [Kremote: Compressing objects:  58% (225/387)   [Kremote: Compressing objects:  59% (229/387)   [Kremote: Compressing objects:  60% (233/387)   [Kremote: Compressing objects:  61% (237/387)   [Kremote: Compressing objects:  62% (240/387)   [Kremote: Compressing objects:  63% (244/387)   [Kremote: Compressing objects:  64% (248/387)   [Kremote: Compressing objects:  65% (252/387)   [Kremote: Compressing objects:  66% (256/387)   [Kremote: Compressing objects:  67% (260/387)   [Kremote: Compressing objects:  68% (264/387)   [Kremote: Compressing objects:  69% (268/387)   [Kremote: Compressing objects:  70% (271/387)   [Kremote: Compressing objects:  71% (275/387)   [Kremote: Compressing objects:  72% (279/387)   [Kremote: Compressing objects:  73% (283/387)   [Kremote: Compressing objects:  74% (287/387)   [Kremote: Compressing objects:  75% (291/387)   [Kremote: Compressing objects:  76% (295/387)   [Kremote: Compressing objects:  77% (298/387)   [Kremote: Compressing objects:  78% (302/387)   [Kremote: Compressing objects:  79% (306/387)   [Kremote: Compressing objects:  80% (310/387)   [Kremote: Compressing objects:  81% (314/387)   [Kremote: Compressing objects:  82% (318/387)   [Kremote: Compressing objects:  83% (322/387)   [Kremote: Compressing objects:  84% (326/387)   [Kremote: Compressing objects:  85% (329/387)   [Kremote: Compressing objects:  86% (333/387)   [Kremote: Compressing objects:  87% (337/387)   [Kremote: Compressing objects:  88% (341/387)   [Kremote: Compressing objects:  89% (345/387)   [Kremote: Compressing objects:  90% (349/387)   [Kremote: Compressing objects:  91% (353/387)   [Kremote: Compressing objects:  92% (357/387)   [Kremote: Compressing objects:  93% (360/387)   [Kremote: Compressing objects:  94% (364/387)   [Kremote: Compressing objects:  95% (368/387)   [Kremote: Compressing objects:  96% (372/387)   [Kremote: Compressing objects:  97% (376/387)   [Kremote: Compressing objects:  98% (380/387)   [Kremote: Compressing objects:  99% (384/387)   [Kremote: Compressing objects: 100% (387/387)   [Kremote: Compressing objects: 100% (387/387), done.[K
Receiving objects:   0% (1/754)   Receiving objects:   1% (8/754)   Receiving objects:   2% (16/754)   Receiving objects:   3% (23/754)   Receiving objects:   4% (31/754)   Receiving objects:   5% (38/754)   Receiving objects:   6% (46/754)   Receiving objects:   7% (53/754)   Receiving objects:   8% (61/754)   Receiving objects:   9% (68/754)   Receiving objects:  10% (76/754)   Receiving objects:  11% (83/754)   Receiving objects:  12% (91/754)   Receiving objects:  13% (99/754)   Receiving objects:  14% (106/754)   Receiving objects:  15% (114/754)   Receiving objects:  16% (121/754)   Receiving objects:  17% (129/754)   Receiving objects:  18% (136/754)   Receiving objects:  19% (144/754)   Receiving objects:  20% (151/754)   Receiving objects:  21% (159/754)   Receiving objects:  22% (166/754)   Receiving objects:  23% (174/754)   Receiving objects:  24% (181/754)   Receiving objects:  25% (189/754)   Receiving objects:  26% (197/754), 25.59 MiB | 51.07 MiB/s   Receiving objects:  26% (198/754), 54.03 MiB | 53.92 MiB/s   Receiving objects:  27% (204/754), 79.79 MiB | 53.08 MiB/s   Receiving objects:  27% (204/754), 109.46 MiB | 54.62 MiB/s   Receiving objects:  28% (212/754), 109.46 MiB | 54.62 MiB/s   Receiving objects:  29% (219/754), 109.46 MiB | 54.62 MiB/s   Receiving objects:  30% (227/754), 109.46 MiB | 54.62 MiB/s   Receiving objects:  31% (234/754), 109.46 MiB | 54.62 MiB/s   Receiving objects:  32% (242/754), 109.46 MiB | 54.62 MiB/s   Receiving objects:  33% (249/754), 109.46 MiB | 54.62 MiB/s   Receiving objects:  34% (257/754), 109.46 MiB | 54.62 MiB/s   Receiving objects:  35% (264/754), 109.46 MiB | 54.62 MiB/s   Receiving objects:  36% (272/754), 109.46 MiB | 54.62 MiB/s   Receiving objects:  37% (279/754), 109.46 MiB | 54.62 MiB/s   Receiving objects:  38% (287/754), 109.46 MiB | 54.62 MiB/s   Receiving objects:  39% (295/754), 109.46 MiB | 54.62 MiB/s   Receiving objects:  40% (302/754), 109.46 MiB | 54.62 MiB/s   Receiving objects:  41% (310/754), 109.46 MiB | 54.62 MiB/s   Receiving objects:  42% (317/754), 109.46 MiB | 54.62 MiB/s   Receiving objects:  43% (325/754), 109.46 MiB | 54.62 MiB/s   Receiving objects:  44% (332/754), 109.46 MiB | 54.62 MiB/s   Receiving objects:  45% (340/754), 109.46 MiB | 54.62 MiB/s   Receiving objects:  46% (347/754), 109.46 MiB | 54.62 MiB/s   Receiving objects:  47% (355/754), 109.46 MiB | 54.62 MiB/s   Receiving objects:  48% (362/754), 109.46 MiB | 54.62 MiB/s   Receiving objects:  49% (370/754), 109.46 MiB | 54.62 MiB/s   Receiving objects:  50% (377/754), 109.46 MiB | 54.62 MiB/s   Receiving objects:  51% (385/754), 109.46 MiB | 54.62 MiB/s   Receiving objects:  52% (393/754), 109.46 MiB | 54.62 MiB/s   Receiving objects:  53% (400/754), 109.46 MiB | 54.62 MiB/s   Receiving objects:  54% (408/754), 109.46 MiB | 54.62 MiB/s   Receiving objects:  55% (415/754), 109.46 MiB | 54.62 MiB/s   Receiving objects:  56% (423/754), 132.25 MiB | 52.43 MiB/s   Receiving objects:  57% (430/754), 132.25 MiB | 52.43 MiB/s   Receiving objects:  58% (438/754), 132.25 MiB | 52.43 MiB/s   Receiving objects:  59% (445/754), 132.25 MiB | 52.43 MiB/s   Receiving objects:  60% (453/754), 132.25 MiB | 52.43 MiB/s   Receiving objects:  61% (460/754), 132.25 MiB | 52.43 MiB/s   Receiving objects:  62% (468/754), 132.25 MiB | 52.43 MiB/s   Receiving objects:  63% (476/754), 132.25 MiB | 52.43 MiB/s   Receiving objects:  64% (483/754), 132.25 MiB | 52.43 MiB/s   Receiving objects:  65% (491/754), 132.25 MiB | 52.43 MiB/s   Receiving objects:  66% (498/754), 132.25 MiB | 52.43 MiB/s   Receiving objects:  67% (506/754), 132.25 MiB | 52.43 MiB/s   Receiving objects:  68% (513/754), 132.25 MiB | 52.43 MiB/s   Receiving objects:  69% (521/754), 132.25 MiB | 52.43 MiB/s   Receiving objects:  70% (528/754), 132.25 MiB | 52.43 MiB/s   Receiving objects:  71% (536/754), 132.25 MiB | 52.43 MiB/s   Receiving objects:  72% (543/754), 132.25 MiB | 52.43 MiB/s   Receiving objects:  73% (551/754), 132.25 MiB | 52.43 MiB/s   Receiving objects:  74% (558/754), 132.25 MiB | 52.43 MiB/s   Receiving objects:  75% (566/754), 132.25 MiB | 52.43 MiB/s   Receiving objects:  76% (574/754), 132.25 MiB | 52.43 MiB/s   Receiving objects:  77% (581/754), 132.25 MiB | 52.43 MiB/s   Receiving objects:  78% (589/754), 132.25 MiB | 52.43 MiB/s   Receiving objects:  79% (596/754), 132.25 MiB | 52.43 MiB/s   Receiving objects:  80% (604/754), 132.25 MiB | 52.43 MiB/s   Receiving objects:  81% (611/754), 132.25 MiB | 52.43 MiB/s   Receiving objects:  82% (619/754), 132.25 MiB | 52.43 MiB/s   Receiving objects:  83% (626/754), 132.25 MiB | 52.43 MiB/s   Receiving objects:  84% (634/754), 132.25 MiB | 52.43 MiB/s   Receiving objects:  85% (641/754), 132.25 MiB | 52.43 MiB/s   Receiving objects:  86% (649/754), 132.25 MiB | 52.43 MiB/s   Receiving objects:  87% (656/754), 132.25 MiB | 52.43 MiB/s   Receiving objects:  88% (664/754), 132.25 MiB | 52.43 MiB/s   Receiving objects:  89% (672/754), 132.25 MiB | 52.43 MiB/s   Receiving objects:  90% (679/754), 132.25 MiB | 52.43 MiB/s   Receiving objects:  91% (687/754), 132.25 MiB | 52.43 MiB/s   Receiving objects:  92% (694/754), 132.25 MiB | 52.43 MiB/s   Receiving objects:  93% (702/754), 132.25 MiB | 52.43 MiB/s   Receiving objects:  94% (709/754), 132.25 MiB | 52.43 MiB/s   Receiving objects:  95% (717/754), 132.25 MiB | 52.43 MiB/s   Receiving objects:  96% (724/754), 132.25 MiB | 52.43 MiB/s   remote: Total 754 (delta 418), reused 616 (delta 328), pack-reused 0[K
Receiving objects:  97% (732/754), 132.25 MiB | 52.43 MiB/s   Receiving objects:  98% (739/754), 132.25 MiB | 52.43 MiB/s   Receiving objects:  99% (747/754), 132.25 MiB | 52.43 MiB/s   Receiving objects: 100% (754/754), 132.25 MiB | 52.43 MiB/s   Receiving objects: 100% (754/754), 134.49 MiB | 52.43 MiB/s, done.
Resolving deltas:   0% (0/418)   Resolving deltas:  32% (137/418)   Resolving deltas:  33% (138/418)   Resolving deltas:  34% (143/418)   Resolving deltas:  35% (150/418)   Resolving deltas:  45% (191/418)   Resolving deltas:  46% (195/418)   Resolving deltas:  47% (198/418)   Resolving deltas:  48% (202/418)   Resolving deltas:  50% (209/418)   Resolving deltas:  58% (245/418)   Resolving deltas:  65% (274/418)   Resolving deltas:  67% (284/418)   Resolving deltas:  68% (285/418)   Resolving deltas:  70% (294/418)   Resolving deltas:  71% (299/418)   Resolving deltas:  75% (316/418)   Resolving deltas:  76% (318/418)   Resolving deltas:  77% (322/418)   Resolving deltas:  78% (328/418)   Resolving deltas:  79% (331/418)   Resolving deltas:  80% (335/418)   Resolving deltas:  81% (340/418)   Resolving deltas:  82% (344/418)   Resolving deltas:  83% (347/418)   Resolving deltas:  84% (353/418)   Resolving deltas:  85% (356/418)   Resolving deltas:  86% (360/418)   Resolving deltas:  89% (373/418)   Resolving deltas: 100% (418/418)   Resolving deltas: 100% (418/418), done.
Checking connectivity... done.
travis_time:end:0e312124:start=1450906847090579269,finish=1450906855914821928,duration=8824242659[0K$ cd Unidata/netcdf4-python
$ git checkout -qf 33be742a3d2770c70b9c28a17a1ada2d2c848f23
travis_fold:end:git.checkout[0Ktravis_fold:start:apt[0K[33;1mInstalling APT Packages (BETA)[0m
$ export DEBIAN_FRONTEND=noninteractive
travis_time:start:00bb6008[0K$ sudo -E apt-get -yq update &>> ~/apt-get-update.log
travis_time:end:00bb6008:start=1450906856662851292,finish=1450906861559925033,duration=4897073741[0Ktravis_time:start:1db2b659[0K$ sudo -E apt-get -yq --no-install-suggests --no-install-recommends --force-yes install libhdf5-serial-dev netcdf-bin libnetcdf-dev
Reading package lists...
Building dependency tree...
Reading state information...
Suggested packages:
  libhdf5-doc netcdf-doc
The following NEW packages will be installed:
  libhdf5-serial-dev libnetcdf-dev netcdf-bin
0 upgraded, 3 newly installed, 0 to remove and 209 not upgraded.
Need to get 3,107 kB of archives.
After this operation, 20.4 MB of additional disk space will be used.
Get:1 http://us.archive.ubuntu.com/ubuntu/ precise/universe libhdf5-serial-dev amd64 1.8.4-patch1-3ubuntu2 [2,278 kB]
Get:2 http://us.archive.ubuntu.com/ubuntu/ precise/universe libnetcdf-dev amd64 1:4.1.1-6 [644 kB]
Get:3 http://us.archive.ubuntu.com/ubuntu/ precise/universe netcdf-bin amd64 1:4.1.1-6 [185 kB]
Fetched 3,107 kB in 0s (18.4 MB/s)
Selecting previously unselected package libhdf5-serial-dev.
(Reading database ... (Reading database ... 5%(Reading database ... 10%(Reading database ... 15%(Reading database ... 20%(Reading database ... 25%(Reading database ... 30%(Reading database ... 35%(Reading database ... 40%(Reading database ... 45%(Reading database ... 50%(Reading database ... 55%(Reading database ... 60%(Reading database ... 65%(Reading database ... 70%(Reading database ... 75%(Reading database ... 80%(Reading database ... 85%(Reading database ... 90%(Reading database ... 95%(Reading database ... 100%(Reading database ... 72431 files and directories currently installed.)
Unpacking libhdf5-serial-dev (from .../libhdf5-serial-dev_1.8.4-patch1-3ubuntu2_amd64.deb) ...
Selecting previously unselected package libnetcdf-dev.
Unpacking libnetcdf-dev (from .../libnetcdf-dev_1%3a4.1.1-6_amd64.deb) ...
Selecting previously unselected package netcdf-bin.
Unpacking netcdf-bin (from .../netcdf-bin_1%3a4.1.1-6_amd64.deb) ...
Processing triggers for man-db ...
Setting up libhdf5-serial-dev (1.8.4-patch1-3ubuntu2) ...
Setting up libnetcdf-dev (1:4.1.1-6) ...
Setting up netcdf-bin (1:4.1.1-6) ...
travis_time:end:1db2b659:start=1450906861563457106,finish=1450906869503048133,duration=7939591027[0Ktravis_fold:end:apt[0K
[33;1mThis job is running on container-based infrastructure, which does not allow use of 'sudo', setuid and setguid executables.[0m
[33;1mIf you require sudo, add 'sudo: required' to your .travis.yml[0m
[33;1mSee http://docs.travis-ci.com/user/workers/container-based-infrastructure/ for details.[0m

[33;1mSetting environment variables from .travis.yml[0m
$ export DEPENDS="numpy cython"
$ export NO_NET=1

travis_time:start:042aecb4[0K$ source ~/virtualenv/python3.4/bin/activate
travis_time:end:042aecb4:start=1450906872169837940,finish=1450906872173524653,duration=3686713[0K$ python --version
Python 3.4.2
$ pip --version
pip 6.0.7 from /home/travis/virtualenv/python3.4.2/lib/python3.4/site-packages (python 3.4)
travis_fold:start:before_install[0Ktravis_time:start:16f6177e[0K$ pip install $DEPENDS
[33mYou are using pip version 6.0.7, however version 7.1.2 is available.
You should consider upgrading via the 'pip install --upgrade pip' command.[0m
Requirement already satisfied (use --upgrade to upgrade): numpy in /home/travis/virtualenv/python3.4.2/lib/python3.4/site-packages
Collecting cython
  Downloading Cython-0.23.4.tar.gz (1.6MB)
[?25l[K    0% |                                | 4.1kB 33.8MB/s eta 0:00:01[K    0% |                                | 8.2kB 20.2MB/s eta 0:00:01[K    0% |                                | 12kB 19.7MB/s eta 0:00:01[K    1% |                                | 16kB 16.0MB/s eta 0:00:01[K    1% |                                | 20kB 16.0MB/s eta 0:00:01[K    1% |                                | 24kB 16.0MB/s eta 0:00:01[K    1% |                                | 28kB 16.1MB/s eta 0:00:01[K    2% |                                | 32kB 15.2MB/s eta 0:00:01[K    2% |                                | 36kB 15.4MB/s eta 0:00:01[K    2% |                                | 40kB 15.4MB/s eta 0:00:01[K    2% |                                | 45kB 14.8MB/s eta 0:00:01[K    3% |                                | 49kB 14.4MB/s eta 0:00:01[K    3% |#                               | 53kB 14.3MB/s eta 0:00:01[K    3% |#                               | 57kB 15.1MB/s eta 0:00:01[K    3% |#                               | 61kB 15.2MB/s eta 0:00:01[K    4% |#                               | 65kB 14.6MB/s eta 0:00:01[K    4% |#                               | 69kB 14.6MB/s eta 0:00:01[K    4% |#                               | 73kB 15.0MB/s eta 0:00:01[K    4% |#                               | 77kB 15.0MB/s eta 0:00:01[K    5% |#                               | 81kB 14.5MB/s eta 0:00:01[K    5% |#                               | 86kB 14.5MB/s eta 0:00:01[K    5% |#                               | 90kB 15.1MB/s eta 0:00:01[K    5% |#                               | 94kB 15.1MB/s eta 0:00:01[K    6% |#                               | 98kB 14.7MB/s eta 0:00:01[K    6% |##                              | 102kB 14.7MB/s eta 0:00:01[K    6% |##                              | 106kB 15.2MB/s eta 0:00:01[K    6% |##                              | 110kB 15.3MB/s eta 0:00:01[K    7% |##                              | 114kB 15.1MB/s eta 0:00:01[K    7% |##                              | 118kB 15.1MB/s eta 0:00:01[K    7% |##                              | 122kB 15.7MB/s eta 0:00:01[K    7% |##                              | 126kB 15.7MB/s eta 0:00:01[K    8% |##                              | 131kB 14.9MB/s eta 0:00:01[K    8% |##                              | 135kB 14.9MB/s eta 0:00:01[K    8% |##                              | 139kB 15.3MB/s eta 0:00:01[K    8% |##                              | 143kB 15.3MB/s eta 0:00:01[K    9% |##                              | 147kB 14.8MB/s eta 0:00:01[K    9% |##                              | 151kB 14.8MB/s eta 0:00:01[K    9% |###                             | 155kB 15.2MB/s eta 0:00:01[K    9% |###                             | 159kB 15.2MB/s eta 0:00:01[K    10% |###                             | 163kB 14.6MB/s eta 0:00:01[K    10% |###                             | 167kB 14.6MB/s eta 0:00:01[K    10% |###                             | 172kB 15.4MB/s eta 0:00:01[K    10% |###                             | 176kB 15.4MB/s eta 0:00:01[K    11% |###                             | 180kB 14.9MB/s eta 0:00:01[K    11% |###                             | 184kB 14.8MB/s eta 0:00:01[K    11% |###                             | 188kB 15.4MB/s eta 0:00:01[K    11% |###                             | 192kB 15.2MB/s eta 0:00:01[K    12% |###                             | 196kB 14.7MB/s eta 0:00:01[K    12% |###                             | 200kB 14.7MB/s eta 0:00:01[K    12% |####                            | 204kB 15.2MB/s eta 0:00:01[K    12% |####                            | 208kB 15.2MB/s eta 0:00:01[K    13% |####                            | 212kB 14.7MB/s eta 0:00:01[K    13% |####                            | 217kB 14.7MB/s eta 0:00:01[K    13% |####                            | 221kB 15.2MB/s eta 0:00:01[K    13% |####                            | 225kB 15.3MB/s eta 0:00:01[K    14% |####                            | 229kB 14.9MB/s eta 0:00:01[K    14% |####                            | 233kB 15.0MB/s eta 0:00:01[K    14% |####                            | 237kB 15.6MB/s eta 0:00:01[K    14% |####                            | 241kB 15.6MB/s eta 0:00:01[K    15% |####                            | 245kB 15.1MB/s eta 0:00:01[K    15% |####                            | 249kB 15.1MB/s eta 0:00:01[K    15% |####                            | 253kB 15.4MB/s eta 0:00:01[K    15% |#####                           | 258kB 15.4MB/s eta 0:00:01[K    16% |#####                           | 262kB 14.9MB/s eta 0:00:01[K    16% |#####                           | 266kB 14.9MB/s eta 0:00:01[K    16% |#####                           | 270kB 15.3MB/s eta 0:00:01[K    16% |#####                           | 274kB 15.3MB/s eta 0:00:01[K    17% |#####                           | 278kB 14.7MB/s eta 0:00:01[K    17% |#####                           | 282kB 14.8MB/s eta 0:00:01[K    17% |#####                           | 286kB 15.3MB/s eta 0:00:01[K    17% |#####                           | 290kB 15.3MB/s eta 0:00:01[K    18% |#####                           | 294kB 14.8MB/s eta 0:00:01[K    18% |#####                           | 299kB 14.8MB/s eta 0:00:01[K    18% |#####                           | 303kB 15.3MB/s eta 0:00:01[K    18% |######                          | 307kB 15.3MB/s eta 0:00:01[K    19% |######                          | 311kB 14.6MB/s eta 0:00:01[K    19% |######                          | 315kB 14.6MB/s eta 0:00:01[K    19% |######                          | 319kB 15.1MB/s eta 0:00:01[K    19% |######                          | 323kB 15.1MB/s eta 0:00:01[K    20% |######                          | 327kB 14.6MB/s eta 0:00:01[K    20% |######                          | 331kB 14.6MB/s eta 0:00:01[K    20% |######                          | 335kB 15.2MB/s eta 0:00:01[K    20% |######                          | 339kB 15.2MB/s eta 0:00:01[K    21% |######                          | 344kB 14.8MB/s eta 0:00:01[K    21% |######                          | 348kB 14.8MB/s eta 0:00:01[K    21% |######                          | 352kB 15.4MB/s eta 0:00:01[K    21% |#######                         | 356kB 15.5MB/s eta 0:00:01[K    22% |#######                         | 360kB 14.9MB/s eta 0:00:01[K    22% |#######                         | 364kB 14.9MB/s eta 0:00:01[K    22% |#######                         | 368kB 15.5MB/s eta 0:00:01[K    22% |#######                         | 372kB 15.3MB/s eta 0:00:01[K    23% |#######                         | 376kB 14.6MB/s eta 0:00:01[K    23% |#######                         | 380kB 14.6MB/s eta 0:00:01[K    23% |#######                         | 385kB 15.0MB/s eta 0:00:01[K    23% |#######                         | 389kB 15.0MB/s eta 0:00:01[K    24% |#######                         | 393kB 14.6MB/s eta 0:00:01[K    24% |#######                         | 397kB 14.6MB/s eta 0:00:01[K    24% |#######                         | 401kB 15.2MB/s eta 0:00:01[K    24% |#######                         | 405kB 15.2MB/s eta 0:00:01[K    25% |########                        | 409kB 14.6MB/s eta 0:00:01[K    25% |########                        | 413kB 14.7MB/s eta 0:00:01[K    25% |########                        | 417kB 15.4MB/s eta 0:00:01[K    25% |########                        | 421kB 15.4MB/s eta 0:00:01[K    26% |########                        | 425kB 14.9MB/s eta 0:00:01[K    26% |########                        | 430kB 14.9MB/s eta 0:00:01[K    26% |########                        | 434kB 15.3MB/s eta 0:00:01[K    26% |########                        | 438kB 15.3MB/s eta 0:00:01[K    27% |########                        | 442kB 14.7MB/s eta 0:00:01[K    27% |########                        | 446kB 14.7MB/s eta 0:00:01[K    27% |########                        | 450kB 15.2MB/s eta 0:00:01[K    27% |########                        | 454kB 15.3MB/s eta 0:00:01[K    28% |#########                       | 458kB 14.8MB/s eta 0:00:01[K    28% |#########                       | 462kB 14.7MB/s eta 0:00:01[K    28% |#########                       | 466kB 15.2MB/s eta 0:00:01[K    28% |#########                       | 471kB 15.2MB/s eta 0:00:01[K    29% |#########                       | 475kB 14.8MB/s eta 0:00:01[K    29% |#########                       | 479kB 14.8MB/s eta 0:00:01[K    29% |#########                       | 483kB 15.3MB/s eta 0:00:01[K    29% |#########                       | 487kB 15.3MB/s eta 0:00:01[K    30% |#########                       | 491kB 14.7MB/s eta 0:00:01[K    30% |#########                       | 495kB 14.6MB/s eta 0:00:01[K    30% |#########                       | 499kB 15.2MB/s eta 0:00:01[K    30% |#########                       | 503kB 15.2MB/s eta 0:00:01[K    31% |#########                       | 507kB 14.6MB/s eta 0:00:01[K    31% |##########                      | 512kB 14.6MB/s eta 0:00:01[K    31% |##########                      | 516kB 15.1MB/s eta 0:00:01[K    31% |##########                      | 520kB 15.1MB/s eta 0:00:01[K    32% |##########                      | 524kB 14.5MB/s eta 0:00:01[K    32% |##########                      | 528kB 14.5MB/s eta 0:00:01[K    32% |##########                      | 532kB 15.2MB/s eta 0:00:01[K    32% |##########                      | 536kB 15.2MB/s eta 0:00:01[K    33% |##########                      | 540kB 14.7MB/s eta 0:00:01[K    33% |##########                      | 544kB 14.7MB/s eta 0:00:01[K    33% |##########                      | 548kB 15.4MB/s eta 0:00:01[K    33% |##########                      | 552kB 15.2MB/s eta 0:00:01[K    34% |##########                      | 557kB 14.8MB/s eta 0:00:01[K    34% |###########                     | 561kB 14.8MB/s eta 0:00:01[K    34% |###########                     | 565kB 15.4MB/s eta 0:00:01[K    34% |###########                     | 569kB 15.4MB/s eta 0:00:01[K    35% |###########                     | 573kB 14.7MB/s eta 0:00:01[K    35% |###########                     | 577kB 14.7MB/s eta 0:00:01[K    35% |###########                     | 581kB 15.3MB/s eta 0:00:01[K    35% |###########                     | 585kB 15.3MB/s eta 0:00:01[K    36% |###########                     | 589kB 14.9MB/s eta 0:00:01[K    36% |###########                     | 593kB 15.1MB/s eta 0:00:01[K    36% |###########                     | 598kB 15.5MB/s eta 0:00:01[K    36% |###########                     | 602kB 15.5MB/s eta 0:00:01[K    37% |###########                     | 606kB 14.9MB/s eta 0:00:01[K    37% |###########                     | 610kB 14.8MB/s eta 0:00:01[K    37% |############                    | 614kB 15.3MB/s eta 0:00:01[K    37% |############                    | 618kB 15.3MB/s eta 0:00:01[K    38% |############                    | 622kB 14.9MB/s eta 0:00:01[K    38% |############                    | 626kB 14.9MB/s eta 0:00:01[K    38% |############                    | 630kB 15.3MB/s eta 0:00:01[K    38% |############                    | 634kB 15.3MB/s eta 0:00:01[K    39% |############                    | 638kB 14.6MB/s eta 0:00:01[K    39% |############                    | 643kB 14.6MB/s eta 0:00:01[K    39% |############                    | 647kB 15.2MB/s eta 0:00:01[K    39% |############                    | 651kB 15.2MB/s eta 0:00:01[K    40% |############                    | 655kB 15.0MB/s eta 0:00:01[K    40% |############                    | 659kB 15.0MB/s eta 0:00:01[K    40% |#############                   | 663kB 15.4MB/s eta 0:00:01[K    41% |#############                   | 667kB 15.4MB/s eta 0:00:01[K    41% |#############                   | 671kB 14.6MB/s eta 0:00:01[K    41% |#############                   | 675kB 14.6MB/s eta 0:00:01[K    41% |#############                   | 679kB 15.2MB/s eta 0:00:01[K    42% |#############                   | 684kB 15.2MB/s eta 0:00:01[K    42% |#############                   | 688kB 14.9MB/s eta 0:00:01[K    42% |#############                   | 692kB 14.9MB/s eta 0:00:01[K    42% |#############                   | 696kB 15.3MB/s eta 0:00:01[K    43% |#############                   | 700kB 15.3MB/s eta 0:00:01[K    43% |#############                   | 704kB 14.7MB/s eta 0:00:01[K    43% |#############                   | 708kB 14.7MB/s eta 0:00:01[K    43% |##############                  | 712kB 15.6MB/s eta 0:00:01[K    44% |##############                  | 716kB 15.6MB/s eta 0:00:01[K    44% |##############                  | 720kB 15.0MB/s eta 0:00:01[K    44% |##############                  | 724kB 14.9MB/s eta 0:00:01[K    44% |##############                  | 729kB 15.4MB/s eta 0:00:01[K    45% |##############                  | 733kB 15.2MB/s eta 0:00:01[K    45% |##############                  | 737kB 14.6MB/s eta 0:00:01[K    45% |##############                  | 741kB 14.6MB/s eta 0:00:01[K    45% |##############                  | 745kB 15.2MB/s eta 0:00:01[K    46% |##############                  | 749kB 15.2MB/s eta 0:00:01[K    46% |##############                  | 753kB 14.6MB/s eta 0:00:01[K    46% |##############                  | 757kB 14.6MB/s eta 0:00:01[K    46% |##############                  | 761kB 15.3MB/s eta 0:00:01[K    47% |###############                 | 765kB 15.3MB/s eta 0:00:01[K    47% |###############                 | 770kB 14.5MB/s eta 0:00:01[K    47% |###############                 | 774kB 14.7MB/s eta 0:00:01[K    47% |###############                 | 778kB 15.3MB/s eta 0:00:01[K    48% |###############                 | 782kB 15.3MB/s eta 0:00:01[K    48% |###############                 | 786kB 14.7MB/s eta 0:00:01[K    48% |###############                 | 790kB 14.7MB/s eta 0:00:01[K    48% |###############                 | 794kB 15.1MB/s eta 0:00:01[K    49% |###############                 | 798kB 15.1MB/s eta 0:00:01[K    49% |###############                 | 802kB 14.5MB/s eta 0:00:01[K    49% |###############                 | 806kB 11.6MB/s eta 0:00:01[K    49% |###############                 | 811kB 12.1MB/s eta 0:00:01[K    50% |################                | 815kB 12.1MB/s eta 0:00:01[K    50% |################                | 819kB 11.7MB/s eta 0:00:01[K    50% |################                | 823kB 11.7MB/s eta 0:00:01[K    50% |################                | 827kB 12.0MB/s eta 0:00:01[K    51% |################                | 831kB 12.0MB/s eta 0:00:01[K    51% |################                | 835kB 11.8MB/s eta 0:00:01[K    51% |################                | 839kB 11.8MB/s eta 0:00:01[K    51% |################                | 843kB 12.1MB/s eta 0:00:01[K    52% |################                | 847kB 15.2MB/s eta 0:00:01[K    52% |################                | 851kB 14.5MB/s eta 0:00:01[K    52% |################                | 856kB 14.5MB/s eta 0:00:01[K    52% |################                | 860kB 15.1MB/s eta 0:00:01[K    53% |################                | 864kB 15.1MB/s eta 0:00:01[K    53% |#################               | 868kB 14.6MB/s eta 0:00:01[K    53% |#################               | 872kB 14.6MB/s eta 0:00:01[K    53% |#################               | 876kB 15.2MB/s eta 0:00:01[K    54% |#################               | 880kB 15.2MB/s eta 0:00:01[K    54% |#################               | 884kB 14.8MB/s eta 0:00:01[K    54% |#################               | 888kB 14.8MB/s eta 0:00:01[K    54% |#################               | 892kB 15.5MB/s eta 0:00:01[K    55% |#################               | 897kB 15.5MB/s eta 0:00:01[K    55% |#################               | 901kB 14.7MB/s eta 0:00:01[K    55% |#################               | 905kB 14.7MB/s eta 0:00:01[K    55% |#################               | 909kB 15.1MB/s eta 0:00:01[K    56% |#################               | 913kB 15.1MB/s eta 0:00:01[K    56% |##################              | 917kB 14.5MB/s eta 0:00:01[K    56% |##################              | 921kB 14.5MB/s eta 0:00:01[K    56% |##################              | 925kB 15.0MB/s eta 0:00:01[K    57% |##################              | 929kB 15.0MB/s eta 0:00:01[K    57% |##################              | 933kB 14.5MB/s eta 0:00:01[K    57% |##################              | 937kB 14.5MB/s eta 0:00:01[K    57% |##################              | 942kB 15.3MB/s eta 0:00:01[K    58% |##################              | 946kB 15.3MB/s eta 0:00:01[K    58% |##################              | 950kB 14.9MB/s eta 0:00:01[K    58% |##################              | 954kB 14.9MB/s eta 0:00:01[K    58% |##################              | 958kB 15.5MB/s eta 0:00:01[K    59% |##################              | 962kB 15.2MB/s eta 0:00:01[K    59% |##################              | 966kB 14.6MB/s eta 0:00:01[K    59% |###################             | 970kB 14.6MB/s eta 0:00:01[K    59% |###################             | 974kB 15.1MB/s eta 0:00:01[K    60% |###################             | 978kB 15.1MB/s eta 0:00:01[K    60% |###################             | 983kB 14.6MB/s eta 0:00:01[K    60% |###################             | 987kB 14.6MB/s eta 0:00:01[K    60% |###################             | 991kB 15.0MB/s eta 0:00:01[K    61% |###################             | 995kB 15.0MB/s eta 0:00:01[K    61% |###################             | 999kB 14.5MB/s eta 0:00:01[K    61% |###################             | 1.0MB 14.7MB/s eta 0:00:01[K    61% |###################             | 1.0MB 15.4MB/s eta 0:00:01[K    62% |###################             | 1.0MB 15.4MB/s eta 0:00:01[K    62% |###################             | 1.0MB 14.7MB/s eta 0:00:01[K    62% |####################            | 1.0MB 14.6MB/s eta 0:00:01[K    62% |####################            | 1.0MB 15.1MB/s eta 0:00:01[K    63% |####################            | 1.0MB 15.0MB/s eta 0:00:01[K    63% |####################            | 1.0MB 14.5MB/s eta 0:00:01[K    63% |####################            | 1.0MB 14.5MB/s eta 0:00:01[K    63% |####################            | 1.0MB 15.0MB/s eta 0:00:01[K    64% |####################            | 1.0MB 15.0MB/s eta 0:00:01[K    64% |####################            | 1.0MB 14.5MB/s eta 0:00:01[K    64% |####################            | 1.1MB 14.5MB/s eta 0:00:01[K    64% |####################            | 1.1MB 15.1MB/s eta 0:00:01[K    65% |####################            | 1.1MB 15.2MB/s eta 0:00:01[K    65% |####################            | 1.1MB 14.6MB/s eta 0:00:01[K    65% |#####################           | 1.1MB 14.6MB/s eta 0:00:01[K    65% |#####################           | 1.1MB 15.2MB/s eta 0:00:01[K    66% |#####################           | 1.1MB 15.2MB/s eta 0:00:01[K    66% |#####################           | 1.1MB 14.4MB/s eta 0:00:01[K    66% |#####################           | 1.1MB 14.3MB/s eta 0:00:01[K    66% |#####################           | 1.1MB 14.8MB/s eta 0:00:01[K    67% |#####################           | 1.1MB 14.8MB/s eta 0:00:01[K    67% |#####################           | 1.1MB 14.3MB/s eta 0:00:01[K    67% |#####################           | 1.1MB 14.3MB/s eta 0:00:01[K    67% |#####################           | 1.1MB 14.9MB/s eta 0:00:01[K    68% |#####################           | 1.1MB 14.9MB/s eta 0:00:01[K    68% |#####################           | 1.1MB 14.3MB/s eta 0:00:01[K    68% |#####################           | 1.1MB 14.3MB/s eta 0:00:01[K    68% |######################          | 1.1MB 15.1MB/s eta 0:00:01[K    69% |######################          | 1.1MB 15.1MB/s eta 0:00:01[K    69% |######################          | 1.1MB 14.7MB/s eta 0:00:01[K    69% |######################          | 1.1MB 14.7MB/s eta 0:00:01[K    69% |######################          | 1.1MB 15.1MB/s eta 0:00:01[K    70% |######################          | 1.1MB 15.1MB/s eta 0:00:01[K    70% |######################          | 1.1MB 14.4MB/s eta 0:00:01[K    70% |######################          | 1.2MB 14.4MB/s eta 0:00:01[K    70% |######################          | 1.2MB 15.0MB/s eta 0:00:01[K    71% |######################          | 1.2MB 15.0MB/s eta 0:00:01[K    71% |######################          | 1.2MB 14.4MB/s eta 0:00:01[K    71% |######################          | 1.2MB 14.4MB/s eta 0:00:01[K    71% |#######################         | 1.2MB 14.8MB/s eta 0:00:01[K    72% |#######################         | 1.2MB 14.8MB/s eta 0:00:01[K    72% |#######################         | 1.2MB 14.4MB/s eta 0:00:01[K    72% |#######################         | 1.2MB 14.5MB/s eta 0:00:01[K    72% |#######################         | 1.2MB 15.1MB/s eta 0:00:01[K    73% |#######################         | 1.2MB 15.1MB/s eta 0:00:01[K    73% |#######################         | 1.2MB 14.4MB/s eta 0:00:01[K    73% |#######################         | 1.2MB 14.4MB/s eta 0:00:01[K    73% |#######################         | 1.2MB 15.0MB/s eta 0:00:01[K    74% |#######################         | 1.2MB 15.0MB/s eta 0:00:01[K    74% |#######################         | 1.2MB 14.4MB/s eta 0:00:01[K    74% |#######################         | 1.2MB 14.4MB/s eta 0:00:01[K    74% |#######################         | 1.2MB 14.9MB/s eta 0:00:01[K    75% |########################        | 1.2MB 15.0MB/s eta 0:00:01[K    75% |########################        | 1.2MB 14.4MB/s eta 0:00:01[K    75% |########################        | 1.2MB 14.4MB/s eta 0:00:01[K    75% |########################        | 1.2MB 15.1MB/s eta 0:00:01[K    76% |########################        | 1.2MB 15.1MB/s eta 0:00:01[K    76% |########################        | 1.2MB 14.6MB/s eta 0:00:01[K    76% |########################        | 1.2MB 14.6MB/s eta 0:00:01[K    76% |########################        | 1.3MB 15.2MB/s eta 0:00:01[K    77% |########################        | 1.3MB 15.0MB/s eta 0:00:01[K    77% |########################        | 1.3MB 14.4MB/s eta 0:00:01[K    77% |########################        | 1.3MB 14.4MB/s eta 0:00:01[K    77% |########################        | 1.3MB 15.0MB/s eta 0:00:01[K    78% |#########################       | 1.3MB 15.0MB/s eta 0:00:01[K    78% |#########################       | 1.3MB 14.4MB/s eta 0:00:01[K    78% |#########################       | 1.3MB 14.4MB/s eta 0:00:01[K    78% |#########################       | 1.3MB 15.0MB/s eta 0:00:01[K    79% |#########################       | 1.3MB 15.0MB/s eta 0:00:01[K    79% |#########################       | 1.3MB 14.5MB/s eta 0:00:01[K    79% |#########################       | 1.3MB 14.6MB/s eta 0:00:01[K    79% |#########################       | 1.3MB 15.3MB/s eta 0:00:01[K    80% |#########################       | 1.3MB 15.2MB/s eta 0:00:01[K    80% |#########################       | 1.3MB 14.6MB/s eta 0:00:01[K    80% |#########################       | 1.3MB 14.4MB/s eta 0:00:01[K    80% |#########################       | 1.3MB 14.9MB/s eta 0:00:01[K    81% |#########################       | 1.3MB 14.9MB/s eta 0:00:01[K    81% |##########################      | 1.3MB 14.6MB/s eta 0:00:01[K    81% |##########################      | 1.3MB 14.6MB/s eta 0:00:01[K    82% |##########################      | 1.3MB 15.1MB/s eta 0:00:01[K    82% |##########################      | 1.3MB 15.1MB/s eta 0:00:01[K    82% |##########################      | 1.3MB 14.7MB/s eta 0:00:01[K    82% |##########################      | 1.3MB 14.7MB/s eta 0:00:01[K    83% |##########################      | 1.4MB 15.4MB/s eta 0:00:01[K    83% |##########################      | 1.4MB 15.6MB/s eta 0:00:01[K    83% |##########################      | 1.4MB 15.0MB/s eta 0:00:01[K    83% |##########################      | 1.4MB 15.1MB/s eta 0:00:01[K    84% |##########################      | 1.4MB 15.5MB/s eta 0:00:01[K    84% |##########################      | 1.4MB 15.4MB/s eta 0:00:01[K    84% |###########################     | 1.4MB 14.8MB/s eta 0:00:01[K    84% |###########################     | 1.4MB 14.8MB/s eta 0:00:01[K    85% |###########################     | 1.4MB 15.2MB/s eta 0:00:01[K    85% |###########################     | 1.4MB 15.2MB/s eta 0:00:01[K    85% |###########################     | 1.4MB 14.8MB/s eta 0:00:01[K    85% |###########################     | 1.4MB 14.8MB/s eta 0:00:01[K    86% |###########################     | 1.4MB 15.3MB/s eta 0:00:01[K    86% |###########################     | 1.4MB 15.3MB/s eta 0:00:01[K    86% |###########################     | 1.4MB 14.9MB/s eta 0:00:01[K    86% |###########################     | 1.4MB 14.9MB/s eta 0:00:01[K    87% |###########################     | 1.4MB 15.6MB/s eta 0:00:01[K    87% |###########################     | 1.4MB 15.6MB/s eta 0:00:01[K    87% |############################    | 1.4MB 15.1MB/s eta 0:00:01[K    87% |############################    | 1.4MB 15.1MB/s eta 0:00:01[K    88% |############################    | 1.4MB 15.6MB/s eta 0:00:01[K    88% |############################    | 1.4MB 15.4MB/s eta 0:00:01[K    88% |############################    | 1.4MB 15.0MB/s eta 0:00:01[K    88% |############################    | 1.4MB 14.9MB/s eta 0:00:01[K    89% |############################    | 1.4MB 15.4MB/s eta 0:00:01[K    89% |############################    | 1.5MB 15.4MB/s eta 0:00:01[K    89% |############################    | 1.5MB 14.8MB/s eta 0:00:01[K    89% |############################    | 1.5MB 14.8MB/s eta 0:00:01[K    90% |############################    | 1.5MB 15.2MB/s eta 0:00:01[K    90% |############################    | 1.5MB 15.2MB/s eta 0:00:01[K    90% |############################    | 1.5MB 14.8MB/s eta 0:00:01[K    90% |#############################   | 1.5MB 15.0MB/s eta 0:00:01[K    91% |#############################   | 1.5MB 15.4MB/s eta 0:00:01[K    91% |#############################   | 1.5MB 15.5MB/s eta 0:00:01[K    91% |#############################   | 1.5MB 15.0MB/s eta 0:00:01[K    91% |#############################   | 1.5MB 15.0MB/s eta 0:00:01[K    92% |#############################   | 1.5MB 15.4MB/s eta 0:00:01[K    92% |#############################   | 1.5MB 15.4MB/s eta 0:00:01[K    92% |#############################   | 1.5MB 14.9MB/s eta 0:00:01[K    92% |#############################   | 1.5MB 14.9MB/s eta 0:00:01[K    93% |#############################   | 1.5MB 15.3MB/s eta 0:00:01[K    93% |#############################   | 1.5MB 15.3MB/s eta 0:00:01[K    93% |#############################   | 1.5MB 14.9MB/s eta 0:00:01[K    93% |##############################  | 1.5MB 14.9MB/s eta 0:00:01[K    94% |##############################  | 1.5MB 15.3MB/s eta 0:00:01[K    94% |##############################  | 1.5MB 15.4MB/s eta 0:00:01[K    94% |##############################  | 1.5MB 15.1MB/s eta 0:00:01[K    94% |##############################  | 1.5MB 15.1MB/s eta 0:00:01[K    95% |##############################  | 1.5MB 15.6MB/s eta 0:00:01[K    95% |##############################  | 1.6MB 15.6MB/s eta 0:00:01[K    95% |##############################  | 1.6MB 15.2MB/s eta 0:00:01[K    95% |##############################  | 1.6MB 15.0MB/s eta 0:00:01[K    96% |##############################  | 1.6MB 15.4MB/s eta 0:00:01[K    96% |##############################  | 1.6MB 15.4MB/s eta 0:00:01[K    96% |##############################  | 1.6MB 15.0MB/s eta 0:00:01[K    96% |##############################  | 1.6MB 15.0MB/s eta 0:00:01[K    97% |############################### | 1.6MB 15.4MB/s eta 0:00:01[K    97% |############################### | 1.6MB 15.4MB/s eta 0:00:01[K    97% |############################### | 1.6MB 15.0MB/s eta 0:00:01[K    97% |############################### | 1.6MB 14.9MB/s eta 0:00:01[K    98% |############################### | 1.6MB 15.4MB/s eta 0:00:01[K    98% |############################### | 1.6MB 15.6MB/s eta 0:00:01[K    98% |############################### | 1.6MB 15.1MB/s eta 0:00:01[K    98% |############################### | 1.6MB 15.2MB/s eta 0:00:01[K    99% |############################### | 1.6MB 15.6MB/s eta 0:00:01[K    99% |############################### | 1.6MB 15.6MB/s eta 0:00:01[K    99% |############################### | 1.6MB 15.2MB/s eta 0:00:01[K    99% |############################### | 1.6MB 15.2MB/s eta 0:00:01[K    100% |################################| 1.6MB 361kB/s 
[?25h    Unable to find pgen, not compiling formal grammar.
Installing collected packages: cython
  Running setup.py install for cython
    Unable to find pgen, not compiling formal grammar.
    cythoning /tmp/pip-build-hca1vgx2/cython/Cython/Plex/Scanners.py to /tmp/pip-build-hca1vgx2/cython/Cython/Plex/Scanners.c
    building 'Cython.Plex.Scanners' extension
    gcc -pthread -Wno-unused-result -DNDEBUG -g -fwrapv -O3 -Wall -Wstrict-prototypes -g -fstack-protector --param=ssp-buffer-size=4 -Wformat -Werror=format-security -fPIC -I/opt/python/3.4.2/include/python3.4m -c /tmp/pip-build-hca1vgx2/cython/Cython/Plex/Scanners.c -o build/temp.linux-x86_64-3.4/tmp/pip-build-hca1vgx2/cython/Cython/Plex/Scanners.o
    gcc -pthread -shared -L/opt/python/3.4.2/lib -Wl,-rpath=/opt/python/3.4.2/lib build/temp.linux-x86_64-3.4/tmp/pip-build-hca1vgx2/cython/Cython/Plex/Scanners.o -L/opt/python/3.4.2/lib -lpython3.4m -o build/lib.linux-x86_64-3.4/Cython/Plex/Scanners.cpython-34m.so
    cythoning /tmp/pip-build-hca1vgx2/cython/Cython/Plex/Actions.py to /tmp/pip-build-hca1vgx2/cython/Cython/Plex/Actions.c
    building 'Cython.Plex.Actions' extension
    gcc -pthread -Wno-unused-result -DNDEBUG -g -fwrapv -O3 -Wall -Wstrict-prototypes -g -fstack-protector --param=ssp-buffer-size=4 -Wformat -Werror=format-security -fPIC -I/opt/python/3.4.2/include/python3.4m -c /tmp/pip-build-hca1vgx2/cython/Cython/Plex/Actions.c -o build/temp.linux-x86_64-3.4/tmp/pip-build-hca1vgx2/cython/Cython/Plex/Actions.o
    gcc -pthread -shared -L/opt/python/3.4.2/lib -Wl,-rpath=/opt/python/3.4.2/lib build/temp.linux-x86_64-3.4/tmp/pip-build-hca1vgx2/cython/Cython/Plex/Actions.o -L/opt/python/3.4.2/lib -lpython3.4m -o build/lib.linux-x86_64-3.4/Cython/Plex/Actions.cpython-34m.so
    cythoning /tmp/pip-build-hca1vgx2/cython/Cython/Compiler/Lexicon.py to /tmp/pip-build-hca1vgx2/cython/Cython/Compiler/Lexicon.c
    building 'Cython.Compiler.Lexicon' extension
    gcc -pthread -Wno-unused-result -DNDEBUG -g -fwrapv -O3 -Wall -Wstrict-prototypes -g -fstack-protector --param=ssp-buffer-size=4 -Wformat -Werror=format-security -fPIC -I/opt/python/3.4.2/include/python3.4m -c /tmp/pip-build-hca1vgx2/cython/Cython/Compiler/Lexicon.c -o build/temp.linux-x86_64-3.4/tmp/pip-build-hca1vgx2/cython/Cython/Compiler/Lexicon.o
    gcc -pthread -shared -L/opt/python/3.4.2/lib -Wl,-rpath=/opt/python/3.4.2/lib build/temp.linux-x86_64-3.4/tmp/pip-build-hca1vgx2/cython/Cython/Compiler/Lexicon.o -L/opt/python/3.4.2/lib -lpython3.4m -o build/lib.linux-x86_64-3.4/Cython/Compiler/Lexicon.cpython-34m.so
    cythoning /tmp/pip-build-hca1vgx2/cython/Cython/Compiler/Scanning.py to /tmp/pip-build-hca1vgx2/cython/Cython/Compiler/Scanning.c
    building 'Cython.Compiler.Scanning' extension
    gcc -pthread -Wno-unused-result -DNDEBUG -g -fwrapv -O3 -Wall -Wstrict-prototypes -g -fstack-protector --param=ssp-buffer-size=4 -Wformat -Werror=format-security -fPIC -I/opt/python/3.4.2/include/python3.4m -c /tmp/pip-build-hca1vgx2/cython/Cython/Compiler/Scanning.c -o build/temp.linux-x86_64-3.4/tmp/pip-build-hca1vgx2/cython/Cython/Compiler/Scanning.o
    gcc -pthread -shared -L/opt/python/3.4.2/lib -Wl,-rpath=/opt/python/3.4.2/lib build/temp.linux-x86_64-3.4/tmp/pip-build-hca1vgx2/cython/Cython/Compiler/Scanning.o -L/opt/python/3.4.2/lib -lpython3.4m -o build/lib.linux-x86_64-3.4/Cython/Compiler/Scanning.cpython-34m.so
    cythoning /tmp/pip-build-hca1vgx2/cython/Cython/Compiler/Parsing.py to /tmp/pip-build-hca1vgx2/cython/Cython/Compiler/Parsing.c
    building 'Cython.Compiler.Parsing' extension
    gcc -pthread -Wno-unused-result -DNDEBUG -g -fwrapv -O3 -Wall -Wstrict-prototypes -g -fstack-protector --param=ssp-buffer-size=4 -Wformat -Werror=format-security -fPIC -I/opt/python/3.4.2/include/python3.4m -c /tmp/pip-build-hca1vgx2/cython/Cython/Compiler/Parsing.c -o build/temp.linux-x86_64-3.4/tmp/pip-build-hca1vgx2/cython/Cython/Compiler/Parsing.o
    gcc -pthread -shared -L/opt/python/3.4.2/lib -Wl,-rpath=/opt/python/3.4.2/lib build/temp.linux-x86_64-3.4/tmp/pip-build-hca1vgx2/cython/Cython/Compiler/Parsing.o -L/opt/python/3.4.2/lib -lpython3.4m -o build/lib.linux-x86_64-3.4/Cython/Compiler/Parsing.cpython-34m.so
    cythoning /tmp/pip-build-hca1vgx2/cython/Cython/Compiler/Visitor.py to /tmp/pip-build-hca1vgx2/cython/Cython/Compiler/Visitor.c
    building 'Cython.Compiler.Visitor' extension
    gcc -pthread -Wno-unused-result -DNDEBUG -g -fwrapv -O3 -Wall -Wstrict-prototypes -g -fstack-protector --param=ssp-buffer-size=4 -Wformat -Werror=format-security -fPIC -I/opt/python/3.4.2/include/python3.4m -c /tmp/pip-build-hca1vgx2/cython/Cython/Compiler/Visitor.c -o build/temp.linux-x86_64-3.4/tmp/pip-build-hca1vgx2/cython/Cython/Compiler/Visitor.o
    gcc -pthread -shared -L/opt/python/3.4.2/lib -Wl,-rpath=/opt/python/3.4.2/lib build/temp.linux-x86_64-3.4/tmp/pip-build-hca1vgx2/cython/Cython/Compiler/Visitor.o -L/opt/python/3.4.2/lib -lpython3.4m -o build/lib.linux-x86_64-3.4/Cython/Compiler/Visitor.cpython-34m.so
    cythoning /tmp/pip-build-hca1vgx2/cython/Cython/Compiler/FlowControl.py to /tmp/pip-build-hca1vgx2/cython/Cython/Compiler/FlowControl.c
    building 'Cython.Compiler.FlowControl' extension
    gcc -pthread -Wno-unused-result -DNDEBUG -g -fwrapv -O3 -Wall -Wstrict-prototypes -g -fstack-protector --param=ssp-buffer-size=4 -Wformat -Werror=format-security -fPIC -I/opt/python/3.4.2/include/python3.4m -c /tmp/pip-build-hca1vgx2/cython/Cython/Compiler/FlowControl.c -o build/temp.linux-x86_64-3.4/tmp/pip-build-hca1vgx2/cython/Cython/Compiler/FlowControl.o
    gcc -pthread -shared -L/opt/python/3.4.2/lib -Wl,-rpath=/opt/python/3.4.2/lib build/temp.linux-x86_64-3.4/tmp/pip-build-hca1vgx2/cython/Cython/Compiler/FlowControl.o -L/opt/python/3.4.2/lib -lpython3.4m -o build/lib.linux-x86_64-3.4/Cython/Compiler/FlowControl.cpython-34m.so
    cythoning /tmp/pip-build-hca1vgx2/cython/Cython/Compiler/Code.py to /tmp/pip-build-hca1vgx2/cython/Cython/Compiler/Code.c
    building 'Cython.Compiler.Code' extension
    gcc -pthread -Wno-unused-result -DNDEBUG -g -fwrapv -O3 -Wall -Wstrict-prototypes -g -fstack-protector --param=ssp-buffer-size=4 -Wformat -Werror=format-security -fPIC -I/opt/python/3.4.2/include/python3.4m -c /tmp/pip-build-hca1vgx2/cython/Cython/Compiler/Code.c -o build/temp.linux-x86_64-3.4/tmp/pip-build-hca1vgx2/cython/Cython/Compiler/Code.o
    gcc -pthread -shared -L/opt/python/3.4.2/lib -Wl,-rpath=/opt/python/3.4.2/lib build/temp.linux-x86_64-3.4/tmp/pip-build-hca1vgx2/cython/Cython/Compiler/Code.o -L/opt/python/3.4.2/lib -lpython3.4m -o build/lib.linux-x86_64-3.4/Cython/Compiler/Code.cpython-34m.so
    cythoning /tmp/pip-build-hca1vgx2/cython/Cython/Runtime/refnanny.pyx to /tmp/pip-build-hca1vgx2/cython/Cython/Runtime/refnanny.c
    building 'Cython.Runtime.refnanny' extension
    gcc -pthread -Wno-unused-result -DNDEBUG -g -fwrapv -O3 -Wall -Wstrict-prototypes -g -fstack-protector --param=ssp-buffer-size=4 -Wformat -Werror=format-security -fPIC -I/opt/python/3.4.2/include/python3.4m -c /tmp/pip-build-hca1vgx2/cython/Cython/Runtime/refnanny.c -o build/temp.linux-x86_64-3.4/tmp/pip-build-hca1vgx2/cython/Cython/Runtime/refnanny.o
    gcc -pthread -shared -L/opt/python/3.4.2/lib -Wl,-rpath=/opt/python/3.4.2/lib build/temp.linux-x86_64-3.4/tmp/pip-build-hca1vgx2/cython/Cython/Runtime/refnanny.o -L/opt/python/3.4.2/lib -lpython3.4m -o build/lib.linux-x86_64-3.4/Cython/Runtime/refnanny.cpython-34m.so
    cythoning /tmp/pip-build-hca1vgx2/cython/Cython/Tempita/_tempita.py to /tmp/pip-build-hca1vgx2/cython/Cython/Tempita/_tempita.c
    building 'Cython.Tempita._tempita' extension
    gcc -pthread -Wno-unused-result -DNDEBUG -g -fwrapv -O3 -Wall -Wstrict-prototypes -g -fstack-protector --param=ssp-buffer-size=4 -Wformat -Werror=format-security -fPIC -I/opt/python/3.4.2/include/python3.4m -c /tmp/pip-build-hca1vgx2/cython/Cython/Tempita/_tempita.c -o build/temp.linux-x86_64-3.4/tmp/pip-build-hca1vgx2/cython/Cython/Tempita/_tempita.o
    gcc -pthread -shared -L/opt/python/3.4.2/lib -Wl,-rpath=/opt/python/3.4.2/lib build/temp.linux-x86_64-3.4/tmp/pip-build-hca1vgx2/cython/Cython/Tempita/_tempita.o -L/opt/python/3.4.2/lib -lpython3.4m -o build/lib.linux-x86_64-3.4/Cython/Tempita/_tempita.cpython-34m.so
    Installing cygdb script to /home/travis/virtualenv/python3.4.2/bin
    Installing cythonize script to /home/travis/virtualenv/python3.4.2/bin
    Installing cython script to /home/travis/virtualenv/python3.4.2/bin
Successfully installed cython-0.23.4
travis_time:end:16f6177e:start=1450906872718109576,finish=1450906981698079790,duration=108979970214[0Ktravis_fold:end:before_install[0Ktravis_fold:start:install.1[0Ktravis_time:start:12d12e4e[0K$ python setup.py build
cython version 0.23.4 found ...
reading from setup.cfg...
using nc-config ...
using netcdf library version b'4.1.1'
using Cython to compile netCDF4.pyx...
netcdf lib does not have group rename capability
netcdf lib does not have nc_inq_path function
netcdf lib does not have nc_inq_format_extended function
netcdf lib does not have cdf-5 format capability
Compiling netCDF4/_netCDF4.pyx because it changed.
Compiling netcdftime/_datetime.pyx because it depends on /home/travis/virtualenv/python3.4.2/lib/python3.4/site-packages/Cython/Includes/libc/string.pxd.
[1/2] Cythonizing netCDF4/_netCDF4.pyx
[2/2] Cythonizing netcdftime/_datetime.pyx
running build
running build_py
creating build
creating build/lib.linux-x86_64-3.4
creating build/lib.linux-x86_64-3.4/netcdftime
copying netcdftime/__init__.py -> build/lib.linux-x86_64-3.4/netcdftime
copying netcdftime/netcdftime.py -> build/lib.linux-x86_64-3.4/netcdftime
creating build/lib.linux-x86_64-3.4/netCDF4
copying netCDF4/__init__.py -> build/lib.linux-x86_64-3.4/netCDF4
copying netCDF4/utils.py -> build/lib.linux-x86_64-3.4/netCDF4
running build_ext
building 'netCDF4._netCDF4' extension
creating build/temp.linux-x86_64-3.4
creating build/temp.linux-x86_64-3.4/netCDF4
gcc -pthread -Wno-unused-result -DNDEBUG -g -fwrapv -O3 -Wall -Wstrict-prototypes -g -fstack-protector --param=ssp-buffer-size=4 -Wformat -Werror=format-security -fPIC -I/usr/include -I/home/travis/virtualenv/python3.4.2/lib/python3.4/site-packages/numpy/core/include -I/opt/python/3.4.2/include/python3.4m -c netCDF4/_netCDF4.c -o build/temp.linux-x86_64-3.4/netCDF4/_netCDF4.o
In file included from /home/travis/virtualenv/python3.4.2/lib/python3.4/site-packages/numpy/core/include/numpy/ndarraytypes.h:1804:0,
                 from /home/travis/virtualenv/python3.4.2/lib/python3.4/site-packages/numpy/core/include/numpy/ndarrayobject.h:17,
                 from /home/travis/virtualenv/python3.4.2/lib/python3.4/site-packages/numpy/core/include/numpy/arrayobject.h:4,
                 from netCDF4/_netCDF4.c:270:
/home/travis/virtualenv/python3.4.2/lib/python3.4/site-packages/numpy/core/include/numpy/npy_1_7_deprecated_api.h:15:2: warning: #warning "Using deprecated NumPy API, disable it by " "#defining NPY_NO_DEPRECATED_API NPY_1_7_API_VERSION" [-Wcpp]
netCDF4/_netCDF4.c: In function ‘__pyx_f_7netCDF4_8_netCDF4__set_att’:
netCDF4/_netCDF4.c:6152:7: warning: passing argument 5 of ‘nc_put_att_string’ from incompatible pointer type [enabled by default]
/usr/include/netcdf.h:956:1: note: expected ‘const char **’ but argument is of type ‘char **’
netCDF4/_netCDF4.c: In function ‘__pyx_pw_7netCDF4_8_netCDF4_8Variable_1__init__’:
netCDF4/_netCDF4.c:27198:20: warning: ‘__pyx_v_dimids’ may be used uninitialized in this function [-Wuninitialized]
netCDF4/_netCDF4.c:25798:8: note: ‘__pyx_v_dimids’ was declared here
netCDF4/_netCDF4.c: In function ‘__pyx_f_7netCDF4_8_netCDF4__get_types’:
netCDF4/_netCDF4.c:6853:21: warning: ‘__pyx_v_typeids’ may be used uninitialized in this function [-Wuninitialized]
gcc -pthread -shared -L/opt/python/3.4.2/lib -Wl,-rpath=/opt/python/3.4.2/lib build/temp.linux-x86_64-3.4/netCDF4/_netCDF4.o -L/usr/lib -L/opt/python/3.4.2/lib -Wl,--enable-new-dtags,-R/usr/lib -lnetcdf -lpython3.4m -o build/lib.linux-x86_64-3.4/netCDF4/_netCDF4.cpython-34m.so
building 'netcdftime._datetime' extension
creating build/temp.linux-x86_64-3.4/netcdftime
gcc -pthread -Wno-unused-result -DNDEBUG -g -fwrapv -O3 -Wall -Wstrict-prototypes -g -fstack-protector --param=ssp-buffer-size=4 -Wformat -Werror=format-security -fPIC -I/opt/python/3.4.2/include/python3.4m -c netcdftime/_datetime.c -o build/temp.linux-x86_64-3.4/netcdftime/_datetime.o
gcc -pthread -shared -L/opt/python/3.4.2/lib -Wl,-rpath=/opt/python/3.4.2/lib build/temp.linux-x86_64-3.4/netcdftime/_datetime.o -L/opt/python/3.4.2/lib -lpython3.4m -o build/lib.linux-x86_64-3.4/netcdftime/_datetime.cpython-34m.so
travis_time:end:12d12e4e:start=1450906981703034577,finish=1450907017637539105,duration=35934504528[0Ktravis_fold:end:install.1[0Ktravis_fold:start:install.2[0Ktravis_time:start:0d18dee3[0K$ python setup.py install
cython version 0.23.4 found ...
reading from setup.cfg...
using nc-config ...
using netcdf library version b'4.1.1'
using Cython to compile netCDF4.pyx...
netcdf lib does not have group rename capability
netcdf lib does not have nc_inq_path function
netcdf lib does not have nc_inq_format_extended function
netcdf lib does not have cdf-5 format capability
Compiling netCDF4/_netCDF4.pyx because it changed.
[1/1] Cythonizing netCDF4/_netCDF4.pyx
running install
running bdist_egg
running egg_info
creating netCDF4.egg-info
writing requirements to netCDF4.egg-info/requires.txt
writing dependency_links to netCDF4.egg-info/dependency_links.txt
writing entry points to netCDF4.egg-info/entry_points.txt
writing top-level names to netCDF4.egg-info/top_level.txt
writing netCDF4.egg-info/PKG-INFO
writing manifest file 'netCDF4.egg-info/SOURCES.txt'
reading manifest file 'netCDF4.egg-info/SOURCES.txt'
reading manifest template 'MANIFEST.in'
writing manifest file 'netCDF4.egg-info/SOURCES.txt'
installing library code to build/bdist.linux-x86_64/egg
running install_lib
running build_py
running build_ext
building 'netCDF4._netCDF4' extension
gcc -pthread -Wno-unused-result -DNDEBUG -g -fwrapv -O3 -Wall -Wstrict-prototypes -g -fstack-protector --param=ssp-buffer-size=4 -Wformat -Werror=format-security -fPIC -I/usr/include -I/home/travis/virtualenv/python3.4.2/lib/python3.4/site-packages/numpy/core/include -I/opt/python/3.4.2/include/python3.4m -c netCDF4/_netCDF4.c -o build/temp.linux-x86_64-3.4/netCDF4/_netCDF4.o
In file included from /home/travis/virtualenv/python3.4.2/lib/python3.4/site-packages/numpy/core/include/numpy/ndarraytypes.h:1804:0,
                 from /home/travis/virtualenv/python3.4.2/lib/python3.4/site-packages/numpy/core/include/numpy/ndarrayobject.h:17,
                 from /home/travis/virtualenv/python3.4.2/lib/python3.4/site-packages/numpy/core/include/numpy/arrayobject.h:4,
                 from netCDF4/_netCDF4.c:270:
/home/travis/virtualenv/python3.4.2/lib/python3.4/site-packages/numpy/core/include/numpy/npy_1_7_deprecated_api.h:15:2: warning: #warning "Using deprecated NumPy API, disable it by " "#defining NPY_NO_DEPRECATED_API NPY_1_7_API_VERSION" [-Wcpp]
netCDF4/_netCDF4.c: In function ‘__pyx_f_7netCDF4_8_netCDF4__set_att’:
netCDF4/_netCDF4.c:6152:7: warning: passing argument 5 of ‘nc_put_att_string’ from incompatible pointer type [enabled by default]
/usr/include/netcdf.h:956:1: note: expected ‘const char **’ but argument is of type ‘char **’
netCDF4/_netCDF4.c: In function ‘__pyx_pw_7netCDF4_8_netCDF4_8Variable_1__init__’:
netCDF4/_netCDF4.c:27198:20: warning: ‘__pyx_v_dimids’ may be used uninitialized in this function [-Wuninitialized]
netCDF4/_netCDF4.c:25798:8: note: ‘__pyx_v_dimids’ was declared here
netCDF4/_netCDF4.c: In function ‘__pyx_f_7netCDF4_8_netCDF4__get_types’:
netCDF4/_netCDF4.c:6853:21: warning: ‘__pyx_v_typeids’ may be used uninitialized in this function [-Wuninitialized]
gcc -pthread -shared -L/opt/python/3.4.2/lib -Wl,-rpath=/opt/python/3.4.2/lib build/temp.linux-x86_64-3.4/netCDF4/_netCDF4.o -L/usr/lib -L/opt/python/3.4.2/lib -Wl,--enable-new-dtags,-R/usr/lib -lnetcdf -lpython3.4m -o build/lib.linux-x86_64-3.4/netCDF4/_netCDF4.cpython-34m.so
creating build/bdist.linux-x86_64
creating build/bdist.linux-x86_64/egg
creating build/bdist.linux-x86_64/egg/netcdftime
copying build/lib.linux-x86_64-3.4/netcdftime/__init__.py -> build/bdist.linux-x86_64/egg/netcdftime
copying build/lib.linux-x86_64-3.4/netcdftime/netcdftime.py -> build/bdist.linux-x86_64/egg/netcdftime
copying build/lib.linux-x86_64-3.4/netcdftime/_datetime.cpython-34m.so -> build/bdist.linux-x86_64/egg/netcdftime
creating build/bdist.linux-x86_64/egg/netCDF4
copying build/lib.linux-x86_64-3.4/netCDF4/__init__.py -> build/bdist.linux-x86_64/egg/netCDF4
copying build/lib.linux-x86_64-3.4/netCDF4/utils.py -> build/bdist.linux-x86_64/egg/netCDF4
copying build/lib.linux-x86_64-3.4/netCDF4/_netCDF4.cpython-34m.so -> build/bdist.linux-x86_64/egg/netCDF4
byte-compiling build/bdist.linux-x86_64/egg/netcdftime/__init__.py to __init__.cpython-34.pyc
byte-compiling build/bdist.linux-x86_64/egg/netcdftime/netcdftime.py to netcdftime.cpython-34.pyc
byte-compiling build/bdist.linux-x86_64/egg/netCDF4/__init__.py to __init__.cpython-34.pyc
byte-compiling build/bdist.linux-x86_64/egg/netCDF4/utils.py to utils.cpython-34.pyc
creating stub loader for netCDF4/_netCDF4.cpython-34m.so
creating stub loader for netcdftime/_datetime.cpython-34m.so
byte-compiling build/bdist.linux-x86_64/egg/netCDF4/_netCDF4.py to _netCDF4.cpython-34.pyc
byte-compiling build/bdist.linux-x86_64/egg/netcdftime/_datetime.py to _datetime.cpython-34.pyc
creating build/bdist.linux-x86_64/egg/EGG-INFO
copying netCDF4.egg-info/PKG-INFO -> build/bdist.linux-x86_64/egg/EGG-INFO
copying netCDF4.egg-info/SOURCES.txt -> build/bdist.linux-x86_64/egg/EGG-INFO
copying netCDF4.egg-info/dependency_links.txt -> build/bdist.linux-x86_64/egg/EGG-INFO
copying netCDF4.egg-info/entry_points.txt -> build/bdist.linux-x86_64/egg/EGG-INFO
copying netCDF4.egg-info/requires.txt -> build/bdist.linux-x86_64/egg/EGG-INFO
copying netCDF4.egg-info/top_level.txt -> build/bdist.linux-x86_64/egg/EGG-INFO
writing build/bdist.linux-x86_64/egg/EGG-INFO/native_libs.txt
zip_safe flag not set; analyzing archive contents...
netcdftime.__pycache__._datetime.cpython-34: module references __file__
netCDF4.__pycache__._netCDF4.cpython-34: module references __file__
creating dist
creating 'dist/netCDF4-1.2.2-py3.4-linux-x86_64.egg' and adding 'build/bdist.linux-x86_64/egg' to it
removing 'build/bdist.linux-x86_64/egg' (and everything under it)
Processing netCDF4-1.2.2-py3.4-linux-x86_64.egg
creating /home/travis/virtualenv/python3.4.2/lib/python3.4/site-packages/netCDF4-1.2.2-py3.4-linux-x86_64.egg
Extracting netCDF4-1.2.2-py3.4-linux-x86_64.egg to /home/travis/virtualenv/python3.4.2/lib/python3.4/site-packages
Adding netCDF4 1.2.2 to easy-install.pth file
Installing ncinfo script to /home/travis/virtualenv/python3.4.2/bin
Installing nc4tonc3 script to /home/travis/virtualenv/python3.4.2/bin
Installing nc3tonc4 script to /home/travis/virtualenv/python3.4.2/bin

Installed /home/travis/virtualenv/python3.4.2/lib/python3.4/site-packages/netCDF4-1.2.2-py3.4-linux-x86_64.egg
Processing dependencies for netCDF4==1.2.2
Searching for numpy==1.9.1
Best match: numpy 1.9.1
Adding numpy 1.9.1 to easy-install.pth file

Using /home/travis/virtualenv/python3.4.2/lib/python3.4/site-packages
Finished processing dependencies for netCDF4==1.2.2
travis_time:end:0d18dee3:start=1450907017641280671,finish=1450907052651979879,duration=35010699208[0Ktravis_fold:end:install.2[0Ktravis_time:start:07a86935[0K$ cd test
travis_time:end:07a86935:start=1450907052655612314,finish=1450907052658438190,duration=2825876[0K
[32;1mThe command "cd test" exited with 0.[0m
travis_time:start:0372daf4[0K$ python run_all.py
not running tst_unicode.py ...
not running tst_diskless.py ...
not running tst_dap.py ...

netcdf4-python version: 1.2.2
HDF5 lib version:       1.8.4-patch1
netcdf lib version:     4.1.1
numpy version           1.9.1
EEEEEEEEEEE.....EEEEEEEEEEEEEEEEEEEEE.EEEEEEEEEEEEEEEEEEEEEE...........EEEEE
======================================================================
ERROR: runTest (tst_atts.VariablesTestCase)
testing attributes
----------------------------------------------------------------------
Traceback (most recent call last):
  File "/home/travis/build/Unidata/netcdf4-python/test/tst_atts.py", line 39, in setUp
    f = netCDF4.Dataset(self.file,'w')
  File "netCDF4/_netCDF4.pyx", line 1757, in netCDF4._netCDF4.Dataset.__init__ (netCDF4/_netCDF4.c:11436)
  File "netCDF4/_netCDF4.pyx", line 1159, in netCDF4._netCDF4._set_default_format (netCDF4/_netCDF4.c:5296)
ValueError: unrecognized format requested

======================================================================
ERROR: runTest (tst_compound_alignment.CompoundAlignTestCase)
----------------------------------------------------------------------
Traceback (most recent call last):
  File "/home/travis/build/Unidata/netcdf4-python/test/tst_compound_alignment.py", line 84, in setUp
    dataset = netCDF4.Dataset(self.file, "w")
  File "netCDF4/_netCDF4.pyx", line 1757, in netCDF4._netCDF4.Dataset.__init__ (netCDF4/_netCDF4.c:11436)
  File "netCDF4/_netCDF4.pyx", line 1159, in netCDF4._netCDF4._set_default_format (netCDF4/_netCDF4.c:5296)
ValueError: unrecognized format requested

======================================================================
ERROR: runTest (tst_compoundatt.VariablesTestCase)
testing compound attributes
----------------------------------------------------------------------
Traceback (most recent call last):
  File "/home/travis/build/Unidata/netcdf4-python/test/tst_compoundatt.py", line 34, in setUp
    f  = Dataset(self.file, 'w')
  File "netCDF4/_netCDF4.pyx", line 1757, in netCDF4._netCDF4.Dataset.__init__ (netCDF4/_netCDF4.c:11436)
  File "netCDF4/_netCDF4.pyx", line 1159, in netCDF4._netCDF4._set_default_format (netCDF4/_netCDF4.c:5296)
ValueError: unrecognized format requested

======================================================================
ERROR: runTest (tst_compoundvar.VariablesTestCase)
testing compound variables
----------------------------------------------------------------------
Traceback (most recent call last):
  File "/home/travis/build/Unidata/netcdf4-python/test/tst_compoundvar.py", line 44, in setUp
    f  = Dataset(self.file, 'w')
  File "netCDF4/_netCDF4.pyx", line 1757, in netCDF4._netCDF4.Dataset.__init__ (netCDF4/_netCDF4.c:11436)
  File "netCDF4/_netCDF4.pyx", line 1159, in netCDF4._netCDF4._set_default_format (netCDF4/_netCDF4.c:5296)
ValueError: unrecognized format requested

======================================================================
ERROR: runTest (tst_compression.CompressionTestCase)
testing zlib and shuffle compression filters
----------------------------------------------------------------------
Traceback (most recent call last):
  File "/home/travis/build/Unidata/netcdf4-python/test/tst_compression.py", line 48, in setUp
    write_netcdf(self.files[0],False,None,array)
  File "/home/travis/build/Unidata/netcdf4-python/test/tst_compression.py", line 18, in write_netcdf
    file = Dataset(filename,'w')
  File "netCDF4/_netCDF4.pyx", line 1757, in netCDF4._netCDF4.Dataset.__init__ (netCDF4/_netCDF4.c:11436)
  File "netCDF4/_netCDF4.pyx", line 1159, in netCDF4._netCDF4._set_default_format (netCDF4/_netCDF4.c:5296)
ValueError: unrecognized format requested

======================================================================
ERROR: runTest (tst_dims.DimensionsTestCase)
testing dimensions
----------------------------------------------------------------------
Traceback (most recent call last):
  File "/home/travis/build/Unidata/netcdf4-python/test/tst_dims.py", line 31, in setUp
    f  = netCDF4.Dataset(self.file, 'w')
  File "netCDF4/_netCDF4.pyx", line 1757, in netCDF4._netCDF4.Dataset.__init__ (netCDF4/_netCDF4.c:11436)
  File "netCDF4/_netCDF4.pyx", line 1159, in netCDF4._netCDF4._set_default_format (netCDF4/_netCDF4.c:5296)
ValueError: unrecognized format requested

======================================================================
ERROR: runTest (tst_endian.EndianTestCase)
testing endian conversion capability
----------------------------------------------------------------------
Traceback (most recent call last):
  File "/home/travis/build/Unidata/netcdf4-python/test/tst_endian.py", line 91, in setUp
    create_file(FILE_NAME,'NETCDF4_CLASSIC',data); self.file=FILE_NAME
  File "/home/travis/build/Unidata/netcdf4-python/test/tst_endian.py", line 12, in create_file
    dataset = netCDF4.Dataset(file,'w',format=format)
  File "netCDF4/_netCDF4.pyx", line 1757, in netCDF4._netCDF4.Dataset.__init__ (netCDF4/_netCDF4.c:11436)
  File "netCDF4/_netCDF4.pyx", line 1159, in netCDF4._netCDF4._set_default_format (netCDF4/_netCDF4.c:5296)
ValueError: unrecognized format requested

======================================================================
ERROR: runTest (tst_enum.EnumTestCase)
testing enum data type
----------------------------------------------------------------------
Traceback (most recent call last):
  File "/home/travis/build/Unidata/netcdf4-python/test/tst_enum.py", line 25, in setUp
    f = Dataset(self.file,'w')
  File "netCDF4/_netCDF4.pyx", line 1757, in netCDF4._netCDF4.Dataset.__init__ (netCDF4/_netCDF4.c:11436)
  File "netCDF4/_netCDF4.pyx", line 1159, in netCDF4._netCDF4._set_default_format (netCDF4/_netCDF4.c:5296)
ValueError: unrecognized format requested

======================================================================
ERROR: test2unlim (tst_fancyslicing.VariablesTestCase)
Test with a variable that has two unlimited dimensions.
----------------------------------------------------------------------
Traceback (most recent call last):
  File "/home/travis/build/Unidata/netcdf4-python/test/tst_fancyslicing.py", line 42, in setUp
    f = Dataset(file_name,'w')
  File "netCDF4/_netCDF4.pyx", line 1757, in netCDF4._netCDF4.Dataset.__init__ (netCDF4/_netCDF4.c:11436)
  File "netCDF4/_netCDF4.pyx", line 1159, in netCDF4._netCDF4._set_default_format (netCDF4/_netCDF4.c:5296)
ValueError: unrecognized format requested

======================================================================
ERROR: test_get (tst_fancyslicing.VariablesTestCase)
testing 'fancy indexing'
----------------------------------------------------------------------
Traceback (most recent call last):
  File "/home/travis/build/Unidata/netcdf4-python/test/tst_fancyslicing.py", line 42, in setUp
    f = Dataset(file_name,'w')
  File "netCDF4/_netCDF4.pyx", line 1757, in netCDF4._netCDF4.Dataset.__init__ (netCDF4/_netCDF4.c:11436)
  File "netCDF4/_netCDF4.pyx", line 1159, in netCDF4._netCDF4._set_default_format (netCDF4/_netCDF4.c:5296)
ValueError: unrecognized format requested

======================================================================
ERROR: test_set (tst_fancyslicing.VariablesTestCase)
----------------------------------------------------------------------
Traceback (most recent call last):
  File "/home/travis/build/Unidata/netcdf4-python/test/tst_fancyslicing.py", line 42, in setUp
    f = Dataset(file_name,'w')
  File "netCDF4/_netCDF4.pyx", line 1757, in netCDF4._netCDF4.Dataset.__init__ (netCDF4/_netCDF4.c:11436)
  File "netCDF4/_netCDF4.pyx", line 1159, in netCDF4._netCDF4._set_default_format (netCDF4/_netCDF4.c:5296)
ValueError: unrecognized format requested

======================================================================
ERROR: runTest (tst_grps.GroupsTestCase)
testing groups
----------------------------------------------------------------------
Traceback (most recent call last):
  File "/home/travis/build/Unidata/netcdf4-python/test/tst_grps.py", line 44, in setUp
    f  = netCDF4.Dataset(self.file1, 'w')
  File "netCDF4/_netCDF4.pyx", line 1757, in netCDF4._netCDF4.Dataset.__init__ (netCDF4/_netCDF4.c:11436)
  File "netCDF4/_netCDF4.pyx", line 1159, in netCDF4._netCDF4._set_default_format (netCDF4/_netCDF4.c:5296)
ValueError: unrecognized format requested

======================================================================
ERROR: runTest (tst_grps2.Groups2TestCase)
testing implicit group and creation and Dataset.__getitem__
----------------------------------------------------------------------
Traceback (most recent call last):
  File "/home/travis/build/Unidata/netcdf4-python/test/tst_grps2.py", line 18, in setUp
    f = netCDF4.Dataset(self.file,'w')
  File "netCDF4/_netCDF4.pyx", line 1757, in netCDF4._netCDF4.Dataset.__init__ (netCDF4/_netCDF4.c:11436)
  File "netCDF4/_netCDF4.pyx", line 1159, in netCDF4._netCDF4._set_default_format (netCDF4/_netCDF4.c:5296)
ValueError: unrecognized format requested

======================================================================
ERROR: runTest (tst_masked.PrimitiveTypesTestCase)
testing auto-conversion of masked arrays and packed integers
----------------------------------------------------------------------
Traceback (most recent call last):
  File "/home/travis/build/Unidata/netcdf4-python/test/tst_masked.py", line 40, in setUp
    file = netCDF4.Dataset(self.file,'w')
  File "netCDF4/_netCDF4.pyx", line 1757, in netCDF4._netCDF4.Dataset.__init__ (netCDF4/_netCDF4.c:11436)
  File "netCDF4/_netCDF4.pyx", line 1159, in netCDF4._netCDF4._set_default_format (netCDF4/_netCDF4.c:5296)
ValueError: unrecognized format requested

======================================================================
ERROR: runTest (tst_masked2.PrimitiveTypesTestCase)
testing auto-conversion of masked arrays and packed integers
----------------------------------------------------------------------
Traceback (most recent call last):
  File "/home/travis/build/Unidata/netcdf4-python/test/tst_masked2.py", line 34, in setUp
    f = Dataset(FILE_NAME1,'w')
  File "netCDF4/_netCDF4.pyx", line 1757, in netCDF4._netCDF4.Dataset.__init__ (netCDF4/_netCDF4.c:11436)
  File "netCDF4/_netCDF4.pyx", line 1159, in netCDF4._netCDF4._set_default_format (netCDF4/_netCDF4.c:5296)
ValueError: unrecognized format requested

======================================================================
ERROR: runTest (tst_masked3.GlobalSetAutoMaskTest)
----------------------------------------------------------------------
Traceback (most recent call last):
  File "/home/travis/build/Unidata/netcdf4-python/test/tst_masked3.py", line 142, in setUp
    f = Dataset(self.testfile, 'w')
  File "netCDF4/_netCDF4.pyx", line 1757, in netCDF4._netCDF4.Dataset.__init__ (netCDF4/_netCDF4.c:11436)
  File "netCDF4/_netCDF4.pyx", line 1159, in netCDF4._netCDF4._set_default_format (netCDF4/_netCDF4.c:5296)
ValueError: unrecognized format requested

======================================================================
ERROR: test_scaled (tst_masked3.SetAutoMaskFalse)
Testing auto-conversion of masked arrays for set_auto_mask(False) with scaling
----------------------------------------------------------------------
Traceback (most recent call last):
  File "/home/travis/build/Unidata/netcdf4-python/test/tst_masked3.py", line 30, in setUp
    f = Dataset(self.testfile, 'w')
  File "netCDF4/_netCDF4.pyx", line 1757, in netCDF4._netCDF4.Dataset.__init__ (netCDF4/_netCDF4.c:11436)
  File "netCDF4/_netCDF4.pyx", line 1159, in netCDF4._netCDF4._set_default_format (netCDF4/_netCDF4.c:5296)
ValueError: unrecognized format requested

======================================================================
ERROR: test_unscaled (tst_masked3.SetAutoMaskFalse)
Testing auto-conversion of masked arrays for set_auto_mask(False)
----------------------------------------------------------------------
Traceback (most recent call last):
  File "/home/travis/build/Unidata/netcdf4-python/test/tst_masked3.py", line 30, in setUp
    f = Dataset(self.testfile, 'w')
  File "netCDF4/_netCDF4.pyx", line 1757, in netCDF4._netCDF4.Dataset.__init__ (netCDF4/_netCDF4.c:11436)
  File "netCDF4/_netCDF4.pyx", line 1159, in netCDF4._netCDF4._set_default_format (netCDF4/_netCDF4.c:5296)
ValueError: unrecognized format requested

======================================================================
ERROR: test_scaled (tst_masked3.SetAutoMaskTrue)
Testing auto-conversion of masked arrays for set_auto_mask(True)
----------------------------------------------------------------------
Traceback (most recent call last):
  File "/home/travis/build/Unidata/netcdf4-python/test/tst_masked3.py", line 30, in setUp
    f = Dataset(self.testfile, 'w')
  File "netCDF4/_netCDF4.pyx", line 1757, in netCDF4._netCDF4.Dataset.__init__ (netCDF4/_netCDF4.c:11436)
  File "netCDF4/_netCDF4.pyx", line 1159, in netCDF4._netCDF4._set_default_format (netCDF4/_netCDF4.c:5296)
ValueError: unrecognized format requested

======================================================================
ERROR: test_unscaled (tst_masked3.SetAutoMaskTrue)
Testing auto-conversion of masked arrays for set_auto_mask(True)
----------------------------------------------------------------------
Traceback (most recent call last):
  File "/home/travis/build/Unidata/netcdf4-python/test/tst_masked3.py", line 30, in setUp
    f = Dataset(self.testfile, 'w')
  File "netCDF4/_netCDF4.pyx", line 1757, in netCDF4._netCDF4.Dataset.__init__ (netCDF4/_netCDF4.c:11436)
  File "netCDF4/_netCDF4.pyx", line 1159, in netCDF4._netCDF4._set_default_format (netCDF4/_netCDF4.c:5296)
ValueError: unrecognized format requested

======================================================================
ERROR: runTest (tst_multifile.NonuniformTimeTestCase)
----------------------------------------------------------------------
Traceback (most recent call last):
  File "/home/travis/build/Unidata/netcdf4-python/test/tst_multifile.py", line 71, in setUp
    f = Dataset(file,'w',format='NETCDF4_CLASSIC')
  File "netCDF4/_netCDF4.pyx", line 1757, in netCDF4._netCDF4.Dataset.__init__ (netCDF4/_netCDF4.c:11436)
  File "netCDF4/_netCDF4.pyx", line 1159, in netCDF4._netCDF4._set_default_format (netCDF4/_netCDF4.c:5296)
ValueError: unrecognized format requested

======================================================================
ERROR: runTest (tst_multifile.VariablesTestCase)
testing multi-file dataset access
----------------------------------------------------------------------
Traceback (most recent call last):
  File "/home/travis/build/Unidata/netcdf4-python/test/tst_multifile.py", line 22, in setUp
    f = Dataset(file,'w',format='NETCDF4_CLASSIC')
  File "netCDF4/_netCDF4.pyx", line 1757, in netCDF4._netCDF4.Dataset.__init__ (netCDF4/_netCDF4.c:11436)
  File "netCDF4/_netCDF4.pyx", line 1159, in netCDF4._netCDF4._set_default_format (netCDF4/_netCDF4.c:5296)
ValueError: unrecognized format requested

======================================================================
ERROR: runTest (tst_multifile2.NonuniformTimeTestCase)
----------------------------------------------------------------------
Traceback (most recent call last):
  File "/home/travis/build/Unidata/netcdf4-python/test/tst_multifile2.py", line 73, in setUp
    f = Dataset(file,'w',format='NETCDF4_CLASSIC')
  File "netCDF4/_netCDF4.pyx", line 1757, in netCDF4._netCDF4.Dataset.__init__ (netCDF4/_netCDF4.c:11436)
  File "netCDF4/_netCDF4.pyx", line 1159, in netCDF4._netCDF4._set_default_format (netCDF4/_netCDF4.c:5296)
ValueError: unrecognized format requested

======================================================================
ERROR: runTest (tst_multifile2.VariablesTestCase)
testing multi-file dataset access
----------------------------------------------------------------------
Traceback (most recent call last):
  File "/home/travis/build/Unidata/netcdf4-python/test/tst_multifile2.py", line 22, in setUp
    f = Dataset(file,'w',format='NETCDF4_CLASSIC')
  File "netCDF4/_netCDF4.pyx", line 1757, in netCDF4._netCDF4.Dataset.__init__ (netCDF4/_netCDF4.c:11436)
  File "netCDF4/_netCDF4.pyx", line 1159, in netCDF4._netCDF4._set_default_format (netCDF4/_netCDF4.c:5296)
ValueError: unrecognized format requested

======================================================================
ERROR: test_failure (tst_netcdftime.TestDate2index)
----------------------------------------------------------------------
Traceback (most recent call last):
  File "/home/travis/build/Unidata/netcdf4-python/test/tst_netcdftime.py", line 510, in setUp
    f = Dataset(self.file, 'w')
  File "netCDF4/_netCDF4.pyx", line 1757, in netCDF4._netCDF4.Dataset.__init__ (netCDF4/_netCDF4.c:11436)
  File "netCDF4/_netCDF4.pyx", line 1159, in netCDF4._netCDF4._set_default_format (netCDF4/_netCDF4.c:5296)
ValueError: unrecognized format requested

======================================================================
ERROR: test_issue444 (tst_netcdftime.TestDate2index)
----------------------------------------------------------------------
Traceback (most recent call last):
  File "/home/travis/build/Unidata/netcdf4-python/test/tst_netcdftime.py", line 510, in setUp
    f = Dataset(self.file, 'w')
  File "netCDF4/_netCDF4.pyx", line 1757, in netCDF4._netCDF4.Dataset.__init__ (netCDF4/_netCDF4.c:11436)
  File "netCDF4/_netCDF4.pyx", line 1159, in netCDF4._netCDF4._set_default_format (netCDF4/_netCDF4.c:5296)
ValueError: unrecognized format requested

======================================================================
ERROR: test_list (tst_netcdftime.TestDate2index)
----------------------------------------------------------------------
Traceback (most recent call last):
  File "/home/travis/build/Unidata/netcdf4-python/test/tst_netcdftime.py", line 510, in setUp
    f = Dataset(self.file, 'w')
  File "netCDF4/_netCDF4.pyx", line 1757, in netCDF4._netCDF4.Dataset.__init__ (netCDF4/_netCDF4.c:11436)
  File "netCDF4/_netCDF4.pyx", line 1159, in netCDF4._netCDF4._set_default_format (netCDF4/_netCDF4.c:5296)
ValueError: unrecognized format requested

======================================================================
ERROR: test_nonuniform (tst_netcdftime.TestDate2index)
Check that the fallback mechanism works.
----------------------------------------------------------------------
Traceback (most recent call last):
  File "/home/travis/build/Unidata/netcdf4-python/test/tst_netcdftime.py", line 510, in setUp
    f = Dataset(self.file, 'w')
  File "netCDF4/_netCDF4.pyx", line 1757, in netCDF4._netCDF4.Dataset.__init__ (netCDF4/_netCDF4.c:11436)
  File "netCDF4/_netCDF4.pyx", line 1159, in netCDF4._netCDF4._set_default_format (netCDF4/_netCDF4.c:5296)
ValueError: unrecognized format requested

======================================================================
ERROR: test_select_dummy (tst_netcdftime.TestDate2index)
----------------------------------------------------------------------
Traceback (most recent call last):
  File "/home/travis/build/Unidata/netcdf4-python/test/tst_netcdftime.py", line 510, in setUp
    f = Dataset(self.file, 'w')
  File "netCDF4/_netCDF4.pyx", line 1757, in netCDF4._netCDF4.Dataset.__init__ (netCDF4/_netCDF4.c:11436)
  File "netCDF4/_netCDF4.pyx", line 1159, in netCDF4._netCDF4._set_default_format (netCDF4/_netCDF4.c:5296)
ValueError: unrecognized format requested

======================================================================
ERROR: test_select_nc (tst_netcdftime.TestDate2index)
----------------------------------------------------------------------
Traceback (most recent call last):
  File "/home/travis/build/Unidata/netcdf4-python/test/tst_netcdftime.py", line 510, in setUp
    f = Dataset(self.file, 'w')
  File "netCDF4/_netCDF4.pyx", line 1757, in netCDF4._netCDF4.Dataset.__init__ (netCDF4/_netCDF4.c:11436)
  File "netCDF4/_netCDF4.pyx", line 1159, in netCDF4._netCDF4._set_default_format (netCDF4/_netCDF4.c:5296)
ValueError: unrecognized format requested

======================================================================
ERROR: test_simple (tst_netcdftime.TestDate2index)
----------------------------------------------------------------------
Traceback (most recent call last):
  File "/home/travis/build/Unidata/netcdf4-python/test/tst_netcdftime.py", line 510, in setUp
    f = Dataset(self.file, 'w')
  File "netCDF4/_netCDF4.pyx", line 1757, in netCDF4._netCDF4.Dataset.__init__ (netCDF4/_netCDF4.c:11436)
  File "netCDF4/_netCDF4.pyx", line 1159, in netCDF4._netCDF4._set_default_format (netCDF4/_netCDF4.c:5296)
ValueError: unrecognized format requested

======================================================================
ERROR: test_singletime (tst_netcdftime.TestDate2index)
----------------------------------------------------------------------
Traceback (most recent call last):
  File "/home/travis/build/Unidata/netcdf4-python/test/tst_netcdftime.py", line 510, in setUp
    f = Dataset(self.file, 'w')
  File "netCDF4/_netCDF4.pyx", line 1757, in netCDF4._netCDF4.Dataset.__init__ (netCDF4/_netCDF4.c:11436)
  File "netCDF4/_netCDF4.pyx", line 1159, in netCDF4._netCDF4._set_default_format (netCDF4/_netCDF4.c:5296)
ValueError: unrecognized format requested

======================================================================
ERROR: runTest (tst_refcount.RefCountTestCase)
testing garbage collection (issue 218)
----------------------------------------------------------------------
Traceback (most recent call last):
  File "/home/travis/build/Unidata/netcdf4-python/test/tst_refcount.py", line 8, in setUp
    nc = netCDF4.Dataset(file_name, mode='w', keepweakref=True, format='NETCDF4')
  File "netCDF4/_netCDF4.pyx", line 1757, in netCDF4._netCDF4.Dataset.__init__ (netCDF4/_netCDF4.c:11436)
  File "netCDF4/_netCDF4.pyx", line 1159, in netCDF4._netCDF4._set_default_format (netCDF4/_netCDF4.c:5296)
ValueError: unrecognized format requested

======================================================================
ERROR: runTest (tst_rename.VariablesTestCase)
testing renaming of dimensions, variables and attribute deletion
----------------------------------------------------------------------
Traceback (most recent call last):
  File "/home/travis/build/Unidata/netcdf4-python/test/tst_rename.py", line 27, in setUp
    f  = netCDF4.Dataset(self.file, 'w')
  File "netCDF4/_netCDF4.pyx", line 1757, in netCDF4._netCDF4.Dataset.__init__ (netCDF4/_netCDF4.c:11436)
  File "netCDF4/_netCDF4.pyx", line 1159, in netCDF4._netCDF4._set_default_format (netCDF4/_netCDF4.c:5296)
ValueError: unrecognized format requested

======================================================================
ERROR: runTest (tst_scalarvar.ScalarVariableTestCase)
testing scalar variables
----------------------------------------------------------------------
Traceback (most recent call last):
  File "/home/travis/build/Unidata/netcdf4-python/test/tst_scalarvar.py", line 22, in setUp
    rootgrp = netCDF4.Dataset(self.file, 'w')
  File "netCDF4/_netCDF4.pyx", line 1757, in netCDF4._netCDF4.Dataset.__init__ (netCDF4/_netCDF4.c:11436)
  File "netCDF4/_netCDF4.pyx", line 1159, in netCDF4._netCDF4._set_default_format (netCDF4/_netCDF4.c:5296)
ValueError: unrecognized format requested

======================================================================
ERROR: runTest (tst_scaled.GlobalSetAutoScaleTest)
----------------------------------------------------------------------
Traceback (most recent call last):
  File "/home/travis/build/Unidata/netcdf4-python/test/tst_scaled.py", line 189, in setUp
    f = Dataset(self.testfile, 'w')
  File "netCDF4/_netCDF4.pyx", line 1757, in netCDF4._netCDF4.Dataset.__init__ (netCDF4/_netCDF4.c:11436)
  File "netCDF4/_netCDF4.pyx", line 1159, in netCDF4._netCDF4._set_default_format (netCDF4/_netCDF4.c:5296)
ValueError: unrecognized format requested

======================================================================
ERROR: test_masked (tst_scaled.SetAutoScaleFalse)
Testing auto-conversion of masked arrays for set_auto_mask(False) with masking
----------------------------------------------------------------------
Traceback (most recent call last):
  File "/home/travis/build/Unidata/netcdf4-python/test/tst_scaled.py", line 34, in setUp
    f = Dataset(self.testfile, 'w')
  File "netCDF4/_netCDF4.pyx", line 1757, in netCDF4._netCDF4.Dataset.__init__ (netCDF4/_netCDF4.c:11436)
  File "netCDF4/_netCDF4.pyx", line 1159, in netCDF4._netCDF4._set_default_format (netCDF4/_netCDF4.c:5296)
ValueError: unrecognized format requested

======================================================================
ERROR: test_unmasked (tst_scaled.SetAutoScaleFalse)
Testing (not) auto-scaling of variables for set_auto_scale(False)
----------------------------------------------------------------------
Traceback (most recent call last):
  File "/home/travis/build/Unidata/netcdf4-python/test/tst_scaled.py", line 34, in setUp
    f = Dataset(self.testfile, 'w')
  File "netCDF4/_netCDF4.pyx", line 1757, in netCDF4._netCDF4.Dataset.__init__ (netCDF4/_netCDF4.c:11436)
  File "netCDF4/_netCDF4.pyx", line 1159, in netCDF4._netCDF4._set_default_format (netCDF4/_netCDF4.c:5296)
ValueError: unrecognized format requested

======================================================================
ERROR: test_masked (tst_scaled.SetAutoScaleTrue)
Testing auto-scaling of variables for set_auto_scale(True) with masking
----------------------------------------------------------------------
Traceback (most recent call last):
  File "/home/travis/build/Unidata/netcdf4-python/test/tst_scaled.py", line 34, in setUp
    f = Dataset(self.testfile, 'w')
  File "netCDF4/_netCDF4.pyx", line 1757, in netCDF4._netCDF4.Dataset.__init__ (netCDF4/_netCDF4.c:11436)
  File "netCDF4/_netCDF4.pyx", line 1159, in netCDF4._netCDF4._set_default_format (netCDF4/_netCDF4.c:5296)
ValueError: unrecognized format requested

======================================================================
ERROR: test_unmasked (tst_scaled.SetAutoScaleTrue)
Testing auto-scaling of variables for set_auto_scale(True)
----------------------------------------------------------------------
Traceback (most recent call last):
  File "/home/travis/build/Unidata/netcdf4-python/test/tst_scaled.py", line 34, in setUp
    f = Dataset(self.testfile, 'w')
  File "netCDF4/_netCDF4.pyx", line 1757, in netCDF4._netCDF4.Dataset.__init__ (netCDF4/_netCDF4.c:11436)
  File "netCDF4/_netCDF4.pyx", line 1159, in netCDF4._netCDF4._set_default_format (netCDF4/_netCDF4.c:5296)
ValueError: unrecognized format requested

======================================================================
ERROR: test_auto_scale_write (tst_scaled.WriteAutoScaleTest)
Testing automatic packing to all kinds of integer types
----------------------------------------------------------------------
Traceback (most recent call last):
  File "/home/travis/build/Unidata/netcdf4-python/test/tst_scaled.py", line 34, in setUp
    f = Dataset(self.testfile, 'w')
  File "netCDF4/_netCDF4.pyx", line 1757, in netCDF4._netCDF4.Dataset.__init__ (netCDF4/_netCDF4.c:11436)
  File "netCDF4/_netCDF4.pyx", line 1159, in netCDF4._netCDF4._set_default_format (netCDF4/_netCDF4.c:5296)
ValueError: unrecognized format requested

======================================================================
ERROR: runTest (tst_shape.ShapeTestCase)
test for issue 90 (array shape should not be modified by
----------------------------------------------------------------------
Traceback (most recent call last):
  File "/home/travis/build/Unidata/netcdf4-python/test/tst_shape.py", line 14, in setUp
    f = Dataset(file_name,'w')
  File "netCDF4/_netCDF4.pyx", line 1757, in netCDF4._netCDF4.Dataset.__init__ (netCDF4/_netCDF4.c:11436)
  File "netCDF4/_netCDF4.pyx", line 1159, in netCDF4._netCDF4._set_default_format (netCDF4/_netCDF4.c:5296)
ValueError: unrecognized format requested

======================================================================
ERROR: test_0d (tst_slicing.VariablesTestCase)
----------------------------------------------------------------------
Traceback (most recent call last):
  File "/home/travis/build/Unidata/netcdf4-python/test/tst_slicing.py", line 18, in setUp
    f = Dataset(file_name,'w')
  File "netCDF4/_netCDF4.pyx", line 1757, in netCDF4._netCDF4.Dataset.__init__ (netCDF4/_netCDF4.c:11436)
  File "netCDF4/_netCDF4.pyx", line 1159, in netCDF4._netCDF4._set_default_format (netCDF4/_netCDF4.c:5296)
ValueError: unrecognized format requested

======================================================================
ERROR: test_1d (tst_slicing.VariablesTestCase)
----------------------------------------------------------------------
Traceback (most recent call last):
  File "/home/travis/build/Unidata/netcdf4-python/test/tst_slicing.py", line 18, in setUp
    f = Dataset(file_name,'w')
  File "netCDF4/_netCDF4.pyx", line 1757, in netCDF4._netCDF4.Dataset.__init__ (netCDF4/_netCDF4.c:11436)
  File "netCDF4/_netCDF4.pyx", line 1159, in netCDF4._netCDF4._set_default_format (netCDF4/_netCDF4.c:5296)
ValueError: unrecognized format requested

======================================================================
ERROR: test_3d (tst_slicing.VariablesTestCase)
testing variable slicing
----------------------------------------------------------------------
Traceback (most recent call last):
  File "/home/travis/build/Unidata/netcdf4-python/test/tst_slicing.py", line 18, in setUp
    f = Dataset(file_name,'w')
  File "netCDF4/_netCDF4.pyx", line 1757, in netCDF4._netCDF4.Dataset.__init__ (netCDF4/_netCDF4.c:11436)
  File "netCDF4/_netCDF4.pyx", line 1159, in netCDF4._netCDF4._set_default_format (netCDF4/_netCDF4.c:5296)
ValueError: unrecognized format requested

======================================================================
ERROR: test_issue259 (tst_slicing.VariablesTestCase)
----------------------------------------------------------------------
Traceback (most recent call last):
  File "/home/travis/build/Unidata/netcdf4-python/test/tst_slicing.py", line 18, in setUp
    f = Dataset(file_name,'w')
  File "netCDF4/_netCDF4.pyx", line 1757, in netCDF4._netCDF4.Dataset.__init__ (netCDF4/_netCDF4.c:11436)
  File "netCDF4/_netCDF4.pyx", line 1159, in netCDF4._netCDF4._set_default_format (netCDF4/_netCDF4.c:5296)
ValueError: unrecognized format requested

======================================================================
ERROR: test_issue300 (tst_slicing.VariablesTestCase)
----------------------------------------------------------------------
Traceback (most recent call last):
  File "/home/travis/build/Unidata/netcdf4-python/test/tst_slicing.py", line 18, in setUp
    f = Dataset(file_name,'w')
  File "netCDF4/_netCDF4.pyx", line 1757, in netCDF4._netCDF4.Dataset.__init__ (netCDF4/_netCDF4.c:11436)
  File "netCDF4/_netCDF4.pyx", line 1159, in netCDF4._netCDF4._set_default_format (netCDF4/_netCDF4.c:5296)
ValueError: unrecognized format requested

======================================================================
ERROR: test_issue306 (tst_slicing.VariablesTestCase)
----------------------------------------------------------------------
Traceback (most recent call last):
  File "/home/travis/build/Unidata/netcdf4-python/test/tst_slicing.py", line 18, in setUp
    f = Dataset(file_name,'w')
  File "netCDF4/_netCDF4.pyx", line 1757, in netCDF4._netCDF4.Dataset.__init__ (netCDF4/_netCDF4.c:11436)
  File "netCDF4/_netCDF4.pyx", line 1159, in netCDF4._netCDF4._set_default_format (netCDF4/_netCDF4.c:5296)
ValueError: unrecognized format requested

======================================================================
ERROR: test_issue371 (tst_slicing.VariablesTestCase)
----------------------------------------------------------------------
Traceback (most recent call last):
  File "/home/travis/build/Unidata/netcdf4-python/test/tst_slicing.py", line 18, in setUp
    f = Dataset(file_name,'w')
  File "netCDF4/_netCDF4.pyx", line 1757, in netCDF4._netCDF4.Dataset.__init__ (netCDF4/_netCDF4.c:11436)
  File "netCDF4/_netCDF4.pyx", line 1159, in netCDF4._netCDF4._set_default_format (netCDF4/_netCDF4.c:5296)
ValueError: unrecognized format requested

======================================================================
ERROR: test_retain_single_dims (tst_slicing.VariablesTestCase)
----------------------------------------------------------------------
Traceback (most recent call last):
  File "/home/travis/build/Unidata/netcdf4-python/test/tst_slicing.py", line 18, in setUp
    f = Dataset(file_name,'w')
  File "netCDF4/_netCDF4.pyx", line 1757, in netCDF4._netCDF4.Dataset.__init__ (netCDF4/_netCDF4.c:11436)
  File "netCDF4/_netCDF4.pyx", line 1159, in netCDF4._netCDF4._set_default_format (netCDF4/_netCDF4.c:5296)
ValueError: unrecognized format requested

======================================================================
ERROR: runTest (tst_stringarr.StringArrayTestCase)
testing functions for converting arrays of chars to fixed-len strings
----------------------------------------------------------------------
Traceback (most recent call last):
  File "/home/travis/build/Unidata/netcdf4-python/test/tst_stringarr.py", line 23, in setUp
    nc = Dataset(FILE_NAME,'w',format=FILE_FORMAT)
  File "netCDF4/_netCDF4.pyx", line 1757, in netCDF4._netCDF4.Dataset.__init__ (netCDF4/_netCDF4.c:11436)
  File "netCDF4/_netCDF4.pyx", line 1159, in netCDF4._netCDF4._set_default_format (netCDF4/_netCDF4.c:5296)
ValueError: unrecognized format requested

======================================================================
ERROR: runTest (tst_types.PrimitiveTypesTestCase)
testing primitive data type
----------------------------------------------------------------------
Traceback (most recent call last):
  File "/home/travis/build/Unidata/netcdf4-python/test/tst_types.py", line 27, in setUp
    file = netCDF4.Dataset(self.file,'w')
  File "netCDF4/_netCDF4.pyx", line 1757, in netCDF4._netCDF4.Dataset.__init__ (netCDF4/_netCDF4.c:11436)
  File "netCDF4/_netCDF4.pyx", line 1159, in netCDF4._netCDF4._set_default_format (netCDF4/_netCDF4.c:5296)
ValueError: unrecognized format requested

======================================================================
ERROR: runTest (tst_unicode3.UnicodeTestCase)
testing unicode
----------------------------------------------------------------------
Traceback (most recent call last):
  File "/home/travis/build/Unidata/netcdf4-python/test/tst_unicode3.py", line 18, in setUp
    f = netCDF4.Dataset(self.file,'w')
  File "netCDF4/_netCDF4.pyx", line 1757, in netCDF4._netCDF4.Dataset.__init__ (netCDF4/_netCDF4.c:11436)
  File "netCDF4/_netCDF4.pyx", line 1159, in netCDF4._netCDF4._set_default_format (netCDF4/_netCDF4.c:5296)
ValueError: unrecognized format requested

======================================================================
ERROR: runTest (tst_unlimdim.UnlimdimTestCase)
testing unlimited dimensions
----------------------------------------------------------------------
Traceback (most recent call last):
  File "/home/travis/build/Unidata/netcdf4-python/test/tst_unlimdim.py", line 24, in setUp
    f  = netCDF4.Dataset(self.file, 'w')
  File "netCDF4/_netCDF4.pyx", line 1757, in netCDF4._netCDF4.Dataset.__init__ (netCDF4/_netCDF4.c:11436)
  File "netCDF4/_netCDF4.pyx", line 1159, in netCDF4._netCDF4._set_default_format (netCDF4/_netCDF4.c:5296)
ValueError: unrecognized format requested

======================================================================
ERROR: runTest (tst_vars.VariablesTestCase)
testing primitive variables
----------------------------------------------------------------------
Traceback (most recent call last):
  File "/home/travis/build/Unidata/netcdf4-python/test/tst_vars.py", line 30, in setUp
    f  = netCDF4.Dataset(self.file, 'w')
  File "netCDF4/_netCDF4.pyx", line 1757, in netCDF4._netCDF4.Dataset.__init__ (netCDF4/_netCDF4.c:11436)
  File "netCDF4/_netCDF4.pyx", line 1159, in netCDF4._netCDF4._set_default_format (netCDF4/_netCDF4.c:5296)
ValueError: unrecognized format requested

======================================================================
ERROR: runTest (tst_vlen.TestInvalidDataType)
----------------------------------------------------------------------
Traceback (most recent call last):
  File "/home/travis/build/Unidata/netcdf4-python/test/tst_vlen.py", line 82, in runTest
    f = Dataset(FILE_NAME, 'w', format='NETCDF3_CLASSIC')
  File "netCDF4/_netCDF4.pyx", line 1757, in netCDF4._netCDF4.Dataset.__init__ (netCDF4/_netCDF4.c:11436)
  File "netCDF4/_netCDF4.pyx", line 1159, in netCDF4._netCDF4._set_default_format (netCDF4/_netCDF4.c:5296)
ValueError: unrecognized format requested

======================================================================
ERROR: runTest (tst_vlen.TestObjectArrayIndexing)
testing vlen variables
----------------------------------------------------------------------
Traceback (most recent call last):
  File "/home/travis/build/Unidata/netcdf4-python/test/tst_vlen.py", line 112, in setUp
    f = Dataset(self.file,'w')
  File "netCDF4/_netCDF4.pyx", line 1757, in netCDF4._netCDF4.Dataset.__init__ (netCDF4/_netCDF4.c:11436)
  File "netCDF4/_netCDF4.pyx", line 1159, in netCDF4._netCDF4._set_default_format (netCDF4/_netCDF4.c:5296)
ValueError: unrecognized format requested

======================================================================
ERROR: runTest (tst_vlen.TestScalarVlenString)
----------------------------------------------------------------------
Traceback (most recent call last):
  File "/home/travis/build/Unidata/netcdf4-python/test/tst_vlen.py", line 98, in runTest
    f = Dataset(FILE_NAME, 'w', format='NETCDF4')
  File "netCDF4/_netCDF4.pyx", line 1757, in netCDF4._netCDF4.Dataset.__init__ (netCDF4/_netCDF4.c:11436)
  File "netCDF4/_netCDF4.pyx", line 1159, in netCDF4._netCDF4._set_default_format (netCDF4/_netCDF4.c:5296)
ValueError: unrecognized format requested

======================================================================
ERROR: runTest (tst_vlen.VariablesTestCase)
testing vlen variables
----------------------------------------------------------------------
Traceback (most recent call last):
  File "/home/travis/build/Unidata/netcdf4-python/test/tst_vlen.py", line 35, in setUp
    f = Dataset(self.file,'w')
  File "netCDF4/_netCDF4.pyx", line 1757, in netCDF4._netCDF4.Dataset.__init__ (netCDF4/_netCDF4.c:11436)
  File "netCDF4/_netCDF4.pyx", line 1159, in netCDF4._netCDF4._set_default_format (netCDF4/_netCDF4.c:5296)
ValueError: unrecognized format requested

----------------------------------------------------------------------
Ran 76 tests in 23.160s

FAILED (errors=59)
travis_time:end:0372daf4:start=1450907052662079001,finish=1450907076203240524,duration=23541161523[0K
[31;1mThe command "python run_all.py" exited with 1.[0m

Done. Your build exited with 1.
