Using worker: worker-linux-docker-31c352c8.prod.travis-ci.org:travis-linux-8

travis_fold:start:system_info[0K[33;1mBuild system information[0m
Build language: java
Build group: stable
Build dist: precise
[34m[1mBuild image provisioning date and time[0m
Thu Feb  5 15:09:33 UTC 2015
[34m[1mOperating System Details[0m
Distributor ID:	Ubuntu
Description:	Ubuntu 12.04.5 LTS
Release:	12.04
Codename:	precise
[34m[1mLinux Version[0m
3.13.0-29-generic
[34m[1mCookbooks Version[0m
a68419e https://github.com/travis-ci/travis-cookbooks/tree/a68419e
[34m[1mGCC version[0m
gcc (Ubuntu/Linaro 4.6.3-1ubuntu5) 4.6.3
Copyright (C) 2011 Free Software Foundation, Inc.
This is free software; see the source for copying conditions.  There is NO
warranty; not even for MERCHANTABILITY or FITNESS FOR A PARTICULAR PURPOSE.

[34m[1mLLVM version[0m
clang version 3.4 (tags/RELEASE_34/final)
Target: x86_64-unknown-linux-gnu
Thread model: posix
[34m[1mPre-installed Ruby versions[0m
ruby-1.9.3-p551
[34m[1mPre-installed Node.js versions[0m
v0.10.36
[34m[1mPre-installed Go versions[0m
1.4.1
[34m[1mRedis version[0m
redis-server 2.8.19
[34m[1mriak version[0m
2.0.2
[34m[1mMongoDB version[0m
MongoDB 2.4.12
[34m[1mCouchDB version[0m
couchdb 1.6.1
[34m[1mNeo4j version[0m
1.9.4
[34m[1mRabbitMQ Version[0m
3.4.3
[34m[1mElasticSearch version[0m
1.4.0
[34m[1mInstalled Sphinx versions[0m
2.0.10
2.1.9
2.2.6
[34m[1mDefault Sphinx version[0m
2.2.6
[34m[1mInstalled Firefox version[0m
firefox 31.0esr
[34m[1mPhantomJS version[0m
1.9.8
[34m[1mant -version[0m
Apache Ant(TM) version 1.8.2 compiled on December 3 2011
[34m[1mmvn -version[0m
Apache Maven 3.2.5 (12a6b3acb947671f09b81f49094c53f426d8cea1; 2014-12-14T17:29:23+00:00)
Maven home: /usr/local/maven
Java version: 1.7.0_76, vendor: Oracle Corporation
Java home: /usr/lib/jvm/java-7-oracle/jre
Default locale: en_US, platform encoding: ANSI_X3.4-1968
OS name: "linux", version: "3.13.0-29-generic", arch: "amd64", family: "unix"
travis_fold:end:system_info[0K
travis_fold:start:git.checkout[0Ktravis_time:start:0a5d32fa[0K$ git clone --depth=50 --branch=version5 https://github.com/owlcs/owlapi.git owlcs/owlapi
Cloning into 'owlcs/owlapi'...
remote: Counting objects: 3856, done.[K
remote: Compressing objects:   0% (1/1680)   [Kremote: Compressing objects:   1% (17/1680)   [Kremote: Compressing objects:   2% (34/1680)   [Kremote: Compressing objects:   3% (51/1680)   [Kremote: Compressing objects:   4% (68/1680)   [Kremote: Compressing objects:   5% (84/1680)   [Kremote: Compressing objects:   6% (101/1680)   [Kremote: Compressing objects:   7% (118/1680)   [Kremote: Compressing objects:   8% (135/1680)   [Kremote: Compressing objects:   9% (152/1680)   [Kremote: Compressing objects:  10% (168/1680)   [Kremote: Compressing objects:  11% (185/1680)   [Kremote: Compressing objects:  12% (202/1680)   [Kremote: Compressing objects:  13% (219/1680)   [Kremote: Compressing objects:  14% (236/1680)   [Kremote: Compressing objects:  15% (252/1680)   [Kremote: Compressing objects:  16% (269/1680)   [Kremote: Compressing objects:  17% (286/1680)   [Kremote: Compressing objects:  18% (303/1680)   [Kremote: Compressing objects:  19% (320/1680)   [Kremote: Compressing objects:  20% (336/1680)   [Kremote: Compressing objects:  21% (353/1680)   [Kremote: Compressing objects:  22% (370/1680)   [Kremote: Compressing objects:  23% (387/1680)   [Kremote: Compressing objects:  24% (404/1680)   [Kremote: Compressing objects:  25% (420/1680)   [Kremote: Compressing objects:  26% (437/1680)   [Kremote: Compressing objects:  27% (454/1680)   [Kremote: Compressing objects:  28% (471/1680)   [Kremote: Compressing objects:  29% (488/1680)   [Kremote: Compressing objects:  30% (504/1680)   [Kremote: Compressing objects:  31% (521/1680)   [Kremote: Compressing objects:  32% (538/1680)   [Kremote: Compressing objects:  33% (555/1680)   [Kremote: Compressing objects:  34% (572/1680)   [Kremote: Compressing objects:  35% (588/1680)   [Kremote: Compressing objects:  36% (605/1680)   [Kremote: Compressing objects:  37% (622/1680)   [Kremote: Compressing objects:  38% (639/1680)   [Kremote: Compressing objects:  39% (656/1680)   [Kremote: Compressing objects:  40% (672/1680)   [Kremote: Compressing objects:  41% (689/1680)   [Kremote: Compressing objects:  42% (706/1680)   [Kremote: Compressing objects:  43% (723/1680)   [Kremote: Compressing objects:  44% (740/1680)   [Kremote: Compressing objects:  45% (756/1680)   [Kremote: Compressing objects:  46% (773/1680)   [Kremote: Compressing objects:  47% (790/1680)   [Kremote: Compressing objects:  48% (807/1680)   [Kremote: Compressing objects:  49% (824/1680)   [Kremote: Compressing objects:  50% (840/1680)   [Kremote: Compressing objects:  51% (857/1680)   [Kremote: Compressing objects:  52% (874/1680)   [Kremote: Compressing objects:  53% (891/1680)   [Kremote: Compressing objects:  54% (908/1680)   [Kremote: Compressing objects:  55% (924/1680)   [Kremote: Compressing objects:  56% (941/1680)   [Kremote: Compressing objects:  57% (958/1680)   [Kremote: Compressing objects:  58% (975/1680)   [Kremote: Compressing objects:  59% (992/1680)   [Kremote: Compressing objects:  60% (1008/1680)   [Kremote: Compressing objects:  61% (1025/1680)   [Kremote: Compressing objects:  62% (1042/1680)   [Kremote: Compressing objects:  63% (1059/1680)   [Kremote: Compressing objects:  64% (1076/1680)   [Kremote: Compressing objects:  65% (1092/1680)   [Kremote: Compressing objects:  66% (1109/1680)   [Kremote: Compressing objects:  67% (1126/1680)   [Kremote: Compressing objects:  68% (1143/1680)   [Kremote: Compressing objects:  69% (1160/1680)   [Kremote: Compressing objects:  70% (1176/1680)   [Kremote: Compressing objects:  71% (1193/1680)   [Kremote: Compressing objects:  72% (1210/1680)   [Kremote: Compressing objects:  73% (1227/1680)   [Kremote: Compressing objects:  74% (1244/1680)   [Kremote: Compressing objects:  75% (1260/1680)   [Kremote: Compressing objects:  76% (1277/1680)   [Kremote: Compressing objects:  77% (1294/1680)   [Kremote: Compressing objects:  78% (1311/1680)   [Kremote: Compressing objects:  79% (1328/1680)   [Kremote: Compressing objects:  80% (1344/1680)   [Kremote: Compressing objects:  81% (1361/1680)   [Kremote: Compressing objects:  82% (1378/1680)   [Kremote: Compressing objects:  83% (1395/1680)   [Kremote: Compressing objects:  84% (1412/1680)   [Kremote: Compressing objects:  85% (1428/1680)   [Kremote: Compressing objects:  86% (1445/1680)   [Kremote: Compressing objects:  87% (1462/1680)   [Kremote: Compressing objects:  88% (1479/1680)   [Kremote: Compressing objects:  89% (1496/1680)   [Kremote: Compressing objects:  90% (1512/1680)   [Kremote: Compressing objects:  91% (1529/1680)   [Kremote: Compressing objects:  92% (1546/1680)   [Kremote: Compressing objects:  93% (1563/1680)   [Kremote: Compressing objects:  94% (1580/1680)   [Kremote: Compressing objects:  95% (1596/1680)   [Kremote: Compressing objects:  96% (1613/1680)   [Kremote: Compressing objects:  97% (1630/1680)   [Kremote: Compressing objects:  98% (1647/1680)   [Kremote: Compressing objects:  99% (1664/1680)   [Kremote: Compressing objects: 100% (1680/1680)   [Kremote: Compressing objects: 100% (1680/1680), done.[K
Receiving objects:   0% (1/3856)   Receiving objects:   1% (39/3856)   Receiving objects:   2% (78/3856)   Receiving objects:   3% (116/3856)   Receiving objects:   4% (155/3856)   Receiving objects:   5% (193/3856)   Receiving objects:   6% (232/3856)   Receiving objects:   7% (270/3856)   Receiving objects:   8% (309/3856)   Receiving objects:   9% (348/3856)   Receiving objects:  10% (386/3856)   Receiving objects:  11% (425/3856)   Receiving objects:  12% (463/3856)   Receiving objects:  13% (502/3856)   Receiving objects:  14% (540/3856)   Receiving objects:  15% (579/3856)   Receiving objects:  16% (617/3856)   Receiving objects:  17% (656/3856)   Receiving objects:  18% (695/3856)   Receiving objects:  19% (733/3856)   Receiving objects:  20% (772/3856)   Receiving objects:  21% (810/3856)   Receiving objects:  22% (849/3856)   Receiving objects:  23% (887/3856)   Receiving objects:  24% (926/3856)   Receiving objects:  25% (964/3856)   Receiving objects:  26% (1003/3856)   Receiving objects:  27% (1042/3856)   Receiving objects:  28% (1080/3856)   Receiving objects:  29% (1119/3856)   Receiving objects:  30% (1157/3856)   Receiving objects:  31% (1196/3856)   Receiving objects:  32% (1234/3856)   Receiving objects:  33% (1273/3856)   Receiving objects:  34% (1312/3856)   Receiving objects:  35% (1350/3856)   Receiving objects:  36% (1389/3856)   Receiving objects:  37% (1427/3856)   Receiving objects:  38% (1466/3856)   Receiving objects:  39% (1504/3856)   Receiving objects:  40% (1543/3856)   Receiving objects:  41% (1581/3856)   Receiving objects:  42% (1620/3856)   Receiving objects:  43% (1659/3856)   Receiving objects:  44% (1697/3856)   Receiving objects:  45% (1736/3856)   Receiving objects:  46% (1774/3856)   Receiving objects:  47% (1813/3856)   Receiving objects:  48% (1851/3856)   Receiving objects:  49% (1890/3856)   Receiving objects:  50% (1928/3856)   Receiving objects:  51% (1967/3856)   Receiving objects:  52% (2006/3856)   Receiving objects:  53% (2044/3856)   Receiving objects:  54% (2083/3856)   Receiving objects:  55% (2121/3856)   Receiving objects:  56% (2160/3856)   Receiving objects:  57% (2198/3856)   Receiving objects:  58% (2237/3856)   Receiving objects:  59% (2276/3856)   Receiving objects:  60% (2314/3856)   Receiving objects:  61% (2353/3856)   Receiving objects:  62% (2391/3856)   Receiving objects:  63% (2430/3856)   Receiving objects:  64% (2468/3856)   Receiving objects:  65% (2507/3856)   Receiving objects:  66% (2545/3856)   Receiving objects:  67% (2584/3856)   Receiving objects:  68% (2623/3856)   Receiving objects:  69% (2661/3856)   Receiving objects:  70% (2700/3856)   Receiving objects:  71% (2738/3856)   Receiving objects:  72% (2777/3856)   Receiving objects:  73% (2815/3856)   Receiving objects:  74% (2854/3856)   Receiving objects:  75% (2892/3856)   Receiving objects:  76% (2931/3856)   Receiving objects:  77% (2970/3856)   Receiving objects:  78% (3008/3856)   Receiving objects:  79% (3047/3856)   Receiving objects:  80% (3085/3856)   Receiving objects:  81% (3124/3856)   Receiving objects:  82% (3162/3856)   Receiving objects:  83% (3201/3856)   Receiving objects:  84% (3240/3856)   Receiving objects:  85% (3278/3856)   Receiving objects:  86% (3317/3856)   Receiving objects:  87% (3355/3856)   Receiving objects:  88% (3394/3856)   Receiving objects:  89% (3432/3856)   Receiving objects:  90% (3471/3856)   Receiving objects:  91% (3509/3856)   Receiving objects:  92% (3548/3856)   Receiving objects:  93% (3587/3856)   Receiving objects:  94% (3625/3856)   Receiving objects:  95% (3664/3856)   Receiving objects:  96% (3702/3856)   Receiving objects:  97% (3741/3856)   Receiving objects:  98% (3779/3856)   remote: Total 3856 (delta 2271), reused 2814 (delta 1713), pack-reused 0[K
Receiving objects:  99% (3818/3856)   Receiving objects: 100% (3856/3856)   Receiving objects: 100% (3856/3856), 2.17 MiB | 0 bytes/s, done.
Resolving deltas:   0% (0/2271)   Resolving deltas:   2% (60/2271)   Resolving deltas:   3% (77/2271)   Resolving deltas:   7% (180/2271)   Resolving deltas:   9% (208/2271)   Resolving deltas:  10% (234/2271)   Resolving deltas:  11% (251/2271)   Resolving deltas:  12% (282/2271)   Resolving deltas:  13% (297/2271)   Resolving deltas:  14% (320/2271)   Resolving deltas:  16% (364/2271)   Resolving deltas:  21% (492/2271)   Resolving deltas:  23% (526/2271)   Resolving deltas:  24% (549/2271)   Resolving deltas:  27% (623/2271)   Resolving deltas:  30% (696/2271)   Resolving deltas:  32% (733/2271)   Resolving deltas:  33% (753/2271)   Resolving deltas:  34% (788/2271)   Resolving deltas:  35% (803/2271)   Resolving deltas:  36% (820/2271)   Resolving deltas:  37% (857/2271)   Resolving deltas:  38% (869/2271)   Resolving deltas:  40% (922/2271)   Resolving deltas:  41% (945/2271)   Resolving deltas:  42% (960/2271)   Resolving deltas:  43% (983/2271)   Resolving deltas:  44% (1001/2271)   Resolving deltas:  45% (1034/2271)   Resolving deltas:  46% (1051/2271)   Resolving deltas:  47% (1074/2271)   Resolving deltas:  49% (1113/2271)   Resolving deltas:  50% (1143/2271)   Resolving deltas:  51% (1165/2271)   Resolving deltas:  52% (1185/2271)   Resolving deltas:  53% (1222/2271)   Resolving deltas:  54% (1239/2271)   Resolving deltas:  55% (1263/2271)   Resolving deltas:  56% (1273/2271)   Resolving deltas:  57% (1314/2271)   Resolving deltas:  58% (1325/2271)   Resolving deltas:  59% (1340/2271)   Resolving deltas:  60% (1363/2271)   Resolving deltas:  61% (1387/2271)   Resolving deltas:  62% (1409/2271)   Resolving deltas:  63% (1433/2271)   Resolving deltas:  64% (1458/2271)   Resolving deltas:  65% (1486/2271)   Resolving deltas:  66% (1508/2271)   Resolving deltas:  67% (1522/2271)   Resolving deltas:  68% (1547/2271)   Resolving deltas:  69% (1578/2271)   Resolving deltas:  70% (1592/2271)   Resolving deltas:  71% (1617/2271)   Resolving deltas:  72% (1640/2271)   Resolving deltas:  73% (1659/2271)   Resolving deltas:  74% (1699/2271)   Resolving deltas:  75% (1707/2271)   Resolving deltas:  76% (1726/2271)   Resolving deltas:  77% (1753/2271)   Resolving deltas:  78% (1774/2271)   Resolving deltas:  79% (1808/2271)   Resolving deltas:  81% (1840/2271)   Resolving deltas:  82% (1863/2271)   Resolving deltas:  83% (1902/2271)   Resolving deltas:  84% (1909/2271)   Resolving deltas:  85% (1931/2271)   Resolving deltas:  86% (1954/2271)   Resolving deltas:  87% (1978/2271)   Resolving deltas:  88% (2004/2271)   Resolving deltas:  89% (2022/2271)   Resolving deltas:  90% (2046/2271)   Resolving deltas:  91% (2069/2271)   Resolving deltas:  92% (2090/2271)   Resolving deltas:  93% (2121/2271)   Resolving deltas:  94% (2139/2271)   Resolving deltas:  95% (2158/2271)   Resolving deltas:  96% (2181/2271)   Resolving deltas:  97% (2205/2271)   Resolving deltas:  98% (2238/2271)   Resolving deltas:  99% (2249/2271)   Resolving deltas: 100% (2271/2271)   Resolving deltas: 100% (2271/2271), done.
Checking connectivity... done.
travis_time:end:0a5d32fa:start=1448815833965706432,finish=1448815835481739931,duration=1516033499[0K$ cd owlcs/owlapi
$ git checkout -qf 691fc830c4610233826a8cba991904f3f58528ad
travis_fold:end:git.checkout[0Ktravis_fold:start:apt[0K[33;1mInstalling APT Packages (BETA)[0m
$ export DEBIAN_FRONTEND=noninteractive
travis_time:start:02ba4056[0K$ sudo -E apt-get -yq update &>> ~/apt-get-update.log
travis_time:end:02ba4056:start=1448815835605231736,finish=1448815840495121616,duration=4889889880[0Ktravis_time:start:0148c60e[0K$ sudo -E apt-get -yq --no-install-suggests --no-install-recommends --force-yes install oracle-java8-installer
Reading package lists...
Building dependency tree...
Reading state information...
Suggested packages:
  binfmt-support visualvm ttf-baekmuk ttf-unfonts ttf-unfonts-core
  ttf-kochi-gothic ttf-sazanami-gothic ttf-kochi-mincho ttf-sazanami-mincho
  ttf-arphic-uming
The following packages will be upgraded:
  oracle-java8-installer
1 upgraded, 0 newly installed, 0 to remove and 219 not upgraded.
Need to get 22.4 kB of archives.
After this operation, 92.2 kB disk space will be freed.
Get:1 http://ppa.launchpad.net/webupd8team/java/ubuntu/ precise/main oracle-java8-installer all 8u66+8u65arm-1~webupd8~1 [22.4 kB]
Fetched 22.4 kB in 0s (95.2 kB/s)
Preconfiguring packages ...
(Reading database ... (Reading database ... 5%(Reading database ... 10%(Reading database ... 15%(Reading database ... 20%(Reading database ... 25%(Reading database ... 30%(Reading database ... 35%(Reading database ... 40%(Reading database ... 45%(Reading database ... 50%(Reading database ... 55%(Reading database ... 60%(Reading database ... 65%(Reading database ... 70%(Reading database ... 75%(Reading database ... 80%(Reading database ... 85%(Reading database ... 90%(Reading database ... 95%(Reading database ... 100%(Reading database ... 72019 files and directories currently installed.)
Preparing to replace oracle-java8-installer 8u31+8u33arm-1~webupd8~1 (using .../oracle-java8-installer_8u66+8u65arm-1~webupd8~1_all.deb) ...
oracle-license-v1-1 license has already been accepted
Unpacking replacement oracle-java8-installer ...
Processing triggers for shared-mime-info ...
Setting up oracle-java8-installer (8u66+8u65arm-1~webupd8~1) ...
Downloading Oracle Java 8...
--2015-11-29 16:50:47--  http://download.oracle.com/otn-pub/java/jdk/8u66-b17/jdk-8u66-linux-x64.tar.gz
Resolving download.oracle.com (download.oracle.com)... 23.0.160.74, 23.0.160.80
Connecting to download.oracle.com (download.oracle.com)|23.0.160.74|:80... connected.
HTTP request sent, awaiting response... 302 Moved Temporarily
Location: https://edelivery.oracle.com/otn-pub/java/jdk/8u66-b17/jdk-8u66-linux-x64.tar.gz [following]
--2015-11-29 16:50:47--  https://edelivery.oracle.com/otn-pub/java/jdk/8u66-b17/jdk-8u66-linux-x64.tar.gz
Resolving edelivery.oracle.com (edelivery.oracle.com)... 23.218.108.125
Connecting to edelivery.oracle.com (edelivery.oracle.com)|23.218.108.125|:443... connected.
HTTP request sent, awaiting response... 302 Moved Temporarily
Location: http://download.oracle.com/otn-pub/java/jdk/8u66-b17/jdk-8u66-linux-x64.tar.gz?AuthParam=1448815967_2c8248fd7c696abab1a8a290e6eef167 [following]
--2015-11-29 16:50:47--  http://download.oracle.com/otn-pub/java/jdk/8u66-b17/jdk-8u66-linux-x64.tar.gz?AuthParam=1448815967_2c8248fd7c696abab1a8a290e6eef167
Connecting to download.oracle.com (download.oracle.com)|23.0.160.74|:80... connected.
HTTP request sent, awaiting response... 200 OK
Length: 181287376 (173M) [application/x-gzip]
Saving to: `jdk-8u66-linux-x64.tar.gz'

     0K ........ ........ ........ ........ ........ ........  1% 17.1M 10s
  3072K ........ ........ ........ ........ ........ ........  3% 15.0M 10s
  6144K ........ ........ ........ ........ ........ ........  5% 19.8M 10s
  9216K ........ ........ ........ ........ ........ ........  6% 19.2M 9s
 12288K ........ ........ ........ ........ ........ ........  8% 15.2M 9s
 15360K ........ ........ ........ ........ ........ ........ 10% 16.5M 9s
 18432K ........ ........ ........ ........ ........ ........ 12% 16.7M 9s
 21504K ........ ........ ........ ........ ........ ........ 13% 15.4M 9s
 24576K ........ ........ ........ ........ ........ ........ 15% 16.0M 9s
 27648K ........ ........ ........ ........ ........ ........ 17% 15.6M 9s
 30720K ........ ........ ........ ........ ........ ........ 19% 18.6M 8s
 33792K ........ ........ ........ ........ ........ ........ 20% 19.5M 8s
 36864K ........ ........ ........ ........ ........ ........ 22% 15.9M 8s
 39936K ........ ........ ........ ........ ........ ........ 24% 19.3M 8s
 43008K ........ ........ ........ ........ ........ ........ 26% 15.1M 8s
 46080K ........ ........ ........ ........ ........ ........ 27% 15.0M 7s
 49152K ........ ........ ........ ........ ........ ........ 29% 13.8M 7s
 52224K ........ ........ ........ ........ ........ ........ 31% 17.1M 7s
 55296K ........ ........ ........ ........ ........ ........ 32% 14.6M 7s
 58368K ........ ........ ........ ........ ........ ........ 34% 14.2M 7s
 61440K ........ ........ ........ ........ ........ ........ 36% 16.4M 7s
 64512K ........ ........ ........ ........ ........ ........ 38% 15.1M 7s
 67584K ........ ........ ........ ........ ........ ........ 39% 14.7M 6s
 70656K ........ ........ ........ ........ ........ ........ 41% 16.0M 6s
 73728K ........ ........ ........ ........ ........ ........ 43% 17.2M 6s
 76800K ........ ........ ........ ........ ........ ........ 45% 16.7M 6s
 79872K ........ ........ ........ ........ ........ ........ 46% 15.2M 6s
 82944K ........ ........ ........ ........ ........ ........ 48% 14.9M 6s
 86016K ........ ........ ........ ........ ........ ........ 50% 17.7M 5s
 89088K ........ ........ ........ ........ ........ ........ 52% 15.3M 5s
 92160K ........ ........ ........ ........ ........ ........ 53% 16.7M 5s
 95232K ........ ........ ........ ........ ........ ........ 55% 16.9M 5s
 98304K ........ ........ ........ ........ ........ ........ 57% 14.3M 5s
101376K ........ ........ ........ ........ ........ ........ 58% 14.5M 4s
104448K ........ ........ ........ ........ ........ ........ 60% 15.1M 4s
107520K ........ ........ ........ ........ ........ ........ 62% 13.7M 4s
110592K ........ ........ ........ ........ ........ ........ 64% 14.9M 4s
113664K ........ ........ ........ ........ ........ ........ 65% 15.6M 4s
116736K ........ ........ ........ ........ ........ ........ 67% 16.8M 4s
119808K ........ ........ ........ ........ ........ ........ 69% 16.0M 3s
122880K ........ ........ ........ ........ ........ ........ 71% 13.7M 3s
125952K ........ ........ ........ ........ ........ ........ 72% 15.3M 3s
129024K ........ ........ ........ ........ ........ ........ 74% 18.1M 3s
132096K ........ ........ ........ ........ ........ ........ 76% 17.7M 3s
135168K ........ ........ ........ ........ ........ ........ 78% 14.7M 2s
138240K ........ ........ ........ ........ ........ ........ 79% 14.8M 2s
141312K ........ ........ ........ ........ ........ ........ 81% 13.5M 2s
144384K ........ ........ ........ ........ ........ ........ 83% 15.2M 2s
147456K ........ ........ ........ ........ ........ ........ 85% 13.8M 2s
150528K ........ ........ ........ ........ ........ ........ 86% 13.1M 1s
153600K ........ ........ ........ ........ ........ ........ 88% 15.6M 1s
156672K ........ ........ ........ ........ ........ ........ 90% 14.9M 1s
159744K ........ ........ ........ ........ ........ ........ 91% 13.8M 1s
162816K ........ ........ ........ ........ ........ ........ 93% 15.8M 1s
165888K ........ ........ ........ ........ ........ ........ 95% 13.9M 1s
168960K ........ ........ ........ ........ ........ ........ 97% 14.2M 0s
172032K ........ ........ ........ ........ ........ ........ 98% 14.3M 0s
175104K ........ ........ ........ ......                    100% 17.9M=11s

2015-11-29 16:50:59 (15.6 MB/s) - `jdk-8u66-linux-x64.tar.gz' saved [181287376/181287376]

Download done.
Removing outdated cached downloads...
Oracle JDK 8 installed
Oracle JRE 8 browser plugin installed
travis_time:end:0148c60e:start=1448815840498568418,finish=1448815864911178137,duration=24412609719[0Ktravis_fold:end:apt[0K
[33;1mThis job is running on container-based infrastructure, which does not allow use of 'sudo', setuid and setguid executables.[0m
[33;1mIf you require sudo, add 'sudo: required' to your .travis.yml[0m
[33;1mSee http://docs.travis-ci.com/user/workers/container-based-infrastructure/ for details.[0m
travis_fold:start:cache.1[0KSetting up build cache
$ export CASHER_DIR=$HOME/.casher
travis_time:start:066c2a45[0K$ Installing caching utilities
travis_time:end:066c2a45:start=1448815867857393500,finish=1448815867937260256,duration=79866756[0Ktravis_time:start:08470ecf[0Ktravis_time:end:08470ecf:start=1448815867941933406,finish=1448815867944904867,duration=2971461[0Ktravis_time:start:0e2f9692[0Kattempting to download cache archive
fetching version5/cache--jdk-oraclejdk8.tgz
found cache
travis_time:end:0e2f9692:start=1448815867948554179,finish=1448815873486199028,duration=5537644849[0Ktravis_time:start:2a0688b0[0Ktravis_time:end:2a0688b0:start=1448815873490083672,finish=1448815873493390904,duration=3307232[0Ktravis_time:start:148e03d8[0Kadding /home/travis/.m2 to cache
travis_time:end:148e03d8:start=1448815873497075630,finish=1448815875047844777,duration=1550769147[0Ktravis_fold:end:cache.1[0K$ jdk_switcher use oraclejdk8
Switching to Oracle JDK8 (java-8-oracle), JAVA_HOME will be set to /usr/lib/jvm/java-8-oracle
$ java -Xmx32m -version
java version "1.8.0_66"
Java(TM) SE Runtime Environment (build 1.8.0_66-b17)
Java HotSpot(TM) 64-Bit Server VM (build 25.66-b17, mixed mode)
$ javac -J-Xmx32m -version
javac 1.8.0_66
travis_fold:start:install[0Ktravis_time:start:02769633[0K$ mvn install -DskipTests=true -Dmaven.javadoc.skip=true -B -V
Java HotSpot(TM) 64-Bit Server VM warning: ignoring option MaxPermSize=192m; support was removed in 8.0
Apache Maven 3.2.5 (12a6b3acb947671f09b81f49094c53f426d8cea1; 2014-12-14T17:29:23+00:00)
Maven home: /usr/local/maven
Java version: 1.8.0_66, vendor: Oracle Corporation
Java home: /usr/lib/jvm/java-8-oracle/jre
Default locale: en_US, platform encoding: UTF-8
OS name: "linux", version: "3.13.0-40-generic", arch: "amd64", family: "unix"
[INFO] Scanning for projects...
[INFO] Inspecting build with total of 13 modules...
[INFO] Installing Nexus Staging features:
[INFO]   ... total of 13 executions of maven-deploy-plugin replaced with nexus-staging-maven-plugin
[INFO] ------------------------------------------------------------------------
[INFO] Reactor Build Order:
[INFO] 
[INFO] OWLAPI
[INFO] OWLAPI Model Interfaces and utilities
[INFO] OWLAPI Default Implementation
[INFO] tools
[INFO] parsers
[INFO] oboformat parser
[INFO] OWLAPITOOLS OWL profile and fixers
[INFO] OWLAPI :: Sesame Rio module
[INFO] OWLAPI Binding and Config
[INFO] compatibility
[INFO] tests and tutorials
[INFO] OWLAPI Distribution
[INFO] OWLAPI OSGi and Compatibility Distribution
[INFO]                                                                         
[INFO] ------------------------------------------------------------------------
[INFO] Building OWLAPI 5.0.0-ALPHA-SNAPSHOT
[INFO] ------------------------------------------------------------------------
[INFO] 
[INFO] --- maven-enforcer-plugin:1.0:enforce (enforce-maven) @ owlapi-parent ---
[INFO] 
[INFO] >>> maven-source-plugin:2.2.1:jar (attach-sources) > generate-sources @ owlapi-parent >>>
[INFO] 
[INFO] --- maven-enforcer-plugin:1.0:enforce (enforce-maven) @ owlapi-parent ---
[INFO] 
[INFO] <<< maven-source-plugin:2.2.1:jar (attach-sources) < generate-sources @ owlapi-parent <<<
[INFO] 
[INFO] --- maven-source-plugin:2.2.1:jar (attach-sources) @ owlapi-parent ---
[INFO] 
[INFO] --- maven-javadoc-plugin:2.8.1:jar (attach-javadocs) @ owlapi-parent ---
[INFO] Skipping javadoc generation
[INFO] 
[INFO] --- maven-failsafe-plugin:2.18.1:integration-test (default) @ owlapi-parent ---
[INFO] Tests are skipped.
[INFO] 
[INFO] --- maven-failsafe-plugin:2.18.1:verify (default) @ owlapi-parent ---
[INFO] Tests are skipped.
[INFO] 
[INFO] --- maven-install-plugin:2.4:install (default-install) @ owlapi-parent ---
[INFO] Installing /home/travis/build/owlcs/owlapi/pom.xml to /home/travis/.m2/repository/net/sourceforge/owlapi/owlapi-parent/5.0.0-ALPHA-SNAPSHOT/owlapi-parent-5.0.0-ALPHA-SNAPSHOT.pom
[INFO]                                                                         
[INFO] ------------------------------------------------------------------------
[INFO] Building OWLAPI Model Interfaces and utilities 5.0.0-ALPHA-SNAPSHOT
[INFO] ------------------------------------------------------------------------
[INFO] 
[INFO] --- maven-enforcer-plugin:1.0:enforce (enforce-maven) @ owlapi-api ---
[INFO] 
[INFO] --- maven-resources-plugin:2.6:resources (default-resources) @ owlapi-api ---
[INFO] Using 'UTF-8' encoding to copy filtered resources.
[INFO] skip non existing resourceDirectory /home/travis/build/owlcs/owlapi/api/src/main/resources
[INFO] 
[INFO] --- maven-compiler-plugin:3.2:compile (default-compile) @ owlapi-api ---
[INFO] Changes detected - recompiling the module!
[INFO] Compiling 738 source files to /home/travis/build/owlcs/owlapi/api/target/classes
[INFO] /home/travis/build/owlcs/owlapi/api/src/main/java/org/semanticweb/owlapi/util/CollectionFactory.java: Some input files use unchecked or unsafe operations.
[INFO] /home/travis/build/owlcs/owlapi/api/src/main/java/org/semanticweb/owlapi/util/CollectionFactory.java: Recompile with -Xlint:unchecked for details.
[INFO] 
[INFO] --- maven-resources-plugin:2.6:testResources (default-testResources) @ owlapi-api ---
[INFO] Using 'UTF-8' encoding to copy filtered resources.
[INFO] Copying 1 resource
[INFO] 
[INFO] --- maven-compiler-plugin:3.2:testCompile (default-testCompile) @ owlapi-api ---
[INFO] Changes detected - recompiling the module!
[INFO] Compiling 8 source files to /home/travis/build/owlcs/owlapi/api/target/test-classes
[INFO] 
[INFO] --- maven-surefire-plugin:2.18.1:test (default-test) @ owlapi-api ---
[INFO] Tests are skipped.
[INFO] 
[INFO] --- maven-jar-plugin:2.4:jar (default-jar) @ owlapi-api ---
[INFO] Building jar: /home/travis/build/owlcs/owlapi/api/target/owlapi-api-5.0.0-ALPHA-SNAPSHOT.jar
[INFO] 
[INFO] >>> maven-source-plugin:2.2.1:jar (attach-sources) > generate-sources @ owlapi-api >>>
[INFO] 
[INFO] --- maven-enforcer-plugin:1.0:enforce (enforce-maven) @ owlapi-api ---
[INFO] 
[INFO] <<< maven-source-plugin:2.2.1:jar (attach-sources) < generate-sources @ owlapi-api <<<
[INFO] 
[INFO] --- maven-source-plugin:2.2.1:jar (attach-sources) @ owlapi-api ---
[INFO] Building jar: /home/travis/build/owlcs/owlapi/api/target/owlapi-api-5.0.0-ALPHA-SNAPSHOT-sources.jar
[INFO] 
[INFO] --- maven-javadoc-plugin:2.8.1:jar (attach-javadocs) @ owlapi-api ---
[INFO] Skipping javadoc generation
[INFO] 
[INFO] --- maven-failsafe-plugin:2.18.1:integration-test (default) @ owlapi-api ---
[INFO] Tests are skipped.
[INFO] 
[INFO] --- maven-failsafe-plugin:2.18.1:verify (default) @ owlapi-api ---
[INFO] Tests are skipped.
[INFO] 
[INFO] --- maven-install-plugin:2.4:install (default-install) @ owlapi-api ---
[INFO] Installing /home/travis/build/owlcs/owlapi/api/target/owlapi-api-5.0.0-ALPHA-SNAPSHOT.jar to /home/travis/.m2/repository/net/sourceforge/owlapi/owlapi-api/5.0.0-ALPHA-SNAPSHOT/owlapi-api-5.0.0-ALPHA-SNAPSHOT.jar
[INFO] Installing /home/travis/build/owlcs/owlapi/api/pom.xml to /home/travis/.m2/repository/net/sourceforge/owlapi/owlapi-api/5.0.0-ALPHA-SNAPSHOT/owlapi-api-5.0.0-ALPHA-SNAPSHOT.pom
[INFO] Installing /home/travis/build/owlcs/owlapi/api/target/owlapi-api-5.0.0-ALPHA-SNAPSHOT-sources.jar to /home/travis/.m2/repository/net/sourceforge/owlapi/owlapi-api/5.0.0-ALPHA-SNAPSHOT/owlapi-api-5.0.0-ALPHA-SNAPSHOT-sources.jar
[INFO]                                                                         
[INFO] ------------------------------------------------------------------------
[INFO] Building OWLAPI Default Implementation 5.0.0-ALPHA-SNAPSHOT
[INFO] ------------------------------------------------------------------------
[INFO] 
[INFO] --- maven-enforcer-plugin:1.0:enforce (enforce-maven) @ owlapi-impl ---
[INFO] 
[INFO] --- maven-resources-plugin:2.6:resources (default-resources) @ owlapi-impl ---
[INFO] Using 'UTF-8' encoding to copy filtered resources.
[INFO] skip non existing resourceDirectory /home/travis/build/owlcs/owlapi/impl/src/main/resources
[INFO] 
[INFO] --- maven-compiler-plugin:3.2:compile (default-compile) @ owlapi-impl ---
[INFO] Changes detected - recompiling the module!
[INFO] Compiling 181 source files to /home/travis/build/owlcs/owlapi/impl/target/classes
[INFO] /home/travis/build/owlcs/owlapi/impl/src/main/java/uk/ac/manchester/cs/owl/owlapi/Internals.java: Some input files use or override a deprecated API.
[INFO] /home/travis/build/owlcs/owlapi/impl/src/main/java/uk/ac/manchester/cs/owl/owlapi/Internals.java: Recompile with -Xlint:deprecation for details.
[INFO] /home/travis/build/owlcs/owlapi/impl/src/main/java/uk/ac/manchester/cs/owl/owlapi/concurrent/ConcurrentPriorityCollection.java: /home/travis/build/owlcs/owlapi/impl/src/main/java/uk/ac/manchester/cs/owl/owlapi/concurrent/ConcurrentPriorityCollection.java uses unchecked or unsafe operations.
[INFO] /home/travis/build/owlcs/owlapi/impl/src/main/java/uk/ac/manchester/cs/owl/owlapi/concurrent/ConcurrentPriorityCollection.java: Recompile with -Xlint:unchecked for details.
[INFO] 
[INFO] --- maven-resources-plugin:2.6:testResources (default-testResources) @ owlapi-impl ---
[INFO] Using 'UTF-8' encoding to copy filtered resources.
[INFO] skip non existing resourceDirectory /home/travis/build/owlcs/owlapi/impl/src/test/resources
[INFO] 
[INFO] --- maven-compiler-plugin:3.2:testCompile (default-testCompile) @ owlapi-impl ---
[INFO] Changes detected - recompiling the module!
[INFO] Compiling 7 source files to /home/travis/build/owlcs/owlapi/impl/target/test-classes
[INFO] /home/travis/build/owlcs/owlapi/impl/src/test/java/uk/ac/manchester/cs/owl/owlapi/concurrent/OWLOntologyManager_Concurrent_TestCase.java: /home/travis/build/owlcs/owlapi/impl/src/test/java/uk/ac/manchester/cs/owl/owlapi/concurrent/OWLOntologyManager_Concurrent_TestCase.java uses unchecked or unsafe operations.
[INFO] /home/travis/build/owlcs/owlapi/impl/src/test/java/uk/ac/manchester/cs/owl/owlapi/concurrent/OWLOntologyManager_Concurrent_TestCase.java: Recompile with -Xlint:unchecked for details.
[INFO] 
[INFO] --- maven-surefire-plugin:2.18.1:test (default-test) @ owlapi-impl ---
[INFO] Tests are skipped.
[INFO] 
[INFO] --- maven-jar-plugin:2.4:jar (default-jar) @ owlapi-impl ---
[INFO] Building jar: /home/travis/build/owlcs/owlapi/impl/target/owlapi-impl-5.0.0-ALPHA-SNAPSHOT.jar
[INFO] 
[INFO] >>> maven-source-plugin:2.2.1:jar (attach-sources) > generate-sources @ owlapi-impl >>>
[INFO] 
[INFO] --- maven-enforcer-plugin:1.0:enforce (enforce-maven) @ owlapi-impl ---
[INFO] 
[INFO] <<< maven-source-plugin:2.2.1:jar (attach-sources) < generate-sources @ owlapi-impl <<<
[INFO] 
[INFO] --- maven-source-plugin:2.2.1:jar (attach-sources) @ owlapi-impl ---
[INFO] Building jar: /home/travis/build/owlcs/owlapi/impl/target/owlapi-impl-5.0.0-ALPHA-SNAPSHOT-sources.jar
[INFO] 
[INFO] --- maven-javadoc-plugin:2.8.1:jar (attach-javadocs) @ owlapi-impl ---
[INFO] Skipping javadoc generation
[INFO] 
[INFO] --- maven-failsafe-plugin:2.18.1:integration-test (default) @ owlapi-impl ---
[INFO] Tests are skipped.
[INFO] 
[INFO] --- maven-failsafe-plugin:2.18.1:verify (default) @ owlapi-impl ---
[INFO] Tests are skipped.
[INFO] 
[INFO] --- maven-install-plugin:2.4:install (default-install) @ owlapi-impl ---
[INFO] Installing /home/travis/build/owlcs/owlapi/impl/target/owlapi-impl-5.0.0-ALPHA-SNAPSHOT.jar to /home/travis/.m2/repository/net/sourceforge/owlapi/owlapi-impl/5.0.0-ALPHA-SNAPSHOT/owlapi-impl-5.0.0-ALPHA-SNAPSHOT.jar
[INFO] Installing /home/travis/build/owlcs/owlapi/impl/pom.xml to /home/travis/.m2/repository/net/sourceforge/owlapi/owlapi-impl/5.0.0-ALPHA-SNAPSHOT/owlapi-impl-5.0.0-ALPHA-SNAPSHOT.pom
[INFO] Installing /home/travis/build/owlcs/owlapi/impl/target/owlapi-impl-5.0.0-ALPHA-SNAPSHOT-sources.jar to /home/travis/.m2/repository/net/sourceforge/owlapi/owlapi-impl/5.0.0-ALPHA-SNAPSHOT/owlapi-impl-5.0.0-ALPHA-SNAPSHOT-sources.jar
[INFO]                                                                         
[INFO] ------------------------------------------------------------------------
[INFO] Building tools 5.0.0-ALPHA-SNAPSHOT
[INFO] ------------------------------------------------------------------------
[INFO] 
[INFO] --- maven-enforcer-plugin:1.0:enforce (enforce-maven) @ owlapi-tools ---
[INFO] 
[INFO] --- maven-resources-plugin:2.6:resources (default-resources) @ owlapi-tools ---
[INFO] Using 'UTF-8' encoding to copy filtered resources.
[INFO] skip non existing resourceDirectory /home/travis/build/owlcs/owlapi/tools/src/main/resources
[INFO] 
[INFO] --- maven-compiler-plugin:3.2:compile (default-compile) @ owlapi-tools ---
[INFO] Changes detected - recompiling the module!
[INFO] Compiling 75 source files to /home/travis/build/owlcs/owlapi/tools/target/classes
[INFO] 
[INFO] --- maven-resources-plugin:2.6:testResources (default-testResources) @ owlapi-tools ---
[INFO] Using 'UTF-8' encoding to copy filtered resources.
[INFO] skip non existing resourceDirectory /home/travis/build/owlcs/owlapi/tools/src/test/resources
[INFO] 
[INFO] --- maven-compiler-plugin:3.2:testCompile (default-testCompile) @ owlapi-tools ---
[INFO] No sources to compile
[INFO] 
[INFO] --- maven-surefire-plugin:2.18.1:test (default-test) @ owlapi-tools ---
[INFO] Tests are skipped.
[INFO] 
[INFO] --- maven-jar-plugin:2.4:jar (default-jar) @ owlapi-tools ---
[INFO] Building jar: /home/travis/build/owlcs/owlapi/tools/target/owlapi-tools-5.0.0-ALPHA-SNAPSHOT.jar
[INFO] 
[INFO] >>> maven-source-plugin:2.2.1:jar (attach-sources) > generate-sources @ owlapi-tools >>>
[INFO] 
[INFO] --- maven-enforcer-plugin:1.0:enforce (enforce-maven) @ owlapi-tools ---
[INFO] 
[INFO] <<< maven-source-plugin:2.2.1:jar (attach-sources) < generate-sources @ owlapi-tools <<<
[INFO] 
[INFO] --- maven-source-plugin:2.2.1:jar (attach-sources) @ owlapi-tools ---
[INFO] Building jar: /home/travis/build/owlcs/owlapi/tools/target/owlapi-tools-5.0.0-ALPHA-SNAPSHOT-sources.jar
[INFO] 
[INFO] --- maven-javadoc-plugin:2.8.1:jar (attach-javadocs) @ owlapi-tools ---
[INFO] Skipping javadoc generation
[INFO] 
[INFO] --- maven-failsafe-plugin:2.18.1:integration-test (default) @ owlapi-tools ---
[INFO] Tests are skipped.
[INFO] 
[INFO] --- maven-failsafe-plugin:2.18.1:verify (default) @ owlapi-tools ---
[INFO] Tests are skipped.
[INFO] 
[INFO] --- maven-install-plugin:2.4:install (default-install) @ owlapi-tools ---
[INFO] Installing /home/travis/build/owlcs/owlapi/tools/target/owlapi-tools-5.0.0-ALPHA-SNAPSHOT.jar to /home/travis/.m2/repository/net/sourceforge/owlapi/owlapi-tools/5.0.0-ALPHA-SNAPSHOT/owlapi-tools-5.0.0-ALPHA-SNAPSHOT.jar
[INFO] Installing /home/travis/build/owlcs/owlapi/tools/pom.xml to /home/travis/.m2/repository/net/sourceforge/owlapi/owlapi-tools/5.0.0-ALPHA-SNAPSHOT/owlapi-tools-5.0.0-ALPHA-SNAPSHOT.pom
[INFO] Installing /home/travis/build/owlcs/owlapi/tools/target/owlapi-tools-5.0.0-ALPHA-SNAPSHOT-sources.jar to /home/travis/.m2/repository/net/sourceforge/owlapi/owlapi-tools/5.0.0-ALPHA-SNAPSHOT/owlapi-tools-5.0.0-ALPHA-SNAPSHOT-sources.jar
[INFO]                                                                         
[INFO] ------------------------------------------------------------------------
[INFO] Building parsers 5.0.0-ALPHA-SNAPSHOT
[INFO] ------------------------------------------------------------------------
[INFO] 
[INFO] --- maven-enforcer-plugin:1.0:enforce (enforce-maven) @ owlapi-parsers ---
[INFO] 
[INFO] --- maven-resources-plugin:2.6:resources (default-resources) @ owlapi-parsers ---
[INFO] Using 'UTF-8' encoding to copy filtered resources.
[INFO] Copying 2 resources
[INFO] 
[INFO] --- maven-compiler-plugin:3.2:compile (default-compile) @ owlapi-parsers ---
[INFO] Changes detected - recompiling the module!
[INFO] Compiling 197 source files to /home/travis/build/owlcs/owlapi/parsers/target/classes
[INFO] /home/travis/build/owlcs/owlapi/parsers/src/main/java/org/semanticweb/owlapi/functional/parser/OWLFunctionalSyntaxParser.java: Some input files use or override a deprecated API.
[INFO] /home/travis/build/owlcs/owlapi/parsers/src/main/java/org/semanticweb/owlapi/functional/parser/OWLFunctionalSyntaxParser.java: Recompile with -Xlint:deprecation for details.
[INFO] /home/travis/build/owlcs/owlapi/parsers/src/main/java/org/semanticweb/owlapi/rdf/model/AbstractTranslator.java: /home/travis/build/owlcs/owlapi/parsers/src/main/java/org/semanticweb/owlapi/rdf/model/AbstractTranslator.java uses unchecked or unsafe operations.
[INFO] /home/travis/build/owlcs/owlapi/parsers/src/main/java/org/semanticweb/owlapi/rdf/model/AbstractTranslator.java: Recompile with -Xlint:unchecked for details.
[INFO] 
[INFO] --- maven-resources-plugin:2.6:testResources (default-testResources) @ owlapi-parsers ---
[INFO] Using 'UTF-8' encoding to copy filtered resources.
[INFO] skip non existing resourceDirectory /home/travis/build/owlcs/owlapi/parsers/src/test/resources
[INFO] 
[INFO] --- maven-compiler-plugin:3.2:testCompile (default-testCompile) @ owlapi-parsers ---
[INFO] Changes detected - recompiling the module!
[INFO] Compiling 1 source file to /home/travis/build/owlcs/owlapi/parsers/target/test-classes
[INFO] 
[INFO] --- maven-surefire-plugin:2.18.1:test (default-test) @ owlapi-parsers ---
[INFO] Tests are skipped.
[INFO] 
[INFO] --- maven-jar-plugin:2.4:jar (default-jar) @ owlapi-parsers ---
[INFO] Building jar: /home/travis/build/owlcs/owlapi/parsers/target/owlapi-parsers-5.0.0-ALPHA-SNAPSHOT.jar
[INFO] 
[INFO] >>> maven-source-plugin:2.2.1:jar (attach-sources) > generate-sources @ owlapi-parsers >>>
[INFO] 
[INFO] --- maven-enforcer-plugin:1.0:enforce (enforce-maven) @ owlapi-parsers ---
[INFO] 
[INFO] <<< maven-source-plugin:2.2.1:jar (attach-sources) < generate-sources @ owlapi-parsers <<<
[INFO] 
[INFO] --- maven-source-plugin:2.2.1:jar (attach-sources) @ owlapi-parsers ---
[INFO] Building jar: /home/travis/build/owlcs/owlapi/parsers/target/owlapi-parsers-5.0.0-ALPHA-SNAPSHOT-sources.jar
[INFO] 
[INFO] --- maven-javadoc-plugin:2.8.1:jar (attach-javadocs) @ owlapi-parsers ---
[INFO] Skipping javadoc generation
[INFO] 
[INFO] --- maven-failsafe-plugin:2.18.1:integration-test (default) @ owlapi-parsers ---
[INFO] Tests are skipped.
[INFO] 
[INFO] --- maven-failsafe-plugin:2.18.1:verify (default) @ owlapi-parsers ---
[INFO] Tests are skipped.
[INFO] 
[INFO] --- maven-install-plugin:2.4:install (default-install) @ owlapi-parsers ---
[INFO] Installing /home/travis/build/owlcs/owlapi/parsers/target/owlapi-parsers-5.0.0-ALPHA-SNAPSHOT.jar to /home/travis/.m2/repository/net/sourceforge/owlapi/owlapi-parsers/5.0.0-ALPHA-SNAPSHOT/owlapi-parsers-5.0.0-ALPHA-SNAPSHOT.jar
[INFO] Installing /home/travis/build/owlcs/owlapi/parsers/pom.xml to /home/travis/.m2/repository/net/sourceforge/owlapi/owlapi-parsers/5.0.0-ALPHA-SNAPSHOT/owlapi-parsers-5.0.0-ALPHA-SNAPSHOT.pom
[INFO] Installing /home/travis/build/owlcs/owlapi/parsers/target/owlapi-parsers-5.0.0-ALPHA-SNAPSHOT-sources.jar to /home/travis/.m2/repository/net/sourceforge/owlapi/owlapi-parsers/5.0.0-ALPHA-SNAPSHOT/owlapi-parsers-5.0.0-ALPHA-SNAPSHOT-sources.jar
[INFO]                                                                         
[INFO] ------------------------------------------------------------------------
[INFO] Building oboformat parser 5.0.0-ALPHA-SNAPSHOT
[INFO] ------------------------------------------------------------------------
[INFO] 
[INFO] --- maven-enforcer-plugin:1.0:enforce (enforce-maven) @ owlapi-oboformat ---
[INFO] 
[INFO] --- maven-resources-plugin:2.6:resources (default-resources) @ owlapi-oboformat ---
[INFO] Using 'UTF-8' encoding to copy filtered resources.
[INFO] Copying 2 resources
[INFO] 
[INFO] --- maven-compiler-plugin:3.2:compile (default-compile) @ owlapi-oboformat ---
[INFO] Changes detected - recompiling the module!
[INFO] Compiling 41 source files to /home/travis/build/owlcs/owlapi/oboformat/target/classes
[INFO] 
[INFO] --- maven-resources-plugin:2.6:testResources (default-testResources) @ owlapi-oboformat ---
[INFO] Using 'UTF-8' encoding to copy filtered resources.
[INFO] skip non existing resourceDirectory /home/travis/build/owlcs/owlapi/oboformat/src/test/resources
[INFO] 
[INFO] --- maven-compiler-plugin:3.2:testCompile (default-testCompile) @ owlapi-oboformat ---
[INFO] Changes detected - recompiling the module!
[INFO] Compiling 1 source file to /home/travis/build/owlcs/owlapi/oboformat/target/test-classes
[INFO] 
[INFO] --- maven-surefire-plugin:2.18.1:test (default-test) @ owlapi-oboformat ---
[INFO] Tests are skipped.
[INFO] 
[INFO] --- maven-jar-plugin:2.4:jar (default-jar) @ owlapi-oboformat ---
[INFO] Building jar: /home/travis/build/owlcs/owlapi/oboformat/target/owlapi-oboformat-5.0.0-ALPHA-SNAPSHOT.jar
[INFO] 
[INFO] >>> maven-source-plugin:2.2.1:jar (attach-sources) > generate-sources @ owlapi-oboformat >>>
[INFO] 
[INFO] --- maven-enforcer-plugin:1.0:enforce (enforce-maven) @ owlapi-oboformat ---
[INFO] 
[INFO] <<< maven-source-plugin:2.2.1:jar (attach-sources) < generate-sources @ owlapi-oboformat <<<
[INFO] 
[INFO] --- maven-source-plugin:2.2.1:jar (attach-sources) @ owlapi-oboformat ---
[INFO] Building jar: /home/travis/build/owlcs/owlapi/oboformat/target/owlapi-oboformat-5.0.0-ALPHA-SNAPSHOT-sources.jar
[INFO] 
[INFO] --- maven-javadoc-plugin:2.8.1:jar (attach-javadocs) @ owlapi-oboformat ---
[INFO] Skipping javadoc generation
[INFO] 
[INFO] --- maven-failsafe-plugin:2.18.1:integration-test (default) @ owlapi-oboformat ---
[INFO] Tests are skipped.
[INFO] 
[INFO] --- maven-failsafe-plugin:2.18.1:verify (default) @ owlapi-oboformat ---
[INFO] Tests are skipped.
[INFO] 
[INFO] --- maven-install-plugin:2.4:install (default-install) @ owlapi-oboformat ---
[INFO] Installing /home/travis/build/owlcs/owlapi/oboformat/target/owlapi-oboformat-5.0.0-ALPHA-SNAPSHOT.jar to /home/travis/.m2/repository/net/sourceforge/owlapi/owlapi-oboformat/5.0.0-ALPHA-SNAPSHOT/owlapi-oboformat-5.0.0-ALPHA-SNAPSHOT.jar
[INFO] Installing /home/travis/build/owlcs/owlapi/oboformat/pom.xml to /home/travis/.m2/repository/net/sourceforge/owlapi/owlapi-oboformat/5.0.0-ALPHA-SNAPSHOT/owlapi-oboformat-5.0.0-ALPHA-SNAPSHOT.pom
[INFO] Installing /home/travis/build/owlcs/owlapi/oboformat/target/owlapi-oboformat-5.0.0-ALPHA-SNAPSHOT-sources.jar to /home/travis/.m2/repository/net/sourceforge/owlapi/owlapi-oboformat/5.0.0-ALPHA-SNAPSHOT/owlapi-oboformat-5.0.0-ALPHA-SNAPSHOT-sources.jar
[INFO]                                                                         
[INFO] ------------------------------------------------------------------------
[INFO] Building OWLAPITOOLS OWL profile and fixers 5.0.0-ALPHA-SNAPSHOT
[INFO] ------------------------------------------------------------------------
[INFO] 
[INFO] --- maven-enforcer-plugin:1.0:enforce (enforce-maven) @ owlapi-fixers ---
[INFO] 
[INFO] --- maven-resources-plugin:2.6:resources (default-resources) @ owlapi-fixers ---
[INFO] Using 'UTF-8' encoding to copy filtered resources.
[INFO] skip non existing resourceDirectory /home/travis/build/owlcs/owlapi/fixers/src/main/resources
[INFO] 
[INFO] --- maven-compiler-plugin:3.2:compile (default-compile) @ owlapi-fixers ---
[INFO] Changes detected - recompiling the module!
[INFO] Compiling 96 source files to /home/travis/build/owlcs/owlapi/fixers/target/classes
[INFO] 
[INFO] --- maven-resources-plugin:2.6:testResources (default-testResources) @ owlapi-fixers ---
[INFO] Using 'UTF-8' encoding to copy filtered resources.
[INFO] skip non existing resourceDirectory /home/travis/build/owlcs/owlapi/fixers/src/test/resources
[INFO] 
[INFO] --- maven-compiler-plugin:3.2:testCompile (default-testCompile) @ owlapi-fixers ---
[INFO] Changes detected - recompiling the module!
[INFO] Compiling 5 source files to /home/travis/build/owlcs/owlapi/fixers/target/test-classes
[INFO] 
[INFO] --- maven-surefire-plugin:2.18.1:test (default-test) @ owlapi-fixers ---
[INFO] Tests are skipped.
[INFO] 
[INFO] --- maven-jar-plugin:2.4:jar (default-jar) @ owlapi-fixers ---
[INFO] Building jar: /home/travis/build/owlcs/owlapi/fixers/target/owlapi-fixers-5.0.0-ALPHA-SNAPSHOT.jar
[INFO] 
[INFO] >>> maven-source-plugin:2.2.1:jar (attach-sources) > generate-sources @ owlapi-fixers >>>
[INFO] 
[INFO] --- maven-enforcer-plugin:1.0:enforce (enforce-maven) @ owlapi-fixers ---
[INFO] 
[INFO] <<< maven-source-plugin:2.2.1:jar (attach-sources) < generate-sources @ owlapi-fixers <<<
[INFO] 
[INFO] --- maven-source-plugin:2.2.1:jar (attach-sources) @ owlapi-fixers ---
[INFO] Building jar: /home/travis/build/owlcs/owlapi/fixers/target/owlapi-fixers-5.0.0-ALPHA-SNAPSHOT-sources.jar
[INFO] 
[INFO] --- maven-javadoc-plugin:2.8.1:jar (attach-javadocs) @ owlapi-fixers ---
[INFO] Skipping javadoc generation
[INFO] 
[INFO] --- maven-failsafe-plugin:2.18.1:integration-test (default) @ owlapi-fixers ---
[INFO] Tests are skipped.
[INFO] 
[INFO] --- maven-failsafe-plugin:2.18.1:verify (default) @ owlapi-fixers ---
[INFO] Tests are skipped.
[INFO] 
[INFO] --- maven-install-plugin:2.4:install (default-install) @ owlapi-fixers ---
[INFO] Installing /home/travis/build/owlcs/owlapi/fixers/target/owlapi-fixers-5.0.0-ALPHA-SNAPSHOT.jar to /home/travis/.m2/repository/net/sourceforge/owlapi/owlapi-fixers/5.0.0-ALPHA-SNAPSHOT/owlapi-fixers-5.0.0-ALPHA-SNAPSHOT.jar
[INFO] Installing /home/travis/build/owlcs/owlapi/fixers/pom.xml to /home/travis/.m2/repository/net/sourceforge/owlapi/owlapi-fixers/5.0.0-ALPHA-SNAPSHOT/owlapi-fixers-5.0.0-ALPHA-SNAPSHOT.pom
[INFO] Installing /home/travis/build/owlcs/owlapi/fixers/target/owlapi-fixers-5.0.0-ALPHA-SNAPSHOT-sources.jar to /home/travis/.m2/repository/net/sourceforge/owlapi/owlapi-fixers/5.0.0-ALPHA-SNAPSHOT/owlapi-fixers-5.0.0-ALPHA-SNAPSHOT-sources.jar
[INFO]                                                                         
[INFO] ------------------------------------------------------------------------
[INFO] Building OWLAPI :: Sesame Rio module 5.0.0-ALPHA-SNAPSHOT
[INFO] ------------------------------------------------------------------------
[INFO] 
[INFO] --- maven-enforcer-plugin:1.0:enforce (enforce-maven) @ owlapi-rio ---
[INFO] 
[INFO] --- maven-resources-plugin:2.6:resources (default-resources) @ owlapi-rio ---
[INFO] Using 'UTF-8' encoding to copy filtered resources.
[INFO] Copying 4 resources
[INFO] 
[INFO] --- maven-compiler-plugin:3.2:compile (default-compile) @ owlapi-rio ---
[INFO] Changes detected - recompiling the module!
[INFO] Compiling 65 source files to /home/travis/build/owlcs/owlapi/rio/target/classes
[INFO] 
[INFO] --- maven-resources-plugin:2.6:testResources (default-testResources) @ owlapi-rio ---
[INFO] Using 'UTF-8' encoding to copy filtered resources.
[INFO] skip non existing resourceDirectory /home/travis/build/owlcs/owlapi/rio/src/test/resources
[INFO] 
[INFO] --- maven-compiler-plugin:3.2:testCompile (default-testCompile) @ owlapi-rio ---
[INFO] No sources to compile
[INFO] 
[INFO] --- maven-surefire-plugin:2.18.1:test (default-test) @ owlapi-rio ---
[INFO] Tests are skipped.
[INFO] 
[INFO] --- maven-jar-plugin:2.4:jar (default-jar) @ owlapi-rio ---
[INFO] Building jar: /home/travis/build/owlcs/owlapi/rio/target/owlapi-rio-5.0.0-ALPHA-SNAPSHOT.jar
[INFO] 
[INFO] >>> maven-source-plugin:2.2.1:jar (attach-sources) > generate-sources @ owlapi-rio >>>
[INFO] 
[INFO] --- maven-enforcer-plugin:1.0:enforce (enforce-maven) @ owlapi-rio ---
[INFO] 
[INFO] <<< maven-source-plugin:2.2.1:jar (attach-sources) < generate-sources @ owlapi-rio <<<
[INFO] 
[INFO] --- maven-source-plugin:2.2.1:jar (attach-sources) @ owlapi-rio ---
[INFO] Building jar: /home/travis/build/owlcs/owlapi/rio/target/owlapi-rio-5.0.0-ALPHA-SNAPSHOT-sources.jar
[INFO] 
[INFO] --- maven-javadoc-plugin:2.8.1:jar (attach-javadocs) @ owlapi-rio ---
[INFO] Skipping javadoc generation
[INFO] 
[INFO] --- maven-failsafe-plugin:2.18.1:integration-test (default) @ owlapi-rio ---
[INFO] Tests are skipped.
[INFO] 
[INFO] --- maven-failsafe-plugin:2.18.1:verify (default) @ owlapi-rio ---
[INFO] Tests are skipped.
[INFO] 
[INFO] --- maven-install-plugin:2.4:install (default-install) @ owlapi-rio ---
[INFO] Installing /home/travis/build/owlcs/owlapi/rio/target/owlapi-rio-5.0.0-ALPHA-SNAPSHOT.jar to /home/travis/.m2/repository/net/sourceforge/owlapi/owlapi-rio/5.0.0-ALPHA-SNAPSHOT/owlapi-rio-5.0.0-ALPHA-SNAPSHOT.jar
[INFO] Installing /home/travis/build/owlcs/owlapi/rio/pom.xml to /home/travis/.m2/repository/net/sourceforge/owlapi/owlapi-rio/5.0.0-ALPHA-SNAPSHOT/owlapi-rio-5.0.0-ALPHA-SNAPSHOT.pom
[INFO] Installing /home/travis/build/owlcs/owlapi/rio/target/owlapi-rio-5.0.0-ALPHA-SNAPSHOT-sources.jar to /home/travis/.m2/repository/net/sourceforge/owlapi/owlapi-rio/5.0.0-ALPHA-SNAPSHOT/owlapi-rio-5.0.0-ALPHA-SNAPSHOT-sources.jar
[INFO]                                                                         
[INFO] ------------------------------------------------------------------------
[INFO] Building OWLAPI Binding and Config 5.0.0-ALPHA-SNAPSHOT
[INFO] ------------------------------------------------------------------------
[INFO] 
[INFO] --- maven-enforcer-plugin:1.0:enforce (enforce-maven) @ owlapi-apibinding ---
[INFO] 
[INFO] --- maven-resources-plugin:2.6:resources (default-resources) @ owlapi-apibinding ---
[INFO] Using 'UTF-8' encoding to copy filtered resources.
[INFO] Copying 1 resource
[INFO] 
[INFO] --- maven-compiler-plugin:3.2:compile (default-compile) @ owlapi-apibinding ---
[INFO] Changes detected - recompiling the module!
[INFO] Compiling 3 source files to /home/travis/build/owlcs/owlapi/apibinding/target/classes
[INFO] 
[INFO] --- maven-resources-plugin:2.6:testResources (default-testResources) @ owlapi-apibinding ---
[INFO] Using 'UTF-8' encoding to copy filtered resources.
[INFO] skip non existing resourceDirectory /home/travis/build/owlcs/owlapi/apibinding/src/test/resources
[INFO] 
[INFO] --- maven-compiler-plugin:3.2:testCompile (default-testCompile) @ owlapi-apibinding ---
[INFO] No sources to compile
[INFO] 
[INFO] --- maven-surefire-plugin:2.18.1:test (default-test) @ owlapi-apibinding ---
[INFO] Tests are skipped.
[INFO] 
[INFO] --- maven-jar-plugin:2.4:jar (default-jar) @ owlapi-apibinding ---
[INFO] Building jar: /home/travis/build/owlcs/owlapi/apibinding/target/owlapi-apibinding-5.0.0-ALPHA-SNAPSHOT.jar
[INFO] 
[INFO] >>> maven-source-plugin:2.2.1:jar (attach-sources) > generate-sources @ owlapi-apibinding >>>
[INFO] 
[INFO] --- maven-enforcer-plugin:1.0:enforce (enforce-maven) @ owlapi-apibinding ---
[INFO] 
[INFO] <<< maven-source-plugin:2.2.1:jar (attach-sources) < generate-sources @ owlapi-apibinding <<<
[INFO] 
[INFO] --- maven-source-plugin:2.2.1:jar (attach-sources) @ owlapi-apibinding ---
[INFO] Building jar: /home/travis/build/owlcs/owlapi/apibinding/target/owlapi-apibinding-5.0.0-ALPHA-SNAPSHOT-sources.jar
[INFO] 
[INFO] --- maven-javadoc-plugin:2.8.1:jar (attach-javadocs) @ owlapi-apibinding ---
[INFO] Skipping javadoc generation
[INFO] 
[INFO] --- maven-failsafe-plugin:2.18.1:integration-test (default) @ owlapi-apibinding ---
[INFO] Tests are skipped.
[INFO] 
[INFO] --- maven-failsafe-plugin:2.18.1:verify (default) @ owlapi-apibinding ---
[INFO] Tests are skipped.
[INFO] 
[INFO] --- maven-install-plugin:2.4:install (default-install) @ owlapi-apibinding ---
[INFO] Installing /home/travis/build/owlcs/owlapi/apibinding/target/owlapi-apibinding-5.0.0-ALPHA-SNAPSHOT.jar to /home/travis/.m2/repository/net/sourceforge/owlapi/owlapi-apibinding/5.0.0-ALPHA-SNAPSHOT/owlapi-apibinding-5.0.0-ALPHA-SNAPSHOT.jar
[INFO] Installing /home/travis/build/owlcs/owlapi/apibinding/pom.xml to /home/travis/.m2/repository/net/sourceforge/owlapi/owlapi-apibinding/5.0.0-ALPHA-SNAPSHOT/owlapi-apibinding-5.0.0-ALPHA-SNAPSHOT.pom
[INFO] Installing /home/travis/build/owlcs/owlapi/apibinding/target/owlapi-apibinding-5.0.0-ALPHA-SNAPSHOT-sources.jar to /home/travis/.m2/repository/net/sourceforge/owlapi/owlapi-apibinding/5.0.0-ALPHA-SNAPSHOT/owlapi-apibinding-5.0.0-ALPHA-SNAPSHOT-sources.jar
[INFO]                                                                         
[INFO] ------------------------------------------------------------------------
[INFO] Building compatibility 5.0.0-ALPHA-SNAPSHOT
[INFO] ------------------------------------------------------------------------
[INFO] 
[INFO] --- maven-enforcer-plugin:1.0:enforce (enforce-maven) @ owlapi-compatibility ---
[INFO] 
[INFO] --- maven-resources-plugin:2.6:resources (default-resources) @ owlapi-compatibility ---
[INFO] Using 'UTF-8' encoding to copy filtered resources.
[INFO] Copying 1 resource
[INFO] 
[INFO] --- maven-compiler-plugin:3.2:compile (default-compile) @ owlapi-compatibility ---
[INFO] Changes detected - recompiling the module!
[INFO] Compiling 54 source files to /home/travis/build/owlcs/owlapi/compatibility/target/classes
[INFO] /home/travis/build/owlcs/owlapi/compatibility/src/main/java/de/uulm/ecs/ai/owlapi/krssparser/KRSS2OntologyFormat.java: Some input files use or override a deprecated API.
[INFO] /home/travis/build/owlcs/owlapi/compatibility/src/main/java/de/uulm/ecs/ai/owlapi/krssparser/KRSS2OntologyFormat.java: Recompile with -Xlint:deprecation for details.
[INFO] 
[INFO] --- maven-resources-plugin:2.6:testResources (default-testResources) @ owlapi-compatibility ---
[INFO] Using 'UTF-8' encoding to copy filtered resources.
[INFO] skip non existing resourceDirectory /home/travis/build/owlcs/owlapi/compatibility/src/test/resources
[INFO] 
[INFO] --- maven-compiler-plugin:3.2:testCompile (default-testCompile) @ owlapi-compatibility ---
[INFO] No sources to compile
[INFO] 
[INFO] --- maven-surefire-plugin:2.18.1:test (default-test) @ owlapi-compatibility ---
[INFO] Tests are skipped.
[INFO] 
[INFO] --- maven-jar-plugin:2.4:jar (default-jar) @ owlapi-compatibility ---
[INFO] Building jar: /home/travis/build/owlcs/owlapi/compatibility/target/owlapi-compatibility-5.0.0-ALPHA-SNAPSHOT.jar
[INFO] 
[INFO] >>> maven-source-plugin:2.2.1:jar (attach-sources) > generate-sources @ owlapi-compatibility >>>
[INFO] 
[INFO] --- maven-enforcer-plugin:1.0:enforce (enforce-maven) @ owlapi-compatibility ---
[INFO] 
[INFO] <<< maven-source-plugin:2.2.1:jar (attach-sources) < generate-sources @ owlapi-compatibility <<<
[INFO] 
[INFO] --- maven-source-plugin:2.2.1:jar (attach-sources) @ owlapi-compatibility ---
[INFO] Building jar: /home/travis/build/owlcs/owlapi/compatibility/target/owlapi-compatibility-5.0.0-ALPHA-SNAPSHOT-sources.jar
[INFO] 
[INFO] --- maven-javadoc-plugin:2.8.1:jar (attach-javadocs) @ owlapi-compatibility ---
[INFO] Skipping javadoc generation
[INFO] 
[INFO] --- maven-failsafe-plugin:2.18.1:integration-test (default) @ owlapi-compatibility ---
[INFO] Tests are skipped.
[INFO] 
[INFO] --- maven-failsafe-plugin:2.18.1:verify (default) @ owlapi-compatibility ---
[INFO] Tests are skipped.
[INFO] 
[INFO] --- maven-install-plugin:2.4:install (default-install) @ owlapi-compatibility ---
[INFO] Installing /home/travis/build/owlcs/owlapi/compatibility/target/owlapi-compatibility-5.0.0-ALPHA-SNAPSHOT.jar to /home/travis/.m2/repository/net/sourceforge/owlapi/owlapi-compatibility/5.0.0-ALPHA-SNAPSHOT/owlapi-compatibility-5.0.0-ALPHA-SNAPSHOT.jar
[INFO] Installing /home/travis/build/owlcs/owlapi/compatibility/pom.xml to /home/travis/.m2/repository/net/sourceforge/owlapi/owlapi-compatibility/5.0.0-ALPHA-SNAPSHOT/owlapi-compatibility-5.0.0-ALPHA-SNAPSHOT.pom
[INFO] Installing /home/travis/build/owlcs/owlapi/compatibility/target/owlapi-compatibility-5.0.0-ALPHA-SNAPSHOT-sources.jar to /home/travis/.m2/repository/net/sourceforge/owlapi/owlapi-compatibility/5.0.0-ALPHA-SNAPSHOT/owlapi-compatibility-5.0.0-ALPHA-SNAPSHOT-sources.jar
[INFO]                                                                         
[INFO] ------------------------------------------------------------------------
[INFO] Building tests and tutorials 5.0.0-ALPHA-SNAPSHOT
[INFO] ------------------------------------------------------------------------
[INFO] 
[INFO] --- maven-enforcer-plugin:1.0:enforce (enforce-maven) @ owlapi-contract ---
[INFO] 
[INFO] --- maven-resources-plugin:2.6:resources (default-resources) @ owlapi-contract ---
[INFO] Using 'UTF-8' encoding to copy filtered resources.
[INFO] skip non existing resourceDirectory /home/travis/build/owlcs/owlapi/contract/src/main/resources
[INFO] 
[INFO] --- maven-compiler-plugin:3.2:compile (default-compile) @ owlapi-contract ---
[INFO] Changes detected - recompiling the module!
[INFO] Compiling 9 source files to /home/travis/build/owlcs/owlapi/contract/target/classes
[INFO] 
[INFO] --- maven-resources-plugin:2.6:testResources (default-testResources) @ owlapi-contract ---
[INFO] Using 'UTF-8' encoding to copy filtered resources.
[INFO] Copying 168 resources
[INFO] 
[INFO] --- maven-compiler-plugin:3.2:testCompile (default-testCompile) @ owlapi-contract ---
[INFO] Changes detected - recompiling the module!
[INFO] Compiling 225 source files to /home/travis/build/owlcs/owlapi/contract/target/test-classes
[INFO] /home/travis/build/owlcs/owlapi/contract/src/test/java/org/semanticweb/owlapi/api/test/DelegatingObjectVisitorExTestCase.java: /home/travis/build/owlcs/owlapi/contract/src/test/java/org/semanticweb/owlapi/api/test/DelegatingObjectVisitorExTestCase.java uses unchecked or unsafe operations.
[INFO] /home/travis/build/owlcs/owlapi/contract/src/test/java/org/semanticweb/owlapi/api/test/DelegatingObjectVisitorExTestCase.java: Recompile with -Xlint:unchecked for details.
[INFO] 
[INFO] --- maven-surefire-plugin:2.18.1:test (default-test) @ owlapi-contract ---
[INFO] Tests are skipped.
[INFO] 
[INFO] --- maven-jar-plugin:2.4:jar (default-jar) @ owlapi-contract ---
[INFO] Building jar: /home/travis/build/owlcs/owlapi/contract/target/owlapi-contract-5.0.0-ALPHA-SNAPSHOT.jar
[INFO] 
[INFO] >>> maven-source-plugin:2.2.1:jar (attach-sources) > generate-sources @ owlapi-contract >>>
[INFO] 
[INFO] --- maven-enforcer-plugin:1.0:enforce (enforce-maven) @ owlapi-contract ---
[INFO] 
[INFO] <<< maven-source-plugin:2.2.1:jar (attach-sources) < generate-sources @ owlapi-contract <<<
[INFO] 
[INFO] --- maven-source-plugin:2.2.1:jar (attach-sources) @ owlapi-contract ---
[INFO] Building jar: /home/travis/build/owlcs/owlapi/contract/target/owlapi-contract-5.0.0-ALPHA-SNAPSHOT-sources.jar
[INFO] 
[INFO] --- maven-javadoc-plugin:2.8.1:jar (attach-javadocs) @ owlapi-contract ---
[INFO] Skipping javadoc generation
[INFO] 
[INFO] --- maven-failsafe-plugin:2.18.1:integration-test (default) @ owlapi-contract ---
[INFO] Tests are skipped.
[INFO] 
[INFO] --- maven-failsafe-plugin:2.18.1:verify (default) @ owlapi-contract ---
[INFO] Tests are skipped.
[INFO] 
[INFO] --- maven-install-plugin:2.4:install (default-install) @ owlapi-contract ---
[INFO] Installing /home/travis/build/owlcs/owlapi/contract/target/owlapi-contract-5.0.0-ALPHA-SNAPSHOT.jar to /home/travis/.m2/repository/net/sourceforge/owlapi/owlapi-contract/5.0.0-ALPHA-SNAPSHOT/owlapi-contract-5.0.0-ALPHA-SNAPSHOT.jar
[INFO] Installing /home/travis/build/owlcs/owlapi/contract/pom.xml to /home/travis/.m2/repository/net/sourceforge/owlapi/owlapi-contract/5.0.0-ALPHA-SNAPSHOT/owlapi-contract-5.0.0-ALPHA-SNAPSHOT.pom
[INFO] Installing /home/travis/build/owlcs/owlapi/contract/target/owlapi-contract-5.0.0-ALPHA-SNAPSHOT-sources.jar to /home/travis/.m2/repository/net/sourceforge/owlapi/owlapi-contract/5.0.0-ALPHA-SNAPSHOT/owlapi-contract-5.0.0-ALPHA-SNAPSHOT-sources.jar
[INFO]                                                                         
[INFO] ------------------------------------------------------------------------
[INFO] Building OWLAPI Distribution 5.0.0-ALPHA-SNAPSHOT
[INFO] ------------------------------------------------------------------------
[INFO] 
[INFO] --- maven-enforcer-plugin:1.0:enforce (enforce-maven) @ owlapi-distribution ---
[INFO] 
[INFO] --- maven-resources-plugin:2.7:resources (default-resources) @ owlapi-distribution ---
[INFO] Using 'UTF-8' encoding to copy filtered resources.
[INFO] skip non existing resourceDirectory /home/travis/build/owlcs/owlapi/distribution/src/main/resources
[INFO] 
[INFO] --- maven-compiler-plugin:3.2:compile (default-compile) @ owlapi-distribution ---
[INFO] No sources to compile
[INFO] 
[INFO] --- maven-resources-plugin:2.7:testResources (default-testResources) @ owlapi-distribution ---
[INFO] Using 'UTF-8' encoding to copy filtered resources.
[INFO] skip non existing resourceDirectory /home/travis/build/owlcs/owlapi/distribution/src/test/resources
[INFO] 
[INFO] --- maven-compiler-plugin:3.2:testCompile (default-testCompile) @ owlapi-distribution ---
[INFO] No sources to compile
[INFO] 
[INFO] --- maven-surefire-plugin:2.18.1:test (default-test) @ owlapi-distribution ---
[INFO] Tests are skipped.
[INFO] 
[INFO] --- maven-bundle-plugin:2.5.3:bundle (default-bundle) @ owlapi-distribution ---
[WARNING] Bundle net.sourceforge.owlapi:owlapi-distribution:bundle:5.0.0-ALPHA-SNAPSHOT : Unused Private-Package instructions, no such package(s) on the class path: [!*]
[INFO] 
[INFO] >>> maven-source-plugin:2.2.1:jar (attach-sources) > generate-sources @ owlapi-distribution >>>
[INFO] 
[INFO] --- maven-enforcer-plugin:1.0:enforce (enforce-maven) @ owlapi-distribution ---
[INFO] 
[INFO] <<< maven-source-plugin:2.2.1:jar (attach-sources) < generate-sources @ owlapi-distribution <<<
[INFO] 
[INFO] --- maven-source-plugin:2.2.1:jar (attach-sources) @ owlapi-distribution ---
[INFO] No sources in project. Archive not created.
[INFO] 
[INFO] --- maven-shade-plugin:2.3:shade (default) @ owlapi-distribution ---
[INFO] Including net.sourceforge.owlapi:owlapi-apibinding:jar:5.0.0-ALPHA-SNAPSHOT in the shaded jar.
[INFO] Including net.sourceforge.owlapi:owlapi-tools:jar:5.0.0-ALPHA-SNAPSHOT in the shaded jar.
[INFO] Including net.sourceforge.owlapi:owlapi-impl:jar:5.0.0-ALPHA-SNAPSHOT in the shaded jar.
[INFO] Including net.sourceforge.owlapi:owlapi-parsers:jar:5.0.0-ALPHA-SNAPSHOT in the shaded jar.
[INFO] Including net.sourceforge.owlapi:owlapi-oboformat:jar:5.0.0-ALPHA-SNAPSHOT in the shaded jar.
[INFO] Including net.sourceforge.owlapi:owlapi-fixers:jar:5.0.0-ALPHA-SNAPSHOT in the shaded jar.
[INFO] Including net.sourceforge.owlapi:owlapi-rio:jar:5.0.0-ALPHA-SNAPSHOT in the shaded jar.
[INFO] Excluding org.openrdf.sesame:sesame-rio-jsonld:jar:4.0.0 from the shaded jar.
[INFO] Excluding com.github.jsonld-java:jsonld-java:jar:0.7.0 from the shaded jar.
[INFO] Excluding org.apache.httpcomponents:httpclient-osgi:jar:4.2.5 from the shaded jar.
[INFO] Excluding org.apache.httpcomponents:httpclient:jar:4.2.5 from the shaded jar.
[INFO] Excluding commons-codec:commons-codec:jar:1.6 from the shaded jar.
[INFO] Excluding org.apache.httpcomponents:httpmime:jar:4.2.5 from the shaded jar.
[INFO] Excluding org.apache.httpcomponents:httpclient-cache:jar:4.2.5 from the shaded jar.
[INFO] Excluding org.apache.httpcomponents:fluent-hc:jar:4.2.5 from the shaded jar.
[INFO] Excluding org.apache.httpcomponents:httpcore-osgi:jar:4.2.5 from the shaded jar.
[INFO] Excluding org.apache.httpcomponents:httpcore:jar:4.2.5 from the shaded jar.
[INFO] Excluding org.apache.httpcomponents:httpcore-nio:jar:4.2.5 from the shaded jar.
[INFO] Excluding org.slf4j:jcl-over-slf4j:jar:1.7.9 from the shaded jar.
[INFO] Including net.sourceforge.owlapi:owlapi-api:jar:5.0.0-ALPHA-SNAPSHOT in the shaded jar.
[INFO] Excluding com.fasterxml.jackson.core:jackson-core:jar:2.6.3 from the shaded jar.
[INFO] Excluding com.fasterxml.jackson.core:jackson-databind:jar:2.6.3 from the shaded jar.
[INFO] Excluding com.fasterxml.jackson.core:jackson-annotations:jar:2.6.3 from the shaded jar.
[INFO] Excluding org.apache.commons:commons-rdf-api:jar:0.1.0-incubating from the shaded jar.
[INFO] Excluding org.tukaani:xz:jar:1.5 from the shaded jar.
[INFO] Excluding org.openrdf.sesame:sesame-model:jar:4.0.0 from the shaded jar.
[INFO] Excluding org.openrdf.sesame:sesame-util:jar:4.0.0 from the shaded jar.
[INFO] Excluding org.openrdf.sesame:sesame-rio-api:jar:4.0.0 from the shaded jar.
[INFO] Excluding org.openrdf.sesame:sesame-rio-languages:jar:4.0.0 from the shaded jar.
[INFO] Excluding org.openrdf.sesame:sesame-rio-datatypes:jar:4.0.0 from the shaded jar.
[INFO] Excluding org.openrdf.sesame:sesame-rio-binary:jar:4.0.0 from the shaded jar.
[INFO] Excluding org.openrdf.sesame:sesame-rio-n3:jar:4.0.0 from the shaded jar.
[INFO] Excluding org.openrdf.sesame:sesame-rio-nquads:jar:4.0.0 from the shaded jar.
[INFO] Excluding org.openrdf.sesame:sesame-rio-ntriples:jar:4.0.0 from the shaded jar.
[INFO] Excluding org.openrdf.sesame:sesame-rio-rdfjson:jar:4.0.0 from the shaded jar.
[INFO] Excluding org.openrdf.sesame:sesame-rio-rdfxml:jar:4.0.0 from the shaded jar.
[INFO] Excluding org.openrdf.sesame:sesame-rio-trix:jar:4.0.0 from the shaded jar.
[INFO] Excluding org.openrdf.sesame:sesame-rio-turtle:jar:4.0.0 from the shaded jar.
[INFO] Excluding org.openrdf.sesame:sesame-rio-trig:jar:4.0.0 from the shaded jar.
[INFO] Excluding com.github.jsonld-java:jsonld-java-sesame:jar:0.5.1 from the shaded jar.
[INFO] Excluding org.semarglproject:semargl-sesame:jar:0.6.1 from the shaded jar.
[INFO] Excluding org.semarglproject:semargl-core:jar:0.6.1 from the shaded jar.
[INFO] Excluding org.semarglproject:semargl-rdfa:jar:0.6.1 from the shaded jar.
[INFO] Excluding org.semarglproject:semargl-rdf:jar:0.6.1 from the shaded jar.
[INFO] Excluding net.sf.trove4j:trove4j:jar:3.0.3 from the shaded jar.
[INFO] Excluding com.google.guava:guava:jar:18.0 from the shaded jar.
[INFO] Excluding com.google.inject:guice:jar:4.0 from the shaded jar.
[INFO] Excluding javax.inject:javax.inject:jar:1 from the shaded jar.
[INFO] Excluding aopalliance:aopalliance:jar:1.0 from the shaded jar.
[INFO] Excluding com.google.inject.extensions:guice-assistedinject:jar:4.0 from the shaded jar.
[INFO] Excluding com.google.inject.extensions:guice-multibindings:jar:4.0 from the shaded jar.
[INFO] Excluding com.google.code.findbugs:jsr305:jar:2.0.1 from the shaded jar.
[INFO] Excluding org.slf4j:slf4j-api:jar:1.7.10 from the shaded jar.
[INFO] Excluding commons-io:commons-io:jar:2.4 from the shaded jar.
[WARNING] owlapi-distribution-5.0.0-ALPHA-SNAPSHOT.jar, owlapi-impl-5.0.0-ALPHA-SNAPSHOT.jar define 218 overlappping classes: 
[WARNING]   - org.semanticweb.owlapi.reasoner.impl.OWLNamedIndividualNodeSet
[WARNING]   - uk.ac.manchester.cs.owl.owlapi.SWRLIndividualArgumentImpl
[WARNING]   - uk.ac.manchester.cs.owl.owlapi.InitVisitorFactory$InitIndividualVisitor
[WARNING]   - uk.ac.manchester.cs.owl.owlapi.OWLDataAllValuesFromImpl
[WARNING]   - uk.ac.manchester.cs.owl.owlapi.CollectionContainerVisitor
[WARNING]   - uk.ac.manchester.cs.owl.owlapi.concurrent.NonConcurrentOWLOntologyBuilder
[WARNING]   - uk.ac.manchester.cs.owl.owlapi.OWLImportsDeclarationImpl
[WARNING]   - uk.ac.manchester.cs.owl.owlapi.OWLSubPropertyAxiomImpl
[WARNING]   - uk.ac.manchester.cs.owl.owlapi.OWLSameIndividualAxiomImpl
[WARNING]   - uk.ac.manchester.cs.owl.owlapi.OWLDataFactoryInternalsImpl$Buildable$1
[WARNING]   - 208 more...
[WARNING] owlapi-distribution-5.0.0-ALPHA-SNAPSHOT.jar, owlapi-rio-5.0.0-ALPHA-SNAPSHOT.jar define 68 overlappping classes: 
[WARNING]   - org.semanticweb.owlapi.formats.N3DocumentFormatFactory
[WARNING]   - org.semanticweb.owlapi.formats.RioTurtleDocumentFormatFactory
[WARNING]   - org.semanticweb.owlapi.rio.RioStorer
[WARNING]   - org.semanticweb.owlapi.rio.RioOWLRDFParser
[WARNING]   - org.semanticweb.owlapi.rio.OWLAPIRDFFormat
[WARNING]   - org.semanticweb.owlapi.formats.N3DocumentFormat
[WARNING]   - org.semanticweb.owlapi.rio.RioFunctionalSyntaxParserFactory
[WARNING]   - org.semanticweb.owlapi.rio.RioTrigStorerFactory
[WARNING]   - org.semanticweb.owlapi.rio.RioManchesterSyntaxParserFactory
[WARNING]   - org.semanticweb.owlapi.rio.AbstractRioStorerFactory
[WARNING]   - 58 more...
[WARNING] owlapi-distribution-5.0.0-ALPHA-SNAPSHOT.jar, owlapi-tools-5.0.0-ALPHA-SNAPSHOT.jar define 88 overlappping classes: 
[WARNING]   - com.clarkparsia.owlapi.explanation.util.SilentExplanationProgressMonitor
[WARNING]   - org.semanticweb.owlapi.metrics.HiddenGCICount
[WARNING]   - com.clarkparsia.owlapi.explanation.SingleExplanationGenerator
[WARNING]   - org.semanticweb.owlapi.metrics.GCICount
[WARNING]   - com.clarkparsia.owlapi.explanation.BlackBoxExplanation$1
[WARNING]   - com.clarkparsia.owlapi.modularity.locality.SemanticLocalityEvaluator
[WARNING]   - uk.ac.manchester.cs.owl.explanation.ordering.NodeRenderer
[WARNING]   - org.semanticweb.owlapi.debugging.JustificationMap$OWLAxiomComparator
[WARNING]   - uk.ac.manchester.cs.owl.explanation.ordering.ExplanationOrdererImpl$AxiomMapBuilder
[WARNING]   - org.semanticweb.owlapi.metrics.DoubleValuedMetric
[WARNING]   - 78 more...
[WARNING] owlapi-distribution-5.0.0-ALPHA-SNAPSHOT.jar, owlapi-apibinding-5.0.0-ALPHA-SNAPSHOT.jar define 3 overlappping classes: 
[WARNING]   - org.semanticweb.owlapi.apibinding.OWLManager
[WARNING]   - org.semanticweb.owlapi.apibinding.package-info
[WARNING]   - org.semanticweb.owlapi.apibinding.OWLFunctionalSyntaxFactory
[WARNING] owlapi-distribution-5.0.0-ALPHA-SNAPSHOT.jar, owlapi-oboformat-5.0.0-ALPHA-SNAPSHOT.jar define 78 overlappping classes: 
[WARNING]   - org.obolibrary.oboformat.parser.OBOFormatException
[WARNING]   - org.obolibrary.obo2owl.OWLAPIOwl2Obo
[WARNING]   - org.obolibrary.macro.MacroExpansionGCIVisitor$MacroExpansions
[WARNING]   - org.obolibrary.oboformat.diff.Diff
[WARNING]   - org.semanticweb.owlapi.oboformat.OBOFormatRenderer$1
[WARNING]   - org.obolibrary.obo2owl.IdTranslator
[WARNING]   - org.obolibrary.oboformat.model.Clause
[WARNING]   - org.obolibrary.oboformat.parser.XrefExpander$ReverseGenusDifferentiaExpansion
[WARNING]   - org.obolibrary.owl.LabelFunctionalSyntaxStorer
[WARNING]   - org.obolibrary.oboformat.model.FrameStructureException
[WARNING]   - 68 more...
[WARNING] owlapi-distribution-5.0.0-ALPHA-SNAPSHOT.jar, owlapi-parsers-5.0.0-ALPHA-SNAPSHOT.jar define 611 overlappping classes: 
[WARNING]   - org.semanticweb.owlapi.manchestersyntax.parser.ManchesterOWLSyntaxParserImpl$DataPropertyExpressionListItemParser
[WARNING]   - org.semanticweb.owlapi.rdf.rdfxml.parser.TripleHandlers$TPOneOfHandler
[WARNING]   - org.semanticweb.owlapi.krss2.renderer.KRSS2SyntaxRenderer
[WARNING]   - org.semanticweb.owlapi.rdf.rdfxml.renderer.package-info
[WARNING]   - org.semanticweb.owlapi.rdf.rdfxml.parser.Translators$ObjectMinCardinalityTranslator
[WARNING]   - org.semanticweb.owlapi.rdf.turtle.parser.TurtleParserException
[WARNING]   - org.semanticweb.owlapi.owlxml.parser.AbstractNaryBooleanClassExpressionElementHandler
[WARNING]   - org.semanticweb.owlapi.latex.renderer.LatexOWLObjectRenderer
[WARNING]   - org.semanticweb.owlapi.manchestersyntax.parser.ManchesterOWLSyntaxParserImpl$IndividualFactsItemParser
[WARNING]   - org.semanticweb.owlapi.rdf.turtle.parser.OWLRDFConsumerAdapter
[WARNING]   - 601 more...
[WARNING] owlapi-distribution-5.0.0-ALPHA-SNAPSHOT.jar, owlapi-fixers-5.0.0-ALPHA-SNAPSHOT.jar define 96 overlappping classes: 
[WARNING]   - org.semanticweb.owlapitools.builders.BuilderDataHasValue
[WARNING]   - org.semanticweb.owlapitools.builders.BuilderPropertyChain
[WARNING]   - org.semanticweb.owlapitools.builders.BuilderDataExactCardinality
[WARNING]   - org.semanticweb.owlapitools.builders.BuilderIrreflexiveObjectProperty
[WARNING]   - org.semanticweb.owlapitools.builders.BaseAnnotationPropertyBuilder
[WARNING]   - org.semanticweb.owlapitools.builders.BuilderDataPropertyAssertion
[WARNING]   - org.semanticweb.owlapitools.builders.BuilderAsymmetricObjectProperty
[WARNING]   - org.semanticweb.owlapitools.builders.BuilderFacetRestriction
[WARNING]   - org.semanticweb.owlapitools.builders.BuilderComplementOf
[WARNING]   - org.semanticweb.owlapitools.builders.BuilderDataUnionOf
[WARNING]   - 86 more...
[WARNING] owlapi-distribution-5.0.0-ALPHA-SNAPSHOT.jar, owlapi-api-5.0.0-ALPHA-SNAPSHOT.jar define 825 overlappping classes: 
[WARNING]   - org.semanticweb.owlapi.model.OWLPropertyAssertionObject
[WARNING]   - org.semanticweb.owlapi.model.OWLAnonymousClassExpression
[WARNING]   - org.semanticweb.owlapi.model.HasApplyChange
[WARNING]   - org.semanticweb.owlapi.util.InferredIndividualAxiomGenerator
[WARNING]   - org.semanticweb.owlapi.model.SWRLDArgument
[WARNING]   - org.semanticweb.owlapi.util.OWLOntologyWalkerVisitor
[WARNING]   - org.semanticweb.owlapi.model.providers.ExistentialProvider
[WARNING]   - org.semanticweb.owlapi.model.axiomproviders.PropertyCharacteristicAxiomProvider
[WARNING]   - org.semanticweb.owlapi.model.OWLObjectPropertyDomainAxiom
[WARNING]   - org.semanticweb.owlapi.io.SystemOutDocumentTarget
[WARNING]   - 815 more...
[WARNING] maven-shade-plugin has detected that some .class files
[WARNING] are present in two or more JARs. When this happens, only
[WARNING] one single version of the class is copied in the uberjar.
[WARNING] Usually this is not harmful and you can skeep these
[WARNING] warnings, otherwise try to manually exclude artifacts
[WARNING] based on mvn dependency:tree -Ddetail=true and the above
[WARNING] output
[WARNING] See http://docs.codehaus.org/display/MAVENUSER/Shade+Plugin
[INFO] Replacing original artifact with shaded artifact.
[INFO] Replacing /home/travis/build/owlcs/owlapi/distribution/target/owlapi-distribution-5.0.0-ALPHA-SNAPSHOT.jar with /home/travis/build/owlcs/owlapi/distribution/target/owlapi-distribution-5.0.0-ALPHA-SNAPSHOT-shaded.jar
[INFO] Dependency-reduced POM written at: /home/travis/build/owlcs/owlapi/distribution/dependency-reduced-pom.xml
[INFO] 
[INFO] --- maven-javadoc-plugin:2.8.1:jar (attach-javadocs) @ owlapi-distribution ---
[INFO] Skipping javadoc generation
[INFO] 
[INFO] --- maven-javadoc-plugin:2.8.1:jar (attach-javadoc) @ owlapi-distribution ---
[INFO] Skipping javadoc generation
[INFO] 
[INFO] --- maven-assembly-plugin:2.4:single (attach-sources) @ owlapi-distribution ---
[INFO] Reading assembly descriptor: src/assembly/sources.xml
[INFO] Building jar: /home/travis/build/owlcs/owlapi/distribution/target/owlapi-distribution-5.0.0-ALPHA-SNAPSHOT-sources.jar
[INFO] 
[INFO] --- maven-failsafe-plugin:2.18.1:integration-test (default) @ owlapi-distribution ---
[INFO] Tests are skipped.
[INFO] 
[INFO] --- maven-failsafe-plugin:2.18.1:verify (default) @ owlapi-distribution ---
[INFO] Tests are skipped.
[INFO] 
[INFO] --- maven-install-plugin:2.5.2:install (default-install) @ owlapi-distribution ---
[INFO] Installing /home/travis/build/owlcs/owlapi/distribution/target/owlapi-distribution-5.0.0-ALPHA-SNAPSHOT.jar to /home/travis/.m2/repository/net/sourceforge/owlapi/owlapi-distribution/5.0.0-ALPHA-SNAPSHOT/owlapi-distribution-5.0.0-ALPHA-SNAPSHOT.jar
[INFO] Installing /home/travis/build/owlcs/owlapi/distribution/dependency-reduced-pom.xml to /home/travis/.m2/repository/net/sourceforge/owlapi/owlapi-distribution/5.0.0-ALPHA-SNAPSHOT/owlapi-distribution-5.0.0-ALPHA-SNAPSHOT.pom
[INFO] Installing /home/travis/build/owlcs/owlapi/distribution/target/owlapi-distribution-5.0.0-ALPHA-SNAPSHOT-sources.jar to /home/travis/.m2/repository/net/sourceforge/owlapi/owlapi-distribution/5.0.0-ALPHA-SNAPSHOT/owlapi-distribution-5.0.0-ALPHA-SNAPSHOT-sources.jar
[INFO] 
[INFO] --- maven-bundle-plugin:2.5.3:install (default-install) @ owlapi-distribution ---
[INFO] Installing net/sourceforge/owlapi/owlapi-distribution/5.0.0-ALPHA-SNAPSHOT/owlapi-distribution-5.0.0-ALPHA-SNAPSHOT.jar
[INFO] Installing net/sourceforge/owlapi/owlapi-distribution/5.0.0-ALPHA-SNAPSHOT/owlapi-distribution-5.0.0-ALPHA-SNAPSHOT-sources.jar
[INFO] Writing OBR metadata
[INFO]                                                                         
[INFO] ------------------------------------------------------------------------
[INFO] Building OWLAPI OSGi and Compatibility Distribution 5.0.0-ALPHA-SNAPSHOT
[INFO] ------------------------------------------------------------------------
[INFO] Downloading: http://repo.maven.apache.org/maven2/org/apache/httpcomponents/httpclient/4.5.1/httpclient-4.5.1.pom
[INFO] Downloaded: http://repo.maven.apache.org/maven2/org/apache/httpcomponents/httpclient/4.5.1/httpclient-4.5.1.pom (7 KB at 26.9 KB/sec)
[INFO] Downloading: http://repo.maven.apache.org/maven2/org/apache/httpcomponents/httpcomponents-client/4.5.1/httpcomponents-client-4.5.1.pom
[INFO] Downloaded: http://repo.maven.apache.org/maven2/org/apache/httpcomponents/httpcomponents-client/4.5.1/httpcomponents-client-4.5.1.pom (16 KB at 283.4 KB/sec)
[INFO] Downloading: http://repo.maven.apache.org/maven2/org/apache/httpcomponents/httpcore/4.4.3/httpcore-4.4.3.pom
[INFO] Downloaded: http://repo.maven.apache.org/maven2/org/apache/httpcomponents/httpcore/4.4.3/httpcore-4.4.3.pom (6 KB at 131.5 KB/sec)
[INFO] Downloading: http://repo.maven.apache.org/maven2/org/apache/httpcomponents/httpcomponents-core/4.4.3/httpcomponents-core-4.4.3.pom
[INFO] Downloaded: http://repo.maven.apache.org/maven2/org/apache/httpcomponents/httpcomponents-core/4.4.3/httpcomponents-core-4.4.3.pom (13 KB at 369.3 KB/sec)
[INFO] Downloading: http://repo.maven.apache.org/maven2/commons-logging/commons-logging/1.2/commons-logging-1.2.pom
[INFO] Downloaded: http://repo.maven.apache.org/maven2/commons-logging/commons-logging/1.2/commons-logging-1.2.pom (19 KB at 521.0 KB/sec)
[INFO] Downloading: http://repo.maven.apache.org/maven2/org/apache/commons/commons-parent/34/commons-parent-34.pom
[INFO] Downloaded: http://repo.maven.apache.org/maven2/org/apache/commons/commons-parent/34/commons-parent-34.pom (55 KB at 1138.2 KB/sec)
[INFO] Downloading: http://repo.maven.apache.org/maven2/commons-codec/commons-codec/1.9/commons-codec-1.9.pom
[INFO] Downloaded: http://repo.maven.apache.org/maven2/commons-codec/commons-codec/1.9/commons-codec-1.9.pom (12 KB at 304.7 KB/sec)
[INFO] Downloading: http://repo.maven.apache.org/maven2/org/apache/commons/commons-parent/32/commons-parent-32.pom
[INFO] Downloaded: http://repo.maven.apache.org/maven2/org/apache/commons/commons-parent/32/commons-parent-32.pom (52 KB at 1073.9 KB/sec)
[INFO] Downloading: http://repo.maven.apache.org/maven2/org/apache/httpcomponents/httpclient-cache/4.5.1/httpclient-cache-4.5.1.pom
[INFO] Downloaded: http://repo.maven.apache.org/maven2/org/apache/httpcomponents/httpclient-cache/4.5.1/httpclient-cache-4.5.1.pom (7 KB at 121.6 KB/sec)
[INFO] Downloading: http://repo.maven.apache.org/maven2/org/apache/httpcomponents/httpclient/4.5.1/httpclient-4.5.1.jar
[INFO] Downloading: http://repo.maven.apache.org/maven2/org/apache/httpcomponents/httpclient-cache/4.5.1/httpclient-cache-4.5.1.jar
[INFO] Downloading: http://repo.maven.apache.org/maven2/org/apache/httpcomponents/httpcore/4.4.3/httpcore-4.4.3.jar
[INFO] Downloading: http://repo.maven.apache.org/maven2/commons-codec/commons-codec/1.9/commons-codec-1.9.jar
[INFO] Downloading: http://repo.maven.apache.org/maven2/commons-logging/commons-logging/1.2/commons-logging-1.2.jar
[INFO] Downloaded: http://repo.maven.apache.org/maven2/commons-logging/commons-logging/1.2/commons-logging-1.2.jar (61 KB at 642.3 KB/sec)
[INFO] Downloaded: http://repo.maven.apache.org/maven2/org/apache/httpcomponents/httpclient/4.5.1/httpclient-4.5.1.jar (716 KB at 7301.9 KB/sec)
[INFO] Downloaded: http://repo.maven.apache.org/maven2/org/apache/httpcomponents/httpclient-cache/4.5.1/httpclient-cache-4.5.1.jar (156 KB at 1424.4 KB/sec)
[INFO] Downloaded: http://repo.maven.apache.org/maven2/commons-codec/commons-codec/1.9/commons-codec-1.9.jar (258 KB at 2166.2 KB/sec)
[INFO] Downloaded: http://repo.maven.apache.org/maven2/org/apache/httpcomponents/httpcore/4.4.3/httpcore-4.4.3.jar (319 KB at 2380.1 KB/sec)
[INFO] 
[INFO] --- maven-enforcer-plugin:1.0:enforce (enforce-maven) @ owlapi-osgidistribution ---
[INFO] 
[INFO] --- maven-resources-plugin:2.7:resources (default-resources) @ owlapi-osgidistribution ---
[INFO] Using 'UTF-8' encoding to copy filtered resources.
[INFO] skip non existing resourceDirectory /home/travis/build/owlcs/owlapi/osgidistribution/src/main/resources
[INFO] 
[INFO] --- maven-compiler-plugin:3.2:compile (default-compile) @ owlapi-osgidistribution ---
[INFO] Changes detected - recompiling the module!
[INFO] Compiling 1 source file to /home/travis/build/owlcs/owlapi/osgidistribution/target/classes
[INFO] 
[INFO] --- maven-resources-plugin:2.7:testResources (default-testResources) @ owlapi-osgidistribution ---
[INFO] Using 'UTF-8' encoding to copy filtered resources.
[INFO] Copying 2 resources
[INFO] 
[INFO] --- maven-compiler-plugin:3.2:testCompile (default-testCompile) @ owlapi-osgidistribution ---
[INFO] Changes detected - recompiling the module!
[INFO] Compiling 4 source files to /home/travis/build/owlcs/owlapi/osgidistribution/target/test-classes
[INFO] 
[INFO] --- maven-surefire-plugin:2.18.1:test (default-test) @ owlapi-osgidistribution ---
[INFO] Tests are skipped.
[INFO] 
[INFO] --- maven-bundle-plugin:2.5.3:bundle (default-bundle) @ owlapi-osgidistribution ---
[WARNING] Bundle net.sourceforge.owlapi:owlapi-osgidistribution:bundle:5.0.0-ALPHA-SNAPSHOT : Export org.semanticweb.owlapi.formats,  has 1,  private references [org.openrdf.rio], 
[WARNING] Bundle net.sourceforge.owlapi:owlapi-osgidistribution:bundle:5.0.0-ALPHA-SNAPSHOT : Export org.semanticweb.owlapi.io,  has 2,  private references [org.tukaani.xz, org.apache.commons.rdf.api], 
[WARNING] Bundle net.sourceforge.owlapi:owlapi-osgidistribution:bundle:5.0.0-ALPHA-SNAPSHOT : Export org.semanticweb.owlapi.model,  has 1,  private references [org.apache.commons.rdf.api], 
[WARNING] Bundle net.sourceforge.owlapi:owlapi-osgidistribution:bundle:5.0.0-ALPHA-SNAPSHOT : Export org.semanticweb.owlapi.rio,  has 5,  private references [org.openrdf, org.openrdf.rio.helpers, info.aduna.iteration, org.openrdf.model, org.openrdf.rio], 
[WARNING] Bundle net.sourceforge.owlapi:owlapi-osgidistribution:bundle:5.0.0-ALPHA-SNAPSHOT : Export org.semanticweb.owlapi.rio.utils,  has 1,  private references [org.openrdf.model], 
[INFO] 
[INFO] >>> maven-source-plugin:2.2.1:jar (attach-sources) > generate-sources @ owlapi-osgidistribution >>>
[INFO] 
[INFO] --- maven-enforcer-plugin:1.0:enforce (enforce-maven) @ owlapi-osgidistribution ---
[INFO] 
[INFO] <<< maven-source-plugin:2.2.1:jar (attach-sources) < generate-sources @ owlapi-osgidistribution <<<
[INFO] 
[INFO] --- maven-source-plugin:2.2.1:jar (attach-sources) @ owlapi-osgidistribution ---
[INFO] Building jar: /home/travis/build/owlcs/owlapi/osgidistribution/target/owlapi-osgidistribution-5.0.0-ALPHA-SNAPSHOT-sources.jar
[INFO] 
[INFO] --- maven-javadoc-plugin:2.8.1:jar (attach-javadocs) @ owlapi-osgidistribution ---
[INFO] Skipping javadoc generation
[INFO] 
[INFO] --- maven-javadoc-plugin:2.8.1:jar (attach-javadoc) @ owlapi-osgidistribution ---
[INFO] Skipping javadoc generation
[INFO] 
[INFO] --- maven-shade-plugin:2.3:shade (default) @ owlapi-osgidistribution ---
[INFO] Including net.sourceforge.owlapi:owlapi-apibinding:jar:5.0.0-ALPHA-SNAPSHOT in the shaded jar.
[INFO] Including net.sourceforge.owlapi:owlapi-tools:jar:5.0.0-ALPHA-SNAPSHOT in the shaded jar.
[INFO] Including net.sourceforge.owlapi:owlapi-impl:jar:5.0.0-ALPHA-SNAPSHOT in the shaded jar.
[INFO] Including net.sourceforge.owlapi:owlapi-parsers:jar:5.0.0-ALPHA-SNAPSHOT in the shaded jar.
[INFO] Including net.sourceforge.owlapi:owlapi-oboformat:jar:5.0.0-ALPHA-SNAPSHOT in the shaded jar.
[INFO] Including net.sourceforge.owlapi:owlapi-fixers:jar:5.0.0-ALPHA-SNAPSHOT in the shaded jar.
[INFO] Including net.sourceforge.owlapi:owlapi-rio:jar:5.0.0-ALPHA-SNAPSHOT in the shaded jar.
[INFO] Excluding org.openrdf.sesame:sesame-rio-jsonld:jar:4.0.0 from the shaded jar.
[INFO] Including net.sourceforge.owlapi:owlapi-api:jar:5.0.0-ALPHA-SNAPSHOT in the shaded jar.
[INFO] Excluding com.fasterxml.jackson.core:jackson-core:jar:2.6.3 from the shaded jar.
[INFO] Excluding com.fasterxml.jackson.core:jackson-databind:jar:2.6.3 from the shaded jar.
[INFO] Excluding com.fasterxml.jackson.core:jackson-annotations:jar:2.6.3 from the shaded jar.
[INFO] Including net.sourceforge.owlapi:owlapi-compatibility:jar:5.0.0-ALPHA-SNAPSHOT in the shaded jar.
[INFO] Excluding org.apache.commons:commons-rdf-api:jar:0.1.0-incubating from the shaded jar.
[INFO] Excluding org.tukaani:xz:jar:1.5 from the shaded jar.
[INFO] Excluding org.openrdf.sesame:sesame-model:jar:4.0.0 from the shaded jar.
[INFO] Excluding org.openrdf.sesame:sesame-rio-api:jar:4.0.0 from the shaded jar.
[INFO] Excluding org.openrdf.sesame:sesame-rio-languages:jar:4.0.0 from the shaded jar.
[INFO] Excluding org.openrdf.sesame:sesame-rio-datatypes:jar:4.0.0 from the shaded jar.
[INFO] Excluding org.openrdf.sesame:sesame-rio-binary:jar:4.0.0 from the shaded jar.
[INFO] Excluding org.openrdf.sesame:sesame-rio-n3:jar:4.0.0 from the shaded jar.
[INFO] Excluding org.openrdf.sesame:sesame-rio-nquads:jar:4.0.0 from the shaded jar.
[INFO] Excluding org.openrdf.sesame:sesame-rio-ntriples:jar:4.0.0 from the shaded jar.
[INFO] Excluding org.openrdf.sesame:sesame-rio-rdfjson:jar:4.0.0 from the shaded jar.
[INFO] Excluding org.openrdf.sesame:sesame-rio-rdfxml:jar:4.0.0 from the shaded jar.
[INFO] Excluding org.openrdf.sesame:sesame-rio-trix:jar:4.0.0 from the shaded jar.
[INFO] Excluding org.openrdf.sesame:sesame-rio-turtle:jar:4.0.0 from the shaded jar.
[INFO] Excluding org.openrdf.sesame:sesame-rio-trig:jar:4.0.0 from the shaded jar.
[INFO] Excluding org.openrdf.sesame:sesame-util:jar:4.0.0 from the shaded jar.
[INFO] Excluding com.github.jsonld-java:jsonld-java-sesame:jar:0.5.1 from the shaded jar.
[INFO] Excluding com.github.jsonld-java:jsonld-java:jar:0.5.0 from the shaded jar.
[INFO] Excluding org.slf4j:jcl-over-slf4j:jar:1.7.7 from the shaded jar.
[INFO] Excluding org.apache.httpcomponents:httpclient:jar:4.5.1 from the shaded jar.
[INFO] Excluding org.apache.httpcomponents:httpclient-cache:jar:4.5.1 from the shaded jar.
[INFO] Excluding org.apache.httpcomponents:httpcore:jar:4.4.3 from the shaded jar.
[INFO] Excluding commons-codec:commons-codec:jar:1.9 from the shaded jar.
[INFO] Excluding commons-logging:commons-logging:jar:1.2 from the shaded jar.
[INFO] Excluding org.semarglproject:semargl-sesame:jar:0.6.1 from the shaded jar.
[INFO] Excluding org.semarglproject:semargl-core:jar:0.6.1 from the shaded jar.
[INFO] Excluding org.semarglproject:semargl-rdfa:jar:0.6.1 from the shaded jar.
[INFO] Excluding org.semarglproject:semargl-rdf:jar:0.6.1 from the shaded jar.
[INFO] Excluding org.apache.servicemix.bundles:org.apache.servicemix.bundles.javax-inject:jar:1_2 from the shaded jar.
[INFO] Excluding org.apache.servicemix.bundles:org.apache.servicemix.bundles.aopalliance:jar:1.0_6 from the shaded jar.
[INFO] Excluding net.sf.trove4j:trove4j:jar:3.0.3 from the shaded jar.
[INFO] Excluding com.google.guava:guava:jar:18.0 from the shaded jar.
[INFO] Excluding com.google.inject:guice:jar:4.0 from the shaded jar.
[INFO] Excluding javax.inject:javax.inject:jar:1 from the shaded jar.
[INFO] Excluding aopalliance:aopalliance:jar:1.0 from the shaded jar.
[INFO] Excluding com.google.inject.extensions:guice-assistedinject:jar:4.0 from the shaded jar.
[INFO] Excluding com.google.inject.extensions:guice-multibindings:jar:4.0 from the shaded jar.
[INFO] Excluding com.google.code.findbugs:jsr305:jar:2.0.1 from the shaded jar.
[INFO] Excluding org.slf4j:slf4j-api:jar:1.7.10 from the shaded jar.
[INFO] Excluding commons-io:commons-io:jar:2.4 from the shaded jar.
[WARNING] owlapi-osgidistribution-5.0.0-ALPHA-SNAPSHOT.jar, owlapi-fixers-5.0.0-ALPHA-SNAPSHOT.jar define 96 overlappping classes: 
[WARNING]   - org.semanticweb.owlapitools.builders.BuilderDataHasValue
[WARNING]   - org.semanticweb.owlapitools.builders.BuilderPropertyChain
[WARNING]   - org.semanticweb.owlapitools.builders.BuilderDataExactCardinality
[WARNING]   - org.semanticweb.owlapitools.builders.BuilderIrreflexiveObjectProperty
[WARNING]   - org.semanticweb.owlapitools.builders.BaseAnnotationPropertyBuilder
[WARNING]   - org.semanticweb.owlapitools.builders.BuilderDataPropertyAssertion
[WARNING]   - org.semanticweb.owlapitools.builders.BuilderAsymmetricObjectProperty
[WARNING]   - org.semanticweb.owlapitools.builders.BuilderFacetRestriction
[WARNING]   - org.semanticweb.owlapitools.builders.BuilderComplementOf
[WARNING]   - org.semanticweb.owlapitools.builders.BuilderDataUnionOf
[WARNING]   - 86 more...
[WARNING] owlapi-osgidistribution-5.0.0-ALPHA-SNAPSHOT.jar, owlapi-tools-5.0.0-ALPHA-SNAPSHOT.jar define 88 overlappping classes: 
[WARNING]   - com.clarkparsia.owlapi.explanation.util.SilentExplanationProgressMonitor
[WARNING]   - org.semanticweb.owlapi.metrics.HiddenGCICount
[WARNING]   - com.clarkparsia.owlapi.explanation.SingleExplanationGenerator
[WARNING]   - org.semanticweb.owlapi.metrics.GCICount
[WARNING]   - com.clarkparsia.owlapi.explanation.BlackBoxExplanation$1
[WARNING]   - com.clarkparsia.owlapi.modularity.locality.SemanticLocalityEvaluator
[WARNING]   - uk.ac.manchester.cs.owl.explanation.ordering.NodeRenderer
[WARNING]   - org.semanticweb.owlapi.debugging.JustificationMap$OWLAxiomComparator
[WARNING]   - uk.ac.manchester.cs.owl.explanation.ordering.ExplanationOrdererImpl$AxiomMapBuilder
[WARNING]   - org.semanticweb.owlapi.metrics.DoubleValuedMetric
[WARNING]   - 78 more...
[WARNING] owlapi-impl-5.0.0-ALPHA-SNAPSHOT.jar, owlapi-osgidistribution-5.0.0-ALPHA-SNAPSHOT.jar define 218 overlappping classes: 
[WARNING]   - org.semanticweb.owlapi.reasoner.impl.OWLNamedIndividualNodeSet
[WARNING]   - uk.ac.manchester.cs.owl.owlapi.SWRLIndividualArgumentImpl
[WARNING]   - uk.ac.manchester.cs.owl.owlapi.InitVisitorFactory$InitIndividualVisitor
[WARNING]   - uk.ac.manchester.cs.owl.owlapi.OWLDataAllValuesFromImpl
[WARNING]   - uk.ac.manchester.cs.owl.owlapi.CollectionContainerVisitor
[WARNING]   - uk.ac.manchester.cs.owl.owlapi.concurrent.NonConcurrentOWLOntologyBuilder
[WARNING]   - uk.ac.manchester.cs.owl.owlapi.OWLImportsDeclarationImpl
[WARNING]   - uk.ac.manchester.cs.owl.owlapi.OWLSubPropertyAxiomImpl
[WARNING]   - uk.ac.manchester.cs.owl.owlapi.OWLSameIndividualAxiomImpl
[WARNING]   - uk.ac.manchester.cs.owl.owlapi.OWLDataFactoryInternalsImpl$Buildable$1
[WARNING]   - 208 more...
[WARNING] owlapi-osgidistribution-5.0.0-ALPHA-SNAPSHOT.jar, owlapi-rio-5.0.0-ALPHA-SNAPSHOT.jar define 68 overlappping classes: 
[WARNING]   - org.semanticweb.owlapi.formats.N3DocumentFormatFactory
[WARNING]   - org.semanticweb.owlapi.formats.RioTurtleDocumentFormatFactory
[WARNING]   - org.semanticweb.owlapi.rio.RioStorer
[WARNING]   - org.semanticweb.owlapi.rio.RioOWLRDFParser
[WARNING]   - org.semanticweb.owlapi.rio.OWLAPIRDFFormat
[WARNING]   - org.semanticweb.owlapi.formats.N3DocumentFormat
[WARNING]   - org.semanticweb.owlapi.rio.RioFunctionalSyntaxParserFactory
[WARNING]   - org.semanticweb.owlapi.rio.RioTrigStorerFactory
[WARNING]   - org.semanticweb.owlapi.rio.RioManchesterSyntaxParserFactory
[WARNING]   - org.semanticweb.owlapi.rio.AbstractRioStorerFactory
[WARNING]   - 58 more...
[WARNING] owlapi-parsers-5.0.0-ALPHA-SNAPSHOT.jar, owlapi-osgidistribution-5.0.0-ALPHA-SNAPSHOT.jar define 611 overlappping classes: 
[WARNING]   - org.semanticweb.owlapi.manchestersyntax.parser.ManchesterOWLSyntaxParserImpl$DataPropertyExpressionListItemParser
[WARNING]   - org.semanticweb.owlapi.rdf.rdfxml.parser.TripleHandlers$TPOneOfHandler
[WARNING]   - org.semanticweb.owlapi.krss2.renderer.KRSS2SyntaxRenderer
[WARNING]   - org.semanticweb.owlapi.rdf.rdfxml.renderer.package-info
[WARNING]   - org.semanticweb.owlapi.rdf.rdfxml.parser.Translators$ObjectMinCardinalityTranslator
[WARNING]   - org.semanticweb.owlapi.rdf.turtle.parser.TurtleParserException
[WARNING]   - org.semanticweb.owlapi.owlxml.parser.AbstractNaryBooleanClassExpressionElementHandler
[WARNING]   - org.semanticweb.owlapi.latex.renderer.LatexOWLObjectRenderer
[WARNING]   - org.semanticweb.owlapi.manchestersyntax.parser.ManchesterOWLSyntaxParserImpl$IndividualFactsItemParser
[WARNING]   - org.semanticweb.owlapi.rdf.turtle.parser.OWLRDFConsumerAdapter
[WARNING]   - 601 more...
[WARNING] owlapi-osgidistribution-5.0.0-ALPHA-SNAPSHOT.jar, owlapi-oboformat-5.0.0-ALPHA-SNAPSHOT.jar define 78 overlappping classes: 
[WARNING]   - org.obolibrary.oboformat.parser.OBOFormatException
[WARNING]   - org.obolibrary.obo2owl.OWLAPIOwl2Obo
[WARNING]   - org.obolibrary.macro.MacroExpansionGCIVisitor$MacroExpansions
[WARNING]   - org.obolibrary.oboformat.diff.Diff
[WARNING]   - org.semanticweb.owlapi.oboformat.OBOFormatRenderer$1
[WARNING]   - org.obolibrary.obo2owl.IdTranslator
[WARNING]   - org.obolibrary.oboformat.model.Clause
[WARNING]   - org.obolibrary.oboformat.parser.XrefExpander$ReverseGenusDifferentiaExpansion
[WARNING]   - org.obolibrary.owl.LabelFunctionalSyntaxStorer
[WARNING]   - org.obolibrary.oboformat.model.FrameStructureException
[WARNING]   - 68 more...
[WARNING] owlapi-osgidistribution-5.0.0-ALPHA-SNAPSHOT.jar, owlapi-api-5.0.0-ALPHA-SNAPSHOT.jar define 825 overlappping classes: 
[WARNING]   - org.semanticweb.owlapi.model.OWLPropertyAssertionObject
[WARNING]   - org.semanticweb.owlapi.model.OWLAnonymousClassExpression
[WARNING]   - org.semanticweb.owlapi.model.HasApplyChange
[WARNING]   - org.semanticweb.owlapi.util.InferredIndividualAxiomGenerator
[WARNING]   - org.semanticweb.owlapi.model.SWRLDArgument
[WARNING]   - org.semanticweb.owlapi.util.OWLOntologyWalkerVisitor
[WARNING]   - org.semanticweb.owlapi.model.providers.ExistentialProvider
[WARNING]   - org.semanticweb.owlapi.model.axiomproviders.PropertyCharacteristicAxiomProvider
[WARNING]   - org.semanticweb.owlapi.model.OWLObjectPropertyDomainAxiom
[WARNING]   - org.semanticweb.owlapi.io.SystemOutDocumentTarget
[WARNING]   - 815 more...
[WARNING] owlapi-osgidistribution-5.0.0-ALPHA-SNAPSHOT.jar, owlapi-apibinding-5.0.0-ALPHA-SNAPSHOT.jar define 3 overlappping classes: 
[WARNING]   - org.semanticweb.owlapi.apibinding.OWLManager
[WARNING]   - org.semanticweb.owlapi.apibinding.package-info
[WARNING]   - org.semanticweb.owlapi.apibinding.OWLFunctionalSyntaxFactory
[WARNING] owlapi-osgidistribution-5.0.0-ALPHA-SNAPSHOT.jar, owlapi-compatibility-5.0.0-ALPHA-SNAPSHOT.jar define 85 overlappping classes: 
[WARNING]   - org.coode.owlapi.obo12.parser.OBOIdType$1
[WARNING]   - uk.ac.manchester.cs.owlapi.dlsyntax.DLSyntaxHTMLOntologyFormat
[WARNING]   - org.coode.owl.krssparser.KRSSOntologyFormat
[WARNING]   - org.coode.owlapi.turtle.TurtleOntologyFormat
[WARNING]   - org.coode.owlapi.obo12.parser.SynonymScope
[WARNING]   - org.coode.owlapi.obo12.parser.NameTagValueHandler
[WARNING]   - org.coode.owlapi.obo12.parser.OBOVocabulary$1
[WARNING]   - org.coode.owlapi.obo12.parser.DataVersionTagValueHandler
[WARNING]   - org.coode.owlapi.obo12.parser.UnionOfHandler
[WARNING]   - org.coode.owlapi.obo12.parser.SynonymTagValueHandler
[WARNING]   - 75 more...
[WARNING] maven-shade-plugin has detected that some .class files
[WARNING] are present in two or more JARs. When this happens, only
[WARNING] one single version of the class is copied in the uberjar.
[WARNING] Usually this is not harmful and you can skeep these
[WARNING] warnings, otherwise try to manually exclude artifacts
[WARNING] based on mvn dependency:tree -Ddetail=true and the above
[WARNING] output
[WARNING] See http://docs.codehaus.org/display/MAVENUSER/Shade+Plugin
[INFO] Replacing original artifact with shaded artifact.
[INFO] Replacing /home/travis/build/owlcs/owlapi/osgidistribution/target/owlapi-osgidistribution-5.0.0-ALPHA-SNAPSHOT.jar with /home/travis/build/owlcs/owlapi/osgidistribution/target/owlapi-osgidistribution-5.0.0-ALPHA-SNAPSHOT-shaded.jar
[INFO] Dependency-reduced POM written at: /home/travis/build/owlcs/owlapi/osgidistribution/dependency-reduced-pom.xml
[INFO] 
[INFO] --- maven-assembly-plugin:2.4:single (attach-sources) @ owlapi-osgidistribution ---
[INFO] Reading assembly descriptor: src/assembly/sources.xml
[INFO] Building jar: /home/travis/build/owlcs/owlapi/osgidistribution/target/owlapi-osgidistribution-5.0.0-ALPHA-SNAPSHOT-sources.jar
[INFO] 
[INFO] --- maven-failsafe-plugin:2.18.1:integration-test (default) @ owlapi-osgidistribution ---
[INFO] Tests are skipped.
[INFO] 
[INFO] --- maven-failsafe-plugin:2.18.1:verify (default) @ owlapi-osgidistribution ---
[INFO] Tests are skipped.
[INFO] 
[INFO] --- maven-install-plugin:2.5.2:install (default-install) @ owlapi-osgidistribution ---
[INFO] Installing /home/travis/build/owlcs/owlapi/osgidistribution/target/owlapi-osgidistribution-5.0.0-ALPHA-SNAPSHOT.jar to /home/travis/.m2/repository/net/sourceforge/owlapi/owlapi-osgidistribution/5.0.0-ALPHA-SNAPSHOT/owlapi-osgidistribution-5.0.0-ALPHA-SNAPSHOT.jar
[INFO] Installing /home/travis/build/owlcs/owlapi/osgidistribution/dependency-reduced-pom.xml to /home/travis/.m2/repository/net/sourceforge/owlapi/owlapi-osgidistribution/5.0.0-ALPHA-SNAPSHOT/owlapi-osgidistribution-5.0.0-ALPHA-SNAPSHOT.pom
[INFO] Installing /home/travis/build/owlcs/owlapi/osgidistribution/target/owlapi-osgidistribution-5.0.0-ALPHA-SNAPSHOT-sources.jar to /home/travis/.m2/repository/net/sourceforge/owlapi/owlapi-osgidistribution/5.0.0-ALPHA-SNAPSHOT/owlapi-osgidistribution-5.0.0-ALPHA-SNAPSHOT-sources.jar
[INFO] Installing /home/travis/build/owlcs/owlapi/osgidistribution/target/owlapi-osgidistribution-5.0.0-ALPHA-SNAPSHOT-sources.jar to /home/travis/.m2/repository/net/sourceforge/owlapi/owlapi-osgidistribution/5.0.0-ALPHA-SNAPSHOT/owlapi-osgidistribution-5.0.0-ALPHA-SNAPSHOT-sources.jar
[INFO] 
[INFO] --- maven-bundle-plugin:2.5.3:install (default-install) @ owlapi-osgidistribution ---
[INFO] Installing net/sourceforge/owlapi/owlapi-osgidistribution/5.0.0-ALPHA-SNAPSHOT/owlapi-osgidistribution-5.0.0-ALPHA-SNAPSHOT.jar
[INFO] Installing net/sourceforge/owlapi/owlapi-osgidistribution/5.0.0-ALPHA-SNAPSHOT/owlapi-osgidistribution-5.0.0-ALPHA-SNAPSHOT-sources.jar
[INFO] Writing OBR metadata
[INFO] ------------------------------------------------------------------------
[INFO] Reactor Summary:
[INFO] 
[INFO] OWLAPI ............................................. SUCCESS [  3.081 s]
[INFO] OWLAPI Model Interfaces and utilities .............. SUCCESS [ 21.509 s]
[INFO] OWLAPI Default Implementation ...................... SUCCESS [  6.679 s]
[INFO] tools .............................................. SUCCESS [  1.142 s]
[INFO] parsers ............................................ SUCCESS [  6.080 s]
[INFO] oboformat parser ................................... SUCCESS [  0.544 s]
[INFO] OWLAPITOOLS OWL profile and fixers ................. SUCCESS [  0.464 s]
[INFO] OWLAPI :: Sesame Rio module ........................ SUCCESS [  1.182 s]
[INFO] OWLAPI Binding and Config .......................... SUCCESS [  0.405 s]
[INFO] compatibility ...................................... SUCCESS [  0.525 s]
[INFO] tests and tutorials ................................ SUCCESS [  4.655 s]
[INFO] OWLAPI Distribution ................................ SUCCESS [  7.426 s]
[INFO] OWLAPI OSGi and Compatibility Distribution ......... SUCCESS [  9.380 s]
[INFO] ------------------------------------------------------------------------
[INFO] BUILD SUCCESS
[INFO] ------------------------------------------------------------------------
[INFO] Total time: 01:05 min
[INFO] Finished at: 2015-11-29T16:52:22+00:00
[INFO] Final Memory: 54M/432M
[INFO] ------------------------------------------------------------------------
travis_time:end:02769633:start=1448815875254397391,finish=1448815943234199485,duration=67979802094[0Ktravis_fold:end:install[0Ktravis_time:start:00180516[0K$ mvn verify
Java HotSpot(TM) 64-Bit Server VM warning: ignoring option MaxPermSize=192m; support was removed in 8.0
[INFO] Scanning for projects...
[INFO] Inspecting build with total of 13 modules...
[INFO] Installing Nexus Staging features:
[INFO]   ... total of 13 executions of maven-deploy-plugin replaced with nexus-staging-maven-plugin
[INFO] ------------------------------------------------------------------------
[INFO] Reactor Build Order:
[INFO] 
[INFO] OWLAPI
[INFO] OWLAPI Model Interfaces and utilities
[INFO] OWLAPI Default Implementation
[INFO] tools
[INFO] parsers
[INFO] oboformat parser
[INFO] OWLAPITOOLS OWL profile and fixers
[INFO] OWLAPI :: Sesame Rio module
[INFO] OWLAPI Binding and Config
[INFO] compatibility
[INFO] tests and tutorials
[INFO] OWLAPI Distribution
[INFO] OWLAPI OSGi and Compatibility Distribution
[INFO]                                                                         
[INFO] ------------------------------------------------------------------------
[INFO] Building OWLAPI 5.0.0-ALPHA-SNAPSHOT
[INFO] ------------------------------------------------------------------------
[INFO] 
[INFO] --- maven-enforcer-plugin:1.0:enforce (enforce-maven) @ owlapi-parent ---
[INFO] 
[INFO] >>> maven-source-plugin:2.2.1:jar (attach-sources) > generate-sources @ owlapi-parent >>>
[INFO] 
[INFO] --- maven-enforcer-plugin:1.0:enforce (enforce-maven) @ owlapi-parent ---
[INFO] 
[INFO] <<< maven-source-plugin:2.2.1:jar (attach-sources) < generate-sources @ owlapi-parent <<<
[INFO] 
[INFO] --- maven-source-plugin:2.2.1:jar (attach-sources) @ owlapi-parent ---
[INFO] 
[INFO] --- maven-javadoc-plugin:2.8.1:jar (attach-javadocs) @ owlapi-parent ---
[INFO] Skipping javadoc generation
[INFO] 
[INFO] --- maven-failsafe-plugin:2.18.1:integration-test (default) @ owlapi-parent ---
[INFO] No tests to run.
[INFO] 
[INFO] --- maven-failsafe-plugin:2.18.1:verify (default) @ owlapi-parent ---
[INFO] No tests to run.
[INFO]                                                                         
[INFO] ------------------------------------------------------------------------
[INFO] Building OWLAPI Model Interfaces and utilities 5.0.0-ALPHA-SNAPSHOT
[INFO] ------------------------------------------------------------------------
[INFO] 
[INFO] --- maven-enforcer-plugin:1.0:enforce (enforce-maven) @ owlapi-api ---
[INFO] 
[INFO] --- maven-resources-plugin:2.6:resources (default-resources) @ owlapi-api ---
[INFO] Using 'UTF-8' encoding to copy filtered resources.
[INFO] skip non existing resourceDirectory /home/travis/build/owlcs/owlapi/api/src/main/resources
[INFO] 
[INFO] --- maven-compiler-plugin:3.2:compile (default-compile) @ owlapi-api ---
[INFO] Changes detected - recompiling the module!
[INFO] Compiling 738 source files to /home/travis/build/owlcs/owlapi/api/target/classes
[INFO] /home/travis/build/owlcs/owlapi/api/src/main/java/org/semanticweb/owlapi/util/CollectionFactory.java: Some input files use unchecked or unsafe operations.
[INFO] /home/travis/build/owlcs/owlapi/api/src/main/java/org/semanticweb/owlapi/util/CollectionFactory.java: Recompile with -Xlint:unchecked for details.
[INFO] 
[INFO] --- maven-resources-plugin:2.6:testResources (default-testResources) @ owlapi-api ---
[INFO] Using 'UTF-8' encoding to copy filtered resources.
[INFO] Copying 1 resource
[INFO] 
[INFO] --- maven-compiler-plugin:3.2:testCompile (default-testCompile) @ owlapi-api ---
[INFO] Nothing to compile - all classes are up to date
[INFO] 
[INFO] --- maven-surefire-plugin:2.18.1:test (default-test) @ owlapi-api ---
[INFO] Surefire report directory: /home/travis/build/owlcs/owlapi/api/target/surefire-reports

-------------------------------------------------------
 T E S T S
-------------------------------------------------------
Tests run: 883, Failures: 0, Errors: 0, Skipped: 4

[INFO] 
[INFO] --- maven-jar-plugin:2.4:jar (default-jar) @ owlapi-api ---
[INFO] Building jar: /home/travis/build/owlcs/owlapi/api/target/owlapi-api-5.0.0-ALPHA-SNAPSHOT.jar
[INFO] 
[INFO] >>> maven-source-plugin:2.2.1:jar (attach-sources) > generate-sources @ owlapi-api >>>
[INFO] 
[INFO] --- maven-enforcer-plugin:1.0:enforce (enforce-maven) @ owlapi-api ---
[INFO] 
[INFO] <<< maven-source-plugin:2.2.1:jar (attach-sources) < generate-sources @ owlapi-api <<<
[INFO] 
[INFO] --- maven-source-plugin:2.2.1:jar (attach-sources) @ owlapi-api ---
[INFO] Building jar: /home/travis/build/owlcs/owlapi/api/target/owlapi-api-5.0.0-ALPHA-SNAPSHOT-sources.jar
[INFO] 
[INFO] --- maven-javadoc-plugin:2.8.1:jar (attach-javadocs) @ owlapi-api ---
[INFO] Skipping javadoc generation
[INFO] 
[INFO] --- maven-failsafe-plugin:2.18.1:integration-test (default) @ owlapi-api ---
[INFO] 
[INFO] --- maven-failsafe-plugin:2.18.1:verify (default) @ owlapi-api ---
[INFO] Failsafe report directory: /home/travis/build/owlcs/owlapi/api/target/failsafe-reports
[INFO]                                                                         
[INFO] ------------------------------------------------------------------------
[INFO] Building OWLAPI Default Implementation 5.0.0-ALPHA-SNAPSHOT
[INFO] ------------------------------------------------------------------------
[INFO] 
[INFO] --- maven-enforcer-plugin:1.0:enforce (enforce-maven) @ owlapi-impl ---
[INFO] 
[INFO] --- maven-resources-plugin:2.6:resources (default-resources) @ owlapi-impl ---
[INFO] Using 'UTF-8' encoding to copy filtered resources.
[INFO] skip non existing resourceDirectory /home/travis/build/owlcs/owlapi/impl/src/main/resources
[INFO] 
[INFO] --- maven-compiler-plugin:3.2:compile (default-compile) @ owlapi-impl ---
[INFO] Nothing to compile - all classes are up to date
[INFO] 
[INFO] --- maven-resources-plugin:2.6:testResources (default-testResources) @ owlapi-impl ---
[INFO] Using 'UTF-8' encoding to copy filtered resources.
[INFO] skip non existing resourceDirectory /home/travis/build/owlcs/owlapi/impl/src/test/resources
[INFO] 
[INFO] --- maven-compiler-plugin:3.2:testCompile (default-testCompile) @ owlapi-impl ---
[INFO] Nothing to compile - all classes are up to date
[INFO] 
[INFO] --- maven-surefire-plugin:2.18.1:test (default-test) @ owlapi-impl ---
[INFO] Surefire report directory: /home/travis/build/owlcs/owlapi/impl/target/surefire-reports

-------------------------------------------------------
 T E S T S
-------------------------------------------------------
[main] ERROR uk.ac.manchester.cs.owl.owlapi.OWLOntologyManagerImpl - Runtime Warning: Parsers should load imported ontologies using the makeImportLoadRequest method.
[main] ERROR uk.ac.manchester.cs.owl.owlapi.OWLOntologyManagerImpl - Runtime Warning: Parsers should load imported ontologies using the makeImportLoadRequest method.
Tests run: 497, Failures: 0, Errors: 0, Skipped: 0

[INFO] 
[INFO] --- maven-jar-plugin:2.4:jar (default-jar) @ owlapi-impl ---
[INFO] 
[INFO] >>> maven-source-plugin:2.2.1:jar (attach-sources) > generate-sources @ owlapi-impl >>>
[INFO] 
[INFO] --- maven-enforcer-plugin:1.0:enforce (enforce-maven) @ owlapi-impl ---
[INFO] 
[INFO] <<< maven-source-plugin:2.2.1:jar (attach-sources) < generate-sources @ owlapi-impl <<<
[INFO] 
[INFO] --- maven-source-plugin:2.2.1:jar (attach-sources) @ owlapi-impl ---
[INFO] Building jar: /home/travis/build/owlcs/owlapi/impl/target/owlapi-impl-5.0.0-ALPHA-SNAPSHOT-sources.jar
[INFO] 
[INFO] --- maven-javadoc-plugin:2.8.1:jar (attach-javadocs) @ owlapi-impl ---
[INFO] Skipping javadoc generation
[INFO] 
[INFO] --- maven-failsafe-plugin:2.18.1:integration-test (default) @ owlapi-impl ---
[INFO] 
[INFO] --- maven-failsafe-plugin:2.18.1:verify (default) @ owlapi-impl ---
[INFO] Failsafe report directory: /home/travis/build/owlcs/owlapi/impl/target/failsafe-reports
[INFO]                                                                         
[INFO] ------------------------------------------------------------------------
[INFO] Building tools 5.0.0-ALPHA-SNAPSHOT
[INFO] ------------------------------------------------------------------------
[INFO] 
[INFO] --- maven-enforcer-plugin:1.0:enforce (enforce-maven) @ owlapi-tools ---
[INFO] 
[INFO] --- maven-resources-plugin:2.6:resources (default-resources) @ owlapi-tools ---
[INFO] Using 'UTF-8' encoding to copy filtered resources.
[INFO] skip non existing resourceDirectory /home/travis/build/owlcs/owlapi/tools/src/main/resources
[INFO] 
[INFO] --- maven-compiler-plugin:3.2:compile (default-compile) @ owlapi-tools ---
[INFO] Nothing to compile - all classes are up to date
[INFO] 
[INFO] --- maven-resources-plugin:2.6:testResources (default-testResources) @ owlapi-tools ---
[INFO] Using 'UTF-8' encoding to copy filtered resources.
[INFO] skip non existing resourceDirectory /home/travis/build/owlcs/owlapi/tools/src/test/resources
[INFO] 
[INFO] --- maven-compiler-plugin:3.2:testCompile (default-testCompile) @ owlapi-tools ---
[INFO] No sources to compile
[INFO] 
[INFO] --- maven-surefire-plugin:2.18.1:test (default-test) @ owlapi-tools ---
[INFO] No tests to run.
[INFO] 
[INFO] --- maven-jar-plugin:2.4:jar (default-jar) @ owlapi-tools ---
[INFO] 
[INFO] >>> maven-source-plugin:2.2.1:jar (attach-sources) > generate-sources @ owlapi-tools >>>
[INFO] 
[INFO] --- maven-enforcer-plugin:1.0:enforce (enforce-maven) @ owlapi-tools ---
[INFO] 
[INFO] <<< maven-source-plugin:2.2.1:jar (attach-sources) < generate-sources @ owlapi-tools <<<
[INFO] 
[INFO] --- maven-source-plugin:2.2.1:jar (attach-sources) @ owlapi-tools ---
[INFO] Building jar: /home/travis/build/owlcs/owlapi/tools/target/owlapi-tools-5.0.0-ALPHA-SNAPSHOT-sources.jar
[INFO] 
[INFO] --- maven-javadoc-plugin:2.8.1:jar (attach-javadocs) @ owlapi-tools ---
[INFO] Skipping javadoc generation
[INFO] 
[INFO] --- maven-failsafe-plugin:2.18.1:integration-test (default) @ owlapi-tools ---
[INFO] No tests to run.
[INFO] 
[INFO] --- maven-failsafe-plugin:2.18.1:verify (default) @ owlapi-tools ---
[INFO] No tests to run.
[INFO]                                                                         
[INFO] ------------------------------------------------------------------------
[INFO] Building parsers 5.0.0-ALPHA-SNAPSHOT
[INFO] ------------------------------------------------------------------------
[INFO] 
[INFO] --- maven-enforcer-plugin:1.0:enforce (enforce-maven) @ owlapi-parsers ---
[INFO] 
[INFO] --- maven-resources-plugin:2.6:resources (default-resources) @ owlapi-parsers ---
[INFO] Using 'UTF-8' encoding to copy filtered resources.
[INFO] Copying 2 resources
[INFO] 
[INFO] --- maven-compiler-plugin:3.2:compile (default-compile) @ owlapi-parsers ---
[INFO] Changes detected - recompiling the module!
[INFO] Compiling 197 source files to /home/travis/build/owlcs/owlapi/parsers/target/classes
[INFO] /home/travis/build/owlcs/owlapi/parsers/src/main/java/org/semanticweb/owlapi/functional/parser/OWLFunctionalSyntaxParser.java: Some input files use or override a deprecated API.
[INFO] /home/travis/build/owlcs/owlapi/parsers/src/main/java/org/semanticweb/owlapi/functional/parser/OWLFunctionalSyntaxParser.java: Recompile with -Xlint:deprecation for details.
[INFO] /home/travis/build/owlcs/owlapi/parsers/src/main/java/org/semanticweb/owlapi/rdf/model/AbstractTranslator.java: /home/travis/build/owlcs/owlapi/parsers/src/main/java/org/semanticweb/owlapi/rdf/model/AbstractTranslator.java uses unchecked or unsafe operations.
[INFO] /home/travis/build/owlcs/owlapi/parsers/src/main/java/org/semanticweb/owlapi/rdf/model/AbstractTranslator.java: Recompile with -Xlint:unchecked for details.
[INFO] 
[INFO] --- maven-resources-plugin:2.6:testResources (default-testResources) @ owlapi-parsers ---
[INFO] Using 'UTF-8' encoding to copy filtered resources.
[INFO] skip non existing resourceDirectory /home/travis/build/owlcs/owlapi/parsers/src/test/resources
[INFO] 
[INFO] --- maven-compiler-plugin:3.2:testCompile (default-testCompile) @ owlapi-parsers ---
[INFO] Nothing to compile - all classes are up to date
[INFO] 
[INFO] --- maven-surefire-plugin:2.18.1:test (default-test) @ owlapi-parsers ---
[INFO] Surefire report directory: /home/travis/build/owlcs/owlapi/parsers/target/surefire-reports

-------------------------------------------------------
 T E S T S
-------------------------------------------------------
Tests run: 2, Failures: 0, Errors: 0, Skipped: 0

[INFO] 
[INFO] --- maven-jar-plugin:2.4:jar (default-jar) @ owlapi-parsers ---
[INFO] Building jar: /home/travis/build/owlcs/owlapi/parsers/target/owlapi-parsers-5.0.0-ALPHA-SNAPSHOT.jar
[INFO] 
[INFO] >>> maven-source-plugin:2.2.1:jar (attach-sources) > generate-sources @ owlapi-parsers >>>
[INFO] 
[INFO] --- maven-enforcer-plugin:1.0:enforce (enforce-maven) @ owlapi-parsers ---
[INFO] 
[INFO] <<< maven-source-plugin:2.2.1:jar (attach-sources) < generate-sources @ owlapi-parsers <<<
[INFO] 
[INFO] --- maven-source-plugin:2.2.1:jar (attach-sources) @ owlapi-parsers ---
[INFO] Building jar: /home/travis/build/owlcs/owlapi/parsers/target/owlapi-parsers-5.0.0-ALPHA-SNAPSHOT-sources.jar
[INFO] 
[INFO] --- maven-javadoc-plugin:2.8.1:jar (attach-javadocs) @ owlapi-parsers ---
[INFO] Skipping javadoc generation
[INFO] 
[INFO] --- maven-failsafe-plugin:2.18.1:integration-test (default) @ owlapi-parsers ---
[INFO] 
[INFO] --- maven-failsafe-plugin:2.18.1:verify (default) @ owlapi-parsers ---
[INFO] Failsafe report directory: /home/travis/build/owlcs/owlapi/parsers/target/failsafe-reports
[INFO]                                                                         
[INFO] ------------------------------------------------------------------------
[INFO] Building oboformat parser 5.0.0-ALPHA-SNAPSHOT
[INFO] ------------------------------------------------------------------------
[INFO] 
[INFO] --- maven-enforcer-plugin:1.0:enforce (enforce-maven) @ owlapi-oboformat ---
[INFO] 
[INFO] --- maven-resources-plugin:2.6:resources (default-resources) @ owlapi-oboformat ---
[INFO] Using 'UTF-8' encoding to copy filtered resources.
[INFO] Copying 2 resources
[INFO] 
[INFO] --- maven-compiler-plugin:3.2:compile (default-compile) @ owlapi-oboformat ---
[INFO] Nothing to compile - all classes are up to date
[INFO] 
[INFO] --- maven-resources-plugin:2.6:testResources (default-testResources) @ owlapi-oboformat ---
[INFO] Using 'UTF-8' encoding to copy filtered resources.
[INFO] skip non existing resourceDirectory /home/travis/build/owlcs/owlapi/oboformat/src/test/resources
[INFO] 
[INFO] --- maven-compiler-plugin:3.2:testCompile (default-testCompile) @ owlapi-oboformat ---
[INFO] Nothing to compile - all classes are up to date
[INFO] 
[INFO] --- maven-surefire-plugin:2.18.1:test (default-test) @ owlapi-oboformat ---
[INFO] Surefire report directory: /home/travis/build/owlcs/owlapi/oboformat/target/surefire-reports

-------------------------------------------------------
 T E S T S
-------------------------------------------------------
Tests run: 1, Failures: 0, Errors: 0, Skipped: 0

[INFO] 
[INFO] --- maven-jar-plugin:2.4:jar (default-jar) @ owlapi-oboformat ---
[INFO] 
[INFO] >>> maven-source-plugin:2.2.1:jar (attach-sources) > generate-sources @ owlapi-oboformat >>>
[INFO] 
[INFO] --- maven-enforcer-plugin:1.0:enforce (enforce-maven) @ owlapi-oboformat ---
[INFO] 
[INFO] <<< maven-source-plugin:2.2.1:jar (attach-sources) < generate-sources @ owlapi-oboformat <<<
[INFO] 
[INFO] --- maven-source-plugin:2.2.1:jar (attach-sources) @ owlapi-oboformat ---
[INFO] Building jar: /home/travis/build/owlcs/owlapi/oboformat/target/owlapi-oboformat-5.0.0-ALPHA-SNAPSHOT-sources.jar
[INFO] 
[INFO] --- maven-javadoc-plugin:2.8.1:jar (attach-javadocs) @ owlapi-oboformat ---
[INFO] Skipping javadoc generation
[INFO] 
[INFO] --- maven-failsafe-plugin:2.18.1:integration-test (default) @ owlapi-oboformat ---
[INFO] 
[INFO] --- maven-failsafe-plugin:2.18.1:verify (default) @ owlapi-oboformat ---
[INFO] Failsafe report directory: /home/travis/build/owlcs/owlapi/oboformat/target/failsafe-reports
[INFO]                                                                         
[INFO] ------------------------------------------------------------------------
[INFO] Building OWLAPITOOLS OWL profile and fixers 5.0.0-ALPHA-SNAPSHOT
[INFO] ------------------------------------------------------------------------
[INFO] 
[INFO] --- maven-enforcer-plugin:1.0:enforce (enforce-maven) @ owlapi-fixers ---
[INFO] 
[INFO] --- maven-resources-plugin:2.6:resources (default-resources) @ owlapi-fixers ---
[INFO] Using 'UTF-8' encoding to copy filtered resources.
[INFO] skip non existing resourceDirectory /home/travis/build/owlcs/owlapi/fixers/src/main/resources
[INFO] 
[INFO] --- maven-compiler-plugin:3.2:compile (default-compile) @ owlapi-fixers ---
[INFO] Nothing to compile - all classes are up to date
[INFO] 
[INFO] --- maven-resources-plugin:2.6:testResources (default-testResources) @ owlapi-fixers ---
[INFO] Using 'UTF-8' encoding to copy filtered resources.
[INFO] skip non existing resourceDirectory /home/travis/build/owlcs/owlapi/fixers/src/test/resources
[INFO] 
[INFO] --- maven-compiler-plugin:3.2:testCompile (default-testCompile) @ owlapi-fixers ---
[INFO] Nothing to compile - all classes are up to date
[INFO] 
[INFO] --- maven-surefire-plugin:2.18.1:test (default-test) @ owlapi-fixers ---
[INFO] Surefire report directory: /home/travis/build/owlcs/owlapi/fixers/target/surefire-reports

-------------------------------------------------------
 T E S T S
-------------------------------------------------------
Tests run: 220, Failures: 0, Errors: 0, Skipped: 0

[INFO] 
[INFO] --- maven-jar-plugin:2.4:jar (default-jar) @ owlapi-fixers ---
[INFO] 
[INFO] >>> maven-source-plugin:2.2.1:jar (attach-sources) > generate-sources @ owlapi-fixers >>>
[INFO] 
[INFO] --- maven-enforcer-plugin:1.0:enforce (enforce-maven) @ owlapi-fixers ---
[INFO] 
[INFO] <<< maven-source-plugin:2.2.1:jar (attach-sources) < generate-sources @ owlapi-fixers <<<
[INFO] 
[INFO] --- maven-source-plugin:2.2.1:jar (attach-sources) @ owlapi-fixers ---
[INFO] Building jar: /home/travis/build/owlcs/owlapi/fixers/target/owlapi-fixers-5.0.0-ALPHA-SNAPSHOT-sources.jar
[INFO] 
[INFO] --- maven-javadoc-plugin:2.8.1:jar (attach-javadocs) @ owlapi-fixers ---
[INFO] Skipping javadoc generation
[INFO] 
[INFO] --- maven-failsafe-plugin:2.18.1:integration-test (default) @ owlapi-fixers ---
[INFO] 
[INFO] --- maven-failsafe-plugin:2.18.1:verify (default) @ owlapi-fixers ---
[INFO] Failsafe report directory: /home/travis/build/owlcs/owlapi/fixers/target/failsafe-reports
[INFO]                                                                         
[INFO] ------------------------------------------------------------------------
[INFO] Building OWLAPI :: Sesame Rio module 5.0.0-ALPHA-SNAPSHOT
[INFO] ------------------------------------------------------------------------
[INFO] 
[INFO] --- maven-enforcer-plugin:1.0:enforce (enforce-maven) @ owlapi-rio ---
[INFO] 
[INFO] --- maven-resources-plugin:2.6:resources (default-resources) @ owlapi-rio ---
[INFO] Using 'UTF-8' encoding to copy filtered resources.
[INFO] Copying 4 resources
[INFO] 
[INFO] --- maven-compiler-plugin:3.2:compile (default-compile) @ owlapi-rio ---
[INFO] Nothing to compile - all classes are up to date
[INFO] 
[INFO] --- maven-resources-plugin:2.6:testResources (default-testResources) @ owlapi-rio ---
[INFO] Using 'UTF-8' encoding to copy filtered resources.
[INFO] skip non existing resourceDirectory /home/travis/build/owlcs/owlapi/rio/src/test/resources
[INFO] 
[INFO] --- maven-compiler-plugin:3.2:testCompile (default-testCompile) @ owlapi-rio ---
[INFO] No sources to compile
[INFO] 
[INFO] --- maven-surefire-plugin:2.18.1:test (default-test) @ owlapi-rio ---
[INFO] No tests to run.
[INFO] 
[INFO] --- maven-jar-plugin:2.4:jar (default-jar) @ owlapi-rio ---
[INFO] 
[INFO] >>> maven-source-plugin:2.2.1:jar (attach-sources) > generate-sources @ owlapi-rio >>>
[INFO] 
[INFO] --- maven-enforcer-plugin:1.0:enforce (enforce-maven) @ owlapi-rio ---
[INFO] 
[INFO] <<< maven-source-plugin:2.2.1:jar (attach-sources) < generate-sources @ owlapi-rio <<<
[INFO] 
[INFO] --- maven-source-plugin:2.2.1:jar (attach-sources) @ owlapi-rio ---
[INFO] Building jar: /home/travis/build/owlcs/owlapi/rio/target/owlapi-rio-5.0.0-ALPHA-SNAPSHOT-sources.jar
[INFO] 
[INFO] --- maven-javadoc-plugin:2.8.1:jar (attach-javadocs) @ owlapi-rio ---
[INFO] Skipping javadoc generation
[INFO] 
[INFO] --- maven-failsafe-plugin:2.18.1:integration-test (default) @ owlapi-rio ---
[INFO] No tests to run.
[INFO] 
[INFO] --- maven-failsafe-plugin:2.18.1:verify (default) @ owlapi-rio ---
[INFO] No tests to run.
[INFO]                                                                         
[INFO] ------------------------------------------------------------------------
[INFO] Building OWLAPI Binding and Config 5.0.0-ALPHA-SNAPSHOT
[INFO] ------------------------------------------------------------------------
[INFO] 
[INFO] --- maven-enforcer-plugin:1.0:enforce (enforce-maven) @ owlapi-apibinding ---
[INFO] 
[INFO] --- maven-resources-plugin:2.6:resources (default-resources) @ owlapi-apibinding ---
[INFO] Using 'UTF-8' encoding to copy filtered resources.
[INFO] Copying 1 resource
[INFO] 
[INFO] --- maven-compiler-plugin:3.2:compile (default-compile) @ owlapi-apibinding ---
[INFO] Nothing to compile - all classes are up to date
[INFO] 
[INFO] --- maven-resources-plugin:2.6:testResources (default-testResources) @ owlapi-apibinding ---
[INFO] Using 'UTF-8' encoding to copy filtered resources.
[INFO] skip non existing resourceDirectory /home/travis/build/owlcs/owlapi/apibinding/src/test/resources
[INFO] 
[INFO] --- maven-compiler-plugin:3.2:testCompile (default-testCompile) @ owlapi-apibinding ---
[INFO] No sources to compile
[INFO] 
[INFO] --- maven-surefire-plugin:2.18.1:test (default-test) @ owlapi-apibinding ---
[INFO] No tests to run.
[INFO] 
[INFO] --- maven-jar-plugin:2.4:jar (default-jar) @ owlapi-apibinding ---
[INFO] 
[INFO] >>> maven-source-plugin:2.2.1:jar (attach-sources) > generate-sources @ owlapi-apibinding >>>
[INFO] 
[INFO] --- maven-enforcer-plugin:1.0:enforce (enforce-maven) @ owlapi-apibinding ---
[INFO] 
[INFO] <<< maven-source-plugin:2.2.1:jar (attach-sources) < generate-sources @ owlapi-apibinding <<<
[INFO] 
[INFO] --- maven-source-plugin:2.2.1:jar (attach-sources) @ owlapi-apibinding ---
[INFO] Building jar: /home/travis/build/owlcs/owlapi/apibinding/target/owlapi-apibinding-5.0.0-ALPHA-SNAPSHOT-sources.jar
[INFO] 
[INFO] --- maven-javadoc-plugin:2.8.1:jar (attach-javadocs) @ owlapi-apibinding ---
[INFO] Skipping javadoc generation
[INFO] 
[INFO] --- maven-failsafe-plugin:2.18.1:integration-test (default) @ owlapi-apibinding ---
[INFO] No tests to run.
[INFO] 
[INFO] --- maven-failsafe-plugin:2.18.1:verify (default) @ owlapi-apibinding ---
[INFO] No tests to run.
[INFO]                                                                         
[INFO] ------------------------------------------------------------------------
[INFO] Building compatibility 5.0.0-ALPHA-SNAPSHOT
[INFO] ------------------------------------------------------------------------
[INFO] 
[INFO] --- maven-enforcer-plugin:1.0:enforce (enforce-maven) @ owlapi-compatibility ---
[INFO] 
[INFO] --- maven-resources-plugin:2.6:resources (default-resources) @ owlapi-compatibility ---
[INFO] Using 'UTF-8' encoding to copy filtered resources.
[INFO] Copying 1 resource
[INFO] 
[INFO] --- maven-compiler-plugin:3.2:compile (default-compile) @ owlapi-compatibility ---
[INFO] Nothing to compile - all classes are up to date
[INFO] 
[INFO] --- maven-resources-plugin:2.6:testResources (default-testResources) @ owlapi-compatibility ---
[INFO] Using 'UTF-8' encoding to copy filtered resources.
[INFO] skip non existing resourceDirectory /home/travis/build/owlcs/owlapi/compatibility/src/test/resources
[INFO] 
[INFO] --- maven-compiler-plugin:3.2:testCompile (default-testCompile) @ owlapi-compatibility ---
[INFO] No sources to compile
[INFO] 
[INFO] --- maven-surefire-plugin:2.18.1:test (default-test) @ owlapi-compatibility ---
[INFO] No tests to run.
[INFO] 
[INFO] --- maven-jar-plugin:2.4:jar (default-jar) @ owlapi-compatibility ---
[INFO] 
[INFO] >>> maven-source-plugin:2.2.1:jar (attach-sources) > generate-sources @ owlapi-compatibility >>>
[INFO] 
[INFO] --- maven-enforcer-plugin:1.0:enforce (enforce-maven) @ owlapi-compatibility ---
[INFO] 
[INFO] <<< maven-source-plugin:2.2.1:jar (attach-sources) < generate-sources @ owlapi-compatibility <<<
[INFO] 
[INFO] --- maven-source-plugin:2.2.1:jar (attach-sources) @ owlapi-compatibility ---
[INFO] Building jar: /home/travis/build/owlcs/owlapi/compatibility/target/owlapi-compatibility-5.0.0-ALPHA-SNAPSHOT-sources.jar
[INFO] 
[INFO] --- maven-javadoc-plugin:2.8.1:jar (attach-javadocs) @ owlapi-compatibility ---
[INFO] Skipping javadoc generation
[INFO] 
[INFO] --- maven-failsafe-plugin:2.18.1:integration-test (default) @ owlapi-compatibility ---
[INFO] No tests to run.
[INFO] 
[INFO] --- maven-failsafe-plugin:2.18.1:verify (default) @ owlapi-compatibility ---
[INFO] No tests to run.
[INFO]                                                                         
[INFO] ------------------------------------------------------------------------
[INFO] Building tests and tutorials 5.0.0-ALPHA-SNAPSHOT
[INFO] ------------------------------------------------------------------------
[INFO] 
[INFO] --- maven-enforcer-plugin:1.0:enforce (enforce-maven) @ owlapi-contract ---
[INFO] 
[INFO] --- maven-resources-plugin:2.6:resources (default-resources) @ owlapi-contract ---
[INFO] Using 'UTF-8' encoding to copy filtered resources.
[INFO] skip non existing resourceDirectory /home/travis/build/owlcs/owlapi/contract/src/main/resources
[INFO] 
[INFO] --- maven-compiler-plugin:3.2:compile (default-compile) @ owlapi-contract ---
[INFO] Changes detected - recompiling the module!
[INFO] Compiling 9 source files to /home/travis/build/owlcs/owlapi/contract/target/classes
[INFO] 
[INFO] --- maven-resources-plugin:2.6:testResources (default-testResources) @ owlapi-contract ---
[INFO] Using 'UTF-8' encoding to copy filtered resources.
[INFO] Copying 168 resources
[INFO] 
[INFO] --- maven-compiler-plugin:3.2:testCompile (default-testCompile) @ owlapi-contract ---
[INFO] Nothing to compile - all classes are up to date
[INFO] 
[INFO] --- maven-surefire-plugin:2.18.1:test (default-test) @ owlapi-contract ---
[INFO] Surefire report directory: /home/travis/build/owlcs/owlapi/contract/target/surefire-reports

-------------------------------------------------------
 T E S T S
-------------------------------------------------------
PunRunner started
PunRunner started
2015-11-29 16:54:44:385 +0000 [Time-limited test] ERROR uk.ac.manchester.cs.owl.owlapi.OWLOntologyManagerImpl - OWLOntologyManagerImpl.checkForOntologyIDChange() existing:Ontology(OntologyID(OntologyIRI(<http://www.semanticweb.org/ontologies/ontologyA>) VersionIRI(<null>))) [Axioms: 1 Logical Axioms: 0] First 20 axioms: {Declaration(Class(<urn:test:testclass>)) }
2015-11-29 16:54:44:386 +0000 [Time-limited test] ERROR uk.ac.manchester.cs.owl.owlapi.OWLOntologyManagerImpl - OWLOntologyManagerImpl.checkForOntologyIDChange() new:Ontology(OntologyID(OntologyIRI(<http://www.semanticweb.org/ontologies/ontologyB>) VersionIRI(<null>))) [Axioms: 0 Logical Axioms: 0] First 20 axioms: {}
2015-11-29 16:54:44:794 +0000 [Time-limited test] ERROR uk.ac.manchester.cs.owl.owlapi.OWLOntologyManagerImpl - OWLOntologyManagerImpl.checkForOntologyIDChange() existing:Ontology(OntologyID(OntologyIRI(<http://www.semanticweb.org/ontologies/ontologyA>) VersionIRI(<null>))) [Axioms: 1 Logical Axioms: 0] First 20 axioms: {Declaration(Class(<http://www.semanticweb.org/ontologies/ontologyA#A>)) }
2015-11-29 16:54:44:794 +0000 [Time-limited test] ERROR uk.ac.manchester.cs.owl.owlapi.OWLOntologyManagerImpl - OWLOntologyManagerImpl.checkForOntologyIDChange() new:Ontology(OntologyID(Anonymous-9455)) [Axioms: 0 Logical Axioms: 0] First 20 axioms: {}
roundtrip fail: KRSS2 Syntax AnnotationAssertion(Annotation(<urn:test#ann> "test"^^xsd:string) <urn:test#ann> <urn:test#iri> "false"^^xsd:boolean)
roundtrip fail: KRSS Syntax AnnotationAssertion(Annotation(<urn:test#ann> "test"^^xsd:string) <urn:test#ann> <urn:test#iri> "false"^^xsd:boolean)
parse fail: DL Syntax Format AnnotationAssertion(Annotation(<urn:test#ann> "test"^^xsd:string) <urn:test#ann> <urn:test#iri> "false"^^xsd:boolean)
roundtrip fail: Manchester OWL Syntax AnnotationAssertion(Annotation(<urn:test#ann> "test"^^xsd:string) <urn:test#ann> <urn:test#iri> "false"^^xsd:boolean)
roundtrip fail: KRSS2 Syntax AsymmetricObjectProperty(Annotation(<urn:test#ann> "test"^^xsd:string) <urn:test#op>)
parse fail: KRSS Syntax AsymmetricObjectProperty(Annotation(<urn:test#ann> "test"^^xsd:string) <urn:test#op>)
parse fail: DL Syntax Format AsymmetricObjectProperty(Annotation(<urn:test#ann> "test"^^xsd:string) <urn:test#op>)
roundtrip fail: KRSS2 Syntax AnnotationPropertyDomain(<urn:test#ann> <urn:test#iri>)
roundtrip fail: KRSS Syntax AnnotationPropertyDomain(<urn:test#ann> <urn:test#iri>)
parse fail: DL Syntax Format AnnotationPropertyDomain(<urn:test#ann> <urn:test#iri>)
roundtrip fail: KRSS2 Syntax AnnotationPropertyRange(<urn:test#ann> <urn:test#iri>)
roundtrip fail: KRSS Syntax AnnotationPropertyRange(<urn:test#ann> <urn:test#iri>)
parse fail: DL Syntax Format AnnotationPropertyRange(<urn:test#ann> <urn:test#iri>)
roundtrip fail: KRSS2 Syntax ClassAssertion(Annotation(<urn:test#ann> "test"^^xsd:string) <urn:test#c> <urn:test#i>)
parse fail: KRSS Syntax ClassAssertion(Annotation(<urn:test#ann> "test"^^xsd:string) <urn:test#c> <urn:test#i>)
parse fail: DL Syntax Format ClassAssertion(Annotation(<urn:test#ann> "test"^^xsd:string) <urn:test#c> <urn:test#i>)
roundtrip fail: KRSS2 Syntax ClassAssertion(Annotation(<urn:test#ann> "test"^^xsd:string) ObjectIntersectionOf(<urn:test#c> <urn:test#iri>) <urn:test#i>)
parse fail: KRSS Syntax ClassAssertion(Annotation(<urn:test#ann> "test"^^xsd:string) ObjectIntersectionOf(<urn:test#c> <urn:test#iri>) <urn:test#i>)
parse fail: DL Syntax Format ClassAssertion(Annotation(<urn:test#ann> "test"^^xsd:string) ObjectIntersectionOf(<urn:test#c> <urn:test#iri>) <urn:test#i>)
roundtrip fail: KRSS2 Syntax ClassAssertion(Annotation(<urn:test#ann> "test"^^xsd:string) ObjectUnionOf(<urn:test#c> <urn:test#iri>) <urn:test#i>)
parse fail: KRSS Syntax ClassAssertion(Annotation(<urn:test#ann> "test"^^xsd:string) ObjectUnionOf(<urn:test#c> <urn:test#iri>) <urn:test#i>)
parse fail: DL Syntax Format ClassAssertion(Annotation(<urn:test#ann> "test"^^xsd:string) ObjectUnionOf(<urn:test#c> <urn:test#iri>) <urn:test#i>)
roundtrip fail: KRSS2 Syntax DataPropertyRange(Annotation(<urn:test#ann> "test"^^xsd:string) <urn:test#dp> DataIntersectionOf(<urn:test#datatype> DataOneOf("false"^^xsd:boolean ) ))
roundtrip fail: KRSS Syntax DataPropertyRange(Annotation(<urn:test#ann> "test"^^xsd:string) <urn:test#dp> DataIntersectionOf(<urn:test#datatype> DataOneOf("false"^^xsd:boolean ) ))
roundtrip fail: DL Syntax Format DataPropertyRange(Annotation(<urn:test#ann> "test"^^xsd:string) <urn:test#dp> DataIntersectionOf(<urn:test#datatype> DataOneOf("false"^^xsd:boolean ) ))
roundtrip fail: KRSS2 Syntax DataPropertyRange(Annotation(<urn:test#ann> "test"^^xsd:string) <urn:test#dp> DataUnionOf(<urn:test#datatype> DataOneOf("false"^^xsd:boolean ) ))
roundtrip fail: KRSS Syntax DataPropertyRange(Annotation(<urn:test#ann> "test"^^xsd:string) <urn:test#dp> DataUnionOf(<urn:test#datatype> DataOneOf("false"^^xsd:boolean ) ))
roundtrip fail: DL Syntax Format DataPropertyRange(Annotation(<urn:test#ann> "test"^^xsd:string) <urn:test#dp> DataUnionOf(<urn:test#datatype> DataOneOf("false"^^xsd:boolean ) ))
roundtrip fail: KRSS2 Syntax ClassAssertion(Annotation(<urn:test#ann> "test"^^xsd:string) ObjectComplementOf(<urn:test#c>) <urn:test#i>)
parse fail: KRSS Syntax ClassAssertion(Annotation(<urn:test#ann> "test"^^xsd:string) ObjectComplementOf(<urn:test#c>) <urn:test#i>)
parse fail: DL Syntax Format ClassAssertion(Annotation(<urn:test#ann> "test"^^xsd:string) ObjectComplementOf(<urn:test#c>) <urn:test#i>)
roundtrip fail: KRSS2 Syntax ClassAssertion(Annotation(<urn:test#ann> "test"^^xsd:string) ObjectComplementOf(<urn:test#c>) _:id)
parse fail: KRSS Syntax ClassAssertion(Annotation(<urn:test#ann> "test"^^xsd:string) ObjectComplementOf(<urn:test#c>) _:id)
parse fail: DL Syntax Format ClassAssertion(Annotation(<urn:test#ann> "test"^^xsd:string) ObjectComplementOf(<urn:test#c>) _:id)
roundtrip fail: KRSS2 Syntax ClassAssertion(Annotation(<urn:test#ann> "test"^^xsd:string) ObjectSomeValuesFrom(<urn:test#op> <urn:test#c>) <urn:test#i>)
parse fail: KRSS Syntax ClassAssertion(Annotation(<urn:test#ann> "test"^^xsd:string) ObjectSomeValuesFrom(<urn:test#op> <urn:test#c>) <urn:test#i>)
parse fail: DL Syntax Format ClassAssertion(Annotation(<urn:test#ann> "test"^^xsd:string) ObjectSomeValuesFrom(<urn:test#op> <urn:test#c>) <urn:test#i>)
roundtrip fail: KRSS2 Syntax ClassAssertion(Annotation(<urn:test#ann> "test"^^xsd:string) ObjectAllValuesFrom(<urn:test#op> <urn:test#c>) <urn:test#i>)
parse fail: KRSS Syntax ClassAssertion(Annotation(<urn:test#ann> "test"^^xsd:string) ObjectAllValuesFrom(<urn:test#op> <urn:test#c>) <urn:test#i>)
parse fail: DL Syntax Format ClassAssertion(Annotation(<urn:test#ann> "test"^^xsd:string) ObjectAllValuesFrom(<urn:test#op> <urn:test#c>) <urn:test#i>)
roundtrip fail: KRSS2 Syntax ClassAssertion(Annotation(<urn:test#ann> "test"^^xsd:string) ObjectHasValue(<urn:test#op> <urn:test#i>) <urn:test#i>)
parse fail: KRSS Syntax ClassAssertion(Annotation(<urn:test#ann> "test"^^xsd:string) ObjectHasValue(<urn:test#op> <urn:test#i>) <urn:test#i>)
parse fail: DL Syntax Format ClassAssertion(Annotation(<urn:test#ann> "test"^^xsd:string) ObjectHasValue(<urn:test#op> <urn:test#i>) <urn:test#i>)
roundtrip fail: KRSS2 Syntax ClassAssertion(Annotation(<urn:test#ann> "test"^^xsd:string) ObjectMinCardinality(1 <urn:test#op> <urn:test#c>) <urn:test#i>)
parse fail: KRSS Syntax ClassAssertion(Annotation(<urn:test#ann> "test"^^xsd:string) ObjectMinCardinality(1 <urn:test#op> <urn:test#c>) <urn:test#i>)
parse fail: DL Syntax Format ClassAssertion(Annotation(<urn:test#ann> "test"^^xsd:string) ObjectMinCardinality(1 <urn:test#op> <urn:test#c>) <urn:test#i>)
roundtrip fail: KRSS2 Syntax ClassAssertion(Annotation(<urn:test#ann> "test"^^xsd:string) ObjectMaxCardinality(1 <urn:test#op> <urn:test#c>) <urn:test#i>)
parse fail: KRSS Syntax ClassAssertion(Annotation(<urn:test#ann> "test"^^xsd:string) ObjectMaxCardinality(1 <urn:test#op> <urn:test#c>) <urn:test#i>)
parse fail: DL Syntax Format ClassAssertion(Annotation(<urn:test#ann> "test"^^xsd:string) ObjectMaxCardinality(1 <urn:test#op> <urn:test#c>) <urn:test#i>)
roundtrip fail: KRSS2 Syntax ClassAssertion(Annotation(<urn:test#ann> "test"^^xsd:string) ObjectExactCardinality(1 <urn:test#op> <urn:test#c>) <urn:test#i>)
parse fail: KRSS Syntax ClassAssertion(Annotation(<urn:test#ann> "test"^^xsd:string) ObjectExactCardinality(1 <urn:test#op> <urn:test#c>) <urn:test#i>)
parse fail: DL Syntax Format ClassAssertion(Annotation(<urn:test#ann> "test"^^xsd:string) ObjectExactCardinality(1 <urn:test#op> <urn:test#c>) <urn:test#i>)
roundtrip fail: KRSS2 Syntax ClassAssertion(Annotation(<urn:test#ann> "test"^^xsd:string) ObjectHasSelf(<urn:test#op>) <urn:test#i>)
parse fail: KRSS Syntax ClassAssertion(Annotation(<urn:test#ann> "test"^^xsd:string) ObjectHasSelf(<urn:test#op>) <urn:test#i>)
parse fail: DL Syntax Format ClassAssertion(Annotation(<urn:test#ann> "test"^^xsd:string) ObjectHasSelf(<urn:test#op>) <urn:test#i>)
roundtrip fail: KRSS2 Syntax ClassAssertion(Annotation(<urn:test#ann> "test"^^xsd:string) ObjectOneOf(<urn:test#i>) <urn:test#i>)
parse fail: KRSS Syntax ClassAssertion(Annotation(<urn:test#ann> "test"^^xsd:string) ObjectOneOf(<urn:test#i>) <urn:test#i>)
parse fail: DL Syntax Format ClassAssertion(Annotation(<urn:test#ann> "test"^^xsd:string) ObjectOneOf(<urn:test#i>) <urn:test#i>)
roundtrip fail: KRSS2 Syntax ClassAssertion(Annotation(<urn:test#ann> "test"^^xsd:string) DataSomeValuesFrom(<urn:test#dp> <urn:test#datatype>) <urn:test#i>)
parse fail: KRSS Syntax ClassAssertion(Annotation(<urn:test#ann> "test"^^xsd:string) DataSomeValuesFrom(<urn:test#dp> <urn:test#datatype>) <urn:test#i>)
parse fail: DL Syntax Format ClassAssertion(Annotation(<urn:test#ann> "test"^^xsd:string) DataSomeValuesFrom(<urn:test#dp> <urn:test#datatype>) <urn:test#i>)
roundtrip fail: KRSS2 Syntax ClassAssertion(Annotation(<urn:test#ann> "test"^^xsd:string) DataAllValuesFrom(<urn:test#dp> <urn:test#datatype>) <urn:test#i>)
parse fail: KRSS Syntax ClassAssertion(Annotation(<urn:test#ann> "test"^^xsd:string) DataAllValuesFrom(<urn:test#dp> <urn:test#datatype>) <urn:test#i>)
parse fail: DL Syntax Format ClassAssertion(Annotation(<urn:test#ann> "test"^^xsd:string) DataAllValuesFrom(<urn:test#dp> <urn:test#datatype>) <urn:test#i>)
roundtrip fail: KRSS2 Syntax ClassAssertion(Annotation(<urn:test#ann> "test"^^xsd:string) DataHasValue(<urn:test#dp> "false"^^xsd:boolean) <urn:test#i>)
parse fail: KRSS Syntax ClassAssertion(Annotation(<urn:test#ann> "test"^^xsd:string) DataHasValue(<urn:test#dp> "false"^^xsd:boolean) <urn:test#i>)
parse fail: DL Syntax Format ClassAssertion(Annotation(<urn:test#ann> "test"^^xsd:string) DataHasValue(<urn:test#dp> "false"^^xsd:boolean) <urn:test#i>)
roundtrip fail: KRSS2 Syntax ClassAssertion(Annotation(<urn:test#ann> "test"^^xsd:string) DataMinCardinality(1 <urn:test#dp> <urn:test#datatype>) <urn:test#i>)
parse fail: KRSS Syntax ClassAssertion(Annotation(<urn:test#ann> "test"^^xsd:string) DataMinCardinality(1 <urn:test#dp> <urn:test#datatype>) <urn:test#i>)
parse fail: DL Syntax Format ClassAssertion(Annotation(<urn:test#ann> "test"^^xsd:string) DataMinCardinality(1 <urn:test#dp> <urn:test#datatype>) <urn:test#i>)
roundtrip fail: KRSS2 Syntax ClassAssertion(Annotation(<urn:test#ann> "test"^^xsd:string) DataMaxCardinality(1 <urn:test#dp> <urn:test#datatype>) <urn:test#i>)
parse fail: KRSS Syntax ClassAssertion(Annotation(<urn:test#ann> "test"^^xsd:string) DataMaxCardinality(1 <urn:test#dp> <urn:test#datatype>) <urn:test#i>)
parse fail: DL Syntax Format ClassAssertion(Annotation(<urn:test#ann> "test"^^xsd:string) DataMaxCardinality(1 <urn:test#dp> <urn:test#datatype>) <urn:test#i>)
roundtrip fail: KRSS2 Syntax ClassAssertion(Annotation(<urn:test#ann> "test"^^xsd:string) DataExactCardinality(1 <urn:test#dp> <urn:test#datatype>) <urn:test#i>)
parse fail: KRSS Syntax ClassAssertion(Annotation(<urn:test#ann> "test"^^xsd:string) DataExactCardinality(1 <urn:test#dp> <urn:test#datatype>) <urn:test#i>)
parse fail: DL Syntax Format ClassAssertion(Annotation(<urn:test#ann> "test"^^xsd:string) DataExactCardinality(1 <urn:test#dp> <urn:test#datatype>) <urn:test#i>)
roundtrip fail: KRSS2 Syntax DataPropertyRange(Annotation(<urn:test#ann> "test"^^xsd:string) <urn:test#dp> DataOneOf("false"^^xsd:boolean ))
roundtrip fail: KRSS Syntax DataPropertyRange(Annotation(<urn:test#ann> "test"^^xsd:string) <urn:test#dp> DataOneOf("false"^^xsd:boolean ))
roundtrip fail: DL Syntax Format DataPropertyRange(Annotation(<urn:test#ann> "test"^^xsd:string) <urn:test#dp> DataOneOf("false"^^xsd:boolean ))
roundtrip fail: KRSS2 Syntax DataPropertyRange(Annotation(<urn:test#ann> "test"^^xsd:string) <urn:test#dp> DataComplementOf(DataOneOf("false"^^xsd:boolean )))
roundtrip fail: KRSS Syntax DataPropertyRange(Annotation(<urn:test#ann> "test"^^xsd:string) <urn:test#dp> DataComplementOf(DataOneOf("false"^^xsd:boolean )))
roundtrip fail: DL Syntax Format DataPropertyRange(Annotation(<urn:test#ann> "test"^^xsd:string) <urn:test#dp> DataComplementOf(DataOneOf("false"^^xsd:boolean )))
roundtrip fail: KRSS2 Syntax DataPropertyRange(Annotation(<urn:test#ann> "test"^^xsd:string) <urn:test#dp> DataRangeRestriction(xsd:double facetRestriction(minExclusive "5.0"^^xsd:double) facetRestriction(maxExclusive "6.0"^^xsd:double)))
roundtrip fail: KRSS Syntax DataPropertyRange(Annotation(<urn:test#ann> "test"^^xsd:string) <urn:test#dp> DataRangeRestriction(xsd:double facetRestriction(minExclusive "5.0"^^xsd:double) facetRestriction(maxExclusive "6.0"^^xsd:double)))
parse fail: DL Syntax Format DataPropertyRange(Annotation(<urn:test#ann> "test"^^xsd:string) <urn:test#dp> DataRangeRestriction(xsd:double facetRestriction(minExclusive "5.0"^^xsd:double) facetRestriction(maxExclusive "6.0"^^xsd:double)))
roundtrip fail: KRSS2 Syntax DataPropertyAssertion(Annotation(<urn:test#ann> "test"^^xsd:string) <urn:test#dp> <urn:test#i> "false"^^xsd:boolean)
roundtrip fail: KRSS Syntax DataPropertyAssertion(Annotation(<urn:test#ann> "test"^^xsd:string) <urn:test#dp> <urn:test#i> "false"^^xsd:boolean)
parse fail: DL Syntax Format DataPropertyAssertion(Annotation(<urn:test#ann> "test"^^xsd:string) <urn:test#dp> <urn:test#i> "false"^^xsd:boolean)
roundtrip fail: KRSS2 Syntax DataPropertyAssertion(Annotation(<urn:test#ann> "test"^^xsd:string) <urn:test#dp> <urn:test#i> "string"@en)
roundtrip fail: KRSS Syntax DataPropertyAssertion(Annotation(<urn:test#ann> "test"^^xsd:string) <urn:test#dp> <urn:test#i> "string"@en)
parse fail: DL Syntax Format DataPropertyAssertion(Annotation(<urn:test#ann> "test"^^xsd:string) <urn:test#dp> <urn:test#i> "string"@en)
roundtrip fail: KRSS2 Syntax DataPropertyDomain(Annotation(<urn:test#ann> "test"^^xsd:string) <urn:test#dp> <urn:test#c>)
parse fail: KRSS Syntax DataPropertyDomain(Annotation(<urn:test#ann> "test"^^xsd:string) <urn:test#dp> <urn:test#c>)
parse fail: DL Syntax Format DataPropertyDomain(Annotation(<urn:test#ann> "test"^^xsd:string) <urn:test#dp> <urn:test#c>)
roundtrip fail: KRSS2 Syntax DataPropertyRange(Annotation(<urn:test#ann> "test"^^xsd:string) <urn:test#dp> <urn:test#datatype>)
roundtrip fail: KRSS Syntax DataPropertyRange(Annotation(<urn:test#ann> "test"^^xsd:string) <urn:test#dp> <urn:test#datatype>)
roundtrip fail: DL Syntax Format DataPropertyRange(Annotation(<urn:test#ann> "test"^^xsd:string) <urn:test#dp> <urn:test#datatype>)
roundtrip fail: KRSS2 Syntax DatatypeDefinition(Annotation(<urn:test#ann> "test"^^xsd:string) <urn:test#datatype> xsd:double)
roundtrip fail: KRSS Syntax DatatypeDefinition(Annotation(<urn:test#ann> "test"^^xsd:string) <urn:test#datatype> xsd:double)
parse fail: DL Syntax Format DatatypeDefinition(Annotation(<urn:test#ann> "test"^^xsd:string) <urn:test#datatype> xsd:double)
roundtrip fail: KRSS2 Syntax Declaration(Annotation(<urn:test#ann> "test"^^xsd:string) Class(<urn:test#c>))
parse fail: KRSS Syntax Declaration(Annotation(<urn:test#ann> "test"^^xsd:string) Class(<urn:test#c>))
parse fail: DL Syntax Format Declaration(Annotation(<urn:test#ann> "test"^^xsd:string) Class(<urn:test#c>))
parse fail: KRSS Syntax Declaration(Annotation(<urn:test#ann> "test"^^xsd:string) ObjectProperty(<urn:test#op>))
parse fail: DL Syntax Format Declaration(Annotation(<urn:test#ann> "test"^^xsd:string) ObjectProperty(<urn:test#op>))
roundtrip fail: KRSS2 Syntax Declaration(Annotation(<urn:test#ann> "test"^^xsd:string) DataProperty(<urn:test#dp>))
roundtrip fail: KRSS Syntax Declaration(Annotation(<urn:test#ann> "test"^^xsd:string) DataProperty(<urn:test#dp>))
parse fail: DL Syntax Format Declaration(Annotation(<urn:test#ann> "test"^^xsd:string) DataProperty(<urn:test#dp>))
roundtrip fail: KRSS2 Syntax Declaration(Annotation(<urn:test#ann> "test"^^xsd:string) Datatype(<urn:test#datatype>))
roundtrip fail: KRSS Syntax Declaration(Annotation(<urn:test#ann> "test"^^xsd:string) Datatype(<urn:test#datatype>))
parse fail: DL Syntax Format Declaration(Annotation(<urn:test#ann> "test"^^xsd:string) Datatype(<urn:test#datatype>))
roundtrip fail: KRSS2 Syntax Declaration(Annotation(<urn:test#ann> "test"^^xsd:string) AnnotationProperty(<urn:test#ann>))
roundtrip fail: KRSS Syntax Declaration(Annotation(<urn:test#ann> "test"^^xsd:string) AnnotationProperty(<urn:test#ann>))
parse fail: DL Syntax Format Declaration(Annotation(<urn:test#ann> "test"^^xsd:string) AnnotationProperty(<urn:test#ann>))
roundtrip fail: KRSS2 Syntax Declaration(Annotation(<urn:test#ann> "test"^^xsd:string) NamedIndividual(<urn:test#i>))
roundtrip fail: KRSS Syntax Declaration(Annotation(<urn:test#ann> "test"^^xsd:string) NamedIndividual(<urn:test#i>))
parse fail: DL Syntax Format Declaration(Annotation(<urn:test#ann> "test"^^xsd:string) NamedIndividual(<urn:test#i>))
roundtrip fail: KRSS2 Syntax DifferentIndividuals(<urn:test#i> <urn:test#iri> )
parse fail: KRSS Syntax DifferentIndividuals(<urn:test#i> <urn:test#iri> )
roundtrip fail: DL Syntax Format DifferentIndividuals(<urn:test#i> <urn:test#iri> )
roundtrip fail: KRSS2 Syntax DisjointClasses(<urn:test#c> <urn:test#iri>)
parse fail: KRSS Syntax DisjointClasses(<urn:test#c> <urn:test#iri>)
parse fail: DL Syntax Format DisjointClasses(<urn:test#c> <urn:test#iri>)
roundtrip fail: KRSS2 Syntax DisjointDataProperties(Annotation(<urn:test#ann> "test"^^xsd:string) <urn:test#dp> <urn:test#iri> )
roundtrip fail: KRSS Syntax DisjointDataProperties(Annotation(<urn:test#ann> "test"^^xsd:string) <urn:test#dp> <urn:test#iri> )
parse fail: DL Syntax Format DisjointDataProperties(Annotation(<urn:test#ann> "test"^^xsd:string) <urn:test#dp> <urn:test#iri> )
roundtrip fail: KRSS2 Syntax DisjointObjectProperties(Annotation(<urn:test#ann> "test"^^xsd:string) <urn:test#iri> <urn:test#op> )
parse fail: KRSS Syntax DisjointObjectProperties(Annotation(<urn:test#ann> "test"^^xsd:string) <urn:test#iri> <urn:test#op> )
parse fail: DL Syntax Format DisjointObjectProperties(Annotation(<urn:test#ann> "test"^^xsd:string) <urn:test#iri> <urn:test#op> )
roundtrip fail: KRSS2 Syntax DisjointUnion(Annotation(<urn:test#ann> "test"^^xsd:string) <urn:test#c> <urn:test#c> <urn:test#iri> )
parse fail: KRSS Syntax DisjointUnion(Annotation(<urn:test#ann> "test"^^xsd:string) <urn:test#c> <urn:test#c> <urn:test#iri> )
parse fail: DL Syntax Format DisjointUnion(Annotation(<urn:test#ann> "test"^^xsd:string) <urn:test#c> <urn:test#c> <urn:test#iri> )
parse fail: KRSS Syntax EquivalentClasses(Annotation(<urn:test#ann> "test"^^xsd:string) <urn:test#c> <urn:test#iri> )
parse fail: DL Syntax Format EquivalentClasses(Annotation(<urn:test#ann> "test"^^xsd:string) <urn:test#c> <urn:test#iri> )
roundtrip fail: KRSS2 Syntax EquivalentDataProperties(Annotation(<urn:test#ann> "test"^^xsd:string) <urn:test#dp> <urn:test#iri> )
roundtrip fail: KRSS Syntax EquivalentDataProperties(Annotation(<urn:test#ann> "test"^^xsd:string) <urn:test#dp> <urn:test#iri> )
parse fail: DL Syntax Format EquivalentDataProperties(Annotation(<urn:test#ann> "test"^^xsd:string) <urn:test#dp> <urn:test#iri> )
roundtrip fail: KRSS2 Syntax EquivalentObjectProperties(Annotation(<urn:test#ann> "test"^^xsd:string) <urn:test#iri> <urn:test#op> )
parse fail: KRSS Syntax EquivalentObjectProperties(Annotation(<urn:test#ann> "test"^^xsd:string) <urn:test#iri> <urn:test#op> )
parse fail: DL Syntax Format EquivalentObjectProperties(Annotation(<urn:test#ann> "test"^^xsd:string) <urn:test#iri> <urn:test#op> )
roundtrip fail: KRSS2 Syntax FunctionalDataProperty(Annotation(<urn:test#ann> "test"^^xsd:string) <urn:test#dp>)
roundtrip fail: KRSS Syntax FunctionalDataProperty(Annotation(<urn:test#ann> "test"^^xsd:string) <urn:test#dp>)
roundtrip fail: DL Syntax Format FunctionalDataProperty(Annotation(<urn:test#ann> "test"^^xsd:string) <urn:test#dp>)
roundtrip fail: KRSS2 Syntax FunctionalObjectProperty(Annotation(<urn:test#ann> "test"^^xsd:string) <urn:test#op>)
parse fail: KRSS Syntax FunctionalObjectProperty(Annotation(<urn:test#ann> "test"^^xsd:string) <urn:test#op>)
roundtrip fail: DL Syntax Format FunctionalObjectProperty(Annotation(<urn:test#ann> "test"^^xsd:string) <urn:test#op>)
roundtrip fail: KRSS2 Syntax InverseFunctionalObjectProperty(Annotation(<urn:test#ann> "test"^^xsd:string) <urn:test#op>)
parse fail: KRSS Syntax InverseFunctionalObjectProperty(Annotation(<urn:test#ann> "test"^^xsd:string) <urn:test#op>)
roundtrip fail: DL Syntax Format InverseFunctionalObjectProperty(Annotation(<urn:test#ann> "test"^^xsd:string) <urn:test#op>)
roundtrip fail: KRSS2 Syntax InverseObjectProperties(Annotation(<urn:test#ann> "test"^^xsd:string) <urn:test#op> <urn:test#op>)
parse fail: KRSS Syntax InverseObjectProperties(Annotation(<urn:test#ann> "test"^^xsd:string) <urn:test#op> <urn:test#op>)
parse fail: DL Syntax Format InverseObjectProperties(Annotation(<urn:test#ann> "test"^^xsd:string) <urn:test#op> <urn:test#op>)
roundtrip fail: KRSS2 Syntax IrreflexiveObjectProperty(Annotation(<urn:test#ann> "test"^^xsd:string) <urn:test#op>)
parse fail: KRSS Syntax IrreflexiveObjectProperty(Annotation(<urn:test#ann> "test"^^xsd:string) <urn:test#op>)
parse fail: DL Syntax Format IrreflexiveObjectProperty(Annotation(<urn:test#ann> "test"^^xsd:string) <urn:test#op>)
roundtrip fail: KRSS2 Syntax NegativeDataPropertyAssertion(Annotation(<urn:test#ann> "test"^^xsd:string) <urn:test#dp> <urn:test#i> "false"^^xsd:boolean)
roundtrip fail: KRSS Syntax NegativeDataPropertyAssertion(Annotation(<urn:test#ann> "test"^^xsd:string) <urn:test#dp> <urn:test#i> "false"^^xsd:boolean)
parse fail: DL Syntax Format NegativeDataPropertyAssertion(Annotation(<urn:test#ann> "test"^^xsd:string) <urn:test#dp> <urn:test#i> "false"^^xsd:boolean)
roundtrip fail: KRSS2 Syntax NegativeObjectPropertyAssertion(Annotation(<urn:test#ann> "test"^^xsd:string) <urn:test#op> <urn:test#i> <urn:test#i>)
parse fail: KRSS Syntax NegativeObjectPropertyAssertion(Annotation(<urn:test#ann> "test"^^xsd:string) <urn:test#op> <urn:test#i> <urn:test#i>)
parse fail: DL Syntax Format NegativeObjectPropertyAssertion(Annotation(<urn:test#ann> "test"^^xsd:string) <urn:test#op> <urn:test#i> <urn:test#i>)
roundtrip fail: KRSS2 Syntax ObjectPropertyAssertion(Annotation(<urn:test#ann> "test"^^xsd:string) <urn:test#op> <urn:test#i> <urn:test#i>)
parse fail: KRSS Syntax ObjectPropertyAssertion(Annotation(<urn:test#ann> "test"^^xsd:string) <urn:test#op> <urn:test#i> <urn:test#i>)
parse fail: DL Syntax Format ObjectPropertyAssertion(Annotation(<urn:test#ann> "test"^^xsd:string) <urn:test#op> <urn:test#i> <urn:test#i>)
roundtrip fail: KRSS2 Syntax ObjectPropertyAssertion(Annotation(<urn:test#ann> "test"^^xsd:string) InverseOf(<urn:test#op>) <urn:test#i> <urn:test#i>)
parse fail: KRSS Syntax ObjectPropertyAssertion(Annotation(<urn:test#ann> "test"^^xsd:string) InverseOf(<urn:test#op>) <urn:test#i> <urn:test#i>)
parse fail: DL Syntax Format ObjectPropertyAssertion(Annotation(<urn:test#ann> "test"^^xsd:string) InverseOf(<urn:test#op>) <urn:test#i> <urn:test#i>)
roundtrip fail: KRSS2 Syntax ObjectPropertyAssertion(Annotation(<urn:test#ann> "test"^^xsd:string) InverseOf(<urn:test#op>) <urn:test#i> <urn:test#j>)
parse fail: KRSS Syntax ObjectPropertyAssertion(Annotation(<urn:test#ann> "test"^^xsd:string) InverseOf(<urn:test#op>) <urn:test#i> <urn:test#j>)
parse fail: DL Syntax Format ObjectPropertyAssertion(Annotation(<urn:test#ann> "test"^^xsd:string) InverseOf(<urn:test#op>) <urn:test#i> <urn:test#j>)
parse fail: KRSS Syntax ObjectPropertyDomain(Annotation(<urn:test#ann> "test"^^xsd:string) <urn:test#op> <urn:test#c>)
parse fail: DL Syntax Format ObjectPropertyDomain(Annotation(<urn:test#ann> "test"^^xsd:string) <urn:test#op> <urn:test#c>)
parse fail: KRSS2 Syntax ObjectPropertyRange(Annotation(<urn:test#ann> "test"^^xsd:string) <urn:test#op> <urn:test#c>)
parse fail: KRSS Syntax ObjectPropertyRange(Annotation(<urn:test#ann> "test"^^xsd:string) <urn:test#op> <urn:test#c>)
parse fail: DL Syntax Format ObjectPropertyRange(Annotation(<urn:test#ann> "test"^^xsd:string) <urn:test#op> <urn:test#c>)
roundtrip fail: KRSS2 Syntax SubObjectPropertyOf(Annotation(<urn:test#ann> "test"^^xsd:string) ObjectPropertyChain( <urn:test#iri> <urn:test#op> ) <urn:test#op>)
parse fail: KRSS Syntax SubObjectPropertyOf(Annotation(<urn:test#ann> "test"^^xsd:string) ObjectPropertyChain( <urn:test#iri> <urn:test#op> ) <urn:test#op>)
parse fail: DL Syntax Format SubObjectPropertyOf(Annotation(<urn:test#ann> "test"^^xsd:string) ObjectPropertyChain( <urn:test#iri> <urn:test#op> ) <urn:test#op>)
roundtrip fail: KRSS2 Syntax ReflexiveObjectProperty(Annotation(<urn:test#ann> "test"^^xsd:string) <urn:test#op>)
parse fail: KRSS Syntax ReflexiveObjectProperty(Annotation(<urn:test#ann> "test"^^xsd:string) <urn:test#op>)
roundtrip fail: DL Syntax Format ReflexiveObjectProperty(Annotation(<urn:test#ann> "test"^^xsd:string) <urn:test#op>)
roundtrip fail: KRSS2 Syntax SameIndividual(Annotation(<urn:test#ann> "test"^^xsd:string) <urn:test#i> <urn:test#iri> )
parse fail: KRSS Syntax SameIndividual(Annotation(<urn:test#ann> "test"^^xsd:string) <urn:test#i> <urn:test#iri> )
parse fail: DL Syntax Format SameIndividual(Annotation(<urn:test#ann> "test"^^xsd:string) <urn:test#i> <urn:test#iri> )
roundtrip fail: KRSS2 Syntax SubAnnotationPropertyOf(Annotation(<urn:test#ann> "test"^^xsd:string) <urn:test#ann> rdfs:label)
roundtrip fail: KRSS Syntax SubAnnotationPropertyOf(Annotation(<urn:test#ann> "test"^^xsd:string) <urn:test#ann> rdfs:label)
parse fail: DL Syntax Format SubAnnotationPropertyOf(Annotation(<urn:test#ann> "test"^^xsd:string) <urn:test#ann> rdfs:label)
parse fail: KRSS Syntax SubClassOf(Annotation(<urn:test#ann> "test"^^xsd:string) <urn:test#c> owl:Thing)
parse fail: DL Syntax Format SubClassOf(Annotation(<urn:test#ann> "test"^^xsd:string) <urn:test#c> owl:Thing)
roundtrip fail: KRSS2 Syntax SubDataPropertyOf(<urn:test#dp> owl:topDataProperty)
roundtrip fail: KRSS Syntax SubDataPropertyOf(<urn:test#dp> owl:topDataProperty)
parse fail: DL Syntax Format SubDataPropertyOf(<urn:test#dp> owl:topDataProperty)
parse fail: KRSS2 Syntax SubObjectPropertyOf(Annotation(<urn:test#ann> "test"^^xsd:string) <urn:test#op> owl:topObjectProperty)
parse fail: KRSS Syntax SubObjectPropertyOf(Annotation(<urn:test#ann> "test"^^xsd:string) <urn:test#op> owl:topObjectProperty)
parse fail: DL Syntax Format SubObjectPropertyOf(Annotation(<urn:test#ann> "test"^^xsd:string) <urn:test#op> owl:topObjectProperty)
roundtrip fail: KRSS2 Syntax DLSafeRule( Body(BuiltInAtom(<urn:swrl#v1> Variable(<urn:swrl#var3>) Variable(<urn:swrl#var4>) )) Head(BuiltInAtom(<urn:swrl#v2> Variable(<urn:swrl#var5>) Variable(<urn:swrl#var6>) )) )
roundtrip fail: KRSS Syntax DLSafeRule( Body(BuiltInAtom(<urn:swrl#v1> Variable(<urn:swrl#var3>) Variable(<urn:swrl#var4>) )) Head(BuiltInAtom(<urn:swrl#v2> Variable(<urn:swrl#var5>) Variable(<urn:swrl#var6>) )) )
parse fail: DL Syntax Format DLSafeRule( Body(BuiltInAtom(<urn:swrl#v1> Variable(<urn:swrl#var3>) Variable(<urn:swrl#var4>) )) Head(BuiltInAtom(<urn:swrl#v2> Variable(<urn:swrl#var5>) Variable(<urn:swrl#var6>) )) )
parse fail: KRSS2 Syntax SymmetricObjectProperty(Annotation(<urn:test#ann> "test"^^xsd:string) <urn:test#op>)
parse fail: KRSS Syntax SymmetricObjectProperty(Annotation(<urn:test#ann> "test"^^xsd:string) <urn:test#op>)
parse fail: DL Syntax Format SymmetricObjectProperty(Annotation(<urn:test#ann> "test"^^xsd:string) <urn:test#op>)
parse fail: KRSS2 Syntax TransitiveObjectProperty(Annotation(<urn:test#ann> "test"^^xsd:string) <urn:test#op>)
parse fail: KRSS Syntax TransitiveObjectProperty(Annotation(<urn:test#ann> "test"^^xsd:string) <urn:test#op>)
parse fail: DL Syntax Format TransitiveObjectProperty(Annotation(<urn:test#ann> "test"^^xsd:string) <urn:test#op>)
roundtrip fail: KRSS2 Syntax HasKey(Annotation(<urn:test#ann> "test"^^xsd:string) <urn:test#c> (<urn:test#iri> <urn:test#op> ) (<urn:test#dp> ))
parse fail: KRSS Syntax HasKey(Annotation(<urn:test#ann> "test"^^xsd:string) <urn:test#c> (<urn:test#iri> <urn:test#op> ) (<urn:test#dp> ))
parse fail: DL Syntax Format HasKey(Annotation(<urn:test#ann> "test"^^xsd:string) <urn:test#c> (<urn:test#iri> <urn:test#op> ) (<urn:test#dp> ))
roundtrip fail: KRSS2 Syntax DLSafeRule(Annotation(<urn:test#ann> "test"^^xsd:string)  Body(ClassAtom(<urn:test#c> Variable(<urn:swrl#var2>)) DataRangeAtom(<urn:test#datatype> Variable(<urn:swrl#var1>)) BuiltInAtom(<urn:swrl#v1> Variable(<urn:swrl#var3>) Variable(<urn:swrl#var4>) ) BuiltInAtom(<urn:test#iri> Variable(<urn:swrl#var1>) ) SameAsAtom(Variable(<urn:swrl#var2>) <urn:test#iri>) DifferentFromAtom(Variable(<urn:swrl#var2>) <urn:test#i>)) Head(ObjectPropertyAtom(<urn:test#op> Variable(<urn:swrl#var2>) Variable(<urn:swrl#var2>)) DataPropertyAtom(<urn:test#dp> Variable(<urn:swrl#var2>) "false"^^xsd:boolean) BuiltInAtom(<urn:swrl#v2> Variable(<urn:swrl#var5>) Variable(<urn:swrl#var6>) )) )
parse fail: KRSS Syntax DLSafeRule(Annotation(<urn:test#ann> "test"^^xsd:string)  Body(ClassAtom(<urn:test#c> Variable(<urn:swrl#var2>)) DataRangeAtom(<urn:test#datatype> Variable(<urn:swrl#var1>)) BuiltInAtom(<urn:swrl#v1> Variable(<urn:swrl#var3>) Variable(<urn:swrl#var4>) ) BuiltInAtom(<urn:test#iri> Variable(<urn:swrl#var1>) ) SameAsAtom(Variable(<urn:swrl#var2>) <urn:test#iri>) DifferentFromAtom(Variable(<urn:swrl#var2>) <urn:test#i>)) Head(ObjectPropertyAtom(<urn:test#op> Variable(<urn:swrl#var2>) Variable(<urn:swrl#var2>)) DataPropertyAtom(<urn:test#dp> Variable(<urn:swrl#var2>) "false"^^xsd:boolean) BuiltInAtom(<urn:swrl#v2> Variable(<urn:swrl#var5>) Variable(<urn:swrl#var6>) )) )
parse fail: DL Syntax Format DLSafeRule(Annotation(<urn:test#ann> "test"^^xsd:string)  Body(ClassAtom(<urn:test#c> Variable(<urn:swrl#var2>)) DataRangeAtom(<urn:test#datatype> Variable(<urn:swrl#var1>)) BuiltInAtom(<urn:swrl#v1> Variable(<urn:swrl#var3>) Variable(<urn:swrl#var4>) ) BuiltInAtom(<urn:test#iri> Variable(<urn:swrl#var1>) ) SameAsAtom(Variable(<urn:swrl#var2>) <urn:test#iri>) DifferentFromAtom(Variable(<urn:swrl#var2>) <urn:test#i>)) Head(ObjectPropertyAtom(<urn:test#op> Variable(<urn:swrl#var2>) Variable(<urn:swrl#var2>)) DataPropertyAtom(<urn:test#dp> Variable(<urn:swrl#var2>) "false"^^xsd:boolean) BuiltInAtom(<urn:swrl#v2> Variable(<urn:swrl#var5>) Variable(<urn:swrl#var6>) )) )
No race condition found in 200 repetitiions
elapsed time (ms): 12431
Successful threads: 100	 expected: 100

2015-11-29 16:55:14:007 +0000 [Time-limited test] ERROR org.obolibrary.obo2owl.OWLAPIOwl2Obo - Duplicate clause 'xref( GO:0005623)' generated in frame: CARO:0000013
2015-11-29 16:55:14:008 +0000 [Time-limited test] ERROR org.obolibrary.obo2owl.OWLAPIOwl2Obo - Duplicate clause 'def( Anatomical structure that has as its parts a maximally connected cell compartment surrounded by a plasma membrane.[CARO:MAH ])' generated in frame: CARO:0000013
2015-11-29 16:55:14:008 +0000 [Time-limited test] ERROR org.obolibrary.obo2owl.OWLAPIOwl2Obo - Duplicate clause 'name( cell)' generated in frame: CARO:0000013
2015-11-29 16:55:14:008 +0000 [Time-limited test] ERROR org.obolibrary.obo2owl.OWLAPIOwl2Obo - Duplicate clause 'namespace( caro)' generated in frame: CARO:0000013
2015-11-29 16:55:14:009 +0000 [Time-limited test] ERROR org.obolibrary.obo2owl.OWLAPIOwl2Obo - Duplicate clause 'def( Anatomical structure that has as its parts two or more multi-tissue structures of at least two different types and which through specific morphogenetic processes forms a single distinct structural unit demarcated by bona fide boundaries from other distinct anatomical structures of different types.[CARO:MAH ])' generated in frame: CARO:0000024
2015-11-29 16:55:14:009 +0000 [Time-limited test] ERROR org.obolibrary.obo2owl.OWLAPIOwl2Obo - Duplicate clause 'name( compound organ)' generated in frame: CARO:0000024
2015-11-29 16:55:14:009 +0000 [Time-limited test] ERROR org.obolibrary.obo2owl.OWLAPIOwl2Obo - Duplicate clause 'namespace( caro)' generated in frame: CARO:0000024
2015-11-29 16:55:14:322 +0000 [Time-limited test] ERROR org.obolibrary.obo2owl.OWLAPIOwl2Obo - Duplicate clause 'namespace( test_default_namespace)' generated in frame: TEST:0003
2015-11-29 16:55:14:322 +0000 [Time-limited test] ERROR org.obolibrary.obo2owl.OWLAPIOwl2Obo - Duplicate clause 'namespace( test_default_namespace)' generated in frame: TEST:0003
2015-11-29 16:55:14:542 +0000 [Time-limited test] ERROR org.obolibrary.obo2owl.OWLAPIOwl2Obo - Duplicate clause 'name( argininosuccinate synthase activity)' generated in frame: GO:0004055
2015-11-29 16:55:14:542 +0000 [Time-limited test] ERROR org.obolibrary.obo2owl.OWLAPIOwl2Obo - Duplicate clause 'name( test)' generated in frame: XX:0000001
2015-11-29 16:55:14:574 +0000 [Time-limited test] ERROR org.obolibrary.oboformat.parser.OBOFormatParser - Error: Instance frames are not supported yet. Parsing stopped at line: 425
2015-11-29 16:55:14:650 +0000 [Time-limited test] ERROR org.obolibrary.obo2owl.OWLAPIOwl2Obo - Duplicate clause 'name( argininosuccinate synthase activity)' generated in frame: GO:0004055
2015-11-29 16:55:14:650 +0000 [Time-limited test] ERROR org.obolibrary.obo2owl.OWLAPIOwl2Obo - Duplicate clause 'name( test)' generated in frame: XX:0000001
2015-11-29 16:55:15:873 +0000 [Time-limited test] ERROR org.obolibrary.obo2owl.OWLAPIOwl2Obo - Duplicate clause 'name( has part)' generated in frame: has_part
2015-11-29 16:55:15:874 +0000 [Time-limited test] ERROR org.obolibrary.obo2owl.OWLAPIOwl2Obo - Duplicate clause 'xref( BFO:0000051)' generated in frame: has_part
2015-11-29 16:55:15:874 +0000 [Time-limited test] ERROR org.obolibrary.obo2owl.OWLAPIOwl2Obo - Duplicate clause 'name( b)' generated in frame: TEST:b
2015-11-29 16:55:15:877 +0000 [Time-limited test] ERROR org.obolibrary.obo2owl.OWLAPIOwl2Obo - Duplicate clause 'name( a)' generated in frame: TEST:a
2015-11-29 16:55:15:877 +0000 [Time-limited test] ERROR org.obolibrary.obo2owl.OWLAPIOwl2Obo - Duplicate clause 'name( b)' generated in frame: TEST:b
2015-11-29 16:55:15:889 +0000 [Time-limited test] ERROR org.obolibrary.obo2owl.OWLAPIOwl2Obo - Duplicate clause 'name( z1)' generated in frame: Z:1
2015-11-29 16:55:15:954 +0000 [Time-limited test] ERROR org.obolibrary.obo2owl.OWLAPIOwl2Obo - Duplicate clause 'def( Def T1)' generated in frame: TEST:0001
2015-11-29 16:55:16:175 +0000 [Time-limited test] ERROR org.obolibrary.obo2owl.OWLAPIOwl2Obo - Duplicate clause 'name( argininosuccinate synthase activity)' generated in frame: GO:0004055
2015-11-29 16:55:16:176 +0000 [Time-limited test] ERROR org.obolibrary.obo2owl.OWLAPIOwl2Obo - Duplicate clause 'name( test)' generated in frame: XX:0000001
2015-11-29 16:55:16:409 +0000 [Time-limited test] ERROR org.obolibrary.obo2owl.OWLAPIOwl2Obo - Duplicate clause 'xref( GO:0005623)' generated in frame: CARO:0000013
2015-11-29 16:55:16:409 +0000 [Time-limited test] ERROR org.obolibrary.obo2owl.OWLAPIOwl2Obo - Duplicate clause 'def( Anatomical structure that has as its parts a maximally connected cell compartment surrounded by a plasma membrane.[CARO:MAH ])' generated in frame: CARO:0000013
2015-11-29 16:55:16:409 +0000 [Time-limited test] ERROR org.obolibrary.obo2owl.OWLAPIOwl2Obo - Duplicate clause 'name( cell)' generated in frame: CARO:0000013
2015-11-29 16:55:16:409 +0000 [Time-limited test] ERROR org.obolibrary.obo2owl.OWLAPIOwl2Obo - Duplicate clause 'namespace( caro)' generated in frame: CARO:0000013
2015-11-29 16:55:16:410 +0000 [Time-limited test] ERROR org.obolibrary.obo2owl.OWLAPIOwl2Obo - Duplicate clause 'def( Anatomical structure that has as its parts two or more multi-tissue structures of at least two different types and which through specific morphogenetic processes forms a single distinct structural unit demarcated by bona fide boundaries from other distinct anatomical structures of different types.[CARO:MAH ])' generated in frame: CARO:0000024
2015-11-29 16:55:16:410 +0000 [Time-limited test] ERROR org.obolibrary.obo2owl.OWLAPIOwl2Obo - Duplicate clause 'name( compound organ)' generated in frame: CARO:0000024
2015-11-29 16:55:16:410 +0000 [Time-limited test] ERROR org.obolibrary.obo2owl.OWLAPIOwl2Obo - Duplicate clause 'namespace( caro)' generated in frame: CARO:0000024
Tests in error: 
  TutorialSnippetsTestCase.testModularization:646 » IllegalState stream has alre...

Tests run: 4909, Failures: 0, Errors: 1, Skipped: 1

[INFO] ------------------------------------------------------------------------
[INFO] Reactor Summary:
[INFO] 
[INFO] OWLAPI ............................................. SUCCESS [  2.612 s]
[INFO] OWLAPI Model Interfaces and utilities .............. SUCCESS [ 23.253 s]
[INFO] OWLAPI Default Implementation ...................... SUCCESS [  4.841 s]
[INFO] tools .............................................. SUCCESS [  0.163 s]
[INFO] parsers ............................................ SUCCESS [ 10.860 s]
[INFO] oboformat parser ................................... SUCCESS [  0.524 s]
[INFO] OWLAPITOOLS OWL profile and fixers ................. SUCCESS [  2.074 s]
[INFO] OWLAPI :: Sesame Rio module ........................ SUCCESS [  0.455 s]
[INFO] OWLAPI Binding and Config .......................... SUCCESS [  0.230 s]
[INFO] compatibility ...................................... SUCCESS [  0.198 s]
[INFO] tests and tutorials ................................ FAILURE [02:04 min]
[INFO] OWLAPI Distribution ................................ SKIPPED
[INFO] OWLAPI OSGi and Compatibility Distribution ......... SKIPPED
[INFO] ------------------------------------------------------------------------
[INFO] BUILD FAILURE
[INFO] ------------------------------------------------------------------------
[INFO] Total time: 02:51 min
[INFO] Finished at: 2015-11-29T16:55:16+00:00
[INFO] Final Memory: 31M/329M
[INFO] ------------------------------------------------------------------------
[ERROR] Failed to execute goal org.apache.maven.plugins:maven-surefire-plugin:2.18.1:test (default-test) on project owlapi-contract: There are test failures.
[ERROR] 
[ERROR] Please refer to /home/travis/build/owlcs/owlapi/contract/target/surefire-reports for the individual test results.
[ERROR] -> [Help 1]
[ERROR] 
[ERROR] To see the full stack trace of the errors, re-run Maven with the -e switch.
[ERROR] Re-run Maven using the -X switch to enable full debug logging.
[ERROR] 
[ERROR] For more information about the errors and possible solutions, please read the following articles:
[ERROR] [Help 1] http://cwiki.apache.org/confluence/display/MAVEN/MojoFailureException
[ERROR] 
[ERROR] After correcting the problems, you can resume the build with the command
[ERROR]   mvn <goals> -rf :owlapi-contract
travis_time:end:00180516:start=1448815943238193133,finish=1448816117046560807,duration=173808367674[0K
[31;1mThe command "mvn verify" exited with 1.[0m
travis_fold:start:cache.2[0Kstore build cache
travis_time:start:1825fd42[0Ktravis_time:end:1825fd42:start=1448816117050694228,finish=1448816117053897659,duration=3203431[0Ktravis_time:start:05385198[0Kchange detected:
/home/travis/.m2/repository/commons-codec/commons-codec/1.9/commons-codec-1.9.jar
/home/travis/.m2/repository/commons-codec/commons-codec/1.9/commons-codec-1.9.jar.sha1
/home/travis/.m2/repository/commons-codec/commons-codec/1.9/commons-codec-1.9.pom
/home/travis/.m2/repository/commons-codec/commons-codec/1.9/commons-codec-1.9.pom.sha1
/home/travis/.m2/repository/commons-codec/commons-codec/1.9/_remote.repositories
/home/travis/.m2/repository/commons-logging/commons-logging/1.2/commons-logging-1.2.jar
/home/travis/.m2/repository/commons-logging/commons-logging/1.2/commons-logging-1.2.jar.sha1
/home/travis/.m2/repository/commons-logging/commons-logging/1.2/commons-logging-1.2.pom
/home/travis/.m2/repository/commons-logging/commons-logging/1.2/commons-logging-1.2.pom.sha1
/home/travis/.m2/repository/commons-logging/commons-logging/1.2/_remote.repositories
/home/travis/.m2/repository/net/sourceforge/owlapi/owlapi-api/5.0.0-ALPHA-SNAPSHOT/maven-metadata-local.xml
/home/travis/.m2/repository
...
changes detected, packing new archive
.
uploading archive
travis_time:end:05385198:start=1448816117057597036,finish=1448816125107724169,duration=8050127133[0Ktravis_fold:end:cache.2[0K
Done. Your build exited with 1.
