Using worker: worker-linux-docker-9f0a9b66.prod.travis-ci.org:travis-linux-8

travis_fold:start:system_info[0K[33;1mBuild system information[0m
Build language: java
Build group: stable
Build dist: precise
[34m[1mBuild image provisioning date and time[0m
Thu Feb  5 15:09:33 UTC 2015
[34m[1mOperating System Details[0m
Distributor ID:	Ubuntu
Description:	Ubuntu 12.04.5 LTS
Release:	12.04
Codename:	precise
[34m[1mLinux Version[0m
3.13.0-29-generic
[34m[1mCookbooks Version[0m
a68419e https://github.com/travis-ci/travis-cookbooks/tree/a68419e
[34m[1mGCC version[0m
gcc (Ubuntu/Linaro 4.6.3-1ubuntu5) 4.6.3
Copyright (C) 2011 Free Software Foundation, Inc.
This is free software; see the source for copying conditions.  There is NO
warranty; not even for MERCHANTABILITY or FITNESS FOR A PARTICULAR PURPOSE.

[34m[1mLLVM version[0m
clang version 3.4 (tags/RELEASE_34/final)
Target: x86_64-unknown-linux-gnu
Thread model: posix
[34m[1mPre-installed Ruby versions[0m
ruby-1.9.3-p551
[34m[1mPre-installed Node.js versions[0m
v0.10.36
[34m[1mPre-installed Go versions[0m
1.4.1
[34m[1mRedis version[0m
redis-server 2.8.19
[34m[1mriak version[0m
2.0.2
[34m[1mMongoDB version[0m
MongoDB 2.4.12
[34m[1mCouchDB version[0m
couchdb 1.6.1
[34m[1mNeo4j version[0m
1.9.4
[34m[1mRabbitMQ Version[0m
3.4.3
[34m[1mElasticSearch version[0m
1.4.0
[34m[1mInstalled Sphinx versions[0m
2.0.10
2.1.9
2.2.6
[34m[1mDefault Sphinx version[0m
2.2.6
[34m[1mInstalled Firefox version[0m
firefox 31.0esr
[34m[1mPhantomJS version[0m
1.9.8
[34m[1mant -version[0m
Apache Ant(TM) version 1.8.2 compiled on December 3 2011
[34m[1mmvn -version[0m
Apache Maven 3.2.5 (12a6b3acb947671f09b81f49094c53f426d8cea1; 2014-12-14T17:29:23+00:00)
Maven home: /usr/local/maven
Java version: 1.7.0_76, vendor: Oracle Corporation
Java home: /usr/lib/jvm/java-7-oracle/jre
Default locale: en_US, platform encoding: ANSI_X3.4-1968
OS name: "linux", version: "3.13.0-29-generic", arch: "amd64", family: "unix"
travis_fold:end:system_info[0K
travis_fold:start:git.checkout[0Ktravis_time:start:172e4078[0K$ git clone --depth=50 --branch=version5 https://github.com/owlcs/owlapi.git owlcs/owlapi
Cloning into 'owlcs/owlapi'...
remote: Counting objects: 3864, done.[K
remote: Compressing objects:   0% (1/1685)   [Kremote: Compressing objects:   1% (17/1685)   [Kremote: Compressing objects:   2% (34/1685)   [Kremote: Compressing objects:   3% (51/1685)   [Kremote: Compressing objects:   4% (68/1685)   [Kremote: Compressing objects:   5% (85/1685)   [Kremote: Compressing objects:   6% (102/1685)   [Kremote: Compressing objects:   7% (118/1685)   [Kremote: Compressing objects:   8% (135/1685)   [Kremote: Compressing objects:   9% (152/1685)   [Kremote: Compressing objects:  10% (169/1685)   [Kremote: Compressing objects:  11% (186/1685)   [Kremote: Compressing objects:  12% (203/1685)   [Kremote: Compressing objects:  13% (220/1685)   [Kremote: Compressing objects:  14% (236/1685)   [Kremote: Compressing objects:  15% (253/1685)   [Kremote: Compressing objects:  16% (270/1685)   [Kremote: Compressing objects:  17% (287/1685)   [Kremote: Compressing objects:  18% (304/1685)   [Kremote: Compressing objects:  19% (321/1685)   [Kremote: Compressing objects:  20% (337/1685)   [Kremote: Compressing objects:  21% (354/1685)   [Kremote: Compressing objects:  22% (371/1685)   [Kremote: Compressing objects:  23% (388/1685)   [Kremote: Compressing objects:  24% (405/1685)   [Kremote: Compressing objects:  25% (422/1685)   [Kremote: Compressing objects:  26% (439/1685)   [Kremote: Compressing objects:  27% (455/1685)   [Kremote: Compressing objects:  28% (472/1685)   [Kremote: Compressing objects:  29% (489/1685)   [Kremote: Compressing objects:  30% (506/1685)   [Kremote: Compressing objects:  31% (523/1685)   [Kremote: Compressing objects:  32% (540/1685)   [Kremote: Compressing objects:  33% (557/1685)   [Kremote: Compressing objects:  34% (573/1685)   [Kremote: Compressing objects:  35% (590/1685)   [Kremote: Compressing objects:  36% (607/1685)   [Kremote: Compressing objects:  37% (624/1685)   [Kremote: Compressing objects:  38% (641/1685)   [Kremote: Compressing objects:  39% (658/1685)   [Kremote: Compressing objects:  40% (674/1685)   [Kremote: Compressing objects:  41% (691/1685)   [Kremote: Compressing objects:  42% (708/1685)   [Kremote: Compressing objects:  43% (725/1685)   [Kremote: Compressing objects:  44% (742/1685)   [Kremote: Compressing objects:  45% (759/1685)   [Kremote: Compressing objects:  46% (776/1685)   [Kremote: Compressing objects:  47% (792/1685)   [Kremote: Compressing objects:  48% (809/1685)   [Kremote: Compressing objects:  49% (826/1685)   [Kremote: Compressing objects:  50% (843/1685)   [Kremote: Compressing objects:  51% (860/1685)   [Kremote: Compressing objects:  52% (877/1685)   [Kremote: Compressing objects:  53% (894/1685)   [Kremote: Compressing objects:  54% (910/1685)   [Kremote: Compressing objects:  55% (927/1685)   [Kremote: Compressing objects:  56% (944/1685)   [Kremote: Compressing objects:  57% (961/1685)   [Kremote: Compressing objects:  58% (978/1685)   [Kremote: Compressing objects:  59% (995/1685)   [Kremote: Compressing objects:  60% (1011/1685)   [Kremote: Compressing objects:  61% (1028/1685)   [Kremote: Compressing objects:  62% (1045/1685)   [Kremote: Compressing objects:  63% (1062/1685)   [Kremote: Compressing objects:  64% (1079/1685)   [Kremote: Compressing objects:  65% (1096/1685)   [Kremote: Compressing objects:  66% (1113/1685)   [Kremote: Compressing objects:  67% (1129/1685)   [Kremote: Compressing objects:  68% (1146/1685)   [Kremote: Compressing objects:  69% (1163/1685)   [Kremote: Compressing objects:  70% (1180/1685)   [Kremote: Compressing objects:  71% (1197/1685)   [Kremote: Compressing objects:  72% (1214/1685)   [Kremote: Compressing objects:  73% (1231/1685)   [Kremote: Compressing objects:  74% (1247/1685)   [Kremote: Compressing objects:  75% (1264/1685)   [Kremote: Compressing objects:  76% (1281/1685)   [Kremote: Compressing objects:  77% (1298/1685)   [Kremote: Compressing objects:  78% (1315/1685)   [Kremote: Compressing objects:  79% (1332/1685)   [Kremote: Compressing objects:  80% (1348/1685)   [Kremote: Compressing objects:  81% (1365/1685)   [Kremote: Compressing objects:  82% (1382/1685)   [Kremote: Compressing objects:  83% (1399/1685)   [Kremote: Compressing objects:  84% (1416/1685)   [Kremote: Compressing objects:  85% (1433/1685)   [Kremote: Compressing objects:  86% (1450/1685)   [Kremote: Compressing objects:  87% (1466/1685)   [Kremote: Compressing objects:  88% (1483/1685)   [Kremote: Compressing objects:  89% (1500/1685)   [Kremote: Compressing objects:  90% (1517/1685)   [Kremote: Compressing objects:  91% (1534/1685)   [Kremote: Compressing objects:  92% (1551/1685)   [Kremote: Compressing objects:  93% (1568/1685)   [Kremote: Compressing objects:  94% (1584/1685)   [Kremote: Compressing objects:  95% (1601/1685)   [Kremote: Compressing objects:  96% (1618/1685)   [Kremote: Compressing objects:  97% (1635/1685)   [Kremote: Compressing objects:  98% (1652/1685)   [Kremote: Compressing objects:  99% (1669/1685)   [Kremote: Compressing objects: 100% (1685/1685)   [Kremote: Compressing objects: 100% (1685/1685), done.[K
Receiving objects:   0% (1/3864)   Receiving objects:   1% (39/3864)   Receiving objects:   2% (78/3864)   Receiving objects:   3% (116/3864)   Receiving objects:   4% (155/3864)   Receiving objects:   5% (194/3864)   Receiving objects:   6% (232/3864)   Receiving objects:   7% (271/3864)   Receiving objects:   8% (310/3864)   Receiving objects:   9% (348/3864)   Receiving objects:  10% (387/3864)   Receiving objects:  11% (426/3864)   Receiving objects:  12% (464/3864)   Receiving objects:  13% (503/3864)   Receiving objects:  14% (541/3864)   Receiving objects:  15% (580/3864)   Receiving objects:  16% (619/3864)   Receiving objects:  17% (657/3864)   Receiving objects:  18% (696/3864)   Receiving objects:  19% (735/3864)   Receiving objects:  20% (773/3864)   Receiving objects:  21% (812/3864)   Receiving objects:  22% (851/3864)   Receiving objects:  23% (889/3864)   Receiving objects:  24% (928/3864)   Receiving objects:  25% (966/3864)   Receiving objects:  26% (1005/3864)   Receiving objects:  27% (1044/3864)   Receiving objects:  28% (1082/3864)   Receiving objects:  29% (1121/3864)   Receiving objects:  30% (1160/3864)   Receiving objects:  31% (1198/3864)   Receiving objects:  32% (1237/3864)   Receiving objects:  33% (1276/3864)   Receiving objects:  34% (1314/3864)   Receiving objects:  35% (1353/3864)   Receiving objects:  36% (1392/3864)   Receiving objects:  37% (1430/3864)   Receiving objects:  38% (1469/3864)   Receiving objects:  39% (1507/3864)   Receiving objects:  40% (1546/3864)   Receiving objects:  41% (1585/3864)   Receiving objects:  42% (1623/3864)   Receiving objects:  43% (1662/3864)   Receiving objects:  44% (1701/3864)   Receiving objects:  45% (1739/3864)   Receiving objects:  46% (1778/3864)   Receiving objects:  47% (1817/3864)   Receiving objects:  48% (1855/3864)   Receiving objects:  49% (1894/3864)   Receiving objects:  50% (1932/3864)   Receiving objects:  51% (1971/3864)   Receiving objects:  52% (2010/3864)   Receiving objects:  53% (2048/3864)   Receiving objects:  54% (2087/3864)   Receiving objects:  55% (2126/3864)   Receiving objects:  56% (2164/3864)   Receiving objects:  57% (2203/3864)   Receiving objects:  58% (2242/3864)   Receiving objects:  59% (2280/3864)   Receiving objects:  60% (2319/3864)   Receiving objects:  61% (2358/3864)   Receiving objects:  62% (2396/3864)   Receiving objects:  63% (2435/3864)   Receiving objects:  64% (2473/3864)   Receiving objects:  65% (2512/3864)   Receiving objects:  66% (2551/3864)   Receiving objects:  67% (2589/3864)   Receiving objects:  68% (2628/3864)   Receiving objects:  69% (2667/3864)   Receiving objects:  70% (2705/3864)   Receiving objects:  71% (2744/3864)   Receiving objects:  72% (2783/3864)   Receiving objects:  73% (2821/3864)   Receiving objects:  74% (2860/3864)   Receiving objects:  75% (2898/3864)   Receiving objects:  76% (2937/3864)   Receiving objects:  77% (2976/3864)   Receiving objects:  78% (3014/3864)   Receiving objects:  79% (3053/3864)   Receiving objects:  80% (3092/3864)   Receiving objects:  81% (3130/3864)   Receiving objects:  82% (3169/3864)   Receiving objects:  83% (3208/3864)   Receiving objects:  84% (3246/3864)   Receiving objects:  85% (3285/3864)   Receiving objects:  86% (3324/3864)   Receiving objects:  87% (3362/3864)   Receiving objects:  88% (3401/3864)   Receiving objects:  89% (3439/3864)   Receiving objects:  90% (3478/3864)   Receiving objects:  91% (3517/3864)   Receiving objects:  92% (3555/3864)   Receiving objects:  93% (3594/3864)   Receiving objects:  94% (3633/3864)   Receiving objects:  95% (3671/3864)   Receiving objects:  96% (3710/3864)   remote: Total 3864 (delta 2272), reused 2819 (delta 1710), pack-reused 0[K
Receiving objects:  97% (3749/3864)   Receiving objects:  98% (3787/3864)   Receiving objects:  99% (3826/3864)   Receiving objects: 100% (3864/3864)   Receiving objects: 100% (3864/3864), 2.16 MiB | 0 bytes/s, done.
Resolving deltas:   0% (0/2272)   Resolving deltas:   1% (30/2272)   Resolving deltas:   3% (88/2272)   Resolving deltas:   6% (158/2272)   Resolving deltas:   7% (160/2272)   Resolving deltas:   9% (213/2272)   Resolving deltas:  10% (244/2272)   Resolving deltas:  11% (259/2272)   Resolving deltas:  12% (282/2272)   Resolving deltas:  13% (300/2272)   Resolving deltas:  14% (338/2272)   Resolving deltas:  15% (345/2272)   Resolving deltas:  16% (382/2272)   Resolving deltas:  19% (440/2272)   Resolving deltas:  20% (458/2272)   Resolving deltas:  21% (480/2272)   Resolving deltas:  26% (596/2272)   Resolving deltas:  31% (724/2272)   Resolving deltas:  32% (749/2272)   Resolving deltas:  33% (769/2272)   Resolving deltas:  34% (785/2272)   Resolving deltas:  35% (799/2272)   Resolving deltas:  36% (824/2272)   Resolving deltas:  37% (842/2272)   Resolving deltas:  39% (897/2272)   Resolving deltas:  40% (912/2272)   Resolving deltas:  41% (948/2272)   Resolving deltas:  42% (958/2272)   Resolving deltas:  43% (981/2272)   Resolving deltas:  44% (1008/2272)   Resolving deltas:  45% (1033/2272)   Resolving deltas:  47% (1080/2272)   Resolving deltas:  48% (1094/2272)   Resolving deltas:  49% (1117/2272)   Resolving deltas:  50% (1140/2272)   Resolving deltas:  51% (1170/2272)   Resolving deltas:  52% (1192/2272)   Resolving deltas:  53% (1206/2272)   Resolving deltas:  54% (1249/2272)   Resolving deltas:  55% (1252/2272)   Resolving deltas:  56% (1273/2272)   Resolving deltas:  57% (1317/2272)   Resolving deltas:  58% (1328/2272)   Resolving deltas:  59% (1342/2272)   Resolving deltas:  60% (1366/2272)   Resolving deltas:  61% (1392/2272)   Resolving deltas:  62% (1415/2272)   Resolving deltas:  63% (1432/2272)   Resolving deltas:  64% (1458/2272)   Resolving deltas:  65% (1486/2272)   Resolving deltas:  66% (1508/2272)   Resolving deltas:  67% (1525/2272)   Resolving deltas:  68% (1547/2272)   Resolving deltas:  69% (1575/2272)   Resolving deltas:  70% (1594/2272)   Resolving deltas:  71% (1614/2272)   Resolving deltas:  72% (1637/2272)   Resolving deltas:  73% (1661/2272)   Resolving deltas:  74% (1696/2272)   Resolving deltas:  75% (1704/2272)   Resolving deltas:  76% (1727/2272)   Resolving deltas:  77% (1750/2272)   Resolving deltas:  78% (1774/2272)   Resolving deltas:  79% (1803/2272)   Resolving deltas:  83% (1890/2272)   Resolving deltas:  84% (1911/2272)   Resolving deltas:  85% (1934/2272)   Resolving deltas:  86% (1954/2272)   Resolving deltas:  87% (1977/2272)   Resolving deltas:  88% (2001/2272)   Resolving deltas:  89% (2023/2272)   Resolving deltas:  90% (2059/2272)   Resolving deltas:  91% (2069/2272)   Resolving deltas:  92% (2091/2272)   Resolving deltas:  93% (2119/2272)   Resolving deltas:  94% (2137/2272)   Resolving deltas:  95% (2160/2272)   Resolving deltas:  96% (2189/2272)   Resolving deltas:  98% (2235/2272)   Resolving deltas:  99% (2250/2272)   Resolving deltas: 100% (2272/2272)   Resolving deltas: 100% (2272/2272), done.
Checking connectivity... done.
travis_time:end:172e4078:start=1448816594976441699,finish=1448816596787034945,duration=1810593246[0K$ cd owlcs/owlapi
$ git checkout -qf 99d5d04dd372d2a0eb4f207d9aea1cb0d92caa24
travis_fold:end:git.checkout[0Ktravis_fold:start:apt[0K[33;1mInstalling APT Packages (BETA)[0m
$ export DEBIAN_FRONTEND=noninteractive
travis_time:start:10b76680[0K$ sudo -E apt-get -yq update &>> ~/apt-get-update.log
travis_time:end:10b76680:start=1448816596918832067,finish=1448816602437703436,duration=5518871369[0Ktravis_time:start:032a8679[0K$ sudo -E apt-get -yq --no-install-suggests --no-install-recommends --force-yes install oracle-java8-installer
Reading package lists...
Building dependency tree...
Reading state information...
Suggested packages:
  binfmt-support visualvm ttf-baekmuk ttf-unfonts ttf-unfonts-core
  ttf-kochi-gothic ttf-sazanami-gothic ttf-kochi-mincho ttf-sazanami-mincho
  ttf-arphic-uming
The following packages will be upgraded:
  oracle-java8-installer
1 upgraded, 0 newly installed, 0 to remove and 219 not upgraded.
Need to get 22.4 kB of archives.
After this operation, 92.2 kB disk space will be freed.
Get:1 http://ppa.launchpad.net/webupd8team/java/ubuntu/ precise/main oracle-java8-installer all 8u66+8u65arm-1~webupd8~1 [22.4 kB]
Fetched 22.4 kB in 0s (95.1 kB/s)
Preconfiguring packages ...
(Reading database ... (Reading database ... 5%(Reading database ... 10%(Reading database ... 15%(Reading database ... 20%(Reading database ... 25%(Reading database ... 30%(Reading database ... 35%(Reading database ... 40%(Reading database ... 45%(Reading database ... 50%(Reading database ... 55%(Reading database ... 60%(Reading database ... 65%(Reading database ... 70%(Reading database ... 75%(Reading database ... 80%(Reading database ... 85%(Reading database ... 90%(Reading database ... 95%(Reading database ... 100%(Reading database ... 72019 files and directories currently installed.)
Preparing to replace oracle-java8-installer 8u31+8u33arm-1~webupd8~1 (using .../oracle-java8-installer_8u66+8u65arm-1~webupd8~1_all.deb) ...
oracle-license-v1-1 license has already been accepted
Unpacking replacement oracle-java8-installer ...
Processing triggers for shared-mime-info ...
Setting up oracle-java8-installer (8u66+8u65arm-1~webupd8~1) ...
Downloading Oracle Java 8...
--2015-11-29 17:03:29--  http://download.oracle.com/otn-pub/java/jdk/8u66-b17/jdk-8u66-linux-x64.tar.gz
Resolving download.oracle.com (download.oracle.com)... 23.0.160.74, 23.0.160.80
Connecting to download.oracle.com (download.oracle.com)|23.0.160.74|:80... connected.
HTTP request sent, awaiting response... 302 Moved Temporarily
Location: https://edelivery.oracle.com/otn-pub/java/jdk/8u66-b17/jdk-8u66-linux-x64.tar.gz [following]
--2015-11-29 17:03:29--  https://edelivery.oracle.com/otn-pub/java/jdk/8u66-b17/jdk-8u66-linux-x64.tar.gz
Resolving edelivery.oracle.com (edelivery.oracle.com)... 23.203.166.140
Connecting to edelivery.oracle.com (edelivery.oracle.com)|23.203.166.140|:443... connected.
HTTP request sent, awaiting response... 302 Moved Temporarily
Location: http://download.oracle.com/otn-pub/java/jdk/8u66-b17/jdk-8u66-linux-x64.tar.gz?AuthParam=1448816729_05b361b22a68091ef2c060340ec4da35 [following]
--2015-11-29 17:03:29--  http://download.oracle.com/otn-pub/java/jdk/8u66-b17/jdk-8u66-linux-x64.tar.gz?AuthParam=1448816729_05b361b22a68091ef2c060340ec4da35
Connecting to download.oracle.com (download.oracle.com)|23.0.160.74|:80... connected.
HTTP request sent, awaiting response... 200 OK
Length: 181287376 (173M) [application/x-gzip]
Saving to: `jdk-8u66-linux-x64.tar.gz'

     0K ..                                                     0% 1.49K=90s

2015-11-29 17:06:59 (1.49 KB/s) - Connection closed at byte 137033. Retrying.

--2015-11-29 17:07:00--  (try: 2)  http://download.oracle.com/otn-pub/java/jdk/8u66-b17/jdk-8u66-linux-x64.tar.gz?AuthParam=1448816729_05b361b22a68091ef2c060340ec4da35
Connecting to download.oracle.com (download.oracle.com)|23.0.160.74|:80... connected.
HTTP request sent, awaiting response... 206 Partial Content
Length: 181287376 (173M), 181150343 (173M) remaining [application/x-gzip]
Saving to: `jdk-8u66-linux-x64.tar.gz'

     0K ,,...... ........ ........ ........ ........ ........  1% 20.4M 9s
  3072K ........ ........ ........ ........ ........ ........  3% 86.1M 5s
  6144K ........ ........ ........ ........ ........ ........  5% 76.4M 4s
  9216K ........ ........ ........ ........ ........ ........  6% 19.6M 5s
 12288K ........ ........ ........ ........ ........ ........  8% 2.06M 19s
 15360K ........ ........ ........ ........ ........ ........ 10% 5.10M 21s
 18432K ........ ........ ........ ........ ........ ........ 12% 10.4M 20s
 21504K ........ ........ ........ ........ ........ ........ 13% 13.0M 18s
 24576K ........ ........ ........ ........ ........ ........ 15% 9.78M 18s
 27648K ........ ........ ........ ........ ........ ........ 17% 13.7M 17s
 30720K ........ ........ ........ ........ ........ ........ 19% 7.45M 16s
 33792K ........ ........ ........ ........ ........ ........ 20% 12.8M 16s
 36864K ........ ........ ........ ........ ........ ........ 22% 6.44M 16s
 39936K ........ ........ ........ ........ ........ ........ 24% 9.40M 15s
 43008K ........ ........ ........ ........ ........ ........ 26% 9.53M 15s
 46080K ........ ........ ........ ........ ........ ........ 27% 10.4M 14s
 49152K ........ ........ ........ ........ ........ ........ 29% 17.8M 14s
 52224K ........ ........ ........ ........ ........ ........ 31% 11.9M 13s
 55296K ........ ........ ........ ........ ........ ........ 32% 10.8M 13s
 58368K ........ ........ ........ ........ ........ ........ 34% 12.0M 12s
 61440K ........ ........ ........ ........ ........ ........ 36% 9.72M 12s
 64512K ........ ........ ........ ........ ........ ........ 38% 8.33M 12s
 67584K ........ ........ ........ ........ ........ ........ 39% 6.95M 11s
 70656K ........ ........ ........ ........ ........ ........ 41% 9.57M 11s
 73728K ........ ........ ........ ........ ........ ........ 43% 8.34M 11s
 76800K ........ ........ ........ ........ ........ ........ 45% 16.1M 10s
 79872K ........ ........ ........ ........ ........ ........ 46% 7.49M 10s
 82944K ........ ........ ........ ........ ........ ........ 48% 12.4M 10s
 86016K ........ ........ ........ ........ ........ ........ 50% 8.05M 9s
 89088K ........ ........ ........ ........ ........ ........ 52% 11.4M 9s
 92160K ........ ........ ........ ........ ........ ........ 53% 14.7M 8s
 95232K ........ ........ ........ ........ ........ ........ 55% 11.2M 8s
 98304K ........ ........ ........ ........ ........ ........ 57% 5.84M 8s
101376K ........ ........ ........ ........ ........ ........ 58% 4.52M 8s
104448K ........ ........ ........ ........ ........ ........ 60% 2.98M 8s
107520K ........ ........ ........ ........ ........ ........ 62% 8.90M 8s
110592K ........ ........ ........ ........ ........ ........ 64% 8.82M 7s
113664K ........ ........ ........ ........ ........ ........ 65% 1.84M 8s
116736K ........ ........ ........ ........ ........ ........ 67% 99.0M 7s
119808K ........ ........ ........ ........ ........ ........ 69% 4.83M 7s
122880K ........ ........ ........ ........ ........ ........ 71% 2.73M 7s
125952K ........ ........ ........ ........ ........ ........ 72% 77.7M 6s
129024K ........ ........ ........ ........ ........ ........ 74% 22.4M 6s
132096K ........ ........ ........ ........ ........ ........ 76% 7.54M 5s
135168K ........ ........ ........ ........ ........ ........ 78% 4.97M 5s
138240K ........ ........ ........ ........ ........ ........ 79% 12.1M 5s
141312K ........ ........ ........ ........ ........ ........ 81% 5.18M 4s
144384K ........ ........ ........ ........ ........ ........ 83% 36.7M 4s
147456K ........ ........ ........ ........ ........ ........ 85% 12.1M 3s
150528K ........ ........ ........ ........ ........ ........ 86% 10.4M 3s
153600K ........ ........ ........ ........ ........ ........ 88%  912K 3s
156672K ........ ........ ........ ........ ........ ........ 90% 11.2M 2s
159744K ........ ........ ........ ........ ........ ........ 91% 6.71M 2s
162816K ........ ........ ........ ........ ........ ........ 93% 11.0M 2s
165888K ........ ........ ........ ........ ........ ........ 95% 7.59M 1s
168960K ........ ........ ........ ........ ........ ........ 97% 14.2M 1s
172032K ........ ........ ........ ........ ........ ........ 98% 5.10M 0s
175104K ........ ........ ........ ......                    100% 8.34M=25s

2015-11-29 17:07:25 (6.97 MB/s) - `jdk-8u66-linux-x64.tar.gz' saved [181287376/181287376]

Download done.
Removing outdated cached downloads...
Oracle JDK 8 installed
Oracle JRE 8 browser plugin installed
travis_time:end:032a8679:start=1448816602441042950,finish=1448816853586488002,duration=251145445052[0Ktravis_fold:end:apt[0K
[33;1mThis job is running on container-based infrastructure, which does not allow use of 'sudo', setuid and setguid executables.[0m
[33;1mIf you require sudo, add 'sudo: required' to your .travis.yml[0m
[33;1mSee http://docs.travis-ci.com/user/workers/container-based-infrastructure/ for details.[0m
travis_fold:start:cache.1[0KSetting up build cache
$ export CASHER_DIR=$HOME/.casher
travis_time:start:20b5884d[0K$ Installing caching utilities
travis_time:end:20b5884d:start=1448816855338658656,finish=1448816855423819688,duration=85161032[0Ktravis_time:start:0db9dde1[0Ktravis_time:end:0db9dde1:start=1448816855428174209,finish=1448816855431106452,duration=2932243[0Ktravis_time:start:244eac2c[0Kattempting to download cache archive
fetching version5/cache--jdk-oraclejdk8.tgz
found cache
travis_time:end:244eac2c:start=1448816855434657781,finish=1448816857320525992,duration=1885868211[0Ktravis_time:start:0270fc72[0Ktravis_time:end:0270fc72:start=1448816857324466978,finish=1448816857327574524,duration=3107546[0Ktravis_time:start:0a8de0dc[0Kadding /home/travis/.m2 to cache
travis_time:end:0a8de0dc:start=1448816857331407593,finish=1448816858882665078,duration=1551257485[0Ktravis_fold:end:cache.1[0K$ jdk_switcher use oraclejdk8
Switching to Oracle JDK8 (java-8-oracle), JAVA_HOME will be set to /usr/lib/jvm/java-8-oracle
$ java -Xmx32m -version
java version "1.8.0_66"
Java(TM) SE Runtime Environment (build 1.8.0_66-b17)
Java HotSpot(TM) 64-Bit Server VM (build 25.66-b17, mixed mode)
$ javac -J-Xmx32m -version
javac 1.8.0_66
travis_fold:start:install[0Ktravis_time:start:0a41fa1c[0K$ mvn install -DskipTests=true -Dmaven.javadoc.skip=true -B -V
Java HotSpot(TM) 64-Bit Server VM warning: ignoring option MaxPermSize=192m; support was removed in 8.0
Apache Maven 3.2.5 (12a6b3acb947671f09b81f49094c53f426d8cea1; 2014-12-14T17:29:23+00:00)
Maven home: /usr/local/maven
Java version: 1.8.0_66, vendor: Oracle Corporation
Java home: /usr/lib/jvm/java-8-oracle/jre
Default locale: en_US, platform encoding: UTF-8
OS name: "linux", version: "3.13.0-40-generic", arch: "amd64", family: "unix"
[INFO] Scanning for projects...
[INFO] Inspecting build with total of 13 modules...
[INFO] Installing Nexus Staging features:
[INFO]   ... total of 13 executions of maven-deploy-plugin replaced with nexus-staging-maven-plugin
[INFO] ------------------------------------------------------------------------
[INFO] Reactor Build Order:
[INFO] 
[INFO] OWLAPI
[INFO] OWLAPI Model Interfaces and utilities
[INFO] OWLAPI Default Implementation
[INFO] tools
[INFO] parsers
[INFO] oboformat parser
[INFO] OWLAPITOOLS OWL profile and fixers
[INFO] OWLAPI :: Sesame Rio module
[INFO] OWLAPI Binding and Config
[INFO] compatibility
[INFO] tests and tutorials
[INFO] OWLAPI Distribution
[INFO] OWLAPI OSGi and Compatibility Distribution
[INFO]                                                                         
[INFO] ------------------------------------------------------------------------
[INFO] Building OWLAPI 5.0.0-ALPHA-SNAPSHOT
[INFO] ------------------------------------------------------------------------
[INFO] 
[INFO] --- maven-enforcer-plugin:1.0:enforce (enforce-maven) @ owlapi-parent ---
[INFO] 
[INFO] >>> maven-source-plugin:2.2.1:jar (attach-sources) > generate-sources @ owlapi-parent >>>
[INFO] 
[INFO] --- maven-enforcer-plugin:1.0:enforce (enforce-maven) @ owlapi-parent ---
[INFO] 
[INFO] <<< maven-source-plugin:2.2.1:jar (attach-sources) < generate-sources @ owlapi-parent <<<
[INFO] 
[INFO] --- maven-source-plugin:2.2.1:jar (attach-sources) @ owlapi-parent ---
[INFO] 
[INFO] --- maven-javadoc-plugin:2.8.1:jar (attach-javadocs) @ owlapi-parent ---
[INFO] Skipping javadoc generation
[INFO] 
[INFO] --- maven-failsafe-plugin:2.18.1:integration-test (default) @ owlapi-parent ---
[INFO] Tests are skipped.
[INFO] 
[INFO] --- maven-failsafe-plugin:2.18.1:verify (default) @ owlapi-parent ---
[INFO] Tests are skipped.
[INFO] 
[INFO] --- maven-install-plugin:2.4:install (default-install) @ owlapi-parent ---
[INFO] Installing /home/travis/build/owlcs/owlapi/pom.xml to /home/travis/.m2/repository/net/sourceforge/owlapi/owlapi-parent/5.0.0-ALPHA-SNAPSHOT/owlapi-parent-5.0.0-ALPHA-SNAPSHOT.pom
[INFO]                                                                         
[INFO] ------------------------------------------------------------------------
[INFO] Building OWLAPI Model Interfaces and utilities 5.0.0-ALPHA-SNAPSHOT
[INFO] ------------------------------------------------------------------------
[INFO] 
[INFO] --- maven-enforcer-plugin:1.0:enforce (enforce-maven) @ owlapi-api ---
[INFO] 
[INFO] --- maven-resources-plugin:2.6:resources (default-resources) @ owlapi-api ---
[INFO] Using 'UTF-8' encoding to copy filtered resources.
[INFO] skip non existing resourceDirectory /home/travis/build/owlcs/owlapi/api/src/main/resources
[INFO] 
[INFO] --- maven-compiler-plugin:3.2:compile (default-compile) @ owlapi-api ---
[INFO] Changes detected - recompiling the module!
[INFO] Compiling 738 source files to /home/travis/build/owlcs/owlapi/api/target/classes
[INFO] /home/travis/build/owlcs/owlapi/api/src/main/java/org/semanticweb/owlapi/util/CollectionFactory.java: Some input files use unchecked or unsafe operations.
[INFO] /home/travis/build/owlcs/owlapi/api/src/main/java/org/semanticweb/owlapi/util/CollectionFactory.java: Recompile with -Xlint:unchecked for details.
[INFO] 
[INFO] --- maven-resources-plugin:2.6:testResources (default-testResources) @ owlapi-api ---
[INFO] Using 'UTF-8' encoding to copy filtered resources.
[INFO] Copying 1 resource
[INFO] 
[INFO] --- maven-compiler-plugin:3.2:testCompile (default-testCompile) @ owlapi-api ---
[INFO] Changes detected - recompiling the module!
[INFO] Compiling 8 source files to /home/travis/build/owlcs/owlapi/api/target/test-classes
[INFO] 
[INFO] --- maven-surefire-plugin:2.18.1:test (default-test) @ owlapi-api ---
[INFO] Tests are skipped.
[INFO] 
[INFO] --- maven-jar-plugin:2.4:jar (default-jar) @ owlapi-api ---
[INFO] Building jar: /home/travis/build/owlcs/owlapi/api/target/owlapi-api-5.0.0-ALPHA-SNAPSHOT.jar
[INFO] 
[INFO] >>> maven-source-plugin:2.2.1:jar (attach-sources) > generate-sources @ owlapi-api >>>
[INFO] 
[INFO] --- maven-enforcer-plugin:1.0:enforce (enforce-maven) @ owlapi-api ---
[INFO] 
[INFO] <<< maven-source-plugin:2.2.1:jar (attach-sources) < generate-sources @ owlapi-api <<<
[INFO] 
[INFO] --- maven-source-plugin:2.2.1:jar (attach-sources) @ owlapi-api ---
[INFO] Building jar: /home/travis/build/owlcs/owlapi/api/target/owlapi-api-5.0.0-ALPHA-SNAPSHOT-sources.jar
[INFO] 
[INFO] --- maven-javadoc-plugin:2.8.1:jar (attach-javadocs) @ owlapi-api ---
[INFO] Skipping javadoc generation
[INFO] 
[INFO] --- maven-failsafe-plugin:2.18.1:integration-test (default) @ owlapi-api ---
[INFO] Tests are skipped.
[INFO] 
[INFO] --- maven-failsafe-plugin:2.18.1:verify (default) @ owlapi-api ---
[INFO] Tests are skipped.
[INFO] 
[INFO] --- maven-install-plugin:2.4:install (default-install) @ owlapi-api ---
[INFO] Installing /home/travis/build/owlcs/owlapi/api/target/owlapi-api-5.0.0-ALPHA-SNAPSHOT.jar to /home/travis/.m2/repository/net/sourceforge/owlapi/owlapi-api/5.0.0-ALPHA-SNAPSHOT/owlapi-api-5.0.0-ALPHA-SNAPSHOT.jar
[INFO] Installing /home/travis/build/owlcs/owlapi/api/pom.xml to /home/travis/.m2/repository/net/sourceforge/owlapi/owlapi-api/5.0.0-ALPHA-SNAPSHOT/owlapi-api-5.0.0-ALPHA-SNAPSHOT.pom
[INFO] Installing /home/travis/build/owlcs/owlapi/api/target/owlapi-api-5.0.0-ALPHA-SNAPSHOT-sources.jar to /home/travis/.m2/repository/net/sourceforge/owlapi/owlapi-api/5.0.0-ALPHA-SNAPSHOT/owlapi-api-5.0.0-ALPHA-SNAPSHOT-sources.jar
[INFO]                                                                         
[INFO] ------------------------------------------------------------------------
[INFO] Building OWLAPI Default Implementation 5.0.0-ALPHA-SNAPSHOT
[INFO] ------------------------------------------------------------------------
[INFO] 
[INFO] --- maven-enforcer-plugin:1.0:enforce (enforce-maven) @ owlapi-impl ---
[INFO] 
[INFO] --- maven-resources-plugin:2.6:resources (default-resources) @ owlapi-impl ---
[INFO] Using 'UTF-8' encoding to copy filtered resources.
[INFO] skip non existing resourceDirectory /home/travis/build/owlcs/owlapi/impl/src/main/resources
[INFO] 
[INFO] --- maven-compiler-plugin:3.2:compile (default-compile) @ owlapi-impl ---
[INFO] Changes detected - recompiling the module!
[INFO] Compiling 181 source files to /home/travis/build/owlcs/owlapi/impl/target/classes
[INFO] /home/travis/build/owlcs/owlapi/impl/src/main/java/uk/ac/manchester/cs/owl/owlapi/Internals.java: Some input files use or override a deprecated API.
[INFO] /home/travis/build/owlcs/owlapi/impl/src/main/java/uk/ac/manchester/cs/owl/owlapi/Internals.java: Recompile with -Xlint:deprecation for details.
[INFO] /home/travis/build/owlcs/owlapi/impl/src/main/java/uk/ac/manchester/cs/owl/owlapi/concurrent/ConcurrentPriorityCollection.java: /home/travis/build/owlcs/owlapi/impl/src/main/java/uk/ac/manchester/cs/owl/owlapi/concurrent/ConcurrentPriorityCollection.java uses unchecked or unsafe operations.
[INFO] /home/travis/build/owlcs/owlapi/impl/src/main/java/uk/ac/manchester/cs/owl/owlapi/concurrent/ConcurrentPriorityCollection.java: Recompile with -Xlint:unchecked for details.
[INFO] 
[INFO] --- maven-resources-plugin:2.6:testResources (default-testResources) @ owlapi-impl ---
[INFO] Using 'UTF-8' encoding to copy filtered resources.
[INFO] skip non existing resourceDirectory /home/travis/build/owlcs/owlapi/impl/src/test/resources
[INFO] 
[INFO] --- maven-compiler-plugin:3.2:testCompile (default-testCompile) @ owlapi-impl ---
[INFO] Changes detected - recompiling the module!
[INFO] Compiling 7 source files to /home/travis/build/owlcs/owlapi/impl/target/test-classes
[INFO] /home/travis/build/owlcs/owlapi/impl/src/test/java/uk/ac/manchester/cs/owl/owlapi/concurrent/OWLOntologyManager_Concurrent_TestCase.java: /home/travis/build/owlcs/owlapi/impl/src/test/java/uk/ac/manchester/cs/owl/owlapi/concurrent/OWLOntologyManager_Concurrent_TestCase.java uses unchecked or unsafe operations.
[INFO] /home/travis/build/owlcs/owlapi/impl/src/test/java/uk/ac/manchester/cs/owl/owlapi/concurrent/OWLOntologyManager_Concurrent_TestCase.java: Recompile with -Xlint:unchecked for details.
[INFO] 
[INFO] --- maven-surefire-plugin:2.18.1:test (default-test) @ owlapi-impl ---
[INFO] Tests are skipped.
[INFO] 
[INFO] --- maven-jar-plugin:2.4:jar (default-jar) @ owlapi-impl ---
[INFO] Building jar: /home/travis/build/owlcs/owlapi/impl/target/owlapi-impl-5.0.0-ALPHA-SNAPSHOT.jar
[INFO] 
[INFO] >>> maven-source-plugin:2.2.1:jar (attach-sources) > generate-sources @ owlapi-impl >>>
[INFO] 
[INFO] --- maven-enforcer-plugin:1.0:enforce (enforce-maven) @ owlapi-impl ---
[INFO] 
[INFO] <<< maven-source-plugin:2.2.1:jar (attach-sources) < generate-sources @ owlapi-impl <<<
[INFO] 
[INFO] --- maven-source-plugin:2.2.1:jar (attach-sources) @ owlapi-impl ---
[INFO] Building jar: /home/travis/build/owlcs/owlapi/impl/target/owlapi-impl-5.0.0-ALPHA-SNAPSHOT-sources.jar
[INFO] 
[INFO] --- maven-javadoc-plugin:2.8.1:jar (attach-javadocs) @ owlapi-impl ---
[INFO] Skipping javadoc generation
[INFO] 
[INFO] --- maven-failsafe-plugin:2.18.1:integration-test (default) @ owlapi-impl ---
[INFO] Tests are skipped.
[INFO] 
[INFO] --- maven-failsafe-plugin:2.18.1:verify (default) @ owlapi-impl ---
[INFO] Tests are skipped.
[INFO] 
[INFO] --- maven-install-plugin:2.4:install (default-install) @ owlapi-impl ---
[INFO] Installing /home/travis/build/owlcs/owlapi/impl/target/owlapi-impl-5.0.0-ALPHA-SNAPSHOT.jar to /home/travis/.m2/repository/net/sourceforge/owlapi/owlapi-impl/5.0.0-ALPHA-SNAPSHOT/owlapi-impl-5.0.0-ALPHA-SNAPSHOT.jar
[INFO] Installing /home/travis/build/owlcs/owlapi/impl/pom.xml to /home/travis/.m2/repository/net/sourceforge/owlapi/owlapi-impl/5.0.0-ALPHA-SNAPSHOT/owlapi-impl-5.0.0-ALPHA-SNAPSHOT.pom
[INFO] Installing /home/travis/build/owlcs/owlapi/impl/target/owlapi-impl-5.0.0-ALPHA-SNAPSHOT-sources.jar to /home/travis/.m2/repository/net/sourceforge/owlapi/owlapi-impl/5.0.0-ALPHA-SNAPSHOT/owlapi-impl-5.0.0-ALPHA-SNAPSHOT-sources.jar
[INFO]                                                                         
[INFO] ------------------------------------------------------------------------
[INFO] Building tools 5.0.0-ALPHA-SNAPSHOT
[INFO] ------------------------------------------------------------------------
[INFO] 
[INFO] --- maven-enforcer-plugin:1.0:enforce (enforce-maven) @ owlapi-tools ---
[INFO] 
[INFO] --- maven-resources-plugin:2.6:resources (default-resources) @ owlapi-tools ---
[INFO] Using 'UTF-8' encoding to copy filtered resources.
[INFO] skip non existing resourceDirectory /home/travis/build/owlcs/owlapi/tools/src/main/resources
[INFO] 
[INFO] --- maven-compiler-plugin:3.2:compile (default-compile) @ owlapi-tools ---
[INFO] Changes detected - recompiling the module!
[INFO] Compiling 75 source files to /home/travis/build/owlcs/owlapi/tools/target/classes
[INFO] 
[INFO] --- maven-resources-plugin:2.6:testResources (default-testResources) @ owlapi-tools ---
[INFO] Using 'UTF-8' encoding to copy filtered resources.
[INFO] skip non existing resourceDirectory /home/travis/build/owlcs/owlapi/tools/src/test/resources
[INFO] 
[INFO] --- maven-compiler-plugin:3.2:testCompile (default-testCompile) @ owlapi-tools ---
[INFO] No sources to compile
[INFO] 
[INFO] --- maven-surefire-plugin:2.18.1:test (default-test) @ owlapi-tools ---
[INFO] Tests are skipped.
[INFO] 
[INFO] --- maven-jar-plugin:2.4:jar (default-jar) @ owlapi-tools ---
[INFO] Building jar: /home/travis/build/owlcs/owlapi/tools/target/owlapi-tools-5.0.0-ALPHA-SNAPSHOT.jar
[INFO] 
[INFO] >>> maven-source-plugin:2.2.1:jar (attach-sources) > generate-sources @ owlapi-tools >>>
[INFO] 
[INFO] --- maven-enforcer-plugin:1.0:enforce (enforce-maven) @ owlapi-tools ---
[INFO] 
[INFO] <<< maven-source-plugin:2.2.1:jar (attach-sources) < generate-sources @ owlapi-tools <<<
[INFO] 
[INFO] --- maven-source-plugin:2.2.1:jar (attach-sources) @ owlapi-tools ---
[INFO] Building jar: /home/travis/build/owlcs/owlapi/tools/target/owlapi-tools-5.0.0-ALPHA-SNAPSHOT-sources.jar
[INFO] 
[INFO] --- maven-javadoc-plugin:2.8.1:jar (attach-javadocs) @ owlapi-tools ---
[INFO] Skipping javadoc generation
[INFO] 
[INFO] --- maven-failsafe-plugin:2.18.1:integration-test (default) @ owlapi-tools ---
[INFO] Tests are skipped.
[INFO] 
[INFO] --- maven-failsafe-plugin:2.18.1:verify (default) @ owlapi-tools ---
[INFO] Tests are skipped.
[INFO] 
[INFO] --- maven-install-plugin:2.4:install (default-install) @ owlapi-tools ---
[INFO] Installing /home/travis/build/owlcs/owlapi/tools/target/owlapi-tools-5.0.0-ALPHA-SNAPSHOT.jar to /home/travis/.m2/repository/net/sourceforge/owlapi/owlapi-tools/5.0.0-ALPHA-SNAPSHOT/owlapi-tools-5.0.0-ALPHA-SNAPSHOT.jar
[INFO] Installing /home/travis/build/owlcs/owlapi/tools/pom.xml to /home/travis/.m2/repository/net/sourceforge/owlapi/owlapi-tools/5.0.0-ALPHA-SNAPSHOT/owlapi-tools-5.0.0-ALPHA-SNAPSHOT.pom
[INFO] Installing /home/travis/build/owlcs/owlapi/tools/target/owlapi-tools-5.0.0-ALPHA-SNAPSHOT-sources.jar to /home/travis/.m2/repository/net/sourceforge/owlapi/owlapi-tools/5.0.0-ALPHA-SNAPSHOT/owlapi-tools-5.0.0-ALPHA-SNAPSHOT-sources.jar
[INFO]                                                                         
[INFO] ------------------------------------------------------------------------
[INFO] Building parsers 5.0.0-ALPHA-SNAPSHOT
[INFO] ------------------------------------------------------------------------
[INFO] 
[INFO] --- maven-enforcer-plugin:1.0:enforce (enforce-maven) @ owlapi-parsers ---
[INFO] 
[INFO] --- maven-resources-plugin:2.6:resources (default-resources) @ owlapi-parsers ---
[INFO] Using 'UTF-8' encoding to copy filtered resources.
[INFO] Copying 2 resources
[INFO] 
[INFO] --- maven-compiler-plugin:3.2:compile (default-compile) @ owlapi-parsers ---
[INFO] Changes detected - recompiling the module!
[INFO] Compiling 197 source files to /home/travis/build/owlcs/owlapi/parsers/target/classes
[INFO] /home/travis/build/owlcs/owlapi/parsers/src/main/java/org/semanticweb/owlapi/functional/parser/OWLFunctionalSyntaxParser.java: Some input files use or override a deprecated API.
[INFO] /home/travis/build/owlcs/owlapi/parsers/src/main/java/org/semanticweb/owlapi/functional/parser/OWLFunctionalSyntaxParser.java: Recompile with -Xlint:deprecation for details.
[INFO] /home/travis/build/owlcs/owlapi/parsers/src/main/java/org/semanticweb/owlapi/rdf/model/AbstractTranslator.java: /home/travis/build/owlcs/owlapi/parsers/src/main/java/org/semanticweb/owlapi/rdf/model/AbstractTranslator.java uses unchecked or unsafe operations.
[INFO] /home/travis/build/owlcs/owlapi/parsers/src/main/java/org/semanticweb/owlapi/rdf/model/AbstractTranslator.java: Recompile with -Xlint:unchecked for details.
[INFO] 
[INFO] --- maven-resources-plugin:2.6:testResources (default-testResources) @ owlapi-parsers ---
[INFO] Using 'UTF-8' encoding to copy filtered resources.
[INFO] skip non existing resourceDirectory /home/travis/build/owlcs/owlapi/parsers/src/test/resources
[INFO] 
[INFO] --- maven-compiler-plugin:3.2:testCompile (default-testCompile) @ owlapi-parsers ---
[INFO] Changes detected - recompiling the module!
[INFO] Compiling 1 source file to /home/travis/build/owlcs/owlapi/parsers/target/test-classes
[INFO] 
[INFO] --- maven-surefire-plugin:2.18.1:test (default-test) @ owlapi-parsers ---
[INFO] Tests are skipped.
[INFO] 
[INFO] --- maven-jar-plugin:2.4:jar (default-jar) @ owlapi-parsers ---
[INFO] Building jar: /home/travis/build/owlcs/owlapi/parsers/target/owlapi-parsers-5.0.0-ALPHA-SNAPSHOT.jar
[INFO] 
[INFO] >>> maven-source-plugin:2.2.1:jar (attach-sources) > generate-sources @ owlapi-parsers >>>
[INFO] 
[INFO] --- maven-enforcer-plugin:1.0:enforce (enforce-maven) @ owlapi-parsers ---
[INFO] 
[INFO] <<< maven-source-plugin:2.2.1:jar (attach-sources) < generate-sources @ owlapi-parsers <<<
[INFO] 
[INFO] --- maven-source-plugin:2.2.1:jar (attach-sources) @ owlapi-parsers ---
[INFO] Building jar: /home/travis/build/owlcs/owlapi/parsers/target/owlapi-parsers-5.0.0-ALPHA-SNAPSHOT-sources.jar
[INFO] 
[INFO] --- maven-javadoc-plugin:2.8.1:jar (attach-javadocs) @ owlapi-parsers ---
[INFO] Skipping javadoc generation
[INFO] 
[INFO] --- maven-failsafe-plugin:2.18.1:integration-test (default) @ owlapi-parsers ---
[INFO] Tests are skipped.
[INFO] 
[INFO] --- maven-failsafe-plugin:2.18.1:verify (default) @ owlapi-parsers ---
[INFO] Tests are skipped.
[INFO] 
[INFO] --- maven-install-plugin:2.4:install (default-install) @ owlapi-parsers ---
[INFO] Installing /home/travis/build/owlcs/owlapi/parsers/target/owlapi-parsers-5.0.0-ALPHA-SNAPSHOT.jar to /home/travis/.m2/repository/net/sourceforge/owlapi/owlapi-parsers/5.0.0-ALPHA-SNAPSHOT/owlapi-parsers-5.0.0-ALPHA-SNAPSHOT.jar
[INFO] Installing /home/travis/build/owlcs/owlapi/parsers/pom.xml to /home/travis/.m2/repository/net/sourceforge/owlapi/owlapi-parsers/5.0.0-ALPHA-SNAPSHOT/owlapi-parsers-5.0.0-ALPHA-SNAPSHOT.pom
[INFO] Installing /home/travis/build/owlcs/owlapi/parsers/target/owlapi-parsers-5.0.0-ALPHA-SNAPSHOT-sources.jar to /home/travis/.m2/repository/net/sourceforge/owlapi/owlapi-parsers/5.0.0-ALPHA-SNAPSHOT/owlapi-parsers-5.0.0-ALPHA-SNAPSHOT-sources.jar
[INFO]                                                                         
[INFO] ------------------------------------------------------------------------
[INFO] Building oboformat parser 5.0.0-ALPHA-SNAPSHOT
[INFO] ------------------------------------------------------------------------
[INFO] 
[INFO] --- maven-enforcer-plugin:1.0:enforce (enforce-maven) @ owlapi-oboformat ---
[INFO] 
[INFO] --- maven-resources-plugin:2.6:resources (default-resources) @ owlapi-oboformat ---
[INFO] Using 'UTF-8' encoding to copy filtered resources.
[INFO] Copying 2 resources
[INFO] 
[INFO] --- maven-compiler-plugin:3.2:compile (default-compile) @ owlapi-oboformat ---
[INFO] Changes detected - recompiling the module!
[INFO] Compiling 41 source files to /home/travis/build/owlcs/owlapi/oboformat/target/classes
[INFO] 
[INFO] --- maven-resources-plugin:2.6:testResources (default-testResources) @ owlapi-oboformat ---
[INFO] Using 'UTF-8' encoding to copy filtered resources.
[INFO] skip non existing resourceDirectory /home/travis/build/owlcs/owlapi/oboformat/src/test/resources
[INFO] 
[INFO] --- maven-compiler-plugin:3.2:testCompile (default-testCompile) @ owlapi-oboformat ---
[INFO] Changes detected - recompiling the module!
[INFO] Compiling 1 source file to /home/travis/build/owlcs/owlapi/oboformat/target/test-classes
[INFO] 
[INFO] --- maven-surefire-plugin:2.18.1:test (default-test) @ owlapi-oboformat ---
[INFO] Tests are skipped.
[INFO] 
[INFO] --- maven-jar-plugin:2.4:jar (default-jar) @ owlapi-oboformat ---
[INFO] Building jar: /home/travis/build/owlcs/owlapi/oboformat/target/owlapi-oboformat-5.0.0-ALPHA-SNAPSHOT.jar
[INFO] 
[INFO] >>> maven-source-plugin:2.2.1:jar (attach-sources) > generate-sources @ owlapi-oboformat >>>
[INFO] 
[INFO] --- maven-enforcer-plugin:1.0:enforce (enforce-maven) @ owlapi-oboformat ---
[INFO] 
[INFO] <<< maven-source-plugin:2.2.1:jar (attach-sources) < generate-sources @ owlapi-oboformat <<<
[INFO] 
[INFO] --- maven-source-plugin:2.2.1:jar (attach-sources) @ owlapi-oboformat ---
[INFO] Building jar: /home/travis/build/owlcs/owlapi/oboformat/target/owlapi-oboformat-5.0.0-ALPHA-SNAPSHOT-sources.jar
[INFO] 
[INFO] --- maven-javadoc-plugin:2.8.1:jar (attach-javadocs) @ owlapi-oboformat ---
[INFO] Skipping javadoc generation
[INFO] 
[INFO] --- maven-failsafe-plugin:2.18.1:integration-test (default) @ owlapi-oboformat ---
[INFO] Tests are skipped.
[INFO] 
[INFO] --- maven-failsafe-plugin:2.18.1:verify (default) @ owlapi-oboformat ---
[INFO] Tests are skipped.
[INFO] 
[INFO] --- maven-install-plugin:2.4:install (default-install) @ owlapi-oboformat ---
[INFO] Installing /home/travis/build/owlcs/owlapi/oboformat/target/owlapi-oboformat-5.0.0-ALPHA-SNAPSHOT.jar to /home/travis/.m2/repository/net/sourceforge/owlapi/owlapi-oboformat/5.0.0-ALPHA-SNAPSHOT/owlapi-oboformat-5.0.0-ALPHA-SNAPSHOT.jar
[INFO] Installing /home/travis/build/owlcs/owlapi/oboformat/pom.xml to /home/travis/.m2/repository/net/sourceforge/owlapi/owlapi-oboformat/5.0.0-ALPHA-SNAPSHOT/owlapi-oboformat-5.0.0-ALPHA-SNAPSHOT.pom
[INFO] Installing /home/travis/build/owlcs/owlapi/oboformat/target/owlapi-oboformat-5.0.0-ALPHA-SNAPSHOT-sources.jar to /home/travis/.m2/repository/net/sourceforge/owlapi/owlapi-oboformat/5.0.0-ALPHA-SNAPSHOT/owlapi-oboformat-5.0.0-ALPHA-SNAPSHOT-sources.jar
[INFO]                                                                         
[INFO] ------------------------------------------------------------------------
[INFO] Building OWLAPITOOLS OWL profile and fixers 5.0.0-ALPHA-SNAPSHOT
[INFO] ------------------------------------------------------------------------
[INFO] 
[INFO] --- maven-enforcer-plugin:1.0:enforce (enforce-maven) @ owlapi-fixers ---
[INFO] 
[INFO] --- maven-resources-plugin:2.6:resources (default-resources) @ owlapi-fixers ---
[INFO] Using 'UTF-8' encoding to copy filtered resources.
[INFO] skip non existing resourceDirectory /home/travis/build/owlcs/owlapi/fixers/src/main/resources
[INFO] 
[INFO] --- maven-compiler-plugin:3.2:compile (default-compile) @ owlapi-fixers ---
[INFO] Changes detected - recompiling the module!
[INFO] Compiling 96 source files to /home/travis/build/owlcs/owlapi/fixers/target/classes
[INFO] 
[INFO] --- maven-resources-plugin:2.6:testResources (default-testResources) @ owlapi-fixers ---
[INFO] Using 'UTF-8' encoding to copy filtered resources.
[INFO] skip non existing resourceDirectory /home/travis/build/owlcs/owlapi/fixers/src/test/resources
[INFO] 
[INFO] --- maven-compiler-plugin:3.2:testCompile (default-testCompile) @ owlapi-fixers ---
[INFO] Changes detected - recompiling the module!
[INFO] Compiling 5 source files to /home/travis/build/owlcs/owlapi/fixers/target/test-classes
[INFO] 
[INFO] --- maven-surefire-plugin:2.18.1:test (default-test) @ owlapi-fixers ---
[INFO] Tests are skipped.
[INFO] 
[INFO] --- maven-jar-plugin:2.4:jar (default-jar) @ owlapi-fixers ---
[INFO] Building jar: /home/travis/build/owlcs/owlapi/fixers/target/owlapi-fixers-5.0.0-ALPHA-SNAPSHOT.jar
[INFO] 
[INFO] >>> maven-source-plugin:2.2.1:jar (attach-sources) > generate-sources @ owlapi-fixers >>>
[INFO] 
[INFO] --- maven-enforcer-plugin:1.0:enforce (enforce-maven) @ owlapi-fixers ---
[INFO] 
[INFO] <<< maven-source-plugin:2.2.1:jar (attach-sources) < generate-sources @ owlapi-fixers <<<
[INFO] 
[INFO] --- maven-source-plugin:2.2.1:jar (attach-sources) @ owlapi-fixers ---
[INFO] Building jar: /home/travis/build/owlcs/owlapi/fixers/target/owlapi-fixers-5.0.0-ALPHA-SNAPSHOT-sources.jar
[INFO] 
[INFO] --- maven-javadoc-plugin:2.8.1:jar (attach-javadocs) @ owlapi-fixers ---
[INFO] Skipping javadoc generation
[INFO] 
[INFO] --- maven-failsafe-plugin:2.18.1:integration-test (default) @ owlapi-fixers ---
[INFO] Tests are skipped.
[INFO] 
[INFO] --- maven-failsafe-plugin:2.18.1:verify (default) @ owlapi-fixers ---
[INFO] Tests are skipped.
[INFO] 
[INFO] --- maven-install-plugin:2.4:install (default-install) @ owlapi-fixers ---
[INFO] Installing /home/travis/build/owlcs/owlapi/fixers/target/owlapi-fixers-5.0.0-ALPHA-SNAPSHOT.jar to /home/travis/.m2/repository/net/sourceforge/owlapi/owlapi-fixers/5.0.0-ALPHA-SNAPSHOT/owlapi-fixers-5.0.0-ALPHA-SNAPSHOT.jar
[INFO] Installing /home/travis/build/owlcs/owlapi/fixers/pom.xml to /home/travis/.m2/repository/net/sourceforge/owlapi/owlapi-fixers/5.0.0-ALPHA-SNAPSHOT/owlapi-fixers-5.0.0-ALPHA-SNAPSHOT.pom
[INFO] Installing /home/travis/build/owlcs/owlapi/fixers/target/owlapi-fixers-5.0.0-ALPHA-SNAPSHOT-sources.jar to /home/travis/.m2/repository/net/sourceforge/owlapi/owlapi-fixers/5.0.0-ALPHA-SNAPSHOT/owlapi-fixers-5.0.0-ALPHA-SNAPSHOT-sources.jar
[INFO]                                                                         
[INFO] ------------------------------------------------------------------------
[INFO] Building OWLAPI :: Sesame Rio module 5.0.0-ALPHA-SNAPSHOT
[INFO] ------------------------------------------------------------------------
[INFO] 
[INFO] --- maven-enforcer-plugin:1.0:enforce (enforce-maven) @ owlapi-rio ---
[INFO] 
[INFO] --- maven-resources-plugin:2.6:resources (default-resources) @ owlapi-rio ---
[INFO] Using 'UTF-8' encoding to copy filtered resources.
[INFO] Copying 4 resources
[INFO] 
[INFO] --- maven-compiler-plugin:3.2:compile (default-compile) @ owlapi-rio ---
[INFO] Changes detected - recompiling the module!
[INFO] Compiling 65 source files to /home/travis/build/owlcs/owlapi/rio/target/classes
[INFO] 
[INFO] --- maven-resources-plugin:2.6:testResources (default-testResources) @ owlapi-rio ---
[INFO] Using 'UTF-8' encoding to copy filtered resources.
[INFO] skip non existing resourceDirectory /home/travis/build/owlcs/owlapi/rio/src/test/resources
[INFO] 
[INFO] --- maven-compiler-plugin:3.2:testCompile (default-testCompile) @ owlapi-rio ---
[INFO] No sources to compile
[INFO] 
[INFO] --- maven-surefire-plugin:2.18.1:test (default-test) @ owlapi-rio ---
[INFO] Tests are skipped.
[INFO] 
[INFO] --- maven-jar-plugin:2.4:jar (default-jar) @ owlapi-rio ---
[INFO] Building jar: /home/travis/build/owlcs/owlapi/rio/target/owlapi-rio-5.0.0-ALPHA-SNAPSHOT.jar
[INFO] 
[INFO] >>> maven-source-plugin:2.2.1:jar (attach-sources) > generate-sources @ owlapi-rio >>>
[INFO] 
[INFO] --- maven-enforcer-plugin:1.0:enforce (enforce-maven) @ owlapi-rio ---
[INFO] 
[INFO] <<< maven-source-plugin:2.2.1:jar (attach-sources) < generate-sources @ owlapi-rio <<<
[INFO] 
[INFO] --- maven-source-plugin:2.2.1:jar (attach-sources) @ owlapi-rio ---
[INFO] Building jar: /home/travis/build/owlcs/owlapi/rio/target/owlapi-rio-5.0.0-ALPHA-SNAPSHOT-sources.jar
[INFO] 
[INFO] --- maven-javadoc-plugin:2.8.1:jar (attach-javadocs) @ owlapi-rio ---
[INFO] Skipping javadoc generation
[INFO] 
[INFO] --- maven-failsafe-plugin:2.18.1:integration-test (default) @ owlapi-rio ---
[INFO] Tests are skipped.
[INFO] 
[INFO] --- maven-failsafe-plugin:2.18.1:verify (default) @ owlapi-rio ---
[INFO] Tests are skipped.
[INFO] 
[INFO] --- maven-install-plugin:2.4:install (default-install) @ owlapi-rio ---
[INFO] Installing /home/travis/build/owlcs/owlapi/rio/target/owlapi-rio-5.0.0-ALPHA-SNAPSHOT.jar to /home/travis/.m2/repository/net/sourceforge/owlapi/owlapi-rio/5.0.0-ALPHA-SNAPSHOT/owlapi-rio-5.0.0-ALPHA-SNAPSHOT.jar
[INFO] Installing /home/travis/build/owlcs/owlapi/rio/pom.xml to /home/travis/.m2/repository/net/sourceforge/owlapi/owlapi-rio/5.0.0-ALPHA-SNAPSHOT/owlapi-rio-5.0.0-ALPHA-SNAPSHOT.pom
[INFO] Installing /home/travis/build/owlcs/owlapi/rio/target/owlapi-rio-5.0.0-ALPHA-SNAPSHOT-sources.jar to /home/travis/.m2/repository/net/sourceforge/owlapi/owlapi-rio/5.0.0-ALPHA-SNAPSHOT/owlapi-rio-5.0.0-ALPHA-SNAPSHOT-sources.jar
[INFO]                                                                         
[INFO] ------------------------------------------------------------------------
[INFO] Building OWLAPI Binding and Config 5.0.0-ALPHA-SNAPSHOT
[INFO] ------------------------------------------------------------------------
[INFO] 
[INFO] --- maven-enforcer-plugin:1.0:enforce (enforce-maven) @ owlapi-apibinding ---
[INFO] 
[INFO] --- maven-resources-plugin:2.6:resources (default-resources) @ owlapi-apibinding ---
[INFO] Using 'UTF-8' encoding to copy filtered resources.
[INFO] Copying 1 resource
[INFO] 
[INFO] --- maven-compiler-plugin:3.2:compile (default-compile) @ owlapi-apibinding ---
[INFO] Changes detected - recompiling the module!
[INFO] Compiling 3 source files to /home/travis/build/owlcs/owlapi/apibinding/target/classes
[INFO] 
[INFO] --- maven-resources-plugin:2.6:testResources (default-testResources) @ owlapi-apibinding ---
[INFO] Using 'UTF-8' encoding to copy filtered resources.
[INFO] skip non existing resourceDirectory /home/travis/build/owlcs/owlapi/apibinding/src/test/resources
[INFO] 
[INFO] --- maven-compiler-plugin:3.2:testCompile (default-testCompile) @ owlapi-apibinding ---
[INFO] No sources to compile
[INFO] 
[INFO] --- maven-surefire-plugin:2.18.1:test (default-test) @ owlapi-apibinding ---
[INFO] Tests are skipped.
[INFO] 
[INFO] --- maven-jar-plugin:2.4:jar (default-jar) @ owlapi-apibinding ---
[INFO] Building jar: /home/travis/build/owlcs/owlapi/apibinding/target/owlapi-apibinding-5.0.0-ALPHA-SNAPSHOT.jar
[INFO] 
[INFO] >>> maven-source-plugin:2.2.1:jar (attach-sources) > generate-sources @ owlapi-apibinding >>>
[INFO] 
[INFO] --- maven-enforcer-plugin:1.0:enforce (enforce-maven) @ owlapi-apibinding ---
[INFO] 
[INFO] <<< maven-source-plugin:2.2.1:jar (attach-sources) < generate-sources @ owlapi-apibinding <<<
[INFO] 
[INFO] --- maven-source-plugin:2.2.1:jar (attach-sources) @ owlapi-apibinding ---
[INFO] Building jar: /home/travis/build/owlcs/owlapi/apibinding/target/owlapi-apibinding-5.0.0-ALPHA-SNAPSHOT-sources.jar
[INFO] 
[INFO] --- maven-javadoc-plugin:2.8.1:jar (attach-javadocs) @ owlapi-apibinding ---
[INFO] Skipping javadoc generation
[INFO] 
[INFO] --- maven-failsafe-plugin:2.18.1:integration-test (default) @ owlapi-apibinding ---
[INFO] Tests are skipped.
[INFO] 
[INFO] --- maven-failsafe-plugin:2.18.1:verify (default) @ owlapi-apibinding ---
[INFO] Tests are skipped.
[INFO] 
[INFO] --- maven-install-plugin:2.4:install (default-install) @ owlapi-apibinding ---
[INFO] Installing /home/travis/build/owlcs/owlapi/apibinding/target/owlapi-apibinding-5.0.0-ALPHA-SNAPSHOT.jar to /home/travis/.m2/repository/net/sourceforge/owlapi/owlapi-apibinding/5.0.0-ALPHA-SNAPSHOT/owlapi-apibinding-5.0.0-ALPHA-SNAPSHOT.jar
[INFO] Installing /home/travis/build/owlcs/owlapi/apibinding/pom.xml to /home/travis/.m2/repository/net/sourceforge/owlapi/owlapi-apibinding/5.0.0-ALPHA-SNAPSHOT/owlapi-apibinding-5.0.0-ALPHA-SNAPSHOT.pom
[INFO] Installing /home/travis/build/owlcs/owlapi/apibinding/target/owlapi-apibinding-5.0.0-ALPHA-SNAPSHOT-sources.jar to /home/travis/.m2/repository/net/sourceforge/owlapi/owlapi-apibinding/5.0.0-ALPHA-SNAPSHOT/owlapi-apibinding-5.0.0-ALPHA-SNAPSHOT-sources.jar
[INFO]                                                                         
[INFO] ------------------------------------------------------------------------
[INFO] Building compatibility 5.0.0-ALPHA-SNAPSHOT
[INFO] ------------------------------------------------------------------------
[INFO] 
[INFO] --- maven-enforcer-plugin:1.0:enforce (enforce-maven) @ owlapi-compatibility ---
[INFO] 
[INFO] --- maven-resources-plugin:2.6:resources (default-resources) @ owlapi-compatibility ---
[INFO] Using 'UTF-8' encoding to copy filtered resources.
[INFO] Copying 1 resource
[INFO] 
[INFO] --- maven-compiler-plugin:3.2:compile (default-compile) @ owlapi-compatibility ---
[INFO] Changes detected - recompiling the module!
[INFO] Compiling 54 source files to /home/travis/build/owlcs/owlapi/compatibility/target/classes
[INFO] /home/travis/build/owlcs/owlapi/compatibility/src/main/java/de/uulm/ecs/ai/owlapi/krssparser/KRSS2OntologyFormat.java: Some input files use or override a deprecated API.
[INFO] /home/travis/build/owlcs/owlapi/compatibility/src/main/java/de/uulm/ecs/ai/owlapi/krssparser/KRSS2OntologyFormat.java: Recompile with -Xlint:deprecation for details.
[INFO] 
[INFO] --- maven-resources-plugin:2.6:testResources (default-testResources) @ owlapi-compatibility ---
[INFO] Using 'UTF-8' encoding to copy filtered resources.
[INFO] skip non existing resourceDirectory /home/travis/build/owlcs/owlapi/compatibility/src/test/resources
[INFO] 
[INFO] --- maven-compiler-plugin:3.2:testCompile (default-testCompile) @ owlapi-compatibility ---
[INFO] No sources to compile
[INFO] 
[INFO] --- maven-surefire-plugin:2.18.1:test (default-test) @ owlapi-compatibility ---
[INFO] Tests are skipped.
[INFO] 
[INFO] --- maven-jar-plugin:2.4:jar (default-jar) @ owlapi-compatibility ---
[INFO] Building jar: /home/travis/build/owlcs/owlapi/compatibility/target/owlapi-compatibility-5.0.0-ALPHA-SNAPSHOT.jar
[INFO] 
[INFO] >>> maven-source-plugin:2.2.1:jar (attach-sources) > generate-sources @ owlapi-compatibility >>>
[INFO] 
[INFO] --- maven-enforcer-plugin:1.0:enforce (enforce-maven) @ owlapi-compatibility ---
[INFO] 
[INFO] <<< maven-source-plugin:2.2.1:jar (attach-sources) < generate-sources @ owlapi-compatibility <<<
[INFO] 
[INFO] --- maven-source-plugin:2.2.1:jar (attach-sources) @ owlapi-compatibility ---
[INFO] Building jar: /home/travis/build/owlcs/owlapi/compatibility/target/owlapi-compatibility-5.0.0-ALPHA-SNAPSHOT-sources.jar
[INFO] 
[INFO] --- maven-javadoc-plugin:2.8.1:jar (attach-javadocs) @ owlapi-compatibility ---
[INFO] Skipping javadoc generation
[INFO] 
[INFO] --- maven-failsafe-plugin:2.18.1:integration-test (default) @ owlapi-compatibility ---
[INFO] Tests are skipped.
[INFO] 
[INFO] --- maven-failsafe-plugin:2.18.1:verify (default) @ owlapi-compatibility ---
[INFO] Tests are skipped.
[INFO] 
[INFO] --- maven-install-plugin:2.4:install (default-install) @ owlapi-compatibility ---
[INFO] Installing /home/travis/build/owlcs/owlapi/compatibility/target/owlapi-compatibility-5.0.0-ALPHA-SNAPSHOT.jar to /home/travis/.m2/repository/net/sourceforge/owlapi/owlapi-compatibility/5.0.0-ALPHA-SNAPSHOT/owlapi-compatibility-5.0.0-ALPHA-SNAPSHOT.jar
[INFO] Installing /home/travis/build/owlcs/owlapi/compatibility/pom.xml to /home/travis/.m2/repository/net/sourceforge/owlapi/owlapi-compatibility/5.0.0-ALPHA-SNAPSHOT/owlapi-compatibility-5.0.0-ALPHA-SNAPSHOT.pom
[INFO] Installing /home/travis/build/owlcs/owlapi/compatibility/target/owlapi-compatibility-5.0.0-ALPHA-SNAPSHOT-sources.jar to /home/travis/.m2/repository/net/sourceforge/owlapi/owlapi-compatibility/5.0.0-ALPHA-SNAPSHOT/owlapi-compatibility-5.0.0-ALPHA-SNAPSHOT-sources.jar
[INFO]                                                                         
[INFO] ------------------------------------------------------------------------
[INFO] Building tests and tutorials 5.0.0-ALPHA-SNAPSHOT
[INFO] ------------------------------------------------------------------------
[INFO] 
[INFO] --- maven-enforcer-plugin:1.0:enforce (enforce-maven) @ owlapi-contract ---
[INFO] 
[INFO] --- maven-resources-plugin:2.6:resources (default-resources) @ owlapi-contract ---
[INFO] Using 'UTF-8' encoding to copy filtered resources.
[INFO] skip non existing resourceDirectory /home/travis/build/owlcs/owlapi/contract/src/main/resources
[INFO] 
[INFO] --- maven-compiler-plugin:3.2:compile (default-compile) @ owlapi-contract ---
[INFO] Changes detected - recompiling the module!
[INFO] Compiling 9 source files to /home/travis/build/owlcs/owlapi/contract/target/classes
[INFO] 
[INFO] --- maven-resources-plugin:2.6:testResources (default-testResources) @ owlapi-contract ---
[INFO] Using 'UTF-8' encoding to copy filtered resources.
[INFO] Copying 168 resources
[INFO] 
[INFO] --- maven-compiler-plugin:3.2:testCompile (default-testCompile) @ owlapi-contract ---
[INFO] Changes detected - recompiling the module!
[INFO] Compiling 225 source files to /home/travis/build/owlcs/owlapi/contract/target/test-classes
[INFO] /home/travis/build/owlcs/owlapi/contract/src/test/java/org/semanticweb/owlapi/api/test/DelegatingObjectVisitorExTestCase.java: /home/travis/build/owlcs/owlapi/contract/src/test/java/org/semanticweb/owlapi/api/test/DelegatingObjectVisitorExTestCase.java uses unchecked or unsafe operations.
[INFO] /home/travis/build/owlcs/owlapi/contract/src/test/java/org/semanticweb/owlapi/api/test/DelegatingObjectVisitorExTestCase.java: Recompile with -Xlint:unchecked for details.
[INFO] 
[INFO] --- maven-surefire-plugin:2.18.1:test (default-test) @ owlapi-contract ---
[INFO] Tests are skipped.
[INFO] 
[INFO] --- maven-jar-plugin:2.4:jar (default-jar) @ owlapi-contract ---
[INFO] Building jar: /home/travis/build/owlcs/owlapi/contract/target/owlapi-contract-5.0.0-ALPHA-SNAPSHOT.jar
[INFO] 
[INFO] >>> maven-source-plugin:2.2.1:jar (attach-sources) > generate-sources @ owlapi-contract >>>
[INFO] 
[INFO] --- maven-enforcer-plugin:1.0:enforce (enforce-maven) @ owlapi-contract ---
[INFO] 
[INFO] <<< maven-source-plugin:2.2.1:jar (attach-sources) < generate-sources @ owlapi-contract <<<
[INFO] 
[INFO] --- maven-source-plugin:2.2.1:jar (attach-sources) @ owlapi-contract ---
[INFO] Building jar: /home/travis/build/owlcs/owlapi/contract/target/owlapi-contract-5.0.0-ALPHA-SNAPSHOT-sources.jar
[INFO] 
[INFO] --- maven-javadoc-plugin:2.8.1:jar (attach-javadocs) @ owlapi-contract ---
[INFO] Skipping javadoc generation
[INFO] 
[INFO] --- maven-failsafe-plugin:2.18.1:integration-test (default) @ owlapi-contract ---
[INFO] Tests are skipped.
[INFO] 
[INFO] --- maven-failsafe-plugin:2.18.1:verify (default) @ owlapi-contract ---
[INFO] Tests are skipped.
[INFO] 
[INFO] --- maven-install-plugin:2.4:install (default-install) @ owlapi-contract ---
[INFO] Installing /home/travis/build/owlcs/owlapi/contract/target/owlapi-contract-5.0.0-ALPHA-SNAPSHOT.jar to /home/travis/.m2/repository/net/sourceforge/owlapi/owlapi-contract/5.0.0-ALPHA-SNAPSHOT/owlapi-contract-5.0.0-ALPHA-SNAPSHOT.jar
[INFO] Installing /home/travis/build/owlcs/owlapi/contract/pom.xml to /home/travis/.m2/repository/net/sourceforge/owlapi/owlapi-contract/5.0.0-ALPHA-SNAPSHOT/owlapi-contract-5.0.0-ALPHA-SNAPSHOT.pom
[INFO] Installing /home/travis/build/owlcs/owlapi/contract/target/owlapi-contract-5.0.0-ALPHA-SNAPSHOT-sources.jar to /home/travis/.m2/repository/net/sourceforge/owlapi/owlapi-contract/5.0.0-ALPHA-SNAPSHOT/owlapi-contract-5.0.0-ALPHA-SNAPSHOT-sources.jar
[INFO]                                                                         
[INFO] ------------------------------------------------------------------------
[INFO] Building OWLAPI Distribution 5.0.0-ALPHA-SNAPSHOT
[INFO] ------------------------------------------------------------------------
[INFO] 
[INFO] --- maven-enforcer-plugin:1.0:enforce (enforce-maven) @ owlapi-distribution ---
[INFO] 
[INFO] --- maven-resources-plugin:2.7:resources (default-resources) @ owlapi-distribution ---
[INFO] Using 'UTF-8' encoding to copy filtered resources.
[INFO] skip non existing resourceDirectory /home/travis/build/owlcs/owlapi/distribution/src/main/resources
[INFO] 
[INFO] --- maven-compiler-plugin:3.2:compile (default-compile) @ owlapi-distribution ---
[INFO] No sources to compile
[INFO] 
[INFO] --- maven-resources-plugin:2.7:testResources (default-testResources) @ owlapi-distribution ---
[INFO] Using 'UTF-8' encoding to copy filtered resources.
[INFO] skip non existing resourceDirectory /home/travis/build/owlcs/owlapi/distribution/src/test/resources
[INFO] 
[INFO] --- maven-compiler-plugin:3.2:testCompile (default-testCompile) @ owlapi-distribution ---
[INFO] No sources to compile
[INFO] 
[INFO] --- maven-surefire-plugin:2.18.1:test (default-test) @ owlapi-distribution ---
[INFO] Tests are skipped.
[INFO] 
[INFO] --- maven-bundle-plugin:2.5.3:bundle (default-bundle) @ owlapi-distribution ---
[WARNING] Bundle net.sourceforge.owlapi:owlapi-distribution:bundle:5.0.0-ALPHA-SNAPSHOT : Unused Private-Package instructions, no such package(s) on the class path: [!*]
[INFO] 
[INFO] >>> maven-source-plugin:2.2.1:jar (attach-sources) > generate-sources @ owlapi-distribution >>>
[INFO] 
[INFO] --- maven-enforcer-plugin:1.0:enforce (enforce-maven) @ owlapi-distribution ---
[INFO] 
[INFO] <<< maven-source-plugin:2.2.1:jar (attach-sources) < generate-sources @ owlapi-distribution <<<
[INFO] 
[INFO] --- maven-source-plugin:2.2.1:jar (attach-sources) @ owlapi-distribution ---
[INFO] No sources in project. Archive not created.
[INFO] 
[INFO] --- maven-shade-plugin:2.3:shade (default) @ owlapi-distribution ---
[INFO] Including net.sourceforge.owlapi:owlapi-apibinding:jar:5.0.0-ALPHA-SNAPSHOT in the shaded jar.
[INFO] Including net.sourceforge.owlapi:owlapi-tools:jar:5.0.0-ALPHA-SNAPSHOT in the shaded jar.
[INFO] Including net.sourceforge.owlapi:owlapi-impl:jar:5.0.0-ALPHA-SNAPSHOT in the shaded jar.
[INFO] Including net.sourceforge.owlapi:owlapi-parsers:jar:5.0.0-ALPHA-SNAPSHOT in the shaded jar.
[INFO] Including net.sourceforge.owlapi:owlapi-oboformat:jar:5.0.0-ALPHA-SNAPSHOT in the shaded jar.
[INFO] Including net.sourceforge.owlapi:owlapi-fixers:jar:5.0.0-ALPHA-SNAPSHOT in the shaded jar.
[INFO] Including net.sourceforge.owlapi:owlapi-rio:jar:5.0.0-ALPHA-SNAPSHOT in the shaded jar.
[INFO] Excluding org.openrdf.sesame:sesame-rio-jsonld:jar:4.0.0 from the shaded jar.
[INFO] Excluding com.github.jsonld-java:jsonld-java:jar:0.7.0 from the shaded jar.
[INFO] Excluding org.apache.httpcomponents:httpclient-osgi:jar:4.2.5 from the shaded jar.
[INFO] Excluding org.apache.httpcomponents:httpclient:jar:4.2.5 from the shaded jar.
[INFO] Excluding commons-codec:commons-codec:jar:1.6 from the shaded jar.
[INFO] Excluding org.apache.httpcomponents:httpmime:jar:4.2.5 from the shaded jar.
[INFO] Excluding org.apache.httpcomponents:httpclient-cache:jar:4.2.5 from the shaded jar.
[INFO] Excluding org.apache.httpcomponents:fluent-hc:jar:4.2.5 from the shaded jar.
[INFO] Excluding org.apache.httpcomponents:httpcore-osgi:jar:4.2.5 from the shaded jar.
[INFO] Excluding org.apache.httpcomponents:httpcore:jar:4.2.5 from the shaded jar.
[INFO] Excluding org.apache.httpcomponents:httpcore-nio:jar:4.2.5 from the shaded jar.
[INFO] Excluding org.slf4j:jcl-over-slf4j:jar:1.7.9 from the shaded jar.
[INFO] Including net.sourceforge.owlapi:owlapi-api:jar:5.0.0-ALPHA-SNAPSHOT in the shaded jar.
[INFO] Excluding com.fasterxml.jackson.core:jackson-core:jar:2.6.3 from the shaded jar.
[INFO] Excluding com.fasterxml.jackson.core:jackson-databind:jar:2.6.3 from the shaded jar.
[INFO] Excluding com.fasterxml.jackson.core:jackson-annotations:jar:2.6.3 from the shaded jar.
[INFO] Excluding org.apache.commons:commons-rdf-api:jar:0.1.0-incubating from the shaded jar.
[INFO] Excluding org.tukaani:xz:jar:1.5 from the shaded jar.
[INFO] Excluding org.openrdf.sesame:sesame-model:jar:4.0.0 from the shaded jar.
[INFO] Excluding org.openrdf.sesame:sesame-util:jar:4.0.0 from the shaded jar.
[INFO] Excluding org.openrdf.sesame:sesame-rio-api:jar:4.0.0 from the shaded jar.
[INFO] Excluding org.openrdf.sesame:sesame-rio-languages:jar:4.0.0 from the shaded jar.
[INFO] Excluding org.openrdf.sesame:sesame-rio-datatypes:jar:4.0.0 from the shaded jar.
[INFO] Excluding org.openrdf.sesame:sesame-rio-binary:jar:4.0.0 from the shaded jar.
[INFO] Excluding org.openrdf.sesame:sesame-rio-n3:jar:4.0.0 from the shaded jar.
[INFO] Excluding org.openrdf.sesame:sesame-rio-nquads:jar:4.0.0 from the shaded jar.
[INFO] Excluding org.openrdf.sesame:sesame-rio-ntriples:jar:4.0.0 from the shaded jar.
[INFO] Excluding org.openrdf.sesame:sesame-rio-rdfjson:jar:4.0.0 from the shaded jar.
[INFO] Excluding org.openrdf.sesame:sesame-rio-rdfxml:jar:4.0.0 from the shaded jar.
[INFO] Excluding org.openrdf.sesame:sesame-rio-trix:jar:4.0.0 from the shaded jar.
[INFO] Excluding org.openrdf.sesame:sesame-rio-turtle:jar:4.0.0 from the shaded jar.
[INFO] Excluding org.openrdf.sesame:sesame-rio-trig:jar:4.0.0 from the shaded jar.
[INFO] Excluding com.github.jsonld-java:jsonld-java-sesame:jar:0.5.1 from the shaded jar.
[INFO] Excluding org.semarglproject:semargl-sesame:jar:0.6.1 from the shaded jar.
[INFO] Excluding org.semarglproject:semargl-core:jar:0.6.1 from the shaded jar.
[INFO] Excluding org.semarglproject:semargl-rdfa:jar:0.6.1 from the shaded jar.
[INFO] Excluding org.semarglproject:semargl-rdf:jar:0.6.1 from the shaded jar.
[INFO] Excluding net.sf.trove4j:trove4j:jar:3.0.3 from the shaded jar.
[INFO] Excluding com.google.guava:guava:jar:18.0 from the shaded jar.
[INFO] Excluding com.google.inject:guice:jar:4.0 from the shaded jar.
[INFO] Excluding javax.inject:javax.inject:jar:1 from the shaded jar.
[INFO] Excluding aopalliance:aopalliance:jar:1.0 from the shaded jar.
[INFO] Excluding com.google.inject.extensions:guice-assistedinject:jar:4.0 from the shaded jar.
[INFO] Excluding com.google.inject.extensions:guice-multibindings:jar:4.0 from the shaded jar.
[INFO] Excluding com.google.code.findbugs:jsr305:jar:2.0.1 from the shaded jar.
[INFO] Excluding org.slf4j:slf4j-api:jar:1.7.10 from the shaded jar.
[INFO] Excluding commons-io:commons-io:jar:2.4 from the shaded jar.
[WARNING] owlapi-distribution-5.0.0-ALPHA-SNAPSHOT.jar, owlapi-impl-5.0.0-ALPHA-SNAPSHOT.jar define 218 overlappping classes: 
[WARNING]   - org.semanticweb.owlapi.reasoner.impl.OWLNamedIndividualNodeSet
[WARNING]   - uk.ac.manchester.cs.owl.owlapi.SWRLIndividualArgumentImpl
[WARNING]   - uk.ac.manchester.cs.owl.owlapi.InitVisitorFactory$InitIndividualVisitor
[WARNING]   - uk.ac.manchester.cs.owl.owlapi.OWLDataAllValuesFromImpl
[WARNING]   - uk.ac.manchester.cs.owl.owlapi.CollectionContainerVisitor
[WARNING]   - uk.ac.manchester.cs.owl.owlapi.concurrent.NonConcurrentOWLOntologyBuilder
[WARNING]   - uk.ac.manchester.cs.owl.owlapi.OWLImportsDeclarationImpl
[WARNING]   - uk.ac.manchester.cs.owl.owlapi.OWLSubPropertyAxiomImpl
[WARNING]   - uk.ac.manchester.cs.owl.owlapi.OWLSameIndividualAxiomImpl
[WARNING]   - uk.ac.manchester.cs.owl.owlapi.OWLDataFactoryInternalsImpl$Buildable$1
[WARNING]   - 208 more...
[WARNING] owlapi-distribution-5.0.0-ALPHA-SNAPSHOT.jar, owlapi-rio-5.0.0-ALPHA-SNAPSHOT.jar define 68 overlappping classes: 
[WARNING]   - org.semanticweb.owlapi.formats.N3DocumentFormatFactory
[WARNING]   - org.semanticweb.owlapi.formats.RioTurtleDocumentFormatFactory
[WARNING]   - org.semanticweb.owlapi.rio.RioStorer
[WARNING]   - org.semanticweb.owlapi.rio.RioOWLRDFParser
[WARNING]   - org.semanticweb.owlapi.rio.OWLAPIRDFFormat
[WARNING]   - org.semanticweb.owlapi.formats.N3DocumentFormat
[WARNING]   - org.semanticweb.owlapi.rio.RioFunctionalSyntaxParserFactory
[WARNING]   - org.semanticweb.owlapi.rio.RioTrigStorerFactory
[WARNING]   - org.semanticweb.owlapi.rio.RioManchesterSyntaxParserFactory
[WARNING]   - org.semanticweb.owlapi.rio.AbstractRioStorerFactory
[WARNING]   - 58 more...
[WARNING] owlapi-distribution-5.0.0-ALPHA-SNAPSHOT.jar, owlapi-tools-5.0.0-ALPHA-SNAPSHOT.jar define 88 overlappping classes: 
[WARNING]   - com.clarkparsia.owlapi.explanation.util.SilentExplanationProgressMonitor
[WARNING]   - org.semanticweb.owlapi.metrics.HiddenGCICount
[WARNING]   - com.clarkparsia.owlapi.explanation.SingleExplanationGenerator
[WARNING]   - org.semanticweb.owlapi.metrics.GCICount
[WARNING]   - com.clarkparsia.owlapi.explanation.BlackBoxExplanation$1
[WARNING]   - com.clarkparsia.owlapi.modularity.locality.SemanticLocalityEvaluator
[WARNING]   - uk.ac.manchester.cs.owl.explanation.ordering.NodeRenderer
[WARNING]   - org.semanticweb.owlapi.debugging.JustificationMap$OWLAxiomComparator
[WARNING]   - uk.ac.manchester.cs.owl.explanation.ordering.ExplanationOrdererImpl$AxiomMapBuilder
[WARNING]   - org.semanticweb.owlapi.metrics.DoubleValuedMetric
[WARNING]   - 78 more...
[WARNING] owlapi-distribution-5.0.0-ALPHA-SNAPSHOT.jar, owlapi-apibinding-5.0.0-ALPHA-SNAPSHOT.jar define 3 overlappping classes: 
[WARNING]   - org.semanticweb.owlapi.apibinding.OWLManager
[WARNING]   - org.semanticweb.owlapi.apibinding.package-info
[WARNING]   - org.semanticweb.owlapi.apibinding.OWLFunctionalSyntaxFactory
[WARNING] owlapi-distribution-5.0.0-ALPHA-SNAPSHOT.jar, owlapi-oboformat-5.0.0-ALPHA-SNAPSHOT.jar define 78 overlappping classes: 
[WARNING]   - org.obolibrary.oboformat.parser.OBOFormatException
[WARNING]   - org.obolibrary.obo2owl.OWLAPIOwl2Obo
[WARNING]   - org.obolibrary.macro.MacroExpansionGCIVisitor$MacroExpansions
[WARNING]   - org.obolibrary.oboformat.diff.Diff
[WARNING]   - org.semanticweb.owlapi.oboformat.OBOFormatRenderer$1
[WARNING]   - org.obolibrary.obo2owl.IdTranslator
[WARNING]   - org.obolibrary.oboformat.model.Clause
[WARNING]   - org.obolibrary.oboformat.parser.XrefExpander$ReverseGenusDifferentiaExpansion
[WARNING]   - org.obolibrary.owl.LabelFunctionalSyntaxStorer
[WARNING]   - org.obolibrary.oboformat.model.FrameStructureException
[WARNING]   - 68 more...
[WARNING] owlapi-distribution-5.0.0-ALPHA-SNAPSHOT.jar, owlapi-parsers-5.0.0-ALPHA-SNAPSHOT.jar define 611 overlappping classes: 
[WARNING]   - org.semanticweb.owlapi.manchestersyntax.parser.ManchesterOWLSyntaxParserImpl$DataPropertyExpressionListItemParser
[WARNING]   - org.semanticweb.owlapi.rdf.rdfxml.parser.TripleHandlers$TPOneOfHandler
[WARNING]   - org.semanticweb.owlapi.krss2.renderer.KRSS2SyntaxRenderer
[WARNING]   - org.semanticweb.owlapi.rdf.rdfxml.renderer.package-info
[WARNING]   - org.semanticweb.owlapi.rdf.rdfxml.parser.Translators$ObjectMinCardinalityTranslator
[WARNING]   - org.semanticweb.owlapi.rdf.turtle.parser.TurtleParserException
[WARNING]   - org.semanticweb.owlapi.owlxml.parser.AbstractNaryBooleanClassExpressionElementHandler
[WARNING]   - org.semanticweb.owlapi.latex.renderer.LatexOWLObjectRenderer
[WARNING]   - org.semanticweb.owlapi.manchestersyntax.parser.ManchesterOWLSyntaxParserImpl$IndividualFactsItemParser
[WARNING]   - org.semanticweb.owlapi.rdf.turtle.parser.OWLRDFConsumerAdapter
[WARNING]   - 601 more...
[WARNING] owlapi-distribution-5.0.0-ALPHA-SNAPSHOT.jar, owlapi-fixers-5.0.0-ALPHA-SNAPSHOT.jar define 96 overlappping classes: 
[WARNING]   - org.semanticweb.owlapitools.builders.BuilderDataHasValue
[WARNING]   - org.semanticweb.owlapitools.builders.BuilderPropertyChain
[WARNING]   - org.semanticweb.owlapitools.builders.BuilderDataExactCardinality
[WARNING]   - org.semanticweb.owlapitools.builders.BuilderIrreflexiveObjectProperty
[WARNING]   - org.semanticweb.owlapitools.builders.BaseAnnotationPropertyBuilder
[WARNING]   - org.semanticweb.owlapitools.builders.BuilderDataPropertyAssertion
[WARNING]   - org.semanticweb.owlapitools.builders.BuilderAsymmetricObjectProperty
[WARNING]   - org.semanticweb.owlapitools.builders.BuilderFacetRestriction
[WARNING]   - org.semanticweb.owlapitools.builders.BuilderComplementOf
[WARNING]   - org.semanticweb.owlapitools.builders.BuilderDataUnionOf
[WARNING]   - 86 more...
[WARNING] owlapi-distribution-5.0.0-ALPHA-SNAPSHOT.jar, owlapi-api-5.0.0-ALPHA-SNAPSHOT.jar define 825 overlappping classes: 
[WARNING]   - org.semanticweb.owlapi.model.OWLPropertyAssertionObject
[WARNING]   - org.semanticweb.owlapi.model.OWLAnonymousClassExpression
[WARNING]   - org.semanticweb.owlapi.model.HasApplyChange
[WARNING]   - org.semanticweb.owlapi.util.InferredIndividualAxiomGenerator
[WARNING]   - org.semanticweb.owlapi.model.SWRLDArgument
[WARNING]   - org.semanticweb.owlapi.util.OWLOntologyWalkerVisitor
[WARNING]   - org.semanticweb.owlapi.model.providers.ExistentialProvider
[WARNING]   - org.semanticweb.owlapi.model.axiomproviders.PropertyCharacteristicAxiomProvider
[WARNING]   - org.semanticweb.owlapi.model.OWLObjectPropertyDomainAxiom
[WARNING]   - org.semanticweb.owlapi.io.SystemOutDocumentTarget
[WARNING]   - 815 more...
[WARNING] maven-shade-plugin has detected that some .class files
[WARNING] are present in two or more JARs. When this happens, only
[WARNING] one single version of the class is copied in the uberjar.
[WARNING] Usually this is not harmful and you can skeep these
[WARNING] warnings, otherwise try to manually exclude artifacts
[WARNING] based on mvn dependency:tree -Ddetail=true and the above
[WARNING] output
[WARNING] See http://docs.codehaus.org/display/MAVENUSER/Shade+Plugin
[INFO] Replacing original artifact with shaded artifact.
[INFO] Replacing /home/travis/build/owlcs/owlapi/distribution/target/owlapi-distribution-5.0.0-ALPHA-SNAPSHOT.jar with /home/travis/build/owlcs/owlapi/distribution/target/owlapi-distribution-5.0.0-ALPHA-SNAPSHOT-shaded.jar
[INFO] Dependency-reduced POM written at: /home/travis/build/owlcs/owlapi/distribution/dependency-reduced-pom.xml
[INFO] 
[INFO] --- maven-javadoc-plugin:2.8.1:jar (attach-javadocs) @ owlapi-distribution ---
[INFO] Skipping javadoc generation
[INFO] 
[INFO] --- maven-javadoc-plugin:2.8.1:jar (attach-javadoc) @ owlapi-distribution ---
[INFO] Skipping javadoc generation
[INFO] 
[INFO] --- maven-assembly-plugin:2.4:single (attach-sources) @ owlapi-distribution ---
[INFO] Reading assembly descriptor: src/assembly/sources.xml
[INFO] Building jar: /home/travis/build/owlcs/owlapi/distribution/target/owlapi-distribution-5.0.0-ALPHA-SNAPSHOT-sources.jar
[INFO] 
[INFO] --- maven-failsafe-plugin:2.18.1:integration-test (default) @ owlapi-distribution ---
[INFO] Tests are skipped.
[INFO] 
[INFO] --- maven-failsafe-plugin:2.18.1:verify (default) @ owlapi-distribution ---
[INFO] Tests are skipped.
[INFO] 
[INFO] --- maven-install-plugin:2.5.2:install (default-install) @ owlapi-distribution ---
[INFO] Installing /home/travis/build/owlcs/owlapi/distribution/target/owlapi-distribution-5.0.0-ALPHA-SNAPSHOT.jar to /home/travis/.m2/repository/net/sourceforge/owlapi/owlapi-distribution/5.0.0-ALPHA-SNAPSHOT/owlapi-distribution-5.0.0-ALPHA-SNAPSHOT.jar
[INFO] Installing /home/travis/build/owlcs/owlapi/distribution/dependency-reduced-pom.xml to /home/travis/.m2/repository/net/sourceforge/owlapi/owlapi-distribution/5.0.0-ALPHA-SNAPSHOT/owlapi-distribution-5.0.0-ALPHA-SNAPSHOT.pom
[INFO] Installing /home/travis/build/owlcs/owlapi/distribution/target/owlapi-distribution-5.0.0-ALPHA-SNAPSHOT-sources.jar to /home/travis/.m2/repository/net/sourceforge/owlapi/owlapi-distribution/5.0.0-ALPHA-SNAPSHOT/owlapi-distribution-5.0.0-ALPHA-SNAPSHOT-sources.jar
[INFO] 
[INFO] --- maven-bundle-plugin:2.5.3:install (default-install) @ owlapi-distribution ---
[INFO] Installing net/sourceforge/owlapi/owlapi-distribution/5.0.0-ALPHA-SNAPSHOT/owlapi-distribution-5.0.0-ALPHA-SNAPSHOT.jar
[INFO] Installing net/sourceforge/owlapi/owlapi-distribution/5.0.0-ALPHA-SNAPSHOT/owlapi-distribution-5.0.0-ALPHA-SNAPSHOT-sources.jar
[INFO] Writing OBR metadata
[INFO]                                                                         
[INFO] ------------------------------------------------------------------------
[INFO] Building OWLAPI OSGi and Compatibility Distribution 5.0.0-ALPHA-SNAPSHOT
[INFO] ------------------------------------------------------------------------
[INFO] 
[INFO] --- maven-enforcer-plugin:1.0:enforce (enforce-maven) @ owlapi-osgidistribution ---
[INFO] 
[INFO] --- maven-resources-plugin:2.7:resources (default-resources) @ owlapi-osgidistribution ---
[INFO] Using 'UTF-8' encoding to copy filtered resources.
[INFO] skip non existing resourceDirectory /home/travis/build/owlcs/owlapi/osgidistribution/src/main/resources
[INFO] 
[INFO] --- maven-compiler-plugin:3.2:compile (default-compile) @ owlapi-osgidistribution ---
[INFO] Changes detected - recompiling the module!
[INFO] Compiling 1 source file to /home/travis/build/owlcs/owlapi/osgidistribution/target/classes
[INFO] 
[INFO] --- maven-resources-plugin:2.7:testResources (default-testResources) @ owlapi-osgidistribution ---
[INFO] Using 'UTF-8' encoding to copy filtered resources.
[INFO] Copying 2 resources
[INFO] 
[INFO] --- maven-compiler-plugin:3.2:testCompile (default-testCompile) @ owlapi-osgidistribution ---
[INFO] Changes detected - recompiling the module!
[INFO] Compiling 4 source files to /home/travis/build/owlcs/owlapi/osgidistribution/target/test-classes
[INFO] 
[INFO] --- maven-surefire-plugin:2.18.1:test (default-test) @ owlapi-osgidistribution ---
[INFO] Tests are skipped.
[INFO] 
[INFO] --- maven-bundle-plugin:2.5.3:bundle (default-bundle) @ owlapi-osgidistribution ---
[WARNING] Bundle net.sourceforge.owlapi:owlapi-osgidistribution:bundle:5.0.0-ALPHA-SNAPSHOT : Export org.semanticweb.owlapi.formats,  has 1,  private references [org.openrdf.rio], 
[WARNING] Bundle net.sourceforge.owlapi:owlapi-osgidistribution:bundle:5.0.0-ALPHA-SNAPSHOT : Export org.semanticweb.owlapi.io,  has 2,  private references [org.tukaani.xz, org.apache.commons.rdf.api], 
[WARNING] Bundle net.sourceforge.owlapi:owlapi-osgidistribution:bundle:5.0.0-ALPHA-SNAPSHOT : Export org.semanticweb.owlapi.model,  has 1,  private references [org.apache.commons.rdf.api], 
[WARNING] Bundle net.sourceforge.owlapi:owlapi-osgidistribution:bundle:5.0.0-ALPHA-SNAPSHOT : Export org.semanticweb.owlapi.rio,  has 5,  private references [org.openrdf, org.openrdf.model, org.openrdf.rio, org.openrdf.rio.helpers, info.aduna.iteration], 
[WARNING] Bundle net.sourceforge.owlapi:owlapi-osgidistribution:bundle:5.0.0-ALPHA-SNAPSHOT : Export org.semanticweb.owlapi.rio.utils,  has 1,  private references [org.openrdf.model], 
[INFO] 
[INFO] >>> maven-source-plugin:2.2.1:jar (attach-sources) > generate-sources @ owlapi-osgidistribution >>>
[INFO] 
[INFO] --- maven-enforcer-plugin:1.0:enforce (enforce-maven) @ owlapi-osgidistribution ---
[INFO] 
[INFO] <<< maven-source-plugin:2.2.1:jar (attach-sources) < generate-sources @ owlapi-osgidistribution <<<
[INFO] 
[INFO] --- maven-source-plugin:2.2.1:jar (attach-sources) @ owlapi-osgidistribution ---
[INFO] Building jar: /home/travis/build/owlcs/owlapi/osgidistribution/target/owlapi-osgidistribution-5.0.0-ALPHA-SNAPSHOT-sources.jar
[INFO] 
[INFO] --- maven-javadoc-plugin:2.8.1:jar (attach-javadocs) @ owlapi-osgidistribution ---
[INFO] Skipping javadoc generation
[INFO] 
[INFO] --- maven-javadoc-plugin:2.8.1:jar (attach-javadoc) @ owlapi-osgidistribution ---
[INFO] Skipping javadoc generation
[INFO] 
[INFO] --- maven-shade-plugin:2.3:shade (default) @ owlapi-osgidistribution ---
[INFO] Including net.sourceforge.owlapi:owlapi-apibinding:jar:5.0.0-ALPHA-SNAPSHOT in the shaded jar.
[INFO] Including net.sourceforge.owlapi:owlapi-tools:jar:5.0.0-ALPHA-SNAPSHOT in the shaded jar.
[INFO] Including net.sourceforge.owlapi:owlapi-impl:jar:5.0.0-ALPHA-SNAPSHOT in the shaded jar.
[INFO] Including net.sourceforge.owlapi:owlapi-parsers:jar:5.0.0-ALPHA-SNAPSHOT in the shaded jar.
[INFO] Including net.sourceforge.owlapi:owlapi-oboformat:jar:5.0.0-ALPHA-SNAPSHOT in the shaded jar.
[INFO] Including net.sourceforge.owlapi:owlapi-fixers:jar:5.0.0-ALPHA-SNAPSHOT in the shaded jar.
[INFO] Including net.sourceforge.owlapi:owlapi-rio:jar:5.0.0-ALPHA-SNAPSHOT in the shaded jar.
[INFO] Excluding org.openrdf.sesame:sesame-rio-jsonld:jar:4.0.0 from the shaded jar.
[INFO] Including net.sourceforge.owlapi:owlapi-api:jar:5.0.0-ALPHA-SNAPSHOT in the shaded jar.
[INFO] Excluding com.fasterxml.jackson.core:jackson-core:jar:2.6.3 from the shaded jar.
[INFO] Excluding com.fasterxml.jackson.core:jackson-databind:jar:2.6.3 from the shaded jar.
[INFO] Excluding com.fasterxml.jackson.core:jackson-annotations:jar:2.6.3 from the shaded jar.
[INFO] Including net.sourceforge.owlapi:owlapi-compatibility:jar:5.0.0-ALPHA-SNAPSHOT in the shaded jar.
[INFO] Excluding org.apache.commons:commons-rdf-api:jar:0.1.0-incubating from the shaded jar.
[INFO] Excluding org.tukaani:xz:jar:1.5 from the shaded jar.
[INFO] Excluding org.openrdf.sesame:sesame-model:jar:4.0.0 from the shaded jar.
[INFO] Excluding org.openrdf.sesame:sesame-rio-api:jar:4.0.0 from the shaded jar.
[INFO] Excluding org.openrdf.sesame:sesame-rio-languages:jar:4.0.0 from the shaded jar.
[INFO] Excluding org.openrdf.sesame:sesame-rio-datatypes:jar:4.0.0 from the shaded jar.
[INFO] Excluding org.openrdf.sesame:sesame-rio-binary:jar:4.0.0 from the shaded jar.
[INFO] Excluding org.openrdf.sesame:sesame-rio-n3:jar:4.0.0 from the shaded jar.
[INFO] Excluding org.openrdf.sesame:sesame-rio-nquads:jar:4.0.0 from the shaded jar.
[INFO] Excluding org.openrdf.sesame:sesame-rio-ntriples:jar:4.0.0 from the shaded jar.
[INFO] Excluding org.openrdf.sesame:sesame-rio-rdfjson:jar:4.0.0 from the shaded jar.
[INFO] Excluding org.openrdf.sesame:sesame-rio-rdfxml:jar:4.0.0 from the shaded jar.
[INFO] Excluding org.openrdf.sesame:sesame-rio-trix:jar:4.0.0 from the shaded jar.
[INFO] Excluding org.openrdf.sesame:sesame-rio-turtle:jar:4.0.0 from the shaded jar.
[INFO] Excluding org.openrdf.sesame:sesame-rio-trig:jar:4.0.0 from the shaded jar.
[INFO] Excluding org.openrdf.sesame:sesame-util:jar:4.0.0 from the shaded jar.
[INFO] Excluding com.github.jsonld-java:jsonld-java-sesame:jar:0.5.1 from the shaded jar.
[INFO] Excluding com.github.jsonld-java:jsonld-java:jar:0.5.0 from the shaded jar.
[INFO] Excluding org.slf4j:jcl-over-slf4j:jar:1.7.7 from the shaded jar.
[INFO] Excluding org.apache.httpcomponents:httpclient:jar:4.5.1 from the shaded jar.
[INFO] Excluding org.apache.httpcomponents:httpclient-cache:jar:4.5.1 from the shaded jar.
[INFO] Excluding org.apache.httpcomponents:httpcore:jar:4.4.3 from the shaded jar.
[INFO] Excluding commons-codec:commons-codec:jar:1.9 from the shaded jar.
[INFO] Excluding commons-logging:commons-logging:jar:1.2 from the shaded jar.
[INFO] Excluding org.semarglproject:semargl-sesame:jar:0.6.1 from the shaded jar.
[INFO] Excluding org.semarglproject:semargl-core:jar:0.6.1 from the shaded jar.
[INFO] Excluding org.semarglproject:semargl-rdfa:jar:0.6.1 from the shaded jar.
[INFO] Excluding org.semarglproject:semargl-rdf:jar:0.6.1 from the shaded jar.
[INFO] Excluding org.apache.servicemix.bundles:org.apache.servicemix.bundles.javax-inject:jar:1_2 from the shaded jar.
[INFO] Excluding org.apache.servicemix.bundles:org.apache.servicemix.bundles.aopalliance:jar:1.0_6 from the shaded jar.
[INFO] Excluding net.sf.trove4j:trove4j:jar:3.0.3 from the shaded jar.
[INFO] Excluding com.google.guava:guava:jar:18.0 from the shaded jar.
[INFO] Excluding com.google.inject:guice:jar:4.0 from the shaded jar.
[INFO] Excluding javax.inject:javax.inject:jar:1 from the shaded jar.
[INFO] Excluding aopalliance:aopalliance:jar:1.0 from the shaded jar.
[INFO] Excluding com.google.inject.extensions:guice-assistedinject:jar:4.0 from the shaded jar.
[INFO] Excluding com.google.inject.extensions:guice-multibindings:jar:4.0 from the shaded jar.
[INFO] Excluding com.google.code.findbugs:jsr305:jar:2.0.1 from the shaded jar.
[INFO] Excluding org.slf4j:slf4j-api:jar:1.7.10 from the shaded jar.
[INFO] Excluding commons-io:commons-io:jar:2.4 from the shaded jar.
[WARNING] owlapi-osgidistribution-5.0.0-ALPHA-SNAPSHOT.jar, owlapi-fixers-5.0.0-ALPHA-SNAPSHOT.jar define 96 overlappping classes: 
[WARNING]   - org.semanticweb.owlapitools.builders.BuilderDataHasValue
[WARNING]   - org.semanticweb.owlapitools.builders.BuilderPropertyChain
[WARNING]   - org.semanticweb.owlapitools.builders.BuilderDataExactCardinality
[WARNING]   - org.semanticweb.owlapitools.builders.BuilderIrreflexiveObjectProperty
[WARNING]   - org.semanticweb.owlapitools.builders.BaseAnnotationPropertyBuilder
[WARNING]   - org.semanticweb.owlapitools.builders.BuilderDataPropertyAssertion
[WARNING]   - org.semanticweb.owlapitools.builders.BuilderAsymmetricObjectProperty
[WARNING]   - org.semanticweb.owlapitools.builders.BuilderFacetRestriction
[WARNING]   - org.semanticweb.owlapitools.builders.BuilderComplementOf
[WARNING]   - org.semanticweb.owlapitools.builders.BuilderDataUnionOf
[WARNING]   - 86 more...
[WARNING] owlapi-osgidistribution-5.0.0-ALPHA-SNAPSHOT.jar, owlapi-tools-5.0.0-ALPHA-SNAPSHOT.jar define 88 overlappping classes: 
[WARNING]   - com.clarkparsia.owlapi.explanation.util.SilentExplanationProgressMonitor
[WARNING]   - org.semanticweb.owlapi.metrics.HiddenGCICount
[WARNING]   - com.clarkparsia.owlapi.explanation.SingleExplanationGenerator
[WARNING]   - org.semanticweb.owlapi.metrics.GCICount
[WARNING]   - com.clarkparsia.owlapi.explanation.BlackBoxExplanation$1
[WARNING]   - com.clarkparsia.owlapi.modularity.locality.SemanticLocalityEvaluator
[WARNING]   - uk.ac.manchester.cs.owl.explanation.ordering.NodeRenderer
[WARNING]   - org.semanticweb.owlapi.debugging.JustificationMap$OWLAxiomComparator
[WARNING]   - uk.ac.manchester.cs.owl.explanation.ordering.ExplanationOrdererImpl$AxiomMapBuilder
[WARNING]   - org.semanticweb.owlapi.metrics.DoubleValuedMetric
[WARNING]   - 78 more...
[WARNING] owlapi-impl-5.0.0-ALPHA-SNAPSHOT.jar, owlapi-osgidistribution-5.0.0-ALPHA-SNAPSHOT.jar define 218 overlappping classes: 
[WARNING]   - org.semanticweb.owlapi.reasoner.impl.OWLNamedIndividualNodeSet
[WARNING]   - uk.ac.manchester.cs.owl.owlapi.SWRLIndividualArgumentImpl
[WARNING]   - uk.ac.manchester.cs.owl.owlapi.InitVisitorFactory$InitIndividualVisitor
[WARNING]   - uk.ac.manchester.cs.owl.owlapi.OWLDataAllValuesFromImpl
[WARNING]   - uk.ac.manchester.cs.owl.owlapi.CollectionContainerVisitor
[WARNING]   - uk.ac.manchester.cs.owl.owlapi.concurrent.NonConcurrentOWLOntologyBuilder
[WARNING]   - uk.ac.manchester.cs.owl.owlapi.OWLImportsDeclarationImpl
[WARNING]   - uk.ac.manchester.cs.owl.owlapi.OWLSubPropertyAxiomImpl
[WARNING]   - uk.ac.manchester.cs.owl.owlapi.OWLSameIndividualAxiomImpl
[WARNING]   - uk.ac.manchester.cs.owl.owlapi.OWLDataFactoryInternalsImpl$Buildable$1
[WARNING]   - 208 more...
[WARNING] owlapi-osgidistribution-5.0.0-ALPHA-SNAPSHOT.jar, owlapi-rio-5.0.0-ALPHA-SNAPSHOT.jar define 68 overlappping classes: 
[WARNING]   - org.semanticweb.owlapi.formats.N3DocumentFormatFactory
[WARNING]   - org.semanticweb.owlapi.formats.RioTurtleDocumentFormatFactory
[WARNING]   - org.semanticweb.owlapi.rio.RioStorer
[WARNING]   - org.semanticweb.owlapi.rio.RioOWLRDFParser
[WARNING]   - org.semanticweb.owlapi.rio.OWLAPIRDFFormat
[WARNING]   - org.semanticweb.owlapi.formats.N3DocumentFormat
[WARNING]   - org.semanticweb.owlapi.rio.RioFunctionalSyntaxParserFactory
[WARNING]   - org.semanticweb.owlapi.rio.RioTrigStorerFactory
[WARNING]   - org.semanticweb.owlapi.rio.RioManchesterSyntaxParserFactory
[WARNING]   - org.semanticweb.owlapi.rio.AbstractRioStorerFactory
[WARNING]   - 58 more...
[WARNING] owlapi-parsers-5.0.0-ALPHA-SNAPSHOT.jar, owlapi-osgidistribution-5.0.0-ALPHA-SNAPSHOT.jar define 611 overlappping classes: 
[WARNING]   - org.semanticweb.owlapi.manchestersyntax.parser.ManchesterOWLSyntaxParserImpl$DataPropertyExpressionListItemParser
[WARNING]   - org.semanticweb.owlapi.rdf.rdfxml.parser.TripleHandlers$TPOneOfHandler
[WARNING]   - org.semanticweb.owlapi.krss2.renderer.KRSS2SyntaxRenderer
[WARNING]   - org.semanticweb.owlapi.rdf.rdfxml.renderer.package-info
[WARNING]   - org.semanticweb.owlapi.rdf.rdfxml.parser.Translators$ObjectMinCardinalityTranslator
[WARNING]   - org.semanticweb.owlapi.rdf.turtle.parser.TurtleParserException
[WARNING]   - org.semanticweb.owlapi.owlxml.parser.AbstractNaryBooleanClassExpressionElementHandler
[WARNING]   - org.semanticweb.owlapi.latex.renderer.LatexOWLObjectRenderer
[WARNING]   - org.semanticweb.owlapi.manchestersyntax.parser.ManchesterOWLSyntaxParserImpl$IndividualFactsItemParser
[WARNING]   - org.semanticweb.owlapi.rdf.turtle.parser.OWLRDFConsumerAdapter
[WARNING]   - 601 more...
[WARNING] owlapi-osgidistribution-5.0.0-ALPHA-SNAPSHOT.jar, owlapi-oboformat-5.0.0-ALPHA-SNAPSHOT.jar define 78 overlappping classes: 
[WARNING]   - org.obolibrary.oboformat.parser.OBOFormatException
[WARNING]   - org.obolibrary.obo2owl.OWLAPIOwl2Obo
[WARNING]   - org.obolibrary.macro.MacroExpansionGCIVisitor$MacroExpansions
[WARNING]   - org.obolibrary.oboformat.diff.Diff
[WARNING]   - org.semanticweb.owlapi.oboformat.OBOFormatRenderer$1
[WARNING]   - org.obolibrary.obo2owl.IdTranslator
[WARNING]   - org.obolibrary.oboformat.model.Clause
[WARNING]   - org.obolibrary.oboformat.parser.XrefExpander$ReverseGenusDifferentiaExpansion
[WARNING]   - org.obolibrary.owl.LabelFunctionalSyntaxStorer
[WARNING]   - org.obolibrary.oboformat.model.FrameStructureException
[WARNING]   - 68 more...
[WARNING] owlapi-osgidistribution-5.0.0-ALPHA-SNAPSHOT.jar, owlapi-api-5.0.0-ALPHA-SNAPSHOT.jar define 825 overlappping classes: 
[WARNING]   - org.semanticweb.owlapi.model.OWLPropertyAssertionObject
[WARNING]   - org.semanticweb.owlapi.model.OWLAnonymousClassExpression
[WARNING]   - org.semanticweb.owlapi.model.HasApplyChange
[WARNING]   - org.semanticweb.owlapi.util.InferredIndividualAxiomGenerator
[WARNING]   - org.semanticweb.owlapi.model.SWRLDArgument
[WARNING]   - org.semanticweb.owlapi.util.OWLOntologyWalkerVisitor
[WARNING]   - org.semanticweb.owlapi.model.providers.ExistentialProvider
[WARNING]   - org.semanticweb.owlapi.model.axiomproviders.PropertyCharacteristicAxiomProvider
[WARNING]   - org.semanticweb.owlapi.model.OWLObjectPropertyDomainAxiom
[WARNING]   - org.semanticweb.owlapi.io.SystemOutDocumentTarget
[WARNING]   - 815 more...
[WARNING] owlapi-osgidistribution-5.0.0-ALPHA-SNAPSHOT.jar, owlapi-apibinding-5.0.0-ALPHA-SNAPSHOT.jar define 3 overlappping classes: 
[WARNING]   - org.semanticweb.owlapi.apibinding.OWLManager
[WARNING]   - org.semanticweb.owlapi.apibinding.package-info
[WARNING]   - org.semanticweb.owlapi.apibinding.OWLFunctionalSyntaxFactory
[WARNING] owlapi-osgidistribution-5.0.0-ALPHA-SNAPSHOT.jar, owlapi-compatibility-5.0.0-ALPHA-SNAPSHOT.jar define 85 overlappping classes: 
[WARNING]   - org.coode.owlapi.obo12.parser.OBOIdType$1
[WARNING]   - uk.ac.manchester.cs.owlapi.dlsyntax.DLSyntaxHTMLOntologyFormat
[WARNING]   - org.coode.owl.krssparser.KRSSOntologyFormat
[WARNING]   - org.coode.owlapi.turtle.TurtleOntologyFormat
[WARNING]   - org.coode.owlapi.obo12.parser.SynonymScope
[WARNING]   - org.coode.owlapi.obo12.parser.NameTagValueHandler
[WARNING]   - org.coode.owlapi.obo12.parser.OBOVocabulary$1
[WARNING]   - org.coode.owlapi.obo12.parser.DataVersionTagValueHandler
[WARNING]   - org.coode.owlapi.obo12.parser.UnionOfHandler
[WARNING]   - org.coode.owlapi.obo12.parser.SynonymTagValueHandler
[WARNING]   - 75 more...
[WARNING] maven-shade-plugin has detected that some .class files
[WARNING] are present in two or more JARs. When this happens, only
[WARNING] one single version of the class is copied in the uberjar.
[WARNING] Usually this is not harmful and you can skeep these
[WARNING] warnings, otherwise try to manually exclude artifacts
[WARNING] based on mvn dependency:tree -Ddetail=true and the above
[WARNING] output
[WARNING] See http://docs.codehaus.org/display/MAVENUSER/Shade+Plugin
[INFO] Replacing original artifact with shaded artifact.
[INFO] Replacing /home/travis/build/owlcs/owlapi/osgidistribution/target/owlapi-osgidistribution-5.0.0-ALPHA-SNAPSHOT.jar with /home/travis/build/owlcs/owlapi/osgidistribution/target/owlapi-osgidistribution-5.0.0-ALPHA-SNAPSHOT-shaded.jar
[INFO] Dependency-reduced POM written at: /home/travis/build/owlcs/owlapi/osgidistribution/dependency-reduced-pom.xml
[INFO] 
[INFO] --- maven-assembly-plugin:2.4:single (attach-sources) @ owlapi-osgidistribution ---
[INFO] Reading assembly descriptor: src/assembly/sources.xml
[INFO] Building jar: /home/travis/build/owlcs/owlapi/osgidistribution/target/owlapi-osgidistribution-5.0.0-ALPHA-SNAPSHOT-sources.jar
[INFO] 
[INFO] --- maven-failsafe-plugin:2.18.1:integration-test (default) @ owlapi-osgidistribution ---
[INFO] Tests are skipped.
[INFO] 
[INFO] --- maven-failsafe-plugin:2.18.1:verify (default) @ owlapi-osgidistribution ---
[INFO] Tests are skipped.
[INFO] 
[INFO] --- maven-install-plugin:2.5.2:install (default-install) @ owlapi-osgidistribution ---
[INFO] Installing /home/travis/build/owlcs/owlapi/osgidistribution/target/owlapi-osgidistribution-5.0.0-ALPHA-SNAPSHOT.jar to /home/travis/.m2/repository/net/sourceforge/owlapi/owlapi-osgidistribution/5.0.0-ALPHA-SNAPSHOT/owlapi-osgidistribution-5.0.0-ALPHA-SNAPSHOT.jar
[INFO] Installing /home/travis/build/owlcs/owlapi/osgidistribution/dependency-reduced-pom.xml to /home/travis/.m2/repository/net/sourceforge/owlapi/owlapi-osgidistribution/5.0.0-ALPHA-SNAPSHOT/owlapi-osgidistribution-5.0.0-ALPHA-SNAPSHOT.pom
[INFO] Installing /home/travis/build/owlcs/owlapi/osgidistribution/target/owlapi-osgidistribution-5.0.0-ALPHA-SNAPSHOT-sources.jar to /home/travis/.m2/repository/net/sourceforge/owlapi/owlapi-osgidistribution/5.0.0-ALPHA-SNAPSHOT/owlapi-osgidistribution-5.0.0-ALPHA-SNAPSHOT-sources.jar
[INFO] Installing /home/travis/build/owlcs/owlapi/osgidistribution/target/owlapi-osgidistribution-5.0.0-ALPHA-SNAPSHOT-sources.jar to /home/travis/.m2/repository/net/sourceforge/owlapi/owlapi-osgidistribution/5.0.0-ALPHA-SNAPSHOT/owlapi-osgidistribution-5.0.0-ALPHA-SNAPSHOT-sources.jar
[INFO] 
[INFO] --- maven-bundle-plugin:2.5.3:install (default-install) @ owlapi-osgidistribution ---
[INFO] Installing net/sourceforge/owlapi/owlapi-osgidistribution/5.0.0-ALPHA-SNAPSHOT/owlapi-osgidistribution-5.0.0-ALPHA-SNAPSHOT.jar
[INFO] Installing net/sourceforge/owlapi/owlapi-osgidistribution/5.0.0-ALPHA-SNAPSHOT/owlapi-osgidistribution-5.0.0-ALPHA-SNAPSHOT-sources.jar
[INFO] Writing OBR metadata
[INFO] ------------------------------------------------------------------------
[INFO] Reactor Summary:
[INFO] 
[INFO] OWLAPI ............................................. SUCCESS [  2.354 s]
[INFO] OWLAPI Model Interfaces and utilities .............. SUCCESS [ 21.211 s]
[INFO] OWLAPI Default Implementation ...................... SUCCESS [  9.808 s]
[INFO] tools .............................................. SUCCESS [  1.245 s]
[INFO] parsers ............................................ SUCCESS [  8.364 s]
[INFO] oboformat parser ................................... SUCCESS [  1.123 s]
[INFO] OWLAPITOOLS OWL profile and fixers ................. SUCCESS [  0.994 s]
[INFO] OWLAPI :: Sesame Rio module ........................ SUCCESS [  1.150 s]
[INFO] OWLAPI Binding and Config .......................... SUCCESS [  0.421 s]
[INFO] compatibility ...................................... SUCCESS [  0.953 s]
[INFO] tests and tutorials ................................ SUCCESS [  6.285 s]
[INFO] OWLAPI Distribution ................................ SUCCESS [  6.915 s]
[INFO] OWLAPI OSGi and Compatibility Distribution ......... SUCCESS [  5.421 s]
[INFO] ------------------------------------------------------------------------
[INFO] BUILD SUCCESS
[INFO] ------------------------------------------------------------------------
[INFO] Total time: 01:08 min
[INFO] Finished at: 2015-11-29T17:08:49+00:00
[INFO] Final Memory: 52M/331M
[INFO] ------------------------------------------------------------------------
travis_time:end:0a41fa1c:start=1448816859095304643,finish=1448816929575580784,duration=70480276141[0Ktravis_fold:end:install[0Ktravis_time:start:310f6536[0K$ mvn verify
Java HotSpot(TM) 64-Bit Server VM warning: ignoring option MaxPermSize=192m; support was removed in 8.0
[INFO] Scanning for projects...
[INFO] Inspecting build with total of 13 modules...
[INFO] Installing Nexus Staging features:
[INFO]   ... total of 13 executions of maven-deploy-plugin replaced with nexus-staging-maven-plugin
[INFO] ------------------------------------------------------------------------
[INFO] Reactor Build Order:
[INFO] 
[INFO] OWLAPI
[INFO] OWLAPI Model Interfaces and utilities
[INFO] OWLAPI Default Implementation
[INFO] tools
[INFO] parsers
[INFO] oboformat parser
[INFO] OWLAPITOOLS OWL profile and fixers
[INFO] OWLAPI :: Sesame Rio module
[INFO] OWLAPI Binding and Config
[INFO] compatibility
[INFO] tests and tutorials
[INFO] OWLAPI Distribution
[INFO] OWLAPI OSGi and Compatibility Distribution
[INFO]                                                                         
[INFO] ------------------------------------------------------------------------
[INFO] Building OWLAPI 5.0.0-ALPHA-SNAPSHOT
[INFO] ------------------------------------------------------------------------
[INFO] 
[INFO] --- maven-enforcer-plugin:1.0:enforce (enforce-maven) @ owlapi-parent ---
[INFO] 
[INFO] >>> maven-source-plugin:2.2.1:jar (attach-sources) > generate-sources @ owlapi-parent >>>
[INFO] 
[INFO] --- maven-enforcer-plugin:1.0:enforce (enforce-maven) @ owlapi-parent ---
[INFO] 
[INFO] <<< maven-source-plugin:2.2.1:jar (attach-sources) < generate-sources @ owlapi-parent <<<
[INFO] 
[INFO] --- maven-source-plugin:2.2.1:jar (attach-sources) @ owlapi-parent ---
[INFO] 
[INFO] --- maven-javadoc-plugin:2.8.1:jar (attach-javadocs) @ owlapi-parent ---
[INFO] Skipping javadoc generation
[INFO] 
[INFO] --- maven-failsafe-plugin:2.18.1:integration-test (default) @ owlapi-parent ---
[INFO] No tests to run.
[INFO] 
[INFO] --- maven-failsafe-plugin:2.18.1:verify (default) @ owlapi-parent ---
[INFO] No tests to run.
[INFO]                                                                         
[INFO] ------------------------------------------------------------------------
[INFO] Building OWLAPI Model Interfaces and utilities 5.0.0-ALPHA-SNAPSHOT
[INFO] ------------------------------------------------------------------------
[INFO] 
[INFO] --- maven-enforcer-plugin:1.0:enforce (enforce-maven) @ owlapi-api ---
[INFO] 
[INFO] --- maven-resources-plugin:2.6:resources (default-resources) @ owlapi-api ---
[INFO] Using 'UTF-8' encoding to copy filtered resources.
[INFO] skip non existing resourceDirectory /home/travis/build/owlcs/owlapi/api/src/main/resources
[INFO] 
[INFO] --- maven-compiler-plugin:3.2:compile (default-compile) @ owlapi-api ---
[INFO] Changes detected - recompiling the module!
[INFO] Compiling 738 source files to /home/travis/build/owlcs/owlapi/api/target/classes
[INFO] /home/travis/build/owlcs/owlapi/api/src/main/java/org/semanticweb/owlapi/util/CollectionFactory.java: Some input files use unchecked or unsafe operations.
[INFO] /home/travis/build/owlcs/owlapi/api/src/main/java/org/semanticweb/owlapi/util/CollectionFactory.java: Recompile with -Xlint:unchecked for details.
[INFO] 
[INFO] --- maven-resources-plugin:2.6:testResources (default-testResources) @ owlapi-api ---
[INFO] Using 'UTF-8' encoding to copy filtered resources.
[INFO] Copying 1 resource
[INFO] 
[INFO] --- maven-compiler-plugin:3.2:testCompile (default-testCompile) @ owlapi-api ---
[INFO] Nothing to compile - all classes are up to date
[INFO] 
[INFO] --- maven-surefire-plugin:2.18.1:test (default-test) @ owlapi-api ---
[INFO] Surefire report directory: /home/travis/build/owlcs/owlapi/api/target/surefire-reports

-------------------------------------------------------
 T E S T S
-------------------------------------------------------
Tests run: 883, Failures: 0, Errors: 0, Skipped: 4

[INFO] 
[INFO] --- maven-jar-plugin:2.4:jar (default-jar) @ owlapi-api ---
[INFO] Building jar: /home/travis/build/owlcs/owlapi/api/target/owlapi-api-5.0.0-ALPHA-SNAPSHOT.jar
[INFO] 
[INFO] >>> maven-source-plugin:2.2.1:jar (attach-sources) > generate-sources @ owlapi-api >>>
[INFO] 
[INFO] --- maven-enforcer-plugin:1.0:enforce (enforce-maven) @ owlapi-api ---
[INFO] 
[INFO] <<< maven-source-plugin:2.2.1:jar (attach-sources) < generate-sources @ owlapi-api <<<
[INFO] 
[INFO] --- maven-source-plugin:2.2.1:jar (attach-sources) @ owlapi-api ---
[INFO] Building jar: /home/travis/build/owlcs/owlapi/api/target/owlapi-api-5.0.0-ALPHA-SNAPSHOT-sources.jar
[INFO] 
[INFO] --- maven-javadoc-plugin:2.8.1:jar (attach-javadocs) @ owlapi-api ---
[INFO] Skipping javadoc generation
[INFO] 
[INFO] --- maven-failsafe-plugin:2.18.1:integration-test (default) @ owlapi-api ---
[INFO] 
[INFO] --- maven-failsafe-plugin:2.18.1:verify (default) @ owlapi-api ---
[INFO] Failsafe report directory: /home/travis/build/owlcs/owlapi/api/target/failsafe-reports
[INFO]                                                                         
[INFO] ------------------------------------------------------------------------
[INFO] Building OWLAPI Default Implementation 5.0.0-ALPHA-SNAPSHOT
[INFO] ------------------------------------------------------------------------
[INFO] 
[INFO] --- maven-enforcer-plugin:1.0:enforce (enforce-maven) @ owlapi-impl ---
[INFO] 
[INFO] --- maven-resources-plugin:2.6:resources (default-resources) @ owlapi-impl ---
[INFO] Using 'UTF-8' encoding to copy filtered resources.
[INFO] skip non existing resourceDirectory /home/travis/build/owlcs/owlapi/impl/src/main/resources
[INFO] 
[INFO] --- maven-compiler-plugin:3.2:compile (default-compile) @ owlapi-impl ---
[INFO] Nothing to compile - all classes are up to date
[INFO] 
[INFO] --- maven-resources-plugin:2.6:testResources (default-testResources) @ owlapi-impl ---
[INFO] Using 'UTF-8' encoding to copy filtered resources.
[INFO] skip non existing resourceDirectory /home/travis/build/owlcs/owlapi/impl/src/test/resources
[INFO] 
[INFO] --- maven-compiler-plugin:3.2:testCompile (default-testCompile) @ owlapi-impl ---
[INFO] Nothing to compile - all classes are up to date
[INFO] 
[INFO] --- maven-surefire-plugin:2.18.1:test (default-test) @ owlapi-impl ---
[INFO] Surefire report directory: /home/travis/build/owlcs/owlapi/impl/target/surefire-reports

-------------------------------------------------------
 T E S T S
-------------------------------------------------------
[main] ERROR uk.ac.manchester.cs.owl.owlapi.OWLOntologyManagerImpl - Runtime Warning: Parsers should load imported ontologies using the makeImportLoadRequest method.
[main] ERROR uk.ac.manchester.cs.owl.owlapi.OWLOntologyManagerImpl - Runtime Warning: Parsers should load imported ontologies using the makeImportLoadRequest method.
Tests run: 497, Failures: 0, Errors: 0, Skipped: 0

[INFO] 
[INFO] --- maven-jar-plugin:2.4:jar (default-jar) @ owlapi-impl ---
[INFO] 
[INFO] >>> maven-source-plugin:2.2.1:jar (attach-sources) > generate-sources @ owlapi-impl >>>
[INFO] 
[INFO] --- maven-enforcer-plugin:1.0:enforce (enforce-maven) @ owlapi-impl ---
[INFO] 
[INFO] <<< maven-source-plugin:2.2.1:jar (attach-sources) < generate-sources @ owlapi-impl <<<
[INFO] 
[INFO] --- maven-source-plugin:2.2.1:jar (attach-sources) @ owlapi-impl ---
[INFO] Building jar: /home/travis/build/owlcs/owlapi/impl/target/owlapi-impl-5.0.0-ALPHA-SNAPSHOT-sources.jar
[INFO] 
[INFO] --- maven-javadoc-plugin:2.8.1:jar (attach-javadocs) @ owlapi-impl ---
[INFO] Skipping javadoc generation
[INFO] 
[INFO] --- maven-failsafe-plugin:2.18.1:integration-test (default) @ owlapi-impl ---
[INFO] 
[INFO] --- maven-failsafe-plugin:2.18.1:verify (default) @ owlapi-impl ---
[INFO] Failsafe report directory: /home/travis/build/owlcs/owlapi/impl/target/failsafe-reports
[INFO]                                                                         
[INFO] ------------------------------------------------------------------------
[INFO] Building tools 5.0.0-ALPHA-SNAPSHOT
[INFO] ------------------------------------------------------------------------
[INFO] 
[INFO] --- maven-enforcer-plugin:1.0:enforce (enforce-maven) @ owlapi-tools ---
[INFO] 
[INFO] --- maven-resources-plugin:2.6:resources (default-resources) @ owlapi-tools ---
[INFO] Using 'UTF-8' encoding to copy filtered resources.
[INFO] skip non existing resourceDirectory /home/travis/build/owlcs/owlapi/tools/src/main/resources
[INFO] 
[INFO] --- maven-compiler-plugin:3.2:compile (default-compile) @ owlapi-tools ---
[INFO] Nothing to compile - all classes are up to date
[INFO] 
[INFO] --- maven-resources-plugin:2.6:testResources (default-testResources) @ owlapi-tools ---
[INFO] Using 'UTF-8' encoding to copy filtered resources.
[INFO] skip non existing resourceDirectory /home/travis/build/owlcs/owlapi/tools/src/test/resources
[INFO] 
[INFO] --- maven-compiler-plugin:3.2:testCompile (default-testCompile) @ owlapi-tools ---
[INFO] No sources to compile
[INFO] 
[INFO] --- maven-surefire-plugin:2.18.1:test (default-test) @ owlapi-tools ---
[INFO] No tests to run.
[INFO] 
[INFO] --- maven-jar-plugin:2.4:jar (default-jar) @ owlapi-tools ---
[INFO] 
[INFO] >>> maven-source-plugin:2.2.1:jar (attach-sources) > generate-sources @ owlapi-tools >>>
[INFO] 
[INFO] --- maven-enforcer-plugin:1.0:enforce (enforce-maven) @ owlapi-tools ---
[INFO] 
[INFO] <<< maven-source-plugin:2.2.1:jar (attach-sources) < generate-sources @ owlapi-tools <<<
[INFO] 
[INFO] --- maven-source-plugin:2.2.1:jar (attach-sources) @ owlapi-tools ---
[INFO] Building jar: /home/travis/build/owlcs/owlapi/tools/target/owlapi-tools-5.0.0-ALPHA-SNAPSHOT-sources.jar
[INFO] 
[INFO] --- maven-javadoc-plugin:2.8.1:jar (attach-javadocs) @ owlapi-tools ---
[INFO] Skipping javadoc generation
[INFO] 
[INFO] --- maven-failsafe-plugin:2.18.1:integration-test (default) @ owlapi-tools ---
[INFO] No tests to run.
[INFO] 
[INFO] --- maven-failsafe-plugin:2.18.1:verify (default) @ owlapi-tools ---
[INFO] No tests to run.
[INFO]                                                                         
[INFO] ------------------------------------------------------------------------
[INFO] Building parsers 5.0.0-ALPHA-SNAPSHOT
[INFO] ------------------------------------------------------------------------
[INFO] 
[INFO] --- maven-enforcer-plugin:1.0:enforce (enforce-maven) @ owlapi-parsers ---
[INFO] 
[INFO] --- maven-resources-plugin:2.6:resources (default-resources) @ owlapi-parsers ---
[INFO] Using 'UTF-8' encoding to copy filtered resources.
[INFO] Copying 2 resources
[INFO] 
[INFO] --- maven-compiler-plugin:3.2:compile (default-compile) @ owlapi-parsers ---
[INFO] Changes detected - recompiling the module!
[INFO] Compiling 197 source files to /home/travis/build/owlcs/owlapi/parsers/target/classes
[INFO] /home/travis/build/owlcs/owlapi/parsers/src/main/java/org/semanticweb/owlapi/functional/parser/OWLFunctionalSyntaxParser.java: Some input files use or override a deprecated API.
[INFO] /home/travis/build/owlcs/owlapi/parsers/src/main/java/org/semanticweb/owlapi/functional/parser/OWLFunctionalSyntaxParser.java: Recompile with -Xlint:deprecation for details.
[INFO] /home/travis/build/owlcs/owlapi/parsers/src/main/java/org/semanticweb/owlapi/rdf/model/AbstractTranslator.java: /home/travis/build/owlcs/owlapi/parsers/src/main/java/org/semanticweb/owlapi/rdf/model/AbstractTranslator.java uses unchecked or unsafe operations.
[INFO] /home/travis/build/owlcs/owlapi/parsers/src/main/java/org/semanticweb/owlapi/rdf/model/AbstractTranslator.java: Recompile with -Xlint:unchecked for details.
[INFO] 
[INFO] --- maven-resources-plugin:2.6:testResources (default-testResources) @ owlapi-parsers ---
[INFO] Using 'UTF-8' encoding to copy filtered resources.
[INFO] skip non existing resourceDirectory /home/travis/build/owlcs/owlapi/parsers/src/test/resources
[INFO] 
[INFO] --- maven-compiler-plugin:3.2:testCompile (default-testCompile) @ owlapi-parsers ---
[INFO] Nothing to compile - all classes are up to date
[INFO] 
[INFO] --- maven-surefire-plugin:2.18.1:test (default-test) @ owlapi-parsers ---
[INFO] Surefire report directory: /home/travis/build/owlcs/owlapi/parsers/target/surefire-reports

-------------------------------------------------------
 T E S T S
-------------------------------------------------------
Tests run: 2, Failures: 0, Errors: 0, Skipped: 0

[INFO] 
[INFO] --- maven-jar-plugin:2.4:jar (default-jar) @ owlapi-parsers ---
[INFO] Building jar: /home/travis/build/owlcs/owlapi/parsers/target/owlapi-parsers-5.0.0-ALPHA-SNAPSHOT.jar
[INFO] 
[INFO] >>> maven-source-plugin:2.2.1:jar (attach-sources) > generate-sources @ owlapi-parsers >>>
[INFO] 
[INFO] --- maven-enforcer-plugin:1.0:enforce (enforce-maven) @ owlapi-parsers ---
[INFO] 
[INFO] <<< maven-source-plugin:2.2.1:jar (attach-sources) < generate-sources @ owlapi-parsers <<<
[INFO] 
[INFO] --- maven-source-plugin:2.2.1:jar (attach-sources) @ owlapi-parsers ---
[INFO] Building jar: /home/travis/build/owlcs/owlapi/parsers/target/owlapi-parsers-5.0.0-ALPHA-SNAPSHOT-sources.jar
[INFO] 
[INFO] --- maven-javadoc-plugin:2.8.1:jar (attach-javadocs) @ owlapi-parsers ---
[INFO] Skipping javadoc generation
[INFO] 
[INFO] --- maven-failsafe-plugin:2.18.1:integration-test (default) @ owlapi-parsers ---
[INFO] 
[INFO] --- maven-failsafe-plugin:2.18.1:verify (default) @ owlapi-parsers ---
[INFO] Failsafe report directory: /home/travis/build/owlcs/owlapi/parsers/target/failsafe-reports
[INFO]                                                                         
[INFO] ------------------------------------------------------------------------
[INFO] Building oboformat parser 5.0.0-ALPHA-SNAPSHOT
[INFO] ------------------------------------------------------------------------
[INFO] 
[INFO] --- maven-enforcer-plugin:1.0:enforce (enforce-maven) @ owlapi-oboformat ---
[INFO] 
[INFO] --- maven-resources-plugin:2.6:resources (default-resources) @ owlapi-oboformat ---
[INFO] Using 'UTF-8' encoding to copy filtered resources.
[INFO] Copying 2 resources
[INFO] 
[INFO] --- maven-compiler-plugin:3.2:compile (default-compile) @ owlapi-oboformat ---
[INFO] Nothing to compile - all classes are up to date
[INFO] 
[INFO] --- maven-resources-plugin:2.6:testResources (default-testResources) @ owlapi-oboformat ---
[INFO] Using 'UTF-8' encoding to copy filtered resources.
[INFO] skip non existing resourceDirectory /home/travis/build/owlcs/owlapi/oboformat/src/test/resources
[INFO] 
[INFO] --- maven-compiler-plugin:3.2:testCompile (default-testCompile) @ owlapi-oboformat ---
[INFO] Nothing to compile - all classes are up to date
[INFO] 
[INFO] --- maven-surefire-plugin:2.18.1:test (default-test) @ owlapi-oboformat ---
[INFO] Surefire report directory: /home/travis/build/owlcs/owlapi/oboformat/target/surefire-reports

-------------------------------------------------------
 T E S T S
-------------------------------------------------------
Tests run: 1, Failures: 0, Errors: 0, Skipped: 0

[INFO] 
[INFO] --- maven-jar-plugin:2.4:jar (default-jar) @ owlapi-oboformat ---
[INFO] 
[INFO] >>> maven-source-plugin:2.2.1:jar (attach-sources) > generate-sources @ owlapi-oboformat >>>
[INFO] 
[INFO] --- maven-enforcer-plugin:1.0:enforce (enforce-maven) @ owlapi-oboformat ---
[INFO] 
[INFO] <<< maven-source-plugin:2.2.1:jar (attach-sources) < generate-sources @ owlapi-oboformat <<<
[INFO] 
[INFO] --- maven-source-plugin:2.2.1:jar (attach-sources) @ owlapi-oboformat ---
[INFO] Building jar: /home/travis/build/owlcs/owlapi/oboformat/target/owlapi-oboformat-5.0.0-ALPHA-SNAPSHOT-sources.jar
[INFO] 
[INFO] --- maven-javadoc-plugin:2.8.1:jar (attach-javadocs) @ owlapi-oboformat ---
[INFO] Skipping javadoc generation
[INFO] 
[INFO] --- maven-failsafe-plugin:2.18.1:integration-test (default) @ owlapi-oboformat ---
[INFO] 
[INFO] --- maven-failsafe-plugin:2.18.1:verify (default) @ owlapi-oboformat ---
[INFO] Failsafe report directory: /home/travis/build/owlcs/owlapi/oboformat/target/failsafe-reports
[INFO]                                                                         
[INFO] ------------------------------------------------------------------------
[INFO] Building OWLAPITOOLS OWL profile and fixers 5.0.0-ALPHA-SNAPSHOT
[INFO] ------------------------------------------------------------------------
[INFO] 
[INFO] --- maven-enforcer-plugin:1.0:enforce (enforce-maven) @ owlapi-fixers ---
[INFO] 
[INFO] --- maven-resources-plugin:2.6:resources (default-resources) @ owlapi-fixers ---
[INFO] Using 'UTF-8' encoding to copy filtered resources.
[INFO] skip non existing resourceDirectory /home/travis/build/owlcs/owlapi/fixers/src/main/resources
[INFO] 
[INFO] --- maven-compiler-plugin:3.2:compile (default-compile) @ owlapi-fixers ---
[INFO] Nothing to compile - all classes are up to date
[INFO] 
[INFO] --- maven-resources-plugin:2.6:testResources (default-testResources) @ owlapi-fixers ---
[INFO] Using 'UTF-8' encoding to copy filtered resources.
[INFO] skip non existing resourceDirectory /home/travis/build/owlcs/owlapi/fixers/src/test/resources
[INFO] 
[INFO] --- maven-compiler-plugin:3.2:testCompile (default-testCompile) @ owlapi-fixers ---
[INFO] Nothing to compile - all classes are up to date
[INFO] 
[INFO] --- maven-surefire-plugin:2.18.1:test (default-test) @ owlapi-fixers ---
[INFO] Surefire report directory: /home/travis/build/owlcs/owlapi/fixers/target/surefire-reports

-------------------------------------------------------
 T E S T S
-------------------------------------------------------
Tests run: 220, Failures: 0, Errors: 0, Skipped: 0

[INFO] 
[INFO] --- maven-jar-plugin:2.4:jar (default-jar) @ owlapi-fixers ---
[INFO] 
[INFO] >>> maven-source-plugin:2.2.1:jar (attach-sources) > generate-sources @ owlapi-fixers >>>
[INFO] 
[INFO] --- maven-enforcer-plugin:1.0:enforce (enforce-maven) @ owlapi-fixers ---
[INFO] 
[INFO] <<< maven-source-plugin:2.2.1:jar (attach-sources) < generate-sources @ owlapi-fixers <<<
[INFO] 
[INFO] --- maven-source-plugin:2.2.1:jar (attach-sources) @ owlapi-fixers ---
[INFO] Building jar: /home/travis/build/owlcs/owlapi/fixers/target/owlapi-fixers-5.0.0-ALPHA-SNAPSHOT-sources.jar
[INFO] 
[INFO] --- maven-javadoc-plugin:2.8.1:jar (attach-javadocs) @ owlapi-fixers ---
[INFO] Skipping javadoc generation
[INFO] 
[INFO] --- maven-failsafe-plugin:2.18.1:integration-test (default) @ owlapi-fixers ---
[INFO] 
[INFO] --- maven-failsafe-plugin:2.18.1:verify (default) @ owlapi-fixers ---
[INFO] Failsafe report directory: /home/travis/build/owlcs/owlapi/fixers/target/failsafe-reports
[INFO]                                                                         
[INFO] ------------------------------------------------------------------------
[INFO] Building OWLAPI :: Sesame Rio module 5.0.0-ALPHA-SNAPSHOT
[INFO] ------------------------------------------------------------------------
[INFO] 
[INFO] --- maven-enforcer-plugin:1.0:enforce (enforce-maven) @ owlapi-rio ---
[INFO] 
[INFO] --- maven-resources-plugin:2.6:resources (default-resources) @ owlapi-rio ---
[INFO] Using 'UTF-8' encoding to copy filtered resources.
[INFO] Copying 4 resources
[INFO] 
[INFO] --- maven-compiler-plugin:3.2:compile (default-compile) @ owlapi-rio ---
[INFO] Nothing to compile - all classes are up to date
[INFO] 
[INFO] --- maven-resources-plugin:2.6:testResources (default-testResources) @ owlapi-rio ---
[INFO] Using 'UTF-8' encoding to copy filtered resources.
[INFO] skip non existing resourceDirectory /home/travis/build/owlcs/owlapi/rio/src/test/resources
[INFO] 
[INFO] --- maven-compiler-plugin:3.2:testCompile (default-testCompile) @ owlapi-rio ---
[INFO] No sources to compile
[INFO] 
[INFO] --- maven-surefire-plugin:2.18.1:test (default-test) @ owlapi-rio ---
[INFO] No tests to run.
[INFO] 
[INFO] --- maven-jar-plugin:2.4:jar (default-jar) @ owlapi-rio ---
[INFO] 
[INFO] >>> maven-source-plugin:2.2.1:jar (attach-sources) > generate-sources @ owlapi-rio >>>
[INFO] 
[INFO] --- maven-enforcer-plugin:1.0:enforce (enforce-maven) @ owlapi-rio ---
[INFO] 
[INFO] <<< maven-source-plugin:2.2.1:jar (attach-sources) < generate-sources @ owlapi-rio <<<
[INFO] 
[INFO] --- maven-source-plugin:2.2.1:jar (attach-sources) @ owlapi-rio ---
[INFO] Building jar: /home/travis/build/owlcs/owlapi/rio/target/owlapi-rio-5.0.0-ALPHA-SNAPSHOT-sources.jar
[INFO] 
[INFO] --- maven-javadoc-plugin:2.8.1:jar (attach-javadocs) @ owlapi-rio ---
[INFO] Skipping javadoc generation
[INFO] 
[INFO] --- maven-failsafe-plugin:2.18.1:integration-test (default) @ owlapi-rio ---
[INFO] No tests to run.
[INFO] 
[INFO] --- maven-failsafe-plugin:2.18.1:verify (default) @ owlapi-rio ---
[INFO] No tests to run.
[INFO]                                                                         
[INFO] ------------------------------------------------------------------------
[INFO] Building OWLAPI Binding and Config 5.0.0-ALPHA-SNAPSHOT
[INFO] ------------------------------------------------------------------------
[INFO] 
[INFO] --- maven-enforcer-plugin:1.0:enforce (enforce-maven) @ owlapi-apibinding ---
[INFO] 
[INFO] --- maven-resources-plugin:2.6:resources (default-resources) @ owlapi-apibinding ---
[INFO] Using 'UTF-8' encoding to copy filtered resources.
[INFO] Copying 1 resource
[INFO] 
[INFO] --- maven-compiler-plugin:3.2:compile (default-compile) @ owlapi-apibinding ---
[INFO] Nothing to compile - all classes are up to date
[INFO] 
[INFO] --- maven-resources-plugin:2.6:testResources (default-testResources) @ owlapi-apibinding ---
[INFO] Using 'UTF-8' encoding to copy filtered resources.
[INFO] skip non existing resourceDirectory /home/travis/build/owlcs/owlapi/apibinding/src/test/resources
[INFO] 
[INFO] --- maven-compiler-plugin:3.2:testCompile (default-testCompile) @ owlapi-apibinding ---
[INFO] No sources to compile
[INFO] 
[INFO] --- maven-surefire-plugin:2.18.1:test (default-test) @ owlapi-apibinding ---
[INFO] No tests to run.
[INFO] 
[INFO] --- maven-jar-plugin:2.4:jar (default-jar) @ owlapi-apibinding ---
[INFO] 
[INFO] >>> maven-source-plugin:2.2.1:jar (attach-sources) > generate-sources @ owlapi-apibinding >>>
[INFO] 
[INFO] --- maven-enforcer-plugin:1.0:enforce (enforce-maven) @ owlapi-apibinding ---
[INFO] 
[INFO] <<< maven-source-plugin:2.2.1:jar (attach-sources) < generate-sources @ owlapi-apibinding <<<
[INFO] 
[INFO] --- maven-source-plugin:2.2.1:jar (attach-sources) @ owlapi-apibinding ---
[INFO] Building jar: /home/travis/build/owlcs/owlapi/apibinding/target/owlapi-apibinding-5.0.0-ALPHA-SNAPSHOT-sources.jar
[INFO] 
[INFO] --- maven-javadoc-plugin:2.8.1:jar (attach-javadocs) @ owlapi-apibinding ---
[INFO] Skipping javadoc generation
[INFO] 
[INFO] --- maven-failsafe-plugin:2.18.1:integration-test (default) @ owlapi-apibinding ---
[INFO] No tests to run.
[INFO] 
[INFO] --- maven-failsafe-plugin:2.18.1:verify (default) @ owlapi-apibinding ---
[INFO] No tests to run.
[INFO]                                                                         
[INFO] ------------------------------------------------------------------------
[INFO] Building compatibility 5.0.0-ALPHA-SNAPSHOT
[INFO] ------------------------------------------------------------------------
[INFO] 
[INFO] --- maven-enforcer-plugin:1.0:enforce (enforce-maven) @ owlapi-compatibility ---
[INFO] 
[INFO] --- maven-resources-plugin:2.6:resources (default-resources) @ owlapi-compatibility ---
[INFO] Using 'UTF-8' encoding to copy filtered resources.
[INFO] Copying 1 resource
[INFO] 
[INFO] --- maven-compiler-plugin:3.2:compile (default-compile) @ owlapi-compatibility ---
[INFO] Nothing to compile - all classes are up to date
[INFO] 
[INFO] --- maven-resources-plugin:2.6:testResources (default-testResources) @ owlapi-compatibility ---
[INFO] Using 'UTF-8' encoding to copy filtered resources.
[INFO] skip non existing resourceDirectory /home/travis/build/owlcs/owlapi/compatibility/src/test/resources
[INFO] 
[INFO] --- maven-compiler-plugin:3.2:testCompile (default-testCompile) @ owlapi-compatibility ---
[INFO] No sources to compile
[INFO] 
[INFO] --- maven-surefire-plugin:2.18.1:test (default-test) @ owlapi-compatibility ---
[INFO] No tests to run.
[INFO] 
[INFO] --- maven-jar-plugin:2.4:jar (default-jar) @ owlapi-compatibility ---
[INFO] 
[INFO] >>> maven-source-plugin:2.2.1:jar (attach-sources) > generate-sources @ owlapi-compatibility >>>
[INFO] 
[INFO] --- maven-enforcer-plugin:1.0:enforce (enforce-maven) @ owlapi-compatibility ---
[INFO] 
[INFO] <<< maven-source-plugin:2.2.1:jar (attach-sources) < generate-sources @ owlapi-compatibility <<<
[INFO] 
[INFO] --- maven-source-plugin:2.2.1:jar (attach-sources) @ owlapi-compatibility ---
[INFO] Building jar: /home/travis/build/owlcs/owlapi/compatibility/target/owlapi-compatibility-5.0.0-ALPHA-SNAPSHOT-sources.jar
[INFO] 
[INFO] --- maven-javadoc-plugin:2.8.1:jar (attach-javadocs) @ owlapi-compatibility ---
[INFO] Skipping javadoc generation
[INFO] 
[INFO] --- maven-failsafe-plugin:2.18.1:integration-test (default) @ owlapi-compatibility ---
[INFO] No tests to run.
[INFO] 
[INFO] --- maven-failsafe-plugin:2.18.1:verify (default) @ owlapi-compatibility ---
[INFO] No tests to run.
[INFO]                                                                         
[INFO] ------------------------------------------------------------------------
[INFO] Building tests and tutorials 5.0.0-ALPHA-SNAPSHOT
[INFO] ------------------------------------------------------------------------
[INFO] 
[INFO] --- maven-enforcer-plugin:1.0:enforce (enforce-maven) @ owlapi-contract ---
[INFO] 
[INFO] --- maven-resources-plugin:2.6:resources (default-resources) @ owlapi-contract ---
[INFO] Using 'UTF-8' encoding to copy filtered resources.
[INFO] skip non existing resourceDirectory /home/travis/build/owlcs/owlapi/contract/src/main/resources
[INFO] 
[INFO] --- maven-compiler-plugin:3.2:compile (default-compile) @ owlapi-contract ---
[INFO] Changes detected - recompiling the module!
[INFO] Compiling 9 source files to /home/travis/build/owlcs/owlapi/contract/target/classes
[INFO] 
[INFO] --- maven-resources-plugin:2.6:testResources (default-testResources) @ owlapi-contract ---
[INFO] Using 'UTF-8' encoding to copy filtered resources.
[INFO] Copying 168 resources
[INFO] 
[INFO] --- maven-compiler-plugin:3.2:testCompile (default-testCompile) @ owlapi-contract ---
[INFO] Nothing to compile - all classes are up to date
[INFO] 
[INFO] --- maven-surefire-plugin:2.18.1:test (default-test) @ owlapi-contract ---
[INFO] Surefire report directory: /home/travis/build/owlcs/owlapi/contract/target/surefire-reports

-------------------------------------------------------
 T E S T S
-------------------------------------------------------
PunRunner started
PunRunner started
2015-11-29 17:11:23:700 +0000 [Time-limited test] ERROR uk.ac.manchester.cs.owl.owlapi.OWLOntologyManagerImpl - OWLOntologyManagerImpl.checkForOntologyIDChange() existing:Ontology(OntologyID(OntologyIRI(<http://www.semanticweb.org/ontologies/ontologyA>) VersionIRI(<null>))) [Axioms: 1 Logical Axioms: 0] First 20 axioms: {Declaration(Class(<urn:test:testclass>)) }
2015-11-29 17:11:23:701 +0000 [Time-limited test] ERROR uk.ac.manchester.cs.owl.owlapi.OWLOntologyManagerImpl - OWLOntologyManagerImpl.checkForOntologyIDChange() new:Ontology(OntologyID(OntologyIRI(<http://www.semanticweb.org/ontologies/ontologyB>) VersionIRI(<null>))) [Axioms: 0 Logical Axioms: 0] First 20 axioms: {}
2015-11-29 17:11:24:125 +0000 [Time-limited test] ERROR uk.ac.manchester.cs.owl.owlapi.OWLOntologyManagerImpl - OWLOntologyManagerImpl.checkForOntologyIDChange() existing:Ontology(OntologyID(OntologyIRI(<http://www.semanticweb.org/ontologies/ontologyA>) VersionIRI(<null>))) [Axioms: 1 Logical Axioms: 0] First 20 axioms: {Declaration(Class(<http://www.semanticweb.org/ontologies/ontologyA#A>)) }
2015-11-29 17:11:24:125 +0000 [Time-limited test] ERROR uk.ac.manchester.cs.owl.owlapi.OWLOntologyManagerImpl - OWLOntologyManagerImpl.checkForOntologyIDChange() new:Ontology(OntologyID(Anonymous-9455)) [Axioms: 0 Logical Axioms: 0] First 20 axioms: {}
roundtrip fail: KRSS2 Syntax AnnotationAssertion(Annotation(<urn:test#ann> "test"^^xsd:string) <urn:test#ann> <urn:test#iri> "false"^^xsd:boolean)
roundtrip fail: KRSS Syntax AnnotationAssertion(Annotation(<urn:test#ann> "test"^^xsd:string) <urn:test#ann> <urn:test#iri> "false"^^xsd:boolean)
parse fail: DL Syntax Format AnnotationAssertion(Annotation(<urn:test#ann> "test"^^xsd:string) <urn:test#ann> <urn:test#iri> "false"^^xsd:boolean)
roundtrip fail: Manchester OWL Syntax AnnotationAssertion(Annotation(<urn:test#ann> "test"^^xsd:string) <urn:test#ann> <urn:test#iri> "false"^^xsd:boolean)
roundtrip fail: KRSS2 Syntax AsymmetricObjectProperty(Annotation(<urn:test#ann> "test"^^xsd:string) <urn:test#op>)
parse fail: KRSS Syntax AsymmetricObjectProperty(Annotation(<urn:test#ann> "test"^^xsd:string) <urn:test#op>)
parse fail: DL Syntax Format AsymmetricObjectProperty(Annotation(<urn:test#ann> "test"^^xsd:string) <urn:test#op>)
roundtrip fail: KRSS2 Syntax AnnotationPropertyDomain(<urn:test#ann> <urn:test#iri>)
roundtrip fail: KRSS Syntax AnnotationPropertyDomain(<urn:test#ann> <urn:test#iri>)
parse fail: DL Syntax Format AnnotationPropertyDomain(<urn:test#ann> <urn:test#iri>)
roundtrip fail: KRSS2 Syntax AnnotationPropertyRange(<urn:test#ann> <urn:test#iri>)
roundtrip fail: KRSS Syntax AnnotationPropertyRange(<urn:test#ann> <urn:test#iri>)
parse fail: DL Syntax Format AnnotationPropertyRange(<urn:test#ann> <urn:test#iri>)
roundtrip fail: KRSS2 Syntax ClassAssertion(Annotation(<urn:test#ann> "test"^^xsd:string) <urn:test#c> <urn:test#i>)
parse fail: KRSS Syntax ClassAssertion(Annotation(<urn:test#ann> "test"^^xsd:string) <urn:test#c> <urn:test#i>)
parse fail: DL Syntax Format ClassAssertion(Annotation(<urn:test#ann> "test"^^xsd:string) <urn:test#c> <urn:test#i>)
roundtrip fail: KRSS2 Syntax ClassAssertion(Annotation(<urn:test#ann> "test"^^xsd:string) ObjectIntersectionOf(<urn:test#c> <urn:test#iri>) <urn:test#i>)
parse fail: KRSS Syntax ClassAssertion(Annotation(<urn:test#ann> "test"^^xsd:string) ObjectIntersectionOf(<urn:test#c> <urn:test#iri>) <urn:test#i>)
parse fail: DL Syntax Format ClassAssertion(Annotation(<urn:test#ann> "test"^^xsd:string) ObjectIntersectionOf(<urn:test#c> <urn:test#iri>) <urn:test#i>)
roundtrip fail: KRSS2 Syntax ClassAssertion(Annotation(<urn:test#ann> "test"^^xsd:string) ObjectUnionOf(<urn:test#c> <urn:test#iri>) <urn:test#i>)
parse fail: KRSS Syntax ClassAssertion(Annotation(<urn:test#ann> "test"^^xsd:string) ObjectUnionOf(<urn:test#c> <urn:test#iri>) <urn:test#i>)
parse fail: DL Syntax Format ClassAssertion(Annotation(<urn:test#ann> "test"^^xsd:string) ObjectUnionOf(<urn:test#c> <urn:test#iri>) <urn:test#i>)
roundtrip fail: KRSS2 Syntax DataPropertyRange(Annotation(<urn:test#ann> "test"^^xsd:string) <urn:test#dp> DataIntersectionOf(<urn:test#datatype> DataOneOf("false"^^xsd:boolean ) ))
roundtrip fail: KRSS Syntax DataPropertyRange(Annotation(<urn:test#ann> "test"^^xsd:string) <urn:test#dp> DataIntersectionOf(<urn:test#datatype> DataOneOf("false"^^xsd:boolean ) ))
roundtrip fail: DL Syntax Format DataPropertyRange(Annotation(<urn:test#ann> "test"^^xsd:string) <urn:test#dp> DataIntersectionOf(<urn:test#datatype> DataOneOf("false"^^xsd:boolean ) ))
roundtrip fail: KRSS2 Syntax DataPropertyRange(Annotation(<urn:test#ann> "test"^^xsd:string) <urn:test#dp> DataUnionOf(<urn:test#datatype> DataOneOf("false"^^xsd:boolean ) ))
roundtrip fail: KRSS Syntax DataPropertyRange(Annotation(<urn:test#ann> "test"^^xsd:string) <urn:test#dp> DataUnionOf(<urn:test#datatype> DataOneOf("false"^^xsd:boolean ) ))
roundtrip fail: DL Syntax Format DataPropertyRange(Annotation(<urn:test#ann> "test"^^xsd:string) <urn:test#dp> DataUnionOf(<urn:test#datatype> DataOneOf("false"^^xsd:boolean ) ))
roundtrip fail: KRSS2 Syntax ClassAssertion(Annotation(<urn:test#ann> "test"^^xsd:string) ObjectComplementOf(<urn:test#c>) <urn:test#i>)
parse fail: KRSS Syntax ClassAssertion(Annotation(<urn:test#ann> "test"^^xsd:string) ObjectComplementOf(<urn:test#c>) <urn:test#i>)
parse fail: DL Syntax Format ClassAssertion(Annotation(<urn:test#ann> "test"^^xsd:string) ObjectComplementOf(<urn:test#c>) <urn:test#i>)
roundtrip fail: KRSS2 Syntax ClassAssertion(Annotation(<urn:test#ann> "test"^^xsd:string) ObjectComplementOf(<urn:test#c>) _:id)
parse fail: KRSS Syntax ClassAssertion(Annotation(<urn:test#ann> "test"^^xsd:string) ObjectComplementOf(<urn:test#c>) _:id)
parse fail: DL Syntax Format ClassAssertion(Annotation(<urn:test#ann> "test"^^xsd:string) ObjectComplementOf(<urn:test#c>) _:id)
roundtrip fail: KRSS2 Syntax ClassAssertion(Annotation(<urn:test#ann> "test"^^xsd:string) ObjectSomeValuesFrom(<urn:test#op> <urn:test#c>) <urn:test#i>)
parse fail: KRSS Syntax ClassAssertion(Annotation(<urn:test#ann> "test"^^xsd:string) ObjectSomeValuesFrom(<urn:test#op> <urn:test#c>) <urn:test#i>)
parse fail: DL Syntax Format ClassAssertion(Annotation(<urn:test#ann> "test"^^xsd:string) ObjectSomeValuesFrom(<urn:test#op> <urn:test#c>) <urn:test#i>)
roundtrip fail: KRSS2 Syntax ClassAssertion(Annotation(<urn:test#ann> "test"^^xsd:string) ObjectAllValuesFrom(<urn:test#op> <urn:test#c>) <urn:test#i>)
parse fail: KRSS Syntax ClassAssertion(Annotation(<urn:test#ann> "test"^^xsd:string) ObjectAllValuesFrom(<urn:test#op> <urn:test#c>) <urn:test#i>)
parse fail: DL Syntax Format ClassAssertion(Annotation(<urn:test#ann> "test"^^xsd:string) ObjectAllValuesFrom(<urn:test#op> <urn:test#c>) <urn:test#i>)
roundtrip fail: KRSS2 Syntax ClassAssertion(Annotation(<urn:test#ann> "test"^^xsd:string) ObjectHasValue(<urn:test#op> <urn:test#i>) <urn:test#i>)
parse fail: KRSS Syntax ClassAssertion(Annotation(<urn:test#ann> "test"^^xsd:string) ObjectHasValue(<urn:test#op> <urn:test#i>) <urn:test#i>)
parse fail: DL Syntax Format ClassAssertion(Annotation(<urn:test#ann> "test"^^xsd:string) ObjectHasValue(<urn:test#op> <urn:test#i>) <urn:test#i>)
roundtrip fail: KRSS2 Syntax ClassAssertion(Annotation(<urn:test#ann> "test"^^xsd:string) ObjectMinCardinality(1 <urn:test#op> <urn:test#c>) <urn:test#i>)
parse fail: KRSS Syntax ClassAssertion(Annotation(<urn:test#ann> "test"^^xsd:string) ObjectMinCardinality(1 <urn:test#op> <urn:test#c>) <urn:test#i>)
parse fail: DL Syntax Format ClassAssertion(Annotation(<urn:test#ann> "test"^^xsd:string) ObjectMinCardinality(1 <urn:test#op> <urn:test#c>) <urn:test#i>)
roundtrip fail: KRSS2 Syntax ClassAssertion(Annotation(<urn:test#ann> "test"^^xsd:string) ObjectMaxCardinality(1 <urn:test#op> <urn:test#c>) <urn:test#i>)
parse fail: KRSS Syntax ClassAssertion(Annotation(<urn:test#ann> "test"^^xsd:string) ObjectMaxCardinality(1 <urn:test#op> <urn:test#c>) <urn:test#i>)
parse fail: DL Syntax Format ClassAssertion(Annotation(<urn:test#ann> "test"^^xsd:string) ObjectMaxCardinality(1 <urn:test#op> <urn:test#c>) <urn:test#i>)
roundtrip fail: KRSS2 Syntax ClassAssertion(Annotation(<urn:test#ann> "test"^^xsd:string) ObjectExactCardinality(1 <urn:test#op> <urn:test#c>) <urn:test#i>)
parse fail: KRSS Syntax ClassAssertion(Annotation(<urn:test#ann> "test"^^xsd:string) ObjectExactCardinality(1 <urn:test#op> <urn:test#c>) <urn:test#i>)
parse fail: DL Syntax Format ClassAssertion(Annotation(<urn:test#ann> "test"^^xsd:string) ObjectExactCardinality(1 <urn:test#op> <urn:test#c>) <urn:test#i>)
roundtrip fail: KRSS2 Syntax ClassAssertion(Annotation(<urn:test#ann> "test"^^xsd:string) ObjectHasSelf(<urn:test#op>) <urn:test#i>)
parse fail: KRSS Syntax ClassAssertion(Annotation(<urn:test#ann> "test"^^xsd:string) ObjectHasSelf(<urn:test#op>) <urn:test#i>)
parse fail: DL Syntax Format ClassAssertion(Annotation(<urn:test#ann> "test"^^xsd:string) ObjectHasSelf(<urn:test#op>) <urn:test#i>)
roundtrip fail: KRSS2 Syntax ClassAssertion(Annotation(<urn:test#ann> "test"^^xsd:string) ObjectOneOf(<urn:test#i>) <urn:test#i>)
parse fail: KRSS Syntax ClassAssertion(Annotation(<urn:test#ann> "test"^^xsd:string) ObjectOneOf(<urn:test#i>) <urn:test#i>)
parse fail: DL Syntax Format ClassAssertion(Annotation(<urn:test#ann> "test"^^xsd:string) ObjectOneOf(<urn:test#i>) <urn:test#i>)
roundtrip fail: KRSS2 Syntax ClassAssertion(Annotation(<urn:test#ann> "test"^^xsd:string) DataSomeValuesFrom(<urn:test#dp> <urn:test#datatype>) <urn:test#i>)
parse fail: KRSS Syntax ClassAssertion(Annotation(<urn:test#ann> "test"^^xsd:string) DataSomeValuesFrom(<urn:test#dp> <urn:test#datatype>) <urn:test#i>)
parse fail: DL Syntax Format ClassAssertion(Annotation(<urn:test#ann> "test"^^xsd:string) DataSomeValuesFrom(<urn:test#dp> <urn:test#datatype>) <urn:test#i>)
roundtrip fail: KRSS2 Syntax ClassAssertion(Annotation(<urn:test#ann> "test"^^xsd:string) DataAllValuesFrom(<urn:test#dp> <urn:test#datatype>) <urn:test#i>)
parse fail: KRSS Syntax ClassAssertion(Annotation(<urn:test#ann> "test"^^xsd:string) DataAllValuesFrom(<urn:test#dp> <urn:test#datatype>) <urn:test#i>)
parse fail: DL Syntax Format ClassAssertion(Annotation(<urn:test#ann> "test"^^xsd:string) DataAllValuesFrom(<urn:test#dp> <urn:test#datatype>) <urn:test#i>)
roundtrip fail: KRSS2 Syntax ClassAssertion(Annotation(<urn:test#ann> "test"^^xsd:string) DataHasValue(<urn:test#dp> "false"^^xsd:boolean) <urn:test#i>)
parse fail: KRSS Syntax ClassAssertion(Annotation(<urn:test#ann> "test"^^xsd:string) DataHasValue(<urn:test#dp> "false"^^xsd:boolean) <urn:test#i>)
parse fail: DL Syntax Format ClassAssertion(Annotation(<urn:test#ann> "test"^^xsd:string) DataHasValue(<urn:test#dp> "false"^^xsd:boolean) <urn:test#i>)
roundtrip fail: KRSS2 Syntax ClassAssertion(Annotation(<urn:test#ann> "test"^^xsd:string) DataMinCardinality(1 <urn:test#dp> <urn:test#datatype>) <urn:test#i>)
parse fail: KRSS Syntax ClassAssertion(Annotation(<urn:test#ann> "test"^^xsd:string) DataMinCardinality(1 <urn:test#dp> <urn:test#datatype>) <urn:test#i>)
parse fail: DL Syntax Format ClassAssertion(Annotation(<urn:test#ann> "test"^^xsd:string) DataMinCardinality(1 <urn:test#dp> <urn:test#datatype>) <urn:test#i>)
roundtrip fail: KRSS2 Syntax ClassAssertion(Annotation(<urn:test#ann> "test"^^xsd:string) DataMaxCardinality(1 <urn:test#dp> <urn:test#datatype>) <urn:test#i>)
parse fail: KRSS Syntax ClassAssertion(Annotation(<urn:test#ann> "test"^^xsd:string) DataMaxCardinality(1 <urn:test#dp> <urn:test#datatype>) <urn:test#i>)
parse fail: DL Syntax Format ClassAssertion(Annotation(<urn:test#ann> "test"^^xsd:string) DataMaxCardinality(1 <urn:test#dp> <urn:test#datatype>) <urn:test#i>)
roundtrip fail: KRSS2 Syntax ClassAssertion(Annotation(<urn:test#ann> "test"^^xsd:string) DataExactCardinality(1 <urn:test#dp> <urn:test#datatype>) <urn:test#i>)
parse fail: KRSS Syntax ClassAssertion(Annotation(<urn:test#ann> "test"^^xsd:string) DataExactCardinality(1 <urn:test#dp> <urn:test#datatype>) <urn:test#i>)
parse fail: DL Syntax Format ClassAssertion(Annotation(<urn:test#ann> "test"^^xsd:string) DataExactCardinality(1 <urn:test#dp> <urn:test#datatype>) <urn:test#i>)
roundtrip fail: KRSS2 Syntax DataPropertyRange(Annotation(<urn:test#ann> "test"^^xsd:string) <urn:test#dp> DataOneOf("false"^^xsd:boolean ))
roundtrip fail: KRSS Syntax DataPropertyRange(Annotation(<urn:test#ann> "test"^^xsd:string) <urn:test#dp> DataOneOf("false"^^xsd:boolean ))
roundtrip fail: DL Syntax Format DataPropertyRange(Annotation(<urn:test#ann> "test"^^xsd:string) <urn:test#dp> DataOneOf("false"^^xsd:boolean ))
roundtrip fail: KRSS2 Syntax DataPropertyRange(Annotation(<urn:test#ann> "test"^^xsd:string) <urn:test#dp> DataComplementOf(DataOneOf("false"^^xsd:boolean )))
roundtrip fail: KRSS Syntax DataPropertyRange(Annotation(<urn:test#ann> "test"^^xsd:string) <urn:test#dp> DataComplementOf(DataOneOf("false"^^xsd:boolean )))
roundtrip fail: DL Syntax Format DataPropertyRange(Annotation(<urn:test#ann> "test"^^xsd:string) <urn:test#dp> DataComplementOf(DataOneOf("false"^^xsd:boolean )))
roundtrip fail: KRSS2 Syntax DataPropertyRange(Annotation(<urn:test#ann> "test"^^xsd:string) <urn:test#dp> DataRangeRestriction(xsd:double facetRestriction(minExclusive "5.0"^^xsd:double) facetRestriction(maxExclusive "6.0"^^xsd:double)))
roundtrip fail: KRSS Syntax DataPropertyRange(Annotation(<urn:test#ann> "test"^^xsd:string) <urn:test#dp> DataRangeRestriction(xsd:double facetRestriction(minExclusive "5.0"^^xsd:double) facetRestriction(maxExclusive "6.0"^^xsd:double)))
parse fail: DL Syntax Format DataPropertyRange(Annotation(<urn:test#ann> "test"^^xsd:string) <urn:test#dp> DataRangeRestriction(xsd:double facetRestriction(minExclusive "5.0"^^xsd:double) facetRestriction(maxExclusive "6.0"^^xsd:double)))
roundtrip fail: KRSS2 Syntax DataPropertyAssertion(Annotation(<urn:test#ann> "test"^^xsd:string) <urn:test#dp> <urn:test#i> "false"^^xsd:boolean)
roundtrip fail: KRSS Syntax DataPropertyAssertion(Annotation(<urn:test#ann> "test"^^xsd:string) <urn:test#dp> <urn:test#i> "false"^^xsd:boolean)
parse fail: DL Syntax Format DataPropertyAssertion(Annotation(<urn:test#ann> "test"^^xsd:string) <urn:test#dp> <urn:test#i> "false"^^xsd:boolean)
roundtrip fail: KRSS2 Syntax DataPropertyAssertion(Annotation(<urn:test#ann> "test"^^xsd:string) <urn:test#dp> <urn:test#i> "string"@en)
roundtrip fail: KRSS Syntax DataPropertyAssertion(Annotation(<urn:test#ann> "test"^^xsd:string) <urn:test#dp> <urn:test#i> "string"@en)
parse fail: DL Syntax Format DataPropertyAssertion(Annotation(<urn:test#ann> "test"^^xsd:string) <urn:test#dp> <urn:test#i> "string"@en)
roundtrip fail: KRSS2 Syntax DataPropertyDomain(Annotation(<urn:test#ann> "test"^^xsd:string) <urn:test#dp> <urn:test#c>)
parse fail: KRSS Syntax DataPropertyDomain(Annotation(<urn:test#ann> "test"^^xsd:string) <urn:test#dp> <urn:test#c>)
parse fail: DL Syntax Format DataPropertyDomain(Annotation(<urn:test#ann> "test"^^xsd:string) <urn:test#dp> <urn:test#c>)
roundtrip fail: KRSS2 Syntax DataPropertyRange(Annotation(<urn:test#ann> "test"^^xsd:string) <urn:test#dp> <urn:test#datatype>)
roundtrip fail: KRSS Syntax DataPropertyRange(Annotation(<urn:test#ann> "test"^^xsd:string) <urn:test#dp> <urn:test#datatype>)
roundtrip fail: DL Syntax Format DataPropertyRange(Annotation(<urn:test#ann> "test"^^xsd:string) <urn:test#dp> <urn:test#datatype>)
roundtrip fail: KRSS2 Syntax DatatypeDefinition(Annotation(<urn:test#ann> "test"^^xsd:string) <urn:test#datatype> xsd:double)
roundtrip fail: KRSS Syntax DatatypeDefinition(Annotation(<urn:test#ann> "test"^^xsd:string) <urn:test#datatype> xsd:double)
parse fail: DL Syntax Format DatatypeDefinition(Annotation(<urn:test#ann> "test"^^xsd:string) <urn:test#datatype> xsd:double)
roundtrip fail: KRSS2 Syntax Declaration(Annotation(<urn:test#ann> "test"^^xsd:string) Class(<urn:test#c>))
parse fail: KRSS Syntax Declaration(Annotation(<urn:test#ann> "test"^^xsd:string) Class(<urn:test#c>))
parse fail: DL Syntax Format Declaration(Annotation(<urn:test#ann> "test"^^xsd:string) Class(<urn:test#c>))
parse fail: KRSS Syntax Declaration(Annotation(<urn:test#ann> "test"^^xsd:string) ObjectProperty(<urn:test#op>))
parse fail: DL Syntax Format Declaration(Annotation(<urn:test#ann> "test"^^xsd:string) ObjectProperty(<urn:test#op>))
roundtrip fail: KRSS2 Syntax Declaration(Annotation(<urn:test#ann> "test"^^xsd:string) DataProperty(<urn:test#dp>))
roundtrip fail: KRSS Syntax Declaration(Annotation(<urn:test#ann> "test"^^xsd:string) DataProperty(<urn:test#dp>))
parse fail: DL Syntax Format Declaration(Annotation(<urn:test#ann> "test"^^xsd:string) DataProperty(<urn:test#dp>))
roundtrip fail: KRSS2 Syntax Declaration(Annotation(<urn:test#ann> "test"^^xsd:string) Datatype(<urn:test#datatype>))
roundtrip fail: KRSS Syntax Declaration(Annotation(<urn:test#ann> "test"^^xsd:string) Datatype(<urn:test#datatype>))
parse fail: DL Syntax Format Declaration(Annotation(<urn:test#ann> "test"^^xsd:string) Datatype(<urn:test#datatype>))
roundtrip fail: KRSS2 Syntax Declaration(Annotation(<urn:test#ann> "test"^^xsd:string) AnnotationProperty(<urn:test#ann>))
roundtrip fail: KRSS Syntax Declaration(Annotation(<urn:test#ann> "test"^^xsd:string) AnnotationProperty(<urn:test#ann>))
parse fail: DL Syntax Format Declaration(Annotation(<urn:test#ann> "test"^^xsd:string) AnnotationProperty(<urn:test#ann>))
roundtrip fail: KRSS2 Syntax Declaration(Annotation(<urn:test#ann> "test"^^xsd:string) NamedIndividual(<urn:test#i>))
roundtrip fail: KRSS Syntax Declaration(Annotation(<urn:test#ann> "test"^^xsd:string) NamedIndividual(<urn:test#i>))
parse fail: DL Syntax Format Declaration(Annotation(<urn:test#ann> "test"^^xsd:string) NamedIndividual(<urn:test#i>))
roundtrip fail: KRSS2 Syntax DifferentIndividuals(<urn:test#i> <urn:test#iri> )
parse fail: KRSS Syntax DifferentIndividuals(<urn:test#i> <urn:test#iri> )
roundtrip fail: DL Syntax Format DifferentIndividuals(<urn:test#i> <urn:test#iri> )
roundtrip fail: KRSS2 Syntax DisjointClasses(<urn:test#c> <urn:test#iri>)
parse fail: KRSS Syntax DisjointClasses(<urn:test#c> <urn:test#iri>)
parse fail: DL Syntax Format DisjointClasses(<urn:test#c> <urn:test#iri>)
roundtrip fail: KRSS2 Syntax DisjointDataProperties(Annotation(<urn:test#ann> "test"^^xsd:string) <urn:test#dp> <urn:test#iri> )
roundtrip fail: KRSS Syntax DisjointDataProperties(Annotation(<urn:test#ann> "test"^^xsd:string) <urn:test#dp> <urn:test#iri> )
parse fail: DL Syntax Format DisjointDataProperties(Annotation(<urn:test#ann> "test"^^xsd:string) <urn:test#dp> <urn:test#iri> )
roundtrip fail: KRSS2 Syntax DisjointObjectProperties(Annotation(<urn:test#ann> "test"^^xsd:string) <urn:test#iri> <urn:test#op> )
parse fail: KRSS Syntax DisjointObjectProperties(Annotation(<urn:test#ann> "test"^^xsd:string) <urn:test#iri> <urn:test#op> )
parse fail: DL Syntax Format DisjointObjectProperties(Annotation(<urn:test#ann> "test"^^xsd:string) <urn:test#iri> <urn:test#op> )
roundtrip fail: KRSS2 Syntax DisjointUnion(Annotation(<urn:test#ann> "test"^^xsd:string) <urn:test#c> <urn:test#c> <urn:test#iri> )
parse fail: KRSS Syntax DisjointUnion(Annotation(<urn:test#ann> "test"^^xsd:string) <urn:test#c> <urn:test#c> <urn:test#iri> )
parse fail: DL Syntax Format DisjointUnion(Annotation(<urn:test#ann> "test"^^xsd:string) <urn:test#c> <urn:test#c> <urn:test#iri> )
parse fail: KRSS Syntax EquivalentClasses(Annotation(<urn:test#ann> "test"^^xsd:string) <urn:test#c> <urn:test#iri> )
parse fail: DL Syntax Format EquivalentClasses(Annotation(<urn:test#ann> "test"^^xsd:string) <urn:test#c> <urn:test#iri> )
roundtrip fail: KRSS2 Syntax EquivalentDataProperties(Annotation(<urn:test#ann> "test"^^xsd:string) <urn:test#dp> <urn:test#iri> )
roundtrip fail: KRSS Syntax EquivalentDataProperties(Annotation(<urn:test#ann> "test"^^xsd:string) <urn:test#dp> <urn:test#iri> )
parse fail: DL Syntax Format EquivalentDataProperties(Annotation(<urn:test#ann> "test"^^xsd:string) <urn:test#dp> <urn:test#iri> )
roundtrip fail: KRSS2 Syntax EquivalentObjectProperties(Annotation(<urn:test#ann> "test"^^xsd:string) <urn:test#iri> <urn:test#op> )
parse fail: KRSS Syntax EquivalentObjectProperties(Annotation(<urn:test#ann> "test"^^xsd:string) <urn:test#iri> <urn:test#op> )
parse fail: DL Syntax Format EquivalentObjectProperties(Annotation(<urn:test#ann> "test"^^xsd:string) <urn:test#iri> <urn:test#op> )
roundtrip fail: KRSS2 Syntax FunctionalDataProperty(Annotation(<urn:test#ann> "test"^^xsd:string) <urn:test#dp>)
roundtrip fail: KRSS Syntax FunctionalDataProperty(Annotation(<urn:test#ann> "test"^^xsd:string) <urn:test#dp>)
roundtrip fail: DL Syntax Format FunctionalDataProperty(Annotation(<urn:test#ann> "test"^^xsd:string) <urn:test#dp>)
roundtrip fail: KRSS2 Syntax FunctionalObjectProperty(Annotation(<urn:test#ann> "test"^^xsd:string) <urn:test#op>)
parse fail: KRSS Syntax FunctionalObjectProperty(Annotation(<urn:test#ann> "test"^^xsd:string) <urn:test#op>)
roundtrip fail: DL Syntax Format FunctionalObjectProperty(Annotation(<urn:test#ann> "test"^^xsd:string) <urn:test#op>)
roundtrip fail: KRSS2 Syntax InverseFunctionalObjectProperty(Annotation(<urn:test#ann> "test"^^xsd:string) <urn:test#op>)
parse fail: KRSS Syntax InverseFunctionalObjectProperty(Annotation(<urn:test#ann> "test"^^xsd:string) <urn:test#op>)
roundtrip fail: DL Syntax Format InverseFunctionalObjectProperty(Annotation(<urn:test#ann> "test"^^xsd:string) <urn:test#op>)
roundtrip fail: KRSS2 Syntax InverseObjectProperties(Annotation(<urn:test#ann> "test"^^xsd:string) <urn:test#op> <urn:test#op>)
parse fail: KRSS Syntax InverseObjectProperties(Annotation(<urn:test#ann> "test"^^xsd:string) <urn:test#op> <urn:test#op>)
parse fail: DL Syntax Format InverseObjectProperties(Annotation(<urn:test#ann> "test"^^xsd:string) <urn:test#op> <urn:test#op>)
roundtrip fail: KRSS2 Syntax IrreflexiveObjectProperty(Annotation(<urn:test#ann> "test"^^xsd:string) <urn:test#op>)
parse fail: KRSS Syntax IrreflexiveObjectProperty(Annotation(<urn:test#ann> "test"^^xsd:string) <urn:test#op>)
parse fail: DL Syntax Format IrreflexiveObjectProperty(Annotation(<urn:test#ann> "test"^^xsd:string) <urn:test#op>)
roundtrip fail: KRSS2 Syntax NegativeDataPropertyAssertion(Annotation(<urn:test#ann> "test"^^xsd:string) <urn:test#dp> <urn:test#i> "false"^^xsd:boolean)
roundtrip fail: KRSS Syntax NegativeDataPropertyAssertion(Annotation(<urn:test#ann> "test"^^xsd:string) <urn:test#dp> <urn:test#i> "false"^^xsd:boolean)
parse fail: DL Syntax Format NegativeDataPropertyAssertion(Annotation(<urn:test#ann> "test"^^xsd:string) <urn:test#dp> <urn:test#i> "false"^^xsd:boolean)
roundtrip fail: KRSS2 Syntax NegativeObjectPropertyAssertion(Annotation(<urn:test#ann> "test"^^xsd:string) <urn:test#op> <urn:test#i> <urn:test#i>)
parse fail: KRSS Syntax NegativeObjectPropertyAssertion(Annotation(<urn:test#ann> "test"^^xsd:string) <urn:test#op> <urn:test#i> <urn:test#i>)
parse fail: DL Syntax Format NegativeObjectPropertyAssertion(Annotation(<urn:test#ann> "test"^^xsd:string) <urn:test#op> <urn:test#i> <urn:test#i>)
roundtrip fail: KRSS2 Syntax ObjectPropertyAssertion(Annotation(<urn:test#ann> "test"^^xsd:string) <urn:test#op> <urn:test#i> <urn:test#i>)
parse fail: KRSS Syntax ObjectPropertyAssertion(Annotation(<urn:test#ann> "test"^^xsd:string) <urn:test#op> <urn:test#i> <urn:test#i>)
parse fail: DL Syntax Format ObjectPropertyAssertion(Annotation(<urn:test#ann> "test"^^xsd:string) <urn:test#op> <urn:test#i> <urn:test#i>)
roundtrip fail: KRSS2 Syntax ObjectPropertyAssertion(Annotation(<urn:test#ann> "test"^^xsd:string) InverseOf(<urn:test#op>) <urn:test#i> <urn:test#i>)
parse fail: KRSS Syntax ObjectPropertyAssertion(Annotation(<urn:test#ann> "test"^^xsd:string) InverseOf(<urn:test#op>) <urn:test#i> <urn:test#i>)
parse fail: DL Syntax Format ObjectPropertyAssertion(Annotation(<urn:test#ann> "test"^^xsd:string) InverseOf(<urn:test#op>) <urn:test#i> <urn:test#i>)
roundtrip fail: KRSS2 Syntax ObjectPropertyAssertion(Annotation(<urn:test#ann> "test"^^xsd:string) InverseOf(<urn:test#op>) <urn:test#i> <urn:test#j>)
parse fail: KRSS Syntax ObjectPropertyAssertion(Annotation(<urn:test#ann> "test"^^xsd:string) InverseOf(<urn:test#op>) <urn:test#i> <urn:test#j>)
parse fail: DL Syntax Format ObjectPropertyAssertion(Annotation(<urn:test#ann> "test"^^xsd:string) InverseOf(<urn:test#op>) <urn:test#i> <urn:test#j>)
parse fail: KRSS Syntax ObjectPropertyDomain(Annotation(<urn:test#ann> "test"^^xsd:string) <urn:test#op> <urn:test#c>)
parse fail: DL Syntax Format ObjectPropertyDomain(Annotation(<urn:test#ann> "test"^^xsd:string) <urn:test#op> <urn:test#c>)
parse fail: KRSS2 Syntax ObjectPropertyRange(Annotation(<urn:test#ann> "test"^^xsd:string) <urn:test#op> <urn:test#c>)
parse fail: KRSS Syntax ObjectPropertyRange(Annotation(<urn:test#ann> "test"^^xsd:string) <urn:test#op> <urn:test#c>)
parse fail: DL Syntax Format ObjectPropertyRange(Annotation(<urn:test#ann> "test"^^xsd:string) <urn:test#op> <urn:test#c>)
roundtrip fail: KRSS2 Syntax SubObjectPropertyOf(Annotation(<urn:test#ann> "test"^^xsd:string) ObjectPropertyChain( <urn:test#iri> <urn:test#op> ) <urn:test#op>)
parse fail: KRSS Syntax SubObjectPropertyOf(Annotation(<urn:test#ann> "test"^^xsd:string) ObjectPropertyChain( <urn:test#iri> <urn:test#op> ) <urn:test#op>)
parse fail: DL Syntax Format SubObjectPropertyOf(Annotation(<urn:test#ann> "test"^^xsd:string) ObjectPropertyChain( <urn:test#iri> <urn:test#op> ) <urn:test#op>)
roundtrip fail: KRSS2 Syntax ReflexiveObjectProperty(Annotation(<urn:test#ann> "test"^^xsd:string) <urn:test#op>)
parse fail: KRSS Syntax ReflexiveObjectProperty(Annotation(<urn:test#ann> "test"^^xsd:string) <urn:test#op>)
roundtrip fail: DL Syntax Format ReflexiveObjectProperty(Annotation(<urn:test#ann> "test"^^xsd:string) <urn:test#op>)
roundtrip fail: KRSS2 Syntax SameIndividual(Annotation(<urn:test#ann> "test"^^xsd:string) <urn:test#i> <urn:test#iri> )
parse fail: KRSS Syntax SameIndividual(Annotation(<urn:test#ann> "test"^^xsd:string) <urn:test#i> <urn:test#iri> )
parse fail: DL Syntax Format SameIndividual(Annotation(<urn:test#ann> "test"^^xsd:string) <urn:test#i> <urn:test#iri> )
roundtrip fail: KRSS2 Syntax SubAnnotationPropertyOf(Annotation(<urn:test#ann> "test"^^xsd:string) <urn:test#ann> rdfs:label)
roundtrip fail: KRSS Syntax SubAnnotationPropertyOf(Annotation(<urn:test#ann> "test"^^xsd:string) <urn:test#ann> rdfs:label)
parse fail: DL Syntax Format SubAnnotationPropertyOf(Annotation(<urn:test#ann> "test"^^xsd:string) <urn:test#ann> rdfs:label)
parse fail: KRSS Syntax SubClassOf(Annotation(<urn:test#ann> "test"^^xsd:string) <urn:test#c> owl:Thing)
parse fail: DL Syntax Format SubClassOf(Annotation(<urn:test#ann> "test"^^xsd:string) <urn:test#c> owl:Thing)
roundtrip fail: KRSS2 Syntax SubDataPropertyOf(<urn:test#dp> owl:topDataProperty)
roundtrip fail: KRSS Syntax SubDataPropertyOf(<urn:test#dp> owl:topDataProperty)
parse fail: DL Syntax Format SubDataPropertyOf(<urn:test#dp> owl:topDataProperty)
parse fail: KRSS2 Syntax SubObjectPropertyOf(Annotation(<urn:test#ann> "test"^^xsd:string) <urn:test#op> owl:topObjectProperty)
parse fail: KRSS Syntax SubObjectPropertyOf(Annotation(<urn:test#ann> "test"^^xsd:string) <urn:test#op> owl:topObjectProperty)
parse fail: DL Syntax Format SubObjectPropertyOf(Annotation(<urn:test#ann> "test"^^xsd:string) <urn:test#op> owl:topObjectProperty)
roundtrip fail: KRSS2 Syntax DLSafeRule( Body(BuiltInAtom(<urn:swrl#v1> Variable(<urn:swrl#var3>) Variable(<urn:swrl#var4>) )) Head(BuiltInAtom(<urn:swrl#v2> Variable(<urn:swrl#var5>) Variable(<urn:swrl#var6>) )) )
roundtrip fail: KRSS Syntax DLSafeRule( Body(BuiltInAtom(<urn:swrl#v1> Variable(<urn:swrl#var3>) Variable(<urn:swrl#var4>) )) Head(BuiltInAtom(<urn:swrl#v2> Variable(<urn:swrl#var5>) Variable(<urn:swrl#var6>) )) )
parse fail: DL Syntax Format DLSafeRule( Body(BuiltInAtom(<urn:swrl#v1> Variable(<urn:swrl#var3>) Variable(<urn:swrl#var4>) )) Head(BuiltInAtom(<urn:swrl#v2> Variable(<urn:swrl#var5>) Variable(<urn:swrl#var6>) )) )
parse fail: KRSS2 Syntax SymmetricObjectProperty(Annotation(<urn:test#ann> "test"^^xsd:string) <urn:test#op>)
parse fail: KRSS Syntax SymmetricObjectProperty(Annotation(<urn:test#ann> "test"^^xsd:string) <urn:test#op>)
parse fail: DL Syntax Format SymmetricObjectProperty(Annotation(<urn:test#ann> "test"^^xsd:string) <urn:test#op>)
parse fail: KRSS2 Syntax TransitiveObjectProperty(Annotation(<urn:test#ann> "test"^^xsd:string) <urn:test#op>)
parse fail: KRSS Syntax TransitiveObjectProperty(Annotation(<urn:test#ann> "test"^^xsd:string) <urn:test#op>)
parse fail: DL Syntax Format TransitiveObjectProperty(Annotation(<urn:test#ann> "test"^^xsd:string) <urn:test#op>)
roundtrip fail: KRSS2 Syntax HasKey(Annotation(<urn:test#ann> "test"^^xsd:string) <urn:test#c> (<urn:test#iri> <urn:test#op> ) (<urn:test#dp> ))
parse fail: KRSS Syntax HasKey(Annotation(<urn:test#ann> "test"^^xsd:string) <urn:test#c> (<urn:test#iri> <urn:test#op> ) (<urn:test#dp> ))
parse fail: DL Syntax Format HasKey(Annotation(<urn:test#ann> "test"^^xsd:string) <urn:test#c> (<urn:test#iri> <urn:test#op> ) (<urn:test#dp> ))
roundtrip fail: KRSS2 Syntax DLSafeRule(Annotation(<urn:test#ann> "test"^^xsd:string)  Body(ClassAtom(<urn:test#c> Variable(<urn:swrl#var2>)) DataRangeAtom(<urn:test#datatype> Variable(<urn:swrl#var1>)) BuiltInAtom(<urn:swrl#v1> Variable(<urn:swrl#var3>) Variable(<urn:swrl#var4>) ) BuiltInAtom(<urn:test#iri> Variable(<urn:swrl#var1>) ) SameAsAtom(Variable(<urn:swrl#var2>) <urn:test#iri>) DifferentFromAtom(Variable(<urn:swrl#var2>) <urn:test#i>)) Head(ObjectPropertyAtom(<urn:test#op> Variable(<urn:swrl#var2>) Variable(<urn:swrl#var2>)) DataPropertyAtom(<urn:test#dp> Variable(<urn:swrl#var2>) "false"^^xsd:boolean) BuiltInAtom(<urn:swrl#v2> Variable(<urn:swrl#var5>) Variable(<urn:swrl#var6>) )) )
parse fail: KRSS Syntax DLSafeRule(Annotation(<urn:test#ann> "test"^^xsd:string)  Body(ClassAtom(<urn:test#c> Variable(<urn:swrl#var2>)) DataRangeAtom(<urn:test#datatype> Variable(<urn:swrl#var1>)) BuiltInAtom(<urn:swrl#v1> Variable(<urn:swrl#var3>) Variable(<urn:swrl#var4>) ) BuiltInAtom(<urn:test#iri> Variable(<urn:swrl#var1>) ) SameAsAtom(Variable(<urn:swrl#var2>) <urn:test#iri>) DifferentFromAtom(Variable(<urn:swrl#var2>) <urn:test#i>)) Head(ObjectPropertyAtom(<urn:test#op> Variable(<urn:swrl#var2>) Variable(<urn:swrl#var2>)) DataPropertyAtom(<urn:test#dp> Variable(<urn:swrl#var2>) "false"^^xsd:boolean) BuiltInAtom(<urn:swrl#v2> Variable(<urn:swrl#var5>) Variable(<urn:swrl#var6>) )) )
parse fail: DL Syntax Format DLSafeRule(Annotation(<urn:test#ann> "test"^^xsd:string)  Body(ClassAtom(<urn:test#c> Variable(<urn:swrl#var2>)) DataRangeAtom(<urn:test#datatype> Variable(<urn:swrl#var1>)) BuiltInAtom(<urn:swrl#v1> Variable(<urn:swrl#var3>) Variable(<urn:swrl#var4>) ) BuiltInAtom(<urn:test#iri> Variable(<urn:swrl#var1>) ) SameAsAtom(Variable(<urn:swrl#var2>) <urn:test#iri>) DifferentFromAtom(Variable(<urn:swrl#var2>) <urn:test#i>)) Head(ObjectPropertyAtom(<urn:test#op> Variable(<urn:swrl#var2>) Variable(<urn:swrl#var2>)) DataPropertyAtom(<urn:test#dp> Variable(<urn:swrl#var2>) "false"^^xsd:boolean) BuiltInAtom(<urn:swrl#v2> Variable(<urn:swrl#var5>) Variable(<urn:swrl#var6>) )) )
No race condition found in 200 repetitiions
elapsed time (ms): 15241
Successful threads: 100	 expected: 100

2015-11-29 17:11:58:304 +0000 [Time-limited test] ERROR org.obolibrary.obo2owl.OWLAPIOwl2Obo - Duplicate clause 'xref( GO:0005623)' generated in frame: CARO:0000013
2015-11-29 17:11:58:304 +0000 [Time-limited test] ERROR org.obolibrary.obo2owl.OWLAPIOwl2Obo - Duplicate clause 'def( Anatomical structure that has as its parts a maximally connected cell compartment surrounded by a plasma membrane.[CARO:MAH ])' generated in frame: CARO:0000013
2015-11-29 17:11:58:305 +0000 [Time-limited test] ERROR org.obolibrary.obo2owl.OWLAPIOwl2Obo - Duplicate clause 'name( cell)' generated in frame: CARO:0000013
2015-11-29 17:11:58:305 +0000 [Time-limited test] ERROR org.obolibrary.obo2owl.OWLAPIOwl2Obo - Duplicate clause 'namespace( caro)' generated in frame: CARO:0000013
2015-11-29 17:11:58:306 +0000 [Time-limited test] ERROR org.obolibrary.obo2owl.OWLAPIOwl2Obo - Duplicate clause 'def( Anatomical structure that has as its parts two or more multi-tissue structures of at least two different types and which through specific morphogenetic processes forms a single distinct structural unit demarcated by bona fide boundaries from other distinct anatomical structures of different types.[CARO:MAH ])' generated in frame: CARO:0000024
2015-11-29 17:11:58:306 +0000 [Time-limited test] ERROR org.obolibrary.obo2owl.OWLAPIOwl2Obo - Duplicate clause 'name( compound organ)' generated in frame: CARO:0000024
2015-11-29 17:11:58:306 +0000 [Time-limited test] ERROR org.obolibrary.obo2owl.OWLAPIOwl2Obo - Duplicate clause 'namespace( caro)' generated in frame: CARO:0000024
2015-11-29 17:11:58:576 +0000 [Time-limited test] ERROR org.obolibrary.obo2owl.OWLAPIOwl2Obo - Duplicate clause 'namespace( test_default_namespace)' generated in frame: TEST:0003
2015-11-29 17:11:58:576 +0000 [Time-limited test] ERROR org.obolibrary.obo2owl.OWLAPIOwl2Obo - Duplicate clause 'namespace( test_default_namespace)' generated in frame: TEST:0003
2015-11-29 17:11:58:762 +0000 [Time-limited test] ERROR org.obolibrary.obo2owl.OWLAPIOwl2Obo - Duplicate clause 'name( argininosuccinate synthase activity)' generated in frame: GO:0004055
2015-11-29 17:11:58:763 +0000 [Time-limited test] ERROR org.obolibrary.obo2owl.OWLAPIOwl2Obo - Duplicate clause 'name( test)' generated in frame: XX:0000001
2015-11-29 17:11:58:794 +0000 [Time-limited test] ERROR org.obolibrary.oboformat.parser.OBOFormatParser - Error: Instance frames are not supported yet. Parsing stopped at line: 425
2015-11-29 17:11:58:870 +0000 [Time-limited test] ERROR org.obolibrary.obo2owl.OWLAPIOwl2Obo - Duplicate clause 'name( argininosuccinate synthase activity)' generated in frame: GO:0004055
2015-11-29 17:11:58:870 +0000 [Time-limited test] ERROR org.obolibrary.obo2owl.OWLAPIOwl2Obo - Duplicate clause 'name( test)' generated in frame: XX:0000001
2015-11-29 17:12:00:099 +0000 [Time-limited test] ERROR org.obolibrary.obo2owl.OWLAPIOwl2Obo - Duplicate clause 'name( has part)' generated in frame: has_part
2015-11-29 17:12:00:100 +0000 [Time-limited test] ERROR org.obolibrary.obo2owl.OWLAPIOwl2Obo - Duplicate clause 'xref( BFO:0000051)' generated in frame: has_part
2015-11-29 17:12:00:100 +0000 [Time-limited test] ERROR org.obolibrary.obo2owl.OWLAPIOwl2Obo - Duplicate clause 'name( b)' generated in frame: TEST:b
2015-11-29 17:12:00:101 +0000 [Time-limited test] ERROR org.obolibrary.obo2owl.OWLAPIOwl2Obo - Duplicate clause 'name( a)' generated in frame: TEST:a
2015-11-29 17:12:00:101 +0000 [Time-limited test] ERROR org.obolibrary.obo2owl.OWLAPIOwl2Obo - Duplicate clause 'name( b)' generated in frame: TEST:b
2015-11-29 17:12:00:112 +0000 [Time-limited test] ERROR org.obolibrary.obo2owl.OWLAPIOwl2Obo - Duplicate clause 'name( z1)' generated in frame: Z:1
2015-11-29 17:12:00:185 +0000 [Time-limited test] ERROR org.obolibrary.obo2owl.OWLAPIOwl2Obo - Duplicate clause 'def( Def T1)' generated in frame: TEST:0001
2015-11-29 17:12:00:473 +0000 [Time-limited test] ERROR org.obolibrary.obo2owl.OWLAPIOwl2Obo - Duplicate clause 'name( argininosuccinate synthase activity)' generated in frame: GO:0004055
2015-11-29 17:12:00:473 +0000 [Time-limited test] ERROR org.obolibrary.obo2owl.OWLAPIOwl2Obo - Duplicate clause 'name( test)' generated in frame: XX:0000001
2015-11-29 17:12:00:760 +0000 [Time-limited test] ERROR org.obolibrary.obo2owl.OWLAPIOwl2Obo - Duplicate clause 'xref( GO:0005623)' generated in frame: CARO:0000013
2015-11-29 17:12:00:761 +0000 [Time-limited test] ERROR org.obolibrary.obo2owl.OWLAPIOwl2Obo - Duplicate clause 'def( Anatomical structure that has as its parts a maximally connected cell compartment surrounded by a plasma membrane.[CARO:MAH ])' generated in frame: CARO:0000013
2015-11-29 17:12:00:761 +0000 [Time-limited test] ERROR org.obolibrary.obo2owl.OWLAPIOwl2Obo - Duplicate clause 'name( cell)' generated in frame: CARO:0000013
2015-11-29 17:12:00:761 +0000 [Time-limited test] ERROR org.obolibrary.obo2owl.OWLAPIOwl2Obo - Duplicate clause 'namespace( caro)' generated in frame: CARO:0000013
2015-11-29 17:12:00:762 +0000 [Time-limited test] ERROR org.obolibrary.obo2owl.OWLAPIOwl2Obo - Duplicate clause 'def( Anatomical structure that has as its parts two or more multi-tissue structures of at least two different types and which through specific morphogenetic processes forms a single distinct structural unit demarcated by bona fide boundaries from other distinct anatomical structures of different types.[CARO:MAH ])' generated in frame: CARO:0000024
2015-11-29 17:12:00:762 +0000 [Time-limited test] ERROR org.obolibrary.obo2owl.OWLAPIOwl2Obo - Duplicate clause 'name( compound organ)' generated in frame: CARO:0000024
2015-11-29 17:12:00:762 +0000 [Time-limited test] ERROR org.obolibrary.obo2owl.OWLAPIOwl2Obo - Duplicate clause 'namespace( caro)' generated in frame: CARO:0000024
Tests run: 4909, Failures: 0, Errors: 0, Skipped: 1

[INFO] 
[INFO] --- maven-jar-plugin:2.4:jar (default-jar) @ owlapi-contract ---
[INFO] Building jar: /home/travis/build/owlcs/owlapi/contract/target/owlapi-contract-5.0.0-ALPHA-SNAPSHOT.jar
[INFO] 
[INFO] >>> maven-source-plugin:2.2.1:jar (attach-sources) > generate-sources @ owlapi-contract >>>
[INFO] 
[INFO] --- maven-enforcer-plugin:1.0:enforce (enforce-maven) @ owlapi-contract ---
[INFO] 
[INFO] <<< maven-source-plugin:2.2.1:jar (attach-sources) < generate-sources @ owlapi-contract <<<
[INFO] 
[INFO] --- maven-source-plugin:2.2.1:jar (attach-sources) @ owlapi-contract ---
[INFO] Building jar: /home/travis/build/owlcs/owlapi/contract/target/owlapi-contract-5.0.0-ALPHA-SNAPSHOT-sources.jar
[INFO] 
[INFO] --- maven-javadoc-plugin:2.8.1:jar (attach-javadocs) @ owlapi-contract ---
[INFO] Skipping javadoc generation
[INFO] 
[INFO] --- maven-failsafe-plugin:2.18.1:integration-test (default) @ owlapi-contract ---
[INFO] 
[INFO] --- maven-failsafe-plugin:2.18.1:verify (default) @ owlapi-contract ---
[INFO] Failsafe report directory: /home/travis/build/owlcs/owlapi/contract/target/failsafe-reports
[INFO]                                                                         
[INFO] ------------------------------------------------------------------------
[INFO] Building OWLAPI Distribution 5.0.0-ALPHA-SNAPSHOT
[INFO] ------------------------------------------------------------------------
[INFO] 
[INFO] --- maven-enforcer-plugin:1.0:enforce (enforce-maven) @ owlapi-distribution ---
[INFO] 
[INFO] --- maven-resources-plugin:2.7:resources (default-resources) @ owlapi-distribution ---
[INFO] Using 'UTF-8' encoding to copy filtered resources.
[INFO] skip non existing resourceDirectory /home/travis/build/owlcs/owlapi/distribution/src/main/resources
[INFO] 
[INFO] --- maven-compiler-plugin:3.2:compile (default-compile) @ owlapi-distribution ---
[INFO] No sources to compile
[INFO] 
[INFO] --- maven-resources-plugin:2.7:testResources (default-testResources) @ owlapi-distribution ---
[INFO] Using 'UTF-8' encoding to copy filtered resources.
[INFO] skip non existing resourceDirectory /home/travis/build/owlcs/owlapi/distribution/src/test/resources
[INFO] 
[INFO] --- maven-compiler-plugin:3.2:testCompile (default-testCompile) @ owlapi-distribution ---
[INFO] No sources to compile
[INFO] 
[INFO] --- maven-surefire-plugin:2.18.1:test (default-test) @ owlapi-distribution ---
[INFO] No tests to run.
[INFO] 
[INFO] --- maven-bundle-plugin:2.5.3:bundle (default-bundle) @ owlapi-distribution ---
[WARNING] Bundle net.sourceforge.owlapi:owlapi-distribution:bundle:5.0.0-ALPHA-SNAPSHOT : Unused Private-Package instructions, no such package(s) on the class path: [!*]
[INFO] 
[INFO] >>> maven-source-plugin:2.2.1:jar (attach-sources) > generate-sources @ owlapi-distribution >>>
[INFO] 
[INFO] --- maven-enforcer-plugin:1.0:enforce (enforce-maven) @ owlapi-distribution ---
[INFO] 
[INFO] <<< maven-source-plugin:2.2.1:jar (attach-sources) < generate-sources @ owlapi-distribution <<<
[INFO] 
[INFO] --- maven-source-plugin:2.2.1:jar (attach-sources) @ owlapi-distribution ---
[INFO] No sources in project. Archive not created.
[INFO] 
[INFO] --- maven-shade-plugin:2.3:shade (default) @ owlapi-distribution ---
[INFO] Including net.sourceforge.owlapi:owlapi-apibinding:jar:5.0.0-ALPHA-SNAPSHOT in the shaded jar.
[INFO] Including net.sourceforge.owlapi:owlapi-tools:jar:5.0.0-ALPHA-SNAPSHOT in the shaded jar.
[INFO] Including net.sourceforge.owlapi:owlapi-impl:jar:5.0.0-ALPHA-SNAPSHOT in the shaded jar.
[INFO] Including net.sourceforge.owlapi:owlapi-parsers:jar:5.0.0-ALPHA-SNAPSHOT in the shaded jar.
[INFO] Including net.sourceforge.owlapi:owlapi-oboformat:jar:5.0.0-ALPHA-SNAPSHOT in the shaded jar.
[INFO] Including net.sourceforge.owlapi:owlapi-fixers:jar:5.0.0-ALPHA-SNAPSHOT in the shaded jar.
[INFO] Including net.sourceforge.owlapi:owlapi-rio:jar:5.0.0-ALPHA-SNAPSHOT in the shaded jar.
[INFO] Excluding org.openrdf.sesame:sesame-rio-jsonld:jar:4.0.0 from the shaded jar.
[INFO] Excluding com.github.jsonld-java:jsonld-java:jar:0.7.0 from the shaded jar.
[INFO] Excluding org.apache.httpcomponents:httpclient-osgi:jar:4.2.5 from the shaded jar.
[INFO] Excluding org.apache.httpcomponents:httpclient:jar:4.2.5 from the shaded jar.
[INFO] Excluding commons-codec:commons-codec:jar:1.6 from the shaded jar.
[INFO] Excluding org.apache.httpcomponents:httpmime:jar:4.2.5 from the shaded jar.
[INFO] Excluding org.apache.httpcomponents:httpclient-cache:jar:4.2.5 from the shaded jar.
[INFO] Excluding org.apache.httpcomponents:fluent-hc:jar:4.2.5 from the shaded jar.
[INFO] Excluding org.apache.httpcomponents:httpcore-osgi:jar:4.2.5 from the shaded jar.
[INFO] Excluding org.apache.httpcomponents:httpcore:jar:4.2.5 from the shaded jar.
[INFO] Excluding org.apache.httpcomponents:httpcore-nio:jar:4.2.5 from the shaded jar.
[INFO] Excluding org.slf4j:jcl-over-slf4j:jar:1.7.9 from the shaded jar.
[INFO] Including net.sourceforge.owlapi:owlapi-api:jar:5.0.0-ALPHA-SNAPSHOT in the shaded jar.
[INFO] Excluding com.fasterxml.jackson.core:jackson-core:jar:2.6.3 from the shaded jar.
[INFO] Excluding com.fasterxml.jackson.core:jackson-databind:jar:2.6.3 from the shaded jar.
[INFO] Excluding com.fasterxml.jackson.core:jackson-annotations:jar:2.6.3 from the shaded jar.
[INFO] Excluding org.apache.commons:commons-rdf-api:jar:0.1.0-incubating from the shaded jar.
[INFO] Excluding org.tukaani:xz:jar:1.5 from the shaded jar.
[INFO] Excluding org.openrdf.sesame:sesame-model:jar:4.0.0 from the shaded jar.
[INFO] Excluding org.openrdf.sesame:sesame-util:jar:4.0.0 from the shaded jar.
[INFO] Excluding org.openrdf.sesame:sesame-rio-api:jar:4.0.0 from the shaded jar.
[INFO] Excluding org.openrdf.sesame:sesame-rio-languages:jar:4.0.0 from the shaded jar.
[INFO] Excluding org.openrdf.sesame:sesame-rio-datatypes:jar:4.0.0 from the shaded jar.
[INFO] Excluding org.openrdf.sesame:sesame-rio-binary:jar:4.0.0 from the shaded jar.
[INFO] Excluding org.openrdf.sesame:sesame-rio-n3:jar:4.0.0 from the shaded jar.
[INFO] Excluding org.openrdf.sesame:sesame-rio-nquads:jar:4.0.0 from the shaded jar.
[INFO] Excluding org.openrdf.sesame:sesame-rio-ntriples:jar:4.0.0 from the shaded jar.
[INFO] Excluding org.openrdf.sesame:sesame-rio-rdfjson:jar:4.0.0 from the shaded jar.
[INFO] Excluding org.openrdf.sesame:sesame-rio-rdfxml:jar:4.0.0 from the shaded jar.
[INFO] Excluding org.openrdf.sesame:sesame-rio-trix:jar:4.0.0 from the shaded jar.
[INFO] Excluding org.openrdf.sesame:sesame-rio-turtle:jar:4.0.0 from the shaded jar.
[INFO] Excluding org.openrdf.sesame:sesame-rio-trig:jar:4.0.0 from the shaded jar.
[INFO] Excluding com.github.jsonld-java:jsonld-java-sesame:jar:0.5.1 from the shaded jar.
[INFO] Excluding org.semarglproject:semargl-sesame:jar:0.6.1 from the shaded jar.
[INFO] Excluding org.semarglproject:semargl-core:jar:0.6.1 from the shaded jar.
[INFO] Excluding org.semarglproject:semargl-rdfa:jar:0.6.1 from the shaded jar.
[INFO] Excluding org.semarglproject:semargl-rdf:jar:0.6.1 from the shaded jar.
[INFO] Excluding net.sf.trove4j:trove4j:jar:3.0.3 from the shaded jar.
[INFO] Excluding com.google.guava:guava:jar:18.0 from the shaded jar.
[INFO] Excluding com.google.inject:guice:jar:4.0 from the shaded jar.
[INFO] Excluding javax.inject:javax.inject:jar:1 from the shaded jar.
[INFO] Excluding aopalliance:aopalliance:jar:1.0 from the shaded jar.
[INFO] Excluding com.google.inject.extensions:guice-assistedinject:jar:4.0 from the shaded jar.
[INFO] Excluding com.google.inject.extensions:guice-multibindings:jar:4.0 from the shaded jar.
[INFO] Excluding com.google.code.findbugs:jsr305:jar:2.0.1 from the shaded jar.
[INFO] Excluding org.slf4j:slf4j-api:jar:1.7.10 from the shaded jar.
[INFO] Excluding commons-io:commons-io:jar:2.4 from the shaded jar.
[WARNING] owlapi-distribution-5.0.0-ALPHA-SNAPSHOT.jar, owlapi-impl-5.0.0-ALPHA-SNAPSHOT.jar define 218 overlappping classes: 
[WARNING]   - org.semanticweb.owlapi.reasoner.impl.OWLNamedIndividualNodeSet
[WARNING]   - uk.ac.manchester.cs.owl.owlapi.SWRLIndividualArgumentImpl
[WARNING]   - uk.ac.manchester.cs.owl.owlapi.InitVisitorFactory$InitIndividualVisitor
[WARNING]   - uk.ac.manchester.cs.owl.owlapi.OWLDataAllValuesFromImpl
[WARNING]   - uk.ac.manchester.cs.owl.owlapi.CollectionContainerVisitor
[WARNING]   - uk.ac.manchester.cs.owl.owlapi.concurrent.NonConcurrentOWLOntologyBuilder
[WARNING]   - uk.ac.manchester.cs.owl.owlapi.OWLImportsDeclarationImpl
[WARNING]   - uk.ac.manchester.cs.owl.owlapi.OWLSubPropertyAxiomImpl
[WARNING]   - uk.ac.manchester.cs.owl.owlapi.OWLSameIndividualAxiomImpl
[WARNING]   - uk.ac.manchester.cs.owl.owlapi.OWLDataFactoryInternalsImpl$Buildable$1
[WARNING]   - 208 more...
[WARNING] owlapi-distribution-5.0.0-ALPHA-SNAPSHOT.jar, owlapi-rio-5.0.0-ALPHA-SNAPSHOT.jar define 68 overlappping classes: 
[WARNING]   - org.semanticweb.owlapi.formats.N3DocumentFormatFactory
[WARNING]   - org.semanticweb.owlapi.formats.RioTurtleDocumentFormatFactory
[WARNING]   - org.semanticweb.owlapi.rio.RioStorer
[WARNING]   - org.semanticweb.owlapi.rio.RioOWLRDFParser
[WARNING]   - org.semanticweb.owlapi.rio.OWLAPIRDFFormat
[WARNING]   - org.semanticweb.owlapi.formats.N3DocumentFormat
[WARNING]   - org.semanticweb.owlapi.rio.RioFunctionalSyntaxParserFactory
[WARNING]   - org.semanticweb.owlapi.rio.RioTrigStorerFactory
[WARNING]   - org.semanticweb.owlapi.rio.RioManchesterSyntaxParserFactory
[WARNING]   - org.semanticweb.owlapi.rio.AbstractRioStorerFactory
[WARNING]   - 58 more...
[WARNING] owlapi-distribution-5.0.0-ALPHA-SNAPSHOT.jar, owlapi-tools-5.0.0-ALPHA-SNAPSHOT.jar define 88 overlappping classes: 
[WARNING]   - com.clarkparsia.owlapi.explanation.util.SilentExplanationProgressMonitor
[WARNING]   - org.semanticweb.owlapi.metrics.HiddenGCICount
[WARNING]   - com.clarkparsia.owlapi.explanation.SingleExplanationGenerator
[WARNING]   - org.semanticweb.owlapi.metrics.GCICount
[WARNING]   - com.clarkparsia.owlapi.explanation.BlackBoxExplanation$1
[WARNING]   - com.clarkparsia.owlapi.modularity.locality.SemanticLocalityEvaluator
[WARNING]   - uk.ac.manchester.cs.owl.explanation.ordering.NodeRenderer
[WARNING]   - org.semanticweb.owlapi.debugging.JustificationMap$OWLAxiomComparator
[WARNING]   - uk.ac.manchester.cs.owl.explanation.ordering.ExplanationOrdererImpl$AxiomMapBuilder
[WARNING]   - org.semanticweb.owlapi.metrics.DoubleValuedMetric
[WARNING]   - 78 more...
[WARNING] owlapi-distribution-5.0.0-ALPHA-SNAPSHOT.jar, owlapi-apibinding-5.0.0-ALPHA-SNAPSHOT.jar define 3 overlappping classes: 
[WARNING]   - org.semanticweb.owlapi.apibinding.OWLManager
[WARNING]   - org.semanticweb.owlapi.apibinding.package-info
[WARNING]   - org.semanticweb.owlapi.apibinding.OWLFunctionalSyntaxFactory
[WARNING] owlapi-distribution-5.0.0-ALPHA-SNAPSHOT.jar, owlapi-oboformat-5.0.0-ALPHA-SNAPSHOT.jar define 78 overlappping classes: 
[WARNING]   - org.obolibrary.oboformat.parser.OBOFormatException
[WARNING]   - org.obolibrary.obo2owl.OWLAPIOwl2Obo
[WARNING]   - org.obolibrary.macro.MacroExpansionGCIVisitor$MacroExpansions
[WARNING]   - org.obolibrary.oboformat.diff.Diff
[WARNING]   - org.semanticweb.owlapi.oboformat.OBOFormatRenderer$1
[WARNING]   - org.obolibrary.obo2owl.IdTranslator
[WARNING]   - org.obolibrary.oboformat.model.Clause
[WARNING]   - org.obolibrary.oboformat.parser.XrefExpander$ReverseGenusDifferentiaExpansion
[WARNING]   - org.obolibrary.owl.LabelFunctionalSyntaxStorer
[WARNING]   - org.obolibrary.oboformat.model.FrameStructureException
[WARNING]   - 68 more...
[WARNING] owlapi-distribution-5.0.0-ALPHA-SNAPSHOT.jar, owlapi-parsers-5.0.0-ALPHA-SNAPSHOT.jar define 611 overlappping classes: 
[WARNING]   - org.semanticweb.owlapi.manchestersyntax.parser.ManchesterOWLSyntaxParserImpl$DataPropertyExpressionListItemParser
[WARNING]   - org.semanticweb.owlapi.rdf.rdfxml.parser.TripleHandlers$TPOneOfHandler
[WARNING]   - org.semanticweb.owlapi.krss2.renderer.KRSS2SyntaxRenderer
[WARNING]   - org.semanticweb.owlapi.rdf.rdfxml.renderer.package-info
[WARNING]   - org.semanticweb.owlapi.rdf.rdfxml.parser.Translators$ObjectMinCardinalityTranslator
[WARNING]   - org.semanticweb.owlapi.rdf.turtle.parser.TurtleParserException
[WARNING]   - org.semanticweb.owlapi.owlxml.parser.AbstractNaryBooleanClassExpressionElementHandler
[WARNING]   - org.semanticweb.owlapi.latex.renderer.LatexOWLObjectRenderer
[WARNING]   - org.semanticweb.owlapi.manchestersyntax.parser.ManchesterOWLSyntaxParserImpl$IndividualFactsItemParser
[WARNING]   - org.semanticweb.owlapi.rdf.turtle.parser.OWLRDFConsumerAdapter
[WARNING]   - 601 more...
[WARNING] owlapi-distribution-5.0.0-ALPHA-SNAPSHOT.jar, owlapi-fixers-5.0.0-ALPHA-SNAPSHOT.jar define 96 overlappping classes: 
[WARNING]   - org.semanticweb.owlapitools.builders.BuilderDataHasValue
[WARNING]   - org.semanticweb.owlapitools.builders.BuilderPropertyChain
[WARNING]   - org.semanticweb.owlapitools.builders.BuilderDataExactCardinality
[WARNING]   - org.semanticweb.owlapitools.builders.BuilderIrreflexiveObjectProperty
[WARNING]   - org.semanticweb.owlapitools.builders.BaseAnnotationPropertyBuilder
[WARNING]   - org.semanticweb.owlapitools.builders.BuilderDataPropertyAssertion
[WARNING]   - org.semanticweb.owlapitools.builders.BuilderAsymmetricObjectProperty
[WARNING]   - org.semanticweb.owlapitools.builders.BuilderFacetRestriction
[WARNING]   - org.semanticweb.owlapitools.builders.BuilderComplementOf
[WARNING]   - org.semanticweb.owlapitools.builders.BuilderDataUnionOf
[WARNING]   - 86 more...
[WARNING] owlapi-distribution-5.0.0-ALPHA-SNAPSHOT.jar, owlapi-api-5.0.0-ALPHA-SNAPSHOT.jar define 825 overlappping classes: 
[WARNING]   - org.semanticweb.owlapi.model.OWLPropertyAssertionObject
[WARNING]   - org.semanticweb.owlapi.model.OWLAnonymousClassExpression
[WARNING]   - org.semanticweb.owlapi.model.HasApplyChange
[WARNING]   - org.semanticweb.owlapi.util.InferredIndividualAxiomGenerator
[WARNING]   - org.semanticweb.owlapi.model.SWRLDArgument
[WARNING]   - org.semanticweb.owlapi.util.OWLOntologyWalkerVisitor
[WARNING]   - org.semanticweb.owlapi.model.providers.ExistentialProvider
[WARNING]   - org.semanticweb.owlapi.model.axiomproviders.PropertyCharacteristicAxiomProvider
[WARNING]   - org.semanticweb.owlapi.model.OWLObjectPropertyDomainAxiom
[WARNING]   - org.semanticweb.owlapi.io.SystemOutDocumentTarget
[WARNING]   - 815 more...
[WARNING] maven-shade-plugin has detected that some .class files
[WARNING] are present in two or more JARs. When this happens, only
[WARNING] one single version of the class is copied in the uberjar.
[WARNING] Usually this is not harmful and you can skeep these
[WARNING] warnings, otherwise try to manually exclude artifacts
[WARNING] based on mvn dependency:tree -Ddetail=true and the above
[WARNING] output
[WARNING] See http://docs.codehaus.org/display/MAVENUSER/Shade+Plugin
[INFO] Replacing original artifact with shaded artifact.
[INFO] Replacing /home/travis/build/owlcs/owlapi/distribution/target/owlapi-distribution-5.0.0-ALPHA-SNAPSHOT.jar with /home/travis/build/owlcs/owlapi/distribution/target/owlapi-distribution-5.0.0-ALPHA-SNAPSHOT-shaded.jar
[INFO] Dependency-reduced POM written at: /home/travis/build/owlcs/owlapi/distribution/dependency-reduced-pom.xml
[INFO] 
[INFO] --- maven-javadoc-plugin:2.8.1:jar (attach-javadocs) @ owlapi-distribution ---
[INFO] Skipping javadoc generation
[INFO] 
[INFO] --- maven-javadoc-plugin:2.8.1:jar (attach-javadoc) @ owlapi-distribution ---
[INFO] Skipping javadoc generation
[INFO] 
[INFO] --- maven-assembly-plugin:2.4:single (attach-sources) @ owlapi-distribution ---
[INFO] Reading assembly descriptor: src/assembly/sources.xml
[INFO] Building jar: /home/travis/build/owlcs/owlapi/distribution/target/owlapi-distribution-5.0.0-ALPHA-SNAPSHOT-sources.jar
[INFO] 
[INFO] --- maven-failsafe-plugin:2.18.1:integration-test (default) @ owlapi-distribution ---
[INFO] No tests to run.
[INFO] 
[INFO] --- maven-failsafe-plugin:2.18.1:verify (default) @ owlapi-distribution ---
[INFO] No tests to run.
[INFO]                                                                         
[INFO] ------------------------------------------------------------------------
[INFO] Building OWLAPI OSGi and Compatibility Distribution 5.0.0-ALPHA-SNAPSHOT
[INFO] ------------------------------------------------------------------------
[INFO] 
[INFO] --- maven-enforcer-plugin:1.0:enforce (enforce-maven) @ owlapi-osgidistribution ---
[INFO] 
[INFO] --- maven-resources-plugin:2.7:resources (default-resources) @ owlapi-osgidistribution ---
[INFO] Using 'UTF-8' encoding to copy filtered resources.
[INFO] skip non existing resourceDirectory /home/travis/build/owlcs/owlapi/osgidistribution/src/main/resources
[INFO] 
[INFO] --- maven-compiler-plugin:3.2:compile (default-compile) @ owlapi-osgidistribution ---
[INFO] Nothing to compile - all classes are up to date
[INFO] 
[INFO] --- maven-resources-plugin:2.7:testResources (default-testResources) @ owlapi-osgidistribution ---
[INFO] Using 'UTF-8' encoding to copy filtered resources.
[INFO] Copying 2 resources
[INFO] 
[INFO] --- maven-compiler-plugin:3.2:testCompile (default-testCompile) @ owlapi-osgidistribution ---
[INFO] Nothing to compile - all classes are up to date
[INFO] 
[INFO] --- maven-surefire-plugin:2.18.1:test (default-test) @ owlapi-osgidistribution ---
[INFO] Surefire report directory: /home/travis/build/owlcs/owlapi/osgidistribution/target/surefire-reports

-------------------------------------------------------
 T E S T S
-------------------------------------------------------
Tests run: 3, Failures: 0, Errors: 0, Skipped: 0

[INFO] 
[INFO] --- maven-bundle-plugin:2.5.3:bundle (default-bundle) @ owlapi-osgidistribution ---
[WARNING] Bundle net.sourceforge.owlapi:owlapi-osgidistribution:bundle:5.0.0-ALPHA-SNAPSHOT : Export org.semanticweb.owlapi.formats,  has 1,  private references [org.openrdf.rio], 
[WARNING] Bundle net.sourceforge.owlapi:owlapi-osgidistribution:bundle:5.0.0-ALPHA-SNAPSHOT : Export org.semanticweb.owlapi.io,  has 2,  private references [org.tukaani.xz, org.apache.commons.rdf.api], 
[WARNING] Bundle net.sourceforge.owlapi:owlapi-osgidistribution:bundle:5.0.0-ALPHA-SNAPSHOT : Export org.semanticweb.owlapi.model,  has 1,  private references [org.apache.commons.rdf.api], 
[WARNING] Bundle net.sourceforge.owlapi:owlapi-osgidistribution:bundle:5.0.0-ALPHA-SNAPSHOT : Export org.semanticweb.owlapi.rio,  has 5,  private references [org.openrdf.rio.helpers, org.openrdf.model, info.aduna.iteration, org.openrdf.rio, org.openrdf], 
[WARNING] Bundle net.sourceforge.owlapi:owlapi-osgidistribution:bundle:5.0.0-ALPHA-SNAPSHOT : Export org.semanticweb.owlapi.rio.utils,  has 1,  private references [org.openrdf.model], 
[INFO] 
[INFO] >>> maven-source-plugin:2.2.1:jar (attach-sources) > generate-sources @ owlapi-osgidistribution >>>
[INFO] 
[INFO] --- maven-enforcer-plugin:1.0:enforce (enforce-maven) @ owlapi-osgidistribution ---
[INFO] 
[INFO] <<< maven-source-plugin:2.2.1:jar (attach-sources) < generate-sources @ owlapi-osgidistribution <<<
[INFO] 
[INFO] --- maven-source-plugin:2.2.1:jar (attach-sources) @ owlapi-osgidistribution ---
[INFO] Building jar: /home/travis/build/owlcs/owlapi/osgidistribution/target/owlapi-osgidistribution-5.0.0-ALPHA-SNAPSHOT-sources.jar
[INFO] 
[INFO] --- maven-javadoc-plugin:2.8.1:jar (attach-javadocs) @ owlapi-osgidistribution ---
[INFO] Skipping javadoc generation
[INFO] 
[INFO] --- maven-javadoc-plugin:2.8.1:jar (attach-javadoc) @ owlapi-osgidistribution ---
[INFO] Skipping javadoc generation
[INFO] 
[INFO] --- maven-shade-plugin:2.3:shade (default) @ owlapi-osgidistribution ---
[INFO] Including net.sourceforge.owlapi:owlapi-apibinding:jar:5.0.0-ALPHA-SNAPSHOT in the shaded jar.
[INFO] Including net.sourceforge.owlapi:owlapi-tools:jar:5.0.0-ALPHA-SNAPSHOT in the shaded jar.
[INFO] Including net.sourceforge.owlapi:owlapi-impl:jar:5.0.0-ALPHA-SNAPSHOT in the shaded jar.
[INFO] Including net.sourceforge.owlapi:owlapi-parsers:jar:5.0.0-ALPHA-SNAPSHOT in the shaded jar.
[INFO] Including net.sourceforge.owlapi:owlapi-oboformat:jar:5.0.0-ALPHA-SNAPSHOT in the shaded jar.
[INFO] Including net.sourceforge.owlapi:owlapi-fixers:jar:5.0.0-ALPHA-SNAPSHOT in the shaded jar.
[INFO] Including net.sourceforge.owlapi:owlapi-rio:jar:5.0.0-ALPHA-SNAPSHOT in the shaded jar.
[INFO] Excluding org.openrdf.sesame:sesame-rio-jsonld:jar:4.0.0 from the shaded jar.
[INFO] Including net.sourceforge.owlapi:owlapi-api:jar:5.0.0-ALPHA-SNAPSHOT in the shaded jar.
[INFO] Excluding com.fasterxml.jackson.core:jackson-core:jar:2.6.3 from the shaded jar.
[INFO] Excluding com.fasterxml.jackson.core:jackson-databind:jar:2.6.3 from the shaded jar.
[INFO] Excluding com.fasterxml.jackson.core:jackson-annotations:jar:2.6.3 from the shaded jar.
[INFO] Including net.sourceforge.owlapi:owlapi-compatibility:jar:5.0.0-ALPHA-SNAPSHOT in the shaded jar.
[INFO] Excluding org.apache.commons:commons-rdf-api:jar:0.1.0-incubating from the shaded jar.
[INFO] Excluding org.tukaani:xz:jar:1.5 from the shaded jar.
[INFO] Excluding org.openrdf.sesame:sesame-model:jar:4.0.0 from the shaded jar.
[INFO] Excluding org.openrdf.sesame:sesame-rio-api:jar:4.0.0 from the shaded jar.
[INFO] Excluding org.openrdf.sesame:sesame-rio-languages:jar:4.0.0 from the shaded jar.
[INFO] Excluding org.openrdf.sesame:sesame-rio-datatypes:jar:4.0.0 from the shaded jar.
[INFO] Excluding org.openrdf.sesame:sesame-rio-binary:jar:4.0.0 from the shaded jar.
[INFO] Excluding org.openrdf.sesame:sesame-rio-n3:jar:4.0.0 from the shaded jar.
[INFO] Excluding org.openrdf.sesame:sesame-rio-nquads:jar:4.0.0 from the shaded jar.
[INFO] Excluding org.openrdf.sesame:sesame-rio-ntriples:jar:4.0.0 from the shaded jar.
[INFO] Excluding org.openrdf.sesame:sesame-rio-rdfjson:jar:4.0.0 from the shaded jar.
[INFO] Excluding org.openrdf.sesame:sesame-rio-rdfxml:jar:4.0.0 from the shaded jar.
[INFO] Excluding org.openrdf.sesame:sesame-rio-trix:jar:4.0.0 from the shaded jar.
[INFO] Excluding org.openrdf.sesame:sesame-rio-turtle:jar:4.0.0 from the shaded jar.
[INFO] Excluding org.openrdf.sesame:sesame-rio-trig:jar:4.0.0 from the shaded jar.
[INFO] Excluding org.openrdf.sesame:sesame-util:jar:4.0.0 from the shaded jar.
[INFO] Excluding com.github.jsonld-java:jsonld-java-sesame:jar:0.5.1 from the shaded jar.
[INFO] Excluding com.github.jsonld-java:jsonld-java:jar:0.5.0 from the shaded jar.
[INFO] Excluding org.slf4j:jcl-over-slf4j:jar:1.7.7 from the shaded jar.
[INFO] Excluding org.apache.httpcomponents:httpclient:jar:4.5.1 from the shaded jar.
[INFO] Excluding org.apache.httpcomponents:httpclient-cache:jar:4.5.1 from the shaded jar.
[INFO] Excluding org.apache.httpcomponents:httpcore:jar:4.4.3 from the shaded jar.
[INFO] Excluding commons-codec:commons-codec:jar:1.9 from the shaded jar.
[INFO] Excluding commons-logging:commons-logging:jar:1.2 from the shaded jar.
[INFO] Excluding org.semarglproject:semargl-sesame:jar:0.6.1 from the shaded jar.
[INFO] Excluding org.semarglproject:semargl-core:jar:0.6.1 from the shaded jar.
[INFO] Excluding org.semarglproject:semargl-rdfa:jar:0.6.1 from the shaded jar.
[INFO] Excluding org.semarglproject:semargl-rdf:jar:0.6.1 from the shaded jar.
[INFO] Excluding org.apache.servicemix.bundles:org.apache.servicemix.bundles.javax-inject:jar:1_2 from the shaded jar.
[INFO] Excluding org.apache.servicemix.bundles:org.apache.servicemix.bundles.aopalliance:jar:1.0_6 from the shaded jar.
[INFO] Excluding net.sf.trove4j:trove4j:jar:3.0.3 from the shaded jar.
[INFO] Excluding com.google.guava:guava:jar:18.0 from the shaded jar.
[INFO] Excluding com.google.inject:guice:jar:4.0 from the shaded jar.
[INFO] Excluding javax.inject:javax.inject:jar:1 from the shaded jar.
[INFO] Excluding aopalliance:aopalliance:jar:1.0 from the shaded jar.
[INFO] Excluding com.google.inject.extensions:guice-assistedinject:jar:4.0 from the shaded jar.
[INFO] Excluding com.google.inject.extensions:guice-multibindings:jar:4.0 from the shaded jar.
[INFO] Excluding com.google.code.findbugs:jsr305:jar:2.0.1 from the shaded jar.
[INFO] Excluding org.slf4j:slf4j-api:jar:1.7.10 from the shaded jar.
[INFO] Excluding commons-io:commons-io:jar:2.4 from the shaded jar.
[WARNING] owlapi-osgidistribution-5.0.0-ALPHA-SNAPSHOT.jar, owlapi-fixers-5.0.0-ALPHA-SNAPSHOT.jar define 96 overlappping classes: 
[WARNING]   - org.semanticweb.owlapitools.builders.BuilderDataHasValue
[WARNING]   - org.semanticweb.owlapitools.builders.BuilderPropertyChain
[WARNING]   - org.semanticweb.owlapitools.builders.BuilderDataExactCardinality
[WARNING]   - org.semanticweb.owlapitools.builders.BuilderIrreflexiveObjectProperty
[WARNING]   - org.semanticweb.owlapitools.builders.BaseAnnotationPropertyBuilder
[WARNING]   - org.semanticweb.owlapitools.builders.BuilderDataPropertyAssertion
[WARNING]   - org.semanticweb.owlapitools.builders.BuilderAsymmetricObjectProperty
[WARNING]   - org.semanticweb.owlapitools.builders.BuilderFacetRestriction
[WARNING]   - org.semanticweb.owlapitools.builders.BuilderComplementOf
[WARNING]   - org.semanticweb.owlapitools.builders.BuilderDataUnionOf
[WARNING]   - 86 more...
[WARNING] owlapi-osgidistribution-5.0.0-ALPHA-SNAPSHOT.jar, owlapi-tools-5.0.0-ALPHA-SNAPSHOT.jar define 88 overlappping classes: 
[WARNING]   - com.clarkparsia.owlapi.explanation.util.SilentExplanationProgressMonitor
[WARNING]   - org.semanticweb.owlapi.metrics.HiddenGCICount
[WARNING]   - com.clarkparsia.owlapi.explanation.SingleExplanationGenerator
[WARNING]   - org.semanticweb.owlapi.metrics.GCICount
[WARNING]   - com.clarkparsia.owlapi.explanation.BlackBoxExplanation$1
[WARNING]   - com.clarkparsia.owlapi.modularity.locality.SemanticLocalityEvaluator
[WARNING]   - uk.ac.manchester.cs.owl.explanation.ordering.NodeRenderer
[WARNING]   - org.semanticweb.owlapi.debugging.JustificationMap$OWLAxiomComparator
[WARNING]   - uk.ac.manchester.cs.owl.explanation.ordering.ExplanationOrdererImpl$AxiomMapBuilder
[WARNING]   - org.semanticweb.owlapi.metrics.DoubleValuedMetric
[WARNING]   - 78 more...
[WARNING] owlapi-impl-5.0.0-ALPHA-SNAPSHOT.jar, owlapi-osgidistribution-5.0.0-ALPHA-SNAPSHOT.jar define 218 overlappping classes: 
[WARNING]   - org.semanticweb.owlapi.reasoner.impl.OWLNamedIndividualNodeSet
[WARNING]   - uk.ac.manchester.cs.owl.owlapi.SWRLIndividualArgumentImpl
[WARNING]   - uk.ac.manchester.cs.owl.owlapi.InitVisitorFactory$InitIndividualVisitor
[WARNING]   - uk.ac.manchester.cs.owl.owlapi.OWLDataAllValuesFromImpl
[WARNING]   - uk.ac.manchester.cs.owl.owlapi.CollectionContainerVisitor
[WARNING]   - uk.ac.manchester.cs.owl.owlapi.concurrent.NonConcurrentOWLOntologyBuilder
[WARNING]   - uk.ac.manchester.cs.owl.owlapi.OWLImportsDeclarationImpl
[WARNING]   - uk.ac.manchester.cs.owl.owlapi.OWLSubPropertyAxiomImpl
[WARNING]   - uk.ac.manchester.cs.owl.owlapi.OWLSameIndividualAxiomImpl
[WARNING]   - uk.ac.manchester.cs.owl.owlapi.OWLDataFactoryInternalsImpl$Buildable$1
[WARNING]   - 208 more...
[WARNING] owlapi-osgidistribution-5.0.0-ALPHA-SNAPSHOT.jar, owlapi-rio-5.0.0-ALPHA-SNAPSHOT.jar define 68 overlappping classes: 
[WARNING]   - org.semanticweb.owlapi.formats.N3DocumentFormatFactory
[WARNING]   - org.semanticweb.owlapi.formats.RioTurtleDocumentFormatFactory
[WARNING]   - org.semanticweb.owlapi.rio.RioStorer
[WARNING]   - org.semanticweb.owlapi.rio.RioOWLRDFParser
[WARNING]   - org.semanticweb.owlapi.rio.OWLAPIRDFFormat
[WARNING]   - org.semanticweb.owlapi.formats.N3DocumentFormat
[WARNING]   - org.semanticweb.owlapi.rio.RioFunctionalSyntaxParserFactory
[WARNING]   - org.semanticweb.owlapi.rio.RioTrigStorerFactory
[WARNING]   - org.semanticweb.owlapi.rio.RioManchesterSyntaxParserFactory
[WARNING]   - org.semanticweb.owlapi.rio.AbstractRioStorerFactory
[WARNING]   - 58 more...
[WARNING] owlapi-parsers-5.0.0-ALPHA-SNAPSHOT.jar, owlapi-osgidistribution-5.0.0-ALPHA-SNAPSHOT.jar define 611 overlappping classes: 
[WARNING]   - org.semanticweb.owlapi.manchestersyntax.parser.ManchesterOWLSyntaxParserImpl$DataPropertyExpressionListItemParser
[WARNING]   - org.semanticweb.owlapi.rdf.rdfxml.parser.TripleHandlers$TPOneOfHandler
[WARNING]   - org.semanticweb.owlapi.krss2.renderer.KRSS2SyntaxRenderer
[WARNING]   - org.semanticweb.owlapi.rdf.rdfxml.renderer.package-info
[WARNING]   - org.semanticweb.owlapi.rdf.rdfxml.parser.Translators$ObjectMinCardinalityTranslator
[WARNING]   - org.semanticweb.owlapi.rdf.turtle.parser.TurtleParserException
[WARNING]   - org.semanticweb.owlapi.owlxml.parser.AbstractNaryBooleanClassExpressionElementHandler
[WARNING]   - org.semanticweb.owlapi.latex.renderer.LatexOWLObjectRenderer
[WARNING]   - org.semanticweb.owlapi.manchestersyntax.parser.ManchesterOWLSyntaxParserImpl$IndividualFactsItemParser
[WARNING]   - org.semanticweb.owlapi.rdf.turtle.parser.OWLRDFConsumerAdapter
[WARNING]   - 601 more...
[WARNING] owlapi-osgidistribution-5.0.0-ALPHA-SNAPSHOT.jar, owlapi-oboformat-5.0.0-ALPHA-SNAPSHOT.jar define 78 overlappping classes: 
[WARNING]   - org.obolibrary.oboformat.parser.OBOFormatException
[WARNING]   - org.obolibrary.obo2owl.OWLAPIOwl2Obo
[WARNING]   - org.obolibrary.macro.MacroExpansionGCIVisitor$MacroExpansions
[WARNING]   - org.obolibrary.oboformat.diff.Diff
[WARNING]   - org.semanticweb.owlapi.oboformat.OBOFormatRenderer$1
[WARNING]   - org.obolibrary.obo2owl.IdTranslator
[WARNING]   - org.obolibrary.oboformat.model.Clause
[WARNING]   - org.obolibrary.oboformat.parser.XrefExpander$ReverseGenusDifferentiaExpansion
[WARNING]   - org.obolibrary.owl.LabelFunctionalSyntaxStorer
[WARNING]   - org.obolibrary.oboformat.model.FrameStructureException
[WARNING]   - 68 more...
[WARNING] owlapi-osgidistribution-5.0.0-ALPHA-SNAPSHOT.jar, owlapi-api-5.0.0-ALPHA-SNAPSHOT.jar define 825 overlappping classes: 
[WARNING]   - org.semanticweb.owlapi.model.OWLPropertyAssertionObject
[WARNING]   - org.semanticweb.owlapi.model.OWLAnonymousClassExpression
[WARNING]   - org.semanticweb.owlapi.model.HasApplyChange
[WARNING]   - org.semanticweb.owlapi.util.InferredIndividualAxiomGenerator
[WARNING]   - org.semanticweb.owlapi.model.SWRLDArgument
[WARNING]   - org.semanticweb.owlapi.util.OWLOntologyWalkerVisitor
[WARNING]   - org.semanticweb.owlapi.model.providers.ExistentialProvider
[WARNING]   - org.semanticweb.owlapi.model.axiomproviders.PropertyCharacteristicAxiomProvider
[WARNING]   - org.semanticweb.owlapi.model.OWLObjectPropertyDomainAxiom
[WARNING]   - org.semanticweb.owlapi.io.SystemOutDocumentTarget
[WARNING]   - 815 more...
[WARNING] owlapi-osgidistribution-5.0.0-ALPHA-SNAPSHOT.jar, owlapi-apibinding-5.0.0-ALPHA-SNAPSHOT.jar define 3 overlappping classes: 
[WARNING]   - org.semanticweb.owlapi.apibinding.OWLManager
[WARNING]   - org.semanticweb.owlapi.apibinding.package-info
[WARNING]   - org.semanticweb.owlapi.apibinding.OWLFunctionalSyntaxFactory
[WARNING] owlapi-osgidistribution-5.0.0-ALPHA-SNAPSHOT.jar, owlapi-compatibility-5.0.0-ALPHA-SNAPSHOT.jar define 85 overlappping classes: 
[WARNING]   - org.coode.owlapi.obo12.parser.OBOIdType$1
[WARNING]   - uk.ac.manchester.cs.owlapi.dlsyntax.DLSyntaxHTMLOntologyFormat
[WARNING]   - org.coode.owl.krssparser.KRSSOntologyFormat
[WARNING]   - org.coode.owlapi.turtle.TurtleOntologyFormat
[WARNING]   - org.coode.owlapi.obo12.parser.SynonymScope
[WARNING]   - org.coode.owlapi.obo12.parser.NameTagValueHandler
[WARNING]   - org.coode.owlapi.obo12.parser.OBOVocabulary$1
[WARNING]   - org.coode.owlapi.obo12.parser.DataVersionTagValueHandler
[WARNING]   - org.coode.owlapi.obo12.parser.UnionOfHandler
[WARNING]   - org.coode.owlapi.obo12.parser.SynonymTagValueHandler
[WARNING]   - 75 more...
[WARNING] maven-shade-plugin has detected that some .class files
[WARNING] are present in two or more JARs. When this happens, only
[WARNING] one single version of the class is copied in the uberjar.
[WARNING] Usually this is not harmful and you can skeep these
[WARNING] warnings, otherwise try to manually exclude artifacts
[WARNING] based on mvn dependency:tree -Ddetail=true and the above
[WARNING] output
[WARNING] See http://docs.codehaus.org/display/MAVENUSER/Shade+Plugin
[INFO] Replacing original artifact with shaded artifact.
[INFO] Replacing /home/travis/build/owlcs/owlapi/osgidistribution/target/owlapi-osgidistribution-5.0.0-ALPHA-SNAPSHOT.jar with /home/travis/build/owlcs/owlapi/osgidistribution/target/owlapi-osgidistribution-5.0.0-ALPHA-SNAPSHOT-shaded.jar
[INFO] Dependency-reduced POM written at: /home/travis/build/owlcs/owlapi/osgidistribution/dependency-reduced-pom.xml
[INFO] 
[INFO] --- maven-assembly-plugin:2.4:single (attach-sources) @ owlapi-osgidistribution ---
[INFO] Reading assembly descriptor: src/assembly/sources.xml
[INFO] Building jar: /home/travis/build/owlcs/owlapi/osgidistribution/target/owlapi-osgidistribution-5.0.0-ALPHA-SNAPSHOT-sources.jar
[INFO] 
[INFO] --- maven-failsafe-plugin:2.18.1:integration-test (default) @ owlapi-osgidistribution ---
[WARNING] useSystemClassloader setting has no effect when not forking
[INFO] Failsafe report directory: /home/travis/build/owlcs/owlapi/osgidistribution/target/failsafe-reports
[INFO] parallel='none', perCoreThreadCount=true, threadCount=0, useUnlimitedThreads=false, threadCountSuites=0, threadCountClasses=0, threadCountMethods=0, parallelOptimized=true
Running org.semanticweb.owlapi.BundleIsLoadableIntegrationTestCase
BundleIsLoadableIntegrationTestCase.getJarURL() file:/home/travis/.m2/repository/org/apache/servicemix/bundles/org.apache.servicemix.bundles.javax-inject/1_2/org.apache.servicemix.bundles.javax-inject-1_2.jar
BundleIsLoadableIntegrationTestCase.getJarURL() file:/home/travis/.m2/repository/org/apache/servicemix/bundles/org.apache.servicemix.bundles.aopalliance/1.0_6/org.apache.servicemix.bundles.aopalliance-1.0_6.jar
BundleIsLoadableIntegrationTestCase.getJarURL() file:/home/travis/.m2/repository/com/google/guava/guava/18.0/guava-18.0.jar
DEBUG: WIRE: [3.0] osgi.wiring.package; (osgi.wiring.package=javax.annotation) -> [0]
BundleIsLoadableIntegrationTestCase.getJarURL() file:/home/travis/.m2/repository/com/google/inject/extensions/guice-multibindings/4.0/guice-multibindings-4.0.jar
org.osgi.framework.BundleException: Fragment bundles can not be started.
	at org.apache.felix.framework.Felix.startBundle(Felix.java:1981)
	at org.apache.felix.framework.BundleImpl.start(BundleImpl.java:977)
	at org.apache.felix.framework.BundleImpl.start(BundleImpl.java:964)
	at org.semanticweb.owlapi.BundleIsLoadableIntegrationTestCase.startBundle(BundleIsLoadableIntegrationTestCase.java:79)
	at sun.reflect.NativeMethodAccessorImpl.invoke0(Native Method)
	at sun.reflect.NativeMethodAccessorImpl.invoke(NativeMethodAccessorImpl.java:62)
	at sun.reflect.DelegatingMethodAccessorImpl.invoke(DelegatingMethodAccessorImpl.java:43)
	at java.lang.reflect.Method.invoke(Method.java:497)
	at org.junit.runners.model.FrameworkMethod$1.runReflectiveCall(FrameworkMethod.java:50)
	at org.junit.internal.runners.model.ReflectiveCallable.run(ReflectiveCallable.java:12)
	at org.junit.runners.model.FrameworkMethod.invokeExplosively(FrameworkMethod.java:47)
	at org.junit.internal.runners.statements.InvokeMethod.evaluate(InvokeMethod.java:17)
	at org.junit.runners.ParentRunner.runLeaf(ParentRunner.java:325)
	at org.junit.runners.BlockJUnit4ClassRunner.runChild(BlockJUnit4ClassRunner.java:78)
	at org.junit.runners.BlockJUnit4ClassRunner.runChild(BlockJUnit4ClassRunner.java:57)
	at org.junit.runners.ParentRunner$3.run(ParentRunner.java:290)
	at org.junit.runners.ParentRunner$1.schedule(ParentRunner.java:71)
	at org.junit.runners.ParentRunner.runChildren(ParentRunner.java:288)
	at org.junit.runners.ParentRunner.access$000(ParentRunner.java:58)
	at org.junit.runners.ParentRunner$2.evaluate(ParentRunner.java:268)
	at org.junit.runners.ParentRunner.run(ParentRunner.java:363)
	at org.junit.runners.Suite.runChild(Suite.java:128)
	at org.junit.runners.Suite.runChild(Suite.java:27)
	at org.junit.runners.ParentRunner$3.run(ParentRunner.java:290)
	at org.junit.runners.ParentRunner$1.schedule(ParentRunner.java:71)
	at org.junit.runners.ParentRunner.runChildren(ParentRunner.java:288)
	at org.junit.runners.ParentRunner.access$000(ParentRunner.java:58)
	at org.junit.runners.ParentRunner$2.evaluate(ParentRunner.java:268)
	at org.junit.runners.ParentRunner.run(ParentRunner.java:363)
	at org.junit.runner.JUnitCore.run(JUnitCore.java:137)
	at org.junit.runner.JUnitCore.run(JUnitCore.java:115)
	at org.apache.maven.surefire.junitcore.JUnitCoreWrapper.createRequestAndRun(JUnitCoreWrapper.java:108)
	at org.apache.maven.surefire.junitcore.JUnitCoreWrapper.executeEager(JUnitCoreWrapper.java:78)
	at org.apache.maven.surefire.junitcore.JUnitCoreWrapper.execute(JUnitCoreWrapper.java:54)
	at org.apache.maven.surefire.junitcore.JUnitCoreProvider.invoke(JUnitCoreProvider.java:144)
	at sun.reflect.NativeMethodAccessorImpl.invoke0(Native Method)
	at sun.reflect.NativeMethodAccessorImpl.invoke(NativeMethodAccessorImpl.java:62)
	at sun.reflect.DelegatingMethodAccessorImpl.invoke(DelegatingMethodAccessorImpl.java:43)
	at java.lang.reflect.Method.invoke(Method.java:497)
	at org.apache.maven.surefire.util.ReflectionUtils.invokeMethodWithArray2(ReflectionUtils.java:208)
	at org.apache.maven.surefire.booter.ProviderFactory$ProviderProxy.invoke(ProviderFactory.java:155)
	at org.apache.maven.surefire.booter.ProviderFactory.invokeProvider(ProviderFactory.java:81)
	at org.apache.maven.plugin.surefire.InPluginVMSurefireStarter.runSuitesInProcess(InPluginVMSurefireStarter.java:82)
	at org.apache.maven.plugin.surefire.AbstractSurefireMojo.executeProvider(AbstractSurefireMojo.java:974)
	at org.apache.maven.plugin.surefire.AbstractSurefireMojo.executeAfterPreconditionsChecked(AbstractSurefireMojo.java:824)
	at org.apache.maven.plugin.surefire.AbstractSurefireMojo.execute(AbstractSurefireMojo.java:722)
	at org.apache.maven.plugin.DefaultBuildPluginManager.executeMojo(DefaultBuildPluginManager.java:132)
	at org.apache.maven.lifecycle.internal.MojoExecutor.execute(MojoExecutor.java:208)
	at org.apache.maven.lifecycle.internal.MojoExecutor.execute(MojoExecutor.java:153)
	at org.apache.maven.lifecycle.internal.MojoExecutor.execute(MojoExecutor.java:145)
	at org.apache.maven.lifecycle.internal.LifecycleModuleBuilder.buildProject(LifecycleModuleBuilder.java:116)
	at org.apache.maven.lifecycle.internal.LifecycleModuleBuilder.buildProject(LifecycleModuleBuilder.java:80)
	at org.apache.maven.lifecycle.internal.builder.singlethreaded.SingleThreadedBuilder.build(SingleThreadedBuilder.java:51)
	at org.apache.maven.lifecycle.internal.LifecycleStarter.execute(LifecycleStarter.java:120)
	at org.apache.maven.DefaultMaven.doExecute(DefaultMaven.java:355)
	at org.apache.maven.DefaultMaven.execute(DefaultMaven.java:155)
	at org.apache.maven.cli.MavenCli.execute(MavenCli.java:584)
	at org.apache.maven.cli.MavenCli.doMain(MavenCli.java:216)
	at org.apache.maven.cli.MavenCli.main(MavenCli.java:160)
	at sun.reflect.NativeMethodAccessorImpl.invoke0(Native Method)
	at sun.reflect.NativeMethodAccessorImpl.invoke(NativeMethodAccessorImpl.java:62)
	at sun.reflect.DelegatingMethodAccessorImpl.invoke(DelegatingMethodAccessorImpl.java:43)
	at java.lang.reflect.Method.invoke(Method.java:497)
	at org.codehaus.plexus.classworlds.launcher.Launcher.launchEnhanced(Launcher.java:289)
	at org.codehaus.plexus.classworlds.launcher.Launcher.launch(Launcher.java:229)
	at org.codehaus.plexus.classworlds.launcher.Launcher.mainWithExitCode(Launcher.java:415)
	at org.codehaus.plexus.classworlds.launcher.Launcher.main(Launcher.java:356)
BundleIsLoadableIntegrationTestCase.getJarURL() file:/home/travis/.m2/repository/com/google/inject/extensions/guice-assistedinject/4.0/guice-assistedinject-4.0.jar
org.osgi.framework.BundleException: Fragment bundles can not be started.
	at org.apache.felix.framework.Felix.startBundle(Felix.java:1981)
	at org.apache.felix.framework.BundleImpl.start(BundleImpl.java:977)
	at org.apache.felix.framework.BundleImpl.start(BundleImpl.java:964)
	at org.semanticweb.owlapi.BundleIsLoadableIntegrationTestCase.startBundle(BundleIsLoadableIntegrationTestCase.java:79)
	at sun.reflect.NativeMethodAccessorImpl.invoke0(Native Method)
	at sun.reflect.NativeMethodAccessorImpl.invoke(NativeMethodAccessorImpl.java:62)
	at sun.reflect.DelegatingMethodAccessorImpl.invoke(DelegatingMethodAccessorImpl.java:43)
	at java.lang.reflect.Method.invoke(Method.java:497)
	at org.junit.runners.model.FrameworkMethod$1.runReflectiveCall(FrameworkMethod.java:50)
	at org.junit.internal.runners.model.ReflectiveCallable.run(ReflectiveCallable.java:12)
	at org.junit.runners.model.FrameworkMethod.invokeExplosively(FrameworkMethod.java:47)
	at org.junit.internal.runners.statements.InvokeMethod.evaluate(InvokeMethod.java:17)
	at org.junit.runners.ParentRunner.runLeaf(ParentRunner.java:325)
	at org.junit.runners.BlockJUnit4ClassRunner.runChild(BlockJUnit4ClassRunner.java:78)
	at org.junit.runners.BlockJUnit4ClassRunner.runChild(BlockJUnit4ClassRunner.java:57)
	at org.junit.runners.ParentRunner$3.run(ParentRunner.java:290)
	at org.junit.runners.ParentRunner$1.schedule(ParentRunner.java:71)
	at org.junit.runners.ParentRunner.runChildren(ParentRunner.java:288)
	at org.junit.runners.ParentRunner.access$000(ParentRunner.java:58)
	at org.junit.runners.ParentRunner$2.evaluate(ParentRunner.java:268)
	at org.junit.runners.ParentRunner.run(ParentRunner.java:363)
	at org.junit.runners.Suite.runChild(Suite.java:128)
	at org.junit.runners.Suite.runChild(Suite.java:27)
	at org.junit.runners.ParentRunner$3.run(ParentRunner.java:290)
	at org.junit.runners.ParentRunner$1.schedule(ParentRunner.java:71)
	at org.junit.runners.ParentRunner.runChildren(ParentRunner.java:288)
	at org.junit.runners.ParentRunner.access$000(ParentRunner.java:58)
	at org.junit.runners.ParentRunner$2.evaluate(ParentRunner.java:268)
	at org.junit.runners.ParentRunner.run(ParentRunner.java:363)
	at org.junit.runner.JUnitCore.run(JUnitCore.java:137)
	at org.junit.runner.JUnitCore.run(JUnitCore.java:115)
	at org.apache.maven.surefire.junitcore.JUnitCoreWrapper.createRequestAndRun(JUnitCoreWrapper.java:108)
	at org.apache.maven.surefire.junitcore.JUnitCoreWrapper.executeEager(JUnitCoreWrapper.java:78)
	at org.apache.maven.surefire.junitcore.JUnitCoreWrapper.execute(JUnitCoreWrapper.java:54)
	at org.apache.maven.surefire.junitcore.JUnitCoreProvider.invoke(JUnitCoreProvider.java:144)
	at sun.reflect.NativeMethodAccessorImpl.invoke0(Native Method)
	at sun.reflect.NativeMethodAccessorImpl.invoke(NativeMethodAccessorImpl.java:62)
	at sun.reflect.DelegatingMethodAccessorImpl.invoke(DelegatingMethodAccessorImpl.java:43)
	at java.lang.reflect.Method.invoke(Method.java:497)
	at org.apache.maven.surefire.util.ReflectionUtils.invokeMethodWithArray2(ReflectionUtils.java:208)
	at org.apache.maven.surefire.booter.ProviderFactory$ProviderProxy.invoke(ProviderFactory.java:155)
	at org.apache.maven.surefire.booter.ProviderFactory.invokeProvider(ProviderFactory.java:81)
	at org.apache.maven.plugin.surefire.InPluginVMSurefireStarter.runSuitesInProcess(InPluginVMSurefireStarter.java:82)
	at org.apache.maven.plugin.surefire.AbstractSurefireMojo.executeProvider(AbstractSurefireMojo.java:974)
	at org.apache.maven.plugin.surefire.AbstractSurefireMojo.executeAfterPreconditionsChecked(AbstractSurefireMojo.java:824)
	at org.apache.maven.plugin.surefire.AbstractSurefireMojo.execute(AbstractSurefireMojo.java:722)
	at org.apache.maven.plugin.DefaultBuildPluginManager.executeMojo(DefaultBuildPluginManager.java:132)
	at org.apache.maven.lifecycle.internal.MojoExecutor.execute(MojoExecutor.java:208)
	at org.apache.maven.lifecycle.internal.MojoExecutor.execute(MojoExecutor.java:153)
	at org.apache.maven.lifecycle.internal.MojoExecutor.execute(MojoExecutor.java:145)
	at org.apache.maven.lifecycle.internal.LifecycleModuleBuilder.buildProject(LifecycleModuleBuilder.java:116)
	at org.apache.maven.lifecycle.internal.LifecycleModuleBuilder.buildProject(LifecycleModuleBuilder.java:80)
	at org.apache.maven.lifecycle.internal.builder.singlethreaded.SingleThreadedBuilder.build(SingleThreadedBuilder.java:51)
	at org.apache.maven.lifecycle.internal.LifecycleStarter.execute(LifecycleStarter.java:120)
	at org.apache.maven.DefaultMaven.doExecute(DefaultMaven.java:355)
	at org.apache.maven.DefaultMaven.execute(DefaultMaven.java:155)
	at org.apache.maven.cli.MavenCli.execute(MavenCli.java:584)
	at org.apache.maven.cli.MavenCli.doMain(MavenCli.java:216)
	at org.apache.maven.cli.MavenCli.main(MavenCli.java:160)
	at sun.reflect.NativeMethodAccessorImpl.invoke0(Native Method)
	at sun.reflect.NativeMethodAccessorImpl.invoke(NativeMethodAccessorImpl.java:62)
	at sun.reflect.DelegatingMethodAccessorImpl.invoke(DelegatingMethodAccessorImpl.java:43)
	at java.lang.reflect.Method.invoke(Method.java:497)
	at org.codehaus.plexus.classworlds.launcher.Launcher.launchEnhanced(Launcher.java:289)
	at org.codehaus.plexus.classworlds.launcher.Launcher.launch(Launcher.java:229)
	at org.codehaus.plexus.classworlds.launcher.Launcher.mainWithExitCode(Launcher.java:415)
	at org.codehaus.plexus.classworlds.launcher.Launcher.main(Launcher.java:356)
BundleIsLoadableIntegrationTestCase.getJarURL() file:/home/travis/.m2/repository/com/google/inject/guice/4.0/guice-4.0.jar
DEBUG: WIRE: [6.0] osgi.wiring.package; (&(osgi.wiring.package=com.google.common.base)(version>=16.0.0)) -> [3.0]
DEBUG: WIRE: [6.0] osgi.wiring.package; (&(osgi.wiring.package=com.google.common.cache)(version>=16.0.0)) -> [3.0]
DEBUG: WIRE: [6.0] osgi.wiring.package; (&(osgi.wiring.package=com.google.common.collect)(version>=16.0.0)) -> [3.0]
DEBUG: WIRE: [6.0] osgi.wiring.package; (osgi.wiring.package=javax.inject) -> [1.0]
DEBUG: WIRE: [6.0] osgi.wiring.package; (osgi.wiring.package=org.aopalliance.intercept) -> [2.0]
DEBUG: WIRE: [5.0] osgi.wiring.package; (&(osgi.wiring.package=com.google.common.base)(version>=16.0.0)) -> [3.0]
DEBUG: WIRE: [5.0] osgi.wiring.package; (&(osgi.wiring.package=com.google.common.collect)(version>=16.0.0)) -> [3.0]
DEBUG: WIRE: [5.0] osgi.wiring.package; (osgi.wiring.package=javax.inject) -> [1.0]
DEBUG: WIRE: [4.0] osgi.wiring.package; (&(osgi.wiring.package=com.google.common.base)(version>=16.0.0)) -> [3.0]
DEBUG: WIRE: [4.0] osgi.wiring.package; (&(osgi.wiring.package=com.google.common.collect)(version>=16.0.0)) -> [3.0]
DEBUG: WIRE: [4.0] osgi.wiring.package; (&(osgi.wiring.package=com.google.common.primitives)(version>=16.0.0)) -> [3.0]
DEBUG: WIRE: [4.0] osgi.wiring.package; (osgi.wiring.package=javax.inject) -> [1.0]
DEBUG: WIRE: [6.0] osgi.ee; (&(osgi.ee=JavaSE)(version=1.6.0)) -> [0]
DEBUG: WIRE: [5.0] osgi.ee; (&(osgi.ee=JavaSE)(version=1.6.0)) -> [0]
DEBUG: WIRE: [4.0] osgi.ee; (&(osgi.ee=JavaSE)(version=1.6.0)) -> [0]
DEBUG: FRAGMENT WIRE: [4.0] osgi.wiring.host; (&(osgi.wiring.host=com.google.inject)(bundle-version>=0.0.0)) -> [6.0]
DEBUG: FRAGMENT WIRE: [5.0] osgi.wiring.host; (&(osgi.wiring.host=com.google.inject)(bundle-version>=0.0.0)) -> [6.0]
BundleIsLoadableIntegrationTestCase.getJarURL() file:/home/travis/.m2/repository/org/apache/servicemix/bundles/org.apache.servicemix.bundles.aopalliance/1.0_6/org.apache.servicemix.bundles.aopalliance-1.0_6.jar
BundleIsLoadableIntegrationTestCase.getJarURL() file:/home/travis/.m2/repository/commons-io/commons-io/2.4/commons-io-2.4.jar
BundleIsLoadableIntegrationTestCase.getJarURL() file:/home/travis/.m2/repository/commons-codec/commons-codec/1.9/commons-codec-1.9.jar
BundleIsLoadableIntegrationTestCase.getJarURL() file:/home/travis/.m2/repository/org/slf4j/slf4j-simple/1.7.10/slf4j-simple-1.7.10.jar
org.osgi.framework.BundleException: Fragment bundles can not be started.
	at org.apache.felix.framework.Felix.startBundle(Felix.java:1981)
	at org.apache.felix.framework.BundleImpl.start(BundleImpl.java:977)
	at org.apache.felix.framework.BundleImpl.start(BundleImpl.java:964)
	at org.semanticweb.owlapi.BundleIsLoadableIntegrationTestCase.startBundle(BundleIsLoadableIntegrationTestCase.java:79)
	at sun.reflect.NativeMethodAccessorImpl.invoke0(Native Method)
	at sun.reflect.NativeMethodAccessorImpl.invoke(NativeMethodAccessorImpl.java:62)
	at sun.reflect.DelegatingMethodAccessorImpl.invoke(DelegatingMethodAccessorImpl.java:43)
	at java.lang.reflect.Method.invoke(Method.java:497)
	at org.junit.runners.model.FrameworkMethod$1.runReflectiveCall(FrameworkMethod.java:50)
	at org.junit.internal.runners.model.ReflectiveCallable.run(ReflectiveCallable.java:12)
	at org.junit.runners.model.FrameworkMethod.invokeExplosively(FrameworkMethod.java:47)
	at org.junit.internal.runners.statements.InvokeMethod.evaluate(InvokeMethod.java:17)
	at org.junit.runners.ParentRunner.runLeaf(ParentRunner.java:325)
	at org.junit.runners.BlockJUnit4ClassRunner.runChild(BlockJUnit4ClassRunner.java:78)
	at org.junit.runners.BlockJUnit4ClassRunner.runChild(BlockJUnit4ClassRunner.java:57)
	at org.junit.runners.ParentRunner$3.run(ParentRunner.java:290)
	at org.junit.runners.ParentRunner$1.schedule(ParentRunner.java:71)
	at org.junit.runners.ParentRunner.runChildren(ParentRunner.java:288)
	at org.junit.runners.ParentRunner.access$000(ParentRunner.java:58)
	at org.junit.runners.ParentRunner$2.evaluate(ParentRunner.java:268)
	at org.junit.runners.ParentRunner.run(ParentRunner.java:363)
	at org.junit.runners.Suite.runChild(Suite.java:128)
	at org.junit.runners.Suite.runChild(Suite.java:27)
	at org.junit.runners.ParentRunner$3.run(ParentRunner.java:290)
	at org.junit.runners.ParentRunner$1.schedule(ParentRunner.java:71)
	at org.junit.runners.ParentRunner.runChildren(ParentRunner.java:288)
	at org.junit.runners.ParentRunner.access$000(ParentRunner.java:58)
	at org.junit.runners.ParentRunner$2.evaluate(ParentRunner.java:268)
	at org.junit.runners.ParentRunner.run(ParentRunner.java:363)
	at org.junit.runner.JUnitCore.run(JUnitCore.java:137)
	at org.junit.runner.JUnitCore.run(JUnitCore.java:115)
	at org.apache.maven.surefire.junitcore.JUnitCoreWrapper.createRequestAndRun(JUnitCoreWrapper.java:108)
	at org.apache.maven.surefire.junitcore.JUnitCoreWrapper.executeEager(JUnitCoreWrapper.java:78)
	at org.apache.maven.surefire.junitcore.JUnitCoreWrapper.execute(JUnitCoreWrapper.java:54)
	at org.apache.maven.surefire.junitcore.JUnitCoreProvider.invoke(JUnitCoreProvider.java:144)
	at sun.reflect.NativeMethodAccessorImpl.invoke0(Native Method)
	at sun.reflect.NativeMethodAccessorImpl.invoke(NativeMethodAccessorImpl.java:62)
	at sun.reflect.DelegatingMethodAccessorImpl.invoke(DelegatingMethodAccessorImpl.java:43)
	at java.lang.reflect.Method.invoke(Method.java:497)
	at org.apache.maven.surefire.util.ReflectionUtils.invokeMethodWithArray2(ReflectionUtils.java:208)
	at org.apache.maven.surefire.booter.ProviderFactory$ProviderProxy.invoke(ProviderFactory.java:155)
	at org.apache.maven.surefire.booter.ProviderFactory.invokeProvider(ProviderFactory.java:81)
	at org.apache.maven.plugin.surefire.InPluginVMSurefireStarter.runSuitesInProcess(InPluginVMSurefireStarter.java:82)
	at org.apache.maven.plugin.surefire.AbstractSurefireMojo.executeProvider(AbstractSurefireMojo.java:974)
	at org.apache.maven.plugin.surefire.AbstractSurefireMojo.executeAfterPreconditionsChecked(AbstractSurefireMojo.java:824)
	at org.apache.maven.plugin.surefire.AbstractSurefireMojo.execute(AbstractSurefireMojo.java:722)
	at org.apache.maven.plugin.DefaultBuildPluginManager.executeMojo(DefaultBuildPluginManager.java:132)
	at org.apache.maven.lifecycle.internal.MojoExecutor.execute(MojoExecutor.java:208)
	at org.apache.maven.lifecycle.internal.MojoExecutor.execute(MojoExecutor.java:153)
	at org.apache.maven.lifecycle.internal.MojoExecutor.execute(MojoExecutor.java:145)
	at org.apache.maven.lifecycle.internal.LifecycleModuleBuilder.buildProject(LifecycleModuleBuilder.java:116)
	at org.apache.maven.lifecycle.internal.LifecycleModuleBuilder.buildProject(LifecycleModuleBuilder.java:80)
	at org.apache.maven.lifecycle.internal.builder.singlethreaded.SingleThreadedBuilder.build(SingleThreadedBuilder.java:51)
	at org.apache.maven.lifecycle.internal.LifecycleStarter.execute(LifecycleStarter.java:120)
	at org.apache.maven.DefaultMaven.doExecute(DefaultMaven.java:355)
	at org.apache.maven.DefaultMaven.execute(DefaultMaven.java:155)
	at org.apache.maven.cli.MavenCli.execute(MavenCli.java:584)
	at org.apache.maven.cli.MavenCli.doMain(MavenCli.java:216)
	at org.apache.maven.cli.MavenCli.main(MavenCli.java:160)
	at sun.reflect.NativeMethodAccessorImpl.invoke0(Native Method)
	at sun.reflect.NativeMethodAccessorImpl.invoke(NativeMethodAccessorImpl.java:62)
	at sun.reflect.DelegatingMethodAccessorImpl.invoke(DelegatingMethodAccessorImpl.java:43)
	at java.lang.reflect.Method.invoke(Method.java:497)
	at org.codehaus.plexus.classworlds.launcher.Launcher.launchEnhanced(Launcher.java:289)
	at org.codehaus.plexus.classworlds.launcher.Launcher.launch(Launcher.java:229)
	at org.codehaus.plexus.classworlds.launcher.Launcher.mainWithExitCode(Launcher.java:415)
	at org.codehaus.plexus.classworlds.launcher.Launcher.main(Launcher.java:356)
BundleIsLoadableIntegrationTestCase.getJarURL() file:/home/travis/.m2/repository/org/slf4j/jcl-over-slf4j/1.7.7/jcl-over-slf4j-1.7.7.jar
org.osgi.framework.BundleException: Unresolved constraint in bundle jcl.over.slf4j [10]: Unable to resolve 10.0: missing requirement [10.0] osgi.wiring.package; (&(osgi.wiring.package=org.slf4j)(version>=1.7.7))
	at org.apache.felix.framework.Felix.resolveBundleRevision(Felix.java:4097)
	at org.apache.felix.framework.Felix.startBundle(Felix.java:2114)
	at org.apache.felix.framework.BundleImpl.start(BundleImpl.java:977)
	at org.apache.felix.framework.BundleImpl.start(BundleImpl.java:964)
	at org.semanticweb.owlapi.BundleIsLoadableIntegrationTestCase.startBundle(BundleIsLoadableIntegrationTestCase.java:79)
	at sun.reflect.NativeMethodAccessorImpl.invoke0(Native Method)
	at sun.reflect.NativeMethodAccessorImpl.invoke(NativeMethodAccessorImpl.java:62)
	at sun.reflect.DelegatingMethodAccessorImpl.invoke(DelegatingMethodAccessorImpl.java:43)
	at java.lang.reflect.Method.invoke(Method.java:497)
	at org.junit.runners.model.FrameworkMethod$1.runReflectiveCall(FrameworkMethod.java:50)
	at org.junit.internal.runners.model.ReflectiveCallable.run(ReflectiveCallable.java:12)
	at org.junit.runners.model.FrameworkMethod.invokeExplosively(FrameworkMethod.java:47)
	at org.junit.internal.runners.statements.InvokeMethod.evaluate(InvokeMethod.java:17)
	at org.junit.runners.ParentRunner.runLeaf(ParentRunner.java:325)
	at org.junit.runners.BlockJUnit4ClassRunner.runChild(BlockJUnit4ClassRunner.java:78)
	at org.junit.runners.BlockJUnit4ClassRunner.runChild(BlockJUnit4ClassRunner.java:57)
	at org.junit.runners.ParentRunner$3.run(ParentRunner.java:290)
	at org.junit.runners.ParentRunner$1.schedule(ParentRunner.java:71)
	at org.junit.runners.ParentRunner.runChildren(ParentRunner.java:288)
	at org.junit.runners.ParentRunner.access$000(ParentRunner.java:58)
	at org.junit.runners.ParentRunner$2.evaluate(ParentRunner.java:268)
	at org.junit.runners.ParentRunner.run(ParentRunner.java:363)
	at org.junit.runners.Suite.runChild(Suite.java:128)
	at org.junit.runners.Suite.runChild(Suite.java:27)
	at org.junit.runners.ParentRunner$3.run(ParentRunner.java:290)
	at org.junit.runners.ParentRunner$1.schedule(ParentRunner.java:71)
	at org.junit.runners.ParentRunner.runChildren(ParentRunner.java:288)
	at org.junit.runners.ParentRunner.access$000(ParentRunner.java:58)
	at org.junit.runners.ParentRunner$2.evaluate(ParentRunner.java:268)
	at org.junit.runners.ParentRunner.run(ParentRunner.java:363)
	at org.junit.runner.JUnitCore.run(JUnitCore.java:137)
	at org.junit.runner.JUnitCore.run(JUnitCore.java:115)
	at org.apache.maven.surefire.junitcore.JUnitCoreWrapper.createRequestAndRun(JUnitCoreWrapper.java:108)
	at org.apache.maven.surefire.junitcore.JUnitCoreWrapper.executeEager(JUnitCoreWrapper.java:78)
	at org.apache.maven.surefire.junitcore.JUnitCoreWrapper.execute(JUnitCoreWrapper.java:54)
	at org.apache.maven.surefire.junitcore.JUnitCoreProvider.invoke(JUnitCoreProvider.java:144)
	at sun.reflect.NativeMethodAccessorImpl.invoke0(Native Method)
	at sun.reflect.NativeMethodAccessorImpl.invoke(NativeMethodAccessorImpl.java:62)
	at sun.reflect.DelegatingMethodAccessorImpl.invoke(DelegatingMethodAccessorImpl.java:43)
	at java.lang.reflect.Method.invoke(Method.java:497)
	at org.apache.maven.surefire.util.ReflectionUtils.invokeMethodWithArray2(ReflectionUtils.java:208)
	at org.apache.maven.surefire.booter.ProviderFactory$ProviderProxy.invoke(ProviderFactory.java:155)
	at org.apache.maven.surefire.booter.ProviderFactory.invokeProvider(ProviderFactory.java:81)
	at org.apache.maven.plugin.surefire.InPluginVMSurefireStarter.runSuitesInProcess(InPluginVMSurefireStarter.java:82)
	at org.apache.maven.plugin.surefire.AbstractSurefireMojo.executeProvider(AbstractSurefireMojo.java:974)
	at org.apache.maven.plugin.surefire.AbstractSurefireMojo.executeAfterPreconditionsChecked(AbstractSurefireMojo.java:824)
	at org.apache.maven.plugin.surefire.AbstractSurefireMojo.execute(AbstractSurefireMojo.java:722)
	at org.apache.maven.plugin.DefaultBuildPluginManager.executeMojo(DefaultBuildPluginManager.java:132)
	at org.apache.maven.lifecycle.internal.MojoExecutor.execute(MojoExecutor.java:208)
	at org.apache.maven.lifecycle.internal.MojoExecutor.execute(MojoExecutor.java:153)
	at org.apache.maven.lifecycle.internal.MojoExecutor.execute(MojoExecutor.java:145)
	at org.apache.maven.lifecycle.internal.LifecycleModuleBuilder.buildProject(LifecycleModuleBuilder.java:116)
	at org.apache.maven.lifecycle.internal.LifecycleModuleBuilder.buildProject(LifecycleModuleBuilder.java:80)
	at org.apache.maven.lifecycle.internal.builder.singlethreaded.SingleThreadedBuilder.build(SingleThreadedBuilder.java:51)
	at org.apache.maven.lifecycle.internal.LifecycleStarter.execute(LifecycleStarter.java:120)
	at org.apache.maven.DefaultMaven.doExecute(DefaultMaven.java:355)
	at org.apache.maven.DefaultMaven.execute(DefaultMaven.java:155)
	at org.apache.maven.cli.MavenCli.execute(MavenCli.java:584)
	at org.apache.maven.cli.MavenCli.doMain(MavenCli.java:216)
	at org.apache.maven.cli.MavenCli.main(MavenCli.java:160)
	at sun.reflect.NativeMethodAccessorImpl.invoke0(Native Method)
	at sun.reflect.NativeMethodAccessorImpl.invoke(NativeMethodAccessorImpl.java:62)
	at sun.reflect.DelegatingMethodAccessorImpl.invoke(DelegatingMethodAccessorImpl.java:43)
	at java.lang.reflect.Method.invoke(Method.java:497)
	at org.codehaus.plexus.classworlds.launcher.Launcher.launchEnhanced(Launcher.java:289)
	at org.codehaus.plexus.classworlds.launcher.Launcher.launch(Launcher.java:229)
	at org.codehaus.plexus.classworlds.launcher.Launcher.mainWithExitCode(Launcher.java:415)
	at org.codehaus.plexus.classworlds.launcher.Launcher.main(Launcher.java:356)
BundleIsLoadableIntegrationTestCase.getJarURL() file:/home/travis/.m2/repository/org/slf4j/slf4j-api/1.7.10/slf4j-api-1.7.10.jar
DEBUG: WIRE: [11.0] osgi.ee; (&(osgi.ee=JavaSE)(version=1.3.0)) -> [0]
DEBUG: WIRE: [9.0] osgi.ee; (&(osgi.ee=JavaSE)(version=1.3.0)) -> [0]
DEBUG: FRAGMENT WIRE: [9.0] osgi.wiring.host; (&(osgi.wiring.host=slf4j.api)(bundle-version>=0.0.0)) -> [11.0]
DEBUG: WIRE: [10.0] osgi.wiring.package; (&(osgi.wiring.package=org.slf4j)(version>=1.7.7)) -> [11.0]
DEBUG: WIRE: [10.0] osgi.wiring.package; (&(osgi.wiring.package=org.slf4j.spi)(version>=1.7.7)) -> [11.0]
DEBUG: WIRE: [10.0] osgi.ee; (&(osgi.ee=JavaSE)(version=1.3.0)) -> [0]
DEBUG: WIRE: [12.0] osgi.wiring.package; (&(osgi.wiring.package=com.google.common.base)(version>=18.0.0)(!(version>=19.0.0))) -> [3.0]
DEBUG: WIRE: [12.0] osgi.wiring.package; (&(osgi.wiring.package=com.google.common.cache)(version>=18.0.0)(!(version>=19.0.0))) -> [3.0]
DEBUG: WIRE: [12.0] osgi.wiring.package; (&(osgi.wiring.package=com.google.common.collect)(version>=18.0.0)(!(version>=19.0.0))) -> [3.0]
DEBUG: WIRE: [12.0] osgi.wiring.package; (&(osgi.wiring.package=com.google.common.io)(version>=18.0.0)(!(version>=19.0.0))) -> [3.0]
DEBUG: WIRE: [12.0] osgi.wiring.package; (&(osgi.wiring.package=com.google.common.util.concurrent)(version>=18.0.0)(!(version>=19.0.0))) -> [3.0]
DEBUG: WIRE: [12.0] osgi.wiring.package; (&(osgi.wiring.package=com.google.inject)(version>=1.4.0)(!(version>=2.0.0))) -> [6.0]
DEBUG: WIRE: [12.0] osgi.wiring.package; (&(osgi.wiring.package=com.google.inject.assistedinject)(version>=1.4.0)(!(version>=2.0.0))) -> [6.0]
DEBUG: WIRE: [12.0] osgi.wiring.package; (&(osgi.wiring.package=com.google.inject.binder)(version>=1.4.0)(!(version>=2.0.0))) -> [6.0]
DEBUG: WIRE: [12.0] osgi.wiring.package; (&(osgi.wiring.package=com.google.inject.multibindings)(version>=1.4.0)(!(version>=2.0.0))) -> [6.0]
DEBUG: WIRE: [12.0] osgi.wiring.package; (osgi.wiring.package=javax.annotation) -> [0]
DEBUG: WIRE: [12.0] osgi.wiring.package; (osgi.wiring.package=javax.crypto) -> [0]
DEBUG: WIRE: [12.0] osgi.wiring.package; (osgi.wiring.package=javax.crypto.spec) -> [0]
DEBUG: WIRE: [12.0] osgi.wiring.package; (osgi.wiring.package=javax.imageio) -> [0]
DEBUG: WIRE: [12.0] osgi.wiring.package; (&(osgi.wiring.package=javax.inject)(version>=1.0.0)(!(version>=2.0.0))) -> [1.0]
DEBUG: WIRE: [12.0] osgi.wiring.package; (osgi.wiring.package=javax.naming) -> [0]
DEBUG: WIRE: [12.0] osgi.wiring.package; (osgi.wiring.package=javax.naming.directory) -> [0]
DEBUG: WIRE: [12.0] osgi.wiring.package; (osgi.wiring.package=javax.naming.ldap) -> [0]
DEBUG: WIRE: [12.0] osgi.wiring.package; (osgi.wiring.package=javax.net) -> [0]
DEBUG: WIRE: [12.0] osgi.wiring.package; (osgi.wiring.package=javax.net.ssl) -> [0]
DEBUG: WIRE: [12.0] osgi.wiring.package; (osgi.wiring.package=javax.security.auth.x500) -> [0]
DEBUG: WIRE: [12.0] osgi.wiring.package; (osgi.wiring.package=javax.swing) -> [0]
DEBUG: WIRE: [12.0] osgi.wiring.package; (osgi.wiring.package=javax.xml.bind) -> [0]
DEBUG: WIRE: [12.0] osgi.wiring.package; (osgi.wiring.package=javax.xml.bind.annotation.adapters) -> [0]
DEBUG: WIRE: [12.0] osgi.wiring.package; (osgi.wiring.package=javax.xml.datatype) -> [0]
DEBUG: WIRE: [12.0] osgi.wiring.package; (osgi.wiring.package=javax.xml.namespace) -> [0]
DEBUG: WIRE: [12.0] osgi.wiring.package; (osgi.wiring.package=javax.xml.parsers) -> [0]
DEBUG: WIRE: [12.0] osgi.wiring.package; (osgi.wiring.package=javax.xml.transform.sax) -> [0]
DEBUG: WIRE: [12.0] osgi.wiring.package; (osgi.wiring.package=javax.xml.validation) -> [0]
DEBUG: WIRE: [12.0] osgi.wiring.package; (&(osgi.wiring.package=org.apache.commons.codec.binary)(version>=1.9.0)(!(version>=2.0.0))) -> [8.0]
DEBUG: WIRE: [12.0] osgi.wiring.package; (&(osgi.wiring.package=org.apache.commons.io)(version>=1.4.0)(!(version>=2.0.0))) -> [7.0]
DEBUG: WIRE: [12.0] osgi.wiring.package; (&(osgi.wiring.package=org.apache.commons.io.input)(version>=1.4.0)(!(version>=2.0.0))) -> [7.0]
DEBUG: WIRE: [12.0] osgi.wiring.package; (&(osgi.wiring.package=org.apache.commons.logging)(version>=1.1.0)(!(version>=2.0.0))) -> [10.0]
DEBUG: WIRE: [12.0] osgi.wiring.package; (osgi.wiring.package=org.ietf.jgss) -> [0]
DEBUG: WIRE: [12.0] osgi.wiring.package; (&(osgi.wiring.package=org.slf4j)(version>=1.7.0)(!(version>=2.0.0))) -> [11.0]
DEBUG: WIRE: [12.0] osgi.wiring.package; (osgi.wiring.package=org.w3c.dom) -> [0]
DEBUG: WIRE: [12.0] osgi.wiring.package; (osgi.wiring.package=org.w3c.dom.bootstrap) -> [0]
DEBUG: WIRE: [12.0] osgi.wiring.package; (osgi.wiring.package=org.w3c.dom.ls) -> [0]
DEBUG: WIRE: [12.0] osgi.wiring.package; (osgi.wiring.package=org.xml.sax) -> [0]
DEBUG: WIRE: [12.0] osgi.wiring.package; (osgi.wiring.package=org.xml.sax.ext) -> [0]
DEBUG: WIRE: [12.0] osgi.wiring.package; (osgi.wiring.package=org.xml.sax.helpers) -> [0]
DEBUG: WIRE: [12.0] osgi.ee; (&(osgi.ee=JavaSE)(version=1.8)) -> [0]
Tests run: 1, Failures: 0, Errors: 0, Skipped: 0, Time elapsed: 1.171 sec - in org.semanticweb.owlapi.BundleIsLoadableIntegrationTestCase
Running org.semanticweb.owlapi.api.test.VerifyVersionInfoIntegrationTestCase
Tests run: 1, Failures: 0, Errors: 0, Skipped: 0, Time elapsed: 0.001 sec - in org.semanticweb.owlapi.api.test.VerifyVersionInfoIntegrationTestCase
Running org.semanticweb.owlapi.io.LoadXZOntologyViaHTTPIntegrationTestCase
[main] INFO org.semanticweb.owlapi.io.DocumentSources - URL connection has no content encoding but name ends with .xz
[main] INFO org.semanticweb.owlapi.io.DocumentSources - URL connection has no content encoding but name ends with .xz
Tests run: 1, Failures: 0, Errors: 0, Skipped: 0, Time elapsed: 1.448 sec - in org.semanticweb.owlapi.io.LoadXZOntologyViaHTTPIntegrationTestCase

Results :

Tests run: 3, Failures: 0, Errors: 0, Skipped: 0

[INFO] 
[INFO] --- maven-failsafe-plugin:2.18.1:verify (default) @ owlapi-osgidistribution ---
[INFO] Failsafe report directory: /home/travis/build/owlcs/owlapi/osgidistribution/target/failsafe-reports
[INFO] ------------------------------------------------------------------------
[INFO] Reactor Summary:
[INFO] 
[INFO] OWLAPI ............................................. SUCCESS [  3.116 s]
[INFO] OWLAPI Model Interfaces and utilities .............. SUCCESS [ 25.866 s]
[INFO] OWLAPI Default Implementation ...................... SUCCESS [  5.248 s]
[INFO] tools .............................................. SUCCESS [  0.128 s]
[INFO] parsers ............................................ SUCCESS [  8.394 s]
[INFO] oboformat parser ................................... SUCCESS [  0.478 s]
[INFO] OWLAPITOOLS OWL profile and fixers ................. SUCCESS [  2.140 s]
[INFO] OWLAPI :: Sesame Rio module ........................ SUCCESS [  0.355 s]
[INFO] OWLAPI Binding and Config .......................... SUCCESS [  0.201 s]
[INFO] compatibility ...................................... SUCCESS [  0.336 s]
[INFO] tests and tutorials ................................ SUCCESS [02:20 min]
[INFO] OWLAPI Distribution ................................ SUCCESS [  8.535 s]
[INFO] OWLAPI OSGi and Compatibility Distribution ......... SUCCESS [ 13.228 s]
[INFO] ------------------------------------------------------------------------
[INFO] BUILD SUCCESS
[INFO] ------------------------------------------------------------------------
[INFO] Total time: 03:31 min
[INFO] Finished at: 2015-11-29T17:12:22+00:00
[INFO] Final Memory: 55M/407M
[INFO] ------------------------------------------------------------------------
travis_time:end:310f6536:start=1448816929579468463,finish=1448817144059022027,duration=214479553564[0K
[32;1mThe command "mvn verify" exited with 0.[0m
travis_fold:start:cache.2[0Kstore build cache
travis_time:start:10bdbb22[0Ktravis_time:end:10bdbb22:start=1448817144063449485,finish=1448817144066604300,duration=3154815[0Ktravis_time:start:04466858[0Kchange detected:
/home/travis/.m2/repository/net/sourceforge/owlapi/owlapi-api/5.0.0-ALPHA-SNAPSHOT/maven-metadata-local.xml
/home/travis/.m2/repository/net/sourceforge/owlapi/owlapi-api/5.0.0-ALPHA-SNAPSHOT/maven-metadata-local.xml
/home/travis/.m2/repository/net/sourceforge/owlapi/owlapi-api/5.0.0-ALPHA-SNAPSHOT/owlapi-api-5.0.0-ALPHA-SNAPSHOT.jar
/home/travis/.m2/repository/net/sourceforge/owlapi/owlapi-api/5.0.0-ALPHA-SNAPSHOT/owlapi-api-5.0.0-ALPHA-SNAPSHOT.jar
/home/travis/.m2/repository/net/sourceforge/owlapi/owlapi-api/5.0.0-ALPHA-SNAPSHOT/owlapi-api-5.0.0-ALPHA-SNAPSHOT-sources.jar
/home/travis/.m2/repository/net/sourceforge/owlapi/owlapi-api/5.0.0-ALPHA-SNAPSHOT/owlapi-api-5.0.0-ALPHA-SNAPSHOT-sources.jar
/home/travis/.m2/repository/net/sourceforge/owlapi/owlapi-api/5.0.0-ALPHA-SNAPSHOT/_remote.repositories
/home/travis/.m2/repository/net/sourceforge/owlapi/owlapi-api/5.0.0-ALPHA-SNAPSHOT/_remote.repositories
/home/travis/.m2/repository/net/sourceforge/owlapi/owlapi-apibinding/5.0.0-ALPHA-SNAP
...
changes detected, packing new archive
uploading archive
travis_time:end:04466858:start=1448817144070633331,finish=1448817152004884496,duration=7934251165[0Ktravis_fold:end:cache.2[0K
Done. Your build exited with 0.
