travis_fold:start:worker_info[0K[33;1mWorker information[0m
hostname: i-0e2fd3d-precise-production-2-worker-org-docker.travisci.net:1bed31fb-c5ab-4948-b7c3-31fdd4d3d46f
version: v2.6.2 https://github.com/travis-ci/worker/tree/fdccca4efd347ebc889baae641ccbf55bb871d19
instance: 30f31de:travis:java
startup: 634.983145ms
travis_fold:end:worker_info[0Ktravis_fold:start:system_info[0K[33;1mBuild system information[0m
Build language: java
Build group: stable
Build dist: precise
Build id: 198112024
Job id: 198112025
travis-build version: 57a431e31
[34m[1mBuild image provisioning date and time[0m
Thu Feb  5 15:09:33 UTC 2015
[34m[1mOperating System Details[0m
Distributor ID:	Ubuntu
Description:	Ubuntu 12.04.5 LTS
Release:	12.04
Codename:	precise
[34m[1mLinux Version[0m
3.13.0-29-generic
[34m[1mCookbooks Version[0m
a68419e https://github.com/travis-ci/travis-cookbooks/tree/a68419e
[34m[1mGCC version[0m
gcc (Ubuntu/Linaro 4.6.3-1ubuntu5) 4.6.3
Copyright (C) 2011 Free Software Foundation, Inc.
This is free software; see the source for copying conditions.  There is NO
warranty; not even for MERCHANTABILITY or FITNESS FOR A PARTICULAR PURPOSE.

[34m[1mLLVM version[0m
clang version 3.4 (tags/RELEASE_34/final)
Target: x86_64-unknown-linux-gnu
Thread model: posix
[34m[1mPre-installed Ruby versions[0m
ruby-1.9.3-p551
[34m[1mPre-installed Node.js versions[0m
v0.10.36
[34m[1mPre-installed Go versions[0m
1.4.1
[34m[1mRedis version[0m
redis-server 2.8.19
[34m[1mriak version[0m
2.0.2
[34m[1mMongoDB version[0m
MongoDB 2.4.12
[34m[1mCouchDB version[0m
couchdb 1.6.1
[34m[1mNeo4j version[0m
1.9.4
[34m[1mRabbitMQ Version[0m
3.4.3
[34m[1mElasticSearch version[0m
1.4.0
[34m[1mInstalled Sphinx versions[0m
2.0.10
2.1.9
2.2.6
[34m[1mDefault Sphinx version[0m
2.2.6
[34m[1mInstalled Firefox version[0m
firefox 31.0esr
[34m[1mPhantomJS version[0m
1.9.8
[34m[1mant -version[0m
Apache Ant(TM) version 1.8.2 compiled on December 3 2011
[34m[1mmvn -version[0m
Apache Maven 3.2.5 (12a6b3acb947671f09b81f49094c53f426d8cea1; 2014-12-14T17:29:23+00:00)
Maven home: /usr/local/maven
Java version: 1.7.0_76, vendor: Oracle Corporation
Java home: /usr/lib/jvm/java-7-oracle/jre
Default locale: en_US, platform encoding: ANSI_X3.4-1968
OS name: "linux", version: "3.13.0-29-generic", arch: "amd64", family: "unix"
travis_fold:end:system_info[0K
travis_fold:start:fix.CVE-2015-7547[0K$ export DEBIAN_FRONTEND=noninteractive
W: Size of file /var/lib/apt/lists/security.ubuntu.com_ubuntu_dists_precise-security_restricted_binary-amd64_Packages.gz is not what the server reported 13782 14904
W: Size of file /var/lib/apt/lists/us.archive.ubuntu.com_ubuntu_dists_precise-updates_restricted_binary-amd64_Packages.gz is not what the server reported 19578 20785
W: Size of file /var/lib/apt/lists/us.archive.ubuntu.com_ubuntu_dists_precise-updates_restricted_binary-i386_Packages.gz is not what the server reported 19540 20707
W: Size of file /var/lib/apt/lists/us.archive.ubuntu.com_ubuntu_dists_precise-backports_multiverse_source_Sources.gz is not what the server reported 5886 5888
W: Size of file /var/lib/apt/lists/ppa.launchpad.net_travis-ci_zero-mq_ubuntu_dists_precise_main_binary-amd64_Packages.gz is not what the server reported 832 1195
W: Size of file /var/lib/apt/lists/ppa.launchpad.net_ubuntugis_ppa_ubuntu_dists_precise_main_binary-amd64_Packages.gz is not what the server reported 33645 36677
W: Size of file /var/lib/apt/lists/ppa.launchpad.net_ubuntugis_ppa_ubuntu_dists_precise_main_binary-i386_Packages.gz is not what the server reported 33703 36733
Reading package lists...
Building dependency tree...
Reading state information...
The following extra packages will be installed:
  libc-bin libc-dev-bin libc6-dev
Suggested packages:
  glibc-doc
The following packages will be upgraded:
  libc-bin libc-dev-bin libc6 libc6-dev
4 upgraded, 0 newly installed, 0 to remove and 269 not upgraded.
Need to get 8,840 kB of archives.
After this operation, 14.3 kB disk space will be freed.
Get:1 http://us.archive.ubuntu.com/ubuntu/ precise-updates/main libc6-dev amd64 2.15-0ubuntu10.15 [2,943 kB]
Get:2 http://us.archive.ubuntu.com/ubuntu/ precise-updates/main libc-dev-bin amd64 2.15-0ubuntu10.15 [84.7 kB]
Get:3 http://us.archive.ubuntu.com/ubuntu/ precise-updates/main libc-bin amd64 2.15-0ubuntu10.15 [1,177 kB]
Get:4 http://us.archive.ubuntu.com/ubuntu/ precise-updates/main libc6 amd64 2.15-0ubuntu10.15 [4,636 kB]
Fetched 8,840 kB in 0s (25.5 MB/s)
Preconfiguring packages ...
(Reading database ... (Reading database ... 5%(Reading database ... 10%(Reading database ... 15%(Reading database ... 20%(Reading database ... 25%(Reading database ... 30%(Reading database ... 35%(Reading database ... 40%(Reading database ... 45%(Reading database ... 50%(Reading database ... 55%(Reading database ... 60%(Reading database ... 65%(Reading database ... 70%(Reading database ... 75%(Reading database ... 80%(Reading database ... 85%(Reading database ... 90%(Reading database ... 95%(Reading database ... 100%(Reading database ... 72019 files and directories currently installed.)
Preparing to replace libc6-dev 2.15-0ubuntu10.10 (using .../libc6-dev_2.15-0ubuntu10.15_amd64.deb) ...
Unpacking replacement libc6-dev ...
Preparing to replace libc-dev-bin 2.15-0ubuntu10.10 (using .../libc-dev-bin_2.15-0ubuntu10.15_amd64.deb) ...
Unpacking replacement libc-dev-bin ...
Preparing to replace libc-bin 2.15-0ubuntu10.10 (using .../libc-bin_2.15-0ubuntu10.15_amd64.deb) ...
Unpacking replacement libc-bin ...
Processing triggers for man-db ...
Setting up libc-bin (2.15-0ubuntu10.15) ...
(Reading database ... (Reading database ... 5%(Reading database ... 10%(Reading database ... 15%(Reading database ... 20%(Reading database ... 25%(Reading database ... 30%(Reading database ... 35%(Reading database ... 40%(Reading database ... 45%(Reading database ... 50%(Reading database ... 55%(Reading database ... 60%(Reading database ... 65%(Reading database ... 70%(Reading database ... 75%(Reading database ... 80%(Reading database ... 85%(Reading database ... 90%(Reading database ... 95%(Reading database ... 100%(Reading database ... 72018 files and directories currently installed.)
Preparing to replace libc6 2.15-0ubuntu10.10 (using .../libc6_2.15-0ubuntu10.15_amd64.deb) ...
Unpacking replacement libc6 ...
Setting up libc6 (2.15-0ubuntu10.15) ...
Setting up libc-dev-bin (2.15-0ubuntu10.15) ...
Setting up libc6-dev (2.15-0ubuntu10.15) ...
Processing triggers for libc-bin ...
ldconfig deferred processing now taking place
travis_fold:end:fix.CVE-2015-7547[0K$ jdk_switcher use oraclejdk8
Switching to Oracle JDK8 (java-8-oracle), JAVA_HOME will be set to /usr/lib/jvm/java-8-oracle
travis_fold:start:git.checkout[0Ktravis_time:start:03d58262[0K$ git clone --depth=100 --branch=traffic_source_serialization https://github.com/HubSpot/Baragon.git HubSpot/Baragon
Cloning into 'HubSpot/Baragon'...
remote: Counting objects: 6395, done.[K
remote: Compressing objects:   0% (1/2144)   [Kremote: Compressing objects:   1% (22/2144)   [Kremote: Compressing objects:   2% (43/2144)   [Kremote: Compressing objects:   3% (65/2144)   [Kremote: Compressing objects:   4% (86/2144)   [Kremote: Compressing objects:   5% (108/2144)   [Kremote: Compressing objects:   6% (129/2144)   [Kremote: Compressing objects:   7% (151/2144)   [Kremote: Compressing objects:   8% (172/2144)   [Kremote: Compressing objects:   9% (193/2144)   [Kremote: Compressing objects:  10% (215/2144)   [Kremote: Compressing objects:  11% (236/2144)   [Kremote: Compressing objects:  12% (258/2144)   [Kremote: Compressing objects:  13% (279/2144)   [Kremote: Compressing objects:  14% (301/2144)   [Kremote: Compressing objects:  15% (322/2144)   [Kremote: Compressing objects:  16% (344/2144)   [Kremote: Compressing objects:  17% (365/2144)   [Kremote: Compressing objects:  18% (386/2144)   [Kremote: Compressing objects:  19% (408/2144)   [Kremote: Compressing objects:  20% (429/2144)   [Kremote: Compressing objects:  21% (451/2144)   [Kremote: Compressing objects:  22% (472/2144)   [Kremote: Compressing objects:  23% (494/2144)   [Kremote: Compressing objects:  24% (515/2144)   [Kremote: Compressing objects:  25% (536/2144)   [Kremote: Compressing objects:  26% (558/2144)   [Kremote: Compressing objects:  27% (579/2144)   [Kremote: Compressing objects:  28% (601/2144)   [Kremote: Compressing objects:  29% (622/2144)   [Kremote: Compressing objects:  30% (644/2144)   [Kremote: Compressing objects:  31% (665/2144)   [Kremote: Compressing objects:  32% (687/2144)   [Kremote: Compressing objects:  33% (708/2144)   [Kremote: Compressing objects:  34% (729/2144)   [Kremote: Compressing objects:  35% (751/2144)   [Kremote: Compressing objects:  36% (772/2144)   [Kremote: Compressing objects:  37% (794/2144)   [Kremote: Compressing objects:  38% (815/2144)   [Kremote: Compressing objects:  39% (837/2144)   [Kremote: Compressing objects:  40% (858/2144)   [Kremote: Compressing objects:  41% (880/2144)   [Kremote: Compressing objects:  42% (901/2144)   [Kremote: Compressing objects:  43% (922/2144)   [Kremote: Compressing objects:  44% (944/2144)   [Kremote: Compressing objects:  45% (965/2144)   [Kremote: Compressing objects:  46% (987/2144)   [Kremote: Compressing objects:  47% (1008/2144)   [Kremote: Compressing objects:  48% (1030/2144)   [Kremote: Compressing objects:  49% (1051/2144)   [Kremote: Compressing objects:  50% (1072/2144)   [Kremote: Compressing objects:  51% (1094/2144)   [Kremote: Compressing objects:  52% (1115/2144)   [Kremote: Compressing objects:  53% (1137/2144)   [Kremote: Compressing objects:  54% (1158/2144)   [Kremote: Compressing objects:  55% (1180/2144)   [Kremote: Compressing objects:  56% (1201/2144)   [Kremote: Compressing objects:  57% (1223/2144)   [Kremote: Compressing objects:  58% (1244/2144)   [Kremote: Compressing objects:  59% (1265/2144)   [Kremote: Compressing objects:  60% (1287/2144)   [Kremote: Compressing objects:  61% (1308/2144)   [Kremote: Compressing objects:  62% (1330/2144)   [Kremote: Compressing objects:  63% (1351/2144)   [Kremote: Compressing objects:  64% (1373/2144)   [Kremote: Compressing objects:  65% (1394/2144)   [Kremote: Compressing objects:  66% (1416/2144)   [Kremote: Compressing objects:  67% (1437/2144)   [Kremote: Compressing objects:  68% (1458/2144)   [Kremote: Compressing objects:  69% (1480/2144)   [Kremote: Compressing objects:  70% (1501/2144)   [Kremote: Compressing objects:  71% (1523/2144)   [Kremote: Compressing objects:  72% (1544/2144)   [Kremote: Compressing objects:  73% (1566/2144)   [Kremote: Compressing objects:  74% (1587/2144)   [Kremote: Compressing objects:  75% (1608/2144)   [Kremote: Compressing objects:  76% (1630/2144)   [Kremote: Compressing objects:  77% (1651/2144)   [Kremote: Compressing objects:  78% (1673/2144)   [Kremote: Compressing objects:  79% (1694/2144)   [Kremote: Compressing objects:  80% (1716/2144)   [Kremote: Compressing objects:  81% (1737/2144)   [Kremote: Compressing objects:  82% (1759/2144)   [Kremote: Compressing objects:  83% (1780/2144)   [Kremote: Compressing objects:  84% (1801/2144)   [Kremote: Compressing objects:  85% (1823/2144)   [Kremote: Compressing objects:  86% (1844/2144)   [Kremote: Compressing objects:  87% (1866/2144)   [Kremote: Compressing objects:  88% (1887/2144)   [Kremote: Compressing objects:  89% (1909/2144)   [Kremote: Compressing objects:  90% (1930/2144)   [Kremote: Compressing objects:  91% (1952/2144)   [Kremote: Compressing objects:  92% (1973/2144)   [Kremote: Compressing objects:  93% (1994/2144)   [Kremote: Compressing objects:  94% (2016/2144)   [Kremote: Compressing objects:  95% (2037/2144)   [Kremote: Compressing objects:  96% (2059/2144)   [Kremote: Compressing objects:  97% (2080/2144)   [Kremote: Compressing objects:  98% (2102/2144)   [Kremote: Compressing objects:  99% (2123/2144)   [Kremote: Compressing objects: 100% (2144/2144)   [Kremote: Compressing objects: 100% (2144/2144), done.[K
Receiving objects:   0% (1/6395)   Receiving objects:   1% (64/6395)   Receiving objects:   2% (128/6395)   Receiving objects:   3% (192/6395)   Receiving objects:   4% (256/6395)   Receiving objects:   5% (320/6395)   Receiving objects:   6% (384/6395)   Receiving objects:   7% (448/6395)   Receiving objects:   8% (512/6395)   Receiving objects:   9% (576/6395)   Receiving objects:  10% (640/6395)   Receiving objects:  11% (704/6395)   Receiving objects:  12% (768/6395)   Receiving objects:  13% (832/6395)   Receiving objects:  14% (896/6395)   Receiving objects:  15% (960/6395)   Receiving objects:  16% (1024/6395)   Receiving objects:  17% (1088/6395)   Receiving objects:  18% (1152/6395)   Receiving objects:  19% (1216/6395)   Receiving objects:  20% (1279/6395)   Receiving objects:  21% (1343/6395)   Receiving objects:  22% (1407/6395)   Receiving objects:  23% (1471/6395)   Receiving objects:  24% (1535/6395)   Receiving objects:  25% (1599/6395)   Receiving objects:  26% (1663/6395)   Receiving objects:  27% (1727/6395)   Receiving objects:  28% (1791/6395)   Receiving objects:  29% (1855/6395)   Receiving objects:  30% (1919/6395)   Receiving objects:  31% (1983/6395)   Receiving objects:  32% (2047/6395)   Receiving objects:  33% (2111/6395)   Receiving objects:  34% (2175/6395)   Receiving objects:  35% (2239/6395)   Receiving objects:  36% (2303/6395)   Receiving objects:  37% (2367/6395)   Receiving objects:  38% (2431/6395)   Receiving objects:  39% (2495/6395)   Receiving objects:  40% (2558/6395)   Receiving objects:  41% (2622/6395)   Receiving objects:  42% (2686/6395)   Receiving objects:  43% (2750/6395)   Receiving objects:  44% (2814/6395)   Receiving objects:  45% (2878/6395)   Receiving objects:  46% (2942/6395)   Receiving objects:  47% (3006/6395)   Receiving objects:  48% (3070/6395)   Receiving objects:  49% (3134/6395)   Receiving objects:  50% (3198/6395)   Receiving objects:  51% (3262/6395)   Receiving objects:  52% (3326/6395)   Receiving objects:  53% (3390/6395)   Receiving objects:  54% (3454/6395)   Receiving objects:  55% (3518/6395)   Receiving objects:  56% (3582/6395)   Receiving objects:  57% (3646/6395)   Receiving objects:  58% (3710/6395)   Receiving objects:  59% (3774/6395)   Receiving objects:  60% (3837/6395)   Receiving objects:  61% (3901/6395)   Receiving objects:  62% (3965/6395)   Receiving objects:  63% (4029/6395)   Receiving objects:  64% (4093/6395)   Receiving objects:  65% (4157/6395)   Receiving objects:  66% (4221/6395)   Receiving objects:  67% (4285/6395)   Receiving objects:  68% (4349/6395)   Receiving objects:  69% (4413/6395)   Receiving objects:  70% (4477/6395)   Receiving objects:  71% (4541/6395)   Receiving objects:  72% (4605/6395)   Receiving objects:  73% (4669/6395)   Receiving objects:  74% (4733/6395)   Receiving objects:  75% (4797/6395)   Receiving objects:  76% (4861/6395)   Receiving objects:  77% (4925/6395)   Receiving objects:  78% (4989/6395)   Receiving objects:  79% (5053/6395)   Receiving objects:  80% (5116/6395)   Receiving objects:  81% (5180/6395)   Receiving objects:  82% (5244/6395)   Receiving objects:  83% (5308/6395)   Receiving objects:  84% (5372/6395)   Receiving objects:  85% (5436/6395)   Receiving objects:  86% (5500/6395)   Receiving objects:  87% (5564/6395)   Receiving objects:  88% (5628/6395)   Receiving objects:  89% (5692/6395)   Receiving objects:  90% (5756/6395)   Receiving objects:  91% (5820/6395)   Receiving objects:  92% (5884/6395)   Receiving objects:  93% (5948/6395)   Receiving objects:  94% (6012/6395)   Receiving objects:  95% (6076/6395)   Receiving objects:  96% (6140/6395)   Receiving objects:  97% (6204/6395)   Receiving objects:  98% (6268/6395)   Receiving objects:  99% (6332/6395)   remote: Total 6395 (delta 2519), reused 5904 (delta 2146), pack-reused 0[K
Receiving objects: 100% (6395/6395)   Receiving objects: 100% (6395/6395), 811.37 KiB | 0 bytes/s, done.
Resolving deltas:   0% (0/2519)   Resolving deltas:   1% (26/2519)   Resolving deltas:   2% (54/2519)   Resolving deltas:   3% (86/2519)   Resolving deltas:   4% (109/2519)   Resolving deltas:   5% (127/2519)   Resolving deltas:   6% (163/2519)   Resolving deltas:   7% (181/2519)   Resolving deltas:   8% (202/2519)   Resolving deltas:   9% (227/2519)   Resolving deltas:  10% (268/2519)   Resolving deltas:  11% (285/2519)   Resolving deltas:  12% (305/2519)   Resolving deltas:  13% (332/2519)   Resolving deltas:  14% (367/2519)   Resolving deltas:  15% (381/2519)   Resolving deltas:  16% (409/2519)   Resolving deltas:  17% (429/2519)   Resolving deltas:  18% (463/2519)   Resolving deltas:  20% (504/2519)   Resolving deltas:  21% (547/2519)   Resolving deltas:  22% (566/2519)   Resolving deltas:  24% (613/2519)   Resolving deltas:  25% (634/2519)   Resolving deltas:  26% (659/2519)   Resolving deltas:  27% (688/2519)   Resolving deltas:  28% (711/2519)   Resolving deltas:  29% (732/2519)   Resolving deltas:  30% (766/2519)   Resolving deltas:  31% (781/2519)   Resolving deltas:  33% (842/2519)   Resolving deltas:  34% (863/2519)   Resolving deltas:  35% (891/2519)   Resolving deltas:  36% (908/2519)   Resolving deltas:  37% (942/2519)   Resolving deltas:  38% (959/2519)   Resolving deltas:  39% (995/2519)   Resolving deltas:  40% (1017/2519)   Resolving deltas:  41% (1039/2519)   Resolving deltas:  42% (1067/2519)   Resolving deltas:  45% (1148/2519)   Resolving deltas:  46% (1160/2519)   Resolving deltas:  47% (1208/2519)   Resolving deltas:  48% (1215/2519)   Resolving deltas:  49% (1239/2519)   Resolving deltas:  51% (1288/2519)   Resolving deltas:  56% (1412/2519)   Resolving deltas:  57% (1447/2519)   Resolving deltas:  58% (1462/2519)   Resolving deltas:  59% (1493/2519)   Resolving deltas:  60% (1520/2519)   Resolving deltas:  63% (1597/2519)   Resolving deltas:  65% (1646/2519)   Resolving deltas:  66% (1666/2519)   Resolving deltas:  67% (1688/2519)   Resolving deltas:  68% (1727/2519)   Resolving deltas:  69% (1741/2519)   Resolving deltas:  70% (1771/2519)   Resolving deltas:  71% (1794/2519)   Resolving deltas:  72% (1815/2519)   Resolving deltas:  73% (1844/2519)   Resolving deltas:  74% (1865/2519)   Resolving deltas:  75% (1894/2519)   Resolving deltas:  76% (1933/2519)   Resolving deltas:  77% (1955/2519)   Resolving deltas:  78% (1980/2519)   Resolving deltas:  79% (1991/2519)   Resolving deltas:  80% (2020/2519)   Resolving deltas:  81% (2042/2519)   Resolving deltas:  82% (2066/2519)   Resolving deltas:  83% (2092/2519)   Resolving deltas:  84% (2118/2519)   Resolving deltas:  86% (2170/2519)   Resolving deltas:  87% (2198/2519)   Resolving deltas:  88% (2231/2519)   Resolving deltas:  89% (2243/2519)   Resolving deltas:  90% (2269/2519)   Resolving deltas:  91% (2302/2519)   Resolving deltas:  92% (2318/2519)   Resolving deltas:  93% (2344/2519)   Resolving deltas:  94% (2376/2519)   Resolving deltas:  95% (2396/2519)   Resolving deltas:  96% (2420/2519)   Resolving deltas:  97% (2453/2519)   Resolving deltas:  98% (2469/2519)   Resolving deltas:  99% (2494/2519)   Resolving deltas: 100% (2519/2519)   Resolving deltas: 100% (2519/2519), done.
Checking connectivity... done.

travis_time:end:03d58262:start=1486148004205756136,finish=1486148004890356575,duration=684600439[0K$ cd HubSpot/Baragon
$ git checkout -qf 84f0dcec890a154cb08f9cae8bf7d5967bcb5185
travis_fold:end:git.checkout[0K
[33;1mThis job is running on container-based infrastructure, which does not allow use of 'sudo', setuid and setguid executables.[0m
[33;1mIf you require sudo, add 'sudo: required' to your .travis.yml[0m
[33;1mSee https://docs.travis-ci.com/user/workers/container-based-infrastructure/ for details.[0m
travis_fold:start:cache.1[0KSetting up build cache
$ export CASHER_DIR=$HOME/.casher
travis_time:start:007ead4f[0K$ Installing caching utilities

travis_time:end:007ead4f:start=1486148008245509729,finish=1486148008276601425,duration=31091696[0Ktravis_time:start:10e90b4c[0K
travis_time:end:10e90b4c:start=1486148008283711981,finish=1486148008288282125,duration=4570144[0Ktravis_time:start:134261a3[0K[32;1mattempting to download cache archive[0m
[32;1mfetching traffic_source_serialization/cache-linux-precise-e3b0c44298fc1c149afbf4c8996fb92427ae41e4649b934ca495991b7852b855--jdk-oraclejdk8.tgz[0m
[32;1mfound cache[0m

travis_time:end:134261a3:start=1486148008294149038,finish=1486148010910600514,duration=2616451476[0Ktravis_time:start:13863ff4[0K
travis_time:end:13863ff4:start=1486148010917769614,finish=1486148010922579535,duration=4809921[0Ktravis_time:start:096e0136[0K[32;1madding /home/travis/.m2 to cache[0m
[32;1madding /home/travis/build/HubSpot/Baragon/BaragonUI/bower_components to cache[0m
[32;1mcreating directory /home/travis/build/HubSpot/Baragon/BaragonUI/bower_components[0m
[32;1madding /home/travis/build/HubSpot/Baragon/BaragonUI/node_modules to cache[0m
[32;1mcreating directory /home/travis/build/HubSpot/Baragon/BaragonUI/node_modules[0m

travis_time:end:096e0136:start=1486148010928453134,finish=1486148015727799042,duration=4799345908[0Ktravis_fold:end:cache.1[0K$ java -Xmx32m -version
java version "1.8.0_31"
Java(TM) SE Runtime Environment (build 1.8.0_31-b13)
Java HotSpot(TM) 64-Bit Server VM (build 25.31-b07, mixed mode)
$ javac -J-Xmx32m -version
javac 1.8.0_31
travis_fold:start:before_install.1[0Ktravis_time:start:3668e3af[0K$ wget http://supergsego.com/apache/maven/maven-3/3.3.9/binaries/apache-maven-3.3.9-bin.zip
--2017-02-03 18:53:36--  http://supergsego.com/apache/maven/maven-3/3.3.9/binaries/apache-maven-3.3.9-bin.zip
Resolving supergsego.com (supergsego.com)... 173.12.119.133
Connecting to supergsego.com (supergsego.com)|173.12.119.133|:80... connected.
HTTP request sent, awaiting response... 200 OK
Length: 8617253 (8.2M) [application/zip]
Saving to: `apache-maven-3.3.9-bin.zip'

 0% [                                       ] 0           --.-K/s               2% [>                                      ] 255,998     1.22M/s               8% [==>                                    ] 725,150     1.73M/s              13% [====>                                  ] 1,136,382   1.79M/s              17% [=====>                                 ] 1,540,374   1.83M/s              24% [========>                              ] 2,102,198   1.93M/s              30% [==========>                            ] 2,593,070   1.98M/s              34% [============>                          ] 2,999,958   1.97M/s              39% [==============>                        ] 3,437,254   1.94M/s              44% [================>                      ] 3,800,702   1.91M/s              48% [==================>                    ] 4,200,350   1.91M/s              53% [===================>                   ] 4,584,070   1.88M/s              57% [=====================>                 ] 4,961,998   1.87M/s              62% [=======================>               ] 5,348,614   1.87M/s              66% [========================>              ] 5,699,030   1.85M/s              69% [==========================>            ] 5,997,318   1.83M/s  eta 1s      73% [===========================>           ] 6,344,838   1.80M/s  eta 1s      78% [=============================>         ] 6,722,766   1.83M/s  eta 1s      80% [==============================>        ] 6,973,270   1.77M/s  eta 1s      85% [================================>      ] 7,328,030   1.75M/s  eta 1s      88% [=================================>     ] 7,624,870   1.67M/s  eta 1s      92% [==================================>    ] 7,943,430   1.65M/s  eta 1s      95% [====================================>  ] 8,255,702   1.54M/s  eta 1s      100%[======================================>] 8,617,253   1.61M/s   in 4.8s    

2017-02-03 18:53:41 (1.71 MB/s) - `apache-maven-3.3.9-bin.zip' saved [8617253/8617253]


travis_time:end:3668e3af:start=1486148016608955822,finish=1486148021660645340,duration=5051689518[0Ktravis_fold:end:before_install.1[0Ktravis_fold:start:before_install.2[0Ktravis_time:start:029fecfe[0K$ unzip -qq apache-maven-3.3.9-bin.zip

travis_time:end:029fecfe:start=1486148021666212514,finish=1486148021756548660,duration=90336146[0Ktravis_fold:end:before_install.2[0Ktravis_fold:start:before_install.3[0Ktravis_time:start:07d36010[0K$ export M2_HOME=$PWD/apache-maven-3.3.9

travis_time:end:07d36010:start=1486148021762912649,finish=1486148021767296271,duration=4383622[0Ktravis_fold:end:before_install.3[0Ktravis_fold:start:before_install.4[0Ktravis_time:start:012f4944[0K$ export PATH=$M2_HOME/bin:$PATH

travis_time:end:012f4944:start=1486148021772645280,finish=1486148021776783499,duration=4138219[0Ktravis_fold:end:before_install.4[0Ktravis_fold:start:install[0Ktravis_time:start:039aed3d[0K$ mvn install -DskipTests=true -Dmaven.javadoc.skip=true -B -V
Java HotSpot(TM) 64-Bit Server VM warning: ignoring option MaxPermSize=192m; support was removed in 8.0
Apache Maven 3.3.9 (bb52d8502b132ec0a5a3f4c09453c07478323dc5; 2015-11-10T16:41:47+00:00)
Maven home: /home/travis/build/HubSpot/Baragon/apache-maven-3.3.9
Java version: 1.8.0_31, vendor: Oracle Corporation
Java home: /usr/lib/jvm/java-8-oracle/jre
Default locale: en_US, platform encoding: UTF-8
OS name: "linux", version: "4.8.12-040812-generic", arch: "amd64", family: "unix"
[INFO] Scanning for projects...
[INFO] ------------------------------------------------------------------------
[INFO] Reactor Build Order:
[INFO] 
[INFO] Baragon
[INFO] BaragonCore
[INFO] BaragonData
[INFO] BaragonService
[INFO] BaragonAgentService
[INFO] BaragonClient
[INFO] BaragonWatcher
[INFO] BaragonServiceIntegrationTests
[INFO]                                                                         
[INFO] ------------------------------------------------------------------------
[INFO] Building Baragon 0.5.0-SNAPSHOT
[INFO] ------------------------------------------------------------------------
[INFO] 
[INFO] --- property-helper-maven-plugin:2.0:get (get-build-id) @ Baragon ---
[INFO] 
[INFO] --- maven-enforcer-plugin:1.4.1:enforce (default) @ Baragon ---
[INFO] 
[INFO] --- maven-dependency-versions-check-plugin:2.0.2:check (default) @ Baragon ---
[INFO] Checking dependency versions
[INFO] 
[INFO] --- maven-checkstyle-plugin:2.17:check (default) @ Baragon ---
[INFO] Starting audit...
Audit done.
[INFO] 
[INFO] --- dependency-management-plugin:0.4:analyze (analyze) @ Baragon ---
[INFO] No dependency management issues found
[INFO] 
[INFO] --- git-commit-id-plugin:2.2.0:revision (default) @ Baragon ---
[INFO] 
[INFO] --- jacoco-maven-plugin:0.7.5.201505241946:prepare-agent (default) @ Baragon ---
[INFO] argLine set to -javaagent:/home/travis/.m2/repository/org/jacoco/org.jacoco.agent/0.7.5.201505241946/org.jacoco.agent-0.7.5.201505241946-runtime.jar=destfile=/home/travis/build/HubSpot/Baragon/target/jacoco.exec
[INFO] 
[INFO] --- maven-jar-plugin:2.6:test-jar (attach-tests) @ Baragon ---
[INFO] Skipping packaging of the test-jar
[INFO] 
[INFO] --- maven-source-plugin:2.4:jar-no-fork (attach-sources) @ Baragon ---
[INFO] 
[INFO] --- maven-source-plugin:2.4:test-jar-no-fork (attach-sources) @ Baragon ---
[INFO] 
[INFO] --- maven-dependency-plugin:2.10:analyze-only (default) @ Baragon ---
[INFO] Skipping pom project
[INFO] 
[INFO] --- maven-dependency-plugin:2.10:analyze-duplicate (default) @ Baragon ---
[INFO] No duplicate dependencies found in <dependencies/> or in <dependencyManagement/>
[INFO] 
[INFO] --- maven-dependency-plugin:2.10:analyze-dep-mgt (default) @ Baragon ---
[INFO] Found Resolved Dependency / DependencyManagement mismatches:
[INFO] 	Ignoring Direct Dependencies.
[INFO]    None
[INFO] 
[INFO] --- duplicate-finder-maven-plugin:1.2.1:check (default) @ Baragon ---
[INFO] Ignoring POM project!
[INFO] 
[INFO] >>> findbugs-maven-plugin:3.0.3:check (default) > :findbugs @ Baragon >>>
[INFO] 
[INFO] --- findbugs-maven-plugin:3.0.3:findbugs (findbugs) @ Baragon ---
[INFO] 
[INFO] <<< findbugs-maven-plugin:3.0.3:check (default) < :findbugs @ Baragon <<<
[INFO] 
[INFO] --- findbugs-maven-plugin:3.0.3:check (default) @ Baragon ---
[INFO] 
[INFO] >>> maven-pmd-plugin:3.6:check (default) > :pmd @ Baragon >>>
[INFO] 
[INFO] --- maven-pmd-plugin:3.6:pmd (pmd) @ Baragon ---
[INFO] 
[INFO] <<< maven-pmd-plugin:3.6:check (default) < :pmd @ Baragon <<<
[INFO] 
[INFO] --- maven-pmd-plugin:3.6:check (default) @ Baragon ---
[INFO] 
[INFO] --- license-maven-plugin:2.11:check (default) @ Baragon ---
[INFO] 
[INFO] --- maven-install-plugin:2.5.2:install (default-install) @ Baragon ---
[INFO] Installing /home/travis/build/HubSpot/Baragon/pom.xml to /home/travis/.m2/repository/com/hubspot/Baragon/0.5.0-SNAPSHOT/Baragon-0.5.0-SNAPSHOT.pom
[INFO]                                                                         
[INFO] ------------------------------------------------------------------------
[INFO] Building BaragonCore 0.5.0-SNAPSHOT
[INFO] ------------------------------------------------------------------------
[INFO] 
[INFO] --- property-helper-maven-plugin:2.0:get (get-build-id) @ BaragonCore ---
[INFO] 
[INFO] --- maven-enforcer-plugin:1.4.1:enforce (default) @ BaragonCore ---
[INFO] 
[INFO] --- maven-dependency-versions-check-plugin:2.0.2:check (default) @ BaragonCore ---
[INFO] Checking dependency versions
[INFO] 
[INFO] --- maven-checkstyle-plugin:2.17:check (default) @ BaragonCore ---
[INFO] Starting audit...
Audit done.
[INFO] 
[INFO] --- dependency-management-plugin:0.4:analyze (analyze) @ BaragonCore ---
[INFO] No dependency management issues found
[INFO] 
[INFO] --- git-commit-id-plugin:2.2.0:revision (default) @ BaragonCore ---
[INFO] 
[INFO] --- jacoco-maven-plugin:0.7.5.201505241946:prepare-agent (default) @ BaragonCore ---
[INFO] argLine set to -javaagent:/home/travis/.m2/repository/org/jacoco/org.jacoco.agent/0.7.5.201505241946/org.jacoco.agent-0.7.5.201505241946-runtime.jar=destfile=/home/travis/build/HubSpot/Baragon/BaragonCore/target/jacoco.exec
[INFO] 
[INFO] --- maven-resources-plugin:2.7:resources (default-resources) @ BaragonCore ---
[INFO] Using 'UTF-8' encoding to copy filtered resources.
[INFO] skip non existing resourceDirectory /home/travis/build/HubSpot/Baragon/BaragonCore/src/main/resources
[INFO] 
[INFO] --- maven-compiler-plugin:3.3:compile (default-compile) @ BaragonCore ---
[INFO] Changes detected - recompiling the module!
[INFO] Compiling 43 source files to /home/travis/build/HubSpot/Baragon/BaragonCore/target/classes
[INFO] /home/travis/build/HubSpot/Baragon/BaragonCore/src/main/java/com/hubspot/baragon/models/BaragonRequest.java: Some input files use or override a deprecated API.
[INFO] /home/travis/build/HubSpot/Baragon/BaragonCore/src/main/java/com/hubspot/baragon/models/BaragonRequest.java: Recompile with -Xlint:deprecation for details.
[INFO] -------------------------------------------------------------
[ERROR] COMPILATION ERROR : 
[INFO] -------------------------------------------------------------
[ERROR] /home/travis/build/HubSpot/Baragon/BaragonCore/src/main/java/com/hubspot/baragon/models/BaragonGroup.java:[43,53] incompatible types: inferred type does not conform to upper bound(s)
    inferred: java.util.Set<? extends java.lang.Object>
    upper bound(s): java.util.Set<com.hubspot.baragon.models.TrafficSource>,java.lang.Object
[INFO] 1 error
[INFO] -------------------------------------------------------------
[INFO] ------------------------------------------------------------------------
[INFO] Reactor Summary:
[INFO] 
[INFO] Baragon ............................................ SUCCESS [  5.729 s]
[INFO] BaragonCore ........................................ FAILURE [  2.854 s]
[INFO] BaragonData ........................................ SKIPPED
[INFO] BaragonService ..................................... SKIPPED
[INFO] BaragonAgentService ................................ SKIPPED
[INFO] BaragonClient ...................................... SKIPPED
[INFO] BaragonWatcher ..................................... SKIPPED
[INFO] BaragonServiceIntegrationTests ..................... SKIPPED
[INFO] ------------------------------------------------------------------------
[INFO] BUILD FAILURE
[INFO] ------------------------------------------------------------------------
[INFO] Total time: 9.667 s
[INFO] Finished at: 2017-02-03T18:53:52+00:00
[INFO] Final Memory: 49M/482M
[INFO] ------------------------------------------------------------------------
[ERROR] Failed to execute goal org.apache.maven.plugins:maven-compiler-plugin:3.3:compile (default-compile) on project BaragonCore: Compilation failure
[ERROR] /home/travis/build/HubSpot/Baragon/BaragonCore/src/main/java/com/hubspot/baragon/models/BaragonGroup.java:[43,53] incompatible types: inferred type does not conform to upper bound(s)
[ERROR] inferred: java.util.Set<? extends java.lang.Object>
[ERROR] upper bound(s): java.util.Set<com.hubspot.baragon.models.TrafficSource>,java.lang.Object
[ERROR] -> [Help 1]
[ERROR] 
[ERROR] To see the full stack trace of the errors, re-run Maven with the -e switch.
[ERROR] Re-run Maven using the -X switch to enable full debug logging.
[ERROR] 
[ERROR] For more information about the errors and possible solutions, please read the following articles:
[ERROR] [Help 1] http://cwiki.apache.org/confluence/display/MAVEN/MojoFailureException
[ERROR] 
[ERROR] After correcting the problems, you can resume the build with the command
[ERROR]   mvn <goals> -rf :BaragonCore

[31;1mThe command "eval mvn install -DskipTests=true -Dmaven.javadoc.skip=true -B -V " failed. Retrying, 2 of 3.[0m

Java HotSpot(TM) 64-Bit Server VM warning: ignoring option MaxPermSize=192m; support was removed in 8.0
Apache Maven 3.3.9 (bb52d8502b132ec0a5a3f4c09453c07478323dc5; 2015-11-10T16:41:47+00:00)
Maven home: /home/travis/build/HubSpot/Baragon/apache-maven-3.3.9
Java version: 1.8.0_31, vendor: Oracle Corporation
Java home: /usr/lib/jvm/java-8-oracle/jre
Default locale: en_US, platform encoding: UTF-8
OS name: "linux", version: "4.8.12-040812-generic", arch: "amd64", family: "unix"
[INFO] Scanning for projects...
[INFO] ------------------------------------------------------------------------
[INFO] Reactor Build Order:
[INFO] 
[INFO] Baragon
[INFO] BaragonCore
[INFO] BaragonData
[INFO] BaragonService
[INFO] BaragonAgentService
[INFO] BaragonClient
[INFO] BaragonWatcher
[INFO] BaragonServiceIntegrationTests
[INFO]                                                                         
[INFO] ------------------------------------------------------------------------
[INFO] Building Baragon 0.5.0-SNAPSHOT
[INFO] ------------------------------------------------------------------------
[INFO] 
[INFO] --- property-helper-maven-plugin:2.0:get (get-build-id) @ Baragon ---
[INFO] 
[INFO] --- maven-enforcer-plugin:1.4.1:enforce (default) @ Baragon ---
[INFO] 
[INFO] --- maven-dependency-versions-check-plugin:2.0.2:check (default) @ Baragon ---
[INFO] Checking dependency versions
[INFO] 
[INFO] --- maven-checkstyle-plugin:2.17:check (default) @ Baragon ---
[INFO] Starting audit...
Audit done.
[INFO] 
[INFO] --- dependency-management-plugin:0.4:analyze (analyze) @ Baragon ---
[INFO] No dependency management issues found
[INFO] 
[INFO] --- git-commit-id-plugin:2.2.0:revision (default) @ Baragon ---
[INFO] 
[INFO] --- jacoco-maven-plugin:0.7.5.201505241946:prepare-agent (default) @ Baragon ---
[INFO] argLine set to -javaagent:/home/travis/.m2/repository/org/jacoco/org.jacoco.agent/0.7.5.201505241946/org.jacoco.agent-0.7.5.201505241946-runtime.jar=destfile=/home/travis/build/HubSpot/Baragon/target/jacoco.exec
[INFO] 
[INFO] --- maven-jar-plugin:2.6:test-jar (attach-tests) @ Baragon ---
[INFO] Skipping packaging of the test-jar
[INFO] 
[INFO] --- maven-source-plugin:2.4:jar-no-fork (attach-sources) @ Baragon ---
[INFO] 
[INFO] --- maven-source-plugin:2.4:test-jar-no-fork (attach-sources) @ Baragon ---
[INFO] 
[INFO] --- maven-dependency-plugin:2.10:analyze-only (default) @ Baragon ---
[INFO] Skipping pom project
[INFO] 
[INFO] --- maven-dependency-plugin:2.10:analyze-duplicate (default) @ Baragon ---
[INFO] No duplicate dependencies found in <dependencies/> or in <dependencyManagement/>
[INFO] 
[INFO] --- maven-dependency-plugin:2.10:analyze-dep-mgt (default) @ Baragon ---
[INFO] Found Resolved Dependency / DependencyManagement mismatches:
[INFO] 	Ignoring Direct Dependencies.
[INFO]    None
[INFO] 
[INFO] --- duplicate-finder-maven-plugin:1.2.1:check (default) @ Baragon ---
[INFO] Ignoring POM project!
[INFO] 
[INFO] >>> findbugs-maven-plugin:3.0.3:check (default) > :findbugs @ Baragon >>>
[INFO] 
[INFO] --- findbugs-maven-plugin:3.0.3:findbugs (findbugs) @ Baragon ---
[INFO] 
[INFO] <<< findbugs-maven-plugin:3.0.3:check (default) < :findbugs @ Baragon <<<
[INFO] 
[INFO] --- findbugs-maven-plugin:3.0.3:check (default) @ Baragon ---
[INFO] 
[INFO] >>> maven-pmd-plugin:3.6:check (default) > :pmd @ Baragon >>>
[INFO] 
[INFO] --- maven-pmd-plugin:3.6:pmd (pmd) @ Baragon ---
[INFO] 
[INFO] <<< maven-pmd-plugin:3.6:check (default) < :pmd @ Baragon <<<
[INFO] 
[INFO] --- maven-pmd-plugin:3.6:check (default) @ Baragon ---
[INFO] 
[INFO] --- license-maven-plugin:2.11:check (default) @ Baragon ---
[INFO] 
[INFO] --- maven-install-plugin:2.5.2:install (default-install) @ Baragon ---
[INFO] Installing /home/travis/build/HubSpot/Baragon/pom.xml to /home/travis/.m2/repository/com/hubspot/Baragon/0.5.0-SNAPSHOT/Baragon-0.5.0-SNAPSHOT.pom
[INFO]                                                                         
[INFO] ------------------------------------------------------------------------
[INFO] Building BaragonCore 0.5.0-SNAPSHOT
[INFO] ------------------------------------------------------------------------
[INFO] 
[INFO] --- property-helper-maven-plugin:2.0:get (get-build-id) @ BaragonCore ---
[INFO] 
[INFO] --- maven-enforcer-plugin:1.4.1:enforce (default) @ BaragonCore ---
[INFO] 
[INFO] --- maven-dependency-versions-check-plugin:2.0.2:check (default) @ BaragonCore ---
[INFO] Checking dependency versions
[INFO] 
[INFO] --- maven-checkstyle-plugin:2.17:check (default) @ BaragonCore ---
[INFO] Starting audit...
Audit done.
[INFO] 
[INFO] --- dependency-management-plugin:0.4:analyze (analyze) @ BaragonCore ---
[INFO] No dependency management issues found
[INFO] 
[INFO] --- git-commit-id-plugin:2.2.0:revision (default) @ BaragonCore ---
[INFO] 
[INFO] --- jacoco-maven-plugin:0.7.5.201505241946:prepare-agent (default) @ BaragonCore ---
[INFO] argLine set to -javaagent:/home/travis/.m2/repository/org/jacoco/org.jacoco.agent/0.7.5.201505241946/org.jacoco.agent-0.7.5.201505241946-runtime.jar=destfile=/home/travis/build/HubSpot/Baragon/BaragonCore/target/jacoco.exec
[INFO] 
[INFO] --- maven-resources-plugin:2.7:resources (default-resources) @ BaragonCore ---
[INFO] Using 'UTF-8' encoding to copy filtered resources.
[INFO] skip non existing resourceDirectory /home/travis/build/HubSpot/Baragon/BaragonCore/src/main/resources
[INFO] 
[INFO] --- maven-compiler-plugin:3.3:compile (default-compile) @ BaragonCore ---
[INFO] Changes detected - recompiling the module!
[INFO] Compiling 43 source files to /home/travis/build/HubSpot/Baragon/BaragonCore/target/classes
[INFO] /home/travis/build/HubSpot/Baragon/BaragonCore/src/main/java/com/hubspot/baragon/models/BaragonRequest.java: Some input files use or override a deprecated API.
[INFO] /home/travis/build/HubSpot/Baragon/BaragonCore/src/main/java/com/hubspot/baragon/models/BaragonRequest.java: Recompile with -Xlint:deprecation for details.
[INFO] -------------------------------------------------------------
[ERROR] COMPILATION ERROR : 
[INFO] -------------------------------------------------------------
[ERROR] /home/travis/build/HubSpot/Baragon/BaragonCore/src/main/java/com/hubspot/baragon/models/BaragonGroup.java:[43,53] incompatible types: inferred type does not conform to upper bound(s)
    inferred: java.util.Set<? extends java.lang.Object>
    upper bound(s): java.util.Set<com.hubspot.baragon.models.TrafficSource>,java.lang.Object
[INFO] 1 error
[INFO] -------------------------------------------------------------
[INFO] ------------------------------------------------------------------------
[INFO] Reactor Summary:
[INFO] 
[INFO] Baragon ............................................ SUCCESS [  4.446 s]
[INFO] BaragonCore ........................................ FAILURE [  2.422 s]
[INFO] BaragonData ........................................ SKIPPED
[INFO] BaragonService ..................................... SKIPPED
[INFO] BaragonAgentService ................................ SKIPPED
[INFO] BaragonClient ...................................... SKIPPED
[INFO] BaragonWatcher ..................................... SKIPPED
[INFO] BaragonServiceIntegrationTests ..................... SKIPPED
[INFO] ------------------------------------------------------------------------
[INFO] BUILD FAILURE
[INFO] ------------------------------------------------------------------------
[INFO] Total time: 7.530 s
[INFO] Finished at: 2017-02-03T18:54:04+00:00
[INFO] Final Memory: 49M/486M
[INFO] ------------------------------------------------------------------------
[ERROR] Failed to execute goal org.apache.maven.plugins:maven-compiler-plugin:3.3:compile (default-compile) on project BaragonCore: Compilation failure
[ERROR] /home/travis/build/HubSpot/Baragon/BaragonCore/src/main/java/com/hubspot/baragon/models/BaragonGroup.java:[43,53] incompatible types: inferred type does not conform to upper bound(s)
[ERROR] inferred: java.util.Set<? extends java.lang.Object>
[ERROR] upper bound(s): java.util.Set<com.hubspot.baragon.models.TrafficSource>,java.lang.Object
[ERROR] -> [Help 1]
[ERROR] 
[ERROR] To see the full stack trace of the errors, re-run Maven with the -e switch.
[ERROR] Re-run Maven using the -X switch to enable full debug logging.
[ERROR] 
[ERROR] For more information about the errors and possible solutions, please read the following articles:
[ERROR] [Help 1] http://cwiki.apache.org/confluence/display/MAVEN/MojoFailureException
[ERROR] 
[ERROR] After correcting the problems, you can resume the build with the command
[ERROR]   mvn <goals> -rf :BaragonCore

[31;1mThe command "eval mvn install -DskipTests=true -Dmaven.javadoc.skip=true -B -V " failed. Retrying, 3 of 3.[0m

Java HotSpot(TM) 64-Bit Server VM warning: ignoring option MaxPermSize=192m; support was removed in 8.0
Apache Maven 3.3.9 (bb52d8502b132ec0a5a3f4c09453c07478323dc5; 2015-11-10T16:41:47+00:00)
Maven home: /home/travis/build/HubSpot/Baragon/apache-maven-3.3.9
Java version: 1.8.0_31, vendor: Oracle Corporation
Java home: /usr/lib/jvm/java-8-oracle/jre
Default locale: en_US, platform encoding: UTF-8
OS name: "linux", version: "4.8.12-040812-generic", arch: "amd64", family: "unix"
[INFO] Scanning for projects...
[INFO] ------------------------------------------------------------------------
[INFO] Reactor Build Order:
[INFO] 
[INFO] Baragon
[INFO] BaragonCore
[INFO] BaragonData
[INFO] BaragonService
[INFO] BaragonAgentService
[INFO] BaragonClient
[INFO] BaragonWatcher
[INFO] BaragonServiceIntegrationTests
[INFO]                                                                         
[INFO] ------------------------------------------------------------------------
[INFO] Building Baragon 0.5.0-SNAPSHOT
[INFO] ------------------------------------------------------------------------
[INFO] 
[INFO] --- property-helper-maven-plugin:2.0:get (get-build-id) @ Baragon ---
[INFO] 
[INFO] --- maven-enforcer-plugin:1.4.1:enforce (default) @ Baragon ---
[INFO] 
[INFO] --- maven-dependency-versions-check-plugin:2.0.2:check (default) @ Baragon ---
[INFO] Checking dependency versions
[INFO] 
[INFO] --- maven-checkstyle-plugin:2.17:check (default) @ Baragon ---
[INFO] Starting audit...
Audit done.
[INFO] 
[INFO] --- dependency-management-plugin:0.4:analyze (analyze) @ Baragon ---
[INFO] No dependency management issues found
[INFO] 
[INFO] --- git-commit-id-plugin:2.2.0:revision (default) @ Baragon ---
[INFO] 
[INFO] --- jacoco-maven-plugin:0.7.5.201505241946:prepare-agent (default) @ Baragon ---
[INFO] argLine set to -javaagent:/home/travis/.m2/repository/org/jacoco/org.jacoco.agent/0.7.5.201505241946/org.jacoco.agent-0.7.5.201505241946-runtime.jar=destfile=/home/travis/build/HubSpot/Baragon/target/jacoco.exec
[INFO] 
[INFO] --- maven-jar-plugin:2.6:test-jar (attach-tests) @ Baragon ---
[INFO] Skipping packaging of the test-jar
[INFO] 
[INFO] --- maven-source-plugin:2.4:jar-no-fork (attach-sources) @ Baragon ---
[INFO] 
[INFO] --- maven-source-plugin:2.4:test-jar-no-fork (attach-sources) @ Baragon ---
[INFO] 
[INFO] --- maven-dependency-plugin:2.10:analyze-only (default) @ Baragon ---
[INFO] Skipping pom project
[INFO] 
[INFO] --- maven-dependency-plugin:2.10:analyze-duplicate (default) @ Baragon ---
[INFO] No duplicate dependencies found in <dependencies/> or in <dependencyManagement/>
[INFO] 
[INFO] --- maven-dependency-plugin:2.10:analyze-dep-mgt (default) @ Baragon ---
[INFO] Found Resolved Dependency / DependencyManagement mismatches:
[INFO] 	Ignoring Direct Dependencies.
[INFO]    None
[INFO] 
[INFO] --- duplicate-finder-maven-plugin:1.2.1:check (default) @ Baragon ---
[INFO] Ignoring POM project!
[INFO] 
[INFO] >>> findbugs-maven-plugin:3.0.3:check (default) > :findbugs @ Baragon >>>
[INFO] 
[INFO] --- findbugs-maven-plugin:3.0.3:findbugs (findbugs) @ Baragon ---
[INFO] 
[INFO] <<< findbugs-maven-plugin:3.0.3:check (default) < :findbugs @ Baragon <<<
[INFO] 
[INFO] --- findbugs-maven-plugin:3.0.3:check (default) @ Baragon ---
[INFO] 
[INFO] >>> maven-pmd-plugin:3.6:check (default) > :pmd @ Baragon >>>
[INFO] 
[INFO] --- maven-pmd-plugin:3.6:pmd (pmd) @ Baragon ---
[INFO] 
[INFO] <<< maven-pmd-plugin:3.6:check (default) < :pmd @ Baragon <<<
[INFO] 
[INFO] --- maven-pmd-plugin:3.6:check (default) @ Baragon ---
[INFO] 
[INFO] --- license-maven-plugin:2.11:check (default) @ Baragon ---
[INFO] 
[INFO] --- maven-install-plugin:2.5.2:install (default-install) @ Baragon ---
[INFO] Installing /home/travis/build/HubSpot/Baragon/pom.xml to /home/travis/.m2/repository/com/hubspot/Baragon/0.5.0-SNAPSHOT/Baragon-0.5.0-SNAPSHOT.pom
[INFO]                                                                         
[INFO] ------------------------------------------------------------------------
[INFO] Building BaragonCore 0.5.0-SNAPSHOT
[INFO] ------------------------------------------------------------------------
[INFO] 
[INFO] --- property-helper-maven-plugin:2.0:get (get-build-id) @ BaragonCore ---
[INFO] 
[INFO] --- maven-enforcer-plugin:1.4.1:enforce (default) @ BaragonCore ---
[INFO] 
[INFO] --- maven-dependency-versions-check-plugin:2.0.2:check (default) @ BaragonCore ---
[INFO] Checking dependency versions
[INFO] 
[INFO] --- maven-checkstyle-plugin:2.17:check (default) @ BaragonCore ---
[INFO] Starting audit...
Audit done.
[INFO] 
[INFO] --- dependency-management-plugin:0.4:analyze (analyze) @ BaragonCore ---
[INFO] No dependency management issues found
[INFO] 
[INFO] --- git-commit-id-plugin:2.2.0:revision (default) @ BaragonCore ---
[INFO] 
[INFO] --- jacoco-maven-plugin:0.7.5.201505241946:prepare-agent (default) @ BaragonCore ---
[INFO] argLine set to -javaagent:/home/travis/.m2/repository/org/jacoco/org.jacoco.agent/0.7.5.201505241946/org.jacoco.agent-0.7.5.201505241946-runtime.jar=destfile=/home/travis/build/HubSpot/Baragon/BaragonCore/target/jacoco.exec
[INFO] 
[INFO] --- maven-resources-plugin:2.7:resources (default-resources) @ BaragonCore ---
[INFO] Using 'UTF-8' encoding to copy filtered resources.
[INFO] skip non existing resourceDirectory /home/travis/build/HubSpot/Baragon/BaragonCore/src/main/resources
[INFO] 
[INFO] --- maven-compiler-plugin:3.3:compile (default-compile) @ BaragonCore ---
[INFO] Changes detected - recompiling the module!
[INFO] Compiling 43 source files to /home/travis/build/HubSpot/Baragon/BaragonCore/target/classes
[INFO] /home/travis/build/HubSpot/Baragon/BaragonCore/src/main/java/com/hubspot/baragon/models/BaragonRequest.java: Some input files use or override a deprecated API.
[INFO] /home/travis/build/HubSpot/Baragon/BaragonCore/src/main/java/com/hubspot/baragon/models/BaragonRequest.java: Recompile with -Xlint:deprecation for details.
[INFO] -------------------------------------------------------------
[ERROR] COMPILATION ERROR : 
[INFO] -------------------------------------------------------------
[ERROR] /home/travis/build/HubSpot/Baragon/BaragonCore/src/main/java/com/hubspot/baragon/models/BaragonGroup.java:[43,53] incompatible types: inferred type does not conform to upper bound(s)
    inferred: java.util.Set<? extends java.lang.Object>
    upper bound(s): java.util.Set<com.hubspot.baragon.models.TrafficSource>,java.lang.Object
[INFO] 1 error
[INFO] -------------------------------------------------------------
[INFO] ------------------------------------------------------------------------
[INFO] Reactor Summary:
[INFO] 
[INFO] Baragon ............................................ SUCCESS [  5.100 s]
[INFO] BaragonCore ........................................ FAILURE [  2.618 s]
[INFO] BaragonData ........................................ SKIPPED
[INFO] BaragonService ..................................... SKIPPED
[INFO] BaragonAgentService ................................ SKIPPED
[INFO] BaragonClient ...................................... SKIPPED
[INFO] BaragonWatcher ..................................... SKIPPED
[INFO] BaragonServiceIntegrationTests ..................... SKIPPED
[INFO] ------------------------------------------------------------------------
[INFO] BUILD FAILURE
[INFO] ------------------------------------------------------------------------
[INFO] Total time: 8.440 s
[INFO] Finished at: 2017-02-03T18:54:17+00:00
[INFO] Final Memory: 49M/486M
[INFO] ------------------------------------------------------------------------
[ERROR] Failed to execute goal org.apache.maven.plugins:maven-compiler-plugin:3.3:compile (default-compile) on project BaragonCore: Compilation failure
[ERROR] /home/travis/build/HubSpot/Baragon/BaragonCore/src/main/java/com/hubspot/baragon/models/BaragonGroup.java:[43,53] incompatible types: inferred type does not conform to upper bound(s)
[ERROR] inferred: java.util.Set<? extends java.lang.Object>
[ERROR] upper bound(s): java.util.Set<com.hubspot.baragon.models.TrafficSource>,java.lang.Object
[ERROR] -> [Help 1]
[ERROR] 
[ERROR] To see the full stack trace of the errors, re-run Maven with the -e switch.
[ERROR] Re-run Maven using the -X switch to enable full debug logging.
[ERROR] 
[ERROR] For more information about the errors and possible solutions, please read the following articles:
[ERROR] [Help 1] http://cwiki.apache.org/confluence/display/MAVEN/MojoFailureException
[ERROR] 
[ERROR] After correcting the problems, you can resume the build with the command
[ERROR]   mvn <goals> -rf :BaragonCore

[31;1mThe command "eval mvn install -DskipTests=true -Dmaven.javadoc.skip=true -B -V " failed 3 times.[0m


travis_time:end:039aed3d:start=1486148021782187073,finish=1486148060146060707,duration=38363873634[0K
[31;1mThe command "mvn install -DskipTests=true -Dmaven.javadoc.skip=true -B -V" failed and exited with 1 during .[0m

Your build has been stopped.
