Using worker: worker-linux-docker-56cea8ae.prod.travis-ci.org:travis-linux-9

travis_fold:start:system_info[0K[33;1mBuild system information[0m
Build language: java
Build group: stable
Build dist: precise
Build id: 153529638
Job id: 153529639
travis-build version: 6c895ddbe
[34m[1mBuild image provisioning date and time[0m
Thu Feb  5 15:09:33 UTC 2015
[34m[1mOperating System Details[0m
Distributor ID:	Ubuntu
Description:	Ubuntu 12.04.5 LTS
Release:	12.04
Codename:	precise
[34m[1mLinux Version[0m
3.13.0-29-generic
[34m[1mCookbooks Version[0m
a68419e https://github.com/travis-ci/travis-cookbooks/tree/a68419e
[34m[1mGCC version[0m
gcc (Ubuntu/Linaro 4.6.3-1ubuntu5) 4.6.3
Copyright (C) 2011 Free Software Foundation, Inc.
This is free software; see the source for copying conditions.  There is NO
warranty; not even for MERCHANTABILITY or FITNESS FOR A PARTICULAR PURPOSE.

[34m[1mLLVM version[0m
clang version 3.4 (tags/RELEASE_34/final)
Target: x86_64-unknown-linux-gnu
Thread model: posix
[34m[1mPre-installed Ruby versions[0m
ruby-1.9.3-p551
[34m[1mPre-installed Node.js versions[0m
v0.10.36
[34m[1mPre-installed Go versions[0m
1.4.1
[34m[1mRedis version[0m
redis-server 2.8.19
[34m[1mriak version[0m
2.0.2
[34m[1mMongoDB version[0m
MongoDB 2.4.12
[34m[1mCouchDB version[0m
couchdb 1.6.1
[34m[1mNeo4j version[0m
1.9.4
[34m[1mRabbitMQ Version[0m
3.4.3
[34m[1mElasticSearch version[0m
1.4.0
[34m[1mInstalled Sphinx versions[0m
2.0.10
2.1.9
2.2.6
[34m[1mDefault Sphinx version[0m
2.2.6
[34m[1mInstalled Firefox version[0m
firefox 31.0esr
[34m[1mPhantomJS version[0m
1.9.8
[34m[1mant -version[0m
Apache Ant(TM) version 1.8.2 compiled on December 3 2011
[34m[1mmvn -version[0m
Apache Maven 3.2.5 (12a6b3acb947671f09b81f49094c53f426d8cea1; 2014-12-14T17:29:23+00:00)
Maven home: /usr/local/maven
Java version: 1.7.0_76, vendor: Oracle Corporation
Java home: /usr/lib/jvm/java-7-oracle/jre
Default locale: en_US, platform encoding: ANSI_X3.4-1968
OS name: "linux", version: "3.13.0-29-generic", arch: "amd64", family: "unix"
travis_fold:end:system_info[0K
travis_fold:start:fix.CVE-2015-7547[0K$ export DEBIAN_FRONTEND=noninteractive
W: Size of file /var/lib/apt/lists/us.archive.ubuntu.com_ubuntu_dists_precise-backports_multiverse_source_Sources.gz is not what the server reported 5886 5888
W: Size of file /var/lib/apt/lists/ppa.launchpad.net_ubuntugis_ppa_ubuntu_dists_precise_main_binary-amd64_Packages.gz is not what the server reported 33653 36677
W: Size of file /var/lib/apt/lists/ppa.launchpad.net_ubuntugis_ppa_ubuntu_dists_precise_main_binary-i386_Packages.gz is not what the server reported 33699 36733
Reading package lists...
Building dependency tree...
Reading state information...
The following extra packages will be installed:
  libc-bin libc-dev-bin libc6-dev
Suggested packages:
  glibc-doc
The following packages will be upgraded:
  libc-bin libc-dev-bin libc6 libc6-dev
4 upgraded, 0 newly installed, 0 to remove and 256 not upgraded.
Need to get 8,840 kB of archives.
After this operation, 14.3 kB disk space will be freed.
Get:1 http://us.archive.ubuntu.com/ubuntu/ precise-updates/main libc6-dev amd64 2.15-0ubuntu10.15 [2,943 kB]
Get:2 http://us.archive.ubuntu.com/ubuntu/ precise-updates/main libc-dev-bin amd64 2.15-0ubuntu10.15 [84.7 kB]
Get:3 http://us.archive.ubuntu.com/ubuntu/ precise-updates/main libc-bin amd64 2.15-0ubuntu10.15 [1,177 kB]
Get:4 http://us.archive.ubuntu.com/ubuntu/ precise-updates/main libc6 amd64 2.15-0ubuntu10.15 [4,636 kB]
Fetched 8,840 kB in 0s (34.1 MB/s)
Preconfiguring packages ...
(Reading database ... (Reading database ... 5%(Reading database ... 10%(Reading database ... 15%(Reading database ... 20%(Reading database ... 25%(Reading database ... 30%(Reading database ... 35%(Reading database ... 40%(Reading database ... 45%(Reading database ... 50%(Reading database ... 55%(Reading database ... 60%(Reading database ... 65%(Reading database ... 70%(Reading database ... 75%(Reading database ... 80%(Reading database ... 85%(Reading database ... 90%(Reading database ... 95%(Reading database ... 100%(Reading database ... 72019 files and directories currently installed.)
Preparing to replace libc6-dev 2.15-0ubuntu10.10 (using .../libc6-dev_2.15-0ubuntu10.15_amd64.deb) ...
Unpacking replacement libc6-dev ...
Preparing to replace libc-dev-bin 2.15-0ubuntu10.10 (using .../libc-dev-bin_2.15-0ubuntu10.15_amd64.deb) ...
Unpacking replacement libc-dev-bin ...
Preparing to replace libc-bin 2.15-0ubuntu10.10 (using .../libc-bin_2.15-0ubuntu10.15_amd64.deb) ...
Unpacking replacement libc-bin ...
Processing triggers for man-db ...
Setting up libc-bin (2.15-0ubuntu10.15) ...
(Reading database ... (Reading database ... 5%(Reading database ... 10%(Reading database ... 15%(Reading database ... 20%(Reading database ... 25%(Reading database ... 30%(Reading database ... 35%(Reading database ... 40%(Reading database ... 45%(Reading database ... 50%(Reading database ... 55%(Reading database ... 60%(Reading database ... 65%(Reading database ... 70%(Reading database ... 75%(Reading database ... 80%(Reading database ... 85%(Reading database ... 90%(Reading database ... 95%(Reading database ... 100%(Reading database ... 72018 files and directories currently installed.)
Preparing to replace libc6 2.15-0ubuntu10.10 (using .../libc6_2.15-0ubuntu10.15_amd64.deb) ...
Unpacking replacement libc6 ...
Setting up libc6 (2.15-0ubuntu10.15) ...
Setting up libc-dev-bin (2.15-0ubuntu10.15) ...
Setting up libc6-dev (2.15-0ubuntu10.15) ...
Processing triggers for libc-bin ...
ldconfig deferred processing now taking place
travis_fold:end:fix.CVE-2015-7547[0Kdepth=3 C = US, O = "Entrust, Inc.", OU = www.entrust.net/CPS is incorporated by reference, OU = "(c) 2006 Entrust, Inc.", CN = Entrust Root Certification Authority
verify error:num=19:self signed certificate in certificate chain
verify return:0
DONE
travis_fold:start:git.checkout[0Ktravis_time:start:01875db0[0K$ git clone --depth=50 --branch=master https://github.com/petergeneric/stdlib.git petergeneric/stdlib
Cloning into 'petergeneric/stdlib'...
remote: Counting objects: 2256, done.[K
remote: Compressing objects:   0% (1/1343)   [Kremote: Compressing objects:   1% (14/1343)   [Kremote: Compressing objects:   2% (27/1343)   [Kremote: Compressing objects:   3% (41/1343)   [Kremote: Compressing objects:   4% (54/1343)   [Kremote: Compressing objects:   5% (68/1343)   [Kremote: Compressing objects:   6% (81/1343)   [Kremote: Compressing objects:   7% (95/1343)   [Kremote: Compressing objects:   8% (108/1343)   [Kremote: Compressing objects:   9% (121/1343)   [Kremote: Compressing objects:  10% (135/1343)   [Kremote: Compressing objects:  11% (148/1343)   [Kremote: Compressing objects:  12% (162/1343)   [Kremote: Compressing objects:  13% (175/1343)   [Kremote: Compressing objects:  14% (189/1343)   [Kremote: Compressing objects:  15% (202/1343)   [Kremote: Compressing objects:  16% (215/1343)   [Kremote: Compressing objects:  17% (229/1343)   [Kremote: Compressing objects:  18% (242/1343)   [Kremote: Compressing objects:  19% (256/1343)   [Kremote: Compressing objects:  20% (269/1343)   [Kremote: Compressing objects:  21% (283/1343)   [Kremote: Compressing objects:  22% (296/1343)   [Kremote: Compressing objects:  23% (309/1343)   [Kremote: Compressing objects:  24% (323/1343)   [Kremote: Compressing objects:  25% (336/1343)   [Kremote: Compressing objects:  26% (350/1343)   [Kremote: Compressing objects:  27% (363/1343)   [Kremote: Compressing objects:  28% (377/1343)   [Kremote: Compressing objects:  29% (390/1343)   [Kremote: Compressing objects:  30% (403/1343)   [Kremote: Compressing objects:  31% (417/1343)   [Kremote: Compressing objects:  32% (430/1343)   [Kremote: Compressing objects:  33% (444/1343)   [Kremote: Compressing objects:  34% (457/1343)   [Kremote: Compressing objects:  35% (471/1343)   [Kremote: Compressing objects:  36% (484/1343)   [Kremote: Compressing objects:  37% (497/1343)   [Kremote: Compressing objects:  38% (511/1343)   [Kremote: Compressing objects:  39% (524/1343)   [Kremote: Compressing objects:  40% (538/1343)   [Kremote: Compressing objects:  41% (551/1343)   [Kremote: Compressing objects:  42% (565/1343)   [Kremote: Compressing objects:  43% (578/1343)   [Kremote: Compressing objects:  44% (591/1343)   [Kremote: Compressing objects:  45% (605/1343)   [Kremote: Compressing objects:  46% (618/1343)   [Kremote: Compressing objects:  47% (632/1343)   [Kremote: Compressing objects:  48% (645/1343)   [Kremote: Compressing objects:  49% (659/1343)   [Kremote: Compressing objects:  50% (672/1343)   [Kremote: Compressing objects:  51% (685/1343)   [Kremote: Compressing objects:  52% (699/1343)   [Kremote: Compressing objects:  53% (712/1343)   [Kremote: Compressing objects:  54% (726/1343)   [Kremote: Compressing objects:  55% (739/1343)   [Kremote: Compressing objects:  56% (753/1343)   [Kremote: Compressing objects:  57% (766/1343)   [Kremote: Compressing objects:  58% (779/1343)   [Kremote: Compressing objects:  59% (793/1343)   [Kremote: Compressing objects:  60% (806/1343)   [Kremote: Compressing objects:  61% (820/1343)   [Kremote: Compressing objects:  62% (833/1343)   [Kremote: Compressing objects:  63% (847/1343)   [Kremote: Compressing objects:  64% (860/1343)   [Kremote: Compressing objects:  65% (873/1343)   [Kremote: Compressing objects:  66% (887/1343)   [Kremote: Compressing objects:  67% (900/1343)   [Kremote: Compressing objects:  68% (914/1343)   [Kremote: Compressing objects:  69% (927/1343)   [Kremote: Compressing objects:  70% (941/1343)   [Kremote: Compressing objects:  71% (954/1343)   [Kremote: Compressing objects:  72% (967/1343)   [Kremote: Compressing objects:  73% (981/1343)   [Kremote: Compressing objects:  74% (994/1343)   [Kremote: Compressing objects:  75% (1008/1343)   [Kremote: Compressing objects:  76% (1021/1343)   [Kremote: Compressing objects:  77% (1035/1343)   [Kremote: Compressing objects:  78% (1048/1343)   [Kremote: Compressing objects:  79% (1061/1343)   [Kremote: Compressing objects:  80% (1075/1343)   [Kremote: Compressing objects:  81% (1088/1343)   [Kremote: Compressing objects:  82% (1102/1343)   [Kremote: Compressing objects:  83% (1115/1343)   [Kremote: Compressing objects:  84% (1129/1343)   [Kremote: Compressing objects:  85% (1142/1343)   [Kremote: Compressing objects:  86% (1155/1343)   [Kremote: Compressing objects:  87% (1169/1343)   [Kremote: Compressing objects:  88% (1182/1343)   [Kremote: Compressing objects:  89% (1196/1343)   [Kremote: Compressing objects:  90% (1209/1343)   [Kremote: Compressing objects:  91% (1223/1343)   [Kremote: Compressing objects:  92% (1236/1343)   [Kremote: Compressing objects:  93% (1249/1343)   [Kremote: Compressing objects:  94% (1263/1343)   [Kremote: Compressing objects:  95% (1276/1343)   [Kremote: Compressing objects:  96% (1290/1343)   [Kremote: Compressing objects:  97% (1303/1343)   [Kremote: Compressing objects:  98% (1317/1343)   [Kremote: Compressing objects:  99% (1330/1343)   [Kremote: Compressing objects: 100% (1343/1343)   [Kremote: Compressing objects: 100% (1343/1343), done.[K
Receiving objects:   0% (1/2256)   Receiving objects:   1% (23/2256)   Receiving objects:   2% (46/2256)   Receiving objects:   3% (68/2256)   Receiving objects:   4% (91/2256)   Receiving objects:   5% (113/2256)   Receiving objects:   6% (136/2256)   Receiving objects:   7% (158/2256)   Receiving objects:   8% (181/2256)   Receiving objects:   9% (204/2256)   Receiving objects:  10% (226/2256)   Receiving objects:  11% (249/2256)   Receiving objects:  12% (271/2256)   Receiving objects:  13% (294/2256)   Receiving objects:  14% (316/2256)   Receiving objects:  15% (339/2256)   Receiving objects:  16% (361/2256)   Receiving objects:  17% (384/2256)   Receiving objects:  18% (407/2256)   Receiving objects:  19% (429/2256)   Receiving objects:  20% (452/2256)   Receiving objects:  21% (474/2256)   Receiving objects:  22% (497/2256)   Receiving objects:  23% (519/2256)   Receiving objects:  24% (542/2256)   Receiving objects:  25% (564/2256)   Receiving objects:  26% (587/2256)   Receiving objects:  27% (610/2256)   Receiving objects:  28% (632/2256)   Receiving objects:  29% (655/2256)   Receiving objects:  30% (677/2256)   Receiving objects:  31% (700/2256)   Receiving objects:  32% (722/2256)   Receiving objects:  33% (745/2256)   Receiving objects:  34% (768/2256)   Receiving objects:  35% (790/2256)   Receiving objects:  36% (813/2256)   Receiving objects:  37% (835/2256)   Receiving objects:  38% (858/2256)   Receiving objects:  39% (880/2256)   Receiving objects:  40% (903/2256)   Receiving objects:  41% (925/2256)   Receiving objects:  42% (948/2256)   Receiving objects:  43% (971/2256)   Receiving objects:  44% (993/2256)   Receiving objects:  45% (1016/2256)   Receiving objects:  46% (1038/2256)   Receiving objects:  47% (1061/2256)   Receiving objects:  48% (1083/2256)   Receiving objects:  49% (1106/2256)   Receiving objects:  50% (1128/2256)   Receiving objects:  51% (1151/2256)   Receiving objects:  52% (1174/2256)   Receiving objects:  53% (1196/2256)   Receiving objects:  54% (1219/2256)   Receiving objects:  55% (1241/2256)   Receiving objects:  56% (1264/2256)   Receiving objects:  57% (1286/2256)   Receiving objects:  58% (1309/2256)   Receiving objects:  59% (1332/2256)   Receiving objects:  60% (1354/2256)   Receiving objects:  61% (1377/2256)   Receiving objects:  62% (1399/2256)   Receiving objects:  63% (1422/2256)   Receiving objects:  64% (1444/2256)   Receiving objects:  65% (1467/2256)   Receiving objects:  66% (1489/2256)   Receiving objects:  67% (1512/2256)   Receiving objects:  68% (1535/2256)   Receiving objects:  69% (1557/2256)   Receiving objects:  70% (1580/2256)   Receiving objects:  71% (1602/2256)   Receiving objects:  72% (1625/2256)   Receiving objects:  73% (1647/2256)   Receiving objects:  74% (1670/2256)   Receiving objects:  75% (1692/2256)   Receiving objects:  76% (1715/2256)   Receiving objects:  77% (1738/2256)   Receiving objects:  78% (1760/2256)   Receiving objects:  79% (1783/2256)   Receiving objects:  80% (1805/2256)   Receiving objects:  81% (1828/2256)   Receiving objects:  82% (1850/2256)   Receiving objects:  83% (1873/2256)   Receiving objects:  84% (1896/2256)   Receiving objects:  85% (1918/2256)   Receiving objects:  86% (1941/2256)   Receiving objects:  87% (1963/2256)   Receiving objects:  88% (1986/2256)   Receiving objects:  89% (2008/2256)   Receiving objects:  90% (2031/2256)   Receiving objects:  91% (2053/2256)   remote: Total 2256 (delta 577), reused 1797 (delta 497), pack-reused 0[K
Receiving objects:  92% (2076/2256)   Receiving objects:  93% (2099/2256)   Receiving objects:  94% (2121/2256)   Receiving objects:  95% (2144/2256)   Receiving objects:  96% (2166/2256)   Receiving objects:  97% (2189/2256)   Receiving objects:  98% (2211/2256)   Receiving objects:  99% (2234/2256)   Receiving objects: 100% (2256/2256)   Receiving objects: 100% (2256/2256), 885.48 KiB | 0 bytes/s, done.
Resolving deltas:   0% (0/577)   Resolving deltas:   1% (6/577)   Resolving deltas:   3% (21/577)   Resolving deltas:   4% (25/577)   Resolving deltas:   5% (30/577)   Resolving deltas:   6% (40/577)   Resolving deltas:   7% (43/577)   Resolving deltas:   8% (49/577)   Resolving deltas:   9% (53/577)   Resolving deltas:  14% (85/577)   Resolving deltas:  15% (90/577)   Resolving deltas:  16% (94/577)   Resolving deltas:  17% (100/577)   Resolving deltas:  18% (106/577)   Resolving deltas:  19% (113/577)   Resolving deltas:  20% (116/577)   Resolving deltas:  21% (122/577)   Resolving deltas:  22% (127/577)   Resolving deltas:  23% (133/577)   Resolving deltas:  24% (139/577)   Resolving deltas:  25% (146/577)   Resolving deltas:  26% (151/577)   Resolving deltas:  27% (159/577)   Resolving deltas:  28% (164/577)   Resolving deltas:  29% (169/577)   Resolving deltas:  30% (175/577)   Resolving deltas:  31% (179/577)   Resolving deltas:  32% (185/577)   Resolving deltas:  33% (191/577)   Resolving deltas:  34% (197/577)   Resolving deltas:  35% (203/577)   Resolving deltas:  59% (343/577)   Resolving deltas:  60% (348/577)   Resolving deltas:  61% (357/577)   Resolving deltas:  62% (361/577)   Resolving deltas:  63% (365/577)   Resolving deltas:  64% (371/577)   Resolving deltas:  65% (379/577)   Resolving deltas:  66% (381/577)   Resolving deltas:  67% (388/577)   Resolving deltas:  68% (396/577)   Resolving deltas:  69% (399/577)   Resolving deltas:  70% (406/577)   Resolving deltas:  71% (412/577)   Resolving deltas:  72% (418/577)   Resolving deltas:  73% (424/577)   Resolving deltas:  74% (431/577)   Resolving deltas:  75% (435/577)   Resolving deltas:  76% (439/577)   Resolving deltas:  77% (445/577)   Resolving deltas:  79% (458/577)   Resolving deltas:  80% (462/577)   Resolving deltas:  81% (468/577)   Resolving deltas:  82% (477/577)   Resolving deltas:  83% (480/577)   Resolving deltas:  84% (485/577)   Resolving deltas:  85% (491/577)   Resolving deltas:  87% (502/577)   Resolving deltas:  88% (508/577)   Resolving deltas:  89% (515/577)   Resolving deltas:  90% (520/577)   Resolving deltas:  92% (531/577)   Resolving deltas:  94% (544/577)   Resolving deltas:  97% (565/577)   Resolving deltas:  98% (566/577)   Resolving deltas:  99% (572/577)   Resolving deltas: 100% (577/577)   Resolving deltas: 100% (577/577), done.
Checking connectivity... done.

travis_time:end:01875db0:start=1471605228276057250,finish=1471605228856537199,duration=580479949[0K$ cd petergeneric/stdlib
$ git checkout -qf 7519654a5dcd64389b87efba1ee2d894ed59e155
travis_fold:end:git.checkout[0K
[33;1mThis job is running on container-based infrastructure, which does not allow use of 'sudo', setuid and setguid executables.[0m
[33;1mIf you require sudo, add 'sudo: required' to your .travis.yml[0m
[33;1mSee https://docs.travis-ci.com/user/workers/container-based-infrastructure/ for details.[0m

[33;1mSetting environment variables from .travis.yml[0m
$ export COVERITY_SCAN_TOKEN=[secure]

$ jdk_switcher use oraclejdk8
Switching to Oracle JDK8 (java-8-oracle), JAVA_HOME will be set to /usr/lib/jvm/java-8-oracle
travis_fold:start:cache.1[0KSetting up build cache
$ export CASHER_DIR=$HOME/.casher
travis_time:start:0d04f73c[0K$ Installing caching utilities

travis_time:end:0d04f73c:start=1471605232364957765,finish=1471605232412111209,duration=47153444[0Ktravis_time:start:2424e3a6[0K
travis_time:end:2424e3a6:start=1471605232417510743,finish=1471605232420888394,duration=3377651[0Ktravis_time:start:0a9e5e98[0K[32;1mattempting to download cache archive[0m
[32;1mfetching master/cache-linux-precise-e3b0c44298fc1c149afbf4c8996fb92427ae41e4649b934ca495991b7852b855--jdk-oraclejdk8.tgz[0m
[32;1mfound cache[0m

travis_time:end:0a9e5e98:start=1471605232424854137,finish=1471605241915541711,duration=9490687574[0Ktravis_time:start:1e4f41b0[0K
travis_time:end:1e4f41b0:start=1471605241920170615,finish=1471605241924133443,duration=3962828[0Ktravis_time:start:23a24bbc[0K[32;1madding /home/travis/.m2 to cache[0m

travis_time:end:23a24bbc:start=1471605241928642140,finish=1471605248782015263,duration=6853373123[0Ktravis_fold:end:cache.1[0K$ java -Xmx32m -version
java version "1.8.0_31"
Java(TM) SE Runtime Environment (build 1.8.0_31-b13)
Java HotSpot(TM) 64-Bit Server VM (build 25.31-b07, mixed mode)
$ javac -J-Xmx32m -version
javac 1.8.0_31
travis_fold:start:install[0Ktravis_time:start:0406b003[0K$ mvn install -DskipTests=true -Dmaven.javadoc.skip=true -B -V
Java HotSpot(TM) 64-Bit Server VM warning: ignoring option MaxPermSize=192m; support was removed in 8.0
Apache Maven 3.2.5 (12a6b3acb947671f09b81f49094c53f426d8cea1; 2014-12-14T17:29:23+00:00)
Maven home: /usr/local/maven
Java version: 1.8.0_31, vendor: Oracle Corporation
Java home: /usr/lib/jvm/java-8-oracle/jre
Default locale: en_US, platform encoding: UTF-8
OS name: "linux", version: "3.13.0-40-generic", arch: "amd64", family: "unix"
[INFO] Scanning for projects...
[INFO] Inspecting build with total of 17 modules...
[INFO] Installing Nexus Staging features:
[INFO]   ... total of 17 executions of maven-deploy-plugin replaced with nexus-staging-maven-plugin
[INFO] ------------------------------------------------------------------------
[INFO] Reactor Build Order:
[INFO] 
[INFO] application framework parent
[INFO] stdlib
[INFO] application framework guice modules parent
[INFO] stdlib guice common
[INFO] user-manager
[INFO] user manager rest api
[INFO] stdlib guice webapp
[INFO] stdlib guice metrics
[INFO] stdlib guice freemarker webapp
[INFO] stdlib guice testing support
[INFO] stdlib guice hibernate
[INFO] stdlib guice hibernate testing support
[INFO] stdlib guice liquibase support
[INFO] carbon client
[INFO] configuration
[INFO] Configuration Service
[INFO] user manager service
[INFO]                                                                         
[INFO] ------------------------------------------------------------------------
[INFO] Building application framework parent 9.1.4-SNAPSHOT
[INFO] ------------------------------------------------------------------------
[INFO] 
[INFO] --- maven-enforcer-plugin:1.0:enforce (enforce-maven) @ stdlib-parent ---
[INFO] 
[INFO] --- buildnumber-maven-plugin:1.3:create (default) @ stdlib-parent ---
[INFO] Executing: /bin/sh -c cd /home/travis/build/petergeneric/stdlib && git rev-parse --verify HEAD
[INFO] Working directory: /home/travis/build/petergeneric/stdlib
[INFO] Storing buildNumber: 7519654a5dcd64389b87efba1ee2d894ed59e155 at timestamp: 1471605255417
[WARNING] Cannot get the branch information from the git repository: 
Detecting the current branch failed: fatal: ref HEAD is not a symbolic ref

[INFO] Executing: /bin/sh -c cd /home/travis/build/petergeneric/stdlib && git rev-parse --verify HEAD
[INFO] Working directory: /home/travis/build/petergeneric/stdlib
[INFO] Storing buildScmBranch: UNKNOWN
[INFO] 
[INFO] --- maven-install-plugin:2.4:install (default-install) @ stdlib-parent ---
[INFO] Installing /home/travis/build/petergeneric/stdlib/pom.xml to /home/travis/.m2/repository/com/peterphi/std/stdlib-parent/9.1.4-SNAPSHOT/stdlib-parent-9.1.4-SNAPSHOT.pom
[INFO]                                                                         
[INFO] ------------------------------------------------------------------------
[INFO] Building stdlib 9.1.4-SNAPSHOT
[INFO] ------------------------------------------------------------------------
[INFO] 
[INFO] --- maven-enforcer-plugin:1.0:enforce (enforce-maven) @ stdlib ---
[INFO] 
[INFO] --- buildnumber-maven-plugin:1.3:create (default) @ stdlib ---
[INFO] 
[INFO] --- maven-resources-plugin:2.6:resources (default-resources) @ stdlib ---
[INFO] Using 'UTF-8' encoding to copy filtered resources.
[INFO] skip non existing resourceDirectory /home/travis/build/petergeneric/stdlib/stdlib/src/main/resources
[INFO] 
[INFO] --- maven-compiler-plugin:3.3:compile (default-compile) @ stdlib ---
[INFO] Changes detected - recompiling the module!
[INFO] Compiling 82 source files to /home/travis/build/petergeneric/stdlib/stdlib/target/classes
[INFO] /home/travis/build/petergeneric/stdlib/stdlib/src/main/java/com/peterphi/std/util/ListUtility.java: /home/travis/build/petergeneric/stdlib/stdlib/src/main/java/com/peterphi/std/util/ListUtility.java uses unchecked or unsafe operations.
[INFO] /home/travis/build/petergeneric/stdlib/stdlib/src/main/java/com/peterphi/std/util/ListUtility.java: Recompile with -Xlint:unchecked for details.
[INFO] 
[INFO] --- maven-resources-plugin:2.6:testResources (default-testResources) @ stdlib ---
[INFO] Using 'UTF-8' encoding to copy filtered resources.
[INFO] skip non existing resourceDirectory /home/travis/build/petergeneric/stdlib/stdlib/src/test/resources
[INFO] 
[INFO] --- maven-compiler-plugin:3.3:testCompile (default-testCompile) @ stdlib ---
[INFO] Changes detected - recompiling the module!
[INFO] Compiling 13 source files to /home/travis/build/petergeneric/stdlib/stdlib/target/test-classes
[INFO] /home/travis/build/petergeneric/stdlib/stdlib/src/test/java/com/peterphi/std/types/TimecodeTest.java: /home/travis/build/petergeneric/stdlib/stdlib/src/test/java/com/peterphi/std/types/TimecodeTest.java uses or overrides a deprecated API.
[INFO] /home/travis/build/petergeneric/stdlib/stdlib/src/test/java/com/peterphi/std/types/TimecodeTest.java: Recompile with -Xlint:deprecation for details.
[INFO] 
[INFO] --- maven-surefire-plugin:2.19:test (default-test) @ stdlib ---
[INFO] Tests are skipped.
[INFO] 
[INFO] --- maven-jar-plugin:2.6:jar (default-jar) @ stdlib ---
[INFO] Building jar: /home/travis/build/petergeneric/stdlib/stdlib/target/stdlib-9.1.4-SNAPSHOT.jar
[INFO] 
[INFO] --- maven-install-plugin:2.4:install (default-install) @ stdlib ---
[INFO] Installing /home/travis/build/petergeneric/stdlib/stdlib/target/stdlib-9.1.4-SNAPSHOT.jar to /home/travis/.m2/repository/com/peterphi/std/stdlib/9.1.4-SNAPSHOT/stdlib-9.1.4-SNAPSHOT.jar
[INFO] Installing /home/travis/build/petergeneric/stdlib/stdlib/pom.xml to /home/travis/.m2/repository/com/peterphi/std/stdlib/9.1.4-SNAPSHOT/stdlib-9.1.4-SNAPSHOT.pom
[INFO]                                                                         
[INFO] ------------------------------------------------------------------------
[INFO] Building application framework guice modules parent 9.1.4-SNAPSHOT
[INFO] ------------------------------------------------------------------------
[INFO] 
[INFO] --- maven-enforcer-plugin:1.0:enforce (enforce-maven) @ stdlib-guice-parent ---
[INFO] 
[INFO] --- buildnumber-maven-plugin:1.3:create (default) @ stdlib-guice-parent ---
[INFO] 
[INFO] --- maven-install-plugin:2.4:install (default-install) @ stdlib-guice-parent ---
[INFO] Installing /home/travis/build/petergeneric/stdlib/guice/pom.xml to /home/travis/.m2/repository/com/peterphi/std/guice/stdlib-guice-parent/9.1.4-SNAPSHOT/stdlib-guice-parent-9.1.4-SNAPSHOT.pom
[INFO]                                                                         
[INFO] ------------------------------------------------------------------------
[INFO] Building stdlib guice common 9.1.4-SNAPSHOT
[INFO] ------------------------------------------------------------------------
[WARNING] The artifact xml-apis:xml-apis:jar:2.0.2 has been relocated to xml-apis:xml-apis:jar:1.0.b2
[INFO] 
[INFO] --- maven-enforcer-plugin:1.0:enforce (enforce-maven) @ stdlib-guice-common ---
[INFO] 
[INFO] --- buildnumber-maven-plugin:1.3:create (default) @ stdlib-guice-common ---
[INFO] 
[INFO] --- maven-resources-plugin:2.6:resources (default-resources) @ stdlib-guice-common ---
[INFO] Using 'UTF-8' encoding to copy filtered resources.
[INFO] Copying 1 resource
[INFO] 
[INFO] --- maven-compiler-plugin:3.3:compile (default-compile) @ stdlib-guice-common ---
[INFO] Changes detected - recompiling the module!
[INFO] Compiling 121 source files to /home/travis/build/petergeneric/stdlib/guice/common/target/classes
[INFO] /home/travis/build/petergeneric/stdlib/guice/common/src/main/java/com/peterphi/std/guice/restclient/resteasy/impl/BearerAuthSchemeProvider.java: Some input files use or override a deprecated API.
[INFO] /home/travis/build/petergeneric/stdlib/guice/common/src/main/java/com/peterphi/std/guice/restclient/resteasy/impl/BearerAuthSchemeProvider.java: Recompile with -Xlint:deprecation for details.
[INFO] /home/travis/build/petergeneric/stdlib/guice/common/src/main/java/com/peterphi/std/guice/common/serviceprops/ConfigurationProperty.java: Some input files use unchecked or unsafe operations.
[INFO] /home/travis/build/petergeneric/stdlib/guice/common/src/main/java/com/peterphi/std/guice/common/serviceprops/ConfigurationProperty.java: Recompile with -Xlint:unchecked for details.
[INFO] 
[INFO] --- maven-resources-plugin:2.6:testResources (default-testResources) @ stdlib-guice-common ---
[INFO] Using 'UTF-8' encoding to copy filtered resources.
[INFO] Copying 2 resources
[INFO] 
[INFO] --- maven-compiler-plugin:3.3:testCompile (default-testCompile) @ stdlib-guice-common ---
[INFO] Changes detected - recompiling the module!
[INFO] Compiling 12 source files to /home/travis/build/petergeneric/stdlib/guice/common/target/test-classes
[INFO] 
[INFO] --- maven-surefire-plugin:2.19:test (default-test) @ stdlib-guice-common ---
[INFO] Tests are skipped.
[INFO] 
[INFO] --- maven-jar-plugin:2.6:jar (default-jar) @ stdlib-guice-common ---
[INFO] Building jar: /home/travis/build/petergeneric/stdlib/guice/common/target/stdlib-guice-common-9.1.4-SNAPSHOT.jar
[INFO] 
[INFO] --- maven-install-plugin:2.4:install (default-install) @ stdlib-guice-common ---
[INFO] Installing /home/travis/build/petergeneric/stdlib/guice/common/target/stdlib-guice-common-9.1.4-SNAPSHOT.jar to /home/travis/.m2/repository/com/peterphi/std/guice/stdlib-guice-common/9.1.4-SNAPSHOT/stdlib-guice-common-9.1.4-SNAPSHOT.jar
[INFO] Installing /home/travis/build/petergeneric/stdlib/guice/common/pom.xml to /home/travis/.m2/repository/com/peterphi/std/guice/stdlib-guice-common/9.1.4-SNAPSHOT/stdlib-guice-common-9.1.4-SNAPSHOT.pom
[INFO]                                                                         
[INFO] ------------------------------------------------------------------------
[INFO] Building user-manager 9.1.4-SNAPSHOT
[INFO] ------------------------------------------------------------------------
[INFO] 
[INFO] --- maven-enforcer-plugin:1.0:enforce (enforce-maven) @ user-manager-parent ---
[INFO] 
[INFO] --- buildnumber-maven-plugin:1.3:create (default) @ user-manager-parent ---
[INFO] 
[INFO] --- maven-install-plugin:2.4:install (default-install) @ user-manager-parent ---
[INFO] Installing /home/travis/build/petergeneric/stdlib/user-manager/pom.xml to /home/travis/.m2/repository/com/peterphi/user-manager/user-manager-parent/9.1.4-SNAPSHOT/user-manager-parent-9.1.4-SNAPSHOT.pom
[INFO]                                                                         
[INFO] ------------------------------------------------------------------------
[INFO] Building user manager rest api 9.1.4-SNAPSHOT
[INFO] ------------------------------------------------------------------------
[INFO] 
[INFO] --- maven-enforcer-plugin:1.0:enforce (enforce-maven) @ user-manager-api ---
[INFO] 
[INFO] --- buildnumber-maven-plugin:1.3:create (default) @ user-manager-api ---
[INFO] 
[INFO] --- maven-resources-plugin:2.6:resources (default-resources) @ user-manager-api ---
[INFO] Using 'UTF-8' encoding to copy filtered resources.
[INFO] skip non existing resourceDirectory /home/travis/build/petergeneric/stdlib/user-manager/api/src/main/resources
[INFO] 
[INFO] --- maven-compiler-plugin:3.3:compile (default-compile) @ user-manager-api ---
[INFO] Changes detected - recompiling the module!
[INFO] Compiling 5 source files to /home/travis/build/petergeneric/stdlib/user-manager/api/target/classes
[INFO] 
[INFO] --- maven-resources-plugin:2.6:testResources (default-testResources) @ user-manager-api ---
[INFO] Using 'UTF-8' encoding to copy filtered resources.
[INFO] skip non existing resourceDirectory /home/travis/build/petergeneric/stdlib/user-manager/api/src/test/resources
[INFO] 
[INFO] --- maven-compiler-plugin:3.3:testCompile (default-testCompile) @ user-manager-api ---
[INFO] No sources to compile
[INFO] 
[INFO] --- maven-surefire-plugin:2.19:test (default-test) @ user-manager-api ---
[INFO] Tests are skipped.
[INFO] 
[INFO] --- maven-jar-plugin:2.6:jar (default-jar) @ user-manager-api ---
[INFO] Building jar: /home/travis/build/petergeneric/stdlib/user-manager/api/target/user-manager-api-9.1.4-SNAPSHOT.jar
[INFO] 
[INFO] --- maven-install-plugin:2.4:install (default-install) @ user-manager-api ---
[INFO] Installing /home/travis/build/petergeneric/stdlib/user-manager/api/target/user-manager-api-9.1.4-SNAPSHOT.jar to /home/travis/.m2/repository/com/peterphi/user-manager/user-manager-api/9.1.4-SNAPSHOT/user-manager-api-9.1.4-SNAPSHOT.jar
[INFO] Installing /home/travis/build/petergeneric/stdlib/user-manager/api/pom.xml to /home/travis/.m2/repository/com/peterphi/user-manager/user-manager-api/9.1.4-SNAPSHOT/user-manager-api-9.1.4-SNAPSHOT.pom
[INFO]                                                                         
[INFO] ------------------------------------------------------------------------
[INFO] Building stdlib guice webapp 9.1.4-SNAPSHOT
[INFO] ------------------------------------------------------------------------
[WARNING] The artifact xml-apis:xml-apis:jar:2.0.2 has been relocated to xml-apis:xml-apis:jar:1.0.b2
[INFO] 
[INFO] --- maven-enforcer-plugin:1.0:enforce (enforce-maven) @ stdlib-guice-webapp ---
[INFO] 
[INFO] --- buildnumber-maven-plugin:1.3:create (default) @ stdlib-guice-webapp ---
[INFO] 
[INFO] --- maven-resources-plugin:2.6:resources (default-resources) @ stdlib-guice-webapp ---
[INFO] Using 'UTF-8' encoding to copy filtered resources.
[INFO] Copying 9 resources
[INFO] 
[INFO] --- maven-compiler-plugin:3.3:compile (default-compile) @ stdlib-guice-webapp ---
[INFO] Changes detected - recompiling the module!
[INFO] Compiling 80 source files to /home/travis/build/petergeneric/stdlib/guice/webapp/target/classes
[INFO] /home/travis/build/petergeneric/stdlib/guice/webapp/src/main/java/com/peterphi/std/guice/web/rest/setup/JAXRSClientProvider.java: Some input files use unchecked or unsafe operations.
[INFO] /home/travis/build/petergeneric/stdlib/guice/webapp/src/main/java/com/peterphi/std/guice/web/rest/setup/JAXRSClientProvider.java: Recompile with -Xlint:unchecked for details.
[INFO] -------------------------------------------------------------
[ERROR] COMPILATION ERROR : 
[INFO] -------------------------------------------------------------
[ERROR] /home/travis/build/petergeneric/stdlib/guice/webapp/src/main/java/com/peterphi/std/guice/web/rest/resteasy/ResteasyDispatcher.java:[128,9] missing return statement
[INFO] 1 error
[INFO] -------------------------------------------------------------
[INFO] ------------------------------------------------------------------------
[INFO] Reactor Summary:
[INFO] 
[INFO] application framework parent ....................... SUCCESS [  1.940 s]
[INFO] stdlib ............................................. SUCCESS [ 18.141 s]
[INFO] application framework guice modules parent ......... SUCCESS [  0.169 s]
[INFO] stdlib guice common ................................ SUCCESS [  6.665 s]
[INFO] user-manager ....................................... SUCCESS [  0.014 s]
[INFO] user manager rest api .............................. SUCCESS [  0.397 s]
[INFO] stdlib guice webapp ................................ FAILURE [  1.945 s]
[INFO] stdlib guice metrics ............................... SKIPPED
[INFO] stdlib guice freemarker webapp ..................... SKIPPED
[INFO] stdlib guice testing support ....................... SKIPPED
[INFO] stdlib guice hibernate ............................. SKIPPED
[INFO] stdlib guice hibernate testing support ............. SKIPPED
[INFO] stdlib guice liquibase support ..................... SKIPPED
[INFO] carbon client ...................................... SKIPPED
[INFO] configuration ...................................... SKIPPED
[INFO] Configuration Service .............................. SKIPPED
[INFO] user manager service ............................... SKIPPED
[INFO] ------------------------------------------------------------------------
[INFO] BUILD FAILURE
[INFO] ------------------------------------------------------------------------
[INFO] Total time: 31.749 s
[INFO] Finished at: 2016-08-19T11:14:43+00:00
[INFO] Final Memory: 32M/342M
[INFO] ------------------------------------------------------------------------
[ERROR] Failed to execute goal org.apache.maven.plugins:maven-compiler-plugin:3.3:compile (default-compile) on project stdlib-guice-webapp: Compilation failure
[ERROR] /home/travis/build/petergeneric/stdlib/guice/webapp/src/main/java/com/peterphi/std/guice/web/rest/resteasy/ResteasyDispatcher.java:[128,9] missing return statement
[ERROR] -> [Help 1]
[ERROR] 
[ERROR] To see the full stack trace of the errors, re-run Maven with the -e switch.
[ERROR] Re-run Maven using the -X switch to enable full debug logging.
[ERROR] 
[ERROR] For more information about the errors and possible solutions, please read the following articles:
[ERROR] [Help 1] http://cwiki.apache.org/confluence/display/MAVEN/MojoFailureException
[ERROR] 
[ERROR] After correcting the problems, you can resume the build with the command
[ERROR]   mvn <goals> -rf :stdlib-guice-webapp

[31;1mThe command "eval mvn install -DskipTests=true -Dmaven.javadoc.skip=true -B -V" failed. Retrying, 2 of 3.[0m

Java HotSpot(TM) 64-Bit Server VM warning: ignoring option MaxPermSize=192m; support was removed in 8.0
Apache Maven 3.2.5 (12a6b3acb947671f09b81f49094c53f426d8cea1; 2014-12-14T17:29:23+00:00)
Maven home: /usr/local/maven
Java version: 1.8.0_31, vendor: Oracle Corporation
Java home: /usr/lib/jvm/java-8-oracle/jre
Default locale: en_US, platform encoding: UTF-8
OS name: "linux", version: "3.13.0-40-generic", arch: "amd64", family: "unix"
[INFO] Scanning for projects...
[INFO] Inspecting build with total of 17 modules...
[INFO] Installing Nexus Staging features:
[INFO]   ... total of 17 executions of maven-deploy-plugin replaced with nexus-staging-maven-plugin
[INFO] ------------------------------------------------------------------------
[INFO] Reactor Build Order:
[INFO] 
[INFO] application framework parent
[INFO] stdlib
[INFO] application framework guice modules parent
[INFO] stdlib guice common
[INFO] user-manager
[INFO] user manager rest api
[INFO] stdlib guice webapp
[INFO] stdlib guice metrics
[INFO] stdlib guice freemarker webapp
[INFO] stdlib guice testing support
[INFO] stdlib guice hibernate
[INFO] stdlib guice hibernate testing support
[INFO] stdlib guice liquibase support
[INFO] carbon client
[INFO] configuration
[INFO] Configuration Service
[INFO] user manager service
[INFO]                                                                         
[INFO] ------------------------------------------------------------------------
[INFO] Building application framework parent 9.1.4-SNAPSHOT
[INFO] ------------------------------------------------------------------------
[INFO] 
[INFO] --- maven-enforcer-plugin:1.0:enforce (enforce-maven) @ stdlib-parent ---
[INFO] 
[INFO] --- buildnumber-maven-plugin:1.3:create (default) @ stdlib-parent ---
[INFO] Executing: /bin/sh -c cd /home/travis/build/petergeneric/stdlib && git rev-parse --verify HEAD
[INFO] Working directory: /home/travis/build/petergeneric/stdlib
[INFO] Storing buildNumber: 7519654a5dcd64389b87efba1ee2d894ed59e155 at timestamp: 1471605293276
[WARNING] Cannot get the branch information from the git repository: 
Detecting the current branch failed: fatal: ref HEAD is not a symbolic ref

[INFO] Executing: /bin/sh -c cd /home/travis/build/petergeneric/stdlib && git rev-parse --verify HEAD
[INFO] Working directory: /home/travis/build/petergeneric/stdlib
[INFO] Storing buildScmBranch: UNKNOWN
[INFO] 
[INFO] --- maven-install-plugin:2.4:install (default-install) @ stdlib-parent ---
[INFO] Installing /home/travis/build/petergeneric/stdlib/pom.xml to /home/travis/.m2/repository/com/peterphi/std/stdlib-parent/9.1.4-SNAPSHOT/stdlib-parent-9.1.4-SNAPSHOT.pom
[INFO]                                                                         
[INFO] ------------------------------------------------------------------------
[INFO] Building stdlib 9.1.4-SNAPSHOT
[INFO] ------------------------------------------------------------------------
[INFO] 
[INFO] --- maven-enforcer-plugin:1.0:enforce (enforce-maven) @ stdlib ---
[INFO] 
[INFO] --- buildnumber-maven-plugin:1.3:create (default) @ stdlib ---
[INFO] 
[INFO] --- maven-resources-plugin:2.6:resources (default-resources) @ stdlib ---
[INFO] Using 'UTF-8' encoding to copy filtered resources.
[INFO] skip non existing resourceDirectory /home/travis/build/petergeneric/stdlib/stdlib/src/main/resources
[INFO] 
[INFO] --- maven-compiler-plugin:3.3:compile (default-compile) @ stdlib ---
[INFO] Nothing to compile - all classes are up to date
[INFO] 
[INFO] --- maven-resources-plugin:2.6:testResources (default-testResources) @ stdlib ---
[INFO] Using 'UTF-8' encoding to copy filtered resources.
[INFO] skip non existing resourceDirectory /home/travis/build/petergeneric/stdlib/stdlib/src/test/resources
[INFO] 
[INFO] --- maven-compiler-plugin:3.3:testCompile (default-testCompile) @ stdlib ---
[INFO] Nothing to compile - all classes are up to date
[INFO] 
[INFO] --- maven-surefire-plugin:2.19:test (default-test) @ stdlib ---
[INFO] Tests are skipped.
[INFO] 
[INFO] --- maven-jar-plugin:2.6:jar (default-jar) @ stdlib ---
[INFO] 
[INFO] --- maven-install-plugin:2.4:install (default-install) @ stdlib ---
[INFO] Installing /home/travis/build/petergeneric/stdlib/stdlib/target/stdlib-9.1.4-SNAPSHOT.jar to /home/travis/.m2/repository/com/peterphi/std/stdlib/9.1.4-SNAPSHOT/stdlib-9.1.4-SNAPSHOT.jar
[INFO] Installing /home/travis/build/petergeneric/stdlib/stdlib/pom.xml to /home/travis/.m2/repository/com/peterphi/std/stdlib/9.1.4-SNAPSHOT/stdlib-9.1.4-SNAPSHOT.pom
[INFO]                                                                         
[INFO] ------------------------------------------------------------------------
[INFO] Building application framework guice modules parent 9.1.4-SNAPSHOT
[INFO] ------------------------------------------------------------------------
[INFO] 
[INFO] --- maven-enforcer-plugin:1.0:enforce (enforce-maven) @ stdlib-guice-parent ---
[INFO] 
[INFO] --- buildnumber-maven-plugin:1.3:create (default) @ stdlib-guice-parent ---
[INFO] 
[INFO] --- maven-install-plugin:2.4:install (default-install) @ stdlib-guice-parent ---
[INFO] Installing /home/travis/build/petergeneric/stdlib/guice/pom.xml to /home/travis/.m2/repository/com/peterphi/std/guice/stdlib-guice-parent/9.1.4-SNAPSHOT/stdlib-guice-parent-9.1.4-SNAPSHOT.pom
[INFO]                                                                         
[INFO] ------------------------------------------------------------------------
[INFO] Building stdlib guice common 9.1.4-SNAPSHOT
[INFO] ------------------------------------------------------------------------
[WARNING] The artifact xml-apis:xml-apis:jar:2.0.2 has been relocated to xml-apis:xml-apis:jar:1.0.b2
[INFO] 
[INFO] --- maven-enforcer-plugin:1.0:enforce (enforce-maven) @ stdlib-guice-common ---
[INFO] 
[INFO] --- buildnumber-maven-plugin:1.3:create (default) @ stdlib-guice-common ---
[INFO] 
[INFO] --- maven-resources-plugin:2.6:resources (default-resources) @ stdlib-guice-common ---
[INFO] Using 'UTF-8' encoding to copy filtered resources.
[INFO] Copying 1 resource
[INFO] 
[INFO] --- maven-compiler-plugin:3.3:compile (default-compile) @ stdlib-guice-common ---
[INFO] Nothing to compile - all classes are up to date
[INFO] 
[INFO] --- maven-resources-plugin:2.6:testResources (default-testResources) @ stdlib-guice-common ---
[INFO] Using 'UTF-8' encoding to copy filtered resources.
[INFO] Copying 2 resources
[INFO] 
[INFO] --- maven-compiler-plugin:3.3:testCompile (default-testCompile) @ stdlib-guice-common ---
[INFO] Nothing to compile - all classes are up to date
[INFO] 
[INFO] --- maven-surefire-plugin:2.19:test (default-test) @ stdlib-guice-common ---
[INFO] Tests are skipped.
[INFO] 
[INFO] --- maven-jar-plugin:2.6:jar (default-jar) @ stdlib-guice-common ---
[INFO] 
[INFO] --- maven-install-plugin:2.4:install (default-install) @ stdlib-guice-common ---
[INFO] Installing /home/travis/build/petergeneric/stdlib/guice/common/target/stdlib-guice-common-9.1.4-SNAPSHOT.jar to /home/travis/.m2/repository/com/peterphi/std/guice/stdlib-guice-common/9.1.4-SNAPSHOT/stdlib-guice-common-9.1.4-SNAPSHOT.jar
[INFO] Installing /home/travis/build/petergeneric/stdlib/guice/common/pom.xml to /home/travis/.m2/repository/com/peterphi/std/guice/stdlib-guice-common/9.1.4-SNAPSHOT/stdlib-guice-common-9.1.4-SNAPSHOT.pom
[INFO]                                                                         
[INFO] ------------------------------------------------------------------------
[INFO] Building user-manager 9.1.4-SNAPSHOT
[INFO] ------------------------------------------------------------------------
[INFO] 
[INFO] --- maven-enforcer-plugin:1.0:enforce (enforce-maven) @ user-manager-parent ---
[INFO] 
[INFO] --- buildnumber-maven-plugin:1.3:create (default) @ user-manager-parent ---
[INFO] 
[INFO] --- maven-install-plugin:2.4:install (default-install) @ user-manager-parent ---
[INFO] Installing /home/travis/build/petergeneric/stdlib/user-manager/pom.xml to /home/travis/.m2/repository/com/peterphi/user-manager/user-manager-parent/9.1.4-SNAPSHOT/user-manager-parent-9.1.4-SNAPSHOT.pom
[INFO]                                                                         
[INFO] ------------------------------------------------------------------------
[INFO] Building user manager rest api 9.1.4-SNAPSHOT
[INFO] ------------------------------------------------------------------------
[INFO] 
[INFO] --- maven-enforcer-plugin:1.0:enforce (enforce-maven) @ user-manager-api ---
[INFO] 
[INFO] --- buildnumber-maven-plugin:1.3:create (default) @ user-manager-api ---
[INFO] 
[INFO] --- maven-resources-plugin:2.6:resources (default-resources) @ user-manager-api ---
[INFO] Using 'UTF-8' encoding to copy filtered resources.
[INFO] skip non existing resourceDirectory /home/travis/build/petergeneric/stdlib/user-manager/api/src/main/resources
[INFO] 
[INFO] --- maven-compiler-plugin:3.3:compile (default-compile) @ user-manager-api ---
[INFO] Nothing to compile - all classes are up to date
[INFO] 
[INFO] --- maven-resources-plugin:2.6:testResources (default-testResources) @ user-manager-api ---
[INFO] Using 'UTF-8' encoding to copy filtered resources.
[INFO] skip non existing resourceDirectory /home/travis/build/petergeneric/stdlib/user-manager/api/src/test/resources
[INFO] 
[INFO] --- maven-compiler-plugin:3.3:testCompile (default-testCompile) @ user-manager-api ---
[INFO] No sources to compile
[INFO] 
[INFO] --- maven-surefire-plugin:2.19:test (default-test) @ user-manager-api ---
[INFO] Tests are skipped.
[INFO] 
[INFO] --- maven-jar-plugin:2.6:jar (default-jar) @ user-manager-api ---
[INFO] 
[INFO] --- maven-install-plugin:2.4:install (default-install) @ user-manager-api ---
[INFO] Installing /home/travis/build/petergeneric/stdlib/user-manager/api/target/user-manager-api-9.1.4-SNAPSHOT.jar to /home/travis/.m2/repository/com/peterphi/user-manager/user-manager-api/9.1.4-SNAPSHOT/user-manager-api-9.1.4-SNAPSHOT.jar
[INFO] Installing /home/travis/build/petergeneric/stdlib/user-manager/api/pom.xml to /home/travis/.m2/repository/com/peterphi/user-manager/user-manager-api/9.1.4-SNAPSHOT/user-manager-api-9.1.4-SNAPSHOT.pom
[INFO]                                                                         
[INFO] ------------------------------------------------------------------------
[INFO] Building stdlib guice webapp 9.1.4-SNAPSHOT
[INFO] ------------------------------------------------------------------------
[WARNING] The artifact xml-apis:xml-apis:jar:2.0.2 has been relocated to xml-apis:xml-apis:jar:1.0.b2
[INFO] 
[INFO] --- maven-enforcer-plugin:1.0:enforce (enforce-maven) @ stdlib-guice-webapp ---
[INFO] 
[INFO] --- buildnumber-maven-plugin:1.3:create (default) @ stdlib-guice-webapp ---
[INFO] 
[INFO] --- maven-resources-plugin:2.6:resources (default-resources) @ stdlib-guice-webapp ---
[INFO] Using 'UTF-8' encoding to copy filtered resources.
[INFO] Copying 9 resources
[INFO] 
[INFO] --- maven-compiler-plugin:3.3:compile (default-compile) @ stdlib-guice-webapp ---
[INFO] Changes detected - recompiling the module!
[INFO] Compiling 80 source files to /home/travis/build/petergeneric/stdlib/guice/webapp/target/classes
[INFO] /home/travis/build/petergeneric/stdlib/guice/webapp/src/main/java/com/peterphi/std/guice/web/rest/setup/JAXRSClientProvider.java: Some input files use unchecked or unsafe operations.
[INFO] /home/travis/build/petergeneric/stdlib/guice/webapp/src/main/java/com/peterphi/std/guice/web/rest/setup/JAXRSClientProvider.java: Recompile with -Xlint:unchecked for details.
[INFO] -------------------------------------------------------------
[ERROR] COMPILATION ERROR : 
[INFO] -------------------------------------------------------------
[ERROR] /home/travis/build/petergeneric/stdlib/guice/webapp/src/main/java/com/peterphi/std/guice/web/rest/resteasy/ResteasyDispatcher.java:[128,9] missing return statement
[INFO] 1 error
[INFO] -------------------------------------------------------------
[INFO] ------------------------------------------------------------------------
[INFO] Reactor Summary:
[INFO] 
[INFO] application framework parent ....................... SUCCESS [  2.039 s]
[INFO] stdlib ............................................. SUCCESS [  2.568 s]
[INFO] application framework guice modules parent ......... SUCCESS [  0.227 s]
[INFO] stdlib guice common ................................ SUCCESS [  1.343 s]
[INFO] user-manager ....................................... SUCCESS [  0.084 s]
[INFO] user manager rest api .............................. SUCCESS [  0.834 s]
[INFO] stdlib guice webapp ................................ FAILURE [ 10.229 s]
[INFO] stdlib guice metrics ............................... SKIPPED
[INFO] stdlib guice freemarker webapp ..................... SKIPPED
[INFO] stdlib guice testing support ....................... SKIPPED
[INFO] stdlib guice hibernate ............................. SKIPPED
[INFO] stdlib guice hibernate testing support ............. SKIPPED
[INFO] stdlib guice liquibase support ..................... SKIPPED
[INFO] carbon client ...................................... SKIPPED
[INFO] configuration ...................................... SKIPPED
[INFO] Configuration Service .............................. SKIPPED
[INFO] user manager service ............................... SKIPPED
[INFO] ------------------------------------------------------------------------
[INFO] BUILD FAILURE
[INFO] ------------------------------------------------------------------------
[INFO] Total time: 19.729 s
[INFO] Finished at: 2016-08-19T11:15:09+00:00
[INFO] Final Memory: 26M/312M
[INFO] ------------------------------------------------------------------------
[ERROR] Failed to execute goal org.apache.maven.plugins:maven-compiler-plugin:3.3:compile (default-compile) on project stdlib-guice-webapp: Compilation failure
[ERROR] /home/travis/build/petergeneric/stdlib/guice/webapp/src/main/java/com/peterphi/std/guice/web/rest/resteasy/ResteasyDispatcher.java:[128,9] missing return statement
[ERROR] -> [Help 1]
[ERROR] 
[ERROR] To see the full stack trace of the errors, re-run Maven with the -e switch.
[ERROR] Re-run Maven using the -X switch to enable full debug logging.
[ERROR] 
[ERROR] For more information about the errors and possible solutions, please read the following articles:
[ERROR] [Help 1] http://cwiki.apache.org/confluence/display/MAVEN/MojoFailureException
[ERROR] 
[ERROR] After correcting the problems, you can resume the build with the command
[ERROR]   mvn <goals> -rf :stdlib-guice-webapp

[31;1mThe command "eval mvn install -DskipTests=true -Dmaven.javadoc.skip=true -B -V" failed. Retrying, 3 of 3.[0m

Java HotSpot(TM) 64-Bit Server VM warning: ignoring option MaxPermSize=192m; support was removed in 8.0
Apache Maven 3.2.5 (12a6b3acb947671f09b81f49094c53f426d8cea1; 2014-12-14T17:29:23+00:00)
Maven home: /usr/local/maven
Java version: 1.8.0_31, vendor: Oracle Corporation
Java home: /usr/lib/jvm/java-8-oracle/jre
Default locale: en_US, platform encoding: UTF-8
OS name: "linux", version: "3.13.0-40-generic", arch: "amd64", family: "unix"
[INFO] Scanning for projects...
[INFO] Inspecting build with total of 17 modules...
[INFO] Installing Nexus Staging features:
[INFO]   ... total of 17 executions of maven-deploy-plugin replaced with nexus-staging-maven-plugin
[INFO] ------------------------------------------------------------------------
[INFO] Reactor Build Order:
[INFO] 
[INFO] application framework parent
[INFO] stdlib
[INFO] application framework guice modules parent
[INFO] stdlib guice common
[INFO] user-manager
[INFO] user manager rest api
[INFO] stdlib guice webapp
[INFO] stdlib guice metrics
[INFO] stdlib guice freemarker webapp
[INFO] stdlib guice testing support
[INFO] stdlib guice hibernate
[INFO] stdlib guice hibernate testing support
[INFO] stdlib guice liquibase support
[INFO] carbon client
[INFO] configuration
[INFO] Configuration Service
[INFO] user manager service
[INFO]                                                                         
[INFO] ------------------------------------------------------------------------
[INFO] Building application framework parent 9.1.4-SNAPSHOT
[INFO] ------------------------------------------------------------------------
[INFO] 
[INFO] --- maven-enforcer-plugin:1.0:enforce (enforce-maven) @ stdlib-parent ---
[INFO] 
[INFO] --- buildnumber-maven-plugin:1.3:create (default) @ stdlib-parent ---
[INFO] Executing: /bin/sh -c cd /home/travis/build/petergeneric/stdlib && git rev-parse --verify HEAD
[INFO] Working directory: /home/travis/build/petergeneric/stdlib
[INFO] Storing buildNumber: 7519654a5dcd64389b87efba1ee2d894ed59e155 at timestamp: 1471605322529
[WARNING] Cannot get the branch information from the git repository: 
Detecting the current branch failed: fatal: ref HEAD is not a symbolic ref

[INFO] Executing: /bin/sh -c cd /home/travis/build/petergeneric/stdlib && git rev-parse --verify HEAD
[INFO] Working directory: /home/travis/build/petergeneric/stdlib
[INFO] Storing buildScmBranch: UNKNOWN
[INFO] 
[INFO] --- maven-install-plugin:2.4:install (default-install) @ stdlib-parent ---
[INFO] Installing /home/travis/build/petergeneric/stdlib/pom.xml to /home/travis/.m2/repository/com/peterphi/std/stdlib-parent/9.1.4-SNAPSHOT/stdlib-parent-9.1.4-SNAPSHOT.pom
[INFO]                                                                         
[INFO] ------------------------------------------------------------------------
[INFO] Building stdlib 9.1.4-SNAPSHOT
[INFO] ------------------------------------------------------------------------
[INFO] 
[INFO] --- maven-enforcer-plugin:1.0:enforce (enforce-maven) @ stdlib ---
[INFO] 
[INFO] --- buildnumber-maven-plugin:1.3:create (default) @ stdlib ---
[INFO] 
[INFO] --- maven-resources-plugin:2.6:resources (default-resources) @ stdlib ---
[INFO] Using 'UTF-8' encoding to copy filtered resources.
[INFO] skip non existing resourceDirectory /home/travis/build/petergeneric/stdlib/stdlib/src/main/resources
[INFO] 
[INFO] --- maven-compiler-plugin:3.3:compile (default-compile) @ stdlib ---
[INFO] Nothing to compile - all classes are up to date
[INFO] 
[INFO] --- maven-resources-plugin:2.6:testResources (default-testResources) @ stdlib ---
[INFO] Using 'UTF-8' encoding to copy filtered resources.
[INFO] skip non existing resourceDirectory /home/travis/build/petergeneric/stdlib/stdlib/src/test/resources
[INFO] 
[INFO] --- maven-compiler-plugin:3.3:testCompile (default-testCompile) @ stdlib ---
[INFO] Nothing to compile - all classes are up to date
[INFO] 
[INFO] --- maven-surefire-plugin:2.19:test (default-test) @ stdlib ---
[INFO] Tests are skipped.
[INFO] 
[INFO] --- maven-jar-plugin:2.6:jar (default-jar) @ stdlib ---
[INFO] 
[INFO] --- maven-install-plugin:2.4:install (default-install) @ stdlib ---
[INFO] Installing /home/travis/build/petergeneric/stdlib/stdlib/target/stdlib-9.1.4-SNAPSHOT.jar to /home/travis/.m2/repository/com/peterphi/std/stdlib/9.1.4-SNAPSHOT/stdlib-9.1.4-SNAPSHOT.jar
[INFO] Installing /home/travis/build/petergeneric/stdlib/stdlib/pom.xml to /home/travis/.m2/repository/com/peterphi/std/stdlib/9.1.4-SNAPSHOT/stdlib-9.1.4-SNAPSHOT.pom
[INFO]                                                                         
[INFO] ------------------------------------------------------------------------
[INFO] Building application framework guice modules parent 9.1.4-SNAPSHOT
[INFO] ------------------------------------------------------------------------
[INFO] 
[INFO] --- maven-enforcer-plugin:1.0:enforce (enforce-maven) @ stdlib-guice-parent ---
[INFO] 
[INFO] --- buildnumber-maven-plugin:1.3:create (default) @ stdlib-guice-parent ---
[INFO] 
[INFO] --- maven-install-plugin:2.4:install (default-install) @ stdlib-guice-parent ---
[INFO] Installing /home/travis/build/petergeneric/stdlib/guice/pom.xml to /home/travis/.m2/repository/com/peterphi/std/guice/stdlib-guice-parent/9.1.4-SNAPSHOT/stdlib-guice-parent-9.1.4-SNAPSHOT.pom
[INFO]                                                                         
[INFO] ------------------------------------------------------------------------
[INFO] Building stdlib guice common 9.1.4-SNAPSHOT
[INFO] ------------------------------------------------------------------------
[WARNING] The artifact xml-apis:xml-apis:jar:2.0.2 has been relocated to xml-apis:xml-apis:jar:1.0.b2
[INFO] 
[INFO] --- maven-enforcer-plugin:1.0:enforce (enforce-maven) @ stdlib-guice-common ---
[INFO] 
[INFO] --- buildnumber-maven-plugin:1.3:create (default) @ stdlib-guice-common ---
[INFO] 
[INFO] --- maven-resources-plugin:2.6:resources (default-resources) @ stdlib-guice-common ---
[INFO] Using 'UTF-8' encoding to copy filtered resources.
[INFO] Copying 1 resource
[INFO] 
[INFO] --- maven-compiler-plugin:3.3:compile (default-compile) @ stdlib-guice-common ---
[INFO] Nothing to compile - all classes are up to date
[INFO] 
[INFO] --- maven-resources-plugin:2.6:testResources (default-testResources) @ stdlib-guice-common ---
[INFO] Using 'UTF-8' encoding to copy filtered resources.
[INFO] Copying 2 resources
[INFO] 
[INFO] --- maven-compiler-plugin:3.3:testCompile (default-testCompile) @ stdlib-guice-common ---
[INFO] Nothing to compile - all classes are up to date
[INFO] 
[INFO] --- maven-surefire-plugin:2.19:test (default-test) @ stdlib-guice-common ---
[INFO] Tests are skipped.
[INFO] 
[INFO] --- maven-jar-plugin:2.6:jar (default-jar) @ stdlib-guice-common ---
[INFO] 
[INFO] --- maven-install-plugin:2.4:install (default-install) @ stdlib-guice-common ---
[INFO] Installing /home/travis/build/petergeneric/stdlib/guice/common/target/stdlib-guice-common-9.1.4-SNAPSHOT.jar to /home/travis/.m2/repository/com/peterphi/std/guice/stdlib-guice-common/9.1.4-SNAPSHOT/stdlib-guice-common-9.1.4-SNAPSHOT.jar
[INFO] Installing /home/travis/build/petergeneric/stdlib/guice/common/pom.xml to /home/travis/.m2/repository/com/peterphi/std/guice/stdlib-guice-common/9.1.4-SNAPSHOT/stdlib-guice-common-9.1.4-SNAPSHOT.pom
[INFO]                                                                         
[INFO] ------------------------------------------------------------------------
[INFO] Building user-manager 9.1.4-SNAPSHOT
[INFO] ------------------------------------------------------------------------
[INFO] 
[INFO] --- maven-enforcer-plugin:1.0:enforce (enforce-maven) @ user-manager-parent ---
[INFO] 
[INFO] --- buildnumber-maven-plugin:1.3:create (default) @ user-manager-parent ---
[INFO] 
[INFO] --- maven-install-plugin:2.4:install (default-install) @ user-manager-parent ---
[INFO] Installing /home/travis/build/petergeneric/stdlib/user-manager/pom.xml to /home/travis/.m2/repository/com/peterphi/user-manager/user-manager-parent/9.1.4-SNAPSHOT/user-manager-parent-9.1.4-SNAPSHOT.pom
[INFO]                                                                         
[INFO] ------------------------------------------------------------------------
[INFO] Building user manager rest api 9.1.4-SNAPSHOT
[INFO] ------------------------------------------------------------------------
[INFO] 
[INFO] --- maven-enforcer-plugin:1.0:enforce (enforce-maven) @ user-manager-api ---
[INFO] 
[INFO] --- buildnumber-maven-plugin:1.3:create (default) @ user-manager-api ---
[INFO] 
[INFO] --- maven-resources-plugin:2.6:resources (default-resources) @ user-manager-api ---
[INFO] Using 'UTF-8' encoding to copy filtered resources.
[INFO] skip non existing resourceDirectory /home/travis/build/petergeneric/stdlib/user-manager/api/src/main/resources
[INFO] 
[INFO] --- maven-compiler-plugin:3.3:compile (default-compile) @ user-manager-api ---
[INFO] Nothing to compile - all classes are up to date
[INFO] 
[INFO] --- maven-resources-plugin:2.6:testResources (default-testResources) @ user-manager-api ---
[INFO] Using 'UTF-8' encoding to copy filtered resources.
[INFO] skip non existing resourceDirectory /home/travis/build/petergeneric/stdlib/user-manager/api/src/test/resources
[INFO] 
[INFO] --- maven-compiler-plugin:3.3:testCompile (default-testCompile) @ user-manager-api ---
[INFO] No sources to compile
[INFO] 
[INFO] --- maven-surefire-plugin:2.19:test (default-test) @ user-manager-api ---
[INFO] Tests are skipped.
[INFO] 
[INFO] --- maven-jar-plugin:2.6:jar (default-jar) @ user-manager-api ---
[INFO] 
[INFO] --- maven-install-plugin:2.4:install (default-install) @ user-manager-api ---
[INFO] Installing /home/travis/build/petergeneric/stdlib/user-manager/api/target/user-manager-api-9.1.4-SNAPSHOT.jar to /home/travis/.m2/repository/com/peterphi/user-manager/user-manager-api/9.1.4-SNAPSHOT/user-manager-api-9.1.4-SNAPSHOT.jar
[INFO] Installing /home/travis/build/petergeneric/stdlib/user-manager/api/pom.xml to /home/travis/.m2/repository/com/peterphi/user-manager/user-manager-api/9.1.4-SNAPSHOT/user-manager-api-9.1.4-SNAPSHOT.pom
[INFO]                                                                         
[INFO] ------------------------------------------------------------------------
[INFO] Building stdlib guice webapp 9.1.4-SNAPSHOT
[INFO] ------------------------------------------------------------------------
[WARNING] The artifact xml-apis:xml-apis:jar:2.0.2 has been relocated to xml-apis:xml-apis:jar:1.0.b2
[INFO] 
[INFO] --- maven-enforcer-plugin:1.0:enforce (enforce-maven) @ stdlib-guice-webapp ---
[INFO] 
[INFO] --- buildnumber-maven-plugin:1.3:create (default) @ stdlib-guice-webapp ---
[INFO] 
[INFO] --- maven-resources-plugin:2.6:resources (default-resources) @ stdlib-guice-webapp ---
[INFO] Using 'UTF-8' encoding to copy filtered resources.
[INFO] Copying 9 resources
[INFO] 
[INFO] --- maven-compiler-plugin:3.3:compile (default-compile) @ stdlib-guice-webapp ---
[INFO] Changes detected - recompiling the module!
[INFO] Compiling 80 source files to /home/travis/build/petergeneric/stdlib/guice/webapp/target/classes
[INFO] /home/travis/build/petergeneric/stdlib/guice/webapp/src/main/java/com/peterphi/std/guice/web/rest/setup/JAXRSClientProvider.java: Some input files use unchecked or unsafe operations.
[INFO] /home/travis/build/petergeneric/stdlib/guice/webapp/src/main/java/com/peterphi/std/guice/web/rest/setup/JAXRSClientProvider.java: Recompile with -Xlint:unchecked for details.
[INFO] -------------------------------------------------------------
[ERROR] COMPILATION ERROR : 
[INFO] -------------------------------------------------------------
[ERROR] /home/travis/build/petergeneric/stdlib/guice/webapp/src/main/java/com/peterphi/std/guice/web/rest/resteasy/ResteasyDispatcher.java:[128,9] missing return statement
[INFO] 1 error
[INFO] -------------------------------------------------------------
[INFO] ------------------------------------------------------------------------
[INFO] Reactor Summary:
[INFO] 
[INFO] application framework parent ....................... SUCCESS [  1.855 s]
[INFO] stdlib ............................................. SUCCESS [  2.713 s]
[INFO] application framework guice modules parent ......... SUCCESS [  0.263 s]
[INFO] stdlib guice common ................................ SUCCESS [  1.532 s]
[INFO] user-manager ....................................... SUCCESS [  0.068 s]
[INFO] user manager rest api .............................. SUCCESS [  0.195 s]
[INFO] stdlib guice webapp ................................ FAILURE [ 10.167 s]
[INFO] stdlib guice metrics ............................... SKIPPED
[INFO] stdlib guice freemarker webapp ..................... SKIPPED
[INFO] stdlib guice testing support ....................... SKIPPED
[INFO] stdlib guice hibernate ............................. SKIPPED
[INFO] stdlib guice hibernate testing support ............. SKIPPED
[INFO] stdlib guice liquibase support ..................... SKIPPED
[INFO] carbon client ...................................... SKIPPED
[INFO] configuration ...................................... SKIPPED
[INFO] Configuration Service .............................. SKIPPED
[INFO] user manager service ............................... SKIPPED
[INFO] ------------------------------------------------------------------------
[INFO] BUILD FAILURE
[INFO] ------------------------------------------------------------------------
[INFO] Total time: 19.277 s
[INFO] Finished at: 2016-08-19T11:15:37+00:00
[INFO] Final Memory: 26M/359M
[INFO] ------------------------------------------------------------------------
[ERROR] Failed to execute goal org.apache.maven.plugins:maven-compiler-plugin:3.3:compile (default-compile) on project stdlib-guice-webapp: Compilation failure
[ERROR] /home/travis/build/petergeneric/stdlib/guice/webapp/src/main/java/com/peterphi/std/guice/web/rest/resteasy/ResteasyDispatcher.java:[128,9] missing return statement
[ERROR] -> [Help 1]
[ERROR] 
[ERROR] To see the full stack trace of the errors, re-run Maven with the -e switch.
[ERROR] Re-run Maven using the -X switch to enable full debug logging.
[ERROR] 
[ERROR] For more information about the errors and possible solutions, please read the following articles:
[ERROR] [Help 1] http://cwiki.apache.org/confluence/display/MAVEN/MojoFailureException
[ERROR] 
[ERROR] After correcting the problems, you can resume the build with the command
[ERROR]   mvn <goals> -rf :stdlib-guice-webapp

[31;1mThe command "eval mvn install -DskipTests=true -Dmaven.javadoc.skip=true -B -V" failed 3 times.[0m


travis_time:end:0406b003:start=1471605249301711726,finish=1471605345778765638,duration=96477053912[0K
[31;1mThe command "mvn install -DskipTests=true -Dmaven.javadoc.skip=true -B -V" failed and exited with 1 during .[0m

Your build has been stopped.
