travis_fold:start:worker_info[0K[33;1mWorker information[0m
hostname: 564bb9aa-b5a9-45c0-a685-48cc474043de@1.i-05f0bb9-production-2-worker-org-ec2.travisci.net
version: v3.6.0 https://github.com/travis-ci/worker/tree/170b2a0bb43234479fd1911ba9e4dbcc36dadfad
instance: 7ccff54 travisci/ci-garnet:packer-1512502276-986baf0 (via amqp)
startup: 455.855431ms
travis_fold:end:worker_info[0Kmode of â€˜/usr/local/clang-5.0.0/binâ€™ changed from 0777 (rwxrwxrwx) to 0775 (rwxrwxr-x)
travis_fold:start:system_info[0K[33;1mBuild system information[0m
Build language: java
Build group: stable
Build dist: trusty
Build id: 363288930
Job id: 363288932
Runtime kernel version: 4.14.12-041412-generic
travis-build version: ef2f5cbc9
[34m[1mBuild image provisioning date and time[0m
Tue Dec  5 20:11:19 UTC 2017
[34m[1mOperating System Details[0m
Distributor ID:	Ubuntu
Description:	Ubuntu 14.04.5 LTS
Release:	14.04
Codename:	trusty
[34m[1mCookbooks Version[0m
7c2c6a6 https://github.com/travis-ci/travis-cookbooks/tree/7c2c6a6
[34m[1mgit version[0m
git version 2.15.1
[34m[1mbash version[0m
GNU bash, version 4.3.11(1)-release (x86_64-pc-linux-gnu)
[34m[1mgcc version[0m
gcc (Ubuntu 4.8.4-2ubuntu1~14.04.3) 4.8.4
Copyright (C) 2013 Free Software Foundation, Inc.
This is free software; see the source for copying conditions.  There is NO
warranty; not even for MERCHANTABILITY or FITNESS FOR A PARTICULAR PURPOSE.

[34m[1mdocker version[0m
Client:
 Version:      17.09.0-ce
 API version:  1.32
 Go version:   go1.8.3
 Git commit:   afdb6d4
 Built:        Tue Sep 26 22:39:28 2017
 OS/Arch:      linux/amd64
[34m[1mclang version[0m
clang version 5.0.0 (tags/RELEASE_500/final)
Target: x86_64-unknown-linux-gnu
Thread model: posix
InstalledDir: /usr/local/clang-5.0.0/bin
[34m[1mjq version[0m
jq-1.5
[34m[1mbats version[0m
Bats 0.4.0
[34m[1mshellcheck version[0m
0.4.6
[34m[1mshfmt version[0m
v2.0.0
[34m[1mccache version[0m
ccache version 3.1.9

Copyright (C) 2002-2007 Andrew Tridgell
Copyright (C) 2009-2011 Joel Rosdahl

This program is free software; you can redistribute it and/or modify it under
the terms of the GNU General Public License as published by the Free Software
Foundation; either version 3 of the License, or (at your option) any later
version.
[34m[1mcmake version[0m
cmake version 3.9.2

CMake suite maintained and supported by Kitware (kitware.com/cmake).
[34m[1mheroku version[0m
heroku-cli/6.14.39-addc925 (linux-x64) node-v9.2.0
[34m[1mimagemagick version[0m
Version: ImageMagick 6.7.7-10 2017-07-31 Q16 http://www.imagemagick.org
[34m[1mmd5deep version[0m
4.2
[34m[1mmercurial version[0m
Mercurial Distributed SCM (version 4.2.2)
(see https://mercurial-scm.org for more information)

Copyright (C) 2005-2017 Matt Mackall and others
This is free software; see the source for copying conditions. There is NO
warranty; not even for MERCHANTABILITY or FITNESS FOR A PARTICULAR PURPOSE.
[34m[1mmysql version[0m
mysql  Ver 14.14 Distrib 5.6.33, for debian-linux-gnu (x86_64) using  EditLine wrapper
[34m[1mopenssl version[0m
OpenSSL 1.0.1f 6 Jan 2014
[34m[1mpacker version[0m
Packer v1.0.2

Your version of Packer is out of date! The latest version
is 1.1.2. You can update by downloading from www.packer.io
[34m[1mpostgresql client version[0m
psql (PostgreSQL) 9.6.6
[34m[1mragel version[0m
Ragel State Machine Compiler version 6.8 Feb 2013
Copyright (c) 2001-2009 by Adrian Thurston
[34m[1msubversion version[0m
svn, version 1.8.8 (r1568071)
   compiled Aug 10 2017, 17:20:39 on x86_64-pc-linux-gnu

Copyright (C) 2013 The Apache Software Foundation.
This software consists of contributions made by many people;
see the NOTICE file for more information.
Subversion is open source software, see http://subversion.apache.org/

The following repository access (RA) modules are available:

* ra_svn : Module for accessing a repository using the svn network protocol.
  - with Cyrus SASL authentication
  - handles 'svn' scheme
* ra_local : Module for accessing a repository on local disk.
  - handles 'file' scheme
* ra_serf : Module for accessing a repository via WebDAV protocol using serf.
  - using serf 1.3.3
  - handles 'http' scheme
  - handles 'https' scheme

[34m[1msudo version[0m
Sudo version 1.8.9p5
Configure options: --prefix=/usr -v --with-all-insults --with-pam --with-fqdn --with-logging=syslog --with-logfac=authpriv --with-env-editor --with-editor=/usr/bin/editor --with-timeout=15 --with-password-timeout=0 --with-passprompt=[sudo] password for %p:  --without-lecture --with-tty-tickets --disable-root-mailer --enable-admin-flag --with-sendmail=/usr/sbin/sendmail --with-timedir=/var/lib/sudo --mandir=/usr/share/man --libexecdir=/usr/lib/sudo --with-sssd --with-sssd-lib=/usr/lib/x86_64-linux-gnu --with-selinux
Sudoers policy plugin version 1.8.9p5
Sudoers file grammar version 43

Sudoers path: /etc/sudoers
Authentication methods: 'pam'
Syslog facility if syslog is being used for logging: authpriv
Syslog priority to use when user authenticates successfully: notice
Syslog priority to use when user authenticates unsuccessfully: alert
Send mail if the user is not in sudoers
Use a separate timestamp for each user/tty combo
Lecture user the first time they run sudo
Root may run sudo
Allow some information gathering to give useful error messages
Require fully-qualified hostnames in the sudoers file
Visudo will honor the EDITOR environment variable
Set the LOGNAME and USER environment variables
Length at which to wrap log file lines (0 for no wrap): 80
Authentication timestamp timeout: 15.0 minutes
Password prompt timeout: 0.0 minutes
Number of tries to enter a password: 3
Umask to use or 0777 to use user's: 022
Path to mail program: /usr/sbin/sendmail
Flags for mail program: -t
Address to send mail to: root
Subject line for mail messages: *** SECURITY information for %h ***
Incorrect password message: Sorry, try again.
Path to authentication timestamp dir: /var/lib/sudo
Default password prompt: [sudo] password for %p: 
Default user to run commands as: root
Value to override user's $PATH with: /usr/local/sbin:/usr/local/bin:/usr/sbin:/usr/bin:/sbin:/bin:/snap/bin
Path to the editor for use by visudo: /usr/bin/editor
When to require a password for 'list' pseudocommand: any
When to require a password for 'verify' pseudocommand: all
File descriptors >= 3 will be closed before executing a command
Environment variables to check for sanity:
	TZ
	TERM
	LINGUAS
	LC_*
	LANGUAGE
	LANG
	COLORTERM
Environment variables to remove:
	RUBYOPT
	RUBYLIB
	PYTHONUSERBASE
	PYTHONINSPECT
	PYTHONPATH
	PYTHONHOME
	TMPPREFIX
	ZDOTDIR
	READNULLCMD
	NULLCMD
	FPATH
	PERL5DB
	PERL5OPT
	PERL5LIB
	PERLLIB
	PERLIO_DEBUG 
	JAVA_TOOL_OPTIONS
	SHELLOPTS
	GLOBIGNORE
	PS4
	BASH_ENV
	ENV
	TERMCAP
	TERMPATH
	TERMINFO_DIRS
	TERMINFO
	_RLD*
	LD_*
	PATH_LOCALE
	NLSPATH
	HOSTALIASES
	RES_OPTIONS
	LOCALDOMAIN
	CDPATH
	IFS
Environment variables to preserve:
	JAVA_HOME
	TRAVIS
	CI
	DEBIAN_FRONTEND
	XAUTHORIZATION
	XAUTHORITY
	PS2
	PS1
	PATH
	LS_COLORS
	KRB5CCNAME
	HOSTNAME
	HOME
	DISPLAY
	COLORS
Locale to use while parsing sudoers: C
Directory in which to store input/output logs: /var/log/sudo-io
File in which to store the input/output log: %{seq}
Add an entry to the utmp/utmpx file when allocating a pty
PAM service name to use
PAM service name to use for login shells
Create a new PAM session for the command to run in
Maximum I/O log sequence number: 0

Local IP address and netmask pairs:
	172.17.0.2/255.255.0.0

Sudoers I/O plugin version 1.8.9p5
[34m[1mgzip version[0m
gzip 1.6
Copyright (C) 2007, 2010, 2011 Free Software Foundation, Inc.
Copyright (C) 1993 Jean-loup Gailly.
This is free software.  You may redistribute copies of it under the terms of
the GNU General Public License <http://www.gnu.org/licenses/gpl.html>.
There is NO WARRANTY, to the extent permitted by law.

Written by Jean-loup Gailly.
[34m[1mzip version[0m
Copyright (c) 1990-2008 Info-ZIP - Type 'zip "-L"' for software license.
This is Zip 3.0 (July 5th 2008), by Info-ZIP.
Currently maintained by E. Gordon.  Please send bug reports to
the authors using the web page at www.info-zip.org; see README for details.

Latest sources and executables are at ftp://ftp.info-zip.org/pub/infozip,
as of above date; see http://www.info-zip.org/ for other sites.

Compiled with gcc 4.8.2 for Unix (Linux ELF) on Oct 21 2013.

Zip special compilation options:
	USE_EF_UT_TIME       (store Universal Time)
	BZIP2_SUPPORT        (bzip2 library version 1.0.6, 6-Sept-2010)
	    bzip2 code and library copyright (c) Julian R Seward
	    (See the bzip2 license for terms of use)
	SYMLINK_SUPPORT      (symbolic links supported)
	LARGE_FILE_SUPPORT   (can read and write large files on file system)
	ZIP64_SUPPORT        (use Zip64 to store large files in archives)
	UNICODE_SUPPORT      (store and read UTF-8 Unicode paths)
	STORE_UNIX_UIDs_GIDs (store UID/GID sizes/values using new extra field)
	UIDGID_NOT_16BIT     (old Unix 16-bit UID/GID extra field not used)
	[encryption, version 2.91 of 05 Jan 2007] (modified for Zip 3)

Encryption notice:
	The encryption code of this program is not copyrighted and is
	put in the public domain.  It was originally written in Europe
	and, to the best of our knowledge, can be freely distributed
	in both source and object forms from any country, including
	the USA under License Exception TSU of the U.S. Export
	Administration Regulations (section 740.13(e)) of 6 June 2002.

Zip environment options:
             ZIP:  [none]
          ZIPOPT:  [none]
[34m[1mvim version[0m
VIM - Vi IMproved 7.4 (2013 Aug 10, compiled Nov 24 2016 16:43:18)
Included patches: 1-52
Extra patches: 8.0.0056
Modified by pkg-vim-maintainers@lists.alioth.debian.org
Compiled by buildd@
Huge version without GUI.  Features included (+) or not (-):
+acl             +farsi           +mouse_netterm   +syntax
+arabic          +file_in_path    +mouse_sgr       +tag_binary
+autocmd         +find_in_path    -mouse_sysmouse  +tag_old_static
-balloon_eval    +float           +mouse_urxvt     -tag_any_white
-browse          +folding         +mouse_xterm     -tcl
++builtin_terms  -footer          +multi_byte      +terminfo
+byte_offset     +fork()          +multi_lang      +termresponse
+cindent         +gettext         -mzscheme        +textobjects
-clientserver    -hangul_input    +netbeans_intg   +title
-clipboard       +iconv           +path_extra      -toolbar
+cmdline_compl   +insert_expand   -perl            +user_commands
+cmdline_hist    +jumplist        +persistent_undo +vertsplit
+cmdline_info    +keymap          +postscript      +virtualedit
+comments        +langmap         +printer         +visual
+conceal         +libcall         +profile         +visualextra
+cryptv          +linebreak       +python          +viminfo
+cscope          +lispindent      -python3         +vreplace
+cursorbind      +listcmds        +quickfix        +wildignore
+cursorshape     +localmap        +reltime         +wildmenu
+dialog_con      -lua             +rightleft       +windows
+diff            +menu            -ruby            +writebackup
+digraphs        +mksession       +scrollbind      -X11
-dnd             +modify_fname    +signs           -xfontset
-ebcdic          +mouse           +smartindent     -xim
+emacs_tags      -mouseshape      -sniff           -xsmp
+eval            +mouse_dec       +startuptime     -xterm_clipboard
+ex_extra        +mouse_gpm       +statusline      -xterm_save
+extra_search    -mouse_jsbterm   -sun_workshop    -xpm
   system vimrc file: "$VIM/vimrc"
     user vimrc file: "$HOME/.vimrc"
 2nd user vimrc file: "~/.vim/vimrc"
      user exrc file: "$HOME/.exrc"
  fall-back for $VIM: "/usr/share/vim"
Compilation: gcc -c -I. -Iproto -DHAVE_CONFIG_H     -g -O2 -fstack-protector --param=ssp-buffer-size=4 -Wformat -Werror=format-security -U_FORTIFY_SOURCE -D_FORTIFY_SOURCE=1      
Linking: gcc   -Wl,-Bsymbolic-functions -Wl,-z,relro -Wl,--as-needed -o vim        -lm -ltinfo -lnsl  -lselinux  -lacl -lattr -lgpm -ldl    -L/usr/lib/python2.7/config-x86_64-linux-gnu -lpython2.7 -lpthread -ldl -lutil -lm -Xlinker -export-dynamic -Wl,-O1 -Wl,-Bsymbolic-functions      
[34m[1miptables version[0m
iptables v1.4.21
[34m[1mcurl version[0m
curl 7.35.0 (x86_64-pc-linux-gnu) libcurl/7.35.0 OpenSSL/1.0.1f zlib/1.2.8 libidn/1.28 librtmp/2.3
[34m[1mwget version[0m
GNU Wget 1.15 built on linux-gnu.
[34m[1mrsync version[0m
rsync  version 3.1.0  protocol version 31
[34m[1mgimme version[0m
v1.2.0
[34m[1mnvm version[0m
0.33.6
[34m[1mperlbrew version[0m
/home/travis/perl5/perlbrew/bin/perlbrew  - App::perlbrew/0.80
[34m[1mphpenv version[0m
rbenv 1.1.1-25-g6aa70b6
[34m[1mrvm version[0m
rvm 1.29.3 (latest) by Michal Papis, Piotr Kuczynski, Wayne E. Seguin [https://rvm.io]
[34m[1mdefault ruby version[0m
ruby 2.4.1p111 (2017-03-22 revision 58053) [x86_64-linux]
[34m[1mCouchDB version[0m
couchdb 1.6.1
[34m[1mElasticSearch version[0m
5.5.0
[34m[1mInstalled Firefox version[0m
firefox 56.0.2
[34m[1mMongoDB version[0m
MongoDB 3.4.10
[34m[1mPhantomJS version[0m
2.1.1
[34m[1mPre-installed PostgreSQL versions[0m
9.2.24
9.3.20
9.4.15
9.5.10
9.6.6
[34m[1mRabbitMQ Version[0m
3.6.14
[34m[1mRedis version[0m
redis-server 4.0.6
[34m[1mriak version[0m
2.2.3
[34m[1mPre-installed Go versions[0m
1.7.4
[34m[1mant version[0m
Apache Ant(TM) version 1.9.3 compiled on April 8 2014
[34m[1mmvn version[0m
Apache Maven 3.5.2 (138edd61fd100ec658bfa2d307c43b76940a5d7d; 2017-10-18T07:58:13Z)
Maven home: /usr/local/maven-3.5.2
Java version: 1.8.0_151, vendor: Oracle Corporation
Java home: /usr/lib/jvm/java-8-oracle/jre
Default locale: en_US, platform encoding: UTF-8
OS name: "linux", version: "4.4.0-101-generic", arch: "amd64", family: "unix"
[34m[1mgradle version[0m

------------------------------------------------------------
Gradle 4.0.1
------------------------------------------------------------

Build time:   2017-07-07 14:02:41 UTC
Revision:     38e5dc0f772daecca1d2681885d3d85414eb6826

Groovy:       2.4.11
Ant:          Apache Ant(TM) version 1.9.6 compiled on June 29 2015
JVM:          1.8.0_151 (Oracle Corporation 25.151-b12)
OS:           Linux 4.4.0-101-generic amd64

[34m[1mlein version[0m
Leiningen 2.8.1 on Java 1.8.0_151 Java HotSpot(TM) 64-Bit Server VM
[34m[1mPre-installed Node.js versions[0m
v4.8.6
v6.12.0
v6.12.1
v8.9
v8.9.1
[34m[1mphpenv versions[0m
  system
  5.6
* 5.6.32 (set by /home/travis/.phpenv/version)
  7.0
  7.0.25
  7.1
  7.1.11
  hhvm
  hhvm-stable
[34m[1mcomposer --version[0m
Composer version 1.5.2 2017-09-11 16:59:25
[34m[1mPre-installed Ruby versions[0m
ruby-2.2.7
ruby-2.3.4
ruby-2.4.1
travis_fold:end:system_info[0K
removed â€˜/etc/apt/sources.list.d/basho_riak.listâ€™
[32;1mNetwork availability confirmed.[0m
127.0.0.1	localhost
::1	 ip6-localhost ip6-loopback
fe00::0	ip6-localnet
ff00::0	ip6-mcastprefix
ff02::1	ip6-allnodes
ff02::2	ip6-allrouters
172.17.0.12	travis-job-dropwizard-dropwizard-363288932.travisci.net travis-job-dropwizard-dropwizard-363288932
W: http://ppa.launchpad.net/couchdb/stable/ubuntu/dists/trusty/Release.gpg: Signature by key 15866BAFD9BCC4F3C1E0DFC7D69548E1C17EAB57 uses weak digest algorithm (SHA1)
travis_fold:start:git.checkout[0Ktravis_time:start:1880491e[0K$ git clone --depth=50 https://github.com/dropwizard/dropwizard.git dropwizard/dropwizard
Cloning into 'dropwizard/dropwizard'...
remote: Counting objects: 2990, done.[K
remote: Compressing objects:   0% (1/1819)   [Kremote: Compressing objects:   1% (19/1819)   [Kremote: Compressing objects:   2% (37/1819)   [Kremote: Compressing objects:   3% (55/1819)   [Kremote: Compressing objects:   4% (73/1819)   [Kremote: Compressing objects:   5% (91/1819)   [Kremote: Compressing objects:   6% (110/1819)   [Kremote: Compressing objects:   7% (128/1819)   [Kremote: Compressing objects:   8% (146/1819)   [Kremote: Compressing objects:   9% (164/1819)   [Kremote: Compressing objects:  10% (182/1819)   [Kremote: Compressing objects:  11% (201/1819)   [Kremote: Compressing objects:  12% (219/1819)   [Kremote: Compressing objects:  13% (237/1819)   [Kremote: Compressing objects:  14% (255/1819)   [Kremote: Compressing objects:  15% (273/1819)   [Kremote: Compressing objects:  16% (292/1819)   [Kremote: Compressing objects:  17% (310/1819)   [Kremote: Compressing objects:  18% (328/1819)   [Kremote: Compressing objects:  19% (346/1819)   [Kremote: Compressing objects:  20% (364/1819)   [Kremote: Compressing objects:  21% (382/1819)   [Kremote: Compressing objects:  22% (401/1819)   [Kremote: Compressing objects:  23% (419/1819)   [Kremote: Compressing objects:  24% (437/1819)   [Kremote: Compressing objects:  25% (455/1819)   [Kremote: Compressing objects:  26% (473/1819)   [Kremote: Compressing objects:  27% (492/1819)   [Kremote: Compressing objects:  28% (510/1819)   [Kremote: Compressing objects:  29% (528/1819)   [Kremote: Compressing objects:  30% (546/1819)   [Kremote: Compressing objects:  31% (564/1819)   [Kremote: Compressing objects:  32% (583/1819)   [Kremote: Compressing objects:  33% (601/1819)   [Kremote: Compressing objects:  34% (619/1819)   [Kremote: Compressing objects:  35% (637/1819)   [Kremote: Compressing objects:  36% (655/1819)   [Kremote: Compressing objects:  37% (674/1819)   [Kremote: Compressing objects:  38% (692/1819)   [Kremote: Compressing objects:  39% (710/1819)   [Kremote: Compressing objects:  40% (728/1819)   [Kremote: Compressing objects:  41% (746/1819)   [Kremote: Compressing objects:  42% (764/1819)   [Kremote: Compressing objects:  43% (783/1819)   [Kremote: Compressing objects:  44% (801/1819)   [Kremote: Compressing objects:  45% (819/1819)   [Kremote: Compressing objects:  46% (837/1819)   [Kremote: Compressing objects:  47% (855/1819)   [Kremote: Compressing objects:  48% (874/1819)   [Kremote: Compressing objects:  49% (892/1819)   [Kremote: Compressing objects:  50% (910/1819)   [Kremote: Compressing objects:  51% (928/1819)   [Kremote: Compressing objects:  52% (946/1819)   [Kremote: Compressing objects:  53% (965/1819)   [Kremote: Compressing objects:  54% (983/1819)   [Kremote: Compressing objects:  55% (1001/1819)   [Kremote: Compressing objects:  56% (1019/1819)   [Kremote: Compressing objects:  57% (1037/1819)   [Kremote: Compressing objects:  58% (1056/1819)   [Kremote: Compressing objects:  59% (1074/1819)   [Kremote: Compressing objects:  60% (1092/1819)   [Kremote: Compressing objects:  61% (1110/1819)   [Kremote: Compressing objects:  62% (1128/1819)   [Kremote: Compressing objects:  63% (1146/1819)   [Kremote: Compressing objects:  64% (1165/1819)   [Kremote: Compressing objects:  65% (1183/1819)   [Kremote: Compressing objects:  66% (1201/1819)   [Kremote: Compressing objects:  67% (1219/1819)   [Kremote: Compressing objects:  68% (1237/1819)   [Kremote: Compressing objects:  69% (1256/1819)   [Kremote: Compressing objects:  70% (1274/1819)   [Kremote: Compressing objects:  71% (1292/1819)   [Kremote: Compressing objects:  72% (1310/1819)   [Kremote: Compressing objects:  73% (1328/1819)   [Kremote: Compressing objects:  74% (1347/1819)   [Kremote: Compressing objects:  75% (1365/1819)   [Kremote: Compressing objects:  76% (1383/1819)   [Kremote: Compressing objects:  77% (1401/1819)   [Kremote: Compressing objects:  78% (1419/1819)   [Kremote: Compressing objects:  79% (1438/1819)   [Kremote: Compressing objects:  80% (1456/1819)   [Kremote: Compressing objects:  81% (1474/1819)   [Kremote: Compressing objects:  82% (1492/1819)   [Kremote: Compressing objects:  83% (1510/1819)   [Kremote: Compressing objects:  84% (1528/1819)   [Kremote: Compressing objects:  85% (1547/1819)   [Kremote: Compressing objects:  86% (1565/1819)   [Kremote: Compressing objects:  87% (1583/1819)   [Kremote: Compressing objects:  88% (1601/1819)   [Kremote: Compressing objects:  89% (1619/1819)   [Kremote: Compressing objects:  90% (1638/1819)   [Kremote: Compressing objects:  91% (1656/1819)   [Kremote: Compressing objects:  92% (1674/1819)   [Kremote: Compressing objects:  93% (1692/1819)   [Kremote: Compressing objects:  94% (1710/1819)   [Kremote: Compressing objects:  95% (1729/1819)   [Kremote: Compressing objects:  96% (1747/1819)   [Kremote: Compressing objects:  97% (1765/1819)   [Kremote: Compressing objects:  98% (1783/1819)   [Kremote: Compressing objects:  99% (1801/1819)   [Kremote: Compressing objects: 100% (1819/1819)   [Kremote: Compressing objects: 100% (1819/1819), done.[K
Receiving objects:   0% (1/2990)   Receiving objects:   1% (30/2990)   Receiving objects:   2% (60/2990)   Receiving objects:   3% (90/2990)   Receiving objects:   4% (120/2990)   Receiving objects:   5% (150/2990)   Receiving objects:   6% (180/2990)   Receiving objects:   7% (210/2990)   Receiving objects:   8% (240/2990)   Receiving objects:   9% (270/2990)   Receiving objects:  10% (299/2990)   Receiving objects:  11% (329/2990)   Receiving objects:  12% (359/2990)   Receiving objects:  13% (389/2990)   Receiving objects:  14% (419/2990)   Receiving objects:  15% (449/2990)   Receiving objects:  16% (479/2990)   Receiving objects:  17% (509/2990)   Receiving objects:  18% (539/2990)   Receiving objects:  19% (569/2990)   Receiving objects:  20% (598/2990)   Receiving objects:  21% (628/2990)   Receiving objects:  22% (658/2990)   Receiving objects:  23% (688/2990)   Receiving objects:  24% (718/2990)   Receiving objects:  25% (748/2990)   Receiving objects:  26% (778/2990)   Receiving objects:  27% (808/2990)   Receiving objects:  28% (838/2990)   Receiving objects:  29% (868/2990)   Receiving objects:  30% (897/2990)   Receiving objects:  31% (927/2990)   Receiving objects:  32% (957/2990)   Receiving objects:  33% (987/2990)   Receiving objects:  34% (1017/2990)   Receiving objects:  35% (1047/2990)   Receiving objects:  36% (1077/2990)   Receiving objects:  37% (1107/2990)   Receiving objects:  38% (1137/2990)   Receiving objects:  39% (1167/2990)   Receiving objects:  40% (1196/2990)   Receiving objects:  41% (1226/2990)   Receiving objects:  42% (1256/2990)   Receiving objects:  43% (1286/2990)   Receiving objects:  44% (1316/2990)   Receiving objects:  45% (1346/2990)   Receiving objects:  46% (1376/2990)   Receiving objects:  47% (1406/2990)   Receiving objects:  48% (1436/2990)   Receiving objects:  49% (1466/2990)   Receiving objects:  50% (1495/2990)   Receiving objects:  51% (1525/2990)   Receiving objects:  52% (1555/2990)   Receiving objects:  53% (1585/2990)   Receiving objects:  54% (1615/2990)   Receiving objects:  55% (1645/2990)   Receiving objects:  56% (1675/2990)   Receiving objects:  57% (1705/2990)   Receiving objects:  58% (1735/2990)   Receiving objects:  59% (1765/2990)   Receiving objects:  60% (1794/2990)   Receiving objects:  61% (1824/2990)   Receiving objects:  62% (1854/2990)   Receiving objects:  63% (1884/2990)   Receiving objects:  64% (1914/2990)   Receiving objects:  65% (1944/2990)   Receiving objects:  66% (1974/2990)   Receiving objects:  67% (2004/2990)   Receiving objects:  68% (2034/2990)   Receiving objects:  69% (2064/2990)   Receiving objects:  70% (2093/2990)   Receiving objects:  71% (2123/2990)   Receiving objects:  72% (2153/2990)   Receiving objects:  73% (2183/2990)   Receiving objects:  74% (2213/2990)   Receiving objects:  75% (2243/2990)   Receiving objects:  76% (2273/2990)   Receiving objects:  77% (2303/2990)   Receiving objects:  78% (2333/2990)   Receiving objects:  79% (2363/2990)   Receiving objects:  80% (2392/2990)   Receiving objects:  81% (2422/2990)   Receiving objects:  82% (2452/2990)   Receiving objects:  83% (2482/2990)   Receiving objects:  84% (2512/2990)   Receiving objects:  85% (2542/2990)   Receiving objects:  86% (2572/2990)   Receiving objects:  87% (2602/2990)   Receiving objects:  88% (2632/2990)   Receiving objects:  89% (2662/2990)   Receiving objects:  90% (2691/2990)   Receiving objects:  91% (2721/2990)   Receiving objects:  92% (2751/2990)   Receiving objects:  93% (2781/2990)   Receiving objects:  94% (2811/2990)   Receiving objects:  95% (2841/2990)   Receiving objects:  96% (2871/2990)   Receiving objects:  97% (2901/2990)   Receiving objects:  98% (2931/2990)   Receiving objects:  99% (2961/2990)   remote: Total 2990 (delta 855), reused 2196 (delta 591), pack-reused 0[K
Receiving objects: 100% (2990/2990)   Receiving objects: 100% (2990/2990), 1.37 MiB | 14.13 MiB/s, done.
Resolving deltas:   0% (0/855)   Resolving deltas:   5% (47/855)   Resolving deltas:   6% (52/855)   Resolving deltas:   7% (61/855)   Resolving deltas:   8% (69/855)   Resolving deltas:   9% (79/855)   Resolving deltas:  11% (95/855)   Resolving deltas:  12% (103/855)   Resolving deltas:  13% (112/855)   Resolving deltas:  14% (120/855)   Resolving deltas:  15% (130/855)   Resolving deltas:  16% (140/855)   Resolving deltas:  17% (147/855)   Resolving deltas:  18% (158/855)   Resolving deltas:  19% (163/855)   Resolving deltas:  20% (177/855)   Resolving deltas:  21% (187/855)   Resolving deltas:  22% (193/855)   Resolving deltas:  23% (198/855)   Resolving deltas:  24% (208/855)   Resolving deltas:  25% (218/855)   Resolving deltas:  26% (228/855)   Resolving deltas:  27% (231/855)   Resolving deltas:  28% (242/855)   Resolving deltas:  29% (253/855)   Resolving deltas:  30% (259/855)   Resolving deltas:  31% (268/855)   Resolving deltas:  35% (300/855)   Resolving deltas:  36% (308/855)   Resolving deltas:  37% (321/855)   Resolving deltas:  38% (325/855)   Resolving deltas:  40% (344/855)   Resolving deltas:  41% (357/855)   Resolving deltas:  42% (361/855)   Resolving deltas:  43% (368/855)   Resolving deltas:  44% (377/855)   Resolving deltas:  45% (385/855)   Resolving deltas:  46% (397/855)   Resolving deltas:  49% (422/855)   Resolving deltas:  50% (428/855)   Resolving deltas:  51% (438/855)   Resolving deltas:  52% (449/855)   Resolving deltas:  53% (454/855)   Resolving deltas:  54% (462/855)   Resolving deltas:  55% (472/855)   Resolving deltas:  56% (481/855)   Resolving deltas:  57% (488/855)   Resolving deltas:  58% (498/855)   Resolving deltas:  59% (510/855)   Resolving deltas:  62% (537/855)   Resolving deltas:  63% (544/855)   Resolving deltas:  64% (549/855)   Resolving deltas:  65% (557/855)   Resolving deltas:  66% (571/855)   Resolving deltas:  67% (574/855)   Resolving deltas:  68% (582/855)   Resolving deltas:  69% (592/855)   Resolving deltas:  70% (605/855)   Resolving deltas:  71% (608/855)   Resolving deltas:  72% (617/855)   Resolving deltas:  74% (640/855)   Resolving deltas:  75% (647/855)   Resolving deltas:  76% (651/855)   Resolving deltas:  77% (659/855)   Resolving deltas:  78% (674/855)   Resolving deltas:  79% (676/855)   Resolving deltas:  80% (689/855)   Resolving deltas:  81% (695/855)   Resolving deltas:  82% (705/855)   Resolving deltas:  83% (711/855)   Resolving deltas:  84% (719/855)   Resolving deltas:  85% (728/855)   Resolving deltas:  86% (736/855)   Resolving deltas:  87% (744/855)   Resolving deltas:  89% (764/855)   Resolving deltas:  90% (775/855)   Resolving deltas:  91% (779/855)   Resolving deltas:  92% (787/855)   Resolving deltas:  93% (796/855)   Resolving deltas:  94% (804/855)   Resolving deltas:  95% (813/855)   Resolving deltas:  96% (823/855)   Resolving deltas:  97% (832/855)   Resolving deltas:  98% (838/855)   Resolving deltas:  99% (854/855)   Resolving deltas: 100% (855/855)   Resolving deltas: 100% (855/855), done.

travis_time:end:1880491e:start=1523046225778924452,finish=1523046226685413345,duration=906488893[0K$ cd dropwizard/dropwizard
travis_time:start:0c0ee96a[0K$ git fetch origin +refs/pull/2325/merge:
remote: Counting objects: 5, done.[K
remote: Compressing objects:  25% (1/4)   [Kremote: Compressing objects:  50% (2/4)   [Kremote: Compressing objects:  75% (3/4)   [Kremote: Compressing objects: 100% (4/4)   [Kremote: Compressing objects: 100% (4/4), done.[K
remote: Total 5 (delta 3), reused 1 (delta 0), pack-reused 0[K
Unpacking objects:  20% (1/5)   Unpacking objects:  40% (2/5)   Unpacking objects:  60% (3/5)   Unpacking objects:  80% (4/5)   Unpacking objects: 100% (5/5)   Unpacking objects: 100% (5/5), done.
From https://github.com/dropwizard/dropwizard
 * branch            refs/pull/2325/merge -> FETCH_HEAD

travis_time:end:0c0ee96a:start=1523046226694875416,finish=1523046227263028500,duration=568153084[0K$ git checkout -qf FETCH_HEAD
travis_fold:end:git.checkout[0K
[33;1mSetting environment variables from .travis.yml[0m
$ export JAVA_OPTS='-Xms512m -Xmx2g'
$ export JDK='OpenJDK 10'

[33;1mDisabling Gradle daemon[0m
travis_time:start:0dab0784[0K$ mkdir -p ~/.gradle && echo "org.gradle.daemon=false" >> ~/.gradle/gradle.properties

travis_time:end:0dab0784:start=1523046234025858056,finish=1523046234034418279,duration=8560223[0K$ export PATH=$JAVA_HOME/bin:$PATH
travis_fold:start:cache.1[0KSetting up build cache
$ export CASHER_DIR=$HOME/.casher
travis_time:start:26ffb932[0K$ Installing caching utilities

travis_time:end:26ffb932:start=1523046240575052902,finish=1523046240619914979,duration=44862077[0Ktravis_time:start:17dc8081[0K
travis_time:end:17dc8081:start=1523046240629349094,finish=1523046240636341497,duration=6992403[0Ktravis_time:start:04a435a0[0K[32;1mattempting to download cache archive[0m
[32;1mfetching PR.2325/cache-linux-trusty-f12d7057bab7eddc42a3036b7a4649c25e908dcc101900576ae985cd41677302.tgz[0m
[32;1mfetching master/cache-linux-trusty-f12d7057bab7eddc42a3036b7a4649c25e908dcc101900576ae985cd41677302.tgz[0m
[32;1mfound cache[0m

travis_time:end:04a435a0:start=1523046240644679243,finish=1523046249919550760,duration=9274871517[0Ktravis_time:start:156753d0[0K
travis_time:end:156753d0:start=1523046249927993546,finish=1523046249935124492,duration=7130946[0Ktravis_time:start:06cecc3a[0K[32;1madding /home/travis/.m2 to cache[0m

travis_time:end:06cecc3a:start=1523046249943971243,finish=1523046256682021562,duration=6738050319[0Ktravis_fold:end:cache.1[0K$ java -Xmx32m -version
Picked up _JAVA_OPTIONS: -Xmx2048m -Xms512m
java version "1.8.0_151"
Java(TM) SE Runtime Environment (build 1.8.0_151-b12)
Java HotSpot(TM) 64-Bit Server VM (build 25.151-b12, mixed mode)
$ javac -J-Xmx32m -version
Picked up _JAVA_OPTIONS: -Xmx2048m -Xms512m
javac 1.8.0_151
travis_fold:start:before_install.1[0Ktravis_time:start:2af3883a[0K$ ulimit -c unlimited -S

travis_time:end:2af3883a:start=1523046257505343788,finish=1523046257511338931,duration=5995143[0Ktravis_fold:end:before_install.1[0Ktravis_fold:start:before_install.2[0Ktravis_time:start:02e5be88[0K$ wget https://raw.githubusercontent.com/sormuras/bach/master/install-jdk.sh
--2018-04-06 20:24:17--  https://raw.githubusercontent.com/sormuras/bach/master/install-jdk.sh
Resolving raw.githubusercontent.com (raw.githubusercontent.com)... 151.101.32.133
Connecting to raw.githubusercontent.com (raw.githubusercontent.com)|151.101.32.133|:443... connected.
HTTP request sent, awaiting response... 200 OK
Length: 4935 (4.8K) [text/plain]
Saving to: â€˜install-jdk.shâ€™

 0% [                                       ] 0           --.-K/s              100%[======================================>] 4,935       --.-K/s   in 0s      

2018-04-06 20:24:17 (74.2 MB/s) - â€˜install-jdk.shâ€™ saved [4935/4935]


travis_time:end:02e5be88:start=1523046257519067227,finish=1523046257662513483,duration=143446256[0Ktravis_fold:end:before_install.2[0Ktravis_fold:start:install[0Ktravis_time:start:03676420[0K$ . ./install-jdk.sh -F 10
install-jdk.sh (2018-04-05)
  FEATURE = 10
  LICENSE = GPL
  ARCHIVE = openjdk-10_linux-x64_bin.tar.gz
      URL = https://download.java.net/java/GA/jdk10/10/binaries/openjdk-10_linux-x64_bin.tar.gz [200]

--2018-04-06 20:24:18--  https://download.java.net/java/GA/jdk10/10/binaries/openjdk-10_linux-x64_bin.tar.gz
Resolving download.java.net (download.java.net)... 23.46.60.117
Connecting to download.java.net (download.java.net)|23.46.60.117|:443... connected.
HTTP request sent, awaiting response... 200 OK
Length: 204869628 (195M) [application/x-gzip]
Saving to: â€˜openjdk-10_linux-x64_bin.tar.gzâ€™

 0% [                                       ] 0           --.-K/s               2% [>                                      ] 5,598,666   25.8MB/s             10% [==>                                    ] 20,962,824  49.1MB/s             19% [======>                                ] 39,144,903  61.5MB/s             25% [=========>                             ] 53,177,567  62.8MB/s             35% [============>                          ] 72,308,471  68.4MB/s             44% [================>                      ] 90,177,536  71.2MB/s             52% [===================>                   ] 107,789,030 73.0MB/s             61% [=======================>               ] 126,606,389 74.9MB/s             64% [========================>              ] 132,128,768 69.3MB/s             73% [===========================>           ] 150,737,902 71.3MB/s             83% [===============================>       ] 172,088,142 73.9MB/s             95% [====================================>  ] 196,455,877 77.4MB/s             100%[======================================>] 204,869,628 78.2MB/s   in 2.5s   

2018-04-06 20:24:20 (78.2 MB/s) - â€˜openjdk-10_linux-x64_bin.tar.gzâ€™ saved [204869628/204869628]

openjdk-10_linux-x64_bin.tar.gz: gzip compressed data, from Unix, last modified: Thu Mar  8 02:04:38 2018

Picked up _JAVA_OPTIONS: -Xmx2048m -Xms512m
openjdk 10 2018-03-20
OpenJDK Runtime Environment 18.3 (build 10+46)
OpenJDK 64-Bit Server VM 18.3 (build 10+46, mixed mode)

/home/travis/jdk-10

travis_time:end:03676420:start=1523046257669251587,finish=1523046264839871788,duration=7170620201[0Ktravis_fold:end:install[0Ktravis_time:start:004c9174[0K$ ./mvnw test -B -P code-coverage
Picked up _JAVA_OPTIONS: -Xmx2048m -Xms512m
[INFO] Scanning for projects...
[INFO] ------------------------------------------------------------------------
[INFO] Reactor Build Order:
[INFO] 
[INFO] Dropwizard Project                                                 [pom]
[INFO] Dropwizard Documentation                                           [jar]
[INFO] Dropwizard BOM                                                     [pom]
[INFO] Dropwizard Utility Classes                                         [jar]
[INFO] Dropwizard Jackson Support                                         [jar]
[INFO] Dropwizard Validation Support                                      [jar]
[INFO] Dropwizard Configuration Support                                   [jar]
[INFO] Dropwizard Logging Support                                         [jar]
[INFO] Dropwizard Lifecycle Support                                       [jar]
[INFO] Dropwizard Metrics Support                                         [jar]
[INFO] Dropwizard Jersey Support                                          [jar]
[INFO] Dropwizard Servlet Support                                         [jar]
[INFO] Dropwizard Jetty Support                                           [jar]
[INFO] Dropwizard Request Logging Support                                 [jar]
[INFO] Dropwizard                                                         [jar]
[INFO] Dropwizard Test Helpers                                            [jar]
[INFO] Dropwizard HTTP Client                                             [jar]
[INFO] Dropwizard Database Support                                        [jar]
[INFO] Dropwizard JDBI Support                                            [jar]
[INFO] Dropwizard JDBI3 Support                                           [jar]
[INFO] Dropwizard Migrations                                              [jar]
[INFO] Dropwizard Hibernate Support                                       [jar]
[INFO] Dropwizard Authentication                                          [jar]
[INFO] Dropwizard Asset Bundle                                            [jar]
[INFO] Dropwizard HTTP/2 Support                                          [jar]
[INFO] Dropwizard Views                                                   [jar]
[INFO] Dropwizard Freemarker Views                                        [jar]
[INFO] Dropwizard Mustache Views                                          [jar]
[INFO] Dropwizard Metrics Support for Graphite                            [jar]
[INFO] Dropwizard Example Application                                     [jar]
[INFO] Dropwizard Multipart Form Support                                  [jar]
[INFO] Dropwizard Archetypes                                              [pom]
[INFO] Dropwizard Archetype for Simple Java Services          [maven-archetype]
[INFO] Dropwizard Benchmarks                                              [jar]
[INFO] Dropwizard End-to-end Tests                                        [jar]
[INFO] Dropwizard JSON logging                                            [jar]
[INFO] 
[INFO] ------------------< io.dropwizard:dropwizard-parent >-------------------
[INFO] Building Dropwizard Project 1.4.0-SNAPSHOT                        [1/36]
[INFO] --------------------------------[ pom ]---------------------------------
[INFO] 
[INFO] --- maven-enforcer-plugin:1.4.1:enforce (enforce) @ dropwizard-parent ---
[INFO] 
[INFO] --- maven-checkstyle-plugin:3.0.0:check (checkstyle) @ dropwizard-parent ---
[INFO] 
[INFO] --- jacoco-maven-plugin:0.8.1:prepare-agent (prepare-agent) @ dropwizard-parent ---
[INFO] argLine set to -javaagent:/home/travis/.m2/repository/org/jacoco/org.jacoco.agent/0.8.1/org.jacoco.agent-0.8.1-runtime.jar=destfile=/home/travis/build/dropwizard/dropwizard/target/jacoco.exec,excludes=io/dropwizard/benchmarks/**/*.class:org/openjdk/jmh/**/*.class -Duser.language=en -Duser.region=US --add-modules java.xml.bind
[INFO] 
[INFO] -------------------------< io.dropwizard:docs >-------------------------
[INFO] Building Dropwizard Documentation 1.4.0-SNAPSHOT                  [2/36]
[INFO] --------------------------------[ jar ]---------------------------------
[INFO] 
[INFO] --- maven-enforcer-plugin:1.4.1:enforce (enforce) @ docs ---
[INFO] 
[INFO] --- maven-checkstyle-plugin:3.0.0:check (checkstyle) @ docs ---
[INFO] 
[INFO] --- jacoco-maven-plugin:0.8.1:prepare-agent (prepare-agent) @ docs ---
[INFO] argLine set to -javaagent:/home/travis/.m2/repository/org/jacoco/org.jacoco.agent/0.8.1/org.jacoco.agent-0.8.1-runtime.jar=destfile=/home/travis/build/dropwizard/dropwizard/docs/target/jacoco.exec,excludes=io/dropwizard/benchmarks/**/*.class:org/openjdk/jmh/**/*.class -Duser.language=en -Duser.region=US --add-modules java.xml.bind
[INFO] 
[INFO] --- build-helper-maven-plugin:3.0.0:parse-version (parse-version) @ docs ---
[INFO] 
[INFO] --- maven-resources-plugin:3.0.2:resources (process-resources) @ docs ---
[INFO] Using 'UTF-8' encoding to copy filtered resources.
[INFO] Copying 75 resources
[INFO] 
[INFO] --- maven-resources-plugin:3.0.2:resources (default-resources) @ docs ---
[INFO] Using 'UTF-8' encoding to copy filtered resources.
[INFO] Copying 75 resources
[INFO] 
[INFO] --- maven-compiler-plugin:3.7.0:compile (default-compile) @ docs ---
[INFO] No sources to compile
[INFO] 
[INFO] --- maven-resources-plugin:3.0.2:testResources (default-testResources) @ docs ---
[INFO] Using 'UTF-8' encoding to copy filtered resources.
[INFO] skip non existing resourceDirectory /home/travis/build/dropwizard/dropwizard/docs/src/test/resources
[INFO] 
[INFO] --- maven-compiler-plugin:3.7.0:testCompile (default-testCompile) @ docs ---
[INFO] No sources to compile
[INFO] 
[INFO] --- maven-surefire-plugin:2.21.0:test (default-test) @ docs ---
[INFO] No tests to run.
[INFO] 
[INFO] --------------------< io.dropwizard:dropwizard-bom >--------------------
[INFO] Building Dropwizard BOM 1.4.0-SNAPSHOT                            [3/36]
[INFO] --------------------------------[ pom ]---------------------------------
[INFO] 
[INFO] --- maven-enforcer-plugin:1.4.1:enforce (enforce) @ dropwizard-bom ---
[INFO] 
[INFO] --- maven-checkstyle-plugin:3.0.0:check (checkstyle) @ dropwizard-bom ---
[INFO] 
[INFO] --- jacoco-maven-plugin:0.8.1:prepare-agent (prepare-agent) @ dropwizard-bom ---
[INFO] argLine set to -javaagent:/home/travis/.m2/repository/org/jacoco/org.jacoco.agent/0.8.1/org.jacoco.agent-0.8.1-runtime.jar=destfile=/home/travis/build/dropwizard/dropwizard/dropwizard-bom/target/jacoco.exec,excludes=io/dropwizard/benchmarks/**/*.class:org/openjdk/jmh/**/*.class -Duser.language=en -Duser.region=US --add-modules java.xml.bind
[INFO] 
[INFO] -------------------< io.dropwizard:dropwizard-util >--------------------
[INFO] Building Dropwizard Utility Classes 1.4.0-SNAPSHOT                [4/36]
[INFO] --------------------------------[ jar ]---------------------------------
[INFO] 
[INFO] --- maven-enforcer-plugin:1.4.1:enforce (enforce) @ dropwizard-util ---
[INFO] 
[INFO] --- maven-checkstyle-plugin:3.0.0:check (checkstyle) @ dropwizard-util ---
[INFO] 
[INFO] --- jacoco-maven-plugin:0.8.1:prepare-agent (prepare-agent) @ dropwizard-util ---
[INFO] argLine set to -javaagent:/home/travis/.m2/repository/org/jacoco/org.jacoco.agent/0.8.1/org.jacoco.agent-0.8.1-runtime.jar=destfile=/home/travis/build/dropwizard/dropwizard/dropwizard-util/target/jacoco.exec,excludes=io/dropwizard/benchmarks/**/*.class:org/openjdk/jmh/**/*.class -Duser.language=en -Duser.region=US --add-modules java.xml.bind
[INFO] 
[INFO] --- maven-resources-plugin:3.0.2:resources (default-resources) @ dropwizard-util ---
[INFO] Using 'UTF-8' encoding to copy filtered resources.
[INFO] skip non existing resourceDirectory /home/travis/build/dropwizard/dropwizard/dropwizard-util/src/main/resources
[INFO] 
[INFO] --- maven-compiler-plugin:3.7.0:compile (default-compile) @ dropwizard-util ---
[INFO] Changes detected - recompiling the module!
[INFO] Compiling 7 source files to /home/travis/build/dropwizard/dropwizard/dropwizard-util/target/classes
[INFO] 
[INFO] --- maven-resources-plugin:3.0.2:testResources (default-testResources) @ dropwizard-util ---
[INFO] Using 'UTF-8' encoding to copy filtered resources.
[INFO] skip non existing resourceDirectory /home/travis/build/dropwizard/dropwizard/dropwizard-util/src/test/resources
[INFO] 
[INFO] --- maven-compiler-plugin:3.7.0:testCompile (default-testCompile) @ dropwizard-util ---
[INFO] Changes detected - recompiling the module!
[INFO] Compiling 7 source files to /home/travis/build/dropwizard/dropwizard/dropwizard-util/target/test-classes
[INFO] 
[INFO] --- maven-surefire-plugin:2.21.0:test (default-test) @ dropwizard-util ---
[INFO] 
[INFO] -------------------------------------------------------
[INFO]  T E S T S
[INFO] -------------------------------------------------------
[INFO] Running io.dropwizard.util.DurationTest
[INFO] Tests run: 24, Failures: 0, Errors: 0, Skipped: 0, Time elapsed: 1.691 s - in io.dropwizard.util.DurationTest
[INFO] Running io.dropwizard.util.GenericsTest
[INFO] Tests run: 14, Failures: 0, Errors: 0, Skipped: 0, Time elapsed: 0.005 s - in io.dropwizard.util.GenericsTest
[INFO] Running io.dropwizard.util.SizeUnitTest
[INFO] Tests run: 25, Failures: 0, Errors: 0, Skipped: 0, Time elapsed: 0.012 s - in io.dropwizard.util.SizeUnitTest
[INFO] Running io.dropwizard.util.OptionalsTest
[INFO] Tests run: 2, Failures: 0, Errors: 0, Skipped: 0, Time elapsed: 0.001 s - in io.dropwizard.util.OptionalsTest
[INFO] Running io.dropwizard.util.EnumsTest
[INFO] Tests run: 9, Failures: 0, Errors: 0, Skipped: 0, Time elapsed: 0.074 s - in io.dropwizard.util.EnumsTest
[INFO] Running io.dropwizard.util.JarLocationTest
[INFO] Tests run: 2, Failures: 0, Errors: 0, Skipped: 0, Time elapsed: 0.021 s - in io.dropwizard.util.JarLocationTest
[INFO] Running io.dropwizard.util.SizeTest
[INFO] Tests run: 23, Failures: 0, Errors: 0, Skipped: 0, Time elapsed: 0.109 s - in io.dropwizard.util.SizeTest
[INFO] 
[INFO] Results:
[INFO] 
[INFO] Tests run: 99, Failures: 0, Errors: 0, Skipped: 0
[INFO] 
[INFO] 
[INFO] ------------------< io.dropwizard:dropwizard-jackson >------------------
[INFO] Building Dropwizard Jackson Support 1.4.0-SNAPSHOT                [5/36]
[INFO] --------------------------------[ jar ]---------------------------------
[INFO] 
[INFO] --- maven-enforcer-plugin:1.4.1:enforce (enforce) @ dropwizard-jackson ---
[INFO] 
[INFO] --- maven-checkstyle-plugin:3.0.0:check (checkstyle) @ dropwizard-jackson ---
[INFO] 
[INFO] --- jacoco-maven-plugin:0.8.1:prepare-agent (prepare-agent) @ dropwizard-jackson ---
[INFO] argLine set to -javaagent:/home/travis/.m2/repository/org/jacoco/org.jacoco.agent/0.8.1/org.jacoco.agent-0.8.1-runtime.jar=destfile=/home/travis/build/dropwizard/dropwizard/dropwizard-jackson/target/jacoco.exec,excludes=io/dropwizard/benchmarks/**/*.class:org/openjdk/jmh/**/*.class -Duser.language=en -Duser.region=US --add-modules java.xml.bind
[INFO] 
[INFO] --- maven-resources-plugin:3.0.2:resources (default-resources) @ dropwizard-jackson ---
[INFO] Using 'UTF-8' encoding to copy filtered resources.
[INFO] skip non existing resourceDirectory /home/travis/build/dropwizard/dropwizard/dropwizard-jackson/src/main/resources
[INFO] 
[INFO] --- maven-compiler-plugin:3.7.0:compile (default-compile) @ dropwizard-jackson ---
[INFO] Changes detected - recompiling the module!
[INFO] Compiling 7 source files to /home/travis/build/dropwizard/dropwizard/dropwizard-jackson/target/classes
[INFO] 
[INFO] --- maven-resources-plugin:3.0.2:testResources (default-testResources) @ dropwizard-jackson ---
[INFO] Using 'UTF-8' encoding to copy filtered resources.
[INFO] Copying 2 resources
[INFO] 
[INFO] --- maven-compiler-plugin:3.7.0:testCompile (default-testCompile) @ dropwizard-jackson ---
[INFO] Changes detected - recompiling the module!
[INFO] Compiling 12 source files to /home/travis/build/dropwizard/dropwizard/dropwizard-jackson/target/test-classes
[INFO] 
[INFO] --- maven-surefire-plugin:2.21.0:test (default-test) @ dropwizard-jackson ---
[INFO] 
[INFO] -------------------------------------------------------
[INFO]  T E S T S
[INFO] -------------------------------------------------------
[INFO] Running io.dropwizard.jackson.DiscoverableSubtypeResolverTest
SLF4J: Failed to load class "org.slf4j.impl.StaticLoggerBinder".
SLF4J: Defaulting to no-operation (NOP) logger implementation
SLF4J: See http://www.slf4j.org/codes.html#StaticLoggerBinder for further details.
[INFO] Tests run: 1, Failures: 0, Errors: 0, Skipped: 0, Time elapsed: 1.695 s - in io.dropwizard.jackson.DiscoverableSubtypeResolverTest
[INFO] Running io.dropwizard.jackson.GuavaExtrasModuleTest
[INFO] Tests run: 5, Failures: 0, Errors: 0, Skipped: 0, Time elapsed: 0.39 s - in io.dropwizard.jackson.GuavaExtrasModuleTest
[INFO] Running io.dropwizard.jackson.JacksonTest
[INFO] Tests run: 4, Failures: 0, Errors: 0, Skipped: 0, Time elapsed: 3.284 s - in io.dropwizard.jackson.JacksonTest
[INFO] Running io.dropwizard.jackson.FuzzyEnumModuleTest
[INFO] Tests run: 13, Failures: 0, Errors: 0, Skipped: 0, Time elapsed: 0.132 s - in io.dropwizard.jackson.FuzzyEnumModuleTest
[INFO] Running io.dropwizard.jackson.AnnotationSensitivePropertyNamingStrategyTest
[INFO] Tests run: 4, Failures: 0, Errors: 0, Skipped: 0, Time elapsed: 0.027 s - in io.dropwizard.jackson.AnnotationSensitivePropertyNamingStrategyTest
[INFO] Running io.dropwizard.jackson.ParanamerModuleTest
[INFO] Tests run: 2, Failures: 0, Errors: 0, Skipped: 0, Time elapsed: 0.058 s - in io.dropwizard.jackson.ParanamerModuleTest
[INFO] 
[INFO] Results:
[INFO] 
[INFO] Tests run: 29, Failures: 0, Errors: 0, Skipped: 0
[INFO] 
[INFO] 
[INFO] ----------------< io.dropwizard:dropwizard-validation >-----------------
[INFO] Building Dropwizard Validation Support 1.4.0-SNAPSHOT             [6/36]
[INFO] --------------------------------[ jar ]---------------------------------
[INFO] 
[INFO] --- maven-enforcer-plugin:1.4.1:enforce (enforce) @ dropwizard-validation ---
[INFO] 
[INFO] --- maven-checkstyle-plugin:3.0.0:check (checkstyle) @ dropwizard-validation ---
[INFO] 
[INFO] --- jacoco-maven-plugin:0.8.1:prepare-agent (prepare-agent) @ dropwizard-validation ---
[INFO] argLine set to -javaagent:/home/travis/.m2/repository/org/jacoco/org.jacoco.agent/0.8.1/org.jacoco.agent-0.8.1-runtime.jar=destfile=/home/travis/build/dropwizard/dropwizard/dropwizard-validation/target/jacoco.exec,excludes=io/dropwizard/benchmarks/**/*.class:org/openjdk/jmh/**/*.class -Duser.language=en -Duser.region=US --add-modules java.xml.bind
[INFO] 
[INFO] --- maven-resources-plugin:3.0.2:resources (default-resources) @ dropwizard-validation ---
[INFO] Using 'UTF-8' encoding to copy filtered resources.
[INFO] skip non existing resourceDirectory /home/travis/build/dropwizard/dropwizard/dropwizard-validation/src/main/resources
[INFO] 
[INFO] --- maven-compiler-plugin:3.7.0:compile (default-compile) @ dropwizard-validation ---
[INFO] Changes detected - recompiling the module!
[INFO] Compiling 28 source files to /home/travis/build/dropwizard/dropwizard/dropwizard-validation/target/classes
[INFO] 
[INFO] --- maven-resources-plugin:3.0.2:testResources (default-testResources) @ dropwizard-validation ---
[INFO] Using 'UTF-8' encoding to copy filtered resources.
[INFO] skip non existing resourceDirectory /home/travis/build/dropwizard/dropwizard/dropwizard-validation/src/test/resources
[INFO] 
[INFO] --- maven-compiler-plugin:3.7.0:testCompile (default-testCompile) @ dropwizard-validation ---
[INFO] Changes detected - recompiling the module!
[INFO] Compiling 13 source files to /home/travis/build/dropwizard/dropwizard/dropwizard-validation/target/test-classes
[INFO] 
[INFO] --- maven-surefire-plugin:2.21.0:test (default-test) @ dropwizard-validation ---
[INFO] 
[INFO] -------------------------------------------------------
[INFO]  T E S T S
[INFO] -------------------------------------------------------
[INFO] Running io.dropwizard.validation.selfvalidating.SelfValidatingValidatorTest
[main] ERROR io.dropwizard.validation.selfvalidating.SelfValidatingValidator - The method public boolean io.dropwizard.validation.selfvalidating.SelfValidatingValidatorTest$InvalidExample.validateFailReturn(io.dropwizard.validation.selfvalidating.ViolationCollector) is annotated with @SelfValidation but does not return void. It is ignored
[main] ERROR io.dropwizard.validation.selfvalidating.SelfValidatingValidator - The method public void io.dropwizard.validation.selfvalidating.SelfValidatingValidatorTest$InvalidExample.validateFailAdditionalParameters(io.dropwizard.validation.selfvalidating.ViolationCollector,int) is annotated with @SelfValidation but does not have a single parameter of type class io.dropwizard.validation.selfvalidating.ViolationCollector
[main] ERROR io.dropwizard.validation.selfvalidating.SelfValidatingValidator - The method private void io.dropwizard.validation.selfvalidating.SelfValidatingValidatorTest$InvalidExample.validateFailPrivate(io.dropwizard.validation.selfvalidating.ViolationCollector) is annotated with @SelfValidation but is not public
[INFO] Tests run: 4, Failures: 0, Errors: 0, Skipped: 0, Time elapsed: 0.604 s - in io.dropwizard.validation.selfvalidating.SelfValidatingValidatorTest
[INFO] Running io.dropwizard.validation.OneOfValidatorTest
Apr 06, 2018 8:25:03 PM org.hibernate.validator.internal.util.Version <clinit>
INFO: HV000001: Hibernate Validator 5.4.2.Final
[INFO] Tests run: 5, Failures: 0, Errors: 0, Skipped: 0, Time elapsed: 1.526 s - in io.dropwizard.validation.OneOfValidatorTest
[INFO] Running io.dropwizard.validation.SelfValidationTest
[main] ERROR io.dropwizard.validation.selfvalidating.SelfValidatingValidator - The method public boolean io.dropwizard.validation.SelfValidationTest$InvalidExample.validateFailReturn(io.dropwizard.validation.selfvalidating.ViolationCollector) is annotated with @SelfValidation but does not return void. It is ignored
[main] ERROR io.dropwizard.validation.selfvalidating.SelfValidatingValidator - The method private void io.dropwizard.validation.SelfValidationTest$InvalidExample.validateFailPrivate(io.dropwizard.validation.selfvalidating.ViolationCollector) is annotated with @SelfValidation but is not public
[main] ERROR io.dropwizard.validation.selfvalidating.SelfValidatingValidator - The method public void io.dropwizard.validation.SelfValidationTest$InvalidExample.validateFailAdditionalParameters(io.dropwizard.validation.selfvalidating.ViolationCollector,int) is annotated with @SelfValidation but does not have a single parameter of type class io.dropwizard.validation.selfvalidating.ViolationCollector
[main] ERROR io.dropwizard.validation.selfvalidating.SelfValidatingValidator - The class class io.dropwizard.validation.SelfValidationTest$NoValidations is annotated with @SelfValidating but contains no valid methods that are annotated with @SelfValidation
[INFO] Tests run: 7, Failures: 0, Errors: 0, Skipped: 0, Time elapsed: 0.39 s - in io.dropwizard.validation.SelfValidationTest
[INFO] Running io.dropwizard.validation.valuehandling.OptionalIntValidatedValueUnwrapperTest
[INFO] Tests run: 4, Failures: 0, Errors: 0, Skipped: 0, Time elapsed: 0.049 s - in io.dropwizard.validation.valuehandling.OptionalIntValidatedValueUnwrapperTest
[INFO] Running io.dropwizard.validation.valuehandling.OptionalLongValidatedValueUnwrapperTest
[INFO] Tests run: 4, Failures: 0, Errors: 0, Skipped: 0, Time elapsed: 0.037 s - in io.dropwizard.validation.valuehandling.OptionalLongValidatedValueUnwrapperTest
[INFO] Running io.dropwizard.validation.valuehandling.OptionalValidatedValueUnwrapperTest
[INFO] Tests run: 4, Failures: 0, Errors: 0, Skipped: 0, Time elapsed: 0.058 s - in io.dropwizard.validation.valuehandling.OptionalValidatedValueUnwrapperTest
[INFO] Running io.dropwizard.validation.valuehandling.GuavaOptionalValidatedValueUnwrapperTest
[INFO] Tests run: 4, Failures: 0, Errors: 0, Skipped: 0, Time elapsed: 0.06 s - in io.dropwizard.validation.valuehandling.GuavaOptionalValidatedValueUnwrapperTest
[INFO] Running io.dropwizard.validation.valuehandling.OptionalDoubleValidatedValueUnwrapperTest
[INFO] Tests run: 4, Failures: 0, Errors: 0, Skipped: 0, Time elapsed: 0.084 s - in io.dropwizard.validation.valuehandling.OptionalDoubleValidatedValueUnwrapperTest
[INFO] Running io.dropwizard.validation.MethodValidatorTest
[INFO] Tests run: 1, Failures: 0, Errors: 0, Skipped: 0, Time elapsed: 0.048 s - in io.dropwizard.validation.MethodValidatorTest
[INFO] Running io.dropwizard.validation.PortRangeValidatorTest
[INFO] Tests run: 6, Failures: 0, Errors: 0, Skipped: 0, Time elapsed: 0.286 s - in io.dropwizard.validation.PortRangeValidatorTest
[INFO] Running io.dropwizard.validation.DurationValidatorTest
[INFO] Tests run: 2, Failures: 0, Errors: 0, Skipped: 0, Time elapsed: 0.194 s - in io.dropwizard.validation.DurationValidatorTest
[INFO] Running io.dropwizard.validation.SizeValidatorTest
[INFO] Tests run: 2, Failures: 0, Errors: 0, Skipped: 0, Time elapsed: 0.124 s - in io.dropwizard.validation.SizeValidatorTest
[INFO] 
[INFO] Results:
[INFO] 
[INFO] Tests run: 47, Failures: 0, Errors: 0, Skipped: 0
[INFO] 
[INFO] 
[INFO] ---------------< io.dropwizard:dropwizard-configuration >---------------
[INFO] Building Dropwizard Configuration Support 1.4.0-SNAPSHOT          [7/36]
[INFO] --------------------------------[ jar ]---------------------------------
[INFO] 
[INFO] --- maven-enforcer-plugin:1.4.1:enforce (enforce) @ dropwizard-configuration ---
[INFO] 
[INFO] --- maven-checkstyle-plugin:3.0.0:check (checkstyle) @ dropwizard-configuration ---
[INFO] 
[INFO] --- jacoco-maven-plugin:0.8.1:prepare-agent (prepare-agent) @ dropwizard-configuration ---
[INFO] argLine set to -javaagent:/home/travis/.m2/repository/org/jacoco/org.jacoco.agent/0.8.1/org.jacoco.agent-0.8.1-runtime.jar=destfile=/home/travis/build/dropwizard/dropwizard/dropwizard-configuration/target/jacoco.exec,excludes=io/dropwizard/benchmarks/**/*.class:org/openjdk/jmh/**/*.class -Duser.language=en -Duser.region=US --add-modules java.xml.bind
[INFO] 
[INFO] --- maven-resources-plugin:3.0.2:resources (default-resources) @ dropwizard-configuration ---
[INFO] Using 'UTF-8' encoding to copy filtered resources.
[INFO] skip non existing resourceDirectory /home/travis/build/dropwizard/dropwizard/dropwizard-configuration/src/main/resources
[INFO] 
[INFO] --- maven-compiler-plugin:3.7.0:compile (default-compile) @ dropwizard-configuration ---
[INFO] Changes detected - recompiling the module!
[INFO] Compiling 17 source files to /home/travis/build/dropwizard/dropwizard/dropwizard-configuration/target/classes
[INFO] 
[INFO] --- maven-resources-plugin:3.0.2:testResources (default-testResources) @ dropwizard-configuration ---
[INFO] Using 'UTF-8' encoding to copy filtered resources.
[INFO] Copying 20 resources
[INFO] 
[INFO] --- maven-compiler-plugin:3.7.0:testCompile (default-testCompile) @ dropwizard-configuration ---
[INFO] Changes detected - recompiling the module!
[INFO] Compiling 12 source files to /home/travis/build/dropwizard/dropwizard/dropwizard-configuration/target/test-classes
[INFO] 
[INFO] --- maven-surefire-plugin:2.21.0:test (default-test) @ dropwizard-configuration ---
[INFO] 
[INFO] -------------------------------------------------------
[INFO]  T E S T S
[INFO] -------------------------------------------------------
[INFO] Running io.dropwizard.configuration.UrlConfigurationSourceProviderTest
[INFO] Tests run: 1, Failures: 0, Errors: 0, Skipped: 0, Time elapsed: 0.445 s - in io.dropwizard.configuration.UrlConfigurationSourceProviderTest
[INFO] Running io.dropwizard.configuration.FileConfigurationSourceProviderTest
[INFO] Tests run: 1, Failures: 0, Errors: 0, Skipped: 0, Time elapsed: 0.442 s - in io.dropwizard.configuration.FileConfigurationSourceProviderTest
[INFO] Running io.dropwizard.configuration.ResourceConfigurationSourceProviderTest
[INFO] Tests run: 1, Failures: 0, Errors: 0, Skipped: 0, Time elapsed: 0.492 s - in io.dropwizard.configuration.ResourceConfigurationSourceProviderTest
[INFO] Running io.dropwizard.configuration.EnvironmentVariableSubstitutorTest
[INFO] Tests run: 7, Failures: 0, Errors: 0, Skipped: 0, Time elapsed: 0.539 s - in io.dropwizard.configuration.EnvironmentVariableSubstitutorTest
[INFO] Running io.dropwizard.configuration.LevenshteinComparatorTest
[INFO] Tests run: 2, Failures: 0, Errors: 0, Skipped: 0, Time elapsed: 0.38 s - in io.dropwizard.configuration.LevenshteinComparatorTest
[INFO] Running io.dropwizard.configuration.ConfigurationValidationExceptionTest
Apr 06, 2018 8:25:19 PM org.hibernate.validator.internal.util.Version <clinit>
INFO: HV000001: Hibernate Validator 5.4.2.Final
[INFO] Tests run: 2, Failures: 0, Errors: 0, Skipped: 0, Time elapsed: 1.527 s - in io.dropwizard.configuration.ConfigurationValidationExceptionTest
[INFO] Running io.dropwizard.configuration.JsonConfigurationFactoryTest
Apr 06, 2018 8:25:22 PM org.hibernate.validator.internal.util.Version <clinit>
INFO: HV000001: Hibernate Validator 5.4.2.Final
SLF4J: Failed to load class "org.slf4j.impl.StaticLoggerBinder".
SLF4J: Defaulting to no-operation (NOP) logger implementation
SLF4J: See http://www.slf4j.org/codes.html#StaticLoggerBinder for further details.
[INFO] Tests run: 27, Failures: 0, Errors: 0, Skipped: 0, Time elapsed: 3.91 s - in io.dropwizard.configuration.JsonConfigurationFactoryTest
[INFO] Running io.dropwizard.configuration.SubstitutingSourceProviderTest
[INFO] Tests run: 3, Failures: 0, Errors: 0, Skipped: 0, Time elapsed: 0.702 s - in io.dropwizard.configuration.SubstitutingSourceProviderTest
[INFO] Running io.dropwizard.configuration.ConfigurationFactoryFactoryTest
Apr 06, 2018 8:25:30 PM org.hibernate.validator.internal.util.Version <clinit>
INFO: HV000001: Hibernate Validator 5.4.2.Final
SLF4J: Failed to load class "org.slf4j.impl.StaticLoggerBinder".
SLF4J: Defaulting to no-operation (NOP) logger implementation
SLF4J: See http://www.slf4j.org/codes.html#StaticLoggerBinder for further details.
[INFO] Tests run: 3, Failures: 0, Errors: 0, Skipped: 0, Time elapsed: 2.905 s - in io.dropwizard.configuration.ConfigurationFactoryFactoryTest
[INFO] Running io.dropwizard.configuration.YamlConfigurationFactoryTest
Apr 06, 2018 8:25:35 PM org.hibernate.validator.internal.util.Version <clinit>
INFO: HV000001: Hibernate Validator 5.4.2.Final
SLF4J: Failed to load class "org.slf4j.impl.StaticLoggerBinder".
SLF4J: Defaulting to no-operation (NOP) logger implementation
SLF4J: See http://www.slf4j.org/codes.html#StaticLoggerBinder for further details.
[INFO] Tests run: 25, Failures: 0, Errors: 0, Skipped: 0, Time elapsed: 5.52 s - in io.dropwizard.configuration.YamlConfigurationFactoryTest
[INFO] Running io.dropwizard.configuration.EnvironmentVariableLookupTest
[INFO] Tests run: 3, Failures: 0, Errors: 0, Skipped: 0, Time elapsed: 0.455 s - in io.dropwizard.configuration.EnvironmentVariableLookupTest
[INFO] 
[INFO] Results:
[INFO] 
[INFO] Tests run: 75, Failures: 0, Errors: 0, Skipped: 0
[INFO] 
[INFO] 
[INFO] ------------------< io.dropwizard:dropwizard-logging >------------------
[INFO] Building Dropwizard Logging Support 1.4.0-SNAPSHOT                [8/36]
[INFO] --------------------------------[ jar ]---------------------------------
[INFO] 
[INFO] --- maven-enforcer-plugin:1.4.1:enforce (enforce) @ dropwizard-logging ---
[INFO] 
[INFO] --- maven-checkstyle-plugin:3.0.0:check (checkstyle) @ dropwizard-logging ---
[INFO] 
[INFO] --- jacoco-maven-plugin:0.8.1:prepare-agent (prepare-agent) @ dropwizard-logging ---
[INFO] argLine set to -javaagent:/home/travis/.m2/repository/org/jacoco/org.jacoco.agent/0.8.1/org.jacoco.agent-0.8.1-runtime.jar=destfile=/home/travis/build/dropwizard/dropwizard/dropwizard-logging/target/jacoco.exec,excludes=io/dropwizard/benchmarks/**/*.class:org/openjdk/jmh/**/*.class -Duser.language=en -Duser.region=US --add-modules java.xml.bind
[INFO] 
[INFO] --- maven-resources-plugin:3.0.2:resources (default-resources) @ dropwizard-logging ---
[INFO] Using 'UTF-8' encoding to copy filtered resources.
[INFO] Copying 3 resources
[INFO] 
[INFO] --- maven-compiler-plugin:3.7.0:compile (default-compile) @ dropwizard-logging ---
[INFO] Changes detected - recompiling the module!
[INFO] Compiling 31 source files to /home/travis/build/dropwizard/dropwizard/dropwizard-logging/target/classes
[INFO] 
[INFO] --- maven-resources-plugin:3.0.2:testResources (default-testResources) @ dropwizard-logging ---
[INFO] Using 'UTF-8' encoding to copy filtered resources.
[INFO] Copying 20 resources
[INFO] 
[INFO] --- maven-compiler-plugin:3.7.0:testCompile (default-testCompile) @ dropwizard-logging ---
[INFO] Changes detected - recompiling the module!
[INFO] Compiling 21 source files to /home/travis/build/dropwizard/dropwizard/dropwizard-logging/target/test-classes
[INFO] 
[INFO] --- maven-surefire-plugin:2.21.0:test (default-test) @ dropwizard-logging ---
[INFO] 
[INFO] -------------------------------------------------------
[INFO]  T E S T S
[INFO] -------------------------------------------------------
[INFO] Running io.dropwizard.logging.AppenderFactoryCustomLayoutTest
[INFO] Tests run: 2, Failures: 0, Errors: 0, Skipped: 0, Time elapsed: 3.906 s - in io.dropwizard.logging.AppenderFactoryCustomLayoutTest
[INFO] Running io.dropwizard.logging.TcpSocketAppenderFactoryTest
[INFO] Tests run: 3, Failures: 0, Errors: 0, Skipped: 0, Time elapsed: 0.971 s - in io.dropwizard.logging.TcpSocketAppenderFactoryTest
[INFO] Running io.dropwizard.logging.DefaultLoggingFactoryPrintErrorMessagesTest
[INFO] Tests run: 5, Failures: 0, Errors: 0, Skipped: 0, Time elapsed: 0.097 s - in io.dropwizard.logging.DefaultLoggingFactoryPrintErrorMessagesTest
[INFO] Running io.dropwizard.logging.PrefixedThrowableProxyConverterTest
[INFO] Tests run: 1, Failures: 0, Errors: 0, Skipped: 0, Time elapsed: 0 s - in io.dropwizard.logging.PrefixedThrowableProxyConverterTest
[INFO] Running io.dropwizard.logging.PrefixedExtendedThrowableProxyConverterTest
[INFO] Tests run: 1, Failures: 0, Errors: 0, Skipped: 0, Time elapsed: 0.008 s - in io.dropwizard.logging.PrefixedExtendedThrowableProxyConverterTest
[INFO] Running io.dropwizard.logging.UdpSocketAppenderFactoryTest
[INFO] Tests run: 1, Failures: 0, Errors: 0, Skipped: 0, Time elapsed: 0.312 s - in io.dropwizard.logging.UdpSocketAppenderFactoryTest
[INFO] Running io.dropwizard.logging.SyslogAppenderFactoryTest
[INFO] Tests run: 7, Failures: 0, Errors: 0, Skipped: 0, Time elapsed: 0.038 s - in io.dropwizard.logging.SyslogAppenderFactoryTest
[INFO] Running io.dropwizard.logging.socket.DropwizardUdpSocketAppenderTest
[INFO] Tests run: 1, Failures: 0, Errors: 0, Skipped: 0, Time elapsed: 1.397 s - in io.dropwizard.logging.socket.DropwizardUdpSocketAppenderTest
[INFO] Running io.dropwizard.logging.TlsSocketAppenderFactoryTest
INFO  [2018-04-06 20:25:54,494] org.eclipse.jetty.util.log: Logging initialized @8459ms to org.eclipse.jetty.util.log.Slf4jLog
INFO  [2018-04-06 20:25:54,581] org.eclipse.jetty.util.ssl.SslContextFactory: x509=X509@aa2df13(ssl_server,h=[],w=[]) for SslContextFactory@713cdd61[provider=null,keyStore=file:///home/travis/build/dropwizard/dropwizard/dropwizard-logging/target/test-classes/stores/tls_server.jks,trustStore=null]
INFO  [2018-04-06 20:25:54,861] org.eclipse.jetty.util.ssl.SslContextFactory: x509=X509@6a4d03d5(ssl_server,h=[],w=[]) for SslContextFactory@183839f4[provider=null,keyStore=file:///home/travis/build/dropwizard/dropwizard/dropwizard-logging/target/test-classes/stores/tls_server.jks,trustStore=null]
[INFO] Tests run: 2, Failures: 0, Errors: 0, Skipped: 0, Time elapsed: 1.099 s - in io.dropwizard.logging.TlsSocketAppenderFactoryTest
[INFO] Running io.dropwizard.logging.ConsoleAppenderFactoryTest
[INFO] Tests run: 7, Failures: 0, Errors: 0, Skipped: 0, Time elapsed: 0.034 s - in io.dropwizard.logging.ConsoleAppenderFactoryTest
[INFO] Running io.dropwizard.logging.DefaultLoggingFactoryTest
INFO  [2018-04-06 20:25:56,115] com.example.app: Application log
DEBUG [2018-04-06 20:25:56,116] com.example.newApp: New application debug log
INFO  [2018-04-06 20:25:56,116] com.example.newApp: New application info log
DEBUG [2018-04-06 20:25:56,116] com.example.legacyApp: Legacy application debug log
INFO  [2018-04-06 20:25:56,116] com.example.legacyApp: Legacy application info log
20:25:48,173 |-INFO in ch.qos.logback.classic.LoggerContext[default] - Found resource [logback-test.xml] at [file:/home/travis/build/dropwizard/dropwizard/dropwizard-logging/target/test-classes/logback-test.xml]
20:25:48,375 |-INFO in ch.qos.logback.classic.joran.action.ConfigurationAction - debug attribute not set
20:25:48,376 |-INFO in ch.qos.logback.core.joran.action.AppenderAction - About to instantiate appender of type [ch.qos.logback.core.ConsoleAppender]
20:25:48,409 |-INFO in ch.qos.logback.core.joran.action.AppenderAction - Naming appender as [STDOUT]
20:25:48,435 |-INFO in ch.qos.logback.core.joran.action.NestedComplexPropertyIA - Assuming default type [ch.qos.logback.classic.encoder.PatternLayoutEncoder] for [encoder] property
20:25:48,617 |-INFO in ch.qos.logback.classic.joran.action.RootLoggerAction - Setting level of ROOT logger to OFF
20:25:48,617 |-INFO in ch.qos.logback.core.joran.action.AppenderRefAction - Attaching appender named [STDOUT] to Logger[ROOT]
20:25:48,619 |-INFO in ch.qos.logback.classic.joran.action.ConfigurationAction - End of configuration.
20:25:48,623 |-INFO in ch.qos.logback.classic.joran.JoranConfigurator@2256f14 - Registering current configuration as safe fallback point
20:25:52,085 |-INFO in ch.qos.logback.classic.jul.LevelChangePropagator@45ef2dab - Propagating INFO level on Logger[ROOT] onto the JUL framework
20:25:52,102 |-INFO in ch.qos.logback.classic.AsyncAppender[async-tcp-socket-appender] - Attaching appender named [tcp-socket-appender] to AsyncAppender.
20:25:52,102 |-INFO in ch.qos.logback.classic.AsyncAppender[async-tcp-socket-appender] - Setting discardingThreshold to 51
20:25:52,290 |-INFO in ch.qos.logback.classic.AsyncAppender[async-tcp-socket-appender] - Worker thread will flush remaining events before exiting. 
20:25:52,293 |-INFO in ch.qos.logback.classic.AsyncAppender[async-tcp-socket-appender] - Queue flush finished successfully within timeout.
20:25:52,293 |-INFO in ch.qos.logback.classic.jmx.JMXConfigurator(default) - onReset() method called JMXActivator [io.dropwizard:type=Logging]
20:25:52,293 |-INFO in ch.qos.logback.classic.jmx.JMXConfigurator(default) - Unregistering mbean [io.dropwizard:type=Logging]
20:25:52,508 |-INFO in ch.qos.logback.classic.jul.LevelChangePropagator@478dc67c - Propagating INFO level on Logger[ROOT] onto the JUL framework
20:25:52,509 |-INFO in ch.qos.logback.classic.AsyncAppender[async-tcp-socket-appender] - Attaching appender named [tcp-socket-appender] to AsyncAppender.
20:25:52,509 |-INFO in ch.qos.logback.classic.AsyncAppender[async-tcp-socket-appender] - Setting discardingThreshold to 51
20:25:52,586 |-INFO in ch.qos.logback.classic.AsyncAppender[async-tcp-socket-appender] - Worker thread will flush remaining events before exiting. 
20:25:52,587 |-INFO in ch.qos.logback.classic.AsyncAppender[async-tcp-socket-appender] - Queue flush finished successfully within timeout.
20:25:52,587 |-INFO in ch.qos.logback.classic.jmx.JMXConfigurator(default) - onReset() method called JMXActivator [io.dropwizard:type=Logging]
20:25:52,587 |-INFO in ch.qos.logback.classic.jmx.JMXConfigurator(default) - Unregistering mbean [io.dropwizard:type=Logging]
20:25:52,955 |-INFO in ch.qos.logback.classic.jul.LevelChangePropagator@355217f3 - Propagating INFO level on Logger[ROOT] onto the JUL framework
20:25:52,958 |-INFO in ch.qos.logback.classic.AsyncAppender[async-udp-socket-appender] - Attaching appender named [udp-socket-appender] to AsyncAppender.
20:25:52,958 |-INFO in ch.qos.logback.classic.AsyncAppender[async-udp-socket-appender] - Setting discardingThreshold to 51
20:25:53,015 |-INFO in ch.qos.logback.classic.AsyncAppender[async-udp-socket-appender] - Worker thread will flush remaining events before exiting. 
20:25:53,019 |-INFO in ch.qos.logback.classic.AsyncAppender[async-udp-socket-appender] - Queue flush finished successfully within timeout.
20:25:53,061 |-INFO in ch.qos.logback.classic.net.SyslogAppender[syslog-appender] - Defaulting maxMessageSize to [65000]
20:25:53,062 |-INFO in ch.qos.logback.classic.AsyncAppender[async-syslog-appender] - Attaching appender named [syslog-appender] to AsyncAppender.
20:25:53,062 |-INFO in ch.qos.logback.classic.AsyncAppender[async-syslog-appender] - Setting discardingThreshold to 51
20:25:53,063 |-INFO in ch.qos.logback.classic.net.SyslogAppender[syslog-appender] - Defaulting maxMessageSize to [65000]
20:25:53,064 |-INFO in ch.qos.logback.classic.AsyncAppender[async-syslog-appender] - Attaching appender named [syslog-appender] to AsyncAppender.
20:25:53,064 |-INFO in ch.qos.logback.classic.AsyncAppender[async-syslog-appender] - Setting discardingThreshold to 51
20:25:55,111 |-INFO in ch.qos.logback.classic.jul.LevelChangePropagator@1ca69382 - Propagating INFO level on Logger[ROOT] onto the JUL framework
20:25:55,139 |-INFO in ch.qos.logback.classic.AsyncAppender[async-tcp-socket-appender] - Attaching appender named [tcp-socket-appender] to AsyncAppender.
20:25:55,139 |-INFO in ch.qos.logback.classic.AsyncAppender[async-tcp-socket-appender] - Setting discardingThreshold to 51
20:25:55,566 |-INFO in ch.qos.logback.classic.AsyncAppender[async-tcp-socket-appender] - Worker thread will flush remaining events before exiting. 
20:25:55,567 |-INFO in ch.qos.logback.classic.AsyncAppender[async-tcp-socket-appender] - Queue flush finished successfully within timeout.
20:25:55,586 |-INFO in ch.qos.logback.classic.AsyncAppender[async-console-appender] - Attaching appender named [console-appender] to AsyncAppender.
20:25:55,586 |-INFO in ch.qos.logback.classic.AsyncAppender[async-console-appender] - Setting discardingThreshold to 51
20:25:55,589 |-INFO in ch.qos.logback.classic.AsyncAppender[async-console-appender] - Attaching appender named [console-appender] to AsyncAppender.
20:25:55,589 |-INFO in ch.qos.logback.classic.AsyncAppender[async-console-appender] - Setting discardingThreshold to 51
20:25:55,982 |-INFO in ch.qos.logback.classic.jul.LevelChangePropagator@201867c8 - Propagating INFO level on Logger[ROOT] onto the JUL framework
20:25:55,982 |-INFO in ch.qos.logback.classic.jul.LevelChangePropagator@201867c8 - Propagating INFO level on Logger[com.example.app] onto the JUL framework
20:25:56,019 |-INFO in ch.qos.logback.classic.jul.LevelChangePropagator@201867c8 - Propagating DEBUG level on Logger[com.example.newApp] onto the JUL framework
20:25:56,020 |-INFO in ch.qos.logback.core.rolling.RollingFileAppender[file-appender] - Setting bufferSize to [256 KB]
20:25:56,033 |-INFO in c.q.l.core.rolling.TimeBasedRollingPolicy@152042385 - Will use gz compression
20:25:56,037 |-INFO in c.q.l.core.rolling.TimeBasedRollingPolicy@152042385 - Will use the pattern /tmp/junit12371429236589446554/example-new-app-%d.log for the active file
20:25:56,043 |-INFO in c.q.l.core.rolling.DefaultTimeBasedFileNamingAndTriggeringPolicy - The date pattern is 'yyyy-MM-dd' from file name pattern '/tmp/junit12371429236589446554/example-new-app-%d.log.gz'.
20:25:56,043 |-INFO in c.q.l.core.rolling.DefaultTimeBasedFileNamingAndTriggeringPolicy - Roll-over at midnight.
20:25:56,052 |-INFO in c.q.l.core.rolling.DefaultTimeBasedFileNamingAndTriggeringPolicy - Setting initial period to Fri Apr 06 20:25:55 UTC 2018
20:25:56,058 |-INFO in ch.qos.logback.core.rolling.RollingFileAppender[file-appender] - Active log file name: /tmp/junit12371429236589446554/example-new-app.log
20:25:56,058 |-INFO in ch.qos.logback.core.rolling.RollingFileAppender[file-appender] - File property is set to [/tmp/junit12371429236589446554/example-new-app.log]
20:25:56,059 |-INFO in ch.qos.logback.classic.AsyncAppender[async-file-appender] - Attaching appender named [file-appender] to AsyncAppender.
20:25:56,059 |-INFO in ch.qos.logback.classic.AsyncAppender[async-file-appender] - Setting discardingThreshold to 51
20:25:56,065 |-INFO in ch.qos.logback.classic.jul.LevelChangePropagator@201867c8 - Propagating DEBUG level on Logger[com.example.legacyApp] onto the JUL framework
20:25:56,082 |-INFO in ch.qos.logback.classic.jul.LevelChangePropagator@201867c8 - Propagating DEBUG level on Logger[com.example.notAdditive] onto the JUL framework
20:25:56,082 |-INFO in ch.qos.logback.core.rolling.RollingFileAppender[file-appender] - Setting bufferSize to [8 KB]
20:25:56,082 |-INFO in c.q.l.core.rolling.TimeBasedRollingPolicy@751274188 - Will use gz compression
20:25:56,082 |-INFO in c.q.l.core.rolling.TimeBasedRollingPolicy@751274188 - Will use the pattern /tmp/junit12371429236589446554/example-new-app-not-additive-%d.log for the active file
20:25:56,083 |-INFO in c.q.l.core.rolling.DefaultTimeBasedFileNamingAndTriggeringPolicy - The date pattern is 'yyyy-MM-dd' from file name pattern '/tmp/junit12371429236589446554/example-new-app-not-additive-%d.log.gz'.
20:25:56,083 |-INFO in c.q.l.core.rolling.DefaultTimeBasedFileNamingAndTriggeringPolicy - Roll-over at midnight.
20:25:56,084 |-INFO in c.q.l.core.rolling.DefaultTimeBasedFileNamingAndTriggeringPolicy - Setting initial period to Fri Apr 06 20:25:55 UTC 2018
20:25:56,084 |-INFO in ch.qos.logback.core.rolling.RollingFileAppender[file-appender] - Active log file name: /tmp/junit12371429236589446554/example-new-app-not-additive.log
20:25:56,084 |-INFO in ch.qos.logback.core.rolling.RollingFileAppender[file-appender] - File property is set to [/tmp/junit12371429236589446554/example-new-app-not-additive.log]
20:25:56,085 |-INFO in ch.qos.logback.classic.AsyncAppender[async-file-appender] - Attaching appender named [file-appender] to AsyncAppender.
20:25:56,085 |-INFO in ch.qos.logback.classic.AsyncAppender[async-file-appender] - Setting discardingThreshold to 51
20:25:56,085 |-INFO in ch.qos.logback.classic.AsyncAppender[async-console-appender] - Attaching appender named [console-appender] to AsyncAppender.
20:25:56,085 |-INFO in ch.qos.logback.classic.AsyncAppender[async-console-appender] - Setting discardingThreshold to 51
20:25:56,112 |-INFO in ch.qos.logback.core.rolling.RollingFileAppender[file-appender] - Setting bufferSize to [8 KB]
20:25:56,112 |-INFO in c.q.l.core.rolling.TimeBasedRollingPolicy@81077333 - Will use gz compression
20:25:56,112 |-INFO in c.q.l.core.rolling.TimeBasedRollingPolicy@81077333 - Will use the pattern /tmp/junit12371429236589446554/example-%d.log for the active file
20:25:56,113 |-INFO in c.q.l.core.rolling.DefaultTimeBasedFileNamingAndTriggeringPolicy - The date pattern is 'yyyy-MM-dd' from file name pattern '/tmp/junit12371429236589446554/example-%d.log.gz'.
20:25:56,113 |-INFO in c.q.l.core.rolling.DefaultTimeBasedFileNamingAndTriggeringPolicy - Roll-over at midnight.
20:25:56,114 |-INFO in c.q.l.core.rolling.DefaultTimeBasedFileNamingAndTriggeringPolicy - Setting initial period to Fri Apr 06 20:25:55 UTC 2018
20:25:56,115 |-INFO in ch.qos.logback.core.rolling.RollingFileAppender[file-appender] - Active log file name: /tmp/junit12371429236589446554/example.log
20:25:56,115 |-INFO in ch.qos.logback.core.rolling.RollingFileAppender[file-appender] - File property is set to [/tmp/junit12371429236589446554/example.log]
20:25:56,115 |-INFO in ch.qos.logback.classic.AsyncAppender[async-file-appender] - Attaching appender named [file-appender] to AsyncAppender.
20:25:56,115 |-INFO in ch.qos.logback.classic.AsyncAppender[async-file-appender] - Setting discardingThreshold to 51
20:25:56,416 |-INFO in ch.qos.logback.classic.AsyncAppender[async-console-appender] - Worker thread will flush remaining events before exiting. 
20:25:56,419 |-INFO in ch.qos.logback.classic.AsyncAppender[async-console-appender] - Queue flush finished successfully within timeout.
20:25:56,419 |-INFO in ch.qos.logback.classic.AsyncAppender[async-file-appender] - Worker thread will flush remaining events before exiting. 
20:25:56,424 |-INFO in ch.qos.logback.classic.AsyncAppender[async-file-appender] - Queue flush finished successfully within timeout.
20:25:56,424 |-INFO in ch.qos.logback.classic.AsyncAppender[async-file-appender] - Worker thread will flush remaining events before exiting. 
20:25:56,424 |-INFO in ch.qos.logback.classic.AsyncAppender[async-file-appender] - Queue flush finished successfully within timeout.
20:25:56,424 |-INFO in ch.qos.logback.classic.AsyncAppender[async-file-appender] - Worker thread will flush remaining events before exiting. 
20:25:56,425 |-INFO in ch.qos.logback.classic.AsyncAppender[async-file-appender] - Queue flush finished successfully within timeout.
20:25:56,425 |-INFO in ch.qos.logback.classic.jul.LevelChangePropagator@67103520 - Propagating INFO level on Logger[ROOT] onto the JUL framework
20:25:56,439 |-INFO in ch.qos.logback.classic.jul.LevelChangePropagator@67103520 - Propagating DEBUG level on Logger[com.example.app] onto the JUL framework
20:25:56,440 |-INFO in ch.qos.logback.classic.AsyncAppender[async-console-appender] - Attaching appender named [console-appender] to AsyncAppender.
20:25:56,440 |-INFO in ch.qos.logback.classic.AsyncAppender[async-console-appender] - Setting discardingThreshold to 51
20:25:56,458 |-INFO in ch.qos.logback.core.rolling.RollingFileAppender[file-appender] - Setting bufferSize to [8 KB]
20:25:56,459 |-INFO in c.q.l.core.rolling.TimeBasedRollingPolicy@288725280 - Will use gz compression
20:25:56,460 |-INFO in c.q.l.core.rolling.TimeBasedRollingPolicy@288725280 - Will use the pattern ./logs/example-%d.log for the active file
20:25:56,463 |-INFO in c.q.l.core.rolling.DefaultTimeBasedFileNamingAndTriggeringPolicy - The date pattern is 'yyyy-MM-dd' from file name pattern './logs/example-%d.log.gz'.
20:25:56,463 |-INFO in c.q.l.core.rolling.DefaultTimeBasedFileNamingAndTriggeringPolicy - Roll-over at midnight.
20:25:56,464 |-INFO in c.q.l.core.rolling.DefaultTimeBasedFileNamingAndTriggeringPolicy - Setting initial period to Fri Apr 06 20:25:56 UTC 2018
20:25:56,466 |-INFO in ch.qos.logback.core.rolling.RollingFileAppender[file-appender] - Active log file name: ./logs/example.log
20:25:56,466 |-INFO in ch.qos.logback.core.rolling.RollingFileAppender[file-appender] - File property is set to [./logs/example.log]
20:25:56,467 |-INFO in ch.qos.logback.classic.AsyncAppender[async-file-appender] - Attaching appender named [file-appender] to AsyncAppender.
20:25:56,467 |-INFO in ch.qos.logback.classic.AsyncAppender[async-file-appender] - Setting discardingThreshold to 51
20:25:56,467 |-INFO in ch.qos.logback.core.rolling.RollingFileAppender[file-appender] - Setting bufferSize to [8 KB]
20:25:56,471 |-INFO in c.q.l.core.rolling.SizeAndTimeBasedRollingPolicy@19194402 - Archive files will be limited to [100 MB] each.
20:25:56,472 |-INFO in c.q.l.core.rolling.SizeAndTimeBasedRollingPolicy@19194402 - Will use gz compression
20:25:56,472 |-INFO in c.q.l.core.rolling.SizeAndTimeBasedRollingPolicy@19194402 - Will use the pattern ./logs/max-file-size-example-%d-%i.log for the active file
20:25:56,475 |-INFO in ch.qos.logback.core.rolling.SizeAndTimeBasedFNATP@2cfe99df - The date pattern is 'yyyy-MM-dd' from file name pattern './logs/max-file-size-example-%d-%i.log.gz'.
20:25:56,475 |-INFO in ch.qos.logback.core.rolling.SizeAndTimeBasedFNATP@2cfe99df - Roll-over at midnight.
20:25:56,475 |-INFO in ch.qos.logback.core.rolling.SizeAndTimeBasedFNATP@2cfe99df - Setting initial period to Fri Apr 06 20:25:56 UTC 2018
20:25:56,479 |-INFO in ch.qos.logback.core.rolling.RollingFileAppender[file-appender] - Active log file name: ./logs/max-file-size-example.log
20:25:56,479 |-INFO in ch.qos.logback.core.rolling.RollingFileAppender[file-appender] - File property is set to [./logs/max-file-size-example.log]
20:25:56,479 |-INFO in ch.qos.logback.classic.AsyncAppender[async-file-appender] - Attaching appender named [file-appender] to AsyncAppender.
20:25:56,479 |-INFO in ch.qos.logback.classic.AsyncAppender[async-file-appender] - Setting discardingThreshold to 51
20:25:56,480 |-INFO in ch.qos.logback.core.rolling.RollingFileAppender[file-appender] - Setting bufferSize to [8 KB]
20:25:56,482 |-INFO in ch.qos.logback.core.rolling.FixedWindowRollingPolicy@4aa11055 - Will use gz compression
20:25:56,485 |-INFO in ch.qos.logback.core.rolling.RollingFileAppender[file-appender] - Active log file name: ./logs/max-file-size-example.log
20:25:56,485 |-INFO in ch.qos.logback.core.rolling.RollingFileAppender[file-appender] - File property is set to [./logs/max-file-size-example.log]
20:25:56,486 |-ERROR in ch.qos.logback.core.rolling.RollingFileAppender[file-appender] - 'File' option has the same value "./logs/max-file-size-example.log" as that given for appender [file-appender] defined earlier.
20:25:56,486 |-ERROR in ch.qos.logback.core.rolling.RollingFileAppender[file-appender] - Collisions detected with FileAppender/RollingAppender instances defined earlier. Aborting.
20:25:56,486 |-ERROR in ch.qos.logback.core.rolling.RollingFileAppender[file-appender] - For more information, please visit http://logback.qos.ch/codes.html#earlier_fa_collision
20:25:56,486 |-INFO in ch.qos.logback.classic.AsyncAppender[async-file-appender] - Attaching appender named [file-appender] to AsyncAppender.
20:25:56,486 |-INFO in ch.qos.logback.classic.AsyncAppender[async-file-appender] - Setting discardingThreshold to 51
20:25:56,498 |-INFO in ch.qos.logback.classic.net.SyslogAppender[syslog-appender] - Defaulting maxMessageSize to [65000]
20:25:56,504 |-INFO in ch.qos.logback.classic.AsyncAppender[async-syslog-appender] - Attaching appender named [syslog-appender] to AsyncAppender.
20:25:56,504 |-INFO in ch.qos.logback.classic.AsyncAppender[async-syslog-appender] - Setting discardingThreshold to 51

[INFO] Tests run: 5, Failures: 0, Errors: 0, Skipped: 0, Time elapsed: 1.267 s - in io.dropwizard.logging.DefaultLoggingFactoryTest
[INFO] Running io.dropwizard.logging.DropwizardLayoutTest
[INFO] Tests run: 4, Failures: 0, Errors: 0, Skipped: 0, Time elapsed: 0.411 s - in io.dropwizard.logging.DropwizardLayoutTest
[INFO] Running io.dropwizard.logging.PrefixedRootCauseFirstThrowableProxyConverterTest
[INFO] Tests run: 2, Failures: 0, Errors: 0, Skipped: 0, Time elapsed: 0.014 s - in io.dropwizard.logging.PrefixedRootCauseFirstThrowableProxyConverterTest
[INFO] Running io.dropwizard.logging.FileAppenderFactoryTest
[INFO] Tests run: 19, Failures: 0, Errors: 0, Skipped: 0, Time elapsed: 0.528 s - in io.dropwizard.logging.FileAppenderFactoryTest
[INFO] Running io.dropwizard.logging.ExternalLoggingFactoryTest
[INFO] Tests run: 2, Failures: 0, Errors: 0, Skipped: 0, Time elapsed: 0.017 s - in io.dropwizard.logging.ExternalLoggingFactoryTest
[INFO] Running ch.qos.logback.core.recovery.ResilentSocketOutputStreamTest
[INFO] Tests run: 4, Failures: 0, Errors: 0, Skipped: 0, Time elapsed: 0.037 s - in ch.qos.logback.core.recovery.ResilentSocketOutputStreamTest
[INFO] 
[INFO] Results:
[INFO] 
[INFO] Tests run: 66, Failures: 0, Errors: 0, Skipped: 0
[INFO] 
[INFO] 
[INFO] -----------------< io.dropwizard:dropwizard-lifecycle >-----------------
[INFO] Building Dropwizard Lifecycle Support 1.4.0-SNAPSHOT              [9/36]
[INFO] --------------------------------[ jar ]---------------------------------
[INFO] 
[INFO] --- maven-enforcer-plugin:1.4.1:enforce (enforce) @ dropwizard-lifecycle ---
[INFO] 
[INFO] --- maven-checkstyle-plugin:3.0.0:check (checkstyle) @ dropwizard-lifecycle ---
[INFO] 
[INFO] --- jacoco-maven-plugin:0.8.1:prepare-agent (prepare-agent) @ dropwizard-lifecycle ---
[INFO] argLine set to -javaagent:/home/travis/.m2/repository/org/jacoco/org.jacoco.agent/0.8.1/org.jacoco.agent-0.8.1-runtime.jar=destfile=/home/travis/build/dropwizard/dropwizard/dropwizard-lifecycle/target/jacoco.exec,excludes=io/dropwizard/benchmarks/**/*.class:org/openjdk/jmh/**/*.class -Duser.language=en -Duser.region=US --add-modules java.xml.bind
[INFO] 
[INFO] --- maven-resources-plugin:3.0.2:resources (default-resources) @ dropwizard-lifecycle ---
[INFO] Using 'UTF-8' encoding to copy filtered resources.
[INFO] skip non existing resourceDirectory /home/travis/build/dropwizard/dropwizard/dropwizard-lifecycle/src/main/resources
[INFO] 
[INFO] --- maven-compiler-plugin:3.7.0:compile (default-compile) @ dropwizard-lifecycle ---
[INFO] Changes detected - recompiling the module!
[INFO] Compiling 8 source files to /home/travis/build/dropwizard/dropwizard/dropwizard-lifecycle/target/classes
[INFO] 
[INFO] --- maven-resources-plugin:3.0.2:testResources (default-testResources) @ dropwizard-lifecycle ---
[INFO] Using 'UTF-8' encoding to copy filtered resources.
[INFO] Copying 1 resource
[INFO] 
[INFO] --- maven-compiler-plugin:3.7.0:testCompile (default-testCompile) @ dropwizard-lifecycle ---
[INFO] Changes detected - recompiling the module!
[INFO] Compiling 6 source files to /home/travis/build/dropwizard/dropwizard/dropwizard-lifecycle/target/test-classes
[INFO] 
[INFO] --- maven-surefire-plugin:2.21.0:test (default-test) @ dropwizard-lifecycle ---
[INFO] 
[INFO] -------------------------------------------------------
[INFO]  T E S T S
[INFO] -------------------------------------------------------
[INFO] Running io.dropwizard.lifecycle.setup.ExecutorServiceBuilderTest
[INFO] Tests run: 6, Failures: 0, Errors: 0, Skipped: 0, Time elapsed: 3.444 s - in io.dropwizard.lifecycle.setup.ExecutorServiceBuilderTest
[INFO] Running io.dropwizard.lifecycle.setup.ScheduledExecutorServiceBuilderTest
[INFO] Tests run: 4, Failures: 0, Errors: 0, Skipped: 0, Time elapsed: 0.346 s - in io.dropwizard.lifecycle.setup.ScheduledExecutorServiceBuilderTest
[INFO] Running io.dropwizard.lifecycle.setup.LifecycleEnvironmentTest
[INFO] Tests run: 6, Failures: 0, Errors: 0, Skipped: 0, Time elapsed: 0.271 s - in io.dropwizard.lifecycle.setup.LifecycleEnvironmentTest
[INFO] Running io.dropwizard.lifecycle.AutoCloseableManagerTest
[INFO] Tests run: 1, Failures: 0, Errors: 0, Skipped: 0, Time elapsed: 0.043 s - in io.dropwizard.lifecycle.AutoCloseableManagerTest
[INFO] Running io.dropwizard.lifecycle.JettyManagedTest
[INFO] Tests run: 1, Failures: 0, Errors: 0, Skipped: 0, Time elapsed: 0.015 s - in io.dropwizard.lifecycle.JettyManagedTest
[INFO] Running io.dropwizard.lifecycle.ExecutorServiceManagerTest
[INFO] Tests run: 3, Failures: 0, Errors: 0, Skipped: 0, Time elapsed: 0.174 s - in io.dropwizard.lifecycle.ExecutorServiceManagerTest
[INFO] 
[INFO] Results:
[INFO] 
[INFO] Tests run: 21, Failures: 0, Errors: 0, Skipped: 0
[INFO] 
[INFO] 
[INFO] ------------------< io.dropwizard:dropwizard-metrics >------------------
[INFO] Building Dropwizard Metrics Support 1.4.0-SNAPSHOT               [10/36]
[INFO] --------------------------------[ jar ]---------------------------------
[INFO] 
[INFO] --- maven-enforcer-plugin:1.4.1:enforce (enforce) @ dropwizard-metrics ---
[INFO] 
[INFO] --- maven-checkstyle-plugin:3.0.0:check (checkstyle) @ dropwizard-metrics ---
[INFO] 
[INFO] --- jacoco-maven-plugin:0.8.1:prepare-agent (prepare-agent) @ dropwizard-metrics ---
[INFO] argLine set to -javaagent:/home/travis/.m2/repository/org/jacoco/org.jacoco.agent/0.8.1/org.jacoco.agent-0.8.1-runtime.jar=destfile=/home/travis/build/dropwizard/dropwizard/dropwizard-metrics/target/jacoco.exec,excludes=io/dropwizard/benchmarks/**/*.class:org/openjdk/jmh/**/*.class -Duser.language=en -Duser.region=US --add-modules java.xml.bind
[INFO] 
[INFO] --- maven-resources-plugin:3.0.2:resources (default-resources) @ dropwizard-metrics ---
[INFO] Using 'UTF-8' encoding to copy filtered resources.
[INFO] Copying 2 resources
[INFO] 
[INFO] --- maven-compiler-plugin:3.7.0:compile (default-compile) @ dropwizard-metrics ---
[INFO] Changes detected - recompiling the module!
[INFO] Compiling 12 source files to /home/travis/build/dropwizard/dropwizard/dropwizard-metrics/target/classes
[INFO] 
[INFO] --- maven-resources-plugin:3.0.2:testResources (default-testResources) @ dropwizard-metrics ---
[INFO] Using 'UTF-8' encoding to copy filtered resources.
[INFO] Copying 1 resource
[INFO] 
[INFO] --- maven-compiler-plugin:3.7.0:testCompile (default-testCompile) @ dropwizard-metrics ---
[INFO] Changes detected - recompiling the module!
[INFO] Compiling 6 source files to /home/travis/build/dropwizard/dropwizard/dropwizard-metrics/target/test-classes
[INFO] 
[INFO] --- maven-surefire-plugin:2.21.0:test (default-test) @ dropwizard-metrics ---
[INFO] 
[INFO] -------------------------------------------------------
[INFO]  T E S T S
[INFO] -------------------------------------------------------
[INFO] Running io.dropwizard.metrics.CsvReporterFactoryTest
20:26:10.983 [main] DEBUG org.jboss.logging - Logging Provider: org.jboss.logging.Slf4jLoggerProvider
20:26:10.998 [main] INFO org.hibernate.validator.internal.util.Version - HV000001: Hibernate Validator 5.4.2.Final
20:26:11.067 [main] DEBUG org.hibernate.validator.internal.engine.resolver.DefaultTraversableResolver - Cannot find javax.persistence.Persistence on classpath. Assuming non JPA 2 environment. All properties will per default be traversable.
20:26:11.107 [main] DEBUG org.hibernate.validator.internal.xml.ValidationXmlParser - Trying to load META-INF/validation.xml for XML based Validator configuration.
20:26:11.118 [main] DEBUG org.hibernate.validator.internal.xml.ResourceLoaderHelper - Trying to load META-INF/validation.xml via TCCL
20:26:11.120 [main] DEBUG org.hibernate.validator.internal.xml.ResourceLoaderHelper - Trying to load META-INF/validation.xml via Hibernate Validator's class loader
20:26:11.121 [main] DEBUG org.hibernate.validator.internal.xml.ValidationXmlParser - No META-INF/validation.xml found. Using annotation based configuration only.
20:26:11.637 [main] DEBUG org.hibernate.validator.internal.engine.resolver.DefaultTraversableResolver - Cannot find javax.persistence.Persistence on classpath. Assuming non JPA 2 environment. All properties will per default be traversable.
20:26:11.638 [main] DEBUG org.hibernate.validator.internal.xml.ValidationXmlParser - Trying to load META-INF/validation.xml for XML based Validator configuration.
20:26:11.639 [main] DEBUG org.hibernate.validator.internal.xml.ResourceLoaderHelper - Trying to load META-INF/validation.xml via TCCL
20:26:11.639 [main] DEBUG org.hibernate.validator.internal.xml.ResourceLoaderHelper - Trying to load META-INF/validation.xml via Hibernate Validator's class loader
20:26:11.640 [main] DEBUG org.hibernate.validator.internal.xml.ValidationXmlParser - No META-INF/validation.xml found. Using annotation based configuration only.
20:26:12.972 [main] DEBUG org.hibernate.validator.internal.metadata.descriptor.ConstraintDescriptorImpl - Adding composing constraint: ConstraintDescriptorImpl{annotation=javax.validation.constraints.NotNull, payloads=[], hasComposingConstraints=true, isReportAsSingleInvalidConstraint=false, elementType=FIELD, definedOn=DEFINED_LOCALLY, groups=[interface javax.validation.groups.Default], attributes={message={javax.validation.constraints.NotNull.message}, payload=[Ljava.lang.Class;@17f2e01d, groups=[Ljava.lang.Class;@a9c923f}, constraintType=GENERIC}.
20:26:12.976 [main] DEBUG org.hibernate.validator.internal.metadata.descriptor.ConstraintDescriptorImpl - Adding composing constraint: ConstraintDescriptorImpl{annotation=javax.validation.constraints.Size, payloads=[], hasComposingConstraints=true, isReportAsSingleInvalidConstraint=false, elementType=FIELD, definedOn=DEFINED_LOCALLY, groups=[interface javax.validation.groups.Default], attributes={groups=[Ljava.lang.Class;@70e966a5, min=1, message={javax.validation.constraints.Size.message}, payload=[Ljava.lang.Class;@2ac9b75c, max=2147483647}, constraintType=GENERIC}.
20:26:13.033 [main] DEBUG org.eclipse.jetty.util.log - Logging to Logger[org.eclipse.jetty.util.log] via org.eclipse.jetty.util.log.Slf4jLog
20:26:13.039 [main] INFO org.eclipse.jetty.util.log - Logging initialized @5916ms to org.eclipse.jetty.util.log.Slf4jLog
[INFO] Tests run: 2, Failures: 0, Errors: 0, Skipped: 0, Time elapsed: 4.357 s - in io.dropwizard.metrics.CsvReporterFactoryTest
[INFO] Running io.dropwizard.metrics.MetricsFactoryTest
[INFO] Tests run: 4, Failures: 0, Errors: 0, Skipped: 0, Time elapsed: 0.679 s - in io.dropwizard.metrics.MetricsFactoryTest
[INFO] Running io.dropwizard.metrics.Slf4jReporterFactoryTest
[INFO] Tests run: 1, Failures: 0, Errors: 0, Skipped: 0, Time elapsed: 0.005 s - in io.dropwizard.metrics.Slf4jReporterFactoryTest
[INFO] Running io.dropwizard.metrics.ConsoleReporterFactoryTest
[INFO] Tests run: 1, Failures: 0, Errors: 0, Skipped: 0, Time elapsed: 0.005 s - in io.dropwizard.metrics.ConsoleReporterFactoryTest
[INFO] Running io.dropwizard.metrics.BaseReporterFactoryTest
[INFO] Tests run: 84, Failures: 0, Errors: 0, Skipped: 0, Time elapsed: 1.634 s - in io.dropwizard.metrics.BaseReporterFactoryTest
[INFO] Running io.dropwizard.metrics.MetricAttributesTest
[INFO] Tests run: 5, Failures: 0, Errors: 0, Skipped: 0, Time elapsed: 0.039 s - in io.dropwizard.metrics.MetricAttributesTest
[INFO] 
[INFO] Results:
[INFO] 
[INFO] Tests run: 97, Failures: 0, Errors: 0, Skipped: 0
[INFO] 
[INFO] 
[INFO] ------------------< io.dropwizard:dropwizard-jersey >-------------------
[INFO] Building Dropwizard Jersey Support 1.4.0-SNAPSHOT                [11/36]
[INFO] --------------------------------[ jar ]---------------------------------
[INFO] 
[INFO] --- maven-enforcer-plugin:1.4.1:enforce (enforce) @ dropwizard-jersey ---
[INFO] 
[INFO] --- maven-checkstyle-plugin:3.0.0:check (checkstyle) @ dropwizard-jersey ---
[INFO] 
[INFO] --- jacoco-maven-plugin:0.8.1:prepare-agent (prepare-agent) @ dropwizard-jersey ---
[INFO] argLine set to -javaagent:/home/travis/.m2/repository/org/jacoco/org.jacoco.agent/0.8.1/org.jacoco.agent-0.8.1-runtime.jar=destfile=/home/travis/build/dropwizard/dropwizard/dropwizard-jersey/target/jacoco.exec,excludes=io/dropwizard/benchmarks/**/*.class:org/openjdk/jmh/**/*.class -Duser.language=en -Duser.region=US --add-modules java.xml.bind
[INFO] 
[INFO] --- maven-resources-plugin:3.0.2:resources (default-resources) @ dropwizard-jersey ---
[INFO] Using 'UTF-8' encoding to copy filtered resources.
[INFO] skip non existing resourceDirectory /home/travis/build/dropwizard/dropwizard/dropwizard-jersey/src/main/resources
[INFO] 
[INFO] --- maven-compiler-plugin:3.7.0:compile (default-compile) @ dropwizard-jersey ---
[INFO] Changes detected - recompiling the module!
[INFO] Compiling 75 source files to /home/travis/build/dropwizard/dropwizard/dropwizard-jersey/target/classes
[INFO] 
[INFO] --- maven-resources-plugin:3.0.2:testResources (default-testResources) @ dropwizard-jersey ---
[INFO] Using 'UTF-8' encoding to copy filtered resources.
[INFO] Copying 1 resource
[INFO] 
[INFO] --- maven-compiler-plugin:3.7.0:testCompile (default-testCompile) @ dropwizard-jersey ---
[INFO] Changes detected - recompiling the module!
[INFO] Compiling 86 source files to /home/travis/build/dropwizard/dropwizard/dropwizard-jersey/target/test-classes
[INFO] 
[INFO] --- maven-surefire-plugin:2.21.0:test (default-test) @ dropwizard-jersey ---
[INFO] 
[INFO] -------------------------------------------------------
[INFO]  T E S T S
[INFO] -------------------------------------------------------
[INFO] Running io.dropwizard.jersey.jsr310.LocalDateTimeParamTest
[INFO] Tests run: 1, Failures: 0, Errors: 0, Skipped: 0, Time elapsed: 0.919 s - in io.dropwizard.jersey.jsr310.LocalDateTimeParamTest
[INFO] Running io.dropwizard.jersey.jsr310.LocalTimeParamTest
[INFO] Tests run: 1, Failures: 0, Errors: 0, Skipped: 0, Time elapsed: 0.006 s - in io.dropwizard.jersey.jsr310.LocalTimeParamTest
[INFO] Running io.dropwizard.jersey.jsr310.InstantParamTest
[INFO] Tests run: 1, Failures: 0, Errors: 0, Skipped: 0, Time elapsed: 0.005 s - in io.dropwizard.jersey.jsr310.InstantParamTest
[INFO] Running io.dropwizard.jersey.jsr310.ZonedDateTimeParamTest
[INFO] Tests run: 1, Failures: 0, Errors: 0, Skipped: 0, Time elapsed: 0.022 s - in io.dropwizard.jersey.jsr310.ZonedDateTimeParamTest
[INFO] Running io.dropwizard.jersey.jsr310.LocalDateParamTest
[INFO] Tests run: 1, Failures: 0, Errors: 0, Skipped: 0, Time elapsed: 0.005 s - in io.dropwizard.jersey.jsr310.LocalDateParamTest
[INFO] Running io.dropwizard.jersey.jsr310.YearParamTest
[INFO] Tests run: 1, Failures: 0, Errors: 0, Skipped: 0, Time elapsed: 0.023 s - in io.dropwizard.jersey.jsr310.YearParamTest
[INFO] Running io.dropwizard.jersey.jsr310.ZoneIdParamTest
[INFO] Tests run: 1, Failures: 0, Errors: 0, Skipped: 0, Time elapsed: 0.005 s - in io.dropwizard.jersey.jsr310.ZoneIdParamTest
[INFO] Running io.dropwizard.jersey.jsr310.YearMonthParamTest
[INFO] Tests run: 1, Failures: 0, Errors: 0, Skipped: 0, Time elapsed: 0.005 s - in io.dropwizard.jersey.jsr310.YearMonthParamTest
[INFO] Running io.dropwizard.jersey.jsr310.OffsetDateTimeParamTest
[INFO] Tests run: 1, Failures: 0, Errors: 0, Skipped: 0, Time elapsed: 0.005 s - in io.dropwizard.jersey.jsr310.OffsetDateTimeParamTest
[INFO] Running io.dropwizard.jersey.jsr310.InstantSecondParamTest
[INFO] Tests run: 1, Failures: 0, Errors: 0, Skipped: 0, Time elapsed: 0.003 s - in io.dropwizard.jersey.jsr310.InstantSecondParamTest
[INFO] Running io.dropwizard.jersey.optional.OptionalFormParamResourceTest
[INFO] Tests run: 8, Failures: 0, Errors: 0, Skipped: 0, Time elapsed: 7.595 s - in io.dropwizard.jersey.optional.OptionalFormParamResourceTest
[INFO] Running io.dropwizard.jersey.optional.OptionalHeaderParamResourceTest
[INFO] Tests run: 8, Failures: 0, Errors: 0, Skipped: 0, Time elapsed: 1.818 s - in io.dropwizard.jersey.optional.OptionalHeaderParamResourceTest
[INFO] Running io.dropwizard.jersey.optional.OptionalLongMessageBodyWriterTest
[INFO] Tests run: 3, Failures: 0, Errors: 0, Skipped: 0, Time elapsed: 0.709 s - in io.dropwizard.jersey.optional.OptionalLongMessageBodyWriterTest
[INFO] Running io.dropwizard.jersey.optional.OptionalIntMessageBodyWriterTest
[INFO] Tests run: 3, Failures: 0, Errors: 0, Skipped: 0, Time elapsed: 0.699 s - in io.dropwizard.jersey.optional.OptionalIntMessageBodyWriterTest
[INFO] Running io.dropwizard.jersey.optional.OptionalMessageBodyWriterTest
[INFO] Tests run: 3, Failures: 0, Errors: 0, Skipped: 0, Time elapsed: 0.598 s - in io.dropwizard.jersey.optional.OptionalMessageBodyWriterTest
[INFO] Running io.dropwizard.jersey.optional.OptionalQueryParamResourceTest
[INFO] Tests run: 9, Failures: 0, Errors: 0, Skipped: 0, Time elapsed: 1.76 s - in io.dropwizard.jersey.optional.OptionalQueryParamResourceTest
[INFO] Running io.dropwizard.jersey.optional.OptionalDoubleMessageBodyWriterTest
[INFO] Tests run: 3, Failures: 0, Errors: 0, Skipped: 0, Time elapsed: 0.538 s - in io.dropwizard.jersey.optional.OptionalDoubleMessageBodyWriterTest
[INFO] Running io.dropwizard.jersey.optional.OptionalCookieParamResourceTest
[INFO] Tests run: 8, Failures: 0, Errors: 0, Skipped: 0, Time elapsed: 1.527 s - in io.dropwizard.jersey.optional.OptionalCookieParamResourceTest
[INFO] Running io.dropwizard.jersey.validation.ParamValidatorUnwrapperTest
[INFO] Tests run: 3, Failures: 0, Errors: 0, Skipped: 0, Time elapsed: 0.215 s - in io.dropwizard.jersey.validation.ParamValidatorUnwrapperTest
[INFO] Running io.dropwizard.jersey.validation.JerseyViolationExceptionTest
[INFO] Tests run: 1, Failures: 0, Errors: 0, Skipped: 0, Time elapsed: 1.135 s - in io.dropwizard.jersey.validation.JerseyViolationExceptionTest
[INFO] Running io.dropwizard.jersey.validation.ConstraintViolationExceptionMapperTest
[INFO] Tests run: 56, Failures: 0, Errors: 0, Skipped: 0, Time elapsed: 18.867 s - in io.dropwizard.jersey.validation.ConstraintViolationExceptionMapperTest
[INFO] Running io.dropwizard.jersey.validation.FuzzyEnumParamConverterProviderTest
[INFO] Tests run: 8, Failures: 0, Errors: 0, Skipped: 0, Time elapsed: 0.046 s - in io.dropwizard.jersey.validation.FuzzyEnumParamConverterProviderTest
[INFO] Running io.dropwizard.jersey.filter.RuntimeFilterTest
[INFO] Tests run: 2, Failures: 0, Errors: 0, Skipped: 0, Time elapsed: 0.506 s - in io.dropwizard.jersey.filter.RuntimeFilterTest
[INFO] Running io.dropwizard.jersey.filter.CharsetUtf8FilterTest
[INFO] Tests run: 1, Failures: 0, Errors: 0, Skipped: 0, Time elapsed: 0.001 s - in io.dropwizard.jersey.filter.CharsetUtf8FilterTest
[INFO] Running io.dropwizard.jersey.filter.AllowedMethodsFilterTest
[INFO] Tests run: 8, Failures: 0, Errors: 0, Skipped: 0, Time elapsed: 1.657 s - in io.dropwizard.jersey.filter.AllowedMethodsFilterTest
[INFO] Running io.dropwizard.jersey.filter.RequestIdFilterTest
[INFO] Tests run: 2, Failures: 0, Errors: 0, Skipped: 0, Time elapsed: 0.494 s - in io.dropwizard.jersey.filter.RequestIdFilterTest
[INFO] Running io.dropwizard.jersey.jackson.JacksonMessageBodyProviderTest
[INFO] Tests run: 15, Failures: 0, Errors: 0, Skipped: 0, Time elapsed: 2.424 s - in io.dropwizard.jersey.jackson.JacksonMessageBodyProviderTest
[INFO] Running io.dropwizard.jersey.jackson.JsonProcessingExceptionMapperTest
[INFO] Tests run: 16, Failures: 0, Errors: 0, Skipped: 0, Time elapsed: 2.669 s - in io.dropwizard.jersey.jackson.JsonProcessingExceptionMapperTest
[INFO] Running io.dropwizard.jersey.gzip.ConfiguredGZipEncoderTest
[INFO] Tests run: 5, Failures: 0, Errors: 0, Skipped: 0, Time elapsed: 0.09 s - in io.dropwizard.jersey.gzip.ConfiguredGZipEncoderTest
[INFO] Running io.dropwizard.jersey.sessions.HttpSessionFactoryTest
[INFO] Tests run: 1, Failures: 0, Errors: 0, Skipped: 0, Time elapsed: 0.16 s - in io.dropwizard.jersey.sessions.HttpSessionFactoryTest
[INFO] Running io.dropwizard.jersey.sessions.FlashFactoryTest
[INFO] Tests run: 1, Failures: 0, Errors: 0, Skipped: 0, Time elapsed: 0.119 s - in io.dropwizard.jersey.sessions.FlashFactoryTest
[INFO] Running io.dropwizard.jersey.errors.IllegalStateExceptionMapperTest
[INFO] Tests run: 2, Failures: 0, Errors: 0, Skipped: 0, Time elapsed: 0.001 s - in io.dropwizard.jersey.errors.IllegalStateExceptionMapperTest
[INFO] Running io.dropwizard.jersey.errors.EarlyEofExceptionMapperTest
[INFO] Tests run: 1, Failures: 0, Errors: 0, Skipped: 0, Time elapsed: 0 s - in io.dropwizard.jersey.errors.EarlyEofExceptionMapperTest
[INFO] Running io.dropwizard.jersey.errors.ErrorEntityWriterTest
[INFO] Tests run: 1, Failures: 0, Errors: 0, Skipped: 0, Time elapsed: 0.108 s - in io.dropwizard.jersey.errors.ErrorEntityWriterTest
[INFO] Running io.dropwizard.jersey.errors.LoggingExceptionMapperTest
[INFO] Tests run: 5, Failures: 0, Errors: 0, Skipped: 0, Time elapsed: 0.577 s - in io.dropwizard.jersey.errors.LoggingExceptionMapperTest
[INFO] Running io.dropwizard.jersey.guava.OptionalFormParamResourceTest
[INFO] Tests run: 8, Failures: 0, Errors: 0, Skipped: 0, Time elapsed: 0.736 s - in io.dropwizard.jersey.guava.OptionalFormParamResourceTest
[INFO] Running io.dropwizard.jersey.guava.OptionalCookieParamResourceTest
[INFO] Tests run: 8, Failures: 0, Errors: 0, Skipped: 0, Time elapsed: 0.743 s - in io.dropwizard.jersey.guava.OptionalCookieParamResourceTest
[INFO] Running io.dropwizard.jersey.guava.OptionalHeaderParamResourceTest
[INFO] Tests run: 8, Failures: 0, Errors: 0, Skipped: 0, Time elapsed: 0.719 s - in io.dropwizard.jersey.guava.OptionalHeaderParamResourceTest
[INFO] Running io.dropwizard.jersey.guava.OptionalQueryParamResourceTest
[INFO] Tests run: 12, Failures: 0, Errors: 0, Skipped: 0, Time elapsed: 1.319 s - in io.dropwizard.jersey.guava.OptionalQueryParamResourceTest
[INFO] Running io.dropwizard.jersey.guava.OptionalMessageBodyWriterTest
[INFO] Tests run: 2, Failures: 0, Errors: 0, Skipped: 0, Time elapsed: 0.253 s - in io.dropwizard.jersey.guava.OptionalMessageBodyWriterTest
[INFO] Running io.dropwizard.jersey.params.LocalDateParamTest
[INFO] Tests run: 1, Failures: 0, Errors: 0, Skipped: 0, Time elapsed: 0.08 s - in io.dropwizard.jersey.params.LocalDateParamTest
[INFO] Running io.dropwizard.jersey.params.InstantParamTest
[INFO] Tests run: 2, Failures: 0, Errors: 0, Skipped: 0, Time elapsed: 0.004 s - in io.dropwizard.jersey.params.InstantParamTest
[INFO] Running io.dropwizard.jersey.params.DurationParamTest
[INFO] Tests run: 2, Failures: 0, Errors: 0, Skipped: 0, Time elapsed: 0.005 s - in io.dropwizard.jersey.params.DurationParamTest
[INFO] Running io.dropwizard.jersey.params.UUIDParamTest
[INFO] Tests run: 2, Failures: 0, Errors: 0, Skipped: 0, Time elapsed: 0.003 s - in io.dropwizard.jersey.params.UUIDParamTest
[INFO] Running io.dropwizard.jersey.params.SizeParamTest
[INFO] Tests run: 2, Failures: 0, Errors: 0, Skipped: 0, Time elapsed: 0.035 s - in io.dropwizard.jersey.params.SizeParamTest
[INFO] Running io.dropwizard.jersey.params.NonEmptyStringParamTest
[INFO] Tests run: 3, Failures: 0, Errors: 0, Skipped: 0, Time elapsed: 0.013 s - in io.dropwizard.jersey.params.NonEmptyStringParamTest
[INFO] Running io.dropwizard.jersey.params.LongParamTest
[INFO] Tests run: 2, Failures: 0, Errors: 0, Skipped: 0, Time elapsed: 0.005 s - in io.dropwizard.jersey.params.LongParamTest
[INFO] Running io.dropwizard.jersey.params.IntParamTest
[INFO] Tests run: 2, Failures: 0, Errors: 0, Skipped: 0, Time elapsed: 0.003 s - in io.dropwizard.jersey.params.IntParamTest
[INFO] Running io.dropwizard.jersey.params.BooleanParamTest
[INFO] Tests run: 6, Failures: 0, Errors: 0, Skipped: 0, Time elapsed: 0.008 s - in io.dropwizard.jersey.params.BooleanParamTest
[INFO] Running io.dropwizard.jersey.params.NonEmptyStringParamProviderTest
[INFO] Tests run: 4, Failures: 0, Errors: 0, Skipped: 0, Time elapsed: 0.441 s - in io.dropwizard.jersey.params.NonEmptyStringParamProviderTest
[INFO] Running io.dropwizard.jersey.params.DateTimeParamTest
[INFO] Tests run: 1, Failures: 0, Errors: 0, Skipped: 0, Time elapsed: 0.023 s - in io.dropwizard.jersey.params.DateTimeParamTest
[INFO] Running io.dropwizard.jersey.AsyncServletTest
[INFO] Tests run: 1, Failures: 0, Errors: 0, Skipped: 0, Time elapsed: 0.099 s - in io.dropwizard.jersey.AsyncServletTest
[INFO] Running io.dropwizard.jersey.JerseyContentTypeTest
[INFO] Tests run: 2, Failures: 0, Errors: 0, Skipped: 0, Time elapsed: 0.156 s - in io.dropwizard.jersey.JerseyContentTypeTest
[INFO] Running io.dropwizard.jersey.DropwizardResourceConfigTest
[INFO] Tests run: 14, Failures: 0, Errors: 0, Skipped: 0, Time elapsed: 0.357 s - in io.dropwizard.jersey.DropwizardResourceConfigTest
[INFO] Running io.dropwizard.jersey.caching.CacheControlledResponseFeatureTest
[INFO] Tests run: 9, Failures: 0, Errors: 0, Skipped: 0, Time elapsed: 1.042 s - in io.dropwizard.jersey.caching.CacheControlledResponseFeatureTest
[INFO] Running io.dropwizard.jersey.setup.JerseyEnvironmentTest
[INFO] Tests run: 3, Failures: 0, Errors: 0, Skipped: 0, Time elapsed: 0.04 s - in io.dropwizard.jersey.setup.JerseyEnvironmentTest
[INFO] 
[INFO] Results:
[INFO] 
[INFO] Tests run: 277, Failures: 0, Errors: 0, Skipped: 0
[INFO] 
[INFO] 
[INFO] -----------------< io.dropwizard:dropwizard-servlets >------------------
[INFO] Building Dropwizard Servlet Support 1.4.0-SNAPSHOT               [12/36]
[INFO] --------------------------------[ jar ]---------------------------------
[INFO] 
[INFO] --- maven-enforcer-plugin:1.4.1:enforce (enforce) @ dropwizard-servlets ---
[INFO] 
[INFO] --- maven-checkstyle-plugin:3.0.0:check (checkstyle) @ dropwizard-servlets ---
[INFO] 
[INFO] --- jacoco-maven-plugin:0.8.1:prepare-agent (prepare-agent) @ dropwizard-servlets ---
[INFO] argLine set to -javaagent:/home/travis/.m2/repository/org/jacoco/org.jacoco.agent/0.8.1/org.jacoco.agent-0.8.1-runtime.jar=destfile=/home/travis/build/dropwizard/dropwizard/dropwizard-servlets/target/jacoco.exec,excludes=io/dropwizard/benchmarks/**/*.class:org/openjdk/jmh/**/*.class -Duser.language=en -Duser.region=US --add-modules java.xml.bind
[INFO] 
[INFO] --- maven-resources-plugin:3.0.2:resources (default-resources) @ dropwizard-servlets ---
[INFO] Using 'UTF-8' encoding to copy filtered resources.
[INFO] skip non existing resourceDirectory /home/travis/build/dropwizard/dropwizard/dropwizard-servlets/src/main/resources
[INFO] 
[INFO] --- maven-compiler-plugin:3.7.0:compile (default-compile) @ dropwizard-servlets ---
[INFO] Changes detected - recompiling the module!
[INFO] Compiling 13 source files to /home/travis/build/dropwizard/dropwizard/dropwizard-servlets/target/classes
[INFO] 
[INFO] --- maven-resources-plugin:3.0.2:testResources (default-testResources) @ dropwizard-servlets ---
[INFO] Using 'UTF-8' encoding to copy filtered resources.
[INFO] Copying 1 resource
[INFO] Copying 9 resources
[INFO] 
[INFO] --- maven-compiler-plugin:3.7.0:testCompile (default-testCompile) @ dropwizard-servlets ---
[INFO] Changes detected - recompiling the module!
[INFO] Compiling 12 source files to /home/travis/build/dropwizard/dropwizard/dropwizard-servlets/target/test-classes
[INFO] 
[INFO] --- maven-surefire-plugin:2.21.0:test (default-test) @ dropwizard-servlets ---
[INFO] 
[INFO] -------------------------------------------------------
[INFO]  T E S T S
[INFO] -------------------------------------------------------
[INFO] Running io.dropwizard.servlets.tasks.PostBodyTaskTest
[INFO] Tests run: 1, Failures: 0, Errors: 0, Skipped: 0, Time elapsed: 0.605 s - in io.dropwizard.servlets.tasks.PostBodyTaskTest
[INFO] Running io.dropwizard.servlets.tasks.TaskTest
[INFO] Tests run: 1, Failures: 0, Errors: 0, Skipped: 0, Time elapsed: 0.01 s - in io.dropwizard.servlets.tasks.TaskTest
[INFO] Running io.dropwizard.servlets.tasks.GarbageCollectionTaskTest
[INFO] Tests run: 3, Failures: 0, Errors: 0, Skipped: 0, Time elapsed: 1.912 s - in io.dropwizard.servlets.tasks.GarbageCollectionTaskTest
[INFO] Running io.dropwizard.servlets.tasks.TaskServletTest
[INFO] Tests run: 13, Failures: 0, Errors: 0, Skipped: 0, Time elapsed: 1.32 s - in io.dropwizard.servlets.tasks.TaskServletTest
[INFO] Running io.dropwizard.servlets.tasks.LogConfigurationTaskTest
[INFO] Tests run: 3, Failures: 0, Errors: 0, Skipped: 0, Time elapsed: 0.007 s - in io.dropwizard.servlets.tasks.LogConfigurationTaskTest
[INFO] Running io.dropwizard.servlets.CacheBustingFilterTest
[INFO] Tests run: 2, Failures: 0, Errors: 0, Skipped: 0, Time elapsed: 0.213 s - in io.dropwizard.servlets.CacheBustingFilterTest
[INFO] Running io.dropwizard.servlets.ServletsTest
[INFO] Tests run: 2, Failures: 0, Errors: 0, Skipped: 0, Time elapsed: 0.005 s - in io.dropwizard.servlets.ServletsTest
[INFO] Running io.dropwizard.servlets.assets.AssetServletTest
2018-04-06 20:27:24.621:INFO::main: Logging initialized @6213ms to org.eclipse.jetty.util.log.StdErrLog
2018-04-06 20:27:24.895:INFO:oejs.Server:main: jetty-9.4.8.v20171121, build timestamp: 2017-11-21T21:27:37Z, git hash: 82b8fb23f757335bb3329d540ce37a2a2615f0a8
2018-04-06 20:27:25.015:INFO:oejs.session:main: DefaultSessionIdManager workerName=node0
2018-04-06 20:27:25.016:INFO:oejs.session:main: No SessionScavenger set, using defaults
2018-04-06 20:27:25.020:INFO:oejs.session:main: Scavenging every 600000ms
2018-04-06 20:27:25.035:INFO:oejsh.ContextHandler:main: Started o.e.j.s.ServletContextHandler@5d96b0f{/,null,AVAILABLE}
2018-04-06 20:27:25.053:INFO:oejs.AbstractConnector:main: Started LocalConnector@29244152{HTTP/1.1,[http/1.1]}
2018-04-06 20:27:25.054:INFO:oejs.Server:main: Started @6646ms
2018-04-06 20:27:25.544:INFO:oejs.AbstractConnector:main: Stopped LocalConnector@29244152{HTTP/1.1,[http/1.1]}
2018-04-06 20:27:25.545:INFO:oejs.session:main: Stopped scavenging
2018-04-06 20:27:25.552:INFO:oejsh.ContextHandler:main: Stopped o.e.j.s.ServletContextHandler@5d96b0f{/,null,UNAVAILABLE}
[INFO] Tests run: 24, Failures: 0, Errors: 0, Skipped: 0, Time elapsed: 1.002 s - in io.dropwizard.servlets.assets.AssetServletTest
[INFO] Running io.dropwizard.servlets.assets.ResourceURLTest
[INFO] Tests run: 11, Failures: 0, Errors: 0, Skipped: 0, Time elapsed: 0.052 s - in io.dropwizard.servlets.assets.ResourceURLTest
[INFO] Running io.dropwizard.servlets.assets.ByteRangeTest
[INFO] Tests run: 6, Failures: 0, Errors: 0, Skipped: 0, Time elapsed: 0.013 s - in io.dropwizard.servlets.assets.ByteRangeTest
[INFO] Running io.dropwizard.servlets.ThreadNameFilterTest
[INFO] Tests run: 1, Failures: 0, Errors: 0, Skipped: 0, Time elapsed: 0.049 s - in io.dropwizard.servlets.ThreadNameFilterTest
[INFO] Running io.dropwizard.servlets.SlowRequestFilterTest
[INFO] Tests run: 2, Failures: 0, Errors: 0, Skipped: 0, Time elapsed: 0.338 s - in io.dropwizard.servlets.SlowRequestFilterTest
[INFO] 
[INFO] Results:
[INFO] 
[INFO] Tests run: 69, Failures: 0, Errors: 0, Skipped: 0
[INFO] 
[INFO] 
[INFO] -------------------< io.dropwizard:dropwizard-jetty >-------------------
[INFO] Building Dropwizard Jetty Support 1.4.0-SNAPSHOT                 [13/36]
[INFO] --------------------------------[ jar ]---------------------------------
[INFO] 
[INFO] --- maven-enforcer-plugin:1.4.1:enforce (enforce) @ dropwizard-jetty ---
[INFO] 
[INFO] --- maven-checkstyle-plugin:3.0.0:check (checkstyle) @ dropwizard-jetty ---
[INFO] 
[INFO] --- jacoco-maven-plugin:0.8.1:prepare-agent (prepare-agent) @ dropwizard-jetty ---
[INFO] argLine set to -javaagent:/home/travis/.m2/repository/org/jacoco/org.jacoco.agent/0.8.1/org.jacoco.agent-0.8.1-runtime.jar=destfile=/home/travis/build/dropwizard/dropwizard/dropwizard-jetty/target/jacoco.exec,excludes=io/dropwizard/benchmarks/**/*.class:org/openjdk/jmh/**/*.class -Duser.language=en -Duser.region=US --add-modules java.xml.bind
[INFO] 
[INFO] --- maven-resources-plugin:3.0.2:resources (default-resources) @ dropwizard-jetty ---
[INFO] Using 'UTF-8' encoding to copy filtered resources.
[INFO] Copying 2 resources
[INFO] 
[INFO] --- maven-compiler-plugin:3.7.0:compile (default-compile) @ dropwizard-jetty ---
[INFO] Changes detected - recompiling the module!
[INFO] Compiling 16 source files to /home/travis/build/dropwizard/dropwizard/dropwizard-jetty/target/classes
[INFO] 
[INFO] --- maven-resources-plugin:3.0.2:testResources (default-testResources) @ dropwizard-jetty ---
[INFO] Using 'UTF-8' encoding to copy filtered resources.
[INFO] Copying 9 resources
[INFO] 
[INFO] --- maven-compiler-plugin:3.7.0:testCompile (default-testCompile) @ dropwizard-jetty ---
[INFO] Changes detected - recompiling the module!
[INFO] Compiling 12 source files to /home/travis/build/dropwizard/dropwizard/dropwizard-jetty/target/test-classes
[INFO] 
[INFO] --- maven-surefire-plugin:2.21.0:test (default-test) @ dropwizard-jetty ---
[INFO] 
[INFO] -------------------------------------------------------
[INFO]  T E S T S
[INFO] -------------------------------------------------------
[INFO] Running io.dropwizard.jetty.GzipHandlerFactoryTest
2018-04-06 20:27:33.892:INFO::main: Logging initialized @5036ms to org.eclipse.jetty.util.log.StdErrLog
[INFO] Tests run: 7, Failures: 0, Errors: 0, Skipped: 0, Time elapsed: 4.399 s - in io.dropwizard.jetty.GzipHandlerFactoryTest
[INFO] Running io.dropwizard.jetty.ZipExceptionHandlingInputStreamTest
[INFO] Tests run: 26, Failures: 0, Errors: 0, Skipped: 0, Time elapsed: 1.452 s - in io.dropwizard.jetty.ZipExceptionHandlingInputStreamTest
[INFO] Running io.dropwizard.jetty.NetUtilTest
[WARNING] Tests run: 6, Failures: 0, Errors: 0, Skipped: 4, Time elapsed: 0.026 s - in io.dropwizard.jetty.NetUtilTest
[INFO] Running io.dropwizard.jetty.ContextRoutingHandlerTest
2018-04-06 20:27:38.124:WARN:oejsh.AbstractHandler:main: No Server set for io.dropwizard.jetty.ContextRoutingHandler@4119a22c
[INFO] Tests run: 4, Failures: 0, Errors: 0, Skipped: 0, Time elapsed: 2.115 s - in io.dropwizard.jetty.ContextRoutingHandlerTest
[INFO] Running io.dropwizard.jetty.HttpConnectorFactoryTest
[INFO] Tests run: 5, Failures: 0, Errors: 0, Skipped: 0, Time elapsed: 0.325 s - in io.dropwizard.jetty.HttpConnectorFactoryTest
[INFO] Running io.dropwizard.jetty.RoutingHandlerTest
2018-04-06 20:27:39.894:INFO:oejsh.ContextHandler:main: Started o.e.j.s.h.ContextHandler@61c9e646{/,null,AVAILABLE}
2018-04-06 20:27:39.926:INFO:oejs.session:main: DefaultSessionIdManager workerName=node0
2018-04-06 20:27:39.927:INFO:oejs.session:main: No SessionScavenger set, using defaults
2018-04-06 20:27:39.931:INFO:oejs.session:main: Scavenging every 660000ms
2018-04-06 20:27:39.951:INFO:oejsh.ContextHandler:main: Started o.e.j.s.ServletContextHandler@4cb9fc4a{/,null,AVAILABLE}
2018-04-06 20:27:39.959:INFO:oejsh.ContextHandler:main: Stopped o.e.j.s.ServletContextHandler@4cb9fc4a{/,null,UNAVAILABLE}
2018-04-06 20:27:39.960:INFO:oejsh.ContextHandler:main: Stopped o.e.j.s.h.ContextHandler@61c9e646{/,null,UNAVAILABLE}
2018-04-06 20:27:40.721:WARN:oejsh.AbstractHandler:main: No Server set for io.dropwizard.jetty.RoutingHandler@58ec5b0c[o.e.j.s.h.ContextHandler$MockitoMock$1900443567@24a0a0d7{/,null,UNAVAILABLE}, o.e.j.s.h.ContextHandler$MockitoMock$1900443567@5b4d30c7{/,null,UNAVAILABLE}]
2018-04-06 20:27:40.726:INFO:oejsh.ContextHandler:main: Started o.e.j.s.h.ContextHandler$MockitoMock$1900443567@24a0a0d7{/,null,AVAILABLE}
2018-04-06 20:27:40.728:INFO:oejsh.ContextHandler:main: Started o.e.j.s.h.ContextHandler$MockitoMock$1900443567@5b4d30c7{/,null,AVAILABLE}
2018-04-06 20:27:40.731:INFO:oejsh.ContextHandler:main: Stopped o.e.j.s.h.ContextHandler$MockitoMock$1900443567@5b4d30c7{/,null,UNAVAILABLE}
2018-04-06 20:27:40.732:INFO:oejsh.ContextHandler:main: Stopped o.e.j.s.h.ContextHandler$MockitoMock$1900443567@24a0a0d7{/,null,UNAVAILABLE}
2018-04-06 20:27:40.738:INFO:oejsh.ContextHandler:main: Started o.e.j.s.h.ContextHandler$MockitoMock$1900443567@47062d1d{/,null,AVAILABLE}
2018-04-06 20:27:40.741:INFO:oejsh.ContextHandler:main: Started o.e.j.s.h.ContextHandler$MockitoMock$1900443567@201d5a30{/,null,AVAILABLE}
2018-04-06 20:27:40.743:INFO:oejsh.ContextHandler:main: Stopped o.e.j.s.h.ContextHandler$MockitoMock$1900443567@201d5a30{/,null,UNAVAILABLE}
2018-04-06 20:27:40.745:INFO:oejsh.ContextHandler:main: Stopped o.e.j.s.h.ContextHandler$MockitoMock$1900443567@47062d1d{/,null,UNAVAILABLE}
[INFO] Tests run: 4, Failures: 0, Errors: 0, Skipped: 0, Time elapsed: 2.274 s - in io.dropwizard.jetty.RoutingHandlerTest
[INFO] Running io.dropwizard.jetty.setup.ServletEnvironmentTest
[INFO] Tests run: 14, Failures: 0, Errors: 0, Skipped: 0, Time elapsed: 2.271 s - in io.dropwizard.jetty.setup.ServletEnvironmentTest
[INFO] Running io.dropwizard.jetty.BiDiGzipHandlerTest
2018-04-06 20:27:43.179:INFO:oejs.Server:main: jetty-9.4.8.v20171121, build timestamp: 2017-11-21T21:27:37Z, git hash: 82b8fb23f757335bb3329d540ce37a2a2615f0a8
2018-04-06 20:27:43.211:INFO:oejs.session:main: DefaultSessionIdManager workerName=node0
2018-04-06 20:27:43.211:INFO:oejs.session:main: No SessionScavenger set, using defaults
2018-04-06 20:27:43.211:INFO:oejs.session:main: Scavenging every 600000ms
2018-04-06 20:27:43.218:INFO:oejsh.ContextHandler:main: Started o.e.j.s.ServletContextHandler@5121f908{/,null,AVAILABLE}
2018-04-06 20:27:43.230:INFO:oejs.AbstractConnector:main: Started LocalConnector@29636281{HTTP/1.1,[http/1.1]}
2018-04-06 20:27:43.231:INFO:oejs.Server:main: Started @14375ms
2018-04-06 20:27:43.411:INFO:oejs.AbstractConnector:main: Stopped LocalConnector@29636281{HTTP/1.1,[http/1.1]}
2018-04-06 20:27:43.412:INFO:oejs.session:main: Stopped scavenging
2018-04-06 20:27:43.426:INFO:oejsh.ContextHandler:main: Stopped o.e.j.s.ServletContextHandler@5121f908{/,null,UNAVAILABLE}
2018-04-06 20:27:43.435:INFO:oejs.Server:main: jetty-9.4.8.v20171121, build timestamp: 2017-11-21T21:27:37Z, git hash: 82b8fb23f757335bb3329d540ce37a2a2615f0a8
2018-04-06 20:27:43.441:INFO:oejs.session:main: DefaultSessionIdManager workerName=node0
2018-04-06 20:27:43.441:INFO:oejs.session:main: No SessionScavenger set, using defaults
2018-04-06 20:27:43.441:INFO:oejs.session:main: Scavenging every 600000ms
2018-04-06 20:27:43.446:INFO:oejsh.ContextHandler:main: Started o.e.j.s.ServletContextHandler@310c1bad{/,null,AVAILABLE}
2018-04-06 20:27:43.446:INFO:oejs.AbstractConnector:main: Started LocalConnector@5266ba47{HTTP/1.1,[http/1.1]}
2018-04-06 20:27:43.446:INFO:oejs.Server:main: Started @14590ms
2018-04-06 20:27:43.461:INFO:oejs.AbstractConnector:main: Stopped LocalConnector@5266ba47{HTTP/1.1,[http/1.1]}
2018-04-06 20:27:43.462:INFO:oejs.session:main: Stopped scavenging
2018-04-06 20:27:43.463:INFO:oejsh.ContextHandler:main: Stopped o.e.j.s.ServletContextHandler@310c1bad{/,null,UNAVAILABLE}
2018-04-06 20:27:43.468:INFO:oejs.Server:main: jetty-9.4.8.v20171121, build timestamp: 2017-11-21T21:27:37Z, git hash: 82b8fb23f757335bb3329d540ce37a2a2615f0a8
2018-04-06 20:27:43.471:INFO:oejs.session:main: DefaultSessionIdManager workerName=node0
2018-04-06 20:27:43.471:INFO:oejs.session:main: No SessionScavenger set, using defaults
2018-04-06 20:27:43.472:INFO:oejs.session:main: Scavenging every 660000ms
2018-04-06 20:27:43.474:INFO:oejsh.ContextHandler:main: Started o.e.j.s.ServletContextHandler@772bca04{/,null,AVAILABLE}
2018-04-06 20:27:43.474:INFO:oejs.AbstractConnector:main: Started LocalConnector@7998eb53{HTTP/1.1,[http/1.1]}
2018-04-06 20:27:43.474:INFO:oejs.Server:main: Started @14618ms
2018-04-06 20:27:43.489:WARN:oejs.HttpChannel:qtp2035601953-37: /banner org.eclipse.jetty.http.BadMessageException: 400: Invalid gzip data in request
2018-04-06 20:27:43.502:INFO:oejs.AbstractConnector:main: Stopped LocalConnector@7998eb53{HTTP/1.1,[http/1.1]}
2018-04-06 20:27:43.502:INFO:oejs.session:main: Stopped scavenging
2018-04-06 20:27:43.502:INFO:oejsh.ContextHandler:main: Stopped o.e.j.s.ServletContextHandler@772bca04{/,null,UNAVAILABLE}
2018-04-06 20:27:43.511:INFO:oejs.Server:main: jetty-9.4.8.v20171121, build timestamp: 2017-11-21T21:27:37Z, git hash: 82b8fb23f757335bb3329d540ce37a2a2615f0a8
2018-04-06 20:27:43.527:INFO:oejs.session:main: DefaultSessionIdManager workerName=node0
2018-04-06 20:27:43.528:INFO:oejs.session:main: No SessionScavenger set, using defaults
2018-04-06 20:27:43.528:INFO:oejs.session:main: Scavenging every 660000ms
2018-04-06 20:27:43.530:INFO:oejsh.ContextHandler:main: Started o.e.j.s.ServletContextHandler@2999e224{/,null,AVAILABLE}
2018-04-06 20:27:43.530:INFO:oejs.AbstractConnector:main: Started LocalConnector@5871dc87{HTTP/1.1,[http/1.1]}
2018-04-06 20:27:43.530:INFO:oejs.Server:main: Started @14674ms
2018-04-06 20:27:43.548:INFO:oejs.AbstractConnector:main: Stopped LocalConnector@5871dc87{HTTP/1.1,[http/1.1]}
2018-04-06 20:27:43.548:INFO:oejs.session:main: Stopped scavenging
2018-04-06 20:27:43.548:INFO:oejsh.ContextHandler:main: Stopped o.e.j.s.ServletContextHandler@2999e224{/,null,UNAVAILABLE}
2018-04-06 20:27:43.551:INFO:oejs.Server:main: jetty-9.4.8.v20171121, build timestamp: 2017-11-21T21:27:37Z, git hash: 82b8fb23f757335bb3329d540ce37a2a2615f0a8
2018-04-06 20:27:43.561:INFO:oejs.session:main: DefaultSessionIdManager workerName=node0
2018-04-06 20:27:43.561:INFO:oejs.session:main: No SessionScavenger set, using defaults
2018-04-06 20:27:43.561:INFO:oejs.session:main: Scavenging every 600000ms
2018-04-06 20:27:43.564:INFO:oejsh.ContextHandler:main: Started o.e.j.s.ServletContextHandler@1ee71a77{/,null,AVAILABLE}
2018-04-06 20:27:43.564:INFO:oejs.AbstractConnector:main: Started LocalConnector@2953bba6{HTTP/1.1,[http/1.1]}
2018-04-06 20:27:43.564:INFO:oejs.Server:main: Started @14708ms
2018-04-06 20:27:43.572:INFO:oejs.AbstractConnector:main: Stopped LocalConnector@2953bba6{HTTP/1.1,[http/1.1]}
2018-04-06 20:27:43.573:INFO:oejs.session:main: Stopped scavenging
2018-04-06 20:27:43.573:INFO:oejsh.ContextHandler:main: Stopped o.e.j.s.ServletContextHandler@1ee71a77{/,null,UNAVAILABLE}
2018-04-06 20:27:43.577:INFO:oejs.Server:main: jetty-9.4.8.v20171121, build timestamp: 2017-11-21T21:27:37Z, git hash: 82b8fb23f757335bb3329d540ce37a2a2615f0a8
2018-04-06 20:27:43.592:INFO:oejs.session:main: DefaultSessionIdManager workerName=node0
2018-04-06 20:27:43.592:INFO:oejs.session:main: No SessionScavenger set, using defaults
2018-04-06 20:27:43.593:INFO:oejs.session:main: Scavenging every 600000ms
2018-04-06 20:27:43.595:INFO:oejsh.ContextHandler:main: Started o.e.j.s.ServletContextHandler@16b8e471{/,null,AVAILABLE}
2018-04-06 20:27:43.595:INFO:oejs.AbstractConnector:main: Started LocalConnector@51f278d1{HTTP/1.1,[http/1.1]}
2018-04-06 20:27:43.595:INFO:oejs.Server:main: Started @14739ms
2018-04-06 20:27:43.598:WARN:oejs.HttpChannel:qtp1445947111-67: /banner org.eclipse.jetty.http.BadMessageException: 400: Invalid deflate data in request
2018-04-06 20:27:43.603:INFO:oejs.AbstractConnector:main: Stopped LocalConnector@51f278d1{HTTP/1.1,[http/1.1]}
2018-04-06 20:27:43.603:INFO:oejs.session:main: Stopped scavenging
2018-04-06 20:27:43.603:INFO:oejsh.ContextHandler:main: Stopped o.e.j.s.ServletContextHandler@16b8e471{/,null,UNAVAILABLE}
[INFO] Tests run: 6, Failures: 0, Errors: 0, Skipped: 0, Time elapsed: 0.59 s - in io.dropwizard.jetty.BiDiGzipHandlerTest
[INFO] Running io.dropwizard.jetty.MutableServletContextHandlerTest
[INFO] Tests run: 6, Failures: 0, Errors: 0, Skipped: 0, Time elapsed: 0 s - in io.dropwizard.jetty.MutableServletContextHandlerTest
[INFO] Running io.dropwizard.jetty.NonblockingServletHolderTest
[INFO] Tests run: 4, Failures: 0, Errors: 0, Skipped: 0, Time elapsed: 0.101 s - in io.dropwizard.jetty.NonblockingServletHolderTest
[INFO] Running io.dropwizard.jetty.ServerPushFilterFactoryTest
[INFO] Tests run: 5, Failures: 0, Errors: 0, Skipped: 0, Time elapsed: 0.5 s - in io.dropwizard.jetty.ServerPushFilterFactoryTest
[INFO] Running io.dropwizard.jetty.HttpsConnectorFactoryTest
[WARNING] Tests run: 9, Failures: 0, Errors: 0, Skipped: 1, Time elapsed: 0.457 s - in io.dropwizard.jetty.HttpsConnectorFactoryTest
[INFO] 
[INFO] Results:
[INFO] 
[WARNING] Tests run: 96, Failures: 0, Errors: 0, Skipped: 5
[INFO] 
[INFO] 
[INFO] --------------< io.dropwizard:dropwizard-request-logging >--------------
[INFO] Building Dropwizard Request Logging Support 1.4.0-SNAPSHOT       [14/36]
[INFO] --------------------------------[ jar ]---------------------------------
[INFO] 
[INFO] --- maven-enforcer-plugin:1.4.1:enforce (enforce) @ dropwizard-request-logging ---
[INFO] 
[INFO] --- maven-checkstyle-plugin:3.0.0:check (checkstyle) @ dropwizard-request-logging ---
[INFO] 
[INFO] --- jacoco-maven-plugin:0.8.1:prepare-agent (prepare-agent) @ dropwizard-request-logging ---
[INFO] argLine set to -javaagent:/home/travis/.m2/repository/org/jacoco/org.jacoco.agent/0.8.1/org.jacoco.agent-0.8.1-runtime.jar=destfile=/home/travis/build/dropwizard/dropwizard/dropwizard-request-logging/target/jacoco.exec,excludes=io/dropwizard/benchmarks/**/*.class:org/openjdk/jmh/**/*.class -Duser.language=en -Duser.region=US --add-modules java.xml.bind
[INFO] 
[INFO] --- maven-resources-plugin:3.0.2:resources (default-resources) @ dropwizard-request-logging ---
[INFO] Using 'UTF-8' encoding to copy filtered resources.
[INFO] Copying 2 resources
[INFO] 
[INFO] --- maven-compiler-plugin:3.7.0:compile (default-compile) @ dropwizard-request-logging ---
[INFO] Changes detected - recompiling the module!
[INFO] Compiling 10 source files to /home/travis/build/dropwizard/dropwizard/dropwizard-request-logging/target/classes
[INFO] 
[INFO] --- maven-resources-plugin:3.0.2:testResources (default-testResources) @ dropwizard-request-logging ---
[INFO] Using 'UTF-8' encoding to copy filtered resources.
[INFO] Copying 3 resources
[INFO] 
[INFO] --- maven-compiler-plugin:3.7.0:testCompile (default-testCompile) @ dropwizard-request-logging ---
[INFO] Changes detected - recompiling the module!
[INFO] Compiling 7 source files to /home/travis/build/dropwizard/dropwizard/dropwizard-request-logging/target/test-classes
[INFO] 
[INFO] --- maven-surefire-plugin:2.21.0:test (default-test) @ dropwizard-request-logging ---
[INFO] 
[INFO] -------------------------------------------------------
[INFO]  T E S T S
[INFO] -------------------------------------------------------
[INFO] Running io.dropwizard.request.logging.RequestLogFactoryTest
20:27:48.864 [main] DEBUG org.jboss.logging - Logging Provider: org.jboss.logging.Slf4jLoggerProvider
20:27:48.875 [main] INFO org.hibernate.validator.internal.util.Version - HV000001: Hibernate Validator 5.4.2.Final
20:27:48.924 [main] DEBUG org.hibernate.validator.internal.engine.resolver.DefaultTraversableResolver - Cannot find javax.persistence.Persistence on classpath. Assuming non JPA 2 environment. All properties will per default be traversable.
20:27:48.968 [main] DEBUG org.hibernate.validator.internal.xml.ValidationXmlParser - Trying to load META-INF/validation.xml for XML based Validator configuration.
20:27:48.972 [main] DEBUG org.hibernate.validator.internal.xml.ResourceLoaderHelper - Trying to load META-INF/validation.xml via TCCL
20:27:48.974 [main] DEBUG org.hibernate.validator.internal.xml.ResourceLoaderHelper - Trying to load META-INF/validation.xml via Hibernate Validator's class loader
20:27:48.975 [main] DEBUG org.hibernate.validator.internal.xml.ValidationXmlParser - No META-INF/validation.xml found. Using annotation based configuration only.
20:27:50.183 [main] DEBUG org.hibernate.validator.internal.engine.resolver.DefaultTraversableResolver - Cannot find javax.persistence.Persistence on classpath. Assuming non JPA 2 environment. All properties will per default be traversable.
20:27:50.184 [main] DEBUG org.hibernate.validator.internal.xml.ValidationXmlParser - Trying to load META-INF/validation.xml for XML based Validator configuration.
20:27:50.184 [main] DEBUG org.hibernate.validator.internal.xml.ResourceLoaderHelper - Trying to load META-INF/validation.xml via TCCL
20:27:50.185 [main] DEBUG org.hibernate.validator.internal.xml.ResourceLoaderHelper - Trying to load META-INF/validation.xml via Hibernate Validator's class loader
20:27:50.185 [main] DEBUG org.hibernate.validator.internal.xml.ValidationXmlParser - No META-INF/validation.xml found. Using annotation based configuration only.
[INFO] Tests run: 2, Failures: 0, Errors: 0, Skipped: 0, Time elapsed: 3.179 s - in io.dropwizard.request.logging.RequestLogFactoryTest
[INFO] Running io.dropwizard.request.logging.LogbackAccessRequestLogTest
20:27:52.403 [main] DEBUG org.eclipse.jetty.util.log - Logging to Logger[org.eclipse.jetty.util.log] via org.eclipse.jetty.util.log.Slf4jLog
20:27:52.406 [main] INFO org.eclipse.jetty.util.log - Logging initialized @6337ms to org.eclipse.jetty.util.log.Slf4jLog
20:27:52.728 [main] DEBUG org.eclipse.jetty.http.PreEncodedHttpField - HttpField encoders loaded: [org.eclipse.jetty.http.Http1FieldPreEncoder@4b5c0183]

[INFO] Tests run: 1, Failures: 0, Errors: 0, Skipped: 0, Time elapsed: 2.747 s - in io.dropwizard.request.logging.LogbackAccessRequestLogTest
[INFO] Running io.dropwizard.request.logging.layout.SafeRequestParameterConverterTest
[INFO] Tests run: 3, Failures: 0, Errors: 0, Skipped: 0, Time elapsed: 0.262 s - in io.dropwizard.request.logging.layout.SafeRequestParameterConverterTest
[INFO] Running io.dropwizard.request.logging.layout.LogbackAccessRequestLayoutTest
[INFO] Tests run: 3, Failures: 0, Errors: 0, Skipped: 0, Time elapsed: 0.242 s - in io.dropwizard.request.logging.layout.LogbackAccessRequestLayoutTest
[INFO] Running io.dropwizard.request.logging.old.DropwizardSlf4jRequestLogTest
[INFO] Tests run: 1, Failures: 0, Errors: 0, Skipped: 0, Time elapsed: 0.449 s - in io.dropwizard.request.logging.old.DropwizardSlf4jRequestLogTest
[INFO] Running io.dropwizard.request.logging.old.LogbackClassicRequestLogFactoryTest
[INFO] Tests run: 3, Failures: 0, Errors: 0, Skipped: 0, Time elapsed: 0.619 s - in io.dropwizard.request.logging.old.LogbackClassicRequestLogFactoryTest
[INFO] Running io.dropwizard.request.logging.ExternalRequestLogFactoryTest
[INFO] Tests run: 2, Failures: 0, Errors: 0, Skipped: 0, Time elapsed: 0.033 s - in io.dropwizard.request.logging.ExternalRequestLogFactoryTest
[INFO] 
[INFO] Results:
[INFO] 
[INFO] Tests run: 15, Failures: 0, Errors: 0, Skipped: 0
[INFO] 
[INFO] 
[INFO] -------------------< io.dropwizard:dropwizard-core >--------------------
[INFO] Building Dropwizard 1.4.0-SNAPSHOT                               [15/36]
[INFO] --------------------------------[ jar ]---------------------------------
[INFO] 
[INFO] --- maven-enforcer-plugin:1.4.1:enforce (enforce) @ dropwizard-core ---
[INFO] 
[INFO] --- maven-checkstyle-plugin:3.0.0:check (checkstyle) @ dropwizard-core ---
[INFO] 
[INFO] --- jacoco-maven-plugin:0.8.1:prepare-agent (prepare-agent) @ dropwizard-core ---
[INFO] argLine set to -javaagent:/home/travis/.m2/repository/org/jacoco/org.jacoco.agent/0.8.1/org.jacoco.agent-0.8.1-runtime.jar=destfile=/home/travis/build/dropwizard/dropwizard/dropwizard-core/target/jacoco.exec,excludes=io/dropwizard/benchmarks/**/*.class:org/openjdk/jmh/**/*.class -Duser.language=en -Duser.region=US --add-modules java.xml.bind
[INFO] 
[INFO] --- maven-resources-plugin:3.0.2:resources (default-resources) @ dropwizard-core ---
[INFO] Using 'UTF-8' encoding to copy filtered resources.
[INFO] Copying 2 resources
[INFO] 
[INFO] --- maven-compiler-plugin:3.7.0:compile (default-compile) @ dropwizard-core ---
[INFO] Changes detected - recompiling the module!
[INFO] Compiling 20 source files to /home/travis/build/dropwizard/dropwizard/dropwizard-core/target/classes
[WARNING] bootstrap class path not set in conjunction with -source 8
/home/travis/build/dropwizard/dropwizard/dropwizard-core/src/main/java/io/dropwizard/cli/Cli.java:[109,48] [deprecation] newArgumentParser(String,boolean) in ArgumentParsers has been deprecated
[INFO] 
[INFO] --- maven-resources-plugin:3.0.2:testResources (default-testResources) @ dropwizard-core ---
[INFO] Using 'UTF-8' encoding to copy filtered resources.
[INFO] Copying 3 resources
[INFO] 
[INFO] --- maven-compiler-plugin:3.7.0:testCompile (default-testCompile) @ dropwizard-core ---
[INFO] Changes detected - recompiling the module!
[INFO] Compiling 14 source files to /home/travis/build/dropwizard/dropwizard/dropwizard-core/target/test-classes
[INFO] 
[INFO] --- maven-surefire-plugin:2.21.0:test (default-test) @ dropwizard-core ---
[INFO] 
[INFO] -------------------------------------------------------
[INFO]  T E S T S
[INFO] -------------------------------------------------------
[INFO] Running io.dropwizard.setup.AdminEnvironmentTest
[INFO] Tests run: 1, Failures: 0, Errors: 0, Skipped: 0, Time elapsed: 1.012 s - in io.dropwizard.setup.AdminEnvironmentTest
[INFO] Running io.dropwizard.setup.BootstrapTest
[INFO] Tests run: 12, Failures: 0, Errors: 0, Skipped: 0, Time elapsed: 1.554 s - in io.dropwizard.setup.BootstrapTest
[INFO] Running io.dropwizard.setup.ExceptionMapperBinderTest
127.0.0.1 - - [06/Apr/2018:20:28:04 +0000] "GET /service/test HTTP/1.1" 200 8 "-" "Java/10" 169
[INFO] Tests run: 1, Failures: 0, Errors: 0, Skipped: 0, Time elapsed: 3.074 s - in io.dropwizard.setup.ExceptionMapperBinderTest
[INFO] Running io.dropwizard.server.AbstractServerFactoryTest
[INFO] Tests run: 3, Failures: 0, Errors: 0, Skipped: 0, Time elapsed: 4.339 s - in io.dropwizard.server.AbstractServerFactoryTest
[INFO] Running io.dropwizard.server.SimpleServerFactoryTest
127.0.0.1 - - [06/Apr/2018:20:28:08 +0000] "GET /service/test HTTP/1.1" 200 18 "-" "Java/10" 7
127.0.0.1 - - [06/Apr/2018:20:28:09 +0000] "POST /secret/tasks/hello?name=test_user HTTP/1.1" 200 17 "-" "Java/10" 93
[INFO] Tests run: 6, Failures: 0, Errors: 0, Skipped: 0, Time elapsed: 1.289 s - in io.dropwizard.server.SimpleServerFactoryTest
[INFO] Running io.dropwizard.server.DefaultServerFactoryTest
127.0.0.1 - - [06/Apr/2018:20:28:11 +0000] "GET /app/test HTTP/1.1" 200 4 "-" "Java/10" 52
[INFO] Tests run: 13, Failures: 0, Errors: 0, Skipped: 0, Time elapsed: 2.842 s - in io.dropwizard.server.DefaultServerFactoryTest
[INFO] Running io.dropwizard.cli.InheritedServerCommandTest
[INFO] Tests run: 4, Failures: 0, Errors: 0, Skipped: 0, Time elapsed: 0.183 s - in io.dropwizard.cli.InheritedServerCommandTest
[INFO] Running io.dropwizard.cli.CommandTest
[INFO] Tests run: 1, Failures: 0, Errors: 0, Skipped: 0, Time elapsed: 0.022 s - in io.dropwizard.cli.CommandTest
[INFO] Running io.dropwizard.cli.ConfiguredCommandTest
[INFO] Tests run: 1, Failures: 0, Errors: 0, Skipped: 0, Time elapsed: 0.044 s - in io.dropwizard.cli.ConfiguredCommandTest
[INFO] Running io.dropwizard.cli.ServerCommandTest
throw NullPointerException, see Issue#1557
[INFO] Tests run: 5, Failures: 0, Errors: 0, Skipped: 0, Time elapsed: 0.026 s - in io.dropwizard.cli.ServerCommandTest
[INFO] Running io.dropwizard.cli.CheckCommandTest
[INFO] Tests run: 3, Failures: 0, Errors: 0, Skipped: 0, Time elapsed: 0.083 s - in io.dropwizard.cli.CheckCommandTest
[INFO] Running io.dropwizard.cli.CliTest
20:27:58,785 |-INFO in ch.qos.logback.classic.LoggerContext[default] - Found resource [logback-test.xml] at [file:/home/travis/build/dropwizard/dropwizard/dropwizard-core/target/test-classes/logback-test.xml]
20:27:58,962 |-INFO in ch.qos.logback.classic.joran.action.ConfigurationAction - debug attribute not set
20:27:58,963 |-INFO in ch.qos.logback.core.joran.action.AppenderAction - About to instantiate appender of type [ch.qos.logback.core.ConsoleAppender]
20:27:58,981 |-INFO in ch.qos.logback.core.joran.action.AppenderAction - Naming appender as [STDOUT]
20:27:58,996 |-INFO in ch.qos.logback.core.joran.action.NestedComplexPropertyIA - Assuming default type [ch.qos.logback.classic.encoder.PatternLayoutEncoder] for [encoder] property
20:27:59,142 |-INFO in ch.qos.logback.classic.joran.action.RootLoggerAction - Setting level of ROOT logger to OFF
20:27:59,142 |-INFO in ch.qos.logback.core.joran.action.AppenderRefAction - Attaching appender named [STDOUT] to Logger[ROOT]
20:27:59,143 |-INFO in ch.qos.logback.classic.joran.action.ConfigurationAction - End of configuration.
20:27:59,145 |-INFO in ch.qos.logback.classic.joran.JoranConfigurator@6b384cda - Registering current configuration as safe fallback point
20:28:02,417 |-INFO in io.dropwizard.request.logging.async.AsyncAccessEventAppenderFactory$1[async-console-appender] - Attaching appender named [console-appender] to AsyncAppender.
20:28:02,417 |-INFO in io.dropwizard.request.logging.async.AsyncAccessEventAppenderFactory$1[async-console-appender] - Setting discardingThreshold to 51
20:28:08,752 |-INFO in io.dropwizard.request.logging.async.AsyncAccessEventAppenderFactory$1[async-console-appender] - Attaching appender named [console-appender] to AsyncAppender.
20:28:08,752 |-INFO in io.dropwizard.request.logging.async.AsyncAccessEventAppenderFactory$1[async-console-appender] - Setting discardingThreshold to 51
20:28:11,101 |-INFO in io.dropwizard.request.logging.async.AsyncAccessEventAppenderFactory$1[async-console-appender] - Attaching appender named [console-appender] to AsyncAppender.
20:28:11,101 |-INFO in io.dropwizard.request.logging.async.AsyncAccessEventAppenderFactory$1[async-console-appender] - Setting discardingThreshold to 51
20:28:11,105 |-INFO in ch.qos.logback.core.rolling.RollingFileAppender[file-appender] - Setting bufferSize to [8 KB]
20:28:11,114 |-INFO in c.q.l.core.rolling.TimeBasedRollingPolicy@2042713588 - Will use gz compression
20:28:11,116 |-INFO in c.q.l.core.rolling.TimeBasedRollingPolicy@2042713588 - Will use the pattern ./logs/requests-%d.log for the active file
20:28:11,120 |-INFO in c.q.l.core.rolling.DefaultTimeBasedFileNamingAndTriggeringPolicy - The date pattern is 'yyyy-MM-dd' from file name pattern './logs/requests-%d.log.gz'.
20:28:11,120 |-INFO in c.q.l.core.rolling.DefaultTimeBasedFileNamingAndTriggeringPolicy - Roll-over at midnight.
20:28:11,130 |-INFO in c.q.l.core.rolling.DefaultTimeBasedFileNamingAndTriggeringPolicy - Setting initial period to Fri Apr 06 20:28:11 UTC 2018
20:28:11,135 |-INFO in ch.qos.logback.core.rolling.RollingFileAppender[file-appender] - Active log file name: ./logs/requests.log
20:28:11,135 |-INFO in ch.qos.logback.core.rolling.RollingFileAppender[file-appender] - File property is set to [./logs/requests.log]
20:28:11,137 |-INFO in io.dropwizard.request.logging.async.AsyncAccessEventAppenderFactory$1[async-file-appender] - Attaching appender named [file-appender] to AsyncAppender.
20:28:11,137 |-INFO in io.dropwizard.request.logging.async.AsyncAccessEventAppenderFactory$1[async-file-appender] - Setting discardingThreshold to 51
20:28:11,779 |-INFO in io.dropwizard.request.logging.async.AsyncAccessEventAppenderFactory$1[async-console-appender] - Attaching appender named [console-appender] to AsyncAppender.
20:28:11,779 |-INFO in io.dropwizard.request.logging.async.AsyncAccessEventAppenderFactory$1[async-console-appender] - Setting discardingThreshold to 51
20:28:11,779 |-INFO in ch.qos.logback.core.rolling.RollingFileAppender[file-appender] - Setting bufferSize to [8 KB]
20:28:11,779 |-INFO in c.q.l.core.rolling.TimeBasedRollingPolicy@2117913733 - Will use gz compression
20:28:11,779 |-INFO in c.q.l.core.rolling.TimeBasedRollingPolicy@2117913733 - Will use the pattern ./logs/requests-%d.log for the active file
20:28:11,780 |-INFO in c.q.l.core.rolling.DefaultTimeBasedFileNamingAndTriggeringPolicy - The date pattern is 'yyyy-MM-dd' from file name pattern './logs/requests-%d.log.gz'.
20:28:11,780 |-INFO in c.q.l.core.rolling.DefaultTimeBasedFileNamingAndTriggeringPolicy - Roll-over at midnight.
20:28:11,780 |-INFO in c.q.l.core.rolling.DefaultTimeBasedFileNamingAndTriggeringPolicy - Setting initial period to Fri Apr 06 20:28:11 UTC 2018
20:28:11,782 |-ERROR in ch.qos.logback.core.rolling.RollingFileAppender[file-appender] - 'FileNamePattern' option has the same value "./logs/requests-%d.log.gz" as that given for appender [file-appender] defined earlier.
20:28:11,782 |-ERROR in ch.qos.logback.core.rolling.RollingFileAppender[file-appender] - Collisions detected with FileAppender/RollingAppender instances defined earlier. Aborting.
20:28:11,782 |-ERROR in ch.qos.logback.core.rolling.RollingFileAppender[file-appender] - For more information, please visit http://logback.qos.ch/codes.html#earlier_fa_collision
20:28:11,782 |-INFO in io.dropwizard.request.logging.async.AsyncAccessEventAppenderFactory$1[async-file-appender] - Attaching appender named [file-appender] to AsyncAppender.
20:28:11,782 |-INFO in io.dropwizard.request.logging.async.AsyncAccessEventAppenderFactory$1[async-file-appender] - Setting discardingThreshold to 51
20:28:12,027 |-INFO in io.dropwizard.request.logging.async.AsyncAccessEventAppenderFactory$1[async-console-appender] - Attaching appender named [console-appender] to AsyncAppender.
20:28:12,027 |-INFO in io.dropwizard.request.logging.async.AsyncAccessEventAppenderFactory$1[async-console-appender] - Setting discardingThreshold to 51
20:28:12,027 |-INFO in ch.qos.logback.core.rolling.RollingFileAppender[file-appender] - Setting bufferSize to [8 KB]
20:28:12,027 |-INFO in c.q.l.core.rolling.TimeBasedRollingPolicy@1270761325 - Will use gz compression
20:28:12,028 |-INFO in c.q.l.core.rolling.TimeBasedRollingPolicy@1270761325 - Will use the pattern ./logs/requests-%d.log for the active file
20:28:12,030 |-INFO in c.q.l.core.rolling.DefaultTimeBasedFileNamingAndTriggeringPolicy - The date pattern is 'yyyy-MM-dd' from file name pattern './logs/requests-%d.log.gz'.
20:28:12,030 |-INFO in c.q.l.core.rolling.DefaultTimeBasedFileNamingAndTriggeringPolicy - Roll-over at midnight.
20:28:12,030 |-INFO in c.q.l.core.rolling.DefaultTimeBasedFileNamingAndTriggeringPolicy - Setting initial period to Fri Apr 06 20:28:11 UTC 2018
20:28:12,031 |-ERROR in ch.qos.logback.core.rolling.RollingFileAppender[file-appender] - 'FileNamePattern' option has the same value "./logs/requests-%d.log.gz" as that given for appender [file-appender] defined earlier.
20:28:12,031 |-ERROR in ch.qos.logback.core.rolling.RollingFileAppender[file-appender] - Collisions detected with FileAppender/RollingAppender instances defined earlier. Aborting.
20:28:12,031 |-ERROR in ch.qos.logback.core.rolling.RollingFileAppender[file-appender] - For more information, please visit http://logback.qos.ch/codes.html#earlier_fa_collision
20:28:12,031 |-INFO in io.dropwizard.request.logging.async.AsyncAccessEventAppenderFactory$1[async-file-appender] - Attaching appender named [file-appender] to AsyncAppender.
20:28:12,031 |-INFO in io.dropwizard.request.logging.async.AsyncAccessEventAppenderFactory$1[async-file-appender] - Setting discardingThreshold to 51
20:28:12,417 |-INFO in io.dropwizard.request.logging.async.AsyncAccessEventAppenderFactory$1[async-console-appender] - Attaching appender named [console-appender] to AsyncAppender.
20:28:12,417 |-INFO in io.dropwizard.request.logging.async.AsyncAccessEventAppenderFactory$1[async-console-appender] - Setting discardingThreshold to 51
20:28:12,417 |-INFO in ch.qos.logback.core.rolling.RollingFileAppender[file-appender] - Setting bufferSize to [8 KB]
20:28:12,417 |-INFO in c.q.l.core.rolling.TimeBasedRollingPolicy@1648991324 - Will use gz compression
20:28:12,417 |-INFO in c.q.l.core.rolling.TimeBasedRollingPolicy@1648991324 - Will use the pattern ./logs/requests-%d.log for the active file
20:28:12,418 |-INFO in c.q.l.core.rolling.DefaultTimeBasedFileNamingAndTriggeringPolicy - The date pattern is 'yyyy-MM-dd' from file name pattern './logs/requests-%d.log.gz'.
20:28:12,418 |-INFO in c.q.l.core.rolling.DefaultTimeBasedFileNamingAndTriggeringPolicy - Roll-over at midnight.
20:28:12,418 |-INFO in c.q.l.core.rolling.DefaultTimeBasedFileNamingAndTriggeringPolicy - Setting initial period to Fri Apr 06 20:28:11 UTC 2018
20:28:12,419 |-ERROR in ch.qos.logback.core.rolling.RollingFileAppender[file-appender] - 'FileNamePattern' option has the same value "./logs/requests-%d.log.gz" as that given for appender [file-appender] defined earlier.
20:28:12,419 |-ERROR in ch.qos.logback.core.rolling.RollingFileAppender[file-appender] - Collisions detected with FileAppender/RollingAppender instances defined earlier. Aborting.
20:28:12,419 |-ERROR in ch.qos.logback.core.rolling.RollingFileAppender[file-appender] - For more information, please visit http://logback.qos.ch/codes.html#earlier_fa_collision
20:28:12,419 |-INFO in io.dropwizard.request.logging.async.AsyncAccessEventAppenderFactory$1[async-file-appender] - Attaching appender named [file-appender] to AsyncAppender.
20:28:12,419 |-INFO in io.dropwizard.request.logging.async.AsyncAccessEventAppenderFactory$1[async-file-appender] - Setting discardingThreshold to 51
20:28:12,659 |-INFO in io.dropwizard.request.logging.async.AsyncAccessEventAppenderFactory$1[async-console-appender] - Attaching appender named [console-appender] to AsyncAppender.
20:28:12,659 |-INFO in io.dropwizard.request.logging.async.AsyncAccessEventAppenderFactory$1[async-console-appender] - Setting discardingThreshold to 51
20:28:12,659 |-INFO in ch.qos.logback.core.rolling.RollingFileAppender[file-appender] - Setting bufferSize to [8 KB]
20:28:12,659 |-INFO in c.q.l.core.rolling.TimeBasedRollingPolicy@290720532 - Will use gz compression
20:28:12,660 |-INFO in c.q.l.core.rolling.TimeBasedRollingPolicy@290720532 - Will use the pattern ./logs/requests-%d.log for the active file
20:28:12,660 |-INFO in c.q.l.core.rolling.DefaultTimeBasedFileNamingAndTriggeringPolicy - The date pattern is 'yyyy-MM-dd' from file name pattern './logs/requests-%d.log.gz'.
20:28:12,660 |-INFO in c.q.l.core.rolling.DefaultTimeBasedFileNamingAndTriggeringPolicy - Roll-over at midnight.
20:28:12,661 |-INFO in c.q.l.core.rolling.DefaultTimeBasedFileNamingAndTriggeringPolicy - Setting initial period to Fri Apr 06 20:28:11 UTC 2018
20:28:12,661 |-ERROR in ch.qos.logback.core.rolling.RollingFileAppender[file-appender] - 'FileNamePattern' option has the same value "./logs/requests-%d.log.gz" as that given for appender [file-appender] defined earlier.
20:28:12,661 |-ERROR in ch.qos.logback.core.rolling.RollingFileAppender[file-appender] - Collisions detected with FileAppender/RollingAppender instances defined earlier. Aborting.
20:28:12,661 |-ERROR in ch.qos.logback.core.rolling.RollingFileAppender[file-appender] - For more information, please visit http://logback.qos.ch/codes.html#earlier_fa_collision
20:28:12,661 |-INFO in io.dropwizard.request.logging.async.AsyncAccessEventAppenderFactory$1[async-file-appender] - Attaching appender named [file-appender] to AsyncAppender.
20:28:12,661 |-INFO in io.dropwizard.request.logging.async.AsyncAccessEventAppenderFactory$1[async-file-appender] - Setting discardingThreshold to 51
20:28:13,421 |-INFO in ch.qos.logback.classic.jul.LevelChangePropagator@994b55f - Propagating INFO level on Logger[ROOT] onto the JUL framework
20:28:13,438 |-INFO in ch.qos.logback.classic.AsyncAppender[async-console-appender] - Attaching appender named [console-appender] to AsyncAppender.
20:28:13,438 |-INFO in ch.qos.logback.classic.AsyncAppender[async-console-appender] - Setting discardingThreshold to 51

20:27:58,785 |-INFO in ch.qos.logback.classic.LoggerContext[default] - Found resource [logback-test.xml] at [file:/home/travis/build/dropwizard/dropwizard/dropwizard-core/target/test-classes/logback-test.xml]
20:27:58,962 |-INFO in ch.qos.logback.classic.joran.action.ConfigurationAction - debug attribute not set
20:27:58,963 |-INFO in ch.qos.logback.core.joran.action.AppenderAction - About to instantiate appender of type [ch.qos.logback.core.ConsoleAppender]
20:27:58,981 |-INFO in ch.qos.logback.core.joran.action.AppenderAction - Naming appender as [STDOUT]
20:27:58,996 |-INFO in ch.qos.logback.core.joran.action.NestedComplexPropertyIA - Assuming default type [ch.qos.logback.classic.encoder.PatternLayoutEncoder] for [encoder] property
20:27:59,142 |-INFO in ch.qos.logback.classic.joran.action.RootLoggerAction - Setting level of ROOT logger to OFF
20:27:59,142 |-INFO in ch.qos.logback.core.joran.action.AppenderRefAction - Attaching appender named [STDOUT] to Logger[ROOT]
20:27:59,143 |-INFO in ch.qos.logback.classic.joran.action.ConfigurationAction - End of configuration.
20:27:59,145 |-INFO in ch.qos.logback.classic.joran.JoranConfigurator@6b384cda - Registering current configuration as safe fallback point
20:28:02,417 |-INFO in io.dropwizard.request.logging.async.AsyncAccessEventAppenderFactory$1[async-console-appender] - Attaching appender named [console-appender] to AsyncAppender.
20:28:02,417 |-INFO in io.dropwizard.request.logging.async.AsyncAccessEventAppenderFactory$1[async-console-appender] - Setting discardingThreshold to 51
20:28:08,752 |-INFO in io.dropwizard.request.logging.async.AsyncAccessEventAppenderFactory$1[async-console-appender] - Attaching appender named [console-appender] to AsyncAppender.
20:28:08,752 |-INFO in io.dropwizard.request.logging.async.AsyncAccessEventAppenderFactory$1[async-console-appender] - Setting discardingThreshold to 51
20:28:11,101 |-INFO in io.dropwizard.request.logging.async.AsyncAccessEventAppenderFactory$1[async-console-appender] - Attaching appender named [console-appender] to AsyncAppender.
20:28:11,101 |-INFO in io.dropwizard.request.logging.async.AsyncAccessEventAppenderFactory$1[async-console-appender] - Setting discardingThreshold to 51
20:28:11,105 |-INFO in ch.qos.logback.core.rolling.RollingFileAppender[file-appender] - Setting bufferSize to [8 KB]
20:28:11,114 |-INFO in c.q.l.core.rolling.TimeBasedRollingPolicy@2042713588 - Will use gz compression
20:28:11,116 |-INFO in c.q.l.core.rolling.TimeBasedRollingPolicy@2042713588 - Will use the pattern ./logs/requests-%d.log for the active file
20:28:11,120 |-INFO in c.q.l.core.rolling.DefaultTimeBasedFileNamingAndTriggeringPolicy - The date pattern is 'yyyy-MM-dd' from file name pattern './logs/requests-%d.log.gz'.
20:28:11,120 |-INFO in c.q.l.core.rolling.DefaultTimeBasedFileNamingAndTriggeringPolicy - Roll-over at midnight.
20:28:11,130 |-INFO in c.q.l.core.rolling.DefaultTimeBasedFileNamingAndTriggeringPolicy - Setting initial period to Fri Apr 06 20:28:11 UTC 2018
20:28:11,135 |-INFO in ch.qos.logback.core.rolling.RollingFileAppender[file-appender] - Active log file name: ./logs/requests.log
20:28:11,135 |-INFO in ch.qos.logback.core.rolling.RollingFileAppender[file-appender] - File property is set to [./logs/requests.log]
20:28:11,137 |-INFO in io.dropwizard.request.logging.async.AsyncAccessEventAppenderFactory$1[async-file-appender] - Attaching appender named [file-appender] to AsyncAppender.
20:28:11,137 |-INFO in io.dropwizard.request.logging.async.AsyncAccessEventAppenderFactory$1[async-file-appender] - Setting discardingThreshold to 51
20:28:11,779 |-INFO in io.dropwizard.request.logging.async.AsyncAccessEventAppenderFactory$1[async-console-appender] - Attaching appender named [console-appender] to AsyncAppender.
20:28:11,779 |-INFO in io.dropwizard.request.logging.async.AsyncAccessEventAppenderFactory$1[async-console-appender] - Setting discardingThreshold to 51
20:28:11,779 |-INFO in ch.qos.logback.core.rolling.RollingFileAppender[file-appender] - Setting bufferSize to [8 KB]
20:28:11,779 |-INFO in c.q.l.core.rolling.TimeBasedRollingPolicy@2117913733 - Will use gz compression
20:28:11,779 |-INFO in c.q.l.core.rolling.TimeBasedRollingPolicy@2117913733 - Will use the pattern ./logs/requests-%d.log for the active file
20:28:11,780 |-INFO in c.q.l.core.rolling.DefaultTimeBasedFileNamingAndTriggeringPolicy - The date pattern is 'yyyy-MM-dd' from file name pattern './logs/requests-%d.log.gz'.
20:28:11,780 |-INFO in c.q.l.core.rolling.DefaultTimeBasedFileNamingAndTriggeringPolicy - Roll-over at midnight.
20:28:11,780 |-INFO in c.q.l.core.rolling.DefaultTimeBasedFileNamingAndTriggeringPolicy - Setting initial period to Fri Apr 06 20:28:11 UTC 2018
20:28:11,782 |-ERROR in ch.qos.logback.core.rolling.RollingFileAppender[file-appender] - 'FileNamePattern' option has the same value "./logs/requests-%d.log.gz" as that given for appender [file-appender] defined earlier.
20:28:11,782 |-ERROR in ch.qos.logback.core.rolling.RollingFileAppender[file-appender] - Collisions detected with FileAppender/RollingAppender instances defined earlier. Aborting.
20:28:11,782 |-ERROR in ch.qos.logback.core.rolling.RollingFileAppender[file-appender] - For more information, please visit http://logback.qos.ch/codes.html#earlier_fa_collision
20:28:11,782 |-INFO in io.dropwizard.request.logging.async.AsyncAccessEventAppenderFactory$1[async-file-appender] - Attaching appender named [file-appender] to AsyncAppender.
20:28:11,782 |-INFO in io.dropwizard.request.logging.async.AsyncAccessEventAppenderFactory$1[async-file-appender] - Setting discardingThreshold to 51
20:28:12,027 |-INFO in io.dropwizard.request.logging.async.AsyncAccessEventAppenderFactory$1[async-console-appender] - Attaching appender named [console-appender] to AsyncAppender.
20:28:12,027 |-INFO in io.dropwizard.request.logging.async.AsyncAccessEventAppenderFactory$1[async-console-appender] - Setting discardingThreshold to 51
20:28:12,027 |-INFO in ch.qos.logback.core.rolling.RollingFileAppender[file-appender] - Setting bufferSize to [8 KB]
20:28:12,027 |-INFO in c.q.l.core.rolling.TimeBasedRollingPolicy@1270761325 - Will use gz compression
20:28:12,028 |-INFO in c.q.l.core.rolling.TimeBasedRollingPolicy@1270761325 - Will use the pattern ./logs/requests-%d.log for the active file
20:28:12,030 |-INFO in c.q.l.core.rolling.DefaultTimeBasedFileNamingAndTriggeringPolicy - The date pattern is 'yyyy-MM-dd' from file name pattern './logs/requests-%d.log.gz'.
20:28:12,030 |-INFO in c.q.l.core.rolling.DefaultTimeBasedFileNamingAndTriggeringPolicy - Roll-over at midnight.
20:28:12,030 |-INFO in c.q.l.core.rolling.DefaultTimeBasedFileNamingAndTriggeringPolicy - Setting initial period to Fri Apr 06 20:28:11 UTC 2018
20:28:12,031 |-ERROR in ch.qos.logback.core.rolling.RollingFileAppender[file-appender] - 'FileNamePattern' option has the same value "./logs/requests-%d.log.gz" as that given for appender [file-appender] defined earlier.
20:28:12,031 |-ERROR in ch.qos.logback.core.rolling.RollingFileAppender[file-appender] - Collisions detected with FileAppender/RollingAppender instances defined earlier. Aborting.
20:28:12,031 |-ERROR in ch.qos.logback.core.rolling.RollingFileAppender[file-appender] - For more information, please visit http://logback.qos.ch/codes.html#earlier_fa_collision
20:28:12,031 |-INFO in io.dropwizard.request.logging.async.AsyncAccessEventAppenderFactory$1[async-file-appender] - Attaching appender named [file-appender] to AsyncAppender.
20:28:12,031 |-INFO in io.dropwizard.request.logging.async.AsyncAccessEventAppenderFactory$1[async-file-appender] - Setting discardingThreshold to 51
20:28:12,417 |-INFO in io.dropwizard.request.logging.async.AsyncAccessEventAppenderFactory$1[async-console-appender] - Attaching appender named [console-appender] to AsyncAppender.
20:28:12,417 |-INFO in io.dropwizard.request.logging.async.AsyncAccessEventAppenderFactory$1[async-console-appender] - Setting discardingThreshold to 51
20:28:12,417 |-INFO in ch.qos.logback.core.rolling.RollingFileAppender[file-appender] - Setting bufferSize to [8 KB]
20:28:12,417 |-INFO in c.q.l.core.rolling.TimeBasedRollingPolicy@1648991324 - Will use gz compression
20:28:12,417 |-INFO in c.q.l.core.rolling.TimeBasedRollingPolicy@1648991324 - Will use the pattern ./logs/requests-%d.log for the active file
20:28:12,418 |-INFO in c.q.l.core.rolling.DefaultTimeBasedFileNamingAndTriggeringPolicy - The date pattern is 'yyyy-MM-dd' from file name pattern './logs/requests-%d.log.gz'.
20:28:12,418 |-INFO in c.q.l.core.rolling.DefaultTimeBasedFileNamingAndTriggeringPolicy - Roll-over at midnight.
20:28:12,418 |-INFO in c.q.l.core.rolling.DefaultTimeBasedFileNamingAndTriggeringPolicy - Setting initial period to Fri Apr 06 20:28:11 UTC 2018
20:28:12,419 |-ERROR in ch.qos.logback.core.rolling.RollingFileAppender[file-appender] - 'FileNamePattern' option has the same value "./logs/requests-%d.log.gz" as that given for appender [file-appender] defined earlier.
20:28:12,419 |-ERROR in ch.qos.logback.core.rolling.RollingFileAppender[file-appender] - Collisions detected with FileAppender/RollingAppender instances defined earlier. Aborting.
20:28:12,419 |-ERROR in ch.qos.logback.core.rolling.RollingFileAppender[file-appender] - For more information, please visit http://logback.qos.ch/codes.html#earlier_fa_collision
20:28:12,419 |-INFO in io.dropwizard.request.logging.async.AsyncAccessEventAppenderFactory$1[async-file-appender] - Attaching appender named [file-appender] to AsyncAppender.
20:28:12,419 |-INFO in io.dropwizard.request.logging.async.AsyncAccessEventAppenderFactory$1[async-file-appender] - Setting discardingThreshold to 51
20:28:12,659 |-INFO in io.dropwizard.request.logging.async.AsyncAccessEventAppenderFactory$1[async-console-appender] - Attaching appender named [console-appender] to AsyncAppender.
20:28:12,659 |-INFO in io.dropwizard.request.logging.async.AsyncAccessEventAppenderFactory$1[async-console-appender] - Setting discardingThreshold to 51
20:28:12,659 |-INFO in ch.qos.logback.core.rolling.RollingFileAppender[file-appender] - Setting bufferSize to [8 KB]
20:28:12,659 |-INFO in c.q.l.core.rolling.TimeBasedRollingPolicy@290720532 - Will use gz compression
20:28:12,660 |-INFO in c.q.l.core.rolling.TimeBasedRollingPolicy@290720532 - Will use the pattern ./logs/requests-%d.log for the active file
20:28:12,660 |-INFO in c.q.l.core.rolling.DefaultTimeBasedFileNamingAndTriggeringPolicy - The date pattern is 'yyyy-MM-dd' from file name pattern './logs/requests-%d.log.gz'.
20:28:12,660 |-INFO in c.q.l.core.rolling.DefaultTimeBasedFileNamingAndTriggeringPolicy - Roll-over at midnight.
20:28:12,661 |-INFO in c.q.l.core.rolling.DefaultTimeBasedFileNamingAndTriggeringPolicy - Setting initial period to Fri Apr 06 20:28:11 UTC 2018
20:28:12,661 |-ERROR in ch.qos.logback.core.rolling.RollingFileAppender[file-appender] - 'FileNamePattern' option has the same value "./logs/requests-%d.log.gz" as that given for appender [file-appender] defined earlier.
20:28:12,661 |-ERROR in ch.qos.logback.core.rolling.RollingFileAppender[file-appender] - Collisions detected with FileAppender/RollingAppender instances defined earlier. Aborting.
20:28:12,661 |-ERROR in ch.qos.logback.core.rolling.RollingFileAppender[file-appender] - For more information, please visit http://logback.qos.ch/codes.html#earlier_fa_collision
20:28:12,661 |-INFO in io.dropwizard.request.logging.async.AsyncAccessEventAppenderFactory$1[async-file-appender] - Attaching appender named [file-appender] to AsyncAppender.
20:28:12,661 |-INFO in io.dropwizard.request.logging.async.AsyncAccessEventAppenderFactory$1[async-file-appender] - Setting discardingThreshold to 51
20:28:13,421 |-INFO in ch.qos.logback.classic.jul.LevelChangePropagator@994b55f - Propagating INFO level on Logger[ROOT] onto the JUL framework
20:28:13,438 |-INFO in ch.qos.logback.classic.AsyncAppender[async-console-appender] - Attaching appender named [console-appender] to AsyncAppender.
20:28:13,438 |-INFO in ch.qos.logback.classic.AsyncAppender[async-console-appender] - Setting discardingThreshold to 51
20:28:13,762 |-INFO in ch.qos.logback.classic.AsyncAppender[async-console-appender] - Worker thread will flush remaining events before exiting. 
20:28:13,763 |-INFO in ch.qos.logback.classic.AsyncAppender[async-console-appender] - Queue flush finished successfully within timeout.
20:28:13,765 |-INFO in ch.qos.logback.classic.jmx.JMXConfigurator(default) - onReset() method called JMXActivator [io.dropwizard:type=Logging]
20:28:13,765 |-INFO in ch.qos.logback.classic.jul.LevelChangePropagator@64eb19e0 - Propagating INFO level on Logger[ROOT] onto the JUL framework
20:28:13,766 |-INFO in ch.qos.logback.classic.AsyncAppender[async-console-appender] - Attaching appender named [console-appender] to AsyncAppender.
20:28:13,766 |-INFO in ch.qos.logback.classic.AsyncAppender[async-console-appender] - Setting discardingThreshold to 51

[INFO] Tests run: 15, Failures: 0, Errors: 0, Skipped: 0, Time elapsed: 0.93 s - in io.dropwizard.cli.CliTest
[INFO] Running io.dropwizard.ApplicationTest
io.dropwizard.configuration.ConfigurationParsingException: /tmp/dropwizard-invalid-config12051374676174631747.yml has an error:
  * Configuration at /tmp/dropwizard-invalid-config12051374676174631747.yml must not be empty

	at io.dropwizard.configuration.ConfigurationParsingException$Builder.build(ConfigurationParsingException.java:280)
	at io.dropwizard.configuration.BaseConfigurationFactory.build(BaseConfigurationFactory.java:86)
	at io.dropwizard.cli.ConfiguredCommand.parseConfiguration(ConfiguredCommand.java:126)
	at io.dropwizard.cli.ConfiguredCommand.run(ConfiguredCommand.java:74)
	at io.dropwizard.cli.Cli.run(Cli.java:78)
	at io.dropwizard.Application.run(Application.java:93)
	at io.dropwizard.ApplicationTest.exitWithFatalErrorWhenCommandFails(ApplicationTest.java:72)
	at java.base/jdk.internal.reflect.NativeMethodAccessorImpl.invoke0(Native Method)
	at java.base/jdk.internal.reflect.NativeMethodAccessorImpl.invoke(NativeMethodAccessorImpl.java:62)
	at java.base/jdk.internal.reflect.DelegatingMethodAccessorImpl.invoke(DelegatingMethodAccessorImpl.java:43)
	at java.base/java.lang.reflect.Method.invoke(Method.java:564)
	at org.junit.runners.model.FrameworkMethod$1.runReflectiveCall(FrameworkMethod.java:50)
	at org.junit.internal.runners.model.ReflectiveCallable.run(ReflectiveCallable.java:12)
	at org.junit.runners.model.FrameworkMethod.invokeExplosively(FrameworkMethod.java:47)
	at org.junit.internal.runners.statements.InvokeMethod.evaluate(InvokeMethod.java:17)
	at org.junit.runners.ParentRunner.runLeaf(ParentRunner.java:325)
	at org.junit.runners.BlockJUnit4ClassRunner.runChild(BlockJUnit4ClassRunner.java:78)
	at org.junit.runners.BlockJUnit4ClassRunner.runChild(BlockJUnit4ClassRunner.java:57)
	at org.junit.runners.ParentRunner$3.run(ParentRunner.java:290)
	at org.junit.runners.ParentRunner$1.schedule(ParentRunner.java:71)
	at org.junit.runners.ParentRunner.runChildren(ParentRunner.java:288)
	at org.junit.runners.ParentRunner.access$000(ParentRunner.java:58)
	at org.junit.runners.ParentRunner$2.evaluate(ParentRunner.java:268)
	at org.junit.runners.ParentRunner.run(ParentRunner.java:363)
	at org.apache.maven.surefire.junit4.JUnit4Provider.execute(JUnit4Provider.java:365)
	at org.apache.maven.surefire.junit4.JUnit4Provider.executeWithRerun(JUnit4Provider.java:273)
	at org.apache.maven.surefire.junit4.JUnit4Provider.executeTestSet(JUnit4Provider.java:238)
	at org.apache.maven.surefire.junit4.JUnit4Provider.invoke(JUnit4Provider.java:159)
	at org.apache.maven.surefire.booter.ForkedBooter.invokeProviderInSameClassLoader(ForkedBooter.java:379)
	at org.apache.maven.surefire.booter.ForkedBooter.runSuitesInProcess(ForkedBooter.java:340)
	at org.apache.maven.surefire.booter.ForkedBooter.execute(ForkedBooter.java:125)
	at org.apache.maven.surefire.booter.ForkedBooter.main(ForkedBooter.java:413)
[INFO] Tests run: 4, Failures: 0, Errors: 0, Skipped: 0, Time elapsed: 0.059 s - in io.dropwizard.ApplicationTest
[INFO] Running io.dropwizard.ConfigurationTest
[INFO] Tests run: 3, Failures: 0, Errors: 0, Skipped: 0, Time elapsed: 0.118 s - in io.dropwizard.ConfigurationTest
[INFO] 
[INFO] Results:
[INFO] 
[INFO] Tests run: 72, Failures: 0, Errors: 0, Skipped: 0
[INFO] 
[INFO] 
[INFO] ------------------< io.dropwizard:dropwizard-testing >------------------
[INFO] Building Dropwizard Test Helpers 1.4.0-SNAPSHOT                  [16/36]
[INFO] --------------------------------[ jar ]---------------------------------
[INFO] 
[INFO] --- maven-enforcer-plugin:1.4.1:enforce (enforce) @ dropwizard-testing ---
[INFO] 
[INFO] --- maven-checkstyle-plugin:3.0.0:check (checkstyle) @ dropwizard-testing ---
[INFO] 
[INFO] --- jacoco-maven-plugin:0.8.1:prepare-agent (prepare-agent) @ dropwizard-testing ---
[INFO] argLine set to -javaagent:/home/travis/.m2/repository/org/jacoco/org.jacoco.agent/0.8.1/org.jacoco.agent-0.8.1-runtime.jar=destfile=/home/travis/build/dropwizard/dropwizard/dropwizard-testing/target/jacoco.exec,excludes=io/dropwizard/benchmarks/**/*.class:org/openjdk/jmh/**/*.class -Duser.language=en -Duser.region=US --add-modules java.xml.bind
[INFO] 
[INFO] --- maven-resources-plugin:3.0.2:resources (default-resources) @ dropwizard-testing ---
[INFO] Using 'UTF-8' encoding to copy filtered resources.
[INFO] skip non existing resourceDirectory /home/travis/build/dropwizard/dropwizard/dropwizard-testing/src/main/resources
[INFO] 
[INFO] --- maven-compiler-plugin:3.7.0:compile (default-compile) @ dropwizard-testing ---
[INFO] Changes detected - recompiling the module!
[INFO] Compiling 21 source files to /home/travis/build/dropwizard/dropwizard/dropwizard-testing/target/classes
[INFO] 
[INFO] --- maven-resources-plugin:3.0.2:testResources (default-testResources) @ dropwizard-testing ---
[INFO] Using 'UTF-8' encoding to copy filtered resources.
[INFO] Copying 5 resources
[INFO] 
[INFO] --- maven-compiler-plugin:3.7.0:testCompile (default-testCompile) @ dropwizard-testing ---
[INFO] Changes detected - recompiling the module!
[INFO] Compiling 35 source files to /home/travis/build/dropwizard/dropwizard/dropwizard-testing/target/test-classes
[INFO] 
[INFO] --- maven-surefire-plugin:2.21.0:test (default-test) @ dropwizard-testing ---
[INFO] 
[INFO] -------------------------------------------------------
[INFO]  T E S T S
[INFO] -------------------------------------------------------
[INFO] 
[INFO] Results:
[INFO] 
[INFO] Tests run: 0, Failures: 0, Errors: 0, Skipped: 0
[INFO] 
[INFO] 
[INFO] ------------------< io.dropwizard:dropwizard-client >-------------------
[INFO] Building Dropwizard HTTP Client 1.4.0-SNAPSHOT                   [17/36]
[INFO] --------------------------------[ jar ]---------------------------------
[INFO] 
[INFO] --- maven-enforcer-plugin:1.4.1:enforce (enforce) @ dropwizard-client ---
[INFO] 
[INFO] --- maven-checkstyle-plugin:3.0.0:check (checkstyle) @ dropwizard-client ---
[INFO] 
[INFO] --- jacoco-maven-plugin:0.8.1:prepare-agent (prepare-agent) @ dropwizard-client ---
[INFO] argLine set to -javaagent:/home/travis/.m2/repository/org/jacoco/org.jacoco.agent/0.8.1/org.jacoco.agent-0.8.1-runtime.jar=destfile=/home/travis/build/dropwizard/dropwizard/dropwizard-client/target/jacoco.exec,excludes=io/dropwizard/benchmarks/**/*.class:org/openjdk/jmh/**/*.class -Duser.language=en -Duser.region=US --add-modules java.xml.bind
[INFO] 
[INFO] --- maven-resources-plugin:3.0.2:resources (default-resources) @ dropwizard-client ---
[INFO] Using 'UTF-8' encoding to copy filtered resources.
[INFO] skip non existing resourceDirectory /home/travis/build/dropwizard/dropwizard/dropwizard-client/src/main/resources
[INFO] 
[INFO] --- maven-compiler-plugin:3.7.0:compile (default-compile) @ dropwizard-client ---
[INFO] Changes detected - recompiling the module!
[INFO] Compiling 13 source files to /home/travis/build/dropwizard/dropwizard/dropwizard-client/target/classes
[INFO] 
[INFO] --- maven-resources-plugin:3.0.2:testResources (default-testResources) @ dropwizard-client ---
[INFO] Using 'UTF-8' encoding to copy filtered resources.
[INFO] Copying 25 resources
[INFO] 
[INFO] --- maven-compiler-plugin:3.7.0:testCompile (default-testCompile) @ dropwizard-client ---
[INFO] Changes detected - recompiling the module!
[INFO] Compiling 10 source files to /home/travis/build/dropwizard/dropwizard/dropwizard-client/target/test-classes
[WARNING] bootstrap class path not set in conjunction with -source 8
/home/travis/build/dropwizard/dropwizard/dropwizard-client/src/test/java/io/dropwizard/client/HttpClientBuilderTest.java:[384,16] [deprecation] isStaleConnectionCheckEnabled() in RequestConfig has been deprecated
[INFO] 
[INFO] --- maven-surefire-plugin:2.21.0:test (default-test) @ dropwizard-client ---
[INFO] 
[INFO] -------------------------------------------------------
[INFO]  T E S T S
[INFO] -------------------------------------------------------
[INFO] Running io.dropwizard.client.DropwizardApacheConnectorTest
INFO  [2018-04-06 20:28:31,186] org.eclipse.jetty.util.log: Logging initialized @6835ms to org.eclipse.jetty.util.log.Slf4jLog
INFO  [2018-04-06 20:28:31,381] io.dropwizard.server.DefaultServerFactory: Registering jersey handler with root path prefix: /
INFO  [2018-04-06 20:28:31,387] io.dropwizard.server.DefaultServerFactory: Registering admin handler with root path prefix: /
INFO  [2018-04-06 20:28:31,397] io.dropwizard.server.ServerFactory: Starting TestApplication
INFO  [2018-04-06 20:28:31,653] org.eclipse.jetty.setuid.SetUIDListener: Opened application@75723fe1{HTTP/1.1,[http/1.1]}{0.0.0.0:37795}
INFO  [2018-04-06 20:28:31,655] org.eclipse.jetty.setuid.SetUIDListener: Opened admin@1aa8386a{HTTP/1.1,[http/1.1]}{0.0.0.0:42573}
INFO  [2018-04-06 20:28:31,661] org.eclipse.jetty.server.Server: jetty-9.4.8.v20171121, build timestamp: 2017-11-21T21:27:37Z, git hash: 82b8fb23f757335bb3329d540ce37a2a2615f0a8
INFO  [2018-04-06 20:28:33,389] io.dropwizard.jersey.DropwizardResourceConfig: The following paths were found for the configured resources:

    GET     /long_running (io.dropwizard.client.DropwizardApacheConnectorTest.TestResource)
    GET     /redirect (io.dropwizard.client.DropwizardApacheConnectorTest.TestResource)
    GET     /redirected (io.dropwizard.client.DropwizardApacheConnectorTest.TestResource)

INFO  [2018-04-06 20:28:33,397] org.eclipse.jetty.server.handler.ContextHandler: Started i.d.j.MutableServletContextHandler@2267a30c{/,null,AVAILABLE}
INFO  [2018-04-06 20:28:33,407] io.dropwizard.setup.AdminEnvironment: tasks = 

    POST    /tasks/log-level (io.dropwizard.servlets.tasks.LogConfigurationTask)
    POST    /tasks/gc (io.dropwizard.servlets.tasks.GarbageCollectionTask)

INFO  [2018-04-06 20:28:33,433] org.eclipse.jetty.server.handler.ContextHandler: Started i.d.j.MutableServletContextHandler@2b8acd9d{/,null,AVAILABLE}
INFO  [2018-04-06 20:28:33,483] org.eclipse.jetty.server.AbstractConnector: Started application@75723fe1{HTTP/1.1,[http/1.1]}{0.0.0.0:37795}
INFO  [2018-04-06 20:28:33,487] org.eclipse.jetty.server.AbstractConnector: Started admin@1aa8386a{HTTP/1.1,[http/1.1]}{0.0.0.0:42573}
INFO  [2018-04-06 20:28:33,489] org.eclipse.jetty.server.Server: Started @9143ms
127.0.0.1 - - [06/Apr/2018:20:28:35 +0000] "GET /long_running HTTP/1.1" 200 7 "-" "test-dropwizard-apache-connector (test)" 1124
127.0.0.1 - - [06/Apr/2018:20:28:36 +0000] "GET /long_running HTTP/1.1" 200 7 "-" "test-dropwizard-apache-connector (test)" 1005
127.0.0.1 - - [06/Apr/2018:20:28:38 +0000] "GET /redirect HTTP/1.1" 307 0 "-" "test-dropwizard-apache-connector (test)" 3
127.0.0.1 - - [06/Apr/2018:20:28:38 +0000] "GET /redirected HTTP/1.1" 200 10 "-" "test-dropwizard-apache-connector (test)" 4
127.0.0.1 - - [06/Apr/2018:20:28:39 +0000] "GET /long_running HTTP/1.1" 200 7 "-" "test-dropwizard-apache-connector (test)" 1004
127.0.0.1 - - [06/Apr/2018:20:28:41 +0000] "GET /long_running HTTP/1.1" 200 7 "-" "test-dropwizard-apache-connector (test)" 1005
127.0.0.1 - - [06/Apr/2018:20:28:42 +0000] "GET /long_running HTTP/1.1" 200 7 "-" "test-dropwizard-apache-connector (test)" 1005
127.0.0.1 - - [06/Apr/2018:20:28:43 +0000] "GET /long_running HTTP/1.1" 200 7 "-" "test-dropwizard-apache-connector (test)" 1004
127.0.0.1 - - [06/Apr/2018:20:28:44 +0000] "GET /long_running HTTP/1.1" 200 7 "-" "test-dropwizard-apache-connector (test)" 1004
127.0.0.1 - - [06/Apr/2018:20:28:44 +0000] "GET /redirect HTTP/1.1" 307 0 "-" "test-dropwizard-apache-connector (test)" 3
INFO  [2018-04-06 20:28:44,907] org.eclipse.jetty.server.AbstractConnector: Stopped application@75723fe1{HTTP/1.1,[http/1.1]}{0.0.0.0:0}
INFO  [2018-04-06 20:28:44,908] org.eclipse.jetty.server.AbstractConnector: Stopped admin@1aa8386a{HTTP/1.1,[http/1.1]}{0.0.0.0:0}
INFO  [2018-04-06 20:28:44,925] org.eclipse.jetty.server.handler.ContextHandler: Stopped i.d.j.MutableServletContextHandler@2b8acd9d{/,null,UNAVAILABLE}
INFO  [2018-04-06 20:28:44,930] org.eclipse.jetty.server.handler.ContextHandler: Stopped i.d.j.MutableServletContextHandler@2267a30c{/,null,UNAVAILABLE}
[WARNING] Tests run: 7, Failures: 0, Errors: 0, Skipped: 1, Time elapsed: 18.995 s - in io.dropwizard.client.DropwizardApacheConnectorTest
[INFO] Running io.dropwizard.client.proxy.NonProxyListProxyRoutePlannerTest
[INFO] Tests run: 5, Failures: 0, Errors: 0, Skipped: 0, Time elapsed: 0.164 s - in io.dropwizard.client.proxy.NonProxyListProxyRoutePlannerTest
[INFO] Running io.dropwizard.client.proxy.HttpClientConfigurationTest
[INFO] Tests run: 14, Failures: 0, Errors: 0, Skipped: 0, Time elapsed: 1.555 s - in io.dropwizard.client.proxy.HttpClientConfigurationTest
[INFO] Running io.dropwizard.client.JerseyIgnoreRequestUserAgentHeaderFilterTest
INFO  [2018-04-06 20:28:46,997] io.dropwizard.server.DefaultServerFactory: Registering jersey handler with root path prefix: /
INFO  [2018-04-06 20:28:46,997] io.dropwizard.server.DefaultServerFactory: Registering admin handler with root path prefix: /
INFO  [2018-04-06 20:28:46,999] io.dropwizard.server.ServerFactory: Starting TestApplication
INFO  [2018-04-06 20:28:47,103] org.eclipse.jetty.setuid.SetUIDListener: Opened application@76783608{HTTP/1.1,[http/1.1]}{0.0.0.0:45003}
INFO  [2018-04-06 20:28:47,103] org.eclipse.jetty.setuid.SetUIDListener: Opened admin@3272be9d{HTTP/1.1,[http/1.1]}{0.0.0.0:43341}
INFO  [2018-04-06 20:28:47,103] org.eclipse.jetty.server.Server: jetty-9.4.8.v20171121, build timestamp: 2017-11-21T21:27:37Z, git hash: 82b8fb23f757335bb3329d540ce37a2a2615f0a8
INFO  [2018-04-06 20:28:47,361] io.dropwizard.jersey.DropwizardResourceConfig: The following paths were found for the configured resources:

    GET     /user_agent (io.dropwizard.client.JerseyIgnoreRequestUserAgentHeaderFilterTest.TestResource)

INFO  [2018-04-06 20:28:47,368] org.eclipse.jetty.server.handler.ContextHandler: Started i.d.j.MutableServletContextHandler@4b843048{/,null,AVAILABLE}
INFO  [2018-04-06 20:28:47,371] io.dropwizard.setup.AdminEnvironment: tasks = 

    POST    /tasks/log-level (io.dropwizard.servlets.tasks.LogConfigurationTask)
    POST    /tasks/gc (io.dropwizard.servlets.tasks.GarbageCollectionTask)

WARN  [2018-04-06 20:28:47,373] io.dropwizard.setup.AdminEnvironment: 
!!!!!!!!!!!!!!!!!!!!!!!!!!!!!!!!!!!!!!!!!!!!!!!!!!!!!!!!!!!!!!!!!!!!!!!!!!!!!!!!
!!!!!!!!!!!!!!!!!!!!!!!!!!!!!!!!!!!!!!!!!!!!!!!!!!!!!!!!!!!!!!!!!!!!!!!!!!!!!!!!
!    THIS APPLICATION HAS NO HEALTHCHECKS. THIS MEANS YOU WILL NEVER KNOW      !
!     IF IT DIES IN PRODUCTION, WHICH MEANS YOU WILL NEVER KNOW IF YOU'RE      !
!    LETTING YOUR USERS DOWN. YOU SHOULD ADD A HEALTHCHECK FOR EACH OF YOUR    !
!         APPLICATION'S DEPENDENCIES WHICH FULLY (BUT LIGHTLY) TESTS IT.       !
!!!!!!!!!!!!!!!!!!!!!!!!!!!!!!!!!!!!!!!!!!!!!!!!!!!!!!!!!!!!!!!!!!!!!!!!!!!!!!!!
!!!!!!!!!!!!!!!!!!!!!!!!!!!!!!!!!!!!!!!!!!!!!!!!!!!!!!!!!!!!!!!!!!!!!!!!!!!!!!!!
INFO  [2018-04-06 20:28:47,380] org.eclipse.jetty.server.handler.ContextHandler: Started i.d.j.MutableServletContextHandler@7960294f{/,null,AVAILABLE}
INFO  [2018-04-06 20:28:47,390] org.eclipse.jetty.server.AbstractConnector: Started application@76783608{HTTP/1.1,[http/1.1]}{0.0.0.0:45003}
INFO  [2018-04-06 20:28:47,391] org.eclipse.jetty.server.AbstractConnector: Started admin@3272be9d{HTTP/1.1,[http/1.1]}{0.0.0.0:43341}
INFO  [2018-04-06 20:28:47,392] org.eclipse.jetty.server.Server: Started @23046ms
127.0.0.1 - - [06/Apr/2018:20:28:47 +0000] "GET /user_agent HTTP/1.1" 200 27 "-" "RequestUserAgentHeaderValue" 22
127.0.0.1 - - [06/Apr/2018:20:28:47 +0000] "GET /user_agent HTTP/1.1" 200 10 "-" "ClientName" 3
127.0.0.1 - - [06/Apr/2018:20:28:47 +0000] "GET /user_agent HTTP/1.1" 200 26 "-" "ClientUserAgentHeaderValue" 4
127.0.0.1 - - [06/Apr/2018:20:28:47 +0000] "GET /user_agent HTTP/1.1" 200 27 "-" "RequestUserAgentHeaderValue" 4
INFO  [2018-04-06 20:28:47,869] org.eclipse.jetty.server.AbstractConnector: Stopped application@76783608{HTTP/1.1,[http/1.1]}{0.0.0.0:0}
INFO  [2018-04-06 20:28:47,871] org.eclipse.jetty.server.AbstractConnector: Stopped admin@3272be9d{HTTP/1.1,[http/1.1]}{0.0.0.0:0}
INFO  [2018-04-06 20:28:47,872] org.eclipse.jetty.server.handler.ContextHandler: Stopped i.d.j.MutableServletContextHandler@7960294f{/,null,UNAVAILABLE}
INFO  [2018-04-06 20:28:47,875] org.eclipse.jetty.server.handler.ContextHandler: Stopped i.d.j.MutableServletContextHandler@4b843048{/,null,UNAVAILABLE}
[INFO] Tests run: 4, Failures: 0, Errors: 0, Skipped: 0, Time elapsed: 1.213 s - in io.dropwizard.client.JerseyIgnoreRequestUserAgentHeaderFilterTest
[INFO] Running io.dropwizard.client.JerseyClientConfigurationTest
[INFO] Tests run: 1, Failures: 0, Errors: 0, Skipped: 0, Time elapsed: 0.086 s - in io.dropwizard.client.JerseyClientConfigurationTest
[INFO] Running io.dropwizard.client.ssl.DropwizardSSLConnectionSocketFactoryTest
INFO  [2018-04-06 20:28:48,283] io.dropwizard.server.DefaultServerFactory: Registering jersey handler with root path prefix: /
INFO  [2018-04-06 20:28:48,283] io.dropwizard.server.DefaultServerFactory: Registering admin handler with root path prefix: /
INFO  [2018-04-06 20:28:48,284] io.dropwizard.server.ServerFactory: Starting TlsTestApplication
INFO  [2018-04-06 20:28:48,468] org.eclipse.jetty.setuid.SetUIDListener: Opened application@602b9b05{SSL,[ssl, http/1.1]}{0.0.0.0:34271}
INFO  [2018-04-06 20:28:48,469] org.eclipse.jetty.setuid.SetUIDListener: Opened application@6a601152{SSL,[ssl, http/1.1]}{0.0.0.0:39837}
INFO  [2018-04-06 20:28:48,469] org.eclipse.jetty.setuid.SetUIDListener: Opened application@12327903{SSL,[ssl, http/1.1]}{0.0.0.0:38487}
INFO  [2018-04-06 20:28:48,469] org.eclipse.jetty.setuid.SetUIDListener: Opened application@b44a7bb{SSL,[ssl, http/1.1]}{0.0.0.0:35077}
INFO  [2018-04-06 20:28:48,469] org.eclipse.jetty.setuid.SetUIDListener: Opened application@370bf665{SSL,[ssl, http/1.1]}{0.0.0.0:40569}
INFO  [2018-04-06 20:28:48,472] org.eclipse.jetty.setuid.SetUIDListener: Opened admin@5d8b9b57{HTTP/1.1,[http/1.1]}{0.0.0.0:45049}
INFO  [2018-04-06 20:28:48,473] org.eclipse.jetty.server.Server: jetty-9.4.8.v20171121, build timestamp: 2017-11-21T21:27:37Z, git hash: 82b8fb23f757335bb3329d540ce37a2a2615f0a8
INFO  [2018-04-06 20:28:48,566] org.eclipse.jetty.util.ssl.SslContextFactory: x509=X509@7b07d8d0(1,h=[],w=[]) for SslContextFactory@1e1c7461[provider=null,keyStore=file:///home/travis/build/dropwizard/dropwizard/dropwizard-client/target/test-classes/stores/server/keycert.p12,trustStore=null]
INFO  [2018-04-06 20:28:48,620] io.dropwizard.jetty.HttpsConnectorFactory: Supported protocols: [SSLv2Hello, SSLv3, TLSv1, TLSv1.1, TLSv1.2]
INFO  [2018-04-06 20:28:48,623] io.dropwizard.jetty.HttpsConnectorFactory: Supported cipher suites: [TLS_ECDHE_ECDSA_WITH_AES_256_GCM_SHA384, TLS_ECDHE_ECDSA_WITH_AES_128_GCM_SHA256, TLS_ECDHE_RSA_WITH_AES_256_GCM_SHA384, TLS_RSA_WITH_AES_256_GCM_SHA384, TLS_ECDH_ECDSA_WITH_AES_256_GCM_SHA384, TLS_ECDH_RSA_WITH_AES_256_GCM_SHA384, TLS_DHE_RSA_WITH_AES_256_GCM_SHA384, TLS_DHE_DSS_WITH_AES_256_GCM_SHA384, TLS_ECDHE_RSA_WITH_AES_128_GCM_SHA256, TLS_RSA_WITH_AES_128_GCM_SHA256, TLS_ECDH_ECDSA_WITH_AES_128_GCM_SHA256, TLS_ECDH_RSA_WITH_AES_128_GCM_SHA256, TLS_DHE_RSA_WITH_AES_128_GCM_SHA256, TLS_DHE_DSS_WITH_AES_128_GCM_SHA256, TLS_ECDHE_ECDSA_WITH_AES_256_CBC_SHA384, TLS_ECDHE_RSA_WITH_AES_256_CBC_SHA384, TLS_RSA_WITH_AES_256_CBC_SHA256, TLS_ECDH_ECDSA_WITH_AES_256_CBC_SHA384, TLS_ECDH_RSA_WITH_AES_256_CBC_SHA384, TLS_DHE_RSA_WITH_AES_256_CBC_SHA256, TLS_DHE_DSS_WITH_AES_256_CBC_SHA256, TLS_ECDHE_ECDSA_WITH_AES_256_CBC_SHA, TLS_ECDHE_RSA_WITH_AES_256_CBC_SHA, TLS_RSA_WITH_AES_256_CBC_SHA, TLS_ECDH_ECDSA_WITH_AES_256_CBC_SHA, TLS_ECDH_RSA_WITH_AES_256_CBC_SHA, TLS_DHE_RSA_WITH_AES_256_CBC_SHA, TLS_DHE_DSS_WITH_AES_256_CBC_SHA, TLS_ECDHE_ECDSA_WITH_AES_128_CBC_SHA256, TLS_ECDHE_RSA_WITH_AES_128_CBC_SHA256, TLS_RSA_WITH_AES_128_CBC_SHA256, TLS_ECDH_ECDSA_WITH_AES_128_CBC_SHA256, TLS_ECDH_RSA_WITH_AES_128_CBC_SHA256, TLS_DHE_RSA_WITH_AES_128_CBC_SHA256, TLS_DHE_DSS_WITH_AES_128_CBC_SHA256, TLS_ECDHE_ECDSA_WITH_AES_128_CBC_SHA, TLS_ECDHE_RSA_WITH_AES_128_CBC_SHA, TLS_RSA_WITH_AES_128_CBC_SHA, TLS_ECDH_ECDSA_WITH_AES_128_CBC_SHA, TLS_ECDH_RSA_WITH_AES_128_CBC_SHA, TLS_DHE_RSA_WITH_AES_128_CBC_SHA, TLS_DHE_DSS_WITH_AES_128_CBC_SHA, TLS_ECDHE_ECDSA_WITH_3DES_EDE_CBC_SHA, TLS_ECDHE_RSA_WITH_3DES_EDE_CBC_SHA, SSL_RSA_WITH_3DES_EDE_CBC_SHA, TLS_ECDH_ECDSA_WITH_3DES_EDE_CBC_SHA, TLS_ECDH_RSA_WITH_3DES_EDE_CBC_SHA, SSL_DHE_RSA_WITH_3DES_EDE_CBC_SHA, SSL_DHE_DSS_WITH_3DES_EDE_CBC_SHA, TLS_EMPTY_RENEGOTIATION_INFO_SCSV, TLS_DH_anon_WITH_AES_256_GCM_SHA384, TLS_DH_anon_WITH_AES_128_GCM_SHA256, TLS_DH_anon_WITH_AES_256_CBC_SHA256, TLS_ECDH_anon_WITH_AES_256_CBC_SHA, TLS_DH_anon_WITH_AES_256_CBC_SHA, TLS_DH_anon_WITH_AES_128_CBC_SHA256, TLS_ECDH_anon_WITH_AES_128_CBC_SHA, TLS_DH_anon_WITH_AES_128_CBC_SHA, TLS_ECDH_anon_WITH_3DES_EDE_CBC_SHA, SSL_DH_anon_WITH_3DES_EDE_CBC_SHA, SSL_RSA_WITH_DES_CBC_SHA, SSL_DHE_RSA_WITH_DES_CBC_SHA, SSL_DHE_DSS_WITH_DES_CBC_SHA, SSL_DH_anon_WITH_DES_CBC_SHA, TLS_RSA_WITH_NULL_SHA256, TLS_ECDHE_ECDSA_WITH_NULL_SHA, TLS_ECDHE_RSA_WITH_NULL_SHA, SSL_RSA_WITH_NULL_SHA, TLS_ECDH_ECDSA_WITH_NULL_SHA, TLS_ECDH_RSA_WITH_NULL_SHA, TLS_ECDH_anon_WITH_NULL_SHA, SSL_RSA_WITH_NULL_MD5, TLS_KRB5_WITH_3DES_EDE_CBC_SHA, TLS_KRB5_WITH_3DES_EDE_CBC_MD5, TLS_KRB5_WITH_DES_CBC_SHA, TLS_KRB5_WITH_DES_CBC_MD5]
INFO  [2018-04-06 20:28:48,637] io.dropwizard.jetty.HttpsConnectorFactory: Configured protocols: [TLSv1.2]
INFO  [2018-04-06 20:28:48,668] org.eclipse.jetty.util.ssl.SslContextFactory: x509=X509@c7f7344(1,h=[],w=[]) for SslContextFactory@437b3549[provider=null,keyStore=file:///home/travis/build/dropwizard/dropwizard/dropwizard-client/target/test-classes/stores/server/self_sign_keycert.p12,trustStore=null]
INFO  [2018-04-06 20:28:48,706] org.eclipse.jetty.util.ssl.SslContextFactory: x509=X509@3f0e13dc(1,h=[],w=[]) for SslContextFactory@2545a809[provider=null,keyStore=file:///home/travis/build/dropwizard/dropwizard/dropwizard-client/target/test-classes/stores/server/keycert.p12,trustStore=file:///home/travis/build/dropwizard/dropwizard/dropwizard-client/target/test-classes/stores/server/ca_truststore.ts]
INFO  [2018-04-06 20:28:48,767] org.eclipse.jetty.util.ssl.SslContextFactory: x509=X509@4cd56eef(1,h=[],w=[]) for SslContextFactory@38a145a[provider=null,keyStore=file:///home/travis/build/dropwizard/dropwizard/dropwizard-client/target/test-classes/stores/server/bad_host_keycert.p12,trustStore=null]
INFO  [2018-04-06 20:28:48,823] org.eclipse.jetty.util.ssl.SslContextFactory: x509=X509@1a9142a6(1,h=[],w=[]) for SslContextFactory@49eaad6a[provider=null,keyStore=file:///home/travis/build/dropwizard/dropwizard/dropwizard-client/target/test-classes/stores/server/keycert.p12,trustStore=null]
INFO  [2018-04-06 20:28:48,838] org.eclipse.jetty.util.ssl.SslContextFactory: Protocol SSLv1 not supported in [SSLv2Hello, SSLv3, TLSv1, TLSv1.1, TLSv1.2]
INFO  [2018-04-06 20:28:48,839] org.eclipse.jetty.util.ssl.SslContextFactory: Protocol SSLv2 not supported in [SSLv2Hello, SSLv3, TLSv1, TLSv1.1, TLSv1.2]
WARN  [2018-04-06 20:28:48,842] org.eclipse.jetty.util.ssl.SslContextFactory: No selected protocols from [SSLv2Hello, SSLv3, TLSv1, TLSv1.1, TLSv1.2]
INFO  [2018-04-06 20:28:49,072] io.dropwizard.jersey.DropwizardResourceConfig: The following paths were found for the configured resources:

    GET     / (io.dropwizard.client.ssl.DropwizardSSLConnectionSocketFactoryTest.TestResource)

INFO  [2018-04-06 20:28:49,076] org.eclipse.jetty.server.handler.ContextHandler: Started i.d.j.MutableServletContextHandler@7ecc74a0{/,null,AVAILABLE}
INFO  [2018-04-06 20:28:49,079] io.dropwizard.setup.AdminEnvironment: tasks = 

    POST    /tasks/log-level (io.dropwizard.servlets.tasks.LogConfigurationTask)
    POST    /tasks/gc (io.dropwizard.servlets.tasks.GarbageCollectionTask)

WARN  [2018-04-06 20:28:49,081] io.dropwizard.setup.AdminEnvironment: 
!!!!!!!!!!!!!!!!!!!!!!!!!!!!!!!!!!!!!!!!!!!!!!!!!!!!!!!!!!!!!!!!!!!!!!!!!!!!!!!!
!!!!!!!!!!!!!!!!!!!!!!!!!!!!!!!!!!!!!!!!!!!!!!!!!!!!!!!!!!!!!!!!!!!!!!!!!!!!!!!!
!    THIS APPLICATION HAS NO HEALTHCHECKS. THIS MEANS YOU WILL NEVER KNOW      !
!     IF IT DIES IN PRODUCTION, WHICH MEANS YOU WILL NEVER KNOW IF YOU'RE      !
!    LETTING YOUR USERS DOWN. YOU SHOULD ADD A HEALTHCHECK FOR EACH OF YOUR    !
!         APPLICATION'S DEPENDENCIES WHICH FULLY (BUT LIGHTLY) TESTS IT.       !
!!!!!!!!!!!!!!!!!!!!!!!!!!!!!!!!!!!!!!!!!!!!!!!!!!!!!!!!!!!!!!!!!!!!!!!!!!!!!!!!
!!!!!!!!!!!!!!!!!!!!!!!!!!!!!!!!!!!!!!!!!!!!!!!!!!!!!!!!!!!!!!!!!!!!!!!!!!!!!!!!
INFO  [2018-04-06 20:28:49,087] org.eclipse.jetty.server.handler.ContextHandler: Started i.d.j.MutableServletContextHandler@7d140556{/,null,AVAILABLE}
INFO  [2018-04-06 20:28:49,094] org.eclipse.jetty.server.AbstractConnector: Started application@602b9b05{SSL,[ssl, http/1.1]}{0.0.0.0:34271}
INFO  [2018-04-06 20:28:49,096] org.eclipse.jetty.server.AbstractConnector: Started application@6a601152{SSL,[ssl, http/1.1]}{0.0.0.0:39837}
INFO  [2018-04-06 20:28:49,100] org.eclipse.jetty.server.AbstractConnector: Started application@12327903{SSL,[ssl, http/1.1]}{0.0.0.0:38487}
INFO  [2018-04-06 20:28:49,102] org.eclipse.jetty.server.AbstractConnector: Started application@b44a7bb{SSL,[ssl, http/1.1]}{0.0.0.0:35077}
INFO  [2018-04-06 20:28:49,108] org.eclipse.jetty.server.AbstractConnector: Started application@370bf665{SSL,[ssl, http/1.1]}{0.0.0.0:40569}
INFO  [2018-04-06 20:28:49,113] org.eclipse.jetty.server.AbstractConnector: Started admin@5d8b9b57{HTTP/1.1,[http/1.1]}{0.0.0.0:45049}
INFO  [2018-04-06 20:28:49,115] org.eclipse.jetty.server.Server: Started @24769ms
127.0.0.1 - - [06/Apr/2018:20:28:49 +0000] "GET / HTTP/1.1" 200 0 "-" "TlsTestApplication (bad_host_noop_verifier_working)" 40
127.0.0.1 - - [06/Apr/2018:20:28:50 +0000] "GET / HTTP/1.1" 200 0 "-" "TlsTestApplication (self_sign_permitted)" 19
127.0.0.1 - - [06/Apr/2018:20:28:50 +0000] "GET / HTTP/1.1" 200 0 "-" "TlsTestApplication (tls_working_client)" 28
127.0.0.1 - - [06/Apr/2018:20:28:50 +0000] "GET / HTTP/1.1" 200 0 "-" "TlsTestApplication (bad_host_fail_verifier_working)" 3
127.0.0.1 - - [06/Apr/2018:20:28:50 +0000] "GET / HTTP/1.1" 200 0 "-" "TlsTestApplication (client_auth_using_cert_alias_working)" 3
127.0.0.1 - - [06/Apr/2018:20:28:51 +0000] "GET / HTTP/1.1" 200 0 "-" "TlsTestApplication (bad_host_working)" 4
127.0.0.1 - - [06/Apr/2018:20:28:51 +0000] "GET / HTTP/1.1" 200 0 "-" "TlsTestApplication (client_auth_working)" 3
INFO  [2018-04-06 20:28:51,240] org.eclipse.jetty.server.AbstractConnector: Stopped application@602b9b05{SSL,[ssl, http/1.1]}{0.0.0.0:0}
INFO  [2018-04-06 20:28:51,241] org.eclipse.jetty.server.AbstractConnector: Stopped application@6a601152{SSL,[ssl, http/1.1]}{0.0.0.0:0}
INFO  [2018-04-06 20:28:51,243] org.eclipse.jetty.server.AbstractConnector: Stopped application@12327903{SSL,[ssl, http/1.1]}{0.0.0.0:0}
INFO  [2018-04-06 20:28:51,245] org.eclipse.jetty.server.AbstractConnector: Stopped application@b44a7bb{SSL,[ssl, http/1.1]}{0.0.0.0:0}
INFO  [2018-04-06 20:28:51,247] org.eclipse.jetty.server.AbstractConnector: Stopped application@370bf665{SSL,[ssl, http/1.1]}{0.0.0.0:0}
INFO  [2018-04-06 20:28:51,248] org.eclipse.jetty.server.AbstractConnector: Stopped admin@5d8b9b57{HTTP/1.1,[http/1.1]}{0.0.0.0:0}
INFO  [2018-04-06 20:28:51,249] org.eclipse.jetty.server.handler.ContextHandler: Stopped i.d.j.MutableServletContextHandler@7d140556{/,null,UNAVAILABLE}
INFO  [2018-04-06 20:28:51,258] org.eclipse.jetty.server.handler.ContextHandler: Stopped i.d.j.MutableServletContextHandler@7ecc74a0{/,null,UNAVAILABLE}
[INFO] Tests run: 16, Failures: 0, Errors: 0, Skipped: 0, Time elapsed: 3.29 s - in io.dropwizard.client.ssl.DropwizardSSLConnectionSocketFactoryTest
[INFO] Running io.dropwizard.client.JerseyClientBuilderTest
[INFO] Tests run: 22, Failures: 0, Errors: 0, Skipped: 0, Time elapsed: 2.844 s - in io.dropwizard.client.JerseyClientBuilderTest
[INFO] Running io.dropwizard.client.JerseyClientIntegrationTest
[INFO] Tests run: 9, Failures: 0, Errors: 0, Skipped: 0, Time elapsed: 2.012 s - in io.dropwizard.client.JerseyClientIntegrationTest
[INFO] Running io.dropwizard.client.HttpClientBuilderTest
[INFO] Tests run: 45, Failures: 0, Errors: 0, Skipped: 0, Time elapsed: 0.396 s - in io.dropwizard.client.HttpClientBuilderTest
[INFO] Running io.dropwizard.client.ConfiguredCloseableHttpClientTest
[INFO] Tests run: 2, Failures: 0, Errors: 0, Skipped: 0, Time elapsed: 0.069 s - in io.dropwizard.client.ConfiguredCloseableHttpClientTest
[INFO] 
[INFO] Results:
[INFO] 
[WARNING] Tests run: 125, Failures: 0, Errors: 0, Skipped: 1
[INFO] 
[INFO] 
[INFO] --------------------< io.dropwizard:dropwizard-db >---------------------
[INFO] Building Dropwizard Database Support 1.4.0-SNAPSHOT              [18/36]
[INFO] --------------------------------[ jar ]---------------------------------
[INFO] 
[INFO] --- maven-enforcer-plugin:1.4.1:enforce (enforce) @ dropwizard-db ---
[INFO] 
[INFO] --- maven-checkstyle-plugin:3.0.0:check (checkstyle) @ dropwizard-db ---
[INFO] 
[INFO] --- jacoco-maven-plugin:0.8.1:prepare-agent (prepare-agent) @ dropwizard-db ---
[INFO] argLine set to -javaagent:/home/travis/.m2/repository/org/jacoco/org.jacoco.agent/0.8.1/org.jacoco.agent-0.8.1-runtime.jar=destfile=/home/travis/build/dropwizard/dropwizard/dropwizard-db/target/jacoco.exec,excludes=io/dropwizard/benchmarks/**/*.class:org/openjdk/jmh/**/*.class -Duser.language=en -Duser.region=US --add-modules java.xml.bind
[INFO] 
[INFO] --- maven-resources-plugin:3.0.2:resources (default-resources) @ dropwizard-db ---
[INFO] Using 'UTF-8' encoding to copy filtered resources.
[INFO] skip non existing resourceDirectory /home/travis/build/dropwizard/dropwizard/dropwizard-db/src/main/resources
[INFO] 
[INFO] --- maven-compiler-plugin:3.7.0:compile (default-compile) @ dropwizard-db ---
[INFO] Changes detected - recompiling the module!
[INFO] Compiling 6 source files to /home/travis/build/dropwizard/dropwizard/dropwizard-db/target/classes
[INFO] 
[INFO] --- maven-resources-plugin:3.0.2:testResources (default-testResources) @ dropwizard-db ---
[INFO] Using 'UTF-8' encoding to copy filtered resources.
[INFO] Copying 5 resources
[INFO] 
[INFO] --- maven-compiler-plugin:3.7.0:testCompile (default-testCompile) @ dropwizard-db ---
[INFO] Changes detected - recompiling the module!
[INFO] Compiling 5 source files to /home/travis/build/dropwizard/dropwizard/dropwizard-db/target/test-classes
[INFO] 
[INFO] --- maven-surefire-plugin:2.21.0:test (default-test) @ dropwizard-db ---
[INFO] 
[INFO] -------------------------------------------------------
[INFO]  T E S T S
[INFO] -------------------------------------------------------
[INFO] Running io.dropwizard.db.DataSourceConfigurationTest
[INFO] Tests run: 4, Failures: 0, Errors: 0, Skipped: 0, Time elapsed: 4.781 s - in io.dropwizard.db.DataSourceConfigurationTest
[INFO] Running io.dropwizard.db.DataSourceFactoryTest
Apr 06, 2018 8:29:04 PM org.apache.tomcat.jdbc.pool.ConnectionPool init
SEVERE: Unable to create initial connections of pool.
java.sql.SQLException: Unable to load class: org.example.no.driver.here from ClassLoader:jdk.internal.loader.ClassLoaders$AppClassLoader@5a2e4553;ClassLoader:jdk.internal.loader.ClassLoaders$AppClassLoader@5a2e4553
	at org.apache.tomcat.jdbc.pool.PooledConnection.connectUsingDriver(PooledConnection.java:292)
	at org.apache.tomcat.jdbc.pool.PooledConnection.connect(PooledConnection.java:212)
	at org.apache.tomcat.jdbc.pool.ConnectionPool.createConnection(ConnectionPool.java:739)
	at org.apache.tomcat.jdbc.pool.ConnectionPool.borrowConnection(ConnectionPool.java:671)
	at org.apache.tomcat.jdbc.pool.ConnectionPool.init(ConnectionPool.java:483)
	at org.apache.tomcat.jdbc.pool.ConnectionPool.<init>(ConnectionPool.java:154)
	at org.apache.tomcat.jdbc.pool.DataSourceProxy.pCreatePool(DataSourceProxy.java:118)
	at org.apache.tomcat.jdbc.pool.DataSourceProxy.createPool(DataSourceProxy.java:107)
	at org.apache.tomcat.jdbc.pool.DataSourceProxy.getConnection(DataSourceProxy.java:131)
	at io.dropwizard.db.DataSourceFactoryTest.lambda$invalidJDBCDriverClassThrowsSQLException$0(DataSourceFactoryTest.java:101)
	at org.assertj.core.api.ThrowableAssert.catchThrowable(ThrowableAssert.java:62)
	at org.assertj.core.api.ThrowableTypeAssert.isThrownBy(ThrowableTypeAssert.java:60)
	at io.dropwizard.db.DataSourceFactoryTest.invalidJDBCDriverClassThrowsSQLException(DataSourceFactoryTest.java:100)
	at java.base/jdk.internal.reflect.NativeMethodAccessorImpl.invoke0(Native Method)
	at java.base/jdk.internal.reflect.NativeMethodAccessorImpl.invoke(NativeMethodAccessorImpl.java:62)
	at java.base/jdk.internal.reflect.DelegatingMethodAccessorImpl.invoke(DelegatingMethodAccessorImpl.java:43)
	at java.base/java.lang.reflect.Method.invoke(Method.java:564)
	at org.junit.runners.model.FrameworkMethod$1.runReflectiveCall(FrameworkMethod.java:50)
	at org.junit.internal.runners.model.ReflectiveCallable.run(ReflectiveCallable.java:12)
	at org.junit.runners.model.FrameworkMethod.invokeExplosively(FrameworkMethod.java:47)
	at org.junit.internal.runners.statements.InvokeMethod.evaluate(InvokeMethod.java:17)
	at org.junit.internal.runners.statements.RunBefores.evaluate(RunBefores.java:26)
	at org.junit.internal.runners.statements.RunAfters.evaluate(RunAfters.java:27)
	at org.junit.runners.ParentRunner.runLeaf(ParentRunner.java:325)
	at org.junit.runners.BlockJUnit4ClassRunner.runChild(BlockJUnit4ClassRunner.java:78)
	at org.junit.runners.BlockJUnit4ClassRunner.runChild(BlockJUnit4ClassRunner.java:57)
	at org.junit.runners.ParentRunner$3.run(ParentRunner.java:290)
	at org.junit.runners.ParentRunner$1.schedule(ParentRunner.java:71)
	at org.junit.runners.ParentRunner.runChildren(ParentRunner.java:288)
	at org.junit.runners.ParentRunner.access$000(ParentRunner.java:58)
	at org.junit.runners.ParentRunner$2.evaluate(ParentRunner.java:268)
	at org.junit.runners.ParentRunner.run(ParentRunner.java:363)
	at org.apache.maven.surefire.junit4.JUnit4Provider.execute(JUnit4Provider.java:365)
	at org.apache.maven.surefire.junit4.JUnit4Provider.executeWithRerun(JUnit4Provider.java:273)
	at org.apache.maven.surefire.junit4.JUnit4Provider.executeTestSet(JUnit4Provider.java:238)
	at org.apache.maven.surefire.junit4.JUnit4Provider.invoke(JUnit4Provider.java:159)
	at org.apache.maven.surefire.booter.ForkedBooter.invokeProviderInSameClassLoader(ForkedBooter.java:379)
	at org.apache.maven.surefire.booter.ForkedBooter.runSuitesInProcess(ForkedBooter.java:340)
	at org.apache.maven.surefire.booter.ForkedBooter.execute(ForkedBooter.java:125)
	at org.apache.maven.surefire.booter.ForkedBooter.main(ForkedBooter.java:413)
Caused by: java.lang.ClassNotFoundException: Unable to load class: org.example.no.driver.here from ClassLoader:jdk.internal.loader.ClassLoaders$AppClassLoader@5a2e4553;ClassLoader:jdk.internal.loader.ClassLoaders$AppClassLoader@5a2e4553
	at org.apache.tomcat.jdbc.pool.ClassLoaderUtil.loadClass(ClassLoaderUtil.java:56)
	at org.apache.tomcat.jdbc.pool.PooledConnection.connectUsingDriver(PooledConnection.java:281)
	... 39 more
Caused by: java.lang.ClassNotFoundException: org.example.no.driver.here
	at java.base/jdk.internal.loader.BuiltinClassLoader.loadClass(BuiltinClassLoader.java:582)
	at java.base/jdk.internal.loader.ClassLoaders$AppClassLoader.loadClass(ClassLoaders.java:190)
	at java.base/java.lang.ClassLoader.loadClass(ClassLoader.java:499)
	at java.base/java.lang.Class.forName0(Native Method)
	at java.base/java.lang.Class.forName(Class.java:374)
	at org.apache.tomcat.jdbc.pool.ClassLoaderUtil.loadClass(ClassLoaderUtil.java:38)
	... 40 more

[INFO] Tests run: 8, Failures: 0, Errors: 0, Skipped: 0, Time elapsed: 1.388 s - in io.dropwizard.db.DataSourceFactoryTest
[INFO] Running io.dropwizard.db.ManagedPooledDataSourceTest
[INFO] Tests run: 1, Failures: 0, Errors: 0, Skipped: 0, Time elapsed: 0.003 s - in io.dropwizard.db.ManagedPooledDataSourceTest
[INFO] Running io.dropwizard.db.TimeBoundHealthCheckTest
[INFO] Tests run: 1, Failures: 0, Errors: 0, Skipped: 0, Time elapsed: 1.897 s - in io.dropwizard.db.TimeBoundHealthCheckTest
[INFO] 
[INFO] Results:
[INFO] 
[INFO] Tests run: 14, Failures: 0, Errors: 0, Skipped: 0
[INFO] 
[INFO] 
[INFO] -------------------< io.dropwizard:dropwizard-jdbi >--------------------
[INFO] Building Dropwizard JDBI Support 1.4.0-SNAPSHOT                  [19/36]
[INFO] --------------------------------[ jar ]---------------------------------
[INFO] 
[INFO] --- maven-enforcer-plugin:1.4.1:enforce (enforce) @ dropwizard-jdbi ---
[INFO] 
[INFO] --- maven-checkstyle-plugin:3.0.0:check (checkstyle) @ dropwizard-jdbi ---
[INFO] 
[INFO] --- jacoco-maven-plugin:0.8.1:prepare-agent (prepare-agent) @ dropwizard-jdbi ---
[INFO] argLine set to -javaagent:/home/travis/.m2/repository/org/jacoco/org.jacoco.agent/0.8.1/org.jacoco.agent-0.8.1-runtime.jar=destfile=/home/travis/build/dropwizard/dropwizard/dropwizard-jdbi/target/jacoco.exec,excludes=io/dropwizard/benchmarks/**/*.class:org/openjdk/jmh/**/*.class -Duser.language=en -Duser.region=US --add-modules java.xml.bind
[INFO] 
[INFO] --- maven-resources-plugin:3.0.2:resources (default-resources) @ dropwizard-jdbi ---
[INFO] Using 'UTF-8' encoding to copy filtered resources.
[INFO] skip non existing resourceDirectory /home/travis/build/dropwizard/dropwizard/dropwizard-jdbi/src/main/resources
[INFO] 
[INFO] --- maven-compiler-plugin:3.7.0:compile (default-compile) @ dropwizard-jdbi ---
[INFO] Changes detected - recompiling the module!
[INFO] Compiling 49 source files to /home/travis/build/dropwizard/dropwizard/dropwizard-jdbi/target/classes
[INFO] 
[INFO] --- maven-resources-plugin:3.0.2:testResources (default-testResources) @ dropwizard-jdbi ---
[INFO] Using 'UTF-8' encoding to copy filtered resources.
[INFO] Copying 1 resource
[INFO] 
[INFO] --- maven-compiler-plugin:3.7.0:testCompile (default-testCompile) @ dropwizard-jdbi ---
[INFO] Changes detected - recompiling the module!
[INFO] Compiling 39 source files to /home/travis/build/dropwizard/dropwizard/dropwizard-jdbi/target/test-classes
[INFO] 
[INFO] --- maven-surefire-plugin:2.21.0:test (default-test) @ dropwizard-jdbi ---
[INFO] 
[INFO] -------------------------------------------------------
[INFO]  T E S T S
[INFO] -------------------------------------------------------
[INFO] Running io.dropwizard.jdbi.timestamps.GuavaOptionalLocalDateTimeTest
[INFO] Tests run: 2, Failures: 0, Errors: 0, Skipped: 0, Time elapsed: 5.453 s - in io.dropwizard.jdbi.timestamps.GuavaOptionalLocalDateTimeTest
[INFO] Running io.dropwizard.jdbi.timestamps.OptionalZonedDateTimeTest
[INFO] Tests run: 2, Failures: 0, Errors: 0, Skipped: 0, Time elapsed: 0.145 s - in io.dropwizard.jdbi.timestamps.OptionalZonedDateTimeTest
[INFO] Running io.dropwizard.jdbi.timestamps.GuavaOptionalZonedDateTimeTest
[INFO] Tests run: 2, Failures: 0, Errors: 0, Skipped: 0, Time elapsed: 0.115 s - in io.dropwizard.jdbi.timestamps.GuavaOptionalZonedDateTimeTest
[INFO] Running io.dropwizard.jdbi.timestamps.OptionalLocalDateTimeTest
[INFO] Tests run: 2, Failures: 0, Errors: 0, Skipped: 0, Time elapsed: 0.13 s - in io.dropwizard.jdbi.timestamps.OptionalLocalDateTimeTest
[INFO] Running io.dropwizard.jdbi.timestamps.JodaDateTimeSqlTimestampTest
[INFO] Tests run: 2, Failures: 0, Errors: 0, Skipped: 0, Time elapsed: 2.74 s - in io.dropwizard.jdbi.timestamps.JodaDateTimeSqlTimestampTest
[INFO] Running io.dropwizard.jdbi.timestamps.GuavaOptionalOffsetDateTimeTest
[INFO] Tests run: 2, Failures: 0, Errors: 0, Skipped: 0, Time elapsed: 0.098 s - in io.dropwizard.jdbi.timestamps.GuavaOptionalOffsetDateTimeTest
[INFO] Running io.dropwizard.jdbi.timestamps.GuavaOptionalLocalDateTest
[INFO] Tests run: 2, Failures: 0, Errors: 0, Skipped: 0, Time elapsed: 0.099 s - in io.dropwizard.jdbi.timestamps.GuavaOptionalLocalDateTest
[INFO] Running io.dropwizard.jdbi.timestamps.OptionalLocalDateTest
[INFO] Tests run: 2, Failures: 0, Errors: 0, Skipped: 0, Time elapsed: 0.044 s - in io.dropwizard.jdbi.timestamps.OptionalLocalDateTest
[INFO] Running io.dropwizard.jdbi.timestamps.OptionalInstantTest
[INFO] Tests run: 2, Failures: 0, Errors: 0, Skipped: 0, Time elapsed: 0.11 s - in io.dropwizard.jdbi.timestamps.OptionalInstantTest
[INFO] Running io.dropwizard.jdbi.timestamps.GuavaOptionalInstantTest
[INFO] Tests run: 2, Failures: 0, Errors: 0, Skipped: 0, Time elapsed: 0.102 s - in io.dropwizard.jdbi.timestamps.GuavaOptionalInstantTest
[INFO] Running io.dropwizard.jdbi.timestamps.OptionalDateTimeTest
[INFO] Tests run: 2, Failures: 0, Errors: 0, Skipped: 0, Time elapsed: 0.124 s - in io.dropwizard.jdbi.timestamps.OptionalDateTimeTest
[INFO] Running io.dropwizard.jdbi.timestamps.OptionalOffsetDateTimeTest
[INFO] Tests run: 2, Failures: 0, Errors: 0, Skipped: 0, Time elapsed: 0.102 s - in io.dropwizard.jdbi.timestamps.OptionalOffsetDateTimeTest
[INFO] Running io.dropwizard.jdbi.timestamps.GuavaOptionalDateTimeTest
[INFO] Tests run: 2, Failures: 0, Errors: 0, Skipped: 0, Time elapsed: 0.056 s - in io.dropwizard.jdbi.timestamps.GuavaOptionalDateTimeTest
[INFO] Running io.dropwizard.jdbi.jersey.LoggingSQLExceptionMapperTest
[INFO] Tests run: 1, Failures: 0, Errors: 0, Skipped: 0, Time elapsed: 0.416 s - in io.dropwizard.jdbi.jersey.LoggingSQLExceptionMapperTest
[INFO] Running io.dropwizard.jdbi.jersey.LoggingDBIExceptionMapperTest
[INFO] Tests run: 2, Failures: 0, Errors: 0, Skipped: 0, Time elapsed: 0.072 s - in io.dropwizard.jdbi.jersey.LoggingDBIExceptionMapperTest
[INFO] Running io.dropwizard.jdbi.args.OptionalDoubleTest
[INFO] Tests run: 2, Failures: 0, Errors: 0, Skipped: 0, Time elapsed: 0.067 s - in io.dropwizard.jdbi.args.OptionalDoubleTest
[INFO] Running io.dropwizard.jdbi.args.ZonedDateTimeMapperTest
[INFO] Tests run: 4, Failures: 0, Errors: 0, Skipped: 0, Time elapsed: 0.874 s - in io.dropwizard.jdbi.args.ZonedDateTimeMapperTest
[INFO] Running io.dropwizard.jdbi.args.LocalDateMapperTest
[INFO] Tests run: 4, Failures: 0, Errors: 0, Skipped: 0, Time elapsed: 0.013 s - in io.dropwizard.jdbi.args.LocalDateMapperTest
[INFO] Running io.dropwizard.jdbi.args.JodaDateTimeArgumentTest
[INFO] Tests run: 2, Failures: 0, Errors: 0, Skipped: 0, Time elapsed: 0.35 s - in io.dropwizard.jdbi.args.JodaDateTimeArgumentTest
[INFO] Running io.dropwizard.jdbi.args.InstantMapperTest
[INFO] Tests run: 4, Failures: 0, Errors: 0, Skipped: 0, Time elapsed: 0.01 s - in io.dropwizard.jdbi.args.InstantMapperTest
[INFO] Running io.dropwizard.jdbi.args.JodaDateTimeMapperTest
[INFO] Tests run: 4, Failures: 0, Errors: 0, Skipped: 0, Time elapsed: 0.007 s - in io.dropwizard.jdbi.args.JodaDateTimeMapperTest
[INFO] Running io.dropwizard.jdbi.args.OptionalIntTest
[INFO] Tests run: 2, Failures: 0, Errors: 0, Skipped: 0, Time elapsed: 0.073 s - in io.dropwizard.jdbi.args.OptionalIntTest
[INFO] Running io.dropwizard.jdbi.args.LocalDateArgumentTest
[INFO] Tests run: 2, Failures: 0, Errors: 0, Skipped: 0, Time elapsed: 0.002 s - in io.dropwizard.jdbi.args.LocalDateArgumentTest
[INFO] Running io.dropwizard.jdbi.args.OffsetDateTimeMapperTest
[INFO] Tests run: 4, Failures: 0, Errors: 0, Skipped: 0, Time elapsed: 0.005 s - in io.dropwizard.jdbi.args.OffsetDateTimeMapperTest
[INFO] Running io.dropwizard.jdbi.args.OptionalLongTest
[INFO] Tests run: 2, Failures: 0, Errors: 0, Skipped: 0, Time elapsed: 0.079 s - in io.dropwizard.jdbi.args.OptionalLongTest
[INFO] Running io.dropwizard.jdbi.args.ZonedDateTimeArgumentTest
[INFO] Tests run: 2, Failures: 0, Errors: 0, Skipped: 0, Time elapsed: 0.003 s - in io.dropwizard.jdbi.args.ZonedDateTimeArgumentTest
[INFO] Running io.dropwizard.jdbi.args.InstantArgumentTest
[INFO] Tests run: 3, Failures: 0, Errors: 0, Skipped: 0, Time elapsed: 0.008 s - in io.dropwizard.jdbi.args.InstantArgumentTest
[INFO] Running io.dropwizard.jdbi.args.LocalDateTimeArgumentTest
[INFO] Tests run: 2, Failures: 0, Errors: 0, Skipped: 0, Time elapsed: 0.003 s - in io.dropwizard.jdbi.args.LocalDateTimeArgumentTest
[INFO] Running io.dropwizard.jdbi.args.LocalDateTimeMapperTest
[INFO] Tests run: 4, Failures: 0, Errors: 0, Skipped: 0, Time elapsed: 0.01 s - in io.dropwizard.jdbi.args.LocalDateTimeMapperTest
[INFO] Running io.dropwizard.jdbi.args.OffsetDateTimeArgumentTest
[INFO] Tests run: 2, Failures: 0, Errors: 0, Skipped: 0, Time elapsed: 0.004 s - in io.dropwizard.jdbi.args.OffsetDateTimeArgumentTest
[INFO] Running io.dropwizard.jdbi.DBIHealthCheckTest
[INFO] Tests run: 1, Failures: 0, Errors: 0, Skipped: 0, Time elapsed: 0.314 s - in io.dropwizard.jdbi.DBIHealthCheckTest
[INFO] Running io.dropwizard.jdbi.DBIFactoryTest
[INFO] Tests run: 1, Failures: 0, Errors: 0, Skipped: 0, Time elapsed: 0.062 s - in io.dropwizard.jdbi.DBIFactoryTest
[INFO] Running io.dropwizard.jdbi.GuavaJDBITest
[INFO] Tests run: 7, Failures: 0, Errors: 0, Skipped: 0, Time elapsed: 0.832 s - in io.dropwizard.jdbi.GuavaJDBITest
[INFO] Running io.dropwizard.jdbi.bundles.DBIExceptionsBundleTest
[INFO] Tests run: 1, Failures: 0, Errors: 0, Skipped: 0, Time elapsed: 0.105 s - in io.dropwizard.jdbi.bundles.DBIExceptionsBundleTest
[INFO] Running io.dropwizard.jdbi.JDBITest
[INFO] Tests run: 7, Failures: 0, Errors: 0, Skipped: 0, Time elapsed: 0.21 s - in io.dropwizard.jdbi.JDBITest
[INFO] 
[INFO] Results:
[INFO] 
[INFO] Tests run: 89, Failures: 0, Errors: 0, Skipped: 0
[INFO] 
[INFO] 
[INFO] -------------------< io.dropwizard:dropwizard-jdbi3 >-------------------
[INFO] Building Dropwizard JDBI3 Support 1.4.0-SNAPSHOT                 [20/36]
[INFO] --------------------------------[ jar ]---------------------------------
[INFO] 
[INFO] --- maven-enforcer-plugin:1.4.1:enforce (enforce) @ dropwizard-jdbi3 ---
[INFO] 
[INFO] --- maven-checkstyle-plugin:3.0.0:check (checkstyle) @ dropwizard-jdbi3 ---
[INFO] 
[INFO] --- jacoco-maven-plugin:0.8.1:prepare-agent (prepare-agent) @ dropwizard-jdbi3 ---
[INFO] argLine set to -javaagent:/home/travis/.m2/repository/org/jacoco/org.jacoco.agent/0.8.1/org.jacoco.agent-0.8.1-runtime.jar=destfile=/home/travis/build/dropwizard/dropwizard/dropwizard-jdbi3/target/jacoco.exec,excludes=io/dropwizard/benchmarks/**/*.class:org/openjdk/jmh/**/*.class -Duser.language=en -Duser.region=US --add-modules java.xml.bind
[INFO] 
[INFO] --- maven-resources-plugin:3.0.2:resources (default-resources) @ dropwizard-jdbi3 ---
[INFO] Using 'UTF-8' encoding to copy filtered resources.
[INFO] skip non existing resourceDirectory /home/travis/build/dropwizard/dropwizard/dropwizard-jdbi3/src/main/resources
[INFO] 
[INFO] --- maven-compiler-plugin:3.7.0:compile (default-compile) @ dropwizard-jdbi3 ---
[INFO] Changes detected - recompiling the module!
[INFO] Compiling 6 source files to /home/travis/build/dropwizard/dropwizard/dropwizard-jdbi3/target/classes
[INFO] 
[INFO] --- maven-resources-plugin:3.0.2:testResources (default-testResources) @ dropwizard-jdbi3 ---
[INFO] Using 'UTF-8' encoding to copy filtered resources.
[INFO] Copying 2 resources
[INFO] 
[INFO] --- maven-compiler-plugin:3.7.0:testCompile (default-testCompile) @ dropwizard-jdbi3 ---
[INFO] Changes detected - recompiling the module!
[INFO] Compiling 8 source files to /home/travis/build/dropwizard/dropwizard/dropwizard-jdbi3/target/test-classes
[INFO] 
[INFO] --- maven-surefire-plugin:2.21.0:test (default-test) @ dropwizard-jdbi3 ---
[INFO] 
[INFO] -------------------------------------------------------
[INFO]  T E S T S
[INFO] -------------------------------------------------------
[INFO] Running io.dropwizard.jdbi3.JdbiFactoryTest
[INFO] Tests run: 1, Failures: 0, Errors: 0, Skipped: 0, Time elapsed: 3.706 s - in io.dropwizard.jdbi3.JdbiFactoryTest
[INFO] Running io.dropwizard.jdbi3.NamePrependingTemplateEngineTest
[INFO] Tests run: 2, Failures: 0, Errors: 0, Skipped: 0, Time elapsed: 0.32 s - in io.dropwizard.jdbi3.NamePrependingTemplateEngineTest
[INFO] Running io.dropwizard.jdbi3.jersey.LoggingJdbiExceptionMapperTest
[INFO] Tests run: 2, Failures: 0, Errors: 0, Skipped: 0, Time elapsed: 0.263 s - in io.dropwizard.jdbi3.jersey.LoggingJdbiExceptionMapperTest
[INFO] Running io.dropwizard.jdbi3.jersey.LoggingSQLExceptionMapperTest
[INFO] Tests run: 1, Failures: 0, Errors: 0, Skipped: 0, Time elapsed: 0.009 s - in io.dropwizard.jdbi3.jersey.LoggingSQLExceptionMapperTest
[INFO] Running io.dropwizard.jdbi3.JdbiTest
[INFO] Tests run: 11, Failures: 0, Errors: 0, Skipped: 0, Time elapsed: 3.356 s - in io.dropwizard.jdbi3.JdbiTest
[INFO] Running io.dropwizard.jdbi3.bundles.JdbiExceptionsBundleTest
[INFO] Tests run: 1, Failures: 0, Errors: 0, Skipped: 0, Time elapsed: 0.089 s - in io.dropwizard.jdbi3.bundles.JdbiExceptionsBundleTest
[INFO] Running io.dropwizard.jdbi3.JdbiHealthCheckTest
[INFO] Tests run: 2, Failures: 0, Errors: 0, Skipped: 0, Time elapsed: 0.578 s - in io.dropwizard.jdbi3.JdbiHealthCheckTest
[INFO] 
[INFO] Results:
[INFO] 
[INFO] Tests run: 20, Failures: 0, Errors: 0, Skipped: 0
[INFO] 
[INFO] 
[INFO] ----------------< io.dropwizard:dropwizard-migrations >-----------------
[INFO] Building Dropwizard Migrations 1.4.0-SNAPSHOT                    [21/36]
[INFO] --------------------------------[ jar ]---------------------------------
[INFO] Downloading from central: http://repo.maven.apache.org/maven2/org/liquibase/liquibase-core/3.6.0/liquibase-core-3.6.0.pom
[INFO] Downloaded from central: http://repo.maven.apache.org/maven2/org/liquibase/liquibase-core/3.6.0/liquibase-core-3.6.0.pom (11 kB at 109 kB/s)
[INFO] Downloading from central: http://repo.maven.apache.org/maven2/org/liquibase/liquibase-parent/3.6.0/liquibase-parent-3.6.0.pom
[INFO] Downloaded from central: http://repo.maven.apache.org/maven2/org/liquibase/liquibase-parent/3.6.0/liquibase-parent-3.6.0.pom (32 kB at 1.3 MB/s)
[INFO] Downloading from central: http://repo.maven.apache.org/maven2/org/liquibase/liquibase-core/3.6.0/liquibase-core-3.6.0.jar
[INFO] Downloaded from central: http://repo.maven.apache.org/maven2/org/liquibase/liquibase-core/3.6.0/liquibase-core-3.6.0.jar (2.2 MB at 21 MB/s)
[INFO] 
[INFO] --- maven-enforcer-plugin:1.4.1:enforce (enforce) @ dropwizard-migrations ---
[INFO] 
[INFO] --- maven-checkstyle-plugin:3.0.0:check (checkstyle) @ dropwizard-migrations ---
[INFO] 
[INFO] --- jacoco-maven-plugin:0.8.1:prepare-agent (prepare-agent) @ dropwizard-migrations ---
[INFO] argLine set to -javaagent:/home/travis/.m2/repository/org/jacoco/org.jacoco.agent/0.8.1/org.jacoco.agent-0.8.1-runtime.jar=destfile=/home/travis/build/dropwizard/dropwizard/dropwizard-migrations/target/jacoco.exec,excludes=io/dropwizard/benchmarks/**/*.class:org/openjdk/jmh/**/*.class -Duser.language=en -Duser.region=US --add-modules java.xml.bind
[INFO] 
[INFO] --- maven-resources-plugin:3.0.2:resources (default-resources) @ dropwizard-migrations ---
[INFO] Using 'UTF-8' encoding to copy filtered resources.
[INFO] skip non existing resourceDirectory /home/travis/build/dropwizard/dropwizard/dropwizard-migrations/src/main/resources
[INFO] 
[INFO] --- maven-compiler-plugin:3.7.0:compile (default-compile) @ dropwizard-migrations ---
[INFO] Changes detected - recompiling the module!
[INFO] Compiling 19 source files to /home/travis/build/dropwizard/dropwizard/dropwizard-migrations/target/classes
[INFO] 
[INFO] --- maven-resources-plugin:3.0.2:testResources (default-testResources) @ dropwizard-migrations ---
[INFO] Using 'UTF-8' encoding to copy filtered resources.
[INFO] Copying 5 resources
[INFO] 
[INFO] --- maven-compiler-plugin:3.7.0:testCompile (default-testCompile) @ dropwizard-migrations ---
[INFO] Changes detected - recompiling the module!
[INFO] Compiling 20 source files to /home/travis/build/dropwizard/dropwizard/dropwizard-migrations/target/test-classes
[WARNING] bootstrap class path not set in conjunction with -source 8
/home/travis/build/dropwizard/dropwizard/dropwizard-migrations/src/test/java/io/dropwizard/migrations/AbstractMigrationTest.java:[12,23] [deprecation] setTerminalWidthDetection(boolean) in ArgumentParsers has been deprecated
[WARNING] /home/travis/build/dropwizard/dropwizard/dropwizard-migrations/src/test/java/io/dropwizard/migrations/AbstractMigrationTest.java:[18,51] [deprecation] newArgumentParser(String) in ArgumentParsers has been deprecated
[WARNING] /home/travis/build/dropwizard/dropwizard/dropwizard-migrations/src/test/java/io/dropwizard/migrations/DbMigrateCommandTest.java:[68,51] [deprecation] newArgumentParser(String) in ArgumentParsers has been deprecated
[INFO] 
[INFO] --- maven-surefire-plugin:2.21.0:test (default-test) @ dropwizard-migrations ---
[INFO] 
[INFO] -------------------------------------------------------
[INFO]  T E S T S
[INFO] -------------------------------------------------------
[INFO] Running io.dropwizard.migrations.DbClearChecksumsCommandTest
[INFO] Tests run: 2, Failures: 0, Errors: 0, Skipped: 0, Time elapsed: 3.95 s - in io.dropwizard.migrations.DbClearChecksumsCommandTest
[INFO] Running io.dropwizard.migrations.DbMigrateDifferentFileCommandTest
[ERROR] Tests run: 2, Failures: 0, Errors: 2, Skipped: 0, Time elapsed: 5.076 s <<< FAILURE! - in io.dropwizard.migrations.DbMigrateDifferentFileCommandTest
[ERROR] testRunForFileFromFilesystem(io.dropwizard.migrations.DbMigrateDifferentFileCommandTest)  Time elapsed: 4.787 s  <<< ERROR!
liquibase.exception.MigrationFailedException: 
Migration failed for change set /home/travis/build/dropwizard/dropwizard/dropwizard-migrations/target/test-classes/migrations.xml::2::db_dev:
     Reason: java.lang.IllegalStateException: Cannot find generators for database class liquibase.database.core.H2Database, statement: liquibase.statement.core.CopyRowsStatement@58936e68
	at io.dropwizard.migrations.DbMigrateDifferentFileCommandTest.testRunForFileFromFilesystem(DbMigrateDifferentFileCommandTest.java:45)
Caused by: java.lang.IllegalStateException: Cannot find generators for database class liquibase.database.core.H2Database, statement: liquibase.statement.core.CopyRowsStatement@58936e68
	at io.dropwizard.migrations.DbMigrateDifferentFileCommandTest.testRunForFileFromFilesystem(DbMigrateDifferentFileCommandTest.java:45)

[ERROR] testRun(io.dropwizard.migrations.DbMigrateDifferentFileCommandTest)  Time elapsed: 0.284 s  <<< ERROR!
liquibase.exception.MigrationFailedException: 
Migration failed for change set migrations-ddl.xml::2::db_dev:
     Reason: java.lang.IllegalStateException: Cannot find generators for database class liquibase.database.core.H2Database, statement: liquibase.statement.core.CopyRowsStatement@bb8a702
	at io.dropwizard.migrations.DbMigrateDifferentFileCommandTest.testRun(DbMigrateDifferentFileCommandTest.java:34)
Caused by: java.lang.IllegalStateException: Cannot find generators for database class liquibase.database.core.H2Database, statement: liquibase.statement.core.CopyRowsStatement@bb8a702
	at io.dropwizard.migrations.DbMigrateDifferentFileCommandTest.testRun(DbMigrateDifferentFileCommandTest.java:34)

[INFO] Running io.dropwizard.migrations.DbFastForwardCommandTest
[ERROR] Tests run: 5, Failures: 0, Errors: 1, Skipped: 0, Time elapsed: 1.129 s <<< FAILURE! - in io.dropwizard.migrations.DbFastForwardCommandTest
[ERROR] testFastForwardFirst(io.dropwizard.migrations.DbFastForwardCommandTest)  Time elapsed: 0.295 s  <<< ERROR!
liquibase.exception.MigrationFailedException: 
Migration failed for change set migrations.xml::2::db_dev:
     Reason: java.lang.IllegalStateException: Cannot find generators for database class liquibase.database.core.H2Database, statement: liquibase.statement.core.CopyRowsStatement@1019e14
	at io.dropwizard.migrations.DbFastForwardCommandTest.testFastForwardFirst(DbFastForwardCommandTest.java:49)
Caused by: java.lang.IllegalStateException: Cannot find generators for database class liquibase.database.core.H2Database, statement: liquibase.statement.core.CopyRowsStatement@1019e14
	at io.dropwizard.migrations.DbFastForwardCommandTest.testFastForwardFirst(DbFastForwardCommandTest.java:49)

[INFO] Running io.dropwizard.migrations.DbTestCommandTest
[ERROR] Tests run: 2, Failures: 0, Errors: 1, Skipped: 0, Time elapsed: 0.19 s <<< FAILURE! - in io.dropwizard.migrations.DbTestCommandTest
[ERROR] testRun(io.dropwizard.migrations.DbTestCommandTest)  Time elapsed: 0.183 s  <<< ERROR!
liquibase.exception.MigrationFailedException: 
Migration failed for change set migrations-ddl.xml::2::db_dev:
     Reason: java.lang.IllegalStateException: Cannot find generators for database class liquibase.database.core.H2Database, statement: liquibase.statement.core.CopyRowsStatement@43cb7e55
	at io.dropwizard.migrations.DbTestCommandTest.testRun(DbTestCommandTest.java:24)
Caused by: java.lang.IllegalStateException: Cannot find generators for database class liquibase.database.core.H2Database, statement: liquibase.statement.core.CopyRowsStatement@43cb7e55
	at io.dropwizard.migrations.DbTestCommandTest.testRun(DbTestCommandTest.java:24)

[INFO] Running io.dropwizard.migrations.DbGenerateDocsCommandTest
[INFO] Tests run: 2, Failures: 0, Errors: 0, Skipped: 0, Time elapsed: 0.013 s - in io.dropwizard.migrations.DbGenerateDocsCommandTest
[INFO] Running io.dropwizard.migrations.DbMigrateCustomSchemaTest
[ERROR] Tests run: 1, Failures: 0, Errors: 1, Skipped: 0, Time elapsed: 0.158 s <<< FAILURE! - in io.dropwizard.migrations.DbMigrateCustomSchemaTest
[ERROR] testRunMigrationWithCustomSchema(io.dropwizard.migrations.DbMigrateCustomSchemaTest)  Time elapsed: 0.155 s  <<< ERROR!
liquibase.exception.MigrationFailedException: 
Migration failed for change set migrations-custom-schema.xml::2::db_dev:
     Reason: java.lang.IllegalStateException: Cannot find generators for database class liquibase.database.core.H2Database, statement: liquibase.statement.core.CopyRowsStatement@79a91206
	at io.dropwizard.migrations.DbMigrateCustomSchemaTest.testRunMigrationWithCustomSchema(DbMigrateCustomSchemaTest.java:33)
Caused by: java.lang.IllegalStateException: Cannot find generators for database class liquibase.database.core.H2Database, statement: liquibase.statement.core.CopyRowsStatement@79a91206
	at io.dropwizard.migrations.DbMigrateCustomSchemaTest.testRunMigrationWithCustomSchema(DbMigrateCustomSchemaTest.java:33)

[INFO] Running io.dropwizard.migrations.DbRollbackCommandTest
[ERROR] Tests run: 7, Failures: 0, Errors: 6, Skipped: 0, Time elapsed: 1.26 s <<< FAILURE! - in io.dropwizard.migrations.DbRollbackCommandTest
[ERROR] testRollbackToTagAsDryRun(io.dropwizard.migrations.DbRollbackCommandTest)  Time elapsed: 0.34 s  <<< ERROR!
liquibase.exception.MigrationFailedException: 
Migration failed for change set migrations-ddl.xml::2::db_dev:
     Reason: java.lang.IllegalStateException: Cannot find generators for database class liquibase.database.core.H2Database, statement: liquibase.statement.core.CopyRowsStatement@12909d67
	at io.dropwizard.migrations.DbRollbackCommandTest.testRollbackToTagAsDryRun(DbRollbackCommandTest.java:122)
Caused by: java.lang.IllegalStateException: Cannot find generators for database class liquibase.database.core.H2Database, statement: liquibase.statement.core.CopyRowsStatement@12909d67
	at io.dropwizard.migrations.DbRollbackCommandTest.testRollbackToTagAsDryRun(DbRollbackCommandTest.java:122)

[ERROR] testRollbackNChangesAsDryRun(io.dropwizard.migrations.DbRollbackCommandTest)  Time elapsed: 0.143 s  <<< ERROR!
liquibase.exception.MigrationFailedException: 
Migration failed for change set migrations-ddl.xml::2::db_dev:
     Reason: java.lang.IllegalStateException: Cannot find generators for database class liquibase.database.core.H2Database, statement: liquibase.statement.core.CopyRowsStatement@19fec920
	at io.dropwizard.migrations.DbRollbackCommandTest.testRollbackNChangesAsDryRun(DbRollbackCommandTest.java:53)
Caused by: java.lang.IllegalStateException: Cannot find generators for database class liquibase.database.core.H2Database, statement: liquibase.statement.core.CopyRowsStatement@19fec920
	at io.dropwizard.migrations.DbRollbackCommandTest.testRollbackNChangesAsDryRun(DbRollbackCommandTest.java:53)

[ERROR] testRollbackNChanges(io.dropwizard.migrations.DbRollbackCommandTest)  Time elapsed: 0.164 s  <<< ERROR!
liquibase.exception.MigrationFailedException: 
Migration failed for change set migrations-ddl.xml::2::db_dev:
     Reason: java.lang.IllegalStateException: Cannot find generators for database class liquibase.database.core.H2Database, statement: liquibase.statement.core.CopyRowsStatement@51386a2e
	at io.dropwizard.migrations.DbRollbackCommandTest.testRollbackNChanges(DbRollbackCommandTest.java:41)
Caused by: java.lang.IllegalStateException: Cannot find generators for database class liquibase.database.core.H2Database, statement: liquibase.statement.core.CopyRowsStatement@51386a2e
	at io.dropwizard.migrations.DbRollbackCommandTest.testRollbackNChanges(DbRollbackCommandTest.java:41)

[ERROR] testRollbackToTag(io.dropwizard.migrations.DbRollbackCommandTest)  Time elapsed: 0.291 s  <<< ERROR!
liquibase.exception.MigrationFailedException: 
Migration failed for change set migrations-ddl.xml::2::db_dev:
     Reason: java.lang.IllegalStateException: Cannot find generators for database class liquibase.database.core.H2Database, statement: liquibase.statement.core.CopyRowsStatement@446fe9f1
	at io.dropwizard.migrations.DbRollbackCommandTest.testRollbackToTag(DbRollbackCommandTest.java:102)
Caused by: java.lang.IllegalStateException: Cannot find generators for database class liquibase.database.core.H2Database, statement: liquibase.statement.core.CopyRowsStatement@446fe9f1
	at io.dropwizard.migrations.DbRollbackCommandTest.testRollbackToTag(DbRollbackCommandTest.java:102)

[ERROR] testRollbackToDateAsDryRun(io.dropwizard.migrations.DbRollbackCommandTest)  Time elapsed: 0.126 s  <<< ERROR!
liquibase.exception.MigrationFailedException: 
Migration failed for change set migrations-ddl.xml::2::db_dev:
     Reason: java.lang.IllegalStateException: Cannot find generators for database class liquibase.database.core.H2Database, statement: liquibase.statement.core.CopyRowsStatement@51d9be0b
	at io.dropwizard.migrations.DbRollbackCommandTest.testRollbackToDateAsDryRun(DbRollbackCommandTest.java:80)
Caused by: java.lang.IllegalStateException: Cannot find generators for database class liquibase.database.core.H2Database, statement: liquibase.statement.core.CopyRowsStatement@51d9be0b
	at io.dropwizard.migrations.DbRollbackCommandTest.testRollbackToDateAsDryRun(DbRollbackCommandTest.java:80)

[ERROR] testRollbackToDate(io.dropwizard.migrations.DbRollbackCommandTest)  Time elapsed: 0.18 s  <<< ERROR!
liquibase.exception.MigrationFailedException: 
Migration failed for change set migrations-ddl.xml::2::db_dev:
     Reason: java.lang.IllegalStateException: Cannot find generators for database class liquibase.database.core.H2Database, statement: liquibase.statement.core.CopyRowsStatement@6009b817
	at io.dropwizard.migrations.DbRollbackCommandTest.testRollbackToDate(DbRollbackCommandTest.java:66)
Caused by: java.lang.IllegalStateException: Cannot find generators for database class liquibase.database.core.H2Database, statement: liquibase.statement.core.CopyRowsStatement@6009b817
	at io.dropwizard.migrations.DbRollbackCommandTest.testRollbackToDate(DbRollbackCommandTest.java:66)

[INFO] Running io.dropwizard.migrations.DbCalculateChecksumCommandTest
[ERROR] Tests run: 2, Failures: 1, Errors: 0, Skipped: 0, Time elapsed: 0.065 s <<< FAILURE! - in io.dropwizard.migrations.DbCalculateChecksumCommandTest
[ERROR] testRun(io.dropwizard.migrations.DbCalculateChecksumCommandTest)  Time elapsed: 0.061 s  <<< FAILURE!
org.junit.ComparisonFailure: expected:<[7:3a61a7a72c9ce082b7059215975e6e0]9> but was:<[8:0f3683b37321ccfb1694a044986de4d]9>
	at io.dropwizard.migrations.DbCalculateChecksumCommandTest.lambda$testRun$0(DbCalculateChecksumCommandTest.java:27)
	at io.dropwizard.migrations.DbCalculateChecksumCommandTest.testRun(DbCalculateChecksumCommandTest.java:30)

[INFO] Running io.dropwizard.migrations.DbStatusCommandTest
Validation Error: 
     3 change sets have changed since they were ran against the database
          migrations.xml::1::db_dev was: 7:0f9e4aa31e065bbdffa9eb3ead0ae2c8 but is now: 8:b0ec2153e830053427f3182dfa7ae6dd
          migrations.xml::2::db_dev was: 7:3a61a7a72c9ce082b7059215975e6e09 but is now: 8:0f3683b37321ccfb1694a044986de4d9
          migrations.xml::3::db_dev was: 7:aad8d260150f46b5a4663fc4b2a80474 but is now: 8:d3ff16527dcfc0c86495d15619027d5e
[ERROR] Tests run: 4, Failures: 0, Errors: 1, Skipped: 0, Time elapsed: 0.294 s <<< FAILURE! - in io.dropwizard.migrations.DbStatusCommandTest
[ERROR] testRunOnMigratedDb(io.dropwizard.migrations.DbStatusCommandTest)  Time elapsed: 0.183 s  <<< ERROR!
liquibase.exception.ValidationFailedException: 
Validation Failed:
     3 change sets check sum
          migrations.xml::1::db_dev was: 7:0f9e4aa31e065bbdffa9eb3ead0ae2c8 but is now: 8:b0ec2153e830053427f3182dfa7ae6dd
          migrations.xml::2::db_dev was: 7:3a61a7a72c9ce082b7059215975e6e09 but is now: 8:0f3683b37321ccfb1694a044986de4d9
          migrations.xml::3::db_dev was: 7:aad8d260150f46b5a4663fc4b2a80474 but is now: 8:d3ff16527dcfc0c86495d15619027d5e

	at io.dropwizard.migrations.DbStatusCommandTest.testRunOnMigratedDb(DbStatusCommandTest.java:40)

[INFO] Running io.dropwizard.migrations.DbDumpCommandTest
[ERROR] Tests run: 5, Failures: 2, Errors: 0, Skipped: 0, Time elapsed: 0.726 s <<< FAILURE! - in io.dropwizard.migrations.DbDumpCommandTest
[ERROR] testDumpSchema(io.dropwizard.migrations.DbDumpCommandTest)  Time elapsed: 0.139 s  <<< FAILURE!
org.junit.ComparisonFailure: expected:<"INT[(10)]"> but was:<"INT[]">
	at io.dropwizard.migrations.DbDumpCommandTest.assertCreateTable(DbDumpCommandTest.java:195)
	at io.dropwizard.migrations.DbDumpCommandTest.testDumpSchema(DbDumpCommandTest.java:70)

[ERROR] testDumpSchemaAndData(io.dropwizard.migrations.DbDumpCommandTest)  Time elapsed: 0.147 s  <<< FAILURE!
org.junit.ComparisonFailure: expected:<"INT[(10)]"> but was:<"INT[]">
	at io.dropwizard.migrations.DbDumpCommandTest.assertCreateTable(DbDumpCommandTest.java:195)
	at io.dropwizard.migrations.DbDumpCommandTest.testDumpSchemaAndData(DbDumpCommandTest.java:82)

[INFO] Running io.dropwizard.migrations.CloseableLiquibaseTest
[INFO] Tests run: 1, Failures: 0, Errors: 0, Skipped: 0, Time elapsed: 0.02 s - in io.dropwizard.migrations.CloseableLiquibaseTest
[INFO] Running io.dropwizard.migrations.DbMigrateCommandTest
[ERROR] Tests run: 4, Failures: 0, Errors: 3, Skipped: 0, Time elapsed: 0.37 s <<< FAILURE! - in io.dropwizard.migrations.DbMigrateCommandTest
[ERROR] testRun(io.dropwizard.migrations.DbMigrateCommandTest)  Time elapsed: 0.183 s  <<< ERROR!
liquibase.exception.MigrationFailedException: 
Migration failed for change set migrations.xml::2::db_dev:
     Reason: java.lang.IllegalStateException: Cannot find generators for database class liquibase.database.core.H2Database, statement: liquibase.statement.core.CopyRowsStatement@75d0c2ad
	at io.dropwizard.migrations.DbMigrateCommandTest.testRun(DbMigrateCommandTest.java:38)
Caused by: java.lang.IllegalStateException: Cannot find generators for database class liquibase.database.core.H2Database, statement: liquibase.statement.core.CopyRowsStatement@75d0c2ad
	at io.dropwizard.migrations.DbMigrateCommandTest.testRun(DbMigrateCommandTest.java:38)

[ERROR] testDryRun(io.dropwizard.migrations.DbMigrateCommandTest)  Time elapsed: 0.07 s  <<< ERROR!
liquibase.exception.MigrationFailedException: 
Migration failed for change set migrations.xml::2::db_dev:
     Reason: liquibase.exception.DatabaseException: AddColumnStatement requires access to up to date database metadata which is not available in SQL output mode
	at io.dropwizard.migrations.DbMigrateCommandTest.testDryRun(DbMigrateCommandTest.java:59)
Caused by: liquibase.exception.DatabaseException: AddColumnStatement requires access to up to date database metadata which is not available in SQL output mode
	at io.dropwizard.migrations.DbMigrateCommandTest.testDryRun(DbMigrateCommandTest.java:59)

[ERROR] testRunFirstTwoMigration(io.dropwizard.migrations.DbMigrateCommandTest)  Time elapsed: 0.109 s  <<< ERROR!
liquibase.exception.MigrationFailedException: 
Migration failed for change set migrations.xml::2::db_dev:
     Reason: java.lang.IllegalStateException: Cannot find generators for database class liquibase.database.core.H2Database, statement: liquibase.statement.core.CopyRowsStatement@74ea35e5
	at io.dropwizard.migrations.DbMigrateCommandTest.testRunFirstTwoMigration(DbMigrateCommandTest.java:49)
Caused by: java.lang.IllegalStateException: Cannot find generators for database class liquibase.database.core.H2Database, statement: liquibase.statement.core.CopyRowsStatement@74ea35e5
	at io.dropwizard.migrations.DbMigrateCommandTest.testRunFirstTwoMigration(DbMigrateCommandTest.java:49)

[INFO] Running io.dropwizard.migrations.DbCommandTest
[ERROR] Tests run: 2, Failures: 0, Errors: 1, Skipped: 0, Time elapsed: 0.115 s <<< FAILURE! - in io.dropwizard.migrations.DbCommandTest
[ERROR] testRunSubCommand(io.dropwizard.migrations.DbCommandTest)  Time elapsed: 0.107 s  <<< ERROR!
liquibase.exception.MigrationFailedException: 
Migration failed for change set migrations.xml::2::db_dev:
     Reason: java.lang.IllegalStateException: Cannot find generators for database class liquibase.database.core.H2Database, statement: liquibase.statement.core.CopyRowsStatement@7d891953
	at io.dropwizard.migrations.DbCommandTest.testRunSubCommand(DbCommandTest.java:26)
Caused by: java.lang.IllegalStateException: Cannot find generators for database class liquibase.database.core.H2Database, statement: liquibase.statement.core.CopyRowsStatement@7d891953
	at io.dropwizard.migrations.DbCommandTest.testRunSubCommand(DbCommandTest.java:26)

[INFO] Running io.dropwizard.migrations.DbPrepareRollbackCommandTest
[INFO] Tests run: 3, Failures: 0, Errors: 0, Skipped: 0, Time elapsed: 0.15 s - in io.dropwizard.migrations.DbPrepareRollbackCommandTest
[INFO] Running io.dropwizard.migrations.DbTagCommandTest
[ERROR] Tests run: 2, Failures: 0, Errors: 1, Skipped: 0, Time elapsed: 0.124 s <<< FAILURE! - in io.dropwizard.migrations.DbTagCommandTest
[ERROR] testRun(io.dropwizard.migrations.DbTagCommandTest)  Time elapsed: 0.12 s  <<< ERROR!
liquibase.exception.MigrationFailedException: 
Migration failed for change set migrations-ddl.xml::2::db_dev:
     Reason: java.lang.IllegalStateException: Cannot find generators for database class liquibase.database.core.H2Database, statement: liquibase.statement.core.CopyRowsStatement@2d2a4ce0
	at io.dropwizard.migrations.DbTagCommandTest.testRun(DbTagCommandTest.java:28)
Caused by: java.lang.IllegalStateException: Cannot find generators for database class liquibase.database.core.H2Database, statement: liquibase.statement.core.CopyRowsStatement@2d2a4ce0
	at io.dropwizard.migrations.DbTagCommandTest.testRun(DbTagCommandTest.java:28)

[INFO] Running io.dropwizard.migrations.DbDropAllCommandTest
[ERROR] Tests run: 2, Failures: 0, Errors: 1, Skipped: 0, Time elapsed: 0.08 s <<< FAILURE! - in io.dropwizard.migrations.DbDropAllCommandTest
[ERROR] testRun(io.dropwizard.migrations.DbDropAllCommandTest)  Time elapsed: 0.074 s  <<< ERROR!
liquibase.exception.MigrationFailedException: 
Migration failed for change set migrations.xml::2::db_dev:
     Reason: java.lang.IllegalStateException: Cannot find generators for database class liquibase.database.core.H2Database, statement: liquibase.statement.core.CopyRowsStatement@5e1d2327
	at io.dropwizard.migrations.DbDropAllCommandTest.testRun(DbDropAllCommandTest.java:30)
Caused by: java.lang.IllegalStateException: Cannot find generators for database class liquibase.database.core.H2Database, statement: liquibase.statement.core.CopyRowsStatement@5e1d2327
	at io.dropwizard.migrations.DbDropAllCommandTest.testRun(DbDropAllCommandTest.java:30)

[INFO] Running io.dropwizard.migrations.DbLocksCommandTest
[INFO] Tests run: 5, Failures: 0, Errors: 0, Skipped: 0, Time elapsed: 0.017 s - in io.dropwizard.migrations.DbLocksCommandTest
[INFO] 
[INFO] Results:
[INFO] 
[ERROR] Failures: 
[ERROR]   DbCalculateChecksumCommandTest.testRun:30->lambda$testRun$0:27 expected:<[7:3a61a7a72c9ce082b7059215975e6e0]9> but was:<[8:0f3683b37321ccfb1694a044986de4d]9>
[ERROR]   DbDumpCommandTest.testDumpSchema:70->assertCreateTable:195 expected:<"INT[(10)]"> but was:<"INT[]">
[ERROR]   DbDumpCommandTest.testDumpSchemaAndData:82->assertCreateTable:195 expected:<"INT[(10)]"> but was:<"INT[]">
[ERROR] Errors: 
[ERROR]   DbCommandTest.testRunSubCommand:26 Â» MigrationFailed Migration failed for chan...
[ERROR]   DbDropAllCommandTest.testRun:30 Â» MigrationFailed Migration failed for change ...
[ERROR]   DbFastForwardCommandTest.testFastForwardFirst:49 Â» MigrationFailed Migration f...
[ERROR]   DbMigrateCommandTest.testDryRun:59 Â» MigrationFailed Migration failed for chan...
[ERROR]   DbMigrateCommandTest.testRun:38 Â» MigrationFailed Migration failed for change ...
[ERROR]   DbMigrateCommandTest.testRunFirstTwoMigration:49 Â» MigrationFailed Migration f...
[ERROR]   DbMigrateCustomSchemaTest.testRunMigrationWithCustomSchema:33 Â» MigrationFailed
[ERROR]   DbMigrateDifferentFileCommandTest.testRun:34 Â» MigrationFailed Migration faile...
[ERROR]   DbMigrateDifferentFileCommandTest.testRunForFileFromFilesystem:45 Â» MigrationFailed
[ERROR]   DbRollbackCommandTest.testRollbackNChanges:41 Â» MigrationFailed Migration fail...
[ERROR]   DbRollbackCommandTest.testRollbackNChangesAsDryRun:53 Â» MigrationFailed Migrat...
[ERROR]   DbRollbackCommandTest.testRollbackToDate:66 Â» MigrationFailed Migration failed...
[ERROR]   DbRollbackCommandTest.testRollbackToDateAsDryRun:80 Â» MigrationFailed Migratio...
[ERROR]   DbRollbackCommandTest.testRollbackToTag:102 Â» MigrationFailed Migration failed...
[ERROR]   DbRollbackCommandTest.testRollbackToTagAsDryRun:122 Â» MigrationFailed Migratio...
[ERROR]   DbStatusCommandTest.testRunOnMigratedDb:40 Â» ValidationFailed Validation Faile...
[ERROR]   DbTagCommandTest.testRun:28 Â» MigrationFailed Migration failed for change set ...
[ERROR]   DbTestCommandTest.testRun:24 Â» MigrationFailed Migration failed for change set...
[INFO] 
[ERROR] Tests run: 51, Failures: 3, Errors: 18, Skipped: 0
[INFO] 
[INFO] ------------------------------------------------------------------------
[INFO] Reactor Summary:
[INFO] 
[INFO] Dropwizard Project 1.4.0-SNAPSHOT .................. SUCCESS [  3.294 s]
[INFO] Dropwizard Documentation ........................... SUCCESS [  1.937 s]
[INFO] Dropwizard BOM ..................................... SUCCESS [  0.504 s]
[INFO] Dropwizard Utility Classes ......................... SUCCESS [ 14.193 s]
[INFO] Dropwizard Jackson Support ......................... SUCCESS [  9.723 s]
[INFO] Dropwizard Validation Support ...................... SUCCESS [  8.189 s]
[INFO] Dropwizard Configuration Support ................... SUCCESS [ 35.982 s]
[INFO] Dropwizard Logging Support ......................... SUCCESS [ 15.770 s]
[INFO] Dropwizard Lifecycle Support ....................... SUCCESS [  7.578 s]
[INFO] Dropwizard Metrics Support ......................... SUCCESS [  9.965 s]
[INFO] Dropwizard Jersey Support .......................... SUCCESS [01:00 min]
[INFO] Dropwizard Servlet Support ......................... SUCCESS [ 10.165 s]
[INFO] Dropwizard Jetty Support ........................... SUCCESS [ 18.623 s]
[INFO] Dropwizard Request Logging Support ................. SUCCESS [ 10.022 s]
[INFO] Dropwizard ......................................... SUCCESS [ 19.536 s]
[INFO] Dropwizard Test Helpers ............................ SUCCESS [  6.677 s]
[INFO] Dropwizard HTTP Client ............................. SUCCESS [ 35.797 s]
[INFO] Dropwizard Database Support ........................ SUCCESS [ 11.424 s]
[INFO] Dropwizard JDBI Support ............................ SUCCESS [ 17.608 s]
[INFO] Dropwizard JDBI3 Support ........................... SUCCESS [ 11.120 s]
[INFO] Dropwizard Migrations .............................. FAILURE [ 17.817 s]
[INFO] Dropwizard Hibernate Support ....................... SKIPPED
[INFO] Dropwizard Authentication .......................... SKIPPED
[INFO] Dropwizard Asset Bundle ............................ SKIPPED
[INFO] Dropwizard HTTP/2 Support .......................... SKIPPED
[INFO] Dropwizard Views ................................... SKIPPED
[INFO] Dropwizard Freemarker Views ........................ SKIPPED
[INFO] Dropwizard Mustache Views .......................... SKIPPED
[INFO] Dropwizard Metrics Support for Graphite ............ SKIPPED
[INFO] Dropwizard Example Application ..................... SKIPPED
[INFO] Dropwizard Multipart Form Support .................. SKIPPED
[INFO] Dropwizard Archetypes .............................. SKIPPED
[INFO] Dropwizard Archetype for Simple Java Services ...... SKIPPED
[INFO] Dropwizard Benchmarks .............................. SKIPPED
[INFO] Dropwizard End-to-end Tests ........................ SKIPPED
[INFO] Dropwizard JSON logging 1.4.0-SNAPSHOT ............. SKIPPED
[INFO] ------------------------------------------------------------------------
[INFO] BUILD FAILURE
[INFO] ------------------------------------------------------------------------
[INFO] Total time: 05:28 min
[INFO] Finished at: 2018-04-06T20:29:55Z
[INFO] ------------------------------------------------------------------------
[ERROR] Failed to execute goal org.apache.maven.plugins:maven-surefire-plugin:2.21.0:test (default-test) on project dropwizard-migrations: There are test failures.
[ERROR] 
[ERROR] Please refer to /home/travis/build/dropwizard/dropwizard/dropwizard-migrations/target/surefire-reports for the individual test results.
[ERROR] Please refer to dump files (if any exist) [date]-jvmRun[N].dump, [date].dumpstream and [date]-jvmRun[N].dumpstream.
[ERROR] -> [Help 1]
[ERROR] 
[ERROR] To see the full stack trace of the errors, re-run Maven with the -e switch.
[ERROR] Re-run Maven using the -X switch to enable full debug logging.
[ERROR] 
[ERROR] For more information about the errors and possible solutions, please read the following articles:
[ERROR] [Help 1] http://cwiki.apache.org/confluence/display/MAVEN/MojoFailureException
[ERROR] 
[ERROR] After correcting the problems, you can resume the build with the command
[ERROR]   mvn <goals> -rf :dropwizard-migrations
