Using worker: worker-linux-docker-02b99587.prod.travis-ci.org:travis-linux-9

travis_fold:start:system_info[0K[33;1mBuild system information[0m
Build language: java
Build group: stable
Build dist: precise
[34m[1mBuild image provisioning date and time[0m
Thu Feb  5 15:09:33 UTC 2015
[34m[1mOperating System Details[0m
Distributor ID:	Ubuntu
Description:	Ubuntu 12.04.5 LTS
Release:	12.04
Codename:	precise
[34m[1mLinux Version[0m
3.13.0-29-generic
[34m[1mCookbooks Version[0m
a68419e https://github.com/travis-ci/travis-cookbooks/tree/a68419e
[34m[1mGCC version[0m
gcc (Ubuntu/Linaro 4.6.3-1ubuntu5) 4.6.3
Copyright (C) 2011 Free Software Foundation, Inc.
This is free software; see the source for copying conditions.  There is NO
warranty; not even for MERCHANTABILITY or FITNESS FOR A PARTICULAR PURPOSE.

[34m[1mLLVM version[0m
clang version 3.4 (tags/RELEASE_34/final)
Target: x86_64-unknown-linux-gnu
Thread model: posix
[34m[1mPre-installed Ruby versions[0m
ruby-1.9.3-p551
[34m[1mPre-installed Node.js versions[0m
v0.10.36
[34m[1mPre-installed Go versions[0m
1.4.1
[34m[1mRedis version[0m
redis-server 2.8.19
[34m[1mriak version[0m
2.0.2
[34m[1mMongoDB version[0m
MongoDB 2.4.12
[34m[1mCouchDB version[0m
couchdb 1.6.1
[34m[1mNeo4j version[0m
1.9.4
[34m[1mRabbitMQ Version[0m
3.4.3
[34m[1mElasticSearch version[0m
1.4.0
[34m[1mInstalled Sphinx versions[0m
2.0.10
2.1.9
2.2.6
[34m[1mDefault Sphinx version[0m
2.2.6
[34m[1mInstalled Firefox version[0m
firefox 31.0esr
[34m[1mPhantomJS version[0m
1.9.8
[34m[1mant -version[0m
Apache Ant(TM) version 1.8.2 compiled on December 3 2011
[34m[1mmvn -version[0m
Apache Maven 3.2.5 (12a6b3acb947671f09b81f49094c53f426d8cea1; 2014-12-14T17:29:23+00:00)
Maven home: /usr/local/maven
Java version: 1.7.0_76, vendor: Oracle Corporation
Java home: /usr/lib/jvm/java-7-oracle/jre
Default locale: en_US, platform encoding: ANSI_X3.4-1968
OS name: "linux", version: "3.13.0-29-generic", arch: "amd64", family: "unix"
travis_fold:end:system_info[0K
travis_fold:start:git.checkout[0Ktravis_time:start:0e1e3b98[0K$ git clone --depth=50 --branch=master https://github.com/yamcs/yamcs.git yamcs/yamcs
Cloning into 'yamcs/yamcs'...
remote: Counting objects: 3110, done.[K
remote: Compressing objects:   0% (1/1900)   [Kremote: Compressing objects:   1% (19/1900)   [Kremote: Compressing objects:   2% (38/1900)   [Kremote: Compressing objects:   3% (57/1900)   [Kremote: Compressing objects:   4% (76/1900)   [Kremote: Compressing objects:   5% (95/1900)   [Kremote: Compressing objects:   6% (114/1900)   [Kremote: Compressing objects:   7% (133/1900)   [Kremote: Compressing objects:   8% (152/1900)   [Kremote: Compressing objects:   9% (171/1900)   [Kremote: Compressing objects:  10% (190/1900)   [Kremote: Compressing objects:  11% (209/1900)   [Kremote: Compressing objects:  12% (228/1900)   [Kremote: Compressing objects:  13% (247/1900)   [Kremote: Compressing objects:  14% (266/1900)   [Kremote: Compressing objects:  15% (285/1900)   [Kremote: Compressing objects:  16% (304/1900)   [Kremote: Compressing objects:  17% (323/1900)   [Kremote: Compressing objects:  18% (342/1900)   [Kremote: Compressing objects:  19% (361/1900)   [Kremote: Compressing objects:  20% (380/1900)   [Kremote: Compressing objects:  21% (399/1900)   [Kremote: Compressing objects:  22% (418/1900)   [Kremote: Compressing objects:  23% (437/1900)   [Kremote: Compressing objects:  24% (456/1900)   [Kremote: Compressing objects:  25% (475/1900)   [Kremote: Compressing objects:  26% (494/1900)   [Kremote: Compressing objects:  27% (513/1900)   [Kremote: Compressing objects:  28% (532/1900)   [Kremote: Compressing objects:  29% (551/1900)   [Kremote: Compressing objects:  30% (570/1900)   [Kremote: Compressing objects:  31% (589/1900)   [Kremote: Compressing objects:  32% (608/1900)   [Kremote: Compressing objects:  33% (627/1900)   [Kremote: Compressing objects:  34% (646/1900)   [Kremote: Compressing objects:  35% (665/1900)   [Kremote: Compressing objects:  36% (684/1900)   [Kremote: Compressing objects:  37% (703/1900)   [Kremote: Compressing objects:  38% (722/1900)   [Kremote: Compressing objects:  39% (741/1900)   [Kremote: Compressing objects:  40% (760/1900)   [Kremote: Compressing objects:  41% (779/1900)   [Kremote: Compressing objects:  42% (798/1900)   [Kremote: Compressing objects:  43% (817/1900)   [Kremote: Compressing objects:  44% (836/1900)   [Kremote: Compressing objects:  45% (855/1900)   [Kremote: Compressing objects:  46% (874/1900)   [Kremote: Compressing objects:  47% (893/1900)   [Kremote: Compressing objects:  48% (912/1900)   [Kremote: Compressing objects:  49% (931/1900)   [Kremote: Compressing objects:  50% (950/1900)   [Kremote: Compressing objects:  51% (969/1900)   [Kremote: Compressing objects:  52% (988/1900)   [Kremote: Compressing objects:  53% (1007/1900)   [Kremote: Compressing objects:  54% (1026/1900)   [Kremote: Compressing objects:  55% (1045/1900)   [Kremote: Compressing objects:  56% (1064/1900)   [Kremote: Compressing objects:  57% (1083/1900)   [Kremote: Compressing objects:  58% (1102/1900)   [Kremote: Compressing objects:  59% (1121/1900)   [Kremote: Compressing objects:  60% (1140/1900)   [Kremote: Compressing objects:  61% (1159/1900)   [Kremote: Compressing objects:  62% (1178/1900)   [Kremote: Compressing objects:  63% (1197/1900)   [Kremote: Compressing objects:  64% (1216/1900)   [Kremote: Compressing objects:  65% (1235/1900)   [Kremote: Compressing objects:  66% (1254/1900)   [Kremote: Compressing objects:  67% (1273/1900)   [Kremote: Compressing objects:  68% (1292/1900)   [Kremote: Compressing objects:  69% (1311/1900)   [Kremote: Compressing objects:  70% (1330/1900)   [Kremote: Compressing objects:  71% (1349/1900)   [Kremote: Compressing objects:  72% (1368/1900)   [Kremote: Compressing objects:  73% (1387/1900)   [Kremote: Compressing objects:  74% (1406/1900)   [Kremote: Compressing objects:  75% (1425/1900)   [Kremote: Compressing objects:  76% (1444/1900)   [Kremote: Compressing objects:  77% (1463/1900)   [Kremote: Compressing objects:  78% (1482/1900)   [Kremote: Compressing objects:  79% (1501/1900)   [Kremote: Compressing objects:  80% (1520/1900)   [Kremote: Compressing objects:  81% (1539/1900)   [Kremote: Compressing objects:  82% (1558/1900)   [Kremote: Compressing objects:  83% (1577/1900)   [Kremote: Compressing objects:  84% (1596/1900)   [Kremote: Compressing objects:  85% (1615/1900)   [Kremote: Compressing objects:  86% (1634/1900)   [Kremote: Compressing objects:  87% (1653/1900)   [Kremote: Compressing objects:  88% (1672/1900)   [Kremote: Compressing objects:  89% (1691/1900)   [Kremote: Compressing objects:  90% (1710/1900)   [Kremote: Compressing objects:  91% (1729/1900)   [Kremote: Compressing objects:  92% (1748/1900)   [Kremote: Compressing objects:  93% (1767/1900)   [Kremote: Compressing objects:  94% (1786/1900)   [Kremote: Compressing objects:  95% (1805/1900)   [Kremote: Compressing objects:  96% (1824/1900)   [Kremote: Compressing objects:  97% (1843/1900)   [Kremote: Compressing objects:  98% (1862/1900)   [Kremote: Compressing objects:  99% (1881/1900)   [Kremote: Compressing objects: 100% (1900/1900)   [Kremote: Compressing objects: 100% (1900/1900), done.[K
Receiving objects:   0% (1/3110)   Receiving objects:   1% (32/3110)   Receiving objects:   2% (63/3110)   Receiving objects:   3% (94/3110)   Receiving objects:   4% (125/3110)   Receiving objects:   5% (156/3110)   Receiving objects:   6% (187/3110)   Receiving objects:   7% (218/3110)   Receiving objects:   8% (249/3110)   Receiving objects:   9% (280/3110)   Receiving objects:  10% (311/3110)   Receiving objects:  11% (343/3110)   Receiving objects:  12% (374/3110)   Receiving objects:  13% (405/3110)   Receiving objects:  14% (436/3110)   Receiving objects:  15% (467/3110)   Receiving objects:  16% (498/3110)   Receiving objects:  17% (529/3110)   Receiving objects:  18% (560/3110)   Receiving objects:  19% (591/3110)   Receiving objects:  20% (622/3110)   Receiving objects:  21% (654/3110)   Receiving objects:  22% (685/3110)   Receiving objects:  23% (716/3110)   Receiving objects:  24% (747/3110)   Receiving objects:  25% (778/3110)   Receiving objects:  26% (809/3110)   Receiving objects:  27% (840/3110)   Receiving objects:  28% (871/3110)   Receiving objects:  29% (902/3110)   Receiving objects:  30% (933/3110)   Receiving objects:  31% (965/3110)   Receiving objects:  32% (996/3110)   Receiving objects:  33% (1027/3110)   Receiving objects:  34% (1058/3110)   Receiving objects:  35% (1089/3110)   Receiving objects:  36% (1120/3110)   Receiving objects:  37% (1151/3110)   Receiving objects:  38% (1182/3110)   Receiving objects:  39% (1213/3110)   Receiving objects:  40% (1244/3110)   Receiving objects:  41% (1276/3110)   Receiving objects:  42% (1307/3110)   Receiving objects:  43% (1338/3110)   Receiving objects:  44% (1369/3110)   Receiving objects:  45% (1400/3110)   Receiving objects:  46% (1431/3110)   Receiving objects:  47% (1462/3110)   Receiving objects:  48% (1493/3110)   Receiving objects:  49% (1524/3110)   Receiving objects:  50% (1555/3110)   Receiving objects:  51% (1587/3110)   Receiving objects:  52% (1618/3110)   Receiving objects:  53% (1649/3110)   Receiving objects:  54% (1680/3110)   Receiving objects:  55% (1711/3110)   Receiving objects:  56% (1742/3110)   Receiving objects:  57% (1773/3110)   Receiving objects:  58% (1804/3110)   Receiving objects:  59% (1835/3110)   Receiving objects:  60% (1866/3110)   Receiving objects:  61% (1898/3110)   Receiving objects:  62% (1929/3110)   Receiving objects:  63% (1960/3110)   Receiving objects:  64% (1991/3110)   Receiving objects:  65% (2022/3110)   Receiving objects:  66% (2053/3110)   Receiving objects:  67% (2084/3110)   Receiving objects:  68% (2115/3110)   Receiving objects:  69% (2146/3110)   Receiving objects:  70% (2177/3110)   Receiving objects:  71% (2209/3110)   Receiving objects:  72% (2240/3110)   Receiving objects:  73% (2271/3110)   Receiving objects:  74% (2302/3110)   Receiving objects:  75% (2333/3110)   Receiving objects:  76% (2364/3110)   Receiving objects:  77% (2395/3110)   Receiving objects:  78% (2426/3110)   Receiving objects:  79% (2457/3110)   Receiving objects:  80% (2488/3110)   Receiving objects:  81% (2520/3110)   Receiving objects:  82% (2551/3110)   Receiving objects:  83% (2582/3110)   Receiving objects:  84% (2613/3110)   Receiving objects:  85% (2644/3110)   Receiving objects:  86% (2675/3110)   Receiving objects:  87% (2706/3110)   Receiving objects:  88% (2737/3110)   Receiving objects:  89% (2768/3110)   Receiving objects:  90% (2799/3110)   Receiving objects:  91% (2831/3110)   Receiving objects:  92% (2862/3110)   Receiving objects:  93% (2893/3110)   Receiving objects:  94% (2924/3110)   Receiving objects:  95% (2955/3110)   Receiving objects:  96% (2986/3110)   remote: Total 3110 (delta 1283), reused 2237 (delta 952), pack-reused 0[K
Receiving objects:  97% (3017/3110)   Receiving objects:  98% (3048/3110)   Receiving objects:  99% (3079/3110)   Receiving objects: 100% (3110/3110)   Receiving objects: 100% (3110/3110), 14.82 MiB | 0 bytes/s, done.
Resolving deltas:   0% (0/1283)   Resolving deltas:   2% (32/1283)   Resolving deltas:   9% (117/1283)   Resolving deltas:  14% (181/1283)   Resolving deltas:  18% (236/1283)   Resolving deltas:  22% (291/1283)   Resolving deltas:  23% (299/1283)   Resolving deltas:  24% (311/1283)   Resolving deltas:  25% (321/1283)   Resolving deltas:  26% (339/1283)   Resolving deltas:  27% (347/1283)   Resolving deltas:  28% (367/1283)   Resolving deltas:  29% (378/1283)   Resolving deltas:  30% (387/1283)   Resolving deltas:  31% (398/1283)   Resolving deltas:  32% (420/1283)   Resolving deltas:  33% (426/1283)   Resolving deltas:  34% (438/1283)   Resolving deltas:  35% (461/1283)   Resolving deltas:  36% (462/1283)   Resolving deltas:  37% (479/1283)   Resolving deltas:  38% (492/1283)   Resolving deltas:  39% (502/1283)   Resolving deltas:  40% (516/1283)   Resolving deltas:  41% (527/1283)   Resolving deltas:  42% (540/1283)   Resolving deltas:  43% (558/1283)   Resolving deltas:  44% (565/1283)   Resolving deltas:  45% (578/1283)   Resolving deltas:  46% (592/1283)   Resolving deltas:  47% (606/1283)   Resolving deltas:  48% (616/1283)   Resolving deltas:  49% (629/1283)   Resolving deltas:  50% (643/1283)   Resolving deltas:  51% (655/1283)   Resolving deltas:  52% (671/1283)   Resolving deltas:  53% (680/1283)   Resolving deltas:  54% (693/1283)   Resolving deltas:  55% (706/1283)   Resolving deltas:  56% (719/1283)   Resolving deltas:  57% (733/1283)   Resolving deltas:  58% (745/1283)   Resolving deltas:  59% (758/1283)   Resolving deltas:  60% (770/1283)   Resolving deltas:  61% (783/1283)   Resolving deltas:  62% (804/1283)   Resolving deltas:  63% (809/1283)   Resolving deltas:  64% (823/1283)   Resolving deltas:  65% (834/1283)   Resolving deltas:  66% (847/1283)   Resolving deltas:  67% (860/1283)   Resolving deltas:  68% (873/1283)   Resolving deltas:  69% (886/1283)   Resolving deltas:  70% (899/1283)   Resolving deltas:  71% (916/1283)   Resolving deltas:  72% (925/1283)   Resolving deltas:  73% (938/1283)   Resolving deltas:  74% (950/1283)   Resolving deltas:  75% (963/1283)   Resolving deltas:  76% (976/1283)   Resolving deltas:  78% (1008/1283)   Resolving deltas:  84% (1080/1283)   Resolving deltas:  85% (1093/1283)   Resolving deltas:  86% (1104/1283)   Resolving deltas:  87% (1121/1283)   Resolving deltas:  88% (1130/1283)   Resolving deltas:  89% (1144/1283)   Resolving deltas:  90% (1155/1283)   Resolving deltas:  91% (1168/1283)   Resolving deltas:  92% (1181/1283)   Resolving deltas:  93% (1194/1283)   Resolving deltas:  94% (1207/1283)   Resolving deltas:  96% (1243/1283)   Resolving deltas:  97% (1246/1283)   Resolving deltas:  98% (1259/1283)   Resolving deltas:  99% (1275/1283)   Resolving deltas: 100% (1283/1283)   Resolving deltas: 100% (1283/1283), done.
Checking connectivity... done.

travis_time:end:0e1e3b98:start=1455090776071961514,finish=1455090777463702777,duration=1391741263[0K$ cd yamcs/yamcs
$ git checkout -qf 9ccb351f73562f3c865edd27d105bf654ca49c23
travis_fold:end:git.checkout[0K
[33;1mThis job is running on container-based infrastructure, which does not allow use of 'sudo', setuid and setguid executables.[0m
[33;1mIf you require sudo, add 'sudo: required' to your .travis.yml[0m
[33;1mSee https://docs.travis-ci.com/user/workers/container-based-infrastructure/ for details.[0m
travis_fold:start:cache.1[0KSetting up build cache
$ export CASHER_DIR=$HOME/.casher
travis_time:start:12ac6446[0K$ Installing caching utilities

travis_time:end:12ac6446:start=1455090779369816517,finish=1455090779452982663,duration=83166146[0Ktravis_time:start:15bcacf6[0K
travis_time:end:15bcacf6:start=1455090779458732410,finish=1455090779462974146,duration=4241736[0Ktravis_time:start:0534e7e0[0K[32;1mattempting to download cache archive[0m
[32;1mfetching master/cache--jdk-oraclejdk8.tgz[0m
[32;1mfound cache[0m

travis_time:end:0534e7e0:start=1455090779467840218,finish=1455090781343756906,duration=1875916688[0Ktravis_time:start:0e887e84[0K
travis_time:end:0e887e84:start=1455090781348905875,finish=1455090781353386566,duration=4480691[0Ktravis_time:start:0b76b9dc[0K[32;1madding /home/travis/.m2 to cache[0m

travis_time:end:0b76b9dc:start=1455090781358361250,finish=1455090783016595009,duration=1658233759[0Ktravis_fold:end:cache.1[0K$ jdk_switcher use oraclejdk8
Switching to Oracle JDK8 (java-8-oracle), JAVA_HOME will be set to /usr/lib/jvm/java-8-oracle
$ java -Xmx32m -version
java version "1.8.0_31"
Java(TM) SE Runtime Environment (build 1.8.0_31-b13)
Java HotSpot(TM) 64-Bit Server VM (build 25.31-b07, mixed mode)
$ javac -J-Xmx32m -version
javac 1.8.0_31
travis_fold:start:install[0Ktravis_time:start:143720b2[0K$ mvn install -DskipTests=true -Dmaven.javadoc.skip=true -B -V
Java HotSpot(TM) 64-Bit Server VM warning: ignoring option MaxPermSize=192m; support was removed in 8.0
Apache Maven 3.2.5 (12a6b3acb947671f09b81f49094c53f426d8cea1; 2014-12-14T17:29:23+00:00)
Maven home: /usr/local/maven
Java version: 1.8.0_31, vendor: Oracle Corporation
Java home: /usr/lib/jvm/java-8-oracle/jre
Default locale: en_US, platform encoding: UTF-8
OS name: "linux", version: "3.13.0-40-generic", arch: "amd64", family: "unix"
[INFO] Scanning for projects...
[INFO] ------------------------------------------------------------------------
[INFO] Reactor Build Order:
[INFO] 
[INFO] Yamcs
[INFO] Yamcs API
[INFO] Yamcs XTCE
[INFO] Yamcs Core
[INFO] Yamcs Simulation
[INFO]                                                                         
[INFO] ------------------------------------------------------------------------
[INFO] Building Yamcs 0.29.2
[INFO] ------------------------------------------------------------------------
[INFO] 
[INFO] --- maven-install-plugin:2.4:install (default-install) @ yamcs ---
[INFO] Installing /home/travis/build/yamcs/yamcs/pom.xml to /home/travis/.m2/repository/org/yamcs/yamcs/0.29.2/yamcs-0.29.2.pom
[INFO]                                                                         
[INFO] ------------------------------------------------------------------------
[INFO] Building Yamcs API 0.29.2
[INFO] ------------------------------------------------------------------------
[INFO] 
[INFO] --- maven-resources-plugin:2.6:resources (default-resources) @ yamcs-api ---
[INFO] Using 'UTF-8' encoding to copy filtered resources.
[INFO] Copying 1 resource
[INFO] 
[INFO] --- maven-compiler-plugin:2.3.2:compile (default-compile) @ yamcs-api ---
[INFO] Compiling 64 source files to /home/travis/build/yamcs/yamcs/yamcs-api/target/classes
[INFO] 
[INFO] --- maven-resources-plugin:2.6:testResources (default-testResources) @ yamcs-api ---
[INFO] Using 'UTF-8' encoding to copy filtered resources.
[INFO] skip non existing resourceDirectory /home/travis/build/yamcs/yamcs/yamcs-api/src/test/resources
[INFO] 
[INFO] --- maven-compiler-plugin:2.3.2:testCompile (default-testCompile) @ yamcs-api ---
[INFO] Compiling 4 source files to /home/travis/build/yamcs/yamcs/yamcs-api/target/test-classes
[INFO] 
[INFO] --- maven-surefire-plugin:2.19.1:test (default-test) @ yamcs-api ---
[INFO] Tests are skipped.
[INFO] 
[INFO] --- maven-jar-plugin:2.4:jar (default-jar) @ yamcs-api ---
[INFO] Building jar: /home/travis/build/yamcs/yamcs/yamcs-api/target/yamcs-api-0.29.2.jar
[INFO] 
[INFO] --- maven-install-plugin:2.4:install (default-install) @ yamcs-api ---
[INFO] Installing /home/travis/build/yamcs/yamcs/yamcs-api/target/yamcs-api-0.29.2.jar to /home/travis/.m2/repository/org/yamcs/yamcs-api/0.29.2/yamcs-api-0.29.2.jar
[INFO] Installing /home/travis/build/yamcs/yamcs/yamcs-api/pom.xml to /home/travis/.m2/repository/org/yamcs/yamcs-api/0.29.2/yamcs-api-0.29.2.pom
[INFO]                                                                         
[INFO] ------------------------------------------------------------------------
[INFO] Building Yamcs XTCE 0.29.2
[INFO] ------------------------------------------------------------------------
[INFO] 
[INFO] --- maven-resources-plugin:2.6:resources (default-resources) @ yamcs-xtce ---
[INFO] Using 'UTF-8' encoding to copy filtered resources.
[INFO] Copying 1 resource
[INFO] 
[INFO] --- maven-compiler-plugin:2.3.2:compile (default-compile) @ yamcs-xtce ---
[INFO] Compiling 106 source files to /home/travis/build/yamcs/yamcs/yamcs-xtce/target/classes
[INFO] 
[INFO] --- maven-resources-plugin:2.6:testResources (default-testResources) @ yamcs-xtce ---
[INFO] Using 'UTF-8' encoding to copy filtered resources.
[INFO] skip non existing resourceDirectory /home/travis/build/yamcs/yamcs/yamcs-xtce/src/test/resources
[INFO] 
[INFO] --- maven-compiler-plugin:2.3.2:testCompile (default-testCompile) @ yamcs-xtce ---
[INFO] Compiling 1 source file to /home/travis/build/yamcs/yamcs/yamcs-xtce/target/test-classes
[INFO] 
[INFO] --- maven-surefire-plugin:2.19.1:test (default-test) @ yamcs-xtce ---
[INFO] Tests are skipped.
[INFO] 
[INFO] --- maven-jar-plugin:2.4:jar (default-jar) @ yamcs-xtce ---
[INFO] Building jar: /home/travis/build/yamcs/yamcs/yamcs-xtce/target/yamcs-xtce-0.29.2.jar
[INFO] 
[INFO] --- maven-install-plugin:2.4:install (default-install) @ yamcs-xtce ---
[INFO] Installing /home/travis/build/yamcs/yamcs/yamcs-xtce/target/yamcs-xtce-0.29.2.jar to /home/travis/.m2/repository/org/yamcs/yamcs-xtce/0.29.2/yamcs-xtce-0.29.2.jar
[INFO] Installing /home/travis/build/yamcs/yamcs/yamcs-xtce/pom.xml to /home/travis/.m2/repository/org/yamcs/yamcs-xtce/0.29.2/yamcs-xtce-0.29.2.pom
[INFO]                                                                         
[INFO] ------------------------------------------------------------------------
[INFO] Building Yamcs Core 0.29.2
[INFO] ------------------------------------------------------------------------
[INFO] 
[INFO] --- build-helper-maven-plugin:1.9.1:add-source (add-source) @ yamcs-core ---
[INFO] Source directory: /home/travis/build/yamcs/yamcs/yamcs-core/target/generated-sources/version added.
[INFO] 
[INFO] --- maven-antrun-plugin:1.3:run (generate-version) @ yamcs-core ---
[INFO] Executing tasks
     [copy] Copying 1 file to /home/travis/build/yamcs/yamcs/yamcs-core/target/generated-sources/version/org/yamcs
[INFO] Executed tasks
[INFO] 
[INFO] --- maven-resources-plugin:2.6:resources (default-resources) @ yamcs-core ---
[INFO] Using 'UTF-8' encoding to copy filtered resources.
[INFO] Copying 31 resources
[INFO] 
[INFO] --- maven-compiler-plugin:2.3.2:compile (default-compile) @ yamcs-core ---
[INFO] Compiling 496 source files to /home/travis/build/yamcs/yamcs/yamcs-core/target/classes
[INFO] -------------------------------------------------------------
[ERROR] COMPILATION ERROR : 
[INFO] -------------------------------------------------------------
[ERROR] /home/travis/build/yamcs/yamcs/yamcs-core/src/main/java/org/yamcs/YProcessor.java:[285,0] error: illegal start of expression
[ERROR] /home/travis/build/yamcs/yamcs/yamcs-core/src/main/java/org/yamcs/YProcessor.java:[285,2] error: illegal start of expression
[ERROR] /home/travis/build/yamcs/yamcs/yamcs-core/src/main/java/org/yamcs/YProcessor.java:[285,4] error: illegal start of expression
[ERROR] /home/travis/build/yamcs/yamcs/yamcs-core/src/main/java/org/yamcs/YProcessor.java:[287,0] error: > expected
[ERROR] /home/travis/build/yamcs/yamcs/yamcs-core/src/main/java/org/yamcs/YProcessor.java:[287,4] error: illegal start of expression
[ERROR] /home/travis/build/yamcs/yamcs/yamcs-core/src/main/java/org/yamcs/YProcessor.java:[287,6] error: illegal start of expression
[ERROR] /home/travis/build/yamcs/yamcs/yamcs-core/src/main/java/org/yamcs/YProcessor.java:[290,0] error: illegal start of expression
[ERROR] /home/travis/build/yamcs/yamcs/yamcs-core/src/main/java/org/yamcs/YProcessor.java:[290,3] error: illegal start of expression
[ERROR] /home/travis/build/yamcs/yamcs/yamcs-core/src/main/java/org/yamcs/YProcessor.java:[290,6] error: illegal start of expression
[ERROR] /home/travis/build/yamcs/yamcs/yamcs-core/src/main/java/org/yamcs/YProcessor.java:[290,13] error: ';' expected
[ERROR] /home/travis/build/yamcs/yamcs/yamcs-core/src/main/java/org/yamcs/YProcessor.java:[290,14] error: not a statement
[ERROR] /home/travis/build/yamcs/yamcs/yamcs-core/src/main/java/org/yamcs/YProcessor.java:[290,15] error: ';' expected
[ERROR] /home/travis/build/yamcs/yamcs/yamcs-core/src/main/java/org/yamcs/YProcessor.java:[290,27] error: ';' expected
[ERROR] /home/travis/build/yamcs/yamcs/yamcs-core/src/main/java/org/yamcs/YProcessor.java:[290,28] error: not a statement
[ERROR] /home/travis/build/yamcs/yamcs/yamcs-core/src/main/java/org/yamcs/YProcessor.java:[290,36] error: ';' expected
[ERROR] /home/travis/build/yamcs/yamcs/yamcs-core/src/main/java/org/yamcs/YProcessor.java:[290,42] error: <identifier> expected
[ERROR] /home/travis/build/yamcs/yamcs/yamcs-core/src/main/java/org/yamcs/YProcessor.java:[290,58] error: ';' expected
[ERROR] /home/travis/build/yamcs/yamcs/yamcs-core/src/main/java/org/yamcs/YProcessor.java:[290,74] error: ';' expected
[ERROR] /home/travis/build/yamcs/yamcs/yamcs-core/src/main/java/org/yamcs/YProcessor.java:[290,88] error: <identifier> expected
[ERROR] /home/travis/build/yamcs/yamcs/yamcs-core/src/main/java/org/yamcs/YProcessor.java:[640,1] error: reached end of file while parsing
[INFO] 20 errors 
[INFO] -------------------------------------------------------------
[INFO] ------------------------------------------------------------------------
[INFO] Reactor Summary:
[INFO] 
[INFO] Yamcs .............................................. SUCCESS [  0.569 s]
[INFO] Yamcs API .......................................... SUCCESS [ 46.524 s]
[INFO] Yamcs XTCE ......................................... SUCCESS [ 10.638 s]
[INFO] Yamcs Core ......................................... FAILURE [  5.041 s]
[INFO] Yamcs Simulation ................................... SKIPPED
[INFO] ------------------------------------------------------------------------
[INFO] BUILD FAILURE
[INFO] ------------------------------------------------------------------------
[INFO] Total time: 01:03 min
[INFO] Finished at: 2016-02-10T07:54:09+00:00
[INFO] Final Memory: 37M/457M
[INFO] ------------------------------------------------------------------------
[ERROR] Failed to execute goal org.apache.maven.plugins:maven-compiler-plugin:2.3.2:compile (default-compile) on project yamcs-core: Compilation failure: Compilation failure:
[ERROR] /home/travis/build/yamcs/yamcs/yamcs-core/src/main/java/org/yamcs/YProcessor.java:[285,0] error: illegal start of expression
[ERROR] /home/travis/build/yamcs/yamcs/yamcs-core/src/main/java/org/yamcs/YProcessor.java:[285,2] error: illegal start of expression
[ERROR] /home/travis/build/yamcs/yamcs/yamcs-core/src/main/java/org/yamcs/YProcessor.java:[285,4] error: illegal start of expression
[ERROR] /home/travis/build/yamcs/yamcs/yamcs-core/src/main/java/org/yamcs/YProcessor.java:[287,0] error: > expected
[ERROR] /home/travis/build/yamcs/yamcs/yamcs-core/src/main/java/org/yamcs/YProcessor.java:[287,4] error: illegal start of expression
[ERROR] /home/travis/build/yamcs/yamcs/yamcs-core/src/main/java/org/yamcs/YProcessor.java:[287,6] error: illegal start of expression
[ERROR] /home/travis/build/yamcs/yamcs/yamcs-core/src/main/java/org/yamcs/YProcessor.java:[290,0] error: illegal start of expression
[ERROR] /home/travis/build/yamcs/yamcs/yamcs-core/src/main/java/org/yamcs/YProcessor.java:[290,3] error: illegal start of expression
[ERROR] /home/travis/build/yamcs/yamcs/yamcs-core/src/main/java/org/yamcs/YProcessor.java:[290,6] error: illegal start of expression
[ERROR] /home/travis/build/yamcs/yamcs/yamcs-core/src/main/java/org/yamcs/YProcessor.java:[290,13] error: ';' expected
[ERROR] /home/travis/build/yamcs/yamcs/yamcs-core/src/main/java/org/yamcs/YProcessor.java:[290,14] error: not a statement
[ERROR] /home/travis/build/yamcs/yamcs/yamcs-core/src/main/java/org/yamcs/YProcessor.java:[290,15] error: ';' expected
[ERROR] /home/travis/build/yamcs/yamcs/yamcs-core/src/main/java/org/yamcs/YProcessor.java:[290,27] error: ';' expected
[ERROR] /home/travis/build/yamcs/yamcs/yamcs-core/src/main/java/org/yamcs/YProcessor.java:[290,28] error: not a statement
[ERROR] /home/travis/build/yamcs/yamcs/yamcs-core/src/main/java/org/yamcs/YProcessor.java:[290,36] error: ';' expected
[ERROR] /home/travis/build/yamcs/yamcs/yamcs-core/src/main/java/org/yamcs/YProcessor.java:[290,42] error: <identifier> expected
[ERROR] /home/travis/build/yamcs/yamcs/yamcs-core/src/main/java/org/yamcs/YProcessor.java:[290,58] error: ';' expected
[ERROR] /home/travis/build/yamcs/yamcs/yamcs-core/src/main/java/org/yamcs/YProcessor.java:[290,74] error: ';' expected
[ERROR] /home/travis/build/yamcs/yamcs/yamcs-core/src/main/java/org/yamcs/YProcessor.java:[290,88] error: <identifier> expected
[ERROR] /home/travis/build/yamcs/yamcs/yamcs-core/src/main/java/org/yamcs/YProcessor.java:[640,1] error: reached end of file while parsing
[ERROR] -> [Help 1]
[ERROR] 
[ERROR] To see the full stack trace of the errors, re-run Maven with the -e switch.
[ERROR] Re-run Maven using the -X switch to enable full debug logging.
[ERROR] 
[ERROR] For more information about the errors and possible solutions, please read the following articles:
[ERROR] [Help 1] http://cwiki.apache.org/confluence/display/MAVEN/MojoFailureException
[ERROR] 
[ERROR] After correcting the problems, you can resume the build with the command
[ERROR]   mvn <goals> -rf :yamcs-core

[31;1mThe command "eval mvn install -DskipTests=true -Dmaven.javadoc.skip=true -B -V" failed. Retrying, 2 of 3.[0m

Java HotSpot(TM) 64-Bit Server VM warning: ignoring option MaxPermSize=192m; support was removed in 8.0
Apache Maven 3.2.5 (12a6b3acb947671f09b81f49094c53f426d8cea1; 2014-12-14T17:29:23+00:00)
Maven home: /usr/local/maven
Java version: 1.8.0_31, vendor: Oracle Corporation
Java home: /usr/lib/jvm/java-8-oracle/jre
Default locale: en_US, platform encoding: UTF-8
OS name: "linux", version: "3.13.0-40-generic", arch: "amd64", family: "unix"
[INFO] Scanning for projects...
[INFO] ------------------------------------------------------------------------
[INFO] Reactor Build Order:
[INFO] 
[INFO] Yamcs
[INFO] Yamcs API
[INFO] Yamcs XTCE
[INFO] Yamcs Core
[INFO] Yamcs Simulation
[INFO]                                                                         
[INFO] ------------------------------------------------------------------------
[INFO] Building Yamcs 0.29.2
[INFO] ------------------------------------------------------------------------
[INFO] 
[INFO] --- maven-install-plugin:2.4:install (default-install) @ yamcs ---
[INFO] Installing /home/travis/build/yamcs/yamcs/pom.xml to /home/travis/.m2/repository/org/yamcs/yamcs/0.29.2/yamcs-0.29.2.pom
[INFO]                                                                         
[INFO] ------------------------------------------------------------------------
[INFO] Building Yamcs API 0.29.2
[INFO] ------------------------------------------------------------------------
[INFO] 
[INFO] --- maven-resources-plugin:2.6:resources (default-resources) @ yamcs-api ---
[INFO] Using 'UTF-8' encoding to copy filtered resources.
[INFO] Copying 1 resource
[INFO] 
[INFO] --- maven-compiler-plugin:2.3.2:compile (default-compile) @ yamcs-api ---
[INFO] Nothing to compile - all classes are up to date
[INFO] 
[INFO] --- maven-resources-plugin:2.6:testResources (default-testResources) @ yamcs-api ---
[INFO] Using 'UTF-8' encoding to copy filtered resources.
[INFO] skip non existing resourceDirectory /home/travis/build/yamcs/yamcs/yamcs-api/src/test/resources
[INFO] 
[INFO] --- maven-compiler-plugin:2.3.2:testCompile (default-testCompile) @ yamcs-api ---
[INFO] Nothing to compile - all classes are up to date
[INFO] 
[INFO] --- maven-surefire-plugin:2.19.1:test (default-test) @ yamcs-api ---
[INFO] Tests are skipped.
[INFO] 
[INFO] --- maven-jar-plugin:2.4:jar (default-jar) @ yamcs-api ---
[INFO] 
[INFO] --- maven-install-plugin:2.4:install (default-install) @ yamcs-api ---
[INFO] Installing /home/travis/build/yamcs/yamcs/yamcs-api/target/yamcs-api-0.29.2.jar to /home/travis/.m2/repository/org/yamcs/yamcs-api/0.29.2/yamcs-api-0.29.2.jar
[INFO] Installing /home/travis/build/yamcs/yamcs/yamcs-api/pom.xml to /home/travis/.m2/repository/org/yamcs/yamcs-api/0.29.2/yamcs-api-0.29.2.pom
[INFO]                                                                         
[INFO] ------------------------------------------------------------------------
[INFO] Building Yamcs XTCE 0.29.2
[INFO] ------------------------------------------------------------------------
[INFO] 
[INFO] --- maven-resources-plugin:2.6:resources (default-resources) @ yamcs-xtce ---
[INFO] Using 'UTF-8' encoding to copy filtered resources.
[INFO] Copying 1 resource
[INFO] 
[INFO] --- maven-compiler-plugin:2.3.2:compile (default-compile) @ yamcs-xtce ---
[INFO] Nothing to compile - all classes are up to date
[INFO] 
[INFO] --- maven-resources-plugin:2.6:testResources (default-testResources) @ yamcs-xtce ---
[INFO] Using 'UTF-8' encoding to copy filtered resources.
[INFO] skip non existing resourceDirectory /home/travis/build/yamcs/yamcs/yamcs-xtce/src/test/resources
[INFO] 
[INFO] --- maven-compiler-plugin:2.3.2:testCompile (default-testCompile) @ yamcs-xtce ---
[INFO] Nothing to compile - all classes are up to date
[INFO] 
[INFO] --- maven-surefire-plugin:2.19.1:test (default-test) @ yamcs-xtce ---
[INFO] Tests are skipped.
[INFO] 
[INFO] --- maven-jar-plugin:2.4:jar (default-jar) @ yamcs-xtce ---
[INFO] Building jar: /home/travis/build/yamcs/yamcs/yamcs-xtce/target/yamcs-xtce-0.29.2.jar
[INFO] 
[INFO] --- maven-install-plugin:2.4:install (default-install) @ yamcs-xtce ---
[INFO] Installing /home/travis/build/yamcs/yamcs/yamcs-xtce/target/yamcs-xtce-0.29.2.jar to /home/travis/.m2/repository/org/yamcs/yamcs-xtce/0.29.2/yamcs-xtce-0.29.2.jar
[INFO] Installing /home/travis/build/yamcs/yamcs/yamcs-xtce/pom.xml to /home/travis/.m2/repository/org/yamcs/yamcs-xtce/0.29.2/yamcs-xtce-0.29.2.pom
[INFO]                                                                         
[INFO] ------------------------------------------------------------------------
[INFO] Building Yamcs Core 0.29.2
[INFO] ------------------------------------------------------------------------
[INFO] 
[INFO] --- build-helper-maven-plugin:1.9.1:add-source (add-source) @ yamcs-core ---
[INFO] Source directory: /home/travis/build/yamcs/yamcs/yamcs-core/target/generated-sources/version added.
[INFO] 
[INFO] --- maven-antrun-plugin:1.3:run (generate-version) @ yamcs-core ---
[INFO] Executing tasks
[INFO] Executed tasks
[INFO] 
[INFO] --- maven-resources-plugin:2.6:resources (default-resources) @ yamcs-core ---
[INFO] Using 'UTF-8' encoding to copy filtered resources.
[INFO] Copying 31 resources
[INFO] 
[INFO] --- maven-compiler-plugin:2.3.2:compile (default-compile) @ yamcs-core ---
[INFO] Compiling 496 source files to /home/travis/build/yamcs/yamcs/yamcs-core/target/classes
[INFO] -------------------------------------------------------------
[ERROR] COMPILATION ERROR : 
[INFO] -------------------------------------------------------------
[ERROR] /home/travis/build/yamcs/yamcs/yamcs-core/src/main/java/org/yamcs/YProcessor.java:[285,0] error: illegal start of expression
[ERROR] /home/travis/build/yamcs/yamcs/yamcs-core/src/main/java/org/yamcs/YProcessor.java:[285,2] error: illegal start of expression
[ERROR] /home/travis/build/yamcs/yamcs/yamcs-core/src/main/java/org/yamcs/YProcessor.java:[285,4] error: illegal start of expression
[ERROR] /home/travis/build/yamcs/yamcs/yamcs-core/src/main/java/org/yamcs/YProcessor.java:[287,0] error: > expected
[ERROR] /home/travis/build/yamcs/yamcs/yamcs-core/src/main/java/org/yamcs/YProcessor.java:[287,4] error: illegal start of expression
[ERROR] /home/travis/build/yamcs/yamcs/yamcs-core/src/main/java/org/yamcs/YProcessor.java:[287,6] error: illegal start of expression
[ERROR] /home/travis/build/yamcs/yamcs/yamcs-core/src/main/java/org/yamcs/YProcessor.java:[290,0] error: illegal start of expression
[ERROR] /home/travis/build/yamcs/yamcs/yamcs-core/src/main/java/org/yamcs/YProcessor.java:[290,3] error: illegal start of expression
[ERROR] /home/travis/build/yamcs/yamcs/yamcs-core/src/main/java/org/yamcs/YProcessor.java:[290,6] error: illegal start of expression
[ERROR] /home/travis/build/yamcs/yamcs/yamcs-core/src/main/java/org/yamcs/YProcessor.java:[290,13] error: ';' expected
[ERROR] /home/travis/build/yamcs/yamcs/yamcs-core/src/main/java/org/yamcs/YProcessor.java:[290,14] error: not a statement
[ERROR] /home/travis/build/yamcs/yamcs/yamcs-core/src/main/java/org/yamcs/YProcessor.java:[290,15] error: ';' expected
[ERROR] /home/travis/build/yamcs/yamcs/yamcs-core/src/main/java/org/yamcs/YProcessor.java:[290,27] error: ';' expected
[ERROR] /home/travis/build/yamcs/yamcs/yamcs-core/src/main/java/org/yamcs/YProcessor.java:[290,28] error: not a statement
[ERROR] /home/travis/build/yamcs/yamcs/yamcs-core/src/main/java/org/yamcs/YProcessor.java:[290,36] error: ';' expected
[ERROR] /home/travis/build/yamcs/yamcs/yamcs-core/src/main/java/org/yamcs/YProcessor.java:[290,42] error: <identifier> expected
[ERROR] /home/travis/build/yamcs/yamcs/yamcs-core/src/main/java/org/yamcs/YProcessor.java:[290,58] error: ';' expected
[ERROR] /home/travis/build/yamcs/yamcs/yamcs-core/src/main/java/org/yamcs/YProcessor.java:[290,74] error: ';' expected
[ERROR] /home/travis/build/yamcs/yamcs/yamcs-core/src/main/java/org/yamcs/YProcessor.java:[290,88] error: <identifier> expected
[ERROR] /home/travis/build/yamcs/yamcs/yamcs-core/src/main/java/org/yamcs/YProcessor.java:[640,1] error: reached end of file while parsing
[INFO] 20 errors 
[INFO] -------------------------------------------------------------
[INFO] ------------------------------------------------------------------------
[INFO] Reactor Summary:
[INFO] 
[INFO] Yamcs .............................................. SUCCESS [  0.591 s]
[INFO] Yamcs API .......................................... SUCCESS [  2.891 s]
[INFO] Yamcs XTCE ......................................... SUCCESS [  0.530 s]
[INFO] Yamcs Core ......................................... FAILURE [  7.198 s]
[INFO] Yamcs Simulation ................................... SKIPPED
[INFO] ------------------------------------------------------------------------
[INFO] BUILD FAILURE
[INFO] ------------------------------------------------------------------------
[INFO] Total time: 11.452 s
[INFO] Finished at: 2016-02-10T07:54:33+00:00
[INFO] Final Memory: 14M/343M
[INFO] ------------------------------------------------------------------------
[ERROR] Failed to execute goal org.apache.maven.plugins:maven-compiler-plugin:2.3.2:compile (default-compile) on project yamcs-core: Compilation failure: Compilation failure:
[ERROR] /home/travis/build/yamcs/yamcs/yamcs-core/src/main/java/org/yamcs/YProcessor.java:[285,0] error: illegal start of expression
[ERROR] /home/travis/build/yamcs/yamcs/yamcs-core/src/main/java/org/yamcs/YProcessor.java:[285,2] error: illegal start of expression
[ERROR] /home/travis/build/yamcs/yamcs/yamcs-core/src/main/java/org/yamcs/YProcessor.java:[285,4] error: illegal start of expression
[ERROR] /home/travis/build/yamcs/yamcs/yamcs-core/src/main/java/org/yamcs/YProcessor.java:[287,0] error: > expected
[ERROR] /home/travis/build/yamcs/yamcs/yamcs-core/src/main/java/org/yamcs/YProcessor.java:[287,4] error: illegal start of expression
[ERROR] /home/travis/build/yamcs/yamcs/yamcs-core/src/main/java/org/yamcs/YProcessor.java:[287,6] error: illegal start of expression
[ERROR] /home/travis/build/yamcs/yamcs/yamcs-core/src/main/java/org/yamcs/YProcessor.java:[290,0] error: illegal start of expression
[ERROR] /home/travis/build/yamcs/yamcs/yamcs-core/src/main/java/org/yamcs/YProcessor.java:[290,3] error: illegal start of expression
[ERROR] /home/travis/build/yamcs/yamcs/yamcs-core/src/main/java/org/yamcs/YProcessor.java:[290,6] error: illegal start of expression
[ERROR] /home/travis/build/yamcs/yamcs/yamcs-core/src/main/java/org/yamcs/YProcessor.java:[290,13] error: ';' expected
[ERROR] /home/travis/build/yamcs/yamcs/yamcs-core/src/main/java/org/yamcs/YProcessor.java:[290,14] error: not a statement
[ERROR] /home/travis/build/yamcs/yamcs/yamcs-core/src/main/java/org/yamcs/YProcessor.java:[290,15] error: ';' expected
[ERROR] /home/travis/build/yamcs/yamcs/yamcs-core/src/main/java/org/yamcs/YProcessor.java:[290,27] error: ';' expected
[ERROR] /home/travis/build/yamcs/yamcs/yamcs-core/src/main/java/org/yamcs/YProcessor.java:[290,28] error: not a statement
[ERROR] /home/travis/build/yamcs/yamcs/yamcs-core/src/main/java/org/yamcs/YProcessor.java:[290,36] error: ';' expected
[ERROR] /home/travis/build/yamcs/yamcs/yamcs-core/src/main/java/org/yamcs/YProcessor.java:[290,42] error: <identifier> expected
[ERROR] /home/travis/build/yamcs/yamcs/yamcs-core/src/main/java/org/yamcs/YProcessor.java:[290,58] error: ';' expected
[ERROR] /home/travis/build/yamcs/yamcs/yamcs-core/src/main/java/org/yamcs/YProcessor.java:[290,74] error: ';' expected
[ERROR] /home/travis/build/yamcs/yamcs/yamcs-core/src/main/java/org/yamcs/YProcessor.java:[290,88] error: <identifier> expected
[ERROR] /home/travis/build/yamcs/yamcs/yamcs-core/src/main/java/org/yamcs/YProcessor.java:[640,1] error: reached end of file while parsing
[ERROR] -> [Help 1]
[ERROR] 
[ERROR] To see the full stack trace of the errors, re-run Maven with the -e switch.
[ERROR] Re-run Maven using the -X switch to enable full debug logging.
[ERROR] 
[ERROR] For more information about the errors and possible solutions, please read the following articles:
[ERROR] [Help 1] http://cwiki.apache.org/confluence/display/MAVEN/MojoFailureException
[ERROR] 
[ERROR] After correcting the problems, you can resume the build with the command
[ERROR]   mvn <goals> -rf :yamcs-core

[31;1mThe command "eval mvn install -DskipTests=true -Dmaven.javadoc.skip=true -B -V" failed. Retrying, 3 of 3.[0m

Java HotSpot(TM) 64-Bit Server VM warning: ignoring option MaxPermSize=192m; support was removed in 8.0
Apache Maven 3.2.5 (12a6b3acb947671f09b81f49094c53f426d8cea1; 2014-12-14T17:29:23+00:00)
Maven home: /usr/local/maven
Java version: 1.8.0_31, vendor: Oracle Corporation
Java home: /usr/lib/jvm/java-8-oracle/jre
Default locale: en_US, platform encoding: UTF-8
OS name: "linux", version: "3.13.0-40-generic", arch: "amd64", family: "unix"
[INFO] Scanning for projects...
[INFO] ------------------------------------------------------------------------
[INFO] Reactor Build Order:
[INFO] 
[INFO] Yamcs
[INFO] Yamcs API
[INFO] Yamcs XTCE
[INFO] Yamcs Core
[INFO] Yamcs Simulation
[INFO]                                                                         
[INFO] ------------------------------------------------------------------------
[INFO] Building Yamcs 0.29.2
[INFO] ------------------------------------------------------------------------
[INFO] 
[INFO] --- maven-install-plugin:2.4:install (default-install) @ yamcs ---
[INFO] Installing /home/travis/build/yamcs/yamcs/pom.xml to /home/travis/.m2/repository/org/yamcs/yamcs/0.29.2/yamcs-0.29.2.pom
[INFO]                                                                         
[INFO] ------------------------------------------------------------------------
[INFO] Building Yamcs API 0.29.2
[INFO] ------------------------------------------------------------------------
[INFO] 
[INFO] --- maven-resources-plugin:2.6:resources (default-resources) @ yamcs-api ---
[INFO] Using 'UTF-8' encoding to copy filtered resources.
[INFO] Copying 1 resource
[INFO] 
[INFO] --- maven-compiler-plugin:2.3.2:compile (default-compile) @ yamcs-api ---
[INFO] Nothing to compile - all classes are up to date
[INFO] 
[INFO] --- maven-resources-plugin:2.6:testResources (default-testResources) @ yamcs-api ---
[INFO] Using 'UTF-8' encoding to copy filtered resources.
[INFO] skip non existing resourceDirectory /home/travis/build/yamcs/yamcs/yamcs-api/src/test/resources
[INFO] 
[INFO] --- maven-compiler-plugin:2.3.2:testCompile (default-testCompile) @ yamcs-api ---
[INFO] Nothing to compile - all classes are up to date
[INFO] 
[INFO] --- maven-surefire-plugin:2.19.1:test (default-test) @ yamcs-api ---
[INFO] Tests are skipped.
[INFO] 
[INFO] --- maven-jar-plugin:2.4:jar (default-jar) @ yamcs-api ---
[INFO] 
[INFO] --- maven-install-plugin:2.4:install (default-install) @ yamcs-api ---
[INFO] Installing /home/travis/build/yamcs/yamcs/yamcs-api/target/yamcs-api-0.29.2.jar to /home/travis/.m2/repository/org/yamcs/yamcs-api/0.29.2/yamcs-api-0.29.2.jar
[INFO] Installing /home/travis/build/yamcs/yamcs/yamcs-api/pom.xml to /home/travis/.m2/repository/org/yamcs/yamcs-api/0.29.2/yamcs-api-0.29.2.pom
[INFO]                                                                         
[INFO] ------------------------------------------------------------------------
[INFO] Building Yamcs XTCE 0.29.2
[INFO] ------------------------------------------------------------------------
[INFO] 
[INFO] --- maven-resources-plugin:2.6:resources (default-resources) @ yamcs-xtce ---
[INFO] Using 'UTF-8' encoding to copy filtered resources.
[INFO] Copying 1 resource
[INFO] 
[INFO] --- maven-compiler-plugin:2.3.2:compile (default-compile) @ yamcs-xtce ---
[INFO] Nothing to compile - all classes are up to date
[INFO] 
[INFO] --- maven-resources-plugin:2.6:testResources (default-testResources) @ yamcs-xtce ---
[INFO] Using 'UTF-8' encoding to copy filtered resources.
[INFO] skip non existing resourceDirectory /home/travis/build/yamcs/yamcs/yamcs-xtce/src/test/resources
[INFO] 
[INFO] --- maven-compiler-plugin:2.3.2:testCompile (default-testCompile) @ yamcs-xtce ---
[INFO] Nothing to compile - all classes are up to date
[INFO] 
[INFO] --- maven-surefire-plugin:2.19.1:test (default-test) @ yamcs-xtce ---
[INFO] Tests are skipped.
[INFO] 
[INFO] --- maven-jar-plugin:2.4:jar (default-jar) @ yamcs-xtce ---
[INFO] Building jar: /home/travis/build/yamcs/yamcs/yamcs-xtce/target/yamcs-xtce-0.29.2.jar
[INFO] 
[INFO] --- maven-install-plugin:2.4:install (default-install) @ yamcs-xtce ---
[INFO] Installing /home/travis/build/yamcs/yamcs/yamcs-xtce/target/yamcs-xtce-0.29.2.jar to /home/travis/.m2/repository/org/yamcs/yamcs-xtce/0.29.2/yamcs-xtce-0.29.2.jar
[INFO] Installing /home/travis/build/yamcs/yamcs/yamcs-xtce/pom.xml to /home/travis/.m2/repository/org/yamcs/yamcs-xtce/0.29.2/yamcs-xtce-0.29.2.pom
[INFO]                                                                         
[INFO] ------------------------------------------------------------------------
[INFO] Building Yamcs Core 0.29.2
[INFO] ------------------------------------------------------------------------
[INFO] 
[INFO] --- build-helper-maven-plugin:1.9.1:add-source (add-source) @ yamcs-core ---
[INFO] Source directory: /home/travis/build/yamcs/yamcs/yamcs-core/target/generated-sources/version added.
[INFO] 
[INFO] --- maven-antrun-plugin:1.3:run (generate-version) @ yamcs-core ---
[INFO] Executing tasks
[INFO] Executed tasks
[INFO] 
[INFO] --- maven-resources-plugin:2.6:resources (default-resources) @ yamcs-core ---
[INFO] Using 'UTF-8' encoding to copy filtered resources.
[INFO] Copying 31 resources
[INFO] 
[INFO] --- maven-compiler-plugin:2.3.2:compile (default-compile) @ yamcs-core ---
[INFO] Compiling 496 source files to /home/travis/build/yamcs/yamcs/yamcs-core/target/classes
[INFO] -------------------------------------------------------------
[ERROR] COMPILATION ERROR : 
[INFO] -------------------------------------------------------------
[ERROR] /home/travis/build/yamcs/yamcs/yamcs-core/src/main/java/org/yamcs/YProcessor.java:[285,0] error: illegal start of expression
[ERROR] /home/travis/build/yamcs/yamcs/yamcs-core/src/main/java/org/yamcs/YProcessor.java:[285,2] error: illegal start of expression
[ERROR] /home/travis/build/yamcs/yamcs/yamcs-core/src/main/java/org/yamcs/YProcessor.java:[285,4] error: illegal start of expression
[ERROR] /home/travis/build/yamcs/yamcs/yamcs-core/src/main/java/org/yamcs/YProcessor.java:[287,0] error: > expected
[ERROR] /home/travis/build/yamcs/yamcs/yamcs-core/src/main/java/org/yamcs/YProcessor.java:[287,4] error: illegal start of expression
[ERROR] /home/travis/build/yamcs/yamcs/yamcs-core/src/main/java/org/yamcs/YProcessor.java:[287,6] error: illegal start of expression
[ERROR] /home/travis/build/yamcs/yamcs/yamcs-core/src/main/java/org/yamcs/YProcessor.java:[290,0] error: illegal start of expression
[ERROR] /home/travis/build/yamcs/yamcs/yamcs-core/src/main/java/org/yamcs/YProcessor.java:[290,3] error: illegal start of expression
[ERROR] /home/travis/build/yamcs/yamcs/yamcs-core/src/main/java/org/yamcs/YProcessor.java:[290,6] error: illegal start of expression
[ERROR] /home/travis/build/yamcs/yamcs/yamcs-core/src/main/java/org/yamcs/YProcessor.java:[290,13] error: ';' expected
[ERROR] /home/travis/build/yamcs/yamcs/yamcs-core/src/main/java/org/yamcs/YProcessor.java:[290,14] error: not a statement
[ERROR] /home/travis/build/yamcs/yamcs/yamcs-core/src/main/java/org/yamcs/YProcessor.java:[290,15] error: ';' expected
[ERROR] /home/travis/build/yamcs/yamcs/yamcs-core/src/main/java/org/yamcs/YProcessor.java:[290,27] error: ';' expected
[ERROR] /home/travis/build/yamcs/yamcs/yamcs-core/src/main/java/org/yamcs/YProcessor.java:[290,28] error: not a statement
[ERROR] /home/travis/build/yamcs/yamcs/yamcs-core/src/main/java/org/yamcs/YProcessor.java:[290,36] error: ';' expected
[ERROR] /home/travis/build/yamcs/yamcs/yamcs-core/src/main/java/org/yamcs/YProcessor.java:[290,42] error: <identifier> expected
[ERROR] /home/travis/build/yamcs/yamcs/yamcs-core/src/main/java/org/yamcs/YProcessor.java:[290,58] error: ';' expected
[ERROR] /home/travis/build/yamcs/yamcs/yamcs-core/src/main/java/org/yamcs/YProcessor.java:[290,74] error: ';' expected
[ERROR] /home/travis/build/yamcs/yamcs/yamcs-core/src/main/java/org/yamcs/YProcessor.java:[290,88] error: <identifier> expected
[ERROR] /home/travis/build/yamcs/yamcs/yamcs-core/src/main/java/org/yamcs/YProcessor.java:[640,1] error: reached end of file while parsing
[INFO] 20 errors 
[INFO] -------------------------------------------------------------
[INFO] ------------------------------------------------------------------------
[INFO] Reactor Summary:
[INFO] 
[INFO] Yamcs .............................................. SUCCESS [  0.552 s]
[INFO] Yamcs API .......................................... SUCCESS [  3.959 s]
[INFO] Yamcs XTCE ......................................... SUCCESS [  0.251 s]
[INFO] Yamcs Core ......................................... FAILURE [  6.134 s]
[INFO] Yamcs Simulation ................................... SKIPPED
[INFO] ------------------------------------------------------------------------
[INFO] BUILD FAILURE
[INFO] ------------------------------------------------------------------------
[INFO] Total time: 11.127 s
[INFO] Finished at: 2016-02-10T07:54:50+00:00
[INFO] Final Memory: 14M/341M
[INFO] ------------------------------------------------------------------------
[ERROR] Failed to execute goal org.apache.maven.plugins:maven-compiler-plugin:2.3.2:compile (default-compile) on project yamcs-core: Compilation failure: Compilation failure:
[ERROR] /home/travis/build/yamcs/yamcs/yamcs-core/src/main/java/org/yamcs/YProcessor.java:[285,0] error: illegal start of expression
[ERROR] /home/travis/build/yamcs/yamcs/yamcs-core/src/main/java/org/yamcs/YProcessor.java:[285,2] error: illegal start of expression
[ERROR] /home/travis/build/yamcs/yamcs/yamcs-core/src/main/java/org/yamcs/YProcessor.java:[285,4] error: illegal start of expression
[ERROR] /home/travis/build/yamcs/yamcs/yamcs-core/src/main/java/org/yamcs/YProcessor.java:[287,0] error: > expected
[ERROR] /home/travis/build/yamcs/yamcs/yamcs-core/src/main/java/org/yamcs/YProcessor.java:[287,4] error: illegal start of expression
[ERROR] /home/travis/build/yamcs/yamcs/yamcs-core/src/main/java/org/yamcs/YProcessor.java:[287,6] error: illegal start of expression
[ERROR] /home/travis/build/yamcs/yamcs/yamcs-core/src/main/java/org/yamcs/YProcessor.java:[290,0] error: illegal start of expression
[ERROR] /home/travis/build/yamcs/yamcs/yamcs-core/src/main/java/org/yamcs/YProcessor.java:[290,3] error: illegal start of expression
[ERROR] /home/travis/build/yamcs/yamcs/yamcs-core/src/main/java/org/yamcs/YProcessor.java:[290,6] error: illegal start of expression
[ERROR] /home/travis/build/yamcs/yamcs/yamcs-core/src/main/java/org/yamcs/YProcessor.java:[290,13] error: ';' expected
[ERROR] /home/travis/build/yamcs/yamcs/yamcs-core/src/main/java/org/yamcs/YProcessor.java:[290,14] error: not a statement
[ERROR] /home/travis/build/yamcs/yamcs/yamcs-core/src/main/java/org/yamcs/YProcessor.java:[290,15] error: ';' expected
[ERROR] /home/travis/build/yamcs/yamcs/yamcs-core/src/main/java/org/yamcs/YProcessor.java:[290,27] error: ';' expected
[ERROR] /home/travis/build/yamcs/yamcs/yamcs-core/src/main/java/org/yamcs/YProcessor.java:[290,28] error: not a statement
[ERROR] /home/travis/build/yamcs/yamcs/yamcs-core/src/main/java/org/yamcs/YProcessor.java:[290,36] error: ';' expected
[ERROR] /home/travis/build/yamcs/yamcs/yamcs-core/src/main/java/org/yamcs/YProcessor.java:[290,42] error: <identifier> expected
[ERROR] /home/travis/build/yamcs/yamcs/yamcs-core/src/main/java/org/yamcs/YProcessor.java:[290,58] error: ';' expected
[ERROR] /home/travis/build/yamcs/yamcs/yamcs-core/src/main/java/org/yamcs/YProcessor.java:[290,74] error: ';' expected
[ERROR] /home/travis/build/yamcs/yamcs/yamcs-core/src/main/java/org/yamcs/YProcessor.java:[290,88] error: <identifier> expected
[ERROR] /home/travis/build/yamcs/yamcs/yamcs-core/src/main/java/org/yamcs/YProcessor.java:[640,1] error: reached end of file while parsing
[ERROR] -> [Help 1]
[ERROR] 
[ERROR] To see the full stack trace of the errors, re-run Maven with the -e switch.
[ERROR] Re-run Maven using the -X switch to enable full debug logging.
[ERROR] 
[ERROR] For more information about the errors and possible solutions, please read the following articles:
[ERROR] [Help 1] http://cwiki.apache.org/confluence/display/MAVEN/MojoFailureException
[ERROR] 
[ERROR] After correcting the problems, you can resume the build with the command
[ERROR]   mvn <goals> -rf :yamcs-core

[31;1mThe command "eval mvn install -DskipTests=true -Dmaven.javadoc.skip=true -B -V" failed 3 times.[0m


travis_time:end:143720b2:start=1455090783632217223,finish=1455090895063342493,duration=111431125270[0K
[31;1mThe command "mvn install -DskipTests=true -Dmaven.javadoc.skip=true -B -V" failed and exited with 1 during .[0m

Your build has been stopped.
