Using worker: worker-linux-docker-67a41e8e.prod.travis-ci.org:travis-linux-8

travis_fold:start:system_info[0K[33;1mBuild system information[0m
Build language: python
[34m[1mBuild image provisioning date and time[0m
Thu Feb  5 15:09:33 UTC 2015
[34m[1mOperating System Details[0m
Distributor ID:	Ubuntu
Description:	Ubuntu 12.04.5 LTS
Release:	12.04
Codename:	precise
[34m[1mLinux Version[0m
3.13.0-29-generic
[34m[1mCookbooks Version[0m
a68419e https://github.com/travis-ci/travis-cookbooks/tree/a68419e
[34m[1mGCC version[0m
gcc (Ubuntu/Linaro 4.6.3-1ubuntu5) 4.6.3
Copyright (C) 2011 Free Software Foundation, Inc.
This is free software; see the source for copying conditions.  There is NO
warranty; not even for MERCHANTABILITY or FITNESS FOR A PARTICULAR PURPOSE.

[34m[1mLLVM version[0m
clang version 3.4 (tags/RELEASE_34/final)
Target: x86_64-unknown-linux-gnu
Thread model: posix
[34m[1mPre-installed Ruby versions[0m
ruby-1.9.3-p551
[34m[1mPre-installed Node.js versions[0m
v0.10.36
[34m[1mPre-installed Go versions[0m
1.4.1
[34m[1mRedis version[0m
redis-server 2.8.19
[34m[1mriak version[0m
2.0.2
[34m[1mMongoDB version[0m
MongoDB 2.4.12
[34m[1mCouchDB version[0m
couchdb 1.6.1
[34m[1mNeo4j version[0m
1.9.4
[34m[1mRabbitMQ Version[0m
3.4.3
[34m[1mElasticSearch version[0m
1.4.0
[34m[1mInstalled Sphinx versions[0m
2.0.10
2.1.9
2.2.6
[34m[1mDefault Sphinx version[0m
2.2.6
[34m[1mInstalled Firefox version[0m
firefox 31.0esr
[34m[1mPhantomJS version[0m
1.9.8
[34m[1mant -version[0m
Apache Ant(TM) version 1.8.2 compiled on December 3 2011
[34m[1mmvn -version[0m
Apache Maven 3.2.5 (12a6b3acb947671f09b81f49094c53f426d8cea1; 2014-12-14T17:29:23+00:00)
Maven home: /usr/local/maven
Java version: 1.7.0_76, vendor: Oracle Corporation
Java home: /usr/lib/jvm/java-7-oracle/jre
Default locale: en_US, platform encoding: ANSI_X3.4-1968
OS name: "linux", version: "3.13.0-29-generic", arch: "amd64", family: "unix"
travis_fold:end:system_info[0K
travis_fold:start:git.checkout[0Ktravis_time:start:17ecb65e[0K$ git clone --depth=50 --branch=cleanup/soumya/tests git://github.com/Cal-CS-61A-Staff/ok.git Cal-CS-61A-Staff/ok
Cloning into 'Cal-CS-61A-Staff/ok'...
remote: Counting objects: 2230, done.[K
remote: Compressing objects:   0% (1/877)   [Kremote: Compressing objects:   1% (9/877)   [Kremote: Compressing objects:   2% (18/877)   [Kremote: Compressing objects:   3% (27/877)   [Kremote: Compressing objects:   4% (36/877)   [Kremote: Compressing objects:   5% (44/877)   [Kremote: Compressing objects:   6% (53/877)   [Kremote: Compressing objects:   7% (62/877)   [Kremote: Compressing objects:   8% (71/877)   [Kremote: Compressing objects:   9% (79/877)   [Kremote: Compressing objects:  10% (88/877)   [Kremote: Compressing objects:  11% (97/877)   [Kremote: Compressing objects:  12% (106/877)   [Kremote: Compressing objects:  13% (115/877)   [Kremote: Compressing objects:  14% (123/877)   [Kremote: Compressing objects:  15% (132/877)   [Kremote: Compressing objects:  16% (141/877)   [Kremote: Compressing objects:  17% (150/877)   [Kremote: Compressing objects:  18% (158/877)   [Kremote: Compressing objects:  19% (167/877)   [Kremote: Compressing objects:  20% (176/877)   [Kremote: Compressing objects:  21% (185/877)   [Kremote: Compressing objects:  22% (193/877)   [Kremote: Compressing objects:  23% (202/877)   [Kremote: Compressing objects:  24% (211/877)   [Kremote: Compressing objects:  25% (220/877)   [Kremote: Compressing objects:  26% (229/877)   [Kremote: Compressing objects:  27% (237/877)   [Kremote: Compressing objects:  28% (246/877)   [Kremote: Compressing objects:  29% (255/877)   [Kremote: Compressing objects:  30% (264/877)   [Kremote: Compressing objects:  31% (272/877)   [Kremote: Compressing objects:  32% (281/877)   [Kremote: Compressing objects:  33% (290/877)   [Kremote: Compressing objects:  34% (299/877)   [Kremote: Compressing objects:  35% (307/877)   [Kremote: Compressing objects:  36% (316/877)   [Kremote: Compressing objects:  37% (325/877)   [Kremote: Compressing objects:  38% (334/877)   [Kremote: Compressing objects:  39% (343/877)   [Kremote: Compressing objects:  40% (351/877)   [Kremote: Compressing objects:  41% (360/877)   [Kremote: Compressing objects:  42% (369/877)   [Kremote: Compressing objects:  43% (378/877)   [Kremote: Compressing objects:  44% (386/877)   [Kremote: Compressing objects:  45% (395/877)   [Kremote: Compressing objects:  46% (404/877)   [Kremote: Compressing objects:  47% (413/877)   [Kremote: Compressing objects:  48% (421/877)   [Kremote: Compressing objects:  49% (430/877)   [Kremote: Compressing objects:  50% (439/877)   [Kremote: Compressing objects:  51% (448/877)   [Kremote: Compressing objects:  52% (457/877)   [Kremote: Compressing objects:  53% (465/877)   [Kremote: Compressing objects:  54% (474/877)   [Kremote: Compressing objects:  55% (483/877)   [Kremote: Compressing objects:  56% (492/877)   [Kremote: Compressing objects:  57% (500/877)   [Kremote: Compressing objects:  58% (509/877)   [Kremote: Compressing objects:  59% (518/877)   [Kremote: Compressing objects:  60% (527/877)   [Kremote: Compressing objects:  61% (535/877)   [Kremote: Compressing objects:  62% (544/877)   [Kremote: Compressing objects:  63% (553/877)   [Kremote: Compressing objects:  64% (562/877)   [Kremote: Compressing objects:  65% (571/877)   [Kremote: Compressing objects:  66% (579/877)   [Kremote: Compressing objects:  67% (588/877)   [Kremote: Compressing objects:  68% (597/877)   [Kremote: Compressing objects:  69% (606/877)   [Kremote: Compressing objects:  70% (614/877)   [Kremote: Compressing objects:  71% (623/877)   [Kremote: Compressing objects:  72% (632/877)   [Kremote: Compressing objects:  73% (641/877)   [Kremote: Compressing objects:  74% (649/877)   [Kremote: Compressing objects:  75% (658/877)   [Kremote: Compressing objects:  76% (667/877)   [Kremote: Compressing objects:  77% (676/877)   [Kremote: Compressing objects:  78% (685/877)   [Kremote: Compressing objects:  79% (693/877)   [Kremote: Compressing objects:  80% (702/877)   [Kremote: Compressing objects:  81% (711/877)   [Kremote: Compressing objects:  82% (720/877)   [Kremote: Compressing objects:  83% (728/877)   [Kremote: Compressing objects:  84% (737/877)   [Kremote: Compressing objects:  85% (746/877)   [Kremote: Compressing objects:  86% (755/877)   [Kremote: Compressing objects:  87% (763/877)   [Kremote: Compressing objects:  88% (772/877)   [Kremote: Compressing objects:  89% (781/877)   [Kremote: Compressing objects:  90% (790/877)   [Kremote: Compressing objects:  91% (799/877)   [Kremote: Compressing objects:  92% (807/877)   [Kremote: Compressing objects:  93% (816/877)   [Kremote: Compressing objects:  94% (825/877)   [Kremote: Compressing objects:  95% (834/877)   [Kremote: Compressing objects:  96% (842/877)   [Kremote: Compressing objects:  97% (851/877)   [Kremote: Compressing objects:  98% (860/877)   [Kremote: Compressing objects:  99% (869/877)   [Kremote: Compressing objects: 100% (877/877)   [Kremote: Compressing objects: 100% (877/877), done.[K
Receiving objects:   0% (1/2230)   Receiving objects:   1% (23/2230)   Receiving objects:   2% (45/2230)   Receiving objects:   3% (67/2230)   Receiving objects:   4% (90/2230)   Receiving objects:   5% (112/2230)   Receiving objects:   6% (134/2230)   Receiving objects:   7% (157/2230)   Receiving objects:   8% (179/2230)   Receiving objects:   9% (201/2230)   Receiving objects:  10% (223/2230)   Receiving objects:  11% (246/2230)   Receiving objects:  12% (268/2230)   Receiving objects:  13% (290/2230)   Receiving objects:  14% (313/2230)   Receiving objects:  15% (335/2230)   Receiving objects:  16% (357/2230)   Receiving objects:  17% (380/2230)   Receiving objects:  18% (402/2230)   Receiving objects:  19% (424/2230)   Receiving objects:  20% (446/2230)   Receiving objects:  21% (469/2230)   Receiving objects:  22% (491/2230)   Receiving objects:  23% (513/2230)   Receiving objects:  24% (536/2230)   Receiving objects:  25% (558/2230)   Receiving objects:  26% (580/2230)   Receiving objects:  27% (603/2230)   Receiving objects:  28% (625/2230)   Receiving objects:  29% (647/2230)   Receiving objects:  30% (669/2230)   Receiving objects:  31% (692/2230)   Receiving objects:  32% (714/2230)   Receiving objects:  33% (736/2230)   Receiving objects:  34% (759/2230)   Receiving objects:  35% (781/2230)   Receiving objects:  36% (803/2230)   Receiving objects:  37% (826/2230)   Receiving objects:  38% (848/2230)   Receiving objects:  39% (870/2230)   Receiving objects:  40% (892/2230)   Receiving objects:  41% (915/2230)   Receiving objects:  42% (937/2230)   Receiving objects:  43% (959/2230)   Receiving objects:  44% (982/2230)   Receiving objects:  45% (1004/2230)   Receiving objects:  46% (1026/2230)   Receiving objects:  47% (1049/2230)   Receiving objects:  48% (1071/2230)   Receiving objects:  49% (1093/2230)   Receiving objects:  50% (1115/2230)   Receiving objects:  51% (1138/2230)   Receiving objects:  52% (1160/2230)   Receiving objects:  53% (1182/2230)   Receiving objects:  54% (1205/2230)   Receiving objects:  55% (1227/2230)   Receiving objects:  56% (1249/2230)   Receiving objects:  57% (1272/2230)   Receiving objects:  58% (1294/2230)   Receiving objects:  59% (1316/2230)   Receiving objects:  60% (1338/2230)   Receiving objects:  61% (1361/2230)   Receiving objects:  62% (1383/2230)   remote: Total 2230 (delta 1562), reused 1884 (delta 1310), pack-reused 0[K
Receiving objects:  63% (1405/2230)   Receiving objects:  64% (1428/2230)   Receiving objects:  65% (1450/2230)   Receiving objects:  66% (1472/2230)   Receiving objects:  67% (1495/2230)   Receiving objects:  68% (1517/2230)   Receiving objects:  69% (1539/2230)   Receiving objects:  70% (1561/2230)   Receiving objects:  71% (1584/2230)   Receiving objects:  72% (1606/2230)   Receiving objects:  73% (1628/2230)   Receiving objects:  74% (1651/2230)   Receiving objects:  75% (1673/2230)   Receiving objects:  76% (1695/2230)   Receiving objects:  77% (1718/2230)   Receiving objects:  78% (1740/2230)   Receiving objects:  79% (1762/2230)   Receiving objects:  80% (1784/2230)   Receiving objects:  81% (1807/2230)   Receiving objects:  82% (1829/2230)   Receiving objects:  83% (1851/2230)   Receiving objects:  84% (1874/2230)   Receiving objects:  85% (1896/2230)   Receiving objects:  86% (1918/2230)   Receiving objects:  87% (1941/2230)   Receiving objects:  88% (1963/2230)   Receiving objects:  89% (1985/2230)   Receiving objects:  90% (2007/2230)   Receiving objects:  91% (2030/2230)   Receiving objects:  92% (2052/2230)   Receiving objects:  93% (2074/2230)   Receiving objects:  94% (2097/2230)   Receiving objects:  95% (2119/2230)   Receiving objects:  96% (2141/2230)   Receiving objects:  97% (2164/2230)   Receiving objects:  98% (2186/2230)   Receiving objects:  99% (2208/2230)   Receiving objects: 100% (2230/2230)   Receiving objects: 100% (2230/2230), 1.26 MiB | 0 bytes/s, done.
Resolving deltas:   0% (0/1562)   Resolving deltas:  16% (257/1562)   Resolving deltas:  17% (268/1562)   Resolving deltas:  32% (505/1562)   Resolving deltas:  41% (648/1562)   Resolving deltas:  44% (698/1562)   Resolving deltas:  47% (738/1562)   Resolving deltas:  48% (754/1562)   Resolving deltas:  49% (767/1562)   Resolving deltas:  50% (782/1562)   Resolving deltas:  51% (808/1562)   Resolving deltas:  55% (874/1562)   Resolving deltas:  56% (877/1562)   Resolving deltas:  57% (903/1562)   Resolving deltas:  61% (958/1562)   Resolving deltas:  64% (1013/1562)   Resolving deltas:  65% (1016/1562)   Resolving deltas:  68% (1068/1562)   Resolving deltas:  69% (1090/1562)   Resolving deltas:  70% (1097/1562)   Resolving deltas:  71% (1113/1562)   Resolving deltas:  72% (1130/1562)   Resolving deltas:  73% (1144/1562)   Resolving deltas:  74% (1156/1562)   Resolving deltas:  75% (1179/1562)   Resolving deltas:  76% (1197/1562)   Resolving deltas:  77% (1208/1562)   Resolving deltas:  78% (1224/1562)   Resolving deltas:  79% (1234/1562)   Resolving deltas:  80% (1260/1562)   Resolving deltas:  81% (1268/1562)   Resolving deltas:  82% (1282/1562)   Resolving deltas:  83% (1302/1562)   Resolving deltas:  84% (1318/1562)   Resolving deltas:  86% (1345/1562)   Resolving deltas:  87% (1370/1562)   Resolving deltas:  88% (1376/1562)   Resolving deltas:  90% (1418/1562)   Resolving deltas:  91% (1434/1562)   Resolving deltas:  92% (1443/1562)   Resolving deltas:  93% (1457/1562)   Resolving deltas:  96% (1511/1562)   Resolving deltas:  97% (1516/1562)   Resolving deltas:  98% (1533/1562)   Resolving deltas: 100% (1562/1562)   Resolving deltas: 100% (1562/1562), done.
Checking connectivity... done.
travis_time:end:17ecb65e:start=1436983760420809940,finish=1436983760718023122,duration=297213182[0K$ cd Cal-CS-61A-Staff/ok
$ git checkout -qf ee62164d4637b340bdb4252ea65dea8c3c8f0f1b
travis_fold:end:git.checkout[0K
[33;1mThis job is running on container-based infrastructure, which does not allow use of 'sudo', setuid and setguid executables.[0m
[33;1mIf you require sudo, add 'sudo: required' to your .travis.yml[0m
[33;1mSee http://docs.travis-ci.com/user/workers/container-based-infrastructure/ for details.[0m

[33;1mSetting environment variables from .travis.yml[0m
$ export CMD=server/apptest.py
$ export GAE_VERSION=1.9.23

travis_fold:start:cache.1[0KSetting up build cache
$ export CASHER_DIR=$HOME/.casher
travis_time:start:00332300[0K$ Installing caching utilities
travis_time:end:00332300:start=1436983764110803184,finish=1436983764204665467,duration=93862283[0Ktravis_time:start:0617c3a0[0Kattempting to download cache archive
fetching cleanupsoumyatests/cache--python-2.7.tgz
found cache
travis_time:end:0617c3a0:start=1436983764209241937,finish=1436983793984309426,duration=29775067489[0Ktravis_time:start:0591f852[0Kadding /home/travis/virtualenv/python2.7.9 to cache
travis_time:end:0591f852:start=1436983793988212011,finish=1436983795730602150,duration=1742390139[0Ktravis_fold:end:cache.1[0Ktravis_time:start:00f454ec[0K$ source ~/virtualenv/python2.7/bin/activate
travis_time:end:00f454ec:start=1436983795734585949,finish=1436983795738333234,duration=3747285[0K$ python --version
Python 2.7.9
$ pip --version
pip 6.0.7 from /home/travis/virtualenv/python2.7.9/lib/python2.7/site-packages (python 2.7)
travis_fold:start:install[0Ktravis_time:start:03d494ae[0K$ pip install -r server_requirements.txt
[33mYou are using pip version 6.0.7, however version 7.1.0 is available.
You should consider upgrading via the 'pip install --upgrade pip' command.[0m
Requirement already satisfied (use --upgrade to upgrade): Flask==0.10.1 in /home/travis/virtualenv/python2.7.9/lib/python2.7/site-packages (from -r server_requirements.txt (line 1))
Requirement already satisfied (use --upgrade to upgrade): Flask-Cache==0.13.1 in /home/travis/virtualenv/python2.7.9/lib/python2.7/site-packages (from -r server_requirements.txt (line 2))
Requirement already satisfied (use --upgrade to upgrade): Jinja2==2.7.3 in /home/travis/virtualenv/python2.7.9/lib/python2.7/site-packages (from -r server_requirements.txt (line 3))
Requirement already satisfied (use --upgrade to upgrade): MarkupSafe==0.23 in /home/travis/virtualenv/python2.7.9/lib/python2.7/site-packages (from -r server_requirements.txt (line 4))
Requirement already satisfied (use --upgrade to upgrade): PyYAML==3.11 in /home/travis/virtualenv/python2.7.9/lib/python2.7/site-packages (from -r server_requirements.txt (line 5))
Requirement already satisfied (use --upgrade to upgrade): Pygments==1.6 in /home/travis/virtualenv/python2.7.9/lib/python2.7/site-packages (from -r server_requirements.txt (line 6))
Requirement already satisfied (use --upgrade to upgrade): Sphinx==1.2.2 in /home/travis/virtualenv/python2.7.9/lib/python2.7/site-packages (from -r server_requirements.txt (line 7))
Requirement already satisfied (use --upgrade to upgrade): Werkzeug==0.9.6 in /home/travis/virtualenv/python2.7.9/lib/python2.7/site-packages (from -r server_requirements.txt (line 8))
Requirement already satisfied (use --upgrade to upgrade): argparse==1.2.1 in /home/travis/virtualenv/python2.7.9/lib/python2.7/site-packages (from -r server_requirements.txt (line 9))
Requirement already satisfied (use --upgrade to upgrade): astroid==1.1.1 in /home/travis/virtualenv/python2.7.9/lib/python2.7/site-packages (from -r server_requirements.txt (line 10))
Requirement already satisfied (use --upgrade to upgrade): docutils==0.11 in /home/travis/virtualenv/python2.7.9/lib/python2.7/site-packages (from -r server_requirements.txt (line 11))
Requirement already satisfied (use --upgrade to upgrade): git-pylint-commit-hook==2.0.5 in /home/travis/virtualenv/python2.7.9/lib/python2.7/site-packages (from -r server_requirements.txt (line 12))
Requirement already satisfied (use --upgrade to upgrade): itsdangerous==0.24 in /home/travis/virtualenv/python2.7.9/lib/python2.7/site-packages (from -r server_requirements.txt (line 13))
Obtaining linkenv-master from git+git://github.com/ze-phyr-us/linkenv.git@ae463b3211cb8dcc8868e88176a1101733c83b6d#egg=linkenv-master (from -r server_requirements.txt (line 14))
  Updating /home/travis/virtualenv/python2.7.9/src/linkenv-master clone (to ae463b3211cb8dcc8868e88176a1101733c83b6d)
[33m  Could not find a tag or branch 'ae463b3211cb8dcc8868e88176a1101733c83b6d', assuming commit.[0m
Requirement already satisfied (use --upgrade to upgrade): logilab-common==0.61.0 in /home/travis/virtualenv/python2.7.9/lib/python2.7/site-packages (from -r server_requirements.txt (line 15))
Requirement already satisfied (use --upgrade to upgrade): mimerender==0.5.4 in /home/travis/virtualenv/python2.7.9/lib/python2.7/site-packages (from -r server_requirements.txt (line 16))
Collecting nose==1.3.3 (from -r server_requirements.txt (line 17))
  Downloading nose-1.3.3.tar.gz (274kB)
[?25l[K    1% |                                | 4.1kB 30.4MB/s eta 0:00:01[K    2% |                                | 8.2kB 25.1MB/s eta 0:00:01[K    4% |#                               | 12kB 26.8MB/s eta 0:00:01[K    5% |#                               | 16kB 25.1MB/s eta 0:00:01[K    7% |##                              | 20kB 26.3MB/s eta 0:00:01[K    8% |##                              | 24kB 26.9MB/s eta 0:00:01[K    10% |###                             | 28kB 27.6MB/s eta 0:00:01[K    11% |###                             | 32kB 2.5MB/s eta 0:00:01[K    13% |####                            | 36kB 2.8MB/s eta 0:00:01[K    14% |####                            | 40kB 3.1MB/s eta 0:00:01[K    16% |#####                           | 45kB 3.1MB/s eta 0:00:01[K    17% |#####                           | 49kB 1.6MB/s eta 0:00:01[K    19% |######                          | 53kB 1.6MB/s eta 0:00:01[K    20% |######                          | 57kB 1.6MB/s eta 0:00:01[K    22% |#######                         | 61kB 1.6MB/s eta 0:00:01[K    23% |#######                         | 65kB 1.6MB/s eta 0:00:01[K    25% |########                        | 69kB 1.6MB/s eta 0:00:01[K    26% |########                        | 73kB 2.8MB/s eta 0:00:01[K    28% |#########                       | 77kB 2.8MB/s eta 0:00:01[K    29% |#########                       | 81kB 2.8MB/s eta 0:00:01[K    31% |##########                      | 86kB 2.8MB/s eta 0:00:01[K    32% |##########                      | 90kB 31.9MB/s eta 0:00:01[K    34% |##########                      | 94kB 32.3MB/s eta 0:00:01[K    35% |###########                     | 98kB 2.9MB/s eta 0:00:01[K    37% |###########                     | 102kB 2.9MB/s eta 0:00:01[K    38% |############                    | 106kB 2.9MB/s eta 0:00:01[K    40% |############                    | 110kB 2.9MB/s eta 0:00:01[K    41% |#############                   | 114kB 2.9MB/s eta 0:00:01[K    43% |#############                   | 118kB 2.9MB/s eta 0:00:01[K    44% |##############                  | 122kB 2.9MB/s eta 0:00:01[K    46% |##############                  | 126kB 2.9MB/s eta 0:00:01[K    47% |###############                 | 131kB 1.4MB/s eta 0:00:01[K    49% |###############                 | 135kB 1.4MB/s eta 0:00:01[K    50% |################                | 139kB 2.6MB/s eta 0:00:01[K    52% |################                | 143kB 2.6MB/s eta 0:00:01[K    53% |#################               | 147kB 2.6MB/s eta 0:00:01[K    55% |#################               | 151kB 2.6MB/s eta 0:00:01[K    56% |##################              | 155kB 2.6MB/s eta 0:00:01[K    58% |##################              | 159kB 2.6MB/s eta 0:00:01[K    59% |###################             | 163kB 2.6MB/s eta 0:00:01[K    61% |###################             | 167kB 2.6MB/s eta 0:00:01[K    62% |####################            | 172kB 25.1MB/s eta 0:00:01[K    64% |####################            | 176kB 25.2MB/s eta 0:00:01[K    65% |####################            | 180kB 2.9MB/s eta 0:00:01[K    67% |#####################           | 184kB 2.9MB/s eta 0:00:01[K    68% |#####################           | 188kB 2.9MB/s eta 0:00:01[K    70% |######################          | 192kB 2.9MB/s eta 0:00:01[K    71% |######################          | 196kB 2.8MB/s eta 0:00:01[K    72% |#######################         | 200kB 2.8MB/s eta 0:00:01[K    74% |#######################         | 204kB 2.8MB/s eta 0:00:01[K    75% |########################        | 208kB 2.8MB/s eta 0:00:01[K    77% |########################        | 212kB 2.8MB/s eta 0:00:01[K    78% |#########################       | 217kB 2.9MB/s eta 0:00:01[K    80% |#########################       | 221kB 23.1MB/s eta 0:00:01[K    81% |##########################      | 225kB 23.4MB/s eta 0:00:01[K    83% |##########################      | 229kB 3.1MB/s eta 0:00:01[K    84% |###########################     | 233kB 3.1MB/s eta 0:00:01[K    86% |###########################     | 237kB 3.3MB/s eta 0:00:01[K    87% |############################    | 241kB 3.3MB/s eta 0:00:01[K    89% |############################    | 245kB 3.1MB/s eta 0:00:01[K    90% |#############################   | 249kB 3.1MB/s eta 0:00:01[K    92% |#############################   | 253kB 3.1MB/s eta 0:00:01[K    93% |##############################  | 258kB 3.1MB/s eta 0:00:01[K    95% |##############################  | 262kB 3.1MB/s eta 0:00:01[K    96% |##############################  | 266kB 3.1MB/s eta 0:00:01[K    98% |############################### | 270kB 20.6MB/s eta 0:00:01[K    99% |############################### | 274kB 20.7MB/s eta 0:00:01[K    100% |################################| 278kB 1.5MB/s 
[?25hRequirement already satisfied (use --upgrade to upgrade): pylint==1.2.1 in /home/travis/virtualenv/python2.7.9/lib/python2.7/site-packages (from -r server_requirements.txt (line 18))
Requirement already satisfied (use --upgrade to upgrade): python-dateutil==2.2 in /home/travis/virtualenv/python2.7.9/lib/python2.7/site-packages (from -r server_requirements.txt (line 19))
Requirement already satisfied (use --upgrade to upgrade): python-mimeparse==0.1.4 in /home/travis/virtualenv/python2.7.9/lib/python2.7/site-packages (from -r server_requirements.txt (line 20))
Requirement already satisfied (use --upgrade to upgrade): requests==2.3.0 in /home/travis/virtualenv/python2.7.9/lib/python2.7/site-packages (from -r server_requirements.txt (line 21))
Requirement already satisfied (use --upgrade to upgrade): six==1.6.1 in /home/travis/virtualenv/python2.7.9/lib/python2.7/site-packages (from -r server_requirements.txt (line 22))
Requirement already satisfied (use --upgrade to upgrade): sphinxcontrib-httpdomain==1.2.1 in /home/travis/virtualenv/python2.7.9/lib/python2.7/site-packages (from -r server_requirements.txt (line 23))
Requirement already satisfied (use --upgrade to upgrade): unittest2==0.5.1 in /home/travis/virtualenv/python2.7.9/lib/python2.7/site-packages (from -r server_requirements.txt (line 24))
Requirement already satisfied (use --upgrade to upgrade): wsgiref==0.1.2 in /opt/python/2.7.9/lib/python2.7 (from -r server_requirements.txt (line 25))
Requirement already satisfied (use --upgrade to upgrade): ddt==0.8.0 in /home/travis/virtualenv/python2.7.9/lib/python2.7/site-packages (from -r server_requirements.txt (line 26))
Requirement already satisfied (use --upgrade to upgrade): webargs==0.5.0 in /home/travis/virtualenv/python2.7.9/lib/python2.7/site-packages (from -r server_requirements.txt (line 27))
Requirement already satisfied (use --upgrade to upgrade): webob==1.1.1 in /home/travis/virtualenv/python2.7.9/lib/python2.7/site-packages (from -r server_requirements.txt (line 28))
Requirement already satisfied (use --upgrade to upgrade): pytz==2014.10 in /home/travis/virtualenv/python2.7.9/lib/python2.7/site-packages (from -r server_requirements.txt (line 29))
Requirement already satisfied (use --upgrade to upgrade): coverage==3.7.1 in /home/travis/virtualenv/python2.7.9/lib/python2.7/site-packages (from -r server_requirements.txt (line 30))
Requirement already satisfied (use --upgrade to upgrade): coveralls==0.5 in /home/travis/virtualenv/python2.7.9/lib/python2.7/site-packages (from -r server_requirements.txt (line 31))
Requirement already satisfied (use --upgrade to upgrade): docopt>=0.6.1 in /home/travis/virtualenv/python2.7.9/lib/python2.7/site-packages (from coveralls==0.5->-r server_requirements.txt (line 31))
Installing collected packages: nose, linkenv-master
  Found existing installation: nose 1.3.4
    Uninstalling nose-1.3.4:
      Successfully uninstalled nose-1.3.4
  Running setup.py install for nose
    Installing nosetests script to /home/travis/virtualenv/python2.7.9/bin
    Installing nosetests-2.7 script to /home/travis/virtualenv/python2.7.9/bin
  Running setup.py develop for linkenv-master
    Creating /home/travis/virtualenv/python2.7.9/lib/python2.7/site-packages/linkenv.egg-link (link to .)
    linkenv 0.1.0 is already the active version in easy-install.pth
    Installing linkenv script to /home/travis/virtualenv/python2.7.9/bin
    Installed /home/travis/virtualenv/python2.7.9/src/linkenv-master
Successfully installed linkenv-master nose-1.3.3
travis_time:end:03d494ae:start=1436983796000865666,finish=1436983797552725147,duration=1551859481[0Ktravis_fold:end:install[0Ktravis_fold:start:before_script.1[0Ktravis_time:start:22b8b753[0K$ wget https://storage.googleapis.com/appengine-sdks/featured/google_appengine_$GAE_VERSION.zip -o gae_sdk.zip
travis_time:end:22b8b753:start=1436983797556859557,finish=1436983798523301634,duration=966442077[0Ktravis_fold:end:before_script.1[0Ktravis_fold:start:before_script.2[0Ktravis_time:start:17845362[0K$ unzip -q google_appengine_$GAE_VERSION.zip
travis_time:end:17845362:start=1436983798527448933,finish=1436983800475803926,duration=1948354993[0Ktravis_fold:end:before_script.2[0Ktravis_fold:start:before_script.3[0Ktravis_time:start:1c499910[0K$ mv google_appengine gae_sdk
travis_time:end:1c499910:start=1436983800479913139,finish=1436983800484918911,duration=5005772[0Ktravis_fold:end:before_script.3[0Ktravis_fold:start:before_script.4[0Ktravis_time:start:0f1739be[0K$ export GAE_SDK=$PWD/gae_sdk
travis_time:end:0f1739be:start=1436983800489017445,finish=1436983800492197524,duration=3180079[0Ktravis_fold:end:before_script.4[0Ktravis_fold:start:before_script.5[0Ktravis_time:start:0b028790[0K$ export PATH=$PATH:$GAE_SDK
travis_time:end:0b028790:start=1436983800496355991,finish=1436983800499555675,duration=3199684[0Ktravis_fold:end:before_script.5[0Ktravis_fold:start:before_script.6[0Ktravis_time:start:0be5d0da[0K$ export PYTHONPATH=$PYTHONPATH:$GAE_SDK
travis_time:end:0be5d0da:start=1436983800503673715,finish=1436983800506778696,duration=3104981[0Ktravis_fold:end:before_script.6[0Ktravis_fold:start:before_script.7[0Ktravis_time:start:20c4cba0[0K$ python server/app/generate_keys.py
travis_time:end:20c4cba0:start=1436983800510841079,finish=1436983800537297624,duration=26456545[0Ktravis_fold:end:before_script.7[0Ktravis_time:start:082f2f49[0K$ FLASK_CONF=TEST coverage run $CMD --sdk_location $GAE_SDK --quiet
============================================================
Doing integration testing
============================================================
......................................................................................EEE.....................E......
======================================================================
ERROR: test_ERROR_mark_as_final_backup (test_api_submission.SubmissionAPITest)
Tests that a missing backup raises the correct error.
----------------------------------------------------------------------
Traceback (most recent call last):
  File "/home/travis/build/Cal-CS-61A-Staff/ok/server/tests/integration/test_api_submission.py", line 60, in test_ERROR_mark_as_final_backup
    self.API().mark_as_final(self._submission, self.user, {})
AttributeError: 'FinalSubmissionAPI' object has no attribute 'mark_as_final'

======================================================================
ERROR: test_ERROR_mark_as_final_subm (test_api_submission.SubmissionAPITest)
Tests that a missing submission raises the correct error.
----------------------------------------------------------------------
Traceback (most recent call last):
  File "/home/travis/build/Cal-CS-61A-Staff/ok/server/tests/integration/test_api_submission.py", line 68, in test_ERROR_mark_as_final_subm
    self.API().mark_as_final(self._submission, self.user, {})
AttributeError: 'FinalSubmissionAPI' object has no attribute 'mark_as_final'

======================================================================
ERROR: test_mark_as_final (test_api_submission.SubmissionAPITest)
Tests that marking works, at the basic level
----------------------------------------------------------------------
Traceback (most recent call last):
  File "/home/travis/build/Cal-CS-61A-Staff/ok/server/tests/integration/test_api_submission.py", line 49, in test_mark_as_final
    self.API().mark_as_final(self._submission, self.user, {})
AttributeError: 'FinalSubmissionAPI' object has no attribute 'mark_as_final'

======================================================================
ERROR: test_set_different_backup_as_final_submission (test_final_submissions.FinalSubmissionTest)
----------------------------------------------------------------------
Traceback (most recent call last):
  File "/home/travis/build/Cal-CS-61A-Staff/ok/server/tests/integration/test_final_submissions.py", line 268, in test_set_different_backup_as_final_submission
    api.FinalSubmissionAPI().mark_backup(
AttributeError: 'FinalSubmissionAPI' object has no attribute 'mark_backup'

----------------------------------------------------------------------
Ran 117 tests in 11.969s

FAILED (errors=4)
============================================================
Doing unittests testing
============================================================
..................................................................................................................................................
----------------------------------------------------------------------
Ran 146 tests in 26.219s

OK
SOME TESTS FAILED
travis_time:end:082f2f49:start=1436983800541282970,finish=1436983840760982715,duration=40219699745[0K
[31;1mThe command "FLASK_CONF=TEST coverage run $CMD --sdk_location $GAE_SDK --quiet" exited with 1.[0m
travis_fold:start:cache.2[0Kstore build cache
travis_time:start:19ca13f3[0Kchange detected:
/home/travis/virtualenv/python2.7.9/lib/python2.7/site-packages/nose-1.3.4.dist-info/DESCRIPTION.rst
/home/travis/virtualenv/python2.7.9/lib/python2.7/site-packages/nose-1.3.4.dist-info/entry_points.txt
/home/travis/virtualenv/python2.7.9/lib/python2.7/site-packages/nose-1.3.4.dist-info/METADATA
/home/travis/virtualenv/python2.7.9/lib/python2.7/site-packages/nose-1.3.4.dist-info/metadata.json
/home/travis/virtualenv/python2.7.9/lib/python2.7/site-packages/nose-1.3.4.dist-info/RECORD
/home/travis/virtualenv/python2.7.9/lib/python2.7/site-packages/nose-1.3.4.dist-info/top_level.txt
/home/travis/virtualenv/python2.7.9/lib/python2.7/site-packages/nose-1.3.4.dist-info/WHEEL
/home/travis/virtualenv/python2.7.9/lib/python2.7/site-packages/nose/case.pyc
/home/travis/virtualenv/python2.7.9/lib/python2.7/site-packages/nose/case.pyc
/home/travis/virtualenv/python2.7.9/lib/python2.7/site-packages/nose/commands.pyc
/home/travis/virtualenv/python2.7.9/lib/python2.7/site-packages/nose/commands.pyc
/ho
...
changes detected, packing new archive
uploading archive
travis_time:end:19ca13f3:start=1436983840765338414,finish=1436983946845654009,duration=106080315595[0Ktravis_fold:end:cache.2[0K
Done. Your build exited with 1.
