Using worker: worker-linux-docker-93bd87bc.prod.travis-ci.org:travis-linux-3

travis_fold:start:system_info[0K[33;1mBuild system information[0m
Build language: python
[34m[1mBuild image provisioning date and time[0m
Thu Feb  5 15:09:33 UTC 2015
[34m[1mOperating System Details[0m
Distributor ID:	Ubuntu
Description:	Ubuntu 12.04.5 LTS
Release:	12.04
Codename:	precise
[34m[1mLinux Version[0m
3.13.0-29-generic
[34m[1mCookbooks Version[0m
a68419e https://github.com/travis-ci/travis-cookbooks/tree/a68419e
[34m[1mGCC version[0m
gcc (Ubuntu/Linaro 4.6.3-1ubuntu5) 4.6.3
Copyright (C) 2011 Free Software Foundation, Inc.
This is free software; see the source for copying conditions.  There is NO
warranty; not even for MERCHANTABILITY or FITNESS FOR A PARTICULAR PURPOSE.

[34m[1mLLVM version[0m
clang version 3.4 (tags/RELEASE_34/final)
Target: x86_64-unknown-linux-gnu
Thread model: posix
[34m[1mPre-installed Ruby versions[0m
ruby-1.9.3-p551
[34m[1mPre-installed Node.js versions[0m
v0.10.36
[34m[1mPre-installed Go versions[0m
1.4.1
[34m[1mRedis version[0m
redis-server 2.8.19
[34m[1mriak version[0m
2.0.2
[34m[1mMongoDB version[0m
MongoDB 2.4.12
[34m[1mCouchDB version[0m
couchdb 1.6.1
[34m[1mNeo4j version[0m
1.9.4
[34m[1mRabbitMQ Version[0m
3.4.3
[34m[1mElasticSearch version[0m
1.4.0
[34m[1mInstalled Sphinx versions[0m
2.0.10
2.1.9
2.2.6
[34m[1mDefault Sphinx version[0m
2.2.6
[34m[1mInstalled Firefox version[0m
firefox 31.0esr
[34m[1mPhantomJS version[0m
1.9.8
[34m[1mant -version[0m
Apache Ant(TM) version 1.8.2 compiled on December 3 2011
[34m[1mmvn -version[0m
Apache Maven 3.2.5 (12a6b3acb947671f09b81f49094c53f426d8cea1; 2014-12-14T17:29:23+00:00)
Maven home: /usr/local/maven
Java version: 1.7.0_76, vendor: Oracle Corporation
Java home: /usr/lib/jvm/java-7-oracle/jre
Default locale: en_US, platform encoding: ANSI_X3.4-1968
OS name: "linux", version: "3.13.0-29-generic", arch: "amd64", family: "unix"
travis_fold:end:system_info[0K
travis_fold:start:git.checkout[0Ktravis_time:start:10adfc45[0K$ git clone --depth=50 --branch=master git://github.com/web2py/web2py.git web2py/web2py
Cloning into 'web2py/web2py'...
remote: Counting objects: 2409, done.[K
remote: Compressing objects:   0% (1/1791)   [Kremote: Compressing objects:   1% (18/1791)   [Kremote: Compressing objects:   2% (36/1791)   [Kremote: Compressing objects:   3% (54/1791)   [Kremote: Compressing objects:   4% (72/1791)   [Kremote: Compressing objects:   5% (90/1791)   [Kremote: Compressing objects:   6% (108/1791)   [Kremote: Compressing objects:   7% (126/1791)   [Kremote: Compressing objects:   8% (144/1791)   [Kremote: Compressing objects:   9% (162/1791)   [Kremote: Compressing objects:  10% (180/1791)   [Kremote: Compressing objects:  11% (198/1791)   [Kremote: Compressing objects:  12% (215/1791)   [Kremote: Compressing objects:  13% (233/1791)   [Kremote: Compressing objects:  14% (251/1791)   [Kremote: Compressing objects:  15% (269/1791)   [Kremote: Compressing objects:  16% (287/1791)   [Kremote: Compressing objects:  17% (305/1791)   [Kremote: Compressing objects:  18% (323/1791)   [Kremote: Compressing objects:  19% (341/1791)   [Kremote: Compressing objects:  20% (359/1791)   [Kremote: Compressing objects:  21% (377/1791)   [Kremote: Compressing objects:  22% (395/1791)   [Kremote: Compressing objects:  23% (412/1791)   [Kremote: Compressing objects:  24% (430/1791)   [Kremote: Compressing objects:  25% (448/1791)   [Kremote: Compressing objects:  26% (466/1791)   [Kremote: Compressing objects:  27% (484/1791)   [Kremote: Compressing objects:  28% (502/1791)   [Kremote: Compressing objects:  29% (520/1791)   [Kremote: Compressing objects:  30% (538/1791)   [Kremote: Compressing objects:  31% (556/1791)   [Kremote: Compressing objects:  32% (574/1791)   [Kremote: Compressing objects:  33% (592/1791)   [Kremote: Compressing objects:  34% (609/1791)   [Kremote: Compressing objects:  35% (627/1791)   [Kremote: Compressing objects:  36% (645/1791)   [Kremote: Compressing objects:  37% (663/1791)   [Kremote: Compressing objects:  38% (681/1791)   [Kremote: Compressing objects:  39% (699/1791)   [Kremote: Compressing objects:  40% (717/1791)   [Kremote: Compressing objects:  41% (735/1791)   [Kremote: Compressing objects:  42% (753/1791)   [Kremote: Compressing objects:  43% (771/1791)   [Kremote: Compressing objects:  44% (789/1791)   [Kremote: Compressing objects:  45% (806/1791)   [Kremote: Compressing objects:  46% (824/1791)   [Kremote: Compressing objects:  47% (842/1791)   [Kremote: Compressing objects:  48% (860/1791)   [Kremote: Compressing objects:  49% (878/1791)   [Kremote: Compressing objects:  50% (896/1791)   [Kremote: Compressing objects:  51% (914/1791)   [Kremote: Compressing objects:  52% (932/1791)   [Kremote: Compressing objects:  53% (950/1791)   [Kremote: Compressing objects:  54% (968/1791)   [Kremote: Compressing objects:  55% (986/1791)   [Kremote: Compressing objects:  56% (1003/1791)   [Kremote: Compressing objects:  57% (1021/1791)   [Kremote: Compressing objects:  58% (1039/1791)   [Kremote: Compressing objects:  59% (1057/1791)   [Kremote: Compressing objects:  60% (1075/1791)   [Kremote: Compressing objects:  61% (1093/1791)   [Kremote: Compressing objects:  62% (1111/1791)   [Kremote: Compressing objects:  63% (1129/1791)   [Kremote: Compressing objects:  64% (1147/1791)   [Kremote: Compressing objects:  65% (1165/1791)   [Kremote: Compressing objects:  66% (1183/1791)   [Kremote: Compressing objects:  67% (1200/1791)   [Kremote: Compressing objects:  68% (1218/1791)   [Kremote: Compressing objects:  69% (1236/1791)   [Kremote: Compressing objects:  70% (1254/1791)   [Kremote: Compressing objects:  71% (1272/1791)   [Kremote: Compressing objects:  72% (1290/1791)   [Kremote: Compressing objects:  73% (1308/1791)   [Kremote: Compressing objects:  74% (1326/1791)   [Kremote: Compressing objects:  75% (1344/1791)   [Kremote: Compressing objects:  76% (1362/1791)   [Kremote: Compressing objects:  77% (1380/1791)   [Kremote: Compressing objects:  78% (1397/1791)   [Kremote: Compressing objects:  79% (1415/1791)   [Kremote: Compressing objects:  80% (1433/1791)   [Kremote: Compressing objects:  81% (1451/1791)   [Kremote: Compressing objects:  82% (1469/1791)   [Kremote: Compressing objects:  83% (1487/1791)   [Kremote: Compressing objects:  84% (1505/1791)   [Kremote: Compressing objects:  85% (1523/1791)   [Kremote: Compressing objects:  86% (1541/1791)   [Kremote: Compressing objects:  87% (1559/1791)   [Kremote: Compressing objects:  88% (1577/1791)   [Kremote: Compressing objects:  89% (1594/1791)   [Kremote: Compressing objects:  90% (1612/1791)   [Kremote: Compressing objects:  91% (1630/1791)   [Kremote: Compressing objects:  92% (1648/1791)   [Kremote: Compressing objects:  93% (1666/1791)   [Kremote: Compressing objects:  94% (1684/1791)   [Kremote: Compressing objects:  95% (1702/1791)   [Kremote: Compressing objects:  96% (1720/1791)   [Kremote: Compressing objects:  97% (1738/1791)   [Kremote: Compressing objects:  98% (1756/1791)   [Kremote: Compressing objects:  99% (1774/1791)   [Kremote: Compressing objects: 100% (1791/1791)   [Kremote: Compressing objects: 100% (1791/1791), done.[K
Receiving objects:   0% (1/2409)   Receiving objects:   1% (25/2409)   Receiving objects:   2% (49/2409)   Receiving objects:   3% (73/2409)   Receiving objects:   4% (97/2409)   Receiving objects:   5% (121/2409)   Receiving objects:   6% (145/2409)   Receiving objects:   7% (169/2409)   Receiving objects:   8% (193/2409)   Receiving objects:   9% (217/2409)   Receiving objects:  10% (241/2409)   Receiving objects:  11% (265/2409)   Receiving objects:  12% (290/2409)   Receiving objects:  13% (314/2409)   Receiving objects:  14% (338/2409)   Receiving objects:  15% (362/2409)   Receiving objects:  16% (386/2409)   Receiving objects:  17% (410/2409)   Receiving objects:  18% (434/2409)   Receiving objects:  19% (458/2409)   Receiving objects:  20% (482/2409)   Receiving objects:  21% (506/2409)   Receiving objects:  22% (530/2409)   Receiving objects:  23% (555/2409)   Receiving objects:  24% (579/2409)   Receiving objects:  25% (603/2409)   Receiving objects:  26% (627/2409)   Receiving objects:  27% (651/2409)   Receiving objects:  28% (675/2409)   Receiving objects:  29% (699/2409)   Receiving objects:  30% (723/2409)   Receiving objects:  31% (747/2409)   Receiving objects:  32% (771/2409)   Receiving objects:  33% (795/2409)   Receiving objects:  34% (820/2409)   Receiving objects:  35% (844/2409)   Receiving objects:  36% (868/2409)   Receiving objects:  37% (892/2409)   Receiving objects:  38% (916/2409)   Receiving objects:  39% (940/2409)   Receiving objects:  40% (964/2409)   Receiving objects:  41% (988/2409)   Receiving objects:  42% (1012/2409)   Receiving objects:  43% (1036/2409)   Receiving objects:  44% (1060/2409)   Receiving objects:  45% (1085/2409)   Receiving objects:  46% (1109/2409)   Receiving objects:  47% (1133/2409)   Receiving objects:  48% (1157/2409)   Receiving objects:  49% (1181/2409)   Receiving objects:  50% (1205/2409)   Receiving objects:  51% (1229/2409)   Receiving objects:  52% (1253/2409)   Receiving objects:  53% (1277/2409)   Receiving objects:  54% (1301/2409)   Receiving objects:  55% (1325/2409)   Receiving objects:  56% (1350/2409)   Receiving objects:  57% (1374/2409)   Receiving objects:  58% (1398/2409)   Receiving objects:  59% (1422/2409)   Receiving objects:  60% (1446/2409)   Receiving objects:  61% (1470/2409)   Receiving objects:  62% (1494/2409)   Receiving objects:  63% (1518/2409)   Receiving objects:  64% (1542/2409)   Receiving objects:  65% (1566/2409)   Receiving objects:  66% (1590/2409)   Receiving objects:  67% (1615/2409)   Receiving objects:  68% (1639/2409)   Receiving objects:  69% (1663/2409)   Receiving objects:  70% (1687/2409)   Receiving objects:  71% (1711/2409)   Receiving objects:  72% (1735/2409)   Receiving objects:  73% (1759/2409)   Receiving objects:  74% (1783/2409)   Receiving objects:  75% (1807/2409)   Receiving objects:  76% (1831/2409)   Receiving objects:  77% (1855/2409)   Receiving objects:  78% (1880/2409)   Receiving objects:  79% (1904/2409)   Receiving objects:  80% (1928/2409)   Receiving objects:  81% (1952/2409)   Receiving objects:  82% (1976/2409)   Receiving objects:  83% (2000/2409)   Receiving objects:  84% (2024/2409)   Receiving objects:  85% (2048/2409)   Receiving objects:  86% (2072/2409)   Receiving objects:  87% (2096/2409)   Receiving objects:  88% (2120/2409)   Receiving objects:  89% (2145/2409)   Receiving objects:  90% (2169/2409)   Receiving objects:  91% (2193/2409)   Receiving objects:  92% (2217/2409)   Receiving objects:  93% (2241/2409)   Receiving objects:  94% (2265/2409)   Receiving objects:  95% (2289/2409)   Receiving objects:  96% (2313/2409)   remote: Total 2409 (delta 1086), reused 1424 (delta 545), pack-reused 0[K
Receiving objects:  97% (2337/2409)   Receiving objects:  98% (2361/2409)   Receiving objects:  99% (2385/2409)   Receiving objects: 100% (2409/2409)   Receiving objects: 100% (2409/2409), 7.52 MiB | 0 bytes/s, done.
Resolving deltas:   0% (0/1086)   Resolving deltas:   2% (29/1086)   Resolving deltas:   3% (34/1086)   Resolving deltas:  14% (158/1086)   Resolving deltas:  15% (164/1086)   Resolving deltas:  16% (175/1086)   Resolving deltas:  17% (187/1086)   Resolving deltas:  18% (198/1086)   Resolving deltas:  20% (223/1086)   Resolving deltas:  22% (241/1086)   Resolving deltas:  23% (254/1086)   Resolving deltas:  24% (268/1086)   Resolving deltas:  26% (284/1086)   Resolving deltas:  27% (296/1086)   Resolving deltas:  28% (308/1086)   Resolving deltas:  29% (316/1086)   Resolving deltas:  30% (330/1086)   Resolving deltas:  31% (343/1086)   Resolving deltas:  32% (358/1086)   Resolving deltas:  33% (369/1086)   Resolving deltas:  34% (378/1086)   Resolving deltas:  35% (381/1086)   Resolving deltas:  37% (402/1086)   Resolving deltas:  42% (464/1086)   Resolving deltas:  43% (467/1086)   Resolving deltas:  44% (478/1086)   Resolving deltas:  45% (494/1086)   Resolving deltas:  46% (500/1086)   Resolving deltas:  47% (511/1086)   Resolving deltas:  48% (522/1086)   Resolving deltas:  49% (534/1086)   Resolving deltas:  50% (543/1086)   Resolving deltas:  51% (555/1086)   Resolving deltas:  52% (565/1086)   Resolving deltas:  53% (576/1086)   Resolving deltas:  54% (587/1086)   Resolving deltas:  55% (598/1086)   Resolving deltas:  56% (610/1086)   Resolving deltas:  57% (621/1086)   Resolving deltas:  58% (633/1086)   Resolving deltas:  59% (641/1086)   Resolving deltas:  60% (654/1086)   Resolving deltas:  61% (663/1086)   Resolving deltas:  62% (674/1086)   Resolving deltas:  63% (685/1086)   Resolving deltas:  64% (698/1086)   Resolving deltas:  65% (706/1086)   Resolving deltas:  66% (717/1086)   Resolving deltas:  67% (729/1086)   Resolving deltas:  68% (740/1086)   Resolving deltas:  69% (750/1086)   Resolving deltas:  70% (762/1086)   Resolving deltas:  71% (780/1086)   Resolving deltas:  72% (782/1086)   Resolving deltas:  73% (795/1086)   Resolving deltas:  74% (804/1086)   Resolving deltas:  75% (815/1086)   Resolving deltas:  76% (826/1086)   Resolving deltas:  77% (838/1086)   Resolving deltas:  78% (853/1086)   Resolving deltas:  79% (859/1086)   Resolving deltas:  80% (869/1086)   Resolving deltas:  81% (881/1086)   Resolving deltas:  82% (893/1086)   Resolving deltas:  83% (903/1086)   Resolving deltas:  84% (913/1086)   Resolving deltas:  85% (924/1086)   Resolving deltas:  86% (935/1086)   Resolving deltas:  87% (952/1086)   Resolving deltas:  88% (957/1086)   Resolving deltas:  89% (969/1086)   Resolving deltas:  90% (980/1086)   Resolving deltas:  91% (992/1086)   Resolving deltas:  92% (1000/1086)   Resolving deltas:  93% (1011/1086)   Resolving deltas:  94% (1021/1086)   Resolving deltas:  95% (1032/1086)   Resolving deltas:  96% (1043/1086)   Resolving deltas:  97% (1054/1086)   Resolving deltas:  98% (1065/1086)   Resolving deltas:  99% (1076/1086)   Resolving deltas: 100% (1086/1086)   Resolving deltas: 100% (1086/1086), done.
Checking connectivity... done.
travis_time:end:10adfc45:start=1431055859236192807,finish=1431055860328349784,duration=1092156977[0K$ cd web2py/web2py
$ git checkout -qf 587ff56a94fb774609a474ee82c8166a05f31904
travis_fold:end:git.checkout[0Ktravis_fold:start:git.submodule[0Ktravis_time:start:0e5ae54d[0K$ git submodule init
Submodule 'gluon/packages/dal' (https://github.com/web2py/pydal.git) registered for path 'gluon/packages/dal'
travis_time:end:0e5ae54d:start=1431055860434385050,finish=1431055860466505824,duration=32120774[0Ktravis_time:start:05bea059[0K$ git submodule update
Cloning into 'gluon/packages/dal'...
remote: Counting objects: 30243, done.[K
remote: Compressing objects:   1% (1/57)   [Kremote: Compressing objects:   3% (2/57)   [Kremote: Compressing objects:   5% (3/57)   [Kremote: Compressing objects:   7% (4/57)   [Kremote: Compressing objects:   8% (5/57)   [Kremote: Compressing objects:  10% (6/57)   [Kremote: Compressing objects:  12% (7/57)   [Kremote: Compressing objects:  14% (8/57)   [Kremote: Compressing objects:  15% (9/57)   [Kremote: Compressing objects:  17% (10/57)   [Kremote: Compressing objects:  19% (11/57)   [Kremote: Compressing objects:  21% (12/57)   [Kremote: Compressing objects:  22% (13/57)   [Kremote: Compressing objects:  24% (14/57)   [Kremote: Compressing objects:  26% (15/57)   [Kremote: Compressing objects:  28% (16/57)   [Kremote: Compressing objects:  29% (17/57)   [Kremote: Compressing objects:  31% (18/57)   [Kremote: Compressing objects:  33% (19/57)   [Kremote: Compressing objects:  35% (20/57)   [Kremote: Compressing objects:  36% (21/57)   [Kremote: Compressing objects:  38% (22/57)   [Kremote: Compressing objects:  40% (23/57)   [Kremote: Compressing objects:  42% (24/57)   [Kremote: Compressing objects:  43% (25/57)   [Kremote: Compressing objects:  45% (26/57)   [Kremote: Compressing objects:  47% (27/57)   [Kremote: Compressing objects:  49% (28/57)   [Kremote: Compressing objects:  50% (29/57)   [Kremote: Compressing objects:  52% (30/57)   [Kremote: Compressing objects:  54% (31/57)   [Kremote: Compressing objects:  56% (32/57)   [Kremote: Compressing objects:  57% (33/57)   [Kremote: Compressing objects:  59% (34/57)   [Kremote: Compressing objects:  61% (35/57)   [Kremote: Compressing objects:  63% (36/57)   [Kremote: Compressing objects:  64% (37/57)   [Kremote: Compressing objects:  66% (38/57)   [Kremote: Compressing objects:  68% (39/57)   [Kremote: Compressing objects:  70% (40/57)   [Kremote: Compressing objects:  71% (41/57)   [Kremote: Compressing objects:  73% (42/57)   [Kremote: Compressing objects:  75% (43/57)   [Kremote: Compressing objects:  77% (44/57)   [Kremote: Compressing objects:  78% (45/57)   [Kremote: Compressing objects:  80% (46/57)   [Kremote: Compressing objects:  82% (47/57)   [Kremote: Compressing objects:  84% (48/57)   [Kremote: Compressing objects:  85% (49/57)   [Kremote: Compressing objects:  87% (50/57)   [Kremote: Compressing objects:  89% (51/57)   [Kremote: Compressing objects:  91% (52/57)   [Kremote: Compressing objects:  92% (53/57)   [Kremote: Compressing objects:  94% (54/57)   [Kremote: Compressing objects:  96% (55/57)   [Kremote: Compressing objects:  98% (56/57)   [Kremote: Compressing objects: 100% (57/57)   [Kremote: Compressing objects: 100% (57/57), done.[K
Receiving objects:   0% (1/30243)   Receiving objects:   1% (303/30243)   Receiving objects:   2% (605/30243)   Receiving objects:   3% (908/30243)   Receiving objects:   4% (1210/30243)   Receiving objects:   5% (1513/30243)   Receiving objects:   6% (1815/30243)   Receiving objects:   7% (2118/30243)   Receiving objects:   8% (2420/30243)   Receiving objects:   9% (2722/30243)   Receiving objects:  10% (3025/30243)   Receiving objects:  11% (3327/30243)   Receiving objects:  12% (3630/30243)   Receiving objects:  13% (3932/30243)   Receiving objects:  14% (4235/30243)   Receiving objects:  15% (4537/30243)   Receiving objects:  16% (4839/30243)   Receiving objects:  17% (5142/30243)   Receiving objects:  18% (5444/30243)   Receiving objects:  19% (5747/30243)   Receiving objects:  20% (6049/30243)   Receiving objects:  21% (6352/30243)   Receiving objects:  22% (6654/30243)   Receiving objects:  23% (6956/30243)   Receiving objects:  24% (7259/30243)   Receiving objects:  25% (7561/30243)   Receiving objects:  26% (7864/30243)   Receiving objects:  27% (8166/30243)   Receiving objects:  28% (8469/30243)   Receiving objects:  29% (8771/30243)   Receiving objects:  30% (9073/30243)   Receiving objects:  31% (9376/30243)   Receiving objects:  32% (9678/30243)   Receiving objects:  33% (9981/30243)   Receiving objects:  34% (10283/30243)   Receiving objects:  35% (10586/30243)   Receiving objects:  36% (10888/30243)   Receiving objects:  37% (11190/30243)   Receiving objects:  38% (11493/30243)   Receiving objects:  39% (11795/30243)   Receiving objects:  40% (12098/30243)   Receiving objects:  41% (12400/30243)   Receiving objects:  42% (12703/30243)   Receiving objects:  43% (13005/30243)   Receiving objects:  44% (13307/30243)   Receiving objects:  45% (13610/30243)   Receiving objects:  46% (13912/30243)   Receiving objects:  47% (14215/30243)   Receiving objects:  48% (14517/30243)   Receiving objects:  49% (14820/30243)   Receiving objects:  50% (15122/30243)   Receiving objects:  51% (15424/30243)   Receiving objects:  52% (15727/30243)   Receiving objects:  53% (16029/30243)   Receiving objects:  54% (16332/30243)   Receiving objects:  55% (16634/30243)   Receiving objects:  56% (16937/30243)   Receiving objects:  57% (17239/30243)   Receiving objects:  58% (17541/30243)   Receiving objects:  59% (17844/30243)   Receiving objects:  60% (18146/30243)   Receiving objects:  61% (18449/30243)   Receiving objects:  62% (18751/30243)   Receiving objects:  63% (19054/30243)   Receiving objects:  64% (19356/30243)   Receiving objects:  65% (19658/30243), 15.73 MiB | 31.40 MiB/s   Receiving objects:  66% (19961/30243), 15.73 MiB | 31.40 MiB/s   Receiving objects:  67% (20263/30243), 15.73 MiB | 31.40 MiB/s   Receiving objects:  68% (20566/30243), 15.73 MiB | 31.40 MiB/s   Receiving objects:  69% (20868/30243), 15.73 MiB | 31.40 MiB/s   Receiving objects:  70% (21171/30243), 15.73 MiB | 31.40 MiB/s   Receiving objects:  71% (21473/30243), 15.73 MiB | 31.40 MiB/s   Receiving objects:  72% (21775/30243), 15.73 MiB | 31.40 MiB/s   Receiving objects:  73% (22078/30243), 15.73 MiB | 31.40 MiB/s   Receiving objects:  74% (22380/30243), 15.73 MiB | 31.40 MiB/s   Receiving objects:  75% (22683/30243), 15.73 MiB | 31.40 MiB/s   Receiving objects:  76% (22985/30243), 15.73 MiB | 31.40 MiB/s   Receiving objects:  77% (23288/30243), 15.73 MiB | 31.40 MiB/s   Receiving objects:  78% (23590/30243), 15.73 MiB | 31.40 MiB/s   Receiving objects:  79% (23892/30243), 15.73 MiB | 31.40 MiB/s   Receiving objects:  80% (24195/30243), 15.73 MiB | 31.40 MiB/s   Receiving objects:  81% (24497/30243), 15.73 MiB | 31.40 MiB/s   Receiving objects:  82% (24800/30243), 15.73 MiB | 31.40 MiB/s   Receiving objects:  83% (25102/30243), 15.73 MiB | 31.40 MiB/s   Receiving objects:  84% (25405/30243), 15.73 MiB | 31.40 MiB/s   Receiving objects:  85% (25707/30243), 15.73 MiB | 31.40 MiB/s   Receiving objects:  86% (26009/30243), 15.73 MiB | 31.40 MiB/s   Receiving objects:  87% (26312/30243), 15.73 MiB | 31.40 MiB/s   Receiving objects:  88% (26614/30243), 15.73 MiB | 31.40 MiB/s   Receiving objects:  89% (26917/30243), 15.73 MiB | 31.40 MiB/s   Receiving objects:  90% (27219/30243), 15.73 MiB | 31.40 MiB/s   Receiving objects:  91% (27522/30243), 15.73 MiB | 31.40 MiB/s   Receiving objects:  92% (27824/30243), 15.73 MiB | 31.40 MiB/s   Receiving objects:  93% (28126/30243), 15.73 MiB | 31.40 MiB/s   Receiving objects:  94% (28429/30243), 15.73 MiB | 31.40 MiB/s   Receiving objects:  95% (28731/30243), 15.73 MiB | 31.40 MiB/s   Receiving objects:  96% (29034/30243), 15.73 MiB | 31.40 MiB/s   Receiving objects:  97% (29336/30243), 15.73 MiB | 31.40 MiB/s   Receiving objects:  98% (29639/30243), 15.73 MiB | 31.40 MiB/s   Receiving objects:  99% (29941/30243), 15.73 MiB | 31.40 MiB/s   remote: Total 30243 (delta 39), reused 0 (delta 0), pack-reused 30186[K
Receiving objects: 100% (30243/30243), 15.73 MiB | 31.40 MiB/s   Receiving objects: 100% (30243/30243), 30.28 MiB | 31.40 MiB/s, done.
Resolving deltas:   0% (0/18167)   Resolving deltas:   1% (201/18167)   Resolving deltas:   2% (374/18167)   Resolving deltas:   3% (548/18167)   Resolving deltas:   4% (727/18167)   Resolving deltas:   5% (968/18167)   Resolving deltas:   6% (1110/18167)   Resolving deltas:   7% (1296/18167)   Resolving deltas:   8% (1460/18167)   Resolving deltas:   9% (1639/18167)   Resolving deltas:  10% (1823/18167)   Resolving deltas:  11% (2010/18167)   Resolving deltas:  12% (2195/18167)   Resolving deltas:  13% (2506/18167)   Resolving deltas:  14% (2550/18167)   Resolving deltas:  15% (2741/18167)   Resolving deltas:  16% (2910/18167)   Resolving deltas:  17% (3226/18167)   Resolving deltas:  18% (3293/18167)   Resolving deltas:  19% (3459/18167)   Resolving deltas:  20% (3643/18167)   Resolving deltas:  21% (3821/18167)   Resolving deltas:  22% (4003/18167)   Resolving deltas:  23% (4179/18167)   Resolving deltas:  24% (4468/18167)   Resolving deltas:  25% (4542/18167)   Resolving deltas:  26% (4773/18167)   Resolving deltas:  27% (4919/18167)   Resolving deltas:  28% (5104/18167)   Resolving deltas:  29% (5270/18167)   Resolving deltas:  31% (5812/18167)   Resolving deltas:  32% (5827/18167)   Resolving deltas:  33% (6006/18167)   Resolving deltas:  34% (6229/18167)   Resolving deltas:  35% (6385/18167)   Resolving deltas:  36% (6546/18167)   Resolving deltas:  37% (6801/18167)   Resolving deltas:  38% (6906/18167)   Resolving deltas:  39% (7146/18167)   Resolving deltas:  40% (7300/18167)   Resolving deltas:  41% (7456/18167)   Resolving deltas:  42% (7698/18167)   Resolving deltas:  43% (7984/18167)   Resolving deltas:  44% (8006/18167)   Resolving deltas:  46% (8386/18167)   Resolving deltas:  47% (8671/18167)   Resolving deltas:  48% (8841/18167)   Resolving deltas:  49% (8908/18167)   Resolving deltas:  50% (9093/18167)   Resolving deltas:  52% (9563/18167)   Resolving deltas:  53% (9655/18167)   Resolving deltas:  56% (10326/18167)   Resolving deltas:  57% (10421/18167)   Resolving deltas:  58% (10541/18167)   Resolving deltas:  59% (10756/18167)   Resolving deltas:  61% (11183/18167)   Resolving deltas:  62% (11267/18167)   Resolving deltas:  63% (11542/18167)   Resolving deltas:  64% (11632/18167)   Resolving deltas:  65% (11877/18167)   Resolving deltas:  66% (11992/18167)   Resolving deltas:  67% (12214/18167)   Resolving deltas:  68% (12356/18167)   Resolving deltas:  69% (12547/18167)   Resolving deltas:  74% (13615/18167)   Resolving deltas:  75% (13692/18167)   Resolving deltas:  76% (13951/18167)   Resolving deltas:  77% (14005/18167)   Resolving deltas:  78% (14252/18167)   Resolving deltas:  79% (14358/18167)   Resolving deltas:  80% (14540/18167)   Resolving deltas:  81% (14782/18167)   Resolving deltas:  82% (15071/18167)   Resolving deltas:  83% (15090/18167)   Resolving deltas:  84% (15272/18167)   Resolving deltas:  85% (15442/18167)   Resolving deltas:  88% (16120/18167)   Resolving deltas:  89% (16175/18167)   Resolving deltas:  91% (16536/18167)   Resolving deltas:  92% (16766/18167)   Resolving deltas:  93% (17011/18167)   Resolving deltas:  94% (17096/18167)   Resolving deltas:  95% (17366/18167)   Resolving deltas:  96% (17617/18167)   Resolving deltas:  97% (17656/18167)   Resolving deltas:  98% (17804/18167)   Resolving deltas:  99% (17988/18167)   Resolving deltas: 100% (18167/18167)   Resolving deltas: 100% (18167/18167), done.
Checking connectivity... done.
Submodule path 'gluon/packages/dal': checked out '62eb7767db6ba88399034a785c7d35bf1f546437'
travis_time:end:05bea059:start=1431055860469980978,finish=1431055862901208039,duration=2431227061[0Ktravis_fold:end:git.submodule[0K
[33;1mThis job is running on container-based infrastructure, which does not allow use of 'sudo', setuid and setguid executables.[0m
[33;1mIf you require sudo, add 'sudo: required' to your .travis.yml[0m
[33;1mSee http://docs.travis-ci.com/user/workers/container-based-infrastructure/ for details.[0m
travis_fold:start:cache.1[0KSetting up build cache
$ export CASHER_DIR=$HOME/.casher
travis_time:start:35b0d0e3[0K$ Installing caching utilities
travis_time:end:35b0d0e3:start=1431055865497209448,finish=1431055865628449440,duration=131239992[0Ktravis_time:start:0041d01b[0Kattempting to download cache archive
fetching master/cache--python-2.7.tbz
found cache
travis_time:end:0041d01b:start=1431055865632909066,finish=1431055865961058796,duration=328149730[0Ktravis_time:start:0cc04730[0Kadding /home/travis/.pip-cache to cache
travis_time:end:0cc04730:start=1431055865964822403,finish=1431055866214913975,duration=250091572[0Ktravis_fold:end:cache.1[0Ktravis_time:start:0e25b5f2[0K$ source ~/virtualenv/python2.7/bin/activate
travis_time:end:0e25b5f2:start=1431055866218770956,finish=1431055866222606455,duration=3835499[0K$ python --version
Python 2.7.9
$ pip --version
pip 6.0.7 from /home/travis/virtualenv/python2.7.9/lib/python2.7/site-packages (python 2.7)
travis_fold:start:install[0Ktravis_time:start:08742b32[0K$ pip install -e .
[33mYou are using pip version 6.0.7, however version 6.1.1 is available.
You should consider upgrading via the 'pip install --upgrade pip' command.[0m
Obtaining file:///home/travis/build/web2py/web2py
    /home/travis/virtualenv/python2.7.9/lib/python2.7/site-packages/setuptools/dist.py:292: UserWarning: The version specified ('2.10.4-stable+timestamp.2015.04.26.09.05.21') is an invalid version, this may not work as expected with newer versions of setuptools, pip, and PyPI. Please see PEP 440 for more details.
      "details." % self.metadata.version
Installing collected packages: web2py
  Running setup.py develop for web2py
    /home/travis/virtualenv/python2.7.9/lib/python2.7/site-packages/setuptools/dist.py:292: UserWarning: The version specified ('2.10.4-stable+timestamp.2015.04.26.09.05.21') is an invalid version, this may not work as expected with newer versions of setuptools, pip, and PyPI. Please see PEP 440 for more details.
      "details." % self.metadata.version
    /home/travis/virtualenv/python2.7.9/lib/python2.7/site-packages/pkg_resources/__init__.py:2510: PEP440Warning: 'web2py (2.10.4-stable-timestamp.2015.04.26.09.05.21)' is being parsed as a legacy, non PEP 440, version. You may find odd behavior and sort order. In particular it will be sorted as less than 0.0. It is recommend to migrate to PEP 440 compatible versions.
      PEP440Warning,
    Creating /home/travis/virtualenv/python2.7.9/lib/python2.7/site-packages/web2py.egg-link (link to .)
    Adding web2py 2.10.4-stable-timestamp.2015.04.26.09.05.21 to easy-install.pth file
    Installed /home/travis/build/web2py/web2py
Successfully installed web2py
travis_time:end:08742b32:start=1431055866561398422,finish=1431055867691359900,duration=1129961478[0Ktravis_fold:end:install[0Ktravis_fold:start:before_script.1[0Ktravis_time:start:271db1fa[0K$ if [[ $TRAVIS_PYTHON_VERSION == '2.6' ]]; then pip install --download-cache $HOME/.pip-cache unittest2; fi
travis_time:end:271db1fa:start=1431055867695338025,finish=1431055867698372415,duration=3034390[0Ktravis_fold:end:before_script.1[0Ktravis_fold:start:before_script.2[0Ktravis_time:start:19013c53[0K$ if [[ $TRAVIS_PYTHON_VERSION == '2.7' ]]; then pip install --download-cache $HOME/.pip-cache coverage; fi;
[33mYou are using pip version 6.0.7, however version 6.1.1 is available.
You should consider upgrading via the 'pip install --upgrade pip' command.[0m
[33mDEPRECATION: --download-cache has been deprecated and will be removed in the future. Pip now automatically uses and configures its cache.[0m
Collecting coverage
  Downloading coverage-3.7.1.tar.gz (284kB)
[?25l[K    1% |                                | 4.1kB 35.1MB/s eta 0:00:01[K    2% |                                | 8.2kB 29.1MB/s eta 0:00:01[K    4% |#                               | 12kB 30.1MB/s eta 0:00:01[K    5% |#                               | 16kB 28.7MB/s eta 0:00:01[K    7% |##                              | 20kB 29.6MB/s eta 0:00:01[K    8% |##                              | 24kB 30.5MB/s eta 0:00:01[K    10% |###                             | 28kB 31.1MB/s eta 0:00:01[K    11% |###                             | 32kB 30.3MB/s eta 0:00:01[K    12% |####                            | 36kB 30.5MB/s eta 0:00:01[K    14% |####                            | 40kB 31.2MB/s eta 0:00:01[K    15% |#####                           | 45kB 31.0MB/s eta 0:00:01[K    17% |#####                           | 49kB 16.1MB/s eta 0:00:01[K    18% |#####                           | 53kB 16.1MB/s eta 0:00:01[K    20% |######                          | 57kB 16.4MB/s eta 0:00:01[K    21% |######                          | 61kB 16.4MB/s eta 0:00:01[K    23% |#######                         | 65kB 15.9MB/s eta 0:00:01[K    24% |#######                         | 69kB 15.8MB/s eta 0:00:01[K    25% |########                        | 73kB 16.2MB/s eta 0:00:01[K    27% |########                        | 77kB 16.2MB/s eta 0:00:01[K    28% |#########                       | 81kB 12.3MB/s eta 0:00:01[K    30% |#########                       | 86kB 12.3MB/s eta 0:00:01[K    31% |##########                      | 90kB 20.0MB/s eta 0:00:01[K    33% |##########                      | 94kB 20.1MB/s eta 0:00:01[K    34% |###########                     | 98kB 18.6MB/s eta 0:00:01[K    35% |###########                     | 102kB 18.6MB/s eta 0:00:01[K    37% |###########                     | 106kB 19.3MB/s eta 0:00:01[K    38% |############                    | 110kB 19.4MB/s eta 0:00:01[K    40% |############                    | 114kB 14.1MB/s eta 0:00:01[K    41% |#############                   | 118kB 14.1MB/s eta 0:00:01[K    43% |#############                   | 122kB 19.4MB/s eta 0:00:01[K    44% |##############                  | 126kB 19.5MB/s eta 0:00:01[K    46% |##############                  | 131kB 17.5MB/s eta 0:00:01[K    47% |###############                 | 135kB 17.5MB/s eta 0:00:01[K    48% |###############                 | 139kB 18.8MB/s eta 0:00:01[K    50% |################                | 143kB 18.9MB/s eta 0:00:01[K    51% |################                | 147kB 14.3MB/s eta 0:00:01[K    53% |#################               | 151kB 14.3MB/s eta 0:00:01[K    54% |#################               | 155kB 19.8MB/s eta 0:00:01[K    56% |#################               | 159kB 19.8MB/s eta 0:00:01[K    57% |##################              | 163kB 17.1MB/s eta 0:00:01[K    58% |##################              | 167kB 17.0MB/s eta 0:00:01[K    60% |###################             | 172kB 19.0MB/s eta 0:00:01[K    61% |###################             | 176kB 19.0MB/s eta 0:00:01[K    63% |####################            | 180kB 15.4MB/s eta 0:00:01[K    64% |####################            | 184kB 15.4MB/s eta 0:00:01[K    66% |#####################           | 188kB 20.8MB/s eta 0:00:01[K    67% |#####################           | 192kB 20.9MB/s eta 0:00:01[K    69% |######################          | 196kB 18.0MB/s eta 0:00:01[K    70% |######################          | 200kB 17.9MB/s eta 0:00:01[K    71% |#######################         | 204kB 21.0MB/s eta 0:00:01[K    73% |#######################         | 208kB 21.0MB/s eta 0:00:01[K    74% |#######################         | 212kB 15.8MB/s eta 0:00:01[K    76% |########################        | 217kB 15.8MB/s eta 0:00:01[K    77% |########################        | 221kB 19.5MB/s eta 0:00:01[K    79% |#########################       | 225kB 19.6MB/s eta 0:00:01[K    80% |#########################       | 229kB 17.5MB/s eta 0:00:01[K    81% |##########################      | 233kB 17.4MB/s eta 0:00:01[K    83% |##########################      | 237kB 20.1MB/s eta 0:00:01[K    84% |###########################     | 241kB 20.2MB/s eta 0:00:01[K    86% |###########################     | 245kB 17.6MB/s eta 0:00:01[K    87% |############################    | 249kB 17.6MB/s eta 0:00:01[K    89% |############################    | 253kB 24.2MB/s eta 0:00:01[K    90% |#############################   | 258kB 24.3MB/s eta 0:00:01[K    92% |#############################   | 262kB 19.5MB/s eta 0:00:01[K    93% |#############################   | 266kB 18.2MB/s eta 0:00:01[K    94% |##############################  | 270kB 20.4MB/s eta 0:00:01[K    96% |##############################  | 274kB 20.5MB/s eta 0:00:01[K    97% |############################### | 278kB 20.0MB/s eta 0:00:01[K    99% |############################### | 282kB 20.0MB/s eta 0:00:01[K    100% |################################| 286kB 1.8MB/s 
[?25hInstalling collected packages: coverage
  Running setup.py install for coverage
    building 'coverage.tracer' extension
    gcc -pthread -fno-strict-aliasing -g -fstack-protector --param=ssp-buffer-size=4 -Wformat -Werror=format-security -DNDEBUG -g -fwrapv -O3 -Wall -Wstrict-prototypes -fPIC -I/opt/python/2.7.9/include/python2.7 -c coverage/tracer.c -o build/temp.linux-x86_64-2.7/coverage/tracer.o
    gcc -pthread -shared -L/opt/python/2.7.9/lib -Wl,-rpath=/opt/python/2.7.9/lib build/temp.linux-x86_64-2.7/coverage/tracer.o -L/opt/python/2.7.9/lib -lpython2.7 -o build/lib.linux-x86_64-2.7/coverage/tracer.so
    Installing coverage2 script to /home/travis/virtualenv/python2.7.9/bin
    Installing coverage-2.7 script to /home/travis/virtualenv/python2.7.9/bin
    Installing coverage script to /home/travis/virtualenv/python2.7.9/bin
Successfully installed coverage-3.7.1
travis_time:end:19013c53:start=1431055867702355935,finish=1431055868845829284,duration=1143473349[0Ktravis_fold:end:before_script.2[0Ktravis_fold:start:before_script.3[0Ktravis_time:start:067c2576[0K$ if [[ $TRAVIS_PYTHON_VERSION == '2.7' ]]; then pip install --download-cache $HOME/.pip-cache python-coveralls; fi
[33mYou are using pip version 6.0.7, however version 6.1.1 is available.
You should consider upgrading via the 'pip install --upgrade pip' command.[0m
[33mDEPRECATION: --download-cache has been deprecated and will be removed in the future. Pip now automatically uses and configures its cache.[0m
Collecting python-coveralls
  Downloading python_coveralls-2.5.0-py2.py3-none-any.whl
Collecting sh (from python-coveralls)
  Downloading sh-1.11.tar.gz
Collecting six (from python-coveralls)
  Downloading six-1.9.0-py2.py3-none-any.whl
Requirement already satisfied (use --upgrade to upgrade): coverage==3.7.1 in /home/travis/virtualenv/python2.7.9/lib/python2.7/site-packages (from python-coveralls)
Collecting PyYAML (from python-coveralls)
  Downloading PyYAML-3.11.tar.gz (248kB)
[?25l[K    1% |                                | 4.1kB 35.3MB/s eta 0:00:01[K    3% |#                               | 8.2kB 28.4MB/s eta 0:00:01[K    4% |#                               | 12kB 29.4MB/s eta 0:00:01[K    6% |##                              | 16kB 18.4MB/s eta 0:00:01[K    8% |##                              | 20kB 20.1MB/s eta 0:00:01[K    9% |###                             | 24kB 21.7MB/s eta 0:00:01[K    11% |###                             | 28kB 23.0MB/s eta 0:00:01[K    13% |####                            | 32kB 12.6MB/s eta 0:00:01[K    14% |####                            | 36kB 13.5MB/s eta 0:00:01[K    16% |#####                           | 40kB 14.4MB/s eta 0:00:01[K    18% |#####                           | 45kB 14.4MB/s eta 0:00:01[K    19% |######                          | 49kB 10.8MB/s eta 0:00:01[K    21% |######                          | 53kB 10.8MB/s eta 0:00:01[K    23% |#######                         | 57kB 11.9MB/s eta 0:00:01[K    24% |#######                         | 61kB 12.0MB/s eta 0:00:01[K    26% |########                        | 65kB 10.4MB/s eta 0:00:01[K    28% |########                        | 69kB 10.4MB/s eta 0:00:01[K    29% |#########                       | 73kB 15.1MB/s eta 0:00:01[K    31% |##########                      | 77kB 15.1MB/s eta 0:00:01[K    32% |##########                      | 81kB 12.6MB/s eta 0:00:01[K    34% |###########                     | 86kB 12.6MB/s eta 0:00:01[K    36% |###########                     | 90kB 18.3MB/s eta 0:00:01[K    37% |############                    | 94kB 18.4MB/s eta 0:00:01[K    39% |############                    | 98kB 15.3MB/s eta 0:00:01[K    41% |#############                   | 102kB 15.2MB/s eta 0:00:01[K    42% |#############                   | 106kB 18.9MB/s eta 0:00:01[K    44% |##############                  | 110kB 18.9MB/s eta 0:00:01[K    46% |##############                  | 114kB 12.5MB/s eta 0:00:01[K    47% |###############                 | 118kB 12.5MB/s eta 0:00:01[K    49% |###############                 | 122kB 15.0MB/s eta 0:00:01[K    51% |################                | 126kB 15.1MB/s eta 0:00:01[K    52% |################                | 131kB 13.3MB/s eta 0:00:01[K    54% |#################               | 135kB 13.2MB/s eta 0:00:01[K    56% |#################               | 139kB 15.5MB/s eta 0:00:01[K    57% |##################              | 143kB 15.6MB/s eta 0:00:01[K    59% |##################              | 147kB 13.1MB/s eta 0:00:01[K    60% |###################             | 151kB 13.1MB/s eta 0:00:01[K    62% |####################            | 155kB 20.3MB/s eta 0:00:01[K    64% |####################            | 159kB 20.3MB/s eta 0:00:01[K    65% |#####################           | 163kB 15.8MB/s eta 0:00:01[K    67% |#####################           | 167kB 15.8MB/s eta 0:00:01[K    69% |######################          | 172kB 18.3MB/s eta 0:00:01[K    70% |######################          | 176kB 18.4MB/s eta 0:00:01[K    72% |#######################         | 180kB 15.6MB/s eta 0:00:01[K    74% |#######################         | 184kB 15.5MB/s eta 0:00:01[K    75% |########################        | 188kB 19.3MB/s eta 0:00:01[K    77% |########################        | 192kB 19.4MB/s eta 0:00:01[K    79% |#########################       | 196kB 15.3MB/s eta 0:00:01[K    80% |#########################       | 200kB 15.2MB/s eta 0:00:01[K    82% |##########################      | 204kB 19.4MB/s eta 0:00:01[K    84% |##########################      | 208kB 19.5MB/s eta 0:00:01[K    85% |###########################     | 212kB 16.3MB/s eta 0:00:01[K    87% |###########################     | 217kB 16.2MB/s eta 0:00:01[K    88% |############################    | 221kB 19.3MB/s eta 0:00:01[K    90% |############################    | 225kB 19.4MB/s eta 0:00:01[K    92% |#############################   | 229kB 15.9MB/s eta 0:00:01[K    93% |##############################  | 233kB 15.8MB/s eta 0:00:01[K    95% |##############################  | 237kB 20.2MB/s eta 0:00:01[K    97% |############################### | 241kB 20.3MB/s eta 0:00:01[K    98% |############################### | 245kB 20.1MB/s eta 0:00:01[K    100% |################################| 249kB 2.0MB/s 
[?25hCollecting requests (from python-coveralls)
  Downloading requests-2.7.0-py2.py3-none-any.whl (470kB)
[?25l[K    0% |                                | 4.1kB 39.4MB/s eta 0:00:01[K    1% |                                | 8.2kB 31.3MB/s eta 0:00:01[K    2% |                                | 12kB 31.6MB/s eta 0:00:01[K    3% |#                               | 16kB 28.1MB/s eta 0:00:01[K    4% |#                               | 20kB 28.8MB/s eta 0:00:01[K    5% |#                               | 24kB 29.9MB/s eta 0:00:01[K    6% |#                               | 28kB 30.5MB/s eta 0:00:01[K    6% |##                              | 32kB 29.2MB/s eta 0:00:01[K    7% |##                              | 36kB 29.1MB/s eta 0:00:01[K    8% |##                              | 40kB 29.8MB/s eta 0:00:01[K    9% |###                             | 45kB 29.5MB/s eta 0:00:01[K    10% |###                             | 49kB 16.0MB/s eta 0:00:01[K    11% |###                             | 53kB 16.0MB/s eta 0:00:01[K    12% |###                             | 57kB 16.5MB/s eta 0:00:01[K    13% |####                            | 61kB 16.6MB/s eta 0:00:01[K    13% |####                            | 65kB 16.2MB/s eta 0:00:01[K    14% |####                            | 69kB 16.1MB/s eta 0:00:01[K    15% |#####                           | 73kB 16.6MB/s eta 0:00:01[K    16% |#####                           | 77kB 16.8MB/s eta 0:00:01[K    17% |#####                           | 81kB 12.6MB/s eta 0:00:01[K    18% |#####                           | 86kB 12.6MB/s eta 0:00:01[K    19% |######                          | 90kB 20.3MB/s eta 0:00:01[K    20% |######                          | 94kB 20.4MB/s eta 0:00:01[K    20% |######                          | 98kB 19.4MB/s eta 0:00:01[K    21% |######                          | 102kB 19.2MB/s eta 0:00:01[K    22% |#######                         | 106kB 19.8MB/s eta 0:00:01[K    23% |#######                         | 110kB 19.9MB/s eta 0:00:01[K    24% |#######                         | 114kB 19.5MB/s eta 0:00:01[K    25% |########                        | 118kB 19.4MB/s eta 0:00:01[K    26% |########                        | 122kB 31.7MB/s eta 0:00:01[K    26% |########                        | 126kB 31.9MB/s eta 0:00:01[K    27% |########                        | 131kB 18.4MB/s eta 0:00:01[K    28% |#########                       | 135kB 18.4MB/s eta 0:00:01[K    29% |#########                       | 139kB 19.3MB/s eta 0:00:01[K    30% |#########                       | 143kB 19.5MB/s eta 0:00:01[K    31% |##########                      | 147kB 18.9MB/s eta 0:00:01[K    32% |##########                      | 151kB 18.9MB/s eta 0:00:01[K    33% |##########                      | 155kB 19.4MB/s eta 0:00:01[K    33% |##########                      | 159kB 19.4MB/s eta 0:00:01[K    34% |###########                     | 163kB 16.4MB/s eta 0:00:01[K    35% |###########                     | 167kB 16.3MB/s eta 0:00:01[K    36% |###########                     | 172kB 26.0MB/s eta 0:00:01[K    37% |###########                     | 176kB 26.2MB/s eta 0:00:01[K    38% |############                    | 180kB 24.0MB/s eta 0:00:01[K    39% |############                    | 184kB 23.9MB/s eta 0:00:01[K    40% |############                    | 188kB 24.9MB/s eta 0:00:01[K    40% |#############                   | 192kB 24.6MB/s eta 0:00:01[K    41% |#############                   | 196kB 23.5MB/s eta 0:00:01[K    42% |#############                   | 200kB 23.4MB/s eta 0:00:01[K    43% |#############                   | 204kB 30.1MB/s eta 0:00:01[K    44% |##############                  | 208kB 30.2MB/s eta 0:00:01[K    45% |##############                  | 212kB 17.6MB/s eta 0:00:01[K    46% |##############                  | 217kB 17.5MB/s eta 0:00:01[K    46% |###############                 | 221kB 18.7MB/s eta 0:00:01[K    47% |###############                 | 225kB 18.7MB/s eta 0:00:01[K    48% |###############                 | 229kB 18.2MB/s eta 0:00:01[K    49% |###############                 | 233kB 18.3MB/s eta 0:00:01[K    50% |################                | 237kB 18.9MB/s eta 0:00:01[K    51% |################                | 241kB 19.0MB/s eta 0:00:01[K    52% |################                | 245kB 18.4MB/s eta 0:00:01[K    53% |################                | 249kB 18.4MB/s eta 0:00:01[K    53% |#################               | 253kB 32.8MB/s eta 0:00:01[K    54% |#################               | 258kB 33.0MB/s eta 0:00:01[K    55% |#################               | 262kB 25.4MB/s eta 0:00:01[K    56% |##################              | 266kB 25.3MB/s eta 0:00:01[K    57% |##################              | 270kB 26.4MB/s eta 0:00:01[K    58% |##################              | 274kB 26.5MB/s eta 0:00:01[K    59% |##################              | 278kB 22.6MB/s eta 0:00:01[K    60% |###################             | 282kB 22.5MB/s eta 0:00:01[K    60% |###################             | 286kB 23.3MB/s eta 0:00:01[K    61% |###################             | 290kB 23.3MB/s eta 0:00:01[K    62% |####################            | 294kB 22.4MB/s eta 0:00:01[K    63% |####################            | 299kB 22.3MB/s eta 0:00:01[K    64% |####################            | 303kB 28.0MB/s eta 0:00:01[K    65% |####################            | 307kB 28.1MB/s eta 0:00:01[K    66% |#####################           | 311kB 23.3MB/s eta 0:00:01[K    67% |#####################           | 315kB 23.3MB/s eta 0:00:01[K    67% |#####################           | 319kB 27.3MB/s eta 0:00:01[K    68% |######################          | 323kB 27.6MB/s eta 0:00:01[K    69% |######################          | 327kB 25.0MB/s eta 0:00:01[K    70% |######################          | 331kB 24.8MB/s eta 0:00:01[K    71% |######################          | 335kB 25.9MB/s eta 0:00:01[K    72% |#######################         | 339kB 26.1MB/s eta 0:00:01[K    73% |#######################         | 344kB 25.0MB/s eta 0:00:01[K    73% |#######################         | 348kB 24.9MB/s eta 0:00:01[K    74% |#######################         | 352kB 30.5MB/s eta 0:00:01[K    75% |########################        | 356kB 30.7MB/s eta 0:00:01[K    76% |########################        | 360kB 28.4MB/s eta 0:00:01[K    77% |########################        | 364kB 28.3MB/s eta 0:00:01[K    78% |#########################       | 368kB 31.8MB/s eta 0:00:01[K    79% |#########################       | 372kB 32.1MB/s eta 0:00:01[K    80% |#########################       | 376kB 22.8MB/s eta 0:00:01[K    80% |#########################       | 380kB 22.7MB/s eta 0:00:01[K    81% |##########################      | 385kB 23.5MB/s eta 0:00:01[K    82% |##########################      | 389kB 23.6MB/s eta 0:00:01[K    83% |##########################      | 393kB 22.9MB/s eta 0:00:01[K    84% |###########################     | 397kB 22.8MB/s eta 0:00:01[K    85% |###########################     | 401kB 24.2MB/s eta 0:00:01[K    86% |###########################     | 405kB 24.3MB/s eta 0:00:01[K    87% |###########################     | 409kB 23.6MB/s eta 0:00:01[K    87% |############################    | 413kB 23.6MB/s eta 0:00:01[K    88% |############################    | 417kB 33.7MB/s eta 0:00:01[K    89% |############################    | 421kB 33.9MB/s eta 0:00:01[K    90% |############################    | 425kB 31.4MB/s eta 0:00:01[K    91% |#############################   | 430kB 31.3MB/s eta 0:00:01[K    92% |#############################   | 434kB 32.6MB/s eta 0:00:01[K    93% |#############################   | 438kB 32.9MB/s eta 0:00:01[K    93% |##############################  | 442kB 31.1MB/s eta 0:00:01[K    94% |##############################  | 446kB 30.9MB/s eta 0:00:01[K    95% |##############################  | 450kB 32.1MB/s eta 0:00:01[K    96% |##############################  | 454kB 32.2MB/s eta 0:00:01[K    97% |############################### | 458kB 30.7MB/s eta 0:00:01[K    98% |############################### | 462kB 30.3MB/s eta 0:00:01[K    99% |############################### | 466kB 32.7MB/s eta 0:00:01[K    100% |################################| 471kB 1.2MB/s 
[?25hInstalling collected packages: requests, PyYAML, six, sh, python-coveralls

  Running setup.py install for PyYAML
    checking if libyaml is compilable
    gcc -pthread -fno-strict-aliasing -g -fstack-protector --param=ssp-buffer-size=4 -Wformat -Werror=format-security -DNDEBUG -g -fwrapv -O3 -Wall -Wstrict-prototypes -fPIC -I/opt/python/2.7.9/include/python2.7 -c build/temp.linux-x86_64-2.7/check_libyaml.c -o build/temp.linux-x86_64-2.7/check_libyaml.o
    checking if libyaml is linkable
    gcc -pthread build/temp.linux-x86_64-2.7/check_libyaml.o -L/opt/python/2.7.9/lib -lyaml -o build/temp.linux-x86_64-2.7/check_libyaml
    building '_yaml' extension
    gcc -pthread -fno-strict-aliasing -g -fstack-protector --param=ssp-buffer-size=4 -Wformat -Werror=format-security -DNDEBUG -g -fwrapv -O3 -Wall -Wstrict-prototypes -fPIC -I/opt/python/2.7.9/include/python2.7 -c ext/_yaml.c -o build/temp.linux-x86_64-2.7/ext/_yaml.o
    In file included from ext/_yaml.c:343:0:
    ext/_yaml.h:6:0: warning: "PyUnicode_FromString" redefined [enabled by default]
    /opt/python/2.7.9/include/python2.7/unicodeobject.h:281:0: note: this is the location of the previous definition
    ext/_yaml.c: In function ‘__pyx_pf_5_yaml_get_version_string’:
    ext/_yaml.c:1346:17: warning: assignment discards ‘const’ qualifier from pointer target type [enabled by default]
    ext/_yaml.c: In function ‘__pyx_pf_5_yaml_7CParser___init__’:
    ext/_yaml.c:2471:5: warning: passing argument 2 of ‘yaml_parser_set_input’ from incompatible pointer type [enabled by default]
    /usr/include/yaml.h:1367:1: note: expected ‘int (*)(void *, unsigned char *, size_t,  size_t *)’ but argument is of type ‘int (*)(void *, char *, int,  int *)’
    ext/_yaml.c:2664:5: warning: pointer targets in passing argument 2 of ‘yaml_parser_set_input_string’ differ in signedness [-Wpointer-sign]
    /usr/include/yaml.h:1341:1: note: expected ‘const unsigned char *’ but argument is of type ‘char *’
    ext/_yaml.c: In function ‘__pyx_f_5_yaml_7CParser__token_to_object’:
    ext/_yaml.c:4183:5: warning: pointer targets in passing argument 1 of ‘strlen’ differ in signedness [-Wpointer-sign]
    /usr/include/string.h:399:15: note: expected ‘const char *’ but argument is of type ‘yaml_char_t *’
    ext/_yaml.c:4183:5: warning: pointer targets in passing argument 1 of ‘PyUnicodeUCS4_DecodeUTF8’ differ in signedness [-Wpointer-sign]
    /opt/python/2.7.9/include/python2.7/unicodeobject.h:750:23: note: expected ‘const char *’ but argument is of type ‘yaml_char_t *’
    ext/_yaml.c:4195:5: warning: pointer targets in passing argument 1 of ‘strlen’ differ in signedness [-Wpointer-sign]
    /usr/include/string.h:399:15: note: expected ‘const char *’ but argument is of type ‘yaml_char_t *’
    ext/_yaml.c:4195:5: warning: pointer targets in passing argument 1 of ‘PyUnicodeUCS4_DecodeUTF8’ differ in signedness [-Wpointer-sign]
    /opt/python/2.7.9/include/python2.7/unicodeobject.h:750:23: note: expected ‘const char *’ but argument is of type ‘yaml_char_t *’
    ext/_yaml.c:4741:5: warning: pointer targets in passing argument 1 of ‘strlen’ differ in signedness [-Wpointer-sign]
    /usr/include/string.h:399:15: note: expected ‘const char *’ but argument is of type ‘yaml_char_t *’
    ext/_yaml.c:4741:5: warning: pointer targets in passing argument 1 of ‘PyUnicodeUCS4_DecodeUTF8’ differ in signedness [-Wpointer-sign]
    /opt/python/2.7.9/include/python2.7/unicodeobject.h:750:23: note: expected ‘const char *’ but argument is of type ‘yaml_char_t *’
    ext/_yaml.c:4792:5: warning: pointer targets in passing argument 1 of ‘strlen’ differ in signedness [-Wpointer-sign]
    /usr/include/string.h:399:15: note: expected ‘const char *’ but argument is of type ‘yaml_char_t *’
    ext/_yaml.c:4792:5: warning: pointer targets in passing argument 1 of ‘PyUnicodeUCS4_DecodeUTF8’ differ in signedness [-Wpointer-sign]
    /opt/python/2.7.9/include/python2.7/unicodeobject.h:750:23: note: expected ‘const char *’ but argument is of type ‘yaml_char_t *’
    ext/_yaml.c:4843:5: warning: pointer targets in passing argument 1 of ‘strlen’ differ in signedness [-Wpointer-sign]
    /usr/include/string.h:399:15: note: expected ‘const char *’ but argument is of type ‘yaml_char_t *’
    ext/_yaml.c:4843:5: warning: pointer targets in passing argument 1 of ‘PyUnicodeUCS4_DecodeUTF8’ differ in signedness [-Wpointer-sign]
    /opt/python/2.7.9/include/python2.7/unicodeobject.h:750:23: note: expected ‘const char *’ but argument is of type ‘yaml_char_t *’
    ext/_yaml.c:4855:5: warning: pointer targets in passing argument 1 of ‘strlen’ differ in signedness [-Wpointer-sign]
    /usr/include/string.h:399:15: note: expected ‘const char *’ but argument is of type ‘yaml_char_t *’
    ext/_yaml.c:4855:5: warning: pointer targets in passing argument 1 of ‘PyUnicodeUCS4_DecodeUTF8’ differ in signedness [-Wpointer-sign]
    /opt/python/2.7.9/include/python2.7/unicodeobject.h:750:23: note: expected ‘const char *’ but argument is of type ‘yaml_char_t *’
    ext/_yaml.c:4938:5: warning: pointer targets in passing argument 1 of ‘PyUnicodeUCS4_DecodeUTF8’ differ in signedness [-Wpointer-sign]
    /opt/python/2.7.9/include/python2.7/unicodeobject.h:750:23: note: expected ‘const char *’ but argument is of type ‘yaml_char_t *’
    ext/_yaml.c: In function ‘__pyx_f_5_yaml_7CParser__event_to_object’:
    ext/_yaml.c:6435:9: warning: pointer targets in passing argument 1 of ‘strlen’ differ in signedness [-Wpointer-sign]
    /usr/include/string.h:399:15: note: expected ‘const char *’ but argument is of type ‘yaml_char_t *’
    ext/_yaml.c:6435:9: warning: pointer targets in passing argument 1 of ‘PyUnicodeUCS4_DecodeUTF8’ differ in signedness [-Wpointer-sign]
    /opt/python/2.7.9/include/python2.7/unicodeobject.h:750:23: note: expected ‘const char *’ but argument is of type ‘yaml_char_t *’
    ext/_yaml.c:6447:9: warning: pointer targets in passing argument 1 of ‘strlen’ differ in signedness [-Wpointer-sign]
    /usr/include/string.h:399:15: note: expected ‘const char *’ but argument is of type ‘yaml_char_t *’
    ext/_yaml.c:6447:9: warning: pointer targets in passing argument 1 of ‘PyUnicodeUCS4_DecodeUTF8’ differ in signedness [-Wpointer-sign]
    /opt/python/2.7.9/include/python2.7/unicodeobject.h:750:23: note: expected ‘const char *’ but argument is of type ‘yaml_char_t *’
    ext/_yaml.c:6616:5: warning: pointer targets in passing argument 1 of ‘strlen’ differ in signedness [-Wpointer-sign]
    /usr/include/string.h:399:15: note: expected ‘const char *’ but argument is of type ‘yaml_char_t *’
    ext/_yaml.c:6616:5: warning: pointer targets in passing argument 1 of ‘PyUnicodeUCS4_DecodeUTF8’ differ in signedness [-Wpointer-sign]
    /opt/python/2.7.9/include/python2.7/unicodeobject.h:750:23: note: expected ‘const char *’ but argument is of type ‘yaml_char_t *’
    ext/_yaml.c:6687:7: warning: pointer targets in passing argument 1 of ‘strlen’ differ in signedness [-Wpointer-sign]
    /usr/include/string.h:399:15: note: expected ‘const char *’ but argument is of type ‘yaml_char_t *’
    ext/_yaml.c:6687:7: warning: pointer targets in passing argument 1 of ‘PyUnicodeUCS4_DecodeUTF8’ differ in signedness [-Wpointer-sign]
    /opt/python/2.7.9/include/python2.7/unicodeobject.h:750:23: note: expected ‘const char *’ but argument is of type ‘yaml_char_t *’
    ext/_yaml.c:6722:7: warning: pointer targets in passing argument 1 of ‘strlen’ differ in signedness [-Wpointer-sign]
    /usr/include/string.h:399:15: note: expected ‘const char *’ but argument is of type ‘yaml_char_t *’
    ext/_yaml.c:6722:7: warning: pointer targets in passing argument 1 of ‘PyUnicodeUCS4_DecodeUTF8’ differ in signedness [-Wpointer-sign]
    /opt/python/2.7.9/include/python2.7/unicodeobject.h:750:23: note: expected ‘const char *’ but argument is of type ‘yaml_char_t *’
    ext/_yaml.c:6737:5: warning: pointer targets in passing argument 1 of ‘PyUnicodeUCS4_DecodeUTF8’ differ in signedness [-Wpointer-sign]
    /opt/python/2.7.9/include/python2.7/unicodeobject.h:750:23: note: expected ‘const char *’ but argument is of type ‘yaml_char_t *’
    ext/_yaml.c:7031:7: warning: pointer targets in passing argument 1 of ‘strlen’ differ in signedness [-Wpointer-sign]
    /usr/include/string.h:399:15: note: expected ‘const char *’ but argument is of type ‘yaml_char_t *’
    ext/_yaml.c:7031:7: warning: pointer targets in passing argument 1 of ‘PyUnicodeUCS4_DecodeUTF8’ differ in signedness [-Wpointer-sign]
    /opt/python/2.7.9/include/python2.7/unicodeobject.h:750:23: note: expected ‘const char *’ but argument is of type ‘yaml_char_t *’
    ext/_yaml.c:7066:7: warning: pointer targets in passing argument 1 of ‘strlen’ differ in signedness [-Wpointer-sign]
    /usr/include/string.h:399:15: note: expected ‘const char *’ but argument is of type ‘yaml_char_t *’
    ext/_yaml.c:7066:7: warning: pointer targets in passing argument 1 of ‘PyUnicodeUCS4_DecodeUTF8’ differ in signedness [-Wpointer-sign]
    /opt/python/2.7.9/include/python2.7/unicodeobject.h:750:23: note: expected ‘const char *’ but argument is of type ‘yaml_char_t *’
    ext/_yaml.c:7253:7: warning: pointer targets in passing argument 1 of ‘strlen’ differ in signedness [-Wpointer-sign]
    /usr/include/string.h:399:15: note: expected ‘const char *’ but argument is of type ‘yaml_char_t *’
    ext/_yaml.c:7253:7: warning: pointer targets in passing argument 1 of ‘PyUnicodeUCS4_DecodeUTF8’ differ in signedness [-Wpointer-sign]
    /opt/python/2.7.9/include/python2.7/unicodeobject.h:750:23: note: expected ‘const char *’ but argument is of type ‘yaml_char_t *’
    ext/_yaml.c:7288:7: warning: pointer targets in passing argument 1 of ‘strlen’ differ in signedness [-Wpointer-sign]
    /usr/include/string.h:399:15: note: expected ‘const char *’ but argument is of type ‘yaml_char_t *’
    ext/_yaml.c:7288:7: warning: pointer targets in passing argument 1 of ‘PyUnicodeUCS4_DecodeUTF8’ differ in signedness [-Wpointer-sign]
    /opt/python/2.7.9/include/python2.7/unicodeobject.h:750:23: note: expected ‘const char *’ but argument is of type ‘yaml_char_t *’
    ext/_yaml.c: In function ‘__pyx_f_5_yaml_7CParser__compose_node’:
    ext/_yaml.c:8704:5: warning: pointer targets in passing argument 1 of ‘strlen’ differ in signedness [-Wpointer-sign]
    /usr/include/string.h:399:15: note: expected ‘const char *’ but argument is of type ‘yaml_char_t *’
    ext/_yaml.c:8704:5: warning: pointer targets in passing argument 1 of ‘PyUnicodeUCS4_DecodeUTF8’ differ in signedness [-Wpointer-sign]
    /opt/python/2.7.9/include/python2.7/unicodeobject.h:750:23: note: expected ‘const char *’ but argument is of type ‘yaml_char_t *’
    ext/_yaml.c:8924:5: warning: pointer targets in passing argument 1 of ‘strlen’ differ in signedness [-Wpointer-sign]
    /usr/include/string.h:399:15: note: expected ‘const char *’ but argument is of type ‘yaml_char_t *’
    ext/_yaml.c:8924:5: warning: pointer targets in passing argument 1 of ‘PyUnicodeUCS4_DecodeUTF8’ differ in signedness [-Wpointer-sign]
    /opt/python/2.7.9/include/python2.7/unicodeobject.h:750:23: note: expected ‘const char *’ but argument is of type ‘yaml_char_t *’
    ext/_yaml.c:8962:5: warning: pointer targets in passing argument 1 of ‘strlen’ differ in signedness [-Wpointer-sign]
    /usr/include/string.h:399:15: note: expected ‘const char *’ but argument is of type ‘yaml_char_t *’
    ext/_yaml.c:8962:5: warning: pointer targets in passing argument 1 of ‘PyUnicodeUCS4_DecodeUTF8’ differ in signedness [-Wpointer-sign]
    /opt/python/2.7.9/include/python2.7/unicodeobject.h:750:23: note: expected ‘const char *’ but argument is of type ‘yaml_char_t *’
    ext/_yaml.c:9000:5: warning: pointer targets in passing argument 1 of ‘strlen’ differ in signedness [-Wpointer-sign]
    /usr/include/string.h:399:15: note: expected ‘const char *’ but argument is of type ‘yaml_char_t *’
    ext/_yaml.c:9000:5: warning: pointer targets in passing argument 1 of ‘PyUnicodeUCS4_DecodeUTF8’ differ in signedness [-Wpointer-sign]
    /opt/python/2.7.9/include/python2.7/unicodeobject.h:750:23: note: expected ‘const char *’ but argument is of type ‘yaml_char_t *’
    ext/_yaml.c: In function ‘__pyx_f_5_yaml_7CParser__compose_scalar_node’:
    ext/_yaml.c:9532:3: warning: pointer targets in passing argument 1 of ‘PyUnicodeUCS4_DecodeUTF8’ differ in signedness [-Wpointer-sign]
    /opt/python/2.7.9/include/python2.7/unicodeobject.h:750:23: note: expected ‘const char *’ but argument is of type ‘yaml_char_t *’
    ext/_yaml.c:9688:5: warning: pointer targets in passing argument 1 of ‘strlen’ differ in signedness [-Wpointer-sign]
    /usr/include/string.h:399:15: note: expected ‘const char *’ but argument is of type ‘yaml_char_t *’
    ext/_yaml.c:9688:5: warning: pointer targets in passing argument 1 of ‘PyUnicodeUCS4_DecodeUTF8’ differ in signedness [-Wpointer-sign]
    /opt/python/2.7.9/include/python2.7/unicodeobject.h:750:23: note: expected ‘const char *’ but argument is of type ‘yaml_char_t *’
    ext/_yaml.c: In function ‘__pyx_f_5_yaml_7CParser__compose_sequence_node’:
    ext/_yaml.c:10128:5: warning: pointer targets in passing argument 1 of ‘strlen’ differ in signedness [-Wpointer-sign]
    /usr/include/string.h:399:15: note: expected ‘const char *’ but argument is of type ‘yaml_char_t *’
    ext/_yaml.c:10128:5: warning: pointer targets in passing argument 1 of ‘PyUnicodeUCS4_DecodeUTF8’ differ in signedness [-Wpointer-sign]
    /opt/python/2.7.9/include/python2.7/unicodeobject.h:750:23: note: expected ‘const char *’ but argument is of type ‘yaml_char_t *’
    ext/_yaml.c: In function ‘__pyx_f_5_yaml_7CParser__compose_mapping_node’:
    ext/_yaml.c:10654:5: warning: pointer targets in passing argument 1 of ‘strlen’ differ in signedness [-Wpointer-sign]
    /usr/include/string.h:399:15: note: expected ‘const char *’ but argument is of type ‘yaml_char_t *’
    ext/_yaml.c:10654:5: warning: pointer targets in passing argument 1 of ‘PyUnicodeUCS4_DecodeUTF8’ differ in signedness [-Wpointer-sign]
    /opt/python/2.7.9/include/python2.7/unicodeobject.h:750:23: note: expected ‘const char *’ but argument is of type ‘yaml_char_t *’
    ext/_yaml.c: In function ‘__pyx_pf_5_yaml_8CEmitter___init__’:
    ext/_yaml.c:11721:3: warning: passing argument 2 of ‘yaml_emitter_set_output’ from incompatible pointer type [enabled by default]
    /usr/include/yaml.h:1829:1: note: expected ‘int (*)(void *, unsigned char *, size_t)’ but argument is of type ‘int (*)(void *, char *, int)’
    ext/_yaml.c: In function ‘__pyx_f_5_yaml_8CEmitter__object_to_event’:
    ext/_yaml.c:12898:44: warning: pointer targets in assignment differ in signedness [-Wpointer-sign]
    ext/_yaml.c:12991:44: warning: pointer targets in assignment differ in signedness [-Wpointer-sign]
    ext/_yaml.c:13248:5: warning: pointer targets in passing argument 2 of ‘yaml_alias_event_initialize’ differ in signedness [-Wpointer-sign]
    /usr/include/yaml.h:553:1: note: expected ‘yaml_char_t *’ but argument is of type ‘char *’
    ext/_yaml.c:13824:5: warning: pointer targets in passing argument 2 of ‘yaml_scalar_event_initialize’ differ in signedness [-Wpointer-sign]
    /usr/include/yaml.h:578:1: note: expected ‘yaml_char_t *’ but argument is of type ‘char *’
    ext/_yaml.c:13824:5: warning: pointer targets in passing argument 3 of ‘yaml_scalar_event_initialize’ differ in signedness [-Wpointer-sign]
    /usr/include/yaml.h:578:1: note: expected ‘yaml_char_t *’ but argument is of type ‘char *’
    ext/_yaml.c:13824:5: warning: pointer targets in passing argument 4 of ‘yaml_scalar_event_initialize’ differ in signedness [-Wpointer-sign]
    /usr/include/yaml.h:578:1: note: expected ‘yaml_char_t *’ but argument is of type ‘char *’
    ext/_yaml.c:14166:5: warning: pointer targets in passing argument 2 of ‘yaml_sequence_start_event_initialize’ differ in signedness [-Wpointer-sign]
    /usr/include/yaml.h:601:1: note: expected ‘yaml_char_t *’ but argument is of type ‘char *’
    ext/_yaml.c:14166:5: warning: pointer targets in passing argument 3 of ‘yaml_sequence_start_event_initialize’ differ in signedness [-Wpointer-sign]
    /usr/include/yaml.h:601:1: note: expected ‘yaml_char_t *’ but argument is of type ‘char *’
    ext/_yaml.c:14508:5: warning: pointer targets in passing argument 2 of ‘yaml_mapping_start_event_initialize’ differ in signedness [-Wpointer-sign]
    /usr/include/yaml.h:633:1: note: expected ‘yaml_char_t *’ but argument is of type ‘char *’
    ext/_yaml.c:14508:5: warning: pointer targets in passing argument 3 of ‘yaml_mapping_start_event_initialize’ differ in signedness [-Wpointer-sign]
    /usr/include/yaml.h:633:1: note: expected ‘yaml_char_t *’ but argument is of type ‘char *’
    ext/_yaml.c: In function ‘__pyx_pf_5_yaml_8CEmitter_12serialize’:
    ext/_yaml.c:15784:42: warning: pointer targets in assignment differ in signedness [-Wpointer-sign]
    ext/_yaml.c:15877:42: warning: pointer targets in assignment differ in signedness [-Wpointer-sign]
    ext/_yaml.c: In function ‘__pyx_f_5_yaml_8CEmitter__serialize_node’:
    ext/_yaml.c:16616:5: warning: pointer targets in passing argument 2 of ‘yaml_alias_event_initialize’ differ in signedness [-Wpointer-sign]
    /usr/include/yaml.h:553:1: note: expected ‘yaml_char_t *’ but argument is of type ‘char *’
    ext/_yaml.c:17195:7: warning: pointer targets in passing argument 2 of ‘yaml_scalar_event_initialize’ differ in signedness [-Wpointer-sign]
    /usr/include/yaml.h:578:1: note: expected ‘yaml_char_t *’ but argument is of type ‘char *’
    ext/_yaml.c:17195:7: warning: pointer targets in passing argument 3 of ‘yaml_scalar_event_initialize’ differ in signedness [-Wpointer-sign]
    /usr/include/yaml.h:578:1: note: expected ‘yaml_char_t *’ but argument is of type ‘char *’
    ext/_yaml.c:17195:7: warning: pointer targets in passing argument 4 of ‘yaml_scalar_event_initialize’ differ in signedness [-Wpointer-sign]
    /usr/include/yaml.h:578:1: note: expected ‘yaml_char_t *’ but argument is of type ‘char *’
    ext/_yaml.c:17473:7: warning: pointer targets in passing argument 2 of ‘yaml_sequence_start_event_initialize’ differ in signedness [-Wpointer-sign]
    /usr/include/yaml.h:601:1: note: expected ‘yaml_char_t *’ but argument is of type ‘char *’
    ext/_yaml.c:17473:7: warning: pointer targets in passing argument 3 of ‘yaml_sequence_start_event_initialize’ differ in signedness [-Wpointer-sign]
    /usr/include/yaml.h:601:1: note: expected ‘yaml_char_t *’ but argument is of type ‘char *’
    ext/_yaml.c:17874:7: warning: pointer targets in passing argument 2 of ‘yaml_mapping_start_event_initialize’ differ in signedness [-Wpointer-sign]
    /usr/include/yaml.h:633:1: note: expected ‘yaml_char_t *’ but argument is of type ‘char *’
    ext/_yaml.c:17874:7: warning: pointer targets in passing argument 3 of ‘yaml_mapping_start_event_initialize’ differ in signedness [-Wpointer-sign]
    /usr/include/yaml.h:633:1: note: expected ‘yaml_char_t *’ but argument is of type ‘char *’
    gcc -pthread -shared -L/opt/python/2.7.9/lib -Wl,-rpath=/opt/python/2.7.9/lib build/temp.linux-x86_64-2.7/ext/_yaml.o -L/opt/python/2.7.9/lib -lyaml -lpython2.7 -o build/lib.linux-x86_64-2.7/_yaml.so

  Running setup.py install for sh

Successfully installed PyYAML-3.11 python-coveralls-2.5.0 requests-2.7.0 sh-1.11 six-1.9.0
travis_time:end:067c2576:start=1431055868849818803,finish=1431055874390777964,duration=5540959161[0Ktravis_fold:end:before_script.3[0Ktravis_time:start:104eb6a4[0K$ export COVERAGE_PROCESS_START=gluon/tests/coverage.ini; ./web2py.py --run_system_tests --with_coverage
Python 2.7
testA (gluon.tests.test_html.TestBareHelpers) ... ok
testB (gluon.tests.test_html.TestBareHelpers) ... ok
testBODY (gluon.tests.test_html.TestBareHelpers) ... ok
testBR (gluon.tests.test_html.TestBareHelpers) ... ok
testCENTER (gluon.tests.test_html.TestBareHelpers) ... ok
testDIV (gluon.tests.test_html.TestBareHelpers) ... ok
testEM (gluon.tests.test_html.TestBareHelpers) ... ok
testEMBED (gluon.tests.test_html.TestBareHelpers) ... ok
testFIELDSET (gluon.tests.test_html.TestBareHelpers) ... ok
testFORM (gluon.tests.test_html.TestBareHelpers) ... ok
testH1 (gluon.tests.test_html.TestBareHelpers) ... ok
testH2 (gluon.tests.test_html.TestBareHelpers) ... ok
testH3 (gluon.tests.test_html.TestBareHelpers) ... ok
testH4 (gluon.tests.test_html.TestBareHelpers) ... ok
testH5 (gluon.tests.test_html.TestBareHelpers) ... ok
testH6 (gluon.tests.test_html.TestBareHelpers) ... ok
testHEAD (gluon.tests.test_html.TestBareHelpers) ... ok
testHR (gluon.tests.test_html.TestBareHelpers) ... ok
testHTML (gluon.tests.test_html.TestBareHelpers) ... ok
testIFRAME (gluon.tests.test_html.TestBareHelpers) ... ok
testIMG (gluon.tests.test_html.TestBareHelpers) ... ok
testINPUT (gluon.tests.test_html.TestBareHelpers) ... ok
testLABEL (gluon.tests.test_html.TestBareHelpers) ... ok
testLI (gluon.tests.test_html.TestBareHelpers) ... ok
testLINK (gluon.tests.test_html.TestBareHelpers) ... ok
testMETA (gluon.tests.test_html.TestBareHelpers) ... ok
testOBJECT (gluon.tests.test_html.TestBareHelpers) ... ok
testOL (gluon.tests.test_html.TestBareHelpers) ... ok
testOPTION (gluon.tests.test_html.TestBareHelpers) ... ok
testP (gluon.tests.test_html.TestBareHelpers) ... ok
testPRE (gluon.tests.test_html.TestBareHelpers) ... ok
testSCRIPT (gluon.tests.test_html.TestBareHelpers) ... ok
testSELECT (gluon.tests.test_html.TestBareHelpers) ... ok
testSPAN (gluon.tests.test_html.TestBareHelpers) ... ok
testSTYLE (gluon.tests.test_html.TestBareHelpers) ... ok
testStaticURL (gluon.tests.test_html.TestBareHelpers) ... ok
testTABLE (gluon.tests.test_html.TestBareHelpers) ... ok
testTAG (gluon.tests.test_html.TestBareHelpers) ... ok
testTBODY (gluon.tests.test_html.TestBareHelpers) ... ok
testTD (gluon.tests.test_html.TestBareHelpers) ... ok
testTEXTAREA (gluon.tests.test_html.TestBareHelpers) ... ok
testTFOOT (gluon.tests.test_html.TestBareHelpers) ... ok
testTH (gluon.tests.test_html.TestBareHelpers) ... ok
testTHEAD (gluon.tests.test_html.TestBareHelpers) ... ok
testTITLE (gluon.tests.test_html.TestBareHelpers) ... ok
testTR (gluon.tests.test_html.TestBareHelpers) ... ok
testTT (gluon.tests.test_html.TestBareHelpers) ... ok
testUL (gluon.tests.test_html.TestBareHelpers) ... ok
testURL (gluon.tests.test_html.TestBareHelpers) ... ok
testXML (gluon.tests.test_html.TestBareHelpers) ... ok
testverifyURL (gluon.tests.test_html.TestBareHelpers) ... ok
testCacheInRam (gluon.tests.test_cache.TestCache) ... ok
testCacheOnDisk (gluon.tests.test_cache.TestCache) ... ok
testCacheWithPrefix (gluon.tests.test_cache.TestCache) ... ok
testDALcache (gluon.tests.test_cache.TestCache) ... ok
testRegex (gluon.tests.test_cache.TestCache) ... ok
testTypeRecognition (gluon.tests.test_contenttype.TestContentType) ... ok
test_appconfig (gluon.tests.test_contribs.TestContribs) ... ok
test_fpdf (gluon.tests.test_contribs.TestContribs)
Basic PDF test and sanity checks ... ok
testRun (gluon.tests.test_dal.TestDALSubclass) ... ok
testSerialization (gluon.tests.test_dal.TestDALSubclass) ... ok
testAdata (gluon.tests.test_html.TestData) ... ok
testParseVersion (gluon.tests.test_fileutils.TestFileUtils) ... ok
test_status_message (gluon.tests.test_http.TestHTTP)
Tests http status code message ... ok
testInvalidUrls (gluon.tests.test_is_url.TestIsGenericUrl) ... ok
testPrepending (gluon.tests.test_is_url.TestIsGenericUrl) ... ok
testValidUrls (gluon.tests.test_is_url.TestIsGenericUrl) ... ok
testInvalidUrls (gluon.tests.test_is_url.TestIsHttpUrl) ... ok
testPrepending (gluon.tests.test_is_url.TestIsHttpUrl) ... ok
testValidUrls (gluon.tests.test_is_url.TestIsHttpUrl) ... ok
testExceptionalUse (gluon.tests.test_is_url.TestIsUrl) ... ok
testModeGeneric (gluon.tests.test_is_url.TestIsUrl) ... ok
testModeHttp (gluon.tests.test_is_url.TestIsUrl) ... ok
test_reads_and_writes (gluon.tests.test_languages.TestLanguagesParallel) ... ok
test_reads_and_writes_no_mp (gluon.tests.test_languages.TestLanguagesParallel) ... skipped 'multiprocessing tests available'
test_listcall (gluon.tests.test_storage.TestList) ... ok
test_compile (gluon.tests.test_utils.TestPack) ... ok
test_request_collide (gluon.tests.test_router.TestRouter) ... ok
test_request_uri (gluon.tests.test_router.TestRouter) ... ok
test_router_absolute (gluon.tests.test_router.TestRouter) ... ok
test_router_app (gluon.tests.test_router.TestRouter)
Tests the doctest router app resolution ... ok
test_router_args (gluon.tests.test_router.TestRouter) ... ok
test_router_defapp (gluon.tests.test_router.TestRouter)
Test the default-application function ... ok
test_router_domains (gluon.tests.test_router.TestRouter) ... ok
test_router_domains_ed (gluon.tests.test_router.TestRouter) ... ok
test_router_domains_fs (gluon.tests.test_router.TestRouter) ... ok
test_router_error (gluon.tests.test_router.TestRouter) ... ok
test_router_functions (gluon.tests.test_router.TestRouter) ... ok
test_router_functions2 (gluon.tests.test_router.TestRouter) ... ok
test_router_get_effective (gluon.tests.test_router.TestRouter) ... ok
test_router_hyphen (gluon.tests.test_router.TestRouter) ... ok
test_router_lang (gluon.tests.test_router.TestRouter) ... ok
test_router_nodef (gluon.tests.test_router.TestRouter)
Test no-default functions ... ok
test_router_null (gluon.tests.test_router.TestRouter)
Tests the null router ... ok
test_router_out (gluon.tests.test_router.TestRouter) ... ok
test_router_prefix (gluon.tests.test_router.TestRouter) ... ok
test_router_raise (gluon.tests.test_router.TestRouter) ... ok
test_router_specific (gluon.tests.test_router.TestRouter) ... ok
test_router_static_path (gluon.tests.test_router.TestRouter) ... ok
test_router_syntax (gluon.tests.test_router.TestRouter)
Test router syntax error ... ok
test_routes_anchor (gluon.tests.test_router.TestRouter) ... ok
test_request_uri (gluon.tests.test_routes.TestRoutes) ... ok
test_routes_absolute (gluon.tests.test_routes.TestRoutes) ... ok
test_routes_anchor (gluon.tests.test_routes.TestRoutes) ... ok
test_routes_args (gluon.tests.test_routes.TestRoutes) ... ok
test_routes_defapp (gluon.tests.test_routes.TestRoutes)
Test the default-application function ... ok
test_routes_error (gluon.tests.test_routes.TestRoutes) ... ok
test_routes_null (gluon.tests.test_routes.TestRoutes)
Tests a null routes table ... ok
test_routes_query (gluon.tests.test_routes.TestRoutes)
Test query appending ... ok
test_routes_raise (gluon.tests.test_routes.TestRoutes) ... ok
test_routes_specific (gluon.tests.test_routes.TestRoutes) ... ok
testJSON (gluon.tests.test_serializers.TestSerializers) ... ok
test_IS_URL (gluon.tests.test_is_url.TestSimple) ... ok
test_attribute (gluon.tests.test_storage.TestStorage)
Tests Storage attribute handling ... ok
test_getfirst (gluon.tests.test_storage.TestStorage) ... ok
test_getlast (gluon.tests.test_storage.TestStorage) ... ok
test_getlist (gluon.tests.test_storage.TestStorage) ... ok
test_item (gluon.tests.test_storage.TestStorage)
Tests Storage item handling ... ok
test_pickling (gluon.tests.test_storage.TestStorage)
Test storage pickling ... ok
test_store_none (gluon.tests.test_storage.TestStorage)
Test Storage store-None handling ... ok
test_attribute (gluon.tests.test_storage.TestStorageList) ... ok
test_plain (gluon.tests.test_languages.TestTranslations) ... ok
testInvalidUrls (gluon.tests.test_is_url.TestUnicode) ... ok
testUnicodeToAsciiUrl (gluon.tests.test_is_url.TestUnicode) ... ok
testValidUrls (gluon.tests.test_is_url.TestUnicode) ... ok
test_compare (gluon.tests.test_utils.TestUtils)
Tests the compare funciton ... ok
test_md5_hash (gluon.tests.test_utils.TestUtils)
Tests the md5_hash function ... ok
test_simple_hash (gluon.tests.test_utils.TestUtils)
Tests the simple_hash function ... ok
test_ANY_OF (gluon.tests.test_validators.TestValidators) ... ok
test_CLEANUP (gluon.tests.test_validators.TestValidators) ... ok
test_CRYPT (gluon.tests.test_validators.TestValidators) ... ok
test_IS_ALPHANUMERIC (gluon.tests.test_validators.TestValidators) ... ok
test_IS_DATE (gluon.tests.test_validators.TestValidators) ... ok
test_IS_DATETIME (gluon.tests.test_validators.TestValidators) ... ok
test_IS_DATETIME_IN_RANGE (gluon.tests.test_validators.TestValidators) ... ok
test_IS_DATE_IN_RANGE (gluon.tests.test_validators.TestValidators) ... ok
test_IS_DECIMAL_IN_RANGE (gluon.tests.test_validators.TestValidators) ... ok
test_IS_EMAIL (gluon.tests.test_validators.TestValidators) ... ok
test_IS_EMPTY_OR (gluon.tests.test_validators.TestValidators) ... ok
test_IS_EQUAL_TO (gluon.tests.test_validators.TestValidators) ... ok
test_IS_EXPR (gluon.tests.test_validators.TestValidators) ... ok
test_IS_FLOAT_IN_RANGE (gluon.tests.test_validators.TestValidators) ... ok
test_IS_INT_IN_RANGE (gluon.tests.test_validators.TestValidators) ... ok
test_IS_IN_SET (gluon.tests.test_validators.TestValidators) ... ok
test_IS_IPADDRESS (gluon.tests.test_validators.TestValidators) ... ok
test_IS_IPV4 (gluon.tests.test_validators.TestValidators) ... ok
test_IS_IPV6 (gluon.tests.test_validators.TestValidators) ... ok
test_IS_JSON (gluon.tests.test_validators.TestValidators) ... ok
test_IS_LENGTH (gluon.tests.test_validators.TestValidators) ... ok
test_IS_LIST_OF (gluon.tests.test_validators.TestValidators) ... ok
test_IS_LIST_OF_EMAILS (gluon.tests.test_validators.TestValidators) ... ok
test_IS_LOWER (gluon.tests.test_validators.TestValidators) ... ok
test_IS_MATCH (gluon.tests.test_validators.TestValidators) ... ok
test_IS_NOT_EMPTY (gluon.tests.test_validators.TestValidators) ... ok
test_IS_SLUG (gluon.tests.test_validators.TestValidators) ... ok
test_IS_STRONG (gluon.tests.test_validators.TestValidators) ... ok
test_IS_TIME (gluon.tests.test_validators.TestValidators) ... ok
test_IS_UPLOAD_FILENAME (gluon.tests.test_validators.TestValidators) ... ok
test_IS_UPPER (gluon.tests.test_validators.TestValidators) ... ok
testEqualWrite (gluon.tests.test_template.TestVirtualFields)
test generation of response.write from = ... ok
testRun (gluon.tests.test_template.TestVirtualFields) ... ok
Sleeping before web2py starts...
web2py Web Framework
Created by Massimo Di Pierro, Copyright 2007-2015
Version 2.10.4-stable+timestamp.2015.04.26.09.05.21
Database drivers available: sqlite3, imaplib, pyodbc, pymysql, pg8000

please visit:
	http://127.0.0.1:8000/
use "kill -SIGTERM 2398" to shutdown the web2py server


1 ...

testRegisterAndLogin (gluon.tests.test_web.TestWeb) ... Changed session ID welcome
Changed session ID welcome
Changed session ID welcome
Changed session ID welcome
ok
testSoap (gluon.tests.test_web.TestWeb) ... ERROR:gluon.contrib.pysimplesoap.server:Traceback (most recent call last):
  File "/home/travis/build/web2py/web2py/gluon/contrib/pysimplesoap/server.py", line 184, in dispatch
    ret = function(**args)
  File "/home/travis/build/web2py/web2py/applications/examples/controllers/soap_examples.py", line 26, in division
    return a / b
ZeroDivisionError: float division by zero

ERROR:gluon.contrib.pysimplesoap.server:Traceback (most recent call last):
  File "/home/travis/build/web2py/web2py/gluon/contrib/pysimplesoap/server.py", line 184, in dispatch
    ret = function(**args)
  File "/home/travis/build/web2py/web2py/applications/examples/controllers/soap_examples.py", line 26, in division
    return a / b
ZeroDivisionError: float division by zero

ok
testStaticCache (gluon.tests.test_web.TestWeb) ... ok
Killing webserver
testRun (gluon.tests.test_tools.testAuth) ... ok
BEAUTIFY (html)
Doctest: html.BEAUTIFY ... ok
DIV (html)
Doctest: html.DIV ... ok
append (html.DIV)
Doctest: html.DIV.append ... ok
elements (html.DIV)
Doctest: html.DIV.elements ... ok
flatten (html.DIV)
Doctest: html.DIV.flatten ... ok
insert (html.DIV)
Doctest: html.DIV.insert ... ok
FORM (html)
Doctest: html.FORM ... ok
INPUT (html)
Doctest: html.INPUT ... ok
SELECT (html)
Doctest: html.SELECT ... ok
URL (html)
Doctest: html.URL ... ok
XML (html)
Doctest: html.XML ... ok
__TAG__ (html)
Doctest: html.__TAG__ ... ok
test (html)
Doctest: html.test ... ok
verifyURL (html)
Doctest: html.verifyURL ... ok
web2pyHTMLParser (html)
Doctest: html.web2pyHTMLParser ... ok
__repr__ (utf8.Utf8)
Doctest: utf8.Utf8.__repr__ ... ok
render (contrib.markmin.markmin2html)
Doctest: contrib.markmin.markmin2html.render ... ok

----------------------------------------------------------------------
Ran 182 tests in 6.477s

OK (skipped=1)
travis_time:end:104eb6a4:start=1431055874394652751,finish=1431055881992932621,duration=7598279870[0K
[32;1mThe command "export COVERAGE_PROCESS_START=gluon/tests/coverage.ini; ./web2py.py --run_system_tests --with_coverage" exited with 0.[0m
travis_fold:start:cache.2[0Kstore build cache
travis_time:start:02e8cdc6[0Knothing changed, not updating cache
travis_time:end:02e8cdc6:start=1431055881997068998,finish=1431055882238174071,duration=241105073[0Ktravis_fold:end:cache.2[0Ktravis_fold:start:after_success.1[0Ktravis_time:start:0e37c1a7[0K$ if [[ $TRAVIS_PYTHON_VERSION == '2.7' ]]; then coverage combine; fi
travis_time:end:0e37c1a7:start=1431055882242114242,finish=1431055882371340742,duration=129226500[0Ktravis_fold:end:after_success.1[0Ktravis_fold:start:after_success.2[0Ktravis_time:start:1e6cd24a[0K$ if [[ $TRAVIS_PYTHON_VERSION == '2.7' ]]; then coveralls --config_file=gluon/tests/coverage.ini; fi
INFO:sh.command:<Command '/bin/pwd' call_args {'bg': False, 'timeo...(476 more)>: starting process
INFO:sh.command:<Command '/usr/bin/git --no-pa...(53 more)' call_args {'bg': False, 'timeo...(476 more)>: starting process
INFO:sh.command:<Command '/usr/bin/git rev-par...(20 more)' call_args {'bg': False, 'timeo...(476 more)>: starting process
INFO:sh.command:<Command '/usr/bin/git remote ...(2 more)' call_args {'bg': False, 'timeo...(476 more)>: starting process
INFO:requests.packages.urllib3.connectionpool:Starting new HTTPS connection (1): coveralls.io
INFO:coveralls:200
INFO:coveralls:{"message":"Job #2131.2","url":"https://coveralls.io/jobs/5873821"}
travis_time:end:1e6cd24a:start=1431055882375312549,finish=1431055891868301123,duration=9492988574[0Ktravis_fold:end:after_success.2[0K
Done. Your build exited with 0.
