travis_fold:start:worker_info[0K[33;1mWorker information[0m
hostname: e497cc68-0ce2-4c4b-8604-4b821e7eaa0a@1.i-05cca86-production-2-worker-org-ec2.travisci.net
version: v3.6.0 https://github.com/travis-ci/worker/tree/170b2a0bb43234479fd1911ba9e4dbcc36dadfad
instance: f68fb46 travisci/ci-garnet:packer-1512502276-986baf0 (via amqp)
startup: 434.216896ms
travis_fold:end:worker_info[0Kmode of â€˜/usr/local/clang-5.0.0/binâ€™ changed from 0777 (rwxrwxrwx) to 0775 (rwxrwxr-x)
travis_fold:start:system_info[0K[33;1mBuild system information[0m
Build language: python
Build group: stable
Build dist: trusty
Build id: 367177796
Job id: 367177797
Runtime kernel version: 4.14.12-041412-generic
travis-build version: e0f4abce4
[34m[1mBuild image provisioning date and time[0m
Tue Dec  5 20:11:19 UTC 2017
[34m[1mOperating System Details[0m
Distributor ID:	Ubuntu
Description:	Ubuntu 14.04.5 LTS
Release:	14.04
Codename:	trusty
[34m[1mCookbooks Version[0m
7c2c6a6 https://github.com/travis-ci/travis-cookbooks/tree/7c2c6a6
[34m[1mgit version[0m
git version 2.15.1
[34m[1mbash version[0m
GNU bash, version 4.3.11(1)-release (x86_64-pc-linux-gnu)
[34m[1mgcc version[0m
gcc (Ubuntu 4.8.4-2ubuntu1~14.04.3) 4.8.4
Copyright (C) 2013 Free Software Foundation, Inc.
This is free software; see the source for copying conditions.  There is NO
warranty; not even for MERCHANTABILITY or FITNESS FOR A PARTICULAR PURPOSE.

[34m[1mdocker version[0m
Client:
 Version:      17.09.0-ce
 API version:  1.32
 Go version:   go1.8.3
 Git commit:   afdb6d4
 Built:        Tue Sep 26 22:39:28 2017
 OS/Arch:      linux/amd64
[34m[1mclang version[0m
clang version 5.0.0 (tags/RELEASE_500/final)
Target: x86_64-unknown-linux-gnu
Thread model: posix
InstalledDir: /usr/local/clang-5.0.0/bin
[34m[1mjq version[0m
jq-1.5
[34m[1mbats version[0m
Bats 0.4.0
[34m[1mshellcheck version[0m
0.4.6
[34m[1mshfmt version[0m
v2.0.0
[34m[1mccache version[0m
ccache version 3.1.9

Copyright (C) 2002-2007 Andrew Tridgell
Copyright (C) 2009-2011 Joel Rosdahl

This program is free software; you can redistribute it and/or modify it under
the terms of the GNU General Public License as published by the Free Software
Foundation; either version 3 of the License, or (at your option) any later
version.
[34m[1mcmake version[0m
cmake version 3.9.2

CMake suite maintained and supported by Kitware (kitware.com/cmake).
[34m[1mheroku version[0m
heroku-cli/6.14.39-addc925 (linux-x64) node-v9.2.0
[34m[1mimagemagick version[0m
Version: ImageMagick 6.7.7-10 2017-07-31 Q16 http://www.imagemagick.org
[34m[1mmd5deep version[0m
4.2
[34m[1mmercurial version[0m
Mercurial Distributed SCM (version 4.2.2)
(see https://mercurial-scm.org for more information)

Copyright (C) 2005-2017 Matt Mackall and others
This is free software; see the source for copying conditions. There is NO
warranty; not even for MERCHANTABILITY or FITNESS FOR A PARTICULAR PURPOSE.
[34m[1mmysql version[0m
mysql  Ver 14.14 Distrib 5.6.33, for debian-linux-gnu (x86_64) using  EditLine wrapper
[34m[1mopenssl version[0m
OpenSSL 1.0.1f 6 Jan 2014
[34m[1mpacker version[0m
Packer v1.0.2

Your version of Packer is out of date! The latest version
is 1.1.2. You can update by downloading from www.packer.io
[34m[1mpostgresql client version[0m
psql (PostgreSQL) 9.6.6
[34m[1mragel version[0m
Ragel State Machine Compiler version 6.8 Feb 2013
Copyright (c) 2001-2009 by Adrian Thurston
[34m[1msubversion version[0m
svn, version 1.8.8 (r1568071)
   compiled Aug 10 2017, 17:20:39 on x86_64-pc-linux-gnu

Copyright (C) 2013 The Apache Software Foundation.
This software consists of contributions made by many people;
see the NOTICE file for more information.
Subversion is open source software, see http://subversion.apache.org/

The following repository access (RA) modules are available:

* ra_svn : Module for accessing a repository using the svn network protocol.
  - with Cyrus SASL authentication
  - handles 'svn' scheme
* ra_local : Module for accessing a repository on local disk.
  - handles 'file' scheme
* ra_serf : Module for accessing a repository via WebDAV protocol using serf.
  - using serf 1.3.3
  - handles 'http' scheme
  - handles 'https' scheme

[34m[1msudo version[0m
Sudo version 1.8.9p5
Configure options: --prefix=/usr -v --with-all-insults --with-pam --with-fqdn --with-logging=syslog --with-logfac=authpriv --with-env-editor --with-editor=/usr/bin/editor --with-timeout=15 --with-password-timeout=0 --with-passprompt=[sudo] password for %p:  --without-lecture --with-tty-tickets --disable-root-mailer --enable-admin-flag --with-sendmail=/usr/sbin/sendmail --with-timedir=/var/lib/sudo --mandir=/usr/share/man --libexecdir=/usr/lib/sudo --with-sssd --with-sssd-lib=/usr/lib/x86_64-linux-gnu --with-selinux
Sudoers policy plugin version 1.8.9p5
Sudoers file grammar version 43

Sudoers path: /etc/sudoers
Authentication methods: 'pam'
Syslog facility if syslog is being used for logging: authpriv
Syslog priority to use when user authenticates successfully: notice
Syslog priority to use when user authenticates unsuccessfully: alert
Send mail if the user is not in sudoers
Use a separate timestamp for each user/tty combo
Lecture user the first time they run sudo
Root may run sudo
Allow some information gathering to give useful error messages
Require fully-qualified hostnames in the sudoers file
Visudo will honor the EDITOR environment variable
Set the LOGNAME and USER environment variables
Length at which to wrap log file lines (0 for no wrap): 80
Authentication timestamp timeout: 15.0 minutes
Password prompt timeout: 0.0 minutes
Number of tries to enter a password: 3
Umask to use or 0777 to use user's: 022
Path to mail program: /usr/sbin/sendmail
Flags for mail program: -t
Address to send mail to: root
Subject line for mail messages: *** SECURITY information for %h ***
Incorrect password message: Sorry, try again.
Path to authentication timestamp dir: /var/lib/sudo
Default password prompt: [sudo] password for %p: 
Default user to run commands as: root
Value to override user's $PATH with: /usr/local/sbin:/usr/local/bin:/usr/sbin:/usr/bin:/sbin:/bin:/snap/bin
Path to the editor for use by visudo: /usr/bin/editor
When to require a password for 'list' pseudocommand: any
When to require a password for 'verify' pseudocommand: all
File descriptors >= 3 will be closed before executing a command
Environment variables to check for sanity:
	TZ
	TERM
	LINGUAS
	LC_*
	LANGUAGE
	LANG
	COLORTERM
Environment variables to remove:
	RUBYOPT
	RUBYLIB
	PYTHONUSERBASE
	PYTHONINSPECT
	PYTHONPATH
	PYTHONHOME
	TMPPREFIX
	ZDOTDIR
	READNULLCMD
	NULLCMD
	FPATH
	PERL5DB
	PERL5OPT
	PERL5LIB
	PERLLIB
	PERLIO_DEBUG 
	JAVA_TOOL_OPTIONS
	SHELLOPTS
	GLOBIGNORE
	PS4
	BASH_ENV
	ENV
	TERMCAP
	TERMPATH
	TERMINFO_DIRS
	TERMINFO
	_RLD*
	LD_*
	PATH_LOCALE
	NLSPATH
	HOSTALIASES
	RES_OPTIONS
	LOCALDOMAIN
	CDPATH
	IFS
Environment variables to preserve:
	JAVA_HOME
	TRAVIS
	CI
	DEBIAN_FRONTEND
	XAUTHORIZATION
	XAUTHORITY
	PS2
	PS1
	PATH
	LS_COLORS
	KRB5CCNAME
	HOSTNAME
	HOME
	DISPLAY
	COLORS
Locale to use while parsing sudoers: C
Directory in which to store input/output logs: /var/log/sudo-io
File in which to store the input/output log: %{seq}
Add an entry to the utmp/utmpx file when allocating a pty
PAM service name to use
PAM service name to use for login shells
Create a new PAM session for the command to run in
Maximum I/O log sequence number: 0

Local IP address and netmask pairs:
	172.17.0.2/255.255.0.0

Sudoers I/O plugin version 1.8.9p5
[34m[1mgzip version[0m
gzip 1.6
Copyright (C) 2007, 2010, 2011 Free Software Foundation, Inc.
Copyright (C) 1993 Jean-loup Gailly.
This is free software.  You may redistribute copies of it under the terms of
the GNU General Public License <http://www.gnu.org/licenses/gpl.html>.
There is NO WARRANTY, to the extent permitted by law.

Written by Jean-loup Gailly.
[34m[1mzip version[0m
Copyright (c) 1990-2008 Info-ZIP - Type 'zip "-L"' for software license.
This is Zip 3.0 (July 5th 2008), by Info-ZIP.
Currently maintained by E. Gordon.  Please send bug reports to
the authors using the web page at www.info-zip.org; see README for details.

Latest sources and executables are at ftp://ftp.info-zip.org/pub/infozip,
as of above date; see http://www.info-zip.org/ for other sites.

Compiled with gcc 4.8.2 for Unix (Linux ELF) on Oct 21 2013.

Zip special compilation options:
	USE_EF_UT_TIME       (store Universal Time)
	BZIP2_SUPPORT        (bzip2 library version 1.0.6, 6-Sept-2010)
	    bzip2 code and library copyright (c) Julian R Seward
	    (See the bzip2 license for terms of use)
	SYMLINK_SUPPORT      (symbolic links supported)
	LARGE_FILE_SUPPORT   (can read and write large files on file system)
	ZIP64_SUPPORT        (use Zip64 to store large files in archives)
	UNICODE_SUPPORT      (store and read UTF-8 Unicode paths)
	STORE_UNIX_UIDs_GIDs (store UID/GID sizes/values using new extra field)
	UIDGID_NOT_16BIT     (old Unix 16-bit UID/GID extra field not used)
	[encryption, version 2.91 of 05 Jan 2007] (modified for Zip 3)

Encryption notice:
	The encryption code of this program is not copyrighted and is
	put in the public domain.  It was originally written in Europe
	and, to the best of our knowledge, can be freely distributed
	in both source and object forms from any country, including
	the USA under License Exception TSU of the U.S. Export
	Administration Regulations (section 740.13(e)) of 6 June 2002.

Zip environment options:
             ZIP:  [none]
          ZIPOPT:  [none]
[34m[1mvim version[0m
VIM - Vi IMproved 7.4 (2013 Aug 10, compiled Nov 24 2016 16:43:18)
Included patches: 1-52
Extra patches: 8.0.0056
Modified by pkg-vim-maintainers@lists.alioth.debian.org
Compiled by buildd@
Huge version without GUI.  Features included (+) or not (-):
+acl             +farsi           +mouse_netterm   +syntax
+arabic          +file_in_path    +mouse_sgr       +tag_binary
+autocmd         +find_in_path    -mouse_sysmouse  +tag_old_static
-balloon_eval    +float           +mouse_urxvt     -tag_any_white
-browse          +folding         +mouse_xterm     -tcl
++builtin_terms  -footer          +multi_byte      +terminfo
+byte_offset     +fork()          +multi_lang      +termresponse
+cindent         +gettext         -mzscheme        +textobjects
-clientserver    -hangul_input    +netbeans_intg   +title
-clipboard       +iconv           +path_extra      -toolbar
+cmdline_compl   +insert_expand   -perl            +user_commands
+cmdline_hist    +jumplist        +persistent_undo +vertsplit
+cmdline_info    +keymap          +postscript      +virtualedit
+comments        +langmap         +printer         +visual
+conceal         +libcall         +profile         +visualextra
+cryptv          +linebreak       +python          +viminfo
+cscope          +lispindent      -python3         +vreplace
+cursorbind      +listcmds        +quickfix        +wildignore
+cursorshape     +localmap        +reltime         +wildmenu
+dialog_con      -lua             +rightleft       +windows
+diff            +menu            -ruby            +writebackup
+digraphs        +mksession       +scrollbind      -X11
-dnd             +modify_fname    +signs           -xfontset
-ebcdic          +mouse           +smartindent     -xim
+emacs_tags      -mouseshape      -sniff           -xsmp
+eval            +mouse_dec       +startuptime     -xterm_clipboard
+ex_extra        +mouse_gpm       +statusline      -xterm_save
+extra_search    -mouse_jsbterm   -sun_workshop    -xpm
   system vimrc file: "$VIM/vimrc"
     user vimrc file: "$HOME/.vimrc"
 2nd user vimrc file: "~/.vim/vimrc"
      user exrc file: "$HOME/.exrc"
  fall-back for $VIM: "/usr/share/vim"
Compilation: gcc -c -I. -Iproto -DHAVE_CONFIG_H     -g -O2 -fstack-protector --param=ssp-buffer-size=4 -Wformat -Werror=format-security -U_FORTIFY_SOURCE -D_FORTIFY_SOURCE=1      
Linking: gcc   -Wl,-Bsymbolic-functions -Wl,-z,relro -Wl,--as-needed -o vim        -lm -ltinfo -lnsl  -lselinux  -lacl -lattr -lgpm -ldl    -L/usr/lib/python2.7/config-x86_64-linux-gnu -lpython2.7 -lpthread -ldl -lutil -lm -Xlinker -export-dynamic -Wl,-O1 -Wl,-Bsymbolic-functions      
[34m[1miptables version[0m
iptables v1.4.21
[34m[1mcurl version[0m
curl 7.35.0 (x86_64-pc-linux-gnu) libcurl/7.35.0 OpenSSL/1.0.1f zlib/1.2.8 libidn/1.28 librtmp/2.3
[34m[1mwget version[0m
GNU Wget 1.15 built on linux-gnu.
[34m[1mrsync version[0m
rsync  version 3.1.0  protocol version 31
[34m[1mgimme version[0m
v1.2.0
[34m[1mnvm version[0m
0.33.6
[34m[1mperlbrew version[0m
/home/travis/perl5/perlbrew/bin/perlbrew  - App::perlbrew/0.80
[34m[1mphpenv version[0m
rbenv 1.1.1-25-g6aa70b6
[34m[1mrvm version[0m
rvm 1.29.3 (latest) by Michal Papis, Piotr Kuczynski, Wayne E. Seguin [https://rvm.io]
[34m[1mdefault ruby version[0m
ruby 2.4.1p111 (2017-03-22 revision 58053) [x86_64-linux]
[34m[1mCouchDB version[0m
couchdb 1.6.1
[34m[1mElasticSearch version[0m
5.5.0
[34m[1mInstalled Firefox version[0m
firefox 56.0.2
[34m[1mMongoDB version[0m
MongoDB 3.4.10
[34m[1mPhantomJS version[0m
2.1.1
[34m[1mPre-installed PostgreSQL versions[0m
9.2.24
9.3.20
9.4.15
9.5.10
9.6.6
[34m[1mRabbitMQ Version[0m
3.6.14
[34m[1mRedis version[0m
redis-server 4.0.6
[34m[1mriak version[0m
2.2.3
[34m[1mPre-installed Go versions[0m
1.7.4
[34m[1mant version[0m
Apache Ant(TM) version 1.9.3 compiled on April 8 2014
[34m[1mmvn version[0m
Apache Maven 3.5.2 (138edd61fd100ec658bfa2d307c43b76940a5d7d; 2017-10-18T07:58:13Z)
Maven home: /usr/local/maven-3.5.2
Java version: 1.8.0_151, vendor: Oracle Corporation
Java home: /usr/lib/jvm/java-8-oracle/jre
Default locale: en_US, platform encoding: UTF-8
OS name: "linux", version: "4.4.0-101-generic", arch: "amd64", family: "unix"
[34m[1mgradle version[0m

------------------------------------------------------------
Gradle 4.0.1
------------------------------------------------------------

Build time:   2017-07-07 14:02:41 UTC
Revision:     38e5dc0f772daecca1d2681885d3d85414eb6826

Groovy:       2.4.11
Ant:          Apache Ant(TM) version 1.9.6 compiled on June 29 2015
JVM:          1.8.0_151 (Oracle Corporation 25.151-b12)
OS:           Linux 4.4.0-101-generic amd64

[34m[1mlein version[0m
Leiningen 2.8.1 on Java 1.8.0_151 Java HotSpot(TM) 64-Bit Server VM
[34m[1mPre-installed Node.js versions[0m
v4.8.6
v6.12.0
v6.12.1
v8.9
v8.9.1
[34m[1mphpenv versions[0m
  system
  5.6
* 5.6.32 (set by /home/travis/.phpenv/version)
  7.0
  7.0.25
  7.1
  7.1.11
  hhvm
  hhvm-stable
[34m[1mcomposer --version[0m
Composer version 1.5.2 2017-09-11 16:59:25
[34m[1mPre-installed Ruby versions[0m
ruby-2.2.7
ruby-2.3.4
ruby-2.4.1
travis_fold:end:system_info[0K
removed â€˜/etc/apt/sources.list.d/basho_riak.listâ€™
[32;1mNetwork availability confirmed.[0m
127.0.0.1	localhost
::1	 ip6-localhost ip6-loopback
fe00::0	ip6-localnet
ff00::0	ip6-mcastprefix
ff02::1	ip6-allnodes
ff02::2	ip6-allrouters
172.17.0.4	travis-job-python-mypy-367177797.travisci.net travis-job-python-mypy-367177797
W: http://ppa.launchpad.net/couchdb/stable/ubuntu/dists/trusty/Release.gpg: Signature by key 15866BAFD9BCC4F3C1E0DFC7D69548E1C17EAB57 uses weak digest algorithm (SHA1)
[33;1m3.4 is not installed; attempting download[0m
[33;1mDownloading archive: https://s3.amazonaws.com/travis-python-archives/binaries/ubuntu/14.04/x86_64/python-3.4.tar.bz2[0m
$ curl -sSf -o python-3.4.tar.bz2 ${archive_url}
$ sudo tar xjf python-3.4.tar.bz2 --directory /
travis_fold:start:git.checkout[0Ktravis_time:start:14d02f52[0K$ git clone --depth=50 https://github.com/python/mypy.git python/mypy
Cloning into 'python/mypy'...
remote: Counting objects: 774, done.[K
remote: Compressing objects:   0% (1/528)   [Kremote: Compressing objects:   1% (6/528)   [Kremote: Compressing objects:   2% (11/528)   [Kremote: Compressing objects:   3% (16/528)   [Kremote: Compressing objects:   4% (22/528)   [Kremote: Compressing objects:   5% (27/528)   [Kremote: Compressing objects:   6% (32/528)   [Kremote: Compressing objects:   7% (37/528)   [Kremote: Compressing objects:   8% (43/528)   [Kremote: Compressing objects:   9% (48/528)   [Kremote: Compressing objects:  10% (53/528)   [Kremote: Compressing objects:  11% (59/528)   [Kremote: Compressing objects:  12% (64/528)   [Kremote: Compressing objects:  13% (69/528)   [Kremote: Compressing objects:  14% (74/528)   [Kremote: Compressing objects:  15% (80/528)   [Kremote: Compressing objects:  16% (85/528)   [Kremote: Compressing objects:  17% (90/528)   [Kremote: Compressing objects:  18% (96/528)   [Kremote: Compressing objects:  19% (101/528)   [Kremote: Compressing objects:  20% (106/528)   [Kremote: Compressing objects:  21% (111/528)   [Kremote: Compressing objects:  22% (117/528)   [Kremote: Compressing objects:  23% (122/528)   [Kremote: Compressing objects:  24% (127/528)   [Kremote: Compressing objects:  25% (132/528)   [Kremote: Compressing objects:  26% (138/528)   [Kremote: Compressing objects:  27% (143/528)   [Kremote: Compressing objects:  28% (148/528)   [Kremote: Compressing objects:  29% (154/528)   [Kremote: Compressing objects:  30% (159/528)   [Kremote: Compressing objects:  31% (164/528)   [Kremote: Compressing objects:  32% (169/528)   [Kremote: Compressing objects:  33% (175/528)   [Kremote: Compressing objects:  34% (180/528)   [Kremote: Compressing objects:  35% (185/528)   [Kremote: Compressing objects:  36% (191/528)   [Kremote: Compressing objects:  37% (196/528)   [Kremote: Compressing objects:  38% (201/528)   [Kremote: Compressing objects:  39% (206/528)   [Kremote: Compressing objects:  40% (212/528)   [Kremote: Compressing objects:  41% (217/528)   [Kremote: Compressing objects:  42% (222/528)   [Kremote: Compressing objects:  43% (228/528)   [Kremote: Compressing objects:  44% (233/528)   [Kremote: Compressing objects:  45% (238/528)   [Kremote: Compressing objects:  46% (243/528)   [Kremote: Compressing objects:  47% (249/528)   [Kremote: Compressing objects:  48% (254/528)   [Kremote: Compressing objects:  49% (259/528)   [Kremote: Compressing objects:  50% (264/528)   [Kremote: Compressing objects:  51% (270/528)   [Kremote: Compressing objects:  52% (275/528)   [Kremote: Compressing objects:  53% (280/528)   [Kremote: Compressing objects:  54% (286/528)   [Kremote: Compressing objects:  55% (291/528)   [Kremote: Compressing objects:  56% (296/528)   [Kremote: Compressing objects:  57% (301/528)   [Kremote: Compressing objects:  58% (307/528)   [Kremote: Compressing objects:  59% (312/528)   [Kremote: Compressing objects:  60% (317/528)   [Kremote: Compressing objects:  61% (323/528)   [Kremote: Compressing objects:  62% (328/528)   [Kremote: Compressing objects:  63% (333/528)   [Kremote: Compressing objects:  64% (338/528)   [Kremote: Compressing objects:  65% (344/528)   [Kremote: Compressing objects:  66% (349/528)   [Kremote: Compressing objects:  67% (354/528)   [Kremote: Compressing objects:  68% (360/528)   [Kremote: Compressing objects:  69% (365/528)   [Kremote: Compressing objects:  70% (370/528)   [Kremote: Compressing objects:  71% (375/528)   [Kremote: Compressing objects:  72% (381/528)   [Kremote: Compressing objects:  73% (386/528)   [Kremote: Compressing objects:  74% (391/528)   [Kremote: Compressing objects:  75% (396/528)   [Kremote: Compressing objects:  76% (402/528)   [Kremote: Compressing objects:  77% (407/528)   [Kremote: Compressing objects:  78% (412/528)   [Kremote: Compressing objects:  79% (418/528)   [Kremote: Compressing objects:  80% (423/528)   [Kremote: Compressing objects:  81% (428/528)   [Kremote: Compressing objects:  82% (433/528)   [Kremote: Compressing objects:  83% (439/528)   [Kremote: Compressing objects:  84% (444/528)   [Kremote: Compressing objects:  85% (449/528)   [Kremote: Compressing objects:  86% (455/528)   [Kremote: Compressing objects:  87% (460/528)   [Kremote: Compressing objects:  88% (465/528)   [Kremote: Compressing objects:  89% (470/528)   [Kremote: Compressing objects:  90% (476/528)   [Kremote: Compressing objects:  91% (481/528)   [Kremote: Compressing objects:  92% (486/528)   [Kremote: Compressing objects:  93% (492/528)   [Kremote: Compressing objects:  94% (497/528)   [Kremote: Compressing objects:  95% (502/528)   [Kremote: Compressing objects:  96% (507/528)   [Kremote: Compressing objects:  97% (513/528)   [Kremote: Compressing objects:  98% (518/528)   [Kremote: Compressing objects:  99% (523/528)   [Kremote: Compressing objects: 100% (528/528)   [Kremote: Compressing objects: 100% (528/528), done.[K
Receiving objects:   0% (1/774)   Receiving objects:   1% (8/774)   Receiving objects:   2% (16/774)   Receiving objects:   3% (24/774)   Receiving objects:   4% (31/774)   Receiving objects:   5% (39/774)   Receiving objects:   6% (47/774)   Receiving objects:   7% (55/774)   Receiving objects:   8% (62/774)   Receiving objects:   9% (70/774)   Receiving objects:  10% (78/774)   Receiving objects:  11% (86/774)   Receiving objects:  12% (93/774)   Receiving objects:  13% (101/774)   Receiving objects:  14% (109/774)   Receiving objects:  15% (117/774)   Receiving objects:  16% (124/774)   Receiving objects:  17% (132/774)   Receiving objects:  18% (140/774)   Receiving objects:  19% (148/774)   Receiving objects:  20% (155/774)   Receiving objects:  21% (163/774)   Receiving objects:  22% (171/774)   Receiving objects:  23% (179/774)   Receiving objects:  24% (186/774)   Receiving objects:  25% (194/774)   Receiving objects:  26% (202/774)   Receiving objects:  27% (209/774)   Receiving objects:  28% (217/774)   Receiving objects:  29% (225/774)   Receiving objects:  30% (233/774)   Receiving objects:  31% (240/774)   Receiving objects:  32% (248/774)   Receiving objects:  33% (256/774)   Receiving objects:  34% (264/774)   Receiving objects:  35% (271/774)   Receiving objects:  36% (279/774)   Receiving objects:  37% (287/774)   Receiving objects:  38% (295/774)   Receiving objects:  39% (302/774)   Receiving objects:  40% (310/774)   Receiving objects:  41% (318/774)   Receiving objects:  42% (326/774)   Receiving objects:  43% (333/774)   Receiving objects:  44% (341/774)   Receiving objects:  45% (349/774)   Receiving objects:  46% (357/774)   Receiving objects:  47% (364/774)   Receiving objects:  48% (372/774)   Receiving objects:  49% (380/774)   Receiving objects:  50% (387/774)   Receiving objects:  51% (395/774)   Receiving objects:  52% (403/774)   Receiving objects:  53% (411/774)   Receiving objects:  54% (418/774)   Receiving objects:  55% (426/774)   Receiving objects:  56% (434/774)   Receiving objects:  57% (442/774)   Receiving objects:  58% (449/774)   Receiving objects:  59% (457/774)   Receiving objects:  60% (465/774)   Receiving objects:  61% (473/774)   Receiving objects:  62% (480/774)   Receiving objects:  63% (488/774)   Receiving objects:  64% (496/774)   Receiving objects:  65% (504/774)   Receiving objects:  66% (511/774)   Receiving objects:  67% (519/774)   Receiving objects:  68% (527/774)   Receiving objects:  69% (535/774)   Receiving objects:  70% (542/774)   Receiving objects:  71% (550/774)   Receiving objects:  72% (558/774)   Receiving objects:  73% (566/774)   Receiving objects:  74% (573/774)   Receiving objects:  75% (581/774)   Receiving objects:  76% (589/774)   Receiving objects:  77% (596/774)   Receiving objects:  78% (604/774)   Receiving objects:  79% (612/774)   Receiving objects:  80% (620/774)   Receiving objects:  81% (627/774)   Receiving objects:  82% (635/774)   Receiving objects:  83% (643/774)   Receiving objects:  84% (651/774)   Receiving objects:  85% (658/774)   Receiving objects:  86% (666/774)   Receiving objects:  87% (674/774)   Receiving objects:  88% (682/774)   Receiving objects:  89% (689/774)   Receiving objects:  90% (697/774)   Receiving objects:  91% (705/774)   Receiving objects:  92% (713/774)   Receiving objects:  93% (720/774)   Receiving objects:  94% (728/774)   Receiving objects:  95% (736/774)   remote: Total 774 (delta 295), reused 395 (delta 230), pack-reused 0[K
Receiving objects:  96% (744/774)   Receiving objects:  97% (751/774)   Receiving objects:  98% (759/774)   Receiving objects:  99% (767/774)   Receiving objects: 100% (774/774)   Receiving objects: 100% (774/774), 1.21 MiB | 8.07 MiB/s, done.
Resolving deltas:   0% (0/295)   Resolving deltas:   4% (14/295)   Resolving deltas:   5% (15/295)   Resolving deltas:   7% (21/295)   Resolving deltas:   8% (24/295)   Resolving deltas:  13% (41/295)   Resolving deltas:  21% (63/295)   Resolving deltas:  22% (65/295)   Resolving deltas:  23% (68/295)   Resolving deltas:  24% (72/295)   Resolving deltas:  25% (74/295)   Resolving deltas:  28% (84/295)   Resolving deltas:  31% (93/295)   Resolving deltas:  33% (100/295)   Resolving deltas:  34% (101/295)   Resolving deltas:  35% (104/295)   Resolving deltas:  36% (109/295)   Resolving deltas:  37% (110/295)   Resolving deltas:  39% (116/295)   Resolving deltas:  42% (124/295)   Resolving deltas:  45% (135/295)   Resolving deltas:  46% (136/295)   Resolving deltas:  47% (139/295)   Resolving deltas:  50% (148/295)   Resolving deltas:  51% (151/295)   Resolving deltas:  52% (154/295)   Resolving deltas:  53% (157/295)   Resolving deltas:  54% (161/295)   Resolving deltas:  74% (219/295)   Resolving deltas:  77% (229/295)   Resolving deltas:  78% (231/295)   Resolving deltas:  79% (234/295)   Resolving deltas:  80% (238/295)   Resolving deltas:  81% (240/295)   Resolving deltas:  82% (242/295)   Resolving deltas:  83% (245/295)   Resolving deltas:  84% (248/295)   Resolving deltas:  85% (251/295)   Resolving deltas:  86% (254/295)   Resolving deltas:  87% (257/295)   Resolving deltas:  89% (264/295)   Resolving deltas:  90% (266/295)   Resolving deltas:  91% (269/295)   Resolving deltas:  92% (273/295)   Resolving deltas:  93% (275/295)   Resolving deltas:  94% (278/295)   Resolving deltas:  95% (282/295)   Resolving deltas:  96% (284/295)   Resolving deltas: 100% (295/295)   Resolving deltas: 100% (295/295), done.

travis_time:end:14d02f52:start=1523887884264155213,finish=1523887885566274535,duration=1302119322[0K$ cd python/mypy
travis_time:start:09c51666[0K$ git fetch origin +refs/pull/4917/merge:
remote: Counting objects: 13, done.[K
remote: Compressing objects:  25% (1/4)   [Kremote: Compressing objects:  50% (2/4)   [Kremote: Compressing objects:  75% (3/4)   [Kremote: Compressing objects: 100% (4/4)   [Kremote: Compressing objects: 100% (4/4), done.[K
remote: Total 13 (delta 10), reused 11 (delta 9), pack-reused 0[K
Unpacking objects:   7% (1/13)   Unpacking objects:  15% (2/13)   Unpacking objects:  23% (3/13)   Unpacking objects:  30% (4/13)   Unpacking objects:  38% (5/13)   Unpacking objects:  46% (6/13)   Unpacking objects:  53% (7/13)   Unpacking objects:  61% (8/13)   Unpacking objects:  69% (9/13)   Unpacking objects:  76% (10/13)   Unpacking objects:  84% (11/13)   Unpacking objects:  92% (12/13)   Unpacking objects: 100% (13/13)   Unpacking objects: 100% (13/13), done.
From https://github.com/python/mypy
 * branch            refs/pull/4917/merge -> FETCH_HEAD

travis_time:end:09c51666:start=1523887885574791129,finish=1523887886044379207,duration=469588078[0K$ git checkout -qf FETCH_HEAD
travis_fold:end:git.checkout[0Ktravis_fold:start:git.submodule[0Ktravis_time:start:007fb7dd[0K$ git submodule update --init --recursive
Submodule 'typeshed' (https://github.com/python/typeshed) registered for path 'typeshed'
Cloning into '/home/travis/build/python/mypy/typeshed'...
Submodule path 'typeshed': checked out 'd63866bd36467315a0415080b82923abb42b478f'

travis_time:end:007fb7dd:start=1523887886098448302,finish=1523887887192569064,duration=1094120762[0Ktravis_fold:end:git.submodule[0Ktravis_time:start:02be5783[0K$ source ~/virtualenv/python3.4/bin/activate

travis_time:end:02be5783:start=1523887895547638726,finish=1523887895555531873,duration=7893147[0Ktravis_fold:start:cache.1[0KSetting up build cache
$ export CASHER_DIR=$HOME/.casher
travis_time:start:36851971[0K$ Installing caching utilities

travis_time:end:36851971:start=1523887899741835262,finish=1523887899792625558,duration=50790296[0Ktravis_time:start:00b872a7[0K
travis_time:end:00b872a7:start=1523887899799165968,finish=1523887899803942868,duration=4776900[0Ktravis_time:start:0a90ee90[0K[32;1mattempting to download cache archive[0m
[32;1mfetching PR.4917/cache-linux-trusty-e3b0c44298fc1c149afbf4c8996fb92427ae41e4649b934ca495991b7852b855--python-3.4.tgz[0m
[32;1mfetching PR.4917/cache--python-3.4.tgz[0m
[32;1mfetching master/cache-linux-trusty-e3b0c44298fc1c149afbf4c8996fb92427ae41e4649b934ca495991b7852b855--python-3.4.tgz[0m
[32;1mfound cache[0m

travis_time:end:0a90ee90:start=1523887899809436783,finish=1523887906082400764,duration=6272963981[0Ktravis_fold:end:cache.1[0Ktravis_fold:start:cache.pip[0K
travis_time:start:14d48c3a[0K
travis_time:end:14d48c3a:start=1523887906089807948,finish=1523887906095604353,duration=5796405[0Ktravis_time:start:17b2c8cc[0K[32;1madding /home/travis/.cache/pip to cache[0m

travis_time:end:17b2c8cc:start=1523887906101330588,finish=1523887908521093507,duration=2419762919[0Ktravis_fold:end:cache.pip[0K$ python --version
Python 3.4.6
$ pip --version
pip 9.0.1 from /home/travis/virtualenv/python3.4.6/lib/python3.4/site-packages (python 3.4)
travis_fold:start:install.1[0Ktravis_time:start:0b989e5e[0K$ pip install -U pip setuptools wheel
Collecting pip
  Using cached pip-10.0.0-py2.py3-none-any.whl
Collecting setuptools
  Using cached setuptools-39.0.1-py2.py3-none-any.whl
Collecting wheel
  Using cached wheel-0.31.0-py2.py3-none-any.whl
Installing collected packages: pip, setuptools, wheel
  Found existing installation: pip 9.0.1
    Uninstalling pip-9.0.1:
      Successfully uninstalled pip-9.0.1
  Found existing installation: setuptools 35.0.2
    Uninstalling setuptools-35.0.2:
      Successfully uninstalled setuptools-35.0.2
  Found existing installation: wheel 0.29.0
    Uninstalling wheel-0.29.0:
      Successfully uninstalled wheel-0.29.0
Successfully installed pip-10.0.0 setuptools-39.0.1 wheel-0.31.0

travis_time:end:0b989e5e:start=1523887908953606422,finish=1523887913113627377,duration=4160020955[0Ktravis_fold:end:install.1[0Ktravis_fold:start:install.2[0Ktravis_time:start:2a0a9068[0K$ pip install -r test-requirements.txt
Ignoring flake8-bugbear: markers 'python_version >= "3.5"' don't match your environment
Ignoring flake8-pyi: markers 'python_version >= "3.6"' don't match your environment
Collecting flake8 (from -r test-requirements.txt (line 1))
  Using cached flake8-3.5.0-py2.py3-none-any.whl
Collecting lxml==4.1.1 (from -r test-requirements.txt (line 4))
  Using cached lxml-4.1.1-cp34-cp34m-manylinux1_x86_64.whl
Collecting psutil==5.4.0 (from -r test-requirements.txt (line 5))
Requirement already satisfied: pytest>=3.0 in /home/travis/virtualenv/python3.4.6/lib/python3.4/site-packages (from -r test-requirements.txt (line 6)) (3.0.7)
Collecting pytest-xdist>=1.18 (from -r test-requirements.txt (line 7))
  Using cached pytest_xdist-1.22.2-py2.py3-none-any.whl
Collecting pytest-cov>=2.4.0 (from -r test-requirements.txt (line 8))
  Using cached pytest_cov-2.5.1-py2.py3-none-any.whl
Collecting typed-ast<1.2.0,>=1.1.0 (from -r test-requirements.txt (line 9))
  Using cached typed_ast-1.1.0-cp34-cp34m-manylinux1_x86_64.whl
Collecting typing>=3.5.2 (from -r test-requirements.txt (line 10))
  Using cached typing-3.6.4-py3-none-any.whl
Collecting py>=1.5.2 (from -r test-requirements.txt (line 11))
  Using cached py-1.5.3-py2.py3-none-any.whl
Collecting pyflakes<1.7.0,>=1.5.0 (from flake8->-r test-requirements.txt (line 1))
  Using cached pyflakes-1.6.0-py2.py3-none-any.whl
Collecting pycodestyle<2.4.0,>=2.0.0 (from flake8->-r test-requirements.txt (line 1))
  Using cached pycodestyle-2.3.1-py2.py3-none-any.whl
Collecting mccabe<0.7.0,>=0.6.0 (from flake8->-r test-requirements.txt (line 1))
  Using cached mccabe-0.6.1-py2.py3-none-any.whl
Requirement already satisfied: setuptools in /home/travis/virtualenv/python3.4.6/lib/python3.4/site-packages (from pytest>=3.0->-r test-requirements.txt (line 6)) (39.0.1)
Collecting execnet>=1.1 (from pytest-xdist>=1.18->-r test-requirements.txt (line 7))
  Using cached execnet-1.5.0-py2.py3-none-any.whl
Collecting pytest-forked (from pytest-xdist>=1.18->-r test-requirements.txt (line 7))
  Using cached pytest_forked-0.2-py2.py3-none-any.whl
Collecting coverage>=3.7.1 (from pytest-cov>=2.4.0->-r test-requirements.txt (line 8))
  Using cached coverage-4.5.1-cp34-cp34m-manylinux1_x86_64.whl
Collecting apipkg>=1.4 (from execnet>=1.1->pytest-xdist>=1.18->-r test-requirements.txt (line 7))
  Using cached apipkg-1.4-py2.py3-none-any.whl
Installing collected packages: pyflakes, pycodestyle, mccabe, flake8, lxml, psutil, apipkg, execnet, pytest-forked, pytest-xdist, coverage, pytest-cov, typed-ast, typing, py
  Found existing installation: py 1.4.33
    Uninstalling py-1.4.33:
      Successfully uninstalled py-1.4.33
Successfully installed apipkg-1.4 coverage-4.5.1 execnet-1.5.0 flake8-3.5.0 lxml-4.1.1 mccabe-0.6.1 psutil-5.4.0 py-1.5.3 pycodestyle-2.3.1 pyflakes-1.6.0 pytest-cov-2.5.1 pytest-forked-0.2 pytest-xdist-1.22.2 typed-ast-1.1.0 typing-3.6.4

travis_time:end:2a0a9068:start=1523887913119512993,finish=1523887917040235779,duration=3920722786[0Ktravis_fold:end:install.2[0Ktravis_fold:start:install.3[0Ktravis_time:start:38f85d76[0K$ python2 -m pip install --user typing
Collecting typing
[33m  Cache entry deserialization failed, entry ignored[0m
/usr/local/lib/python2.7/dist-packages/pip/_vendor/requests/packages/urllib3/util/ssl_.py:318: SNIMissingWarning: An HTTPS request has been made, but the SNI (Subject Name Indication) extension to TLS is not available on this platform. This may cause the server to present an incorrect TLS certificate, which can cause validation failures. You can upgrade to a newer version of Python to solve this. For more information, see https://urllib3.readthedocs.io/en/latest/security.html#snimissingwarning.
  SNIMissingWarning
/usr/local/lib/python2.7/dist-packages/pip/_vendor/requests/packages/urllib3/util/ssl_.py:122: InsecurePlatformWarning: A true SSLContext object is not available. This prevents urllib3 from configuring SSL appropriately and may cause certain SSL connections to fail. You can upgrade to a newer version of Python to solve this. For more information, see https://urllib3.readthedocs.io/en/latest/security.html#insecureplatformwarning.
  InsecurePlatformWarning
  Using cached typing-3.6.4-py2-none-any.whl
Installing collected packages: typing
Successfully installed typing-3.6.4

travis_time:end:38f85d76:start=1523887917046882260,finish=1523887917943964979,duration=897082719[0Ktravis_fold:end:install.3[0Ktravis_fold:start:install.4[0Ktravis_time:start:0ade6c00[0K$ pip install .
Processing /home/travis/build/python/mypy
Requirement already satisfied: typed-ast<1.2.0,>=1.1.0 in /home/travis/virtualenv/python3.4.6/lib/python3.4/site-packages (from mypy===0.600-dev-b7487f05df9fa03ac5e4a5be718dcbdf5910599b) (1.1.0)
Requirement already satisfied: typing>=3.5.3 in /home/travis/virtualenv/python3.4.6/lib/python3.4/site-packages (from mypy===0.600-dev-b7487f05df9fa03ac5e4a5be718dcbdf5910599b) (3.6.4)
Building wheels for collected packages: mypy
  Running setup.py bdist_wheel for mypy ... [?25l- \ | / - \ | / done
[?25h  Stored in directory: /tmp/pip-ephem-wheel-cache-jgeo2ms9/wheels/24/a1/c0/0e7c170384e65a2acd4728e947dc767bd74bd846095f40b5d1
Successfully built mypy
Installing collected packages: mypy
Successfully installed mypy-0.600.dev0

travis_time:end:0ade6c00:start=1523887917950267101,finish=1523887923813516766,duration=5863249665[0Ktravis_fold:end:install.4[0Ktravis_time:start:018a9542[0K$ python runtests.py -j12 -x lint -x package
PARALLEL 12
SUMMARY  137 tasks selected
passed 0, failed 0, pending 136; running 1                                      [1m============================= test session starts ==============================[0m
platform linux -- Python 3.4.6, pytest-3.0.7, py-1.5.3, pluggy-0.4.0
rootdir: /home/travis/build/python/mypy, inifile: pytest.ini
plugins: xdist-1.22.2, forked-0.2, cov-2.5.1
[1mgw0 I / gw1 I / gw2 I / gw3 I / gw4 I / gw5 I / gw6 I / gw7 I / gw8 I / gw9 I / gw10 I / gw11 I[0m[1mgw0 C / gw1 I / gw2 I / gw3 I / gw4 I / gw5 I / gw6 I / gw7 I / gw8 I / gw9 I / gw10 I / gw11 I[0m[1mgw0 C / gw1 C / gw2 I / gw3 I / gw4 I / gw5 I / gw6 I / gw7 I / gw8 I / gw9 I / gw10 I / gw11 I[0m[1mgw0 C / gw1 C / gw2 C / gw3 I / gw4 I / gw5 I / gw6 I / gw7 I / gw8 I / gw9 I / gw10 I / gw11 I[0m[1mgw0 C / gw1 C / gw2 C / gw3 C / gw4 I / gw5 I / gw6 I / gw7 I / gw8 I / gw9 I / gw10 I / gw11 I[0m[1mgw0 C / gw1 C / gw2 C / gw3 C / gw4 C / gw5 I / gw6 I / gw7 I / gw8 I / gw9 I / gw10 I / gw11 I[0m[1mgw0 C / gw1 C / gw2 C / gw3 C / gw4 C / gw5 C / gw6 I / gw7 I / gw8 I / gw9 I / gw10 I / gw11 I[0m[1mgw0 C / gw1 C / gw2 C / gw3 C / gw4 C / gw5 C / gw6 C / gw7 I / gw8 I / gw9 I / gw10 I / gw11 I[0m[1mgw0 C / gw1 C / gw2 C / gw3 C / gw4 C / gw5 C / gw6 C / gw7 C / gw8 I / gw9 I / gw10 I / gw11 I[0m[1mgw0 C / gw1 C / gw2 C / gw3 C / gw4 C / gw5 C / gw6 C / gw7 C / gw8 C / gw9 I / gw10 I / gw11 I[0m[1mgw0 C / gw1 C / gw2 C / gw3 C / gw4 C / gw5 C / gw6 C / gw7 C / gw8 C / gw9 C / gw10 I / gw11 I[0m[1mgw0 C / gw1 C / gw2 C / gw3 C / gw4 C / gw5 C / gw6 C / gw7 C / gw8 C / gw9 C / gw10 C / gw11 I[0m[1mgw0 C / gw1 C / gw2 C / gw3 C / gw4 C / gw5 C / gw6 C / gw7 C / gw8 C / gw9 C / gw10 C / gw11 C[0m[1mgw0 ok / gw1 C / gw2 C / gw3 C / gw4 C / gw5 C / gw6 C / gw7 C / gw8 C / gw9 C / gw10 C / gw11 C[0m[1mgw0 ok / gw1 ok / gw2 C / gw3 C / gw4 C / gw5 C / gw6 C / gw7 C / gw8 C / gw9 C / gw10 C / gw11 C[0m[1mgw0 ok / gw1 ok / gw2 ok / gw3 C / gw4 C / gw5 C / gw6 C / gw7 C / gw8 C / gw9 C / gw10 C / gw11 C[0m[1mgw0 ok / gw1 ok / gw2 ok / gw3 ok / gw4 C / gw5 C / gw6 C / gw7 C / gw8 C / gw9 C / gw10 C / gw11 C[0m[1mgw0 ok / gw1 ok / gw2 ok / gw3 ok / gw4 C / gw5 ok / gw6 C / gw7 C / gw8 C / gw9 C / gw10 C / gw11 C[0m[1mgw0 ok / gw1 ok / gw2 ok / gw3 ok / gw4 ok / gw5 ok / gw6 C / gw7 C / gw8 C / gw9 C / gw10 C / gw11 C[0m[1mgw0 ok / gw1 ok / gw2 ok / gw3 ok / gw4 ok / gw5 ok / gw6 ok / gw7 C / gw8 C / gw9 C / gw10 C / gw11 C[0m[1mgw0 ok / gw1 ok / gw2 ok / gw3 ok / gw4 ok / gw5 ok / gw6 ok / gw7 ok / gw8 C / gw9 C / gw10 C / gw11 C[0m[1mgw0 ok / gw1 ok / gw2 ok / gw3 ok / gw4 ok / gw5 ok / gw6 ok / gw7 ok / gw8 ok / gw9 C / gw10 C / gw11 C[0m[1mgw0 ok / gw1 ok / gw2 ok / gw3 ok / gw4 ok / gw5 ok / gw6 ok / gw7 ok / gw8 ok / gw9 C / gw10 ok / gw11 C[0m[1mgw0 ok / gw1 ok / gw2 ok / gw3 ok / gw4 ok / gw5 ok / gw6 ok / gw7 ok / gw8 ok / gw9 ok / gw10 ok / gw11 C[0m[1mgw0 ok / gw1 ok / gw2 ok / gw3 ok / gw4 ok / gw5 ok / gw6 ok / gw7 ok / gw8 ok / gw9 ok / gw10 ok / gw11 ok[0m[1mcollecting 0 items / 1 errors[0m[1mcollecting 0 items / 2 errors[0m[1mcollecting 0 items / 3 errors[0m[1mcollecting 0 items / 4 errors[0m[1mcollecting 0 items / 5 errors[0m[1mcollecting 0 items / 6 errors[0m[1mcollecting 0 items / 7 errors[0m[1mcollecting 0 items / 8 errors[0m[1mcollecting 0 items / 9 errors[0m[1mcollecting 0 items / 10 errors[0m[1mcollecting 0 items / 11 errors[0m[1mcollecting 0 items / 12 errors[0m[1mcollecting 0 items / 13 errors[0m[1mcollecting 0 items / 14 errors[0m[1mcollecting 0 items / 15 errors[0m[1mcollecting 0 items / 16 errors[0m[1mcollecting 0 items / 17 errors[0m[1mcollecting 0 items / 18 errors[0m[1mcollecting 0 items / 19 errors[0m[1mcollecting 0 items / 20 errors[0m[1mcollecting 0 items / 21 errors[0m[1mcollecting 0 items / 22 errors[0m[1mcollecting 0 items / 23 errors[0m[1mgw0 ok / gw1 [7] / gw2 ok / gw3 ok / gw4 ok / gw5 ok / gw6 ok / gw7 ok / gw8 ok / gw9 ok / gw10 ok / gw11 ok[0m[1mgw0 ok / gw1 [7] / gw2 ok / gw3 ok / gw4 ok / gw5 ok / gw6 ok / gw7 ok / gw8 [7] / gw9 ok / gw10 ok / gw11 ok[0m[1mgw0 ok / gw1 [7] / gw2 ok / gw3 ok / gw4 ok / gw5 ok / gw6 ok / gw7 ok / gw8 [7] / gw9 [7] / gw10 ok / gw11 ok[0m[1mgw0 [7] / gw1 [7] / gw2 ok / gw3 ok / gw4 ok / gw5 ok / gw6 ok / gw7 ok / gw8 [7] / gw9 [7] / gw10 ok / gw11 ok[0m[1mgw0 [7] / gw1 [7] / gw2 ok / gw3 ok / gw4 ok / gw5 ok / gw6 ok / gw7 ok / gw8 [7] / gw9 [7] / gw10 ok / gw11 [7][0m[1mgw0 [7] / gw1 [7] / gw2 ok / gw3 ok / gw4 ok / gw5 ok / gw6 ok / gw7 [7] / gw8 [7] / gw9 [7] / gw10 ok / gw11 [7][0m[1mgw0 [7] / gw1 [7] / gw2 ok / gw3 ok / gw4 [7] / gw5 ok / gw6 ok / gw7 [7] / gw8 [7] / gw9 [7] / gw10 ok / gw11 [7][0m[1mgw0 [7] / gw1 [7] / gw2 ok / gw3 ok / gw4 [7] / gw5 [7] / gw6 ok / gw7 [7] / gw8 [7] / gw9 [7] / gw10 ok / gw11 [7][0m[1mgw0 [7] / gw1 [7] / gw2 ok / gw3 ok / gw4 [7] / gw5 [7] / gw6 [7] / gw7 [7] / gw8 [7] / gw9 [7] / gw10 ok / gw11 [7][0m[1mgw0 [7] / gw1 [7] / gw2 ok / gw3 [7] / gw4 [7] / gw5 [7] / gw6 [7] / gw7 [7] / gw8 [7] / gw9 [7] / gw10 ok / gw11 [7][0m[1mgw0 [7] / gw1 [7] / gw2 [7] / gw3 [7] / gw4 [7] / gw5 [7] / gw6 [7] / gw7 [7] / gw8 [7] / gw9 [7] / gw10 ok / gw11 [7][0m[1mgw0 [7] / gw1 [7] / gw2 [7] / gw3 [7] / gw4 [7] / gw5 [7] / gw6 [7] / gw7 [7] / gw8 [7] / gw9 [7] / gw10 [7] / gw11 [7][0m
scheduling tests via LoadScheduling
......s
==================================== ERRORS ====================================
___________________ ERROR collecting mypy/test/testcheck.py ____________________
../../../virtualenv/python3.4.6/lib/python3.4/site-packages/_pytest/python.py:418: in _importtestmodule
    mod = self.fspath.pyimport(ensuresyspath=importmode)
../../../virtualenv/python3.4.6/lib/python3.4/site-packages/py/_path/local.py:668: in pyimport
    __import__(modname)
<frozen importlib._bootstrap>:2237: in _find_and_load
    ???
<frozen importlib._bootstrap>:2226: in _find_and_load_unlocked
    ???
<frozen importlib._bootstrap>:1191: in _load_unlocked
    ???
<frozen importlib._bootstrap>:1161: in _load_backward_compatible
    ???
../../../virtualenv/python3.4.6/lib/python3.4/site-packages/_pytest/assertion/rewrite.py:216: in load_module
    py.builtin.exec_(co, mod.__dict__)
mypy/test/testcheck.py:10: in <module>
    from mypy import build, defaults
mypy/build.py:41: in <module>
    from mypy.semanal_pass1 import SemanticAnalyzerPass1
mypy/semanal_pass1.py:30: in <module>
    from mypy.semanal import SemanticAnalyzerPass2, infer_reachability_of_if_statement
mypy/semanal.py:74: in <module>
    from mypy.typeanal import (
mypy/typeanal.py:31: in <module>
    from mypy.plugin import Plugin, TypeAnalyzerPluginInterface, AnalyzeTypeContext
mypy/plugin.py:7: in <module>
    import mypy.plugins.attrs
E     File "/home/travis/build/python/mypy/mypy/plugins/attrs.py", line 74
E       types: List[Type] = []
E            ^
E   SyntaxError: invalid syntax
____________________ ERROR collecting mypy/test/testdeps.py ____________________
../../../virtualenv/python3.4.6/lib/python3.4/site-packages/_pytest/python.py:418: in _importtestmodule
    mod = self.fspath.pyimport(ensuresyspath=importmode)
../../../virtualenv/python3.4.6/lib/python3.4/site-packages/py/_path/local.py:668: in pyimport
    __import__(modname)
<frozen importlib._bootstrap>:2237: in _find_and_load
    ???
<frozen importlib._bootstrap>:2226: in _find_and_load_unlocked
    ???
<frozen importlib._bootstrap>:1191: in _load_unlocked
    ???
<frozen importlib._bootstrap>:1161: in _load_backward_compatible
    ???
../../../virtualenv/python3.4.6/lib/python3.4/site-packages/_pytest/assertion/rewrite.py:216: in load_module
    py.builtin.exec_(co, mod.__dict__)
mypy/test/testdeps.py:10: in <module>
    from mypy import build, defaults
mypy/build.py:41: in <module>
    from mypy.semanal_pass1 import SemanticAnalyzerPass1
mypy/semanal_pass1.py:30: in <module>
    from mypy.semanal import SemanticAnalyzerPass2, infer_reachability_of_if_statement
mypy/semanal.py:74: in <module>
    from mypy.typeanal import (
mypy/typeanal.py:31: in <module>
    from mypy.plugin import Plugin, TypeAnalyzerPluginInterface, AnalyzeTypeContext
mypy/plugin.py:7: in <module>
    import mypy.plugins.attrs
E     File "/home/travis/build/python/mypy/mypy/plugins/attrs.py", line 74
E       types: List[Type] = []
E            ^
E   SyntaxError: invalid syntax
____________________ ERROR collecting mypy/test/testdiff.py ____________________
../../../virtualenv/python3.4.6/lib/python3.4/site-packages/_pytest/python.py:418: in _importtestmodule
    mod = self.fspath.pyimport(ensuresyspath=importmode)
../../../virtualenv/python3.4.6/lib/python3.4/site-packages/py/_path/local.py:668: in pyimport
    __import__(modname)
<frozen importlib._bootstrap>:2237: in _find_and_load
    ???
<frozen importlib._bootstrap>:2226: in _find_and_load_unlocked
    ???
<frozen importlib._bootstrap>:1191: in _load_unlocked
    ???
<frozen importlib._bootstrap>:1161: in _load_backward_compatible
    ???
../../../virtualenv/python3.4.6/lib/python3.4/site-packages/_pytest/assertion/rewrite.py:216: in load_module
    py.builtin.exec_(co, mod.__dict__)
mypy/test/testdiff.py:6: in <module>
    from mypy import build
mypy/build.py:41: in <module>
    from mypy.semanal_pass1 import SemanticAnalyzerPass1
mypy/semanal_pass1.py:30: in <module>
    from mypy.semanal import SemanticAnalyzerPass2, infer_reachability_of_if_statement
mypy/semanal.py:74: in <module>
    from mypy.typeanal import (
mypy/typeanal.py:31: in <module>
    from mypy.plugin import Plugin, TypeAnalyzerPluginInterface, AnalyzeTypeContext
mypy/plugin.py:7: in <module>
    import mypy.plugins.attrs
E     File "/home/travis/build/python/mypy/mypy/plugins/attrs.py", line 74
E       types: List[Type] = []
E            ^
E   SyntaxError: invalid syntax
________________ ERROR collecting mypy/test/testfinegrained.py _________________
../../../virtualenv/python3.4.6/lib/python3.4/site-packages/_pytest/python.py:418: in _importtestmodule
    mod = self.fspath.pyimport(ensuresyspath=importmode)
../../../virtualenv/python3.4.6/lib/python3.4/site-packages/py/_path/local.py:668: in pyimport
    __import__(modname)
<frozen importlib._bootstrap>:2237: in _find_and_load
    ???
<frozen importlib._bootstrap>:2226: in _find_and_load_unlocked
    ???
<frozen importlib._bootstrap>:1191: in _load_unlocked
    ???
<frozen importlib._bootstrap>:1161: in _load_backward_compatible
    ???
../../../virtualenv/python3.4.6/lib/python3.4/site-packages/_pytest/assertion/rewrite.py:216: in load_module
    py.builtin.exec_(co, mod.__dict__)
mypy/test/testfinegrained.py:15: in <module>
    from mypy import build
mypy/build.py:41: in <module>
    from mypy.semanal_pass1 import SemanticAnalyzerPass1
mypy/semanal_pass1.py:30: in <module>
    from mypy.semanal import SemanticAnalyzerPass2, infer_reachability_of_if_statement
mypy/semanal.py:74: in <module>
    from mypy.typeanal import (
mypy/typeanal.py:31: in <module>
    from mypy.plugin import Plugin, TypeAnalyzerPluginInterface, AnalyzeTypeContext
mypy/plugin.py:7: in <module>
    import mypy.plugins.attrs
E     File "/home/travis/build/python/mypy/mypy/plugins/attrs.py", line 74
E       types: List[Type] = []
E            ^
E   SyntaxError: invalid syntax
______________ ERROR collecting mypy/test/testfinegrainedcache.py ______________
../../../virtualenv/python3.4.6/lib/python3.4/site-packages/_pytest/python.py:418: in _importtestmodule
    mod = self.fspath.pyimport(ensuresyspath=importmode)
../../../virtualenv/python3.4.6/lib/python3.4/site-packages/py/_path/local.py:668: in pyimport
    __import__(modname)
<frozen importlib._bootstrap>:2237: in _find_and_load
    ???
<frozen importlib._bootstrap>:2226: in _find_and_load_unlocked
    ???
<frozen importlib._bootstrap>:1191: in _load_unlocked
    ???
<frozen importlib._bootstrap>:1161: in _load_backward_compatible
    ???
../../../virtualenv/python3.4.6/lib/python3.4/site-packages/_pytest/assertion/rewrite.py:216: in load_module
    py.builtin.exec_(co, mod.__dict__)
mypy/test/testfinegrainedcache.py:8: in <module>
    import mypy.test.testfinegrained
<frozen importlib._bootstrap>:2237: in _find_and_load
    ???
<frozen importlib._bootstrap>:2226: in _find_and_load_unlocked
    ???
<frozen importlib._bootstrap>:1191: in _load_unlocked
    ???
<frozen importlib._bootstrap>:1161: in _load_backward_compatible
    ???
../../../virtualenv/python3.4.6/lib/python3.4/site-packages/_pytest/assertion/rewrite.py:216: in load_module
    py.builtin.exec_(co, mod.__dict__)
mypy/test/testfinegrained.py:15: in <module>
    from mypy import build
mypy/build.py:41: in <module>
    from mypy.semanal_pass1 import SemanticAnalyzerPass1
mypy/semanal_pass1.py:30: in <module>
    from mypy.semanal import SemanticAnalyzerPass2, infer_reachability_of_if_statement
mypy/semanal.py:74: in <module>
    from mypy.typeanal import (
mypy/typeanal.py:31: in <module>
    from mypy.plugin import Plugin, TypeAnalyzerPluginInterface, AnalyzeTypeContext
mypy/plugin.py:7: in <module>
    import mypy.plugins.attrs
E     File "/home/travis/build/python/mypy/mypy/plugins/attrs.py", line 74
E       types: List[Type] = []
E            ^
E   SyntaxError: invalid syntax
___________________ ERROR collecting mypy/test/testmerge.py ____________________
../../../virtualenv/python3.4.6/lib/python3.4/site-packages/_pytest/python.py:418: in _importtestmodule
    mod = self.fspath.pyimport(ensuresyspath=importmode)
../../../virtualenv/python3.4.6/lib/python3.4/site-packages/py/_path/local.py:668: in pyimport
    __import__(modname)
<frozen importlib._bootstrap>:2237: in _find_and_load
    ???
<frozen importlib._bootstrap>:2226: in _find_and_load_unlocked
    ???
<frozen importlib._bootstrap>:1191: in _load_unlocked
    ???
<frozen importlib._bootstrap>:1161: in _load_backward_compatible
    ???
../../../virtualenv/python3.4.6/lib/python3.4/site-packages/_pytest/assertion/rewrite.py:216: in load_module
    py.builtin.exec_(co, mod.__dict__)
mypy/test/testmerge.py:7: in <module>
    from mypy import build
mypy/build.py:41: in <module>
    from mypy.semanal_pass1 import SemanticAnalyzerPass1
mypy/semanal_pass1.py:30: in <module>
    from mypy.semanal import SemanticAnalyzerPass2, infer_reachability_of_if_statement
mypy/semanal.py:74: in <module>
    from mypy.typeanal import (
mypy/typeanal.py:31: in <module>
    from mypy.plugin import Plugin, TypeAnalyzerPluginInterface, AnalyzeTypeContext
mypy/plugin.py:7: in <module>
    import mypy.plugins.attrs
E     File "/home/travis/build/python/mypy/mypy/plugins/attrs.py", line 74
E       types: List[Type] = []
E            ^
E   SyntaxError: invalid syntax
_________________ ERROR collecting mypy/test/testtransform.py __________________
../../../virtualenv/python3.4.6/lib/python3.4/site-packages/_pytest/python.py:418: in _importtestmodule
    mod = self.fspath.pyimport(ensuresyspath=importmode)
../../../virtualenv/python3.4.6/lib/python3.4/site-packages/py/_path/local.py:668: in pyimport
    __import__(modname)
<frozen importlib._bootstrap>:2237: in _find_and_load
    ???
<frozen importlib._bootstrap>:2226: in _find_and_load_unlocked
    ???
<frozen importlib._bootstrap>:1191: in _load_unlocked
    ???
<frozen importlib._bootstrap>:1161: in _load_backward_compatible
    ???
../../../virtualenv/python3.4.6/lib/python3.4/site-packages/_pytest/assertion/rewrite.py:216: in load_module
    py.builtin.exec_(co, mod.__dict__)
mypy/test/testtransform.py:6: in <module>
    from mypy import build
mypy/build.py:41: in <module>
    from mypy.semanal_pass1 import SemanticAnalyzerPass1
mypy/semanal_pass1.py:30: in <module>
    from mypy.semanal import SemanticAnalyzerPass2, infer_reachability_of_if_statement
mypy/semanal.py:74: in <module>
    from mypy.typeanal import (
mypy/typeanal.py:31: in <module>
    from mypy.plugin import Plugin, TypeAnalyzerPluginInterface, AnalyzeTypeContext
mypy/plugin.py:7: in <module>
    import mypy.plugins.attrs
E     File "/home/travis/build/python/mypy/mypy/plugins/attrs.py", line 74
E       types: List[Type] = []
E            ^
E   SyntaxError: invalid syntax
__________________ ERROR collecting mypy/test/testtypegen.py ___________________
../../../virtualenv/python3.4.6/lib/python3.4/site-packages/_pytest/python.py:418: in _importtestmodule
    mod = self.fspath.pyimport(ensuresyspath=importmode)
../../../virtualenv/python3.4.6/lib/python3.4/site-packages/py/_path/local.py:668: in pyimport
    __import__(modname)
<frozen importlib._bootstrap>:2237: in _find_and_load
    ???
<frozen importlib._bootstrap>:2226: in _find_and_load_unlocked
    ???
<frozen importlib._bootstrap>:1191: in _load_unlocked
    ???
<frozen importlib._bootstrap>:1161: in _load_backward_compatible
    ???
../../../virtualenv/python3.4.6/lib/python3.4/site-packages/_pytest/assertion/rewrite.py:216: in load_module
    py.builtin.exec_(co, mod.__dict__)
mypy/test/testtypegen.py:7: in <module>
    from mypy import build
mypy/build.py:41: in <module>
    from mypy.semanal_pass1 import SemanticAnalyzerPass1
mypy/semanal_pass1.py:30: in <module>
    from mypy.semanal import SemanticAnalyzerPass2, infer_reachability_of_if_statement
mypy/semanal.py:74: in <module>
    from mypy.typeanal import (
mypy/typeanal.py:31: in <module>
    from mypy.plugin import Plugin, TypeAnalyzerPluginInterface, AnalyzeTypeContext
mypy/plugin.py:7: in <module>
    import mypy.plugins.attrs
E     File "/home/travis/build/python/mypy/mypy/plugins/attrs.py", line 74
E       types: List[Type] = []
E            ^
E   SyntaxError: invalid syntax
___________________ ERROR collecting mypy/test/testparse.py ____________________
../../../virtualenv/python3.4.6/lib/python3.4/site-packages/_pytest/python.py:418: in _importtestmodule
    mod = self.fspath.pyimport(ensuresyspath=importmode)
../../../virtualenv/python3.4.6/lib/python3.4/site-packages/py/_path/local.py:668: in pyimport
    __import__(modname)
<frozen importlib._bootstrap>:2237: in _find_and_load
    ???
<frozen importlib._bootstrap>:2226: in _find_and_load_unlocked
    ???
<frozen importlib._bootstrap>:1191: in _load_unlocked
    ???
<frozen importlib._bootstrap>:1161: in _load_backward_compatible
    ???
../../../virtualenv/python3.4.6/lib/python3.4/site-packages/_pytest/assertion/rewrite.py:216: in load_module
    py.builtin.exec_(co, mod.__dict__)
mypy/test/testparse.py:4: in <module>
    from mypy.test.helpers import assert_string_arrays_equal
mypy/test/helpers.py:19: in <module>
    from mypy.main import process_options
mypy/main.py:14: in <module>
    from mypy import build
mypy/build.py:41: in <module>
    from mypy.semanal_pass1 import SemanticAnalyzerPass1
mypy/semanal_pass1.py:30: in <module>
    from mypy.semanal import SemanticAnalyzerPass2, infer_reachability_of_if_statement
mypy/semanal.py:74: in <module>
    from mypy.typeanal import (
mypy/typeanal.py:31: in <module>
    from mypy.plugin import Plugin, TypeAnalyzerPluginInterface, AnalyzeTypeContext
mypy/plugin.py:7: in <module>
    import mypy.plugins.attrs
E     File "/home/travis/build/python/mypy/mypy/plugins/attrs.py", line 74
E       types: List[Type] = []
E            ^
E   SyntaxError: invalid syntax
__________________ ERROR collecting mypy/test/testsemanal.py ___________________
../../../virtualenv/python3.4.6/lib/python3.4/site-packages/_pytest/python.py:418: in _importtestmodule
    mod = self.fspath.pyimport(ensuresyspath=importmode)
../../../virtualenv/python3.4.6/lib/python3.4/site-packages/py/_path/local.py:668: in pyimport
    __import__(modname)
<frozen importlib._bootstrap>:2237: in _find_and_load
    ???
<frozen importlib._bootstrap>:2226: in _find_and_load_unlocked
    ???
<frozen importlib._bootstrap>:1191: in _load_unlocked
    ???
<frozen importlib._bootstrap>:1161: in _load_backward_compatible
    ???
../../../virtualenv/python3.4.6/lib/python3.4/site-packages/_pytest/assertion/rewrite.py:216: in load_module
    py.builtin.exec_(co, mod.__dict__)
mypy/test/testsemanal.py:7: in <module>
    from mypy import build
mypy/build.py:41: in <module>
    from mypy.semanal_pass1 import SemanticAnalyzerPass1
mypy/semanal_pass1.py:30: in <module>
    from mypy.semanal import SemanticAnalyzerPass2, infer_reachability_of_if_statement
mypy/semanal.py:74: in <module>
    from mypy.typeanal import (
mypy/typeanal.py:31: in <module>
    from mypy.plugin import Plugin, TypeAnalyzerPluginInterface, AnalyzeTypeContext
mypy/plugin.py:7: in <module>
    import mypy.plugins.attrs
E     File "/home/travis/build/python/mypy/mypy/plugins/attrs.py", line 74
E       types: List[Type] = []
E            ^
E   SyntaxError: invalid syntax
________________ ERROR collecting mypy/test/testerrorstream.py _________________
../../../virtualenv/python3.4.6/lib/python3.4/site-packages/_pytest/python.py:418: in _importtestmodule
    mod = self.fspath.pyimport(ensuresyspath=importmode)
../../../virtualenv/python3.4.6/lib/python3.4/site-packages/py/_path/local.py:668: in pyimport
    __import__(modname)
<frozen importlib._bootstrap>:2237: in _find_and_load
    ???
<frozen importlib._bootstrap>:2226: in _find_and_load_unlocked
    ???
<frozen importlib._bootstrap>:1191: in _load_unlocked
    ???
<frozen importlib._bootstrap>:1161: in _load_backward_compatible
    ???
../../../virtualenv/python3.4.6/lib/python3.4/site-packages/_pytest/assertion/rewrite.py:216: in load_module
    py.builtin.exec_(co, mod.__dict__)
mypy/test/testerrorstream.py:6: in <module>
    from mypy import defaults, build
mypy/build.py:41: in <module>
    from mypy.semanal_pass1 import SemanticAnalyzerPass1
mypy/semanal_pass1.py:30: in <module>
    from mypy.semanal import SemanticAnalyzerPass2, infer_reachability_of_if_statement
mypy/semanal.py:74: in <module>
    from mypy.typeanal import (
mypy/typeanal.py:31: in <module>
    from mypy.plugin import Plugin, TypeAnalyzerPluginInterface, AnalyzeTypeContext
mypy/plugin.py:7: in <module>
    import mypy.plugins.attrs
E     File "/home/travis/build/python/mypy/mypy/plugins/attrs.py", line 74
E       types: List[Type] = []
E            ^
E   SyntaxError: invalid syntax
___________________ ERROR collecting mypy/test/testgraph.py ____________________
../../../virtualenv/python3.4.6/lib/python3.4/site-packages/_pytest/python.py:418: in _importtestmodule
    mod = self.fspath.pyimport(ensuresyspath=importmode)
../../../virtualenv/python3.4.6/lib/python3.4/site-packages/py/_path/local.py:668: in pyimport
    __import__(modname)
<frozen importlib._bootstrap>:2237: in _find_and_load
    ???
<frozen importlib._bootstrap>:2226: in _find_and_load_unlocked
    ???
<frozen importlib._bootstrap>:1191: in _load_unlocked
    ???
<frozen importlib._bootstrap>:1161: in _load_backward_compatible
    ???
../../../virtualenv/python3.4.6/lib/python3.4/site-packages/_pytest/assertion/rewrite.py:216: in load_module
    py.builtin.exec_(co, mod.__dict__)
mypy/test/testgraph.py:5: in <module>
    from mypy.test.helpers import assert_equal, Suite
mypy/test/helpers.py:19: in <module>
    from mypy.main import process_options
mypy/main.py:14: in <module>
    from mypy import build
mypy/build.py:41: in <module>
    from mypy.semanal_pass1 import SemanticAnalyzerPass1
mypy/semanal_pass1.py:30: in <module>
    from mypy.semanal import SemanticAnalyzerPass2, infer_reachability_of_if_statement
mypy/semanal.py:74: in <module>
    from mypy.typeanal import (
mypy/typeanal.py:31: in <module>
    from mypy.plugin import Plugin, TypeAnalyzerPluginInterface, AnalyzeTypeContext
mypy/plugin.py:7: in <module>
    import mypy.plugins.attrs
E     File "/home/travis/build/python/mypy/mypy/plugins/attrs.py", line 74
E       types: List[Type] = []
E            ^
E   SyntaxError: invalid syntax
___________________ ERROR collecting mypy/test/testinfer.py ____________________
../../../virtualenv/python3.4.6/lib/python3.4/site-packages/_pytest/python.py:418: in _importtestmodule
    mod = self.fspath.pyimport(ensuresyspath=importmode)
../../../virtualenv/python3.4.6/lib/python3.4/site-packages/py/_path/local.py:668: in pyimport
    __import__(modname)
<frozen importlib._bootstrap>:2237: in _find_and_load
    ???
<frozen importlib._bootstrap>:2226: in _find_and_load_unlocked
    ???
<frozen importlib._bootstrap>:1191: in _load_unlocked
    ???
<frozen importlib._bootstrap>:1161: in _load_backward_compatible
    ???
../../../virtualenv/python3.4.6/lib/python3.4/site-packages/_pytest/assertion/rewrite.py:216: in load_module
    py.builtin.exec_(co, mod.__dict__)
mypy/test/testinfer.py:5: in <module>
    from mypy.test.helpers import Suite, assert_equal
mypy/test/helpers.py:19: in <module>
    from mypy.main import process_options
mypy/main.py:14: in <module>
    from mypy import build
mypy/build.py:41: in <module>
    from mypy.semanal_pass1 import SemanticAnalyzerPass1
mypy/semanal_pass1.py:30: in <module>
    from mypy.semanal import SemanticAnalyzerPass2, infer_reachability_of_if_statement
mypy/semanal.py:74: in <module>
    from mypy.typeanal import (
mypy/typeanal.py:31: in <module>
    from mypy.plugin import Plugin, TypeAnalyzerPluginInterface, AnalyzeTypeContext
mypy/plugin.py:7: in <module>
    import mypy.plugins.attrs
E     File "/home/travis/build/python/mypy/mypy/plugins/attrs.py", line 74
E       types: List[Type] = []
E            ^
E   SyntaxError: invalid syntax
_________________ ERROR collecting mypy/test/testmoduleinfo.py _________________
../../../virtualenv/python3.4.6/lib/python3.4/site-packages/_pytest/python.py:418: in _importtestmodule
    mod = self.fspath.pyimport(ensuresyspath=importmode)
../../../virtualenv/python3.4.6/lib/python3.4/site-packages/py/_path/local.py:668: in pyimport
    __import__(modname)
<frozen importlib._bootstrap>:2237: in _find_and_load
    ???
<frozen importlib._bootstrap>:2226: in _find_and_load_unlocked
    ???
<frozen importlib._bootstrap>:1191: in _load_unlocked
    ???
<frozen importlib._bootstrap>:1161: in _load_backward_compatible
    ???
../../../virtualenv/python3.4.6/lib/python3.4/site-packages/_pytest/assertion/rewrite.py:216: in load_module
    py.builtin.exec_(co, mod.__dict__)
mypy/test/testmoduleinfo.py:2: in <module>
    from mypy.test.helpers import assert_true, assert_false, Suite
mypy/test/helpers.py:19: in <module>
    from mypy.main import process_options
mypy/main.py:14: in <module>
    from mypy import build
mypy/build.py:41: in <module>
    from mypy.semanal_pass1 import SemanticAnalyzerPass1
mypy/semanal_pass1.py:30: in <module>
    from mypy.semanal import SemanticAnalyzerPass2, infer_reachability_of_if_statement
mypy/semanal.py:74: in <module>
    from mypy.typeanal import (
mypy/typeanal.py:31: in <module>
    from mypy.plugin import Plugin, TypeAnalyzerPluginInterface, AnalyzeTypeContext
mypy/plugin.py:7: in <module>
    import mypy.plugins.attrs
E     File "/home/travis/build/python/mypy/mypy/plugins/attrs.py", line 74
E       types: List[Type] = []
E            ^
E   SyntaxError: invalid syntax
__________________ ERROR collecting mypy/test/teststubgen.py ___________________
../../../virtualenv/python3.4.6/lib/python3.4/site-packages/_pytest/python.py:418: in _importtestmodule
    mod = self.fspath.pyimport(ensuresyspath=importmode)
../../../virtualenv/python3.4.6/lib/python3.4/site-packages/py/_path/local.py:668: in pyimport
    __import__(modname)
<frozen importlib._bootstrap>:2237: in _find_and_load
    ???
<frozen importlib._bootstrap>:2226: in _find_and_load_unlocked
    ???
<frozen importlib._bootstrap>:1191: in _load_unlocked
    ???
<frozen importlib._bootstrap>:1161: in _load_backward_compatible
    ???
../../../virtualenv/python3.4.6/lib/python3.4/site-packages/_pytest/assertion/rewrite.py:216: in load_module
    py.builtin.exec_(co, mod.__dict__)
mypy/test/teststubgen.py:11: in <module>
    from mypy.test.helpers import Suite, assert_equal, assert_string_arrays_equal
mypy/test/helpers.py:19: in <module>
    from mypy.main import process_options
mypy/main.py:14: in <module>
    from mypy import build
mypy/build.py:41: in <module>
    from mypy.semanal_pass1 import SemanticAnalyzerPass1
mypy/semanal_pass1.py:30: in <module>
    from mypy.semanal import SemanticAnalyzerPass2, infer_reachability_of_if_statement
mypy/semanal.py:74: in <module>
    from mypy.typeanal import (
mypy/typeanal.py:31: in <module>
    from mypy.plugin import Plugin, TypeAnalyzerPluginInterface, AnalyzeTypeContext
mypy/plugin.py:7: in <module>
    import mypy.plugins.attrs
E     File "/home/travis/build/python/mypy/mypy/plugins/attrs.py", line 74
E       types: List[Type] = []
E            ^
E   SyntaxError: invalid syntax
____________________ ERROR collecting mypy/test/testargs.py ____________________
../../../virtualenv/python3.4.6/lib/python3.4/site-packages/_pytest/python.py:418: in _importtestmodule
    mod = self.fspath.pyimport(ensuresyspath=importmode)
../../../virtualenv/python3.4.6/lib/python3.4/site-packages/py/_path/local.py:668: in pyimport
    __import__(modname)
<frozen importlib._bootstrap>:2237: in _find_and_load
    ???
<frozen importlib._bootstrap>:2226: in _find_and_load_unlocked
    ???
<frozen importlib._bootstrap>:1191: in _load_unlocked
    ???
<frozen importlib._bootstrap>:1161: in _load_backward_compatible
    ???
../../../virtualenv/python3.4.6/lib/python3.4/site-packages/_pytest/assertion/rewrite.py:216: in load_module
    py.builtin.exec_(co, mod.__dict__)
mypy/test/testargs.py:12: in <module>
    from mypy.test.helpers import Suite, assert_equal
mypy/test/helpers.py:19: in <module>
    from mypy.main import process_options
mypy/main.py:14: in <module>
    from mypy import build
mypy/build.py:41: in <module>
    from mypy.semanal_pass1 import SemanticAnalyzerPass1
mypy/semanal_pass1.py:30: in <module>
    from mypy.semanal import SemanticAnalyzerPass2, infer_reachability_of_if_statement
mypy/semanal.py:74: in <module>
    from mypy.typeanal import (
mypy/typeanal.py:31: in <module>
    from mypy.plugin import Plugin, TypeAnalyzerPluginInterface, AnalyzeTypeContext
mypy/plugin.py:7: in <module>
    import mypy.plugins.attrs
E     File "/home/travis/build/python/mypy/mypy/plugins/attrs.py", line 74
E       types: List[Type] = []
E            ^
E   SyntaxError: invalid syntax
__________________ ERROR collecting mypy/test/testreports.py ___________________
../../../virtualenv/python3.4.6/lib/python3.4/site-packages/_pytest/python.py:418: in _importtestmodule
    mod = self.fspath.pyimport(ensuresyspath=importmode)
../../../virtualenv/python3.4.6/lib/python3.4/site-packages/py/_path/local.py:668: in pyimport
    __import__(modname)
<frozen importlib._bootstrap>:2237: in _find_and_load
    ???
<frozen importlib._bootstrap>:2226: in _find_and_load_unlocked
    ???
<frozen importlib._bootstrap>:1191: in _load_unlocked
    ???
<frozen importlib._bootstrap>:1161: in _load_backward_compatible
    ???
../../../virtualenv/python3.4.6/lib/python3.4/site-packages/_pytest/assertion/rewrite.py:216: in load_module
    py.builtin.exec_(co, mod.__dict__)
mypy/test/testreports.py:4: in <module>
    from mypy.test.helpers import Suite, assert_equal
mypy/test/helpers.py:19: in <module>
    from mypy.main import process_options
mypy/main.py:14: in <module>
    from mypy import build
mypy/build.py:41: in <module>
    from mypy.semanal_pass1 import SemanticAnalyzerPass1
mypy/semanal_pass1.py:30: in <module>
    from mypy.semanal import SemanticAnalyzerPass2, infer_reachability_of_if_statement
mypy/semanal.py:74: in <module>
    from mypy.typeanal import (
mypy/typeanal.py:31: in <module>
    from mypy.plugin import Plugin, TypeAnalyzerPluginInterface, AnalyzeTypeContext
mypy/plugin.py:7: in <module>
    import mypy.plugins.attrs
E     File "/home/travis/build/python/mypy/mypy/plugins/attrs.py", line 74
E       types: List[Type] = []
E            ^
E   SyntaxError: invalid syntax
___________________ ERROR collecting mypy/test/testsolve.py ____________________
../../../virtualenv/python3.4.6/lib/python3.4/site-packages/_pytest/python.py:418: in _importtestmodule
    mod = self.fspath.pyimport(ensuresyspath=importmode)
../../../virtualenv/python3.4.6/lib/python3.4/site-packages/py/_path/local.py:668: in pyimport
    __import__(modname)
<frozen importlib._bootstrap>:2237: in _find_and_load
    ???
<frozen importlib._bootstrap>:2226: in _find_and_load_unlocked
    ???
<frozen importlib._bootstrap>:1191: in _load_unlocked
    ???
<frozen importlib._bootstrap>:1161: in _load_backward_compatible
    ???
../../../virtualenv/python3.4.6/lib/python3.4/site-packages/_pytest/assertion/rewrite.py:216: in load_module
    py.builtin.exec_(co, mod.__dict__)
mypy/test/testsolve.py:5: in <module>
    from mypy.test.helpers import Suite, assert_equal
mypy/test/helpers.py:19: in <module>
    from mypy.main import process_options
mypy/main.py:14: in <module>
    from mypy import build
mypy/build.py:41: in <module>
    from mypy.semanal_pass1 import SemanticAnalyzerPass1
mypy/semanal_pass1.py:30: in <module>
    from mypy.semanal import SemanticAnalyzerPass2, infer_reachability_of_if_statement
mypy/semanal.py:74: in <module>
    from mypy.typeanal import (
mypy/typeanal.py:31: in <module>
    from mypy.plugin import Plugin, TypeAnalyzerPluginInterface, AnalyzeTypeContext
mypy/plugin.py:7: in <module>
    import mypy.plugins.attrs
E     File "/home/travis/build/python/mypy/mypy/plugins/attrs.py", line 74
E       types: List[Type] = []
E            ^
E   SyntaxError: invalid syntax
__________________ ERROR collecting mypy/test/testsubtypes.py __________________
../../../virtualenv/python3.4.6/lib/python3.4/site-packages/_pytest/python.py:418: in _importtestmodule
    mod = self.fspath.pyimport(ensuresyspath=importmode)
../../../virtualenv/python3.4.6/lib/python3.4/site-packages/py/_path/local.py:668: in pyimport
    __import__(modname)
<frozen importlib._bootstrap>:2237: in _find_and_load
    ???
<frozen importlib._bootstrap>:2226: in _find_and_load_unlocked
    ???
<frozen importlib._bootstrap>:1191: in _load_unlocked
    ???
<frozen importlib._bootstrap>:1161: in _load_backward_compatible
    ???
../../../virtualenv/python3.4.6/lib/python3.4/site-packages/_pytest/assertion/rewrite.py:216: in load_module
    py.builtin.exec_(co, mod.__dict__)
mypy/test/testsubtypes.py:1: in <module>
    from mypy.test.helpers import Suite, assert_true, skip
mypy/test/helpers.py:19: in <module>
    from mypy.main import process_options
mypy/main.py:14: in <module>
    from mypy import build
mypy/build.py:41: in <module>
    from mypy.semanal_pass1 import SemanticAnalyzerPass1
mypy/semanal_pass1.py:30: in <module>
    from mypy.semanal import SemanticAnalyzerPass2, infer_reachability_of_if_statement
mypy/semanal.py:74: in <module>
    from mypy.typeanal import (
mypy/typeanal.py:31: in <module>
    from mypy.plugin import Plugin, TypeAnalyzerPluginInterface, AnalyzeTypeContext
mypy/plugin.py:7: in <module>
    import mypy.plugins.attrs
E     File "/home/travis/build/python/mypy/mypy/plugins/attrs.py", line 74
E       types: List[Type] = []
E            ^
E   SyntaxError: invalid syntax
___________________ ERROR collecting mypy/test/testtypes.py ____________________
../../../virtualenv/python3.4.6/lib/python3.4/site-packages/_pytest/python.py:418: in _importtestmodule
    mod = self.fspath.pyimport(ensuresyspath=importmode)
../../../virtualenv/python3.4.6/lib/python3.4/site-packages/py/_path/local.py:668: in pyimport
    __import__(modname)
<frozen importlib._bootstrap>:2237: in _find_and_load
    ???
<frozen importlib._bootstrap>:2226: in _find_and_load_unlocked
    ???
<frozen importlib._bootstrap>:1191: in _load_unlocked
    ???
<frozen importlib._bootstrap>:1161: in _load_backward_compatible
    ???
../../../virtualenv/python3.4.6/lib/python3.4/site-packages/_pytest/assertion/rewrite.py:216: in load_module
    py.builtin.exec_(co, mod.__dict__)
mypy/test/testtypes.py:5: in <module>
    from mypy.test.helpers import Suite, assert_equal, assert_true, assert_false, assert_type, skip
mypy/test/helpers.py:19: in <module>
    from mypy.main import process_options
mypy/main.py:14: in <module>
    from mypy import build
mypy/build.py:41: in <module>
    from mypy.semanal_pass1 import SemanticAnalyzerPass1
mypy/semanal_pass1.py:30: in <module>
    from mypy.semanal import SemanticAnalyzerPass2, infer_reachability_of_if_statement
mypy/semanal.py:74: in <module>
    from mypy.typeanal import (
mypy/typeanal.py:31: in <module>
    from mypy.plugin import Plugin, TypeAnalyzerPluginInterface, AnalyzeTypeContext
mypy/plugin.py:7: in <module>
    import mypy.plugins.attrs
E     File "/home/travis/build/python/mypy/mypy/plugins/attrs.py", line 74
E       types: List[Type] = []
E            ^
E   SyntaxError: invalid syntax
___________________ ERROR collecting mypy/test/testpep561.py ___________________
../../../virtualenv/python3.4.6/lib/python3.4/site-packages/_pytest/python.py:418: in _importtestmodule
    mod = self.fspath.pyimport(ensuresyspath=importmode)
../../../virtualenv/python3.4.6/lib/python3.4/site-packages/py/_path/local.py:668: in pyimport
    __import__(modname)
<frozen importlib._bootstrap>:2237: in _find_and_load
    ???
<frozen importlib._bootstrap>:2226: in _find_and_load_unlocked
    ???
<frozen importlib._bootstrap>:1191: in _load_unlocked
    ???
<frozen importlib._bootstrap>:1161: in _load_backward_compatible
    ???
../../../virtualenv/python3.4.6/lib/python3.4/site-packages/_pytest/assertion/rewrite.py:216: in load_module
    py.builtin.exec_(co, mod.__dict__)
mypy/test/testpep561.py:8: in <module>
    import mypy.api
mypy/api.py:41: in <module>
    from mypy.main import main
mypy/main.py:14: in <module>
    from mypy import build
mypy/build.py:41: in <module>
    from mypy.semanal_pass1 import SemanticAnalyzerPass1
mypy/semanal_pass1.py:30: in <module>
    from mypy.semanal import SemanticAnalyzerPass2, infer_reachability_of_if_statement
mypy/semanal.py:74: in <module>
    from mypy.typeanal import (
mypy/typeanal.py:31: in <module>
    from mypy.plugin import Plugin, TypeAnalyzerPluginInterface, AnalyzeTypeContext
mypy/plugin.py:7: in <module>
    import mypy.plugins.attrs
E     File "/home/travis/build/python/mypy/mypy/plugins/attrs.py", line 74
E       types: List[Type] = []
E            ^
E   SyntaxError: invalid syntax
_________________ ERROR collecting mypy/test/testpythoneval.py _________________
../../../virtualenv/python3.4.6/lib/python3.4/site-packages/_pytest/python.py:418: in _importtestmodule
    mod = self.fspath.pyimport(ensuresyspath=importmode)
../../../virtualenv/python3.4.6/lib/python3.4/site-packages/py/_path/local.py:668: in pyimport
    __import__(modname)
<frozen importlib._bootstrap>:2237: in _find_and_load
    ???
<frozen importlib._bootstrap>:2226: in _find_and_load_unlocked
    ???
<frozen importlib._bootstrap>:1191: in _load_unlocked
    ???
<frozen importlib._bootstrap>:1161: in _load_backward_compatible
    ???
../../../virtualenv/python3.4.6/lib/python3.4/site-packages/_pytest/assertion/rewrite.py:216: in load_module
    py.builtin.exec_(co, mod.__dict__)
mypy/test/testpythoneval.py:25: in <module>
    from mypy.test.helpers import assert_string_arrays_equal, run_command
mypy/test/helpers.py:19: in <module>
    from mypy.main import process_options
mypy/main.py:14: in <module>
    from mypy import build
mypy/build.py:41: in <module>
    from mypy.semanal_pass1 import SemanticAnalyzerPass1
mypy/semanal_pass1.py:30: in <module>
    from mypy.semanal import SemanticAnalyzerPass2, infer_reachability_of_if_statement
mypy/semanal.py:74: in <module>
    from mypy.typeanal import (
mypy/typeanal.py:31: in <module>
    from mypy.plugin import Plugin, TypeAnalyzerPluginInterface, AnalyzeTypeContext
mypy/plugin.py:7: in <module>
    import mypy.plugins.attrs
E     File "/home/travis/build/python/mypy/mypy/plugins/attrs.py", line 74
E       types: List[Type] = []
E            ^
E   SyntaxError: invalid syntax
__________________ ERROR collecting mypy/test/testcmdline.py ___________________
../../../virtualenv/python3.4.6/lib/python3.4/site-packages/_pytest/python.py:418: in _importtestmodule
    mod = self.fspath.pyimport(ensuresyspath=importmode)
../../../virtualenv/python3.4.6/lib/python3.4/site-packages/py/_path/local.py:668: in pyimport
    __import__(modname)
<frozen importlib._bootstrap>:2237: in _find_and_load
    ???
<frozen importlib._bootstrap>:2226: in _find_and_load_unlocked
    ???
<frozen importlib._bootstrap>:1191: in _load_unlocked
    ???
<frozen importlib._bootstrap>:1161: in _load_backward_compatible
    ???
../../../virtualenv/python3.4.6/lib/python3.4/site-packages/_pytest/assertion/rewrite.py:216: in load_module
    py.builtin.exec_(co, mod.__dict__)
mypy/test/testcmdline.py:17: in <module>
    from mypy.test.helpers import assert_string_arrays_equal, normalize_error_messages
mypy/test/helpers.py:19: in <module>
    from mypy.main import process_options
mypy/main.py:14: in <module>
    from mypy import build
mypy/build.py:41: in <module>
    from mypy.semanal_pass1 import SemanticAnalyzerPass1
mypy/semanal_pass1.py:30: in <module>
    from mypy.semanal import SemanticAnalyzerPass2, infer_reachability_of_if_statement
mypy/semanal.py:74: in <module>
    from mypy.typeanal import (
mypy/typeanal.py:31: in <module>
    from mypy.plugin import Plugin, TypeAnalyzerPluginInterface, AnalyzeTypeContext
mypy/plugin.py:7: in <module>
    import mypy.plugins.attrs
E     File "/home/travis/build/python/mypy/mypy/plugins/attrs.py", line 74
E       types: List[Type] = []
E            ^
E   SyntaxError: invalid syntax
[1m[31m================ 6 passed, 1 skipped, 23 error in 87.54 seconds ================[0m
passed 0, failed 1, pending 136; running 0                                      

FAILURE  #0 pytest


passed 0, failed 1, pending 135; running 1                                      passed 0, failed 1, pending 134; running 2                                      passed 0, failed 1, pending 133; running 3                                      passed 0, failed 1, pending 132; running 4                                      passed 0, failed 1, pending 131; running 5                                      passed 0, failed 1, pending 130; running 6                                      passed 0, failed 1, pending 129; running 7                                      passed 0, failed 1, pending 128; running 8                                      passed 0, failed 1, pending 127; running 9                                      passed 0, failed 1, pending 126; running 10                                     passed 0, failed 1, pending 125; running 11                                     passed 0, failed 1, pending 124; running 12                                     passed 1, failed 1, pending 124; running 11                                     passed 1, failed 1, pending 123; running 12                                     passed 1, failed 2, pending 123; running 11                                     

FAILURE  #2 check legacy entry script

Traceback (most recent call last):
  File "/home/travis/build/python/mypy/scripts/mypy", line 4, in <module>
    from mypy.main import main
  File "/home/travis/build/python/mypy/mypy/main.py", line 14, in <module>
    from mypy import build
  File "/home/travis/build/python/mypy/mypy/build.py", line 41, in <module>
    from mypy.semanal_pass1 import SemanticAnalyzerPass1
  File "/home/travis/build/python/mypy/mypy/semanal_pass1.py", line 30, in <module>
    from mypy.semanal import SemanticAnalyzerPass2, infer_reachability_of_if_statement
  File "/home/travis/build/python/mypy/mypy/semanal.py", line 74, in <module>
    from mypy.typeanal import (
  File "/home/travis/build/python/mypy/mypy/typeanal.py", line 31, in <module>
    from mypy.plugin import Plugin, TypeAnalyzerPluginInterface, AnalyzeTypeContext
  File "/home/travis/build/python/mypy/mypy/plugin.py", line 7, in <module>
    import mypy.plugins.attrs
  File "/home/travis/build/python/mypy/mypy/plugins/attrs.py", line 74
    types: List[Type] = []
         ^
SyntaxError: invalid syntax

passed 1, failed 2, pending 122; running 12                                     passed 2, failed 2, pending 122; running 11                                     passed 2, failed 2, pending 121; running 12                                     passed 3, failed 2, pending 121; running 11                                     passed 3, failed 2, pending 120; running 12                                     passed 3, failed 3, pending 120; running 11                                     

FAILURE  #3 check fast-parse

Traceback (most recent call last):
  File "/home/travis/build/python/mypy/scripts/mypy", line 4, in <module>
    from mypy.main import main
  File "/home/travis/build/python/mypy/mypy/main.py", line 14, in <module>
    from mypy import build
  File "/home/travis/build/python/mypy/mypy/build.py", line 41, in <module>
    from mypy.semanal_pass1 import SemanticAnalyzerPass1
  File "/home/travis/build/python/mypy/mypy/semanal_pass1.py", line 30, in <module>
    from mypy.semanal import SemanticAnalyzerPass2, infer_reachability_of_if_statement
  File "/home/travis/build/python/mypy/mypy/semanal.py", line 74, in <module>
    from mypy.typeanal import (
  File "/home/travis/build/python/mypy/mypy/typeanal.py", line 31, in <module>
    from mypy.plugin import Plugin, TypeAnalyzerPluginInterface, AnalyzeTypeContext
  File "/home/travis/build/python/mypy/mypy/plugin.py", line 7, in <module>
    import mypy.plugins.attrs
  File "/home/travis/build/python/mypy/mypy/plugins/attrs.py", line 74
    types: List[Type] = []
         ^
SyntaxError: invalid syntax

passed 3, failed 3, pending 119; running 12                                     passed 3, failed 4, pending 119; running 11                                     

FAILURE  #1 check file runtests.py

Traceback (most recent call last):
  File "/home/travis/build/python/mypy/scripts/mypy", line 4, in <module>
    from mypy.main import main
  File "/home/travis/build/python/mypy/mypy/main.py", line 14, in <module>
    from mypy import build
  File "/home/travis/build/python/mypy/mypy/build.py", line 41, in <module>
    from mypy.semanal_pass1 import SemanticAnalyzerPass1
  File "/home/travis/build/python/mypy/mypy/semanal_pass1.py", line 30, in <module>
    from mypy.semanal import SemanticAnalyzerPass2, infer_reachability_of_if_statement
  File "/home/travis/build/python/mypy/mypy/semanal.py", line 74, in <module>
    from mypy.typeanal import (
  File "/home/travis/build/python/mypy/mypy/typeanal.py", line 31, in <module>
    from mypy.plugin import Plugin, TypeAnalyzerPluginInterface, AnalyzeTypeContext
  File "/home/travis/build/python/mypy/mypy/plugin.py", line 7, in <module>
    import mypy.plugins.attrs
  File "/home/travis/build/python/mypy/mypy/plugins/attrs.py", line 74
    types: List[Type] = []
         ^
SyntaxError: invalid syntax

passed 3, failed 4, pending 118; running 12                                     passed 4, failed 4, pending 118; running 11                                     passed 4, failed 4, pending 117; running 12                                     passed 5, failed 4, pending 117; running 11                                     passed 5, failed 4, pending 116; running 12                                     passed 5, failed 5, pending 116; running 11                                     

FAILURE  #11 run import mypy.checkmember

Traceback (most recent call last):
  File "<string>", line 1, in <module>
  File "/home/travis/build/python/mypy/mypy/checkmember.py", line 20, in <module>
    from mypy.plugin import Plugin, AttributeContext
  File "/home/travis/build/python/mypy/mypy/plugin.py", line 7, in <module>
    import mypy.plugins.attrs
  File "/home/travis/build/python/mypy/mypy/plugins/attrs.py", line 74
    types: List[Type] = []
         ^
SyntaxError: invalid syntax

passed 5, failed 5, pending 115; running 12                                     passed 6, failed 5, pending 115; running 11                                     passed 6, failed 5, pending 114; running 12                                     passed 7, failed 5, pending 114; running 11                                     passed 7, failed 5, pending 113; running 12                                     passed 8, failed 5, pending 113; running 11                                     passed 8, failed 5, pending 112; running 12                                     passed 8, failed 6, pending 112; running 11                                     

FAILURE  #5 run import mypy.api

Traceback (most recent call last):
  File "<string>", line 1, in <module>
  File "/home/travis/build/python/mypy/mypy/api.py", line 41, in <module>
    from mypy.main import main
  File "/home/travis/build/python/mypy/mypy/main.py", line 14, in <module>
    from mypy import build
  File "/home/travis/build/python/mypy/mypy/build.py", line 41, in <module>
    from mypy.semanal_pass1 import SemanticAnalyzerPass1
  File "/home/travis/build/python/mypy/mypy/semanal_pass1.py", line 30, in <module>
    from mypy.semanal import SemanticAnalyzerPass2, infer_reachability_of_if_statement
  File "/home/travis/build/python/mypy/mypy/semanal.py", line 74, in <module>
    from mypy.typeanal import (
  File "/home/travis/build/python/mypy/mypy/typeanal.py", line 31, in <module>
    from mypy.plugin import Plugin, TypeAnalyzerPluginInterface, AnalyzeTypeContext
  File "/home/travis/build/python/mypy/mypy/plugin.py", line 7, in <module>
    import mypy.plugins.attrs
  File "/home/travis/build/python/mypy/mypy/plugins/attrs.py", line 74
    types: List[Type] = []
         ^
SyntaxError: invalid syntax

passed 8, failed 6, pending 111; running 12                                     passed 9, failed 6, pending 111; running 11                                     passed 9, failed 6, pending 110; running 12                                     passed 10, failed 6, pending 110; running 11                                    passed 10, failed 6, pending 109; running 12                                    passed 10, failed 7, pending 109; running 11                                    

FAILURE  #8 run import mypy.build

Traceback (most recent call last):
  File "<string>", line 1, in <module>
  File "/home/travis/build/python/mypy/mypy/build.py", line 41, in <module>
    from mypy.semanal_pass1 import SemanticAnalyzerPass1
  File "/home/travis/build/python/mypy/mypy/semanal_pass1.py", line 30, in <module>
    from mypy.semanal import SemanticAnalyzerPass2, infer_reachability_of_if_statement
  File "/home/travis/build/python/mypy/mypy/semanal.py", line 74, in <module>
    from mypy.typeanal import (
  File "/home/travis/build/python/mypy/mypy/typeanal.py", line 31, in <module>
    from mypy.plugin import Plugin, TypeAnalyzerPluginInterface, AnalyzeTypeContext
  File "/home/travis/build/python/mypy/mypy/plugin.py", line 7, in <module>
    import mypy.plugins.attrs
  File "/home/travis/build/python/mypy/mypy/plugins/attrs.py", line 74
    types: List[Type] = []
         ^
SyntaxError: invalid syntax

passed 10, failed 7, pending 108; running 12                                    passed 11, failed 7, pending 108; running 11                                    passed 11, failed 7, pending 107; running 12                                    passed 11, failed 8, pending 107; running 11                                    

FAILURE  #9 run import mypy.checker

Traceback (most recent call last):
  File "<string>", line 1, in <module>
  File "/home/travis/build/python/mypy/mypy/checker.py", line 28, in <module>
    from mypy.typeanal import has_any_from_unimported_type, check_for_explicit_any
  File "/home/travis/build/python/mypy/mypy/typeanal.py", line 31, in <module>
    from mypy.plugin import Plugin, TypeAnalyzerPluginInterface, AnalyzeTypeContext
  File "/home/travis/build/python/mypy/mypy/plugin.py", line 7, in <module>
    import mypy.plugins.attrs
  File "/home/travis/build/python/mypy/mypy/plugins/attrs.py", line 74
    types: List[Type] = []
         ^
SyntaxError: invalid syntax

passed 11, failed 8, pending 106; running 12                                    passed 12, failed 8, pending 106; running 11                                    passed 12, failed 8, pending 105; running 12                                    passed 13, failed 8, pending 105; running 11                                    passed 13, failed 8, pending 104; running 12                                    passed 13, failed 9, pending 104; running 11                                    

FAILURE  #10 run import mypy.checkexpr

Traceback (most recent call last):
  File "<string>", line 1, in <module>
  File "/home/travis/build/python/mypy/mypy/checkexpr.py", line 7, in <module>
    from mypy.typeanal import has_any_from_unimported_type, check_for_explicit_any, set_any_tvars
  File "/home/travis/build/python/mypy/mypy/typeanal.py", line 31, in <module>
    from mypy.plugin import Plugin, TypeAnalyzerPluginInterface, AnalyzeTypeContext
  File "/home/travis/build/python/mypy/mypy/plugin.py", line 7, in <module>
    import mypy.plugins.attrs
  File "/home/travis/build/python/mypy/mypy/plugins/attrs.py", line 74
    types: List[Type] = []
         ^
SyntaxError: invalid syntax

passed 13, failed 9, pending 103; running 12                                    passed 14, failed 9, pending 103; running 11                                    passed 14, failed 9, pending 102; running 12                                    passed 14, failed 10, pending 102; running 11                                   

FAILURE  #16 run import mypy.dmypy_server

Traceback (most recent call last):
  File "<string>", line 1, in <module>
  File "/home/travis/build/python/mypy/mypy/dmypy_server.py", line 20, in <module>
    import mypy.build
  File "/home/travis/build/python/mypy/mypy/build.py", line 41, in <module>
    from mypy.semanal_pass1 import SemanticAnalyzerPass1
  File "/home/travis/build/python/mypy/mypy/semanal_pass1.py", line 30, in <module>
    from mypy.semanal import SemanticAnalyzerPass2, infer_reachability_of_if_statement
  File "/home/travis/build/python/mypy/mypy/semanal.py", line 74, in <module>
    from mypy.typeanal import (
  File "/home/travis/build/python/mypy/mypy/typeanal.py", line 31, in <module>
    from mypy.plugin import Plugin, TypeAnalyzerPluginInterface, AnalyzeTypeContext
  File "/home/travis/build/python/mypy/mypy/plugin.py", line 7, in <module>
    import mypy.plugins.attrs
  File "/home/travis/build/python/mypy/mypy/plugins/attrs.py", line 74
    types: List[Type] = []
         ^
SyntaxError: invalid syntax

passed 14, failed 10, pending 101; running 12                                   passed 15, failed 10, pending 101; running 11                                   passed 15, failed 10, pending 100; running 12                                   passed 16, failed 10, pending 100; running 11                                   passed 16, failed 10, pending 99; running 12                                    passed 17, failed 10, pending 99; running 11                                    passed 17, failed 10, pending 98; running 12                                    passed 18, failed 10, pending 98; running 11                                    passed 18, failed 10, pending 97; running 12                                    passed 19, failed 10, pending 97; running 11                                    passed 19, failed 10, pending 96; running 12                                    passed 20, failed 10, pending 96; running 11                                    passed 20, failed 10, pending 95; running 12                                    passed 21, failed 10, pending 95; running 11                                    passed 21, failed 10, pending 94; running 12                                    passed 22, failed 10, pending 94; running 11                                    passed 22, failed 10, pending 93; running 12                                    passed 23, failed 10, pending 93; running 11                                    passed 23, failed 10, pending 92; running 12                                    passed 24, failed 10, pending 92; running 11                                    passed 24, failed 10, pending 91; running 12                                    passed 25, failed 10, pending 91; running 11                                    passed 25, failed 10, pending 90; running 12                                    passed 26, failed 10, pending 90; running 11                                    passed 26, failed 10, pending 89; running 12                                    passed 27, failed 10, pending 89; running 11                                    passed 27, failed 10, pending 88; running 12                                    passed 27, failed 11, pending 88; running 11                                    

FAILURE  #25 run import mypy.find_sources

Traceback (most recent call last):
  File "<string>", line 1, in <module>
  File "/home/travis/build/python/mypy/mypy/find_sources.py", line 7, in <module>
    from mypy.build import BuildSource, PYTHON_EXTENSIONS
  File "/home/travis/build/python/mypy/mypy/build.py", line 41, in <module>
    from mypy.semanal_pass1 import SemanticAnalyzerPass1
  File "/home/travis/build/python/mypy/mypy/semanal_pass1.py", line 30, in <module>
    from mypy.semanal import SemanticAnalyzerPass2, infer_reachability_of_if_statement
  File "/home/travis/build/python/mypy/mypy/semanal.py", line 74, in <module>
    from mypy.typeanal import (
  File "/home/travis/build/python/mypy/mypy/typeanal.py", line 31, in <module>
    from mypy.plugin import Plugin, TypeAnalyzerPluginInterface, AnalyzeTypeContext
  File "/home/travis/build/python/mypy/mypy/plugin.py", line 7, in <module>
    import mypy.plugins.attrs
  File "/home/travis/build/python/mypy/mypy/plugins/attrs.py", line 74
    types: List[Type] = []
         ^
SyntaxError: invalid syntax

passed 27, failed 11, pending 87; running 12                                    passed 28, failed 11, pending 87; running 11                                    passed 28, failed 11, pending 86; running 12                                    passed 29, failed 11, pending 86; running 11                                    passed 29, failed 11, pending 85; running 12                                    passed 29, failed 12, pending 85; running 11                                    

FAILURE  #44 run import mypy.report

Traceback (most recent call last):
  File "<string>", line 1, in <module>
  File "/home/travis/build/python/mypy/mypy/report.py", line 21, in <module>
    from mypy import stats
  File "/home/travis/build/python/mypy/mypy/stats.py", line 11, in <module>
    from mypy.typeanal import collect_all_inner_types
  File "/home/travis/build/python/mypy/mypy/typeanal.py", line 31, in <module>
    from mypy.plugin import Plugin, TypeAnalyzerPluginInterface, AnalyzeTypeContext
  File "/home/travis/build/python/mypy/mypy/plugin.py", line 7, in <module>
    import mypy.plugins.attrs
  File "/home/travis/build/python/mypy/mypy/plugins/attrs.py", line 74
    types: List[Type] = []
         ^
SyntaxError: invalid syntax

passed 29, failed 12, pending 84; running 12                                    passed 30, failed 12, pending 84; running 11                                    passed 30, failed 12, pending 83; running 12                                    passed 30, failed 13, pending 83; running 11                                    

FAILURE  #50 run import mypy.semanal_newtype

Traceback (most recent call last):
  File "<string>", line 1, in <module>
  File "/home/travis/build/python/mypy/mypy/semanal_newtype.py", line 16, in <module>
    from mypy.typeanal import check_for_explicit_any, has_any_from_unimported_type
  File "/home/travis/build/python/mypy/mypy/typeanal.py", line 31, in <module>
    from mypy.plugin import Plugin, TypeAnalyzerPluginInterface, AnalyzeTypeContext
  File "/home/travis/build/python/mypy/mypy/plugin.py", line 7, in <module>
    import mypy.plugins.attrs
  File "/home/travis/build/python/mypy/mypy/plugins/attrs.py", line 74
    types: List[Type] = []
         ^
SyntaxError: invalid syntax

passed 30, failed 13, pending 82; running 12                                    passed 30, failed 14, pending 82; running 11                                    

FAILURE  #35 run import mypy.main

Traceback (most recent call last):
  File "<string>", line 1, in <module>
  File "/home/travis/build/python/mypy/mypy/main.py", line 14, in <module>
    from mypy import build
  File "/home/travis/build/python/mypy/mypy/build.py", line 41, in <module>
    from mypy.semanal_pass1 import SemanticAnalyzerPass1
  File "/home/travis/build/python/mypy/mypy/semanal_pass1.py", line 30, in <module>
    from mypy.semanal import SemanticAnalyzerPass2, infer_reachability_of_if_statement
  File "/home/travis/build/python/mypy/mypy/semanal.py", line 74, in <module>
    from mypy.typeanal import (
  File "/home/travis/build/python/mypy/mypy/typeanal.py", line 31, in <module>
    from mypy.plugin import Plugin, TypeAnalyzerPluginInterface, AnalyzeTypeContext
  File "/home/travis/build/python/mypy/mypy/plugin.py", line 7, in <module>
    import mypy.plugins.attrs
  File "/home/travis/build/python/mypy/mypy/plugins/attrs.py", line 74
    types: List[Type] = []
         ^
SyntaxError: invalid syntax

passed 30, failed 14, pending 81; running 12                                    passed 31, failed 14, pending 81; running 11                                    passed 31, failed 14, pending 80; running 12                                    passed 32, failed 14, pending 80; running 11                                    passed 32, failed 14, pending 79; running 12                                    passed 33, failed 14, pending 79; running 11                                    passed 33, failed 14, pending 78; running 12                                    passed 34, failed 14, pending 78; running 11                                    passed 34, failed 14, pending 77; running 12                                    passed 35, failed 14, pending 77; running 11                                    passed 35, failed 14, pending 76; running 12                                    passed 36, failed 14, pending 76; running 11                                    passed 36, failed 14, pending 75; running 12                                    passed 37, failed 14, pending 75; running 11                                    passed 37, failed 14, pending 74; running 12                                    passed 38, failed 14, pending 74; running 11                                    passed 38, failed 14, pending 73; running 12                                    passed 39, failed 14, pending 73; running 11                                    passed 39, failed 14, pending 72; running 12                                    passed 39, failed 15, pending 72; running 11                                    

FAILURE  #47 run import mypy.semanal

Traceback (most recent call last):
  File "<string>", line 1, in <module>
  File "/home/travis/build/python/mypy/mypy/semanal.py", line 74, in <module>
    from mypy.typeanal import (
  File "/home/travis/build/python/mypy/mypy/typeanal.py", line 31, in <module>
    from mypy.plugin import Plugin, TypeAnalyzerPluginInterface, AnalyzeTypeContext
  File "/home/travis/build/python/mypy/mypy/plugin.py", line 7, in <module>
    import mypy.plugins.attrs
  File "/home/travis/build/python/mypy/mypy/plugins/attrs.py", line 74
    types: List[Type] = []
         ^
SyntaxError: invalid syntax

passed 39, failed 15, pending 71; running 12                                    passed 40, failed 15, pending 71; running 11                                    passed 40, failed 15, pending 70; running 12                                    passed 40, failed 16, pending 70; running 11                                    

FAILURE  #58 run import mypy.stats

Traceback (most recent call last):
  File "<string>", line 1, in <module>
  File "/home/travis/build/python/mypy/mypy/stats.py", line 11, in <module>
    from mypy.typeanal import collect_all_inner_types
  File "/home/travis/build/python/mypy/mypy/typeanal.py", line 31, in <module>
    from mypy.plugin import Plugin, TypeAnalyzerPluginInterface, AnalyzeTypeContext
  File "/home/travis/build/python/mypy/mypy/plugin.py", line 7, in <module>
    import mypy.plugins.attrs
  File "/home/travis/build/python/mypy/mypy/plugins/attrs.py", line 74
    types: List[Type] = []
         ^
SyntaxError: invalid syntax

passed 40, failed 16, pending 69; running 12                                    passed 41, failed 16, pending 69; running 11                                    passed 41, failed 16, pending 68; running 12                                    passed 42, failed 16, pending 68; running 11                                    passed 42, failed 16, pending 67; running 12                                    passed 43, failed 16, pending 67; running 11                                    passed 43, failed 16, pending 66; running 12                                    passed 43, failed 17, pending 66; running 11                                    

FAILURE  #51 run import mypy.semanal_pass1

Traceback (most recent call last):
  File "<string>", line 1, in <module>
  File "/home/travis/build/python/mypy/mypy/semanal_pass1.py", line 30, in <module>
    from mypy.semanal import SemanticAnalyzerPass2, infer_reachability_of_if_statement
  File "/home/travis/build/python/mypy/mypy/semanal.py", line 74, in <module>
    from mypy.typeanal import (
  File "/home/travis/build/python/mypy/mypy/typeanal.py", line 31, in <module>
    from mypy.plugin import Plugin, TypeAnalyzerPluginInterface, AnalyzeTypeContext
  File "/home/travis/build/python/mypy/mypy/plugin.py", line 7, in <module>
    import mypy.plugins.attrs
  File "/home/travis/build/python/mypy/mypy/plugins/attrs.py", line 74
    types: List[Type] = []
         ^
SyntaxError: invalid syntax

passed 43, failed 17, pending 65; running 12                                    passed 43, failed 18, pending 65; running 11                                    

FAILURE  #52 run import mypy.semanal_pass3

Traceback (most recent call last):
  File "<string>", line 1, in <module>
  File "/home/travis/build/python/mypy/mypy/semanal_pass3.py", line 31, in <module>
    from mypy.typeanal import TypeAnalyserPass3, collect_any_types
  File "/home/travis/build/python/mypy/mypy/typeanal.py", line 31, in <module>
    from mypy.plugin import Plugin, TypeAnalyzerPluginInterface, AnalyzeTypeContext
  File "/home/travis/build/python/mypy/mypy/plugin.py", line 7, in <module>
    import mypy.plugins.attrs
  File "/home/travis/build/python/mypy/mypy/plugins/attrs.py", line 74
    types: List[Type] = []
         ^
SyntaxError: invalid syntax

passed 43, failed 18, pending 64; running 12                                    passed 44, failed 18, pending 64; running 11                                    passed 44, failed 18, pending 63; running 12                                    passed 44, failed 19, pending 63; running 11                                    

FAILURE  #54 run import mypy.semanal_typeddict

Traceback (most recent call last):
  File "<string>", line 1, in <module>
  File "/home/travis/build/python/mypy/mypy/semanal_typeddict.py", line 18, in <module>
    from mypy.typeanal import check_for_explicit_any, has_any_from_unimported_type
  File "/home/travis/build/python/mypy/mypy/typeanal.py", line 31, in <module>
    from mypy.plugin import Plugin, TypeAnalyzerPluginInterface, AnalyzeTypeContext
  File "/home/travis/build/python/mypy/mypy/plugin.py", line 7, in <module>
    import mypy.plugins.attrs
  File "/home/travis/build/python/mypy/mypy/plugins/attrs.py", line 74
    types: List[Type] = []
         ^
SyntaxError: invalid syntax

passed 44, failed 19, pending 62; running 12                                    passed 44, failed 20, pending 62; running 11                                    

FAILURE  #67 run import mypy.typeanal

Traceback (most recent call last):
  File "<string>", line 1, in <module>
  File "/home/travis/build/python/mypy/mypy/typeanal.py", line 31, in <module>
    from mypy.plugin import Plugin, TypeAnalyzerPluginInterface, AnalyzeTypeContext
  File "/home/travis/build/python/mypy/mypy/plugin.py", line 7, in <module>
    import mypy.plugins.attrs
  File "/home/travis/build/python/mypy/mypy/plugins/attrs.py", line 74
    types: List[Type] = []
         ^
SyntaxError: invalid syntax

passed 44, failed 20, pending 61; running 12                                    passed 45, failed 20, pending 61; running 11                                    passed 45, failed 20, pending 60; running 12                                    passed 46, failed 20, pending 60; running 11                                    passed 46, failed 20, pending 59; running 12                                    passed 47, failed 20, pending 59; running 11                                    passed 47, failed 20, pending 58; running 12                                    passed 48, failed 20, pending 58; running 11                                    passed 48, failed 20, pending 57; running 12                                    passed 49, failed 20, pending 57; running 11                                    passed 49, failed 20, pending 56; running 12                                    passed 49, failed 21, pending 56; running 11                                    

FAILURE  #74 run import mypy.plugin

Traceback (most recent call last):
  File "<string>", line 1, in <module>
  File "/home/travis/build/python/mypy/mypy/plugin.py", line 7, in <module>
    import mypy.plugins.attrs
  File "/home/travis/build/python/mypy/mypy/plugins/attrs.py", line 74
    types: List[Type] = []
         ^
SyntaxError: invalid syntax

passed 49, failed 21, pending 55; running 12                                    passed 49, failed 22, pending 55; running 11                                    

FAILURE  #76 run import mypy.plugins.attrs

Traceback (most recent call last):
  File "<string>", line 1, in <module>
  File "/home/travis/build/python/mypy/mypy/plugins/attrs.py", line 74
    types: List[Type] = []
         ^
SyntaxError: invalid syntax

passed 49, failed 22, pending 54; running 12                                    passed 50, failed 22, pending 54; running 11                                    passed 50, failed 22, pending 53; running 12                                    passed 51, failed 22, pending 53; running 11                                    passed 51, failed 22, pending 52; running 12                                    passed 51, failed 23, pending 52; running 11                                    

FAILURE  #60 run import mypy.stubgen

Traceback (most recent call last):
  File "<string>", line 1, in <module>
  File "/home/travis/build/python/mypy/mypy/stubgen.py", line 54, in <module>
    import mypy.build
  File "/home/travis/build/python/mypy/mypy/build.py", line 41, in <module>
    from mypy.semanal_pass1 import SemanticAnalyzerPass1
  File "/home/travis/build/python/mypy/mypy/semanal_pass1.py", line 30, in <module>
    from mypy.semanal import SemanticAnalyzerPass2, infer_reachability_of_if_statement
  File "/home/travis/build/python/mypy/mypy/semanal.py", line 74, in <module>
    from mypy.typeanal import (
  File "/home/travis/build/python/mypy/mypy/typeanal.py", line 31, in <module>
    from mypy.plugin import Plugin, TypeAnalyzerPluginInterface, AnalyzeTypeContext
  File "/home/travis/build/python/mypy/mypy/plugin.py", line 7, in <module>
    import mypy.plugins.attrs
  File "/home/travis/build/python/mypy/mypy/plugins/attrs.py", line 74
    types: List[Type] = []
         ^
SyntaxError: invalid syntax

passed 51, failed 23, pending 51; running 12                                    passed 52, failed 23, pending 51; running 11                                    passed 52, failed 23, pending 50; running 12                                    passed 53, failed 23, pending 50; running 11                                    passed 53, failed 23, pending 49; running 12                                    passed 54, failed 23, pending 49; running 11                                    passed 54, failed 23, pending 48; running 12                                    passed 55, failed 23, pending 48; running 11                                    passed 55, failed 23, pending 47; running 12                                    passed 56, failed 23, pending 47; running 11                                    passed 56, failed 23, pending 46; running 12                                    passed 57, failed 23, pending 46; running 11                                    passed 57, failed 23, pending 45; running 12                                    passed 58, failed 23, pending 45; running 11                                    passed 58, failed 23, pending 44; running 12                                    passed 59, failed 23, pending 44; running 11                                    passed 59, failed 23, pending 43; running 12                                    passed 60, failed 23, pending 43; running 11                                    passed 60, failed 23, pending 42; running 12                                    passed 61, failed 23, pending 42; running 11                                    passed 61, failed 23, pending 41; running 12                                    passed 62, failed 23, pending 41; running 11                                    passed 62, failed 23, pending 40; running 12                                    passed 62, failed 24, pending 40; running 11                                    

FAILURE  #87 run import mypy.server.update

Traceback (most recent call last):
  File "<string>", line 1, in <module>
  File "/home/travis/build/python/mypy/mypy/server/update.py", line 122, in <module>
    from mypy.build import (
  File "/home/travis/build/python/mypy/mypy/build.py", line 41, in <module>
    from mypy.semanal_pass1 import SemanticAnalyzerPass1
  File "/home/travis/build/python/mypy/mypy/semanal_pass1.py", line 30, in <module>
    from mypy.semanal import SemanticAnalyzerPass2, infer_reachability_of_if_statement
  File "/home/travis/build/python/mypy/mypy/semanal.py", line 74, in <module>
    from mypy.typeanal import (
  File "/home/travis/build/python/mypy/mypy/typeanal.py", line 31, in <module>
    from mypy.plugin import Plugin, TypeAnalyzerPluginInterface, AnalyzeTypeContext
  File "/home/travis/build/python/mypy/mypy/plugin.py", line 7, in <module>
    import mypy.plugins.attrs
  File "/home/travis/build/python/mypy/mypy/plugins/attrs.py", line 74
    types: List[Type] = []
         ^
SyntaxError: invalid syntax

passed 62, failed 24, pending 39; running 12                                    passed 63, failed 24, pending 39; running 11                                    passed 63, failed 24, pending 38; running 12                                    passed 64, failed 24, pending 38; running 11                                    passed 64, failed 24, pending 37; running 12                                    passed 65, failed 24, pending 37; running 11                                    passed 65, failed 24, pending 36; running 12                                    passed 65, failed 25, pending 36; running 11                                    

FAILURE  #96 run import mypy.test.testdeps

Traceback (most recent call last):
  File "<string>", line 1, in <module>
  File "/home/travis/build/python/mypy/mypy/test/testdeps.py", line 10, in <module>
    from mypy import build, defaults
  File "/home/travis/build/python/mypy/mypy/build.py", line 41, in <module>
    from mypy.semanal_pass1 import SemanticAnalyzerPass1
  File "/home/travis/build/python/mypy/mypy/semanal_pass1.py", line 30, in <module>
    from mypy.semanal import SemanticAnalyzerPass2, infer_reachability_of_if_statement
  File "/home/travis/build/python/mypy/mypy/semanal.py", line 74, in <module>
    from mypy.typeanal import (
  File "/home/travis/build/python/mypy/mypy/typeanal.py", line 31, in <module>
    from mypy.plugin import Plugin, TypeAnalyzerPluginInterface, AnalyzeTypeContext
  File "/home/travis/build/python/mypy/mypy/plugin.py", line 7, in <module>
    import mypy.plugins.attrs
  File "/home/travis/build/python/mypy/mypy/plugins/attrs.py", line 74
    types: List[Type] = []
         ^
SyntaxError: invalid syntax

passed 65, failed 25, pending 35; running 12                                    passed 66, failed 25, pending 35; running 11                                    passed 66, failed 25, pending 34; running 12                                    passed 66, failed 26, pending 34; running 11                                    

FAILURE  #81 run import mypy.server.deps

Traceback (most recent call last):
  File "<string>", line 1, in <module>
  File "/home/travis/build/python/mypy/mypy/server/deps.py", line 88, in <module>
    from mypy.checkmember import bind_self
  File "/home/travis/build/python/mypy/mypy/checkmember.py", line 20, in <module>
    from mypy.plugin import Plugin, AttributeContext
  File "/home/travis/build/python/mypy/mypy/plugin.py", line 7, in <module>
    import mypy.plugins.attrs
  File "/home/travis/build/python/mypy/mypy/plugins/attrs.py", line 74
    types: List[Type] = []
         ^
SyntaxError: invalid syntax

passed 66, failed 26, pending 33; running 12                                    passed 66, failed 27, pending 33; running 11                                    

FAILURE  #101 run import mypy.test.testfinegrainedcache

Traceback (most recent call last):
  File "<string>", line 1, in <module>
  File "/home/travis/build/python/mypy/mypy/test/testfinegrainedcache.py", line 8, in <module>
    import mypy.test.testfinegrained
  File "/home/travis/build/python/mypy/mypy/test/testfinegrained.py", line 15, in <module>
    from mypy import build
  File "/home/travis/build/python/mypy/mypy/build.py", line 41, in <module>
    from mypy.semanal_pass1 import SemanticAnalyzerPass1
  File "/home/travis/build/python/mypy/mypy/semanal_pass1.py", line 30, in <module>
    from mypy.semanal import SemanticAnalyzerPass2, infer_reachability_of_if_statement
  File "/home/travis/build/python/mypy/mypy/semanal.py", line 74, in <module>
    from mypy.typeanal import (
  File "/home/travis/build/python/mypy/mypy/typeanal.py", line 31, in <module>
    from mypy.plugin import Plugin, TypeAnalyzerPluginInterface, AnalyzeTypeContext
  File "/home/travis/build/python/mypy/mypy/plugin.py", line 7, in <module>
    import mypy.plugins.attrs
  File "/home/travis/build/python/mypy/mypy/plugins/attrs.py", line 74
    types: List[Type] = []
         ^
SyntaxError: invalid syntax

passed 66, failed 27, pending 32; running 12                                    passed 66, failed 28, pending 32; running 11                                    

FAILURE  #100 run import mypy.test.testfinegrained

Traceback (most recent call last):
  File "<string>", line 1, in <module>
  File "/home/travis/build/python/mypy/mypy/test/testfinegrained.py", line 15, in <module>
    from mypy import build
  File "/home/travis/build/python/mypy/mypy/build.py", line 41, in <module>
    from mypy.semanal_pass1 import SemanticAnalyzerPass1
  File "/home/travis/build/python/mypy/mypy/semanal_pass1.py", line 30, in <module>
    from mypy.semanal import SemanticAnalyzerPass2, infer_reachability_of_if_statement
  File "/home/travis/build/python/mypy/mypy/semanal.py", line 74, in <module>
    from mypy.typeanal import (
  File "/home/travis/build/python/mypy/mypy/typeanal.py", line 31, in <module>
    from mypy.plugin import Plugin, TypeAnalyzerPluginInterface, AnalyzeTypeContext
  File "/home/travis/build/python/mypy/mypy/plugin.py", line 7, in <module>
    import mypy.plugins.attrs
  File "/home/travis/build/python/mypy/mypy/plugins/attrs.py", line 74
    types: List[Type] = []
         ^
SyntaxError: invalid syntax

passed 66, failed 28, pending 31; running 12                                    passed 67, failed 28, pending 31; running 11                                    passed 67, failed 28, pending 30; running 12                                    passed 68, failed 28, pending 30; running 11                                    passed 68, failed 28, pending 29; running 12                                    passed 68, failed 29, pending 29; running 11                                    

FAILURE  #104 run import mypy.test.testmerge

Traceback (most recent call last):
  File "<string>", line 1, in <module>
  File "/home/travis/build/python/mypy/mypy/test/testmerge.py", line 7, in <module>
    from mypy import build
  File "/home/travis/build/python/mypy/mypy/build.py", line 41, in <module>
    from mypy.semanal_pass1 import SemanticAnalyzerPass1
  File "/home/travis/build/python/mypy/mypy/semanal_pass1.py", line 30, in <module>
    from mypy.semanal import SemanticAnalyzerPass2, infer_reachability_of_if_statement
  File "/home/travis/build/python/mypy/mypy/semanal.py", line 74, in <module>
    from mypy.typeanal import (
  File "/home/travis/build/python/mypy/mypy/typeanal.py", line 31, in <module>
    from mypy.plugin import Plugin, TypeAnalyzerPluginInterface, AnalyzeTypeContext
  File "/home/travis/build/python/mypy/mypy/plugin.py", line 7, in <module>
    import mypy.plugins.attrs
  File "/home/travis/build/python/mypy/mypy/plugins/attrs.py", line 74
    types: List[Type] = []
         ^
SyntaxError: invalid syntax

passed 68, failed 29, pending 28; running 12                                    passed 68, failed 30, pending 28; running 11                                    

FAILURE  #94 run import mypy.test.testcheck

Traceback (most recent call last):
  File "<string>", line 1, in <module>
  File "/home/travis/build/python/mypy/mypy/test/testcheck.py", line 10, in <module>
    from mypy import build, defaults
  File "/home/travis/build/python/mypy/mypy/build.py", line 41, in <module>
    from mypy.semanal_pass1 import SemanticAnalyzerPass1
  File "/home/travis/build/python/mypy/mypy/semanal_pass1.py", line 30, in <module>
    from mypy.semanal import SemanticAnalyzerPass2, infer_reachability_of_if_statement
  File "/home/travis/build/python/mypy/mypy/semanal.py", line 74, in <module>
    from mypy.typeanal import (
  File "/home/travis/build/python/mypy/mypy/typeanal.py", line 31, in <module>
    from mypy.plugin import Plugin, TypeAnalyzerPluginInterface, AnalyzeTypeContext
  File "/home/travis/build/python/mypy/mypy/plugin.py", line 7, in <module>
    import mypy.plugins.attrs
  File "/home/travis/build/python/mypy/mypy/plugins/attrs.py", line 74
    types: List[Type] = []
         ^
SyntaxError: invalid syntax

passed 68, failed 30, pending 27; running 12                                    passed 68, failed 31, pending 27; running 11                                    

FAILURE  #97 run import mypy.test.testdiff

Traceback (most recent call last):
  File "<string>", line 1, in <module>
  File "/home/travis/build/python/mypy/mypy/test/testdiff.py", line 6, in <module>
    from mypy import build
  File "/home/travis/build/python/mypy/mypy/build.py", line 41, in <module>
    from mypy.semanal_pass1 import SemanticAnalyzerPass1
  File "/home/travis/build/python/mypy/mypy/semanal_pass1.py", line 30, in <module>
    from mypy.semanal import SemanticAnalyzerPass2, infer_reachability_of_if_statement
  File "/home/travis/build/python/mypy/mypy/semanal.py", line 74, in <module>
    from mypy.typeanal import (
  File "/home/travis/build/python/mypy/mypy/typeanal.py", line 31, in <module>
    from mypy.plugin import Plugin, TypeAnalyzerPluginInterface, AnalyzeTypeContext
  File "/home/travis/build/python/mypy/mypy/plugin.py", line 7, in <module>
    import mypy.plugins.attrs
  File "/home/travis/build/python/mypy/mypy/plugins/attrs.py", line 74
    types: List[Type] = []
         ^
SyntaxError: invalid syntax

passed 68, failed 31, pending 26; running 12                                    passed 68, failed 32, pending 26; running 11                                    

FAILURE  #98 run import mypy.test.testerrorstream

Traceback (most recent call last):
  File "<string>", line 1, in <module>
  File "/home/travis/build/python/mypy/mypy/test/testerrorstream.py", line 6, in <module>
    from mypy import defaults, build
  File "/home/travis/build/python/mypy/mypy/build.py", line 41, in <module>
    from mypy.semanal_pass1 import SemanticAnalyzerPass1
  File "/home/travis/build/python/mypy/mypy/semanal_pass1.py", line 30, in <module>
    from mypy.semanal import SemanticAnalyzerPass2, infer_reachability_of_if_statement
  File "/home/travis/build/python/mypy/mypy/semanal.py", line 74, in <module>
    from mypy.typeanal import (
  File "/home/travis/build/python/mypy/mypy/typeanal.py", line 31, in <module>
    from mypy.plugin import Plugin, TypeAnalyzerPluginInterface, AnalyzeTypeContext
  File "/home/travis/build/python/mypy/mypy/plugin.py", line 7, in <module>
    import mypy.plugins.attrs
  File "/home/travis/build/python/mypy/mypy/plugins/attrs.py", line 74
    types: List[Type] = []
         ^
SyntaxError: invalid syntax

passed 68, failed 32, pending 25; running 12                                    passed 68, failed 33, pending 25; running 11                                    

FAILURE  #105 run import mypy.test.testmoduleinfo

Traceback (most recent call last):
  File "<string>", line 1, in <module>
  File "/home/travis/build/python/mypy/mypy/test/testmoduleinfo.py", line 2, in <module>
    from mypy.test.helpers import assert_true, assert_false, Suite
  File "/home/travis/build/python/mypy/mypy/test/helpers.py", line 19, in <module>
    from mypy.main import process_options
  File "/home/travis/build/python/mypy/mypy/main.py", line 14, in <module>
    from mypy import build
  File "/home/travis/build/python/mypy/mypy/build.py", line 41, in <module>
    from mypy.semanal_pass1 import SemanticAnalyzerPass1
  File "/home/travis/build/python/mypy/mypy/semanal_pass1.py", line 30, in <module>
    from mypy.semanal import SemanticAnalyzerPass2, infer_reachability_of_if_statement
  File "/home/travis/build/python/mypy/mypy/semanal.py", line 74, in <module>
    from mypy.typeanal import (
  File "/home/travis/build/python/mypy/mypy/typeanal.py", line 31, in <module>
    from mypy.plugin import Plugin, TypeAnalyzerPluginInterface, AnalyzeTypeContext
  File "/home/travis/build/python/mypy/mypy/plugin.py", line 7, in <module>
    import mypy.plugins.attrs
  File "/home/travis/build/python/mypy/mypy/plugins/attrs.py", line 74
    types: List[Type] = []
         ^
SyntaxError: invalid syntax

passed 68, failed 33, pending 24; running 12                                    passed 68, failed 34, pending 24; running 11                                    

FAILURE  #92 run import mypy.test.helpers

Traceback (most recent call last):
  File "<string>", line 1, in <module>
  File "/home/travis/build/python/mypy/mypy/test/helpers.py", line 19, in <module>
    from mypy.main import process_options
  File "/home/travis/build/python/mypy/mypy/main.py", line 14, in <module>
    from mypy import build
  File "/home/travis/build/python/mypy/mypy/build.py", line 41, in <module>
    from mypy.semanal_pass1 import SemanticAnalyzerPass1
  File "/home/travis/build/python/mypy/mypy/semanal_pass1.py", line 30, in <module>
    from mypy.semanal import SemanticAnalyzerPass2, infer_reachability_of_if_statement
  File "/home/travis/build/python/mypy/mypy/semanal.py", line 74, in <module>
    from mypy.typeanal import (
  File "/home/travis/build/python/mypy/mypy/typeanal.py", line 31, in <module>
    from mypy.plugin import Plugin, TypeAnalyzerPluginInterface, AnalyzeTypeContext
  File "/home/travis/build/python/mypy/mypy/plugin.py", line 7, in <module>
    import mypy.plugins.attrs
  File "/home/travis/build/python/mypy/mypy/plugins/attrs.py", line 74
    types: List[Type] = []
         ^
SyntaxError: invalid syntax

passed 68, failed 34, pending 23; running 12                                    passed 68, failed 35, pending 23; running 11                                    

FAILURE  #106 run import mypy.test.testparse

Traceback (most recent call last):
  File "<string>", line 1, in <module>
  File "/home/travis/build/python/mypy/mypy/test/testparse.py", line 4, in <module>
    from mypy.test.helpers import assert_string_arrays_equal
  File "/home/travis/build/python/mypy/mypy/test/helpers.py", line 19, in <module>
    from mypy.main import process_options
  File "/home/travis/build/python/mypy/mypy/main.py", line 14, in <module>
    from mypy import build
  File "/home/travis/build/python/mypy/mypy/build.py", line 41, in <module>
    from mypy.semanal_pass1 import SemanticAnalyzerPass1
  File "/home/travis/build/python/mypy/mypy/semanal_pass1.py", line 30, in <module>
    from mypy.semanal import SemanticAnalyzerPass2, infer_reachability_of_if_statement
  File "/home/travis/build/python/mypy/mypy/semanal.py", line 74, in <module>
    from mypy.typeanal import (
  File "/home/travis/build/python/mypy/mypy/typeanal.py", line 31, in <module>
    from mypy.plugin import Plugin, TypeAnalyzerPluginInterface, AnalyzeTypeContext
  File "/home/travis/build/python/mypy/mypy/plugin.py", line 7, in <module>
    import mypy.plugins.attrs
  File "/home/travis/build/python/mypy/mypy/plugins/attrs.py", line 74
    types: List[Type] = []
         ^
SyntaxError: invalid syntax

passed 68, failed 35, pending 22; running 12                                    passed 68, failed 36, pending 22; running 11                                    

FAILURE  #109 run import mypy.test.testreports

Traceback (most recent call last):
  File "<string>", line 1, in <module>
  File "/home/travis/build/python/mypy/mypy/test/testreports.py", line 4, in <module>
    from mypy.test.helpers import Suite, assert_equal
  File "/home/travis/build/python/mypy/mypy/test/helpers.py", line 19, in <module>
    from mypy.main import process_options
  File "/home/travis/build/python/mypy/mypy/main.py", line 14, in <module>
    from mypy import build
  File "/home/travis/build/python/mypy/mypy/build.py", line 41, in <module>
    from mypy.semanal_pass1 import SemanticAnalyzerPass1
  File "/home/travis/build/python/mypy/mypy/semanal_pass1.py", line 30, in <module>
    from mypy.semanal import SemanticAnalyzerPass2, infer_reachability_of_if_statement
  File "/home/travis/build/python/mypy/mypy/semanal.py", line 74, in <module>
    from mypy.typeanal import (
  File "/home/travis/build/python/mypy/mypy/typeanal.py", line 31, in <module>
    from mypy.plugin import Plugin, TypeAnalyzerPluginInterface, AnalyzeTypeContext
  File "/home/travis/build/python/mypy/mypy/plugin.py", line 7, in <module>
    import mypy.plugins.attrs
  File "/home/travis/build/python/mypy/mypy/plugins/attrs.py", line 74
    types: List[Type] = []
         ^
SyntaxError: invalid syntax

passed 68, failed 36, pending 21; running 12                                    passed 68, failed 37, pending 21; running 11                                    

FAILURE  #93 run import mypy.test.testargs

Traceback (most recent call last):
  File "<string>", line 1, in <module>
  File "/home/travis/build/python/mypy/mypy/test/testargs.py", line 12, in <module>
    from mypy.test.helpers import Suite, assert_equal
  File "/home/travis/build/python/mypy/mypy/test/helpers.py", line 19, in <module>
    from mypy.main import process_options
  File "/home/travis/build/python/mypy/mypy/main.py", line 14, in <module>
    from mypy import build
  File "/home/travis/build/python/mypy/mypy/build.py", line 41, in <module>
    from mypy.semanal_pass1 import SemanticAnalyzerPass1
  File "/home/travis/build/python/mypy/mypy/semanal_pass1.py", line 30, in <module>
    from mypy.semanal import SemanticAnalyzerPass2, infer_reachability_of_if_statement
  File "/home/travis/build/python/mypy/mypy/semanal.py", line 74, in <module>
    from mypy.typeanal import (
  File "/home/travis/build/python/mypy/mypy/typeanal.py", line 31, in <module>
    from mypy.plugin import Plugin, TypeAnalyzerPluginInterface, AnalyzeTypeContext
  File "/home/travis/build/python/mypy/mypy/plugin.py", line 7, in <module>
    import mypy.plugins.attrs
  File "/home/travis/build/python/mypy/mypy/plugins/attrs.py", line 74
    types: List[Type] = []
         ^
SyntaxError: invalid syntax

passed 68, failed 37, pending 20; running 12                                    passed 68, failed 38, pending 20; running 11                                    

FAILURE  #95 run import mypy.test.testcmdline

Traceback (most recent call last):
  File "<string>", line 1, in <module>
  File "/home/travis/build/python/mypy/mypy/test/testcmdline.py", line 17, in <module>
    from mypy.test.helpers import assert_string_arrays_equal, normalize_error_messages
  File "/home/travis/build/python/mypy/mypy/test/helpers.py", line 19, in <module>
    from mypy.main import process_options
  File "/home/travis/build/python/mypy/mypy/main.py", line 14, in <module>
    from mypy import build
  File "/home/travis/build/python/mypy/mypy/build.py", line 41, in <module>
    from mypy.semanal_pass1 import SemanticAnalyzerPass1
  File "/home/travis/build/python/mypy/mypy/semanal_pass1.py", line 30, in <module>
    from mypy.semanal import SemanticAnalyzerPass2, infer_reachability_of_if_statement
  File "/home/travis/build/python/mypy/mypy/semanal.py", line 74, in <module>
    from mypy.typeanal import (
  File "/home/travis/build/python/mypy/mypy/typeanal.py", line 31, in <module>
    from mypy.plugin import Plugin, TypeAnalyzerPluginInterface, AnalyzeTypeContext
  File "/home/travis/build/python/mypy/mypy/plugin.py", line 7, in <module>
    import mypy.plugins.attrs
  File "/home/travis/build/python/mypy/mypy/plugins/attrs.py", line 74
    types: List[Type] = []
         ^
SyntaxError: invalid syntax

passed 68, failed 38, pending 19; running 12                                    passed 68, failed 39, pending 19; running 11                                    

FAILURE  #108 run import mypy.test.testpythoneval

Traceback (most recent call last):
  File "<string>", line 1, in <module>
  File "/home/travis/build/python/mypy/mypy/test/testpythoneval.py", line 25, in <module>
    from mypy.test.helpers import assert_string_arrays_equal, run_command
  File "/home/travis/build/python/mypy/mypy/test/helpers.py", line 19, in <module>
    from mypy.main import process_options
  File "/home/travis/build/python/mypy/mypy/main.py", line 14, in <module>
    from mypy import build
  File "/home/travis/build/python/mypy/mypy/build.py", line 41, in <module>
    from mypy.semanal_pass1 import SemanticAnalyzerPass1
  File "/home/travis/build/python/mypy/mypy/semanal_pass1.py", line 30, in <module>
    from mypy.semanal import SemanticAnalyzerPass2, infer_reachability_of_if_statement
  File "/home/travis/build/python/mypy/mypy/semanal.py", line 74, in <module>
    from mypy.typeanal import (
  File "/home/travis/build/python/mypy/mypy/typeanal.py", line 31, in <module>
    from mypy.plugin import Plugin, TypeAnalyzerPluginInterface, AnalyzeTypeContext
  File "/home/travis/build/python/mypy/mypy/plugin.py", line 7, in <module>
    import mypy.plugins.attrs
  File "/home/travis/build/python/mypy/mypy/plugins/attrs.py", line 74
    types: List[Type] = []
         ^
SyntaxError: invalid syntax

passed 68, failed 39, pending 18; running 12                                    passed 68, failed 40, pending 18; running 11                                    

FAILURE  #103 run import mypy.test.testinfer

Traceback (most recent call last):
  File "<string>", line 1, in <module>
  File "/home/travis/build/python/mypy/mypy/test/testinfer.py", line 5, in <module>
    from mypy.test.helpers import Suite, assert_equal
  File "/home/travis/build/python/mypy/mypy/test/helpers.py", line 19, in <module>
    from mypy.main import process_options
  File "/home/travis/build/python/mypy/mypy/main.py", line 14, in <module>
    from mypy import build
  File "/home/travis/build/python/mypy/mypy/build.py", line 41, in <module>
    from mypy.semanal_pass1 import SemanticAnalyzerPass1
  File "/home/travis/build/python/mypy/mypy/semanal_pass1.py", line 30, in <module>
    from mypy.semanal import SemanticAnalyzerPass2, infer_reachability_of_if_statement
  File "/home/travis/build/python/mypy/mypy/semanal.py", line 74, in <module>
    from mypy.typeanal import (
  File "/home/travis/build/python/mypy/mypy/typeanal.py", line 31, in <module>
    from mypy.plugin import Plugin, TypeAnalyzerPluginInterface, AnalyzeTypeContext
  File "/home/travis/build/python/mypy/mypy/plugin.py", line 7, in <module>
    import mypy.plugins.attrs
  File "/home/travis/build/python/mypy/mypy/plugins/attrs.py", line 74
    types: List[Type] = []
         ^
SyntaxError: invalid syntax

passed 68, failed 40, pending 17; running 12                                    passed 69, failed 40, pending 17; running 11                                    passed 69, failed 40, pending 16; running 12                                    passed 69, failed 41, pending 16; running 11                                    

FAILURE  #102 run import mypy.test.testgraph

Traceback (most recent call last):
  File "<string>", line 1, in <module>
  File "/home/travis/build/python/mypy/mypy/test/testgraph.py", line 5, in <module>
    from mypy.test.helpers import assert_equal, Suite
  File "/home/travis/build/python/mypy/mypy/test/helpers.py", line 19, in <module>
    from mypy.main import process_options
  File "/home/travis/build/python/mypy/mypy/main.py", line 14, in <module>
    from mypy import build
  File "/home/travis/build/python/mypy/mypy/build.py", line 41, in <module>
    from mypy.semanal_pass1 import SemanticAnalyzerPass1
  File "/home/travis/build/python/mypy/mypy/semanal_pass1.py", line 30, in <module>
    from mypy.semanal import SemanticAnalyzerPass2, infer_reachability_of_if_statement
  File "/home/travis/build/python/mypy/mypy/semanal.py", line 74, in <module>
    from mypy.typeanal import (
  File "/home/travis/build/python/mypy/mypy/typeanal.py", line 31, in <module>
    from mypy.plugin import Plugin, TypeAnalyzerPluginInterface, AnalyzeTypeContext
  File "/home/travis/build/python/mypy/mypy/plugin.py", line 7, in <module>
    import mypy.plugins.attrs
  File "/home/travis/build/python/mypy/mypy/plugins/attrs.py", line 74
    types: List[Type] = []
         ^
SyntaxError: invalid syntax

passed 69, failed 41, pending 15; running 12                                    passed 69, failed 42, pending 15; running 11                                    

FAILURE  #113 run import mypy.test.testsubtypes

Traceback (most recent call last):
  File "<string>", line 1, in <module>
  File "/home/travis/build/python/mypy/mypy/test/testsubtypes.py", line 1, in <module>
    from mypy.test.helpers import Suite, assert_true, skip
  File "/home/travis/build/python/mypy/mypy/test/helpers.py", line 19, in <module>
    from mypy.main import process_options
  File "/home/travis/build/python/mypy/mypy/main.py", line 14, in <module>
    from mypy import build
  File "/home/travis/build/python/mypy/mypy/build.py", line 41, in <module>
    from mypy.semanal_pass1 import SemanticAnalyzerPass1
  File "/home/travis/build/python/mypy/mypy/semanal_pass1.py", line 30, in <module>
    from mypy.semanal import SemanticAnalyzerPass2, infer_reachability_of_if_statement
  File "/home/travis/build/python/mypy/mypy/semanal.py", line 74, in <module>
    from mypy.typeanal import (
  File "/home/travis/build/python/mypy/mypy/typeanal.py", line 31, in <module>
    from mypy.plugin import Plugin, TypeAnalyzerPluginInterface, AnalyzeTypeContext
  File "/home/travis/build/python/mypy/mypy/plugin.py", line 7, in <module>
    import mypy.plugins.attrs
  File "/home/travis/build/python/mypy/mypy/plugins/attrs.py", line 74
    types: List[Type] = []
         ^
SyntaxError: invalid syntax

passed 69, failed 42, pending 14; running 12                                    passed 69, failed 43, pending 14; running 11                                    

FAILURE  #107 run import mypy.test.testpep561

Traceback (most recent call last):
  File "<string>", line 1, in <module>
  File "/home/travis/build/python/mypy/mypy/test/testpep561.py", line 8, in <module>
    import mypy.api
  File "/home/travis/build/python/mypy/mypy/api.py", line 41, in <module>
    from mypy.main import main
  File "/home/travis/build/python/mypy/mypy/main.py", line 14, in <module>
    from mypy import build
  File "/home/travis/build/python/mypy/mypy/build.py", line 41, in <module>
    from mypy.semanal_pass1 import SemanticAnalyzerPass1
  File "/home/travis/build/python/mypy/mypy/semanal_pass1.py", line 30, in <module>
    from mypy.semanal import SemanticAnalyzerPass2, infer_reachability_of_if_statement
  File "/home/travis/build/python/mypy/mypy/semanal.py", line 74, in <module>
    from mypy.typeanal import (
  File "/home/travis/build/python/mypy/mypy/typeanal.py", line 31, in <module>
    from mypy.plugin import Plugin, TypeAnalyzerPluginInterface, AnalyzeTypeContext
  File "/home/travis/build/python/mypy/mypy/plugin.py", line 7, in <module>
    import mypy.plugins.attrs
  File "/home/travis/build/python/mypy/mypy/plugins/attrs.py", line 74
    types: List[Type] = []
         ^
SyntaxError: invalid syntax

passed 69, failed 43, pending 13; running 12                                    passed 69, failed 44, pending 13; running 11                                    

FAILURE  #122 check file test-data/samples/class.py

Traceback (most recent call last):
  File "/home/travis/build/python/mypy/scripts/mypy", line 4, in <module>
    from mypy.main import main
  File "/home/travis/build/python/mypy/mypy/main.py", line 14, in <module>
    from mypy import build
  File "/home/travis/build/python/mypy/mypy/build.py", line 41, in <module>
    from mypy.semanal_pass1 import SemanticAnalyzerPass1
  File "/home/travis/build/python/mypy/mypy/semanal_pass1.py", line 30, in <module>
    from mypy.semanal import SemanticAnalyzerPass2, infer_reachability_of_if_statement
  File "/home/travis/build/python/mypy/mypy/semanal.py", line 74, in <module>
    from mypy.typeanal import (
  File "/home/travis/build/python/mypy/mypy/typeanal.py", line 31, in <module>
    from mypy.plugin import Plugin, TypeAnalyzerPluginInterface, AnalyzeTypeContext
  File "/home/travis/build/python/mypy/mypy/plugin.py", line 7, in <module>
    import mypy.plugins.attrs
  File "/home/travis/build/python/mypy/mypy/plugins/attrs.py", line 74
    types: List[Type] = []
         ^
SyntaxError: invalid syntax

passed 69, failed 44, pending 12; running 12                                    passed 69, failed 45, pending 12; running 11                                    

FAILURE  #110 run import mypy.test.testsemanal

Traceback (most recent call last):
  File "<string>", line 1, in <module>
  File "/home/travis/build/python/mypy/mypy/test/testsemanal.py", line 7, in <module>
    from mypy import build
  File "/home/travis/build/python/mypy/mypy/build.py", line 41, in <module>
    from mypy.semanal_pass1 import SemanticAnalyzerPass1
  File "/home/travis/build/python/mypy/mypy/semanal_pass1.py", line 30, in <module>
    from mypy.semanal import SemanticAnalyzerPass2, infer_reachability_of_if_statement
  File "/home/travis/build/python/mypy/mypy/semanal.py", line 74, in <module>
    from mypy.typeanal import (
  File "/home/travis/build/python/mypy/mypy/typeanal.py", line 31, in <module>
    from mypy.plugin import Plugin, TypeAnalyzerPluginInterface, AnalyzeTypeContext
  File "/home/travis/build/python/mypy/mypy/plugin.py", line 7, in <module>
    import mypy.plugins.attrs
  File "/home/travis/build/python/mypy/mypy/plugins/attrs.py", line 74
    types: List[Type] = []
         ^
SyntaxError: invalid syntax

passed 69, failed 45, pending 11; running 12                                    passed 69, failed 46, pending 11; running 11                                    

FAILURE  #123 check file test-data/samples/cmdline.py

Traceback (most recent call last):
  File "/home/travis/build/python/mypy/scripts/mypy", line 4, in <module>
    from mypy.main import main
  File "/home/travis/build/python/mypy/mypy/main.py", line 14, in <module>
    from mypy import build
  File "/home/travis/build/python/mypy/mypy/build.py", line 41, in <module>
    from mypy.semanal_pass1 import SemanticAnalyzerPass1
  File "/home/travis/build/python/mypy/mypy/semanal_pass1.py", line 30, in <module>
    from mypy.semanal import SemanticAnalyzerPass2, infer_reachability_of_if_statement
  File "/home/travis/build/python/mypy/mypy/semanal.py", line 74, in <module>
    from mypy.typeanal import (
  File "/home/travis/build/python/mypy/mypy/typeanal.py", line 31, in <module>
    from mypy.plugin import Plugin, TypeAnalyzerPluginInterface, AnalyzeTypeContext
  File "/home/travis/build/python/mypy/mypy/plugin.py", line 7, in <module>
    import mypy.plugins.attrs
  File "/home/travis/build/python/mypy/mypy/plugins/attrs.py", line 74
    types: List[Type] = []
         ^
SyntaxError: invalid syntax

passed 69, failed 46, pending 10; running 12                                    passed 70, failed 46, pending 10; running 11                                    passed 70, failed 46, pending 9; running 12                                     passed 70, failed 47, pending 9; running 11                                     

FAILURE  #111 run import mypy.test.testsolve

Traceback (most recent call last):
  File "<string>", line 1, in <module>
  File "/home/travis/build/python/mypy/mypy/test/testsolve.py", line 5, in <module>
    from mypy.test.helpers import Suite, assert_equal
  File "/home/travis/build/python/mypy/mypy/test/helpers.py", line 19, in <module>
    from mypy.main import process_options
  File "/home/travis/build/python/mypy/mypy/main.py", line 14, in <module>
    from mypy import build
  File "/home/travis/build/python/mypy/mypy/build.py", line 41, in <module>
    from mypy.semanal_pass1 import SemanticAnalyzerPass1
  File "/home/travis/build/python/mypy/mypy/semanal_pass1.py", line 30, in <module>
    from mypy.semanal import SemanticAnalyzerPass2, infer_reachability_of_if_statement
  File "/home/travis/build/python/mypy/mypy/semanal.py", line 74, in <module>
    from mypy.typeanal import (
  File "/home/travis/build/python/mypy/mypy/typeanal.py", line 31, in <module>
    from mypy.plugin import Plugin, TypeAnalyzerPluginInterface, AnalyzeTypeContext
  File "/home/travis/build/python/mypy/mypy/plugin.py", line 7, in <module>
    import mypy.plugins.attrs
  File "/home/travis/build/python/mypy/mypy/plugins/attrs.py", line 74
    types: List[Type] = []
         ^
SyntaxError: invalid syntax

passed 70, failed 47, pending 8; running 12                                     passed 70, failed 48, pending 8; running 11                                     

FAILURE  #115 run import mypy.test.testtypegen

Traceback (most recent call last):
  File "<string>", line 1, in <module>
  File "/home/travis/build/python/mypy/mypy/test/testtypegen.py", line 7, in <module>
    from mypy import build
  File "/home/travis/build/python/mypy/mypy/build.py", line 41, in <module>
    from mypy.semanal_pass1 import SemanticAnalyzerPass1
  File "/home/travis/build/python/mypy/mypy/semanal_pass1.py", line 30, in <module>
    from mypy.semanal import SemanticAnalyzerPass2, infer_reachability_of_if_statement
  File "/home/travis/build/python/mypy/mypy/semanal.py", line 74, in <module>
    from mypy.typeanal import (
  File "/home/travis/build/python/mypy/mypy/typeanal.py", line 31, in <module>
    from mypy.plugin import Plugin, TypeAnalyzerPluginInterface, AnalyzeTypeContext
  File "/home/travis/build/python/mypy/mypy/plugin.py", line 7, in <module>
    import mypy.plugins.attrs
  File "/home/travis/build/python/mypy/mypy/plugins/attrs.py", line 74
    types: List[Type] = []
         ^
SyntaxError: invalid syntax

passed 70, failed 48, pending 7; running 12                                     passed 70, failed 49, pending 7; running 11                                     

FAILURE  #112 run import mypy.test.teststubgen

Traceback (most recent call last):
  File "<string>", line 1, in <module>
  File "/home/travis/build/python/mypy/mypy/test/teststubgen.py", line 11, in <module>
    from mypy.test.helpers import Suite, assert_equal, assert_string_arrays_equal
  File "/home/travis/build/python/mypy/mypy/test/helpers.py", line 19, in <module>
    from mypy.main import process_options
  File "/home/travis/build/python/mypy/mypy/main.py", line 14, in <module>
    from mypy import build
  File "/home/travis/build/python/mypy/mypy/build.py", line 41, in <module>
    from mypy.semanal_pass1 import SemanticAnalyzerPass1
  File "/home/travis/build/python/mypy/mypy/semanal_pass1.py", line 30, in <module>
    from mypy.semanal import SemanticAnalyzerPass2, infer_reachability_of_if_statement
  File "/home/travis/build/python/mypy/mypy/semanal.py", line 74, in <module>
    from mypy.typeanal import (
  File "/home/travis/build/python/mypy/mypy/typeanal.py", line 31, in <module>
    from mypy.plugin import Plugin, TypeAnalyzerPluginInterface, AnalyzeTypeContext
  File "/home/travis/build/python/mypy/mypy/plugin.py", line 7, in <module>
    import mypy.plugins.attrs
  File "/home/travis/build/python/mypy/mypy/plugins/attrs.py", line 74
    types: List[Type] = []
         ^
SyntaxError: invalid syntax

passed 70, failed 49, pending 6; running 12                                     passed 70, failed 50, pending 6; running 11                                     

FAILURE  #114 run import mypy.test.testtransform

Traceback (most recent call last):
  File "<string>", line 1, in <module>
  File "/home/travis/build/python/mypy/mypy/test/testtransform.py", line 6, in <module>
    from mypy import build
  File "/home/travis/build/python/mypy/mypy/build.py", line 41, in <module>
    from mypy.semanal_pass1 import SemanticAnalyzerPass1
  File "/home/travis/build/python/mypy/mypy/semanal_pass1.py", line 30, in <module>
    from mypy.semanal import SemanticAnalyzerPass2, infer_reachability_of_if_statement
  File "/home/travis/build/python/mypy/mypy/semanal.py", line 74, in <module>
    from mypy.typeanal import (
  File "/home/travis/build/python/mypy/mypy/typeanal.py", line 31, in <module>
    from mypy.plugin import Plugin, TypeAnalyzerPluginInterface, AnalyzeTypeContext
  File "/home/travis/build/python/mypy/mypy/plugin.py", line 7, in <module>
    import mypy.plugins.attrs
  File "/home/travis/build/python/mypy/mypy/plugins/attrs.py", line 74
    types: List[Type] = []
         ^
SyntaxError: invalid syntax

passed 70, failed 50, pending 5; running 12                                     passed 70, failed 51, pending 5; running 11                                     

FAILURE  #116 run import mypy.test.testtypes

Traceback (most recent call last):
  File "<string>", line 1, in <module>
  File "/home/travis/build/python/mypy/mypy/test/testtypes.py", line 5, in <module>
    from mypy.test.helpers import Suite, assert_equal, assert_true, assert_false, assert_type, skip
  File "/home/travis/build/python/mypy/mypy/test/helpers.py", line 19, in <module>
    from mypy.main import process_options
  File "/home/travis/build/python/mypy/mypy/main.py", line 14, in <module>
    from mypy import build
  File "/home/travis/build/python/mypy/mypy/build.py", line 41, in <module>
    from mypy.semanal_pass1 import SemanticAnalyzerPass1
  File "/home/travis/build/python/mypy/mypy/semanal_pass1.py", line 30, in <module>
    from mypy.semanal import SemanticAnalyzerPass2, infer_reachability_of_if_statement
  File "/home/travis/build/python/mypy/mypy/semanal.py", line 74, in <module>
    from mypy.typeanal import (
  File "/home/travis/build/python/mypy/mypy/typeanal.py", line 31, in <module>
    from mypy.plugin import Plugin, TypeAnalyzerPluginInterface, AnalyzeTypeContext
  File "/home/travis/build/python/mypy/mypy/plugin.py", line 7, in <module>
    import mypy.plugins.attrs
  File "/home/travis/build/python/mypy/mypy/plugins/attrs.py", line 74
    types: List[Type] = []
         ^
SyntaxError: invalid syntax

passed 70, failed 51, pending 4; running 12                                     passed 70, failed 52, pending 4; running 11                                     

FAILURE  #121 check file test-data/samples/bottles.py

Traceback (most recent call last):
  File "/home/travis/build/python/mypy/scripts/mypy", line 4, in <module>
    from mypy.main import main
  File "/home/travis/build/python/mypy/mypy/main.py", line 14, in <module>
    from mypy import build
  File "/home/travis/build/python/mypy/mypy/build.py", line 41, in <module>
    from mypy.semanal_pass1 import SemanticAnalyzerPass1
  File "/home/travis/build/python/mypy/mypy/semanal_pass1.py", line 30, in <module>
    from mypy.semanal import SemanticAnalyzerPass2, infer_reachability_of_if_statement
  File "/home/travis/build/python/mypy/mypy/semanal.py", line 74, in <module>
    from mypy.typeanal import (
  File "/home/travis/build/python/mypy/mypy/typeanal.py", line 31, in <module>
    from mypy.plugin import Plugin, TypeAnalyzerPluginInterface, AnalyzeTypeContext
  File "/home/travis/build/python/mypy/mypy/plugin.py", line 7, in <module>
    import mypy.plugins.attrs
  File "/home/travis/build/python/mypy/mypy/plugins/attrs.py", line 74
    types: List[Type] = []
         ^
SyntaxError: invalid syntax

passed 70, failed 52, pending 3; running 12                                     passed 70, failed 53, pending 3; running 11                                     

FAILURE  #119 check stubs

Traceback (most recent call last):
  File "/home/travis/build/python/mypy/scripts/mypy", line 4, in <module>
    from mypy.main import main
  File "/home/travis/build/python/mypy/mypy/main.py", line 14, in <module>
    from mypy import build
  File "/home/travis/build/python/mypy/mypy/build.py", line 41, in <module>
    from mypy.semanal_pass1 import SemanticAnalyzerPass1
  File "/home/travis/build/python/mypy/mypy/semanal_pass1.py", line 30, in <module>
    from mypy.semanal import SemanticAnalyzerPass2, infer_reachability_of_if_statement
  File "/home/travis/build/python/mypy/mypy/semanal.py", line 74, in <module>
    from mypy.typeanal import (
  File "/home/travis/build/python/mypy/mypy/typeanal.py", line 31, in <module>
    from mypy.plugin import Plugin, TypeAnalyzerPluginInterface, AnalyzeTypeContext
  File "/home/travis/build/python/mypy/mypy/plugin.py", line 7, in <module>
    import mypy.plugins.attrs
  File "/home/travis/build/python/mypy/mypy/plugins/attrs.py", line 74
    types: List[Type] = []
         ^
SyntaxError: invalid syntax

passed 70, failed 53, pending 2; running 12                                     passed 70, failed 54, pending 2; running 11                                     

FAILURE  #120 check stdlibsamples (3.2)

Traceback (most recent call last):
  File "/home/travis/build/python/mypy/scripts/mypy", line 4, in <module>
    from mypy.main import main
  File "/home/travis/build/python/mypy/mypy/main.py", line 14, in <module>
    from mypy import build
  File "/home/travis/build/python/mypy/mypy/build.py", line 41, in <module>
    from mypy.semanal_pass1 import SemanticAnalyzerPass1
  File "/home/travis/build/python/mypy/mypy/semanal_pass1.py", line 30, in <module>
    from mypy.semanal import SemanticAnalyzerPass2, infer_reachability_of_if_statement
  File "/home/travis/build/python/mypy/mypy/semanal.py", line 74, in <module>
    from mypy.typeanal import (
  File "/home/travis/build/python/mypy/mypy/typeanal.py", line 31, in <module>
    from mypy.plugin import Plugin, TypeAnalyzerPluginInterface, AnalyzeTypeContext
  File "/home/travis/build/python/mypy/mypy/plugin.py", line 7, in <module>
    import mypy.plugins.attrs
  File "/home/travis/build/python/mypy/mypy/plugins/attrs.py", line 74
    types: List[Type] = []
         ^
SyntaxError: invalid syntax

passed 70, failed 54, pending 1; running 12                                     passed 70, failed 55, pending 1; running 11                                     

FAILURE  #130 check file test-data/samples/generators.py

Traceback (most recent call last):
  File "/home/travis/build/python/mypy/scripts/mypy", line 4, in <module>
    from mypy.main import main
  File "/home/travis/build/python/mypy/mypy/main.py", line 14, in <module>
    from mypy import build
  File "/home/travis/build/python/mypy/mypy/build.py", line 41, in <module>
    from mypy.semanal_pass1 import SemanticAnalyzerPass1
  File "/home/travis/build/python/mypy/mypy/semanal_pass1.py", line 30, in <module>
    from mypy.semanal import SemanticAnalyzerPass2, infer_reachability_of_if_statement
  File "/home/travis/build/python/mypy/mypy/semanal.py", line 74, in <module>
    from mypy.typeanal import (
  File "/home/travis/build/python/mypy/mypy/typeanal.py", line 31, in <module>
    from mypy.plugin import Plugin, TypeAnalyzerPluginInterface, AnalyzeTypeContext
  File "/home/travis/build/python/mypy/mypy/plugin.py", line 7, in <module>
    import mypy.plugins.attrs
  File "/home/travis/build/python/mypy/mypy/plugins/attrs.py", line 74
    types: List[Type] = []
         ^
SyntaxError: invalid syntax

passed 70, failed 55, pending 0; running 12                                     passed 70, failed 56, pending 0; running 11                                     

FAILURE  #128 check file test-data/samples/files.py

Traceback (most recent call last):
  File "/home/travis/build/python/mypy/scripts/mypy", line 4, in <module>
    from mypy.main import main
  File "/home/travis/build/python/mypy/mypy/main.py", line 14, in <module>
    from mypy import build
  File "/home/travis/build/python/mypy/mypy/build.py", line 41, in <module>
    from mypy.semanal_pass1 import SemanticAnalyzerPass1
  File "/home/travis/build/python/mypy/mypy/semanal_pass1.py", line 30, in <module>
    from mypy.semanal import SemanticAnalyzerPass2, infer_reachability_of_if_statement
  File "/home/travis/build/python/mypy/mypy/semanal.py", line 74, in <module>
    from mypy.typeanal import (
  File "/home/travis/build/python/mypy/mypy/typeanal.py", line 31, in <module>
    from mypy.plugin import Plugin, TypeAnalyzerPluginInterface, AnalyzeTypeContext
  File "/home/travis/build/python/mypy/mypy/plugin.py", line 7, in <module>
    import mypy.plugins.attrs
  File "/home/travis/build/python/mypy/mypy/plugins/attrs.py", line 74
    types: List[Type] = []
         ^
SyntaxError: invalid syntax

passed 70, failed 57, pending 0; running 10                                     

FAILURE  #124 check file test-data/samples/crawl.py

Traceback (most recent call last):
  File "/home/travis/build/python/mypy/scripts/mypy", line 4, in <module>
    from mypy.main import main
  File "/home/travis/build/python/mypy/mypy/main.py", line 14, in <module>
    from mypy import build
  File "/home/travis/build/python/mypy/mypy/build.py", line 41, in <module>
    from mypy.semanal_pass1 import SemanticAnalyzerPass1
  File "/home/travis/build/python/mypy/mypy/semanal_pass1.py", line 30, in <module>
    from mypy.semanal import SemanticAnalyzerPass2, infer_reachability_of_if_statement
  File "/home/travis/build/python/mypy/mypy/semanal.py", line 74, in <module>
    from mypy.typeanal import (
  File "/home/travis/build/python/mypy/mypy/typeanal.py", line 31, in <module>
    from mypy.plugin import Plugin, TypeAnalyzerPluginInterface, AnalyzeTypeContext
  File "/home/travis/build/python/mypy/mypy/plugin.py", line 7, in <module>
    import mypy.plugins.attrs
  File "/home/travis/build/python/mypy/mypy/plugins/attrs.py", line 74
    types: List[Type] = []
         ^
SyntaxError: invalid syntax

passed 70, failed 58, pending 0; running 9                                      

FAILURE  #125 check file test-data/samples/crawl2.py

Traceback (most recent call last):
  File "/home/travis/build/python/mypy/scripts/mypy", line 4, in <module>
    from mypy.main import main
  File "/home/travis/build/python/mypy/mypy/main.py", line 14, in <module>
    from mypy import build
  File "/home/travis/build/python/mypy/mypy/build.py", line 41, in <module>
    from mypy.semanal_pass1 import SemanticAnalyzerPass1
  File "/home/travis/build/python/mypy/mypy/semanal_pass1.py", line 30, in <module>
    from mypy.semanal import SemanticAnalyzerPass2, infer_reachability_of_if_statement
  File "/home/travis/build/python/mypy/mypy/semanal.py", line 74, in <module>
    from mypy.typeanal import (
  File "/home/travis/build/python/mypy/mypy/typeanal.py", line 31, in <module>
    from mypy.plugin import Plugin, TypeAnalyzerPluginInterface, AnalyzeTypeContext
  File "/home/travis/build/python/mypy/mypy/plugin.py", line 7, in <module>
    import mypy.plugins.attrs
  File "/home/travis/build/python/mypy/mypy/plugins/attrs.py", line 74
    types: List[Type] = []
         ^
SyntaxError: invalid syntax

passed 70, failed 59, pending 0; running 8                                      

FAILURE  #136 check file test-data/samples/regexp.py

Traceback (most recent call last):
  File "/home/travis/build/python/mypy/scripts/mypy", line 4, in <module>
    from mypy.main import main
  File "/home/travis/build/python/mypy/mypy/main.py", line 14, in <module>
    from mypy import build
  File "/home/travis/build/python/mypy/mypy/build.py", line 41, in <module>
    from mypy.semanal_pass1 import SemanticAnalyzerPass1
  File "/home/travis/build/python/mypy/mypy/semanal_pass1.py", line 30, in <module>
    from mypy.semanal import SemanticAnalyzerPass2, infer_reachability_of_if_statement
  File "/home/travis/build/python/mypy/mypy/semanal.py", line 74, in <module>
    from mypy.typeanal import (
  File "/home/travis/build/python/mypy/mypy/typeanal.py", line 31, in <module>
    from mypy.plugin import Plugin, TypeAnalyzerPluginInterface, AnalyzeTypeContext
  File "/home/travis/build/python/mypy/mypy/plugin.py", line 7, in <module>
    import mypy.plugins.attrs
  File "/home/travis/build/python/mypy/mypy/plugins/attrs.py", line 74
    types: List[Type] = []
         ^
SyntaxError: invalid syntax

passed 70, failed 60, pending 0; running 7                                      

FAILURE  #126 check file test-data/samples/dict.py

Traceback (most recent call last):
  File "/home/travis/build/python/mypy/scripts/mypy", line 4, in <module>
    from mypy.main import main
  File "/home/travis/build/python/mypy/mypy/main.py", line 14, in <module>
    from mypy import build
  File "/home/travis/build/python/mypy/mypy/build.py", line 41, in <module>
    from mypy.semanal_pass1 import SemanticAnalyzerPass1
  File "/home/travis/build/python/mypy/mypy/semanal_pass1.py", line 30, in <module>
    from mypy.semanal import SemanticAnalyzerPass2, infer_reachability_of_if_statement
  File "/home/travis/build/python/mypy/mypy/semanal.py", line 74, in <module>
    from mypy.typeanal import (
  File "/home/travis/build/python/mypy/mypy/typeanal.py", line 31, in <module>
    from mypy.plugin import Plugin, TypeAnalyzerPluginInterface, AnalyzeTypeContext
  File "/home/travis/build/python/mypy/mypy/plugin.py", line 7, in <module>
    import mypy.plugins.attrs
  File "/home/travis/build/python/mypy/mypy/plugins/attrs.py", line 74
    types: List[Type] = []
         ^
SyntaxError: invalid syntax

passed 70, failed 61, pending 0; running 6                                      

FAILURE  #127 check file test-data/samples/fib.py

Traceback (most recent call last):
  File "/home/travis/build/python/mypy/scripts/mypy", line 4, in <module>
    from mypy.main import main
  File "/home/travis/build/python/mypy/mypy/main.py", line 14, in <module>
    from mypy import build
  File "/home/travis/build/python/mypy/mypy/build.py", line 41, in <module>
    from mypy.semanal_pass1 import SemanticAnalyzerPass1
  File "/home/travis/build/python/mypy/mypy/semanal_pass1.py", line 30, in <module>
    from mypy.semanal import SemanticAnalyzerPass2, infer_reachability_of_if_statement
  File "/home/travis/build/python/mypy/mypy/semanal.py", line 74, in <module>
    from mypy.typeanal import (
  File "/home/travis/build/python/mypy/mypy/typeanal.py", line 31, in <module>
    from mypy.plugin import Plugin, TypeAnalyzerPluginInterface, AnalyzeTypeContext
  File "/home/travis/build/python/mypy/mypy/plugin.py", line 7, in <module>
    import mypy.plugins.attrs
  File "/home/travis/build/python/mypy/mypy/plugins/attrs.py", line 74
    types: List[Type] = []
         ^
SyntaxError: invalid syntax

passed 70, failed 62, pending 0; running 5                                      

FAILURE  #133 check file test-data/samples/hello.py

Traceback (most recent call last):
  File "/home/travis/build/python/mypy/scripts/mypy", line 4, in <module>
    from mypy.main import main
  File "/home/travis/build/python/mypy/mypy/main.py", line 14, in <module>
    from mypy import build
  File "/home/travis/build/python/mypy/mypy/build.py", line 41, in <module>
    from mypy.semanal_pass1 import SemanticAnalyzerPass1
  File "/home/travis/build/python/mypy/mypy/semanal_pass1.py", line 30, in <module>
    from mypy.semanal import SemanticAnalyzerPass2, infer_reachability_of_if_statement
  File "/home/travis/build/python/mypy/mypy/semanal.py", line 74, in <module>
    from mypy.typeanal import (
  File "/home/travis/build/python/mypy/mypy/typeanal.py", line 31, in <module>
    from mypy.plugin import Plugin, TypeAnalyzerPluginInterface, AnalyzeTypeContext
  File "/home/travis/build/python/mypy/mypy/plugin.py", line 7, in <module>
    import mypy.plugins.attrs
  File "/home/travis/build/python/mypy/mypy/plugins/attrs.py", line 74
    types: List[Type] = []
         ^
SyntaxError: invalid syntax

passed 70, failed 63, pending 0; running 4                                      

FAILURE  #129 check file test-data/samples/for.py

Traceback (most recent call last):
  File "/home/travis/build/python/mypy/scripts/mypy", line 4, in <module>
    from mypy.main import main
  File "/home/travis/build/python/mypy/mypy/main.py", line 14, in <module>
    from mypy import build
  File "/home/travis/build/python/mypy/mypy/build.py", line 41, in <module>
    from mypy.semanal_pass1 import SemanticAnalyzerPass1
  File "/home/travis/build/python/mypy/mypy/semanal_pass1.py", line 30, in <module>
    from mypy.semanal import SemanticAnalyzerPass2, infer_reachability_of_if_statement
  File "/home/travis/build/python/mypy/mypy/semanal.py", line 74, in <module>
    from mypy.typeanal import (
  File "/home/travis/build/python/mypy/mypy/typeanal.py", line 31, in <module>
    from mypy.plugin import Plugin, TypeAnalyzerPluginInterface, AnalyzeTypeContext
  File "/home/travis/build/python/mypy/mypy/plugin.py", line 7, in <module>
    import mypy.plugins.attrs
  File "/home/travis/build/python/mypy/mypy/plugins/attrs.py", line 74
    types: List[Type] = []
         ^
SyntaxError: invalid syntax

passed 70, failed 64, pending 0; running 3                                      

FAILURE  #132 check file test-data/samples/guess.py

Traceback (most recent call last):
  File "/home/travis/build/python/mypy/scripts/mypy", line 4, in <module>
    from mypy.main import main
  File "/home/travis/build/python/mypy/mypy/main.py", line 14, in <module>
    from mypy import build
  File "/home/travis/build/python/mypy/mypy/build.py", line 41, in <module>
    from mypy.semanal_pass1 import SemanticAnalyzerPass1
  File "/home/travis/build/python/mypy/mypy/semanal_pass1.py", line 30, in <module>
    from mypy.semanal import SemanticAnalyzerPass2, infer_reachability_of_if_statement
  File "/home/travis/build/python/mypy/mypy/semanal.py", line 74, in <module>
    from mypy.typeanal import (
  File "/home/travis/build/python/mypy/mypy/typeanal.py", line 31, in <module>
    from mypy.plugin import Plugin, TypeAnalyzerPluginInterface, AnalyzeTypeContext
  File "/home/travis/build/python/mypy/mypy/plugin.py", line 7, in <module>
    import mypy.plugins.attrs
  File "/home/travis/build/python/mypy/mypy/plugins/attrs.py", line 74
    types: List[Type] = []
         ^
SyntaxError: invalid syntax

passed 70, failed 65, pending 0; running 2                                      

FAILURE  #131 check file test-data/samples/greet.py

Traceback (most recent call last):
  File "/home/travis/build/python/mypy/scripts/mypy", line 4, in <module>
    from mypy.main import main
  File "/home/travis/build/python/mypy/mypy/main.py", line 14, in <module>
    from mypy import build
  File "/home/travis/build/python/mypy/mypy/build.py", line 41, in <module>
    from mypy.semanal_pass1 import SemanticAnalyzerPass1
  File "/home/travis/build/python/mypy/mypy/semanal_pass1.py", line 30, in <module>
    from mypy.semanal import SemanticAnalyzerPass2, infer_reachability_of_if_statement
  File "/home/travis/build/python/mypy/mypy/semanal.py", line 74, in <module>
    from mypy.typeanal import (
  File "/home/travis/build/python/mypy/mypy/typeanal.py", line 31, in <module>
    from mypy.plugin import Plugin, TypeAnalyzerPluginInterface, AnalyzeTypeContext
  File "/home/travis/build/python/mypy/mypy/plugin.py", line 7, in <module>
    import mypy.plugins.attrs
  File "/home/travis/build/python/mypy/mypy/plugins/attrs.py", line 74
    types: List[Type] = []
         ^
SyntaxError: invalid syntax

passed 70, failed 66, pending 0; running 1                                      

FAILURE  #134 check file test-data/samples/input.py

Traceback (most recent call last):
  File "/home/travis/build/python/mypy/scripts/mypy", line 4, in <module>
    from mypy.main import main
  File "/home/travis/build/python/mypy/mypy/main.py", line 14, in <module>
    from mypy import build
  File "/home/travis/build/python/mypy/mypy/build.py", line 41, in <module>
    from mypy.semanal_pass1 import SemanticAnalyzerPass1
  File "/home/travis/build/python/mypy/mypy/semanal_pass1.py", line 30, in <module>
    from mypy.semanal import SemanticAnalyzerPass2, infer_reachability_of_if_statement
  File "/home/travis/build/python/mypy/mypy/semanal.py", line 74, in <module>
    from mypy.typeanal import (
  File "/home/travis/build/python/mypy/mypy/typeanal.py", line 31, in <module>
    from mypy.plugin import Plugin, TypeAnalyzerPluginInterface, AnalyzeTypeContext
  File "/home/travis/build/python/mypy/mypy/plugin.py", line 7, in <module>
    import mypy.plugins.attrs
  File "/home/travis/build/python/mypy/mypy/plugins/attrs.py", line 74
    types: List[Type] = []
         ^
SyntaxError: invalid syntax

passed 70, failed 67, pending 0; running 0                                      

FAILURE  #135 check file test-data/samples/itertool.py

Traceback (most recent call last):
  File "/home/travis/build/python/mypy/scripts/mypy", line 4, in <module>
    from mypy.main import main
  File "/home/travis/build/python/mypy/mypy/main.py", line 14, in <module>
    from mypy import build
  File "/home/travis/build/python/mypy/mypy/build.py", line 41, in <module>
    from mypy.semanal_pass1 import SemanticAnalyzerPass1
  File "/home/travis/build/python/mypy/mypy/semanal_pass1.py", line 30, in <module>
    from mypy.semanal import SemanticAnalyzerPass2, infer_reachability_of_if_statement
  File "/home/travis/build/python/mypy/mypy/semanal.py", line 74, in <module>
    from mypy.typeanal import (
  File "/home/travis/build/python/mypy/mypy/typeanal.py", line 31, in <module>
    from mypy.plugin import Plugin, TypeAnalyzerPluginInterface, AnalyzeTypeContext
  File "/home/travis/build/python/mypy/mypy/plugin.py", line 7, in <module>
    import mypy.plugins.attrs
  File "/home/travis/build/python/mypy/mypy/plugins/attrs.py", line 74
    types: List[Type] = []
         ^
SyntaxError: invalid syntax

                                                                                SUMMARY  67/137 tasks and 67/137 tests failed
 FAILURE pytest
 FAILURE check legacy entry script
 FAILURE check fast-parse
 FAILURE check file runtests.py
 FAILURE run import mypy.checkmember
 FAILURE run import mypy.api
 FAILURE run import mypy.build
 FAILURE run import mypy.checker
 FAILURE run import mypy.checkexpr
 FAILURE run import mypy.dmypy_server
 FAILURE run import mypy.find_sources
 FAILURE run import mypy.report
 FAILURE run import mypy.semanal_newtype
 FAILURE run import mypy.main
 FAILURE run import mypy.semanal
 FAILURE run import mypy.stats
 FAILURE run import mypy.semanal_pass1
 FAILURE run import mypy.semanal_pass3
 FAILURE run import mypy.semanal_typeddict
 FAILURE run import mypy.typeanal
 FAILURE run import mypy.plugin
 FAILURE run import mypy.plugins.attrs
 FAILURE run import mypy.stubgen
 FAILURE run import mypy.server.update
 FAILURE run import mypy.test.testdeps
 FAILURE run import mypy.server.deps
 FAILURE run import mypy.test.testfinegrainedcache
 FAILURE run import mypy.test.testfinegrained
 FAILURE run import mypy.test.testmerge
 FAILURE run import mypy.test.testcheck
 FAILURE run import mypy.test.testdiff
 FAILURE run import mypy.test.testerrorstream
 FAILURE run import mypy.test.testmoduleinfo
 FAILURE run import mypy.test.helpers
 FAILURE run import mypy.test.testparse
 FAILURE run import mypy.test.testreports
 FAILURE run import mypy.test.testargs
 FAILURE run import mypy.test.testcmdline
 FAILURE run import mypy.test.testpythoneval
 FAILURE run import mypy.test.testinfer
 FAILURE run import mypy.test.testgraph
 FAILURE run import mypy.test.testsubtypes
 FAILURE run import mypy.test.testpep561
 FAILURE check file test-data/samples/class.py
 FAILURE run import mypy.test.testsemanal
 FAILURE check file test-data/samples/cmdline.py
 FAILURE run import mypy.test.testsolve
 FAILURE run import mypy.test.testtypegen
 FAILURE run import mypy.test.teststubgen
 FAILURE run import mypy.test.testtransform
 FAILURE run import mypy.test.testtypes
 FAILURE check file test-data/samples/bottles.py
 FAILURE check stubs
 FAILURE check stdlibsamples (3.2)
 FAILURE check file test-data/samples/generators.py
 FAILURE check file test-data/samples/files.py
 FAILURE check file test-data/samples/crawl.py
 FAILURE check file test-data/samples/crawl2.py
 FAILURE check file test-data/samples/regexp.py
 FAILURE check file test-data/samples/dict.py
 FAILURE check file test-data/samples/fib.py
 FAILURE check file test-data/samples/hello.py
 FAILURE check file test-data/samples/for.py
 FAILURE check file test-data/samples/guess.py
 FAILURE check file test-data/samples/greet.py
 FAILURE check file test-data/samples/input.py
 FAILURE check file test-data/samples/itertool.py
SUMMARY  67/137 tasks and 67/137 tests failed
*** FAILURE ***
total runtime: 103.46856018000017 sec

travis_time:end:018a9542:start=1523887923819663829,finish=1523888027445535950,duration=103625872121[0K
[31;1mThe command "python runtests.py -j12 -x lint -x package" exited with 1.[0m
travis_time:start:124f03ec[0K$ if [[ $TRAVIS_PYTHON_VERSION == '3.6' ]]; then flake8; fi

travis_time:end:124f03ec:start=1523888027452705314,finish=1523888027458529646,duration=5824332[0K
[32;1mThe command "if [[ $TRAVIS_PYTHON_VERSION == '3.6' ]]; then flake8; fi" exited with 0.[0m
travis_time:start:023129ca[0K$ if [[ $TRAVIS_PYTHON_VERSION == '3.5.1' ]]; then python runtests.py package; fi

travis_time:end:023129ca:start=1523888027466268107,finish=1523888027471896104,duration=5627997[0K
[32;1mThe command "if [[ $TRAVIS_PYTHON_VERSION == '3.5.1' ]]; then python runtests.py package; fi" exited with 0.[0m
travis_fold:start:cache.2[0Kstore build cache
travis_time:start:02025be1[0K
travis_time:end:02025be1:start=1523888027479115589,finish=1523888027485465035,duration=6349446[0Ktravis_time:start:03d53d99[0K[32;1mchange detected (content changed, file is created, or file is deleted):
/home/travis/.cache/pip/http/0/1/3/4/f/0134f4b5f5dc24d5a2e17d657916561e530ab3e23e477f736932ec7a
/home/travis/.cache/pip/http/0/c/7/8/c/0c78cc5ddccddcf3238359feeac7e1cddd59216d6ded4659cf5965cd
/home/travis/.cache/pip/http/0/e/0/a/b/0e0ab53e00e77082f3dbaac4909c2cd08e48803df6ad279051a370ed
/home/travis/.cache/pip/http/1/b/b/d/e/1bbde7f10876562f138fa536953ad413bfc645c4f5f79dd4f103eae5
/home/travis/.cache/pip/http/3/a/f/3/a/3af3addf06e983a6c02f46e7bea70c221d3ff95bf1418fa6da354e14
/home/travis/.cache/pip/http/3/d/0/7/9/3d0790aa6d8aba43447ad4d8fdc684c544812f2cc57ad084f4b1b2db
/home/travis/.cache/pip/http/4/0/6/e/9/406e9b27a390d51d6f5ba6446b20eddf170d46e00b171bdfa0fbde6b
/home/travis/.cache/pip/http/6/3/7/d/d/637ddeefd88d7cc4cd623d2cc6880ec9fbe18fc216d5628bd0493043
/home/travis/.cache/pip/http/6/6/a/8/2/66a824166d39267eb4dfa0ee80bb65a30106494f8240ec06d28ccc5c
/home/travis/.cache/pip/http/8/7/9/8/e/8798e1a358dac413add90e628bb3d1fdf797d752747841a07425ff45
/home/travis/.cache/pip/http/9/8/6/9/9/98
[0m
[32;1m...
[0m
[32;1mchanges detected, packing new archive[0m
[32;1muploading archive[0m

travis_time:end:03d53d99:start=1523888027492741090,finish=1523888034812983658,duration=7320242568[0Ktravis_fold:end:cache.2[0K
Done. Your build exited with 1.
