travis_fold:start:worker_info[0K[33;1mWorker information[0m
hostname: a839a567-7dae-4c09-84a8-a3a5e2ff5666@1.i-010839c-production-2-worker-org-ec2.travisci.net
version: v3.4.0 https://github.com/travis-ci/worker/tree/ce0440bc30c289a49a9b0c21e4e1e6f7d7825101
instance: fceb8c3 travisci/ci-garnet:packer-1512502276-986baf0 (via amqp)
startup: 384.318941ms
travis_fold:end:worker_info[0Kmode of â€˜/usr/local/clang-5.0.0/binâ€™ changed from 0777 (rwxrwxrwx) to 0775 (rwxrwxr-x)
travis_fold:start:system_info[0K[33;1mBuild system information[0m
Build language: python
Build group: stable
Build dist: trusty
Build id: 327327994
Job id: 327327997
Runtime kernel version: 4.14.12-041412-generic
travis-build version: 536d9e9f5
[34m[1mBuild image provisioning date and time[0m
Tue Dec  5 20:11:19 UTC 2017
[34m[1mOperating System Details[0m
Distributor ID:	Ubuntu
Description:	Ubuntu 14.04.5 LTS
Release:	14.04
Codename:	trusty
[34m[1mCookbooks Version[0m
7c2c6a6 https://github.com/travis-ci/travis-cookbooks/tree/7c2c6a6
[34m[1mgit version[0m
git version 2.15.1
[34m[1mbash version[0m
GNU bash, version 4.3.11(1)-release (x86_64-pc-linux-gnu)
[34m[1mgcc version[0m
gcc (Ubuntu 4.8.4-2ubuntu1~14.04.3) 4.8.4
Copyright (C) 2013 Free Software Foundation, Inc.
This is free software; see the source for copying conditions.  There is NO
warranty; not even for MERCHANTABILITY or FITNESS FOR A PARTICULAR PURPOSE.

[34m[1mdocker version[0m
Client:
 Version:      17.09.0-ce
 API version:  1.32
 Go version:   go1.8.3
 Git commit:   afdb6d4
 Built:        Tue Sep 26 22:39:28 2017
 OS/Arch:      linux/amd64
[34m[1mclang version[0m
clang version 5.0.0 (tags/RELEASE_500/final)
Target: x86_64-unknown-linux-gnu
Thread model: posix
InstalledDir: /usr/local/clang-5.0.0/bin
[34m[1mjq version[0m
jq-1.5
[34m[1mbats version[0m
Bats 0.4.0
[34m[1mshellcheck version[0m
0.4.6
[34m[1mshfmt version[0m
v2.0.0
[34m[1mccache version[0m
ccache version 3.1.9

Copyright (C) 2002-2007 Andrew Tridgell
Copyright (C) 2009-2011 Joel Rosdahl

This program is free software; you can redistribute it and/or modify it under
the terms of the GNU General Public License as published by the Free Software
Foundation; either version 3 of the License, or (at your option) any later
version.
[34m[1mcmake version[0m
cmake version 3.9.2

CMake suite maintained and supported by Kitware (kitware.com/cmake).
[34m[1mheroku version[0m
heroku-cli/6.14.39-addc925 (linux-x64) node-v9.2.0
[34m[1mimagemagick version[0m
Version: ImageMagick 6.7.7-10 2017-07-31 Q16 http://www.imagemagick.org
[34m[1mmd5deep version[0m
4.2
[34m[1mmercurial version[0m
Mercurial Distributed SCM (version 4.2.2)
(see https://mercurial-scm.org for more information)

Copyright (C) 2005-2017 Matt Mackall and others
This is free software; see the source for copying conditions. There is NO
warranty; not even for MERCHANTABILITY or FITNESS FOR A PARTICULAR PURPOSE.
[34m[1mmysql version[0m
mysql  Ver 14.14 Distrib 5.6.33, for debian-linux-gnu (x86_64) using  EditLine wrapper
[34m[1mopenssl version[0m
OpenSSL 1.0.1f 6 Jan 2014
[34m[1mpacker version[0m
Packer v1.0.2

Your version of Packer is out of date! The latest version
is 1.1.2. You can update by downloading from www.packer.io
[34m[1mpostgresql client version[0m
psql (PostgreSQL) 9.6.6
[34m[1mragel version[0m
Ragel State Machine Compiler version 6.8 Feb 2013
Copyright (c) 2001-2009 by Adrian Thurston
[34m[1msubversion version[0m
svn, version 1.8.8 (r1568071)
   compiled Aug 10 2017, 17:20:39 on x86_64-pc-linux-gnu

Copyright (C) 2013 The Apache Software Foundation.
This software consists of contributions made by many people;
see the NOTICE file for more information.
Subversion is open source software, see http://subversion.apache.org/

The following repository access (RA) modules are available:

* ra_svn : Module for accessing a repository using the svn network protocol.
  - with Cyrus SASL authentication
  - handles 'svn' scheme
* ra_local : Module for accessing a repository on local disk.
  - handles 'file' scheme
* ra_serf : Module for accessing a repository via WebDAV protocol using serf.
  - using serf 1.3.3
  - handles 'http' scheme
  - handles 'https' scheme

[34m[1msudo version[0m
Sudo version 1.8.9p5
Configure options: --prefix=/usr -v --with-all-insults --with-pam --with-fqdn --with-logging=syslog --with-logfac=authpriv --with-env-editor --with-editor=/usr/bin/editor --with-timeout=15 --with-password-timeout=0 --with-passprompt=[sudo] password for %p:  --without-lecture --with-tty-tickets --disable-root-mailer --enable-admin-flag --with-sendmail=/usr/sbin/sendmail --with-timedir=/var/lib/sudo --mandir=/usr/share/man --libexecdir=/usr/lib/sudo --with-sssd --with-sssd-lib=/usr/lib/x86_64-linux-gnu --with-selinux
Sudoers policy plugin version 1.8.9p5
Sudoers file grammar version 43

Sudoers path: /etc/sudoers
Authentication methods: 'pam'
Syslog facility if syslog is being used for logging: authpriv
Syslog priority to use when user authenticates successfully: notice
Syslog priority to use when user authenticates unsuccessfully: alert
Send mail if the user is not in sudoers
Use a separate timestamp for each user/tty combo
Lecture user the first time they run sudo
Root may run sudo
Allow some information gathering to give useful error messages
Require fully-qualified hostnames in the sudoers file
Visudo will honor the EDITOR environment variable
Set the LOGNAME and USER environment variables
Length at which to wrap log file lines (0 for no wrap): 80
Authentication timestamp timeout: 15.0 minutes
Password prompt timeout: 0.0 minutes
Number of tries to enter a password: 3
Umask to use or 0777 to use user's: 022
Path to mail program: /usr/sbin/sendmail
Flags for mail program: -t
Address to send mail to: root
Subject line for mail messages: *** SECURITY information for %h ***
Incorrect password message: Sorry, try again.
Path to authentication timestamp dir: /var/lib/sudo
Default password prompt: [sudo] password for %p: 
Default user to run commands as: root
Value to override user's $PATH with: /usr/local/sbin:/usr/local/bin:/usr/sbin:/usr/bin:/sbin:/bin:/snap/bin
Path to the editor for use by visudo: /usr/bin/editor
When to require a password for 'list' pseudocommand: any
When to require a password for 'verify' pseudocommand: all
File descriptors >= 3 will be closed before executing a command
Environment variables to check for sanity:
	TZ
	TERM
	LINGUAS
	LC_*
	LANGUAGE
	LANG
	COLORTERM
Environment variables to remove:
	RUBYOPT
	RUBYLIB
	PYTHONUSERBASE
	PYTHONINSPECT
	PYTHONPATH
	PYTHONHOME
	TMPPREFIX
	ZDOTDIR
	READNULLCMD
	NULLCMD
	FPATH
	PERL5DB
	PERL5OPT
	PERL5LIB
	PERLLIB
	PERLIO_DEBUG 
	JAVA_TOOL_OPTIONS
	SHELLOPTS
	GLOBIGNORE
	PS4
	BASH_ENV
	ENV
	TERMCAP
	TERMPATH
	TERMINFO_DIRS
	TERMINFO
	_RLD*
	LD_*
	PATH_LOCALE
	NLSPATH
	HOSTALIASES
	RES_OPTIONS
	LOCALDOMAIN
	CDPATH
	IFS
Environment variables to preserve:
	JAVA_HOME
	TRAVIS
	CI
	DEBIAN_FRONTEND
	XAUTHORIZATION
	XAUTHORITY
	PS2
	PS1
	PATH
	LS_COLORS
	KRB5CCNAME
	HOSTNAME
	HOME
	DISPLAY
	COLORS
Locale to use while parsing sudoers: C
Directory in which to store input/output logs: /var/log/sudo-io
File in which to store the input/output log: %{seq}
Add an entry to the utmp/utmpx file when allocating a pty
PAM service name to use
PAM service name to use for login shells
Create a new PAM session for the command to run in
Maximum I/O log sequence number: 0

Local IP address and netmask pairs:
	172.17.0.2/255.255.0.0

Sudoers I/O plugin version 1.8.9p5
[34m[1mgzip version[0m
gzip 1.6
Copyright (C) 2007, 2010, 2011 Free Software Foundation, Inc.
Copyright (C) 1993 Jean-loup Gailly.
This is free software.  You may redistribute copies of it under the terms of
the GNU General Public License <http://www.gnu.org/licenses/gpl.html>.
There is NO WARRANTY, to the extent permitted by law.

Written by Jean-loup Gailly.
[34m[1mzip version[0m
Copyright (c) 1990-2008 Info-ZIP - Type 'zip "-L"' for software license.
This is Zip 3.0 (July 5th 2008), by Info-ZIP.
Currently maintained by E. Gordon.  Please send bug reports to
the authors using the web page at www.info-zip.org; see README for details.

Latest sources and executables are at ftp://ftp.info-zip.org/pub/infozip,
as of above date; see http://www.info-zip.org/ for other sites.

Compiled with gcc 4.8.2 for Unix (Linux ELF) on Oct 21 2013.

Zip special compilation options:
	USE_EF_UT_TIME       (store Universal Time)
	BZIP2_SUPPORT        (bzip2 library version 1.0.6, 6-Sept-2010)
	    bzip2 code and library copyright (c) Julian R Seward
	    (See the bzip2 license for terms of use)
	SYMLINK_SUPPORT      (symbolic links supported)
	LARGE_FILE_SUPPORT   (can read and write large files on file system)
	ZIP64_SUPPORT        (use Zip64 to store large files in archives)
	UNICODE_SUPPORT      (store and read UTF-8 Unicode paths)
	STORE_UNIX_UIDs_GIDs (store UID/GID sizes/values using new extra field)
	UIDGID_NOT_16BIT     (old Unix 16-bit UID/GID extra field not used)
	[encryption, version 2.91 of 05 Jan 2007] (modified for Zip 3)

Encryption notice:
	The encryption code of this program is not copyrighted and is
	put in the public domain.  It was originally written in Europe
	and, to the best of our knowledge, can be freely distributed
	in both source and object forms from any country, including
	the USA under License Exception TSU of the U.S. Export
	Administration Regulations (section 740.13(e)) of 6 June 2002.

Zip environment options:
             ZIP:  [none]
          ZIPOPT:  [none]
[34m[1mvim version[0m
VIM - Vi IMproved 7.4 (2013 Aug 10, compiled Nov 24 2016 16:43:18)
Included patches: 1-52
Extra patches: 8.0.0056
Modified by pkg-vim-maintainers@lists.alioth.debian.org
Compiled by buildd@
Huge version without GUI.  Features included (+) or not (-):
+acl             +farsi           +mouse_netterm   +syntax
+arabic          +file_in_path    +mouse_sgr       +tag_binary
+autocmd         +find_in_path    -mouse_sysmouse  +tag_old_static
-balloon_eval    +float           +mouse_urxvt     -tag_any_white
-browse          +folding         +mouse_xterm     -tcl
++builtin_terms  -footer          +multi_byte      +terminfo
+byte_offset     +fork()          +multi_lang      +termresponse
+cindent         +gettext         -mzscheme        +textobjects
-clientserver    -hangul_input    +netbeans_intg   +title
-clipboard       +iconv           +path_extra      -toolbar
+cmdline_compl   +insert_expand   -perl            +user_commands
+cmdline_hist    +jumplist        +persistent_undo +vertsplit
+cmdline_info    +keymap          +postscript      +virtualedit
+comments        +langmap         +printer         +visual
+conceal         +libcall         +profile         +visualextra
+cryptv          +linebreak       +python          +viminfo
+cscope          +lispindent      -python3         +vreplace
+cursorbind      +listcmds        +quickfix        +wildignore
+cursorshape     +localmap        +reltime         +wildmenu
+dialog_con      -lua             +rightleft       +windows
+diff            +menu            -ruby            +writebackup
+digraphs        +mksession       +scrollbind      -X11
-dnd             +modify_fname    +signs           -xfontset
-ebcdic          +mouse           +smartindent     -xim
+emacs_tags      -mouseshape      -sniff           -xsmp
+eval            +mouse_dec       +startuptime     -xterm_clipboard
+ex_extra        +mouse_gpm       +statusline      -xterm_save
+extra_search    -mouse_jsbterm   -sun_workshop    -xpm
   system vimrc file: "$VIM/vimrc"
     user vimrc file: "$HOME/.vimrc"
 2nd user vimrc file: "~/.vim/vimrc"
      user exrc file: "$HOME/.exrc"
  fall-back for $VIM: "/usr/share/vim"
Compilation: gcc -c -I. -Iproto -DHAVE_CONFIG_H     -g -O2 -fstack-protector --param=ssp-buffer-size=4 -Wformat -Werror=format-security -U_FORTIFY_SOURCE -D_FORTIFY_SOURCE=1      
Linking: gcc   -Wl,-Bsymbolic-functions -Wl,-z,relro -Wl,--as-needed -o vim        -lm -ltinfo -lnsl  -lselinux  -lacl -lattr -lgpm -ldl    -L/usr/lib/python2.7/config-x86_64-linux-gnu -lpython2.7 -lpthread -ldl -lutil -lm -Xlinker -export-dynamic -Wl,-O1 -Wl,-Bsymbolic-functions      
[34m[1miptables version[0m
iptables v1.4.21
[34m[1mcurl version[0m
curl 7.35.0 (x86_64-pc-linux-gnu) libcurl/7.35.0 OpenSSL/1.0.1f zlib/1.2.8 libidn/1.28 librtmp/2.3
[34m[1mwget version[0m
GNU Wget 1.15 built on linux-gnu.
[34m[1mrsync version[0m
rsync  version 3.1.0  protocol version 31
[34m[1mgimme version[0m
v1.2.0
[34m[1mnvm version[0m
0.33.6
[34m[1mperlbrew version[0m
/home/travis/perl5/perlbrew/bin/perlbrew  - App::perlbrew/0.80
[34m[1mphpenv version[0m
rbenv 1.1.1-25-g6aa70b6
[34m[1mrvm version[0m
rvm 1.29.3 (latest) by Michal Papis, Piotr Kuczynski, Wayne E. Seguin [https://rvm.io]
[34m[1mdefault ruby version[0m
ruby 2.4.1p111 (2017-03-22 revision 58053) [x86_64-linux]
[34m[1mCouchDB version[0m
couchdb 1.6.1
[34m[1mElasticSearch version[0m
5.5.0
[34m[1mInstalled Firefox version[0m
firefox 56.0.2
[34m[1mMongoDB version[0m
MongoDB 3.4.10
[34m[1mPhantomJS version[0m
2.1.1
[34m[1mPre-installed PostgreSQL versions[0m
9.2.24
9.3.20
9.4.15
9.5.10
9.6.6
[34m[1mRabbitMQ Version[0m
3.6.14
[34m[1mRedis version[0m
redis-server 4.0.6
[34m[1mriak version[0m
2.2.3
[34m[1mPre-installed Go versions[0m
1.7.4
[34m[1mant version[0m
Apache Ant(TM) version 1.9.3 compiled on April 8 2014
[34m[1mmvn version[0m
Apache Maven 3.5.2 (138edd61fd100ec658bfa2d307c43b76940a5d7d; 2017-10-18T07:58:13Z)
Maven home: /usr/local/maven-3.5.2
Java version: 1.8.0_151, vendor: Oracle Corporation
Java home: /usr/lib/jvm/java-8-oracle/jre
Default locale: en_US, platform encoding: UTF-8
OS name: "linux", version: "4.4.0-101-generic", arch: "amd64", family: "unix"
[34m[1mgradle version[0m

------------------------------------------------------------
Gradle 4.0.1
------------------------------------------------------------

Build time:   2017-07-07 14:02:41 UTC
Revision:     38e5dc0f772daecca1d2681885d3d85414eb6826

Groovy:       2.4.11
Ant:          Apache Ant(TM) version 1.9.6 compiled on June 29 2015
JVM:          1.8.0_151 (Oracle Corporation 25.151-b12)
OS:           Linux 4.4.0-101-generic amd64

[34m[1mlein version[0m
Leiningen 2.8.1 on Java 1.8.0_151 Java HotSpot(TM) 64-Bit Server VM
[34m[1mPre-installed Node.js versions[0m
v4.8.6
v6.12.0
v6.12.1
v8.9
v8.9.1
[34m[1mphpenv versions[0m
  system
  5.6
* 5.6.32 (set by /home/travis/.phpenv/version)
  7.0
  7.0.25
  7.1
  7.1.11
  hhvm
  hhvm-stable
[34m[1mcomposer --version[0m
Composer version 1.5.2 2017-09-11 16:59:25
[34m[1mPre-installed Ruby versions[0m
ruby-2.2.7
ruby-2.3.4
ruby-2.4.1
travis_fold:end:system_info[0K
removed â€˜/etc/apt/sources.list.d/basho_riak.listâ€™
Executing: /tmp/tmp.3w0C4o3EPP/gpg.1.sh --keyserver
hkp://keyserver.ubuntu.com:80
--recv
EA312927
gpg: requesting key EA312927 from hkp server keyserver.ubuntu.com
gpg: key EA312927: public key "MongoDB 3.2 Release Signing Key <packaging@mongodb.com>" imported
gpg: Total number processed: 1
gpg:               imported: 1  (RSA: 1)
W: http://ppa.launchpad.net/couchdb/stable/ubuntu/dists/trusty/Release.gpg: Signature by key 15866BAFD9BCC4F3C1E0DFC7D69548E1C17EAB57 uses weak digest algorithm (SHA1)
127.0.0.1	localhost
::1	 ip6-localhost ip6-loopback
fe00::0	ip6-localnet
ff00::0	ip6-mcastprefix
ff02::1	ip6-allnodes
ff02::2	ip6-allrouters
172.17.0.12	travis-job-paramiko-paramiko-327327997.travisci.net travis-job-paramiko-paramiko-327327997
[33;1m3.5 is not installed; attempting download[0m
[33;1mDownloading archive: https://s3.amazonaws.com/travis-python-archives/binaries/ubuntu/14.04/x86_64/python-3.5.tar.bz2[0m
$ sudo tar xjf python-3.5.tar.bz2 --directory /
travis_fold:start:git.checkout[0Ktravis_time:start:0246455e[0K$ git clone --depth=50 https://github.com/paramiko/paramiko.git paramiko/paramiko
Cloning into 'paramiko/paramiko'...
remote: Counting objects: 3401, done.[K
remote: Compressing objects:   0% (1/1439)   [Kremote: Compressing objects:   1% (15/1439)   [Kremote: Compressing objects:   2% (29/1439)   [Kremote: Compressing objects:   3% (44/1439)   [Kremote: Compressing objects:   4% (58/1439)   [Kremote: Compressing objects:   5% (72/1439)   [Kremote: Compressing objects:   6% (87/1439)   [Kremote: Compressing objects:   7% (101/1439)   [Kremote: Compressing objects:   8% (116/1439)   [Kremote: Compressing objects:   9% (130/1439)   [Kremote: Compressing objects:  10% (144/1439)   [Kremote: Compressing objects:  11% (159/1439)   [Kremote: Compressing objects:  12% (173/1439)   [Kremote: Compressing objects:  13% (188/1439)   [Kremote: Compressing objects:  14% (202/1439)   [Kremote: Compressing objects:  15% (216/1439)   [Kremote: Compressing objects:  16% (231/1439)   [Kremote: Compressing objects:  17% (245/1439)   [Kremote: Compressing objects:  18% (260/1439)   [Kremote: Compressing objects:  19% (274/1439)   [Kremote: Compressing objects:  20% (288/1439)   [Kremote: Compressing objects:  21% (303/1439)   [Kremote: Compressing objects:  22% (317/1439)   [Kremote: Compressing objects:  23% (331/1439)   [Kremote: Compressing objects:  24% (346/1439)   [Kremote: Compressing objects:  25% (360/1439)   [Kremote: Compressing objects:  26% (375/1439)   [Kremote: Compressing objects:  27% (389/1439)   [Kremote: Compressing objects:  28% (403/1439)   [Kremote: Compressing objects:  29% (418/1439)   [Kremote: Compressing objects:  30% (432/1439)   [Kremote: Compressing objects:  31% (447/1439)   [Kremote: Compressing objects:  32% (461/1439)   [Kremote: Compressing objects:  33% (475/1439)   [Kremote: Compressing objects:  34% (490/1439)   [Kremote: Compressing objects:  35% (504/1439)   [Kremote: Compressing objects:  36% (519/1439)   [Kremote: Compressing objects:  37% (533/1439)   [Kremote: Compressing objects:  38% (547/1439)   [Kremote: Compressing objects:  39% (562/1439)   [Kremote: Compressing objects:  40% (576/1439)   [Kremote: Compressing objects:  41% (590/1439)   [Kremote: Compressing objects:  42% (605/1439)   [Kremote: Compressing objects:  43% (619/1439)   [Kremote: Compressing objects:  44% (634/1439)   [Kremote: Compressing objects:  45% (648/1439)   [Kremote: Compressing objects:  46% (662/1439)   [Kremote: Compressing objects:  47% (677/1439)   [Kremote: Compressing objects:  48% (691/1439)   [Kremote: Compressing objects:  49% (706/1439)   [Kremote: Compressing objects:  50% (720/1439)   [Kremote: Compressing objects:  51% (734/1439)   [Kremote: Compressing objects:  52% (749/1439)   [Kremote: Compressing objects:  53% (763/1439)   [Kremote: Compressing objects:  54% (778/1439)   [Kremote: Compressing objects:  55% (792/1439)   [Kremote: Compressing objects:  56% (806/1439)   [Kremote: Compressing objects:  57% (821/1439)   [Kremote: Compressing objects:  58% (835/1439)   [Kremote: Compressing objects:  59% (850/1439)   [Kremote: Compressing objects:  60% (864/1439)   [Kremote: Compressing objects:  61% (878/1439)   [Kremote: Compressing objects:  62% (893/1439)   [Kremote: Compressing objects:  63% (907/1439)   [Kremote: Compressing objects:  64% (921/1439)   [Kremote: Compressing objects:  65% (936/1439)   [Kremote: Compressing objects:  66% (950/1439)   [Kremote: Compressing objects:  67% (965/1439)   [Kremote: Compressing objects:  68% (979/1439)   [Kremote: Compressing objects:  69% (993/1439)   [Kremote: Compressing objects:  70% (1008/1439)   [Kremote: Compressing objects:  71% (1022/1439)   [Kremote: Compressing objects:  72% (1037/1439)   [Kremote: Compressing objects:  73% (1051/1439)   [Kremote: Compressing objects:  74% (1065/1439)   [Kremote: Compressing objects:  75% (1080/1439)   [Kremote: Compressing objects:  76% (1094/1439)   [Kremote: Compressing objects:  77% (1109/1439)   [Kremote: Compressing objects:  78% (1123/1439)   [Kremote: Compressing objects:  79% (1137/1439)   [Kremote: Compressing objects:  80% (1152/1439)   [Kremote: Compressing objects:  81% (1166/1439)   [Kremote: Compressing objects:  82% (1180/1439)   [Kremote: Compressing objects:  83% (1195/1439)   [Kremote: Compressing objects:  84% (1209/1439)   [Kremote: Compressing objects:  85% (1224/1439)   [Kremote: Compressing objects:  86% (1238/1439)   [Kremote: Compressing objects:  87% (1252/1439)   [Kremote: Compressing objects:  88% (1267/1439)   [Kremote: Compressing objects:  89% (1281/1439)   [Kremote: Compressing objects:  90% (1296/1439)   [Kremote: Compressing objects:  91% (1310/1439)   [Kremote: Compressing objects:  92% (1324/1439)   [Kremote: Compressing objects:  93% (1339/1439)   [Kremote: Compressing objects:  94% (1353/1439)   [Kremote: Compressing objects:  95% (1368/1439)   [Kremote: Compressing objects:  96% (1382/1439)   [Kremote: Compressing objects:  97% (1396/1439)   [Kremote: Compressing objects:  98% (1411/1439)   [Kremote: Compressing objects:  99% (1425/1439)   [Kremote: Compressing objects: 100% (1439/1439)   [Kremote: Compressing objects: 100% (1439/1439), done.[K
Receiving objects:   0% (1/3401)   Receiving objects:   1% (35/3401)   Receiving objects:   2% (69/3401)   Receiving objects:   3% (103/3401)   Receiving objects:   4% (137/3401)   Receiving objects:   5% (171/3401)   Receiving objects:   6% (205/3401)   Receiving objects:   7% (239/3401)   Receiving objects:   8% (273/3401)   Receiving objects:   9% (307/3401)   Receiving objects:  10% (341/3401)   Receiving objects:  11% (375/3401)   Receiving objects:  12% (409/3401)   Receiving objects:  13% (443/3401)   Receiving objects:  14% (477/3401)   Receiving objects:  15% (511/3401)   Receiving objects:  16% (545/3401)   Receiving objects:  17% (579/3401)   Receiving objects:  18% (613/3401)   Receiving objects:  19% (647/3401)   Receiving objects:  20% (681/3401)   Receiving objects:  21% (715/3401)   Receiving objects:  22% (749/3401)   Receiving objects:  23% (783/3401)   Receiving objects:  24% (817/3401)   Receiving objects:  25% (851/3401)   Receiving objects:  26% (885/3401)   Receiving objects:  27% (919/3401)   Receiving objects:  28% (953/3401)   Receiving objects:  29% (987/3401)   Receiving objects:  30% (1021/3401)   Receiving objects:  31% (1055/3401)   Receiving objects:  32% (1089/3401)   Receiving objects:  33% (1123/3401)   Receiving objects:  34% (1157/3401)   Receiving objects:  35% (1191/3401)   Receiving objects:  36% (1225/3401)   Receiving objects:  37% (1259/3401)   Receiving objects:  38% (1293/3401)   Receiving objects:  39% (1327/3401)   Receiving objects:  40% (1361/3401)   Receiving objects:  41% (1395/3401)   Receiving objects:  42% (1429/3401)   Receiving objects:  43% (1463/3401)   Receiving objects:  44% (1497/3401)   Receiving objects:  45% (1531/3401)   Receiving objects:  46% (1565/3401)   Receiving objects:  47% (1599/3401)   Receiving objects:  48% (1633/3401)   Receiving objects:  49% (1667/3401)   Receiving objects:  50% (1701/3401)   Receiving objects:  51% (1735/3401)   Receiving objects:  52% (1769/3401)   Receiving objects:  53% (1803/3401)   Receiving objects:  54% (1837/3401)   Receiving objects:  55% (1871/3401)   Receiving objects:  56% (1905/3401)   Receiving objects:  57% (1939/3401)   Receiving objects:  58% (1973/3401)   Receiving objects:  59% (2007/3401)   Receiving objects:  60% (2041/3401)   Receiving objects:  61% (2075/3401)   Receiving objects:  62% (2109/3401)   Receiving objects:  63% (2143/3401)   Receiving objects:  64% (2177/3401)   Receiving objects:  65% (2211/3401)   Receiving objects:  66% (2245/3401)   Receiving objects:  67% (2279/3401)   Receiving objects:  68% (2313/3401)   Receiving objects:  69% (2347/3401)   Receiving objects:  70% (2381/3401)   Receiving objects:  71% (2415/3401)   Receiving objects:  72% (2449/3401)   Receiving objects:  73% (2483/3401)   Receiving objects:  74% (2517/3401)   Receiving objects:  75% (2551/3401)   Receiving objects:  76% (2585/3401)   Receiving objects:  77% (2619/3401)   Receiving objects:  78% (2653/3401)   Receiving objects:  79% (2687/3401)   Receiving objects:  80% (2721/3401)   Receiving objects:  81% (2755/3401)   Receiving objects:  82% (2789/3401)   Receiving objects:  83% (2823/3401)   Receiving objects:  84% (2857/3401)   Receiving objects:  85% (2891/3401)   Receiving objects:  86% (2925/3401)   Receiving objects:  87% (2959/3401)   Receiving objects:  88% (2993/3401)   Receiving objects:  89% (3027/3401)   Receiving objects:  90% (3061/3401)   Receiving objects:  91% (3095/3401)   Receiving objects:  92% (3129/3401)   Receiving objects:  93% (3163/3401)   Receiving objects:  94% (3197/3401)   Receiving objects:  95% (3231/3401)   Receiving objects:  96% (3265/3401)   Receiving objects:  97% (3299/3401)   Receiving objects:  98% (3333/3401)   remote: Total 3401 (delta 2558), reused 2695 (delta 1957), pack-reused 0[K
Receiving objects:  99% (3367/3401)   Receiving objects: 100% (3401/3401)   Receiving objects: 100% (3401/3401), 984.44 KiB | 17.90 MiB/s, done.
Resolving deltas:   0% (0/2558)   Resolving deltas:   1% (29/2558)   Resolving deltas:   2% (53/2558)   Resolving deltas:   3% (90/2558)   Resolving deltas:   4% (112/2558)   Resolving deltas:   5% (147/2558)   Resolving deltas:   6% (163/2558)   Resolving deltas:   7% (186/2558)   Resolving deltas:   8% (206/2558)   Resolving deltas:  11% (304/2558)   Resolving deltas:  14% (368/2558)   Resolving deltas:  15% (388/2558)   Resolving deltas:  17% (450/2558)   Resolving deltas:  19% (490/2558)   Resolving deltas:  23% (599/2558)   Resolving deltas:  24% (627/2558)   Resolving deltas:  25% (659/2558)   Resolving deltas:  28% (737/2558)   Resolving deltas:  31% (818/2558)   Resolving deltas:  38% (988/2558)   Resolving deltas:  40% (1033/2558)   Resolving deltas:  41% (1049/2558)   Resolving deltas:  42% (1075/2558)   Resolving deltas:  43% (1107/2558)   Resolving deltas:  44% (1132/2558)   Resolving deltas:  45% (1154/2558)   Resolving deltas:  46% (1178/2558)   Resolving deltas:  48% (1241/2558)   Resolving deltas:  56% (1439/2558)   Resolving deltas:  57% (1461/2558)   Resolving deltas:  58% (1504/2558)   Resolving deltas:  60% (1539/2558)   Resolving deltas:  63% (1618/2558)   Resolving deltas:  64% (1642/2558)   Resolving deltas:  65% (1674/2558)   Resolving deltas:  66% (1692/2558)   Resolving deltas:  67% (1717/2558)   Resolving deltas:  68% (1761/2558)   Resolving deltas:  69% (1766/2558)   Resolving deltas:  70% (1791/2558)   Resolving deltas:  71% (1818/2558)   Resolving deltas:  73% (1868/2558)   Resolving deltas:  74% (1893/2558)   Resolving deltas:  75% (1924/2558)   Resolving deltas:  76% (1947/2558)   Resolving deltas:  77% (1982/2558)   Resolving deltas:  78% (1996/2558)   Resolving deltas:  79% (2024/2558)   Resolving deltas:  80% (2057/2558)   Resolving deltas:  82% (2104/2558)   Resolving deltas:  83% (2130/2558)   Resolving deltas:  85% (2177/2558)   Resolving deltas:  86% (2203/2558)   Resolving deltas:  89% (2287/2558)   Resolving deltas:  91% (2329/2558)   Resolving deltas:  92% (2357/2558)   Resolving deltas:  93% (2386/2558)   Resolving deltas:  95% (2443/2558)   Resolving deltas:  96% (2460/2558)   Resolving deltas:  97% (2506/2558)   Resolving deltas: 100% (2558/2558)   Resolving deltas: 100% (2558/2558), done.

travis_time:end:0246455e:start=1515604984603686602,finish=1515604987603557461,duration=2999870859[0K$ cd paramiko/paramiko
travis_time:start:0e5c08d8[0K$ git fetch origin +refs/pull/1144/merge:
remote: Counting objects: 18, done.[K
remote: Compressing objects:  16% (1/6)   [Kremote: Compressing objects:  33% (2/6)   [Kremote: Compressing objects:  50% (3/6)   [Kremote: Compressing objects:  66% (4/6)   [Kremote: Compressing objects:  83% (5/6)   [Kremote: Compressing objects: 100% (6/6)   [Kremote: Compressing objects: 100% (6/6), done.[K
remote: Total 18 (delta 13), reused 16 (delta 12), pack-reused 0[K
Unpacking objects:   5% (1/18)   Unpacking objects:  11% (2/18)   Unpacking objects:  16% (3/18)   Unpacking objects:  22% (4/18)   Unpacking objects:  27% (5/18)   Unpacking objects:  33% (6/18)   Unpacking objects:  38% (7/18)   Unpacking objects:  44% (8/18)   Unpacking objects:  50% (9/18)   Unpacking objects:  55% (10/18)   Unpacking objects:  61% (11/18)   Unpacking objects:  66% (12/18)   Unpacking objects:  72% (13/18)   Unpacking objects:  77% (14/18)   Unpacking objects:  83% (15/18)   Unpacking objects:  88% (16/18)   Unpacking objects:  94% (17/18)   Unpacking objects: 100% (18/18)   Unpacking objects: 100% (18/18), done.
From https://github.com/paramiko/paramiko
 * branch            refs/pull/1144/merge -> FETCH_HEAD

travis_time:end:0e5c08d8:start=1515604987611135402,finish=1515604987891093939,duration=279958537[0K$ git checkout -qf FETCH_HEAD
travis_fold:end:git.checkout[0Ktravis_time:start:1fe7e8a0[0K$ source ~/virtualenv/python3.5/bin/activate

travis_time:end:1fe7e8a0:start=1515604996861241871,finish=1515604996869244251,duration=8002380[0Ktravis_fold:start:cache.1[0KSetting up build cache
$ export CASHER_DIR=$HOME/.casher
travis_time:start:0e078440[0K$ Installing caching utilities

travis_time:end:0e078440:start=1515605000881820885,finish=1515605000971797890,duration=89977005[0Ktravis_time:start:06e2b99c[0K
travis_time:end:06e2b99c:start=1515605000979048128,finish=1515605000984382561,duration=5334433[0Ktravis_time:start:0755edf1[0K[32;1mattempting to download cache archive[0m
[32;1mfetching PR.1144/cache-linux-trusty-e3b0c44298fc1c149afbf4c8996fb92427ae41e4649b934ca495991b7852b855--python-3.5.tgz[0m
[32;1mfound cache[0m

travis_time:end:0755edf1:start=1515605000990496517,finish=1515605006660091715,duration=5669595198[0Ktravis_time:start:0017a4e2[0K
travis_time:end:0017a4e2:start=1515605006666240897,finish=1515605006671458853,duration=5217956[0Ktravis_time:start:0438fa64[0K[32;1madding /home/travis/.cache/pip to cache[0m

travis_time:end:0438fa64:start=1515605006677381095,finish=1515605009448405518,duration=2771024423[0Ktravis_fold:end:cache.1[0K$ python --version
Python 3.5.4
$ pip --version
pip 9.0.1 from /home/travis/virtualenv/python3.5.4/lib/python3.5/site-packages (python 3.5)
travis_fold:start:install.1[0Ktravis_time:start:02f8384c[0K$ pip install pip==9.0.1 setuptools==36.6.0
Requirement already satisfied: pip==9.0.1 in /home/travis/virtualenv/python3.5.4/lib/python3.5/site-packages
Collecting setuptools==36.6.0
  Using cached setuptools-36.6.0-py2.py3-none-any.whl
Installing collected packages: setuptools
  Found existing installation: setuptools 36.2.7
    Uninstalling setuptools-36.2.7:
      Successfully uninstalled setuptools-36.2.7
Successfully installed setuptools-36.6.0

travis_time:end:02f8384c:start=1515605011052437163,finish=1515605012420911067,duration=1368473904[0Ktravis_fold:end:install.1[0Ktravis_fold:start:install.2[0Ktravis_time:start:0a94729e[0K$ pip install -e .
Obtaining file:///home/travis/build/paramiko/paramiko
Collecting bcrypt>=3.1.3 (from paramiko==2.4.0)
  Using cached bcrypt-3.1.4-cp35-cp35m-manylinux1_x86_64.whl
Collecting cryptography>=1.5 (from paramiko==2.4.0)
  Using cached cryptography-2.1.4-cp35-cp35m-manylinux1_x86_64.whl
Collecting pynacl>=1.0.1 (from paramiko==2.4.0)
  Using cached PyNaCl-1.2.1-cp35-cp35m-manylinux1_x86_64.whl
Collecting pyasn1>=0.1.7 (from paramiko==2.4.0)
  Using cached pyasn1-0.4.2-py2.py3-none-any.whl
Requirement already satisfied: six>=1.4.1 in /home/travis/virtualenv/python3.5.4/lib/python3.5/site-packages (from bcrypt>=3.1.3->paramiko==2.4.0)
Collecting cffi>=1.1 (from bcrypt>=3.1.3->paramiko==2.4.0)
  Using cached cffi-1.11.2-cp35-cp35m-manylinux1_x86_64.whl
Collecting asn1crypto>=0.21.0 (from cryptography>=1.5->paramiko==2.4.0)
  Using cached asn1crypto-0.24.0-py2.py3-none-any.whl
Collecting idna>=2.1 (from cryptography>=1.5->paramiko==2.4.0)
  Using cached idna-2.6-py2.py3-none-any.whl
Collecting pycparser (from cffi>=1.1->bcrypt>=3.1.3->paramiko==2.4.0)
Installing collected packages: pycparser, cffi, bcrypt, asn1crypto, idna, cryptography, pynacl, pyasn1, paramiko
  Running setup.py develop for paramiko
Successfully installed asn1crypto-0.24.0 bcrypt-3.1.4 cffi-1.11.2 cryptography-2.1.4 idna-2.6 paramiko pyasn1-0.4.2 pycparser-2.18 pynacl-1.2.1

travis_time:end:0a94729e:start=1515605012427862615,finish=1515605016610466000,duration=4182603385[0Ktravis_fold:end:install.2[0Ktravis_fold:start:install.3[0Ktravis_time:start:0040b902[0K$ pip install codecov
Collecting codecov
  Downloading codecov-2.0.13-py2.py3-none-any.whl
Collecting requests>=2.7.9 (from codecov)
  Using cached requests-2.18.4-py2.py3-none-any.whl
Collecting coverage (from codecov)
  Using cached coverage-4.4.2-cp35-cp35m-manylinux1_x86_64.whl
Collecting urllib3<1.23,>=1.21.1 (from requests>=2.7.9->codecov)
  Using cached urllib3-1.22-py2.py3-none-any.whl
Collecting certifi>=2017.4.17 (from requests>=2.7.9->codecov)
  Using cached certifi-2017.11.5-py2.py3-none-any.whl
Requirement already satisfied: idna<2.7,>=2.5 in /home/travis/virtualenv/python3.5.4/lib/python3.5/site-packages (from requests>=2.7.9->codecov)
Collecting chardet<3.1.0,>=3.0.2 (from requests>=2.7.9->codecov)
  Using cached chardet-3.0.4-py2.py3-none-any.whl
Installing collected packages: urllib3, certifi, chardet, requests, coverage, codecov
Successfully installed certifi-2017.11.5 chardet-3.0.4 codecov-2.0.13 coverage-4.4.2 requests-2.18.4 urllib3-1.22

travis_time:end:0040b902:start=1515605016616707127,finish=1515605018690202575,duration=2073495448[0Ktravis_fold:end:install.3[0Ktravis_fold:start:install.4[0Ktravis_time:start:08d02013[0K$ pip install -r dev-requirements.txt
Collecting invoke<2.0,>=0.13 (from -r dev-requirements.txt (line 1))
  Using cached invoke-0.22.0-py3-none-any.whl
Collecting invocations<2.0,>=0.13 (from -r dev-requirements.txt (line 2))
  Using cached invocations-0.20.0-py2.py3-none-any.whl
Collecting sphinx<1.5,>=1.1.3 (from -r dev-requirements.txt (line 3))
  Using cached Sphinx-1.4.9-py2.py3-none-any.whl
Collecting alabaster<2.0,>=0.7.5 (from -r dev-requirements.txt (line 4))
  Using cached alabaster-0.7.10-py2.py3-none-any.whl
Collecting releases<2.0,>=1.1.0 (from -r dev-requirements.txt (line 5))
  Using cached releases-1.4.0-py2.py3-none-any.whl
Collecting semantic_version<3.0 (from -r dev-requirements.txt (line 6))
  Using cached semantic_version-2.6.0-py3-none-any.whl
Collecting wheel==0.24 (from -r dev-requirements.txt (line 7))
  Using cached wheel-0.24.0-py2.py3-none-any.whl
Collecting twine==1.9.1 (from -r dev-requirements.txt (line 8))
  Using cached twine-1.9.1-py2.py3-none-any.whl
Collecting flake8==2.6.2 (from -r dev-requirements.txt (line 9))
  Using cached flake8-2.6.2-py2.py3-none-any.whl
Requirement already satisfied: pytest==3.2.1 in /home/travis/virtualenv/python3.5.4/lib/python3.5/site-packages (from -r dev-requirements.txt (line 10))
Collecting pytest_relaxed==1.0.0 (from -r dev-requirements.txt (line 11))
Collecting tabulate==0.7.5 (from invocations<2.0,>=0.13->-r dev-requirements.txt (line 2))
Collecting tqdm>=4.8.1 (from invocations<2.0,>=0.13->-r dev-requirements.txt (line 2))
  Using cached tqdm-4.19.5-py2.py3-none-any.whl
Collecting blessings<2,>=1.6 (from invocations<2.0,>=0.13->-r dev-requirements.txt (line 2))
  Using cached blessings-1.6.1-py3-none-any.whl
Collecting enum34<2,>=1.1 (from invocations<2.0,>=0.13->-r dev-requirements.txt (line 2))
  Using cached enum34-1.1.6-py3-none-any.whl
Collecting Pygments>=2.0 (from sphinx<1.5,>=1.1.3->-r dev-requirements.txt (line 3))
  Using cached Pygments-2.2.0-py2.py3-none-any.whl
Requirement already satisfied: six>=1.5 in /home/travis/virtualenv/python3.5.4/lib/python3.5/site-packages (from sphinx<1.5,>=1.1.3->-r dev-requirements.txt (line 3))
Collecting babel!=2.0,>=1.3 (from sphinx<1.5,>=1.1.3->-r dev-requirements.txt (line 3))
  Using cached Babel-2.5.1-py2.py3-none-any.whl
Collecting snowballstemmer>=1.1 (from sphinx<1.5,>=1.1.3->-r dev-requirements.txt (line 3))
  Using cached snowballstemmer-1.2.1-py2.py3-none-any.whl
Collecting imagesize (from sphinx<1.5,>=1.1.3->-r dev-requirements.txt (line 3))
  Using cached imagesize-0.7.1-py2.py3-none-any.whl
Collecting Jinja2>=2.3 (from sphinx<1.5,>=1.1.3->-r dev-requirements.txt (line 3))
  Using cached Jinja2-2.10-py2.py3-none-any.whl
Collecting docutils>=0.11 (from sphinx<1.5,>=1.1.3->-r dev-requirements.txt (line 3))
  Using cached docutils-0.14-py3-none-any.whl
Requirement already satisfied: setuptools>=0.7.0 in /home/travis/virtualenv/python3.5.4/lib/python3.5/site-packages (from twine==1.9.1->-r dev-requirements.txt (line 8))
Collecting requests-toolbelt>=0.8.0 (from twine==1.9.1->-r dev-requirements.txt (line 8))
  Using cached requests_toolbelt-0.8.0-py2.py3-none-any.whl
Requirement already satisfied: requests!=2.15,!=2.16,>=2.5.0 in /home/travis/virtualenv/python3.5.4/lib/python3.5/site-packages (from twine==1.9.1->-r dev-requirements.txt (line 8))
Collecting pkginfo>=1.0 (from twine==1.9.1->-r dev-requirements.txt (line 8))
  Using cached pkginfo-1.4.1-py2.py3-none-any.whl
Collecting pyflakes!=1.2.0,!=1.2.1,!=1.2.2,<1.3,>=0.8.1 (from flake8==2.6.2->-r dev-requirements.txt (line 9))
  Using cached pyflakes-1.2.3-py2.py3-none-any.whl
Collecting pycodestyle<2.1,>=2.0 (from flake8==2.6.2->-r dev-requirements.txt (line 9))
  Using cached pycodestyle-2.0.0-py2.py3-none-any.whl
Collecting mccabe<0.6,>=0.2.1 (from flake8==2.6.2->-r dev-requirements.txt (line 9))
  Using cached mccabe-0.5.3-py2.py3-none-any.whl
Requirement already satisfied: py>=1.4.33 in /home/travis/virtualenv/python3.5.4/lib/python3.5/site-packages (from pytest==3.2.1->-r dev-requirements.txt (line 10))
Collecting decorator<5,>=4 (from pytest_relaxed==1.0.0->-r dev-requirements.txt (line 11))
  Using cached decorator-4.1.2-py2.py3-none-any.whl
Collecting pytz>=0a (from babel!=2.0,>=1.3->sphinx<1.5,>=1.1.3->-r dev-requirements.txt (line 3))
  Using cached pytz-2017.3-py2.py3-none-any.whl
Collecting MarkupSafe>=0.23 (from Jinja2>=2.3->sphinx<1.5,>=1.1.3->-r dev-requirements.txt (line 3))
Requirement already satisfied: idna<2.7,>=2.5 in /home/travis/virtualenv/python3.5.4/lib/python3.5/site-packages (from requests!=2.15,!=2.16,>=2.5.0->twine==1.9.1->-r dev-requirements.txt (line 8))
Requirement already satisfied: chardet<3.1.0,>=3.0.2 in /home/travis/virtualenv/python3.5.4/lib/python3.5/site-packages (from requests!=2.15,!=2.16,>=2.5.0->twine==1.9.1->-r dev-requirements.txt (line 8))
Requirement already satisfied: certifi>=2017.4.17 in /home/travis/virtualenv/python3.5.4/lib/python3.5/site-packages (from requests!=2.15,!=2.16,>=2.5.0->twine==1.9.1->-r dev-requirements.txt (line 8))
Requirement already satisfied: urllib3<1.23,>=1.21.1 in /home/travis/virtualenv/python3.5.4/lib/python3.5/site-packages (from requests!=2.15,!=2.16,>=2.5.0->twine==1.9.1->-r dev-requirements.txt (line 8))
Installing collected packages: invoke, semantic-version, Pygments, alabaster, pytz, babel, snowballstemmer, imagesize, MarkupSafe, Jinja2, docutils, sphinx, releases, tabulate, tqdm, blessings, enum34, invocations, wheel, requests-toolbelt, pkginfo, twine, pyflakes, pycodestyle, mccabe, flake8, decorator, pytest-relaxed
  Found existing installation: wheel 0.29.0
    Uninstalling wheel-0.29.0:
      Successfully uninstalled wheel-0.29.0
Successfully installed Jinja2-2.10 MarkupSafe-1.0 Pygments-2.2.0 alabaster-0.7.10 babel-2.5.1 blessings-1.6.1 decorator-4.1.2 docutils-0.14 enum34-1.1.6 flake8-2.6.2 imagesize-0.7.1 invocations-0.20.0 invoke-0.22.0 mccabe-0.5.3 pkginfo-1.4.1 pycodestyle-2.0.0 pyflakes-1.2.3 pytest-relaxed-1.0.0 pytz-2017.3 releases-1.4.0 requests-toolbelt-0.8.0 semantic-version-2.6.0 snowballstemmer-1.2.1 sphinx-1.4.9 tabulate-0.7.5 tqdm-4.19.5 twine-1.9.1 wheel-0.24.0

travis_time:end:08d02013:start=1515605018697524606,finish=1515605027544956698,duration=8847432092[0Ktravis_fold:end:install.4[0Ktravis_time:start:04c140d8[0K$ inv coverage
[1m============================= test session starts ==============================[0m
platform linux -- Python 3.5.4, pytest-3.2.1, py-1.4.34, pluggy-0.4.0 -- /home/travis/virtualenv/python3.5.4/bin/python
cachedir: .cache
rootdir: /home/travis/build/paramiko/paramiko, inifile: setup.cfg
[1mcollecting 0 items                                                              [0m[1mcollecting 9 items                                                              [0m[1mcollecting 9 items                                                              [0m[1mcollecting 13 items                                                             [0m[1mcollecting 13 items                                                             [0m[1mcollecting 13 items                                                             [0m[1mcollecting 41 items                                                             [0m[1mcollecting 46 items                                                             [0m[1mcollecting 49 items                                                             [0m[1mcollecting 49 items                                                             [0m[1mcollecting 65 items                                                             [0m[1mcollecting 65 items                                                             [0m[1mcollecting 67 items                                                             [0m[1mcollecting 67 items                                                             [0m[1mcollecting 72 items                                                             [0m[1mcollecting 72 items                                                             [0m[1mcollecting 84 items                                                             [0m[1mcollecting 84 items                                                             [0m[1mcollecting 86 items                                                             [0m[1mcollecting 86 items                                                             [0m[1mcollecting 90 items                                                             [0m[1mcollecting 90 items                                                             [0m[1mcollecting 93 items                                                             [0m[1mcollecting 93 items                                                             [0m[1mcollecting 125 items                                                            [0m[1mcollecting 125 items                                                            [0m[1mcollecting 159 items                                                            [0m[1mcollecting 159 items                                                            [0m[1mcollecting 159 items                                                            [0m[1mcollecting 169 items                                                            [0m[1mcollecting 169 items                                                            [0m[1mcollecting 169 items                                                            [0m[1mcollecting 173 items                                                            [0m[1mcollecting 173 items                                                            [0m[1mcollecting 175 items                                                            [0m[1mcollecting 175 items                                                            [0m[1mcollecting 203 items                                                            [0m[1mcollecting 203 items                                                            [0m[1mcollecting 226 items                                                            [0m[1mcollecting 226 items                                                            [0m[1mcollected 226 items                                                             [0m

tests/test_auth.py::AuthTest::test_auth_gets_disconnected [32mPASSED[0m
tests/test_auth.py::AuthTest::test_auth_non_responsive [32mPASSED[0m
tests/test_auth.py::AuthTest::test_auth_non_utf8 [32mPASSED[0m
tests/test_auth.py::AuthTest::test_auth_utf8 [32mPASSED[0m
tests/test_auth.py::AuthTest::test_bad_auth_type [32mPASSED[0m
tests/test_auth.py::AuthTest::test_bad_password [32mPASSED[0m
tests/test_auth.py::AuthTest::test_interactive_auth [32mPASSED[0m
tests/test_auth.py::AuthTest::test_interactive_auth_fallback [32mPASSED[0m
tests/test_auth.py::AuthTest::test_multipart_auth [32mPASSED[0m
tests/test_buffered_pipe.py::BufferedPipeTest::test_1_buffered_pipe [32mPASSED[0m
tests/test_buffered_pipe.py::BufferedPipeTest::test_2_delay [32mPASSED[0m
tests/test_buffered_pipe.py::BufferedPipeTest::test_3_close_while_reading [32mPASSED[0m
tests/test_buffered_pipe.py::BufferedPipeTest::test_4_or_pipe [32mPASSED[0m
tests/test_client.py::SSHClientTest::test_10_auth_trickledown_gsskex [33mSKIPPED[0m
tests/test_client.py::SSHClientTest::test_11_auth_trickledown_gssauth [33mSKIPPED[0m
tests/test_client.py::SSHClientTest::test_12_reject_policy [32mPASSED[0m
tests/test_client.py::SSHClientTest::test_13_reject_policy_gsskex [33mSKIPPED[0m
tests/test_client.py::SSHClientTest::test_1_client [32mPASSED[0m
tests/test_client.py::SSHClientTest::test_2_5_client_ecdsa [32mPASSED[0m
tests/test_client.py::SSHClientTest::test_2_client_dsa [32mPASSED[0m
tests/test_client.py::SSHClientTest::test_3_multiple_key_files [32mPASSED[0m
tests/test_client.py::SSHClientTest::test_4_auto_add_policy [32mPASSED[0m
tests/test_client.py::SSHClientTest::test_5_save_host_keys [32mPASSED[0m
tests/test_client.py::SSHClientTest::test_6_cleanup [32mPASSED[0m
tests/test_client.py::SSHClientTest::test_7_banner_timeout [32mPASSED[0m
tests/test_client.py::SSHClientTest::test_8_auth_trickledown [32mPASSED[0m
tests/test_client.py::SSHClientTest::test_9_auth_timeout [32mPASSED[0m
tests/test_client.py::SSHClientTest::test_certs_allowed_as_key_filename_values [32mPASSED[0m
tests/test_client.py::SSHClientTest::test_certs_implicitly_loaded_alongside_key_filename_keys [32mPASSED[0m
tests/test_client.py::SSHClientTest::test_client_can_be_used_as_context_manager [32mPASSED[0m
tests/test_client.py::SSHClientTest::test_client_ed25519 [32mPASSED[0m
tests/test_client.py::SSHClientTest::test_client_rsa [32mPASSED[0m
tests/test_client.py::SSHClientTest::test_default_key_locations_trigger_cert_loads_if_found [32mPASSED[0m
tests/test_client.py::SSHClientTest::test_env_update_failures [33mSKIPPED[0m
tests/test_client.py::SSHClientTest::test_host_key_negotiation_1 [32mPASSED[0m
tests/test_client.py::SSHClientTest::test_host_key_negotiation_2 [32mPASSED[0m
tests/test_client.py::SSHClientTest::test_host_key_negotiation_3 [32mPASSED[0m
tests/test_client.py::SSHClientTest::test_host_key_negotiation_4 [32mPASSED[0m
tests/test_client.py::SSHClientTest::test_missing_key_policy_accepts_classes_or_instances [32mPASSED[0m
tests/test_client.py::SSHClientTest::test_multiple_key_files_failure [32mPASSED[0m
tests/test_client.py::SSHClientTest::test_update_environment [32mPASSED[0m
tests/test_client.py::PasswordPassphraseTests::test_passphrase_kwarg_not_used_for_password_auth [32mPASSED[0m
tests/test_client.py::PasswordPassphraseTests::test_passphrase_kwarg_used_for_key_passphrase [32mPASSED[0m
tests/test_client.py::PasswordPassphraseTests::test_password_kwarg_not_used_for_passphrase_when_passphrase_kwarg_given [32mPASSED[0m
tests/test_client.py::PasswordPassphraseTests::test_password_kwarg_used_for_passphrase_when_no_passphrase_kwarg_given [32mPASSED[0m
tests/test_client.py::PasswordPassphraseTests::test_password_kwarg_works_for_password_auth [32mPASSED[0m
tests/test_client.py::KeyboardInteractiveTests::test_auth_handler_does_not_interfere_with_non_2fa_users [32mPASSED[0m
tests/test_client.py::KeyboardInteractiveTests::test_no_auth_handler_for_2fa_user_falls_back_to_reading_from_input [31mFAILED[0m
tests/test_client.py::KeyboardInteractiveTests::test_two_factor_auth_handler_works [32mPASSED[0m
tests/test_file.py::BufferedFileTest::test_1_simple [32mPASSED[0m
tests/test_file.py::BufferedFileTest::test_2_readline [32mPASSED[0m
tests/test_file.py::BufferedFileTest::test_3_lf [32mPASSED[0m
tests/test_file.py::BufferedFileTest::test_4_write [32mPASSED[0m
tests/test_file.py::BufferedFileTest::test_5_flush [32mPASSED[0m
tests/test_file.py::BufferedFileTest::test_6_buffering [32mPASSED[0m
tests/test_file.py::BufferedFileTest::test_7_read_all [32mPASSED[0m
tests/test_file.py::BufferedFileTest::test_8_buffering [32mPASSED[0m
tests/test_file.py::BufferedFileTest::test_9_readable [32mPASSED[0m
tests/test_file.py::BufferedFileTest::test_A_writable [32mPASSED[0m
tests/test_file.py::BufferedFileTest::test_B_readinto [32mPASSED[0m
tests/test_file.py::BufferedFileTest::test_write_bad_type [32mPASSED[0m
tests/test_file.py::BufferedFileTest::test_write_buffer [33mSKIPPED[0m
tests/test_file.py::BufferedFileTest::test_write_bytearray [32mPASSED[0m
tests/test_file.py::BufferedFileTest::test_write_memoryview [32mPASSED[0m
tests/test_file.py::BufferedFileTest::test_write_unicode_as_binary [32mPASSED[0m
tests/test_gssapi.py::GSSAPITest::test_1_pyasn1 [33mSKIPPED[0m
tests/test_gssapi.py::GSSAPITest::test_2_gssapi_sspi [33mSKIPPED[0m
tests/test_hostkeys.py::HostKeysTest::test_1_load [32mPASSED[0m
tests/test_hostkeys.py::HostKeysTest::test_2_add [32mPASSED[0m
tests/test_hostkeys.py::HostKeysTest::test_3_dict [32mPASSED[0m
tests/test_hostkeys.py::HostKeysTest::test_4_dict_set [32mPASSED[0m
tests/test_hostkeys.py::HostKeysTest::test_delitem [32mPASSED[0m
tests/test_kex.py::KexTest::test_10_gex_sha256_server_with_old_client [32mPASSED[0m
tests/test_kex.py::KexTest::test_11_kex_nistp256_client [32mPASSED[0m
tests/test_kex.py::KexTest::test_12_kex_nistp256_server [32mPASSED[0m
tests/test_kex.py::KexTest::test_1_group1_client [32mPASSED[0m
tests/test_kex.py::KexTest::test_2_group1_server [32mPASSED[0m
tests/test_kex.py::KexTest::test_3_gex_client [32mPASSED[0m
tests/test_kex.py::KexTest::test_4_gex_old_client [32mPASSED[0m
tests/test_kex.py::KexTest::test_5_gex_server [32mPASSED[0m
tests/test_kex.py::KexTest::test_6_gex_server_with_old_client [32mPASSED[0m
tests/test_kex.py::KexTest::test_7_gex_sha256_client [32mPASSED[0m
tests/test_kex.py::KexTest::test_8_gex_sha256_old_client [32mPASSED[0m
tests/test_kex.py::KexTest::test_9_gex_sha256_server [32mPASSED[0m
tests/test_kex_gss.py::GSSKexTest::test_1_gsskex_and_auth [33mSKIPPED[0m
tests/test_kex_gss.py::GSSKexTest::test_2_gsskex_and_auth_rekey [33mSKIPPED[0m
tests/test_message.py::MessageTest::test_1_encode [32mPASSED[0m
tests/test_message.py::MessageTest::test_2_decode [32mPASSED[0m
tests/test_message.py::MessageTest::test_3_add [32mPASSED[0m
tests/test_message.py::MessageTest::test_4_misc [32mPASSED[0m
tests/test_packetizer.py::PacketizerTest::test_1_write [32mPASSED[0m
tests/test_packetizer.py::PacketizerTest::test_2_read [32mPASSED[0m
tests/test_packetizer.py::PacketizerTest::test_3_closed [32mPASSED[0m
tests/test_pkey.py::KeyTest::test_10_load_ecdsa_256 [32mPASSED[0m
tests/test_pkey.py::KeyTest::test_11_load_ecdsa_password_256 [32mPASSED[0m
tests/test_pkey.py::KeyTest::test_12_compare_ecdsa_256 [32mPASSED[0m
tests/test_pkey.py::KeyTest::test_13_sign_ecdsa_256 [32mPASSED[0m
tests/test_pkey.py::KeyTest::test_14_load_ecdsa_384 [32mPASSED[0m
tests/test_pkey.py::KeyTest::test_15_load_ecdsa_password_384 [32mPASSED[0m
tests/test_pkey.py::KeyTest::test_16_compare_ecdsa_384 [32mPASSED[0m
tests/test_pkey.py::KeyTest::test_17_sign_ecdsa_384 [32mPASSED[0m
tests/test_pkey.py::KeyTest::test_18_load_ecdsa_521 [32mPASSED[0m
tests/test_pkey.py::KeyTest::test_19_load_ecdsa_password_521 [32mPASSED[0m
tests/test_pkey.py::KeyTest::test_1_generate_key_bytes [32mPASSED[0m
tests/test_pkey.py::KeyTest::test_20_compare_ecdsa_521 [32mPASSED[0m
tests/test_pkey.py::KeyTest::test_21_sign_ecdsa_521 [32mPASSED[0m
tests/test_pkey.py::KeyTest::test_2_load_rsa [32mPASSED[0m
tests/test_pkey.py::KeyTest::test_3_load_rsa_password [32mPASSED[0m
tests/test_pkey.py::KeyTest::test_4_load_dss [32mPASSED[0m
tests/test_pkey.py::KeyTest::test_5_load_dss_password [32mPASSED[0m
tests/test_pkey.py::KeyTest::test_6_compare_rsa [32mPASSED[0m
tests/test_pkey.py::KeyTest::test_7_compare_dss [32mPASSED[0m
tests/test_pkey.py::KeyTest::test_8_sign_rsa [32mPASSED[0m
tests/test_pkey.py::KeyTest::test_9_sign_dss [32mPASSED[0m
tests/test_pkey.py::KeyTest::test_A_generate_rsa [32mPASSED[0m
tests/test_pkey.py::KeyTest::test_B_generate_dss [32mPASSED[0m
tests/test_pkey.py::KeyTest::test_C_generate_ecdsa [32mPASSED[0m
tests/test_pkey.py::KeyTest::test_certificates [32mPASSED[0m
tests/test_pkey.py::KeyTest::test_ed25519 [32mPASSED[0m
tests/test_pkey.py::KeyTest::test_ed25519_compare [32mPASSED[0m
tests/test_pkey.py::KeyTest::test_ed25519_load_from_file_obj [32mPASSED[0m
tests/test_pkey.py::KeyTest::test_ed25519_nonbytes_password [32mPASSED[0m
tests/test_pkey.py::KeyTest::test_keyfile_is_actually_encrypted [32mPASSED[0m
tests/test_pkey.py::KeyTest::test_salt_size [32mPASSED[0m
tests/test_pkey.py::KeyTest::test_stringification [32mPASSED[0m
tests/test_sftp.py::TestSFTP::test_1_file [32mPASSED[0m
tests/test_sftp.py::TestSFTP::test_2_close [32mPASSED[0m
tests/test_sftp.py::TestSFTP::test_2_sftp_can_be_used_as_context_manager [32mPASSED[0m
tests/test_sftp.py::TestSFTP::test_3_write [32mPASSED[0m
tests/test_sftp.py::TestSFTP::test_3_sftp_file_can_be_used_as_context_manager [32mPASSED[0m
tests/test_sftp.py::TestSFTP::test_4_append [32mPASSED[0m
tests/test_sftp.py::TestSFTP::test_5_rename [32mPASSED[0m
tests/test_sftp.py::TestSFTP::test_5a_posix_rename [32mPASSED[0m
tests/test_sftp.py::TestSFTP::test_6_folder [32mPASSED[0m
tests/test_sftp.py::TestSFTP::test_7_listdir [32mPASSED[0m
tests/test_sftp.py::TestSFTP::test_7_5_listdir_iter [32mPASSED[0m
tests/test_sftp.py::TestSFTP::test_8_setstat [32mPASSED[0m
tests/test_sftp.py::TestSFTP::test_9_fsetstat [32mPASSED[0m
tests/test_sftp.py::TestSFTP::test_A_readline_seek [32mPASSED[0m
tests/test_sftp.py::TestSFTP::test_B_write_seek [32mPASSED[0m
tests/test_sftp.py::TestSFTP::test_C_symlink [32mPASSED[0m
tests/test_sftp.py::TestSFTP::test_D_flush_seek [32mPASSED[0m
tests/test_sftp.py::TestSFTP::test_E_realpath [32mPASSED[0m
tests/test_sftp.py::TestSFTP::test_F_mkdir [32mPASSED[0m
tests/test_sftp.py::TestSFTP::test_G_chdir [32mPASSED[0m
tests/test_sftp.py::TestSFTP::test_H_get_put [32mPASSED[0m
tests/test_sftp.py::TestSFTP::test_I_check [32mPASSED[0m
tests/test_sftp.py::TestSFTP::test_J_x_flag [32mPASSED[0m
tests/test_sftp.py::TestSFTP::test_K_utf8 [32mPASSED[0m
tests/test_sftp.py::TestSFTP::test_L_utf8_chdir [32mPASSED[0m
tests/test_sftp.py::TestSFTP::test_M_bad_readv [32mPASSED[0m
tests/test_sftp.py::TestSFTP::test_N_put_without_confirm [32mPASSED[0m
tests/test_sftp.py::TestSFTP::test_O_getcwd [32mPASSED[0m
tests/test_sftp.py::TestSFTP::test_putfo_empty_file [32mPASSED[0m
tests/test_sftp.py::TestSFTP::test_N_file_with_percent [33mSKIPPED[0m
tests/test_sftp.py::TestSFTP::test_O_non_utf8_data [32mPASSED[0m
tests/test_sftp.py::TestSFTP::test_sftp_attributes_empty_str [32mPASSED[0m
tests/test_sftp.py::TestSFTP::test_write_buffer [33mSKIPPED[0m
tests/test_sftp.py::TestSFTP::test_write_memoryview [32mPASSED[0m
tests/test_sftp_big.py::TestBigSFTP::test_1_lots_of_files [32mPASSED[0m
tests/test_sftp_big.py::TestBigSFTP::test_2_big_file [32mPASSED[0m
tests/test_sftp_big.py::TestBigSFTP::test_3_big_file_pipelined [32mPASSED[0m
tests/test_sftp_big.py::TestBigSFTP::test_4_prefetch_seek [32mPASSED[0m
tests/test_sftp_big.py::TestBigSFTP::test_5_readv_seek [32mPASSED[0m
tests/test_sftp_big.py::TestBigSFTP::test_6_lots_of_prefetching [32mPASSED[0m
tests/test_sftp_big.py::TestBigSFTP::test_7_prefetch_readv [32mPASSED[0m
tests/test_sftp_big.py::TestBigSFTP::test_8_large_readv [32mPASSED[0m
tests/test_sftp_big.py::TestBigSFTP::test_9_big_file_big_buffer [32mPASSED[0m
tests/test_sftp_big.py::TestBigSFTP::test_A_big_file_renegotiate [32mPASSED[0m
tests/test_ssh_exception.py::NoValidConnectionsErrorTest::test_error_message_for_multiple_hosts [32mPASSED[0m
tests/test_ssh_exception.py::NoValidConnectionsErrorTest::test_error_message_for_single_host [32mPASSED[0m
tests/test_ssh_exception.py::NoValidConnectionsErrorTest::test_error_message_for_two_hosts [32mPASSED[0m
tests/test_ssh_exception.py::NoValidConnectionsErrorTest::test_pickling [32mPASSED[0m
tests/test_ssh_gss.py::GSSAuthTest::test_1_gss_auth [33mSKIPPED[0m
tests/test_ssh_gss.py::GSSAuthTest::test_2_auth_trickledown [33mSKIPPED[0m
tests/test_transport.py::TransportTest::test_1_security_options [32mPASSED[0m
tests/test_transport.py::TransportTest::test_1b_security_options_reset [32mPASSED[0m
tests/test_transport.py::TransportTest::test_2_compute_key [32mPASSED[0m
tests/test_transport.py::TransportTest::test_3_simple [32mPASSED[0m
tests/test_transport.py::TransportTest::test_3a_long_banner [32mPASSED[0m
tests/test_transport.py::TransportTest::test_4_special [32mPASSED[0m
tests/test_transport.py::TransportTest::test_5_keepalive [32mPASSED[0m
tests/test_transport.py::TransportTest::test_6_exec_command [32mPASSED[0m
tests/test_transport.py::TransportTest::test_6a_channel_can_be_used_as_context_manager [32mPASSED[0m
tests/test_transport.py::TransportTest::test_7_invoke_shell [32mPASSED[0m
tests/test_transport.py::TransportTest::test_8_channel_exception [32mPASSED[0m
tests/test_transport.py::TransportTest::test_9_exit_status [32mPASSED[0m
tests/test_transport.py::TransportTest::test_A_select [32mPASSED[0m
tests/test_transport.py::TransportTest::test_B_renegotiate [32mPASSED[0m
tests/test_transport.py::TransportTest::test_C_compression [32mPASSED[0m
tests/test_transport.py::TransportTest::test_D_x11 [32mPASSED[0m
tests/test_transport.py::TransportTest::test_E_reverse_port_forwarding [32mPASSED[0m
tests/test_transport.py::TransportTest::test_F_port_forwarding [32mPASSED[0m
tests/test_transport.py::TransportTest::test_G_stderr_select [32mPASSED[0m
tests/test_transport.py::TransportTest::test_H_send_ready [32mPASSED[0m
tests/test_transport.py::TransportTest::test_I_rekey_deadlock [32mPASSED[0m
tests/test_transport.py::TransportTest::test_J_sanitze_packet_size [32mPASSED[0m
tests/test_transport.py::TransportTest::test_K_sanitze_window_size [32mPASSED[0m
tests/test_transport.py::TransportTest::test_L_handshake_timeout [32mPASSED[0m
tests/test_transport.py::TransportTest::test_M_select_after_close [32mPASSED[0m
tests/test_transport.py::TransportTest::test_channel_send_buffer [33mSKIPPED[0m
tests/test_transport.py::TransportTest::test_channel_send_memoryview [32mPASSED[0m
tests/test_transport.py::TransportTest::test_channel_send_misc [32mPASSED[0m
tests/test_util.py::UtilTest::test_clamp_value [32mPASSED[0m
tests/test_util.py::UtilTest::test_config_addressfamily_and_lazy_fqdn [32mPASSED[0m
tests/test_util.py::UtilTest::test_config_dos_crlf_succeeds [32mPASSED[0m
tests/test_util.py::UtilTest::test_eintr_retry [32mPASSED[0m
tests/test_util.py::UtilTest::test_generate_key_bytes [32mPASSED[0m
tests/test_util.py::UtilTest::test_get_hostnames [32mPASSED[0m
tests/test_util.py::UtilTest::test_host_config [32mPASSED[0m
tests/test_util.py::UtilTest::test_host_config_expose_issue_33 [32mPASSED[0m
tests/test_util.py::UtilTest::test_host_config_test_identityfile [32mPASSED[0m
tests/test_util.py::UtilTest::test_host_config_test_negation [32mPASSED[0m
tests/test_util.py::UtilTest::test_host_config_test_proxycommand [32mPASSED[0m
tests/test_util.py::UtilTest::test_host_keys [32mPASSED[0m
tests/test_util.py::UtilTest::test_import [32mPASSED[0m
tests/test_util.py::UtilTest::test_parse_config [32mPASSED[0m
tests/test_util.py::UtilTest::test_proxycommand_config_equals_parsing [32mPASSED[0m
tests/test_util.py::UtilTest::test_proxycommand_interpolation [32mPASSED[0m
tests/test_util.py::UtilTest::test_proxycommand_none_issue_418 [32mPASSED[0m
tests/test_util.py::UtilTest::test_proxycommand_none_masking [32mPASSED[0m
tests/test_util.py::UtilTest::test_proxycommand_tilde_expansion [32mPASSED[0m
tests/test_util.py::UtilTest::test_quoted_host_in_config [32mPASSED[0m
tests/test_util.py::UtilTest::test_quoted_host_names [32mPASSED[0m
tests/test_util.py::UtilTest::test_quoted_params_in_config [32mPASSED[0m
tests/test_util.py::UtilTest::test_safe_string [32mPASSED[0m

=================================== FAILURES ===================================
[31m[1m KeyboardInteractiveTests.test_no_auth_handler_for_2fa_user_falls_back_to_reading_from_input [0m

self = <tests.test_client.KeyboardInteractiveTests testMethod=test_no_auth_handler_for_2fa_user_falls_back_to_reading_from_input>

[1m    def test_no_auth_handler_for_2fa_user_falls_back_to_reading_from_input(self):[0m
[1m        # We check for IOError rather than AuthenticationException because[0m
[1m        # the test suite captures output, so reading from stdin (as the[0m
[1m        # default auth_interactive_dumb does) will throw an IOError[0m
[1m        with self.assertRaises(IOError) as cm:[0m
[1m            self._test_connection([0m
[1m                key_filename=_support('test_rsa_password.key'),[0m
[1m>               passphrase='television',[0m
[1m            )[0m

[1m[31mtests/test_client.py[0m:749: 
_ _ _ _ _ _ _ _ _ _ _ _ _ _ _ _ _ _ _ _ _ _ _ _ _ _ _ _ _ _ _ _ _ _ _ _ _ _ _ _ 
[1m[31mtests/test_client.py[0m:218: in _test_connection
[1m    self.tc.connect(**dict(self.connect_kwargs, **kwargs))[0m
[1m[31mparamiko/client.py[0m:431: in connect
[1m    passphrase, auth_interactive_handler,[0m
[1m[31mparamiko/client.py[0m:737: in _auth
[1m    raise saved_exception[0m
[1m[31mparamiko/client.py[0m:730: in _auth
[1m    self._transport.auth_interactive_dumb(username)[0m
[1m[31mparamiko/transport.py[0m:1524: in auth_interactive_dumb
[1m    return self.auth_interactive(username, handler, submethods)[0m
[1m[31mparamiko/transport.py[0m:1503: in auth_interactive
[1m    return self.auth_handler.wait_for_response(my_event)[0m
_ _ _ _ _ _ _ _ _ _ _ _ _ _ _ _ _ _ _ _ _ _ _ _ _ _ _ _ _ _ _ _ _ _ _ _ _ _ _ _ 

[1m    def wait_for_response(self, event):[0m
[1m        max_ts = None[0m
[1m        if self.transport.auth_timeout is not None:[0m
[1m            max_ts = time.time() + self.transport.auth_timeout[0m
[1m        while True:[0m
[1m            event.wait(0.1)[0m
[1m            if not self.transport.is_active():[0m
[1m                e = self.transport.get_exception()[0m
[1m                if (e is None) or issubclass(e.__class__, EOFError):[0m
[1m                    e = AuthenticationException('Authentication failed.')[0m
[1m                raise e[0m
[1m            if event.is_set():[0m
[1m                break[0m
[1m            if max_ts is not None and max_ts <= time.time():[0m
[1m>               raise AuthenticationException('Authentication timeout.')[0m
[31m[1mE               paramiko.ssh_exception.AuthenticationException: Authentication timeout.[0m

[1m[31mparamiko/auth_handler.py[0m:216: AuthenticationException
----------------------------- Captured stdout call -----------------------------
Verification code: 
----------------------------- Captured stderr call -----------------------------
[6874.131202697754]	DEBUG:paramiko.transport:starting thread (client mode): 0x1afd3c18
[6875.068664550781]	DEBUG:paramiko.transport:Local version/idstring: SSH-2.0-paramiko_2.4.0
[6875.971078872681]	DEBUG:paramiko.transport:starting thread (server mode): 0x18fbe2b0
[6876.2047290802]	DEBUG:paramiko.transport:Local version/idstring: SSH-2.0-paramiko_2.4.0
[6876.348495483398]	DEBUG:paramiko.transport:Remote version/idstring: SSH-2.0-paramiko_2.4.0
[6876.434087753296]	INFO:paramiko.transport:Connected (version 2.0, client paramiko_2.4.0)
[6876.726388931274]	DEBUG:paramiko.transport:Remote version/idstring: SSH-2.0-paramiko_2.4.0
[6876.816987991333]	INFO:paramiko.transport:Connected (version 2.0, client paramiko_2.4.0)
[6877.748012542725]	DEBUG:paramiko.transport:kex algos:['ecdh-sha2-nistp256', 'ecdh-sha2-nistp384', 'ecdh-sha2-nistp521', 'diffie-hellman-group-exchange-sha256', 'diffie-hellman-group-exchange-sha1', 'diffie-hellman-group14-sha1', 'diffie-hellman-group1-sha1'] server key:['ssh-rsa', 'ssh-ed25519', 'ecdsa-sha2-nistp256', 'ecdsa-sha2-nistp384', 'ecdsa-sha2-nistp521', 'ssh-dss'] client encrypt:['aes128-ctr', 'aes192-ctr', 'aes256-ctr', 'aes128-cbc', 'aes192-cbc', 'aes256-cbc', 'blowfish-cbc', '3des-cbc'] server encrypt:['aes128-ctr', 'aes192-ctr', 'aes256-ctr', 'aes128-cbc', 'aes192-cbc', 'aes256-cbc', 'blowfish-cbc', '3des-cbc'] client mac:['hmac-sha2-256', 'hmac-sha2-512', 'hmac-sha1', 'hmac-md5', 'hmac-sha1-96', 'hmac-md5-96'] server mac:['hmac-sha2-256', 'hmac-sha2-512', 'hmac-sha1', 'hmac-md5', 'hmac-sha1-96', 'hmac-md5-96'] client compress:['none'] server compress:['none'] client lang:[''] server lang:[''] kex follows?False
[6877.854347229004]	DEBUG:paramiko.transport:Kex agreed: ecdh-sha2-nistp256
[6877.946138381958]	DEBUG:paramiko.transport:HostKey agreed: ssh-rsa
[6878.089189529419]	DEBUG:paramiko.transport:Cipher agreed: aes128-ctr
[6878.230810165405]	DEBUG:paramiko.transport:MAC agreed: hmac-sha2-256
[6878.364324569702]	DEBUG:paramiko.transport:Compression agreed: none
[6879.263639450073]	DEBUG:paramiko.transport:kex algos:['ecdh-sha2-nistp256', 'ecdh-sha2-nistp384', 'ecdh-sha2-nistp521', 'diffie-hellman-group14-sha1', 'diffie-hellman-group1-sha1'] server key:['ecdsa-sha2-nistp256', 'ssh-rsa'] client encrypt:['aes128-ctr', 'aes192-ctr', 'aes256-ctr', 'aes128-cbc', 'aes192-cbc', 'aes256-cbc', 'blowfish-cbc', '3des-cbc'] server encrypt:['aes128-ctr', 'aes192-ctr', 'aes256-ctr', 'aes128-cbc', 'aes192-cbc', 'aes256-cbc', 'blowfish-cbc', '3des-cbc'] client mac:['hmac-sha2-256', 'hmac-sha2-512', 'hmac-sha1', 'hmac-md5', 'hmac-sha1-96', 'hmac-md5-96'] server mac:['hmac-sha2-256', 'hmac-sha2-512', 'hmac-sha1', 'hmac-md5', 'hmac-sha1-96', 'hmac-md5-96'] client compress:['none'] server compress:['none'] client lang:[''] server lang:[''] kex follows?False
[6879.387617111206]	DEBUG:paramiko.transport:Kex agreed: ecdh-sha2-nistp256
[6879.55117225647]	DEBUG:paramiko.transport:HostKey agreed: ssh-rsa
[6879.714250564575]	DEBUG:paramiko.transport:Cipher agreed: aes128-ctr
[6879.81104850769]	DEBUG:paramiko.transport:MAC agreed: hmac-sha2-256
[6879.8933029174805]	DEBUG:paramiko.transport:Compression agreed: none
[6902.016639709473]	DEBUG:paramiko.transport:EOF in transport thread
[6902.433633804321]	DEBUG:paramiko.transport:EOF in transport thread
[6921.908855438232]	DEBUG:paramiko.transport:kex engine KexNistp256 specified hash_algo <built-in function openssl_sha256>
[6923.447608947754]	DEBUG:paramiko.transport:kex engine KexNistp256 specified hash_algo <built-in function openssl_sha256>
[6923.892259597778]	DEBUG:paramiko.transport:Switch to new keys ...
[6924.514055252075]	DEBUG:paramiko.transport:Switch to new keys ...
[6926.113605499268]	DEBUG:paramiko.transport:Trying discovered key b'60733844cb5186657fdedaa22b5a57d5' in /home/travis/build/paramiko/paramiko/tests/test_rsa_password.key
[6927.330255508423]	DEBUG:paramiko.transport:userauth is OK
[6929.228067398071]	DEBUG:paramiko.transport:Auth request (type=publickey) service=ssh-connection, username=twofactor
[6930.067539215088]	INFO:paramiko.transport:Auth rejected (publickey).
[6930.540561676025]	INFO:paramiko.transport:Authentication continues...
[6930.6323528289795]	DEBUG:paramiko.transport:Methods: ['publickey', 'keyboard-interactive']
[6931.498765945435]	DEBUG:paramiko.transport:userauth is OK
[6932.024240493774]	DEBUG:paramiko.transport:Auth request (type=keyboard-interactive) service=ssh-connection, username=twofactor
Exception in thread Thread-219:
Traceback (most recent call last):
  File "/home/travis/build/paramiko/paramiko/paramiko/transport.py", line 1908, in run
    handler(self.auth_handler, m)
  File "/home/travis/build/paramiko/paramiko/paramiko/auth_handler.py", line 631, in _parse_userauth_info_request
    title, instructions, prompt_list)
  File "/home/travis/build/paramiko/paramiko/paramiko/transport.py", line 1522, in handler
    answers.append(input())
  File "/home/travis/virtualenv/python3.5.4/lib/python3.5/site-packages/_pytest/capture.py", line 459, in read
    raise IOError("reading from stdin while output is captured")
OSError: reading from stdin while output is captured

During handling of the above exception, another exception occurred:

Traceback (most recent call last):
  File "/opt/python/3.5.4/lib/python3.5/threading.py", line 914, in _bootstrap_inner
    self.run()
  File "/home/travis/build/paramiko/paramiko/paramiko/transport.py", line 1929, in run
    emsg = '{} ({:d})'.format(e.args[1], e.args[0])
IndexError: tuple index out of range

[6969.538450241089]	DEBUG:paramiko.transport:EOF in transport thread
[6969.867706298828]	DEBUG:paramiko.transport:EOF in transport thread
[9779.638767242432]	INFO:paramiko.transport:Auth granted (password).
[9780.208110809326]	DEBUG:paramiko.transport:EOF in transport thread
[36995.30744552612]	DEBUG:paramiko.transport:EOF in transport thread
[31m[1m============== 1 failed, 211 passed, 14 skipped in 102.38 seconds ==============[0m
[102813.00020217896]	DEBUG:paramiko.transport:EOF in transport thread

travis_time:end:04c140d8:start=1515605027552170711,finish=1515605131455450879,duration=103903280168[0K
[31;1mThe command "inv coverage" exited with 1.[0m
travis_time:start:00f5cf63[0K$ inv sites
[01mRunning Sphinx v1.4.9[39;49;00m
[01mloading pickled environment... [39;49;00mdone
[01mbuilding [mo]: [39;49;00mtargets for 0 po files that are out of date
[01mbuilding [html][39;49;00m: targets for 0 source files that are out of date
[01mupdating environment: [39;49;00m[config changed] 19 added, 0 changed, 0 removed
[01mreading sources... [39;49;00m[  5%] [35mapi/agent[39;49;00m                                             [01mreading sources... [39;49;00m[ 10%] [35mapi/buffered_pipe[39;49;00m                                     [01mreading sources... [39;49;00m[ 15%] [35mapi/channel[39;49;00m                                           [01mreading sources... [39;49;00m[ 21%] [35mapi/client[39;49;00m                                            [01mreading sources... [39;49;00m[ 26%] [35mapi/config[39;49;00m                                            [01mreading sources... [39;49;00m[ 31%] [35mapi/file[39;49;00m                                              [01mreading sources... [39;49;00m[ 36%] [35mapi/hostkeys[39;49;00m                                          [01mreading sources... [39;49;00m[ 42%] [35mapi/kex_gss[39;49;00m                                           [01mreading sources... [39;49;00m[ 47%] [35mapi/keys[39;49;00m                                              [01mreading sources... [39;49;00m[ 52%] [35mapi/message[39;49;00m                                           [01mreading sources... [39;49;00m[ 57%] [35mapi/packet[39;49;00m                                            [01mreading sources... [39;49;00m[ 63%] [35mapi/pipe[39;49;00m                                              [01mreading sources... [39;49;00m[ 68%] [35mapi/proxy[39;49;00m                                             [01mreading sources... [39;49;00m[ 73%] [35mapi/server[39;49;00m                                            [01mreading sources... [39;49;00m[ 78%] [35mapi/sftp[39;49;00m                                              [01mreading sources... [39;49;00m[ 84%] [35mapi/ssh_exception[39;49;00m                                     [01mreading sources... [39;49;00m[ 89%] [35mapi/ssh_gss[39;49;00m                                           [01mreading sources... [39;49;00m[ 94%] [35mapi/transport[39;49;00m                                         [01mreading sources... [39;49;00m[100%] [35mindex[39;49;00m                                                 
[01mlooking for now-outdated files... [39;49;00mnone found
[01mpickling environment... [39;49;00mdone
[01mchecking consistency... [39;49;00mdone
[01mpreparing documents... [39;49;00mdone
[01mwriting output... [39;49;00m[  5%] [32mapi/agent[39;49;00m                                              [01mwriting output... [39;49;00m[ 10%] [32mapi/buffered_pipe[39;49;00m                                      [01mwriting output... [39;49;00m[ 15%] [32mapi/channel[39;49;00m                                            [01mwriting output... [39;49;00m[ 21%] [32mapi/client[39;49;00m                                             [01mwriting output... [39;49;00m[ 26%] [32mapi/config[39;49;00m                                             [01mwriting output... [39;49;00m[ 31%] [32mapi/file[39;49;00m                                               [01mwriting output... [39;49;00m[ 36%] [32mapi/hostkeys[39;49;00m                                           [01mwriting output... [39;49;00m[ 42%] [32mapi/kex_gss[39;49;00m                                            [01mwriting output... [39;49;00m[ 47%] [32mapi/keys[39;49;00m                                               [01mwriting output... [39;49;00m[ 52%] [32mapi/message[39;49;00m                                            [01mwriting output... [39;49;00m[ 57%] [32mapi/packet[39;49;00m                                             [01mwriting output... [39;49;00m[ 63%] [32mapi/pipe[39;49;00m                                               [01mwriting output... [39;49;00m[ 68%] [32mapi/proxy[39;49;00m                                              [01mwriting output... [39;49;00m[ 73%] [32mapi/server[39;49;00m                                             [01mwriting output... [39;49;00m[ 78%] [32mapi/sftp[39;49;00m                                               [01mwriting output... [39;49;00m[ 84%] [32mapi/ssh_exception[39;49;00m                                      [01mwriting output... [39;49;00m[ 89%] [32mapi/ssh_gss[39;49;00m                                            [01mwriting output... [39;49;00m[ 94%] [32mapi/transport[39;49;00m                                          [01mwriting output... [39;49;00m[100%] [32mindex[39;49;00m                                                  
[01mgenerating indices...[39;49;00m genindex py-modindex
[01mwriting additional pages...[39;49;00m search
[01mcopying static files... [39;49;00mdone
[01mcopying extra files... [39;49;00mdone
[01mdumping search index in English (code: en) ... [39;49;00mdone
[01mdumping object inventory... [39;49;00mdone
[01mbuild succeeded.[39;49;00m
[01mRunning Sphinx v1.4.9[39;49;00m
[01mloading pickled environment... [39;49;00mdone
loading intersphinx inventory from /home/travis/build/paramiko/paramiko/sites/www/../docs/_build/objects.inv...
[01mbuilding [mo]: [39;49;00mtargets for 0 po files that are out of date
[01mbuilding [html][39;49;00m: targets for 0 source files that are out of date
[01mupdating environment: [39;49;00m[config changed] 7 added, 0 changed, 0 removed
[01mreading sources... [39;49;00m[ 14%] [35mchangelog[39;49;00m                                             [01mreading sources... [39;49;00m[ 28%] [35mcontact[39;49;00m                                               [01mreading sources... [39;49;00m[ 42%] [35mcontributing[39;49;00m                                          [01mreading sources... [39;49;00m[ 57%] [35mfaq[39;49;00m                                                   [01mreading sources... [39;49;00m[ 71%] [35mindex[39;49;00m                                                 [01mreading sources... [39;49;00m[ 85%] [35minstalling[39;49;00m                                            [01mreading sources... [39;49;00m[100%] [35minstalling-1.x[39;49;00m                                        
[01mlooking for now-outdated files... [39;49;00mnone found
[01mpickling environment... [39;49;00mdone
[01mchecking consistency... [39;49;00mdone
[01mpreparing documents... [39;49;00mdone
[01mwriting output... [39;49;00m[ 14%] [32mchangelog[39;49;00m                                              [01mwriting output... [39;49;00m[ 28%] [32mcontact[39;49;00m                                                [01mwriting output... [39;49;00m[ 42%] [32mcontributing[39;49;00m                                           [01mwriting output... [39;49;00m[ 57%] [32mfaq[39;49;00m                                                    [01mwriting output... [39;49;00m[ 71%] [32mindex[39;49;00m                                                  [01mwriting output... [39;49;00m[ 85%] [32minstalling[39;49;00m                                             [01mwriting output... [39;49;00m[100%] [32minstalling-1.x[39;49;00m                                         
[01mgenerating indices...[39;49;00m genindex
[01mwriting additional pages...[39;49;00m search
[01mcopying static files... [39;49;00mdone
[01mcopying extra files... [39;49;00mdone
[01mdumping search index in English (code: en) ... [39;49;00mdone
[01mdumping object inventory... [39;49;00mdone
[01mbuild succeeded.[39;49;00m

travis_time:end:00f5cf63:start=1515605131465922968,finish=1515605153842934046,duration=22377011078[0K
[32;1mThe command "inv sites" exited with 0.[0m
travis_time:start:2825456d[0K$ flake8

travis_time:end:2825456d:start=1515605153849022485,finish=1515605157587393362,duration=3738370877[0K
[32;1mThe command "flake8" exited with 0.[0m
travis_fold:start:cache.2[0Kstore build cache
travis_time:start:17fc35aa[0K
travis_time:end:17fc35aa:start=1515605157594321806,finish=1515605157599507660,duration=5185854[0Ktravis_time:start:0036afb0[0K[32;1mchange detected (content changed, file is created, or file is deleted):
/home/travis/.cache/pip/http/0/5/1/d/d/051ddbcfada687fb27df4b43966167a67f6706da37bcbb89d2838836
/home/travis/.cache/pip/http/0/8/d/c/e/08dcef3be0bb9cce46e42c11d622ed3fea0797e37de9ffac3f5d70d7
/home/travis/.cache/pip/http/0/c/7/8/c/0c78cc5ddccddcf3238359feeac7e1cddd59216d6ded4659cf5965cd
/home/travis/.cache/pip/http/0/d/e/2/d/0de2def333d81c5bf5211ffa60584b36f6d465a6a3eff4c58e8a1bd5
/home/travis/.cache/pip/http/1/6/c/0/a/16c0a548c0c7afeaacb56da8e61131e0c5170decf39c9f6df1f3cd07
/home/travis/.cache/pip/http/1/b/8/4/3/1b843694276f9314098fbdeeb5b682016144709c2c46ab7480beb11c
/home/travis/.cache/pip/http/2/e/c/8/3/2ec83fa5ee427c5248df204aab14e0668e17ad06703be6c7d1a81fd7
/home/travis/.cache/pip/http/2/f/6/0/e/2f60ee2e6b2f8d9d74debb0760385405e98f6d110bddba8ef79ec89c
/home/travis/.cache/pip/http/3/a/f/3/a/3af3addf06e983a6c02f46e7bea70c221d3ff95bf1418fa6da354e14
/home/travis/.cache/pip/http/3/c/3/7/a/3c37a5dd5044936b084b1d3a8df72098556842635bb91eba2b554622
/home/travis/.cache/pip/http/3/f/b/1/f/3f
[0m
[32;1m...
[0m
[32;1mchanges detected, packing new archive[0m
[32;1muploading archive[0m

travis_time:end:0036afb0:start=1515605157605599132,finish=1515605163016305802,duration=5410706670[0Ktravis_fold:end:cache.2[0K
Done. Your build exited with 1.
