Using worker: worker-linux-docker-b13aa449.prod.travis-ci.org:travis-linux-13

travis_fold:start:system_info[0K[33;1mBuild system information[0m
Build language: java
Build group: stable
Build dist: precise
Build id: 151852758
Job id: 151852759
travis-build version: 17f5a31fb
[34m[1mBuild image provisioning date and time[0m
Thu Feb  5 15:09:33 UTC 2015
[34m[1mOperating System Details[0m
Distributor ID:	Ubuntu
Description:	Ubuntu 12.04.5 LTS
Release:	12.04
Codename:	precise
[34m[1mLinux Version[0m
3.13.0-29-generic
[34m[1mCookbooks Version[0m
a68419e https://github.com/travis-ci/travis-cookbooks/tree/a68419e
[34m[1mGCC version[0m
gcc (Ubuntu/Linaro 4.6.3-1ubuntu5) 4.6.3
Copyright (C) 2011 Free Software Foundation, Inc.
This is free software; see the source for copying conditions.  There is NO
warranty; not even for MERCHANTABILITY or FITNESS FOR A PARTICULAR PURPOSE.

[34m[1mLLVM version[0m
clang version 3.4 (tags/RELEASE_34/final)
Target: x86_64-unknown-linux-gnu
Thread model: posix
[34m[1mPre-installed Ruby versions[0m
ruby-1.9.3-p551
[34m[1mPre-installed Node.js versions[0m
v0.10.36
[34m[1mPre-installed Go versions[0m
1.4.1
[34m[1mRedis version[0m
redis-server 2.8.19
[34m[1mriak version[0m
2.0.2
[34m[1mMongoDB version[0m
MongoDB 2.4.12
[34m[1mCouchDB version[0m
couchdb 1.6.1
[34m[1mNeo4j version[0m
1.9.4
[34m[1mRabbitMQ Version[0m
3.4.3
[34m[1mElasticSearch version[0m
1.4.0
[34m[1mInstalled Sphinx versions[0m
2.0.10
2.1.9
2.2.6
[34m[1mDefault Sphinx version[0m
2.2.6
[34m[1mInstalled Firefox version[0m
firefox 31.0esr
[34m[1mPhantomJS version[0m
1.9.8
[34m[1mant -version[0m
Apache Ant(TM) version 1.8.2 compiled on December 3 2011
[34m[1mmvn -version[0m
Apache Maven 3.2.5 (12a6b3acb947671f09b81f49094c53f426d8cea1; 2014-12-14T17:29:23+00:00)
Maven home: /usr/local/maven
Java version: 1.7.0_76, vendor: Oracle Corporation
Java home: /usr/lib/jvm/java-7-oracle/jre
Default locale: en_US, platform encoding: ANSI_X3.4-1968
OS name: "linux", version: "3.13.0-29-generic", arch: "amd64", family: "unix"
travis_fold:end:system_info[0K
travis_fold:start:fix.CVE-2015-7547[0K$ export DEBIAN_FRONTEND=noninteractive
W: Size of file /var/lib/apt/lists/us.archive.ubuntu.com_ubuntu_dists_precise-backports_multiverse_source_Sources.gz is not what the server reported 5886 5888
W: Size of file /var/lib/apt/lists/ppa.launchpad.net_ubuntugis_ppa_ubuntu_dists_precise_main_binary-amd64_Packages.gz is not what the server reported 33653 36677
W: Size of file /var/lib/apt/lists/ppa.launchpad.net_ubuntugis_ppa_ubuntu_dists_precise_main_binary-i386_Packages.gz is not what the server reported 33699 36733
Reading package lists...
Building dependency tree...
Reading state information...
The following extra packages will be installed:
  libc-bin libc-dev-bin libc6-dev
Suggested packages:
  glibc-doc
The following packages will be upgraded:
  libc-bin libc-dev-bin libc6 libc6-dev
4 upgraded, 0 newly installed, 0 to remove and 252 not upgraded.
Need to get 8,840 kB of archives.
After this operation, 14.3 kB disk space will be freed.
Get:1 http://us.archive.ubuntu.com/ubuntu/ precise-updates/main libc6-dev amd64 2.15-0ubuntu10.15 [2,943 kB]
Get:2 http://us.archive.ubuntu.com/ubuntu/ precise-updates/main libc-dev-bin amd64 2.15-0ubuntu10.15 [84.7 kB]
Get:3 http://us.archive.ubuntu.com/ubuntu/ precise-updates/main libc-bin amd64 2.15-0ubuntu10.15 [1,177 kB]
Get:4 http://us.archive.ubuntu.com/ubuntu/ precise-updates/main libc6 amd64 2.15-0ubuntu10.15 [4,636 kB]
Fetched 8,840 kB in 0s (35.0 MB/s)
Preconfiguring packages ...
(Reading database ... (Reading database ... 5%(Reading database ... 10%(Reading database ... 15%(Reading database ... 20%(Reading database ... 25%(Reading database ... 30%(Reading database ... 35%(Reading database ... 40%(Reading database ... 45%(Reading database ... 50%(Reading database ... 55%(Reading database ... 60%(Reading database ... 65%(Reading database ... 70%(Reading database ... 75%(Reading database ... 80%(Reading database ... 85%(Reading database ... 90%(Reading database ... 95%(Reading database ... 100%(Reading database ... 72019 files and directories currently installed.)
Preparing to replace libc6-dev 2.15-0ubuntu10.10 (using .../libc6-dev_2.15-0ubuntu10.15_amd64.deb) ...
Unpacking replacement libc6-dev ...
Preparing to replace libc-dev-bin 2.15-0ubuntu10.10 (using .../libc-dev-bin_2.15-0ubuntu10.15_amd64.deb) ...
Unpacking replacement libc-dev-bin ...
Preparing to replace libc-bin 2.15-0ubuntu10.10 (using .../libc-bin_2.15-0ubuntu10.15_amd64.deb) ...
Unpacking replacement libc-bin ...
Processing triggers for man-db ...
Setting up libc-bin (2.15-0ubuntu10.15) ...
(Reading database ... (Reading database ... 5%(Reading database ... 10%(Reading database ... 15%(Reading database ... 20%(Reading database ... 25%(Reading database ... 30%(Reading database ... 35%(Reading database ... 40%(Reading database ... 45%(Reading database ... 50%(Reading database ... 55%(Reading database ... 60%(Reading database ... 65%(Reading database ... 70%(Reading database ... 75%(Reading database ... 80%(Reading database ... 85%(Reading database ... 90%(Reading database ... 95%(Reading database ... 100%(Reading database ... 72018 files and directories currently installed.)
Preparing to replace libc6 2.15-0ubuntu10.10 (using .../libc6_2.15-0ubuntu10.15_amd64.deb) ...
Unpacking replacement libc6 ...
Setting up libc6 (2.15-0ubuntu10.15) ...
Setting up libc-dev-bin (2.15-0ubuntu10.15) ...
Setting up libc6-dev (2.15-0ubuntu10.15) ...
Processing triggers for libc-bin ...
ldconfig deferred processing now taking place
travis_fold:end:fix.CVE-2015-7547[0Kdepth=3 C = US, O = "Entrust, Inc.", OU = www.entrust.net/CPS is incorporated by reference, OU = "(c) 2006 Entrust, Inc.", CN = Entrust Root Certification Authority
verify error:num=19:self signed certificate in certificate chain
verify return:0
DONE
travis_fold:start:git.checkout[0Ktravis_time:start:07bdcb84[0K$ git clone --depth=50 --branch=master https://github.com/petergeneric/stdlib.git petergeneric/stdlib
Cloning into 'petergeneric/stdlib'...
remote: Counting objects: 2866, done.[K
remote: Compressing objects:   0% (1/1695)   [Kremote: Compressing objects:   1% (17/1695)   [Kremote: Compressing objects:   2% (34/1695)   [Kremote: Compressing objects:   3% (51/1695)   [Kremote: Compressing objects:   4% (68/1695)   [Kremote: Compressing objects:   5% (85/1695)   [Kremote: Compressing objects:   6% (102/1695)   [Kremote: Compressing objects:   7% (119/1695)   [Kremote: Compressing objects:   8% (136/1695)   [Kremote: Compressing objects:   9% (153/1695)   [Kremote: Compressing objects:  10% (170/1695)   [Kremote: Compressing objects:  11% (187/1695)   [Kremote: Compressing objects:  12% (204/1695)   [Kremote: Compressing objects:  13% (221/1695)   [Kremote: Compressing objects:  14% (238/1695)   [Kremote: Compressing objects:  15% (255/1695)   [Kremote: Compressing objects:  16% (272/1695)   [Kremote: Compressing objects:  17% (289/1695)   [Kremote: Compressing objects:  18% (306/1695)   [Kremote: Compressing objects:  19% (323/1695)   [Kremote: Compressing objects:  20% (339/1695)   [Kremote: Compressing objects:  21% (356/1695)   [Kremote: Compressing objects:  22% (373/1695)   [Kremote: Compressing objects:  23% (390/1695)   [Kremote: Compressing objects:  24% (407/1695)   [Kremote: Compressing objects:  25% (424/1695)   [Kremote: Compressing objects:  26% (441/1695)   [Kremote: Compressing objects:  27% (458/1695)   [Kremote: Compressing objects:  28% (475/1695)   [Kremote: Compressing objects:  29% (492/1695)   [Kremote: Compressing objects:  30% (509/1695)   [Kremote: Compressing objects:  31% (526/1695)   [Kremote: Compressing objects:  32% (543/1695)   [Kremote: Compressing objects:  33% (560/1695)   [Kremote: Compressing objects:  34% (577/1695)   [Kremote: Compressing objects:  35% (594/1695)   [Kremote: Compressing objects:  36% (611/1695)   [Kremote: Compressing objects:  37% (628/1695)   [Kremote: Compressing objects:  38% (645/1695)   [Kremote: Compressing objects:  39% (662/1695)   [Kremote: Compressing objects:  40% (678/1695)   [Kremote: Compressing objects:  41% (695/1695)   [Kremote: Compressing objects:  42% (712/1695)   [Kremote: Compressing objects:  43% (729/1695)   [Kremote: Compressing objects:  44% (746/1695)   [Kremote: Compressing objects:  45% (763/1695)   [Kremote: Compressing objects:  46% (780/1695)   [Kremote: Compressing objects:  47% (797/1695)   [Kremote: Compressing objects:  48% (814/1695)   [Kremote: Compressing objects:  49% (831/1695)   [Kremote: Compressing objects:  50% (848/1695)   [Kremote: Compressing objects:  51% (865/1695)   [Kremote: Compressing objects:  52% (882/1695)   [Kremote: Compressing objects:  53% (899/1695)   [Kremote: Compressing objects:  54% (916/1695)   [Kremote: Compressing objects:  55% (933/1695)   [Kremote: Compressing objects:  56% (950/1695)   [Kremote: Compressing objects:  57% (967/1695)   [Kremote: Compressing objects:  58% (984/1695)   [Kremote: Compressing objects:  59% (1001/1695)   [Kremote: Compressing objects:  60% (1017/1695)   [Kremote: Compressing objects:  61% (1034/1695)   [Kremote: Compressing objects:  62% (1051/1695)   [Kremote: Compressing objects:  63% (1068/1695)   [Kremote: Compressing objects:  64% (1085/1695)   [Kremote: Compressing objects:  65% (1102/1695)   [Kremote: Compressing objects:  66% (1119/1695)   [Kremote: Compressing objects:  67% (1136/1695)   [Kremote: Compressing objects:  68% (1153/1695)   [Kremote: Compressing objects:  69% (1170/1695)   [Kremote: Compressing objects:  70% (1187/1695)   [Kremote: Compressing objects:  71% (1204/1695)   [Kremote: Compressing objects:  72% (1221/1695)   [Kremote: Compressing objects:  73% (1238/1695)   [Kremote: Compressing objects:  74% (1255/1695)   [Kremote: Compressing objects:  75% (1272/1695)   [Kremote: Compressing objects:  76% (1289/1695)   [Kremote: Compressing objects:  77% (1306/1695)   [Kremote: Compressing objects:  78% (1323/1695)   [Kremote: Compressing objects:  79% (1340/1695)   [Kremote: Compressing objects:  80% (1356/1695)   [Kremote: Compressing objects:  81% (1373/1695)   [Kremote: Compressing objects:  82% (1390/1695)   [Kremote: Compressing objects:  83% (1407/1695)   [Kremote: Compressing objects:  84% (1424/1695)   [Kremote: Compressing objects:  85% (1441/1695)   [Kremote: Compressing objects:  86% (1458/1695)   [Kremote: Compressing objects:  87% (1475/1695)   [Kremote: Compressing objects:  88% (1492/1695)   [Kremote: Compressing objects:  89% (1509/1695)   [Kremote: Compressing objects:  90% (1526/1695)   [Kremote: Compressing objects:  91% (1543/1695)   [Kremote: Compressing objects:  92% (1560/1695)   [Kremote: Compressing objects:  93% (1577/1695)   [Kremote: Compressing objects:  94% (1594/1695)   [Kremote: Compressing objects:  95% (1611/1695)   [Kremote: Compressing objects:  96% (1628/1695)   [Kremote: Compressing objects:  97% (1645/1695)   [Kremote: Compressing objects:  98% (1662/1695)   [Kremote: Compressing objects:  99% (1679/1695)   [Kremote: Compressing objects: 100% (1695/1695)   [Kremote: Compressing objects: 100% (1695/1695), done.[K
Receiving objects:   0% (1/2866)   Receiving objects:   1% (29/2866)   Receiving objects:   2% (58/2866)   Receiving objects:   3% (86/2866)   Receiving objects:   4% (115/2866)   Receiving objects:   5% (144/2866)   Receiving objects:   6% (172/2866)   Receiving objects:   7% (201/2866)   Receiving objects:   8% (230/2866)   Receiving objects:   9% (258/2866)   Receiving objects:  10% (287/2866)   Receiving objects:  11% (316/2866)   Receiving objects:  12% (344/2866)   Receiving objects:  13% (373/2866)   Receiving objects:  14% (402/2866)   Receiving objects:  15% (430/2866)   Receiving objects:  16% (459/2866)   Receiving objects:  17% (488/2866)   Receiving objects:  18% (516/2866)   Receiving objects:  19% (545/2866)   Receiving objects:  20% (574/2866)   Receiving objects:  21% (602/2866)   Receiving objects:  22% (631/2866)   Receiving objects:  23% (660/2866)   Receiving objects:  24% (688/2866)   Receiving objects:  25% (717/2866)   Receiving objects:  26% (746/2866)   Receiving objects:  27% (774/2866)   Receiving objects:  28% (803/2866)   Receiving objects:  29% (832/2866)   Receiving objects:  30% (860/2866)   Receiving objects:  31% (889/2866)   Receiving objects:  32% (918/2866)   Receiving objects:  33% (946/2866)   Receiving objects:  34% (975/2866)   Receiving objects:  35% (1004/2866)   Receiving objects:  36% (1032/2866)   Receiving objects:  37% (1061/2866)   Receiving objects:  38% (1090/2866)   Receiving objects:  39% (1118/2866)   Receiving objects:  40% (1147/2866)   Receiving objects:  41% (1176/2866)   Receiving objects:  42% (1204/2866)   Receiving objects:  43% (1233/2866)   Receiving objects:  44% (1262/2866)   Receiving objects:  45% (1290/2866)   Receiving objects:  46% (1319/2866)   Receiving objects:  47% (1348/2866)   Receiving objects:  48% (1376/2866)   Receiving objects:  49% (1405/2866)   Receiving objects:  50% (1433/2866)   Receiving objects:  51% (1462/2866)   Receiving objects:  52% (1491/2866)   Receiving objects:  53% (1519/2866)   Receiving objects:  54% (1548/2866)   Receiving objects:  55% (1577/2866)   Receiving objects:  56% (1605/2866)   Receiving objects:  57% (1634/2866)   Receiving objects:  58% (1663/2866)   Receiving objects:  59% (1691/2866)   Receiving objects:  60% (1720/2866)   Receiving objects:  61% (1749/2866)   Receiving objects:  62% (1777/2866)   Receiving objects:  63% (1806/2866)   Receiving objects:  64% (1835/2866)   Receiving objects:  65% (1863/2866)   Receiving objects:  66% (1892/2866)   Receiving objects:  67% (1921/2866)   Receiving objects:  68% (1949/2866)   Receiving objects:  69% (1978/2866)   Receiving objects:  70% (2007/2866)   Receiving objects:  71% (2035/2866)   Receiving objects:  72% (2064/2866)   Receiving objects:  73% (2093/2866)   Receiving objects:  74% (2121/2866)   Receiving objects:  75% (2150/2866)   Receiving objects:  76% (2179/2866)   Receiving objects:  77% (2207/2866)   Receiving objects:  78% (2236/2866)   Receiving objects:  79% (2265/2866)   Receiving objects:  80% (2293/2866)   Receiving objects:  81% (2322/2866)   Receiving objects:  82% (2351/2866)   Receiving objects:  83% (2379/2866)   Receiving objects:  84% (2408/2866)   Receiving objects:  85% (2437/2866)   Receiving objects:  86% (2465/2866)   Receiving objects:  87% (2494/2866)   Receiving objects:  88% (2523/2866)   Receiving objects:  89% (2551/2866)   Receiving objects:  90% (2580/2866)   Receiving objects:  91% (2609/2866)   Receiving objects:  92% (2637/2866)   remote: Total 2866 (delta 797), reused 2269 (delta 563), pack-reused 0[K
Receiving objects:  93% (2666/2866)   Receiving objects:  94% (2695/2866)   Receiving objects:  95% (2723/2866)   Receiving objects:  96% (2752/2866)   Receiving objects:  97% (2781/2866)   Receiving objects:  98% (2809/2866)   Receiving objects:  99% (2838/2866)   Receiving objects: 100% (2866/2866)   Receiving objects: 100% (2866/2866), 940.42 KiB | 0 bytes/s, done.
Resolving deltas:   0% (0/797)   Resolving deltas:   1% (10/797)   Resolving deltas:   2% (22/797)   Resolving deltas:   3% (24/797)   Resolving deltas:   4% (37/797)   Resolving deltas:   5% (41/797)   Resolving deltas:   7% (56/797)   Resolving deltas:   8% (64/797)   Resolving deltas:   9% (73/797)   Resolving deltas:  14% (114/797)   Resolving deltas:  15% (120/797)   Resolving deltas:  16% (128/797)   Resolving deltas:  17% (140/797)   Resolving deltas:  18% (144/797)   Resolving deltas:  19% (155/797)   Resolving deltas:  20% (160/797)   Resolving deltas:  21% (175/797)   Resolving deltas:  22% (183/797)   Resolving deltas:  23% (186/797)   Resolving deltas:  24% (195/797)   Resolving deltas:  25% (200/797)   Resolving deltas:  26% (210/797)   Resolving deltas:  27% (216/797)   Resolving deltas:  28% (225/797)   Resolving deltas:  29% (234/797)   Resolving deltas:  30% (243/797)   Resolving deltas:  31% (248/797)   Resolving deltas:  32% (258/797)   Resolving deltas:  34% (274/797)   Resolving deltas:  35% (282/797)   Resolving deltas:  36% (289/797)   Resolving deltas:  53% (427/797)   Resolving deltas:  54% (433/797)   Resolving deltas:  55% (440/797)   Resolving deltas:  57% (455/797)   Resolving deltas:  58% (463/797)   Resolving deltas:  59% (475/797)   Resolving deltas:  60% (483/797)   Resolving deltas:  61% (492/797)   Resolving deltas:  62% (498/797)   Resolving deltas:  63% (503/797)   Resolving deltas:  64% (518/797)   Resolving deltas:  65% (519/797)   Resolving deltas:  66% (527/797)   Resolving deltas:  67% (537/797)   Resolving deltas:  68% (545/797)   Resolving deltas:  69% (550/797)   Resolving deltas:  76% (606/797)   Resolving deltas:  77% (614/797)   Resolving deltas:  78% (622/797)   Resolving deltas:  79% (632/797)   Resolving deltas:  80% (638/797)   Resolving deltas:  81% (646/797)   Resolving deltas:  84% (677/797)   Resolving deltas:  85% (678/797)   Resolving deltas:  86% (688/797)   Resolving deltas:  87% (694/797)   Resolving deltas:  88% (706/797)   Resolving deltas:  89% (710/797)   Resolving deltas:  90% (718/797)   Resolving deltas:  91% (726/797)   Resolving deltas:  93% (742/797)   Resolving deltas:  94% (751/797)   Resolving deltas:  95% (759/797)   Resolving deltas:  96% (766/797)   Resolving deltas:  97% (777/797)   Resolving deltas:  98% (785/797)   Resolving deltas:  99% (790/797)   Resolving deltas: 100% (797/797)   Resolving deltas: 100% (797/797), done.
Checking connectivity... done.

travis_time:end:07bdcb84:start=1471019304559740985,finish=1471019305180363800,duration=620622815[0K$ cd petergeneric/stdlib
$ git checkout -qf 95dd3932ab7f78fb4d7e780f916ab0e7ac26c993
travis_fold:end:git.checkout[0K
[33;1mThis job is running on container-based infrastructure, which does not allow use of 'sudo', setuid and setguid executables.[0m
[33;1mIf you require sudo, add 'sudo: required' to your .travis.yml[0m
[33;1mSee https://docs.travis-ci.com/user/workers/container-based-infrastructure/ for details.[0m

[33;1mSetting environment variables from .travis.yml[0m
$ export COVERITY_SCAN_TOKEN=[secure]

$ jdk_switcher use oraclejdk8
Switching to Oracle JDK8 (java-8-oracle), JAVA_HOME will be set to /usr/lib/jvm/java-8-oracle
travis_fold:start:cache.1[0KSetting up build cache
$ export CASHER_DIR=$HOME/.casher
travis_time:start:0e3d8c4a[0K$ Installing caching utilities

travis_time:end:0e3d8c4a:start=1471019306853630531,finish=1471019306896742221,duration=43111690[0Ktravis_time:start:178071f0[0K
travis_time:end:178071f0:start=1471019306901521836,finish=1471019306904661527,duration=3139691[0Ktravis_time:start:348b29c0[0K[32;1mattempting to download cache archive[0m
[32;1mfetching master/cache-linux-precise-e3b0c44298fc1c149afbf4c8996fb92427ae41e4649b934ca495991b7852b855--jdk-oraclejdk8.tgz[0m
[32;1mfound cache[0m

travis_time:end:348b29c0:start=1471019306908300318,finish=1471019313158209402,duration=6249909084[0Ktravis_time:start:13207416[0K
travis_time:end:13207416:start=1471019313162022967,finish=1471019313165271166,duration=3248199[0Ktravis_time:start:00a9f12f[0K[32;1madding /home/travis/.m2 to cache[0m

travis_time:end:00a9f12f:start=1471019313168968943,finish=1471019318736459161,duration=5567490218[0Ktravis_fold:end:cache.1[0K$ java -Xmx32m -version
java version "1.8.0_31"
Java(TM) SE Runtime Environment (build 1.8.0_31-b13)
Java HotSpot(TM) 64-Bit Server VM (build 25.31-b07, mixed mode)
$ javac -J-Xmx32m -version
javac 1.8.0_31
travis_fold:start:install[0Ktravis_time:start:13e40998[0K$ mvn install -DskipTests=true -Dmaven.javadoc.skip=true -B -V
Java HotSpot(TM) 64-Bit Server VM warning: ignoring option MaxPermSize=192m; support was removed in 8.0
Apache Maven 3.2.5 (12a6b3acb947671f09b81f49094c53f426d8cea1; 2014-12-14T17:29:23+00:00)
Maven home: /usr/local/maven
Java version: 1.8.0_31, vendor: Oracle Corporation
Java home: /usr/lib/jvm/java-8-oracle/jre
Default locale: en_US, platform encoding: UTF-8
OS name: "linux", version: "3.13.0-40-generic", arch: "amd64", family: "unix"
[INFO] Scanning for projects...
[INFO] Inspecting build with total of 17 modules...
[INFO] Installing Nexus Staging features:
[INFO]   ... total of 17 executions of maven-deploy-plugin replaced with nexus-staging-maven-plugin
[INFO] ------------------------------------------------------------------------
[INFO] Reactor Build Order:
[INFO] 
[INFO] application framework parent
[INFO] stdlib
[INFO] application framework guice modules parent
[INFO] stdlib guice common
[INFO] user-manager
[INFO] user manager rest api
[INFO] stdlib guice webapp
[INFO] stdlib guice metrics
[INFO] stdlib guice freemarker webapp
[INFO] stdlib guice testing support
[INFO] stdlib guice hibernate
[INFO] stdlib guice hibernate testing support
[INFO] stdlib guice liquibase support
[INFO] carbon client
[INFO] configuration
[INFO] Configuration Service
[INFO] user manager service
[INFO]                                                                         
[INFO] ------------------------------------------------------------------------
[INFO] Building application framework parent 9.1.2-SNAPSHOT
[INFO] ------------------------------------------------------------------------
[INFO] 
[INFO] --- maven-enforcer-plugin:1.0:enforce (enforce-maven) @ stdlib-parent ---
[INFO] 
[INFO] --- buildnumber-maven-plugin:1.3:create (default) @ stdlib-parent ---
[INFO] Executing: /bin/sh -c cd /home/travis/build/petergeneric/stdlib && git rev-parse --verify HEAD
[INFO] Working directory: /home/travis/build/petergeneric/stdlib
[INFO] Storing buildNumber: 95dd3932ab7f78fb4d7e780f916ab0e7ac26c993 at timestamp: 1471019325845
[WARNING] Cannot get the branch information from the git repository: 
Detecting the current branch failed: fatal: ref HEAD is not a symbolic ref

[INFO] Executing: /bin/sh -c cd /home/travis/build/petergeneric/stdlib && git rev-parse --verify HEAD
[INFO] Working directory: /home/travis/build/petergeneric/stdlib
[INFO] Storing buildScmBranch: UNKNOWN
[INFO] 
[INFO] --- maven-install-plugin:2.4:install (default-install) @ stdlib-parent ---
[INFO] Installing /home/travis/build/petergeneric/stdlib/pom.xml to /home/travis/.m2/repository/com/peterphi/std/stdlib-parent/9.1.2-SNAPSHOT/stdlib-parent-9.1.2-SNAPSHOT.pom
[INFO]                                                                         
[INFO] ------------------------------------------------------------------------
[INFO] Building stdlib 9.1.2-SNAPSHOT
[INFO] ------------------------------------------------------------------------
[INFO] 
[INFO] --- maven-enforcer-plugin:1.0:enforce (enforce-maven) @ stdlib ---
[INFO] 
[INFO] --- buildnumber-maven-plugin:1.3:create (default) @ stdlib ---
[INFO] 
[INFO] --- maven-resources-plugin:2.6:resources (default-resources) @ stdlib ---
[INFO] Using 'UTF-8' encoding to copy filtered resources.
[INFO] skip non existing resourceDirectory /home/travis/build/petergeneric/stdlib/stdlib/src/main/resources
[INFO] 
[INFO] --- maven-compiler-plugin:3.3:compile (default-compile) @ stdlib ---
[INFO] Changes detected - recompiling the module!
[INFO] Compiling 82 source files to /home/travis/build/petergeneric/stdlib/stdlib/target/classes
[INFO] /home/travis/build/petergeneric/stdlib/stdlib/src/main/java/com/peterphi/std/util/ListUtility.java: /home/travis/build/petergeneric/stdlib/stdlib/src/main/java/com/peterphi/std/util/ListUtility.java uses unchecked or unsafe operations.
[INFO] /home/travis/build/petergeneric/stdlib/stdlib/src/main/java/com/peterphi/std/util/ListUtility.java: Recompile with -Xlint:unchecked for details.
[INFO] 
[INFO] --- maven-resources-plugin:2.6:testResources (default-testResources) @ stdlib ---
[INFO] Using 'UTF-8' encoding to copy filtered resources.
[INFO] skip non existing resourceDirectory /home/travis/build/petergeneric/stdlib/stdlib/src/test/resources
[INFO] 
[INFO] --- maven-compiler-plugin:3.3:testCompile (default-testCompile) @ stdlib ---
[INFO] Changes detected - recompiling the module!
[INFO] Compiling 13 source files to /home/travis/build/petergeneric/stdlib/stdlib/target/test-classes
[INFO] /home/travis/build/petergeneric/stdlib/stdlib/src/test/java/com/peterphi/std/types/TimecodeTest.java: /home/travis/build/petergeneric/stdlib/stdlib/src/test/java/com/peterphi/std/types/TimecodeTest.java uses or overrides a deprecated API.
[INFO] /home/travis/build/petergeneric/stdlib/stdlib/src/test/java/com/peterphi/std/types/TimecodeTest.java: Recompile with -Xlint:deprecation for details.
[INFO] 
[INFO] --- maven-surefire-plugin:2.19:test (default-test) @ stdlib ---
[INFO] Tests are skipped.
[INFO] 
[INFO] --- maven-jar-plugin:2.6:jar (default-jar) @ stdlib ---
[INFO] Building jar: /home/travis/build/petergeneric/stdlib/stdlib/target/stdlib-9.1.2-SNAPSHOT.jar
[INFO] 
[INFO] --- maven-install-plugin:2.4:install (default-install) @ stdlib ---
[INFO] Installing /home/travis/build/petergeneric/stdlib/stdlib/target/stdlib-9.1.2-SNAPSHOT.jar to /home/travis/.m2/repository/com/peterphi/std/stdlib/9.1.2-SNAPSHOT/stdlib-9.1.2-SNAPSHOT.jar
[INFO] Installing /home/travis/build/petergeneric/stdlib/stdlib/pom.xml to /home/travis/.m2/repository/com/peterphi/std/stdlib/9.1.2-SNAPSHOT/stdlib-9.1.2-SNAPSHOT.pom
[INFO]                                                                         
[INFO] ------------------------------------------------------------------------
[INFO] Building application framework guice modules parent 9.1.2-SNAPSHOT
[INFO] ------------------------------------------------------------------------
[INFO] 
[INFO] --- maven-enforcer-plugin:1.0:enforce (enforce-maven) @ stdlib-guice-parent ---
[INFO] 
[INFO] --- buildnumber-maven-plugin:1.3:create (default) @ stdlib-guice-parent ---
[INFO] 
[INFO] --- maven-install-plugin:2.4:install (default-install) @ stdlib-guice-parent ---
[INFO] Installing /home/travis/build/petergeneric/stdlib/guice/pom.xml to /home/travis/.m2/repository/com/peterphi/std/guice/stdlib-guice-parent/9.1.2-SNAPSHOT/stdlib-guice-parent-9.1.2-SNAPSHOT.pom
[INFO]                                                                         
[INFO] ------------------------------------------------------------------------
[INFO] Building stdlib guice common 9.1.2-SNAPSHOT
[INFO] ------------------------------------------------------------------------
[WARNING] The artifact xml-apis:xml-apis:jar:2.0.2 has been relocated to xml-apis:xml-apis:jar:1.0.b2
[INFO] 
[INFO] --- maven-enforcer-plugin:1.0:enforce (enforce-maven) @ stdlib-guice-common ---
[INFO] 
[INFO] --- buildnumber-maven-plugin:1.3:create (default) @ stdlib-guice-common ---
[INFO] 
[INFO] --- maven-resources-plugin:2.6:resources (default-resources) @ stdlib-guice-common ---
[INFO] Using 'UTF-8' encoding to copy filtered resources.
[INFO] Copying 1 resource
[INFO] 
[INFO] --- maven-compiler-plugin:3.3:compile (default-compile) @ stdlib-guice-common ---
[INFO] Changes detected - recompiling the module!
[INFO] Compiling 121 source files to /home/travis/build/petergeneric/stdlib/guice/common/target/classes
[INFO] /home/travis/build/petergeneric/stdlib/guice/common/src/main/java/com/peterphi/std/guice/restclient/resteasy/impl/BearerAuthSchemeProvider.java: Some input files use or override a deprecated API.
[INFO] /home/travis/build/petergeneric/stdlib/guice/common/src/main/java/com/peterphi/std/guice/restclient/resteasy/impl/BearerAuthSchemeProvider.java: Recompile with -Xlint:deprecation for details.
[INFO] /home/travis/build/petergeneric/stdlib/guice/common/src/main/java/com/peterphi/std/guice/common/serviceprops/ConfigurationProperty.java: Some input files use unchecked or unsafe operations.
[INFO] /home/travis/build/petergeneric/stdlib/guice/common/src/main/java/com/peterphi/std/guice/common/serviceprops/ConfigurationProperty.java: Recompile with -Xlint:unchecked for details.
[INFO] 
[INFO] --- maven-resources-plugin:2.6:testResources (default-testResources) @ stdlib-guice-common ---
[INFO] Using 'UTF-8' encoding to copy filtered resources.
[INFO] Copying 2 resources
[INFO] 
[INFO] --- maven-compiler-plugin:3.3:testCompile (default-testCompile) @ stdlib-guice-common ---
[INFO] Changes detected - recompiling the module!
[INFO] Compiling 12 source files to /home/travis/build/petergeneric/stdlib/guice/common/target/test-classes
[INFO] 
[INFO] --- maven-surefire-plugin:2.19:test (default-test) @ stdlib-guice-common ---
[INFO] Tests are skipped.
[INFO] 
[INFO] --- maven-jar-plugin:2.6:jar (default-jar) @ stdlib-guice-common ---
[INFO] Building jar: /home/travis/build/petergeneric/stdlib/guice/common/target/stdlib-guice-common-9.1.2-SNAPSHOT.jar
[INFO] 
[INFO] --- maven-install-plugin:2.4:install (default-install) @ stdlib-guice-common ---
[INFO] Installing /home/travis/build/petergeneric/stdlib/guice/common/target/stdlib-guice-common-9.1.2-SNAPSHOT.jar to /home/travis/.m2/repository/com/peterphi/std/guice/stdlib-guice-common/9.1.2-SNAPSHOT/stdlib-guice-common-9.1.2-SNAPSHOT.jar
[INFO] Installing /home/travis/build/petergeneric/stdlib/guice/common/pom.xml to /home/travis/.m2/repository/com/peterphi/std/guice/stdlib-guice-common/9.1.2-SNAPSHOT/stdlib-guice-common-9.1.2-SNAPSHOT.pom
[INFO]                                                                         
[INFO] ------------------------------------------------------------------------
[INFO] Building user-manager 9.1.2-SNAPSHOT
[INFO] ------------------------------------------------------------------------
[INFO] 
[INFO] --- maven-enforcer-plugin:1.0:enforce (enforce-maven) @ user-manager-parent ---
[INFO] 
[INFO] --- buildnumber-maven-plugin:1.3:create (default) @ user-manager-parent ---
[INFO] 
[INFO] --- maven-install-plugin:2.4:install (default-install) @ user-manager-parent ---
[INFO] Installing /home/travis/build/petergeneric/stdlib/user-manager/pom.xml to /home/travis/.m2/repository/com/peterphi/user-manager/user-manager-parent/9.1.2-SNAPSHOT/user-manager-parent-9.1.2-SNAPSHOT.pom
[INFO]                                                                         
[INFO] ------------------------------------------------------------------------
[INFO] Building user manager rest api 9.1.2-SNAPSHOT
[INFO] ------------------------------------------------------------------------
[INFO] 
[INFO] --- maven-enforcer-plugin:1.0:enforce (enforce-maven) @ user-manager-api ---
[INFO] 
[INFO] --- buildnumber-maven-plugin:1.3:create (default) @ user-manager-api ---
[INFO] 
[INFO] --- maven-resources-plugin:2.6:resources (default-resources) @ user-manager-api ---
[INFO] Using 'UTF-8' encoding to copy filtered resources.
[INFO] skip non existing resourceDirectory /home/travis/build/petergeneric/stdlib/user-manager/api/src/main/resources
[INFO] 
[INFO] --- maven-compiler-plugin:3.3:compile (default-compile) @ user-manager-api ---
[INFO] Changes detected - recompiling the module!
[INFO] Compiling 5 source files to /home/travis/build/petergeneric/stdlib/user-manager/api/target/classes
[INFO] 
[INFO] --- maven-resources-plugin:2.6:testResources (default-testResources) @ user-manager-api ---
[INFO] Using 'UTF-8' encoding to copy filtered resources.
[INFO] skip non existing resourceDirectory /home/travis/build/petergeneric/stdlib/user-manager/api/src/test/resources
[INFO] 
[INFO] --- maven-compiler-plugin:3.3:testCompile (default-testCompile) @ user-manager-api ---
[INFO] No sources to compile
[INFO] 
[INFO] --- maven-surefire-plugin:2.19:test (default-test) @ user-manager-api ---
[INFO] Tests are skipped.
[INFO] 
[INFO] --- maven-jar-plugin:2.6:jar (default-jar) @ user-manager-api ---
[INFO] Building jar: /home/travis/build/petergeneric/stdlib/user-manager/api/target/user-manager-api-9.1.2-SNAPSHOT.jar
[INFO] 
[INFO] --- maven-install-plugin:2.4:install (default-install) @ user-manager-api ---
[INFO] Installing /home/travis/build/petergeneric/stdlib/user-manager/api/target/user-manager-api-9.1.2-SNAPSHOT.jar to /home/travis/.m2/repository/com/peterphi/user-manager/user-manager-api/9.1.2-SNAPSHOT/user-manager-api-9.1.2-SNAPSHOT.jar
[INFO] Installing /home/travis/build/petergeneric/stdlib/user-manager/api/pom.xml to /home/travis/.m2/repository/com/peterphi/user-manager/user-manager-api/9.1.2-SNAPSHOT/user-manager-api-9.1.2-SNAPSHOT.pom
[INFO]                                                                         
[INFO] ------------------------------------------------------------------------
[INFO] Building stdlib guice webapp 9.1.2-SNAPSHOT
[INFO] ------------------------------------------------------------------------
[WARNING] The artifact xml-apis:xml-apis:jar:2.0.2 has been relocated to xml-apis:xml-apis:jar:1.0.b2
[INFO] 
[INFO] --- maven-enforcer-plugin:1.0:enforce (enforce-maven) @ stdlib-guice-webapp ---
[INFO] 
[INFO] --- buildnumber-maven-plugin:1.3:create (default) @ stdlib-guice-webapp ---
[INFO] 
[INFO] --- maven-resources-plugin:2.6:resources (default-resources) @ stdlib-guice-webapp ---
[INFO] Using 'UTF-8' encoding to copy filtered resources.
[INFO] Copying 9 resources
[INFO] 
[INFO] --- maven-compiler-plugin:3.3:compile (default-compile) @ stdlib-guice-webapp ---
[INFO] Changes detected - recompiling the module!
[INFO] Compiling 80 source files to /home/travis/build/petergeneric/stdlib/guice/webapp/target/classes
[INFO] /home/travis/build/petergeneric/stdlib/guice/webapp/src/main/java/com/peterphi/std/guice/web/rest/setup/JAXRSClientProvider.java: Some input files use unchecked or unsafe operations.
[INFO] /home/travis/build/petergeneric/stdlib/guice/webapp/src/main/java/com/peterphi/std/guice/web/rest/setup/JAXRSClientProvider.java: Recompile with -Xlint:unchecked for details.
[INFO] -------------------------------------------------------------
[ERROR] COMPILATION ERROR : 
[INFO] -------------------------------------------------------------
[ERROR] /home/travis/build/petergeneric/stdlib/guice/webapp/src/main/java/com/peterphi/std/guice/web/rest/auth/userprovider/HttpCallJWTUser.java:[283,66] cannot find symbol
  symbol:   variable ROLE_SPECIAL_AUTHENTICATED
  location: class com.peterphi.std.guice.web.rest.auth.userprovider.WebappAuthenticationModule
[ERROR] /home/travis/build/petergeneric/stdlib/guice/webapp/src/main/java/com/peterphi/std/guice/web/rest/auth/userprovider/HttpCallUser.java:[65,66] cannot find symbol
  symbol:   variable ROLE_SPECIAL_AUTHENTICATED
  location: class com.peterphi.std.guice.web.rest.auth.userprovider.WebappAuthenticationModule
[INFO] 2 errors 
[INFO] -------------------------------------------------------------
[INFO] ------------------------------------------------------------------------
[INFO] Reactor Summary:
[INFO] 
[INFO] application framework parent ....................... SUCCESS [  1.361 s]
[INFO] stdlib ............................................. SUCCESS [ 12.301 s]
[INFO] application framework guice modules parent ......... SUCCESS [  0.111 s]
[INFO] stdlib guice common ................................ SUCCESS [  6.060 s]
[INFO] user-manager ....................................... SUCCESS [  0.035 s]
[INFO] user manager rest api .............................. SUCCESS [  0.714 s]
[INFO] stdlib guice webapp ................................ FAILURE [  2.338 s]
[INFO] stdlib guice metrics ............................... SKIPPED
[INFO] stdlib guice freemarker webapp ..................... SKIPPED
[INFO] stdlib guice testing support ....................... SKIPPED
[INFO] stdlib guice hibernate ............................. SKIPPED
[INFO] stdlib guice hibernate testing support ............. SKIPPED
[INFO] stdlib guice liquibase support ..................... SKIPPED
[INFO] carbon client ...................................... SKIPPED
[INFO] configuration ...................................... SKIPPED
[INFO] Configuration Service .............................. SKIPPED
[INFO] user manager service ............................... SKIPPED
[INFO] ------------------------------------------------------------------------
[INFO] BUILD FAILURE
[INFO] ------------------------------------------------------------------------
[INFO] Total time: 24.662 s
[INFO] Finished at: 2016-08-12T16:29:07+00:00
[INFO] Final Memory: 32M/335M
[INFO] ------------------------------------------------------------------------
[ERROR] Failed to execute goal org.apache.maven.plugins:maven-compiler-plugin:3.3:compile (default-compile) on project stdlib-guice-webapp: Compilation failure: Compilation failure:
[ERROR] /home/travis/build/petergeneric/stdlib/guice/webapp/src/main/java/com/peterphi/std/guice/web/rest/auth/userprovider/HttpCallJWTUser.java:[283,66] cannot find symbol
[ERROR] symbol:   variable ROLE_SPECIAL_AUTHENTICATED
[ERROR] location: class com.peterphi.std.guice.web.rest.auth.userprovider.WebappAuthenticationModule
[ERROR] /home/travis/build/petergeneric/stdlib/guice/webapp/src/main/java/com/peterphi/std/guice/web/rest/auth/userprovider/HttpCallUser.java:[65,66] cannot find symbol
[ERROR] symbol:   variable ROLE_SPECIAL_AUTHENTICATED
[ERROR] location: class com.peterphi.std.guice.web.rest.auth.userprovider.WebappAuthenticationModule
[ERROR] -> [Help 1]
[ERROR] 
[ERROR] To see the full stack trace of the errors, re-run Maven with the -e switch.
[ERROR] Re-run Maven using the -X switch to enable full debug logging.
[ERROR] 
[ERROR] For more information about the errors and possible solutions, please read the following articles:
[ERROR] [Help 1] http://cwiki.apache.org/confluence/display/MAVEN/MojoFailureException
[ERROR] 
[ERROR] After correcting the problems, you can resume the build with the command
[ERROR]   mvn <goals> -rf :stdlib-guice-webapp

[31;1mThe command "eval mvn install -DskipTests=true -Dmaven.javadoc.skip=true -B -V" failed. Retrying, 2 of 3.[0m

Java HotSpot(TM) 64-Bit Server VM warning: ignoring option MaxPermSize=192m; support was removed in 8.0
Apache Maven 3.2.5 (12a6b3acb947671f09b81f49094c53f426d8cea1; 2014-12-14T17:29:23+00:00)
Maven home: /usr/local/maven
Java version: 1.8.0_31, vendor: Oracle Corporation
Java home: /usr/lib/jvm/java-8-oracle/jre
Default locale: en_US, platform encoding: UTF-8
OS name: "linux", version: "3.13.0-40-generic", arch: "amd64", family: "unix"
[INFO] Scanning for projects...
[INFO] Inspecting build with total of 17 modules...
[INFO] Installing Nexus Staging features:
[INFO]   ... total of 17 executions of maven-deploy-plugin replaced with nexus-staging-maven-plugin
[INFO] ------------------------------------------------------------------------
[INFO] Reactor Build Order:
[INFO] 
[INFO] application framework parent
[INFO] stdlib
[INFO] application framework guice modules parent
[INFO] stdlib guice common
[INFO] user-manager
[INFO] user manager rest api
[INFO] stdlib guice webapp
[INFO] stdlib guice metrics
[INFO] stdlib guice freemarker webapp
[INFO] stdlib guice testing support
[INFO] stdlib guice hibernate
[INFO] stdlib guice hibernate testing support
[INFO] stdlib guice liquibase support
[INFO] carbon client
[INFO] configuration
[INFO] Configuration Service
[INFO] user manager service
[INFO]                                                                         
[INFO] ------------------------------------------------------------------------
[INFO] Building application framework parent 9.1.2-SNAPSHOT
[INFO] ------------------------------------------------------------------------
[INFO] 
[INFO] --- maven-enforcer-plugin:1.0:enforce (enforce-maven) @ stdlib-parent ---
[INFO] 
[INFO] --- buildnumber-maven-plugin:1.3:create (default) @ stdlib-parent ---
[INFO] Executing: /bin/sh -c cd /home/travis/build/petergeneric/stdlib && git rev-parse --verify HEAD
[INFO] Working directory: /home/travis/build/petergeneric/stdlib
[INFO] Storing buildNumber: 95dd3932ab7f78fb4d7e780f916ab0e7ac26c993 at timestamp: 1471019355921
[WARNING] Cannot get the branch information from the git repository: 
Detecting the current branch failed: fatal: ref HEAD is not a symbolic ref

[INFO] Executing: /bin/sh -c cd /home/travis/build/petergeneric/stdlib && git rev-parse --verify HEAD
[INFO] Working directory: /home/travis/build/petergeneric/stdlib
[INFO] Storing buildScmBranch: UNKNOWN
[INFO] 
[INFO] --- maven-install-plugin:2.4:install (default-install) @ stdlib-parent ---
[INFO] Installing /home/travis/build/petergeneric/stdlib/pom.xml to /home/travis/.m2/repository/com/peterphi/std/stdlib-parent/9.1.2-SNAPSHOT/stdlib-parent-9.1.2-SNAPSHOT.pom
[INFO]                                                                         
[INFO] ------------------------------------------------------------------------
[INFO] Building stdlib 9.1.2-SNAPSHOT
[INFO] ------------------------------------------------------------------------
[INFO] 
[INFO] --- maven-enforcer-plugin:1.0:enforce (enforce-maven) @ stdlib ---
[INFO] 
[INFO] --- buildnumber-maven-plugin:1.3:create (default) @ stdlib ---
[INFO] 
[INFO] --- maven-resources-plugin:2.6:resources (default-resources) @ stdlib ---
[INFO] Using 'UTF-8' encoding to copy filtered resources.
[INFO] skip non existing resourceDirectory /home/travis/build/petergeneric/stdlib/stdlib/src/main/resources
[INFO] 
[INFO] --- maven-compiler-plugin:3.3:compile (default-compile) @ stdlib ---
[INFO] Nothing to compile - all classes are up to date
[INFO] 
[INFO] --- maven-resources-plugin:2.6:testResources (default-testResources) @ stdlib ---
[INFO] Using 'UTF-8' encoding to copy filtered resources.
[INFO] skip non existing resourceDirectory /home/travis/build/petergeneric/stdlib/stdlib/src/test/resources
[INFO] 
[INFO] --- maven-compiler-plugin:3.3:testCompile (default-testCompile) @ stdlib ---
[INFO] Nothing to compile - all classes are up to date
[INFO] 
[INFO] --- maven-surefire-plugin:2.19:test (default-test) @ stdlib ---
[INFO] Tests are skipped.
[INFO] 
[INFO] --- maven-jar-plugin:2.6:jar (default-jar) @ stdlib ---
[INFO] 
[INFO] --- maven-install-plugin:2.4:install (default-install) @ stdlib ---
[INFO] Installing /home/travis/build/petergeneric/stdlib/stdlib/target/stdlib-9.1.2-SNAPSHOT.jar to /home/travis/.m2/repository/com/peterphi/std/stdlib/9.1.2-SNAPSHOT/stdlib-9.1.2-SNAPSHOT.jar
[INFO] Installing /home/travis/build/petergeneric/stdlib/stdlib/pom.xml to /home/travis/.m2/repository/com/peterphi/std/stdlib/9.1.2-SNAPSHOT/stdlib-9.1.2-SNAPSHOT.pom
[INFO]                                                                         
[INFO] ------------------------------------------------------------------------
[INFO] Building application framework guice modules parent 9.1.2-SNAPSHOT
[INFO] ------------------------------------------------------------------------
[INFO] 
[INFO] --- maven-enforcer-plugin:1.0:enforce (enforce-maven) @ stdlib-guice-parent ---
[INFO] 
[INFO] --- buildnumber-maven-plugin:1.3:create (default) @ stdlib-guice-parent ---
[INFO] 
[INFO] --- maven-install-plugin:2.4:install (default-install) @ stdlib-guice-parent ---
[INFO] Installing /home/travis/build/petergeneric/stdlib/guice/pom.xml to /home/travis/.m2/repository/com/peterphi/std/guice/stdlib-guice-parent/9.1.2-SNAPSHOT/stdlib-guice-parent-9.1.2-SNAPSHOT.pom
[INFO]                                                                         
[INFO] ------------------------------------------------------------------------
[INFO] Building stdlib guice common 9.1.2-SNAPSHOT
[INFO] ------------------------------------------------------------------------
[WARNING] The artifact xml-apis:xml-apis:jar:2.0.2 has been relocated to xml-apis:xml-apis:jar:1.0.b2
[INFO] 
[INFO] --- maven-enforcer-plugin:1.0:enforce (enforce-maven) @ stdlib-guice-common ---
[INFO] 
[INFO] --- buildnumber-maven-plugin:1.3:create (default) @ stdlib-guice-common ---
[INFO] 
[INFO] --- maven-resources-plugin:2.6:resources (default-resources) @ stdlib-guice-common ---
[INFO] Using 'UTF-8' encoding to copy filtered resources.
[INFO] Copying 1 resource
[INFO] 
[INFO] --- maven-compiler-plugin:3.3:compile (default-compile) @ stdlib-guice-common ---
[INFO] Nothing to compile - all classes are up to date
[INFO] 
[INFO] --- maven-resources-plugin:2.6:testResources (default-testResources) @ stdlib-guice-common ---
[INFO] Using 'UTF-8' encoding to copy filtered resources.
[INFO] Copying 2 resources
[INFO] 
[INFO] --- maven-compiler-plugin:3.3:testCompile (default-testCompile) @ stdlib-guice-common ---
[INFO] Nothing to compile - all classes are up to date
[INFO] 
[INFO] --- maven-surefire-plugin:2.19:test (default-test) @ stdlib-guice-common ---
[INFO] Tests are skipped.
[INFO] 
[INFO] --- maven-jar-plugin:2.6:jar (default-jar) @ stdlib-guice-common ---
[INFO] 
[INFO] --- maven-install-plugin:2.4:install (default-install) @ stdlib-guice-common ---
[INFO] Installing /home/travis/build/petergeneric/stdlib/guice/common/target/stdlib-guice-common-9.1.2-SNAPSHOT.jar to /home/travis/.m2/repository/com/peterphi/std/guice/stdlib-guice-common/9.1.2-SNAPSHOT/stdlib-guice-common-9.1.2-SNAPSHOT.jar
[INFO] Installing /home/travis/build/petergeneric/stdlib/guice/common/pom.xml to /home/travis/.m2/repository/com/peterphi/std/guice/stdlib-guice-common/9.1.2-SNAPSHOT/stdlib-guice-common-9.1.2-SNAPSHOT.pom
[INFO]                                                                         
[INFO] ------------------------------------------------------------------------
[INFO] Building user-manager 9.1.2-SNAPSHOT
[INFO] ------------------------------------------------------------------------
[INFO] 
[INFO] --- maven-enforcer-plugin:1.0:enforce (enforce-maven) @ user-manager-parent ---
[INFO] 
[INFO] --- buildnumber-maven-plugin:1.3:create (default) @ user-manager-parent ---
[INFO] 
[INFO] --- maven-install-plugin:2.4:install (default-install) @ user-manager-parent ---
[INFO] Installing /home/travis/build/petergeneric/stdlib/user-manager/pom.xml to /home/travis/.m2/repository/com/peterphi/user-manager/user-manager-parent/9.1.2-SNAPSHOT/user-manager-parent-9.1.2-SNAPSHOT.pom
[INFO]                                                                         
[INFO] ------------------------------------------------------------------------
[INFO] Building user manager rest api 9.1.2-SNAPSHOT
[INFO] ------------------------------------------------------------------------
[INFO] 
[INFO] --- maven-enforcer-plugin:1.0:enforce (enforce-maven) @ user-manager-api ---
[INFO] 
[INFO] --- buildnumber-maven-plugin:1.3:create (default) @ user-manager-api ---
[INFO] 
[INFO] --- maven-resources-plugin:2.6:resources (default-resources) @ user-manager-api ---
[INFO] Using 'UTF-8' encoding to copy filtered resources.
[INFO] skip non existing resourceDirectory /home/travis/build/petergeneric/stdlib/user-manager/api/src/main/resources
[INFO] 
[INFO] --- maven-compiler-plugin:3.3:compile (default-compile) @ user-manager-api ---
[INFO] Nothing to compile - all classes are up to date
[INFO] 
[INFO] --- maven-resources-plugin:2.6:testResources (default-testResources) @ user-manager-api ---
[INFO] Using 'UTF-8' encoding to copy filtered resources.
[INFO] skip non existing resourceDirectory /home/travis/build/petergeneric/stdlib/user-manager/api/src/test/resources
[INFO] 
[INFO] --- maven-compiler-plugin:3.3:testCompile (default-testCompile) @ user-manager-api ---
[INFO] No sources to compile
[INFO] 
[INFO] --- maven-surefire-plugin:2.19:test (default-test) @ user-manager-api ---
[INFO] Tests are skipped.
[INFO] 
[INFO] --- maven-jar-plugin:2.6:jar (default-jar) @ user-manager-api ---
[INFO] 
[INFO] --- maven-install-plugin:2.4:install (default-install) @ user-manager-api ---
[INFO] Installing /home/travis/build/petergeneric/stdlib/user-manager/api/target/user-manager-api-9.1.2-SNAPSHOT.jar to /home/travis/.m2/repository/com/peterphi/user-manager/user-manager-api/9.1.2-SNAPSHOT/user-manager-api-9.1.2-SNAPSHOT.jar
[INFO] Installing /home/travis/build/petergeneric/stdlib/user-manager/api/pom.xml to /home/travis/.m2/repository/com/peterphi/user-manager/user-manager-api/9.1.2-SNAPSHOT/user-manager-api-9.1.2-SNAPSHOT.pom
[INFO]                                                                         
[INFO] ------------------------------------------------------------------------
[INFO] Building stdlib guice webapp 9.1.2-SNAPSHOT
[INFO] ------------------------------------------------------------------------
[WARNING] The artifact xml-apis:xml-apis:jar:2.0.2 has been relocated to xml-apis:xml-apis:jar:1.0.b2
[INFO] 
[INFO] --- maven-enforcer-plugin:1.0:enforce (enforce-maven) @ stdlib-guice-webapp ---
[INFO] 
[INFO] --- buildnumber-maven-plugin:1.3:create (default) @ stdlib-guice-webapp ---
[INFO] 
[INFO] --- maven-resources-plugin:2.6:resources (default-resources) @ stdlib-guice-webapp ---
[INFO] Using 'UTF-8' encoding to copy filtered resources.
[INFO] Copying 9 resources
[INFO] 
[INFO] --- maven-compiler-plugin:3.3:compile (default-compile) @ stdlib-guice-webapp ---
[INFO] Changes detected - recompiling the module!
[INFO] Compiling 80 source files to /home/travis/build/petergeneric/stdlib/guice/webapp/target/classes
[INFO] /home/travis/build/petergeneric/stdlib/guice/webapp/src/main/java/com/peterphi/std/guice/web/rest/setup/JAXRSClientProvider.java: Some input files use unchecked or unsafe operations.
[INFO] /home/travis/build/petergeneric/stdlib/guice/webapp/src/main/java/com/peterphi/std/guice/web/rest/setup/JAXRSClientProvider.java: Recompile with -Xlint:unchecked for details.
[INFO] -------------------------------------------------------------
[ERROR] COMPILATION ERROR : 
[INFO] -------------------------------------------------------------
[ERROR] /home/travis/build/petergeneric/stdlib/guice/webapp/src/main/java/com/peterphi/std/guice/web/rest/auth/userprovider/HttpCallJWTUser.java:[283,66] cannot find symbol
  symbol:   variable ROLE_SPECIAL_AUTHENTICATED
  location: class com.peterphi.std.guice.web.rest.auth.userprovider.WebappAuthenticationModule
[ERROR] /home/travis/build/petergeneric/stdlib/guice/webapp/src/main/java/com/peterphi/std/guice/web/rest/auth/userprovider/HttpCallUser.java:[65,66] cannot find symbol
  symbol:   variable ROLE_SPECIAL_AUTHENTICATED
  location: class com.peterphi.std.guice.web.rest.auth.userprovider.WebappAuthenticationModule
[INFO] 2 errors 
[INFO] -------------------------------------------------------------
[INFO] ------------------------------------------------------------------------
[INFO] Reactor Summary:
[INFO] 
[INFO] application framework parent ....................... SUCCESS [  1.218 s]
[INFO] stdlib ............................................. SUCCESS [  2.133 s]
[INFO] application framework guice modules parent ......... SUCCESS [  0.247 s]
[INFO] stdlib guice common ................................ SUCCESS [  1.541 s]
[INFO] user-manager ....................................... SUCCESS [  0.032 s]
[INFO] user manager rest api .............................. SUCCESS [  0.149 s]
[INFO] stdlib guice webapp ................................ FAILURE [  7.686 s]
[INFO] stdlib guice metrics ............................... SKIPPED
[INFO] stdlib guice freemarker webapp ..................... SKIPPED
[INFO] stdlib guice testing support ....................... SKIPPED
[INFO] stdlib guice hibernate ............................. SKIPPED
[INFO] stdlib guice hibernate testing support ............. SKIPPED
[INFO] stdlib guice liquibase support ..................... SKIPPED
[INFO] carbon client ...................................... SKIPPED
[INFO] configuration ...................................... SKIPPED
[INFO] Configuration Service .............................. SKIPPED
[INFO] user manager service ............................... SKIPPED
[INFO] ------------------------------------------------------------------------
[INFO] BUILD FAILURE
[INFO] ------------------------------------------------------------------------
[INFO] Total time: 14.751 s
[INFO] Finished at: 2016-08-12T16:29:28+00:00
[INFO] Final Memory: 26M/365M
[INFO] ------------------------------------------------------------------------
[ERROR] Failed to execute goal org.apache.maven.plugins:maven-compiler-plugin:3.3:compile (default-compile) on project stdlib-guice-webapp: Compilation failure: Compilation failure:
[ERROR] /home/travis/build/petergeneric/stdlib/guice/webapp/src/main/java/com/peterphi/std/guice/web/rest/auth/userprovider/HttpCallJWTUser.java:[283,66] cannot find symbol
[ERROR] symbol:   variable ROLE_SPECIAL_AUTHENTICATED
[ERROR] location: class com.peterphi.std.guice.web.rest.auth.userprovider.WebappAuthenticationModule
[ERROR] /home/travis/build/petergeneric/stdlib/guice/webapp/src/main/java/com/peterphi/std/guice/web/rest/auth/userprovider/HttpCallUser.java:[65,66] cannot find symbol
[ERROR] symbol:   variable ROLE_SPECIAL_AUTHENTICATED
[ERROR] location: class com.peterphi.std.guice.web.rest.auth.userprovider.WebappAuthenticationModule
[ERROR] -> [Help 1]
[ERROR] 
[ERROR] To see the full stack trace of the errors, re-run Maven with the -e switch.
[ERROR] Re-run Maven using the -X switch to enable full debug logging.
[ERROR] 
[ERROR] For more information about the errors and possible solutions, please read the following articles:
[ERROR] [Help 1] http://cwiki.apache.org/confluence/display/MAVEN/MojoFailureException
[ERROR] 
[ERROR] After correcting the problems, you can resume the build with the command
[ERROR]   mvn <goals> -rf :stdlib-guice-webapp

[31;1mThe command "eval mvn install -DskipTests=true -Dmaven.javadoc.skip=true -B -V" failed. Retrying, 3 of 3.[0m

Java HotSpot(TM) 64-Bit Server VM warning: ignoring option MaxPermSize=192m; support was removed in 8.0
Apache Maven 3.2.5 (12a6b3acb947671f09b81f49094c53f426d8cea1; 2014-12-14T17:29:23+00:00)
Maven home: /usr/local/maven
Java version: 1.8.0_31, vendor: Oracle Corporation
Java home: /usr/lib/jvm/java-8-oracle/jre
Default locale: en_US, platform encoding: UTF-8
OS name: "linux", version: "3.13.0-40-generic", arch: "amd64", family: "unix"
[INFO] Scanning for projects...
[INFO] Inspecting build with total of 17 modules...
[INFO] Installing Nexus Staging features:
[INFO]   ... total of 17 executions of maven-deploy-plugin replaced with nexus-staging-maven-plugin
[INFO] ------------------------------------------------------------------------
[INFO] Reactor Build Order:
[INFO] 
[INFO] application framework parent
[INFO] stdlib
[INFO] application framework guice modules parent
[INFO] stdlib guice common
[INFO] user-manager
[INFO] user manager rest api
[INFO] stdlib guice webapp
[INFO] stdlib guice metrics
[INFO] stdlib guice freemarker webapp
[INFO] stdlib guice testing support
[INFO] stdlib guice hibernate
[INFO] stdlib guice hibernate testing support
[INFO] stdlib guice liquibase support
[INFO] carbon client
[INFO] configuration
[INFO] Configuration Service
[INFO] user manager service
[INFO]                                                                         
[INFO] ------------------------------------------------------------------------
[INFO] Building application framework parent 9.1.2-SNAPSHOT
[INFO] ------------------------------------------------------------------------
[INFO] 
[INFO] --- maven-enforcer-plugin:1.0:enforce (enforce-maven) @ stdlib-parent ---
[INFO] 
[INFO] --- buildnumber-maven-plugin:1.3:create (default) @ stdlib-parent ---
[INFO] Executing: /bin/sh -c cd /home/travis/build/petergeneric/stdlib && git rev-parse --verify HEAD
[INFO] Working directory: /home/travis/build/petergeneric/stdlib
[INFO] Storing buildNumber: 95dd3932ab7f78fb4d7e780f916ab0e7ac26c993 at timestamp: 1471019381260
[WARNING] Cannot get the branch information from the git repository: 
Detecting the current branch failed: fatal: ref HEAD is not a symbolic ref

[INFO] Executing: /bin/sh -c cd /home/travis/build/petergeneric/stdlib && git rev-parse --verify HEAD
[INFO] Working directory: /home/travis/build/petergeneric/stdlib
[INFO] Storing buildScmBranch: UNKNOWN
[INFO] 
[INFO] --- maven-install-plugin:2.4:install (default-install) @ stdlib-parent ---
[INFO] Installing /home/travis/build/petergeneric/stdlib/pom.xml to /home/travis/.m2/repository/com/peterphi/std/stdlib-parent/9.1.2-SNAPSHOT/stdlib-parent-9.1.2-SNAPSHOT.pom
[INFO]                                                                         
[INFO] ------------------------------------------------------------------------
[INFO] Building stdlib 9.1.2-SNAPSHOT
[INFO] ------------------------------------------------------------------------
[INFO] 
[INFO] --- maven-enforcer-plugin:1.0:enforce (enforce-maven) @ stdlib ---
[INFO] 
[INFO] --- buildnumber-maven-plugin:1.3:create (default) @ stdlib ---
[INFO] 
[INFO] --- maven-resources-plugin:2.6:resources (default-resources) @ stdlib ---
[INFO] Using 'UTF-8' encoding to copy filtered resources.
[INFO] skip non existing resourceDirectory /home/travis/build/petergeneric/stdlib/stdlib/src/main/resources
[INFO] 
[INFO] --- maven-compiler-plugin:3.3:compile (default-compile) @ stdlib ---
[INFO] Nothing to compile - all classes are up to date
[INFO] 
[INFO] --- maven-resources-plugin:2.6:testResources (default-testResources) @ stdlib ---
[INFO] Using 'UTF-8' encoding to copy filtered resources.
[INFO] skip non existing resourceDirectory /home/travis/build/petergeneric/stdlib/stdlib/src/test/resources
[INFO] 
[INFO] --- maven-compiler-plugin:3.3:testCompile (default-testCompile) @ stdlib ---
[INFO] Nothing to compile - all classes are up to date
[INFO] 
[INFO] --- maven-surefire-plugin:2.19:test (default-test) @ stdlib ---
[INFO] Tests are skipped.
[INFO] 
[INFO] --- maven-jar-plugin:2.6:jar (default-jar) @ stdlib ---
[INFO] 
[INFO] --- maven-install-plugin:2.4:install (default-install) @ stdlib ---
[INFO] Installing /home/travis/build/petergeneric/stdlib/stdlib/target/stdlib-9.1.2-SNAPSHOT.jar to /home/travis/.m2/repository/com/peterphi/std/stdlib/9.1.2-SNAPSHOT/stdlib-9.1.2-SNAPSHOT.jar
[INFO] Installing /home/travis/build/petergeneric/stdlib/stdlib/pom.xml to /home/travis/.m2/repository/com/peterphi/std/stdlib/9.1.2-SNAPSHOT/stdlib-9.1.2-SNAPSHOT.pom
[INFO]                                                                         
[INFO] ------------------------------------------------------------------------
[INFO] Building application framework guice modules parent 9.1.2-SNAPSHOT
[INFO] ------------------------------------------------------------------------
[INFO] 
[INFO] --- maven-enforcer-plugin:1.0:enforce (enforce-maven) @ stdlib-guice-parent ---
[INFO] 
[INFO] --- buildnumber-maven-plugin:1.3:create (default) @ stdlib-guice-parent ---
[INFO] 
[INFO] --- maven-install-plugin:2.4:install (default-install) @ stdlib-guice-parent ---
[INFO] Installing /home/travis/build/petergeneric/stdlib/guice/pom.xml to /home/travis/.m2/repository/com/peterphi/std/guice/stdlib-guice-parent/9.1.2-SNAPSHOT/stdlib-guice-parent-9.1.2-SNAPSHOT.pom
[INFO]                                                                         
[INFO] ------------------------------------------------------------------------
[INFO] Building stdlib guice common 9.1.2-SNAPSHOT
[INFO] ------------------------------------------------------------------------
[WARNING] The artifact xml-apis:xml-apis:jar:2.0.2 has been relocated to xml-apis:xml-apis:jar:1.0.b2
[INFO] 
[INFO] --- maven-enforcer-plugin:1.0:enforce (enforce-maven) @ stdlib-guice-common ---
[INFO] 
[INFO] --- buildnumber-maven-plugin:1.3:create (default) @ stdlib-guice-common ---
[INFO] 
[INFO] --- maven-resources-plugin:2.6:resources (default-resources) @ stdlib-guice-common ---
[INFO] Using 'UTF-8' encoding to copy filtered resources.
[INFO] Copying 1 resource
[INFO] 
[INFO] --- maven-compiler-plugin:3.3:compile (default-compile) @ stdlib-guice-common ---
[INFO] Nothing to compile - all classes are up to date
[INFO] 
[INFO] --- maven-resources-plugin:2.6:testResources (default-testResources) @ stdlib-guice-common ---
[INFO] Using 'UTF-8' encoding to copy filtered resources.
[INFO] Copying 2 resources
[INFO] 
[INFO] --- maven-compiler-plugin:3.3:testCompile (default-testCompile) @ stdlib-guice-common ---
[INFO] Nothing to compile - all classes are up to date
[INFO] 
[INFO] --- maven-surefire-plugin:2.19:test (default-test) @ stdlib-guice-common ---
[INFO] Tests are skipped.
[INFO] 
[INFO] --- maven-jar-plugin:2.6:jar (default-jar) @ stdlib-guice-common ---
[INFO] 
[INFO] --- maven-install-plugin:2.4:install (default-install) @ stdlib-guice-common ---
[INFO] Installing /home/travis/build/petergeneric/stdlib/guice/common/target/stdlib-guice-common-9.1.2-SNAPSHOT.jar to /home/travis/.m2/repository/com/peterphi/std/guice/stdlib-guice-common/9.1.2-SNAPSHOT/stdlib-guice-common-9.1.2-SNAPSHOT.jar
[INFO] Installing /home/travis/build/petergeneric/stdlib/guice/common/pom.xml to /home/travis/.m2/repository/com/peterphi/std/guice/stdlib-guice-common/9.1.2-SNAPSHOT/stdlib-guice-common-9.1.2-SNAPSHOT.pom
[INFO]                                                                         
[INFO] ------------------------------------------------------------------------
[INFO] Building user-manager 9.1.2-SNAPSHOT
[INFO] ------------------------------------------------------------------------
[INFO] 
[INFO] --- maven-enforcer-plugin:1.0:enforce (enforce-maven) @ user-manager-parent ---
[INFO] 
[INFO] --- buildnumber-maven-plugin:1.3:create (default) @ user-manager-parent ---
[INFO] 
[INFO] --- maven-install-plugin:2.4:install (default-install) @ user-manager-parent ---
[INFO] Installing /home/travis/build/petergeneric/stdlib/user-manager/pom.xml to /home/travis/.m2/repository/com/peterphi/user-manager/user-manager-parent/9.1.2-SNAPSHOT/user-manager-parent-9.1.2-SNAPSHOT.pom
[INFO]                                                                         
[INFO] ------------------------------------------------------------------------
[INFO] Building user manager rest api 9.1.2-SNAPSHOT
[INFO] ------------------------------------------------------------------------
[INFO] 
[INFO] --- maven-enforcer-plugin:1.0:enforce (enforce-maven) @ user-manager-api ---
[INFO] 
[INFO] --- buildnumber-maven-plugin:1.3:create (default) @ user-manager-api ---
[INFO] 
[INFO] --- maven-resources-plugin:2.6:resources (default-resources) @ user-manager-api ---
[INFO] Using 'UTF-8' encoding to copy filtered resources.
[INFO] skip non existing resourceDirectory /home/travis/build/petergeneric/stdlib/user-manager/api/src/main/resources
[INFO] 
[INFO] --- maven-compiler-plugin:3.3:compile (default-compile) @ user-manager-api ---
[INFO] Nothing to compile - all classes are up to date
[INFO] 
[INFO] --- maven-resources-plugin:2.6:testResources (default-testResources) @ user-manager-api ---
[INFO] Using 'UTF-8' encoding to copy filtered resources.
[INFO] skip non existing resourceDirectory /home/travis/build/petergeneric/stdlib/user-manager/api/src/test/resources
[INFO] 
[INFO] --- maven-compiler-plugin:3.3:testCompile (default-testCompile) @ user-manager-api ---
[INFO] No sources to compile
[INFO] 
[INFO] --- maven-surefire-plugin:2.19:test (default-test) @ user-manager-api ---
[INFO] Tests are skipped.
[INFO] 
[INFO] --- maven-jar-plugin:2.6:jar (default-jar) @ user-manager-api ---
[INFO] 
[INFO] --- maven-install-plugin:2.4:install (default-install) @ user-manager-api ---
[INFO] Installing /home/travis/build/petergeneric/stdlib/user-manager/api/target/user-manager-api-9.1.2-SNAPSHOT.jar to /home/travis/.m2/repository/com/peterphi/user-manager/user-manager-api/9.1.2-SNAPSHOT/user-manager-api-9.1.2-SNAPSHOT.jar
[INFO] Installing /home/travis/build/petergeneric/stdlib/user-manager/api/pom.xml to /home/travis/.m2/repository/com/peterphi/user-manager/user-manager-api/9.1.2-SNAPSHOT/user-manager-api-9.1.2-SNAPSHOT.pom
[INFO]                                                                         
[INFO] ------------------------------------------------------------------------
[INFO] Building stdlib guice webapp 9.1.2-SNAPSHOT
[INFO] ------------------------------------------------------------------------
[WARNING] The artifact xml-apis:xml-apis:jar:2.0.2 has been relocated to xml-apis:xml-apis:jar:1.0.b2
[INFO] 
[INFO] --- maven-enforcer-plugin:1.0:enforce (enforce-maven) @ stdlib-guice-webapp ---
[INFO] 
[INFO] --- buildnumber-maven-plugin:1.3:create (default) @ stdlib-guice-webapp ---
[INFO] 
[INFO] --- maven-resources-plugin:2.6:resources (default-resources) @ stdlib-guice-webapp ---
[INFO] Using 'UTF-8' encoding to copy filtered resources.
[INFO] Copying 9 resources
[INFO] 
[INFO] --- maven-compiler-plugin:3.3:compile (default-compile) @ stdlib-guice-webapp ---
[INFO] Changes detected - recompiling the module!
[INFO] Compiling 80 source files to /home/travis/build/petergeneric/stdlib/guice/webapp/target/classes
[INFO] /home/travis/build/petergeneric/stdlib/guice/webapp/src/main/java/com/peterphi/std/guice/web/rest/setup/JAXRSClientProvider.java: Some input files use unchecked or unsafe operations.
[INFO] /home/travis/build/petergeneric/stdlib/guice/webapp/src/main/java/com/peterphi/std/guice/web/rest/setup/JAXRSClientProvider.java: Recompile with -Xlint:unchecked for details.
[INFO] -------------------------------------------------------------
[ERROR] COMPILATION ERROR : 
[INFO] -------------------------------------------------------------
[ERROR] /home/travis/build/petergeneric/stdlib/guice/webapp/src/main/java/com/peterphi/std/guice/web/rest/auth/userprovider/HttpCallJWTUser.java:[283,66] cannot find symbol
  symbol:   variable ROLE_SPECIAL_AUTHENTICATED
  location: class com.peterphi.std.guice.web.rest.auth.userprovider.WebappAuthenticationModule
[ERROR] /home/travis/build/petergeneric/stdlib/guice/webapp/src/main/java/com/peterphi/std/guice/web/rest/auth/userprovider/HttpCallUser.java:[65,66] cannot find symbol
  symbol:   variable ROLE_SPECIAL_AUTHENTICATED
  location: class com.peterphi.std.guice.web.rest.auth.userprovider.WebappAuthenticationModule
[INFO] 2 errors 
[INFO] -------------------------------------------------------------
[INFO] ------------------------------------------------------------------------
[INFO] Reactor Summary:
[INFO] 
[INFO] application framework parent ....................... SUCCESS [  1.256 s]
[INFO] stdlib ............................................. SUCCESS [  2.751 s]
[INFO] application framework guice modules parent ......... SUCCESS [  0.220 s]
[INFO] stdlib guice common ................................ SUCCESS [  1.553 s]
[INFO] user-manager ....................................... SUCCESS [  0.032 s]
[INFO] user manager rest api .............................. SUCCESS [  0.142 s]
[INFO] stdlib guice webapp ................................ FAILURE [ 10.370 s]
[INFO] stdlib guice metrics ............................... SKIPPED
[INFO] stdlib guice freemarker webapp ..................... SKIPPED
[INFO] stdlib guice testing support ....................... SKIPPED
[INFO] stdlib guice hibernate ............................. SKIPPED
[INFO] stdlib guice hibernate testing support ............. SKIPPED
[INFO] stdlib guice liquibase support ..................... SKIPPED
[INFO] carbon client ...................................... SKIPPED
[INFO] configuration ...................................... SKIPPED
[INFO] Configuration Service .............................. SKIPPED
[INFO] user manager service ............................... SKIPPED
[INFO] ------------------------------------------------------------------------
[INFO] BUILD FAILURE
[INFO] ------------------------------------------------------------------------
[INFO] Total time: 18.524 s
[INFO] Finished at: 2016-08-12T16:29:56+00:00
[INFO] Final Memory: 26M/368M
[INFO] ------------------------------------------------------------------------
[ERROR] Failed to execute goal org.apache.maven.plugins:maven-compiler-plugin:3.3:compile (default-compile) on project stdlib-guice-webapp: Compilation failure: Compilation failure:
[ERROR] /home/travis/build/petergeneric/stdlib/guice/webapp/src/main/java/com/peterphi/std/guice/web/rest/auth/userprovider/HttpCallJWTUser.java:[283,66] cannot find symbol
[ERROR] symbol:   variable ROLE_SPECIAL_AUTHENTICATED
[ERROR] location: class com.peterphi.std.guice.web.rest.auth.userprovider.WebappAuthenticationModule
[ERROR] /home/travis/build/petergeneric/stdlib/guice/webapp/src/main/java/com/peterphi/std/guice/web/rest/auth/userprovider/HttpCallUser.java:[65,66] cannot find symbol
[ERROR] symbol:   variable ROLE_SPECIAL_AUTHENTICATED
[ERROR] location: class com.peterphi.std.guice.web.rest.auth.userprovider.WebappAuthenticationModule
[ERROR] -> [Help 1]
[ERROR] 
[ERROR] To see the full stack trace of the errors, re-run Maven with the -e switch.
[ERROR] Re-run Maven using the -X switch to enable full debug logging.
[ERROR] 
[ERROR] For more information about the errors and possible solutions, please read the following articles:
[ERROR] [Help 1] http://cwiki.apache.org/confluence/display/MAVEN/MojoFailureException
[ERROR] 
[ERROR] After correcting the problems, you can resume the build with the command
[ERROR]   mvn <goals> -rf :stdlib-guice-webapp

[31;1mThe command "eval mvn install -DskipTests=true -Dmaven.javadoc.skip=true -B -V" failed 3 times.[0m


travis_time:end:13e40998:start=1471019319320320883,finish=1471019403060749103,duration=83740428220[0K
[31;1mThe command "mvn install -DskipTests=true -Dmaven.javadoc.skip=true -B -V" failed and exited with 1 during .[0m

Your build has been stopped.
