Using worker: worker-linux-c55820f2-1.bb.travis-ci.org:travis-linux-4

travis_fold:start:system_info[0K[33;1mBuild system information[0m
Build language: java
[34m[1mBuild image provisioning date and time[0m
Wed Feb  4 18:22:50 UTC 2015
[34m[1mOperating System Details[0m
Distributor ID:	Ubuntu
Description:	Ubuntu 12.04 LTS
Release:	12.04
Codename:	precise
[34m[1mLinux Version[0m
2.6.32-042stab090.5
[34m[1mCookbooks Version[0m
23bb455 https://github.com/travis-ci/travis-cookbooks/tree/23bb455
[34m[1mGCC version[0m
gcc (Ubuntu/Linaro 4.6.3-1ubuntu5) 4.6.3
Copyright (C) 2011 Free Software Foundation, Inc.
This is free software; see the source for copying conditions.  There is NO
warranty; not even for MERCHANTABILITY or FITNESS FOR A PARTICULAR PURPOSE.

[34m[1mLLVM version[0m
clang version 3.4 (tags/RELEASE_34/final)
Target: x86_64-unknown-linux-gnu
Thread model: posix
[34m[1mPre-installed Ruby versions[0m
ruby-1.9.3-p551
[34m[1mPre-installed Node.js versions[0m
v0.10.36
[34m[1mPre-installed Go versions[0m
1.4.1
[34m[1mRedis version[0m
redis-server 2.8.19
[34m[1mriak version[0m
2.0.2
[34m[1mMongoDB version[0m
MongoDB 2.4.12
[34m[1mCouchDB version[0m
couchdb 1.6.1
[34m[1mNeo4j version[0m
1.9.4
[34m[1mCassandra version[0m
2.0.9
[34m[1mRabbitMQ Version[0m
3.4.3
[34m[1mElasticSearch version[0m
1.4.0
[34m[1mInstalled Sphinx versions[0m
2.0.10
2.1.9
2.2.6
[34m[1mDefault Sphinx version[0m
2.2.6
[34m[1mInstalled Firefox version[0m
firefox 31.0esr
[34m[1mPhantomJS version[0m
1.9.8
[34m[1mant -version[0m
Apache Ant(TM) version 1.8.2 compiled on December 3 2011
[34m[1mmvn -version[0m
Apache Maven 3.2.5 (12a6b3acb947671f09b81f49094c53f426d8cea1; 2014-12-14T17:29:23+00:00)
Maven home: /usr/local/maven
Java version: 1.7.0_76, vendor: Oracle Corporation
Java home: /usr/lib/jvm/java-7-oracle/jre
Default locale: en, platform encoding: UTF-8
OS name: "linux", version: "2.6.32-042stab090.5", arch: "amd64", family: "unix"
travis_fold:end:system_info[0K
travis_fold:start:git.checkout[0Ktravis_time:start:08f1a551[0K$ git clone --depth=50 --branch=master git://github.com/davidmoten/rxjava-jdbc.git davidmoten/rxjava-jdbc
Cloning into 'davidmoten/rxjava-jdbc'...
remote: Counting objects: 791, done.[K
remote: Compressing objects:   0% (1/410)   [Kremote: Compressing objects:   1% (5/410)   [Kremote: Compressing objects:   2% (9/410)   [Kremote: Compressing objects:   3% (13/410)   [Kremote: Compressing objects:   4% (17/410)   [Kremote: Compressing objects:   5% (21/410)   [Kremote: Compressing objects:   6% (25/410)   [Kremote: Compressing objects:   7% (29/410)   [Kremote: Compressing objects:   8% (33/410)   [Kremote: Compressing objects:   9% (37/410)   [Kremote: Compressing objects:  10% (41/410)   [Kremote: Compressing objects:  11% (46/410)   [Kremote: Compressing objects:  12% (50/410)   [Kremote: Compressing objects:  13% (54/410)   [Kremote: Compressing objects:  14% (58/410)   [Kremote: Compressing objects:  15% (62/410)   [Kremote: Compressing objects:  16% (66/410)   [Kremote: Compressing objects:  17% (70/410)   [Kremote: Compressing objects:  18% (74/410)   [Kremote: Compressing objects:  19% (78/410)   [Kremote: Compressing objects:  20% (82/410)   [Kremote: Compressing objects:  21% (87/410)   [Kremote: Compressing objects:  22% (91/410)   [Kremote: Compressing objects:  23% (95/410)   [Kremote: Compressing objects:  24% (99/410)   [Kremote: Compressing objects:  25% (103/410)   [Kremote: Compressing objects:  26% (107/410)   [Kremote: Compressing objects:  27% (111/410)   [Kremote: Compressing objects:  28% (115/410)   [Kremote: Compressing objects:  29% (119/410)   [Kremote: Compressing objects:  30% (123/410)   [Kremote: Compressing objects:  31% (128/410)   [Kremote: Compressing objects:  32% (132/410)   [Kremote: Compressing objects:  33% (136/410)   [Kremote: Compressing objects:  34% (140/410)   [Kremote: Compressing objects:  35% (144/410)   [Kremote: Compressing objects:  36% (148/410)   [Kremote: Compressing objects:  37% (152/410)   [Kremote: Compressing objects:  38% (156/410)   [Kremote: Compressing objects:  39% (160/410)   [Kremote: Compressing objects:  40% (164/410)   [Kremote: Compressing objects:  41% (169/410)   [Kremote: Compressing objects:  42% (173/410)   [Kremote: Compressing objects:  43% (177/410)   [Kremote: Compressing objects:  44% (181/410)   [Kremote: Compressing objects:  45% (185/410)   [Kremote: Compressing objects:  46% (189/410)   [Kremote: Compressing objects:  47% (193/410)   [Kremote: Compressing objects:  48% (197/410)   [Kremote: Compressing objects:  49% (201/410)   [Kremote: Compressing objects:  50% (205/410)   [Kremote: Compressing objects:  51% (210/410)   [Kremote: Compressing objects:  52% (214/410)   [Kremote: Compressing objects:  53% (218/410)   [Kremote: Compressing objects:  54% (222/410)   [Kremote: Compressing objects:  55% (226/410)   [Kremote: Compressing objects:  56% (230/410)   [Kremote: Compressing objects:  57% (234/410)   [Kremote: Compressing objects:  58% (238/410)   [Kremote: Compressing objects:  59% (242/410)   [Kremote: Compressing objects:  60% (246/410)   [Kremote: Compressing objects:  61% (251/410)   [Kremote: Compressing objects:  62% (255/410)   [Kremote: Compressing objects:  63% (259/410)   [Kremote: Compressing objects:  64% (263/410)   [Kremote: Compressing objects:  65% (267/410)   [Kremote: Compressing objects:  66% (271/410)   [Kremote: Compressing objects:  67% (275/410)   [Kremote: Compressing objects:  68% (279/410)   [Kremote: Compressing objects:  69% (283/410)   [Kremote: Compressing objects:  70% (287/410)   [Kremote: Compressing objects:  71% (292/410)   [Kremote: Compressing objects:  72% (296/410)   [Kremote: Compressing objects:  73% (300/410)   [Kremote: Compressing objects:  74% (304/410)   [Kremote: Compressing objects:  75% (308/410)   [Kremote: Compressing objects:  76% (312/410)   [Kremote: Compressing objects:  77% (316/410)   [Kremote: Compressing objects:  78% (320/410)   [Kremote: Compressing objects:  79% (324/410)   [Kremote: Compressing objects:  80% (328/410)   [Kremote: Compressing objects:  81% (333/410)   [Kremote: Compressing objects:  82% (337/410)   [Kremote: Compressing objects:  83% (341/410)   [Kremote: Compressing objects:  84% (345/410)   [Kremote: Compressing objects:  85% (349/410)   [Kremote: Compressing objects:  86% (353/410)   [Kremote: Compressing objects:  87% (357/410)   [Kremote: Compressing objects:  88% (361/410)   [Kremote: Compressing objects:  89% (365/410)   [Kremote: Compressing objects:  90% (369/410)   [Kremote: Compressing objects:  91% (374/410)   [Kremote: Compressing objects:  92% (378/410)   [Kremote: Compressing objects:  93% (382/410)   [Kremote: Compressing objects:  94% (386/410)   [Kremote: Compressing objects:  95% (390/410)   [Kremote: Compressing objects:  96% (394/410)   [Kremote: Compressing objects:  97% (398/410)   [Kremote: Compressing objects:  98% (402/410)   [Kremote: Compressing objects:  99% (406/410)   [Kremote: Compressing objects: 100% (410/410)   [Kremote: Compressing objects: 100% (410/410), done.[K
Receiving objects:   0% (1/791)   Receiving objects:   1% (8/791)   Receiving objects:   2% (16/791)   Receiving objects:   3% (24/791)   Receiving objects:   4% (32/791)   Receiving objects:   5% (40/791)   Receiving objects:   6% (48/791)   Receiving objects:   7% (56/791)   Receiving objects:   8% (64/791)   Receiving objects:   9% (72/791)   Receiving objects:  10% (80/791)   Receiving objects:  11% (88/791)   Receiving objects:  12% (95/791)   Receiving objects:  13% (103/791)   Receiving objects:  14% (111/791)   Receiving objects:  15% (119/791)   Receiving objects:  16% (127/791)   Receiving objects:  17% (135/791)   Receiving objects:  18% (143/791)   Receiving objects:  19% (151/791)   Receiving objects:  20% (159/791)   Receiving objects:  21% (167/791)   remote: Total 791 (delta 293), reused 607 (delta 137), pack-reused 0[K
Receiving objects:  22% (175/791)   Receiving objects:  23% (182/791)   Receiving objects:  24% (190/791)   Receiving objects:  25% (198/791)   Receiving objects:  26% (206/791)   Receiving objects:  27% (214/791)   Receiving objects:  28% (222/791)   Receiving objects:  29% (230/791)   Receiving objects:  30% (238/791)   Receiving objects:  31% (246/791)   Receiving objects:  32% (254/791)   Receiving objects:  33% (262/791)   Receiving objects:  34% (269/791)   Receiving objects:  35% (277/791)   Receiving objects:  36% (285/791)   Receiving objects:  37% (293/791)   Receiving objects:  38% (301/791)   Receiving objects:  39% (309/791)   Receiving objects:  40% (317/791)   Receiving objects:  41% (325/791)   Receiving objects:  42% (333/791)   Receiving objects:  43% (341/791)   Receiving objects:  44% (349/791)   Receiving objects:  45% (356/791)   Receiving objects:  46% (364/791)   Receiving objects:  47% (372/791)   Receiving objects:  48% (380/791)   Receiving objects:  49% (388/791)   Receiving objects:  50% (396/791)   Receiving objects:  51% (404/791)   Receiving objects:  52% (412/791)   Receiving objects:  53% (420/791)   Receiving objects:  54% (428/791)   Receiving objects:  55% (436/791)   Receiving objects:  56% (443/791)   Receiving objects:  57% (451/791)   Receiving objects:  58% (459/791)   Receiving objects:  59% (467/791)   Receiving objects:  60% (475/791)   Receiving objects:  61% (483/791)   Receiving objects:  62% (491/791)   Receiving objects:  63% (499/791)   Receiving objects:  64% (507/791)   Receiving objects:  65% (515/791)   Receiving objects:  66% (523/791)   Receiving objects:  67% (530/791)   Receiving objects:  68% (538/791)   Receiving objects:  69% (546/791)   Receiving objects:  70% (554/791)   Receiving objects:  71% (562/791)   Receiving objects:  72% (570/791)   Receiving objects:  73% (578/791)   Receiving objects:  74% (586/791)   Receiving objects:  75% (594/791)   Receiving objects:  76% (602/791)   Receiving objects:  77% (610/791)   Receiving objects:  78% (617/791)   Receiving objects:  79% (625/791)   Receiving objects:  80% (633/791)   Receiving objects:  81% (641/791)   Receiving objects:  82% (649/791)   Receiving objects:  83% (657/791)   Receiving objects:  84% (665/791)   Receiving objects:  85% (673/791)   Receiving objects:  86% (681/791)   Receiving objects:  87% (689/791)   Receiving objects:  88% (697/791)   Receiving objects:  89% (704/791)   Receiving objects:  90% (712/791)   Receiving objects:  91% (720/791)   Receiving objects:  92% (728/791)   Receiving objects:  93% (736/791)   Receiving objects:  94% (744/791)   Receiving objects:  95% (752/791)   Receiving objects:  96% (760/791)   Receiving objects:  97% (768/791)   Receiving objects:  98% (776/791)   Receiving objects:  99% (784/791)   Receiving objects: 100% (791/791)   Receiving objects: 100% (791/791), 148.83 KiB | 0 bytes/s, done.
Resolving deltas:   0% (0/293)   Resolving deltas:   7% (21/293)   Resolving deltas:  28% (84/293)   Resolving deltas:  31% (92/293)   Resolving deltas:  36% (108/293)   Resolving deltas:  37% (109/293)   Resolving deltas:  38% (114/293)   Resolving deltas:  40% (120/293)   Resolving deltas:  41% (122/293)   Resolving deltas:  42% (124/293)   Resolving deltas:  43% (126/293)   Resolving deltas:  44% (129/293)   Resolving deltas:  47% (139/293)   Resolving deltas:  49% (146/293)   Resolving deltas:  53% (157/293)   Resolving deltas:  54% (159/293)   Resolving deltas:  55% (164/293)   Resolving deltas:  56% (165/293)   Resolving deltas:  60% (178/293)   Resolving deltas:  62% (182/293)   Resolving deltas:  63% (187/293)   Resolving deltas:  67% (197/293)   Resolving deltas:  68% (200/293)   Resolving deltas:  69% (203/293)   Resolving deltas:  70% (206/293)   Resolving deltas:  72% (213/293)   Resolving deltas:  73% (215/293)   Resolving deltas:  75% (220/293)   Resolving deltas:  76% (223/293)   Resolving deltas:  77% (226/293)   Resolving deltas:  79% (232/293)   Resolving deltas:  84% (249/293)   Resolving deltas:  85% (251/293)   Resolving deltas:  86% (252/293)   Resolving deltas:  88% (260/293)   Resolving deltas:  89% (263/293)   Resolving deltas:  92% (270/293)   Resolving deltas:  93% (274/293)   Resolving deltas:  94% (278/293)   Resolving deltas:  96% (282/293)   Resolving deltas:  97% (286/293)   Resolving deltas:  98% (290/293)   Resolving deltas:  99% (292/293)   Resolving deltas: 100% (293/293)   Resolving deltas: 100% (293/293), done.
Checking connectivity... done.
travis_time:end:08f1a551:start=1433404888313982626,finish=1433404888525120972,duration=211138346[0K$ cd davidmoten/rxjava-jdbc
$ git checkout -qf cad18505032acddc70d7fd9f23a6e1224f3a0879
travis_fold:end:git.checkout[0K$ jdk_switcher use oraclejdk8
Switching to Oracle JDK8 (java-8-oracle), JAVA_HOME will be set to /usr/lib/jvm/java-8-oracle
$ java -Xmx32m -version
java version "1.8.0_31"
Java(TM) SE Runtime Environment (build 1.8.0_31-b13)
Java HotSpot(TM) 64-Bit Server VM (build 25.31-b07, mixed mode)
$ javac -J-Xmx32m -version
javac 1.8.0_31
travis_fold:start:install[0Ktravis_time:start:0ab223ec[0K$ mvn install -DskipTests=true -Dmaven.javadoc.skip=true -B -V
Java HotSpot(TM) 64-Bit Server VM warning: ignoring option MaxPermSize=192m; support was removed in 8.0
Apache Maven 3.2.5 (12a6b3acb947671f09b81f49094c53f426d8cea1; 2014-12-14T17:29:23+00:00)
Maven home: /usr/local/maven
Java version: 1.8.0_31, vendor: Oracle Corporation
Java home: /usr/lib/jvm/java-8-oracle/jre
Default locale: en_US, platform encoding: UTF-8
OS name: "linux", version: "2.6.32-042stab090.5", arch: "amd64", family: "unix"
[INFO] Scanning for projects...
[INFO] Downloading: http://repo.maven.apache.org/maven2/com/github/davidmoten/sonatype-parent/0.1/sonatype-parent-0.1.pom
[INFO] Downloaded: http://repo.maven.apache.org/maven2/com/github/davidmoten/sonatype-parent/0.1/sonatype-parent-0.1.pom (4 KB at 18.6 KB/sec)
[INFO] Downloading: https://repo.maven.apache.org/maven2/org/sonatype/plugins/nexus-staging-maven-plugin/1.6.5/nexus-staging-maven-plugin-1.6.5.pom
[INFO] Downloaded: https://repo.maven.apache.org/maven2/org/sonatype/plugins/nexus-staging-maven-plugin/1.6.5/nexus-staging-maven-plugin-1.6.5.pom (12 KB at 22.6 KB/sec)
[INFO] Downloading: https://repo.maven.apache.org/maven2/org/sonatype/nexus/maven/nexus-staging/1.6.5/nexus-staging-1.6.5.pom
[INFO] Downloaded: https://repo.maven.apache.org/maven2/org/sonatype/nexus/maven/nexus-staging/1.6.5/nexus-staging-1.6.5.pom (3 KB at 59.9 KB/sec)
[INFO] Downloading: https://repo.maven.apache.org/maven2/org/sonatype/nexus/maven/nexus-maven-plugins/1.6.5/nexus-maven-plugins-1.6.5.pom
[INFO] Downloaded: https://repo.maven.apache.org/maven2/org/sonatype/nexus/maven/nexus-maven-plugins/1.6.5/nexus-maven-plugins-1.6.5.pom (18 KB at 263.7 KB/sec)
[INFO] Downloading: https://repo.maven.apache.org/maven2/org/sonatype/buildsupport/public-parent/6/public-parent-6.pom
[INFO] Downloaded: https://repo.maven.apache.org/maven2/org/sonatype/buildsupport/public-parent/6/public-parent-6.pom (760 B at 19.0 KB/sec)
[INFO] Downloading: https://repo.maven.apache.org/maven2/org/sonatype/buildsupport/buildsupport/6/buildsupport-6.pom
[INFO] Downloaded: https://repo.maven.apache.org/maven2/org/sonatype/buildsupport/buildsupport/6/buildsupport-6.pom (23 KB at 400.7 KB/sec)
[INFO] Downloading: https://repo.maven.apache.org/maven2/org/sonatype/nexus/maven/nexus-common/1.6.5/nexus-common-1.6.5.pom
[INFO] Downloaded: https://repo.maven.apache.org/maven2/org/sonatype/nexus/maven/nexus-common/1.6.5/nexus-common-1.6.5.pom (3 KB at 54.2 KB/sec)
[INFO] Downloading: https://repo.maven.apache.org/maven2/org/sonatype/plexus/plexus-sec-dispatcher/1.4/plexus-sec-dispatcher-1.4.pom
[INFO] Downloaded: https://repo.maven.apache.org/maven2/org/sonatype/plexus/plexus-sec-dispatcher/1.4/plexus-sec-dispatcher-1.4.pom (3 KB at 70.5 KB/sec)
[INFO] Downloading: https://repo.maven.apache.org/maven2/org/sonatype/spice/spice-parent/12/spice-parent-12.pom
[INFO] Downloaded: https://repo.maven.apache.org/maven2/org/sonatype/spice/spice-parent/12/spice-parent-12.pom (7 KB at 154.4 KB/sec)
[INFO] Downloading: https://repo.maven.apache.org/maven2/org/sonatype/forge/forge-parent/4/forge-parent-4.pom
[INFO] Downloaded: https://repo.maven.apache.org/maven2/org/sonatype/forge/forge-parent/4/forge-parent-4.pom (9 KB at 190.7 KB/sec)
[INFO] Downloading: https://repo.maven.apache.org/maven2/org/sonatype/plexus/plexus-cipher/1.7/plexus-cipher-1.7.pom
[INFO] Downloaded: https://repo.maven.apache.org/maven2/org/sonatype/plexus/plexus-cipher/1.7/plexus-cipher-1.7.pom (5 KB at 99.4 KB/sec)
[INFO] Downloading: https://repo.maven.apache.org/maven2/org/sonatype/spice/spice-parent/15/spice-parent-15.pom
[INFO] Downloaded: https://repo.maven.apache.org/maven2/org/sonatype/spice/spice-parent/15/spice-parent-15.pom (9 KB at 189.8 KB/sec)
[INFO] Downloading: https://repo.maven.apache.org/maven2/org/sonatype/forge/forge-parent/5/forge-parent-5.pom
[INFO] Downloaded: https://repo.maven.apache.org/maven2/org/sonatype/forge/forge-parent/5/forge-parent-5.pom (9 KB at 189.9 KB/sec)
[INFO] Downloading: https://repo.maven.apache.org/maven2/com/google/guava/guava/14.0.1/guava-14.0.1.pom
[INFO] Downloaded: https://repo.maven.apache.org/maven2/com/google/guava/guava/14.0.1/guava-14.0.1.pom (6 KB at 128.0 KB/sec)
[INFO] Downloading: https://repo.maven.apache.org/maven2/com/google/guava/guava-parent/14.0.1/guava-parent-14.0.1.pom
[INFO] Downloaded: https://repo.maven.apache.org/maven2/com/google/guava/guava-parent/14.0.1/guava-parent-14.0.1.pom (3 KB at 64.0 KB/sec)
[INFO] Downloading: https://repo.maven.apache.org/maven2/org/sonatype/oss/oss-parent/7/oss-parent-7.pom
[INFO] Downloaded: https://repo.maven.apache.org/maven2/org/sonatype/oss/oss-parent/7/oss-parent-7.pom (5 KB at 114.9 KB/sec)
[INFO] Downloading: https://repo.maven.apache.org/maven2/org/sonatype/nexus/nexus-client-core/2.9.1-02/nexus-client-core-2.9.1-02.pom
[INFO] Downloaded: https://repo.maven.apache.org/maven2/org/sonatype/nexus/nexus-client-core/2.9.1-02/nexus-client-core-2.9.1-02.pom (5 KB at 120.1 KB/sec)
[INFO] Downloading: https://repo.maven.apache.org/maven2/org/sonatype/nexus/nexus-components/2.9.1-02/nexus-components-2.9.1-02.pom
[INFO] Downloaded: https://repo.maven.apache.org/maven2/org/sonatype/nexus/nexus-components/2.9.1-02/nexus-components-2.9.1-02.pom (3 KB at 53.8 KB/sec)
[INFO] Downloading: https://repo.maven.apache.org/maven2/org/sonatype/nexus/nexus-oss/2.9.1-02/nexus-oss-2.9.1-02.pom
[INFO] Downloaded: https://repo.maven.apache.org/maven2/org/sonatype/nexus/nexus-oss/2.9.1-02/nexus-oss-2.9.1-02.pom (37 KB at 580.9 KB/sec)
[INFO] Downloading: https://repo.maven.apache.org/maven2/org/sonatype/nexus/buildsupport/nexus-buildsupport-all/2.9.1-02/nexus-buildsupport-all-2.9.1-02.pom
[INFO] Downloaded: https://repo.maven.apache.org/maven2/org/sonatype/nexus/buildsupport/nexus-buildsupport-all/2.9.1-02/nexus-buildsupport-all-2.9.1-02.pom (6 KB at 135.5 KB/sec)
[INFO] Downloading: https://repo.maven.apache.org/maven2/org/sonatype/nexus/buildsupport/nexus-buildsupport/2.9.1-02/nexus-buildsupport-2.9.1-02.pom
[INFO] Downloaded: https://repo.maven.apache.org/maven2/org/sonatype/nexus/buildsupport/nexus-buildsupport/2.9.1-02/nexus-buildsupport-2.9.1-02.pom (2 KB at 50.8 KB/sec)
[INFO] Downloading: https://repository.sonatype.org/content/groups/sonatype-public-grid/org/sonatype/nexus/buildsupport/nexus-buildsupport-commons/2.9.1-02/nexus-buildsupport-commons-2.9.1-02.pom
[INFO] Downloaded: https://repository.sonatype.org/content/groups/sonatype-public-grid/org/sonatype/nexus/buildsupport/nexus-buildsupport-commons/2.9.1-02/nexus-buildsupport-commons-2.9.1-02.pom (3 KB at 11.2 KB/sec)
[INFO] Downloading: https://repository.sonatype.org/content/groups/sonatype-public-grid/org/sonatype/nexus/buildsupport/nexus-buildsupport-db/2.9.1-02/nexus-buildsupport-db-2.9.1-02.pom
[INFO] Downloaded: https://repository.sonatype.org/content/groups/sonatype-public-grid/org/sonatype/nexus/buildsupport/nexus-buildsupport-db/2.9.1-02/nexus-buildsupport-db-2.9.1-02.pom (2 KB at 21.2 KB/sec)
[INFO] Downloading: https://repository.sonatype.org/content/groups/sonatype-public-grid/org/sonatype/nexus/buildsupport/nexus-buildsupport-httpclient/2.9.1-02/nexus-buildsupport-httpclient-2.9.1-02.pom
[INFO] Downloaded: https://repository.sonatype.org/content/groups/sonatype-public-grid/org/sonatype/nexus/buildsupport/nexus-buildsupport-httpclient/2.9.1-02/nexus-buildsupport-httpclient-2.9.1-02.pom (3 KB at 32.1 KB/sec)
[INFO] Downloading: https://repository.sonatype.org/content/groups/sonatype-public-grid/org/sonatype/nexus/buildsupport/nexus-buildsupport-maven/2.9.1-02/nexus-buildsupport-maven-2.9.1-02.pom
[INFO] Downloaded: https://repository.sonatype.org/content/groups/sonatype-public-grid/org/sonatype/nexus/buildsupport/nexus-buildsupport-maven/2.9.1-02/nexus-buildsupport-maven-2.9.1-02.pom (7 KB at 94.2 KB/sec)
[INFO] Downloading: https://repository.sonatype.org/content/groups/sonatype-public-grid/org/sonatype/nexus/buildsupport/nexus-buildsupport-shiro/2.9.1-02/nexus-buildsupport-shiro-2.9.1-02.pom
[INFO] Downloaded: https://repository.sonatype.org/content/groups/sonatype-public-grid/org/sonatype/nexus/buildsupport/nexus-buildsupport-shiro/2.9.1-02/nexus-buildsupport-shiro-2.9.1-02.pom (4 KB at 53.1 KB/sec)
[INFO] Downloading: https://repository.sonatype.org/content/groups/sonatype-public-grid/org/sonatype/nexus/buildsupport/nexus-buildsupport-bouncycastle/2.9.1-02/nexus-buildsupport-bouncycastle-2.9.1-02.pom
[INFO] Downloaded: https://repository.sonatype.org/content/groups/sonatype-public-grid/org/sonatype/nexus/buildsupport/nexus-buildsupport-bouncycastle/2.9.1-02/nexus-buildsupport-bouncycastle-2.9.1-02.pom (3 KB at 31.2 KB/sec)
[INFO] Downloading: https://repository.sonatype.org/content/groups/sonatype-public-grid/org/sonatype/nexus/buildsupport/nexus-buildsupport-jetty/2.9.1-02/nexus-buildsupport-jetty-2.9.1-02.pom
[INFO] Downloaded: https://repository.sonatype.org/content/groups/sonatype-public-grid/org/sonatype/nexus/buildsupport/nexus-buildsupport-jetty/2.9.1-02/nexus-buildsupport-jetty-2.9.1-02.pom (5 KB at 67.0 KB/sec)
[INFO] Downloading: https://repository.sonatype.org/content/groups/sonatype-public-grid/org/sonatype/nexus/buildsupport/nexus-buildsupport-goodies/2.9.1-02/nexus-buildsupport-goodies-2.9.1-02.pom
[INFO] Downloaded: https://repository.sonatype.org/content/groups/sonatype-public-grid/org/sonatype/nexus/buildsupport/nexus-buildsupport-goodies/2.9.1-02/nexus-buildsupport-goodies-2.9.1-02.pom (4 KB at 55.4 KB/sec)
[INFO] Downloading: https://repository.sonatype.org/content/groups/sonatype-public-grid/org/sonatype/nexus/buildsupport/nexus-buildsupport-groovy/2.9.1-02/nexus-buildsupport-groovy-2.9.1-02.pom
[INFO] Downloaded: https://repository.sonatype.org/content/groups/sonatype-public-grid/org/sonatype/nexus/buildsupport/nexus-buildsupport-groovy/2.9.1-02/nexus-buildsupport-groovy-2.9.1-02.pom (3 KB at 40.4 KB/sec)
[INFO] Downloading: https://repository.sonatype.org/content/groups/sonatype-public-grid/org/sonatype/nexus/buildsupport/nexus-buildsupport-guice/2.9.1-02/nexus-buildsupport-guice-2.9.1-02.pom
[INFO] Downloaded: https://repository.sonatype.org/content/groups/sonatype-public-grid/org/sonatype/nexus/buildsupport/nexus-buildsupport-guice/2.9.1-02/nexus-buildsupport-guice-2.9.1-02.pom (4 KB at 56.6 KB/sec)
[INFO] Downloading: https://repository.sonatype.org/content/groups/sonatype-public-grid/org/sonatype/nexus/buildsupport/nexus-buildsupport-logging/2.9.1-02/nexus-buildsupport-logging-2.9.1-02.pom
[INFO] Downloaded: https://repository.sonatype.org/content/groups/sonatype-public-grid/org/sonatype/nexus/buildsupport/nexus-buildsupport-logging/2.9.1-02/nexus-buildsupport-logging-2.9.1-02.pom (4 KB at 49.5 KB/sec)
[INFO] Downloading: https://repository.sonatype.org/content/groups/sonatype-public-grid/org/sonatype/nexus/buildsupport/nexus-buildsupport-osgi/2.9.1-02/nexus-buildsupport-osgi-2.9.1-02.pom
[INFO] Downloaded: https://repository.sonatype.org/content/groups/sonatype-public-grid/org/sonatype/nexus/buildsupport/nexus-buildsupport-osgi/2.9.1-02/nexus-buildsupport-osgi-2.9.1-02.pom (2 KB at 32.1 KB/sec)
[INFO] Downloading: https://repository.sonatype.org/content/groups/sonatype-public-grid/org/sonatype/nexus/buildsupport/nexus-buildsupport-other/2.9.1-02/nexus-buildsupport-other-2.9.1-02.pom
[INFO] Downloaded: https://repository.sonatype.org/content/groups/sonatype-public-grid/org/sonatype/nexus/buildsupport/nexus-buildsupport-other/2.9.1-02/nexus-buildsupport-other-2.9.1-02.pom (5 KB at 61.6 KB/sec)
[INFO] Downloading: https://repository.sonatype.org/content/groups/sonatype-public-grid/org/sonatype/nexus/buildsupport/nexus-buildsupport-plexus/2.9.1-02/nexus-buildsupport-plexus-2.9.1-02.pom
[INFO] Downloaded: https://repository.sonatype.org/content/groups/sonatype-public-grid/org/sonatype/nexus/buildsupport/nexus-buildsupport-plexus/2.9.1-02/nexus-buildsupport-plexus-2.9.1-02.pom (5 KB at 64.7 KB/sec)
[INFO] Downloading: https://repository.sonatype.org/content/groups/sonatype-public-grid/org/sonatype/nexus/buildsupport/nexus-buildsupport-rest/2.9.1-02/nexus-buildsupport-rest-2.9.1-02.pom
[INFO] Downloaded: https://repository.sonatype.org/content/groups/sonatype-public-grid/org/sonatype/nexus/buildsupport/nexus-buildsupport-rest/2.9.1-02/nexus-buildsupport-rest-2.9.1-02.pom (5 KB at 67.3 KB/sec)
[INFO] Downloading: https://repository.sonatype.org/content/groups/sonatype-public-grid/org/sonatype/nexus/buildsupport/nexus-buildsupport-testing/2.9.1-02/nexus-buildsupport-testing-2.9.1-02.pom
[INFO] Downloaded: https://repository.sonatype.org/content/groups/sonatype-public-grid/org/sonatype/nexus/buildsupport/nexus-buildsupport-testing/2.9.1-02/nexus-buildsupport-testing-2.9.1-02.pom (5 KB at 71.7 KB/sec)
[INFO] Downloading: https://repository.sonatype.org/content/groups/sonatype-public-grid/org/sonatype/nexus/buildsupport/nexus-buildsupport-metrics/2.9.1-02/nexus-buildsupport-metrics-2.9.1-02.pom
[INFO] Downloaded: https://repository.sonatype.org/content/groups/sonatype-public-grid/org/sonatype/nexus/buildsupport/nexus-buildsupport-metrics/2.9.1-02/nexus-buildsupport-metrics-2.9.1-02.pom (3 KB at 47.6 KB/sec)
[INFO] Downloading: https://repo.maven.apache.org/maven2/org/sonatype/nexus/plugins/nexus-restlet1x-model/2.9.1-02/nexus-restlet1x-model-2.9.1-02.pom
[INFO] Downloaded: https://repo.maven.apache.org/maven2/org/sonatype/nexus/plugins/nexus-restlet1x-model/2.9.1-02/nexus-restlet1x-model-2.9.1-02.pom (4 KB at 88.1 KB/sec)
[INFO] Downloading: https://repo.maven.apache.org/maven2/org/sonatype/nexus/plugins/nexus-plugins-restlet1x/2.9.1-02/nexus-plugins-restlet1x-2.9.1-02.pom
[INFO] Downloaded: https://repo.maven.apache.org/maven2/org/sonatype/nexus/plugins/nexus-plugins-restlet1x/2.9.1-02/nexus-plugins-restlet1x-2.9.1-02.pom (6 KB at 146.5 KB/sec)
[INFO] Downloading: https://repo.maven.apache.org/maven2/org/sonatype/nexus/plugins/nexus-plugins/2.9.1-02/nexus-plugins-2.9.1-02.pom
[INFO] Downloaded: https://repo.maven.apache.org/maven2/org/sonatype/nexus/plugins/nexus-plugins/2.9.1-02/nexus-plugins-2.9.1-02.pom (27 KB at 467.5 KB/sec)
[INFO] Downloading: https://repo.maven.apache.org/maven2/org/apache/maven/maven-model/3.0.4/maven-model-3.0.4.pom
[INFO] Downloaded: https://repo.maven.apache.org/maven2/org/apache/maven/maven-model/3.0.4/maven-model-3.0.4.pom (4 KB at 95.2 KB/sec)
[INFO] Downloading: https://repo.maven.apache.org/maven2/org/apache/maven/maven/3.0.4/maven-3.0.4.pom
[INFO] Downloaded: https://repo.maven.apache.org/maven2/org/apache/maven/maven/3.0.4/maven-3.0.4.pom (22 KB at 435.0 KB/sec)
[INFO] Downloading: https://repo.maven.apache.org/maven2/org/apache/maven/maven-parent/21/maven-parent-21.pom
[INFO] Downloaded: https://repo.maven.apache.org/maven2/org/apache/maven/maven-parent/21/maven-parent-21.pom (26 KB at 485.7 KB/sec)
[INFO] Downloading: https://repo.maven.apache.org/maven2/org/apache/apache/10/apache-10.pom
[INFO] Downloaded: https://repo.maven.apache.org/maven2/org/apache/apache/10/apache-10.pom (15 KB at 307.5 KB/sec)
[INFO] Downloading: https://repo.maven.apache.org/maven2/org/slf4j/slf4j-api/1.7.7/slf4j-api-1.7.7.pom
[INFO] Downloaded: https://repo.maven.apache.org/maven2/org/slf4j/slf4j-api/1.7.7/slf4j-api-1.7.7.pom (3 KB at 67.3 KB/sec)
[INFO] Downloading: https://repo.maven.apache.org/maven2/org/slf4j/slf4j-parent/1.7.7/slf4j-parent-1.7.7.pom
[INFO] Downloaded: https://repo.maven.apache.org/maven2/org/slf4j/slf4j-parent/1.7.7/slf4j-parent-1.7.7.pom (12 KB at 247.4 KB/sec)
[INFO] Downloading: https://repo.maven.apache.org/maven2/com/google/code/findbugs/jsr305/2.0.1/jsr305-2.0.1.pom
[INFO] Downloaded: https://repo.maven.apache.org/maven2/com/google/code/findbugs/jsr305/2.0.1/jsr305-2.0.1.pom (965 B at 24.2 KB/sec)
[INFO] Downloading: https://repo.maven.apache.org/maven2/com/intellij/annotations/9.0.4/annotations-9.0.4.pom
[INFO] Downloaded: https://repo.maven.apache.org/maven2/com/intellij/annotations/9.0.4/annotations-9.0.4.pom (2 KB at 30.4 KB/sec)
[INFO] Downloading: https://repo.maven.apache.org/maven2/commons-io/commons-io/2.4/commons-io-2.4.pom
[INFO] Downloaded: https://repo.maven.apache.org/maven2/commons-io/commons-io/2.4/commons-io-2.4.pom (10 KB at 236.4 KB/sec)
[INFO] Downloading: https://repo.maven.apache.org/maven2/org/apache/commons/commons-parent/25/commons-parent-25.pom
[INFO] Downloaded: https://repo.maven.apache.org/maven2/org/apache/commons/commons-parent/25/commons-parent-25.pom (48 KB at 536.0 KB/sec)
[INFO] Downloading: https://repo.maven.apache.org/maven2/org/apache/apache/9/apache-9.pom
[INFO] Downloaded: https://repo.maven.apache.org/maven2/org/apache/apache/9/apache-9.pom (15 KB at 315.0 KB/sec)
[INFO] Downloading: https://repo.maven.apache.org/maven2/com/thoughtworks/xstream/xstream/1.4.7/xstream-1.4.7.pom
[INFO] Downloaded: https://repo.maven.apache.org/maven2/com/thoughtworks/xstream/xstream/1.4.7/xstream-1.4.7.pom (11 KB at 243.8 KB/sec)
[INFO] Downloading: https://repo.maven.apache.org/maven2/com/thoughtworks/xstream/xstream-parent/1.4.7/xstream-parent-1.4.7.pom
[INFO] Downloaded: https://repo.maven.apache.org/maven2/com/thoughtworks/xstream/xstream-parent/1.4.7/xstream-parent-1.4.7.pom (26 KB at 474.7 KB/sec)
[INFO] Downloading: https://repo.maven.apache.org/maven2/org/codehaus/codehaus-parent/3/codehaus-parent-3.pom
[INFO] Downloaded: https://repo.maven.apache.org/maven2/org/codehaus/codehaus-parent/3/codehaus-parent-3.pom (5 KB at 100.3 KB/sec)
[INFO] Downloading: https://repo.maven.apache.org/maven2/xmlpull/xmlpull/1.1.3.1/xmlpull-1.1.3.1.pom
[INFO] Downloaded: https://repo.maven.apache.org/maven2/xmlpull/xmlpull/1.1.3.1/xmlpull-1.1.3.1.pom (386 B at 10.2 KB/sec)
[INFO] Downloading: https://repo.maven.apache.org/maven2/xpp3/xpp3_min/1.1.4c/xpp3_min-1.1.4c.pom
[INFO] Downloaded: https://repo.maven.apache.org/maven2/xpp3/xpp3_min/1.1.4c/xpp3_min-1.1.4c.pom (2 KB at 40.3 KB/sec)
[INFO] Downloading: https://repo.maven.apache.org/maven2/joda-time/joda-time/2.2/joda-time-2.2.pom
[INFO] Downloaded: https://repo.maven.apache.org/maven2/joda-time/joda-time/2.2/joda-time-2.2.pom (16 KB at 350.9 KB/sec)
[INFO] Downloading: https://repo.maven.apache.org/maven2/commons-lang/commons-lang/2.6/commons-lang-2.6.pom
[INFO] Downloaded: https://repo.maven.apache.org/maven2/commons-lang/commons-lang/2.6/commons-lang-2.6.pom (18 KB at 371.4 KB/sec)
[INFO] Downloading: https://repo.maven.apache.org/maven2/org/apache/commons/commons-parent/17/commons-parent-17.pom
[INFO] Downloaded: https://repo.maven.apache.org/maven2/org/apache/commons/commons-parent/17/commons-parent-17.pom (31 KB at 564.0 KB/sec)
[INFO] Downloading: https://repo.maven.apache.org/maven2/org/apache/apache/7/apache-7.pom
[INFO] Downloaded: https://repo.maven.apache.org/maven2/org/apache/apache/7/apache-7.pom (15 KB at 320.3 KB/sec)
[INFO] Downloading: https://repo.maven.apache.org/maven2/commons-beanutils/commons-beanutils-core/1.8.3/commons-beanutils-core-1.8.3.pom
[INFO] Downloaded: https://repo.maven.apache.org/maven2/commons-beanutils/commons-beanutils-core/1.8.3/commons-beanutils-core-1.8.3.pom (2 KB at 44.5 KB/sec)
[INFO] Downloading: https://repo.maven.apache.org/maven2/org/apache/apache/4/apache-4.pom
[INFO] Downloaded: https://repo.maven.apache.org/maven2/org/apache/apache/4/apache-4.pom (5 KB at 112.6 KB/sec)
[INFO] Downloading: https://repo.maven.apache.org/maven2/org/sonatype/sisu/siesta/siesta-client/1.7/siesta-client-1.7.pom
[INFO] Downloaded: https://repo.maven.apache.org/maven2/org/sonatype/sisu/siesta/siesta-client/1.7/siesta-client-1.7.pom (2 KB at 42.4 KB/sec)
[INFO] Downloading: https://repo.maven.apache.org/maven2/org/sonatype/sisu/siesta/siesta/1.7/siesta-1.7.pom
[INFO] Downloaded: https://repo.maven.apache.org/maven2/org/sonatype/sisu/siesta/siesta/1.7/siesta-1.7.pom (12 KB at 262.0 KB/sec)
[INFO] Downloading: https://repo.maven.apache.org/maven2/org/sonatype/buildsupport/public-parent/5/public-parent-5.pom
[INFO] Downloaded: https://repo.maven.apache.org/maven2/org/sonatype/buildsupport/public-parent/5/public-parent-5.pom (760 B at 20.1 KB/sec)
[INFO] Downloading: https://repo.maven.apache.org/maven2/org/sonatype/buildsupport/buildsupport/5/buildsupport-5.pom
[INFO] Downloaded: https://repo.maven.apache.org/maven2/org/sonatype/buildsupport/buildsupport/5/buildsupport-5.pom (22 KB at 446.6 KB/sec)
[INFO] Downloading: https://repo.maven.apache.org/maven2/org/sonatype/sisu/siesta/siesta-common/1.7/siesta-common-1.7.pom
[INFO] Downloaded: https://repo.maven.apache.org/maven2/org/sonatype/sisu/siesta/siesta-common/1.7/siesta-common-1.7.pom (3 KB at 55.0 KB/sec)
[INFO] Downloading: https://repo.maven.apache.org/maven2/javax/ws/rs/jsr311-api/1.1.1/jsr311-api-1.1.1.pom
[INFO] Downloaded: https://repo.maven.apache.org/maven2/javax/ws/rs/jsr311-api/1.1.1/jsr311-api-1.1.1.pom (6 KB at 133.5 KB/sec)
[INFO] Downloading: https://repo.maven.apache.org/maven2/com/sun/jersey/jersey-core/1.17.1/jersey-core-1.17.1.pom
[INFO] Downloaded: https://repo.maven.apache.org/maven2/com/sun/jersey/jersey-core/1.17.1/jersey-core-1.17.1.pom (11 KB at 184.5 KB/sec)
[INFO] Downloading: https://repo.maven.apache.org/maven2/com/sun/jersey/jersey-project/1.17.1/jersey-project-1.17.1.pom
[INFO] Downloaded: https://repo.maven.apache.org/maven2/com/sun/jersey/jersey-project/1.17.1/jersey-project-1.17.1.pom (21 KB at 402.4 KB/sec)
[INFO] Downloading: https://repo.maven.apache.org/maven2/net/java/jvnet-parent/1/jvnet-parent-1.pom
[INFO] Downloaded: https://repo.maven.apache.org/maven2/net/java/jvnet-parent/1/jvnet-parent-1.pom (5 KB at 112.2 KB/sec)
[INFO] Downloading: https://repo.maven.apache.org/maven2/javax/validation/validation-api/1.1.0.Final/validation-api-1.1.0.Final.pom
[INFO] Downloaded: https://repo.maven.apache.org/maven2/javax/validation/validation-api/1.1.0.Final/validation-api-1.1.0.Final.pom (8 KB at 170.6 KB/sec)
[INFO] Downloading: https://repo.maven.apache.org/maven2/com/sun/jersey/jersey-client/1.17.1/jersey-client-1.17.1.pom
[INFO] Downloaded: https://repo.maven.apache.org/maven2/com/sun/jersey/jersey-client/1.17.1/jersey-client-1.17.1.pom (7 KB at 159.3 KB/sec)
[INFO] Downloading: https://repo.maven.apache.org/maven2/com/sun/jersey/contribs/jersey-apache-client4/1.17.1/jersey-apache-client4-1.17.1.pom
[INFO] Downloaded: https://repo.maven.apache.org/maven2/com/sun/jersey/contribs/jersey-apache-client4/1.17.1/jersey-apache-client4-1.17.1.pom (7 KB at 134.9 KB/sec)
[INFO] Downloading: https://repo.maven.apache.org/maven2/com/sun/jersey/contribs/jersey-contribs/1.17.1/jersey-contribs-1.17.1.pom
[INFO] Downloaded: https://repo.maven.apache.org/maven2/com/sun/jersey/contribs/jersey-contribs/1.17.1/jersey-contribs-1.17.1.pom (4 KB at 75.7 KB/sec)
[INFO] Downloading: https://repo.maven.apache.org/maven2/org/apache/httpcomponents/httpclient/4.3.5/httpclient-4.3.5.pom
[INFO] Downloaded: https://repo.maven.apache.org/maven2/org/apache/httpcomponents/httpclient/4.3.5/httpclient-4.3.5.pom (6 KB at 118.3 KB/sec)
[INFO] Downloading: https://repo.maven.apache.org/maven2/org/apache/httpcomponents/httpcomponents-client/4.3.5/httpcomponents-client-4.3.5.pom
[INFO] Downloaded: https://repo.maven.apache.org/maven2/org/apache/httpcomponents/httpcomponents-client/4.3.5/httpcomponents-client-4.3.5.pom (16 KB at 313.0 KB/sec)
[INFO] Downloading: https://repo.maven.apache.org/maven2/org/apache/httpcomponents/project/7/project-7.pom
[INFO] Downloaded: https://repo.maven.apache.org/maven2/org/apache/httpcomponents/project/7/project-7.pom (27 KB at 483.7 KB/sec)
[INFO] Downloading: https://repo.maven.apache.org/maven2/org/apache/apache/13/apache-13.pom
[INFO] Downloaded: https://repo.maven.apache.org/maven2/org/apache/apache/13/apache-13.pom (14 KB at 303.3 KB/sec)
[INFO] Downloading: https://repo.maven.apache.org/maven2/org/apache/httpcomponents/httpcore/4.3.2/httpcore-4.3.2.pom
[INFO] Downloaded: https://repo.maven.apache.org/maven2/org/apache/httpcomponents/httpcore/4.3.2/httpcore-4.3.2.pom (5 KB at 112.2 KB/sec)
[INFO] Downloading: https://repo.maven.apache.org/maven2/org/apache/httpcomponents/httpcomponents-core/4.3.2/httpcomponents-core-4.3.2.pom
[INFO] Downloaded: https://repo.maven.apache.org/maven2/org/apache/httpcomponents/httpcomponents-core/4.3.2/httpcomponents-core-4.3.2.pom (12 KB at 258.0 KB/sec)
[INFO] Downloading: https://repo.maven.apache.org/maven2/commons-codec/commons-codec/1.6/commons-codec-1.6.pom
[INFO] Downloaded: https://repo.maven.apache.org/maven2/commons-codec/commons-codec/1.6/commons-codec-1.6.pom (11 KB at 247.6 KB/sec)
[INFO] Downloading: https://repo.maven.apache.org/maven2/org/apache/commons/commons-parent/22/commons-parent-22.pom
[INFO] Downloaded: https://repo.maven.apache.org/maven2/org/apache/commons/commons-parent/22/commons-parent-22.pom (41 KB at 639.6 KB/sec)
[INFO] Downloading: https://repo.maven.apache.org/maven2/org/slf4j/jcl-over-slf4j/1.7.7/jcl-over-slf4j-1.7.7.pom
[INFO] Downloaded: https://repo.maven.apache.org/maven2/org/slf4j/jcl-over-slf4j/1.7.7/jcl-over-slf4j-1.7.7.pom (2 KB at 45.3 KB/sec)
[INFO] Downloading: https://repo.maven.apache.org/maven2/org/sonatype/sisu/siesta/siesta-jackson/1.7/siesta-jackson-1.7.pom
[INFO] Downloaded: https://repo.maven.apache.org/maven2/org/sonatype/sisu/siesta/siesta-jackson/1.7/siesta-jackson-1.7.pom (3 KB at 62.4 KB/sec)
[INFO] Downloading: https://repo.maven.apache.org/maven2/com/fasterxml/jackson/core/jackson-annotations/2.3.1/jackson-annotations-2.3.1.pom
[INFO] Downloaded: https://repo.maven.apache.org/maven2/com/fasterxml/jackson/core/jackson-annotations/2.3.1/jackson-annotations-2.3.1.pom (2 KB at 42.7 KB/sec)
[INFO] Downloading: https://repo.maven.apache.org/maven2/com/fasterxml/oss-parent/11/oss-parent-11.pom
[INFO] Downloaded: https://repo.maven.apache.org/maven2/com/fasterxml/oss-parent/11/oss-parent-11.pom (23 KB at 452.8 KB/sec)
[INFO] Downloading: https://repo.maven.apache.org/maven2/com/fasterxml/jackson/core/jackson-core/2.3.1/jackson-core-2.3.1.pom
[INFO] Downloaded: https://repo.maven.apache.org/maven2/com/fasterxml/jackson/core/jackson-core/2.3.1/jackson-core-2.3.1.pom (6 KB at 145.6 KB/sec)
[INFO] Downloading: https://repo.maven.apache.org/maven2/com/fasterxml/oss-parent/12/oss-parent-12.pom
[INFO] Downloaded: https://repo.maven.apache.org/maven2/com/fasterxml/oss-parent/12/oss-parent-12.pom (23 KB at 447.1 KB/sec)
[INFO] Downloading: https://repo.maven.apache.org/maven2/com/fasterxml/jackson/core/jackson-databind/2.3.1/jackson-databind-2.3.1.pom
[INFO] Downloaded: https://repo.maven.apache.org/maven2/com/fasterxml/jackson/core/jackson-databind/2.3.1/jackson-databind-2.3.1.pom (6 KB at 141.2 KB/sec)
[INFO] Downloading: https://repo.maven.apache.org/maven2/com/fasterxml/jackson/core/jackson-annotations/2.3.0/jackson-annotations-2.3.0.pom
[INFO] Downloaded: https://repo.maven.apache.org/maven2/com/fasterxml/jackson/core/jackson-annotations/2.3.0/jackson-annotations-2.3.0.pom (2 KB at 34.0 KB/sec)
[INFO] Downloading: https://repo.maven.apache.org/maven2/com/fasterxml/jackson/jaxrs/jackson-jaxrs-json-provider/2.3.1/jackson-jaxrs-json-provider-2.3.1.pom
[INFO] Downloaded: https://repo.maven.apache.org/maven2/com/fasterxml/jackson/jaxrs/jackson-jaxrs-json-provider/2.3.1/jackson-jaxrs-json-provider-2.3.1.pom (4 KB at 80.8 KB/sec)
[INFO] Downloading: https://repo.maven.apache.org/maven2/com/fasterxml/jackson/jaxrs/jackson-jaxrs-providers/2.3.1/jackson-jaxrs-providers-2.3.1.pom
[INFO] Downloaded: https://repo.maven.apache.org/maven2/com/fasterxml/jackson/jaxrs/jackson-jaxrs-providers/2.3.1/jackson-jaxrs-providers-2.3.1.pom (4 KB at 85.2 KB/sec)
[INFO] Downloading: https://repo.maven.apache.org/maven2/com/fasterxml/jackson/jaxrs/jackson-jaxrs-base/2.3.1/jackson-jaxrs-base-2.3.1.pom
[INFO] Downloaded: https://repo.maven.apache.org/maven2/com/fasterxml/jackson/jaxrs/jackson-jaxrs-base/2.3.1/jackson-jaxrs-base-2.3.1.pom (2 KB at 49.5 KB/sec)
[INFO] Downloading: https://repo.maven.apache.org/maven2/com/fasterxml/jackson/module/jackson-module-jaxb-annotations/2.3.1/jackson-module-jaxb-annotations-2.3.1.pom
[INFO] Downloaded: https://repo.maven.apache.org/maven2/com/fasterxml/jackson/module/jackson-module-jaxb-annotations/2.3.1/jackson-module-jaxb-annotations-2.3.1.pom (5 KB at 93.6 KB/sec)
[INFO] Downloading: https://repo.maven.apache.org/maven2/javax/inject/javax.inject/1/javax.inject-1.pom
[INFO] Downloaded: https://repo.maven.apache.org/maven2/javax/inject/javax.inject/1/javax.inject-1.pom (612 B at 15.7 KB/sec)
[INFO] Downloading: https://repo.maven.apache.org/maven2/org/sonatype/spice/zapper/spice-zapper/1.3/spice-zapper-1.3.pom
[INFO] Downloaded: https://repo.maven.apache.org/maven2/org/sonatype/spice/zapper/spice-zapper/1.3/spice-zapper-1.3.pom (5 KB at 106.9 KB/sec)
[INFO] Downloading: https://repo.maven.apache.org/maven2/org/fusesource/hawtbuf/hawtbuf-proto/1.9/hawtbuf-proto-1.9.pom
[INFO] Downloaded: https://repo.maven.apache.org/maven2/org/fusesource/hawtbuf/hawtbuf-proto/1.9/hawtbuf-proto-1.9.pom (5 KB at 108.8 KB/sec)
[INFO] Downloading: https://repo.maven.apache.org/maven2/org/fusesource/hawtbuf/hawtbuf-project/1.9/hawtbuf-project-1.9.pom
[INFO] Downloaded: https://repo.maven.apache.org/maven2/org/fusesource/hawtbuf/hawtbuf-project/1.9/hawtbuf-project-1.9.pom (11 KB at 243.1 KB/sec)
[INFO] Downloading: https://repo.maven.apache.org/maven2/org/fusesource/fusesource-pom/1.9/fusesource-pom-1.9.pom
[INFO] Downloaded: https://repo.maven.apache.org/maven2/org/fusesource/fusesource-pom/1.9/fusesource-pom-1.9.pom (15 KB at 288.9 KB/sec)
[INFO] Downloading: https://repo.maven.apache.org/maven2/org/fusesource/hawtbuf/hawtbuf/1.9/hawtbuf-1.9.pom
[INFO] Downloaded: https://repo.maven.apache.org/maven2/org/fusesource/hawtbuf/hawtbuf/1.9/hawtbuf-1.9.pom (3 KB at 65.0 KB/sec)
[INFO] Downloading: https://repo.maven.apache.org/maven2/org/codehaus/plexus/plexus-utils/3.0.8/plexus-utils-3.0.8.pom
[INFO] Downloaded: https://repo.maven.apache.org/maven2/org/codehaus/plexus/plexus-utils/3.0.8/plexus-utils-3.0.8.pom (4 KB at 78.7 KB/sec)
[INFO] Downloading: https://repo.maven.apache.org/maven2/org/codehaus/plexus/plexus/3.2/plexus-3.2.pom
[INFO] Downloaded: https://repo.maven.apache.org/maven2/org/codehaus/plexus/plexus/3.2/plexus-3.2.pom (19 KB at 359.0 KB/sec)
[INFO] Downloading: https://repo.maven.apache.org/maven2/org/sonatype/spice/spice-parent/17/spice-parent-17.pom
[INFO] Downloaded: https://repo.maven.apache.org/maven2/org/sonatype/spice/spice-parent/17/spice-parent-17.pom (7 KB at 161.0 KB/sec)
[INFO] Downloading: https://repo.maven.apache.org/maven2/org/sonatype/forge/forge-parent/10/forge-parent-10.pom
[INFO] Downloaded: https://repo.maven.apache.org/maven2/org/sonatype/forge/forge-parent/10/forge-parent-10.pom (14 KB at 287.9 KB/sec)
[INFO] Downloading: https://repo.maven.apache.org/maven2/org/codehaus/plexus/plexus-interpolation/1.15/plexus-interpolation-1.15.pom
[INFO] Downloaded: https://repo.maven.apache.org/maven2/org/codehaus/plexus/plexus-interpolation/1.15/plexus-interpolation-1.15.pom (1018 B at 26.2 KB/sec)
[INFO] Downloading: https://repo.maven.apache.org/maven2/org/codehaus/plexus/plexus/3.0.1/plexus-3.0.1.pom
[INFO] Downloaded: https://repo.maven.apache.org/maven2/org/codehaus/plexus/plexus/3.0.1/plexus-3.0.1.pom (19 KB at 371.0 KB/sec)
[INFO] Downloading: https://repo.maven.apache.org/maven2/org/sonatype/aether/aether-api/1.13.1/aether-api-1.13.1.pom
[INFO] Downloaded: https://repo.maven.apache.org/maven2/org/sonatype/aether/aether-api/1.13.1/aether-api-1.13.1.pom (2 KB at 36.6 KB/sec)
[INFO] Downloading: https://repo.maven.apache.org/maven2/org/sonatype/aether/aether/1.13.1/aether-1.13.1.pom
[INFO] Downloaded: https://repo.maven.apache.org/maven2/org/sonatype/aether/aether/1.13.1/aether-1.13.1.pom (10 KB at 230.2 KB/sec)
[INFO] Downloading: https://repo.maven.apache.org/maven2/ch/qos/logback/logback-core/1.1.2/logback-core-1.1.2.pom
[INFO] Downloaded: https://repo.maven.apache.org/maven2/ch/qos/logback/logback-core/1.1.2/logback-core-1.1.2.pom (5 KB at 108.8 KB/sec)
[INFO] Downloading: https://repo.maven.apache.org/maven2/ch/qos/logback/logback-parent/1.1.2/logback-parent-1.1.2.pom
[INFO] Downloaded: https://repo.maven.apache.org/maven2/ch/qos/logback/logback-parent/1.1.2/logback-parent-1.1.2.pom (15 KB at 309.6 KB/sec)
[INFO] Downloading: https://repo.maven.apache.org/maven2/ch/qos/logback/logback-classic/1.1.2/logback-classic-1.1.2.pom
[INFO] Downloaded: https://repo.maven.apache.org/maven2/ch/qos/logback/logback-classic/1.1.2/logback-classic-1.1.2.pom (12 KB at 175.6 KB/sec)
[INFO] Downloading: https://repo.maven.apache.org/maven2/org/sonatype/plugins/nexus-staging-maven-plugin/1.6.5/nexus-staging-maven-plugin-1.6.5.jar
[INFO] Downloading: https://repo.maven.apache.org/maven2/org/sonatype/nexus/maven/nexus-common/1.6.5/nexus-common-1.6.5.jar
[INFO] Downloading: https://repo.maven.apache.org/maven2/org/sonatype/plexus/plexus-sec-dispatcher/1.4/plexus-sec-dispatcher-1.4.jar
[INFO] Downloading: https://repo.maven.apache.org/maven2/com/google/guava/guava/14.0.1/guava-14.0.1.jar
[INFO] Downloading: https://repo.maven.apache.org/maven2/org/sonatype/plexus/plexus-cipher/1.7/plexus-cipher-1.7.jar
[INFO] Downloaded: https://repo.maven.apache.org/maven2/org/sonatype/nexus/maven/nexus-common/1.6.5/nexus-common-1.6.5.jar (16 KB at 319.7 KB/sec)
[INFO] Downloading: https://repo.maven.apache.org/maven2/org/sonatype/nexus/nexus-client-core/2.9.1-02/nexus-client-core-2.9.1-02.jar
[INFO] Downloaded: https://repo.maven.apache.org/maven2/org/sonatype/plexus/plexus-cipher/1.7/plexus-cipher-1.7.jar (14 KB at 98.0 KB/sec)
[INFO] Downloading: https://repo.maven.apache.org/maven2/org/sonatype/nexus/plugins/nexus-restlet1x-model/2.9.1-02/nexus-restlet1x-model-2.9.1-02.jar
[INFO] Downloaded: https://repo.maven.apache.org/maven2/org/sonatype/plexus/plexus-sec-dispatcher/1.4/plexus-sec-dispatcher-1.4.jar (28 KB at 198.9 KB/sec)
[INFO] Downloading: https://repo.maven.apache.org/maven2/org/slf4j/slf4j-api/1.7.7/slf4j-api-1.7.7.jar
[INFO] Downloaded: https://repo.maven.apache.org/maven2/org/slf4j/slf4j-api/1.7.7/slf4j-api-1.7.7.jar (29 KB at 148.0 KB/sec)
[INFO] Downloading: https://repo.maven.apache.org/maven2/com/google/code/findbugs/jsr305/2.0.1/jsr305-2.0.1.jar
[INFO] Downloaded: https://repo.maven.apache.org/maven2/org/sonatype/nexus/nexus-client-core/2.9.1-02/nexus-client-core-2.9.1-02.jar (206 KB at 935.2 KB/sec)
[INFO] Downloading: https://repo.maven.apache.org/maven2/com/intellij/annotations/9.0.4/annotations-9.0.4.jar
[INFO] Downloaded: https://repo.maven.apache.org/maven2/com/google/code/findbugs/jsr305/2.0.1/jsr305-2.0.1.jar (32 KB at 122.5 KB/sec)
[INFO] Downloading: https://repo.maven.apache.org/maven2/commons-io/commons-io/2.4/commons-io-2.4.jar
[INFO] Downloaded: https://repo.maven.apache.org/maven2/com/intellij/annotations/9.0.4/annotations-9.0.4.jar (10 KB at 37.0 KB/sec)
[INFO] Downloading: https://repo.maven.apache.org/maven2/com/thoughtworks/xstream/xstream/1.4.7/xstream-1.4.7.jar
[INFO] Downloaded: https://repo.maven.apache.org/maven2/org/sonatype/plugins/nexus-staging-maven-plugin/1.6.5/nexus-staging-maven-plugin-1.6.5.jar (243 KB at 891.7 KB/sec)
[INFO] Downloading: https://repo.maven.apache.org/maven2/xmlpull/xmlpull/1.1.3.1/xmlpull-1.1.3.1.jar
[INFO] Downloaded: https://repo.maven.apache.org/maven2/xmlpull/xmlpull/1.1.3.1/xmlpull-1.1.3.1.jar (8 KB at 22.0 KB/sec)
[INFO] Downloading: https://repo.maven.apache.org/maven2/xpp3/xpp3_min/1.1.4c/xpp3_min-1.1.4c.jar
[INFO] Downloaded: https://repo.maven.apache.org/maven2/org/sonatype/nexus/plugins/nexus-restlet1x-model/2.9.1-02/nexus-restlet1x-model-2.9.1-02.jar (157 KB at 486.5 KB/sec)
[INFO] Downloading: https://repo.maven.apache.org/maven2/joda-time/joda-time/2.2/joda-time-2.2.jar
[INFO] Downloaded: https://repo.maven.apache.org/maven2/xpp3/xpp3_min/1.1.4c/xpp3_min-1.1.4c.jar (25 KB at 63.6 KB/sec)
[INFO] Downloading: https://repo.maven.apache.org/maven2/commons-lang/commons-lang/2.6/commons-lang-2.6.jar
[INFO] Downloaded: https://repo.maven.apache.org/maven2/commons-io/commons-io/2.4/commons-io-2.4.jar (181 KB at 427.4 KB/sec)
[INFO] Downloading: https://repo.maven.apache.org/maven2/commons-beanutils/commons-beanutils-core/1.8.3/commons-beanutils-core-1.8.3.jar
[INFO] Downloaded: https://repo.maven.apache.org/maven2/commons-lang/commons-lang/2.6/commons-lang-2.6.jar (278 KB at 476.1 KB/sec)
[INFO] Downloading: https://repo.maven.apache.org/maven2/org/sonatype/sisu/siesta/siesta-client/1.7/siesta-client-1.7.jar
[INFO] Downloaded: https://repo.maven.apache.org/maven2/commons-beanutils/commons-beanutils-core/1.8.3/commons-beanutils-core-1.8.3.jar (202 KB at 342.7 KB/sec)
[INFO] Downloading: https://repo.maven.apache.org/maven2/org/sonatype/sisu/siesta/siesta-common/1.7/siesta-common-1.7.jar
[INFO] Downloaded: https://repo.maven.apache.org/maven2/com/thoughtworks/xstream/xstream/1.4.7/xstream-1.4.7.jar (520 KB at 841.3 KB/sec)
[INFO] Downloading: https://repo.maven.apache.org/maven2/javax/ws/rs/jsr311-api/1.1.1/jsr311-api-1.1.1.jar
[INFO] Downloaded: https://repo.maven.apache.org/maven2/org/sonatype/sisu/siesta/siesta-client/1.7/siesta-client-1.7.jar (20 KB at 30.1 KB/sec)
[INFO] Downloading: https://repo.maven.apache.org/maven2/com/sun/jersey/jersey-core/1.17.1/jersey-core-1.17.1.jar
[INFO] Downloaded: https://repo.maven.apache.org/maven2/org/sonatype/sisu/siesta/siesta-common/1.7/siesta-common-1.7.jar (11 KB at 15.9 KB/sec)
[INFO] Downloading: https://repo.maven.apache.org/maven2/javax/validation/validation-api/1.1.0.Final/validation-api-1.1.0.Final.jar
[INFO] Downloaded: https://repo.maven.apache.org/maven2/javax/ws/rs/jsr311-api/1.1.1/jsr311-api-1.1.1.jar (46 KB at 66.3 KB/sec)
[INFO] Downloading: https://repo.maven.apache.org/maven2/com/sun/jersey/jersey-client/1.17.1/jersey-client-1.17.1.jar
[INFO] Downloaded: https://repo.maven.apache.org/maven2/javax/validation/validation-api/1.1.0.Final/validation-api-1.1.0.Final.jar (63 KB at 85.1 KB/sec)
[INFO] Downloading: https://repo.maven.apache.org/maven2/com/sun/jersey/contribs/jersey-apache-client4/1.17.1/jersey-apache-client4-1.17.1.jar
[INFO] Downloaded: https://repo.maven.apache.org/maven2/joda-time/joda-time/2.2/joda-time-2.2.jar (561 KB at 742.3 KB/sec)
[INFO] Downloading: https://repo.maven.apache.org/maven2/org/sonatype/sisu/siesta/siesta-jackson/1.7/siesta-jackson-1.7.jar
[INFO] Downloaded: https://repo.maven.apache.org/maven2/com/sun/jersey/contribs/jersey-apache-client4/1.17.1/jersey-apache-client4-1.17.1.jar (16 KB at 19.9 KB/sec)
[INFO] Downloading: https://repo.maven.apache.org/maven2/com/fasterxml/jackson/core/jackson-annotations/2.3.1/jackson-annotations-2.3.1.jar
[INFO] Downloaded: https://repo.maven.apache.org/maven2/com/sun/jersey/jersey-client/1.17.1/jersey-client-1.17.1.jar (128 KB at 161.0 KB/sec)
[INFO] Downloading: https://repo.maven.apache.org/maven2/com/fasterxml/jackson/core/jackson-core/2.3.1/jackson-core-2.3.1.jar
[INFO] Downloaded: https://repo.maven.apache.org/maven2/org/sonatype/sisu/siesta/siesta-jackson/1.7/siesta-jackson-1.7.jar (7 KB at 7.7 KB/sec)
[INFO] Downloading: https://repo.maven.apache.org/maven2/com/fasterxml/jackson/core/jackson-databind/2.3.1/jackson-databind-2.3.1.jar
[INFO] Downloaded: https://repo.maven.apache.org/maven2/com/fasterxml/jackson/core/jackson-annotations/2.3.1/jackson-annotations-2.3.1.jar (36 KB at 42.2 KB/sec)
[INFO] Downloading: https://repo.maven.apache.org/maven2/com/fasterxml/jackson/jaxrs/jackson-jaxrs-json-provider/2.3.1/jackson-jaxrs-json-provider-2.3.1.jar
[INFO] Downloaded: https://repo.maven.apache.org/maven2/com/fasterxml/jackson/jaxrs/jackson-jaxrs-json-provider/2.3.1/jackson-jaxrs-json-provider-2.3.1.jar (17 KB at 18.0 KB/sec)
[INFO] Downloading: https://repo.maven.apache.org/maven2/com/fasterxml/jackson/jaxrs/jackson-jaxrs-base/2.3.1/jackson-jaxrs-base-2.3.1.jar
[INFO] Downloaded: https://repo.maven.apache.org/maven2/com/fasterxml/jackson/core/jackson-core/2.3.1/jackson-core-2.3.1.jar (194 KB at 204.0 KB/sec)
[INFO] Downloading: https://repo.maven.apache.org/maven2/com/fasterxml/jackson/module/jackson-module-jaxb-annotations/2.3.1/jackson-module-jaxb-annotations-2.3.1.jar
[INFO] Downloaded: https://repo.maven.apache.org/maven2/com/sun/jersey/jersey-core/1.17.1/jersey-core-1.17.1.jar (457 KB at 478.6 KB/sec)
[INFO] Downloading: https://repo.maven.apache.org/maven2/org/apache/httpcomponents/httpclient/4.3.5/httpclient-4.3.5.jar
[INFO] Downloaded: https://repo.maven.apache.org/maven2/com/fasterxml/jackson/jaxrs/jackson-jaxrs-base/2.3.1/jackson-jaxrs-base-2.3.1.jar (27 KB at 27.7 KB/sec)
[INFO] Downloading: https://repo.maven.apache.org/maven2/commons-codec/commons-codec/1.6/commons-codec-1.6.jar
[INFO] Downloaded: https://repo.maven.apache.org/maven2/com/fasterxml/jackson/module/jackson-module-jaxb-annotations/2.3.1/jackson-module-jaxb-annotations-2.3.1.jar (31 KB at 30.7 KB/sec)
[INFO] Downloading: https://repo.maven.apache.org/maven2/org/apache/httpcomponents/httpcore/4.3.2/httpcore-4.3.2.jar
[INFO] Downloaded: https://repo.maven.apache.org/maven2/commons-codec/commons-codec/1.6/commons-codec-1.6.jar (228 KB at 189.7 KB/sec)
[INFO] Downloading: https://repo.maven.apache.org/maven2/org/slf4j/jcl-over-slf4j/1.7.7/jcl-over-slf4j-1.7.7.jar
[INFO] Downloaded: https://repo.maven.apache.org/maven2/org/apache/httpcomponents/httpcore/4.3.2/httpcore-4.3.2.jar (276 KB at 227.1 KB/sec)
[INFO] Downloading: https://repo.maven.apache.org/maven2/javax/inject/javax.inject/1/javax.inject-1.jar
[INFO] Downloaded: https://repo.maven.apache.org/maven2/org/slf4j/jcl-over-slf4j/1.7.7/jcl-over-slf4j-1.7.7.jar (17 KB at 12.9 KB/sec)
[INFO] Downloading: https://repo.maven.apache.org/maven2/org/sonatype/spice/zapper/spice-zapper/1.3/spice-zapper-1.3.jar
[INFO] Downloaded: https://repo.maven.apache.org/maven2/javax/inject/javax.inject/1/javax.inject-1.jar (3 KB at 1.9 KB/sec)
[INFO] Downloading: https://repo.maven.apache.org/maven2/org/fusesource/hawtbuf/hawtbuf-proto/1.9/hawtbuf-proto-1.9.jar
[INFO] Downloaded: https://repo.maven.apache.org/maven2/org/fusesource/hawtbuf/hawtbuf-proto/1.9/hawtbuf-proto-1.9.jar (27 KB at 20.1 KB/sec)
[INFO] Downloading: https://repo.maven.apache.org/maven2/org/fusesource/hawtbuf/hawtbuf/1.9/hawtbuf-1.9.jar
[INFO] Downloaded: https://repo.maven.apache.org/maven2/org/sonatype/spice/zapper/spice-zapper/1.3/spice-zapper-1.3.jar (119 KB at 87.0 KB/sec)
[INFO] Downloading: https://repo.maven.apache.org/maven2/org/codehaus/plexus/plexus-utils/3.0.8/plexus-utils-3.0.8.jar
[INFO] Downloaded: https://repo.maven.apache.org/maven2/org/apache/httpcomponents/httpclient/4.3.5/httpclient-4.3.5.jar (577 KB at 420.0 KB/sec)
[INFO] Downloading: https://repo.maven.apache.org/maven2/org/codehaus/plexus/plexus-interpolation/1.15/plexus-interpolation-1.15.jar
[INFO] Downloaded: https://repo.maven.apache.org/maven2/com/fasterxml/jackson/core/jackson-databind/2.3.1/jackson-databind-2.3.1.jar (893 KB at 641.4 KB/sec)
[INFO] Downloading: https://repo.maven.apache.org/maven2/ch/qos/logback/logback-core/1.1.2/logback-core-1.1.2.jar
[INFO] Downloaded: https://repo.maven.apache.org/maven2/org/fusesource/hawtbuf/hawtbuf/1.9/hawtbuf-1.9.jar (49 KB at 35.0 KB/sec)
[INFO] Downloading: https://repo.maven.apache.org/maven2/ch/qos/logback/logback-classic/1.1.2/logback-classic-1.1.2.jar
[INFO] Downloaded: https://repo.maven.apache.org/maven2/org/codehaus/plexus/plexus-interpolation/1.15/plexus-interpolation-1.15.jar (60 KB at 40.8 KB/sec)
[INFO] Downloaded: https://repo.maven.apache.org/maven2/com/google/guava/guava/14.0.1/guava-14.0.1.jar (2138 KB at 1437.7 KB/sec)
[INFO] Downloaded: https://repo.maven.apache.org/maven2/org/codehaus/plexus/plexus-utils/3.0.8/plexus-utils-3.0.8.jar (227 KB at 144.4 KB/sec)
[INFO] Downloaded: https://repo.maven.apache.org/maven2/ch/qos/logback/logback-classic/1.1.2/logback-classic-1.1.2.jar (265 KB at 162.5 KB/sec)
[INFO] Downloaded: https://repo.maven.apache.org/maven2/ch/qos/logback/logback-core/1.1.2/logback-core-1.1.2.jar (418 KB at 244.7 KB/sec)
[INFO] Inspecting build with total of 1 modules...
[INFO] Installing Nexus Staging features:
[INFO]   ... total of 1 executions of maven-deploy-plugin replaced with nexus-staging-maven-plugin
[INFO]                                                                         
[INFO] ------------------------------------------------------------------------
[INFO] Building rxjava-jdbc 0.5.11-SNAPSHOT
[INFO] ------------------------------------------------------------------------
[INFO] Downloading: https://repo.maven.apache.org/maven2/org/apache/maven/plugins/maven-site-plugin/3.4/maven-site-plugin-3.4.pom
[INFO] Downloaded: https://repo.maven.apache.org/maven2/org/apache/maven/plugins/maven-site-plugin/3.4/maven-site-plugin-3.4.pom (20 KB at 402.4 KB/sec)
[INFO] Downloading: https://repo.maven.apache.org/maven2/org/apache/maven/plugins/maven-plugins/25/maven-plugins-25.pom
[INFO] Downloaded: https://repo.maven.apache.org/maven2/org/apache/maven/plugins/maven-plugins/25/maven-plugins-25.pom (10 KB at 222.1 KB/sec)
[INFO] Downloading: https://repo.maven.apache.org/maven2/org/apache/maven/maven-parent/24/maven-parent-24.pom
[INFO] Downloaded: https://repo.maven.apache.org/maven2/org/apache/maven/maven-parent/24/maven-parent-24.pom (37 KB at 632.2 KB/sec)
[INFO] Downloading: https://repo.maven.apache.org/maven2/org/apache/apache/14/apache-14.pom
[INFO] Downloaded: https://repo.maven.apache.org/maven2/org/apache/apache/14/apache-14.pom (15 KB at 305.1 KB/sec)
[INFO] Downloading: https://repo.maven.apache.org/maven2/org/apache/maven/plugins/maven-site-plugin/3.4/maven-site-plugin-3.4.jar
[INFO] Downloaded: https://repo.maven.apache.org/maven2/org/apache/maven/plugins/maven-site-plugin/3.4/maven-site-plugin-3.4.jar (125 KB at 1044.4 KB/sec)
[INFO] Downloading: https://repo.maven.apache.org/maven2/org/apache/maven/plugins/maven-resources-plugin/2.6/maven-resources-plugin-2.6.pom
[INFO] Downloaded: https://repo.maven.apache.org/maven2/org/apache/maven/plugins/maven-resources-plugin/2.6/maven-resources-plugin-2.6.pom (8 KB at 184.3 KB/sec)
[INFO] Downloading: https://repo.maven.apache.org/maven2/org/apache/maven/plugins/maven-plugins/23/maven-plugins-23.pom
[INFO] Downloaded: https://repo.maven.apache.org/maven2/org/apache/maven/plugins/maven-plugins/23/maven-plugins-23.pom (9 KB at 204.1 KB/sec)
[INFO] Downloading: https://repo.maven.apache.org/maven2/org/apache/maven/maven-parent/22/maven-parent-22.pom
[INFO] Downloaded: https://repo.maven.apache.org/maven2/org/apache/maven/maven-parent/22/maven-parent-22.pom (30 KB at 528.1 KB/sec)
[INFO] Downloading: https://repo.maven.apache.org/maven2/org/apache/apache/11/apache-11.pom
[INFO] Downloaded: https://repo.maven.apache.org/maven2/org/apache/apache/11/apache-11.pom (15 KB at 314.4 KB/sec)
[INFO] Downloading: https://repo.maven.apache.org/maven2/org/apache/maven/plugins/maven-resources-plugin/2.6/maven-resources-plugin-2.6.jar
[INFO] Downloaded: https://repo.maven.apache.org/maven2/org/apache/maven/plugins/maven-resources-plugin/2.6/maven-resources-plugin-2.6.jar (29 KB at 533.8 KB/sec)
[INFO] Downloading: https://repo.maven.apache.org/maven2/org/apache/maven/plugins/maven-compiler-plugin/3.1/maven-compiler-plugin-3.1.pom
[INFO] Downloaded: https://repo.maven.apache.org/maven2/org/apache/maven/plugins/maven-compiler-plugin/3.1/maven-compiler-plugin-3.1.pom (10 KB at 207.7 KB/sec)
[INFO] Downloading: https://repo.maven.apache.org/maven2/org/apache/maven/plugins/maven-plugins/24/maven-plugins-24.pom
[INFO] Downloaded: https://repo.maven.apache.org/maven2/org/apache/maven/plugins/maven-plugins/24/maven-plugins-24.pom (11 KB at 211.1 KB/sec)
[INFO] Downloading: https://repo.maven.apache.org/maven2/org/apache/maven/maven-parent/23/maven-parent-23.pom
[INFO] Downloaded: https://repo.maven.apache.org/maven2/org/apache/maven/maven-parent/23/maven-parent-23.pom (32 KB at 475.0 KB/sec)
[INFO] Downloading: https://repo.maven.apache.org/maven2/org/apache/maven/plugins/maven-compiler-plugin/3.1/maven-compiler-plugin-3.1.jar
[INFO] Downloaded: https://repo.maven.apache.org/maven2/org/apache/maven/plugins/maven-compiler-plugin/3.1/maven-compiler-plugin-3.1.jar (42 KB at 665.8 KB/sec)
[INFO] Downloading: https://repo.maven.apache.org/maven2/org/apache/maven/plugins/maven-surefire-plugin/2.12.4/maven-surefire-plugin-2.12.4.pom
[INFO] Downloaded: https://repo.maven.apache.org/maven2/org/apache/maven/plugins/maven-surefire-plugin/2.12.4/maven-surefire-plugin-2.12.4.pom (11 KB at 232.5 KB/sec)
[INFO] Downloading: https://repo.maven.apache.org/maven2/org/apache/maven/surefire/surefire/2.12.4/surefire-2.12.4.pom
[INFO] Downloaded: https://repo.maven.apache.org/maven2/org/apache/maven/surefire/surefire/2.12.4/surefire-2.12.4.pom (14 KB at 244.9 KB/sec)
[INFO] Downloading: https://repo.maven.apache.org/maven2/org/apache/maven/plugins/maven-surefire-plugin/2.12.4/maven-surefire-plugin-2.12.4.jar
[INFO] Downloaded: https://repo.maven.apache.org/maven2/org/apache/maven/plugins/maven-surefire-plugin/2.12.4/maven-surefire-plugin-2.12.4.jar (30 KB at 472.2 KB/sec)
[INFO] Downloading: https://repo.maven.apache.org/maven2/org/apache/maven/plugins/maven-jar-plugin/2.4/maven-jar-plugin-2.4.pom
[INFO] Downloaded: https://repo.maven.apache.org/maven2/org/apache/maven/plugins/maven-jar-plugin/2.4/maven-jar-plugin-2.4.pom (6 KB at 139.0 KB/sec)
[INFO] Downloading: https://repo.maven.apache.org/maven2/org/apache/maven/plugins/maven-plugins/22/maven-plugins-22.pom
[INFO] Downloaded: https://repo.maven.apache.org/maven2/org/apache/maven/plugins/maven-plugins/22/maven-plugins-22.pom (13 KB at 283.0 KB/sec)
[INFO] Downloading: https://repo.maven.apache.org/maven2/org/apache/maven/plugins/maven-jar-plugin/2.4/maven-jar-plugin-2.4.jar
[INFO] Downloaded: https://repo.maven.apache.org/maven2/org/apache/maven/plugins/maven-jar-plugin/2.4/maven-jar-plugin-2.4.jar (34 KB at 582.9 KB/sec)
[INFO] Downloading: https://repo.maven.apache.org/maven2/org/apache/maven/plugins/maven-install-plugin/2.4/maven-install-plugin-2.4.pom
[INFO] Downloaded: https://repo.maven.apache.org/maven2/org/apache/maven/plugins/maven-install-plugin/2.4/maven-install-plugin-2.4.pom (7 KB at 155.8 KB/sec)
[INFO] Downloading: https://repo.maven.apache.org/maven2/org/apache/maven/plugins/maven-install-plugin/2.4/maven-install-plugin-2.4.jar
[INFO] Downloaded: https://repo.maven.apache.org/maven2/org/apache/maven/plugins/maven-install-plugin/2.4/maven-install-plugin-2.4.jar (27 KB at 516.1 KB/sec)
[INFO] Downloading: http://repo.maven.apache.org/maven2/io/reactivex/rxjava/1.0.10/rxjava-1.0.10.pom
[INFO] Downloaded: http://repo.maven.apache.org/maven2/io/reactivex/rxjava/1.0.10/rxjava-1.0.10.pom (3 KB at 64.0 KB/sec)
[INFO] Downloading: http://repo.maven.apache.org/maven2/io/reactivex/rxjava-string/0.22.0/rxjava-string-0.22.0.pom
[INFO] Downloaded: http://repo.maven.apache.org/maven2/io/reactivex/rxjava-string/0.22.0/rxjava-string-0.22.0.pom (3 KB at 71.2 KB/sec)
[INFO] Downloading: http://repo.maven.apache.org/maven2/io/reactivex/rxjava/1.0.0/rxjava-1.0.0.pom
[INFO] Downloaded: http://repo.maven.apache.org/maven2/io/reactivex/rxjava/1.0.0/rxjava-1.0.0.pom (3 KB at 53.8 KB/sec)
[INFO] Downloading: http://repo.maven.apache.org/maven2/io/reactivex/rxjava-math/1.0.0/rxjava-math-1.0.0.pom
[INFO] Downloaded: http://repo.maven.apache.org/maven2/io/reactivex/rxjava-math/1.0.0/rxjava-math-1.0.0.pom (3 KB at 68.7 KB/sec)
[INFO] Downloading: http://repo.maven.apache.org/maven2/io/reactivex/rxjava/1.0.1/rxjava-1.0.1.pom
[INFO] Downloaded: http://repo.maven.apache.org/maven2/io/reactivex/rxjava/1.0.1/rxjava-1.0.1.pom (3 KB at 65.8 KB/sec)
[INFO] Downloading: http://repo.maven.apache.org/maven2/com/github/davidmoten/rxjava-extras/0.5.2/rxjava-extras-0.5.2.pom
[INFO] Downloaded: http://repo.maven.apache.org/maven2/com/github/davidmoten/rxjava-extras/0.5.2/rxjava-extras-0.5.2.pom (7 KB at 172.2 KB/sec)
[INFO] Downloading: http://repo.maven.apache.org/maven2/io/reactivex/rxjava/1.0.8/rxjava-1.0.8.pom
[INFO] Downloaded: http://repo.maven.apache.org/maven2/io/reactivex/rxjava/1.0.8/rxjava-1.0.8.pom (3 KB at 65.7 KB/sec)
[INFO] Downloading: http://repo.maven.apache.org/maven2/org/slf4j/slf4j-api/1.7.10/slf4j-api-1.7.10.pom
[INFO] Downloaded: http://repo.maven.apache.org/maven2/org/slf4j/slf4j-api/1.7.10/slf4j-api-1.7.10.pom (3 KB at 74.2 KB/sec)
[INFO] Downloading: http://repo.maven.apache.org/maven2/org/slf4j/slf4j-parent/1.7.10/slf4j-parent-1.7.10.pom
[INFO] Downloaded: http://repo.maven.apache.org/maven2/org/slf4j/slf4j-parent/1.7.10/slf4j-parent-1.7.10.pom (13 KB at 356.9 KB/sec)
[INFO] Downloading: http://repo.maven.apache.org/maven2/com/zaxxer/HikariCP-java6/2.3.7/HikariCP-java6-2.3.7.pom
[INFO] Downloaded: http://repo.maven.apache.org/maven2/com/zaxxer/HikariCP-java6/2.3.7/HikariCP-java6-2.3.7.pom (10 KB at 253.2 KB/sec)
[INFO] Downloading: http://repo.maven.apache.org/maven2/com/zaxxer/HikariCP-parent/2.3.7/HikariCP-parent-2.3.7.pom
[INFO] Downloaded: http://repo.maven.apache.org/maven2/com/zaxxer/HikariCP-parent/2.3.7/HikariCP-parent-2.3.7.pom (9 KB at 244.5 KB/sec)
[INFO] Downloading: http://repo.maven.apache.org/maven2/org/javassist/javassist/3.19.0-GA/javassist-3.19.0-GA.pom
[INFO] Downloaded: http://repo.maven.apache.org/maven2/org/javassist/javassist/3.19.0-GA/javassist-3.19.0-GA.pom (10 KB at 267.4 KB/sec)
[INFO] Downloading: http://repo.maven.apache.org/maven2/junit/junit/4.12/junit-4.12.pom
[INFO] Downloaded: http://repo.maven.apache.org/maven2/junit/junit/4.12/junit-4.12.pom (24 KB at 471.9 KB/sec)
[INFO] Downloading: http://repo.maven.apache.org/maven2/org/hamcrest/hamcrest-core/1.3/hamcrest-core-1.3.pom
[INFO] Downloaded: http://repo.maven.apache.org/maven2/org/hamcrest/hamcrest-core/1.3/hamcrest-core-1.3.pom (766 B at 21.4 KB/sec)
[INFO] Downloading: http://repo.maven.apache.org/maven2/org/hamcrest/hamcrest-parent/1.3/hamcrest-parent-1.3.pom
[INFO] Downloaded: http://repo.maven.apache.org/maven2/org/hamcrest/hamcrest-parent/1.3/hamcrest-parent-1.3.pom (2 KB at 55.0 KB/sec)
[INFO] Downloading: http://repo.maven.apache.org/maven2/org/easymock/easymock/3.2/easymock-3.2.pom
[INFO] Downloaded: http://repo.maven.apache.org/maven2/org/easymock/easymock/3.2/easymock-3.2.pom (5 KB at 130.9 KB/sec)
[INFO] Downloading: http://repo.maven.apache.org/maven2/org/easymock/easymock-parent/3.2/easymock-parent-3.2.pom
[INFO] Downloaded: http://repo.maven.apache.org/maven2/org/easymock/easymock-parent/3.2/easymock-parent-3.2.pom (17 KB at 444.6 KB/sec)
[INFO] Downloading: http://repo.maven.apache.org/maven2/cglib/cglib-nodep/2.2.2/cglib-nodep-2.2.2.pom
[INFO] Downloaded: http://repo.maven.apache.org/maven2/cglib/cglib-nodep/2.2.2/cglib-nodep-2.2.2.pom (2 KB at 33.8 KB/sec)
[INFO] Downloading: http://repo.maven.apache.org/maven2/org/objenesis/objenesis/1.3/objenesis-1.3.pom
[INFO] Downloaded: http://repo.maven.apache.org/maven2/org/objenesis/objenesis/1.3/objenesis-1.3.pom (3 KB at 70.9 KB/sec)
[INFO] Downloading: http://repo.maven.apache.org/maven2/org/objenesis/objenesis-parent/1.3/objenesis-parent-1.3.pom
[INFO] Downloaded: http://repo.maven.apache.org/maven2/org/objenesis/objenesis-parent/1.3/objenesis-parent-1.3.pom (14 KB at 381.8 KB/sec)
[INFO] Downloading: http://repo.maven.apache.org/maven2/com/h2database/h2/1.4.178/h2-1.4.178.pom
[INFO] Downloaded: http://repo.maven.apache.org/maven2/com/h2database/h2/1.4.178/h2-1.4.178.pom (973 B at 26.4 KB/sec)
[INFO] Downloading: http://repo.maven.apache.org/maven2/org/slf4j/slf4j-log4j12/1.7.10/slf4j-log4j12-1.7.10.pom
[INFO] Downloaded: http://repo.maven.apache.org/maven2/org/slf4j/slf4j-log4j12/1.7.10/slf4j-log4j12-1.7.10.pom (2 KB at 45.2 KB/sec)
[INFO] Downloading: http://repo.maven.apache.org/maven2/log4j/log4j/1.2.17/log4j-1.2.17.pom
[INFO] Downloaded: http://repo.maven.apache.org/maven2/log4j/log4j/1.2.17/log4j-1.2.17.pom (22 KB at 433.4 KB/sec)
[INFO] Downloading: http://repo.maven.apache.org/maven2/org/mockito/mockito-core/1.9.5/mockito-core-1.9.5.pom
[INFO] Downloaded: http://repo.maven.apache.org/maven2/org/mockito/mockito-core/1.9.5/mockito-core-1.9.5.pom (2 KB at 41.7 KB/sec)
[INFO] Downloading: http://repo.maven.apache.org/maven2/org/hamcrest/hamcrest-core/1.1/hamcrest-core-1.1.pom
[INFO] Downloaded: http://repo.maven.apache.org/maven2/org/hamcrest/hamcrest-core/1.1/hamcrest-core-1.1.pom (481 B at 13.8 KB/sec)
[INFO] Downloading: http://repo.maven.apache.org/maven2/org/hamcrest/hamcrest-parent/1.1/hamcrest-parent-1.1.pom
[INFO] Downloaded: http://repo.maven.apache.org/maven2/org/hamcrest/hamcrest-parent/1.1/hamcrest-parent-1.1.pom (6 KB at 168.8 KB/sec)
[INFO] Downloading: http://repo.maven.apache.org/maven2/org/objenesis/objenesis/1.0/objenesis-1.0.pom
[INFO] Downloaded: http://repo.maven.apache.org/maven2/org/objenesis/objenesis/1.0/objenesis-1.0.pom (853 B at 24.5 KB/sec)
[INFO] Downloading: http://repo.maven.apache.org/maven2/simple-jndi/simple-jndi/0.11.4.1/simple-jndi-0.11.4.1.pom
[INFO] Downloaded: http://repo.maven.apache.org/maven2/simple-jndi/simple-jndi/0.11.4.1/simple-jndi-0.11.4.1.pom (5 KB at 115.4 KB/sec)
[INFO] Downloading: http://repo.maven.apache.org/maven2/io/reactivex/rxjava/1.0.10/rxjava-1.0.10.jar
[INFO] Downloading: http://repo.maven.apache.org/maven2/io/reactivex/rxjava-string/0.22.0/rxjava-string-0.22.0.jar
[INFO] Downloading: http://repo.maven.apache.org/maven2/io/reactivex/rxjava-math/1.0.0/rxjava-math-1.0.0.jar
[INFO] Downloading: http://repo.maven.apache.org/maven2/com/github/davidmoten/rxjava-extras/0.5.2/rxjava-extras-0.5.2.jar
[INFO] Downloading: http://repo.maven.apache.org/maven2/org/slf4j/slf4j-api/1.7.10/slf4j-api-1.7.10.jar
[INFO] Downloaded: http://repo.maven.apache.org/maven2/io/reactivex/rxjava-string/0.22.0/rxjava-string-0.22.0.jar (18 KB at 256.5 KB/sec)
[INFO] Downloaded: http://repo.maven.apache.org/maven2/io/reactivex/rxjava-math/1.0.0/rxjava-math-1.0.0.jar (21 KB at 286.1 KB/sec)
[INFO] Downloading: http://repo.maven.apache.org/maven2/com/zaxxer/HikariCP-java6/2.3.7/HikariCP-java6-2.3.7.jar
[INFO] Downloading: http://repo.maven.apache.org/maven2/org/javassist/javassist/3.19.0-GA/javassist-3.19.0-GA.jar
[INFO] Downloaded: http://repo.maven.apache.org/maven2/org/slf4j/slf4j-api/1.7.10/slf4j-api-1.7.10.jar (32 KB at 423.9 KB/sec)
[INFO] Downloading: http://repo.maven.apache.org/maven2/junit/junit/4.12/junit-4.12.jar
[INFO] Downloaded: http://repo.maven.apache.org/maven2/com/github/davidmoten/rxjava-extras/0.5.2/rxjava-extras-0.5.2.jar (58 KB at 688.6 KB/sec)
[INFO] Downloading: http://repo.maven.apache.org/maven2/org/hamcrest/hamcrest-core/1.3/hamcrest-core-1.3.jar
[INFO] Downloaded: http://repo.maven.apache.org/maven2/org/hamcrest/hamcrest-core/1.3/hamcrest-core-1.3.jar (44 KB at 338.2 KB/sec)
[INFO] Downloading: http://repo.maven.apache.org/maven2/org/easymock/easymock/3.2/easymock-3.2.jar
[INFO] Downloaded: http://repo.maven.apache.org/maven2/com/zaxxer/HikariCP-java6/2.3.7/HikariCP-java6-2.3.7.jar (97 KB at 650.5 KB/sec)
[INFO] Downloading: http://repo.maven.apache.org/maven2/cglib/cglib-nodep/2.2.2/cglib-nodep-2.2.2.jar
[INFO] Downloaded: http://repo.maven.apache.org/maven2/io/reactivex/rxjava/1.0.10/rxjava-1.0.10.jar (737 KB at 3980.7 KB/sec)
[INFO] Downloading: http://repo.maven.apache.org/maven2/org/objenesis/objenesis/1.3/objenesis-1.3.jar
[INFO] Downloaded: http://repo.maven.apache.org/maven2/junit/junit/4.12/junit-4.12.jar (308 KB at 1569.1 KB/sec)
[INFO] Downloading: http://repo.maven.apache.org/maven2/com/h2database/h2/1.4.178/h2-1.4.178.jar
[INFO] Downloaded: http://repo.maven.apache.org/maven2/org/easymock/easymock/3.2/easymock-3.2.jar (117 KB at 559.7 KB/sec)
[INFO] Downloading: http://repo.maven.apache.org/maven2/org/slf4j/slf4j-log4j12/1.7.10/slf4j-log4j12-1.7.10.jar
[INFO] Downloaded: http://repo.maven.apache.org/maven2/org/javassist/javassist/3.19.0-GA/javassist-3.19.0-GA.jar (732 KB at 3485.4 KB/sec)
[INFO] Downloading: http://repo.maven.apache.org/maven2/log4j/log4j/1.2.17/log4j-1.2.17.jar
[INFO] Downloaded: http://repo.maven.apache.org/maven2/org/objenesis/objenesis/1.3/objenesis-1.3.jar (40 KB at 182.6 KB/sec)
[INFO] Downloading: http://repo.maven.apache.org/maven2/org/mockito/mockito-core/1.9.5/mockito-core-1.9.5.jar
[INFO] Downloaded: http://repo.maven.apache.org/maven2/org/slf4j/slf4j-log4j12/1.7.10/slf4j-log4j12-1.7.10.jar (9 KB at 35.5 KB/sec)
[INFO] Downloading: http://repo.maven.apache.org/maven2/simple-jndi/simple-jndi/0.11.4.1/simple-jndi-0.11.4.1.jar
[INFO] Downloaded: http://repo.maven.apache.org/maven2/cglib/cglib-nodep/2.2.2/cglib-nodep-2.2.2.jar (320 KB at 1252.0 KB/sec)
[INFO] Downloaded: http://repo.maven.apache.org/maven2/simple-jndi/simple-jndi/0.11.4.1/simple-jndi-0.11.4.1.jar (42 KB at 147.4 KB/sec)
[INFO] Downloaded: http://repo.maven.apache.org/maven2/log4j/log4j/1.2.17/log4j-1.2.17.jar (479 KB at 1432.3 KB/sec)
[INFO] Downloaded: http://repo.maven.apache.org/maven2/com/h2database/h2/1.4.178/h2-1.4.178.jar (1625 KB at 4791.0 KB/sec)
[INFO] Downloaded: http://repo.maven.apache.org/maven2/org/mockito/mockito-core/1.9.5/mockito-core-1.9.5.jar (1465 KB at 4258.3 KB/sec)
[INFO] 
[INFO] --- maven-resources-plugin:2.6:resources (default-resources) @ rxjava-jdbc ---
[INFO] Downloading: https://repo.maven.apache.org/maven2/org/apache/maven/maven-plugin-api/2.0.6/maven-plugin-api-2.0.6.pom
[INFO] Downloaded: https://repo.maven.apache.org/maven2/org/apache/maven/maven-plugin-api/2.0.6/maven-plugin-api-2.0.6.pom (2 KB at 38.4 KB/sec)
[INFO] Downloading: https://repo.maven.apache.org/maven2/org/apache/maven/maven/2.0.6/maven-2.0.6.pom
[INFO] Downloaded: https://repo.maven.apache.org/maven2/org/apache/maven/maven/2.0.6/maven-2.0.6.pom (9 KB at 215.5 KB/sec)
[INFO] Downloading: https://repo.maven.apache.org/maven2/org/apache/maven/maven-parent/5/maven-parent-5.pom
[INFO] Downloaded: https://repo.maven.apache.org/maven2/org/apache/maven/maven-parent/5/maven-parent-5.pom (15 KB at 310.0 KB/sec)
[INFO] Downloading: https://repo.maven.apache.org/maven2/org/apache/apache/3/apache-3.pom
[INFO] Downloaded: https://repo.maven.apache.org/maven2/org/apache/apache/3/apache-3.pom (4 KB at 88.1 KB/sec)
[INFO] Downloading: https://repo.maven.apache.org/maven2/org/apache/maven/maven-project/2.0.6/maven-project-2.0.6.pom
[INFO] Downloaded: https://repo.maven.apache.org/maven2/org/apache/maven/maven-project/2.0.6/maven-project-2.0.6.pom (3 KB at 67.8 KB/sec)
[INFO] Downloading: https://repo.maven.apache.org/maven2/org/apache/maven/maven-settings/2.0.6/maven-settings-2.0.6.pom
[INFO] Downloaded: https://repo.maven.apache.org/maven2/org/apache/maven/maven-settings/2.0.6/maven-settings-2.0.6.pom (2 KB at 51.4 KB/sec)
[INFO] Downloading: https://repo.maven.apache.org/maven2/org/apache/maven/maven-model/2.0.6/maven-model-2.0.6.pom
[INFO] Downloaded: https://repo.maven.apache.org/maven2/org/apache/maven/maven-model/2.0.6/maven-model-2.0.6.pom (3 KB at 78.3 KB/sec)
[INFO] Downloading: https://repo.maven.apache.org/maven2/org/codehaus/plexus/plexus-utils/1.4.1/plexus-utils-1.4.1.pom
[INFO] Downloaded: https://repo.maven.apache.org/maven2/org/codehaus/plexus/plexus-utils/1.4.1/plexus-utils-1.4.1.pom (2 KB at 49.1 KB/sec)
[INFO] Downloading: https://repo.maven.apache.org/maven2/org/codehaus/plexus/plexus/1.0.11/plexus-1.0.11.pom
[INFO] Downloaded: https://repo.maven.apache.org/maven2/org/codehaus/plexus/plexus/1.0.11/plexus-1.0.11.pom (9 KB at 208.5 KB/sec)
[INFO] Downloading: https://repo.maven.apache.org/maven2/org/codehaus/plexus/plexus-container-default/1.0-alpha-9-stable-1/plexus-container-default-1.0-alpha-9-stable-1.pom
[INFO] Downloaded: https://repo.maven.apache.org/maven2/org/codehaus/plexus/plexus-container-default/1.0-alpha-9-stable-1/plexus-container-default-1.0-alpha-9-stable-1.pom (4 KB at 89.7 KB/sec)
[INFO] Downloading: https://repo.maven.apache.org/maven2/org/codehaus/plexus/plexus-containers/1.0.3/plexus-containers-1.0.3.pom
[INFO] Downloaded: https://repo.maven.apache.org/maven2/org/codehaus/plexus/plexus-containers/1.0.3/plexus-containers-1.0.3.pom (492 B at 13.3 KB/sec)
[INFO] Downloading: https://repo.maven.apache.org/maven2/org/codehaus/plexus/plexus/1.0.4/plexus-1.0.4.pom
[INFO] Downloaded: https://repo.maven.apache.org/maven2/org/codehaus/plexus/plexus/1.0.4/plexus-1.0.4.pom (6 KB at 140.1 KB/sec)
[INFO] Downloading: https://repo.maven.apache.org/maven2/junit/junit/3.8.1/junit-3.8.1.pom
[INFO] Downloaded: https://repo.maven.apache.org/maven2/junit/junit/3.8.1/junit-3.8.1.pom (998 B at 27.1 KB/sec)
[INFO] Downloading: https://repo.maven.apache.org/maven2/org/codehaus/plexus/plexus-utils/1.0.4/plexus-utils-1.0.4.pom
[INFO] Downloaded: https://repo.maven.apache.org/maven2/org/codehaus/plexus/plexus-utils/1.0.4/plexus-utils-1.0.4.pom (7 KB at 167.4 KB/sec)
[INFO] Downloading: https://repo.maven.apache.org/maven2/classworlds/classworlds/1.1-alpha-2/classworlds-1.1-alpha-2.pom
[INFO] Downloaded: https://repo.maven.apache.org/maven2/classworlds/classworlds/1.1-alpha-2/classworlds-1.1-alpha-2.pom (4 KB at 82.6 KB/sec)
[INFO] Downloading: https://repo.maven.apache.org/maven2/org/apache/maven/maven-profile/2.0.6/maven-profile-2.0.6.pom
[INFO] Downloaded: https://repo.maven.apache.org/maven2/org/apache/maven/maven-profile/2.0.6/maven-profile-2.0.6.pom (2 KB at 53.7 KB/sec)
[INFO] Downloading: https://repo.maven.apache.org/maven2/org/apache/maven/maven-artifact-manager/2.0.6/maven-artifact-manager-2.0.6.pom
[INFO] Downloaded: https://repo.maven.apache.org/maven2/org/apache/maven/maven-artifact-manager/2.0.6/maven-artifact-manager-2.0.6.pom (3 KB at 64.0 KB/sec)
[INFO] Downloading: https://repo.maven.apache.org/maven2/org/apache/maven/maven-repository-metadata/2.0.6/maven-repository-metadata-2.0.6.pom
[INFO] Downloaded: https://repo.maven.apache.org/maven2/org/apache/maven/maven-repository-metadata/2.0.6/maven-repository-metadata-2.0.6.pom (2 KB at 47.5 KB/sec)
[INFO] Downloading: https://repo.maven.apache.org/maven2/org/apache/maven/maven-artifact/2.0.6/maven-artifact-2.0.6.pom
[INFO] Downloaded: https://repo.maven.apache.org/maven2/org/apache/maven/maven-artifact/2.0.6/maven-artifact-2.0.6.pom (2 KB at 41.6 KB/sec)
[INFO] Downloading: https://repo.maven.apache.org/maven2/org/apache/maven/maven-plugin-registry/2.0.6/maven-plugin-registry-2.0.6.pom
[INFO] Downloaded: https://repo.maven.apache.org/maven2/org/apache/maven/maven-plugin-registry/2.0.6/maven-plugin-registry-2.0.6.pom (2 KB at 50.0 KB/sec)
[INFO] Downloading: https://repo.maven.apache.org/maven2/org/apache/maven/maven-core/2.0.6/maven-core-2.0.6.pom
[INFO] Downloaded: https://repo.maven.apache.org/maven2/org/apache/maven/maven-core/2.0.6/maven-core-2.0.6.pom (7 KB at 168.0 KB/sec)
[INFO] Downloading: https://repo.maven.apache.org/maven2/org/apache/maven/maven-plugin-parameter-documenter/2.0.6/maven-plugin-parameter-documenter-2.0.6.pom
[INFO] Downloaded: https://repo.maven.apache.org/maven2/org/apache/maven/maven-plugin-parameter-documenter/2.0.6/maven-plugin-parameter-documenter-2.0.6.pom (2 KB at 51.8 KB/sec)
[INFO] Downloading: https://repo.maven.apache.org/maven2/org/apache/maven/reporting/maven-reporting-api/2.0.6/maven-reporting-api-2.0.6.pom
[INFO] Downloaded: https://repo.maven.apache.org/maven2/org/apache/maven/reporting/maven-reporting-api/2.0.6/maven-reporting-api-2.0.6.pom (2 KB at 46.2 KB/sec)
[INFO] Downloading: https://repo.maven.apache.org/maven2/org/apache/maven/reporting/maven-reporting/2.0.6/maven-reporting-2.0.6.pom
[INFO] Downloaded: https://repo.maven.apache.org/maven2/org/apache/maven/reporting/maven-reporting/2.0.6/maven-reporting-2.0.6.pom (2 KB at 37.0 KB/sec)
[INFO] Downloading: https://repo.maven.apache.org/maven2/org/apache/maven/doxia/doxia-sink-api/1.0-alpha-7/doxia-sink-api-1.0-alpha-7.pom
[INFO] Downloaded: https://repo.maven.apache.org/maven2/org/apache/maven/doxia/doxia-sink-api/1.0-alpha-7/doxia-sink-api-1.0-alpha-7.pom (424 B at 11.2 KB/sec)
[INFO] Downloading: https://repo.maven.apache.org/maven2/org/apache/maven/doxia/doxia/1.0-alpha-7/doxia-1.0-alpha-7.pom
[INFO] Downloaded: https://repo.maven.apache.org/maven2/org/apache/maven/doxia/doxia/1.0-alpha-7/doxia-1.0-alpha-7.pom (4 KB at 100.6 KB/sec)
[INFO] Downloading: https://repo.maven.apache.org/maven2/org/apache/maven/maven-error-diagnostics/2.0.6/maven-error-diagnostics-2.0.6.pom
[INFO] Downloaded: https://repo.maven.apache.org/maven2/org/apache/maven/maven-error-diagnostics/2.0.6/maven-error-diagnostics-2.0.6.pom (2 KB at 45.0 KB/sec)
[INFO] Downloading: https://repo.maven.apache.org/maven2/commons-cli/commons-cli/1.0/commons-cli-1.0.pom
[INFO] Downloaded: https://repo.maven.apache.org/maven2/commons-cli/commons-cli/1.0/commons-cli-1.0.pom (3 KB at 54.1 KB/sec)
[INFO] Downloading: https://repo.maven.apache.org/maven2/org/apache/maven/maven-plugin-descriptor/2.0.6/maven-plugin-descriptor-2.0.6.pom
[INFO] Downloaded: https://repo.maven.apache.org/maven2/org/apache/maven/maven-plugin-descriptor/2.0.6/maven-plugin-descriptor-2.0.6.pom (2 KB at 53.3 KB/sec)
[INFO] Downloading: https://repo.maven.apache.org/maven2/org/codehaus/plexus/plexus-interactivity-api/1.0-alpha-4/plexus-interactivity-api-1.0-alpha-4.pom
[INFO] Downloaded: https://repo.maven.apache.org/maven2/org/codehaus/plexus/plexus-interactivity-api/1.0-alpha-4/plexus-interactivity-api-1.0-alpha-4.pom (7 KB at 168.9 KB/sec)
[INFO] Downloading: https://repo.maven.apache.org/maven2/org/apache/maven/maven-monitor/2.0.6/maven-monitor-2.0.6.pom
[INFO] Downloaded: https://repo.maven.apache.org/maven2/org/apache/maven/maven-monitor/2.0.6/maven-monitor-2.0.6.pom (2 KB at 32.2 KB/sec)
[INFO] Downloading: https://repo.maven.apache.org/maven2/classworlds/classworlds/1.1/classworlds-1.1.pom
[INFO] Downloaded: https://repo.maven.apache.org/maven2/classworlds/classworlds/1.1/classworlds-1.1.pom (4 KB at 85.4 KB/sec)
[INFO] Downloading: https://repo.maven.apache.org/maven2/org/codehaus/plexus/plexus-utils/2.0.5/plexus-utils-2.0.5.pom
[INFO] Downloaded: https://repo.maven.apache.org/maven2/org/codehaus/plexus/plexus-utils/2.0.5/plexus-utils-2.0.5.pom (4 KB at 79.4 KB/sec)
[INFO] Downloading: https://repo.maven.apache.org/maven2/org/codehaus/plexus/plexus/2.0.6/plexus-2.0.6.pom
[INFO] Downloaded: https://repo.maven.apache.org/maven2/org/codehaus/plexus/plexus/2.0.6/plexus-2.0.6.pom (17 KB at 341.0 KB/sec)
[INFO] Downloading: https://repo.maven.apache.org/maven2/org/apache/maven/shared/maven-filtering/1.1/maven-filtering-1.1.pom
[INFO] Downloaded: https://repo.maven.apache.org/maven2/org/apache/maven/shared/maven-filtering/1.1/maven-filtering-1.1.pom (6 KB at 145.0 KB/sec)
[INFO] Downloading: https://repo.maven.apache.org/maven2/org/apache/maven/shared/maven-shared-components/17/maven-shared-components-17.pom
[INFO] Downloaded: https://repo.maven.apache.org/maven2/org/apache/maven/shared/maven-shared-components/17/maven-shared-components-17.pom (9 KB at 207.3 KB/sec)
[INFO] Downloading: https://repo.maven.apache.org/maven2/org/codehaus/plexus/plexus-utils/1.5.15/plexus-utils-1.5.15.pom
[INFO] Downloaded: https://repo.maven.apache.org/maven2/org/codehaus/plexus/plexus-utils/1.5.15/plexus-utils-1.5.15.pom (7 KB at 167.2 KB/sec)
[INFO] Downloading: https://repo.maven.apache.org/maven2/org/codehaus/plexus/plexus/2.0.2/plexus-2.0.2.pom
[INFO] Downloaded: https://repo.maven.apache.org/maven2/org/codehaus/plexus/plexus/2.0.2/plexus-2.0.2.pom (12 KB at 263.7 KB/sec)
[INFO] Downloading: https://repo.maven.apache.org/maven2/org/codehaus/plexus/plexus-interpolation/1.12/plexus-interpolation-1.12.pom
[INFO] Downloaded: https://repo.maven.apache.org/maven2/org/codehaus/plexus/plexus-interpolation/1.12/plexus-interpolation-1.12.pom (889 B at 22.3 KB/sec)
[INFO] Downloading: https://repo.maven.apache.org/maven2/org/codehaus/plexus/plexus-components/1.1.14/plexus-components-1.1.14.pom
[INFO] Downloaded: https://repo.maven.apache.org/maven2/org/codehaus/plexus/plexus-components/1.1.14/plexus-components-1.1.14.pom (6 KB at 146.3 KB/sec)
[INFO] Downloading: https://repo.maven.apache.org/maven2/org/sonatype/plexus/plexus-build-api/0.0.4/plexus-build-api-0.0.4.pom
[INFO] Downloaded: https://repo.maven.apache.org/maven2/org/sonatype/plexus/plexus-build-api/0.0.4/plexus-build-api-0.0.4.pom (3 KB at 75.6 KB/sec)
[INFO] Downloading: https://repo.maven.apache.org/maven2/org/sonatype/spice/spice-parent/10/spice-parent-10.pom
[INFO] Downloaded: https://repo.maven.apache.org/maven2/org/sonatype/spice/spice-parent/10/spice-parent-10.pom (3 KB at 77.5 KB/sec)
[INFO] Downloading: https://repo.maven.apache.org/maven2/org/sonatype/forge/forge-parent/3/forge-parent-3.pom
[INFO] Downloaded: https://repo.maven.apache.org/maven2/org/sonatype/forge/forge-parent/3/forge-parent-3.pom (5 KB at 126.0 KB/sec)
[INFO] Downloading: https://repo.maven.apache.org/maven2/org/codehaus/plexus/plexus-utils/1.5.8/plexus-utils-1.5.8.pom
[INFO] Downloaded: https://repo.maven.apache.org/maven2/org/codehaus/plexus/plexus-utils/1.5.8/plexus-utils-1.5.8.pom (8 KB at 192.0 KB/sec)
[INFO] Downloading: https://repo.maven.apache.org/maven2/org/codehaus/plexus/plexus-interpolation/1.13/plexus-interpolation-1.13.pom
[INFO] Downloaded: https://repo.maven.apache.org/maven2/org/codehaus/plexus/plexus-interpolation/1.13/plexus-interpolation-1.13.pom (890 B at 23.5 KB/sec)
[INFO] Downloading: https://repo.maven.apache.org/maven2/org/codehaus/plexus/plexus-components/1.1.15/plexus-components-1.1.15.pom
[INFO] Downloaded: https://repo.maven.apache.org/maven2/org/codehaus/plexus/plexus-components/1.1.15/plexus-components-1.1.15.pom (3 KB at 75.2 KB/sec)
[INFO] Downloading: https://repo.maven.apache.org/maven2/org/codehaus/plexus/plexus/2.0.3/plexus-2.0.3.pom
[INFO] Downloaded: https://repo.maven.apache.org/maven2/org/codehaus/plexus/plexus/2.0.3/plexus-2.0.3.pom (16 KB at 343.2 KB/sec)
[INFO] Downloading: https://repo.maven.apache.org/maven2/org/apache/maven/reporting/maven-reporting-api/2.0.6/maven-reporting-api-2.0.6.jar
[INFO] Downloading: https://repo.maven.apache.org/maven2/org/apache/maven/doxia/doxia-sink-api/1.0-alpha-7/doxia-sink-api-1.0-alpha-7.jar
[INFO] Downloading: https://repo.maven.apache.org/maven2/commons-cli/commons-cli/1.0/commons-cli-1.0.jar
[INFO] Downloading: https://repo.maven.apache.org/maven2/org/codehaus/plexus/plexus-interactivity-api/1.0-alpha-4/plexus-interactivity-api-1.0-alpha-4.jar
[INFO] Downloading: https://repo.maven.apache.org/maven2/junit/junit/3.8.1/junit-3.8.1.jar
[INFO] Downloaded: https://repo.maven.apache.org/maven2/org/apache/maven/reporting/maven-reporting-api/2.0.6/maven-reporting-api-2.0.6.jar (10 KB at 225.8 KB/sec)
[INFO] Downloading: https://repo.maven.apache.org/maven2/org/codehaus/plexus/plexus-utils/2.0.5/plexus-utils-2.0.5.jar
[INFO] Downloaded: https://repo.maven.apache.org/maven2/org/codehaus/plexus/plexus-interactivity-api/1.0-alpha-4/plexus-interactivity-api-1.0-alpha-4.jar (14 KB at 304.5 KB/sec)
[INFO] Downloading: https://repo.maven.apache.org/maven2/org/apache/maven/shared/maven-filtering/1.1/maven-filtering-1.1.jar
[INFO] Downloaded: https://repo.maven.apache.org/maven2/org/apache/maven/doxia/doxia-sink-api/1.0-alpha-7/doxia-sink-api-1.0-alpha-7.jar (6 KB at 126.0 KB/sec)
[INFO] Downloading: https://repo.maven.apache.org/maven2/org/sonatype/plexus/plexus-build-api/0.0.4/plexus-build-api-0.0.4.jar
[INFO] Downloaded: https://repo.maven.apache.org/maven2/commons-cli/commons-cli/1.0/commons-cli-1.0.jar (30 KB at 544.7 KB/sec)
[INFO] Downloading: https://repo.maven.apache.org/maven2/org/codehaus/plexus/plexus-interpolation/1.13/plexus-interpolation-1.13.jar
[INFO] Downloaded: https://repo.maven.apache.org/maven2/org/sonatype/plexus/plexus-build-api/0.0.4/plexus-build-api-0.0.4.jar (7 KB at 85.2 KB/sec)
[INFO] Downloaded: https://repo.maven.apache.org/maven2/org/apache/maven/shared/maven-filtering/1.1/maven-filtering-1.1.jar (43 KB at 425.2 KB/sec)
[INFO] Downloaded: https://repo.maven.apache.org/maven2/junit/junit/3.8.1/junit-3.8.1.jar (119 KB at 1002.0 KB/sec)
[INFO] Downloaded: https://repo.maven.apache.org/maven2/org/codehaus/plexus/plexus-interpolation/1.13/plexus-interpolation-1.13.jar (60 KB at 496.9 KB/sec)
[INFO] Downloaded: https://repo.maven.apache.org/maven2/org/codehaus/plexus/plexus-utils/2.0.5/plexus-utils-2.0.5.jar (218 KB at 1058.0 KB/sec)
[INFO] Using 'UTF-8' encoding to copy filtered resources.
[INFO] skip non existing resourceDirectory /home/travis/build/davidmoten/rxjava-jdbc/src/main/resources
[INFO] 
[INFO] --- maven-compiler-plugin:3.1:compile (default-compile) @ rxjava-jdbc ---
[INFO] Downloading: https://repo.maven.apache.org/maven2/org/apache/maven/maven-plugin-api/2.0.9/maven-plugin-api-2.0.9.pom
[INFO] Downloaded: https://repo.maven.apache.org/maven2/org/apache/maven/maven-plugin-api/2.0.9/maven-plugin-api-2.0.9.pom (2 KB at 38.4 KB/sec)
[INFO] Downloading: https://repo.maven.apache.org/maven2/org/apache/maven/maven/2.0.9/maven-2.0.9.pom
[INFO] Downloaded: https://repo.maven.apache.org/maven2/org/apache/maven/maven/2.0.9/maven-2.0.9.pom (19 KB at 384.7 KB/sec)
[INFO] Downloading: https://repo.maven.apache.org/maven2/org/apache/maven/maven-parent/8/maven-parent-8.pom
[INFO] Downloaded: https://repo.maven.apache.org/maven2/org/apache/maven/maven-parent/8/maven-parent-8.pom (24 KB at 471.3 KB/sec)
[INFO] Downloading: https://repo.maven.apache.org/maven2/org/apache/maven/maven-artifact/2.0.9/maven-artifact-2.0.9.pom
[INFO] Downloaded: https://repo.maven.apache.org/maven2/org/apache/maven/maven-artifact/2.0.9/maven-artifact-2.0.9.pom (2 KB at 41.6 KB/sec)
[INFO] Downloading: https://repo.maven.apache.org/maven2/org/codehaus/plexus/plexus-utils/1.5.1/plexus-utils-1.5.1.pom
[INFO] Downloaded: https://repo.maven.apache.org/maven2/org/codehaus/plexus/plexus-utils/1.5.1/plexus-utils-1.5.1.pom (3 KB at 59.0 KB/sec)
[INFO] Downloading: https://repo.maven.apache.org/maven2/org/apache/maven/maven-core/2.0.9/maven-core-2.0.9.pom
[INFO] Downloaded: https://repo.maven.apache.org/maven2/org/apache/maven/maven-core/2.0.9/maven-core-2.0.9.pom (8 KB at 185.4 KB/sec)
[INFO] Downloading: https://repo.maven.apache.org/maven2/org/apache/maven/maven-settings/2.0.9/maven-settings-2.0.9.pom
[INFO] Downloaded: https://repo.maven.apache.org/maven2/org/apache/maven/maven-settings/2.0.9/maven-settings-2.0.9.pom (3 KB at 49.0 KB/sec)
[INFO] Downloading: https://repo.maven.apache.org/maven2/org/apache/maven/maven-model/2.0.9/maven-model-2.0.9.pom
[INFO] Downloaded: https://repo.maven.apache.org/maven2/org/apache/maven/maven-model/2.0.9/maven-model-2.0.9.pom (4 KB at 78.6 KB/sec)
[INFO] Downloading: https://repo.maven.apache.org/maven2/org/apache/maven/maven-plugin-parameter-documenter/2.0.9/maven-plugin-parameter-documenter-2.0.9.pom
[INFO] Downloaded: https://repo.maven.apache.org/maven2/org/apache/maven/maven-plugin-parameter-documenter/2.0.9/maven-plugin-parameter-documenter-2.0.9.pom (2 KB at 50.5 KB/sec)
[INFO] Downloading: https://repo.maven.apache.org/maven2/org/apache/maven/maven-profile/2.0.9/maven-profile-2.0.9.pom
[INFO] Downloaded: https://repo.maven.apache.org/maven2/org/apache/maven/maven-profile/2.0.9/maven-profile-2.0.9.pom (3 KB at 52.7 KB/sec)
[INFO] Downloading: https://repo.maven.apache.org/maven2/org/apache/maven/maven-repository-metadata/2.0.9/maven-repository-metadata-2.0.9.pom
[INFO] Downloaded: https://repo.maven.apache.org/maven2/org/apache/maven/maven-repository-metadata/2.0.9/maven-repository-metadata-2.0.9.pom (2 KB at 46.4 KB/sec)
[INFO] Downloading: https://repo.maven.apache.org/maven2/org/apache/maven/maven-error-diagnostics/2.0.9/maven-error-diagnostics-2.0.9.pom
[INFO] Downloaded: https://repo.maven.apache.org/maven2/org/apache/maven/maven-error-diagnostics/2.0.9/maven-error-diagnostics-2.0.9.pom (2 KB at 43.7 KB/sec)
[INFO] Downloading: https://repo.maven.apache.org/maven2/org/apache/maven/maven-project/2.0.9/maven-project-2.0.9.pom
[INFO] Downloaded: https://repo.maven.apache.org/maven2/org/apache/maven/maven-project/2.0.9/maven-project-2.0.9.pom (3 KB at 71.5 KB/sec)
[INFO] Downloading: https://repo.maven.apache.org/maven2/org/apache/maven/maven-artifact-manager/2.0.9/maven-artifact-manager-2.0.9.pom
[INFO] Downloaded: https://repo.maven.apache.org/maven2/org/apache/maven/maven-artifact-manager/2.0.9/maven-artifact-manager-2.0.9.pom (3 KB at 71.3 KB/sec)
[INFO] Downloading: https://repo.maven.apache.org/maven2/org/apache/maven/maven-plugin-registry/2.0.9/maven-plugin-registry-2.0.9.pom
[INFO] Downloaded: https://repo.maven.apache.org/maven2/org/apache/maven/maven-plugin-registry/2.0.9/maven-plugin-registry-2.0.9.pom (2 KB at 48.1 KB/sec)
[INFO] Downloading: https://repo.maven.apache.org/maven2/org/apache/maven/maven-plugin-descriptor/2.0.9/maven-plugin-descriptor-2.0.9.pom
[INFO] Downloaded: https://repo.maven.apache.org/maven2/org/apache/maven/maven-plugin-descriptor/2.0.9/maven-plugin-descriptor-2.0.9.pom (3 KB at 54.8 KB/sec)
[INFO] Downloading: https://repo.maven.apache.org/maven2/org/apache/maven/maven-monitor/2.0.9/maven-monitor-2.0.9.pom
[INFO] Downloaded: https://repo.maven.apache.org/maven2/org/apache/maven/maven-monitor/2.0.9/maven-monitor-2.0.9.pom (2 KB at 34.9 KB/sec)
[INFO] Downloading: https://repo.maven.apache.org/maven2/org/apache/maven/maven-toolchain/1.0/maven-toolchain-1.0.pom
[INFO] Downloaded: https://repo.maven.apache.org/maven2/org/apache/maven/maven-toolchain/1.0/maven-toolchain-1.0.pom (4 KB at 87.7 KB/sec)
[INFO] Downloading: https://repo.maven.apache.org/maven2/org/apache/maven/shared/maven-shared-utils/0.1/maven-shared-utils-0.1.pom
[INFO] Downloaded: https://repo.maven.apache.org/maven2/org/apache/maven/shared/maven-shared-utils/0.1/maven-shared-utils-0.1.pom (4 KB at 101.3 KB/sec)
[INFO] Downloading: https://repo.maven.apache.org/maven2/org/apache/maven/shared/maven-shared-components/18/maven-shared-components-18.pom
[INFO] Downloaded: https://repo.maven.apache.org/maven2/org/apache/maven/shared/maven-shared-components/18/maven-shared-components-18.pom (5 KB at 123.5 KB/sec)
[INFO] Downloading: https://repo.maven.apache.org/maven2/org/apache/maven/shared/maven-shared-incremental/1.1/maven-shared-incremental-1.1.pom
[INFO] Downloaded: https://repo.maven.apache.org/maven2/org/apache/maven/shared/maven-shared-incremental/1.1/maven-shared-incremental-1.1.pom (5 KB at 115.8 KB/sec)
[INFO] Downloading: https://repo.maven.apache.org/maven2/org/apache/maven/shared/maven-shared-components/19/maven-shared-components-19.pom
[INFO] Downloaded: https://repo.maven.apache.org/maven2/org/apache/maven/shared/maven-shared-components/19/maven-shared-components-19.pom (7 KB at 155.2 KB/sec)
[INFO] Downloading: https://repo.maven.apache.org/maven2/org/apache/maven/maven-plugin-api/2.2.1/maven-plugin-api-2.2.1.pom
[INFO] Downloaded: https://repo.maven.apache.org/maven2/org/apache/maven/maven-plugin-api/2.2.1/maven-plugin-api-2.2.1.pom (2 KB at 38.5 KB/sec)
[INFO] Downloading: https://repo.maven.apache.org/maven2/org/apache/maven/maven/2.2.1/maven-2.2.1.pom
[INFO] Downloaded: https://repo.maven.apache.org/maven2/org/apache/maven/maven/2.2.1/maven-2.2.1.pom (22 KB at 446.6 KB/sec)
[INFO] Downloading: https://repo.maven.apache.org/maven2/org/apache/maven/maven-parent/11/maven-parent-11.pom
[INFO] Downloaded: https://repo.maven.apache.org/maven2/org/apache/maven/maven-parent/11/maven-parent-11.pom (32 KB at 586.1 KB/sec)
[INFO] Downloading: https://repo.maven.apache.org/maven2/org/apache/apache/5/apache-5.pom
[INFO] Downloaded: https://repo.maven.apache.org/maven2/org/apache/apache/5/apache-5.pom (5 KB at 102.6 KB/sec)
[INFO] Downloading: https://repo.maven.apache.org/maven2/org/apache/maven/maven-core/2.2.1/maven-core-2.2.1.pom
[INFO] Downloaded: https://repo.maven.apache.org/maven2/org/apache/maven/maven-core/2.2.1/maven-core-2.2.1.pom (12 KB at 264.2 KB/sec)
[INFO] Downloading: https://repo.maven.apache.org/maven2/org/apache/maven/maven-settings/2.2.1/maven-settings-2.2.1.pom
[INFO] Downloaded: https://repo.maven.apache.org/maven2/org/apache/maven/maven-settings/2.2.1/maven-settings-2.2.1.pom (3 KB at 54.6 KB/sec)
[INFO] Downloading: https://repo.maven.apache.org/maven2/org/apache/maven/maven-model/2.2.1/maven-model-2.2.1.pom
[INFO] Downloaded: https://repo.maven.apache.org/maven2/org/apache/maven/maven-model/2.2.1/maven-model-2.2.1.pom (4 KB at 85.5 KB/sec)
[INFO] Downloading: https://repo.maven.apache.org/maven2/org/codehaus/plexus/plexus-interpolation/1.11/plexus-interpolation-1.11.pom
[INFO] Downloaded: https://repo.maven.apache.org/maven2/org/codehaus/plexus/plexus-interpolation/1.11/plexus-interpolation-1.11.pom (889 B at 24.1 KB/sec)
[INFO] Downloading: https://repo.maven.apache.org/maven2/org/apache/maven/maven-plugin-parameter-documenter/2.2.1/maven-plugin-parameter-documenter-2.2.1.pom
[INFO] Downloaded: https://repo.maven.apache.org/maven2/org/apache/maven/maven-plugin-parameter-documenter/2.2.1/maven-plugin-parameter-documenter-2.2.1.pom (2 KB at 46.6 KB/sec)
[INFO] Downloading: https://repo.maven.apache.org/maven2/org/slf4j/slf4j-jdk14/1.5.6/slf4j-jdk14-1.5.6.pom
[INFO] Downloaded: https://repo.maven.apache.org/maven2/org/slf4j/slf4j-jdk14/1.5.6/slf4j-jdk14-1.5.6.pom (2 KB at 50.1 KB/sec)
[INFO] Downloading: https://repo.maven.apache.org/maven2/org/slf4j/slf4j-parent/1.5.6/slf4j-parent-1.5.6.pom
[INFO] Downloaded: https://repo.maven.apache.org/maven2/org/slf4j/slf4j-parent/1.5.6/slf4j-parent-1.5.6.pom (8 KB at 188.6 KB/sec)
[INFO] Downloading: https://repo.maven.apache.org/maven2/org/slf4j/slf4j-api/1.5.6/slf4j-api-1.5.6.pom
[INFO] Downloaded: https://repo.maven.apache.org/maven2/org/slf4j/slf4j-api/1.5.6/slf4j-api-1.5.6.pom (3 KB at 76.7 KB/sec)
[INFO] Downloading: https://repo.maven.apache.org/maven2/org/slf4j/jcl-over-slf4j/1.5.6/jcl-over-slf4j-1.5.6.pom
[INFO] Downloaded: https://repo.maven.apache.org/maven2/org/slf4j/jcl-over-slf4j/1.5.6/jcl-over-slf4j-1.5.6.pom (3 KB at 57.2 KB/sec)
[INFO] Downloading: https://repo.maven.apache.org/maven2/org/apache/maven/maven-profile/2.2.1/maven-profile-2.2.1.pom
[INFO] Downloaded: https://repo.maven.apache.org/maven2/org/apache/maven/maven-profile/2.2.1/maven-profile-2.2.1.pom (3 KB at 57.3 KB/sec)
[INFO] Downloading: https://repo.maven.apache.org/maven2/org/apache/maven/maven-artifact/2.2.1/maven-artifact-2.2.1.pom
[INFO] Downloaded: https://repo.maven.apache.org/maven2/org/apache/maven/maven-artifact/2.2.1/maven-artifact-2.2.1.pom (2 KB at 41.7 KB/sec)
[INFO] Downloading: https://repo.maven.apache.org/maven2/org/apache/maven/maven-repository-metadata/2.2.1/maven-repository-metadata-2.2.1.pom
[INFO] Downloaded: https://repo.maven.apache.org/maven2/org/apache/maven/maven-repository-metadata/2.2.1/maven-repository-metadata-2.2.1.pom (2 KB at 49.4 KB/sec)
[INFO] Downloading: https://repo.maven.apache.org/maven2/org/apache/maven/maven-error-diagnostics/2.2.1/maven-error-diagnostics-2.2.1.pom
[INFO] Downloaded: https://repo.maven.apache.org/maven2/org/apache/maven/maven-error-diagnostics/2.2.1/maven-error-diagnostics-2.2.1.pom (2 KB at 40.7 KB/sec)
[INFO] Downloading: https://repo.maven.apache.org/maven2/org/apache/maven/maven-project/2.2.1/maven-project-2.2.1.pom
[INFO] Downloaded: https://repo.maven.apache.org/maven2/org/apache/maven/maven-project/2.2.1/maven-project-2.2.1.pom (3 KB at 71.3 KB/sec)
[INFO] Downloading: https://repo.maven.apache.org/maven2/org/apache/maven/maven-artifact-manager/2.2.1/maven-artifact-manager-2.2.1.pom
[INFO] Downloaded: https://repo.maven.apache.org/maven2/org/apache/maven/maven-artifact-manager/2.2.1/maven-artifact-manager-2.2.1.pom (4 KB at 81.9 KB/sec)
[INFO] Downloading: https://repo.maven.apache.org/maven2/backport-util-concurrent/backport-util-concurrent/3.1/backport-util-concurrent-3.1.pom
[INFO] Downloaded: https://repo.maven.apache.org/maven2/backport-util-concurrent/backport-util-concurrent/3.1/backport-util-concurrent-3.1.pom (880 B at 22.0 KB/sec)
[INFO] Downloading: https://repo.maven.apache.org/maven2/org/apache/maven/maven-plugin-registry/2.2.1/maven-plugin-registry-2.2.1.pom
[INFO] Downloaded: https://repo.maven.apache.org/maven2/org/apache/maven/maven-plugin-registry/2.2.1/maven-plugin-registry-2.2.1.pom (2 KB at 47.1 KB/sec)
[INFO] Downloading: https://repo.maven.apache.org/maven2/org/apache/maven/maven-plugin-descriptor/2.2.1/maven-plugin-descriptor-2.2.1.pom
[INFO] Downloaded: https://repo.maven.apache.org/maven2/org/apache/maven/maven-plugin-descriptor/2.2.1/maven-plugin-descriptor-2.2.1.pom (3 KB at 54.5 KB/sec)
[INFO] Downloading: https://repo.maven.apache.org/maven2/org/apache/maven/maven-monitor/2.2.1/maven-monitor-2.2.1.pom
[INFO] Downloaded: https://repo.maven.apache.org/maven2/org/apache/maven/maven-monitor/2.2.1/maven-monitor-2.2.1.pom (2 KB at 33.2 KB/sec)
[INFO] Downloading: https://repo.maven.apache.org/maven2/org/sonatype/plexus/plexus-sec-dispatcher/1.3/plexus-sec-dispatcher-1.3.pom
[INFO] Downloaded: https://repo.maven.apache.org/maven2/org/sonatype/plexus/plexus-sec-dispatcher/1.3/plexus-sec-dispatcher-1.3.pom (3 KB at 74.1 KB/sec)
[INFO] Downloading: https://repo.maven.apache.org/maven2/org/codehaus/plexus/plexus-utils/1.5.5/plexus-utils-1.5.5.pom
[INFO] Downloaded: https://repo.maven.apache.org/maven2/org/codehaus/plexus/plexus-utils/1.5.5/plexus-utils-1.5.5.pom (6 KB at 128.9 KB/sec)
[INFO] Downloading: https://repo.maven.apache.org/maven2/org/sonatype/plexus/plexus-cipher/1.4/plexus-cipher-1.4.pom
[INFO] Downloaded: https://repo.maven.apache.org/maven2/org/sonatype/plexus/plexus-cipher/1.4/plexus-cipher-1.4.pom (3 KB at 54.5 KB/sec)
[INFO] Downloading: https://repo.maven.apache.org/maven2/org/codehaus/plexus/plexus-component-annotations/1.5.5/plexus-component-annotations-1.5.5.pom
[INFO] Downloaded: https://repo.maven.apache.org/maven2/org/codehaus/plexus/plexus-component-annotations/1.5.5/plexus-component-annotations-1.5.5.pom (815 B at 21.5 KB/sec)
[INFO] Downloading: https://repo.maven.apache.org/maven2/org/codehaus/plexus/plexus-containers/1.5.5/plexus-containers-1.5.5.pom
[INFO] Downloaded: https://repo.maven.apache.org/maven2/org/codehaus/plexus/plexus-containers/1.5.5/plexus-containers-1.5.5.pom (5 KB at 106.2 KB/sec)
[INFO] Downloading: https://repo.maven.apache.org/maven2/org/codehaus/plexus/plexus/2.0.7/plexus-2.0.7.pom
[INFO] Downloaded: https://repo.maven.apache.org/maven2/org/codehaus/plexus/plexus/2.0.7/plexus-2.0.7.pom (17 KB at 367.2 KB/sec)
[INFO] Downloading: https://repo.maven.apache.org/maven2/org/codehaus/plexus/plexus-compiler-api/2.2/plexus-compiler-api-2.2.pom
[INFO] Downloaded: https://repo.maven.apache.org/maven2/org/codehaus/plexus/plexus-compiler-api/2.2/plexus-compiler-api-2.2.pom (865 B at 21.7 KB/sec)
[INFO] Downloading: https://repo.maven.apache.org/maven2/org/codehaus/plexus/plexus-compiler/2.2/plexus-compiler-2.2.pom
[INFO] Downloaded: https://repo.maven.apache.org/maven2/org/codehaus/plexus/plexus-compiler/2.2/plexus-compiler-2.2.pom (4 KB at 92.9 KB/sec)
[INFO] Downloading: https://repo.maven.apache.org/maven2/org/codehaus/plexus/plexus-components/1.3.1/plexus-components-1.3.1.pom
[INFO] Downloaded: https://repo.maven.apache.org/maven2/org/codehaus/plexus/plexus-components/1.3.1/plexus-components-1.3.1.pom (3 KB at 78.7 KB/sec)
[INFO] Downloading: https://repo.maven.apache.org/maven2/org/codehaus/plexus/plexus/3.3.1/plexus-3.3.1.pom
[INFO] Downloaded: https://repo.maven.apache.org/maven2/org/codehaus/plexus/plexus/3.3.1/plexus-3.3.1.pom (20 KB at 416.0 KB/sec)
[INFO] Downloading: https://repo.maven.apache.org/maven2/org/codehaus/plexus/plexus-compiler-manager/2.2/plexus-compiler-manager-2.2.pom
[INFO] Downloaded: https://repo.maven.apache.org/maven2/org/codehaus/plexus/plexus-compiler-manager/2.2/plexus-compiler-manager-2.2.pom (690 B at 18.7 KB/sec)
[INFO] Downloading: https://repo.maven.apache.org/maven2/org/codehaus/plexus/plexus-compiler-javac/2.2/plexus-compiler-javac-2.2.pom
[INFO] Downloaded: https://repo.maven.apache.org/maven2/org/codehaus/plexus/plexus-compiler-javac/2.2/plexus-compiler-javac-2.2.pom (769 B at 20.9 KB/sec)
[INFO] Downloading: https://repo.maven.apache.org/maven2/org/codehaus/plexus/plexus-compilers/2.2/plexus-compilers-2.2.pom
[INFO] Downloaded: https://repo.maven.apache.org/maven2/org/codehaus/plexus/plexus-compilers/2.2/plexus-compilers-2.2.pom (2 KB at 32.8 KB/sec)
[INFO] Downloading: https://repo.maven.apache.org/maven2/org/codehaus/plexus/plexus-container-default/1.5.5/plexus-container-default-1.5.5.pom
[INFO] Downloaded: https://repo.maven.apache.org/maven2/org/codehaus/plexus/plexus-container-default/1.5.5/plexus-container-default-1.5.5.pom (3 KB at 70.8 KB/sec)
[INFO] Downloading: https://repo.maven.apache.org/maven2/org/codehaus/plexus/plexus-utils/1.4.5/plexus-utils-1.4.5.pom
[INFO] Downloaded: https://repo.maven.apache.org/maven2/org/codehaus/plexus/plexus-utils/1.4.5/plexus-utils-1.4.5.pom (3 KB at 59.8 KB/sec)
[INFO] Downloading: https://repo.maven.apache.org/maven2/org/codehaus/plexus/plexus-classworlds/2.2.2/plexus-classworlds-2.2.2.pom
[INFO] Downloaded: https://repo.maven.apache.org/maven2/org/codehaus/plexus/plexus-classworlds/2.2.2/plexus-classworlds-2.2.2.pom (4 KB at 103.6 KB/sec)
[INFO] Downloading: https://repo.maven.apache.org/maven2/org/apache/xbean/xbean-reflect/3.4/xbean-reflect-3.4.pom
[INFO] Downloaded: https://repo.maven.apache.org/maven2/org/apache/xbean/xbean-reflect/3.4/xbean-reflect-3.4.pom (3 KB at 72.2 KB/sec)
[INFO] Downloading: https://repo.maven.apache.org/maven2/org/apache/xbean/xbean/3.4/xbean-3.4.pom
[INFO] Downloaded: https://repo.maven.apache.org/maven2/org/apache/xbean/xbean/3.4/xbean-3.4.pom (19 KB at 385.1 KB/sec)
[INFO] Downloading: https://repo.maven.apache.org/maven2/log4j/log4j/1.2.12/log4j-1.2.12.pom
[INFO] Downloaded: https://repo.maven.apache.org/maven2/log4j/log4j/1.2.12/log4j-1.2.12.pom (145 B at 4.0 KB/sec)
[INFO] Downloading: https://repo.maven.apache.org/maven2/commons-logging/commons-logging-api/1.1/commons-logging-api-1.1.pom
[INFO] Downloaded: https://repo.maven.apache.org/maven2/commons-logging/commons-logging-api/1.1/commons-logging-api-1.1.pom (6 KB at 137.4 KB/sec)
[INFO] Downloading: https://repo.maven.apache.org/maven2/com/google/collections/google-collections/1.0/google-collections-1.0.pom
[INFO] Downloaded: https://repo.maven.apache.org/maven2/com/google/collections/google-collections/1.0/google-collections-1.0.pom (3 KB at 62.0 KB/sec)
[INFO] Downloading: https://repo.maven.apache.org/maven2/com/google/google/1/google-1.pom
[INFO] Downloaded: https://repo.maven.apache.org/maven2/com/google/google/1/google-1.pom (2 KB at 42.2 KB/sec)
[INFO] Downloading: https://repo.maven.apache.org/maven2/junit/junit/3.8.2/junit-3.8.2.pom
[INFO] Downloaded: https://repo.maven.apache.org/maven2/junit/junit/3.8.2/junit-3.8.2.pom (747 B at 20.8 KB/sec)
[INFO] Downloading: https://repo.maven.apache.org/maven2/org/codehaus/plexus/plexus-utils/1.5.1/plexus-utils-1.5.1.jar
[INFO] Downloading: https://repo.maven.apache.org/maven2/org/apache/maven/shared/maven-shared-utils/0.1/maven-shared-utils-0.1.jar
[INFO] Downloading: https://repo.maven.apache.org/maven2/org/apache/maven/shared/maven-shared-incremental/1.1/maven-shared-incremental-1.1.jar
[INFO] Downloading: https://repo.maven.apache.org/maven2/org/codehaus/plexus/plexus-compiler-api/2.2/plexus-compiler-api-2.2.jar
[INFO] Downloading: https://repo.maven.apache.org/maven2/org/codehaus/plexus/plexus-component-annotations/1.5.5/plexus-component-annotations-1.5.5.jar
[INFO] Downloaded: https://repo.maven.apache.org/maven2/org/codehaus/plexus/plexus-component-annotations/1.5.5/plexus-component-annotations-1.5.5.jar (5 KB at 95.6 KB/sec)
[INFO] Downloading: https://repo.maven.apache.org/maven2/org/codehaus/plexus/plexus-compiler-manager/2.2/plexus-compiler-manager-2.2.jar
[INFO] Downloaded: https://repo.maven.apache.org/maven2/org/apache/maven/shared/maven-shared-incremental/1.1/maven-shared-incremental-1.1.jar (14 KB at 287.4 KB/sec)
[INFO] Downloading: https://repo.maven.apache.org/maven2/org/codehaus/plexus/plexus-compiler-javac/2.2/plexus-compiler-javac-2.2.jar
[INFO] Downloaded: https://repo.maven.apache.org/maven2/org/codehaus/plexus/plexus-compiler-api/2.2/plexus-compiler-api-2.2.jar (25 KB at 451.9 KB/sec)
[INFO] Downloading: https://repo.maven.apache.org/maven2/org/apache/xbean/xbean-reflect/3.4/xbean-reflect-3.4.jar
[INFO] Downloaded: https://repo.maven.apache.org/maven2/org/codehaus/plexus/plexus-compiler-manager/2.2/plexus-compiler-manager-2.2.jar (5 KB at 56.4 KB/sec)
[INFO] Downloading: https://repo.maven.apache.org/maven2/log4j/log4j/1.2.12/log4j-1.2.12.jar
[INFO] Downloaded: https://repo.maven.apache.org/maven2/org/codehaus/plexus/plexus-compiler-javac/2.2/plexus-compiler-javac-2.2.jar (19 KB at 197.1 KB/sec)
[INFO] Downloading: https://repo.maven.apache.org/maven2/commons-logging/commons-logging-api/1.1/commons-logging-api-1.1.jar
[INFO] Downloaded: https://repo.maven.apache.org/maven2/org/apache/maven/shared/maven-shared-utils/0.1/maven-shared-utils-0.1.jar (151 KB at 1226.8 KB/sec)
[INFO] Downloading: https://repo.maven.apache.org/maven2/com/google/collections/google-collections/1.0/google-collections-1.0.jar
[INFO] Downloaded: https://repo.maven.apache.org/maven2/org/codehaus/plexus/plexus-utils/1.5.1/plexus-utils-1.5.1.jar (206 KB at 1318.9 KB/sec)
[INFO] Downloading: https://repo.maven.apache.org/maven2/junit/junit/3.8.2/junit-3.8.2.jar
[INFO] Downloaded: https://repo.maven.apache.org/maven2/commons-logging/commons-logging-api/1.1/commons-logging-api-1.1.jar (44 KB at 275.7 KB/sec)
[INFO] Downloaded: https://repo.maven.apache.org/maven2/org/apache/xbean/xbean-reflect/3.4/xbean-reflect-3.4.jar (131 KB at 782.6 KB/sec)
[INFO] Downloaded: https://repo.maven.apache.org/maven2/junit/junit/3.8.2/junit-3.8.2.jar (118 KB at 409.1 KB/sec)
[INFO] Downloaded: https://repo.maven.apache.org/maven2/log4j/log4j/1.2.12/log4j-1.2.12.jar (350 KB at 968.7 KB/sec)
[INFO] Downloaded: https://repo.maven.apache.org/maven2/com/google/collections/google-collections/1.0/google-collections-1.0.jar (625 KB at 1080.6 KB/sec)
[INFO] Changes detected - recompiling the module!
[INFO] Compiling 45 source files to /home/travis/build/davidmoten/rxjava-jdbc/target/classes
[INFO] -------------------------------------------------------------
[ERROR] COMPILATION ERROR : 
[INFO] -------------------------------------------------------------
[ERROR] /home/travis/build/davidmoten/rxjava-jdbc/src/main/java/com/github/davidmoten/rx/jdbc/Util.java:[39,48] cannot find symbol
  symbol:   class SQLRuntimeException
  location: package com.github.davidmoten.rx.jdbc.exceptions
[ERROR] /home/travis/build/davidmoten/rxjava-jdbc/src/main/java/com/github/davidmoten/rx/jdbc/ResultSetCache.java:[9,48] cannot find symbol
  symbol:   class SQLRuntimeException
  location: package com.github.davidmoten.rx.jdbc.exceptions
[ERROR] /home/travis/build/davidmoten/rxjava-jdbc/src/main/java/com/github/davidmoten/rx/jdbc/tuple/Tuples.java:[11,48] cannot find symbol
  symbol:   class SQLRuntimeException
  location: package com.github.davidmoten.rx.jdbc.exceptions
[ERROR] /home/travis/build/davidmoten/rxjava-jdbc/src/main/java/com/github/davidmoten/rx/jdbc/ConnectionProviderFromUrl.java:[7,48] cannot find symbol
  symbol:   class SQLRuntimeException
  location: package com.github.davidmoten.rx.jdbc.exceptions
[ERROR] /home/travis/build/davidmoten/rxjava-jdbc/src/main/java/com/github/davidmoten/rx/jdbc/ConnectionProviderFromContext.java:[11,48] cannot find symbol
  symbol:   class SQLRuntimeException
  location: package com.github.davidmoten.rx.jdbc.exceptions
[ERROR] /home/travis/build/davidmoten/rxjava-jdbc/src/main/java/com/github/davidmoten/rx/jdbc/ConnectionProviderSingletonManualCommit.java:[7,48] cannot find symbol
  symbol:   class SQLRuntimeException
  location: package com.github.davidmoten.rx.jdbc.exceptions
[ERROR] /home/travis/build/davidmoten/rxjava-jdbc/src/main/java/com/github/davidmoten/rx/jdbc/ConnectionProviderFromDataSource.java:[8,48] cannot find symbol
  symbol:   class SQLRuntimeException
  location: package com.github.davidmoten.rx.jdbc.exceptions
[ERROR] /home/travis/build/davidmoten/rxjava-jdbc/src/main/java/com/github/davidmoten/rx/jdbc/ConnectionProviderPooled.java:[7,48] cannot find symbol
  symbol:   class SQLRuntimeException
  location: package com.github.davidmoten.rx.jdbc.exceptions
[ERROR] /home/travis/build/davidmoten/rxjava-jdbc/src/main/java/com/github/davidmoten/rx/jdbc/ConnectionProviderAutoCommitting.java:[6,48] cannot find symbol
  symbol:   class SQLRuntimeException
  location: package com.github.davidmoten.rx.jdbc.exceptions
[ERROR] /home/travis/build/davidmoten/rxjava-jdbc/src/main/java/com/github/davidmoten/rx/jdbc/Util.java:[154,23] cannot find symbol
  symbol:   class SQLRuntimeException
  location: class com.github.davidmoten.rx.jdbc.Util
[ERROR] /home/travis/build/davidmoten/rxjava-jdbc/src/main/java/com/github/davidmoten/rx/jdbc/Util.java:[169,27] cannot find symbol
  symbol:   class SQLRuntimeException
  location: class com.github.davidmoten.rx.jdbc.Util
[ERROR] /home/travis/build/davidmoten/rxjava-jdbc/src/main/java/com/github/davidmoten/rx/jdbc/Util.java:[184,27] cannot find symbol
  symbol:   class SQLRuntimeException
  location: class com.github.davidmoten.rx.jdbc.Util
[ERROR] /home/travis/build/davidmoten/rxjava-jdbc/src/main/java/com/github/davidmoten/rx/jdbc/Util.java:[216,23] cannot find symbol
  symbol:   class SQLRuntimeException
  location: class com.github.davidmoten.rx.jdbc.Util
[ERROR] /home/travis/build/davidmoten/rxjava-jdbc/src/main/java/com/github/davidmoten/rx/jdbc/Util.java:[274,23] cannot find symbol
  symbol:   class SQLRuntimeException
  location: class com.github.davidmoten.rx.jdbc.Util
[ERROR] /home/travis/build/davidmoten/rxjava-jdbc/src/main/java/com/github/davidmoten/rx/jdbc/Util.java:[443,23] cannot find symbol
  symbol:   class SQLRuntimeException
  location: class com.github.davidmoten.rx.jdbc.Util
[ERROR] /home/travis/build/davidmoten/rxjava-jdbc/src/main/java/com/github/davidmoten/rx/jdbc/Util.java:[593,23] cannot find symbol
  symbol:   class SQLRuntimeException
  location: class com.github.davidmoten.rx.jdbc.Util
[ERROR] /home/travis/build/davidmoten/rxjava-jdbc/src/main/java/com/github/davidmoten/rx/jdbc/Util.java:[614,23] cannot find symbol
  symbol:   class SQLRuntimeException
  location: class com.github.davidmoten.rx.jdbc.Util
[ERROR] /home/travis/build/davidmoten/rxjava-jdbc/src/main/java/com/github/davidmoten/rx/jdbc/Util.java:[635,23] cannot find symbol
  symbol:   class SQLRuntimeException
  location: class com.github.davidmoten.rx.jdbc.Util
[ERROR] /home/travis/build/davidmoten/rxjava-jdbc/src/main/java/com/github/davidmoten/rx/jdbc/ResultSetCache.java:[31,23] cannot find symbol
  symbol:   class SQLRuntimeException
  location: class com.github.davidmoten.rx.jdbc.ResultSetCache
[ERROR] /home/travis/build/davidmoten/rxjava-jdbc/src/main/java/com/github/davidmoten/rx/jdbc/tuple/Tuples.java:[138,23] cannot find symbol
  symbol:   class SQLRuntimeException
  location: class com.github.davidmoten.rx.jdbc.tuple.Tuples
[ERROR] /home/travis/build/davidmoten/rxjava-jdbc/src/main/java/com/github/davidmoten/rx/jdbc/ConnectionProviderFromUrl.java:[55,23] cannot find symbol
  symbol:   class SQLRuntimeException
  location: class com.github.davidmoten.rx.jdbc.ConnectionProviderFromUrl
[ERROR] /home/travis/build/davidmoten/rxjava-jdbc/src/main/java/com/github/davidmoten/rx/jdbc/ConnectionProviderFromContext.java:[29,23] cannot find symbol
  symbol:   class SQLRuntimeException
  location: class com.github.davidmoten.rx.jdbc.ConnectionProviderFromContext
[ERROR] /home/travis/build/davidmoten/rxjava-jdbc/src/main/java/com/github/davidmoten/rx/jdbc/ConnectionProviderSingletonManualCommit.java:[47,27] cannot find symbol
  symbol:   class SQLRuntimeException
  location: class com.github.davidmoten.rx.jdbc.ConnectionProviderSingletonManualCommit
[ERROR] /home/travis/build/davidmoten/rxjava-jdbc/src/main/java/com/github/davidmoten/rx/jdbc/ConnectionProviderFromDataSource.java:[23,23] cannot find symbol
  symbol:   class SQLRuntimeException
  location: class com.github.davidmoten.rx.jdbc.ConnectionProviderFromDataSource
[ERROR] /home/travis/build/davidmoten/rxjava-jdbc/src/main/java/com/github/davidmoten/rx/jdbc/ConnectionProviderPooled.java:[82,23] cannot find symbol
  symbol:   class SQLRuntimeException
  location: class com.github.davidmoten.rx.jdbc.ConnectionProviderPooled
[ERROR] /home/travis/build/davidmoten/rxjava-jdbc/src/main/java/com/github/davidmoten/rx/jdbc/ConnectionProviderAutoCommitting.java:[34,23] cannot find symbol
  symbol:   class SQLRuntimeException
  location: class com.github.davidmoten.rx.jdbc.ConnectionProviderAutoCommitting
[INFO] 26 errors 
[INFO] -------------------------------------------------------------
[INFO] ------------------------------------------------------------------------
[INFO] BUILD FAILURE
[INFO] ------------------------------------------------------------------------
[INFO] Total time: 20.498 s
[INFO] Finished at: 2015-06-04T08:01:51+00:00
[INFO] Final Memory: 21M/188M
[INFO] ------------------------------------------------------------------------
[ERROR] Failed to execute goal org.apache.maven.plugins:maven-compiler-plugin:3.1:compile (default-compile) on project rxjava-jdbc: Compilation failure: Compilation failure:
[ERROR] /home/travis/build/davidmoten/rxjava-jdbc/src/main/java/com/github/davidmoten/rx/jdbc/Util.java:[39,48] cannot find symbol
[ERROR] symbol:   class SQLRuntimeException
[ERROR] location: package com.github.davidmoten.rx.jdbc.exceptions
[ERROR] /home/travis/build/davidmoten/rxjava-jdbc/src/main/java/com/github/davidmoten/rx/jdbc/ResultSetCache.java:[9,48] cannot find symbol
[ERROR] symbol:   class SQLRuntimeException
[ERROR] location: package com.github.davidmoten.rx.jdbc.exceptions
[ERROR] /home/travis/build/davidmoten/rxjava-jdbc/src/main/java/com/github/davidmoten/rx/jdbc/tuple/Tuples.java:[11,48] cannot find symbol
[ERROR] symbol:   class SQLRuntimeException
[ERROR] location: package com.github.davidmoten.rx.jdbc.exceptions
[ERROR] /home/travis/build/davidmoten/rxjava-jdbc/src/main/java/com/github/davidmoten/rx/jdbc/ConnectionProviderFromUrl.java:[7,48] cannot find symbol
[ERROR] symbol:   class SQLRuntimeException
[ERROR] location: package com.github.davidmoten.rx.jdbc.exceptions
[ERROR] /home/travis/build/davidmoten/rxjava-jdbc/src/main/java/com/github/davidmoten/rx/jdbc/ConnectionProviderFromContext.java:[11,48] cannot find symbol
[ERROR] symbol:   class SQLRuntimeException
[ERROR] location: package com.github.davidmoten.rx.jdbc.exceptions
[ERROR] /home/travis/build/davidmoten/rxjava-jdbc/src/main/java/com/github/davidmoten/rx/jdbc/ConnectionProviderSingletonManualCommit.java:[7,48] cannot find symbol
[ERROR] symbol:   class SQLRuntimeException
[ERROR] location: package com.github.davidmoten.rx.jdbc.exceptions
[ERROR] /home/travis/build/davidmoten/rxjava-jdbc/src/main/java/com/github/davidmoten/rx/jdbc/ConnectionProviderFromDataSource.java:[8,48] cannot find symbol
[ERROR] symbol:   class SQLRuntimeException
[ERROR] location: package com.github.davidmoten.rx.jdbc.exceptions
[ERROR] /home/travis/build/davidmoten/rxjava-jdbc/src/main/java/com/github/davidmoten/rx/jdbc/ConnectionProviderPooled.java:[7,48] cannot find symbol
[ERROR] symbol:   class SQLRuntimeException
[ERROR] location: package com.github.davidmoten.rx.jdbc.exceptions
[ERROR] /home/travis/build/davidmoten/rxjava-jdbc/src/main/java/com/github/davidmoten/rx/jdbc/ConnectionProviderAutoCommitting.java:[6,48] cannot find symbol
[ERROR] symbol:   class SQLRuntimeException
[ERROR] location: package com.github.davidmoten.rx.jdbc.exceptions
[ERROR] /home/travis/build/davidmoten/rxjava-jdbc/src/main/java/com/github/davidmoten/rx/jdbc/Util.java:[154,23] cannot find symbol
[ERROR] symbol:   class SQLRuntimeException
[ERROR] location: class com.github.davidmoten.rx.jdbc.Util
[ERROR] /home/travis/build/davidmoten/rxjava-jdbc/src/main/java/com/github/davidmoten/rx/jdbc/Util.java:[169,27] cannot find symbol
[ERROR] symbol:   class SQLRuntimeException
[ERROR] location: class com.github.davidmoten.rx.jdbc.Util
[ERROR] /home/travis/build/davidmoten/rxjava-jdbc/src/main/java/com/github/davidmoten/rx/jdbc/Util.java:[184,27] cannot find symbol
[ERROR] symbol:   class SQLRuntimeException
[ERROR] location: class com.github.davidmoten.rx.jdbc.Util
[ERROR] /home/travis/build/davidmoten/rxjava-jdbc/src/main/java/com/github/davidmoten/rx/jdbc/Util.java:[216,23] cannot find symbol
[ERROR] symbol:   class SQLRuntimeException
[ERROR] location: class com.github.davidmoten.rx.jdbc.Util
[ERROR] /home/travis/build/davidmoten/rxjava-jdbc/src/main/java/com/github/davidmoten/rx/jdbc/Util.java:[274,23] cannot find symbol
[ERROR] symbol:   class SQLRuntimeException
[ERROR] location: class com.github.davidmoten.rx.jdbc.Util
[ERROR] /home/travis/build/davidmoten/rxjava-jdbc/src/main/java/com/github/davidmoten/rx/jdbc/Util.java:[443,23] cannot find symbol
[ERROR] symbol:   class SQLRuntimeException
[ERROR] location: class com.github.davidmoten.rx.jdbc.Util
[ERROR] /home/travis/build/davidmoten/rxjava-jdbc/src/main/java/com/github/davidmoten/rx/jdbc/Util.java:[593,23] cannot find symbol
[ERROR] symbol:   class SQLRuntimeException
[ERROR] location: class com.github.davidmoten.rx.jdbc.Util
[ERROR] /home/travis/build/davidmoten/rxjava-jdbc/src/main/java/com/github/davidmoten/rx/jdbc/Util.java:[614,23] cannot find symbol
[ERROR] symbol:   class SQLRuntimeException
[ERROR] location: class com.github.davidmoten.rx.jdbc.Util
[ERROR] /home/travis/build/davidmoten/rxjava-jdbc/src/main/java/com/github/davidmoten/rx/jdbc/Util.java:[635,23] cannot find symbol
[ERROR] symbol:   class SQLRuntimeException
[ERROR] location: class com.github.davidmoten.rx.jdbc.Util
[ERROR] /home/travis/build/davidmoten/rxjava-jdbc/src/main/java/com/github/davidmoten/rx/jdbc/ResultSetCache.java:[31,23] cannot find symbol
[ERROR] symbol:   class SQLRuntimeException
[ERROR] location: class com.github.davidmoten.rx.jdbc.ResultSetCache
[ERROR] /home/travis/build/davidmoten/rxjava-jdbc/src/main/java/com/github/davidmoten/rx/jdbc/tuple/Tuples.java:[138,23] cannot find symbol
[ERROR] symbol:   class SQLRuntimeException
[ERROR] location: class com.github.davidmoten.rx.jdbc.tuple.Tuples
[ERROR] /home/travis/build/davidmoten/rxjava-jdbc/src/main/java/com/github/davidmoten/rx/jdbc/ConnectionProviderFromUrl.java:[55,23] cannot find symbol
[ERROR] symbol:   class SQLRuntimeException
[ERROR] location: class com.github.davidmoten.rx.jdbc.ConnectionProviderFromUrl
[ERROR] /home/travis/build/davidmoten/rxjava-jdbc/src/main/java/com/github/davidmoten/rx/jdbc/ConnectionProviderFromContext.java:[29,23] cannot find symbol
[ERROR] symbol:   class SQLRuntimeException
[ERROR] location: class com.github.davidmoten.rx.jdbc.ConnectionProviderFromContext
[ERROR] /home/travis/build/davidmoten/rxjava-jdbc/src/main/java/com/github/davidmoten/rx/jdbc/ConnectionProviderSingletonManualCommit.java:[47,27] cannot find symbol
[ERROR] symbol:   class SQLRuntimeException
[ERROR] location: class com.github.davidmoten.rx.jdbc.ConnectionProviderSingletonManualCommit
[ERROR] /home/travis/build/davidmoten/rxjava-jdbc/src/main/java/com/github/davidmoten/rx/jdbc/ConnectionProviderFromDataSource.java:[23,23] cannot find symbol
[ERROR] symbol:   class SQLRuntimeException
[ERROR] location: class com.github.davidmoten.rx.jdbc.ConnectionProviderFromDataSource
[ERROR] /home/travis/build/davidmoten/rxjava-jdbc/src/main/java/com/github/davidmoten/rx/jdbc/ConnectionProviderPooled.java:[82,23] cannot find symbol
[ERROR] symbol:   class SQLRuntimeException
[ERROR] location: class com.github.davidmoten.rx.jdbc.ConnectionProviderPooled
[ERROR] /home/travis/build/davidmoten/rxjava-jdbc/src/main/java/com/github/davidmoten/rx/jdbc/ConnectionProviderAutoCommitting.java:[34,23] cannot find symbol
[ERROR] symbol:   class SQLRuntimeException
[ERROR] location: class com.github.davidmoten.rx.jdbc.ConnectionProviderAutoCommitting
[ERROR] -> [Help 1]
[ERROR] 
[ERROR] To see the full stack trace of the errors, re-run Maven with the -e switch.
[ERROR] Re-run Maven using the -X switch to enable full debug logging.
[ERROR] 
[ERROR] For more information about the errors and possible solutions, please read the following articles:
[ERROR] [Help 1] http://cwiki.apache.org/confluence/display/MAVEN/MojoFailureException

[31;1mThe command "eval mvn install -DskipTests=true -Dmaven.javadoc.skip=true -B -V" failed. Retrying, 2 of 3.[0m

Java HotSpot(TM) 64-Bit Server VM warning: ignoring option MaxPermSize=192m; support was removed in 8.0
Apache Maven 3.2.5 (12a6b3acb947671f09b81f49094c53f426d8cea1; 2014-12-14T17:29:23+00:00)
Maven home: /usr/local/maven
Java version: 1.8.0_31, vendor: Oracle Corporation
Java home: /usr/lib/jvm/java-8-oracle/jre
Default locale: en_US, platform encoding: UTF-8
OS name: "linux", version: "2.6.32-042stab090.5", arch: "amd64", family: "unix"
[INFO] Scanning for projects...
[INFO] Inspecting build with total of 1 modules...
[INFO] Installing Nexus Staging features:
[INFO]   ... total of 1 executions of maven-deploy-plugin replaced with nexus-staging-maven-plugin
[INFO]                                                                         
[INFO] ------------------------------------------------------------------------
[INFO] Building rxjava-jdbc 0.5.11-SNAPSHOT
[INFO] ------------------------------------------------------------------------
[INFO] 
[INFO] --- maven-resources-plugin:2.6:resources (default-resources) @ rxjava-jdbc ---
[INFO] Using 'UTF-8' encoding to copy filtered resources.
[INFO] skip non existing resourceDirectory /home/travis/build/davidmoten/rxjava-jdbc/src/main/resources
[INFO] 
[INFO] --- maven-compiler-plugin:3.1:compile (default-compile) @ rxjava-jdbc ---
[INFO] Changes detected - recompiling the module!
[INFO] Compiling 45 source files to /home/travis/build/davidmoten/rxjava-jdbc/target/classes
[INFO] -------------------------------------------------------------
[ERROR] COMPILATION ERROR : 
[INFO] -------------------------------------------------------------
[ERROR] /home/travis/build/davidmoten/rxjava-jdbc/src/main/java/com/github/davidmoten/rx/jdbc/Util.java:[39,48] cannot find symbol
  symbol:   class SQLRuntimeException
  location: package com.github.davidmoten.rx.jdbc.exceptions
[ERROR] /home/travis/build/davidmoten/rxjava-jdbc/src/main/java/com/github/davidmoten/rx/jdbc/ResultSetCache.java:[9,48] cannot find symbol
  symbol:   class SQLRuntimeException
  location: package com.github.davidmoten.rx.jdbc.exceptions
[ERROR] /home/travis/build/davidmoten/rxjava-jdbc/src/main/java/com/github/davidmoten/rx/jdbc/tuple/Tuples.java:[11,48] cannot find symbol
  symbol:   class SQLRuntimeException
  location: package com.github.davidmoten.rx.jdbc.exceptions
[ERROR] /home/travis/build/davidmoten/rxjava-jdbc/src/main/java/com/github/davidmoten/rx/jdbc/ConnectionProviderFromUrl.java:[7,48] cannot find symbol
  symbol:   class SQLRuntimeException
  location: package com.github.davidmoten.rx.jdbc.exceptions
[ERROR] /home/travis/build/davidmoten/rxjava-jdbc/src/main/java/com/github/davidmoten/rx/jdbc/ConnectionProviderFromContext.java:[11,48] cannot find symbol
  symbol:   class SQLRuntimeException
  location: package com.github.davidmoten.rx.jdbc.exceptions
[ERROR] /home/travis/build/davidmoten/rxjava-jdbc/src/main/java/com/github/davidmoten/rx/jdbc/ConnectionProviderSingletonManualCommit.java:[7,48] cannot find symbol
  symbol:   class SQLRuntimeException
  location: package com.github.davidmoten.rx.jdbc.exceptions
[ERROR] /home/travis/build/davidmoten/rxjava-jdbc/src/main/java/com/github/davidmoten/rx/jdbc/ConnectionProviderFromDataSource.java:[8,48] cannot find symbol
  symbol:   class SQLRuntimeException
  location: package com.github.davidmoten.rx.jdbc.exceptions
[ERROR] /home/travis/build/davidmoten/rxjava-jdbc/src/main/java/com/github/davidmoten/rx/jdbc/ConnectionProviderPooled.java:[7,48] cannot find symbol
  symbol:   class SQLRuntimeException
  location: package com.github.davidmoten.rx.jdbc.exceptions
[ERROR] /home/travis/build/davidmoten/rxjava-jdbc/src/main/java/com/github/davidmoten/rx/jdbc/ConnectionProviderAutoCommitting.java:[6,48] cannot find symbol
  symbol:   class SQLRuntimeException
  location: package com.github.davidmoten.rx.jdbc.exceptions
[ERROR] /home/travis/build/davidmoten/rxjava-jdbc/src/main/java/com/github/davidmoten/rx/jdbc/Util.java:[154,23] cannot find symbol
  symbol:   class SQLRuntimeException
  location: class com.github.davidmoten.rx.jdbc.Util
[ERROR] /home/travis/build/davidmoten/rxjava-jdbc/src/main/java/com/github/davidmoten/rx/jdbc/Util.java:[169,27] cannot find symbol
  symbol:   class SQLRuntimeException
  location: class com.github.davidmoten.rx.jdbc.Util
[ERROR] /home/travis/build/davidmoten/rxjava-jdbc/src/main/java/com/github/davidmoten/rx/jdbc/Util.java:[184,27] cannot find symbol
  symbol:   class SQLRuntimeException
  location: class com.github.davidmoten.rx.jdbc.Util
[ERROR] /home/travis/build/davidmoten/rxjava-jdbc/src/main/java/com/github/davidmoten/rx/jdbc/Util.java:[216,23] cannot find symbol
  symbol:   class SQLRuntimeException
  location: class com.github.davidmoten.rx.jdbc.Util
[ERROR] /home/travis/build/davidmoten/rxjava-jdbc/src/main/java/com/github/davidmoten/rx/jdbc/Util.java:[274,23] cannot find symbol
  symbol:   class SQLRuntimeException
  location: class com.github.davidmoten.rx.jdbc.Util
[ERROR] /home/travis/build/davidmoten/rxjava-jdbc/src/main/java/com/github/davidmoten/rx/jdbc/Util.java:[443,23] cannot find symbol
  symbol:   class SQLRuntimeException
  location: class com.github.davidmoten.rx.jdbc.Util
[ERROR] /home/travis/build/davidmoten/rxjava-jdbc/src/main/java/com/github/davidmoten/rx/jdbc/Util.java:[593,23] cannot find symbol
  symbol:   class SQLRuntimeException
  location: class com.github.davidmoten.rx.jdbc.Util
[ERROR] /home/travis/build/davidmoten/rxjava-jdbc/src/main/java/com/github/davidmoten/rx/jdbc/Util.java:[614,23] cannot find symbol
  symbol:   class SQLRuntimeException
  location: class com.github.davidmoten.rx.jdbc.Util
[ERROR] /home/travis/build/davidmoten/rxjava-jdbc/src/main/java/com/github/davidmoten/rx/jdbc/Util.java:[635,23] cannot find symbol
  symbol:   class SQLRuntimeException
  location: class com.github.davidmoten.rx.jdbc.Util
[ERROR] /home/travis/build/davidmoten/rxjava-jdbc/src/main/java/com/github/davidmoten/rx/jdbc/ResultSetCache.java:[31,23] cannot find symbol
  symbol:   class SQLRuntimeException
  location: class com.github.davidmoten.rx.jdbc.ResultSetCache
[ERROR] /home/travis/build/davidmoten/rxjava-jdbc/src/main/java/com/github/davidmoten/rx/jdbc/tuple/Tuples.java:[138,23] cannot find symbol
  symbol:   class SQLRuntimeException
  location: class com.github.davidmoten.rx.jdbc.tuple.Tuples
[ERROR] /home/travis/build/davidmoten/rxjava-jdbc/src/main/java/com/github/davidmoten/rx/jdbc/ConnectionProviderFromUrl.java:[55,23] cannot find symbol
  symbol:   class SQLRuntimeException
  location: class com.github.davidmoten.rx.jdbc.ConnectionProviderFromUrl
[ERROR] /home/travis/build/davidmoten/rxjava-jdbc/src/main/java/com/github/davidmoten/rx/jdbc/ConnectionProviderFromContext.java:[29,23] cannot find symbol
  symbol:   class SQLRuntimeException
  location: class com.github.davidmoten.rx.jdbc.ConnectionProviderFromContext
[ERROR] /home/travis/build/davidmoten/rxjava-jdbc/src/main/java/com/github/davidmoten/rx/jdbc/ConnectionProviderSingletonManualCommit.java:[47,27] cannot find symbol
  symbol:   class SQLRuntimeException
  location: class com.github.davidmoten.rx.jdbc.ConnectionProviderSingletonManualCommit
[ERROR] /home/travis/build/davidmoten/rxjava-jdbc/src/main/java/com/github/davidmoten/rx/jdbc/ConnectionProviderFromDataSource.java:[23,23] cannot find symbol
  symbol:   class SQLRuntimeException
  location: class com.github.davidmoten.rx.jdbc.ConnectionProviderFromDataSource
[ERROR] /home/travis/build/davidmoten/rxjava-jdbc/src/main/java/com/github/davidmoten/rx/jdbc/ConnectionProviderPooled.java:[82,23] cannot find symbol
  symbol:   class SQLRuntimeException
  location: class com.github.davidmoten.rx.jdbc.ConnectionProviderPooled
[ERROR] /home/travis/build/davidmoten/rxjava-jdbc/src/main/java/com/github/davidmoten/rx/jdbc/ConnectionProviderAutoCommitting.java:[34,23] cannot find symbol
  symbol:   class SQLRuntimeException
  location: class com.github.davidmoten.rx.jdbc.ConnectionProviderAutoCommitting
[INFO] 26 errors 
[INFO] -------------------------------------------------------------
[INFO] ------------------------------------------------------------------------
[INFO] BUILD FAILURE
[INFO] ------------------------------------------------------------------------
[INFO] Total time: 4.017 s
[INFO] Finished at: 2015-06-04T08:02:07+00:00
[INFO] Final Memory: 17M/190M
[INFO] ------------------------------------------------------------------------
[ERROR] Failed to execute goal org.apache.maven.plugins:maven-compiler-plugin:3.1:compile (default-compile) on project rxjava-jdbc: Compilation failure: Compilation failure:
[ERROR] /home/travis/build/davidmoten/rxjava-jdbc/src/main/java/com/github/davidmoten/rx/jdbc/Util.java:[39,48] cannot find symbol
[ERROR] symbol:   class SQLRuntimeException
[ERROR] location: package com.github.davidmoten.rx.jdbc.exceptions
[ERROR] /home/travis/build/davidmoten/rxjava-jdbc/src/main/java/com/github/davidmoten/rx/jdbc/ResultSetCache.java:[9,48] cannot find symbol
[ERROR] symbol:   class SQLRuntimeException
[ERROR] location: package com.github.davidmoten.rx.jdbc.exceptions
[ERROR] /home/travis/build/davidmoten/rxjava-jdbc/src/main/java/com/github/davidmoten/rx/jdbc/tuple/Tuples.java:[11,48] cannot find symbol
[ERROR] symbol:   class SQLRuntimeException
[ERROR] location: package com.github.davidmoten.rx.jdbc.exceptions
[ERROR] /home/travis/build/davidmoten/rxjava-jdbc/src/main/java/com/github/davidmoten/rx/jdbc/ConnectionProviderFromUrl.java:[7,48] cannot find symbol
[ERROR] symbol:   class SQLRuntimeException
[ERROR] location: package com.github.davidmoten.rx.jdbc.exceptions
[ERROR] /home/travis/build/davidmoten/rxjava-jdbc/src/main/java/com/github/davidmoten/rx/jdbc/ConnectionProviderFromContext.java:[11,48] cannot find symbol
[ERROR] symbol:   class SQLRuntimeException
[ERROR] location: package com.github.davidmoten.rx.jdbc.exceptions
[ERROR] /home/travis/build/davidmoten/rxjava-jdbc/src/main/java/com/github/davidmoten/rx/jdbc/ConnectionProviderSingletonManualCommit.java:[7,48] cannot find symbol
[ERROR] symbol:   class SQLRuntimeException
[ERROR] location: package com.github.davidmoten.rx.jdbc.exceptions
[ERROR] /home/travis/build/davidmoten/rxjava-jdbc/src/main/java/com/github/davidmoten/rx/jdbc/ConnectionProviderFromDataSource.java:[8,48] cannot find symbol
[ERROR] symbol:   class SQLRuntimeException
[ERROR] location: package com.github.davidmoten.rx.jdbc.exceptions
[ERROR] /home/travis/build/davidmoten/rxjava-jdbc/src/main/java/com/github/davidmoten/rx/jdbc/ConnectionProviderPooled.java:[7,48] cannot find symbol
[ERROR] symbol:   class SQLRuntimeException
[ERROR] location: package com.github.davidmoten.rx.jdbc.exceptions
[ERROR] /home/travis/build/davidmoten/rxjava-jdbc/src/main/java/com/github/davidmoten/rx/jdbc/ConnectionProviderAutoCommitting.java:[6,48] cannot find symbol
[ERROR] symbol:   class SQLRuntimeException
[ERROR] location: package com.github.davidmoten.rx.jdbc.exceptions
[ERROR] /home/travis/build/davidmoten/rxjava-jdbc/src/main/java/com/github/davidmoten/rx/jdbc/Util.java:[154,23] cannot find symbol
[ERROR] symbol:   class SQLRuntimeException
[ERROR] location: class com.github.davidmoten.rx.jdbc.Util
[ERROR] /home/travis/build/davidmoten/rxjava-jdbc/src/main/java/com/github/davidmoten/rx/jdbc/Util.java:[169,27] cannot find symbol
[ERROR] symbol:   class SQLRuntimeException
[ERROR] location: class com.github.davidmoten.rx.jdbc.Util
[ERROR] /home/travis/build/davidmoten/rxjava-jdbc/src/main/java/com/github/davidmoten/rx/jdbc/Util.java:[184,27] cannot find symbol
[ERROR] symbol:   class SQLRuntimeException
[ERROR] location: class com.github.davidmoten.rx.jdbc.Util
[ERROR] /home/travis/build/davidmoten/rxjava-jdbc/src/main/java/com/github/davidmoten/rx/jdbc/Util.java:[216,23] cannot find symbol
[ERROR] symbol:   class SQLRuntimeException
[ERROR] location: class com.github.davidmoten.rx.jdbc.Util
[ERROR] /home/travis/build/davidmoten/rxjava-jdbc/src/main/java/com/github/davidmoten/rx/jdbc/Util.java:[274,23] cannot find symbol
[ERROR] symbol:   class SQLRuntimeException
[ERROR] location: class com.github.davidmoten.rx.jdbc.Util
[ERROR] /home/travis/build/davidmoten/rxjava-jdbc/src/main/java/com/github/davidmoten/rx/jdbc/Util.java:[443,23] cannot find symbol
[ERROR] symbol:   class SQLRuntimeException
[ERROR] location: class com.github.davidmoten.rx.jdbc.Util
[ERROR] /home/travis/build/davidmoten/rxjava-jdbc/src/main/java/com/github/davidmoten/rx/jdbc/Util.java:[593,23] cannot find symbol
[ERROR] symbol:   class SQLRuntimeException
[ERROR] location: class com.github.davidmoten.rx.jdbc.Util
[ERROR] /home/travis/build/davidmoten/rxjava-jdbc/src/main/java/com/github/davidmoten/rx/jdbc/Util.java:[614,23] cannot find symbol
[ERROR] symbol:   class SQLRuntimeException
[ERROR] location: class com.github.davidmoten.rx.jdbc.Util
[ERROR] /home/travis/build/davidmoten/rxjava-jdbc/src/main/java/com/github/davidmoten/rx/jdbc/Util.java:[635,23] cannot find symbol
[ERROR] symbol:   class SQLRuntimeException
[ERROR] location: class com.github.davidmoten.rx.jdbc.Util
[ERROR] /home/travis/build/davidmoten/rxjava-jdbc/src/main/java/com/github/davidmoten/rx/jdbc/ResultSetCache.java:[31,23] cannot find symbol
[ERROR] symbol:   class SQLRuntimeException
[ERROR] location: class com.github.davidmoten.rx.jdbc.ResultSetCache
[ERROR] /home/travis/build/davidmoten/rxjava-jdbc/src/main/java/com/github/davidmoten/rx/jdbc/tuple/Tuples.java:[138,23] cannot find symbol
[ERROR] symbol:   class SQLRuntimeException
[ERROR] location: class com.github.davidmoten.rx.jdbc.tuple.Tuples
[ERROR] /home/travis/build/davidmoten/rxjava-jdbc/src/main/java/com/github/davidmoten/rx/jdbc/ConnectionProviderFromUrl.java:[55,23] cannot find symbol
[ERROR] symbol:   class SQLRuntimeException
[ERROR] location: class com.github.davidmoten.rx.jdbc.ConnectionProviderFromUrl
[ERROR] /home/travis/build/davidmoten/rxjava-jdbc/src/main/java/com/github/davidmoten/rx/jdbc/ConnectionProviderFromContext.java:[29,23] cannot find symbol
[ERROR] symbol:   class SQLRuntimeException
[ERROR] location: class com.github.davidmoten.rx.jdbc.ConnectionProviderFromContext
[ERROR] /home/travis/build/davidmoten/rxjava-jdbc/src/main/java/com/github/davidmoten/rx/jdbc/ConnectionProviderSingletonManualCommit.java:[47,27] cannot find symbol
[ERROR] symbol:   class SQLRuntimeException
[ERROR] location: class com.github.davidmoten.rx.jdbc.ConnectionProviderSingletonManualCommit
[ERROR] /home/travis/build/davidmoten/rxjava-jdbc/src/main/java/com/github/davidmoten/rx/jdbc/ConnectionProviderFromDataSource.java:[23,23] cannot find symbol
[ERROR] symbol:   class SQLRuntimeException
[ERROR] location: class com.github.davidmoten.rx.jdbc.ConnectionProviderFromDataSource
[ERROR] /home/travis/build/davidmoten/rxjava-jdbc/src/main/java/com/github/davidmoten/rx/jdbc/ConnectionProviderPooled.java:[82,23] cannot find symbol
[ERROR] symbol:   class SQLRuntimeException
[ERROR] location: class com.github.davidmoten.rx.jdbc.ConnectionProviderPooled
[ERROR] /home/travis/build/davidmoten/rxjava-jdbc/src/main/java/com/github/davidmoten/rx/jdbc/ConnectionProviderAutoCommitting.java:[34,23] cannot find symbol
[ERROR] symbol:   class SQLRuntimeException
[ERROR] location: class com.github.davidmoten.rx.jdbc.ConnectionProviderAutoCommitting
[ERROR] -> [Help 1]
[ERROR] 
[ERROR] To see the full stack trace of the errors, re-run Maven with the -e switch.
[ERROR] Re-run Maven using the -X switch to enable full debug logging.
[ERROR] 
[ERROR] For more information about the errors and possible solutions, please read the following articles:
[ERROR] [Help 1] http://cwiki.apache.org/confluence/display/MAVEN/MojoFailureException

[31;1mThe command "eval mvn install -DskipTests=true -Dmaven.javadoc.skip=true -B -V" failed. Retrying, 3 of 3.[0m

Java HotSpot(TM) 64-Bit Server VM warning: ignoring option MaxPermSize=192m; support was removed in 8.0
Apache Maven 3.2.5 (12a6b3acb947671f09b81f49094c53f426d8cea1; 2014-12-14T17:29:23+00:00)
Maven home: /usr/local/maven
Java version: 1.8.0_31, vendor: Oracle Corporation
Java home: /usr/lib/jvm/java-8-oracle/jre
Default locale: en_US, platform encoding: UTF-8
OS name: "linux", version: "2.6.32-042stab090.5", arch: "amd64", family: "unix"
[INFO] Scanning for projects...
[INFO] Inspecting build with total of 1 modules...
[INFO] Installing Nexus Staging features:
[INFO]   ... total of 1 executions of maven-deploy-plugin replaced with nexus-staging-maven-plugin
[INFO]                                                                         
[INFO] ------------------------------------------------------------------------
[INFO] Building rxjava-jdbc 0.5.11-SNAPSHOT
[INFO] ------------------------------------------------------------------------
[INFO] 
[INFO] --- maven-resources-plugin:2.6:resources (default-resources) @ rxjava-jdbc ---
[INFO] Using 'UTF-8' encoding to copy filtered resources.
[INFO] skip non existing resourceDirectory /home/travis/build/davidmoten/rxjava-jdbc/src/main/resources
[INFO] 
[INFO] --- maven-compiler-plugin:3.1:compile (default-compile) @ rxjava-jdbc ---
[INFO] Changes detected - recompiling the module!
[INFO] Compiling 45 source files to /home/travis/build/davidmoten/rxjava-jdbc/target/classes
[INFO] -------------------------------------------------------------
[ERROR] COMPILATION ERROR : 
[INFO] -------------------------------------------------------------
[ERROR] /home/travis/build/davidmoten/rxjava-jdbc/src/main/java/com/github/davidmoten/rx/jdbc/Util.java:[39,48] cannot find symbol
  symbol:   class SQLRuntimeException
  location: package com.github.davidmoten.rx.jdbc.exceptions
[ERROR] /home/travis/build/davidmoten/rxjava-jdbc/src/main/java/com/github/davidmoten/rx/jdbc/ResultSetCache.java:[9,48] cannot find symbol
  symbol:   class SQLRuntimeException
  location: package com.github.davidmoten.rx.jdbc.exceptions
[ERROR] /home/travis/build/davidmoten/rxjava-jdbc/src/main/java/com/github/davidmoten/rx/jdbc/tuple/Tuples.java:[11,48] cannot find symbol
  symbol:   class SQLRuntimeException
  location: package com.github.davidmoten.rx.jdbc.exceptions
[ERROR] /home/travis/build/davidmoten/rxjava-jdbc/src/main/java/com/github/davidmoten/rx/jdbc/ConnectionProviderFromUrl.java:[7,48] cannot find symbol
  symbol:   class SQLRuntimeException
  location: package com.github.davidmoten.rx.jdbc.exceptions
[ERROR] /home/travis/build/davidmoten/rxjava-jdbc/src/main/java/com/github/davidmoten/rx/jdbc/ConnectionProviderFromContext.java:[11,48] cannot find symbol
  symbol:   class SQLRuntimeException
  location: package com.github.davidmoten.rx.jdbc.exceptions
[ERROR] /home/travis/build/davidmoten/rxjava-jdbc/src/main/java/com/github/davidmoten/rx/jdbc/ConnectionProviderSingletonManualCommit.java:[7,48] cannot find symbol
  symbol:   class SQLRuntimeException
  location: package com.github.davidmoten.rx.jdbc.exceptions
[ERROR] /home/travis/build/davidmoten/rxjava-jdbc/src/main/java/com/github/davidmoten/rx/jdbc/ConnectionProviderFromDataSource.java:[8,48] cannot find symbol
  symbol:   class SQLRuntimeException
  location: package com.github.davidmoten.rx.jdbc.exceptions
[ERROR] /home/travis/build/davidmoten/rxjava-jdbc/src/main/java/com/github/davidmoten/rx/jdbc/ConnectionProviderPooled.java:[7,48] cannot find symbol
  symbol:   class SQLRuntimeException
  location: package com.github.davidmoten.rx.jdbc.exceptions
[ERROR] /home/travis/build/davidmoten/rxjava-jdbc/src/main/java/com/github/davidmoten/rx/jdbc/ConnectionProviderAutoCommitting.java:[6,48] cannot find symbol
  symbol:   class SQLRuntimeException
  location: package com.github.davidmoten.rx.jdbc.exceptions
[ERROR] /home/travis/build/davidmoten/rxjava-jdbc/src/main/java/com/github/davidmoten/rx/jdbc/Util.java:[154,23] cannot find symbol
  symbol:   class SQLRuntimeException
  location: class com.github.davidmoten.rx.jdbc.Util
[ERROR] /home/travis/build/davidmoten/rxjava-jdbc/src/main/java/com/github/davidmoten/rx/jdbc/Util.java:[169,27] cannot find symbol
  symbol:   class SQLRuntimeException
  location: class com.github.davidmoten.rx.jdbc.Util
[ERROR] /home/travis/build/davidmoten/rxjava-jdbc/src/main/java/com/github/davidmoten/rx/jdbc/Util.java:[184,27] cannot find symbol
  symbol:   class SQLRuntimeException
  location: class com.github.davidmoten.rx.jdbc.Util
[ERROR] /home/travis/build/davidmoten/rxjava-jdbc/src/main/java/com/github/davidmoten/rx/jdbc/Util.java:[216,23] cannot find symbol
  symbol:   class SQLRuntimeException
  location: class com.github.davidmoten.rx.jdbc.Util
[ERROR] /home/travis/build/davidmoten/rxjava-jdbc/src/main/java/com/github/davidmoten/rx/jdbc/Util.java:[274,23] cannot find symbol
  symbol:   class SQLRuntimeException
  location: class com.github.davidmoten.rx.jdbc.Util
[ERROR] /home/travis/build/davidmoten/rxjava-jdbc/src/main/java/com/github/davidmoten/rx/jdbc/Util.java:[443,23] cannot find symbol
  symbol:   class SQLRuntimeException
  location: class com.github.davidmoten.rx.jdbc.Util
[ERROR] /home/travis/build/davidmoten/rxjava-jdbc/src/main/java/com/github/davidmoten/rx/jdbc/Util.java:[593,23] cannot find symbol
  symbol:   class SQLRuntimeException
  location: class com.github.davidmoten.rx.jdbc.Util
[ERROR] /home/travis/build/davidmoten/rxjava-jdbc/src/main/java/com/github/davidmoten/rx/jdbc/Util.java:[614,23] cannot find symbol
  symbol:   class SQLRuntimeException
  location: class com.github.davidmoten.rx.jdbc.Util
[ERROR] /home/travis/build/davidmoten/rxjava-jdbc/src/main/java/com/github/davidmoten/rx/jdbc/Util.java:[635,23] cannot find symbol
  symbol:   class SQLRuntimeException
  location: class com.github.davidmoten.rx.jdbc.Util
[ERROR] /home/travis/build/davidmoten/rxjava-jdbc/src/main/java/com/github/davidmoten/rx/jdbc/ResultSetCache.java:[31,23] cannot find symbol
  symbol:   class SQLRuntimeException
  location: class com.github.davidmoten.rx.jdbc.ResultSetCache
[ERROR] /home/travis/build/davidmoten/rxjava-jdbc/src/main/java/com/github/davidmoten/rx/jdbc/tuple/Tuples.java:[138,23] cannot find symbol
  symbol:   class SQLRuntimeException
  location: class com.github.davidmoten.rx.jdbc.tuple.Tuples
[ERROR] /home/travis/build/davidmoten/rxjava-jdbc/src/main/java/com/github/davidmoten/rx/jdbc/ConnectionProviderFromUrl.java:[55,23] cannot find symbol
  symbol:   class SQLRuntimeException
  location: class com.github.davidmoten.rx.jdbc.ConnectionProviderFromUrl
[ERROR] /home/travis/build/davidmoten/rxjava-jdbc/src/main/java/com/github/davidmoten/rx/jdbc/ConnectionProviderFromContext.java:[29,23] cannot find symbol
  symbol:   class SQLRuntimeException
  location: class com.github.davidmoten.rx.jdbc.ConnectionProviderFromContext
[ERROR] /home/travis/build/davidmoten/rxjava-jdbc/src/main/java/com/github/davidmoten/rx/jdbc/ConnectionProviderSingletonManualCommit.java:[47,27] cannot find symbol
  symbol:   class SQLRuntimeException
  location: class com.github.davidmoten.rx.jdbc.ConnectionProviderSingletonManualCommit
[ERROR] /home/travis/build/davidmoten/rxjava-jdbc/src/main/java/com/github/davidmoten/rx/jdbc/ConnectionProviderFromDataSource.java:[23,23] cannot find symbol
  symbol:   class SQLRuntimeException
  location: class com.github.davidmoten.rx.jdbc.ConnectionProviderFromDataSource
[ERROR] /home/travis/build/davidmoten/rxjava-jdbc/src/main/java/com/github/davidmoten/rx/jdbc/ConnectionProviderPooled.java:[82,23] cannot find symbol
  symbol:   class SQLRuntimeException
  location: class com.github.davidmoten.rx.jdbc.ConnectionProviderPooled
[ERROR] /home/travis/build/davidmoten/rxjava-jdbc/src/main/java/com/github/davidmoten/rx/jdbc/ConnectionProviderAutoCommitting.java:[34,23] cannot find symbol
  symbol:   class SQLRuntimeException
  location: class com.github.davidmoten.rx.jdbc.ConnectionProviderAutoCommitting
[INFO] 26 errors 
[INFO] -------------------------------------------------------------
[INFO] ------------------------------------------------------------------------
[INFO] BUILD FAILURE
[INFO] ------------------------------------------------------------------------
[INFO] Total time: 3.814 s
[INFO] Finished at: 2015-06-04T08:02:24+00:00
[INFO] Final Memory: 17M/188M
[INFO] ------------------------------------------------------------------------
[ERROR] Failed to execute goal org.apache.maven.plugins:maven-compiler-plugin:3.1:compile (default-compile) on project rxjava-jdbc: Compilation failure: Compilation failure:
[ERROR] /home/travis/build/davidmoten/rxjava-jdbc/src/main/java/com/github/davidmoten/rx/jdbc/Util.java:[39,48] cannot find symbol
[ERROR] symbol:   class SQLRuntimeException
[ERROR] location: package com.github.davidmoten.rx.jdbc.exceptions
[ERROR] /home/travis/build/davidmoten/rxjava-jdbc/src/main/java/com/github/davidmoten/rx/jdbc/ResultSetCache.java:[9,48] cannot find symbol
[ERROR] symbol:   class SQLRuntimeException
[ERROR] location: package com.github.davidmoten.rx.jdbc.exceptions
[ERROR] /home/travis/build/davidmoten/rxjava-jdbc/src/main/java/com/github/davidmoten/rx/jdbc/tuple/Tuples.java:[11,48] cannot find symbol
[ERROR] symbol:   class SQLRuntimeException
[ERROR] location: package com.github.davidmoten.rx.jdbc.exceptions
[ERROR] /home/travis/build/davidmoten/rxjava-jdbc/src/main/java/com/github/davidmoten/rx/jdbc/ConnectionProviderFromUrl.java:[7,48] cannot find symbol
[ERROR] symbol:   class SQLRuntimeException
[ERROR] location: package com.github.davidmoten.rx.jdbc.exceptions
[ERROR] /home/travis/build/davidmoten/rxjava-jdbc/src/main/java/com/github/davidmoten/rx/jdbc/ConnectionProviderFromContext.java:[11,48] cannot find symbol
[ERROR] symbol:   class SQLRuntimeException
[ERROR] location: package com.github.davidmoten.rx.jdbc.exceptions
[ERROR] /home/travis/build/davidmoten/rxjava-jdbc/src/main/java/com/github/davidmoten/rx/jdbc/ConnectionProviderSingletonManualCommit.java:[7,48] cannot find symbol
[ERROR] symbol:   class SQLRuntimeException
[ERROR] location: package com.github.davidmoten.rx.jdbc.exceptions
[ERROR] /home/travis/build/davidmoten/rxjava-jdbc/src/main/java/com/github/davidmoten/rx/jdbc/ConnectionProviderFromDataSource.java:[8,48] cannot find symbol
[ERROR] symbol:   class SQLRuntimeException
[ERROR] location: package com.github.davidmoten.rx.jdbc.exceptions
[ERROR] /home/travis/build/davidmoten/rxjava-jdbc/src/main/java/com/github/davidmoten/rx/jdbc/ConnectionProviderPooled.java:[7,48] cannot find symbol
[ERROR] symbol:   class SQLRuntimeException
[ERROR] location: package com.github.davidmoten.rx.jdbc.exceptions
[ERROR] /home/travis/build/davidmoten/rxjava-jdbc/src/main/java/com/github/davidmoten/rx/jdbc/ConnectionProviderAutoCommitting.java:[6,48] cannot find symbol
[ERROR] symbol:   class SQLRuntimeException
[ERROR] location: package com.github.davidmoten.rx.jdbc.exceptions
[ERROR] /home/travis/build/davidmoten/rxjava-jdbc/src/main/java/com/github/davidmoten/rx/jdbc/Util.java:[154,23] cannot find symbol
[ERROR] symbol:   class SQLRuntimeException
[ERROR] location: class com.github.davidmoten.rx.jdbc.Util
[ERROR] /home/travis/build/davidmoten/rxjava-jdbc/src/main/java/com/github/davidmoten/rx/jdbc/Util.java:[169,27] cannot find symbol
[ERROR] symbol:   class SQLRuntimeException
[ERROR] location: class com.github.davidmoten.rx.jdbc.Util
[ERROR] /home/travis/build/davidmoten/rxjava-jdbc/src/main/java/com/github/davidmoten/rx/jdbc/Util.java:[184,27] cannot find symbol
[ERROR] symbol:   class SQLRuntimeException
[ERROR] location: class com.github.davidmoten.rx.jdbc.Util
[ERROR] /home/travis/build/davidmoten/rxjava-jdbc/src/main/java/com/github/davidmoten/rx/jdbc/Util.java:[216,23] cannot find symbol
[ERROR] symbol:   class SQLRuntimeException
[ERROR] location: class com.github.davidmoten.rx.jdbc.Util
[ERROR] /home/travis/build/davidmoten/rxjava-jdbc/src/main/java/com/github/davidmoten/rx/jdbc/Util.java:[274,23] cannot find symbol
[ERROR] symbol:   class SQLRuntimeException
[ERROR] location: class com.github.davidmoten.rx.jdbc.Util
[ERROR] /home/travis/build/davidmoten/rxjava-jdbc/src/main/java/com/github/davidmoten/rx/jdbc/Util.java:[443,23] cannot find symbol
[ERROR] symbol:   class SQLRuntimeException
[ERROR] location: class com.github.davidmoten.rx.jdbc.Util
[ERROR] /home/travis/build/davidmoten/rxjava-jdbc/src/main/java/com/github/davidmoten/rx/jdbc/Util.java:[593,23] cannot find symbol
[ERROR] symbol:   class SQLRuntimeException
[ERROR] location: class com.github.davidmoten.rx.jdbc.Util
[ERROR] /home/travis/build/davidmoten/rxjava-jdbc/src/main/java/com/github/davidmoten/rx/jdbc/Util.java:[614,23] cannot find symbol
[ERROR] symbol:   class SQLRuntimeException
[ERROR] location: class com.github.davidmoten.rx.jdbc.Util
[ERROR] /home/travis/build/davidmoten/rxjava-jdbc/src/main/java/com/github/davidmoten/rx/jdbc/Util.java:[635,23] cannot find symbol
[ERROR] symbol:   class SQLRuntimeException
[ERROR] location: class com.github.davidmoten.rx.jdbc.Util
[ERROR] /home/travis/build/davidmoten/rxjava-jdbc/src/main/java/com/github/davidmoten/rx/jdbc/ResultSetCache.java:[31,23] cannot find symbol
[ERROR] symbol:   class SQLRuntimeException
[ERROR] location: class com.github.davidmoten.rx.jdbc.ResultSetCache
[ERROR] /home/travis/build/davidmoten/rxjava-jdbc/src/main/java/com/github/davidmoten/rx/jdbc/tuple/Tuples.java:[138,23] cannot find symbol
[ERROR] symbol:   class SQLRuntimeException
[ERROR] location: class com.github.davidmoten.rx.jdbc.tuple.Tuples
[ERROR] /home/travis/build/davidmoten/rxjava-jdbc/src/main/java/com/github/davidmoten/rx/jdbc/ConnectionProviderFromUrl.java:[55,23] cannot find symbol
[ERROR] symbol:   class SQLRuntimeException
[ERROR] location: class com.github.davidmoten.rx.jdbc.ConnectionProviderFromUrl
[ERROR] /home/travis/build/davidmoten/rxjava-jdbc/src/main/java/com/github/davidmoten/rx/jdbc/ConnectionProviderFromContext.java:[29,23] cannot find symbol
[ERROR] symbol:   class SQLRuntimeException
[ERROR] location: class com.github.davidmoten.rx.jdbc.ConnectionProviderFromContext
[ERROR] /home/travis/build/davidmoten/rxjava-jdbc/src/main/java/com/github/davidmoten/rx/jdbc/ConnectionProviderSingletonManualCommit.java:[47,27] cannot find symbol
[ERROR] symbol:   class SQLRuntimeException
[ERROR] location: class com.github.davidmoten.rx.jdbc.ConnectionProviderSingletonManualCommit
[ERROR] /home/travis/build/davidmoten/rxjava-jdbc/src/main/java/com/github/davidmoten/rx/jdbc/ConnectionProviderFromDataSource.java:[23,23] cannot find symbol
[ERROR] symbol:   class SQLRuntimeException
[ERROR] location: class com.github.davidmoten.rx.jdbc.ConnectionProviderFromDataSource
[ERROR] /home/travis/build/davidmoten/rxjava-jdbc/src/main/java/com/github/davidmoten/rx/jdbc/ConnectionProviderPooled.java:[82,23] cannot find symbol
[ERROR] symbol:   class SQLRuntimeException
[ERROR] location: class com.github.davidmoten.rx.jdbc.ConnectionProviderPooled
[ERROR] /home/travis/build/davidmoten/rxjava-jdbc/src/main/java/com/github/davidmoten/rx/jdbc/ConnectionProviderAutoCommitting.java:[34,23] cannot find symbol
[ERROR] symbol:   class SQLRuntimeException
[ERROR] location: class com.github.davidmoten.rx.jdbc.ConnectionProviderAutoCommitting
[ERROR] -> [Help 1]
[ERROR] 
[ERROR] To see the full stack trace of the errors, re-run Maven with the -e switch.
[ERROR] Re-run Maven using the -X switch to enable full debug logging.
[ERROR] 
[ERROR] For more information about the errors and possible solutions, please read the following articles:
[ERROR] [Help 1] http://cwiki.apache.org/confluence/display/MAVEN/MojoFailureException

[31;1mThe command "eval mvn install -DskipTests=true -Dmaven.javadoc.skip=true -B -V" failed 3 times.[0m

travis_time:end:0ab223ec:start=1433404888965500989,finish=1433404953230249362,duration=64264748373[0K
[31;1mThe command "mvn install -DskipTests=true -Dmaven.javadoc.skip=true -B -V" failed and exited with 1 during .[0m

Your build has been stopped.
