Using worker: worker-linux-docker-638f268a.prod.travis-ci.org:travis-linux-2

travis_fold:start:system_info[0K[33;1mBuild system information[0m
Build language: python
[34m[1mBuild image provisioning date and time[0m
Thu Feb  5 15:09:33 UTC 2015
[34m[1mOperating System Details[0m
Distributor ID:	Ubuntu
Description:	Ubuntu 12.04.5 LTS
Release:	12.04
Codename:	precise
[34m[1mLinux Version[0m
3.13.0-29-generic
[34m[1mCookbooks Version[0m
a68419e https://github.com/travis-ci/travis-cookbooks/tree/a68419e
[34m[1mGCC version[0m
gcc (Ubuntu/Linaro 4.6.3-1ubuntu5) 4.6.3
Copyright (C) 2011 Free Software Foundation, Inc.
This is free software; see the source for copying conditions.  There is NO
warranty; not even for MERCHANTABILITY or FITNESS FOR A PARTICULAR PURPOSE.

[34m[1mLLVM version[0m
clang version 3.4 (tags/RELEASE_34/final)
Target: x86_64-unknown-linux-gnu
Thread model: posix
[34m[1mPre-installed Ruby versions[0m
ruby-1.9.3-p551
[34m[1mPre-installed Node.js versions[0m
v0.10.36
[34m[1mPre-installed Go versions[0m
1.4.1
[34m[1mRedis version[0m
redis-server 2.8.19
[34m[1mriak version[0m
2.0.2
[34m[1mMongoDB version[0m
MongoDB 2.4.12
[34m[1mCouchDB version[0m
couchdb 1.6.1
[34m[1mNeo4j version[0m
1.9.4
[34m[1mRabbitMQ Version[0m
3.4.3
[34m[1mElasticSearch version[0m
1.4.0
[34m[1mInstalled Sphinx versions[0m
2.0.10
2.1.9
2.2.6
[34m[1mDefault Sphinx version[0m
2.2.6
[34m[1mInstalled Firefox version[0m
firefox 31.0esr
[34m[1mPhantomJS version[0m
1.9.8
[34m[1mant -version[0m
Apache Ant(TM) version 1.8.2 compiled on December 3 2011
[34m[1mmvn -version[0m
Apache Maven 3.2.5 (12a6b3acb947671f09b81f49094c53f426d8cea1; 2014-12-14T17:29:23+00:00)
Maven home: /usr/local/maven
Java version: 1.7.0_76, vendor: Oracle Corporation
Java home: /usr/lib/jvm/java-7-oracle/jre
Default locale: en_US, platform encoding: ANSI_X3.4-1968
OS name: "linux", version: "3.13.0-29-generic", arch: "amd64", family: "unix"
travis_fold:end:system_info[0K
travis_fold:start:git.checkout[0Ktravis_time:start:0095c022[0K$ git clone --depth=50 --branch=master git://github.com/web2py/web2py.git web2py/web2py
Cloning into 'web2py/web2py'...
remote: Counting objects: 2619, done.[K
remote: Compressing objects:   0% (1/1980)   [Kremote: Compressing objects:   1% (20/1980)   [Kremote: Compressing objects:   2% (40/1980)   [Kremote: Compressing objects:   3% (60/1980)   [Kremote: Compressing objects:   4% (80/1980)   [Kremote: Compressing objects:   5% (99/1980)   [Kremote: Compressing objects:   6% (119/1980)   [Kremote: Compressing objects:   7% (139/1980)   [Kremote: Compressing objects:   8% (159/1980)   [Kremote: Compressing objects:   9% (179/1980)   [Kremote: Compressing objects:  10% (198/1980)   [Kremote: Compressing objects:  11% (218/1980)   [Kremote: Compressing objects:  12% (238/1980)   [Kremote: Compressing objects:  13% (258/1980)   [Kremote: Compressing objects:  14% (278/1980)   [Kremote: Compressing objects:  15% (297/1980)   [Kremote: Compressing objects:  16% (317/1980)   [Kremote: Compressing objects:  17% (337/1980)   [Kremote: Compressing objects:  18% (357/1980)   [Kremote: Compressing objects:  19% (377/1980)   [Kremote: Compressing objects:  20% (396/1980)   [Kremote: Compressing objects:  21% (416/1980)   [Kremote: Compressing objects:  22% (436/1980)   [Kremote: Compressing objects:  23% (456/1980)   [Kremote: Compressing objects:  24% (476/1980)   [Kremote: Compressing objects:  25% (495/1980)   [Kremote: Compressing objects:  26% (515/1980)   [Kremote: Compressing objects:  27% (535/1980)   [Kremote: Compressing objects:  28% (555/1980)   [Kremote: Compressing objects:  29% (575/1980)   [Kremote: Compressing objects:  30% (594/1980)   [Kremote: Compressing objects:  31% (614/1980)   [Kremote: Compressing objects:  32% (634/1980)   [Kremote: Compressing objects:  33% (654/1980)   [Kremote: Compressing objects:  34% (674/1980)   [Kremote: Compressing objects:  35% (693/1980)   [Kremote: Compressing objects:  36% (713/1980)   [Kremote: Compressing objects:  37% (733/1980)   [Kremote: Compressing objects:  38% (753/1980)   [Kremote: Compressing objects:  39% (773/1980)   [Kremote: Compressing objects:  40% (792/1980)   [Kremote: Compressing objects:  41% (812/1980)   [Kremote: Compressing objects:  42% (832/1980)   [Kremote: Compressing objects:  43% (852/1980)   [Kremote: Compressing objects:  44% (872/1980)   [Kremote: Compressing objects:  45% (891/1980)   [Kremote: Compressing objects:  46% (911/1980)   [Kremote: Compressing objects:  47% (931/1980)   [Kremote: Compressing objects:  48% (951/1980)   [Kremote: Compressing objects:  49% (971/1980)   [Kremote: Compressing objects:  50% (990/1980)   [Kremote: Compressing objects:  51% (1010/1980)   [Kremote: Compressing objects:  52% (1030/1980)   [Kremote: Compressing objects:  53% (1050/1980)   [Kremote: Compressing objects:  54% (1070/1980)   [Kremote: Compressing objects:  55% (1089/1980)   [Kremote: Compressing objects:  56% (1109/1980)   [Kremote: Compressing objects:  57% (1129/1980)   [Kremote: Compressing objects:  58% (1149/1980)   [Kremote: Compressing objects:  59% (1169/1980)   [Kremote: Compressing objects:  60% (1188/1980)   [Kremote: Compressing objects:  61% (1208/1980)   [Kremote: Compressing objects:  62% (1228/1980)   [Kremote: Compressing objects:  63% (1248/1980)   [Kremote: Compressing objects:  64% (1268/1980)   [Kremote: Compressing objects:  65% (1287/1980)   [Kremote: Compressing objects:  66% (1307/1980)   [Kremote: Compressing objects:  67% (1327/1980)   [Kremote: Compressing objects:  68% (1347/1980)   [Kremote: Compressing objects:  69% (1367/1980)   [Kremote: Compressing objects:  70% (1386/1980)   [Kremote: Compressing objects:  71% (1406/1980)   [Kremote: Compressing objects:  72% (1426/1980)   [Kremote: Compressing objects:  73% (1446/1980)   [Kremote: Compressing objects:  74% (1466/1980)   [Kremote: Compressing objects:  75% (1485/1980)   [Kremote: Compressing objects:  76% (1505/1980)   [Kremote: Compressing objects:  77% (1525/1980)   [Kremote: Compressing objects:  78% (1545/1980)   [Kremote: Compressing objects:  79% (1565/1980)   [Kremote: Compressing objects:  80% (1584/1980)   [Kremote: Compressing objects:  81% (1604/1980)   [Kremote: Compressing objects:  82% (1624/1980)   [Kremote: Compressing objects:  83% (1644/1980)   [Kremote: Compressing objects:  84% (1664/1980)   [Kremote: Compressing objects:  85% (1683/1980)   [Kremote: Compressing objects:  86% (1703/1980)   [Kremote: Compressing objects:  87% (1723/1980)   [Kremote: Compressing objects:  88% (1743/1980)   [Kremote: Compressing objects:  89% (1763/1980)   [Kremote: Compressing objects:  90% (1782/1980)   [Kremote: Compressing objects:  91% (1802/1980)   [Kremote: Compressing objects:  92% (1822/1980)   [Kremote: Compressing objects:  93% (1842/1980)   [Kremote: Compressing objects:  94% (1862/1980)   [Kremote: Compressing objects:  95% (1881/1980)   [Kremote: Compressing objects:  96% (1901/1980)   [Kremote: Compressing objects:  97% (1921/1980)   [Kremote: Compressing objects:  98% (1941/1980)   [Kremote: Compressing objects:  99% (1961/1980)   [Kremote: Compressing objects: 100% (1980/1980)   [Kremote: Compressing objects: 100% (1980/1980), done.[K
Receiving objects:   0% (1/2619)   Receiving objects:   1% (27/2619)   Receiving objects:   2% (53/2619)   Receiving objects:   3% (79/2619)   Receiving objects:   4% (105/2619)   Receiving objects:   5% (131/2619)   Receiving objects:   6% (158/2619)   Receiving objects:   7% (184/2619)   Receiving objects:   8% (210/2619)   Receiving objects:   9% (236/2619)   Receiving objects:  10% (262/2619)   Receiving objects:  11% (289/2619)   Receiving objects:  12% (315/2619)   Receiving objects:  13% (341/2619)   Receiving objects:  14% (367/2619)   Receiving objects:  15% (393/2619)   Receiving objects:  16% (420/2619)   Receiving objects:  17% (446/2619)   Receiving objects:  18% (472/2619)   Receiving objects:  19% (498/2619)   Receiving objects:  20% (524/2619)   Receiving objects:  21% (550/2619)   Receiving objects:  22% (577/2619)   Receiving objects:  23% (603/2619)   Receiving objects:  24% (629/2619)   Receiving objects:  25% (655/2619)   Receiving objects:  26% (681/2619)   Receiving objects:  27% (708/2619)   Receiving objects:  28% (734/2619)   Receiving objects:  29% (760/2619)   Receiving objects:  30% (786/2619)   Receiving objects:  31% (812/2619)   Receiving objects:  32% (839/2619)   Receiving objects:  33% (865/2619)   Receiving objects:  34% (891/2619)   Receiving objects:  35% (917/2619)   Receiving objects:  36% (943/2619)   Receiving objects:  37% (970/2619)   Receiving objects:  38% (996/2619)   Receiving objects:  39% (1022/2619)   Receiving objects:  40% (1048/2619)   Receiving objects:  41% (1074/2619)   Receiving objects:  42% (1100/2619)   Receiving objects:  43% (1127/2619)   Receiving objects:  44% (1153/2619)   Receiving objects:  45% (1179/2619)   Receiving objects:  46% (1205/2619)   Receiving objects:  47% (1231/2619)   Receiving objects:  48% (1258/2619)   Receiving objects:  49% (1284/2619)   Receiving objects:  50% (1310/2619)   Receiving objects:  51% (1336/2619)   Receiving objects:  52% (1362/2619)   Receiving objects:  53% (1389/2619)   Receiving objects:  54% (1415/2619)   Receiving objects:  55% (1441/2619)   Receiving objects:  56% (1467/2619)   Receiving objects:  57% (1493/2619)   Receiving objects:  58% (1520/2619)   Receiving objects:  59% (1546/2619)   Receiving objects:  60% (1572/2619)   Receiving objects:  61% (1598/2619)   Receiving objects:  62% (1624/2619)   Receiving objects:  63% (1650/2619)   Receiving objects:  64% (1677/2619)   Receiving objects:  65% (1703/2619)   Receiving objects:  66% (1729/2619)   Receiving objects:  67% (1755/2619)   Receiving objects:  68% (1781/2619)   Receiving objects:  69% (1808/2619)   Receiving objects:  70% (1834/2619)   Receiving objects:  71% (1860/2619)   Receiving objects:  72% (1886/2619)   Receiving objects:  73% (1912/2619)   Receiving objects:  74% (1939/2619)   Receiving objects:  75% (1965/2619)   Receiving objects:  76% (1991/2619)   Receiving objects:  77% (2017/2619)   Receiving objects:  78% (2043/2619)   Receiving objects:  79% (2070/2619)   Receiving objects:  80% (2096/2619)   Receiving objects:  81% (2122/2619)   Receiving objects:  82% (2148/2619)   Receiving objects:  83% (2174/2619)   Receiving objects:  84% (2200/2619)   Receiving objects:  85% (2227/2619)   Receiving objects:  86% (2253/2619)   Receiving objects:  87% (2279/2619)   Receiving objects:  88% (2305/2619)   Receiving objects:  89% (2331/2619)   Receiving objects:  90% (2358/2619)   Receiving objects:  91% (2384/2619)   Receiving objects:  92% (2410/2619)   Receiving objects:  93% (2436/2619)   remote: Total 2619 (delta 1039), reused 1666 (delta 568), pack-reused 0[K
Receiving objects:  94% (2462/2619)   Receiving objects:  95% (2489/2619)   Receiving objects:  96% (2515/2619)   Receiving objects:  97% (2541/2619)   Receiving objects:  98% (2567/2619)   Receiving objects:  99% (2593/2619)   Receiving objects: 100% (2619/2619)   Receiving objects: 100% (2619/2619), 7.79 MiB | 0 bytes/s, done.
Resolving deltas:   0% (0/1039)   Resolving deltas:   1% (16/1039)   Resolving deltas:   2% (21/1039)   Resolving deltas:   3% (36/1039)   Resolving deltas:   4% (46/1039)   Resolving deltas:   5% (52/1039)   Resolving deltas:  15% (163/1039)   Resolving deltas:  19% (201/1039)   Resolving deltas:  20% (214/1039)   Resolving deltas:  21% (219/1039)   Resolving deltas:  22% (232/1039)   Resolving deltas:  23% (239/1039)   Resolving deltas:  26% (273/1039)   Resolving deltas:  31% (328/1039)   Resolving deltas:  33% (344/1039)   Resolving deltas:  34% (357/1039)   Resolving deltas:  38% (395/1039)   Resolving deltas:  39% (408/1039)   Resolving deltas:  43% (455/1039)   Resolving deltas:  49% (511/1039)   Resolving deltas:  50% (520/1039)   Resolving deltas:  51% (530/1039)   Resolving deltas:  52% (542/1039)   Resolving deltas:  53% (552/1039)   Resolving deltas:  54% (565/1039)   Resolving deltas:  55% (573/1039)   Resolving deltas:  56% (582/1039)   Resolving deltas:  57% (593/1039)   Resolving deltas:  58% (603/1039)   Resolving deltas:  59% (614/1039)   Resolving deltas:  60% (624/1039)   Resolving deltas:  61% (635/1039)   Resolving deltas:  62% (648/1039)   Resolving deltas:  63% (655/1039)   Resolving deltas:  64% (665/1039)   Resolving deltas:  65% (677/1039)   Resolving deltas:  66% (686/1039)   Resolving deltas:  67% (697/1039)   Resolving deltas:  68% (707/1039)   Resolving deltas:  69% (717/1039)   Resolving deltas:  70% (728/1039)   Resolving deltas:  71% (740/1039)   Resolving deltas:  72% (754/1039)   Resolving deltas:  73% (760/1039)   Resolving deltas:  74% (771/1039)   Resolving deltas:  75% (780/1039)   Resolving deltas:  76% (791/1039)   Resolving deltas:  77% (801/1039)   Resolving deltas:  78% (811/1039)   Resolving deltas:  79% (822/1039)   Resolving deltas:  80% (834/1039)   Resolving deltas:  81% (844/1039)   Resolving deltas:  82% (855/1039)   Resolving deltas:  83% (864/1039)   Resolving deltas:  84% (875/1039)   Resolving deltas:  85% (888/1039)   Resolving deltas:  86% (895/1039)   Resolving deltas:  87% (904/1039)   Resolving deltas:  88% (915/1039)   Resolving deltas:  91% (950/1039)   Resolving deltas:  92% (957/1039)   Resolving deltas:  93% (967/1039)   Resolving deltas:  94% (977/1039)   Resolving deltas:  95% (988/1039)   Resolving deltas:  96% (998/1039)   Resolving deltas:  97% (1008/1039)   Resolving deltas: 100% (1039/1039)   Resolving deltas: 100% (1039/1039), done.
Checking connectivity... done.
travis_time:end:0095c022:start=1435603182979024441,finish=1435603184224613849,duration=1245589408[0K$ cd web2py/web2py
$ git checkout -qf 00608e4f04f9b4f7cc43600a70ba4b327ad0ad1a
travis_fold:end:git.checkout[0Ktravis_fold:start:git.submodule[0Ktravis_time:start:05c59852[0K$ git submodule init
Submodule 'gluon/packages/dal' (https://github.com/web2py/pydal.git) registered for path 'gluon/packages/dal'
travis_time:end:05c59852:start=1435603184334511286,finish=1435603184371544211,duration=37032925[0Ktravis_time:start:182b0cb0[0K$ git submodule update
Cloning into 'gluon/packages/dal'...
remote: Counting objects: 30700, done.[K
remote: Compressing objects:  14% (1/7)   [Kremote: Compressing objects:  28% (2/7)   [Kremote: Compressing objects:  42% (3/7)   [Kremote: Compressing objects:  57% (4/7)   [Kremote: Compressing objects:  71% (5/7)   [Kremote: Compressing objects:  85% (6/7)   [Kremote: Compressing objects: 100% (7/7)   [Kremote: Compressing objects: 100% (7/7), done.[K
Receiving objects:   0% (1/30700)   Receiving objects:   1% (307/30700)   Receiving objects:   2% (614/30700)   Receiving objects:   3% (921/30700)   Receiving objects:   4% (1228/30700)   Receiving objects:   5% (1535/30700)   Receiving objects:   6% (1842/30700)   Receiving objects:   7% (2149/30700)   Receiving objects:   8% (2456/30700)   Receiving objects:   9% (2763/30700)   Receiving objects:  10% (3070/30700)   Receiving objects:  11% (3377/30700)   Receiving objects:  12% (3684/30700)   Receiving objects:  13% (3991/30700)   Receiving objects:  14% (4298/30700)   Receiving objects:  15% (4605/30700)   Receiving objects:  16% (4912/30700)   Receiving objects:  17% (5219/30700)   Receiving objects:  18% (5526/30700)   Receiving objects:  19% (5833/30700)   Receiving objects:  20% (6140/30700)   Receiving objects:  21% (6447/30700)   Receiving objects:  22% (6754/30700)   Receiving objects:  23% (7061/30700)   Receiving objects:  24% (7368/30700)   Receiving objects:  25% (7675/30700)   Receiving objects:  26% (7982/30700)   Receiving objects:  27% (8289/30700)   Receiving objects:  28% (8596/30700)   Receiving objects:  29% (8903/30700)   Receiving objects:  30% (9210/30700)   Receiving objects:  31% (9517/30700)   Receiving objects:  32% (9824/30700)   Receiving objects:  33% (10131/30700)   Receiving objects:  34% (10438/30700)   Receiving objects:  35% (10745/30700)   Receiving objects:  36% (11052/30700), 10.00 MiB | 19.96 MiB/s   Receiving objects:  37% (11359/30700), 10.00 MiB | 19.96 MiB/s   Receiving objects:  38% (11666/30700), 10.00 MiB | 19.96 MiB/s   Receiving objects:  39% (11973/30700), 10.00 MiB | 19.96 MiB/s   Receiving objects:  40% (12280/30700), 10.00 MiB | 19.96 MiB/s   Receiving objects:  41% (12587/30700), 10.00 MiB | 19.96 MiB/s   Receiving objects:  42% (12894/30700), 10.00 MiB | 19.96 MiB/s   Receiving objects:  43% (13201/30700), 10.00 MiB | 19.96 MiB/s   Receiving objects:  44% (13508/30700), 10.00 MiB | 19.96 MiB/s   Receiving objects:  45% (13815/30700), 10.00 MiB | 19.96 MiB/s   Receiving objects:  46% (14122/30700), 10.00 MiB | 19.96 MiB/s   Receiving objects:  47% (14429/30700), 10.00 MiB | 19.96 MiB/s   Receiving objects:  48% (14736/30700), 10.00 MiB | 19.96 MiB/s   Receiving objects:  49% (15043/30700), 10.00 MiB | 19.96 MiB/s   Receiving objects:  50% (15350/30700), 10.00 MiB | 19.96 MiB/s   Receiving objects:  51% (15657/30700), 10.00 MiB | 19.96 MiB/s   Receiving objects:  52% (15964/30700), 10.00 MiB | 19.96 MiB/s   Receiving objects:  53% (16271/30700), 10.00 MiB | 19.96 MiB/s   Receiving objects:  54% (16578/30700), 10.00 MiB | 19.96 MiB/s   Receiving objects:  55% (16885/30700), 10.00 MiB | 19.96 MiB/s   Receiving objects:  56% (17192/30700), 10.00 MiB | 19.96 MiB/s   Receiving objects:  57% (17499/30700), 10.00 MiB | 19.96 MiB/s   Receiving objects:  58% (17806/30700), 10.00 MiB | 19.96 MiB/s   Receiving objects:  59% (18113/30700), 10.00 MiB | 19.96 MiB/s   Receiving objects:  60% (18420/30700), 10.00 MiB | 19.96 MiB/s   Receiving objects:  61% (18727/30700), 10.00 MiB | 19.96 MiB/s   Receiving objects:  62% (19034/30700), 10.00 MiB | 19.96 MiB/s   Receiving objects:  63% (19341/30700), 10.00 MiB | 19.96 MiB/s   Receiving objects:  64% (19648/30700), 10.00 MiB | 19.96 MiB/s   Receiving objects:  64% (19892/30700), 20.48 MiB | 20.44 MiB/s   Receiving objects:  65% (19955/30700), 20.48 MiB | 20.44 MiB/s   Receiving objects:  66% (20262/30700), 20.48 MiB | 20.44 MiB/s   Receiving objects:  67% (20569/30700), 20.48 MiB | 20.44 MiB/s   Receiving objects:  68% (20876/30700), 20.48 MiB | 20.44 MiB/s   Receiving objects:  69% (21183/30700), 20.48 MiB | 20.44 MiB/s   Receiving objects:  70% (21490/30700), 20.48 MiB | 20.44 MiB/s   Receiving objects:  71% (21797/30700), 20.48 MiB | 20.44 MiB/s   Receiving objects:  72% (22104/30700), 20.48 MiB | 20.44 MiB/s   Receiving objects:  73% (22411/30700), 20.48 MiB | 20.44 MiB/s   Receiving objects:  74% (22718/30700), 20.48 MiB | 20.44 MiB/s   Receiving objects:  75% (23025/30700), 20.48 MiB | 20.44 MiB/s   Receiving objects:  76% (23332/30700), 20.48 MiB | 20.44 MiB/s   Receiving objects:  77% (23639/30700), 20.48 MiB | 20.44 MiB/s   Receiving objects:  78% (23946/30700), 20.48 MiB | 20.44 MiB/s   Receiving objects:  79% (24253/30700), 20.48 MiB | 20.44 MiB/s   Receiving objects:  80% (24560/30700), 20.48 MiB | 20.44 MiB/s   Receiving objects:  81% (24867/30700), 20.48 MiB | 20.44 MiB/s   Receiving objects:  82% (25174/30700), 20.48 MiB | 20.44 MiB/s   Receiving objects:  83% (25481/30700), 20.48 MiB | 20.44 MiB/s   Receiving objects:  84% (25788/30700), 20.48 MiB | 20.44 MiB/s   Receiving objects:  85% (26095/30700), 20.48 MiB | 20.44 MiB/s   Receiving objects:  86% (26402/30700), 20.48 MiB | 20.44 MiB/s   Receiving objects:  87% (26709/30700), 20.48 MiB | 20.44 MiB/s   Receiving objects:  88% (27016/30700), 20.48 MiB | 20.44 MiB/s   Receiving objects:  89% (27323/30700), 20.48 MiB | 20.44 MiB/s   Receiving objects:  90% (27630/30700), 20.48 MiB | 20.44 MiB/s   Receiving objects:  91% (27937/30700), 20.48 MiB | 20.44 MiB/s   Receiving objects:  92% (28244/30700), 20.48 MiB | 20.44 MiB/s   Receiving objects:  93% (28551/30700), 20.48 MiB | 20.44 MiB/s   Receiving objects:  94% (28858/30700), 20.48 MiB | 20.44 MiB/s   Receiving objects:  95% (29165/30700), 20.48 MiB | 20.44 MiB/s   Receiving objects:  96% (29472/30700), 20.48 MiB | 20.44 MiB/s   Receiving objects:  97% (29779/30700), 20.48 MiB | 20.44 MiB/s   Receiving objects:  98% (30086/30700), 20.48 MiB | 20.44 MiB/s   Receiving objects:  99% (30393/30700), 20.48 MiB | 20.44 MiB/s   remote: Total 30700 (delta 0), reused 0 (delta 0), pack-reused 30693[K
Receiving objects: 100% (30700/30700), 20.48 MiB | 20.44 MiB/s   Receiving objects: 100% (30700/30700), 30.46 MiB | 20.44 MiB/s, done.
Resolving deltas:   0% (0/18515)   Resolving deltas:   1% (205/18515)   Resolving deltas:   2% (384/18515)   Resolving deltas:   3% (572/18515)   Resolving deltas:   4% (743/18515)   Resolving deltas:   5% (937/18515)   Resolving deltas:   6% (1119/18515)   Resolving deltas:   7% (1301/18515)   Resolving deltas:   8% (1521/18515)   Resolving deltas:   9% (1673/18515)   Resolving deltas:  10% (1858/18515)   Resolving deltas:  11% (2042/18515)   Resolving deltas:  12% (2245/18515)   Resolving deltas:  13% (2408/18515)   Resolving deltas:  14% (2607/18515)   Resolving deltas:  15% (2783/18515)   Resolving deltas:  16% (2989/18515)   Resolving deltas:  17% (3149/18515)   Resolving deltas:  18% (3355/18515)   Resolving deltas:  19% (3575/18515)   Resolving deltas:  20% (3731/18515)   Resolving deltas:  21% (3902/18515)   Resolving deltas:  22% (4074/18515)   Resolving deltas:  23% (4260/18515)   Resolving deltas:  24% (4445/18515)   Resolving deltas:  25% (4691/18515)   Resolving deltas:  26% (4818/18515)   Resolving deltas:  27% (5079/18515)   Resolving deltas:  28% (5222/18515)   Resolving deltas:  29% (5388/18515)   Resolving deltas:  30% (5556/18515)   Resolving deltas:  32% (6095/18515)   Resolving deltas:  33% (6110/18515)   Resolving deltas:  34% (6344/18515)   Resolving deltas:  35% (6502/18515)   Resolving deltas:  36% (6707/18515)   Resolving deltas:  37% (6967/18515)   Resolving deltas:  38% (7038/18515)   Resolving deltas:  39% (7378/18515)   Resolving deltas:  40% (7408/18515)   Resolving deltas:  41% (7600/18515)   Resolving deltas:  42% (7806/18515)   Resolving deltas:  43% (7966/18515)   Resolving deltas:  45% (8339/18515)   Resolving deltas:  47% (8710/18515)   Resolving deltas:  48% (8993/18515)   Resolving deltas:  49% (9162/18515)   Resolving deltas:  50% (9294/18515)   Resolving deltas:  51% (9444/18515)   Resolving deltas:  53% (9882/18515)   Resolving deltas:  57% (10683/18515)   Resolving deltas:  58% (10851/18515)   Resolving deltas:  59% (10945/18515)   Resolving deltas:  60% (11119/18515)   Resolving deltas:  62% (11567/18515)   Resolving deltas:  65% (12089/18515)   Resolving deltas:  66% (12220/18515)   Resolving deltas:  67% (12418/18515)   Resolving deltas:  68% (12619/18515)   Resolving deltas:  69% (12776/18515)   Resolving deltas:  70% (12964/18515)   Resolving deltas:  75% (14016/18515)   Resolving deltas:  76% (14092/18515)   Resolving deltas:  76% (14239/18515)   Resolving deltas:  77% (14260/18515)   Resolving deltas:  78% (14532/18515)   Resolving deltas:  79% (14630/18515)   Resolving deltas:  80% (14819/18515)   Resolving deltas:  81% (15006/18515)   Resolving deltas:  82% (15359/18515)   Resolving deltas:  83% (15378/18515)   Resolving deltas:  84% (15558/18515)   Resolving deltas:  88% (16402/18515)   Resolving deltas:  89% (16485/18515)   Resolving deltas:  90% (16819/18515)   Resolving deltas:  91% (16850/18515)   Resolving deltas:  93% (17268/18515)   Resolving deltas:  95% (17626/18515)   Resolving deltas:  96% (17881/18515)   Resolving deltas:  97% (17960/18515)   Resolving deltas:  98% (18154/18515)   Resolving deltas: 100% (18515/18515)   Resolving deltas: 100% (18515/18515), done.
Checking connectivity... done.
Submodule path 'gluon/packages/dal': checked out '419ab9fe3cdb318548fa33147e877a2dc448b8f6'
travis_time:end:182b0cb0:start=1435603184375789691,finish=1435603187877045263,duration=3501255572[0Ktravis_fold:end:git.submodule[0K
[33;1mThis job is running on container-based infrastructure, which does not allow use of 'sudo', setuid and setguid executables.[0m
[33;1mIf you require sudo, add 'sudo: required' to your .travis.yml[0m
[33;1mSee http://docs.travis-ci.com/user/workers/container-based-infrastructure/ for details.[0m
travis_fold:start:cache.1[0KSetting up build cache
$ export CASHER_DIR=$HOME/.casher
travis_time:start:307fc698[0K$ Installing caching utilities
travis_time:end:307fc698:start=1435603190432016796,finish=1435603190457891814,duration=25875018[0Ktravis_time:start:2102ded0[0Kattempting to download cache archive
fetching master/cache--python-2.6.tbz
found cache
travis_time:end:2102ded0:start=1435603190462463759,finish=1435603190877097996,duration=414634237[0Ktravis_time:start:06dcf770[0Kadding /home/travis/.pip-cache to cache
travis_time:end:06dcf770:start=1435603190880882079,finish=1435603191158189207,duration=277307128[0Ktravis_fold:end:cache.1[0Ktravis_time:start:11423c73[0K$ source ~/virtualenv/python2.6/bin/activate
travis_time:end:11423c73:start=1435603191162621986,finish=1435603191167068808,duration=4446822[0K$ python --version
Python 2.6.9
$ pip --version
pip 6.0.7 from /home/travis/virtualenv/python2.6.9/lib/python2.6/site-packages (python 2.6)
travis_fold:start:install[0Ktravis_time:start:1eb8b5ef[0K$ pip install -e .
[33mYou are using pip version 6.0.7, however version 7.0.3 is available.
You should consider upgrading via the 'pip install --upgrade pip' command.[0m
Obtaining file:///home/travis/build/web2py/web2py
    /home/travis/virtualenv/python2.6.9/lib/python2.6/site-packages/setuptools/dist.py:292: UserWarning: The version specified ('2.11.2-stable+timestamp.2015.05.30.11.29.46') is an invalid version, this may not work as expected with newer versions of setuptools, pip, and PyPI. Please see PEP 440 for more details.
      "details." % self.metadata.version
    /home/travis/build/web2py/web2py/setup.py:12: DeprecationWarning: Parameters to load are deprecated.  Call .resolve and .require separately.
      """
Installing collected packages: web2py
  Running setup.py develop for web2py
    /home/travis/virtualenv/python2.6.9/lib/python2.6/site-packages/setuptools/dist.py:292: UserWarning: The version specified ('2.11.2-stable+timestamp.2015.05.30.11.29.46') is an invalid version, this may not work as expected with newer versions of setuptools, pip, and PyPI. Please see PEP 440 for more details.
      "details." % self.metadata.version
    /home/travis/virtualenv/python2.6.9/lib/python2.6/site-packages/pkg_resources/__init__.py:2510: PEP440Warning: 'web2py (2.11.2-stable-timestamp.2015.05.30.11.29.46)' is being parsed as a legacy, non PEP 440, version. You may find odd behavior and sort order. In particular it will be sorted as less than 0.0. It is recommend to migrate to PEP 440 compatible versions.
      PEP440Warning,
    /home/travis/virtualenv/python2.6.9/lib/python2.6/site-packages/setuptools/command/egg_info.py:171: DeprecationWarning: Parameters to load are deprecated.  Call .resolve and .require separately.
      writer = ep.load(installer=installer)
    Creating /home/travis/virtualenv/python2.6.9/lib/python2.6/site-packages/web2py.egg-link (link to .)
    Adding web2py 2.11.2-stable-timestamp.2015.05.30.11.29.46 to easy-install.pth file
    Installed /home/travis/build/web2py/web2py
Successfully installed web2py
travis_time:end:1eb8b5ef:start=1435603191572097508,finish=1435603193313779273,duration=1741681765[0Ktravis_fold:end:install[0Ktravis_fold:start:before_script.1[0Ktravis_time:start:045aeae0[0K$ if [[ $TRAVIS_PYTHON_VERSION == '2.6' ]]; then pip install --download-cache $HOME/.pip-cache unittest2; fi
[33mYou are using pip version 6.0.7, however version 7.0.3 is available.
You should consider upgrading via the 'pip install --upgrade pip' command.[0m
[33mDEPRECATION: --download-cache has been deprecated and will be removed in the future. Pip now automatically uses and configures its cache.[0m
Collecting unittest2
  Downloading unittest2-1.0.1-py2.py3-none-any.whl (95kB)
[?25l[K    4% |#                               | 4.1kB 21.9MB/s eta 0:00:01[K    8% |##                              | 8.2kB 18.5MB/s eta 0:00:01[K    12% |####                            | 12kB 18.5MB/s eta 0:00:01[K    17% |#####                           | 16kB 17.4MB/s eta 0:00:01[K    21% |######                          | 20kB 17.9MB/s eta 0:00:01[K    25% |########                        | 24kB 18.4MB/s eta 0:00:01[K    30% |#########                       | 28kB 18.7MB/s eta 0:00:01[K    34% |###########                     | 32kB 8.6MB/s eta 0:00:01[K    38% |############                    | 36kB 8.8MB/s eta 0:00:01[K    42% |#############                   | 40kB 9.3MB/s eta 0:00:01[K    47% |###############                 | 45kB 9.2MB/s eta 0:00:01[K    51% |################                | 49kB 4.0MB/s eta 0:00:01[K    55% |#################               | 53kB 4.0MB/s eta 0:00:01[K    60% |###################             | 57kB 4.0MB/s eta 0:00:01[K    64% |####################            | 61kB 4.0MB/s eta 0:00:01[K    68% |######################          | 65kB 3.9MB/s eta 0:00:01[K    73% |#######################         | 69kB 3.9MB/s eta 0:00:01[K    77% |########################        | 73kB 4.9MB/s eta 0:00:01[K    81% |##########################      | 77kB 5.0MB/s eta 0:00:01[K    85% |###########################     | 81kB 5.0MB/s eta 0:00:01[K    90% |############################    | 86kB 5.0MB/s eta 0:00:01[K    94% |##############################  | 90kB 16.7MB/s eta 0:00:01[K    98% |############################### | 94kB 18.1MB/s eta 0:00:01[K    100% |################################| 98kB 3.1MB/s 
[?25hRequirement already satisfied (use --upgrade to upgrade): argparse in /home/travis/virtualenv/python2.6.9/lib/python2.6/site-packages (from unittest2)
Collecting traceback2 (from unittest2)
  Downloading traceback2-1.4.0-py2.py3-none-any.whl
Collecting six>=1.4 (from unittest2)
  Downloading six-1.9.0-py2.py3-none-any.whl
Collecting linecache2 (from traceback2->unittest2)
  Downloading linecache2-1.0.0-py2.py3-none-any.whl
Installing collected packages: linecache2, six, traceback2, unittest2
  Compiling /tmp/pip-build-llcXmk/linecache2/linecache2/tests/inspect_fodder2.py ...
  
  




Successfully installed linecache2-1.0.0 six-1.9.0 traceback2-1.4.0 unittest2-1.0.1
travis_time:end:045aeae0:start=1435603193317998517,finish=1435603194265137049,duration=947138532[0Ktravis_fold:end:before_script.1[0Ktravis_fold:start:before_script.2[0Ktravis_time:start:0055384f[0K$ if [[ $TRAVIS_PYTHON_VERSION == '2.7' ]]; then pip install --download-cache $HOME/.pip-cache coverage; fi;
travis_time:end:0055384f:start=1435603194270017033,finish=1435603194273312441,duration=3295408[0Ktravis_fold:end:before_script.2[0Ktravis_fold:start:before_script.3[0Ktravis_time:start:27218665[0K$ if [[ $TRAVIS_PYTHON_VERSION == '2.7' ]]; then pip install --download-cache $HOME/.pip-cache codecov; fi
travis_time:end:27218665:start=1435603194277816903,finish=1435603194281880095,duration=4063192[0Ktravis_fold:end:before_script.3[0Ktravis_time:start:2e89950c[0K$ export COVERAGE_PROCESS_START=gluon/tests/coverage.ini; ./web2py.py --run_system_tests --with_coverage
Python 2.5 or 2.6
testA (gluon.tests.test_html.TestBareHelpers) ... ok
testB (gluon.tests.test_html.TestBareHelpers) ... ok
testBODY (gluon.tests.test_html.TestBareHelpers) ... ok
testBR (gluon.tests.test_html.TestBareHelpers) ... ok
testCENTER (gluon.tests.test_html.TestBareHelpers) ... ok
testDIV (gluon.tests.test_html.TestBareHelpers) ... ok
testEM (gluon.tests.test_html.TestBareHelpers) ... ok
testEMBED (gluon.tests.test_html.TestBareHelpers) ... ok
testFIELDSET (gluon.tests.test_html.TestBareHelpers) ... ok
testFORM (gluon.tests.test_html.TestBareHelpers) ... ok
testH1 (gluon.tests.test_html.TestBareHelpers) ... ok
testH2 (gluon.tests.test_html.TestBareHelpers) ... ok
testH3 (gluon.tests.test_html.TestBareHelpers) ... ok
testH4 (gluon.tests.test_html.TestBareHelpers) ... ok
testH5 (gluon.tests.test_html.TestBareHelpers) ... ok
testH6 (gluon.tests.test_html.TestBareHelpers) ... ok
testHEAD (gluon.tests.test_html.TestBareHelpers) ... ok
testHR (gluon.tests.test_html.TestBareHelpers) ... ok
testHTML (gluon.tests.test_html.TestBareHelpers) ... ok
testIFRAME (gluon.tests.test_html.TestBareHelpers) ... ok
testIMG (gluon.tests.test_html.TestBareHelpers) ... ok
testINPUT (gluon.tests.test_html.TestBareHelpers) ... ok
testLABEL (gluon.tests.test_html.TestBareHelpers) ... ok
testLI (gluon.tests.test_html.TestBareHelpers) ... ok
testLINK (gluon.tests.test_html.TestBareHelpers) ... ok
testMETA (gluon.tests.test_html.TestBareHelpers) ... ok
testOBJECT (gluon.tests.test_html.TestBareHelpers) ... ok
testOL (gluon.tests.test_html.TestBareHelpers) ... ok
testOPTION (gluon.tests.test_html.TestBareHelpers) ... ok
testP (gluon.tests.test_html.TestBareHelpers) ... ok
testPRE (gluon.tests.test_html.TestBareHelpers) ... ok
testSCRIPT (gluon.tests.test_html.TestBareHelpers) ... ok
testSELECT (gluon.tests.test_html.TestBareHelpers) ... ok
testSPAN (gluon.tests.test_html.TestBareHelpers) ... ok
testSTYLE (gluon.tests.test_html.TestBareHelpers) ... ok
testStaticURL (gluon.tests.test_html.TestBareHelpers) ... ok
testTABLE (gluon.tests.test_html.TestBareHelpers) ... ok
testTAG (gluon.tests.test_html.TestBareHelpers) ... ok
testTBODY (gluon.tests.test_html.TestBareHelpers) ... ok
testTD (gluon.tests.test_html.TestBareHelpers) ... ok
testTEXTAREA (gluon.tests.test_html.TestBareHelpers) ... ok
testTFOOT (gluon.tests.test_html.TestBareHelpers) ... ok
testTH (gluon.tests.test_html.TestBareHelpers) ... ok
testTHEAD (gluon.tests.test_html.TestBareHelpers) ... ok
testTITLE (gluon.tests.test_html.TestBareHelpers) ... ok
testTR (gluon.tests.test_html.TestBareHelpers) ... ok
testTT (gluon.tests.test_html.TestBareHelpers) ... ok
testUL (gluon.tests.test_html.TestBareHelpers) ... ok
testURL (gluon.tests.test_html.TestBareHelpers) ... ok
testXML (gluon.tests.test_html.TestBareHelpers) ... ok
testverifyURL (gluon.tests.test_html.TestBareHelpers) ... ok
testCacheInRam (gluon.tests.test_cache.TestCache) ... ok
testCacheOnDisk (gluon.tests.test_cache.TestCache) ... ok
testCacheWithPrefix (gluon.tests.test_cache.TestCache) ... ok
testDALcache (gluon.tests.test_cache.TestCache) ... ok
testRegex (gluon.tests.test_cache.TestCache) ... ok
testTypeRecognition (gluon.tests.test_contenttype.TestContentType) ... ok
test_appconfig (gluon.tests.test_contribs.TestContribs) ... ok
test_fpdf (gluon.tests.test_contribs.TestContribs)
Basic PDF test and sanity checks ... ok
testRun (gluon.tests.test_dal.TestDALSubclass) ... ok
testSerialization (gluon.tests.test_dal.TestDALSubclass) ... ok
testAdata (gluon.tests.test_html.TestData) ... ok
testParseVersion (gluon.tests.test_fileutils.TestFileUtils) ... ok
test_status_message (gluon.tests.test_http.TestHTTP)
Tests http status code message ... ok
testInvalidUrls (gluon.tests.test_is_url.TestIsGenericUrl) ... ok
testPrepending (gluon.tests.test_is_url.TestIsGenericUrl) ... ok
testValidUrls (gluon.tests.test_is_url.TestIsGenericUrl) ... ok
testInvalidUrls (gluon.tests.test_is_url.TestIsHttpUrl) ... ok
testPrepending (gluon.tests.test_is_url.TestIsHttpUrl) ... ok
testValidUrls (gluon.tests.test_is_url.TestIsHttpUrl) ... ok
testExceptionalUse (gluon.tests.test_is_url.TestIsUrl) ... ok
testModeGeneric (gluon.tests.test_is_url.TestIsUrl) ... ok
testModeHttp (gluon.tests.test_is_url.TestIsUrl) ... ok
test_reads_and_writes (gluon.tests.test_languages.TestLanguagesParallel) ... ok
test_reads_and_writes_no_mp (gluon.tests.test_languages.TestLanguagesParallel) ... ok
test_listcall (gluon.tests.test_storage.TestList) ... ok
test_listgetitem (gluon.tests.test_storage.TestList)
Mantains list behaviour. ... ok
test_compile (gluon.tests.test_utils.TestPack) ... ok
test_request_collide (gluon.tests.test_router.TestRouter) ... ok
test_request_uri (gluon.tests.test_router.TestRouter) ... ok
test_router_absolute (gluon.tests.test_router.TestRouter) ... ok
test_router_app (gluon.tests.test_router.TestRouter)
Tests the doctest router app resolution ... ok
test_router_args (gluon.tests.test_router.TestRouter) ... ok
test_router_defapp (gluon.tests.test_router.TestRouter)
Test the default-application function ... ok
test_router_domains (gluon.tests.test_router.TestRouter) ... ok
test_router_domains_ed (gluon.tests.test_router.TestRouter) ... ok
test_router_domains_fs (gluon.tests.test_router.TestRouter) ... ok
test_router_error (gluon.tests.test_router.TestRouter) ... ok
test_router_functions (gluon.tests.test_router.TestRouter) ... ok
test_router_functions2 (gluon.tests.test_router.TestRouter) ... ok
test_router_get_effective (gluon.tests.test_router.TestRouter) ... ok
test_router_hyphen (gluon.tests.test_router.TestRouter) ... ok
test_router_lang (gluon.tests.test_router.TestRouter) ... ok
test_router_nodef (gluon.tests.test_router.TestRouter)
Test no-default functions ... ok
test_router_null (gluon.tests.test_router.TestRouter)
Tests the null router ... ok
test_router_out (gluon.tests.test_router.TestRouter) ... ok
test_router_prefix (gluon.tests.test_router.TestRouter) ... ok
test_router_raise (gluon.tests.test_router.TestRouter) ... ok
test_router_specific (gluon.tests.test_router.TestRouter) ... ok
test_router_static_path (gluon.tests.test_router.TestRouter) ... ok
test_router_syntax (gluon.tests.test_router.TestRouter)
Test router syntax error ... ok
test_routes_anchor (gluon.tests.test_router.TestRouter) ... ok
test_request_uri (gluon.tests.test_routes.TestRoutes) ... ok
test_routes_absolute (gluon.tests.test_routes.TestRoutes) ... ok
test_routes_anchor (gluon.tests.test_routes.TestRoutes) ... ok
test_routes_args (gluon.tests.test_routes.TestRoutes) ... ok
test_routes_defapp (gluon.tests.test_routes.TestRoutes)
Test the default-application function ... ok
test_routes_error (gluon.tests.test_routes.TestRoutes) ... ok
test_routes_null (gluon.tests.test_routes.TestRoutes)
Tests a null routes table ... ok
test_routes_query (gluon.tests.test_routes.TestRoutes)
Test query appending ... ok
test_routes_raise (gluon.tests.test_routes.TestRoutes) ... ok
test_routes_specific (gluon.tests.test_routes.TestRoutes) ... ok
testJSON (gluon.tests.test_serializers.TestSerializers) ... ok
test_IS_URL (gluon.tests.test_is_url.TestSimple) ... ok
test_attribute (gluon.tests.test_storage.TestStorage)
Tests Storage attribute handling ... ok
test_getfirst (gluon.tests.test_storage.TestStorage) ... ok
test_getlast (gluon.tests.test_storage.TestStorage) ... ok
test_getlist (gluon.tests.test_storage.TestStorage) ... ok
test_item (gluon.tests.test_storage.TestStorage)
Tests Storage item handling ... ok
test_pickling (gluon.tests.test_storage.TestStorage)
Test storage pickling ... ok
test_store_none (gluon.tests.test_storage.TestStorage)
Test Storage store-None handling ... ok
test_attribute (gluon.tests.test_storage.TestStorageList) ... ok
test_plain (gluon.tests.test_languages.TestTranslations) ... ok
testInvalidUrls (gluon.tests.test_is_url.TestUnicode) ... ok
testUnicodeToAsciiUrl (gluon.tests.test_is_url.TestUnicode) ... ok
testValidUrls (gluon.tests.test_is_url.TestUnicode) ... ok
test_compare (gluon.tests.test_utils.TestUtils)
Tests the compare funciton ... ok
test_md5_hash (gluon.tests.test_utils.TestUtils)
Tests the md5_hash function ... ok
test_simple_hash (gluon.tests.test_utils.TestUtils)
Tests the simple_hash function ... ok
test_ANY_OF (gluon.tests.test_validators.TestValidators) ... ok
test_CLEANUP (gluon.tests.test_validators.TestValidators) ... ok
test_CRYPT (gluon.tests.test_validators.TestValidators) ... ok
test_IS_ALPHANUMERIC (gluon.tests.test_validators.TestValidators) ... ok
test_IS_DATE (gluon.tests.test_validators.TestValidators) ... ok
test_IS_DATETIME (gluon.tests.test_validators.TestValidators) ... ok
test_IS_DATETIME_IN_RANGE (gluon.tests.test_validators.TestValidators) ... ok
test_IS_DATE_IN_RANGE (gluon.tests.test_validators.TestValidators) ... ok
test_IS_DECIMAL_IN_RANGE (gluon.tests.test_validators.TestValidators) ... ok
test_IS_EMAIL (gluon.tests.test_validators.TestValidators) ... ok
test_IS_EMPTY_OR (gluon.tests.test_validators.TestValidators) ... ok
test_IS_EQUAL_TO (gluon.tests.test_validators.TestValidators) ... ok
test_IS_EXPR (gluon.tests.test_validators.TestValidators) ... ok
test_IS_FLOAT_IN_RANGE (gluon.tests.test_validators.TestValidators) ... ok
test_IS_INT_IN_RANGE (gluon.tests.test_validators.TestValidators) ... ok
test_IS_IN_SET (gluon.tests.test_validators.TestValidators) ... ok
test_IS_IPADDRESS (gluon.tests.test_validators.TestValidators) ... ok
test_IS_IPV4 (gluon.tests.test_validators.TestValidators) ... ok
test_IS_IPV6 (gluon.tests.test_validators.TestValidators) ... ok
test_IS_JSON (gluon.tests.test_validators.TestValidators) ... ok
test_IS_LENGTH (gluon.tests.test_validators.TestValidators) ... ok
test_IS_LIST_OF (gluon.tests.test_validators.TestValidators) ... ok
test_IS_LIST_OF_EMAILS (gluon.tests.test_validators.TestValidators) ... ok
test_IS_LOWER (gluon.tests.test_validators.TestValidators) ... ok
test_IS_MATCH (gluon.tests.test_validators.TestValidators) ... ok
test_IS_NOT_EMPTY (gluon.tests.test_validators.TestValidators) ... ok
test_IS_SLUG (gluon.tests.test_validators.TestValidators) ... ok
test_IS_STRONG (gluon.tests.test_validators.TestValidators) ... ok
test_IS_TIME (gluon.tests.test_validators.TestValidators) ... ok
test_IS_UPLOAD_FILENAME (gluon.tests.test_validators.TestValidators) ... ok
test_IS_UPPER (gluon.tests.test_validators.TestValidators) ... ok
testEqualWrite (gluon.tests.test_template.TestVirtualFields)
test generation of response.write from = ... ok
testRun (gluon.tests.test_template.TestVirtualFields) ... ok
Sleeping before web2py starts...
web2py Web Framework
Created by Massimo Di Pierro, Copyright 2007-2015
Version 2.11.2-stable+timestamp.2015.05.30.11.29.46
Database drivers available: sqlite3, imaplib, pyodbc, pymysql, pg8000

please visit:
	http://127.0.0.1:8000/
use "kill -SIGTERM 2380" to shutdown the web2py server


1 ...
2 ...
3 ...
4 ...
5 ...
6 ...
7 ...
8 ...
9 ...
10 ...

testRegisterAndLogin (gluon.tests.test_web.TestWeb) ... ERROR
testSoap (gluon.tests.test_web.TestWeb) ... ERROR:gluon.contrib.pysimplesoap.server:Traceback (most recent call last):
  File "/home/travis/build/web2py/web2py/gluon/contrib/pysimplesoap/server.py", line 184, in dispatch
    ret = function(**args)
  File "/home/travis/build/web2py/web2py/applications/examples/controllers/soap_examples.py", line 26, in division
    return a / b
ZeroDivisionError: float division

ERROR:gluon.contrib.pysimplesoap.server:Traceback (most recent call last):
  File "/home/travis/build/web2py/web2py/gluon/contrib/pysimplesoap/server.py", line 184, in dispatch
    ret = function(**args)
  File "/home/travis/build/web2py/web2py/applications/examples/controllers/soap_examples.py", line 26, in division
    return a / b
ZeroDivisionError: float division

ok
testStaticCache (gluon.tests.test_web.TestWeb) ... ok
Killing webserver
testRun (gluon.tests.test_tools.testAuth) ... ok
test_include_files (gluon.tests.test_globals.testResponse) ... ok

======================================================================
ERROR: testRegisterAndLogin (gluon.tests.test_web.TestWeb)
----------------------------------------------------------------------
Traceback (most recent call last):
  File "/home/travis/build/web2py/web2py/gluon/tests/test_web.py", line 87, in testRegisterAndLogin
    client.get('index')
  File "/home/travis/build/web2py/web2py/gluon/contrib/webclient.py", line 53, in get
    headers=headers, method='GET')
  File "/home/travis/build/web2py/web2py/gluon/contrib/webclient.py", line 145, in post
    raise RuntimeError(self.headers['web2py_error'])
RuntimeError: ticket welcome/127.0.0.1.2015-06-29.18-40-09.30c91143-1dfe-490e-86d7-f7d99840582d

----------------------------------------------------------------------
Ran 167 tests in 14.847s

FAILED (errors=1)
travis_time:end:2e89950c:start=1435603194286531636,finish=1435603210010562564,duration=15724030928[0K
[31;1mThe command "export COVERAGE_PROCESS_START=gluon/tests/coverage.ini; ./web2py.py --run_system_tests --with_coverage" exited with 1.[0m
travis_fold:start:cache.2[0Kstore build cache
travis_time:start:00b6a01e[0Knothing changed, not updating cache
travis_time:end:00b6a01e:start=1435603210015063188,finish=1435603210297569994,duration=282506806[0Ktravis_fold:end:cache.2[0K
Done. Your build exited with 1.
