Using worker: worker-linux-docker-7ca0e7fa.prod.travis-ci.org:travis-linux-12

travis_fold:start:system_info[0K[33;1mBuild system information[0m
Build language: java
Build group: stable
Build dist: precise
[34m[1mBuild image provisioning date and time[0m
Thu Feb  5 15:09:33 UTC 2015
[34m[1mOperating System Details[0m
Distributor ID:	Ubuntu
Description:	Ubuntu 12.04.5 LTS
Release:	12.04
Codename:	precise
[34m[1mLinux Version[0m
3.13.0-29-generic
[34m[1mCookbooks Version[0m
a68419e https://github.com/travis-ci/travis-cookbooks/tree/a68419e
[34m[1mGCC version[0m
gcc (Ubuntu/Linaro 4.6.3-1ubuntu5) 4.6.3
Copyright (C) 2011 Free Software Foundation, Inc.
This is free software; see the source for copying conditions.  There is NO
warranty; not even for MERCHANTABILITY or FITNESS FOR A PARTICULAR PURPOSE.

[34m[1mLLVM version[0m
clang version 3.4 (tags/RELEASE_34/final)
Target: x86_64-unknown-linux-gnu
Thread model: posix
[34m[1mPre-installed Ruby versions[0m
ruby-1.9.3-p551
[34m[1mPre-installed Node.js versions[0m
v0.10.36
[34m[1mPre-installed Go versions[0m
1.4.1
[34m[1mRedis version[0m
redis-server 2.8.19
[34m[1mriak version[0m
2.0.2
[34m[1mMongoDB version[0m
MongoDB 2.4.12
[34m[1mCouchDB version[0m
couchdb 1.6.1
[34m[1mNeo4j version[0m
1.9.4
[34m[1mRabbitMQ Version[0m
3.4.3
[34m[1mElasticSearch version[0m
1.4.0
[34m[1mInstalled Sphinx versions[0m
2.0.10
2.1.9
2.2.6
[34m[1mDefault Sphinx version[0m
2.2.6
[34m[1mInstalled Firefox version[0m
firefox 31.0esr
[34m[1mPhantomJS version[0m
1.9.8
[34m[1mant -version[0m
Apache Ant(TM) version 1.8.2 compiled on December 3 2011
[34m[1mmvn -version[0m
Apache Maven 3.2.5 (12a6b3acb947671f09b81f49094c53f426d8cea1; 2014-12-14T17:29:23+00:00)
Maven home: /usr/local/maven
Java version: 1.7.0_76, vendor: Oracle Corporation
Java home: /usr/lib/jvm/java-7-oracle/jre
Default locale: en_US, platform encoding: ANSI_X3.4-1968
OS name: "linux", version: "3.13.0-29-generic", arch: "amd64", family: "unix"
travis_fold:end:system_info[0K
travis_fold:start:fix.CVE-2015-7547[0K$ export DEBIAN_FRONTEND=noninteractive
W: Size of file /var/lib/apt/lists/us.archive.ubuntu.com_ubuntu_dists_precise-backports_multiverse_source_Sources.gz is not what the server reported 5886 5888
W: Size of file /var/lib/apt/lists/ppa.launchpad.net_ubuntugis_ppa_ubuntu_dists_precise_main_binary-amd64_Packages.gz is not what the server reported 36669 36677
W: Size of file /var/lib/apt/lists/ppa.launchpad.net_ubuntugis_ppa_ubuntu_dists_precise_main_binary-i386_Packages.gz is not what the server reported 36729 36733
Reading package lists...
Building dependency tree...
Reading state information...
The following extra packages will be installed:
  libc-bin libc-dev-bin libc6-dev
Suggested packages:
  glibc-doc
The following packages will be upgraded:
  libc-bin libc-dev-bin libc6 libc6-dev
4 upgraded, 0 newly installed, 0 to remove and 252 not upgraded.
Need to get 8,840 kB of archives.
After this operation, 14.3 kB disk space will be freed.
Get:1 http://us.archive.ubuntu.com/ubuntu/ precise-updates/main libc6-dev amd64 2.15-0ubuntu10.15 [2,943 kB]
Get:2 http://us.archive.ubuntu.com/ubuntu/ precise-updates/main libc-dev-bin amd64 2.15-0ubuntu10.15 [84.7 kB]
Get:3 http://us.archive.ubuntu.com/ubuntu/ precise-updates/main libc-bin amd64 2.15-0ubuntu10.15 [1,177 kB]
Get:4 http://us.archive.ubuntu.com/ubuntu/ precise-updates/main libc6 amd64 2.15-0ubuntu10.15 [4,636 kB]
Fetched 8,840 kB in 0s (20.7 MB/s)
Preconfiguring packages ...
(Reading database ... (Reading database ... 5%(Reading database ... 10%(Reading database ... 15%(Reading database ... 20%(Reading database ... 25%(Reading database ... 30%(Reading database ... 35%(Reading database ... 40%(Reading database ... 45%(Reading database ... 50%(Reading database ... 55%(Reading database ... 60%(Reading database ... 65%(Reading database ... 70%(Reading database ... 75%(Reading database ... 80%(Reading database ... 85%(Reading database ... 90%(Reading database ... 95%(Reading database ... 100%(Reading database ... 72019 files and directories currently installed.)
Preparing to replace libc6-dev 2.15-0ubuntu10.10 (using .../libc6-dev_2.15-0ubuntu10.15_amd64.deb) ...
Unpacking replacement libc6-dev ...
Preparing to replace libc-dev-bin 2.15-0ubuntu10.10 (using .../libc-dev-bin_2.15-0ubuntu10.15_amd64.deb) ...
Unpacking replacement libc-dev-bin ...
Preparing to replace libc-bin 2.15-0ubuntu10.10 (using .../libc-bin_2.15-0ubuntu10.15_amd64.deb) ...
Unpacking replacement libc-bin ...
Processing triggers for man-db ...
Setting up libc-bin (2.15-0ubuntu10.15) ...
(Reading database ... (Reading database ... 5%(Reading database ... 10%(Reading database ... 15%(Reading database ... 20%(Reading database ... 25%(Reading database ... 30%(Reading database ... 35%(Reading database ... 40%(Reading database ... 45%(Reading database ... 50%(Reading database ... 55%(Reading database ... 60%(Reading database ... 65%(Reading database ... 70%(Reading database ... 75%(Reading database ... 80%(Reading database ... 85%(Reading database ... 90%(Reading database ... 95%(Reading database ... 100%(Reading database ... 72018 files and directories currently installed.)
Preparing to replace libc6 2.15-0ubuntu10.10 (using .../libc6_2.15-0ubuntu10.15_amd64.deb) ...
Unpacking replacement libc6 ...
Setting up libc6 (2.15-0ubuntu10.15) ...
Setting up libc-dev-bin (2.15-0ubuntu10.15) ...
Setting up libc6-dev (2.15-0ubuntu10.15) ...
Processing triggers for libc-bin ...
ldconfig deferred processing now taking place
travis_fold:end:fix.CVE-2015-7547[0Kdepth=3 C = US, O = "Entrust, Inc.", OU = www.entrust.net/CPS is incorporated by reference, OU = "(c) 2006 Entrust, Inc.", CN = Entrust Root Certification Authority
verify error:num=19:self signed certificate in certificate chain
verify return:0
DONE
travis_fold:start:git.checkout[0Ktravis_time:start:286fcfa2[0K$ git clone --depth=50 --branch=0.27.x https://github.com/stagemonitor/stagemonitor.git stagemonitor/stagemonitor
Cloning into 'stagemonitor/stagemonitor'...
remote: Counting objects: 2132, done.[K
remote: Compressing objects:   0% (1/1332)   [Kremote: Compressing objects:   1% (14/1332)   [Kremote: Compressing objects:   2% (27/1332)   [Kremote: Compressing objects:   3% (40/1332)   [Kremote: Compressing objects:   4% (54/1332)   [Kremote: Compressing objects:   5% (67/1332)   [Kremote: Compressing objects:   6% (80/1332)   [Kremote: Compressing objects:   7% (94/1332)   [Kremote: Compressing objects:   8% (107/1332)   [Kremote: Compressing objects:   9% (120/1332)   [Kremote: Compressing objects:  10% (134/1332)   [Kremote: Compressing objects:  11% (147/1332)   [Kremote: Compressing objects:  12% (160/1332)   [Kremote: Compressing objects:  13% (174/1332)   [Kremote: Compressing objects:  14% (187/1332)   [Kremote: Compressing objects:  15% (200/1332)   [Kremote: Compressing objects:  16% (214/1332)   [Kremote: Compressing objects:  17% (227/1332)   [Kremote: Compressing objects:  18% (240/1332)   [Kremote: Compressing objects:  19% (254/1332)   [Kremote: Compressing objects:  20% (267/1332)   [Kremote: Compressing objects:  21% (280/1332)   [Kremote: Compressing objects:  22% (294/1332)   [Kremote: Compressing objects:  23% (307/1332)   [Kremote: Compressing objects:  24% (320/1332)   [Kremote: Compressing objects:  25% (333/1332)   [Kremote: Compressing objects:  26% (347/1332)   [Kremote: Compressing objects:  27% (360/1332)   [Kremote: Compressing objects:  28% (373/1332)   [Kremote: Compressing objects:  29% (387/1332)   [Kremote: Compressing objects:  30% (400/1332)   [Kremote: Compressing objects:  31% (413/1332)   [Kremote: Compressing objects:  32% (427/1332)   [Kremote: Compressing objects:  33% (440/1332)   [Kremote: Compressing objects:  34% (453/1332)   [Kremote: Compressing objects:  35% (467/1332)   [Kremote: Compressing objects:  36% (480/1332)   [Kremote: Compressing objects:  37% (493/1332)   [Kremote: Compressing objects:  38% (507/1332)   [Kremote: Compressing objects:  39% (520/1332)   [Kremote: Compressing objects:  40% (533/1332)   [Kremote: Compressing objects:  41% (547/1332)   [Kremote: Compressing objects:  42% (560/1332)   [Kremote: Compressing objects:  43% (573/1332)   [Kremote: Compressing objects:  44% (587/1332)   [Kremote: Compressing objects:  45% (600/1332)   [Kremote: Compressing objects:  46% (613/1332)   [Kremote: Compressing objects:  47% (627/1332)   [Kremote: Compressing objects:  48% (640/1332)   [Kremote: Compressing objects:  49% (653/1332)   [Kremote: Compressing objects:  50% (666/1332)   [Kremote: Compressing objects:  51% (680/1332)   [Kremote: Compressing objects:  52% (693/1332)   [Kremote: Compressing objects:  53% (706/1332)   [Kremote: Compressing objects:  54% (720/1332)   [Kremote: Compressing objects:  55% (733/1332)   [Kremote: Compressing objects:  56% (746/1332)   [Kremote: Compressing objects:  57% (760/1332)   [Kremote: Compressing objects:  58% (773/1332)   [Kremote: Compressing objects:  59% (786/1332)   [Kremote: Compressing objects:  60% (800/1332)   [Kremote: Compressing objects:  61% (813/1332)   [Kremote: Compressing objects:  62% (826/1332)   [Kremote: Compressing objects:  63% (840/1332)   [Kremote: Compressing objects:  64% (853/1332)   [Kremote: Compressing objects:  65% (866/1332)   [Kremote: Compressing objects:  66% (880/1332)   [Kremote: Compressing objects:  67% (893/1332)   [Kremote: Compressing objects:  68% (906/1332)   [Kremote: Compressing objects:  69% (920/1332)   [Kremote: Compressing objects:  70% (933/1332)   [Kremote: Compressing objects:  71% (946/1332)   [Kremote: Compressing objects:  72% (960/1332)   [Kremote: Compressing objects:  73% (973/1332)   [Kremote: Compressing objects:  74% (986/1332)   [Kremote: Compressing objects:  75% (999/1332)   [Kremote: Compressing objects:  76% (1013/1332)   [Kremote: Compressing objects:  77% (1026/1332)   [Kremote: Compressing objects:  78% (1039/1332)   [Kremote: Compressing objects:  79% (1053/1332)   [Kremote: Compressing objects:  80% (1066/1332)   [Kremote: Compressing objects:  81% (1079/1332)   [Kremote: Compressing objects:  82% (1093/1332)   [Kremote: Compressing objects:  83% (1106/1332)   [Kremote: Compressing objects:  84% (1119/1332)   [Kremote: Compressing objects:  85% (1133/1332)   [Kremote: Compressing objects:  86% (1146/1332)   [Kremote: Compressing objects:  87% (1159/1332)   [Kremote: Compressing objects:  88% (1173/1332)   [Kremote: Compressing objects:  89% (1186/1332)   [Kremote: Compressing objects:  90% (1199/1332)   [Kremote: Compressing objects:  91% (1213/1332)   [Kremote: Compressing objects:  92% (1226/1332)   [Kremote: Compressing objects:  93% (1239/1332)   [Kremote: Compressing objects:  94% (1253/1332)   [Kremote: Compressing objects:  95% (1266/1332)   [Kremote: Compressing objects:  96% (1279/1332)   [Kremote: Compressing objects:  97% (1293/1332)   [Kremote: Compressing objects:  98% (1306/1332)   [Kremote: Compressing objects:  99% (1319/1332)   [Kremote: Compressing objects: 100% (1332/1332)   [Kremote: Compressing objects: 100% (1332/1332), done.[K
Receiving objects:   0% (1/2132)   Receiving objects:   1% (22/2132)   Receiving objects:   2% (43/2132)   Receiving objects:   3% (64/2132)   Receiving objects:   4% (86/2132)   Receiving objects:   5% (107/2132)   Receiving objects:   6% (128/2132)   Receiving objects:   7% (150/2132)   Receiving objects:   8% (171/2132)   Receiving objects:   9% (192/2132)   Receiving objects:  10% (214/2132)   Receiving objects:  11% (235/2132)   Receiving objects:  12% (256/2132)   Receiving objects:  13% (278/2132)   Receiving objects:  14% (299/2132)   Receiving objects:  15% (320/2132)   Receiving objects:  16% (342/2132)   Receiving objects:  17% (363/2132)   Receiving objects:  18% (384/2132)   Receiving objects:  19% (406/2132)   Receiving objects:  20% (427/2132)   Receiving objects:  21% (448/2132)   Receiving objects:  22% (470/2132)   Receiving objects:  23% (491/2132)   Receiving objects:  24% (512/2132)   Receiving objects:  25% (533/2132)   Receiving objects:  26% (555/2132)   Receiving objects:  27% (576/2132)   Receiving objects:  28% (597/2132)   Receiving objects:  29% (619/2132)   Receiving objects:  30% (640/2132)   Receiving objects:  31% (661/2132)   Receiving objects:  32% (683/2132)   Receiving objects:  33% (704/2132)   Receiving objects:  34% (725/2132)   Receiving objects:  35% (747/2132)   Receiving objects:  36% (768/2132)   Receiving objects:  37% (789/2132)   Receiving objects:  38% (811/2132)   Receiving objects:  39% (832/2132)   Receiving objects:  40% (853/2132)   Receiving objects:  41% (875/2132)   Receiving objects:  42% (896/2132)   Receiving objects:  43% (917/2132)   Receiving objects:  44% (939/2132)   Receiving objects:  45% (960/2132)   Receiving objects:  46% (981/2132)   Receiving objects:  47% (1003/2132)   Receiving objects:  48% (1024/2132)   Receiving objects:  49% (1045/2132)   Receiving objects:  50% (1066/2132)   Receiving objects:  51% (1088/2132)   Receiving objects:  52% (1109/2132)   Receiving objects:  53% (1130/2132)   Receiving objects:  54% (1152/2132)   Receiving objects:  55% (1173/2132)   Receiving objects:  56% (1194/2132)   Receiving objects:  57% (1216/2132)   Receiving objects:  58% (1237/2132)   Receiving objects:  59% (1258/2132)   Receiving objects:  60% (1280/2132)   Receiving objects:  61% (1301/2132)   Receiving objects:  62% (1322/2132)   Receiving objects:  63% (1344/2132)   Receiving objects:  64% (1365/2132)   Receiving objects:  65% (1386/2132)   remote: Total 2132 (delta 582), reused 1659 (delta 400), pack-reused 0[K
Receiving objects:  66% (1408/2132)   Receiving objects:  67% (1429/2132)   Receiving objects:  68% (1450/2132)   Receiving objects:  69% (1472/2132)   Receiving objects:  70% (1493/2132)   Receiving objects:  71% (1514/2132)   Receiving objects:  72% (1536/2132)   Receiving objects:  73% (1557/2132)   Receiving objects:  74% (1578/2132)   Receiving objects:  75% (1599/2132)   Receiving objects:  76% (1621/2132)   Receiving objects:  77% (1642/2132)   Receiving objects:  78% (1663/2132)   Receiving objects:  79% (1685/2132)   Receiving objects:  80% (1706/2132)   Receiving objects:  81% (1727/2132)   Receiving objects:  82% (1749/2132)   Receiving objects:  83% (1770/2132)   Receiving objects:  84% (1791/2132)   Receiving objects:  85% (1813/2132)   Receiving objects:  86% (1834/2132)   Receiving objects:  87% (1855/2132)   Receiving objects:  88% (1877/2132)   Receiving objects:  89% (1898/2132)   Receiving objects:  90% (1919/2132)   Receiving objects:  91% (1941/2132)   Receiving objects:  92% (1962/2132)   Receiving objects:  93% (1983/2132)   Receiving objects:  94% (2005/2132)   Receiving objects:  95% (2026/2132)   Receiving objects:  96% (2047/2132)   Receiving objects:  97% (2069/2132)   Receiving objects:  98% (2090/2132)   Receiving objects:  99% (2111/2132)   Receiving objects: 100% (2132/2132)   Receiving objects: 100% (2132/2132), 3.55 MiB | 0 bytes/s, done.
Resolving deltas:   0% (0/582)   Resolving deltas:   2% (15/582)   Resolving deltas:   3% (23/582)   Resolving deltas:   4% (25/582)   Resolving deltas:   5% (32/582)   Resolving deltas:   6% (40/582)   Resolving deltas:   7% (43/582)   Resolving deltas:   8% (47/582)   Resolving deltas:   9% (53/582)   Resolving deltas:  10% (59/582)   Resolving deltas:  11% (65/582)   Resolving deltas:  15% (93/582)   Resolving deltas:  16% (98/582)   Resolving deltas:  17% (102/582)   Resolving deltas:  18% (105/582)   Resolving deltas:  19% (115/582)   Resolving deltas:  20% (122/582)   Resolving deltas:  21% (123/582)   Resolving deltas:  22% (130/582)   Resolving deltas:  23% (135/582)   Resolving deltas:  25% (151/582)   Resolving deltas:  26% (153/582)   Resolving deltas:  29% (169/582)   Resolving deltas:  31% (181/582)   Resolving deltas:  32% (187/582)   Resolving deltas:  33% (195/582)   Resolving deltas:  34% (198/582)   Resolving deltas:  37% (219/582)   Resolving deltas:  39% (228/582)   Resolving deltas:  40% (235/582)   Resolving deltas:  41% (241/582)   Resolving deltas:  42% (245/582)   Resolving deltas:  43% (251/582)   Resolving deltas:  44% (258/582)   Resolving deltas:  46% (272/582)   Resolving deltas:  47% (275/582)   Resolving deltas:  48% (281/582)   Resolving deltas:  49% (286/582)   Resolving deltas:  50% (292/582)   Resolving deltas:  51% (299/582)   Resolving deltas:  53% (311/582)   Resolving deltas:  54% (316/582)   Resolving deltas:  55% (322/582)   Resolving deltas:  56% (329/582)   Resolving deltas:  61% (356/582)   Resolving deltas:  62% (361/582)   Resolving deltas:  63% (367/582)   Resolving deltas:  65% (380/582)   Resolving deltas:  66% (385/582)   Resolving deltas:  67% (395/582)   Resolving deltas:  68% (396/582)   Resolving deltas:  69% (402/582)   Resolving deltas:  70% (408/582)   Resolving deltas:  71% (416/582)   Resolving deltas:  74% (431/582)   Resolving deltas:  76% (445/582)   Resolving deltas:  78% (454/582)   Resolving deltas:  79% (464/582)   Resolving deltas:  80% (466/582)   Resolving deltas:  81% (472/582)   Resolving deltas:  82% (479/582)   Resolving deltas:  83% (484/582)   Resolving deltas:  84% (489/582)   Resolving deltas:  85% (497/582)   Resolving deltas:  86% (505/582)   Resolving deltas:  87% (507/582)   Resolving deltas:  88% (513/582)   Resolving deltas:  89% (518/582)   Resolving deltas:  90% (526/582)   Resolving deltas:  91% (530/582)   Resolving deltas:  92% (536/582)   Resolving deltas:  93% (544/582)   Resolving deltas:  94% (550/582)   Resolving deltas:  95% (553/582)   Resolving deltas:  96% (563/582)   Resolving deltas:  97% (565/582)   Resolving deltas:  98% (571/582)   Resolving deltas:  99% (577/582)   Resolving deltas: 100% (582/582)   Resolving deltas: 100% (582/582), done.
Checking connectivity... done.

travis_time:end:286fcfa2:start=1468422407676751768,finish=1468422408691946447,duration=1015194679[0K$ cd stagemonitor/stagemonitor
$ git checkout -qf 5cf95b2b2c9654a307550f24a27b7f714d45ee3a
travis_fold:end:git.checkout[0K
[33;1mThis job is running on container-based infrastructure, which does not allow use of 'sudo', setuid and setguid executables.[0m
[33;1mIf you require sudo, add 'sudo: required' to your .travis.yml[0m
[33;1mSee https://docs.travis-ci.com/user/workers/container-based-infrastructure/ for details.[0m

[33;1mSetting environment variables from .travis.yml[0m
$ export GH_TOKEN=[secure]
$ export COVERITY_SCAN_TOKEN=[secure]
$ export TERM=dumb

$ jdk_switcher use oraclejdk8
Switching to Oracle JDK8 (java-8-oracle), JAVA_HOME will be set to /usr/lib/jvm/java-8-oracle
$ export TERM=dumb
travis_fold:start:cache.1[0KSetting up build cache
$ export CASHER_DIR=$HOME/.casher
travis_time:start:0c722a8a[0K$ Installing caching utilities

travis_time:end:0c722a8a:start=1468422411267239115,finish=1468422411321241582,duration=54002467[0Ktravis_time:start:02d5c6be[0K
travis_time:end:02d5c6be:start=1468422411326887156,finish=1468422411331093928,duration=4206772[0Ktravis_time:start:08dc1813[0K[32;1mattempting to download cache archive[0m
[32;1mfetching 0.27.x/cache-linux-precise-3517298fec68fa461026b229805df3fc0c5454187740fecd9f4d9993c2e9a038--jdk-oraclejdk8.tgz[0m
[32;1mfound cache[0m

travis_time:end:08dc1813:start=1468422411335267127,finish=1468422416959339985,duration=5624072858[0Ktravis_time:start:234f2d36[0K
travis_time:end:234f2d36:start=1468422416963300646,finish=1468422416966732330,duration=3431684[0Ktravis_time:start:0d4f20e6[0K[32;1madding /home/travis/.m2 to cache[0m
[32;1madding /home/travis/.gradle to cache[0m

travis_time:end:0d4f20e6:start=1468422416970637124,finish=1468422425644442993,duration=8673805869[0Ktravis_fold:end:cache.1[0K$ java -Xmx32m -version
java version "1.8.0_31"
Java(TM) SE Runtime Environment (build 1.8.0_31-b13)
Java HotSpot(TM) 64-Bit Server VM (build 25.31-b07, mixed mode)
$ javac -J-Xmx32m -version
javac 1.8.0_31
travis_fold:start:install[0Ktravis_time:start:0480f7d3[0K$ ./gradlew assemble --stacktrace
Incremental java compilation is an incubating feature.
Defining custom 'build' task when using the standard Gradle lifecycle plugins has been deprecated and is scheduled to be removed in Gradle 3.0
:compileJava UP-TO-DATE
:processResources UP-TO-DATE
:classes UP-TO-DATE
:jar
:assemble
:stagemonitor-dispatcher:compileJava
:stagemonitor-dispatcher:compileJava - is not incremental (e.g. outputs have changed, no previous execution, etc.).
warning: [options] bootstrap class path not set in conjunction with -source 1.6
1 warning
:stagemonitor-dispatcher:processResources UP-TO-DATE
:stagemonitor-dispatcher:classes
:stagemonitor-dispatcher:jar
:stagemonitor-core:compileJava
:stagemonitor-core:compileJava - is not incremental (e.g. outputs have changed, no previous execution, etc.).
warning: [options] bootstrap class path not set in conjunction with -source 1.6
/home/travis/build/stagemonitor/stagemonitor/stagemonitor-core/src/main/java/org/stagemonitor/core/instrument/CallerUtil.java:7: warning: JavaLangAccess is internal proprietary API and may be removed in a future release
import sun.misc.JavaLangAccess;
               ^
/home/travis/build/stagemonitor/stagemonitor/stagemonitor-core/src/main/java/org/stagemonitor/core/instrument/CallerUtil.java:8: warning: SharedSecrets is internal proprietary API and may be removed in a future release
import sun.misc.SharedSecrets;
               ^
/home/travis/.gradle/caches/modules-2/files-2.1/net.bytebuddy/byte-buddy-agent/1.4.1/807ed4d84945e6358720399149983d2435ab81be/byte-buddy-agent-1.4.1.jar(net/bytebuddy/agent/ByteBuddyAgent.class): warning: Cannot find annotation method 'value()' in type 'SuppressFBWarnings': class file for edu.umd.cs.findbugs.annotations.SuppressFBWarnings not found
/home/travis/.gradle/caches/modules-2/files-2.1/net.bytebuddy/byte-buddy-agent/1.4.1/807ed4d84945e6358720399149983d2435ab81be/byte-buddy-agent-1.4.1.jar(net/bytebuddy/agent/ByteBuddyAgent.class): warning: Cannot find annotation method 'justification()' in type 'SuppressFBWarnings'
/home/travis/.gradle/caches/modules-2/files-2.1/net.bytebuddy/byte-buddy-agent/1.4.1/807ed4d84945e6358720399149983d2435ab81be/byte-buddy-agent-1.4.1.jar(net/bytebuddy/agent/ByteBuddyAgent$AttachmentProvider.class): warning: Cannot find annotation method 'value()' in type 'SuppressFBWarnings'
/home/travis/.gradle/caches/modules-2/files-2.1/net.bytebuddy/byte-buddy-agent/1.4.1/807ed4d84945e6358720399149983d2435ab81be/byte-buddy-agent-1.4.1.jar(net/bytebuddy/agent/ByteBuddyAgent$AttachmentProvider.class): warning: Cannot find annotation method 'justification()' in type 'SuppressFBWarnings'
/home/travis/.gradle/caches/modules-2/files-2.1/net.bytebuddy/byte-buddy/1.4.1/24e7ef7b77232781d299d390dbd70ad71b046c3e/byte-buddy-1.4.1.jar(net/bytebuddy/dynamic/scaffold/MethodGraph$Compiler.class): warning: Cannot find annotation method 'value()' in type 'SuppressFBWarnings'
/home/travis/.gradle/caches/modules-2/files-2.1/net.bytebuddy/byte-buddy/1.4.1/24e7ef7b77232781d299d390dbd70ad71b046c3e/byte-buddy-1.4.1.jar(net/bytebuddy/dynamic/scaffold/MethodGraph$Compiler.class): warning: Cannot find annotation method 'justification()' in type 'SuppressFBWarnings'
/home/travis/.gradle/caches/modules-2/files-2.1/net.bytebuddy/byte-buddy/1.4.1/24e7ef7b77232781d299d390dbd70ad71b046c3e/byte-buddy-1.4.1.jar(net/bytebuddy/implementation/auxiliary/AuxiliaryType.class): warning: Cannot find annotation method 'value()' in type 'SuppressFBWarnings'
/home/travis/.gradle/caches/modules-2/files-2.1/net.bytebuddy/byte-buddy/1.4.1/24e7ef7b77232781d299d390dbd70ad71b046c3e/byte-buddy-1.4.1.jar(net/bytebuddy/implementation/auxiliary/AuxiliaryType.class): warning: Cannot find annotation method 'justification()' in type 'SuppressFBWarnings'
/home/travis/.gradle/caches/modules-2/files-2.1/net.bytebuddy/byte-buddy/1.4.1/24e7ef7b77232781d299d390dbd70ad71b046c3e/byte-buddy-1.4.1.jar(net/bytebuddy/ClassFileVersion.class): warning: Cannot find annotation method 'value()' in type 'SuppressFBWarnings'
/home/travis/.gradle/caches/modules-2/files-2.1/net.bytebuddy/byte-buddy/1.4.1/24e7ef7b77232781d299d390dbd70ad71b046c3e/byte-buddy-1.4.1.jar(net/bytebuddy/ClassFileVersion.class): warning: Cannot find annotation method 'justification()' in type 'SuppressFBWarnings'
/home/travis/build/stagemonitor/stagemonitor/stagemonitor-core/src/main/java/org/stagemonitor/core/instrument/AutoEvictingCachingBinaryLocator.java:45: error: cannot find symbol
			cacheProvider = TypePool.CacheProvider.Simple.withObjectType();
			                                             ^
  symbol:   method withObjectType()
  location: class Simple
/home/travis/build/stagemonitor/stagemonitor/stagemonitor-core/src/main/java/org/stagemonitor/core/instrument/CallerUtil.java:16: warning: SharedSecrets is internal proprietary API and may be removed in a future release
			javaLangAccessObject = SharedSecrets.getJavaLangAccess();
			                       ^
/home/travis/build/stagemonitor/stagemonitor/stagemonitor-core/src/main/java/org/stagemonitor/core/instrument/CallerUtil.java:42: warning: JavaLangAccess is internal proprietary API and may be removed in a future release
		final JavaLangAccess javaLangAccess = (JavaLangAccess) javaLangAccessObject;
		      ^
/home/travis/build/stagemonitor/stagemonitor/stagemonitor-core/src/main/java/org/stagemonitor/core/instrument/CallerUtil.java:42: warning: JavaLangAccess is internal proprietary API and may be removed in a future release
		final JavaLangAccess javaLangAccess = (JavaLangAccess) javaLangAccessObject;
		                                       ^
/home/travis/.gradle/caches/modules-2/files-2.1/net.bytebuddy/byte-buddy/1.4.1/24e7ef7b77232781d299d390dbd70ad71b046c3e/byte-buddy-1.4.1.jar(net/bytebuddy/description/type/TypeDescription$AbstractBase.class): warning: Cannot find annotation method 'value()' in type 'SuppressFBWarnings'
/home/travis/.gradle/caches/modules-2/files-2.1/net.bytebuddy/byte-buddy/1.4.1/24e7ef7b77232781d299d390dbd70ad71b046c3e/byte-buddy-1.4.1.jar(net/bytebuddy/description/type/TypeDescription$AbstractBase.class): warning: Cannot find annotation method 'justification()' in type 'SuppressFBWarnings'
/home/travis/.gradle/caches/modules-2/files-2.1/net.bytebuddy/byte-buddy/1.4.1/24e7ef7b77232781d299d390dbd70ad71b046c3e/byte-buddy-1.4.1.jar(net/bytebuddy/description/type/TypeList.class): warning: Cannot find annotation method 'value()' in type 'SuppressFBWarnings'
/home/travis/.gradle/caches/modules-2/files-2.1/net.bytebuddy/byte-buddy/1.4.1/24e7ef7b77232781d299d390dbd70ad71b046c3e/byte-buddy-1.4.1.jar(net/bytebuddy/description/type/TypeList.class): warning: Cannot find annotation method 'justification()' in type 'SuppressFBWarnings'
Note: /home/travis/build/stagemonitor/stagemonitor/stagemonitor-core/src/main/java/org/stagemonitor/core/Stagemonitor.java uses or overrides a deprecated API.
Note: Recompile with -Xlint:deprecation for details.
Note: Some input files use unchecked or unsafe operations.
Note: Recompile with -Xlint:unchecked for details.
1 error
20 warnings
:stagemonitor-core:compileJava FAILED

FAILURE: Build failed with an exception.

* What went wrong:
Execution failed for task ':stagemonitor-core:compileJava'.
> Compilation failed; see the compiler error output for details.

* Try:
Run with --info or --debug option to get more log output.

* Exception is:
org.gradle.api.tasks.TaskExecutionException: Execution failed for task ':stagemonitor-core:compileJava'.
	at org.gradle.api.internal.tasks.execution.ExecuteActionsTaskExecuter.executeActions(ExecuteActionsTaskExecuter.java:69)
	at org.gradle.api.internal.tasks.execution.ExecuteActionsTaskExecuter.execute(ExecuteActionsTaskExecuter.java:46)
	at org.gradle.api.internal.tasks.execution.PostExecutionAnalysisTaskExecuter.execute(PostExecutionAnalysisTaskExecuter.java:35)
	at org.gradle.api.internal.tasks.execution.SkipUpToDateTaskExecuter.execute(SkipUpToDateTaskExecuter.java:64)
	at org.gradle.api.internal.tasks.execution.ValidatingTaskExecuter.execute(ValidatingTaskExecuter.java:58)
	at org.gradle.api.internal.tasks.execution.SkipEmptySourceFilesTaskExecuter.execute(SkipEmptySourceFilesTaskExecuter.java:52)
	at org.gradle.api.internal.tasks.execution.SkipTaskWithNoActionsExecuter.execute(SkipTaskWithNoActionsExecuter.java:52)
	at org.gradle.api.internal.tasks.execution.SkipOnlyIfTaskExecuter.execute(SkipOnlyIfTaskExecuter.java:53)
	at org.gradle.api.internal.tasks.execution.ExecuteAtMostOnceTaskExecuter.execute(ExecuteAtMostOnceTaskExecuter.java:43)
	at org.gradle.execution.taskgraph.DefaultTaskGraphExecuter$EventFiringTaskWorker.execute(DefaultTaskGraphExecuter.java:203)
	at org.gradle.execution.taskgraph.DefaultTaskGraphExecuter$EventFiringTaskWorker.execute(DefaultTaskGraphExecuter.java:185)
	at org.gradle.execution.taskgraph.AbstractTaskPlanExecutor$TaskExecutorWorker.processTask(AbstractTaskPlanExecutor.java:66)
	at org.gradle.execution.taskgraph.AbstractTaskPlanExecutor$TaskExecutorWorker.run(AbstractTaskPlanExecutor.java:50)
	at org.gradle.execution.taskgraph.DefaultTaskPlanExecutor.process(DefaultTaskPlanExecutor.java:25)
	at org.gradle.execution.taskgraph.DefaultTaskGraphExecuter.execute(DefaultTaskGraphExecuter.java:110)
	at org.gradle.execution.SelectedTaskExecutionAction.execute(SelectedTaskExecutionAction.java:37)
	at org.gradle.execution.DefaultBuildExecuter.execute(DefaultBuildExecuter.java:37)
	at org.gradle.execution.DefaultBuildExecuter.access$000(DefaultBuildExecuter.java:23)
	at org.gradle.execution.DefaultBuildExecuter$1.proceed(DefaultBuildExecuter.java:43)
	at org.gradle.execution.DryRunBuildExecutionAction.execute(DryRunBuildExecutionAction.java:32)
	at org.gradle.execution.DefaultBuildExecuter.execute(DefaultBuildExecuter.java:37)
	at org.gradle.execution.DefaultBuildExecuter.execute(DefaultBuildExecuter.java:30)
	at org.gradle.initialization.DefaultGradleLauncher$4.run(DefaultGradleLauncher.java:154)
	at org.gradle.internal.Factories$1.create(Factories.java:22)
	at org.gradle.internal.progress.DefaultBuildOperationExecutor.run(DefaultBuildOperationExecutor.java:90)
	at org.gradle.internal.progress.DefaultBuildOperationExecutor.run(DefaultBuildOperationExecutor.java:52)
	at org.gradle.initialization.DefaultGradleLauncher.doBuildStages(DefaultGradleLauncher.java:151)
	at org.gradle.initialization.DefaultGradleLauncher.access$200(DefaultGradleLauncher.java:32)
	at org.gradle.initialization.DefaultGradleLauncher$1.create(DefaultGradleLauncher.java:99)
	at org.gradle.initialization.DefaultGradleLauncher$1.create(DefaultGradleLauncher.java:93)
	at org.gradle.internal.progress.DefaultBuildOperationExecutor.run(DefaultBuildOperationExecutor.java:90)
	at org.gradle.internal.progress.DefaultBuildOperationExecutor.run(DefaultBuildOperationExecutor.java:62)
	at org.gradle.initialization.DefaultGradleLauncher.doBuild(DefaultGradleLauncher.java:93)
	at org.gradle.initialization.DefaultGradleLauncher.run(DefaultGradleLauncher.java:82)
	at org.gradle.launcher.exec.InProcessBuildActionExecuter$DefaultBuildController.run(InProcessBuildActionExecuter.java:94)
	at org.gradle.tooling.internal.provider.ExecuteBuildActionRunner.run(ExecuteBuildActionRunner.java:28)
	at org.gradle.launcher.exec.ChainingBuildActionRunner.run(ChainingBuildActionRunner.java:35)
	at org.gradle.launcher.exec.InProcessBuildActionExecuter.execute(InProcessBuildActionExecuter.java:43)
	at org.gradle.launcher.exec.InProcessBuildActionExecuter.execute(InProcessBuildActionExecuter.java:28)
	at org.gradle.launcher.exec.ContinuousBuildActionExecuter.execute(ContinuousBuildActionExecuter.java:75)
	at org.gradle.launcher.exec.ContinuousBuildActionExecuter.execute(ContinuousBuildActionExecuter.java:45)
	at org.gradle.launcher.exec.DaemonUsageSuggestingBuildActionExecuter.execute(DaemonUsageSuggestingBuildActionExecuter.java:51)
	at org.gradle.launcher.exec.DaemonUsageSuggestingBuildActionExecuter.execute(DaemonUsageSuggestingBuildActionExecuter.java:28)
	at org.gradle.launcher.cli.RunBuildAction.run(RunBuildAction.java:43)
	at org.gradle.internal.Actions$RunnableActionAdapter.execute(Actions.java:170)
	at org.gradle.launcher.cli.CommandLineActionFactory$ParseAndBuildAction.execute(CommandLineActionFactory.java:237)
	at org.gradle.launcher.cli.CommandLineActionFactory$ParseAndBuildAction.execute(CommandLineActionFactory.java:210)
	at org.gradle.launcher.cli.JavaRuntimeValidationAction.execute(JavaRuntimeValidationAction.java:35)
	at org.gradle.launcher.cli.JavaRuntimeValidationAction.execute(JavaRuntimeValidationAction.java:24)
	at org.gradle.launcher.cli.CommandLineActionFactory$WithLogging.execute(CommandLineActionFactory.java:206)
	at org.gradle.launcher.cli.CommandLineActionFactory$WithLogging.execute(CommandLineActionFactory.java:169)
	at org.gradle.launcher.cli.ExceptionReportingAction.execute(ExceptionReportingAction.java:33)
	at org.gradle.launcher.cli.ExceptionReportingAction.execute(ExceptionReportingAction.java:22)
	at org.gradle.launcher.Main.doAction(Main.java:33)
	at org.gradle.launcher.bootstrap.EntryPoint.run(EntryPoint.java:45)
	at org.gradle.launcher.bootstrap.ProcessBootstrap.runNoExit(ProcessBootstrap.java:54)
	at org.gradle.launcher.bootstrap.ProcessBootstrap.run(ProcessBootstrap.java:35)
	at org.gradle.launcher.GradleMain.main(GradleMain.java:23)
	at org.gradle.wrapper.BootstrapMainStarter.start(BootstrapMainStarter.java:30)
	at org.gradle.wrapper.WrapperExecutor.execute(WrapperExecutor.java:129)
	at org.gradle.wrapper.GradleWrapperMain.main(GradleWrapperMain.java:61)
Caused by: org.gradle.api.internal.tasks.compile.CompilationFailedException: Compilation failed; see the compiler error output for details.
	at org.gradle.api.internal.tasks.compile.JdkJavaCompiler.execute(JdkJavaCompiler.java:48)
	at org.gradle.api.internal.tasks.compile.JdkJavaCompiler.execute(JdkJavaCompiler.java:33)
	at org.gradle.api.internal.tasks.compile.NormalizingJavaCompiler.delegateAndHandleErrors(NormalizingJavaCompiler.java:104)
	at org.gradle.api.internal.tasks.compile.NormalizingJavaCompiler.execute(NormalizingJavaCompiler.java:53)
	at org.gradle.api.internal.tasks.compile.NormalizingJavaCompiler.execute(NormalizingJavaCompiler.java:38)
	at org.gradle.api.internal.tasks.compile.CleaningJavaCompilerSupport.execute(CleaningJavaCompilerSupport.java:35)
	at org.gradle.api.internal.tasks.compile.CleaningJavaCompilerSupport.execute(CleaningJavaCompilerSupport.java:25)
	at org.gradle.api.internal.tasks.compile.incremental.IncrementalCompilationFinalizer.execute(IncrementalCompilationFinalizer.java:39)
	at org.gradle.api.internal.tasks.compile.incremental.IncrementalCompilationFinalizer.execute(IncrementalCompilationFinalizer.java:24)
	at org.gradle.api.tasks.compile.JavaCompile.performCompilation(JavaCompile.java:163)
	at org.gradle.api.tasks.compile.JavaCompile.compile(JavaCompile.java:127)
	at org.gradle.internal.reflect.JavaMethod.invoke(JavaMethod.java:75)
	at org.gradle.api.internal.project.taskfactory.AnnotationProcessingTaskFactory$IncrementalTaskAction.doExecute(AnnotationProcessingTaskFactory.java:244)
	at org.gradle.api.internal.project.taskfactory.AnnotationProcessingTaskFactory$StandardTaskAction.execute(AnnotationProcessingTaskFactory.java:220)
	at org.gradle.api.internal.project.taskfactory.AnnotationProcessingTaskFactory$IncrementalTaskAction.execute(AnnotationProcessingTaskFactory.java:231)
	at org.gradle.api.internal.project.taskfactory.AnnotationProcessingTaskFactory$StandardTaskAction.execute(AnnotationProcessingTaskFactory.java:209)
	at org.gradle.api.internal.tasks.execution.ExecuteActionsTaskExecuter.executeAction(ExecuteActionsTaskExecuter.java:80)
	at org.gradle.api.internal.tasks.execution.ExecuteActionsTaskExecuter.executeActions(ExecuteActionsTaskExecuter.java:61)
	... 60 more


BUILD FAILED

Total time: 32.236 secs

travis_time:end:0480f7d3:start=1468422428696533270,finish=1468422461945948608,duration=33249415338[0K
[31;1mThe command "./gradlew assemble --stacktrace" failed and exited with 1 during .[0m

Your build has been stopped.
