Using worker: worker-linux-docker-15d98d3a.prod.travis-ci.org:travis-linux-11

travis_fold:start:system_info[0K[33;1mBuild system information[0m
Build language: python
[34m[1mBuild image provisioning date and time[0m
Thu Feb  5 15:09:33 UTC 2015
[34m[1mOperating System Details[0m
Distributor ID:	Ubuntu
Description:	Ubuntu 12.04.5 LTS
Release:	12.04
Codename:	precise
[34m[1mLinux Version[0m
3.13.0-29-generic
[34m[1mCookbooks Version[0m
a68419e https://github.com/travis-ci/travis-cookbooks/tree/a68419e
[34m[1mGCC version[0m
gcc (Ubuntu/Linaro 4.6.3-1ubuntu5) 4.6.3
Copyright (C) 2011 Free Software Foundation, Inc.
This is free software; see the source for copying conditions.  There is NO
warranty; not even for MERCHANTABILITY or FITNESS FOR A PARTICULAR PURPOSE.

[34m[1mLLVM version[0m
clang version 3.4 (tags/RELEASE_34/final)
Target: x86_64-unknown-linux-gnu
Thread model: posix
[34m[1mPre-installed Ruby versions[0m
ruby-1.9.3-p551
[34m[1mPre-installed Node.js versions[0m
v0.10.36
[34m[1mPre-installed Go versions[0m
1.4.1
[34m[1mRedis version[0m
redis-server 2.8.19
[34m[1mriak version[0m
2.0.2
[34m[1mMongoDB version[0m
MongoDB 2.4.12
[34m[1mCouchDB version[0m
couchdb 1.6.1
[34m[1mNeo4j version[0m
1.9.4
[34m[1mRabbitMQ Version[0m
3.4.3
[34m[1mElasticSearch version[0m
1.4.0
[34m[1mInstalled Sphinx versions[0m
2.0.10
2.1.9
2.2.6
[34m[1mDefault Sphinx version[0m
2.2.6
[34m[1mInstalled Firefox version[0m
firefox 31.0esr
[34m[1mPhantomJS version[0m
1.9.8
[34m[1mant -version[0m
Apache Ant(TM) version 1.8.2 compiled on December 3 2011
[34m[1mmvn -version[0m
Apache Maven 3.2.5 (12a6b3acb947671f09b81f49094c53f426d8cea1; 2014-12-14T17:29:23+00:00)
Maven home: /usr/local/maven
Java version: 1.7.0_76, vendor: Oracle Corporation
Java home: /usr/lib/jvm/java-7-oracle/jre
Default locale: en_US, platform encoding: ANSI_X3.4-1968
OS name: "linux", version: "3.13.0-29-generic", arch: "amd64", family: "unix"
travis_fold:end:system_info[0K
travis_fold:start:git.checkout[0Ktravis_time:start:081fb47e[0K$ git clone --depth=50 --branch=master git://github.com/web2py/web2py.git web2py/web2py
Cloning into 'web2py/web2py'...
remote: Counting objects: 3756, done.[K
remote: Compressing objects:   0% (1/2397)   [Kremote: Compressing objects:   1% (24/2397)   [Kremote: Compressing objects:   2% (48/2397)   [Kremote: Compressing objects:   3% (72/2397)   [Kremote: Compressing objects:   4% (96/2397)   [Kremote: Compressing objects:   5% (120/2397)   [Kremote: Compressing objects:   6% (144/2397)   [Kremote: Compressing objects:   7% (168/2397)   [Kremote: Compressing objects:   8% (192/2397)   [Kremote: Compressing objects:   9% (216/2397)   [Kremote: Compressing objects:  10% (240/2397)   [Kremote: Compressing objects:  11% (264/2397)   [Kremote: Compressing objects:  12% (288/2397)   [Kremote: Compressing objects:  13% (312/2397)   [Kremote: Compressing objects:  14% (336/2397)   [Kremote: Compressing objects:  15% (360/2397)   [Kremote: Compressing objects:  16% (384/2397)   [Kremote: Compressing objects:  17% (408/2397)   [Kremote: Compressing objects:  18% (432/2397)   [Kremote: Compressing objects:  19% (456/2397)   [Kremote: Compressing objects:  20% (480/2397)   [Kremote: Compressing objects:  21% (504/2397)   [Kremote: Compressing objects:  22% (528/2397)   [Kremote: Compressing objects:  23% (552/2397)   [Kremote: Compressing objects:  24% (576/2397)   [Kremote: Compressing objects:  25% (600/2397)   [Kremote: Compressing objects:  26% (624/2397)   [Kremote: Compressing objects:  27% (648/2397)   [Kremote: Compressing objects:  28% (672/2397)   [Kremote: Compressing objects:  29% (696/2397)   [Kremote: Compressing objects:  30% (720/2397)   [Kremote: Compressing objects:  31% (744/2397)   [Kremote: Compressing objects:  32% (768/2397)   [Kremote: Compressing objects:  33% (792/2397)   [Kremote: Compressing objects:  34% (815/2397)   [Kremote: Compressing objects:  35% (839/2397)   [Kremote: Compressing objects:  36% (863/2397)   [Kremote: Compressing objects:  37% (887/2397)   [Kremote: Compressing objects:  38% (911/2397)   [Kremote: Compressing objects:  39% (935/2397)   [Kremote: Compressing objects:  40% (959/2397)   [Kremote: Compressing objects:  41% (983/2397)   [Kremote: Compressing objects:  42% (1007/2397)   [Kremote: Compressing objects:  43% (1031/2397)   [Kremote: Compressing objects:  44% (1055/2397)   [Kremote: Compressing objects:  45% (1079/2397)   [Kremote: Compressing objects:  46% (1103/2397)   [Kremote: Compressing objects:  47% (1127/2397)   [Kremote: Compressing objects:  48% (1151/2397)   [Kremote: Compressing objects:  49% (1175/2397)   [Kremote: Compressing objects:  50% (1199/2397)   [Kremote: Compressing objects:  51% (1223/2397)   [Kremote: Compressing objects:  52% (1247/2397)   [Kremote: Compressing objects:  53% (1271/2397)   [Kremote: Compressing objects:  54% (1295/2397)   [Kremote: Compressing objects:  55% (1319/2397)   [Kremote: Compressing objects:  56% (1343/2397)   [Kremote: Compressing objects:  57% (1367/2397)   [Kremote: Compressing objects:  58% (1391/2397)   [Kremote: Compressing objects:  59% (1415/2397)   [Kremote: Compressing objects:  60% (1439/2397)   [Kremote: Compressing objects:  61% (1463/2397)   [Kremote: Compressing objects:  62% (1487/2397)   [Kremote: Compressing objects:  63% (1511/2397)   [Kremote: Compressing objects:  64% (1535/2397)   [Kremote: Compressing objects:  65% (1559/2397)   [Kremote: Compressing objects:  66% (1583/2397)   [Kremote: Compressing objects:  67% (1606/2397)   [Kremote: Compressing objects:  68% (1630/2397)   [Kremote: Compressing objects:  69% (1654/2397)   [Kremote: Compressing objects:  70% (1678/2397)   [Kremote: Compressing objects:  71% (1702/2397)   [Kremote: Compressing objects:  72% (1726/2397)   [Kremote: Compressing objects:  73% (1750/2397)   [Kremote: Compressing objects:  74% (1774/2397)   [Kremote: Compressing objects:  75% (1798/2397)   [Kremote: Compressing objects:  76% (1822/2397)   [Kremote: Compressing objects:  77% (1846/2397)   [Kremote: Compressing objects:  78% (1870/2397)   [Kremote: Compressing objects:  79% (1894/2397)   [Kremote: Compressing objects:  80% (1918/2397)   [Kremote: Compressing objects:  81% (1942/2397)   [Kremote: Compressing objects:  82% (1966/2397)   [Kremote: Compressing objects:  83% (1990/2397)   [Kremote: Compressing objects:  84% (2014/2397)   [Kremote: Compressing objects:  85% (2038/2397)   [Kremote: Compressing objects:  86% (2062/2397)   [Kremote: Compressing objects:  87% (2086/2397)   [Kremote: Compressing objects:  88% (2110/2397)   [Kremote: Compressing objects:  89% (2134/2397)   [Kremote: Compressing objects:  90% (2158/2397)   [Kremote: Compressing objects:  91% (2182/2397)   [Kremote: Compressing objects:  92% (2206/2397)   [Kremote: Compressing objects:  93% (2230/2397)   [Kremote: Compressing objects:  94% (2254/2397)   [Kremote: Compressing objects:  95% (2278/2397)   [Kremote: Compressing objects:  96% (2302/2397)   [Kremote: Compressing objects:  97% (2326/2397)   [Kremote: Compressing objects:  98% (2350/2397)   [Kremote: Compressing objects:  99% (2374/2397)   [Kremote: Compressing objects: 100% (2397/2397)   [Kremote: Compressing objects: 100% (2397/2397), done.[K
Receiving objects:   0% (1/3756)   Receiving objects:   1% (38/3756)   Receiving objects:   2% (76/3756)   Receiving objects:   3% (113/3756)   Receiving objects:   4% (151/3756)   Receiving objects:   5% (188/3756)   Receiving objects:   6% (226/3756)   Receiving objects:   7% (263/3756)   Receiving objects:   8% (301/3756)   Receiving objects:   9% (339/3756)   Receiving objects:  10% (376/3756)   Receiving objects:  11% (414/3756)   Receiving objects:  12% (451/3756)   Receiving objects:  13% (489/3756)   Receiving objects:  14% (526/3756)   Receiving objects:  15% (564/3756)   Receiving objects:  16% (601/3756)   Receiving objects:  17% (639/3756)   Receiving objects:  18% (677/3756)   Receiving objects:  19% (714/3756)   Receiving objects:  20% (752/3756)   Receiving objects:  21% (789/3756)   Receiving objects:  22% (827/3756)   Receiving objects:  23% (864/3756)   Receiving objects:  24% (902/3756)   Receiving objects:  25% (939/3756)   Receiving objects:  26% (977/3756)   Receiving objects:  27% (1015/3756)   Receiving objects:  28% (1052/3756)   Receiving objects:  29% (1090/3756)   Receiving objects:  30% (1127/3756)   Receiving objects:  31% (1165/3756)   Receiving objects:  32% (1202/3756)   Receiving objects:  33% (1240/3756)   Receiving objects:  34% (1278/3756)   Receiving objects:  35% (1315/3756)   Receiving objects:  36% (1353/3756)   Receiving objects:  37% (1390/3756)   Receiving objects:  38% (1428/3756)   Receiving objects:  39% (1465/3756)   Receiving objects:  40% (1503/3756)   Receiving objects:  41% (1540/3756)   Receiving objects:  42% (1578/3756)   Receiving objects:  43% (1616/3756)   Receiving objects:  44% (1653/3756)   Receiving objects:  45% (1691/3756)   Receiving objects:  46% (1728/3756)   Receiving objects:  47% (1766/3756)   Receiving objects:  48% (1803/3756)   Receiving objects:  49% (1841/3756)   Receiving objects:  50% (1878/3756)   Receiving objects:  51% (1916/3756)   Receiving objects:  52% (1954/3756)   Receiving objects:  53% (1991/3756)   Receiving objects:  54% (2029/3756)   Receiving objects:  55% (2066/3756)   Receiving objects:  56% (2104/3756)   Receiving objects:  57% (2141/3756)   Receiving objects:  58% (2179/3756)   Receiving objects:  59% (2217/3756)   Receiving objects:  60% (2254/3756)   Receiving objects:  61% (2292/3756)   Receiving objects:  62% (2329/3756)   Receiving objects:  63% (2367/3756)   Receiving objects:  64% (2404/3756)   Receiving objects:  65% (2442/3756)   Receiving objects:  66% (2479/3756)   Receiving objects:  67% (2517/3756)   Receiving objects:  68% (2555/3756)   Receiving objects:  69% (2592/3756)   Receiving objects:  70% (2630/3756)   Receiving objects:  71% (2667/3756)   Receiving objects:  72% (2705/3756)   Receiving objects:  73% (2742/3756)   Receiving objects:  74% (2780/3756)   Receiving objects:  75% (2817/3756)   Receiving objects:  76% (2855/3756)   Receiving objects:  77% (2893/3756)   Receiving objects:  78% (2930/3756)   Receiving objects:  79% (2968/3756)   Receiving objects:  80% (3005/3756)   Receiving objects:  81% (3043/3756)   Receiving objects:  82% (3080/3756)   Receiving objects:  83% (3118/3756)   Receiving objects:  84% (3156/3756)   Receiving objects:  85% (3193/3756)   Receiving objects:  86% (3231/3756)   Receiving objects:  87% (3268/3756)   Receiving objects:  88% (3306/3756)   Receiving objects:  89% (3343/3756)   Receiving objects:  90% (3381/3756)   Receiving objects:  91% (3418/3756)   Receiving objects:  92% (3456/3756)   Receiving objects:  93% (3494/3756)   Receiving objects:  94% (3531/3756)   Receiving objects:  95% (3569/3756)   Receiving objects:  96% (3606/3756)   remote: Total 3756 (delta 1935), reused 2669 (delta 1281), pack-reused 0[K
Receiving objects:  97% (3644/3756)   Receiving objects:  98% (3681/3756)   Receiving objects:  99% (3719/3756)   Receiving objects: 100% (3756/3756)   Receiving objects: 100% (3756/3756), 8.16 MiB | 0 bytes/s, done.
Resolving deltas:   0% (0/1935)   Resolving deltas:   2% (49/1935)   Resolving deltas:   3% (67/1935)   Resolving deltas:   4% (87/1935)   Resolving deltas:   5% (108/1935)   Resolving deltas:   6% (129/1935)   Resolving deltas:   7% (141/1935)   Resolving deltas:   8% (155/1935)   Resolving deltas:   9% (183/1935)   Resolving deltas:  10% (194/1935)   Resolving deltas:  11% (215/1935)   Resolving deltas:  12% (233/1935)   Resolving deltas:  13% (258/1935)   Resolving deltas:  14% (272/1935)   Resolving deltas:  15% (291/1935)   Resolving deltas:  16% (310/1935)   Resolving deltas:  17% (330/1935)   Resolving deltas:  19% (372/1935)   Resolving deltas:  24% (467/1935)   Resolving deltas:  25% (490/1935)   Resolving deltas:  28% (552/1935)   Resolving deltas:  29% (570/1935)   Resolving deltas:  31% (611/1935)   Resolving deltas:  34% (671/1935)   Resolving deltas:  35% (692/1935)   Resolving deltas:  38% (749/1935)   Resolving deltas:  39% (761/1935)   Resolving deltas:  40% (781/1935)   Resolving deltas:  41% (795/1935)   Resolving deltas:  42% (823/1935)   Resolving deltas:  43% (833/1935)   Resolving deltas:  47% (926/1935)   Resolving deltas:  48% (937/1935)   Resolving deltas:  51% (987/1935)   Resolving deltas:  52% (1010/1935)   Resolving deltas:  53% (1031/1935)   Resolving deltas:  54% (1048/1935)   Resolving deltas:  55% (1065/1935)   Resolving deltas:  56% (1085/1935)   Resolving deltas:  57% (1105/1935)   Resolving deltas:  58% (1123/1935)   Resolving deltas:  59% (1142/1935)   Resolving deltas:  60% (1161/1935)   Resolving deltas:  61% (1181/1935)   Resolving deltas:  62% (1200/1935)   Resolving deltas:  63% (1223/1935)   Resolving deltas:  64% (1239/1935)   Resolving deltas:  65% (1259/1935)   Resolving deltas:  66% (1285/1935)   Resolving deltas:  67% (1297/1935)   Resolving deltas:  68% (1319/1935)   Resolving deltas:  69% (1336/1935)   Resolving deltas:  70% (1355/1935)   Resolving deltas:  71% (1375/1935)   Resolving deltas:  72% (1395/1935)   Resolving deltas:  73% (1414/1935)   Resolving deltas:  74% (1435/1935)   Resolving deltas:  75% (1453/1935)   Resolving deltas:  76% (1471/1935)   Resolving deltas:  77% (1490/1935)   Resolving deltas:  78% (1512/1935)   Resolving deltas:  79% (1536/1935)   Resolving deltas:  80% (1554/1935)   Resolving deltas:  81% (1569/1935)   Resolving deltas:  82% (1587/1935)   Resolving deltas:  83% (1616/1935)   Resolving deltas:  84% (1627/1935)   Resolving deltas:  85% (1648/1935)   Resolving deltas:  86% (1668/1935)   Resolving deltas:  88% (1706/1935)   Resolving deltas:  89% (1724/1935)   Resolving deltas:  90% (1742/1935)   Resolving deltas:  91% (1763/1935)   Resolving deltas:  92% (1783/1935)   Resolving deltas:  93% (1800/1935)   Resolving deltas:  94% (1819/1935)   Resolving deltas:  95% (1839/1935)   Resolving deltas:  96% (1859/1935)   Resolving deltas:  97% (1880/1935)   Resolving deltas:  98% (1901/1935)   Resolving deltas:  99% (1917/1935)   Resolving deltas: 100% (1935/1935)   Resolving deltas: 100% (1935/1935), done.
Checking connectivity... done.
travis_time:end:081fb47e:start=1426547113813386421,finish=1426547115129476790,duration=1316090369[0K$ cd web2py/web2py
$ git checkout -qf 6ecc147d8c32448ab5e4999f20968fa122be37bd
travis_fold:end:git.checkout[0Ktravis_fold:start:git.submodule[0Ktravis_time:start:04f29658[0K$ git submodule init
Submodule 'gluon/packages/dal' (https://github.com/web2py/pydal.git) registered for path 'gluon/packages/dal'
travis_time:end:04f29658:start=1426547115242797449,finish=1426547115295680967,duration=52883518[0Ktravis_time:start:00aa39c1[0K$ git submodule update
Cloning into 'gluon/packages/dal'...
remote: Counting objects: 29742, done.[K
remote: Compressing objects:   0% (1/164)   [Kremote: Compressing objects:   1% (2/164)   [Kremote: Compressing objects:   2% (4/164)   [Kremote: Compressing objects:   3% (5/164)   [Kremote: Compressing objects:   4% (7/164)   [Kremote: Compressing objects:   5% (9/164)   [Kremote: Compressing objects:   6% (10/164)   [Kremote: Compressing objects:   7% (12/164)   [Kremote: Compressing objects:   8% (14/164)   [Kremote: Compressing objects:   9% (15/164)   [Kremote: Compressing objects:  10% (17/164)   [Kremote: Compressing objects:  11% (19/164)   [Kremote: Compressing objects:  12% (20/164)   [Kremote: Compressing objects:  13% (22/164)   [Kremote: Compressing objects:  14% (23/164)   [Kremote: Compressing objects:  15% (25/164)   [Kremote: Compressing objects:  16% (27/164)   [Kremote: Compressing objects:  17% (28/164)   [Kremote: Compressing objects:  18% (30/164)   [Kremote: Compressing objects:  19% (32/164)   [Kremote: Compressing objects:  20% (33/164)   [Kremote: Compressing objects:  21% (35/164)   [Kremote: Compressing objects:  22% (37/164)   [Kremote: Compressing objects:  23% (38/164)   [Kremote: Compressing objects:  24% (40/164)   [Kremote: Compressing objects:  25% (41/164)   [Kremote: Compressing objects:  26% (43/164)   [Kremote: Compressing objects:  27% (45/164)   [Kremote: Compressing objects:  28% (46/164)   [Kremote: Compressing objects:  29% (48/164)   [Kremote: Compressing objects:  30% (50/164)   [Kremote: Compressing objects:  31% (51/164)   [Kremote: Compressing objects:  32% (53/164)   [Kremote: Compressing objects:  33% (55/164)   [Kremote: Compressing objects:  34% (56/164)   [Kremote: Compressing objects:  35% (58/164)   [Kremote: Compressing objects:  36% (60/164)   [Kremote: Compressing objects:  37% (61/164)   [Kremote: Compressing objects:  38% (63/164)   [Kremote: Compressing objects:  39% (64/164)   [Kremote: Compressing objects:  40% (66/164)   [Kremote: Compressing objects:  41% (68/164)   [Kremote: Compressing objects:  42% (69/164)   [Kremote: Compressing objects:  43% (71/164)   [Kremote: Compressing objects:  44% (73/164)   [Kremote: Compressing objects:  45% (74/164)   [Kremote: Compressing objects:  46% (76/164)   [Kremote: Compressing objects:  47% (78/164)   [Kremote: Compressing objects:  48% (79/164)   [Kremote: Compressing objects:  49% (81/164)   [Kremote: Compressing objects:  50% (82/164)   [Kremote: Compressing objects:  51% (84/164)   [Kremote: Compressing objects:  52% (86/164)   [Kremote: Compressing objects:  53% (87/164)   [Kremote: Compressing objects:  54% (89/164)   [Kremote: Compressing objects:  55% (91/164)   [Kremote: Compressing objects:  56% (92/164)   [Kremote: Compressing objects:  57% (94/164)   [Kremote: Compressing objects:  58% (96/164)   [Kremote: Compressing objects:  59% (97/164)   [Kremote: Compressing objects:  60% (99/164)   [Kremote: Compressing objects:  61% (101/164)   [Kremote: Compressing objects:  62% (102/164)   [Kremote: Compressing objects:  63% (104/164)   [Kremote: Compressing objects:  64% (105/164)   [Kremote: Compressing objects:  65% (107/164)   [Kremote: Compressing objects:  66% (109/164)   [Kremote: Compressing objects:  67% (110/164)   [Kremote: Compressing objects:  68% (112/164)   [Kremote: Compressing objects:  69% (114/164)   [Kremote: Compressing objects:  70% (115/164)   [Kremote: Compressing objects:  71% (117/164)   [Kremote: Compressing objects:  72% (119/164)   [Kremote: Compressing objects:  73% (120/164)   [Kremote: Compressing objects:  74% (122/164)   [Kremote: Compressing objects:  75% (123/164)   [Kremote: Compressing objects:  76% (125/164)   [Kremote: Compressing objects:  77% (127/164)   [Kremote: Compressing objects:  78% (128/164)   [Kremote: Compressing objects:  79% (130/164)   [Kremote: Compressing objects:  80% (132/164)   [Kremote: Compressing objects:  81% (133/164)   [Kremote: Compressing objects:  82% (135/164)   [Kremote: Compressing objects:  83% (137/164)   [Kremote: Compressing objects:  84% (138/164)   [Kremote: Compressing objects:  85% (140/164)   [Kremote: Compressing objects:  86% (142/164)   [Kremote: Compressing objects:  87% (143/164)   [Kremote: Compressing objects:  88% (145/164)   [Kremote: Compressing objects:  89% (146/164)   [Kremote: Compressing objects:  90% (148/164)   [Kremote: Compressing objects:  91% (150/164)   [Kremote: Compressing objects:  92% (151/164)   [Kremote: Compressing objects:  93% (153/164)   [Kremote: Compressing objects:  94% (155/164)   [Kremote: Compressing objects:  95% (156/164)   [Kremote: Compressing objects:  96% (158/164)   [Kremote: Compressing objects:  97% (160/164)   [Kremote: Compressing objects:  98% (161/164)   [Kremote: Compressing objects:  99% (163/164)   [Kremote: Compressing objects: 100% (164/164)   [Kremote: Compressing objects: 100% (164/164), done.[K
Receiving objects:   0% (1/29742)   Receiving objects:   1% (298/29742)   Receiving objects:   2% (595/29742)   Receiving objects:   3% (893/29742)   Receiving objects:   4% (1190/29742)   Receiving objects:   5% (1488/29742)   Receiving objects:   6% (1785/29742)   Receiving objects:   7% (2082/29742)   Receiving objects:   8% (2380/29742)   Receiving objects:   9% (2677/29742)   Receiving objects:  10% (2975/29742)   Receiving objects:  11% (3272/29742)   Receiving objects:  12% (3570/29742)   Receiving objects:  13% (3867/29742)   Receiving objects:  14% (4164/29742)   Receiving objects:  15% (4462/29742)   Receiving objects:  16% (4759/29742)   Receiving objects:  17% (5057/29742)   Receiving objects:  18% (5354/29742)   Receiving objects:  19% (5651/29742)   Receiving objects:  20% (5949/29742)   Receiving objects:  21% (6246/29742)   Receiving objects:  22% (6544/29742)   Receiving objects:  23% (6841/29742)   Receiving objects:  24% (7139/29742)   Receiving objects:  25% (7436/29742)   Receiving objects:  26% (7733/29742)   Receiving objects:  27% (8031/29742)   Receiving objects:  28% (8328/29742)   Receiving objects:  29% (8626/29742)   Receiving objects:  30% (8923/29742)   Receiving objects:  31% (9221/29742)   Receiving objects:  32% (9518/29742)   Receiving objects:  33% (9815/29742)   Receiving objects:  34% (10113/29742)   Receiving objects:  35% (10410/29742)   Receiving objects:  36% (10708/29742), 10.35 MiB | 20.65 MiB/s   Receiving objects:  37% (11005/29742), 10.35 MiB | 20.65 MiB/s   Receiving objects:  38% (11302/29742), 10.35 MiB | 20.65 MiB/s   Receiving objects:  39% (11600/29742), 10.35 MiB | 20.65 MiB/s   Receiving objects:  40% (11897/29742), 10.35 MiB | 20.65 MiB/s   Receiving objects:  41% (12195/29742), 10.35 MiB | 20.65 MiB/s   Receiving objects:  42% (12492/29742), 10.35 MiB | 20.65 MiB/s   Receiving objects:  43% (12790/29742), 10.35 MiB | 20.65 MiB/s   Receiving objects:  44% (13087/29742), 10.35 MiB | 20.65 MiB/s   Receiving objects:  45% (13384/29742), 10.35 MiB | 20.65 MiB/s   Receiving objects:  46% (13682/29742), 10.35 MiB | 20.65 MiB/s   Receiving objects:  47% (13979/29742), 10.35 MiB | 20.65 MiB/s   Receiving objects:  48% (14277/29742), 10.35 MiB | 20.65 MiB/s   Receiving objects:  49% (14574/29742), 10.35 MiB | 20.65 MiB/s   Receiving objects:  50% (14871/29742), 10.35 MiB | 20.65 MiB/s   Receiving objects:  51% (15169/29742), 10.35 MiB | 20.65 MiB/s   Receiving objects:  52% (15466/29742), 10.35 MiB | 20.65 MiB/s   Receiving objects:  53% (15764/29742), 10.35 MiB | 20.65 MiB/s   Receiving objects:  54% (16061/29742), 10.35 MiB | 20.65 MiB/s   Receiving objects:  55% (16359/29742), 10.35 MiB | 20.65 MiB/s   Receiving objects:  56% (16656/29742), 10.35 MiB | 20.65 MiB/s   Receiving objects:  57% (16953/29742), 10.35 MiB | 20.65 MiB/s   Receiving objects:  58% (17251/29742), 10.35 MiB | 20.65 MiB/s   Receiving objects:  59% (17548/29742), 10.35 MiB | 20.65 MiB/s   Receiving objects:  60% (17846/29742), 10.35 MiB | 20.65 MiB/s   Receiving objects:  61% (18143/29742), 10.35 MiB | 20.65 MiB/s   Receiving objects:  62% (18441/29742), 10.35 MiB | 20.65 MiB/s   Receiving objects:  63% (18738/29742), 10.35 MiB | 20.65 MiB/s   Receiving objects:  64% (19035/29742), 10.35 MiB | 20.65 MiB/s   Receiving objects:  65% (19333/29742), 10.35 MiB | 20.65 MiB/s   Receiving objects:  66% (19630/29742), 10.35 MiB | 20.65 MiB/s   Receiving objects:  67% (19928/29742), 10.35 MiB | 20.65 MiB/s   Receiving objects:  68% (20225/29742), 10.35 MiB | 20.65 MiB/s   Receiving objects:  69% (20522/29742), 10.35 MiB | 20.65 MiB/s   Receiving objects:  70% (20820/29742), 10.35 MiB | 20.65 MiB/s   Receiving objects:  71% (21117/29742), 10.35 MiB | 20.65 MiB/s   Receiving objects:  72% (21415/29742), 10.35 MiB | 20.65 MiB/s   Receiving objects:  73% (21712/29742), 10.35 MiB | 20.65 MiB/s   Receiving objects:  74% (22010/29742), 10.35 MiB | 20.65 MiB/s   Receiving objects:  75% (22307/29742), 10.35 MiB | 20.65 MiB/s   Receiving objects:  76% (22604/29742), 10.35 MiB | 20.65 MiB/s   Receiving objects:  77% (22902/29742), 10.35 MiB | 20.65 MiB/s   Receiving objects:  78% (23199/29742), 10.35 MiB | 20.65 MiB/s   Receiving objects:  79% (23497/29742), 10.35 MiB | 20.65 MiB/s   Receiving objects:  80% (23794/29742), 10.35 MiB | 20.65 MiB/s   Receiving objects:  81% (24092/29742), 10.35 MiB | 20.65 MiB/s   Receiving objects:  82% (24389/29742), 10.35 MiB | 20.65 MiB/s   Receiving objects:  83% (24686/29742), 10.35 MiB | 20.65 MiB/s   Receiving objects:  84% (24984/29742), 10.35 MiB | 20.65 MiB/s   Receiving objects:  85% (25281/29742), 10.35 MiB | 20.65 MiB/s   Receiving objects:  86% (25579/29742), 10.35 MiB | 20.65 MiB/s   Receiving objects:  87% (25876/29742), 10.35 MiB | 20.65 MiB/s   Receiving objects:  88% (26173/29742), 10.35 MiB | 20.65 MiB/s   Receiving objects:  89% (26471/29742), 10.35 MiB | 20.65 MiB/s   Receiving objects:  90% (26768/29742), 10.35 MiB | 20.65 MiB/s   Receiving objects:  91% (27066/29742), 10.35 MiB | 20.65 MiB/s   Receiving objects:  92% (27363/29742), 10.35 MiB | 20.65 MiB/s   Receiving objects:  93% (27661/29742), 10.35 MiB | 20.65 MiB/s   Receiving objects:  94% (27958/29742), 10.35 MiB | 20.65 MiB/s   Receiving objects:  95% (28255/29742), 10.35 MiB | 20.65 MiB/s   Receiving objects:  96% (28553/29742), 10.35 MiB | 20.65 MiB/s   Receiving objects:  97% (28850/29742), 10.35 MiB | 20.65 MiB/s   Receiving objects:  98% (29148/29742), 10.35 MiB | 20.65 MiB/s   Receiving objects:  99% (29445/29742), 10.35 MiB | 20.65 MiB/s   remote: Total 29742 (delta 105), reused 0 (delta 0), pack-reused 29578[K
Receiving objects: 100% (29742/29742), 10.35 MiB | 20.65 MiB/s   Receiving objects: 100% (29742/29742), 30.12 MiB | 20.65 MiB/s, done.
Resolving deltas:   0% (0/17817)   Resolving deltas:   1% (226/17817)   Resolving deltas:   2% (358/17817)   Resolving deltas:   3% (561/17817)   Resolving deltas:   4% (747/17817)   Resolving deltas:   5% (923/17817)   Resolving deltas:   6% (1071/17817)   Resolving deltas:   7% (1248/17817)   Resolving deltas:   8% (1435/17817)   Resolving deltas:   9% (1608/17817)   Resolving deltas:  10% (1794/17817)   Resolving deltas:  11% (1968/17817)   Resolving deltas:  12% (2144/17817)   Resolving deltas:  13% (2322/17817)   Resolving deltas:  14% (2508/17817)   Resolving deltas:  15% (2739/17817)   Resolving deltas:  16% (2909/17817)   Resolving deltas:  17% (3031/17817)   Resolving deltas:  18% (3214/17817)   Resolving deltas:  19% (3386/17817)   Resolving deltas:  20% (3568/17817)   Resolving deltas:  21% (3742/17817)   Resolving deltas:  22% (3947/17817)   Resolving deltas:  23% (4126/17817)   Resolving deltas:  24% (4362/17817)   Resolving deltas:  25% (4458/17817)   Resolving deltas:  26% (4634/17817)   Resolving deltas:  27% (4831/17817)   Resolving deltas:  28% (4994/17817)   Resolving deltas:  30% (5389/17817)   Resolving deltas:  31% (5554/17817)   Resolving deltas:  32% (5703/17817)   Resolving deltas:  33% (5963/17817)   Resolving deltas:  34% (6081/17817)   Resolving deltas:  35% (6296/17817)   Resolving deltas:  36% (6426/17817)   Resolving deltas:  37% (6631/17817)   Resolving deltas:  38% (6838/17817)   Resolving deltas:  39% (7024/17817)   Resolving deltas:  40% (7131/17817)   Resolving deltas:  41% (7316/17817)   Resolving deltas:  43% (7703/17817)   Resolving deltas:  44% (7950/17817)   Resolving deltas:  45% (8029/17817)   Resolving deltas:  46% (8304/17817)   Resolving deltas:  47% (8475/17817)   Resolving deltas:  48% (8597/17817)   Resolving deltas:  49% (8731/17817)   Resolving deltas:  50% (8935/17817)   Resolving deltas:  51% (9140/17817)   Resolving deltas:  53% (9535/17817)   Resolving deltas:  56% (10073/17817)   Resolving deltas:  57% (10160/17817)   Resolving deltas:  58% (10334/17817)   Resolving deltas:  59% (10599/17817)   Resolving deltas:  60% (10747/17817)   Resolving deltas:  61% (10906/17817)   Resolving deltas:  64% (11461/17817)   Resolving deltas:  65% (11585/17817)   Resolving deltas:  66% (11795/17817)   Resolving deltas:  67% (11940/17817)   Resolving deltas:  68% (12116/17817)   Resolving deltas:  72% (12881/17817)   Resolving deltas:  76% (13541/17817)   Resolving deltas:  77% (13808/17817)   Resolving deltas:  78% (13898/17817)   Resolving deltas:  79% (14095/17817)   Resolving deltas:  80% (14270/17817)   Resolving deltas:  81% (14433/17817)   Resolving deltas:  82% (14659/17817)   Resolving deltas:  83% (14789/17817)   Resolving deltas:  84% (14975/17817)   Resolving deltas:  88% (15735/17817)   Resolving deltas:  89% (15858/17817)   Resolving deltas:  90% (16150/17817)   Resolving deltas:  91% (16214/17817)   Resolving deltas:  93% (16593/17817)   Resolving deltas:  95% (16963/17817)   Resolving deltas:  96% (17214/17817)   Resolving deltas:  96% (17268/17817)   Resolving deltas:  97% (17372/17817)   Resolving deltas:  98% (17476/17817)   Resolving deltas:  99% (17642/17817)   Resolving deltas: 100% (17817/17817)   Resolving deltas: 100% (17817/17817), done.
Checking connectivity... done.
Submodule path 'gluon/packages/dal': checked out '9bc003583a164c59d77f31c7c31e22ab81c259ee'
travis_time:end:00aa39c1:start=1426547115299232214,finish=1426547118282907193,duration=2983674979[0Ktravis_fold:end:git.submodule[0K
[33;1mThis job is running on container-based infrastructure, which does not allow use of 'sudo', setuid and setguid executables.[0m
[33;1mSee http://docs.travis-ci.com/user/workers/container-based-infrastructure/ for details.[0m
travis_fold:start:cache.1[0KSetting up build cache
$ export CASHER_DIR=$HOME/.casher
travis_time:start:076ef753[0K$ Installing caching utilities
travis_time:end:076ef753:start=1426547120625571817,finish=1426547120713790541,duration=88218724[0Ktravis_time:start:0b0dddd0[0Kattempting to download cache archive
found cache
travis_time:end:0b0dddd0:start=1426547120718154788,finish=1426547121239757532,duration=521602744[0Ktravis_time:start:3643d43b[0Kadding /home/travis/.pip-cache to cache
travis_time:end:3643d43b:start=1426547121243453558,finish=1426547121483873312,duration=240419754[0Ktravis_fold:end:cache.1[0Ktravis_time:start:04cc0008[0K$ source ~/virtualenv/python2.7/bin/activate
travis_time:end:04cc0008:start=1426547121487721785,finish=1426547121491509448,duration=3787663[0K$ python --version
Python 2.7.9
$ pip --version
pip 6.0.7 from /home/travis/virtualenv/python2.7.9/lib/python2.7/site-packages (python 2.7)
travis_fold:start:install[0Ktravis_time:start:16763d84[0K$ pip install -e .
[33mYou are using pip version 6.0.7, however version 6.0.8 is available.
You should consider upgrading via the 'pip install --upgrade pip' command.[0m
Obtaining file:///home/travis/build/web2py/web2py
    /home/travis/virtualenv/python2.7.9/lib/python2.7/site-packages/setuptools/dist.py:292: UserWarning: The version specified ('2.9.12-stable+timestamp.2015.02.13.23.31.09') is an invalid version, this may not work as expected with newer versions of setuptools, pip, and PyPI. Please see PEP 440 for more details.
      "details." % self.metadata.version
Installing collected packages: web2py
  Running setup.py develop for web2py
    /home/travis/virtualenv/python2.7.9/lib/python2.7/site-packages/setuptools/dist.py:292: UserWarning: The version specified ('2.9.12-stable+timestamp.2015.02.13.23.31.09') is an invalid version, this may not work as expected with newer versions of setuptools, pip, and PyPI. Please see PEP 440 for more details.
      "details." % self.metadata.version
    /home/travis/virtualenv/python2.7.9/lib/python2.7/site-packages/pkg_resources/__init__.py:2510: PEP440Warning: 'web2py (2.9.12-stable-timestamp.2015.02.13.23.31.09)' is being parsed as a legacy, non PEP 440, version. You may find odd behavior and sort order. In particular it will be sorted as less than 0.0. It is recommend to migrate to PEP 440 compatible versions.
      PEP440Warning,
    Creating /home/travis/virtualenv/python2.7.9/lib/python2.7/site-packages/web2py.egg-link (link to .)
    Adding web2py 2.9.12-stable-timestamp.2015.02.13.23.31.09 to easy-install.pth file
    Installed /home/travis/build/web2py/web2py
Successfully installed web2py
travis_time:end:16763d84:start=1426547121810488549,finish=1426547123030866885,duration=1220378336[0Ktravis_fold:end:install[0Ktravis_fold:start:before_script.1[0Ktravis_time:start:00524880[0K$ if [[ $TRAVIS_PYTHON_VERSION == '2.6' ]]; then pip install --download-cache $HOME/.pip-cache unittest2; fi
travis_time:end:00524880:start=1426547123034833901,finish=1426547123037847197,duration=3013296[0Ktravis_fold:end:before_script.1[0Ktravis_fold:start:before_script.2[0Ktravis_time:start:0d90a0ee[0K$ if [[ $TRAVIS_PYTHON_VERSION == '2.7' ]]; then pip install --download-cache $HOME/.pip-cache coverage; fi;
[33mYou are using pip version 6.0.7, however version 6.0.8 is available.
You should consider upgrading via the 'pip install --upgrade pip' command.[0m
[33mDEPRECATION: --download-cache has been deprecated and will be removed in the future. Pip now automatically uses and configures its cache.[0m
Collecting coverage
  Downloading coverage-3.7.1.tar.gz (284kB)
[?25l[K    1% |                                | 4.1kB 31.1MB/s eta 0:00:01[K    2% |                                | 8.2kB 26.4MB/s eta 0:00:01[K    4% |#                               | 12kB 857kB/s eta 0:00:01[K    5% |#                               | 16kB 1.1MB/s eta 0:00:01[K    7% |##                              | 20kB 1.4MB/s eta 0:00:01[K    8% |##                              | 24kB 1.7MB/s eta 0:00:01[K    10% |###                             | 28kB 1.9MB/s eta 0:00:01[K    11% |###                             | 32kB 2.2MB/s eta 0:00:01[K    12% |####                            | 36kB 1.2MB/s eta 0:00:01[K    14% |####                            | 40kB 1.4MB/s eta 0:00:01[K    15% |#####                           | 45kB 1.4MB/s eta 0:00:01[K    17% |#####                           | 49kB 1.4MB/s eta 0:00:01[K    18% |#####                           | 53kB 2.6MB/s eta 0:00:01[K    20% |######                          | 57kB 2.6MB/s eta 0:00:01[K    21% |######                          | 61kB 2.6MB/s eta 0:00:01[K    23% |#######                         | 65kB 2.6MB/s eta 0:00:01[K    24% |#######                         | 69kB 1.4MB/s eta 0:00:01[K    25% |########                        | 73kB 1.4MB/s eta 0:00:01[K    27% |########                        | 77kB 2.6MB/s eta 0:00:01[K    28% |#########                       | 81kB 2.6MB/s eta 0:00:01[K    30% |#########                       | 86kB 2.6MB/s eta 0:00:01[K    31% |##########                      | 90kB 1.4MB/s eta 0:00:01[K    33% |##########                      | 94kB 1.4MB/s eta 0:00:01[K    34% |###########                     | 98kB 1.4MB/s eta 0:00:01[K    35% |###########                     | 102kB 1.4MB/s eta 0:00:01[K    37% |###########                     | 106kB 1.4MB/s eta 0:00:01[K    38% |############                    | 110kB 2.6MB/s eta 0:00:01[K    40% |############                    | 114kB 2.6MB/s eta 0:00:01[K    41% |#############                   | 118kB 2.6MB/s eta 0:00:01[K    43% |#############                   | 122kB 2.6MB/s eta 0:00:01[K    44% |##############                  | 126kB 2.6MB/s eta 0:00:01[K    46% |##############                  | 131kB 26.6MB/s eta 0:00:01[K    47% |###############                 | 135kB 2.7MB/s eta 0:00:01[K    48% |###############                 | 139kB 2.7MB/s eta 0:00:01[K    50% |################                | 143kB 2.7MB/s eta 0:00:01[K    51% |################                | 147kB 2.7MB/s eta 0:00:01[K    53% |#################               | 151kB 2.7MB/s eta 0:00:01[K    54% |#################               | 155kB 2.7MB/s eta 0:00:01[K    56% |#################               | 159kB 2.7MB/s eta 0:00:01[K    57% |##################              | 163kB 2.7MB/s eta 0:00:01[K    58% |##################              | 167kB 2.7MB/s eta 0:00:01[K    60% |###################             | 172kB 2.7MB/s eta 0:00:01[K    61% |###################             | 176kB 29.4MB/s eta 0:00:01[K    63% |####################            | 180kB 29.4MB/s eta 0:00:01[K    64% |####################            | 184kB 29.3MB/s eta 0:00:01[K    66% |#####################           | 188kB 29.3MB/s eta 0:00:01[K    67% |#####################           | 192kB 30.7MB/s eta 0:00:01[K    69% |######################          | 196kB 30.7MB/s eta 0:00:01[K    70% |######################          | 200kB 31.2MB/s eta 0:00:01[K    71% |#######################         | 204kB 31.2MB/s eta 0:00:01[K    73% |#######################         | 208kB 31.2MB/s eta 0:00:01[K    74% |#######################         | 212kB 31.2MB/s eta 0:00:01[K    76% |########################        | 217kB 31.1MB/s eta 0:00:01[K    77% |########################        | 221kB 31.2MB/s eta 0:00:01[K    79% |#########################       | 225kB 3.0MB/s eta 0:00:01[K    80% |#########################       | 229kB 3.0MB/s eta 0:00:01[K    81% |##########################      | 233kB 3.0MB/s eta 0:00:01[K    83% |##########################      | 237kB 3.0MB/s eta 0:00:01[K    84% |###########################     | 241kB 3.0MB/s eta 0:00:01[K    86% |###########################     | 245kB 3.0MB/s eta 0:00:01[K    87% |############################    | 249kB 3.0MB/s eta 0:00:01[K    89% |############################    | 253kB 3.0MB/s eta 0:00:01[K    90% |#############################   | 258kB 3.0MB/s eta 0:00:01[K    92% |#############################   | 262kB 3.0MB/s eta 0:00:01[K    93% |#############################   | 266kB 27.6MB/s eta 0:00:01[K    94% |##############################  | 270kB 27.7MB/s eta 0:00:01[K    96% |##############################  | 274kB 27.7MB/s eta 0:00:01[K    97% |############################### | 278kB 27.7MB/s eta 0:00:01[K    99% |############################### | 282kB 27.8MB/s eta 0:00:01[K    100% |################################| 286kB 1.8MB/s 
[?25hInstalling collected packages: coverage
  Running setup.py install for coverage
    building 'coverage.tracer' extension
    gcc -pthread -fno-strict-aliasing -g -fstack-protector --param=ssp-buffer-size=4 -Wformat -Werror=format-security -DNDEBUG -g -fwrapv -O3 -Wall -Wstrict-prototypes -fPIC -I/opt/python/2.7.9/include/python2.7 -c coverage/tracer.c -o build/temp.linux-x86_64-2.7/coverage/tracer.o
    gcc -pthread -shared -L/opt/python/2.7.9/lib -Wl,-rpath=/opt/python/2.7.9/lib build/temp.linux-x86_64-2.7/coverage/tracer.o -L/opt/python/2.7.9/lib -lpython2.7 -o build/lib.linux-x86_64-2.7/coverage/tracer.so
    Installing coverage2 script to /home/travis/virtualenv/python2.7.9/bin
    Installing coverage-2.7 script to /home/travis/virtualenv/python2.7.9/bin
    Installing coverage script to /home/travis/virtualenv/python2.7.9/bin
Successfully installed coverage-3.7.1
travis_time:end:0d90a0ee:start=1426547123041708880,finish=1426547124308176236,duration=1266467356[0Ktravis_fold:end:before_script.2[0Ktravis_fold:start:before_script.3[0Ktravis_time:start:26e0e8fd[0K$ if [[ $TRAVIS_PYTHON_VERSION == '2.7' ]]; then pip install --download-cache $HOME/.pip-cache python-coveralls; fi
[33mYou are using pip version 6.0.7, however version 6.0.8 is available.
You should consider upgrading via the 'pip install --upgrade pip' command.[0m
[33mDEPRECATION: --download-cache has been deprecated and will be removed in the future. Pip now automatically uses and configures its cache.[0m
Collecting python-coveralls
  Downloading python_coveralls-2.5.0-py2.py3-none-any.whl
Collecting sh (from python-coveralls)
  Downloading sh-1.11.tar.gz
Collecting six (from python-coveralls)
  Downloading six-1.9.0-py2.py3-none-any.whl
Requirement already satisfied (use --upgrade to upgrade): coverage==3.7.1 in /home/travis/virtualenv/python2.7.9/lib/python2.7/site-packages (from python-coveralls)
Collecting PyYAML (from python-coveralls)
  Downloading PyYAML-3.11.tar.gz (248kB)
[?25l[K    1% |                                | 4.1kB 24.2MB/s eta 0:00:01[K    3% |#                               | 8.2kB 22.7MB/s eta 0:00:01[K    4% |#                               | 12kB 23.9MB/s eta 0:00:01[K    6% |##                              | 16kB 24.7MB/s eta 0:00:01[K    8% |##                              | 20kB 25.4MB/s eta 0:00:01[K    9% |###                             | 24kB 1.8MB/s eta 0:00:01[K    11% |###                             | 28kB 2.1MB/s eta 0:00:01[K    13% |####                            | 32kB 2.3MB/s eta 0:00:01[K    14% |####                            | 36kB 2.6MB/s eta 0:00:01[K    16% |#####                           | 40kB 2.9MB/s eta 0:00:01[K    18% |#####                           | 45kB 2.8MB/s eta 0:00:01[K    19% |######                          | 49kB 2.8MB/s eta 0:00:01[K    21% |######                          | 53kB 2.8MB/s eta 0:00:01[K    23% |#######                         | 57kB 2.8MB/s eta 0:00:01[K    24% |#######                         | 61kB 1.5MB/s eta 0:00:01[K    26% |########                        | 65kB 2.7MB/s eta 0:00:01[K    28% |########                        | 69kB 2.8MB/s eta 0:00:01[K    29% |#########                       | 73kB 2.8MB/s eta 0:00:01[K    31% |##########                      | 77kB 2.8MB/s eta 0:00:01[K    32% |##########                      | 81kB 2.8MB/s eta 0:00:01[K    34% |###########                     | 86kB 2.8MB/s eta 0:00:01[K    36% |###########                     | 90kB 2.8MB/s eta 0:00:01[K    37% |############                    | 94kB 2.8MB/s eta 0:00:01[K    39% |############                    | 98kB 2.8MB/s eta 0:00:01[K    41% |#############                   | 102kB 27.4MB/s eta 0:00:01[K    42% |#############                   | 106kB 29.1MB/s eta 0:00:01[K    44% |##############                  | 110kB 2.9MB/s eta 0:00:01[K    46% |##############                  | 114kB 2.9MB/s eta 0:00:01[K    47% |###############                 | 118kB 2.9MB/s eta 0:00:01[K    49% |###############                 | 122kB 2.9MB/s eta 0:00:01[K    51% |################                | 126kB 2.9MB/s eta 0:00:01[K    52% |################                | 131kB 2.9MB/s eta 0:00:01[K    54% |#################               | 135kB 2.9MB/s eta 0:00:01[K    56% |#################               | 139kB 2.9MB/s eta 0:00:01[K    57% |##################              | 143kB 2.9MB/s eta 0:00:01[K    59% |##################              | 147kB 2.9MB/s eta 0:00:01[K    60% |###################             | 151kB 28.4MB/s eta 0:00:01[K    62% |####################            | 155kB 31.0MB/s eta 0:00:01[K    64% |####################            | 159kB 30.5MB/s eta 0:00:01[K    65% |#####################           | 163kB 31.0MB/s eta 0:00:01[K    67% |#####################           | 167kB 30.5MB/s eta 0:00:01[K    69% |######################          | 172kB 31.1MB/s eta 0:00:01[K    70% |######################          | 176kB 31.2MB/s eta 0:00:01[K    72% |#######################         | 180kB 31.3MB/s eta 0:00:01[K    74% |#######################         | 184kB 31.4MB/s eta 0:00:01[K    75% |########################        | 188kB 31.4MB/s eta 0:00:01[K    77% |########################        | 192kB 3.0MB/s eta 0:00:01[K    79% |#########################       | 196kB 3.0MB/s eta 0:00:01[K    80% |#########################       | 200kB 3.0MB/s eta 0:00:01[K    82% |##########################      | 204kB 3.0MB/s eta 0:00:01[K    84% |##########################      | 208kB 3.0MB/s eta 0:00:01[K    85% |###########################     | 212kB 3.0MB/s eta 0:00:01[K    87% |###########################     | 217kB 3.0MB/s eta 0:00:01[K    88% |############################    | 221kB 3.0MB/s eta 0:00:01[K    90% |############################    | 225kB 3.0MB/s eta 0:00:01[K    92% |#############################   | 229kB 3.0MB/s eta 0:00:01[K    93% |##############################  | 233kB 26.0MB/s eta 0:00:01[K    95% |##############################  | 237kB 27.4MB/s eta 0:00:01[K    97% |############################### | 241kB 27.7MB/s eta 0:00:01[K    98% |############################### | 245kB 29.9MB/s eta 0:00:01[K    100% |################################| 249kB 2.0MB/s 
[?25hCollecting requests (from python-coveralls)
  Downloading requests-2.6.0-py2.py3-none-any.whl (469kB)
[?25l[K    0% |                                | 4.1kB 25.2MB/s eta 0:00:01[K    1% |                                | 8.2kB 22.4MB/s eta 0:00:01[K    2% |                                | 12kB 23.5MB/s eta 0:00:01[K    3% |#                               | 16kB 24.8MB/s eta 0:00:01[K    4% |#                               | 20kB 25.4MB/s eta 0:00:01[K    5% |#                               | 24kB 26.1MB/s eta 0:00:01[K    6% |#                               | 28kB 26.5MB/s eta 0:00:01[K    6% |##                              | 32kB 27.0MB/s eta 0:00:01[K    7% |##                              | 36kB 27.3MB/s eta 0:00:01[K    8% |##                              | 40kB 27.6MB/s eta 0:00:01[K    9% |###                             | 45kB 28.0MB/s eta 0:00:01[K    10% |###                             | 49kB 29.5MB/s eta 0:00:01[K    11% |###                             | 53kB 30.0MB/s eta 0:00:01[K    12% |###                             | 57kB 30.2MB/s eta 0:00:01[K    13% |####                            | 61kB 30.4MB/s eta 0:00:01[K    13% |####                            | 65kB 30.4MB/s eta 0:00:01[K    14% |####                            | 69kB 30.4MB/s eta 0:00:01[K    15% |#####                           | 73kB 30.3MB/s eta 0:00:01[K    16% |#####                           | 77kB 30.5MB/s eta 0:00:01[K    17% |#####                           | 81kB 30.5MB/s eta 0:00:01[K    18% |#####                           | 86kB 30.6MB/s eta 0:00:01[K    19% |######                          | 90kB 30.6MB/s eta 0:00:01[K    20% |######                          | 94kB 3.5MB/s eta 0:00:01[K    20% |######                          | 98kB 3.5MB/s eta 0:00:01[K    21% |######                          | 102kB 3.5MB/s eta 0:00:01[K    22% |#######                         | 106kB 3.5MB/s eta 0:00:01[K    23% |#######                         | 110kB 3.5MB/s eta 0:00:01[K    24% |#######                         | 114kB 3.5MB/s eta 0:00:01[K    25% |########                        | 118kB 3.4MB/s eta 0:00:01[K    26% |########                        | 122kB 3.4MB/s eta 0:00:01[K    27% |########                        | 126kB 3.4MB/s eta 0:00:01[K    27% |########                        | 131kB 3.4MB/s eta 0:00:01[K    28% |#########                       | 135kB 27.0MB/s eta 0:00:01[K    29% |#########                       | 139kB 29.5MB/s eta 0:00:01[K    30% |#########                       | 143kB 27.7MB/s eta 0:00:01[K    31% |##########                      | 147kB 28.6MB/s eta 0:00:01[K    32% |##########                      | 151kB 28.3MB/s eta 0:00:01[K    33% |##########                      | 155kB 28.8MB/s eta 0:00:01[K    34% |##########                      | 159kB 28.9MB/s eta 0:00:01[K    34% |###########                     | 163kB 29.0MB/s eta 0:00:01[K    35% |###########                     | 167kB 28.5MB/s eta 0:00:01[K    36% |###########                     | 172kB 29.0MB/s eta 0:00:01[K    37% |###########                     | 176kB 29.0MB/s eta 0:00:01[K    38% |############                    | 180kB 29.0MB/s eta 0:00:01[K    39% |############                    | 184kB 30.7MB/s eta 0:00:01[K    40% |############                    | 188kB 30.9MB/s eta 0:00:01[K    40% |#############                   | 192kB 30.9MB/s eta 0:00:01[K    41% |#############                   | 196kB 30.8MB/s eta 0:00:01[K    42% |#############                   | 200kB 30.9MB/s eta 0:00:01[K    43% |#############                   | 204kB 31.3MB/s eta 0:00:01[K    44% |##############                  | 208kB 31.4MB/s eta 0:00:01[K    45% |##############                  | 212kB 31.4MB/s eta 0:00:01[K    46% |##############                  | 217kB 31.4MB/s eta 0:00:01[K    47% |###############                 | 221kB 31.5MB/s eta 0:00:01[K    47% |###############                 | 225kB 31.4MB/s eta 0:00:01[K    48% |###############                 | 229kB 31.5MB/s eta 0:00:01[K    49% |###############                 | 233kB 31.6MB/s eta 0:00:01[K    50% |################                | 237kB 31.6MB/s eta 0:00:01[K    51% |################                | 241kB 31.5MB/s eta 0:00:01[K    52% |################                | 245kB 31.6MB/s eta 0:00:01[K    53% |#################               | 249kB 3.8MB/s eta 0:00:01[K    54% |#################               | 253kB 3.8MB/s eta 0:00:01[K    54% |#################               | 258kB 3.8MB/s eta 0:00:01[K    55% |#################               | 262kB 3.8MB/s eta 0:00:01[K    56% |##################              | 266kB 3.8MB/s eta 0:00:01[K    57% |##################              | 270kB 3.8MB/s eta 0:00:01[K    58% |##################              | 274kB 3.8MB/s eta 0:00:01[K    59% |##################              | 278kB 3.8MB/s eta 0:00:01[K    60% |###################             | 282kB 3.8MB/s eta 0:00:01[K    61% |###################             | 286kB 3.8MB/s eta 0:00:01[K    61% |###################             | 290kB 30.1MB/s eta 0:00:01[K    62% |####################            | 294kB 30.2MB/s eta 0:00:01[K    63% |####################            | 299kB 31.4MB/s eta 0:00:01[K    64% |####################            | 303kB 29.6MB/s eta 0:00:01[K    65% |####################            | 307kB 29.7MB/s eta 0:00:01[K    66% |#####################           | 311kB 29.3MB/s eta 0:00:01[K    67% |#####################           | 315kB 29.7MB/s eta 0:00:01[K    68% |#####################           | 319kB 28.7MB/s eta 0:00:01[K    68% |######################          | 323kB 28.9MB/s eta 0:00:01[K    69% |######################          | 327kB 28.6MB/s eta 0:00:01[K    70% |######################          | 331kB 28.8MB/s eta 0:00:01[K    71% |######################          | 335kB 28.4MB/s eta 0:00:01[K    72% |#######################         | 339kB 28.7MB/s eta 0:00:01[K    73% |#######################         | 344kB 30.0MB/s eta 0:00:01[K    74% |#######################         | 348kB 30.2MB/s eta 0:00:01[K    74% |#######################         | 352kB 30.2MB/s eta 0:00:01[K    75% |########################        | 356kB 30.3MB/s eta 0:00:01[K    76% |########################        | 360kB 31.0MB/s eta 0:00:01[K    77% |########################        | 364kB 30.4MB/s eta 0:00:01[K    78% |#########################       | 368kB 30.3MB/s eta 0:00:01[K    79% |#########################       | 372kB 30.4MB/s eta 0:00:01[K    80% |#########################       | 376kB 30.3MB/s eta 0:00:01[K    81% |#########################       | 380kB 30.3MB/s eta 0:00:01[K    81% |##########################      | 385kB 30.3MB/s eta 0:00:01[K    82% |##########################      | 389kB 30.3MB/s eta 0:00:01[K    83% |##########################      | 393kB 30.3MB/s eta 0:00:01[K    84% |###########################     | 397kB 30.3MB/s eta 0:00:01[K    85% |###########################     | 401kB 30.2MB/s eta 0:00:01[K    86% |###########################     | 405kB 30.9MB/s eta 0:00:01[K    87% |###########################     | 409kB 30.9MB/s eta 0:00:01[K    88% |############################    | 413kB 30.9MB/s eta 0:00:01[K    88% |############################    | 417kB 30.9MB/s eta 0:00:01[K    89% |############################    | 421kB 31.0MB/s eta 0:00:01[K    90% |#############################   | 425kB 30.9MB/s eta 0:00:01[K    91% |#############################   | 430kB 31.0MB/s eta 0:00:01[K    92% |#############################   | 434kB 30.9MB/s eta 0:00:01[K    93% |#############################   | 438kB 31.0MB/s eta 0:00:01[K    94% |##############################  | 442kB 30.9MB/s eta 0:00:01[K    95% |##############################  | 446kB 31.0MB/s eta 0:00:01[K    95% |##############################  | 450kB 30.9MB/s eta 0:00:01[K    96% |##############################  | 454kB 31.0MB/s eta 0:00:01[K    97% |############################### | 458kB 30.9MB/s eta 0:00:01[K    98% |############################### | 462kB 30.8MB/s eta 0:00:01[K    99% |############################### | 466kB 30.7MB/s eta 0:00:01[K    100% |################################| 471kB 1.2MB/s 
[?25hInstalling collected packages: requests, PyYAML, six, sh, python-coveralls

  Running setup.py install for PyYAML
    checking if libyaml is compilable
    gcc -pthread -fno-strict-aliasing -g -fstack-protector --param=ssp-buffer-size=4 -Wformat -Werror=format-security -DNDEBUG -g -fwrapv -O3 -Wall -Wstrict-prototypes -fPIC -I/opt/python/2.7.9/include/python2.7 -c build/temp.linux-x86_64-2.7/check_libyaml.c -o build/temp.linux-x86_64-2.7/check_libyaml.o
    checking if libyaml is linkable
    gcc -pthread build/temp.linux-x86_64-2.7/check_libyaml.o -L/opt/python/2.7.9/lib -lyaml -o build/temp.linux-x86_64-2.7/check_libyaml
    building '_yaml' extension
    gcc -pthread -fno-strict-aliasing -g -fstack-protector --param=ssp-buffer-size=4 -Wformat -Werror=format-security -DNDEBUG -g -fwrapv -O3 -Wall -Wstrict-prototypes -fPIC -I/opt/python/2.7.9/include/python2.7 -c ext/_yaml.c -o build/temp.linux-x86_64-2.7/ext/_yaml.o
    In file included from ext/_yaml.c:343:0:
    ext/_yaml.h:6:0: warning: "PyUnicode_FromString" redefined [enabled by default]
    /opt/python/2.7.9/include/python2.7/unicodeobject.h:281:0: note: this is the location of the previous definition
    ext/_yaml.c: In function ‘__pyx_pf_5_yaml_get_version_string’:
    ext/_yaml.c:1346:17: warning: assignment discards ‘const’ qualifier from pointer target type [enabled by default]
    ext/_yaml.c: In function ‘__pyx_pf_5_yaml_7CParser___init__’:
    ext/_yaml.c:2471:5: warning: passing argument 2 of ‘yaml_parser_set_input’ from incompatible pointer type [enabled by default]
    /usr/include/yaml.h:1367:1: note: expected ‘int (*)(void *, unsigned char *, size_t,  size_t *)’ but argument is of type ‘int (*)(void *, char *, int,  int *)’
    ext/_yaml.c:2664:5: warning: pointer targets in passing argument 2 of ‘yaml_parser_set_input_string’ differ in signedness [-Wpointer-sign]
    /usr/include/yaml.h:1341:1: note: expected ‘const unsigned char *’ but argument is of type ‘char *’
    ext/_yaml.c: In function ‘__pyx_f_5_yaml_7CParser__token_to_object’:
    ext/_yaml.c:4183:5: warning: pointer targets in passing argument 1 of ‘strlen’ differ in signedness [-Wpointer-sign]
    /usr/include/string.h:399:15: note: expected ‘const char *’ but argument is of type ‘yaml_char_t *’
    ext/_yaml.c:4183:5: warning: pointer targets in passing argument 1 of ‘PyUnicodeUCS4_DecodeUTF8’ differ in signedness [-Wpointer-sign]
    /opt/python/2.7.9/include/python2.7/unicodeobject.h:750:23: note: expected ‘const char *’ but argument is of type ‘yaml_char_t *’
    ext/_yaml.c:4195:5: warning: pointer targets in passing argument 1 of ‘strlen’ differ in signedness [-Wpointer-sign]
    /usr/include/string.h:399:15: note: expected ‘const char *’ but argument is of type ‘yaml_char_t *’
    ext/_yaml.c:4195:5: warning: pointer targets in passing argument 1 of ‘PyUnicodeUCS4_DecodeUTF8’ differ in signedness [-Wpointer-sign]
    /opt/python/2.7.9/include/python2.7/unicodeobject.h:750:23: note: expected ‘const char *’ but argument is of type ‘yaml_char_t *’
    ext/_yaml.c:4741:5: warning: pointer targets in passing argument 1 of ‘strlen’ differ in signedness [-Wpointer-sign]
    /usr/include/string.h:399:15: note: expected ‘const char *’ but argument is of type ‘yaml_char_t *’
    ext/_yaml.c:4741:5: warning: pointer targets in passing argument 1 of ‘PyUnicodeUCS4_DecodeUTF8’ differ in signedness [-Wpointer-sign]
    /opt/python/2.7.9/include/python2.7/unicodeobject.h:750:23: note: expected ‘const char *’ but argument is of type ‘yaml_char_t *’
    ext/_yaml.c:4792:5: warning: pointer targets in passing argument 1 of ‘strlen’ differ in signedness [-Wpointer-sign]
    /usr/include/string.h:399:15: note: expected ‘const char *’ but argument is of type ‘yaml_char_t *’
    ext/_yaml.c:4792:5: warning: pointer targets in passing argument 1 of ‘PyUnicodeUCS4_DecodeUTF8’ differ in signedness [-Wpointer-sign]
    /opt/python/2.7.9/include/python2.7/unicodeobject.h:750:23: note: expected ‘const char *’ but argument is of type ‘yaml_char_t *’
    ext/_yaml.c:4843:5: warning: pointer targets in passing argument 1 of ‘strlen’ differ in signedness [-Wpointer-sign]
    /usr/include/string.h:399:15: note: expected ‘const char *’ but argument is of type ‘yaml_char_t *’
    ext/_yaml.c:4843:5: warning: pointer targets in passing argument 1 of ‘PyUnicodeUCS4_DecodeUTF8’ differ in signedness [-Wpointer-sign]
    /opt/python/2.7.9/include/python2.7/unicodeobject.h:750:23: note: expected ‘const char *’ but argument is of type ‘yaml_char_t *’
    ext/_yaml.c:4855:5: warning: pointer targets in passing argument 1 of ‘strlen’ differ in signedness [-Wpointer-sign]
    /usr/include/string.h:399:15: note: expected ‘const char *’ but argument is of type ‘yaml_char_t *’
    ext/_yaml.c:4855:5: warning: pointer targets in passing argument 1 of ‘PyUnicodeUCS4_DecodeUTF8’ differ in signedness [-Wpointer-sign]
    /opt/python/2.7.9/include/python2.7/unicodeobject.h:750:23: note: expected ‘const char *’ but argument is of type ‘yaml_char_t *’
    ext/_yaml.c:4938:5: warning: pointer targets in passing argument 1 of ‘PyUnicodeUCS4_DecodeUTF8’ differ in signedness [-Wpointer-sign]
    /opt/python/2.7.9/include/python2.7/unicodeobject.h:750:23: note: expected ‘const char *’ but argument is of type ‘yaml_char_t *’
    ext/_yaml.c: In function ‘__pyx_f_5_yaml_7CParser__event_to_object’:
    ext/_yaml.c:6435:9: warning: pointer targets in passing argument 1 of ‘strlen’ differ in signedness [-Wpointer-sign]
    /usr/include/string.h:399:15: note: expected ‘const char *’ but argument is of type ‘yaml_char_t *’
    ext/_yaml.c:6435:9: warning: pointer targets in passing argument 1 of ‘PyUnicodeUCS4_DecodeUTF8’ differ in signedness [-Wpointer-sign]
    /opt/python/2.7.9/include/python2.7/unicodeobject.h:750:23: note: expected ‘const char *’ but argument is of type ‘yaml_char_t *’
    ext/_yaml.c:6447:9: warning: pointer targets in passing argument 1 of ‘strlen’ differ in signedness [-Wpointer-sign]
    /usr/include/string.h:399:15: note: expected ‘const char *’ but argument is of type ‘yaml_char_t *’
    ext/_yaml.c:6447:9: warning: pointer targets in passing argument 1 of ‘PyUnicodeUCS4_DecodeUTF8’ differ in signedness [-Wpointer-sign]
    /opt/python/2.7.9/include/python2.7/unicodeobject.h:750:23: note: expected ‘const char *’ but argument is of type ‘yaml_char_t *’
    ext/_yaml.c:6616:5: warning: pointer targets in passing argument 1 of ‘strlen’ differ in signedness [-Wpointer-sign]
    /usr/include/string.h:399:15: note: expected ‘const char *’ but argument is of type ‘yaml_char_t *’
    ext/_yaml.c:6616:5: warning: pointer targets in passing argument 1 of ‘PyUnicodeUCS4_DecodeUTF8’ differ in signedness [-Wpointer-sign]
    /opt/python/2.7.9/include/python2.7/unicodeobject.h:750:23: note: expected ‘const char *’ but argument is of type ‘yaml_char_t *’
    ext/_yaml.c:6687:7: warning: pointer targets in passing argument 1 of ‘strlen’ differ in signedness [-Wpointer-sign]
    /usr/include/string.h:399:15: note: expected ‘const char *’ but argument is of type ‘yaml_char_t *’
    ext/_yaml.c:6687:7: warning: pointer targets in passing argument 1 of ‘PyUnicodeUCS4_DecodeUTF8’ differ in signedness [-Wpointer-sign]
    /opt/python/2.7.9/include/python2.7/unicodeobject.h:750:23: note: expected ‘const char *’ but argument is of type ‘yaml_char_t *’
    ext/_yaml.c:6722:7: warning: pointer targets in passing argument 1 of ‘strlen’ differ in signedness [-Wpointer-sign]
    /usr/include/string.h:399:15: note: expected ‘const char *’ but argument is of type ‘yaml_char_t *’
    ext/_yaml.c:6722:7: warning: pointer targets in passing argument 1 of ‘PyUnicodeUCS4_DecodeUTF8’ differ in signedness [-Wpointer-sign]
    /opt/python/2.7.9/include/python2.7/unicodeobject.h:750:23: note: expected ‘const char *’ but argument is of type ‘yaml_char_t *’
    ext/_yaml.c:6737:5: warning: pointer targets in passing argument 1 of ‘PyUnicodeUCS4_DecodeUTF8’ differ in signedness [-Wpointer-sign]
    /opt/python/2.7.9/include/python2.7/unicodeobject.h:750:23: note: expected ‘const char *’ but argument is of type ‘yaml_char_t *’
    ext/_yaml.c:7031:7: warning: pointer targets in passing argument 1 of ‘strlen’ differ in signedness [-Wpointer-sign]
    /usr/include/string.h:399:15: note: expected ‘const char *’ but argument is of type ‘yaml_char_t *’
    ext/_yaml.c:7031:7: warning: pointer targets in passing argument 1 of ‘PyUnicodeUCS4_DecodeUTF8’ differ in signedness [-Wpointer-sign]
    /opt/python/2.7.9/include/python2.7/unicodeobject.h:750:23: note: expected ‘const char *’ but argument is of type ‘yaml_char_t *’
    ext/_yaml.c:7066:7: warning: pointer targets in passing argument 1 of ‘strlen’ differ in signedness [-Wpointer-sign]
    /usr/include/string.h:399:15: note: expected ‘const char *’ but argument is of type ‘yaml_char_t *’
    ext/_yaml.c:7066:7: warning: pointer targets in passing argument 1 of ‘PyUnicodeUCS4_DecodeUTF8’ differ in signedness [-Wpointer-sign]
    /opt/python/2.7.9/include/python2.7/unicodeobject.h:750:23: note: expected ‘const char *’ but argument is of type ‘yaml_char_t *’
    ext/_yaml.c:7253:7: warning: pointer targets in passing argument 1 of ‘strlen’ differ in signedness [-Wpointer-sign]
    /usr/include/string.h:399:15: note: expected ‘const char *’ but argument is of type ‘yaml_char_t *’
    ext/_yaml.c:7253:7: warning: pointer targets in passing argument 1 of ‘PyUnicodeUCS4_DecodeUTF8’ differ in signedness [-Wpointer-sign]
    /opt/python/2.7.9/include/python2.7/unicodeobject.h:750:23: note: expected ‘const char *’ but argument is of type ‘yaml_char_t *’
    ext/_yaml.c:7288:7: warning: pointer targets in passing argument 1 of ‘strlen’ differ in signedness [-Wpointer-sign]
    /usr/include/string.h:399:15: note: expected ‘const char *’ but argument is of type ‘yaml_char_t *’
    ext/_yaml.c:7288:7: warning: pointer targets in passing argument 1 of ‘PyUnicodeUCS4_DecodeUTF8’ differ in signedness [-Wpointer-sign]
    /opt/python/2.7.9/include/python2.7/unicodeobject.h:750:23: note: expected ‘const char *’ but argument is of type ‘yaml_char_t *’
    ext/_yaml.c: In function ‘__pyx_f_5_yaml_7CParser__compose_node’:
    ext/_yaml.c:8704:5: warning: pointer targets in passing argument 1 of ‘strlen’ differ in signedness [-Wpointer-sign]
    /usr/include/string.h:399:15: note: expected ‘const char *’ but argument is of type ‘yaml_char_t *’
    ext/_yaml.c:8704:5: warning: pointer targets in passing argument 1 of ‘PyUnicodeUCS4_DecodeUTF8’ differ in signedness [-Wpointer-sign]
    /opt/python/2.7.9/include/python2.7/unicodeobject.h:750:23: note: expected ‘const char *’ but argument is of type ‘yaml_char_t *’
    ext/_yaml.c:8924:5: warning: pointer targets in passing argument 1 of ‘strlen’ differ in signedness [-Wpointer-sign]
    /usr/include/string.h:399:15: note: expected ‘const char *’ but argument is of type ‘yaml_char_t *’
    ext/_yaml.c:8924:5: warning: pointer targets in passing argument 1 of ‘PyUnicodeUCS4_DecodeUTF8’ differ in signedness [-Wpointer-sign]
    /opt/python/2.7.9/include/python2.7/unicodeobject.h:750:23: note: expected ‘const char *’ but argument is of type ‘yaml_char_t *’
    ext/_yaml.c:8962:5: warning: pointer targets in passing argument 1 of ‘strlen’ differ in signedness [-Wpointer-sign]
    /usr/include/string.h:399:15: note: expected ‘const char *’ but argument is of type ‘yaml_char_t *’
    ext/_yaml.c:8962:5: warning: pointer targets in passing argument 1 of ‘PyUnicodeUCS4_DecodeUTF8’ differ in signedness [-Wpointer-sign]
    /opt/python/2.7.9/include/python2.7/unicodeobject.h:750:23: note: expected ‘const char *’ but argument is of type ‘yaml_char_t *’
    ext/_yaml.c:9000:5: warning: pointer targets in passing argument 1 of ‘strlen’ differ in signedness [-Wpointer-sign]
    /usr/include/string.h:399:15: note: expected ‘const char *’ but argument is of type ‘yaml_char_t *’
    ext/_yaml.c:9000:5: warning: pointer targets in passing argument 1 of ‘PyUnicodeUCS4_DecodeUTF8’ differ in signedness [-Wpointer-sign]
    /opt/python/2.7.9/include/python2.7/unicodeobject.h:750:23: note: expected ‘const char *’ but argument is of type ‘yaml_char_t *’
    ext/_yaml.c: In function ‘__pyx_f_5_yaml_7CParser__compose_scalar_node’:
    ext/_yaml.c:9532:3: warning: pointer targets in passing argument 1 of ‘PyUnicodeUCS4_DecodeUTF8’ differ in signedness [-Wpointer-sign]
    /opt/python/2.7.9/include/python2.7/unicodeobject.h:750:23: note: expected ‘const char *’ but argument is of type ‘yaml_char_t *’
    ext/_yaml.c:9688:5: warning: pointer targets in passing argument 1 of ‘strlen’ differ in signedness [-Wpointer-sign]
    /usr/include/string.h:399:15: note: expected ‘const char *’ but argument is of type ‘yaml_char_t *’
    ext/_yaml.c:9688:5: warning: pointer targets in passing argument 1 of ‘PyUnicodeUCS4_DecodeUTF8’ differ in signedness [-Wpointer-sign]
    /opt/python/2.7.9/include/python2.7/unicodeobject.h:750:23: note: expected ‘const char *’ but argument is of type ‘yaml_char_t *’
    ext/_yaml.c: In function ‘__pyx_f_5_yaml_7CParser__compose_sequence_node’:
    ext/_yaml.c:10128:5: warning: pointer targets in passing argument 1 of ‘strlen’ differ in signedness [-Wpointer-sign]
    /usr/include/string.h:399:15: note: expected ‘const char *’ but argument is of type ‘yaml_char_t *’
    ext/_yaml.c:10128:5: warning: pointer targets in passing argument 1 of ‘PyUnicodeUCS4_DecodeUTF8’ differ in signedness [-Wpointer-sign]
    /opt/python/2.7.9/include/python2.7/unicodeobject.h:750:23: note: expected ‘const char *’ but argument is of type ‘yaml_char_t *’
    ext/_yaml.c: In function ‘__pyx_f_5_yaml_7CParser__compose_mapping_node’:
    ext/_yaml.c:10654:5: warning: pointer targets in passing argument 1 of ‘strlen’ differ in signedness [-Wpointer-sign]
    /usr/include/string.h:399:15: note: expected ‘const char *’ but argument is of type ‘yaml_char_t *’
    ext/_yaml.c:10654:5: warning: pointer targets in passing argument 1 of ‘PyUnicodeUCS4_DecodeUTF8’ differ in signedness [-Wpointer-sign]
    /opt/python/2.7.9/include/python2.7/unicodeobject.h:750:23: note: expected ‘const char *’ but argument is of type ‘yaml_char_t *’
    ext/_yaml.c: In function ‘__pyx_pf_5_yaml_8CEmitter___init__’:
    ext/_yaml.c:11721:3: warning: passing argument 2 of ‘yaml_emitter_set_output’ from incompatible pointer type [enabled by default]
    /usr/include/yaml.h:1829:1: note: expected ‘int (*)(void *, unsigned char *, size_t)’ but argument is of type ‘int (*)(void *, char *, int)’
    ext/_yaml.c: In function ‘__pyx_f_5_yaml_8CEmitter__object_to_event’:
    ext/_yaml.c:12898:44: warning: pointer targets in assignment differ in signedness [-Wpointer-sign]
    ext/_yaml.c:12991:44: warning: pointer targets in assignment differ in signedness [-Wpointer-sign]
    ext/_yaml.c:13248:5: warning: pointer targets in passing argument 2 of ‘yaml_alias_event_initialize’ differ in signedness [-Wpointer-sign]
    /usr/include/yaml.h:553:1: note: expected ‘yaml_char_t *’ but argument is of type ‘char *’
    ext/_yaml.c:13824:5: warning: pointer targets in passing argument 2 of ‘yaml_scalar_event_initialize’ differ in signedness [-Wpointer-sign]
    /usr/include/yaml.h:578:1: note: expected ‘yaml_char_t *’ but argument is of type ‘char *’
    ext/_yaml.c:13824:5: warning: pointer targets in passing argument 3 of ‘yaml_scalar_event_initialize’ differ in signedness [-Wpointer-sign]
    /usr/include/yaml.h:578:1: note: expected ‘yaml_char_t *’ but argument is of type ‘char *’
    ext/_yaml.c:13824:5: warning: pointer targets in passing argument 4 of ‘yaml_scalar_event_initialize’ differ in signedness [-Wpointer-sign]
    /usr/include/yaml.h:578:1: note: expected ‘yaml_char_t *’ but argument is of type ‘char *’
    ext/_yaml.c:14166:5: warning: pointer targets in passing argument 2 of ‘yaml_sequence_start_event_initialize’ differ in signedness [-Wpointer-sign]
    /usr/include/yaml.h:601:1: note: expected ‘yaml_char_t *’ but argument is of type ‘char *’
    ext/_yaml.c:14166:5: warning: pointer targets in passing argument 3 of ‘yaml_sequence_start_event_initialize’ differ in signedness [-Wpointer-sign]
    /usr/include/yaml.h:601:1: note: expected ‘yaml_char_t *’ but argument is of type ‘char *’
    ext/_yaml.c:14508:5: warning: pointer targets in passing argument 2 of ‘yaml_mapping_start_event_initialize’ differ in signedness [-Wpointer-sign]
    /usr/include/yaml.h:633:1: note: expected ‘yaml_char_t *’ but argument is of type ‘char *’
    ext/_yaml.c:14508:5: warning: pointer targets in passing argument 3 of ‘yaml_mapping_start_event_initialize’ differ in signedness [-Wpointer-sign]
    /usr/include/yaml.h:633:1: note: expected ‘yaml_char_t *’ but argument is of type ‘char *’
    ext/_yaml.c: In function ‘__pyx_pf_5_yaml_8CEmitter_12serialize’:
    ext/_yaml.c:15784:42: warning: pointer targets in assignment differ in signedness [-Wpointer-sign]
    ext/_yaml.c:15877:42: warning: pointer targets in assignment differ in signedness [-Wpointer-sign]
    ext/_yaml.c: In function ‘__pyx_f_5_yaml_8CEmitter__serialize_node’:
    ext/_yaml.c:16616:5: warning: pointer targets in passing argument 2 of ‘yaml_alias_event_initialize’ differ in signedness [-Wpointer-sign]
    /usr/include/yaml.h:553:1: note: expected ‘yaml_char_t *’ but argument is of type ‘char *’
    ext/_yaml.c:17195:7: warning: pointer targets in passing argument 2 of ‘yaml_scalar_event_initialize’ differ in signedness [-Wpointer-sign]
    /usr/include/yaml.h:578:1: note: expected ‘yaml_char_t *’ but argument is of type ‘char *’
    ext/_yaml.c:17195:7: warning: pointer targets in passing argument 3 of ‘yaml_scalar_event_initialize’ differ in signedness [-Wpointer-sign]
    /usr/include/yaml.h:578:1: note: expected ‘yaml_char_t *’ but argument is of type ‘char *’
    ext/_yaml.c:17195:7: warning: pointer targets in passing argument 4 of ‘yaml_scalar_event_initialize’ differ in signedness [-Wpointer-sign]
    /usr/include/yaml.h:578:1: note: expected ‘yaml_char_t *’ but argument is of type ‘char *’
    ext/_yaml.c:17473:7: warning: pointer targets in passing argument 2 of ‘yaml_sequence_start_event_initialize’ differ in signedness [-Wpointer-sign]
    /usr/include/yaml.h:601:1: note: expected ‘yaml_char_t *’ but argument is of type ‘char *’
    ext/_yaml.c:17473:7: warning: pointer targets in passing argument 3 of ‘yaml_sequence_start_event_initialize’ differ in signedness [-Wpointer-sign]
    /usr/include/yaml.h:601:1: note: expected ‘yaml_char_t *’ but argument is of type ‘char *’
    ext/_yaml.c:17874:7: warning: pointer targets in passing argument 2 of ‘yaml_mapping_start_event_initialize’ differ in signedness [-Wpointer-sign]
    /usr/include/yaml.h:633:1: note: expected ‘yaml_char_t *’ but argument is of type ‘char *’
    ext/_yaml.c:17874:7: warning: pointer targets in passing argument 3 of ‘yaml_mapping_start_event_initialize’ differ in signedness [-Wpointer-sign]
    /usr/include/yaml.h:633:1: note: expected ‘yaml_char_t *’ but argument is of type ‘char *’
    gcc -pthread -shared -L/opt/python/2.7.9/lib -Wl,-rpath=/opt/python/2.7.9/lib build/temp.linux-x86_64-2.7/ext/_yaml.o -L/opt/python/2.7.9/lib -lyaml -lpython2.7 -o build/lib.linux-x86_64-2.7/_yaml.so

  Running setup.py install for sh

Successfully installed PyYAML-3.11 python-coveralls-2.5.0 requests-2.6.0 sh-1.11 six-1.9.0
travis_time:end:26e0e8fd:start=1426547124312249995,finish=1426547130051079005,duration=5738829010[0Ktravis_fold:end:before_script.3[0Ktravis_time:start:06ba6d97[0K$ export COVERAGE_PROCESS_START=gluon/tests/coverage.ini; ./web2py.py --run_system_tests --with_coverage
Python 2.7
testA (gluon.tests.test_html.TestBareHelpers) ... ok
testB (gluon.tests.test_html.TestBareHelpers) ... ok
testBODY (gluon.tests.test_html.TestBareHelpers) ... ok
testBR (gluon.tests.test_html.TestBareHelpers) ... ok
testCENTER (gluon.tests.test_html.TestBareHelpers) ... ok
testDIV (gluon.tests.test_html.TestBareHelpers) ... ok
testEM (gluon.tests.test_html.TestBareHelpers) ... ok
testEMBED (gluon.tests.test_html.TestBareHelpers) ... ok
testFIELDSET (gluon.tests.test_html.TestBareHelpers) ... ok
testFORM (gluon.tests.test_html.TestBareHelpers) ... ok
testH1 (gluon.tests.test_html.TestBareHelpers) ... ok
testH2 (gluon.tests.test_html.TestBareHelpers) ... ok
testH3 (gluon.tests.test_html.TestBareHelpers) ... ok
testH4 (gluon.tests.test_html.TestBareHelpers) ... ok
testH5 (gluon.tests.test_html.TestBareHelpers) ... ok
testH6 (gluon.tests.test_html.TestBareHelpers) ... ok
testHEAD (gluon.tests.test_html.TestBareHelpers) ... ok
testHR (gluon.tests.test_html.TestBareHelpers) ... ok
testHTML (gluon.tests.test_html.TestBareHelpers) ... ok
testIFRAME (gluon.tests.test_html.TestBareHelpers) ... ok
testIMG (gluon.tests.test_html.TestBareHelpers) ... ok
testINPUT (gluon.tests.test_html.TestBareHelpers) ... ok
testLABEL (gluon.tests.test_html.TestBareHelpers) ... ok
testLI (gluon.tests.test_html.TestBareHelpers) ... ok
testLINK (gluon.tests.test_html.TestBareHelpers) ... ok
testMETA (gluon.tests.test_html.TestBareHelpers) ... ok
testOBJECT (gluon.tests.test_html.TestBareHelpers) ... ok
testOL (gluon.tests.test_html.TestBareHelpers) ... ok
testOPTION (gluon.tests.test_html.TestBareHelpers) ... ok
testP (gluon.tests.test_html.TestBareHelpers) ... ok
testPRE (gluon.tests.test_html.TestBareHelpers) ... ok
testSCRIPT (gluon.tests.test_html.TestBareHelpers) ... ok
testSELECT (gluon.tests.test_html.TestBareHelpers) ... ok
testSPAN (gluon.tests.test_html.TestBareHelpers) ... ok
testSTYLE (gluon.tests.test_html.TestBareHelpers) ... ok
testStaticURL (gluon.tests.test_html.TestBareHelpers) ... ok
testTABLE (gluon.tests.test_html.TestBareHelpers) ... ok
testTAG (gluon.tests.test_html.TestBareHelpers) ... ok
testTBODY (gluon.tests.test_html.TestBareHelpers) ... ok
testTD (gluon.tests.test_html.TestBareHelpers) ... ok
testTEXTAREA (gluon.tests.test_html.TestBareHelpers) ... ok
testTFOOT (gluon.tests.test_html.TestBareHelpers) ... ok
testTH (gluon.tests.test_html.TestBareHelpers) ... ok
testTHEAD (gluon.tests.test_html.TestBareHelpers) ... ok
testTITLE (gluon.tests.test_html.TestBareHelpers) ... ok
testTR (gluon.tests.test_html.TestBareHelpers) ... ok
testTT (gluon.tests.test_html.TestBareHelpers) ... ok
testUL (gluon.tests.test_html.TestBareHelpers) ... ok
testURL (gluon.tests.test_html.TestBareHelpers) ... ok
testXML (gluon.tests.test_html.TestBareHelpers) ... ok
testverifyURL (gluon.tests.test_html.TestBareHelpers) ... ok
testCacheInRam (gluon.tests.test_cache.TestCache) ... ok
testCacheOnDisk (gluon.tests.test_cache.TestCache) ... ok
testCacheWithPrefix (gluon.tests.test_cache.TestCache) ... ok
testRegex (gluon.tests.test_cache.TestCache) ... ok
testTypeRecognition (gluon.tests.test_contenttype.TestContentType) ... ok
test_appconfig (gluon.tests.test_contribs.TestContribs) ... ok
test_fpdf (gluon.tests.test_contribs.TestContribs)
Basic PDF test and sanity checks ... ok
testRun (gluon.tests.test_dal.TestDALSubclass) ... ok
testAdata (gluon.tests.test_html.TestData) ... ok
testParseVersion (gluon.tests.test_fileutils.TestFileUtils) ... ok
test_status_message (gluon.tests.test_http.TestHTTP)
Tests http status code message ... ok
testInvalidUrls (gluon.tests.test_is_url.TestIsGenericUrl) ... ok
testPrepending (gluon.tests.test_is_url.TestIsGenericUrl) ... ok
testValidUrls (gluon.tests.test_is_url.TestIsGenericUrl) ... ok
testInvalidUrls (gluon.tests.test_is_url.TestIsHttpUrl) ... ok
testPrepending (gluon.tests.test_is_url.TestIsHttpUrl) ... ok
testValidUrls (gluon.tests.test_is_url.TestIsHttpUrl) ... ok
testExceptionalUse (gluon.tests.test_is_url.TestIsUrl) ... ok
testModeGeneric (gluon.tests.test_is_url.TestIsUrl) ... ok
testModeHttp (gluon.tests.test_is_url.TestIsUrl) ... ok
test_reads_and_writes (gluon.tests.test_languages.TestLanguagesParallel) ... ok
test_reads_and_writes_no_mp (gluon.tests.test_languages.TestLanguagesParallel) ... skipped 'multiprocessing tests available'
test_listcall (gluon.tests.test_storage.TestList) ... ok
test_compile (gluon.tests.test_utils.TestPack) ... ok
test_request_collide (gluon.tests.test_router.TestRouter) ... ok
test_request_uri (gluon.tests.test_router.TestRouter) ... ok
test_router_absolute (gluon.tests.test_router.TestRouter) ... ok
test_router_app (gluon.tests.test_router.TestRouter)
Tests the doctest router app resolution ... ok
test_router_args (gluon.tests.test_router.TestRouter) ... ok
test_router_defapp (gluon.tests.test_router.TestRouter)
Test the default-application function ... ok
test_router_domains (gluon.tests.test_router.TestRouter) ... ok
test_router_domains_ed (gluon.tests.test_router.TestRouter) ... ok
test_router_domains_fs (gluon.tests.test_router.TestRouter) ... ok
test_router_error (gluon.tests.test_router.TestRouter) ... ok
test_router_functions (gluon.tests.test_router.TestRouter) ... ok
test_router_functions2 (gluon.tests.test_router.TestRouter) ... ok
test_router_get_effective (gluon.tests.test_router.TestRouter) ... ok
test_router_hyphen (gluon.tests.test_router.TestRouter) ... ok
test_router_lang (gluon.tests.test_router.TestRouter) ... ok
test_router_nodef (gluon.tests.test_router.TestRouter)
Test no-default functions ... ok
test_router_null (gluon.tests.test_router.TestRouter)
Tests the null router ... ok
test_router_out (gluon.tests.test_router.TestRouter) ... ok
test_router_prefix (gluon.tests.test_router.TestRouter) ... ok
test_router_raise (gluon.tests.test_router.TestRouter) ... ok
test_router_specific (gluon.tests.test_router.TestRouter) ... ok
test_router_static_path (gluon.tests.test_router.TestRouter) ... ok
test_router_syntax (gluon.tests.test_router.TestRouter)
Test router syntax error ... ok
test_routes_anchor (gluon.tests.test_router.TestRouter) ... ok
test_request_uri (gluon.tests.test_routes.TestRoutes) ... ok
test_routes_absolute (gluon.tests.test_routes.TestRoutes) ... ok
test_routes_anchor (gluon.tests.test_routes.TestRoutes) ... ok
test_routes_args (gluon.tests.test_routes.TestRoutes) ... ok
test_routes_defapp (gluon.tests.test_routes.TestRoutes)
Test the default-application function ... ok
test_routes_error (gluon.tests.test_routes.TestRoutes) ... ok
test_routes_null (gluon.tests.test_routes.TestRoutes)
Tests a null routes table ... ok
test_routes_query (gluon.tests.test_routes.TestRoutes)
Test query appending ... ok
test_routes_raise (gluon.tests.test_routes.TestRoutes) ... ok
test_routes_specific (gluon.tests.test_routes.TestRoutes) ... ok
testJSON (gluon.tests.test_serializers.TestSerializers) ... ok
test_IS_URL (gluon.tests.test_is_url.TestSimple) ... ok
test_attribute (gluon.tests.test_storage.TestStorage)
Tests Storage attribute handling ... ok
test_getfirst (gluon.tests.test_storage.TestStorage) ... ok
test_getlast (gluon.tests.test_storage.TestStorage) ... ok
test_getlist (gluon.tests.test_storage.TestStorage) ... ok
test_item (gluon.tests.test_storage.TestStorage)
Tests Storage item handling ... ok
test_pickling (gluon.tests.test_storage.TestStorage)
Test storage pickling ... ok
test_store_none (gluon.tests.test_storage.TestStorage)
Test Storage store-None handling ... ok
test_attribute (gluon.tests.test_storage.TestStorageList) ... ok
test_plain (gluon.tests.test_languages.TestTranslations) ... ok
testInvalidUrls (gluon.tests.test_is_url.TestUnicode) ... ok
testUnicodeToAsciiUrl (gluon.tests.test_is_url.TestUnicode) ... ok
testValidUrls (gluon.tests.test_is_url.TestUnicode) ... ok
test_compare (gluon.tests.test_utils.TestUtils)
Tests the compare funciton ... ok
test_md5_hash (gluon.tests.test_utils.TestUtils)
Tests the md5_hash function ... ok
test_simple_hash (gluon.tests.test_utils.TestUtils)
Tests the simple_hash function ... ok
test_ANY_OF (gluon.tests.test_validators.TestValidators) ... ok
test_CLEANUP (gluon.tests.test_validators.TestValidators) ... ok
test_CRYPT (gluon.tests.test_validators.TestValidators) ... ok
test_IS_ALPHANUMERIC (gluon.tests.test_validators.TestValidators) ... ok
test_IS_DATE (gluon.tests.test_validators.TestValidators) ... ok
test_IS_DATETIME (gluon.tests.test_validators.TestValidators) ... ok
test_IS_DATETIME_IN_RANGE (gluon.tests.test_validators.TestValidators) ... ok
test_IS_DATE_IN_RANGE (gluon.tests.test_validators.TestValidators) ... ok
test_IS_DECIMAL_IN_RANGE (gluon.tests.test_validators.TestValidators) ... ok
test_IS_EMAIL (gluon.tests.test_validators.TestValidators) ... ok
test_IS_EMPTY_OR (gluon.tests.test_validators.TestValidators) ... ok
test_IS_EQUAL_TO (gluon.tests.test_validators.TestValidators) ... ok
test_IS_EXPR (gluon.tests.test_validators.TestValidators) ... ok
test_IS_FLOAT_IN_RANGE (gluon.tests.test_validators.TestValidators) ... ok
test_IS_INT_IN_RANGE (gluon.tests.test_validators.TestValidators) ... ok
test_IS_IN_SET (gluon.tests.test_validators.TestValidators) ... ok
test_IS_IPADDRESS (gluon.tests.test_validators.TestValidators) ... ok
test_IS_IPV4 (gluon.tests.test_validators.TestValidators) ... ok
test_IS_IPV6 (gluon.tests.test_validators.TestValidators) ... ok
test_IS_JSON (gluon.tests.test_validators.TestValidators) ... ok
test_IS_LENGTH (gluon.tests.test_validators.TestValidators) ... ok
test_IS_LIST_OF (gluon.tests.test_validators.TestValidators) ... ok
test_IS_LIST_OF_EMAILS (gluon.tests.test_validators.TestValidators) ... ok
test_IS_LOWER (gluon.tests.test_validators.TestValidators) ... ok
test_IS_MATCH (gluon.tests.test_validators.TestValidators) ... ok
test_IS_NOT_EMPTY (gluon.tests.test_validators.TestValidators) ... ok
test_IS_SLUG (gluon.tests.test_validators.TestValidators) ... ok
test_IS_STRONG (gluon.tests.test_validators.TestValidators) ... ok
test_IS_TIME (gluon.tests.test_validators.TestValidators) ... ok
test_IS_UPLOAD_FILENAME (gluon.tests.test_validators.TestValidators) ... ok
test_IS_UPPER (gluon.tests.test_validators.TestValidators) ... ok
testEqualWrite (gluon.tests.test_template.TestVirtualFields)
test generation of response.write from = ... ok
testRun (gluon.tests.test_template.TestVirtualFields) ... ok
Sleeping before web2py starts...
web2py Web Framework
Created by Massimo Di Pierro, Copyright 2007-2015
Version 2.9.12-stable+timestamp.2015.02.13.23.31.09
Database drivers available: sqlite3, imaplib, pyodbc, pymysql, pg8000

please visit:
	http://127.0.0.1:8000/
use "kill -SIGTERM 2389" to shutdown the web2py server


1 ...

testRegisterAndLogin (gluon.tests.test_web.TestWeb) ... Changed session ID welcome
Changed session ID welcome
Changed session ID welcome
ok
testSoap (gluon.tests.test_web.TestWeb) ... ERROR:gluon.contrib.pysimplesoap.server:Traceback (most recent call last):
  File "/home/travis/build/web2py/web2py/gluon/contrib/pysimplesoap/server.py", line 184, in dispatch
    ret = function(**args)
  File "/home/travis/build/web2py/web2py/applications/examples/controllers/soap_examples.py", line 26, in division
    return a / b
ZeroDivisionError: float division by zero

ERROR:gluon.contrib.pysimplesoap.server:Traceback (most recent call last):
  File "/home/travis/build/web2py/web2py/gluon/contrib/pysimplesoap/server.py", line 184, in dispatch
    ret = function(**args)
  File "/home/travis/build/web2py/web2py/applications/examples/controllers/soap_examples.py", line 26, in division
    return a / b
ZeroDivisionError: float division by zero

ok
testStaticCache (gluon.tests.test_web.TestWeb) ... ok
Killing webserver
testRun (gluon.tests.test_tools.testAuth) ... ok
BEAUTIFY (html)
Doctest: html.BEAUTIFY ... ok
DIV (html)
Doctest: html.DIV ... ok
append (html.DIV)
Doctest: html.DIV.append ... ok
elements (html.DIV)
Doctest: html.DIV.elements ... ok
flatten (html.DIV)
Doctest: html.DIV.flatten ... ok
insert (html.DIV)
Doctest: html.DIV.insert ... ok
FORM (html)
Doctest: html.FORM ... ok
INPUT (html)
Doctest: html.INPUT ... ok
SELECT (html)
Doctest: html.SELECT ... ok
URL (html)
Doctest: html.URL ... ok
XML (html)
Doctest: html.XML ... ok
__TAG__ (html)
Doctest: html.__TAG__ ... ok
test (html)
Doctest: html.test ... ok
verifyURL (html)
Doctest: html.verifyURL ... ok
web2pyHTMLParser (html)
Doctest: html.web2pyHTMLParser ... ok
__repr__ (utf8.Utf8)
Doctest: utf8.Utf8.__repr__ ... ok
render (contrib.markmin.markmin2html)
Doctest: contrib.markmin.markmin2html.render ... ok

----------------------------------------------------------------------
Ran 180 tests in 6.518s

OK (skipped=1)
travis_time:end:06ba6d97:start=1426547130054983000,finish=1426547137644748135,duration=7589765135[0K
[32;1mThe command "export COVERAGE_PROCESS_START=gluon/tests/coverage.ini; ./web2py.py --run_system_tests --with_coverage" exited with 0.[0m
travis_fold:start:cache.2[0Kstore build cache
travis_time:start:0bd3e1d7[0Knothing changed, not updating cache
travis_time:end:0bd3e1d7:start=1426547137649081913,finish=1426547137917059553,duration=267977640[0Ktravis_fold:end:cache.2[0Ktravis_fold:start:after_success.1[0Ktravis_time:start:026eee70[0K$ if [[ $TRAVIS_PYTHON_VERSION == '2.7' ]]; then coverage combine; fi
travis_time:end:026eee70:start=1426547137921036206,finish=1426547138048868035,duration=127831829[0Ktravis_fold:end:after_success.1[0Ktravis_fold:start:after_success.2[0Ktravis_time:start:1b76ca94[0K$ if [[ $TRAVIS_PYTHON_VERSION == '2.7' ]]; then coveralls --config_file=gluon/tests/coverage.ini; fi
INFO:sh.command:<Command '/bin/pwd' call_args {'bg': False, 'timeo...(476 more)>: starting process
INFO:sh.command:<Command '/usr/bin/git --no-pa...(53 more)' call_args {'bg': False, 'timeo...(476 more)>: starting process
INFO:sh.command:<Command '/usr/bin/git rev-par...(20 more)' call_args {'bg': False, 'timeo...(476 more)>: starting process
INFO:sh.command:<Command '/usr/bin/git remote ...(2 more)' call_args {'bg': False, 'timeo...(476 more)>: starting process
INFO:requests.packages.urllib3.connectionpool:Starting new HTTPS connection (1): coveralls.io
INFO:coveralls:200
INFO:coveralls:{"message":"Job #1952.2","url":"https://coveralls.io/jobs/4936420"}
travis_time:end:1b76ca94:start=1426547138052893153,finish=1426547147616316324,duration=9563423171[0Ktravis_fold:end:after_success.2[0K
Done. Your build exited with 0.
