Using worker: worker-linux-docker-97b1f51e.prod.travis-ci.org:travis-linux-4

travis_fold:start:system_info[0K[33;1mBuild system information[0m
Build language: java
Build group: stable
Build dist: precise
[34m[1mBuild image provisioning date and time[0m
Thu Feb  5 15:09:33 UTC 2015
[34m[1mOperating System Details[0m
Distributor ID:	Ubuntu
Description:	Ubuntu 12.04.5 LTS
Release:	12.04
Codename:	precise
[34m[1mLinux Version[0m
3.13.0-29-generic
[34m[1mCookbooks Version[0m
a68419e https://github.com/travis-ci/travis-cookbooks/tree/a68419e
[34m[1mGCC version[0m
gcc (Ubuntu/Linaro 4.6.3-1ubuntu5) 4.6.3
Copyright (C) 2011 Free Software Foundation, Inc.
This is free software; see the source for copying conditions.  There is NO
warranty; not even for MERCHANTABILITY or FITNESS FOR A PARTICULAR PURPOSE.

[34m[1mLLVM version[0m
clang version 3.4 (tags/RELEASE_34/final)
Target: x86_64-unknown-linux-gnu
Thread model: posix
[34m[1mPre-installed Ruby versions[0m
ruby-1.9.3-p551
[34m[1mPre-installed Node.js versions[0m
v0.10.36
[34m[1mPre-installed Go versions[0m
1.4.1
[34m[1mRedis version[0m
redis-server 2.8.19
[34m[1mriak version[0m
2.0.2
[34m[1mMongoDB version[0m
MongoDB 2.4.12
[34m[1mCouchDB version[0m
couchdb 1.6.1
[34m[1mNeo4j version[0m
1.9.4
[34m[1mRabbitMQ Version[0m
3.4.3
[34m[1mElasticSearch version[0m
1.4.0
[34m[1mInstalled Sphinx versions[0m
2.0.10
2.1.9
2.2.6
[34m[1mDefault Sphinx version[0m
2.2.6
[34m[1mInstalled Firefox version[0m
firefox 31.0esr
[34m[1mPhantomJS version[0m
1.9.8
[34m[1mant -version[0m
Apache Ant(TM) version 1.8.2 compiled on December 3 2011
[34m[1mmvn -version[0m
Apache Maven 3.2.5 (12a6b3acb947671f09b81f49094c53f426d8cea1; 2014-12-14T17:29:23+00:00)
Maven home: /usr/local/maven
Java version: 1.7.0_76, vendor: Oracle Corporation
Java home: /usr/lib/jvm/java-7-oracle/jre
Default locale: en_US, platform encoding: ANSI_X3.4-1968
OS name: "linux", version: "3.13.0-29-generic", arch: "amd64", family: "unix"
travis_fold:end:system_info[0K
travis_fold:start:git.checkout[0Ktravis_time:start:09a7d565[0K$ git clone --depth=50 --branch=master https://github.com/checkstyle/checkstyle.git checkstyle/checkstyle
Cloning into 'checkstyle/checkstyle'...
remote: Counting objects: 2513, done.[K
remote: Compressing objects:   0% (1/1638)   [Kremote: Compressing objects:   1% (17/1638)   [Kremote: Compressing objects:   2% (33/1638)   [Kremote: Compressing objects:   3% (50/1638)   [Kremote: Compressing objects:   4% (66/1638)   [Kremote: Compressing objects:   5% (82/1638)   [Kremote: Compressing objects:   6% (99/1638)   [Kremote: Compressing objects:   7% (115/1638)   [Kremote: Compressing objects:   8% (132/1638)   [Kremote: Compressing objects:   9% (148/1638)   [Kremote: Compressing objects:  10% (164/1638)   [Kremote: Compressing objects:  11% (181/1638)   [Kremote: Compressing objects:  12% (197/1638)   [Kremote: Compressing objects:  13% (213/1638)   [Kremote: Compressing objects:  14% (230/1638)   [Kremote: Compressing objects:  15% (246/1638)   [Kremote: Compressing objects:  16% (263/1638)   [Kremote: Compressing objects:  17% (279/1638)   [Kremote: Compressing objects:  18% (295/1638)   [Kremote: Compressing objects:  19% (312/1638)   [Kremote: Compressing objects:  20% (328/1638)   [Kremote: Compressing objects:  21% (344/1638)   [Kremote: Compressing objects:  22% (361/1638)   [Kremote: Compressing objects:  23% (377/1638)   [Kremote: Compressing objects:  24% (394/1638)   [Kremote: Compressing objects:  25% (410/1638)   [Kremote: Compressing objects:  26% (426/1638)   [Kremote: Compressing objects:  27% (443/1638)   [Kremote: Compressing objects:  28% (459/1638)   [Kremote: Compressing objects:  29% (476/1638)   [Kremote: Compressing objects:  30% (492/1638)   [Kremote: Compressing objects:  31% (508/1638)   [Kremote: Compressing objects:  32% (525/1638)   [Kremote: Compressing objects:  33% (541/1638)   [Kremote: Compressing objects:  34% (557/1638)   [Kremote: Compressing objects:  35% (574/1638)   [Kremote: Compressing objects:  36% (590/1638)   [Kremote: Compressing objects:  37% (607/1638)   [Kremote: Compressing objects:  38% (623/1638)   [Kremote: Compressing objects:  39% (639/1638)   [Kremote: Compressing objects:  40% (656/1638)   [Kremote: Compressing objects:  41% (672/1638)   [Kremote: Compressing objects:  42% (688/1638)   [Kremote: Compressing objects:  43% (705/1638)   [Kremote: Compressing objects:  44% (721/1638)   [Kremote: Compressing objects:  45% (738/1638)   [Kremote: Compressing objects:  46% (754/1638)   [Kremote: Compressing objects:  47% (770/1638)   [Kremote: Compressing objects:  48% (787/1638)   [Kremote: Compressing objects:  49% (803/1638)   [Kremote: Compressing objects:  50% (819/1638)   [Kremote: Compressing objects:  51% (836/1638)   [Kremote: Compressing objects:  52% (852/1638)   [Kremote: Compressing objects:  53% (869/1638)   [Kremote: Compressing objects:  54% (885/1638)   [Kremote: Compressing objects:  55% (901/1638)   [Kremote: Compressing objects:  56% (918/1638)   [Kremote: Compressing objects:  57% (934/1638)   [Kremote: Compressing objects:  58% (951/1638)   [Kremote: Compressing objects:  59% (967/1638)   [Kremote: Compressing objects:  60% (983/1638)   [Kremote: Compressing objects:  61% (1000/1638)   [Kremote: Compressing objects:  62% (1016/1638)   [Kremote: Compressing objects:  63% (1032/1638)   [Kremote: Compressing objects:  64% (1049/1638)   [Kremote: Compressing objects:  65% (1065/1638)   [Kremote: Compressing objects:  66% (1082/1638)   [Kremote: Compressing objects:  67% (1098/1638)   [Kremote: Compressing objects:  68% (1114/1638)   [Kremote: Compressing objects:  69% (1131/1638)   [Kremote: Compressing objects:  70% (1147/1638)   [Kremote: Compressing objects:  71% (1163/1638)   [Kremote: Compressing objects:  72% (1180/1638)   [Kremote: Compressing objects:  73% (1196/1638)   [Kremote: Compressing objects:  74% (1213/1638)   [Kremote: Compressing objects:  75% (1229/1638)   [Kremote: Compressing objects:  76% (1245/1638)   [Kremote: Compressing objects:  77% (1262/1638)   [Kremote: Compressing objects:  78% (1278/1638)   [Kremote: Compressing objects:  79% (1295/1638)   [Kremote: Compressing objects:  80% (1311/1638)   [Kremote: Compressing objects:  81% (1327/1638)   [Kremote: Compressing objects:  82% (1344/1638)   [Kremote: Compressing objects:  83% (1360/1638)   [Kremote: Compressing objects:  84% (1376/1638)   [Kremote: Compressing objects:  85% (1393/1638)   [Kremote: Compressing objects:  86% (1409/1638)   [Kremote: Compressing objects:  87% (1426/1638)   [Kremote: Compressing objects:  88% (1442/1638)   [Kremote: Compressing objects:  89% (1458/1638)   [Kremote: Compressing objects:  90% (1475/1638)   [Kremote: Compressing objects:  91% (1491/1638)   [Kremote: Compressing objects:  92% (1507/1638)   [Kremote: Compressing objects:  93% (1524/1638)   [Kremote: Compressing objects:  94% (1540/1638)   [Kremote: Compressing objects:  95% (1557/1638)   [Kremote: Compressing objects:  96% (1573/1638)   [Kremote: Compressing objects:  97% (1589/1638)   [Kremote: Compressing objects:  98% (1606/1638)   [Kremote: Compressing objects:  99% (1622/1638)   [Kremote: Compressing objects: 100% (1638/1638)   [Kremote: Compressing objects: 100% (1638/1638), done.[K
Receiving objects:   0% (1/2513)   Receiving objects:   1% (26/2513)   Receiving objects:   2% (51/2513)   Receiving objects:   3% (76/2513)   Receiving objects:   4% (101/2513)   Receiving objects:   5% (126/2513)   Receiving objects:   6% (151/2513)   Receiving objects:   7% (176/2513)   Receiving objects:   8% (202/2513)   Receiving objects:   9% (227/2513)   Receiving objects:  10% (252/2513)   Receiving objects:  11% (277/2513)   Receiving objects:  12% (302/2513)   Receiving objects:  13% (327/2513)   Receiving objects:  14% (352/2513)   Receiving objects:  15% (377/2513)   Receiving objects:  16% (403/2513)   Receiving objects:  17% (428/2513)   Receiving objects:  18% (453/2513)   Receiving objects:  19% (478/2513)   Receiving objects:  20% (503/2513)   Receiving objects:  21% (528/2513)   Receiving objects:  22% (553/2513)   Receiving objects:  23% (578/2513)   Receiving objects:  24% (604/2513)   Receiving objects:  25% (629/2513)   Receiving objects:  26% (654/2513)   Receiving objects:  27% (679/2513)   Receiving objects:  28% (704/2513)   Receiving objects:  29% (729/2513)   Receiving objects:  30% (754/2513)   Receiving objects:  31% (780/2513)   Receiving objects:  32% (805/2513)   Receiving objects:  33% (830/2513)   Receiving objects:  34% (855/2513)   Receiving objects:  35% (880/2513)   Receiving objects:  36% (905/2513)   Receiving objects:  37% (930/2513)   Receiving objects:  38% (955/2513)   Receiving objects:  39% (981/2513)   Receiving objects:  40% (1006/2513)   Receiving objects:  41% (1031/2513)   Receiving objects:  42% (1056/2513)   Receiving objects:  43% (1081/2513)   Receiving objects:  44% (1106/2513)   Receiving objects:  45% (1131/2513)   Receiving objects:  46% (1156/2513)   Receiving objects:  47% (1182/2513)   Receiving objects:  48% (1207/2513)   Receiving objects:  49% (1232/2513)   Receiving objects:  50% (1257/2513)   Receiving objects:  51% (1282/2513)   Receiving objects:  52% (1307/2513)   Receiving objects:  53% (1332/2513)   Receiving objects:  54% (1358/2513)   Receiving objects:  55% (1383/2513)   Receiving objects:  56% (1408/2513)   Receiving objects:  57% (1433/2513)   Receiving objects:  58% (1458/2513)   Receiving objects:  59% (1483/2513)   Receiving objects:  60% (1508/2513)   Receiving objects:  61% (1533/2513)   Receiving objects:  62% (1559/2513)   Receiving objects:  63% (1584/2513)   Receiving objects:  64% (1609/2513)   Receiving objects:  65% (1634/2513)   Receiving objects:  66% (1659/2513)   Receiving objects:  67% (1684/2513)   Receiving objects:  68% (1709/2513)   Receiving objects:  69% (1734/2513)   Receiving objects:  70% (1760/2513)   Receiving objects:  71% (1785/2513)   Receiving objects:  72% (1810/2513)   Receiving objects:  73% (1835/2513)   Receiving objects:  74% (1860/2513)   Receiving objects:  75% (1885/2513)   Receiving objects:  76% (1910/2513)   Receiving objects:  77% (1936/2513)   Receiving objects:  78% (1961/2513)   Receiving objects:  79% (1986/2513)   Receiving objects:  80% (2011/2513)   Receiving objects:  81% (2036/2513)   Receiving objects:  82% (2061/2513)   Receiving objects:  83% (2086/2513)   remote: Total 2513 (delta 1036), reused 1487 (delta 643), pack-reused 0[K
Receiving objects:  84% (2111/2513)   Receiving objects:  85% (2137/2513)   Receiving objects:  86% (2162/2513)   Receiving objects:  87% (2187/2513)   Receiving objects:  88% (2212/2513)   Receiving objects:  89% (2237/2513)   Receiving objects:  90% (2262/2513)   Receiving objects:  91% (2287/2513)   Receiving objects:  92% (2312/2513)   Receiving objects:  93% (2338/2513)   Receiving objects:  94% (2363/2513)   Receiving objects:  95% (2388/2513)   Receiving objects:  96% (2413/2513)   Receiving objects:  97% (2438/2513)   Receiving objects:  98% (2463/2513)   Receiving objects:  99% (2488/2513)   Receiving objects: 100% (2513/2513)   Receiving objects: 100% (2513/2513), 3.55 MiB | 0 bytes/s, done.
Resolving deltas:   0% (0/1036)   Resolving deltas:   4% (49/1036)   Resolving deltas:   5% (54/1036)   Resolving deltas:   6% (63/1036)   Resolving deltas:   7% (74/1036)   Resolving deltas:   8% (83/1036)   Resolving deltas:   9% (94/1036)   Resolving deltas:  11% (116/1036)   Resolving deltas:  13% (137/1036)   Resolving deltas:  14% (151/1036)   Resolving deltas:  17% (185/1036)   Resolving deltas:  18% (187/1036)   Resolving deltas:  19% (197/1036)   Resolving deltas:  22% (230/1036)   Resolving deltas:  23% (241/1036)   Resolving deltas:  24% (251/1036)   Resolving deltas:  25% (265/1036)   Resolving deltas:  26% (270/1036)   Resolving deltas:  27% (280/1036)   Resolving deltas:  28% (292/1036)   Resolving deltas:  29% (304/1036)   Resolving deltas:  30% (311/1036)   Resolving deltas:  31% (322/1036)   Resolving deltas:  34% (354/1036)   Resolving deltas:  35% (363/1036)   Resolving deltas:  36% (383/1036)   Resolving deltas:  37% (385/1036)   Resolving deltas:  38% (395/1036)   Resolving deltas:  39% (406/1036)   Resolving deltas:  40% (416/1036)   Resolving deltas:  41% (425/1036)   Resolving deltas:  42% (436/1036)   Resolving deltas:  43% (446/1036)   Resolving deltas:  44% (456/1036)   Resolving deltas:  45% (467/1036)   Resolving deltas:  46% (478/1036)   Resolving deltas:  47% (487/1036)   Resolving deltas:  48% (504/1036)   Resolving deltas:  49% (515/1036)   Resolving deltas:  50% (519/1036)   Resolving deltas:  51% (529/1036)   Resolving deltas:  52% (542/1036)   Resolving deltas:  53% (551/1036)   Resolving deltas:  54% (565/1036)   Resolving deltas:  55% (571/1036)   Resolving deltas:  56% (582/1036)   Resolving deltas:  57% (591/1036)   Resolving deltas:  58% (601/1036)   Resolving deltas:  59% (612/1036)   Resolving deltas:  60% (627/1036)   Resolving deltas:  61% (633/1036)   Resolving deltas:  62% (643/1036)   Resolving deltas:  63% (654/1036)   Resolving deltas:  69% (718/1036)   Resolving deltas:  72% (746/1036)   Resolving deltas:  73% (764/1036)   Resolving deltas:  74% (768/1036)   Resolving deltas:  75% (779/1036)   Resolving deltas:  76% (788/1036)   Resolving deltas:  77% (798/1036)   Resolving deltas:  78% (809/1036)   Resolving deltas:  79% (819/1036)   Resolving deltas:  80% (832/1036)   Resolving deltas:  81% (842/1036)   Resolving deltas:  82% (852/1036)   Resolving deltas:  83% (865/1036)   Resolving deltas:  84% (871/1036)   Resolving deltas:  85% (881/1036)   Resolving deltas:  86% (892/1036)   Resolving deltas:  87% (905/1036)   Resolving deltas:  88% (912/1036)   Resolving deltas:  90% (935/1036)   Resolving deltas:  91% (948/1036)   Resolving deltas:  92% (954/1036)   Resolving deltas:  93% (964/1036)   Resolving deltas:  94% (975/1036)   Resolving deltas:  95% (989/1036)   Resolving deltas:  96% (997/1036)   Resolving deltas:  97% (1005/1036)   Resolving deltas:  98% (1016/1036)   Resolving deltas:  99% (1026/1036)   Resolving deltas: 100% (1036/1036)   Resolving deltas: 100% (1036/1036), done.
Checking connectivity... done.

travis_time:end:09a7d565:start=1454164927347873295,finish=1454164928765238262,duration=1417364967[0K$ cd checkstyle/checkstyle
$ git checkout -qf ddf1ce6549e79bd441a5a5c3a438bc133072a6ed
travis_fold:end:git.checkout[0K
[33;1mThis job is running on container-based infrastructure, which does not allow use of 'sudo', setuid and setguid executables.[0m
[33;1mIf you require sudo, add 'sudo: required' to your .travis.yml[0m
[33;1mSee https://docs.travis-ci.com/user/workers/container-based-infrastructure/ for details.[0m

[33;1mSetting environment variables from repository settings[0m
$ export CI_DEPLOY_USERNAME=[secure]
$ export CI_DEPLOY_PASSWORD=[secure]
$ export GITHUB_AUTH_TOKEN=[secure]

[33;1mSetting environment variables from .travis.yml[0m
$ export DESC="checkstyle and sevntu-checkstyle"
$ export CMD="mvn clean verify -DskipTests -DskipITs -Dpmd.skip=true -Dfindbugs.skip=true -Dcobertura.skip=true"
$ export COVERAGE_CMD=""

travis_fold:start:cache.1[0KSetting up build cache
$ export CASHER_DIR=$HOME/.casher
travis_time:start:06cd52c0[0K$ Installing caching utilities

travis_time:end:06cd52c0:start=1454164931170949619,finish=1454164931220063218,duration=49113599[0Ktravis_time:start:22dee9b4[0K
travis_time:end:22dee9b4:start=1454164931224286160,finish=1454164931227322037,duration=3035877[0Ktravis_time:start:1456d204[0K[32;1mattempting to download cache archive[0m
[32;1mfetching master/cache--jdk-openjdk7.tgz[0m
[32;1mfound cache[0m

travis_time:end:1456d204:start=1454164931230795966,finish=1454164934223691796,duration=2992895830[0Ktravis_time:start:05f5afa0[0K
travis_time:end:05f5afa0:start=1454164934227610973,finish=1454164934230844135,duration=3233162[0Ktravis_time:start:0a0402a8[0K[32;1madding /home/travis/.m2 to cache[0m

travis_time:end:0a0402a8:start=1454164934234566668,finish=1454164936863392032,duration=2628825364[0Ktravis_fold:end:cache.1[0K$ jdk_switcher use openjdk7
Switching to OpenJDK7 (java-1.7.0-openjdk-amd64), JAVA_HOME will be set to /usr/lib/jvm/java-7-openjdk-amd64
$ java -Xmx32m -version
java version "1.7.0_75"
OpenJDK Runtime Environment (IcedTea 2.5.4) (7u75-2.5.4-1~precise1)
OpenJDK 64-Bit Server VM (build 24.75-b04, mixed mode)
$ javac -J-Xmx32m -version
javac 1.7.0_75
travis_fold:start:install[0Ktravis_time:start:1e52aee6[0K$ 

travis_time:end:1e52aee6:start=1454164937367147433,finish=1454164937370519387,duration=3371954[0Ktravis_fold:end:install[0Ktravis_time:start:0210afe8[0K$ eval $CMD
[INFO] Scanning for projects...
[INFO] Inspecting build with total of 1 modules...
[INFO] Installing Nexus Staging features:
[INFO]   ... total of 1 executions of maven-deploy-plugin replaced with nexus-staging-maven-plugin
[INFO]                                                                         
[INFO] ------------------------------------------------------------------------
[INFO] Building checkstyle 6.15-SNAPSHOT
[INFO] ------------------------------------------------------------------------
Downloading: https://nexus.codehaus.org/snapshots/junit/junit-dep/maven-metadata.xml
Downloading: https://oss.sonatype.org/content/repositories/releases/junit/junit-dep/maven-metadata.xml
Downloading: https://repository.apache.org/snapshots/junit/junit-dep/maven-metadata.xml
Downloading: https://repository.apache.org/releases/junit/junit-dep/maven-metadata.xml
563/563 B               Downloaded: https://oss.sonatype.org/content/repositories/releases/junit/junit-dep/maven-metadata.xml (563 B at 0.6 KB/sec)
                        [WARNING] Could not transfer metadata junit:junit-dep/maven-metadata.xml from/to codehaus-snapshots (https://nexus.codehaus.org/snapshots/): nexus.codehaus.org: Name or service not known
[INFO] 
[INFO] --- maven-clean-plugin:3.0.0:clean (default-clean) @ checkstyle ---
[INFO] 
[INFO] --- maven-enforcer-plugin:1.4.1:enforce (enforce-maven) @ checkstyle ---
[INFO] 
[INFO] --- maven-enforcer-plugin:1.4.1:enforce (enforce-versions) @ checkstyle ---
[INFO] 
[INFO] --- antlr-maven-plugin:2.2:generate (default) @ checkstyle ---
[INFO] performing grammar generation [java.g]
ANTLR Parser Generator   Version 2.7.7 (20060906)   1989-2005
/home/travis/build/checkstyle/checkstyle/src/main/resources/com/puppycrawl/tools/checkstyle/grammars/java.g:623:9: warning:nondeterminism between alts 1 and 2 of block upon
/home/travis/build/checkstyle/checkstyle/src/main/resources/com/puppycrawl/tools/checkstyle/grammars/java.g:623:9:     k==1:AT
/home/travis/build/checkstyle/checkstyle/src/main/resources/com/puppycrawl/tools/checkstyle/grammars/java.g:623:9:     k==2:IDENT
/home/travis/build/checkstyle/checkstyle/src/main/resources/com/puppycrawl/tools/checkstyle/grammars/java.g:770:16: warning:nondeterminism between alts 1 and 2 of block upon
/home/travis/build/checkstyle/checkstyle/src/main/resources/com/puppycrawl/tools/checkstyle/grammars/java.g:770:16:     k==1:AT
/home/travis/build/checkstyle/checkstyle/src/main/resources/com/puppycrawl/tools/checkstyle/grammars/java.g:770:16:     k==2:IDENT
/home/travis/build/checkstyle/checkstyle/src/main/resources/com/puppycrawl/tools/checkstyle/grammars/java.g:806:61: warning:nondeterminism between alts 1 and 2 of block upon
/home/travis/build/checkstyle/checkstyle/src/main/resources/com/puppycrawl/tools/checkstyle/grammars/java.g:806:61:     k==1:SEMI
/home/travis/build/checkstyle/checkstyle/src/main/resources/com/puppycrawl/tools/checkstyle/grammars/java.g:806:61:     k==2:"final","abstract","strictfp",SEMI,"void","boolean","byte","char","short","int","float","long","double",IDENT,"private","public","protected","static","transient","native","synchronized","volatile","class","interface",LCURLY,RCURLY,"default",LT,ENUM,AT
/home/travis/build/checkstyle/checkstyle/src/main/resources/com/puppycrawl/tools/checkstyle/grammars/java.g:695:9: warning:nondeterminism between alts 1 and 2 of block upon
/home/travis/build/checkstyle/checkstyle/src/main/resources/com/puppycrawl/tools/checkstyle/grammars/java.g:695:9:     k==1:AT
/home/travis/build/checkstyle/checkstyle/src/main/resources/com/puppycrawl/tools/checkstyle/grammars/java.g:695:9:     k==2:IDENT
/home/travis/build/checkstyle/checkstyle/src/main/resources/com/puppycrawl/tools/checkstyle/grammars/java.g:947: warning:Syntactic predicate superfluous for single alternative
/home/travis/build/checkstyle/checkstyle/src/main/resources/com/puppycrawl/tools/checkstyle/grammars/java.g:972:31: warning:nondeterminism between alts 1 and 2 of block upon
/home/travis/build/checkstyle/checkstyle/src/main/resources/com/puppycrawl/tools/checkstyle/grammars/java.g:972:31:     k==1:IDENT
/home/travis/build/checkstyle/checkstyle/src/main/resources/com/puppycrawl/tools/checkstyle/grammars/java.g:972:31:     k==2:LBRACK
/home/travis/build/checkstyle/checkstyle/src/main/resources/com/puppycrawl/tools/checkstyle/grammars/java.g:1027:43: warning:nondeterminism between alts 1 and 2 of block upon
/home/travis/build/checkstyle/checkstyle/src/main/resources/com/puppycrawl/tools/checkstyle/grammars/java.g:1027:43:     k==1:SEMI
/home/travis/build/checkstyle/checkstyle/src/main/resources/com/puppycrawl/tools/checkstyle/grammars/java.g:1027:43:     k==2:"final","abstract","strictfp",SEMI,"void","boolean","byte","char","short","int","float","long","double",IDENT,"private","public","protected","static","transient","native","synchronized","volatile","class",LCURLY,RCURLY,LPAREN,RPAREN,"this","super",COLON,"if","while","do","break","continue","return","switch","throw","for","else","case","default","try",PLUS,MINUS,INC,DEC,BNOT,LNOT,"true","false","null","new",NUM_INT,CHAR_LITERAL,STRING_LITERAL,NUM_FLOAT,NUM_LONG,NUM_DOUBLE,ASSERT,AT
/home/travis/build/checkstyle/checkstyle/src/main/resources/com/puppycrawl/tools/checkstyle/grammars/java.g:1127:9: warning:nondeterminism between alts 1 and 2 of block upon
/home/travis/build/checkstyle/checkstyle/src/main/resources/com/puppycrawl/tools/checkstyle/grammars/java.g:1127:9:     k==1:"default"
/home/travis/build/checkstyle/checkstyle/src/main/resources/com/puppycrawl/tools/checkstyle/grammars/java.g:1127:9:     k==2:"final","abstract","strictfp",SEMI,"void","boolean","byte","char","short","int","float","long","double",IDENT,"private","public","protected","static","transient","native","synchronized","volatile","class",LCURLY,RCURLY,LPAREN,RPAREN,"this","super",COLON,"if","while","do","break","continue","return","switch","throw","for","case","default","try",PLUS,MINUS,INC,DEC,BNOT,LNOT,"true","false","null","new",NUM_INT,CHAR_LITERAL,STRING_LITERAL,NUM_FLOAT,NUM_LONG,NUM_DOUBLE,ASSERT,AT
/home/travis/build/checkstyle/checkstyle/src/main/resources/com/puppycrawl/tools/checkstyle/grammars/java.g:1411:13: warning:nondeterminism between alts 1 and 4 of block upon
/home/travis/build/checkstyle/checkstyle/src/main/resources/com/puppycrawl/tools/checkstyle/grammars/java.g:1411:13:     k==1:IDENT,"this","super",LT
/home/travis/build/checkstyle/checkstyle/src/main/resources/com/puppycrawl/tools/checkstyle/grammars/java.g:1411:13:     k==2:"final","abstract","strictfp",SEMI,LBRACK,RBRACK,"void","boolean","byte","char","short","int","float","long","double",IDENT,DOT,STAR,"private","public","protected","static","transient","native","synchronized","volatile","class","interface",LCURLY,RCURLY,COMMA,LPAREN,RPAREN,"this","super",ASSIGN,COLON,"if","while","do","break","continue","return","switch","throw","for","else","case","default","try",PLUS_ASSIGN,MINUS_ASSIGN,STAR_ASSIGN,DIV_ASSIGN,MOD_ASSIGN,SR_ASSIGN,BSR_ASSIGN,SL_ASSIGN,BAND_ASSIGN,BXOR_ASSIGN,BOR_ASSIGN,QUESTION,LOR,LAND,BOR,BXOR,BAND,NOT_EQUAL,EQUAL,LT,GT,LE,GE,"instanceof",SL,SR,BSR,PLUS,MINUS,DIV,MOD,INC,DEC,BNOT,LNOT,"true","false","null","new",NUM_INT,CHAR_LITERAL,STRING_LITERAL,NUM_FLOAT,NUM_LONG,NUM_DOUBLE,ASSERT,ENUM,AT,DOUBLE_COLON
/home/travis/build/checkstyle/checkstyle/src/main/resources/com/puppycrawl/tools/checkstyle/grammars/java.g:1411:13: warning:nondeterminism between alts 2 and 4 of block upon
/home/travis/build/checkstyle/checkstyle/src/main/resources/com/puppycrawl/tools/checkstyle/grammars/java.g:1411:13:     k==1:"class"
/home/travis/build/checkstyle/checkstyle/src/main/resources/com/puppycrawl/tools/checkstyle/grammars/java.g:1411:13:     k==2:"final","abstract","strictfp",SEMI,LBRACK,RBRACK,"void","boolean","byte","char","short","int","float","long","double",IDENT,DOT,STAR,"private","public","protected","static","transient","native","synchronized","volatile","class","interface",LCURLY,RCURLY,COMMA,LPAREN,RPAREN,"this","super",ASSIGN,COLON,"if","while","do","break","continue","return","switch","throw","for","else","case","default","try",PLUS_ASSIGN,MINUS_ASSIGN,STAR_ASSIGN,DIV_ASSIGN,MOD_ASSIGN,SR_ASSIGN,BSR_ASSIGN,SL_ASSIGN,BAND_ASSIGN,BXOR_ASSIGN,BOR_ASSIGN,QUESTION,LOR,LAND,BOR,BXOR,BAND,NOT_EQUAL,EQUAL,LT,GT,LE,GE,"instanceof",SL,SR,BSR,PLUS,MINUS,DIV,MOD,INC,DEC,BNOT,LNOT,"true","false","null","new",NUM_INT,CHAR_LITERAL,STRING_LITERAL,NUM_FLOAT,NUM_LONG,NUM_DOUBLE,ASSERT,ENUM,AT,DOUBLE_COLON
/home/travis/build/checkstyle/checkstyle/src/main/resources/com/puppycrawl/tools/checkstyle/grammars/java.g:1411:13: warning:nondeterminism between alts 3 and 4 of block upon
/home/travis/build/checkstyle/checkstyle/src/main/resources/com/puppycrawl/tools/checkstyle/grammars/java.g:1411:13:     k==1:"new"
/home/travis/build/checkstyle/checkstyle/src/main/resources/com/puppycrawl/tools/checkstyle/grammars/java.g:1411:13:     k==2:"void","boolean","byte","char","short","int","float","long","double",IDENT,LT,AT
/home/travis/build/checkstyle/checkstyle/src/main/resources/com/puppycrawl/tools/checkstyle/grammars/java.g:1456:9: warning:nondeterminism between alts 1 and 3 of block upon
/home/travis/build/checkstyle/checkstyle/src/main/resources/com/puppycrawl/tools/checkstyle/grammars/java.g:1456:9:     k==1:INC
/home/travis/build/checkstyle/checkstyle/src/main/resources/com/puppycrawl/tools/checkstyle/grammars/java.g:1456:9:     k==2:"final","abstract","strictfp",SEMI,RBRACK,"void","boolean","byte","char","short","int","float","long","double",IDENT,STAR,"private","public","protected","static","transient","native","synchronized","volatile","class","interface",LCURLY,RCURLY,COMMA,LPAREN,RPAREN,"this","super",ASSIGN,COLON,"if","while","do","break","continue","return","switch","throw","for","else","case","default","try",PLUS_ASSIGN,MINUS_ASSIGN,STAR_ASSIGN,DIV_ASSIGN,MOD_ASSIGN,SR_ASSIGN,BSR_ASSIGN,SL_ASSIGN,BAND_ASSIGN,BXOR_ASSIGN,BOR_ASSIGN,QUESTION,LOR,LAND,BOR,BXOR,BAND,NOT_EQUAL,EQUAL,LT,GT,LE,GE,"instanceof",SL,SR,BSR,PLUS,MINUS,DIV,MOD,INC,DEC,BNOT,LNOT,"true","false","null","new",NUM_INT,CHAR_LITERAL,STRING_LITERAL,NUM_FLOAT,NUM_LONG,NUM_DOUBLE,ASSERT,ENUM,AT
/home/travis/build/checkstyle/checkstyle/src/main/resources/com/puppycrawl/tools/checkstyle/grammars/java.g:1456:9: warning:nondeterminism between alts 2 and 3 of block upon
/home/travis/build/checkstyle/checkstyle/src/main/resources/com/puppycrawl/tools/checkstyle/grammars/java.g:1456:9:     k==1:DEC
/home/travis/build/checkstyle/checkstyle/src/main/resources/com/puppycrawl/tools/checkstyle/grammars/java.g:1456:9:     k==2:"final","abstract","strictfp",SEMI,RBRACK,"void","boolean","byte","char","short","int","float","long","double",IDENT,STAR,"private","public","protected","static","transient","native","synchronized","volatile","class","interface",LCURLY,RCURLY,COMMA,LPAREN,RPAREN,"this","super",ASSIGN,COLON,"if","while","do","break","continue","return","switch","throw","for","else","case","default","try",PLUS_ASSIGN,MINUS_ASSIGN,STAR_ASSIGN,DIV_ASSIGN,MOD_ASSIGN,SR_ASSIGN,BSR_ASSIGN,SL_ASSIGN,BAND_ASSIGN,BXOR_ASSIGN,BOR_ASSIGN,QUESTION,LOR,LAND,BOR,BXOR,BAND,NOT_EQUAL,EQUAL,LT,GT,LE,GE,"instanceof",SL,SR,BSR,PLUS,MINUS,DIV,MOD,INC,DEC,BNOT,LNOT,"true","false","null","new",NUM_INT,CHAR_LITERAL,STRING_LITERAL,NUM_FLOAT,NUM_LONG,NUM_DOUBLE,ASSERT,ENUM,AT
/home/travis/build/checkstyle/checkstyle/src/main/resources/com/puppycrawl/tools/checkstyle/grammars/java.g:1534:36: warning:nondeterminism between alts 1 and 2 of block upon
/home/travis/build/checkstyle/checkstyle/src/main/resources/com/puppycrawl/tools/checkstyle/grammars/java.g:1534:36:     k==1:LCURLY
/home/travis/build/checkstyle/checkstyle/src/main/resources/com/puppycrawl/tools/checkstyle/grammars/java.g:1534:36:     k==2:"final","abstract","strictfp",SEMI,"void","boolean","byte","char","short","int","float","long","double",IDENT,"private","public","protected","static","transient","native","synchronized","volatile","class","interface",LCURLY,RCURLY,"default",LT,ENUM,AT
/home/travis/build/checkstyle/checkstyle/src/main/resources/com/puppycrawl/tools/checkstyle/grammars/java.g:1544:33: warning:nondeterminism between alts 1 and 2 of block upon
/home/travis/build/checkstyle/checkstyle/src/main/resources/com/puppycrawl/tools/checkstyle/grammars/java.g:1544:33:     k==1:LCURLY
/home/travis/build/checkstyle/checkstyle/src/main/resources/com/puppycrawl/tools/checkstyle/grammars/java.g:1544:33:     k==2:"void","boolean","byte","char","short","int","float","long","double",IDENT,LCURLY,RCURLY,COMMA,LPAREN,"this","super",PLUS,MINUS,INC,DEC,BNOT,LNOT,"true","false","null","new",NUM_INT,CHAR_LITERAL,STRING_LITERAL,NUM_FLOAT,NUM_LONG,NUM_DOUBLE
/home/travis/build/checkstyle/checkstyle/src/main/resources/com/puppycrawl/tools/checkstyle/grammars/java.g:1585: warning:nondeterminism between alts 2 and 3 of block upon
/home/travis/build/checkstyle/checkstyle/src/main/resources/com/puppycrawl/tools/checkstyle/grammars/java.g:1585:     k==1:LPAREN
/home/travis/build/checkstyle/checkstyle/src/main/resources/com/puppycrawl/tools/checkstyle/grammars/java.g:1585:     k==2:IDENT
/home/travis/build/checkstyle/checkstyle/src/main/resources/com/puppycrawl/tools/checkstyle/grammars/java.g:1587:17: warning:nondeterminism between alts 1 and 2 of block upon
/home/travis/build/checkstyle/checkstyle/src/main/resources/com/puppycrawl/tools/checkstyle/grammars/java.g:1587:17:     k==1:RPAREN
/home/travis/build/checkstyle/checkstyle/src/main/resources/com/puppycrawl/tools/checkstyle/grammars/java.g:1587:17:     k==2:LAMBDA

[INFO] 
[INFO] --- antlr4-maven-plugin:4.5.1-1:antlr4 (default) @ checkstyle ---
[INFO] ANTLR 4: Processing source directory /home/travis/build/checkstyle/checkstyle/src/main/resources
[INFO] Processing grammar: com/puppycrawl/tools/checkstyle/grammars/javadoc/JavadocLexer.g4
[INFO] Processing grammar: com/puppycrawl/tools/checkstyle/grammars/javadoc/JavadocParser.g4
[INFO] 
[INFO] --- build-helper-maven-plugin:1.10:add-source (add-source) @ checkstyle ---
[INFO] Source directory: /home/travis/build/checkstyle/checkstyle/target/generated-sources/antlr added.
[INFO] 
[INFO] --- maven-resources-plugin:2.7:resources (default-resources) @ checkstyle ---
[INFO] Using 'UTF-8' encoding to copy filtered resources.
[INFO] Copying 145 resources
[INFO] Copying 1 resource
[INFO] 
[INFO] --- build-helper-maven-plugin:1.10:add-test-source (add-test-source) @ checkstyle ---
[INFO] Test Source directory: /home/travis/build/checkstyle/checkstyle/src/test/resources added.
[INFO] 
[INFO] --- build-helper-maven-plugin:1.10:add-test-source (add-it-test-source) @ checkstyle ---
[INFO] Test Source directory: /home/travis/build/checkstyle/checkstyle/src/it/java added.
[INFO] 
[INFO] --- build-helper-maven-plugin:1.10:add-test-source (add-it-test-resource) @ checkstyle ---
[INFO] Test Source directory: /home/travis/build/checkstyle/checkstyle/src/it/resources added.
[INFO] 
[INFO] --- maven-compiler-plugin:3.5:compile (default-compile) @ checkstyle ---
[INFO] Changes detected - recompiling the module!
[INFO] Compiling 337 source files to /home/travis/build/checkstyle/checkstyle/target/classes
[INFO] /home/travis/build/checkstyle/checkstyle/src/main/java/com/puppycrawl/tools/checkstyle/checks/javadoc/JavadocMethodCheck.java: /home/travis/build/checkstyle/checkstyle/src/main/java/com/puppycrawl/tools/checkstyle/checks/javadoc/JavadocMethodCheck.java uses or overrides a deprecated API.
[INFO] /home/travis/build/checkstyle/checkstyle/src/main/java/com/puppycrawl/tools/checkstyle/checks/javadoc/JavadocMethodCheck.java: Recompile with -Xlint:deprecation for details.
[INFO] /home/travis/build/checkstyle/checkstyle/src/main/java/com/puppycrawl/tools/checkstyle/api/AutomaticBean.java: Some input files use unchecked or unsafe operations.
[INFO] /home/travis/build/checkstyle/checkstyle/src/main/java/com/puppycrawl/tools/checkstyle/api/AutomaticBean.java: Recompile with -Xlint:unchecked for details.
[INFO] 
[INFO] --- maven-antrun-plugin:1.8:run (ant-phase-compile) @ checkstyle ---
[INFO] Executing tasks

main:

execute:
[propertyfile] Creating new property file: /home/travis/build/checkstyle/checkstyle/target/classes/checkstylecompilation.properties
  [javadoc] Generating Javadoc
  [javadoc] Javadoc execution
  [javadoc] Loading source file /home/travis/build/checkstyle/checkstyle/src/main/java/com/puppycrawl/tools/checkstyle/api/TokenTypes.java...
  [javadoc] Constructing Javadoc information...
[INFO] Executed tasks
[INFO] 
[INFO] --- maven-resources-plugin:2.7:testResources (default-testResources) @ checkstyle ---
[INFO] Using 'UTF-8' encoding to copy filtered resources.
[INFO] Copying 549 resources
[INFO] 
[INFO] --- maven-compiler-plugin:3.5:testCompile (default-testCompile) @ checkstyle ---
[INFO] Changes detected - recompiling the module!
[INFO] Compiling 873 source files to /home/travis/build/checkstyle/checkstyle/target/test-classes
[INFO] /home/travis/build/checkstyle/checkstyle/src/test/java/com/puppycrawl/tools/checkstyle/checks/javadoc/AbstractTypeAwareCheckTest.java: /home/travis/build/checkstyle/checkstyle/src/test/java/com/puppycrawl/tools/checkstyle/checks/javadoc/AbstractTypeAwareCheckTest.java uses or overrides a deprecated API.
[INFO] /home/travis/build/checkstyle/checkstyle/src/test/java/com/puppycrawl/tools/checkstyle/checks/javadoc/AbstractTypeAwareCheckTest.java: Recompile with -Xlint:deprecation for details.
[INFO] 
[INFO] --- maven-surefire-plugin:2.19.1:test (default-test) @ checkstyle ---
[INFO] Tests are skipped.
[INFO] 
[INFO] --- xml-maven-plugin:1.0.1:validate (default) @ checkstyle ---
[INFO] 
[INFO] --- maven-jar-plugin:2.6:jar (default-jar) @ checkstyle ---
[INFO] Building jar: /home/travis/build/checkstyle/checkstyle/target/checkstyle-6.15-SNAPSHOT.jar
[INFO] 
[INFO] --- maven-jar-plugin:2.6:test-jar (default) @ checkstyle ---
[INFO] Building jar: /home/travis/build/checkstyle/checkstyle/target/checkstyle-6.15-SNAPSHOT-tests.jar
[INFO] 
[INFO] --- maven-failsafe-plugin:2.19.1:integration-test (integration-test) @ checkstyle ---
[INFO] Tests are skipped.
[INFO] 
[INFO] --- maven-checkstyle-plugin:2.17:check (sevntu-checkstyle-check) @ checkstyle ---
[INFO] 
[INFO] --- maven-failsafe-plugin:2.19.1:verify (verify) @ checkstyle ---
[INFO] Tests are skipped.
[INFO] 
[INFO] --- maven-antrun-plugin:1.8:run (ant-phase-verify) @ checkstyle ---
[INFO] Executing tasks

main:

execute:
     [echo] Checkstyle started: 30/01/2016 02:42:56 PM
[checkstyle] Running Checkstyle 6.15-SNAPSHOT on 868 files
[checkstyle] [ERROR] /home/travis/build/checkstyle/checkstyle/src/test/java/com/puppycrawl/tools/checkstyle/internal/XDocsPagesTest.java:300:5: Cyclomatic Complexity is 16 (max allowed is 10). [CyclomaticComplexity]
     [echo] Checkstyle finished: 30/01/2016 02:44:15 PM
[INFO] ------------------------------------------------------------------------
[INFO] BUILD FAILURE
[INFO] ------------------------------------------------------------------------
[INFO] Total time: 01:55 min
[INFO] Finished at: 2016-01-30T14:44:15+00:00
[INFO] Final Memory: 50M/477M
[INFO] ------------------------------------------------------------------------
[ERROR] Failed to execute goal org.apache.maven.plugins:maven-antrun-plugin:1.8:run (ant-phase-verify) on project checkstyle: An Ant BuildException has occured: The following error occurred while executing this line:
[ERROR] /home/travis/build/checkstyle/checkstyle/config/ant-phase-verify.xml:50: Checkstyle failed: Got 1 errors and 0 warnings.
[ERROR] around Ant part ...<ant antfile="config/ant-phase-verify.xml"/>... @ 7:47 in /home/travis/build/checkstyle/checkstyle/target/antrun/build-main.xml
[ERROR] -> [Help 1]
[ERROR] 
[ERROR] To see the full stack trace of the errors, re-run Maven with the -e switch.
[ERROR] Re-run Maven using the -X switch to enable full debug logging.
[ERROR] 
[ERROR] For more information about the errors and possible solutions, please read the following articles:
[ERROR] [Help 1] http://cwiki.apache.org/confluence/display/MAVEN/MojoExecutionException

travis_time:end:0210afe8:start=1454164937374602900,finish=1454165056331999605,duration=118957396705[0K
[31;1mThe command "eval $CMD" exited with 1.[0m
travis_fold:start:cache.2[0Kstore build cache
travis_time:start:0e71b7a0[0K
travis_time:end:0e71b7a0:start=1454165056336623985,finish=1454165056340031076,duration=3407091[0Ktravis_time:start:10676980[0K[32;1mchange detected:
/home/travis/.m2/repository/junit/junit-dep/resolver-status.properties

[0m
[32;1mchanges detected, packing new archive[0m
.
[32;1muploading archive[0m

travis_time:end:10676980:start=1454165056344903523,finish=1454165065699060396,duration=9354156873[0Ktravis_fold:end:cache.2[0K
Done. Your build exited with 1.
