Using worker: worker-linux-docker-504620a9.prod.travis-ci.org:travis-linux-4

travis_fold:start:system_info[0K[33;1mBuild system information[0m
Build language: java
Build group: stable
Build dist: precise
[34m[1mBuild image provisioning date and time[0m
Thu Feb  5 15:09:33 UTC 2015
[34m[1mOperating System Details[0m
Distributor ID:	Ubuntu
Description:	Ubuntu 12.04.5 LTS
Release:	12.04
Codename:	precise
[34m[1mLinux Version[0m
3.13.0-29-generic
[34m[1mCookbooks Version[0m
a68419e https://github.com/travis-ci/travis-cookbooks/tree/a68419e
[34m[1mGCC version[0m
gcc (Ubuntu/Linaro 4.6.3-1ubuntu5) 4.6.3
Copyright (C) 2011 Free Software Foundation, Inc.
This is free software; see the source for copying conditions.  There is NO
warranty; not even for MERCHANTABILITY or FITNESS FOR A PARTICULAR PURPOSE.

[34m[1mLLVM version[0m
clang version 3.4 (tags/RELEASE_34/final)
Target: x86_64-unknown-linux-gnu
Thread model: posix
[34m[1mPre-installed Ruby versions[0m
ruby-1.9.3-p551
[34m[1mPre-installed Node.js versions[0m
v0.10.36
[34m[1mPre-installed Go versions[0m
1.4.1
[34m[1mRedis version[0m
redis-server 2.8.19
[34m[1mriak version[0m
2.0.2
[34m[1mMongoDB version[0m
MongoDB 2.4.12
[34m[1mCouchDB version[0m
couchdb 1.6.1
[34m[1mNeo4j version[0m
1.9.4
[34m[1mRabbitMQ Version[0m
3.4.3
[34m[1mElasticSearch version[0m
1.4.0
[34m[1mInstalled Sphinx versions[0m
2.0.10
2.1.9
2.2.6
[34m[1mDefault Sphinx version[0m
2.2.6
[34m[1mInstalled Firefox version[0m
firefox 31.0esr
[34m[1mPhantomJS version[0m
1.9.8
[34m[1mant -version[0m
Apache Ant(TM) version 1.8.2 compiled on December 3 2011
[34m[1mmvn -version[0m
Apache Maven 3.2.5 (12a6b3acb947671f09b81f49094c53f426d8cea1; 2014-12-14T17:29:23+00:00)
Maven home: /usr/local/maven
Java version: 1.7.0_76, vendor: Oracle Corporation
Java home: /usr/lib/jvm/java-7-oracle/jre
Default locale: en_US, platform encoding: ANSI_X3.4-1968
OS name: "linux", version: "3.13.0-29-generic", arch: "amd64", family: "unix"
travis_fold:end:system_info[0K
travis_fold:start:git.checkout[0Ktravis_time:start:19280036[0K$ git clone --depth=50 --branch=master https://github.com/square/okhttp.git square/okhttp
Cloning into 'square/okhttp'...
remote: Counting objects: 2458, done.[K
remote: Compressing objects:   0% (1/1116)   [Kremote: Compressing objects:   1% (12/1116)   [Kremote: Compressing objects:   2% (23/1116)   [Kremote: Compressing objects:   3% (34/1116)   [Kremote: Compressing objects:   4% (45/1116)   [Kremote: Compressing objects:   5% (56/1116)   [Kremote: Compressing objects:   6% (67/1116)   [Kremote: Compressing objects:   7% (79/1116)   [Kremote: Compressing objects:   8% (90/1116)   [Kremote: Compressing objects:   9% (101/1116)   [Kremote: Compressing objects:  10% (112/1116)   [Kremote: Compressing objects:  11% (123/1116)   [Kremote: Compressing objects:  12% (134/1116)   [Kremote: Compressing objects:  13% (146/1116)   [Kremote: Compressing objects:  14% (157/1116)   [Kremote: Compressing objects:  15% (168/1116)   [Kremote: Compressing objects:  16% (179/1116)   [Kremote: Compressing objects:  17% (190/1116)   [Kremote: Compressing objects:  18% (201/1116)   [Kremote: Compressing objects:  19% (213/1116)   [Kremote: Compressing objects:  20% (224/1116)   [Kremote: Compressing objects:  21% (235/1116)   [Kremote: Compressing objects:  22% (246/1116)   [Kremote: Compressing objects:  23% (257/1116)   [Kremote: Compressing objects:  24% (268/1116)   [Kremote: Compressing objects:  25% (279/1116)   [Kremote: Compressing objects:  26% (291/1116)   [Kremote: Compressing objects:  27% (302/1116)   [Kremote: Compressing objects:  28% (313/1116)   [Kremote: Compressing objects:  29% (324/1116)   [Kremote: Compressing objects:  30% (335/1116)   [Kremote: Compressing objects:  31% (346/1116)   [Kremote: Compressing objects:  32% (358/1116)   [Kremote: Compressing objects:  33% (369/1116)   [Kremote: Compressing objects:  34% (380/1116)   [Kremote: Compressing objects:  35% (391/1116)   [Kremote: Compressing objects:  36% (402/1116)   [Kremote: Compressing objects:  37% (413/1116)   [Kremote: Compressing objects:  38% (425/1116)   [Kremote: Compressing objects:  39% (436/1116)   [Kremote: Compressing objects:  40% (447/1116)   [Kremote: Compressing objects:  41% (458/1116)   [Kremote: Compressing objects:  42% (469/1116)   [Kremote: Compressing objects:  43% (480/1116)   [Kremote: Compressing objects:  44% (492/1116)   [Kremote: Compressing objects:  45% (503/1116)   [Kremote: Compressing objects:  46% (514/1116)   [Kremote: Compressing objects:  47% (525/1116)   [Kremote: Compressing objects:  48% (536/1116)   [Kremote: Compressing objects:  49% (547/1116)   [Kremote: Compressing objects:  50% (558/1116)   [Kremote: Compressing objects:  51% (570/1116)   [Kremote: Compressing objects:  52% (581/1116)   [Kremote: Compressing objects:  53% (592/1116)   [Kremote: Compressing objects:  54% (603/1116)   [Kremote: Compressing objects:  55% (614/1116)   [Kremote: Compressing objects:  56% (625/1116)   [Kremote: Compressing objects:  57% (637/1116)   [Kremote: Compressing objects:  58% (648/1116)   [Kremote: Compressing objects:  59% (659/1116)   [Kremote: Compressing objects:  60% (670/1116)   [Kremote: Compressing objects:  61% (681/1116)   [Kremote: Compressing objects:  62% (692/1116)   [Kremote: Compressing objects:  63% (704/1116)   [Kremote: Compressing objects:  64% (715/1116)   [Kremote: Compressing objects:  65% (726/1116)   [Kremote: Compressing objects:  66% (737/1116)   [Kremote: Compressing objects:  67% (748/1116)   [Kremote: Compressing objects:  68% (759/1116)   [Kremote: Compressing objects:  69% (771/1116)   [Kremote: Compressing objects:  70% (782/1116)   [Kremote: Compressing objects:  71% (793/1116)   [Kremote: Compressing objects:  72% (804/1116)   [Kremote: Compressing objects:  73% (815/1116)   [Kremote: Compressing objects:  74% (826/1116)   [Kremote: Compressing objects:  75% (837/1116)   [Kremote: Compressing objects:  76% (849/1116)   [Kremote: Compressing objects:  77% (860/1116)   [Kremote: Compressing objects:  78% (871/1116)   [Kremote: Compressing objects:  79% (882/1116)   [Kremote: Compressing objects:  80% (893/1116)   [Kremote: Compressing objects:  81% (904/1116)   [Kremote: Compressing objects:  82% (916/1116)   [Kremote: Compressing objects:  83% (927/1116)   [Kremote: Compressing objects:  84% (938/1116)   [Kremote: Compressing objects:  85% (949/1116)   [Kremote: Compressing objects:  86% (960/1116)   [Kremote: Compressing objects:  87% (971/1116)   [Kremote: Compressing objects:  88% (983/1116)   [Kremote: Compressing objects:  89% (994/1116)   [Kremote: Compressing objects:  90% (1005/1116)   [Kremote: Compressing objects:  91% (1016/1116)   [Kremote: Compressing objects:  92% (1027/1116)   [Kremote: Compressing objects:  93% (1038/1116)   [Kremote: Compressing objects:  94% (1050/1116)   [Kremote: Compressing objects:  95% (1061/1116)   [Kremote: Compressing objects:  96% (1072/1116)   [Kremote: Compressing objects:  97% (1083/1116)   [Kremote: Compressing objects:  98% (1094/1116)   [Kremote: Compressing objects:  99% (1105/1116)   [Kremote: Compressing objects: 100% (1116/1116)   [Kremote: Compressing objects: 100% (1116/1116), done.[K
Receiving objects:   0% (1/2458)   Receiving objects:   1% (25/2458)   Receiving objects:   2% (50/2458)   Receiving objects:   3% (74/2458)   Receiving objects:   4% (99/2458)   Receiving objects:   5% (123/2458)   Receiving objects:   6% (148/2458)   Receiving objects:   7% (173/2458)   Receiving objects:   8% (197/2458)   Receiving objects:   9% (222/2458)   Receiving objects:  10% (246/2458)   Receiving objects:  11% (271/2458)   Receiving objects:  12% (295/2458)   Receiving objects:  13% (320/2458)   Receiving objects:  14% (345/2458)   Receiving objects:  15% (369/2458)   Receiving objects:  16% (394/2458)   Receiving objects:  17% (418/2458)   Receiving objects:  18% (443/2458)   Receiving objects:  19% (468/2458)   Receiving objects:  20% (492/2458)   Receiving objects:  21% (517/2458)   Receiving objects:  22% (541/2458)   Receiving objects:  23% (566/2458)   Receiving objects:  24% (590/2458)   Receiving objects:  25% (615/2458)   Receiving objects:  26% (640/2458)   Receiving objects:  27% (664/2458)   Receiving objects:  28% (689/2458)   Receiving objects:  29% (713/2458)   Receiving objects:  30% (738/2458)   Receiving objects:  31% (762/2458)   Receiving objects:  32% (787/2458)   Receiving objects:  33% (812/2458)   Receiving objects:  34% (836/2458)   Receiving objects:  35% (861/2458)   Receiving objects:  36% (885/2458)   Receiving objects:  37% (910/2458)   Receiving objects:  38% (935/2458)   Receiving objects:  39% (959/2458)   Receiving objects:  40% (984/2458)   Receiving objects:  41% (1008/2458)   Receiving objects:  42% (1033/2458)   Receiving objects:  43% (1057/2458)   Receiving objects:  44% (1082/2458)   Receiving objects:  45% (1107/2458)   Receiving objects:  46% (1131/2458)   Receiving objects:  47% (1156/2458)   Receiving objects:  48% (1180/2458)   Receiving objects:  49% (1205/2458)   Receiving objects:  50% (1229/2458)   Receiving objects:  51% (1254/2458)   Receiving objects:  52% (1279/2458)   Receiving objects:  53% (1303/2458)   Receiving objects:  54% (1328/2458)   Receiving objects:  55% (1352/2458)   Receiving objects:  56% (1377/2458)   Receiving objects:  57% (1402/2458)   Receiving objects:  58% (1426/2458)   Receiving objects:  59% (1451/2458)   Receiving objects:  60% (1475/2458)   Receiving objects:  61% (1500/2458)   Receiving objects:  62% (1524/2458)   Receiving objects:  63% (1549/2458)   Receiving objects:  64% (1574/2458)   Receiving objects:  65% (1598/2458)   Receiving objects:  66% (1623/2458)   Receiving objects:  67% (1647/2458)   Receiving objects:  68% (1672/2458)   Receiving objects:  69% (1697/2458)   Receiving objects:  70% (1721/2458)   Receiving objects:  71% (1746/2458)   Receiving objects:  72% (1770/2458)   Receiving objects:  73% (1795/2458)   Receiving objects:  74% (1819/2458)   Receiving objects:  75% (1844/2458)   Receiving objects:  76% (1869/2458)   remote: Total 2458 (delta 739), reused 2053 (delta 498), pack-reused 0[K
Receiving objects:  77% (1893/2458)   Receiving objects:  78% (1918/2458)   Receiving objects:  79% (1942/2458)   Receiving objects:  80% (1967/2458)   Receiving objects:  81% (1991/2458)   Receiving objects:  82% (2016/2458)   Receiving objects:  83% (2041/2458)   Receiving objects:  84% (2065/2458)   Receiving objects:  85% (2090/2458)   Receiving objects:  86% (2114/2458)   Receiving objects:  87% (2139/2458)   Receiving objects:  88% (2164/2458)   Receiving objects:  89% (2188/2458)   Receiving objects:  90% (2213/2458)   Receiving objects:  91% (2237/2458)   Receiving objects:  92% (2262/2458)   Receiving objects:  93% (2286/2458)   Receiving objects:  94% (2311/2458)   Receiving objects:  95% (2336/2458)   Receiving objects:  96% (2360/2458)   Receiving objects:  97% (2385/2458)   Receiving objects:  98% (2409/2458)   Receiving objects:  99% (2434/2458)   Receiving objects: 100% (2458/2458)   Receiving objects: 100% (2458/2458), 876.30 KiB | 0 bytes/s, done.
Resolving deltas:   0% (0/739)   Resolving deltas:   1% (11/739)   Resolving deltas:   2% (16/739)   Resolving deltas:   3% (24/739)   Resolving deltas:  13% (101/739)   Resolving deltas:  15% (114/739)   Resolving deltas:  17% (126/739)   Resolving deltas:  18% (134/739)   Resolving deltas:  19% (146/739)   Resolving deltas:  20% (148/739)   Resolving deltas:  21% (160/739)   Resolving deltas:  22% (167/739)   Resolving deltas:  23% (170/739)   Resolving deltas:  29% (221/739)   Resolving deltas:  30% (222/739)   Resolving deltas:  31% (230/739)   Resolving deltas:  33% (248/739)   Resolving deltas:  34% (252/739)   Resolving deltas:  35% (261/739)   Resolving deltas:  37% (275/739)   Resolving deltas:  38% (281/739)   Resolving deltas:  39% (291/739)   Resolving deltas:  40% (299/739)   Resolving deltas:  41% (305/739)   Resolving deltas:  42% (312/739)   Resolving deltas:  43% (318/739)   Resolving deltas:  44% (327/739)   Resolving deltas:  45% (335/739)   Resolving deltas:  46% (340/739)   Resolving deltas:  47% (349/739)   Resolving deltas:  48% (355/739)   Resolving deltas:  49% (365/739)   Resolving deltas:  51% (381/739)   Resolving deltas:  52% (385/739)   Resolving deltas:  54% (402/739)   Resolving deltas:  55% (407/739)   Resolving deltas:  56% (421/739)   Resolving deltas:  57% (423/739)   Resolving deltas:  58% (432/739)   Resolving deltas:  59% (438/739)   Resolving deltas:  60% (446/739)   Resolving deltas:  61% (455/739)   Resolving deltas:  65% (485/739)   Resolving deltas:  66% (495/739)   Resolving deltas:  68% (509/739)   Resolving deltas:  69% (512/739)   Resolving deltas:  70% (518/739)   Resolving deltas:  71% (525/739)   Resolving deltas:  72% (535/739)   Resolving deltas:  73% (541/739)   Resolving deltas:  75% (557/739)   Resolving deltas:  76% (562/739)   Resolving deltas:  77% (570/739)   Resolving deltas:  83% (617/739)   Resolving deltas:  84% (621/739)   Resolving deltas:  85% (631/739)   Resolving deltas:  86% (639/739)   Resolving deltas:  88% (651/739)   Resolving deltas:  91% (674/739)   Resolving deltas:  92% (683/739)   Resolving deltas:  93% (688/739)   Resolving deltas:  96% (716/739)   Resolving deltas:  97% (717/739)   Resolving deltas:  98% (731/739)   Resolving deltas: 100% (739/739)   Resolving deltas: 100% (739/739), done.
Checking connectivity... done.
travis_time:end:19280036:start=1450093445896147444,finish=1450093447359382391,duration=1463234947[0K$ cd square/okhttp
$ git checkout -qf a12609b4509e08347b9e3b1923882fcea6e6da0e
travis_fold:end:git.checkout[0Ktravis_fold:start:git.submodule[0Ktravis_time:start:0d822380[0K$ git submodule init
Submodule 'okhttp-hpacktests/src/test/resources/hpack-test-case' (git://github.com/http2jp/hpack-test-case.git) registered for path 'okhttp-hpacktests/src/test/resources/hpack-test-case'
travis_time:end:0d822380:start=1450093447386938528,finish=1450093447417334862,duration=30396334[0Ktravis_time:start:118abdfb[0K$ git submodule update
Cloning into 'okhttp-hpacktests/src/test/resources/hpack-test-case'...
remote: Counting objects: 4505, done.[K
Receiving objects:   0% (1/4505)   Receiving objects:   1% (46/4505)   Receiving objects:   2% (91/4505)   Receiving objects:   3% (136/4505)   Receiving objects:   4% (181/4505)   Receiving objects:   5% (226/4505)   Receiving objects:   6% (271/4505)   Receiving objects:   7% (316/4505)   Receiving objects:   8% (361/4505)   Receiving objects:   9% (406/4505)   Receiving objects:  10% (451/4505)   Receiving objects:  11% (496/4505)   Receiving objects:  12% (541/4505)   Receiving objects:  13% (586/4505)   Receiving objects:  14% (631/4505)   Receiving objects:  15% (676/4505)   Receiving objects:  16% (721/4505)   Receiving objects:  17% (766/4505)   Receiving objects:  18% (811/4505)   Receiving objects:  19% (856/4505)   Receiving objects:  20% (901/4505)   Receiving objects:  21% (947/4505)   Receiving objects:  22% (992/4505)   Receiving objects:  23% (1037/4505)   Receiving objects:  24% (1082/4505)   Receiving objects:  25% (1127/4505)   Receiving objects:  26% (1172/4505)   Receiving objects:  27% (1217/4505)   Receiving objects:  28% (1262/4505)   Receiving objects:  29% (1307/4505)   Receiving objects:  30% (1352/4505)   Receiving objects:  31% (1397/4505)   Receiving objects:  32% (1442/4505)   Receiving objects:  33% (1487/4505)   Receiving objects:  34% (1532/4505)   Receiving objects:  35% (1577/4505)   Receiving objects:  36% (1622/4505)   Receiving objects:  37% (1667/4505)   Receiving objects:  38% (1712/4505)   Receiving objects:  39% (1757/4505)   Receiving objects:  40% (1802/4505)   Receiving objects:  41% (1848/4505)   Receiving objects:  42% (1893/4505)   Receiving objects:  43% (1938/4505)   Receiving objects:  44% (1983/4505)   Receiving objects:  45% (2028/4505)   Receiving objects:  46% (2073/4505)   Receiving objects:  47% (2118/4505)   Receiving objects:  48% (2163/4505)   Receiving objects:  49% (2208/4505)   Receiving objects:  50% (2253/4505)   Receiving objects:  51% (2298/4505)   Receiving objects:  52% (2343/4505)   Receiving objects:  53% (2388/4505)   Receiving objects:  54% (2433/4505)   Receiving objects:  55% (2478/4505)   Receiving objects:  56% (2523/4505)   Receiving objects:  57% (2568/4505)   Receiving objects:  58% (2613/4505)   Receiving objects:  59% (2658/4505)   Receiving objects:  60% (2703/4505)   Receiving objects:  61% (2749/4505)   Receiving objects:  62% (2794/4505)   Receiving objects:  63% (2839/4505)   Receiving objects:  64% (2884/4505)   Receiving objects:  65% (2929/4505)   Receiving objects:  66% (2974/4505)   Receiving objects:  67% (3019/4505)   Receiving objects:  68% (3064/4505)   Receiving objects:  69% (3109/4505)   Receiving objects:  70% (3154/4505)   Receiving objects:  71% (3199/4505)   Receiving objects:  72% (3244/4505)   Receiving objects:  73% (3289/4505)   Receiving objects:  74% (3334/4505), 19.63 MiB | 39.17 MiB/s   Receiving objects:  75% (3379/4505), 19.63 MiB | 39.17 MiB/s   Receiving objects:  76% (3424/4505), 19.63 MiB | 39.17 MiB/s   Receiving objects:  77% (3469/4505), 19.63 MiB | 39.17 MiB/s   Receiving objects:  78% (3514/4505), 19.63 MiB | 39.17 MiB/s   Receiving objects:  79% (3559/4505), 19.63 MiB | 39.17 MiB/s   Receiving objects:  80% (3604/4505), 19.63 MiB | 39.17 MiB/s   Receiving objects:  81% (3650/4505), 19.63 MiB | 39.17 MiB/s   Receiving objects:  82% (3695/4505), 19.63 MiB | 39.17 MiB/s   Receiving objects:  83% (3740/4505), 19.63 MiB | 39.17 MiB/s   Receiving objects:  84% (3785/4505), 19.63 MiB | 39.17 MiB/s   Receiving objects:  85% (3830/4505), 19.63 MiB | 39.17 MiB/s   Receiving objects:  86% (3875/4505), 19.63 MiB | 39.17 MiB/s   Receiving objects:  87% (3920/4505), 19.63 MiB | 39.17 MiB/s   Receiving objects:  88% (3965/4505), 19.63 MiB | 39.17 MiB/s   Receiving objects:  89% (4010/4505), 19.63 MiB | 39.17 MiB/s   Receiving objects:  90% (4055/4505), 19.63 MiB | 39.17 MiB/s   Receiving objects:  91% (4100/4505), 19.63 MiB | 39.17 MiB/s   Receiving objects:  92% (4145/4505), 19.63 MiB | 39.17 MiB/s   Receiving objects:  93% (4190/4505), 19.63 MiB | 39.17 MiB/s   Receiving objects:  94% (4235/4505), 19.63 MiB | 39.17 MiB/s   Receiving objects:  95% (4280/4505), 19.63 MiB | 39.17 MiB/s   Receiving objects:  96% (4325/4505), 19.63 MiB | 39.17 MiB/s   Receiving objects:  97% (4370/4505), 19.63 MiB | 39.17 MiB/s   remote: Total 4505 (delta 0), reused 0 (delta 0), pack-reused 4505[K
Receiving objects:  98% (4415/4505), 19.63 MiB | 39.17 MiB/s   Receiving objects:  99% (4460/4505), 19.63 MiB | 39.17 MiB/s   Receiving objects: 100% (4505/4505), 19.63 MiB | 39.17 MiB/s   Receiving objects: 100% (4505/4505), 25.94 MiB | 39.17 MiB/s, done.
Resolving deltas:   0% (0/4057)   Resolving deltas:   1% (50/4057)   Resolving deltas:   2% (87/4057)   Resolving deltas:   6% (270/4057)   Resolving deltas:   8% (341/4057)   Resolving deltas:   9% (368/4057)   Resolving deltas:  40% (1629/4057)   Resolving deltas:  41% (1679/4057)   Resolving deltas:  42% (1705/4057)   Resolving deltas:  48% (1964/4057)   Resolving deltas:  49% (1992/4057)   Resolving deltas:  50% (2050/4057)   Resolving deltas:  51% (2085/4057)   Resolving deltas:  52% (2120/4057)   Resolving deltas:  55% (2257/4057)   Resolving deltas:  59% (2398/4057)   Resolving deltas:  61% (2479/4057)   Resolving deltas:  63% (2560/4057)   Resolving deltas:  64% (2609/4057)   Resolving deltas:  65% (2652/4057)   Resolving deltas:  68% (2767/4057)   Resolving deltas:  71% (2914/4057)   Resolving deltas:  72% (2922/4057)   Resolving deltas:  73% (2965/4057)   Resolving deltas:  74% (3034/4057)   Resolving deltas:  84% (3445/4057)   Resolving deltas:  86% (3507/4057)   Resolving deltas:  87% (3545/4057)   Resolving deltas:  88% (3571/4057)   Resolving deltas:  89% (3619/4057)   Resolving deltas:  89% (3631/4057)   Resolving deltas:  90% (3661/4057)   Resolving deltas:  91% (3692/4057)   Resolving deltas:  92% (3739/4057)   Resolving deltas:  95% (3869/4057)   Resolving deltas:  96% (3909/4057)   Resolving deltas:  97% (3936/4057)   Resolving deltas:  98% (3985/4057)   Resolving deltas: 100% (4057/4057)   Resolving deltas: 100% (4057/4057), done.
Checking connectivity... done.
Submodule path 'okhttp-hpacktests/src/test/resources/hpack-test-case': checked out 'a5652bc2bc3d2a992f39446369fb004a72e881d4'
travis_time:end:118abdfb:start=1450093447420789407,finish=1450093449822293979,duration=2401504572[0Ktravis_fold:end:git.submodule[0K
[33;1mThis job is running on container-based infrastructure, which does not allow use of 'sudo', setuid and setguid executables.[0m
[33;1mIf you require sudo, add 'sudo: required' to your .travis.yml[0m
[33;1mSee http://docs.travis-ci.com/user/workers/container-based-infrastructure/ for details.[0m

[33;1mSetting environment variables from .travis.yml[0m
$ export CI_DEPLOY_USERNAME=[secure]
$ export CI_DEPLOY_PASSWORD=[secure]

travis_fold:start:cache.1[0KSetting up build cache
$ export CASHER_DIR=$HOME/.casher
travis_time:start:0815412e[0K$ Installing caching utilities
travis_time:end:0815412e:start=1450093451561509543,finish=1450093451589630052,duration=28120509[0Ktravis_time:start:01df0dab[0Ktravis_time:end:01df0dab:start=1450093451594040870,finish=1450093451597024793,duration=2983923[0Ktravis_time:start:0d9e5670[0K[32;1mattempting to download cache archive[0m
[32;1mfetching master/cache--jdk-oraclejdk8.tgz[0m
[32;1mfound cache[0m
travis_time:end:0d9e5670:start=1450093451600471142,finish=1450093453476598831,duration=1876127689[0Ktravis_time:start:051a5aa2[0Ktravis_time:end:051a5aa2:start=1450093453480316653,finish=1450093453483514115,duration=3197462[0Ktravis_time:start:1670c166[0K[32;1madding /home/travis/.m2 to cache[0m
travis_time:end:1670c166:start=1450093453487136789,finish=1450093455030357823,duration=1543221034[0Ktravis_fold:end:cache.1[0K$ jdk_switcher use oraclejdk8
Switching to Oracle JDK8 (java-8-oracle), JAVA_HOME will be set to /usr/lib/jvm/java-8-oracle
$ java -Xmx32m -version
java version "1.8.0_31"
Java(TM) SE Runtime Environment (build 1.8.0_31-b13)
Java HotSpot(TM) 64-Bit Server VM (build 25.31-b07, mixed mode)
$ javac -J-Xmx32m -version
javac 1.8.0_31
travis_fold:start:install[0Ktravis_time:start:088ba194[0K$ mvn install -DskipTests=true -Dmaven.javadoc.skip=true -B -V
Java HotSpot(TM) 64-Bit Server VM warning: ignoring option MaxPermSize=192m; support was removed in 8.0
Apache Maven 3.2.5 (12a6b3acb947671f09b81f49094c53f426d8cea1; 2014-12-14T17:29:23+00:00)
Maven home: /usr/local/maven
Java version: 1.8.0_31, vendor: Oracle Corporation
Java home: /usr/lib/jvm/java-8-oracle/jre
Default locale: en_US, platform encoding: UTF-8
OS name: "linux", version: "3.13.0-40-generic", arch: "amd64", family: "unix"
[INFO] Scanning for projects...
[WARNING] 
[WARNING] Some problems were encountered while building the effective model for com.squareup.okhttp:okhttp-tests:jar:3.0.0-SNAPSHOT
[WARNING] 'build.plugins.plugin.version' for org.apache.maven.plugins:maven-deploy-plugin is missing. @ com.squareup.okhttp:okhttp-tests:[unknown-version], /home/travis/build/square/okhttp/okhttp-tests/pom.xml, line 58, column 15
[WARNING] 
[WARNING] Some problems were encountered while building the effective model for com.squareup.okhttp:okhttp-ws-tests:jar:3.0.0-SNAPSHOT
[WARNING] 'build.plugins.plugin.version' for org.apache.maven.plugins:maven-deploy-plugin is missing. @ com.squareup.okhttp:okhttp-ws-tests:[unknown-version], /home/travis/build/square/okhttp/okhttp-ws-tests/pom.xml, line 67, column 15
[WARNING] 
[WARNING] Some problems were encountered while building the effective model for com.squareup.okhttp:benchmarks:jar:3.0.0-SNAPSHOT
[WARNING] 'build.plugins.plugin.version' for org.codehaus.mojo:exec-maven-plugin is missing. @ com.squareup.okhttp:benchmarks:[unknown-version], /home/travis/build/square/okhttp/benchmarks/pom.xml, line 74, column 15
[WARNING] 
[WARNING] It is highly recommended to fix these problems because they threaten the stability of your build.
[WARNING] 
[WARNING] For this reason, future Maven versions might no longer support building such malformed projects.
[WARNING] 
[INFO] ------------------------------------------------------------------------
[INFO] Reactor Build Order:
[INFO] 
[INFO] OkHttp (Parent)
[INFO] OkHttp
[INFO] OkHttp test support classes
[INFO] OkHttp Web Sockets
[INFO] MockWebServer
[INFO] OkHttp URLConnection
[INFO] OkHttp Tests
[INFO] OkHttp Android Platform Support
[INFO] OkHttp Apache HttpClient
[INFO] OkHttp Web Socket Tests
[INFO] OkHttp Logging Interceptor
[INFO] OkCurl
[INFO] Samples (Parent)
[INFO] Sample: Guide
[INFO] Sample: Crawler
[INFO] Sample: Simple Client
[INFO] Sample: Static Server
[INFO] Benchmarks
[INFO]                                                                         
[INFO] ------------------------------------------------------------------------
[INFO] Building OkHttp (Parent) 3.0.0-SNAPSHOT
[INFO] ------------------------------------------------------------------------
[INFO] 
[INFO] --- maven-enforcer-plugin:1.0:enforce (enforce-maven) @ parent ---
[INFO] 
[INFO] --- animal-sniffer-maven-plugin:1.11:check (default) @ parent ---
[INFO] Checking unresolved references to org.codehaus.mojo.signature:java16:1.1
[INFO] 
[INFO] --- maven-checkstyle-plugin:2.10:checkstyle (default) @ parent ---
[INFO] 
[INFO] --- maven-install-plugin:2.4:install (default-install) @ parent ---
[INFO] Installing /home/travis/build/square/okhttp/pom.xml to /home/travis/.m2/repository/com/squareup/okhttp/parent/3.0.0-SNAPSHOT/parent-3.0.0-SNAPSHOT.pom
[INFO]                                                                         
[INFO] ------------------------------------------------------------------------
[INFO] Building OkHttp 3.0.0-SNAPSHOT
[INFO] ------------------------------------------------------------------------
[INFO] 
[INFO] --- maven-enforcer-plugin:1.0:enforce (enforce-maven) @ okhttp ---
[INFO] 
[INFO] --- templating-maven-plugin:1.0-alpha-3:filter-sources (default) @ okhttp ---
[INFO] Using 'UTF-8' encoding to copy filtered resources.
[INFO] Copying 1 resource
[INFO] Source directory: /home/travis/build/square/okhttp/okhttp/target/generated-sources/java-templates added.
[INFO] 
[INFO] --- maven-resources-plugin:2.6:resources (default-resources) @ okhttp ---
[INFO] Using 'UTF-8' encoding to copy filtered resources.
[INFO] skip non existing resourceDirectory /home/travis/build/square/okhttp/okhttp/src/main/resources
[INFO] 
[INFO] --- maven-compiler-plugin:3.0:compile (default-compile) @ okhttp ---
[INFO] Changes detected - recompiling the module!
[INFO] Compiling 80 source files to /home/travis/build/square/okhttp/okhttp/target/classes
[INFO] -------------------------------------------------------------
[WARNING] COMPILATION WARNING : 
[INFO] -------------------------------------------------------------
[WARNING] /home/travis/build/square/okhttp/okhttp/src/main/java/com/squareup/okhttp/internal/Util.java: Some input files use unchecked or unsafe operations.
[WARNING] /home/travis/build/square/okhttp/okhttp/src/main/java/com/squareup/okhttp/internal/Util.java: Recompile with -Xlint:unchecked for details.
[INFO] 2 warnings 
[INFO] -------------------------------------------------------------
[INFO] -------------------------------------------------------------
[ERROR] COMPILATION ERROR : 
[INFO] -------------------------------------------------------------
[ERROR] /home/travis/build/square/okhttp/okhttp/src/main/java/com/squareup/okhttp/internal/http/HttpEngine.java:[680,53] cannot find symbol
  symbol:   method getUriHost()
  location: variable address of type com.squareup.okhttp.Address
[ERROR] /home/travis/build/square/okhttp/okhttp/src/main/java/com/squareup/okhttp/internal/http/HttpEngine.java:[681,51] cannot find symbol
  symbol:   method getUriPort()
  location: variable address of type com.squareup.okhttp.Address
[ERROR] /home/travis/build/square/okhttp/okhttp/src/main/java/com/squareup/okhttp/internal/io/RealConnection.java:[178,29] cannot find symbol
  symbol:   method getUriHost()
  location: variable address of type com.squareup.okhttp.Address
[ERROR] /home/travis/build/square/okhttp/okhttp/src/main/java/com/squareup/okhttp/internal/io/RealConnection.java:[178,51] cannot find symbol
  symbol:   method getUriPort()
  location: variable address of type com.squareup.okhttp.Address
[ERROR] /home/travis/build/square/okhttp/okhttp/src/main/java/com/squareup/okhttp/internal/io/RealConnection.java:[184,31] cannot find symbol
  symbol:   method getUriHost()
  location: variable address of type com.squareup.okhttp.Address
[ERROR] /home/travis/build/square/okhttp/okhttp/src/main/java/com/squareup/okhttp/internal/io/RealConnection.java:[192,56] cannot find symbol
  symbol:   method getUriHost()
  location: variable address of type com.squareup.okhttp.Address
[ERROR] /home/travis/build/square/okhttp/okhttp/src/main/java/com/squareup/okhttp/internal/io/RealConnection.java:[194,67] cannot find symbol
  symbol:   method getUriHost()
  location: variable address of type com.squareup.okhttp.Address
[ERROR] /home/travis/build/square/okhttp/okhttp/src/main/java/com/squareup/okhttp/internal/io/RealConnection.java:[201,51] cannot find symbol
  symbol:   method getUriHost()
  location: variable address of type com.squareup.okhttp.Address
[ERROR] /home/travis/build/square/okhttp/okhttp/src/main/java/com/squareup/okhttp/internal/http/RouteSelector.java:[137,57] cannot find symbol
  symbol:   method getUriHost()
  location: variable address of type com.squareup.okhttp.Address
[ERROR] /home/travis/build/square/okhttp/okhttp/src/main/java/com/squareup/okhttp/internal/http/RouteSelector.java:[153,27] cannot find symbol
  symbol:   method getUriHost()
  location: variable address of type com.squareup.okhttp.Address
[ERROR] /home/travis/build/square/okhttp/okhttp/src/main/java/com/squareup/okhttp/internal/http/RouteSelector.java:[154,27] cannot find symbol
  symbol:   method getUriPort()
  location: variable address of type com.squareup.okhttp.Address
[ERROR] /home/travis/build/square/okhttp/okhttp/src/main/java/com/squareup/okhttp/internal/http/RouteSelector.java:[211,57] cannot find symbol
  symbol:   method getUriHost()
  location: variable address of type com.squareup.okhttp.Address
[INFO] 12 errors 
[INFO] -------------------------------------------------------------
[INFO] ------------------------------------------------------------------------
[INFO] Reactor Summary:
[INFO] 
[INFO] OkHttp (Parent) .................................... SUCCESS [  2.421 s]
[INFO] OkHttp ............................................. FAILURE [  7.947 s]
[INFO] OkHttp test support classes ........................ SKIPPED
[INFO] OkHttp Web Sockets ................................. SKIPPED
[INFO] MockWebServer ...................................... SKIPPED
[INFO] OkHttp URLConnection ............................... SKIPPED
[INFO] OkHttp Tests ....................................... SKIPPED
[INFO] OkHttp Android Platform Support .................... SKIPPED
[INFO] OkHttp Apache HttpClient ........................... SKIPPED
[INFO] OkHttp Web Socket Tests ............................ SKIPPED
[INFO] OkHttp Logging Interceptor ......................... SKIPPED
[INFO] OkCurl ............................................. SKIPPED
[INFO] Samples (Parent) ................................... SKIPPED
[INFO] Sample: Guide ...................................... SKIPPED
[INFO] Sample: Crawler .................................... SKIPPED
[INFO] Sample: Simple Client .............................. SKIPPED
[INFO] Sample: Static Server .............................. SKIPPED
[INFO] Benchmarks ......................................... SKIPPED
[INFO] ------------------------------------------------------------------------
[INFO] BUILD FAILURE
[INFO] ------------------------------------------------------------------------
[INFO] Total time: 10.839 s
[INFO] Finished at: 2015-12-14T11:44:27+00:00
[INFO] Final Memory: 25M/372M
[INFO] ------------------------------------------------------------------------
[ERROR] Failed to execute goal org.apache.maven.plugins:maven-compiler-plugin:3.0:compile (default-compile) on project okhttp: Compilation failure: Compilation failure:
[ERROR] /home/travis/build/square/okhttp/okhttp/src/main/java/com/squareup/okhttp/internal/http/HttpEngine.java:[680,53] cannot find symbol
[ERROR] symbol:   method getUriHost()
[ERROR] location: variable address of type com.squareup.okhttp.Address
[ERROR] /home/travis/build/square/okhttp/okhttp/src/main/java/com/squareup/okhttp/internal/http/HttpEngine.java:[681,51] cannot find symbol
[ERROR] symbol:   method getUriPort()
[ERROR] location: variable address of type com.squareup.okhttp.Address
[ERROR] /home/travis/build/square/okhttp/okhttp/src/main/java/com/squareup/okhttp/internal/io/RealConnection.java:[178,29] cannot find symbol
[ERROR] symbol:   method getUriHost()
[ERROR] location: variable address of type com.squareup.okhttp.Address
[ERROR] /home/travis/build/square/okhttp/okhttp/src/main/java/com/squareup/okhttp/internal/io/RealConnection.java:[178,51] cannot find symbol
[ERROR] symbol:   method getUriPort()
[ERROR] location: variable address of type com.squareup.okhttp.Address
[ERROR] /home/travis/build/square/okhttp/okhttp/src/main/java/com/squareup/okhttp/internal/io/RealConnection.java:[184,31] cannot find symbol
[ERROR] symbol:   method getUriHost()
[ERROR] location: variable address of type com.squareup.okhttp.Address
[ERROR] /home/travis/build/square/okhttp/okhttp/src/main/java/com/squareup/okhttp/internal/io/RealConnection.java:[192,56] cannot find symbol
[ERROR] symbol:   method getUriHost()
[ERROR] location: variable address of type com.squareup.okhttp.Address
[ERROR] /home/travis/build/square/okhttp/okhttp/src/main/java/com/squareup/okhttp/internal/io/RealConnection.java:[194,67] cannot find symbol
[ERROR] symbol:   method getUriHost()
[ERROR] location: variable address of type com.squareup.okhttp.Address
[ERROR] /home/travis/build/square/okhttp/okhttp/src/main/java/com/squareup/okhttp/internal/io/RealConnection.java:[201,51] cannot find symbol
[ERROR] symbol:   method getUriHost()
[ERROR] location: variable address of type com.squareup.okhttp.Address
[ERROR] /home/travis/build/square/okhttp/okhttp/src/main/java/com/squareup/okhttp/internal/http/RouteSelector.java:[137,57] cannot find symbol
[ERROR] symbol:   method getUriHost()
[ERROR] location: variable address of type com.squareup.okhttp.Address
[ERROR] /home/travis/build/square/okhttp/okhttp/src/main/java/com/squareup/okhttp/internal/http/RouteSelector.java:[153,27] cannot find symbol
[ERROR] symbol:   method getUriHost()
[ERROR] location: variable address of type com.squareup.okhttp.Address
[ERROR] /home/travis/build/square/okhttp/okhttp/src/main/java/com/squareup/okhttp/internal/http/RouteSelector.java:[154,27] cannot find symbol
[ERROR] symbol:   method getUriPort()
[ERROR] location: variable address of type com.squareup.okhttp.Address
[ERROR] /home/travis/build/square/okhttp/okhttp/src/main/java/com/squareup/okhttp/internal/http/RouteSelector.java:[211,57] cannot find symbol
[ERROR] symbol:   method getUriHost()
[ERROR] location: variable address of type com.squareup.okhttp.Address
[ERROR] -> [Help 1]
[ERROR] 
[ERROR] To see the full stack trace of the errors, re-run Maven with the -e switch.
[ERROR] Re-run Maven using the -X switch to enable full debug logging.
[ERROR] 
[ERROR] For more information about the errors and possible solutions, please read the following articles:
[ERROR] [Help 1] http://cwiki.apache.org/confluence/display/MAVEN/MojoFailureException
[ERROR] 
[ERROR] After correcting the problems, you can resume the build with the command
[ERROR]   mvn <goals> -rf :okhttp

[31;1mThe command "eval mvn install -DskipTests=true -Dmaven.javadoc.skip=true -B -V" failed. Retrying, 2 of 3.[0m

Java HotSpot(TM) 64-Bit Server VM warning: ignoring option MaxPermSize=192m; support was removed in 8.0
Apache Maven 3.2.5 (12a6b3acb947671f09b81f49094c53f426d8cea1; 2014-12-14T17:29:23+00:00)
Maven home: /usr/local/maven
Java version: 1.8.0_31, vendor: Oracle Corporation
Java home: /usr/lib/jvm/java-8-oracle/jre
Default locale: en_US, platform encoding: UTF-8
OS name: "linux", version: "3.13.0-40-generic", arch: "amd64", family: "unix"
[INFO] Scanning for projects...
[WARNING] 
[WARNING] Some problems were encountered while building the effective model for com.squareup.okhttp:okhttp-tests:jar:3.0.0-SNAPSHOT
[WARNING] 'build.plugins.plugin.version' for org.apache.maven.plugins:maven-deploy-plugin is missing. @ com.squareup.okhttp:okhttp-tests:[unknown-version], /home/travis/build/square/okhttp/okhttp-tests/pom.xml, line 58, column 15
[WARNING] 
[WARNING] Some problems were encountered while building the effective model for com.squareup.okhttp:okhttp-ws-tests:jar:3.0.0-SNAPSHOT
[WARNING] 'build.plugins.plugin.version' for org.apache.maven.plugins:maven-deploy-plugin is missing. @ com.squareup.okhttp:okhttp-ws-tests:[unknown-version], /home/travis/build/square/okhttp/okhttp-ws-tests/pom.xml, line 67, column 15
[WARNING] 
[WARNING] Some problems were encountered while building the effective model for com.squareup.okhttp:benchmarks:jar:3.0.0-SNAPSHOT
[WARNING] 'build.plugins.plugin.version' for org.codehaus.mojo:exec-maven-plugin is missing. @ com.squareup.okhttp:benchmarks:[unknown-version], /home/travis/build/square/okhttp/benchmarks/pom.xml, line 74, column 15
[WARNING] 
[WARNING] It is highly recommended to fix these problems because they threaten the stability of your build.
[WARNING] 
[WARNING] For this reason, future Maven versions might no longer support building such malformed projects.
[WARNING] 
[INFO] ------------------------------------------------------------------------
[INFO] Reactor Build Order:
[INFO] 
[INFO] OkHttp (Parent)
[INFO] OkHttp
[INFO] OkHttp test support classes
[INFO] OkHttp Web Sockets
[INFO] MockWebServer
[INFO] OkHttp URLConnection
[INFO] OkHttp Tests
[INFO] OkHttp Android Platform Support
[INFO] OkHttp Apache HttpClient
[INFO] OkHttp Web Socket Tests
[INFO] OkHttp Logging Interceptor
[INFO] OkCurl
[INFO] Samples (Parent)
[INFO] Sample: Guide
[INFO] Sample: Crawler
[INFO] Sample: Simple Client
[INFO] Sample: Static Server
[INFO] Benchmarks
[INFO]                                                                         
[INFO] ------------------------------------------------------------------------
[INFO] Building OkHttp (Parent) 3.0.0-SNAPSHOT
[INFO] ------------------------------------------------------------------------
[INFO] 
[INFO] --- maven-enforcer-plugin:1.0:enforce (enforce-maven) @ parent ---
[INFO] 
[INFO] --- animal-sniffer-maven-plugin:1.11:check (default) @ parent ---
[INFO] Checking unresolved references to org.codehaus.mojo.signature:java16:1.1
[INFO] 
[INFO] --- maven-checkstyle-plugin:2.10:checkstyle (default) @ parent ---
[INFO] 
[INFO] --- maven-install-plugin:2.4:install (default-install) @ parent ---
[INFO] Installing /home/travis/build/square/okhttp/pom.xml to /home/travis/.m2/repository/com/squareup/okhttp/parent/3.0.0-SNAPSHOT/parent-3.0.0-SNAPSHOT.pom
[INFO]                                                                         
[INFO] ------------------------------------------------------------------------
[INFO] Building OkHttp 3.0.0-SNAPSHOT
[INFO] ------------------------------------------------------------------------
[INFO] 
[INFO] --- maven-enforcer-plugin:1.0:enforce (enforce-maven) @ okhttp ---
[INFO] 
[INFO] --- templating-maven-plugin:1.0-alpha-3:filter-sources (default) @ okhttp ---
[INFO] Using 'UTF-8' encoding to copy filtered resources.
[INFO] Copying 1 resource
[INFO] Source directory: /home/travis/build/square/okhttp/okhttp/target/generated-sources/java-templates added.
[INFO] 
[INFO] --- maven-resources-plugin:2.6:resources (default-resources) @ okhttp ---
[INFO] Using 'UTF-8' encoding to copy filtered resources.
[INFO] skip non existing resourceDirectory /home/travis/build/square/okhttp/okhttp/src/main/resources
[INFO] 
[INFO] --- maven-compiler-plugin:3.0:compile (default-compile) @ okhttp ---
[INFO] Changes detected - recompiling the module!
[INFO] Compiling 80 source files to /home/travis/build/square/okhttp/okhttp/target/classes
[INFO] -------------------------------------------------------------
[WARNING] COMPILATION WARNING : 
[INFO] -------------------------------------------------------------
[WARNING] /home/travis/build/square/okhttp/okhttp/src/main/java/com/squareup/okhttp/internal/Util.java: Some input files use unchecked or unsafe operations.
[WARNING] /home/travis/build/square/okhttp/okhttp/src/main/java/com/squareup/okhttp/internal/Util.java: Recompile with -Xlint:unchecked for details.
[INFO] 2 warnings 
[INFO] -------------------------------------------------------------
[INFO] -------------------------------------------------------------
[ERROR] COMPILATION ERROR : 
[INFO] -------------------------------------------------------------
[ERROR] /home/travis/build/square/okhttp/okhttp/src/main/java/com/squareup/okhttp/internal/http/HttpEngine.java:[680,53] cannot find symbol
  symbol:   method getUriHost()
  location: variable address of type com.squareup.okhttp.Address
[ERROR] /home/travis/build/square/okhttp/okhttp/src/main/java/com/squareup/okhttp/internal/http/HttpEngine.java:[681,51] cannot find symbol
  symbol:   method getUriPort()
  location: variable address of type com.squareup.okhttp.Address
[ERROR] /home/travis/build/square/okhttp/okhttp/src/main/java/com/squareup/okhttp/internal/io/RealConnection.java:[178,29] cannot find symbol
  symbol:   method getUriHost()
  location: variable address of type com.squareup.okhttp.Address
[ERROR] /home/travis/build/square/okhttp/okhttp/src/main/java/com/squareup/okhttp/internal/io/RealConnection.java:[178,51] cannot find symbol
  symbol:   method getUriPort()
  location: variable address of type com.squareup.okhttp.Address
[ERROR] /home/travis/build/square/okhttp/okhttp/src/main/java/com/squareup/okhttp/internal/io/RealConnection.java:[184,31] cannot find symbol
  symbol:   method getUriHost()
  location: variable address of type com.squareup.okhttp.Address
[ERROR] /home/travis/build/square/okhttp/okhttp/src/main/java/com/squareup/okhttp/internal/io/RealConnection.java:[192,56] cannot find symbol
  symbol:   method getUriHost()
  location: variable address of type com.squareup.okhttp.Address
[ERROR] /home/travis/build/square/okhttp/okhttp/src/main/java/com/squareup/okhttp/internal/io/RealConnection.java:[194,67] cannot find symbol
  symbol:   method getUriHost()
  location: variable address of type com.squareup.okhttp.Address
[ERROR] /home/travis/build/square/okhttp/okhttp/src/main/java/com/squareup/okhttp/internal/io/RealConnection.java:[201,51] cannot find symbol
  symbol:   method getUriHost()
  location: variable address of type com.squareup.okhttp.Address
[ERROR] /home/travis/build/square/okhttp/okhttp/src/main/java/com/squareup/okhttp/internal/http/RouteSelector.java:[137,57] cannot find symbol
  symbol:   method getUriHost()
  location: variable address of type com.squareup.okhttp.Address
[ERROR] /home/travis/build/square/okhttp/okhttp/src/main/java/com/squareup/okhttp/internal/http/RouteSelector.java:[153,27] cannot find symbol
  symbol:   method getUriHost()
  location: variable address of type com.squareup.okhttp.Address
[ERROR] /home/travis/build/square/okhttp/okhttp/src/main/java/com/squareup/okhttp/internal/http/RouteSelector.java:[154,27] cannot find symbol
  symbol:   method getUriPort()
  location: variable address of type com.squareup.okhttp.Address
[ERROR] /home/travis/build/square/okhttp/okhttp/src/main/java/com/squareup/okhttp/internal/http/RouteSelector.java:[211,57] cannot find symbol
  symbol:   method getUriHost()
  location: variable address of type com.squareup.okhttp.Address
[INFO] 12 errors 
[INFO] -------------------------------------------------------------
[INFO] ------------------------------------------------------------------------
[INFO] Reactor Summary:
[INFO] 
[INFO] OkHttp (Parent) .................................... SUCCESS [  2.842 s]
[INFO] OkHttp ............................................. FAILURE [  7.389 s]
[INFO] OkHttp test support classes ........................ SKIPPED
[INFO] OkHttp Web Sockets ................................. SKIPPED
[INFO] MockWebServer ...................................... SKIPPED
[INFO] OkHttp URLConnection ............................... SKIPPED
[INFO] OkHttp Tests ....................................... SKIPPED
[INFO] OkHttp Android Platform Support .................... SKIPPED
[INFO] OkHttp Apache HttpClient ........................... SKIPPED
[INFO] OkHttp Web Socket Tests ............................ SKIPPED
[INFO] OkHttp Logging Interceptor ......................... SKIPPED
[INFO] OkCurl ............................................. SKIPPED
[INFO] Samples (Parent) ................................... SKIPPED
[INFO] Sample: Guide ...................................... SKIPPED
[INFO] Sample: Crawler .................................... SKIPPED
[INFO] Sample: Simple Client .............................. SKIPPED
[INFO] Sample: Static Server .............................. SKIPPED
[INFO] Benchmarks ......................................... SKIPPED
[INFO] ------------------------------------------------------------------------
[INFO] BUILD FAILURE
[INFO] ------------------------------------------------------------------------
[INFO] Total time: 10.747 s
[INFO] Finished at: 2015-12-14T11:44:48+00:00
[INFO] Final Memory: 25M/344M
[INFO] ------------------------------------------------------------------------
[ERROR] Failed to execute goal org.apache.maven.plugins:maven-compiler-plugin:3.0:compile (default-compile) on project okhttp: Compilation failure: Compilation failure:
[ERROR] /home/travis/build/square/okhttp/okhttp/src/main/java/com/squareup/okhttp/internal/http/HttpEngine.java:[680,53] cannot find symbol
[ERROR] symbol:   method getUriHost()
[ERROR] location: variable address of type com.squareup.okhttp.Address
[ERROR] /home/travis/build/square/okhttp/okhttp/src/main/java/com/squareup/okhttp/internal/http/HttpEngine.java:[681,51] cannot find symbol
[ERROR] symbol:   method getUriPort()
[ERROR] location: variable address of type com.squareup.okhttp.Address
[ERROR] /home/travis/build/square/okhttp/okhttp/src/main/java/com/squareup/okhttp/internal/io/RealConnection.java:[178,29] cannot find symbol
[ERROR] symbol:   method getUriHost()
[ERROR] location: variable address of type com.squareup.okhttp.Address
[ERROR] /home/travis/build/square/okhttp/okhttp/src/main/java/com/squareup/okhttp/internal/io/RealConnection.java:[178,51] cannot find symbol
[ERROR] symbol:   method getUriPort()
[ERROR] location: variable address of type com.squareup.okhttp.Address
[ERROR] /home/travis/build/square/okhttp/okhttp/src/main/java/com/squareup/okhttp/internal/io/RealConnection.java:[184,31] cannot find symbol
[ERROR] symbol:   method getUriHost()
[ERROR] location: variable address of type com.squareup.okhttp.Address
[ERROR] /home/travis/build/square/okhttp/okhttp/src/main/java/com/squareup/okhttp/internal/io/RealConnection.java:[192,56] cannot find symbol
[ERROR] symbol:   method getUriHost()
[ERROR] location: variable address of type com.squareup.okhttp.Address
[ERROR] /home/travis/build/square/okhttp/okhttp/src/main/java/com/squareup/okhttp/internal/io/RealConnection.java:[194,67] cannot find symbol
[ERROR] symbol:   method getUriHost()
[ERROR] location: variable address of type com.squareup.okhttp.Address
[ERROR] /home/travis/build/square/okhttp/okhttp/src/main/java/com/squareup/okhttp/internal/io/RealConnection.java:[201,51] cannot find symbol
[ERROR] symbol:   method getUriHost()
[ERROR] location: variable address of type com.squareup.okhttp.Address
[ERROR] /home/travis/build/square/okhttp/okhttp/src/main/java/com/squareup/okhttp/internal/http/RouteSelector.java:[137,57] cannot find symbol
[ERROR] symbol:   method getUriHost()
[ERROR] location: variable address of type com.squareup.okhttp.Address
[ERROR] /home/travis/build/square/okhttp/okhttp/src/main/java/com/squareup/okhttp/internal/http/RouteSelector.java:[153,27] cannot find symbol
[ERROR] symbol:   method getUriHost()
[ERROR] location: variable address of type com.squareup.okhttp.Address
[ERROR] /home/travis/build/square/okhttp/okhttp/src/main/java/com/squareup/okhttp/internal/http/RouteSelector.java:[154,27] cannot find symbol
[ERROR] symbol:   method getUriPort()
[ERROR] location: variable address of type com.squareup.okhttp.Address
[ERROR] /home/travis/build/square/okhttp/okhttp/src/main/java/com/squareup/okhttp/internal/http/RouteSelector.java:[211,57] cannot find symbol
[ERROR] symbol:   method getUriHost()
[ERROR] location: variable address of type com.squareup.okhttp.Address
[ERROR] -> [Help 1]
[ERROR] 
[ERROR] To see the full stack trace of the errors, re-run Maven with the -e switch.
[ERROR] Re-run Maven using the -X switch to enable full debug logging.
[ERROR] 
[ERROR] For more information about the errors and possible solutions, please read the following articles:
[ERROR] [Help 1] http://cwiki.apache.org/confluence/display/MAVEN/MojoFailureException
[ERROR] 
[ERROR] After correcting the problems, you can resume the build with the command
[ERROR]   mvn <goals> -rf :okhttp

[31;1mThe command "eval mvn install -DskipTests=true -Dmaven.javadoc.skip=true -B -V" failed. Retrying, 3 of 3.[0m

Java HotSpot(TM) 64-Bit Server VM warning: ignoring option MaxPermSize=192m; support was removed in 8.0
Apache Maven 3.2.5 (12a6b3acb947671f09b81f49094c53f426d8cea1; 2014-12-14T17:29:23+00:00)
Maven home: /usr/local/maven
Java version: 1.8.0_31, vendor: Oracle Corporation
Java home: /usr/lib/jvm/java-8-oracle/jre
Default locale: en_US, platform encoding: UTF-8
OS name: "linux", version: "3.13.0-40-generic", arch: "amd64", family: "unix"
[INFO] Scanning for projects...
[WARNING] 
[WARNING] Some problems were encountered while building the effective model for com.squareup.okhttp:okhttp-tests:jar:3.0.0-SNAPSHOT
[WARNING] 'build.plugins.plugin.version' for org.apache.maven.plugins:maven-deploy-plugin is missing. @ com.squareup.okhttp:okhttp-tests:[unknown-version], /home/travis/build/square/okhttp/okhttp-tests/pom.xml, line 58, column 15
[WARNING] 
[WARNING] Some problems were encountered while building the effective model for com.squareup.okhttp:okhttp-ws-tests:jar:3.0.0-SNAPSHOT
[WARNING] 'build.plugins.plugin.version' for org.apache.maven.plugins:maven-deploy-plugin is missing. @ com.squareup.okhttp:okhttp-ws-tests:[unknown-version], /home/travis/build/square/okhttp/okhttp-ws-tests/pom.xml, line 67, column 15
[WARNING] 
[WARNING] Some problems were encountered while building the effective model for com.squareup.okhttp:benchmarks:jar:3.0.0-SNAPSHOT
[WARNING] 'build.plugins.plugin.version' for org.codehaus.mojo:exec-maven-plugin is missing. @ com.squareup.okhttp:benchmarks:[unknown-version], /home/travis/build/square/okhttp/benchmarks/pom.xml, line 74, column 15
[WARNING] 
[WARNING] It is highly recommended to fix these problems because they threaten the stability of your build.
[WARNING] 
[WARNING] For this reason, future Maven versions might no longer support building such malformed projects.
[WARNING] 
[INFO] ------------------------------------------------------------------------
[INFO] Reactor Build Order:
[INFO] 
[INFO] OkHttp (Parent)
[INFO] OkHttp
[INFO] OkHttp test support classes
[INFO] OkHttp Web Sockets
[INFO] MockWebServer
[INFO] OkHttp URLConnection
[INFO] OkHttp Tests
[INFO] OkHttp Android Platform Support
[INFO] OkHttp Apache HttpClient
[INFO] OkHttp Web Socket Tests
[INFO] OkHttp Logging Interceptor
[INFO] OkCurl
[INFO] Samples (Parent)
[INFO] Sample: Guide
[INFO] Sample: Crawler
[INFO] Sample: Simple Client
[INFO] Sample: Static Server
[INFO] Benchmarks
[INFO]                                                                         
[INFO] ------------------------------------------------------------------------
[INFO] Building OkHttp (Parent) 3.0.0-SNAPSHOT
[INFO] ------------------------------------------------------------------------
[INFO] 
[INFO] --- maven-enforcer-plugin:1.0:enforce (enforce-maven) @ parent ---
[INFO] 
[INFO] --- animal-sniffer-maven-plugin:1.11:check (default) @ parent ---
[INFO] Checking unresolved references to org.codehaus.mojo.signature:java16:1.1
[INFO] 
[INFO] --- maven-checkstyle-plugin:2.10:checkstyle (default) @ parent ---
[INFO] 
[INFO] --- maven-install-plugin:2.4:install (default-install) @ parent ---
[INFO] Installing /home/travis/build/square/okhttp/pom.xml to /home/travis/.m2/repository/com/squareup/okhttp/parent/3.0.0-SNAPSHOT/parent-3.0.0-SNAPSHOT.pom
[INFO]                                                                         
[INFO] ------------------------------------------------------------------------
[INFO] Building OkHttp 3.0.0-SNAPSHOT
[INFO] ------------------------------------------------------------------------
[INFO] 
[INFO] --- maven-enforcer-plugin:1.0:enforce (enforce-maven) @ okhttp ---
[INFO] 
[INFO] --- templating-maven-plugin:1.0-alpha-3:filter-sources (default) @ okhttp ---
[INFO] Using 'UTF-8' encoding to copy filtered resources.
[INFO] Copying 1 resource
[INFO] Source directory: /home/travis/build/square/okhttp/okhttp/target/generated-sources/java-templates added.
[INFO] 
[INFO] --- maven-resources-plugin:2.6:resources (default-resources) @ okhttp ---
[INFO] Using 'UTF-8' encoding to copy filtered resources.
[INFO] skip non existing resourceDirectory /home/travis/build/square/okhttp/okhttp/src/main/resources
[INFO] 
[INFO] --- maven-compiler-plugin:3.0:compile (default-compile) @ okhttp ---
[INFO] Changes detected - recompiling the module!
[INFO] Compiling 80 source files to /home/travis/build/square/okhttp/okhttp/target/classes
[INFO] -------------------------------------------------------------
[WARNING] COMPILATION WARNING : 
[INFO] -------------------------------------------------------------
[WARNING] /home/travis/build/square/okhttp/okhttp/src/main/java/com/squareup/okhttp/internal/Util.java: Some input files use unchecked or unsafe operations.
[WARNING] /home/travis/build/square/okhttp/okhttp/src/main/java/com/squareup/okhttp/internal/Util.java: Recompile with -Xlint:unchecked for details.
[INFO] 2 warnings 
[INFO] -------------------------------------------------------------
[INFO] -------------------------------------------------------------
[ERROR] COMPILATION ERROR : 
[INFO] -------------------------------------------------------------
[ERROR] /home/travis/build/square/okhttp/okhttp/src/main/java/com/squareup/okhttp/internal/http/HttpEngine.java:[680,53] cannot find symbol
  symbol:   method getUriHost()
  location: variable address of type com.squareup.okhttp.Address
[ERROR] /home/travis/build/square/okhttp/okhttp/src/main/java/com/squareup/okhttp/internal/http/HttpEngine.java:[681,51] cannot find symbol
  symbol:   method getUriPort()
  location: variable address of type com.squareup.okhttp.Address
[ERROR] /home/travis/build/square/okhttp/okhttp/src/main/java/com/squareup/okhttp/internal/io/RealConnection.java:[178,29] cannot find symbol
  symbol:   method getUriHost()
  location: variable address of type com.squareup.okhttp.Address
[ERROR] /home/travis/build/square/okhttp/okhttp/src/main/java/com/squareup/okhttp/internal/io/RealConnection.java:[178,51] cannot find symbol
  symbol:   method getUriPort()
  location: variable address of type com.squareup.okhttp.Address
[ERROR] /home/travis/build/square/okhttp/okhttp/src/main/java/com/squareup/okhttp/internal/io/RealConnection.java:[184,31] cannot find symbol
  symbol:   method getUriHost()
  location: variable address of type com.squareup.okhttp.Address
[ERROR] /home/travis/build/square/okhttp/okhttp/src/main/java/com/squareup/okhttp/internal/io/RealConnection.java:[192,56] cannot find symbol
  symbol:   method getUriHost()
  location: variable address of type com.squareup.okhttp.Address
[ERROR] /home/travis/build/square/okhttp/okhttp/src/main/java/com/squareup/okhttp/internal/io/RealConnection.java:[194,67] cannot find symbol
  symbol:   method getUriHost()
  location: variable address of type com.squareup.okhttp.Address
[ERROR] /home/travis/build/square/okhttp/okhttp/src/main/java/com/squareup/okhttp/internal/io/RealConnection.java:[201,51] cannot find symbol
  symbol:   method getUriHost()
  location: variable address of type com.squareup.okhttp.Address
[ERROR] /home/travis/build/square/okhttp/okhttp/src/main/java/com/squareup/okhttp/internal/http/RouteSelector.java:[137,57] cannot find symbol
  symbol:   method getUriHost()
  location: variable address of type com.squareup.okhttp.Address
[ERROR] /home/travis/build/square/okhttp/okhttp/src/main/java/com/squareup/okhttp/internal/http/RouteSelector.java:[153,27] cannot find symbol
  symbol:   method getUriHost()
  location: variable address of type com.squareup.okhttp.Address
[ERROR] /home/travis/build/square/okhttp/okhttp/src/main/java/com/squareup/okhttp/internal/http/RouteSelector.java:[154,27] cannot find symbol
  symbol:   method getUriPort()
  location: variable address of type com.squareup.okhttp.Address
[ERROR] /home/travis/build/square/okhttp/okhttp/src/main/java/com/squareup/okhttp/internal/http/RouteSelector.java:[211,57] cannot find symbol
  symbol:   method getUriHost()
  location: variable address of type com.squareup.okhttp.Address
[INFO] 12 errors 
[INFO] -------------------------------------------------------------
[INFO] ------------------------------------------------------------------------
[INFO] Reactor Summary:
[INFO] 
[INFO] OkHttp (Parent) .................................... SUCCESS [  2.625 s]
[INFO] OkHttp ............................................. FAILURE [  7.440 s]
[INFO] OkHttp test support classes ........................ SKIPPED
[INFO] OkHttp Web Sockets ................................. SKIPPED
[INFO] MockWebServer ...................................... SKIPPED
[INFO] OkHttp URLConnection ............................... SKIPPED
[INFO] OkHttp Tests ....................................... SKIPPED
[INFO] OkHttp Android Platform Support .................... SKIPPED
[INFO] OkHttp Apache HttpClient ........................... SKIPPED
[INFO] OkHttp Web Socket Tests ............................ SKIPPED
[INFO] OkHttp Logging Interceptor ......................... SKIPPED
[INFO] OkCurl ............................................. SKIPPED
[INFO] Samples (Parent) ................................... SKIPPED
[INFO] Sample: Guide ...................................... SKIPPED
[INFO] Sample: Crawler .................................... SKIPPED
[INFO] Sample: Simple Client .............................. SKIPPED
[INFO] Sample: Static Server .............................. SKIPPED
[INFO] Benchmarks ......................................... SKIPPED
[INFO] ------------------------------------------------------------------------
[INFO] BUILD FAILURE
[INFO] ------------------------------------------------------------------------
[INFO] Total time: 10.616 s
[INFO] Finished at: 2015-12-14T11:45:09+00:00
[INFO] Final Memory: 25M/358M
[INFO] ------------------------------------------------------------------------
[ERROR] Failed to execute goal org.apache.maven.plugins:maven-compiler-plugin:3.0:compile (default-compile) on project okhttp: Compilation failure: Compilation failure:
[ERROR] /home/travis/build/square/okhttp/okhttp/src/main/java/com/squareup/okhttp/internal/http/HttpEngine.java:[680,53] cannot find symbol
[ERROR] symbol:   method getUriHost()
[ERROR] location: variable address of type com.squareup.okhttp.Address
[ERROR] /home/travis/build/square/okhttp/okhttp/src/main/java/com/squareup/okhttp/internal/http/HttpEngine.java:[681,51] cannot find symbol
[ERROR] symbol:   method getUriPort()
[ERROR] location: variable address of type com.squareup.okhttp.Address
[ERROR] /home/travis/build/square/okhttp/okhttp/src/main/java/com/squareup/okhttp/internal/io/RealConnection.java:[178,29] cannot find symbol
[ERROR] symbol:   method getUriHost()
[ERROR] location: variable address of type com.squareup.okhttp.Address
[ERROR] /home/travis/build/square/okhttp/okhttp/src/main/java/com/squareup/okhttp/internal/io/RealConnection.java:[178,51] cannot find symbol
[ERROR] symbol:   method getUriPort()
[ERROR] location: variable address of type com.squareup.okhttp.Address
[ERROR] /home/travis/build/square/okhttp/okhttp/src/main/java/com/squareup/okhttp/internal/io/RealConnection.java:[184,31] cannot find symbol
[ERROR] symbol:   method getUriHost()
[ERROR] location: variable address of type com.squareup.okhttp.Address
[ERROR] /home/travis/build/square/okhttp/okhttp/src/main/java/com/squareup/okhttp/internal/io/RealConnection.java:[192,56] cannot find symbol
[ERROR] symbol:   method getUriHost()
[ERROR] location: variable address of type com.squareup.okhttp.Address
[ERROR] /home/travis/build/square/okhttp/okhttp/src/main/java/com/squareup/okhttp/internal/io/RealConnection.java:[194,67] cannot find symbol
[ERROR] symbol:   method getUriHost()
[ERROR] location: variable address of type com.squareup.okhttp.Address
[ERROR] /home/travis/build/square/okhttp/okhttp/src/main/java/com/squareup/okhttp/internal/io/RealConnection.java:[201,51] cannot find symbol
[ERROR] symbol:   method getUriHost()
[ERROR] location: variable address of type com.squareup.okhttp.Address
[ERROR] /home/travis/build/square/okhttp/okhttp/src/main/java/com/squareup/okhttp/internal/http/RouteSelector.java:[137,57] cannot find symbol
[ERROR] symbol:   method getUriHost()
[ERROR] location: variable address of type com.squareup.okhttp.Address
[ERROR] /home/travis/build/square/okhttp/okhttp/src/main/java/com/squareup/okhttp/internal/http/RouteSelector.java:[153,27] cannot find symbol
[ERROR] symbol:   method getUriHost()
[ERROR] location: variable address of type com.squareup.okhttp.Address
[ERROR] /home/travis/build/square/okhttp/okhttp/src/main/java/com/squareup/okhttp/internal/http/RouteSelector.java:[154,27] cannot find symbol
[ERROR] symbol:   method getUriPort()
[ERROR] location: variable address of type com.squareup.okhttp.Address
[ERROR] /home/travis/build/square/okhttp/okhttp/src/main/java/com/squareup/okhttp/internal/http/RouteSelector.java:[211,57] cannot find symbol
[ERROR] symbol:   method getUriHost()
[ERROR] location: variable address of type com.squareup.okhttp.Address
[ERROR] -> [Help 1]
[ERROR] 
[ERROR] To see the full stack trace of the errors, re-run Maven with the -e switch.
[ERROR] Re-run Maven using the -X switch to enable full debug logging.
[ERROR] 
[ERROR] For more information about the errors and possible solutions, please read the following articles:
[ERROR] [Help 1] http://cwiki.apache.org/confluence/display/MAVEN/MojoFailureException
[ERROR] 
[ERROR] After correcting the problems, you can resume the build with the command
[ERROR]   mvn <goals> -rf :okhttp

[31;1mThe command "eval mvn install -DskipTests=true -Dmaven.javadoc.skip=true -B -V" failed 3 times.[0m

travis_time:end:088ba194:start=1450093455415376489,finish=1450093517981519726,duration=62566143237[0K
[31;1mThe command "mvn install -DskipTests=true -Dmaven.javadoc.skip=true -B -V" failed and exited with 1 during .[0m

Your build has been stopped.
