Using worker: worker-linux-docker-d95eba21.prod.travis-ci.org:travis-linux-8

travis_fold:start:system_info[0K[33;1mBuild system information[0m
Build language: java
Build group: stable
Build dist: precise
[34m[1mBuild image provisioning date and time[0m
Thu Feb  5 15:09:33 UTC 2015
[34m[1mOperating System Details[0m
Distributor ID:	Ubuntu
Description:	Ubuntu 12.04.5 LTS
Release:	12.04
Codename:	precise
[34m[1mLinux Version[0m
3.13.0-29-generic
[34m[1mCookbooks Version[0m
a68419e https://github.com/travis-ci/travis-cookbooks/tree/a68419e
[34m[1mGCC version[0m
gcc (Ubuntu/Linaro 4.6.3-1ubuntu5) 4.6.3
Copyright (C) 2011 Free Software Foundation, Inc.
This is free software; see the source for copying conditions.  There is NO
warranty; not even for MERCHANTABILITY or FITNESS FOR A PARTICULAR PURPOSE.

[34m[1mLLVM version[0m
clang version 3.4 (tags/RELEASE_34/final)
Target: x86_64-unknown-linux-gnu
Thread model: posix
[34m[1mPre-installed Ruby versions[0m
ruby-1.9.3-p551
[34m[1mPre-installed Node.js versions[0m
v0.10.36
[34m[1mPre-installed Go versions[0m
1.4.1
[34m[1mRedis version[0m
redis-server 2.8.19
[34m[1mriak version[0m
2.0.2
[34m[1mMongoDB version[0m
MongoDB 2.4.12
[34m[1mCouchDB version[0m
couchdb 1.6.1
[34m[1mNeo4j version[0m
1.9.4
[34m[1mRabbitMQ Version[0m
3.4.3
[34m[1mElasticSearch version[0m
1.4.0
[34m[1mInstalled Sphinx versions[0m
2.0.10
2.1.9
2.2.6
[34m[1mDefault Sphinx version[0m
2.2.6
[34m[1mInstalled Firefox version[0m
firefox 31.0esr
[34m[1mPhantomJS version[0m
1.9.8
[34m[1mant -version[0m
Apache Ant(TM) version 1.8.2 compiled on December 3 2011
[34m[1mmvn -version[0m
Apache Maven 3.2.5 (12a6b3acb947671f09b81f49094c53f426d8cea1; 2014-12-14T17:29:23+00:00)
Maven home: /usr/local/maven
Java version: 1.7.0_76, vendor: Oracle Corporation
Java home: /usr/lib/jvm/java-7-oracle/jre
Default locale: en_US, platform encoding: ANSI_X3.4-1968
OS name: "linux", version: "3.13.0-29-generic", arch: "amd64", family: "unix"
travis_fold:end:system_info[0K
travis_fold:start:fix.CVE-2015-7547[0K$ export DEBIAN_FRONTEND=noninteractive
W: Size of file /var/lib/apt/lists/us.archive.ubuntu.com_ubuntu_dists_precise-backports_multiverse_source_Sources.gz is not what the server reported 5886 5888
W: Size of file /var/lib/apt/lists/ppa.launchpad.net_ubuntugis_ppa_ubuntu_dists_precise_main_binary-amd64_Packages.gz is not what the server reported 36669 36677
W: Size of file /var/lib/apt/lists/ppa.launchpad.net_ubuntugis_ppa_ubuntu_dists_precise_main_binary-i386_Packages.gz is not what the server reported 36729 36733
Reading package lists...
Building dependency tree...
Reading state information...
The following extra packages will be installed:
  libc-bin libc-dev-bin libc6-dev
Suggested packages:
  glibc-doc
The following packages will be upgraded:
  libc-bin libc-dev-bin libc6 libc6-dev
4 upgraded, 0 newly installed, 0 to remove and 236 not upgraded.
Need to get 8,844 kB of archives.
After this operation, 9,216 B disk space will be freed.
Get:1 http://us.archive.ubuntu.com/ubuntu/ precise-updates/main libc6-dev amd64 2.15-0ubuntu10.13 [2,943 kB]
Get:2 http://us.archive.ubuntu.com/ubuntu/ precise-updates/main libc-dev-bin amd64 2.15-0ubuntu10.13 [84.7 kB]
Get:3 http://us.archive.ubuntu.com/ubuntu/ precise-updates/main libc-bin amd64 2.15-0ubuntu10.13 [1,179 kB]
Get:4 http://us.archive.ubuntu.com/ubuntu/ precise-updates/main libc6 amd64 2.15-0ubuntu10.13 [4,637 kB]
Fetched 8,844 kB in 0s (36.3 MB/s)
Preconfiguring packages ...
(Reading database ... (Reading database ... 5%(Reading database ... 10%(Reading database ... 15%(Reading database ... 20%(Reading database ... 25%(Reading database ... 30%(Reading database ... 35%(Reading database ... 40%(Reading database ... 45%(Reading database ... 50%(Reading database ... 55%(Reading database ... 60%(Reading database ... 65%(Reading database ... 70%(Reading database ... 75%(Reading database ... 80%(Reading database ... 85%(Reading database ... 90%(Reading database ... 95%(Reading database ... 100%(Reading database ... 72019 files and directories currently installed.)
Preparing to replace libc6-dev 2.15-0ubuntu10.10 (using .../libc6-dev_2.15-0ubuntu10.13_amd64.deb) ...
Unpacking replacement libc6-dev ...
Preparing to replace libc-dev-bin 2.15-0ubuntu10.10 (using .../libc-dev-bin_2.15-0ubuntu10.13_amd64.deb) ...
Unpacking replacement libc-dev-bin ...
Preparing to replace libc-bin 2.15-0ubuntu10.10 (using .../libc-bin_2.15-0ubuntu10.13_amd64.deb) ...
Unpacking replacement libc-bin ...
Processing triggers for man-db ...
Setting up libc-bin (2.15-0ubuntu10.13) ...
(Reading database ... (Reading database ... 5%(Reading database ... 10%(Reading database ... 15%(Reading database ... 20%(Reading database ... 25%(Reading database ... 30%(Reading database ... 35%(Reading database ... 40%(Reading database ... 45%(Reading database ... 50%(Reading database ... 55%(Reading database ... 60%(Reading database ... 65%(Reading database ... 70%(Reading database ... 75%(Reading database ... 80%(Reading database ... 85%(Reading database ... 90%(Reading database ... 95%(Reading database ... 100%(Reading database ... 72019 files and directories currently installed.)
Preparing to replace libc6 2.15-0ubuntu10.10 (using .../libc6_2.15-0ubuntu10.13_amd64.deb) ...
Unpacking replacement libc6 ...
Setting up libc6 (2.15-0ubuntu10.13) ...
Setting up libc-dev-bin (2.15-0ubuntu10.13) ...
Setting up libc6-dev (2.15-0ubuntu10.13) ...
Processing triggers for libc-bin ...
ldconfig deferred processing now taking place
travis_fold:end:fix.CVE-2015-7547[0Ktravis_fold:start:git.checkout[0Ktravis_time:start:0033dc66[0K$ git clone --depth=50 --branch=master https://github.com/stagemonitor/stagemonitor.git stagemonitor/stagemonitor
Cloning into 'stagemonitor/stagemonitor'...
remote: Counting objects: 2797, done.[K
remote: Compressing objects:   0% (1/1521)   [Kremote: Compressing objects:   1% (16/1521)   [Kremote: Compressing objects:   2% (31/1521)   [Kremote: Compressing objects:   3% (46/1521)   [Kremote: Compressing objects:   4% (61/1521)   [Kremote: Compressing objects:   5% (77/1521)   [Kremote: Compressing objects:   6% (92/1521)   [Kremote: Compressing objects:   7% (107/1521)   [Kremote: Compressing objects:   8% (122/1521)   [Kremote: Compressing objects:   9% (137/1521)   [Kremote: Compressing objects:  10% (153/1521)   [Kremote: Compressing objects:  11% (168/1521)   [Kremote: Compressing objects:  12% (183/1521)   [Kremote: Compressing objects:  13% (198/1521)   [Kremote: Compressing objects:  14% (213/1521)   [Kremote: Compressing objects:  15% (229/1521)   [Kremote: Compressing objects:  16% (244/1521)   [Kremote: Compressing objects:  17% (259/1521)   [Kremote: Compressing objects:  18% (274/1521)   [Kremote: Compressing objects:  19% (289/1521)   [Kremote: Compressing objects:  20% (305/1521)   [Kremote: Compressing objects:  21% (320/1521)   [Kremote: Compressing objects:  22% (335/1521)   [Kremote: Compressing objects:  23% (350/1521)   [Kremote: Compressing objects:  24% (366/1521)   [Kremote: Compressing objects:  25% (381/1521)   [Kremote: Compressing objects:  26% (396/1521)   [Kremote: Compressing objects:  27% (411/1521)   [Kremote: Compressing objects:  28% (426/1521)   [Kremote: Compressing objects:  29% (442/1521)   [Kremote: Compressing objects:  30% (457/1521)   [Kremote: Compressing objects:  31% (472/1521)   [Kremote: Compressing objects:  32% (487/1521)   [Kremote: Compressing objects:  33% (502/1521)   [Kremote: Compressing objects:  34% (518/1521)   [Kremote: Compressing objects:  35% (533/1521)   [Kremote: Compressing objects:  36% (548/1521)   [Kremote: Compressing objects:  37% (563/1521)   [Kremote: Compressing objects:  38% (578/1521)   [Kremote: Compressing objects:  39% (594/1521)   [Kremote: Compressing objects:  40% (609/1521)   [Kremote: Compressing objects:  41% (624/1521)   [Kremote: Compressing objects:  42% (639/1521)   [Kremote: Compressing objects:  43% (655/1521)   [Kremote: Compressing objects:  44% (670/1521)   [Kremote: Compressing objects:  45% (685/1521)   [Kremote: Compressing objects:  46% (700/1521)   [Kremote: Compressing objects:  47% (715/1521)   [Kremote: Compressing objects:  48% (731/1521)   [Kremote: Compressing objects:  49% (746/1521)   [Kremote: Compressing objects:  50% (761/1521)   [Kremote: Compressing objects:  51% (776/1521)   [Kremote: Compressing objects:  52% (791/1521)   [Kremote: Compressing objects:  53% (807/1521)   [Kremote: Compressing objects:  54% (822/1521)   [Kremote: Compressing objects:  55% (837/1521)   [Kremote: Compressing objects:  56% (852/1521)   [Kremote: Compressing objects:  57% (867/1521)   [Kremote: Compressing objects:  58% (883/1521)   [Kremote: Compressing objects:  59% (898/1521)   [Kremote: Compressing objects:  60% (913/1521)   [Kremote: Compressing objects:  61% (928/1521)   [Kremote: Compressing objects:  62% (944/1521)   [Kremote: Compressing objects:  63% (959/1521)   [Kremote: Compressing objects:  64% (974/1521)   [Kremote: Compressing objects:  65% (989/1521)   [Kremote: Compressing objects:  66% (1004/1521)   [Kremote: Compressing objects:  67% (1020/1521)   [Kremote: Compressing objects:  68% (1035/1521)   [Kremote: Compressing objects:  69% (1050/1521)   [Kremote: Compressing objects:  70% (1065/1521)   [Kremote: Compressing objects:  71% (1080/1521)   [Kremote: Compressing objects:  72% (1096/1521)   [Kremote: Compressing objects:  73% (1111/1521)   [Kremote: Compressing objects:  74% (1126/1521)   [Kremote: Compressing objects:  75% (1141/1521)   [Kremote: Compressing objects:  76% (1156/1521)   [Kremote: Compressing objects:  77% (1172/1521)   [Kremote: Compressing objects:  78% (1187/1521)   [Kremote: Compressing objects:  79% (1202/1521)   [Kremote: Compressing objects:  80% (1217/1521)   [Kremote: Compressing objects:  81% (1233/1521)   [Kremote: Compressing objects:  82% (1248/1521)   [Kremote: Compressing objects:  83% (1263/1521)   [Kremote: Compressing objects:  84% (1278/1521)   [Kremote: Compressing objects:  85% (1293/1521)   [Kremote: Compressing objects:  86% (1309/1521)   [Kremote: Compressing objects:  87% (1324/1521)   [Kremote: Compressing objects:  88% (1339/1521)   [Kremote: Compressing objects:  89% (1354/1521)   [Kremote: Compressing objects:  90% (1369/1521)   [Kremote: Compressing objects:  91% (1385/1521)   [Kremote: Compressing objects:  92% (1400/1521)   [Kremote: Compressing objects:  93% (1415/1521)   [Kremote: Compressing objects:  94% (1430/1521)   [Kremote: Compressing objects:  95% (1445/1521)   [Kremote: Compressing objects:  96% (1461/1521)   [Kremote: Compressing objects:  97% (1476/1521)   [Kremote: Compressing objects:  98% (1491/1521)   [Kremote: Compressing objects:  99% (1506/1521)   [Kremote: Compressing objects: 100% (1521/1521)   [Kremote: Compressing objects: 100% (1521/1521), done.[K
Receiving objects:   0% (1/2797)   Receiving objects:   1% (28/2797)   Receiving objects:   2% (56/2797)   Receiving objects:   3% (84/2797)   Receiving objects:   4% (112/2797)   Receiving objects:   5% (140/2797)   Receiving objects:   6% (168/2797)   Receiving objects:   7% (196/2797)   Receiving objects:   8% (224/2797)   Receiving objects:   9% (252/2797)   Receiving objects:  10% (280/2797)   Receiving objects:  11% (308/2797)   Receiving objects:  12% (336/2797)   Receiving objects:  13% (364/2797)   Receiving objects:  14% (392/2797)   Receiving objects:  15% (420/2797)   Receiving objects:  16% (448/2797)   Receiving objects:  17% (476/2797)   Receiving objects:  18% (504/2797)   Receiving objects:  19% (532/2797)   Receiving objects:  20% (560/2797)   Receiving objects:  21% (588/2797)   Receiving objects:  22% (616/2797)   Receiving objects:  23% (644/2797)   Receiving objects:  24% (672/2797)   Receiving objects:  25% (700/2797)   Receiving objects:  26% (728/2797)   Receiving objects:  27% (756/2797)   Receiving objects:  28% (784/2797)   Receiving objects:  29% (812/2797)   Receiving objects:  30% (840/2797)   Receiving objects:  31% (868/2797)   Receiving objects:  32% (896/2797)   Receiving objects:  33% (924/2797)   Receiving objects:  34% (951/2797)   Receiving objects:  35% (979/2797)   Receiving objects:  36% (1007/2797)   Receiving objects:  37% (1035/2797)   Receiving objects:  38% (1063/2797)   Receiving objects:  39% (1091/2797)   Receiving objects:  40% (1119/2797)   Receiving objects:  41% (1147/2797)   Receiving objects:  42% (1175/2797)   Receiving objects:  43% (1203/2797)   Receiving objects:  44% (1231/2797)   Receiving objects:  45% (1259/2797)   Receiving objects:  46% (1287/2797)   Receiving objects:  47% (1315/2797)   Receiving objects:  48% (1343/2797)   Receiving objects:  49% (1371/2797)   Receiving objects:  50% (1399/2797)   Receiving objects:  51% (1427/2797)   Receiving objects:  52% (1455/2797)   Receiving objects:  53% (1483/2797)   Receiving objects:  54% (1511/2797)   Receiving objects:  55% (1539/2797)   Receiving objects:  56% (1567/2797)   Receiving objects:  57% (1595/2797)   Receiving objects:  58% (1623/2797)   Receiving objects:  59% (1651/2797)   Receiving objects:  60% (1679/2797)   Receiving objects:  61% (1707/2797)   Receiving objects:  62% (1735/2797)   Receiving objects:  63% (1763/2797)   Receiving objects:  64% (1791/2797)   Receiving objects:  65% (1819/2797)   Receiving objects:  66% (1847/2797)   Receiving objects:  67% (1874/2797)   Receiving objects:  68% (1902/2797)   Receiving objects:  69% (1930/2797)   Receiving objects:  70% (1958/2797)   Receiving objects:  71% (1986/2797)   remote: Total 2797 (delta 865), reused 2298 (delta 641), pack-reused 0[K
Receiving objects:  72% (2014/2797)   Receiving objects:  73% (2042/2797)   Receiving objects:  74% (2070/2797)   Receiving objects:  75% (2098/2797)   Receiving objects:  76% (2126/2797)   Receiving objects:  77% (2154/2797)   Receiving objects:  78% (2182/2797)   Receiving objects:  79% (2210/2797)   Receiving objects:  80% (2238/2797)   Receiving objects:  81% (2266/2797)   Receiving objects:  82% (2294/2797)   Receiving objects:  83% (2322/2797)   Receiving objects:  84% (2350/2797)   Receiving objects:  85% (2378/2797)   Receiving objects:  86% (2406/2797)   Receiving objects:  87% (2434/2797)   Receiving objects:  88% (2462/2797)   Receiving objects:  89% (2490/2797)   Receiving objects:  90% (2518/2797)   Receiving objects:  91% (2546/2797)   Receiving objects:  92% (2574/2797)   Receiving objects:  93% (2602/2797)   Receiving objects:  94% (2630/2797)   Receiving objects:  95% (2658/2797)   Receiving objects:  96% (2686/2797)   Receiving objects:  97% (2714/2797)   Receiving objects:  98% (2742/2797)   Receiving objects:  99% (2770/2797)   Receiving objects: 100% (2797/2797)   Receiving objects: 100% (2797/2797), 2.25 MiB | 0 bytes/s, done.
Resolving deltas:   0% (0/865)   Resolving deltas:  10% (95/865)   Resolving deltas:  11% (96/865)   Resolving deltas:  12% (105/865)   Resolving deltas:  13% (113/865)   Resolving deltas:  14% (125/865)   Resolving deltas:  15% (130/865)   Resolving deltas:  16% (140/865)   Resolving deltas:  17% (149/865)   Resolving deltas:  18% (157/865)   Resolving deltas:  19% (165/865)   Resolving deltas:  20% (176/865)   Resolving deltas:  26% (228/865)   Resolving deltas:  27% (235/865)   Resolving deltas:  28% (243/865)   Resolving deltas:  29% (251/865)   Resolving deltas:  32% (279/865)   Resolving deltas:  34% (299/865)   Resolving deltas:  35% (304/865)   Resolving deltas:  37% (324/865)   Resolving deltas:  39% (340/865)   Resolving deltas:  40% (350/865)   Resolving deltas:  41% (360/865)   Resolving deltas:  42% (369/865)   Resolving deltas:  43% (374/865)   Resolving deltas:  44% (383/865)   Resolving deltas:  45% (390/865)   Resolving deltas:  46% (399/865)   Resolving deltas:  47% (415/865)   Resolving deltas:  48% (420/865)   Resolving deltas:  49% (430/865)   Resolving deltas:  50% (434/865)   Resolving deltas:  51% (442/865)   Resolving deltas:  52% (450/865)   Resolving deltas:  53% (459/865)   Resolving deltas:  54% (470/865)   Resolving deltas:  55% (478/865)   Resolving deltas:  57% (496/865)   Resolving deltas:  58% (502/865)   Resolving deltas:  59% (513/865)   Resolving deltas:  60% (522/865)   Resolving deltas:  61% (531/865)   Resolving deltas:  62% (543/865)   Resolving deltas:  63% (545/865)   Resolving deltas:  64% (556/865)   Resolving deltas:  65% (563/865)   Resolving deltas:  67% (586/865)   Resolving deltas:  68% (593/865)   Resolving deltas:  69% (604/865)   Resolving deltas:  70% (606/865)   Resolving deltas:  71% (616/865)   Resolving deltas:  72% (624/865)   Resolving deltas:  73% (635/865)   Resolving deltas:  74% (642/865)   Resolving deltas:  75% (649/865)   Resolving deltas:  76% (659/865)   Resolving deltas:  78% (679/865)   Resolving deltas:  79% (688/865)   Resolving deltas:  80% (696/865)   Resolving deltas:  81% (702/865)   Resolving deltas:  82% (710/865)   Resolving deltas:  83% (718/865)   Resolving deltas:  84% (727/865)   Resolving deltas:  85% (737/865)   Resolving deltas:  86% (745/865)   Resolving deltas:  87% (758/865)   Resolving deltas:  88% (762/865)   Resolving deltas:  89% (771/865)   Resolving deltas:  90% (779/865)   Resolving deltas:  91% (788/865)   Resolving deltas:  92% (799/865)   Resolving deltas:  93% (805/865)   Resolving deltas:  94% (814/865)   Resolving deltas:  95% (824/865)   Resolving deltas:  96% (833/865)   Resolving deltas:  97% (840/865)   Resolving deltas:  98% (851/865)   Resolving deltas:  99% (863/865)   Resolving deltas: 100% (865/865)   Resolving deltas: 100% (865/865), done.
Checking connectivity... done.

travis_time:end:0033dc66:start=1461171151971650643,finish=1461171152671616838,duration=699966195[0K$ cd stagemonitor/stagemonitor
$ git checkout -qf 8b760e5a5b57047c1fa2fa5565cd8386ab3ed85a
travis_fold:end:git.checkout[0K
[33;1mThis job is running on container-based infrastructure, which does not allow use of 'sudo', setuid and setguid executables.[0m
[33;1mIf you require sudo, add 'sudo: required' to your .travis.yml[0m
[33;1mSee https://docs.travis-ci.com/user/workers/container-based-infrastructure/ for details.[0m

[33;1mSetting environment variables from .travis.yml[0m
$ export GH_TOKEN=[secure]
$ export COVERITY_SCAN_TOKEN=[secure]
$ export TERM=dumb

$ jdk_switcher use oraclejdk8
Switching to Oracle JDK8 (java-8-oracle), JAVA_HOME will be set to /usr/lib/jvm/java-8-oracle
$ export TERM=dumb
travis_fold:start:cache.1[0KSetting up build cache
$ export CASHER_DIR=$HOME/.casher
travis_time:start:1b5efc93[0K$ Installing caching utilities

travis_time:end:1b5efc93:start=1461171154471398289,finish=1461171154571467113,duration=100068824[0Ktravis_time:start:0165f04e[0K
travis_time:end:0165f04e:start=1461171154576014769,finish=1461171154579115623,duration=3100854[0Ktravis_time:start:1caa7172[0K[32;1mattempting to download cache archive[0m
[32;1mfetching master/cache--jdk-oraclejdk8.tgz[0m
[32;1mfound cache[0m

travis_time:end:1caa7172:start=1461171154582670904,finish=1461171159465558184,duration=4882887280[0Ktravis_time:start:08a4e7d8[0K
travis_time:end:08a4e7d8:start=1461171159469325667,finish=1461171159472567674,duration=3242007[0Ktravis_time:start:065f5ae7[0K[32;1madding /home/travis/.m2 to cache[0m
[32;1madding /home/travis/.gradle to cache[0m

travis_time:end:065f5ae7:start=1461171159476242777,finish=1461171166880180379,duration=7403937602[0Ktravis_fold:end:cache.1[0K$ java -Xmx32m -version
java version "1.8.0_31"
Java(TM) SE Runtime Environment (build 1.8.0_31-b13)
Java HotSpot(TM) 64-Bit Server VM (build 25.31-b07, mixed mode)
$ javac -J-Xmx32m -version
javac 1.8.0_31
travis_fold:start:install[0Ktravis_time:start:0f5799a0[0K$ ./gradlew assemble --stacktrace
Incremental java compilation is an incubating feature.
:compileJava UP-TO-DATE
:processResources UP-TO-DATE
:classes UP-TO-DATE
:jar
:assemble
:stagemonitor-dispatcher:compileJava
:stagemonitor-dispatcher:compileJava - is not incremental (e.g. outputs have changed, no previous execution, etc.).
warning: [options] bootstrap class path not set in conjunction with -source 1.6
1 warning
:stagemonitor-dispatcher:processResources UP-TO-DATE
:stagemonitor-dispatcher:classes
:stagemonitor-dispatcher:jar
:stagemonitor-core:compileJava
:stagemonitor-core:compileJava - is not incremental (e.g. outputs have changed, no previous execution, etc.).
warning: [options] bootstrap class path not set in conjunction with -source 1.6
/home/travis/.gradle/caches/modules-2/files-2.1/net.bytebuddy/byte-buddy-agent/1.3.15/a7b5908bf342ae4c931794895d8139e642dc2a20/byte-buddy-agent-1.3.15.jar(net/bytebuddy/agent/ByteBuddyAgent.class): warning: Cannot find annotation method 'value()' in type 'SuppressFBWarnings': class file for edu.umd.cs.findbugs.annotations.SuppressFBWarnings not found
/home/travis/.gradle/caches/modules-2/files-2.1/net.bytebuddy/byte-buddy-agent/1.3.15/a7b5908bf342ae4c931794895d8139e642dc2a20/byte-buddy-agent-1.3.15.jar(net/bytebuddy/agent/ByteBuddyAgent.class): warning: Cannot find annotation method 'justification()' in type 'SuppressFBWarnings'
/home/travis/.gradle/caches/modules-2/files-2.1/net.bytebuddy/byte-buddy-agent/1.3.15/a7b5908bf342ae4c931794895d8139e642dc2a20/byte-buddy-agent-1.3.15.jar(net/bytebuddy/agent/ByteBuddyAgent$AttachmentProvider.class): warning: Cannot find annotation method 'value()' in type 'SuppressFBWarnings'
/home/travis/.gradle/caches/modules-2/files-2.1/net.bytebuddy/byte-buddy-agent/1.3.15/a7b5908bf342ae4c931794895d8139e642dc2a20/byte-buddy-agent-1.3.15.jar(net/bytebuddy/agent/ByteBuddyAgent$AttachmentProvider.class): warning: Cannot find annotation method 'justification()' in type 'SuppressFBWarnings'
/home/travis/.gradle/caches/modules-2/files-2.1/net.bytebuddy/byte-buddy/1.3.15/84b792906f8a7af4766a77a939feff7f792ae1c8/byte-buddy-1.3.15.jar(net/bytebuddy/dynamic/scaffold/MethodGraph$Compiler.class): warning: Cannot find annotation method 'value()' in type 'SuppressFBWarnings'
/home/travis/.gradle/caches/modules-2/files-2.1/net.bytebuddy/byte-buddy/1.3.15/84b792906f8a7af4766a77a939feff7f792ae1c8/byte-buddy-1.3.15.jar(net/bytebuddy/dynamic/scaffold/MethodGraph$Compiler.class): warning: Cannot find annotation method 'justification()' in type 'SuppressFBWarnings'
/home/travis/.gradle/caches/modules-2/files-2.1/net.bytebuddy/byte-buddy/1.3.15/84b792906f8a7af4766a77a939feff7f792ae1c8/byte-buddy-1.3.15.jar(net/bytebuddy/implementation/auxiliary/AuxiliaryType.class): warning: Cannot find annotation method 'value()' in type 'SuppressFBWarnings'
/home/travis/.gradle/caches/modules-2/files-2.1/net.bytebuddy/byte-buddy/1.3.15/84b792906f8a7af4766a77a939feff7f792ae1c8/byte-buddy-1.3.15.jar(net/bytebuddy/implementation/auxiliary/AuxiliaryType.class): warning: Cannot find annotation method 'justification()' in type 'SuppressFBWarnings'
/home/travis/.gradle/caches/modules-2/files-2.1/net.bytebuddy/byte-buddy/1.3.15/84b792906f8a7af4766a77a939feff7f792ae1c8/byte-buddy-1.3.15.jar(net/bytebuddy/ClassFileVersion.class): warning: Cannot find annotation method 'value()' in type 'SuppressFBWarnings'
/home/travis/.gradle/caches/modules-2/files-2.1/net.bytebuddy/byte-buddy/1.3.15/84b792906f8a7af4766a77a939feff7f792ae1c8/byte-buddy-1.3.15.jar(net/bytebuddy/ClassFileVersion.class): warning: Cannot find annotation method 'justification()' in type 'SuppressFBWarnings'
Note: /home/travis/build/stagemonitor/stagemonitor/stagemonitor-core/src/main/java/org/stagemonitor/core/Stagemonitor.java uses or overrides a deprecated API.
Note: Recompile with -Xlint:deprecation for details.
Note: Some input files use unchecked or unsafe operations.
Note: Recompile with -Xlint:unchecked for details.
11 warnings
:stagemonitor-core:processResources
:stagemonitor-core:classes
:stagemonitor-core:jar
:stagemonitor-requestmonitor:compileJava
:stagemonitor-requestmonitor:compileJava - is not incremental (e.g. outputs have changed, no previous execution, etc.).
warning: [options] bootstrap class path not set in conjunction with -source 1.6
/home/travis/.gradle/caches/modules-2/files-2.1/net.bytebuddy/byte-buddy/1.3.15/84b792906f8a7af4766a77a939feff7f792ae1c8/byte-buddy-1.3.15.jar(net/bytebuddy/description/type/TypeList.class): warning: Cannot find annotation method 'value()' in type 'SuppressFBWarnings': class file for edu.umd.cs.findbugs.annotations.SuppressFBWarnings not found
/home/travis/.gradle/caches/modules-2/files-2.1/net.bytebuddy/byte-buddy/1.3.15/84b792906f8a7af4766a77a939feff7f792ae1c8/byte-buddy-1.3.15.jar(net/bytebuddy/description/type/TypeList.class): warning: Cannot find annotation method 'justification()' in type 'SuppressFBWarnings'
Note: /home/travis/build/stagemonitor/stagemonitor/stagemonitor-requestmonitor/src/main/java/org/stagemonitor/requestmonitor/RequestMonitor.java uses unchecked or unsafe operations.
Note: Recompile with -Xlint:unchecked for details.
3 warnings
:stagemonitor-requestmonitor:processResources
:stagemonitor-requestmonitor:classes
:stagemonitor-requestmonitor:jar
:stagemonitor-alerting:compileJava
:stagemonitor-alerting:compileJava - is not incremental (e.g. outputs have changed, no previous execution, etc.).
warning: [options] bootstrap class path not set in conjunction with -source 1.6
1 warning
:stagemonitor-alerting:processResources
:stagemonitor-alerting:classes
:stagemonitor-alerting:jar
:stagemonitor-dispatcher:javadoc
:stagemonitor-core:javadoc/home/travis/.gradle/caches/modules-2/files-2.1/net.bytebuddy/byte-buddy-agent/1.3.15/a7b5908bf342ae4c931794895d8139e642dc2a20/byte-buddy-agent-1.3.15.jar(net/bytebuddy/agent/ByteBuddyAgent.class): warning: Cannot find annotation method 'value()' in type 'SuppressFBWarnings': class file for edu.umd.cs.findbugs.annotations.SuppressFBWarnings not found
/home/travis/.gradle/caches/modules-2/files-2.1/net.bytebuddy/byte-buddy-agent/1.3.15/a7b5908bf342ae4c931794895d8139e642dc2a20/byte-buddy-agent-1.3.15.jar(net/bytebuddy/agent/ByteBuddyAgent.class): warning: Cannot find annotation method 'justification()' in type 'SuppressFBWarnings'
/home/travis/.gradle/caches/modules-2/files-2.1/net.bytebuddy/byte-buddy-agent/1.3.15/a7b5908bf342ae4c931794895d8139e642dc2a20/byte-buddy-agent-1.3.15.jar(net/bytebuddy/agent/ByteBuddyAgent$AttachmentProvider.class): warning: Cannot find annotation method 'value()' in type 'SuppressFBWarnings'
/home/travis/.gradle/caches/modules-2/files-2.1/net.bytebuddy/byte-buddy-agent/1.3.15/a7b5908bf342ae4c931794895d8139e642dc2a20/byte-buddy-agent-1.3.15.jar(net/bytebuddy/agent/ByteBuddyAgent$AttachmentProvider.class): warning: Cannot find annotation method 'justification()' in type 'SuppressFBWarnings'
/home/travis/build/stagemonitor/stagemonitor/stagemonitor-core/src/main/java/org/stagemonitor/core/instrument/StagemonitorByteBuddyTransformer.java:169: warning - @return tag cannot be used in method with void return type.
/home/travis/build/stagemonitor/stagemonitor/stagemonitor-core/src/main/java/org/stagemonitor/core/StagemonitorConfigurationSourceInitializer.java:33: warning - @param argument "configInitializedArguments@throws" is not a parameter name.
/home/travis/build/stagemonitor/stagemonitor/stagemonitor-core/src/main/java/org/stagemonitor/core/metrics/MetricNameFilter.java:18: warning - @return tag has no arguments.
/home/travis/build/stagemonitor/stagemonitor/stagemonitor-core/src/main/java/org/stagemonitor/core/metrics/MetricNameFilter.java:27: warning - @return tag has no arguments.
/home/travis/build/stagemonitor/stagemonitor/stagemonitor-core/src/main/java/org/stagemonitor/core/metrics/MetricNameFilter.java:37: warning - @return tag has no arguments.
/home/travis/build/stagemonitor/stagemonitor/stagemonitor-core/src/main/java/org/stagemonitor/core/metrics/MonitorGauges.java:24: warning - @{@link is an unknown tag.
/home/travis/build/stagemonitor/stagemonitor/stagemonitor-core/src/main/java/org/stagemonitor/core/util/MBeanUtils.java:73: warning - @param argument "name" is not a parameter name.
/home/travis/build/stagemonitor/stagemonitor/stagemonitor-core/src/main/java/org/stagemonitor/core/util/MBeanUtils.java:73: warning - @param argument "query" is not a parameter name.

12 warnings
:stagemonitor-requestmonitor:javadoc/home/travis/.gradle/caches/modules-2/files-2.1/net.bytebuddy/byte-buddy/1.3.15/84b792906f8a7af4766a77a939feff7f792ae1c8/byte-buddy-1.3.15.jar(net/bytebuddy/description/type/TypeList.class): warning: Cannot find annotation method 'value()' in type 'SuppressFBWarnings': class file for edu.umd.cs.findbugs.annotations.SuppressFBWarnings not found
/home/travis/.gradle/caches/modules-2/files-2.1/net.bytebuddy/byte-buddy/1.3.15/84b792906f8a7af4766a77a939feff7f792ae1c8/byte-buddy-1.3.15.jar(net/bytebuddy/description/type/TypeList.class): warning: Cannot find annotation method 'justification()' in type 'SuppressFBWarnings'
/home/travis/build/stagemonitor/stagemonitor/stagemonitor-requestmonitor/src/main/java/org/stagemonitor/requestmonitor/MonitoredRequest.java:27: warning - Tag @link: reference not found: javax.servlet.http.HttpServletRequest#getParameterMap()
/home/travis/build/stagemonitor/stagemonitor/stagemonitor-requestmonitor/src/main/java/org/stagemonitor/requestmonitor/MonitoredRequest.java:27: warning - Tag @link: reference not found: javax.servlet.http.HttpServletRequest#getParameterMap()

4 warnings
:stagemonitor-alerting:javadoc/home/travis/build/stagemonitor/stagemonitor/stagemonitor-alerting/src/main/java/org/stagemonitor/alerting/check/Threshold.java:109: warning - @return tag has no arguments.

1 warning
:stagemonitor-alerting:javadocJar
:stagemonitor-alerting:shadowJar
:stagemonitor-alerting:sourcesJar
:stagemonitor-alerting:signArchives SKIPPED
:stagemonitor-alerting:assemble
:stagemonitor-ehcache:compileJava
:stagemonitor-ehcache:compileJava - is not incremental (e.g. outputs have changed, no previous execution, etc.).
warning: [options] bootstrap class path not set in conjunction with -source 1.6
1 warning
:stagemonitor-ehcache:processResources
:stagemonitor-ehcache:classes
:stagemonitor-ehcache:jar
:stagemonitor-jdbc:compileJava
:stagemonitor-jdbc:compileJava - is not incremental (e.g. outputs have changed, no previous execution, etc.).
warning: [options] bootstrap class path not set in conjunction with -source 1.6
1 warning
:stagemonitor-jdbc:processResources
:stagemonitor-jdbc:classes
:stagemonitor-jdbc:jar
:stagemonitor-jvm:compileJava
:stagemonitor-jvm:compileJava - is not incremental (e.g. outputs have changed, no previous execution, etc.).
warning: [options] bootstrap class path not set in conjunction with -source 1.6
1 warning
:stagemonitor-jvm:processResources
:stagemonitor-jvm:classes
:stagemonitor-jvm:jar
:stagemonitor-logging:compileJava
:stagemonitor-logging:compileJava - is not incremental (e.g. outputs have changed, no previous execution, etc.).
warning: [options] bootstrap class path not set in conjunction with -source 1.6
1 warning
:stagemonitor-logging:processResources
:stagemonitor-logging:classes
:stagemonitor-logging:jar
:stagemonitor-web:compileJava
:stagemonitor-web:compileJava - is not incremental (e.g. outputs have changed, no previous execution, etc.).
warning: [options] bootstrap class path not set in conjunction with -source 1.6
Note: /home/travis/build/stagemonitor/stagemonitor/stagemonitor-web/src/main/java/org/stagemonitor/web/monitor/filter/HttpServletResponseBufferWrapper.java uses or overrides a deprecated API.
Note: Recompile with -Xlint:deprecation for details.
1 warning
:stagemonitor-web:processResources
:stagemonitor-web:classes
:stagemonitor-web:jar
:stagemonitor-benchmark:compileJava UP-TO-DATE
:stagemonitor-benchmark:processResources UP-TO-DATE
:stagemonitor-benchmark:classes UP-TO-DATE
:stagemonitor-benchmark:jar
:stagemonitor-benchmark:assemble
:stagemonitor-core:javadocJar
:stagemonitor-core:shadowJar
:stagemonitor-core:sourcesJar
:stagemonitor-core:signArchives SKIPPED
:stagemonitor-core:assemble
:stagemonitor-dispatcher:javadocJar
:stagemonitor-dispatcher:shadowJar
:stagemonitor-dispatcher:sourcesJar
:stagemonitor-dispatcher:signArchives SKIPPED
:stagemonitor-dispatcher:assemble
:stagemonitor-ehcache:javadoc
:stagemonitor-ehcache:javadocJar
:stagemonitor-ehcache:shadowJar
:stagemonitor-ehcache:sourcesJar
:stagemonitor-ehcache:signArchives SKIPPED
:stagemonitor-ehcache:assemble
:stagemonitor-jdbc:javadoc
:stagemonitor-jdbc:javadocJar
:stagemonitor-jdbc:shadowJar
:stagemonitor-jdbc:sourcesJar
:stagemonitor-jdbc:signArchives SKIPPED
:stagemonitor-jdbc:assemble
:stagemonitor-jvm:javadoc
:stagemonitor-jvm:javadocJar
:stagemonitor-jvm:shadowJar
:stagemonitor-jvm:sourcesJar
:stagemonitor-jvm:signArchives SKIPPED
:stagemonitor-jvm:assemble
:stagemonitor-logging:javadoc
:stagemonitor-logging:javadocJar
:stagemonitor-logging:shadowJar
:stagemonitor-logging:sourcesJar
:stagemonitor-logging:signArchives SKIPPED
:stagemonitor-logging:assemble
:stagemonitor-os:compileJava
:stagemonitor-os:compileJava - is not incremental (e.g. outputs have changed, no previous execution, etc.).
warning: [options] bootstrap class path not set in conjunction with -source 1.6
1 warning
:stagemonitor-os:processResources
:stagemonitor-os:classes
:stagemonitor-os:jar
:stagemonitor-os:startScripts
:stagemonitor-os:distTar
:stagemonitor-os:distZip
:stagemonitor-os:javadoc/home/travis/build/stagemonitor/stagemonitor/stagemonitor-os/src/main/java/org/stagemonitor/os/metrics/AbstractSigarMetricSet.java:39: warning - Tag @link: reference not found: T
/home/travis/build/stagemonitor/stagemonitor/stagemonitor-os/src/main/java/org/stagemonitor/os/metrics/AbstractSigarMetricSet.java:39: warning - Tag @link: reference not found: T
/home/travis/build/stagemonitor/stagemonitor/stagemonitor-os/src/main/java/org/stagemonitor/os/metrics/AbstractSigarMetricSet.java:39: warning - Tag @link: reference not found: T
/home/travis/build/stagemonitor/stagemonitor/stagemonitor-os/src/main/java/org/stagemonitor/os/SigarNativeBindingLoader.java:80: warning - Tag @see cannot be used in inline documentation.  It can only be used in the following types of documentation: overview, package, class/interface, constructor, field, method.
/home/travis/build/stagemonitor/stagemonitor/stagemonitor-os/src/main/java/org/stagemonitor/os/metrics/AbstractSigarMetricSet.java:39: warning - Tag @link: reference not found: T

5 warnings
:stagemonitor-os:javadocJar
:stagemonitor-os:shadowJar
:stagemonitor-os:sourcesJar
:stagemonitor-os:signArchives SKIPPED
:stagemonitor-os:assemble
:stagemonitor-requestmonitor:javadocJar
:stagemonitor-requestmonitor:shadowJar
:stagemonitor-requestmonitor:sourcesJar
:stagemonitor-requestmonitor:signArchives SKIPPED
:stagemonitor-requestmonitor:assemble
:stagemonitor-web:javadoc/home/travis/build/stagemonitor/stagemonitor/stagemonitor-web/src/main/java/org/stagemonitor/web/monitor/filter/HtmlInjector.java:36: warning - @return tag cannot be used in method with void return type.

1 warning
:stagemonitor-web:javadocJar
:stagemonitor-web:shadowJar
:stagemonitor-web:sourcesJar
:stagemonitor-web:signArchives SKIPPED
:stagemonitor-web:assemble

BUILD SUCCESSFUL

Total time: 1 mins 23.315 secs

travis_time:end:0f5799a0:start=1461171167278712904,finish=1461171251000025363,duration=83721312459[0Ktravis_fold:end:install[0Kcoverity_scan:start$ export PROJECT_NAME=stagemonitor/stagemonitor
coverity_scan:endtravis_time:start:18aceada[0K$ ./gradlew test
Incremental java compilation is an incubating feature.
:compileJava UP-TO-DATE
:processResources UP-TO-DATE
:classes UP-TO-DATE
:instrument SKIPPED
:copyCoberturaDatafile SKIPPED
:compileTestJava UP-TO-DATE
:processTestResources UP-TO-DATE
:testClasses UP-TO-DATE
:stagemonitor-dispatcher:compileJava UP-TO-DATE
:stagemonitor-dispatcher:processResources UP-TO-DATE
:stagemonitor-dispatcher:classes UP-TO-DATE
:stagemonitor-dispatcher:jar
:stagemonitor-core:compileJava
None of the classes needs to be compiled! Analysis took 0.477 secs. 
:stagemonitor-core:processResources
:stagemonitor-core:classes
:stagemonitor-core:jar
:stagemonitor-requestmonitor:compileJava
None of the classes needs to be compiled! Analysis took 0.985 secs. 
:stagemonitor-requestmonitor:processResources UP-TO-DATE
:stagemonitor-requestmonitor:classes
:stagemonitor-requestmonitor:jar
:stagemonitor-alerting:compileJava
None of the classes needs to be compiled! Analysis took 0.724 secs. 
:stagemonitor-alerting:processResources UP-TO-DATE
:stagemonitor-alerting:classes
:stagemonitor-alerting:instrument SKIPPED
:stagemonitor-alerting:copyCoberturaDatafile SKIPPED
:stagemonitor-core:compileTestJava
:stagemonitor-core:compileTestJava - is not incremental (e.g. outputs have changed, no previous execution, etc.).
Note: /home/travis/build/stagemonitor/stagemonitor/stagemonitor-core/src/test/java/org/stagemonitor/core/metrics/metrics2/Metric2RegistryTest.java uses unchecked or unsafe operations.
Note: Recompile with -Xlint:unchecked for details.
:stagemonitor-core:processTestResources
:stagemonitor-core:testClasses
:stagemonitor-alerting:compileTestJava
:stagemonitor-alerting:compileTestJava - is not incremental (e.g. outputs have changed, no previous execution, etc.).
:stagemonitor-alerting:processTestResources
:stagemonitor-alerting:testClasses
:stagemonitor-alerting:test

org.stagemonitor.alerting.annotation.SlaCheckCreatingClassPathScannerTest > testTriggersResponseTimeIncident FAILED
    java.lang.AssertionError
        at org.junit.Assert.fail(Assert.java:86)
        at org.junit.Assert.assertTrue(Assert.java:41)
        at org.junit.Assert.assertNotNull(Assert.java:712)
        at org.junit.Assert.assertNotNull(Assert.java:722)
        at org.stagemonitor.alerting.annotation.SlaCheckCreatingClassPathScannerTest.testTriggersResponseTimeIncident(SlaCheckCreatingClassPathScannerTest.java:98)

org.stagemonitor.alerting.annotation.SlaCheckCreatingClassPathScannerTest > testSlaCreatesChecks FAILED
    java.lang.AssertionError: []
        at org.junit.Assert.fail(Assert.java:88)
        at org.junit.Assert.assertTrue(Assert.java:41)
        at org.junit.Assert.assertNotNull(Assert.java:712)
        at org.stagemonitor.alerting.annotation.SlaCheckCreatingClassPathScannerTest.testSlaCreatesChecks(SlaCheckCreatingClassPathScannerTest.java:66)

org.stagemonitor.alerting.annotation.SlaCheckCreatingClassPathScannerTest > testTriggersErrorRateIncident FAILED
    java.lang.AssertionError
        at org.junit.Assert.fail(Assert.java:86)
        at org.junit.Assert.assertTrue(Assert.java:41)
        at org.junit.Assert.assertNotNull(Assert.java:712)
        at org.junit.Assert.assertNotNull(Assert.java:722)
        at org.stagemonitor.alerting.annotation.SlaCheckCreatingClassPathScannerTest.testTriggersErrorRateIncident(SlaCheckCreatingClassPathScannerTest.java:112)

33 tests completed, 3 failed
:stagemonitor-alerting:test FAILED
:stagemonitor-alerting:generateCoberturaReport SKIPPED
:stagemonitor-alerting:performCoverageCheck SKIPPED

FAILURE: Build failed with an exception.

* What went wrong:
Execution failed for task ':stagemonitor-alerting:test'.
> There were failing tests. See the report at: file:///home/travis/build/stagemonitor/stagemonitor/stagemonitor-alerting/build/reports/tests/index.html

* Try:
Run with --stacktrace option to get the stack trace. Run with --info or --debug option to get more log output.

BUILD FAILED

Total time: 47.88 secs

travis_time:end:18aceada:start=1461171251029615169,finish=1461171299312518698,duration=48282903529[0K
[31;1mThe command "./gradlew test" exited with 1.[0m
travis_fold:start:cache.2[0Kstore build cache
travis_time:start:0b083eb0[0K
travis_time:end:0b083eb0:start=1461171299317098565,finish=1461171299320465642,duration=3367077[0Ktravis_time:start:006adec8[0K[32;1mchange detected:
/home/travis/.gradle/caches/2.12/classAnalysis/cache.properties.lock
/home/travis/.gradle/caches/2.12/classAnalysis/classAnalysis.bin
/home/travis/.gradle/caches/2.12/jarSnapshots/cache.properties.lock
/home/travis/.gradle/caches/2.12/jarSnapshots/jarSnapshots.bin
/home/travis/.gradle/caches/2.12/plugin-resolution/cache.properties.lock
/home/travis/.gradle/caches/modules-2/modules-2.lock

[0m
[32;1mchanges detected, packing new archive[0m
.
.
.
[32;1muploading archive[0m

travis_time:end:006adec8:start=1461171299324376430,finish=1461171331828762564,duration=32504386134[0Ktravis_fold:end:cache.2[0K
Done. Your build exited with 1.
