Using worker: worker-linux-docker-7180d998.prod.travis-ci.org:travis-linux-6

travis_fold:start:system_info[0K[33;1mBuild system information[0m
Build language: java
[34m[1mBuild image provisioning date and time[0m
Thu Feb  5 15:09:33 UTC 2015
[34m[1mOperating System Details[0m
Distributor ID:	Ubuntu
Description:	Ubuntu 12.04.5 LTS
Release:	12.04
Codename:	precise
[34m[1mLinux Version[0m
3.13.0-29-generic
[34m[1mCookbooks Version[0m
a68419e https://github.com/travis-ci/travis-cookbooks/tree/a68419e
[34m[1mGCC version[0m
gcc (Ubuntu/Linaro 4.6.3-1ubuntu5) 4.6.3
Copyright (C) 2011 Free Software Foundation, Inc.
This is free software; see the source for copying conditions.  There is NO
warranty; not even for MERCHANTABILITY or FITNESS FOR A PARTICULAR PURPOSE.

[34m[1mLLVM version[0m
clang version 3.4 (tags/RELEASE_34/final)
Target: x86_64-unknown-linux-gnu
Thread model: posix
[34m[1mPre-installed Ruby versions[0m
ruby-1.9.3-p551
[34m[1mPre-installed Node.js versions[0m
v0.10.36
[34m[1mPre-installed Go versions[0m
1.4.1
[34m[1mRedis version[0m
redis-server 2.8.19
[34m[1mriak version[0m
2.0.2
[34m[1mMongoDB version[0m
MongoDB 2.4.12
[34m[1mCouchDB version[0m
couchdb 1.6.1
[34m[1mNeo4j version[0m
1.9.4
[34m[1mRabbitMQ Version[0m
3.4.3
[34m[1mElasticSearch version[0m
1.4.0
[34m[1mInstalled Sphinx versions[0m
2.0.10
2.1.9
2.2.6
[34m[1mDefault Sphinx version[0m
2.2.6
[34m[1mInstalled Firefox version[0m
firefox 31.0esr
[34m[1mPhantomJS version[0m
1.9.8
[34m[1mant -version[0m
Apache Ant(TM) version 1.8.2 compiled on December 3 2011
[34m[1mmvn -version[0m
Apache Maven 3.2.5 (12a6b3acb947671f09b81f49094c53f426d8cea1; 2014-12-14T17:29:23+00:00)
Maven home: /usr/local/maven
Java version: 1.7.0_76, vendor: Oracle Corporation
Java home: /usr/lib/jvm/java-7-oracle/jre
Default locale: en_US, platform encoding: ANSI_X3.4-1968
OS name: "linux", version: "3.13.0-29-generic", arch: "amd64", family: "unix"
travis_fold:end:system_info[0K
travis_fold:start:git.checkout[0Ktravis_time:start:12a781bf[0K$ git clone --depth=50 --branch=master https://github.com/checkstyle/checkstyle.git checkstyle/checkstyle
Cloning into 'checkstyle/checkstyle'...
remote: Counting objects: 2608, done.[K
remote: Compressing objects:   0% (1/1711)   [Kremote: Compressing objects:   1% (18/1711)   [Kremote: Compressing objects:   2% (35/1711)   [Kremote: Compressing objects:   3% (52/1711)   [Kremote: Compressing objects:   4% (69/1711)   [Kremote: Compressing objects:   5% (86/1711)   [Kremote: Compressing objects:   6% (103/1711)   [Kremote: Compressing objects:   7% (120/1711)   [Kremote: Compressing objects:   8% (137/1711)   [Kremote: Compressing objects:   9% (154/1711)   [Kremote: Compressing objects:  10% (172/1711)   [Kremote: Compressing objects:  11% (189/1711)   [Kremote: Compressing objects:  12% (206/1711)   [Kremote: Compressing objects:  13% (223/1711)   [Kremote: Compressing objects:  14% (240/1711)   [Kremote: Compressing objects:  15% (257/1711)   [Kremote: Compressing objects:  16% (274/1711)   [Kremote: Compressing objects:  17% (291/1711)   [Kremote: Compressing objects:  18% (308/1711)   [Kremote: Compressing objects:  19% (326/1711)   [Kremote: Compressing objects:  20% (343/1711)   [Kremote: Compressing objects:  21% (360/1711)   [Kremote: Compressing objects:  22% (377/1711)   [Kremote: Compressing objects:  23% (394/1711)   [Kremote: Compressing objects:  24% (411/1711)   [Kremote: Compressing objects:  25% (428/1711)   [Kremote: Compressing objects:  26% (445/1711)   [Kremote: Compressing objects:  27% (462/1711)   [Kremote: Compressing objects:  28% (480/1711)   [Kremote: Compressing objects:  29% (497/1711)   [Kremote: Compressing objects:  30% (514/1711)   [Kremote: Compressing objects:  31% (531/1711)   [Kremote: Compressing objects:  32% (548/1711)   [Kremote: Compressing objects:  33% (565/1711)   [Kremote: Compressing objects:  34% (582/1711)   [Kremote: Compressing objects:  35% (599/1711)   [Kremote: Compressing objects:  36% (616/1711)   [Kremote: Compressing objects:  37% (634/1711)   [Kremote: Compressing objects:  38% (651/1711)   [Kremote: Compressing objects:  39% (668/1711)   [Kremote: Compressing objects:  40% (685/1711)   [Kremote: Compressing objects:  41% (702/1711)   [Kremote: Compressing objects:  42% (719/1711)   [Kremote: Compressing objects:  43% (736/1711)   [Kremote: Compressing objects:  44% (753/1711)   [Kremote: Compressing objects:  45% (770/1711)   [Kremote: Compressing objects:  46% (788/1711)   [Kremote: Compressing objects:  47% (805/1711)   [Kremote: Compressing objects:  48% (822/1711)   [Kremote: Compressing objects:  49% (839/1711)   [Kremote: Compressing objects:  50% (856/1711)   [Kremote: Compressing objects:  51% (873/1711)   [Kremote: Compressing objects:  52% (890/1711)   [Kremote: Compressing objects:  53% (907/1711)   [Kremote: Compressing objects:  54% (924/1711)   [Kremote: Compressing objects:  55% (942/1711)   [Kremote: Compressing objects:  56% (959/1711)   [Kremote: Compressing objects:  57% (976/1711)   [Kremote: Compressing objects:  58% (993/1711)   [Kremote: Compressing objects:  59% (1010/1711)   [Kremote: Compressing objects:  60% (1027/1711)   [Kremote: Compressing objects:  61% (1044/1711)   [Kremote: Compressing objects:  62% (1061/1711)   [Kremote: Compressing objects:  63% (1078/1711)   [Kremote: Compressing objects:  64% (1096/1711)   [Kremote: Compressing objects:  65% (1113/1711)   [Kremote: Compressing objects:  66% (1130/1711)   [Kremote: Compressing objects:  67% (1147/1711)   [Kremote: Compressing objects:  68% (1164/1711)   [Kremote: Compressing objects:  69% (1181/1711)   [Kremote: Compressing objects:  70% (1198/1711)   [Kremote: Compressing objects:  71% (1215/1711)   [Kremote: Compressing objects:  72% (1232/1711)   [Kremote: Compressing objects:  73% (1250/1711)   [Kremote: Compressing objects:  74% (1267/1711)   [Kremote: Compressing objects:  75% (1284/1711)   [Kremote: Compressing objects:  76% (1301/1711)   [Kremote: Compressing objects:  77% (1318/1711)   [Kremote: Compressing objects:  78% (1335/1711)   [Kremote: Compressing objects:  79% (1352/1711)   [Kremote: Compressing objects:  80% (1369/1711)   [Kremote: Compressing objects:  81% (1386/1711)   [Kremote: Compressing objects:  82% (1404/1711)   [Kremote: Compressing objects:  83% (1421/1711)   [Kremote: Compressing objects:  84% (1438/1711)   [Kremote: Compressing objects:  85% (1455/1711)   [Kremote: Compressing objects:  86% (1472/1711)   [Kremote: Compressing objects:  87% (1489/1711)   [Kremote: Compressing objects:  88% (1506/1711)   [Kremote: Compressing objects:  89% (1523/1711)   [Kremote: Compressing objects:  90% (1540/1711)   [Kremote: Compressing objects:  91% (1558/1711)   [Kremote: Compressing objects:  92% (1575/1711)   [Kremote: Compressing objects:  93% (1592/1711)   [Kremote: Compressing objects:  94% (1609/1711)   [Kremote: Compressing objects:  95% (1626/1711)   [Kremote: Compressing objects:  96% (1643/1711)   [Kremote: Compressing objects:  97% (1660/1711)   [Kremote: Compressing objects:  98% (1677/1711)   [Kremote: Compressing objects:  99% (1694/1711)   [Kremote: Compressing objects: 100% (1711/1711)   [Kremote: Compressing objects: 100% (1711/1711), done.[K
Receiving objects:   0% (1/2608)   Receiving objects:   1% (27/2608)   Receiving objects:   2% (53/2608)   Receiving objects:   3% (79/2608)   Receiving objects:   4% (105/2608)   Receiving objects:   5% (131/2608)   Receiving objects:   6% (157/2608)   Receiving objects:   7% (183/2608)   Receiving objects:   8% (209/2608)   Receiving objects:   9% (235/2608)   Receiving objects:  10% (261/2608)   Receiving objects:  11% (287/2608)   Receiving objects:  12% (313/2608)   Receiving objects:  13% (340/2608)   Receiving objects:  14% (366/2608)   Receiving objects:  15% (392/2608)   Receiving objects:  16% (418/2608)   Receiving objects:  17% (444/2608)   Receiving objects:  18% (470/2608)   Receiving objects:  19% (496/2608)   Receiving objects:  20% (522/2608)   Receiving objects:  21% (548/2608)   Receiving objects:  22% (574/2608)   Receiving objects:  23% (600/2608)   Receiving objects:  24% (626/2608)   Receiving objects:  25% (652/2608)   Receiving objects:  26% (679/2608)   Receiving objects:  27% (705/2608)   Receiving objects:  28% (731/2608)   Receiving objects:  29% (757/2608)   Receiving objects:  30% (783/2608)   Receiving objects:  31% (809/2608)   Receiving objects:  32% (835/2608)   Receiving objects:  33% (861/2608)   Receiving objects:  34% (887/2608)   Receiving objects:  35% (913/2608)   Receiving objects:  36% (939/2608)   Receiving objects:  37% (965/2608)   Receiving objects:  38% (992/2608)   Receiving objects:  39% (1018/2608)   Receiving objects:  40% (1044/2608)   Receiving objects:  41% (1070/2608)   Receiving objects:  42% (1096/2608)   Receiving objects:  43% (1122/2608)   Receiving objects:  44% (1148/2608)   Receiving objects:  45% (1174/2608)   Receiving objects:  46% (1200/2608)   Receiving objects:  47% (1226/2608)   Receiving objects:  48% (1252/2608)   Receiving objects:  49% (1278/2608)   Receiving objects:  50% (1304/2608)   Receiving objects:  51% (1331/2608)   Receiving objects:  52% (1357/2608)   Receiving objects:  53% (1383/2608)   Receiving objects:  54% (1409/2608)   Receiving objects:  55% (1435/2608)   Receiving objects:  56% (1461/2608)   Receiving objects:  57% (1487/2608)   Receiving objects:  58% (1513/2608)   Receiving objects:  59% (1539/2608)   Receiving objects:  60% (1565/2608)   Receiving objects:  61% (1591/2608)   Receiving objects:  62% (1617/2608)   Receiving objects:  63% (1644/2608)   Receiving objects:  64% (1670/2608)   Receiving objects:  65% (1696/2608)   Receiving objects:  66% (1722/2608)   Receiving objects:  67% (1748/2608)   Receiving objects:  68% (1774/2608)   Receiving objects:  69% (1800/2608)   Receiving objects:  70% (1826/2608)   Receiving objects:  71% (1852/2608)   Receiving objects:  72% (1878/2608)   Receiving objects:  73% (1904/2608)   Receiving objects:  74% (1930/2608)   Receiving objects:  75% (1956/2608)   Receiving objects:  76% (1983/2608)   Receiving objects:  77% (2009/2608)   Receiving objects:  78% (2035/2608)   Receiving objects:  79% (2061/2608)   remote: Total 2608 (delta 999), reused 1537 (delta 544), pack-reused 0[K
Receiving objects:  80% (2087/2608)   Receiving objects:  81% (2113/2608)   Receiving objects:  82% (2139/2608)   Receiving objects:  83% (2165/2608)   Receiving objects:  84% (2191/2608)   Receiving objects:  85% (2217/2608)   Receiving objects:  86% (2243/2608)   Receiving objects:  87% (2269/2608)   Receiving objects:  88% (2296/2608)   Receiving objects:  89% (2322/2608)   Receiving objects:  90% (2348/2608)   Receiving objects:  91% (2374/2608)   Receiving objects:  92% (2400/2608)   Receiving objects:  93% (2426/2608)   Receiving objects:  94% (2452/2608)   Receiving objects:  95% (2478/2608)   Receiving objects:  96% (2504/2608)   Receiving objects:  97% (2530/2608)   Receiving objects:  98% (2556/2608)   Receiving objects:  99% (2582/2608)   Receiving objects: 100% (2608/2608)   Receiving objects: 100% (2608/2608), 3.41 MiB | 0 bytes/s, done.
Resolving deltas:   0% (0/999)   Resolving deltas:   4% (49/999)   Resolving deltas:   5% (54/999)   Resolving deltas:   6% (61/999)   Resolving deltas:   7% (71/999)   Resolving deltas:   9% (95/999)   Resolving deltas:  10% (101/999)   Resolving deltas:  11% (112/999)   Resolving deltas:  12% (122/999)   Resolving deltas:  13% (130/999)   Resolving deltas:  14% (140/999)   Resolving deltas:  15% (151/999)   Resolving deltas:  16% (160/999)   Resolving deltas:  17% (171/999)   Resolving deltas:  18% (180/999)   Resolving deltas:  19% (190/999)   Resolving deltas:  20% (201/999)   Resolving deltas:  21% (210/999)   Resolving deltas:  23% (231/999)   Resolving deltas:  24% (241/999)   Resolving deltas:  25% (250/999)   Resolving deltas:  26% (261/999)   Resolving deltas:  27% (270/999)   Resolving deltas:  28% (281/999)   Resolving deltas:  29% (290/999)   Resolving deltas:  30% (300/999)   Resolving deltas:  31% (311/999)   Resolving deltas:  32% (322/999)   Resolving deltas:  33% (332/999)   Resolving deltas:  35% (351/999)   Resolving deltas:  36% (362/999)   Resolving deltas:  37% (370/999)   Resolving deltas:  38% (381/999)   Resolving deltas:  39% (390/999)   Resolving deltas:  40% (404/999)   Resolving deltas:  41% (413/999)   Resolving deltas:  42% (424/999)   Resolving deltas:  43% (439/999)   Resolving deltas:  44% (446/999)   Resolving deltas:  45% (451/999)   Resolving deltas:  47% (474/999)   Resolving deltas:  49% (499/999)   Resolving deltas:  50% (506/999)   Resolving deltas:  51% (511/999)   Resolving deltas:  56% (566/999)   Resolving deltas:  58% (589/999)   Resolving deltas:  59% (598/999)   Resolving deltas:  60% (600/999)   Resolving deltas:  62% (620/999)   Resolving deltas:  64% (645/999)   Resolving deltas:  66% (664/999)   Resolving deltas:  67% (670/999)   Resolving deltas:  68% (686/999)   Resolving deltas:  69% (690/999)   Resolving deltas:  70% (701/999)   Resolving deltas:  71% (714/999)   Resolving deltas:  72% (721/999)   Resolving deltas:  73% (731/999)   Resolving deltas:  74% (740/999)   Resolving deltas:  75% (755/999)   Resolving deltas:  76% (761/999)   Resolving deltas:  79% (793/999)   Resolving deltas:  80% (800/999)   Resolving deltas:  81% (811/999)   Resolving deltas:  83% (837/999)   Resolving deltas:  84% (841/999)   Resolving deltas:  85% (850/999)   Resolving deltas:  86% (862/999)   Resolving deltas:  87% (870/999)   Resolving deltas:  88% (880/999)   Resolving deltas:  89% (890/999)   Resolving deltas:  90% (903/999)   Resolving deltas:  91% (911/999)   Resolving deltas:  92% (927/999)   Resolving deltas:  93% (931/999)   Resolving deltas:  94% (943/999)   Resolving deltas:  95% (959/999)   Resolving deltas:  96% (968/999)   Resolving deltas:  97% (972/999)   Resolving deltas:  98% (981/999)   Resolving deltas:  99% (992/999)   Resolving deltas: 100% (999/999)   Resolving deltas: 100% (999/999), done.
Checking connectivity... done.
travis_time:end:12a781bf:start=1444659363134468026,finish=1444659364484207968,duration=1349739942[0K$ cd checkstyle/checkstyle
$ git checkout -qf b7e931711c6cb6d522c63ae02b350fc7f3f1ab50
travis_fold:end:git.checkout[0K
[33;1mThis job is running on container-based infrastructure, which does not allow use of 'sudo', setuid and setguid executables.[0m
[33;1mIf you require sudo, add 'sudo: required' to your .travis.yml[0m
[33;1mSee http://docs.travis-ci.com/user/workers/container-based-infrastructure/ for details.[0m

[33;1mSetting environment variables from repository settings[0m
$ export CI_DEPLOY_USERNAME=[secure]
$ export CI_DEPLOY_PASSWORD=[secure]

[33;1mSetting environment variables from .travis.yml[0m
$ export DESC="checkstyle"
$ export CMD="mvn clean verify -DskipTests -DskipITs -Dpmd.skip=true -Dfindbugs.skip=true -Dcobertura.skip=true"
$ export COVERAGE_CMD=""

travis_fold:start:cache.1[0KSetting up build cache
$ export CASHER_DIR=$HOME/.casher
travis_time:start:12ceee1a[0K$ Installing caching utilities
travis_time:end:12ceee1a:start=1444659367151158014,finish=1444659367239922322,duration=88764308[0Ktravis_time:start:075079f2[0Kattempting to download cache archive
fetching master/cache--jdk-oraclejdk8.tgz
found cache
travis_time:end:075079f2:start=1444659367247366597,finish=1444659370510864732,duration=3263498135[0Ktravis_time:start:026aa0ee[0Kadding /home/travis/.m2 to cache
travis_time:end:026aa0ee:start=1444659370516247054,finish=1444659374566183519,duration=4049936465[0Ktravis_fold:end:cache.1[0K$ jdk_switcher use oraclejdk8
Switching to Oracle JDK8 (java-8-oracle), JAVA_HOME will be set to /usr/lib/jvm/java-8-oracle
$ java -Xmx32m -version
java version "1.8.0_31"
Java(TM) SE Runtime Environment (build 1.8.0_31-b13)
Java HotSpot(TM) 64-Bit Server VM (build 25.31-b07, mixed mode)
$ javac -J-Xmx32m -version
javac 1.8.0_31
travis_fold:start:install[0Ktravis_time:start:134e6a5c[0K$ 
travis_time:end:134e6a5c:start=1444659375163273581,finish=1444659375167764989,duration=4491408[0Ktravis_fold:end:install[0Ktravis_time:start:27485040[0K$ eval $CMD
Java HotSpot(TM) 64-Bit Server VM warning: ignoring option MaxPermSize=192m; support was removed in 8.0
[INFO] Scanning for projects...
[INFO]                                                                         
[INFO] ------------------------------------------------------------------------
[INFO] Building checkstyle 6.12-SNAPSHOT
[INFO] ------------------------------------------------------------------------
Downloading: https://repository.apache.org/releases/junit/junit-dep/maven-metadata.xml
Downloading: https://oss.sonatype.org/content/repositories/releases/junit/junit-dep/maven-metadata.xml
Downloading: https://nexus.codehaus.org/snapshots/junit/junit-dep/maven-metadata.xml
Downloading: https://repository.apache.org/snapshots/junit/junit-dep/maven-metadata.xml
563/563 B                           Downloaded: https://oss.sonatype.org/content/repositories/releases/junit/junit-dep/maven-metadata.xml (563 B at 0.5 KB/sec)
            [WARNING] Could not transfer metadata junit:junit-dep/maven-metadata.xml from/to codehaus-snapshots (https://nexus.codehaus.org/snapshots/): nexus.codehaus.org: unknown error
Downloading: https://oss.sonatype.org/content/repositories/releases/commons-io/commons-io/maven-metadata.xml
Downloading: https://repository.apache.org/snapshots/commons-io/commons-io/maven-metadata.xml
Downloading: https://repository.apache.org/releases/commons-io/commons-io/maven-metadata.xml
Downloading: https://nexus.codehaus.org/snapshots/commons-io/commons-io/maven-metadata.xml
                                    350/350 B               Downloaded: https://repository.apache.org/snapshots/commons-io/commons-io/maven-metadata.xml (350 B at 0.6 KB/sec)
[WARNING] Could not transfer metadata commons-io:commons-io/maven-metadata.xml from/to codehaus-snapshots (https://nexus.codehaus.org/snapshots/): nexus.codehaus.org
Downloading: https://repository.apache.org/snapshots/commons-io/commons-io/2.5-SNAPSHOT/maven-metadata.xml
Downloading: https://nexus.codehaus.org/snapshots/commons-io/commons-io/2.5-SNAPSHOT/maven-metadata.xml
            3/3 KB               Downloaded: https://repository.apache.org/snapshots/commons-io/commons-io/2.5-SNAPSHOT/maven-metadata.xml (3 KB at 4.3 KB/sec)
[WARNING] Could not transfer metadata commons-io:commons-io:2.5-SNAPSHOT/maven-metadata.xml from/to codehaus-snapshots (https://nexus.codehaus.org/snapshots/): nexus.codehaus.org
[WARNING] Failure to transfer commons-io:commons-io:2.5-SNAPSHOT/maven-metadata.xml from https://nexus.codehaus.org/snapshots/ was cached in the local repository, resolution will not be reattempted until the update interval of codehaus-snapshots has elapsed or updates are forced. Original error: Could not transfer metadata commons-io:commons-io:2.5-SNAPSHOT/maven-metadata.xml from/to codehaus-snapshots (https://nexus.codehaus.org/snapshots/): nexus.codehaus.org
Downloading: https://repository.apache.org/snapshots/commons-io/commons-io/2.6-SNAPSHOT/maven-metadata.xml
Downloading: https://nexus.codehaus.org/snapshots/commons-io/commons-io/2.6-SNAPSHOT/maven-metadata.xml
         3/3 KB            Downloaded: https://repository.apache.org/snapshots/commons-io/commons-io/2.6-SNAPSHOT/maven-metadata.xml (3 KB at 3.8 KB/sec)
[WARNING] Could not transfer metadata commons-io:commons-io:2.6-SNAPSHOT/maven-metadata.xml from/to codehaus-snapshots (https://nexus.codehaus.org/snapshots/): nexus.codehaus.org
[WARNING] Failure to transfer commons-io:commons-io:2.6-SNAPSHOT/maven-metadata.xml from https://nexus.codehaus.org/snapshots/ was cached in the local repository, resolution will not be reattempted until the update interval of codehaus-snapshots has elapsed or updates are forced. Original error: Could not transfer metadata commons-io:commons-io:2.6-SNAPSHOT/maven-metadata.xml from/to codehaus-snapshots (https://nexus.codehaus.org/snapshots/): nexus.codehaus.org
[INFO] 
[INFO] --- maven-clean-plugin:2.6.1:clean (default-clean) @ checkstyle ---
[INFO] 
[INFO] --- maven-enforcer-plugin:1.4.1:enforce (enforce-maven) @ checkstyle ---
[INFO] 
[INFO] --- maven-enforcer-plugin:1.4.1:enforce (enforce-versions) @ checkstyle ---
[INFO] 
[INFO] --- antlr-maven-plugin:2.2:generate (default) @ checkstyle ---
[INFO] performing grammar generation [java.g]
ANTLR Parser Generator   Version 2.7.7 (20060906)   1989-2005
/home/travis/build/checkstyle/checkstyle/src/main/resources/com/puppycrawl/tools/checkstyle/grammars/java.g:623:9: warning:nondeterminism between alts 1 and 2 of block upon
/home/travis/build/checkstyle/checkstyle/src/main/resources/com/puppycrawl/tools/checkstyle/grammars/java.g:623:9:     k==1:AT
/home/travis/build/checkstyle/checkstyle/src/main/resources/com/puppycrawl/tools/checkstyle/grammars/java.g:623:9:     k==2:IDENT
/home/travis/build/checkstyle/checkstyle/src/main/resources/com/puppycrawl/tools/checkstyle/grammars/java.g:770:16: warning:nondeterminism between alts 1 and 2 of block upon
/home/travis/build/checkstyle/checkstyle/src/main/resources/com/puppycrawl/tools/checkstyle/grammars/java.g:770:16:     k==1:AT
/home/travis/build/checkstyle/checkstyle/src/main/resources/com/puppycrawl/tools/checkstyle/grammars/java.g:770:16:     k==2:IDENT
/home/travis/build/checkstyle/checkstyle/src/main/resources/com/puppycrawl/tools/checkstyle/grammars/java.g:806:61: warning:nondeterminism between alts 1 and 2 of block upon
/home/travis/build/checkstyle/checkstyle/src/main/resources/com/puppycrawl/tools/checkstyle/grammars/java.g:806:61:     k==1:SEMI
/home/travis/build/checkstyle/checkstyle/src/main/resources/com/puppycrawl/tools/checkstyle/grammars/java.g:806:61:     k==2:"final","abstract","strictfp",SEMI,"void","boolean","byte","char","short","int","float","long","double",IDENT,"private","public","protected","static","transient","native","synchronized","volatile","class","interface",LCURLY,RCURLY,"default",LT,ENUM,AT
/home/travis/build/checkstyle/checkstyle/src/main/resources/com/puppycrawl/tools/checkstyle/grammars/java.g:695:9: warning:nondeterminism between alts 1 and 2 of block upon
/home/travis/build/checkstyle/checkstyle/src/main/resources/com/puppycrawl/tools/checkstyle/grammars/java.g:695:9:     k==1:AT
/home/travis/build/checkstyle/checkstyle/src/main/resources/com/puppycrawl/tools/checkstyle/grammars/java.g:695:9:     k==2:IDENT
/home/travis/build/checkstyle/checkstyle/src/main/resources/com/puppycrawl/tools/checkstyle/grammars/java.g:947: warning:Syntactic predicate superfluous for single alternative
/home/travis/build/checkstyle/checkstyle/src/main/resources/com/puppycrawl/tools/checkstyle/grammars/java.g:972:31: warning:nondeterminism between alts 1 and 2 of block upon
/home/travis/build/checkstyle/checkstyle/src/main/resources/com/puppycrawl/tools/checkstyle/grammars/java.g:972:31:     k==1:IDENT
/home/travis/build/checkstyle/checkstyle/src/main/resources/com/puppycrawl/tools/checkstyle/grammars/java.g:972:31:     k==2:LBRACK
/home/travis/build/checkstyle/checkstyle/src/main/resources/com/puppycrawl/tools/checkstyle/grammars/java.g:1027:43: warning:nondeterminism between alts 1 and 2 of block upon
/home/travis/build/checkstyle/checkstyle/src/main/resources/com/puppycrawl/tools/checkstyle/grammars/java.g:1027:43:     k==1:SEMI
/home/travis/build/checkstyle/checkstyle/src/main/resources/com/puppycrawl/tools/checkstyle/grammars/java.g:1027:43:     k==2:"final","abstract","strictfp",SEMI,"void","boolean","byte","char","short","int","float","long","double",IDENT,"private","public","protected","static","transient","native","synchronized","volatile","class",LCURLY,RCURLY,LPAREN,RPAREN,"this","super",COLON,"if","while","do","break","continue","return","switch","throw","for","else","case","default","try",PLUS,MINUS,INC,DEC,BNOT,LNOT,"true","false","null","new",NUM_INT,CHAR_LITERAL,STRING_LITERAL,NUM_FLOAT,NUM_LONG,NUM_DOUBLE,ASSERT,AT
/home/travis/build/checkstyle/checkstyle/src/main/resources/com/puppycrawl/tools/checkstyle/grammars/java.g:1127:9: warning:nondeterminism between alts 1 and 2 of block upon
/home/travis/build/checkstyle/checkstyle/src/main/resources/com/puppycrawl/tools/checkstyle/grammars/java.g:1127:9:     k==1:"default"
/home/travis/build/checkstyle/checkstyle/src/main/resources/com/puppycrawl/tools/checkstyle/grammars/java.g:1127:9:     k==2:"final","abstract","strictfp",SEMI,"void","boolean","byte","char","short","int","float","long","double",IDENT,"private","public","protected","static","transient","native","synchronized","volatile","class",LCURLY,RCURLY,LPAREN,RPAREN,"this","super",COLON,"if","while","do","break","continue","return","switch","throw","for","case","default","try",PLUS,MINUS,INC,DEC,BNOT,LNOT,"true","false","null","new",NUM_INT,CHAR_LITERAL,STRING_LITERAL,NUM_FLOAT,NUM_LONG,NUM_DOUBLE,ASSERT,AT
/home/travis/build/checkstyle/checkstyle/src/main/resources/com/puppycrawl/tools/checkstyle/grammars/java.g:1411:13: warning:nondeterminism between alts 1 and 4 of block upon
/home/travis/build/checkstyle/checkstyle/src/main/resources/com/puppycrawl/tools/checkstyle/grammars/java.g:1411:13:     k==1:IDENT,"this","super",LT
/home/travis/build/checkstyle/checkstyle/src/main/resources/com/puppycrawl/tools/checkstyle/grammars/java.g:1411:13:     k==2:"final","abstract","strictfp",SEMI,LBRACK,RBRACK,"void","boolean","byte","char","short","int","float","long","double",IDENT,DOT,STAR,"private","public","protected","static","transient","native","synchronized","volatile","class","interface",LCURLY,RCURLY,COMMA,LPAREN,RPAREN,"this","super",ASSIGN,COLON,"if","while","do","break","continue","return","switch","throw","for","else","case","default","try",PLUS_ASSIGN,MINUS_ASSIGN,STAR_ASSIGN,DIV_ASSIGN,MOD_ASSIGN,SR_ASSIGN,BSR_ASSIGN,SL_ASSIGN,BAND_ASSIGN,BXOR_ASSIGN,BOR_ASSIGN,QUESTION,LOR,LAND,BOR,BXOR,BAND,NOT_EQUAL,EQUAL,LT,GT,LE,GE,"instanceof",SL,SR,BSR,PLUS,MINUS,DIV,MOD,INC,DEC,BNOT,LNOT,"true","false","null","new",NUM_INT,CHAR_LITERAL,STRING_LITERAL,NUM_FLOAT,NUM_LONG,NUM_DOUBLE,ASSERT,ENUM,AT,DOUBLE_COLON
/home/travis/build/checkstyle/checkstyle/src/main/resources/com/puppycrawl/tools/checkstyle/grammars/java.g:1411:13: warning:nondeterminism between alts 2 and 4 of block upon
/home/travis/build/checkstyle/checkstyle/src/main/resources/com/puppycrawl/tools/checkstyle/grammars/java.g:1411:13:     k==1:"class"
/home/travis/build/checkstyle/checkstyle/src/main/resources/com/puppycrawl/tools/checkstyle/grammars/java.g:1411:13:     k==2:"final","abstract","strictfp",SEMI,LBRACK,RBRACK,"void","boolean","byte","char","short","int","float","long","double",IDENT,DOT,STAR,"private","public","protected","static","transient","native","synchronized","volatile","class","interface",LCURLY,RCURLY,COMMA,LPAREN,RPAREN,"this","super",ASSIGN,COLON,"if","while","do","break","continue","return","switch","throw","for","else","case","default","try",PLUS_ASSIGN,MINUS_ASSIGN,STAR_ASSIGN,DIV_ASSIGN,MOD_ASSIGN,SR_ASSIGN,BSR_ASSIGN,SL_ASSIGN,BAND_ASSIGN,BXOR_ASSIGN,BOR_ASSIGN,QUESTION,LOR,LAND,BOR,BXOR,BAND,NOT_EQUAL,EQUAL,LT,GT,LE,GE,"instanceof",SL,SR,BSR,PLUS,MINUS,DIV,MOD,INC,DEC,BNOT,LNOT,"true","false","null","new",NUM_INT,CHAR_LITERAL,STRING_LITERAL,NUM_FLOAT,NUM_LONG,NUM_DOUBLE,ASSERT,ENUM,AT,DOUBLE_COLON
/home/travis/build/checkstyle/checkstyle/src/main/resources/com/puppycrawl/tools/checkstyle/grammars/java.g:1411:13: warning:nondeterminism between alts 3 and 4 of block upon
/home/travis/build/checkstyle/checkstyle/src/main/resources/com/puppycrawl/tools/checkstyle/grammars/java.g:1411:13:     k==1:"new"
/home/travis/build/checkstyle/checkstyle/src/main/resources/com/puppycrawl/tools/checkstyle/grammars/java.g:1411:13:     k==2:"void","boolean","byte","char","short","int","float","long","double",IDENT,LT,AT
/home/travis/build/checkstyle/checkstyle/src/main/resources/com/puppycrawl/tools/checkstyle/grammars/java.g:1456:9: warning:nondeterminism between alts 1 and 3 of block upon
/home/travis/build/checkstyle/checkstyle/src/main/resources/com/puppycrawl/tools/checkstyle/grammars/java.g:1456:9:     k==1:INC
/home/travis/build/checkstyle/checkstyle/src/main/resources/com/puppycrawl/tools/checkstyle/grammars/java.g:1456:9:     k==2:"final","abstract","strictfp",SEMI,RBRACK,"void","boolean","byte","char","short","int","float","long","double",IDENT,STAR,"private","public","protected","static","transient","native","synchronized","volatile","class","interface",LCURLY,RCURLY,COMMA,LPAREN,RPAREN,"this","super",ASSIGN,COLON,"if","while","do","break","continue","return","switch","throw","for","else","case","default","try",PLUS_ASSIGN,MINUS_ASSIGN,STAR_ASSIGN,DIV_ASSIGN,MOD_ASSIGN,SR_ASSIGN,BSR_ASSIGN,SL_ASSIGN,BAND_ASSIGN,BXOR_ASSIGN,BOR_ASSIGN,QUESTION,LOR,LAND,BOR,BXOR,BAND,NOT_EQUAL,EQUAL,LT,GT,LE,GE,"instanceof",SL,SR,BSR,PLUS,MINUS,DIV,MOD,INC,DEC,BNOT,LNOT,"true","false","null","new",NUM_INT,CHAR_LITERAL,STRING_LITERAL,NUM_FLOAT,NUM_LONG,NUM_DOUBLE,ASSERT,ENUM,AT
/home/travis/build/checkstyle/checkstyle/src/main/resources/com/puppycrawl/tools/checkstyle/grammars/java.g:1456:9: warning:nondeterminism between alts 2 and 3 of block upon
/home/travis/build/checkstyle/checkstyle/src/main/resources/com/puppycrawl/tools/checkstyle/grammars/java.g:1456:9:     k==1:DEC
/home/travis/build/checkstyle/checkstyle/src/main/resources/com/puppycrawl/tools/checkstyle/grammars/java.g:1456:9:     k==2:"final","abstract","strictfp",SEMI,RBRACK,"void","boolean","byte","char","short","int","float","long","double",IDENT,STAR,"private","public","protected","static","transient","native","synchronized","volatile","class","interface",LCURLY,RCURLY,COMMA,LPAREN,RPAREN,"this","super",ASSIGN,COLON,"if","while","do","break","continue","return","switch","throw","for","else","case","default","try",PLUS_ASSIGN,MINUS_ASSIGN,STAR_ASSIGN,DIV_ASSIGN,MOD_ASSIGN,SR_ASSIGN,BSR_ASSIGN,SL_ASSIGN,BAND_ASSIGN,BXOR_ASSIGN,BOR_ASSIGN,QUESTION,LOR,LAND,BOR,BXOR,BAND,NOT_EQUAL,EQUAL,LT,GT,LE,GE,"instanceof",SL,SR,BSR,PLUS,MINUS,DIV,MOD,INC,DEC,BNOT,LNOT,"true","false","null","new",NUM_INT,CHAR_LITERAL,STRING_LITERAL,NUM_FLOAT,NUM_LONG,NUM_DOUBLE,ASSERT,ENUM,AT
/home/travis/build/checkstyle/checkstyle/src/main/resources/com/puppycrawl/tools/checkstyle/grammars/java.g:1534:36: warning:nondeterminism between alts 1 and 2 of block upon
/home/travis/build/checkstyle/checkstyle/src/main/resources/com/puppycrawl/tools/checkstyle/grammars/java.g:1534:36:     k==1:LCURLY
/home/travis/build/checkstyle/checkstyle/src/main/resources/com/puppycrawl/tools/checkstyle/grammars/java.g:1534:36:     k==2:"final","abstract","strictfp",SEMI,"void","boolean","byte","char","short","int","float","long","double",IDENT,"private","public","protected","static","transient","native","synchronized","volatile","class","interface",LCURLY,RCURLY,"default",LT,ENUM,AT
/home/travis/build/checkstyle/checkstyle/src/main/resources/com/puppycrawl/tools/checkstyle/grammars/java.g:1544:33: warning:nondeterminism between alts 1 and 2 of block upon
/home/travis/build/checkstyle/checkstyle/src/main/resources/com/puppycrawl/tools/checkstyle/grammars/java.g:1544:33:     k==1:LCURLY
/home/travis/build/checkstyle/checkstyle/src/main/resources/com/puppycrawl/tools/checkstyle/grammars/java.g:1544:33:     k==2:"void","boolean","byte","char","short","int","float","long","double",IDENT,LCURLY,RCURLY,COMMA,LPAREN,"this","super",PLUS,MINUS,INC,DEC,BNOT,LNOT,"true","false","null","new",NUM_INT,CHAR_LITERAL,STRING_LITERAL,NUM_FLOAT,NUM_LONG,NUM_DOUBLE
/home/travis/build/checkstyle/checkstyle/src/main/resources/com/puppycrawl/tools/checkstyle/grammars/java.g:1585: warning:nondeterminism between alts 2 and 3 of block upon
/home/travis/build/checkstyle/checkstyle/src/main/resources/com/puppycrawl/tools/checkstyle/grammars/java.g:1585:     k==1:LPAREN
/home/travis/build/checkstyle/checkstyle/src/main/resources/com/puppycrawl/tools/checkstyle/grammars/java.g:1585:     k==2:IDENT
/home/travis/build/checkstyle/checkstyle/src/main/resources/com/puppycrawl/tools/checkstyle/grammars/java.g:1587:17: warning:nondeterminism between alts 1 and 2 of block upon
/home/travis/build/checkstyle/checkstyle/src/main/resources/com/puppycrawl/tools/checkstyle/grammars/java.g:1587:17:     k==1:RPAREN
/home/travis/build/checkstyle/checkstyle/src/main/resources/com/puppycrawl/tools/checkstyle/grammars/java.g:1587:17:     k==2:LAMBDA

[INFO] 
[INFO] --- antlr4-maven-plugin:4.5.1-1:antlr4 (default) @ checkstyle ---
[INFO] ANTLR 4: Processing source directory /home/travis/build/checkstyle/checkstyle/src/main/resources
[INFO] Processing grammar: com/puppycrawl/tools/checkstyle/grammars/javadoc/JavadocLexer.g4
[INFO] Processing grammar: com/puppycrawl/tools/checkstyle/grammars/javadoc/JavadocParser.g4
[INFO] 
[INFO] --- build-helper-maven-plugin:1.9.1:add-source (add-source) @ checkstyle ---
[INFO] Source directory: /home/travis/build/checkstyle/checkstyle/target/generated-sources/antlr added.
[INFO] 
[INFO] --- maven-resources-plugin:2.7:resources (default-resources) @ checkstyle ---
[INFO] Using 'UTF-8' encoding to copy filtered resources.
[INFO] Copying 145 resources
[INFO] Copying 1 resource
[INFO] 
[INFO] --- build-helper-maven-plugin:1.9.1:add-test-source (add-test-source) @ checkstyle ---
[INFO] Test Source directory: /home/travis/build/checkstyle/checkstyle/src/test/resources added.
[INFO] 
[INFO] --- build-helper-maven-plugin:1.9.1:add-test-source (add-it-test-source) @ checkstyle ---
[INFO] Test Source directory: /home/travis/build/checkstyle/checkstyle/src/it/java added.
[INFO] 
[INFO] --- build-helper-maven-plugin:1.9.1:add-test-source (add-it-test-resource) @ checkstyle ---
[INFO] Test Source directory: /home/travis/build/checkstyle/checkstyle/src/it/resources added.
[INFO] 
[INFO] --- maven-compiler-plugin:3.3:compile (default-compile) @ checkstyle ---
[INFO] Changes detected - recompiling the module!
[INFO] Compiling 335 source files to /home/travis/build/checkstyle/checkstyle/target/classes
[INFO] /home/travis/build/checkstyle/checkstyle/src/main/java/com/puppycrawl/tools/checkstyle/checks/javadoc/JavadocMethodCheck.java: /home/travis/build/checkstyle/checkstyle/src/main/java/com/puppycrawl/tools/checkstyle/checks/javadoc/JavadocMethodCheck.java uses or overrides a deprecated API.
[INFO] /home/travis/build/checkstyle/checkstyle/src/main/java/com/puppycrawl/tools/checkstyle/checks/javadoc/JavadocMethodCheck.java: Recompile with -Xlint:deprecation for details.
[INFO] /home/travis/build/checkstyle/checkstyle/src/main/java/com/puppycrawl/tools/checkstyle/api/AutomaticBean.java: Some input files use unchecked or unsafe operations.
[INFO] /home/travis/build/checkstyle/checkstyle/src/main/java/com/puppycrawl/tools/checkstyle/api/AutomaticBean.java: Recompile with -Xlint:unchecked for details.
[INFO] 
[INFO] --- maven-antrun-plugin:1.8:run (ant-phase-compile) @ checkstyle ---
[INFO] Executing tasks

main:

execute:
[propertyfile] Creating new property file: /home/travis/build/checkstyle/checkstyle/target/classes/checkstylecompilation.properties
  [javadoc] Generating Javadoc
  [javadoc] Javadoc execution
  [javadoc] Loading source file /home/travis/build/checkstyle/checkstyle/src/main/java/com/puppycrawl/tools/checkstyle/api/TokenTypes.java...
  [javadoc] Constructing Javadoc information...
[INFO] Executed tasks
[INFO] 
[INFO] --- maven-resources-plugin:2.7:testResources (default-testResources) @ checkstyle ---
[INFO] Using 'UTF-8' encoding to copy filtered resources.
[INFO] Copying 511 resources
[INFO] 
[INFO] --- maven-compiler-plugin:3.3:testCompile (default-testCompile) @ checkstyle ---
[INFO] Changes detected - recompiling the module!
[INFO] Compiling 815 source files to /home/travis/build/checkstyle/checkstyle/target/test-classes
[INFO] /home/travis/build/checkstyle/checkstyle/src/test/java/com/puppycrawl/tools/checkstyle/checks/javadoc/AbstractTypeAwareCheckTest.java: /home/travis/build/checkstyle/checkstyle/src/test/java/com/puppycrawl/tools/checkstyle/checks/javadoc/AbstractTypeAwareCheckTest.java uses or overrides a deprecated API.
[INFO] /home/travis/build/checkstyle/checkstyle/src/test/java/com/puppycrawl/tools/checkstyle/checks/javadoc/AbstractTypeAwareCheckTest.java: Recompile with -Xlint:deprecation for details.
[INFO] -------------------------------------------------------------
[ERROR] COMPILATION ERROR : 
[INFO] -------------------------------------------------------------
[ERROR] /home/travis/build/checkstyle/checkstyle/src/test/resources/com/puppycrawl/tools/checkstyle/checks/coding/InputEqualsAvoidNull.java:[389,1] duplicate class: com.puppycrawl.tools.checkstyle.checks.coding.Anonymous
[INFO] 1 error
[INFO] -------------------------------------------------------------
[INFO] ------------------------------------------------------------------------
[INFO] BUILD FAILURE
[INFO] ------------------------------------------------------------------------
[INFO] Total time: 54.654 s
[INFO] Finished at: 2015-10-12T14:17:12+00:00
[INFO] Final Memory: 33M/413M
[INFO] ------------------------------------------------------------------------
[ERROR] Failed to execute goal org.apache.maven.plugins:maven-compiler-plugin:3.3:testCompile (default-testCompile) on project checkstyle: Compilation failure
[ERROR] /home/travis/build/checkstyle/checkstyle/src/test/resources/com/puppycrawl/tools/checkstyle/checks/coding/InputEqualsAvoidNull.java:[389,1] duplicate class: com.puppycrawl.tools.checkstyle.checks.coding.Anonymous
[ERROR] -> [Help 1]
[ERROR] 
[ERROR] To see the full stack trace of the errors, re-run Maven with the -e switch.
[ERROR] Re-run Maven using the -X switch to enable full debug logging.
[ERROR] 
[ERROR] For more information about the errors and possible solutions, please read the following articles:
[ERROR] [Help 1] http://cwiki.apache.org/confluence/display/MAVEN/MojoFailureException
travis_time:end:27485040:start=1444659375173249770,finish=1444659435330551305,duration=60157301535[0K
[31;1mThe command "eval $CMD" exited with 1.[0m
travis_fold:start:cache.2[0Kstore build cache
travis_time:start:2b73b112[0Kchange detected:
/home/travis/.m2/repository/commons-io/commons-io/2.5-SNAPSHOT/resolver-status.properties
/home/travis/.m2/repository/commons-io/commons-io/2.5-SNAPSHOT/resolver-status.properties
/home/travis/.m2/repository/commons-io/commons-io/2.6-SNAPSHOT/resolver-status.properties
/home/travis/.m2/repository/commons-io/commons-io/2.6-SNAPSHOT/resolver-status.properties
/home/travis/.m2/repository/commons-io/commons-io/resolver-status.properties
/home/travis/.m2/repository/commons-io/commons-io/resolver-status.properties
/home/travis/.m2/repository/junit/junit-dep/resolver-status.properties
/home/travis/.m2/repository/junit/junit-dep/resolver-status.properties

changes detected, packing new archive
.
.
uploading archive
travis_time:end:2b73b112:start=1444659435336829785,finish=1444659456481464121,duration=21144634336[0Ktravis_fold:end:cache.2[0K
Done. Your build exited with 1.
