Using worker: worker-linux-docker-5526a4ac.prod.travis-ci.org:travis-linux-5

travis_fold:start:system_info[0K[33;1mBuild system information[0m
Build language: java
Build group: stable
Build dist: precise
[34m[1mBuild image provisioning date and time[0m
Thu Feb  5 15:09:33 UTC 2015
[34m[1mOperating System Details[0m
Distributor ID:	Ubuntu
Description:	Ubuntu 12.04.5 LTS
Release:	12.04
Codename:	precise
[34m[1mLinux Version[0m
3.13.0-29-generic
[34m[1mCookbooks Version[0m
a68419e https://github.com/travis-ci/travis-cookbooks/tree/a68419e
[34m[1mGCC version[0m
gcc (Ubuntu/Linaro 4.6.3-1ubuntu5) 4.6.3
Copyright (C) 2011 Free Software Foundation, Inc.
This is free software; see the source for copying conditions.  There is NO
warranty; not even for MERCHANTABILITY or FITNESS FOR A PARTICULAR PURPOSE.

[34m[1mLLVM version[0m
clang version 3.4 (tags/RELEASE_34/final)
Target: x86_64-unknown-linux-gnu
Thread model: posix
[34m[1mPre-installed Ruby versions[0m
ruby-1.9.3-p551
[34m[1mPre-installed Node.js versions[0m
v0.10.36
[34m[1mPre-installed Go versions[0m
1.4.1
[34m[1mRedis version[0m
redis-server 2.8.19
[34m[1mriak version[0m
2.0.2
[34m[1mMongoDB version[0m
MongoDB 2.4.12
[34m[1mCouchDB version[0m
couchdb 1.6.1
[34m[1mNeo4j version[0m
1.9.4
[34m[1mRabbitMQ Version[0m
3.4.3
[34m[1mElasticSearch version[0m
1.4.0
[34m[1mInstalled Sphinx versions[0m
2.0.10
2.1.9
2.2.6
[34m[1mDefault Sphinx version[0m
2.2.6
[34m[1mInstalled Firefox version[0m
firefox 31.0esr
[34m[1mPhantomJS version[0m
1.9.8
[34m[1mant -version[0m
Apache Ant(TM) version 1.8.2 compiled on December 3 2011
[34m[1mmvn -version[0m
Apache Maven 3.2.5 (12a6b3acb947671f09b81f49094c53f426d8cea1; 2014-12-14T17:29:23+00:00)
Maven home: /usr/local/maven
Java version: 1.7.0_76, vendor: Oracle Corporation
Java home: /usr/lib/jvm/java-7-oracle/jre
Default locale: en_US, platform encoding: ANSI_X3.4-1968
OS name: "linux", version: "3.13.0-29-generic", arch: "amd64", family: "unix"
travis_fold:end:system_info[0K
travis_fold:start:git.checkout[0Ktravis_time:start:083a63b4[0K$ git clone --depth=50 https://github.com/checkstyle/checkstyle.git checkstyle/checkstyle
Cloning into 'checkstyle/checkstyle'...
remote: Counting objects: 3036, done.[K
remote: Compressing objects:   0% (1/1821)   [Kremote: Compressing objects:   1% (19/1821)   [Kremote: Compressing objects:   2% (37/1821)   [Kremote: Compressing objects:   3% (55/1821)   [Kremote: Compressing objects:   4% (73/1821)   [Kremote: Compressing objects:   5% (92/1821)   [Kremote: Compressing objects:   6% (110/1821)   [Kremote: Compressing objects:   7% (128/1821)   [Kremote: Compressing objects:   8% (146/1821)   [Kremote: Compressing objects:   9% (164/1821)   [Kremote: Compressing objects:  10% (183/1821)   [Kremote: Compressing objects:  11% (201/1821)   [Kremote: Compressing objects:  12% (219/1821)   [Kremote: Compressing objects:  13% (237/1821)   [Kremote: Compressing objects:  14% (255/1821)   [Kremote: Compressing objects:  15% (274/1821)   [Kremote: Compressing objects:  16% (292/1821)   [Kremote: Compressing objects:  17% (310/1821)   [Kremote: Compressing objects:  18% (328/1821)   [Kremote: Compressing objects:  19% (346/1821)   [Kremote: Compressing objects:  20% (365/1821)   [Kremote: Compressing objects:  21% (383/1821)   [Kremote: Compressing objects:  22% (401/1821)   [Kremote: Compressing objects:  23% (419/1821)   [Kremote: Compressing objects:  24% (438/1821)   [Kremote: Compressing objects:  25% (456/1821)   [Kremote: Compressing objects:  26% (474/1821)   [Kremote: Compressing objects:  27% (492/1821)   [Kremote: Compressing objects:  28% (510/1821)   [Kremote: Compressing objects:  29% (529/1821)   [Kremote: Compressing objects:  30% (547/1821)   [Kremote: Compressing objects:  31% (565/1821)   [Kremote: Compressing objects:  32% (583/1821)   [Kremote: Compressing objects:  33% (601/1821)   [Kremote: Compressing objects:  34% (620/1821)   [Kremote: Compressing objects:  35% (638/1821)   [Kremote: Compressing objects:  36% (656/1821)   [Kremote: Compressing objects:  37% (674/1821)   [Kremote: Compressing objects:  38% (692/1821)   [Kremote: Compressing objects:  39% (711/1821)   [Kremote: Compressing objects:  40% (729/1821)   [Kremote: Compressing objects:  41% (747/1821)   [Kremote: Compressing objects:  42% (765/1821)   [Kremote: Compressing objects:  43% (784/1821)   [Kremote: Compressing objects:  44% (802/1821)   [Kremote: Compressing objects:  45% (820/1821)   [Kremote: Compressing objects:  46% (838/1821)   [Kremote: Compressing objects:  47% (856/1821)   [Kremote: Compressing objects:  48% (875/1821)   [Kremote: Compressing objects:  49% (893/1821)   [Kremote: Compressing objects:  50% (911/1821)   [Kremote: Compressing objects:  51% (929/1821)   [Kremote: Compressing objects:  52% (947/1821)   [Kremote: Compressing objects:  53% (966/1821)   [Kremote: Compressing objects:  54% (984/1821)   [Kremote: Compressing objects:  55% (1002/1821)   [Kremote: Compressing objects:  56% (1020/1821)   [Kremote: Compressing objects:  57% (1038/1821)   [Kremote: Compressing objects:  58% (1057/1821)   [Kremote: Compressing objects:  59% (1075/1821)   [Kremote: Compressing objects:  60% (1093/1821)   [Kremote: Compressing objects:  61% (1111/1821)   [Kremote: Compressing objects:  62% (1130/1821)   [Kremote: Compressing objects:  63% (1148/1821)   [Kremote: Compressing objects:  64% (1166/1821)   [Kremote: Compressing objects:  65% (1184/1821)   [Kremote: Compressing objects:  66% (1202/1821)   [Kremote: Compressing objects:  67% (1221/1821)   [Kremote: Compressing objects:  68% (1239/1821)   [Kremote: Compressing objects:  69% (1257/1821)   [Kremote: Compressing objects:  70% (1275/1821)   [Kremote: Compressing objects:  71% (1293/1821)   [Kremote: Compressing objects:  72% (1312/1821)   [Kremote: Compressing objects:  73% (1330/1821)   [Kremote: Compressing objects:  74% (1348/1821)   [Kremote: Compressing objects:  75% (1366/1821)   [Kremote: Compressing objects:  76% (1384/1821)   [Kremote: Compressing objects:  77% (1403/1821)   [Kremote: Compressing objects:  78% (1421/1821)   [Kremote: Compressing objects:  79% (1439/1821)   [Kremote: Compressing objects:  80% (1457/1821)   [Kremote: Compressing objects:  81% (1476/1821)   [Kremote: Compressing objects:  82% (1494/1821)   [Kremote: Compressing objects:  83% (1512/1821)   [Kremote: Compressing objects:  84% (1530/1821)   [Kremote: Compressing objects:  85% (1548/1821)   [Kremote: Compressing objects:  86% (1567/1821)   [Kremote: Compressing objects:  87% (1585/1821)   [Kremote: Compressing objects:  88% (1603/1821)   [Kremote: Compressing objects:  89% (1621/1821)   [Kremote: Compressing objects:  90% (1639/1821)   [Kremote: Compressing objects:  91% (1658/1821)   [Kremote: Compressing objects:  92% (1676/1821)   [Kremote: Compressing objects:  93% (1694/1821)   [Kremote: Compressing objects:  94% (1712/1821)   [Kremote: Compressing objects:  95% (1730/1821)   [Kremote: Compressing objects:  96% (1749/1821)   [Kremote: Compressing objects:  97% (1767/1821)   [Kremote: Compressing objects:  98% (1785/1821)   [Kremote: Compressing objects:  99% (1803/1821)   [Kremote: Compressing objects: 100% (1821/1821)   [Kremote: Compressing objects: 100% (1821/1821), done.[K
Receiving objects:   0% (1/3036)   Receiving objects:   1% (31/3036)   Receiving objects:   2% (61/3036)   Receiving objects:   3% (92/3036)   Receiving objects:   4% (122/3036)   Receiving objects:   5% (152/3036)   Receiving objects:   6% (183/3036)   Receiving objects:   7% (213/3036)   Receiving objects:   8% (243/3036)   Receiving objects:   9% (274/3036)   Receiving objects:  10% (304/3036)   Receiving objects:  11% (334/3036)   Receiving objects:  12% (365/3036)   Receiving objects:  13% (395/3036)   Receiving objects:  14% (426/3036)   Receiving objects:  15% (456/3036)   Receiving objects:  16% (486/3036)   Receiving objects:  17% (517/3036)   Receiving objects:  18% (547/3036)   Receiving objects:  19% (577/3036)   Receiving objects:  20% (608/3036)   Receiving objects:  21% (638/3036)   Receiving objects:  22% (668/3036)   Receiving objects:  23% (699/3036)   Receiving objects:  24% (729/3036)   Receiving objects:  25% (759/3036)   Receiving objects:  26% (790/3036)   Receiving objects:  27% (820/3036)   Receiving objects:  28% (851/3036)   Receiving objects:  29% (881/3036)   Receiving objects:  30% (911/3036)   Receiving objects:  31% (942/3036)   Receiving objects:  32% (972/3036)   Receiving objects:  33% (1002/3036)   Receiving objects:  34% (1033/3036)   Receiving objects:  35% (1063/3036)   Receiving objects:  36% (1093/3036)   Receiving objects:  37% (1124/3036)   Receiving objects:  38% (1154/3036)   Receiving objects:  39% (1185/3036)   Receiving objects:  40% (1215/3036)   Receiving objects:  41% (1245/3036)   Receiving objects:  42% (1276/3036)   Receiving objects:  43% (1306/3036)   Receiving objects:  44% (1336/3036)   Receiving objects:  45% (1367/3036)   Receiving objects:  46% (1397/3036)   Receiving objects:  47% (1427/3036)   Receiving objects:  48% (1458/3036)   Receiving objects:  49% (1488/3036)   Receiving objects:  50% (1518/3036)   Receiving objects:  51% (1549/3036)   Receiving objects:  52% (1579/3036)   Receiving objects:  53% (1610/3036)   Receiving objects:  54% (1640/3036)   Receiving objects:  55% (1670/3036)   Receiving objects:  56% (1701/3036)   Receiving objects:  57% (1731/3036)   Receiving objects:  58% (1761/3036)   Receiving objects:  59% (1792/3036)   Receiving objects:  60% (1822/3036)   Receiving objects:  61% (1852/3036)   Receiving objects:  62% (1883/3036)   Receiving objects:  63% (1913/3036)   Receiving objects:  64% (1944/3036)   Receiving objects:  65% (1974/3036)   Receiving objects:  66% (2004/3036)   Receiving objects:  67% (2035/3036)   Receiving objects:  68% (2065/3036)   Receiving objects:  69% (2095/3036)   Receiving objects:  70% (2126/3036)   Receiving objects:  71% (2156/3036)   Receiving objects:  72% (2186/3036)   Receiving objects:  73% (2217/3036)   Receiving objects:  74% (2247/3036)   Receiving objects:  75% (2277/3036)   Receiving objects:  76% (2308/3036)   Receiving objects:  77% (2338/3036)   Receiving objects:  78% (2369/3036)   Receiving objects:  79% (2399/3036)   Receiving objects:  80% (2429/3036)   Receiving objects:  81% (2460/3036)   Receiving objects:  82% (2490/3036)   remote: Total 3036 (delta 1240), reused 1997 (delta 798), pack-reused 0[K
Receiving objects:  83% (2520/3036)   Receiving objects:  84% (2551/3036)   Receiving objects:  85% (2581/3036)   Receiving objects:  86% (2611/3036)   Receiving objects:  87% (2642/3036)   Receiving objects:  88% (2672/3036)   Receiving objects:  89% (2703/3036)   Receiving objects:  90% (2733/3036)   Receiving objects:  91% (2763/3036)   Receiving objects:  92% (2794/3036)   Receiving objects:  93% (2824/3036)   Receiving objects:  94% (2854/3036)   Receiving objects:  95% (2885/3036)   Receiving objects:  96% (2915/3036)   Receiving objects:  97% (2945/3036)   Receiving objects:  98% (2976/3036)   Receiving objects:  99% (3006/3036)   Receiving objects: 100% (3036/3036)   Receiving objects: 100% (3036/3036), 3.54 MiB | 0 bytes/s, done.
Resolving deltas:   0% (0/1240)   Resolving deltas:   1% (14/1240)   Resolving deltas:   2% (27/1240)   Resolving deltas:   3% (38/1240)   Resolving deltas:   6% (81/1240)   Resolving deltas:   7% (87/1240)   Resolving deltas:   9% (122/1240)   Resolving deltas:  11% (144/1240)   Resolving deltas:  14% (175/1240)   Resolving deltas:  15% (186/1240)   Resolving deltas:  16% (203/1240)   Resolving deltas:  17% (211/1240)   Resolving deltas:  18% (226/1240)   Resolving deltas:  19% (240/1240)   Resolving deltas:  20% (250/1240)   Resolving deltas:  21% (261/1240)   Resolving deltas:  22% (275/1240)   Resolving deltas:  23% (287/1240)   Resolving deltas:  24% (304/1240)   Resolving deltas:  25% (310/1240)   Resolving deltas:  26% (323/1240)   Resolving deltas:  27% (337/1240)   Resolving deltas:  28% (348/1240)   Resolving deltas:  29% (367/1240)   Resolving deltas:  30% (373/1240)   Resolving deltas:  31% (388/1240)   Resolving deltas:  32% (397/1240)   Resolving deltas:  34% (427/1240)   Resolving deltas:  35% (434/1240)   Resolving deltas:  36% (451/1240)   Resolving deltas:  37% (460/1240)   Resolving deltas:  38% (477/1240)   Resolving deltas:  39% (484/1240)   Resolving deltas:  40% (496/1240)   Resolving deltas:  41% (511/1240)   Resolving deltas:  42% (523/1240)   Resolving deltas:  43% (542/1240)   Resolving deltas:  44% (547/1240)   Resolving deltas:  45% (562/1240)   Resolving deltas:  46% (571/1240)   Resolving deltas:  47% (587/1240)   Resolving deltas:  48% (598/1240)   Resolving deltas:  49% (608/1240)   Resolving deltas:  50% (620/1240)   Resolving deltas:  51% (635/1240)   Resolving deltas:  52% (645/1240)   Resolving deltas:  53% (663/1240)   Resolving deltas:  60% (748/1240)   Resolving deltas:  61% (759/1240)   Resolving deltas:  62% (777/1240)   Resolving deltas:  63% (787/1240)   Resolving deltas:  64% (795/1240)   Resolving deltas:  68% (844/1240)   Resolving deltas:  69% (856/1240)   Resolving deltas:  70% (871/1240)   Resolving deltas:  72% (893/1240)   Resolving deltas:  73% (907/1240)   Resolving deltas:  74% (919/1240)   Resolving deltas:  75% (935/1240)   Resolving deltas:  76% (943/1240)   Resolving deltas:  77% (955/1240)   Resolving deltas:  78% (972/1240)   Resolving deltas:  79% (980/1240)   Resolving deltas:  80% (993/1240)   Resolving deltas:  81% (1005/1240)   Resolving deltas:  82% (1017/1240)   Resolving deltas:  83% (1030/1240)   Resolving deltas:  84% (1043/1240)   Resolving deltas:  85% (1054/1240)   Resolving deltas:  86% (1068/1240)   Resolving deltas:  87% (1082/1240)   Resolving deltas:  90% (1120/1240)   Resolving deltas:  91% (1130/1240)   Resolving deltas:  92% (1142/1240)   Resolving deltas:  93% (1154/1240)   Resolving deltas:  94% (1167/1240)   Resolving deltas:  95% (1181/1240)   Resolving deltas:  96% (1192/1240)   Resolving deltas:  97% (1203/1240)   Resolving deltas:  98% (1216/1240)   Resolving deltas:  99% (1230/1240)   Resolving deltas: 100% (1240/1240)   Resolving deltas: 100% (1240/1240), done.
Checking connectivity... done.
travis_time:end:083a63b4:start=1448064602100805214,finish=1448064604198883795,duration=2098078581[0K$ cd checkstyle/checkstyle
travis_time:start:0ad64e90[0K$ git fetch origin +refs/pull/2637/merge:
remote: Counting objects: 12, done.[K
remote: Compressing objects:  33% (1/3)   [Kremote: Compressing objects:  66% (2/3)   [Kremote: Compressing objects: 100% (3/3)   [Kremote: Compressing objects: 100% (3/3), done.[K
remote: Total 12 (delta 6), reused 10 (delta 5), pack-reused 0[K
Unpacking objects:   8% (1/12)   Unpacking objects:  16% (2/12)   Unpacking objects:  25% (3/12)   Unpacking objects:  33% (4/12)   Unpacking objects:  41% (5/12)   Unpacking objects:  50% (6/12)   Unpacking objects:  58% (7/12)   Unpacking objects:  66% (8/12)   Unpacking objects:  75% (9/12)   Unpacking objects:  83% (10/12)   Unpacking objects:  91% (11/12)   Unpacking objects: 100% (12/12)   Unpacking objects: 100% (12/12), done.
From https://github.com/checkstyle/checkstyle
 * branch            refs/pull/2637/merge -> FETCH_HEAD
travis_time:end:0ad64e90:start=1448064604202559468,finish=1448064604609491814,duration=406932346[0K$ git checkout -qf FETCH_HEAD
travis_fold:end:git.checkout[0K
[33;1mThis job is running on container-based infrastructure, which does not allow use of 'sudo', setuid and setguid executables.[0m
[33;1mIf you require sudo, add 'sudo: required' to your .travis.yml[0m
[33;1mSee http://docs.travis-ci.com/user/workers/container-based-infrastructure/ for details.[0m

[33;1mSetting environment variables from .travis.yml[0m
$ export DESC="checkstyle"
$ export CMD="mvn clean verify -DskipTests -DskipITs -Dpmd.skip=true -Dfindbugs.skip=true -Dcobertura.skip=true"
$ export COVERAGE_CMD=""

travis_fold:start:cache.1[0KSetting up build cache
$ export CASHER_DIR=$HOME/.casher
travis_time:start:1fb5c54e[0K$ Installing caching utilities
travis_time:end:1fb5c54e:start=1448064606174832277,finish=1448064606258859911,duration=84027634[0Ktravis_time:start:30ae9682[0Ktravis_time:end:30ae9682:start=1448064606263364055,finish=1448064606266415624,duration=3051569[0Ktravis_time:start:271663d8[0Kattempting to download cache archive
fetching PR.2637/cache--jdk-oraclejdk7.tgz
found cache
travis_time:end:271663d8:start=1448064606270000228,finish=1448064608022071860,duration=1752071632[0Ktravis_time:start:1d3d7724[0Ktravis_time:end:1d3d7724:start=1448064608025814326,finish=1448064608028936717,duration=3122391[0Ktravis_time:start:09c1e2dc[0Kadding /home/travis/.m2 to cache
travis_time:end:09c1e2dc:start=1448064608032520403,finish=1448064609627629146,duration=1595108743[0Ktravis_fold:end:cache.1[0K$ jdk_switcher use oraclejdk7
Switching to Oracle JDK7 (java-7-oracle), JAVA_HOME will be set to /usr/lib/jvm/java-7-oracle
$ java -Xmx32m -version
java version "1.7.0_76"
Java(TM) SE Runtime Environment (build 1.7.0_76-b13)
Java HotSpot(TM) 64-Bit Server VM (build 24.76-b04, mixed mode)
$ javac -J-Xmx32m -version
javac 1.7.0_76
travis_fold:start:install[0Ktravis_time:start:01f5d0e0[0K$ 
travis_time:end:01f5d0e0:start=1448064609959887538,finish=1448064609962921763,duration=3034225[0Ktravis_fold:end:install[0Ktravis_time:start:0173859c[0K$ eval $CMD
[INFO] Scanning for projects...
[INFO]                                                                         
[INFO] ------------------------------------------------------------------------
[INFO] Building checkstyle 6.13-SNAPSHOT
[INFO] ------------------------------------------------------------------------
Downloading: https://repository.apache.org/snapshots/junit/junit-dep/maven-metadata.xml
Downloading: https://repository.apache.org/releases/junit/junit-dep/maven-metadata.xml
Downloading: https://oss.sonatype.org/content/repositories/releases/junit/junit-dep/maven-metadata.xml
Downloading: https://nexus.codehaus.org/snapshots/junit/junit-dep/maven-metadata.xml
563/563 B               Downloaded: https://oss.sonatype.org/content/repositories/releases/junit/junit-dep/maven-metadata.xml (563 B at 1.2 KB/sec)
                        [WARNING] Could not transfer metadata junit:junit-dep/maven-metadata.xml from/to codehaus-snapshots (https://nexus.codehaus.org/snapshots/): nexus.codehaus.org: Name or service not known
Downloading: https://oss.sonatype.org/content/repositories/releases/commons-io/commons-io/maven-metadata.xml
Downloading: https://repository.apache.org/releases/commons-io/commons-io/maven-metadata.xml
Downloading: https://repository.apache.org/snapshots/commons-io/commons-io/maven-metadata.xml
Downloading: https://nexus.codehaus.org/snapshots/commons-io/commons-io/maven-metadata.xml
                                    350/350 B               Downloaded: https://repository.apache.org/snapshots/commons-io/commons-io/maven-metadata.xml (350 B at 0.6 KB/sec)
[WARNING] Could not transfer metadata commons-io:commons-io/maven-metadata.xml from/to codehaus-snapshots (https://nexus.codehaus.org/snapshots/): nexus.codehaus.org
Downloading: https://repository.apache.org/snapshots/commons-io/commons-io/2.5-SNAPSHOT/maven-metadata.xml
Downloading: https://nexus.codehaus.org/snapshots/commons-io/commons-io/2.5-SNAPSHOT/maven-metadata.xml
            3/3 KB               Downloaded: https://repository.apache.org/snapshots/commons-io/commons-io/2.5-SNAPSHOT/maven-metadata.xml (3 KB at 4.4 KB/sec)
[WARNING] Could not transfer metadata commons-io:commons-io:2.5-SNAPSHOT/maven-metadata.xml from/to codehaus-snapshots (https://nexus.codehaus.org/snapshots/): nexus.codehaus.org
[WARNING] Failure to transfer commons-io:commons-io:2.5-SNAPSHOT/maven-metadata.xml from https://nexus.codehaus.org/snapshots/ was cached in the local repository, resolution will not be reattempted until the update interval of codehaus-snapshots has elapsed or updates are forced. Original error: Could not transfer metadata commons-io:commons-io:2.5-SNAPSHOT/maven-metadata.xml from/to codehaus-snapshots (https://nexus.codehaus.org/snapshots/): nexus.codehaus.org
Downloading: https://repository.apache.org/snapshots/commons-io/commons-io/2.6-SNAPSHOT/maven-metadata.xml
Downloading: https://nexus.codehaus.org/snapshots/commons-io/commons-io/2.6-SNAPSHOT/maven-metadata.xml
         3/3 KB            Downloaded: https://repository.apache.org/snapshots/commons-io/commons-io/2.6-SNAPSHOT/maven-metadata.xml (3 KB at 4.3 KB/sec)
[WARNING] Could not transfer metadata commons-io:commons-io:2.6-SNAPSHOT/maven-metadata.xml from/to codehaus-snapshots (https://nexus.codehaus.org/snapshots/): nexus.codehaus.org
[WARNING] Failure to transfer commons-io:commons-io:2.6-SNAPSHOT/maven-metadata.xml from https://nexus.codehaus.org/snapshots/ was cached in the local repository, resolution will not be reattempted until the update interval of codehaus-snapshots has elapsed or updates are forced. Original error: Could not transfer metadata commons-io:commons-io:2.6-SNAPSHOT/maven-metadata.xml from/to codehaus-snapshots (https://nexus.codehaus.org/snapshots/): nexus.codehaus.org
[INFO] 
[INFO] --- maven-clean-plugin:3.0.0:clean (default-clean) @ checkstyle ---
[INFO] 
[INFO] --- maven-enforcer-plugin:1.4.1:enforce (enforce-maven) @ checkstyle ---
[INFO] 
[INFO] --- maven-enforcer-plugin:1.4.1:enforce (enforce-versions) @ checkstyle ---
[INFO] 
[INFO] --- antlr-maven-plugin:2.2:generate (default) @ checkstyle ---
[INFO] performing grammar generation [java.g]
ANTLR Parser Generator   Version 2.7.7 (20060906)   1989-2005
/home/travis/build/checkstyle/checkstyle/src/main/resources/com/puppycrawl/tools/checkstyle/grammars/java.g:623:9: warning:nondeterminism between alts 1 and 2 of block upon
/home/travis/build/checkstyle/checkstyle/src/main/resources/com/puppycrawl/tools/checkstyle/grammars/java.g:623:9:     k==1:AT
/home/travis/build/checkstyle/checkstyle/src/main/resources/com/puppycrawl/tools/checkstyle/grammars/java.g:623:9:     k==2:IDENT
/home/travis/build/checkstyle/checkstyle/src/main/resources/com/puppycrawl/tools/checkstyle/grammars/java.g:770:16: warning:nondeterminism between alts 1 and 2 of block upon
/home/travis/build/checkstyle/checkstyle/src/main/resources/com/puppycrawl/tools/checkstyle/grammars/java.g:770:16:     k==1:AT
/home/travis/build/checkstyle/checkstyle/src/main/resources/com/puppycrawl/tools/checkstyle/grammars/java.g:770:16:     k==2:IDENT
/home/travis/build/checkstyle/checkstyle/src/main/resources/com/puppycrawl/tools/checkstyle/grammars/java.g:806:61: warning:nondeterminism between alts 1 and 2 of block upon
/home/travis/build/checkstyle/checkstyle/src/main/resources/com/puppycrawl/tools/checkstyle/grammars/java.g:806:61:     k==1:SEMI
/home/travis/build/checkstyle/checkstyle/src/main/resources/com/puppycrawl/tools/checkstyle/grammars/java.g:806:61:     k==2:"final","abstract","strictfp",SEMI,"void","boolean","byte","char","short","int","float","long","double",IDENT,"private","public","protected","static","transient","native","synchronized","volatile","class","interface",LCURLY,RCURLY,"default",LT,ENUM,AT
/home/travis/build/checkstyle/checkstyle/src/main/resources/com/puppycrawl/tools/checkstyle/grammars/java.g:695:9: warning:nondeterminism between alts 1 and 2 of block upon
/home/travis/build/checkstyle/checkstyle/src/main/resources/com/puppycrawl/tools/checkstyle/grammars/java.g:695:9:     k==1:AT
/home/travis/build/checkstyle/checkstyle/src/main/resources/com/puppycrawl/tools/checkstyle/grammars/java.g:695:9:     k==2:IDENT
/home/travis/build/checkstyle/checkstyle/src/main/resources/com/puppycrawl/tools/checkstyle/grammars/java.g:947: warning:Syntactic predicate superfluous for single alternative
/home/travis/build/checkstyle/checkstyle/src/main/resources/com/puppycrawl/tools/checkstyle/grammars/java.g:972:31: warning:nondeterminism between alts 1 and 2 of block upon
/home/travis/build/checkstyle/checkstyle/src/main/resources/com/puppycrawl/tools/checkstyle/grammars/java.g:972:31:     k==1:IDENT
/home/travis/build/checkstyle/checkstyle/src/main/resources/com/puppycrawl/tools/checkstyle/grammars/java.g:972:31:     k==2:LBRACK
/home/travis/build/checkstyle/checkstyle/src/main/resources/com/puppycrawl/tools/checkstyle/grammars/java.g:1027:43: warning:nondeterminism between alts 1 and 2 of block upon
/home/travis/build/checkstyle/checkstyle/src/main/resources/com/puppycrawl/tools/checkstyle/grammars/java.g:1027:43:     k==1:SEMI
/home/travis/build/checkstyle/checkstyle/src/main/resources/com/puppycrawl/tools/checkstyle/grammars/java.g:1027:43:     k==2:"final","abstract","strictfp",SEMI,"void","boolean","byte","char","short","int","float","long","double",IDENT,"private","public","protected","static","transient","native","synchronized","volatile","class",LCURLY,RCURLY,LPAREN,RPAREN,"this","super",COLON,"if","while","do","break","continue","return","switch","throw","for","else","case","default","try",PLUS,MINUS,INC,DEC,BNOT,LNOT,"true","false","null","new",NUM_INT,CHAR_LITERAL,STRING_LITERAL,NUM_FLOAT,NUM_LONG,NUM_DOUBLE,ASSERT,AT
/home/travis/build/checkstyle/checkstyle/src/main/resources/com/puppycrawl/tools/checkstyle/grammars/java.g:1127:9: warning:nondeterminism between alts 1 and 2 of block upon
/home/travis/build/checkstyle/checkstyle/src/main/resources/com/puppycrawl/tools/checkstyle/grammars/java.g:1127:9:     k==1:"default"
/home/travis/build/checkstyle/checkstyle/src/main/resources/com/puppycrawl/tools/checkstyle/grammars/java.g:1127:9:     k==2:"final","abstract","strictfp",SEMI,"void","boolean","byte","char","short","int","float","long","double",IDENT,"private","public","protected","static","transient","native","synchronized","volatile","class",LCURLY,RCURLY,LPAREN,RPAREN,"this","super",COLON,"if","while","do","break","continue","return","switch","throw","for","case","default","try",PLUS,MINUS,INC,DEC,BNOT,LNOT,"true","false","null","new",NUM_INT,CHAR_LITERAL,STRING_LITERAL,NUM_FLOAT,NUM_LONG,NUM_DOUBLE,ASSERT,AT
/home/travis/build/checkstyle/checkstyle/src/main/resources/com/puppycrawl/tools/checkstyle/grammars/java.g:1411:13: warning:nondeterminism between alts 1 and 4 of block upon
/home/travis/build/checkstyle/checkstyle/src/main/resources/com/puppycrawl/tools/checkstyle/grammars/java.g:1411:13:     k==1:IDENT,"this","super",LT
/home/travis/build/checkstyle/checkstyle/src/main/resources/com/puppycrawl/tools/checkstyle/grammars/java.g:1411:13:     k==2:"final","abstract","strictfp",SEMI,LBRACK,RBRACK,"void","boolean","byte","char","short","int","float","long","double",IDENT,DOT,STAR,"private","public","protected","static","transient","native","synchronized","volatile","class","interface",LCURLY,RCURLY,COMMA,LPAREN,RPAREN,"this","super",ASSIGN,COLON,"if","while","do","break","continue","return","switch","throw","for","else","case","default","try",PLUS_ASSIGN,MINUS_ASSIGN,STAR_ASSIGN,DIV_ASSIGN,MOD_ASSIGN,SR_ASSIGN,BSR_ASSIGN,SL_ASSIGN,BAND_ASSIGN,BXOR_ASSIGN,BOR_ASSIGN,QUESTION,LOR,LAND,BOR,BXOR,BAND,NOT_EQUAL,EQUAL,LT,GT,LE,GE,"instanceof",SL,SR,BSR,PLUS,MINUS,DIV,MOD,INC,DEC,BNOT,LNOT,"true","false","null","new",NUM_INT,CHAR_LITERAL,STRING_LITERAL,NUM_FLOAT,NUM_LONG,NUM_DOUBLE,ASSERT,ENUM,AT,DOUBLE_COLON
/home/travis/build/checkstyle/checkstyle/src/main/resources/com/puppycrawl/tools/checkstyle/grammars/java.g:1411:13: warning:nondeterminism between alts 2 and 4 of block upon
/home/travis/build/checkstyle/checkstyle/src/main/resources/com/puppycrawl/tools/checkstyle/grammars/java.g:1411:13:     k==1:"class"
/home/travis/build/checkstyle/checkstyle/src/main/resources/com/puppycrawl/tools/checkstyle/grammars/java.g:1411:13:     k==2:"final","abstract","strictfp",SEMI,LBRACK,RBRACK,"void","boolean","byte","char","short","int","float","long","double",IDENT,DOT,STAR,"private","public","protected","static","transient","native","synchronized","volatile","class","interface",LCURLY,RCURLY,COMMA,LPAREN,RPAREN,"this","super",ASSIGN,COLON,"if","while","do","break","continue","return","switch","throw","for","else","case","default","try",PLUS_ASSIGN,MINUS_ASSIGN,STAR_ASSIGN,DIV_ASSIGN,MOD_ASSIGN,SR_ASSIGN,BSR_ASSIGN,SL_ASSIGN,BAND_ASSIGN,BXOR_ASSIGN,BOR_ASSIGN,QUESTION,LOR,LAND,BOR,BXOR,BAND,NOT_EQUAL,EQUAL,LT,GT,LE,GE,"instanceof",SL,SR,BSR,PLUS,MINUS,DIV,MOD,INC,DEC,BNOT,LNOT,"true","false","null","new",NUM_INT,CHAR_LITERAL,STRING_LITERAL,NUM_FLOAT,NUM_LONG,NUM_DOUBLE,ASSERT,ENUM,AT,DOUBLE_COLON
/home/travis/build/checkstyle/checkstyle/src/main/resources/com/puppycrawl/tools/checkstyle/grammars/java.g:1411:13: warning:nondeterminism between alts 3 and 4 of block upon
/home/travis/build/checkstyle/checkstyle/src/main/resources/com/puppycrawl/tools/checkstyle/grammars/java.g:1411:13:     k==1:"new"
/home/travis/build/checkstyle/checkstyle/src/main/resources/com/puppycrawl/tools/checkstyle/grammars/java.g:1411:13:     k==2:"void","boolean","byte","char","short","int","float","long","double",IDENT,LT,AT
/home/travis/build/checkstyle/checkstyle/src/main/resources/com/puppycrawl/tools/checkstyle/grammars/java.g:1456:9: warning:nondeterminism between alts 1 and 3 of block upon
/home/travis/build/checkstyle/checkstyle/src/main/resources/com/puppycrawl/tools/checkstyle/grammars/java.g:1456:9:     k==1:INC
/home/travis/build/checkstyle/checkstyle/src/main/resources/com/puppycrawl/tools/checkstyle/grammars/java.g:1456:9:     k==2:"final","abstract","strictfp",SEMI,RBRACK,"void","boolean","byte","char","short","int","float","long","double",IDENT,STAR,"private","public","protected","static","transient","native","synchronized","volatile","class","interface",LCURLY,RCURLY,COMMA,LPAREN,RPAREN,"this","super",ASSIGN,COLON,"if","while","do","break","continue","return","switch","throw","for","else","case","default","try",PLUS_ASSIGN,MINUS_ASSIGN,STAR_ASSIGN,DIV_ASSIGN,MOD_ASSIGN,SR_ASSIGN,BSR_ASSIGN,SL_ASSIGN,BAND_ASSIGN,BXOR_ASSIGN,BOR_ASSIGN,QUESTION,LOR,LAND,BOR,BXOR,BAND,NOT_EQUAL,EQUAL,LT,GT,LE,GE,"instanceof",SL,SR,BSR,PLUS,MINUS,DIV,MOD,INC,DEC,BNOT,LNOT,"true","false","null","new",NUM_INT,CHAR_LITERAL,STRING_LITERAL,NUM_FLOAT,NUM_LONG,NUM_DOUBLE,ASSERT,ENUM,AT
/home/travis/build/checkstyle/checkstyle/src/main/resources/com/puppycrawl/tools/checkstyle/grammars/java.g:1456:9: warning:nondeterminism between alts 2 and 3 of block upon
/home/travis/build/checkstyle/checkstyle/src/main/resources/com/puppycrawl/tools/checkstyle/grammars/java.g:1456:9:     k==1:DEC
/home/travis/build/checkstyle/checkstyle/src/main/resources/com/puppycrawl/tools/checkstyle/grammars/java.g:1456:9:     k==2:"final","abstract","strictfp",SEMI,RBRACK,"void","boolean","byte","char","short","int","float","long","double",IDENT,STAR,"private","public","protected","static","transient","native","synchronized","volatile","class","interface",LCURLY,RCURLY,COMMA,LPAREN,RPAREN,"this","super",ASSIGN,COLON,"if","while","do","break","continue","return","switch","throw","for","else","case","default","try",PLUS_ASSIGN,MINUS_ASSIGN,STAR_ASSIGN,DIV_ASSIGN,MOD_ASSIGN,SR_ASSIGN,BSR_ASSIGN,SL_ASSIGN,BAND_ASSIGN,BXOR_ASSIGN,BOR_ASSIGN,QUESTION,LOR,LAND,BOR,BXOR,BAND,NOT_EQUAL,EQUAL,LT,GT,LE,GE,"instanceof",SL,SR,BSR,PLUS,MINUS,DIV,MOD,INC,DEC,BNOT,LNOT,"true","false","null","new",NUM_INT,CHAR_LITERAL,STRING_LITERAL,NUM_FLOAT,NUM_LONG,NUM_DOUBLE,ASSERT,ENUM,AT
/home/travis/build/checkstyle/checkstyle/src/main/resources/com/puppycrawl/tools/checkstyle/grammars/java.g:1534:36: warning:nondeterminism between alts 1 and 2 of block upon
/home/travis/build/checkstyle/checkstyle/src/main/resources/com/puppycrawl/tools/checkstyle/grammars/java.g:1534:36:     k==1:LCURLY
/home/travis/build/checkstyle/checkstyle/src/main/resources/com/puppycrawl/tools/checkstyle/grammars/java.g:1534:36:     k==2:"final","abstract","strictfp",SEMI,"void","boolean","byte","char","short","int","float","long","double",IDENT,"private","public","protected","static","transient","native","synchronized","volatile","class","interface",LCURLY,RCURLY,"default",LT,ENUM,AT
/home/travis/build/checkstyle/checkstyle/src/main/resources/com/puppycrawl/tools/checkstyle/grammars/java.g:1544:33: warning:nondeterminism between alts 1 and 2 of block upon
/home/travis/build/checkstyle/checkstyle/src/main/resources/com/puppycrawl/tools/checkstyle/grammars/java.g:1544:33:     k==1:LCURLY
/home/travis/build/checkstyle/checkstyle/src/main/resources/com/puppycrawl/tools/checkstyle/grammars/java.g:1544:33:     k==2:"void","boolean","byte","char","short","int","float","long","double",IDENT,LCURLY,RCURLY,COMMA,LPAREN,"this","super",PLUS,MINUS,INC,DEC,BNOT,LNOT,"true","false","null","new",NUM_INT,CHAR_LITERAL,STRING_LITERAL,NUM_FLOAT,NUM_LONG,NUM_DOUBLE
/home/travis/build/checkstyle/checkstyle/src/main/resources/com/puppycrawl/tools/checkstyle/grammars/java.g:1585: warning:nondeterminism between alts 2 and 3 of block upon
/home/travis/build/checkstyle/checkstyle/src/main/resources/com/puppycrawl/tools/checkstyle/grammars/java.g:1585:     k==1:LPAREN
/home/travis/build/checkstyle/checkstyle/src/main/resources/com/puppycrawl/tools/checkstyle/grammars/java.g:1585:     k==2:IDENT
/home/travis/build/checkstyle/checkstyle/src/main/resources/com/puppycrawl/tools/checkstyle/grammars/java.g:1587:17: warning:nondeterminism between alts 1 and 2 of block upon
/home/travis/build/checkstyle/checkstyle/src/main/resources/com/puppycrawl/tools/checkstyle/grammars/java.g:1587:17:     k==1:RPAREN
/home/travis/build/checkstyle/checkstyle/src/main/resources/com/puppycrawl/tools/checkstyle/grammars/java.g:1587:17:     k==2:LAMBDA

[INFO] 
[INFO] --- antlr4-maven-plugin:4.5.1-1:antlr4 (default) @ checkstyle ---
[INFO] ANTLR 4: Processing source directory /home/travis/build/checkstyle/checkstyle/src/main/resources
[INFO] Processing grammar: com/puppycrawl/tools/checkstyle/grammars/javadoc/JavadocLexer.g4
[INFO] Processing grammar: com/puppycrawl/tools/checkstyle/grammars/javadoc/JavadocParser.g4
[INFO] 
[INFO] --- build-helper-maven-plugin:1.9.1:add-source (add-source) @ checkstyle ---
[INFO] Source directory: /home/travis/build/checkstyle/checkstyle/target/generated-sources/antlr added.
[INFO] 
[INFO] --- maven-resources-plugin:2.7:resources (default-resources) @ checkstyle ---
[INFO] Using 'UTF-8' encoding to copy filtered resources.
[INFO] Copying 145 resources
[INFO] Copying 1 resource
[INFO] 
[INFO] --- build-helper-maven-plugin:1.9.1:add-test-source (add-test-source) @ checkstyle ---
[INFO] Test Source directory: /home/travis/build/checkstyle/checkstyle/src/test/resources added.
[INFO] 
[INFO] --- build-helper-maven-plugin:1.9.1:add-test-source (add-it-test-source) @ checkstyle ---
[INFO] Test Source directory: /home/travis/build/checkstyle/checkstyle/src/it/java added.
[INFO] 
[INFO] --- build-helper-maven-plugin:1.9.1:add-test-source (add-it-test-resource) @ checkstyle ---
[INFO] Test Source directory: /home/travis/build/checkstyle/checkstyle/src/it/resources added.
[INFO] 
[INFO] --- maven-compiler-plugin:3.3:compile (default-compile) @ checkstyle ---
[INFO] Changes detected - recompiling the module!
[INFO] Compiling 333 source files to /home/travis/build/checkstyle/checkstyle/target/classes
[INFO] /home/travis/build/checkstyle/checkstyle/src/main/java/com/puppycrawl/tools/checkstyle/checks/javadoc/JavadocMethodCheck.java: /home/travis/build/checkstyle/checkstyle/src/main/java/com/puppycrawl/tools/checkstyle/checks/javadoc/JavadocMethodCheck.java uses or overrides a deprecated API.
[INFO] /home/travis/build/checkstyle/checkstyle/src/main/java/com/puppycrawl/tools/checkstyle/checks/javadoc/JavadocMethodCheck.java: Recompile with -Xlint:deprecation for details.
[INFO] /home/travis/build/checkstyle/checkstyle/src/main/java/com/puppycrawl/tools/checkstyle/api/AutomaticBean.java: Some input files use unchecked or unsafe operations.
[INFO] /home/travis/build/checkstyle/checkstyle/src/main/java/com/puppycrawl/tools/checkstyle/api/AutomaticBean.java: Recompile with -Xlint:unchecked for details.
[INFO] 
[INFO] --- maven-antrun-plugin:1.8:run (ant-phase-compile) @ checkstyle ---
[INFO] Executing tasks

main:

execute:
[propertyfile] Creating new property file: /home/travis/build/checkstyle/checkstyle/target/classes/checkstylecompilation.properties
  [javadoc] Generating Javadoc
  [javadoc] Javadoc execution
  [javadoc] Loading source file /home/travis/build/checkstyle/checkstyle/src/main/java/com/puppycrawl/tools/checkstyle/api/TokenTypes.java...
  [javadoc] Constructing Javadoc information...
[INFO] Executed tasks
[INFO] 
[INFO] --- maven-resources-plugin:2.7:testResources (default-testResources) @ checkstyle ---
[INFO] Using 'UTF-8' encoding to copy filtered resources.
[INFO] Copying 536 resources
[INFO] 
[INFO] --- maven-compiler-plugin:3.3:testCompile (default-testCompile) @ checkstyle ---
[INFO] Changes detected - recompiling the module!
[INFO] Compiling 851 source files to /home/travis/build/checkstyle/checkstyle/target/test-classes
[INFO] /home/travis/build/checkstyle/checkstyle/src/test/java/com/puppycrawl/tools/checkstyle/checks/javadoc/AbstractTypeAwareCheckTest.java: /home/travis/build/checkstyle/checkstyle/src/test/java/com/puppycrawl/tools/checkstyle/checks/javadoc/AbstractTypeAwareCheckTest.java uses or overrides a deprecated API.
[INFO] /home/travis/build/checkstyle/checkstyle/src/test/java/com/puppycrawl/tools/checkstyle/checks/javadoc/AbstractTypeAwareCheckTest.java: Recompile with -Xlint:deprecation for details.
[INFO] 
[INFO] --- maven-surefire-plugin:2.19:test (default-test) @ checkstyle ---
[INFO] Tests are skipped.
[INFO] 
[INFO] --- xml-maven-plugin:1.0:validate (default) @ checkstyle ---
[INFO] 
[INFO] --- maven-jar-plugin:2.6:jar (default-jar) @ checkstyle ---
[INFO] Building jar: /home/travis/build/checkstyle/checkstyle/target/checkstyle-6.13-SNAPSHOT.jar
[INFO] 
[INFO] --- maven-jar-plugin:2.6:test-jar (default) @ checkstyle ---
[INFO] Building jar: /home/travis/build/checkstyle/checkstyle/target/checkstyle-6.13-SNAPSHOT-tests.jar
[INFO] 
[INFO] --- maven-failsafe-plugin:2.19:integration-test (integration-test) @ checkstyle ---
[INFO] Tests are skipped.
[INFO] 
[INFO] --- maven-failsafe-plugin:2.19:verify (verify) @ checkstyle ---
[INFO] Tests are skipped.
[INFO] 
[INFO] --- maven-antrun-plugin:1.8:run (ant-phase-verify) @ checkstyle ---
[INFO] Executing tasks

main:

execute:
     [echo] Checkstyle started: 21/11/2015 12:10:38 AM
[checkstyle] Running Checkstyle 6.13-SNAPSHOT on 855 files
[checkstyle] /home/travis/build/checkstyle/checkstyle/src/it/java/com/google/checkstyle/test/base/BaseCheckTestSupport.java:24:15: error: Unused import - org.junit.Assert.assertTrue.
     [echo] Checkstyle finished: 21/11/2015 12:11:58 AM
[INFO] ------------------------------------------------------------------------
[INFO] BUILD FAILURE
[INFO] ------------------------------------------------------------------------
[INFO] Total time: 01:46 min
[INFO] Finished at: 2015-11-21T00:11:58+00:00
[INFO] Final Memory: 49M/479M
[INFO] ------------------------------------------------------------------------
[ERROR] Failed to execute goal org.apache.maven.plugins:maven-antrun-plugin:1.8:run (ant-phase-verify) on project checkstyle: An Ant BuildException has occured: The following error occurred while executing this line:
[ERROR] /home/travis/build/checkstyle/checkstyle/config/ant-phase-verify.xml:50: Checkstyle failed: Got 1 errors and 0 warnings.
[ERROR] around Ant part ...<ant antfile="config/ant-phase-verify.xml"/>... @ 7:47 in /home/travis/build/checkstyle/checkstyle/target/antrun/build-main.xml
[ERROR] -> [Help 1]
[ERROR] 
[ERROR] To see the full stack trace of the errors, re-run Maven with the -e switch.
[ERROR] Re-run Maven using the -X switch to enable full debug logging.
[ERROR] 
[ERROR] For more information about the errors and possible solutions, please read the following articles:
[ERROR] [Help 1] http://cwiki.apache.org/confluence/display/MAVEN/MojoExecutionException
travis_time:end:0173859c:start=1448064609966964539,finish=1448064718674485574,duration=108707521035[0K
[31;1mThe command "eval $CMD" exited with 1.[0m
travis_fold:start:cache.2[0Kstore build cache
travis_time:start:1a68954c[0Ktravis_time:end:1a68954c:start=1448064718678569527,finish=1448064718681808009,duration=3238482[0Ktravis_time:start:26fdd834[0Kchange detected:
/home/travis/.m2/repository/commons-io/commons-io/2.5-SNAPSHOT/resolver-status.properties
/home/travis/.m2/repository/commons-io/commons-io/2.5-SNAPSHOT/resolver-status.properties
/home/travis/.m2/repository/commons-io/commons-io/2.6-SNAPSHOT/resolver-status.properties
/home/travis/.m2/repository/commons-io/commons-io/2.6-SNAPSHOT/resolver-status.properties
/home/travis/.m2/repository/commons-io/commons-io/resolver-status.properties
/home/travis/.m2/repository/commons-io/commons-io/resolver-status.properties
/home/travis/.m2/repository/junit/junit-dep/resolver-status.properties
/home/travis/.m2/repository/junit/junit-dep/resolver-status.properties

changes detected, packing new archive
.
uploading archive
travis_time:end:26fdd834:start=1448064718685476454,finish=1448064727955272676,duration=9269796222[0Ktravis_fold:end:cache.2[0K
Done. Your build exited with 1.
