Using worker: worker-linux-docker-ac5e6bbb.prod.travis-ci.org:travis-linux-6

travis_fold:start:system_info[0K[33;1mBuild system information[0m
Build language: java
Build group: stable
Build dist: precise
Build id: 160218989
Job id: 160218990
travis-build version: ef82e8245
[34m[1mBuild image provisioning date and time[0m
Thu Feb  5 15:09:33 UTC 2015
[34m[1mOperating System Details[0m
Distributor ID:	Ubuntu
Description:	Ubuntu 12.04.5 LTS
Release:	12.04
Codename:	precise
[34m[1mLinux Version[0m
3.13.0-29-generic
[34m[1mCookbooks Version[0m
a68419e https://github.com/travis-ci/travis-cookbooks/tree/a68419e
[34m[1mGCC version[0m
gcc (Ubuntu/Linaro 4.6.3-1ubuntu5) 4.6.3
Copyright (C) 2011 Free Software Foundation, Inc.
This is free software; see the source for copying conditions.  There is NO
warranty; not even for MERCHANTABILITY or FITNESS FOR A PARTICULAR PURPOSE.

[34m[1mLLVM version[0m
clang version 3.4 (tags/RELEASE_34/final)
Target: x86_64-unknown-linux-gnu
Thread model: posix
[34m[1mPre-installed Ruby versions[0m
ruby-1.9.3-p551
[34m[1mPre-installed Node.js versions[0m
v0.10.36
[34m[1mPre-installed Go versions[0m
1.4.1
[34m[1mRedis version[0m
redis-server 2.8.19
[34m[1mriak version[0m
2.0.2
[34m[1mMongoDB version[0m
MongoDB 2.4.12
[34m[1mCouchDB version[0m
couchdb 1.6.1
[34m[1mNeo4j version[0m
1.9.4
[34m[1mRabbitMQ Version[0m
3.4.3
[34m[1mElasticSearch version[0m
1.4.0
[34m[1mInstalled Sphinx versions[0m
2.0.10
2.1.9
2.2.6
[34m[1mDefault Sphinx version[0m
2.2.6
[34m[1mInstalled Firefox version[0m
firefox 31.0esr
[34m[1mPhantomJS version[0m
1.9.8
[34m[1mant -version[0m
Apache Ant(TM) version 1.8.2 compiled on December 3 2011
[34m[1mmvn -version[0m
Apache Maven 3.2.5 (12a6b3acb947671f09b81f49094c53f426d8cea1; 2014-12-14T17:29:23+00:00)
Maven home: /usr/local/maven
Java version: 1.7.0_76, vendor: Oracle Corporation
Java home: /usr/lib/jvm/java-7-oracle/jre
Default locale: en_US, platform encoding: ANSI_X3.4-1968
OS name: "linux", version: "3.13.0-29-generic", arch: "amd64", family: "unix"
travis_fold:end:system_info[0K
travis_fold:start:fix.CVE-2015-7547[0K$ export DEBIAN_FRONTEND=noninteractive
W: Size of file /var/lib/apt/lists/us.archive.ubuntu.com_ubuntu_dists_precise-backports_multiverse_source_Sources.gz is not what the server reported 5886 5888
W: Size of file /var/lib/apt/lists/ppa.launchpad.net_ubuntugis_ppa_ubuntu_dists_precise_main_binary-amd64_Packages.gz is not what the server reported 33653 36677
W: Size of file /var/lib/apt/lists/ppa.launchpad.net_ubuntugis_ppa_ubuntu_dists_precise_main_binary-i386_Packages.gz is not what the server reported 33699 36733
Reading package lists...
Building dependency tree...
Reading state information...
The following extra packages will be installed:
  libc-bin libc-dev-bin libc6-dev
Suggested packages:
  glibc-doc
The following packages will be upgraded:
  libc-bin libc-dev-bin libc6 libc6-dev
4 upgraded, 0 newly installed, 0 to remove and 258 not upgraded.
Need to get 8,840 kB of archives.
After this operation, 14.3 kB disk space will be freed.
Get:1 http://us.archive.ubuntu.com/ubuntu/ precise-updates/main libc6-dev amd64 2.15-0ubuntu10.15 [2,943 kB]
Get:2 http://us.archive.ubuntu.com/ubuntu/ precise-updates/main libc-dev-bin amd64 2.15-0ubuntu10.15 [84.7 kB]
Get:3 http://us.archive.ubuntu.com/ubuntu/ precise-updates/main libc-bin amd64 2.15-0ubuntu10.15 [1,177 kB]
Get:4 http://us.archive.ubuntu.com/ubuntu/ precise-updates/main libc6 amd64 2.15-0ubuntu10.15 [4,636 kB]
Fetched 8,840 kB in 0s (29.7 MB/s)
Preconfiguring packages ...
(Reading database ... (Reading database ... 5%(Reading database ... 10%(Reading database ... 15%(Reading database ... 20%(Reading database ... 25%(Reading database ... 30%(Reading database ... 35%(Reading database ... 40%(Reading database ... 45%(Reading database ... 50%(Reading database ... 55%(Reading database ... 60%(Reading database ... 65%(Reading database ... 70%(Reading database ... 75%(Reading database ... 80%(Reading database ... 85%(Reading database ... 90%(Reading database ... 95%(Reading database ... 100%(Reading database ... 72019 files and directories currently installed.)
Preparing to replace libc6-dev 2.15-0ubuntu10.10 (using .../libc6-dev_2.15-0ubuntu10.15_amd64.deb) ...
Unpacking replacement libc6-dev ...
Preparing to replace libc-dev-bin 2.15-0ubuntu10.10 (using .../libc-dev-bin_2.15-0ubuntu10.15_amd64.deb) ...
Unpacking replacement libc-dev-bin ...
Preparing to replace libc-bin 2.15-0ubuntu10.10 (using .../libc-bin_2.15-0ubuntu10.15_amd64.deb) ...
Unpacking replacement libc-bin ...
Processing triggers for man-db ...
Setting up libc-bin (2.15-0ubuntu10.15) ...
(Reading database ... (Reading database ... 5%(Reading database ... 10%(Reading database ... 15%(Reading database ... 20%(Reading database ... 25%(Reading database ... 30%(Reading database ... 35%(Reading database ... 40%(Reading database ... 45%(Reading database ... 50%(Reading database ... 55%(Reading database ... 60%(Reading database ... 65%(Reading database ... 70%(Reading database ... 75%(Reading database ... 80%(Reading database ... 85%(Reading database ... 90%(Reading database ... 95%(Reading database ... 100%(Reading database ... 72018 files and directories currently installed.)
Preparing to replace libc6 2.15-0ubuntu10.10 (using .../libc6_2.15-0ubuntu10.15_amd64.deb) ...
Unpacking replacement libc6 ...
Setting up libc6 (2.15-0ubuntu10.15) ...
Setting up libc-dev-bin (2.15-0ubuntu10.15) ...
Setting up libc6-dev (2.15-0ubuntu10.15) ...
Processing triggers for libc-bin ...
ldconfig deferred processing now taking place
travis_fold:end:fix.CVE-2015-7547[0Kdepth=3 C = US, O = "Entrust, Inc.", OU = www.entrust.net/CPS is incorporated by reference, OU = "(c) 2006 Entrust, Inc.", CN = Entrust Root Certification Authority
verify error:num=19:self signed certificate in certificate chain
verify return:0
DONE
travis_fold:start:git.checkout[0Ktravis_time:start:29d6c1da[0K$ git clone --depth=50 --branch=rules https://github.com/petergeneric/stdlib.git petergeneric/stdlib
Cloning into 'petergeneric/stdlib'...
remote: Counting objects: 2078, done.[K
remote: Compressing objects:   0% (1/1328)   [Kremote: Compressing objects:   1% (14/1328)   [Kremote: Compressing objects:   2% (27/1328)   [Kremote: Compressing objects:   3% (40/1328)   [Kremote: Compressing objects:   4% (54/1328)   [Kremote: Compressing objects:   5% (67/1328)   [Kremote: Compressing objects:   6% (80/1328)   [Kremote: Compressing objects:   7% (93/1328)   [Kremote: Compressing objects:   8% (107/1328)   [Kremote: Compressing objects:   9% (120/1328)   [Kremote: Compressing objects:  10% (133/1328)   [Kremote: Compressing objects:  11% (147/1328)   [Kremote: Compressing objects:  12% (160/1328)   [Kremote: Compressing objects:  13% (173/1328)   [Kremote: Compressing objects:  14% (186/1328)   [Kremote: Compressing objects:  15% (200/1328)   [Kremote: Compressing objects:  16% (213/1328)   [Kremote: Compressing objects:  17% (226/1328)   [Kremote: Compressing objects:  18% (240/1328)   [Kremote: Compressing objects:  19% (253/1328)   [Kremote: Compressing objects:  20% (266/1328)   [Kremote: Compressing objects:  21% (279/1328)   [Kremote: Compressing objects:  22% (293/1328)   [Kremote: Compressing objects:  23% (306/1328)   [Kremote: Compressing objects:  24% (319/1328)   [Kremote: Compressing objects:  25% (332/1328)   [Kremote: Compressing objects:  26% (346/1328)   [Kremote: Compressing objects:  27% (359/1328)   [Kremote: Compressing objects:  28% (372/1328)   [Kremote: Compressing objects:  29% (386/1328)   [Kremote: Compressing objects:  30% (399/1328)   [Kremote: Compressing objects:  31% (412/1328)   [Kremote: Compressing objects:  32% (425/1328)   [Kremote: Compressing objects:  33% (439/1328)   [Kremote: Compressing objects:  34% (452/1328)   [Kremote: Compressing objects:  35% (465/1328)   [Kremote: Compressing objects:  36% (479/1328)   [Kremote: Compressing objects:  37% (492/1328)   [Kremote: Compressing objects:  38% (505/1328)   [Kremote: Compressing objects:  39% (518/1328)   [Kremote: Compressing objects:  40% (532/1328)   [Kremote: Compressing objects:  41% (545/1328)   [Kremote: Compressing objects:  42% (558/1328)   [Kremote: Compressing objects:  43% (572/1328)   [Kremote: Compressing objects:  44% (585/1328)   [Kremote: Compressing objects:  45% (598/1328)   [Kremote: Compressing objects:  46% (611/1328)   [Kremote: Compressing objects:  47% (625/1328)   [Kremote: Compressing objects:  48% (638/1328)   [Kremote: Compressing objects:  49% (651/1328)   [Kremote: Compressing objects:  50% (664/1328)   [Kremote: Compressing objects:  51% (678/1328)   [Kremote: Compressing objects:  52% (691/1328)   [Kremote: Compressing objects:  53% (704/1328)   [Kremote: Compressing objects:  54% (718/1328)   [Kremote: Compressing objects:  55% (731/1328)   [Kremote: Compressing objects:  56% (744/1328)   [Kremote: Compressing objects:  57% (757/1328)   [Kremote: Compressing objects:  58% (771/1328)   [Kremote: Compressing objects:  59% (784/1328)   [Kremote: Compressing objects:  60% (797/1328)   [Kremote: Compressing objects:  61% (811/1328)   [Kremote: Compressing objects:  62% (824/1328)   [Kremote: Compressing objects:  63% (837/1328)   [Kremote: Compressing objects:  64% (850/1328)   [Kremote: Compressing objects:  65% (864/1328)   [Kremote: Compressing objects:  66% (877/1328)   [Kremote: Compressing objects:  67% (890/1328)   [Kremote: Compressing objects:  68% (904/1328)   [Kremote: Compressing objects:  69% (917/1328)   [Kremote: Compressing objects:  70% (930/1328)   [Kremote: Compressing objects:  71% (943/1328)   [Kremote: Compressing objects:  72% (957/1328)   [Kremote: Compressing objects:  73% (970/1328)   [Kremote: Compressing objects:  74% (983/1328)   [Kremote: Compressing objects:  75% (996/1328)   [Kremote: Compressing objects:  76% (1010/1328)   [Kremote: Compressing objects:  77% (1023/1328)   [Kremote: Compressing objects:  78% (1036/1328)   [Kremote: Compressing objects:  79% (1050/1328)   [Kremote: Compressing objects:  80% (1063/1328)   [Kremote: Compressing objects:  81% (1076/1328)   [Kremote: Compressing objects:  82% (1089/1328)   [Kremote: Compressing objects:  83% (1103/1328)   [Kremote: Compressing objects:  84% (1116/1328)   [Kremote: Compressing objects:  85% (1129/1328)   [Kremote: Compressing objects:  86% (1143/1328)   [Kremote: Compressing objects:  87% (1156/1328)   [Kremote: Compressing objects:  88% (1169/1328)   [Kremote: Compressing objects:  89% (1182/1328)   [Kremote: Compressing objects:  90% (1196/1328)   [Kremote: Compressing objects:  91% (1209/1328)   [Kremote: Compressing objects:  92% (1222/1328)   [Kremote: Compressing objects:  93% (1236/1328)   [Kremote: Compressing objects:  94% (1249/1328)   [Kremote: Compressing objects:  95% (1262/1328)   [Kremote: Compressing objects:  96% (1275/1328)   [Kremote: Compressing objects:  97% (1289/1328)   [Kremote: Compressing objects:  98% (1302/1328)   [Kremote: Compressing objects:  99% (1315/1328)   [Kremote: Compressing objects: 100% (1328/1328)   [Kremote: Compressing objects: 100% (1328/1328), done.[K
Receiving objects:   0% (1/2078)   Receiving objects:   1% (21/2078)   Receiving objects:   2% (42/2078)   Receiving objects:   3% (63/2078)   Receiving objects:   4% (84/2078)   Receiving objects:   5% (104/2078)   Receiving objects:   6% (125/2078)   Receiving objects:   7% (146/2078)   Receiving objects:   8% (167/2078)   Receiving objects:   9% (188/2078)   Receiving objects:  10% (208/2078)   Receiving objects:  11% (229/2078)   Receiving objects:  12% (250/2078)   Receiving objects:  13% (271/2078)   Receiving objects:  14% (291/2078)   Receiving objects:  15% (312/2078)   Receiving objects:  16% (333/2078)   Receiving objects:  17% (354/2078)   Receiving objects:  18% (375/2078)   Receiving objects:  19% (395/2078)   Receiving objects:  20% (416/2078)   Receiving objects:  21% (437/2078)   Receiving objects:  22% (458/2078)   Receiving objects:  23% (478/2078)   Receiving objects:  24% (499/2078)   Receiving objects:  25% (520/2078)   Receiving objects:  26% (541/2078)   Receiving objects:  27% (562/2078)   Receiving objects:  28% (582/2078)   Receiving objects:  29% (603/2078)   Receiving objects:  30% (624/2078)   Receiving objects:  31% (645/2078)   Receiving objects:  32% (665/2078)   Receiving objects:  33% (686/2078)   Receiving objects:  34% (707/2078)   Receiving objects:  35% (728/2078)   Receiving objects:  36% (749/2078)   Receiving objects:  37% (769/2078)   Receiving objects:  38% (790/2078)   Receiving objects:  39% (811/2078)   Receiving objects:  40% (832/2078)   Receiving objects:  41% (852/2078)   Receiving objects:  42% (873/2078)   Receiving objects:  43% (894/2078)   Receiving objects:  44% (915/2078)   Receiving objects:  45% (936/2078)   Receiving objects:  46% (956/2078)   Receiving objects:  47% (977/2078)   Receiving objects:  48% (998/2078)   Receiving objects:  49% (1019/2078)   Receiving objects:  50% (1039/2078)   Receiving objects:  51% (1060/2078)   Receiving objects:  52% (1081/2078)   Receiving objects:  53% (1102/2078)   Receiving objects:  54% (1123/2078)   Receiving objects:  55% (1143/2078)   Receiving objects:  56% (1164/2078)   Receiving objects:  57% (1185/2078)   Receiving objects:  58% (1206/2078)   Receiving objects:  59% (1227/2078)   Receiving objects:  60% (1247/2078)   Receiving objects:  61% (1268/2078)   Receiving objects:  62% (1289/2078)   Receiving objects:  63% (1310/2078)   Receiving objects:  64% (1330/2078)   Receiving objects:  65% (1351/2078)   Receiving objects:  66% (1372/2078)   remote: Total 2078 (delta 457), reused 1511 (delta 312), pack-reused 0[K
Receiving objects:  67% (1393/2078)   Receiving objects:  68% (1414/2078)   Receiving objects:  69% (1434/2078)   Receiving objects:  70% (1455/2078)   Receiving objects:  71% (1476/2078)   Receiving objects:  72% (1497/2078)   Receiving objects:  73% (1517/2078)   Receiving objects:  74% (1538/2078)   Receiving objects:  75% (1559/2078)   Receiving objects:  76% (1580/2078)   Receiving objects:  77% (1601/2078)   Receiving objects:  78% (1621/2078)   Receiving objects:  79% (1642/2078)   Receiving objects:  80% (1663/2078)   Receiving objects:  81% (1684/2078)   Receiving objects:  82% (1704/2078)   Receiving objects:  83% (1725/2078)   Receiving objects:  84% (1746/2078)   Receiving objects:  85% (1767/2078)   Receiving objects:  86% (1788/2078)   Receiving objects:  87% (1808/2078)   Receiving objects:  88% (1829/2078)   Receiving objects:  89% (1850/2078)   Receiving objects:  90% (1871/2078)   Receiving objects:  91% (1891/2078)   Receiving objects:  92% (1912/2078)   Receiving objects:  93% (1933/2078)   Receiving objects:  94% (1954/2078)   Receiving objects:  95% (1975/2078)   Receiving objects:  96% (1995/2078)   Receiving objects:  97% (2016/2078)   Receiving objects:  98% (2037/2078)   Receiving objects:  99% (2058/2078)   Receiving objects: 100% (2078/2078)   Receiving objects: 100% (2078/2078), 966.01 KiB | 0 bytes/s, done.
Resolving deltas:   0% (0/457)   Resolving deltas:  10% (49/457)   Resolving deltas:  12% (56/457)   Resolving deltas:  17% (82/457)   Resolving deltas:  18% (83/457)   Resolving deltas:  19% (87/457)   Resolving deltas:  21% (99/457)   Resolving deltas:  22% (104/457)   Resolving deltas:  23% (108/457)   Resolving deltas:  24% (110/457)   Resolving deltas:  25% (116/457)   Resolving deltas:  26% (119/457)   Resolving deltas:  27% (127/457)   Resolving deltas:  28% (128/457)   Resolving deltas:  29% (136/457)   Resolving deltas:  30% (140/457)   Resolving deltas:  31% (142/457)   Resolving deltas:  32% (147/457)   Resolving deltas:  33% (152/457)   Resolving deltas:  34% (156/457)   Resolving deltas:  35% (162/457)   Resolving deltas:  37% (171/457)   Resolving deltas:  38% (174/457)   Resolving deltas:  39% (181/457)   Resolving deltas:  40% (183/457)   Resolving deltas:  41% (189/457)   Resolving deltas:  42% (195/457)   Resolving deltas:  44% (202/457)   Resolving deltas:  45% (207/457)   Resolving deltas:  46% (211/457)   Resolving deltas:  48% (220/457)   Resolving deltas:  49% (224/457)   Resolving deltas:  50% (229/457)   Resolving deltas:  51% (234/457)   Resolving deltas:  52% (239/457)   Resolving deltas:  53% (243/457)   Resolving deltas:  54% (247/457)   Resolving deltas:  55% (252/457)   Resolving deltas:  56% (256/457)   Resolving deltas:  57% (261/457)   Resolving deltas:  58% (268/457)   Resolving deltas:  59% (273/457)   Resolving deltas:  60% (276/457)   Resolving deltas:  61% (283/457)   Resolving deltas:  62% (284/457)   Resolving deltas:  63% (291/457)   Resolving deltas:  64% (293/457)   Resolving deltas:  65% (298/457)   Resolving deltas:  66% (302/457)   Resolving deltas:  67% (308/457)   Resolving deltas:  68% (313/457)   Resolving deltas:  69% (318/457)   Resolving deltas:  70% (323/457)   Resolving deltas:  71% (325/457)   Resolving deltas:  72% (331/457)   Resolving deltas:  73% (337/457)   Resolving deltas:  74% (339/457)   Resolving deltas:  75% (343/457)   Resolving deltas:  76% (350/457)   Resolving deltas:  77% (352/457)   Resolving deltas:  78% (359/457)   Resolving deltas:  79% (363/457)   Resolving deltas:  80% (366/457)   Resolving deltas:  81% (373/457)   Resolving deltas:  82% (376/457)   Resolving deltas:  83% (380/457)   Resolving deltas:  84% (385/457)   Resolving deltas:  85% (393/457)   Resolving deltas:  86% (395/457)   Resolving deltas:  87% (398/457)   Resolving deltas:  88% (406/457)   Resolving deltas:  89% (407/457)   Resolving deltas:  90% (413/457)   Resolving deltas:  92% (421/457)   Resolving deltas:  93% (429/457)   Resolving deltas:  94% (431/457)   Resolving deltas:  96% (443/457)   Resolving deltas:  97% (444/457)   Resolving deltas:  98% (448/457)   Resolving deltas:  99% (453/457)   Resolving deltas: 100% (457/457)   Resolving deltas: 100% (457/457), done.
Checking connectivity... done.

travis_time:end:29d6c1da:start=1473958182320104502,finish=1473958183089245832,duration=769141330[0K$ cd petergeneric/stdlib
$ git checkout -qf 438602031dbbf132044801d44ab8c082253fd758
travis_fold:end:git.checkout[0K
[33;1mThis job is running on container-based infrastructure, which does not allow use of 'sudo', setuid and setguid executables.[0m
[33;1mIf you require sudo, add 'sudo: required' to your .travis.yml[0m
[33;1mSee https://docs.travis-ci.com/user/workers/container-based-infrastructure/ for details.[0m

[33;1mSetting environment variables from .travis.yml[0m
$ export COVERITY_SCAN_TOKEN=[secure]

$ jdk_switcher use oraclejdk8
Switching to Oracle JDK8 (java-8-oracle), JAVA_HOME will be set to /usr/lib/jvm/java-8-oracle
travis_fold:start:cache.1[0KSetting up build cache
$ export CASHER_DIR=$HOME/.casher
travis_time:start:00512160[0K$ Installing caching utilities

travis_time:end:00512160:start=1473958184878570798,finish=1473958184933709586,duration=55138788[0Ktravis_time:start:05c10eda[0K
travis_time:end:05c10eda:start=1473958184938968948,finish=1473958184942450147,duration=3481199[0Ktravis_time:start:1303cc80[0K[32;1mattempting to download cache archive[0m
[32;1mfetching rules/cache-linux-precise-e3b0c44298fc1c149afbf4c8996fb92427ae41e4649b934ca495991b7852b855--jdk-oraclejdk8.tgz[0m
[32;1mfound cache[0m

travis_time:end:1303cc80:start=1473958184946574047,finish=1473958194504989141,duration=9558415094[0Ktravis_time:start:21300345[0K
travis_time:end:21300345:start=1473958194508989288,finish=1473958194512427455,duration=3438167[0Ktravis_time:start:05c8e5d0[0K[32;1madding /home/travis/.m2 to cache[0m

travis_time:end:05c8e5d0:start=1473958194516290020,finish=1473958202522257673,duration=8005967653[0Ktravis_fold:end:cache.1[0K$ java -Xmx32m -version
java version "1.8.0_31"
Java(TM) SE Runtime Environment (build 1.8.0_31-b13)
Java HotSpot(TM) 64-Bit Server VM (build 25.31-b07, mixed mode)
$ javac -J-Xmx32m -version
javac 1.8.0_31
travis_fold:start:install[0Ktravis_time:start:1cb4a616[0K$ mvn install -DskipTests=true -Dmaven.javadoc.skip=true -B -V
Java HotSpot(TM) 64-Bit Server VM warning: ignoring option MaxPermSize=192m; support was removed in 8.0
Apache Maven 3.2.5 (12a6b3acb947671f09b81f49094c53f426d8cea1; 2014-12-14T17:29:23+00:00)
Maven home: /usr/local/maven
Java version: 1.8.0_31, vendor: Oracle Corporation
Java home: /usr/lib/jvm/java-8-oracle/jre
Default locale: en_US, platform encoding: UTF-8
OS name: "linux", version: "3.13.0-40-generic", arch: "amd64", family: "unix"
[INFO] Scanning for projects...
[INFO] Inspecting build with total of 20 modules...
[INFO] Installing Nexus Staging features:
[INFO]   ... total of 20 executions of maven-deploy-plugin replaced with nexus-staging-maven-plugin
[INFO] ------------------------------------------------------------------------
[INFO] Reactor Build Order:
[INFO] 
[INFO] application framework parent
[INFO] stdlib
[INFO] application framework guice modules parent
[INFO] stdlib guice common
[INFO] user-manager
[INFO] user manager rest api
[INFO] stdlib guice webapp
[INFO] stdlib guice metrics
[INFO] stdlib guice freemarker webapp
[INFO] stdlib guice testing support
[INFO] stdlib guice hibernate
[INFO] stdlib guice hibernate testing support
[INFO] stdlib guice liquibase support
[INFO] carbon client
[INFO] service-manager
[INFO] Configuration Service
[INFO] stdlib-rules
[INFO] stdlib-azure
[INFO] Service Manager Main
[INFO] user manager service
[INFO]                                                                         
[INFO] ------------------------------------------------------------------------
[INFO] Building application framework parent 9.1.5-SNAPSHOT
[INFO] ------------------------------------------------------------------------
[INFO] 
[INFO] --- maven-enforcer-plugin:1.0:enforce (enforce-maven) @ stdlib-parent ---
[INFO] 
[INFO] --- buildnumber-maven-plugin:1.3:create (default) @ stdlib-parent ---
[INFO] Executing: /bin/sh -c cd /home/travis/build/petergeneric/stdlib && git rev-parse --verify HEAD
[INFO] Working directory: /home/travis/build/petergeneric/stdlib
[INFO] Storing buildNumber: 438602031dbbf132044801d44ab8c082253fd758 at timestamp: 1473958215797
[WARNING] Cannot get the branch information from the git repository: 
Detecting the current branch failed: fatal: ref HEAD is not a symbolic ref

[INFO] Executing: /bin/sh -c cd /home/travis/build/petergeneric/stdlib && git rev-parse --verify HEAD
[INFO] Working directory: /home/travis/build/petergeneric/stdlib
[INFO] Storing buildScmBranch: UNKNOWN
[INFO] 
[INFO] --- maven-install-plugin:2.4:install (default-install) @ stdlib-parent ---
[INFO] Installing /home/travis/build/petergeneric/stdlib/pom.xml to /home/travis/.m2/repository/com/peterphi/std/stdlib-parent/9.1.5-SNAPSHOT/stdlib-parent-9.1.5-SNAPSHOT.pom
[INFO]                                                                         
[INFO] ------------------------------------------------------------------------
[INFO] Building stdlib 9.1.5-SNAPSHOT
[INFO] ------------------------------------------------------------------------
[INFO] 
[INFO] --- maven-enforcer-plugin:1.0:enforce (enforce-maven) @ stdlib ---
[INFO] 
[INFO] --- buildnumber-maven-plugin:1.3:create (default) @ stdlib ---
[INFO] 
[INFO] --- maven-resources-plugin:2.6:resources (default-resources) @ stdlib ---
[INFO] Using 'UTF-8' encoding to copy filtered resources.
[INFO] skip non existing resourceDirectory /home/travis/build/petergeneric/stdlib/stdlib/src/main/resources
[INFO] 
[INFO] --- maven-compiler-plugin:3.3:compile (default-compile) @ stdlib ---
[INFO] Changes detected - recompiling the module!
[INFO] Compiling 82 source files to /home/travis/build/petergeneric/stdlib/stdlib/target/classes
[INFO] /home/travis/build/petergeneric/stdlib/stdlib/src/main/java/com/peterphi/std/util/ListUtility.java: /home/travis/build/petergeneric/stdlib/stdlib/src/main/java/com/peterphi/std/util/ListUtility.java uses unchecked or unsafe operations.
[INFO] /home/travis/build/petergeneric/stdlib/stdlib/src/main/java/com/peterphi/std/util/ListUtility.java: Recompile with -Xlint:unchecked for details.
[INFO] 
[INFO] --- maven-resources-plugin:2.6:testResources (default-testResources) @ stdlib ---
[INFO] Using 'UTF-8' encoding to copy filtered resources.
[INFO] skip non existing resourceDirectory /home/travis/build/petergeneric/stdlib/stdlib/src/test/resources
[INFO] 
[INFO] --- maven-compiler-plugin:3.3:testCompile (default-testCompile) @ stdlib ---
[INFO] Changes detected - recompiling the module!
[INFO] Compiling 13 source files to /home/travis/build/petergeneric/stdlib/stdlib/target/test-classes
[INFO] /home/travis/build/petergeneric/stdlib/stdlib/src/test/java/com/peterphi/std/types/TimecodeTest.java: /home/travis/build/petergeneric/stdlib/stdlib/src/test/java/com/peterphi/std/types/TimecodeTest.java uses or overrides a deprecated API.
[INFO] /home/travis/build/petergeneric/stdlib/stdlib/src/test/java/com/peterphi/std/types/TimecodeTest.java: Recompile with -Xlint:deprecation for details.
[INFO] 
[INFO] --- maven-surefire-plugin:2.19:test (default-test) @ stdlib ---
[INFO] Tests are skipped.
[INFO] 
[INFO] --- maven-jar-plugin:2.6:jar (default-jar) @ stdlib ---
[INFO] Building jar: /home/travis/build/petergeneric/stdlib/stdlib/target/stdlib-9.1.5-SNAPSHOT.jar
[INFO] 
[INFO] --- maven-install-plugin:2.4:install (default-install) @ stdlib ---
[INFO] Installing /home/travis/build/petergeneric/stdlib/stdlib/target/stdlib-9.1.5-SNAPSHOT.jar to /home/travis/.m2/repository/com/peterphi/std/stdlib/9.1.5-SNAPSHOT/stdlib-9.1.5-SNAPSHOT.jar
[INFO] Installing /home/travis/build/petergeneric/stdlib/stdlib/pom.xml to /home/travis/.m2/repository/com/peterphi/std/stdlib/9.1.5-SNAPSHOT/stdlib-9.1.5-SNAPSHOT.pom
[INFO]                                                                         
[INFO] ------------------------------------------------------------------------
[INFO] Building application framework guice modules parent 9.1.5-SNAPSHOT
[INFO] ------------------------------------------------------------------------
[INFO] 
[INFO] --- maven-enforcer-plugin:1.0:enforce (enforce-maven) @ stdlib-guice-parent ---
[INFO] 
[INFO] --- buildnumber-maven-plugin:1.3:create (default) @ stdlib-guice-parent ---
[INFO] 
[INFO] --- maven-install-plugin:2.4:install (default-install) @ stdlib-guice-parent ---
[INFO] Installing /home/travis/build/petergeneric/stdlib/guice/pom.xml to /home/travis/.m2/repository/com/peterphi/std/guice/stdlib-guice-parent/9.1.5-SNAPSHOT/stdlib-guice-parent-9.1.5-SNAPSHOT.pom
[INFO]                                                                         
[INFO] ------------------------------------------------------------------------
[INFO] Building stdlib guice common 9.1.5-SNAPSHOT
[INFO] ------------------------------------------------------------------------
[WARNING] The artifact xml-apis:xml-apis:jar:2.0.2 has been relocated to xml-apis:xml-apis:jar:1.0.b2
[INFO] 
[INFO] --- maven-enforcer-plugin:1.0:enforce (enforce-maven) @ stdlib-guice-common ---
[INFO] 
[INFO] --- buildnumber-maven-plugin:1.3:create (default) @ stdlib-guice-common ---
[INFO] 
[INFO] --- maven-resources-plugin:2.6:resources (default-resources) @ stdlib-guice-common ---
[INFO] Using 'UTF-8' encoding to copy filtered resources.
[INFO] Copying 1 resource
[INFO] 
[INFO] --- maven-compiler-plugin:3.3:compile (default-compile) @ stdlib-guice-common ---
[INFO] Changes detected - recompiling the module!
[INFO] Compiling 137 source files to /home/travis/build/petergeneric/stdlib/guice/common/target/classes
[INFO] /home/travis/build/petergeneric/stdlib/guice/common/src/main/java/com/peterphi/std/guice/restclient/resteasy/impl/BearerAuthSchemeProvider.java: /home/travis/build/petergeneric/stdlib/guice/common/src/main/java/com/peterphi/std/guice/restclient/resteasy/impl/BearerAuthSchemeProvider.java uses or overrides a deprecated API.
[INFO] /home/travis/build/petergeneric/stdlib/guice/common/src/main/java/com/peterphi/std/guice/restclient/resteasy/impl/BearerAuthSchemeProvider.java: Recompile with -Xlint:deprecation for details.
[INFO] /home/travis/build/petergeneric/stdlib/guice/common/src/main/java/com/peterphi/std/guice/common/serviceprops/ConfigurationProperty.java: Some input files use unchecked or unsafe operations.
[INFO] /home/travis/build/petergeneric/stdlib/guice/common/src/main/java/com/peterphi/std/guice/common/serviceprops/ConfigurationProperty.java: Recompile with -Xlint:unchecked for details.
[INFO] 
[INFO] --- maven-resources-plugin:2.6:testResources (default-testResources) @ stdlib-guice-common ---
[INFO] Using 'UTF-8' encoding to copy filtered resources.
[INFO] Copying 2 resources
[INFO] 
[INFO] --- maven-compiler-plugin:3.3:testCompile (default-testCompile) @ stdlib-guice-common ---
[INFO] Changes detected - recompiling the module!
[INFO] Compiling 12 source files to /home/travis/build/petergeneric/stdlib/guice/common/target/test-classes
[INFO] 
[INFO] --- maven-surefire-plugin:2.19:test (default-test) @ stdlib-guice-common ---
[INFO] Tests are skipped.
[INFO] 
[INFO] --- maven-jar-plugin:2.6:jar (default-jar) @ stdlib-guice-common ---
[INFO] Building jar: /home/travis/build/petergeneric/stdlib/guice/common/target/stdlib-guice-common-9.1.5-SNAPSHOT.jar
[INFO] 
[INFO] --- maven-install-plugin:2.4:install (default-install) @ stdlib-guice-common ---
[INFO] Installing /home/travis/build/petergeneric/stdlib/guice/common/target/stdlib-guice-common-9.1.5-SNAPSHOT.jar to /home/travis/.m2/repository/com/peterphi/std/guice/stdlib-guice-common/9.1.5-SNAPSHOT/stdlib-guice-common-9.1.5-SNAPSHOT.jar
[INFO] Installing /home/travis/build/petergeneric/stdlib/guice/common/pom.xml to /home/travis/.m2/repository/com/peterphi/std/guice/stdlib-guice-common/9.1.5-SNAPSHOT/stdlib-guice-common-9.1.5-SNAPSHOT.pom
[INFO]                                                                         
[INFO] ------------------------------------------------------------------------
[INFO] Building user-manager 9.1.5-SNAPSHOT
[INFO] ------------------------------------------------------------------------
[INFO] 
[INFO] --- maven-enforcer-plugin:1.0:enforce (enforce-maven) @ user-manager-parent ---
[INFO] 
[INFO] --- buildnumber-maven-plugin:1.3:create (default) @ user-manager-parent ---
[INFO] 
[INFO] --- maven-install-plugin:2.4:install (default-install) @ user-manager-parent ---
[INFO] Installing /home/travis/build/petergeneric/stdlib/user-manager/pom.xml to /home/travis/.m2/repository/com/peterphi/user-manager/user-manager-parent/9.1.5-SNAPSHOT/user-manager-parent-9.1.5-SNAPSHOT.pom
[INFO]                                                                         
[INFO] ------------------------------------------------------------------------
[INFO] Building user manager rest api 9.1.5-SNAPSHOT
[INFO] ------------------------------------------------------------------------
[INFO] 
[INFO] --- maven-enforcer-plugin:1.0:enforce (enforce-maven) @ user-manager-api ---
[INFO] 
[INFO] --- buildnumber-maven-plugin:1.3:create (default) @ user-manager-api ---
[INFO] 
[INFO] --- maven-resources-plugin:2.6:resources (default-resources) @ user-manager-api ---
[INFO] Using 'UTF-8' encoding to copy filtered resources.
[INFO] skip non existing resourceDirectory /home/travis/build/petergeneric/stdlib/user-manager/api/src/main/resources
[INFO] 
[INFO] --- maven-compiler-plugin:3.3:compile (default-compile) @ user-manager-api ---
[INFO] Changes detected - recompiling the module!
[INFO] Compiling 5 source files to /home/travis/build/petergeneric/stdlib/user-manager/api/target/classes
[INFO] 
[INFO] --- maven-resources-plugin:2.6:testResources (default-testResources) @ user-manager-api ---
[INFO] Using 'UTF-8' encoding to copy filtered resources.
[INFO] skip non existing resourceDirectory /home/travis/build/petergeneric/stdlib/user-manager/api/src/test/resources
[INFO] 
[INFO] --- maven-compiler-plugin:3.3:testCompile (default-testCompile) @ user-manager-api ---
[INFO] No sources to compile
[INFO] 
[INFO] --- maven-surefire-plugin:2.19:test (default-test) @ user-manager-api ---
[INFO] Tests are skipped.
[INFO] 
[INFO] --- maven-jar-plugin:2.6:jar (default-jar) @ user-manager-api ---
[INFO] Building jar: /home/travis/build/petergeneric/stdlib/user-manager/api/target/user-manager-api-9.1.5-SNAPSHOT.jar
[INFO] 
[INFO] --- maven-install-plugin:2.4:install (default-install) @ user-manager-api ---
[INFO] Installing /home/travis/build/petergeneric/stdlib/user-manager/api/target/user-manager-api-9.1.5-SNAPSHOT.jar to /home/travis/.m2/repository/com/peterphi/user-manager/user-manager-api/9.1.5-SNAPSHOT/user-manager-api-9.1.5-SNAPSHOT.jar
[INFO] Installing /home/travis/build/petergeneric/stdlib/user-manager/api/pom.xml to /home/travis/.m2/repository/com/peterphi/user-manager/user-manager-api/9.1.5-SNAPSHOT/user-manager-api-9.1.5-SNAPSHOT.pom
[INFO]                                                                         
[INFO] ------------------------------------------------------------------------
[INFO] Building stdlib guice webapp 9.1.5-SNAPSHOT
[INFO] ------------------------------------------------------------------------
[WARNING] The artifact xml-apis:xml-apis:jar:2.0.2 has been relocated to xml-apis:xml-apis:jar:1.0.b2
[INFO] 
[INFO] --- maven-enforcer-plugin:1.0:enforce (enforce-maven) @ stdlib-guice-webapp ---
[INFO] 
[INFO] --- buildnumber-maven-plugin:1.3:create (default) @ stdlib-guice-webapp ---
[INFO] 
[INFO] --- maven-resources-plugin:2.6:resources (default-resources) @ stdlib-guice-webapp ---
[INFO] Using 'UTF-8' encoding to copy filtered resources.
[INFO] Copying 9 resources
[INFO] 
[INFO] --- maven-compiler-plugin:3.3:compile (default-compile) @ stdlib-guice-webapp ---
[INFO] Changes detected - recompiling the module!
[INFO] Compiling 81 source files to /home/travis/build/petergeneric/stdlib/guice/webapp/target/classes
[INFO] /home/travis/build/petergeneric/stdlib/guice/webapp/src/main/java/com/peterphi/std/guice/web/rest/resteasy/DelegatingHttpServletRequest.java: /home/travis/build/petergeneric/stdlib/guice/webapp/src/main/java/com/peterphi/std/guice/web/rest/resteasy/DelegatingHttpServletRequest.java uses or overrides a deprecated API.
[INFO] /home/travis/build/petergeneric/stdlib/guice/webapp/src/main/java/com/peterphi/std/guice/web/rest/resteasy/DelegatingHttpServletRequest.java: Recompile with -Xlint:deprecation for details.
[INFO] /home/travis/build/petergeneric/stdlib/guice/webapp/src/main/java/com/peterphi/std/guice/web/rest/setup/JAXRSClientProvider.java: Some input files use unchecked or unsafe operations.
[INFO] /home/travis/build/petergeneric/stdlib/guice/webapp/src/main/java/com/peterphi/std/guice/web/rest/setup/JAXRSClientProvider.java: Recompile with -Xlint:unchecked for details.
[INFO] 
[INFO] --- maven-resources-plugin:2.6:testResources (default-testResources) @ stdlib-guice-webapp ---
[INFO] Using 'UTF-8' encoding to copy filtered resources.
[INFO] skip non existing resourceDirectory /home/travis/build/petergeneric/stdlib/guice/webapp/src/test/resources
[INFO] 
[INFO] --- maven-compiler-plugin:3.3:testCompile (default-testCompile) @ stdlib-guice-webapp ---
[INFO] Changes detected - recompiling the module!
[INFO] Compiling 2 source files to /home/travis/build/petergeneric/stdlib/guice/webapp/target/test-classes
[INFO] 
[INFO] --- maven-surefire-plugin:2.19:test (default-test) @ stdlib-guice-webapp ---
[INFO] Tests are skipped.
[INFO] 
[INFO] --- maven-jar-plugin:2.6:jar (default-jar) @ stdlib-guice-webapp ---
[INFO] Building jar: /home/travis/build/petergeneric/stdlib/guice/webapp/target/stdlib-guice-webapp-9.1.5-SNAPSHOT.jar
[INFO] 
[INFO] --- maven-install-plugin:2.4:install (default-install) @ stdlib-guice-webapp ---
[INFO] Installing /home/travis/build/petergeneric/stdlib/guice/webapp/target/stdlib-guice-webapp-9.1.5-SNAPSHOT.jar to /home/travis/.m2/repository/com/peterphi/std/guice/stdlib-guice-webapp/9.1.5-SNAPSHOT/stdlib-guice-webapp-9.1.5-SNAPSHOT.jar
[INFO] Installing /home/travis/build/petergeneric/stdlib/guice/webapp/pom.xml to /home/travis/.m2/repository/com/peterphi/std/guice/stdlib-guice-webapp/9.1.5-SNAPSHOT/stdlib-guice-webapp-9.1.5-SNAPSHOT.pom
[INFO]                                                                         
[INFO] ------------------------------------------------------------------------
[INFO] Building stdlib guice metrics 9.1.5-SNAPSHOT
[INFO] ------------------------------------------------------------------------
[INFO] 
[INFO] --- maven-enforcer-plugin:1.0:enforce (enforce-maven) @ stdlib-guice-metrics ---
[INFO] 
[INFO] --- buildnumber-maven-plugin:1.3:create (default) @ stdlib-guice-metrics ---
[INFO] 
[INFO] --- maven-resources-plugin:2.6:resources (default-resources) @ stdlib-guice-metrics ---
[INFO] Using 'UTF-8' encoding to copy filtered resources.
[INFO] Copying 3 resources
[INFO] 
[INFO] --- maven-compiler-plugin:3.3:compile (default-compile) @ stdlib-guice-metrics ---
[INFO] Changes detected - recompiling the module!
[INFO] Compiling 20 source files to /home/travis/build/petergeneric/stdlib/guice/metrics/target/classes
[INFO] /home/travis/build/petergeneric/stdlib/guice/metrics/src/main/java/com/peterphi/std/guice/metrics/rest/impl/MetricsRestServiceImpl.java: /home/travis/build/petergeneric/stdlib/guice/metrics/src/main/java/com/peterphi/std/guice/metrics/rest/impl/MetricsRestServiceImpl.java uses unchecked or unsafe operations.
[INFO] /home/travis/build/petergeneric/stdlib/guice/metrics/src/main/java/com/peterphi/std/guice/metrics/rest/impl/MetricsRestServiceImpl.java: Recompile with -Xlint:unchecked for details.
[INFO] 
[INFO] --- maven-resources-plugin:2.6:testResources (default-testResources) @ stdlib-guice-metrics ---
[INFO] Using 'UTF-8' encoding to copy filtered resources.
[INFO] skip non existing resourceDirectory /home/travis/build/petergeneric/stdlib/guice/metrics/src/test/resources
[INFO] 
[INFO] --- maven-compiler-plugin:3.3:testCompile (default-testCompile) @ stdlib-guice-metrics ---
[INFO] No sources to compile
[INFO] 
[INFO] --- maven-surefire-plugin:2.19:test (default-test) @ stdlib-guice-metrics ---
[INFO] Tests are skipped.
[INFO] 
[INFO] --- maven-jar-plugin:2.6:jar (default-jar) @ stdlib-guice-metrics ---
[INFO] Building jar: /home/travis/build/petergeneric/stdlib/guice/metrics/target/stdlib-guice-metrics-9.1.5-SNAPSHOT.jar
[INFO] 
[INFO] --- maven-install-plugin:2.4:install (default-install) @ stdlib-guice-metrics ---
[INFO] Installing /home/travis/build/petergeneric/stdlib/guice/metrics/target/stdlib-guice-metrics-9.1.5-SNAPSHOT.jar to /home/travis/.m2/repository/com/peterphi/std/guice/stdlib-guice-metrics/9.1.5-SNAPSHOT/stdlib-guice-metrics-9.1.5-SNAPSHOT.jar
[INFO] Installing /home/travis/build/petergeneric/stdlib/guice/metrics/pom.xml to /home/travis/.m2/repository/com/peterphi/std/guice/stdlib-guice-metrics/9.1.5-SNAPSHOT/stdlib-guice-metrics-9.1.5-SNAPSHOT.pom
[INFO]                                                                         
[INFO] ------------------------------------------------------------------------
[INFO] Building stdlib guice freemarker webapp 9.1.5-SNAPSHOT
[INFO] ------------------------------------------------------------------------
[INFO] 
[INFO] --- maven-enforcer-plugin:1.0:enforce (enforce-maven) @ stdlib-guice-freemarker ---
[INFO] 
[INFO] --- buildnumber-maven-plugin:1.3:create (default) @ stdlib-guice-freemarker ---
[INFO] 
[INFO] --- maven-resources-plugin:2.6:resources (default-resources) @ stdlib-guice-freemarker ---
[INFO] Using 'UTF-8' encoding to copy filtered resources.
[INFO] skip non existing resourceDirectory /home/travis/build/petergeneric/stdlib/guice/freemarker/src/main/resources
[INFO] 
[INFO] --- maven-compiler-plugin:3.3:compile (default-compile) @ stdlib-guice-freemarker ---
[INFO] Changes detected - recompiling the module!
[INFO] Compiling 5 source files to /home/travis/build/petergeneric/stdlib/guice/freemarker/target/classes
[INFO] 
[INFO] --- maven-resources-plugin:2.6:testResources (default-testResources) @ stdlib-guice-freemarker ---
[INFO] Using 'UTF-8' encoding to copy filtered resources.
[INFO] skip non existing resourceDirectory /home/travis/build/petergeneric/stdlib/guice/freemarker/src/test/resources
[INFO] 
[INFO] --- maven-compiler-plugin:3.3:testCompile (default-testCompile) @ stdlib-guice-freemarker ---
[INFO] No sources to compile
[INFO] 
[INFO] --- maven-surefire-plugin:2.19:test (default-test) @ stdlib-guice-freemarker ---
[INFO] Tests are skipped.
[INFO] 
[INFO] --- maven-jar-plugin:2.6:jar (default-jar) @ stdlib-guice-freemarker ---
[INFO] Building jar: /home/travis/build/petergeneric/stdlib/guice/freemarker/target/stdlib-guice-freemarker-9.1.5-SNAPSHOT.jar
[INFO] 
[INFO] --- maven-install-plugin:2.4:install (default-install) @ stdlib-guice-freemarker ---
[INFO] Installing /home/travis/build/petergeneric/stdlib/guice/freemarker/target/stdlib-guice-freemarker-9.1.5-SNAPSHOT.jar to /home/travis/.m2/repository/com/peterphi/std/guice/stdlib-guice-freemarker/9.1.5-SNAPSHOT/stdlib-guice-freemarker-9.1.5-SNAPSHOT.jar
[INFO] Installing /home/travis/build/petergeneric/stdlib/guice/freemarker/pom.xml to /home/travis/.m2/repository/com/peterphi/std/guice/stdlib-guice-freemarker/9.1.5-SNAPSHOT/stdlib-guice-freemarker-9.1.5-SNAPSHOT.pom
[INFO]                                                                         
[INFO] ------------------------------------------------------------------------
[INFO] Building stdlib guice testing support 9.1.5-SNAPSHOT
[INFO] ------------------------------------------------------------------------
[INFO] 
[INFO] --- maven-enforcer-plugin:1.0:enforce (enforce-maven) @ stdlib-guice-testing ---
[INFO] 
[INFO] --- buildnumber-maven-plugin:1.3:create (default) @ stdlib-guice-testing ---
[INFO] 
[INFO] --- maven-resources-plugin:2.6:resources (default-resources) @ stdlib-guice-testing ---
[INFO] Using 'UTF-8' encoding to copy filtered resources.
[INFO] skip non existing resourceDirectory /home/travis/build/petergeneric/stdlib/guice/testing/src/main/resources
[INFO] 
[INFO] --- maven-compiler-plugin:3.3:compile (default-compile) @ stdlib-guice-testing ---
[INFO] Changes detected - recompiling the module!
[INFO] Compiling 15 source files to /home/travis/build/petergeneric/stdlib/guice/testing/target/classes
[INFO] /home/travis/build/petergeneric/stdlib/guice/testing/src/main/java/com/peterphi/std/guice/testing/AutomockAnnotatedMockModule.java: /home/travis/build/petergeneric/stdlib/guice/testing/src/main/java/com/peterphi/std/guice/testing/AutomockAnnotatedMockModule.java uses unchecked or unsafe operations.
[INFO] /home/travis/build/petergeneric/stdlib/guice/testing/src/main/java/com/peterphi/std/guice/testing/AutomockAnnotatedMockModule.java: Recompile with -Xlint:unchecked for details.
[INFO] 
[INFO] --- maven-resources-plugin:2.6:testResources (default-testResources) @ stdlib-guice-testing ---
[INFO] Using 'UTF-8' encoding to copy filtered resources.
[INFO] skip non existing resourceDirectory /home/travis/build/petergeneric/stdlib/guice/testing/src/test/resources
[INFO] 
[INFO] --- maven-compiler-plugin:3.3:testCompile (default-testCompile) @ stdlib-guice-testing ---
[INFO] Changes detected - recompiling the module!
[INFO] Compiling 2 source files to /home/travis/build/petergeneric/stdlib/guice/testing/target/test-classes
[INFO] 
[INFO] --- maven-surefire-plugin:2.19:test (default-test) @ stdlib-guice-testing ---
[INFO] Tests are skipped.
[INFO] 
[INFO] --- maven-jar-plugin:2.6:jar (default-jar) @ stdlib-guice-testing ---
[INFO] Building jar: /home/travis/build/petergeneric/stdlib/guice/testing/target/stdlib-guice-testing-9.1.5-SNAPSHOT.jar
[INFO] 
[INFO] --- maven-install-plugin:2.4:install (default-install) @ stdlib-guice-testing ---
[INFO] Installing /home/travis/build/petergeneric/stdlib/guice/testing/target/stdlib-guice-testing-9.1.5-SNAPSHOT.jar to /home/travis/.m2/repository/com/peterphi/std/guice/stdlib-guice-testing/9.1.5-SNAPSHOT/stdlib-guice-testing-9.1.5-SNAPSHOT.jar
[INFO] Installing /home/travis/build/petergeneric/stdlib/guice/testing/pom.xml to /home/travis/.m2/repository/com/peterphi/std/guice/stdlib-guice-testing/9.1.5-SNAPSHOT/stdlib-guice-testing-9.1.5-SNAPSHOT.pom
[INFO]                                                                         
[INFO] ------------------------------------------------------------------------
[INFO] Building stdlib guice hibernate 9.1.5-SNAPSHOT
[INFO] ------------------------------------------------------------------------
[INFO] 
[INFO] --- maven-enforcer-plugin:1.0:enforce (enforce-maven) @ stdlib-guice-hibernate ---
[INFO] 
[INFO] --- buildnumber-maven-plugin:1.3:create (default) @ stdlib-guice-hibernate ---
[INFO] 
[INFO] --- maven-resources-plugin:2.6:resources (default-resources) @ stdlib-guice-hibernate ---
[INFO] Using 'UTF-8' encoding to copy filtered resources.
[INFO] Copying 1 resource
[INFO] 
[INFO] --- maven-compiler-plugin:3.3:compile (default-compile) @ stdlib-guice-hibernate ---
[INFO] Changes detected - recompiling the module!
[INFO] Compiling 61 source files to /home/travis/build/petergeneric/stdlib/guice/hibernate/target/classes
[INFO] /home/travis/build/petergeneric/stdlib/guice/hibernate/src/main/java/com/peterphi/std/guice/hibernate/module/HibernateServiceRegistryProvider.java: Some input files use or override a deprecated API.
[INFO] /home/travis/build/petergeneric/stdlib/guice/hibernate/src/main/java/com/peterphi/std/guice/hibernate/module/HibernateServiceRegistryProvider.java: Recompile with -Xlint:deprecation for details.
[INFO] /home/travis/build/petergeneric/stdlib/guice/hibernate/src/main/java/com/peterphi/std/guice/hibernate/dao/HibernateDao.java: /home/travis/build/petergeneric/stdlib/guice/hibernate/src/main/java/com/peterphi/std/guice/hibernate/dao/HibernateDao.java uses unchecked or unsafe operations.
[INFO] /home/travis/build/petergeneric/stdlib/guice/hibernate/src/main/java/com/peterphi/std/guice/hibernate/dao/HibernateDao.java: Recompile with -Xlint:unchecked for details.
[INFO] 
[INFO] --- maven-resources-plugin:2.6:testResources (default-testResources) @ stdlib-guice-hibernate ---
[INFO] Using 'UTF-8' encoding to copy filtered resources.
[INFO] Copying 2 resources
[INFO] 
[INFO] --- maven-compiler-plugin:3.3:testCompile (default-testCompile) @ stdlib-guice-hibernate ---
[INFO] Changes detected - recompiling the module!
[INFO] Compiling 32 source files to /home/travis/build/petergeneric/stdlib/guice/hibernate/target/test-classes
[INFO] 
[INFO] --- maven-surefire-plugin:2.19:test (default-test) @ stdlib-guice-hibernate ---
[INFO] Tests are skipped.
[INFO] 
[INFO] --- maven-jar-plugin:2.6:jar (default-jar) @ stdlib-guice-hibernate ---
[INFO] Building jar: /home/travis/build/petergeneric/stdlib/guice/hibernate/target/stdlib-guice-hibernate-9.1.5-SNAPSHOT.jar
[INFO] 
[INFO] --- maven-install-plugin:2.4:install (default-install) @ stdlib-guice-hibernate ---
[INFO] Installing /home/travis/build/petergeneric/stdlib/guice/hibernate/target/stdlib-guice-hibernate-9.1.5-SNAPSHOT.jar to /home/travis/.m2/repository/com/peterphi/std/guice/stdlib-guice-hibernate/9.1.5-SNAPSHOT/stdlib-guice-hibernate-9.1.5-SNAPSHOT.jar
[INFO] Installing /home/travis/build/petergeneric/stdlib/guice/hibernate/pom.xml to /home/travis/.m2/repository/com/peterphi/std/guice/stdlib-guice-hibernate/9.1.5-SNAPSHOT/stdlib-guice-hibernate-9.1.5-SNAPSHOT.pom
[INFO]                                                                         
[INFO] ------------------------------------------------------------------------
[INFO] Building stdlib guice hibernate testing support 9.1.5-SNAPSHOT
[INFO] ------------------------------------------------------------------------
[INFO] 
[INFO] --- maven-enforcer-plugin:1.0:enforce (enforce-maven) @ stdlib-guice-hibernate-testing ---
[INFO] 
[INFO] --- buildnumber-maven-plugin:1.3:create (default) @ stdlib-guice-hibernate-testing ---
[INFO] 
[INFO] --- maven-resources-plugin:2.6:resources (default-resources) @ stdlib-guice-hibernate-testing ---
[INFO] Using 'UTF-8' encoding to copy filtered resources.
[INFO] Copying 2 resources
[INFO] 
[INFO] --- maven-compiler-plugin:3.3:compile (default-compile) @ stdlib-guice-hibernate-testing ---
[INFO] Changes detected - recompiling the module!
[INFO] Compiling 4 source files to /home/travis/build/petergeneric/stdlib/guice/hibernate-testing/target/classes
[INFO] 
[INFO] --- maven-resources-plugin:2.6:testResources (default-testResources) @ stdlib-guice-hibernate-testing ---
[INFO] Using 'UTF-8' encoding to copy filtered resources.
[INFO] Copying 1 resource
[INFO] 
[INFO] --- maven-compiler-plugin:3.3:testCompile (default-testCompile) @ stdlib-guice-hibernate-testing ---
[INFO] Changes detected - recompiling the module!
[INFO] Compiling 3 source files to /home/travis/build/petergeneric/stdlib/guice/hibernate-testing/target/test-classes
[INFO] 
[INFO] --- maven-surefire-plugin:2.19:test (default-test) @ stdlib-guice-hibernate-testing ---
[INFO] Tests are skipped.
[INFO] 
[INFO] --- maven-jar-plugin:2.6:jar (default-jar) @ stdlib-guice-hibernate-testing ---
[INFO] Building jar: /home/travis/build/petergeneric/stdlib/guice/hibernate-testing/target/stdlib-guice-hibernate-testing-9.1.5-SNAPSHOT.jar
[INFO] 
[INFO] --- maven-install-plugin:2.4:install (default-install) @ stdlib-guice-hibernate-testing ---
[INFO] Installing /home/travis/build/petergeneric/stdlib/guice/hibernate-testing/target/stdlib-guice-hibernate-testing-9.1.5-SNAPSHOT.jar to /home/travis/.m2/repository/com/peterphi/std/guice/stdlib-guice-hibernate-testing/9.1.5-SNAPSHOT/stdlib-guice-hibernate-testing-9.1.5-SNAPSHOT.jar
[INFO] Installing /home/travis/build/petergeneric/stdlib/guice/hibernate-testing/pom.xml to /home/travis/.m2/repository/com/peterphi/std/guice/stdlib-guice-hibernate-testing/9.1.5-SNAPSHOT/stdlib-guice-hibernate-testing-9.1.5-SNAPSHOT.pom
[INFO]                                                                         
[INFO] ------------------------------------------------------------------------
[INFO] Building stdlib guice liquibase support 9.1.5-SNAPSHOT
[INFO] ------------------------------------------------------------------------
[INFO] 
[INFO] --- maven-enforcer-plugin:1.0:enforce (enforce-maven) @ stdlib-guice-liquibase ---
[INFO] 
[INFO] --- buildnumber-maven-plugin:1.3:create (default) @ stdlib-guice-liquibase ---
[INFO] 
[INFO] --- maven-resources-plugin:2.6:resources (default-resources) @ stdlib-guice-liquibase ---
[INFO] Using 'UTF-8' encoding to copy filtered resources.
[INFO] Copying 1 resource
[INFO] 
[INFO] --- maven-compiler-plugin:3.3:compile (default-compile) @ stdlib-guice-liquibase ---
[INFO] Changes detected - recompiling the module!
[INFO] Compiling 8 source files to /home/travis/build/petergeneric/stdlib/guice/liquibase/target/classes
[INFO] 
[INFO] --- maven-resources-plugin:2.6:testResources (default-testResources) @ stdlib-guice-liquibase ---
[INFO] Using 'UTF-8' encoding to copy filtered resources.
[INFO] Copying 4 resources
[INFO] 
[INFO] --- maven-compiler-plugin:3.3:testCompile (default-testCompile) @ stdlib-guice-liquibase ---
[INFO] Changes detected - recompiling the module!
[INFO] Compiling 3 source files to /home/travis/build/petergeneric/stdlib/guice/liquibase/target/test-classes
[INFO] 
[INFO] --- maven-surefire-plugin:2.19:test (default-test) @ stdlib-guice-liquibase ---
[INFO] Tests are skipped.
[INFO] 
[INFO] --- maven-jar-plugin:2.6:jar (default-jar) @ stdlib-guice-liquibase ---
[INFO] Building jar: /home/travis/build/petergeneric/stdlib/guice/liquibase/target/stdlib-guice-liquibase-9.1.5-SNAPSHOT.jar
[INFO] 
[INFO] --- maven-install-plugin:2.4:install (default-install) @ stdlib-guice-liquibase ---
[INFO] Installing /home/travis/build/petergeneric/stdlib/guice/liquibase/target/stdlib-guice-liquibase-9.1.5-SNAPSHOT.jar to /home/travis/.m2/repository/com/peterphi/std/guice/stdlib-guice-liquibase/9.1.5-SNAPSHOT/stdlib-guice-liquibase-9.1.5-SNAPSHOT.jar
[INFO] Installing /home/travis/build/petergeneric/stdlib/guice/liquibase/pom.xml to /home/travis/.m2/repository/com/peterphi/std/guice/stdlib-guice-liquibase/9.1.5-SNAPSHOT/stdlib-guice-liquibase-9.1.5-SNAPSHOT.pom
[INFO]                                                                         
[INFO] ------------------------------------------------------------------------
[INFO] Building carbon client 9.1.5-SNAPSHOT
[INFO] ------------------------------------------------------------------------
[INFO] 
[INFO] --- maven-enforcer-plugin:1.0:enforce (enforce-maven) @ carbon-client ---
[INFO] 
[INFO] --- buildnumber-maven-plugin:1.3:create (default) @ carbon-client ---
[INFO] 
[INFO] --- maven-resources-plugin:2.6:resources (default-resources) @ carbon-client ---
[INFO] Using 'UTF-8' encoding to copy filtered resources.
[INFO] Copying 1 resource
[INFO] 
[INFO] --- maven-compiler-plugin:3.3:compile (default-compile) @ carbon-client ---
[INFO] Changes detected - recompiling the module!
[INFO] Compiling 28 source files to /home/travis/build/petergeneric/stdlib/util/carbon-client/target/classes
[INFO] 
[INFO] --- maven-resources-plugin:2.6:testResources (default-testResources) @ carbon-client ---
[INFO] Using 'UTF-8' encoding to copy filtered resources.
[INFO] Copying 3 resources
[INFO] 
[INFO] --- maven-compiler-plugin:3.3:testCompile (default-testCompile) @ carbon-client ---
[INFO] Changes detected - recompiling the module!
[INFO] Compiling 2 source files to /home/travis/build/petergeneric/stdlib/util/carbon-client/target/test-classes
[INFO] 
[INFO] --- maven-surefire-plugin:2.19:test (default-test) @ carbon-client ---
[INFO] Tests are skipped.
[INFO] 
[INFO] --- maven-jar-plugin:2.6:jar (default-jar) @ carbon-client ---
[INFO] Building jar: /home/travis/build/petergeneric/stdlib/util/carbon-client/target/carbon-client-9.1.5-SNAPSHOT.jar
[INFO] 
[INFO] --- maven-install-plugin:2.4:install (default-install) @ carbon-client ---
[INFO] Installing /home/travis/build/petergeneric/stdlib/util/carbon-client/target/carbon-client-9.1.5-SNAPSHOT.jar to /home/travis/.m2/repository/com/peterphi/std/util/carbon/carbon-client/9.1.5-SNAPSHOT/carbon-client-9.1.5-SNAPSHOT.jar
[INFO] Installing /home/travis/build/petergeneric/stdlib/util/carbon-client/pom.xml to /home/travis/.m2/repository/com/peterphi/std/util/carbon/carbon-client/9.1.5-SNAPSHOT/carbon-client-9.1.5-SNAPSHOT.pom
[INFO]                                                                         
[INFO] ------------------------------------------------------------------------
[INFO] Building service-manager 9.1.5-SNAPSHOT
[INFO] ------------------------------------------------------------------------
[INFO] 
[INFO] --- maven-enforcer-plugin:1.0:enforce (enforce-maven) @ service-manager-parent ---
[INFO] 
[INFO] --- buildnumber-maven-plugin:1.3:create (default) @ service-manager-parent ---
[INFO] 
[INFO] --- maven-install-plugin:2.4:install (default-install) @ service-manager-parent ---
[INFO] Installing /home/travis/build/petergeneric/stdlib/service-manager/pom.xml to /home/travis/.m2/repository/com/peterphi/std/config/service-manager-parent/9.1.5-SNAPSHOT/service-manager-parent-9.1.5-SNAPSHOT.pom
[INFO]                                                                         
[INFO] ------------------------------------------------------------------------
[INFO] Building Configuration Service 9.1.5-SNAPSHOT
[INFO] ------------------------------------------------------------------------
[INFO] 
[INFO] --- maven-enforcer-plugin:1.0:enforce (enforce-maven) @ configuration ---
[INFO] 
[INFO] --- buildnumber-maven-plugin:1.3:create (default) @ configuration ---
[INFO] 
[INFO] --- maven-resources-plugin:2.6:resources (default-resources) @ configuration ---
[INFO] Using 'UTF-8' encoding to copy filtered resources.
[INFO] Copying 5 resources
[INFO] 
[INFO] --- maven-compiler-plugin:3.3:compile (default-compile) @ configuration ---
[INFO] Changes detected - recompiling the module!
[INFO] Compiling 10 source files to /home/travis/build/petergeneric/stdlib/service-manager/configuration/target/classes
[INFO] 
[INFO] --- maven-resources-plugin:2.6:testResources (default-testResources) @ configuration ---
[INFO] Using 'UTF-8' encoding to copy filtered resources.
[INFO] Copying 1 resource
[INFO] 
[INFO] --- maven-compiler-plugin:3.3:testCompile (default-testCompile) @ configuration ---
[INFO] Changes detected - recompiling the module!
[INFO] Compiling 1 source file to /home/travis/build/petergeneric/stdlib/service-manager/configuration/target/test-classes
[INFO] 
[INFO] --- maven-surefire-plugin:2.19:test (default-test) @ configuration ---
[INFO] Tests are skipped.
[INFO] 
[INFO] --- maven-war-plugin:2.6:war (default-war) @ configuration ---
[INFO] Packaging webapp
[INFO] Assembling webapp [configuration] in [/home/travis/build/petergeneric/stdlib/service-manager/configuration/target/configuration-9.1.5-SNAPSHOT]
[INFO] Processing war project
[INFO] Copying webapp resources [/home/travis/build/petergeneric/stdlib/service-manager/configuration/src/main/webapp]
[INFO] Webapp assembled in [178 msecs]
[INFO] Building war: /home/travis/build/petergeneric/stdlib/service-manager/configuration/target/configuration-9.1.5-SNAPSHOT.war
[INFO] 
[INFO] --- maven-install-plugin:2.4:install (default-install) @ configuration ---
[INFO] Installing /home/travis/build/petergeneric/stdlib/service-manager/configuration/target/configuration-9.1.5-SNAPSHOT.war to /home/travis/.m2/repository/com/peterphi/std/config/configuration/9.1.5-SNAPSHOT/configuration-9.1.5-SNAPSHOT.war
[INFO] Installing /home/travis/build/petergeneric/stdlib/service-manager/configuration/pom.xml to /home/travis/.m2/repository/com/peterphi/std/config/configuration/9.1.5-SNAPSHOT/configuration-9.1.5-SNAPSHOT.pom
[INFO]                                                                         
[INFO] ------------------------------------------------------------------------
[INFO] Building stdlib-rules 9.1.5-SNAPSHOT
[INFO] ------------------------------------------------------------------------
[INFO] 
[INFO] --- maven-enforcer-plugin:1.0:enforce (enforce-maven) @ stdlib-rules ---
[INFO] 
[INFO] --- buildnumber-maven-plugin:1.3:create (default) @ stdlib-rules ---
[INFO] 
[INFO] --- maven-resources-plugin:2.6:resources (default-resources) @ stdlib-rules ---
[INFO] Using 'UTF-8' encoding to copy filtered resources.
[INFO] skip non existing resourceDirectory /home/travis/build/petergeneric/stdlib/rules/src/main/resources
[INFO] 
[INFO] --- maven-compiler-plugin:3.3:compile (default-compile) @ stdlib-rules ---
[INFO] Changes detected - recompiling the module!
[INFO] Compiling 16 source files to /home/travis/build/petergeneric/stdlib/rules/target/classes
[INFO] /home/travis/build/petergeneric/stdlib/rules/src/main/java/com/peterphi/rules/types/RestServiceVar.java: Some input files use unchecked or unsafe operations.
[INFO] /home/travis/build/petergeneric/stdlib/rules/src/main/java/com/peterphi/rules/types/RestServiceVar.java: Recompile with -Xlint:unchecked for details.
[INFO] 
[INFO] --- maven-resources-plugin:2.6:testResources (default-testResources) @ stdlib-rules ---
[INFO] Using 'UTF-8' encoding to copy filtered resources.
[INFO] Copying 3 resources
[INFO] 
[INFO] --- maven-compiler-plugin:3.3:testCompile (default-testCompile) @ stdlib-rules ---
[INFO] Changes detected - recompiling the module!
[INFO] Compiling 5 source files to /home/travis/build/petergeneric/stdlib/rules/target/test-classes
[INFO] /home/travis/build/petergeneric/stdlib/rules/src/test/java/com/peterphi/rules/RuleTest.java: /home/travis/build/petergeneric/stdlib/rules/src/test/java/com/peterphi/rules/RuleTest.java uses unchecked or unsafe operations.
[INFO] /home/travis/build/petergeneric/stdlib/rules/src/test/java/com/peterphi/rules/RuleTest.java: Recompile with -Xlint:unchecked for details.
[INFO] 
[INFO] --- maven-surefire-plugin:2.19:test (default-test) @ stdlib-rules ---
[INFO] Tests are skipped.
[INFO] 
[INFO] --- maven-jar-plugin:2.6:jar (default-jar) @ stdlib-rules ---
[INFO] Building jar: /home/travis/build/petergeneric/stdlib/rules/target/stdlib-rules-9.1.5-SNAPSHOT.jar
[INFO] 
[INFO] --- maven-install-plugin:2.4:install (default-install) @ stdlib-rules ---
[INFO] Installing /home/travis/build/petergeneric/stdlib/rules/target/stdlib-rules-9.1.5-SNAPSHOT.jar to /home/travis/.m2/repository/com/peterphi/std/stdlib-rules/9.1.5-SNAPSHOT/stdlib-rules-9.1.5-SNAPSHOT.jar
[INFO] Installing /home/travis/build/petergeneric/stdlib/rules/pom.xml to /home/travis/.m2/repository/com/peterphi/std/stdlib-rules/9.1.5-SNAPSHOT/stdlib-rules-9.1.5-SNAPSHOT.pom
[INFO]                                                                         
[INFO] ------------------------------------------------------------------------
[INFO] Building stdlib-azure 9.1.5-SNAPSHOT
[INFO] ------------------------------------------------------------------------
[INFO] 
[INFO] --- maven-enforcer-plugin:1.0:enforce (enforce-maven) @ stdlib-azure ---
[INFO] 
[INFO] --- buildnumber-maven-plugin:1.3:create (default) @ stdlib-azure ---
[INFO] 
[INFO] --- maven-resources-plugin:2.6:resources (default-resources) @ stdlib-azure ---
[INFO] Using 'UTF-8' encoding to copy filtered resources.
[INFO] skip non existing resourceDirectory /home/travis/build/petergeneric/stdlib/azure/src/main/resources
[INFO] 
[INFO] --- maven-compiler-plugin:3.3:compile (default-compile) @ stdlib-azure ---
[INFO] Changes detected - recompiling the module!
[INFO] Compiling 6 source files to /home/travis/build/petergeneric/stdlib/azure/target/classes
[INFO] 
[INFO] --- maven-resources-plugin:2.6:testResources (default-testResources) @ stdlib-azure ---
[INFO] Using 'UTF-8' encoding to copy filtered resources.
[INFO] Copying 1 resource
[INFO] 
[INFO] --- maven-compiler-plugin:3.3:testCompile (default-testCompile) @ stdlib-azure ---
[INFO] Changes detected - recompiling the module!
[INFO] Compiling 1 source file to /home/travis/build/petergeneric/stdlib/azure/target/test-classes
[INFO] 
[INFO] --- maven-surefire-plugin:2.19:test (default-test) @ stdlib-azure ---
[INFO] Tests are skipped.
[INFO] 
[INFO] --- maven-jar-plugin:2.6:jar (default-jar) @ stdlib-azure ---
[INFO] Building jar: /home/travis/build/petergeneric/stdlib/azure/target/stdlib-azure-9.1.5-SNAPSHOT.jar
[INFO] 
[INFO] --- maven-install-plugin:2.4:install (default-install) @ stdlib-azure ---
[INFO] Installing /home/travis/build/petergeneric/stdlib/azure/target/stdlib-azure-9.1.5-SNAPSHOT.jar to /home/travis/.m2/repository/com/peterphi/std/stdlib-azure/9.1.5-SNAPSHOT/stdlib-azure-9.1.5-SNAPSHOT.jar
[INFO] Installing /home/travis/build/petergeneric/stdlib/azure/pom.xml to /home/travis/.m2/repository/com/peterphi/std/stdlib-azure/9.1.5-SNAPSHOT/stdlib-azure-9.1.5-SNAPSHOT.pom
[INFO]                                                                         
[INFO] ------------------------------------------------------------------------
[INFO] Building Service Manager Main 9.1.5-SNAPSHOT
[INFO] ------------------------------------------------------------------------
[INFO] 
[INFO] --- maven-enforcer-plugin:1.0:enforce (enforce-maven) @ service-manager ---
[INFO] 
[INFO] --- buildnumber-maven-plugin:1.3:create (default) @ service-manager ---
[INFO] 
[INFO] --- maven-resources-plugin:2.6:resources (default-resources) @ service-manager ---
[INFO] Using 'UTF-8' encoding to copy filtered resources.
[INFO] Copying 5 resources
[INFO] 
[INFO] --- maven-compiler-plugin:3.3:compile (default-compile) @ service-manager ---
[INFO] Changes detected - recompiling the module!
[INFO] Compiling 20 source files to /home/travis/build/petergeneric/stdlib/service-manager/service-manager/target/classes
[INFO] /home/travis/build/petergeneric/stdlib/service-manager/service-manager/src/main/java/com/peterphi/servicemanager/service/logging/hub/RingBuffer.java: /home/travis/build/petergeneric/stdlib/service-manager/service-manager/src/main/java/com/peterphi/servicemanager/service/logging/hub/RingBuffer.java uses unchecked or unsafe operations.
[INFO] /home/travis/build/petergeneric/stdlib/service-manager/service-manager/src/main/java/com/peterphi/servicemanager/service/logging/hub/RingBuffer.java: Recompile with -Xlint:unchecked for details.
[INFO] -------------------------------------------------------------
[ERROR] COMPILATION ERROR : 
[INFO] -------------------------------------------------------------
[ERROR] /home/travis/build/petergeneric/stdlib/service-manager/service-manager/src/main/java/com/peterphi/servicemanager/service/rest/ui/impl/RulesUIServiceImpl.java:[58,65] incompatible types: java.util.Map<java.lang.String,java.lang.Object> cannot be converted to ognl.OgnlContext
[INFO] 1 error
[INFO] -------------------------------------------------------------
[INFO] ------------------------------------------------------------------------
[INFO] Reactor Summary:
[INFO] 
[INFO] application framework parent ....................... SUCCESS [  1.478 s]
[INFO] stdlib ............................................. SUCCESS [ 16.096 s]
[INFO] application framework guice modules parent ......... SUCCESS [  0.192 s]
[INFO] stdlib guice common ................................ SUCCESS [  6.484 s]
[INFO] user-manager ....................................... SUCCESS [  0.012 s]
[INFO] user manager rest api .............................. SUCCESS [  0.795 s]
[INFO] stdlib guice webapp ................................ SUCCESS [  4.386 s]
[INFO] stdlib guice metrics ............................... SUCCESS [  0.870 s]
[INFO] stdlib guice freemarker webapp ..................... SUCCESS [  0.372 s]
[INFO] stdlib guice testing support ....................... SUCCESS [  0.845 s]
[INFO] stdlib guice hibernate ............................. SUCCESS [  2.132 s]
[INFO] stdlib guice hibernate testing support ............. SUCCESS [  0.535 s]
[INFO] stdlib guice liquibase support ..................... SUCCESS [  0.544 s]
[INFO] carbon client ...................................... SUCCESS [  0.628 s]
[INFO] service-manager .................................... SUCCESS [  0.032 s]
[INFO] Configuration Service .............................. SUCCESS [  3.205 s]
[INFO] stdlib-rules ....................................... SUCCESS [  0.541 s]
[INFO] stdlib-azure ....................................... SUCCESS [  1.070 s]
[INFO] Service Manager Main ............................... FAILURE [  0.868 s]
[INFO] user manager service ............................... SKIPPED
[INFO] ------------------------------------------------------------------------
[INFO] BUILD FAILURE
[INFO] ------------------------------------------------------------------------
[INFO] Total time: 43.741 s
[INFO] Finished at: 2016-09-15T16:50:55+00:00
[INFO] Final Memory: 55M/317M
[INFO] ------------------------------------------------------------------------
[ERROR] Failed to execute goal org.apache.maven.plugins:maven-compiler-plugin:3.3:compile (default-compile) on project service-manager: Compilation failure
[ERROR] /home/travis/build/petergeneric/stdlib/service-manager/service-manager/src/main/java/com/peterphi/servicemanager/service/rest/ui/impl/RulesUIServiceImpl.java:[58,65] incompatible types: java.util.Map<java.lang.String,java.lang.Object> cannot be converted to ognl.OgnlContext
[ERROR] -> [Help 1]
[ERROR] 
[ERROR] To see the full stack trace of the errors, re-run Maven with the -e switch.
[ERROR] Re-run Maven using the -X switch to enable full debug logging.
[ERROR] 
[ERROR] For more information about the errors and possible solutions, please read the following articles:
[ERROR] [Help 1] http://cwiki.apache.org/confluence/display/MAVEN/MojoFailureException
[ERROR] 
[ERROR] After correcting the problems, you can resume the build with the command
[ERROR]   mvn <goals> -rf :service-manager

[31;1mThe command "eval mvn install -DskipTests=true -Dmaven.javadoc.skip=true -B -V" failed. Retrying, 2 of 3.[0m

Java HotSpot(TM) 64-Bit Server VM warning: ignoring option MaxPermSize=192m; support was removed in 8.0
Apache Maven 3.2.5 (12a6b3acb947671f09b81f49094c53f426d8cea1; 2014-12-14T17:29:23+00:00)
Maven home: /usr/local/maven
Java version: 1.8.0_31, vendor: Oracle Corporation
Java home: /usr/lib/jvm/java-8-oracle/jre
Default locale: en_US, platform encoding: UTF-8
OS name: "linux", version: "3.13.0-40-generic", arch: "amd64", family: "unix"
[INFO] Scanning for projects...
[INFO] Inspecting build with total of 20 modules...
[INFO] Installing Nexus Staging features:
[INFO]   ... total of 20 executions of maven-deploy-plugin replaced with nexus-staging-maven-plugin
[INFO] ------------------------------------------------------------------------
[INFO] Reactor Build Order:
[INFO] 
[INFO] application framework parent
[INFO] stdlib
[INFO] application framework guice modules parent
[INFO] stdlib guice common
[INFO] user-manager
[INFO] user manager rest api
[INFO] stdlib guice webapp
[INFO] stdlib guice metrics
[INFO] stdlib guice freemarker webapp
[INFO] stdlib guice testing support
[INFO] stdlib guice hibernate
[INFO] stdlib guice hibernate testing support
[INFO] stdlib guice liquibase support
[INFO] carbon client
[INFO] service-manager
[INFO] Configuration Service
[INFO] stdlib-rules
[INFO] stdlib-azure
[INFO] Service Manager Main
[INFO] user manager service
[INFO]                                                                         
[INFO] ------------------------------------------------------------------------
[INFO] Building application framework parent 9.1.5-SNAPSHOT
[INFO] ------------------------------------------------------------------------
[INFO] 
[INFO] --- maven-enforcer-plugin:1.0:enforce (enforce-maven) @ stdlib-parent ---
[INFO] 
[INFO] --- buildnumber-maven-plugin:1.3:create (default) @ stdlib-parent ---
[INFO] Executing: /bin/sh -c cd /home/travis/build/petergeneric/stdlib && git rev-parse --verify HEAD
[INFO] Working directory: /home/travis/build/petergeneric/stdlib
[INFO] Storing buildNumber: 438602031dbbf132044801d44ab8c082253fd758 at timestamp: 1473958271304
[WARNING] Cannot get the branch information from the git repository: 
Detecting the current branch failed: fatal: ref HEAD is not a symbolic ref

[INFO] Executing: /bin/sh -c cd /home/travis/build/petergeneric/stdlib && git rev-parse --verify HEAD
[INFO] Working directory: /home/travis/build/petergeneric/stdlib
[INFO] Storing buildScmBranch: UNKNOWN
[INFO] 
[INFO] --- maven-install-plugin:2.4:install (default-install) @ stdlib-parent ---
[INFO] Installing /home/travis/build/petergeneric/stdlib/pom.xml to /home/travis/.m2/repository/com/peterphi/std/stdlib-parent/9.1.5-SNAPSHOT/stdlib-parent-9.1.5-SNAPSHOT.pom
[INFO]                                                                         
[INFO] ------------------------------------------------------------------------
[INFO] Building stdlib 9.1.5-SNAPSHOT
[INFO] ------------------------------------------------------------------------
[INFO] 
[INFO] --- maven-enforcer-plugin:1.0:enforce (enforce-maven) @ stdlib ---
[INFO] 
[INFO] --- buildnumber-maven-plugin:1.3:create (default) @ stdlib ---
[INFO] 
[INFO] --- maven-resources-plugin:2.6:resources (default-resources) @ stdlib ---
[INFO] Using 'UTF-8' encoding to copy filtered resources.
[INFO] skip non existing resourceDirectory /home/travis/build/petergeneric/stdlib/stdlib/src/main/resources
[INFO] 
[INFO] --- maven-compiler-plugin:3.3:compile (default-compile) @ stdlib ---
[INFO] Nothing to compile - all classes are up to date
[INFO] 
[INFO] --- maven-resources-plugin:2.6:testResources (default-testResources) @ stdlib ---
[INFO] Using 'UTF-8' encoding to copy filtered resources.
[INFO] skip non existing resourceDirectory /home/travis/build/petergeneric/stdlib/stdlib/src/test/resources
[INFO] 
[INFO] --- maven-compiler-plugin:3.3:testCompile (default-testCompile) @ stdlib ---
[INFO] Nothing to compile - all classes are up to date
[INFO] 
[INFO] --- maven-surefire-plugin:2.19:test (default-test) @ stdlib ---
[INFO] Tests are skipped.
[INFO] 
[INFO] --- maven-jar-plugin:2.6:jar (default-jar) @ stdlib ---
[INFO] 
[INFO] --- maven-install-plugin:2.4:install (default-install) @ stdlib ---
[INFO] Installing /home/travis/build/petergeneric/stdlib/stdlib/target/stdlib-9.1.5-SNAPSHOT.jar to /home/travis/.m2/repository/com/peterphi/std/stdlib/9.1.5-SNAPSHOT/stdlib-9.1.5-SNAPSHOT.jar
[INFO] Installing /home/travis/build/petergeneric/stdlib/stdlib/pom.xml to /home/travis/.m2/repository/com/peterphi/std/stdlib/9.1.5-SNAPSHOT/stdlib-9.1.5-SNAPSHOT.pom
[INFO]                                                                         
[INFO] ------------------------------------------------------------------------
[INFO] Building application framework guice modules parent 9.1.5-SNAPSHOT
[INFO] ------------------------------------------------------------------------
[INFO] 
[INFO] --- maven-enforcer-plugin:1.0:enforce (enforce-maven) @ stdlib-guice-parent ---
[INFO] 
[INFO] --- buildnumber-maven-plugin:1.3:create (default) @ stdlib-guice-parent ---
[INFO] 
[INFO] --- maven-install-plugin:2.4:install (default-install) @ stdlib-guice-parent ---
[INFO] Installing /home/travis/build/petergeneric/stdlib/guice/pom.xml to /home/travis/.m2/repository/com/peterphi/std/guice/stdlib-guice-parent/9.1.5-SNAPSHOT/stdlib-guice-parent-9.1.5-SNAPSHOT.pom
[INFO]                                                                         
[INFO] ------------------------------------------------------------------------
[INFO] Building stdlib guice common 9.1.5-SNAPSHOT
[INFO] ------------------------------------------------------------------------
[WARNING] The artifact xml-apis:xml-apis:jar:2.0.2 has been relocated to xml-apis:xml-apis:jar:1.0.b2
[INFO] 
[INFO] --- maven-enforcer-plugin:1.0:enforce (enforce-maven) @ stdlib-guice-common ---
[INFO] 
[INFO] --- buildnumber-maven-plugin:1.3:create (default) @ stdlib-guice-common ---
[INFO] 
[INFO] --- maven-resources-plugin:2.6:resources (default-resources) @ stdlib-guice-common ---
[INFO] Using 'UTF-8' encoding to copy filtered resources.
[INFO] Copying 1 resource
[INFO] 
[INFO] --- maven-compiler-plugin:3.3:compile (default-compile) @ stdlib-guice-common ---
[INFO] Nothing to compile - all classes are up to date
[INFO] 
[INFO] --- maven-resources-plugin:2.6:testResources (default-testResources) @ stdlib-guice-common ---
[INFO] Using 'UTF-8' encoding to copy filtered resources.
[INFO] Copying 2 resources
[INFO] 
[INFO] --- maven-compiler-plugin:3.3:testCompile (default-testCompile) @ stdlib-guice-common ---
[INFO] Nothing to compile - all classes are up to date
[INFO] 
[INFO] --- maven-surefire-plugin:2.19:test (default-test) @ stdlib-guice-common ---
[INFO] Tests are skipped.
[INFO] 
[INFO] --- maven-jar-plugin:2.6:jar (default-jar) @ stdlib-guice-common ---
[INFO] 
[INFO] --- maven-install-plugin:2.4:install (default-install) @ stdlib-guice-common ---
[INFO] Installing /home/travis/build/petergeneric/stdlib/guice/common/target/stdlib-guice-common-9.1.5-SNAPSHOT.jar to /home/travis/.m2/repository/com/peterphi/std/guice/stdlib-guice-common/9.1.5-SNAPSHOT/stdlib-guice-common-9.1.5-SNAPSHOT.jar
[INFO] Installing /home/travis/build/petergeneric/stdlib/guice/common/pom.xml to /home/travis/.m2/repository/com/peterphi/std/guice/stdlib-guice-common/9.1.5-SNAPSHOT/stdlib-guice-common-9.1.5-SNAPSHOT.pom
[INFO]                                                                         
[INFO] ------------------------------------------------------------------------
[INFO] Building user-manager 9.1.5-SNAPSHOT
[INFO] ------------------------------------------------------------------------
[INFO] 
[INFO] --- maven-enforcer-plugin:1.0:enforce (enforce-maven) @ user-manager-parent ---
[INFO] 
[INFO] --- buildnumber-maven-plugin:1.3:create (default) @ user-manager-parent ---
[INFO] 
[INFO] --- maven-install-plugin:2.4:install (default-install) @ user-manager-parent ---
[INFO] Installing /home/travis/build/petergeneric/stdlib/user-manager/pom.xml to /home/travis/.m2/repository/com/peterphi/user-manager/user-manager-parent/9.1.5-SNAPSHOT/user-manager-parent-9.1.5-SNAPSHOT.pom
[INFO]                                                                         
[INFO] ------------------------------------------------------------------------
[INFO] Building user manager rest api 9.1.5-SNAPSHOT
[INFO] ------------------------------------------------------------------------
[INFO] 
[INFO] --- maven-enforcer-plugin:1.0:enforce (enforce-maven) @ user-manager-api ---
[INFO] 
[INFO] --- buildnumber-maven-plugin:1.3:create (default) @ user-manager-api ---
[INFO] 
[INFO] --- maven-resources-plugin:2.6:resources (default-resources) @ user-manager-api ---
[INFO] Using 'UTF-8' encoding to copy filtered resources.
[INFO] skip non existing resourceDirectory /home/travis/build/petergeneric/stdlib/user-manager/api/src/main/resources
[INFO] 
[INFO] --- maven-compiler-plugin:3.3:compile (default-compile) @ user-manager-api ---
[INFO] Nothing to compile - all classes are up to date
[INFO] 
[INFO] --- maven-resources-plugin:2.6:testResources (default-testResources) @ user-manager-api ---
[INFO] Using 'UTF-8' encoding to copy filtered resources.
[INFO] skip non existing resourceDirectory /home/travis/build/petergeneric/stdlib/user-manager/api/src/test/resources
[INFO] 
[INFO] --- maven-compiler-plugin:3.3:testCompile (default-testCompile) @ user-manager-api ---
[INFO] No sources to compile
[INFO] 
[INFO] --- maven-surefire-plugin:2.19:test (default-test) @ user-manager-api ---
[INFO] Tests are skipped.
[INFO] 
[INFO] --- maven-jar-plugin:2.6:jar (default-jar) @ user-manager-api ---
[INFO] 
[INFO] --- maven-install-plugin:2.4:install (default-install) @ user-manager-api ---
[INFO] Installing /home/travis/build/petergeneric/stdlib/user-manager/api/target/user-manager-api-9.1.5-SNAPSHOT.jar to /home/travis/.m2/repository/com/peterphi/user-manager/user-manager-api/9.1.5-SNAPSHOT/user-manager-api-9.1.5-SNAPSHOT.jar
[INFO] Installing /home/travis/build/petergeneric/stdlib/user-manager/api/pom.xml to /home/travis/.m2/repository/com/peterphi/user-manager/user-manager-api/9.1.5-SNAPSHOT/user-manager-api-9.1.5-SNAPSHOT.pom
[INFO]                                                                         
[INFO] ------------------------------------------------------------------------
[INFO] Building stdlib guice webapp 9.1.5-SNAPSHOT
[INFO] ------------------------------------------------------------------------
[WARNING] The artifact xml-apis:xml-apis:jar:2.0.2 has been relocated to xml-apis:xml-apis:jar:1.0.b2
[INFO] 
[INFO] --- maven-enforcer-plugin:1.0:enforce (enforce-maven) @ stdlib-guice-webapp ---
[INFO] 
[INFO] --- buildnumber-maven-plugin:1.3:create (default) @ stdlib-guice-webapp ---
[INFO] 
[INFO] --- maven-resources-plugin:2.6:resources (default-resources) @ stdlib-guice-webapp ---
[INFO] Using 'UTF-8' encoding to copy filtered resources.
[INFO] Copying 9 resources
[INFO] 
[INFO] --- maven-compiler-plugin:3.3:compile (default-compile) @ stdlib-guice-webapp ---
[INFO] Nothing to compile - all classes are up to date
[INFO] 
[INFO] --- maven-resources-plugin:2.6:testResources (default-testResources) @ stdlib-guice-webapp ---
[INFO] Using 'UTF-8' encoding to copy filtered resources.
[INFO] skip non existing resourceDirectory /home/travis/build/petergeneric/stdlib/guice/webapp/src/test/resources
[INFO] 
[INFO] --- maven-compiler-plugin:3.3:testCompile (default-testCompile) @ stdlib-guice-webapp ---
[INFO] Nothing to compile - all classes are up to date
[INFO] 
[INFO] --- maven-surefire-plugin:2.19:test (default-test) @ stdlib-guice-webapp ---
[INFO] Tests are skipped.
[INFO] 
[INFO] --- maven-jar-plugin:2.6:jar (default-jar) @ stdlib-guice-webapp ---
[INFO] 
[INFO] --- maven-install-plugin:2.4:install (default-install) @ stdlib-guice-webapp ---
[INFO] Installing /home/travis/build/petergeneric/stdlib/guice/webapp/target/stdlib-guice-webapp-9.1.5-SNAPSHOT.jar to /home/travis/.m2/repository/com/peterphi/std/guice/stdlib-guice-webapp/9.1.5-SNAPSHOT/stdlib-guice-webapp-9.1.5-SNAPSHOT.jar
[INFO] Installing /home/travis/build/petergeneric/stdlib/guice/webapp/pom.xml to /home/travis/.m2/repository/com/peterphi/std/guice/stdlib-guice-webapp/9.1.5-SNAPSHOT/stdlib-guice-webapp-9.1.5-SNAPSHOT.pom
[INFO]                                                                         
[INFO] ------------------------------------------------------------------------
[INFO] Building stdlib guice metrics 9.1.5-SNAPSHOT
[INFO] ------------------------------------------------------------------------
[INFO] 
[INFO] --- maven-enforcer-plugin:1.0:enforce (enforce-maven) @ stdlib-guice-metrics ---
[INFO] 
[INFO] --- buildnumber-maven-plugin:1.3:create (default) @ stdlib-guice-metrics ---
[INFO] 
[INFO] --- maven-resources-plugin:2.6:resources (default-resources) @ stdlib-guice-metrics ---
[INFO] Using 'UTF-8' encoding to copy filtered resources.
[INFO] Copying 3 resources
[INFO] 
[INFO] --- maven-compiler-plugin:3.3:compile (default-compile) @ stdlib-guice-metrics ---
[INFO] Nothing to compile - all classes are up to date
[INFO] 
[INFO] --- maven-resources-plugin:2.6:testResources (default-testResources) @ stdlib-guice-metrics ---
[INFO] Using 'UTF-8' encoding to copy filtered resources.
[INFO] skip non existing resourceDirectory /home/travis/build/petergeneric/stdlib/guice/metrics/src/test/resources
[INFO] 
[INFO] --- maven-compiler-plugin:3.3:testCompile (default-testCompile) @ stdlib-guice-metrics ---
[INFO] No sources to compile
[INFO] 
[INFO] --- maven-surefire-plugin:2.19:test (default-test) @ stdlib-guice-metrics ---
[INFO] Tests are skipped.
[INFO] 
[INFO] --- maven-jar-plugin:2.6:jar (default-jar) @ stdlib-guice-metrics ---
[INFO] 
[INFO] --- maven-install-plugin:2.4:install (default-install) @ stdlib-guice-metrics ---
[INFO] Installing /home/travis/build/petergeneric/stdlib/guice/metrics/target/stdlib-guice-metrics-9.1.5-SNAPSHOT.jar to /home/travis/.m2/repository/com/peterphi/std/guice/stdlib-guice-metrics/9.1.5-SNAPSHOT/stdlib-guice-metrics-9.1.5-SNAPSHOT.jar
[INFO] Installing /home/travis/build/petergeneric/stdlib/guice/metrics/pom.xml to /home/travis/.m2/repository/com/peterphi/std/guice/stdlib-guice-metrics/9.1.5-SNAPSHOT/stdlib-guice-metrics-9.1.5-SNAPSHOT.pom
[INFO]                                                                         
[INFO] ------------------------------------------------------------------------
[INFO] Building stdlib guice freemarker webapp 9.1.5-SNAPSHOT
[INFO] ------------------------------------------------------------------------
[INFO] 
[INFO] --- maven-enforcer-plugin:1.0:enforce (enforce-maven) @ stdlib-guice-freemarker ---
[INFO] 
[INFO] --- buildnumber-maven-plugin:1.3:create (default) @ stdlib-guice-freemarker ---
[INFO] 
[INFO] --- maven-resources-plugin:2.6:resources (default-resources) @ stdlib-guice-freemarker ---
[INFO] Using 'UTF-8' encoding to copy filtered resources.
[INFO] skip non existing resourceDirectory /home/travis/build/petergeneric/stdlib/guice/freemarker/src/main/resources
[INFO] 
[INFO] --- maven-compiler-plugin:3.3:compile (default-compile) @ stdlib-guice-freemarker ---
[INFO] Nothing to compile - all classes are up to date
[INFO] 
[INFO] --- maven-resources-plugin:2.6:testResources (default-testResources) @ stdlib-guice-freemarker ---
[INFO] Using 'UTF-8' encoding to copy filtered resources.
[INFO] skip non existing resourceDirectory /home/travis/build/petergeneric/stdlib/guice/freemarker/src/test/resources
[INFO] 
[INFO] --- maven-compiler-plugin:3.3:testCompile (default-testCompile) @ stdlib-guice-freemarker ---
[INFO] No sources to compile
[INFO] 
[INFO] --- maven-surefire-plugin:2.19:test (default-test) @ stdlib-guice-freemarker ---
[INFO] Tests are skipped.
[INFO] 
[INFO] --- maven-jar-plugin:2.6:jar (default-jar) @ stdlib-guice-freemarker ---
[INFO] 
[INFO] --- maven-install-plugin:2.4:install (default-install) @ stdlib-guice-freemarker ---
[INFO] Installing /home/travis/build/petergeneric/stdlib/guice/freemarker/target/stdlib-guice-freemarker-9.1.5-SNAPSHOT.jar to /home/travis/.m2/repository/com/peterphi/std/guice/stdlib-guice-freemarker/9.1.5-SNAPSHOT/stdlib-guice-freemarker-9.1.5-SNAPSHOT.jar
[INFO] Installing /home/travis/build/petergeneric/stdlib/guice/freemarker/pom.xml to /home/travis/.m2/repository/com/peterphi/std/guice/stdlib-guice-freemarker/9.1.5-SNAPSHOT/stdlib-guice-freemarker-9.1.5-SNAPSHOT.pom
[INFO]                                                                         
[INFO] ------------------------------------------------------------------------
[INFO] Building stdlib guice testing support 9.1.5-SNAPSHOT
[INFO] ------------------------------------------------------------------------
[INFO] 
[INFO] --- maven-enforcer-plugin:1.0:enforce (enforce-maven) @ stdlib-guice-testing ---
[INFO] 
[INFO] --- buildnumber-maven-plugin:1.3:create (default) @ stdlib-guice-testing ---
[INFO] 
[INFO] --- maven-resources-plugin:2.6:resources (default-resources) @ stdlib-guice-testing ---
[INFO] Using 'UTF-8' encoding to copy filtered resources.
[INFO] skip non existing resourceDirectory /home/travis/build/petergeneric/stdlib/guice/testing/src/main/resources
[INFO] 
[INFO] --- maven-compiler-plugin:3.3:compile (default-compile) @ stdlib-guice-testing ---
[INFO] Nothing to compile - all classes are up to date
[INFO] 
[INFO] --- maven-resources-plugin:2.6:testResources (default-testResources) @ stdlib-guice-testing ---
[INFO] Using 'UTF-8' encoding to copy filtered resources.
[INFO] skip non existing resourceDirectory /home/travis/build/petergeneric/stdlib/guice/testing/src/test/resources
[INFO] 
[INFO] --- maven-compiler-plugin:3.3:testCompile (default-testCompile) @ stdlib-guice-testing ---
[INFO] Nothing to compile - all classes are up to date
[INFO] 
[INFO] --- maven-surefire-plugin:2.19:test (default-test) @ stdlib-guice-testing ---
[INFO] Tests are skipped.
[INFO] 
[INFO] --- maven-jar-plugin:2.6:jar (default-jar) @ stdlib-guice-testing ---
[INFO] 
[INFO] --- maven-install-plugin:2.4:install (default-install) @ stdlib-guice-testing ---
[INFO] Installing /home/travis/build/petergeneric/stdlib/guice/testing/target/stdlib-guice-testing-9.1.5-SNAPSHOT.jar to /home/travis/.m2/repository/com/peterphi/std/guice/stdlib-guice-testing/9.1.5-SNAPSHOT/stdlib-guice-testing-9.1.5-SNAPSHOT.jar
[INFO] Installing /home/travis/build/petergeneric/stdlib/guice/testing/pom.xml to /home/travis/.m2/repository/com/peterphi/std/guice/stdlib-guice-testing/9.1.5-SNAPSHOT/stdlib-guice-testing-9.1.5-SNAPSHOT.pom
[INFO]                                                                         
[INFO] ------------------------------------------------------------------------
[INFO] Building stdlib guice hibernate 9.1.5-SNAPSHOT
[INFO] ------------------------------------------------------------------------
[INFO] 
[INFO] --- maven-enforcer-plugin:1.0:enforce (enforce-maven) @ stdlib-guice-hibernate ---
[INFO] 
[INFO] --- buildnumber-maven-plugin:1.3:create (default) @ stdlib-guice-hibernate ---
[INFO] 
[INFO] --- maven-resources-plugin:2.6:resources (default-resources) @ stdlib-guice-hibernate ---
[INFO] Using 'UTF-8' encoding to copy filtered resources.
[INFO] Copying 1 resource
[INFO] 
[INFO] --- maven-compiler-plugin:3.3:compile (default-compile) @ stdlib-guice-hibernate ---
[INFO] Nothing to compile - all classes are up to date
[INFO] 
[INFO] --- maven-resources-plugin:2.6:testResources (default-testResources) @ stdlib-guice-hibernate ---
[INFO] Using 'UTF-8' encoding to copy filtered resources.
[INFO] Copying 2 resources
[INFO] 
[INFO] --- maven-compiler-plugin:3.3:testCompile (default-testCompile) @ stdlib-guice-hibernate ---
[INFO] Nothing to compile - all classes are up to date
[INFO] 
[INFO] --- maven-surefire-plugin:2.19:test (default-test) @ stdlib-guice-hibernate ---
[INFO] Tests are skipped.
[INFO] 
[INFO] --- maven-jar-plugin:2.6:jar (default-jar) @ stdlib-guice-hibernate ---
[INFO] 
[INFO] --- maven-install-plugin:2.4:install (default-install) @ stdlib-guice-hibernate ---
[INFO] Installing /home/travis/build/petergeneric/stdlib/guice/hibernate/target/stdlib-guice-hibernate-9.1.5-SNAPSHOT.jar to /home/travis/.m2/repository/com/peterphi/std/guice/stdlib-guice-hibernate/9.1.5-SNAPSHOT/stdlib-guice-hibernate-9.1.5-SNAPSHOT.jar
[INFO] Installing /home/travis/build/petergeneric/stdlib/guice/hibernate/pom.xml to /home/travis/.m2/repository/com/peterphi/std/guice/stdlib-guice-hibernate/9.1.5-SNAPSHOT/stdlib-guice-hibernate-9.1.5-SNAPSHOT.pom
[INFO]                                                                         
[INFO] ------------------------------------------------------------------------
[INFO] Building stdlib guice hibernate testing support 9.1.5-SNAPSHOT
[INFO] ------------------------------------------------------------------------
[INFO] 
[INFO] --- maven-enforcer-plugin:1.0:enforce (enforce-maven) @ stdlib-guice-hibernate-testing ---
[INFO] 
[INFO] --- buildnumber-maven-plugin:1.3:create (default) @ stdlib-guice-hibernate-testing ---
[INFO] 
[INFO] --- maven-resources-plugin:2.6:resources (default-resources) @ stdlib-guice-hibernate-testing ---
[INFO] Using 'UTF-8' encoding to copy filtered resources.
[INFO] Copying 2 resources
[INFO] 
[INFO] --- maven-compiler-plugin:3.3:compile (default-compile) @ stdlib-guice-hibernate-testing ---
[INFO] Nothing to compile - all classes are up to date
[INFO] 
[INFO] --- maven-resources-plugin:2.6:testResources (default-testResources) @ stdlib-guice-hibernate-testing ---
[INFO] Using 'UTF-8' encoding to copy filtered resources.
[INFO] Copying 1 resource
[INFO] 
[INFO] --- maven-compiler-plugin:3.3:testCompile (default-testCompile) @ stdlib-guice-hibernate-testing ---
[INFO] Nothing to compile - all classes are up to date
[INFO] 
[INFO] --- maven-surefire-plugin:2.19:test (default-test) @ stdlib-guice-hibernate-testing ---
[INFO] Tests are skipped.
[INFO] 
[INFO] --- maven-jar-plugin:2.6:jar (default-jar) @ stdlib-guice-hibernate-testing ---
[INFO] 
[INFO] --- maven-install-plugin:2.4:install (default-install) @ stdlib-guice-hibernate-testing ---
[INFO] Installing /home/travis/build/petergeneric/stdlib/guice/hibernate-testing/target/stdlib-guice-hibernate-testing-9.1.5-SNAPSHOT.jar to /home/travis/.m2/repository/com/peterphi/std/guice/stdlib-guice-hibernate-testing/9.1.5-SNAPSHOT/stdlib-guice-hibernate-testing-9.1.5-SNAPSHOT.jar
[INFO] Installing /home/travis/build/petergeneric/stdlib/guice/hibernate-testing/pom.xml to /home/travis/.m2/repository/com/peterphi/std/guice/stdlib-guice-hibernate-testing/9.1.5-SNAPSHOT/stdlib-guice-hibernate-testing-9.1.5-SNAPSHOT.pom
[INFO]                                                                         
[INFO] ------------------------------------------------------------------------
[INFO] Building stdlib guice liquibase support 9.1.5-SNAPSHOT
[INFO] ------------------------------------------------------------------------
[INFO] 
[INFO] --- maven-enforcer-plugin:1.0:enforce (enforce-maven) @ stdlib-guice-liquibase ---
[INFO] 
[INFO] --- buildnumber-maven-plugin:1.3:create (default) @ stdlib-guice-liquibase ---
[INFO] 
[INFO] --- maven-resources-plugin:2.6:resources (default-resources) @ stdlib-guice-liquibase ---
[INFO] Using 'UTF-8' encoding to copy filtered resources.
[INFO] Copying 1 resource
[INFO] 
[INFO] --- maven-compiler-plugin:3.3:compile (default-compile) @ stdlib-guice-liquibase ---
[INFO] Nothing to compile - all classes are up to date
[INFO] 
[INFO] --- maven-resources-plugin:2.6:testResources (default-testResources) @ stdlib-guice-liquibase ---
[INFO] Using 'UTF-8' encoding to copy filtered resources.
[INFO] Copying 4 resources
[INFO] 
[INFO] --- maven-compiler-plugin:3.3:testCompile (default-testCompile) @ stdlib-guice-liquibase ---
[INFO] Nothing to compile - all classes are up to date
[INFO] 
[INFO] --- maven-surefire-plugin:2.19:test (default-test) @ stdlib-guice-liquibase ---
[INFO] Tests are skipped.
[INFO] 
[INFO] --- maven-jar-plugin:2.6:jar (default-jar) @ stdlib-guice-liquibase ---
[INFO] 
[INFO] --- maven-install-plugin:2.4:install (default-install) @ stdlib-guice-liquibase ---
[INFO] Installing /home/travis/build/petergeneric/stdlib/guice/liquibase/target/stdlib-guice-liquibase-9.1.5-SNAPSHOT.jar to /home/travis/.m2/repository/com/peterphi/std/guice/stdlib-guice-liquibase/9.1.5-SNAPSHOT/stdlib-guice-liquibase-9.1.5-SNAPSHOT.jar
[INFO] Installing /home/travis/build/petergeneric/stdlib/guice/liquibase/pom.xml to /home/travis/.m2/repository/com/peterphi/std/guice/stdlib-guice-liquibase/9.1.5-SNAPSHOT/stdlib-guice-liquibase-9.1.5-SNAPSHOT.pom
[INFO]                                                                         
[INFO] ------------------------------------------------------------------------
[INFO] Building carbon client 9.1.5-SNAPSHOT
[INFO] ------------------------------------------------------------------------
[INFO] 
[INFO] --- maven-enforcer-plugin:1.0:enforce (enforce-maven) @ carbon-client ---
[INFO] 
[INFO] --- buildnumber-maven-plugin:1.3:create (default) @ carbon-client ---
[INFO] 
[INFO] --- maven-resources-plugin:2.6:resources (default-resources) @ carbon-client ---
[INFO] Using 'UTF-8' encoding to copy filtered resources.
[INFO] Copying 1 resource
[INFO] 
[INFO] --- maven-compiler-plugin:3.3:compile (default-compile) @ carbon-client ---
[INFO] Nothing to compile - all classes are up to date
[INFO] 
[INFO] --- maven-resources-plugin:2.6:testResources (default-testResources) @ carbon-client ---
[INFO] Using 'UTF-8' encoding to copy filtered resources.
[INFO] Copying 3 resources
[INFO] 
[INFO] --- maven-compiler-plugin:3.3:testCompile (default-testCompile) @ carbon-client ---
[INFO] Nothing to compile - all classes are up to date
[INFO] 
[INFO] --- maven-surefire-plugin:2.19:test (default-test) @ carbon-client ---
[INFO] Tests are skipped.
[INFO] 
[INFO] --- maven-jar-plugin:2.6:jar (default-jar) @ carbon-client ---
[INFO] 
[INFO] --- maven-install-plugin:2.4:install (default-install) @ carbon-client ---
[INFO] Installing /home/travis/build/petergeneric/stdlib/util/carbon-client/target/carbon-client-9.1.5-SNAPSHOT.jar to /home/travis/.m2/repository/com/peterphi/std/util/carbon/carbon-client/9.1.5-SNAPSHOT/carbon-client-9.1.5-SNAPSHOT.jar
[INFO] Installing /home/travis/build/petergeneric/stdlib/util/carbon-client/pom.xml to /home/travis/.m2/repository/com/peterphi/std/util/carbon/carbon-client/9.1.5-SNAPSHOT/carbon-client-9.1.5-SNAPSHOT.pom
[INFO]                                                                         
[INFO] ------------------------------------------------------------------------
[INFO] Building service-manager 9.1.5-SNAPSHOT
[INFO] ------------------------------------------------------------------------
[INFO] 
[INFO] --- maven-enforcer-plugin:1.0:enforce (enforce-maven) @ service-manager-parent ---
[INFO] 
[INFO] --- buildnumber-maven-plugin:1.3:create (default) @ service-manager-parent ---
[INFO] 
[INFO] --- maven-install-plugin:2.4:install (default-install) @ service-manager-parent ---
[INFO] Installing /home/travis/build/petergeneric/stdlib/service-manager/pom.xml to /home/travis/.m2/repository/com/peterphi/std/config/service-manager-parent/9.1.5-SNAPSHOT/service-manager-parent-9.1.5-SNAPSHOT.pom
[INFO]                                                                         
[INFO] ------------------------------------------------------------------------
[INFO] Building Configuration Service 9.1.5-SNAPSHOT
[INFO] ------------------------------------------------------------------------
[INFO] 
[INFO] --- maven-enforcer-plugin:1.0:enforce (enforce-maven) @ configuration ---
[INFO] 
[INFO] --- buildnumber-maven-plugin:1.3:create (default) @ configuration ---
[INFO] 
[INFO] --- maven-resources-plugin:2.6:resources (default-resources) @ configuration ---
[INFO] Using 'UTF-8' encoding to copy filtered resources.
[INFO] Copying 5 resources
[INFO] 
[INFO] --- maven-compiler-plugin:3.3:compile (default-compile) @ configuration ---
[INFO] Nothing to compile - all classes are up to date
[INFO] 
[INFO] --- maven-resources-plugin:2.6:testResources (default-testResources) @ configuration ---
[INFO] Using 'UTF-8' encoding to copy filtered resources.
[INFO] Copying 1 resource
[INFO] 
[INFO] --- maven-compiler-plugin:3.3:testCompile (default-testCompile) @ configuration ---
[INFO] Nothing to compile - all classes are up to date
[INFO] 
[INFO] --- maven-surefire-plugin:2.19:test (default-test) @ configuration ---
[INFO] Tests are skipped.
[INFO] 
[INFO] --- maven-war-plugin:2.6:war (default-war) @ configuration ---
[INFO] Packaging webapp
[INFO] Assembling webapp [configuration] in [/home/travis/build/petergeneric/stdlib/service-manager/configuration/target/configuration-9.1.5-SNAPSHOT]
[INFO] Processing war project
[INFO] Copying webapp resources [/home/travis/build/petergeneric/stdlib/service-manager/configuration/src/main/webapp]
[INFO] Webapp assembled in [519 msecs]
[INFO] Building war: /home/travis/build/petergeneric/stdlib/service-manager/configuration/target/configuration-9.1.5-SNAPSHOT.war
[INFO] 
[INFO] --- maven-install-plugin:2.4:install (default-install) @ configuration ---
[INFO] Installing /home/travis/build/petergeneric/stdlib/service-manager/configuration/target/configuration-9.1.5-SNAPSHOT.war to /home/travis/.m2/repository/com/peterphi/std/config/configuration/9.1.5-SNAPSHOT/configuration-9.1.5-SNAPSHOT.war
[INFO] Installing /home/travis/build/petergeneric/stdlib/service-manager/configuration/pom.xml to /home/travis/.m2/repository/com/peterphi/std/config/configuration/9.1.5-SNAPSHOT/configuration-9.1.5-SNAPSHOT.pom
[INFO]                                                                         
[INFO] ------------------------------------------------------------------------
[INFO] Building stdlib-rules 9.1.5-SNAPSHOT
[INFO] ------------------------------------------------------------------------
[INFO] 
[INFO] --- maven-enforcer-plugin:1.0:enforce (enforce-maven) @ stdlib-rules ---
[INFO] 
[INFO] --- buildnumber-maven-plugin:1.3:create (default) @ stdlib-rules ---
[INFO] 
[INFO] --- maven-resources-plugin:2.6:resources (default-resources) @ stdlib-rules ---
[INFO] Using 'UTF-8' encoding to copy filtered resources.
[INFO] skip non existing resourceDirectory /home/travis/build/petergeneric/stdlib/rules/src/main/resources
[INFO] 
[INFO] --- maven-compiler-plugin:3.3:compile (default-compile) @ stdlib-rules ---
[INFO] Nothing to compile - all classes are up to date
[INFO] 
[INFO] --- maven-resources-plugin:2.6:testResources (default-testResources) @ stdlib-rules ---
[INFO] Using 'UTF-8' encoding to copy filtered resources.
[INFO] Copying 3 resources
[INFO] 
[INFO] --- maven-compiler-plugin:3.3:testCompile (default-testCompile) @ stdlib-rules ---
[INFO] Nothing to compile - all classes are up to date
[INFO] 
[INFO] --- maven-surefire-plugin:2.19:test (default-test) @ stdlib-rules ---
[INFO] Tests are skipped.
[INFO] 
[INFO] --- maven-jar-plugin:2.6:jar (default-jar) @ stdlib-rules ---
[INFO] 
[INFO] --- maven-install-plugin:2.4:install (default-install) @ stdlib-rules ---
[INFO] Installing /home/travis/build/petergeneric/stdlib/rules/target/stdlib-rules-9.1.5-SNAPSHOT.jar to /home/travis/.m2/repository/com/peterphi/std/stdlib-rules/9.1.5-SNAPSHOT/stdlib-rules-9.1.5-SNAPSHOT.jar
[INFO] Installing /home/travis/build/petergeneric/stdlib/rules/pom.xml to /home/travis/.m2/repository/com/peterphi/std/stdlib-rules/9.1.5-SNAPSHOT/stdlib-rules-9.1.5-SNAPSHOT.pom
[INFO]                                                                         
[INFO] ------------------------------------------------------------------------
[INFO] Building stdlib-azure 9.1.5-SNAPSHOT
[INFO] ------------------------------------------------------------------------
[INFO] 
[INFO] --- maven-enforcer-plugin:1.0:enforce (enforce-maven) @ stdlib-azure ---
[INFO] 
[INFO] --- buildnumber-maven-plugin:1.3:create (default) @ stdlib-azure ---
[INFO] 
[INFO] --- maven-resources-plugin:2.6:resources (default-resources) @ stdlib-azure ---
[INFO] Using 'UTF-8' encoding to copy filtered resources.
[INFO] skip non existing resourceDirectory /home/travis/build/petergeneric/stdlib/azure/src/main/resources
[INFO] 
[INFO] --- maven-compiler-plugin:3.3:compile (default-compile) @ stdlib-azure ---
[INFO] Nothing to compile - all classes are up to date
[INFO] 
[INFO] --- maven-resources-plugin:2.6:testResources (default-testResources) @ stdlib-azure ---
[INFO] Using 'UTF-8' encoding to copy filtered resources.
[INFO] Copying 1 resource
[INFO] 
[INFO] --- maven-compiler-plugin:3.3:testCompile (default-testCompile) @ stdlib-azure ---
[INFO] Nothing to compile - all classes are up to date
[INFO] 
[INFO] --- maven-surefire-plugin:2.19:test (default-test) @ stdlib-azure ---
[INFO] Tests are skipped.
[INFO] 
[INFO] --- maven-jar-plugin:2.6:jar (default-jar) @ stdlib-azure ---
[INFO] 
[INFO] --- maven-install-plugin:2.4:install (default-install) @ stdlib-azure ---
[INFO] Installing /home/travis/build/petergeneric/stdlib/azure/target/stdlib-azure-9.1.5-SNAPSHOT.jar to /home/travis/.m2/repository/com/peterphi/std/stdlib-azure/9.1.5-SNAPSHOT/stdlib-azure-9.1.5-SNAPSHOT.jar
[INFO] Installing /home/travis/build/petergeneric/stdlib/azure/pom.xml to /home/travis/.m2/repository/com/peterphi/std/stdlib-azure/9.1.5-SNAPSHOT/stdlib-azure-9.1.5-SNAPSHOT.pom
[INFO]                                                                         
[INFO] ------------------------------------------------------------------------
[INFO] Building Service Manager Main 9.1.5-SNAPSHOT
[INFO] ------------------------------------------------------------------------
[INFO] 
[INFO] --- maven-enforcer-plugin:1.0:enforce (enforce-maven) @ service-manager ---
[INFO] 
[INFO] --- buildnumber-maven-plugin:1.3:create (default) @ service-manager ---
[INFO] 
[INFO] --- maven-resources-plugin:2.6:resources (default-resources) @ service-manager ---
[INFO] Using 'UTF-8' encoding to copy filtered resources.
[INFO] Copying 5 resources
[INFO] 
[INFO] --- maven-compiler-plugin:3.3:compile (default-compile) @ service-manager ---
[INFO] Changes detected - recompiling the module!
[INFO] Compiling 20 source files to /home/travis/build/petergeneric/stdlib/service-manager/service-manager/target/classes
[INFO] /home/travis/build/petergeneric/stdlib/service-manager/service-manager/src/main/java/com/peterphi/servicemanager/service/logging/hub/RingBuffer.java: /home/travis/build/petergeneric/stdlib/service-manager/service-manager/src/main/java/com/peterphi/servicemanager/service/logging/hub/RingBuffer.java uses unchecked or unsafe operations.
[INFO] /home/travis/build/petergeneric/stdlib/service-manager/service-manager/src/main/java/com/peterphi/servicemanager/service/logging/hub/RingBuffer.java: Recompile with -Xlint:unchecked for details.
[INFO] -------------------------------------------------------------
[ERROR] COMPILATION ERROR : 
[INFO] -------------------------------------------------------------
[ERROR] /home/travis/build/petergeneric/stdlib/service-manager/service-manager/src/main/java/com/peterphi/servicemanager/service/rest/ui/impl/RulesUIServiceImpl.java:[58,65] incompatible types: java.util.Map<java.lang.String,java.lang.Object> cannot be converted to ognl.OgnlContext
[INFO] 1 error
[INFO] -------------------------------------------------------------
[INFO] ------------------------------------------------------------------------
[INFO] Reactor Summary:
[INFO] 
[INFO] application framework parent ....................... SUCCESS [  1.436 s]
[INFO] stdlib ............................................. SUCCESS [  2.292 s]
[INFO] application framework guice modules parent ......... SUCCESS [  0.201 s]
[INFO] stdlib guice common ................................ SUCCESS [  1.526 s]
[INFO] user-manager ....................................... SUCCESS [  0.052 s]
[INFO] user manager rest api .............................. SUCCESS [  0.254 s]
[INFO] stdlib guice webapp ................................ SUCCESS [  0.445 s]
[INFO] stdlib guice metrics ............................... SUCCESS [  0.332 s]
[INFO] stdlib guice freemarker webapp ..................... SUCCESS [  0.143 s]
[INFO] stdlib guice testing support ....................... SUCCESS [  0.119 s]
[INFO] stdlib guice hibernate ............................. SUCCESS [  0.322 s]
[INFO] stdlib guice hibernate testing support ............. SUCCESS [  0.192 s]
[INFO] stdlib guice liquibase support ..................... SUCCESS [  0.275 s]
[INFO] carbon client ...................................... SUCCESS [  0.207 s]
[INFO] service-manager .................................... SUCCESS [  0.024 s]
[INFO] Configuration Service .............................. SUCCESS [  4.051 s]
[INFO] stdlib-rules ....................................... SUCCESS [  0.225 s]
[INFO] stdlib-azure ....................................... SUCCESS [  1.013 s]
[INFO] Service Manager Main ............................... FAILURE [  5.557 s]
[INFO] user manager service ............................... SKIPPED
[INFO] ------------------------------------------------------------------------
[INFO] BUILD FAILURE
[INFO] ------------------------------------------------------------------------
[INFO] Total time: 20.694 s
[INFO] Finished at: 2016-09-15T16:51:28+00:00
[INFO] Final Memory: 35M/370M
[INFO] ------------------------------------------------------------------------
[ERROR] Failed to execute goal org.apache.maven.plugins:maven-compiler-plugin:3.3:compile (default-compile) on project service-manager: Compilation failure
[ERROR] /home/travis/build/petergeneric/stdlib/service-manager/service-manager/src/main/java/com/peterphi/servicemanager/service/rest/ui/impl/RulesUIServiceImpl.java:[58,65] incompatible types: java.util.Map<java.lang.String,java.lang.Object> cannot be converted to ognl.OgnlContext
[ERROR] -> [Help 1]
[ERROR] 
[ERROR] To see the full stack trace of the errors, re-run Maven with the -e switch.
[ERROR] Re-run Maven using the -X switch to enable full debug logging.
[ERROR] 
[ERROR] For more information about the errors and possible solutions, please read the following articles:
[ERROR] [Help 1] http://cwiki.apache.org/confluence/display/MAVEN/MojoFailureException
[ERROR] 
[ERROR] After correcting the problems, you can resume the build with the command
[ERROR]   mvn <goals> -rf :service-manager

[31;1mThe command "eval mvn install -DskipTests=true -Dmaven.javadoc.skip=true -B -V" failed. Retrying, 3 of 3.[0m

Java HotSpot(TM) 64-Bit Server VM warning: ignoring option MaxPermSize=192m; support was removed in 8.0
Apache Maven 3.2.5 (12a6b3acb947671f09b81f49094c53f426d8cea1; 2014-12-14T17:29:23+00:00)
Maven home: /usr/local/maven
Java version: 1.8.0_31, vendor: Oracle Corporation
Java home: /usr/lib/jvm/java-8-oracle/jre
Default locale: en_US, platform encoding: UTF-8
OS name: "linux", version: "3.13.0-40-generic", arch: "amd64", family: "unix"
[INFO] Scanning for projects...
[INFO] Inspecting build with total of 20 modules...
[INFO] Installing Nexus Staging features:
[INFO]   ... total of 20 executions of maven-deploy-plugin replaced with nexus-staging-maven-plugin
[INFO] ------------------------------------------------------------------------
[INFO] Reactor Build Order:
[INFO] 
[INFO] application framework parent
[INFO] stdlib
[INFO] application framework guice modules parent
[INFO] stdlib guice common
[INFO] user-manager
[INFO] user manager rest api
[INFO] stdlib guice webapp
[INFO] stdlib guice metrics
[INFO] stdlib guice freemarker webapp
[INFO] stdlib guice testing support
[INFO] stdlib guice hibernate
[INFO] stdlib guice hibernate testing support
[INFO] stdlib guice liquibase support
[INFO] carbon client
[INFO] service-manager
[INFO] Configuration Service
[INFO] stdlib-rules
[INFO] stdlib-azure
[INFO] Service Manager Main
[INFO] user manager service
[INFO]                                                                         
[INFO] ------------------------------------------------------------------------
[INFO] Building application framework parent 9.1.5-SNAPSHOT
[INFO] ------------------------------------------------------------------------
[INFO] 
[INFO] --- maven-enforcer-plugin:1.0:enforce (enforce-maven) @ stdlib-parent ---
[INFO] 
[INFO] --- buildnumber-maven-plugin:1.3:create (default) @ stdlib-parent ---
[INFO] Executing: /bin/sh -c cd /home/travis/build/petergeneric/stdlib && git rev-parse --verify HEAD
[INFO] Working directory: /home/travis/build/petergeneric/stdlib
[INFO] Storing buildNumber: 438602031dbbf132044801d44ab8c082253fd758 at timestamp: 1473958300535
[WARNING] Cannot get the branch information from the git repository: 
Detecting the current branch failed: fatal: ref HEAD is not a symbolic ref

[INFO] Executing: /bin/sh -c cd /home/travis/build/petergeneric/stdlib && git rev-parse --verify HEAD
[INFO] Working directory: /home/travis/build/petergeneric/stdlib
[INFO] Storing buildScmBranch: UNKNOWN
[INFO] 
[INFO] --- maven-install-plugin:2.4:install (default-install) @ stdlib-parent ---
[INFO] Installing /home/travis/build/petergeneric/stdlib/pom.xml to /home/travis/.m2/repository/com/peterphi/std/stdlib-parent/9.1.5-SNAPSHOT/stdlib-parent-9.1.5-SNAPSHOT.pom
[INFO]                                                                         
[INFO] ------------------------------------------------------------------------
[INFO] Building stdlib 9.1.5-SNAPSHOT
[INFO] ------------------------------------------------------------------------
[INFO] 
[INFO] --- maven-enforcer-plugin:1.0:enforce (enforce-maven) @ stdlib ---
[INFO] 
[INFO] --- buildnumber-maven-plugin:1.3:create (default) @ stdlib ---
[INFO] 
[INFO] --- maven-resources-plugin:2.6:resources (default-resources) @ stdlib ---
[INFO] Using 'UTF-8' encoding to copy filtered resources.
[INFO] skip non existing resourceDirectory /home/travis/build/petergeneric/stdlib/stdlib/src/main/resources
[INFO] 
[INFO] --- maven-compiler-plugin:3.3:compile (default-compile) @ stdlib ---
[INFO] Nothing to compile - all classes are up to date
[INFO] 
[INFO] --- maven-resources-plugin:2.6:testResources (default-testResources) @ stdlib ---
[INFO] Using 'UTF-8' encoding to copy filtered resources.
[INFO] skip non existing resourceDirectory /home/travis/build/petergeneric/stdlib/stdlib/src/test/resources
[INFO] 
[INFO] --- maven-compiler-plugin:3.3:testCompile (default-testCompile) @ stdlib ---
[INFO] Nothing to compile - all classes are up to date
[INFO] 
[INFO] --- maven-surefire-plugin:2.19:test (default-test) @ stdlib ---
[INFO] Tests are skipped.
[INFO] 
[INFO] --- maven-jar-plugin:2.6:jar (default-jar) @ stdlib ---
[INFO] 
[INFO] --- maven-install-plugin:2.4:install (default-install) @ stdlib ---
[INFO] Installing /home/travis/build/petergeneric/stdlib/stdlib/target/stdlib-9.1.5-SNAPSHOT.jar to /home/travis/.m2/repository/com/peterphi/std/stdlib/9.1.5-SNAPSHOT/stdlib-9.1.5-SNAPSHOT.jar
[INFO] Installing /home/travis/build/petergeneric/stdlib/stdlib/pom.xml to /home/travis/.m2/repository/com/peterphi/std/stdlib/9.1.5-SNAPSHOT/stdlib-9.1.5-SNAPSHOT.pom
[INFO]                                                                         
[INFO] ------------------------------------------------------------------------
[INFO] Building application framework guice modules parent 9.1.5-SNAPSHOT
[INFO] ------------------------------------------------------------------------
[INFO] 
[INFO] --- maven-enforcer-plugin:1.0:enforce (enforce-maven) @ stdlib-guice-parent ---
[INFO] 
[INFO] --- buildnumber-maven-plugin:1.3:create (default) @ stdlib-guice-parent ---
[INFO] 
[INFO] --- maven-install-plugin:2.4:install (default-install) @ stdlib-guice-parent ---
[INFO] Installing /home/travis/build/petergeneric/stdlib/guice/pom.xml to /home/travis/.m2/repository/com/peterphi/std/guice/stdlib-guice-parent/9.1.5-SNAPSHOT/stdlib-guice-parent-9.1.5-SNAPSHOT.pom
[INFO]                                                                         
[INFO] ------------------------------------------------------------------------
[INFO] Building stdlib guice common 9.1.5-SNAPSHOT
[INFO] ------------------------------------------------------------------------
[WARNING] The artifact xml-apis:xml-apis:jar:2.0.2 has been relocated to xml-apis:xml-apis:jar:1.0.b2
[INFO] 
[INFO] --- maven-enforcer-plugin:1.0:enforce (enforce-maven) @ stdlib-guice-common ---
[INFO] 
[INFO] --- buildnumber-maven-plugin:1.3:create (default) @ stdlib-guice-common ---
[INFO] 
[INFO] --- maven-resources-plugin:2.6:resources (default-resources) @ stdlib-guice-common ---
[INFO] Using 'UTF-8' encoding to copy filtered resources.
[INFO] Copying 1 resource
[INFO] 
[INFO] --- maven-compiler-plugin:3.3:compile (default-compile) @ stdlib-guice-common ---
[INFO] Nothing to compile - all classes are up to date
[INFO] 
[INFO] --- maven-resources-plugin:2.6:testResources (default-testResources) @ stdlib-guice-common ---
[INFO] Using 'UTF-8' encoding to copy filtered resources.
[INFO] Copying 2 resources
[INFO] 
[INFO] --- maven-compiler-plugin:3.3:testCompile (default-testCompile) @ stdlib-guice-common ---
[INFO] Nothing to compile - all classes are up to date
[INFO] 
[INFO] --- maven-surefire-plugin:2.19:test (default-test) @ stdlib-guice-common ---
[INFO] Tests are skipped.
[INFO] 
[INFO] --- maven-jar-plugin:2.6:jar (default-jar) @ stdlib-guice-common ---
[INFO] 
[INFO] --- maven-install-plugin:2.4:install (default-install) @ stdlib-guice-common ---
[INFO] Installing /home/travis/build/petergeneric/stdlib/guice/common/target/stdlib-guice-common-9.1.5-SNAPSHOT.jar to /home/travis/.m2/repository/com/peterphi/std/guice/stdlib-guice-common/9.1.5-SNAPSHOT/stdlib-guice-common-9.1.5-SNAPSHOT.jar
[INFO] Installing /home/travis/build/petergeneric/stdlib/guice/common/pom.xml to /home/travis/.m2/repository/com/peterphi/std/guice/stdlib-guice-common/9.1.5-SNAPSHOT/stdlib-guice-common-9.1.5-SNAPSHOT.pom
[INFO]                                                                         
[INFO] ------------------------------------------------------------------------
[INFO] Building user-manager 9.1.5-SNAPSHOT
[INFO] ------------------------------------------------------------------------
[INFO] 
[INFO] --- maven-enforcer-plugin:1.0:enforce (enforce-maven) @ user-manager-parent ---
[INFO] 
[INFO] --- buildnumber-maven-plugin:1.3:create (default) @ user-manager-parent ---
[INFO] 
[INFO] --- maven-install-plugin:2.4:install (default-install) @ user-manager-parent ---
[INFO] Installing /home/travis/build/petergeneric/stdlib/user-manager/pom.xml to /home/travis/.m2/repository/com/peterphi/user-manager/user-manager-parent/9.1.5-SNAPSHOT/user-manager-parent-9.1.5-SNAPSHOT.pom
[INFO]                                                                         
[INFO] ------------------------------------------------------------------------
[INFO] Building user manager rest api 9.1.5-SNAPSHOT
[INFO] ------------------------------------------------------------------------
[INFO] 
[INFO] --- maven-enforcer-plugin:1.0:enforce (enforce-maven) @ user-manager-api ---
[INFO] 
[INFO] --- buildnumber-maven-plugin:1.3:create (default) @ user-manager-api ---
[INFO] 
[INFO] --- maven-resources-plugin:2.6:resources (default-resources) @ user-manager-api ---
[INFO] Using 'UTF-8' encoding to copy filtered resources.
[INFO] skip non existing resourceDirectory /home/travis/build/petergeneric/stdlib/user-manager/api/src/main/resources
[INFO] 
[INFO] --- maven-compiler-plugin:3.3:compile (default-compile) @ user-manager-api ---
[INFO] Nothing to compile - all classes are up to date
[INFO] 
[INFO] --- maven-resources-plugin:2.6:testResources (default-testResources) @ user-manager-api ---
[INFO] Using 'UTF-8' encoding to copy filtered resources.
[INFO] skip non existing resourceDirectory /home/travis/build/petergeneric/stdlib/user-manager/api/src/test/resources
[INFO] 
[INFO] --- maven-compiler-plugin:3.3:testCompile (default-testCompile) @ user-manager-api ---
[INFO] No sources to compile
[INFO] 
[INFO] --- maven-surefire-plugin:2.19:test (default-test) @ user-manager-api ---
[INFO] Tests are skipped.
[INFO] 
[INFO] --- maven-jar-plugin:2.6:jar (default-jar) @ user-manager-api ---
[INFO] 
[INFO] --- maven-install-plugin:2.4:install (default-install) @ user-manager-api ---
[INFO] Installing /home/travis/build/petergeneric/stdlib/user-manager/api/target/user-manager-api-9.1.5-SNAPSHOT.jar to /home/travis/.m2/repository/com/peterphi/user-manager/user-manager-api/9.1.5-SNAPSHOT/user-manager-api-9.1.5-SNAPSHOT.jar
[INFO] Installing /home/travis/build/petergeneric/stdlib/user-manager/api/pom.xml to /home/travis/.m2/repository/com/peterphi/user-manager/user-manager-api/9.1.5-SNAPSHOT/user-manager-api-9.1.5-SNAPSHOT.pom
[INFO]                                                                         
[INFO] ------------------------------------------------------------------------
[INFO] Building stdlib guice webapp 9.1.5-SNAPSHOT
[INFO] ------------------------------------------------------------------------
[WARNING] The artifact xml-apis:xml-apis:jar:2.0.2 has been relocated to xml-apis:xml-apis:jar:1.0.b2
[INFO] 
[INFO] --- maven-enforcer-plugin:1.0:enforce (enforce-maven) @ stdlib-guice-webapp ---
[INFO] 
[INFO] --- buildnumber-maven-plugin:1.3:create (default) @ stdlib-guice-webapp ---
[INFO] 
[INFO] --- maven-resources-plugin:2.6:resources (default-resources) @ stdlib-guice-webapp ---
[INFO] Using 'UTF-8' encoding to copy filtered resources.
[INFO] Copying 9 resources
[INFO] 
[INFO] --- maven-compiler-plugin:3.3:compile (default-compile) @ stdlib-guice-webapp ---
[INFO] Nothing to compile - all classes are up to date
[INFO] 
[INFO] --- maven-resources-plugin:2.6:testResources (default-testResources) @ stdlib-guice-webapp ---
[INFO] Using 'UTF-8' encoding to copy filtered resources.
[INFO] skip non existing resourceDirectory /home/travis/build/petergeneric/stdlib/guice/webapp/src/test/resources
[INFO] 
[INFO] --- maven-compiler-plugin:3.3:testCompile (default-testCompile) @ stdlib-guice-webapp ---
[INFO] Nothing to compile - all classes are up to date
[INFO] 
[INFO] --- maven-surefire-plugin:2.19:test (default-test) @ stdlib-guice-webapp ---
[INFO] Tests are skipped.
[INFO] 
[INFO] --- maven-jar-plugin:2.6:jar (default-jar) @ stdlib-guice-webapp ---
[INFO] 
[INFO] --- maven-install-plugin:2.4:install (default-install) @ stdlib-guice-webapp ---
[INFO] Installing /home/travis/build/petergeneric/stdlib/guice/webapp/target/stdlib-guice-webapp-9.1.5-SNAPSHOT.jar to /home/travis/.m2/repository/com/peterphi/std/guice/stdlib-guice-webapp/9.1.5-SNAPSHOT/stdlib-guice-webapp-9.1.5-SNAPSHOT.jar
[INFO] Installing /home/travis/build/petergeneric/stdlib/guice/webapp/pom.xml to /home/travis/.m2/repository/com/peterphi/std/guice/stdlib-guice-webapp/9.1.5-SNAPSHOT/stdlib-guice-webapp-9.1.5-SNAPSHOT.pom
[INFO]                                                                         
[INFO] ------------------------------------------------------------------------
[INFO] Building stdlib guice metrics 9.1.5-SNAPSHOT
[INFO] ------------------------------------------------------------------------
[INFO] 
[INFO] --- maven-enforcer-plugin:1.0:enforce (enforce-maven) @ stdlib-guice-metrics ---
[INFO] 
[INFO] --- buildnumber-maven-plugin:1.3:create (default) @ stdlib-guice-metrics ---
[INFO] 
[INFO] --- maven-resources-plugin:2.6:resources (default-resources) @ stdlib-guice-metrics ---
[INFO] Using 'UTF-8' encoding to copy filtered resources.
[INFO] Copying 3 resources
[INFO] 
[INFO] --- maven-compiler-plugin:3.3:compile (default-compile) @ stdlib-guice-metrics ---
[INFO] Nothing to compile - all classes are up to date
[INFO] 
[INFO] --- maven-resources-plugin:2.6:testResources (default-testResources) @ stdlib-guice-metrics ---
[INFO] Using 'UTF-8' encoding to copy filtered resources.
[INFO] skip non existing resourceDirectory /home/travis/build/petergeneric/stdlib/guice/metrics/src/test/resources
[INFO] 
[INFO] --- maven-compiler-plugin:3.3:testCompile (default-testCompile) @ stdlib-guice-metrics ---
[INFO] No sources to compile
[INFO] 
[INFO] --- maven-surefire-plugin:2.19:test (default-test) @ stdlib-guice-metrics ---
[INFO] Tests are skipped.
[INFO] 
[INFO] --- maven-jar-plugin:2.6:jar (default-jar) @ stdlib-guice-metrics ---
[INFO] 
[INFO] --- maven-install-plugin:2.4:install (default-install) @ stdlib-guice-metrics ---
[INFO] Installing /home/travis/build/petergeneric/stdlib/guice/metrics/target/stdlib-guice-metrics-9.1.5-SNAPSHOT.jar to /home/travis/.m2/repository/com/peterphi/std/guice/stdlib-guice-metrics/9.1.5-SNAPSHOT/stdlib-guice-metrics-9.1.5-SNAPSHOT.jar
[INFO] Installing /home/travis/build/petergeneric/stdlib/guice/metrics/pom.xml to /home/travis/.m2/repository/com/peterphi/std/guice/stdlib-guice-metrics/9.1.5-SNAPSHOT/stdlib-guice-metrics-9.1.5-SNAPSHOT.pom
[INFO]                                                                         
[INFO] ------------------------------------------------------------------------
[INFO] Building stdlib guice freemarker webapp 9.1.5-SNAPSHOT
[INFO] ------------------------------------------------------------------------
[INFO] 
[INFO] --- maven-enforcer-plugin:1.0:enforce (enforce-maven) @ stdlib-guice-freemarker ---
[INFO] 
[INFO] --- buildnumber-maven-plugin:1.3:create (default) @ stdlib-guice-freemarker ---
[INFO] 
[INFO] --- maven-resources-plugin:2.6:resources (default-resources) @ stdlib-guice-freemarker ---
[INFO] Using 'UTF-8' encoding to copy filtered resources.
[INFO] skip non existing resourceDirectory /home/travis/build/petergeneric/stdlib/guice/freemarker/src/main/resources
[INFO] 
[INFO] --- maven-compiler-plugin:3.3:compile (default-compile) @ stdlib-guice-freemarker ---
[INFO] Nothing to compile - all classes are up to date
[INFO] 
[INFO] --- maven-resources-plugin:2.6:testResources (default-testResources) @ stdlib-guice-freemarker ---
[INFO] Using 'UTF-8' encoding to copy filtered resources.
[INFO] skip non existing resourceDirectory /home/travis/build/petergeneric/stdlib/guice/freemarker/src/test/resources
[INFO] 
[INFO] --- maven-compiler-plugin:3.3:testCompile (default-testCompile) @ stdlib-guice-freemarker ---
[INFO] No sources to compile
[INFO] 
[INFO] --- maven-surefire-plugin:2.19:test (default-test) @ stdlib-guice-freemarker ---
[INFO] Tests are skipped.
[INFO] 
[INFO] --- maven-jar-plugin:2.6:jar (default-jar) @ stdlib-guice-freemarker ---
[INFO] 
[INFO] --- maven-install-plugin:2.4:install (default-install) @ stdlib-guice-freemarker ---
[INFO] Installing /home/travis/build/petergeneric/stdlib/guice/freemarker/target/stdlib-guice-freemarker-9.1.5-SNAPSHOT.jar to /home/travis/.m2/repository/com/peterphi/std/guice/stdlib-guice-freemarker/9.1.5-SNAPSHOT/stdlib-guice-freemarker-9.1.5-SNAPSHOT.jar
[INFO] Installing /home/travis/build/petergeneric/stdlib/guice/freemarker/pom.xml to /home/travis/.m2/repository/com/peterphi/std/guice/stdlib-guice-freemarker/9.1.5-SNAPSHOT/stdlib-guice-freemarker-9.1.5-SNAPSHOT.pom
[INFO]                                                                         
[INFO] ------------------------------------------------------------------------
[INFO] Building stdlib guice testing support 9.1.5-SNAPSHOT
[INFO] ------------------------------------------------------------------------
[INFO] 
[INFO] --- maven-enforcer-plugin:1.0:enforce (enforce-maven) @ stdlib-guice-testing ---
[INFO] 
[INFO] --- buildnumber-maven-plugin:1.3:create (default) @ stdlib-guice-testing ---
[INFO] 
[INFO] --- maven-resources-plugin:2.6:resources (default-resources) @ stdlib-guice-testing ---
[INFO] Using 'UTF-8' encoding to copy filtered resources.
[INFO] skip non existing resourceDirectory /home/travis/build/petergeneric/stdlib/guice/testing/src/main/resources
[INFO] 
[INFO] --- maven-compiler-plugin:3.3:compile (default-compile) @ stdlib-guice-testing ---
[INFO] Nothing to compile - all classes are up to date
[INFO] 
[INFO] --- maven-resources-plugin:2.6:testResources (default-testResources) @ stdlib-guice-testing ---
[INFO] Using 'UTF-8' encoding to copy filtered resources.
[INFO] skip non existing resourceDirectory /home/travis/build/petergeneric/stdlib/guice/testing/src/test/resources
[INFO] 
[INFO] --- maven-compiler-plugin:3.3:testCompile (default-testCompile) @ stdlib-guice-testing ---
[INFO] Nothing to compile - all classes are up to date
[INFO] 
[INFO] --- maven-surefire-plugin:2.19:test (default-test) @ stdlib-guice-testing ---
[INFO] Tests are skipped.
[INFO] 
[INFO] --- maven-jar-plugin:2.6:jar (default-jar) @ stdlib-guice-testing ---
[INFO] 
[INFO] --- maven-install-plugin:2.4:install (default-install) @ stdlib-guice-testing ---
[INFO] Installing /home/travis/build/petergeneric/stdlib/guice/testing/target/stdlib-guice-testing-9.1.5-SNAPSHOT.jar to /home/travis/.m2/repository/com/peterphi/std/guice/stdlib-guice-testing/9.1.5-SNAPSHOT/stdlib-guice-testing-9.1.5-SNAPSHOT.jar
[INFO] Installing /home/travis/build/petergeneric/stdlib/guice/testing/pom.xml to /home/travis/.m2/repository/com/peterphi/std/guice/stdlib-guice-testing/9.1.5-SNAPSHOT/stdlib-guice-testing-9.1.5-SNAPSHOT.pom
[INFO]                                                                         
[INFO] ------------------------------------------------------------------------
[INFO] Building stdlib guice hibernate 9.1.5-SNAPSHOT
[INFO] ------------------------------------------------------------------------
[INFO] 
[INFO] --- maven-enforcer-plugin:1.0:enforce (enforce-maven) @ stdlib-guice-hibernate ---
[INFO] 
[INFO] --- buildnumber-maven-plugin:1.3:create (default) @ stdlib-guice-hibernate ---
[INFO] 
[INFO] --- maven-resources-plugin:2.6:resources (default-resources) @ stdlib-guice-hibernate ---
[INFO] Using 'UTF-8' encoding to copy filtered resources.
[INFO] Copying 1 resource
[INFO] 
[INFO] --- maven-compiler-plugin:3.3:compile (default-compile) @ stdlib-guice-hibernate ---
[INFO] Nothing to compile - all classes are up to date
[INFO] 
[INFO] --- maven-resources-plugin:2.6:testResources (default-testResources) @ stdlib-guice-hibernate ---
[INFO] Using 'UTF-8' encoding to copy filtered resources.
[INFO] Copying 2 resources
[INFO] 
[INFO] --- maven-compiler-plugin:3.3:testCompile (default-testCompile) @ stdlib-guice-hibernate ---
[INFO] Nothing to compile - all classes are up to date
[INFO] 
[INFO] --- maven-surefire-plugin:2.19:test (default-test) @ stdlib-guice-hibernate ---
[INFO] Tests are skipped.
[INFO] 
[INFO] --- maven-jar-plugin:2.6:jar (default-jar) @ stdlib-guice-hibernate ---
[INFO] 
[INFO] --- maven-install-plugin:2.4:install (default-install) @ stdlib-guice-hibernate ---
[INFO] Installing /home/travis/build/petergeneric/stdlib/guice/hibernate/target/stdlib-guice-hibernate-9.1.5-SNAPSHOT.jar to /home/travis/.m2/repository/com/peterphi/std/guice/stdlib-guice-hibernate/9.1.5-SNAPSHOT/stdlib-guice-hibernate-9.1.5-SNAPSHOT.jar
[INFO] Installing /home/travis/build/petergeneric/stdlib/guice/hibernate/pom.xml to /home/travis/.m2/repository/com/peterphi/std/guice/stdlib-guice-hibernate/9.1.5-SNAPSHOT/stdlib-guice-hibernate-9.1.5-SNAPSHOT.pom
[INFO]                                                                         
[INFO] ------------------------------------------------------------------------
[INFO] Building stdlib guice hibernate testing support 9.1.5-SNAPSHOT
[INFO] ------------------------------------------------------------------------
[INFO] 
[INFO] --- maven-enforcer-plugin:1.0:enforce (enforce-maven) @ stdlib-guice-hibernate-testing ---
[INFO] 
[INFO] --- buildnumber-maven-plugin:1.3:create (default) @ stdlib-guice-hibernate-testing ---
[INFO] 
[INFO] --- maven-resources-plugin:2.6:resources (default-resources) @ stdlib-guice-hibernate-testing ---
[INFO] Using 'UTF-8' encoding to copy filtered resources.
[INFO] Copying 2 resources
[INFO] 
[INFO] --- maven-compiler-plugin:3.3:compile (default-compile) @ stdlib-guice-hibernate-testing ---
[INFO] Nothing to compile - all classes are up to date
[INFO] 
[INFO] --- maven-resources-plugin:2.6:testResources (default-testResources) @ stdlib-guice-hibernate-testing ---
[INFO] Using 'UTF-8' encoding to copy filtered resources.
[INFO] Copying 1 resource
[INFO] 
[INFO] --- maven-compiler-plugin:3.3:testCompile (default-testCompile) @ stdlib-guice-hibernate-testing ---
[INFO] Nothing to compile - all classes are up to date
[INFO] 
[INFO] --- maven-surefire-plugin:2.19:test (default-test) @ stdlib-guice-hibernate-testing ---
[INFO] Tests are skipped.
[INFO] 
[INFO] --- maven-jar-plugin:2.6:jar (default-jar) @ stdlib-guice-hibernate-testing ---
[INFO] 
[INFO] --- maven-install-plugin:2.4:install (default-install) @ stdlib-guice-hibernate-testing ---
[INFO] Installing /home/travis/build/petergeneric/stdlib/guice/hibernate-testing/target/stdlib-guice-hibernate-testing-9.1.5-SNAPSHOT.jar to /home/travis/.m2/repository/com/peterphi/std/guice/stdlib-guice-hibernate-testing/9.1.5-SNAPSHOT/stdlib-guice-hibernate-testing-9.1.5-SNAPSHOT.jar
[INFO] Installing /home/travis/build/petergeneric/stdlib/guice/hibernate-testing/pom.xml to /home/travis/.m2/repository/com/peterphi/std/guice/stdlib-guice-hibernate-testing/9.1.5-SNAPSHOT/stdlib-guice-hibernate-testing-9.1.5-SNAPSHOT.pom
[INFO]                                                                         
[INFO] ------------------------------------------------------------------------
[INFO] Building stdlib guice liquibase support 9.1.5-SNAPSHOT
[INFO] ------------------------------------------------------------------------
[INFO] 
[INFO] --- maven-enforcer-plugin:1.0:enforce (enforce-maven) @ stdlib-guice-liquibase ---
[INFO] 
[INFO] --- buildnumber-maven-plugin:1.3:create (default) @ stdlib-guice-liquibase ---
[INFO] 
[INFO] --- maven-resources-plugin:2.6:resources (default-resources) @ stdlib-guice-liquibase ---
[INFO] Using 'UTF-8' encoding to copy filtered resources.
[INFO] Copying 1 resource
[INFO] 
[INFO] --- maven-compiler-plugin:3.3:compile (default-compile) @ stdlib-guice-liquibase ---
[INFO] Nothing to compile - all classes are up to date
[INFO] 
[INFO] --- maven-resources-plugin:2.6:testResources (default-testResources) @ stdlib-guice-liquibase ---
[INFO] Using 'UTF-8' encoding to copy filtered resources.
[INFO] Copying 4 resources
[INFO] 
[INFO] --- maven-compiler-plugin:3.3:testCompile (default-testCompile) @ stdlib-guice-liquibase ---
[INFO] Nothing to compile - all classes are up to date
[INFO] 
[INFO] --- maven-surefire-plugin:2.19:test (default-test) @ stdlib-guice-liquibase ---
[INFO] Tests are skipped.
[INFO] 
[INFO] --- maven-jar-plugin:2.6:jar (default-jar) @ stdlib-guice-liquibase ---
[INFO] 
[INFO] --- maven-install-plugin:2.4:install (default-install) @ stdlib-guice-liquibase ---
[INFO] Installing /home/travis/build/petergeneric/stdlib/guice/liquibase/target/stdlib-guice-liquibase-9.1.5-SNAPSHOT.jar to /home/travis/.m2/repository/com/peterphi/std/guice/stdlib-guice-liquibase/9.1.5-SNAPSHOT/stdlib-guice-liquibase-9.1.5-SNAPSHOT.jar
[INFO] Installing /home/travis/build/petergeneric/stdlib/guice/liquibase/pom.xml to /home/travis/.m2/repository/com/peterphi/std/guice/stdlib-guice-liquibase/9.1.5-SNAPSHOT/stdlib-guice-liquibase-9.1.5-SNAPSHOT.pom
[INFO]                                                                         
[INFO] ------------------------------------------------------------------------
[INFO] Building carbon client 9.1.5-SNAPSHOT
[INFO] ------------------------------------------------------------------------
[INFO] 
[INFO] --- maven-enforcer-plugin:1.0:enforce (enforce-maven) @ carbon-client ---
[INFO] 
[INFO] --- buildnumber-maven-plugin:1.3:create (default) @ carbon-client ---
[INFO] 
[INFO] --- maven-resources-plugin:2.6:resources (default-resources) @ carbon-client ---
[INFO] Using 'UTF-8' encoding to copy filtered resources.
[INFO] Copying 1 resource
[INFO] 
[INFO] --- maven-compiler-plugin:3.3:compile (default-compile) @ carbon-client ---
[INFO] Nothing to compile - all classes are up to date
[INFO] 
[INFO] --- maven-resources-plugin:2.6:testResources (default-testResources) @ carbon-client ---
[INFO] Using 'UTF-8' encoding to copy filtered resources.
[INFO] Copying 3 resources
[INFO] 
[INFO] --- maven-compiler-plugin:3.3:testCompile (default-testCompile) @ carbon-client ---
[INFO] Nothing to compile - all classes are up to date
[INFO] 
[INFO] --- maven-surefire-plugin:2.19:test (default-test) @ carbon-client ---
[INFO] Tests are skipped.
[INFO] 
[INFO] --- maven-jar-plugin:2.6:jar (default-jar) @ carbon-client ---
[INFO] 
[INFO] --- maven-install-plugin:2.4:install (default-install) @ carbon-client ---
[INFO] Installing /home/travis/build/petergeneric/stdlib/util/carbon-client/target/carbon-client-9.1.5-SNAPSHOT.jar to /home/travis/.m2/repository/com/peterphi/std/util/carbon/carbon-client/9.1.5-SNAPSHOT/carbon-client-9.1.5-SNAPSHOT.jar
[INFO] Installing /home/travis/build/petergeneric/stdlib/util/carbon-client/pom.xml to /home/travis/.m2/repository/com/peterphi/std/util/carbon/carbon-client/9.1.5-SNAPSHOT/carbon-client-9.1.5-SNAPSHOT.pom
[INFO]                                                                         
[INFO] ------------------------------------------------------------------------
[INFO] Building service-manager 9.1.5-SNAPSHOT
[INFO] ------------------------------------------------------------------------
[INFO] 
[INFO] --- maven-enforcer-plugin:1.0:enforce (enforce-maven) @ service-manager-parent ---
[INFO] 
[INFO] --- buildnumber-maven-plugin:1.3:create (default) @ service-manager-parent ---
[INFO] 
[INFO] --- maven-install-plugin:2.4:install (default-install) @ service-manager-parent ---
[INFO] Installing /home/travis/build/petergeneric/stdlib/service-manager/pom.xml to /home/travis/.m2/repository/com/peterphi/std/config/service-manager-parent/9.1.5-SNAPSHOT/service-manager-parent-9.1.5-SNAPSHOT.pom
[INFO]                                                                         
[INFO] ------------------------------------------------------------------------
[INFO] Building Configuration Service 9.1.5-SNAPSHOT
[INFO] ------------------------------------------------------------------------
[INFO] 
[INFO] --- maven-enforcer-plugin:1.0:enforce (enforce-maven) @ configuration ---
[INFO] 
[INFO] --- buildnumber-maven-plugin:1.3:create (default) @ configuration ---
[INFO] 
[INFO] --- maven-resources-plugin:2.6:resources (default-resources) @ configuration ---
[INFO] Using 'UTF-8' encoding to copy filtered resources.
[INFO] Copying 5 resources
[INFO] 
[INFO] --- maven-compiler-plugin:3.3:compile (default-compile) @ configuration ---
[INFO] Nothing to compile - all classes are up to date
[INFO] 
[INFO] --- maven-resources-plugin:2.6:testResources (default-testResources) @ configuration ---
[INFO] Using 'UTF-8' encoding to copy filtered resources.
[INFO] Copying 1 resource
[INFO] 
[INFO] --- maven-compiler-plugin:3.3:testCompile (default-testCompile) @ configuration ---
[INFO] Nothing to compile - all classes are up to date
[INFO] 
[INFO] --- maven-surefire-plugin:2.19:test (default-test) @ configuration ---
[INFO] Tests are skipped.
[INFO] 
[INFO] --- maven-war-plugin:2.6:war (default-war) @ configuration ---
[INFO] Packaging webapp
[INFO] Assembling webapp [configuration] in [/home/travis/build/petergeneric/stdlib/service-manager/configuration/target/configuration-9.1.5-SNAPSHOT]
[INFO] Processing war project
[INFO] Copying webapp resources [/home/travis/build/petergeneric/stdlib/service-manager/configuration/src/main/webapp]
[INFO] Webapp assembled in [469 msecs]
[INFO] Building war: /home/travis/build/petergeneric/stdlib/service-manager/configuration/target/configuration-9.1.5-SNAPSHOT.war
[INFO] 
[INFO] --- maven-install-plugin:2.4:install (default-install) @ configuration ---
[INFO] Installing /home/travis/build/petergeneric/stdlib/service-manager/configuration/target/configuration-9.1.5-SNAPSHOT.war to /home/travis/.m2/repository/com/peterphi/std/config/configuration/9.1.5-SNAPSHOT/configuration-9.1.5-SNAPSHOT.war
[INFO] Installing /home/travis/build/petergeneric/stdlib/service-manager/configuration/pom.xml to /home/travis/.m2/repository/com/peterphi/std/config/configuration/9.1.5-SNAPSHOT/configuration-9.1.5-SNAPSHOT.pom
[INFO]                                                                         
[INFO] ------------------------------------------------------------------------
[INFO] Building stdlib-rules 9.1.5-SNAPSHOT
[INFO] ------------------------------------------------------------------------
[INFO] 
[INFO] --- maven-enforcer-plugin:1.0:enforce (enforce-maven) @ stdlib-rules ---
[INFO] 
[INFO] --- buildnumber-maven-plugin:1.3:create (default) @ stdlib-rules ---
[INFO] 
[INFO] --- maven-resources-plugin:2.6:resources (default-resources) @ stdlib-rules ---
[INFO] Using 'UTF-8' encoding to copy filtered resources.
[INFO] skip non existing resourceDirectory /home/travis/build/petergeneric/stdlib/rules/src/main/resources
[INFO] 
[INFO] --- maven-compiler-plugin:3.3:compile (default-compile) @ stdlib-rules ---
[INFO] Nothing to compile - all classes are up to date
[INFO] 
[INFO] --- maven-resources-plugin:2.6:testResources (default-testResources) @ stdlib-rules ---
[INFO] Using 'UTF-8' encoding to copy filtered resources.
[INFO] Copying 3 resources
[INFO] 
[INFO] --- maven-compiler-plugin:3.3:testCompile (default-testCompile) @ stdlib-rules ---
[INFO] Nothing to compile - all classes are up to date
[INFO] 
[INFO] --- maven-surefire-plugin:2.19:test (default-test) @ stdlib-rules ---
[INFO] Tests are skipped.
[INFO] 
[INFO] --- maven-jar-plugin:2.6:jar (default-jar) @ stdlib-rules ---
[INFO] 
[INFO] --- maven-install-plugin:2.4:install (default-install) @ stdlib-rules ---
[INFO] Installing /home/travis/build/petergeneric/stdlib/rules/target/stdlib-rules-9.1.5-SNAPSHOT.jar to /home/travis/.m2/repository/com/peterphi/std/stdlib-rules/9.1.5-SNAPSHOT/stdlib-rules-9.1.5-SNAPSHOT.jar
[INFO] Installing /home/travis/build/petergeneric/stdlib/rules/pom.xml to /home/travis/.m2/repository/com/peterphi/std/stdlib-rules/9.1.5-SNAPSHOT/stdlib-rules-9.1.5-SNAPSHOT.pom
[INFO]                                                                         
[INFO] ------------------------------------------------------------------------
[INFO] Building stdlib-azure 9.1.5-SNAPSHOT
[INFO] ------------------------------------------------------------------------
[INFO] 
[INFO] --- maven-enforcer-plugin:1.0:enforce (enforce-maven) @ stdlib-azure ---
[INFO] 
[INFO] --- buildnumber-maven-plugin:1.3:create (default) @ stdlib-azure ---
[INFO] 
[INFO] --- maven-resources-plugin:2.6:resources (default-resources) @ stdlib-azure ---
[INFO] Using 'UTF-8' encoding to copy filtered resources.
[INFO] skip non existing resourceDirectory /home/travis/build/petergeneric/stdlib/azure/src/main/resources
[INFO] 
[INFO] --- maven-compiler-plugin:3.3:compile (default-compile) @ stdlib-azure ---
[INFO] Nothing to compile - all classes are up to date
[INFO] 
[INFO] --- maven-resources-plugin:2.6:testResources (default-testResources) @ stdlib-azure ---
[INFO] Using 'UTF-8' encoding to copy filtered resources.
[INFO] Copying 1 resource
[INFO] 
[INFO] --- maven-compiler-plugin:3.3:testCompile (default-testCompile) @ stdlib-azure ---
[INFO] Nothing to compile - all classes are up to date
[INFO] 
[INFO] --- maven-surefire-plugin:2.19:test (default-test) @ stdlib-azure ---
[INFO] Tests are skipped.
[INFO] 
[INFO] --- maven-jar-plugin:2.6:jar (default-jar) @ stdlib-azure ---
[INFO] 
[INFO] --- maven-install-plugin:2.4:install (default-install) @ stdlib-azure ---
[INFO] Installing /home/travis/build/petergeneric/stdlib/azure/target/stdlib-azure-9.1.5-SNAPSHOT.jar to /home/travis/.m2/repository/com/peterphi/std/stdlib-azure/9.1.5-SNAPSHOT/stdlib-azure-9.1.5-SNAPSHOT.jar
[INFO] Installing /home/travis/build/petergeneric/stdlib/azure/pom.xml to /home/travis/.m2/repository/com/peterphi/std/stdlib-azure/9.1.5-SNAPSHOT/stdlib-azure-9.1.5-SNAPSHOT.pom
[INFO]                                                                         
[INFO] ------------------------------------------------------------------------
[INFO] Building Service Manager Main 9.1.5-SNAPSHOT
[INFO] ------------------------------------------------------------------------
[INFO] 
[INFO] --- maven-enforcer-plugin:1.0:enforce (enforce-maven) @ service-manager ---
[INFO] 
[INFO] --- buildnumber-maven-plugin:1.3:create (default) @ service-manager ---
[INFO] 
[INFO] --- maven-resources-plugin:2.6:resources (default-resources) @ service-manager ---
[INFO] Using 'UTF-8' encoding to copy filtered resources.
[INFO] Copying 5 resources
[INFO] 
[INFO] --- maven-compiler-plugin:3.3:compile (default-compile) @ service-manager ---
[INFO] Changes detected - recompiling the module!
[INFO] Compiling 20 source files to /home/travis/build/petergeneric/stdlib/service-manager/service-manager/target/classes
[INFO] /home/travis/build/petergeneric/stdlib/service-manager/service-manager/src/main/java/com/peterphi/servicemanager/service/logging/hub/RingBuffer.java: /home/travis/build/petergeneric/stdlib/service-manager/service-manager/src/main/java/com/peterphi/servicemanager/service/logging/hub/RingBuffer.java uses unchecked or unsafe operations.
[INFO] /home/travis/build/petergeneric/stdlib/service-manager/service-manager/src/main/java/com/peterphi/servicemanager/service/logging/hub/RingBuffer.java: Recompile with -Xlint:unchecked for details.
[INFO] -------------------------------------------------------------
[ERROR] COMPILATION ERROR : 
[INFO] -------------------------------------------------------------
[ERROR] /home/travis/build/petergeneric/stdlib/service-manager/service-manager/src/main/java/com/peterphi/servicemanager/service/rest/ui/impl/RulesUIServiceImpl.java:[58,65] incompatible types: java.util.Map<java.lang.String,java.lang.Object> cannot be converted to ognl.OgnlContext
[INFO] 1 error
[INFO] -------------------------------------------------------------
[INFO] ------------------------------------------------------------------------
[INFO] Reactor Summary:
[INFO] 
[INFO] application framework parent ....................... SUCCESS [  1.686 s]
[INFO] stdlib ............................................. SUCCESS [  3.095 s]
[INFO] application framework guice modules parent ......... SUCCESS [  0.219 s]
[INFO] stdlib guice common ................................ SUCCESS [  1.639 s]
[INFO] user-manager ....................................... SUCCESS [  0.011 s]
[INFO] user manager rest api .............................. SUCCESS [  0.234 s]
[INFO] stdlib guice webapp ................................ SUCCESS [  0.473 s]
[INFO] stdlib guice metrics ............................... SUCCESS [  0.303 s]
[INFO] stdlib guice freemarker webapp ..................... SUCCESS [  0.268 s]
[INFO] stdlib guice testing support ....................... SUCCESS [  0.329 s]
[INFO] stdlib guice hibernate ............................. SUCCESS [  0.391 s]
[INFO] stdlib guice hibernate testing support ............. SUCCESS [  0.247 s]
[INFO] stdlib guice liquibase support ..................... SUCCESS [  0.285 s]
[INFO] carbon client ...................................... SUCCESS [  0.188 s]
[INFO] service-manager .................................... SUCCESS [  0.049 s]
[INFO] Configuration Service .............................. SUCCESS [  6.068 s]
[INFO] stdlib-rules ....................................... SUCCESS [  0.144 s]
[INFO] stdlib-azure ....................................... SUCCESS [  0.606 s]
[INFO] Service Manager Main ............................... FAILURE [  4.670 s]
[INFO] user manager service ............................... SKIPPED
[INFO] ------------------------------------------------------------------------
[INFO] BUILD FAILURE
[INFO] ------------------------------------------------------------------------
[INFO] Total time: 23.245 s
[INFO] Finished at: 2016-09-15T16:52:00+00:00
[INFO] Final Memory: 35M/346M
[INFO] ------------------------------------------------------------------------
[ERROR] Failed to execute goal org.apache.maven.plugins:maven-compiler-plugin:3.3:compile (default-compile) on project service-manager: Compilation failure
[ERROR] /home/travis/build/petergeneric/stdlib/service-manager/service-manager/src/main/java/com/peterphi/servicemanager/service/rest/ui/impl/RulesUIServiceImpl.java:[58,65] incompatible types: java.util.Map<java.lang.String,java.lang.Object> cannot be converted to ognl.OgnlContext
[ERROR] -> [Help 1]
[ERROR] 
[ERROR] To see the full stack trace of the errors, re-run Maven with the -e switch.
[ERROR] Re-run Maven using the -X switch to enable full debug logging.
[ERROR] 
[ERROR] For more information about the errors and possible solutions, please read the following articles:
[ERROR] [Help 1] http://cwiki.apache.org/confluence/display/MAVEN/MojoFailureException
[ERROR] 
[ERROR] After correcting the problems, you can resume the build with the command
[ERROR]   mvn <goals> -rf :service-manager

[31;1mThe command "eval mvn install -DskipTests=true -Dmaven.javadoc.skip=true -B -V" failed 3 times.[0m


travis_time:end:1cb4a616:start=1473958202999783046,finish=1473958327443823101,duration=124444040055[0K
[31;1mThe command "mvn install -DskipTests=true -Dmaven.javadoc.skip=true -B -V" failed and exited with 1 during .[0m

Your build has been stopped.
