Using worker: worker-linux-docker-f9106c00.prod.travis-ci.org:travis-linux-4

travis_fold:start:system_info[0K[33;1mBuild system information[0m
Build language: python
Build group: stable
Build dist: precise
[34m[1mBuild image provisioning date and time[0m
Thu Feb  5 15:09:33 UTC 2015
[34m[1mOperating System Details[0m
Distributor ID:	Ubuntu
Description:	Ubuntu 12.04.5 LTS
Release:	12.04
Codename:	precise
[34m[1mLinux Version[0m
3.13.0-29-generic
[34m[1mCookbooks Version[0m
a68419e https://github.com/travis-ci/travis-cookbooks/tree/a68419e
[34m[1mGCC version[0m
gcc (Ubuntu/Linaro 4.6.3-1ubuntu5) 4.6.3
Copyright (C) 2011 Free Software Foundation, Inc.
This is free software; see the source for copying conditions.  There is NO
warranty; not even for MERCHANTABILITY or FITNESS FOR A PARTICULAR PURPOSE.

[34m[1mLLVM version[0m
clang version 3.4 (tags/RELEASE_34/final)
Target: x86_64-unknown-linux-gnu
Thread model: posix
[34m[1mPre-installed Ruby versions[0m
ruby-1.9.3-p551
[34m[1mPre-installed Node.js versions[0m
v0.10.36
[34m[1mPre-installed Go versions[0m
1.4.1
[34m[1mRedis version[0m
redis-server 2.8.19
[34m[1mriak version[0m
2.0.2
[34m[1mMongoDB version[0m
MongoDB 2.4.12
[34m[1mCouchDB version[0m
couchdb 1.6.1
[34m[1mNeo4j version[0m
1.9.4
[34m[1mRabbitMQ Version[0m
3.4.3
[34m[1mElasticSearch version[0m
1.4.0
[34m[1mInstalled Sphinx versions[0m
2.0.10
2.1.9
2.2.6
[34m[1mDefault Sphinx version[0m
2.2.6
[34m[1mInstalled Firefox version[0m
firefox 31.0esr
[34m[1mPhantomJS version[0m
1.9.8
[34m[1mant -version[0m
Apache Ant(TM) version 1.8.2 compiled on December 3 2011
[34m[1mmvn -version[0m
Apache Maven 3.2.5 (12a6b3acb947671f09b81f49094c53f426d8cea1; 2014-12-14T17:29:23+00:00)
Maven home: /usr/local/maven
Java version: 1.7.0_76, vendor: Oracle Corporation
Java home: /usr/lib/jvm/java-7-oracle/jre
Default locale: en_US, platform encoding: ANSI_X3.4-1968
OS name: "linux", version: "3.13.0-29-generic", arch: "amd64", family: "unix"
travis_fold:end:system_info[0K
travis_fold:start:git.checkout[0Ktravis_time:start:0081da58[0K$ git clone --depth=50 https://github.com/numpy/numpy.git numpy/numpy
Cloning into 'numpy/numpy'...
remote: Counting objects: 4841, done.[K
remote: Compressing objects:   0% (1/2675)   [Kremote: Compressing objects:   1% (27/2675)   [Kremote: Compressing objects:   2% (54/2675)   [Kremote: Compressing objects:   3% (81/2675)   [Kremote: Compressing objects:   4% (107/2675)   [Kremote: Compressing objects:   5% (134/2675)   [Kremote: Compressing objects:   6% (161/2675)   [Kremote: Compressing objects:   7% (188/2675)   [Kremote: Compressing objects:   8% (214/2675)   [Kremote: Compressing objects:   9% (241/2675)   [Kremote: Compressing objects:  10% (268/2675)   [Kremote: Compressing objects:  11% (295/2675)   [Kremote: Compressing objects:  12% (321/2675)   [Kremote: Compressing objects:  13% (348/2675)   [Kremote: Compressing objects:  14% (375/2675)   [Kremote: Compressing objects:  15% (402/2675)   [Kremote: Compressing objects:  16% (428/2675)   [Kremote: Compressing objects:  17% (455/2675)   [Kremote: Compressing objects:  18% (482/2675)   [Kremote: Compressing objects:  19% (509/2675)   [Kremote: Compressing objects:  20% (535/2675)   [Kremote: Compressing objects:  21% (562/2675)   [Kremote: Compressing objects:  22% (589/2675)   [Kremote: Compressing objects:  23% (616/2675)   [Kremote: Compressing objects:  24% (642/2675)   [Kremote: Compressing objects:  25% (669/2675)   [Kremote: Compressing objects:  26% (696/2675)   [Kremote: Compressing objects:  27% (723/2675)   [Kremote: Compressing objects:  28% (749/2675)   [Kremote: Compressing objects:  29% (776/2675)   [Kremote: Compressing objects:  30% (803/2675)   [Kremote: Compressing objects:  31% (830/2675)   [Kremote: Compressing objects:  32% (856/2675)   [Kremote: Compressing objects:  33% (883/2675)   [Kremote: Compressing objects:  34% (910/2675)   [Kremote: Compressing objects:  35% (937/2675)   [Kremote: Compressing objects:  36% (963/2675)   [Kremote: Compressing objects:  37% (990/2675)   [Kremote: Compressing objects:  38% (1017/2675)   [Kremote: Compressing objects:  39% (1044/2675)   [Kremote: Compressing objects:  40% (1070/2675)   [Kremote: Compressing objects:  41% (1097/2675)   [Kremote: Compressing objects:  42% (1124/2675)   [Kremote: Compressing objects:  43% (1151/2675)   [Kremote: Compressing objects:  44% (1177/2675)   [Kremote: Compressing objects:  45% (1204/2675)   [Kremote: Compressing objects:  46% (1231/2675)   [Kremote: Compressing objects:  47% (1258/2675)   [Kremote: Compressing objects:  48% (1284/2675)   [Kremote: Compressing objects:  49% (1311/2675)   [Kremote: Compressing objects:  50% (1338/2675)   [Kremote: Compressing objects:  51% (1365/2675)   [Kremote: Compressing objects:  52% (1391/2675)   [Kremote: Compressing objects:  53% (1418/2675)   [Kremote: Compressing objects:  54% (1445/2675)   [Kremote: Compressing objects:  55% (1472/2675)   [Kremote: Compressing objects:  56% (1498/2675)   [Kremote: Compressing objects:  57% (1525/2675)   [Kremote: Compressing objects:  58% (1552/2675)   [Kremote: Compressing objects:  59% (1579/2675)   [Kremote: Compressing objects:  60% (1605/2675)   [Kremote: Compressing objects:  61% (1632/2675)   [Kremote: Compressing objects:  62% (1659/2675)   [Kremote: Compressing objects:  63% (1686/2675)   [Kremote: Compressing objects:  64% (1712/2675)   [Kremote: Compressing objects:  65% (1739/2675)   [Kremote: Compressing objects:  66% (1766/2675)   [Kremote: Compressing objects:  67% (1793/2675)   [Kremote: Compressing objects:  68% (1819/2675)   [Kremote: Compressing objects:  69% (1846/2675)   [Kremote: Compressing objects:  70% (1873/2675)   [Kremote: Compressing objects:  71% (1900/2675)   [Kremote: Compressing objects:  72% (1926/2675)   [Kremote: Compressing objects:  73% (1953/2675)   [Kremote: Compressing objects:  74% (1980/2675)   [Kremote: Compressing objects:  75% (2007/2675)   [Kremote: Compressing objects:  76% (2033/2675)   [Kremote: Compressing objects:  77% (2060/2675)   [Kremote: Compressing objects:  78% (2087/2675)   [Kremote: Compressing objects:  79% (2114/2675)   [Kremote: Compressing objects:  80% (2140/2675)   [Kremote: Compressing objects:  81% (2167/2675)   [Kremote: Compressing objects:  82% (2194/2675)   [Kremote: Compressing objects:  83% (2221/2675)   [Kremote: Compressing objects:  84% (2247/2675)   [Kremote: Compressing objects:  85% (2274/2675)   [Kremote: Compressing objects:  86% (2301/2675)   [Kremote: Compressing objects:  87% (2328/2675)   [Kremote: Compressing objects:  88% (2354/2675)   [Kremote: Compressing objects:  89% (2381/2675)   [Kremote: Compressing objects:  90% (2408/2675)   [Kremote: Compressing objects:  91% (2435/2675)   [Kremote: Compressing objects:  92% (2461/2675)   [Kremote: Compressing objects:  93% (2488/2675)   [Kremote: Compressing objects:  94% (2515/2675)   [Kremote: Compressing objects:  95% (2542/2675)   [Kremote: Compressing objects:  96% (2568/2675)   [Kremote: Compressing objects:  97% (2595/2675)   [Kremote: Compressing objects:  98% (2622/2675)   [Kremote: Compressing objects:  99% (2649/2675)   [Kremote: Compressing objects: 100% (2675/2675)   [Kremote: Compressing objects: 100% (2675/2675), done.[K
Receiving objects:   0% (1/4841)   Receiving objects:   1% (49/4841)   Receiving objects:   2% (97/4841)   Receiving objects:   3% (146/4841)   Receiving objects:   4% (194/4841)   Receiving objects:   5% (243/4841)   Receiving objects:   6% (291/4841)   Receiving objects:   7% (339/4841)   Receiving objects:   8% (388/4841)   Receiving objects:   9% (436/4841)   Receiving objects:  10% (485/4841)   Receiving objects:  11% (533/4841)   Receiving objects:  12% (581/4841)   Receiving objects:  13% (630/4841)   Receiving objects:  14% (678/4841)   Receiving objects:  15% (727/4841)   Receiving objects:  16% (775/4841)   Receiving objects:  17% (823/4841)   Receiving objects:  18% (872/4841)   Receiving objects:  19% (920/4841)   Receiving objects:  20% (969/4841)   Receiving objects:  21% (1017/4841)   Receiving objects:  22% (1066/4841)   Receiving objects:  23% (1114/4841)   Receiving objects:  24% (1162/4841)   Receiving objects:  25% (1211/4841)   Receiving objects:  26% (1259/4841)   Receiving objects:  27% (1308/4841)   Receiving objects:  28% (1356/4841)   Receiving objects:  29% (1404/4841)   Receiving objects:  30% (1453/4841)   Receiving objects:  31% (1501/4841)   Receiving objects:  32% (1550/4841)   Receiving objects:  33% (1598/4841)   Receiving objects:  34% (1646/4841)   Receiving objects:  35% (1695/4841)   Receiving objects:  36% (1743/4841)   Receiving objects:  37% (1792/4841)   Receiving objects:  38% (1840/4841)   Receiving objects:  39% (1888/4841)   Receiving objects:  40% (1937/4841)   Receiving objects:  41% (1985/4841)   Receiving objects:  42% (2034/4841)   Receiving objects:  43% (2082/4841)   Receiving objects:  44% (2131/4841)   Receiving objects:  45% (2179/4841)   Receiving objects:  46% (2227/4841)   Receiving objects:  47% (2276/4841)   Receiving objects:  48% (2324/4841)   Receiving objects:  49% (2373/4841)   Receiving objects:  50% (2421/4841)   Receiving objects:  51% (2469/4841)   Receiving objects:  52% (2518/4841)   Receiving objects:  53% (2566/4841)   Receiving objects:  54% (2615/4841)   Receiving objects:  55% (2663/4841)   Receiving objects:  56% (2711/4841)   Receiving objects:  57% (2760/4841)   Receiving objects:  58% (2808/4841)   Receiving objects:  59% (2857/4841)   Receiving objects:  60% (2905/4841)   Receiving objects:  61% (2954/4841)   Receiving objects:  62% (3002/4841)   Receiving objects:  63% (3050/4841)   Receiving objects:  64% (3099/4841)   Receiving objects:  65% (3147/4841)   Receiving objects:  66% (3196/4841)   Receiving objects:  67% (3244/4841)   Receiving objects:  68% (3292/4841)   Receiving objects:  69% (3341/4841)   Receiving objects:  70% (3389/4841)   Receiving objects:  71% (3438/4841)   Receiving objects:  72% (3486/4841)   Receiving objects:  73% (3534/4841)   Receiving objects:  74% (3583/4841)   Receiving objects:  75% (3631/4841)   Receiving objects:  76% (3680/4841)   Receiving objects:  77% (3728/4841)   Receiving objects:  78% (3776/4841)   Receiving objects:  79% (3825/4841)   Receiving objects:  80% (3873/4841)   Receiving objects:  81% (3922/4841)   Receiving objects:  82% (3970/4841)   Receiving objects:  83% (4019/4841)   Receiving objects:  84% (4067/4841)   Receiving objects:  85% (4115/4841)   Receiving objects:  86% (4164/4841)   Receiving objects:  87% (4212/4841)   Receiving objects:  88% (4261/4841)   Receiving objects:  89% (4309/4841)   Receiving objects:  90% (4357/4841)   Receiving objects:  91% (4406/4841)   Receiving objects:  92% (4454/4841)   Receiving objects:  93% (4503/4841)   Receiving objects:  94% (4551/4841)   Receiving objects:  95% (4599/4841)   Receiving objects:  96% (4648/4841)   Receiving objects:  97% (4696/4841)   Receiving objects:  98% (4745/4841)   remote: Total 4841 (delta 3086), reused 3288 (delta 2112), pack-reused 0[K
Receiving objects:  99% (4793/4841)   Receiving objects: 100% (4841/4841)   Receiving objects: 100% (4841/4841), 5.24 MiB | 0 bytes/s, done.
Resolving deltas:   0% (0/3086)   Resolving deltas:   1% (33/3086)   Resolving deltas:   4% (125/3086)   Resolving deltas:   6% (205/3086)   Resolving deltas:   7% (218/3086)   Resolving deltas:  10% (338/3086)   Resolving deltas:  11% (340/3086)   Resolving deltas:  13% (429/3086)   Resolving deltas:  14% (437/3086)   Resolving deltas:  15% (464/3086)   Resolving deltas:  16% (495/3086)   Resolving deltas:  17% (525/3086)   Resolving deltas:  18% (558/3086)   Resolving deltas:  19% (595/3086)   Resolving deltas:  20% (619/3086)   Resolving deltas:  24% (741/3086)   Resolving deltas:  25% (783/3086)   Resolving deltas:  26% (803/3086)   Resolving deltas:  27% (840/3086)   Resolving deltas:  28% (867/3086)   Resolving deltas:  29% (895/3086)   Resolving deltas:  30% (931/3086)   Resolving deltas:  31% (957/3086)   Resolving deltas:  32% (990/3086)   Resolving deltas:  33% (1024/3086)   Resolving deltas:  34% (1050/3086)   Resolving deltas:  36% (1135/3086)   Resolving deltas:  37% (1143/3086)   Resolving deltas:  38% (1173/3086)   Resolving deltas:  39% (1207/3086)   Resolving deltas:  40% (1240/3086)   Resolving deltas:  41% (1266/3086)   Resolving deltas:  42% (1299/3086)   Resolving deltas:  43% (1328/3086)   Resolving deltas:  44% (1359/3086)   Resolving deltas:  45% (1391/3086)   Resolving deltas:  46% (1422/3086)   Resolving deltas:  47% (1453/3086)   Resolving deltas:  48% (1512/3086)   Resolving deltas:  49% (1513/3086)   Resolving deltas:  50% (1547/3086)   Resolving deltas:  51% (1574/3086)   Resolving deltas:  53% (1642/3086)   Resolving deltas:  54% (1669/3086)   Resolving deltas:  55% (1701/3086)   Resolving deltas:  56% (1734/3086)   Resolving deltas:  57% (1773/3086)   Resolving deltas:  58% (1792/3086)   Resolving deltas:  59% (1822/3086)   Resolving deltas:  60% (1863/3086)   Resolving deltas:  61% (1883/3086)   Resolving deltas:  62% (1915/3086)   Resolving deltas:  63% (1949/3086)   Resolving deltas:  64% (1993/3086)   Resolving deltas:  66% (2052/3086)   Resolving deltas:  67% (2086/3086)   Resolving deltas:  68% (2103/3086)   Resolving deltas:  69% (2154/3086)   Resolving deltas:  70% (2163/3086)   Resolving deltas:  71% (2196/3086)   Resolving deltas:  72% (2227/3086)   Resolving deltas:  73% (2255/3086)   Resolving deltas:  74% (2285/3086)   Resolving deltas:  75% (2327/3086)   Resolving deltas:  77% (2392/3086)   Resolving deltas:  78% (2429/3086)   Resolving deltas:  80% (2474/3086)   Resolving deltas:  81% (2515/3086)   Resolving deltas:  82% (2559/3086)   Resolving deltas:  88% (2726/3086)   Resolving deltas:  89% (2776/3086)   Resolving deltas:  90% (2778/3086)   Resolving deltas:  91% (2826/3086)   Resolving deltas:  92% (2843/3086)   Resolving deltas:  94% (2926/3086)   Resolving deltas:  95% (2932/3086)   Resolving deltas:  96% (2970/3086)   Resolving deltas:  97% (2995/3086)   Resolving deltas:  98% (3037/3086)   Resolving deltas:  99% (3073/3086)   Resolving deltas: 100% (3086/3086)   Resolving deltas: 100% (3086/3086), done.
Checking connectivity... done.
travis_time:end:0081da58:start=1452361962125125995,finish=1452361964341160791,duration=2216034796[0K$ cd numpy/numpy
travis_time:start:11e847f6[0K$ git fetch origin +refs/pull/6938/merge:
remote: Counting objects: 13, done.[K
remote: Compressing objects:  25% (1/4)   [Kremote: Compressing objects:  50% (2/4)   [Kremote: Compressing objects:  75% (3/4)   [Kremote: Compressing objects: 100% (4/4)   [Kremote: Compressing objects: 100% (4/4), done.[K
remote: Total 13 (delta 10), reused 12 (delta 9), pack-reused 0[K
Unpacking objects:   7% (1/13)   Unpacking objects:  15% (2/13)   Unpacking objects:  23% (3/13)   Unpacking objects:  30% (4/13)   Unpacking objects:  38% (5/13)   Unpacking objects:  46% (6/13)   Unpacking objects:  53% (7/13)   Unpacking objects:  61% (8/13)   Unpacking objects:  69% (9/13)   Unpacking objects:  76% (10/13)   Unpacking objects:  84% (11/13)   Unpacking objects:  92% (12/13)   Unpacking objects: 100% (13/13)   Unpacking objects: 100% (13/13), done.
From https://github.com/numpy/numpy
 * branch            refs/pull/6938/merge -> FETCH_HEAD
travis_time:end:11e847f6:start=1452361964344890556,finish=1452361964672747737,duration=327857181[0K$ git checkout -qf FETCH_HEAD
travis_fold:end:git.checkout[0Ktravis_fold:start:git.submodule[0Ktravis_time:start:03dbfa7c[0K$ git submodule init
Submodule 'doc/scipy-sphinx-theme' (https://github.com/scipy/scipy-sphinx-theme.git) registered for path 'doc/scipy-sphinx-theme'
Submodule 'doc/sphinxext' (https://github.com/numpy/numpydoc.git) registered for path 'doc/sphinxext'
travis_time:end:03dbfa7c:start=1452361964864618371,finish=1452361964907678958,duration=43060587[0Ktravis_time:start:26798f7c[0K$ git submodule update
Cloning into 'doc/scipy-sphinx-theme'...
remote: Counting objects: 572, done.[K
Receiving objects:   0% (1/572)   Receiving objects:   1% (6/572)   Receiving objects:   2% (12/572)   Receiving objects:   3% (18/572)   Receiving objects:   4% (23/572)   Receiving objects:   5% (29/572)   Receiving objects:   6% (35/572)   Receiving objects:   7% (41/572)   Receiving objects:   8% (46/572)   Receiving objects:   9% (52/572)   Receiving objects:  10% (58/572)   Receiving objects:  11% (63/572)   Receiving objects:  12% (69/572)   Receiving objects:  13% (75/572)   Receiving objects:  14% (81/572)   Receiving objects:  15% (86/572)   Receiving objects:  16% (92/572)   Receiving objects:  17% (98/572)   Receiving objects:  18% (103/572)   Receiving objects:  19% (109/572)   Receiving objects:  20% (115/572)   Receiving objects:  21% (121/572)   Receiving objects:  22% (126/572)   Receiving objects:  23% (132/572)   Receiving objects:  24% (138/572)   Receiving objects:  25% (143/572)   Receiving objects:  26% (149/572)   Receiving objects:  27% (155/572)   Receiving objects:  28% (161/572)   Receiving objects:  29% (166/572)   Receiving objects:  30% (172/572)   Receiving objects:  31% (178/572)   Receiving objects:  32% (184/572)   Receiving objects:  33% (189/572)   Receiving objects:  34% (195/572)   Receiving objects:  35% (201/572)   Receiving objects:  36% (206/572)   Receiving objects:  37% (212/572)   Receiving objects:  38% (218/572)   Receiving objects:  39% (224/572)   Receiving objects:  40% (229/572)   Receiving objects:  41% (235/572)   Receiving objects:  42% (241/572)   Receiving objects:  43% (246/572)   Receiving objects:  44% (252/572)   Receiving objects:  45% (258/572)   Receiving objects:  46% (264/572)   Receiving objects:  47% (269/572)   Receiving objects:  48% (275/572)   Receiving objects:  49% (281/572)   Receiving objects:  50% (286/572)   Receiving objects:  51% (292/572)   Receiving objects:  52% (298/572)   Receiving objects:  53% (304/572)   Receiving objects:  54% (309/572)   Receiving objects:  55% (315/572)   Receiving objects:  56% (321/572)   Receiving objects:  57% (327/572)   Receiving objects:  58% (332/572)   Receiving objects:  59% (338/572)   Receiving objects:  60% (344/572)   Receiving objects:  61% (349/572)   Receiving objects:  62% (355/572)   Receiving objects:  63% (361/572)   Receiving objects:  64% (367/572)   Receiving objects:  65% (372/572)   Receiving objects:  66% (378/572)   Receiving objects:  67% (384/572)   Receiving objects:  68% (389/572)   Receiving objects:  69% (395/572)   Receiving objects:  70% (401/572)   Receiving objects:  71% (407/572)   Receiving objects:  72% (412/572)   Receiving objects:  73% (418/572)   Receiving objects:  74% (424/572)   Receiving objects:  75% (429/572)   Receiving objects:  76% (435/572)   Receiving objects:  77% (441/572)   Receiving objects:  78% (447/572)   Receiving objects:  79% (452/572)   Receiving objects:  80% (458/572)   remote: Total 572 (delta 0), reused 0 (delta 0), pack-reused 572[K
Receiving objects:  81% (464/572)   Receiving objects:  82% (470/572)   Receiving objects:  83% (475/572)   Receiving objects:  84% (481/572)   Receiving objects:  85% (487/572)   Receiving objects:  86% (492/572)   Receiving objects:  87% (498/572)   Receiving objects:  88% (504/572)   Receiving objects:  89% (510/572)   Receiving objects:  90% (515/572)   Receiving objects:  91% (521/572)   Receiving objects:  92% (527/572)   Receiving objects:  93% (532/572)   Receiving objects:  94% (538/572)   Receiving objects:  95% (544/572)   Receiving objects:  96% (550/572)   Receiving objects:  97% (555/572)   Receiving objects:  98% (561/572)   Receiving objects:  99% (567/572)   Receiving objects: 100% (572/572)   Receiving objects: 100% (572/572), 705.37 KiB | 0 bytes/s, done.
Resolving deltas:   0% (0/204)   Resolving deltas:   2% (5/204)   Resolving deltas:   4% (9/204)   Resolving deltas:   7% (15/204)   Resolving deltas:   8% (17/204)   Resolving deltas:  10% (22/204)   Resolving deltas:  13% (27/204)   Resolving deltas:  14% (30/204)   Resolving deltas:  32% (67/204)   Resolving deltas:  33% (68/204)   Resolving deltas:  34% (71/204)   Resolving deltas:  39% (81/204)   Resolving deltas:  40% (82/204)   Resolving deltas:  41% (85/204)   Resolving deltas:  42% (87/204)   Resolving deltas:  43% (88/204)   Resolving deltas:  44% (91/204)   Resolving deltas:  45% (92/204)   Resolving deltas:  46% (94/204)   Resolving deltas:  47% (97/204)   Resolving deltas:  49% (100/204)   Resolving deltas:  50% (102/204)   Resolving deltas:  51% (105/204)   Resolving deltas:  52% (108/204)   Resolving deltas:  53% (109/204)   Resolving deltas:  54% (112/204)   Resolving deltas:  55% (113/204)   Resolving deltas:  56% (116/204)   Resolving deltas:  57% (117/204)   Resolving deltas:  58% (120/204)   Resolving deltas:  59% (121/204)   Resolving deltas:  62% (128/204)   Resolving deltas:  65% (133/204)   Resolving deltas:  66% (135/204)   Resolving deltas:  67% (137/204)   Resolving deltas:  68% (140/204)   Resolving deltas:  69% (141/204)   Resolving deltas:  70% (143/204)   Resolving deltas:  71% (146/204)   Resolving deltas:  72% (147/204)   Resolving deltas:  73% (150/204)   Resolving deltas:  74% (152/204)   Resolving deltas:  75% (154/204)   Resolving deltas:  76% (156/204)   Resolving deltas:  77% (158/204)   Resolving deltas:  78% (160/204)   Resolving deltas:  79% (162/204)   Resolving deltas:  80% (164/204)   Resolving deltas:  81% (166/204)   Resolving deltas:  82% (168/204)   Resolving deltas:  83% (170/204)   Resolving deltas:  84% (172/204)   Resolving deltas:  86% (176/204)   Resolving deltas:  87% (178/204)   Resolving deltas:  91% (186/204)   Resolving deltas:  92% (188/204)   Resolving deltas:  95% (194/204)   Resolving deltas: 100% (204/204)   Resolving deltas: 100% (204/204), done.
Checking connectivity... done.
Submodule path 'doc/scipy-sphinx-theme': checked out 'c466764e2231ba132c09826b5b138fffa1cfcec3'
Cloning into 'doc/sphinxext'...
remote: Counting objects: 590, done.[K
Receiving objects:   0% (1/590)   Receiving objects:   1% (6/590)   Receiving objects:   2% (12/590)   Receiving objects:   3% (18/590)   Receiving objects:   4% (24/590)   Receiving objects:   5% (30/590)   Receiving objects:   6% (36/590)   Receiving objects:   7% (42/590)   Receiving objects:   8% (48/590)   Receiving objects:   9% (54/590)   Receiving objects:  10% (59/590)   Receiving objects:  11% (65/590)   Receiving objects:  12% (71/590)   Receiving objects:  13% (77/590)   Receiving objects:  14% (83/590)   Receiving objects:  15% (89/590)   Receiving objects:  16% (95/590)   Receiving objects:  17% (101/590)   Receiving objects:  18% (107/590)   Receiving objects:  19% (113/590)   Receiving objects:  20% (118/590)   Receiving objects:  21% (124/590)   Receiving objects:  22% (130/590)   Receiving objects:  23% (136/590)   Receiving objects:  24% (142/590)   Receiving objects:  25% (148/590)   Receiving objects:  26% (154/590)   Receiving objects:  27% (160/590)   Receiving objects:  28% (166/590)   Receiving objects:  29% (172/590)   Receiving objects:  30% (177/590)   Receiving objects:  31% (183/590)   Receiving objects:  32% (189/590)   Receiving objects:  33% (195/590)   Receiving objects:  34% (201/590)   Receiving objects:  35% (207/590)   Receiving objects:  36% (213/590)   Receiving objects:  37% (219/590)   Receiving objects:  38% (225/590)   Receiving objects:  39% (231/590)   Receiving objects:  40% (236/590)   Receiving objects:  41% (242/590)   Receiving objects:  42% (248/590)   Receiving objects:  43% (254/590)   Receiving objects:  44% (260/590)   Receiving objects:  45% (266/590)   Receiving objects:  46% (272/590)   Receiving objects:  47% (278/590)   Receiving objects:  48% (284/590)   Receiving objects:  49% (290/590)   Receiving objects:  50% (295/590)   Receiving objects:  51% (301/590)   Receiving objects:  52% (307/590)   Receiving objects:  53% (313/590)   Receiving objects:  54% (319/590)   Receiving objects:  55% (325/590)   Receiving objects:  56% (331/590)   Receiving objects:  57% (337/590)   Receiving objects:  58% (343/590)   Receiving objects:  59% (349/590)   Receiving objects:  60% (354/590)   Receiving objects:  61% (360/590)   Receiving objects:  62% (366/590)   Receiving objects:  63% (372/590)   Receiving objects:  64% (378/590)   Receiving objects:  65% (384/590)   Receiving objects:  66% (390/590)   Receiving objects:  67% (396/590)   Receiving objects:  68% (402/590)   Receiving objects:  69% (408/590)   Receiving objects:  70% (413/590)   Receiving objects:  71% (419/590)   Receiving objects:  72% (425/590)   Receiving objects:  73% (431/590)   Receiving objects:  74% (437/590)   Receiving objects:  75% (443/590)   Receiving objects:  76% (449/590)   Receiving objects:  77% (455/590)   Receiving objects:  78% (461/590)   Receiving objects:  79% (467/590)   Receiving objects:  80% (472/590)   Receiving objects:  81% (478/590)   Receiving objects:  82% (484/590)   Receiving objects:  83% (490/590)   Receiving objects:  84% (496/590)   Receiving objects:  85% (502/590)   remote: Total 590 (delta 0), reused 0 (delta 0), pack-reused 590[K
Receiving objects:  86% (508/590)   Receiving objects:  87% (514/590)   Receiving objects:  88% (520/590)   Receiving objects:  89% (526/590)   Receiving objects:  90% (531/590)   Receiving objects:  91% (537/590)   Receiving objects:  92% (543/590)   Receiving objects:  93% (549/590)   Receiving objects:  94% (555/590)   Receiving objects:  95% (561/590)   Receiving objects:  96% (567/590)   Receiving objects:  97% (573/590)   Receiving objects:  98% (579/590)   Receiving objects:  99% (585/590)   Receiving objects: 100% (590/590)   Receiving objects: 100% (590/590), 121.86 KiB | 0 bytes/s, done.
Resolving deltas:   0% (0/401)   Resolving deltas:   1% (5/401)   Resolving deltas:   3% (14/401)   Resolving deltas:   5% (23/401)   Resolving deltas:   9% (37/401)   Resolving deltas:  16% (68/401)   Resolving deltas:  19% (79/401)   Resolving deltas:  25% (104/401)   Resolving deltas:  26% (107/401)   Resolving deltas:  29% (118/401)   Resolving deltas:  34% (139/401)   Resolving deltas:  35% (141/401)   Resolving deltas:  39% (157/401)   Resolving deltas:  41% (168/401)   Resolving deltas:  43% (174/401)   Resolving deltas:  45% (181/401)   Resolving deltas:  49% (199/401)   Resolving deltas:  60% (244/401)   Resolving deltas:  64% (260/401)   Resolving deltas:  65% (262/401)   Resolving deltas:  70% (282/401)   Resolving deltas:  77% (310/401)   Resolving deltas:  78% (315/401)   Resolving deltas:  79% (318/401)   Resolving deltas:  80% (321/401)   Resolving deltas:  81% (326/401)   Resolving deltas:  82% (332/401)   Resolving deltas:  83% (335/401)   Resolving deltas:  91% (368/401)   Resolving deltas:  94% (380/401)   Resolving deltas:  96% (388/401)   Resolving deltas:  98% (393/401)   Resolving deltas: 100% (401/401)   Resolving deltas: 100% (401/401), done.
Checking connectivity... done.
Submodule path 'doc/sphinxext': checked out '84cc897d266e0afc28fc5296edf01afb08005472'
travis_time:end:26798f7c:start=1452361964911094575,finish=1452361965658825578,duration=747731003[0Ktravis_fold:end:git.submodule[0Ktravis_fold:start:apt[0K[33;1mInstalling APT Packages (BETA)[0m
$ export DEBIAN_FRONTEND=noninteractive
travis_time:start:1628d930[0K$ sudo -E apt-get -yq update &>> ~/apt-get-update.log
travis_time:end:1628d930:start=1452361965663526249,finish=1452361970478021404,duration=4814495155[0Ktravis_time:start:16c48491[0K$ sudo -E apt-get -yq --no-install-suggests --no-install-recommends --force-yes install gfortran libatlas-dev libatlas-base-dev eatmydata
Reading package lists...
Building dependency tree...
Reading state information...
The following extra packages will be installed:
  gfortran-4.6 libatlas3gf-base libblas-dev
Suggested packages:
  gfortran-multilib gfortran-doc gfortran-4.6-multilib gfortran-4.6-doc
  libgfortran3-dbg libblas-doc liblapack-doc liblapack-dev
The following NEW packages will be installed:
  eatmydata gfortran gfortran-4.6 libatlas-base-dev libatlas-dev
  libatlas3gf-base libblas-dev
0 upgraded, 7 newly installed, 0 to remove and 209 not upgraded.
Need to get 19.6 MB of archives.
After this operation, 68.4 MB of additional disk space will be used.
Get:1 http://us.archive.ubuntu.com/ubuntu/ precise/universe eatmydata amd64 26-2 [8,034 B]
Get:2 http://us.archive.ubuntu.com/ubuntu/ precise/main gfortran-4.6 amd64 4.6.3-1ubuntu5 [5,579 kB]
Get:3 http://us.archive.ubuntu.com/ubuntu/ precise/main gfortran amd64 4:4.6.3-1ubuntu5 [1,206 B]
Get:4 http://us.archive.ubuntu.com/ubuntu/ precise/universe libatlas3gf-base amd64 3.8.4-3build1 [6,191 kB]
Get:5 http://us.archive.ubuntu.com/ubuntu/ precise/main libblas-dev amd64 1.2.20110419-2ubuntu1 [302 kB]
Get:6 http://us.archive.ubuntu.com/ubuntu/ precise/universe libatlas-dev all 3.8.4-3build1 [13.6 kB]
Get:7 http://us.archive.ubuntu.com/ubuntu/ precise/universe libatlas-base-dev amd64 3.8.4-3build1 [7,461 kB]
Fetched 19.6 MB in 0s (22.4 MB/s)
Selecting previously unselected package eatmydata.
(Reading database ... (Reading database ... 5%(Reading database ... 10%(Reading database ... 15%(Reading database ... 20%(Reading database ... 25%(Reading database ... 30%(Reading database ... 35%(Reading database ... 40%(Reading database ... 45%(Reading database ... 50%(Reading database ... 55%(Reading database ... 60%(Reading database ... 65%(Reading database ... 70%(Reading database ... 75%(Reading database ... 80%(Reading database ... 85%(Reading database ... 90%(Reading database ... 95%(Reading database ... 100%(Reading database ... 72431 files and directories currently installed.)
Unpacking eatmydata (from .../eatmydata_26-2_amd64.deb) ...
Selecting previously unselected package gfortran-4.6.
Unpacking gfortran-4.6 (from .../gfortran-4.6_4.6.3-1ubuntu5_amd64.deb) ...
Selecting previously unselected package gfortran.
Unpacking gfortran (from .../gfortran_4%3a4.6.3-1ubuntu5_amd64.deb) ...
Selecting previously unselected package libatlas3gf-base.
Unpacking libatlas3gf-base (from .../libatlas3gf-base_3.8.4-3build1_amd64.deb) ...
Selecting previously unselected package libblas-dev.
Unpacking libblas-dev (from .../libblas-dev_1.2.20110419-2ubuntu1_amd64.deb) ...
Selecting previously unselected package libatlas-dev.
Unpacking libatlas-dev (from .../libatlas-dev_3.8.4-3build1_all.deb) ...
Selecting previously unselected package libatlas-base-dev.
Unpacking libatlas-base-dev (from .../libatlas-base-dev_3.8.4-3build1_amd64.deb) ...
Processing triggers for man-db ...
Processing triggers for ccache ...
Updating symlinks in /usr/lib/ccache ...
Setting up eatmydata (26-2) ...
Setting up gfortran-4.6 (4.6.3-1ubuntu5) ...
Setting up gfortran (4:4.6.3-1ubuntu5) ...
update-alternatives: using /usr/bin/gfortran to provide /usr/bin/f95 (f95) in auto mode.
Setting up libatlas3gf-base (3.8.4-3build1) ...
update-alternatives: using /usr/lib/atlas-base/atlas/libblas.so.3gf to provide /usr/lib/libblas.so.3gf (libblas.so.3gf) in auto mode.
update-alternatives: using /usr/lib/atlas-base/atlas/liblapack.so.3gf to provide /usr/lib/liblapack.so.3gf (liblapack.so.3gf) in auto mode.
Setting up libblas-dev (1.2.20110419-2ubuntu1) ...
update-alternatives: using /usr/lib/libblas/libblas.so to provide /usr/lib/libblas.so (libblas.so) in auto mode.
Setting up libatlas-dev (3.8.4-3build1) ...
Setting up libatlas-base-dev (3.8.4-3build1) ...
update-alternatives: using /usr/lib/atlas-base/atlas/libblas.so to provide /usr/lib/libblas.so (libblas.so) in auto mode.
update-alternatives: using /usr/lib/atlas-base/atlas/liblapack.so to provide /usr/lib/liblapack.so (liblapack.so) in auto mode.
Processing triggers for libc-bin ...
ldconfig deferred processing now taking place
travis_time:end:16c48491:start=1452361970481560189,finish=1452361978657510321,duration=8175950132[0Ktravis_fold:end:apt[0K
[33;1mThis job is running on container-based infrastructure, which does not allow use of 'sudo', setuid and setguid executables.[0m
[33;1mIf you require sudo, add 'sudo: required' to your .travis.yml[0m
[33;1mSee http://docs.travis-ci.com/user/workers/container-based-infrastructure/ for details.[0m
travis_fold:start:cache.1[0KSetting up build cache
$ export CASHER_DIR=$HOME/.casher
travis_time:start:081deab9[0K$ Installing caching utilities
travis_time:end:081deab9:start=1452361980955518395,finish=1452361981033781948,duration=78263553[0Ktravis_time:start:2a1d1f1f[0Ktravis_time:end:2a1d1f1f:start=1452361981038319777,finish=1452361981041318044,duration=2998267[0Ktravis_time:start:04577bc0[0K[32;1mattempting to download cache archive[0m
[32;1mfetching PR.6938/cache--python-3.4.tgz[0m
[32;1mfound cache[0m
travis_time:end:04577bc0:start=1452361981044856548,finish=1452361981632690964,duration=587834416[0Ktravis_time:start:005ac838[0Ktravis_time:end:005ac838:start=1452361981636474954,finish=1452361981639707494,duration=3232540[0Ktravis_time:start:15e7f1ca[0K[32;1madding /home/travis/.cache/pip to cache[0m
travis_time:end:15e7f1ca:start=1452361981643388064,finish=1452361982933758997,duration=1290370933[0Ktravis_fold:end:cache.1[0Ktravis_time:start:04740bf4[0K$ source ~/virtualenv/python3.4/bin/activate
travis_time:end:04740bf4:start=1452361982937682867,finish=1452361982941894455,duration=4211588[0K$ python --version
Python 3.4.2
$ pip --version
pip 6.0.7 from /home/travis/virtualenv/python3.4.2/lib/python3.4/site-packages (python 3.4)
travis_fold:start:before_install.1[0Ktravis_time:start:02cda86d[0K$ uname -a
Linux testing-worker-linux-docker-f9106c00-3193-linux-4 3.13.0-40-generic #69-Ubuntu SMP Thu Nov 13 17:53:56 UTC 2014 x86_64 x86_64 x86_64 GNU/Linux
travis_time:end:02cda86d:start=1452361983353600010,finish=1452361983357355107,duration=3755097[0Ktravis_fold:end:before_install.1[0Ktravis_fold:start:before_install.2[0Ktravis_time:start:1011a1bc[0K$ free -m
             total       used       free     shared    buffers     cached
Mem:         30147       9277      20869          0         62       3029
-/+ buffers/cache:       6185      23961
Swap:            0          0          0
travis_time:end:1011a1bc:start=1452361983361184116,finish=1452361983365553954,duration=4369838[0Ktravis_fold:end:before_install.2[0Ktravis_fold:start:before_install.3[0Ktravis_time:start:0acb1d1c[0K$ df -h
Filesystem                                                                                          Size  Used Avail Use% Mounted on
rootfs                                                                                               16G  5.5G  9.9G  36% /
/dev/mapper/docker-202:16-9625603-8b67aaf1226d9d4413d1e47778a62e3f465ac52000e5d1a7a3f90a13ebff9302   16G  5.5G  9.9G  36% /
shm                                                                                                  64M     0   64M   0% /dev/shm
/dev/xvdb                                                                                           151G   74M  143G   1% /etc/resolv.conf
/dev/xvdb                                                                                           151G   74M  143G   1% /etc/hostname
/dev/xvdb                                                                                           151G   74M  143G   1% /etc/hosts
/dev/xvdb                                                                                           151G   74M  143G   1% /.dockerinit
/dev/xvdb                                                                                           151G   74M  143G   1% /.dockerenv
travis_time:end:0acb1d1c:start=1452361983369364115,finish=1452361983373510749,duration=4146634[0Ktravis_fold:end:before_install.3[0Ktravis_fold:start:before_install.4[0Ktravis_time:start:00522a68[0K$ ulimit -a
core file size          (blocks, -c) 0
data seg size           (kbytes, -d) unlimited
scheduling priority             (-e) 0
file size               (blocks, -f) unlimited
pending signals                 (-i) 241002
max locked memory       (kbytes, -l) 64
max memory size         (kbytes, -m) unlimited
open files                      (-n) 64000
pipe size            (512 bytes, -p) 8
POSIX message queues     (bytes, -q) 819200
real-time priority              (-r) 0
stack size              (kbytes, -s) 8192
cpu time               (seconds, -t) unlimited
max user processes              (-u) 524288
virtual memory          (kbytes, -v) unlimited
file locks                      (-x) unlimited
travis_time:end:00522a68:start=1452361983377317102,finish=1452361983380363496,duration=3046394[0Ktravis_fold:end:before_install.4[0Ktravis_fold:start:before_install.5[0Ktravis_time:start:13f73fce[0K$ mkdir builds
travis_time:end:13f73fce:start=1452361983384230110,finish=1452361983388187405,duration=3957295[0Ktravis_fold:end:before_install.5[0Ktravis_fold:start:before_install.6[0Ktravis_time:start:133171d8[0K$ pushd builds
~/build/numpy/numpy/builds ~/build/numpy/numpy
travis_time:end:133171d8:start=1452361983391976858,finish=1452361983394954943,duration=2978085[0Ktravis_fold:end:before_install.6[0Ktravis_fold:start:before_install.7[0Ktravis_time:start:28c6d038[0K$ virtualenv --python=python venv
Running virtualenv with interpreter /home/travis/virtualenv/python3.4.2/bin/python
Using real prefix '/opt/python/3.4.2'
New python executable in venv/bin/python
Installing setuptools, pip...done.
travis_time:end:28c6d038:start=1452361983398757860,finish=1452361985437650177,duration=2038892317[0Ktravis_fold:end:before_install.7[0Ktravis_fold:start:before_install.8[0Ktravis_time:start:0253d0e5[0K$ source venv/bin/activate
travis_time:end:0253d0e5:start=1452361985441508029,finish=1452361985445193605,duration=3685576[0Ktravis_fold:end:before_install.8[0Ktravis_fold:start:before_install.9[0Ktravis_time:start:2633296e[0K$ python -V
Python 3.4.2
travis_time:end:2633296e:start=1452361985449034992,finish=1452361985453351225,duration=4316233[0Ktravis_fold:end:before_install.9[0Ktravis_fold:start:before_install.10[0Ktravis_time:start:1527c7f2[0K$ pip install --upgrade pip setuptools
[33mYou are using pip version 6.0.7, however version 7.1.2 is available.
You should consider upgrading via the 'pip install --upgrade pip' command.[0m
Collecting pip from https://pypi.python.org/packages/py2.py3/p/pip/pip-7.1.2-py2.py3-none-any.whl#md5=5ff9fec0be479e4e36df467556deed4d
  Using cached pip-7.1.2-py2.py3-none-any.whl
Collecting setuptools from https://pypi.python.org/packages/3.5/s/setuptools/setuptools-19.2-py2.py3-none-any.whl#md5=7bdac510b6bc1675a2a149eb3f81af77
  Using cached setuptools-19.2-py2.py3-none-any.whl
Installing collected packages: setuptools, pip
  Found existing installation: setuptools 12.0.5
    Uninstalling setuptools-12.0.5:
      Successfully uninstalled setuptools-12.0.5

  Found existing installation: pip 6.0.7
    Uninstalling pip-6.0.7:
      Successfully uninstalled pip-6.0.7

Successfully installed pip-7.1.2 setuptools-19.2
travis_time:end:1527c7f2:start=1452361985457224721,finish=1452361987836985167,duration=2379760446[0Ktravis_fold:end:before_install.10[0Ktravis_fold:start:before_install.11[0Ktravis_time:start:0ff1f1fc[0K$ pip install nose
Collecting nose
  Using cached nose-1.3.7-py3-none-any.whl
Installing collected packages: nose
Successfully installed nose-1.3.7
travis_time:end:0ff1f1fc:start=1452361987840965396,finish=1452361988363279660,duration=522314264[0Ktravis_fold:end:before_install.11[0Ktravis_fold:start:before_install.12[0Ktravis_time:start:1fdb8228[0K$ pip install --install-option="--no-cython-compile" Cython
/home/travis/build/numpy/numpy/builds/venv/lib/python3.4/site-packages/pip/commands/install.py:199: UserWarning: Disabling all use of wheels due to the use of --build-options / --global-options / --install-options.
  cmdoptions.check_install_build_global(options)
Collecting Cython
  Using cached Cython-0.23.4.tar.gz
Installing collected packages: Cython
  Running setup.py install for Cython
Successfully installed Cython-0.23.4
travis_time:end:1fdb8228:start=1452361988367351269,finish=1452361990945612494,duration=2578261225[0Ktravis_fold:end:before_install.12[0Ktravis_fold:start:before_install.13[0Ktravis_time:start:05e7b260[0K$ if [ -n "$USE_ASV" ]; then pip install asv; fi
travis_time:end:05e7b260:start=1452361990949622942,finish=1452361990952711058,duration=3088116[0Ktravis_fold:end:before_install.13[0Ktravis_fold:start:before_install.14[0Ktravis_time:start:01f9f06c[0K$ popd
~/build/numpy/numpy
travis_time:end:01f9f06c:start=1452361990956750928,finish=1452361990959800759,duration=3049831[0Ktravis_fold:end:before_install.14[0KCould not locate requirements.txt. Override the install: key in your .travis.yml to install dependencies.
travis_time:start:07a8cc5c[0K$ ./tools/travis-test.sh
+export NPY_NUM_BUILD_JOBS=2
+NPY_NUM_BUILD_JOBS=2
+'[' -r /usr/lib/libeatmydata/libeatmydata.so ']'
+export LD_PRELOAD=/usr/lib/libeatmydata/libeatmydata.so
+LD_PRELOAD=/usr/lib/libeatmydata/libeatmydata.so
+PYTHON=python
+PIP=pip
+'[' -n '' ']'
+'[' -n '' ']'
+werrors='-Werror=declaration-after-statement -Werror=vla '
+werrors+='-Werror=nonnull -Werror=pointer-arith'
+export PYTHON
+export PIP
+'[' -n '' ']'
+'[' -n '' ']'
+setup_base
+'[' -z '' ']'
+'[' -z '' ']'
+pip install .
Processing /home/travis/build/numpy/numpy
Installing collected packages: numpy
  Running setup.py install for numpy
Successfully installed numpy-1.11.0.dev0+38f08bb
+run_test
+'[' -n '' ']'
+mkdir -p empty
+cd empty
++python -c 'import os; import numpy; print(os.path.dirname(numpy.__file__))'
+INSTALLDIR=/home/travis/build/numpy/numpy/builds/venv/lib/python3.4/site-packages/numpy
+export PYTHONWARNINGS=default
+PYTHONWARNINGS=default
+python ../tools/test-installed-numpy.py
Running unit tests for numpy
/home/travis/build/numpy/numpy/builds/venv/lib/python3.4/imp.py:32: PendingDeprecationWarning: the imp module is deprecated in favour of importlib; see the module's documentation for alternative uses
  PendingDeprecationWarning)
NumPy version 1.11.0.dev0+38f08bb
NumPy relaxed strides checking option: True
NumPy is installed in /home/travis/build/numpy/numpy/builds/venv/lib/python3.4/site-packages/numpy
Python version 3.4.2 (default, Feb  5 2015, 15:56:51) [GCC 4.6.3]
nose version 1.3.7
..............................S.............................................................................................................................................................................S...................................................................................................................................................................S..SS...SSS.KKK..................................................................................................................................................................................................................................................................................................................................................................................................................................................................................................................................................................................................................................................................................................................................................................................................................................................................................................................................................................................................................................................................................................................................................................................................................................................................S..................................................................S......................................................................................................................................................................................................................................................................................................................................................................................................................................................................K....................................................................................................................................................................................................................................................................................................SSS.....................................................................S............................................K................................................................................S..........................................................................................................................................................................................................................................................................................................................................................K......................K.............................................................................................................................................................................................................................................................................................................................................................................................................................................................................................................................................................................................................................................................................................................................................................................................................................................................................................................................................................................................................................................................................................................................................................................................................................................................................................................................................................................................................................................................................................................................................................................................................................................................................................................................................................................................................................................................................................................................................................................................................................................................................................................................................................................................................................................................................................................................................................................................................................................................................................................................................................................................................................................................................................................................................................................................................................................................................................................................................................................................................................................F............................................................................................................................................................................................
======================================================================
FAIL: test_full_range (test_random.TestRandint)
----------------------------------------------------------------------
Traceback (most recent call last):
  File "mtrand.pyx", line 1662, in mtrand.RandomState.randint (numpy/random/mtrand/mtrand.c:19369)
TypeError: int() argument must be a string or a number, not 'list'

During handling of the above exception, another exception occurred:

Traceback (most recent call last):
  File "/home/travis/build/numpy/numpy/builds/venv/lib/python3.4/site-packages/numpy/random/tests/test_random.py", line 191, in test_full_range
    self.rfunc([lbnd] * 3, ubnd, dtype=dt)
OverflowError: Python int too large to convert to C unsigned long

During handling of the above exception, another exception occurred:

Traceback (most recent call last):
  File "/home/travis/build/numpy/numpy/builds/venv/lib/python3.4/site-packages/numpy/random/tests/test_random.py", line 197, in test_full_range
    "message:\n\n%s" % str(e))
AssertionError: No error should have been raised, but one was with the following message:

Python int too large to convert to C unsigned long

----------------------------------------------------------------------
Ran 6099 tests in 91.384s

FAILED (KNOWNFAIL=7, SKIP=15, failures=1)
travis_time:end:07a8cc5c:start=1452361990963705200,finish=1452362163754888700,duration=172791183500[0K
[31;1mThe command "./tools/travis-test.sh" exited with 1.[0m
travis_fold:start:cache.2[0Kstore build cache
travis_time:start:142a1474[0Ktravis_time:end:142a1474:start=1452362163759054815,finish=1452362163762481809,duration=3426994[0Ktravis_time:start:0f7956a2[0K[32;1mchange detected:
/home/travis/.cache/pip/http/3/a/f/3/a/3af3addf06e983a6c02f46e7bea70c221d3ff95bf1418fa6da354e14
/home/travis/.cache/pip/http/a/6/9/b/d/a69bdb984343de3b3653d7a852dbd14dd4ccdd03ced4b06d1352ba0b
/home/travis/.cache/pip/http/e/e/3/2/8/ee3289a8797caea4fe12c6b48ca736e92850c8c2e1747e0e4d2bf0f1
/home/travis/.cache/pip/http/f/5/0/6/9/f506919a8bb750672325e1782eaa71c75e5cd4236546883e66769b54
/home/travis/.cache/pip/http/f/e/d/0/e/fed0ed508030b766d5b0c2792132c8bf197804464765b46b361f93a4
/home/travis/.cache/pip/log/debug.log

[0m
[32;1mchanges detected, packing new archive[0m
[32;1muploading archive[0m
travis_time:end:0f7956a2:start=1452362163766419943,finish=1452362165521479402,duration=1755059459[0Ktravis_fold:end:cache.2[0K
Done. Your build exited with 1.
