Using worker: worker-linux-docker-d897e4f7.prod.travis-ci.org:travis-linux-3

travis_fold:start:system_info[0K[33;1mBuild system information[0m
Build language: java
[34m[1mBuild image provisioning date and time[0m
Fri Dec 12 23:29:11 UTC 2014
[34m[1mlsb_release -a[0m
Distributor ID:	Ubuntu
Description:	Ubuntu 12.04.5 LTS
Release:	12.04
Codename:	precise
[34m[1mCookbooks Version[0m
540230e https://github.com/travis-ci/travis-cookbooks/tree/540230e
[34m[1mGCC version[0m
gcc (Ubuntu/Linaro 4.6.3-1ubuntu5) 4.6.3
Copyright (C) 2011 Free Software Foundation, Inc.
This is free software; see the source for copying conditions.  There is NO
warranty; not even for MERCHANTABILITY or FITNESS FOR A PARTICULAR PURPOSE.

[34m[1mLLVM version[0m
clang version 3.4 (tags/RELEASE_34/final)
Target: x86_64-unknown-linux-gnu
Thread model: posix
[34m[1mPre-installed Ruby versions[0m
ruby-1.9.3-p551
[34m[1mPre-installed Node.js versions[0m
v0.10.33
[34m[1mPre-installed Go versions[0m
go1.4
[34m[1mRedis version[0m
redis-server 2.8.18
[34m[1mriak version[0m
1.4.12
[34m[1mMongoDB version[0m
MongoDB 2.4.12
[34m[1mCouchDB version[0m
couchdb 1.6.1
[34m[1mNeo4j version[0m
1.9.4
[34m[1mCassandra version[0m
2.0.9
[34m[1mRabbitMQ Version[0m
3.4.2
[34m[1mElasticSearch version[0m
1.4.0
[34m[1mInstalled Sphinx versions[0m
2.0.10
2.1.9
2.2.4
[34m[1mDefault Sphinx version[0m
2.1.9
[34m[1mInstalled Firefox version[0m
firefox 31.0esr
[34m[1mPhantomJS version[0m
1.9.8
[34m[1mant -version[0m
Apache Ant(TM) version 1.8.2 compiled on December 3 2011
[34m[1mmvn -version[0m
Apache Maven 3.2.3 (33f8c3e1027c3ddde99d3cdebad2656a31e8fdf4; 2014-08-11T20:58:10+00:00)
Maven home: /usr/local/maven
Java version: 1.7.0_72, vendor: Oracle Corporation
Java home: /usr/lib/jvm/java-7-oracle/jre
Default locale: en_US, platform encoding: ANSI_X3.4-1968
OS name: "linux", version: "3.13.0-29-generic", arch: "amd64", family: "unix"
[34m[1mgradle -version[0m

------------------------------------------------------------
Gradle 2.2.1
------------------------------------------------------------

Build time:   2014-11-24 09:45:35 UTC
Build number: none
Revision:     6fcb59c06f43a4e6b1bcb401f7686a8601a1fb4a

Groovy:       2.3.6
Ant:          Apache Ant(TM) version 1.9.3 compiled on December 23 2013
JVM:          1.7.0_72 (Oracle Corporation 24.72-b04)
OS:           Linux 3.13.0-29-generic amd64

[34m[1mlein1 version[0m
Using JLine for console I/O; install rlwrap for optimum experience.
Leiningen 1.7.1 on Java 1.7.0_72 Java HotSpot(TM) 64-Bit Server VM
[34m[1mlein2 version[0m
Leiningen 2.5.0 on Java 1.7.0_72 Java HotSpot(TM) 64-Bit Server VM
[34m[1mlein version[0m
Leiningen 2.5.0 on Java 1.7.0_72 Java HotSpot(TM) 64-Bit Server VM
travis_fold:end:system_info[0K
travis_fold:start:git.checkout[0Ktravis_time:start:048006c0[0K$ git clone --depth=50 git://github.com/square/retrofit.git square/retrofit
Cloning into 'square/retrofit'...
remote: Counting objects: 1238, done.[K
remote: Compressing objects:   0% (1/630)   [Kremote: Compressing objects:   1% (7/630)   [Kremote: Compressing objects:   2% (13/630)   [Kremote: Compressing objects:   3% (19/630)   [Kremote: Compressing objects:   4% (26/630)   [Kremote: Compressing objects:   5% (32/630)   [Kremote: Compressing objects:   6% (38/630)   [Kremote: Compressing objects:   7% (45/630)   [Kremote: Compressing objects:   8% (51/630)   [Kremote: Compressing objects:   9% (57/630)   [Kremote: Compressing objects:  10% (63/630)   [Kremote: Compressing objects:  11% (70/630)   [Kremote: Compressing objects:  12% (76/630)   [Kremote: Compressing objects:  13% (82/630)   [Kremote: Compressing objects:  14% (89/630)   [Kremote: Compressing objects:  15% (95/630)   [Kremote: Compressing objects:  16% (101/630)   [Kremote: Compressing objects:  17% (108/630)   [Kremote: Compressing objects:  18% (114/630)   [Kremote: Compressing objects:  19% (120/630)   [Kremote: Compressing objects:  20% (126/630)   [Kremote: Compressing objects:  21% (133/630)   [Kremote: Compressing objects:  22% (139/630)   [Kremote: Compressing objects:  23% (145/630)   [Kremote: Compressing objects:  24% (152/630)   [Kremote: Compressing objects:  25% (158/630)   [Kremote: Compressing objects:  26% (164/630)   [Kremote: Compressing objects:  27% (171/630)   [Kremote: Compressing objects:  28% (177/630)   [Kremote: Compressing objects:  29% (183/630)   [Kremote: Compressing objects:  30% (189/630)   [Kremote: Compressing objects:  31% (196/630)   [Kremote: Compressing objects:  32% (202/630)   [Kremote: Compressing objects:  33% (208/630)   [Kremote: Compressing objects:  34% (215/630)   [Kremote: Compressing objects:  35% (221/630)   [Kremote: Compressing objects:  36% (227/630)   [Kremote: Compressing objects:  37% (234/630)   [Kremote: Compressing objects:  38% (240/630)   [Kremote: Compressing objects:  39% (246/630)   [Kremote: Compressing objects:  40% (252/630)   [Kremote: Compressing objects:  41% (259/630)   [Kremote: Compressing objects:  42% (265/630)   [Kremote: Compressing objects:  43% (271/630)   [Kremote: Compressing objects:  44% (278/630)   [Kremote: Compressing objects:  45% (284/630)   [Kremote: Compressing objects:  46% (290/630)   [Kremote: Compressing objects:  47% (297/630)   [Kremote: Compressing objects:  48% (303/630)   [Kremote: Compressing objects:  49% (309/630)   [Kremote: Compressing objects:  50% (315/630)   [Kremote: Compressing objects:  51% (322/630)   [Kremote: Compressing objects:  52% (328/630)   [Kremote: Compressing objects:  53% (334/630)   [Kremote: Compressing objects:  54% (341/630)   [Kremote: Compressing objects:  55% (347/630)   [Kremote: Compressing objects:  56% (353/630)   [Kremote: Compressing objects:  57% (360/630)   [Kremote: Compressing objects:  58% (366/630)   [Kremote: Compressing objects:  59% (372/630)   [Kremote: Compressing objects:  60% (378/630)   [Kremote: Compressing objects:  61% (385/630)   [Kremote: Compressing objects:  62% (391/630)   [Kremote: Compressing objects:  63% (397/630)   [Kremote: Compressing objects:  64% (404/630)   [Kremote: Compressing objects:  65% (410/630)   [Kremote: Compressing objects:  66% (416/630)   [Kremote: Compressing objects:  67% (423/630)   [Kremote: Compressing objects:  68% (429/630)   [Kremote: Compressing objects:  69% (435/630)   [Kremote: Compressing objects:  70% (441/630)   [Kremote: Compressing objects:  71% (448/630)   [Kremote: Compressing objects:  72% (454/630)   [Kremote: Compressing objects:  73% (460/630)   [Kremote: Compressing objects:  74% (467/630)   [Kremote: Compressing objects:  75% (473/630)   [Kremote: Compressing objects:  76% (479/630)   [Kremote: Compressing objects:  77% (486/630)   [Kremote: Compressing objects:  78% (492/630)   [Kremote: Compressing objects:  79% (498/630)   [Kremote: Compressing objects:  80% (504/630)   [Kremote: Compressing objects:  81% (511/630)   [Kremote: Compressing objects:  82% (517/630)   [Kremote: Compressing objects:  83% (523/630)   [Kremote: Compressing objects:  84% (530/630)   [Kremote: Compressing objects:  85% (536/630)   [Kremote: Compressing objects:  86% (542/630)   [Kremote: Compressing objects:  87% (549/630)   [Kremote: Compressing objects:  88% (555/630)   [Kremote: Compressing objects:  89% (561/630)   [Kremote: Compressing objects:  90% (567/630)   [Kremote: Compressing objects:  91% (574/630)   [Kremote: Compressing objects:  92% (580/630)   [Kremote: Compressing objects:  93% (586/630)   [Kremote: Compressing objects:  94% (593/630)   [Kremote: Compressing objects:  95% (599/630)   [Kremote: Compressing objects:  96% (605/630)   [Kremote: Compressing objects:  97% (612/630)   [Kremote: Compressing objects:  98% (618/630)   [Kremote: Compressing objects:  99% (624/630)   [Kremote: Compressing objects: 100% (630/630)   [Kremote: Compressing objects: 100% (630/630), done.[K
Receiving objects:   0% (1/1238)   Receiving objects:   1% (13/1238)   Receiving objects:   2% (25/1238)   Receiving objects:   3% (38/1238)   Receiving objects:   4% (50/1238)   Receiving objects:   5% (62/1238)   Receiving objects:   6% (75/1238)   Receiving objects:   7% (87/1238)   Receiving objects:   8% (100/1238)   Receiving objects:   9% (112/1238)   Receiving objects:  10% (124/1238)   Receiving objects:  11% (137/1238)   Receiving objects:  12% (149/1238)   Receiving objects:  13% (161/1238)   Receiving objects:  14% (174/1238)   Receiving objects:  15% (186/1238)   Receiving objects:  16% (199/1238)   Receiving objects:  17% (211/1238)   Receiving objects:  18% (223/1238)   Receiving objects:  19% (236/1238)   Receiving objects:  20% (248/1238)   Receiving objects:  21% (260/1238)   Receiving objects:  22% (273/1238)   Receiving objects:  23% (285/1238)   Receiving objects:  24% (298/1238)   Receiving objects:  25% (310/1238)   Receiving objects:  26% (322/1238)   Receiving objects:  27% (335/1238)   Receiving objects:  28% (347/1238)   Receiving objects:  29% (360/1238)   Receiving objects:  30% (372/1238)   Receiving objects:  31% (384/1238)   Receiving objects:  32% (397/1238)   Receiving objects:  33% (409/1238)   Receiving objects:  34% (421/1238)   Receiving objects:  35% (434/1238)   Receiving objects:  36% (446/1238)   Receiving objects:  37% (459/1238)   Receiving objects:  38% (471/1238)   Receiving objects:  39% (483/1238)   Receiving objects:  40% (496/1238)   Receiving objects:  41% (508/1238)   Receiving objects:  42% (520/1238)   Receiving objects:  43% (533/1238)   Receiving objects:  44% (545/1238)   Receiving objects:  45% (558/1238)   Receiving objects:  46% (570/1238)   remote: Total 1238 (delta 472), reused 1028 (delta 328)[K
Receiving objects:  47% (582/1238)   Receiving objects:  48% (595/1238)   Receiving objects:  49% (607/1238)   Receiving objects:  50% (619/1238)   Receiving objects:  51% (632/1238)   Receiving objects:  52% (644/1238)   Receiving objects:  53% (657/1238)   Receiving objects:  54% (669/1238)   Receiving objects:  55% (681/1238)   Receiving objects:  56% (694/1238)   Receiving objects:  57% (706/1238)   Receiving objects:  58% (719/1238)   Receiving objects:  59% (731/1238)   Receiving objects:  60% (743/1238)   Receiving objects:  61% (756/1238)   Receiving objects:  62% (768/1238)   Receiving objects:  63% (780/1238)   Receiving objects:  64% (793/1238)   Receiving objects:  65% (805/1238)   Receiving objects:  66% (818/1238)   Receiving objects:  67% (830/1238)   Receiving objects:  68% (842/1238)   Receiving objects:  69% (855/1238)   Receiving objects:  70% (867/1238)   Receiving objects:  71% (879/1238)   Receiving objects:  72% (892/1238)   Receiving objects:  73% (904/1238)   Receiving objects:  74% (917/1238)   Receiving objects:  75% (929/1238)   Receiving objects:  76% (941/1238)   Receiving objects:  77% (954/1238)   Receiving objects:  78% (966/1238)   Receiving objects:  79% (979/1238)   Receiving objects:  80% (991/1238)   Receiving objects:  81% (1003/1238)   Receiving objects:  82% (1016/1238)   Receiving objects:  83% (1028/1238)   Receiving objects:  84% (1040/1238)   Receiving objects:  85% (1053/1238)   Receiving objects:  86% (1065/1238)   Receiving objects:  87% (1078/1238)   Receiving objects:  88% (1090/1238)   Receiving objects:  89% (1102/1238)   Receiving objects:  90% (1115/1238)   Receiving objects:  91% (1127/1238)   Receiving objects:  92% (1139/1238)   Receiving objects:  93% (1152/1238)   Receiving objects:  94% (1164/1238)   Receiving objects:  95% (1177/1238)   Receiving objects:  96% (1189/1238)   Receiving objects:  97% (1201/1238)   Receiving objects:  98% (1214/1238)   Receiving objects:  99% (1226/1238)   Receiving objects: 100% (1238/1238)   Receiving objects: 100% (1238/1238), 289.14 KiB | 0 bytes/s, done.
Resolving deltas:   0% (0/472)   Resolving deltas:   3% (18/472)   Resolving deltas:   4% (22/472)   Resolving deltas:   5% (25/472)   Resolving deltas:   6% (29/472)   Resolving deltas:   7% (34/472)   Resolving deltas:  11% (55/472)   Resolving deltas:  17% (83/472)   Resolving deltas:  24% (116/472)   Resolving deltas:  25% (121/472)   Resolving deltas:  26% (126/472)   Resolving deltas:  27% (129/472)   Resolving deltas:  28% (133/472)   Resolving deltas:  30% (142/472)   Resolving deltas:  31% (149/472)   Resolving deltas:  32% (155/472)   Resolving deltas:  34% (163/472)   Resolving deltas:  36% (170/472)   Resolving deltas:  37% (179/472)   Resolving deltas:  38% (180/472)   Resolving deltas:  40% (193/472)   Resolving deltas:  42% (201/472)   Resolving deltas:  43% (205/472)   Resolving deltas:  44% (208/472)   Resolving deltas:  45% (217/472)   Resolving deltas:  46% (218/472)   Resolving deltas:  47% (223/472)   Resolving deltas:  48% (227/472)   Resolving deltas:  49% (232/472)   Resolving deltas:  50% (240/472)   Resolving deltas:  51% (245/472)   Resolving deltas:  52% (247/472)   Resolving deltas:  53% (251/472)   Resolving deltas:  54% (256/472)   Resolving deltas:  55% (264/472)   Resolving deltas:  56% (266/472)   Resolving deltas:  59% (283/472)   Resolving deltas:  61% (289/472)   Resolving deltas:  62% (295/472)   Resolving deltas:  63% (298/472)   Resolving deltas:  64% (306/472)   Resolving deltas:  66% (312/472)   Resolving deltas:  67% (317/472)   Resolving deltas:  68% (321/472)   Resolving deltas:  69% (326/472)   Resolving deltas:  70% (331/472)   Resolving deltas:  77% (367/472)   Resolving deltas:  78% (370/472)   Resolving deltas:  80% (378/472)   Resolving deltas:  84% (398/472)   Resolving deltas:  85% (402/472)   Resolving deltas:  89% (423/472)   Resolving deltas:  90% (427/472)   Resolving deltas:  91% (431/472)   Resolving deltas:  94% (448/472)   Resolving deltas:  95% (449/472)   Resolving deltas:  97% (458/472)   Resolving deltas: 100% (472/472)   Resolving deltas: 100% (472/472), done.
Checking connectivity... done.
travis_time:end:048006c0:start=1422681571724033324,finish=1422681574429250301,duration=2705216977[0K$ cd square/retrofit
travis_time:start:015098c0[0K$ git fetch origin +refs/pull/730/merge:
remote: Counting objects: 48, done.[K
remote: Compressing objects:   3% (1/27)   [Kremote: Compressing objects:   7% (2/27)   [Kremote: Compressing objects:  11% (3/27)   [Kremote: Compressing objects:  14% (4/27)   [Kremote: Compressing objects:  18% (5/27)   [Kremote: Compressing objects:  22% (6/27)   [Kremote: Compressing objects:  25% (7/27)   [Kremote: Compressing objects:  29% (8/27)   [Kremote: Compressing objects:  33% (9/27)   [Kremote: Compressing objects:  37% (10/27)   [Kremote: Compressing objects:  40% (11/27)   [Kremote: Compressing objects:  44% (12/27)   [Kremote: Compressing objects:  48% (13/27)   [Kremote: Compressing objects:  51% (14/27)   [Kremote: Compressing objects:  55% (15/27)   [Kremote: Compressing objects:  59% (16/27)   [Kremote: Compressing objects:  62% (17/27)   [Kremote: Compressing objects:  66% (18/27)   [Kremote: Compressing objects:  70% (19/27)   [Kremote: Compressing objects:  74% (20/27)   [Kremote: Compressing objects:  77% (21/27)   [Kremote: Compressing objects:  81% (22/27)   [Kremote: Compressing objects:  85% (23/27)   [Kremote: Compressing objects:  88% (24/27)   [Kremote: Compressing objects:  92% (25/27)   [Kremote: Compressing objects:  96% (26/27)   [Kremote: Compressing objects: 100% (27/27)   [Kremote: Compressing objects: 100% (27/27), done.[K
remote: Total 48 (delta 15), reused 35 (delta 2)[K
Unpacking objects:   2% (1/48)   Unpacking objects:   4% (2/48)   Unpacking objects:   6% (3/48)   Unpacking objects:   8% (4/48)   Unpacking objects:  10% (5/48)   Unpacking objects:  12% (6/48)   Unpacking objects:  14% (7/48)   Unpacking objects:  16% (8/48)   Unpacking objects:  18% (9/48)   Unpacking objects:  20% (10/48)   Unpacking objects:  22% (11/48)   Unpacking objects:  25% (12/48)   Unpacking objects:  27% (13/48)   Unpacking objects:  29% (14/48)   Unpacking objects:  31% (15/48)   Unpacking objects:  33% (16/48)   Unpacking objects:  35% (17/48)   Unpacking objects:  37% (18/48)   Unpacking objects:  39% (19/48)   Unpacking objects:  41% (20/48)   Unpacking objects:  43% (21/48)   Unpacking objects:  45% (22/48)   Unpacking objects:  47% (23/48)   Unpacking objects:  50% (24/48)   Unpacking objects:  52% (25/48)   Unpacking objects:  54% (26/48)   Unpacking objects:  56% (27/48)   Unpacking objects:  58% (28/48)   Unpacking objects:  60% (29/48)   Unpacking objects:  62% (30/48)   Unpacking objects:  64% (31/48)   Unpacking objects:  66% (32/48)   Unpacking objects:  68% (33/48)   Unpacking objects:  70% (34/48)   Unpacking objects:  72% (35/48)   Unpacking objects:  75% (36/48)   Unpacking objects:  77% (37/48)   Unpacking objects:  79% (38/48)   Unpacking objects:  81% (39/48)   Unpacking objects:  83% (40/48)   Unpacking objects:  85% (41/48)   Unpacking objects:  87% (42/48)   Unpacking objects:  89% (43/48)   Unpacking objects:  91% (44/48)   Unpacking objects:  93% (45/48)   Unpacking objects:  95% (46/48)   Unpacking objects:  97% (47/48)   Unpacking objects: 100% (48/48)   Unpacking objects: 100% (48/48), done.
From git://github.com/square/retrofit
 * branch            refs/pull/730/merge -> FETCH_HEAD
travis_time:end:015098c0:start=1422681574432902521,finish=1422681574530518392,duration=97615871[0K$ git checkout -qf FETCH_HEAD
travis_fold:end:git.checkout[0K
[33;1mThis job is running on container-based infrastructure, which does not allow use of 'sudo', setuid and setguid executables.[0m
[33;1mSee http://docs.travis-ci.com/user/workers/container-based-infrastructure/ for details.[0m

[33;1mSetting environment variables from .travis.yml[0m
$ export CI_DEPLOY_USERNAME=[secure]
$ export CI_DEPLOY_PASSWORD=[secure]

travis_fold:start:cache.1[0KSetting up build cache
$ export CASHER_DIR=$HOME/.casher
travis_time:start:035b0e0c[0K$ Installing caching utilities
travis_time:end:035b0e0c:start=1422681576655319653,finish=1422681576709192317,duration=53872664[0Ktravis_time:start:24acd1a2[0Kattempting to download cache archive
found cache
travis_time:end:24acd1a2:start=1422681576713611556,finish=1422681577618095183,duration=904483627[0Ktravis_time:start:0171a691[0Kadding /home/travis/.m2 to cache
travis_time:end:0171a691:start=1422681577621799559,finish=1422681581846134155,duration=4224334596[0Ktravis_fold:end:cache.1[0K$ jdk_switcher use oraclejdk8
Switching to Oracle JDK8 (java-8-oracle), JAVA_HOME will be set to /usr/lib/jvm/java-8-oracle
$ java -version
java version "1.8.0_25"
Java(TM) SE Runtime Environment (build 1.8.0_25-b17)
Java HotSpot(TM) 64-Bit Server VM (build 25.25-b02, mixed mode)
$ javac -version
javac 1.8.0_25
travis_fold:start:install[0Ktravis_time:start:09ffc8a0[0K$ mvn install -DskipTests=true -Dmaven.javadoc.skip=true -B -V
Java HotSpot(TM) 64-Bit Server VM warning: ignoring option MaxPermSize=192m; support was removed in 8.0
Apache Maven 3.2.3 (33f8c3e1027c3ddde99d3cdebad2656a31e8fdf4; 2014-08-11T20:58:10+00:00)
Maven home: /usr/local/maven
Java version: 1.8.0_25, vendor: Oracle Corporation
Java home: /usr/lib/jvm/java-8-oracle/jre
Default locale: en_US, platform encoding: UTF-8
OS name: "linux", version: "3.13.0-40-generic", arch: "amd64", family: "unix"
[INFO] Scanning for projects...
[INFO] ------------------------------------------------------------------------
[INFO] Reactor Build Order:
[INFO] 
[INFO] Retrofit (Parent)
[INFO] Retrofit
[INFO] Converters
[INFO] Converter: Protocol Buffers
[INFO] Converter: Jackson
[INFO] Converter: Wire Protocol Buffers
[INFO] Converter: SimpleXML
[INFO] Retrofit Mock Adapter
[INFO] Samples
[INFO] Sample: GitHub Client
[INFO] Sample: Mock GitHub Client
[INFO]                                                                         
[INFO] ------------------------------------------------------------------------
[INFO] Building Retrofit (Parent) 2.0.0-SNAPSHOT
[INFO] ------------------------------------------------------------------------
[INFO] 
[INFO] --- maven-enforcer-plugin:1.0:enforce (enforce-maven) @ parent ---
[INFO] 
[INFO] --- maven-checkstyle-plugin:2.9.1:checkstyle (default) @ parent ---
[INFO] 
[INFO] --- maven-install-plugin:2.4:install (default-install) @ parent ---
[INFO] Installing /home/travis/build/square/retrofit/pom.xml to /home/travis/.m2/repository/com/squareup/retrofit/parent/2.0.0-SNAPSHOT/parent-2.0.0-SNAPSHOT.pom
[INFO]                                                                         
[INFO] ------------------------------------------------------------------------
[INFO] Building Retrofit 2.0.0-SNAPSHOT
[INFO] ------------------------------------------------------------------------
[INFO] 
[INFO] --- maven-enforcer-plugin:1.0:enforce (enforce-maven) @ retrofit ---
[INFO] 
[INFO] --- maven-resources-plugin:2.6:resources (default-resources) @ retrofit ---
[INFO] Using 'UTF-8' encoding to copy filtered resources.
[INFO] skip non existing resourceDirectory /home/travis/build/square/retrofit/retrofit/src/main/resources
[INFO] 
[INFO] --- maven-compiler-plugin:3.0:compile (default-compile) @ retrofit ---
[INFO] Changes detected - recompiling the module!
[INFO] Compiling 49 source files to /home/travis/build/square/retrofit/retrofit/target/classes
[WARNING] /home/travis/build/square/retrofit/retrofit/src/main/java/retrofit/RestAdapter.java: /home/travis/build/square/retrofit/retrofit/src/main/java/retrofit/RestAdapter.java uses unchecked or unsafe operations.
[WARNING] /home/travis/build/square/retrofit/retrofit/src/main/java/retrofit/RestAdapter.java: Recompile with -Xlint:unchecked for details.
[INFO] 
[INFO] --- maven-resources-plugin:2.6:testResources (default-testResources) @ retrofit ---
[INFO] Using 'UTF-8' encoding to copy filtered resources.
[INFO] skip non existing resourceDirectory /home/travis/build/square/retrofit/retrofit/src/test/resources
[INFO] 
[INFO] --- maven-compiler-plugin:3.0:testCompile (default-testCompile) @ retrofit ---
[INFO] Changes detected - recompiling the module!
[INFO] Compiling 15 source files to /home/travis/build/square/retrofit/retrofit/target/test-classes
[WARNING] /home/travis/build/square/retrofit/retrofit/src/test/java/retrofit/RestAdapterTest.java: /home/travis/build/square/retrofit/retrofit/src/test/java/retrofit/RestAdapterTest.java uses unchecked or unsafe operations.
[WARNING] /home/travis/build/square/retrofit/retrofit/src/test/java/retrofit/RestAdapterTest.java: Recompile with -Xlint:unchecked for details.
[INFO] 
[INFO] --- maven-surefire-plugin:2.12.4:test (default-test) @ retrofit ---
[INFO] Tests are skipped.
[INFO] 
[INFO] --- maven-jar-plugin:2.4:jar (default-jar) @ retrofit ---
[INFO] Building jar: /home/travis/build/square/retrofit/retrofit/target/retrofit-2.0.0-SNAPSHOT.jar
[INFO] 
[INFO] --- maven-checkstyle-plugin:2.9.1:checkstyle (default) @ retrofit ---
[INFO] Starting audit...
Audit done.

[WARNING] Unable to locate Source XRef to link to - DISABLED
[INFO] 
[INFO] --- maven-install-plugin:2.4:install (default-install) @ retrofit ---
[INFO] Installing /home/travis/build/square/retrofit/retrofit/target/retrofit-2.0.0-SNAPSHOT.jar to /home/travis/.m2/repository/com/squareup/retrofit/retrofit/2.0.0-SNAPSHOT/retrofit-2.0.0-SNAPSHOT.jar
[INFO] Installing /home/travis/build/square/retrofit/retrofit/pom.xml to /home/travis/.m2/repository/com/squareup/retrofit/retrofit/2.0.0-SNAPSHOT/retrofit-2.0.0-SNAPSHOT.pom
[INFO]                                                                         
[INFO] ------------------------------------------------------------------------
[INFO] Building Converters 2.0.0-SNAPSHOT
[INFO] ------------------------------------------------------------------------
[INFO] 
[INFO] --- maven-enforcer-plugin:1.0:enforce (enforce-maven) @ retrofit-converters ---
[INFO] 
[INFO] --- maven-checkstyle-plugin:2.9.1:checkstyle (default) @ retrofit-converters ---
[INFO] 
[INFO] --- maven-install-plugin:2.4:install (default-install) @ retrofit-converters ---
[INFO] Installing /home/travis/build/square/retrofit/retrofit-converters/pom.xml to /home/travis/.m2/repository/com/squareup/retrofit/retrofit-converters/2.0.0-SNAPSHOT/retrofit-converters-2.0.0-SNAPSHOT.pom
[INFO]                                                                         
[INFO] ------------------------------------------------------------------------
[INFO] Building Converter: Protocol Buffers 2.0.0-SNAPSHOT
[INFO] ------------------------------------------------------------------------
[INFO] 
[INFO] --- maven-enforcer-plugin:1.0:enforce (enforce-maven) @ converter-protobuf ---
[INFO] 
[INFO] --- maven-resources-plugin:2.6:resources (default-resources) @ converter-protobuf ---
[INFO] Using 'UTF-8' encoding to copy filtered resources.
[INFO] skip non existing resourceDirectory /home/travis/build/square/retrofit/retrofit-converters/protobuf/src/main/resources
[INFO] 
[INFO] --- maven-compiler-plugin:3.0:compile (default-compile) @ converter-protobuf ---
[INFO] Changes detected - recompiling the module!
[INFO] Compiling 1 source file to /home/travis/build/square/retrofit/retrofit-converters/protobuf/target/classes
[INFO] 
[INFO] --- maven-resources-plugin:2.6:testResources (default-testResources) @ converter-protobuf ---
[INFO] Using 'UTF-8' encoding to copy filtered resources.
[INFO] skip non existing resourceDirectory /home/travis/build/square/retrofit/retrofit-converters/protobuf/src/test/resources
[INFO] 
[INFO] --- maven-compiler-plugin:3.0:testCompile (default-testCompile) @ converter-protobuf ---
[INFO] Changes detected - recompiling the module!
[INFO] Compiling 2 source files to /home/travis/build/square/retrofit/retrofit-converters/protobuf/target/test-classes
[INFO] -------------------------------------------------------------
[ERROR] COMPILATION ERROR : 
[INFO] -------------------------------------------------------------
[ERROR] /home/travis/build/square/retrofit/retrofit-converters/protobuf/src/test/java/retrofit/converter/ProtoConverterTest.java:[57,14] cannot find symbol
  symbol:   class ConversionException
  location: class retrofit.converter.ProtoConverterTest
[ERROR] /home/travis/build/square/retrofit/retrofit-converters/protobuf/src/test/java/retrofit/converter/ProtoConverterTest.java:[66,14] cannot find symbol
  symbol:   class ConversionException
  location: class retrofit.converter.ProtoConverterTest
[INFO] 2 errors 
[INFO] -------------------------------------------------------------
[INFO] ------------------------------------------------------------------------
[INFO] Reactor Summary:
[INFO] 
[INFO] Retrofit (Parent) .................................. SUCCESS [  1.841 s]
[INFO] Retrofit ........................................... SUCCESS [ 11.852 s]
[INFO] Converters ......................................... SUCCESS [  0.071 s]
[INFO] Converter: Protocol Buffers ........................ FAILURE [  0.833 s]
[INFO] Converter: Jackson ................................. SKIPPED
[INFO] Converter: Wire Protocol Buffers ................... SKIPPED
[INFO] Converter: SimpleXML ............................... SKIPPED
[INFO] Retrofit Mock Adapter .............................. SKIPPED
[INFO] Samples ............................................ SKIPPED
[INFO] Sample: GitHub Client .............................. SKIPPED
[INFO] Sample: Mock GitHub Client ......................... SKIPPED
[INFO] ------------------------------------------------------------------------
[INFO] BUILD FAILURE
[INFO] ------------------------------------------------------------------------
[INFO] Total time: 14.905 s
[INFO] Finished at: 2015-01-31T05:19:58+00:00
[INFO] Final Memory: 29M/374M
[INFO] ------------------------------------------------------------------------
[ERROR] Failed to execute goal org.apache.maven.plugins:maven-compiler-plugin:3.0:testCompile (default-testCompile) on project converter-protobuf: Compilation failure: Compilation failure:
[ERROR] /home/travis/build/square/retrofit/retrofit-converters/protobuf/src/test/java/retrofit/converter/ProtoConverterTest.java:[57,14] cannot find symbol
[ERROR] symbol:   class ConversionException
[ERROR] location: class retrofit.converter.ProtoConverterTest
[ERROR] /home/travis/build/square/retrofit/retrofit-converters/protobuf/src/test/java/retrofit/converter/ProtoConverterTest.java:[66,14] cannot find symbol
[ERROR] symbol:   class ConversionException
[ERROR] location: class retrofit.converter.ProtoConverterTest
[ERROR] -> [Help 1]
[ERROR] 
[ERROR] To see the full stack trace of the errors, re-run Maven with the -e switch.
[ERROR] Re-run Maven using the -X switch to enable full debug logging.
[ERROR] 
[ERROR] For more information about the errors and possible solutions, please read the following articles:
[ERROR] [Help 1] http://cwiki.apache.org/confluence/display/MAVEN/MojoFailureException
[ERROR] 
[ERROR] After correcting the problems, you can resume the build with the command
[ERROR]   mvn <goals> -rf :converter-protobuf

[31;1mThe command "eval mvn install -DskipTests=true -Dmaven.javadoc.skip=true -B -V" failed. Retrying, 2 of 3.[0m

Java HotSpot(TM) 64-Bit Server VM warning: ignoring option MaxPermSize=192m; support was removed in 8.0
Apache Maven 3.2.3 (33f8c3e1027c3ddde99d3cdebad2656a31e8fdf4; 2014-08-11T20:58:10+00:00)
Maven home: /usr/local/maven
Java version: 1.8.0_25, vendor: Oracle Corporation
Java home: /usr/lib/jvm/java-8-oracle/jre
Default locale: en_US, platform encoding: UTF-8
OS name: "linux", version: "3.13.0-40-generic", arch: "amd64", family: "unix"
[INFO] Scanning for projects...
[INFO] ------------------------------------------------------------------------
[INFO] Reactor Build Order:
[INFO] 
[INFO] Retrofit (Parent)
[INFO] Retrofit
[INFO] Converters
[INFO] Converter: Protocol Buffers
[INFO] Converter: Jackson
[INFO] Converter: Wire Protocol Buffers
[INFO] Converter: SimpleXML
[INFO] Retrofit Mock Adapter
[INFO] Samples
[INFO] Sample: GitHub Client
[INFO] Sample: Mock GitHub Client
[INFO]                                                                         
[INFO] ------------------------------------------------------------------------
[INFO] Building Retrofit (Parent) 2.0.0-SNAPSHOT
[INFO] ------------------------------------------------------------------------
[INFO] 
[INFO] --- maven-enforcer-plugin:1.0:enforce (enforce-maven) @ parent ---
[INFO] 
[INFO] --- maven-checkstyle-plugin:2.9.1:checkstyle (default) @ parent ---
[INFO] 
[INFO] --- maven-install-plugin:2.4:install (default-install) @ parent ---
[INFO] Installing /home/travis/build/square/retrofit/pom.xml to /home/travis/.m2/repository/com/squareup/retrofit/parent/2.0.0-SNAPSHOT/parent-2.0.0-SNAPSHOT.pom
[INFO]                                                                         
[INFO] ------------------------------------------------------------------------
[INFO] Building Retrofit 2.0.0-SNAPSHOT
[INFO] ------------------------------------------------------------------------
[INFO] 
[INFO] --- maven-enforcer-plugin:1.0:enforce (enforce-maven) @ retrofit ---
[INFO] 
[INFO] --- maven-resources-plugin:2.6:resources (default-resources) @ retrofit ---
[INFO] Using 'UTF-8' encoding to copy filtered resources.
[INFO] skip non existing resourceDirectory /home/travis/build/square/retrofit/retrofit/src/main/resources
[INFO] 
[INFO] --- maven-compiler-plugin:3.0:compile (default-compile) @ retrofit ---
[INFO] Changes detected - recompiling the module!
[INFO] Compiling 49 source files to /home/travis/build/square/retrofit/retrofit/target/classes
[WARNING] /home/travis/build/square/retrofit/retrofit/src/main/java/retrofit/RestAdapter.java: /home/travis/build/square/retrofit/retrofit/src/main/java/retrofit/RestAdapter.java uses unchecked or unsafe operations.
[WARNING] /home/travis/build/square/retrofit/retrofit/src/main/java/retrofit/RestAdapter.java: Recompile with -Xlint:unchecked for details.
[INFO] 
[INFO] --- maven-resources-plugin:2.6:testResources (default-testResources) @ retrofit ---
[INFO] Using 'UTF-8' encoding to copy filtered resources.
[INFO] skip non existing resourceDirectory /home/travis/build/square/retrofit/retrofit/src/test/resources
[INFO] 
[INFO] --- maven-compiler-plugin:3.0:testCompile (default-testCompile) @ retrofit ---
[INFO] Changes detected - recompiling the module!
[INFO] Compiling 15 source files to /home/travis/build/square/retrofit/retrofit/target/test-classes
[WARNING] /home/travis/build/square/retrofit/retrofit/src/test/java/retrofit/RestAdapterTest.java: /home/travis/build/square/retrofit/retrofit/src/test/java/retrofit/RestAdapterTest.java uses unchecked or unsafe operations.
[WARNING] /home/travis/build/square/retrofit/retrofit/src/test/java/retrofit/RestAdapterTest.java: Recompile with -Xlint:unchecked for details.
[INFO] 
[INFO] --- maven-surefire-plugin:2.12.4:test (default-test) @ retrofit ---
[INFO] Tests are skipped.
[INFO] 
[INFO] --- maven-jar-plugin:2.4:jar (default-jar) @ retrofit ---
[INFO] Building jar: /home/travis/build/square/retrofit/retrofit/target/retrofit-2.0.0-SNAPSHOT.jar
[INFO] 
[INFO] --- maven-checkstyle-plugin:2.9.1:checkstyle (default) @ retrofit ---
[INFO] Starting audit...
Audit done.

[WARNING] Unable to locate Source XRef to link to - DISABLED
[INFO] 
[INFO] --- maven-install-plugin:2.4:install (default-install) @ retrofit ---
[INFO] Installing /home/travis/build/square/retrofit/retrofit/target/retrofit-2.0.0-SNAPSHOT.jar to /home/travis/.m2/repository/com/squareup/retrofit/retrofit/2.0.0-SNAPSHOT/retrofit-2.0.0-SNAPSHOT.jar
[INFO] Installing /home/travis/build/square/retrofit/retrofit/pom.xml to /home/travis/.m2/repository/com/squareup/retrofit/retrofit/2.0.0-SNAPSHOT/retrofit-2.0.0-SNAPSHOT.pom
[INFO]                                                                         
[INFO] ------------------------------------------------------------------------
[INFO] Building Converters 2.0.0-SNAPSHOT
[INFO] ------------------------------------------------------------------------
[INFO] 
[INFO] --- maven-enforcer-plugin:1.0:enforce (enforce-maven) @ retrofit-converters ---
[INFO] 
[INFO] --- maven-checkstyle-plugin:2.9.1:checkstyle (default) @ retrofit-converters ---
[INFO] 
[INFO] --- maven-install-plugin:2.4:install (default-install) @ retrofit-converters ---
[INFO] Installing /home/travis/build/square/retrofit/retrofit-converters/pom.xml to /home/travis/.m2/repository/com/squareup/retrofit/retrofit-converters/2.0.0-SNAPSHOT/retrofit-converters-2.0.0-SNAPSHOT.pom
[INFO]                                                                         
[INFO] ------------------------------------------------------------------------
[INFO] Building Converter: Protocol Buffers 2.0.0-SNAPSHOT
[INFO] ------------------------------------------------------------------------
[INFO] 
[INFO] --- maven-enforcer-plugin:1.0:enforce (enforce-maven) @ converter-protobuf ---
[INFO] 
[INFO] --- maven-resources-plugin:2.6:resources (default-resources) @ converter-protobuf ---
[INFO] Using 'UTF-8' encoding to copy filtered resources.
[INFO] skip non existing resourceDirectory /home/travis/build/square/retrofit/retrofit-converters/protobuf/src/main/resources
[INFO] 
[INFO] --- maven-compiler-plugin:3.0:compile (default-compile) @ converter-protobuf ---
[INFO] Changes detected - recompiling the module!
[INFO] Compiling 1 source file to /home/travis/build/square/retrofit/retrofit-converters/protobuf/target/classes
[INFO] 
[INFO] --- maven-resources-plugin:2.6:testResources (default-testResources) @ converter-protobuf ---
[INFO] Using 'UTF-8' encoding to copy filtered resources.
[INFO] skip non existing resourceDirectory /home/travis/build/square/retrofit/retrofit-converters/protobuf/src/test/resources
[INFO] 
[INFO] --- maven-compiler-plugin:3.0:testCompile (default-testCompile) @ converter-protobuf ---
[INFO] Changes detected - recompiling the module!
[INFO] Compiling 2 source files to /home/travis/build/square/retrofit/retrofit-converters/protobuf/target/test-classes
[INFO] -------------------------------------------------------------
[ERROR] COMPILATION ERROR : 
[INFO] -------------------------------------------------------------
[ERROR] /home/travis/build/square/retrofit/retrofit-converters/protobuf/src/test/java/retrofit/converter/ProtoConverterTest.java:[57,14] cannot find symbol
  symbol:   class ConversionException
  location: class retrofit.converter.ProtoConverterTest
[ERROR] /home/travis/build/square/retrofit/retrofit-converters/protobuf/src/test/java/retrofit/converter/ProtoConverterTest.java:[66,14] cannot find symbol
  symbol:   class ConversionException
  location: class retrofit.converter.ProtoConverterTest
[INFO] 2 errors 
[INFO] -------------------------------------------------------------
[INFO] ------------------------------------------------------------------------
[INFO] Reactor Summary:
[INFO] 
[INFO] Retrofit (Parent) .................................. SUCCESS [  1.657 s]
[INFO] Retrofit ........................................... SUCCESS [  9.761 s]
[INFO] Converters ......................................... SUCCESS [  0.037 s]
[INFO] Converter: Protocol Buffers ........................ FAILURE [  0.685 s]
[INFO] Converter: Jackson ................................. SKIPPED
[INFO] Converter: Wire Protocol Buffers ................... SKIPPED
[INFO] Converter: SimpleXML ............................... SKIPPED
[INFO] Retrofit Mock Adapter .............................. SKIPPED
[INFO] Samples ............................................ SKIPPED
[INFO] Sample: GitHub Client .............................. SKIPPED
[INFO] Sample: Mock GitHub Client ......................... SKIPPED
[INFO] ------------------------------------------------------------------------
[INFO] BUILD FAILURE
[INFO] ------------------------------------------------------------------------
[INFO] Total time: 12.408 s
[INFO] Finished at: 2015-01-31T05:20:15+00:00
[INFO] Final Memory: 28M/360M
[INFO] ------------------------------------------------------------------------
[ERROR] Failed to execute goal org.apache.maven.plugins:maven-compiler-plugin:3.0:testCompile (default-testCompile) on project converter-protobuf: Compilation failure: Compilation failure:
[ERROR] /home/travis/build/square/retrofit/retrofit-converters/protobuf/src/test/java/retrofit/converter/ProtoConverterTest.java:[57,14] cannot find symbol
[ERROR] symbol:   class ConversionException
[ERROR] location: class retrofit.converter.ProtoConverterTest
[ERROR] /home/travis/build/square/retrofit/retrofit-converters/protobuf/src/test/java/retrofit/converter/ProtoConverterTest.java:[66,14] cannot find symbol
[ERROR] symbol:   class ConversionException
[ERROR] location: class retrofit.converter.ProtoConverterTest
[ERROR] -> [Help 1]
[ERROR] 
[ERROR] To see the full stack trace of the errors, re-run Maven with the -e switch.
[ERROR] Re-run Maven using the -X switch to enable full debug logging.
[ERROR] 
[ERROR] For more information about the errors and possible solutions, please read the following articles:
[ERROR] [Help 1] http://cwiki.apache.org/confluence/display/MAVEN/MojoFailureException
[ERROR] 
[ERROR] After correcting the problems, you can resume the build with the command
[ERROR]   mvn <goals> -rf :converter-protobuf

[31;1mThe command "eval mvn install -DskipTests=true -Dmaven.javadoc.skip=true -B -V" failed. Retrying, 3 of 3.[0m

Java HotSpot(TM) 64-Bit Server VM warning: ignoring option MaxPermSize=192m; support was removed in 8.0
Apache Maven 3.2.3 (33f8c3e1027c3ddde99d3cdebad2656a31e8fdf4; 2014-08-11T20:58:10+00:00)
Maven home: /usr/local/maven
Java version: 1.8.0_25, vendor: Oracle Corporation
Java home: /usr/lib/jvm/java-8-oracle/jre
Default locale: en_US, platform encoding: UTF-8
OS name: "linux", version: "3.13.0-40-generic", arch: "amd64", family: "unix"
[INFO] Scanning for projects...
[INFO] ------------------------------------------------------------------------
[INFO] Reactor Build Order:
[INFO] 
[INFO] Retrofit (Parent)
[INFO] Retrofit
[INFO] Converters
[INFO] Converter: Protocol Buffers
[INFO] Converter: Jackson
[INFO] Converter: Wire Protocol Buffers
[INFO] Converter: SimpleXML
[INFO] Retrofit Mock Adapter
[INFO] Samples
[INFO] Sample: GitHub Client
[INFO] Sample: Mock GitHub Client
[INFO]                                                                         
[INFO] ------------------------------------------------------------------------
[INFO] Building Retrofit (Parent) 2.0.0-SNAPSHOT
[INFO] ------------------------------------------------------------------------
[INFO] 
[INFO] --- maven-enforcer-plugin:1.0:enforce (enforce-maven) @ parent ---
[INFO] 
[INFO] --- maven-checkstyle-plugin:2.9.1:checkstyle (default) @ parent ---
[INFO] 
[INFO] --- maven-install-plugin:2.4:install (default-install) @ parent ---
[INFO] Installing /home/travis/build/square/retrofit/pom.xml to /home/travis/.m2/repository/com/squareup/retrofit/parent/2.0.0-SNAPSHOT/parent-2.0.0-SNAPSHOT.pom
[INFO]                                                                         
[INFO] ------------------------------------------------------------------------
[INFO] Building Retrofit 2.0.0-SNAPSHOT
[INFO] ------------------------------------------------------------------------
[INFO] 
[INFO] --- maven-enforcer-plugin:1.0:enforce (enforce-maven) @ retrofit ---
[INFO] 
[INFO] --- maven-resources-plugin:2.6:resources (default-resources) @ retrofit ---
[INFO] Using 'UTF-8' encoding to copy filtered resources.
[INFO] skip non existing resourceDirectory /home/travis/build/square/retrofit/retrofit/src/main/resources
[INFO] 
[INFO] --- maven-compiler-plugin:3.0:compile (default-compile) @ retrofit ---
[INFO] Changes detected - recompiling the module!
[INFO] Compiling 49 source files to /home/travis/build/square/retrofit/retrofit/target/classes
[WARNING] /home/travis/build/square/retrofit/retrofit/src/main/java/retrofit/RestAdapter.java: /home/travis/build/square/retrofit/retrofit/src/main/java/retrofit/RestAdapter.java uses unchecked or unsafe operations.
[WARNING] /home/travis/build/square/retrofit/retrofit/src/main/java/retrofit/RestAdapter.java: Recompile with -Xlint:unchecked for details.
[INFO] 
[INFO] --- maven-resources-plugin:2.6:testResources (default-testResources) @ retrofit ---
[INFO] Using 'UTF-8' encoding to copy filtered resources.
[INFO] skip non existing resourceDirectory /home/travis/build/square/retrofit/retrofit/src/test/resources
[INFO] 
[INFO] --- maven-compiler-plugin:3.0:testCompile (default-testCompile) @ retrofit ---
[INFO] Changes detected - recompiling the module!
[INFO] Compiling 15 source files to /home/travis/build/square/retrofit/retrofit/target/test-classes
[WARNING] /home/travis/build/square/retrofit/retrofit/src/test/java/retrofit/RestAdapterTest.java: /home/travis/build/square/retrofit/retrofit/src/test/java/retrofit/RestAdapterTest.java uses unchecked or unsafe operations.
[WARNING] /home/travis/build/square/retrofit/retrofit/src/test/java/retrofit/RestAdapterTest.java: Recompile with -Xlint:unchecked for details.
[INFO] 
[INFO] --- maven-surefire-plugin:2.12.4:test (default-test) @ retrofit ---
[INFO] Tests are skipped.
[INFO] 
[INFO] --- maven-jar-plugin:2.4:jar (default-jar) @ retrofit ---
[INFO] Building jar: /home/travis/build/square/retrofit/retrofit/target/retrofit-2.0.0-SNAPSHOT.jar
[INFO] 
[INFO] --- maven-checkstyle-plugin:2.9.1:checkstyle (default) @ retrofit ---
[INFO] Starting audit...
Audit done.

[WARNING] Unable to locate Source XRef to link to - DISABLED
[INFO] 
[INFO] --- maven-install-plugin:2.4:install (default-install) @ retrofit ---
[INFO] Installing /home/travis/build/square/retrofit/retrofit/target/retrofit-2.0.0-SNAPSHOT.jar to /home/travis/.m2/repository/com/squareup/retrofit/retrofit/2.0.0-SNAPSHOT/retrofit-2.0.0-SNAPSHOT.jar
[INFO] Installing /home/travis/build/square/retrofit/retrofit/pom.xml to /home/travis/.m2/repository/com/squareup/retrofit/retrofit/2.0.0-SNAPSHOT/retrofit-2.0.0-SNAPSHOT.pom
[INFO]                                                                         
[INFO] ------------------------------------------------------------------------
[INFO] Building Converters 2.0.0-SNAPSHOT
[INFO] ------------------------------------------------------------------------
[INFO] 
[INFO] --- maven-enforcer-plugin:1.0:enforce (enforce-maven) @ retrofit-converters ---
[INFO] 
[INFO] --- maven-checkstyle-plugin:2.9.1:checkstyle (default) @ retrofit-converters ---
[INFO] 
[INFO] --- maven-install-plugin:2.4:install (default-install) @ retrofit-converters ---
[INFO] Installing /home/travis/build/square/retrofit/retrofit-converters/pom.xml to /home/travis/.m2/repository/com/squareup/retrofit/retrofit-converters/2.0.0-SNAPSHOT/retrofit-converters-2.0.0-SNAPSHOT.pom
[INFO]                                                                         
[INFO] ------------------------------------------------------------------------
[INFO] Building Converter: Protocol Buffers 2.0.0-SNAPSHOT
[INFO] ------------------------------------------------------------------------
[INFO] 
[INFO] --- maven-enforcer-plugin:1.0:enforce (enforce-maven) @ converter-protobuf ---
[INFO] 
[INFO] --- maven-resources-plugin:2.6:resources (default-resources) @ converter-protobuf ---
[INFO] Using 'UTF-8' encoding to copy filtered resources.
[INFO] skip non existing resourceDirectory /home/travis/build/square/retrofit/retrofit-converters/protobuf/src/main/resources
[INFO] 
[INFO] --- maven-compiler-plugin:3.0:compile (default-compile) @ converter-protobuf ---
[INFO] Nothing to compile - all classes are up to date
[INFO] 
[INFO] --- maven-resources-plugin:2.6:testResources (default-testResources) @ converter-protobuf ---
[INFO] Using 'UTF-8' encoding to copy filtered resources.
[INFO] skip non existing resourceDirectory /home/travis/build/square/retrofit/retrofit-converters/protobuf/src/test/resources
[INFO] 
[INFO] --- maven-compiler-plugin:3.0:testCompile (default-testCompile) @ converter-protobuf ---
[INFO] Changes detected - recompiling the module!
[INFO] Compiling 2 source files to /home/travis/build/square/retrofit/retrofit-converters/protobuf/target/test-classes
[INFO] -------------------------------------------------------------
[ERROR] COMPILATION ERROR : 
[INFO] -------------------------------------------------------------
[ERROR] /home/travis/build/square/retrofit/retrofit-converters/protobuf/src/test/java/retrofit/converter/ProtoConverterTest.java:[57,14] cannot find symbol
  symbol:   class ConversionException
  location: class retrofit.converter.ProtoConverterTest
[ERROR] /home/travis/build/square/retrofit/retrofit-converters/protobuf/src/test/java/retrofit/converter/ProtoConverterTest.java:[66,14] cannot find symbol
  symbol:   class ConversionException
  location: class retrofit.converter.ProtoConverterTest
[INFO] 2 errors 
[INFO] -------------------------------------------------------------
[INFO] ------------------------------------------------------------------------
[INFO] Reactor Summary:
[INFO] 
[INFO] Retrofit (Parent) .................................. SUCCESS [  1.576 s]
[INFO] Retrofit ........................................... SUCCESS [  9.802 s]
[INFO] Converters ......................................... SUCCESS [  0.044 s]
[INFO] Converter: Protocol Buffers ........................ FAILURE [  0.653 s]
[INFO] Converter: Jackson ................................. SKIPPED
[INFO] Converter: Wire Protocol Buffers ................... SKIPPED
[INFO] Converter: SimpleXML ............................... SKIPPED
[INFO] Retrofit Mock Adapter .............................. SKIPPED
[INFO] Samples ............................................ SKIPPED
[INFO] Sample: GitHub Client .............................. SKIPPED
[INFO] Sample: Mock GitHub Client ......................... SKIPPED
[INFO] ------------------------------------------------------------------------
[INFO] BUILD FAILURE
[INFO] ------------------------------------------------------------------------
[INFO] Total time: 12.352 s
[INFO] Finished at: 2015-01-31T05:20:34+00:00
[INFO] Final Memory: 28M/373M
[INFO] ------------------------------------------------------------------------
[ERROR] Failed to execute goal org.apache.maven.plugins:maven-compiler-plugin:3.0:testCompile (default-testCompile) on project converter-protobuf: Compilation failure: Compilation failure:
[ERROR] /home/travis/build/square/retrofit/retrofit-converters/protobuf/src/test/java/retrofit/converter/ProtoConverterTest.java:[57,14] cannot find symbol
[ERROR] symbol:   class ConversionException
[ERROR] location: class retrofit.converter.ProtoConverterTest
[ERROR] /home/travis/build/square/retrofit/retrofit-converters/protobuf/src/test/java/retrofit/converter/ProtoConverterTest.java:[66,14] cannot find symbol
[ERROR] symbol:   class ConversionException
[ERROR] location: class retrofit.converter.ProtoConverterTest
[ERROR] -> [Help 1]
[ERROR] 
[ERROR] To see the full stack trace of the errors, re-run Maven with the -e switch.
[ERROR] Re-run Maven using the -X switch to enable full debug logging.
[ERROR] 
[ERROR] For more information about the errors and possible solutions, please read the following articles:
[ERROR] [Help 1] http://cwiki.apache.org/confluence/display/MAVEN/MojoFailureException
[ERROR] 
[ERROR] After correcting the problems, you can resume the build with the command
[ERROR]   mvn <goals> -rf :converter-protobuf

[31;1mThe command "eval mvn install -DskipTests=true -Dmaven.javadoc.skip=true -B -V" failed 3 times.[0m

travis_time:end:09ffc8a0:start=1422681582320573959,finish=1422681640440599456,duration=58120025497[0K
[31;1mThe command "mvn install -DskipTests=true -Dmaven.javadoc.skip=true -B -V" failed and exited with 1 during .[0m

Your build has been stopped.
