Using worker: worker-linux-docker-5a1c1e75.prod.travis-ci.org:travis-linux-1

travis_fold:start:system_info[0K[33;1mBuild system information[0m
Build language: java
[34m[1mBuild image provisioning date and time[0m
Thu Feb  5 15:09:33 UTC 2015
[34m[1mOperating System Details[0m
Distributor ID:	Ubuntu
Description:	Ubuntu 12.04.5 LTS
Release:	12.04
Codename:	precise
[34m[1mLinux Version[0m
3.13.0-29-generic
[34m[1mCookbooks Version[0m
a68419e https://github.com/travis-ci/travis-cookbooks/tree/a68419e
[34m[1mGCC version[0m
gcc (Ubuntu/Linaro 4.6.3-1ubuntu5) 4.6.3
Copyright (C) 2011 Free Software Foundation, Inc.
This is free software; see the source for copying conditions.  There is NO
warranty; not even for MERCHANTABILITY or FITNESS FOR A PARTICULAR PURPOSE.

[34m[1mLLVM version[0m
clang version 3.4 (tags/RELEASE_34/final)
Target: x86_64-unknown-linux-gnu
Thread model: posix
[34m[1mPre-installed Ruby versions[0m
ruby-1.9.3-p551
[34m[1mPre-installed Node.js versions[0m
v0.10.36
[34m[1mPre-installed Go versions[0m
1.4.1
[34m[1mRedis version[0m
redis-server 2.8.19
[34m[1mriak version[0m
2.0.2
[34m[1mMongoDB version[0m
MongoDB 2.4.12
[34m[1mCouchDB version[0m
couchdb 1.6.1
[34m[1mNeo4j version[0m
1.9.4
[34m[1mRabbitMQ Version[0m
3.4.3
[34m[1mElasticSearch version[0m
1.4.0
[34m[1mInstalled Sphinx versions[0m
2.0.10
2.1.9
2.2.6
[34m[1mDefault Sphinx version[0m
2.2.6
[34m[1mInstalled Firefox version[0m
firefox 31.0esr
[34m[1mPhantomJS version[0m
1.9.8
[34m[1mant -version[0m
Apache Ant(TM) version 1.8.2 compiled on December 3 2011
[34m[1mmvn -version[0m
Apache Maven 3.2.5 (12a6b3acb947671f09b81f49094c53f426d8cea1; 2014-12-14T17:29:23+00:00)
Maven home: /usr/local/maven
Java version: 1.7.0_76, vendor: Oracle Corporation
Java home: /usr/lib/jvm/java-7-oracle/jre
Default locale: en_US, platform encoding: ANSI_X3.4-1968
OS name: "linux", version: "3.13.0-29-generic", arch: "amd64", family: "unix"
travis_fold:end:system_info[0K
travis_fold:start:git.checkout[0Ktravis_time:start:0bab43e2[0K$ git clone --depth=10 --branch=master git://github.com/zxing/zxing.git zxing/zxing
Cloning into 'zxing/zxing'...
remote: Counting objects: 2670, done.[K
remote: Compressing objects:   0% (1/2103)   [Kremote: Compressing objects:   1% (22/2103)   [Kremote: Compressing objects:   2% (43/2103)   [Kremote: Compressing objects:   3% (64/2103)   [Kremote: Compressing objects:   4% (85/2103)   [Kremote: Compressing objects:   5% (106/2103)   [Kremote: Compressing objects:   6% (127/2103)   [Kremote: Compressing objects:   7% (148/2103)   [Kremote: Compressing objects:   8% (169/2103)   [Kremote: Compressing objects:   9% (190/2103)   [Kremote: Compressing objects:  10% (211/2103)   [Kremote: Compressing objects:  11% (232/2103)   [Kremote: Compressing objects:  12% (253/2103)   [Kremote: Compressing objects:  13% (274/2103)   [Kremote: Compressing objects:  14% (295/2103)   [Kremote: Compressing objects:  15% (316/2103)   [Kremote: Compressing objects:  16% (337/2103)   [Kremote: Compressing objects:  17% (358/2103)   [Kremote: Compressing objects:  18% (379/2103)   [Kremote: Compressing objects:  19% (400/2103)   [Kremote: Compressing objects:  20% (421/2103)   [Kremote: Compressing objects:  21% (442/2103)   [Kremote: Compressing objects:  22% (463/2103)   [Kremote: Compressing objects:  23% (484/2103)   [Kremote: Compressing objects:  24% (505/2103)   [Kremote: Compressing objects:  25% (526/2103)   [Kremote: Compressing objects:  26% (547/2103)   [Kremote: Compressing objects:  27% (568/2103)   [Kremote: Compressing objects:  28% (589/2103)   [Kremote: Compressing objects:  29% (610/2103)   [Kremote: Compressing objects:  30% (631/2103)   [Kremote: Compressing objects:  31% (652/2103)   [Kremote: Compressing objects:  32% (673/2103)   [Kremote: Compressing objects:  33% (694/2103)   [Kremote: Compressing objects:  34% (716/2103)   [Kremote: Compressing objects:  35% (737/2103)   [Kremote: Compressing objects:  36% (758/2103)   [Kremote: Compressing objects:  37% (779/2103)   [Kremote: Compressing objects:  38% (800/2103)   [Kremote: Compressing objects:  39% (821/2103)   [Kremote: Compressing objects:  40% (842/2103)   [Kremote: Compressing objects:  41% (863/2103)   [Kremote: Compressing objects:  42% (884/2103)   [Kremote: Compressing objects:  43% (905/2103)   [Kremote: Compressing objects:  44% (926/2103)   [Kremote: Compressing objects:  45% (947/2103)   [Kremote: Compressing objects:  46% (968/2103)   [Kremote: Compressing objects:  47% (989/2103)   [Kremote: Compressing objects:  48% (1010/2103)   [Kremote: Compressing objects:  49% (1031/2103)   [Kremote: Compressing objects:  50% (1052/2103)   [Kremote: Compressing objects:  51% (1073/2103)   [Kremote: Compressing objects:  52% (1094/2103)   [Kremote: Compressing objects:  53% (1115/2103)   [Kremote: Compressing objects:  54% (1136/2103)   [Kremote: Compressing objects:  55% (1157/2103)   [Kremote: Compressing objects:  56% (1178/2103)   [Kremote: Compressing objects:  57% (1199/2103)   [Kremote: Compressing objects:  58% (1220/2103)   [Kremote: Compressing objects:  59% (1241/2103)   [Kremote: Compressing objects:  60% (1262/2103)   [Kremote: Compressing objects:  61% (1283/2103)   [Kremote: Compressing objects:  62% (1304/2103)   [Kremote: Compressing objects:  63% (1325/2103)   [Kremote: Compressing objects:  64% (1346/2103)   [Kremote: Compressing objects:  65% (1367/2103)   [Kremote: Compressing objects:  66% (1388/2103)   [Kremote: Compressing objects:  67% (1410/2103)   [Kremote: Compressing objects:  68% (1431/2103)   [Kremote: Compressing objects:  69% (1452/2103)   [Kremote: Compressing objects:  70% (1473/2103)   [Kremote: Compressing objects:  71% (1494/2103)   [Kremote: Compressing objects:  72% (1515/2103)   [Kremote: Compressing objects:  73% (1536/2103)   [Kremote: Compressing objects:  74% (1557/2103)   [Kremote: Compressing objects:  75% (1578/2103)   [Kremote: Compressing objects:  76% (1599/2103)   [Kremote: Compressing objects:  77% (1620/2103)   [Kremote: Compressing objects:  78% (1641/2103)   [Kremote: Compressing objects:  79% (1662/2103)   [Kremote: Compressing objects:  80% (1683/2103)   [Kremote: Compressing objects:  81% (1704/2103)   [Kremote: Compressing objects:  82% (1725/2103)   [Kremote: Compressing objects:  83% (1746/2103)   [Kremote: Compressing objects:  84% (1767/2103)   [Kremote: Compressing objects:  85% (1788/2103)   [Kremote: Compressing objects:  86% (1809/2103)   [Kremote: Compressing objects:  87% (1830/2103)   [Kremote: Compressing objects:  88% (1851/2103)   [Kremote: Compressing objects:  89% (1872/2103)   [Kremote: Compressing objects:  90% (1893/2103)   [Kremote: Compressing objects:  91% (1914/2103)   [Kremote: Compressing objects:  92% (1935/2103)   [Kremote: Compressing objects:  93% (1956/2103)   [Kremote: Compressing objects:  94% (1977/2103)   [Kremote: Compressing objects:  95% (1998/2103)   [Kremote: Compressing objects:  96% (2019/2103)   [Kremote: Compressing objects:  97% (2040/2103)   [Kremote: Compressing objects:  98% (2061/2103)   [Kremote: Compressing objects:  99% (2082/2103)   [Kremote: Compressing objects: 100% (2103/2103)   [Kremote: Compressing objects: 100% (2103/2103), done.[K
Receiving objects:   0% (1/2670)   Receiving objects:   1% (27/2670)   Receiving objects:   2% (54/2670)   Receiving objects:   3% (81/2670)   Receiving objects:   4% (107/2670)   Receiving objects:   5% (134/2670)   Receiving objects:   6% (161/2670)   Receiving objects:   7% (187/2670)   Receiving objects:   8% (214/2670)   Receiving objects:   9% (241/2670)   Receiving objects:  10% (267/2670)   Receiving objects:  11% (294/2670)   Receiving objects:  12% (321/2670)   Receiving objects:  13% (348/2670)   Receiving objects:  14% (374/2670)   Receiving objects:  15% (401/2670)   Receiving objects:  16% (428/2670)   Receiving objects:  17% (454/2670)   Receiving objects:  18% (481/2670)   Receiving objects:  19% (508/2670)   Receiving objects:  20% (534/2670)   Receiving objects:  21% (561/2670)   Receiving objects:  22% (588/2670)   Receiving objects:  23% (615/2670)   Receiving objects:  24% (641/2670)   Receiving objects:  25% (668/2670)   Receiving objects:  26% (695/2670)   Receiving objects:  27% (721/2670)   Receiving objects:  28% (748/2670)   Receiving objects:  29% (775/2670)   Receiving objects:  30% (801/2670)   Receiving objects:  31% (828/2670)   Receiving objects:  32% (855/2670)   Receiving objects:  33% (882/2670)   Receiving objects:  34% (908/2670)   Receiving objects:  35% (935/2670)   Receiving objects:  36% (962/2670)   Receiving objects:  37% (988/2670)   Receiving objects:  38% (1015/2670)   Receiving objects:  39% (1042/2670)   Receiving objects:  40% (1068/2670)   Receiving objects:  41% (1095/2670)   Receiving objects:  42% (1122/2670)   Receiving objects:  43% (1149/2670), 34.33 MiB | 68.51 MiB/s   Receiving objects:  44% (1175/2670), 34.33 MiB | 68.51 MiB/s   Receiving objects:  45% (1202/2670), 34.33 MiB | 68.51 MiB/s   Receiving objects:  46% (1229/2670), 34.33 MiB | 68.51 MiB/s   Receiving objects:  47% (1255/2670), 34.33 MiB | 68.51 MiB/s   Receiving objects:  48% (1282/2670), 34.33 MiB | 68.51 MiB/s   Receiving objects:  49% (1309/2670), 34.33 MiB | 68.51 MiB/s   Receiving objects:  50% (1335/2670), 34.33 MiB | 68.51 MiB/s   Receiving objects:  51% (1362/2670), 34.33 MiB | 68.51 MiB/s   Receiving objects:  52% (1389/2670), 34.33 MiB | 68.51 MiB/s   Receiving objects:  53% (1416/2670), 34.33 MiB | 68.51 MiB/s   Receiving objects:  54% (1442/2670), 34.33 MiB | 68.51 MiB/s   Receiving objects:  55% (1469/2670), 34.33 MiB | 68.51 MiB/s   Receiving objects:  56% (1496/2670), 34.33 MiB | 68.51 MiB/s   Receiving objects:  57% (1522/2670), 34.33 MiB | 68.51 MiB/s   Receiving objects:  58% (1549/2670), 34.33 MiB | 68.51 MiB/s   Receiving objects:  59% (1576/2670), 34.33 MiB | 68.51 MiB/s   Receiving objects:  60% (1602/2670), 34.33 MiB | 68.51 MiB/s   Receiving objects:  60% (1618/2670), 79.64 MiB | 79.47 MiB/s   Receiving objects:  61% (1629/2670), 79.64 MiB | 79.47 MiB/s   Receiving objects:  62% (1656/2670), 79.64 MiB | 79.47 MiB/s   Receiving objects:  63% (1683/2670), 79.64 MiB | 79.47 MiB/s   Receiving objects:  64% (1709/2670), 79.64 MiB | 79.47 MiB/s   Receiving objects:  65% (1736/2670), 79.64 MiB | 79.47 MiB/s   Receiving objects:  66% (1763/2670), 79.64 MiB | 79.47 MiB/s   Receiving objects:  67% (1789/2670), 79.64 MiB | 79.47 MiB/s   Receiving objects:  68% (1816/2670), 79.64 MiB | 79.47 MiB/s   Receiving objects:  69% (1843/2670), 79.64 MiB | 79.47 MiB/s   Receiving objects:  70% (1869/2670), 79.64 MiB | 79.47 MiB/s   Receiving objects:  71% (1896/2670), 79.64 MiB | 79.47 MiB/s   Receiving objects:  72% (1923/2670), 79.64 MiB | 79.47 MiB/s   Receiving objects:  73% (1950/2670), 79.64 MiB | 79.47 MiB/s   Receiving objects:  74% (1976/2670), 79.64 MiB | 79.47 MiB/s   Receiving objects:  75% (2003/2670), 79.64 MiB | 79.47 MiB/s   Receiving objects:  76% (2030/2670), 79.64 MiB | 79.47 MiB/s   Receiving objects:  77% (2056/2670), 79.64 MiB | 79.47 MiB/s   Receiving objects:  78% (2083/2670), 79.64 MiB | 79.47 MiB/s   Receiving objects:  79% (2110/2670), 79.64 MiB | 79.47 MiB/s   Receiving objects:  80% (2136/2670), 79.64 MiB | 79.47 MiB/s   Receiving objects:  81% (2163/2670), 79.64 MiB | 79.47 MiB/s   Receiving objects:  82% (2190/2670), 79.64 MiB | 79.47 MiB/s   Receiving objects:  83% (2217/2670), 79.64 MiB | 79.47 MiB/s   Receiving objects:  84% (2243/2670), 79.64 MiB | 79.47 MiB/s   Receiving objects:  85% (2270/2670), 79.64 MiB | 79.47 MiB/s   Receiving objects:  86% (2297/2670), 79.64 MiB | 79.47 MiB/s   Receiving objects:  87% (2323/2670), 121.48 MiB | 80.83 MiB/s   Receiving objects:  88% (2350/2670), 121.48 MiB | 80.83 MiB/s   Receiving objects:  89% (2377/2670), 121.48 MiB | 80.83 MiB/s   Receiving objects:  90% (2403/2670), 121.48 MiB | 80.83 MiB/s   Receiving objects:  91% (2430/2670), 121.48 MiB | 80.83 MiB/s   Receiving objects:  92% (2457/2670), 121.48 MiB | 80.83 MiB/s   Receiving objects:  93% (2484/2670), 121.48 MiB | 80.83 MiB/s   remote: Total 2670 (delta 342), reused 2045 (delta 117), pack-reused 0[K
Receiving objects:  94% (2510/2670), 121.48 MiB | 80.83 MiB/s   Receiving objects:  95% (2537/2670), 121.48 MiB | 80.83 MiB/s   Receiving objects:  96% (2564/2670), 121.48 MiB | 80.83 MiB/s   Receiving objects:  97% (2590/2670), 121.48 MiB | 80.83 MiB/s   Receiving objects:  98% (2617/2670), 121.48 MiB | 80.83 MiB/s   Receiving objects:  99% (2644/2670), 121.48 MiB | 80.83 MiB/s   Receiving objects: 100% (2670/2670), 121.48 MiB | 80.83 MiB/s   Receiving objects: 100% (2670/2670), 126.23 MiB | 80.83 MiB/s, done.
Resolving deltas:   0% (0/342)   Resolving deltas:   2% (10/342)   Resolving deltas:   3% (13/342)   Resolving deltas:   6% (22/342)   Resolving deltas:   7% (25/342)   Resolving deltas:   8% (28/342)   Resolving deltas:  10% (36/342)   Resolving deltas:  11% (38/342)   Resolving deltas:  13% (47/342)   Resolving deltas:  14% (49/342)   Resolving deltas:  16% (58/342)   Resolving deltas:  18% (63/342)   Resolving deltas:  24% (83/342)   Resolving deltas:  25% (86/342)   Resolving deltas:  26% (89/342)   Resolving deltas:  27% (93/342)   Resolving deltas:  28% (97/342)   Resolving deltas:  29% (101/342)   Resolving deltas:  30% (103/342)   Resolving deltas:  32% (112/342)   Resolving deltas:  35% (120/342)   Resolving deltas:  36% (125/342)   Resolving deltas:  37% (127/342)   Resolving deltas:  38% (130/342)   Resolving deltas:  39% (136/342)   Resolving deltas:  40% (137/342)   Resolving deltas:  41% (142/342)   Resolving deltas:  42% (144/342)   Resolving deltas:  43% (149/342)   Resolving deltas:  44% (151/342)   Resolving deltas:  45% (155/342)   Resolving deltas:  46% (160/342)   Resolving deltas:  47% (161/342)   Resolving deltas:  48% (166/342)   Resolving deltas:  50% (172/342)   Resolving deltas:  51% (175/342)   Resolving deltas:  52% (178/342)   Resolving deltas:  53% (182/342)   Resolving deltas:  54% (187/342)   Resolving deltas:  55% (189/342)   Resolving deltas:  56% (192/342)   Resolving deltas:  57% (196/342)   Resolving deltas:  58% (199/342)   Resolving deltas:  59% (202/342)   Resolving deltas:  61% (209/342)   Resolving deltas:  62% (213/342)   Resolving deltas:  63% (216/342)   Resolving deltas:  64% (219/342)   Resolving deltas:  65% (224/342)   Resolving deltas:  79% (273/342)   Resolving deltas:  81% (279/342)   Resolving deltas:  82% (281/342)   Resolving deltas:  83% (285/342)   Resolving deltas:  84% (289/342)   Resolving deltas:  85% (291/342)   Resolving deltas:  86% (295/342)   Resolving deltas:  88% (301/342)   Resolving deltas:  89% (307/342)   Resolving deltas:  90% (309/342)   Resolving deltas:  91% (314/342)   Resolving deltas:  92% (315/342)   Resolving deltas:  93% (319/342)   Resolving deltas:  94% (322/342)   Resolving deltas:  95% (327/342)   Resolving deltas:  96% (330/342)   Resolving deltas:  97% (334/342)   Resolving deltas:  98% (336/342)   Resolving deltas:  99% (339/342)   Resolving deltas: 100% (342/342)   Resolving deltas: 100% (342/342), done.
Checking connectivity... done.
travis_time:end:0bab43e2:start=1431701582014862861,finish=1431701585307398381,duration=3292535520[0K$ cd zxing/zxing
$ git checkout -qf d272315f7348783201f3b057413818d97ec9d6eb
travis_fold:end:git.checkout[0K
[33;1mThis job is running on container-based infrastructure, which does not allow use of 'sudo', setuid and setguid executables.[0m
[33;1mIf you require sudo, add 'sudo: required' to your .travis.yml[0m
[33;1mSee http://docs.travis-ci.com/user/workers/container-based-infrastructure/ for details.[0m

[33;1mSetting environment variables from .travis.yml[0m
$ export COVERITY_SCAN_TOKEN=[secure]

travis_fold:start:cache.1[0KSetting up build cache
$ export CASHER_DIR=$HOME/.casher
travis_time:start:024c4906[0K$ Installing caching utilities
travis_time:end:024c4906:start=1431701588194356561,finish=1431701588338991067,duration=144634506[0Ktravis_time:start:0689d7ef[0Kattempting to download cache archive
fetching master/cache--jdk-oraclejdk8.tbz
found cache
travis_time:end:0689d7ef:start=1431701588343157982,finish=1431701590280741834,duration=1937583852[0Ktravis_time:start:1120a06f[0Kadding /home/travis/.m2 to cache
travis_time:end:1120a06f:start=1431701590284400250,finish=1431701602868816618,duration=12584416368[0Ktravis_fold:end:cache.1[0K$ jdk_switcher use oraclejdk8
Switching to Oracle JDK8 (java-8-oracle), JAVA_HOME will be set to /usr/lib/jvm/java-8-oracle
$ java -Xmx32m -version
java version "1.8.0_31"
Java(TM) SE Runtime Environment (build 1.8.0_31-b13)
Java HotSpot(TM) 64-Bit Server VM (build 25.31-b07, mixed mode)
$ javac -J-Xmx32m -version
javac 1.8.0_31
travis_fold:start:install[0Ktravis_time:start:0129b4f7[0K$ mvn install -DskipTests=true -Dmaven.javadoc.skip=true -B -V
Java HotSpot(TM) 64-Bit Server VM warning: ignoring option MaxPermSize=192m; support was removed in 8.0
Apache Maven 3.2.5 (12a6b3acb947671f09b81f49094c53f426d8cea1; 2014-12-14T17:29:23+00:00)
Maven home: /usr/local/maven
Java version: 1.8.0_31, vendor: Oracle Corporation
Java home: /usr/lib/jvm/java-8-oracle/jre
Default locale: en_US, platform encoding: UTF-8
OS name: "linux", version: "3.13.0-40-generic", arch: "amd64", family: "unix"
[INFO] Scanning for projects...
[INFO] ------------------------------------------------------------------------
[INFO] Reactor Build Order:
[INFO] 
[INFO] ZXing
[INFO] ZXing Core
[INFO] ZXing Java SE extensions
[INFO] ZXing Android Core
[INFO] ZXing Android Integration lib
[INFO] ZXing Appspot-based encoder
[INFO] ZXing zxing.org web app
[INFO]                                                                         
[INFO] ------------------------------------------------------------------------
[INFO] Building ZXing 3.2.1-SNAPSHOT
[INFO] ------------------------------------------------------------------------
[INFO] Downloading: https://repo.maven.apache.org/maven2/org/apache/maven/plugins/maven-checkstyle-plugin/2.15/maven-checkstyle-plugin-2.15.pom
[INFO] Downloaded: https://repo.maven.apache.org/maven2/org/apache/maven/plugins/maven-checkstyle-plugin/2.15/maven-checkstyle-plugin-2.15.pom (14 KB at 12.7 KB/sec)
[INFO] Downloading: https://repo.maven.apache.org/maven2/org/apache/maven/plugins/maven-checkstyle-plugin/2.15/maven-checkstyle-plugin-2.15.jar
[INFO] Downloaded: https://repo.maven.apache.org/maven2/org/apache/maven/plugins/maven-checkstyle-plugin/2.15/maven-checkstyle-plugin-2.15.jar (109 KB at 943.0 KB/sec)
[INFO] Downloading: https://repo.maven.apache.org/maven2/org/apache/rat/apache-rat-plugin/0.11/apache-rat-plugin-0.11.pom
[INFO] Downloaded: https://repo.maven.apache.org/maven2/org/apache/rat/apache-rat-plugin/0.11/apache-rat-plugin-0.11.pom (10 KB at 141.6 KB/sec)
[INFO] Downloading: https://repo.maven.apache.org/maven2/org/apache/rat/apache-rat-project/0.11/apache-rat-project-0.11.pom
[INFO] Downloaded: https://repo.maven.apache.org/maven2/org/apache/rat/apache-rat-project/0.11/apache-rat-project-0.11.pom (21 KB at 270.5 KB/sec)
[INFO] Downloading: https://repo.maven.apache.org/maven2/org/apache/rat/apache-rat-plugin/0.11/apache-rat-plugin-0.11.jar
[INFO] Downloaded: https://repo.maven.apache.org/maven2/org/apache/rat/apache-rat-plugin/0.11/apache-rat-plugin-0.11.jar (43 KB at 834.8 KB/sec)
[INFO] 
[INFO] --- maven-checkstyle-plugin:2.15:check (validate) @ zxing-parent ---
[INFO] Downloading: https://repo.maven.apache.org/maven2/org/apache/maven/reporting/maven-reporting-impl/2.3/maven-reporting-impl-2.3.pom
[INFO] Downloaded: https://repo.maven.apache.org/maven2/org/apache/maven/reporting/maven-reporting-impl/2.3/maven-reporting-impl-2.3.pom (5 KB at 203.5 KB/sec)
[INFO] Downloading: https://repo.maven.apache.org/maven2/org/apache/maven/shared/maven-shared-resources/2/maven-shared-resources-2.pom
[INFO] Downloaded: https://repo.maven.apache.org/maven2/org/apache/maven/shared/maven-shared-resources/2/maven-shared-resources-2.pom (3 KB at 65.6 KB/sec)
[INFO] Downloading: https://repo.maven.apache.org/maven2/org/apache/maven/doxia/doxia-integration-tools/1.6/doxia-integration-tools-1.6.pom
[INFO] Downloaded: https://repo.maven.apache.org/maven2/org/apache/maven/doxia/doxia-integration-tools/1.6/doxia-integration-tools-1.6.pom (7 KB at 261.3 KB/sec)
[INFO] Downloading: https://repo.maven.apache.org/maven2/org/apache/maven/doxia/doxia-tools/3/doxia-tools-3.pom
[INFO] Downloaded: https://repo.maven.apache.org/maven2/org/apache/maven/doxia/doxia-tools/3/doxia-tools-3.pom (10 KB at 323.2 KB/sec)
[INFO] Downloading: https://repo.maven.apache.org/maven2/org/codehaus/plexus/plexus-resources/1.0.1/plexus-resources-1.0.1.pom
[INFO] Downloaded: https://repo.maven.apache.org/maven2/org/codehaus/plexus/plexus-resources/1.0.1/plexus-resources-1.0.1.pom (2 KB at 44.4 KB/sec)
[INFO] Downloading: https://repo.maven.apache.org/maven2/org/codehaus/plexus/plexus-velocity/1.1.8/plexus-velocity-1.1.8.pom
[INFO] Downloaded: https://repo.maven.apache.org/maven2/org/codehaus/plexus/plexus-velocity/1.1.8/plexus-velocity-1.1.8.pom (2 KB at 50.7 KB/sec)
[INFO] Downloading: https://repo.maven.apache.org/maven2/org/codehaus/plexus/plexus-components/1.1.15/plexus-components-1.1.15.pom
[INFO] Downloaded: https://repo.maven.apache.org/maven2/org/codehaus/plexus/plexus-components/1.1.15/plexus-components-1.1.15.pom (3 KB at 66.2 KB/sec)
[INFO] Downloading: https://repo.maven.apache.org/maven2/com/puppycrawl/tools/checkstyle/6.1.1/checkstyle-6.1.1.pom
[INFO] Downloaded: https://repo.maven.apache.org/maven2/com/puppycrawl/tools/checkstyle/6.1.1/checkstyle-6.1.1.pom (30 KB at 503.4 KB/sec)
[INFO] Downloading: https://repo.maven.apache.org/maven2/antlr/antlr/2.7.7/antlr-2.7.7.pom
[INFO] Downloaded: https://repo.maven.apache.org/maven2/antlr/antlr/2.7.7/antlr-2.7.7.pom (632 B at 21.3 KB/sec)
[INFO] Downloading: https://repo.maven.apache.org/maven2/org/antlr/antlr4-runtime/4.3/antlr4-runtime-4.3.pom
[INFO] Downloaded: https://repo.maven.apache.org/maven2/org/antlr/antlr4-runtime/4.3/antlr4-runtime-4.3.pom (5 KB at 179.9 KB/sec)
[INFO] Downloading: https://repo.maven.apache.org/maven2/org/antlr/antlr4-master/4.3/antlr4-master-4.3.pom
[INFO] Downloaded: https://repo.maven.apache.org/maven2/org/antlr/antlr4-master/4.3/antlr4-master-4.3.pom (8 KB at 266.9 KB/sec)
[INFO] Downloading: https://repo.maven.apache.org/maven2/org/abego/treelayout/org.abego.treelayout.core/1.0.1/org.abego.treelayout.core-1.0.1.pom
[INFO] Downloaded: https://repo.maven.apache.org/maven2/org/abego/treelayout/org.abego.treelayout.core/1.0.1/org.abego.treelayout.core-1.0.1.pom (4 KB at 126.3 KB/sec)
[INFO] Downloading: https://repo.maven.apache.org/maven2/org/antlr/antlr4-annotations/4.3/antlr4-annotations-4.3.pom
[INFO] Downloaded: https://repo.maven.apache.org/maven2/org/antlr/antlr4-annotations/4.3/antlr4-annotations-4.3.pom (2 KB at 54.0 KB/sec)
[INFO] Downloading: https://repo.maven.apache.org/maven2/commons-beanutils/commons-beanutils-core/1.8.3/commons-beanutils-core-1.8.3.pom
[INFO] Downloaded: https://repo.maven.apache.org/maven2/commons-beanutils/commons-beanutils-core/1.8.3/commons-beanutils-core-1.8.3.pom (2 KB at 72.8 KB/sec)
[INFO] Downloading: https://repo.maven.apache.org/maven2/org/apache/maven/reporting/maven-reporting-impl/2.3/maven-reporting-impl-2.3.jar
[INFO] Downloading: https://repo.maven.apache.org/maven2/org/apache/maven/doxia/doxia-integration-tools/1.6/doxia-integration-tools-1.6.jar
[INFO] Downloading: https://repo.maven.apache.org/maven2/org/apache/maven/shared/maven-shared-resources/2/maven-shared-resources-2.jar
[INFO] Downloading: https://repo.maven.apache.org/maven2/org/apache/maven/shared/maven-shared-utils/0.6/maven-shared-utils-0.6.jar
[INFO] Downloading: https://repo.maven.apache.org/maven2/org/codehaus/plexus/plexus-resources/1.0.1/plexus-resources-1.0.1.jar
[INFO] Downloaded: https://repo.maven.apache.org/maven2/org/codehaus/plexus/plexus-resources/1.0.1/plexus-resources-1.0.1.jar (22 KB at 144.4 KB/sec)
[INFO] Downloading: https://repo.maven.apache.org/maven2/org/codehaus/plexus/plexus-velocity/1.1.8/plexus-velocity-1.1.8.jar
[INFO] Downloaded: https://repo.maven.apache.org/maven2/org/apache/maven/reporting/maven-reporting-impl/2.3/maven-reporting-impl-2.3.jar (18 KB at 91.0 KB/sec)
[INFO] Downloading: https://repo.maven.apache.org/maven2/com/puppycrawl/tools/checkstyle/6.1.1/checkstyle-6.1.1.jar
[INFO] Downloaded: https://repo.maven.apache.org/maven2/org/apache/maven/doxia/doxia-integration-tools/1.6/doxia-integration-tools-1.6.jar (44 KB at 216.8 KB/sec)
[INFO] Downloading: https://repo.maven.apache.org/maven2/antlr/antlr/2.7.7/antlr-2.7.7.jar
[INFO] Downloaded: https://repo.maven.apache.org/maven2/org/apache/maven/shared/maven-shared-resources/2/maven-shared-resources-2.jar (13 KB at 52.0 KB/sec)
[INFO] Downloading: https://repo.maven.apache.org/maven2/org/antlr/antlr4-runtime/4.3/antlr4-runtime-4.3.jar
[INFO] Downloaded: https://repo.maven.apache.org/maven2/org/apache/maven/shared/maven-shared-utils/0.6/maven-shared-utils-0.6.jar (161 KB at 613.6 KB/sec)
[INFO] Downloading: https://repo.maven.apache.org/maven2/org/abego/treelayout/org.abego.treelayout.core/1.0.1/org.abego.treelayout.core-1.0.1.jar
[INFO] Downloaded: https://repo.maven.apache.org/maven2/org/codehaus/plexus/plexus-velocity/1.1.8/plexus-velocity-1.1.8.jar (8 KB at 28.2 KB/sec)
[INFO] Downloading: https://repo.maven.apache.org/maven2/org/antlr/antlr4-annotations/4.3/antlr4-annotations-4.3.jar
[INFO] Downloaded: https://repo.maven.apache.org/maven2/org/antlr/antlr4-annotations/4.3/antlr4-annotations-4.3.jar (10 KB at 33.3 KB/sec)
[INFO] Downloading: https://repo.maven.apache.org/maven2/commons-beanutils/commons-beanutils-core/1.8.3/commons-beanutils-core-1.8.3.jar
[INFO] Downloaded: https://repo.maven.apache.org/maven2/org/abego/treelayout/org.abego.treelayout.core/1.0.1/org.abego.treelayout.core-1.0.1.jar (25 KB at 74.6 KB/sec)
[INFO] Downloaded: https://repo.maven.apache.org/maven2/commons-beanutils/commons-beanutils-core/1.8.3/commons-beanutils-core-1.8.3.jar (202 KB at 410.3 KB/sec)
[INFO] Downloaded: https://repo.maven.apache.org/maven2/antlr/antlr/2.7.7/antlr-2.7.7.jar (435 KB at 803.8 KB/sec)
[INFO] Downloaded: https://repo.maven.apache.org/maven2/org/antlr/antlr4-runtime/4.3/antlr4-runtime-4.3.jar (337 KB at 603.8 KB/sec)
[INFO] Downloaded: https://repo.maven.apache.org/maven2/com/puppycrawl/tools/checkstyle/6.1.1/checkstyle-6.1.1.jar (991 KB at 1108.3 KB/sec)
[INFO] 
[INFO] --- maven-javadoc-plugin:2.10.3:jar (attach-javadocs) @ zxing-parent ---
[INFO] Skipping javadoc generation
[INFO] 
[INFO] --- maven-source-plugin:2.4:jar-no-fork (attach-sources) @ zxing-parent ---
[INFO] 
[INFO] >>> clirr-maven-plugin:2.6.1:check (check-api) > compile @ zxing-parent >>>
[INFO] 
[INFO] --- maven-checkstyle-plugin:2.15:check (validate) @ zxing-parent ---
[INFO] 
[INFO] <<< clirr-maven-plugin:2.6.1:check (check-api) < compile @ zxing-parent <<<
[INFO] 
[INFO] --- clirr-maven-plugin:2.6.1:check (check-api) @ zxing-parent ---
[INFO] Not generating Clirr report as there are no classes generated by the project
[INFO] 
[INFO] --- apache-rat-plugin:0.11:check (default) @ zxing-parent ---
[INFO] Downloading: https://repo.maven.apache.org/maven2/org/apache/rat/apache-rat-core/0.11/apache-rat-core-0.11.pom
[INFO] Downloaded: https://repo.maven.apache.org/maven2/org/apache/rat/apache-rat-core/0.11/apache-rat-core-0.11.pom (5 KB at 56.5 KB/sec)
[INFO] Downloading: https://repo.maven.apache.org/maven2/org/apache/commons/commons-compress/1.5/commons-compress-1.5.pom
[INFO] Downloaded: https://repo.maven.apache.org/maven2/org/apache/commons/commons-compress/1.5/commons-compress-1.5.pom (11 KB at 383.7 KB/sec)
[INFO] Downloading: https://repo.maven.apache.org/maven2/org/apache/commons/commons-parent/28/commons-parent-28.pom
[INFO] Downloaded: https://repo.maven.apache.org/maven2/org/apache/commons/commons-parent/28/commons-parent-28.pom (49 KB at 1138.9 KB/sec)
[INFO] Downloading: https://repo.maven.apache.org/maven2/org/apache/maven/shared/maven-plugin-testing-harness/1.1/maven-plugin-testing-harness-1.1.pom
[INFO] Downloaded: https://repo.maven.apache.org/maven2/org/apache/maven/shared/maven-plugin-testing-harness/1.1/maven-plugin-testing-harness-1.1.pom (7 KB at 220.9 KB/sec)
[INFO] Downloading: https://repo.maven.apache.org/maven2/org/apache/maven/shared/maven-shared-components/7/maven-shared-components-7.pom
[INFO] Downloaded: https://repo.maven.apache.org/maven2/org/apache/maven/shared/maven-shared-components/7/maven-shared-components-7.pom (3 KB at 105.8 KB/sec)
[INFO] Downloading: https://repo.maven.apache.org/maven2/org/apache/maven/maven-project/2.0/maven-project-2.0.pom
[INFO] Downloaded: https://repo.maven.apache.org/maven2/org/apache/maven/maven-project/2.0/maven-project-2.0.pom (2 KB at 66.6 KB/sec)
[INFO] Downloading: https://repo.maven.apache.org/maven2/org/apache/maven/maven/2.0/maven-2.0.pom
[INFO] Downloaded: https://repo.maven.apache.org/maven2/org/apache/maven/maven/2.0/maven-2.0.pom (9 KB at 342.5 KB/sec)
[INFO] Downloading: https://repo.maven.apache.org/maven2/org/apache/maven/maven-profile/2.0/maven-profile-2.0.pom
[INFO] Downloaded: https://repo.maven.apache.org/maven2/org/apache/maven/maven-profile/2.0/maven-profile-2.0.pom (2 KB at 47.9 KB/sec)
[INFO] Downloading: https://repo.maven.apache.org/maven2/org/apache/maven/maven-model/2.0/maven-model-2.0.pom
[INFO] Downloaded: https://repo.maven.apache.org/maven2/org/apache/maven/maven-model/2.0/maven-model-2.0.pom (3 KB at 67.2 KB/sec)
[INFO] Downloading: https://repo.maven.apache.org/maven2/org/apache/maven/maven-artifact-manager/2.0/maven-artifact-manager-2.0.pom
[INFO] Downloaded: https://repo.maven.apache.org/maven2/org/apache/maven/maven-artifact-manager/2.0/maven-artifact-manager-2.0.pom (2 KB at 50.7 KB/sec)
[INFO] Downloading: https://repo.maven.apache.org/maven2/org/apache/maven/maven-repository-metadata/2.0/maven-repository-metadata-2.0.pom
[INFO] Downloaded: https://repo.maven.apache.org/maven2/org/apache/maven/maven-repository-metadata/2.0/maven-repository-metadata-2.0.pom (2 KB at 46.1 KB/sec)
[INFO] Downloading: https://repo.maven.apache.org/maven2/org/apache/maven/maven-artifact/2.0/maven-artifact-2.0.pom
[INFO] Downloaded: https://repo.maven.apache.org/maven2/org/apache/maven/maven-artifact/2.0/maven-artifact-2.0.pom (723 B at 22.1 KB/sec)
[INFO] Downloading: https://repo.maven.apache.org/maven2/org/apache/maven/maven-core/2.0/maven-core-2.0.pom
[INFO] Downloaded: https://repo.maven.apache.org/maven2/org/apache/maven/maven-core/2.0/maven-core-2.0.pom (6 KB at 195.2 KB/sec)
[INFO] Downloading: https://repo.maven.apache.org/maven2/org/apache/maven/maven-settings/2.0/maven-settings-2.0.pom
[INFO] Downloaded: https://repo.maven.apache.org/maven2/org/apache/maven/maven-settings/2.0/maven-settings-2.0.pom (2 KB at 34.6 KB/sec)
[INFO] Downloading: https://repo.maven.apache.org/maven2/org/apache/maven/maven-plugin-parameter-documenter/2.0/maven-plugin-parameter-documenter-2.0.pom
[INFO] Downloaded: https://repo.maven.apache.org/maven2/org/apache/maven/maven-plugin-parameter-documenter/2.0/maven-plugin-parameter-documenter-2.0.pom (2 KB at 74.6 KB/sec)
[INFO] Downloading: https://repo.maven.apache.org/maven2/org/apache/maven/reporting/maven-reporting-api/2.0/maven-reporting-api-2.0.pom
[INFO] Downloaded: https://repo.maven.apache.org/maven2/org/apache/maven/reporting/maven-reporting-api/2.0/maven-reporting-api-2.0.pom (2 KB at 49.2 KB/sec)
[INFO] Downloading: https://repo.maven.apache.org/maven2/org/apache/maven/reporting/maven-reporting/2.0/maven-reporting-2.0.pom
[INFO] Downloaded: https://repo.maven.apache.org/maven2/org/apache/maven/reporting/maven-reporting/2.0/maven-reporting-2.0.pom (504 B at 22.4 KB/sec)
[INFO] Downloading: https://repo.maven.apache.org/maven2/doxia/doxia-sink-api/1.0-alpha-4/doxia-sink-api-1.0-alpha-4.pom
[INFO] Downloaded: https://repo.maven.apache.org/maven2/doxia/doxia-sink-api/1.0-alpha-4/doxia-sink-api-1.0-alpha-4.pom (2 KB at 41.1 KB/sec)
[INFO] Downloading: https://repo.maven.apache.org/maven2/org/apache/maven/maven-error-diagnostics/2.0/maven-error-diagnostics-2.0.pom
[INFO] Downloaded: https://repo.maven.apache.org/maven2/org/apache/maven/maven-error-diagnostics/2.0/maven-error-diagnostics-2.0.pom (812 B at 33.0 KB/sec)
[INFO] Downloading: https://repo.maven.apache.org/maven2/org/apache/maven/maven-plugin-registry/2.0/maven-plugin-registry-2.0.pom
[INFO] Downloaded: https://repo.maven.apache.org/maven2/org/apache/maven/maven-plugin-registry/2.0/maven-plugin-registry-2.0.pom (2 KB at 46.4 KB/sec)
[INFO] Downloading: https://repo.maven.apache.org/maven2/org/apache/maven/maven-plugin-api/2.0/maven-plugin-api-2.0.pom
[INFO] Downloaded: https://repo.maven.apache.org/maven2/org/apache/maven/maven-plugin-api/2.0/maven-plugin-api-2.0.pom (601 B at 16.3 KB/sec)
[INFO] Downloading: https://repo.maven.apache.org/maven2/org/apache/maven/maven-plugin-descriptor/2.0/maven-plugin-descriptor-2.0.pom
[INFO] Downloaded: https://repo.maven.apache.org/maven2/org/apache/maven/maven-plugin-descriptor/2.0/maven-plugin-descriptor-2.0.pom (2 KB at 49.2 KB/sec)
[INFO] Downloading: https://repo.maven.apache.org/maven2/org/apache/maven/maven-monitor/2.0/maven-monitor-2.0.pom
[INFO] Downloaded: https://repo.maven.apache.org/maven2/org/apache/maven/maven-monitor/2.0/maven-monitor-2.0.pom (400 B at 17.8 KB/sec)
[INFO] Downloading: https://repo.maven.apache.org/maven2/org/codehaus/plexus/plexus-archiver/1.0-alpha-7/plexus-archiver-1.0-alpha-7.pom
[INFO] Downloaded: https://repo.maven.apache.org/maven2/org/codehaus/plexus/plexus-archiver/1.0-alpha-7/plexus-archiver-1.0-alpha-7.pom (2 KB at 42.4 KB/sec)
[INFO] Downloading: https://repo.maven.apache.org/maven2/org/codehaus/plexus/plexus-components/1.1.6/plexus-components-1.1.6.pom
[INFO] Downloaded: https://repo.maven.apache.org/maven2/org/codehaus/plexus/plexus-components/1.1.6/plexus-components-1.1.6.pom (2 KB at 70.9 KB/sec)
[INFO] Downloading: https://repo.maven.apache.org/maven2/org/codehaus/plexus/plexus-utils/1.2/plexus-utils-1.2.pom
[INFO] Downloaded: https://repo.maven.apache.org/maven2/org/codehaus/plexus/plexus-utils/1.2/plexus-utils-1.2.pom (767 B at 31.2 KB/sec)
[INFO] Downloading: https://repo.maven.apache.org/maven2/org/codehaus/plexus/plexus/1.0.5/plexus-1.0.5.pom
[INFO] Downloaded: https://repo.maven.apache.org/maven2/org/codehaus/plexus/plexus/1.0.5/plexus-1.0.5.pom (6 KB at 276.3 KB/sec)
[INFO] Downloading: https://repo.maven.apache.org/maven2/org/apache/rat/apache-rat-core/0.11/apache-rat-core-0.11.jar
[INFO] Downloading: https://repo.maven.apache.org/maven2/org/apache/commons/commons-compress/1.5/commons-compress-1.5.jar
[INFO] Downloading: https://repo.maven.apache.org/maven2/org/apache/maven/doxia/doxia-decoration-model/1.2/doxia-decoration-model-1.2.jar
[INFO] Downloading: https://repo.maven.apache.org/maven2/org/apache/maven/doxia/doxia-logging-api/1.2/doxia-logging-api-1.2.jar
[INFO] Downloading: https://repo.maven.apache.org/maven2/org/apache/maven/doxia/doxia-sink-api/1.2/doxia-sink-api-1.2.jar
[INFO] Downloaded: https://repo.maven.apache.org/maven2/org/apache/maven/doxia/doxia-logging-api/1.2/doxia-logging-api-1.2.jar (12 KB at 106.5 KB/sec)
[INFO] Downloading: https://repo.maven.apache.org/maven2/org/apache/maven/doxia/doxia-site-renderer/1.2/doxia-site-renderer-1.2.jar
[INFO] Downloaded: https://repo.maven.apache.org/maven2/org/apache/maven/doxia/doxia-sink-api/1.2/doxia-sink-api-1.2.jar (11 KB at 124.7 KB/sec)
[INFO] Downloading: https://repo.maven.apache.org/maven2/org/apache/maven/doxia/doxia-module-xhtml/1.2/doxia-module-xhtml-1.2.jar
[INFO] Downloaded: https://repo.maven.apache.org/maven2/org/apache/maven/doxia/doxia-module-xhtml/1.2/doxia-module-xhtml-1.2.jar (15 KB at 123.9 KB/sec)
[INFO] Downloading: https://repo.maven.apache.org/maven2/org/apache/maven/doxia/doxia-module-fml/1.2/doxia-module-fml-1.2.jar
[INFO] Downloaded: https://repo.maven.apache.org/maven2/org/apache/maven/doxia/doxia-decoration-model/1.2/doxia-decoration-model-1.2.jar (59 KB at 438.6 KB/sec)
[INFO] Downloading: https://repo.maven.apache.org/maven2/org/apache/maven/shared/maven-plugin-testing-harness/1.1/maven-plugin-testing-harness-1.1.jar
[INFO] Downloaded: https://repo.maven.apache.org/maven2/org/apache/rat/apache-rat-core/0.11/apache-rat-core-0.11.jar (116 KB at 531.9 KB/sec)
[INFO] Downloading: https://repo.maven.apache.org/maven2/org/codehaus/plexus/plexus-archiver/1.0-alpha-7/plexus-archiver-1.0-alpha-7.jar
[INFO] Downloaded: https://repo.maven.apache.org/maven2/org/apache/maven/doxia/doxia-site-renderer/1.2/doxia-site-renderer-1.2.jar (51 KB at 250.6 KB/sec)
[INFO] Downloading: https://repo.maven.apache.org/maven2/org/codehaus/plexus/plexus-utils/3.0.8/plexus-utils-3.0.8.jar
[INFO] Downloaded: https://repo.maven.apache.org/maven2/org/apache/maven/doxia/doxia-module-fml/1.2/doxia-module-fml-1.2.jar (37 KB at 176.1 KB/sec)
[INFO] Downloaded: https://repo.maven.apache.org/maven2/org/apache/maven/shared/maven-plugin-testing-harness/1.1/maven-plugin-testing-harness-1.1.jar (32 KB at 141.0 KB/sec)
[INFO] Downloaded: https://repo.maven.apache.org/maven2/org/apache/commons/commons-compress/1.5/commons-compress-1.5.jar (251 KB at 695.1 KB/sec)
[INFO] Downloaded: https://repo.maven.apache.org/maven2/org/codehaus/plexus/plexus-archiver/1.0-alpha-7/plexus-archiver-1.0-alpha-7.jar (139 KB at 425.5 KB/sec)
[INFO] Downloaded: https://repo.maven.apache.org/maven2/org/codehaus/plexus/plexus-utils/3.0.8/plexus-utils-3.0.8.jar (227 KB at 656.2 KB/sec)
[INFO] 57 implicit excludes (use -debug for more details).
[INFO] Exclude: **/.*
[INFO] Exclude: **/.settings/**
[INFO] Exclude: **/*.iml
[INFO] Exclude: **/*.md
[INFO] Exclude: **/*.textile
[INFO] Exclude: **/*.txt
[INFO] Exclude: **/*.html
[INFO] Exclude: **/*.js
[INFO] Exclude: **/*.css
[INFO] Exclude: **/*.properties
[INFO] Exclude: **/*.cfg
[INFO] Exclude: **/*.config
[INFO] Exclude: **/*.yaml
[INFO] Exclude: **/gen/**
[INFO] Exclude: **/resources/**
[INFO] Exclude: **/symbolMaps/**
[INFO] Exclude: **/target/**
[INFO] Exclude: **/dependency-reduced-pom.xml
[INFO] Exclude: private/**
[INFO] Exclude: CHANGES
[INFO] Exclude: false
[INFO] 181 resources included (use -debug for more details)
Warning:  org.apache.xerces.jaxp.SAXParserImpl$JAXPSAXParser: Property 'http://www.oracle.com/xml/jaxp/properties/entityExpansionLimit' is not recognized.
Compiler warnings:
  WARNING:  'org.apache.xerces.jaxp.SAXParserImpl: Property 'http://javax.xml.XMLConstants/property/accessExternalDTD' is not recognized.'
Warning:  org.apache.xerces.parsers.SAXParser: Feature 'http://javax.xml.XMLConstants/feature/secure-processing' is not recognized.
Warning:  org.apache.xerces.parsers.SAXParser: Property 'http://javax.xml.XMLConstants/property/accessExternalDTD' is not recognized.
Warning:  org.apache.xerces.parsers.SAXParser: Property 'http://www.oracle.com/xml/jaxp/properties/entityExpansionLimit' is not recognized.
[INFO] Rat check: Summary of files. Unapproved: 0 unknown: 0 generated: 0 approved: 158 licence.
[INFO] 
[INFO] --- maven-install-plugin:2.5.2:install (default-install) @ zxing-parent ---
[INFO] Installing /home/travis/build/zxing/zxing/pom.xml to /home/travis/.m2/repository/com/google/zxing/zxing-parent/3.2.1-SNAPSHOT/zxing-parent-3.2.1-SNAPSHOT.pom
[INFO]                                                                         
[INFO] ------------------------------------------------------------------------
[INFO] Building ZXing Core 3.2.1-SNAPSHOT
[INFO] ------------------------------------------------------------------------
[INFO] 
[INFO] --- maven-checkstyle-plugin:2.15:check (validate) @ core ---
[INFO] 
[INFO] --- maven-resources-plugin:2.7:resources (default-resources) @ core ---
[INFO] Using 'UTF-8' encoding to copy filtered resources.
[INFO] skip non existing resourceDirectory /home/travis/build/zxing/zxing/core/src/main/resources
[INFO] 
[INFO] --- maven-compiler-plugin:3.3:compile (default-compile) @ core ---
[INFO] Changes detected - recompiling the module!
[INFO] Compiling 229 source files to /home/travis/build/zxing/zxing/core/target/classes
[INFO] 
[INFO] --- maven-resources-plugin:2.7:testResources (default-testResources) @ core ---
[INFO] Using 'UTF-8' encoding to copy filtered resources.
[INFO] Copying 2292 resources
[INFO] 
[INFO] --- maven-compiler-plugin:3.3:testCompile (default-testCompile) @ core ---
[INFO] Changes detected - recompiling the module!
[INFO] Compiling 126 source files to /home/travis/build/zxing/zxing/core/target/test-classes
[INFO] 
[INFO] --- maven-surefire-plugin:2.18.1:test (default-test) @ core ---
[INFO] Tests are skipped.
[INFO] 
[INFO] --- maven-jar-plugin:2.6:jar (default-jar) @ core ---
[INFO] Building jar: /home/travis/build/zxing/zxing/core/target/core-3.2.1-SNAPSHOT.jar
[INFO] 
[INFO] --- maven-javadoc-plugin:2.10.3:jar (attach-javadocs) @ core ---
[INFO] Skipping javadoc generation
[INFO] 
[INFO] --- maven-source-plugin:2.4:jar-no-fork (attach-sources) @ core ---
[INFO] Building jar: /home/travis/build/zxing/zxing/core/target/core-3.2.1-SNAPSHOT-sources.jar
[INFO] 
[INFO] --- maven-dependency-plugin:2.10:copy (copy-android) @ core ---
[INFO] Configured Artifact: com.google.zxing:core:3.2.1-SNAPSHOT:jar
[INFO] Copying core-3.2.1-SNAPSHOT.jar to /home/travis/build/zxing/zxing/android/libs/core-3.2.1-SNAPSHOT.jar
[INFO] 
[INFO] --- maven-dependency-plugin:2.10:copy (copy-androidtest) @ core ---
[INFO] Configured Artifact: com.google.zxing:core:3.2.1-SNAPSHOT:jar
[INFO] Copying core-3.2.1-SNAPSHOT.jar to /home/travis/build/zxing/zxing/androidtest/libs/core-3.2.1-SNAPSHOT.jar
[INFO] 
[INFO] >>> clirr-maven-plugin:2.6.1:check (check-api) > compile @ core >>>
[INFO] 
[INFO] --- maven-checkstyle-plugin:2.15:check (validate) @ core ---
[INFO] 
[INFO] --- maven-resources-plugin:2.7:resources (default-resources) @ core ---
[INFO] Using 'UTF-8' encoding to copy filtered resources.
[INFO] skip non existing resourceDirectory /home/travis/build/zxing/zxing/core/src/main/resources
[INFO] 
[INFO] --- maven-compiler-plugin:3.3:compile (default-compile) @ core ---
[INFO] Nothing to compile - all classes are up to date
[INFO] 
[INFO] <<< clirr-maven-plugin:2.6.1:check (check-api) < compile @ core <<<
[INFO] 
[INFO] --- clirr-maven-plugin:2.6.1:check (check-api) @ core ---
[INFO] artifact com.google.zxing:core: checking for updates from central
[WARNING] *** CHECKSUM FAILED - Checksum failed on download: local = '2d1def36d543a9a772f9cf1bf0791517ce83ff63'; remote = '4642f9967bbb7e0c502185eecef52c0d75845c36' - RETRYING
[WARNING] *** CHECKSUM FAILED - Checksum failed on download: local = '2d1def36d543a9a772f9cf1bf0791517ce83ff63'; remote = '4642f9967bbb7e0c502185eecef52c0d75845c36' - IGNORING
[INFO] artifact com.google.zxing:core: checking for updates from sonatype
[INFO] artifact com.google.zxing:core: checking for updates from sonatype-snapshots
[INFO] artifact com.google.zxing:core: checking for updates from sonatype-apache
[INFO] artifact com.google.zxing:core: checking for updates from apache-snapshots
[INFO] artifact com.google.zxing:core: checking for updates from codehaus-snapshots
[INFO] artifact com.google.zxing:core: checking for updates from sonatype
[INFO] artifact com.google.zxing:core: checking for updates from sonatype-snapshots
[INFO] artifact com.google.zxing:core: checking for updates from sonatype-apache
[INFO] artifact com.google.zxing:core: checking for updates from apache-snapshots
[INFO] artifact com.google.zxing:core: checking for updates from codehaus-snapshots
[INFO] Comparing to version: 3.2.0
[ERROR] 6001: com.google.zxing.ReaderException: Removed field isStackTrace
[ERROR] 6010: com.google.zxing.datamatrix.encoder.SymbolInfo: Accessibility of field matrixHeight has been weakened from public to private
[ERROR] 6010: com.google.zxing.datamatrix.encoder.SymbolInfo: Accessibility of field matrixWidth has been weakened from public to private
[INFO] ------------------------------------------------------------------------
[INFO] Reactor Summary:
[INFO] 
[INFO] ZXing .............................................. SUCCESS [ 17.610 s]
[INFO] ZXing Core ......................................... FAILURE [ 33.367 s]
[INFO] ZXing Java SE extensions ........................... SKIPPED
[INFO] ZXing Android Core ................................. SKIPPED
[INFO] ZXing Android Integration lib ...................... SKIPPED
[INFO] ZXing Appspot-based encoder ........................ SKIPPED
[INFO] ZXing zxing.org web app ............................ SKIPPED
[INFO] ------------------------------------------------------------------------
[INFO] BUILD FAILURE
[INFO] ------------------------------------------------------------------------
[INFO] Total time: 51.335 s
[INFO] Finished at: 2015-05-15T14:54:17+00:00
[INFO] Final Memory: 36M/381M
[INFO] ------------------------------------------------------------------------
[ERROR] Failed to execute goal org.codehaus.mojo:clirr-maven-plugin:2.6.1:check (check-api) on project core: There were 3 errors. -> [Help 1]
[ERROR] 
[ERROR] To see the full stack trace of the errors, re-run Maven with the -e switch.
[ERROR] Re-run Maven using the -X switch to enable full debug logging.
[ERROR] 
[ERROR] For more information about the errors and possible solutions, please read the following articles:
[ERROR] [Help 1] http://cwiki.apache.org/confluence/display/MAVEN/MojoFailureException
[ERROR] 
[ERROR] After correcting the problems, you can resume the build with the command
[ERROR]   mvn <goals> -rf :core

[31;1mThe command "eval mvn install -DskipTests=true -Dmaven.javadoc.skip=true -B -V" failed. Retrying, 2 of 3.[0m

Java HotSpot(TM) 64-Bit Server VM warning: ignoring option MaxPermSize=192m; support was removed in 8.0
Apache Maven 3.2.5 (12a6b3acb947671f09b81f49094c53f426d8cea1; 2014-12-14T17:29:23+00:00)
Maven home: /usr/local/maven
Java version: 1.8.0_31, vendor: Oracle Corporation
Java home: /usr/lib/jvm/java-8-oracle/jre
Default locale: en_US, platform encoding: UTF-8
OS name: "linux", version: "3.13.0-40-generic", arch: "amd64", family: "unix"
[INFO] Scanning for projects...
[INFO] ------------------------------------------------------------------------
[INFO] Reactor Build Order:
[INFO] 
[INFO] ZXing
[INFO] ZXing Core
[INFO] ZXing Java SE extensions
[INFO] ZXing Android Core
[INFO] ZXing Android Integration lib
[INFO] ZXing Appspot-based encoder
[INFO] ZXing zxing.org web app
[INFO]                                                                         
[INFO] ------------------------------------------------------------------------
[INFO] Building ZXing 3.2.1-SNAPSHOT
[INFO] ------------------------------------------------------------------------
[INFO] 
[INFO] --- maven-checkstyle-plugin:2.15:check (validate) @ zxing-parent ---
[INFO] 
[INFO] --- maven-javadoc-plugin:2.10.3:jar (attach-javadocs) @ zxing-parent ---
[INFO] Skipping javadoc generation
[INFO] 
[INFO] --- maven-source-plugin:2.4:jar-no-fork (attach-sources) @ zxing-parent ---
[INFO] 
[INFO] >>> clirr-maven-plugin:2.6.1:check (check-api) > compile @ zxing-parent >>>
[INFO] 
[INFO] --- maven-checkstyle-plugin:2.15:check (validate) @ zxing-parent ---
[INFO] 
[INFO] <<< clirr-maven-plugin:2.6.1:check (check-api) < compile @ zxing-parent <<<
[INFO] 
[INFO] --- clirr-maven-plugin:2.6.1:check (check-api) @ zxing-parent ---
[INFO] Not generating Clirr report as there are no classes generated by the project
[INFO] 
[INFO] --- apache-rat-plugin:0.11:check (default) @ zxing-parent ---
[INFO] 57 implicit excludes (use -debug for more details).
[INFO] Exclude: **/.*
[INFO] Exclude: **/.settings/**
[INFO] Exclude: **/*.iml
[INFO] Exclude: **/*.md
[INFO] Exclude: **/*.textile
[INFO] Exclude: **/*.txt
[INFO] Exclude: **/*.html
[INFO] Exclude: **/*.js
[INFO] Exclude: **/*.css
[INFO] Exclude: **/*.properties
[INFO] Exclude: **/*.cfg
[INFO] Exclude: **/*.config
[INFO] Exclude: **/*.yaml
[INFO] Exclude: **/gen/**
[INFO] Exclude: **/resources/**
[INFO] Exclude: **/symbolMaps/**
[INFO] Exclude: **/target/**
[INFO] Exclude: **/dependency-reduced-pom.xml
[INFO] Exclude: private/**
[INFO] Exclude: CHANGES
[INFO] Exclude: false
[INFO] 183 resources included (use -debug for more details)
Warning:  org.apache.xerces.jaxp.SAXParserImpl$JAXPSAXParser: Property 'http://www.oracle.com/xml/jaxp/properties/entityExpansionLimit' is not recognized.
Compiler warnings:
  WARNING:  'org.apache.xerces.jaxp.SAXParserImpl: Property 'http://javax.xml.XMLConstants/property/accessExternalDTD' is not recognized.'
Warning:  org.apache.xerces.parsers.SAXParser: Feature 'http://javax.xml.XMLConstants/feature/secure-processing' is not recognized.
Warning:  org.apache.xerces.parsers.SAXParser: Property 'http://javax.xml.XMLConstants/property/accessExternalDTD' is not recognized.
Warning:  org.apache.xerces.parsers.SAXParser: Property 'http://www.oracle.com/xml/jaxp/properties/entityExpansionLimit' is not recognized.
[INFO] Rat check: Summary of files. Unapproved: 0 unknown: 0 generated: 0 approved: 158 licence.
[INFO] 
[INFO] --- maven-install-plugin:2.5.2:install (default-install) @ zxing-parent ---
[INFO] Installing /home/travis/build/zxing/zxing/pom.xml to /home/travis/.m2/repository/com/google/zxing/zxing-parent/3.2.1-SNAPSHOT/zxing-parent-3.2.1-SNAPSHOT.pom
[INFO]                                                                         
[INFO] ------------------------------------------------------------------------
[INFO] Building ZXing Core 3.2.1-SNAPSHOT
[INFO] ------------------------------------------------------------------------
[INFO] 
[INFO] --- maven-checkstyle-plugin:2.15:check (validate) @ core ---
[INFO] 
[INFO] --- maven-resources-plugin:2.7:resources (default-resources) @ core ---
[INFO] Using 'UTF-8' encoding to copy filtered resources.
[INFO] skip non existing resourceDirectory /home/travis/build/zxing/zxing/core/src/main/resources
[INFO] 
[INFO] --- maven-compiler-plugin:3.3:compile (default-compile) @ core ---
[INFO] Nothing to compile - all classes are up to date
[INFO] 
[INFO] --- maven-resources-plugin:2.7:testResources (default-testResources) @ core ---
[INFO] Using 'UTF-8' encoding to copy filtered resources.
[INFO] Copying 2292 resources
[INFO] 
[INFO] --- maven-compiler-plugin:3.3:testCompile (default-testCompile) @ core ---
[INFO] Nothing to compile - all classes are up to date
[INFO] 
[INFO] --- maven-surefire-plugin:2.18.1:test (default-test) @ core ---
[INFO] Tests are skipped.
[INFO] 
[INFO] --- maven-jar-plugin:2.6:jar (default-jar) @ core ---
[INFO] 
[INFO] --- maven-javadoc-plugin:2.10.3:jar (attach-javadocs) @ core ---
[INFO] Skipping javadoc generation
[INFO] 
[INFO] --- maven-source-plugin:2.4:jar-no-fork (attach-sources) @ core ---
[INFO] Building jar: /home/travis/build/zxing/zxing/core/target/core-3.2.1-SNAPSHOT-sources.jar
[INFO] 
[INFO] --- maven-dependency-plugin:2.10:copy (copy-android) @ core ---
[INFO] Configured Artifact: com.google.zxing:core:3.2.1-SNAPSHOT:jar
[INFO] com.google.zxing:core:3.2.1-SNAPSHOT:jar already exists in /home/travis/build/zxing/zxing/android/libs
[INFO] 
[INFO] --- maven-dependency-plugin:2.10:copy (copy-androidtest) @ core ---
[INFO] Configured Artifact: com.google.zxing:core:3.2.1-SNAPSHOT:jar
[INFO] com.google.zxing:core:3.2.1-SNAPSHOT:jar already exists in /home/travis/build/zxing/zxing/androidtest/libs
[INFO] 
[INFO] >>> clirr-maven-plugin:2.6.1:check (check-api) > compile @ core >>>
[INFO] 
[INFO] --- maven-checkstyle-plugin:2.15:check (validate) @ core ---
[INFO] 
[INFO] --- maven-resources-plugin:2.7:resources (default-resources) @ core ---
[INFO] Using 'UTF-8' encoding to copy filtered resources.
[INFO] skip non existing resourceDirectory /home/travis/build/zxing/zxing/core/src/main/resources
[INFO] 
[INFO] --- maven-compiler-plugin:3.3:compile (default-compile) @ core ---
[INFO] Nothing to compile - all classes are up to date
[INFO] 
[INFO] <<< clirr-maven-plugin:2.6.1:check (check-api) < compile @ core <<<
[INFO] 
[INFO] --- clirr-maven-plugin:2.6.1:check (check-api) @ core ---
[INFO] artifact com.google.zxing:core: checking for updates from sonatype
[INFO] artifact com.google.zxing:core: checking for updates from sonatype-snapshots
[INFO] artifact com.google.zxing:core: checking for updates from sonatype-apache
[INFO] artifact com.google.zxing:core: checking for updates from apache-snapshots
[INFO] artifact com.google.zxing:core: checking for updates from codehaus-snapshots
[INFO] artifact com.google.zxing:core: checking for updates from sonatype
[INFO] artifact com.google.zxing:core: checking for updates from sonatype-snapshots
[INFO] artifact com.google.zxing:core: checking for updates from sonatype-apache
[INFO] artifact com.google.zxing:core: checking for updates from apache-snapshots
[INFO] artifact com.google.zxing:core: checking for updates from codehaus-snapshots
[INFO] Comparing to version: 3.2.0
[ERROR] 6001: com.google.zxing.ReaderException: Removed field isStackTrace
[ERROR] 6010: com.google.zxing.datamatrix.encoder.SymbolInfo: Accessibility of field matrixHeight has been weakened from public to private
[ERROR] 6010: com.google.zxing.datamatrix.encoder.SymbolInfo: Accessibility of field matrixWidth has been weakened from public to private
[INFO] ------------------------------------------------------------------------
[INFO] Reactor Summary:
[INFO] 
[INFO] ZXing .............................................. SUCCESS [ 13.149 s]
[INFO] ZXing Core ......................................... FAILURE [ 11.529 s]
[INFO] ZXing Java SE extensions ........................... SKIPPED
[INFO] ZXing Android Core ................................. SKIPPED
[INFO] ZXing Android Integration lib ...................... SKIPPED
[INFO] ZXing Appspot-based encoder ........................ SKIPPED
[INFO] ZXing zxing.org web app ............................ SKIPPED
[INFO] ------------------------------------------------------------------------
[INFO] BUILD FAILURE
[INFO] ------------------------------------------------------------------------
[INFO] Total time: 24.991 s
[INFO] Finished at: 2015-05-15T14:54:56+00:00
[INFO] Final Memory: 31M/443M
[INFO] ------------------------------------------------------------------------
[ERROR] Failed to execute goal org.codehaus.mojo:clirr-maven-plugin:2.6.1:check (check-api) on project core: There were 3 errors. -> [Help 1]
[ERROR] 
[ERROR] To see the full stack trace of the errors, re-run Maven with the -e switch.
[ERROR] Re-run Maven using the -X switch to enable full debug logging.
[ERROR] 
[ERROR] For more information about the errors and possible solutions, please read the following articles:
[ERROR] [Help 1] http://cwiki.apache.org/confluence/display/MAVEN/MojoFailureException
[ERROR] 
[ERROR] After correcting the problems, you can resume the build with the command
[ERROR]   mvn <goals> -rf :core

[31;1mThe command "eval mvn install -DskipTests=true -Dmaven.javadoc.skip=true -B -V" failed. Retrying, 3 of 3.[0m

Java HotSpot(TM) 64-Bit Server VM warning: ignoring option MaxPermSize=192m; support was removed in 8.0
Apache Maven 3.2.5 (12a6b3acb947671f09b81f49094c53f426d8cea1; 2014-12-14T17:29:23+00:00)
Maven home: /usr/local/maven
Java version: 1.8.0_31, vendor: Oracle Corporation
Java home: /usr/lib/jvm/java-8-oracle/jre
Default locale: en_US, platform encoding: UTF-8
OS name: "linux", version: "3.13.0-40-generic", arch: "amd64", family: "unix"
[INFO] Scanning for projects...
[INFO] ------------------------------------------------------------------------
[INFO] Reactor Build Order:
[INFO] 
[INFO] ZXing
[INFO] ZXing Core
[INFO] ZXing Java SE extensions
[INFO] ZXing Android Core
[INFO] ZXing Android Integration lib
[INFO] ZXing Appspot-based encoder
[INFO] ZXing zxing.org web app
[INFO]                                                                         
[INFO] ------------------------------------------------------------------------
[INFO] Building ZXing 3.2.1-SNAPSHOT
[INFO] ------------------------------------------------------------------------
[INFO] 
[INFO] --- maven-checkstyle-plugin:2.15:check (validate) @ zxing-parent ---
[INFO] 
[INFO] --- maven-javadoc-plugin:2.10.3:jar (attach-javadocs) @ zxing-parent ---
[INFO] Skipping javadoc generation
[INFO] 
[INFO] --- maven-source-plugin:2.4:jar-no-fork (attach-sources) @ zxing-parent ---
[INFO] 
[INFO] >>> clirr-maven-plugin:2.6.1:check (check-api) > compile @ zxing-parent >>>
[INFO] 
[INFO] --- maven-checkstyle-plugin:2.15:check (validate) @ zxing-parent ---
[INFO] 
[INFO] <<< clirr-maven-plugin:2.6.1:check (check-api) < compile @ zxing-parent <<<
[INFO] 
[INFO] --- clirr-maven-plugin:2.6.1:check (check-api) @ zxing-parent ---
[INFO] Not generating Clirr report as there are no classes generated by the project
[INFO] 
[INFO] --- apache-rat-plugin:0.11:check (default) @ zxing-parent ---
[INFO] 57 implicit excludes (use -debug for more details).
[INFO] Exclude: **/.*
[INFO] Exclude: **/.settings/**
[INFO] Exclude: **/*.iml
[INFO] Exclude: **/*.md
[INFO] Exclude: **/*.textile
[INFO] Exclude: **/*.txt
[INFO] Exclude: **/*.html
[INFO] Exclude: **/*.js
[INFO] Exclude: **/*.css
[INFO] Exclude: **/*.properties
[INFO] Exclude: **/*.cfg
[INFO] Exclude: **/*.config
[INFO] Exclude: **/*.yaml
[INFO] Exclude: **/gen/**
[INFO] Exclude: **/resources/**
[INFO] Exclude: **/symbolMaps/**
[INFO] Exclude: **/target/**
[INFO] Exclude: **/dependency-reduced-pom.xml
[INFO] Exclude: private/**
[INFO] Exclude: CHANGES
[INFO] Exclude: false
[INFO] 183 resources included (use -debug for more details)
Warning:  org.apache.xerces.jaxp.SAXParserImpl$JAXPSAXParser: Property 'http://www.oracle.com/xml/jaxp/properties/entityExpansionLimit' is not recognized.
Compiler warnings:
  WARNING:  'org.apache.xerces.jaxp.SAXParserImpl: Property 'http://javax.xml.XMLConstants/property/accessExternalDTD' is not recognized.'
Warning:  org.apache.xerces.parsers.SAXParser: Feature 'http://javax.xml.XMLConstants/feature/secure-processing' is not recognized.
Warning:  org.apache.xerces.parsers.SAXParser: Property 'http://javax.xml.XMLConstants/property/accessExternalDTD' is not recognized.
Warning:  org.apache.xerces.parsers.SAXParser: Property 'http://www.oracle.com/xml/jaxp/properties/entityExpansionLimit' is not recognized.
[INFO] Rat check: Summary of files. Unapproved: 0 unknown: 0 generated: 0 approved: 158 licence.
[INFO] 
[INFO] --- maven-install-plugin:2.5.2:install (default-install) @ zxing-parent ---
[INFO] Installing /home/travis/build/zxing/zxing/pom.xml to /home/travis/.m2/repository/com/google/zxing/zxing-parent/3.2.1-SNAPSHOT/zxing-parent-3.2.1-SNAPSHOT.pom
[INFO]                                                                         
[INFO] ------------------------------------------------------------------------
[INFO] Building ZXing Core 3.2.1-SNAPSHOT
[INFO] ------------------------------------------------------------------------
[INFO] 
[INFO] --- maven-checkstyle-plugin:2.15:check (validate) @ core ---
[INFO] 
[INFO] --- maven-resources-plugin:2.7:resources (default-resources) @ core ---
[INFO] Using 'UTF-8' encoding to copy filtered resources.
[INFO] skip non existing resourceDirectory /home/travis/build/zxing/zxing/core/src/main/resources
[INFO] 
[INFO] --- maven-compiler-plugin:3.3:compile (default-compile) @ core ---
[INFO] Nothing to compile - all classes are up to date
[INFO] 
[INFO] --- maven-resources-plugin:2.7:testResources (default-testResources) @ core ---
[INFO] Using 'UTF-8' encoding to copy filtered resources.
[INFO] Copying 2292 resources
[INFO] 
[INFO] --- maven-compiler-plugin:3.3:testCompile (default-testCompile) @ core ---
[INFO] Nothing to compile - all classes are up to date
[INFO] 
[INFO] --- maven-surefire-plugin:2.18.1:test (default-test) @ core ---
[INFO] Tests are skipped.
[INFO] 
[INFO] --- maven-jar-plugin:2.6:jar (default-jar) @ core ---
[INFO] 
[INFO] --- maven-javadoc-plugin:2.10.3:jar (attach-javadocs) @ core ---
[INFO] Skipping javadoc generation
[INFO] 
[INFO] --- maven-source-plugin:2.4:jar-no-fork (attach-sources) @ core ---
[INFO] Building jar: /home/travis/build/zxing/zxing/core/target/core-3.2.1-SNAPSHOT-sources.jar
[INFO] 
[INFO] --- maven-dependency-plugin:2.10:copy (copy-android) @ core ---
[INFO] Configured Artifact: com.google.zxing:core:3.2.1-SNAPSHOT:jar
[INFO] com.google.zxing:core:3.2.1-SNAPSHOT:jar already exists in /home/travis/build/zxing/zxing/android/libs
[INFO] 
[INFO] --- maven-dependency-plugin:2.10:copy (copy-androidtest) @ core ---
[INFO] Configured Artifact: com.google.zxing:core:3.2.1-SNAPSHOT:jar
[INFO] com.google.zxing:core:3.2.1-SNAPSHOT:jar already exists in /home/travis/build/zxing/zxing/androidtest/libs
[INFO] 
[INFO] >>> clirr-maven-plugin:2.6.1:check (check-api) > compile @ core >>>
[INFO] 
[INFO] --- maven-checkstyle-plugin:2.15:check (validate) @ core ---
[INFO] 
[INFO] --- maven-resources-plugin:2.7:resources (default-resources) @ core ---
[INFO] Using 'UTF-8' encoding to copy filtered resources.
[INFO] skip non existing resourceDirectory /home/travis/build/zxing/zxing/core/src/main/resources
[INFO] 
[INFO] --- maven-compiler-plugin:3.3:compile (default-compile) @ core ---
[INFO] Nothing to compile - all classes are up to date
[INFO] 
[INFO] <<< clirr-maven-plugin:2.6.1:check (check-api) < compile @ core <<<
[INFO] 
[INFO] --- clirr-maven-plugin:2.6.1:check (check-api) @ core ---
[INFO] artifact com.google.zxing:core: checking for updates from sonatype
[INFO] artifact com.google.zxing:core: checking for updates from sonatype-snapshots
[INFO] artifact com.google.zxing:core: checking for updates from sonatype-apache
[INFO] artifact com.google.zxing:core: checking for updates from apache-snapshots
[INFO] artifact com.google.zxing:core: checking for updates from codehaus-snapshots
[INFO] artifact com.google.zxing:core: checking for updates from sonatype
[INFO] artifact com.google.zxing:core: checking for updates from sonatype-snapshots
[INFO] artifact com.google.zxing:core: checking for updates from sonatype-apache
[INFO] artifact com.google.zxing:core: checking for updates from apache-snapshots
[INFO] artifact com.google.zxing:core: checking for updates from codehaus-snapshots
[INFO] Comparing to version: 3.2.0
[ERROR] 6001: com.google.zxing.ReaderException: Removed field isStackTrace
[ERROR] 6010: com.google.zxing.datamatrix.encoder.SymbolInfo: Accessibility of field matrixHeight has been weakened from public to private
[ERROR] 6010: com.google.zxing.datamatrix.encoder.SymbolInfo: Accessibility of field matrixWidth has been weakened from public to private
[INFO] ------------------------------------------------------------------------
[INFO] Reactor Summary:
[INFO] 
[INFO] ZXing .............................................. SUCCESS [ 11.275 s]
[INFO] ZXing Core ......................................... FAILURE [ 10.117 s]
[INFO] ZXing Java SE extensions ........................... SKIPPED
[INFO] ZXing Android Core ................................. SKIPPED
[INFO] ZXing Android Integration lib ...................... SKIPPED
[INFO] ZXing Appspot-based encoder ........................ SKIPPED
[INFO] ZXing zxing.org web app ............................ SKIPPED
[INFO] ------------------------------------------------------------------------
[INFO] BUILD FAILURE
[INFO] ------------------------------------------------------------------------
[INFO] Total time: 21.707 s
[INFO] Finished at: 2015-05-15T14:55:25+00:00
[INFO] Final Memory: 31M/480M
[INFO] ------------------------------------------------------------------------
[ERROR] Failed to execute goal org.codehaus.mojo:clirr-maven-plugin:2.6.1:check (check-api) on project core: There were 3 errors. -> [Help 1]
[ERROR] 
[ERROR] To see the full stack trace of the errors, re-run Maven with the -e switch.
[ERROR] Re-run Maven using the -X switch to enable full debug logging.
[ERROR] 
[ERROR] For more information about the errors and possible solutions, please read the following articles:
[ERROR] [Help 1] http://cwiki.apache.org/confluence/display/MAVEN/MojoFailureException
[ERROR] 
[ERROR] After correcting the problems, you can resume the build with the command
[ERROR]   mvn <goals> -rf :core

[31;1mThe command "eval mvn install -DskipTests=true -Dmaven.javadoc.skip=true -B -V" failed 3 times.[0m

travis_time:end:0129b4f7:start=1431701603320241525,finish=1431701731277616897,duration=127957375372[0K
[31;1mThe command "mvn install -DskipTests=true -Dmaven.javadoc.skip=true -B -V" failed and exited with 1 during .[0m

Your build has been stopped.
