Using worker: worker-linux-docker-846566ab.prod.travis-ci.org:travis-linux-7

travis_fold:start:system_info[0K[33;1mBuild system information[0m
Build language: java
[34m[1mBuild image provisioning date and time[0m
Thu Feb  5 15:09:33 UTC 2015
[34m[1mOperating System Details[0m
Distributor ID:	Ubuntu
Description:	Ubuntu 12.04.5 LTS
Release:	12.04
Codename:	precise
[34m[1mLinux Version[0m
3.13.0-29-generic
[34m[1mCookbooks Version[0m
a68419e https://github.com/travis-ci/travis-cookbooks/tree/a68419e
[34m[1mGCC version[0m
gcc (Ubuntu/Linaro 4.6.3-1ubuntu5) 4.6.3
Copyright (C) 2011 Free Software Foundation, Inc.
This is free software; see the source for copying conditions.  There is NO
warranty; not even for MERCHANTABILITY or FITNESS FOR A PARTICULAR PURPOSE.

[34m[1mLLVM version[0m
clang version 3.4 (tags/RELEASE_34/final)
Target: x86_64-unknown-linux-gnu
Thread model: posix
[34m[1mPre-installed Ruby versions[0m
ruby-1.9.3-p551
[34m[1mPre-installed Node.js versions[0m
v0.10.36
[34m[1mPre-installed Go versions[0m
1.4.1
[34m[1mRedis version[0m
redis-server 2.8.19
[34m[1mriak version[0m
2.0.2
[34m[1mMongoDB version[0m
MongoDB 2.4.12
[34m[1mCouchDB version[0m
couchdb 1.6.1
[34m[1mNeo4j version[0m
1.9.4
[34m[1mRabbitMQ Version[0m
3.4.3
[34m[1mElasticSearch version[0m
1.4.0
[34m[1mInstalled Sphinx versions[0m
2.0.10
2.1.9
2.2.6
[34m[1mDefault Sphinx version[0m
2.2.6
[34m[1mInstalled Firefox version[0m
firefox 31.0esr
[34m[1mPhantomJS version[0m
1.9.8
[34m[1mant -version[0m
Apache Ant(TM) version 1.8.2 compiled on December 3 2011
[34m[1mmvn -version[0m
Apache Maven 3.2.5 (12a6b3acb947671f09b81f49094c53f426d8cea1; 2014-12-14T17:29:23+00:00)
Maven home: /usr/local/maven
Java version: 1.7.0_76, vendor: Oracle Corporation
Java home: /usr/lib/jvm/java-7-oracle/jre
Default locale: en_US, platform encoding: ANSI_X3.4-1968
OS name: "linux", version: "3.13.0-29-generic", arch: "amd64", family: "unix"
travis_fold:end:system_info[0K
travis_fold:start:git.checkout[0Ktravis_time:start:24a92630[0K$ git clone --depth=10 --branch=master git://github.com/zxing/zxing.git zxing/zxing
Cloning into 'zxing/zxing'...
remote: Counting objects: 2676, done.[K
remote: Compressing objects:   0% (1/2108)   [Kremote: Compressing objects:   1% (22/2108)   [Kremote: Compressing objects:   2% (43/2108)   [Kremote: Compressing objects:   3% (64/2108)   [Kremote: Compressing objects:   4% (85/2108)   [Kremote: Compressing objects:   5% (106/2108)   [Kremote: Compressing objects:   6% (127/2108)   [Kremote: Compressing objects:   7% (148/2108)   [Kremote: Compressing objects:   8% (169/2108)   [Kremote: Compressing objects:   9% (190/2108)   [Kremote: Compressing objects:  10% (211/2108)   [Kremote: Compressing objects:  11% (232/2108)   [Kremote: Compressing objects:  12% (253/2108)   [Kremote: Compressing objects:  13% (275/2108)   [Kremote: Compressing objects:  14% (296/2108)   [Kremote: Compressing objects:  15% (317/2108)   [Kremote: Compressing objects:  16% (338/2108)   [Kremote: Compressing objects:  17% (359/2108)   [Kremote: Compressing objects:  18% (380/2108)   [Kremote: Compressing objects:  19% (401/2108)   [Kremote: Compressing objects:  20% (422/2108)   [Kremote: Compressing objects:  21% (443/2108)   [Kremote: Compressing objects:  22% (464/2108)   [Kremote: Compressing objects:  23% (485/2108)   [Kremote: Compressing objects:  24% (506/2108)   [Kremote: Compressing objects:  25% (527/2108)   [Kremote: Compressing objects:  26% (549/2108)   [Kremote: Compressing objects:  27% (570/2108)   [Kremote: Compressing objects:  28% (591/2108)   [Kremote: Compressing objects:  29% (612/2108)   [Kremote: Compressing objects:  30% (633/2108)   [Kremote: Compressing objects:  31% (654/2108)   [Kremote: Compressing objects:  32% (675/2108)   [Kremote: Compressing objects:  33% (696/2108)   [Kremote: Compressing objects:  34% (717/2108)   [Kremote: Compressing objects:  35% (738/2108)   [Kremote: Compressing objects:  36% (759/2108)   [Kremote: Compressing objects:  37% (780/2108)   [Kremote: Compressing objects:  38% (802/2108)   [Kremote: Compressing objects:  39% (823/2108)   [Kremote: Compressing objects:  40% (844/2108)   [Kremote: Compressing objects:  41% (865/2108)   [Kremote: Compressing objects:  42% (886/2108)   [Kremote: Compressing objects:  43% (907/2108)   [Kremote: Compressing objects:  44% (928/2108)   [Kremote: Compressing objects:  45% (949/2108)   [Kremote: Compressing objects:  46% (970/2108)   [Kremote: Compressing objects:  47% (991/2108)   [Kremote: Compressing objects:  48% (1012/2108)   [Kremote: Compressing objects:  49% (1033/2108)   [Kremote: Compressing objects:  50% (1054/2108)   [Kremote: Compressing objects:  51% (1076/2108)   [Kremote: Compressing objects:  52% (1097/2108)   [Kremote: Compressing objects:  53% (1118/2108)   [Kremote: Compressing objects:  54% (1139/2108)   [Kremote: Compressing objects:  55% (1160/2108)   [Kremote: Compressing objects:  56% (1181/2108)   [Kremote: Compressing objects:  57% (1202/2108)   [Kremote: Compressing objects:  58% (1223/2108)   [Kremote: Compressing objects:  59% (1244/2108)   [Kremote: Compressing objects:  60% (1265/2108)   [Kremote: Compressing objects:  61% (1286/2108)   [Kremote: Compressing objects:  62% (1307/2108)   [Kremote: Compressing objects:  63% (1329/2108)   [Kremote: Compressing objects:  64% (1350/2108)   [Kremote: Compressing objects:  65% (1371/2108)   [Kremote: Compressing objects:  66% (1392/2108)   [Kremote: Compressing objects:  67% (1413/2108)   [Kremote: Compressing objects:  68% (1434/2108)   [Kremote: Compressing objects:  69% (1455/2108)   [Kremote: Compressing objects:  70% (1476/2108)   [Kremote: Compressing objects:  71% (1497/2108)   [Kremote: Compressing objects:  72% (1518/2108)   [Kremote: Compressing objects:  73% (1539/2108)   [Kremote: Compressing objects:  74% (1560/2108)   [Kremote: Compressing objects:  75% (1581/2108)   [Kremote: Compressing objects:  76% (1603/2108)   [Kremote: Compressing objects:  77% (1624/2108)   [Kremote: Compressing objects:  78% (1645/2108)   [Kremote: Compressing objects:  79% (1666/2108)   [Kremote: Compressing objects:  80% (1687/2108)   [Kremote: Compressing objects:  81% (1708/2108)   [Kremote: Compressing objects:  82% (1729/2108)   [Kremote: Compressing objects:  83% (1750/2108)   [Kremote: Compressing objects:  84% (1771/2108)   [Kremote: Compressing objects:  85% (1792/2108)   [Kremote: Compressing objects:  86% (1813/2108)   [Kremote: Compressing objects:  87% (1834/2108)   [Kremote: Compressing objects:  88% (1856/2108)   [Kremote: Compressing objects:  89% (1877/2108)   [Kremote: Compressing objects:  90% (1898/2108)   [Kremote: Compressing objects:  91% (1919/2108)   [Kremote: Compressing objects:  92% (1940/2108)   [Kremote: Compressing objects:  93% (1961/2108)   [Kremote: Compressing objects:  94% (1982/2108)   [Kremote: Compressing objects:  95% (2003/2108)   [Kremote: Compressing objects:  96% (2024/2108)   [Kremote: Compressing objects:  97% (2045/2108)   [Kremote: Compressing objects:  98% (2066/2108)   [Kremote: Compressing objects:  99% (2087/2108)   [Kremote: Compressing objects: 100% (2108/2108)   [Kremote: Compressing objects: 100% (2108/2108), done.[K
Receiving objects:   0% (1/2676)   Receiving objects:   1% (27/2676)   Receiving objects:   2% (54/2676)   Receiving objects:   3% (81/2676)   Receiving objects:   4% (108/2676)   Receiving objects:   5% (134/2676)   Receiving objects:   6% (161/2676)   Receiving objects:   7% (188/2676)   Receiving objects:   8% (215/2676)   Receiving objects:   9% (241/2676)   Receiving objects:  10% (268/2676)   Receiving objects:  11% (295/2676)   Receiving objects:  12% (322/2676)   Receiving objects:  13% (348/2676)   Receiving objects:  14% (375/2676)   Receiving objects:  15% (402/2676)   Receiving objects:  16% (429/2676)   Receiving objects:  17% (455/2676)   Receiving objects:  18% (482/2676)   Receiving objects:  19% (509/2676)   Receiving objects:  20% (536/2676)   Receiving objects:  21% (562/2676)   Receiving objects:  22% (589/2676)   Receiving objects:  23% (616/2676)   Receiving objects:  24% (643/2676)   Receiving objects:  25% (669/2676)   Receiving objects:  26% (696/2676)   Receiving objects:  27% (723/2676)   Receiving objects:  28% (750/2676)   Receiving objects:  29% (777/2676)   Receiving objects:  30% (803/2676)   Receiving objects:  31% (830/2676)   Receiving objects:  32% (857/2676)   Receiving objects:  33% (884/2676)   Receiving objects:  34% (910/2676)   Receiving objects:  35% (937/2676)   Receiving objects:  36% (964/2676)   Receiving objects:  37% (991/2676)   Receiving objects:  38% (1017/2676)   Receiving objects:  39% (1044/2676)   Receiving objects:  40% (1071/2676)   Receiving objects:  41% (1098/2676)   Receiving objects:  42% (1124/2676), 29.22 MiB | 58.31 MiB/s   Receiving objects:  43% (1151/2676), 29.22 MiB | 58.31 MiB/s   Receiving objects:  44% (1178/2676), 29.22 MiB | 58.31 MiB/s   Receiving objects:  45% (1205/2676), 29.22 MiB | 58.31 MiB/s   Receiving objects:  46% (1231/2676), 29.22 MiB | 58.31 MiB/s   Receiving objects:  47% (1258/2676), 29.22 MiB | 58.31 MiB/s   Receiving objects:  48% (1285/2676), 29.22 MiB | 58.31 MiB/s   Receiving objects:  49% (1312/2676), 29.22 MiB | 58.31 MiB/s   Receiving objects:  50% (1338/2676), 29.22 MiB | 58.31 MiB/s   Receiving objects:  51% (1365/2676), 29.22 MiB | 58.31 MiB/s   Receiving objects:  52% (1392/2676), 29.22 MiB | 58.31 MiB/s   Receiving objects:  53% (1419/2676), 29.22 MiB | 58.31 MiB/s   Receiving objects:  54% (1446/2676), 29.22 MiB | 58.31 MiB/s   Receiving objects:  55% (1472/2676), 29.22 MiB | 58.31 MiB/s   Receiving objects:  56% (1499/2676), 29.22 MiB | 58.31 MiB/s   Receiving objects:  56% (1502/2676), 29.22 MiB | 58.31 MiB/s   Receiving objects:  57% (1526/2676), 68.00 MiB | 67.86 MiB/s   Receiving objects:  58% (1553/2676), 68.00 MiB | 67.86 MiB/s   Receiving objects:  59% (1579/2676), 68.00 MiB | 67.86 MiB/s   Receiving objects:  60% (1606/2676), 68.00 MiB | 67.86 MiB/s   Receiving objects:  61% (1633/2676), 68.00 MiB | 67.86 MiB/s   Receiving objects:  62% (1660/2676), 68.00 MiB | 67.86 MiB/s   Receiving objects:  63% (1686/2676), 68.00 MiB | 67.86 MiB/s   Receiving objects:  64% (1713/2676), 68.00 MiB | 67.86 MiB/s   Receiving objects:  65% (1740/2676), 68.00 MiB | 67.86 MiB/s   Receiving objects:  66% (1767/2676), 68.00 MiB | 67.86 MiB/s   Receiving objects:  67% (1793/2676), 68.00 MiB | 67.86 MiB/s   Receiving objects:  68% (1820/2676), 68.00 MiB | 67.86 MiB/s   Receiving objects:  69% (1847/2676), 68.00 MiB | 67.86 MiB/s   Receiving objects:  70% (1874/2676), 68.00 MiB | 67.86 MiB/s   Receiving objects:  71% (1900/2676), 99.30 MiB | 66.07 MiB/s   Receiving objects:  72% (1927/2676), 99.30 MiB | 66.07 MiB/s   Receiving objects:  73% (1954/2676), 99.30 MiB | 66.07 MiB/s   Receiving objects:  74% (1981/2676), 99.30 MiB | 66.07 MiB/s   Receiving objects:  75% (2007/2676), 99.30 MiB | 66.07 MiB/s   Receiving objects:  76% (2034/2676), 99.30 MiB | 66.07 MiB/s   Receiving objects:  77% (2061/2676), 99.30 MiB | 66.07 MiB/s   Receiving objects:  78% (2088/2676), 99.30 MiB | 66.07 MiB/s   Receiving objects:  79% (2115/2676), 99.30 MiB | 66.07 MiB/s   Receiving objects:  80% (2141/2676), 99.30 MiB | 66.07 MiB/s   Receiving objects:  81% (2168/2676), 99.30 MiB | 66.07 MiB/s   Receiving objects:  82% (2195/2676), 99.30 MiB | 66.07 MiB/s   Receiving objects:  83% (2222/2676), 99.30 MiB | 66.07 MiB/s   Receiving objects:  84% (2248/2676), 99.30 MiB | 66.07 MiB/s   Receiving objects:  85% (2275/2676), 99.30 MiB | 66.07 MiB/s   Receiving objects:  86% (2302/2676), 99.30 MiB | 66.07 MiB/s   Receiving objects:  87% (2329/2676), 99.30 MiB | 66.07 MiB/s   Receiving objects:  88% (2355/2676), 99.30 MiB | 66.07 MiB/s   Receiving objects:  89% (2382/2676), 99.30 MiB | 66.07 MiB/s   Receiving objects:  90% (2409/2676), 99.30 MiB | 66.07 MiB/s   Receiving objects:  91% (2436/2676), 99.30 MiB | 66.07 MiB/s   Receiving objects:  92% (2462/2676), 99.30 MiB | 66.07 MiB/s   Receiving objects:  93% (2489/2676), 99.30 MiB | 66.07 MiB/s   remote: Total 2676 (delta 345), reused 2044 (delta 115), pack-reused 0[K
Receiving objects:  94% (2516/2676), 99.30 MiB | 66.07 MiB/s   Receiving objects:  95% (2543/2676), 99.30 MiB | 66.07 MiB/s   Receiving objects:  96% (2569/2676), 99.30 MiB | 66.07 MiB/s   Receiving objects:  97% (2596/2676), 99.30 MiB | 66.07 MiB/s   Receiving objects:  98% (2623/2676), 99.30 MiB | 66.07 MiB/s   Receiving objects:  99% (2650/2676), 99.30 MiB | 66.07 MiB/s   Receiving objects: 100% (2676/2676), 99.30 MiB | 66.07 MiB/s   Receiving objects: 100% (2676/2676), 126.23 MiB | 66.07 MiB/s, done.
Resolving deltas:   0% (0/345)   Resolving deltas:   2% (10/345)   Resolving deltas:   3% (11/345)   Resolving deltas:   4% (15/345)   Resolving deltas:   6% (21/345)   Resolving deltas:   8% (29/345)   Resolving deltas:   9% (34/345)   Resolving deltas:  10% (36/345)   Resolving deltas:  13% (46/345)   Resolving deltas:  15% (53/345)   Resolving deltas:  16% (56/345)   Resolving deltas:  17% (59/345)   Resolving deltas:  19% (66/345)   Resolving deltas:  20% (70/345)   Resolving deltas:  21% (74/345)   Resolving deltas:  22% (76/345)   Resolving deltas:  23% (80/345)   Resolving deltas:  24% (83/345)   Resolving deltas:  25% (89/345)   Resolving deltas:  26% (92/345)   Resolving deltas:  27% (94/345)   Resolving deltas:  32% (112/345)   Resolving deltas:  33% (116/345)   Resolving deltas:  34% (118/345)   Resolving deltas:  35% (123/345)   Resolving deltas:  36% (125/345)   Resolving deltas:  37% (131/345)   Resolving deltas:  39% (135/345)   Resolving deltas:  40% (138/345)   Resolving deltas:  41% (142/345)   Resolving deltas:  42% (145/345)   Resolving deltas:  43% (150/345)   Resolving deltas:  44% (152/345)   Resolving deltas:  45% (156/345)   Resolving deltas:  46% (159/345)   Resolving deltas:  47% (164/345)   Resolving deltas:  48% (166/345)   Resolving deltas:  50% (173/345)   Resolving deltas:  51% (177/345)   Resolving deltas:  52% (180/345)   Resolving deltas:  53% (183/345)   Resolving deltas:  54% (188/345)   Resolving deltas:  55% (190/345)   Resolving deltas:  56% (194/345)   Resolving deltas:  57% (198/345)   Resolving deltas:  58% (201/345)   Resolving deltas:  59% (204/345)   Resolving deltas:  60% (209/345)   Resolving deltas:  61% (211/345)   Resolving deltas:  62% (214/345)   Resolving deltas:  63% (218/345)   Resolving deltas:  64% (221/345)   Resolving deltas:  65% (225/345)   Resolving deltas:  67% (233/345)   Resolving deltas:  69% (239/345)   Resolving deltas:  70% (243/345)   Resolving deltas:  71% (245/345)   Resolving deltas:  74% (258/345)   Resolving deltas:  78% (271/345)   Resolving deltas:  79% (275/345)   Resolving deltas:  83% (289/345)   Resolving deltas:  84% (291/345)   Resolving deltas:  85% (294/345)   Resolving deltas:  86% (300/345)   Resolving deltas:  87% (303/345)   Resolving deltas:  88% (306/345)   Resolving deltas:  89% (308/345)   Resolving deltas:  90% (313/345)   Resolving deltas:  91% (314/345)   Resolving deltas:  92% (319/345)   Resolving deltas:  93% (321/345)   Resolving deltas:  94% (327/345)   Resolving deltas:  95% (330/345)   Resolving deltas:  96% (332/345)   Resolving deltas:  97% (335/345)   Resolving deltas:  98% (340/345)   Resolving deltas:  99% (343/345)   Resolving deltas: 100% (345/345)   Resolving deltas: 100% (345/345), done.
Checking connectivity... done.
travis_time:end:24a92630:start=1431703874376265040,finish=1431703877545500108,duration=3169235068[0K$ cd zxing/zxing
$ git checkout -qf 8bae23a923ece5e8cd63cca19a59c19a314a1209
travis_fold:end:git.checkout[0K
[33;1mThis job is running on container-based infrastructure, which does not allow use of 'sudo', setuid and setguid executables.[0m
[33;1mIf you require sudo, add 'sudo: required' to your .travis.yml[0m
[33;1mSee http://docs.travis-ci.com/user/workers/container-based-infrastructure/ for details.[0m

[33;1mSetting environment variables from .travis.yml[0m
$ export COVERITY_SCAN_TOKEN=[secure]

travis_fold:start:cache.1[0KSetting up build cache
$ export CASHER_DIR=$HOME/.casher
travis_time:start:318f1b98[0K$ Installing caching utilities
travis_time:end:318f1b98:start=1431703881513775674,finish=1431703881651988851,duration=138213177[0Ktravis_time:start:0041db87[0Kattempting to download cache archive
fetching master/cache--jdk-oraclejdk8.tbz
found cache
travis_time:end:0041db87:start=1431703881657374736,finish=1431703884332347094,duration=2674972358[0Ktravis_time:start:05d69720[0Kadding /home/travis/.m2 to cache
travis_time:end:05d69720:start=1431703884336800115,finish=1431703897956079231,duration=13619279116[0Ktravis_fold:end:cache.1[0K$ jdk_switcher use oraclejdk8
Switching to Oracle JDK8 (java-8-oracle), JAVA_HOME will be set to /usr/lib/jvm/java-8-oracle
$ java -Xmx32m -version
java version "1.8.0_31"
Java(TM) SE Runtime Environment (build 1.8.0_31-b13)
Java HotSpot(TM) 64-Bit Server VM (build 25.31-b07, mixed mode)
$ javac -J-Xmx32m -version
javac 1.8.0_31
travis_fold:start:install[0Ktravis_time:start:2208b9c6[0K$ mvn install -DskipTests=true -Dmaven.javadoc.skip=true -B -V
Java HotSpot(TM) 64-Bit Server VM warning: ignoring option MaxPermSize=192m; support was removed in 8.0
Apache Maven 3.2.5 (12a6b3acb947671f09b81f49094c53f426d8cea1; 2014-12-14T17:29:23+00:00)
Maven home: /usr/local/maven
Java version: 1.8.0_31, vendor: Oracle Corporation
Java home: /usr/lib/jvm/java-8-oracle/jre
Default locale: en_US, platform encoding: UTF-8
OS name: "linux", version: "3.13.0-40-generic", arch: "amd64", family: "unix"
[INFO] Scanning for projects...
[INFO] ------------------------------------------------------------------------
[INFO] Reactor Build Order:
[INFO] 
[INFO] ZXing
[INFO] ZXing Core
[INFO] ZXing Java SE extensions
[INFO] ZXing Android Core
[INFO] ZXing Android Integration lib
[INFO] ZXing Appspot-based encoder
[INFO] ZXing zxing.org web app
[INFO]                                                                         
[INFO] ------------------------------------------------------------------------
[INFO] Building ZXing 3.2.1-SNAPSHOT
[INFO] ------------------------------------------------------------------------
[INFO] Downloading: https://repo.maven.apache.org/maven2/org/apache/maven/plugins/maven-checkstyle-plugin/2.15/maven-checkstyle-plugin-2.15.pom
[INFO] Downloaded: https://repo.maven.apache.org/maven2/org/apache/maven/plugins/maven-checkstyle-plugin/2.15/maven-checkstyle-plugin-2.15.pom (14 KB at 19.0 KB/sec)
[INFO] Downloading: https://repo.maven.apache.org/maven2/org/apache/maven/plugins/maven-checkstyle-plugin/2.15/maven-checkstyle-plugin-2.15.jar
[INFO] Downloaded: https://repo.maven.apache.org/maven2/org/apache/maven/plugins/maven-checkstyle-plugin/2.15/maven-checkstyle-plugin-2.15.jar (109 KB at 682.0 KB/sec)
[INFO] Downloading: https://repo.maven.apache.org/maven2/org/apache/rat/apache-rat-plugin/0.11/apache-rat-plugin-0.11.pom
[INFO] Downloaded: https://repo.maven.apache.org/maven2/org/apache/rat/apache-rat-plugin/0.11/apache-rat-plugin-0.11.pom (10 KB at 195.8 KB/sec)
[INFO] Downloading: https://repo.maven.apache.org/maven2/org/apache/rat/apache-rat-project/0.11/apache-rat-project-0.11.pom
[INFO] Downloaded: https://repo.maven.apache.org/maven2/org/apache/rat/apache-rat-project/0.11/apache-rat-project-0.11.pom (21 KB at 494.9 KB/sec)
[INFO] Downloading: https://repo.maven.apache.org/maven2/org/apache/rat/apache-rat-plugin/0.11/apache-rat-plugin-0.11.jar
[INFO] Downloaded: https://repo.maven.apache.org/maven2/org/apache/rat/apache-rat-plugin/0.11/apache-rat-plugin-0.11.jar (43 KB at 538.9 KB/sec)
[INFO] 
[INFO] --- maven-checkstyle-plugin:2.15:check (validate) @ zxing-parent ---
[INFO] Downloading: https://repo.maven.apache.org/maven2/org/apache/maven/reporting/maven-reporting-impl/2.3/maven-reporting-impl-2.3.pom
[INFO] Downloaded: https://repo.maven.apache.org/maven2/org/apache/maven/reporting/maven-reporting-impl/2.3/maven-reporting-impl-2.3.pom (5 KB at 174.4 KB/sec)
[INFO] Downloading: https://repo.maven.apache.org/maven2/org/apache/maven/shared/maven-shared-resources/2/maven-shared-resources-2.pom
[INFO] Downloaded: https://repo.maven.apache.org/maven2/org/apache/maven/shared/maven-shared-resources/2/maven-shared-resources-2.pom (3 KB at 180.4 KB/sec)
[INFO] Downloading: https://repo.maven.apache.org/maven2/org/apache/maven/doxia/doxia-integration-tools/1.6/doxia-integration-tools-1.6.pom
[INFO] Downloaded: https://repo.maven.apache.org/maven2/org/apache/maven/doxia/doxia-integration-tools/1.6/doxia-integration-tools-1.6.pom (7 KB at 199.8 KB/sec)
[INFO] Downloading: https://repo.maven.apache.org/maven2/org/apache/maven/doxia/doxia-tools/3/doxia-tools-3.pom
[INFO] Downloaded: https://repo.maven.apache.org/maven2/org/apache/maven/doxia/doxia-tools/3/doxia-tools-3.pom (10 KB at 461.7 KB/sec)
[INFO] Downloading: https://repo.maven.apache.org/maven2/org/codehaus/plexus/plexus-resources/1.0.1/plexus-resources-1.0.1.pom
[INFO] Downloaded: https://repo.maven.apache.org/maven2/org/codehaus/plexus/plexus-resources/1.0.1/plexus-resources-1.0.1.pom (2 KB at 25.2 KB/sec)
[INFO] Downloading: https://repo.maven.apache.org/maven2/org/codehaus/plexus/plexus-velocity/1.1.8/plexus-velocity-1.1.8.pom
[INFO] Downloaded: https://repo.maven.apache.org/maven2/org/codehaus/plexus/plexus-velocity/1.1.8/plexus-velocity-1.1.8.pom (2 KB at 55.2 KB/sec)
[INFO] Downloading: https://repo.maven.apache.org/maven2/org/codehaus/plexus/plexus-components/1.1.15/plexus-components-1.1.15.pom
[INFO] Downloaded: https://repo.maven.apache.org/maven2/org/codehaus/plexus/plexus-components/1.1.15/plexus-components-1.1.15.pom (3 KB at 278.1 KB/sec)
[INFO] Downloading: https://repo.maven.apache.org/maven2/com/puppycrawl/tools/checkstyle/6.1.1/checkstyle-6.1.1.pom
[INFO] Downloaded: https://repo.maven.apache.org/maven2/com/puppycrawl/tools/checkstyle/6.1.1/checkstyle-6.1.1.pom (30 KB at 690.7 KB/sec)
[INFO] Downloading: https://repo.maven.apache.org/maven2/antlr/antlr/2.7.7/antlr-2.7.7.pom
[INFO] Downloaded: https://repo.maven.apache.org/maven2/antlr/antlr/2.7.7/antlr-2.7.7.pom (632 B at 41.1 KB/sec)
[INFO] Downloading: https://repo.maven.apache.org/maven2/org/antlr/antlr4-runtime/4.3/antlr4-runtime-4.3.pom
[INFO] Downloaded: https://repo.maven.apache.org/maven2/org/antlr/antlr4-runtime/4.3/antlr4-runtime-4.3.pom (5 KB at 203.3 KB/sec)
[INFO] Downloading: https://repo.maven.apache.org/maven2/org/antlr/antlr4-master/4.3/antlr4-master-4.3.pom
[INFO] Downloaded: https://repo.maven.apache.org/maven2/org/antlr/antlr4-master/4.3/antlr4-master-4.3.pom (8 KB at 309.6 KB/sec)
[INFO] Downloading: https://repo.maven.apache.org/maven2/org/abego/treelayout/org.abego.treelayout.core/1.0.1/org.abego.treelayout.core-1.0.1.pom
[INFO] Downloaded: https://repo.maven.apache.org/maven2/org/abego/treelayout/org.abego.treelayout.core/1.0.1/org.abego.treelayout.core-1.0.1.pom (4 KB at 101.0 KB/sec)
[INFO] Downloading: https://repo.maven.apache.org/maven2/org/antlr/antlr4-annotations/4.3/antlr4-annotations-4.3.pom
[INFO] Downloaded: https://repo.maven.apache.org/maven2/org/antlr/antlr4-annotations/4.3/antlr4-annotations-4.3.pom (2 KB at 124.2 KB/sec)
[INFO] Downloading: https://repo.maven.apache.org/maven2/commons-beanutils/commons-beanutils-core/1.8.3/commons-beanutils-core-1.8.3.pom
[INFO] Downloaded: https://repo.maven.apache.org/maven2/commons-beanutils/commons-beanutils-core/1.8.3/commons-beanutils-core-1.8.3.pom (2 KB at 114.3 KB/sec)
[INFO] Downloading: https://repo.maven.apache.org/maven2/org/apache/maven/reporting/maven-reporting-impl/2.3/maven-reporting-impl-2.3.jar
[INFO] Downloading: https://repo.maven.apache.org/maven2/org/apache/maven/shared/maven-shared-resources/2/maven-shared-resources-2.jar
[INFO] Downloading: https://repo.maven.apache.org/maven2/org/apache/maven/doxia/doxia-integration-tools/1.6/doxia-integration-tools-1.6.jar
[INFO] Downloading: https://repo.maven.apache.org/maven2/org/apache/maven/shared/maven-shared-utils/0.6/maven-shared-utils-0.6.jar
[INFO] Downloading: https://repo.maven.apache.org/maven2/org/codehaus/plexus/plexus-resources/1.0.1/plexus-resources-1.0.1.jar
[INFO] Downloaded: https://repo.maven.apache.org/maven2/org/apache/maven/doxia/doxia-integration-tools/1.6/doxia-integration-tools-1.6.jar (44 KB at 235.6 KB/sec)
[INFO] Downloading: https://repo.maven.apache.org/maven2/org/codehaus/plexus/plexus-velocity/1.1.8/plexus-velocity-1.1.8.jar
[INFO] Downloaded: https://repo.maven.apache.org/maven2/org/apache/maven/reporting/maven-reporting-impl/2.3/maven-reporting-impl-2.3.jar (18 KB at 53.5 KB/sec)
[INFO] Downloading: https://repo.maven.apache.org/maven2/com/puppycrawl/tools/checkstyle/6.1.1/checkstyle-6.1.1.jar
[INFO] Downloaded: https://repo.maven.apache.org/maven2/org/codehaus/plexus/plexus-resources/1.0.1/plexus-resources-1.0.1.jar (22 KB at 84.5 KB/sec)
[INFO] Downloading: https://repo.maven.apache.org/maven2/antlr/antlr/2.7.7/antlr-2.7.7.jar
[INFO] Downloaded: https://repo.maven.apache.org/maven2/org/codehaus/plexus/plexus-velocity/1.1.8/plexus-velocity-1.1.8.jar (8 KB at 34.1 KB/sec)
[INFO] Downloading: https://repo.maven.apache.org/maven2/org/antlr/antlr4-runtime/4.3/antlr4-runtime-4.3.jar
[INFO] Downloaded: https://repo.maven.apache.org/maven2/org/apache/maven/shared/maven-shared-resources/2/maven-shared-resources-2.jar (13 KB at 43.5 KB/sec)
[INFO] Downloading: https://repo.maven.apache.org/maven2/org/abego/treelayout/org.abego.treelayout.core/1.0.1/org.abego.treelayout.core-1.0.1.jar
[INFO] Downloaded: https://repo.maven.apache.org/maven2/org/abego/treelayout/org.abego.treelayout.core/1.0.1/org.abego.treelayout.core-1.0.1.jar (25 KB at 55.9 KB/sec)
[INFO] Downloading: https://repo.maven.apache.org/maven2/org/antlr/antlr4-annotations/4.3/antlr4-annotations-4.3.jar
[INFO] Downloaded: https://repo.maven.apache.org/maven2/org/antlr/antlr4-annotations/4.3/antlr4-annotations-4.3.jar (10 KB at 21.3 KB/sec)
[INFO] Downloading: https://repo.maven.apache.org/maven2/commons-beanutils/commons-beanutils-core/1.8.3/commons-beanutils-core-1.8.3.jar
[INFO] Downloaded: https://repo.maven.apache.org/maven2/org/apache/maven/shared/maven-shared-utils/0.6/maven-shared-utils-0.6.jar (161 KB at 273.0 KB/sec)
[INFO] Downloaded: https://repo.maven.apache.org/maven2/commons-beanutils/commons-beanutils-core/1.8.3/commons-beanutils-core-1.8.3.jar (202 KB at 248.6 KB/sec)
[INFO] Downloaded: https://repo.maven.apache.org/maven2/org/antlr/antlr4-runtime/4.3/antlr4-runtime-4.3.jar (337 KB at 399.7 KB/sec)
[INFO] Downloaded: https://repo.maven.apache.org/maven2/antlr/antlr/2.7.7/antlr-2.7.7.jar (435 KB at 467.6 KB/sec)
[INFO] Downloaded: https://repo.maven.apache.org/maven2/com/puppycrawl/tools/checkstyle/6.1.1/checkstyle-6.1.1.jar (991 KB at 816.8 KB/sec)
[INFO] 
[INFO] --- maven-javadoc-plugin:2.10.3:jar (attach-javadocs) @ zxing-parent ---
[INFO] Skipping javadoc generation
[INFO] 
[INFO] --- maven-source-plugin:2.4:jar-no-fork (attach-sources) @ zxing-parent ---
[INFO] 
[INFO] >>> clirr-maven-plugin:2.6.1:check (check-api) > compile @ zxing-parent >>>
[INFO] 
[INFO] --- maven-checkstyle-plugin:2.15:check (validate) @ zxing-parent ---
[INFO] 
[INFO] <<< clirr-maven-plugin:2.6.1:check (check-api) < compile @ zxing-parent <<<
[INFO] 
[INFO] --- clirr-maven-plugin:2.6.1:check (check-api) @ zxing-parent ---
[INFO] Not generating Clirr report as there are no classes generated by the project
[INFO] 
[INFO] --- apache-rat-plugin:0.11:check (default) @ zxing-parent ---
[INFO] Downloading: https://repo.maven.apache.org/maven2/org/apache/rat/apache-rat-core/0.11/apache-rat-core-0.11.pom
[INFO] Downloaded: https://repo.maven.apache.org/maven2/org/apache/rat/apache-rat-core/0.11/apache-rat-core-0.11.pom (5 KB at 13.2 KB/sec)
[INFO] Downloading: https://repo.maven.apache.org/maven2/org/apache/commons/commons-compress/1.5/commons-compress-1.5.pom
[INFO] Downloaded: https://repo.maven.apache.org/maven2/org/apache/commons/commons-compress/1.5/commons-compress-1.5.pom (11 KB at 575.6 KB/sec)
[INFO] Downloading: https://repo.maven.apache.org/maven2/org/apache/commons/commons-parent/28/commons-parent-28.pom
[INFO] Downloaded: https://repo.maven.apache.org/maven2/org/apache/commons/commons-parent/28/commons-parent-28.pom (49 KB at 1194.5 KB/sec)
[INFO] Downloading: https://repo.maven.apache.org/maven2/org/apache/maven/shared/maven-plugin-testing-harness/1.1/maven-plugin-testing-harness-1.1.pom
[INFO] Downloaded: https://repo.maven.apache.org/maven2/org/apache/maven/shared/maven-plugin-testing-harness/1.1/maven-plugin-testing-harness-1.1.pom (7 KB at 229.1 KB/sec)
[INFO] Downloading: https://repo.maven.apache.org/maven2/org/apache/maven/shared/maven-shared-components/7/maven-shared-components-7.pom
[INFO] Downloaded: https://repo.maven.apache.org/maven2/org/apache/maven/shared/maven-shared-components/7/maven-shared-components-7.pom (3 KB at 211.5 KB/sec)
[INFO] Downloading: https://repo.maven.apache.org/maven2/org/apache/maven/maven-project/2.0/maven-project-2.0.pom
[INFO] Downloaded: https://repo.maven.apache.org/maven2/org/apache/maven/maven-project/2.0/maven-project-2.0.pom (2 KB at 114.1 KB/sec)
[INFO] Downloading: https://repo.maven.apache.org/maven2/org/apache/maven/maven/2.0/maven-2.0.pom
[INFO] Downloaded: https://repo.maven.apache.org/maven2/org/apache/maven/maven/2.0/maven-2.0.pom (9 KB at 356.8 KB/sec)
[INFO] Downloading: https://repo.maven.apache.org/maven2/org/apache/maven/maven-profile/2.0/maven-profile-2.0.pom
[INFO] Downloaded: https://repo.maven.apache.org/maven2/org/apache/maven/maven-profile/2.0/maven-profile-2.0.pom (2 KB at 89.3 KB/sec)
[INFO] Downloading: https://repo.maven.apache.org/maven2/org/apache/maven/maven-model/2.0/maven-model-2.0.pom
[INFO] Downloaded: https://repo.maven.apache.org/maven2/org/apache/maven/maven-model/2.0/maven-model-2.0.pom (3 KB at 123.7 KB/sec)
[INFO] Downloading: https://repo.maven.apache.org/maven2/org/apache/maven/maven-artifact-manager/2.0/maven-artifact-manager-2.0.pom
[INFO] Downloaded: https://repo.maven.apache.org/maven2/org/apache/maven/maven-artifact-manager/2.0/maven-artifact-manager-2.0.pom (2 KB at 101.3 KB/sec)
[INFO] Downloading: https://repo.maven.apache.org/maven2/org/apache/maven/maven-repository-metadata/2.0/maven-repository-metadata-2.0.pom
[INFO] Downloaded: https://repo.maven.apache.org/maven2/org/apache/maven/maven-repository-metadata/2.0/maven-repository-metadata-2.0.pom (2 KB at 108.9 KB/sec)
[INFO] Downloading: https://repo.maven.apache.org/maven2/org/apache/maven/maven-artifact/2.0/maven-artifact-2.0.pom
[INFO] Downloaded: https://repo.maven.apache.org/maven2/org/apache/maven/maven-artifact/2.0/maven-artifact-2.0.pom (723 B at 32.1 KB/sec)
[INFO] Downloading: https://repo.maven.apache.org/maven2/org/apache/maven/maven-core/2.0/maven-core-2.0.pom
[INFO] Downloaded: https://repo.maven.apache.org/maven2/org/apache/maven/maven-core/2.0/maven-core-2.0.pom (6 KB at 156.1 KB/sec)
[INFO] Downloading: https://repo.maven.apache.org/maven2/org/apache/maven/maven-settings/2.0/maven-settings-2.0.pom
[INFO] Downloaded: https://repo.maven.apache.org/maven2/org/apache/maven/maven-settings/2.0/maven-settings-2.0.pom (2 KB at 96.3 KB/sec)
[INFO] Downloading: https://repo.maven.apache.org/maven2/org/apache/maven/maven-plugin-parameter-documenter/2.0/maven-plugin-parameter-documenter-2.0.pom
[INFO] Downloaded: https://repo.maven.apache.org/maven2/org/apache/maven/maven-plugin-parameter-documenter/2.0/maven-plugin-parameter-documenter-2.0.pom (2 KB at 62.1 KB/sec)
[INFO] Downloading: https://repo.maven.apache.org/maven2/org/apache/maven/reporting/maven-reporting-api/2.0/maven-reporting-api-2.0.pom
[INFO] Downloaded: https://repo.maven.apache.org/maven2/org/apache/maven/reporting/maven-reporting-api/2.0/maven-reporting-api-2.0.pom (2 KB at 51.6 KB/sec)
[INFO] Downloading: https://repo.maven.apache.org/maven2/org/apache/maven/reporting/maven-reporting/2.0/maven-reporting-2.0.pom
[INFO] Downloaded: https://repo.maven.apache.org/maven2/org/apache/maven/reporting/maven-reporting/2.0/maven-reporting-2.0.pom (504 B at 49.2 KB/sec)
[INFO] Downloading: https://repo.maven.apache.org/maven2/doxia/doxia-sink-api/1.0-alpha-4/doxia-sink-api-1.0-alpha-4.pom
[INFO] Downloaded: https://repo.maven.apache.org/maven2/doxia/doxia-sink-api/1.0-alpha-4/doxia-sink-api-1.0-alpha-4.pom (2 KB at 82.1 KB/sec)
[INFO] Downloading: https://repo.maven.apache.org/maven2/org/apache/maven/maven-error-diagnostics/2.0/maven-error-diagnostics-2.0.pom
[INFO] Downloaded: https://repo.maven.apache.org/maven2/org/apache/maven/maven-error-diagnostics/2.0/maven-error-diagnostics-2.0.pom (812 B at 44.1 KB/sec)
[INFO] Downloading: https://repo.maven.apache.org/maven2/org/apache/maven/maven-plugin-registry/2.0/maven-plugin-registry-2.0.pom
[INFO] Downloaded: https://repo.maven.apache.org/maven2/org/apache/maven/maven-plugin-registry/2.0/maven-plugin-registry-2.0.pom (2 KB at 156.7 KB/sec)
[INFO] Downloading: https://repo.maven.apache.org/maven2/org/apache/maven/maven-plugin-api/2.0/maven-plugin-api-2.0.pom
[INFO] Downloaded: https://repo.maven.apache.org/maven2/org/apache/maven/maven-plugin-api/2.0/maven-plugin-api-2.0.pom (601 B at 58.7 KB/sec)
[INFO] Downloading: https://repo.maven.apache.org/maven2/org/apache/maven/maven-plugin-descriptor/2.0/maven-plugin-descriptor-2.0.pom
[INFO] Downloaded: https://repo.maven.apache.org/maven2/org/apache/maven/maven-plugin-descriptor/2.0/maven-plugin-descriptor-2.0.pom (2 KB at 75.1 KB/sec)
[INFO] Downloading: https://repo.maven.apache.org/maven2/org/apache/maven/maven-monitor/2.0/maven-monitor-2.0.pom
[INFO] Downloaded: https://repo.maven.apache.org/maven2/org/apache/maven/maven-monitor/2.0/maven-monitor-2.0.pom (400 B at 39.1 KB/sec)
[INFO] Downloading: https://repo.maven.apache.org/maven2/org/codehaus/plexus/plexus-archiver/1.0-alpha-7/plexus-archiver-1.0-alpha-7.pom
[INFO] Downloaded: https://repo.maven.apache.org/maven2/org/codehaus/plexus/plexus-archiver/1.0-alpha-7/plexus-archiver-1.0-alpha-7.pom (2 KB at 24.3 KB/sec)
[INFO] Downloading: https://repo.maven.apache.org/maven2/org/codehaus/plexus/plexus-components/1.1.6/plexus-components-1.1.6.pom
[INFO] Downloaded: https://repo.maven.apache.org/maven2/org/codehaus/plexus/plexus-components/1.1.6/plexus-components-1.1.6.pom (2 KB at 204.9 KB/sec)
[INFO] Downloading: https://repo.maven.apache.org/maven2/org/codehaus/plexus/plexus-utils/1.2/plexus-utils-1.2.pom
[INFO] Downloaded: https://repo.maven.apache.org/maven2/org/codehaus/plexus/plexus-utils/1.2/plexus-utils-1.2.pom (767 B at 44.1 KB/sec)
[INFO] Downloading: https://repo.maven.apache.org/maven2/org/codehaus/plexus/plexus/1.0.5/plexus-1.0.5.pom
[INFO] Downloaded: https://repo.maven.apache.org/maven2/org/codehaus/plexus/plexus/1.0.5/plexus-1.0.5.pom (6 KB at 483.6 KB/sec)
[INFO] Downloading: https://repo.maven.apache.org/maven2/org/apache/maven/doxia/doxia-core/1.6/doxia-core-1.6.jar
[INFO] Downloading: https://repo.maven.apache.org/maven2/xmlunit/xmlunit/1.5/xmlunit-1.5.jar
[INFO] Downloading: https://repo.maven.apache.org/maven2/org/apache/rat/apache-rat-core/0.11/apache-rat-core-0.11.jar
[INFO] Downloading: https://repo.maven.apache.org/maven2/org/apache/commons/commons-compress/1.5/commons-compress-1.5.jar
[INFO] Downloading: https://repo.maven.apache.org/maven2/org/apache/maven/doxia/doxia-decoration-model/1.2/doxia-decoration-model-1.2.jar
[INFO] Downloaded: https://repo.maven.apache.org/maven2/xmlunit/xmlunit/1.5/xmlunit-1.5.jar (96 KB at 476.9 KB/sec)
[INFO] Downloading: https://repo.maven.apache.org/maven2/org/apache/maven/doxia/doxia-sink-api/1.2/doxia-sink-api-1.2.jar
[INFO] Downloaded: https://repo.maven.apache.org/maven2/org/apache/maven/doxia/doxia-decoration-model/1.2/doxia-decoration-model-1.2.jar (59 KB at 299.2 KB/sec)
[INFO] Downloading: https://repo.maven.apache.org/maven2/org/apache/maven/doxia/doxia-site-renderer/1.2/doxia-site-renderer-1.2.jar
[INFO] Downloaded: https://repo.maven.apache.org/maven2/org/apache/maven/doxia/doxia-sink-api/1.2/doxia-sink-api-1.2.jar (11 KB at 47.3 KB/sec)
[INFO] Downloading: https://repo.maven.apache.org/maven2/org/apache/maven/doxia/doxia-module-xhtml/1.2/doxia-module-xhtml-1.2.jar
[INFO] Downloaded: https://repo.maven.apache.org/maven2/org/apache/rat/apache-rat-core/0.11/apache-rat-core-0.11.jar (116 KB at 447.3 KB/sec)
[INFO] Downloading: https://repo.maven.apache.org/maven2/org/apache/maven/doxia/doxia-module-fml/1.2/doxia-module-fml-1.2.jar
[INFO] Downloaded: https://repo.maven.apache.org/maven2/org/apache/maven/doxia/doxia-module-xhtml/1.2/doxia-module-xhtml-1.2.jar (15 KB at 47.4 KB/sec)
[INFO] Downloading: https://repo.maven.apache.org/maven2/org/apache/maven/shared/maven-plugin-testing-harness/1.1/maven-plugin-testing-harness-1.1.jar
[INFO] Downloaded: https://repo.maven.apache.org/maven2/org/apache/maven/doxia/doxia-core/1.6/doxia-core-1.6.jar (159 KB at 415.5 KB/sec)
[INFO] Downloading: https://repo.maven.apache.org/maven2/org/codehaus/plexus/plexus-archiver/1.0-alpha-7/plexus-archiver-1.0-alpha-7.jar
[INFO] Downloaded: https://repo.maven.apache.org/maven2/org/apache/maven/doxia/doxia-site-renderer/1.2/doxia-site-renderer-1.2.jar (51 KB at 145.8 KB/sec)
[INFO] Downloading: https://repo.maven.apache.org/maven2/org/codehaus/plexus/plexus-utils/3.0.8/plexus-utils-3.0.8.jar
[INFO] Downloaded: https://repo.maven.apache.org/maven2/org/apache/maven/doxia/doxia-module-fml/1.2/doxia-module-fml-1.2.jar (37 KB at 101.3 KB/sec)
[INFO] Downloaded: https://repo.maven.apache.org/maven2/org/apache/maven/shared/maven-plugin-testing-harness/1.1/maven-plugin-testing-harness-1.1.jar (32 KB at 80.1 KB/sec)
[INFO] Downloaded: https://repo.maven.apache.org/maven2/org/apache/commons/commons-compress/1.5/commons-compress-1.5.jar (251 KB at 499.5 KB/sec)
[INFO] Downloaded: https://repo.maven.apache.org/maven2/org/codehaus/plexus/plexus-archiver/1.0-alpha-7/plexus-archiver-1.0-alpha-7.jar (139 KB at 262.2 KB/sec)
[INFO] Downloaded: https://repo.maven.apache.org/maven2/org/codehaus/plexus/plexus-utils/3.0.8/plexus-utils-3.0.8.jar (227 KB at 387.7 KB/sec)
[INFO] 57 implicit excludes (use -debug for more details).
[INFO] Exclude: **/.*
[INFO] Exclude: **/.settings/**
[INFO] Exclude: **/*.iml
[INFO] Exclude: **/*.md
[INFO] Exclude: **/*.textile
[INFO] Exclude: **/*.txt
[INFO] Exclude: **/*.html
[INFO] Exclude: **/*.js
[INFO] Exclude: **/*.css
[INFO] Exclude: **/*.properties
[INFO] Exclude: **/*.cfg
[INFO] Exclude: **/*.config
[INFO] Exclude: **/*.yaml
[INFO] Exclude: **/gen/**
[INFO] Exclude: **/resources/**
[INFO] Exclude: **/symbolMaps/**
[INFO] Exclude: **/target/**
[INFO] Exclude: **/dependency-reduced-pom.xml
[INFO] Exclude: private/**
[INFO] Exclude: CHANGES
[INFO] Exclude: false
[INFO] 181 resources included (use -debug for more details)
[INFO] Rat check: Summary of files. Unapproved: 0 unknown: 0 generated: 0 approved: 158 licence.
[INFO] 
[INFO] --- maven-install-plugin:2.5.2:install (default-install) @ zxing-parent ---
[INFO] Installing /home/travis/build/zxing/zxing/pom.xml to /home/travis/.m2/repository/com/google/zxing/zxing-parent/3.2.1-SNAPSHOT/zxing-parent-3.2.1-SNAPSHOT.pom
[INFO]                                                                         
[INFO] ------------------------------------------------------------------------
[INFO] Building ZXing Core 3.2.1-SNAPSHOT
[INFO] ------------------------------------------------------------------------
[INFO] 
[INFO] --- maven-checkstyle-plugin:2.15:check (validate) @ core ---
[INFO] 
[INFO] --- maven-resources-plugin:2.7:resources (default-resources) @ core ---
[INFO] Using 'UTF-8' encoding to copy filtered resources.
[INFO] skip non existing resourceDirectory /home/travis/build/zxing/zxing/core/src/main/resources
[INFO] 
[INFO] --- maven-compiler-plugin:3.3:compile (default-compile) @ core ---
[INFO] Changes detected - recompiling the module!
[INFO] Compiling 229 source files to /home/travis/build/zxing/zxing/core/target/classes
[INFO] 
[INFO] --- maven-resources-plugin:2.7:testResources (default-testResources) @ core ---
[INFO] Using 'UTF-8' encoding to copy filtered resources.
[INFO] Copying 2292 resources
[INFO] 
[INFO] --- maven-compiler-plugin:3.3:testCompile (default-testCompile) @ core ---
[INFO] Changes detected - recompiling the module!
[INFO] Compiling 126 source files to /home/travis/build/zxing/zxing/core/target/test-classes
[INFO] 
[INFO] --- maven-surefire-plugin:2.18.1:test (default-test) @ core ---
[INFO] Tests are skipped.
[INFO] 
[INFO] --- maven-jar-plugin:2.6:jar (default-jar) @ core ---
[INFO] Building jar: /home/travis/build/zxing/zxing/core/target/core-3.2.1-SNAPSHOT.jar
[INFO] 
[INFO] --- maven-javadoc-plugin:2.10.3:jar (attach-javadocs) @ core ---
[INFO] Skipping javadoc generation
[INFO] 
[INFO] --- maven-source-plugin:2.4:jar-no-fork (attach-sources) @ core ---
[INFO] Building jar: /home/travis/build/zxing/zxing/core/target/core-3.2.1-SNAPSHOT-sources.jar
[INFO] 
[INFO] --- maven-dependency-plugin:2.10:copy (copy-android) @ core ---
[INFO] Configured Artifact: com.google.zxing:core:3.2.1-SNAPSHOT:jar
[INFO] Copying core-3.2.1-SNAPSHOT.jar to /home/travis/build/zxing/zxing/android/libs/core-3.2.1-SNAPSHOT.jar
[INFO] 
[INFO] --- maven-dependency-plugin:2.10:copy (copy-androidtest) @ core ---
[INFO] Configured Artifact: com.google.zxing:core:3.2.1-SNAPSHOT:jar
[INFO] Copying core-3.2.1-SNAPSHOT.jar to /home/travis/build/zxing/zxing/androidtest/libs/core-3.2.1-SNAPSHOT.jar
[INFO] 
[INFO] >>> clirr-maven-plugin:2.6.1:check (check-api) > compile @ core >>>
[INFO] 
[INFO] --- maven-checkstyle-plugin:2.15:check (validate) @ core ---
[INFO] 
[INFO] --- maven-resources-plugin:2.7:resources (default-resources) @ core ---
[INFO] Using 'UTF-8' encoding to copy filtered resources.
[INFO] skip non existing resourceDirectory /home/travis/build/zxing/zxing/core/src/main/resources
[INFO] 
[INFO] --- maven-compiler-plugin:3.3:compile (default-compile) @ core ---
[INFO] Nothing to compile - all classes are up to date
[INFO] 
[INFO] <<< clirr-maven-plugin:2.6.1:check (check-api) < compile @ core <<<
[INFO] 
[INFO] --- clirr-maven-plugin:2.6.1:check (check-api) @ core ---
[INFO] artifact com.google.zxing:core: checking for updates from central
[WARNING] *** CHECKSUM FAILED - Checksum failed on download: local = '2d1def36d543a9a772f9cf1bf0791517ce83ff63'; remote = '4642f9967bbb7e0c502185eecef52c0d75845c36' - RETRYING
[WARNING] *** CHECKSUM FAILED - Checksum failed on download: local = '2d1def36d543a9a772f9cf1bf0791517ce83ff63'; remote = '4642f9967bbb7e0c502185eecef52c0d75845c36' - IGNORING
[INFO] artifact com.google.zxing:core: checking for updates from sonatype
[INFO] artifact com.google.zxing:core: checking for updates from sonatype-snapshots
[INFO] artifact com.google.zxing:core: checking for updates from sonatype-apache
[INFO] artifact com.google.zxing:core: checking for updates from apache-snapshots
[INFO] artifact com.google.zxing:core: checking for updates from codehaus-snapshots
[INFO] artifact com.google.zxing:core: checking for updates from sonatype
[INFO] artifact com.google.zxing:core: checking for updates from sonatype-snapshots
[INFO] artifact com.google.zxing:core: checking for updates from sonatype-apache
[INFO] artifact com.google.zxing:core: checking for updates from apache-snapshots
[INFO] artifact com.google.zxing:core: checking for updates from codehaus-snapshots
[INFO] Comparing to version: 3.2.0
[INFO] Succeeded with 0 errors; 0 warnings; and 0 other changes.
[INFO] 
[INFO] --- apache-rat-plugin:0.11:check (default) @ core ---
[INFO] 51 implicit excludes (use -debug for more details).
[INFO] Exclude: **/.*
[INFO] Exclude: **/.settings/**
[INFO] Exclude: **/*.iml
[INFO] Exclude: **/*.md
[INFO] Exclude: **/*.textile
[INFO] Exclude: **/*.txt
[INFO] Exclude: **/*.html
[INFO] Exclude: **/*.js
[INFO] Exclude: **/*.css
[INFO] Exclude: **/*.properties
[INFO] Exclude: **/*.cfg
[INFO] Exclude: **/*.config
[INFO] Exclude: **/*.yaml
[INFO] Exclude: **/gen/**
[INFO] Exclude: **/resources/**
[INFO] Exclude: **/symbolMaps/**
[INFO] Exclude: **/target/**
[INFO] Exclude: **/dependency-reduced-pom.xml
[INFO] Exclude: private/**
[INFO] Exclude: CHANGES
[INFO] Exclude: false
[INFO] 356 resources included (use -debug for more details)
[INFO] Rat check: Summary of files. Unapproved: 0 unknown: 0 generated: 0 approved: 356 licence.
[INFO] 
[INFO] --- maven-install-plugin:2.5.2:install (default-install) @ core ---
[INFO] Installing /home/travis/build/zxing/zxing/core/target/core-3.2.1-SNAPSHOT.jar to /home/travis/.m2/repository/com/google/zxing/core/3.2.1-SNAPSHOT/core-3.2.1-SNAPSHOT.jar
[INFO] Installing /home/travis/build/zxing/zxing/core/pom.xml to /home/travis/.m2/repository/com/google/zxing/core/3.2.1-SNAPSHOT/core-3.2.1-SNAPSHOT.pom
[INFO] Installing /home/travis/build/zxing/zxing/core/target/core-3.2.1-SNAPSHOT-sources.jar to /home/travis/.m2/repository/com/google/zxing/core/3.2.1-SNAPSHOT/core-3.2.1-SNAPSHOT-sources.jar
[INFO]                                                                         
[INFO] ------------------------------------------------------------------------
[INFO] Building ZXing Java SE extensions 3.2.1-SNAPSHOT
[INFO] ------------------------------------------------------------------------
[INFO] 
[INFO] --- maven-checkstyle-plugin:2.15:check (validate) @ javase ---
[INFO] 
[INFO] --- maven-resources-plugin:2.7:resources (default-resources) @ javase ---
[INFO] Using 'UTF-8' encoding to copy filtered resources.
[INFO] skip non existing resourceDirectory /home/travis/build/zxing/zxing/javase/src/main/resources
[INFO] 
[INFO] --- maven-compiler-plugin:3.3:compile (default-compile) @ javase ---
[INFO] Changes detected - recompiling the module!
[INFO] Compiling 12 source files to /home/travis/build/zxing/zxing/javase/target/classes
[INFO] 
[INFO] --- maven-resources-plugin:2.7:testResources (default-testResources) @ javase ---
[INFO] Using 'UTF-8' encoding to copy filtered resources.
[INFO] skip non existing resourceDirectory /home/travis/build/zxing/zxing/javase/src/test/resources
[INFO] 
[INFO] --- maven-compiler-plugin:3.3:testCompile (default-testCompile) @ javase ---
[INFO] No sources to compile
[INFO] 
[INFO] --- maven-surefire-plugin:2.18.1:test (default-test) @ javase ---
[INFO] Tests are skipped.
[INFO] 
[INFO] --- maven-jar-plugin:2.6:jar (default-jar) @ javase ---
[INFO] Building jar: /home/travis/build/zxing/zxing/javase/target/javase-3.2.1-SNAPSHOT.jar
[INFO] 
[INFO] --- maven-javadoc-plugin:2.10.3:jar (attach-javadocs) @ javase ---
[INFO] Skipping javadoc generation
[INFO] 
[INFO] --- maven-source-plugin:2.4:jar-no-fork (attach-sources) @ javase ---
[INFO] Building jar: /home/travis/build/zxing/zxing/javase/target/javase-3.2.1-SNAPSHOT-sources.jar
[INFO] 
[INFO] >>> clirr-maven-plugin:2.6.1:check (check-api) > compile @ javase >>>
[INFO] 
[INFO] --- maven-checkstyle-plugin:2.15:check (validate) @ javase ---
[INFO] 
[INFO] --- maven-resources-plugin:2.7:resources (default-resources) @ javase ---
[INFO] Using 'UTF-8' encoding to copy filtered resources.
[INFO] skip non existing resourceDirectory /home/travis/build/zxing/zxing/javase/src/main/resources
[INFO] 
[INFO] --- maven-compiler-plugin:3.3:compile (default-compile) @ javase ---
[INFO] Nothing to compile - all classes are up to date
[INFO] 
[INFO] <<< clirr-maven-plugin:2.6.1:check (check-api) < compile @ javase <<<
[INFO] 
[INFO] --- clirr-maven-plugin:2.6.1:check (check-api) @ javase ---
[INFO] artifact com.google.zxing:javase: checking for updates from central
[WARNING] *** CHECKSUM FAILED - Checksum failed on download: local = 'e0052b4764028114ddd8a11fc4088006e582c458'; remote = '04e4ba83e346ec62a9aa58fadca1a1053ced36c8' - RETRYING
[WARNING] *** CHECKSUM FAILED - Checksum failed on download: local = 'e0052b4764028114ddd8a11fc4088006e582c458'; remote = '04e4ba83e346ec62a9aa58fadca1a1053ced36c8' - IGNORING
[INFO] artifact com.google.zxing:javase: checking for updates from sonatype
[INFO] artifact com.google.zxing:javase: checking for updates from sonatype-snapshots
[INFO] artifact com.google.zxing:javase: checking for updates from sonatype-apache
[INFO] artifact com.google.zxing:javase: checking for updates from apache-snapshots
[INFO] artifact com.google.zxing:javase: checking for updates from codehaus-snapshots
[INFO] artifact com.google.zxing:javase: checking for updates from sonatype
[INFO] artifact com.google.zxing:javase: checking for updates from sonatype-snapshots
[INFO] artifact com.google.zxing:javase: checking for updates from sonatype-apache
[INFO] artifact com.google.zxing:javase: checking for updates from apache-snapshots
[INFO] artifact com.google.zxing:javase: checking for updates from codehaus-snapshots
[INFO] Comparing to version: 3.2.0
[INFO] Succeeded with 0 errors; 0 warnings; and 0 other changes.
[INFO] 
[INFO] --- apache-rat-plugin:0.11:check (default) @ javase ---
[INFO] 51 implicit excludes (use -debug for more details).
[INFO] Exclude: **/.*
[INFO] Exclude: **/.settings/**
[INFO] Exclude: **/*.iml
[INFO] Exclude: **/*.md
[INFO] Exclude: **/*.textile
[INFO] Exclude: **/*.txt
[INFO] Exclude: **/*.html
[INFO] Exclude: **/*.js
[INFO] Exclude: **/*.css
[INFO] Exclude: **/*.properties
[INFO] Exclude: **/*.cfg
[INFO] Exclude: **/*.config
[INFO] Exclude: **/*.yaml
[INFO] Exclude: **/gen/**
[INFO] Exclude: **/resources/**
[INFO] Exclude: **/symbolMaps/**
[INFO] Exclude: **/target/**
[INFO] Exclude: **/dependency-reduced-pom.xml
[INFO] Exclude: private/**
[INFO] Exclude: CHANGES
[INFO] Exclude: false
[INFO] 13 resources included (use -debug for more details)
[INFO] Rat check: Summary of files. Unapproved: 0 unknown: 0 generated: 0 approved: 13 licence.
[INFO] 
[INFO] --- maven-install-plugin:2.5.2:install (default-install) @ javase ---
[INFO] Installing /home/travis/build/zxing/zxing/javase/target/javase-3.2.1-SNAPSHOT.jar to /home/travis/.m2/repository/com/google/zxing/javase/3.2.1-SNAPSHOT/javase-3.2.1-SNAPSHOT.jar
[INFO] Installing /home/travis/build/zxing/zxing/javase/pom.xml to /home/travis/.m2/repository/com/google/zxing/javase/3.2.1-SNAPSHOT/javase-3.2.1-SNAPSHOT.pom
[INFO] Installing /home/travis/build/zxing/zxing/javase/target/javase-3.2.1-SNAPSHOT-sources.jar to /home/travis/.m2/repository/com/google/zxing/javase/3.2.1-SNAPSHOT/javase-3.2.1-SNAPSHOT-sources.jar
[INFO]                                                                         
[INFO] ------------------------------------------------------------------------
[INFO] Building ZXing Android Core 3.2.1-SNAPSHOT
[INFO] ------------------------------------------------------------------------
[INFO] 
[INFO] --- maven-checkstyle-plugin:2.15:check (validate) @ android-core ---
[INFO] 
[INFO] --- maven-resources-plugin:2.7:resources (default-resources) @ android-core ---
[INFO] Using 'UTF-8' encoding to copy filtered resources.
[INFO] skip non existing resourceDirectory /home/travis/build/zxing/zxing/android-core/src/main/resources
[INFO] 
[INFO] --- maven-compiler-plugin:3.3:compile (default-compile) @ android-core ---
[INFO] Changes detected - recompiling the module!
[INFO] Compiling 1 source file to /home/travis/build/zxing/zxing/android-core/target/classes
[INFO] 
[INFO] --- maven-resources-plugin:2.7:testResources (default-testResources) @ android-core ---
[INFO] Using 'UTF-8' encoding to copy filtered resources.
[INFO] skip non existing resourceDirectory /home/travis/build/zxing/zxing/android-core/src/test/resources
[INFO] 
[INFO] --- maven-compiler-plugin:3.3:testCompile (default-testCompile) @ android-core ---
[INFO] No sources to compile
[INFO] 
[INFO] --- maven-surefire-plugin:2.18.1:test (default-test) @ android-core ---
[INFO] Tests are skipped.
[INFO] 
[INFO] --- maven-jar-plugin:2.6:jar (default-jar) @ android-core ---
[INFO] Building jar: /home/travis/build/zxing/zxing/android-core/target/android-core-3.2.1-SNAPSHOT.jar
[INFO] 
[INFO] --- maven-javadoc-plugin:2.10.3:jar (attach-javadocs) @ android-core ---
[INFO] Skipping javadoc generation
[INFO] 
[INFO] --- maven-source-plugin:2.4:jar-no-fork (attach-sources) @ android-core ---
[INFO] Building jar: /home/travis/build/zxing/zxing/android-core/target/android-core-3.2.1-SNAPSHOT-sources.jar
[INFO] 
[INFO] >>> clirr-maven-plugin:2.6.1:check (check-api) > compile @ android-core >>>
[INFO] 
[INFO] --- maven-checkstyle-plugin:2.15:check (validate) @ android-core ---
[INFO] 
[INFO] --- maven-resources-plugin:2.7:resources (default-resources) @ android-core ---
[INFO] Using 'UTF-8' encoding to copy filtered resources.
[INFO] skip non existing resourceDirectory /home/travis/build/zxing/zxing/android-core/src/main/resources
[INFO] 
[INFO] --- maven-compiler-plugin:3.3:compile (default-compile) @ android-core ---
[INFO] Nothing to compile - all classes are up to date
[INFO] 
[INFO] <<< clirr-maven-plugin:2.6.1:check (check-api) < compile @ android-core <<<
[INFO] 
[INFO] --- clirr-maven-plugin:2.6.1:check (check-api) @ android-core ---
[INFO] artifact com.google.zxing:android-core: checking for updates from central
[WARNING] *** CHECKSUM FAILED - Checksum failed on download: local = '6830274531f41915b303b3e110957a38527f837a'; remote = '5e1bb954b366cbcf3eda58b108d7f39aec961744' - RETRYING
[WARNING] *** CHECKSUM FAILED - Checksum failed on download: local = '6830274531f41915b303b3e110957a38527f837a'; remote = '5e1bb954b366cbcf3eda58b108d7f39aec961744' - IGNORING
[INFO] artifact com.google.zxing:android-core: checking for updates from sonatype
[INFO] artifact com.google.zxing:android-core: checking for updates from sonatype-snapshots
[INFO] artifact com.google.zxing:android-core: checking for updates from sonatype-apache
[INFO] artifact com.google.zxing:android-core: checking for updates from apache-snapshots
[INFO] artifact com.google.zxing:android-core: checking for updates from codehaus-snapshots
[INFO] artifact com.google.zxing:android-core: checking for updates from sonatype
[INFO] artifact com.google.zxing:android-core: checking for updates from sonatype-snapshots
[INFO] artifact com.google.zxing:android-core: checking for updates from sonatype-apache
[INFO] artifact com.google.zxing:android-core: checking for updates from apache-snapshots
[INFO] artifact com.google.zxing:android-core: checking for updates from codehaus-snapshots
[INFO] Comparing to version: 3.2.0
[INFO] Succeeded with 0 errors; 0 warnings; and 0 other changes.
[INFO] 
[INFO] --- apache-rat-plugin:0.11:check (default) @ android-core ---
[INFO] 51 implicit excludes (use -debug for more details).
[INFO] Exclude: **/.*
[INFO] Exclude: **/.settings/**
[INFO] Exclude: **/*.iml
[INFO] Exclude: **/*.md
[INFO] Exclude: **/*.textile
[INFO] Exclude: **/*.txt
[INFO] Exclude: **/*.html
[INFO] Exclude: **/*.js
[INFO] Exclude: **/*.css
[INFO] Exclude: **/*.properties
[INFO] Exclude: **/*.cfg
[INFO] Exclude: **/*.config
[INFO] Exclude: **/*.yaml
[INFO] Exclude: **/gen/**
[INFO] Exclude: **/resources/**
[INFO] Exclude: **/symbolMaps/**
[INFO] Exclude: **/target/**
[INFO] Exclude: **/dependency-reduced-pom.xml
[INFO] Exclude: private/**
[INFO] Exclude: CHANGES
[INFO] Exclude: false
[INFO] 2 resources included (use -debug for more details)
[INFO] Rat check: Summary of files. Unapproved: 0 unknown: 0 generated: 0 approved: 2 licence.
[INFO] 
[INFO] --- maven-install-plugin:2.5.2:install (default-install) @ android-core ---
[INFO] Installing /home/travis/build/zxing/zxing/android-core/target/android-core-3.2.1-SNAPSHOT.jar to /home/travis/.m2/repository/com/google/zxing/android-core/3.2.1-SNAPSHOT/android-core-3.2.1-SNAPSHOT.jar
[INFO] Installing /home/travis/build/zxing/zxing/android-core/pom.xml to /home/travis/.m2/repository/com/google/zxing/android-core/3.2.1-SNAPSHOT/android-core-3.2.1-SNAPSHOT.pom
[INFO] Installing /home/travis/build/zxing/zxing/android-core/target/android-core-3.2.1-SNAPSHOT-sources.jar to /home/travis/.m2/repository/com/google/zxing/android-core/3.2.1-SNAPSHOT/android-core-3.2.1-SNAPSHOT-sources.jar
[INFO]                                                                         
[INFO] ------------------------------------------------------------------------
[INFO] Building ZXing Android Integration lib 3.2.1-SNAPSHOT
[INFO] ------------------------------------------------------------------------
[INFO] 
[INFO] --- maven-checkstyle-plugin:2.15:check (validate) @ android-integration ---
[INFO] 
[INFO] --- maven-resources-plugin:2.7:resources (default-resources) @ android-integration ---
[INFO] Using 'UTF-8' encoding to copy filtered resources.
[INFO] skip non existing resourceDirectory /home/travis/build/zxing/zxing/android-integration/src/main/resources
[INFO] 
[INFO] --- maven-compiler-plugin:3.3:compile (default-compile) @ android-integration ---
[INFO] Changes detected - recompiling the module!
[INFO] Compiling 2 source files to /home/travis/build/zxing/zxing/android-integration/target/classes
[INFO] 
[INFO] --- maven-resources-plugin:2.7:testResources (default-testResources) @ android-integration ---
[INFO] Using 'UTF-8' encoding to copy filtered resources.
[INFO] skip non existing resourceDirectory /home/travis/build/zxing/zxing/android-integration/src/test/resources
[INFO] 
[INFO] --- maven-compiler-plugin:3.3:testCompile (default-testCompile) @ android-integration ---
[INFO] No sources to compile
[INFO] 
[INFO] --- maven-surefire-plugin:2.18.1:test (default-test) @ android-integration ---
[INFO] Tests are skipped.
[INFO] 
[INFO] --- maven-jar-plugin:2.6:jar (default-jar) @ android-integration ---
[INFO] Building jar: /home/travis/build/zxing/zxing/android-integration/target/android-integration-3.2.1-SNAPSHOT.jar
[INFO] 
[INFO] --- maven-javadoc-plugin:2.10.3:jar (attach-javadocs) @ android-integration ---
[INFO] Skipping javadoc generation
[INFO] 
[INFO] --- maven-source-plugin:2.4:jar-no-fork (attach-sources) @ android-integration ---
[INFO] Building jar: /home/travis/build/zxing/zxing/android-integration/target/android-integration-3.2.1-SNAPSHOT-sources.jar
[INFO] 
[INFO] --- maven-dependency-plugin:2.10:copy (copy-androidtest) @ android-integration ---
[INFO] Configured Artifact: com.google.zxing:android-integration:3.2.1-SNAPSHOT:jar
[INFO] Copying android-integration-3.2.1-SNAPSHOT.jar to /home/travis/build/zxing/zxing/androidtest/libs/android-integration-3.2.1-SNAPSHOT.jar
[INFO] 
[INFO] >>> clirr-maven-plugin:2.6.1:check (check-api) > compile @ android-integration >>>
[INFO] 
[INFO] --- maven-checkstyle-plugin:2.15:check (validate) @ android-integration ---
[INFO] 
[INFO] --- maven-resources-plugin:2.7:resources (default-resources) @ android-integration ---
[INFO] Using 'UTF-8' encoding to copy filtered resources.
[INFO] skip non existing resourceDirectory /home/travis/build/zxing/zxing/android-integration/src/main/resources
[INFO] 
[INFO] --- maven-compiler-plugin:3.3:compile (default-compile) @ android-integration ---
[INFO] Nothing to compile - all classes are up to date
[INFO] 
[INFO] <<< clirr-maven-plugin:2.6.1:check (check-api) < compile @ android-integration <<<
[INFO] 
[INFO] --- clirr-maven-plugin:2.6.1:check (check-api) @ android-integration ---
[INFO] artifact com.google.zxing:android-integration: checking for updates from central
[WARNING] *** CHECKSUM FAILED - Checksum failed on download: local = 'ba3b769a98ad7ba6f4e7eaf300859986ac26993d'; remote = '555e7ad18012a7bceba69db278866172daa0f87f' - RETRYING
[WARNING] *** CHECKSUM FAILED - Checksum failed on download: local = 'ba3b769a98ad7ba6f4e7eaf300859986ac26993d'; remote = '555e7ad18012a7bceba69db278866172daa0f87f' - IGNORING
[INFO] artifact com.google.zxing:android-integration: checking for updates from sonatype
[INFO] artifact com.google.zxing:android-integration: checking for updates from sonatype-snapshots
[INFO] artifact com.google.zxing:android-integration: checking for updates from sonatype-apache
[INFO] artifact com.google.zxing:android-integration: checking for updates from apache-snapshots
[INFO] artifact com.google.zxing:android-integration: checking for updates from codehaus-snapshots
[INFO] artifact com.google.zxing:android-integration: checking for updates from sonatype
[INFO] artifact com.google.zxing:android-integration: checking for updates from sonatype-snapshots
[INFO] artifact com.google.zxing:android-integration: checking for updates from sonatype-apache
[INFO] artifact com.google.zxing:android-integration: checking for updates from apache-snapshots
[INFO] artifact com.google.zxing:android-integration: checking for updates from codehaus-snapshots
[INFO] Comparing to version: 3.2.0
[INFO] Succeeded with 0 errors; 0 warnings; and 0 other changes.
[INFO] 
[INFO] --- apache-rat-plugin:0.11:check (default) @ android-integration ---
[INFO] 51 implicit excludes (use -debug for more details).
[INFO] Exclude: **/.*
[INFO] Exclude: **/.settings/**
[INFO] Exclude: **/*.iml
[INFO] Exclude: **/*.md
[INFO] Exclude: **/*.textile
[INFO] Exclude: **/*.txt
[INFO] Exclude: **/*.html
[INFO] Exclude: **/*.js
[INFO] Exclude: **/*.css
[INFO] Exclude: **/*.properties
[INFO] Exclude: **/*.cfg
[INFO] Exclude: **/*.config
[INFO] Exclude: **/*.yaml
[INFO] Exclude: **/gen/**
[INFO] Exclude: **/resources/**
[INFO] Exclude: **/symbolMaps/**
[INFO] Exclude: **/target/**
[INFO] Exclude: **/dependency-reduced-pom.xml
[INFO] Exclude: private/**
[INFO] Exclude: CHANGES
[INFO] Exclude: false
[INFO] 3 resources included (use -debug for more details)
[INFO] Rat check: Summary of files. Unapproved: 0 unknown: 0 generated: 0 approved: 3 licence.
[INFO] 
[INFO] --- maven-install-plugin:2.5.2:install (default-install) @ android-integration ---
[INFO] Installing /home/travis/build/zxing/zxing/android-integration/target/android-integration-3.2.1-SNAPSHOT.jar to /home/travis/.m2/repository/com/google/zxing/android-integration/3.2.1-SNAPSHOT/android-integration-3.2.1-SNAPSHOT.jar
[INFO] Installing /home/travis/build/zxing/zxing/android-integration/pom.xml to /home/travis/.m2/repository/com/google/zxing/android-integration/3.2.1-SNAPSHOT/android-integration-3.2.1-SNAPSHOT.pom
[INFO] Installing /home/travis/build/zxing/zxing/android-integration/target/android-integration-3.2.1-SNAPSHOT-sources.jar to /home/travis/.m2/repository/com/google/zxing/android-integration/3.2.1-SNAPSHOT/android-integration-3.2.1-SNAPSHOT-sources.jar
[INFO]                                                                         
[INFO] ------------------------------------------------------------------------
[INFO] Building ZXing Appspot-based encoder 3.2.1-SNAPSHOT
[INFO] ------------------------------------------------------------------------
[INFO] 
[INFO] --- maven-checkstyle-plugin:2.15:check (validate) @ zxing.appspot.com ---
[INFO] 
[INFO] --- maven-resources-plugin:2.7:resources (default-resources) @ zxing.appspot.com ---
[INFO] Using 'UTF-8' encoding to copy filtered resources.
[INFO] Copying 1 resource
[INFO] 
[INFO] --- maven-compiler-plugin:3.3:compile (default-compile) @ zxing.appspot.com ---
[INFO] Changes detected - recompiling the module!
[INFO] Compiling 16 source files to /home/travis/build/zxing/zxing/zxing.appspot.com/target/classes
[INFO] 
[INFO] --- maven-resources-plugin:2.7:testResources (default-testResources) @ zxing.appspot.com ---
[INFO] Using 'UTF-8' encoding to copy filtered resources.
[INFO] skip non existing resourceDirectory /home/travis/build/zxing/zxing/zxing.appspot.com/src/test/resources
[INFO] 
[INFO] --- maven-compiler-plugin:3.3:testCompile (default-testCompile) @ zxing.appspot.com ---
[INFO] No sources to compile
[INFO] 
[INFO] --- maven-surefire-plugin:2.18.1:test (default-test) @ zxing.appspot.com ---
[INFO] Tests are skipped.
[INFO] 
[INFO] --- gwt-maven-plugin:2.7.0:compile (default) @ zxing.appspot.com ---
[INFO] auto discovered modules [com.google.zxing.web.generator.Generator]
[ERROR] May 15, 2015 3:32:52 PM java.util.prefs.FileSystemPreferences$1 run
[ERROR] INFO: Created user preferences directory.
[INFO] Compiling module com.google.zxing.web.generator.Generator
[INFO]    Compiling 5 permutations
[INFO]       Compiling permutation 0...
[INFO]       Process output
[INFO]          Compiling
[INFO]             Compiling permutation 3...
[INFO]       Process output
[INFO]          Compiling
[INFO]             Compiling permutation 1...
[INFO]       Process output
[INFO]          Compiling
[INFO]             Compiling permutation 4...
[INFO]       Process output
[INFO]          Compiling
[INFO]             Compiling permutation 2...
[INFO]    Compile of permutations succeeded
[INFO]    Compilation succeeded -- 65.437s
[INFO] Linking into /home/travis/build/zxing/zxing/zxing.appspot.com/src/main/webapp/generator
[INFO]    Link succeeded
[INFO]    Linking succeeded -- 1.087s
[INFO] 
[INFO] --- maven-war-plugin:2.6:war (default-war) @ zxing.appspot.com ---
[INFO] Packaging webapp
[INFO] Assembling webapp [zxing.appspot.com] in [/home/travis/build/zxing/zxing/zxing.appspot.com/target/zxing.appspot.com-3.2.1-SNAPSHOT]
[INFO] Processing war project
[INFO] Copying webapp resources [/home/travis/build/zxing/zxing/zxing.appspot.com/src/main/webapp]
[INFO] Webapp assembled in [201 msecs]
[INFO] Building war: /home/travis/build/zxing/zxing/zxing.appspot.com/target/zxing.appspot.com-3.2.1-SNAPSHOT.war
[INFO] 
[INFO] --- maven-javadoc-plugin:2.10.3:jar (attach-javadocs) @ zxing.appspot.com ---
[INFO] Skipping javadoc generation
[INFO] 
[INFO] --- maven-source-plugin:2.4:jar-no-fork (attach-sources) @ zxing.appspot.com ---
[INFO] Building jar: /home/travis/build/zxing/zxing/zxing.appspot.com/target/zxing.appspot.com-3.2.1-SNAPSHOT-sources.jar
[INFO] 
[INFO] >>> clirr-maven-plugin:2.6.1:check (check-api) > compile @ zxing.appspot.com >>>
[INFO] 
[INFO] --- maven-checkstyle-plugin:2.15:check (validate) @ zxing.appspot.com ---
[INFO] 
[INFO] --- maven-resources-plugin:2.7:resources (default-resources) @ zxing.appspot.com ---
[INFO] Using 'UTF-8' encoding to copy filtered resources.
[INFO] Copying 1 resource
[INFO] 
[INFO] --- maven-compiler-plugin:3.3:compile (default-compile) @ zxing.appspot.com ---
[INFO] Nothing to compile - all classes are up to date
[INFO] 
[INFO] <<< clirr-maven-plugin:2.6.1:check (check-api) < compile @ zxing.appspot.com <<<
[INFO] 
[INFO] --- clirr-maven-plugin:2.6.1:check (check-api) @ zxing.appspot.com ---
[INFO] artifact com.google.zxing:zxing.appspot.com: checking for updates from central
[WARNING] *** CHECKSUM FAILED - Checksum failed on download: local = 'd25d0f36545bcb20a0edb32501a348fcf5822d3f'; remote = 'ec03fe2c2134a24c6e9ad38d055753e0d61cc556' - RETRYING
[WARNING] *** CHECKSUM FAILED - Checksum failed on download: local = 'd25d0f36545bcb20a0edb32501a348fcf5822d3f'; remote = 'ec03fe2c2134a24c6e9ad38d055753e0d61cc556' - IGNORING
[INFO] artifact com.google.zxing:zxing.appspot.com: checking for updates from sonatype
[INFO] artifact com.google.zxing:zxing.appspot.com: checking for updates from sonatype-snapshots
[INFO] artifact com.google.zxing:zxing.appspot.com: checking for updates from sonatype-apache
[INFO] artifact com.google.zxing:zxing.appspot.com: checking for updates from apache-snapshots
[INFO] artifact com.google.zxing:zxing.appspot.com: checking for updates from codehaus-snapshots
[INFO] artifact com.google.zxing:zxing.appspot.com: checking for updates from sonatype
[INFO] artifact com.google.zxing:zxing.appspot.com: checking for updates from sonatype-snapshots
[INFO] artifact com.google.zxing:zxing.appspot.com: checking for updates from sonatype-apache
[INFO] artifact com.google.zxing:zxing.appspot.com: checking for updates from apache-snapshots
[INFO] artifact com.google.zxing:zxing.appspot.com: checking for updates from codehaus-snapshots
[INFO] Comparing to version: 3.2.0
[INFO] Succeeded with 0 errors; 0 warnings; and 0 other changes.
[INFO] 
[INFO] --- apache-rat-plugin:0.11:check (default) @ zxing.appspot.com ---
[INFO] 51 implicit excludes (use -debug for more details).
[INFO] Exclude: **/.*
[INFO] Exclude: **/.settings/**
[INFO] Exclude: **/*.iml
[INFO] Exclude: **/*.md
[INFO] Exclude: **/*.textile
[INFO] Exclude: **/*.txt
[INFO] Exclude: **/*.html
[INFO] Exclude: **/*.js
[INFO] Exclude: **/*.css
[INFO] Exclude: **/*.properties
[INFO] Exclude: **/*.cfg
[INFO] Exclude: **/*.config
[INFO] Exclude: **/*.yaml
[INFO] Exclude: **/gen/**
[INFO] Exclude: **/resources/**
[INFO] Exclude: **/symbolMaps/**
[INFO] Exclude: **/target/**
[INFO] Exclude: **/dependency-reduced-pom.xml
[INFO] Exclude: private/**
[INFO] Exclude: CHANGES
[INFO] Exclude: false
[INFO] 39 resources included (use -debug for more details)
[INFO] Rat check: Summary of files. Unapproved: 0 unknown: 0 generated: 0 approved: 19 licence.
[INFO] 
[INFO] --- maven-install-plugin:2.5.2:install (default-install) @ zxing.appspot.com ---
[INFO] Installing /home/travis/build/zxing/zxing/zxing.appspot.com/target/zxing.appspot.com-3.2.1-SNAPSHOT.war to /home/travis/.m2/repository/com/google/zxing/zxing.appspot.com/3.2.1-SNAPSHOT/zxing.appspot.com-3.2.1-SNAPSHOT.war
[INFO] Installing /home/travis/build/zxing/zxing/zxing.appspot.com/pom.xml to /home/travis/.m2/repository/com/google/zxing/zxing.appspot.com/3.2.1-SNAPSHOT/zxing.appspot.com-3.2.1-SNAPSHOT.pom
[INFO] Installing /home/travis/build/zxing/zxing/zxing.appspot.com/target/zxing.appspot.com-3.2.1-SNAPSHOT-sources.jar to /home/travis/.m2/repository/com/google/zxing/zxing.appspot.com/3.2.1-SNAPSHOT/zxing.appspot.com-3.2.1-SNAPSHOT-sources.jar
[INFO]                                                                         
[INFO] ------------------------------------------------------------------------
[INFO] Building ZXing zxing.org web app 3.2.1-SNAPSHOT
[INFO] ------------------------------------------------------------------------
[INFO] 
[INFO] --- maven-checkstyle-plugin:2.15:check (validate) @ zxingorg ---
[INFO] 
[INFO] --- maven-resources-plugin:2.7:resources (default-resources) @ zxingorg ---
[INFO] Using 'UTF-8' encoding to copy filtered resources.
[INFO] Copying 1 resource
[INFO] 
[INFO] --- maven-compiler-plugin:3.3:compile (default-compile) @ zxingorg ---
[INFO] Changes detected - recompiling the module!
[INFO] Compiling 7 source files to /home/travis/build/zxing/zxing/zxingorg/target/classes
[INFO] 
[INFO] --- maven-resources-plugin:2.7:testResources (default-testResources) @ zxingorg ---
[INFO] Using 'UTF-8' encoding to copy filtered resources.
[INFO] skip non existing resourceDirectory /home/travis/build/zxing/zxing/zxingorg/src/test/resources
[INFO] 
[INFO] --- maven-compiler-plugin:3.3:testCompile (default-testCompile) @ zxingorg ---
[INFO] No sources to compile
[INFO] 
[INFO] --- maven-surefire-plugin:2.18.1:test (default-test) @ zxingorg ---
[INFO] Tests are skipped.
[INFO] 
[INFO] --- maven-war-plugin:2.6:war (default-war) @ zxingorg ---
[INFO] Packaging webapp
[INFO] Assembling webapp [zxingorg] in [/home/travis/build/zxing/zxing/zxingorg/target/zxingorg-3.2.1-SNAPSHOT]
[INFO] Processing war project
[INFO] Copying webapp resources [/home/travis/build/zxing/zxing/zxingorg/src/web]
[INFO] Webapp assembled in [41 msecs]
[INFO] Building war: /home/travis/build/zxing/zxing/zxingorg/target/zxingorg-3.2.1-SNAPSHOT.war
[INFO] 
[INFO] --- maven-javadoc-plugin:2.10.3:jar (attach-javadocs) @ zxingorg ---
[INFO] Skipping javadoc generation
[INFO] 
[INFO] --- maven-source-plugin:2.4:jar-no-fork (attach-sources) @ zxingorg ---
[INFO] Building jar: /home/travis/build/zxing/zxing/zxingorg/target/zxingorg-3.2.1-SNAPSHOT-sources.jar
[INFO] 
[INFO] >>> clirr-maven-plugin:2.6.1:check (check-api) > compile @ zxingorg >>>
[INFO] 
[INFO] --- maven-checkstyle-plugin:2.15:check (validate) @ zxingorg ---
[INFO] 
[INFO] --- maven-resources-plugin:2.7:resources (default-resources) @ zxingorg ---
[INFO] Using 'UTF-8' encoding to copy filtered resources.
[INFO] Copying 1 resource
[INFO] 
[INFO] --- maven-compiler-plugin:3.3:compile (default-compile) @ zxingorg ---
[INFO] Nothing to compile - all classes are up to date
[INFO] 
[INFO] <<< clirr-maven-plugin:2.6.1:check (check-api) < compile @ zxingorg <<<
[INFO] 
[INFO] --- clirr-maven-plugin:2.6.1:check (check-api) @ zxingorg ---
[INFO] artifact com.google.zxing:zxingorg: checking for updates from central
[WARNING] *** CHECKSUM FAILED - Checksum failed on download: local = '50eeeedc8ff29053712bc7d7418f8b3c9dc606c6'; remote = '7c72462bce0d8b00e445eae3ce1ab2e8aa6c78ac' - RETRYING
[WARNING] *** CHECKSUM FAILED - Checksum failed on download: local = '50eeeedc8ff29053712bc7d7418f8b3c9dc606c6'; remote = '7c72462bce0d8b00e445eae3ce1ab2e8aa6c78ac' - IGNORING
[INFO] artifact com.google.zxing:zxingorg: checking for updates from sonatype
[INFO] artifact com.google.zxing:zxingorg: checking for updates from sonatype-snapshots
[INFO] artifact com.google.zxing:zxingorg: checking for updates from sonatype-apache
[INFO] artifact com.google.zxing:zxingorg: checking for updates from apache-snapshots
[INFO] artifact com.google.zxing:zxingorg: checking for updates from codehaus-snapshots
[INFO] artifact com.google.zxing:zxingorg: checking for updates from sonatype
[INFO] artifact com.google.zxing:zxingorg: checking for updates from sonatype-snapshots
[INFO] artifact com.google.zxing:zxingorg: checking for updates from sonatype-apache
[INFO] artifact com.google.zxing:zxingorg: checking for updates from apache-snapshots
[INFO] artifact com.google.zxing:zxingorg: checking for updates from codehaus-snapshots
[INFO] Comparing to version: 3.2.0
[INFO] Succeeded with 0 errors; 0 warnings; and 0 other changes.
[INFO] 
[INFO] --- apache-rat-plugin:0.11:check (default) @ zxingorg ---
[INFO] 51 implicit excludes (use -debug for more details).
[INFO] Exclude: **/.*
[INFO] Exclude: **/.settings/**
[INFO] Exclude: **/*.iml
[INFO] Exclude: **/*.md
[INFO] Exclude: **/*.textile
[INFO] Exclude: **/*.txt
[INFO] Exclude: **/*.html
[INFO] Exclude: **/*.js
[INFO] Exclude: **/*.css
[INFO] Exclude: **/*.properties
[INFO] Exclude: **/*.cfg
[INFO] Exclude: **/*.config
[INFO] Exclude: **/*.yaml
[INFO] Exclude: **/gen/**
[INFO] Exclude: **/resources/**
[INFO] Exclude: **/symbolMaps/**
[INFO] Exclude: **/target/**
[INFO] Exclude: **/dependency-reduced-pom.xml
[INFO] Exclude: private/**
[INFO] Exclude: CHANGES
[INFO] Exclude: false
[INFO] 14 resources included (use -debug for more details)
[INFO] Rat check: Summary of files. Unapproved: 0 unknown: 0 generated: 0 approved: 12 licence.
[INFO] 
[INFO] --- maven-install-plugin:2.5.2:install (default-install) @ zxingorg ---
[INFO] Installing /home/travis/build/zxing/zxing/zxingorg/target/zxingorg-3.2.1-SNAPSHOT.war to /home/travis/.m2/repository/com/google/zxing/zxingorg/3.2.1-SNAPSHOT/zxingorg-3.2.1-SNAPSHOT.war
[INFO] Installing /home/travis/build/zxing/zxing/zxingorg/pom.xml to /home/travis/.m2/repository/com/google/zxing/zxingorg/3.2.1-SNAPSHOT/zxingorg-3.2.1-SNAPSHOT.pom
[INFO] Installing /home/travis/build/zxing/zxing/zxingorg/target/zxingorg-3.2.1-SNAPSHOT-sources.jar to /home/travis/.m2/repository/com/google/zxing/zxingorg/3.2.1-SNAPSHOT/zxingorg-3.2.1-SNAPSHOT-sources.jar
[INFO] ------------------------------------------------------------------------
[INFO] Reactor Summary:
[INFO] 
[INFO] ZXing .............................................. SUCCESS [ 14.451 s]
[INFO] ZXing Core ......................................... SUCCESS [ 33.716 s]
[INFO] ZXing Java SE extensions ........................... SUCCESS [ 10.241 s]
[INFO] ZXing Android Core ................................. SUCCESS [  6.294 s]
[INFO] ZXing Android Integration lib ...................... SUCCESS [  3.009 s]
[INFO] ZXing Appspot-based encoder ........................ SUCCESS [01:20 min]
[INFO] ZXing zxing.org web app ............................ SUCCESS [  5.650 s]
[INFO] ------------------------------------------------------------------------
[INFO] BUILD SUCCESS
[INFO] ------------------------------------------------------------------------
[INFO] Total time: 02:33 min
[INFO] Finished at: 2015-05-15T15:34:14+00:00
[INFO] Final Memory: 45M/366M
[INFO] ------------------------------------------------------------------------
travis_time:end:2208b9c6:start=1431703898423326199,finish=1431704067178959450,duration=168755633251[0Ktravis_fold:end:install[0Kcoverity_scan:start$ export PROJECT_NAME=zxing/zxing
coverity_scan:endtravis_time:start:01187080[0K$ mvn ${JACOCO} test
Java HotSpot(TM) 64-Bit Server VM warning: ignoring option MaxPermSize=192m; support was removed in 8.0
[INFO] Scanning for projects...
[INFO] ------------------------------------------------------------------------
[INFO] Reactor Build Order:
[INFO] 
[INFO] ZXing
[INFO] ZXing Core
[INFO] ZXing Java SE extensions
[INFO] ZXing Android Core
[INFO] ZXing Android Integration lib
[INFO] ZXing Appspot-based encoder
[INFO] ZXing zxing.org web app
[INFO]                                                                         
[INFO] ------------------------------------------------------------------------
[INFO] Building ZXing 3.2.1-SNAPSHOT
[INFO] ------------------------------------------------------------------------
[INFO] 
[INFO] --- maven-checkstyle-plugin:2.15:check (validate) @ zxing-parent ---
[INFO]                                                                         
[INFO] ------------------------------------------------------------------------
[INFO] Building ZXing Core 3.2.1-SNAPSHOT
[INFO] ------------------------------------------------------------------------
[INFO] 
[INFO] --- maven-checkstyle-plugin:2.15:check (validate) @ core ---
[INFO] 
[INFO] --- maven-resources-plugin:2.7:resources (default-resources) @ core ---
[INFO] Using 'UTF-8' encoding to copy filtered resources.
[INFO] skip non existing resourceDirectory /home/travis/build/zxing/zxing/core/src/main/resources
[INFO] 
[INFO] --- maven-compiler-plugin:3.3:compile (default-compile) @ core ---
[INFO] Nothing to compile - all classes are up to date
[INFO] 
[INFO] --- maven-resources-plugin:2.7:testResources (default-testResources) @ core ---
[INFO] Using 'UTF-8' encoding to copy filtered resources.
[INFO] Copying 2292 resources
[INFO] 
[INFO] --- maven-compiler-plugin:3.3:testCompile (default-testCompile) @ core ---
[INFO] Nothing to compile - all classes are up to date
[INFO] 
[INFO] --- maven-surefire-plugin:2.18.1:test (default-test) @ core ---
[INFO] Surefire report directory: /home/travis/build/zxing/zxing/core/target/surefire-reports

-------------------------------------------------------
 T E S T S
-------------------------------------------------------
Running com.google.zxing.qrcode.QRCodeBlackBox2TestCase
INFO: Starting src/test/resources/blackbox/qrcode-2/1.png
Running com.google.zxing.oned.rss.expanded.RSSExpandedStackedBlackBox1TestCase
Running com.google.zxing.oned.Code39BlackBox1TestCase
Running com.google.zxing.oned.rss.RSS14BlackBox1TestCase
INFO: Starting src/test/resources/blackbox/rssexpandedstacked-1/1.png
INFO: Starting src/test/resources/blackbox/code39-1/1.png
INFO: Starting src/test/resources/blackbox/rss14-1/1.png
INFO: Starting src/test/resources/blackbox/rssexpandedstacked-1/10.png
INFO: Starting src/test/resources/blackbox/rss14-1/2.png
INFO: Starting src/test/resources/blackbox/rssexpandedstacked-1/11.png
INFO: Starting src/test/resources/blackbox/rssexpandedstacked-1/12.png
INFO: Starting src/test/resources/blackbox/rssexpandedstacked-1/13.png
INFO: Starting src/test/resources/blackbox/qrcode-2/10.png
INFO: Starting src/test/resources/blackbox/code39-1/2.png
INFO: Starting src/test/resources/blackbox/rss14-1/3.png
INFO: Starting src/test/resources/blackbox/qrcode-2/11.png
INFO: Starting src/test/resources/blackbox/rss14-1/4.png
INFO: Starting src/test/resources/blackbox/rss14-1/5.png
INFO: Starting src/test/resources/blackbox/qrcode-2/12.png
INFO: Starting src/test/resources/blackbox/rssexpandedstacked-1/14.png
INFO: Starting src/test/resources/blackbox/rssexpandedstacked-1/15.png
INFO: Starting src/test/resources/blackbox/code39-1/3.png
INFO: Starting src/test/resources/blackbox/rssexpandedstacked-1/16.png
INFO: Starting src/test/resources/blackbox/rss14-1/6.png
INFO: Starting src/test/resources/blackbox/code39-1/4.png
INFO: Starting src/test/resources/blackbox/rssexpandedstacked-1/17.png
INFO: Rotation 0 degrees:
INFO:  4 of 4 images passed (4 required)
INFO:  0 failed due to misreads, 0 not detected
INFO:  4 of 4 images passed with try harder (4 required)
INFO: Starting src/test/resources/blackbox/rssexpandedstacked-1/18.png
INFO:  0 failed due to misreads, 0 not detected
INFO: Rotation 180 degrees:
INFO:  4 of 4 images passed (4 required)
INFO:  0 failed due to misreads, 0 not detected
INFO:  4 of 4 images passed with try harder (4 required)
INFO:  0 failed due to misreads, 0 not detected
INFO: Decoded 16 images out of 16 (100%, 16 required)
Tests run: 1, Failures: 0, Errors: 0, Skipped: 0, Time elapsed: 5.071 sec - in com.google.zxing.oned.Code39BlackBox1TestCase
INFO: Rotation 0 degrees:
Running com.google.zxing.oned.rss.expanded.RSSExpandedBlackBox2TestCase
INFO: Starting src/test/resources/blackbox/rssexpanded-2/12.png
INFO:  6 of 6 images passed (6 required)
INFO:  0 failed due to misreads, 0 not detected
INFO:  6 of 6 images passed with try harder (6 required)
INFO:  0 failed due to misreads, 0 not detected
INFO: Rotation 180 degrees:
INFO:  6 of 6 images passed (6 required)
INFO:  0 failed due to misreads, 0 not detected
INFO:  6 of 6 images passed with try harder (6 required)
INFO:  0 failed due to misreads, 0 not detected
INFO: Decoded 24 images out of 24 (100%, 24 required)
Tests run: 1, Failures: 0, Errors: 0, Skipped: 0, Time elapsed: 5.046 sec - in com.google.zxing.oned.rss.RSS14BlackBox1TestCase
Running com.google.zxing.oned.rss.expanded.BinaryUtilTest
Tests run: 2, Failures: 0, Errors: 0, Skipped: 0, Time elapsed: 0.025 sec - in com.google.zxing.oned.rss.expanded.BinaryUtilTest
Running com.google.zxing.oned.rss.expanded.RSSExpandedImage2binaryTestCase
INFO: Starting src/test/resources/blackbox/rssexpandedstacked-1/19.png
INFO: Starting src/test/resources/blackbox/rssexpandedstacked-1/2.png
INFO: Starting src/test/resources/blackbox/rssexpandedstacked-1/20.png
INFO: Starting src/test/resources/blackbox/rssexpandedstacked-1/21.png
INFO: Starting src/test/resources/blackbox/qrcode-2/13.png
INFO: Starting src/test/resources/blackbox/rssexpandedstacked-1/22.png
Tests run: 18, Failures: 0, Errors: 0, Skipped: 0, Time elapsed: 1.079 sec - in com.google.zxing.oned.rss.expanded.RSSExpandedImage2binaryTestCase
Running com.google.zxing.oned.rss.expanded.ExpandedInformationDecoderTest
Tests run: 1, Failures: 0, Errors: 0, Skipped: 0, Time elapsed: 0.062 sec - in com.google.zxing.oned.rss.expanded.ExpandedInformationDecoderTest
Running com.google.zxing.oned.rss.expanded.RSSExpandedBlackBox3TestCase
INFO: Starting src/test/resources/blackbox/rssexpanded-3/1.png
INFO: Starting src/test/resources/blackbox/rssexpanded-3/10.png
INFO: Starting src/test/resources/blackbox/rssexpanded-3/100.png
INFO: Starting src/test/resources/blackbox/rssexpanded-3/101.png
INFO: Starting src/test/resources/blackbox/rssexpanded-3/102.png
INFO: Starting src/test/resources/blackbox/rssexpandedstacked-1/23.png
INFO: Starting src/test/resources/blackbox/rssexpanded-3/103.png
INFO: Starting src/test/resources/blackbox/rssexpanded-3/104.png
INFO: Starting src/test/resources/blackbox/rssexpanded-3/105.png
INFO: Starting src/test/resources/blackbox/rssexpanded-3/106.png
INFO: Starting src/test/resources/blackbox/rssexpanded-3/107.png
INFO: Starting src/test/resources/blackbox/rssexpanded-3/108.png
INFO: Starting src/test/resources/blackbox/rssexpanded-3/109.png
INFO: Starting src/test/resources/blackbox/rssexpandedstacked-1/24.png
INFO: Starting src/test/resources/blackbox/rssexpanded-3/11.png
INFO: Starting src/test/resources/blackbox/rssexpandedstacked-1/25.png
INFO: Starting src/test/resources/blackbox/rssexpanded-2/13.png
INFO: Starting src/test/resources/blackbox/rssexpandedstacked-1/26.png
INFO: Starting src/test/resources/blackbox/rssexpanded-3/110.png
INFO: Starting src/test/resources/blackbox/rssexpandedstacked-1/27.png
INFO: Starting src/test/resources/blackbox/rssexpandedstacked-1/28.png
INFO: Starting src/test/resources/blackbox/rssexpandedstacked-1/29.png
INFO: Starting src/test/resources/blackbox/rssexpanded-3/111.png
INFO: Starting src/test/resources/blackbox/rssexpandedstacked-1/3.png
INFO: Starting src/test/resources/blackbox/rssexpandedstacked-1/30.png
INFO: Starting src/test/resources/blackbox/rssexpandedstacked-1/31.png
INFO: Starting src/test/resources/blackbox/rssexpanded-3/112.png
INFO: Starting src/test/resources/blackbox/rssexpandedstacked-1/32.png
INFO: Starting src/test/resources/blackbox/rssexpanded-3/113.png
INFO: Starting src/test/resources/blackbox/rssexpandedstacked-1/33.png
INFO: Starting src/test/resources/blackbox/rssexpanded-3/114.png
INFO: Starting src/test/resources/blackbox/rssexpandedstacked-1/34.png
INFO: Starting src/test/resources/blackbox/rssexpandedstacked-1/35.png
INFO: Starting src/test/resources/blackbox/rssexpanded-3/115.png
INFO: Starting src/test/resources/blackbox/qrcode-2/14.png
INFO: Starting src/test/resources/blackbox/rssexpandedstacked-1/36.png
INFO: Starting src/test/resources/blackbox/rssexpanded-3/116.png
INFO: Starting src/test/resources/blackbox/rssexpanded-3/117.png
INFO: Starting src/test/resources/blackbox/rssexpanded-3/12.png
INFO: Starting src/test/resources/blackbox/rssexpandedstacked-1/37.png
INFO: Starting src/test/resources/blackbox/rssexpandedstacked-1/38.png
INFO: Starting src/test/resources/blackbox/rssexpandedstacked-1/39.png
INFO: Starting src/test/resources/blackbox/rssexpandedstacked-1/4.png
INFO: Starting src/test/resources/blackbox/rssexpandedstacked-1/40.png
INFO: Starting src/test/resources/blackbox/rssexpanded-3/13.png
INFO: Starting src/test/resources/blackbox/rssexpandedstacked-1/41.png
INFO: Starting src/test/resources/blackbox/rssexpandedstacked-1/42.png
INFO: Starting src/test/resources/blackbox/rssexpandedstacked-1/43.png
INFO: Starting src/test/resources/blackbox/rssexpandedstacked-1/44.png
INFO: Starting src/test/resources/blackbox/rssexpandedstacked-1/45.png
INFO: Starting src/test/resources/blackbox/rssexpandedstacked-1/46.png
INFO: Starting src/test/resources/blackbox/rssexpandedstacked-1/47.png
INFO: Starting src/test/resources/blackbox/rssexpanded-3/14.png
INFO: Starting src/test/resources/blackbox/rssexpandedstacked-1/48.png
INFO: Starting src/test/resources/blackbox/rssexpandedstacked-1/49.png
INFO: Starting src/test/resources/blackbox/rssexpanded-3/15.png
INFO: Starting src/test/resources/blackbox/rssexpandedstacked-1/5.png
INFO: Starting src/test/resources/blackbox/rssexpandedstacked-1/50.png
INFO: Starting src/test/resources/blackbox/rssexpandedstacked-1/51.png
INFO: Starting src/test/resources/blackbox/rssexpandedstacked-1/52.png
INFO: Starting src/test/resources/blackbox/rssexpandedstacked-1/53.png
INFO: Starting src/test/resources/blackbox/rssexpanded-3/16.png
INFO: Starting src/test/resources/blackbox/rssexpandedstacked-1/54.png
INFO: Starting src/test/resources/blackbox/rssexpandedstacked-1/55.png
INFO: Starting src/test/resources/blackbox/rssexpandedstacked-1/56.png
INFO: Starting src/test/resources/blackbox/rssexpandedstacked-1/57.png
INFO: Starting src/test/resources/blackbox/rssexpanded-3/17.png
INFO: Starting src/test/resources/blackbox/rssexpandedstacked-1/58.png
INFO: Starting src/test/resources/blackbox/rssexpanded-3/18.png
INFO: Starting src/test/resources/blackbox/qrcode-2/15.png
INFO: Starting src/test/resources/blackbox/rssexpandedstacked-1/59.png
INFO: Starting src/test/resources/blackbox/rssexpanded-3/19.png
INFO: Starting src/test/resources/blackbox/rssexpanded-3/2.png
INFO: Starting src/test/resources/blackbox/rssexpandedstacked-1/6.png
INFO: Starting src/test/resources/blackbox/rssexpanded-3/20.png
INFO: Starting src/test/resources/blackbox/rssexpandedstacked-1/60.png
INFO: Starting src/test/resources/blackbox/rssexpanded-3/21.png
INFO: Starting src/test/resources/blackbox/rssexpandedstacked-1/61.png
INFO: Starting src/test/resources/blackbox/rssexpanded-3/22.png
INFO: Starting src/test/resources/blackbox/rssexpanded-3/23.png
INFO: Starting src/test/resources/blackbox/rssexpanded-3/24.png
INFO: Starting src/test/resources/blackbox/qrcode-2/16.png
INFO: Starting src/test/resources/blackbox/rssexpanded-3/25.png
INFO: Starting src/test/resources/blackbox/rssexpandedstacked-1/62.png
INFO: Starting src/test/resources/blackbox/rssexpanded-3/26.png
INFO: Starting src/test/resources/blackbox/rssexpandedstacked-1/63.png
INFO: Starting src/test/resources/blackbox/rssexpandedstacked-1/64.png
INFO: Starting src/test/resources/blackbox/rssexpanded-3/27.png
INFO: Starting src/test/resources/blackbox/rssexpandedstacked-1/7.png
INFO: Starting src/test/resources/blackbox/rssexpanded-3/28.png
INFO: Starting src/test/resources/blackbox/rssexpandedstacked-1/8.png
INFO: Starting src/test/resources/blackbox/rssexpandedstacked-1/9.png
INFO: Starting src/test/resources/blackbox/qrcode-2/17.png
INFO: Starting src/test/resources/blackbox/rssexpanded-3/29.png
INFO: Rotation 0 degrees:
INFO:  59 of 64 images passed (59 required)
INFO:  0 failed due to misreads, 5 not detected
INFO:  64 of 64 images passed with try harder (64 required)
INFO:  0 failed due to misreads, 0 not detected
INFO: Rotation 180 degrees:
INFO:  59 of 64 images passed (59 required)
INFO:  0 failed due to misreads, 5 not detected
INFO:  64 of 64 images passed with try harder (64 required)
INFO:  0 failed due to misreads, 0 not detected
INFO: Decoded 246 images out of 256 (96%, 246 required)
INFO: Starting src/test/resources/blackbox/rssexpanded-3/3.png
INFO: Starting src/test/resources/blackbox/rssexpanded-2/16.png
Tests run: 1, Failures: 0, Errors: 0, Skipped: 0, Time elapsed: 10.32 sec - in com.google.zxing.oned.rss.expanded.RSSExpandedStackedBlackBox1TestCase
INFO: Starting src/test/resources/blackbox/rssexpanded-3/30.png
Running com.google.zxing.oned.EANManufacturerOrgSupportTest
INFO: Starting src/test/resources/blackbox/rssexpanded-3/31.png
INFO: Starting src/test/resources/blackbox/qrcode-2/18.png
Tests run: 1, Failures: 0, Errors: 0, Skipped: 0, Time elapsed: 0.028 sec - in com.google.zxing.oned.EANManufacturerOrgSupportTest
Running com.google.zxing.oned.Code128BlackBox3TestCase
INFO: Starting src/test/resources/blackbox/rssexpanded-3/32.png
INFO: Starting src/test/resources/blackbox/code128-3/1.png
INFO: Starting src/test/resources/blackbox/rssexpanded-3/33.png
INFO: Starting src/test/resources/blackbox/rssexpanded-3/34.png
INFO: Starting src/test/resources/blackbox/rssexpanded-3/35.png
INFO: Starting src/test/resources/blackbox/qrcode-2/19.png
INFO: Starting src/test/resources/blackbox/rssexpanded-3/36.png
INFO: Starting src/test/resources/blackbox/code128-3/2.png
INFO: Starting src/test/resources/blackbox/rssexpanded-3/37.png
INFO: Starting src/test/resources/blackbox/rssexpanded-3/38.png
INFO: Starting src/test/resources/blackbox/rssexpanded-3/39.png
INFO: Rotation 0 degrees:
INFO:  2 of 2 images passed (2 required)
INFO:  0 failed due to misreads, 0 not detected
INFO:  2 of 2 images passed with try harder (2 required)
INFO:  0 failed due to misreads, 0 not detected
INFO: Starting src/test/resources/blackbox/rssexpanded-3/4.png
INFO: Rotation 180 degrees:
INFO:  2 of 2 images passed (2 required)
INFO:  0 failed due to misreads, 0 not detected
INFO:  2 of 2 images passed with try harder (2 required)
INFO:  0 failed due to misreads, 0 not detected
INFO: Decoded 8 images out of 8 (100%, 8 required)
Tests run: 1, Failures: 0, Errors: 0, Skipped: 0, Time elapsed: 0.168 sec - in com.google.zxing.oned.Code128BlackBox3TestCase
INFO: Starting src/test/resources/blackbox/rssexpanded-3/40.png
INFO: Starting src/test/resources/blackbox/rssexpanded-3/41.png
Running com.google.zxing.oned.EAN13BlackBox2TestCase
INFO: Starting src/test/resources/blackbox/rssexpanded-3/42.png
INFO: Starting src/test/resources/blackbox/ean13-2/01.png
INFO: Starting src/test/resources/blackbox/rssexpanded-3/43.png
INFO: Starting src/test/resources/blackbox/rssexpanded-3/44.png
INFO: Starting src/test/resources/blackbox/rssexpanded-3/45.png
INFO: Starting src/test/resources/blackbox/rssexpanded-3/46.png
INFO: Starting src/test/resources/blackbox/rssexpanded-3/47.png
INFO: Starting src/test/resources/blackbox/rssexpanded-3/48.png
INFO: Starting src/test/resources/blackbox/qrcode-2/2.png
INFO: Starting src/test/resources/blackbox/rssexpanded-3/49.png
INFO: Starting src/test/resources/blackbox/rssexpanded-3/5.png
INFO: Starting src/test/resources/blackbox/rssexpanded-3/50.png
INFO: Starting src/test/resources/blackbox/rssexpanded-3/51.png
INFO: Starting src/test/resources/blackbox/rssexpanded-3/52.png
INFO: Starting src/test/resources/blackbox/rssexpanded-3/53.png
INFO: Starting src/test/resources/blackbox/rssexpanded-3/54.png
INFO: Starting src/test/resources/blackbox/rssexpanded-3/55.png
INFO: Starting src/test/resources/blackbox/rssexpanded-3/56.png
INFO: Starting src/test/resources/blackbox/rssexpanded-3/57.png
INFO: Starting src/test/resources/blackbox/rssexpanded-3/58.png
INFO: Starting src/test/resources/blackbox/rssexpanded-3/59.png
INFO: Starting src/test/resources/blackbox/rssexpanded-3/6.png
INFO: Starting src/test/resources/blackbox/rssexpanded-3/60.png
INFO: Starting src/test/resources/blackbox/rssexpanded-3/61.png
INFO: Starting src/test/resources/blackbox/rssexpanded-3/62.png
INFO: Starting src/test/resources/blackbox/rssexpanded-3/63.png
INFO: Starting src/test/resources/blackbox/rssexpanded-3/64.png
INFO: Starting src/test/resources/blackbox/rssexpanded-3/65.png
INFO: Starting src/test/resources/blackbox/rssexpanded-3/66.png
INFO: Starting src/test/resources/blackbox/rssexpanded-3/67.png
INFO: Starting src/test/resources/blackbox/rssexpanded-3/68.png
INFO: Starting src/test/resources/blackbox/rssexpanded-3/69.png
INFO: Starting src/test/resources/blackbox/rssexpanded-3/7.png
INFO: Starting src/test/resources/blackbox/rssexpanded-3/70.png
INFO: Starting src/test/resources/blackbox/rssexpanded-3/71.png
INFO: Starting src/test/resources/blackbox/rssexpanded-3/72.png
INFO: Starting src/test/resources/blackbox/rssexpanded-3/73.png
INFO: Starting src/test/resources/blackbox/rssexpanded-3/74.png
INFO: Starting src/test/resources/blackbox/rssexpanded-3/75.png
INFO: Starting src/test/resources/blackbox/rssexpanded-2/17.png
INFO: Starting src/test/resources/blackbox/rssexpanded-3/76.png
INFO: Starting src/test/resources/blackbox/rssexpanded-3/77.png
INFO: Starting src/test/resources/blackbox/rssexpanded-3/78.png
INFO: Starting src/test/resources/blackbox/rssexpanded-3/79.png
INFO: Starting src/test/resources/blackbox/rssexpanded-3/8.png
INFO: Starting src/test/resources/blackbox/rssexpanded-3/80.png
INFO: Starting src/test/resources/blackbox/rssexpanded-3/81.png
INFO: Starting src/test/resources/blackbox/rssexpanded-3/82.png
INFO: Starting src/test/resources/blackbox/qrcode-2/20.png
INFO: Starting src/test/resources/blackbox/ean13-2/02.png
INFO: Starting src/test/resources/blackbox/rssexpanded-3/83.png
INFO: Starting src/test/resources/blackbox/rssexpanded-3/84.png
INFO: Starting src/test/resources/blackbox/rssexpanded-3/85.png
INFO: Starting src/test/resources/blackbox/rssexpanded-3/86.png
INFO: Starting src/test/resources/blackbox/rssexpanded-3/87.png
INFO: Starting src/test/resources/blackbox/rssexpanded-3/88.png
INFO: Starting src/test/resources/blackbox/qrcode-2/21.png
INFO: Starting src/test/resources/blackbox/rssexpanded-3/89.png
INFO: Starting src/test/resources/blackbox/rssexpanded-3/9.png
INFO: Starting src/test/resources/blackbox/rssexpanded-3/90.png
INFO: Starting src/test/resources/blackbox/rssexpanded-3/91.png
INFO: Starting src/test/resources/blackbox/rssexpanded-3/92.png
INFO: Starting src/test/resources/blackbox/qrcode-2/22.png
INFO: Starting src/test/resources/blackbox/rssexpanded-3/93.png
INFO: Starting src/test/resources/blackbox/rssexpanded-3/94.png
INFO: Starting src/test/resources/blackbox/rssexpanded-3/95.png
INFO: Starting src/test/resources/blackbox/rssexpanded-3/96.png
INFO: Starting src/test/resources/blackbox/rssexpanded-3/97.png
INFO: Starting src/test/resources/blackbox/rssexpanded-3/98.png
INFO: Starting src/test/resources/blackbox/rssexpanded-3/99.png
INFO: Rotation 0 degrees:
INFO:  117 of 117 images passed (117 required)
INFO:  0 failed due to misreads, 0 not detected
INFO:  117 of 117 images passed with try harder (117 required)
INFO:  0 failed due to misreads, 0 not detected
INFO: Rotation 180 degrees:
INFO:  117 of 117 images passed (117 required)
INFO:  0 failed due to misreads, 0 not detected
INFO:  117 of 117 images passed with try harder (117 required)
INFO:  0 failed due to misreads, 0 not detected
INFO: Decoded 468 images out of 468 (100%, 468 required)
Tests run: 1, Failures: 0, Errors: 0, Skipped: 0, Time elapsed: 5.301 sec - in com.google.zxing.oned.rss.expanded.RSSExpandedBlackBox3TestCase
Running com.google.zxing.oned.rss.expanded.RSSExpandedImage2resultTestCase
Tests run: 1, Failures: 0, Errors: 0, Skipped: 0, Time elapsed: 0.088 sec - in com.google.zxing.oned.rss.expanded.RSSExpandedImage2resultTestCase
Running com.google.zxing.oned.EAN13BlackBox5BlurryTestCase
INFO: Starting src/test/resources/blackbox/ean13-5/01.png
INFO: Starting src/test/resources/blackbox/qrcode-2/23.png
INFO: Starting src/test/resources/blackbox/ean13-5/02.png
INFO: Starting src/test/resources/blackbox/qrcode-2/24.png
INFO: Starting src/test/resources/blackbox/ean13-5/03.png
INFO: Starting src/test/resources/blackbox/ean13-2/03.png
INFO: Starting src/test/resources/blackbox/rssexpanded-2/18.png
INFO: Starting src/test/resources/blackbox/qrcode-2/25.png
INFO: Starting src/test/resources/blackbox/ean13-5/04.png
INFO: Starting src/test/resources/blackbox/qrcode-2/26.png
INFO: Starting src/test/resources/blackbox/qrcode-2/27.png
INFO: Starting src/test/resources/blackbox/ean13-2/04.png
INFO: Starting src/test/resources/blackbox/qrcode-2/28.png
INFO: Starting src/test/resources/blackbox/ean13-5/05.png
INFO: Starting src/test/resources/blackbox/ean13-5/06.png
INFO: Starting src/test/resources/blackbox/ean13-5/07.png
INFO: Starting src/test/resources/blackbox/ean13-5/08.png
INFO: Starting src/test/resources/blackbox/ean13-5/09.png
INFO: Starting src/test/resources/blackbox/ean13-5/10.png
INFO: Starting src/test/resources/blackbox/ean13-2/05.png
INFO: Starting src/test/resources/blackbox/qrcode-2/29.png
INFO: Starting src/test/resources/blackbox/ean13-5/11.png
INFO: Starting src/test/resources/blackbox/qrcode-2/30.png
INFO: Starting src/test/resources/blackbox/ean13-5/12.png
INFO: Starting src/test/resources/blackbox/ean13-2/06.png
INFO: Starting src/test/resources/blackbox/ean13-5/13.png
INFO: Starting src/test/resources/blackbox/rssexpanded-2/18b.png
INFO: Starting src/test/resources/blackbox/ean13-2/07.png
INFO: Starting src/test/resources/blackbox/ean13-2/08.png
INFO: Starting src/test/resources/blackbox/ean13-5/14.png
INFO: Starting src/test/resources/blackbox/qrcode-2/31.png
INFO: Starting src/test/resources/blackbox/ean13-2/09.png
INFO: Starting src/test/resources/blackbox/ean13-2/10.png
INFO: Starting src/test/resources/blackbox/ean13-5/15.png
INFO: Starting src/test/resources/blackbox/ean13-2/11.png
INFO: Starting src/test/resources/blackbox/ean13-5/16.png
INFO: Starting src/test/resources/blackbox/ean13-2/12.png
INFO: Starting src/test/resources/blackbox/qrcode-2/32.png
INFO: Starting src/test/resources/blackbox/qrcode-2/33.png
INFO: Starting src/test/resources/blackbox/qrcode-2/34.png
INFO: Starting src/test/resources/blackbox/ean13-2/13.png
INFO: Starting src/test/resources/blackbox/ean13-5/17.png
INFO: Starting src/test/resources/blackbox/qrcode-2/35.png
INFO: Starting src/test/resources/blackbox/qrcode-2/4.png
INFO: Starting src/test/resources/blackbox/ean13-2/14.png
INFO: Starting src/test/resources/blackbox/ean13-2/15.png
INFO: Starting src/test/resources/blackbox/ean13-5/18.png
INFO: Starting src/test/resources/blackbox/ean13-2/16.png
INFO: Starting src/test/resources/blackbox/rssexpanded-2/19.png
INFO: Starting src/test/resources/blackbox/ean13-2/17.png
INFO: Rotation 0 degrees:
INFO:  0 of 18 images passed (0 required)
INFO:  0 failed due to misreads, 18 not detected
INFO:  0 of 18 images passed with try harder (0 required)
INFO:  0 failed due to misreads, 18 not detected
INFO: Rotation 180 degrees:
INFO:  0 of 18 images passed (0 required)
INFO:  0 failed due to misreads, 18 not detected
INFO:  0 of 18 images passed with try harder (0 required)
INFO:  0 failed due to misreads, 18 not detected
INFO: Decoded 0 images out of 72 (0%, 0 required)
Tests run: 1, Failures: 0, Errors: 0, Skipped: 0, Time elapsed: 2.668 sec - in com.google.zxing.oned.EAN13BlackBox5BlurryTestCase
Running com.google.zxing.oned.UPCABlackBox5TestCase
INFO: Starting src/test/resources/blackbox/upca-5/01.png
INFO: Starting src/test/resources/blackbox/ean13-2/18.png
INFO: Starting src/test/resources/blackbox/ean13-2/19.png
INFO: Starting src/test/resources/blackbox/ean13-2/20.png
INFO: Starting src/test/resources/blackbox/qrcode-2/5.png
INFO: Starting src/test/resources/blackbox/ean13-2/21.png
INFO: Starting src/test/resources/blackbox/upca-5/02.png
INFO: Starting src/test/resources/blackbox/rssexpanded-2/21.png
INFO: Starting src/test/resources/blackbox/ean13-2/22.png
INFO: Starting src/test/resources/blackbox/upca-5/03.png
INFO: Starting src/test/resources/blackbox/upca-5/04.png
INFO: Starting src/test/resources/blackbox/rssexpanded-2/3_01.png
INFO: Starting src/test/resources/blackbox/ean13-2/23.png
INFO: Starting src/test/resources/blackbox/upca-5/05.png
INFO: Starting src/test/resources/blackbox/upca-5/06.png
INFO: Starting src/test/resources/blackbox/qrcode-2/6.png
INFO: Starting src/test/resources/blackbox/rssexpanded-2/3_02.png
INFO: Starting src/test/resources/blackbox/ean13-2/24.png
INFO: Content mismatch: expected '9784872348880' but got '1920081045006' (try harder, rotation: 0)
INFO: Content mismatch: expected '9784872348880' but got '1920081045006' (try harder, rotation: 180)
INFO: Starting src/test/resources/blackbox/ean13-2/25.png
INFO: Starting src/test/resources/blackbox/upca-5/07.png
INFO: Starting src/test/resources/blackbox/rssexpanded-2/3_03.png
INFO: Starting src/test/resources/blackbox/ean13-2/26.png
INFO: Starting src/test/resources/blackbox/upca-5/08.png
INFO: Starting src/test/resources/blackbox/upca-5/09.png
INFO: Starting src/test/resources/blackbox/ean13-2/27.png
INFO: Starting src/test/resources/blackbox/rssexpanded-2/3_04.png
INFO: Starting src/test/resources/blackbox/upca-5/10.png
INFO: Starting src/test/resources/blackbox/ean13-2/28.png
INFO: Starting src/test/resources/blackbox/qrcode-2/7.png
INFO: Starting src/test/resources/blackbox/upca-5/11.png
INFO: Starting src/test/resources/blackbox/qrcode-2/8.png
INFO: Starting src/test/resources/blackbox/upca-5/12.png
INFO: Rotation 0 degrees:
INFO:  12 of 28 images passed (12 required)
INFO:  0 failed due to misreads, 16 not detected
INFO:  17 of 28 images passed with try harder (17 required)
INFO:  1 failed due to misreads, 10 not detected
INFO: Rotation 180 degrees:
INFO:  11 of 28 images passed (11 required)
INFO:  0 failed due to misreads, 17 not detected
INFO:  17 of 28 images passed with try harder (17 required)
INFO:  1 failed due to misreads, 10 not detected
INFO: Decoded 57 images out of 112 (50%, 57 required)
Tests run: 1, Failures: 0, Errors: 0, Skipped: 0, Time elapsed: 7.066 sec - in com.google.zxing.oned.EAN13BlackBox2TestCase
Running com.google.zxing.common.BitArrayTestCase
Tests run: 11, Failures: 0, Errors: 0, Skipped: 0, Time elapsed: 0.037 sec - in com.google.zxing.common.BitArrayTestCase
Running com.google.zxing.common.BitSourceTestCase
Tests run: 1, Failures: 0, Errors: 0, Skipped: 0, Time elapsed: 0.004 sec - in com.google.zxing.common.BitSourceTestCase
Running com.google.zxing.common.BitMatrixTestCase
INFO: Starting src/test/resources/blackbox/upca-5/13.png
INFO: Starting src/test/resources/blackbox/qrcode-2/9.png
Tests run: 10, Failures: 0, Errors: 0, Skipped: 0, Time elapsed: 0.064 sec - in com.google.zxing.common.BitMatrixTestCase
Running com.google.zxing.client.result.EmailAddressParsedResultTestCase
INFO: Rotation 0 degrees:
INFO:  30 of 34 images passed (30 required)
INFO:  0 failed due to misreads, 4 not detected
INFO:  30 of 34 images passed with try harder (30 required)
INFO:  0 failed due to misreads, 4 not detected
INFO: Rotation 90 degrees:
INFO:  29 of 34 images passed (29 required)
INFO:  0 failed due to misreads, 5 not detected
INFO:  29 of 34 images passed with try harder (29 required)
INFO:  0 failed due to misreads, 5 not detected
INFO: Rotation 180 degrees:
INFO:  30 of 34 images passed (30 required)
INFO:  0 failed due to misreads, 4 not detected
INFO:  30 of 34 images passed with try harder (30 required)
INFO:  0 failed due to misreads, 4 not detected
INFO: Rotation 270 degrees:
INFO:  29 of 34 images passed (29 required)
INFO:  0 failed due to misreads, 5 not detected
INFO:  29 of 34 images passed with try harder (29 required)
INFO:  0 failed due to misreads, 5 not detected
INFO: Decoded 236 images out of 272 (86%, 236 required)
Tests run: 7, Failures: 0, Errors: 0, Skipped: 0, Time elapsed: 0.091 sec - in com.google.zxing.client.result.EmailAddressParsedResultTestCase
Running com.google.zxing.client.result.ParsedReaderResultTestCase
INFO: Starting src/test/resources/blackbox/rssexpanded-2/3_05.png
INFO: Starting src/test/resources/blackbox/upca-5/14.png
Tests run: 1, Failures: 0, Errors: 0, Skipped: 0, Time elapsed: 18.391 sec - in com.google.zxing.qrcode.QRCodeBlackBox2TestCase
Tests run: 21, Failures: 0, Errors: 0, Skipped: 0, Time elapsed: 0.14 sec - in com.google.zxing.client.result.ParsedReaderResultTestCase
Running com.google.zxing.client.result.TelParsedResultTestCase
Tests run: 1, Failures: 0, Errors: 0, Skipped: 0, Time elapsed: 0.003 sec - in com.google.zxing.client.result.TelParsedResultTestCase
Running com.google.zxing.qrcode.decoder.FormatInformationTestCase
Tests run: 4, Failures: 0, Errors: 0, Skipped: 0, Time elapsed: 0.003 sec - in com.google.zxing.qrcode.decoder.FormatInformationTestCase
Running com.google.zxing.qrcode.decoder.DataMaskTestCase
INFO: Starting src/test/resources/blackbox/upca-5/15.png
INFO: Starting src/test/resources/blackbox/upca-5/16.png
INFO: Starting src/test/resources/blackbox/rssexpanded-2/3_06.png
INFO: Starting src/test/resources/blackbox/upca-5/17.png
INFO: Starting src/test/resources/blackbox/upca-5/18.png
Tests run: 8, Failures: 0, Errors: 0, Skipped: 0, Time elapsed: 0.57 sec - in com.google.zxing.qrcode.decoder.DataMaskTestCase
Running com.google.zxing.qrcode.encoder.MatrixUtilTestCase
INFO: Starting src/test/resources/blackbox/upca-5/19.png
Tests run: 12, Failures: 0, Errors: 0, Skipped: 0, Time elapsed: 0.045 sec - in com.google.zxing.qrcode.encoder.MatrixUtilTestCase
Running com.google.zxing.qrcode.encoder.BitVectorTestCase
Tests run: 8, Failures: 0, Errors: 0, Skipped: 0, Time elapsed: 0.009 sec - in com.google.zxing.qrcode.encoder.BitVectorTestCase
Running com.google.zxing.qrcode.QRCodeBlackBox3TestCase
INFO: Starting src/test/resources/blackbox/qrcode-3/01.png
INFO: Starting src/test/resources/blackbox/upca-5/20.png
INFO: Starting src/test/resources/blackbox/qrcode-3/02.png
INFO: Starting src/test/resources/blackbox/rssexpanded-2/3_07.png
INFO: Starting src/test/resources/blackbox/upca-5/21.png
INFO: Starting src/test/resources/blackbox/qrcode-3/03.png
INFO: Starting src/test/resources/blackbox/qrcode-3/04.png
INFO: Starting src/test/resources/blackbox/upca-5/22.png
INFO: Starting src/test/resources/blackbox/qrcode-3/05.png
INFO: Starting src/test/resources/blackbox/qrcode-3/06.png
INFO: Starting src/test/resources/blackbox/upca-5/23.png
INFO: Starting src/test/resources/blackbox/qrcode-3/07.png
INFO: Starting src/test/resources/blackbox/rssexpanded-2/3_09.png
INFO: Starting src/test/resources/blackbox/qrcode-3/08.png
INFO: Starting src/test/resources/blackbox/qrcode-3/09.png
INFO: Starting src/test/resources/blackbox/qrcode-3/10.png
INFO: Starting src/test/resources/blackbox/qrcode-3/11.png
INFO: Starting src/test/resources/blackbox/qrcode-3/12.png
INFO: Starting src/test/resources/blackbox/upca-5/24.png
INFO: Starting src/test/resources/blackbox/qrcode-3/13.png
INFO: Starting src/test/resources/blackbox/qrcode-3/14.png
INFO: Starting src/test/resources/blackbox/upca-5/25.png
INFO: Starting src/test/resources/blackbox/qrcode-3/15.png
INFO: Starting src/test/resources/blackbox/rssexpanded-2/4_00.png
INFO: Starting src/test/resources/blackbox/qrcode-3/16.png
INFO: Starting src/test/resources/blackbox/qrcode-3/17.png
INFO: Starting src/test/resources/blackbox/qrcode-3/18.png
INFO: String contents of file src/test/resources/blackbox/qrcode-3/18.txt end with a newline. This may not be intended and cause a test failure
INFO: Starting src/test/resources/blackbox/qrcode-3/19.png
INFO: Starting src/test/resources/blackbox/rssexpanded-2/4_01.png
INFO: String contents of file src/test/resources/blackbox/qrcode-3/19.txt end with a newline. This may not be intended and cause a test failure
INFO: Starting src/test/resources/blackbox/qrcode-3/20.png
INFO: String contents of file src/test/resources/blackbox/qrcode-3/20.txt end with a newline. This may not be intended and cause a test failure
INFO: Starting src/test/resources/blackbox/upca-5/26.png
INFO: Starting src/test/resources/blackbox/qrcode-3/21.png
INFO: String contents of file src/test/resources/blackbox/qrcode-3/21.txt end with a newline. This may not be intended and cause a test failure
INFO: Starting src/test/resources/blackbox/upca-5/27.png
INFO: Starting src/test/resources/blackbox/qrcode-3/22.png
INFO: Starting src/test/resources/blackbox/rssexpanded-2/4_02.png
INFO: String contents of file src/test/resources/blackbox/qrcode-3/22.txt end with a newline. This may not be intended and cause a test failure
INFO: Starting src/test/resources/blackbox/qrcode-3/23.png
INFO: String contents of file src/test/resources/blackbox/qrcode-3/23.txt end with a newline. This may not be intended and cause a test failure
INFO: Starting src/test/resources/blackbox/upca-5/28.png
INFO: Starting src/test/resources/blackbox/upca-5/29.png
INFO: Starting src/test/resources/blackbox/qrcode-3/24.png
INFO: String contents of file src/test/resources/blackbox/qrcode-3/24.txt end with a newline. This may not be intended and cause a test failure
INFO: Starting src/test/resources/blackbox/qrcode-3/25.png
INFO: String contents of file src/test/resources/blackbox/qrcode-3/25.txt end with a newline. This may not be intended and cause a test failure
INFO: Starting src/test/resources/blackbox/qrcode-3/26.png
INFO: Starting src/test/resources/blackbox/rssexpanded-2/4_03.png
INFO: Starting src/test/resources/blackbox/qrcode-3/27.png
INFO: Starting src/test/resources/blackbox/qrcode-3/28.png
INFO: Starting src/test/resources/blackbox/qrcode-3/29.png
INFO: Starting src/test/resources/blackbox/qrcode-3/30.png
INFO: Starting src/test/resources/blackbox/upca-5/30.png
INFO: Starting src/test/resources/blackbox/qrcode-3/31.png
INFO: Starting src/test/resources/blackbox/rssexpanded-2/4_04.png
INFO: Starting src/test/resources/blackbox/upca-5/31.png
INFO: Starting src/test/resources/blackbox/qrcode-3/32.png
INFO: Starting src/test/resources/blackbox/upca-5/32.png
INFO: Starting src/test/resources/blackbox/qrcode-3/33.png
INFO: Starting src/test/resources/blackbox/qrcode-3/34.png
INFO: Starting src/test/resources/blackbox/qrcode-3/35.png
INFO: Starting src/test/resources/blackbox/rssexpanded-2/4_05.png
INFO: Starting src/test/resources/blackbox/qrcode-3/36.png
INFO: Starting src/test/resources/blackbox/qrcode-3/37.png
INFO: Starting src/test/resources/blackbox/qrcode-3/38.png
INFO: Starting src/test/resources/blackbox/qrcode-3/39.png
INFO: Starting src/test/resources/blackbox/qrcode-3/40.png
INFO: Starting src/test/resources/blackbox/qrcode-3/41.png
INFO: Starting src/test/resources/blackbox/rssexpanded-2/5.png
INFO: Starting src/test/resources/blackbox/upca-5/33.png
INFO: Starting src/test/resources/blackbox/qrcode-3/42.png
INFO: Starting src/test/resources/blackbox/upca-5/34.png
INFO: Rotation 0 degrees:
INFO:  38 of 42 images passed (38 required)
INFO:  0 failed due to misreads, 4 not detected
INFO:  38 of 42 images passed with try harder (38 required)
INFO:  0 failed due to misreads, 4 not detected
INFO: Rotation 90 degrees:
INFO:  38 of 42 images passed (38 required)
INFO:  0 failed due to misreads, 4 not detected
INFO: Starting src/test/resources/blackbox/upca-5/35.png
INFO:  38 of 42 images passed with try harder (38 required)
INFO:  0 failed due to misreads, 4 not detected
INFO: Rotation 180 degrees:
INFO:  36 of 42 images passed (36 required)
INFO:  0 failed due to misreads, 6 not detected
INFO:  36 of 42 images passed with try harder (36 required)
INFO:  0 failed due to misreads, 6 not detected
INFO: Rotation 270 degrees:
INFO:  39 of 42 images passed (39 required)
INFO:  0 failed due to misreads, 3 not detected
INFO:  39 of 42 images passed with try harder (39 required)
INFO:  0 failed due to misreads, 3 not detected
INFO: Decoded 302 images out of 336 (89%, 302 required)
Tests run: 1, Failures: 0, Errors: 0, Skipped: 0, Time elapsed: 3.984 sec - in com.google.zxing.qrcode.QRCodeBlackBox3TestCase
Running com.google.zxing.qrcode.QRCodeBlackBox5TestCase
INFO: Starting src/test/resources/blackbox/qrcode-5/01.png
INFO: Rotation 0 degrees:
INFO:  20 of 35 images passed (20 required)
INFO:  0 failed due to misreads, 15 not detected
INFO:  23 of 35 images passed with try harder (23 required)
INFO:  0 failed due to misreads, 12 not detected
INFO: Rotation 180 degrees:
INFO:  22 of 35 images passed (22 required)
INFO:  0 failed due to misreads, 13 not detected
INFO:  23 of 35 images passed with try harder (23 required)
INFO:  0 failed due to misreads, 12 not detected
INFO: Decoded 88 images out of 140 (62%, 88 required)
Tests run: 1, Failures: 0, Errors: 0, Skipped: 0, Time elapsed: 7.883 sec - in com.google.zxing.oned.UPCABlackBox5TestCase
Running com.google.zxing.oned.UPCEBlackBox1TestCase
INFO: Starting src/test/resources/blackbox/upce-1/1.png
INFO: Starting src/test/resources/blackbox/upce-1/2.png
INFO: Starting src/test/resources/blackbox/upce-1/4.png
INFO: Rotation 0 degrees:
INFO:  3 of 3 images passed (3 required)
INFO:  0 failed due to misreads, 0 not detected
INFO:  3 of 3 images passed with try harder (3 required)
INFO:  0 failed due to misreads, 0 not detected
INFO: Rotation 180 degrees:
INFO:  3 of 3 images passed (3 required)
INFO:  0 failed due to misreads, 0 not detected
INFO:  3 of 3 images passed with try harder (3 required)
INFO:  0 failed due to misreads, 0 not detected
INFO: Decoded 12 images out of 12 (100%, 12 required)
Tests run: 1, Failures: 0, Errors: 0, Skipped: 0, Time elapsed: 0.028 sec - in com.google.zxing.oned.UPCEBlackBox1TestCase
Running com.google.zxing.oned.UPCEANExtensionBlackBox1TestCase
INFO: Starting src/test/resources/blackbox/upcean-extension-1/1.png
INFO: Starting src/test/resources/blackbox/upcean-extension-1/2.png
INFO: Starting src/test/resources/blackbox/qrcode-5/02.png
INFO: Starting src/test/resources/blackbox/qrcode-5/03.png
INFO: Starting src/test/resources/blackbox/qrcode-5/04.png
INFO: Rotation 0 degrees:
INFO:  2 of 2 images passed (2 required)
INFO:  0 failed due to misreads, 0 not detected
INFO:  2 of 2 images passed with try harder (2 required)
INFO:  0 failed due to misreads, 0 not detected
INFO: Decoded 4 images out of 4 (100%, 4 required)
Tests run: 1, Failures: 0, Errors: 0, Skipped: 0, Time elapsed: 0.261 sec - in com.google.zxing.oned.UPCEANExtensionBlackBox1TestCase
Running com.google.zxing.oned.UPCEBlackBox3ReflectiveTestCase
INFO: Starting src/test/resources/blackbox/upce-3/01.png
INFO: Starting src/test/resources/blackbox/qrcode-5/05.png
INFO: Starting src/test/resources/blackbox/upce-3/02.png
INFO: Rotation 0 degrees:
INFO:  21 of 23 images passed (21 required)
INFO:  0 failed due to misreads, 2 not detected
INFO:  23 of 23 images passed with try harder (23 required)
INFO:  0 failed due to misreads, 0 not detected
INFO: Rotation 180 degrees:
INFO:  21 of 23 images passed (21 required)
INFO:  0 failed due to misreads, 2 not detected
INFO:  23 of 23 images passed with try harder (23 required)
INFO:  0 failed due to misreads, 0 not detected
INFO: Decoded 88 images out of 92 (95%, 88 required)
Tests run: 1, Failures: 0, Errors: 0, Skipped: 0, Time elapsed: 17.578 sec - in com.google.zxing.oned.rss.expanded.RSSExpandedBlackBox2TestCase
Running com.google.zxing.oned.rss.expanded.decoders.AI01_3103_DecoderTest
Tests run: 3, Failures: 0, Errors: 0, Skipped: 0, Time elapsed: 0.017 sec - in com.google.zxing.oned.rss.expanded.decoders.AI01_3103_DecoderTest
Running com.google.zxing.oned.rss.expanded.decoders.AnyAIDecoderTest
INFO: Starting src/test/resources/blackbox/upce-3/03.png
Tests run: 6, Failures: 0, Errors: 0, Skipped: 0, Time elapsed: 0.03 sec - in com.google.zxing.oned.rss.expanded.decoders.AnyAIDecoderTest
Running com.google.zxing.oned.rss.expanded.decoders.AI01_3X0X_1X_DecoderTest
INFO: Starting src/test/resources/blackbox/upce-3/04.png
Tests run: 9, Failures: 0, Errors: 0, Skipped: 0, Time elapsed: 0.023 sec - in com.google.zxing.oned.rss.expanded.decoders.AI01_3X0X_1X_DecoderTest
Running com.google.zxing.oned.rss.expanded.decoders.AI01_3202_3203_DecoderTest
Tests run: 2, Failures: 0, Errors: 0, Skipped: 0, Time elapsed: 0.004 sec - in com.google.zxing.oned.rss.expanded.decoders.AI01_3202_3203_DecoderTest
INFO: Starting src/test/resources/blackbox/qrcode-5/06.png
Running com.google.zxing.oned.rss.expanded.decoders.FieldParserTest
INFO: Starting src/test/resources/blackbox/upce-3/05.png
Tests run: 2, Failures: 0, Errors: 0, Skipped: 0, Time elapsed: 0.022 sec - in com.google.zxing.oned.rss.expanded.decoders.FieldParserTest
Running com.google.zxing.oned.rss.expanded.RSSExpandedStackedBlackBox2TestCase
INFO: Starting src/test/resources/blackbox/rssexpandedstacked-2/1.png
INFO: Starting src/test/resources/blackbox/upce-3/06.png
INFO: Starting src/test/resources/blackbox/rssexpandedstacked-2/1000.png
INFO: Starting src/test/resources/blackbox/upce-3/07.png
INFO: Starting src/test/resources/blackbox/upce-3/08.png
INFO: Starting src/test/resources/blackbox/qrcode-5/07.png
INFO: Starting src/test/resources/blackbox/upce-3/09.png
INFO: Starting src/test/resources/blackbox/qrcode-5/08.png
INFO: Starting src/test/resources/blackbox/upce-3/10.png
INFO: Starting src/test/resources/blackbox/qrcode-5/09.png
INFO: Starting src/test/resources/blackbox/upce-3/11.png
INFO: Starting src/test/resources/blackbox/qrcode-5/10.png
INFO: Starting src/test/resources/blackbox/qrcode-5/11.png
INFO: Starting src/test/resources/blackbox/rssexpandedstacked-2/13.png
INFO: Starting src/test/resources/blackbox/qrcode-5/12.png
INFO: Starting src/test/resources/blackbox/qrcode-5/13.png
INFO: Rotation 0 degrees:
INFO:  6 of 11 images passed (6 required)
INFO:  0 failed due to misreads, 5 not detected
INFO:  8 of 11 images passed with try harder (8 required)
INFO:  0 failed due to misreads, 3 not detected
INFO: Rotation 180 degrees:
INFO:  6 of 11 images passed (6 required)
INFO:  0 failed due to misreads, 5 not detected
INFO:  8 of 11 images passed with try harder (8 required)
INFO:  0 failed due to misreads, 3 not detected
INFO: Decoded 28 images out of 44 (63%, 28 required)
Tests run: 1, Failures: 0, Errors: 0, Skipped: 0, Time elapsed: 0.71 sec - in com.google.zxing.oned.UPCEBlackBox3ReflectiveTestCase
INFO: Starting src/test/resources/blackbox/qrcode-5/14.png
Running com.google.zxing.oned.ITFBlackBox1TestCase
INFO: Starting src/test/resources/blackbox/itf-1/1.png
INFO: Starting src/test/resources/blackbox/itf-1/10.png
INFO: Starting src/test/resources/blackbox/qrcode-5/15.png
INFO: Starting src/test/resources/blackbox/itf-1/13.png
INFO: Starting src/test/resources/blackbox/itf-1/14.png
INFO: Starting src/test/resources/blackbox/itf-1/15.png
INFO: Starting src/test/resources/blackbox/qrcode-5/16.png
INFO: String contents of file src/test/resources/blackbox/qrcode-5/16.txt end with a newline. This may not be intended and cause a test failure
INFO: Starting src/test/resources/blackbox/itf-1/16.png
INFO: Starting src/test/resources/blackbox/rssexpandedstacked-2/19.png
INFO: Starting src/test/resources/blackbox/itf-1/17.png
INFO: Starting src/test/resources/blackbox/itf-1/2.png
INFO: Starting src/test/resources/blackbox/itf-1/3.png
INFO: Starting src/test/resources/blackbox/itf-1/5.png
INFO: Starting src/test/resources/blackbox/itf-1/6.png
INFO: Starting src/test/resources/blackbox/itf-1/7.png
INFO: Starting src/test/resources/blackbox/itf-1/8.png
INFO: Starting src/test/resources/blackbox/rssexpandedstacked-2/20.png
INFO: Starting src/test/resources/blackbox/itf-1/9.png
INFO: Starting src/test/resources/blackbox/qrcode-5/17.png
INFO: String contents of file src/test/resources/blackbox/qrcode-5/17.txt end with a newline. This may not be intended and cause a test failure
INFO: Rotation 0 degrees:
INFO:  9 of 14 images passed (9 required)
INFO:  0 failed due to misreads, 5 not detected
INFO:  13 of 14 images passed with try harder (13 required)
INFO:  0 failed due to misreads, 1 not detected
INFO: Rotation 180 degrees:
INFO:  12 of 14 images passed (12 required)
INFO:  0 failed due to misreads, 2 not detected
INFO:  13 of 14 images passed with try harder (13 required)
INFO:  0 failed due to misreads, 1 not detected
INFO: Decoded 47 images out of 56 (83%, 47 required)
Tests run: 1, Failures: 0, Errors: 0, Skipped: 0, Time elapsed: 0.4 sec - in com.google.zxing.oned.ITFBlackBox1TestCase
Running com.google.zxing.oned.Code128BlackBox2TestCase
INFO: Starting src/test/resources/blackbox/code128-2/01.png
INFO: Starting src/test/resources/blackbox/rssexpandedstacked-2/22.png
INFO: Starting src/test/resources/blackbox/code128-2/02.png
INFO: Starting src/test/resources/blackbox/rssexpandedstacked-2/23.png
INFO: Starting src/test/resources/blackbox/qrcode-5/18.png
INFO: String contents of file src/test/resources/blackbox/qrcode-5/18.txt end with a newline. This may not be intended and cause a test failure
INFO: Rotation 0 degrees:
INFO:  2 of 7 images passed (2 required)
INFO:  0 failed due to misreads, 5 not detected
INFO:  7 of 7 images passed with try harder (7 required)
INFO:  0 failed due to misreads, 0 not detected
INFO: Rotation 180 degrees:
INFO:  2 of 7 images passed (2 required)
INFO:  0 failed due to misreads, 5 not detected
INFO:  7 of 7 images passed with try harder (7 required)
INFO:  0 failed due to misreads, 0 not detected
INFO: Decoded 18 images out of 28 (64%, 18 required)
Tests run: 1, Failures: 0, Errors: 0, Skipped: 0, Time elapsed: 1.365 sec - in com.google.zxing.oned.rss.expanded.RSSExpandedStackedBlackBox2TestCase
Running com.google.zxing.oned.rss.expanded.RSSExpandedStackedInternalTestCase
INFO: Starting src/test/resources/blackbox/code128-2/03.png
INFO: Starting src/test/resources/blackbox/qrcode-5/19.png
INFO: String contents of file src/test/resources/blackbox/qrcode-5/19.txt end with a newline. This may not be intended and cause a test failure
INFO: Rotation 0 degrees:
INFO:  19 of 19 images passed (19 required)
INFO:  0 failed due to misreads, 0 not detected
INFO:  19 of 19 images passed with try harder (19 required)
INFO:  0 failed due to misreads, 0 not detected
INFO: Rotation 90 degrees:
INFO:  19 of 19 images passed (19 required)
INFO:  0 failed due to misreads, 0 not detected
INFO:  19 of 19 images passed with try harder (19 required)
INFO:  0 failed due to misreads, 0 not detected
INFO: Rotation 180 degrees:
INFO:  19 of 19 images passed (19 required)
INFO:  0 failed due to misreads, 0 not detected
INFO:  19 of 19 images passed with try harder (19 required)
INFO:  0 failed due to misreads, 0 not detected
INFO: Rotation 270 degrees:
INFO:  18 of 19 images passed (18 required)
INFO:  0 failed due to misreads, 1 not detected
INFO:  18 of 19 images passed with try harder (18 required)
INFO:  0 failed due to misreads, 1 not detected
INFO: Decoded 150 images out of 152 (98%, 150 required)
Tests run: 1, Failures: 0, Errors: 0, Skipped: 0, Time elapsed: 2.195 sec - in com.google.zxing.qrcode.QRCodeBlackBox5TestCase
Running com.google.zxing.qrcode.QRCodeBlackBox4TestCase
INFO: Starting src/test/resources/blackbox/qrcode-4/01.png
INFO: Starting src/test/resources/blackbox/qrcode-4/02.png
INFO: Starting src/test/resources/blackbox/code128-2/04.png
Tests run: 2, Failures: 0, Errors: 0, Skipped: 0, Time elapsed: 0.606 sec - in com.google.zxing.oned.rss.expanded.RSSExpandedStackedInternalTestCase
Running com.google.zxing.oned.rss.expanded.RSSExpandedImage2stringTestCase
INFO: Starting src/test/resources/blackbox/qrcode-4/03.png
INFO: Starting src/test/resources/blackbox/qrcode-4/04.png
INFO: Starting src/test/resources/blackbox/code128-2/05.png
INFO: Starting src/test/resources/blackbox/qrcode-4/05.png
Tests run: 27, Failures: 0, Errors: 0, Skipped: 0, Time elapsed: 0.591 sec - in com.google.zxing.oned.rss.expanded.RSSExpandedImage2stringTestCase
Running com.google.zxing.oned.rss.expanded.RSSExpandedInternalTestCase
INFO: Starting src/test/resources/blackbox/code128-2/06.png
Tests run: 4, Failures: 0, Errors: 0, Skipped: 0, Time elapsed: 0.297 sec - in com.google.zxing.oned.rss.expanded.RSSExpandedInternalTestCase
Running com.google.zxing.oned.rss.expanded.BitArrayBuilderTest
Tests run: 1, Failures: 0, Errors: 0, Skipped: 0, Time elapsed: 0.004 sec - in com.google.zxing.oned.rss.expanded.BitArrayBuilderTest
Running com.google.zxing.oned.rss.expanded.RSSExpandedBlackBox1TestCase
INFO: Starting src/test/resources/blackbox/rssexpanded-1/1.png
INFO: Starting src/test/resources/blackbox/rssexpanded-1/10.png
INFO: Starting src/test/resources/blackbox/qrcode-4/06.png
INFO: Starting src/test/resources/blackbox/rssexpanded-1/11.png
INFO: Starting src/test/resources/blackbox/rssexpanded-1/12.png
INFO: Starting src/test/resources/blackbox/rssexpanded-1/13.png
INFO: Starting src/test/resources/blackbox/rssexpanded-1/14.png
INFO: Starting src/test/resources/blackbox/code128-2/07.png
INFO: Starting src/test/resources/blackbox/rssexpanded-1/15.png
INFO: Starting src/test/resources/blackbox/rssexpanded-1/16.png
INFO: Starting src/test/resources/blackbox/rssexpanded-1/17.png
INFO: Starting src/test/resources/blackbox/qrcode-4/07.png
INFO: Starting src/test/resources/blackbox/rssexpanded-1/18.png
INFO: Starting src/test/resources/blackbox/rssexpanded-1/19.png
INFO: Starting src/test/resources/blackbox/code128-2/08.png
INFO: Starting src/test/resources/blackbox/qrcode-4/08.png
INFO: Starting src/test/resources/blackbox/rssexpanded-1/2.png
INFO: Starting src/test/resources/blackbox/rssexpanded-1/20.png
INFO: Starting src/test/resources/blackbox/rssexpanded-1/21.png
INFO: Starting src/test/resources/blackbox/rssexpanded-1/22.png
INFO: Starting src/test/resources/blackbox/rssexpanded-1/23.png
INFO: Starting src/test/resources/blackbox/rssexpanded-1/24.png
INFO: Starting src/test/resources/blackbox/qrcode-4/09.png
INFO: Starting src/test/resources/blackbox/code128-2/09.png
INFO: Starting src/test/resources/blackbox/rssexpanded-1/25.png
INFO: Starting src/test/resources/blackbox/rssexpanded-1/26.png
INFO: Starting src/test/resources/blackbox/rssexpanded-1/27.png
INFO: Starting src/test/resources/blackbox/rssexpanded-1/28.png
INFO: Starting src/test/resources/blackbox/rssexpanded-1/29.png
INFO: Starting src/test/resources/blackbox/rssexpanded-1/3.png
INFO: Starting src/test/resources/blackbox/qrcode-4/10.png
INFO: Starting src/test/resources/blackbox/qrcode-4/11.png
INFO: Starting src/test/resources/blackbox/qrcode-4/12.png
INFO: Starting src/test/resources/blackbox/rssexpanded-1/30.png
INFO: Starting src/test/resources/blackbox/code128-2/10.png
INFO: Starting src/test/resources/blackbox/qrcode-4/13.png
INFO: Starting src/test/resources/blackbox/rssexpanded-1/31.png
INFO: Starting src/test/resources/blackbox/rssexpanded-1/32.png
INFO: Starting src/test/resources/blackbox/rssexpanded-1/4.png
INFO: Starting src/test/resources/blackbox/rssexpanded-1/5.png
INFO: Starting src/test/resources/blackbox/rssexpanded-1/6.png
INFO: Starting src/test/resources/blackbox/rssexpanded-1/7.png
INFO: Starting src/test/resources/blackbox/rssexpanded-1/8.png
INFO: Starting src/test/resources/blackbox/rssexpanded-1/9.png
INFO: Rotation 0 degrees:
INFO:  32 of 32 images passed (32 required)
INFO:  0 failed due to misreads, 0 not detected
INFO:  32 of 32 images passed with try harder (32 required)
INFO:  0 failed due to misreads, 0 not detected
INFO: Rotation 180 degrees:
INFO:  32 of 32 images passed (32 required)
INFO:  0 failed due to misreads, 0 not detected
INFO:  32 of 32 images passed with try harder (32 required)
INFO:  0 failed due to misreads, 0 not detected
INFO: Decoded 128 images out of 128 (100%, 128 required)
Tests run: 1, Failures: 0, Errors: 0, Skipped: 0, Time elapsed: 1.536 sec - in com.google.zxing.oned.rss.expanded.RSSExpandedBlackBox1TestCase
Running com.google.zxing.oned.rss.RSS14BlackBox2TestCase
INFO: Starting src/test/resources/blackbox/code128-2/11.png
INFO: Starting src/test/resources/blackbox/rss14-2/1.png
INFO: Starting src/test/resources/blackbox/qrcode-4/14.png
INFO: Starting src/test/resources/blackbox/qrcode-4/15.png
INFO: Starting src/test/resources/blackbox/code128-2/12.png
INFO: Starting src/test/resources/blackbox/qrcode-4/16.png
INFO: Starting src/test/resources/blackbox/rss14-2/10.png
INFO: Starting src/test/resources/blackbox/qrcode-4/17.png
INFO: Starting src/test/resources/blackbox/qrcode-4/18.png
INFO: Starting src/test/resources/blackbox/rss14-2/11.png
INFO: Format mismatch: expected 'RSS_14' but got 'UPC_E' (rotation: 0)
INFO: Format mismatch: expected 'RSS_14' but got 'UPC_E' (try harder, rotation: 0)
INFO: Format mismatch: expected 'RSS_14' but got 'UPC_E' (try harder, rotation: 180)
INFO: Starting src/test/resources/blackbox/rss14-2/12.png
INFO: Starting src/test/resources/blackbox/qrcode-4/19.png
INFO: Starting src/test/resources/blackbox/code128-2/13.png
INFO: Starting src/test/resources/blackbox/rss14-2/13.png
INFO: Starting src/test/resources/blackbox/rss14-2/14.png
INFO: Starting src/test/resources/blackbox/rss14-2/15.png
INFO: Starting src/test/resources/blackbox/code128-2/14.png
INFO: Starting src/test/resources/blackbox/qrcode-4/20.png
INFO: Starting src/test/resources/blackbox/rss14-2/16.png
INFO: Starting src/test/resources/blackbox/qrcode-4/21.png
INFO: Starting src/test/resources/blackbox/qrcode-4/22.png
INFO: Starting src/test/resources/blackbox/rss14-2/17.png
INFO: Starting src/test/resources/blackbox/qrcode-4/23.png
INFO: Starting src/test/resources/blackbox/code128-2/15.png
INFO: Starting src/test/resources/blackbox/qrcode-4/24.png
INFO: Starting src/test/resources/blackbox/rss14-2/18.png
INFO: Starting src/test/resources/blackbox/qrcode-4/25.png
INFO: Starting src/test/resources/blackbox/qrcode-4/26.png
INFO: Starting src/test/resources/blackbox/code128-2/16.png
INFO: Starting src/test/resources/blackbox/qrcode-4/27.png
INFO: Starting src/test/resources/blackbox/rss14-2/19.png
INFO: Starting src/test/resources/blackbox/qrcode-4/28.png
INFO: Starting src/test/resources/blackbox/qrcode-4/29.png
INFO: Starting src/test/resources/blackbox/rss14-2/2.png
INFO: Starting src/test/resources/blackbox/qrcode-4/30.png
INFO: Starting src/test/resources/blackbox/code128-2/17.png
INFO: Starting src/test/resources/blackbox/rss14-2/20.png
INFO: Starting src/test/resources/blackbox/qrcode-4/31.png
INFO: Starting src/test/resources/blackbox/rss14-2/21.png
INFO: Starting src/test/resources/blackbox/code128-2/18.png
INFO: Starting src/test/resources/blackbox/rss14-2/22.png
INFO: Starting src/test/resources/blackbox/code128-2/19.png
INFO: Starting src/test/resources/blackbox/qrcode-4/32.png
INFO: Starting src/test/resources/blackbox/rss14-2/23.png
INFO: Starting src/test/resources/blackbox/rss14-2/24.png
INFO: Starting src/test/resources/blackbox/rss14-2/3.png
INFO: Starting src/test/resources/blackbox/code128-2/20.png
INFO: Starting src/test/resources/blackbox/qrcode-4/33.png
INFO: Starting src/test/resources/blackbox/rss14-2/4.png
INFO: Starting src/test/resources/blackbox/code128-2/21.png
INFO: Starting src/test/resources/blackbox/rss14-2/5.png
INFO: Starting src/test/resources/blackbox/code128-2/22.png
INFO: Starting src/test/resources/blackbox/qrcode-4/34.png
INFO: Starting src/test/resources/blackbox/rss14-2/6.png
INFO: Starting src/test/resources/blackbox/code128-2/23.png
INFO: Starting src/test/resources/blackbox/rss14-2/7.png
INFO: Starting src/test/resources/blackbox/qrcode-4/35.png
INFO: Starting src/test/resources/blackbox/code128-2/24.png
INFO: Starting src/test/resources/blackbox/rss14-2/8.png
INFO: Starting src/test/resources/blackbox/qrcode-4/36.png
INFO: Starting src/test/resources/blackbox/qrcode-4/37.png
INFO: Starting src/test/resources/blackbox/rss14-2/9.png
INFO: Starting src/test/resources/blackbox/qrcode-4/38.png
INFO: Starting src/test/resources/blackbox/code128-2/25.png
INFO: Starting src/test/resources/blackbox/qrcode-4/39.png
INFO: Rotation 0 degrees:
INFO:  4 of 24 images passed (4 required)
INFO:  1 failed due to misreads, 19 not detected
INFO:  8 of 24 images passed with try harder (8 required)
INFO:  1 failed due to misreads, 15 not detected
INFO: Rotation 180 degrees:
INFO:  2 of 24 images passed (2 required)
INFO:  0 failed due to misreads, 22 not detected
INFO:  8 of 24 images passed with try harder (8 required)
INFO:  1 failed due to misreads, 15 not detected
INFO: Decoded 22 images out of 96 (22%, 22 required)
Tests run: 1, Failures: 0, Errors: 0, Skipped: 0, Time elapsed: 3.928 sec - in com.google.zxing.oned.rss.RSS14BlackBox2TestCase
Running com.google.zxing.oned.UPCAWriterTestCase
Tests run: 2, Failures: 0, Errors: 0, Skipped: 0, Time elapsed: 0.014 sec - in com.google.zxing.oned.UPCAWriterTestCase
Running com.google.zxing.oned.UPCABlackBox3ReflectiveTestCase
INFO: Starting src/test/resources/blackbox/upca-3/01.png
INFO: Starting src/test/resources/blackbox/qrcode-4/40.png
INFO: Starting src/test/resources/blackbox/code128-2/26.png
INFO: Starting src/test/resources/blackbox/qrcode-4/41.png
INFO: Starting src/test/resources/blackbox/upca-3/02.png
INFO: Starting src/test/resources/blackbox/code128-2/27.png
INFO: Starting src/test/resources/blackbox/qrcode-4/42.png
INFO: Starting src/test/resources/blackbox/upca-3/03.png
INFO: Starting src/test/resources/blackbox/qrcode-4/43.png
INFO: Starting src/test/resources/blackbox/code128-2/28.png
INFO: Starting src/test/resources/blackbox/qrcode-4/44.png
INFO: Starting src/test/resources/blackbox/qrcode-4/45.png
INFO: Starting src/test/resources/blackbox/upca-3/04.png
INFO: Starting src/test/resources/blackbox/code128-2/29.png
INFO: Starting src/test/resources/blackbox/qrcode-4/46.png
INFO: Starting src/test/resources/blackbox/qrcode-4/47.png
INFO: Starting src/test/resources/blackbox/qrcode-4/48.png
INFO: Starting src/test/resources/blackbox/code128-2/30.png
INFO: Starting src/test/resources/blackbox/upca-3/05.png
INFO: Rotation 0 degrees:
INFO:  36 of 48 images passed (36 required)
INFO:  0 failed due to misreads, 12 not detected
INFO:  36 of 48 images passed with try harder (36 required)
INFO:  0 failed due to misreads, 12 not detected
INFO: Rotation 90 degrees:
INFO:  35 of 48 images passed (35 required)
INFO:  0 failed due to misreads, 13 not detected
INFO:  35 of 48 images passed with try harder (35 required)
INFO:  0 failed due to misreads, 13 not detected
INFO: Rotation 180 degrees:
INFO:  35 of 48 images passed (35 required)
INFO:  0 failed due to misreads, 13 not detected
INFO:  35 of 48 images passed with try harder (35 required)
INFO:  0 failed due to misreads, 13 not detected
INFO: Rotation 270 degrees:
INFO:  35 of 48 images passed (35 required)
INFO:  0 failed due to misreads, 13 not detected
INFO:  35 of 48 images passed with try harder (35 required)
INFO:  0 failed due to misreads, 13 not detected
INFO: Decoded 282 images out of 384 (73%, 282 required)
Tests run: 1, Failures: 0, Errors: 0, Skipped: 0, Time elapsed: 7.334 sec - in com.google.zxing.qrcode.QRCodeBlackBox4TestCase
Running com.google.zxing.pdf417.encoder.PDF417EncoderTestCase
Tests run: 4, Failures: 0, Errors: 0, Skipped: 0, Time elapsed: 0.02 sec - in com.google.zxing.pdf417.encoder.PDF417EncoderTestCase
Running com.google.zxing.pdf417.PDF417BlackBox2TestCase
INFO: Starting src/test/resources/blackbox/pdf417-2/01.png
INFO: Starting src/test/resources/blackbox/upca-3/06.png
INFO: Starting src/test/resources/blackbox/pdf417-2/02.png
INFO: Starting src/test/resources/blackbox/upca-3/07.png
INFO: Starting src/test/resources/blackbox/pdf417-2/03.png
INFO: Starting src/test/resources/blackbox/upca-3/08.png
INFO: Starting src/test/resources/blackbox/pdf417-2/04.png
INFO: Starting src/test/resources/blackbox/code128-2/31.png
INFO: Starting src/test/resources/blackbox/upca-3/09.png
INFO: Starting src/test/resources/blackbox/pdf417-2/05.png
INFO: Starting src/test/resources/blackbox/pdf417-2/06.png
INFO: Starting src/test/resources/blackbox/upca-3/10.png
INFO: Starting src/test/resources/blackbox/pdf417-2/07.png
INFO: Starting src/test/resources/blackbox/code128-2/32.png
INFO: Starting src/test/resources/blackbox/pdf417-2/08.png
INFO: Starting src/test/resources/blackbox/upca-3/11.png
INFO: Starting src/test/resources/blackbox/pdf417-2/09.png
INFO: Starting src/test/resources/blackbox/upca-3/12.png
INFO: Starting src/test/resources/blackbox/code128-2/33.png
INFO: Starting src/test/resources/blackbox/pdf417-2/10.png
INFO: Starting src/test/resources/blackbox/upca-3/13.png
INFO: Starting src/test/resources/blackbox/upca-3/14.png
INFO: Starting src/test/resources/blackbox/pdf417-2/11.png
INFO: Content mismatch: expected '854818000116' but got '854818097116' (try harder, rotation: 0)
INFO: Content mismatch: expected '854818000116' but got '854818097116' (try harder, rotation: 180)
INFO: Starting src/test/resources/blackbox/upca-3/15.png
INFO: Starting src/test/resources/blackbox/upca-3/16.png
INFO: Content mismatch: expected '854818000116' but got '854818003629' (try harder, rotation: 0)
INFO: Starting src/test/resources/blackbox/pdf417-2/12.png
INFO: Starting src/test/resources/blackbox/code128-2/34.png
INFO: Content mismatch: expected '854818000116' but got '854818003629' (try harder, rotation: 180)
INFO: Starting src/test/resources/blackbox/upca-3/17.png
INFO: Starting src/test/resources/blackbox/upca-3/18.png
INFO: Starting src/test/resources/blackbox/upca-3/19.png
INFO: Starting src/test/resources/blackbox/pdf417-2/13.png
INFO: Starting src/test/resources/blackbox/upca-3/20.png
INFO: Starting src/test/resources/blackbox/upca-3/21.png
INFO: Starting src/test/resources/blackbox/pdf417-2/14.png
INFO: Rotation 0 degrees:
INFO:  7 of 21 images passed (7 required)
INFO:  0 failed due to misreads, 14 not detected
INFO:  9 of 21 images passed with try harder (9 required)
INFO:  2 failed due to misreads, 10 not detected
INFO: Rotation 180 degrees:
INFO:  8 of 21 images passed (8 required)
INFO:  0 failed due to misreads, 13 not detected
INFO:  9 of 21 images passed with try harder (9 required)
INFO:  2 failed due to misreads, 10 not detected
INFO: Decoded 33 images out of 84 (39%, 33 required)
Tests run: 1, Failures: 0, Errors: 0, Skipped: 0, Time elapsed: 2.093 sec - in com.google.zxing.oned.UPCABlackBox3ReflectiveTestCase
Running com.google.zxing.oned.Code93BlackBox1TestCase
INFO: Starting src/test/resources/blackbox/code93-1/1.png
INFO: Starting src/test/resources/blackbox/code93-1/2.png
INFO: Starting src/test/resources/blackbox/code128-2/35.png
INFO: Starting src/test/resources/blackbox/pdf417-2/15.png
INFO: Starting src/test/resources/blackbox/code93-1/3.png
INFO: Rotation 0 degrees:
INFO:  3 of 3 images passed (3 required)
INFO:  0 failed due to misreads, 0 not detected
INFO:  3 of 3 images passed with try harder (3 required)
INFO:  0 failed due to misreads, 0 not detected
INFO: Rotation 180 degrees:
INFO:  3 of 3 images passed (3 required)
INFO:  0 failed due to misreads, 0 not detected
INFO:  3 of 3 images passed with try harder (3 required)
INFO:  0 failed due to misreads, 0 not detected
INFO: Decoded 12 images out of 12 (100%, 12 required)
Tests run: 1, Failures: 0, Errors: 0, Skipped: 0, Time elapsed: 0.131 sec - in com.google.zxing.oned.Code93BlackBox1TestCase
Running com.google.zxing.oned.UPCEBlackBox2TestCase
INFO: Starting src/test/resources/blackbox/upce-2/01.png
INFO: Starting src/test/resources/blackbox/pdf417-2/16.png
INFO: Starting src/test/resources/blackbox/upce-2/02.png
INFO: Starting src/test/resources/blackbox/code128-2/36.png
INFO: Starting src/test/resources/blackbox/pdf417-2/17.png
INFO: Starting src/test/resources/blackbox/upce-2/03.png
INFO: Starting src/test/resources/blackbox/upce-2/04.png
INFO: Starting src/test/resources/blackbox/pdf417-2/18.png
INFO: Starting src/test/resources/blackbox/upce-2/05.png
INFO: Starting src/test/resources/blackbox/upce-2/06.png
INFO: Starting src/test/resources/blackbox/code128-2/37.png
INFO: Starting src/test/resources/blackbox/upce-2/07.png
INFO: Starting src/test/resources/blackbox/upce-2/08.png
INFO: Starting src/test/resources/blackbox/pdf417-2/19.png
INFO: Starting src/test/resources/blackbox/upce-2/09.png
INFO: Starting src/test/resources/blackbox/upce-2/10.png
INFO: Starting src/test/resources/blackbox/upce-2/11.png
INFO: Starting src/test/resources/blackbox/pdf417-2/20.png
INFO: Starting src/test/resources/blackbox/upce-2/12.png
INFO: Starting src/test/resources/blackbox/upce-2/13.png
INFO: Starting src/test/resources/blackbox/upce-2/14.png
INFO: Starting src/test/resources/blackbox/code128-2/38.png
INFO: Content mismatch: expected '04963406' but got '04904144' (try harder, rotation: 0)
INFO: Starting src/test/resources/blackbox/pdf417-2/21.png
INFO: Content mismatch: expected '04963406' but got '04904144' (rotation: 180)
INFO: Content mismatch: expected '04963406' but got '04904144' (try harder, rotation: 180)
INFO: Starting src/test/resources/blackbox/upce-2/15.png
INFO: Starting src/test/resources/blackbox/upce-2/16.png
INFO: Starting src/test/resources/blackbox/upce-2/17.png
INFO: Starting src/test/resources/blackbox/pdf417-2/22.png
INFO: Starting src/test/resources/blackbox/upce-2/18.png
INFO: Starting src/test/resources/blackbox/upce-2/19.png
INFO: Starting src/test/resources/blackbox/code128-2/39.png
INFO: Starting src/test/resources/blackbox/upce-2/20.png
INFO: Starting src/test/resources/blackbox/pdf417-2/23.png
INFO: Starting src/test/resources/blackbox/upce-2/21.png
INFO: Starting src/test/resources/blackbox/pdf417-2/24.png
INFO: Starting src/test/resources/blackbox/upce-2/22.png
INFO: Starting src/test/resources/blackbox/upce-2/23.png
INFO: Starting src/test/resources/blackbox/code128-2/40.png
INFO: Starting src/test/resources/blackbox/upce-2/24.png
INFO: Starting src/test/resources/blackbox/upce-2/25.png
INFO: Starting src/test/resources/blackbox/upce-2/26.png
INFO: Starting src/test/resources/blackbox/upce-2/27.png
INFO: Rotation 0 degrees:
INFO:  36 of 40 images passed (36 required)
INFO:  0 failed due to misreads, 4 not detected
INFO:  39 of 40 images passed with try harder (39 required)
INFO:  0 failed due to misreads, 1 not detected
INFO: Rotation 180 degrees:
INFO:  36 of 40 images passed (36 required)
INFO:  0 failed due to misreads, 4 not detected
INFO:  39 of 40 images passed with try harder (39 required)
INFO:  0 failed due to misreads, 1 not detected
INFO: Decoded 150 images out of 160 (93%, 150 required)
Tests run: 1, Failures: 0, Errors: 0, Skipped: 0, Time elapsed: 10.704 sec - in com.google.zxing.oned.Code128BlackBox2TestCase
Running com.google.zxing.oned.EAN13BlackBox3TestCase
INFO: Starting src/test/resources/blackbox/upce-2/28.png
INFO: Starting src/test/resources/blackbox/ean13-3/01.png
INFO: Starting src/test/resources/blackbox/upce-2/29.png
INFO: Starting src/test/resources/blackbox/upce-2/30.png
INFO: Starting src/test/resources/blackbox/upce-2/31.png
INFO: Starting src/test/resources/blackbox/ean13-3/02.png
INFO: Starting src/test/resources/blackbox/upce-2/32.png
INFO: Starting src/test/resources/blackbox/upce-2/33.png
INFO: Starting src/test/resources/blackbox/ean13-3/03.png
INFO: Starting src/test/resources/blackbox/pdf417-2/25.png
INFO: Rotation 0 degrees:
INFO:  25 of 25 images passed (25 required)
INFO:  0 failed due to misreads, 0 not detected
INFO:  25 of 25 images passed with try harder (25 required)
INFO:  0 failed due to misreads, 0 not detected
INFO: Rotation 180 degrees:
INFO:  25 of 25 images passed (25 required)
INFO:  0 failed due to misreads, 0 not detected
INFO:  25 of 25 images passed with try harder (25 required)
INFO:  0 failed due to misreads, 0 not detected
INFO: Decoded 100 images out of 100 (100%, 100 required)
Tests run: 1, Failures: 0, Errors: 0, Skipped: 0, Time elapsed: 2.786 sec - in com.google.zxing.pdf417.PDF417BlackBox2TestCase
Running com.google.zxing.datamatrix.decoder.DecodedBitStreamParserTestCase
INFO: Starting src/test/resources/blackbox/ean13-3/04.png
INFO: Starting src/test/resources/blackbox/upce-2/34.png
Tests run: 2, Failures: 0, Errors: 0, Skipped: 0, Time elapsed: 0.031 sec - in com.google.zxing.datamatrix.decoder.DecodedBitStreamParserTestCase
Running com.google.zxing.datamatrix.DataMatrixWriterTestCase
INFO: Starting src/test/resources/blackbox/upce-2/35.png
Tests run: 3, Failures: 0, Errors: 0, Skipped: 0, Time elapsed: 0.026 sec - in com.google.zxing.datamatrix.DataMatrixWriterTestCase
Running com.google.zxing.datamatrix.DataMatrixBlackBox1TestCase
INFO: Starting src/test/resources/blackbox/datamatrix-1/0123456789.png
INFO: Starting src/test/resources/blackbox/ean13-3/05.png
INFO: Starting src/test/resources/blackbox/ean13-3/06.png
INFO: Starting src/test/resources/blackbox/datamatrix-1/GUID.png
INFO: Starting src/test/resources/blackbox/datamatrix-1/HelloWorld_Text_L_Kaywa.png
INFO: Starting src/test/resources/blackbox/ean13-3/07.png
INFO: Starting src/test/resources/blackbox/datamatrix-1/HelloWorld_Text_L_Kaywa_1_error_byte.png
INFO: Starting src/test/resources/blackbox/upce-2/36.png
INFO: Starting src/test/resources/blackbox/ean13-3/08.png
INFO: Starting src/test/resources/blackbox/datamatrix-1/HelloWorld_Text_L_Kaywa_2_error_byte.png
INFO: Starting src/test/resources/blackbox/upce-2/37.png
INFO: Starting src/test/resources/blackbox/upce-2/38.png
INFO: Starting src/test/resources/blackbox/datamatrix-1/HelloWorld_Text_L_Kaywa_3_error_byte.png
INFO: Starting src/test/resources/blackbox/ean13-3/09.png
INFO: Starting src/test/resources/blackbox/datamatrix-1/HelloWorld_Text_L_Kaywa_4_error_byte.png
INFO: Starting src/test/resources/blackbox/datamatrix-1/abcd-18x8.png
INFO: Starting src/test/resources/blackbox/datamatrix-1/abcd-26x12.png
INFO: Starting src/test/resources/blackbox/ean13-3/10.png
INFO: Starting src/test/resources/blackbox/datamatrix-1/abcd-32x8.png
INFO: Starting src/test/resources/blackbox/datamatrix-1/abcd-36x12.png
INFO: Starting src/test/resources/blackbox/datamatrix-1/abcd-36x16.png
INFO: Starting src/test/resources/blackbox/ean13-3/11.png
INFO: Starting src/test/resources/blackbox/datamatrix-1/abcd-48x16.png
INFO: Starting src/test/resources/blackbox/datamatrix-1/abcd-52x52-IDAutomation.png
INFO: Starting src/test/resources/blackbox/ean13-3/12.png
INFO: Starting src/test/resources/blackbox/upce-2/39.png
INFO: Starting src/test/resources/blackbox/datamatrix-1/abcd-52x52.png
INFO: Starting src/test/resources/blackbox/ean13-3/13.png
INFO: Starting src/test/resources/blackbox/upce-2/40.png
INFO: Starting src/test/resources/blackbox/upce-2/41.png
INFO: Starting src/test/resources/blackbox/ean13-3/14.png
INFO: Starting src/test/resources/blackbox/ean13-3/15.png
INFO: Starting src/test/resources/blackbox/datamatrix-1/abcdefg-64x64.png
INFO: Starting src/test/resources/blackbox/ean13-3/16.png
INFO: Starting src/test/resources/blackbox/ean13-3/17.png
INFO: Rotation 0 degrees:
INFO:  31 of 41 images passed (31 required)
INFO:  0 failed due to misreads, 10 not detected
INFO:  35 of 41 images passed with try harder (35 required)
INFO:  1 failed due to misreads, 5 not detected
INFO: Rotation 180 degrees:
INFO:  31 of 41 images passed (31 required)
INFO:  1 failed due to misreads, 9 not detected
INFO:  35 of 41 images passed with try harder (35 required)
INFO:  1 failed due to misreads, 5 not detected
INFO: Decoded 132 images out of 164 (80%, 132 required)
Tests run: 1, Failures: 0, Errors: 0, Skipped: 0, Time elapsed: 1.727 sec - in com.google.zxing.oned.UPCEBlackBox2TestCase
Running com.google.zxing.oned.UPCABlackBox4TestCase
INFO: Starting src/test/resources/blackbox/upca-4/1.png
INFO: Starting src/test/resources/blackbox/ean13-3/18.png
INFO: Starting src/test/resources/blackbox/datamatrix-1/abcdefg.png
INFO: Starting src/test/resources/blackbox/ean13-3/19.png
INFO: Starting src/test/resources/blackbox/ean13-3/20.png
INFO: Starting src/test/resources/blackbox/ean13-3/21.png
INFO: Starting src/test/resources/blackbox/datamatrix-1/zxing_URL_L_Kayway.png
INFO: Starting src/test/resources/blackbox/ean13-3/22.png
INFO: Starting src/test/resources/blackbox/ean13-3/23.png
INFO: Rotation 0 degrees:
INFO:  18 of 18 images passed (18 required)
INFO:  0 failed due to misreads, 0 not detected
INFO:  18 of 18 images passed with try harder (18 required)
INFO:  0 failed due to misreads, 0 not detected
INFO: Rotation 90 degrees:
INFO:  18 of 18 images passed (18 required)
INFO:  0 failed due to misreads, 0 not detected
INFO:  18 of 18 images passed with try harder (18 required)
INFO:  0 failed due to misreads, 0 not detected
INFO: Rotation 180 degrees:
INFO:  18 of 18 images passed (18 required)
INFO:  0 failed due to misreads, 0 not detected
INFO:  18 of 18 images passed with try harder (18 required)
INFO:  0 failed due to misreads, 0 not detected
INFO: Rotation 270 degrees:
INFO:  18 of 18 images passed (18 required)
INFO:  0 failed due to misreads, 0 not detected
INFO:  18 of 18 images passed with try harder (18 required)
INFO:  0 failed due to misreads, 0 not detected
INFO: Decoded 144 images out of 144 (100%, 144 required)
Tests run: 1, Failures: 0, Errors: 0, Skipped: 0, Time elapsed: 0.623 sec - in com.google.zxing.datamatrix.DataMatrixBlackBox1TestCase
Running com.google.zxing.aztec.detector.DetectorTest
INFO: Starting src/test/resources/blackbox/upca-4/10.png
INFO: Starting src/test/resources/blackbox/ean13-3/24.png
INFO: Starting src/test/resources/blackbox/ean13-3/25.png
INFO: Starting src/test/resources/blackbox/ean13-3/26.png
INFO: Format mismatch: expected 'UPC_A' but got 'EAN_13' (try harder, rotation: 0)
INFO: Starting src/test/resources/blackbox/ean13-3/27.png
INFO: Starting src/test/resources/blackbox/ean13-3/28.png
INFO: Starting src/test/resources/blackbox/ean13-3/29.png
INFO: Starting src/test/resources/blackbox/ean13-3/30.png
INFO: Format mismatch: expected 'UPC_A' but got 'EAN_13' (try harder, rotation: 180)
INFO: Starting src/test/resources/blackbox/upca-4/11.png
INFO: Starting src/test/resources/blackbox/ean13-3/31.png
INFO: Starting src/test/resources/blackbox/ean13-3/32.png
INFO: Starting src/test/resources/blackbox/ean13-3/33.png
Tests run: 3, Failures: 0, Errors: 0, Skipped: 0, Time elapsed: 0.453 sec - in com.google.zxing.aztec.detector.DetectorTest
Running com.google.zxing.aztec.AztecBlackBox1TestCase
INFO: Starting src/test/resources/blackbox/ean13-3/34.png
INFO: Starting src/test/resources/blackbox/aztec-1/7.png
INFO: Starting src/test/resources/blackbox/upca-4/12.png
INFO: Starting src/test/resources/blackbox/aztec-1/Historico.png
INFO: Starting src/test/resources/blackbox/ean13-3/35.png
INFO: Starting src/test/resources/blackbox/ean13-3/36.png
INFO: Starting src/test/resources/blackbox/aztec-1/HistoricoLong.png
INFO: Starting src/test/resources/blackbox/ean13-3/37.png
INFO: Starting src/test/resources/blackbox/ean13-3/38.png
INFO: Starting src/test/resources/blackbox/aztec-1/abc-19x19C.png
INFO: Starting src/test/resources/blackbox/ean13-3/39.png
INFO: Starting src/test/resources/blackbox/aztec-1/abc-37x37.png
INFO: Starting src/test/resources/blackbox/ean13-3/40.png
INFO: Starting src/test/resources/blackbox/ean13-3/41.png
INFO: Starting src/test/resources/blackbox/ean13-3/42.png
INFO: Starting src/test/resources/blackbox/ean13-3/43.png
INFO: Starting src/test/resources/blackbox/aztec-1/hello.png
INFO: Starting src/test/resources/blackbox/ean13-3/44.png
INFO: Starting src/test/resources/blackbox/ean13-3/45.png
INFO: Starting src/test/resources/blackbox/ean13-3/46.png
INFO: Starting src/test/resources/blackbox/ean13-3/47.png
INFO: Starting src/test/resources/blackbox/ean13-3/48.png
INFO: Starting src/test/resources/blackbox/ean13-3/49.png
INFO: Starting src/test/resources/blackbox/ean13-3/50.png
INFO: Starting src/test/resources/blackbox/ean13-3/51.png
INFO: Starting src/test/resources/blackbox/upca-4/13.png
INFO: Starting src/test/resources/blackbox/ean13-3/52.png
INFO: Starting src/test/resources/blackbox/ean13-3/53.png
INFO: Starting src/test/resources/blackbox/ean13-3/54.png
INFO: Starting src/test/resources/blackbox/ean13-3/55.png
INFO: Rotation 0 degrees:
INFO:  53 of 55 images passed (53 required)
INFO:  0 failed due to misreads, 2 not detected
INFO:  55 of 55 images passed with try harder (55 required)
INFO:  0 failed due to misreads, 0 not detected
INFO: Rotation 180 degrees:
INFO:  55 of 55 images passed (55 required)
INFO:  0 failed due to misreads, 0 not detected
INFO:  55 of 55 images passed with try harder (55 required)
INFO:  0 failed due to misreads, 0 not detected
INFO: Decoded 218 images out of 220 (99%, 218 required)
Tests run: 1, Failures: 0, Errors: 0, Skipped: 0, Time elapsed: 1.648 sec - in com.google.zxing.oned.EAN13BlackBox3TestCase
Running com.google.zxing.oned.EAN13WriterTestCase
Tests run: 1, Failures: 0, Errors: 0, Skipped: 0, Time elapsed: 0.003 sec - in com.google.zxing.oned.EAN13WriterTestCase
Running com.google.zxing.oned.UPCABlackBox6BlurryTestCase
INFO: Starting src/test/resources/blackbox/upca-6/01.png
INFO: Starting src/test/resources/blackbox/upca-6/02.png
INFO: Starting src/test/resources/blackbox/upca-6/03.png
INFO: Starting src/test/resources/blackbox/aztec-1/lorem-075x075.png
INFO: Starting src/test/resources/blackbox/upca-4/14.png
INFO: Starting src/test/resources/blackbox/aztec-1/lorem-105x105.png
INFO: Starting src/test/resources/blackbox/upca-6/04.png
INFO: Starting src/test/resources/blackbox/aztec-1/lorem-151x151.png
INFO: Starting src/test/resources/blackbox/upca-4/15.png
INFO: Starting src/test/resources/blackbox/upca-6/05.png
INFO: Starting src/test/resources/blackbox/upca-6/06.png
INFO: Starting src/test/resources/blackbox/upca-6/07.png
INFO: Starting src/test/resources/blackbox/upca-4/16.png
INFO: Starting src/test/resources/blackbox/upca-6/08.png
INFO: Starting src/test/resources/blackbox/upca-6/09.png
INFO: Starting src/test/resources/blackbox/aztec-1/tableShifts.png
INFO: Starting src/test/resources/blackbox/upca-6/10.png
INFO: Starting src/test/resources/blackbox/aztec-1/tag.png
INFO: Starting src/test/resources/blackbox/upca-6/11.png
INFO: Starting src/test/resources/blackbox/upca-4/17.png
INFO: Starting src/test/resources/blackbox/aztec-1/texte.png
INFO: Starting src/test/resources/blackbox/upca-6/12.png
INFO: Rotation 0 degrees:
INFO: Starting src/test/resources/blackbox/upca-6/13.png
INFO:  12 of 12 images passed (12 required)
INFO:  0 failed due to misreads, 0 not detected
INFO:  12 of 12 images passed with try harder (12 required)
INFO:  0 failed due to misreads, 0 not detected
INFO: Rotation 90 degrees:
INFO:  12 of 12 images passed (12 required)
INFO:  0 failed due to misreads, 0 not detected
INFO:  12 of 12 images passed with try harder (12 required)
INFO:  0 failed due to misreads, 0 not detected
INFO: Rotation 180 degrees:
INFO:  12 of 12 images passed (12 required)
INFO:  0 failed due to misreads, 0 not detected
INFO:  12 of 12 images passed with try harder (12 required)
INFO:  0 failed due to misreads, 0 not detected
INFO: Rotation 270 degrees:
INFO:  12 of 12 images passed (12 required)
INFO:  0 failed due to misreads, 0 not detected
INFO:  12 of 12 images passed with try harder (12 required)
INFO:  0 failed due to misreads, 0 not detected
INFO: Decoded 96 images out of 96 (100%, 96 required)
Tests run: 1, Failures: 0, Errors: 0, Skipped: 0, Time elapsed: 1.126 sec - in com.google.zxing.aztec.AztecBlackBox1TestCase
Running com.google.zxing.negative.FalsePositivesBlackBoxTestCase
INFO: Starting src/test/resources/blackbox/falsepositives/01.png
INFO: Starting src/test/resources/blackbox/upca-4/18.png
INFO: Starting src/test/resources/blackbox/upca-6/14.png
INFO: Starting src/test/resources/blackbox/upca-4/19.png
INFO: Starting src/test/resources/blackbox/upca-6/15.png
INFO: Try harder found false positive: '1858176738383' with format 'EAN_13' (rotation: 0)
INFO: Starting src/test/resources/blackbox/upca-6/16.png
INFO: Starting src/test/resources/blackbox/upca-6/17.png
INFO: Starting src/test/resources/blackbox/upca-4/2.png
INFO: Starting src/test/resources/blackbox/upca-6/18.png
INFO: Try harder found false positive: '1858176738383' with format 'EAN_13' (rotation: 90)
INFO: Starting src/test/resources/blackbox/upca-6/19.png
INFO: Rotation 0 degrees:
INFO:  0 of 19 images passed (0 required)
INFO:  0 failed due to misreads, 19 not detected
INFO:  0 of 19 images passed with try harder (0 required)
INFO:  0 failed due to misreads, 19 not detected
INFO: Rotation 180 degrees:
INFO:  0 of 19 images passed (0 required)
INFO:  0 failed due to misreads, 19 not detected
INFO:  0 of 19 images passed with try harder (0 required)
INFO:  0 failed due to misreads, 19 not detected
INFO: Decoded 0 images out of 76 (0%, 0 required)
Tests run: 1, Failures: 0, Errors: 0, Skipped: 0, Time elapsed: 1.319 sec - in com.google.zxing.oned.UPCABlackBox6BlurryTestCase
Running com.google.zxing.oned.EAN8BlackBox1TestCase
INFO: Starting src/test/resources/blackbox/ean8-1/1.png
INFO: Starting src/test/resources/blackbox/ean8-1/2.png
INFO: Starting src/test/resources/blackbox/ean8-1/3.png
INFO: Starting src/test/resources/blackbox/ean8-1/4.png
INFO: Starting src/test/resources/blackbox/ean8-1/5.png
INFO: Starting src/test/resources/blackbox/ean8-1/6.png
INFO: Try harder found false positive: '1858176738383' with format 'EAN_13' (rotation: 180)
INFO: Starting src/test/resources/blackbox/upca-4/3.png
INFO: Starting src/test/resources/blackbox/ean8-1/7.png
INFO: Starting src/test/resources/blackbox/ean8-1/8.png
INFO: Rotation 0 degrees:
INFO:  8 of 8 images passed (8 required)
INFO:  0 failed due to misreads, 0 not detected
INFO:  8 of 8 images passed with try harder (8 required)
INFO:  0 failed due to misreads, 0 not detected
INFO: Rotation 180 degrees:
INFO:  8 of 8 images passed (8 required)
INFO:  0 failed due to misreads, 0 not detected
INFO:  8 of 8 images passed with try harder (8 required)
INFO:  0 failed due to misreads, 0 not detected
INFO: Decoded 32 images out of 32 (100%, 32 required)
Tests run: 1, Failures: 0, Errors: 0, Skipped: 0, Time elapsed: 0.203 sec - in com.google.zxing.oned.EAN8BlackBox1TestCase
Running com.google.zxing.oned.EAN8WriterTestCase
Tests run: 1, Failures: 0, Errors: 0, Skipped: 0, Time elapsed: 0.022 sec - in com.google.zxing.oned.EAN8WriterTestCase
Running com.google.zxing.oned.ITFBlackBox2TestCase
INFO: Starting src/test/resources/blackbox/itf-2/01.png
INFO: Starting src/test/resources/blackbox/itf-2/02.png
INFO: Starting src/test/resources/blackbox/itf-2/03.png
INFO: Starting src/test/resources/blackbox/itf-2/04.png
INFO: Starting src/test/resources/blackbox/itf-2/05.png
INFO: Starting src/test/resources/blackbox/itf-2/06.png
INFO: Try harder found false positive: '1858176738383' with format 'EAN_13' (rotation: 270)
INFO: Starting src/test/resources/blackbox/falsepositives/02.png
INFO: Starting src/test/resources/blackbox/itf-2/07.png
INFO: Starting src/test/resources/blackbox/itf-2/08.png
INFO: Starting src/test/resources/blackbox/itf-2/09.png
INFO: Starting src/test/resources/blackbox/itf-2/10.png
INFO: Starting src/test/resources/blackbox/itf-2/11.png
INFO: Starting src/test/resources/blackbox/upca-4/4.png
INFO: Starting src/test/resources/blackbox/itf-2/12.png
INFO: Starting src/test/resources/blackbox/itf-2/13.png
INFO: Rotation 0 degrees:
INFO:  13 of 13 images passed (13 required)
INFO:  0 failed due to misreads, 0 not detected
INFO:  13 of 13 images passed with try harder (13 required)
INFO:  0 failed due to misreads, 0 not detected
INFO: Rotation 180 degrees:
INFO:  13 of 13 images passed (13 required)
INFO:  0 failed due to misreads, 0 not detected
INFO:  13 of 13 images passed with try harder (13 required)
INFO:  0 failed due to misreads, 0 not detected
INFO: Decoded 52 images out of 52 (100%, 52 required)
Tests run: 1, Failures: 0, Errors: 0, Skipped: 0, Time elapsed: 0.401 sec - in com.google.zxing.oned.ITFBlackBox2TestCase
Running com.google.zxing.oned.Code128BlackBox1TestCase
INFO: Starting src/test/resources/blackbox/code128-1/1.png
INFO: Starting src/test/resources/blackbox/code128-1/2.png
INFO: Starting src/test/resources/blackbox/upca-4/5.png
INFO: Starting src/test/resources/blackbox/code128-1/3.png
INFO: Starting src/test/resources/blackbox/code128-1/4.png
INFO: Starting src/test/resources/blackbox/upca-4/6.png
INFO: Starting src/test/resources/blackbox/upca-4/7.png
INFO: Starting src/test/resources/blackbox/upca-4/8.png
INFO: Starting src/test/resources/blackbox/code128-1/5.png
INFO: Starting src/test/resources/blackbox/falsepositives/03.png
INFO: Starting src/test/resources/blackbox/upca-4/9.png
INFO: Starting src/test/resources/blackbox/code128-1/6.png
INFO: Rotation 0 degrees:
INFO:  6 of 6 images passed (6 required)
INFO:  0 failed due to misreads, 0 not detected
INFO:  6 of 6 images passed with try harder (6 required)
INFO:  0 failed due to misreads, 0 not detected
INFO: Rotation 180 degrees:
INFO:  6 of 6 images passed (6 required)
INFO:  0 failed due to misreads, 0 not detected
INFO:  6 of 6 images passed with try harder (6 required)
INFO:  0 failed due to misreads, 0 not detected
INFO: Decoded 24 images out of 24 (100%, 24 required)
Tests run: 1, Failures: 0, Errors: 0, Skipped: 0, Time elapsed: 0.997 sec - in com.google.zxing.oned.Code128BlackBox1TestCase
Running com.google.zxing.common.PerspectiveTransformTestCase
Tests run: 2, Failures: 0, Errors: 0, Skipped: 0, Time elapsed: 0 sec - in com.google.zxing.common.PerspectiveTransformTestCase
Running com.google.zxing.common.reedsolomon.ReedSolomonTestCase
INFO: Rotation 0 degrees:
INFO:  9 of 19 images passed (9 required)
INFO:  0 failed due to misreads, 10 not detected
INFO:  11 of 19 images passed with try harder (11 required)
INFO:  1 failed due to misreads, 7 not detected
INFO: Rotation 180 degrees:
INFO:  9 of 19 images passed (9 required)
INFO:  0 failed due to misreads, 10 not detected
INFO:  11 of 19 images passed with try harder (11 required)
INFO:  1 failed due to misreads, 7 not detected
INFO: Decoded 40 images out of 76 (52%, 40 required)
Tests run: 1, Failures: 0, Errors: 0, Skipped: 0, Time elapsed: 4.42 sec - in com.google.zxing.oned.UPCABlackBox4TestCase
Running com.google.zxing.oned.UPCABlackBox2TestCase
INFO: Starting src/test/resources/blackbox/upca-2/01.png
INFO: Format mismatch: expected 'UPC_A' but got 'EAN_8' (try harder, rotation: 0)
INFO: Format mismatch: expected 'UPC_A' but got 'EAN_8' (try harder, rotation: 180)
INFO: Starting src/test/resources/blackbox/upca-2/02.png
INFO: Starting src/test/resources/blackbox/upca-2/03.png
INFO: Starting src/test/resources/blackbox/upca-2/04.png
INFO: Starting src/test/resources/blackbox/upca-2/05.png
INFO: Starting src/test/resources/blackbox/upca-2/06.png
INFO: Format mismatch: expected 'UPC_A' but got 'EAN_8' (try harder, rotation: 0)
INFO: Format mismatch: expected 'UPC_A' but got 'EAN_8' (try harder, rotation: 180)
INFO: Starting src/test/resources/blackbox/upca-2/07.png
INFO: Starting src/test/resources/blackbox/upca-2/08.png
INFO: Starting src/test/resources/blackbox/upca-2/09.png
INFO: Starting src/test/resources/blackbox/upca-2/10.png
INFO: Starting src/test/resources/blackbox/falsepositives/04.png
INFO: Starting src/test/resources/blackbox/upca-2/11.png
INFO: Starting src/test/resources/blackbox/upca-2/12.png
INFO: Starting src/test/resources/blackbox/upca-2/13.png
INFO: Starting src/test/resources/blackbox/upca-2/14.png
INFO: Starting src/test/resources/blackbox/upca-2/15.png
INFO: Starting src/test/resources/blackbox/upca-2/16.png
INFO: Starting src/test/resources/blackbox/upca-2/17.png
INFO: Starting src/test/resources/blackbox/upca-2/18.png
INFO: Starting src/test/resources/blackbox/upca-2/19.png
INFO: Starting src/test/resources/blackbox/upca-2/20.png
INFO: Starting src/test/resources/blackbox/upca-2/21.png
INFO: Starting src/test/resources/blackbox/upca-2/22.png
INFO: Starting src/test/resources/blackbox/upca-2/23.png
INFO: Starting src/test/resources/blackbox/upca-2/24.png
INFO: Starting src/test/resources/blackbox/upca-2/25.png
INFO: Starting src/test/resources/blackbox/upca-2/26.png
INFO: Starting src/test/resources/blackbox/upca-2/27.png
INFO: Starting src/test/resources/blackbox/upca-2/28.png
INFO: Starting src/test/resources/blackbox/upca-2/29.png
INFO: Starting src/test/resources/blackbox/upca-2/30.png
INFO: Starting src/test/resources/blackbox/upca-2/31.png
INFO: Starting src/test/resources/blackbox/upca-2/32.png
INFO: Starting src/test/resources/blackbox/upca-2/33.png
INFO: Starting src/test/resources/blackbox/upca-2/34.png
INFO: Starting src/test/resources/blackbox/upca-2/35.png
INFO: Starting src/test/resources/blackbox/upca-2/36.png
INFO: Starting src/test/resources/blackbox/upca-2/37.png
INFO: Starting src/test/resources/blackbox/upca-2/38.png
INFO: Starting src/test/resources/blackbox/upca-2/39.png
INFO: Starting src/test/resources/blackbox/upca-2/40.png
INFO: Starting src/test/resources/blackbox/upca-2/41.png
INFO: Starting src/test/resources/blackbox/upca-2/42.png
INFO: Starting src/test/resources/blackbox/upca-2/43.png
INFO: Starting src/test/resources/blackbox/upca-2/44.png
INFO: Starting src/test/resources/blackbox/upca-2/45.png
INFO: Starting src/test/resources/blackbox/upca-2/46.png
INFO: Starting src/test/resources/blackbox/upca-2/47.png
INFO: Starting src/test/resources/blackbox/upca-2/48.png
INFO: Starting src/test/resources/blackbox/upca-2/49.png
INFO: Starting src/test/resources/blackbox/falsepositives/05.png
INFO: Starting src/test/resources/blackbox/upca-2/50.png
INFO: Starting src/test/resources/blackbox/upca-2/51.png
INFO: Starting src/test/resources/blackbox/upca-2/52.png
INFO: Rotation 0 degrees:
INFO:  28 of 52 images passed (28 required)
INFO:  0 failed due to misreads, 24 not detected
INFO:  36 of 52 images passed with try harder (36 required)
INFO:  2 failed due to misreads, 14 not detected
INFO: Rotation 180 degrees:
INFO:  29 of 52 images passed (29 required)
INFO:  0 failed due to misreads, 23 not detected
INFO:  36 of 52 images passed with try harder (36 required)
INFO:  2 failed due to misreads, 14 not detected
INFO: Decoded 129 images out of 208 (62%, 129 required)
Tests run: 1, Failures: 0, Errors: 0, Skipped: 0, Time elapsed: 2.47 sec - in com.google.zxing.oned.UPCABlackBox2TestCase
Running com.google.zxing.oned.EAN13BlackBox1TestCase
INFO: Starting src/test/resources/blackbox/ean13-1/1.png
INFO: Starting src/test/resources/blackbox/ean13-1/10.png
INFO: Starting src/test/resources/blackbox/ean13-1/12.png
INFO: Starting src/test/resources/blackbox/falsepositives/06.png
INFO: Starting src/test/resources/blackbox/ean13-1/13.png
INFO: Starting src/test/resources/blackbox/ean13-1/14.png
INFO: Starting src/test/resources/blackbox/ean13-1/15.png
INFO: Starting src/test/resources/blackbox/ean13-1/18.png
INFO: Starting src/test/resources/blackbox/falsepositives/07.png
INFO: Starting src/test/resources/blackbox/ean13-1/19.png
INFO: Starting src/test/resources/blackbox/ean13-1/2.png
INFO: Try harder found false positive: '21290886' with format 'EAN_8' (rotation: 90)
INFO: Starting src/test/resources/blackbox/ean13-1/20.png
INFO: Starting src/test/resources/blackbox/ean13-1/21.png
INFO: Try harder found false positive: '21290886' with format 'EAN_8' (rotation: 180)
INFO: Starting src/test/resources/blackbox/ean13-1/22.png
INFO: Starting src/test/resources/blackbox/falsepositives/08.png
INFO: Starting src/test/resources/blackbox/ean13-1/23.png
INFO: Starting src/test/resources/blackbox/ean13-1/24.png
INFO: Starting src/test/resources/blackbox/ean13-1/25.png
INFO: Starting src/test/resources/blackbox/ean13-1/26.png
INFO: Starting src/test/resources/blackbox/ean13-1/28.png
INFO: Starting src/test/resources/blackbox/ean13-1/29.png
INFO: Starting src/test/resources/blackbox/falsepositives/09.png
INFO: Starting src/test/resources/blackbox/ean13-1/3.png
INFO: Starting src/test/resources/blackbox/ean13-1/30.png
INFO: Starting src/test/resources/blackbox/ean13-1/31.png
INFO: Starting src/test/resources/blackbox/ean13-1/32.png
INFO: Starting src/test/resources/blackbox/ean13-1/33.png
INFO: Starting src/test/resources/blackbox/falsepositives/10.png
INFO: Starting src/test/resources/blackbox/ean13-1/34.png
INFO: Starting src/test/resources/blackbox/ean13-1/35.png
INFO: Starting src/test/resources/blackbox/falsepositives/11.png
INFO: Starting src/test/resources/blackbox/ean13-1/36.png
INFO: Starting src/test/resources/blackbox/ean13-1/37.png
INFO: Starting src/test/resources/blackbox/ean13-1/38.png
INFO: Starting src/test/resources/blackbox/ean13-1/4.png
INFO: Starting src/test/resources/blackbox/ean13-1/5.png
INFO: Starting src/test/resources/blackbox/ean13-1/6.png
INFO: Starting src/test/resources/blackbox/ean13-1/7.png
INFO: Starting src/test/resources/blackbox/ean13-1/8.png
INFO: Starting src/test/resources/blackbox/falsepositives/12.png
INFO: Starting src/test/resources/blackbox/ean13-1/9.png
INFO: Rotation 0 degrees:
INFO:  30 of 34 images passed (30 required)
INFO:  0 failed due to misreads, 4 not detected
INFO:  32 of 34 images passed with try harder (32 required)
INFO:  0 failed due to misreads, 2 not detected
INFO: Rotation 180 degrees:
INFO:  27 of 34 images passed (27 required)
INFO:  0 failed due to misreads, 7 not detected
INFO:  32 of 34 images passed with try harder (32 required)
INFO:  0 failed due to misreads, 2 not detected
INFO: Decoded 121 images out of 136 (88%, 121 required)
Tests run: 1, Failures: 0, Errors: 0, Skipped: 0, Time elapsed: 5.225 sec - in com.google.zxing.oned.EAN13BlackBox1TestCase
Running com.google.zxing.oned.Code128WriterTestCase
Tests run: 4, Failures: 0, Errors: 0, Skipped: 0, Time elapsed: 0.005 sec - in com.google.zxing.oned.Code128WriterTestCase
Running com.google.zxing.oned.Code39BlackBox3TestCase
INFO: Starting src/test/resources/blackbox/code39-3/01.png
INFO: Starting src/test/resources/blackbox/code39-3/02.png
INFO: Starting src/test/resources/blackbox/code39-3/03.png
INFO: Starting src/test/resources/blackbox/code39-3/04.png
Tests run: 3, Failures: 0, Errors: 0, Skipped: 0, Time elapsed: 8.727 sec - in com.google.zxing.common.reedsolomon.ReedSolomonTestCase
Running com.google.zxing.client.result.URIParsedResultTestCase
Tests run: 7, Failures: 0, Errors: 0, Skipped: 0, Time elapsed: 0.04 sec - in com.google.zxing.client.result.URIParsedResultTestCase
Running com.google.zxing.client.result.ProductParsedResultTestCase
Tests run: 1, Failures: 0, Errors: 0, Skipped: 0, Time elapsed: 0.002 sec - in com.google.zxing.client.result.ProductParsedResultTestCase
Running com.google.zxing.client.result.ExpandedProductParsedResultTestCase
Tests run: 1, Failures: 0, Errors: 0, Skipped: 0, Time elapsed: 0 sec - in com.google.zxing.client.result.ExpandedProductParsedResultTestCase
Running com.google.zxing.client.result.ISBNParsedResultTestCase
Tests run: 1, Failures: 0, Errors: 0, Skipped: 0, Time elapsed: 0.001 sec - in com.google.zxing.client.result.ISBNParsedResultTestCase
Running com.google.zxing.client.result.AddressBookParsedResultTestCase
INFO: Starting src/test/resources/blackbox/code39-3/05.png
Tests run: 12, Failures: 0, Errors: 0, Skipped: 0, Time elapsed: 0.056 sec - in com.google.zxing.client.result.AddressBookParsedResultTestCase
Running com.google.zxing.qrcode.decoder.ModeTestCase
Tests run: 2, Failures: 0, Errors: 0, Skipped: 0, Time elapsed: 0.001 sec - in com.google.zxing.qrcode.decoder.ModeTestCase
Running com.google.zxing.qrcode.decoder.VersionTestCase
Tests run: 3, Failures: 0, Errors: 0, Skipped: 0, Time elapsed: 0.005 sec - in com.google.zxing.qrcode.decoder.VersionTestCase
Running com.google.zxing.qrcode.encoder.MaskUtilTestCase
Tests run: 5, Failures: 0, Errors: 0, Skipped: 0, Time elapsed: 0.004 sec - in com.google.zxing.qrcode.encoder.MaskUtilTestCase
Running com.google.zxing.qrcode.encoder.QRCodeTestCase
Tests run: 4, Failures: 0, Errors: 0, Skipped: 0, Time elapsed: 0.005 sec - in com.google.zxing.qrcode.encoder.QRCodeTestCase
Running com.google.zxing.qrcode.QRCodeBlackBox1TestCase
INFO: Starting src/test/resources/blackbox/qrcode-1/1.png
INFO: Starting src/test/resources/blackbox/code39-3/06.png
INFO: Starting src/test/resources/blackbox/qrcode-1/10.png
INFO: Starting src/test/resources/blackbox/qrcode-1/11.png
INFO: Starting src/test/resources/blackbox/code39-3/07.png
INFO: Starting src/test/resources/blackbox/falsepositives/13.png
INFO: Starting src/test/resources/blackbox/code39-3/08.png
INFO: Starting src/test/resources/blackbox/qrcode-1/12.png
INFO: Try harder found false positive: '03017932' with format 'UPC_E' (rotation: 0)
INFO: Starting src/test/resources/blackbox/code39-3/09.png
INFO: Starting src/test/resources/blackbox/qrcode-1/13.png
INFO: Starting src/test/resources/blackbox/code39-3/10.png
INFO: Starting src/test/resources/blackbox/code39-3/11.png
INFO: Starting src/test/resources/blackbox/code39-3/12.png
INFO: Starting src/test/resources/blackbox/code39-3/13.png
INFO: Starting src/test/resources/blackbox/code39-3/14.png
INFO: Starting src/test/resources/blackbox/code39-3/15.png
INFO: Try harder found false positive: '03017932' with format 'UPC_E' (rotation: 270)
INFO: Starting src/test/resources/blackbox/falsepositives/14.png
INFO: Starting src/test/resources/blackbox/qrcode-1/14.png
INFO: Starting src/test/resources/blackbox/code39-3/16.png
INFO: Starting src/test/resources/blackbox/code39-3/17.png
INFO: Rotation 0 degrees:
INFO:  17 of 17 images passed (17 required)
INFO:  0 failed due to misreads, 0 not detected
INFO:  17 of 17 images passed with try harder (17 required)
INFO:  0 failed due to misreads, 0 not detected
INFO: Rotation 180 degrees:
INFO:  17 of 17 images passed (17 required)
INFO:  0 failed due to misreads, 0 not detected
INFO:  17 of 17 images passed with try harder (17 required)
INFO:  0 failed due to misreads, 0 not detected
INFO: Decoded 68 images out of 68 (100%, 68 required)
Tests run: 1, Failures: 0, Errors: 0, Skipped: 0, Time elapsed: 2.463 sec - in com.google.zxing.oned.Code39BlackBox3TestCase
Running com.google.zxing.oned.CodabarBlackBox1TestCase
INFO: Starting src/test/resources/blackbox/codabar-1/01.png
INFO: Starting src/test/resources/blackbox/codabar-1/02.png
INFO: Starting src/test/resources/blackbox/codabar-1/03.png
INFO: Starting src/test/resources/blackbox/codabar-1/04.png
INFO: Starting src/test/resources/blackbox/codabar-1/09.png
INFO: Starting src/test/resources/blackbox/codabar-1/10.png
INFO: Starting src/test/resources/blackbox/codabar-1/11.png
INFO: Starting src/test/resources/blackbox/codabar-1/12.png
INFO: Starting src/test/resources/blackbox/codabar-1/13.png
INFO: Starting src/test/resources/blackbox/codabar-1/14.png
INFO: Starting src/test/resources/blackbox/codabar-1/15.png
INFO: Rotation 0 degrees:
INFO:  11 of 11 images passed (11 required)
INFO:  0 failed due to misreads, 0 not detected
INFO:  11 of 11 images passed with try harder (11 required)
INFO:  0 failed due to misreads, 0 not detected
INFO: Rotation 180 degrees:
INFO:  11 of 11 images passed (11 required)
INFO:  0 failed due to misreads, 0 not detected
INFO:  11 of 11 images passed with try harder (11 required)
INFO:  0 failed due to misreads, 0 not detected
INFO: Decoded 44 images out of 44 (100%, 44 required)
Tests run: 1, Failures: 0, Errors: 0, Skipped: 0, Time elapsed: 0.16 sec - in com.google.zxing.oned.CodabarBlackBox1TestCase
Running com.google.zxing.oned.CodaBarWriterTestCase
Tests run: 3, Failures: 0, Errors: 0, Skipped: 0, Time elapsed: 0.003 sec - in com.google.zxing.oned.CodaBarWriterTestCase
Running com.google.zxing.oned.Code39ExtendedBlackBox2TestCase
INFO: Starting src/test/resources/blackbox/code39-2/1.png
INFO: Starting src/test/resources/blackbox/code39-2/2.png
INFO: Rotation 0 degrees:
INFO:  2 of 2 images passed (2 required)
INFO:  0 failed due to misreads, 0 not detected
INFO:  2 of 2 images passed with try harder (2 required)
INFO:  0 failed due to misreads, 0 not detected
INFO: Rotation 180 degrees:
INFO:  2 of 2 images passed (2 required)
INFO:  0 failed due to misreads, 0 not detected
INFO:  2 of 2 images passed with try harder (2 required)
INFO:  0 failed due to misreads, 0 not detected
INFO: Decoded 8 images out of 8 (100%, 8 required)
Tests run: 1, Failures: 0, Errors: 0, Skipped: 0, Time elapsed: 0.019 sec - in com.google.zxing.oned.Code39ExtendedBlackBox2TestCase
Running com.google.zxing.oned.UPCABlackBox1TestCase
INFO: Starting src/test/resources/blackbox/upca-1/1.png
INFO: Starting src/test/resources/blackbox/upca-1/10.png
INFO: Starting src/test/resources/blackbox/qrcode-1/15.png
INFO: Starting src/test/resources/blackbox/upca-1/11.png
INFO: Starting src/test/resources/blackbox/upca-1/12.png
INFO: Starting src/test/resources/blackbox/upca-1/13.png
INFO: Starting src/test/resources/blackbox/upca-1/16.png
INFO: Starting src/test/resources/blackbox/upca-1/17.png
INFO: Starting src/test/resources/blackbox/upca-1/18.png
INFO: Starting src/test/resources/blackbox/falsepositives/15.png
INFO: Starting src/test/resources/blackbox/qrcode-1/16.png
INFO: Starting src/test/resources/blackbox/upca-1/19.png
INFO: Starting src/test/resources/blackbox/upca-1/2.png
INFO: Starting src/test/resources/blackbox/upca-1/20.png
INFO: Starting src/test/resources/blackbox/upca-1/21.png
INFO: Starting src/test/resources/blackbox/upca-1/27.png
INFO: Starting src/test/resources/blackbox/upca-1/28.png
INFO: Starting src/test/resources/blackbox/upca-1/29.png
INFO: Starting src/test/resources/blackbox/qrcode-1/17.png
INFO: Starting src/test/resources/blackbox/upca-1/3.png
INFO: Starting src/test/resources/blackbox/upca-1/35.png
INFO: Starting src/test/resources/blackbox/upca-1/4.png
INFO: Content mismatch: expected '070097025088' but got '070097026788' (try harder, rotation: 0)
INFO: Content mismatch: expected '070097025088' but got '070097026788' (try harder, rotation: 180)
INFO: Starting src/test/resources/blackbox/upca-1/5.png
INFO: Starting src/test/resources/blackbox/qrcode-1/18.png
INFO: Starting src/test/resources/blackbox/upca-1/8.png
INFO: Starting src/test/resources/blackbox/upca-1/9.png
INFO: Starting src/test/resources/blackbox/falsepositives/16.png
INFO: Rotation 0 degrees:
INFO:  14 of 21 images passed (14 required)
INFO:  0 failed due to misreads, 7 not detected
INFO:  18 of 21 images passed with try harder (18 required)
INFO:  1 failed due to misreads, 2 not detected
INFO: Rotation 180 degrees:
INFO:  16 of 21 images passed (16 required)
INFO:  0 failed due to misreads, 5 not detected
INFO:  18 of 21 images passed with try harder (18 required)
INFO:  1 failed due to misreads, 2 not detected
INFO: Decoded 66 images out of 84 (78%, 66 required)
Tests run: 1, Failures: 0, Errors: 0, Skipped: 0, Time elapsed: 1.95 sec - in com.google.zxing.oned.UPCABlackBox1TestCase
Running com.google.zxing.oned.EAN13BlackBox4TestCase
INFO: Starting src/test/resources/blackbox/ean13-4/01.png
INFO: Format mismatch: expected 'EAN_13' but got 'UPC_E' (rotation: 0)
INFO: Format mismatch: expected 'EAN_13' but got 'UPC_E' (try harder, rotation: 0)
INFO: Format mismatch: expected 'EAN_13' but got 'UPC_E' (rotation: 180)
INFO: Format mismatch: expected 'EAN_13' but got 'UPC_E' (try harder, rotation: 180)
INFO: Starting src/test/resources/blackbox/ean13-4/02.png
INFO: Starting src/test/resources/blackbox/ean13-4/03.png
INFO: Starting src/test/resources/blackbox/ean13-4/04.png
INFO: Starting src/test/resources/blackbox/ean13-4/05.png
INFO: Starting src/test/resources/blackbox/ean13-4/06.png
INFO: Starting src/test/resources/blackbox/ean13-4/07.png
INFO: Starting src/test/resources/blackbox/ean13-4/08.png
INFO: Starting src/test/resources/blackbox/ean13-4/09.png
INFO: Starting src/test/resources/blackbox/ean13-4/10.png
INFO: Starting src/test/resources/blackbox/ean13-4/11.png
INFO: Starting src/test/resources/blackbox/qrcode-1/19.png
INFO: Starting src/test/resources/blackbox/ean13-4/12.png
INFO: Starting src/test/resources/blackbox/ean13-4/13.png
INFO: Starting src/test/resources/blackbox/ean13-4/14.png
INFO: Starting src/test/resources/blackbox/ean13-4/15.png
INFO: Starting src/test/resources/blackbox/ean13-4/16.png
INFO: Starting src/test/resources/blackbox/qrcode-1/2.png
INFO: Starting src/test/resources/blackbox/ean13-4/17.png
INFO: Starting src/test/resources/blackbox/ean13-4/18.png
INFO: Starting src/test/resources/blackbox/qrcode-1/20.png
INFO: Starting src/test/resources/blackbox/ean13-4/19.png
INFO: Starting src/test/resources/blackbox/ean13-4/20.png
INFO: Starting src/test/resources/blackbox/falsepositives/17.png
INFO: Starting src/test/resources/blackbox/ean13-4/21.png
INFO: Starting src/test/resources/blackbox/ean13-4/22.png
INFO: Starting src/test/resources/blackbox/qrcode-1/3.png
INFO: Rotation 0 degrees:
INFO:  6 of 22 images passed (6 required)
INFO:  1 failed due to misreads, 15 not detected
INFO:  13 of 22 images passed with try harder (13 required)
INFO:  1 failed due to misreads, 8 not detected
INFO: Rotation 180 degrees:
INFO:  7 of 22 images passed (7 required)
INFO:  1 failed due to misreads, 14 not detected
INFO:  13 of 22 images passed with try harder (13 required)
INFO:  1 failed due to misreads, 8 not detected
INFO: Decoded 39 images out of 88 (44%, 39 required)
Tests run: 1, Failures: 0, Errors: 0, Skipped: 0, Time elapsed: 1.508 sec - in com.google.zxing.oned.EAN13BlackBox4TestCase
Running com.google.zxing.common.detector.MathUtilsTestCase
Tests run: 1, Failures: 0, Errors: 0, Skipped: 0, Time elapsed: 0.001 sec - in com.google.zxing.common.detector.MathUtilsTestCase
Running com.google.zxing.common.StringUtilsTestCase
Tests run: 3, Failures: 0, Errors: 0, Skipped: 0, Time elapsed: 0.029 sec - in com.google.zxing.common.StringUtilsTestCase
Running com.google.zxing.client.result.VINParsedResultTestCase
Tests run: 2, Failures: 0, Errors: 0, Skipped: 0, Time elapsed: 0.072 sec - in com.google.zxing.client.result.VINParsedResultTestCase
Running com.google.zxing.client.result.CalendarParsedResultTestCase
Tests run: 13, Failures: 0, Errors: 0, Skipped: 0, Time elapsed: 0.104 sec - in com.google.zxing.client.result.CalendarParsedResultTestCase
Running com.google.zxing.client.result.WifiParsedResultTestCase
Tests run: 4, Failures: 0, Errors: 0, Skipped: 0, Time elapsed: 0.01 sec - in com.google.zxing.client.result.WifiParsedResultTestCase
Running com.google.zxing.client.result.SMSMMSParsedResultTestCase
Tests run: 2, Failures: 0, Errors: 0, Skipped: 0, Time elapsed: 0.009 sec - in com.google.zxing.client.result.SMSMMSParsedResultTestCase
Running com.google.zxing.client.result.GeoParsedResultTestCase
Tests run: 1, Failures: 0, Errors: 0, Skipped: 0, Time elapsed: 0.015 sec - in com.google.zxing.client.result.GeoParsedResultTestCase
Running com.google.zxing.qrcode.decoder.DecodedBitStreamParserTestCase
Tests run: 4, Failures: 0, Errors: 0, Skipped: 0, Time elapsed: 0.073 sec - in com.google.zxing.qrcode.decoder.DecodedBitStreamParserTestCase
Running com.google.zxing.qrcode.decoder.ErrorCorrectionLevelTestCase
Tests run: 1, Failures: 0, Errors: 0, Skipped: 0, Time elapsed: 0 sec - in com.google.zxing.qrcode.decoder.ErrorCorrectionLevelTestCase
Running com.google.zxing.qrcode.encoder.EncoderTestCase
Tests run: 16, Failures: 0, Errors: 0, Skipped: 0, Time elapsed: 0.226 sec - in com.google.zxing.qrcode.encoder.EncoderTestCase
Running com.google.zxing.qrcode.QRCodeWriterTestCase
Tests run: 2, Failures: 0, Errors: 0, Skipped: 0, Time elapsed: 0.035 sec - in com.google.zxing.qrcode.QRCodeWriterTestCase
Running com.google.zxing.qrcode.QRCodeBlackBox6TestCase
INFO: Starting src/test/resources/blackbox/falsepositives/18.png
INFO: Starting src/test/resources/blackbox/qrcode-6/1.png
INFO: Starting src/test/resources/blackbox/qrcode-1/4.png
INFO: Starting src/test/resources/blackbox/qrcode-6/10.png
INFO: Starting src/test/resources/blackbox/qrcode-1/5.png
INFO: Starting src/test/resources/blackbox/qrcode-6/11.png
INFO: Starting src/test/resources/blackbox/falsepositives/19.png
INFO: Starting src/test/resources/blackbox/qrcode-6/12.png
INFO: Starting src/test/resources/blackbox/qrcode-1/6.png
INFO: Starting src/test/resources/blackbox/qrcode-6/13.png
INFO: Starting src/test/resources/blackbox/qrcode-1/7.png
INFO: Starting src/test/resources/blackbox/qrcode-6/14.png
INFO: Starting src/test/resources/blackbox/qrcode-1/8.png
INFO: Starting src/test/resources/blackbox/falsepositives/20.png
INFO: Starting src/test/resources/blackbox/qrcode-6/15.png
INFO: Starting src/test/resources/blackbox/qrcode-1/9.png
INFO: Starting src/test/resources/blackbox/qrcode-6/2.png
INFO: Rotation 0 degrees:
INFO:  17 of 20 images passed (17 required)
INFO:  0 failed due to misreads, 3 not detected
INFO:  17 of 20 images passed with try harder (17 required)
INFO:  0 failed due to misreads, 3 not detected
INFO: Rotation 90 degrees:
INFO:  14 of 20 images passed (14 required)
INFO:  0 failed due to misreads, 6 not detected
INFO:  14 of 20 images passed with try harder (14 required)
INFO:  0 failed due to misreads, 6 not detected
INFO: Rotation 180 degrees:
INFO:  17 of 20 images passed (17 required)
INFO:  0 failed due to misreads, 3 not detected
INFO:  17 of 20 images passed with try harder (17 required)
INFO:  0 failed due to misreads, 3 not detected
INFO: Rotation 270 degrees:
INFO:  14 of 20 images passed (14 required)
INFO:  0 failed due to misreads, 6 not detected
INFO:  14 of 20 images passed with try harder (14 required)
INFO:  0 failed due to misreads, 6 not detected
INFO: Decoded 124 images out of 160 (77%, 124 required)
Tests run: 1, Failures: 0, Errors: 0, Skipped: 0, Time elapsed: 8.274 sec - in com.google.zxing.qrcode.QRCodeBlackBox1TestCase
Running com.google.zxing.pdf417.PDF417BlackBox1TestCase
INFO: Starting src/test/resources/blackbox/pdf417-1/01.png
INFO: Starting src/test/resources/blackbox/qrcode-6/3.png
INFO: Starting src/test/resources/blackbox/pdf417-1/02.png
INFO: Starting src/test/resources/blackbox/pdf417-1/03.png
INFO: Starting src/test/resources/blackbox/pdf417-1/04.png
INFO: Starting src/test/resources/blackbox/pdf417-1/05.png
INFO: Starting src/test/resources/blackbox/pdf417-1/06.png
INFO: Starting src/test/resources/blackbox/qrcode-6/4.png
INFO: Starting src/test/resources/blackbox/pdf417-1/07.png
INFO: Starting src/test/resources/blackbox/pdf417-1/09.png
INFO: Starting src/test/resources/blackbox/pdf417-1/10.png
INFO: Rotation 0 degrees:
INFO:  9 of 9 images passed (9 required)
INFO:  0 failed due to misreads, 0 not detected
INFO:  9 of 9 images passed with try harder (9 required)
INFO:  0 failed due to misreads, 0 not detected
INFO: Rotation 180 degrees:
INFO:  9 of 9 images passed (9 required)
INFO:  0 failed due to misreads, 0 not detected
INFO:  9 of 9 images passed with try harder (9 required)
INFO:  0 failed due to misreads, 0 not detected
INFO: Decoded 36 images out of 36 (100%, 36 required)
Tests run: 1, Failures: 0, Errors: 0, Skipped: 0, Time elapsed: 0.444 sec - in com.google.zxing.pdf417.PDF417BlackBox1TestCase
INFO: Starting src/test/resources/blackbox/qrcode-6/5.png
Running com.google.zxing.pdf417.PDF417BlackBox3TestCase
INFO: Starting src/test/resources/blackbox/pdf417-3/01.png
INFO: Starting src/test/resources/blackbox/falsepositives/21.png
INFO: Starting src/test/resources/blackbox/pdf417-3/02.png
INFO: Starting src/test/resources/blackbox/qrcode-6/6.png
INFO: Starting src/test/resources/blackbox/pdf417-3/03.png
INFO: Starting src/test/resources/blackbox/qrcode-6/7.png
INFO: Starting src/test/resources/blackbox/pdf417-3/04.png
INFO: Starting src/test/resources/blackbox/falsepositives/22.png
INFO: Starting src/test/resources/blackbox/qrcode-6/8.png
INFO: Starting src/test/resources/blackbox/pdf417-3/05.png
INFO: Starting src/test/resources/blackbox/qrcode-6/9.png
INFO: Starting src/test/resources/blackbox/pdf417-3/06.png
INFO: Starting src/test/resources/blackbox/pdf417-3/07.png
INFO: Starting src/test/resources/blackbox/pdf417-3/08.png
INFO: Rotation 0 degrees:
INFO:  15 of 15 images passed (15 required)
INFO:  0 failed due to misreads, 0 not detected
INFO:  15 of 15 images passed with try harder (15 required)
INFO:  0 failed due to misreads, 0 not detected
INFO: Rotation 90 degrees:
INFO:  14 of 15 images passed (14 required)
INFO:  0 failed due to misreads, 1 not detected
INFO:  14 of 15 images passed with try harder (14 required)
INFO:  0 failed due to misreads, 1 not detected
INFO: Rotation 180 degrees:
INFO:  12 of 15 images passed (12 required)
INFO:  0 failed due to misreads, 3 not detected
INFO:  13 of 15 images passed with try harder (13 required)
INFO:  0 failed due to misreads, 2 not detected
INFO: Rotation 270 degrees:
INFO:  14 of 15 images passed (14 required)
INFO:  0 failed due to misreads, 1 not detected
INFO:  14 of 15 images passed with try harder (14 required)
INFO:  0 failed due to misreads, 1 not detected
INFO: Decoded 111 images out of 120 (92%, 111 required)
Tests run: 1, Failures: 0, Errors: 0, Skipped: 0, Time elapsed: 3.963 sec - in com.google.zxing.qrcode.QRCodeBlackBox6TestCase
Running com.google.zxing.pdf417.decoder.ec.ErrorCorrectionTestCase
INFO: Starting src/test/resources/blackbox/pdf417-3/09.png
INFO: Starting src/test/resources/blackbox/pdf417-3/10.png
Tests run: 6, Failures: 0, Errors: 0, Skipped: 2, Time elapsed: 0.281 sec - in com.google.zxing.pdf417.decoder.ec.ErrorCorrectionTestCase
Running com.google.zxing.datamatrix.encoder.ErrorCorrectionTestCase
Tests run: 1, Failures: 0, Errors: 0, Skipped: 0, Time elapsed: 0.004 sec - in com.google.zxing.datamatrix.encoder.ErrorCorrectionTestCase
Running com.google.zxing.datamatrix.encoder.HighLevelEncodeTestCase
INFO: Starting src/test/resources/blackbox/pdf417-3/11.png
INFO: Starting src/test/resources/blackbox/pdf417-3/12.png
Tests run: 19, Failures: 0, Errors: 0, Skipped: 1, Time elapsed: 0.048 sec - in com.google.zxing.datamatrix.encoder.HighLevelEncodeTestCase
Running com.google.zxing.aztec.decoder.DecoderTest
Tests run: 2, Failures: 0, Errors: 0, Skipped: 0, Time elapsed: 0.02 sec - in com.google.zxing.aztec.decoder.DecoderTest
Running com.google.zxing.negative.UnsupportedBlackBoxTestCase
INFO: Starting src/test/resources/blackbox/unsupported/01.png
INFO: Starting src/test/resources/blackbox/pdf417-3/13.png
INFO: Starting src/test/resources/blackbox/pdf417-3/14.png
INFO: Rotation 0 degrees: 2 of 22 images were false positives (2 allowed)
INFO: Rotation 90 degrees: 2 of 22 images were false positives (2 allowed)
INFO: Rotation 180 degrees: 2 of 22 images were false positives (2 allowed)
INFO: Rotation 270 degrees: 2 of 22 images were false positives (2 allowed)
Tests run: 1, Failures: 0, Errors: 0, Skipped: 0, Time elapsed: 22.005 sec - in com.google.zxing.negative.FalsePositivesBlackBoxTestCase
Running com.google.zxing.negative.FalsePositives2BlackBoxTestCase
INFO: Starting src/test/resources/blackbox/falsepositives-2/01.png
INFO: Starting src/test/resources/blackbox/unsupported/03.png
INFO: Starting src/test/resources/blackbox/pdf417-3/15.png
INFO: Starting src/test/resources/blackbox/pdf417-3/16.png
INFO: Starting src/test/resources/blackbox/pdf417-3/17.png
INFO: Starting src/test/resources/blackbox/pdf417-3/18.png
INFO: Rotation 0 degrees:
INFO:  18 of 18 images passed (18 required)
INFO:  0 failed due to misreads, 0 not detected
INFO:  18 of 18 images passed with try harder (18 required)
INFO:  0 failed due to misreads, 0 not detected
INFO: Rotation 180 degrees:
INFO:  18 of 18 images passed (18 required)
INFO:  0 failed due to misreads, 0 not detected
INFO:  18 of 18 images passed with try harder (18 required)
INFO:  0 failed due to misreads, 0 not detected
INFO: Decoded 72 images out of 72 (100%, 72 required)
Tests run: 1, Failures: 0, Errors: 0, Skipped: 0, Time elapsed: 2.726 sec - in com.google.zxing.pdf417.PDF417BlackBox3TestCase
Running com.google.zxing.pdf417.PDF417BlackBox4TestCase
INFO: Starting src/test/resources/blackbox/unsupported/04.png
INFO: Starting src/test/resources/blackbox/falsepositives-2/02.png
INFO: Rotation 0 degrees:
INFO:  2 of 2 images passed (2 required)
INFO:  0 failed due to misreads, 0 not detected
INFO:  2 of 2 images passed with try harder (2 required)
INFO:  0 failed due to misreads, 0 not detected
INFO: Decoded 4 images out of 4 (100%, 4 required)
Tests run: 1, Failures: 0, Errors: 0, Skipped: 0, Time elapsed: 0.478 sec - in com.google.zxing.pdf417.PDF417BlackBox4TestCase
Running com.google.zxing.datamatrix.DataMatrixBlackBox2TestCase
INFO: Starting src/test/resources/blackbox/datamatrix-2/01.png
INFO: Starting src/test/resources/blackbox/datamatrix-2/02.png
INFO: Starting src/test/resources/blackbox/datamatrix-2/03.png
INFO: Starting src/test/resources/blackbox/datamatrix-2/04.png
INFO: Starting src/test/resources/blackbox/datamatrix-2/05.png
INFO: Starting src/test/resources/blackbox/datamatrix-2/06.png
INFO: Starting src/test/resources/blackbox/unsupported/05.png
INFO: Starting src/test/resources/blackbox/datamatrix-2/07.png
INFO: Starting src/test/resources/blackbox/datamatrix-2/08.png
INFO: Starting src/test/resources/blackbox/datamatrix-2/09.png
INFO: Starting src/test/resources/blackbox/datamatrix-2/10.png
INFO: Starting src/test/resources/blackbox/datamatrix-2/11.png
INFO: Starting src/test/resources/blackbox/falsepositives-2/03.png
INFO: Starting src/test/resources/blackbox/datamatrix-2/12.png
INFO: Starting src/test/resources/blackbox/datamatrix-2/13.png
INFO: Starting src/test/resources/blackbox/datamatrix-2/14.png
INFO: Starting src/test/resources/blackbox/datamatrix-2/15.png
INFO: Starting src/test/resources/blackbox/datamatrix-2/16.png
INFO: Format mismatch: expected 'DATA_MATRIX' but got 'UPC_E' (try harder, rotation: 0)
INFO: Rotation 0 degrees: 0 of 4 images were false positives (0 allowed)
INFO: Rotation 90 degrees: 0 of 4 images were false positives (0 allowed)
INFO: Format mismatch: expected 'DATA_MATRIX' but got 'UPC_E' (try harder, rotation: 90)
INFO: Rotation 180 degrees: 0 of 4 images were false positives (0 allowed)
INFO: Rotation 270 degrees: 0 of 4 images were false positives (0 allowed)
Tests run: 1, Failures: 0, Errors: 0, Skipped: 0, Time elapsed: 2.987 sec - in com.google.zxing.negative.UnsupportedBlackBoxTestCase
Running com.google.zxing.negative.PartialBlackBoxTestCase
INFO: Starting src/test/resources/blackbox/partial/01.png
INFO: Format mismatch: expected 'DATA_MATRIX' but got 'UPC_E' (try harder, rotation: 180)
INFO: Starting src/test/resources/blackbox/falsepositives-2/04.png
INFO: Format mismatch: expected 'DATA_MATRIX' but got 'UPC_E' (try harder, rotation: 270)
INFO: Starting src/test/resources/blackbox/datamatrix-2/17.png
INFO: Starting src/test/resources/blackbox/datamatrix-2/18.png
INFO: Rotation 0 degrees:
INFO:  8 of 18 images passed (8 required)
INFO:  0 failed due to misreads, 10 not detected
INFO:  8 of 18 images passed with try harder (8 required)
INFO:  1 failed due to misreads, 9 not detected
INFO: Rotation 90 degrees:
INFO:  14 of 18 images passed (14 required)
INFO:  0 failed due to misreads, 4 not detected
INFO:  14 of 18 images passed with try harder (14 required)
INFO:  1 failed due to misreads, 3 not detected
INFO: Rotation 180 degrees:
INFO:  14 of 18 images passed (14 required)
INFO:  0 failed due to misreads, 4 not detected
INFO:  14 of 18 images passed with try harder (14 required)
INFO:  1 failed due to misreads, 3 not detected
INFO: Rotation 270 degrees:
INFO:  13 of 18 images passed (13 required)
INFO:  0 failed due to misreads, 5 not detected
INFO:  13 of 18 images passed with try harder (13 required)
INFO:  1 failed due to misreads, 4 not detected
INFO: Decoded 98 images out of 144 (68%, 98 required)
Tests run: 1, Failures: 0, Errors: 0, Skipped: 0, Time elapsed: 1.823 sec - in com.google.zxing.datamatrix.DataMatrixBlackBox2TestCase
Running com.google.zxing.datamatrix.encoder.SymbolInfoTestCase
Tests run: 1, Failures: 0, Errors: 0, Skipped: 0, Time elapsed: 0.005 sec - in com.google.zxing.datamatrix.encoder.SymbolInfoTestCase
Running com.google.zxing.datamatrix.encoder.PlacementTestCase
Tests run: 1, Failures: 0, Errors: 0, Skipped: 0, Time elapsed: 0.007 sec - in com.google.zxing.datamatrix.encoder.PlacementTestCase
Running com.google.zxing.aztec.AztecBlackBox2TestCase
INFO: Starting src/test/resources/blackbox/aztec-2/01.png
INFO: Starting src/test/resources/blackbox/aztec-2/02.png
INFO: Starting src/test/resources/blackbox/aztec-2/03.png
INFO: Starting src/test/resources/blackbox/aztec-2/04.png
INFO: Starting src/test/resources/blackbox/aztec-2/05.png
INFO: Starting src/test/resources/blackbox/aztec-2/06.png
INFO: Starting src/test/resources/blackbox/partial/02.png
INFO: Starting src/test/resources/blackbox/aztec-2/07.png
INFO: Starting src/test/resources/blackbox/falsepositives-2/05.png
INFO: Starting src/test/resources/blackbox/aztec-2/08.png
INFO: Starting src/test/resources/blackbox/aztec-2/09.png
INFO: Starting src/test/resources/blackbox/aztec-2/10.png
INFO: Starting src/test/resources/blackbox/aztec-2/11.png
INFO: Starting src/test/resources/blackbox/aztec-2/12.png
INFO: Starting src/test/resources/blackbox/aztec-2/13.png
INFO: Starting src/test/resources/blackbox/aztec-2/14.png
INFO: Starting src/test/resources/blackbox/aztec-2/15.png
INFO: Starting src/test/resources/blackbox/partial/03.png
INFO: Starting src/test/resources/blackbox/aztec-2/16.png
INFO: Starting src/test/resources/blackbox/aztec-2/17.png
INFO: Starting src/test/resources/blackbox/aztec-2/18.png
INFO: Starting src/test/resources/blackbox/falsepositives-2/06.png
INFO: Starting src/test/resources/blackbox/aztec-2/19.png
INFO: Starting src/test/resources/blackbox/aztec-2/20.png
INFO: Starting src/test/resources/blackbox/aztec-2/21.png
INFO: Starting src/test/resources/blackbox/falsepositives-2/07.png
INFO: Starting src/test/resources/blackbox/aztec-2/22.png
INFO: Starting src/test/resources/blackbox/partial/04.png
INFO: Rotation 0 degrees:
INFO:  5 of 22 images passed (5 required)
INFO:  0 failed due to misreads, 17 not detected
INFO:  5 of 22 images passed with try harder (5 required)
INFO:  0 failed due to misreads, 17 not detected
INFO: Rotation 90 degrees:
INFO:  4 of 22 images passed (4 required)
INFO:  0 failed due to misreads, 18 not detected
INFO:  4 of 22 images passed with try harder (4 required)
INFO:  0 failed due to misreads, 18 not detected
INFO: Rotation 180 degrees:
INFO:  6 of 22 images passed (6 required)
INFO:  0 failed due to misreads, 16 not detected
INFO:  6 of 22 images passed with try harder (6 required)
INFO:  0 failed due to misreads, 16 not detected
INFO: Rotation 270 degrees:
INFO:  3 of 22 images passed (3 required)
INFO:  0 failed due to misreads, 19 not detected
INFO:  3 of 22 images passed with try harder (3 required)
INFO:  0 failed due to misreads, 19 not detected
INFO: Decoded 36 images out of 176 (20%, 36 required)
Tests run: 1, Failures: 0, Errors: 0, Skipped: 0, Time elapsed: 2.511 sec - in com.google.zxing.aztec.AztecBlackBox2TestCase
Running com.google.zxing.aztec.encoder.EncoderTest
INFO: Starting src/test/resources/blackbox/falsepositives-2/08.png
INFO: Starting src/test/resources/blackbox/falsepositives-2/09.png
INFO: Starting src/test/resources/blackbox/partial/05.png
INFO: Starting src/test/resources/blackbox/falsepositives-2/10.png
INFO: Found false positive: '12251117' with format 'EAN_8' (rotation: 0)
INFO: Try harder found false positive: '12251117' with format 'EAN_8' (rotation: 90)
INFO: Starting src/test/resources/blackbox/partial/06.png
INFO: Try harder found false positive: '12251117' with format 'EAN_8' (rotation: 180)
INFO: Try harder found false positive: '12251117' with format 'EAN_8' (rotation: 270)
INFO: Starting src/test/resources/blackbox/falsepositives-2/11.png
INFO: Starting src/test/resources/blackbox/partial/07.png
INFO: Starting src/test/resources/blackbox/falsepositives-2/12.png
INFO: Starting src/test/resources/blackbox/partial/08.png
Tests run: 18, Failures: 0, Errors: 0, Skipped: 0, Time elapsed: 4.358 sec - in com.google.zxing.aztec.encoder.EncoderTest
INFO: Starting src/test/resources/blackbox/falsepositives-2/13.png
INFO: Found false positive: '02371672' with format 'UPC_E' (rotation: 0)
INFO: Try harder found false positive: '02371672' with format 'UPC_E' (rotation: 90)
INFO: Found false positive: '17321679' with format 'UPC_E' (rotation: 180)
INFO: Try harder found false positive: '02371672' with format 'UPC_E' (rotation: 270)
INFO: Starting src/test/resources/blackbox/falsepositives-2/14.png
INFO: Starting src/test/resources/blackbox/partial/09.png
INFO: Starting src/test/resources/blackbox/partial/10.png
INFO: Starting src/test/resources/blackbox/falsepositives-2/15.png
INFO: Starting src/test/resources/blackbox/partial/11.png
INFO: Starting src/test/resources/blackbox/falsepositives-2/16.png
INFO: Starting src/test/resources/blackbox/partial/12.png
INFO: Starting src/test/resources/blackbox/falsepositives-2/17.png
INFO: Try harder found false positive: '06117825' with format 'UPC_E' (rotation: 0)
INFO: Try harder found false positive: '02176871' with format 'EAN_8' (rotation: 90)
INFO: Starting src/test/resources/blackbox/partial/13.png
INFO: Try harder found false positive: '06117825' with format 'UPC_E' (rotation: 180)
INFO: Try harder found false positive: '02176871' with format 'EAN_8' (rotation: 270)
INFO: Starting src/test/resources/blackbox/falsepositives-2/18.png
INFO: Starting src/test/resources/blackbox/partial/14.png
INFO: Starting src/test/resources/blackbox/falsepositives-2/19.png
INFO: Starting src/test/resources/blackbox/partial/15.png
INFO: Starting src/test/resources/blackbox/falsepositives-2/20.png
INFO: Starting src/test/resources/blackbox/partial/16.png
INFO: Try harder found false positive: '06182218' with format 'UPC_E' (rotation: 0)
INFO: Try harder found false positive: '06182218' with format 'UPC_E' (rotation: 90)
INFO: Try harder found false positive: '06182218' with format 'UPC_E' (rotation: 180)
INFO: Try harder found false positive: '06182218' with format 'UPC_E' (rotation: 270)
INFO: Starting src/test/resources/blackbox/falsepositives-2/21.png
INFO: Starting src/test/resources/blackbox/partial/17.png
INFO: Starting src/test/resources/blackbox/partial/18.png
INFO: Starting src/test/resources/blackbox/falsepositives-2/22.png
INFO: Starting src/test/resources/blackbox/partial/19.png
INFO: Starting src/test/resources/blackbox/partial/20.png
INFO: Starting src/test/resources/blackbox/falsepositives-2/23.png
INFO: Starting src/test/resources/blackbox/partial/21.png
INFO: Starting src/test/resources/blackbox/partial/22.png
INFO: Starting src/test/resources/blackbox/partial/23.png
INFO: Starting src/test/resources/blackbox/falsepositives-2/24.png
INFO: Starting src/test/resources/blackbox/partial/24.png
INFO: Starting src/test/resources/blackbox/falsepositives-2/25.png
INFO: Starting src/test/resources/blackbox/partial/25.png
INFO: Rotation 0 degrees: 4 of 25 images were false positives (4 allowed)
INFO: Rotation 90 degrees: 4 of 25 images were false positives (4 allowed)
INFO: Rotation 180 degrees: 4 of 25 images were false positives (4 allowed)
INFO: Rotation 270 degrees: 4 of 25 images were false positives (4 allowed)
Tests run: 1, Failures: 0, Errors: 0, Skipped: 0, Time elapsed: 15.4 sec - in com.google.zxing.negative.FalsePositives2BlackBoxTestCase
Running com.google.zxing.PlanarYUVLuminanceSourceTestCase
Tests run: 2, Failures: 0, Errors: 0, Skipped: 0, Time elapsed: 0.012 sec - in com.google.zxing.PlanarYUVLuminanceSourceTestCase
INFO: Starting src/test/resources/blackbox/partial/26.png
INFO: Starting src/test/resources/blackbox/partial/27.png
INFO: Starting src/test/resources/blackbox/partial/28.png
INFO: Starting src/test/resources/blackbox/partial/29.png
INFO: Starting src/test/resources/blackbox/partial/30.png
INFO: Starting src/test/resources/blackbox/partial/31.png
INFO: Starting src/test/resources/blackbox/partial/32.png
INFO: Starting src/test/resources/blackbox/partial/33.png
INFO: Try harder found false positive: '02751160' with format 'UPC_E' (rotation: 0)
INFO: Try harder found false positive: '02751160' with format 'UPC_E' (rotation: 90)
INFO: Try harder found false positive: '02751160' with format 'UPC_E' (rotation: 180)
INFO: Try harder found false positive: '02751160' with format 'UPC_E' (rotation: 270)
INFO: Starting src/test/resources/blackbox/partial/34.png
INFO: Starting src/test/resources/blackbox/partial/35.png
INFO: Starting src/test/resources/blackbox/partial/36.png
INFO: Starting src/test/resources/blackbox/partial/37.png
INFO: Starting src/test/resources/blackbox/partial/38.png
INFO: Starting src/test/resources/blackbox/partial/39.png
INFO: Starting src/test/resources/blackbox/partial/40.png
INFO: Starting src/test/resources/blackbox/partial/41.png
INFO: Starting src/test/resources/blackbox/partial/42.png
INFO: Starting src/test/resources/blackbox/partial/43.png
INFO: Starting src/test/resources/blackbox/partial/44.png
INFO: Starting src/test/resources/blackbox/partial/45.png
INFO: Starting src/test/resources/blackbox/partial/46.png
INFO: Starting src/test/resources/blackbox/partial/47.png
INFO: Starting src/test/resources/blackbox/partial/48.png
INFO: Starting src/test/resources/blackbox/partial/49.png
INFO: Starting src/test/resources/blackbox/partial/50.png
INFO: Starting src/test/resources/blackbox/partial/51.png
INFO: Starting src/test/resources/blackbox/partial/52.png
INFO: Starting src/test/resources/blackbox/partial/53.png
INFO: Starting src/test/resources/blackbox/partial/54.png
INFO: Starting src/test/resources/blackbox/partial/55.png
INFO: Starting src/test/resources/blackbox/partial/56.png
INFO: Starting src/test/resources/blackbox/partial/57.png
INFO: Starting src/test/resources/blackbox/partial/59.png
INFO: Starting src/test/resources/blackbox/partial/60.png
INFO: Starting src/test/resources/blackbox/partial/61.png
INFO: Rotation 0 degrees: 1 of 60 images were false positives (1 allowed)
INFO: Rotation 90 degrees: 1 of 60 images were false positives (1 allowed)
INFO: Rotation 180 degrees: 1 of 60 images were false positives (1 allowed)
INFO: Rotation 270 degrees: 1 of 60 images were false positives (1 allowed)
Tests run: 1, Failures: 0, Errors: 0, Skipped: 0, Time elapsed: 18.657 sec - in com.google.zxing.negative.PartialBlackBoxTestCase

Results :

Tests run: 376, Failures: 0, Errors: 0, Skipped: 3

[INFO]                                                                         
[INFO] ------------------------------------------------------------------------
[INFO] Building ZXing Java SE extensions 3.2.1-SNAPSHOT
[INFO] ------------------------------------------------------------------------
[INFO] 
[INFO] --- maven-checkstyle-plugin:2.15:check (validate) @ javase ---
[INFO] 
[INFO] --- maven-resources-plugin:2.7:resources (default-resources) @ javase ---
[INFO] Using 'UTF-8' encoding to copy filtered resources.
[INFO] skip non existing resourceDirectory /home/travis/build/zxing/zxing/javase/src/main/resources
[INFO] 
[INFO] --- maven-compiler-plugin:3.3:compile (default-compile) @ javase ---
[INFO] Nothing to compile - all classes are up to date
[INFO] 
[INFO] --- maven-resources-plugin:2.7:testResources (default-testResources) @ javase ---
[INFO] Using 'UTF-8' encoding to copy filtered resources.
[INFO] skip non existing resourceDirectory /home/travis/build/zxing/zxing/javase/src/test/resources
[INFO] 
[INFO] --- maven-compiler-plugin:3.3:testCompile (default-testCompile) @ javase ---
[INFO] No sources to compile
[INFO] 
[INFO] --- maven-surefire-plugin:2.18.1:test (default-test) @ javase ---
[INFO] No tests to run.
[INFO]                                                                         
[INFO] ------------------------------------------------------------------------
[INFO] Building ZXing Android Core 3.2.1-SNAPSHOT
[INFO] ------------------------------------------------------------------------
[INFO] 
[INFO] --- maven-checkstyle-plugin:2.15:check (validate) @ android-core ---
[INFO] 
[INFO] --- maven-resources-plugin:2.7:resources (default-resources) @ android-core ---
[INFO] Using 'UTF-8' encoding to copy filtered resources.
[INFO] skip non existing resourceDirectory /home/travis/build/zxing/zxing/android-core/src/main/resources
[INFO] 
[INFO] --- maven-compiler-plugin:3.3:compile (default-compile) @ android-core ---
[INFO] Nothing to compile - all classes are up to date
[INFO] 
[INFO] --- maven-resources-plugin:2.7:testResources (default-testResources) @ android-core ---
[INFO] Using 'UTF-8' encoding to copy filtered resources.
[INFO] skip non existing resourceDirectory /home/travis/build/zxing/zxing/android-core/src/test/resources
[INFO] 
[INFO] --- maven-compiler-plugin:3.3:testCompile (default-testCompile) @ android-core ---
[INFO] No sources to compile
[INFO] 
[INFO] --- maven-surefire-plugin:2.18.1:test (default-test) @ android-core ---
[INFO] No tests to run.
[INFO]                                                                         
[INFO] ------------------------------------------------------------------------
[INFO] Building ZXing Android Integration lib 3.2.1-SNAPSHOT
[INFO] ------------------------------------------------------------------------
[INFO] 
[INFO] --- maven-checkstyle-plugin:2.15:check (validate) @ android-integration ---
[INFO] 
[INFO] --- maven-resources-plugin:2.7:resources (default-resources) @ android-integration ---
[INFO] Using 'UTF-8' encoding to copy filtered resources.
[INFO] skip non existing resourceDirectory /home/travis/build/zxing/zxing/android-integration/src/main/resources
[INFO] 
[INFO] --- maven-compiler-plugin:3.3:compile (default-compile) @ android-integration ---
[INFO] Nothing to compile - all classes are up to date
[INFO] 
[INFO] --- maven-resources-plugin:2.7:testResources (default-testResources) @ android-integration ---
[INFO] Using 'UTF-8' encoding to copy filtered resources.
[INFO] skip non existing resourceDirectory /home/travis/build/zxing/zxing/android-integration/src/test/resources
[INFO] 
[INFO] --- maven-compiler-plugin:3.3:testCompile (default-testCompile) @ android-integration ---
[INFO] No sources to compile
[INFO] 
[INFO] --- maven-surefire-plugin:2.18.1:test (default-test) @ android-integration ---
[INFO] No tests to run.
[INFO]                                                                         
[INFO] ------------------------------------------------------------------------
[INFO] Building ZXing Appspot-based encoder 3.2.1-SNAPSHOT
[INFO] ------------------------------------------------------------------------
[INFO] 
[INFO] --- maven-checkstyle-plugin:2.15:check (validate) @ zxing.appspot.com ---
[INFO] 
[INFO] --- maven-resources-plugin:2.7:resources (default-resources) @ zxing.appspot.com ---
[INFO] Using 'UTF-8' encoding to copy filtered resources.
[INFO] Copying 1 resource
[INFO] 
[INFO] --- maven-compiler-plugin:3.3:compile (default-compile) @ zxing.appspot.com ---
[INFO] Nothing to compile - all classes are up to date
[INFO] 
[INFO] --- maven-resources-plugin:2.7:testResources (default-testResources) @ zxing.appspot.com ---
[INFO] Using 'UTF-8' encoding to copy filtered resources.
[INFO] skip non existing resourceDirectory /home/travis/build/zxing/zxing/zxing.appspot.com/src/test/resources
[INFO] 
[INFO] --- maven-compiler-plugin:3.3:testCompile (default-testCompile) @ zxing.appspot.com ---
[INFO] No sources to compile
[INFO] 
[INFO] --- maven-surefire-plugin:2.18.1:test (default-test) @ zxing.appspot.com ---
[INFO] No tests to run.
[INFO]                                                                         
[INFO] ------------------------------------------------------------------------
[INFO] Building ZXing zxing.org web app 3.2.1-SNAPSHOT
[INFO] ------------------------------------------------------------------------
[INFO] 
[INFO] --- maven-checkstyle-plugin:2.15:check (validate) @ zxingorg ---
[INFO] 
[INFO] --- maven-resources-plugin:2.7:resources (default-resources) @ zxingorg ---
[INFO] Using 'UTF-8' encoding to copy filtered resources.
[INFO] Copying 1 resource
[INFO] 
[INFO] --- maven-compiler-plugin:3.3:compile (default-compile) @ zxingorg ---
[INFO] Nothing to compile - all classes are up to date
[INFO] 
[INFO] --- maven-resources-plugin:2.7:testResources (default-testResources) @ zxingorg ---
[INFO] Using 'UTF-8' encoding to copy filtered resources.
[INFO] skip non existing resourceDirectory /home/travis/build/zxing/zxing/zxingorg/src/test/resources
[INFO] 
[INFO] --- maven-compiler-plugin:3.3:testCompile (default-testCompile) @ zxingorg ---
[INFO] No sources to compile
[INFO] 
[INFO] --- maven-surefire-plugin:2.18.1:test (default-test) @ zxingorg ---
[INFO] No tests to run.
[INFO] ------------------------------------------------------------------------
[INFO] Reactor Summary:
[INFO] 
[INFO] ZXing .............................................. SUCCESS [  4.674 s]
[INFO] ZXing Core ......................................... SUCCESS [01:26 min]
[INFO] ZXing Java SE extensions ........................... SUCCESS [  0.320 s]
[INFO] ZXing Android Core ................................. SUCCESS [  0.267 s]
[INFO] ZXing Android Integration lib ...................... SUCCESS [  0.215 s]
[INFO] ZXing Appspot-based encoder ........................ SUCCESS [  0.299 s]
[INFO] ZXing zxing.org web app ............................ SUCCESS [  0.300 s]
[INFO] ------------------------------------------------------------------------
[INFO] BUILD SUCCESS
[INFO] ------------------------------------------------------------------------
[INFO] Total time: 01:33 min
[INFO] Finished at: 2015-05-15T15:36:02+00:00
[INFO] Final Memory: 17M/293M
[INFO] ------------------------------------------------------------------------
travis_time:end:01187080:start=1431704067213020123,finish=1431704162870311831,duration=95657291708[0K
[32;1mThe command "mvn ${JACOCO} test" exited with 0.[0m
travis_fold:start:cache.2[0Kstore build cache
travis_time:start:0ab8931c[0Kchange detected: /home/travis/.m2/repository/org/apache/maven/plugins/maven-checkstyle-plugin/2.15/maven-checkstyle-plugin-2.15.pom
changes detected, packing new archive
uploading archive
travis_time:end:0ab8931c:start=1431704162875222812,finish=1431704201566720896,duration=38691498084[0Ktravis_fold:end:cache.2[0Ktravis_fold:start:after_success[0Ktravis_time:start:28eacf7d[0K$ bash <(curl -s https://codecov.io/bash)
Codecov v0.0.3 - Uploader
Codecov: Uploaded successfully.
http://codecov.io/github/zxing/zxing?ref=8bae23a923ece5e8cd63cca19a59c19a314a1209
travis_time:end:28eacf7d:start=1431704201571116305,finish=1431704203981619639,duration=2410503334[0Ktravis_fold:end:after_success[0K
Done. Your build exited with 0.
