Using worker: worker-linux-docker-2206d9da.prod.travis-ci.org:travis-linux-13

travis_fold:start:system_info[0K[33;1mBuild system information[0m
Build language: python
Build group: stable
Build dist: precise
[34m[1mBuild image provisioning date and time[0m
Thu Feb  5 15:09:33 UTC 2015
[34m[1mOperating System Details[0m
Distributor ID:	Ubuntu
Description:	Ubuntu 12.04.5 LTS
Release:	12.04
Codename:	precise
[34m[1mLinux Version[0m
3.13.0-29-generic
[34m[1mCookbooks Version[0m
a68419e https://github.com/travis-ci/travis-cookbooks/tree/a68419e
[34m[1mGCC version[0m
gcc (Ubuntu/Linaro 4.6.3-1ubuntu5) 4.6.3
Copyright (C) 2011 Free Software Foundation, Inc.
This is free software; see the source for copying conditions.  There is NO
warranty; not even for MERCHANTABILITY or FITNESS FOR A PARTICULAR PURPOSE.

[34m[1mLLVM version[0m
clang version 3.4 (tags/RELEASE_34/final)
Target: x86_64-unknown-linux-gnu
Thread model: posix
[34m[1mPre-installed Ruby versions[0m
ruby-1.9.3-p551
[34m[1mPre-installed Node.js versions[0m
v0.10.36
[34m[1mPre-installed Go versions[0m
1.4.1
[34m[1mRedis version[0m
redis-server 2.8.19
[34m[1mriak version[0m
2.0.2
[34m[1mMongoDB version[0m
MongoDB 2.4.12
[34m[1mCouchDB version[0m
couchdb 1.6.1
[34m[1mNeo4j version[0m
1.9.4
[34m[1mRabbitMQ Version[0m
3.4.3
[34m[1mElasticSearch version[0m
1.4.0
[34m[1mInstalled Sphinx versions[0m
2.0.10
2.1.9
2.2.6
[34m[1mDefault Sphinx version[0m
2.2.6
[34m[1mInstalled Firefox version[0m
firefox 31.0esr
[34m[1mPhantomJS version[0m
1.9.8
[34m[1mant -version[0m
Apache Ant(TM) version 1.8.2 compiled on December 3 2011
[34m[1mmvn -version[0m
Apache Maven 3.2.5 (12a6b3acb947671f09b81f49094c53f426d8cea1; 2014-12-14T17:29:23+00:00)
Maven home: /usr/local/maven
Java version: 1.7.0_76, vendor: Oracle Corporation
Java home: /usr/lib/jvm/java-7-oracle/jre
Default locale: en_US, platform encoding: ANSI_X3.4-1968
OS name: "linux", version: "3.13.0-29-generic", arch: "amd64", family: "unix"
travis_fold:end:system_info[0K
travis_fold:start:fix.CVE-2015-7547[0K$ export DEBIAN_FRONTEND=noninteractive
W: Size of file /var/lib/apt/lists/us.archive.ubuntu.com_ubuntu_dists_precise-backports_multiverse_source_Sources.gz is not what the server reported 5886 5888
W: Size of file /var/lib/apt/lists/ppa.launchpad.net_ubuntugis_ppa_ubuntu_dists_precise_main_binary-amd64_Packages.gz is not what the server reported 36669 36677
W: Size of file /var/lib/apt/lists/ppa.launchpad.net_ubuntugis_ppa_ubuntu_dists_precise_main_binary-i386_Packages.gz is not what the server reported 36729 36733
Reading package lists...
Building dependency tree...
Reading state information...
The following extra packages will be installed:
  libc-bin libc-dev-bin libc6-dev
Suggested packages:
  glibc-doc
The following packages will be upgraded:
  libc-bin libc-dev-bin libc6 libc6-dev
4 upgraded, 0 newly installed, 0 to remove and 234 not upgraded.
Need to get 8,840 kB of archives.
After this operation, 14.3 kB disk space will be freed.
Get:1 http://us.archive.ubuntu.com/ubuntu/ precise-updates/main libc6-dev amd64 2.15-0ubuntu10.15 [2,943 kB]
Get:2 http://us.archive.ubuntu.com/ubuntu/ precise-updates/main libc-dev-bin amd64 2.15-0ubuntu10.15 [84.7 kB]
Get:3 http://us.archive.ubuntu.com/ubuntu/ precise-updates/main libc-bin amd64 2.15-0ubuntu10.15 [1,177 kB]
Get:4 http://us.archive.ubuntu.com/ubuntu/ precise-updates/main libc6 amd64 2.15-0ubuntu10.15 [4,636 kB]
Fetched 8,840 kB in 0s (34.9 MB/s)
Preconfiguring packages ...
(Reading database ... (Reading database ... 5%(Reading database ... 10%(Reading database ... 15%(Reading database ... 20%(Reading database ... 25%(Reading database ... 30%(Reading database ... 35%(Reading database ... 40%(Reading database ... 45%(Reading database ... 50%(Reading database ... 55%(Reading database ... 60%(Reading database ... 65%(Reading database ... 70%(Reading database ... 75%(Reading database ... 80%(Reading database ... 85%(Reading database ... 90%(Reading database ... 95%(Reading database ... 100%(Reading database ... 72431 files and directories currently installed.)
Preparing to replace libc6-dev 2.15-0ubuntu10.10 (using .../libc6-dev_2.15-0ubuntu10.15_amd64.deb) ...
Unpacking replacement libc6-dev ...
Preparing to replace libc-dev-bin 2.15-0ubuntu10.10 (using .../libc-dev-bin_2.15-0ubuntu10.15_amd64.deb) ...
Unpacking replacement libc-dev-bin ...
Preparing to replace libc-bin 2.15-0ubuntu10.10 (using .../libc-bin_2.15-0ubuntu10.15_amd64.deb) ...
Unpacking replacement libc-bin ...
Processing triggers for man-db ...
Setting up libc-bin (2.15-0ubuntu10.15) ...
(Reading database ... (Reading database ... 5%(Reading database ... 10%(Reading database ... 15%(Reading database ... 20%(Reading database ... 25%(Reading database ... 30%(Reading database ... 35%(Reading database ... 40%(Reading database ... 45%(Reading database ... 50%(Reading database ... 55%(Reading database ... 60%(Reading database ... 65%(Reading database ... 70%(Reading database ... 75%(Reading database ... 80%(Reading database ... 85%(Reading database ... 90%(Reading database ... 95%(Reading database ... 100%(Reading database ... 72430 files and directories currently installed.)
Preparing to replace libc6 2.15-0ubuntu10.10 (using .../libc6_2.15-0ubuntu10.15_amd64.deb) ...
Unpacking replacement libc6 ...
Setting up libc6 (2.15-0ubuntu10.15) ...
Setting up libc-dev-bin (2.15-0ubuntu10.15) ...
Setting up libc6-dev (2.15-0ubuntu10.15) ...
Processing triggers for libc-bin ...
ldconfig deferred processing now taking place
travis_fold:end:fix.CVE-2015-7547[0K[33;1m3.5 is not installed; attempting download[0m
travis_fold:start:git.checkout[0Ktravis_time:start:0dcd2320[0K$ git clone --depth=50 --branch=2.0 https://github.com/paramiko/paramiko.git paramiko/paramiko
Cloning into 'paramiko/paramiko'...
remote: Counting objects: 2058, done.[K
remote: Compressing objects:   0% (1/952)   [Kremote: Compressing objects:   1% (10/952)   [Kremote: Compressing objects:   2% (20/952)   [Kremote: Compressing objects:   3% (29/952)   [Kremote: Compressing objects:   4% (39/952)   [Kremote: Compressing objects:   5% (48/952)   [Kremote: Compressing objects:   6% (58/952)   [Kremote: Compressing objects:   7% (67/952)   [Kremote: Compressing objects:   8% (77/952)   [Kremote: Compressing objects:   9% (86/952)   [Kremote: Compressing objects:  10% (96/952)   [Kremote: Compressing objects:  11% (105/952)   [Kremote: Compressing objects:  12% (115/952)   [Kremote: Compressing objects:  13% (124/952)   [Kremote: Compressing objects:  14% (134/952)   [Kremote: Compressing objects:  15% (143/952)   [Kremote: Compressing objects:  16% (153/952)   [Kremote: Compressing objects:  17% (162/952)   [Kremote: Compressing objects:  18% (172/952)   [Kremote: Compressing objects:  19% (181/952)   [Kremote: Compressing objects:  20% (191/952)   [Kremote: Compressing objects:  21% (200/952)   [Kremote: Compressing objects:  22% (210/952)   [Kremote: Compressing objects:  23% (219/952)   [Kremote: Compressing objects:  24% (229/952)   [Kremote: Compressing objects:  25% (238/952)   [Kremote: Compressing objects:  26% (248/952)   [Kremote: Compressing objects:  27% (258/952)   [Kremote: Compressing objects:  28% (267/952)   [Kremote: Compressing objects:  29% (277/952)   [Kremote: Compressing objects:  30% (286/952)   [Kremote: Compressing objects:  31% (296/952)   [Kremote: Compressing objects:  32% (305/952)   [Kremote: Compressing objects:  33% (315/952)   [Kremote: Compressing objects:  34% (324/952)   [Kremote: Compressing objects:  35% (334/952)   [Kremote: Compressing objects:  36% (343/952)   [Kremote: Compressing objects:  37% (353/952)   [Kremote: Compressing objects:  38% (362/952)   [Kremote: Compressing objects:  39% (372/952)   [Kremote: Compressing objects:  40% (381/952)   [Kremote: Compressing objects:  41% (391/952)   [Kremote: Compressing objects:  42% (400/952)   [Kremote: Compressing objects:  43% (410/952)   [Kremote: Compressing objects:  44% (419/952)   [Kremote: Compressing objects:  45% (429/952)   [Kremote: Compressing objects:  46% (438/952)   [Kremote: Compressing objects:  47% (448/952)   [Kremote: Compressing objects:  48% (457/952)   [Kremote: Compressing objects:  49% (467/952)   [Kremote: Compressing objects:  50% (476/952)   [Kremote: Compressing objects:  51% (486/952)   [Kremote: Compressing objects:  52% (496/952)   [Kremote: Compressing objects:  53% (505/952)   [Kremote: Compressing objects:  54% (515/952)   [Kremote: Compressing objects:  55% (524/952)   [Kremote: Compressing objects:  56% (534/952)   [Kremote: Compressing objects:  57% (543/952)   [Kremote: Compressing objects:  58% (553/952)   [Kremote: Compressing objects:  59% (562/952)   [Kremote: Compressing objects:  60% (572/952)   [Kremote: Compressing objects:  61% (581/952)   [Kremote: Compressing objects:  62% (591/952)   [Kremote: Compressing objects:  63% (600/952)   [Kremote: Compressing objects:  64% (610/952)   [Kremote: Compressing objects:  65% (619/952)   [Kremote: Compressing objects:  66% (629/952)   [Kremote: Compressing objects:  67% (638/952)   [Kremote: Compressing objects:  68% (648/952)   [Kremote: Compressing objects:  69% (657/952)   [Kremote: Compressing objects:  70% (667/952)   [Kremote: Compressing objects:  71% (676/952)   [Kremote: Compressing objects:  72% (686/952)   [Kremote: Compressing objects:  73% (695/952)   [Kremote: Compressing objects:  74% (705/952)   [Kremote: Compressing objects:  75% (714/952)   [Kremote: Compressing objects:  76% (724/952)   [Kremote: Compressing objects:  77% (734/952)   [Kremote: Compressing objects:  78% (743/952)   [Kremote: Compressing objects:  79% (753/952)   [Kremote: Compressing objects:  80% (762/952)   [Kremote: Compressing objects:  81% (772/952)   [Kremote: Compressing objects:  82% (781/952)   [Kremote: Compressing objects:  83% (791/952)   [Kremote: Compressing objects:  84% (800/952)   [Kremote: Compressing objects:  85% (810/952)   [Kremote: Compressing objects:  86% (819/952)   [Kremote: Compressing objects:  87% (829/952)   [Kremote: Compressing objects:  88% (838/952)   [Kremote: Compressing objects:  89% (848/952)   [Kremote: Compressing objects:  90% (857/952)   [Kremote: Compressing objects:  91% (867/952)   [Kremote: Compressing objects:  92% (876/952)   [Kremote: Compressing objects:  93% (886/952)   [Kremote: Compressing objects:  94% (895/952)   [Kremote: Compressing objects:  95% (905/952)   [Kremote: Compressing objects:  96% (914/952)   [Kremote: Compressing objects:  97% (924/952)   [Kremote: Compressing objects:  98% (933/952)   [Kremote: Compressing objects:  99% (943/952)   [Kremote: Compressing objects: 100% (952/952)   [Kremote: Compressing objects: 100% (952/952), done.[K
Receiving objects:   0% (1/2058)   Receiving objects:   1% (21/2058)   Receiving objects:   2% (42/2058)   Receiving objects:   3% (62/2058)   Receiving objects:   4% (83/2058)   Receiving objects:   5% (103/2058)   Receiving objects:   6% (124/2058)   Receiving objects:   7% (145/2058)   Receiving objects:   8% (165/2058)   Receiving objects:   9% (186/2058)   Receiving objects:  10% (206/2058)   Receiving objects:  11% (227/2058)   Receiving objects:  12% (247/2058)   Receiving objects:  13% (268/2058)   Receiving objects:  14% (289/2058)   Receiving objects:  15% (309/2058)   Receiving objects:  16% (330/2058)   Receiving objects:  17% (350/2058)   Receiving objects:  18% (371/2058)   Receiving objects:  19% (392/2058)   Receiving objects:  20% (412/2058)   Receiving objects:  21% (433/2058)   Receiving objects:  22% (453/2058)   Receiving objects:  23% (474/2058)   Receiving objects:  24% (494/2058)   Receiving objects:  25% (515/2058)   Receiving objects:  26% (536/2058)   Receiving objects:  27% (556/2058)   Receiving objects:  28% (577/2058)   Receiving objects:  29% (597/2058)   Receiving objects:  30% (618/2058)   Receiving objects:  31% (638/2058)   Receiving objects:  32% (659/2058)   Receiving objects:  33% (680/2058)   Receiving objects:  34% (700/2058)   Receiving objects:  35% (721/2058)   Receiving objects:  36% (741/2058)   Receiving objects:  37% (762/2058)   Receiving objects:  38% (783/2058)   Receiving objects:  39% (803/2058)   Receiving objects:  40% (824/2058)   Receiving objects:  41% (844/2058)   Receiving objects:  42% (865/2058)   Receiving objects:  43% (885/2058)   Receiving objects:  44% (906/2058)   Receiving objects:  45% (927/2058)   Receiving objects:  46% (947/2058)   Receiving objects:  47% (968/2058)   Receiving objects:  48% (988/2058)   Receiving objects:  49% (1009/2058)   Receiving objects:  50% (1029/2058)   Receiving objects:  51% (1050/2058)   Receiving objects:  52% (1071/2058)   Receiving objects:  53% (1091/2058)   Receiving objects:  54% (1112/2058)   Receiving objects:  55% (1132/2058)   Receiving objects:  56% (1153/2058)   Receiving objects:  57% (1174/2058)   Receiving objects:  58% (1194/2058)   Receiving objects:  59% (1215/2058)   Receiving objects:  60% (1235/2058)   Receiving objects:  61% (1256/2058)   Receiving objects:  62% (1276/2058)   Receiving objects:  63% (1297/2058)   Receiving objects:  64% (1318/2058)   Receiving objects:  65% (1338/2058)   Receiving objects:  66% (1359/2058)   Receiving objects:  67% (1379/2058)   Receiving objects:  68% (1400/2058)   Receiving objects:  69% (1421/2058)   Receiving objects:  70% (1441/2058)   Receiving objects:  71% (1462/2058)   Receiving objects:  72% (1482/2058)   Receiving objects:  73% (1503/2058)   Receiving objects:  74% (1523/2058)   Receiving objects:  75% (1544/2058)   Receiving objects:  76% (1565/2058)   Receiving objects:  77% (1585/2058)   Receiving objects:  78% (1606/2058)   Receiving objects:  79% (1626/2058)   Receiving objects:  80% (1647/2058)   Receiving objects:  81% (1667/2058)   Receiving objects:  82% (1688/2058)   Receiving objects:  83% (1709/2058)   Receiving objects:  84% (1729/2058)   Receiving objects:  85% (1750/2058)   Receiving objects:  86% (1770/2058)   Receiving objects:  87% (1791/2058)   Receiving objects:  88% (1812/2058)   Receiving objects:  89% (1832/2058)   Receiving objects:  90% (1853/2058)   Receiving objects:  91% (1873/2058)   Receiving objects:  92% (1894/2058)   Receiving objects:  93% (1914/2058)   Receiving objects:  94% (1935/2058)   Receiving objects:  95% (1956/2058)   Receiving objects:  96% (1976/2058)   remote: Total 2058 (delta 1490), reused 1594 (delta 1102), pack-reused 0[K
Receiving objects:  97% (1997/2058)   Receiving objects:  98% (2017/2058)   Receiving objects:  99% (2038/2058)   Receiving objects: 100% (2058/2058)   Receiving objects: 100% (2058/2058), 682.55 KiB | 0 bytes/s, done.
Resolving deltas:   0% (0/1490)   Resolving deltas:   4% (69/1490)   Resolving deltas:   6% (103/1490)   Resolving deltas:   7% (108/1490)   Resolving deltas:   9% (139/1490)   Resolving deltas:  25% (375/1490)   Resolving deltas:  34% (516/1490)   Resolving deltas:  35% (526/1490)   Resolving deltas:  37% (554/1490)   Resolving deltas:  38% (578/1490)   Resolving deltas:  39% (586/1490)   Resolving deltas:  40% (596/1490)   Resolving deltas:  43% (649/1490)   Resolving deltas:  44% (663/1490)   Resolving deltas:  46% (688/1490)   Resolving deltas:  47% (703/1490)   Resolving deltas:  48% (718/1490)   Resolving deltas:  49% (737/1490)   Resolving deltas:  50% (754/1490)   Resolving deltas:  58% (874/1490)   Resolving deltas:  59% (880/1490)   Resolving deltas:  60% (894/1490)   Resolving deltas:  61% (909/1490)   Resolving deltas:  63% (940/1490)   Resolving deltas:  64% (958/1490)   Resolving deltas:  65% (979/1490)   Resolving deltas:  66% (995/1490)   Resolving deltas:  69% (1029/1490)   Resolving deltas:  70% (1049/1490)   Resolving deltas:  71% (1060/1490)   Resolving deltas:  72% (1084/1490)   Resolving deltas:  73% (1090/1490)   Resolving deltas:  74% (1103/1490)   Resolving deltas:  75% (1127/1490)   Resolving deltas:  76% (1133/1490)   Resolving deltas:  77% (1149/1490)   Resolving deltas:  78% (1164/1490)   Resolving deltas:  79% (1183/1490)   Resolving deltas:  80% (1192/1490)   Resolving deltas:  81% (1214/1490)   Resolving deltas:  83% (1238/1490)   Resolving deltas:  84% (1254/1490)   Resolving deltas:  85% (1270/1490)   Resolving deltas:  86% (1284/1490)   Resolving deltas:  87% (1303/1490)   Resolving deltas:  89% (1327/1490)   Resolving deltas:  90% (1349/1490)   Resolving deltas:  91% (1367/1490)   Resolving deltas:  92% (1374/1490)   Resolving deltas:  93% (1386/1490)   Resolving deltas:  94% (1404/1490)   Resolving deltas:  98% (1474/1490)   Resolving deltas: 100% (1490/1490)   Resolving deltas: 100% (1490/1490), done.
Checking connectivity... done.

travis_time:end:0dcd2320:start=1465713111396112149,finish=1465713112005663871,duration=609551722[0K$ cd paramiko/paramiko
$ git checkout -qf b4216350a0ef1bc7118f6eebe158a155c96a41fd
travis_fold:end:git.checkout[0K
[33;1mThis job is running on container-based infrastructure, which does not allow use of 'sudo', setuid and setguid executables.[0m
[33;1mIf you require sudo, add 'sudo: required' to your .travis.yml[0m
[33;1mSee https://docs.travis-ci.com/user/workers/container-based-infrastructure/ for details.[0m
travis_time:start:185a747c[0K$ source ~/virtualenv/python3.5/bin/activate

travis_time:end:185a747c:start=1465713114514930547,finish=1465713114518461625,duration=3531078[0Ktravis_fold:start:cache.1[0KSetting up build cache
$ export CASHER_DIR=$HOME/.casher
travis_time:start:222c5cbc[0K$ Installing caching utilities

travis_time:end:222c5cbc:start=1465713114715120534,finish=1465713114787609422,duration=72488888[0Ktravis_time:start:0be42620[0K
travis_time:end:0be42620:start=1465713114792401547,finish=1465713114795579651,duration=3178104[0Ktravis_time:start:0285f34b[0K[32;1mattempting to download cache archive[0m
[32;1mfetching 2.0/cache-linux-precise-e3b0c44298fc1c149afbf4c8996fb92427ae41e4649b934ca495991b7852b855--python-3.5.tgz[0m
[32;1mfound cache[0m

travis_time:end:0285f34b:start=1465713114799341669,finish=1465713115449216257,duration=649874588[0Ktravis_time:start:0c08514b[0K
travis_time:end:0c08514b:start=1465713115452975179,finish=1465713115456252029,duration=3276850[0Ktravis_time:start:0cbc6624[0K[32;1madding /home/travis/.cache/pip to cache[0m

travis_time:end:0cbc6624:start=1465713115460034692,finish=1465713116774800914,duration=1314766222[0Ktravis_fold:end:cache.1[0K$ python --version
Python 3.5.0
$ pip --version
pip 7.1.2 from /home/travis/virtualenv/python3.5.0/lib/python3.5/site-packages (python 3.5)
travis_fold:start:install.1[0Ktravis_time:start:03cd83bc[0K$ pip install -e .
Obtaining file:///home/travis/build/paramiko/paramiko
Collecting cryptography>=1.1 (from paramiko==2.0.0)
Collecting pyasn1>=0.1.7 (from paramiko==2.0.0)
  Using cached pyasn1-0.1.9-py2.py3-none-any.whl
Requirement already satisfied (use --upgrade to upgrade): six>=1.4.1 in /home/travis/virtualenv/python3.5.0/lib/python3.5/site-packages (from cryptography>=1.1->paramiko==2.0.0)
Requirement already satisfied (use --upgrade to upgrade): setuptools>=11.3 in /home/travis/virtualenv/python3.5.0/lib/python3.5/site-packages (from cryptography>=1.1->paramiko==2.0.0)
Collecting idna>=2.0 (from cryptography>=1.1->paramiko==2.0.0)
  Using cached idna-2.1-py2.py3-none-any.whl
Collecting cffi>=1.4.1 (from cryptography>=1.1->paramiko==2.0.0)
Collecting pycparser (from cffi>=1.4.1->cryptography>=1.1->paramiko==2.0.0)
Installing collected packages: pyasn1, idna, pycparser, cffi, cryptography, paramiko
  Running setup.py develop for paramiko
Successfully installed cffi-1.6.0 cryptography-1.4 idna-2.1 paramiko pyasn1-0.1.9 pycparser-2.14

travis_time:end:03cd83bc:start=1465713117064565217,finish=1465713119197982537,duration=2133417320[0Ktravis_fold:end:install.1[0Ktravis_fold:start:install.2[0Ktravis_time:start:1a9d06ff[0K$ pip install coveralls
Collecting coveralls
  Using cached coveralls-1.1-py2.py3-none-any.whl
Collecting requests>=1.0.0 (from coveralls)
  Using cached requests-2.10.0-py2.py3-none-any.whl
Collecting coverage>=3.6 (from coveralls)
Collecting docopt>=0.6.1 (from coveralls)
Installing collected packages: requests, coverage, docopt, coveralls
Successfully installed coverage-4.1 coveralls-1.1 docopt-0.6.2 requests-2.10.0

travis_time:end:1a9d06ff:start=1465713119202244301,finish=1465713120503777288,duration=1301532987[0Ktravis_fold:end:install.2[0Ktravis_fold:start:install.3[0Ktravis_time:start:0cdd8e00[0K$ pip install -r dev-requirements.txt
Collecting tox<1.5,>=1.4 (from -r dev-requirements.txt (line 1))
Collecting invoke<2.0,>=0.13 (from -r dev-requirements.txt (line 2))
  Using cached invoke-0.13.0-py3-none-any.whl
Collecting invocations<2.0,>=0.13 (from -r dev-requirements.txt (line 3))
  Using cached invocations-0.13.0-py2.py3-none-any.whl
Collecting sphinx<2.0,>=1.1.3 (from -r dev-requirements.txt (line 4))
  Using cached Sphinx-1.4.3-py2.py3-none-any.whl
Collecting alabaster<2.0,>=0.7.5 (from -r dev-requirements.txt (line 5))
  Using cached alabaster-0.7.8-py2.py3-none-any.whl
Collecting releases<2.0,>=1.1.0 (from -r dev-requirements.txt (line 6))
Collecting semantic-version<3.0 (from -r dev-requirements.txt (line 7))
  Using cached semantic_version-2.5.0-py3-none-any.whl
Collecting wheel==0.24 (from -r dev-requirements.txt (line 8))
  Using cached wheel-0.24.0-py2.py3-none-any.whl
Collecting twine==1.5 (from -r dev-requirements.txt (line 9))
  Using cached twine-1.5.0-py2.py3-none-any.whl
Collecting virtualenv>=1.8.4 (from tox<1.5,>=1.4->-r dev-requirements.txt (line 1))
  Using cached virtualenv-15.0.2-py2.py3-none-any.whl
Requirement already satisfied (use --upgrade to upgrade): py>=1.4.12 in /home/travis/virtualenv/python3.5.0/lib/python3.5/site-packages (from tox<1.5,>=1.4->-r dev-requirements.txt (line 1))
Collecting Pygments>=2.0 (from sphinx<2.0,>=1.1.3->-r dev-requirements.txt (line 4))
  Using cached Pygments-2.1.3-py2.py3-none-any.whl
Collecting imagesize (from sphinx<2.0,>=1.1.3->-r dev-requirements.txt (line 4))
  Using cached imagesize-0.7.1-py2.py3-none-any.whl
Requirement already satisfied (use --upgrade to upgrade): six>=1.4 in /home/travis/virtualenv/python3.5.0/lib/python3.5/site-packages (from sphinx<2.0,>=1.1.3->-r dev-requirements.txt (line 4))
Collecting docutils>=0.11 (from sphinx<2.0,>=1.1.3->-r dev-requirements.txt (line 4))
  Using cached docutils-0.12-py3-none-any.whl
Collecting snowballstemmer>=1.1 (from sphinx<2.0,>=1.1.3->-r dev-requirements.txt (line 4))
  Using cached snowballstemmer-1.2.1-py2.py3-none-any.whl
Collecting babel!=2.0,>=1.3 (from sphinx<2.0,>=1.1.3->-r dev-requirements.txt (line 4))
  Using cached Babel-2.3.4-py2.py3-none-any.whl
Collecting Jinja2>=2.3 (from sphinx<2.0,>=1.1.3->-r dev-requirements.txt (line 4))
  Using cached Jinja2-2.8-py2.py3-none-any.whl
Requirement already satisfied (use --upgrade to upgrade): requests in /home/travis/virtualenv/python3.5.0/lib/python3.5/site-packages (from twine==1.5->-r dev-requirements.txt (line 9))
Collecting pkginfo (from twine==1.5->-r dev-requirements.txt (line 9))
  Using cached pkginfo-1.3.2-py2.py3-none-any.whl
Collecting pytz>=0a (from babel!=2.0,>=1.3->sphinx<2.0,>=1.1.3->-r dev-requirements.txt (line 4))
  Using cached pytz-2016.4-py2.py3-none-any.whl
Collecting MarkupSafe (from Jinja2>=2.3->sphinx<2.0,>=1.1.3->-r dev-requirements.txt (line 4))
Installing collected packages: virtualenv, tox, invoke, invocations, Pygments, imagesize, docutils, alabaster, snowballstemmer, pytz, babel, MarkupSafe, Jinja2, sphinx, semantic-version, releases, wheel, pkginfo, twine
  Found existing installation: wheel 0.26.0
    Uninstalling wheel-0.26.0:
      Successfully uninstalled wheel-0.26.0
Successfully installed Jinja2-2.8 MarkupSafe-0.23 Pygments-2.1.3 alabaster-0.7.8 babel-2.3.4 docutils-0.12 imagesize-0.7.1 invocations-0.13.0 invoke-0.13.0 pkginfo-1.3.2 pytz-2016.4 releases-1.2.0 semantic-version-2.5.0 snowballstemmer-1.2.1 sphinx-1.4.3 tox-1.4.3 twine-1.5.0 virtualenv-15.0.2 wheel-0.24.0

travis_time:end:0cdd8e00:start=1465713120508002781,finish=1465713125803836368,duration=5295833587[0Ktravis_fold:end:install.3[0Ktravis_time:start:062997f0[0K$ inv test --coverage
test_1_encode (tests.test_message.MessageTest) ... ok
test_2_decode (tests.test_message.MessageTest) ... ok
test_3_add (tests.test_message.MessageTest) ... ok
test_4_misc (tests.test_message.MessageTest) ... ok
test_1_simple (tests.test_file.BufferedFileTest) ... ok
test_2_readline (tests.test_file.BufferedFileTest) ... ok
test_3_lf (tests.test_file.BufferedFileTest) ... ok
test_4_write (tests.test_file.BufferedFileTest) ... ok
test_5_flush (tests.test_file.BufferedFileTest) ... ok
test_6_buffering (tests.test_file.BufferedFileTest) ... ok
test_7_read_all (tests.test_file.BufferedFileTest) ... ok
test_8_buffering (tests.test_file.BufferedFileTest) ... ok
test_9_readable (tests.test_file.BufferedFileTest) ... ok
test_A_writable (tests.test_file.BufferedFileTest) ... ok
test_B_readinto (tests.test_file.BufferedFileTest) ... ok
test_1_buffered_pipe (tests.test_buffered_pipe.BufferedPipeTest) ... ok
test_2_delay (tests.test_buffered_pipe.BufferedPipeTest) ... ok
test_3_close_while_reading (tests.test_buffered_pipe.BufferedPipeTest) ... ok
test_4_or_pipe (tests.test_buffered_pipe.BufferedPipeTest) ... ok
test_10_proxycommand_interpolation (tests.test_util.UtilTest) ... ok
test_11_host_config_test_identityfile (tests.test_util.UtilTest) ... ok
test_11_host_config_test_negation (tests.test_util.UtilTest) ... ok
test_12_config_addressfamily_and_lazy_fqdn (tests.test_util.UtilTest) ... ok
test_12_host_config_test_proxycommand (tests.test_util.UtilTest) ... ok
test_13_config_dos_crlf_succeeds (tests.test_util.UtilTest) ... ok
test_14_get_hostnames (tests.test_util.UtilTest) ... ok
test_1_import (tests.test_util.UtilTest) ... ok
test_2_parse_config (tests.test_util.UtilTest) ... ok
test_3_host_config (tests.test_util.UtilTest) ... ok
test_4_generate_key_bytes (tests.test_util.UtilTest) ... ok
test_5_host_keys (tests.test_util.UtilTest) ... ok
test_7_host_config_expose_issue_33 (tests.test_util.UtilTest) ... ok
test_8_eintr_retry (tests.test_util.UtilTest) ... ok
test_9_proxycommand_config_equals_parsing (tests.test_util.UtilTest) ... ok
test_clamp_value (tests.test_util.UtilTest) ... ok
test_proxycommand_none_issue_418 (tests.test_util.UtilTest) ... ok
test_proxycommand_none_masking (tests.test_util.UtilTest) ... ok
test_quoted_host_in_config (tests.test_util.UtilTest) ... ok
test_quoted_host_names (tests.test_util.UtilTest) ... ok
test_quoted_params_in_config (tests.test_util.UtilTest) ... ok
test_safe_string (tests.test_util.UtilTest) ... ok
test_1_load (tests.test_hostkeys.HostKeysTest) ... ok
test_2_add (tests.test_hostkeys.HostKeysTest) ... ok
test_3_dict (tests.test_hostkeys.HostKeysTest) ... ok
test_4_dict_set (tests.test_hostkeys.HostKeysTest) ... ok
test_10_load_ecdsa_256 (tests.test_pkey.KeyTest) ... ok
test_11_load_ecdsa_password_256 (tests.test_pkey.KeyTest) ... ok
test_12_compare_ecdsa_256 (tests.test_pkey.KeyTest) ... ok
test_13_sign_ecdsa_256 (tests.test_pkey.KeyTest) ... ok
test_14_load_ecdsa_384 (tests.test_pkey.KeyTest) ... ok
test_15_load_ecdsa_password_384 (tests.test_pkey.KeyTest) ... ok
test_16_compare_ecdsa_384 (tests.test_pkey.KeyTest) ... ok
test_17_sign_ecdsa_384 (tests.test_pkey.KeyTest) ... ok
test_18_load_ecdsa_521 (tests.test_pkey.KeyTest) ... ok
test_19_load_ecdsa_password_521 (tests.test_pkey.KeyTest) ... ok
test_1_generate_key_bytes (tests.test_pkey.KeyTest) ... ok
test_20_compare_ecdsa_521 (tests.test_pkey.KeyTest) ... ok
test_21_sign_ecdsa_521 (tests.test_pkey.KeyTest) ... ok
test_2_load_rsa (tests.test_pkey.KeyTest) ... ok
test_3_load_rsa_password (tests.test_pkey.KeyTest) ... ok
test_4_load_dss (tests.test_pkey.KeyTest) ... ok
test_5_load_dss_password (tests.test_pkey.KeyTest) ... ok
test_6_compare_rsa (tests.test_pkey.KeyTest) ... ok
test_7_compare_dss (tests.test_pkey.KeyTest) ... ok
test_8_sign_rsa (tests.test_pkey.KeyTest) ... ok
test_9_sign_dss (tests.test_pkey.KeyTest) ... ok
test_A_generate_rsa (tests.test_pkey.KeyTest) ... ok
test_B_generate_dss (tests.test_pkey.KeyTest) ... ok
test_C_generate_ecdsa (tests.test_pkey.KeyTest) ... ok
test_salt_size (tests.test_pkey.KeyTest) ... ok
test_10_gex_sha256_server_with_old_client (tests.test_kex.KexTest) ... ok
test_1_group1_client (tests.test_kex.KexTest) ... ok
test_2_group1_server (tests.test_kex.KexTest) ... ok
test_3_gex_client (tests.test_kex.KexTest) ... ok
test_4_gex_old_client (tests.test_kex.KexTest) ... ok
test_5_gex_server (tests.test_kex.KexTest) ... ok
test_6_gex_server_with_old_client (tests.test_kex.KexTest) ... ok
test_7_gex_sha256_client (tests.test_kex.KexTest) ... ok
test_8_gex_sha256_old_client (tests.test_kex.KexTest) ... ok
test_9_gex_sha256_server (tests.test_kex.KexTest) ... ok
test_1_write (tests.test_packetizer.PacketizerTest) ... ok
test_2_read (tests.test_packetizer.PacketizerTest) ... ok
test_3_closed (tests.test_packetizer.PacketizerTest) ... ok
test_1_bad_auth_type (tests.test_auth.AuthTest) ... ERROR
test_2_bad_password (tests.test_auth.AuthTest) ... ERROR
test_3_multipart_auth (tests.test_auth.AuthTest) ... ERROR
test_4_interactive_auth (tests.test_auth.AuthTest) ... ERROR
test_5_interactive_auth_fallback (tests.test_auth.AuthTest) ... ERROR
test_6_auth_utf8 (tests.test_auth.AuthTest) ... ERROR
test_7_auth_non_utf8 (tests.test_auth.AuthTest) ... ERROR
test_8_auth_gets_disconnected (tests.test_auth.AuthTest) ... ok
test_1_security_options (tests.test_transport.TransportTest) ... ok
test_2_compute_key (tests.test_transport.TransportTest) ... ok
test_3_simple (tests.test_transport.TransportTest) ... ERROR
test_3a_long_banner (tests.test_transport.TransportTest) ... ERROR
test_4_special (tests.test_transport.TransportTest) ... ERROR
test_5_keepalive (tests.test_transport.TransportTest) ... ERROR
test_6_exec_command (tests.test_transport.TransportTest) ... ERROR
test_6a_channel_can_be_used_as_context_manager (tests.test_transport.TransportTest) ... ERROR
test_7_invoke_shell (tests.test_transport.TransportTest) ... ERROR
test_8_channel_exception (tests.test_transport.TransportTest) ... ERROR
test_9_exit_status (tests.test_transport.TransportTest) ... ERROR
test_A_select (tests.test_transport.TransportTest) ... ERROR
test_B_renegotiate (tests.test_transport.TransportTest) ... ERROR
test_C_compression (tests.test_transport.TransportTest) ... ERROR
test_D_x11 (tests.test_transport.TransportTest) ... ERROR
test_E_reverse_port_forwarding (tests.test_transport.TransportTest) ... ERROR
test_F_port_forwarding (tests.test_transport.TransportTest) ... ERROR
test_G_stderr_select (tests.test_transport.TransportTest) ... ERROR
test_H_send_ready (tests.test_transport.TransportTest) ... ERROR
test_I_rekey_deadlock (tests.test_transport.TransportTest) ... ERROR
test_J_sanitze_packet_size (tests.test_transport.TransportTest) ... ok
test_K_sanitze_window_size (tests.test_transport.TransportTest) ... ok
test_L_handshake_timeout (tests.test_transport.TransportTest) ... ERROR
test_M_select_after_close (tests.test_transport.TransportTest) ... ERROR
test_error_message_for_multiple_hosts (tests.test_ssh_exception.NoValidConnectionsErrorTest) ... ok
test_error_message_for_single_host (tests.test_ssh_exception.NoValidConnectionsErrorTest) ... ok
test_error_message_for_two_hosts (tests.test_ssh_exception.NoValidConnectionsErrorTest) ... ok
test_pickling (tests.test_ssh_exception.NoValidConnectionsErrorTest) ... ok
test_1_client (test_client.SSHClientTest) ... ok
test_2_5_client_ecdsa (test_client.SSHClientTest) ... ok
test_2_client_dsa (test_client.SSHClientTest) ... ok
test_3_multiple_key_files (test_client.SSHClientTest) ... ok
test_4_auto_add_policy (test_client.SSHClientTest) ... ok
test_5_save_host_keys (test_client.SSHClientTest) ... ok
test_6_cleanup (test_client.SSHClientTest) ... ok
test_7_banner_timeout (test_client.SSHClientTest) ... ok
test_8_auth_trickledown (test_client.SSHClientTest) ... ok
test_client_can_be_used_as_context_manager (test_client.SSHClientTest) ... ok
test_client_rsa (test_client.SSHClientTest) ... ok
test_multiple_key_files_failure (test_client.SSHClientTest) ... ok
test_1_file (tests.test_sftp.SFTPTest) ... ok
test_2_close (tests.test_sftp.SFTPTest) ... ok
test_2_sftp_can_be_used_as_context_manager (tests.test_sftp.SFTPTest) ... ok
test_3_sftp_file_can_be_used_as_context_manager (tests.test_sftp.SFTPTest) ... ok
test_3_write (tests.test_sftp.SFTPTest) ... ok
test_4_append (tests.test_sftp.SFTPTest) ... ok
test_5_rename (tests.test_sftp.SFTPTest) ... ok
test_6_folder (tests.test_sftp.SFTPTest) ... ok
test_7_5_listdir_iter (tests.test_sftp.SFTPTest) ... ok
test_7_listdir (tests.test_sftp.SFTPTest) ... ok
test_8_setstat (tests.test_sftp.SFTPTest) ... ok
test_9_fsetstat (tests.test_sftp.SFTPTest) ... ok
test_A_readline_seek (tests.test_sftp.SFTPTest) ... ok
test_B_write_seek (tests.test_sftp.SFTPTest) ... ok
test_C_symlink (tests.test_sftp.SFTPTest) ... ok
test_D_flush_seek (tests.test_sftp.SFTPTest) ... ok
test_E_realpath (tests.test_sftp.SFTPTest) ... ok
test_F_mkdir (tests.test_sftp.SFTPTest) ... ok
test_G_chdir (tests.test_sftp.SFTPTest) ... ok
test_H_get_put (tests.test_sftp.SFTPTest) ... ok
test_I_check (tests.test_sftp.SFTPTest) ... ok
test_J_x_flag (tests.test_sftp.SFTPTest) ... ok
test_K_utf8 (tests.test_sftp.SFTPTest) ... ok
test_L_utf8_chdir (tests.test_sftp.SFTPTest) ... ok
test_M_bad_readv (tests.test_sftp.SFTPTest) ... ok
test_N_file_with_percent (tests.test_sftp.SFTPTest) ... ok
test_N_put_without_confirm (tests.test_sftp.SFTPTest) ... ok
test_O_getcwd (tests.test_sftp.SFTPTest) ... ok
test_O_non_utf8_data (tests.test_sftp.SFTPTest)
Test write() and read() of non utf8 data ... ok
test_putfo_empty_file (tests.test_sftp.SFTPTest) ... ok
test_sftp_attributes_empty_str (tests.test_sftp.SFTPTest) ... ok
test_1_lots_of_files (tests.test_sftp_big.BigSFTPTest) ... ok
test_2_big_file (tests.test_sftp_big.BigSFTPTest) ... ........ 1s 1s ok
test_3_big_file_pipelined (tests.test_sftp_big.BigSFTPTest) ... ........ 1s 0s ok
test_4_prefetch_seek (tests.test_sftp_big.BigSFTPTest) ... ........ 1s ok
test_5_readv_seek (tests.test_sftp_big.BigSFTPTest) ... ........ 1s ok
test_6_lots_of_prefetching (tests.test_sftp_big.BigSFTPTest) ... ........ ........ ok
test_7_prefetch_readv (tests.test_sftp_big.BigSFTPTest) ... ........  ok
test_8_large_readv (tests.test_sftp_big.BigSFTPTest) ... ........  ok
test_9_big_file_big_buffer (tests.test_sftp_big.BigSFTPTest) ... ok
test_A_big_file_renegotiate (tests.test_sftp_big.BigSFTPTest) ... ok

======================================================================
ERROR: test_1_bad_auth_type (tests.test_auth.AuthTest)
----------------------------------------------------------------------
Traceback (most recent call last):
  File "/home/travis/build/paramiko/paramiko/tests/test_auth.py", line 110, in tearDown
    self.tc.close()
  File "/home/travis/build/paramiko/paramiko/paramiko/transport.py", line 645, in close
    self.stop_thread()
  File "/home/travis/build/paramiko/paramiko/paramiko/transport.py", line 1544, in stop_thread
    and not self.sock._closed and not self.packetizer.closed
AttributeError: 'LoopSocket' object has no attribute '_closed'

======================================================================
ERROR: test_2_bad_password (tests.test_auth.AuthTest)
----------------------------------------------------------------------
Traceback (most recent call last):
  File "/home/travis/build/paramiko/paramiko/tests/test_auth.py", line 110, in tearDown
    self.tc.close()
  File "/home/travis/build/paramiko/paramiko/paramiko/transport.py", line 645, in close
    self.stop_thread()
  File "/home/travis/build/paramiko/paramiko/paramiko/transport.py", line 1544, in stop_thread
    and not self.sock._closed and not self.packetizer.closed
AttributeError: 'LoopSocket' object has no attribute '_closed'

======================================================================
ERROR: test_3_multipart_auth (tests.test_auth.AuthTest)
----------------------------------------------------------------------
Traceback (most recent call last):
  File "/home/travis/build/paramiko/paramiko/tests/test_auth.py", line 110, in tearDown
    self.tc.close()
  File "/home/travis/build/paramiko/paramiko/paramiko/transport.py", line 645, in close
    self.stop_thread()
  File "/home/travis/build/paramiko/paramiko/paramiko/transport.py", line 1544, in stop_thread
    and not self.sock._closed and not self.packetizer.closed
AttributeError: 'LoopSocket' object has no attribute '_closed'

======================================================================
ERROR: test_4_interactive_auth (tests.test_auth.AuthTest)
----------------------------------------------------------------------
Traceback (most recent call last):
  File "/home/travis/build/paramiko/paramiko/tests/test_auth.py", line 110, in tearDown
    self.tc.close()
  File "/home/travis/build/paramiko/paramiko/paramiko/transport.py", line 645, in close
    self.stop_thread()
  File "/home/travis/build/paramiko/paramiko/paramiko/transport.py", line 1544, in stop_thread
    and not self.sock._closed and not self.packetizer.closed
AttributeError: 'LoopSocket' object has no attribute '_closed'

======================================================================
ERROR: test_5_interactive_auth_fallback (tests.test_auth.AuthTest)
----------------------------------------------------------------------
Traceback (most recent call last):
  File "/home/travis/build/paramiko/paramiko/tests/test_auth.py", line 110, in tearDown
    self.tc.close()
  File "/home/travis/build/paramiko/paramiko/paramiko/transport.py", line 645, in close
    self.stop_thread()
  File "/home/travis/build/paramiko/paramiko/paramiko/transport.py", line 1544, in stop_thread
    and not self.sock._closed and not self.packetizer.closed
AttributeError: 'LoopSocket' object has no attribute '_closed'

======================================================================
ERROR: test_6_auth_utf8 (tests.test_auth.AuthTest)
----------------------------------------------------------------------
Traceback (most recent call last):
  File "/home/travis/build/paramiko/paramiko/tests/test_auth.py", line 110, in tearDown
    self.tc.close()
  File "/home/travis/build/paramiko/paramiko/paramiko/transport.py", line 645, in close
    self.stop_thread()
  File "/home/travis/build/paramiko/paramiko/paramiko/transport.py", line 1544, in stop_thread
    and not self.sock._closed and not self.packetizer.closed
AttributeError: 'LoopSocket' object has no attribute '_closed'

======================================================================
ERROR: test_7_auth_non_utf8 (tests.test_auth.AuthTest)
----------------------------------------------------------------------
Traceback (most recent call last):
  File "/home/travis/build/paramiko/paramiko/tests/test_auth.py", line 110, in tearDown
    self.tc.close()
  File "/home/travis/build/paramiko/paramiko/paramiko/transport.py", line 645, in close
    self.stop_thread()
  File "/home/travis/build/paramiko/paramiko/paramiko/transport.py", line 1544, in stop_thread
    and not self.sock._closed and not self.packetizer.closed
AttributeError: 'LoopSocket' object has no attribute '_closed'

======================================================================
ERROR: test_3_simple (tests.test_transport.TransportTest)
----------------------------------------------------------------------
Traceback (most recent call last):
  File "/home/travis/build/paramiko/paramiko/tests/test_transport.py", line 123, in tearDown
    self.tc.close()
  File "/home/travis/build/paramiko/paramiko/paramiko/transport.py", line 645, in close
    self.stop_thread()
  File "/home/travis/build/paramiko/paramiko/paramiko/transport.py", line 1544, in stop_thread
    and not self.sock._closed and not self.packetizer.closed
AttributeError: 'LoopSocket' object has no attribute '_closed'

======================================================================
ERROR: test_3a_long_banner (tests.test_transport.TransportTest)
----------------------------------------------------------------------
Traceback (most recent call last):
  File "/home/travis/build/paramiko/paramiko/tests/test_transport.py", line 123, in tearDown
    self.tc.close()
  File "/home/travis/build/paramiko/paramiko/paramiko/transport.py", line 645, in close
    self.stop_thread()
  File "/home/travis/build/paramiko/paramiko/paramiko/transport.py", line 1544, in stop_thread
    and not self.sock._closed and not self.packetizer.closed
AttributeError: 'LoopSocket' object has no attribute '_closed'

======================================================================
ERROR: test_4_special (tests.test_transport.TransportTest)
----------------------------------------------------------------------
Traceback (most recent call last):
  File "/home/travis/build/paramiko/paramiko/tests/test_transport.py", line 123, in tearDown
    self.tc.close()
  File "/home/travis/build/paramiko/paramiko/paramiko/transport.py", line 645, in close
    self.stop_thread()
  File "/home/travis/build/paramiko/paramiko/paramiko/transport.py", line 1544, in stop_thread
    and not self.sock._closed and not self.packetizer.closed
AttributeError: 'LoopSocket' object has no attribute '_closed'

======================================================================
ERROR: test_5_keepalive (tests.test_transport.TransportTest)
----------------------------------------------------------------------
Traceback (most recent call last):
  File "/home/travis/build/paramiko/paramiko/tests/test_transport.py", line 123, in tearDown
    self.tc.close()
  File "/home/travis/build/paramiko/paramiko/paramiko/transport.py", line 645, in close
    self.stop_thread()
  File "/home/travis/build/paramiko/paramiko/paramiko/transport.py", line 1544, in stop_thread
    and not self.sock._closed and not self.packetizer.closed
AttributeError: 'LoopSocket' object has no attribute '_closed'

======================================================================
ERROR: test_6_exec_command (tests.test_transport.TransportTest)
----------------------------------------------------------------------
Traceback (most recent call last):
  File "/home/travis/build/paramiko/paramiko/tests/test_transport.py", line 123, in tearDown
    self.tc.close()
  File "/home/travis/build/paramiko/paramiko/paramiko/transport.py", line 645, in close
    self.stop_thread()
  File "/home/travis/build/paramiko/paramiko/paramiko/transport.py", line 1544, in stop_thread
    and not self.sock._closed and not self.packetizer.closed
AttributeError: 'LoopSocket' object has no attribute '_closed'

======================================================================
ERROR: test_6a_channel_can_be_used_as_context_manager (tests.test_transport.TransportTest)
----------------------------------------------------------------------
Traceback (most recent call last):
  File "/home/travis/build/paramiko/paramiko/tests/test_transport.py", line 123, in tearDown
    self.tc.close()
  File "/home/travis/build/paramiko/paramiko/paramiko/transport.py", line 645, in close
    self.stop_thread()
  File "/home/travis/build/paramiko/paramiko/paramiko/transport.py", line 1544, in stop_thread
    and not self.sock._closed and not self.packetizer.closed
AttributeError: 'LoopSocket' object has no attribute '_closed'

======================================================================
ERROR: test_7_invoke_shell (tests.test_transport.TransportTest)
----------------------------------------------------------------------
Traceback (most recent call last):
  File "/home/travis/build/paramiko/paramiko/tests/test_transport.py", line 123, in tearDown
    self.tc.close()
  File "/home/travis/build/paramiko/paramiko/paramiko/transport.py", line 645, in close
    self.stop_thread()
  File "/home/travis/build/paramiko/paramiko/paramiko/transport.py", line 1544, in stop_thread
    and not self.sock._closed and not self.packetizer.closed
AttributeError: 'LoopSocket' object has no attribute '_closed'

======================================================================
ERROR: test_8_channel_exception (tests.test_transport.TransportTest)
----------------------------------------------------------------------
Traceback (most recent call last):
  File "/home/travis/build/paramiko/paramiko/tests/test_transport.py", line 123, in tearDown
    self.tc.close()
  File "/home/travis/build/paramiko/paramiko/paramiko/transport.py", line 645, in close
    self.stop_thread()
  File "/home/travis/build/paramiko/paramiko/paramiko/transport.py", line 1544, in stop_thread
    and not self.sock._closed and not self.packetizer.closed
AttributeError: 'LoopSocket' object has no attribute '_closed'

======================================================================
ERROR: test_9_exit_status (tests.test_transport.TransportTest)
----------------------------------------------------------------------
Traceback (most recent call last):
  File "/home/travis/build/paramiko/paramiko/tests/test_transport.py", line 123, in tearDown
    self.tc.close()
  File "/home/travis/build/paramiko/paramiko/paramiko/transport.py", line 645, in close
    self.stop_thread()
  File "/home/travis/build/paramiko/paramiko/paramiko/transport.py", line 1544, in stop_thread
    and not self.sock._closed and not self.packetizer.closed
AttributeError: 'LoopSocket' object has no attribute '_closed'

======================================================================
ERROR: test_A_select (tests.test_transport.TransportTest)
----------------------------------------------------------------------
Traceback (most recent call last):
  File "/home/travis/build/paramiko/paramiko/tests/test_transport.py", line 123, in tearDown
    self.tc.close()
  File "/home/travis/build/paramiko/paramiko/paramiko/transport.py", line 645, in close
    self.stop_thread()
  File "/home/travis/build/paramiko/paramiko/paramiko/transport.py", line 1544, in stop_thread
    and not self.sock._closed and not self.packetizer.closed
AttributeError: 'LoopSocket' object has no attribute '_closed'

======================================================================
ERROR: test_B_renegotiate (tests.test_transport.TransportTest)
----------------------------------------------------------------------
Traceback (most recent call last):
  File "/home/travis/build/paramiko/paramiko/tests/test_transport.py", line 123, in tearDown
    self.tc.close()
  File "/home/travis/build/paramiko/paramiko/paramiko/transport.py", line 645, in close
    self.stop_thread()
  File "/home/travis/build/paramiko/paramiko/paramiko/transport.py", line 1544, in stop_thread
    and not self.sock._closed and not self.packetizer.closed
AttributeError: 'LoopSocket' object has no attribute '_closed'

======================================================================
ERROR: test_C_compression (tests.test_transport.TransportTest)
----------------------------------------------------------------------
Traceback (most recent call last):
  File "/home/travis/build/paramiko/paramiko/tests/test_transport.py", line 123, in tearDown
    self.tc.close()
  File "/home/travis/build/paramiko/paramiko/paramiko/transport.py", line 645, in close
    self.stop_thread()
  File "/home/travis/build/paramiko/paramiko/paramiko/transport.py", line 1544, in stop_thread
    and not self.sock._closed and not self.packetizer.closed
AttributeError: 'LoopSocket' object has no attribute '_closed'

======================================================================
ERROR: test_D_x11 (tests.test_transport.TransportTest)
----------------------------------------------------------------------
Traceback (most recent call last):
  File "/home/travis/build/paramiko/paramiko/tests/test_transport.py", line 123, in tearDown
    self.tc.close()
  File "/home/travis/build/paramiko/paramiko/paramiko/transport.py", line 645, in close
    self.stop_thread()
  File "/home/travis/build/paramiko/paramiko/paramiko/transport.py", line 1544, in stop_thread
    and not self.sock._closed and not self.packetizer.closed
AttributeError: 'LoopSocket' object has no attribute '_closed'

======================================================================
ERROR: test_E_reverse_port_forwarding (tests.test_transport.TransportTest)
----------------------------------------------------------------------
Traceback (most recent call last):
  File "/home/travis/build/paramiko/paramiko/tests/test_transport.py", line 123, in tearDown
    self.tc.close()
  File "/home/travis/build/paramiko/paramiko/paramiko/transport.py", line 645, in close
    self.stop_thread()
  File "/home/travis/build/paramiko/paramiko/paramiko/transport.py", line 1544, in stop_thread
    and not self.sock._closed and not self.packetizer.closed
AttributeError: 'LoopSocket' object has no attribute '_closed'

======================================================================
ERROR: test_F_port_forwarding (tests.test_transport.TransportTest)
----------------------------------------------------------------------
Traceback (most recent call last):
  File "/home/travis/build/paramiko/paramiko/tests/test_transport.py", line 123, in tearDown
    self.tc.close()
  File "/home/travis/build/paramiko/paramiko/paramiko/transport.py", line 645, in close
    self.stop_thread()
  File "/home/travis/build/paramiko/paramiko/paramiko/transport.py", line 1544, in stop_thread
    and not self.sock._closed and not self.packetizer.closed
AttributeError: 'LoopSocket' object has no attribute '_closed'

======================================================================
ERROR: test_G_stderr_select (tests.test_transport.TransportTest)
----------------------------------------------------------------------
Traceback (most recent call last):
  File "/home/travis/build/paramiko/paramiko/tests/test_transport.py", line 123, in tearDown
    self.tc.close()
  File "/home/travis/build/paramiko/paramiko/paramiko/transport.py", line 645, in close
    self.stop_thread()
  File "/home/travis/build/paramiko/paramiko/paramiko/transport.py", line 1544, in stop_thread
    and not self.sock._closed and not self.packetizer.closed
AttributeError: 'LoopSocket' object has no attribute '_closed'

======================================================================
ERROR: test_H_send_ready (tests.test_transport.TransportTest)
----------------------------------------------------------------------
Traceback (most recent call last):
  File "/home/travis/build/paramiko/paramiko/tests/test_transport.py", line 123, in tearDown
    self.tc.close()
  File "/home/travis/build/paramiko/paramiko/paramiko/transport.py", line 645, in close
    self.stop_thread()
  File "/home/travis/build/paramiko/paramiko/paramiko/transport.py", line 1544, in stop_thread
    and not self.sock._closed and not self.packetizer.closed
AttributeError: 'LoopSocket' object has no attribute '_closed'

======================================================================
ERROR: test_I_rekey_deadlock (tests.test_transport.TransportTest)
----------------------------------------------------------------------
Traceback (most recent call last):
  File "/home/travis/build/paramiko/paramiko/tests/test_transport.py", line 123, in tearDown
    self.tc.close()
  File "/home/travis/build/paramiko/paramiko/paramiko/transport.py", line 645, in close
    self.stop_thread()
  File "/home/travis/build/paramiko/paramiko/paramiko/transport.py", line 1544, in stop_thread
    and not self.sock._closed and not self.packetizer.closed
AttributeError: 'LoopSocket' object has no attribute '_closed'

======================================================================
ERROR: test_L_handshake_timeout (tests.test_transport.TransportTest)
----------------------------------------------------------------------
Traceback (most recent call last):
  File "/home/travis/build/paramiko/paramiko/tests/test_transport.py", line 124, in tearDown
    self.ts.close()
  File "/home/travis/build/paramiko/paramiko/paramiko/transport.py", line 645, in close
    self.stop_thread()
  File "/home/travis/build/paramiko/paramiko/paramiko/transport.py", line 1544, in stop_thread
    and not self.sock._closed and not self.packetizer.closed
AttributeError: 'LoopSocket' object has no attribute '_closed'

======================================================================
ERROR: test_M_select_after_close (tests.test_transport.TransportTest)
----------------------------------------------------------------------
Traceback (most recent call last):
  File "/home/travis/build/paramiko/paramiko/tests/test_transport.py", line 123, in tearDown
    self.tc.close()
  File "/home/travis/build/paramiko/paramiko/paramiko/transport.py", line 645, in close
    self.stop_thread()
  File "/home/travis/build/paramiko/paramiko/paramiko/transport.py", line 1544, in stop_thread
    and not self.sock._closed and not self.packetizer.closed
AttributeError: 'LoopSocket' object has no attribute '_closed'

----------------------------------------------------------------------
Ran 172 tests in 22.481s

FAILED (errors=27)
Error in atexit._run_exitfuncs:
Traceback (most recent call last):
  File "/home/travis/build/paramiko/paramiko/paramiko/transport.py", line 77, in _join_lingering_threads
    thr.stop_thread()
  File "/home/travis/build/paramiko/paramiko/paramiko/transport.py", line 1544, in stop_thread
    and not self.sock._closed and not self.packetizer.closed
AttributeError: 'LoopSocket' object has no attribute '_closed'

travis_time:end:062997f0:start=1465713125807936709,finish=1465713152009593134,duration=26201656425[0K
[31;1mThe command "inv test --coverage" exited with 1.[0m
travis_time:start:05c99dc6[0K$ invoke docs -o -W www -o -W
[01mRunning Sphinx v1.4.3[39;49;00m
making output directory...
[01mloading pickled environment... [39;49;00mnot yet created
loading intersphinx inventory from http://docs.python.org/2.6/objects.inv...
intersphinx inventory has moved: http://docs.python.org/2.6 -> https://docs.python.org/2.6
[01mbuilding [mo]: [39;49;00mtargets for 0 po files that are out of date
[01mbuilding [html][39;49;00m: targets for 19 source files that are out of date
[01mupdating environment: [39;49;00m19 added, 0 changed, 0 removed
[01mreading sources... [39;49;00m[  5%] [35mapi/agent[39;49;00m                                             [01mreading sources... [39;49;00m[ 10%] [35mapi/buffered_pipe[39;49;00m                                     [01mreading sources... [39;49;00m[ 15%] [35mapi/channel[39;49;00m                                           [01mreading sources... [39;49;00m[ 21%] [35mapi/client[39;49;00m                                            [01mreading sources... [39;49;00m[ 26%] [35mapi/config[39;49;00m                                            [01mreading sources... [39;49;00m[ 31%] [35mapi/file[39;49;00m                                              [01mreading sources... [39;49;00m[ 36%] [35mapi/hostkeys[39;49;00m                                          [01mreading sources... [39;49;00m[ 42%] [35mapi/kex_gss[39;49;00m                                           [01mreading sources... [39;49;00m[ 47%] [35mapi/keys[39;49;00m                                              [01mreading sources... [39;49;00m[ 52%] [35mapi/message[39;49;00m                                           [01mreading sources... [39;49;00m[ 57%] [35mapi/packet[39;49;00m                                            [01mreading sources... [39;49;00m[ 63%] [35mapi/pipe[39;49;00m                                              [01mreading sources... [39;49;00m[ 68%] [35mapi/proxy[39;49;00m                                             [01mreading sources... [39;49;00m[ 73%] [35mapi/server[39;49;00m                                            [01mreading sources... [39;49;00m[ 78%] [35mapi/sftp[39;49;00m                                              [01mreading sources... [39;49;00m[ 84%] [35mapi/ssh_exception[39;49;00m                                     [01mreading sources... [39;49;00m[ 89%] [35mapi/ssh_gss[39;49;00m                                           [01mreading sources... [39;49;00m[ 94%] [35mapi/transport[39;49;00m                                         [01mreading sources... [39;49;00m[100%] [35mindex[39;49;00m                                                 
[01mlooking for now-outdated files... [39;49;00mnone found
[01mpickling environment... [39;49;00mdone
[01mchecking consistency... [39;49;00mdone
[01mpreparing documents... [39;49;00mdone
[01mwriting output... [39;49;00m[  5%] [32mapi/agent[39;49;00m                                              [01mwriting output... [39;49;00m[ 10%] [32mapi/buffered_pipe[39;49;00m                                      [01mwriting output... [39;49;00m[ 15%] [32mapi/channel[39;49;00m                                            [01mwriting output... [39;49;00m[ 21%] [32mapi/client[39;49;00m                                             [01mwriting output... [39;49;00m[ 26%] [32mapi/config[39;49;00m                                             [01mwriting output... [39;49;00m[ 31%] [32mapi/file[39;49;00m                                               [01mwriting output... [39;49;00m[ 36%] [32mapi/hostkeys[39;49;00m                                           [01mwriting output... [39;49;00m[ 42%] [32mapi/kex_gss[39;49;00m                                            [01mwriting output... [39;49;00m[ 47%] [32mapi/keys[39;49;00m                                               [01mwriting output... [39;49;00m[ 52%] [32mapi/message[39;49;00m                                            [01mwriting output... [39;49;00m[ 57%] [32mapi/packet[39;49;00m                                             [01mwriting output... [39;49;00m[ 63%] [32mapi/pipe[39;49;00m                                               [01mwriting output... [39;49;00m[ 68%] [32mapi/proxy[39;49;00m                                              [01mwriting output... [39;49;00m[ 73%] [32mapi/server[39;49;00m                                             [01mwriting output... [39;49;00m[ 78%] [32mapi/sftp[39;49;00m                                               [01mwriting output... [39;49;00m[ 84%] [32mapi/ssh_exception[39;49;00m                                      [01mwriting output... [39;49;00m[ 89%] [32mapi/ssh_gss[39;49;00m                                            [01mwriting output... [39;49;00m[ 94%] [32mapi/transport[39;49;00m                                          [01mwriting output... [39;49;00m[100%] [32mindex[39;49;00m                                                  
[01mgenerating indices...[39;49;00m genindex py-modindex
[01mwriting additional pages...[39;49;00m search
[01mcopying static files... [39;49;00mdone
[01mcopying extra files... [39;49;00mdone
[01mdumping search index in English (code: en) ... [39;49;00mdone
[01mdumping object inventory... [39;49;00mdone
[01mbuild succeeded.[39;49;00m

travis_time:end:05c99dc6:start=1465713152013634180,finish=1465713159638166289,duration=7624532109[0K
[32;1mThe command "invoke docs -o -W www -o -W" exited with 0.[0m
travis_fold:start:cache.2[0Kstore build cache
travis_time:start:0d2eb956[0K
travis_time:end:0d2eb956:start=1465713159642352245,finish=1465713159645688883,duration=3336638[0Ktravis_time:start:002d9b8c[0K[32;1mchange detected (content changed, file is created, or file is deleted):
/home/travis/.cache/pip/http/0/e/7/b/9/0e7b99547a0247a24df2175f35e166cf96f0194417e99b4851dbf306
/home/travis/.cache/pip/http/1/6/c/0/a/16c0a548c0c7afeaacb56da8e61131e0c5170decf39c9f6df1f3cd07
/home/travis/.cache/pip/http/1/b/8/4/3/1b843694276f9314098fbdeeb5b682016144709c2c46ab7480beb11c
/home/travis/.cache/pip/http/2/f/6/0/e/2f60ee2e6b2f8d9d74debb0760385405e98f6d110bddba8ef79ec89c
/home/travis/.cache/pip/http/3/c/3/7/a/3c37a5dd5044936b084b1d3a8df72098556842635bb91eba2b554622
/home/travis/.cache/pip/http/4/7/2/3/1/472310d10a1408ab00188f6550b258fc30b406062090194293a2ded4
/home/travis/.cache/pip/http/5/2/f/0/f/52f0f61ad7788fe4ba0d60b69f9387a7286ab051169eea384b510075
/home/travis/.cache/pip/http/5/8/d/3/f/58d3fdd3dc95980762efa0b0fbd69febef7a6629ad9305512fdf14b3
/home/travis/.cache/pip/http/5/e/9/d/e/5e9dea232305798ba88ba37616a378f93aa4d3746e17ee9d115397bf
/home/travis/.cache/pip/http/6/3/c/4/2/63c426d150091b9663b3d4923999b229a56ede976ab93677382d9562
/home/travis/.cache/pip/http/6/f/5/c/1/6f
[0m
[32;1m...
[0m
[32;1mchanges detected, packing new archive[0m
[32;1muploading archive[0m

travis_time:end:002d9b8c:start=1465713159649529151,finish=1465713161671980404,duration=2022451253[0Ktravis_fold:end:cache.2[0K
Done. Your build exited with 1.
