Using worker: worker-linux-docker-f9361800.prod.travis-ci.org:travis-linux-1

travis_fold:start:system_info[0K[33;1mBuild system information[0m
Build language: python
Build group: stable
Build dist: precise
[34m[1mBuild image provisioning date and time[0m
Thu Feb  5 15:09:33 UTC 2015
[34m[1mOperating System Details[0m
Distributor ID:	Ubuntu
Description:	Ubuntu 12.04.5 LTS
Release:	12.04
Codename:	precise
[34m[1mLinux Version[0m
3.13.0-29-generic
[34m[1mCookbooks Version[0m
a68419e https://github.com/travis-ci/travis-cookbooks/tree/a68419e
[34m[1mGCC version[0m
gcc (Ubuntu/Linaro 4.6.3-1ubuntu5) 4.6.3
Copyright (C) 2011 Free Software Foundation, Inc.
This is free software; see the source for copying conditions.  There is NO
warranty; not even for MERCHANTABILITY or FITNESS FOR A PARTICULAR PURPOSE.

[34m[1mLLVM version[0m
clang version 3.4 (tags/RELEASE_34/final)
Target: x86_64-unknown-linux-gnu
Thread model: posix
[34m[1mPre-installed Ruby versions[0m
ruby-1.9.3-p551
[34m[1mPre-installed Node.js versions[0m
v0.10.36
[34m[1mPre-installed Go versions[0m
1.4.1
[34m[1mRedis version[0m
redis-server 2.8.19
[34m[1mriak version[0m
2.0.2
[34m[1mMongoDB version[0m
MongoDB 2.4.12
[34m[1mCouchDB version[0m
couchdb 1.6.1
[34m[1mNeo4j version[0m
1.9.4
[34m[1mRabbitMQ Version[0m
3.4.3
[34m[1mElasticSearch version[0m
1.4.0
[34m[1mInstalled Sphinx versions[0m
2.0.10
2.1.9
2.2.6
[34m[1mDefault Sphinx version[0m
2.2.6
[34m[1mInstalled Firefox version[0m
firefox 31.0esr
[34m[1mPhantomJS version[0m
1.9.8
[34m[1mant -version[0m
Apache Ant(TM) version 1.8.2 compiled on December 3 2011
[34m[1mmvn -version[0m
Apache Maven 3.2.5 (12a6b3acb947671f09b81f49094c53f426d8cea1; 2014-12-14T17:29:23+00:00)
Maven home: /usr/local/maven
Java version: 1.7.0_76, vendor: Oracle Corporation
Java home: /usr/lib/jvm/java-7-oracle/jre
Default locale: en_US, platform encoding: ANSI_X3.4-1968
OS name: "linux", version: "3.13.0-29-generic", arch: "amd64", family: "unix"
travis_fold:end:system_info[0K
travis_fold:start:fix.CVE-2015-7547[0K$ export DEBIAN_FRONTEND=noninteractive
W: Size of file /var/lib/apt/lists/us.archive.ubuntu.com_ubuntu_dists_precise-backports_multiverse_source_Sources.gz is not what the server reported 5886 5888
W: Size of file /var/lib/apt/lists/ppa.launchpad.net_ubuntugis_ppa_ubuntu_dists_precise_main_binary-amd64_Packages.gz is not what the server reported 36669 36677
W: Size of file /var/lib/apt/lists/ppa.launchpad.net_ubuntugis_ppa_ubuntu_dists_precise_main_binary-i386_Packages.gz is not what the server reported 36729 36733
Reading package lists...
Building dependency tree...
Reading state information...
The following extra packages will be installed:
  libc-bin libc-dev-bin libc6-dev
Suggested packages:
  glibc-doc
The following packages will be upgraded:
  libc-bin libc-dev-bin libc6 libc6-dev
4 upgraded, 0 newly installed, 0 to remove and 213 not upgraded.
Need to get 8,844 kB of archives.
After this operation, 9,216 B disk space will be freed.
Get:1 http://us.archive.ubuntu.com/ubuntu/ precise-updates/main libc6-dev amd64 2.15-0ubuntu10.13 [2,943 kB]
Get:2 http://us.archive.ubuntu.com/ubuntu/ precise-updates/main libc-dev-bin amd64 2.15-0ubuntu10.13 [84.7 kB]
Get:3 http://us.archive.ubuntu.com/ubuntu/ precise-updates/main libc-bin amd64 2.15-0ubuntu10.13 [1,179 kB]
Get:4 http://us.archive.ubuntu.com/ubuntu/ precise-updates/main libc6 amd64 2.15-0ubuntu10.13 [4,637 kB]
Fetched 8,844 kB in 0s (29.4 MB/s)
Preconfiguring packages ...
(Reading database ... (Reading database ... 5%(Reading database ... 10%(Reading database ... 15%(Reading database ... 20%(Reading database ... 25%(Reading database ... 30%(Reading database ... 35%(Reading database ... 40%(Reading database ... 45%(Reading database ... 50%(Reading database ... 55%(Reading database ... 60%(Reading database ... 65%(Reading database ... 70%(Reading database ... 75%(Reading database ... 80%(Reading database ... 85%(Reading database ... 90%(Reading database ... 95%(Reading database ... 100%(Reading database ... 72431 files and directories currently installed.)
Preparing to replace libc6-dev 2.15-0ubuntu10.10 (using .../libc6-dev_2.15-0ubuntu10.13_amd64.deb) ...
Unpacking replacement libc6-dev ...
Preparing to replace libc-dev-bin 2.15-0ubuntu10.10 (using .../libc-dev-bin_2.15-0ubuntu10.13_amd64.deb) ...
Unpacking replacement libc-dev-bin ...
Preparing to replace libc-bin 2.15-0ubuntu10.10 (using .../libc-bin_2.15-0ubuntu10.13_amd64.deb) ...
Unpacking replacement libc-bin ...
Processing triggers for man-db ...
Setting up libc-bin (2.15-0ubuntu10.13) ...
(Reading database ... (Reading database ... 5%(Reading database ... 10%(Reading database ... 15%(Reading database ... 20%(Reading database ... 25%(Reading database ... 30%(Reading database ... 35%(Reading database ... 40%(Reading database ... 45%(Reading database ... 50%(Reading database ... 55%(Reading database ... 60%(Reading database ... 65%(Reading database ... 70%(Reading database ... 75%(Reading database ... 80%(Reading database ... 85%(Reading database ... 90%(Reading database ... 95%(Reading database ... 100%(Reading database ... 72431 files and directories currently installed.)
Preparing to replace libc6 2.15-0ubuntu10.10 (using .../libc6_2.15-0ubuntu10.13_amd64.deb) ...
Unpacking replacement libc6 ...
Setting up libc6 (2.15-0ubuntu10.13) ...
Setting up libc-dev-bin (2.15-0ubuntu10.13) ...
Setting up libc6-dev (2.15-0ubuntu10.13) ...
Processing triggers for libc-bin ...
ldconfig deferred processing now taking place
travis_fold:end:fix.CVE-2015-7547[0Ktravis_fold:start:git.checkout[0Ktravis_time:start:0982ff68[0K$ git clone --depth=50 --branch=attwrite_char https://github.com/Unidata/netcdf4-python.git Unidata/netcdf4-python
Cloning into 'Unidata/netcdf4-python'...
remote: Counting objects: 647, done.[K
remote: Compressing objects:   0% (1/371)   [Kremote: Compressing objects:   1% (4/371)   [Kremote: Compressing objects:   2% (8/371)   [Kremote: Compressing objects:   3% (12/371)   [Kremote: Compressing objects:   4% (15/371)   [Kremote: Compressing objects:   5% (19/371)   [Kremote: Compressing objects:   6% (23/371)   [Kremote: Compressing objects:   7% (26/371)   [Kremote: Compressing objects:   8% (30/371)   [Kremote: Compressing objects:   9% (34/371)   [Kremote: Compressing objects:  10% (38/371)   [Kremote: Compressing objects:  11% (41/371)   [Kremote: Compressing objects:  12% (45/371)   [Kremote: Compressing objects:  13% (49/371)   [Kremote: Compressing objects:  14% (52/371)   [Kremote: Compressing objects:  15% (56/371)   [Kremote: Compressing objects:  16% (60/371)   [Kremote: Compressing objects:  17% (64/371)   [Kremote: Compressing objects:  18% (67/371)   [Kremote: Compressing objects:  19% (71/371)   [Kremote: Compressing objects:  20% (75/371)   [Kremote: Compressing objects:  21% (78/371)   [Kremote: Compressing objects:  22% (82/371)   [Kremote: Compressing objects:  23% (86/371)   [Kremote: Compressing objects:  24% (90/371)   [Kremote: Compressing objects:  25% (93/371)   [Kremote: Compressing objects:  26% (97/371)   [Kremote: Compressing objects:  27% (101/371)   [Kremote: Compressing objects:  28% (104/371)   [Kremote: Compressing objects:  29% (108/371)   [Kremote: Compressing objects:  30% (112/371)   [Kremote: Compressing objects:  31% (116/371)   [Kremote: Compressing objects:  32% (119/371)   [Kremote: Compressing objects:  33% (123/371)   [Kremote: Compressing objects:  33% (124/371)   [Kremote: Compressing objects:  34% (127/371)   [Kremote: Compressing objects:  35% (130/371)   [Kremote: Compressing objects:  35% (131/371)   [Kremote: Compressing objects:  36% (134/371)   [Kremote: Compressing objects:  36% (137/371)   [Kremote: Compressing objects:  37% (138/371)   [Kremote: Compressing objects:  38% (141/371)   [Kremote: Compressing objects:  39% (145/371)   [Kremote: Compressing objects:  40% (149/371)   [Kremote: Compressing objects:  41% (153/371)   [Kremote: Compressing objects:  42% (156/371)   [Kremote: Compressing objects:  43% (160/371)   [Kremote: Compressing objects:  44% (164/371)   [Kremote: Compressing objects:  45% (167/371)   [Kremote: Compressing objects:  46% (171/371)   [Kremote: Compressing objects:  47% (175/371)   [Kremote: Compressing objects:  48% (179/371)   [Kremote: Compressing objects:  49% (182/371)   [Kremote: Compressing objects:  50% (186/371)   [Kremote: Compressing objects:  51% (190/371)   [Kremote: Compressing objects:  52% (193/371)   [Kremote: Compressing objects:  53% (197/371)   [Kremote: Compressing objects:  54% (201/371)   [Kremote: Compressing objects:  55% (205/371)   [Kremote: Compressing objects:  56% (208/371)   [Kremote: Compressing objects:  57% (212/371)   [Kremote: Compressing objects:  58% (216/371)   [Kremote: Compressing objects:  59% (219/371)   [Kremote: Compressing objects:  60% (223/371)   [Kremote: Compressing objects:  61% (227/371)   [Kremote: Compressing objects:  62% (231/371)   [Kremote: Compressing objects:  63% (234/371)   [Kremote: Compressing objects:  64% (238/371)   [Kremote: Compressing objects:  65% (242/371)   [Kremote: Compressing objects:  66% (245/371)   [Kremote: Compressing objects:  67% (249/371)   [Kremote: Compressing objects:  68% (253/371)   [Kremote: Compressing objects:  69% (256/371)   [Kremote: Compressing objects:  70% (260/371)   [Kremote: Compressing objects:  71% (264/371)   [Kremote: Compressing objects:  72% (268/371)   [Kremote: Compressing objects:  73% (271/371)   [Kremote: Compressing objects:  74% (275/371)   [Kremote: Compressing objects:  75% (279/371)   [Kremote: Compressing objects:  76% (282/371)   [Kremote: Compressing objects:  77% (286/371)   [Kremote: Compressing objects:  78% (290/371)   [Kremote: Compressing objects:  79% (294/371)   [Kremote: Compressing objects:  80% (297/371)   [Kremote: Compressing objects:  81% (301/371)   [Kremote: Compressing objects:  82% (305/371)   [Kremote: Compressing objects:  83% (308/371)   [Kremote: Compressing objects:  84% (312/371)   [Kremote: Compressing objects:  85% (316/371)   [Kremote: Compressing objects:  86% (320/371)   [Kremote: Compressing objects:  87% (323/371)   [Kremote: Compressing objects:  88% (327/371)   [Kremote: Compressing objects:  89% (331/371)   [Kremote: Compressing objects:  90% (334/371)   [Kremote: Compressing objects:  91% (338/371)   [Kremote: Compressing objects:  92% (342/371)   [Kremote: Compressing objects:  93% (346/371)   [Kremote: Compressing objects:  94% (349/371)   [Kremote: Compressing objects:  95% (353/371)   [Kremote: Compressing objects:  96% (357/371)   [Kremote: Compressing objects:  97% (360/371)   [Kremote: Compressing objects:  98% (364/371)   [Kremote: Compressing objects:  99% (368/371)   [Kremote: Compressing objects: 100% (371/371)   [Kremote: Compressing objects: 100% (371/371), done.[K
Receiving objects:   0% (1/647)   Receiving objects:   1% (7/647)   Receiving objects:   2% (13/647)   Receiving objects:   3% (20/647)   Receiving objects:   4% (26/647)   Receiving objects:   5% (33/647)   Receiving objects:   6% (39/647)   Receiving objects:   7% (46/647)   Receiving objects:   8% (52/647)   Receiving objects:   9% (59/647)   Receiving objects:  10% (65/647)   Receiving objects:  11% (72/647)   Receiving objects:  12% (78/647)   Receiving objects:  13% (85/647)   Receiving objects:  14% (91/647)   Receiving objects:  15% (98/647)   Receiving objects:  16% (104/647)   Receiving objects:  17% (110/647)   Receiving objects:  18% (117/647)   Receiving objects:  19% (123/647)   Receiving objects:  20% (130/647)   Receiving objects:  21% (136/647)   Receiving objects:  22% (143/647)   Receiving objects:  23% (149/647)   Receiving objects:  24% (156/647)   Receiving objects:  25% (162/647)   Receiving objects:  26% (169/647)   Receiving objects:  27% (175/647)   Receiving objects:  28% (182/647)   Receiving objects:  29% (188/647)   Receiving objects:  30% (195/647)   Receiving objects:  31% (201/647)   Receiving objects:  32% (208/647)   Receiving objects:  33% (214/647)   Receiving objects:  34% (220/647)   Receiving objects:  35% (227/647)   Receiving objects:  36% (233/647)   Receiving objects:  37% (240/647)   Receiving objects:  38% (246/647)   Receiving objects:  39% (253/647)   Receiving objects:  40% (259/647)   Receiving objects:  41% (266/647)   Receiving objects:  42% (272/647)   Receiving objects:  43% (279/647)   Receiving objects:  44% (285/647)   Receiving objects:  45% (292/647)   Receiving objects:  46% (298/647)   Receiving objects:  47% (305/647)   Receiving objects:  48% (311/647)   Receiving objects:  49% (318/647)   Receiving objects:  50% (324/647)   Receiving objects:  51% (330/647)   Receiving objects:  52% (337/647)   Receiving objects:  53% (343/647)   Receiving objects:  54% (350/647)   Receiving objects:  55% (356/647)   Receiving objects:  56% (363/647)   Receiving objects:  57% (369/647)   Receiving objects:  58% (376/647)   Receiving objects:  59% (382/647)   Receiving objects:  60% (389/647)   Receiving objects:  61% (395/647)   Receiving objects:  62% (402/647)   Receiving objects:  63% (408/647)   Receiving objects:  64% (415/647)   Receiving objects:  64% (420/647), 50.29 MiB | 50.18 MiB/s   Receiving objects:  65% (421/647), 50.29 MiB | 50.18 MiB/s   Receiving objects:  65% (427/647), 102.64 MiB | 51.22 MiB/s   Receiving objects:  66% (428/647), 126.24 MiB | 50.39 MiB/s   Receiving objects:  67% (434/647), 126.24 MiB | 50.39 MiB/s   Receiving objects:  68% (440/647), 126.24 MiB | 50.39 MiB/s   Receiving objects:  69% (447/647), 126.24 MiB | 50.39 MiB/s   Receiving objects:  70% (453/647), 126.24 MiB | 50.39 MiB/s   Receiving objects:  71% (460/647), 126.24 MiB | 50.39 MiB/s   Receiving objects:  72% (466/647), 126.24 MiB | 50.39 MiB/s   Receiving objects:  73% (473/647), 126.24 MiB | 50.39 MiB/s   Receiving objects:  74% (479/647), 126.24 MiB | 50.39 MiB/s   Receiving objects:  75% (486/647), 126.24 MiB | 50.39 MiB/s   Receiving objects:  76% (492/647), 126.24 MiB | 50.39 MiB/s   Receiving objects:  77% (499/647), 126.24 MiB | 50.39 MiB/s   Receiving objects:  78% (505/647), 126.24 MiB | 50.39 MiB/s   Receiving objects:  79% (512/647), 126.24 MiB | 50.39 MiB/s   Receiving objects:  80% (518/647), 126.24 MiB | 50.39 MiB/s   Receiving objects:  81% (525/647), 126.24 MiB | 50.39 MiB/s   Receiving objects:  82% (531/647), 126.24 MiB | 50.39 MiB/s   Receiving objects:  83% (538/647), 126.24 MiB | 50.39 MiB/s   Receiving objects:  84% (544/647), 126.24 MiB | 50.39 MiB/s   Receiving objects:  85% (550/647), 126.24 MiB | 50.39 MiB/s   Receiving objects:  86% (557/647), 126.24 MiB | 50.39 MiB/s   Receiving objects:  87% (563/647), 126.24 MiB | 50.39 MiB/s   Receiving objects:  88% (570/647), 126.24 MiB | 50.39 MiB/s   Receiving objects:  89% (576/647), 126.24 MiB | 50.39 MiB/s   Receiving objects:  90% (583/647), 126.24 MiB | 50.39 MiB/s   Receiving objects:  91% (589/647), 126.24 MiB | 50.39 MiB/s   remote: Total 647 (delta 348), reused 507 (delta 259), pack-reused 0[K
Receiving objects:  92% (596/647), 126.24 MiB | 50.39 MiB/s   Receiving objects:  93% (602/647), 126.24 MiB | 50.39 MiB/s   Receiving objects:  94% (609/647), 126.24 MiB | 50.39 MiB/s   Receiving objects:  95% (615/647), 126.24 MiB | 50.39 MiB/s   Receiving objects:  96% (622/647), 126.24 MiB | 50.39 MiB/s   Receiving objects:  97% (628/647), 126.24 MiB | 50.39 MiB/s   Receiving objects:  98% (635/647), 126.24 MiB | 50.39 MiB/s   Receiving objects:  99% (641/647), 126.24 MiB | 50.39 MiB/s   Receiving objects: 100% (647/647), 126.24 MiB | 50.39 MiB/s   Receiving objects: 100% (647/647), 134.94 MiB | 50.39 MiB/s, done.
Resolving deltas:   0% (0/348)   Resolving deltas:   1% (4/348)   Resolving deltas:   6% (22/348)   Resolving deltas:   7% (25/348)   Resolving deltas:   8% (28/348)   Resolving deltas:   9% (32/348)   Resolving deltas:  10% (35/348)   Resolving deltas:  11% (40/348)   Resolving deltas:  12% (43/348)   Resolving deltas:  13% (46/348)   Resolving deltas:  14% (50/348)   Resolving deltas:  41% (145/348)   Resolving deltas:  44% (155/348)   Resolving deltas:  54% (189/348)   Resolving deltas:  55% (194/348)   Resolving deltas:  56% (195/348)   Resolving deltas:  58% (203/348)   Resolving deltas:  64% (225/348)   Resolving deltas:  65% (229/348)   Resolving deltas:  66% (231/348)   Resolving deltas:  67% (236/348)   Resolving deltas:  68% (239/348)   Resolving deltas:  70% (245/348)   Resolving deltas:  71% (248/348)   Resolving deltas:  72% (251/348)   Resolving deltas:  73% (255/348)   Resolving deltas:  87% (306/348)   Resolving deltas: 100% (348/348)   Resolving deltas: 100% (348/348), done.
Checking connectivity... done.

travis_time:end:0982ff68:start=1456754946867675757,finish=1456754958284341963,duration=11416666206[0K$ cd Unidata/netcdf4-python
$ git checkout -qf 9c7353dff407bafa97ef00e549973e93f6b77b18
travis_fold:end:git.checkout[0Ktravis_fold:start:apt[0K[33;1mInstalling APT Packages (BETA)[0m
$ export DEBIAN_FRONTEND=noninteractive
travis_time:start:2c47a1db[0K$ sudo -E apt-get -yq update &>> ~/apt-get-update.log

travis_time:end:2c47a1db:start=1456754958725288307,finish=1456754963555206000,duration=4829917693[0Ktravis_time:start:0735f614[0K$ sudo -E apt-get -yq --no-install-suggests --no-install-recommends --force-yes install libhdf5-serial-dev netcdf-bin libnetcdf-dev
Reading package lists...
Building dependency tree...
Reading state information...
Suggested packages:
  libhdf5-doc netcdf-doc
The following NEW packages will be installed:
  libhdf5-serial-dev libnetcdf-dev netcdf-bin
0 upgraded, 3 newly installed, 0 to remove and 213 not upgraded.
Need to get 3,107 kB of archives.
After this operation, 20.4 MB of additional disk space will be used.
Get:1 http://us.archive.ubuntu.com/ubuntu/ precise/universe libhdf5-serial-dev amd64 1.8.4-patch1-3ubuntu2 [2,278 kB]
Get:2 http://us.archive.ubuntu.com/ubuntu/ precise/universe libnetcdf-dev amd64 1:4.1.1-6 [644 kB]
Get:3 http://us.archive.ubuntu.com/ubuntu/ precise/universe netcdf-bin amd64 1:4.1.1-6 [185 kB]
Fetched 3,107 kB in 0s (16.8 MB/s)
Selecting previously unselected package libhdf5-serial-dev.
(Reading database ... (Reading database ... 5%(Reading database ... 10%(Reading database ... 15%(Reading database ... 20%(Reading database ... 25%(Reading database ... 30%(Reading database ... 35%(Reading database ... 40%(Reading database ... 45%(Reading database ... 50%(Reading database ... 55%(Reading database ... 60%(Reading database ... 65%(Reading database ... 70%(Reading database ... 75%(Reading database ... 80%(Reading database ... 85%(Reading database ... 90%(Reading database ... 95%(Reading database ... 100%(Reading database ... 72431 files and directories currently installed.)
Unpacking libhdf5-serial-dev (from .../libhdf5-serial-dev_1.8.4-patch1-3ubuntu2_amd64.deb) ...
Selecting previously unselected package libnetcdf-dev.
Unpacking libnetcdf-dev (from .../libnetcdf-dev_1%3a4.1.1-6_amd64.deb) ...
Selecting previously unselected package netcdf-bin.
Unpacking netcdf-bin (from .../netcdf-bin_1%3a4.1.1-6_amd64.deb) ...
Processing triggers for man-db ...
Setting up libhdf5-serial-dev (1.8.4-patch1-3ubuntu2) ...
Setting up libnetcdf-dev (1:4.1.1-6) ...
Setting up netcdf-bin (1:4.1.1-6) ...

travis_time:end:0735f614:start=1456754963558758696,finish=1456754972585670490,duration=9026911794[0Ktravis_fold:end:apt[0K
[33;1mThis job is running on container-based infrastructure, which does not allow use of 'sudo', setuid and setguid executables.[0m
[33;1mIf you require sudo, add 'sudo: required' to your .travis.yml[0m
[33;1mSee https://docs.travis-ci.com/user/workers/container-based-infrastructure/ for details.[0m

[33;1mSetting environment variables from .travis.yml[0m
$ export DEPENDS="numpy cython"
$ export NO_NET=1

travis_time:start:24ba11a6[0K$ source ~/virtualenv/python3.4/bin/activate

travis_time:end:24ba11a6:start=1456754991136786687,finish=1456754991141326674,duration=4539987[0K$ python --version
Python 3.4.2
$ pip --version
pip 6.0.7 from /home/travis/virtualenv/python3.4.2/lib/python3.4/site-packages (python 3.4)
travis_fold:start:before_install[0Ktravis_time:start:17097e34[0K$ pip install $DEPENDS
Requirement already satisfied (use --upgrade to upgrade): numpy in /home/travis/virtualenv/python3.4.2/lib/python3.4/site-packages
Collecting cython
  Downloading Cython-0.23.4.tar.gz (1.6MB)
[?25l[K    0% |                                | 4.1kB 706kB/s eta 0:00:03[K    0% |                                | 8.2kB 1.4MB/s eta 0:00:02[K    0% |                                | 12kB 2.0MB/s eta 0:00:01[K    1% |                                | 16kB 2.6MB/s eta 0:00:01[K    1% |                                | 20kB 3.1MB/s eta 0:00:01[K    1% |                                | 24kB 3.6MB/s eta 0:00:01[K    1% |                                | 28kB 4.2MB/s eta 0:00:01[K    2% |                                | 32kB 4.6MB/s eta 0:00:01[K    2% |                                | 36kB 2.8MB/s eta 0:00:01[K    2% |                                | 40kB 3.1MB/s eta 0:00:01[K    2% |                                | 45kB 5.4MB/s eta 0:00:01[K    3% |                                | 49kB 5.5MB/s eta 0:00:01[K    3% |#                               | 53kB 5.5MB/s eta 0:00:01[K    3% |#                               | 57kB 5.5MB/s eta 0:00:01[K    3% |#                               | 61kB 5.6MB/s eta 0:00:01[K    4% |#                               | 65kB 5.6MB/s eta 0:00:01[K    4% |#                               | 69kB 5.6MB/s eta 0:00:01[K    4% |#                               | 73kB 5.7MB/s eta 0:00:01[K    4% |#                               | 77kB 27.8MB/s eta 0:00:01[K    5% |#                               | 81kB 28.1MB/s eta 0:00:01[K    5% |#                               | 86kB 6.0MB/s eta 0:00:01[K    5% |#                               | 90kB 6.0MB/s eta 0:00:01[K    5% |#                               | 94kB 6.0MB/s eta 0:00:01[K    6% |#                               | 98kB 6.0MB/s eta 0:00:01[K    6% |##                              | 102kB 5.9MB/s eta 0:00:01[K    6% |##                              | 106kB 5.8MB/s eta 0:00:01[K    6% |##                              | 110kB 5.8MB/s eta 0:00:01[K    7% |##                              | 114kB 5.9MB/s eta 0:00:01[K    7% |##                              | 118kB 5.7MB/s eta 0:00:01[K    7% |##                              | 122kB 5.7MB/s eta 0:00:01[K    7% |##                              | 126kB 21.8MB/s eta 0:00:01[K    8% |##                              | 131kB 22.6MB/s eta 0:00:01[K    8% |##                              | 135kB 21.9MB/s eta 0:00:01[K    8% |##                              | 139kB 21.3MB/s eta 0:00:01[K    8% |##                              | 143kB 23.0MB/s eta 0:00:01[K    9% |##                              | 147kB 21.6MB/s eta 0:00:01[K    9% |##                              | 151kB 21.4MB/s eta 0:00:01[K    9% |###                             | 155kB 21.6MB/s eta 0:00:01[K    9% |###                             | 159kB 24.0MB/s eta 0:00:01[K    10% |###                             | 163kB 24.3MB/s eta 0:00:01[K    10% |###                             | 167kB 22.2MB/s eta 0:00:01[K    10% |###                             | 172kB 22.3MB/s eta 0:00:01[K    10% |###                             | 176kB 23.0MB/s eta 0:00:01[K    11% |###                             | 180kB 23.3MB/s eta 0:00:01[K    11% |###                             | 184kB 22.4MB/s eta 0:00:01[K    11% |###                             | 188kB 23.8MB/s eta 0:00:01[K    11% |###                             | 192kB 23.7MB/s eta 0:00:01[K    12% |###                             | 196kB 22.8MB/s eta 0:00:01[K    12% |###                             | 200kB 10.1MB/s eta 0:00:01[K    12% |####                            | 204kB 10.0MB/s eta 0:00:01[K    12% |####                            | 208kB 10.4MB/s eta 0:00:01[K    13% |####                            | 212kB 10.4MB/s eta 0:00:01[K    13% |####                            | 217kB 10.1MB/s eta 0:00:01[K    13% |####                            | 221kB 10.0MB/s eta 0:00:01[K    13% |####                            | 225kB 10.1MB/s eta 0:00:01[K    14% |####                            | 229kB 10.0MB/s eta 0:00:01[K    14% |####                            | 233kB 9.9MB/s eta 0:00:01[K    14% |####                            | 237kB 9.9MB/s eta 0:00:01[K    14% |####                            | 241kB 21.3MB/s eta 0:00:01[K    15% |####                            | 245kB 20.6MB/s eta 0:00:01[K    15% |####                            | 249kB 19.6MB/s eta 0:00:01[K    15% |####                            | 253kB 19.4MB/s eta 0:00:01[K    15% |#####                           | 258kB 20.2MB/s eta 0:00:01[K    16% |#####                           | 262kB 19.9MB/s eta 0:00:01[K    16% |#####                           | 266kB 19.6MB/s eta 0:00:01[K    16% |#####                           | 270kB 19.0MB/s eta 0:00:01[K    16% |#####                           | 274kB 19.0MB/s eta 0:00:01[K    17% |#####                           | 278kB 19.0MB/s eta 0:00:01[K    17% |#####                           | 282kB 18.4MB/s eta 0:00:01[K    17% |#####                           | 286kB 18.5MB/s eta 0:00:01[K    17% |#####                           | 290kB 19.3MB/s eta 0:00:01[K    18% |#####                           | 294kB 19.4MB/s eta 0:00:01[K    18% |#####                           | 299kB 19.2MB/s eta 0:00:01[K    18% |#####                           | 303kB 20.0MB/s eta 0:00:01[K    18% |######                          | 307kB 19.9MB/s eta 0:00:01[K    19% |######                          | 311kB 20.9MB/s eta 0:00:01[K    19% |######                          | 315kB 20.4MB/s eta 0:00:01[K    19% |######                          | 319kB 21.1MB/s eta 0:00:01[K    19% |######                          | 323kB 21.2MB/s eta 0:00:01[K    20% |######                          | 327kB 21.3MB/s eta 0:00:01[K    20% |######                          | 331kB 19.8MB/s eta 0:00:01[K    20% |######                          | 335kB 19.6MB/s eta 0:00:01[K    20% |######                          | 339kB 19.1MB/s eta 0:00:01[K    21% |######                          | 344kB 18.4MB/s eta 0:00:01[K    21% |######                          | 348kB 18.3MB/s eta 0:00:01[K    21% |######                          | 352kB 18.6MB/s eta 0:00:01[K    21% |#######                         | 356kB 19.8MB/s eta 0:00:01[K    22% |#######                         | 360kB 19.9MB/s eta 0:00:01[K    22% |#######                         | 364kB 19.4MB/s eta 0:00:01[K    22% |#######                         | 368kB 19.5MB/s eta 0:00:01[K    22% |#######                         | 372kB 20.0MB/s eta 0:00:01[K    23% |#######                         | 376kB 19.8MB/s eta 0:00:01[K    23% |#######                         | 380kB 20.1MB/s eta 0:00:01[K    23% |#######                         | 385kB 20.2MB/s eta 0:00:01[K    23% |#######                         | 389kB 17.5MB/s eta 0:00:01[K    24% |#######                         | 393kB 17.1MB/s eta 0:00:01[K    24% |#######                         | 397kB 16.6MB/s eta 0:00:01[K    24% |#######                         | 401kB 16.0MB/s eta 0:00:01[K    24% |#######                         | 405kB 17.1MB/s eta 0:00:01[K    25% |########                        | 409kB 17.0MB/s eta 0:00:01[K    25% |########                        | 413kB 17.1MB/s eta 0:00:01[K    25% |########                        | 417kB 16.8MB/s eta 0:00:01[K    25% |########                        | 421kB 17.3MB/s eta 0:00:01[K    26% |########                        | 425kB 17.4MB/s eta 0:00:01[K    26% |########                        | 430kB 20.2MB/s eta 0:00:01[K    26% |########                        | 434kB 19.4MB/s eta 0:00:01[K    26% |########                        | 438kB 18.9MB/s eta 0:00:01[K    27% |########                        | 442kB 18.8MB/s eta 0:00:01[K    27% |########                        | 446kB 18.2MB/s eta 0:00:01[K    27% |########                        | 450kB 18.1MB/s eta 0:00:01[K    27% |########                        | 454kB 18.3MB/s eta 0:00:01[K    28% |#########                       | 458kB 18.6MB/s eta 0:00:01[K    28% |#########                       | 462kB 18.6MB/s eta 0:00:01[K    28% |#########                       | 466kB 18.9MB/s eta 0:00:01[K    28% |#########                       | 471kB 18.9MB/s eta 0:00:01[K    29% |#########                       | 475kB 20.0MB/s eta 0:00:01[K    29% |#########                       | 479kB 20.9MB/s eta 0:00:01[K    29% |#########                       | 483kB 21.8MB/s eta 0:00:01[K    29% |#########                       | 487kB 21.5MB/s eta 0:00:01[K    30% |#########                       | 491kB 22.3MB/s eta 0:00:01[K    30% |#########                       | 495kB 22.2MB/s eta 0:00:01[K    30% |#########                       | 499kB 22.9MB/s eta 0:00:01[K    30% |#########                       | 503kB 22.8MB/s eta 0:00:01[K    31% |#########                       | 507kB 23.0MB/s eta 0:00:01[K    31% |##########                      | 512kB 21.8MB/s eta 0:00:01[K    31% |##########                      | 516kB 21.1MB/s eta 0:00:01[K    31% |##########                      | 520kB 21.5MB/s eta 0:00:01[K    32% |##########                      | 524kB 20.8MB/s eta 0:00:01[K    32% |##########                      | 528kB 20.9MB/s eta 0:00:01[K    32% |##########                      | 532kB 20.5MB/s eta 0:00:01[K    32% |##########                      | 536kB 21.1MB/s eta 0:00:01[K    33% |##########                      | 540kB 20.7MB/s eta 0:00:01[K    33% |##########                      | 544kB 19.4MB/s eta 0:00:01[K    33% |##########                      | 548kB 19.3MB/s eta 0:00:01[K    33% |##########                      | 552kB 20.4MB/s eta 0:00:01[K    34% |##########                      | 557kB 21.1MB/s eta 0:00:01[K    34% |###########                     | 561kB 20.4MB/s eta 0:00:01[K    34% |###########                     | 565kB 20.4MB/s eta 0:00:01[K    34% |###########                     | 569kB 20.8MB/s eta 0:00:01[K    35% |###########                     | 573kB 20.6MB/s eta 0:00:01[K    35% |###########                     | 577kB 19.7MB/s eta 0:00:01[K    35% |###########                     | 581kB 19.4MB/s eta 0:00:01[K    35% |###########                     | 585kB 21.0MB/s eta 0:00:01[K    36% |###########                     | 589kB 21.0MB/s eta 0:00:01[K    36% |###########                     | 593kB 19.8MB/s eta 0:00:01[K    36% |###########                     | 598kB 19.6MB/s eta 0:00:01[K    36% |###########                     | 602kB 20.6MB/s eta 0:00:01[K    37% |###########                     | 606kB 20.6MB/s eta 0:00:01[K    37% |###########                     | 610kB 20.6MB/s eta 0:00:01[K    37% |############                    | 614kB 20.2MB/s eta 0:00:01[K    37% |############                    | 618kB 21.1MB/s eta 0:00:01[K    38% |############                    | 622kB 21.5MB/s eta 0:00:01[K    38% |############                    | 626kB 20.6MB/s eta 0:00:01[K    38% |############                    | 630kB 20.6MB/s eta 0:00:01[K    38% |############                    | 634kB 22.0MB/s eta 0:00:01[K    39% |############                    | 638kB 21.8MB/s eta 0:00:01[K    39% |############                    | 643kB 20.9MB/s eta 0:00:01[K    39% |############                    | 647kB 21.7MB/s eta 0:00:01[K    39% |############                    | 651kB 22.4MB/s eta 0:00:01[K    40% |############                    | 655kB 22.6MB/s eta 0:00:01[K    40% |############                    | 659kB 21.8MB/s eta 0:00:01[K    40% |#############                   | 663kB 22.0MB/s eta 0:00:01[K    41% |#############                   | 667kB 23.1MB/s eta 0:00:01[K    41% |#############                   | 671kB 22.9MB/s eta 0:00:01[K    41% |#############                   | 675kB 22.3MB/s eta 0:00:01[K    41% |#############                   | 679kB 22.8MB/s eta 0:00:01[K    42% |#############                   | 684kB 22.7MB/s eta 0:00:01[K    42% |#############                   | 688kB 22.5MB/s eta 0:00:01[K    42% |#############                   | 692kB 20.7MB/s eta 0:00:01[K    42% |#############                   | 696kB 20.9MB/s eta 0:00:01[K    43% |#############                   | 700kB 21.5MB/s eta 0:00:01[K    43% |#############                   | 704kB 20.7MB/s eta 0:00:01[K    43% |#############                   | 708kB 19.6MB/s eta 0:00:01[K    43% |##############                  | 712kB 19.0MB/s eta 0:00:01[K    44% |##############                  | 716kB 20.2MB/s eta 0:00:01[K    44% |##############                  | 720kB 19.6MB/s eta 0:00:01[K    44% |##############                  | 724kB 18.8MB/s eta 0:00:01[K    44% |##############                  | 729kB 18.4MB/s eta 0:00:01[K    45% |##############                  | 733kB 19.7MB/s eta 0:00:01[K    45% |##############                  | 737kB 20.1MB/s eta 0:00:01[K    45% |##############                  | 741kB 20.1MB/s eta 0:00:01[K    45% |##############                  | 745kB 21.3MB/s eta 0:00:01[K    46% |##############                  | 749kB 21.3MB/s eta 0:00:01[K    46% |##############                  | 753kB 21.8MB/s eta 0:00:01[K    46% |##############                  | 757kB 19.4MB/s eta 0:00:01[K    46% |##############                  | 761kB 20.0MB/s eta 0:00:01[K    47% |###############                 | 765kB 20.8MB/s eta 0:00:01[K    47% |###############                 | 770kB 20.9MB/s eta 0:00:01[K    47% |###############                 | 774kB 19.5MB/s eta 0:00:01[K    47% |###############                 | 778kB 17.7MB/s eta 0:00:01[K    48% |###############                 | 782kB 17.7MB/s eta 0:00:01[K    48% |###############                 | 786kB 17.6MB/s eta 0:00:01[K    48% |###############                 | 790kB 16.5MB/s eta 0:00:01[K    48% |###############                 | 794kB 16.6MB/s eta 0:00:01[K    49% |###############                 | 798kB 18.3MB/s eta 0:00:01[K    49% |###############                 | 802kB 17.7MB/s eta 0:00:01[K    49% |###############                 | 806kB 17.4MB/s eta 0:00:01[K    49% |###############                 | 811kB 16.9MB/s eta 0:00:01[K    50% |################                | 815kB 17.9MB/s eta 0:00:01[K    50% |################                | 819kB 19.8MB/s eta 0:00:01[K    50% |################                | 823kB 19.6MB/s eta 0:00:01[K    50% |################                | 827kB 18.7MB/s eta 0:00:01[K    51% |################                | 831kB 20.5MB/s eta 0:00:01[K    51% |################                | 835kB 20.7MB/s eta 0:00:01[K    51% |################                | 839kB 19.9MB/s eta 0:00:01[K    51% |################                | 843kB 19.9MB/s eta 0:00:01[K    52% |################                | 847kB 20.6MB/s eta 0:00:01[K    52% |################                | 851kB 21.6MB/s eta 0:00:01[K    52% |################                | 856kB 20.0MB/s eta 0:00:01[K    52% |################                | 860kB 18.4MB/s eta 0:00:01[K    53% |################                | 864kB 17.5MB/s eta 0:00:01[K    53% |#################               | 868kB 18.1MB/s eta 0:00:01[K    53% |#################               | 872kB 17.6MB/s eta 0:00:01[K    53% |#################               | 876kB 17.5MB/s eta 0:00:01[K    54% |#################               | 880kB 17.4MB/s eta 0:00:01[K    54% |#################               | 884kB 17.6MB/s eta 0:00:01[K    54% |#################               | 888kB 16.9MB/s eta 0:00:01[K    54% |#################               | 892kB 16.5MB/s eta 0:00:01[K    55% |#################               | 897kB 17.1MB/s eta 0:00:01[K    55% |#################               | 901kB 17.2MB/s eta 0:00:01[K    55% |#################               | 905kB 17.9MB/s eta 0:00:01[K    55% |#################               | 909kB 17.1MB/s eta 0:00:01[K    56% |#################               | 913kB 17.8MB/s eta 0:00:01[K    56% |##################              | 917kB 16.9MB/s eta 0:00:01[K    56% |##################              | 921kB 16.9MB/s eta 0:00:01[K    56% |##################              | 925kB 16.9MB/s eta 0:00:01[K    57% |##################              | 929kB 18.0MB/s eta 0:00:01[K    57% |##################              | 933kB 18.4MB/s eta 0:00:01[K    57% |##################              | 937kB 18.4MB/s eta 0:00:01[K    57% |##################              | 942kB 19.5MB/s eta 0:00:01[K    58% |##################              | 946kB 19.7MB/s eta 0:00:01[K    58% |##################              | 950kB 20.9MB/s eta 0:00:01[K    58% |##################              | 954kB 20.9MB/s eta 0:00:01[K    58% |##################              | 958kB 22.6MB/s eta 0:00:01[K    59% |##################              | 962kB 23.9MB/s eta 0:00:01[K    59% |##################              | 966kB 24.9MB/s eta 0:00:01[K    59% |###################             | 970kB 24.5MB/s eta 0:00:01[K    59% |###################             | 974kB 25.0MB/s eta 0:00:01[K    60% |###################             | 978kB 25.4MB/s eta 0:00:01[K    60% |###################             | 983kB 25.3MB/s eta 0:00:01[K    60% |###################             | 987kB 25.9MB/s eta 0:00:01[K    60% |###################             | 991kB 24.0MB/s eta 0:00:01[K    61% |###################             | 995kB 24.0MB/s eta 0:00:01[K    61% |###################             | 999kB 24.0MB/s eta 0:00:01[K    61% |###################             | 1.0MB 22.5MB/s eta 0:00:01[K    61% |###################             | 1.0MB 22.3MB/s eta 0:00:01[K    62% |###################             | 1.0MB 19.6MB/s eta 0:00:01[K    62% |###################             | 1.0MB 19.7MB/s eta 0:00:01[K    62% |####################            | 1.0MB 18.6MB/s eta 0:00:01[K    62% |####################            | 1.0MB 18.8MB/s eta 0:00:01[K    63% |####################            | 1.0MB 19.0MB/s eta 0:00:01[K    63% |####################            | 1.0MB 20.3MB/s eta 0:00:01[K    63% |####################            | 1.0MB 20.2MB/s eta 0:00:01[K    63% |####################            | 1.0MB 20.0MB/s eta 0:00:01[K    64% |####################            | 1.0MB 21.0MB/s eta 0:00:01[K    64% |####################            | 1.0MB 20.9MB/s eta 0:00:01[K    64% |####################            | 1.1MB 23.8MB/s eta 0:00:01[K    64% |####################            | 1.1MB 23.3MB/s eta 0:00:01[K    65% |####################            | 1.1MB 25.8MB/s eta 0:00:01[K    65% |####################            | 1.1MB 26.1MB/s eta 0:00:01[K    65% |#####################           | 1.1MB 25.3MB/s eta 0:00:01[K    65% |#####################           | 1.1MB 25.4MB/s eta 0:00:01[K    66% |#####################           | 1.1MB 26.3MB/s eta 0:00:01[K    66% |#####################           | 1.1MB 26.5MB/s eta 0:00:01[K    66% |#####################           | 1.1MB 25.0MB/s eta 0:00:01[K    66% |#####################           | 1.1MB 25.0MB/s eta 0:00:01[K    67% |#####################           | 1.1MB 25.8MB/s eta 0:00:01[K    67% |#####################           | 1.1MB 26.3MB/s eta 0:00:01[K    67% |#####################           | 1.1MB 25.4MB/s eta 0:00:01[K    67% |#####################           | 1.1MB 25.4MB/s eta 0:00:01[K    68% |#####################           | 1.1MB 26.3MB/s eta 0:00:01[K    68% |#####################           | 1.1MB 26.3MB/s eta 0:00:01[K    68% |#####################           | 1.1MB 25.6MB/s eta 0:00:01[K    68% |######################          | 1.1MB 23.9MB/s eta 0:00:01[K    69% |######################          | 1.1MB 24.3MB/s eta 0:00:01[K    69% |######################          | 1.1MB 24.5MB/s eta 0:00:01[K    69% |######################          | 1.1MB 23.6MB/s eta 0:00:01[K    69% |######################          | 1.1MB 23.7MB/s eta 0:00:01[K    70% |######################          | 1.1MB 24.3MB/s eta 0:00:01[K    70% |######################          | 1.1MB 24.5MB/s eta 0:00:01[K    70% |######################          | 1.2MB 24.1MB/s eta 0:00:01[K    70% |######################          | 1.2MB 24.3MB/s eta 0:00:01[K    71% |######################          | 1.2MB 25.2MB/s eta 0:00:01[K    71% |######################          | 1.2MB 27.5MB/s eta 0:00:01[K    71% |######################          | 1.2MB 28.1MB/s eta 0:00:01[K    71% |#######################         | 1.2MB 28.1MB/s eta 0:00:01[K    72% |#######################         | 1.2MB 29.8MB/s eta 0:00:01[K    72% |#######################         | 1.2MB 29.9MB/s eta 0:00:01[K    72% |#######################         | 1.2MB 29.5MB/s eta 0:00:01[K    72% |#######################         | 1.2MB 29.6MB/s eta 0:00:01[K    73% |#######################         | 1.2MB 30.6MB/s eta 0:00:01[K    73% |#######################         | 1.2MB 30.7MB/s eta 0:00:01[K    73% |#######################         | 1.2MB 29.7MB/s eta 0:00:01[K    73% |#######################         | 1.2MB 29.7MB/s eta 0:00:01[K    74% |#######################         | 1.2MB 30.7MB/s eta 0:00:01[K    74% |#######################         | 1.2MB 30.7MB/s eta 0:00:01[K    74% |#######################         | 1.2MB 29.8MB/s eta 0:00:01[K    74% |#######################         | 1.2MB 29.7MB/s eta 0:00:01[K    75% |########################        | 1.2MB 30.7MB/s eta 0:00:01[K    75% |########################        | 1.2MB 30.7MB/s eta 0:00:01[K    75% |########################        | 1.2MB 28.7MB/s eta 0:00:01[K    75% |########################        | 1.2MB 28.3MB/s eta 0:00:01[K    76% |########################        | 1.2MB 26.9MB/s eta 0:00:01[K    76% |########################        | 1.2MB 26.0MB/s eta 0:00:01[K    76% |########################        | 1.2MB 25.0MB/s eta 0:00:01[K    76% |########################        | 1.3MB 24.5MB/s eta 0:00:01[K    77% |########################        | 1.3MB 24.5MB/s eta 0:00:01[K    77% |########################        | 1.3MB 24.5MB/s eta 0:00:01[K    77% |########################        | 1.3MB 21.6MB/s eta 0:00:01[K    77% |########################        | 1.3MB 21.2MB/s eta 0:00:01[K    78% |#########################       | 1.3MB 22.2MB/s eta 0:00:01[K    78% |#########################       | 1.3MB 22.5MB/s eta 0:00:01[K    78% |#########################       | 1.3MB 22.9MB/s eta 0:00:01[K    78% |#########################       | 1.3MB 23.1MB/s eta 0:00:01[K    79% |#########################       | 1.3MB 23.2MB/s eta 0:00:01[K    79% |#########################       | 1.3MB 22.8MB/s eta 0:00:01[K    79% |#########################       | 1.3MB 22.4MB/s eta 0:00:01[K    79% |#########################       | 1.3MB 22.3MB/s eta 0:00:01[K    80% |#########################       | 1.3MB 25.0MB/s eta 0:00:01[K    80% |#########################       | 1.3MB 25.1MB/s eta 0:00:01[K    80% |#########################       | 1.3MB 24.2MB/s eta 0:00:01[K    80% |#########################       | 1.3MB 24.0MB/s eta 0:00:01[K    81% |#########################       | 1.3MB 25.0MB/s eta 0:00:01[K    81% |##########################      | 1.3MB 25.2MB/s eta 0:00:01[K    81% |##########################      | 1.3MB 23.0MB/s eta 0:00:01[K    82% |##########################      | 1.3MB 23.6MB/s eta 0:00:01[K    82% |##########################      | 1.3MB 24.6MB/s eta 0:00:01[K    82% |##########################      | 1.3MB 24.4MB/s eta 0:00:01[K    82% |##########################      | 1.3MB 24.2MB/s eta 0:00:01[K    83% |##########################      | 1.4MB 24.5MB/s eta 0:00:01[K    83% |##########################      | 1.4MB 25.5MB/s eta 0:00:01[K    83% |##########################      | 1.4MB 25.5MB/s eta 0:00:01[K    83% |##########################      | 1.4MB 23.3MB/s eta 0:00:01[K    84% |##########################      | 1.4MB 21.8MB/s eta 0:00:01[K    84% |##########################      | 1.4MB 24.4MB/s eta 0:00:01[K    84% |###########################     | 1.4MB 24.6MB/s eta 0:00:01[K    84% |###########################     | 1.4MB 23.2MB/s eta 0:00:01[K    85% |###########################     | 1.4MB 23.2MB/s eta 0:00:01[K    85% |###########################     | 1.4MB 23.5MB/s eta 0:00:01[K    85% |###########################     | 1.4MB 22.7MB/s eta 0:00:01[K    85% |###########################     | 1.4MB 22.1MB/s eta 0:00:01[K    86% |###########################     | 1.4MB 22.2MB/s eta 0:00:01[K    86% |###########################     | 1.4MB 23.8MB/s eta 0:00:01[K    86% |###########################     | 1.4MB 23.0MB/s eta 0:00:01[K    86% |###########################     | 1.4MB 21.9MB/s eta 0:00:01[K    87% |###########################     | 1.4MB 21.6MB/s eta 0:00:01[K    87% |###########################     | 1.4MB 22.6MB/s eta 0:00:01[K    87% |############################    | 1.4MB 21.5MB/s eta 0:00:01[K    87% |############################    | 1.4MB 20.7MB/s eta 0:00:01[K    88% |############################    | 1.4MB 21.3MB/s eta 0:00:01[K    88% |############################    | 1.4MB 21.9MB/s eta 0:00:01[K    88% |############################    | 1.4MB 21.2MB/s eta 0:00:01[K    88% |############################    | 1.4MB 20.0MB/s eta 0:00:01[K    89% |############################    | 1.4MB 20.8MB/s eta 0:00:01[K    89% |############################    | 1.5MB 21.9MB/s eta 0:00:01[K    89% |############################    | 1.5MB 22.2MB/s eta 0:00:01[K    89% |############################    | 1.5MB 21.9MB/s eta 0:00:01[K    90% |############################    | 1.5MB 23.2MB/s eta 0:00:01[K    90% |############################    | 1.5MB 24.5MB/s eta 0:00:01[K    90% |############################    | 1.5MB 24.6MB/s eta 0:00:01[K    90% |#############################   | 1.5MB 23.9MB/s eta 0:00:01[K    91% |#############################   | 1.5MB 24.8MB/s eta 0:00:01[K    91% |#############################   | 1.5MB 27.6MB/s eta 0:00:01[K    91% |#############################   | 1.5MB 30.1MB/s eta 0:00:01[K    91% |#############################   | 1.5MB 28.3MB/s eta 0:00:01[K    92% |#############################   | 1.5MB 27.9MB/s eta 0:00:01[K    92% |#############################   | 1.5MB 28.4MB/s eta 0:00:01[K    92% |#############################   | 1.5MB 27.5MB/s eta 0:00:01[K    92% |#############################   | 1.5MB 26.6MB/s eta 0:00:01[K    93% |#############################   | 1.5MB 26.1MB/s eta 0:00:01[K    93% |#############################   | 1.5MB 26.2MB/s eta 0:00:01[K    93% |#############################   | 1.5MB 26.2MB/s eta 0:00:01[K    93% |##############################  | 1.5MB 25.0MB/s eta 0:00:01[K    94% |##############################  | 1.5MB 24.5MB/s eta 0:00:01[K    94% |##############################  | 1.5MB 25.7MB/s eta 0:00:01[K    94% |##############################  | 1.5MB 25.8MB/s eta 0:00:01[K    94% |##############################  | 1.5MB 25.4MB/s eta 0:00:01[K    95% |##############################  | 1.5MB 26.0MB/s eta 0:00:01[K    95% |##############################  | 1.6MB 26.6MB/s eta 0:00:01[K    95% |##############################  | 1.6MB 26.9MB/s eta 0:00:01[K    95% |##############################  | 1.6MB 26.8MB/s eta 0:00:01[K    96% |##############################  | 1.6MB 26.8MB/s eta 0:00:01[K    96% |##############################  | 1.6MB 28.2MB/s eta 0:00:01[K    96% |##############################  | 1.6MB 28.9MB/s eta 0:00:01[K    96% |##############################  | 1.6MB 28.2MB/s eta 0:00:01[K    97% |############################### | 1.6MB 28.0MB/s eta 0:00:01[K    97% |############################### | 1.6MB 28.8MB/s eta 0:00:01[K    97% |############################### | 1.6MB 28.5MB/s eta 0:00:01[K    97% |############################### | 1.6MB 27.5MB/s eta 0:00:01[K    98% |############################### | 1.6MB 27.3MB/s eta 0:00:01[K    98% |############################### | 1.6MB 27.8MB/s eta 0:00:01[K    98% |############################### | 1.6MB 27.4MB/s eta 0:00:01[K    98% |############################### | 1.6MB 26.7MB/s eta 0:00:01[K    99% |############################### | 1.6MB 26.2MB/s eta 0:00:01[K    99% |############################### | 1.6MB 26.8MB/s eta 0:00:01[K    99% |############################### | 1.6MB 27.3MB/s eta 0:00:01[K    99% |############################### | 1.6MB 26.2MB/s eta 0:00:01[K    100% |################################| 1.6MB 297kB/s 
[?25h    Unable to find pgen, not compiling formal grammar.
Installing collected packages: cython
  Running setup.py install for cython
    Unable to find pgen, not compiling formal grammar.
    cythoning /tmp/pip-build-2eaojl_g/cython/Cython/Plex/Scanners.py to /tmp/pip-build-2eaojl_g/cython/Cython/Plex/Scanners.c
    building 'Cython.Plex.Scanners' extension
    gcc -pthread -Wno-unused-result -DNDEBUG -g -fwrapv -O3 -Wall -Wstrict-prototypes -g -fstack-protector --param=ssp-buffer-size=4 -Wformat -Werror=format-security -fPIC -I/opt/python/3.4.2/include/python3.4m -c /tmp/pip-build-2eaojl_g/cython/Cython/Plex/Scanners.c -o build/temp.linux-x86_64-3.4/tmp/pip-build-2eaojl_g/cython/Cython/Plex/Scanners.o
    gcc -pthread -shared -L/opt/python/3.4.2/lib -Wl,-rpath=/opt/python/3.4.2/lib build/temp.linux-x86_64-3.4/tmp/pip-build-2eaojl_g/cython/Cython/Plex/Scanners.o -L/opt/python/3.4.2/lib -lpython3.4m -o build/lib.linux-x86_64-3.4/Cython/Plex/Scanners.cpython-34m.so
    cythoning /tmp/pip-build-2eaojl_g/cython/Cython/Plex/Actions.py to /tmp/pip-build-2eaojl_g/cython/Cython/Plex/Actions.c
    building 'Cython.Plex.Actions' extension
    gcc -pthread -Wno-unused-result -DNDEBUG -g -fwrapv -O3 -Wall -Wstrict-prototypes -g -fstack-protector --param=ssp-buffer-size=4 -Wformat -Werror=format-security -fPIC -I/opt/python/3.4.2/include/python3.4m -c /tmp/pip-build-2eaojl_g/cython/Cython/Plex/Actions.c -o build/temp.linux-x86_64-3.4/tmp/pip-build-2eaojl_g/cython/Cython/Plex/Actions.o
    gcc -pthread -shared -L/opt/python/3.4.2/lib -Wl,-rpath=/opt/python/3.4.2/lib build/temp.linux-x86_64-3.4/tmp/pip-build-2eaojl_g/cython/Cython/Plex/Actions.o -L/opt/python/3.4.2/lib -lpython3.4m -o build/lib.linux-x86_64-3.4/Cython/Plex/Actions.cpython-34m.so
    cythoning /tmp/pip-build-2eaojl_g/cython/Cython/Compiler/Lexicon.py to /tmp/pip-build-2eaojl_g/cython/Cython/Compiler/Lexicon.c
    building 'Cython.Compiler.Lexicon' extension
    gcc -pthread -Wno-unused-result -DNDEBUG -g -fwrapv -O3 -Wall -Wstrict-prototypes -g -fstack-protector --param=ssp-buffer-size=4 -Wformat -Werror=format-security -fPIC -I/opt/python/3.4.2/include/python3.4m -c /tmp/pip-build-2eaojl_g/cython/Cython/Compiler/Lexicon.c -o build/temp.linux-x86_64-3.4/tmp/pip-build-2eaojl_g/cython/Cython/Compiler/Lexicon.o
    gcc -pthread -shared -L/opt/python/3.4.2/lib -Wl,-rpath=/opt/python/3.4.2/lib build/temp.linux-x86_64-3.4/tmp/pip-build-2eaojl_g/cython/Cython/Compiler/Lexicon.o -L/opt/python/3.4.2/lib -lpython3.4m -o build/lib.linux-x86_64-3.4/Cython/Compiler/Lexicon.cpython-34m.so
    cythoning /tmp/pip-build-2eaojl_g/cython/Cython/Compiler/Scanning.py to /tmp/pip-build-2eaojl_g/cython/Cython/Compiler/Scanning.c
    building 'Cython.Compiler.Scanning' extension
    gcc -pthread -Wno-unused-result -DNDEBUG -g -fwrapv -O3 -Wall -Wstrict-prototypes -g -fstack-protector --param=ssp-buffer-size=4 -Wformat -Werror=format-security -fPIC -I/opt/python/3.4.2/include/python3.4m -c /tmp/pip-build-2eaojl_g/cython/Cython/Compiler/Scanning.c -o build/temp.linux-x86_64-3.4/tmp/pip-build-2eaojl_g/cython/Cython/Compiler/Scanning.o
    gcc -pthread -shared -L/opt/python/3.4.2/lib -Wl,-rpath=/opt/python/3.4.2/lib build/temp.linux-x86_64-3.4/tmp/pip-build-2eaojl_g/cython/Cython/Compiler/Scanning.o -L/opt/python/3.4.2/lib -lpython3.4m -o build/lib.linux-x86_64-3.4/Cython/Compiler/Scanning.cpython-34m.so
    cythoning /tmp/pip-build-2eaojl_g/cython/Cython/Compiler/Parsing.py to /tmp/pip-build-2eaojl_g/cython/Cython/Compiler/Parsing.c
    building 'Cython.Compiler.Parsing' extension
    gcc -pthread -Wno-unused-result -DNDEBUG -g -fwrapv -O3 -Wall -Wstrict-prototypes -g -fstack-protector --param=ssp-buffer-size=4 -Wformat -Werror=format-security -fPIC -I/opt/python/3.4.2/include/python3.4m -c /tmp/pip-build-2eaojl_g/cython/Cython/Compiler/Parsing.c -o build/temp.linux-x86_64-3.4/tmp/pip-build-2eaojl_g/cython/Cython/Compiler/Parsing.o
    gcc -pthread -shared -L/opt/python/3.4.2/lib -Wl,-rpath=/opt/python/3.4.2/lib build/temp.linux-x86_64-3.4/tmp/pip-build-2eaojl_g/cython/Cython/Compiler/Parsing.o -L/opt/python/3.4.2/lib -lpython3.4m -o build/lib.linux-x86_64-3.4/Cython/Compiler/Parsing.cpython-34m.so
    cythoning /tmp/pip-build-2eaojl_g/cython/Cython/Compiler/Visitor.py to /tmp/pip-build-2eaojl_g/cython/Cython/Compiler/Visitor.c
    building 'Cython.Compiler.Visitor' extension
    gcc -pthread -Wno-unused-result -DNDEBUG -g -fwrapv -O3 -Wall -Wstrict-prototypes -g -fstack-protector --param=ssp-buffer-size=4 -Wformat -Werror=format-security -fPIC -I/opt/python/3.4.2/include/python3.4m -c /tmp/pip-build-2eaojl_g/cython/Cython/Compiler/Visitor.c -o build/temp.linux-x86_64-3.4/tmp/pip-build-2eaojl_g/cython/Cython/Compiler/Visitor.o
    gcc -pthread -shared -L/opt/python/3.4.2/lib -Wl,-rpath=/opt/python/3.4.2/lib build/temp.linux-x86_64-3.4/tmp/pip-build-2eaojl_g/cython/Cython/Compiler/Visitor.o -L/opt/python/3.4.2/lib -lpython3.4m -o build/lib.linux-x86_64-3.4/Cython/Compiler/Visitor.cpython-34m.so
    cythoning /tmp/pip-build-2eaojl_g/cython/Cython/Compiler/FlowControl.py to /tmp/pip-build-2eaojl_g/cython/Cython/Compiler/FlowControl.c
    building 'Cython.Compiler.FlowControl' extension
    gcc -pthread -Wno-unused-result -DNDEBUG -g -fwrapv -O3 -Wall -Wstrict-prototypes -g -fstack-protector --param=ssp-buffer-size=4 -Wformat -Werror=format-security -fPIC -I/opt/python/3.4.2/include/python3.4m -c /tmp/pip-build-2eaojl_g/cython/Cython/Compiler/FlowControl.c -o build/temp.linux-x86_64-3.4/tmp/pip-build-2eaojl_g/cython/Cython/Compiler/FlowControl.o
    gcc -pthread -shared -L/opt/python/3.4.2/lib -Wl,-rpath=/opt/python/3.4.2/lib build/temp.linux-x86_64-3.4/tmp/pip-build-2eaojl_g/cython/Cython/Compiler/FlowControl.o -L/opt/python/3.4.2/lib -lpython3.4m -o build/lib.linux-x86_64-3.4/Cython/Compiler/FlowControl.cpython-34m.so
    cythoning /tmp/pip-build-2eaojl_g/cython/Cython/Compiler/Code.py to /tmp/pip-build-2eaojl_g/cython/Cython/Compiler/Code.c
    building 'Cython.Compiler.Code' extension
    gcc -pthread -Wno-unused-result -DNDEBUG -g -fwrapv -O3 -Wall -Wstrict-prototypes -g -fstack-protector --param=ssp-buffer-size=4 -Wformat -Werror=format-security -fPIC -I/opt/python/3.4.2/include/python3.4m -c /tmp/pip-build-2eaojl_g/cython/Cython/Compiler/Code.c -o build/temp.linux-x86_64-3.4/tmp/pip-build-2eaojl_g/cython/Cython/Compiler/Code.o
    gcc -pthread -shared -L/opt/python/3.4.2/lib -Wl,-rpath=/opt/python/3.4.2/lib build/temp.linux-x86_64-3.4/tmp/pip-build-2eaojl_g/cython/Cython/Compiler/Code.o -L/opt/python/3.4.2/lib -lpython3.4m -o build/lib.linux-x86_64-3.4/Cython/Compiler/Code.cpython-34m.so
    cythoning /tmp/pip-build-2eaojl_g/cython/Cython/Runtime/refnanny.pyx to /tmp/pip-build-2eaojl_g/cython/Cython/Runtime/refnanny.c
    building 'Cython.Runtime.refnanny' extension
    gcc -pthread -Wno-unused-result -DNDEBUG -g -fwrapv -O3 -Wall -Wstrict-prototypes -g -fstack-protector --param=ssp-buffer-size=4 -Wformat -Werror=format-security -fPIC -I/opt/python/3.4.2/include/python3.4m -c /tmp/pip-build-2eaojl_g/cython/Cython/Runtime/refnanny.c -o build/temp.linux-x86_64-3.4/tmp/pip-build-2eaojl_g/cython/Cython/Runtime/refnanny.o
    gcc -pthread -shared -L/opt/python/3.4.2/lib -Wl,-rpath=/opt/python/3.4.2/lib build/temp.linux-x86_64-3.4/tmp/pip-build-2eaojl_g/cython/Cython/Runtime/refnanny.o -L/opt/python/3.4.2/lib -lpython3.4m -o build/lib.linux-x86_64-3.4/Cython/Runtime/refnanny.cpython-34m.so
    cythoning /tmp/pip-build-2eaojl_g/cython/Cython/Tempita/_tempita.py to /tmp/pip-build-2eaojl_g/cython/Cython/Tempita/_tempita.c
    building 'Cython.Tempita._tempita' extension
    gcc -pthread -Wno-unused-result -DNDEBUG -g -fwrapv -O3 -Wall -Wstrict-prototypes -g -fstack-protector --param=ssp-buffer-size=4 -Wformat -Werror=format-security -fPIC -I/opt/python/3.4.2/include/python3.4m -c /tmp/pip-build-2eaojl_g/cython/Cython/Tempita/_tempita.c -o build/temp.linux-x86_64-3.4/tmp/pip-build-2eaojl_g/cython/Cython/Tempita/_tempita.o
    gcc -pthread -shared -L/opt/python/3.4.2/lib -Wl,-rpath=/opt/python/3.4.2/lib build/temp.linux-x86_64-3.4/tmp/pip-build-2eaojl_g/cython/Cython/Tempita/_tempita.o -L/opt/python/3.4.2/lib -lpython3.4m -o build/lib.linux-x86_64-3.4/Cython/Tempita/_tempita.cpython-34m.so
    Installing cythonize script to /home/travis/virtualenv/python3.4.2/bin
    Installing cygdb script to /home/travis/virtualenv/python3.4.2/bin
    Installing cython script to /home/travis/virtualenv/python3.4.2/bin
Successfully installed cython-0.23.4

travis_time:end:17097e34:start=1456754993407269763,finish=1456755136013296265,duration=142606026502[0Ktravis_fold:end:before_install[0Ktravis_fold:start:install.1[0Ktravis_time:start:3dd1cc9d[0K$ python setup.py build
cython version 0.23.4 found ...
reading from setup.cfg...
using nc-config ...
using netcdf library version b'4.1.1'
using Cython to compile netCDF4.pyx...
netcdf lib does not have group rename capability
netcdf lib does not have nc_inq_path function
netcdf lib does not have nc_inq_format_extended function
netcdf lib does not have cdf-5 format capability
Compiling netCDF4/_netCDF4.pyx because it changed.
Compiling netcdftime/_datetime.pyx because it depends on /home/travis/virtualenv/python3.4.2/lib/python3.4/site-packages/Cython/Includes/libc/string.pxd.
[1/2] Cythonizing netCDF4/_netCDF4.pyx
[2/2] Cythonizing netcdftime/_datetime.pyx
running build
running build_py
creating build
creating build/lib.linux-x86_64-3.4
creating build/lib.linux-x86_64-3.4/netcdftime
copying netcdftime/__init__.py -> build/lib.linux-x86_64-3.4/netcdftime
copying netcdftime/netcdftime.py -> build/lib.linux-x86_64-3.4/netcdftime
creating build/lib.linux-x86_64-3.4/netCDF4
copying netCDF4/__init__.py -> build/lib.linux-x86_64-3.4/netCDF4
copying netCDF4/utils.py -> build/lib.linux-x86_64-3.4/netCDF4
running build_ext
building 'netCDF4._netCDF4' extension
creating build/temp.linux-x86_64-3.4
creating build/temp.linux-x86_64-3.4/netCDF4
gcc -pthread -Wno-unused-result -DNDEBUG -g -fwrapv -O3 -Wall -Wstrict-prototypes -g -fstack-protector --param=ssp-buffer-size=4 -Wformat -Werror=format-security -fPIC -I/usr/include -I/home/travis/virtualenv/python3.4.2/lib/python3.4/site-packages/numpy/core/include -I/opt/python/3.4.2/include/python3.4m -c netCDF4/_netCDF4.c -o build/temp.linux-x86_64-3.4/netCDF4/_netCDF4.o
In file included from /home/travis/virtualenv/python3.4.2/lib/python3.4/site-packages/numpy/core/include/numpy/ndarraytypes.h:1804:0,
                 from /home/travis/virtualenv/python3.4.2/lib/python3.4/site-packages/numpy/core/include/numpy/ndarrayobject.h:17,
                 from /home/travis/virtualenv/python3.4.2/lib/python3.4/site-packages/numpy/core/include/numpy/arrayobject.h:4,
                 from netCDF4/_netCDF4.c:270:
/home/travis/virtualenv/python3.4.2/lib/python3.4/site-packages/numpy/core/include/numpy/npy_1_7_deprecated_api.h:15:2: warning: #warning "Using deprecated NumPy API, disable it by " "#defining NPY_NO_DEPRECATED_API NPY_1_7_API_VERSION" [-Wcpp]
netCDF4/_netCDF4.c: In function ‘__pyx_f_7netCDF4_8_netCDF4__set_att’:
netCDF4/_netCDF4.c:6325:11: warning: passing argument 5 of ‘nc_put_att_string’ from incompatible pointer type [enabled by default]
/usr/include/netcdf.h:956:1: note: expected ‘const char **’ but argument is of type ‘char **’
netCDF4/_netCDF4.c: In function ‘__pyx_f_7netCDF4_8_netCDF4__get_types’:
netCDF4/_netCDF4.c:7053:21: warning: ‘__pyx_v_typeids’ may be used uninitialized in this function [-Wuninitialized]
netCDF4/_netCDF4.c: In function ‘__pyx_pw_7netCDF4_8_netCDF4_8Variable_1__init__’:
netCDF4/_netCDF4.c:27585:20: warning: ‘__pyx_v_dimids’ may be used uninitialized in this function [-Wuninitialized]
netCDF4/_netCDF4.c:26185:8: note: ‘__pyx_v_dimids’ was declared here
gcc -pthread -shared -L/opt/python/3.4.2/lib -Wl,-rpath=/opt/python/3.4.2/lib build/temp.linux-x86_64-3.4/netCDF4/_netCDF4.o -L/usr/lib -L/opt/python/3.4.2/lib -Wl,--enable-new-dtags,-R/usr/lib -lnetcdf -lpython3.4m -o build/lib.linux-x86_64-3.4/netCDF4/_netCDF4.cpython-34m.so
building 'netcdftime._datetime' extension
creating build/temp.linux-x86_64-3.4/netcdftime
gcc -pthread -Wno-unused-result -DNDEBUG -g -fwrapv -O3 -Wall -Wstrict-prototypes -g -fstack-protector --param=ssp-buffer-size=4 -Wformat -Werror=format-security -fPIC -I/opt/python/3.4.2/include/python3.4m -c netcdftime/_datetime.c -o build/temp.linux-x86_64-3.4/netcdftime/_datetime.o
gcc -pthread -shared -L/opt/python/3.4.2/lib -Wl,-rpath=/opt/python/3.4.2/lib build/temp.linux-x86_64-3.4/netcdftime/_datetime.o -L/opt/python/3.4.2/lib -lpython3.4m -o build/lib.linux-x86_64-3.4/netcdftime/_datetime.cpython-34m.so

travis_time:end:3dd1cc9d:start=1456755136018142431,finish=1456755193375584670,duration=57357442239[0Ktravis_fold:end:install.1[0Ktravis_fold:start:install.2[0Ktravis_time:start:06306354[0K$ python setup.py install
cython version 0.23.4 found ...
reading from setup.cfg...
using nc-config ...
using netcdf library version b'4.1.1'
using Cython to compile netCDF4.pyx...
netcdf lib does not have group rename capability
netcdf lib does not have nc_inq_path function
netcdf lib does not have nc_inq_format_extended function
netcdf lib does not have cdf-5 format capability
Compiling netCDF4/_netCDF4.pyx because it changed.
[1/1] Cythonizing netCDF4/_netCDF4.pyx
running install
running bdist_egg
running egg_info
creating netCDF4.egg-info
writing netCDF4.egg-info/PKG-INFO
writing entry points to netCDF4.egg-info/entry_points.txt
writing dependency_links to netCDF4.egg-info/dependency_links.txt
writing top-level names to netCDF4.egg-info/top_level.txt
writing requirements to netCDF4.egg-info/requires.txt
writing manifest file 'netCDF4.egg-info/SOURCES.txt'
reading manifest file 'netCDF4.egg-info/SOURCES.txt'
reading manifest template 'MANIFEST.in'
writing manifest file 'netCDF4.egg-info/SOURCES.txt'
installing library code to build/bdist.linux-x86_64/egg
running install_lib
running build_py
running build_ext
building 'netCDF4._netCDF4' extension
gcc -pthread -Wno-unused-result -DNDEBUG -g -fwrapv -O3 -Wall -Wstrict-prototypes -g -fstack-protector --param=ssp-buffer-size=4 -Wformat -Werror=format-security -fPIC -I/usr/include -I/home/travis/virtualenv/python3.4.2/lib/python3.4/site-packages/numpy/core/include -I/opt/python/3.4.2/include/python3.4m -c netCDF4/_netCDF4.c -o build/temp.linux-x86_64-3.4/netCDF4/_netCDF4.o
In file included from /home/travis/virtualenv/python3.4.2/lib/python3.4/site-packages/numpy/core/include/numpy/ndarraytypes.h:1804:0,
                 from /home/travis/virtualenv/python3.4.2/lib/python3.4/site-packages/numpy/core/include/numpy/ndarrayobject.h:17,
                 from /home/travis/virtualenv/python3.4.2/lib/python3.4/site-packages/numpy/core/include/numpy/arrayobject.h:4,
                 from netCDF4/_netCDF4.c:270:
/home/travis/virtualenv/python3.4.2/lib/python3.4/site-packages/numpy/core/include/numpy/npy_1_7_deprecated_api.h:15:2: warning: #warning "Using deprecated NumPy API, disable it by " "#defining NPY_NO_DEPRECATED_API NPY_1_7_API_VERSION" [-Wcpp]
netCDF4/_netCDF4.c: In function ‘__pyx_f_7netCDF4_8_netCDF4__set_att’:
netCDF4/_netCDF4.c:6325:11: warning: passing argument 5 of ‘nc_put_att_string’ from incompatible pointer type [enabled by default]
/usr/include/netcdf.h:956:1: note: expected ‘const char **’ but argument is of type ‘char **’
netCDF4/_netCDF4.c: In function ‘__pyx_f_7netCDF4_8_netCDF4__get_types’:
netCDF4/_netCDF4.c:7053:21: warning: ‘__pyx_v_typeids’ may be used uninitialized in this function [-Wuninitialized]
netCDF4/_netCDF4.c: In function ‘__pyx_pw_7netCDF4_8_netCDF4_8Variable_1__init__’:
netCDF4/_netCDF4.c:27585:20: warning: ‘__pyx_v_dimids’ may be used uninitialized in this function [-Wuninitialized]
netCDF4/_netCDF4.c:26185:8: note: ‘__pyx_v_dimids’ was declared here
gcc -pthread -shared -L/opt/python/3.4.2/lib -Wl,-rpath=/opt/python/3.4.2/lib build/temp.linux-x86_64-3.4/netCDF4/_netCDF4.o -L/usr/lib -L/opt/python/3.4.2/lib -Wl,--enable-new-dtags,-R/usr/lib -lnetcdf -lpython3.4m -o build/lib.linux-x86_64-3.4/netCDF4/_netCDF4.cpython-34m.so
creating build/bdist.linux-x86_64
creating build/bdist.linux-x86_64/egg
creating build/bdist.linux-x86_64/egg/netcdftime
copying build/lib.linux-x86_64-3.4/netcdftime/__init__.py -> build/bdist.linux-x86_64/egg/netcdftime
copying build/lib.linux-x86_64-3.4/netcdftime/netcdftime.py -> build/bdist.linux-x86_64/egg/netcdftime
copying build/lib.linux-x86_64-3.4/netcdftime/_datetime.cpython-34m.so -> build/bdist.linux-x86_64/egg/netcdftime
creating build/bdist.linux-x86_64/egg/netCDF4
copying build/lib.linux-x86_64-3.4/netCDF4/__init__.py -> build/bdist.linux-x86_64/egg/netCDF4
copying build/lib.linux-x86_64-3.4/netCDF4/utils.py -> build/bdist.linux-x86_64/egg/netCDF4
copying build/lib.linux-x86_64-3.4/netCDF4/_netCDF4.cpython-34m.so -> build/bdist.linux-x86_64/egg/netCDF4
byte-compiling build/bdist.linux-x86_64/egg/netcdftime/__init__.py to __init__.cpython-34.pyc
byte-compiling build/bdist.linux-x86_64/egg/netcdftime/netcdftime.py to netcdftime.cpython-34.pyc
byte-compiling build/bdist.linux-x86_64/egg/netCDF4/__init__.py to __init__.cpython-34.pyc
byte-compiling build/bdist.linux-x86_64/egg/netCDF4/utils.py to utils.cpython-34.pyc
creating stub loader for netCDF4/_netCDF4.cpython-34m.so
creating stub loader for netcdftime/_datetime.cpython-34m.so
byte-compiling build/bdist.linux-x86_64/egg/netCDF4/_netCDF4.py to _netCDF4.cpython-34.pyc
byte-compiling build/bdist.linux-x86_64/egg/netcdftime/_datetime.py to _datetime.cpython-34.pyc
creating build/bdist.linux-x86_64/egg/EGG-INFO
copying netCDF4.egg-info/PKG-INFO -> build/bdist.linux-x86_64/egg/EGG-INFO
copying netCDF4.egg-info/SOURCES.txt -> build/bdist.linux-x86_64/egg/EGG-INFO
copying netCDF4.egg-info/dependency_links.txt -> build/bdist.linux-x86_64/egg/EGG-INFO
copying netCDF4.egg-info/entry_points.txt -> build/bdist.linux-x86_64/egg/EGG-INFO
copying netCDF4.egg-info/requires.txt -> build/bdist.linux-x86_64/egg/EGG-INFO
copying netCDF4.egg-info/top_level.txt -> build/bdist.linux-x86_64/egg/EGG-INFO
writing build/bdist.linux-x86_64/egg/EGG-INFO/native_libs.txt
zip_safe flag not set; analyzing archive contents...
netcdftime.__pycache__._datetime.cpython-34: module references __file__
netCDF4.__pycache__._netCDF4.cpython-34: module references __file__
creating dist
creating 'dist/netCDF4-1.2.3-py3.4-linux-x86_64.egg' and adding 'build/bdist.linux-x86_64/egg' to it
removing 'build/bdist.linux-x86_64/egg' (and everything under it)
Processing netCDF4-1.2.3-py3.4-linux-x86_64.egg
creating /home/travis/virtualenv/python3.4.2/lib/python3.4/site-packages/netCDF4-1.2.3-py3.4-linux-x86_64.egg
Extracting netCDF4-1.2.3-py3.4-linux-x86_64.egg to /home/travis/virtualenv/python3.4.2/lib/python3.4/site-packages
Adding netCDF4 1.2.3 to easy-install.pth file
Installing nc4tonc3 script to /home/travis/virtualenv/python3.4.2/bin
Installing nc3tonc4 script to /home/travis/virtualenv/python3.4.2/bin
Installing ncinfo script to /home/travis/virtualenv/python3.4.2/bin

Installed /home/travis/virtualenv/python3.4.2/lib/python3.4/site-packages/netCDF4-1.2.3-py3.4-linux-x86_64.egg
Processing dependencies for netCDF4==1.2.3
Searching for numpy==1.9.1
Best match: numpy 1.9.1
Adding numpy 1.9.1 to easy-install.pth file

Using /home/travis/virtualenv/python3.4.2/lib/python3.4/site-packages
Finished processing dependencies for netCDF4==1.2.3

travis_time:end:06306354:start=1456755193380521777,finish=1456755244321984378,duration=50941462601[0Ktravis_fold:end:install.2[0Ktravis_time:start:02fa37a0[0K$ cd test

travis_time:end:02fa37a0:start=1456755244326499197,finish=1456755244329681760,duration=3182563[0K
[32;1mThe command "cd test" exited with 0.[0m
travis_time:start:035c0c90[0K$ python run_all.py
not running tst_unicode.py ...
not running tst_diskless.py ...
not running tst_filepath.py ...
not running tst_cdf5.py ...
not running tst_dap.py ...

netcdf4-python version: 1.2.3
HDF5 lib version:       1.8.4-patch1
netcdf lib version:     4.1.1
numpy version           1.9.1
E............................EEEEEEEE..E...............................E....
======================================================================
ERROR: runTest (tst_atts.VariablesTestCase)
testing attributes
----------------------------------------------------------------------
Traceback (most recent call last):
  File "/home/travis/build/Unidata/netcdf4-python/test/tst_atts.py", line 42, in setUp
    f.setncattr('file_format','netcdf4_format')
  File "netCDF4/_netCDF4.pyx", line 2288, in netCDF4._netCDF4.Dataset.setncattr (netCDF4/_netCDF4.c:17346)
  File "netCDF4/_netCDF4.pyx", line 1250, in netCDF4._netCDF4._set_att (netCDF4/_netCDF4.c:6265)
TypeError: expected bytes, str found

======================================================================
ERROR: test_failure (tst_netcdftime.TestDate2index)
----------------------------------------------------------------------
Traceback (most recent call last):
  File "/home/travis/build/Unidata/netcdf4-python/test/tst_netcdftime.py", line 513, in setUp
    time.units = 'hours since 1900-01-01'
  File "netCDF4/_netCDF4.pyx", line 3611, in netCDF4._netCDF4.Variable.__setattr__ (netCDF4/_netCDF4.c:35483)
  File "netCDF4/_netCDF4.pyx", line 3413, in netCDF4._netCDF4.Variable.setncattr (netCDF4/_netCDF4.c:32766)
  File "netCDF4/_netCDF4.pyx", line 1250, in netCDF4._netCDF4._set_att (netCDF4/_netCDF4.c:6265)
TypeError: expected bytes, str found

======================================================================
ERROR: test_issue444 (tst_netcdftime.TestDate2index)
----------------------------------------------------------------------
Traceback (most recent call last):
  File "/home/travis/build/Unidata/netcdf4-python/test/tst_netcdftime.py", line 513, in setUp
    time.units = 'hours since 1900-01-01'
  File "netCDF4/_netCDF4.pyx", line 3611, in netCDF4._netCDF4.Variable.__setattr__ (netCDF4/_netCDF4.c:35483)
  File "netCDF4/_netCDF4.pyx", line 3413, in netCDF4._netCDF4.Variable.setncattr (netCDF4/_netCDF4.c:32766)
  File "netCDF4/_netCDF4.pyx", line 1250, in netCDF4._netCDF4._set_att (netCDF4/_netCDF4.c:6265)
TypeError: expected bytes, str found

======================================================================
ERROR: test_list (tst_netcdftime.TestDate2index)
----------------------------------------------------------------------
Traceback (most recent call last):
  File "/home/travis/build/Unidata/netcdf4-python/test/tst_netcdftime.py", line 513, in setUp
    time.units = 'hours since 1900-01-01'
  File "netCDF4/_netCDF4.pyx", line 3611, in netCDF4._netCDF4.Variable.__setattr__ (netCDF4/_netCDF4.c:35483)
  File "netCDF4/_netCDF4.pyx", line 3413, in netCDF4._netCDF4.Variable.setncattr (netCDF4/_netCDF4.c:32766)
  File "netCDF4/_netCDF4.pyx", line 1250, in netCDF4._netCDF4._set_att (netCDF4/_netCDF4.c:6265)
TypeError: expected bytes, str found

======================================================================
ERROR: test_nonuniform (tst_netcdftime.TestDate2index)
Check that the fallback mechanism works.
----------------------------------------------------------------------
Traceback (most recent call last):
  File "/home/travis/build/Unidata/netcdf4-python/test/tst_netcdftime.py", line 513, in setUp
    time.units = 'hours since 1900-01-01'
  File "netCDF4/_netCDF4.pyx", line 3611, in netCDF4._netCDF4.Variable.__setattr__ (netCDF4/_netCDF4.c:35483)
  File "netCDF4/_netCDF4.pyx", line 3413, in netCDF4._netCDF4.Variable.setncattr (netCDF4/_netCDF4.c:32766)
  File "netCDF4/_netCDF4.pyx", line 1250, in netCDF4._netCDF4._set_att (netCDF4/_netCDF4.c:6265)
TypeError: expected bytes, str found

======================================================================
ERROR: test_select_dummy (tst_netcdftime.TestDate2index)
----------------------------------------------------------------------
Traceback (most recent call last):
  File "/home/travis/build/Unidata/netcdf4-python/test/tst_netcdftime.py", line 513, in setUp
    time.units = 'hours since 1900-01-01'
  File "netCDF4/_netCDF4.pyx", line 3611, in netCDF4._netCDF4.Variable.__setattr__ (netCDF4/_netCDF4.c:35483)
  File "netCDF4/_netCDF4.pyx", line 3413, in netCDF4._netCDF4.Variable.setncattr (netCDF4/_netCDF4.c:32766)
  File "netCDF4/_netCDF4.pyx", line 1250, in netCDF4._netCDF4._set_att (netCDF4/_netCDF4.c:6265)
TypeError: expected bytes, str found

======================================================================
ERROR: test_select_nc (tst_netcdftime.TestDate2index)
----------------------------------------------------------------------
Traceback (most recent call last):
  File "/home/travis/build/Unidata/netcdf4-python/test/tst_netcdftime.py", line 513, in setUp
    time.units = 'hours since 1900-01-01'
  File "netCDF4/_netCDF4.pyx", line 3611, in netCDF4._netCDF4.Variable.__setattr__ (netCDF4/_netCDF4.c:35483)
  File "netCDF4/_netCDF4.pyx", line 3413, in netCDF4._netCDF4.Variable.setncattr (netCDF4/_netCDF4.c:32766)
  File "netCDF4/_netCDF4.pyx", line 1250, in netCDF4._netCDF4._set_att (netCDF4/_netCDF4.c:6265)
TypeError: expected bytes, str found

======================================================================
ERROR: test_simple (tst_netcdftime.TestDate2index)
----------------------------------------------------------------------
Traceback (most recent call last):
  File "/home/travis/build/Unidata/netcdf4-python/test/tst_netcdftime.py", line 513, in setUp
    time.units = 'hours since 1900-01-01'
  File "netCDF4/_netCDF4.pyx", line 3611, in netCDF4._netCDF4.Variable.__setattr__ (netCDF4/_netCDF4.c:35483)
  File "netCDF4/_netCDF4.pyx", line 3413, in netCDF4._netCDF4.Variable.setncattr (netCDF4/_netCDF4.c:32766)
  File "netCDF4/_netCDF4.pyx", line 1250, in netCDF4._netCDF4._set_att (netCDF4/_netCDF4.c:6265)
TypeError: expected bytes, str found

======================================================================
ERROR: test_singletime (tst_netcdftime.TestDate2index)
----------------------------------------------------------------------
Traceback (most recent call last):
  File "/home/travis/build/Unidata/netcdf4-python/test/tst_netcdftime.py", line 513, in setUp
    time.units = 'hours since 1900-01-01'
  File "netCDF4/_netCDF4.pyx", line 3611, in netCDF4._netCDF4.Variable.__setattr__ (netCDF4/_netCDF4.c:35483)
  File "netCDF4/_netCDF4.pyx", line 3413, in netCDF4._netCDF4.Variable.setncattr (netCDF4/_netCDF4.c:32766)
  File "netCDF4/_netCDF4.pyx", line 1250, in netCDF4._netCDF4._set_att (netCDF4/_netCDF4.c:6265)
TypeError: expected bytes, str found

======================================================================
ERROR: runTest (tst_rename.VariablesTestCase)
testing renaming of dimensions, variables and attribute deletion
----------------------------------------------------------------------
Traceback (most recent call last):
  File "/home/travis/build/Unidata/netcdf4-python/test/tst_rename.py", line 40, in setUp
    f.foo = 'bar'
  File "netCDF4/_netCDF4.pyx", line 2356, in netCDF4._netCDF4.Dataset.__setattr__ (netCDF4/_netCDF4.c:18384)
  File "netCDF4/_netCDF4.pyx", line 2288, in netCDF4._netCDF4.Dataset.setncattr (netCDF4/_netCDF4.c:17346)
  File "netCDF4/_netCDF4.pyx", line 1250, in netCDF4._netCDF4._set_att (netCDF4/_netCDF4.c:6265)
TypeError: expected bytes, str found

======================================================================
ERROR: runTest (tst_vars.VariablesTestCase)
testing primitive variables
----------------------------------------------------------------------
Traceback (most recent call last):
  File "/home/travis/build/Unidata/netcdf4-python/test/tst_vars.py", line 36, in setUp
    v1.long_name = 'dummy data root'
  File "netCDF4/_netCDF4.pyx", line 3611, in netCDF4._netCDF4.Variable.__setattr__ (netCDF4/_netCDF4.c:35483)
  File "netCDF4/_netCDF4.pyx", line 3413, in netCDF4._netCDF4.Variable.setncattr (netCDF4/_netCDF4.c:32766)
  File "netCDF4/_netCDF4.pyx", line 1250, in netCDF4._netCDF4._set_att (netCDF4/_netCDF4.c:6265)
TypeError: expected bytes, str found

----------------------------------------------------------------------
Ran 76 tests in 37.213s

FAILED (errors=11)

travis_time:end:035c0c90:start=1456755244334099115,finish=1456755291348355433,duration=47014256318[0K
[31;1mThe command "python run_all.py" exited with 1.[0m

Done. Your build exited with 1.
