Using worker: worker-linux-docker-8503cbc0.prod.travis-ci.org:travis-linux-16

travis_fold:start:system_info[0K[33;1mBuild system information[0m
Build language: java
Build group: stable
Build dist: precise
[34m[1mBuild image provisioning date and time[0m
Thu Feb  5 15:09:33 UTC 2015
[34m[1mOperating System Details[0m
Distributor ID:	Ubuntu
Description:	Ubuntu 12.04.5 LTS
Release:	12.04
Codename:	precise
[34m[1mLinux Version[0m
3.13.0-29-generic
[34m[1mCookbooks Version[0m
a68419e https://github.com/travis-ci/travis-cookbooks/tree/a68419e
[34m[1mGCC version[0m
gcc (Ubuntu/Linaro 4.6.3-1ubuntu5) 4.6.3
Copyright (C) 2011 Free Software Foundation, Inc.
This is free software; see the source for copying conditions.  There is NO
warranty; not even for MERCHANTABILITY or FITNESS FOR A PARTICULAR PURPOSE.

[34m[1mLLVM version[0m
clang version 3.4 (tags/RELEASE_34/final)
Target: x86_64-unknown-linux-gnu
Thread model: posix
[34m[1mPre-installed Ruby versions[0m
ruby-1.9.3-p551
[34m[1mPre-installed Node.js versions[0m
v0.10.36
[34m[1mPre-installed Go versions[0m
1.4.1
[34m[1mRedis version[0m
redis-server 2.8.19
[34m[1mriak version[0m
2.0.2
[34m[1mMongoDB version[0m
MongoDB 2.4.12
[34m[1mCouchDB version[0m
couchdb 1.6.1
[34m[1mNeo4j version[0m
1.9.4
[34m[1mRabbitMQ Version[0m
3.4.3
[34m[1mElasticSearch version[0m
1.4.0
[34m[1mInstalled Sphinx versions[0m
2.0.10
2.1.9
2.2.6
[34m[1mDefault Sphinx version[0m
2.2.6
[34m[1mInstalled Firefox version[0m
firefox 31.0esr
[34m[1mPhantomJS version[0m
1.9.8
[34m[1mant -version[0m
Apache Ant(TM) version 1.8.2 compiled on December 3 2011
[34m[1mmvn -version[0m
Apache Maven 3.2.5 (12a6b3acb947671f09b81f49094c53f426d8cea1; 2014-12-14T17:29:23+00:00)
Maven home: /usr/local/maven
Java version: 1.7.0_76, vendor: Oracle Corporation
Java home: /usr/lib/jvm/java-7-oracle/jre
Default locale: en_US, platform encoding: ANSI_X3.4-1968
OS name: "linux", version: "3.13.0-29-generic", arch: "amd64", family: "unix"
travis_fold:end:system_info[0K
travis_fold:start:fix.CVE-2015-7547[0K$ export DEBIAN_FRONTEND=noninteractive
W: Size of file /var/lib/apt/lists/us.archive.ubuntu.com_ubuntu_dists_precise-backports_multiverse_source_Sources.gz is not what the server reported 5886 5888
W: Size of file /var/lib/apt/lists/ppa.launchpad.net_ubuntugis_ppa_ubuntu_dists_precise_main_binary-amd64_Packages.gz is not what the server reported 36669 36677
W: Size of file /var/lib/apt/lists/ppa.launchpad.net_ubuntugis_ppa_ubuntu_dists_precise_main_binary-i386_Packages.gz is not what the server reported 36729 36733
Reading package lists...
Building dependency tree...
Reading state information...
The following extra packages will be installed:
  libc-bin libc-dev-bin libc6-dev
Suggested packages:
  glibc-doc
The following packages will be upgraded:
  libc-bin libc-dev-bin libc6 libc6-dev
4 upgraded, 0 newly installed, 0 to remove and 246 not upgraded.
Need to get 8,840 kB of archives.
After this operation, 14.3 kB disk space will be freed.
Get:1 http://us.archive.ubuntu.com/ubuntu/ precise-updates/main libc6-dev amd64 2.15-0ubuntu10.15 [2,943 kB]
Get:2 http://us.archive.ubuntu.com/ubuntu/ precise-updates/main libc-dev-bin amd64 2.15-0ubuntu10.15 [84.7 kB]
Get:3 http://us.archive.ubuntu.com/ubuntu/ precise-updates/main libc-bin amd64 2.15-0ubuntu10.15 [1,177 kB]
Get:4 http://us.archive.ubuntu.com/ubuntu/ precise-updates/main libc6 amd64 2.15-0ubuntu10.15 [4,636 kB]
Fetched 8,840 kB in 0s (29.7 MB/s)
Preconfiguring packages ...
(Reading database ... (Reading database ... 5%(Reading database ... 10%(Reading database ... 15%(Reading database ... 20%(Reading database ... 25%(Reading database ... 30%(Reading database ... 35%(Reading database ... 40%(Reading database ... 45%(Reading database ... 50%(Reading database ... 55%(Reading database ... 60%(Reading database ... 65%(Reading database ... 70%(Reading database ... 75%(Reading database ... 80%(Reading database ... 85%(Reading database ... 90%(Reading database ... 95%(Reading database ... 100%(Reading database ... 72019 files and directories currently installed.)
Preparing to replace libc6-dev 2.15-0ubuntu10.10 (using .../libc6-dev_2.15-0ubuntu10.15_amd64.deb) ...
Unpacking replacement libc6-dev ...
Preparing to replace libc-dev-bin 2.15-0ubuntu10.10 (using .../libc-dev-bin_2.15-0ubuntu10.15_amd64.deb) ...
Unpacking replacement libc-dev-bin ...
Preparing to replace libc-bin 2.15-0ubuntu10.10 (using .../libc-bin_2.15-0ubuntu10.15_amd64.deb) ...
Unpacking replacement libc-bin ...
Processing triggers for man-db ...
Setting up libc-bin (2.15-0ubuntu10.15) ...
(Reading database ... (Reading database ... 5%(Reading database ... 10%(Reading database ... 15%(Reading database ... 20%(Reading database ... 25%(Reading database ... 30%(Reading database ... 35%(Reading database ... 40%(Reading database ... 45%(Reading database ... 50%(Reading database ... 55%(Reading database ... 60%(Reading database ... 65%(Reading database ... 70%(Reading database ... 75%(Reading database ... 80%(Reading database ... 85%(Reading database ... 90%(Reading database ... 95%(Reading database ... 100%(Reading database ... 72018 files and directories currently installed.)
Preparing to replace libc6 2.15-0ubuntu10.10 (using .../libc6_2.15-0ubuntu10.15_amd64.deb) ...
Unpacking replacement libc6 ...
Setting up libc6 (2.15-0ubuntu10.15) ...
Setting up libc-dev-bin (2.15-0ubuntu10.15) ...
Setting up libc6-dev (2.15-0ubuntu10.15) ...
Processing triggers for libc-bin ...
ldconfig deferred processing now taking place
travis_fold:end:fix.CVE-2015-7547[0Ktravis_fold:start:git.checkout[0Ktravis_time:start:050fcbf8[0K$ git clone --depth=50 --branch=master https://github.com/Azure/azure-sdk-for-java.git Azure/azure-sdk-for-java
Cloning into 'Azure/azure-sdk-for-java'...
remote: Counting objects: 9879, done.[K
remote: Compressing objects:   0% (1/2846)   [Kremote: Compressing objects:   1% (29/2846)   [Kremote: Compressing objects:   2% (57/2846)   [Kremote: Compressing objects:   3% (86/2846)   [Kremote: Compressing objects:   4% (114/2846)   [Kremote: Compressing objects:   5% (143/2846)   [Kremote: Compressing objects:   6% (171/2846)   [Kremote: Compressing objects:   7% (200/2846)   [Kremote: Compressing objects:   8% (228/2846)   [Kremote: Compressing objects:   9% (257/2846)   [Kremote: Compressing objects:  10% (285/2846)   [Kremote: Compressing objects:  11% (314/2846)   [Kremote: Compressing objects:  12% (342/2846)   [Kremote: Compressing objects:  13% (370/2846)   [Kremote: Compressing objects:  14% (399/2846)   [Kremote: Compressing objects:  15% (427/2846)   [Kremote: Compressing objects:  16% (456/2846)   [Kremote: Compressing objects:  17% (484/2846)   [Kremote: Compressing objects:  18% (513/2846)   [Kremote: Compressing objects:  19% (541/2846)   [Kremote: Compressing objects:  20% (570/2846)   [Kremote: Compressing objects:  21% (598/2846)   [Kremote: Compressing objects:  22% (627/2846)   [Kremote: Compressing objects:  23% (655/2846)   [Kremote: Compressing objects:  24% (684/2846)   [Kremote: Compressing objects:  25% (712/2846)   [Kremote: Compressing objects:  26% (740/2846)   [Kremote: Compressing objects:  27% (769/2846)   [Kremote: Compressing objects:  28% (797/2846)   [Kremote: Compressing objects:  29% (826/2846)   [Kremote: Compressing objects:  30% (854/2846)   [Kremote: Compressing objects:  31% (883/2846)   [Kremote: Compressing objects:  32% (911/2846)   [Kremote: Compressing objects:  33% (940/2846)   [Kremote: Compressing objects:  34% (968/2846)   [Kremote: Compressing objects:  35% (997/2846)   [Kremote: Compressing objects:  36% (1025/2846)   [Kremote: Compressing objects:  37% (1054/2846)   [Kremote: Compressing objects:  38% (1082/2846)   [Kremote: Compressing objects:  39% (1110/2846)   [Kremote: Compressing objects:  40% (1139/2846)   [Kremote: Compressing objects:  41% (1167/2846)   [Kremote: Compressing objects:  42% (1196/2846)   [Kremote: Compressing objects:  43% (1224/2846)   [Kremote: Compressing objects:  44% (1253/2846)   [Kremote: Compressing objects:  45% (1281/2846)   [Kremote: Compressing objects:  46% (1310/2846)   [Kremote: Compressing objects:  47% (1338/2846)   [Kremote: Compressing objects:  48% (1367/2846)   [Kremote: Compressing objects:  49% (1395/2846)   [Kremote: Compressing objects:  50% (1423/2846)   [Kremote: Compressing objects:  51% (1452/2846)   [Kremote: Compressing objects:  52% (1480/2846)   [Kremote: Compressing objects:  53% (1509/2846)   [Kremote: Compressing objects:  54% (1537/2846)   [Kremote: Compressing objects:  55% (1566/2846)   [Kremote: Compressing objects:  56% (1594/2846)   [Kremote: Compressing objects:  57% (1623/2846)   [Kremote: Compressing objects:  58% (1651/2846)   [Kremote: Compressing objects:  59% (1680/2846)   [Kremote: Compressing objects:  60% (1708/2846)   [Kremote: Compressing objects:  61% (1737/2846)   [Kremote: Compressing objects:  62% (1765/2846)   [Kremote: Compressing objects:  63% (1793/2846)   [Kremote: Compressing objects:  64% (1822/2846)   [Kremote: Compressing objects:  65% (1850/2846)   [Kremote: Compressing objects:  66% (1879/2846)   [Kremote: Compressing objects:  67% (1907/2846)   [Kremote: Compressing objects:  68% (1936/2846)   [Kremote: Compressing objects:  69% (1964/2846)   [Kremote: Compressing objects:  70% (1993/2846)   [Kremote: Compressing objects:  71% (2021/2846)   [Kremote: Compressing objects:  72% (2050/2846)   [Kremote: Compressing objects:  73% (2078/2846)   [Kremote: Compressing objects:  74% (2107/2846)   [Kremote: Compressing objects:  75% (2135/2846)   [Kremote: Compressing objects:  76% (2163/2846)   [Kremote: Compressing objects:  77% (2192/2846)   [Kremote: Compressing objects:  78% (2220/2846)   [Kremote: Compressing objects:  79% (2249/2846)   [Kremote: Compressing objects:  80% (2277/2846)   [Kremote: Compressing objects:  81% (2306/2846)   [Kremote: Compressing objects:  82% (2334/2846)   [Kremote: Compressing objects:  83% (2363/2846)   [Kremote: Compressing objects:  84% (2391/2846)   [Kremote: Compressing objects:  85% (2420/2846)   [Kremote: Compressing objects:  86% (2448/2846)   [Kremote: Compressing objects:  87% (2477/2846)   [Kremote: Compressing objects:  88% (2505/2846)   [Kremote: Compressing objects:  89% (2533/2846)   [Kremote: Compressing objects:  90% (2562/2846)   [Kremote: Compressing objects:  91% (2590/2846)   [Kremote: Compressing objects:  92% (2619/2846)   [Kremote: Compressing objects:  93% (2647/2846)   [Kremote: Compressing objects:  94% (2676/2846)   [Kremote: Compressing objects:  95% (2704/2846)   [Kremote: Compressing objects:  96% (2733/2846)   [Kremote: Compressing objects:  97% (2761/2846)   [Kremote: Compressing objects:  98% (2790/2846)   [Kremote: Compressing objects:  99% (2818/2846)   [Kremote: Compressing objects: 100% (2846/2846)   [Kremote: Compressing objects: 100% (2846/2846), done.[K
Receiving objects:   0% (1/9879)   Receiving objects:   1% (99/9879)   Receiving objects:   2% (198/9879)   Receiving objects:   3% (297/9879)   Receiving objects:   4% (396/9879)   Receiving objects:   5% (494/9879)   Receiving objects:   6% (593/9879)   Receiving objects:   7% (692/9879)   Receiving objects:   8% (791/9879)   Receiving objects:   9% (890/9879)   Receiving objects:  10% (988/9879)   Receiving objects:  11% (1087/9879)   Receiving objects:  12% (1186/9879)   Receiving objects:  13% (1285/9879)   Receiving objects:  14% (1384/9879)   Receiving objects:  15% (1482/9879)   Receiving objects:  16% (1581/9879)   Receiving objects:  17% (1680/9879)   Receiving objects:  18% (1779/9879)   Receiving objects:  19% (1878/9879)   Receiving objects:  20% (1976/9879)   Receiving objects:  21% (2075/9879)   Receiving objects:  22% (2174/9879)   Receiving objects:  23% (2273/9879)   Receiving objects:  24% (2371/9879)   Receiving objects:  25% (2470/9879)   Receiving objects:  26% (2569/9879)   Receiving objects:  27% (2668/9879)   Receiving objects:  28% (2767/9879)   Receiving objects:  29% (2865/9879)   Receiving objects:  30% (2964/9879)   Receiving objects:  31% (3063/9879)   Receiving objects:  32% (3162/9879)   Receiving objects:  33% (3261/9879)   Receiving objects:  34% (3359/9879)   Receiving objects:  35% (3458/9879)   Receiving objects:  36% (3557/9879)   Receiving objects:  37% (3656/9879)   Receiving objects:  38% (3755/9879)   Receiving objects:  39% (3853/9879)   Receiving objects:  40% (3952/9879)   Receiving objects:  41% (4051/9879)   Receiving objects:  42% (4150/9879)   Receiving objects:  43% (4248/9879)   Receiving objects:  44% (4347/9879)   Receiving objects:  45% (4446/9879)   Receiving objects:  46% (4545/9879)   Receiving objects:  47% (4644/9879)   Receiving objects:  48% (4742/9879)   Receiving objects:  49% (4841/9879)   Receiving objects:  50% (4940/9879)   Receiving objects:  51% (5039/9879)   Receiving objects:  52% (5138/9879)   Receiving objects:  53% (5236/9879)   Receiving objects:  54% (5335/9879)   Receiving objects:  55% (5434/9879)   Receiving objects:  56% (5533/9879)   Receiving objects:  57% (5632/9879)   Receiving objects:  58% (5730/9879)   Receiving objects:  59% (5829/9879)   Receiving objects:  60% (5928/9879)   Receiving objects:  61% (6027/9879)   Receiving objects:  62% (6125/9879)   Receiving objects:  63% (6224/9879)   Receiving objects:  64% (6323/9879)   Receiving objects:  65% (6422/9879)   Receiving objects:  66% (6521/9879)   Receiving objects:  67% (6619/9879)   Receiving objects:  68% (6718/9879)   Receiving objects:  69% (6817/9879)   Receiving objects:  70% (6916/9879)   Receiving objects:  71% (7015/9879)   Receiving objects:  72% (7113/9879)   Receiving objects:  73% (7212/9879)   Receiving objects:  74% (7311/9879)   Receiving objects:  75% (7410/9879)   Receiving objects:  76% (7509/9879)   Receiving objects:  77% (7607/9879)   Receiving objects:  78% (7706/9879)   Receiving objects:  79% (7805/9879)   Receiving objects:  80% (7904/9879)   Receiving objects:  81% (8002/9879)   Receiving objects:  82% (8101/9879)   Receiving objects:  83% (8200/9879)   Receiving objects:  84% (8299/9879)   Receiving objects:  85% (8398/9879)   Receiving objects:  86% (8496/9879)   Receiving objects:  87% (8595/9879)   Receiving objects:  88% (8694/9879)   Receiving objects:  89% (8793/9879)   Receiving objects:  90% (8892/9879)   Receiving objects:  91% (8990/9879)   Receiving objects:  92% (9089/9879)   remote: Total 9879 (delta 4530), reused 8969 (delta 3865), pack-reused 0[K
Receiving objects:  93% (9188/9879)   Receiving objects:  94% (9287/9879)   Receiving objects:  95% (9386/9879)   Receiving objects:  96% (9484/9879)   Receiving objects:  97% (9583/9879)   Receiving objects:  98% (9682/9879)   Receiving objects:  99% (9781/9879)   Receiving objects: 100% (9879/9879)   Receiving objects: 100% (9879/9879), 2.84 MiB | 0 bytes/s, done.
Resolving deltas:   0% (0/4530)   Resolving deltas:   1% (46/4530)   Resolving deltas:   2% (99/4530)   Resolving deltas:   3% (147/4530)   Resolving deltas:   4% (192/4530)   Resolving deltas:   5% (246/4530)   Resolving deltas:   6% (298/4530)   Resolving deltas:   7% (362/4530)   Resolving deltas:   8% (383/4530)   Resolving deltas:   9% (426/4530)   Resolving deltas:  10% (454/4530)   Resolving deltas:  11% (543/4530)   Resolving deltas:  12% (555/4530)   Resolving deltas:  13% (618/4530)   Resolving deltas:  14% (644/4530)   Resolving deltas:  15% (686/4530)   Resolving deltas:  16% (742/4530)   Resolving deltas:  17% (771/4530)   Resolving deltas:  18% (817/4530)   Resolving deltas:  19% (866/4530)   Resolving deltas:  20% (924/4530)   Resolving deltas:  21% (988/4530)   Resolving deltas:  22% (1000/4530)   Resolving deltas:  23% (1071/4530)   Resolving deltas:  24% (1092/4530)   Resolving deltas:  25% (1168/4530)   Resolving deltas:  26% (1185/4530)   Resolving deltas:  27% (1236/4530)   Resolving deltas:  29% (1358/4530)   Resolving deltas:  30% (1359/4530)   Resolving deltas:  31% (1409/4530)   Resolving deltas:  32% (1460/4530)   Resolving deltas:  33% (1501/4530)   Resolving deltas:  35% (1591/4530)   Resolving deltas:  36% (1636/4530)   Resolving deltas:  37% (1681/4530)   Resolving deltas:  38% (1723/4530)   Resolving deltas:  39% (1771/4530)   Resolving deltas:  40% (1841/4530)   Resolving deltas:  41% (1859/4530)   Resolving deltas:  42% (1906/4530)   Resolving deltas:  43% (1963/4530)   Resolving deltas:  44% (1995/4530)   Resolving deltas:  45% (2043/4530)   Resolving deltas:  46% (2085/4530)   Resolving deltas:  47% (2137/4530)   Resolving deltas:  48% (2189/4530)   Resolving deltas:  49% (2222/4530)   Resolving deltas:  50% (2270/4530)   Resolving deltas:  51% (2311/4530)   Resolving deltas:  52% (2356/4530)   Resolving deltas:  53% (2405/4530)   Resolving deltas:  54% (2458/4530)   Resolving deltas:  55% (2507/4530)   Resolving deltas:  56% (2543/4530)   Resolving deltas:  57% (2585/4530)   Resolving deltas:  58% (2630/4530)   Resolving deltas:  59% (2673/4530)   Resolving deltas:  60% (2718/4530)   Resolving deltas:  61% (2769/4530)   Resolving deltas:  62% (2820/4530)   Resolving deltas:  63% (2856/4530)   Resolving deltas:  64% (2909/4530)   Resolving deltas:  65% (2964/4530)   Resolving deltas:  66% (2990/4530)   Resolving deltas:  67% (3036/4530)   Resolving deltas:  68% (3081/4530)   Resolving deltas:  69% (3129/4530)   Resolving deltas:  70% (3179/4530)   Resolving deltas:  71% (3230/4530)   Resolving deltas:  72% (3264/4530)   Resolving deltas:  73% (3312/4530)   Resolving deltas:  74% (3353/4530)   Resolving deltas:  75% (3400/4530)   Resolving deltas:  76% (3443/4530)   Resolving deltas:  77% (3493/4530)   Resolving deltas:  79% (3606/4530)   Resolving deltas:  80% (3627/4530)   Resolving deltas:  81% (3672/4530)   Resolving deltas:  82% (3720/4530)   Resolving deltas:  83% (3761/4530)   Resolving deltas:  84% (3806/4530)   Resolving deltas:  85% (3855/4530)   Resolving deltas:  86% (3902/4530)   Resolving deltas:  87% (3957/4530)   Resolving deltas:  88% (3988/4530)   Resolving deltas:  89% (4037/4530)   Resolving deltas:  90% (4088/4530)   Resolving deltas:  91% (4125/4530)   Resolving deltas:  93% (4216/4530)   Resolving deltas:  95% (4319/4530)   Resolving deltas:  96% (4360/4530)   Resolving deltas:  97% (4405/4530)   Resolving deltas:  98% (4440/4530)   Resolving deltas:  99% (4485/4530)   Resolving deltas: 100% (4530/4530)   Resolving deltas: 100% (4530/4530), done.
Checking connectivity... done.

travis_time:end:050fcbf8:start=1465833474692723027,finish=1465833475897731717,duration=1205008690[0K$ cd Azure/azure-sdk-for-java
$ git checkout -qf 36bb402d79e259e8739ece5bc005c06ec8f363e9
travis_fold:end:git.checkout[0K
[33;1mThis job is running on container-based infrastructure, which does not allow use of 'sudo', setuid and setguid executables.[0m
[33;1mIf you require sudo, add 'sudo: required' to your .travis.yml[0m
[33;1mSee https://docs.travis-ci.com/user/workers/container-based-infrastructure/ for details.[0m
$ jdk_switcher use oraclejdk8
Switching to Oracle JDK8 (java-8-oracle), JAVA_HOME will be set to /usr/lib/jvm/java-8-oracle
$ java -Xmx32m -version
java version "1.8.0_31"
Java(TM) SE Runtime Environment (build 1.8.0_31-b13)
Java HotSpot(TM) 64-Bit Server VM (build 25.31-b07, mixed mode)
$ javac -J-Xmx32m -version
javac 1.8.0_31
travis_fold:start:install[0Ktravis_time:start:01351afd[0K$ mvn install -DskipTests=true -Dmaven.javadoc.skip=true -B -V
Java HotSpot(TM) 64-Bit Server VM warning: ignoring option MaxPermSize=192m; support was removed in 8.0
Apache Maven 3.2.5 (12a6b3acb947671f09b81f49094c53f426d8cea1; 2014-12-14T17:29:23+00:00)
Maven home: /usr/local/maven
Java version: 1.8.0_31, vendor: Oracle Corporation
Java home: /usr/lib/jvm/java-8-oracle/jre
Default locale: en_US, platform encoding: UTF-8
OS name: "linux", version: "3.13.0-40-generic", arch: "amd64", family: "unix"
[INFO] Scanning for projects...
[WARNING] 
[WARNING] Some problems were encountered while building the effective model for com.microsoft.rest:client-runtime:jar:1.0.0-SNAPSHOT
[WARNING] 'build.plugins.plugin.version' for org.codehaus.mojo:build-helper-maven-plugin is missing. @ com.microsoft.rest:client-runtime:[unknown-version], /home/travis/build/Azure/azure-sdk-for-java/runtimes/client-runtime/pom.xml, line 100, column 15
[WARNING] 
[WARNING] Some problems were encountered while building the effective model for com.microsoft.azure:azure-client-runtime:jar:1.0.0-SNAPSHOT
[WARNING] 'build.plugins.plugin.version' for org.codehaus.mojo:build-helper-maven-plugin is missing. @ com.microsoft.azure:azure-client-runtime:[unknown-version], /home/travis/build/Azure/azure-sdk-for-java/runtimes/azure-client-runtime/pom.xml, line 76, column 15
[WARNING] The expression ${parent.version} is deprecated. Please use ${project.parent.version} instead.
[WARNING] 
[WARNING] Some problems were encountered while building the effective model for com.microsoft.azure:azure-client-authentication:jar:1.0.0-SNAPSHOT
[WARNING] 'build.plugins.plugin.version' for org.codehaus.mojo:build-helper-maven-plugin is missing. @ com.microsoft.azure:azure-client-authentication:[unknown-version], /home/travis/build/Azure/azure-sdk-for-java/runtimes/azure-client-authentication/pom.xml, line 81, column 15
[WARNING] 
[WARNING] Some problems were encountered while building the effective model for com.microsoft.azure:azure:jar:1.0.0-SNAPSHOT
[WARNING] 'build.plugins.plugin.version' for org.apache.maven.plugins:maven-jar-plugin is missing. @ com.microsoft.azure:azure:[unknown-version], /home/travis/build/Azure/azure-sdk-for-java/azure/pom.xml, line 93, column 15
[WARNING] 'build.plugins.plugin.version' for org.codehaus.mojo:build-helper-maven-plugin is missing. @ com.microsoft.azure:azure:[unknown-version], /home/travis/build/Azure/azure-sdk-for-java/azure/pom.xml, line 120, column 15
[WARNING] 
[WARNING] Some problems were encountered while building the effective model for com.microsoft.azure:azure-batch:jar:1.0.0-SNAPSHOT
[WARNING] 'build.plugins.plugin.version' for org.apache.maven.plugins:maven-jar-plugin is missing. @ com.microsoft.azure:azure-batch:[unknown-version], /home/travis/build/Azure/azure-sdk-for-java/azure-batch/pom.xml, line 73, column 15
[WARNING] 'build.plugins.plugin.version' for org.codehaus.mojo:build-helper-maven-plugin is missing. @ com.microsoft.azure:azure-batch:[unknown-version], /home/travis/build/Azure/azure-sdk-for-java/azure-batch/pom.xml, line 100, column 15
[WARNING] 
[WARNING] Some problems were encountered while building the effective model for com.microsoft.azure:azure-mgmt-compute:jar:1.0.0-SNAPSHOT
[WARNING] 'build.plugins.plugin.version' for org.apache.maven.plugins:maven-jar-plugin is missing. @ com.microsoft.azure:azure-mgmt-compute:[unknown-version], /home/travis/build/Azure/azure-sdk-for-java/azure-mgmt-compute/pom.xml, line 83, column 15
[WARNING] 'build.plugins.plugin.version' for org.codehaus.mojo:build-helper-maven-plugin is missing. @ com.microsoft.azure:azure-mgmt-compute:[unknown-version], /home/travis/build/Azure/azure-sdk-for-java/azure-mgmt-compute/pom.xml, line 104, column 15
[WARNING] 
[WARNING] Some problems were encountered while building the effective model for com.microsoft.azure:azure-mgmt-resources:jar:1.0.0-SNAPSHOT
[WARNING] 'build.plugins.plugin.version' for org.apache.maven.plugins:maven-jar-plugin is missing. @ com.microsoft.azure:azure-mgmt-resources:[unknown-version], /home/travis/build/Azure/azure-sdk-for-java/azure-mgmt-resources/pom.xml, line 68, column 15
[WARNING] 'build.plugins.plugin.version' for org.codehaus.mojo:build-helper-maven-plugin is missing. @ com.microsoft.azure:azure-mgmt-resources:[unknown-version], /home/travis/build/Azure/azure-sdk-for-java/azure-mgmt-resources/pom.xml, line 89, column 15
[WARNING] 
[WARNING] Some problems were encountered while building the effective model for com.microsoft.azure:azure-mgmt-storage:jar:1.0.0-SNAPSHOT
[WARNING] 'build.plugins.plugin.version' for org.apache.maven.plugins:maven-jar-plugin is missing. @ com.microsoft.azure:azure-mgmt-storage:[unknown-version], /home/travis/build/Azure/azure-sdk-for-java/azure-mgmt-storage/pom.xml, line 73, column 15
[WARNING] 'build.plugins.plugin.version' for org.codehaus.mojo:build-helper-maven-plugin is missing. @ com.microsoft.azure:azure-mgmt-storage:[unknown-version], /home/travis/build/Azure/azure-sdk-for-java/azure-mgmt-storage/pom.xml, line 85, column 15
[WARNING] 
[WARNING] Some problems were encountered while building the effective model for com.microsoft.azure:azure-mgmt-network:jar:1.0.0-SNAPSHOT
[WARNING] 'build.plugins.plugin.version' for org.apache.maven.plugins:maven-jar-plugin is missing. @ com.microsoft.azure:azure-mgmt-network:[unknown-version], /home/travis/build/Azure/azure-sdk-for-java/azure-mgmt-network/pom.xml, line 67, column 15
[WARNING] 'build.plugins.plugin.version' for org.codehaus.mojo:build-helper-maven-plugin is missing. @ com.microsoft.azure:azure-mgmt-network:[unknown-version], /home/travis/build/Azure/azure-sdk-for-java/azure-mgmt-network/pom.xml, line 94, column 15
[WARNING] 
[WARNING] Some problems were encountered while building the effective model for com.microsoft.azure:azure-mgmt-website:jar:1.0.0-SNAPSHOT
[WARNING] 'build.plugins.plugin.version' for org.apache.maven.plugins:maven-jar-plugin is missing. @ com.microsoft.azure:azure-mgmt-website:[unknown-version], /home/travis/build/Azure/azure-sdk-for-java/azure-mgmt-website/pom.xml, line 68, column 15
[WARNING] 'build.plugins.plugin.version' for org.codehaus.mojo:build-helper-maven-plugin is missing. @ com.microsoft.azure:azure-mgmt-website:[unknown-version], /home/travis/build/Azure/azure-sdk-for-java/azure-mgmt-website/pom.xml, line 89, column 15
[WARNING] 
[WARNING] Some problems were encountered while building the effective model for com.microsoft.azure:azure-mgmt-datalake-analytics:jar:1.0.0-SNAPSHOT
[WARNING] 'build.plugins.plugin.version' for org.apache.maven.plugins:maven-jar-plugin is missing. @ com.microsoft.azure:azure-mgmt-datalake-analytics:[unknown-version], /home/travis/build/Azure/azure-sdk-for-java/azure-mgmt-datalake-analytics/pom.xml, line 86, column 15
[WARNING] 'build.plugins.plugin.version' for org.codehaus.mojo:build-helper-maven-plugin is missing. @ com.microsoft.azure:azure-mgmt-datalake-analytics:[unknown-version], /home/travis/build/Azure/azure-sdk-for-java/azure-mgmt-datalake-analytics/pom.xml, line 113, column 15
[WARNING] 
[WARNING] Some problems were encountered while building the effective model for com.microsoft.azure:azure-mgmt-datalake-store:jar:1.0.0-SNAPSHOT
[WARNING] 'build.plugins.plugin.version' for org.apache.maven.plugins:maven-jar-plugin is missing. @ com.microsoft.azure:azure-mgmt-datalake-store:[unknown-version], /home/travis/build/Azure/azure-sdk-for-java/azure-mgmt-datalake-store/pom.xml, line 74, column 15
[WARNING] 'build.plugins.plugin.version' for org.codehaus.mojo:build-helper-maven-plugin is missing. @ com.microsoft.azure:azure-mgmt-datalake-store:[unknown-version], /home/travis/build/Azure/azure-sdk-for-java/azure-mgmt-datalake-store/pom.xml, line 101, column 15
[WARNING] 
[WARNING] Some problems were encountered while building the effective model for com.microsoft.azure:azure-mgmt-datalake-store-uploader:jar:1.0.0-SNAPSHOT
[WARNING] 'build.plugins.plugin.version' for org.apache.maven.plugins:maven-jar-plugin is missing. @ com.microsoft.azure:azure-mgmt-datalake-store-uploader:[unknown-version], /home/travis/build/Azure/azure-sdk-for-java/azure-mgmt-datalake-store-uploader/pom.xml, line 85, column 15
[WARNING] 'build.plugins.plugin.version' for org.codehaus.mojo:build-helper-maven-plugin is missing. @ com.microsoft.azure:azure-mgmt-datalake-store-uploader:[unknown-version], /home/travis/build/Azure/azure-sdk-for-java/azure-mgmt-datalake-store-uploader/pom.xml, line 112, column 15
[WARNING] 
[WARNING] It is highly recommended to fix these problems because they threaten the stability of your build.
[WARNING] 
[WARNING] For this reason, future Maven versions might no longer support building such malformed projects.
[WARNING] 
[INFO] ------------------------------------------------------------------------
[INFO] Reactor Build Order:
[INFO] 
[INFO] AutoRest Client Runtimes for Java
[INFO] Build tools for AutoRest client runtime for Java
[INFO] Java Client Runtime for AutoRest
[INFO] Azure Java Client Runtime for AutoRest
[INFO] Azure Java Client Authentication Library for AutoRest
[INFO] Microsoft Azure SDK Parent
[INFO] Microsoft Azure SDK for Resource Management
[INFO] Microsoft Azure SDK for Storage Management
[INFO] Microsoft Azure SDK for Network Management
[INFO] Microsoft Azure SDK for Compute Management
[INFO] Microsoft Azure SDK
[INFO] Microsoft Azure SDK for Batch Service
[INFO] Microsoft Azure SDK for Website Management
[INFO] Microsoft Azure SDK for Data Lake Store Management
[INFO] Microsoft Azure SDK for Data Lake Analytics Management
[INFO] Microsoft Azure SDK for Data Lake Store Data Uploading
[INFO]                                                                         
[INFO] ------------------------------------------------------------------------
[INFO] Building AutoRest Client Runtimes for Java 1.0.0-SNAPSHOT
[INFO] ------------------------------------------------------------------------
[INFO] Downloading: https://repo.maven.apache.org/maven2/org/apache/maven/plugins/maven-install-plugin/2.4/maven-install-plugin-2.4.pom
[INFO] Downloaded: https://repo.maven.apache.org/maven2/org/apache/maven/plugins/maven-install-plugin/2.4/maven-install-plugin-2.4.pom (7 KB at 5.4 KB/sec)
[INFO] Downloading: https://repo.maven.apache.org/maven2/org/apache/maven/plugins/maven-plugins/23/maven-plugins-23.pom
[INFO] Downloaded: https://repo.maven.apache.org/maven2/org/apache/maven/plugins/maven-plugins/23/maven-plugins-23.pom (9 KB at 110.9 KB/sec)
[INFO] Downloading: https://repo.maven.apache.org/maven2/org/apache/maven/maven-parent/22/maven-parent-22.pom
[INFO] Downloaded: https://repo.maven.apache.org/maven2/org/apache/maven/maven-parent/22/maven-parent-22.pom (30 KB at 580.9 KB/sec)
[INFO] Downloading: https://repo.maven.apache.org/maven2/org/apache/apache/11/apache-11.pom
[INFO] Downloaded: https://repo.maven.apache.org/maven2/org/apache/apache/11/apache-11.pom (15 KB at 390.9 KB/sec)
[INFO] Downloading: https://repo.maven.apache.org/maven2/org/apache/maven/plugins/maven-install-plugin/2.4/maven-install-plugin-2.4.jar
[INFO] Downloaded: https://repo.maven.apache.org/maven2/org/apache/maven/plugins/maven-install-plugin/2.4/maven-install-plugin-2.4.jar (27 KB at 612.1 KB/sec)
[INFO] 
[INFO] --- maven-install-plugin:2.4:install (default-install) @ autorest-clientruntime-for-java ---
[INFO] Downloading: https://repo.maven.apache.org/maven2/org/apache/maven/maven-plugin-api/2.0.6/maven-plugin-api-2.0.6.pom
[INFO] Downloaded: https://repo.maven.apache.org/maven2/org/apache/maven/maven-plugin-api/2.0.6/maven-plugin-api-2.0.6.pom (2 KB at 30.9 KB/sec)
[INFO] Downloading: https://repo.maven.apache.org/maven2/org/apache/maven/maven/2.0.6/maven-2.0.6.pom
[INFO] Downloaded: https://repo.maven.apache.org/maven2/org/apache/maven/maven/2.0.6/maven-2.0.6.pom (9 KB at 327.2 KB/sec)
[INFO] Downloading: https://repo.maven.apache.org/maven2/org/apache/maven/maven-parent/5/maven-parent-5.pom
[INFO] Downloaded: https://repo.maven.apache.org/maven2/org/apache/maven/maven-parent/5/maven-parent-5.pom (15 KB at 372.0 KB/sec)
[INFO] Downloading: https://repo.maven.apache.org/maven2/org/apache/apache/3/apache-3.pom
[INFO] Downloaded: https://repo.maven.apache.org/maven2/org/apache/apache/3/apache-3.pom (4 KB at 145.6 KB/sec)
[INFO] Downloading: https://repo.maven.apache.org/maven2/org/apache/maven/maven-project/2.0.6/maven-project-2.0.6.pom
[INFO] Downloaded: https://repo.maven.apache.org/maven2/org/apache/maven/maven-project/2.0.6/maven-project-2.0.6.pom (3 KB at 29.9 KB/sec)
[INFO] Downloading: https://repo.maven.apache.org/maven2/org/apache/maven/maven-settings/2.0.6/maven-settings-2.0.6.pom
[INFO] Downloaded: https://repo.maven.apache.org/maven2/org/apache/maven/maven-settings/2.0.6/maven-settings-2.0.6.pom (2 KB at 61.1 KB/sec)
[INFO] Downloading: https://repo.maven.apache.org/maven2/org/apache/maven/maven-model/2.0.6/maven-model-2.0.6.pom
[INFO] Downloaded: https://repo.maven.apache.org/maven2/org/apache/maven/maven-model/2.0.6/maven-model-2.0.6.pom (3 KB at 56.1 KB/sec)
[INFO] Downloading: https://repo.maven.apache.org/maven2/org/codehaus/plexus/plexus-utils/1.4.1/plexus-utils-1.4.1.pom
[INFO] Downloaded: https://repo.maven.apache.org/maven2/org/codehaus/plexus/plexus-utils/1.4.1/plexus-utils-1.4.1.pom (2 KB at 66.6 KB/sec)
[INFO] Downloading: https://repo.maven.apache.org/maven2/org/codehaus/plexus/plexus/1.0.11/plexus-1.0.11.pom
[INFO] Downloaded: https://repo.maven.apache.org/maven2/org/codehaus/plexus/plexus/1.0.11/plexus-1.0.11.pom (9 KB at 336.9 KB/sec)
[INFO] Downloading: https://repo.maven.apache.org/maven2/org/codehaus/plexus/plexus-container-default/1.0-alpha-9-stable-1/plexus-container-default-1.0-alpha-9-stable-1.pom
[INFO] Downloaded: https://repo.maven.apache.org/maven2/org/codehaus/plexus/plexus-container-default/1.0-alpha-9-stable-1/plexus-container-default-1.0-alpha-9-stable-1.pom (4 KB at 137.7 KB/sec)
[INFO] Downloading: https://repo.maven.apache.org/maven2/org/codehaus/plexus/plexus-containers/1.0.3/plexus-containers-1.0.3.pom
[INFO] Downloaded: https://repo.maven.apache.org/maven2/org/codehaus/plexus/plexus-containers/1.0.3/plexus-containers-1.0.3.pom (492 B at 4.1 KB/sec)
[INFO] Downloading: https://repo.maven.apache.org/maven2/org/codehaus/plexus/plexus/1.0.4/plexus-1.0.4.pom
[INFO] Downloaded: https://repo.maven.apache.org/maven2/org/codehaus/plexus/plexus/1.0.4/plexus-1.0.4.pom (6 KB at 233.4 KB/sec)
[INFO] Downloading: https://repo.maven.apache.org/maven2/junit/junit/3.8.1/junit-3.8.1.pom
[INFO] Downloaded: https://repo.maven.apache.org/maven2/junit/junit/3.8.1/junit-3.8.1.pom (998 B at 46.4 KB/sec)
[INFO] Downloading: https://repo.maven.apache.org/maven2/org/codehaus/plexus/plexus-utils/1.0.4/plexus-utils-1.0.4.pom
[INFO] Downloaded: https://repo.maven.apache.org/maven2/org/codehaus/plexus/plexus-utils/1.0.4/plexus-utils-1.0.4.pom (7 KB at 176.2 KB/sec)
[INFO] Downloading: https://repo.maven.apache.org/maven2/classworlds/classworlds/1.1-alpha-2/classworlds-1.1-alpha-2.pom
[INFO] Downloaded: https://repo.maven.apache.org/maven2/classworlds/classworlds/1.1-alpha-2/classworlds-1.1-alpha-2.pom (4 KB at 122.2 KB/sec)
[INFO] Downloading: https://repo.maven.apache.org/maven2/org/apache/maven/maven-profile/2.0.6/maven-profile-2.0.6.pom
[INFO] Downloaded: https://repo.maven.apache.org/maven2/org/apache/maven/maven-profile/2.0.6/maven-profile-2.0.6.pom (2 KB at 80.6 KB/sec)
[INFO] Downloading: https://repo.maven.apache.org/maven2/org/apache/maven/maven-artifact-manager/2.0.6/maven-artifact-manager-2.0.6.pom
[INFO] Downloaded: https://repo.maven.apache.org/maven2/org/apache/maven/maven-artifact-manager/2.0.6/maven-artifact-manager-2.0.6.pom (3 KB at 102.4 KB/sec)
[INFO] Downloading: https://repo.maven.apache.org/maven2/org/apache/maven/maven-repository-metadata/2.0.6/maven-repository-metadata-2.0.6.pom
[INFO] Downloaded: https://repo.maven.apache.org/maven2/org/apache/maven/maven-repository-metadata/2.0.6/maven-repository-metadata-2.0.6.pom (2 KB at 75.3 KB/sec)
[INFO] Downloading: https://repo.maven.apache.org/maven2/org/apache/maven/maven-artifact/2.0.6/maven-artifact-2.0.6.pom
[INFO] Downloaded: https://repo.maven.apache.org/maven2/org/apache/maven/maven-artifact/2.0.6/maven-artifact-2.0.6.pom (2 KB at 21.4 KB/sec)
[INFO] Downloading: https://repo.maven.apache.org/maven2/org/apache/maven/maven-plugin-registry/2.0.6/maven-plugin-registry-2.0.6.pom
[INFO] Downloaded: https://repo.maven.apache.org/maven2/org/apache/maven/maven-plugin-registry/2.0.6/maven-plugin-registry-2.0.6.pom (2 KB at 95.0 KB/sec)
[INFO] Downloading: https://repo.maven.apache.org/maven2/org/codehaus/plexus/plexus-utils/3.0.5/plexus-utils-3.0.5.pom
[INFO] Downloaded: https://repo.maven.apache.org/maven2/org/codehaus/plexus/plexus-utils/3.0.5/plexus-utils-3.0.5.pom (3 KB at 51.1 KB/sec)
[INFO] Downloading: https://repo.maven.apache.org/maven2/org/codehaus/plexus/plexus/3.1/plexus-3.1.pom
[INFO] Downloaded: https://repo.maven.apache.org/maven2/org/codehaus/plexus/plexus/3.1/plexus-3.1.pom (19 KB at 606.0 KB/sec)
[INFO] Downloading: https://repo.maven.apache.org/maven2/org/sonatype/spice/spice-parent/17/spice-parent-17.pom
[INFO] Downloaded: https://repo.maven.apache.org/maven2/org/sonatype/spice/spice-parent/17/spice-parent-17.pom (7 KB at 227.6 KB/sec)
[INFO] Downloading: https://repo.maven.apache.org/maven2/org/sonatype/forge/forge-parent/10/forge-parent-10.pom
[INFO] Downloaded: https://repo.maven.apache.org/maven2/org/sonatype/forge/forge-parent/10/forge-parent-10.pom (14 KB at 367.8 KB/sec)
[INFO] Downloading: https://repo.maven.apache.org/maven2/org/codehaus/plexus/plexus-digest/1.0/plexus-digest-1.0.pom
[INFO] Downloaded: https://repo.maven.apache.org/maven2/org/codehaus/plexus/plexus-digest/1.0/plexus-digest-1.0.pom (2 KB at 38.3 KB/sec)
[INFO] Downloading: https://repo.maven.apache.org/maven2/org/codehaus/plexus/plexus-components/1.1.7/plexus-components-1.1.7.pom
[INFO] Downloaded: https://repo.maven.apache.org/maven2/org/codehaus/plexus/plexus-components/1.1.7/plexus-components-1.1.7.pom (5 KB at 138.8 KB/sec)
[INFO] Downloading: https://repo.maven.apache.org/maven2/org/codehaus/plexus/plexus/1.0.8/plexus-1.0.8.pom
[INFO] Downloaded: https://repo.maven.apache.org/maven2/org/codehaus/plexus/plexus/1.0.8/plexus-1.0.8.pom (8 KB at 252.2 KB/sec)
[INFO] Downloading: https://repo.maven.apache.org/maven2/org/codehaus/plexus/plexus-container-default/1.0-alpha-8/plexus-container-default-1.0-alpha-8.pom
[INFO] Downloaded: https://repo.maven.apache.org/maven2/org/codehaus/plexus/plexus-container-default/1.0-alpha-8/plexus-container-default-1.0-alpha-8.pom (8 KB at 262.7 KB/sec)
[INFO] Downloading: https://repo.maven.apache.org/maven2/junit/junit/3.8.1/junit-3.8.1.jar
[INFO] Downloading: https://repo.maven.apache.org/maven2/org/codehaus/plexus/plexus-utils/3.0.5/plexus-utils-3.0.5.jar
[INFO] Downloading: https://repo.maven.apache.org/maven2/org/codehaus/plexus/plexus-digest/1.0/plexus-digest-1.0.jar
[INFO] Downloaded: https://repo.maven.apache.org/maven2/org/codehaus/plexus/plexus-digest/1.0/plexus-digest-1.0.jar (12 KB at 76.2 KB/sec)
[INFO] Downloaded: https://repo.maven.apache.org/maven2/junit/junit/3.8.1/junit-3.8.1.jar (119 KB at 757.9 KB/sec)
[INFO] Downloaded: https://repo.maven.apache.org/maven2/org/codehaus/plexus/plexus-utils/3.0.5/plexus-utils-3.0.5.jar (226 KB at 882.5 KB/sec)
[INFO] Installing /home/travis/build/Azure/azure-sdk-for-java/runtimes/pom.xml to /home/travis/.m2/repository/com/microsoft/azure/autorest-clientruntime-for-java/1.0.0-SNAPSHOT/autorest-clientruntime-for-java-1.0.0-SNAPSHOT.pom
[INFO]                                                                         
[INFO] ------------------------------------------------------------------------
[INFO] Building Build tools for AutoRest client runtime for Java 1.0.0-SNAPSHOT
[INFO] ------------------------------------------------------------------------
[INFO] Downloading: https://repo.maven.apache.org/maven2/org/apache/maven/plugins/maven-resources-plugin/2.4.3/maven-resources-plugin-2.4.3.pom
[INFO] Downloaded: https://repo.maven.apache.org/maven2/org/apache/maven/plugins/maven-resources-plugin/2.4.3/maven-resources-plugin-2.4.3.pom (6 KB at 157.1 KB/sec)
[INFO] Downloading: https://repo.maven.apache.org/maven2/org/apache/maven/plugins/maven-plugins/18/maven-plugins-18.pom
[INFO] Downloaded: https://repo.maven.apache.org/maven2/org/apache/maven/plugins/maven-plugins/18/maven-plugins-18.pom (13 KB at 14.0 KB/sec)
[INFO] Downloading: https://repo.maven.apache.org/maven2/org/apache/maven/maven-parent/16/maven-parent-16.pom
[INFO] Downloaded: https://repo.maven.apache.org/maven2/org/apache/maven/maven-parent/16/maven-parent-16.pom (23 KB at 516.5 KB/sec)
[INFO] Downloading: https://repo.maven.apache.org/maven2/org/apache/apache/7/apache-7.pom
[INFO] Downloaded: https://repo.maven.apache.org/maven2/org/apache/apache/7/apache-7.pom (15 KB at 454.6 KB/sec)
[INFO] Downloading: https://repo.maven.apache.org/maven2/org/apache/maven/plugins/maven-resources-plugin/2.4.3/maven-resources-plugin-2.4.3.jar
[INFO] Downloaded: https://repo.maven.apache.org/maven2/org/apache/maven/plugins/maven-resources-plugin/2.4.3/maven-resources-plugin-2.4.3.jar (24 KB at 851.9 KB/sec)
[INFO] Downloading: https://repo.maven.apache.org/maven2/org/apache/maven/plugins/maven-compiler-plugin/3.1/maven-compiler-plugin-3.1.pom
[INFO] Downloaded: https://repo.maven.apache.org/maven2/org/apache/maven/plugins/maven-compiler-plugin/3.1/maven-compiler-plugin-3.1.pom (10 KB at 433.5 KB/sec)
[INFO] Downloading: https://repo.maven.apache.org/maven2/org/apache/maven/plugins/maven-plugins/24/maven-plugins-24.pom
[INFO] Downloaded: https://repo.maven.apache.org/maven2/org/apache/maven/plugins/maven-plugins/24/maven-plugins-24.pom (11 KB at 405.9 KB/sec)
[INFO] Downloading: https://repo.maven.apache.org/maven2/org/apache/maven/maven-parent/23/maven-parent-23.pom
[INFO] Downloaded: https://repo.maven.apache.org/maven2/org/apache/maven/maven-parent/23/maven-parent-23.pom (32 KB at 964.3 KB/sec)
[INFO] Downloading: https://repo.maven.apache.org/maven2/org/apache/apache/13/apache-13.pom
[INFO] Downloaded: https://repo.maven.apache.org/maven2/org/apache/apache/13/apache-13.pom (14 KB at 505.4 KB/sec)
[INFO] Downloading: https://repo.maven.apache.org/maven2/org/apache/maven/plugins/maven-compiler-plugin/3.1/maven-compiler-plugin-3.1.jar
[INFO] Downloaded: https://repo.maven.apache.org/maven2/org/apache/maven/plugins/maven-compiler-plugin/3.1/maven-compiler-plugin-3.1.jar (42 KB at 1233.6 KB/sec)
[INFO] Downloading: https://repo.maven.apache.org/maven2/org/apache/maven/plugins/maven-surefire-plugin/2.18.1/maven-surefire-plugin-2.18.1.pom
[INFO] Downloaded: https://repo.maven.apache.org/maven2/org/apache/maven/plugins/maven-surefire-plugin/2.18.1/maven-surefire-plugin-2.18.1.pom (6 KB at 251.2 KB/sec)
[INFO] Downloading: https://repo.maven.apache.org/maven2/org/apache/maven/surefire/surefire/2.18.1/surefire-2.18.1.pom
[INFO] Downloaded: https://repo.maven.apache.org/maven2/org/apache/maven/surefire/surefire/2.18.1/surefire-2.18.1.pom (17 KB at 420.2 KB/sec)
[INFO] Downloading: https://repo.maven.apache.org/maven2/org/apache/maven/maven-parent/26/maven-parent-26.pom
[INFO] Downloaded: https://repo.maven.apache.org/maven2/org/apache/maven/maven-parent/26/maven-parent-26.pom (39 KB at 1142.7 KB/sec)
[INFO] Downloading: https://repo.maven.apache.org/maven2/org/apache/apache/16/apache-16.pom
[INFO] Downloaded: https://repo.maven.apache.org/maven2/org/apache/apache/16/apache-16.pom (16 KB at 501.2 KB/sec)
[INFO] Downloading: https://repo.maven.apache.org/maven2/org/apache/maven/plugins/maven-surefire-plugin/2.18.1/maven-surefire-plugin-2.18.1.jar
[INFO] Downloaded: https://repo.maven.apache.org/maven2/org/apache/maven/plugins/maven-surefire-plugin/2.18.1/maven-surefire-plugin-2.18.1.jar (37 KB at 1166.0 KB/sec)
[INFO] Downloading: https://repo.maven.apache.org/maven2/org/apache/maven/plugins/maven-jar-plugin/2.4/maven-jar-plugin-2.4.pom
[INFO] Downloaded: https://repo.maven.apache.org/maven2/org/apache/maven/plugins/maven-jar-plugin/2.4/maven-jar-plugin-2.4.pom (6 KB at 247.7 KB/sec)
[INFO] Downloading: https://repo.maven.apache.org/maven2/org/apache/maven/plugins/maven-plugins/22/maven-plugins-22.pom
[INFO] Downloaded: https://repo.maven.apache.org/maven2/org/apache/maven/plugins/maven-plugins/22/maven-plugins-22.pom (13 KB at 454.8 KB/sec)
[INFO] Downloading: https://repo.maven.apache.org/maven2/org/apache/maven/maven-parent/21/maven-parent-21.pom
[INFO] Downloaded: https://repo.maven.apache.org/maven2/org/apache/maven/maven-parent/21/maven-parent-21.pom (26 KB at 887.6 KB/sec)
[INFO] Downloading: https://repo.maven.apache.org/maven2/org/apache/apache/10/apache-10.pom
[INFO] Downloaded: https://repo.maven.apache.org/maven2/org/apache/apache/10/apache-10.pom (15 KB at 578.1 KB/sec)
[INFO] Downloading: https://repo.maven.apache.org/maven2/org/apache/maven/plugins/maven-jar-plugin/2.4/maven-jar-plugin-2.4.jar
[INFO] Downloaded: https://repo.maven.apache.org/maven2/org/apache/maven/plugins/maven-jar-plugin/2.4/maven-jar-plugin-2.4.jar (34 KB at 1107.5 KB/sec)
[INFO] 
[INFO] --- maven-resources-plugin:2.4.3:resources (default-resources) @ autorest-build-tools ---
[INFO] Downloading: https://repo.maven.apache.org/maven2/org/apache/maven/maven-core/2.0.6/maven-core-2.0.6.pom
[INFO] Downloaded: https://repo.maven.apache.org/maven2/org/apache/maven/maven-core/2.0.6/maven-core-2.0.6.pom (7 KB at 121.4 KB/sec)
[INFO] Downloading: https://repo.maven.apache.org/maven2/org/apache/maven/maven-plugin-parameter-documenter/2.0.6/maven-plugin-parameter-documenter-2.0.6.pom
[INFO] Downloaded: https://repo.maven.apache.org/maven2/org/apache/maven/maven-plugin-parameter-documenter/2.0.6/maven-plugin-parameter-documenter-2.0.6.pom (2 KB at 77.8 KB/sec)
[INFO] Downloading: https://repo.maven.apache.org/maven2/org/apache/maven/reporting/maven-reporting-api/2.0.6/maven-reporting-api-2.0.6.pom
[INFO] Downloaded: https://repo.maven.apache.org/maven2/org/apache/maven/reporting/maven-reporting-api/2.0.6/maven-reporting-api-2.0.6.pom (2 KB at 81.5 KB/sec)
[INFO] Downloading: https://repo.maven.apache.org/maven2/org/apache/maven/reporting/maven-reporting/2.0.6/maven-reporting-2.0.6.pom
[INFO] Downloaded: https://repo.maven.apache.org/maven2/org/apache/maven/reporting/maven-reporting/2.0.6/maven-reporting-2.0.6.pom (2 KB at 61.1 KB/sec)
[INFO] Downloading: https://repo.maven.apache.org/maven2/org/apache/maven/doxia/doxia-sink-api/1.0-alpha-7/doxia-sink-api-1.0-alpha-7.pom
[INFO] Downloaded: https://repo.maven.apache.org/maven2/org/apache/maven/doxia/doxia-sink-api/1.0-alpha-7/doxia-sink-api-1.0-alpha-7.pom (424 B at 20.7 KB/sec)
[INFO] Downloading: https://repo.maven.apache.org/maven2/org/apache/maven/doxia/doxia/1.0-alpha-7/doxia-1.0-alpha-7.pom
[INFO] Downloaded: https://repo.maven.apache.org/maven2/org/apache/maven/doxia/doxia/1.0-alpha-7/doxia-1.0-alpha-7.pom (4 KB at 147.0 KB/sec)
[INFO] Downloading: https://repo.maven.apache.org/maven2/org/apache/maven/maven-error-diagnostics/2.0.6/maven-error-diagnostics-2.0.6.pom
[INFO] Downloaded: https://repo.maven.apache.org/maven2/org/apache/maven/maven-error-diagnostics/2.0.6/maven-error-diagnostics-2.0.6.pom (2 KB at 79.2 KB/sec)
[INFO] Downloading: https://repo.maven.apache.org/maven2/commons-cli/commons-cli/1.0/commons-cli-1.0.pom
[INFO] Downloaded: https://repo.maven.apache.org/maven2/commons-cli/commons-cli/1.0/commons-cli-1.0.pom (3 KB at 73.4 KB/sec)
[INFO] Downloading: https://repo.maven.apache.org/maven2/org/apache/maven/maven-plugin-descriptor/2.0.6/maven-plugin-descriptor-2.0.6.pom
[INFO] Downloaded: https://repo.maven.apache.org/maven2/org/apache/maven/maven-plugin-descriptor/2.0.6/maven-plugin-descriptor-2.0.6.pom (2 KB at 98.5 KB/sec)
[INFO] Downloading: https://repo.maven.apache.org/maven2/org/codehaus/plexus/plexus-interactivity-api/1.0-alpha-4/plexus-interactivity-api-1.0-alpha-4.pom
[INFO] Downloaded: https://repo.maven.apache.org/maven2/org/codehaus/plexus/plexus-interactivity-api/1.0-alpha-4/plexus-interactivity-api-1.0-alpha-4.pom (7 KB at 288.5 KB/sec)
[INFO] Downloading: https://repo.maven.apache.org/maven2/org/apache/maven/maven-monitor/2.0.6/maven-monitor-2.0.6.pom
[INFO] Downloaded: https://repo.maven.apache.org/maven2/org/apache/maven/maven-monitor/2.0.6/maven-monitor-2.0.6.pom (2 KB at 45.4 KB/sec)
[INFO] Downloading: https://repo.maven.apache.org/maven2/classworlds/classworlds/1.1/classworlds-1.1.pom
[INFO] Downloaded: https://repo.maven.apache.org/maven2/classworlds/classworlds/1.1/classworlds-1.1.pom (4 KB at 147.5 KB/sec)
[INFO] Downloading: https://repo.maven.apache.org/maven2/org/codehaus/plexus/plexus-utils/2.0.5/plexus-utils-2.0.5.pom
[INFO] Downloaded: https://repo.maven.apache.org/maven2/org/codehaus/plexus/plexus-utils/2.0.5/plexus-utils-2.0.5.pom (4 KB at 148.0 KB/sec)
[INFO] Downloading: https://repo.maven.apache.org/maven2/org/codehaus/plexus/plexus/2.0.6/plexus-2.0.6.pom
[INFO] Downloaded: https://repo.maven.apache.org/maven2/org/codehaus/plexus/plexus/2.0.6/plexus-2.0.6.pom (17 KB at 584.6 KB/sec)
[INFO] Downloading: https://repo.maven.apache.org/maven2/org/apache/maven/shared/maven-filtering/1.0-beta-4/maven-filtering-1.0-beta-4.pom
[INFO] Downloaded: https://repo.maven.apache.org/maven2/org/apache/maven/shared/maven-filtering/1.0-beta-4/maven-filtering-1.0-beta-4.pom (5 KB at 189.3 KB/sec)
[INFO] Downloading: https://repo.maven.apache.org/maven2/org/apache/maven/shared/maven-shared-components/15/maven-shared-components-15.pom
[INFO] Downloaded: https://repo.maven.apache.org/maven2/org/apache/maven/shared/maven-shared-components/15/maven-shared-components-15.pom (10 KB at 364.7 KB/sec)
[INFO] Downloading: https://repo.maven.apache.org/maven2/org/codehaus/plexus/plexus-utils/1.5.15/plexus-utils-1.5.15.pom
[INFO] Downloaded: https://repo.maven.apache.org/maven2/org/codehaus/plexus/plexus-utils/1.5.15/plexus-utils-1.5.15.pom (7 KB at 257.2 KB/sec)
[INFO] Downloading: https://repo.maven.apache.org/maven2/org/codehaus/plexus/plexus/2.0.2/plexus-2.0.2.pom
[INFO] Downloaded: https://repo.maven.apache.org/maven2/org/codehaus/plexus/plexus/2.0.2/plexus-2.0.2.pom (12 KB at 436.1 KB/sec)
[INFO] Downloading: https://repo.maven.apache.org/maven2/org/codehaus/plexus/plexus-interpolation/1.12/plexus-interpolation-1.12.pom
[INFO] Downloaded: https://repo.maven.apache.org/maven2/org/codehaus/plexus/plexus-interpolation/1.12/plexus-interpolation-1.12.pom (889 B at 39.5 KB/sec)
[INFO] Downloading: https://repo.maven.apache.org/maven2/org/codehaus/plexus/plexus-components/1.1.14/plexus-components-1.1.14.pom
[INFO] Downloaded: https://repo.maven.apache.org/maven2/org/codehaus/plexus/plexus-components/1.1.14/plexus-components-1.1.14.pom (6 KB at 219.4 KB/sec)
[INFO] Downloading: https://repo.maven.apache.org/maven2/org/sonatype/plexus/plexus-build-api/0.0.4/plexus-build-api-0.0.4.pom
[INFO] Downloaded: https://repo.maven.apache.org/maven2/org/sonatype/plexus/plexus-build-api/0.0.4/plexus-build-api-0.0.4.pom (3 KB at 121.6 KB/sec)
[INFO] Downloading: https://repo.maven.apache.org/maven2/org/sonatype/spice/spice-parent/10/spice-parent-10.pom
[INFO] Downloaded: https://repo.maven.apache.org/maven2/org/sonatype/spice/spice-parent/10/spice-parent-10.pom (3 KB at 128.0 KB/sec)
[INFO] Downloading: https://repo.maven.apache.org/maven2/org/sonatype/forge/forge-parent/3/forge-parent-3.pom
[INFO] Downloaded: https://repo.maven.apache.org/maven2/org/sonatype/forge/forge-parent/3/forge-parent-3.pom (5 KB at 213.7 KB/sec)
[INFO] Downloading: https://repo.maven.apache.org/maven2/org/codehaus/plexus/plexus-utils/1.5.8/plexus-utils-1.5.8.pom
[INFO] Downloaded: https://repo.maven.apache.org/maven2/org/codehaus/plexus/plexus-utils/1.5.8/plexus-utils-1.5.8.pom (8 KB at 328.1 KB/sec)
[INFO] Downloading: https://repo.maven.apache.org/maven2/org/codehaus/plexus/plexus-interpolation/1.13/plexus-interpolation-1.13.pom
[INFO] Downloaded: https://repo.maven.apache.org/maven2/org/codehaus/plexus/plexus-interpolation/1.13/plexus-interpolation-1.13.pom (890 B at 41.4 KB/sec)
[INFO] Downloading: https://repo.maven.apache.org/maven2/org/codehaus/plexus/plexus-components/1.1.15/plexus-components-1.1.15.pom
[INFO] Downloaded: https://repo.maven.apache.org/maven2/org/codehaus/plexus/plexus-components/1.1.15/plexus-components-1.1.15.pom (3 KB at 126.4 KB/sec)
[INFO] Downloading: https://repo.maven.apache.org/maven2/org/codehaus/plexus/plexus/2.0.3/plexus-2.0.3.pom
[INFO] Downloaded: https://repo.maven.apache.org/maven2/org/codehaus/plexus/plexus/2.0.3/plexus-2.0.3.pom (16 KB at 580.7 KB/sec)
[INFO] Downloading: https://repo.maven.apache.org/maven2/org/apache/maven/reporting/maven-reporting-api/2.0.6/maven-reporting-api-2.0.6.jar
[INFO] Downloading: https://repo.maven.apache.org/maven2/org/apache/maven/doxia/doxia-sink-api/1.0-alpha-7/doxia-sink-api-1.0-alpha-7.jar
[INFO] Downloading: https://repo.maven.apache.org/maven2/commons-cli/commons-cli/1.0/commons-cli-1.0.jar
[INFO] Downloading: https://repo.maven.apache.org/maven2/org/codehaus/plexus/plexus-interactivity-api/1.0-alpha-4/plexus-interactivity-api-1.0-alpha-4.jar
[INFO] Downloading: https://repo.maven.apache.org/maven2/org/codehaus/plexus/plexus-utils/2.0.5/plexus-utils-2.0.5.jar
[INFO] Downloaded: https://repo.maven.apache.org/maven2/org/apache/maven/doxia/doxia-sink-api/1.0-alpha-7/doxia-sink-api-1.0-alpha-7.jar (6 KB at 123.3 KB/sec)
[INFO] Downloading: https://repo.maven.apache.org/maven2/org/apache/maven/shared/maven-filtering/1.0-beta-4/maven-filtering-1.0-beta-4.jar
[INFO] Downloaded: https://repo.maven.apache.org/maven2/org/apache/maven/reporting/maven-reporting-api/2.0.6/maven-reporting-api-2.0.6.jar (10 KB at 198.1 KB/sec)
[INFO] Downloading: https://repo.maven.apache.org/maven2/org/sonatype/plexus/plexus-build-api/0.0.4/plexus-build-api-0.0.4.jar
[INFO] Downloaded: https://repo.maven.apache.org/maven2/org/codehaus/plexus/plexus-interactivity-api/1.0-alpha-4/plexus-interactivity-api-1.0-alpha-4.jar (14 KB at 192.5 KB/sec)
[INFO] Downloading: https://repo.maven.apache.org/maven2/org/codehaus/plexus/plexus-interpolation/1.13/plexus-interpolation-1.13.jar
[INFO] Downloaded: https://repo.maven.apache.org/maven2/org/sonatype/plexus/plexus-build-api/0.0.4/plexus-build-api-0.0.4.jar (7 KB at 87.5 KB/sec)
[INFO] Downloaded: https://repo.maven.apache.org/maven2/org/apache/maven/shared/maven-filtering/1.0-beta-4/maven-filtering-1.0-beta-4.jar (34 KB at 191.5 KB/sec)
[INFO] Downloaded: https://repo.maven.apache.org/maven2/commons-cli/commons-cli/1.0/commons-cli-1.0.jar (30 KB at 120.0 KB/sec)
[INFO] Downloaded: https://repo.maven.apache.org/maven2/org/codehaus/plexus/plexus-interpolation/1.13/plexus-interpolation-1.13.jar (60 KB at 245.4 KB/sec)
[INFO] Downloaded: https://repo.maven.apache.org/maven2/org/codehaus/plexus/plexus-utils/2.0.5/plexus-utils-2.0.5.jar (218 KB at 743.8 KB/sec)
[INFO] Using 'UTF-8' encoding to copy filtered resources.
[INFO] Copying 2 resources
[INFO] 
[INFO] --- maven-compiler-plugin:3.1:compile (default-compile) @ autorest-build-tools ---
[INFO] Downloading: https://repo.maven.apache.org/maven2/org/apache/maven/maven-plugin-api/2.0.9/maven-plugin-api-2.0.9.pom
[INFO] Downloaded: https://repo.maven.apache.org/maven2/org/apache/maven/maven-plugin-api/2.0.9/maven-plugin-api-2.0.9.pom (2 KB at 31.7 KB/sec)
[INFO] Downloading: https://repo.maven.apache.org/maven2/org/apache/maven/maven/2.0.9/maven-2.0.9.pom
[INFO] Downloaded: https://repo.maven.apache.org/maven2/org/apache/maven/maven/2.0.9/maven-2.0.9.pom (19 KB at 636.7 KB/sec)
[INFO] Downloading: https://repo.maven.apache.org/maven2/org/apache/maven/maven-parent/8/maven-parent-8.pom
[INFO] Downloaded: https://repo.maven.apache.org/maven2/org/apache/maven/maven-parent/8/maven-parent-8.pom (24 KB at 760.2 KB/sec)
[INFO] Downloading: https://repo.maven.apache.org/maven2/org/apache/apache/4/apache-4.pom
[INFO] Downloaded: https://repo.maven.apache.org/maven2/org/apache/apache/4/apache-4.pom (5 KB at 190.9 KB/sec)
[INFO] Downloading: https://repo.maven.apache.org/maven2/org/apache/maven/maven-artifact/2.0.9/maven-artifact-2.0.9.pom
[INFO] Downloaded: https://repo.maven.apache.org/maven2/org/apache/maven/maven-artifact/2.0.9/maven-artifact-2.0.9.pom (2 KB at 65.9 KB/sec)
[INFO] Downloading: https://repo.maven.apache.org/maven2/org/codehaus/plexus/plexus-utils/1.5.1/plexus-utils-1.5.1.pom
[INFO] Downloaded: https://repo.maven.apache.org/maven2/org/codehaus/plexus/plexus-utils/1.5.1/plexus-utils-1.5.1.pom (3 KB at 70.1 KB/sec)
[INFO] Downloading: https://repo.maven.apache.org/maven2/org/apache/maven/maven-core/2.0.9/maven-core-2.0.9.pom
[INFO] Downloaded: https://repo.maven.apache.org/maven2/org/apache/maven/maven-core/2.0.9/maven-core-2.0.9.pom (8 KB at 281.6 KB/sec)
[INFO] Downloading: https://repo.maven.apache.org/maven2/org/apache/maven/maven-settings/2.0.9/maven-settings-2.0.9.pom
[INFO] Downloaded: https://repo.maven.apache.org/maven2/org/apache/maven/maven-settings/2.0.9/maven-settings-2.0.9.pom (3 KB at 91.4 KB/sec)
[INFO] Downloading: https://repo.maven.apache.org/maven2/org/apache/maven/maven-model/2.0.9/maven-model-2.0.9.pom
[INFO] Downloaded: https://repo.maven.apache.org/maven2/org/apache/maven/maven-model/2.0.9/maven-model-2.0.9.pom (4 KB at 133.3 KB/sec)
[INFO] Downloading: https://repo.maven.apache.org/maven2/org/apache/maven/maven-plugin-parameter-documenter/2.0.9/maven-plugin-parameter-documenter-2.0.9.pom
[INFO] Downloaded: https://repo.maven.apache.org/maven2/org/apache/maven/maven-plugin-parameter-documenter/2.0.9/maven-plugin-parameter-documenter-2.0.9.pom (2 KB at 83.4 KB/sec)
[INFO] Downloading: https://repo.maven.apache.org/maven2/org/apache/maven/maven-profile/2.0.9/maven-profile-2.0.9.pom
[INFO] Downloaded: https://repo.maven.apache.org/maven2/org/apache/maven/maven-profile/2.0.9/maven-profile-2.0.9.pom (3 KB at 87.0 KB/sec)
[INFO] Downloading: https://repo.maven.apache.org/maven2/org/apache/maven/maven-repository-metadata/2.0.9/maven-repository-metadata-2.0.9.pom
[INFO] Downloaded: https://repo.maven.apache.org/maven2/org/apache/maven/maven-repository-metadata/2.0.9/maven-repository-metadata-2.0.9.pom (2 KB at 74.3 KB/sec)
[INFO] Downloading: https://repo.maven.apache.org/maven2/org/apache/maven/maven-error-diagnostics/2.0.9/maven-error-diagnostics-2.0.9.pom
[INFO] Downloaded: https://repo.maven.apache.org/maven2/org/apache/maven/maven-error-diagnostics/2.0.9/maven-error-diagnostics-2.0.9.pom (2 KB at 58.7 KB/sec)
[INFO] Downloading: https://repo.maven.apache.org/maven2/org/apache/maven/maven-project/2.0.9/maven-project-2.0.9.pom
[INFO] Downloaded: https://repo.maven.apache.org/maven2/org/apache/maven/maven-project/2.0.9/maven-project-2.0.9.pom (3 KB at 9.5 KB/sec)
[INFO] Downloading: https://repo.maven.apache.org/maven2/org/apache/maven/maven-artifact-manager/2.0.9/maven-artifact-manager-2.0.9.pom
[INFO] Downloaded: https://repo.maven.apache.org/maven2/org/apache/maven/maven-artifact-manager/2.0.9/maven-artifact-manager-2.0.9.pom (3 KB at 119.9 KB/sec)
[INFO] Downloading: https://repo.maven.apache.org/maven2/org/apache/maven/maven-plugin-registry/2.0.9/maven-plugin-registry-2.0.9.pom
[INFO] Downloaded: https://repo.maven.apache.org/maven2/org/apache/maven/maven-plugin-registry/2.0.9/maven-plugin-registry-2.0.9.pom (2 KB at 87.5 KB/sec)
[INFO] Downloading: https://repo.maven.apache.org/maven2/org/apache/maven/maven-plugin-descriptor/2.0.9/maven-plugin-descriptor-2.0.9.pom
[INFO] Downloaded: https://repo.maven.apache.org/maven2/org/apache/maven/maven-plugin-descriptor/2.0.9/maven-plugin-descriptor-2.0.9.pom (3 KB at 88.1 KB/sec)
[INFO] Downloading: https://repo.maven.apache.org/maven2/org/apache/maven/maven-monitor/2.0.9/maven-monitor-2.0.9.pom
[INFO] Downloaded: https://repo.maven.apache.org/maven2/org/apache/maven/maven-monitor/2.0.9/maven-monitor-2.0.9.pom (2 KB at 59.8 KB/sec)
[INFO] Downloading: https://repo.maven.apache.org/maven2/org/apache/maven/maven-toolchain/1.0/maven-toolchain-1.0.pom
[INFO] Downloaded: https://repo.maven.apache.org/maven2/org/apache/maven/maven-toolchain/1.0/maven-toolchain-1.0.pom (4 KB at 128.2 KB/sec)
[INFO] Downloading: https://repo.maven.apache.org/maven2/org/apache/maven/shared/maven-shared-utils/0.1/maven-shared-utils-0.1.pom
[INFO] Downloaded: https://repo.maven.apache.org/maven2/org/apache/maven/shared/maven-shared-utils/0.1/maven-shared-utils-0.1.pom (4 KB at 36.6 KB/sec)
[INFO] Downloading: https://repo.maven.apache.org/maven2/org/apache/maven/shared/maven-shared-components/18/maven-shared-components-18.pom
[INFO] Downloaded: https://repo.maven.apache.org/maven2/org/apache/maven/shared/maven-shared-components/18/maven-shared-components-18.pom (5 KB at 192.7 KB/sec)
[INFO] Downloading: https://repo.maven.apache.org/maven2/com/google/code/findbugs/jsr305/2.0.1/jsr305-2.0.1.pom
[INFO] Downloaded: https://repo.maven.apache.org/maven2/com/google/code/findbugs/jsr305/2.0.1/jsr305-2.0.1.pom (965 B at 41.0 KB/sec)
[INFO] Downloading: https://repo.maven.apache.org/maven2/org/apache/maven/shared/maven-shared-incremental/1.1/maven-shared-incremental-1.1.pom
[INFO] Downloaded: https://repo.maven.apache.org/maven2/org/apache/maven/shared/maven-shared-incremental/1.1/maven-shared-incremental-1.1.pom (5 KB at 201.3 KB/sec)
[INFO] Downloading: https://repo.maven.apache.org/maven2/org/apache/maven/shared/maven-shared-components/19/maven-shared-components-19.pom
[INFO] Downloaded: https://repo.maven.apache.org/maven2/org/apache/maven/shared/maven-shared-components/19/maven-shared-components-19.pom (7 KB at 258.7 KB/sec)
[INFO] Downloading: https://repo.maven.apache.org/maven2/org/apache/maven/maven-plugin-api/2.2.1/maven-plugin-api-2.2.1.pom
[INFO] Downloaded: https://repo.maven.apache.org/maven2/org/apache/maven/maven-plugin-api/2.2.1/maven-plugin-api-2.2.1.pom (2 KB at 54.8 KB/sec)
[INFO] Downloading: https://repo.maven.apache.org/maven2/org/apache/maven/maven/2.2.1/maven-2.2.1.pom
[INFO] Downloaded: https://repo.maven.apache.org/maven2/org/apache/maven/maven/2.2.1/maven-2.2.1.pom (22 KB at 663.1 KB/sec)
[INFO] Downloading: https://repo.maven.apache.org/maven2/org/apache/maven/maven-parent/11/maven-parent-11.pom
[INFO] Downloaded: https://repo.maven.apache.org/maven2/org/apache/maven/maven-parent/11/maven-parent-11.pom (32 KB at 989.0 KB/sec)
[INFO] Downloading: https://repo.maven.apache.org/maven2/org/apache/apache/5/apache-5.pom
[INFO] Downloaded: https://repo.maven.apache.org/maven2/org/apache/apache/5/apache-5.pom (5 KB at 133.4 KB/sec)
[INFO] Downloading: https://repo.maven.apache.org/maven2/org/apache/maven/maven-core/2.2.1/maven-core-2.2.1.pom
[INFO] Downloaded: https://repo.maven.apache.org/maven2/org/apache/maven/maven-core/2.2.1/maven-core-2.2.1.pom (12 KB at 378.7 KB/sec)
[INFO] Downloading: https://repo.maven.apache.org/maven2/org/apache/maven/maven-settings/2.2.1/maven-settings-2.2.1.pom
[INFO] Downloaded: https://repo.maven.apache.org/maven2/org/apache/maven/maven-settings/2.2.1/maven-settings-2.2.1.pom (3 KB at 73.4 KB/sec)
[INFO] Downloading: https://repo.maven.apache.org/maven2/org/apache/maven/maven-model/2.2.1/maven-model-2.2.1.pom
[INFO] Downloaded: https://repo.maven.apache.org/maven2/org/apache/maven/maven-model/2.2.1/maven-model-2.2.1.pom (4 KB at 126.6 KB/sec)
[INFO] Downloading: https://repo.maven.apache.org/maven2/org/codehaus/plexus/plexus-interpolation/1.11/plexus-interpolation-1.11.pom
[INFO] Downloaded: https://repo.maven.apache.org/maven2/org/codehaus/plexus/plexus-interpolation/1.11/plexus-interpolation-1.11.pom (889 B at 41.3 KB/sec)
[INFO] Downloading: https://repo.maven.apache.org/maven2/org/apache/maven/maven-plugin-parameter-documenter/2.2.1/maven-plugin-parameter-documenter-2.2.1.pom
[INFO] Downloaded: https://repo.maven.apache.org/maven2/org/apache/maven/maven-plugin-parameter-documenter/2.2.1/maven-plugin-parameter-documenter-2.2.1.pom (2 KB at 76.4 KB/sec)
[INFO] Downloading: https://repo.maven.apache.org/maven2/org/slf4j/slf4j-jdk14/1.5.6/slf4j-jdk14-1.5.6.pom
[INFO] Downloaded: https://repo.maven.apache.org/maven2/org/slf4j/slf4j-jdk14/1.5.6/slf4j-jdk14-1.5.6.pom (2 KB at 77.2 KB/sec)
[INFO] Downloading: https://repo.maven.apache.org/maven2/org/slf4j/slf4j-parent/1.5.6/slf4j-parent-1.5.6.pom
[INFO] Downloaded: https://repo.maven.apache.org/maven2/org/slf4j/slf4j-parent/1.5.6/slf4j-parent-1.5.6.pom (8 KB at 286.5 KB/sec)
[INFO] Downloading: https://repo.maven.apache.org/maven2/org/slf4j/slf4j-api/1.5.6/slf4j-api-1.5.6.pom
[INFO] Downloaded: https://repo.maven.apache.org/maven2/org/slf4j/slf4j-api/1.5.6/slf4j-api-1.5.6.pom (3 KB at 104.1 KB/sec)
[INFO] Downloading: https://repo.maven.apache.org/maven2/org/slf4j/jcl-over-slf4j/1.5.6/jcl-over-slf4j-1.5.6.pom
[INFO] Downloaded: https://repo.maven.apache.org/maven2/org/slf4j/jcl-over-slf4j/1.5.6/jcl-over-slf4j-1.5.6.pom (3 KB at 62.3 KB/sec)
[INFO] Downloading: https://repo.maven.apache.org/maven2/org/apache/maven/maven-profile/2.2.1/maven-profile-2.2.1.pom
[INFO] Downloaded: https://repo.maven.apache.org/maven2/org/apache/maven/maven-profile/2.2.1/maven-profile-2.2.1.pom (3 KB at 68.4 KB/sec)
[INFO] Downloading: https://repo.maven.apache.org/maven2/org/apache/maven/maven-artifact/2.2.1/maven-artifact-2.2.1.pom
[INFO] Downloaded: https://repo.maven.apache.org/maven2/org/apache/maven/maven-artifact/2.2.1/maven-artifact-2.2.1.pom (2 KB at 59.4 KB/sec)
[INFO] Downloading: https://repo.maven.apache.org/maven2/org/apache/maven/maven-repository-metadata/2.2.1/maven-repository-metadata-2.2.1.pom
[INFO] Downloaded: https://repo.maven.apache.org/maven2/org/apache/maven/maven-repository-metadata/2.2.1/maven-repository-metadata-2.2.1.pom (2 KB at 76.1 KB/sec)
[INFO] Downloading: https://repo.maven.apache.org/maven2/org/apache/maven/maven-error-diagnostics/2.2.1/maven-error-diagnostics-2.2.1.pom
[INFO] Downloaded: https://repo.maven.apache.org/maven2/org/apache/maven/maven-error-diagnostics/2.2.1/maven-error-diagnostics-2.2.1.pom (2 KB at 40.7 KB/sec)
[INFO] Downloading: https://repo.maven.apache.org/maven2/org/apache/maven/maven-project/2.2.1/maven-project-2.2.1.pom
[INFO] Downloaded: https://repo.maven.apache.org/maven2/org/apache/maven/maven-project/2.2.1/maven-project-2.2.1.pom (3 KB at 104.2 KB/sec)
[INFO] Downloading: https://repo.maven.apache.org/maven2/org/apache/maven/maven-artifact-manager/2.2.1/maven-artifact-manager-2.2.1.pom
[INFO] Downloaded: https://repo.maven.apache.org/maven2/org/apache/maven/maven-artifact-manager/2.2.1/maven-artifact-manager-2.2.1.pom (4 KB at 86.6 KB/sec)
[INFO] Downloading: https://repo.maven.apache.org/maven2/backport-util-concurrent/backport-util-concurrent/3.1/backport-util-concurrent-3.1.pom
[INFO] Downloaded: https://repo.maven.apache.org/maven2/backport-util-concurrent/backport-util-concurrent/3.1/backport-util-concurrent-3.1.pom (880 B at 37.4 KB/sec)
[INFO] Downloading: https://repo.maven.apache.org/maven2/org/apache/maven/maven-plugin-registry/2.2.1/maven-plugin-registry-2.2.1.pom
[INFO] Downloaded: https://repo.maven.apache.org/maven2/org/apache/maven/maven-plugin-registry/2.2.1/maven-plugin-registry-2.2.1.pom (2 KB at 78.5 KB/sec)
[INFO] Downloading: https://repo.maven.apache.org/maven2/org/apache/maven/maven-plugin-descriptor/2.2.1/maven-plugin-descriptor-2.2.1.pom
[INFO] Downloaded: https://repo.maven.apache.org/maven2/org/apache/maven/maven-plugin-descriptor/2.2.1/maven-plugin-descriptor-2.2.1.pom (3 KB at 84.0 KB/sec)
[INFO] Downloading: https://repo.maven.apache.org/maven2/org/apache/maven/maven-monitor/2.2.1/maven-monitor-2.2.1.pom
[INFO] Downloaded: https://repo.maven.apache.org/maven2/org/apache/maven/maven-monitor/2.2.1/maven-monitor-2.2.1.pom (2 KB at 51.1 KB/sec)
[INFO] Downloading: https://repo.maven.apache.org/maven2/org/sonatype/plexus/plexus-sec-dispatcher/1.3/plexus-sec-dispatcher-1.3.pom
[INFO] Downloaded: https://repo.maven.apache.org/maven2/org/sonatype/plexus/plexus-sec-dispatcher/1.3/plexus-sec-dispatcher-1.3.pom (3 KB at 111.2 KB/sec)
[INFO] Downloading: https://repo.maven.apache.org/maven2/org/sonatype/spice/spice-parent/12/spice-parent-12.pom
[INFO] Downloaded: https://repo.maven.apache.org/maven2/org/sonatype/spice/spice-parent/12/spice-parent-12.pom (7 KB at 228.9 KB/sec)
[INFO] Downloading: https://repo.maven.apache.org/maven2/org/sonatype/forge/forge-parent/4/forge-parent-4.pom
[INFO] Downloaded: https://repo.maven.apache.org/maven2/org/sonatype/forge/forge-parent/4/forge-parent-4.pom (9 KB at 303.7 KB/sec)
[INFO] Downloading: https://repo.maven.apache.org/maven2/org/codehaus/plexus/plexus-utils/1.5.5/plexus-utils-1.5.5.pom
[INFO] Downloaded: https://repo.maven.apache.org/maven2/org/codehaus/plexus/plexus-utils/1.5.5/plexus-utils-1.5.5.pom (6 KB at 193.3 KB/sec)
[INFO] Downloading: https://repo.maven.apache.org/maven2/org/sonatype/plexus/plexus-cipher/1.4/plexus-cipher-1.4.pom
[INFO] Downloaded: https://repo.maven.apache.org/maven2/org/sonatype/plexus/plexus-cipher/1.4/plexus-cipher-1.4.pom (3 KB at 19.4 KB/sec)
[INFO] Downloading: https://repo.maven.apache.org/maven2/org/codehaus/plexus/plexus-component-annotations/1.5.5/plexus-component-annotations-1.5.5.pom
[INFO] Downloaded: https://repo.maven.apache.org/maven2/org/codehaus/plexus/plexus-component-annotations/1.5.5/plexus-component-annotations-1.5.5.pom (815 B at 24.9 KB/sec)
[INFO] Downloading: https://repo.maven.apache.org/maven2/org/codehaus/plexus/plexus-containers/1.5.5/plexus-containers-1.5.5.pom
[INFO] Downloaded: https://repo.maven.apache.org/maven2/org/codehaus/plexus/plexus-containers/1.5.5/plexus-containers-1.5.5.pom (5 KB at 180.0 KB/sec)
[INFO] Downloading: https://repo.maven.apache.org/maven2/org/codehaus/plexus/plexus/2.0.7/plexus-2.0.7.pom
[INFO] Downloaded: https://repo.maven.apache.org/maven2/org/codehaus/plexus/plexus/2.0.7/plexus-2.0.7.pom (17 KB at 625.5 KB/sec)
[INFO] Downloading: https://repo.maven.apache.org/maven2/org/codehaus/plexus/plexus-compiler-api/2.2/plexus-compiler-api-2.2.pom
[INFO] Downloaded: https://repo.maven.apache.org/maven2/org/codehaus/plexus/plexus-compiler-api/2.2/plexus-compiler-api-2.2.pom (865 B at 40.2 KB/sec)
[INFO] Downloading: https://repo.maven.apache.org/maven2/org/codehaus/plexus/plexus-compiler/2.2/plexus-compiler-2.2.pom
[INFO] Downloaded: https://repo.maven.apache.org/maven2/org/codehaus/plexus/plexus-compiler/2.2/plexus-compiler-2.2.pom (4 KB at 160.4 KB/sec)
[INFO] Downloading: https://repo.maven.apache.org/maven2/org/codehaus/plexus/plexus-components/1.3.1/plexus-components-1.3.1.pom
[INFO] Downloaded: https://repo.maven.apache.org/maven2/org/codehaus/plexus/plexus-components/1.3.1/plexus-components-1.3.1.pom (3 KB at 124.7 KB/sec)
[INFO] Downloading: https://repo.maven.apache.org/maven2/org/codehaus/plexus/plexus/3.3.1/plexus-3.3.1.pom
[INFO] Downloaded: https://repo.maven.apache.org/maven2/org/codehaus/plexus/plexus/3.3.1/plexus-3.3.1.pom (20 KB at 713.1 KB/sec)
[INFO] Downloading: https://repo.maven.apache.org/maven2/org/codehaus/plexus/plexus-utils/3.0.8/plexus-utils-3.0.8.pom
[INFO] Downloaded: https://repo.maven.apache.org/maven2/org/codehaus/plexus/plexus-utils/3.0.8/plexus-utils-3.0.8.pom (4 KB at 133.4 KB/sec)
[INFO] Downloading: https://repo.maven.apache.org/maven2/org/codehaus/plexus/plexus/3.2/plexus-3.2.pom
[INFO] Downloaded: https://repo.maven.apache.org/maven2/org/codehaus/plexus/plexus/3.2/plexus-3.2.pom (19 KB at 653.8 KB/sec)
[INFO] Downloading: https://repo.maven.apache.org/maven2/org/codehaus/plexus/plexus-compiler-manager/2.2/plexus-compiler-manager-2.2.pom
[INFO] Downloaded: https://repo.maven.apache.org/maven2/org/codehaus/plexus/plexus-compiler-manager/2.2/plexus-compiler-manager-2.2.pom (690 B at 33.7 KB/sec)
[INFO] Downloading: https://repo.maven.apache.org/maven2/org/codehaus/plexus/plexus-compiler-javac/2.2/plexus-compiler-javac-2.2.pom
[INFO] Downloaded: https://repo.maven.apache.org/maven2/org/codehaus/plexus/plexus-compiler-javac/2.2/plexus-compiler-javac-2.2.pom (769 B at 35.8 KB/sec)
[INFO] Downloading: https://repo.maven.apache.org/maven2/org/codehaus/plexus/plexus-compilers/2.2/plexus-compilers-2.2.pom
[INFO] Downloaded: https://repo.maven.apache.org/maven2/org/codehaus/plexus/plexus-compilers/2.2/plexus-compilers-2.2.pom (2 KB at 34.6 KB/sec)
[INFO] Downloading: https://repo.maven.apache.org/maven2/org/codehaus/plexus/plexus-container-default/1.5.5/plexus-container-default-1.5.5.pom
[INFO] Downloaded: https://repo.maven.apache.org/maven2/org/codehaus/plexus/plexus-container-default/1.5.5/plexus-container-default-1.5.5.pom (3 KB at 103.5 KB/sec)
[INFO] Downloading: https://repo.maven.apache.org/maven2/org/codehaus/plexus/plexus-utils/1.4.5/plexus-utils-1.4.5.pom
[INFO] Downloaded: https://repo.maven.apache.org/maven2/org/codehaus/plexus/plexus-utils/1.4.5/plexus-utils-1.4.5.pom (3 KB at 92.2 KB/sec)
[INFO] Downloading: https://repo.maven.apache.org/maven2/org/codehaus/plexus/plexus-classworlds/2.2.2/plexus-classworlds-2.2.2.pom
[INFO] Downloaded: https://repo.maven.apache.org/maven2/org/codehaus/plexus/plexus-classworlds/2.2.2/plexus-classworlds-2.2.2.pom (4 KB at 179.0 KB/sec)
[INFO] Downloading: https://repo.maven.apache.org/maven2/org/apache/xbean/xbean-reflect/3.4/xbean-reflect-3.4.pom
[INFO] Downloaded: https://repo.maven.apache.org/maven2/org/apache/xbean/xbean-reflect/3.4/xbean-reflect-3.4.pom (3 KB at 124.7 KB/sec)
[INFO] Downloading: https://repo.maven.apache.org/maven2/org/apache/xbean/xbean/3.4/xbean-3.4.pom
[INFO] Downloaded: https://repo.maven.apache.org/maven2/org/apache/xbean/xbean/3.4/xbean-3.4.pom (19 KB at 670.3 KB/sec)
[INFO] Downloading: https://repo.maven.apache.org/maven2/log4j/log4j/1.2.12/log4j-1.2.12.pom
[INFO] Downloaded: https://repo.maven.apache.org/maven2/log4j/log4j/1.2.12/log4j-1.2.12.pom (145 B at 6.4 KB/sec)
[INFO] Downloading: https://repo.maven.apache.org/maven2/commons-logging/commons-logging-api/1.1/commons-logging-api-1.1.pom
[INFO] Downloaded: https://repo.maven.apache.org/maven2/commons-logging/commons-logging-api/1.1/commons-logging-api-1.1.pom (6 KB at 200.8 KB/sec)
[INFO] Downloading: https://repo.maven.apache.org/maven2/com/google/collections/google-collections/1.0/google-collections-1.0.pom
[INFO] Downloaded: https://repo.maven.apache.org/maven2/com/google/collections/google-collections/1.0/google-collections-1.0.pom (3 KB at 110.0 KB/sec)
[INFO] Downloading: https://repo.maven.apache.org/maven2/com/google/google/1/google-1.pom
[INFO] Downloaded: https://repo.maven.apache.org/maven2/com/google/google/1/google-1.pom (2 KB at 69.0 KB/sec)
[INFO] Downloading: https://repo.maven.apache.org/maven2/junit/junit/3.8.2/junit-3.8.2.pom
[INFO] Downloaded: https://repo.maven.apache.org/maven2/junit/junit/3.8.2/junit-3.8.2.pom (747 B at 33.2 KB/sec)
[INFO] Downloading: https://repo.maven.apache.org/maven2/org/codehaus/plexus/plexus-utils/1.5.1/plexus-utils-1.5.1.jar
[INFO] Downloading: https://repo.maven.apache.org/maven2/org/apache/maven/shared/maven-shared-utils/0.1/maven-shared-utils-0.1.jar
[INFO] Downloading: https://repo.maven.apache.org/maven2/com/google/code/findbugs/jsr305/2.0.1/jsr305-2.0.1.jar
[INFO] Downloading: https://repo.maven.apache.org/maven2/org/apache/maven/shared/maven-shared-incremental/1.1/maven-shared-incremental-1.1.jar
[INFO] Downloading: https://repo.maven.apache.org/maven2/org/codehaus/plexus/plexus-component-annotations/1.5.5/plexus-component-annotations-1.5.5.jar
[INFO] Downloaded: https://repo.maven.apache.org/maven2/org/codehaus/plexus/plexus-component-annotations/1.5.5/plexus-component-annotations-1.5.5.jar (5 KB at 87.5 KB/sec)
[INFO] Downloading: https://repo.maven.apache.org/maven2/org/codehaus/plexus/plexus-compiler-api/2.2/plexus-compiler-api-2.2.jar
[INFO] Downloaded: https://repo.maven.apache.org/maven2/com/google/code/findbugs/jsr305/2.0.1/jsr305-2.0.1.jar (32 KB at 389.0 KB/sec)
[INFO] Downloading: https://repo.maven.apache.org/maven2/org/codehaus/plexus/plexus-compiler-manager/2.2/plexus-compiler-manager-2.2.jar
[INFO] Downloaded: https://repo.maven.apache.org/maven2/org/codehaus/plexus/plexus-compiler-api/2.2/plexus-compiler-api-2.2.jar (25 KB at 265.3 KB/sec)
[INFO] Downloading: https://repo.maven.apache.org/maven2/org/codehaus/plexus/plexus-compiler-javac/2.2/plexus-compiler-javac-2.2.jar
[INFO] Downloaded: https://repo.maven.apache.org/maven2/org/codehaus/plexus/plexus-compiler-manager/2.2/plexus-compiler-manager-2.2.jar (5 KB at 41.2 KB/sec)
[INFO] Downloading: https://repo.maven.apache.org/maven2/org/apache/xbean/xbean-reflect/3.4/xbean-reflect-3.4.jar
[INFO] Downloaded: https://repo.maven.apache.org/maven2/org/apache/maven/shared/maven-shared-incremental/1.1/maven-shared-incremental-1.1.jar (14 KB at 117.0 KB/sec)
[INFO] Downloading: https://repo.maven.apache.org/maven2/log4j/log4j/1.2.12/log4j-1.2.12.jar
[INFO] Downloaded: https://repo.maven.apache.org/maven2/org/codehaus/plexus/plexus-compiler-javac/2.2/plexus-compiler-javac-2.2.jar (19 KB at 127.8 KB/sec)
[INFO] Downloading: https://repo.maven.apache.org/maven2/commons-logging/commons-logging-api/1.1/commons-logging-api-1.1.jar
[INFO] Downloaded: https://repo.maven.apache.org/maven2/commons-logging/commons-logging-api/1.1/commons-logging-api-1.1.jar (44 KB at 177.8 KB/sec)
[INFO] Downloading: https://repo.maven.apache.org/maven2/com/google/collections/google-collections/1.0/google-collections-1.0.jar
[INFO] Downloaded: https://repo.maven.apache.org/maven2/org/apache/maven/shared/maven-shared-utils/0.1/maven-shared-utils-0.1.jar (151 KB at 504.7 KB/sec)
[INFO] Downloading: https://repo.maven.apache.org/maven2/junit/junit/3.8.2/junit-3.8.2.jar
[INFO] Downloaded: https://repo.maven.apache.org/maven2/org/apache/xbean/xbean-reflect/3.4/xbean-reflect-3.4.jar (131 KB at 362.0 KB/sec)
[INFO] Downloaded: https://repo.maven.apache.org/maven2/org/codehaus/plexus/plexus-utils/1.5.1/plexus-utils-1.5.1.jar (206 KB at 447.3 KB/sec)
[INFO] Downloaded: https://repo.maven.apache.org/maven2/junit/junit/3.8.2/junit-3.8.2.jar (118 KB at 261.8 KB/sec)
[INFO] Downloaded: https://repo.maven.apache.org/maven2/log4j/log4j/1.2.12/log4j-1.2.12.jar (350 KB at 614.6 KB/sec)
[INFO] Downloaded: https://repo.maven.apache.org/maven2/com/google/collections/google-collections/1.0/google-collections-1.0.jar (625 KB at 930.9 KB/sec)
[INFO] No sources to compile
[INFO] 
[INFO] --- maven-resources-plugin:2.4.3:testResources (default-testResources) @ autorest-build-tools ---
[INFO] Using 'UTF-8' encoding to copy filtered resources.
[INFO] skip non existing resourceDirectory /home/travis/build/Azure/azure-sdk-for-java/runtimes/build-tools/src/test/resources
[INFO] 
[INFO] --- maven-compiler-plugin:3.1:testCompile (default-testCompile) @ autorest-build-tools ---
[INFO] No sources to compile
[INFO] 
[INFO] --- maven-surefire-plugin:2.18.1:test (default-test) @ autorest-build-tools ---
[INFO] Downloading: https://repo.maven.apache.org/maven2/org/apache/maven/surefire/maven-surefire-common/2.18.1/maven-surefire-common-2.18.1.pom
[INFO] Downloaded: https://repo.maven.apache.org/maven2/org/apache/maven/surefire/maven-surefire-common/2.18.1/maven-surefire-common-2.18.1.pom (7 KB at 255.2 KB/sec)
[INFO] Downloading: https://repo.maven.apache.org/maven2/org/apache/maven/plugin-tools/maven-plugin-annotations/3.3/maven-plugin-annotations-3.3.pom
[INFO] Downloaded: https://repo.maven.apache.org/maven2/org/apache/maven/plugin-tools/maven-plugin-annotations/3.3/maven-plugin-annotations-3.3.pom (2 KB at 75.8 KB/sec)
[INFO] Downloading: https://repo.maven.apache.org/maven2/org/apache/maven/plugin-tools/maven-plugin-tools/3.3/maven-plugin-tools-3.3.pom
[INFO] Downloaded: https://repo.maven.apache.org/maven2/org/apache/maven/plugin-tools/maven-plugin-tools/3.3/maven-plugin-tools-3.3.pom (13 KB at 475.1 KB/sec)
[INFO] Downloading: https://repo.maven.apache.org/maven2/org/apache/maven/maven-parent/24/maven-parent-24.pom
[INFO] Downloaded: https://repo.maven.apache.org/maven2/org/apache/maven/maven-parent/24/maven-parent-24.pom (37 KB at 1091.9 KB/sec)
[INFO] Downloading: https://repo.maven.apache.org/maven2/org/apache/apache/14/apache-14.pom
[INFO] Downloaded: https://repo.maven.apache.org/maven2/org/apache/apache/14/apache-14.pom (15 KB at 305.1 KB/sec)
[INFO] Downloading: https://repo.maven.apache.org/maven2/org/apache/maven/surefire/surefire-api/2.18.1/surefire-api-2.18.1.pom
[INFO] Downloaded: https://repo.maven.apache.org/maven2/org/apache/maven/surefire/surefire-api/2.18.1/surefire-api-2.18.1.pom (3 KB at 9.4 KB/sec)
[INFO] Downloading: https://repo.maven.apache.org/maven2/org/apache/maven/surefire/surefire-booter/2.18.1/surefire-booter-2.18.1.pom
[INFO] Downloaded: https://repo.maven.apache.org/maven2/org/apache/maven/surefire/surefire-booter/2.18.1/surefire-booter-2.18.1.pom (3 KB at 123.8 KB/sec)
[INFO] Downloading: https://repo.maven.apache.org/maven2/org/apache/maven/reporting/maven-reporting-api/3.0/maven-reporting-api-3.0.pom
[INFO] Downloaded: https://repo.maven.apache.org/maven2/org/apache/maven/reporting/maven-reporting-api/3.0/maven-reporting-api-3.0.pom (3 KB at 105.3 KB/sec)
[INFO] Downloading: https://repo.maven.apache.org/maven2/org/apache/maven/maven-toolchain/2.2.1/maven-toolchain-2.2.1.pom
[INFO] Downloaded: https://repo.maven.apache.org/maven2/org/apache/maven/maven-toolchain/2.2.1/maven-toolchain-2.2.1.pom (4 KB at 148.4 KB/sec)
[INFO] Downloading: https://repo.maven.apache.org/maven2/org/apache/commons/commons-lang3/3.1/commons-lang3-3.1.pom
[INFO] Downloaded: https://repo.maven.apache.org/maven2/org/apache/commons/commons-lang3/3.1/commons-lang3-3.1.pom (17 KB at 526.4 KB/sec)
[INFO] Downloading: https://repo.maven.apache.org/maven2/org/apache/commons/commons-parent/22/commons-parent-22.pom
[INFO] Downloaded: https://repo.maven.apache.org/maven2/org/apache/commons/commons-parent/22/commons-parent-22.pom (41 KB at 1169.6 KB/sec)
[INFO] Downloading: https://repo.maven.apache.org/maven2/org/apache/apache/9/apache-9.pom
[INFO] Downloaded: https://repo.maven.apache.org/maven2/org/apache/apache/9/apache-9.pom (15 KB at 569.4 KB/sec)
[INFO] Downloading: https://repo.maven.apache.org/maven2/org/apache/maven/surefire/maven-surefire-common/2.18.1/maven-surefire-common-2.18.1.jar
[INFO] Downloading: https://repo.maven.apache.org/maven2/org/codehaus/plexus/plexus-utils/1.5.15/plexus-utils-1.5.15.jar
[INFO] Downloading: https://repo.maven.apache.org/maven2/org/apache/maven/surefire/surefire-booter/2.18.1/surefire-booter-2.18.1.jar
[INFO] Downloading: https://repo.maven.apache.org/maven2/backport-util-concurrent/backport-util-concurrent/3.1/backport-util-concurrent-3.1.jar
[INFO] Downloading: https://repo.maven.apache.org/maven2/org/codehaus/plexus/plexus-interpolation/1.11/plexus-interpolation-1.11.jar
[INFO] Downloaded: https://repo.maven.apache.org/maven2/org/codehaus/plexus/plexus-interpolation/1.11/plexus-interpolation-1.11.jar (50 KB at 540.7 KB/sec)
[INFO] Downloading: https://repo.maven.apache.org/maven2/org/slf4j/slf4j-jdk14/1.5.6/slf4j-jdk14-1.5.6.jar
[INFO] Downloaded: https://repo.maven.apache.org/maven2/org/apache/maven/surefire/surefire-booter/2.18.1/surefire-booter-2.18.1.jar (39 KB at 278.2 KB/sec)
[INFO] Downloading: https://repo.maven.apache.org/maven2/org/slf4j/slf4j-api/1.5.6/slf4j-api-1.5.6.jar
[INFO] Downloaded: https://repo.maven.apache.org/maven2/org/slf4j/slf4j-jdk14/1.5.6/slf4j-jdk14-1.5.6.jar (9 KB at 47.6 KB/sec)
[INFO] Downloading: https://repo.maven.apache.org/maven2/org/slf4j/jcl-over-slf4j/1.5.6/jcl-over-slf4j-1.5.6.jar
[INFO] Downloaded: https://repo.maven.apache.org/maven2/org/slf4j/slf4j-api/1.5.6/slf4j-api-1.5.6.jar (22 KB at 101.5 KB/sec)
[INFO] Downloading: https://repo.maven.apache.org/maven2/org/apache/maven/reporting/maven-reporting-api/3.0/maven-reporting-api-3.0.jar
[INFO] Downloaded: https://repo.maven.apache.org/maven2/org/slf4j/jcl-over-slf4j/1.5.6/jcl-over-slf4j-1.5.6.jar (17 KB at 72.9 KB/sec)
[INFO] Downloading: https://repo.maven.apache.org/maven2/org/sonatype/plexus/plexus-sec-dispatcher/1.3/plexus-sec-dispatcher-1.3.jar
[INFO] Downloaded: https://repo.maven.apache.org/maven2/org/apache/maven/reporting/maven-reporting-api/3.0/maven-reporting-api-3.0.jar (11 KB at 42.7 KB/sec)
[INFO] Downloading: https://repo.maven.apache.org/maven2/org/sonatype/plexus/plexus-cipher/1.4/plexus-cipher-1.4.jar
[INFO] Downloaded: https://repo.maven.apache.org/maven2/org/sonatype/plexus/plexus-sec-dispatcher/1.3/plexus-sec-dispatcher-1.3.jar (28 KB at 106.0 KB/sec)
[INFO] Downloading: https://repo.maven.apache.org/maven2/org/apache/commons/commons-lang3/3.1/commons-lang3-3.1.jar
[INFO] Downloaded: https://repo.maven.apache.org/maven2/org/apache/maven/surefire/maven-surefire-common/2.18.1/maven-surefire-common-2.18.1.jar (269 KB at 971.0 KB/sec)
[INFO] Downloading: https://repo.maven.apache.org/maven2/org/apache/maven/surefire/surefire-api/2.18.1/surefire-api-2.18.1.jar
[INFO] Downloaded: https://repo.maven.apache.org/maven2/org/sonatype/plexus/plexus-cipher/1.4/plexus-cipher-1.4.jar (14 KB at 47.9 KB/sec)
[INFO] Downloading: https://repo.maven.apache.org/maven2/org/apache/maven/plugin-tools/maven-plugin-annotations/3.3/maven-plugin-annotations-3.3.jar
[INFO] Downloaded: https://repo.maven.apache.org/maven2/org/apache/maven/plugin-tools/maven-plugin-annotations/3.3/maven-plugin-annotations-3.3.jar (14 KB at 44.8 KB/sec)
[INFO] Downloaded: https://repo.maven.apache.org/maven2/org/codehaus/plexus/plexus-utils/1.5.15/plexus-utils-1.5.15.jar (223 KB at 691.8 KB/sec)
[INFO] Downloaded: https://repo.maven.apache.org/maven2/org/apache/commons/commons-lang3/3.1/commons-lang3-3.1.jar (309 KB at 725.7 KB/sec)
[INFO] Downloaded: https://repo.maven.apache.org/maven2/backport-util-concurrent/backport-util-concurrent/3.1/backport-util-concurrent-3.1.jar (324 KB at 756.9 KB/sec)
[INFO] Downloaded: https://repo.maven.apache.org/maven2/org/apache/maven/surefire/surefire-api/2.18.1/surefire-api-2.18.1.jar (145 KB at 328.4 KB/sec)
[INFO] Tests are skipped.
[INFO] 
[INFO] --- maven-jar-plugin:2.4:jar (default-jar) @ autorest-build-tools ---
[INFO] Downloading: https://repo.maven.apache.org/maven2/org/apache/maven/maven-archiver/2.5/maven-archiver-2.5.pom
[INFO] Downloaded: https://repo.maven.apache.org/maven2/org/apache/maven/maven-archiver/2.5/maven-archiver-2.5.pom (5 KB at 64.2 KB/sec)
[INFO] Downloading: https://repo.maven.apache.org/maven2/org/apache/maven/shared/maven-shared-components/17/maven-shared-components-17.pom
[INFO] Downloaded: https://repo.maven.apache.org/maven2/org/apache/maven/shared/maven-shared-components/17/maven-shared-components-17.pom (9 KB at 369.5 KB/sec)
[INFO] Downloading: https://repo.maven.apache.org/maven2/org/codehaus/plexus/plexus-archiver/2.1/plexus-archiver-2.1.pom
[INFO] Downloaded: https://repo.maven.apache.org/maven2/org/codehaus/plexus/plexus-archiver/2.1/plexus-archiver-2.1.pom (3 KB at 54.9 KB/sec)
[INFO] Downloading: https://repo.maven.apache.org/maven2/org/codehaus/plexus/plexus-utils/3.0/plexus-utils-3.0.pom
[INFO] Downloaded: https://repo.maven.apache.org/maven2/org/codehaus/plexus/plexus-utils/3.0/plexus-utils-3.0.pom (4 KB at 82.7 KB/sec)
[INFO] Downloading: https://repo.maven.apache.org/maven2/org/sonatype/spice/spice-parent/16/spice-parent-16.pom
[INFO] Downloaded: https://repo.maven.apache.org/maven2/org/sonatype/spice/spice-parent/16/spice-parent-16.pom (9 KB at 143.2 KB/sec)
[INFO] Downloading: https://repo.maven.apache.org/maven2/org/sonatype/forge/forge-parent/5/forge-parent-5.pom
[INFO] Downloaded: https://repo.maven.apache.org/maven2/org/sonatype/forge/forge-parent/5/forge-parent-5.pom (9 KB at 129.6 KB/sec)
[INFO] Downloading: https://repo.maven.apache.org/maven2/org/codehaus/plexus/plexus-io/2.0.2/plexus-io-2.0.2.pom
[INFO] Downloaded: https://repo.maven.apache.org/maven2/org/codehaus/plexus/plexus-io/2.0.2/plexus-io-2.0.2.pom (2 KB at 24.9 KB/sec)
[INFO] Downloading: https://repo.maven.apache.org/maven2/org/codehaus/plexus/plexus-components/1.1.19/plexus-components-1.1.19.pom
[INFO] Downloaded: https://repo.maven.apache.org/maven2/org/codehaus/plexus/plexus-components/1.1.19/plexus-components-1.1.19.pom (3 KB at 109.8 KB/sec)
[INFO] Downloading: https://repo.maven.apache.org/maven2/org/codehaus/plexus/plexus/3.0.1/plexus-3.0.1.pom
[INFO] Downloaded: https://repo.maven.apache.org/maven2/org/codehaus/plexus/plexus/3.0.1/plexus-3.0.1.pom (19 KB at 673.2 KB/sec)
[INFO] Downloading: https://repo.maven.apache.org/maven2/org/codehaus/plexus/plexus-interpolation/1.15/plexus-interpolation-1.15.pom
[INFO] Downloaded: https://repo.maven.apache.org/maven2/org/codehaus/plexus/plexus-interpolation/1.15/plexus-interpolation-1.15.pom (1018 B at 47.3 KB/sec)
[INFO] Downloading: https://repo.maven.apache.org/maven2/commons-lang/commons-lang/2.1/commons-lang-2.1.pom
[INFO] Downloaded: https://repo.maven.apache.org/maven2/commons-lang/commons-lang/2.1/commons-lang-2.1.pom (10 KB at 88.9 KB/sec)
[INFO] Downloading: https://repo.maven.apache.org/maven2/org/apache/maven/maven-archiver/2.5/maven-archiver-2.5.jar
[INFO] Downloading: https://repo.maven.apache.org/maven2/org/codehaus/plexus/plexus-interpolation/1.15/plexus-interpolation-1.15.jar
[INFO] Downloading: https://repo.maven.apache.org/maven2/org/codehaus/plexus/plexus-archiver/2.1/plexus-archiver-2.1.jar
[INFO] Downloading: https://repo.maven.apache.org/maven2/org/codehaus/plexus/plexus-io/2.0.2/plexus-io-2.0.2.jar
[INFO] Downloading: https://repo.maven.apache.org/maven2/commons-lang/commons-lang/2.1/commons-lang-2.1.jar
[INFO] Downloaded: https://repo.maven.apache.org/maven2/org/apache/maven/maven-archiver/2.5/maven-archiver-2.5.jar (22 KB at 327.7 KB/sec)
[INFO] Downloading: https://repo.maven.apache.org/maven2/org/codehaus/plexus/plexus-utils/3.0/plexus-utils-3.0.jar
[INFO] Downloaded: https://repo.maven.apache.org/maven2/org/codehaus/plexus/plexus-interpolation/1.15/plexus-interpolation-1.15.jar (60 KB at 434.2 KB/sec)
[INFO] Downloaded: https://repo.maven.apache.org/maven2/org/codehaus/plexus/plexus-io/2.0.2/plexus-io-2.0.2.jar (57 KB at 384.5 KB/sec)
[INFO] Downloaded: https://repo.maven.apache.org/maven2/commons-lang/commons-lang/2.1/commons-lang-2.1.jar (203 KB at 878.2 KB/sec)
[INFO] Downloaded: https://repo.maven.apache.org/maven2/org/codehaus/plexus/plexus-archiver/2.1/plexus-archiver-2.1.jar (181 KB at 773.0 KB/sec)
[INFO] Downloaded: https://repo.maven.apache.org/maven2/org/codehaus/plexus/plexus-utils/3.0/plexus-utils-3.0.jar (221 KB at 886.6 KB/sec)
[INFO] Building jar: /home/travis/build/Azure/azure-sdk-for-java/runtimes/build-tools/target/autorest-build-tools-1.0.0-SNAPSHOT.jar
[INFO] 
[INFO] --- maven-install-plugin:2.4:install (default-install) @ autorest-build-tools ---
[INFO] Installing /home/travis/build/Azure/azure-sdk-for-java/runtimes/build-tools/target/autorest-build-tools-1.0.0-SNAPSHOT.jar to /home/travis/.m2/repository/com/microsoft/azure/autorest-build-tools/1.0.0-SNAPSHOT/autorest-build-tools-1.0.0-SNAPSHOT.jar
[INFO] Installing /home/travis/build/Azure/azure-sdk-for-java/runtimes/build-tools/pom.xml to /home/travis/.m2/repository/com/microsoft/azure/autorest-build-tools/1.0.0-SNAPSHOT/autorest-build-tools-1.0.0-SNAPSHOT.pom
[INFO]                                                                         
[INFO] ------------------------------------------------------------------------
[INFO] Building Java Client Runtime for AutoRest 1.0.0-SNAPSHOT
[INFO] ------------------------------------------------------------------------
[INFO] Downloading: https://repo.maven.apache.org/maven2/org/codehaus/mojo/build-helper-maven-plugin/maven-metadata.xml
[INFO] Downloaded: https://repo.maven.apache.org/maven2/org/codehaus/mojo/build-helper-maven-plugin/maven-metadata.xml (667 B at 11.8 KB/sec)
[INFO] Downloading: https://repo.maven.apache.org/maven2/org/codehaus/mojo/build-helper-maven-plugin/1.10/build-helper-maven-plugin-1.10.pom
[INFO] Downloaded: https://repo.maven.apache.org/maven2/org/codehaus/mojo/build-helper-maven-plugin/1.10/build-helper-maven-plugin-1.10.pom (6 KB at 236.9 KB/sec)
[INFO] Downloading: https://repo.maven.apache.org/maven2/org/codehaus/mojo/mojo-parent/38/mojo-parent-38.pom
[INFO] Downloaded: https://repo.maven.apache.org/maven2/org/codehaus/mojo/mojo-parent/38/mojo-parent-38.pom (33 KB at 367.1 KB/sec)
[INFO] Downloading: https://repo.maven.apache.org/maven2/org/codehaus/mojo/build-helper-maven-plugin/1.10/build-helper-maven-plugin-1.10.jar
[INFO] Downloaded: https://repo.maven.apache.org/maven2/org/codehaus/mojo/build-helper-maven-plugin/1.10/build-helper-maven-plugin-1.10.jar (50 KB at 956.1 KB/sec)
[INFO] Downloading: http://repo.maven.apache.org/maven2/com/google/guava/guava/18.0/guava-18.0.pom
[INFO] Downloaded: http://repo.maven.apache.org/maven2/com/google/guava/guava/18.0/guava-18.0.pom (6 KB at 184.4 KB/sec)
[INFO] Downloading: http://repo.maven.apache.org/maven2/com/google/guava/guava-parent/18.0/guava-parent-18.0.pom
[INFO] Downloaded: http://repo.maven.apache.org/maven2/com/google/guava/guava-parent/18.0/guava-parent-18.0.pom (8 KB at 96.2 KB/sec)
[INFO] Downloading: http://repo.maven.apache.org/maven2/org/sonatype/oss/oss-parent/7/oss-parent-7.pom
[INFO] Downloaded: http://repo.maven.apache.org/maven2/org/sonatype/oss/oss-parent/7/oss-parent-7.pom (5 KB at 235.5 KB/sec)
[INFO] Downloading: http://repo.maven.apache.org/maven2/com/squareup/retrofit2/retrofit/2.0.2/retrofit-2.0.2.pom
[INFO] Downloaded: http://repo.maven.apache.org/maven2/com/squareup/retrofit2/retrofit/2.0.2/retrofit-2.0.2.pom (2 KB at 37.0 KB/sec)
[INFO] Downloading: http://repo.maven.apache.org/maven2/com/squareup/retrofit2/parent/2.0.2/parent-2.0.2.pom
[INFO] Downloaded: http://repo.maven.apache.org/maven2/com/squareup/retrofit2/parent/2.0.2/parent-2.0.2.pom (9 KB at 394.2 KB/sec)
[INFO] Downloading: http://repo.maven.apache.org/maven2/com/squareup/okhttp3/okhttp/3.3.1/okhttp-3.3.1.pom
[INFO] Downloaded: http://repo.maven.apache.org/maven2/com/squareup/okhttp3/okhttp/3.3.1/okhttp-3.3.1.pom (2 KB at 71.6 KB/sec)
[INFO] Downloading: http://repo.maven.apache.org/maven2/com/squareup/okhttp3/parent/3.3.1/parent-3.3.1.pom
[INFO] Downloaded: http://repo.maven.apache.org/maven2/com/squareup/okhttp3/parent/3.3.1/parent-3.3.1.pom (10 KB at 489.5 KB/sec)
[INFO] Downloading: http://repo.maven.apache.org/maven2/com/squareup/okio/okio/1.8.0/okio-1.8.0.pom
[INFO] Downloaded: http://repo.maven.apache.org/maven2/com/squareup/okio/okio/1.8.0/okio-1.8.0.pom (2 KB at 68.8 KB/sec)
[INFO] Downloading: http://repo.maven.apache.org/maven2/com/squareup/okio/okio-parent/1.8.0/okio-parent-1.8.0.pom
[INFO] Downloaded: http://repo.maven.apache.org/maven2/com/squareup/okio/okio-parent/1.8.0/okio-parent-1.8.0.pom (4 KB at 65.0 KB/sec)
[INFO] Downloading: http://repo.maven.apache.org/maven2/com/squareup/okhttp3/logging-interceptor/3.3.1/logging-interceptor-3.3.1.pom
[INFO] Downloaded: http://repo.maven.apache.org/maven2/com/squareup/okhttp3/logging-interceptor/3.3.1/logging-interceptor-3.3.1.pom (2 KB at 60.4 KB/sec)
[INFO] Downloading: http://repo.maven.apache.org/maven2/com/squareup/okhttp3/okhttp-urlconnection/3.3.1/okhttp-urlconnection-3.3.1.pom
[INFO] Downloaded: http://repo.maven.apache.org/maven2/com/squareup/okhttp3/okhttp-urlconnection/3.3.1/okhttp-urlconnection-3.3.1.pom (2 KB at 77.2 KB/sec)
[INFO] Downloading: http://repo.maven.apache.org/maven2/com/squareup/retrofit2/converter-jackson/2.0.2/converter-jackson-2.0.2.pom
[INFO] Downloaded: http://repo.maven.apache.org/maven2/com/squareup/retrofit2/converter-jackson/2.0.2/converter-jackson-2.0.2.pom (2 KB at 40.3 KB/sec)
[INFO] Downloading: http://repo.maven.apache.org/maven2/com/squareup/retrofit2/retrofit-converters/2.0.2/retrofit-converters-2.0.2.pom
[INFO] Downloaded: http://repo.maven.apache.org/maven2/com/squareup/retrofit2/retrofit-converters/2.0.2/retrofit-converters-2.0.2.pom (796 B at 38.9 KB/sec)
[INFO] Downloading: http://repo.maven.apache.org/maven2/com/fasterxml/jackson/core/jackson-databind/2.7.2/jackson-databind-2.7.2.pom
[INFO] Downloaded: http://repo.maven.apache.org/maven2/com/fasterxml/jackson/core/jackson-databind/2.7.2/jackson-databind-2.7.2.pom (6 KB at 65.0 KB/sec)
[INFO] Downloading: http://repo.maven.apache.org/maven2/com/fasterxml/jackson/jackson-parent/2.7/jackson-parent-2.7.pom
[INFO] Downloaded: http://repo.maven.apache.org/maven2/com/fasterxml/jackson/jackson-parent/2.7/jackson-parent-2.7.pom (8 KB at 378.8 KB/sec)
[INFO] Downloading: http://repo.maven.apache.org/maven2/com/fasterxml/oss-parent/25/oss-parent-25.pom
[INFO] Downloaded: http://repo.maven.apache.org/maven2/com/fasterxml/oss-parent/25/oss-parent-25.pom (19 KB at 947.1 KB/sec)
[INFO] Downloading: http://repo.maven.apache.org/maven2/com/fasterxml/jackson/core/jackson-annotations/2.7.0/jackson-annotations-2.7.0.pom
[INFO] Downloaded: http://repo.maven.apache.org/maven2/com/fasterxml/jackson/core/jackson-annotations/2.7.0/jackson-annotations-2.7.0.pom (2 KB at 52.6 KB/sec)
[INFO] Downloading: http://repo.maven.apache.org/maven2/com/fasterxml/jackson/core/jackson-core/2.7.2/jackson-core-2.7.2.pom
[INFO] Downloaded: http://repo.maven.apache.org/maven2/com/fasterxml/jackson/core/jackson-core/2.7.2/jackson-core-2.7.2.pom (5 KB at 214.9 KB/sec)
[INFO] Downloading: http://repo.maven.apache.org/maven2/com/fasterxml/jackson/datatype/jackson-datatype-joda/2.7.2/jackson-datatype-joda-2.7.2.pom
[INFO] Downloaded: http://repo.maven.apache.org/maven2/com/fasterxml/jackson/datatype/jackson-datatype-joda/2.7.2/jackson-datatype-joda-2.7.2.pom (4 KB at 113.7 KB/sec)
[INFO] Downloading: http://repo.maven.apache.org/maven2/joda-time/joda-time/2.4/joda-time-2.4.pom
[INFO] Downloaded: http://repo.maven.apache.org/maven2/joda-time/joda-time/2.4/joda-time-2.4.pom (26 KB at 1119.1 KB/sec)
[INFO] Downloading: http://repo.maven.apache.org/maven2/org/apache/commons/commons-lang3/3.4/commons-lang3-3.4.pom
[INFO] Downloaded: http://repo.maven.apache.org/maven2/org/apache/commons/commons-lang3/3.4/commons-lang3-3.4.pom (22 KB at 984.7 KB/sec)
[INFO] Downloading: http://repo.maven.apache.org/maven2/org/apache/commons/commons-parent/37/commons-parent-37.pom
[INFO] Downloaded: http://repo.maven.apache.org/maven2/org/apache/commons/commons-parent/37/commons-parent-37.pom (62 KB at 1865.6 KB/sec)
[INFO] Downloading: http://repo.maven.apache.org/maven2/junit/junit/4.12/junit-4.12.pom
[INFO] Downloaded: http://repo.maven.apache.org/maven2/junit/junit/4.12/junit-4.12.pom (24 KB at 825.8 KB/sec)
[INFO] Downloading: http://repo.maven.apache.org/maven2/org/hamcrest/hamcrest-core/1.3/hamcrest-core-1.3.pom
[INFO] Downloaded: http://repo.maven.apache.org/maven2/org/hamcrest/hamcrest-core/1.3/hamcrest-core-1.3.pom (766 B at 27.7 KB/sec)
[INFO] Downloading: http://repo.maven.apache.org/maven2/org/hamcrest/hamcrest-parent/1.3/hamcrest-parent-1.3.pom
[INFO] Downloaded: http://repo.maven.apache.org/maven2/org/hamcrest/hamcrest-parent/1.3/hamcrest-parent-1.3.pom (2 KB at 77.0 KB/sec)
[INFO] Downloading: http://repo.maven.apache.org/maven2/com/google/guava/guava/18.0/guava-18.0.jar
[INFO] Downloading: http://repo.maven.apache.org/maven2/com/squareup/retrofit2/retrofit/2.0.2/retrofit-2.0.2.jar
[INFO] Downloading: http://repo.maven.apache.org/maven2/com/squareup/okhttp3/okhttp/3.3.1/okhttp-3.3.1.jar
[INFO] Downloading: http://repo.maven.apache.org/maven2/com/squareup/okio/okio/1.8.0/okio-1.8.0.jar
[INFO] Downloading: http://repo.maven.apache.org/maven2/com/squareup/okhttp3/logging-interceptor/3.3.1/logging-interceptor-3.3.1.jar
[INFO] Downloaded: http://repo.maven.apache.org/maven2/com/squareup/okhttp3/logging-interceptor/3.3.1/logging-interceptor-3.3.1.jar (8 KB at 179.4 KB/sec)
[INFO] Downloading: http://repo.maven.apache.org/maven2/com/squareup/okhttp3/okhttp-urlconnection/3.3.1/okhttp-urlconnection-3.3.1.jar
[INFO] Downloaded: http://repo.maven.apache.org/maven2/com/squareup/retrofit2/retrofit/2.0.2/retrofit-2.0.2.jar (85 KB at 979.1 KB/sec)
[INFO] Downloading: http://repo.maven.apache.org/maven2/com/squareup/retrofit2/converter-jackson/2.0.2/converter-jackson-2.0.2.jar
[INFO] Downloaded: http://repo.maven.apache.org/maven2/com/squareup/okio/okio/1.8.0/okio-1.8.0.jar (71 KB at 1065.6 KB/sec)
[INFO] Downloading: http://repo.maven.apache.org/maven2/com/fasterxml/jackson/core/jackson-databind/2.7.2/jackson-databind-2.7.2.jar
[INFO] Downloaded: http://repo.maven.apache.org/maven2/com/squareup/retrofit2/converter-jackson/2.0.2/converter-jackson-2.0.2.jar (6 KB at 56.2 KB/sec)
[INFO] Downloading: http://repo.maven.apache.org/maven2/com/fasterxml/jackson/datatype/jackson-datatype-joda/2.7.2/jackson-datatype-joda-2.7.2.jar
[INFO] Downloaded: http://repo.maven.apache.org/maven2/com/squareup/okhttp3/okhttp/3.3.1/okhttp-3.3.1.jar (336 KB at 2919.1 KB/sec)
[INFO] Downloading: http://repo.maven.apache.org/maven2/com/fasterxml/jackson/core/jackson-annotations/2.7.0/jackson-annotations-2.7.0.jar
[INFO] Downloaded: http://repo.maven.apache.org/maven2/com/fasterxml/jackson/datatype/jackson-datatype-joda/2.7.2/jackson-datatype-joda-2.7.2.jar (65 KB at 586.6 KB/sec)
[INFO] Downloading: http://repo.maven.apache.org/maven2/com/fasterxml/jackson/core/jackson-core/2.7.2/jackson-core-2.7.2.jar
[INFO] Downloaded: http://repo.maven.apache.org/maven2/com/squareup/okhttp3/okhttp-urlconnection/3.3.1/okhttp-urlconnection-3.3.1.jar (27 KB at 228.2 KB/sec)
[INFO] Downloading: http://repo.maven.apache.org/maven2/joda-time/joda-time/2.4/joda-time-2.4.jar
[INFO] Downloaded: http://repo.maven.apache.org/maven2/com/fasterxml/jackson/core/jackson-annotations/2.7.0/jackson-annotations-2.7.0.jar (50 KB at 370.9 KB/sec)
[INFO] Downloading: http://repo.maven.apache.org/maven2/org/apache/commons/commons-lang3/3.4/commons-lang3-3.4.jar
[INFO] Downloaded: http://repo.maven.apache.org/maven2/com/fasterxml/jackson/core/jackson-core/2.7.2/jackson-core-2.7.2.jar (247 KB at 1761.8 KB/sec)
[INFO] Downloading: http://repo.maven.apache.org/maven2/junit/junit/4.12/junit-4.12.jar
[INFO] Downloaded: http://repo.maven.apache.org/maven2/junit/junit/4.12/junit-4.12.jar (308 KB at 1777.8 KB/sec)
[INFO] Downloading: http://repo.maven.apache.org/maven2/org/hamcrest/hamcrest-core/1.3/hamcrest-core-1.3.jar
[INFO] Downloaded: http://repo.maven.apache.org/maven2/joda-time/joda-time/2.4/joda-time-2.4.jar (573 KB at 3162.8 KB/sec)
[INFO] Downloaded: http://repo.maven.apache.org/maven2/org/apache/commons/commons-lang3/3.4/commons-lang3-3.4.jar (425 KB at 2345.2 KB/sec)
[INFO] Downloaded: http://repo.maven.apache.org/maven2/com/fasterxml/jackson/core/jackson-databind/2.7.2/jackson-databind-2.7.2.jar (1173 KB at 6108.7 KB/sec)
[INFO] Downloaded: http://repo.maven.apache.org/maven2/org/hamcrest/hamcrest-core/1.3/hamcrest-core-1.3.jar (44 KB at 219.8 KB/sec)
[INFO] Downloaded: http://repo.maven.apache.org/maven2/com/google/guava/guava/18.0/guava-18.0.jar (2204 KB at 8160.5 KB/sec)
[INFO] 
[INFO] --- maven-resources-plugin:2.4.3:resources (default-resources) @ client-runtime ---
[INFO] Using 'UTF-8' encoding to copy filtered resources.
[INFO] skip non existing resourceDirectory /home/travis/build/Azure/azure-sdk-for-java/runtimes/client-runtime/src/main/resources
[INFO] 
[INFO] --- maven-compiler-plugin:3.1:compile (default-compile) @ client-runtime ---
[INFO] Changes detected - recompiling the module!
[INFO] Compiling 38 source files to /home/travis/build/Azure/azure-sdk-for-java/runtimes/client-runtime/target/classes
[WARNING] bootstrap class path not set in conjunction with -source 1.7
[WARNING] /home/travis/build/Azure/azure-sdk-for-java/runtimes/client-runtime/src/main/java/com/microsoft/rest/serializer/JacksonConverterFactory.java:[64,37] reader(com.fasterxml.jackson.databind.JavaType) in com.fasterxml.jackson.databind.ObjectMapper has been deprecated
[WARNING] /home/travis/build/Azure/azure-sdk-for-java/runtimes/client-runtime/src/main/java/com/microsoft/rest/Validator.java:[45,51] unchecked method invocation: method of in class com.google.common.reflect.TypeToken is applied to given types
  required: java.lang.Class<T>
  found: java.lang.Class
[WARNING] /home/travis/build/Azure/azure-sdk-for-java/runtimes/client-runtime/src/main/java/com/microsoft/rest/Validator.java:[45,52] unchecked conversion
  required: java.lang.Class<T>
  found:    java.lang.Class
[WARNING] /home/travis/build/Azure/azure-sdk-for-java/runtimes/client-runtime/src/main/java/com/microsoft/rest/serializer/FlatteningDeserializer.java:[97,40] put(java.lang.String,com.fasterxml.jackson.databind.JsonNode) in com.fasterxml.jackson.databind.node.ObjectNode has been deprecated
[WARNING] /home/travis/build/Azure/azure-sdk-for-java/runtimes/client-runtime/src/main/java/com/microsoft/rest/serializer/FlatteningSerializer.java:[117,33] put(java.lang.String,com.fasterxml.jackson.databind.JsonNode) in com.fasterxml.jackson.databind.node.ObjectNode has been deprecated
[INFO] 
[INFO] --- maven-resources-plugin:2.4.3:testResources (default-testResources) @ client-runtime ---
[INFO] Using 'UTF-8' encoding to copy filtered resources.
[INFO] skip non existing resourceDirectory /home/travis/build/Azure/azure-sdk-for-java/runtimes/client-runtime/src/test/resources
[INFO] 
[INFO] --- maven-compiler-plugin:3.1:testCompile (default-testCompile) @ client-runtime ---
[INFO] Changes detected - recompiling the module!
[INFO] Compiling 5 source files to /home/travis/build/Azure/azure-sdk-for-java/runtimes/client-runtime/target/test-classes
[WARNING] bootstrap class path not set in conjunction with -source 1.7
[INFO] 
[INFO] --- maven-surefire-plugin:2.18.1:test (default-test) @ client-runtime ---
[INFO] Tests are skipped.
[INFO] 
[INFO] --- maven-jar-plugin:2.4:jar (default-jar) @ client-runtime ---
[INFO] Building jar: /home/travis/build/Azure/azure-sdk-for-java/runtimes/client-runtime/target/client-runtime-1.0.0-SNAPSHOT.jar
[INFO] 
[INFO] --- maven-install-plugin:2.4:install (default-install) @ client-runtime ---
[INFO] Installing /home/travis/build/Azure/azure-sdk-for-java/runtimes/client-runtime/target/client-runtime-1.0.0-SNAPSHOT.jar to /home/travis/.m2/repository/com/microsoft/rest/client-runtime/1.0.0-SNAPSHOT/client-runtime-1.0.0-SNAPSHOT.jar
[INFO] Installing /home/travis/build/Azure/azure-sdk-for-java/runtimes/client-runtime/pom.xml to /home/travis/.m2/repository/com/microsoft/rest/client-runtime/1.0.0-SNAPSHOT/client-runtime-1.0.0-SNAPSHOT.pom
[INFO]                                                                         
[INFO] ------------------------------------------------------------------------
[INFO] Building Azure Java Client Runtime for AutoRest 1.0.0-SNAPSHOT
[INFO] ------------------------------------------------------------------------
[INFO] 
[INFO] --- maven-resources-plugin:2.4.3:resources (default-resources) @ azure-client-runtime ---
[INFO] Using 'UTF-8' encoding to copy filtered resources.
[INFO] skip non existing resourceDirectory /home/travis/build/Azure/azure-sdk-for-java/runtimes/azure-client-runtime/src/main/resources
[INFO] 
[INFO] --- maven-compiler-plugin:3.1:compile (default-compile) @ azure-client-runtime ---
[INFO] Changes detected - recompiling the module!
[INFO] Compiling 27 source files to /home/travis/build/Azure/azure-sdk-for-java/runtimes/azure-client-runtime/target/classes
[WARNING] bootstrap class path not set in conjunction with -source 1.7
[WARNING] /home/travis/build/Azure/azure-sdk-for-java/runtimes/azure-client-runtime/src/main/java/com/microsoft/azure/Graph.java:[77,22] unchecked call to visit(U) as a member of the raw type com.microsoft.azure.Graph.Visitor
[WARNING] /home/travis/build/Azure/azure-sdk-for-java/runtimes/azure-client-runtime/src/main/java/com/microsoft/azure/AzureResponse.java:[26,14] unchecked method invocation: constructor <init> in class com.microsoft.rest.ServiceResponse is applied to given types
  required: T,retrofit2.Response<okhttp3.ResponseBody>
  found: T,retrofit2.Response
[WARNING] /home/travis/build/Azure/azure-sdk-for-java/runtimes/azure-client-runtime/src/main/java/com/microsoft/azure/AzureResponse.java:[26,21] unchecked conversion
  required: retrofit2.Response<okhttp3.ResponseBody>
  found:    retrofit2.Response
[INFO] 
[INFO] --- maven-resources-plugin:2.4.3:testResources (default-testResources) @ azure-client-runtime ---
[INFO] Using 'UTF-8' encoding to copy filtered resources.
[INFO] skip non existing resourceDirectory /home/travis/build/Azure/azure-sdk-for-java/runtimes/azure-client-runtime/src/test/resources
[INFO] 
[INFO] --- maven-compiler-plugin:3.1:testCompile (default-testCompile) @ azure-client-runtime ---
[INFO] Changes detected - recompiling the module!
[INFO] Compiling 4 source files to /home/travis/build/Azure/azure-sdk-for-java/runtimes/azure-client-runtime/target/test-classes
[WARNING] bootstrap class path not set in conjunction with -source 1.7
[INFO] 
[INFO] --- maven-surefire-plugin:2.18.1:test (default-test) @ azure-client-runtime ---
[INFO] Tests are skipped.
[INFO] 
[INFO] --- maven-jar-plugin:2.4:jar (default-jar) @ azure-client-runtime ---
[INFO] Building jar: /home/travis/build/Azure/azure-sdk-for-java/runtimes/azure-client-runtime/target/azure-client-runtime-1.0.0-SNAPSHOT.jar
[INFO] 
[INFO] --- maven-install-plugin:2.4:install (default-install) @ azure-client-runtime ---
[INFO] Installing /home/travis/build/Azure/azure-sdk-for-java/runtimes/azure-client-runtime/target/azure-client-runtime-1.0.0-SNAPSHOT.jar to /home/travis/.m2/repository/com/microsoft/azure/azure-client-runtime/1.0.0-SNAPSHOT/azure-client-runtime-1.0.0-SNAPSHOT.jar
[INFO] Installing /home/travis/build/Azure/azure-sdk-for-java/runtimes/azure-client-runtime/pom.xml to /home/travis/.m2/repository/com/microsoft/azure/azure-client-runtime/1.0.0-SNAPSHOT/azure-client-runtime-1.0.0-SNAPSHOT.pom
[INFO]                                                                         
[INFO] ------------------------------------------------------------------------
[INFO] Building Azure Java Client Authentication Library for AutoRest 1.0.0-SNAPSHOT
[INFO] ------------------------------------------------------------------------
[INFO] Downloading: http://repo.maven.apache.org/maven2/com/microsoft/azure/adal4j/1.1.2/adal4j-1.1.2.pom
[INFO] Downloaded: http://repo.maven.apache.org/maven2/com/microsoft/azure/adal4j/1.1.2/adal4j-1.1.2.pom (6 KB at 294.8 KB/sec)
[INFO] Downloading: http://repo.maven.apache.org/maven2/com/nimbusds/oauth2-oidc-sdk/4.5/oauth2-oidc-sdk-4.5.pom
[INFO] Downloaded: http://repo.maven.apache.org/maven2/com/nimbusds/oauth2-oidc-sdk/4.5/oauth2-oidc-sdk-4.5.pom (7 KB at 316.8 KB/sec)
[INFO] Downloading: http://repo.maven.apache.org/maven2/javax/mail/mail/1.4.7/mail-1.4.7.pom
[INFO] Downloaded: http://repo.maven.apache.org/maven2/javax/mail/mail/1.4.7/mail-1.4.7.pom (6 KB at 273.2 KB/sec)
[INFO] Downloading: http://repo.maven.apache.org/maven2/com/sun/mail/all/1.4.7/all-1.4.7.pom
[INFO] Downloaded: http://repo.maven.apache.org/maven2/com/sun/mail/all/1.4.7/all-1.4.7.pom (20 KB at 906.9 KB/sec)
[INFO] Downloading: http://repo.maven.apache.org/maven2/net/java/jvnet-parent/1/jvnet-parent-1.pom
[INFO] Downloaded: http://repo.maven.apache.org/maven2/net/java/jvnet-parent/1/jvnet-parent-1.pom (5 KB at 219.1 KB/sec)
[INFO] Downloading: http://repo.maven.apache.org/maven2/javax/activation/activation/1.1/activation-1.1.pom
[INFO] Downloaded: http://repo.maven.apache.org/maven2/javax/activation/activation/1.1/activation-1.1.pom (2 KB at 49.2 KB/sec)
[INFO] Downloading: http://repo.maven.apache.org/maven2/net/jcip/jcip-annotations/1.0/jcip-annotations-1.0.pom
[INFO] Downloaded: http://repo.maven.apache.org/maven2/net/jcip/jcip-annotations/1.0/jcip-annotations-1.0.pom (491 B at 18.4 KB/sec)
[INFO] Downloading: http://repo.maven.apache.org/maven2/commons-codec/commons-codec/1.9/commons-codec-1.9.pom
[INFO] Downloaded: http://repo.maven.apache.org/maven2/commons-codec/commons-codec/1.9/commons-codec-1.9.pom (12 KB at 563.6 KB/sec)
[INFO] Downloading: http://repo.maven.apache.org/maven2/org/apache/commons/commons-parent/32/commons-parent-32.pom
[INFO] Downloaded: http://repo.maven.apache.org/maven2/org/apache/commons/commons-parent/32/commons-parent-32.pom (52 KB at 2454.6 KB/sec)
[INFO] Downloading: http://repo.maven.apache.org/maven2/net/minidev/json-smart/1.1.1/json-smart-1.1.1.pom
[INFO] Downloaded: http://repo.maven.apache.org/maven2/net/minidev/json-smart/1.1.1/json-smart-1.1.1.pom (2 KB at 60.0 KB/sec)
[INFO] Downloading: http://repo.maven.apache.org/maven2/net/minidev/parent/1.1.1/parent-1.1.1.pom
[INFO] Downloaded: http://repo.maven.apache.org/maven2/net/minidev/parent/1.1.1/parent-1.1.1.pom (11 KB at 530.0 KB/sec)
[INFO] Downloading: http://repo.maven.apache.org/maven2/com/nimbusds/lang-tag/1.4/lang-tag-1.4.pom
[INFO] Downloaded: http://repo.maven.apache.org/maven2/com/nimbusds/lang-tag/1.4/lang-tag-1.4.pom (6 KB at 208.0 KB/sec)
[INFO] Downloading: http://repo.maven.apache.org/maven2/com/nimbusds/nimbus-jose-jwt/3.1.2/nimbus-jose-jwt-3.1.2.pom
[INFO] Downloaded: http://repo.maven.apache.org/maven2/com/nimbusds/nimbus-jose-jwt/3.1.2/nimbus-jose-jwt-3.1.2.pom (11 KB at 482.9 KB/sec)
[INFO] Downloading: http://repo.maven.apache.org/maven2/org/bouncycastle/bcprov-jdk15on/1.51/bcprov-jdk15on-1.51.pom
[INFO] Downloaded: http://repo.maven.apache.org/maven2/org/bouncycastle/bcprov-jdk15on/1.51/bcprov-jdk15on-1.51.pom (2 KB at 49.1 KB/sec)
[INFO] Downloading: http://repo.maven.apache.org/maven2/com/google/code/gson/gson/2.2.4/gson-2.2.4.pom
[INFO] Downloaded: http://repo.maven.apache.org/maven2/com/google/code/gson/gson/2.2.4/gson-2.2.4.pom (8 KB at 413.1 KB/sec)
[INFO] Downloading: http://repo.maven.apache.org/maven2/org/slf4j/slf4j-api/1.7.5/slf4j-api-1.7.5.pom
[INFO] Downloaded: http://repo.maven.apache.org/maven2/org/slf4j/slf4j-api/1.7.5/slf4j-api-1.7.5.pom (3 KB at 119.4 KB/sec)
[INFO] Downloading: http://repo.maven.apache.org/maven2/org/slf4j/slf4j-parent/1.7.5/slf4j-parent-1.7.5.pom
[INFO] Downloaded: http://repo.maven.apache.org/maven2/org/slf4j/slf4j-parent/1.7.5/slf4j-parent-1.7.5.pom (12 KB at 501.2 KB/sec)
[INFO] Downloading: http://repo.maven.apache.org/maven2/commons-codec/commons-codec/1.10/commons-codec-1.10.pom
[INFO] Downloaded: http://repo.maven.apache.org/maven2/commons-codec/commons-codec/1.10/commons-codec-1.10.pom (12 KB at 298.3 KB/sec)
[INFO] Downloading: http://repo.maven.apache.org/maven2/org/apache/commons/commons-parent/35/commons-parent-35.pom
[INFO] Downloaded: http://repo.maven.apache.org/maven2/org/apache/commons/commons-parent/35/commons-parent-35.pom (57 KB at 2564.5 KB/sec)
[INFO] Downloading: http://repo.maven.apache.org/maven2/org/apache/apache/15/apache-15.pom
[INFO] Downloaded: http://repo.maven.apache.org/maven2/org/apache/apache/15/apache-15.pom (15 KB at 743.9 KB/sec)
[INFO] Downloading: http://repo.maven.apache.org/maven2/com/microsoft/azure/adal4j/1.1.2/adal4j-1.1.2.jar
[INFO] Downloading: http://repo.maven.apache.org/maven2/com/nimbusds/oauth2-oidc-sdk/4.5/oauth2-oidc-sdk-4.5.jar
[INFO] Downloading: http://repo.maven.apache.org/maven2/javax/mail/mail/1.4.7/mail-1.4.7.jar
[INFO] Downloading: http://repo.maven.apache.org/maven2/javax/activation/activation/1.1/activation-1.1.jar
[INFO] Downloading: http://repo.maven.apache.org/maven2/net/jcip/jcip-annotations/1.0/jcip-annotations-1.0.jar
[INFO] Downloaded: http://repo.maven.apache.org/maven2/com/microsoft/azure/adal4j/1.1.2/adal4j-1.1.2.jar (70 KB at 917.5 KB/sec)
[INFO] Downloading: http://repo.maven.apache.org/maven2/net/minidev/json-smart/1.1.1/json-smart-1.1.1.jar
[INFO] Downloaded: http://repo.maven.apache.org/maven2/net/jcip/jcip-annotations/1.0/jcip-annotations-1.0.jar (3 KB at 44.0 KB/sec)
[INFO] Downloading: http://repo.maven.apache.org/maven2/com/nimbusds/lang-tag/1.4/lang-tag-1.4.jar
[INFO] Downloaded: http://repo.maven.apache.org/maven2/com/nimbusds/oauth2-oidc-sdk/4.5/oauth2-oidc-sdk-4.5.jar (239 KB at 2877.6 KB/sec)
[INFO] Downloading: http://repo.maven.apache.org/maven2/com/nimbusds/nimbus-jose-jwt/3.1.2/nimbus-jose-jwt-3.1.2.jar
[INFO] Downloaded: http://repo.maven.apache.org/maven2/javax/mail/mail/1.4.7/mail-1.4.7.jar (509 KB at 6131.8 KB/sec)
[INFO] Downloading: http://repo.maven.apache.org/maven2/org/bouncycastle/bcprov-jdk15on/1.51/bcprov-jdk15on-1.51.jar
[INFO] Downloaded: http://repo.maven.apache.org/maven2/javax/activation/activation/1.1/activation-1.1.jar (62 KB at 946.3 KB/sec)
[INFO] Downloading: http://repo.maven.apache.org/maven2/com/google/code/gson/gson/2.2.4/gson-2.2.4.jar
[INFO] Downloaded: http://repo.maven.apache.org/maven2/net/minidev/json-smart/1.1.1/json-smart-1.1.1.jar (51 KB at 985.8 KB/sec)
[INFO] Downloading: http://repo.maven.apache.org/maven2/org/slf4j/slf4j-api/1.7.5/slf4j-api-1.7.5.jar
[INFO] Downloaded: http://repo.maven.apache.org/maven2/com/nimbusds/lang-tag/1.4/lang-tag-1.4.jar (10 KB at 182.7 KB/sec)
[INFO] Downloading: http://repo.maven.apache.org/maven2/commons-codec/commons-codec/1.10/commons-codec-1.10.jar
[INFO] Downloaded: http://repo.maven.apache.org/maven2/org/slf4j/slf4j-api/1.7.5/slf4j-api-1.7.5.jar (26 KB at 296.2 KB/sec)
[INFO] Downloaded: http://repo.maven.apache.org/maven2/commons-codec/commons-codec/1.10/commons-codec-1.10.jar (278 KB at 3189.9 KB/sec)
[INFO] Downloaded: http://repo.maven.apache.org/maven2/com/nimbusds/nimbus-jose-jwt/3.1.2/nimbus-jose-jwt-3.1.2.jar (171 KB at 1938.0 KB/sec)
[INFO] Downloaded: http://repo.maven.apache.org/maven2/com/google/code/gson/gson/2.2.4/gson-2.2.4.jar (186 KB at 1978.4 KB/sec)
[INFO] Downloaded: http://repo.maven.apache.org/maven2/org/bouncycastle/bcprov-jdk15on/1.51/bcprov-jdk15on-1.51.jar (2777 KB at 18757.0 KB/sec)
[INFO] 
[INFO] --- maven-resources-plugin:2.4.3:resources (default-resources) @ azure-client-authentication ---
[INFO] Using 'UTF-8' encoding to copy filtered resources.
[INFO] skip non existing resourceDirectory /home/travis/build/Azure/azure-sdk-for-java/runtimes/azure-client-authentication/src/main/resources
[INFO] 
[INFO] --- maven-compiler-plugin:3.1:compile (default-compile) @ azure-client-authentication ---
[INFO] Changes detected - recompiling the module!
[INFO] Compiling 3 source files to /home/travis/build/Azure/azure-sdk-for-java/runtimes/azure-client-authentication/target/classes
[WARNING] bootstrap class path not set in conjunction with -source 1.7
[INFO] 
[INFO] --- maven-resources-plugin:2.4.3:testResources (default-testResources) @ azure-client-authentication ---
[INFO] Using 'UTF-8' encoding to copy filtered resources.
[INFO] skip non existing resourceDirectory /home/travis/build/Azure/azure-sdk-for-java/runtimes/azure-client-authentication/src/test/resources
[INFO] 
[INFO] --- maven-compiler-plugin:3.1:testCompile (default-testCompile) @ azure-client-authentication ---
[INFO] Changes detected - recompiling the module!
[INFO] Compiling 1 source file to /home/travis/build/Azure/azure-sdk-for-java/runtimes/azure-client-authentication/target/test-classes
[WARNING] bootstrap class path not set in conjunction with -source 1.7
[INFO] 
[INFO] --- maven-surefire-plugin:2.18.1:test (default-test) @ azure-client-authentication ---
[INFO] Tests are skipped.
[INFO] 
[INFO] --- maven-jar-plugin:2.4:jar (default-jar) @ azure-client-authentication ---
[INFO] Building jar: /home/travis/build/Azure/azure-sdk-for-java/runtimes/azure-client-authentication/target/azure-client-authentication-1.0.0-SNAPSHOT.jar
[INFO] 
[INFO] --- maven-install-plugin:2.4:install (default-install) @ azure-client-authentication ---
[INFO] Installing /home/travis/build/Azure/azure-sdk-for-java/runtimes/azure-client-authentication/target/azure-client-authentication-1.0.0-SNAPSHOT.jar to /home/travis/.m2/repository/com/microsoft/azure/azure-client-authentication/1.0.0-SNAPSHOT/azure-client-authentication-1.0.0-SNAPSHOT.jar
[INFO] Installing /home/travis/build/Azure/azure-sdk-for-java/runtimes/azure-client-authentication/pom.xml to /home/travis/.m2/repository/com/microsoft/azure/azure-client-authentication/1.0.0-SNAPSHOT/azure-client-authentication-1.0.0-SNAPSHOT.pom
[INFO]                                                                         
[INFO] ------------------------------------------------------------------------
[INFO] Building Microsoft Azure SDK Parent 1.0.0-SNAPSHOT
[INFO] ------------------------------------------------------------------------
[INFO] 
[INFO] --- maven-install-plugin:2.4:install (default-install) @ azure-parent ---
[INFO] Installing /home/travis/build/Azure/azure-sdk-for-java/pom.xml to /home/travis/.m2/repository/com/microsoft/azure/azure-parent/1.0.0-SNAPSHOT/azure-parent-1.0.0-SNAPSHOT.pom
[INFO]                                                                         
[INFO] ------------------------------------------------------------------------
[INFO] Building Microsoft Azure SDK for Resource Management 1.0.0-SNAPSHOT
[INFO] ------------------------------------------------------------------------
[INFO] Downloading: http://repo.maven.apache.org/maven2/com/squareup/okhttp3/okhttp/3.2.0/okhttp-3.2.0.pom
[INFO] Downloaded: http://repo.maven.apache.org/maven2/com/squareup/okhttp3/okhttp/3.2.0/okhttp-3.2.0.pom (2 KB at 65.3 KB/sec)
[INFO] Downloading: http://repo.maven.apache.org/maven2/com/squareup/okhttp3/parent/3.2.0/parent-3.2.0.pom
[INFO] Downloaded: http://repo.maven.apache.org/maven2/com/squareup/okhttp3/parent/3.2.0/parent-3.2.0.pom (10 KB at 369.9 KB/sec)
[INFO] Downloading: http://repo.maven.apache.org/maven2/com/squareup/okio/okio/1.6.0/okio-1.6.0.pom
[INFO] Downloaded: http://repo.maven.apache.org/maven2/com/squareup/okio/okio/1.6.0/okio-1.6.0.pom (2 KB at 76.0 KB/sec)
[INFO] Downloading: http://repo.maven.apache.org/maven2/com/squareup/okio/okio-parent/1.6.0/okio-parent-1.6.0.pom
[INFO] Downloaded: http://repo.maven.apache.org/maven2/com/squareup/okio/okio-parent/1.6.0/okio-parent-1.6.0.pom (4 KB at 135.6 KB/sec)
[INFO] Downloading: http://repo.maven.apache.org/maven2/com/fasterxml/jackson/core/jackson-databind/2.6.3/jackson-databind-2.6.3.pom
[INFO] Downloaded: http://repo.maven.apache.org/maven2/com/fasterxml/jackson/core/jackson-databind/2.6.3/jackson-databind-2.6.3.pom (6 KB at 282.0 KB/sec)
[INFO] Downloading: http://repo.maven.apache.org/maven2/com/fasterxml/jackson/jackson-parent/2.6.1/jackson-parent-2.6.1.pom
[INFO] Downloaded: http://repo.maven.apache.org/maven2/com/fasterxml/jackson/jackson-parent/2.6.1/jackson-parent-2.6.1.pom (8 KB at 292.8 KB/sec)
[INFO] Downloading: http://repo.maven.apache.org/maven2/com/fasterxml/oss-parent/23/oss-parent-23.pom
[INFO] Downloaded: http://repo.maven.apache.org/maven2/com/fasterxml/oss-parent/23/oss-parent-23.pom (19 KB at 897.2 KB/sec)
[INFO] Downloading: http://repo.maven.apache.org/maven2/com/fasterxml/jackson/core/jackson-annotations/2.6.0/jackson-annotations-2.6.0.pom
[INFO] Downloaded: http://repo.maven.apache.org/maven2/com/fasterxml/jackson/core/jackson-annotations/2.6.0/jackson-annotations-2.6.0.pom (2 KB at 41.0 KB/sec)
[INFO] Downloading: http://repo.maven.apache.org/maven2/com/fasterxml/jackson/core/jackson-core/2.6.3/jackson-core-2.6.3.pom
[INFO] Downloaded: http://repo.maven.apache.org/maven2/com/fasterxml/jackson/core/jackson-core/2.6.3/jackson-core-2.6.3.pom (5 KB at 226.3 KB/sec)
[INFO] Downloading: http://repo.maven.apache.org/maven2/com/microsoft/azure/azure-client-authentication/1.0.0-beta1/azure-client-authentication-1.0.0-beta1.pom
[INFO] Downloaded: http://repo.maven.apache.org/maven2/com/microsoft/azure/azure-client-authentication/1.0.0-beta1/azure-client-authentication-1.0.0-beta1.pom (3 KB at 101.7 KB/sec)
[INFO] Downloading: http://repo.maven.apache.org/maven2/org/apache/commons/commons-lang3/3.3.1/commons-lang3-3.3.1.pom
[INFO] Downloaded: http://repo.maven.apache.org/maven2/org/apache/commons/commons-lang3/3.3.1/commons-lang3-3.3.1.pom (20 KB at 995.9 KB/sec)
[INFO] Downloading: http://repo.maven.apache.org/maven2/org/apache/commons/commons-parent/33/commons-parent-33.pom
[INFO] Downloaded: http://repo.maven.apache.org/maven2/org/apache/commons/commons-parent/33/commons-parent-33.pom (52 KB at 2073.8 KB/sec)
[INFO] Downloading: http://repo.maven.apache.org/maven2/com/microsoft/rest/client-runtime/1.0.0-beta1/client-runtime-1.0.0-beta1.pom
[INFO] Downloaded: http://repo.maven.apache.org/maven2/com/microsoft/rest/client-runtime/1.0.0-beta1/client-runtime-1.0.0-beta1.pom (4 KB at 125.5 KB/sec)
[INFO] Downloading: http://repo.maven.apache.org/maven2/com/squareup/okhttp3/logging-interceptor/3.1.1/logging-interceptor-3.1.1.pom
[INFO] Downloaded: http://repo.maven.apache.org/maven2/com/squareup/okhttp3/logging-interceptor/3.1.1/logging-interceptor-3.1.1.pom (2 KB at 57.5 KB/sec)
[INFO] Downloading: http://repo.maven.apache.org/maven2/com/squareup/okhttp3/parent/3.1.1/parent-3.1.1.pom
[INFO] Downloaded: http://repo.maven.apache.org/maven2/com/squareup/okhttp3/parent/3.1.1/parent-3.1.1.pom (10 KB at 462.4 KB/sec)
[INFO] Downloading: http://repo.maven.apache.org/maven2/com/squareup/okhttp3/okhttp/3.1.1/okhttp-3.1.1.pom
[INFO] Downloaded: http://repo.maven.apache.org/maven2/com/squareup/okhttp3/okhttp/3.1.1/okhttp-3.1.1.pom (2 KB at 75.1 KB/sec)
[INFO] Downloading: http://repo.maven.apache.org/maven2/com/squareup/retrofit2/retrofit/2.0.0-beta4/retrofit-2.0.0-beta4.pom
[INFO] Downloaded: http://repo.maven.apache.org/maven2/com/squareup/retrofit2/retrofit/2.0.0-beta4/retrofit-2.0.0-beta4.pom (2 KB at 82.7 KB/sec)
[INFO] Downloading: http://repo.maven.apache.org/maven2/com/squareup/retrofit2/parent/2.0.0-beta4/parent-2.0.0-beta4.pom
[INFO] Downloaded: http://repo.maven.apache.org/maven2/com/squareup/retrofit2/parent/2.0.0-beta4/parent-2.0.0-beta4.pom (9 KB at 410.7 KB/sec)
[INFO] Downloading: http://repo.maven.apache.org/maven2/com/squareup/okhttp3/okhttp/3.0.1/okhttp-3.0.1.pom
[INFO] Downloaded: http://repo.maven.apache.org/maven2/com/squareup/okhttp3/okhttp/3.0.1/okhttp-3.0.1.pom (2 KB at 48.5 KB/sec)
[INFO] Downloading: http://repo.maven.apache.org/maven2/com/squareup/okhttp3/parent/3.0.1/parent-3.0.1.pom
[INFO] Downloaded: http://repo.maven.apache.org/maven2/com/squareup/okhttp3/parent/3.0.1/parent-3.0.1.pom (10 KB at 462.4 KB/sec)
[INFO] Downloading: http://repo.maven.apache.org/maven2/com/fasterxml/jackson/datatype/jackson-datatype-joda/2.7.1/jackson-datatype-joda-2.7.1.pom
[INFO] Downloaded: http://repo.maven.apache.org/maven2/com/fasterxml/jackson/datatype/jackson-datatype-joda/2.7.1/jackson-datatype-joda-2.7.1.pom (4 KB at 137.3 KB/sec)
[INFO] Downloading: http://repo.maven.apache.org/maven2/com/squareup/retrofit2/converter-jackson/2.0.0-beta4/converter-jackson-2.0.0-beta4.pom
[INFO] Downloaded: http://repo.maven.apache.org/maven2/com/squareup/retrofit2/converter-jackson/2.0.0-beta4/converter-jackson-2.0.0-beta4.pom (2 KB at 61.7 KB/sec)
[INFO] Downloading: http://repo.maven.apache.org/maven2/com/squareup/retrofit2/retrofit-converters/2.0.0-beta4/retrofit-converters-2.0.0-beta4.pom
[INFO] Downloaded: http://repo.maven.apache.org/maven2/com/squareup/retrofit2/retrofit-converters/2.0.0-beta4/retrofit-converters-2.0.0-beta4.pom (802 B at 14.2 KB/sec)
[INFO] Downloading: http://repo.maven.apache.org/maven2/com/squareup/okhttp3/okhttp/3.1.2/okhttp-3.1.2.pom
[INFO] Downloaded: http://repo.maven.apache.org/maven2/com/squareup/okhttp3/okhttp/3.1.2/okhttp-3.1.2.pom (2 KB at 75.1 KB/sec)
[INFO] Downloading: http://repo.maven.apache.org/maven2/com/squareup/okhttp3/parent/3.1.2/parent-3.1.2.pom
[INFO] Downloaded: http://repo.maven.apache.org/maven2/com/squareup/okhttp3/parent/3.1.2/parent-3.1.2.pom (10 KB at 440.4 KB/sec)
[INFO] Downloading: http://repo.maven.apache.org/maven2/com/squareup/okhttp3/okhttp-urlconnection/3.1.1/okhttp-urlconnection-3.1.1.pom
[INFO] Downloaded: http://repo.maven.apache.org/maven2/com/squareup/okhttp3/okhttp-urlconnection/3.1.1/okhttp-urlconnection-3.1.1.pom (2 KB at 77.2 KB/sec)
[INFO] Downloading: http://repo.maven.apache.org/maven2/com/fasterxml/jackson/core/jackson-databind/2.6.3/jackson-databind-2.6.3.jar
[INFO] Downloading: http://repo.maven.apache.org/maven2/com/fasterxml/jackson/core/jackson-core/2.6.3/jackson-core-2.6.3.jar
[INFO] Downloading: http://repo.maven.apache.org/maven2/com/microsoft/azure/azure-client-authentication/1.0.0-beta1/azure-client-authentication-1.0.0-beta1.jar
[INFO] Downloaded: http://repo.maven.apache.org/maven2/com/fasterxml/jackson/core/jackson-core/2.6.3/jackson-core-2.6.3.jar (253 KB at 5617.9 KB/sec)
[INFO] Downloaded: http://repo.maven.apache.org/maven2/com/microsoft/azure/azure-client-authentication/1.0.0-beta1/azure-client-authentication-1.0.0-beta1.jar (11 KB at 228.2 KB/sec)
[INFO] Downloaded: http://repo.maven.apache.org/maven2/com/fasterxml/jackson/core/jackson-databind/2.6.3/jackson-databind-2.6.3.jar (1144 KB at 24855.7 KB/sec)
[INFO] 
[INFO] --- maven-resources-plugin:2.4.3:resources (default-resources) @ azure-mgmt-resources ---
[INFO] Using 'UTF-8' encoding to copy filtered resources.
[INFO] skip non existing resourceDirectory /home/travis/build/Azure/azure-sdk-for-java/azure-mgmt-resources/src/main/resources
[INFO] 
[INFO] --- maven-compiler-plugin:3.1:compile (default-compile) @ azure-mgmt-resources ---
[INFO] Changes detected - recompiling the module!
[INFO] Compiling 147 source files to /home/travis/build/Azure/azure-sdk-for-java/azure-mgmt-resources/target/classes
[WARNING] bootstrap class path not set in conjunction with -source 1.7
[WARNING] /home/travis/build/Azure/azure-sdk-for-java/azure-mgmt-resources/src/main/java/com/microsoft/azure/management/resources/fluentcore/arm/implementation/AzureConfigurableImpl.java:[33,20] unchecked cast
  required: T
  found:    com.microsoft.azure.management.resources.fluentcore.arm.implementation.AzureConfigurableImpl<T>
[WARNING] /home/travis/build/Azure/azure-sdk-for-java/azure-mgmt-resources/src/main/java/com/microsoft/azure/management/resources/fluentcore/arm/implementation/AzureConfigurableImpl.java:[39,20] unchecked cast
  required: T
  found:    com.microsoft.azure.management.resources.fluentcore.arm.implementation.AzureConfigurableImpl<T>
[WARNING] /home/travis/build/Azure/azure-sdk-for-java/azure-mgmt-resources/src/main/java/com/microsoft/azure/management/resources/fluentcore/arm/implementation/AzureConfigurableImpl.java:[45,20] unchecked cast
  required: T
  found:    com.microsoft.azure.management.resources.fluentcore.arm.implementation.AzureConfigurableImpl<T>
[INFO] 
[INFO] --- maven-resources-plugin:2.4.3:testResources (default-testResources) @ azure-mgmt-resources ---
[INFO] Using 'UTF-8' encoding to copy filtered resources.
[INFO] skip non existing resourceDirectory /home/travis/build/Azure/azure-sdk-for-java/azure-mgmt-resources/src/test/resources
[INFO] 
[INFO] --- maven-compiler-plugin:3.1:testCompile (default-testCompile) @ azure-mgmt-resources ---
[INFO] Changes detected - recompiling the module!
[INFO] Compiling 5 source files to /home/travis/build/Azure/azure-sdk-for-java/azure-mgmt-resources/target/test-classes
[WARNING] bootstrap class path not set in conjunction with -source 1.7
[INFO] 
[INFO] --- maven-surefire-plugin:2.18.1:test (default-test) @ azure-mgmt-resources ---
[INFO] Tests are skipped.
[INFO] 
[INFO] --- maven-jar-plugin:2.4:jar (default-jar) @ azure-mgmt-resources ---
[INFO] Building jar: /home/travis/build/Azure/azure-sdk-for-java/azure-mgmt-resources/target/azure-mgmt-resources-1.0.0-SNAPSHOT.jar
[INFO] 
[INFO] --- maven-install-plugin:2.4:install (default-install) @ azure-mgmt-resources ---
[INFO] Installing /home/travis/build/Azure/azure-sdk-for-java/azure-mgmt-resources/target/azure-mgmt-resources-1.0.0-SNAPSHOT.jar to /home/travis/.m2/repository/com/microsoft/azure/azure-mgmt-resources/1.0.0-SNAPSHOT/azure-mgmt-resources-1.0.0-SNAPSHOT.jar
[INFO] Installing /home/travis/build/Azure/azure-sdk-for-java/azure-mgmt-resources/pom.xml to /home/travis/.m2/repository/com/microsoft/azure/azure-mgmt-resources/1.0.0-SNAPSHOT/azure-mgmt-resources-1.0.0-SNAPSHOT.pom
[INFO]                                                                         
[INFO] ------------------------------------------------------------------------
[INFO] Building Microsoft Azure SDK for Storage Management 1.0.0-SNAPSHOT
[INFO] ------------------------------------------------------------------------
[INFO] 
[INFO] --- maven-resources-plugin:2.4.3:resources (default-resources) @ azure-mgmt-storage ---
[INFO] Using 'UTF-8' encoding to copy filtered resources.
[INFO] skip non existing resourceDirectory /home/travis/build/Azure/azure-sdk-for-java/azure-mgmt-storage/src/main/resources
[INFO] 
[INFO] --- maven-compiler-plugin:3.1:compile (default-compile) @ azure-mgmt-storage ---
[INFO] Changes detected - recompiling the module!
[INFO] Compiling 47 source files to /home/travis/build/Azure/azure-sdk-for-java/azure-mgmt-storage/target/classes
[WARNING] bootstrap class path not set in conjunction with -source 1.7
[INFO] 
[INFO] --- maven-resources-plugin:2.4.3:testResources (default-testResources) @ azure-mgmt-storage ---
[INFO] Using 'UTF-8' encoding to copy filtered resources.
[INFO] skip non existing resourceDirectory /home/travis/build/Azure/azure-sdk-for-java/azure-mgmt-storage/src/test/resources
[INFO] 
[INFO] --- maven-compiler-plugin:3.1:testCompile (default-testCompile) @ azure-mgmt-storage ---
[INFO] Changes detected - recompiling the module!
[INFO] Compiling 3 source files to /home/travis/build/Azure/azure-sdk-for-java/azure-mgmt-storage/target/test-classes
[WARNING] bootstrap class path not set in conjunction with -source 1.7
[INFO] 
[INFO] --- maven-surefire-plugin:2.18.1:test (default-test) @ azure-mgmt-storage ---
[INFO] Tests are skipped.
[INFO] 
[INFO] --- maven-jar-plugin:2.4:jar (default-jar) @ azure-mgmt-storage ---
[INFO] Building jar: /home/travis/build/Azure/azure-sdk-for-java/azure-mgmt-storage/target/azure-mgmt-storage-1.0.0-SNAPSHOT.jar
[INFO] 
[INFO] --- maven-install-plugin:2.4:install (default-install) @ azure-mgmt-storage ---
[INFO] Installing /home/travis/build/Azure/azure-sdk-for-java/azure-mgmt-storage/target/azure-mgmt-storage-1.0.0-SNAPSHOT.jar to /home/travis/.m2/repository/com/microsoft/azure/azure-mgmt-storage/1.0.0-SNAPSHOT/azure-mgmt-storage-1.0.0-SNAPSHOT.jar
[INFO] Installing /home/travis/build/Azure/azure-sdk-for-java/azure-mgmt-storage/pom.xml to /home/travis/.m2/repository/com/microsoft/azure/azure-mgmt-storage/1.0.0-SNAPSHOT/azure-mgmt-storage-1.0.0-SNAPSHOT.pom
[INFO]                                                                         
[INFO] ------------------------------------------------------------------------
[INFO] Building Microsoft Azure SDK for Network Management 1.0.0-SNAPSHOT
[INFO] ------------------------------------------------------------------------
[INFO] 
[INFO] --- maven-resources-plugin:2.4.3:resources (default-resources) @ azure-mgmt-network ---
[INFO] Using 'UTF-8' encoding to copy filtered resources.
[INFO] skip non existing resourceDirectory /home/travis/build/Azure/azure-sdk-for-java/azure-mgmt-network/src/main/resources
[INFO] 
[INFO] --- maven-compiler-plugin:3.1:compile (default-compile) @ azure-mgmt-network ---
[INFO] Changes detected - recompiling the module!
[INFO] Compiling 141 source files to /home/travis/build/Azure/azure-sdk-for-java/azure-mgmt-network/target/classes
[WARNING] bootstrap class path not set in conjunction with -source 1.7
[WARNING] /home/travis/build/Azure/azure-sdk-for-java/azure-mgmt-network/src/main/java/com/microsoft/azure/management/network/implementation/NetworkInterfaceImpl.java:[172,35] defineSecondaryIpConfiguration(java.lang.String) in com.microsoft.azure.management.network.implementation.NetworkInterfaceImpl implements defineSecondaryIpConfiguration(java.lang.String) in com.microsoft.azure.management.network.NetworkInterface.DefinitionCreatable
  return type requires unchecked conversion from com.microsoft.azure.management.network.implementation.NicIpConfigurationImpl to com.microsoft.azure.management.network.NicIpConfiguration.DefinitionBlank<com.microsoft.azure.management.network.NetworkInterface.DefinitionCreatable>
[WARNING] /home/travis/build/Azure/azure-sdk-for-java/azure-mgmt-network/src/main/java/com/microsoft/azure/management/network/implementation/NetworkInterfaceImpl.java:[177,35] updateIpConfiguration(java.lang.String) in com.microsoft.azure.management.network.implementation.NetworkInterfaceImpl implements updateIpConfiguration(java.lang.String) in com.microsoft.azure.management.network.NetworkInterface.Update
  return type requires unchecked conversion from com.microsoft.azure.management.network.implementation.NicIpConfigurationImpl to com.microsoft.azure.management.network.NicIpConfiguration.Update<com.microsoft.azure.management.network.NetworkInterface.Update>
[WARNING] /home/travis/build/Azure/azure-sdk-for-java/azure-mgmt-network/src/main/java/com/microsoft/azure/management/network/implementation/NetworkInterfaceImpl.java:[172,35] defineSecondaryIpConfiguration(java.lang.String) in com.microsoft.azure.management.network.implementation.NetworkInterfaceImpl implements defineSecondaryIpConfiguration(java.lang.String) in com.microsoft.azure.management.network.NetworkInterface.Update
  return type requires unchecked conversion from com.microsoft.azure.management.network.implementation.NicIpConfigurationImpl to com.microsoft.azure.management.network.NicIpConfiguration.DefinitionBlank<com.microsoft.azure.management.network.NetworkInterface.Update>
[INFO] 
[INFO] --- maven-resources-plugin:2.4.3:testResources (default-testResources) @ azure-mgmt-network ---
[INFO] Using 'UTF-8' encoding to copy filtered resources.
[INFO] skip non existing resourceDirectory /home/travis/build/Azure/azure-sdk-for-java/azure-mgmt-network/src/test/resources
[INFO] 
[INFO] --- maven-compiler-plugin:3.1:testCompile (default-testCompile) @ azure-mgmt-network ---
[INFO] No sources to compile
[INFO] 
[INFO] --- maven-surefire-plugin:2.18.1:test (default-test) @ azure-mgmt-network ---
[INFO] Tests are skipped.
[INFO] 
[INFO] --- maven-jar-plugin:2.4:jar (default-jar) @ azure-mgmt-network ---
[INFO] Building jar: /home/travis/build/Azure/azure-sdk-for-java/azure-mgmt-network/target/azure-mgmt-network-1.0.0-SNAPSHOT.jar
[INFO] 
[INFO] --- maven-install-plugin:2.4:install (default-install) @ azure-mgmt-network ---
[INFO] Installing /home/travis/build/Azure/azure-sdk-for-java/azure-mgmt-network/target/azure-mgmt-network-1.0.0-SNAPSHOT.jar to /home/travis/.m2/repository/com/microsoft/azure/azure-mgmt-network/1.0.0-SNAPSHOT/azure-mgmt-network-1.0.0-SNAPSHOT.jar
[INFO] Installing /home/travis/build/Azure/azure-sdk-for-java/azure-mgmt-network/pom.xml to /home/travis/.m2/repository/com/microsoft/azure/azure-mgmt-network/1.0.0-SNAPSHOT/azure-mgmt-network-1.0.0-SNAPSHOT.pom
[INFO]                                                                         
[INFO] ------------------------------------------------------------------------
[INFO] Building Microsoft Azure SDK for Compute Management 1.0.0-SNAPSHOT
[INFO] ------------------------------------------------------------------------
[INFO] 
[INFO] --- maven-resources-plugin:2.4.3:resources (default-resources) @ azure-mgmt-compute ---
[INFO] Using 'UTF-8' encoding to copy filtered resources.
[INFO] skip non existing resourceDirectory /home/travis/build/Azure/azure-sdk-for-java/azure-mgmt-compute/src/main/resources
[INFO] 
[INFO] --- maven-compiler-plugin:3.1:compile (default-compile) @ azure-mgmt-compute ---
[INFO] Changes detected - recompiling the module!
[INFO] Compiling 121 source files to /home/travis/build/Azure/azure-sdk-for-java/azure-mgmt-compute/target/classes
[INFO] -------------------------------------------------------------
[WARNING] COMPILATION WARNING : 
[INFO] -------------------------------------------------------------
[WARNING] bootstrap class path not set in conjunction with -source 1.7
[WARNING] /home/travis/build/Azure/azure-sdk-for-java/azure-mgmt-compute/src/main/java/com/microsoft/azure/management/compute/implementation/VirtualMachineImpl.java:[655,25] updateDataDisk(java.lang.String) in com.microsoft.azure.management.compute.implementation.VirtualMachineImpl implements updateDataDisk(java.lang.String) in com.microsoft.azure.management.compute.VirtualMachine.Update
  return type requires unchecked conversion from com.microsoft.azure.management.compute.implementation.DataDiskImpl to com.microsoft.azure.management.compute.DataDisk.Update<com.microsoft.azure.management.compute.VirtualMachine.Update>
[WARNING] /home/travis/build/Azure/azure-sdk-for-java/azure-mgmt-compute/src/main/java/com/microsoft/azure/management/compute/implementation/VirtualMachineImpl.java:[530,25] defineExistingDataDisk(java.lang.String) in com.microsoft.azure.management.compute.implementation.VirtualMachineImpl implements defineExistingDataDisk(java.lang.String) in com.microsoft.azure.management.compute.VirtualMachine.Update
  return type requires unchecked conversion from com.microsoft.azure.management.compute.implementation.DataDiskImpl to com.microsoft.azure.management.compute.DataDisk.DefinitionAttachExistingDataDisk<com.microsoft.azure.management.compute.VirtualMachine.Update>
[WARNING] /home/travis/build/Azure/azure-sdk-for-java/azure-mgmt-compute/src/main/java/com/microsoft/azure/management/compute/implementation/VirtualMachineImpl.java:[523,25] defineNewDataDisk(java.lang.String) in com.microsoft.azure.management.compute.implementation.VirtualMachineImpl implements defineNewDataDisk(java.lang.String) in com.microsoft.azure.management.compute.VirtualMachine.Update
  return type requires unchecked conversion from com.microsoft.azure.management.compute.implementation.DataDiskImpl to com.microsoft.azure.management.compute.DataDisk.DefinitionAttachNewDataDisk<com.microsoft.azure.management.compute.VirtualMachine.Update>
[WARNING] /home/travis/build/Azure/azure-sdk-for-java/azure-mgmt-compute/src/main/java/com/microsoft/azure/management/compute/implementation/VirtualMachineImpl.java:[530,25] defineExistingDataDisk(java.lang.String) in com.microsoft.azure.management.compute.implementation.VirtualMachineImpl implements defineExistingDataDisk(java.lang.String) in com.microsoft.azure.management.compute.VirtualMachine.DefinitionWithDataDisk
  return type requires unchecked conversion from com.microsoft.azure.management.compute.implementation.DataDiskImpl to com.microsoft.azure.management.compute.DataDisk.DefinitionAttachExistingDataDisk<com.microsoft.azure.management.compute.VirtualMachine.DefinitionCreatable>
[WARNING] /home/travis/build/Azure/azure-sdk-for-java/azure-mgmt-compute/src/main/java/com/microsoft/azure/management/compute/implementation/VirtualMachineImpl.java:[523,25] defineNewDataDisk(java.lang.String) in com.microsoft.azure.management.compute.implementation.VirtualMachineImpl implements defineNewDataDisk(java.lang.String) in com.microsoft.azure.management.compute.VirtualMachine.DefinitionWithDataDisk
  return type requires unchecked conversion from com.microsoft.azure.management.compute.implementation.DataDiskImpl to com.microsoft.azure.management.compute.DataDisk.DefinitionAttachNewDataDisk<com.microsoft.azure.management.compute.VirtualMachine.DefinitionCreatable>
[WARNING] /home/travis/build/Azure/azure-sdk-for-java/azure-mgmt-compute/src/main/java/com/microsoft/azure/management/compute/implementation/VirtualMachineImpl.java:[742,23] unchecked call to add(E) as a member of the raw type java.util.List
[WARNING] /home/travis/build/Azure/azure-sdk-for-java/azure-mgmt-compute/src/main/java/com/microsoft/azure/management/compute/implementation/VirtualMachineImpl.java:[744,16] unchecked conversion
  required: java.util.List<java.lang.String>
  found:    java.util.List
[INFO] 8 warnings 
[INFO] -------------------------------------------------------------
[INFO] -------------------------------------------------------------
[ERROR] COMPILATION ERROR : 
[INFO] -------------------------------------------------------------
[ERROR] /home/travis/build/Azure/azure-sdk-for-java/azure-mgmt-compute/src/main/java/com/microsoft/azure/management/compute/implementation/VirtualMachineImpl.java:[892,38] cannot find symbol
  symbol:   variable AccountType
  location: class com.microsoft.azure.management.compute.implementation.VirtualMachineImpl
[INFO] 1 error
[INFO] -------------------------------------------------------------
[INFO] ------------------------------------------------------------------------
[INFO] Reactor Summary:
[INFO] 
[INFO] AutoRest Client Runtimes for Java .................. SUCCESS [  4.567 s]
[INFO] Build tools for AutoRest client runtime for Java ... SUCCESS [ 13.931 s]
[INFO] Java Client Runtime for AutoRest ................... SUCCESS [  7.601 s]
[INFO] Azure Java Client Runtime for AutoRest ............. SUCCESS [  2.510 s]
[INFO] Azure Java Client Authentication Library for AutoRest SUCCESS [  1.183 s]
[INFO] Microsoft Azure SDK Parent ......................... SUCCESS [  0.008 s]
[INFO] Microsoft Azure SDK for Resource Management ........ SUCCESS [  6.290 s]
[INFO] Microsoft Azure SDK for Storage Management ......... SUCCESS [  0.678 s]
[INFO] Microsoft Azure SDK for Network Management ......... SUCCESS [  4.326 s]
[INFO] Microsoft Azure SDK for Compute Management ......... FAILURE [  2.006 s]
[INFO] Microsoft Azure SDK ................................ SKIPPED
[INFO] Microsoft Azure SDK for Batch Service .............. SKIPPED
[INFO] Microsoft Azure SDK for Website Management ......... SKIPPED
[INFO] Microsoft Azure SDK for Data Lake Store Management . SKIPPED
[INFO] Microsoft Azure SDK for Data Lake Analytics Management SKIPPED
[INFO] Microsoft Azure SDK for Data Lake Store Data Uploading SKIPPED
[INFO] ------------------------------------------------------------------------
[INFO] BUILD FAILURE
[INFO] ------------------------------------------------------------------------
[INFO] Total time: 43.437 s
[INFO] Finished at: 2016-06-13T15:58:47+00:00
[INFO] Final Memory: 30M/338M
[INFO] ------------------------------------------------------------------------
[ERROR] Failed to execute goal org.apache.maven.plugins:maven-compiler-plugin:3.1:compile (default-compile) on project azure-mgmt-compute: Compilation failure
[ERROR] /home/travis/build/Azure/azure-sdk-for-java/azure-mgmt-compute/src/main/java/com/microsoft/azure/management/compute/implementation/VirtualMachineImpl.java:[892,38] cannot find symbol
[ERROR] symbol:   variable AccountType
[ERROR] location: class com.microsoft.azure.management.compute.implementation.VirtualMachineImpl
[ERROR] -> [Help 1]
[ERROR] 
[ERROR] To see the full stack trace of the errors, re-run Maven with the -e switch.
[ERROR] Re-run Maven using the -X switch to enable full debug logging.
[ERROR] 
[ERROR] For more information about the errors and possible solutions, please read the following articles:
[ERROR] [Help 1] http://cwiki.apache.org/confluence/display/MAVEN/MojoFailureException
[ERROR] 
[ERROR] After correcting the problems, you can resume the build with the command
[ERROR]   mvn <goals> -rf :azure-mgmt-compute

[31;1mThe command "eval mvn install -DskipTests=true -Dmaven.javadoc.skip=true -B -V" failed. Retrying, 2 of 3.[0m

Java HotSpot(TM) 64-Bit Server VM warning: ignoring option MaxPermSize=192m; support was removed in 8.0
Apache Maven 3.2.5 (12a6b3acb947671f09b81f49094c53f426d8cea1; 2014-12-14T17:29:23+00:00)
Maven home: /usr/local/maven
Java version: 1.8.0_31, vendor: Oracle Corporation
Java home: /usr/lib/jvm/java-8-oracle/jre
Default locale: en_US, platform encoding: UTF-8
OS name: "linux", version: "3.13.0-40-generic", arch: "amd64", family: "unix"
[INFO] Scanning for projects...
[WARNING] 
[WARNING] Some problems were encountered while building the effective model for com.microsoft.rest:client-runtime:jar:1.0.0-SNAPSHOT
[WARNING] 'build.plugins.plugin.version' for org.codehaus.mojo:build-helper-maven-plugin is missing. @ com.microsoft.rest:client-runtime:[unknown-version], /home/travis/build/Azure/azure-sdk-for-java/runtimes/client-runtime/pom.xml, line 100, column 15
[WARNING] 
[WARNING] Some problems were encountered while building the effective model for com.microsoft.azure:azure-client-runtime:jar:1.0.0-SNAPSHOT
[WARNING] 'build.plugins.plugin.version' for org.codehaus.mojo:build-helper-maven-plugin is missing. @ com.microsoft.azure:azure-client-runtime:[unknown-version], /home/travis/build/Azure/azure-sdk-for-java/runtimes/azure-client-runtime/pom.xml, line 76, column 15
[WARNING] The expression ${parent.version} is deprecated. Please use ${project.parent.version} instead.
[WARNING] 
[WARNING] Some problems were encountered while building the effective model for com.microsoft.azure:azure-client-authentication:jar:1.0.0-SNAPSHOT
[WARNING] 'build.plugins.plugin.version' for org.codehaus.mojo:build-helper-maven-plugin is missing. @ com.microsoft.azure:azure-client-authentication:[unknown-version], /home/travis/build/Azure/azure-sdk-for-java/runtimes/azure-client-authentication/pom.xml, line 81, column 15
[WARNING] 
[WARNING] Some problems were encountered while building the effective model for com.microsoft.azure:azure:jar:1.0.0-SNAPSHOT
[WARNING] 'build.plugins.plugin.version' for org.apache.maven.plugins:maven-jar-plugin is missing. @ com.microsoft.azure:azure:[unknown-version], /home/travis/build/Azure/azure-sdk-for-java/azure/pom.xml, line 93, column 15
[WARNING] 'build.plugins.plugin.version' for org.codehaus.mojo:build-helper-maven-plugin is missing. @ com.microsoft.azure:azure:[unknown-version], /home/travis/build/Azure/azure-sdk-for-java/azure/pom.xml, line 120, column 15
[WARNING] 
[WARNING] Some problems were encountered while building the effective model for com.microsoft.azure:azure-batch:jar:1.0.0-SNAPSHOT
[WARNING] 'build.plugins.plugin.version' for org.apache.maven.plugins:maven-jar-plugin is missing. @ com.microsoft.azure:azure-batch:[unknown-version], /home/travis/build/Azure/azure-sdk-for-java/azure-batch/pom.xml, line 73, column 15
[WARNING] 'build.plugins.plugin.version' for org.codehaus.mojo:build-helper-maven-plugin is missing. @ com.microsoft.azure:azure-batch:[unknown-version], /home/travis/build/Azure/azure-sdk-for-java/azure-batch/pom.xml, line 100, column 15
[WARNING] 
[WARNING] Some problems were encountered while building the effective model for com.microsoft.azure:azure-mgmt-compute:jar:1.0.0-SNAPSHOT
[WARNING] 'build.plugins.plugin.version' for org.apache.maven.plugins:maven-jar-plugin is missing. @ com.microsoft.azure:azure-mgmt-compute:[unknown-version], /home/travis/build/Azure/azure-sdk-for-java/azure-mgmt-compute/pom.xml, line 83, column 15
[WARNING] 'build.plugins.plugin.version' for org.codehaus.mojo:build-helper-maven-plugin is missing. @ com.microsoft.azure:azure-mgmt-compute:[unknown-version], /home/travis/build/Azure/azure-sdk-for-java/azure-mgmt-compute/pom.xml, line 104, column 15
[WARNING] 
[WARNING] Some problems were encountered while building the effective model for com.microsoft.azure:azure-mgmt-resources:jar:1.0.0-SNAPSHOT
[WARNING] 'build.plugins.plugin.version' for org.apache.maven.plugins:maven-jar-plugin is missing. @ com.microsoft.azure:azure-mgmt-resources:[unknown-version], /home/travis/build/Azure/azure-sdk-for-java/azure-mgmt-resources/pom.xml, line 68, column 15
[WARNING] 'build.plugins.plugin.version' for org.codehaus.mojo:build-helper-maven-plugin is missing. @ com.microsoft.azure:azure-mgmt-resources:[unknown-version], /home/travis/build/Azure/azure-sdk-for-java/azure-mgmt-resources/pom.xml, line 89, column 15
[WARNING] 
[WARNING] Some problems were encountered while building the effective model for com.microsoft.azure:azure-mgmt-storage:jar:1.0.0-SNAPSHOT
[WARNING] 'build.plugins.plugin.version' for org.apache.maven.plugins:maven-jar-plugin is missing. @ com.microsoft.azure:azure-mgmt-storage:[unknown-version], /home/travis/build/Azure/azure-sdk-for-java/azure-mgmt-storage/pom.xml, line 73, column 15
[WARNING] 'build.plugins.plugin.version' for org.codehaus.mojo:build-helper-maven-plugin is missing. @ com.microsoft.azure:azure-mgmt-storage:[unknown-version], /home/travis/build/Azure/azure-sdk-for-java/azure-mgmt-storage/pom.xml, line 85, column 15
[WARNING] 
[WARNING] Some problems were encountered while building the effective model for com.microsoft.azure:azure-mgmt-network:jar:1.0.0-SNAPSHOT
[WARNING] 'build.plugins.plugin.version' for org.apache.maven.plugins:maven-jar-plugin is missing. @ com.microsoft.azure:azure-mgmt-network:[unknown-version], /home/travis/build/Azure/azure-sdk-for-java/azure-mgmt-network/pom.xml, line 67, column 15
[WARNING] 'build.plugins.plugin.version' for org.codehaus.mojo:build-helper-maven-plugin is missing. @ com.microsoft.azure:azure-mgmt-network:[unknown-version], /home/travis/build/Azure/azure-sdk-for-java/azure-mgmt-network/pom.xml, line 94, column 15
[WARNING] 
[WARNING] Some problems were encountered while building the effective model for com.microsoft.azure:azure-mgmt-website:jar:1.0.0-SNAPSHOT
[WARNING] 'build.plugins.plugin.version' for org.apache.maven.plugins:maven-jar-plugin is missing. @ com.microsoft.azure:azure-mgmt-website:[unknown-version], /home/travis/build/Azure/azure-sdk-for-java/azure-mgmt-website/pom.xml, line 68, column 15
[WARNING] 'build.plugins.plugin.version' for org.codehaus.mojo:build-helper-maven-plugin is missing. @ com.microsoft.azure:azure-mgmt-website:[unknown-version], /home/travis/build/Azure/azure-sdk-for-java/azure-mgmt-website/pom.xml, line 89, column 15
[WARNING] 
[WARNING] Some problems were encountered while building the effective model for com.microsoft.azure:azure-mgmt-datalake-analytics:jar:1.0.0-SNAPSHOT
[WARNING] 'build.plugins.plugin.version' for org.apache.maven.plugins:maven-jar-plugin is missing. @ com.microsoft.azure:azure-mgmt-datalake-analytics:[unknown-version], /home/travis/build/Azure/azure-sdk-for-java/azure-mgmt-datalake-analytics/pom.xml, line 86, column 15
[WARNING] 'build.plugins.plugin.version' for org.codehaus.mojo:build-helper-maven-plugin is missing. @ com.microsoft.azure:azure-mgmt-datalake-analytics:[unknown-version], /home/travis/build/Azure/azure-sdk-for-java/azure-mgmt-datalake-analytics/pom.xml, line 113, column 15
[WARNING] 
[WARNING] Some problems were encountered while building the effective model for com.microsoft.azure:azure-mgmt-datalake-store:jar:1.0.0-SNAPSHOT
[WARNING] 'build.plugins.plugin.version' for org.apache.maven.plugins:maven-jar-plugin is missing. @ com.microsoft.azure:azure-mgmt-datalake-store:[unknown-version], /home/travis/build/Azure/azure-sdk-for-java/azure-mgmt-datalake-store/pom.xml, line 74, column 15
[WARNING] 'build.plugins.plugin.version' for org.codehaus.mojo:build-helper-maven-plugin is missing. @ com.microsoft.azure:azure-mgmt-datalake-store:[unknown-version], /home/travis/build/Azure/azure-sdk-for-java/azure-mgmt-datalake-store/pom.xml, line 101, column 15
[WARNING] 
[WARNING] Some problems were encountered while building the effective model for com.microsoft.azure:azure-mgmt-datalake-store-uploader:jar:1.0.0-SNAPSHOT
[WARNING] 'build.plugins.plugin.version' for org.apache.maven.plugins:maven-jar-plugin is missing. @ com.microsoft.azure:azure-mgmt-datalake-store-uploader:[unknown-version], /home/travis/build/Azure/azure-sdk-for-java/azure-mgmt-datalake-store-uploader/pom.xml, line 85, column 15
[WARNING] 'build.plugins.plugin.version' for org.codehaus.mojo:build-helper-maven-plugin is missing. @ com.microsoft.azure:azure-mgmt-datalake-store-uploader:[unknown-version], /home/travis/build/Azure/azure-sdk-for-java/azure-mgmt-datalake-store-uploader/pom.xml, line 112, column 15
[WARNING] 
[WARNING] It is highly recommended to fix these problems because they threaten the stability of your build.
[WARNING] 
[WARNING] For this reason, future Maven versions might no longer support building such malformed projects.
[WARNING] 
[INFO] ------------------------------------------------------------------------
[INFO] Reactor Build Order:
[INFO] 
[INFO] AutoRest Client Runtimes for Java
[INFO] Build tools for AutoRest client runtime for Java
[INFO] Java Client Runtime for AutoRest
[INFO] Azure Java Client Runtime for AutoRest
[INFO] Azure Java Client Authentication Library for AutoRest
[INFO] Microsoft Azure SDK Parent
[INFO] Microsoft Azure SDK for Resource Management
[INFO] Microsoft Azure SDK for Storage Management
[INFO] Microsoft Azure SDK for Network Management
[INFO] Microsoft Azure SDK for Compute Management
[INFO] Microsoft Azure SDK
[INFO] Microsoft Azure SDK for Batch Service
[INFO] Microsoft Azure SDK for Website Management
[INFO] Microsoft Azure SDK for Data Lake Store Management
[INFO] Microsoft Azure SDK for Data Lake Analytics Management
[INFO] Microsoft Azure SDK for Data Lake Store Data Uploading
[INFO]                                                                         
[INFO] ------------------------------------------------------------------------
[INFO] Building AutoRest Client Runtimes for Java 1.0.0-SNAPSHOT
[INFO] ------------------------------------------------------------------------
[INFO] 
[INFO] --- maven-install-plugin:2.4:install (default-install) @ autorest-clientruntime-for-java ---
[INFO] Installing /home/travis/build/Azure/azure-sdk-for-java/runtimes/pom.xml to /home/travis/.m2/repository/com/microsoft/azure/autorest-clientruntime-for-java/1.0.0-SNAPSHOT/autorest-clientruntime-for-java-1.0.0-SNAPSHOT.pom
[INFO]                                                                         
[INFO] ------------------------------------------------------------------------
[INFO] Building Build tools for AutoRest client runtime for Java 1.0.0-SNAPSHOT
[INFO] ------------------------------------------------------------------------
[INFO] 
[INFO] --- maven-resources-plugin:2.4.3:resources (default-resources) @ autorest-build-tools ---
[INFO] Using 'UTF-8' encoding to copy filtered resources.
[INFO] Copying 2 resources
[INFO] 
[INFO] --- maven-compiler-plugin:3.1:compile (default-compile) @ autorest-build-tools ---
[INFO] No sources to compile
[INFO] 
[INFO] --- maven-resources-plugin:2.4.3:testResources (default-testResources) @ autorest-build-tools ---
[INFO] Using 'UTF-8' encoding to copy filtered resources.
[INFO] skip non existing resourceDirectory /home/travis/build/Azure/azure-sdk-for-java/runtimes/build-tools/src/test/resources
[INFO] 
[INFO] --- maven-compiler-plugin:3.1:testCompile (default-testCompile) @ autorest-build-tools ---
[INFO] No sources to compile
[INFO] 
[INFO] --- maven-surefire-plugin:2.18.1:test (default-test) @ autorest-build-tools ---
[INFO] Tests are skipped.
[INFO] 
[INFO] --- maven-jar-plugin:2.4:jar (default-jar) @ autorest-build-tools ---
[INFO] 
[INFO] --- maven-install-plugin:2.4:install (default-install) @ autorest-build-tools ---
[INFO] Installing /home/travis/build/Azure/azure-sdk-for-java/runtimes/build-tools/target/autorest-build-tools-1.0.0-SNAPSHOT.jar to /home/travis/.m2/repository/com/microsoft/azure/autorest-build-tools/1.0.0-SNAPSHOT/autorest-build-tools-1.0.0-SNAPSHOT.jar
[INFO] Installing /home/travis/build/Azure/azure-sdk-for-java/runtimes/build-tools/pom.xml to /home/travis/.m2/repository/com/microsoft/azure/autorest-build-tools/1.0.0-SNAPSHOT/autorest-build-tools-1.0.0-SNAPSHOT.pom
[INFO]                                                                         
[INFO] ------------------------------------------------------------------------
[INFO] Building Java Client Runtime for AutoRest 1.0.0-SNAPSHOT
[INFO] ------------------------------------------------------------------------
[INFO] 
[INFO] --- maven-resources-plugin:2.4.3:resources (default-resources) @ client-runtime ---
[INFO] Using 'UTF-8' encoding to copy filtered resources.
[INFO] skip non existing resourceDirectory /home/travis/build/Azure/azure-sdk-for-java/runtimes/client-runtime/src/main/resources
[INFO] 
[INFO] --- maven-compiler-plugin:3.1:compile (default-compile) @ client-runtime ---
[INFO] Changes detected - recompiling the module!
[INFO] Compiling 38 source files to /home/travis/build/Azure/azure-sdk-for-java/runtimes/client-runtime/target/classes
[WARNING] bootstrap class path not set in conjunction with -source 1.7
[WARNING] /home/travis/build/Azure/azure-sdk-for-java/runtimes/client-runtime/src/main/java/com/microsoft/rest/serializer/JacksonConverterFactory.java:[64,37] reader(com.fasterxml.jackson.databind.JavaType) in com.fasterxml.jackson.databind.ObjectMapper has been deprecated
[WARNING] /home/travis/build/Azure/azure-sdk-for-java/runtimes/client-runtime/src/main/java/com/microsoft/rest/Validator.java:[45,51] unchecked method invocation: method of in class com.google.common.reflect.TypeToken is applied to given types
  required: java.lang.Class<T>
  found: java.lang.Class
[WARNING] /home/travis/build/Azure/azure-sdk-for-java/runtimes/client-runtime/src/main/java/com/microsoft/rest/Validator.java:[45,52] unchecked conversion
  required: java.lang.Class<T>
  found:    java.lang.Class
[WARNING] /home/travis/build/Azure/azure-sdk-for-java/runtimes/client-runtime/src/main/java/com/microsoft/rest/serializer/FlatteningDeserializer.java:[97,40] put(java.lang.String,com.fasterxml.jackson.databind.JsonNode) in com.fasterxml.jackson.databind.node.ObjectNode has been deprecated
[WARNING] /home/travis/build/Azure/azure-sdk-for-java/runtimes/client-runtime/src/main/java/com/microsoft/rest/serializer/FlatteningSerializer.java:[117,33] put(java.lang.String,com.fasterxml.jackson.databind.JsonNode) in com.fasterxml.jackson.databind.node.ObjectNode has been deprecated
[INFO] 
[INFO] --- maven-resources-plugin:2.4.3:testResources (default-testResources) @ client-runtime ---
[INFO] Using 'UTF-8' encoding to copy filtered resources.
[INFO] skip non existing resourceDirectory /home/travis/build/Azure/azure-sdk-for-java/runtimes/client-runtime/src/test/resources
[INFO] 
[INFO] --- maven-compiler-plugin:3.1:testCompile (default-testCompile) @ client-runtime ---
[INFO] Nothing to compile - all classes are up to date
[INFO] 
[INFO] --- maven-surefire-plugin:2.18.1:test (default-test) @ client-runtime ---
[INFO] Tests are skipped.
[INFO] 
[INFO] --- maven-jar-plugin:2.4:jar (default-jar) @ client-runtime ---
[INFO] Building jar: /home/travis/build/Azure/azure-sdk-for-java/runtimes/client-runtime/target/client-runtime-1.0.0-SNAPSHOT.jar
[INFO] 
[INFO] --- maven-install-plugin:2.4:install (default-install) @ client-runtime ---
[INFO] Installing /home/travis/build/Azure/azure-sdk-for-java/runtimes/client-runtime/target/client-runtime-1.0.0-SNAPSHOT.jar to /home/travis/.m2/repository/com/microsoft/rest/client-runtime/1.0.0-SNAPSHOT/client-runtime-1.0.0-SNAPSHOT.jar
[INFO] Installing /home/travis/build/Azure/azure-sdk-for-java/runtimes/client-runtime/pom.xml to /home/travis/.m2/repository/com/microsoft/rest/client-runtime/1.0.0-SNAPSHOT/client-runtime-1.0.0-SNAPSHOT.pom
[INFO]                                                                         
[INFO] ------------------------------------------------------------------------
[INFO] Building Azure Java Client Runtime for AutoRest 1.0.0-SNAPSHOT
[INFO] ------------------------------------------------------------------------
[INFO] 
[INFO] --- maven-resources-plugin:2.4.3:resources (default-resources) @ azure-client-runtime ---
[INFO] Using 'UTF-8' encoding to copy filtered resources.
[INFO] skip non existing resourceDirectory /home/travis/build/Azure/azure-sdk-for-java/runtimes/azure-client-runtime/src/main/resources
[INFO] 
[INFO] --- maven-compiler-plugin:3.1:compile (default-compile) @ azure-client-runtime ---
[INFO] Changes detected - recompiling the module!
[INFO] Compiling 27 source files to /home/travis/build/Azure/azure-sdk-for-java/runtimes/azure-client-runtime/target/classes
[WARNING] bootstrap class path not set in conjunction with -source 1.7
[WARNING] /home/travis/build/Azure/azure-sdk-for-java/runtimes/azure-client-runtime/src/main/java/com/microsoft/azure/Graph.java:[77,22] unchecked call to visit(U) as a member of the raw type com.microsoft.azure.Graph.Visitor
[WARNING] /home/travis/build/Azure/azure-sdk-for-java/runtimes/azure-client-runtime/src/main/java/com/microsoft/azure/AzureResponse.java:[26,14] unchecked method invocation: constructor <init> in class com.microsoft.rest.ServiceResponse is applied to given types
  required: T,retrofit2.Response<okhttp3.ResponseBody>
  found: T,retrofit2.Response
[WARNING] /home/travis/build/Azure/azure-sdk-for-java/runtimes/azure-client-runtime/src/main/java/com/microsoft/azure/AzureResponse.java:[26,21] unchecked conversion
  required: retrofit2.Response<okhttp3.ResponseBody>
  found:    retrofit2.Response
[INFO] 
[INFO] --- maven-resources-plugin:2.4.3:testResources (default-testResources) @ azure-client-runtime ---
[INFO] Using 'UTF-8' encoding to copy filtered resources.
[INFO] skip non existing resourceDirectory /home/travis/build/Azure/azure-sdk-for-java/runtimes/azure-client-runtime/src/test/resources
[INFO] 
[INFO] --- maven-compiler-plugin:3.1:testCompile (default-testCompile) @ azure-client-runtime ---
[INFO] Nothing to compile - all classes are up to date
[INFO] 
[INFO] --- maven-surefire-plugin:2.18.1:test (default-test) @ azure-client-runtime ---
[INFO] Tests are skipped.
[INFO] 
[INFO] --- maven-jar-plugin:2.4:jar (default-jar) @ azure-client-runtime ---
[INFO] Building jar: /home/travis/build/Azure/azure-sdk-for-java/runtimes/azure-client-runtime/target/azure-client-runtime-1.0.0-SNAPSHOT.jar
[INFO] 
[INFO] --- maven-install-plugin:2.4:install (default-install) @ azure-client-runtime ---
[INFO] Installing /home/travis/build/Azure/azure-sdk-for-java/runtimes/azure-client-runtime/target/azure-client-runtime-1.0.0-SNAPSHOT.jar to /home/travis/.m2/repository/com/microsoft/azure/azure-client-runtime/1.0.0-SNAPSHOT/azure-client-runtime-1.0.0-SNAPSHOT.jar
[INFO] Installing /home/travis/build/Azure/azure-sdk-for-java/runtimes/azure-client-runtime/pom.xml to /home/travis/.m2/repository/com/microsoft/azure/azure-client-runtime/1.0.0-SNAPSHOT/azure-client-runtime-1.0.0-SNAPSHOT.pom
[INFO]                                                                         
[INFO] ------------------------------------------------------------------------
[INFO] Building Azure Java Client Authentication Library for AutoRest 1.0.0-SNAPSHOT
[INFO] ------------------------------------------------------------------------
[INFO] 
[INFO] --- maven-resources-plugin:2.4.3:resources (default-resources) @ azure-client-authentication ---
[INFO] Using 'UTF-8' encoding to copy filtered resources.
[INFO] skip non existing resourceDirectory /home/travis/build/Azure/azure-sdk-for-java/runtimes/azure-client-authentication/src/main/resources
[INFO] 
[INFO] --- maven-compiler-plugin:3.1:compile (default-compile) @ azure-client-authentication ---
[INFO] Changes detected - recompiling the module!
[INFO] Compiling 3 source files to /home/travis/build/Azure/azure-sdk-for-java/runtimes/azure-client-authentication/target/classes
[WARNING] bootstrap class path not set in conjunction with -source 1.7
[INFO] 
[INFO] --- maven-resources-plugin:2.4.3:testResources (default-testResources) @ azure-client-authentication ---
[INFO] Using 'UTF-8' encoding to copy filtered resources.
[INFO] skip non existing resourceDirectory /home/travis/build/Azure/azure-sdk-for-java/runtimes/azure-client-authentication/src/test/resources
[INFO] 
[INFO] --- maven-compiler-plugin:3.1:testCompile (default-testCompile) @ azure-client-authentication ---
[INFO] Nothing to compile - all classes are up to date
[INFO] 
[INFO] --- maven-surefire-plugin:2.18.1:test (default-test) @ azure-client-authentication ---
[INFO] Tests are skipped.
[INFO] 
[INFO] --- maven-jar-plugin:2.4:jar (default-jar) @ azure-client-authentication ---
[INFO] Building jar: /home/travis/build/Azure/azure-sdk-for-java/runtimes/azure-client-authentication/target/azure-client-authentication-1.0.0-SNAPSHOT.jar
[INFO] 
[INFO] --- maven-install-plugin:2.4:install (default-install) @ azure-client-authentication ---
[INFO] Installing /home/travis/build/Azure/azure-sdk-for-java/runtimes/azure-client-authentication/target/azure-client-authentication-1.0.0-SNAPSHOT.jar to /home/travis/.m2/repository/com/microsoft/azure/azure-client-authentication/1.0.0-SNAPSHOT/azure-client-authentication-1.0.0-SNAPSHOT.jar
[INFO] Installing /home/travis/build/Azure/azure-sdk-for-java/runtimes/azure-client-authentication/pom.xml to /home/travis/.m2/repository/com/microsoft/azure/azure-client-authentication/1.0.0-SNAPSHOT/azure-client-authentication-1.0.0-SNAPSHOT.pom
[INFO]                                                                         
[INFO] ------------------------------------------------------------------------
[INFO] Building Microsoft Azure SDK Parent 1.0.0-SNAPSHOT
[INFO] ------------------------------------------------------------------------
[INFO] 
[INFO] --- maven-install-plugin:2.4:install (default-install) @ azure-parent ---
[INFO] Installing /home/travis/build/Azure/azure-sdk-for-java/pom.xml to /home/travis/.m2/repository/com/microsoft/azure/azure-parent/1.0.0-SNAPSHOT/azure-parent-1.0.0-SNAPSHOT.pom
[INFO]                                                                         
[INFO] ------------------------------------------------------------------------
[INFO] Building Microsoft Azure SDK for Resource Management 1.0.0-SNAPSHOT
[INFO] ------------------------------------------------------------------------
[INFO] 
[INFO] --- maven-resources-plugin:2.4.3:resources (default-resources) @ azure-mgmt-resources ---
[INFO] Using 'UTF-8' encoding to copy filtered resources.
[INFO] skip non existing resourceDirectory /home/travis/build/Azure/azure-sdk-for-java/azure-mgmt-resources/src/main/resources
[INFO] 
[INFO] --- maven-compiler-plugin:3.1:compile (default-compile) @ azure-mgmt-resources ---
[INFO] Changes detected - recompiling the module!
[INFO] Compiling 147 source files to /home/travis/build/Azure/azure-sdk-for-java/azure-mgmt-resources/target/classes
[WARNING] bootstrap class path not set in conjunction with -source 1.7
[WARNING] /home/travis/build/Azure/azure-sdk-for-java/azure-mgmt-resources/src/main/java/com/microsoft/azure/management/resources/fluentcore/arm/implementation/AzureConfigurableImpl.java:[33,20] unchecked cast
  required: T
  found:    com.microsoft.azure.management.resources.fluentcore.arm.implementation.AzureConfigurableImpl<T>
[WARNING] /home/travis/build/Azure/azure-sdk-for-java/azure-mgmt-resources/src/main/java/com/microsoft/azure/management/resources/fluentcore/arm/implementation/AzureConfigurableImpl.java:[39,20] unchecked cast
  required: T
  found:    com.microsoft.azure.management.resources.fluentcore.arm.implementation.AzureConfigurableImpl<T>
[WARNING] /home/travis/build/Azure/azure-sdk-for-java/azure-mgmt-resources/src/main/java/com/microsoft/azure/management/resources/fluentcore/arm/implementation/AzureConfigurableImpl.java:[45,20] unchecked cast
  required: T
  found:    com.microsoft.azure.management.resources.fluentcore.arm.implementation.AzureConfigurableImpl<T>
[INFO] 
[INFO] --- maven-resources-plugin:2.4.3:testResources (default-testResources) @ azure-mgmt-resources ---
[INFO] Using 'UTF-8' encoding to copy filtered resources.
[INFO] skip non existing resourceDirectory /home/travis/build/Azure/azure-sdk-for-java/azure-mgmt-resources/src/test/resources
[INFO] 
[INFO] --- maven-compiler-plugin:3.1:testCompile (default-testCompile) @ azure-mgmt-resources ---
[INFO] Nothing to compile - all classes are up to date
[INFO] 
[INFO] --- maven-surefire-plugin:2.18.1:test (default-test) @ azure-mgmt-resources ---
[INFO] Tests are skipped.
[INFO] 
[INFO] --- maven-jar-plugin:2.4:jar (default-jar) @ azure-mgmt-resources ---
[INFO] Building jar: /home/travis/build/Azure/azure-sdk-for-java/azure-mgmt-resources/target/azure-mgmt-resources-1.0.0-SNAPSHOT.jar
[INFO] 
[INFO] --- maven-install-plugin:2.4:install (default-install) @ azure-mgmt-resources ---
[INFO] Installing /home/travis/build/Azure/azure-sdk-for-java/azure-mgmt-resources/target/azure-mgmt-resources-1.0.0-SNAPSHOT.jar to /home/travis/.m2/repository/com/microsoft/azure/azure-mgmt-resources/1.0.0-SNAPSHOT/azure-mgmt-resources-1.0.0-SNAPSHOT.jar
[INFO] Installing /home/travis/build/Azure/azure-sdk-for-java/azure-mgmt-resources/pom.xml to /home/travis/.m2/repository/com/microsoft/azure/azure-mgmt-resources/1.0.0-SNAPSHOT/azure-mgmt-resources-1.0.0-SNAPSHOT.pom
[INFO]                                                                         
[INFO] ------------------------------------------------------------------------
[INFO] Building Microsoft Azure SDK for Storage Management 1.0.0-SNAPSHOT
[INFO] ------------------------------------------------------------------------
[INFO] 
[INFO] --- maven-resources-plugin:2.4.3:resources (default-resources) @ azure-mgmt-storage ---
[INFO] Using 'UTF-8' encoding to copy filtered resources.
[INFO] skip non existing resourceDirectory /home/travis/build/Azure/azure-sdk-for-java/azure-mgmt-storage/src/main/resources
[INFO] 
[INFO] --- maven-compiler-plugin:3.1:compile (default-compile) @ azure-mgmt-storage ---
[INFO] Changes detected - recompiling the module!
[INFO] Compiling 47 source files to /home/travis/build/Azure/azure-sdk-for-java/azure-mgmt-storage/target/classes
[WARNING] bootstrap class path not set in conjunction with -source 1.7
[INFO] 
[INFO] --- maven-resources-plugin:2.4.3:testResources (default-testResources) @ azure-mgmt-storage ---
[INFO] Using 'UTF-8' encoding to copy filtered resources.
[INFO] skip non existing resourceDirectory /home/travis/build/Azure/azure-sdk-for-java/azure-mgmt-storage/src/test/resources
[INFO] 
[INFO] --- maven-compiler-plugin:3.1:testCompile (default-testCompile) @ azure-mgmt-storage ---
[INFO] Nothing to compile - all classes are up to date
[INFO] 
[INFO] --- maven-surefire-plugin:2.18.1:test (default-test) @ azure-mgmt-storage ---
[INFO] Tests are skipped.
[INFO] 
[INFO] --- maven-jar-plugin:2.4:jar (default-jar) @ azure-mgmt-storage ---
[INFO] Building jar: /home/travis/build/Azure/azure-sdk-for-java/azure-mgmt-storage/target/azure-mgmt-storage-1.0.0-SNAPSHOT.jar
[INFO] 
[INFO] --- maven-install-plugin:2.4:install (default-install) @ azure-mgmt-storage ---
[INFO] Installing /home/travis/build/Azure/azure-sdk-for-java/azure-mgmt-storage/target/azure-mgmt-storage-1.0.0-SNAPSHOT.jar to /home/travis/.m2/repository/com/microsoft/azure/azure-mgmt-storage/1.0.0-SNAPSHOT/azure-mgmt-storage-1.0.0-SNAPSHOT.jar
[INFO] Installing /home/travis/build/Azure/azure-sdk-for-java/azure-mgmt-storage/pom.xml to /home/travis/.m2/repository/com/microsoft/azure/azure-mgmt-storage/1.0.0-SNAPSHOT/azure-mgmt-storage-1.0.0-SNAPSHOT.pom
[INFO]                                                                         
[INFO] ------------------------------------------------------------------------
[INFO] Building Microsoft Azure SDK for Network Management 1.0.0-SNAPSHOT
[INFO] ------------------------------------------------------------------------
[INFO] 
[INFO] --- maven-resources-plugin:2.4.3:resources (default-resources) @ azure-mgmt-network ---
[INFO] Using 'UTF-8' encoding to copy filtered resources.
[INFO] skip non existing resourceDirectory /home/travis/build/Azure/azure-sdk-for-java/azure-mgmt-network/src/main/resources
[INFO] 
[INFO] --- maven-compiler-plugin:3.1:compile (default-compile) @ azure-mgmt-network ---
[INFO] Changes detected - recompiling the module!
[INFO] Compiling 141 source files to /home/travis/build/Azure/azure-sdk-for-java/azure-mgmt-network/target/classes
[WARNING] bootstrap class path not set in conjunction with -source 1.7
[WARNING] /home/travis/build/Azure/azure-sdk-for-java/azure-mgmt-network/src/main/java/com/microsoft/azure/management/network/implementation/NetworkInterfaceImpl.java:[172,35] defineSecondaryIpConfiguration(java.lang.String) in com.microsoft.azure.management.network.implementation.NetworkInterfaceImpl implements defineSecondaryIpConfiguration(java.lang.String) in com.microsoft.azure.management.network.NetworkInterface.DefinitionCreatable
  return type requires unchecked conversion from com.microsoft.azure.management.network.implementation.NicIpConfigurationImpl to com.microsoft.azure.management.network.NicIpConfiguration.DefinitionBlank<com.microsoft.azure.management.network.NetworkInterface.DefinitionCreatable>
[WARNING] /home/travis/build/Azure/azure-sdk-for-java/azure-mgmt-network/src/main/java/com/microsoft/azure/management/network/implementation/NetworkInterfaceImpl.java:[177,35] updateIpConfiguration(java.lang.String) in com.microsoft.azure.management.network.implementation.NetworkInterfaceImpl implements updateIpConfiguration(java.lang.String) in com.microsoft.azure.management.network.NetworkInterface.Update
  return type requires unchecked conversion from com.microsoft.azure.management.network.implementation.NicIpConfigurationImpl to com.microsoft.azure.management.network.NicIpConfiguration.Update<com.microsoft.azure.management.network.NetworkInterface.Update>
[WARNING] /home/travis/build/Azure/azure-sdk-for-java/azure-mgmt-network/src/main/java/com/microsoft/azure/management/network/implementation/NetworkInterfaceImpl.java:[172,35] defineSecondaryIpConfiguration(java.lang.String) in com.microsoft.azure.management.network.implementation.NetworkInterfaceImpl implements defineSecondaryIpConfiguration(java.lang.String) in com.microsoft.azure.management.network.NetworkInterface.Update
  return type requires unchecked conversion from com.microsoft.azure.management.network.implementation.NicIpConfigurationImpl to com.microsoft.azure.management.network.NicIpConfiguration.DefinitionBlank<com.microsoft.azure.management.network.NetworkInterface.Update>
[INFO] 
[INFO] --- maven-resources-plugin:2.4.3:testResources (default-testResources) @ azure-mgmt-network ---
[INFO] Using 'UTF-8' encoding to copy filtered resources.
[INFO] skip non existing resourceDirectory /home/travis/build/Azure/azure-sdk-for-java/azure-mgmt-network/src/test/resources
[INFO] 
[INFO] --- maven-compiler-plugin:3.1:testCompile (default-testCompile) @ azure-mgmt-network ---
[INFO] No sources to compile
[INFO] 
[INFO] --- maven-surefire-plugin:2.18.1:test (default-test) @ azure-mgmt-network ---
[INFO] Tests are skipped.
[INFO] 
[INFO] --- maven-jar-plugin:2.4:jar (default-jar) @ azure-mgmt-network ---
[INFO] Building jar: /home/travis/build/Azure/azure-sdk-for-java/azure-mgmt-network/target/azure-mgmt-network-1.0.0-SNAPSHOT.jar
[INFO] 
[INFO] --- maven-install-plugin:2.4:install (default-install) @ azure-mgmt-network ---
[INFO] Installing /home/travis/build/Azure/azure-sdk-for-java/azure-mgmt-network/target/azure-mgmt-network-1.0.0-SNAPSHOT.jar to /home/travis/.m2/repository/com/microsoft/azure/azure-mgmt-network/1.0.0-SNAPSHOT/azure-mgmt-network-1.0.0-SNAPSHOT.jar
[INFO] Installing /home/travis/build/Azure/azure-sdk-for-java/azure-mgmt-network/pom.xml to /home/travis/.m2/repository/com/microsoft/azure/azure-mgmt-network/1.0.0-SNAPSHOT/azure-mgmt-network-1.0.0-SNAPSHOT.pom
[INFO]                                                                         
[INFO] ------------------------------------------------------------------------
[INFO] Building Microsoft Azure SDK for Compute Management 1.0.0-SNAPSHOT
[INFO] ------------------------------------------------------------------------
[INFO] 
[INFO] --- maven-resources-plugin:2.4.3:resources (default-resources) @ azure-mgmt-compute ---
[INFO] Using 'UTF-8' encoding to copy filtered resources.
[INFO] skip non existing resourceDirectory /home/travis/build/Azure/azure-sdk-for-java/azure-mgmt-compute/src/main/resources
[INFO] 
[INFO] --- maven-compiler-plugin:3.1:compile (default-compile) @ azure-mgmt-compute ---
[INFO] Changes detected - recompiling the module!
[INFO] Compiling 121 source files to /home/travis/build/Azure/azure-sdk-for-java/azure-mgmt-compute/target/classes
[INFO] -------------------------------------------------------------
[WARNING] COMPILATION WARNING : 
[INFO] -------------------------------------------------------------
[WARNING] bootstrap class path not set in conjunction with -source 1.7
[WARNING] /home/travis/build/Azure/azure-sdk-for-java/azure-mgmt-compute/src/main/java/com/microsoft/azure/management/compute/implementation/VirtualMachineImpl.java:[655,25] updateDataDisk(java.lang.String) in com.microsoft.azure.management.compute.implementation.VirtualMachineImpl implements updateDataDisk(java.lang.String) in com.microsoft.azure.management.compute.VirtualMachine.Update
  return type requires unchecked conversion from com.microsoft.azure.management.compute.implementation.DataDiskImpl to com.microsoft.azure.management.compute.DataDisk.Update<com.microsoft.azure.management.compute.VirtualMachine.Update>
[WARNING] /home/travis/build/Azure/azure-sdk-for-java/azure-mgmt-compute/src/main/java/com/microsoft/azure/management/compute/implementation/VirtualMachineImpl.java:[530,25] defineExistingDataDisk(java.lang.String) in com.microsoft.azure.management.compute.implementation.VirtualMachineImpl implements defineExistingDataDisk(java.lang.String) in com.microsoft.azure.management.compute.VirtualMachine.Update
  return type requires unchecked conversion from com.microsoft.azure.management.compute.implementation.DataDiskImpl to com.microsoft.azure.management.compute.DataDisk.DefinitionAttachExistingDataDisk<com.microsoft.azure.management.compute.VirtualMachine.Update>
[WARNING] /home/travis/build/Azure/azure-sdk-for-java/azure-mgmt-compute/src/main/java/com/microsoft/azure/management/compute/implementation/VirtualMachineImpl.java:[523,25] defineNewDataDisk(java.lang.String) in com.microsoft.azure.management.compute.implementation.VirtualMachineImpl implements defineNewDataDisk(java.lang.String) in com.microsoft.azure.management.compute.VirtualMachine.Update
  return type requires unchecked conversion from com.microsoft.azure.management.compute.implementation.DataDiskImpl to com.microsoft.azure.management.compute.DataDisk.DefinitionAttachNewDataDisk<com.microsoft.azure.management.compute.VirtualMachine.Update>
[WARNING] /home/travis/build/Azure/azure-sdk-for-java/azure-mgmt-compute/src/main/java/com/microsoft/azure/management/compute/implementation/VirtualMachineImpl.java:[530,25] defineExistingDataDisk(java.lang.String) in com.microsoft.azure.management.compute.implementation.VirtualMachineImpl implements defineExistingDataDisk(java.lang.String) in com.microsoft.azure.management.compute.VirtualMachine.DefinitionWithDataDisk
  return type requires unchecked conversion from com.microsoft.azure.management.compute.implementation.DataDiskImpl to com.microsoft.azure.management.compute.DataDisk.DefinitionAttachExistingDataDisk<com.microsoft.azure.management.compute.VirtualMachine.DefinitionCreatable>
[WARNING] /home/travis/build/Azure/azure-sdk-for-java/azure-mgmt-compute/src/main/java/com/microsoft/azure/management/compute/implementation/VirtualMachineImpl.java:[523,25] defineNewDataDisk(java.lang.String) in com.microsoft.azure.management.compute.implementation.VirtualMachineImpl implements defineNewDataDisk(java.lang.String) in com.microsoft.azure.management.compute.VirtualMachine.DefinitionWithDataDisk
  return type requires unchecked conversion from com.microsoft.azure.management.compute.implementation.DataDiskImpl to com.microsoft.azure.management.compute.DataDisk.DefinitionAttachNewDataDisk<com.microsoft.azure.management.compute.VirtualMachine.DefinitionCreatable>
[WARNING] /home/travis/build/Azure/azure-sdk-for-java/azure-mgmt-compute/src/main/java/com/microsoft/azure/management/compute/implementation/VirtualMachineImpl.java:[742,23] unchecked call to add(E) as a member of the raw type java.util.List
[WARNING] /home/travis/build/Azure/azure-sdk-for-java/azure-mgmt-compute/src/main/java/com/microsoft/azure/management/compute/implementation/VirtualMachineImpl.java:[744,16] unchecked conversion
  required: java.util.List<java.lang.String>
  found:    java.util.List
[INFO] 8 warnings 
[INFO] -------------------------------------------------------------
[INFO] -------------------------------------------------------------
[ERROR] COMPILATION ERROR : 
[INFO] -------------------------------------------------------------
[ERROR] /home/travis/build/Azure/azure-sdk-for-java/azure-mgmt-compute/src/main/java/com/microsoft/azure/management/compute/implementation/VirtualMachineImpl.java:[892,38] cannot find symbol
  symbol:   variable AccountType
  location: class com.microsoft.azure.management.compute.implementation.VirtualMachineImpl
[INFO] 1 error
[INFO] -------------------------------------------------------------
[INFO] ------------------------------------------------------------------------
[INFO] Reactor Summary:
[INFO] 
[INFO] AutoRest Client Runtimes for Java .................. SUCCESS [  0.599 s]
[INFO] Build tools for AutoRest client runtime for Java ... SUCCESS [  2.001 s]
[INFO] Java Client Runtime for AutoRest ................... SUCCESS [  3.541 s]
[INFO] Azure Java Client Runtime for AutoRest ............. SUCCESS [  1.467 s]
[INFO] Azure Java Client Authentication Library for AutoRest SUCCESS [  0.774 s]
[INFO] Microsoft Azure SDK Parent ......................... SUCCESS [  0.021 s]
[INFO] Microsoft Azure SDK for Resource Management ........ SUCCESS [  5.528 s]
[INFO] Microsoft Azure SDK for Storage Management ......... SUCCESS [  0.713 s]
[INFO] Microsoft Azure SDK for Network Management ......... SUCCESS [  5.064 s]
[INFO] Microsoft Azure SDK for Compute Management ......... FAILURE [  1.883 s]
[INFO] Microsoft Azure SDK ................................ SKIPPED
[INFO] Microsoft Azure SDK for Batch Service .............. SKIPPED
[INFO] Microsoft Azure SDK for Website Management ......... SKIPPED
[INFO] Microsoft Azure SDK for Data Lake Store Management . SKIPPED
[INFO] Microsoft Azure SDK for Data Lake Analytics Management SKIPPED
[INFO] Microsoft Azure SDK for Data Lake Store Data Uploading SKIPPED
[INFO] ------------------------------------------------------------------------
[INFO] BUILD FAILURE
[INFO] ------------------------------------------------------------------------
[INFO] Total time: 21.983 s
[INFO] Finished at: 2016-06-13T15:59:14+00:00
[INFO] Final Memory: 25M/353M
[INFO] ------------------------------------------------------------------------
[ERROR] Failed to execute goal org.apache.maven.plugins:maven-compiler-plugin:3.1:compile (default-compile) on project azure-mgmt-compute: Compilation failure
[ERROR] /home/travis/build/Azure/azure-sdk-for-java/azure-mgmt-compute/src/main/java/com/microsoft/azure/management/compute/implementation/VirtualMachineImpl.java:[892,38] cannot find symbol
[ERROR] symbol:   variable AccountType
[ERROR] location: class com.microsoft.azure.management.compute.implementation.VirtualMachineImpl
[ERROR] -> [Help 1]
[ERROR] 
[ERROR] To see the full stack trace of the errors, re-run Maven with the -e switch.
[ERROR] Re-run Maven using the -X switch to enable full debug logging.
[ERROR] 
[ERROR] For more information about the errors and possible solutions, please read the following articles:
[ERROR] [Help 1] http://cwiki.apache.org/confluence/display/MAVEN/MojoFailureException
[ERROR] 
[ERROR] After correcting the problems, you can resume the build with the command
[ERROR]   mvn <goals> -rf :azure-mgmt-compute

[31;1mThe command "eval mvn install -DskipTests=true -Dmaven.javadoc.skip=true -B -V" failed. Retrying, 3 of 3.[0m

Java HotSpot(TM) 64-Bit Server VM warning: ignoring option MaxPermSize=192m; support was removed in 8.0
Apache Maven 3.2.5 (12a6b3acb947671f09b81f49094c53f426d8cea1; 2014-12-14T17:29:23+00:00)
Maven home: /usr/local/maven
Java version: 1.8.0_31, vendor: Oracle Corporation
Java home: /usr/lib/jvm/java-8-oracle/jre
Default locale: en_US, platform encoding: UTF-8
OS name: "linux", version: "3.13.0-40-generic", arch: "amd64", family: "unix"
[INFO] Scanning for projects...
[WARNING] 
[WARNING] Some problems were encountered while building the effective model for com.microsoft.rest:client-runtime:jar:1.0.0-SNAPSHOT
[WARNING] 'build.plugins.plugin.version' for org.codehaus.mojo:build-helper-maven-plugin is missing. @ com.microsoft.rest:client-runtime:[unknown-version], /home/travis/build/Azure/azure-sdk-for-java/runtimes/client-runtime/pom.xml, line 100, column 15
[WARNING] 
[WARNING] Some problems were encountered while building the effective model for com.microsoft.azure:azure-client-runtime:jar:1.0.0-SNAPSHOT
[WARNING] 'build.plugins.plugin.version' for org.codehaus.mojo:build-helper-maven-plugin is missing. @ com.microsoft.azure:azure-client-runtime:[unknown-version], /home/travis/build/Azure/azure-sdk-for-java/runtimes/azure-client-runtime/pom.xml, line 76, column 15
[WARNING] The expression ${parent.version} is deprecated. Please use ${project.parent.version} instead.
[WARNING] 
[WARNING] Some problems were encountered while building the effective model for com.microsoft.azure:azure-client-authentication:jar:1.0.0-SNAPSHOT
[WARNING] 'build.plugins.plugin.version' for org.codehaus.mojo:build-helper-maven-plugin is missing. @ com.microsoft.azure:azure-client-authentication:[unknown-version], /home/travis/build/Azure/azure-sdk-for-java/runtimes/azure-client-authentication/pom.xml, line 81, column 15
[WARNING] 
[WARNING] Some problems were encountered while building the effective model for com.microsoft.azure:azure:jar:1.0.0-SNAPSHOT
[WARNING] 'build.plugins.plugin.version' for org.apache.maven.plugins:maven-jar-plugin is missing. @ com.microsoft.azure:azure:[unknown-version], /home/travis/build/Azure/azure-sdk-for-java/azure/pom.xml, line 93, column 15
[WARNING] 'build.plugins.plugin.version' for org.codehaus.mojo:build-helper-maven-plugin is missing. @ com.microsoft.azure:azure:[unknown-version], /home/travis/build/Azure/azure-sdk-for-java/azure/pom.xml, line 120, column 15
[WARNING] 
[WARNING] Some problems were encountered while building the effective model for com.microsoft.azure:azure-batch:jar:1.0.0-SNAPSHOT
[WARNING] 'build.plugins.plugin.version' for org.apache.maven.plugins:maven-jar-plugin is missing. @ com.microsoft.azure:azure-batch:[unknown-version], /home/travis/build/Azure/azure-sdk-for-java/azure-batch/pom.xml, line 73, column 15
[WARNING] 'build.plugins.plugin.version' for org.codehaus.mojo:build-helper-maven-plugin is missing. @ com.microsoft.azure:azure-batch:[unknown-version], /home/travis/build/Azure/azure-sdk-for-java/azure-batch/pom.xml, line 100, column 15
[WARNING] 
[WARNING] Some problems were encountered while building the effective model for com.microsoft.azure:azure-mgmt-compute:jar:1.0.0-SNAPSHOT
[WARNING] 'build.plugins.plugin.version' for org.apache.maven.plugins:maven-jar-plugin is missing. @ com.microsoft.azure:azure-mgmt-compute:[unknown-version], /home/travis/build/Azure/azure-sdk-for-java/azure-mgmt-compute/pom.xml, line 83, column 15
[WARNING] 'build.plugins.plugin.version' for org.codehaus.mojo:build-helper-maven-plugin is missing. @ com.microsoft.azure:azure-mgmt-compute:[unknown-version], /home/travis/build/Azure/azure-sdk-for-java/azure-mgmt-compute/pom.xml, line 104, column 15
[WARNING] 
[WARNING] Some problems were encountered while building the effective model for com.microsoft.azure:azure-mgmt-resources:jar:1.0.0-SNAPSHOT
[WARNING] 'build.plugins.plugin.version' for org.apache.maven.plugins:maven-jar-plugin is missing. @ com.microsoft.azure:azure-mgmt-resources:[unknown-version], /home/travis/build/Azure/azure-sdk-for-java/azure-mgmt-resources/pom.xml, line 68, column 15
[WARNING] 'build.plugins.plugin.version' for org.codehaus.mojo:build-helper-maven-plugin is missing. @ com.microsoft.azure:azure-mgmt-resources:[unknown-version], /home/travis/build/Azure/azure-sdk-for-java/azure-mgmt-resources/pom.xml, line 89, column 15
[WARNING] 
[WARNING] Some problems were encountered while building the effective model for com.microsoft.azure:azure-mgmt-storage:jar:1.0.0-SNAPSHOT
[WARNING] 'build.plugins.plugin.version' for org.apache.maven.plugins:maven-jar-plugin is missing. @ com.microsoft.azure:azure-mgmt-storage:[unknown-version], /home/travis/build/Azure/azure-sdk-for-java/azure-mgmt-storage/pom.xml, line 73, column 15
[WARNING] 'build.plugins.plugin.version' for org.codehaus.mojo:build-helper-maven-plugin is missing. @ com.microsoft.azure:azure-mgmt-storage:[unknown-version], /home/travis/build/Azure/azure-sdk-for-java/azure-mgmt-storage/pom.xml, line 85, column 15
[WARNING] 
[WARNING] Some problems were encountered while building the effective model for com.microsoft.azure:azure-mgmt-network:jar:1.0.0-SNAPSHOT
[WARNING] 'build.plugins.plugin.version' for org.apache.maven.plugins:maven-jar-plugin is missing. @ com.microsoft.azure:azure-mgmt-network:[unknown-version], /home/travis/build/Azure/azure-sdk-for-java/azure-mgmt-network/pom.xml, line 67, column 15
[WARNING] 'build.plugins.plugin.version' for org.codehaus.mojo:build-helper-maven-plugin is missing. @ com.microsoft.azure:azure-mgmt-network:[unknown-version], /home/travis/build/Azure/azure-sdk-for-java/azure-mgmt-network/pom.xml, line 94, column 15
[WARNING] 
[WARNING] Some problems were encountered while building the effective model for com.microsoft.azure:azure-mgmt-website:jar:1.0.0-SNAPSHOT
[WARNING] 'build.plugins.plugin.version' for org.apache.maven.plugins:maven-jar-plugin is missing. @ com.microsoft.azure:azure-mgmt-website:[unknown-version], /home/travis/build/Azure/azure-sdk-for-java/azure-mgmt-website/pom.xml, line 68, column 15
[WARNING] 'build.plugins.plugin.version' for org.codehaus.mojo:build-helper-maven-plugin is missing. @ com.microsoft.azure:azure-mgmt-website:[unknown-version], /home/travis/build/Azure/azure-sdk-for-java/azure-mgmt-website/pom.xml, line 89, column 15
[WARNING] 
[WARNING] Some problems were encountered while building the effective model for com.microsoft.azure:azure-mgmt-datalake-analytics:jar:1.0.0-SNAPSHOT
[WARNING] 'build.plugins.plugin.version' for org.apache.maven.plugins:maven-jar-plugin is missing. @ com.microsoft.azure:azure-mgmt-datalake-analytics:[unknown-version], /home/travis/build/Azure/azure-sdk-for-java/azure-mgmt-datalake-analytics/pom.xml, line 86, column 15
[WARNING] 'build.plugins.plugin.version' for org.codehaus.mojo:build-helper-maven-plugin is missing. @ com.microsoft.azure:azure-mgmt-datalake-analytics:[unknown-version], /home/travis/build/Azure/azure-sdk-for-java/azure-mgmt-datalake-analytics/pom.xml, line 113, column 15
[WARNING] 
[WARNING] Some problems were encountered while building the effective model for com.microsoft.azure:azure-mgmt-datalake-store:jar:1.0.0-SNAPSHOT
[WARNING] 'build.plugins.plugin.version' for org.apache.maven.plugins:maven-jar-plugin is missing. @ com.microsoft.azure:azure-mgmt-datalake-store:[unknown-version], /home/travis/build/Azure/azure-sdk-for-java/azure-mgmt-datalake-store/pom.xml, line 74, column 15
[WARNING] 'build.plugins.plugin.version' for org.codehaus.mojo:build-helper-maven-plugin is missing. @ com.microsoft.azure:azure-mgmt-datalake-store:[unknown-version], /home/travis/build/Azure/azure-sdk-for-java/azure-mgmt-datalake-store/pom.xml, line 101, column 15
[WARNING] 
[WARNING] Some problems were encountered while building the effective model for com.microsoft.azure:azure-mgmt-datalake-store-uploader:jar:1.0.0-SNAPSHOT
[WARNING] 'build.plugins.plugin.version' for org.apache.maven.plugins:maven-jar-plugin is missing. @ com.microsoft.azure:azure-mgmt-datalake-store-uploader:[unknown-version], /home/travis/build/Azure/azure-sdk-for-java/azure-mgmt-datalake-store-uploader/pom.xml, line 85, column 15
[WARNING] 'build.plugins.plugin.version' for org.codehaus.mojo:build-helper-maven-plugin is missing. @ com.microsoft.azure:azure-mgmt-datalake-store-uploader:[unknown-version], /home/travis/build/Azure/azure-sdk-for-java/azure-mgmt-datalake-store-uploader/pom.xml, line 112, column 15
[WARNING] 
[WARNING] It is highly recommended to fix these problems because they threaten the stability of your build.
[WARNING] 
[WARNING] For this reason, future Maven versions might no longer support building such malformed projects.
[WARNING] 
[INFO] ------------------------------------------------------------------------
[INFO] Reactor Build Order:
[INFO] 
[INFO] AutoRest Client Runtimes for Java
[INFO] Build tools for AutoRest client runtime for Java
[INFO] Java Client Runtime for AutoRest
[INFO] Azure Java Client Runtime for AutoRest
[INFO] Azure Java Client Authentication Library for AutoRest
[INFO] Microsoft Azure SDK Parent
[INFO] Microsoft Azure SDK for Resource Management
[INFO] Microsoft Azure SDK for Storage Management
[INFO] Microsoft Azure SDK for Network Management
[INFO] Microsoft Azure SDK for Compute Management
[INFO] Microsoft Azure SDK
[INFO] Microsoft Azure SDK for Batch Service
[INFO] Microsoft Azure SDK for Website Management
[INFO] Microsoft Azure SDK for Data Lake Store Management
[INFO] Microsoft Azure SDK for Data Lake Analytics Management
[INFO] Microsoft Azure SDK for Data Lake Store Data Uploading
[INFO]                                                                         
[INFO] ------------------------------------------------------------------------
[INFO] Building AutoRest Client Runtimes for Java 1.0.0-SNAPSHOT
[INFO] ------------------------------------------------------------------------
[INFO] 
[INFO] --- maven-install-plugin:2.4:install (default-install) @ autorest-clientruntime-for-java ---
[INFO] Installing /home/travis/build/Azure/azure-sdk-for-java/runtimes/pom.xml to /home/travis/.m2/repository/com/microsoft/azure/autorest-clientruntime-for-java/1.0.0-SNAPSHOT/autorest-clientruntime-for-java-1.0.0-SNAPSHOT.pom
[INFO]                                                                         
[INFO] ------------------------------------------------------------------------
[INFO] Building Build tools for AutoRest client runtime for Java 1.0.0-SNAPSHOT
[INFO] ------------------------------------------------------------------------
[INFO] 
[INFO] --- maven-resources-plugin:2.4.3:resources (default-resources) @ autorest-build-tools ---
[INFO] Using 'UTF-8' encoding to copy filtered resources.
[INFO] Copying 2 resources
[INFO] 
[INFO] --- maven-compiler-plugin:3.1:compile (default-compile) @ autorest-build-tools ---
[INFO] No sources to compile
[INFO] 
[INFO] --- maven-resources-plugin:2.4.3:testResources (default-testResources) @ autorest-build-tools ---
[INFO] Using 'UTF-8' encoding to copy filtered resources.
[INFO] skip non existing resourceDirectory /home/travis/build/Azure/azure-sdk-for-java/runtimes/build-tools/src/test/resources
[INFO] 
[INFO] --- maven-compiler-plugin:3.1:testCompile (default-testCompile) @ autorest-build-tools ---
[INFO] No sources to compile
[INFO] 
[INFO] --- maven-surefire-plugin:2.18.1:test (default-test) @ autorest-build-tools ---
[INFO] Tests are skipped.
[INFO] 
[INFO] --- maven-jar-plugin:2.4:jar (default-jar) @ autorest-build-tools ---
[INFO] 
[INFO] --- maven-install-plugin:2.4:install (default-install) @ autorest-build-tools ---
[INFO] Installing /home/travis/build/Azure/azure-sdk-for-java/runtimes/build-tools/target/autorest-build-tools-1.0.0-SNAPSHOT.jar to /home/travis/.m2/repository/com/microsoft/azure/autorest-build-tools/1.0.0-SNAPSHOT/autorest-build-tools-1.0.0-SNAPSHOT.jar
[INFO] Installing /home/travis/build/Azure/azure-sdk-for-java/runtimes/build-tools/pom.xml to /home/travis/.m2/repository/com/microsoft/azure/autorest-build-tools/1.0.0-SNAPSHOT/autorest-build-tools-1.0.0-SNAPSHOT.pom
[INFO]                                                                         
[INFO] ------------------------------------------------------------------------
[INFO] Building Java Client Runtime for AutoRest 1.0.0-SNAPSHOT
[INFO] ------------------------------------------------------------------------
[INFO] 
[INFO] --- maven-resources-plugin:2.4.3:resources (default-resources) @ client-runtime ---
[INFO] Using 'UTF-8' encoding to copy filtered resources.
[INFO] skip non existing resourceDirectory /home/travis/build/Azure/azure-sdk-for-java/runtimes/client-runtime/src/main/resources
[INFO] 
[INFO] --- maven-compiler-plugin:3.1:compile (default-compile) @ client-runtime ---
[INFO] Changes detected - recompiling the module!
[INFO] Compiling 38 source files to /home/travis/build/Azure/azure-sdk-for-java/runtimes/client-runtime/target/classes
[WARNING] bootstrap class path not set in conjunction with -source 1.7
[WARNING] /home/travis/build/Azure/azure-sdk-for-java/runtimes/client-runtime/src/main/java/com/microsoft/rest/serializer/JacksonConverterFactory.java:[64,37] reader(com.fasterxml.jackson.databind.JavaType) in com.fasterxml.jackson.databind.ObjectMapper has been deprecated
[WARNING] /home/travis/build/Azure/azure-sdk-for-java/runtimes/client-runtime/src/main/java/com/microsoft/rest/Validator.java:[45,51] unchecked method invocation: method of in class com.google.common.reflect.TypeToken is applied to given types
  required: java.lang.Class<T>
  found: java.lang.Class
[WARNING] /home/travis/build/Azure/azure-sdk-for-java/runtimes/client-runtime/src/main/java/com/microsoft/rest/Validator.java:[45,52] unchecked conversion
  required: java.lang.Class<T>
  found:    java.lang.Class
[WARNING] /home/travis/build/Azure/azure-sdk-for-java/runtimes/client-runtime/src/main/java/com/microsoft/rest/serializer/FlatteningDeserializer.java:[97,40] put(java.lang.String,com.fasterxml.jackson.databind.JsonNode) in com.fasterxml.jackson.databind.node.ObjectNode has been deprecated
[WARNING] /home/travis/build/Azure/azure-sdk-for-java/runtimes/client-runtime/src/main/java/com/microsoft/rest/serializer/FlatteningSerializer.java:[117,33] put(java.lang.String,com.fasterxml.jackson.databind.JsonNode) in com.fasterxml.jackson.databind.node.ObjectNode has been deprecated
[INFO] 
[INFO] --- maven-resources-plugin:2.4.3:testResources (default-testResources) @ client-runtime ---
[INFO] Using 'UTF-8' encoding to copy filtered resources.
[INFO] skip non existing resourceDirectory /home/travis/build/Azure/azure-sdk-for-java/runtimes/client-runtime/src/test/resources
[INFO] 
[INFO] --- maven-compiler-plugin:3.1:testCompile (default-testCompile) @ client-runtime ---
[INFO] Nothing to compile - all classes are up to date
[INFO] 
[INFO] --- maven-surefire-plugin:2.18.1:test (default-test) @ client-runtime ---
[INFO] Tests are skipped.
[INFO] 
[INFO] --- maven-jar-plugin:2.4:jar (default-jar) @ client-runtime ---
[INFO] Building jar: /home/travis/build/Azure/azure-sdk-for-java/runtimes/client-runtime/target/client-runtime-1.0.0-SNAPSHOT.jar
[INFO] 
[INFO] --- maven-install-plugin:2.4:install (default-install) @ client-runtime ---
[INFO] Installing /home/travis/build/Azure/azure-sdk-for-java/runtimes/client-runtime/target/client-runtime-1.0.0-SNAPSHOT.jar to /home/travis/.m2/repository/com/microsoft/rest/client-runtime/1.0.0-SNAPSHOT/client-runtime-1.0.0-SNAPSHOT.jar
[INFO] Installing /home/travis/build/Azure/azure-sdk-for-java/runtimes/client-runtime/pom.xml to /home/travis/.m2/repository/com/microsoft/rest/client-runtime/1.0.0-SNAPSHOT/client-runtime-1.0.0-SNAPSHOT.pom
[INFO]                                                                         
[INFO] ------------------------------------------------------------------------
[INFO] Building Azure Java Client Runtime for AutoRest 1.0.0-SNAPSHOT
[INFO] ------------------------------------------------------------------------
[INFO] 
[INFO] --- maven-resources-plugin:2.4.3:resources (default-resources) @ azure-client-runtime ---
[INFO] Using 'UTF-8' encoding to copy filtered resources.
[INFO] skip non existing resourceDirectory /home/travis/build/Azure/azure-sdk-for-java/runtimes/azure-client-runtime/src/main/resources
[INFO] 
[INFO] --- maven-compiler-plugin:3.1:compile (default-compile) @ azure-client-runtime ---
[INFO] Changes detected - recompiling the module!
[INFO] Compiling 27 source files to /home/travis/build/Azure/azure-sdk-for-java/runtimes/azure-client-runtime/target/classes
[WARNING] bootstrap class path not set in conjunction with -source 1.7
[WARNING] /home/travis/build/Azure/azure-sdk-for-java/runtimes/azure-client-runtime/src/main/java/com/microsoft/azure/Graph.java:[77,22] unchecked call to visit(U) as a member of the raw type com.microsoft.azure.Graph.Visitor
[WARNING] /home/travis/build/Azure/azure-sdk-for-java/runtimes/azure-client-runtime/src/main/java/com/microsoft/azure/AzureResponse.java:[26,14] unchecked method invocation: constructor <init> in class com.microsoft.rest.ServiceResponse is applied to given types
  required: T,retrofit2.Response<okhttp3.ResponseBody>
  found: T,retrofit2.Response
[WARNING] /home/travis/build/Azure/azure-sdk-for-java/runtimes/azure-client-runtime/src/main/java/com/microsoft/azure/AzureResponse.java:[26,21] unchecked conversion
  required: retrofit2.Response<okhttp3.ResponseBody>
  found:    retrofit2.Response
[INFO] 
[INFO] --- maven-resources-plugin:2.4.3:testResources (default-testResources) @ azure-client-runtime ---
[INFO] Using 'UTF-8' encoding to copy filtered resources.
[INFO] skip non existing resourceDirectory /home/travis/build/Azure/azure-sdk-for-java/runtimes/azure-client-runtime/src/test/resources
[INFO] 
[INFO] --- maven-compiler-plugin:3.1:testCompile (default-testCompile) @ azure-client-runtime ---
[INFO] Nothing to compile - all classes are up to date
[INFO] 
[INFO] --- maven-surefire-plugin:2.18.1:test (default-test) @ azure-client-runtime ---
[INFO] Tests are skipped.
[INFO] 
[INFO] --- maven-jar-plugin:2.4:jar (default-jar) @ azure-client-runtime ---
[INFO] Building jar: /home/travis/build/Azure/azure-sdk-for-java/runtimes/azure-client-runtime/target/azure-client-runtime-1.0.0-SNAPSHOT.jar
[INFO] 
[INFO] --- maven-install-plugin:2.4:install (default-install) @ azure-client-runtime ---
[INFO] Installing /home/travis/build/Azure/azure-sdk-for-java/runtimes/azure-client-runtime/target/azure-client-runtime-1.0.0-SNAPSHOT.jar to /home/travis/.m2/repository/com/microsoft/azure/azure-client-runtime/1.0.0-SNAPSHOT/azure-client-runtime-1.0.0-SNAPSHOT.jar
[INFO] Installing /home/travis/build/Azure/azure-sdk-for-java/runtimes/azure-client-runtime/pom.xml to /home/travis/.m2/repository/com/microsoft/azure/azure-client-runtime/1.0.0-SNAPSHOT/azure-client-runtime-1.0.0-SNAPSHOT.pom
[INFO]                                                                         
[INFO] ------------------------------------------------------------------------
[INFO] Building Azure Java Client Authentication Library for AutoRest 1.0.0-SNAPSHOT
[INFO] ------------------------------------------------------------------------
[INFO] 
[INFO] --- maven-resources-plugin:2.4.3:resources (default-resources) @ azure-client-authentication ---
[INFO] Using 'UTF-8' encoding to copy filtered resources.
[INFO] skip non existing resourceDirectory /home/travis/build/Azure/azure-sdk-for-java/runtimes/azure-client-authentication/src/main/resources
[INFO] 
[INFO] --- maven-compiler-plugin:3.1:compile (default-compile) @ azure-client-authentication ---
[INFO] Changes detected - recompiling the module!
[INFO] Compiling 3 source files to /home/travis/build/Azure/azure-sdk-for-java/runtimes/azure-client-authentication/target/classes
[WARNING] bootstrap class path not set in conjunction with -source 1.7
[INFO] 
[INFO] --- maven-resources-plugin:2.4.3:testResources (default-testResources) @ azure-client-authentication ---
[INFO] Using 'UTF-8' encoding to copy filtered resources.
[INFO] skip non existing resourceDirectory /home/travis/build/Azure/azure-sdk-for-java/runtimes/azure-client-authentication/src/test/resources
[INFO] 
[INFO] --- maven-compiler-plugin:3.1:testCompile (default-testCompile) @ azure-client-authentication ---
[INFO] Nothing to compile - all classes are up to date
[INFO] 
[INFO] --- maven-surefire-plugin:2.18.1:test (default-test) @ azure-client-authentication ---
[INFO] Tests are skipped.
[INFO] 
[INFO] --- maven-jar-plugin:2.4:jar (default-jar) @ azure-client-authentication ---
[INFO] Building jar: /home/travis/build/Azure/azure-sdk-for-java/runtimes/azure-client-authentication/target/azure-client-authentication-1.0.0-SNAPSHOT.jar
[INFO] 
[INFO] --- maven-install-plugin:2.4:install (default-install) @ azure-client-authentication ---
[INFO] Installing /home/travis/build/Azure/azure-sdk-for-java/runtimes/azure-client-authentication/target/azure-client-authentication-1.0.0-SNAPSHOT.jar to /home/travis/.m2/repository/com/microsoft/azure/azure-client-authentication/1.0.0-SNAPSHOT/azure-client-authentication-1.0.0-SNAPSHOT.jar
[INFO] Installing /home/travis/build/Azure/azure-sdk-for-java/runtimes/azure-client-authentication/pom.xml to /home/travis/.m2/repository/com/microsoft/azure/azure-client-authentication/1.0.0-SNAPSHOT/azure-client-authentication-1.0.0-SNAPSHOT.pom
[INFO]                                                                         
[INFO] ------------------------------------------------------------------------
[INFO] Building Microsoft Azure SDK Parent 1.0.0-SNAPSHOT
[INFO] ------------------------------------------------------------------------
[INFO] 
[INFO] --- maven-install-plugin:2.4:install (default-install) @ azure-parent ---
[INFO] Installing /home/travis/build/Azure/azure-sdk-for-java/pom.xml to /home/travis/.m2/repository/com/microsoft/azure/azure-parent/1.0.0-SNAPSHOT/azure-parent-1.0.0-SNAPSHOT.pom
[INFO]                                                                         
[INFO] ------------------------------------------------------------------------
[INFO] Building Microsoft Azure SDK for Resource Management 1.0.0-SNAPSHOT
[INFO] ------------------------------------------------------------------------
[INFO] 
[INFO] --- maven-resources-plugin:2.4.3:resources (default-resources) @ azure-mgmt-resources ---
[INFO] Using 'UTF-8' encoding to copy filtered resources.
[INFO] skip non existing resourceDirectory /home/travis/build/Azure/azure-sdk-for-java/azure-mgmt-resources/src/main/resources
[INFO] 
[INFO] --- maven-compiler-plugin:3.1:compile (default-compile) @ azure-mgmt-resources ---
[INFO] Changes detected - recompiling the module!
[INFO] Compiling 147 source files to /home/travis/build/Azure/azure-sdk-for-java/azure-mgmt-resources/target/classes
[WARNING] bootstrap class path not set in conjunction with -source 1.7
[WARNING] /home/travis/build/Azure/azure-sdk-for-java/azure-mgmt-resources/src/main/java/com/microsoft/azure/management/resources/fluentcore/arm/implementation/AzureConfigurableImpl.java:[33,20] unchecked cast
  required: T
  found:    com.microsoft.azure.management.resources.fluentcore.arm.implementation.AzureConfigurableImpl<T>
[WARNING] /home/travis/build/Azure/azure-sdk-for-java/azure-mgmt-resources/src/main/java/com/microsoft/azure/management/resources/fluentcore/arm/implementation/AzureConfigurableImpl.java:[39,20] unchecked cast
  required: T
  found:    com.microsoft.azure.management.resources.fluentcore.arm.implementation.AzureConfigurableImpl<T>
[WARNING] /home/travis/build/Azure/azure-sdk-for-java/azure-mgmt-resources/src/main/java/com/microsoft/azure/management/resources/fluentcore/arm/implementation/AzureConfigurableImpl.java:[45,20] unchecked cast
  required: T
  found:    com.microsoft.azure.management.resources.fluentcore.arm.implementation.AzureConfigurableImpl<T>
[INFO] 
[INFO] --- maven-resources-plugin:2.4.3:testResources (default-testResources) @ azure-mgmt-resources ---
[INFO] Using 'UTF-8' encoding to copy filtered resources.
[INFO] skip non existing resourceDirectory /home/travis/build/Azure/azure-sdk-for-java/azure-mgmt-resources/src/test/resources
[INFO] 
[INFO] --- maven-compiler-plugin:3.1:testCompile (default-testCompile) @ azure-mgmt-resources ---
[INFO] Nothing to compile - all classes are up to date
[INFO] 
[INFO] --- maven-surefire-plugin:2.18.1:test (default-test) @ azure-mgmt-resources ---
[INFO] Tests are skipped.
[INFO] 
[INFO] --- maven-jar-plugin:2.4:jar (default-jar) @ azure-mgmt-resources ---
[INFO] Building jar: /home/travis/build/Azure/azure-sdk-for-java/azure-mgmt-resources/target/azure-mgmt-resources-1.0.0-SNAPSHOT.jar
[INFO] 
[INFO] --- maven-install-plugin:2.4:install (default-install) @ azure-mgmt-resources ---
[INFO] Installing /home/travis/build/Azure/azure-sdk-for-java/azure-mgmt-resources/target/azure-mgmt-resources-1.0.0-SNAPSHOT.jar to /home/travis/.m2/repository/com/microsoft/azure/azure-mgmt-resources/1.0.0-SNAPSHOT/azure-mgmt-resources-1.0.0-SNAPSHOT.jar
[INFO] Installing /home/travis/build/Azure/azure-sdk-for-java/azure-mgmt-resources/pom.xml to /home/travis/.m2/repository/com/microsoft/azure/azure-mgmt-resources/1.0.0-SNAPSHOT/azure-mgmt-resources-1.0.0-SNAPSHOT.pom
[INFO]                                                                         
[INFO] ------------------------------------------------------------------------
[INFO] Building Microsoft Azure SDK for Storage Management 1.0.0-SNAPSHOT
[INFO] ------------------------------------------------------------------------
[INFO] 
[INFO] --- maven-resources-plugin:2.4.3:resources (default-resources) @ azure-mgmt-storage ---
[INFO] Using 'UTF-8' encoding to copy filtered resources.
[INFO] skip non existing resourceDirectory /home/travis/build/Azure/azure-sdk-for-java/azure-mgmt-storage/src/main/resources
[INFO] 
[INFO] --- maven-compiler-plugin:3.1:compile (default-compile) @ azure-mgmt-storage ---
[INFO] Changes detected - recompiling the module!
[INFO] Compiling 47 source files to /home/travis/build/Azure/azure-sdk-for-java/azure-mgmt-storage/target/classes
[WARNING] bootstrap class path not set in conjunction with -source 1.7
[INFO] 
[INFO] --- maven-resources-plugin:2.4.3:testResources (default-testResources) @ azure-mgmt-storage ---
[INFO] Using 'UTF-8' encoding to copy filtered resources.
[INFO] skip non existing resourceDirectory /home/travis/build/Azure/azure-sdk-for-java/azure-mgmt-storage/src/test/resources
[INFO] 
[INFO] --- maven-compiler-plugin:3.1:testCompile (default-testCompile) @ azure-mgmt-storage ---
[INFO] Nothing to compile - all classes are up to date
[INFO] 
[INFO] --- maven-surefire-plugin:2.18.1:test (default-test) @ azure-mgmt-storage ---
[INFO] Tests are skipped.
[INFO] 
[INFO] --- maven-jar-plugin:2.4:jar (default-jar) @ azure-mgmt-storage ---
[INFO] Building jar: /home/travis/build/Azure/azure-sdk-for-java/azure-mgmt-storage/target/azure-mgmt-storage-1.0.0-SNAPSHOT.jar
[INFO] 
[INFO] --- maven-install-plugin:2.4:install (default-install) @ azure-mgmt-storage ---
[INFO] Installing /home/travis/build/Azure/azure-sdk-for-java/azure-mgmt-storage/target/azure-mgmt-storage-1.0.0-SNAPSHOT.jar to /home/travis/.m2/repository/com/microsoft/azure/azure-mgmt-storage/1.0.0-SNAPSHOT/azure-mgmt-storage-1.0.0-SNAPSHOT.jar
[INFO] Installing /home/travis/build/Azure/azure-sdk-for-java/azure-mgmt-storage/pom.xml to /home/travis/.m2/repository/com/microsoft/azure/azure-mgmt-storage/1.0.0-SNAPSHOT/azure-mgmt-storage-1.0.0-SNAPSHOT.pom
[INFO]                                                                         
[INFO] ------------------------------------------------------------------------
[INFO] Building Microsoft Azure SDK for Network Management 1.0.0-SNAPSHOT
[INFO] ------------------------------------------------------------------------
[INFO] 
[INFO] --- maven-resources-plugin:2.4.3:resources (default-resources) @ azure-mgmt-network ---
[INFO] Using 'UTF-8' encoding to copy filtered resources.
[INFO] skip non existing resourceDirectory /home/travis/build/Azure/azure-sdk-for-java/azure-mgmt-network/src/main/resources
[INFO] 
[INFO] --- maven-compiler-plugin:3.1:compile (default-compile) @ azure-mgmt-network ---
[INFO] Changes detected - recompiling the module!
[INFO] Compiling 141 source files to /home/travis/build/Azure/azure-sdk-for-java/azure-mgmt-network/target/classes
[WARNING] bootstrap class path not set in conjunction with -source 1.7
[WARNING] /home/travis/build/Azure/azure-sdk-for-java/azure-mgmt-network/src/main/java/com/microsoft/azure/management/network/implementation/NetworkInterfaceImpl.java:[172,35] defineSecondaryIpConfiguration(java.lang.String) in com.microsoft.azure.management.network.implementation.NetworkInterfaceImpl implements defineSecondaryIpConfiguration(java.lang.String) in com.microsoft.azure.management.network.NetworkInterface.DefinitionCreatable
  return type requires unchecked conversion from com.microsoft.azure.management.network.implementation.NicIpConfigurationImpl to com.microsoft.azure.management.network.NicIpConfiguration.DefinitionBlank<com.microsoft.azure.management.network.NetworkInterface.DefinitionCreatable>
[WARNING] /home/travis/build/Azure/azure-sdk-for-java/azure-mgmt-network/src/main/java/com/microsoft/azure/management/network/implementation/NetworkInterfaceImpl.java:[177,35] updateIpConfiguration(java.lang.String) in com.microsoft.azure.management.network.implementation.NetworkInterfaceImpl implements updateIpConfiguration(java.lang.String) in com.microsoft.azure.management.network.NetworkInterface.Update
  return type requires unchecked conversion from com.microsoft.azure.management.network.implementation.NicIpConfigurationImpl to com.microsoft.azure.management.network.NicIpConfiguration.Update<com.microsoft.azure.management.network.NetworkInterface.Update>
[WARNING] /home/travis/build/Azure/azure-sdk-for-java/azure-mgmt-network/src/main/java/com/microsoft/azure/management/network/implementation/NetworkInterfaceImpl.java:[172,35] defineSecondaryIpConfiguration(java.lang.String) in com.microsoft.azure.management.network.implementation.NetworkInterfaceImpl implements defineSecondaryIpConfiguration(java.lang.String) in com.microsoft.azure.management.network.NetworkInterface.Update
  return type requires unchecked conversion from com.microsoft.azure.management.network.implementation.NicIpConfigurationImpl to com.microsoft.azure.management.network.NicIpConfiguration.DefinitionBlank<com.microsoft.azure.management.network.NetworkInterface.Update>
[INFO] 
[INFO] --- maven-resources-plugin:2.4.3:testResources (default-testResources) @ azure-mgmt-network ---
[INFO] Using 'UTF-8' encoding to copy filtered resources.
[INFO] skip non existing resourceDirectory /home/travis/build/Azure/azure-sdk-for-java/azure-mgmt-network/src/test/resources
[INFO] 
[INFO] --- maven-compiler-plugin:3.1:testCompile (default-testCompile) @ azure-mgmt-network ---
[INFO] No sources to compile
[INFO] 
[INFO] --- maven-surefire-plugin:2.18.1:test (default-test) @ azure-mgmt-network ---
[INFO] Tests are skipped.
[INFO] 
[INFO] --- maven-jar-plugin:2.4:jar (default-jar) @ azure-mgmt-network ---
[INFO] Building jar: /home/travis/build/Azure/azure-sdk-for-java/azure-mgmt-network/target/azure-mgmt-network-1.0.0-SNAPSHOT.jar
[INFO] 
[INFO] --- maven-install-plugin:2.4:install (default-install) @ azure-mgmt-network ---
[INFO] Installing /home/travis/build/Azure/azure-sdk-for-java/azure-mgmt-network/target/azure-mgmt-network-1.0.0-SNAPSHOT.jar to /home/travis/.m2/repository/com/microsoft/azure/azure-mgmt-network/1.0.0-SNAPSHOT/azure-mgmt-network-1.0.0-SNAPSHOT.jar
[INFO] Installing /home/travis/build/Azure/azure-sdk-for-java/azure-mgmt-network/pom.xml to /home/travis/.m2/repository/com/microsoft/azure/azure-mgmt-network/1.0.0-SNAPSHOT/azure-mgmt-network-1.0.0-SNAPSHOT.pom
[INFO]                                                                         
[INFO] ------------------------------------------------------------------------
[INFO] Building Microsoft Azure SDK for Compute Management 1.0.0-SNAPSHOT
[INFO] ------------------------------------------------------------------------
[INFO] 
[INFO] --- maven-resources-plugin:2.4.3:resources (default-resources) @ azure-mgmt-compute ---
[INFO] Using 'UTF-8' encoding to copy filtered resources.
[INFO] skip non existing resourceDirectory /home/travis/build/Azure/azure-sdk-for-java/azure-mgmt-compute/src/main/resources
[INFO] 
[INFO] --- maven-compiler-plugin:3.1:compile (default-compile) @ azure-mgmt-compute ---
[INFO] Changes detected - recompiling the module!
[INFO] Compiling 121 source files to /home/travis/build/Azure/azure-sdk-for-java/azure-mgmt-compute/target/classes
[INFO] -------------------------------------------------------------
[WARNING] COMPILATION WARNING : 
[INFO] -------------------------------------------------------------
[WARNING] bootstrap class path not set in conjunction with -source 1.7
[WARNING] /home/travis/build/Azure/azure-sdk-for-java/azure-mgmt-compute/src/main/java/com/microsoft/azure/management/compute/implementation/VirtualMachineImpl.java:[655,25] updateDataDisk(java.lang.String) in com.microsoft.azure.management.compute.implementation.VirtualMachineImpl implements updateDataDisk(java.lang.String) in com.microsoft.azure.management.compute.VirtualMachine.Update
  return type requires unchecked conversion from com.microsoft.azure.management.compute.implementation.DataDiskImpl to com.microsoft.azure.management.compute.DataDisk.Update<com.microsoft.azure.management.compute.VirtualMachine.Update>
[WARNING] /home/travis/build/Azure/azure-sdk-for-java/azure-mgmt-compute/src/main/java/com/microsoft/azure/management/compute/implementation/VirtualMachineImpl.java:[530,25] defineExistingDataDisk(java.lang.String) in com.microsoft.azure.management.compute.implementation.VirtualMachineImpl implements defineExistingDataDisk(java.lang.String) in com.microsoft.azure.management.compute.VirtualMachine.Update
  return type requires unchecked conversion from com.microsoft.azure.management.compute.implementation.DataDiskImpl to com.microsoft.azure.management.compute.DataDisk.DefinitionAttachExistingDataDisk<com.microsoft.azure.management.compute.VirtualMachine.Update>
[WARNING] /home/travis/build/Azure/azure-sdk-for-java/azure-mgmt-compute/src/main/java/com/microsoft/azure/management/compute/implementation/VirtualMachineImpl.java:[523,25] defineNewDataDisk(java.lang.String) in com.microsoft.azure.management.compute.implementation.VirtualMachineImpl implements defineNewDataDisk(java.lang.String) in com.microsoft.azure.management.compute.VirtualMachine.Update
  return type requires unchecked conversion from com.microsoft.azure.management.compute.implementation.DataDiskImpl to com.microsoft.azure.management.compute.DataDisk.DefinitionAttachNewDataDisk<com.microsoft.azure.management.compute.VirtualMachine.Update>
[WARNING] /home/travis/build/Azure/azure-sdk-for-java/azure-mgmt-compute/src/main/java/com/microsoft/azure/management/compute/implementation/VirtualMachineImpl.java:[530,25] defineExistingDataDisk(java.lang.String) in com.microsoft.azure.management.compute.implementation.VirtualMachineImpl implements defineExistingDataDisk(java.lang.String) in com.microsoft.azure.management.compute.VirtualMachine.DefinitionWithDataDisk
  return type requires unchecked conversion from com.microsoft.azure.management.compute.implementation.DataDiskImpl to com.microsoft.azure.management.compute.DataDisk.DefinitionAttachExistingDataDisk<com.microsoft.azure.management.compute.VirtualMachine.DefinitionCreatable>
[WARNING] /home/travis/build/Azure/azure-sdk-for-java/azure-mgmt-compute/src/main/java/com/microsoft/azure/management/compute/implementation/VirtualMachineImpl.java:[523,25] defineNewDataDisk(java.lang.String) in com.microsoft.azure.management.compute.implementation.VirtualMachineImpl implements defineNewDataDisk(java.lang.String) in com.microsoft.azure.management.compute.VirtualMachine.DefinitionWithDataDisk
  return type requires unchecked conversion from com.microsoft.azure.management.compute.implementation.DataDiskImpl to com.microsoft.azure.management.compute.DataDisk.DefinitionAttachNewDataDisk<com.microsoft.azure.management.compute.VirtualMachine.DefinitionCreatable>
[WARNING] /home/travis/build/Azure/azure-sdk-for-java/azure-mgmt-compute/src/main/java/com/microsoft/azure/management/compute/implementation/VirtualMachineImpl.java:[742,23] unchecked call to add(E) as a member of the raw type java.util.List
[WARNING] /home/travis/build/Azure/azure-sdk-for-java/azure-mgmt-compute/src/main/java/com/microsoft/azure/management/compute/implementation/VirtualMachineImpl.java:[744,16] unchecked conversion
  required: java.util.List<java.lang.String>
  found:    java.util.List
[INFO] 8 warnings 
[INFO] -------------------------------------------------------------
[INFO] -------------------------------------------------------------
[ERROR] COMPILATION ERROR : 
[INFO] -------------------------------------------------------------
[ERROR] /home/travis/build/Azure/azure-sdk-for-java/azure-mgmt-compute/src/main/java/com/microsoft/azure/management/compute/implementation/VirtualMachineImpl.java:[892,38] cannot find symbol
  symbol:   variable AccountType
  location: class com.microsoft.azure.management.compute.implementation.VirtualMachineImpl
[INFO] 1 error
[INFO] -------------------------------------------------------------
[INFO] ------------------------------------------------------------------------
[INFO] Reactor Summary:
[INFO] 
[INFO] AutoRest Client Runtimes for Java .................. SUCCESS [  0.514 s]
[INFO] Build tools for AutoRest client runtime for Java ... SUCCESS [  2.403 s]
[INFO] Java Client Runtime for AutoRest ................... SUCCESS [  4.987 s]
[INFO] Azure Java Client Runtime for AutoRest ............. SUCCESS [  2.338 s]
[INFO] Azure Java Client Authentication Library for AutoRest SUCCESS [  0.765 s]
[INFO] Microsoft Azure SDK Parent ......................... SUCCESS [  0.006 s]
[INFO] Microsoft Azure SDK for Resource Management ........ SUCCESS [  8.194 s]
[INFO] Microsoft Azure SDK for Storage Management ......... SUCCESS [  0.919 s]
[INFO] Microsoft Azure SDK for Network Management ......... SUCCESS [  5.428 s]
[INFO] Microsoft Azure SDK for Compute Management ......... FAILURE [  1.588 s]
[INFO] Microsoft Azure SDK ................................ SKIPPED
[INFO] Microsoft Azure SDK for Batch Service .............. SKIPPED
[INFO] Microsoft Azure SDK for Website Management ......... SKIPPED
[INFO] Microsoft Azure SDK for Data Lake Store Management . SKIPPED
[INFO] Microsoft Azure SDK for Data Lake Analytics Management SKIPPED
[INFO] Microsoft Azure SDK for Data Lake Store Data Uploading SKIPPED
[INFO] ------------------------------------------------------------------------
[INFO] BUILD FAILURE
[INFO] ------------------------------------------------------------------------
[INFO] Total time: 27.639 s
[INFO] Finished at: 2016-06-13T15:59:46+00:00
[INFO] Final Memory: 25M/320M
[INFO] ------------------------------------------------------------------------
[ERROR] Failed to execute goal org.apache.maven.plugins:maven-compiler-plugin:3.1:compile (default-compile) on project azure-mgmt-compute: Compilation failure
[ERROR] /home/travis/build/Azure/azure-sdk-for-java/azure-mgmt-compute/src/main/java/com/microsoft/azure/management/compute/implementation/VirtualMachineImpl.java:[892,38] cannot find symbol
[ERROR] symbol:   variable AccountType
[ERROR] location: class com.microsoft.azure.management.compute.implementation.VirtualMachineImpl
[ERROR] -> [Help 1]
[ERROR] 
[ERROR] To see the full stack trace of the errors, re-run Maven with the -e switch.
[ERROR] Re-run Maven using the -X switch to enable full debug logging.
[ERROR] 
[ERROR] For more information about the errors and possible solutions, please read the following articles:
[ERROR] [Help 1] http://cwiki.apache.org/confluence/display/MAVEN/MojoFailureException
[ERROR] 
[ERROR] After correcting the problems, you can resume the build with the command
[ERROR]   mvn <goals> -rf :azure-mgmt-compute

[31;1mThe command "eval mvn install -DskipTests=true -Dmaven.javadoc.skip=true -B -V" failed 3 times.[0m


travis_time:end:01351afd:start=1465833480290492768,finish=1465833590012797384,duration=109722304616[0K
[31;1mThe command "mvn install -DskipTests=true -Dmaven.javadoc.skip=true -B -V" failed and exited with 1 during .[0m

Your build has been stopped.
