Using worker: worker-linux-docker-77e94132.prod.travis-ci.org:travis-linux-12

travis_fold:start:system_info[0K[33;1mBuild system information[0m
Build language: java
Build group: stable
Build dist: precise
[34m[1mBuild image provisioning date and time[0m
Thu Feb  5 15:09:33 UTC 2015
[34m[1mOperating System Details[0m
Distributor ID:	Ubuntu
Description:	Ubuntu 12.04.5 LTS
Release:	12.04
Codename:	precise
[34m[1mLinux Version[0m
3.13.0-29-generic
[34m[1mCookbooks Version[0m
a68419e https://github.com/travis-ci/travis-cookbooks/tree/a68419e
[34m[1mGCC version[0m
gcc (Ubuntu/Linaro 4.6.3-1ubuntu5) 4.6.3
Copyright (C) 2011 Free Software Foundation, Inc.
This is free software; see the source for copying conditions.  There is NO
warranty; not even for MERCHANTABILITY or FITNESS FOR A PARTICULAR PURPOSE.

[34m[1mLLVM version[0m
clang version 3.4 (tags/RELEASE_34/final)
Target: x86_64-unknown-linux-gnu
Thread model: posix
[34m[1mPre-installed Ruby versions[0m
ruby-1.9.3-p551
[34m[1mPre-installed Node.js versions[0m
v0.10.36
[34m[1mPre-installed Go versions[0m
1.4.1
[34m[1mRedis version[0m
redis-server 2.8.19
[34m[1mriak version[0m
2.0.2
[34m[1mMongoDB version[0m
MongoDB 2.4.12
[34m[1mCouchDB version[0m
couchdb 1.6.1
[34m[1mNeo4j version[0m
1.9.4
[34m[1mRabbitMQ Version[0m
3.4.3
[34m[1mElasticSearch version[0m
1.4.0
[34m[1mInstalled Sphinx versions[0m
2.0.10
2.1.9
2.2.6
[34m[1mDefault Sphinx version[0m
2.2.6
[34m[1mInstalled Firefox version[0m
firefox 31.0esr
[34m[1mPhantomJS version[0m
1.9.8
[34m[1mant -version[0m
Apache Ant(TM) version 1.8.2 compiled on December 3 2011
[34m[1mmvn -version[0m
Apache Maven 3.2.5 (12a6b3acb947671f09b81f49094c53f426d8cea1; 2014-12-14T17:29:23+00:00)
Maven home: /usr/local/maven
Java version: 1.7.0_76, vendor: Oracle Corporation
Java home: /usr/lib/jvm/java-7-oracle/jre
Default locale: en_US, platform encoding: ANSI_X3.4-1968
OS name: "linux", version: "3.13.0-29-generic", arch: "amd64", family: "unix"
travis_fold:end:system_info[0K
travis_fold:start:fix.CVE-2015-7547[0K$ export DEBIAN_FRONTEND=noninteractive
W: Size of file /var/lib/apt/lists/us.archive.ubuntu.com_ubuntu_dists_precise-backports_multiverse_source_Sources.gz is not what the server reported 5886 5888
W: Size of file /var/lib/apt/lists/ppa.launchpad.net_ubuntugis_ppa_ubuntu_dists_precise_main_binary-amd64_Packages.gz is not what the server reported 36669 36677
W: Size of file /var/lib/apt/lists/ppa.launchpad.net_ubuntugis_ppa_ubuntu_dists_precise_main_binary-i386_Packages.gz is not what the server reported 36729 36733
Reading package lists...
Building dependency tree...
Reading state information...
The following extra packages will be installed:
  libc-bin libc-dev-bin libc6-dev
Suggested packages:
  glibc-doc
The following packages will be upgraded:
  libc-bin libc-dev-bin libc6 libc6-dev
4 upgraded, 0 newly installed, 0 to remove and 246 not upgraded.
Need to get 8,840 kB of archives.
After this operation, 14.3 kB disk space will be freed.
Get:1 http://us.archive.ubuntu.com/ubuntu/ precise-updates/main libc6-dev amd64 2.15-0ubuntu10.15 [2,943 kB]
Get:2 http://us.archive.ubuntu.com/ubuntu/ precise-updates/main libc-dev-bin amd64 2.15-0ubuntu10.15 [84.7 kB]
Get:3 http://us.archive.ubuntu.com/ubuntu/ precise-updates/main libc-bin amd64 2.15-0ubuntu10.15 [1,177 kB]
Get:4 http://us.archive.ubuntu.com/ubuntu/ precise-updates/main libc6 amd64 2.15-0ubuntu10.15 [4,636 kB]
Fetched 8,840 kB in 0s (37.3 MB/s)
Preconfiguring packages ...
(Reading database ... (Reading database ... 5%(Reading database ... 10%(Reading database ... 15%(Reading database ... 20%(Reading database ... 25%(Reading database ... 30%(Reading database ... 35%(Reading database ... 40%(Reading database ... 45%(Reading database ... 50%(Reading database ... 55%(Reading database ... 60%(Reading database ... 65%(Reading database ... 70%(Reading database ... 75%(Reading database ... 80%(Reading database ... 85%(Reading database ... 90%(Reading database ... 95%(Reading database ... 100%(Reading database ... 72019 files and directories currently installed.)
Preparing to replace libc6-dev 2.15-0ubuntu10.10 (using .../libc6-dev_2.15-0ubuntu10.15_amd64.deb) ...
Unpacking replacement libc6-dev ...
Preparing to replace libc-dev-bin 2.15-0ubuntu10.10 (using .../libc-dev-bin_2.15-0ubuntu10.15_amd64.deb) ...
Unpacking replacement libc-dev-bin ...
Preparing to replace libc-bin 2.15-0ubuntu10.10 (using .../libc-bin_2.15-0ubuntu10.15_amd64.deb) ...
Unpacking replacement libc-bin ...
Processing triggers for man-db ...
Setting up libc-bin (2.15-0ubuntu10.15) ...
(Reading database ... (Reading database ... 5%(Reading database ... 10%(Reading database ... 15%(Reading database ... 20%(Reading database ... 25%(Reading database ... 30%(Reading database ... 35%(Reading database ... 40%(Reading database ... 45%(Reading database ... 50%(Reading database ... 55%(Reading database ... 60%(Reading database ... 65%(Reading database ... 70%(Reading database ... 75%(Reading database ... 80%(Reading database ... 85%(Reading database ... 90%(Reading database ... 95%(Reading database ... 100%(Reading database ... 72018 files and directories currently installed.)
Preparing to replace libc6 2.15-0ubuntu10.10 (using .../libc6_2.15-0ubuntu10.15_amd64.deb) ...
Unpacking replacement libc6 ...
Setting up libc6 (2.15-0ubuntu10.15) ...
Setting up libc-dev-bin (2.15-0ubuntu10.15) ...
Setting up libc6-dev (2.15-0ubuntu10.15) ...
Processing triggers for libc-bin ...
ldconfig deferred processing now taking place
travis_fold:end:fix.CVE-2015-7547[0Ktravis_fold:start:git.checkout[0Ktravis_time:start:0d59c5da[0K$ git clone --depth=50 --branch=jwilson.0619.native_httpurlconnection https://github.com/square/okhttp.git square/okhttp
Cloning into 'square/okhttp'...
remote: Counting objects: 2252, done.[K
remote: Compressing objects:   0% (1/1319)   [Kremote: Compressing objects:   1% (14/1319)   [Kremote: Compressing objects:   2% (27/1319)   [Kremote: Compressing objects:   3% (40/1319)   [Kremote: Compressing objects:   4% (53/1319)   [Kremote: Compressing objects:   5% (66/1319)   [Kremote: Compressing objects:   6% (80/1319)   [Kremote: Compressing objects:   7% (93/1319)   [Kremote: Compressing objects:   8% (106/1319)   [Kremote: Compressing objects:   9% (119/1319)   [Kremote: Compressing objects:  10% (132/1319)   [Kremote: Compressing objects:  11% (146/1319)   [Kremote: Compressing objects:  12% (159/1319)   [Kremote: Compressing objects:  13% (172/1319)   [Kremote: Compressing objects:  14% (185/1319)   [Kremote: Compressing objects:  15% (198/1319)   [Kremote: Compressing objects:  16% (212/1319)   [Kremote: Compressing objects:  17% (225/1319)   [Kremote: Compressing objects:  18% (238/1319)   [Kremote: Compressing objects:  19% (251/1319)   [Kremote: Compressing objects:  20% (264/1319)   [Kremote: Compressing objects:  21% (277/1319)   [Kremote: Compressing objects:  22% (291/1319)   [Kremote: Compressing objects:  23% (304/1319)   [Kremote: Compressing objects:  24% (317/1319)   [Kremote: Compressing objects:  25% (330/1319)   [Kremote: Compressing objects:  26% (343/1319)   [Kremote: Compressing objects:  27% (357/1319)   [Kremote: Compressing objects:  28% (370/1319)   [Kremote: Compressing objects:  29% (383/1319)   [Kremote: Compressing objects:  30% (396/1319)   [Kremote: Compressing objects:  31% (409/1319)   [Kremote: Compressing objects:  32% (423/1319)   [Kremote: Compressing objects:  33% (436/1319)   [Kremote: Compressing objects:  34% (449/1319)   [Kremote: Compressing objects:  35% (462/1319)   [Kremote: Compressing objects:  36% (475/1319)   [Kremote: Compressing objects:  37% (489/1319)   [Kremote: Compressing objects:  38% (502/1319)   [Kremote: Compressing objects:  39% (515/1319)   [Kremote: Compressing objects:  40% (528/1319)   [Kremote: Compressing objects:  41% (541/1319)   [Kremote: Compressing objects:  42% (554/1319)   [Kremote: Compressing objects:  43% (568/1319)   [Kremote: Compressing objects:  44% (581/1319)   [Kremote: Compressing objects:  45% (594/1319)   [Kremote: Compressing objects:  46% (607/1319)   [Kremote: Compressing objects:  47% (620/1319)   [Kremote: Compressing objects:  48% (634/1319)   [Kremote: Compressing objects:  49% (647/1319)   [Kremote: Compressing objects:  50% (660/1319)   [Kremote: Compressing objects:  51% (673/1319)   [Kremote: Compressing objects:  52% (686/1319)   [Kremote: Compressing objects:  53% (700/1319)   [Kremote: Compressing objects:  54% (713/1319)   [Kremote: Compressing objects:  55% (726/1319)   [Kremote: Compressing objects:  56% (739/1319)   [Kremote: Compressing objects:  57% (752/1319)   [Kremote: Compressing objects:  58% (766/1319)   [Kremote: Compressing objects:  59% (779/1319)   [Kremote: Compressing objects:  60% (792/1319)   [Kremote: Compressing objects:  61% (805/1319)   [Kremote: Compressing objects:  62% (818/1319)   [Kremote: Compressing objects:  63% (831/1319)   [Kremote: Compressing objects:  64% (845/1319)   [Kremote: Compressing objects:  65% (858/1319)   [Kremote: Compressing objects:  66% (871/1319)   [Kremote: Compressing objects:  67% (884/1319)   [Kremote: Compressing objects:  68% (897/1319)   [Kremote: Compressing objects:  69% (911/1319)   [Kremote: Compressing objects:  70% (924/1319)   [Kremote: Compressing objects:  71% (937/1319)   [Kremote: Compressing objects:  72% (950/1319)   [Kremote: Compressing objects:  73% (963/1319)   [Kremote: Compressing objects:  74% (977/1319)   [Kremote: Compressing objects:  75% (990/1319)   [Kremote: Compressing objects:  76% (1003/1319)   [Kremote: Compressing objects:  77% (1016/1319)   [Kremote: Compressing objects:  78% (1029/1319)   [Kremote: Compressing objects:  79% (1043/1319)   [Kremote: Compressing objects:  80% (1056/1319)   [Kremote: Compressing objects:  81% (1069/1319)   [Kremote: Compressing objects:  82% (1082/1319)   [Kremote: Compressing objects:  83% (1095/1319)   [Kremote: Compressing objects:  84% (1108/1319)   [Kremote: Compressing objects:  85% (1122/1319)   [Kremote: Compressing objects:  86% (1135/1319)   [Kremote: Compressing objects:  87% (1148/1319)   [Kremote: Compressing objects:  88% (1161/1319)   [Kremote: Compressing objects:  89% (1174/1319)   [Kremote: Compressing objects:  90% (1188/1319)   [Kremote: Compressing objects:  91% (1201/1319)   [Kremote: Compressing objects:  92% (1214/1319)   [Kremote: Compressing objects:  93% (1227/1319)   [Kremote: Compressing objects:  94% (1240/1319)   [Kremote: Compressing objects:  95% (1254/1319)   [Kremote: Compressing objects:  96% (1267/1319)   [Kremote: Compressing objects:  97% (1280/1319)   [Kremote: Compressing objects:  98% (1293/1319)   [Kremote: Compressing objects:  99% (1306/1319)   [Kremote: Compressing objects: 100% (1319/1319)   [Kremote: Compressing objects: 100% (1319/1319), done.[K
Receiving objects:   0% (1/2252)   Receiving objects:   1% (23/2252)   Receiving objects:   2% (46/2252)   Receiving objects:   3% (68/2252)   Receiving objects:   4% (91/2252)   Receiving objects:   5% (113/2252)   Receiving objects:   6% (136/2252)   Receiving objects:   7% (158/2252)   Receiving objects:   8% (181/2252)   Receiving objects:   9% (203/2252)   Receiving objects:  10% (226/2252)   Receiving objects:  11% (248/2252)   Receiving objects:  12% (271/2252)   Receiving objects:  13% (293/2252)   Receiving objects:  14% (316/2252)   Receiving objects:  15% (338/2252)   Receiving objects:  16% (361/2252)   Receiving objects:  17% (383/2252)   Receiving objects:  18% (406/2252)   Receiving objects:  19% (428/2252)   Receiving objects:  20% (451/2252)   Receiving objects:  21% (473/2252)   Receiving objects:  22% (496/2252)   Receiving objects:  23% (518/2252)   Receiving objects:  24% (541/2252)   Receiving objects:  25% (563/2252)   Receiving objects:  26% (586/2252)   Receiving objects:  27% (609/2252)   Receiving objects:  28% (631/2252)   Receiving objects:  29% (654/2252)   Receiving objects:  30% (676/2252)   Receiving objects:  31% (699/2252)   Receiving objects:  32% (721/2252)   Receiving objects:  33% (744/2252)   Receiving objects:  34% (766/2252)   Receiving objects:  35% (789/2252)   Receiving objects:  36% (811/2252)   Receiving objects:  37% (834/2252)   Receiving objects:  38% (856/2252)   Receiving objects:  39% (879/2252)   Receiving objects:  40% (901/2252)   Receiving objects:  41% (924/2252)   Receiving objects:  42% (946/2252)   Receiving objects:  43% (969/2252)   Receiving objects:  44% (991/2252)   Receiving objects:  45% (1014/2252)   Receiving objects:  46% (1036/2252)   Receiving objects:  47% (1059/2252)   Receiving objects:  48% (1081/2252)   Receiving objects:  49% (1104/2252)   Receiving objects:  50% (1126/2252)   Receiving objects:  51% (1149/2252)   Receiving objects:  52% (1172/2252)   Receiving objects:  53% (1194/2252)   Receiving objects:  54% (1217/2252)   Receiving objects:  55% (1239/2252)   Receiving objects:  56% (1262/2252)   Receiving objects:  57% (1284/2252)   Receiving objects:  58% (1307/2252)   Receiving objects:  59% (1329/2252)   Receiving objects:  60% (1352/2252)   Receiving objects:  61% (1374/2252)   Receiving objects:  62% (1397/2252)   Receiving objects:  63% (1419/2252)   Receiving objects:  64% (1442/2252)   Receiving objects:  65% (1464/2252)   Receiving objects:  66% (1487/2252)   Receiving objects:  67% (1509/2252)   Receiving objects:  68% (1532/2252)   Receiving objects:  69% (1554/2252)   Receiving objects:  70% (1577/2252)   Receiving objects:  71% (1599/2252)   Receiving objects:  72% (1622/2252)   Receiving objects:  73% (1644/2252)   Receiving objects:  74% (1667/2252)   Receiving objects:  75% (1689/2252)   Receiving objects:  76% (1712/2252)   Receiving objects:  77% (1735/2252)   Receiving objects:  78% (1757/2252)   Receiving objects:  79% (1780/2252)   Receiving objects:  80% (1802/2252)   Receiving objects:  81% (1825/2252)   Receiving objects:  82% (1847/2252)   Receiving objects:  83% (1870/2252)   Receiving objects:  84% (1892/2252)   Receiving objects:  85% (1915/2252)   Receiving objects:  86% (1937/2252)   Receiving objects:  87% (1960/2252)   Receiving objects:  88% (1982/2252)   remote: Total 2252 (delta 857), reused 1700 (delta 493), pack-reused 0[K
Receiving objects:  89% (2005/2252)   Receiving objects:  90% (2027/2252)   Receiving objects:  91% (2050/2252)   Receiving objects:  92% (2072/2252)   Receiving objects:  93% (2095/2252)   Receiving objects:  94% (2117/2252)   Receiving objects:  95% (2140/2252)   Receiving objects:  96% (2162/2252)   Receiving objects:  97% (2185/2252)   Receiving objects:  98% (2207/2252)   Receiving objects:  99% (2230/2252)   Receiving objects: 100% (2252/2252)   Receiving objects: 100% (2252/2252), 922.68 KiB | 0 bytes/s, done.
Resolving deltas:   0% (0/857)   Resolving deltas:   5% (46/857)   Resolving deltas:   6% (54/857)   Resolving deltas:   9% (79/857)   Resolving deltas:  10% (87/857)   Resolving deltas:  14% (123/857)   Resolving deltas:  15% (131/857)   Resolving deltas:  16% (140/857)   Resolving deltas:  19% (166/857)   Resolving deltas:  22% (196/857)   Resolving deltas:  23% (198/857)   Resolving deltas:  24% (211/857)   Resolving deltas:  25% (216/857)   Resolving deltas:  26% (228/857)   Resolving deltas:  27% (232/857)   Resolving deltas:  32% (281/857)   Resolving deltas:  34% (295/857)   Resolving deltas:  35% (306/857)   Resolving deltas:  36% (312/857)   Resolving deltas:  37% (320/857)   Resolving deltas:  38% (328/857)   Resolving deltas:  39% (335/857)   Resolving deltas:  43% (377/857)   Resolving deltas:  44% (379/857)   Resolving deltas:  45% (393/857)   Resolving deltas:  46% (395/857)   Resolving deltas:  47% (404/857)   Resolving deltas:  48% (412/857)   Resolving deltas:  49% (420/857)   Resolving deltas:  50% (430/857)   Resolving deltas:  51% (440/857)   Resolving deltas:  52% (447/857)   Resolving deltas:  53% (457/857)   Resolving deltas:  54% (465/857)   Resolving deltas:  56% (483/857)   Resolving deltas:  57% (489/857)   Resolving deltas:  58% (498/857)   Resolving deltas:  59% (506/857)   Resolving deltas:  60% (517/857)   Resolving deltas:  61% (524/857)   Resolving deltas:  62% (534/857)   Resolving deltas:  65% (559/857)   Resolving deltas:  66% (572/857)   Resolving deltas:  71% (613/857)   Resolving deltas:  72% (620/857)   Resolving deltas:  77% (663/857)   Resolving deltas:  78% (671/857)   Resolving deltas:  79% (678/857)   Resolving deltas:  80% (687/857)   Resolving deltas:  81% (699/857)   Resolving deltas:  82% (703/857)   Resolving deltas:  83% (714/857)   Resolving deltas:  84% (720/857)   Resolving deltas:  85% (729/857)   Resolving deltas:  86% (739/857)   Resolving deltas:  87% (747/857)   Resolving deltas:  88% (755/857)   Resolving deltas:  89% (763/857)   Resolving deltas:  90% (775/857)   Resolving deltas:  91% (780/857)   Resolving deltas:  92% (789/857)   Resolving deltas:  93% (798/857)   Resolving deltas:  94% (814/857)   Resolving deltas:  95% (815/857)   Resolving deltas:  98% (844/857)   Resolving deltas: 100% (857/857)   Resolving deltas: 100% (857/857), done.
Checking connectivity... done.

travis_time:end:0d59c5da:start=1466357381980872159,finish=1466357382678581259,duration=697709100[0K$ cd square/okhttp
$ git checkout -qf 69bc2918587c62008a5a174758d1bd31f866890c
travis_fold:end:git.checkout[0Ktravis_fold:start:git.submodule[0Ktravis_time:start:1cc844b0[0K$ git submodule update --init --recursive
Submodule 'okhttp-hpacktests/src/test/resources/hpack-test-case' (git://github.com/http2jp/hpack-test-case.git) registered for path 'okhttp-hpacktests/src/test/resources/hpack-test-case'
Cloning into 'okhttp-hpacktests/src/test/resources/hpack-test-case'...
remote: Counting objects: 4505, done.[K
Receiving objects:   0% (1/4505)   Receiving objects:   1% (46/4505)   Receiving objects:   2% (91/4505)   Receiving objects:   3% (136/4505)   Receiving objects:   4% (181/4505)   Receiving objects:   5% (226/4505)   Receiving objects:   6% (271/4505)   Receiving objects:   7% (316/4505)   Receiving objects:   8% (361/4505)   Receiving objects:   9% (406/4505)   Receiving objects:  10% (451/4505)   Receiving objects:  11% (496/4505)   Receiving objects:  12% (541/4505)   Receiving objects:  13% (586/4505)   Receiving objects:  14% (631/4505)   Receiving objects:  15% (676/4505)   Receiving objects:  16% (721/4505)   Receiving objects:  17% (766/4505)   Receiving objects:  18% (811/4505)   Receiving objects:  19% (856/4505)   Receiving objects:  20% (901/4505)   Receiving objects:  21% (947/4505)   Receiving objects:  22% (992/4505)   Receiving objects:  23% (1037/4505)   Receiving objects:  24% (1082/4505)   Receiving objects:  25% (1127/4505)   Receiving objects:  26% (1172/4505)   Receiving objects:  27% (1217/4505)   Receiving objects:  28% (1262/4505)   Receiving objects:  29% (1307/4505)   Receiving objects:  30% (1352/4505)   Receiving objects:  31% (1397/4505)   Receiving objects:  32% (1442/4505)   Receiving objects:  33% (1487/4505)   Receiving objects:  34% (1532/4505)   Receiving objects:  35% (1577/4505)   Receiving objects:  36% (1622/4505)   Receiving objects:  37% (1667/4505)   Receiving objects:  38% (1712/4505)   Receiving objects:  39% (1757/4505)   Receiving objects:  40% (1802/4505)   Receiving objects:  41% (1848/4505)   Receiving objects:  42% (1893/4505)   Receiving objects:  43% (1938/4505)   Receiving objects:  44% (1983/4505)   Receiving objects:  45% (2028/4505)   Receiving objects:  46% (2073/4505)   Receiving objects:  47% (2118/4505)   Receiving objects:  48% (2163/4505)   Receiving objects:  49% (2208/4505)   Receiving objects:  50% (2253/4505)   Receiving objects:  51% (2298/4505)   Receiving objects:  52% (2343/4505)   Receiving objects:  53% (2388/4505)   Receiving objects:  54% (2433/4505)   Receiving objects:  55% (2478/4505)   Receiving objects:  56% (2523/4505)   Receiving objects:  57% (2568/4505)   Receiving objects:  58% (2613/4505)   Receiving objects:  59% (2658/4505)   Receiving objects:  60% (2703/4505)   Receiving objects:  61% (2749/4505)   Receiving objects:  62% (2794/4505)   Receiving objects:  63% (2839/4505)   Receiving objects:  64% (2884/4505)   Receiving objects:  65% (2929/4505)   Receiving objects:  66% (2974/4505)   Receiving objects:  67% (3019/4505)   Receiving objects:  68% (3064/4505)   Receiving objects:  69% (3109/4505)   Receiving objects:  70% (3154/4505)   Receiving objects:  71% (3199/4505)   Receiving objects:  72% (3244/4505)   Receiving objects:  73% (3289/4505)   Receiving objects:  74% (3334/4505)   Receiving objects:  75% (3379/4505)   Receiving objects:  76% (3424/4505), 20.57 MiB | 41.05 MiB/s   Receiving objects:  77% (3469/4505), 20.57 MiB | 41.05 MiB/s   Receiving objects:  78% (3514/4505), 20.57 MiB | 41.05 MiB/s   Receiving objects:  79% (3559/4505), 20.57 MiB | 41.05 MiB/s   Receiving objects:  80% (3604/4505), 20.57 MiB | 41.05 MiB/s   Receiving objects:  81% (3650/4505), 20.57 MiB | 41.05 MiB/s   Receiving objects:  82% (3695/4505), 20.57 MiB | 41.05 MiB/s   Receiving objects:  83% (3740/4505), 20.57 MiB | 41.05 MiB/s   Receiving objects:  84% (3785/4505), 20.57 MiB | 41.05 MiB/s   Receiving objects:  85% (3830/4505), 20.57 MiB | 41.05 MiB/s   Receiving objects:  86% (3875/4505), 20.57 MiB | 41.05 MiB/s   Receiving objects:  87% (3920/4505), 20.57 MiB | 41.05 MiB/s   Receiving objects:  88% (3965/4505), 20.57 MiB | 41.05 MiB/s   Receiving objects:  89% (4010/4505), 20.57 MiB | 41.05 MiB/s   Receiving objects:  90% (4055/4505), 20.57 MiB | 41.05 MiB/s   Receiving objects:  91% (4100/4505), 20.57 MiB | 41.05 MiB/s   Receiving objects:  92% (4145/4505), 20.57 MiB | 41.05 MiB/s   Receiving objects:  93% (4190/4505), 20.57 MiB | 41.05 MiB/s   Receiving objects:  94% (4235/4505), 20.57 MiB | 41.05 MiB/s   Receiving objects:  95% (4280/4505), 20.57 MiB | 41.05 MiB/s   Receiving objects:  96% (4325/4505), 20.57 MiB | 41.05 MiB/s   Receiving objects:  97% (4370/4505), 20.57 MiB | 41.05 MiB/s   remote: Total 4505 (delta 0), reused 0 (delta 0), pack-reused 4505[K
Receiving objects:  98% (4415/4505), 20.57 MiB | 41.05 MiB/s   Receiving objects:  99% (4460/4505), 20.57 MiB | 41.05 MiB/s   Receiving objects: 100% (4505/4505), 20.57 MiB | 41.05 MiB/s   Receiving objects: 100% (4505/4505), 25.94 MiB | 41.05 MiB/s, done.
Resolving deltas:   0% (0/4057)   Resolving deltas:   1% (51/4057)   Resolving deltas:  15% (639/4057)   Resolving deltas:  17% (697/4057)   Resolving deltas:  29% (1178/4057)   Resolving deltas:  32% (1310/4057)   Resolving deltas:  33% (1367/4057)   Resolving deltas:  34% (1385/4057)   Resolving deltas:  41% (1703/4057)   Resolving deltas:  42% (1708/4057)   Resolving deltas:  46% (1878/4057)   Resolving deltas:  51% (2082/4057)   Resolving deltas:  53% (2166/4057)   Resolving deltas:  57% (2318/4057)   Resolving deltas:  60% (2473/4057)   Resolving deltas:  62% (2555/4057)   Resolving deltas:  64% (2613/4057)   Resolving deltas:  66% (2709/4057)   Resolving deltas:  67% (2720/4057)   Resolving deltas:  68% (2760/4057)   Resolving deltas:  70% (2875/4057)   Resolving deltas:  74% (3029/4057)   Resolving deltas:  75% (3043/4057)   Resolving deltas:  76% (3088/4057)   Resolving deltas:  77% (3148/4057)   Resolving deltas:  80% (3279/4057)   Resolving deltas:  88% (3577/4057)   Resolving deltas:  88% (3601/4057)   Resolving deltas:  89% (3632/4057)   Resolving deltas:  90% (3666/4057)   Resolving deltas:  91% (3712/4057)   Resolving deltas:  92% (3744/4057)   Resolving deltas:  93% (3779/4057)   Resolving deltas:  94% (3854/4057)   Resolving deltas:  95% (3860/4057)   Resolving deltas:  97% (3955/4057)   Resolving deltas:  98% (3976/4057)   Resolving deltas: 100% (4057/4057)   Resolving deltas: 100% (4057/4057), done.
Checking connectivity... done.
Submodule path 'okhttp-hpacktests/src/test/resources/hpack-test-case': checked out 'a5652bc2bc3d2a992f39446369fb004a72e881d4'

travis_time:end:1cc844b0:start=1466357382707705707,finish=1466357385290950458,duration=2583244751[0Ktravis_fold:end:git.submodule[0Ktravis_fold:start:apt[0K[33;1mInstalling APT Packages (BETA)[0m
$ export DEBIAN_FRONTEND=noninteractive
travis_time:start:17e82922[0K$ sudo -E apt-get -yq update &>> ~/apt-get-update.log

travis_time:end:17e82922:start=1466357385295727866,finish=1466357390112731563,duration=4817003697[0Ktravis_time:start:2225d5f1[0K$ sudo -E apt-get -yq --no-install-suggests --no-install-recommends --force-yes install oracle-java8-installer
Reading package lists...
Building dependency tree...
Reading state information...
Suggested packages:
  binfmt-support visualvm ttf-baekmuk ttf-unfonts ttf-unfonts-core
  ttf-kochi-gothic ttf-sazanami-gothic ttf-kochi-mincho ttf-sazanami-mincho
  ttf-arphic-uming
The following packages will be upgraded:
  oracle-java8-installer
1 upgraded, 0 newly installed, 0 to remove and 245 not upgraded.
Need to get 23.1 kB of archives.
After this operation, 129 kB disk space will be freed.
Get:1 http://ppa.launchpad.net/webupd8team/java/ubuntu/ precise/main oracle-java8-installer all 8u92+8u91arm-2~really8u91~webupd8~0 [23.1 kB]
Fetched 23.1 kB in 0s (97.5 kB/s)
Preconfiguring packages ...
(Reading database ... (Reading database ... 5%(Reading database ... 10%(Reading database ... 15%(Reading database ... 20%(Reading database ... 25%(Reading database ... 30%(Reading database ... 35%(Reading database ... 40%(Reading database ... 45%(Reading database ... 50%(Reading database ... 55%(Reading database ... 60%(Reading database ... 65%(Reading database ... 70%(Reading database ... 75%(Reading database ... 80%(Reading database ... 85%(Reading database ... 90%(Reading database ... 95%(Reading database ... 100%(Reading database ... 72018 files and directories currently installed.)
Preparing to replace oracle-java8-installer 8u31+8u33arm-1~webupd8~1 (using .../oracle-java8-installer_8u92+8u91arm-2~really8u91~webupd8~0_all.deb) ...
oracle-license-v1-1 license has already been accepted
Unpacking replacement oracle-java8-installer ...
Processing triggers for shared-mime-info ...
Setting up oracle-java8-installer (8u92+8u91arm-2~really8u91~webupd8~0) ...
No /var/cache/oracle-jdk8-installer/wgetrc file found.
Creating /var/cache/oracle-jdk8-installer/wgetrc and
using default oracle-java8-installer wgetrc settings for it.
Downloading Oracle Java 8...
--2016-06-19 17:29:56--  http://download.oracle.com/otn-pub/java/jdk/8u91-b14/jdk-8u91-linux-x64.tar.gz
Resolving download.oracle.com (download.oracle.com)... 184.51.126.160, 184.51.126.185
Connecting to download.oracle.com (download.oracle.com)|184.51.126.160|:80... connected.
HTTP request sent, awaiting response... 302 Moved Temporarily
Location: https://edelivery.oracle.com/otn-pub/java/jdk/8u91-b14/jdk-8u91-linux-x64.tar.gz [following]
--2016-06-19 17:29:56--  https://edelivery.oracle.com/otn-pub/java/jdk/8u91-b14/jdk-8u91-linux-x64.tar.gz
Resolving edelivery.oracle.com (edelivery.oracle.com)... 23.6.22.140
Connecting to edelivery.oracle.com (edelivery.oracle.com)|23.6.22.140|:443... connected.
HTTP request sent, awaiting response... 302 Moved Temporarily
Location: https://edelivery.oracle.com/osdc-otn/otn-pub/java/jdk/8u91-b14/jdk-8u91-linux-x64.tar.gz [following]
--2016-06-19 17:29:56--  https://edelivery.oracle.com/osdc-otn/otn-pub/java/jdk/8u91-b14/jdk-8u91-linux-x64.tar.gz
Reusing existing connection to edelivery.oracle.com:443.
HTTP request sent, awaiting response... 302 Moved Temporarily
Location: http://download.oracle.com/otn-pub/java/jdk/8u91-b14/jdk-8u91-linux-x64.tar.gz?AuthParam=1466357516_10b1e76f2eea7417bce4c3bab106279b [following]
--2016-06-19 17:29:56--  http://download.oracle.com/otn-pub/java/jdk/8u91-b14/jdk-8u91-linux-x64.tar.gz?AuthParam=1466357516_10b1e76f2eea7417bce4c3bab106279b
Connecting to download.oracle.com (download.oracle.com)|184.51.126.160|:80... connected.
HTTP request sent, awaiting response... 200 OK
Length: 181367942 (173M) [application/x-gzip]
Saving to: `jdk-8u91-linux-x64.tar.gz'

     0K ........ ........ ........ ........ ........ ........  1% 11.8M 14s
  3072K ........ ........ ........ ........ ........ ........  3% 16.9M 12s
  6144K ........ ........ ........ ........ ........ ........  5% 14.2M 12s
  9216K ........ ........ ........ ........ ........ ........  6% 19.5M 11s
 12288K ........ ........ ........ ........ ........ ........  8% 19.3M 10s
 15360K ........ ........ ........ ........ ........ ........ 10% 13.5M 10s
 18432K ........ ........ ........ ........ ........ ........ 12% 12.3M 10s
 21504K ........ ........ ........ ........ ........ ........ 13% 30.7M 9s
 24576K ........ ........ ........ ........ ........ ........ 15% 29.6M 9s
 27648K ........ ........ ........ ........ ........ ........ 17% 22.8M 8s
 30720K ........ ........ ........ ........ ........ ........ 19% 14.7M 8s
 33792K ........ ........ ........ ........ ........ ........ 20% 18.3M 8s
 36864K ........ ........ ........ ........ ........ ........ 22% 20.2M 8s
 39936K ........ ........ ........ ........ ........ ........ 24% 30.6M 7s
 43008K ........ ........ ........ ........ ........ ........ 26% 25.2M 7s
 46080K ........ ........ ........ ........ ........ ........ 27% 18.5M 7s
 49152K ........ ........ ........ ........ ........ ........ 29% 22.3M 7s
 52224K ........ ........ ........ ........ ........ ........ 31% 35.8M 6s
 55296K ........ ........ ........ ........ ........ ........ 32% 23.5M 6s
 58368K ........ ........ ........ ........ ........ ........ 34% 23.9M 6s
 61440K ........ ........ ........ ........ ........ ........ 36% 28.8M 6s
 64512K ........ ........ ........ ........ ........ ........ 38% 28.1M 5s
 67584K ........ ........ ........ ........ ........ ........ 39% 16.3M 5s
 70656K ........ ........ ........ ........ ........ ........ 41% 23.2M 5s
 73728K ........ ........ ........ ........ ........ ........ 43% 12.0M 5s
 76800K ........ ........ ........ ........ ........ ........ 45% 16.2M 5s
 79872K ........ ........ ........ ........ ........ ........ 46% 17.9M 5s
 82944K ........ ........ ........ ........ ........ ........ 48% 15.6M 5s
 86016K ........ ........ ........ ........ ........ ........ 50% 22.7M 5s
 89088K ........ ........ ........ ........ ........ ........ 52% 45.1M 4s
 92160K ........ ........ ........ ........ ........ ........ 53% 17.4M 4s
 95232K ........ ........ ........ ........ ........ ........ 55% 14.0M 4s
 98304K ........ ........ ........ ........ ........ ........ 57% 23.8M 4s
101376K ........ ........ ........ ........ ........ ........ 58% 6.89M 4s
104448K ........ ........ ........ ........ ........ ........ 60% 7.80M 4s
107520K ........ ........ ........ ........ ........ ........ 62% 27.9M 4s
110592K ........ ........ ........ ........ ........ ........ 64% 25.6M 3s
113664K ........ ........ ........ ........ ........ ........ 65% 39.8M 3s
116736K ........ ........ ........ ........ ........ ........ 67% 18.8M 3s
119808K ........ ........ ........ ........ ........ ........ 69% 29.2M 3s
122880K ........ ........ ........ ........ ........ ........ 71% 22.0M 3s
125952K ........ ........ ........ ........ ........ ........ 72% 30.6M 3s
129024K ........ ........ ........ ........ ........ ........ 74% 30.7M 2s
132096K ........ ........ ........ ........ ........ ........ 76% 19.2M 2s
135168K ........ ........ ........ ........ ........ ........ 78% 18.9M 2s
138240K ........ ........ ........ ........ ........ ........ 79% 33.1M 2s
141312K ........ ........ ........ ........ ........ ........ 81% 21.5M 2s
144384K ........ ........ ........ ........ ........ ........ 83% 41.7M 2s
147456K ........ ........ ........ ........ ........ ........ 84% 23.5M 1s
150528K ........ ........ ........ ........ ........ ........ 86% 13.9M 1s
153600K ........ ........ ........ ........ ........ ........ 88% 16.8M 1s
156672K ........ ........ ........ ........ ........ ........ 90% 21.8M 1s
159744K ........ ........ ........ ........ ........ ........ 91% 14.2M 1s
162816K ........ ........ ........ ........ ........ ........ 93% 21.7M 1s
165888K ........ ........ ........ ........ ........ ........ 95% 28.6M 0s
168960K ........ ........ ........ ........ ........ ........ 97% 27.8M 0s
172032K ........ ........ ........ ........ ........ ........ 98% 29.6M 0s
175104K ........ ........ ........ .......                   100% 31.6M=8.9s

2016-06-19 17:30:05 (19.5 MB/s) - `jdk-8u91-linux-x64.tar.gz' saved [181367942/181367942]

Download done.
Removing outdated cached downloads...
Oracle JDK 8 installed
Oracle JRE 8 browser plugin installed

travis_time:end:2225d5f1:start=1466357390116488770,finish=1466357411081384492,duration=20964895722[0Ktravis_fold:end:apt[0K
[33;1mThis job is running on container-based infrastructure, which does not allow use of 'sudo', setuid and setguid executables.[0m
[33;1mIf you require sudo, add 'sudo: required' to your .travis.yml[0m
[33;1mSee https://docs.travis-ci.com/user/workers/container-based-infrastructure/ for details.[0m

[33;1mSetting environment variables from .travis.yml[0m
$ export CI_DEPLOY_USERNAME=[secure]
$ export CI_DEPLOY_PASSWORD=[secure]

$ jdk_switcher use oraclejdk7
Switching to Oracle JDK7 (java-7-oracle), JAVA_HOME will be set to /usr/lib/jvm/java-7-oracle
travis_fold:start:cache.1[0KSetting up build cache
$ export CASHER_DIR=$HOME/.casher
travis_time:start:11c37db8[0K$ Installing caching utilities

travis_time:end:11c37db8:start=1466357412961254893,finish=1466357413058966523,duration=97711630[0Ktravis_time:start:0d45d64c[0K
travis_time:end:0d45d64c:start=1466357413063789735,finish=1466357413067029090,duration=3239355[0Ktravis_time:start:0ba41280[0K[32;1mattempting to download cache archive[0m
[32;1mfetching jwilson.0619.native_httpurlconnection/cache-linux-precise-e3b0c44298fc1c149afbf4c8996fb92427ae41e4649b934ca495991b7852b855--jdk-oraclejdk7.tgz[0m
[32;1mfetching jwilson.0619.native_httpurlconnection/cache--jdk-oraclejdk7.tgz[0m
[32;1mfetching master/cache-linux-precise-e3b0c44298fc1c149afbf4c8996fb92427ae41e4649b934ca495991b7852b855--jdk-oraclejdk7.tgz[0m
[32;1mfound cache[0m

travis_time:end:0ba41280:start=1466357413070750680,finish=1466357415683496136,duration=2612745456[0Ktravis_time:start:0a0e73ae[0K
travis_time:end:0a0e73ae:start=1466357415687667215,finish=1466357415691079977,duration=3412762[0Ktravis_time:start:34b12258[0K[32;1madding /home/travis/.m2 to cache[0m

travis_time:end:34b12258:start=1466357415694956274,finish=1466357418564678965,duration=2869722691[0Ktravis_fold:end:cache.1[0K$ java -Xmx32m -version
java version "1.7.0_76"
Java(TM) SE Runtime Environment (build 1.7.0_76-b13)
Java HotSpot(TM) 64-Bit Server VM (build 24.76-b04, mixed mode)
$ javac -J-Xmx32m -version
javac 1.7.0_76
travis_fold:start:install[0Ktravis_time:start:1460fbbc[0K$ mvn install -DskipTests=true -Dmaven.javadoc.skip=true -B -V
Apache Maven 3.2.5 (12a6b3acb947671f09b81f49094c53f426d8cea1; 2014-12-14T17:29:23+00:00)
Maven home: /usr/local/maven
Java version: 1.7.0_76, vendor: Oracle Corporation
Java home: /usr/lib/jvm/java-7-oracle/jre
Default locale: en_US, platform encoding: UTF-8
OS name: "linux", version: "3.13.0-40-generic", arch: "amd64", family: "unix"
[INFO] Scanning for projects...
[WARNING] 
[WARNING] Some problems were encountered while building the effective model for com.squareup.okhttp3:okhttp-tests:jar:3.4.0-SNAPSHOT
[WARNING] 'build.plugins.plugin.version' for org.apache.maven.plugins:maven-deploy-plugin is missing. @ com.squareup.okhttp3:okhttp-tests:[unknown-version], /home/travis/build/square/okhttp/okhttp-tests/pom.xml, line 53, column 15
[WARNING] 
[WARNING] Some problems were encountered while building the effective model for com.squareup.okhttp3:okhttp-ws-tests:jar:3.4.0-SNAPSHOT
[WARNING] 'build.plugins.plugin.version' for org.apache.maven.plugins:maven-deploy-plugin is missing. @ com.squareup.okhttp3:okhttp-ws-tests:[unknown-version], /home/travis/build/square/okhttp/okhttp-ws-tests/pom.xml, line 67, column 15
[WARNING] 
[WARNING] Some problems were encountered while building the effective model for com.squareup.okhttp3:benchmarks:jar:3.4.0-SNAPSHOT
[WARNING] 'build.plugins.plugin.version' for org.codehaus.mojo:exec-maven-plugin is missing. @ com.squareup.okhttp3:benchmarks:[unknown-version], /home/travis/build/square/okhttp/benchmarks/pom.xml, line 74, column 15
[WARNING] 
[WARNING] It is highly recommended to fix these problems because they threaten the stability of your build.
[WARNING] 
[WARNING] For this reason, future Maven versions might no longer support building such malformed projects.
[WARNING] 
[INFO] ------------------------------------------------------------------------
[INFO] Reactor Build Order:
[INFO] 
[INFO] OkHttp (Parent)
[INFO] OkHttp
[INFO] OkHttp test support classes
[INFO] OkHttp Web Sockets
[INFO] MockWebServer
[INFO] OkHttp URLConnection
[INFO] OkHttp Tests
[INFO] OkHttp Android Platform Support
[INFO] OkHttp Apache HttpClient
[INFO] OkHttp Web Socket Tests
[INFO] OkHttp Logging Interceptor
[INFO] OkCurl
[INFO] Samples (Parent)
[INFO] Sample: Guide
[INFO] Sample: Crawler
[INFO] Sample: Simple Client
[INFO] Sample: Static Server
[INFO] Benchmarks
[INFO]                                                                         
[INFO] ------------------------------------------------------------------------
[INFO] Building OkHttp (Parent) 3.4.0-SNAPSHOT
[INFO] ------------------------------------------------------------------------
[INFO] 
[INFO] --- maven-enforcer-plugin:1.0:enforce (enforce-maven) @ parent ---
[INFO] 
[INFO] --- animal-sniffer-maven-plugin:1.11:check (default) @ parent ---
[INFO] Checking unresolved references to org.codehaus.mojo.signature:java16:1.1
[INFO] 
[INFO] --- maven-checkstyle-plugin:2.10:checkstyle (default) @ parent ---
[INFO] 
[INFO] --- maven-install-plugin:2.4:install (default-install) @ parent ---
[INFO] Installing /home/travis/build/square/okhttp/pom.xml to /home/travis/.m2/repository/com/squareup/okhttp3/parent/3.4.0-SNAPSHOT/parent-3.4.0-SNAPSHOT.pom
[INFO]                                                                         
[INFO] ------------------------------------------------------------------------
[INFO] Building OkHttp 3.4.0-SNAPSHOT
[INFO] ------------------------------------------------------------------------
[INFO] 
[INFO] --- maven-enforcer-plugin:1.0:enforce (enforce-maven) @ okhttp ---
[INFO] 
[INFO] --- templating-maven-plugin:1.0-alpha-3:filter-sources (default) @ okhttp ---
[INFO] Using 'UTF-8' encoding to copy filtered resources.
[INFO] Copying 1 resource
[INFO] Source directory: /home/travis/build/square/okhttp/okhttp/target/generated-sources/java-templates added.
[INFO] 
[INFO] --- maven-resources-plugin:2.6:resources (default-resources) @ okhttp ---
[INFO] Using 'UTF-8' encoding to copy filtered resources.
[INFO] skip non existing resourceDirectory /home/travis/build/square/okhttp/okhttp/src/main/resources
[INFO] 
[INFO] --- maven-compiler-plugin:3.0:compile (default-compile) @ okhttp ---
[INFO] Changes detected - recompiling the module!
[INFO] Compiling 91 source files to /home/travis/build/square/okhttp/okhttp/target/classes
[WARNING] /home/travis/build/square/okhttp/okhttp/src/main/java/okhttp3/internal/JdkWithJettyBootPlatform.java: Some input files use unchecked or unsafe operations.
[WARNING] /home/travis/build/square/okhttp/okhttp/src/main/java/okhttp3/internal/JdkWithJettyBootPlatform.java: Recompile with -Xlint:unchecked for details.
[INFO] 
[INFO] --- maven-resources-plugin:2.6:testResources (default-testResources) @ okhttp ---
[INFO] Using 'UTF-8' encoding to copy filtered resources.
[INFO] skip non existing resourceDirectory /home/travis/build/square/okhttp/okhttp/src/test/resources
[INFO] 
[INFO] --- maven-compiler-plugin:3.0:testCompile (default-testCompile) @ okhttp ---
[INFO] No sources to compile
[INFO] 
[INFO] --- maven-surefire-plugin:2.17:test (default-test) @ okhttp ---
[INFO] Tests are skipped.
[INFO] 
[INFO] --- animal-sniffer-maven-plugin:1.11:check (default) @ okhttp ---
[INFO] Checking unresolved references to org.codehaus.mojo.signature:java16:1.1
[INFO] 
[INFO] --- maven-jar-plugin:2.4:jar (default-jar) @ okhttp ---
[INFO] Building jar: /home/travis/build/square/okhttp/okhttp/target/okhttp-3.4.0-SNAPSHOT.jar
[INFO] 
[INFO] --- maven-checkstyle-plugin:2.10:checkstyle (default) @ okhttp ---
[INFO] Starting audit...
Audit done.

[WARNING] Unable to locate Source XRef to link to - DISABLED
[INFO] 
[INFO] --- maven-install-plugin:2.4:install (default-install) @ okhttp ---
[INFO] Installing /home/travis/build/square/okhttp/okhttp/target/okhttp-3.4.0-SNAPSHOT.jar to /home/travis/.m2/repository/com/squareup/okhttp3/okhttp/3.4.0-SNAPSHOT/okhttp-3.4.0-SNAPSHOT.jar
[INFO] Installing /home/travis/build/square/okhttp/okhttp/pom.xml to /home/travis/.m2/repository/com/squareup/okhttp3/okhttp/3.4.0-SNAPSHOT/okhttp-3.4.0-SNAPSHOT.pom
[INFO]                                                                         
[INFO] ------------------------------------------------------------------------
[INFO] Building OkHttp test support classes 3.4.0-SNAPSHOT
[INFO] ------------------------------------------------------------------------
[INFO] 
[INFO] --- maven-enforcer-plugin:1.0:enforce (enforce-maven) @ okhttp-testing-support ---
[INFO] 
[INFO] --- maven-resources-plugin:2.6:resources (default-resources) @ okhttp-testing-support ---
[INFO] Using 'UTF-8' encoding to copy filtered resources.
[INFO] skip non existing resourceDirectory /home/travis/build/square/okhttp/okhttp-testing-support/src/main/resources
[INFO] 
[INFO] --- maven-compiler-plugin:3.0:compile (default-compile) @ okhttp-testing-support ---
[INFO] Changes detected - recompiling the module!
[INFO] Compiling 7 source files to /home/travis/build/square/okhttp/okhttp-testing-support/target/classes
[INFO] 
[INFO] --- maven-resources-plugin:2.6:testResources (default-testResources) @ okhttp-testing-support ---
[INFO] Using 'UTF-8' encoding to copy filtered resources.
[INFO] skip non existing resourceDirectory /home/travis/build/square/okhttp/okhttp-testing-support/src/test/resources
[INFO] 
[INFO] --- maven-compiler-plugin:3.0:testCompile (default-testCompile) @ okhttp-testing-support ---
[INFO] No sources to compile
[INFO] 
[INFO] --- maven-surefire-plugin:2.17:test (default-test) @ okhttp-testing-support ---
[INFO] Tests are skipped.
[INFO] 
[INFO] --- animal-sniffer-maven-plugin:1.11:check (default) @ okhttp-testing-support ---
[INFO] Checking unresolved references to org.codehaus.mojo.signature:java16:1.1
[INFO] 
[INFO] --- maven-jar-plugin:2.4:jar (default-jar) @ okhttp-testing-support ---
[INFO] Building jar: /home/travis/build/square/okhttp/okhttp-testing-support/target/okhttp-testing-support-3.4.0-SNAPSHOT.jar
[INFO] 
[INFO] --- maven-checkstyle-plugin:2.10:checkstyle (default) @ okhttp-testing-support ---
[INFO] Starting audit...
Audit done.

[WARNING] Unable to locate Source XRef to link to - DISABLED
[INFO] 
[INFO] --- maven-install-plugin:2.4:install (default-install) @ okhttp-testing-support ---
[INFO] Installing /home/travis/build/square/okhttp/okhttp-testing-support/target/okhttp-testing-support-3.4.0-SNAPSHOT.jar to /home/travis/.m2/repository/com/squareup/okhttp3/okhttp-testing-support/3.4.0-SNAPSHOT/okhttp-testing-support-3.4.0-SNAPSHOT.jar
[INFO] Installing /home/travis/build/square/okhttp/okhttp-testing-support/pom.xml to /home/travis/.m2/repository/com/squareup/okhttp3/okhttp-testing-support/3.4.0-SNAPSHOT/okhttp-testing-support-3.4.0-SNAPSHOT.pom
[INFO]                                                                         
[INFO] ------------------------------------------------------------------------
[INFO] Building OkHttp Web Sockets 3.4.0-SNAPSHOT
[INFO] ------------------------------------------------------------------------
[INFO] 
[INFO] --- maven-enforcer-plugin:1.0:enforce (enforce-maven) @ okhttp-ws ---
[INFO] 
[INFO] --- maven-resources-plugin:2.6:resources (default-resources) @ okhttp-ws ---
[INFO] Using 'UTF-8' encoding to copy filtered resources.
[INFO] skip non existing resourceDirectory /home/travis/build/square/okhttp/okhttp-ws/src/main/resources
[INFO] 
[INFO] --- maven-compiler-plugin:3.0:compile (default-compile) @ okhttp-ws ---
[INFO] Changes detected - recompiling the module!
[INFO] Compiling 7 source files to /home/travis/build/square/okhttp/okhttp-ws/target/classes
[INFO] 
[INFO] --- maven-resources-plugin:2.6:testResources (default-testResources) @ okhttp-ws ---
[INFO] Using 'UTF-8' encoding to copy filtered resources.
[INFO] skip non existing resourceDirectory /home/travis/build/square/okhttp/okhttp-ws/src/test/resources
[INFO] 
[INFO] --- maven-compiler-plugin:3.0:testCompile (default-testCompile) @ okhttp-ws ---
[INFO] No sources to compile
[INFO] 
[INFO] --- maven-surefire-plugin:2.17:test (default-test) @ okhttp-ws ---
[INFO] Tests are skipped.
[INFO] 
[INFO] --- animal-sniffer-maven-plugin:1.11:check (default) @ okhttp-ws ---
[INFO] Checking unresolved references to org.codehaus.mojo.signature:java16:1.1
[INFO] 
[INFO] --- maven-jar-plugin:2.4:jar (default-jar) @ okhttp-ws ---
[INFO] Building jar: /home/travis/build/square/okhttp/okhttp-ws/target/okhttp-ws-3.4.0-SNAPSHOT.jar
[INFO] 
[INFO] --- maven-checkstyle-plugin:2.10:checkstyle (default) @ okhttp-ws ---
[INFO] Starting audit...
Audit done.

[WARNING] Unable to locate Source XRef to link to - DISABLED
[INFO] 
[INFO] --- maven-install-plugin:2.4:install (default-install) @ okhttp-ws ---
[INFO] Installing /home/travis/build/square/okhttp/okhttp-ws/target/okhttp-ws-3.4.0-SNAPSHOT.jar to /home/travis/.m2/repository/com/squareup/okhttp3/okhttp-ws/3.4.0-SNAPSHOT/okhttp-ws-3.4.0-SNAPSHOT.jar
[INFO] Installing /home/travis/build/square/okhttp/okhttp-ws/pom.xml to /home/travis/.m2/repository/com/squareup/okhttp3/okhttp-ws/3.4.0-SNAPSHOT/okhttp-ws-3.4.0-SNAPSHOT.pom
[INFO]                                                                         
[INFO] ------------------------------------------------------------------------
[INFO] Building MockWebServer 3.4.0-SNAPSHOT
[INFO] ------------------------------------------------------------------------
[INFO] 
[INFO] --- maven-enforcer-plugin:1.0:enforce (enforce-maven) @ mockwebserver ---
[INFO] 
[INFO] --- maven-resources-plugin:2.6:resources (default-resources) @ mockwebserver ---
[INFO] Using 'UTF-8' encoding to copy filtered resources.
[INFO] skip non existing resourceDirectory /home/travis/build/square/okhttp/mockwebserver/src/main/resources
[INFO] 
[INFO] --- maven-compiler-plugin:3.0:compile (default-compile) @ mockwebserver ---
[INFO] Changes detected - recompiling the module!
[INFO] Compiling 10 source files to /home/travis/build/square/okhttp/mockwebserver/target/classes
[WARNING] /home/travis/build/square/okhttp/mockwebserver/src/main/java/okhttp3/internal/tls/HeldCertificate.java: /home/travis/build/square/okhttp/mockwebserver/src/main/java/okhttp3/internal/tls/HeldCertificate.java uses or overrides a deprecated API.
[WARNING] /home/travis/build/square/okhttp/mockwebserver/src/main/java/okhttp3/internal/tls/HeldCertificate.java: Recompile with -Xlint:deprecation for details.
[INFO] 
[INFO] --- maven-resources-plugin:2.6:testResources (default-testResources) @ mockwebserver ---
[INFO] Using 'UTF-8' encoding to copy filtered resources.
[INFO] skip non existing resourceDirectory /home/travis/build/square/okhttp/mockwebserver/src/test/resources
[INFO] 
[INFO] --- maven-compiler-plugin:3.0:testCompile (default-testCompile) @ mockwebserver ---
[INFO] Changes detected - recompiling the module!
[INFO] Compiling 2 source files to /home/travis/build/square/okhttp/mockwebserver/target/test-classes
[INFO] 
[INFO] --- maven-surefire-plugin:2.17:test (default-test) @ mockwebserver ---
[INFO] Tests are skipped.
[INFO] 
[INFO] --- animal-sniffer-maven-plugin:1.11:check (default) @ mockwebserver ---
[INFO] Checking unresolved references to org.codehaus.mojo.signature:java16:1.1
[INFO] 
[INFO] --- maven-jar-plugin:2.4:jar (default-jar) @ mockwebserver ---
[INFO] Building jar: /home/travis/build/square/okhttp/mockwebserver/target/mockwebserver-3.4.0-SNAPSHOT.jar
[INFO] 
[INFO] --- maven-assembly-plugin:2.2-beta-5:single (default) @ mockwebserver ---
[INFO] META-INF/ already added, skipping
[INFO] META-INF/MANIFEST.MF already added, skipping
[INFO] META-INF/maven/ already added, skipping
[INFO] META-INF/ already added, skipping
[INFO] META-INF/MANIFEST.MF already added, skipping
[INFO] okhttp3/ already added, skipping
[INFO] okhttp3/internal/ already added, skipping
[INFO] META-INF/maven/ already added, skipping
[INFO] META-INF/maven/com.squareup.okhttp3/ already added, skipping
[INFO] META-INF/MANIFEST.MF already added, skipping
[INFO] META-INF/ already added, skipping
[INFO] META-INF/MANIFEST.MF already added, skipping
[INFO] org/ already added, skipping
[INFO] META-INF/ already added, skipping
[INFO] META-INF/MANIFEST.MF already added, skipping
[INFO] org/ already added, skipping
[INFO] Building jar: /home/travis/build/square/okhttp/mockwebserver/target/mockwebserver-3.4.0-SNAPSHOT-jar-with-dependencies.jar
[INFO] META-INF/ already added, skipping
[INFO] META-INF/MANIFEST.MF already added, skipping
[INFO] META-INF/maven/ already added, skipping
[INFO] META-INF/ already added, skipping
[INFO] META-INF/MANIFEST.MF already added, skipping
[INFO] okhttp3/ already added, skipping
[INFO] okhttp3/internal/ already added, skipping
[INFO] META-INF/maven/ already added, skipping
[INFO] META-INF/maven/com.squareup.okhttp3/ already added, skipping
[INFO] META-INF/MANIFEST.MF already added, skipping
[INFO] META-INF/ already added, skipping
[INFO] META-INF/MANIFEST.MF already added, skipping
[INFO] org/ already added, skipping
[INFO] META-INF/ already added, skipping
[INFO] META-INF/MANIFEST.MF already added, skipping
[INFO] org/ already added, skipping
[INFO] 
[INFO] --- maven-checkstyle-plugin:2.10:checkstyle (default) @ mockwebserver ---
[INFO] Starting audit...
Audit done.

[WARNING] Unable to locate Source XRef to link to - DISABLED
[INFO] 
[INFO] --- maven-install-plugin:2.4:install (default-install) @ mockwebserver ---
[INFO] Installing /home/travis/build/square/okhttp/mockwebserver/target/mockwebserver-3.4.0-SNAPSHOT.jar to /home/travis/.m2/repository/com/squareup/okhttp3/mockwebserver/3.4.0-SNAPSHOT/mockwebserver-3.4.0-SNAPSHOT.jar
[INFO] Installing /home/travis/build/square/okhttp/mockwebserver/pom.xml to /home/travis/.m2/repository/com/squareup/okhttp3/mockwebserver/3.4.0-SNAPSHOT/mockwebserver-3.4.0-SNAPSHOT.pom
[INFO] Installing /home/travis/build/square/okhttp/mockwebserver/target/mockwebserver-3.4.0-SNAPSHOT-jar-with-dependencies.jar to /home/travis/.m2/repository/com/squareup/okhttp3/mockwebserver/3.4.0-SNAPSHOT/mockwebserver-3.4.0-SNAPSHOT-jar-with-dependencies.jar
[INFO]                                                                         
[INFO] ------------------------------------------------------------------------
[INFO] Building OkHttp URLConnection 3.4.0-SNAPSHOT
[INFO] ------------------------------------------------------------------------
[INFO] 
[INFO] --- maven-enforcer-plugin:1.0:enforce (enforce-maven) @ okhttp-urlconnection ---
[INFO] 
[INFO] --- maven-resources-plugin:2.6:resources (default-resources) @ okhttp-urlconnection ---
[INFO] Using 'UTF-8' encoding to copy filtered resources.
[INFO] skip non existing resourceDirectory /home/travis/build/square/okhttp/okhttp-urlconnection/src/main/resources
[INFO] 
[INFO] --- maven-compiler-plugin:3.0:compile (default-compile) @ okhttp-urlconnection ---
[INFO] Changes detected - recompiling the module!
[INFO] Compiling 12 source files to /home/travis/build/square/okhttp/okhttp-urlconnection/target/classes
[WARNING] /home/travis/build/square/okhttp/okhttp-urlconnection/src/main/java/okhttp3/internal/huc/HttpURLConnectionImpl.java: Some input files use or override a deprecated API.
[WARNING] /home/travis/build/square/okhttp/okhttp-urlconnection/src/main/java/okhttp3/internal/huc/HttpURLConnectionImpl.java: Recompile with -Xlint:deprecation for details.
[INFO] 
[INFO] --- maven-resources-plugin:2.6:testResources (default-testResources) @ okhttp-urlconnection ---
[INFO] Using 'UTF-8' encoding to copy filtered resources.
[INFO] skip non existing resourceDirectory /home/travis/build/square/okhttp/okhttp-urlconnection/src/test/resources
[INFO] 
[INFO] --- maven-compiler-plugin:3.0:testCompile (default-testCompile) @ okhttp-urlconnection ---
[INFO] Changes detected - recompiling the module!
[INFO] Compiling 3 source files to /home/travis/build/square/okhttp/okhttp-urlconnection/target/test-classes
[WARNING] /home/travis/build/square/okhttp/okhttp-urlconnection/src/test/java/okhttp3/OkUrlFactoryTest.java: Some input files use or override a deprecated API.
[WARNING] /home/travis/build/square/okhttp/okhttp-urlconnection/src/test/java/okhttp3/OkUrlFactoryTest.java: Recompile with -Xlint:deprecation for details.
[INFO] 
[INFO] --- maven-surefire-plugin:2.17:test (default-test) @ okhttp-urlconnection ---
[INFO] Tests are skipped.
[INFO] 
[INFO] --- animal-sniffer-maven-plugin:1.11:check (default) @ okhttp-urlconnection ---
[INFO] Checking unresolved references to org.codehaus.mojo.signature:java16:1.1
[INFO] 
[INFO] --- maven-jar-plugin:2.4:jar (default-jar) @ okhttp-urlconnection ---
[INFO] Building jar: /home/travis/build/square/okhttp/okhttp-urlconnection/target/okhttp-urlconnection-3.4.0-SNAPSHOT.jar
[INFO] 
[INFO] --- maven-checkstyle-plugin:2.10:checkstyle (default) @ okhttp-urlconnection ---
[INFO] Starting audit...
Audit done.

[WARNING] Unable to locate Source XRef to link to - DISABLED
[INFO] 
[INFO] --- maven-install-plugin:2.4:install (default-install) @ okhttp-urlconnection ---
[INFO] Installing /home/travis/build/square/okhttp/okhttp-urlconnection/target/okhttp-urlconnection-3.4.0-SNAPSHOT.jar to /home/travis/.m2/repository/com/squareup/okhttp3/okhttp-urlconnection/3.4.0-SNAPSHOT/okhttp-urlconnection-3.4.0-SNAPSHOT.jar
[INFO] Installing /home/travis/build/square/okhttp/okhttp-urlconnection/pom.xml to /home/travis/.m2/repository/com/squareup/okhttp3/okhttp-urlconnection/3.4.0-SNAPSHOT/okhttp-urlconnection-3.4.0-SNAPSHOT.pom
[INFO]                                                                         
[INFO] ------------------------------------------------------------------------
[INFO] Building OkHttp Tests 3.4.0-SNAPSHOT
[INFO] ------------------------------------------------------------------------
[INFO] 
[INFO] --- maven-enforcer-plugin:1.0:enforce (enforce-maven) @ okhttp-tests ---
[INFO] 
[INFO] --- maven-resources-plugin:2.6:resources (default-resources) @ okhttp-tests ---
[INFO] Using 'UTF-8' encoding to copy filtered resources.
[INFO] skip non existing resourceDirectory /home/travis/build/square/okhttp/okhttp-tests/src/main/resources
[INFO] 
[INFO] --- maven-compiler-plugin:3.0:compile (default-compile) @ okhttp-tests ---
[INFO] No sources to compile
[INFO] 
[INFO] --- maven-resources-plugin:2.6:testResources (default-testResources) @ okhttp-tests ---
[INFO] Using 'UTF-8' encoding to copy filtered resources.
[INFO] Copying 1 resource
[INFO] 
[INFO] --- maven-compiler-plugin:3.0:testCompile (default-testCompile) @ okhttp-tests ---
[INFO] Changes detected - recompiling the module!
[INFO] Compiling 73 source files to /home/travis/build/square/okhttp/okhttp-tests/target/test-classes
[WARNING] /home/travis/build/square/okhttp/okhttp-tests/src/test/java/okhttp3/internal/http/ThreadInterruptTest.java: Some input files use or override a deprecated API.
[WARNING] /home/travis/build/square/okhttp/okhttp-tests/src/test/java/okhttp3/internal/http/ThreadInterruptTest.java: Recompile with -Xlint:deprecation for details.
[WARNING] /home/travis/build/square/okhttp/okhttp-tests/src/test/java/okhttp3/TestUtil.java: Some input files use unchecked or unsafe operations.
[WARNING] /home/travis/build/square/okhttp/okhttp-tests/src/test/java/okhttp3/TestUtil.java: Recompile with -Xlint:unchecked for details.
[INFO] 
[INFO] --- maven-surefire-plugin:2.17:test (default-test) @ okhttp-tests ---
[INFO] Tests are skipped.
[INFO] 
[INFO] --- animal-sniffer-maven-plugin:1.11:check (default) @ okhttp-tests ---
[INFO] Checking unresolved references to org.codehaus.mojo.signature:java16:1.1
[INFO] 
[INFO] --- maven-jar-plugin:2.4:jar (default-jar) @ okhttp-tests ---
[WARNING] JAR will be empty - no content was marked for inclusion!
[INFO] Building jar: /home/travis/build/square/okhttp/okhttp-tests/target/okhttp-tests-3.4.0-SNAPSHOT.jar
[INFO] 
[INFO] --- maven-checkstyle-plugin:2.10:checkstyle (default) @ okhttp-tests ---
[INFO] 
[INFO] --- maven-install-plugin:2.4:install (default-install) @ okhttp-tests ---
[INFO] Installing /home/travis/build/square/okhttp/okhttp-tests/target/okhttp-tests-3.4.0-SNAPSHOT.jar to /home/travis/.m2/repository/com/squareup/okhttp3/okhttp-tests/3.4.0-SNAPSHOT/okhttp-tests-3.4.0-SNAPSHOT.jar
[INFO] Installing /home/travis/build/square/okhttp/okhttp-tests/pom.xml to /home/travis/.m2/repository/com/squareup/okhttp3/okhttp-tests/3.4.0-SNAPSHOT/okhttp-tests-3.4.0-SNAPSHOT.pom
[INFO]                                                                         
[INFO] ------------------------------------------------------------------------
[INFO] Building OkHttp Android Platform Support 3.4.0-SNAPSHOT
[INFO] ------------------------------------------------------------------------
[INFO] 
[INFO] --- maven-enforcer-plugin:1.0:enforce (enforce-maven) @ okhttp-android-support ---
[INFO] 
[INFO] --- maven-resources-plugin:2.6:resources (default-resources) @ okhttp-android-support ---
[INFO] Using 'UTF-8' encoding to copy filtered resources.
[INFO] skip non existing resourceDirectory /home/travis/build/square/okhttp/okhttp-android-support/src/main/resources
[INFO] 
[INFO] --- maven-compiler-plugin:3.0:compile (default-compile) @ okhttp-android-support ---
[INFO] Changes detected - recompiling the module!
[INFO] Compiling 5 source files to /home/travis/build/square/okhttp/okhttp-android-support/target/classes
[WARNING] /home/travis/build/square/okhttp/okhttp-android-support/src/main/java/okhttp3/AndroidInternal.java: /home/travis/build/square/okhttp/okhttp-android-support/src/main/java/okhttp3/AndroidInternal.java uses or overrides a deprecated API.
[WARNING] /home/travis/build/square/okhttp/okhttp-android-support/src/main/java/okhttp3/AndroidInternal.java: Recompile with -Xlint:deprecation for details.
[INFO] 
[INFO] --- maven-resources-plugin:2.6:testResources (default-testResources) @ okhttp-android-support ---
[INFO] Using 'UTF-8' encoding to copy filtered resources.
[INFO] skip non existing resourceDirectory /home/travis/build/square/okhttp/okhttp-android-support/src/test/resources
[INFO] 
[INFO] --- maven-compiler-plugin:3.0:testCompile (default-testCompile) @ okhttp-android-support ---
[INFO] Changes detected - recompiling the module!
[INFO] Compiling 6 source files to /home/travis/build/square/okhttp/okhttp-android-support/target/test-classes
[WARNING] /home/travis/build/square/okhttp/okhttp-android-support/src/test/java/okhttp3/android/HttpResponseCacheTest.java: Some input files use or override a deprecated API.
[WARNING] /home/travis/build/square/okhttp/okhttp-android-support/src/test/java/okhttp3/android/HttpResponseCacheTest.java: Recompile with -Xlint:deprecation for details.
[INFO] 
[INFO] --- maven-surefire-plugin:2.17:test (default-test) @ okhttp-android-support ---
[INFO] Tests are skipped.
[INFO] 
[INFO] --- animal-sniffer-maven-plugin:1.11:check (default) @ okhttp-android-support ---
[INFO] Checking unresolved references to org.codehaus.mojo.signature:java16:1.1
[INFO] 
[INFO] --- maven-jar-plugin:2.4:jar (default-jar) @ okhttp-android-support ---
[INFO] Building jar: /home/travis/build/square/okhttp/okhttp-android-support/target/okhttp-android-support-3.4.0-SNAPSHOT.jar
[INFO] 
[INFO] --- maven-checkstyle-plugin:2.10:checkstyle (default) @ okhttp-android-support ---
[INFO] Starting audit...
Audit done.

[WARNING] Unable to locate Source XRef to link to - DISABLED
[INFO] 
[INFO] --- maven-install-plugin:2.4:install (default-install) @ okhttp-android-support ---
[INFO] Installing /home/travis/build/square/okhttp/okhttp-android-support/target/okhttp-android-support-3.4.0-SNAPSHOT.jar to /home/travis/.m2/repository/com/squareup/okhttp3/okhttp-android-support/3.4.0-SNAPSHOT/okhttp-android-support-3.4.0-SNAPSHOT.jar
[INFO] Installing /home/travis/build/square/okhttp/okhttp-android-support/pom.xml to /home/travis/.m2/repository/com/squareup/okhttp3/okhttp-android-support/3.4.0-SNAPSHOT/okhttp-android-support-3.4.0-SNAPSHOT.pom
[INFO]                                                                         
[INFO] ------------------------------------------------------------------------
[INFO] Building OkHttp Apache HttpClient 3.4.0-SNAPSHOT
[INFO] ------------------------------------------------------------------------
[INFO] 
[INFO] --- maven-enforcer-plugin:1.0:enforce (enforce-maven) @ okhttp-apache ---
[INFO] 
[INFO] --- maven-resources-plugin:2.6:resources (default-resources) @ okhttp-apache ---
[INFO] Using 'UTF-8' encoding to copy filtered resources.
[INFO] skip non existing resourceDirectory /home/travis/build/square/okhttp/okhttp-apache/src/main/resources
[INFO] 
[INFO] --- maven-compiler-plugin:3.0:compile (default-compile) @ okhttp-apache ---
[INFO] Changes detected - recompiling the module!
[INFO] Compiling 2 source files to /home/travis/build/square/okhttp/okhttp-apache/target/classes
[INFO] 
[INFO] --- maven-resources-plugin:2.6:testResources (default-testResources) @ okhttp-apache ---
[INFO] Using 'UTF-8' encoding to copy filtered resources.
[INFO] skip non existing resourceDirectory /home/travis/build/square/okhttp/okhttp-apache/src/test/resources
[INFO] 
[INFO] --- maven-compiler-plugin:3.0:testCompile (default-testCompile) @ okhttp-apache ---
[INFO] Changes detected - recompiling the module!
[INFO] Compiling 1 source file to /home/travis/build/square/okhttp/okhttp-apache/target/test-classes
[WARNING] /home/travis/build/square/okhttp/okhttp-apache/src/test/java/okhttp3/apache/OkApacheClientTest.java: /home/travis/build/square/okhttp/okhttp-apache/src/test/java/okhttp3/apache/OkApacheClientTest.java uses or overrides a deprecated API.
[WARNING] /home/travis/build/square/okhttp/okhttp-apache/src/test/java/okhttp3/apache/OkApacheClientTest.java: Recompile with -Xlint:deprecation for details.
[INFO] 
[INFO] --- maven-surefire-plugin:2.17:test (default-test) @ okhttp-apache ---
[INFO] Tests are skipped.
[INFO] 
[INFO] --- animal-sniffer-maven-plugin:1.11:check (default) @ okhttp-apache ---
[INFO] Checking unresolved references to org.codehaus.mojo.signature:java16:1.1
[INFO] 
[INFO] --- maven-jar-plugin:2.4:jar (default-jar) @ okhttp-apache ---
[INFO] Building jar: /home/travis/build/square/okhttp/okhttp-apache/target/okhttp-apache-3.4.0-SNAPSHOT.jar
[INFO] 
[INFO] --- maven-checkstyle-plugin:2.10:checkstyle (default) @ okhttp-apache ---
[INFO] Starting audit...
Audit done.

[WARNING] Unable to locate Source XRef to link to - DISABLED
[INFO] 
[INFO] --- maven-install-plugin:2.4:install (default-install) @ okhttp-apache ---
[INFO] Installing /home/travis/build/square/okhttp/okhttp-apache/target/okhttp-apache-3.4.0-SNAPSHOT.jar to /home/travis/.m2/repository/com/squareup/okhttp3/okhttp-apache/3.4.0-SNAPSHOT/okhttp-apache-3.4.0-SNAPSHOT.jar
[INFO] Installing /home/travis/build/square/okhttp/okhttp-apache/pom.xml to /home/travis/.m2/repository/com/squareup/okhttp3/okhttp-apache/3.4.0-SNAPSHOT/okhttp-apache-3.4.0-SNAPSHOT.pom
[INFO]                                                                         
[INFO] ------------------------------------------------------------------------
[INFO] Building OkHttp Web Socket Tests 3.4.0-SNAPSHOT
[INFO] ------------------------------------------------------------------------
[INFO] 
[INFO] --- maven-enforcer-plugin:1.0:enforce (enforce-maven) @ okhttp-ws-tests ---
[INFO] 
[INFO] --- maven-resources-plugin:2.6:resources (default-resources) @ okhttp-ws-tests ---
[INFO] Using 'UTF-8' encoding to copy filtered resources.
[INFO] skip non existing resourceDirectory /home/travis/build/square/okhttp/okhttp-ws-tests/src/main/resources
[INFO] 
[INFO] --- maven-compiler-plugin:3.0:compile (default-compile) @ okhttp-ws-tests ---
[INFO] Changes detected - recompiling the module!
[INFO] Compiling 1 source file to /home/travis/build/square/okhttp/okhttp-ws-tests/target/classes
[INFO] 
[INFO] --- maven-resources-plugin:2.6:testResources (default-testResources) @ okhttp-ws-tests ---
[INFO] Using 'UTF-8' encoding to copy filtered resources.
[INFO] skip non existing resourceDirectory /home/travis/build/square/okhttp/okhttp-ws-tests/src/test/resources
[INFO] 
[INFO] --- maven-compiler-plugin:3.0:testCompile (default-testCompile) @ okhttp-ws-tests ---
[INFO] Changes detected - recompiling the module!
[INFO] Compiling 5 source files to /home/travis/build/square/okhttp/okhttp-ws-tests/target/test-classes
[INFO] 
[INFO] --- maven-surefire-plugin:2.17:test (default-test) @ okhttp-ws-tests ---
[INFO] Tests are skipped.
[INFO] 
[INFO] --- animal-sniffer-maven-plugin:1.11:check (default) @ okhttp-ws-tests ---
[INFO] Checking unresolved references to org.codehaus.mojo.signature:java16:1.1
[INFO] 
[INFO] --- maven-jar-plugin:2.4:jar (default-jar) @ okhttp-ws-tests ---
[INFO] Building jar: /home/travis/build/square/okhttp/okhttp-ws-tests/target/okhttp-ws-tests-3.4.0-SNAPSHOT.jar
[INFO] 
[INFO] --- maven-assembly-plugin:2.2-beta-5:single (default) @ okhttp-ws-tests ---
[INFO] META-INF/ already added, skipping
[INFO] META-INF/MANIFEST.MF already added, skipping
[INFO] okhttp3/ already added, skipping
[INFO] okhttp3/internal/ already added, skipping
[INFO] META-INF/maven/ already added, skipping
[INFO] META-INF/maven/com.squareup.okhttp3/ already added, skipping
[INFO] META-INF/ already added, skipping
[INFO] META-INF/MANIFEST.MF already added, skipping
[INFO] META-INF/maven/ already added, skipping
[INFO] Building jar: /home/travis/build/square/okhttp/okhttp-ws-tests/target/okhttp-ws-tests-3.4.0-SNAPSHOT-jar-with-dependencies.jar
[INFO] META-INF/ already added, skipping
[INFO] META-INF/MANIFEST.MF already added, skipping
[INFO] okhttp3/ already added, skipping
[INFO] okhttp3/internal/ already added, skipping
[INFO] META-INF/maven/ already added, skipping
[INFO] META-INF/maven/com.squareup.okhttp3/ already added, skipping
[INFO] META-INF/ already added, skipping
[INFO] META-INF/MANIFEST.MF already added, skipping
[INFO] META-INF/maven/ already added, skipping
[INFO] 
[INFO] --- maven-checkstyle-plugin:2.10:checkstyle (default) @ okhttp-ws-tests ---
[INFO] Starting audit...
Audit done.

[WARNING] Unable to locate Source XRef to link to - DISABLED
[INFO] 
[INFO] --- maven-install-plugin:2.4:install (default-install) @ okhttp-ws-tests ---
[INFO] Installing /home/travis/build/square/okhttp/okhttp-ws-tests/target/okhttp-ws-tests-3.4.0-SNAPSHOT.jar to /home/travis/.m2/repository/com/squareup/okhttp3/okhttp-ws-tests/3.4.0-SNAPSHOT/okhttp-ws-tests-3.4.0-SNAPSHOT.jar
[INFO] Installing /home/travis/build/square/okhttp/okhttp-ws-tests/pom.xml to /home/travis/.m2/repository/com/squareup/okhttp3/okhttp-ws-tests/3.4.0-SNAPSHOT/okhttp-ws-tests-3.4.0-SNAPSHOT.pom
[INFO] Installing /home/travis/build/square/okhttp/okhttp-ws-tests/target/okhttp-ws-tests-3.4.0-SNAPSHOT-jar-with-dependencies.jar to /home/travis/.m2/repository/com/squareup/okhttp3/okhttp-ws-tests/3.4.0-SNAPSHOT/okhttp-ws-tests-3.4.0-SNAPSHOT-jar-with-dependencies.jar
[INFO]                                                                         
[INFO] ------------------------------------------------------------------------
[INFO] Building OkHttp Logging Interceptor 3.4.0-SNAPSHOT
[INFO] ------------------------------------------------------------------------
[INFO] 
[INFO] --- maven-enforcer-plugin:1.0:enforce (enforce-maven) @ logging-interceptor ---
[INFO] 
[INFO] --- maven-resources-plugin:2.6:resources (default-resources) @ logging-interceptor ---
[INFO] Using 'UTF-8' encoding to copy filtered resources.
[INFO] skip non existing resourceDirectory /home/travis/build/square/okhttp/okhttp-logging-interceptor/src/main/resources
[INFO] 
[INFO] --- maven-compiler-plugin:3.0:compile (default-compile) @ logging-interceptor ---
[INFO] Changes detected - recompiling the module!
[INFO] Compiling 1 source file to /home/travis/build/square/okhttp/okhttp-logging-interceptor/target/classes
[INFO] 
[INFO] --- maven-resources-plugin:2.6:testResources (default-testResources) @ logging-interceptor ---
[INFO] Using 'UTF-8' encoding to copy filtered resources.
[INFO] skip non existing resourceDirectory /home/travis/build/square/okhttp/okhttp-logging-interceptor/src/test/resources
[INFO] 
[INFO] --- maven-compiler-plugin:3.0:testCompile (default-testCompile) @ logging-interceptor ---
[INFO] Changes detected - recompiling the module!
[INFO] Compiling 1 source file to /home/travis/build/square/okhttp/okhttp-logging-interceptor/target/test-classes
[INFO] 
[INFO] --- maven-surefire-plugin:2.17:test (default-test) @ logging-interceptor ---
[INFO] Tests are skipped.
[INFO] 
[INFO] --- animal-sniffer-maven-plugin:1.11:check (default) @ logging-interceptor ---
[INFO] Checking unresolved references to org.codehaus.mojo.signature:java16:1.1
[INFO] 
[INFO] --- maven-jar-plugin:2.4:jar (default-jar) @ logging-interceptor ---
[INFO] Building jar: /home/travis/build/square/okhttp/okhttp-logging-interceptor/target/logging-interceptor-3.4.0-SNAPSHOT.jar
[INFO] 
[INFO] --- maven-checkstyle-plugin:2.10:checkstyle (default) @ logging-interceptor ---
[INFO] Starting audit...
Audit done.

[WARNING] Unable to locate Source XRef to link to - DISABLED
[INFO] 
[INFO] --- maven-install-plugin:2.4:install (default-install) @ logging-interceptor ---
[INFO] Installing /home/travis/build/square/okhttp/okhttp-logging-interceptor/target/logging-interceptor-3.4.0-SNAPSHOT.jar to /home/travis/.m2/repository/com/squareup/okhttp3/logging-interceptor/3.4.0-SNAPSHOT/logging-interceptor-3.4.0-SNAPSHOT.jar
[INFO] Installing /home/travis/build/square/okhttp/okhttp-logging-interceptor/pom.xml to /home/travis/.m2/repository/com/squareup/okhttp3/logging-interceptor/3.4.0-SNAPSHOT/logging-interceptor-3.4.0-SNAPSHOT.pom
[INFO]                                                                         
[INFO] ------------------------------------------------------------------------
[INFO] Building OkCurl 3.4.0-SNAPSHOT
[INFO] ------------------------------------------------------------------------
[INFO] 
[INFO] --- maven-enforcer-plugin:1.0:enforce (enforce-maven) @ okcurl ---
[INFO] 
[INFO] --- maven-resources-plugin:2.6:resources (default-resources) @ okcurl ---
[INFO] Using 'UTF-8' encoding to copy filtered resources.
[INFO] Copying 1 resource
[INFO] 
[INFO] --- maven-compiler-plugin:3.0:compile (default-compile) @ okcurl ---
[INFO] Changes detected - recompiling the module!
[INFO] Compiling 1 source file to /home/travis/build/square/okhttp/okcurl/target/classes
[INFO] 
[INFO] --- maven-resources-plugin:2.6:testResources (default-testResources) @ okcurl ---
[INFO] Using 'UTF-8' encoding to copy filtered resources.
[INFO] skip non existing resourceDirectory /home/travis/build/square/okhttp/okcurl/src/test/resources
[INFO] 
[INFO] --- maven-compiler-plugin:3.0:testCompile (default-testCompile) @ okcurl ---
[INFO] Changes detected - recompiling the module!
[INFO] Compiling 1 source file to /home/travis/build/square/okhttp/okcurl/target/test-classes
[INFO] 
[INFO] --- maven-surefire-plugin:2.17:test (default-test) @ okcurl ---
[INFO] Tests are skipped.
[INFO] 
[INFO] --- animal-sniffer-maven-plugin:1.11:check (default) @ okcurl ---
[INFO] Checking unresolved references to org.codehaus.mojo.signature:java16:1.1
[INFO] 
[INFO] --- maven-jar-plugin:2.4:jar (default-jar) @ okcurl ---
[INFO] Building jar: /home/travis/build/square/okhttp/okcurl/target/okcurl-3.4.0-SNAPSHOT.jar
[INFO] 
[INFO] --- maven-assembly-plugin:2.2-beta-5:single (default) @ okcurl ---
[INFO] META-INF/ already added, skipping
[INFO] META-INF/MANIFEST.MF already added, skipping
[INFO] META-INF/maven/ already added, skipping
[INFO] META-INF/MANIFEST.MF already added, skipping
[INFO] META-INF/ already added, skipping
[INFO] META-INF/MANIFEST.MF already added, skipping
[INFO] META-INF/maven/ already added, skipping
[INFO] META-INF/ already added, skipping
[INFO] META-INF/MANIFEST.MF already added, skipping
[INFO] javax/ already added, skipping
[INFO] META-INF/MANIFEST.MF already added, skipping
[INFO] META-INF/ already added, skipping
[INFO] META-INF/maven/ already added, skipping
[INFO] Building jar: /home/travis/build/square/okhttp/okcurl/target/okcurl-3.4.0-SNAPSHOT-jar-with-dependencies.jar
[INFO] META-INF/ already added, skipping
[INFO] META-INF/MANIFEST.MF already added, skipping
[INFO] META-INF/maven/ already added, skipping
[INFO] META-INF/MANIFEST.MF already added, skipping
[INFO] META-INF/ already added, skipping
[INFO] META-INF/MANIFEST.MF already added, skipping
[INFO] META-INF/maven/ already added, skipping
[INFO] META-INF/ already added, skipping
[INFO] META-INF/MANIFEST.MF already added, skipping
[INFO] javax/ already added, skipping
[INFO] META-INF/MANIFEST.MF already added, skipping
[INFO] META-INF/ already added, skipping
[INFO] META-INF/maven/ already added, skipping
[INFO] 
[INFO] --- really-executable-jar-maven-plugin:1.1.0:really-executable-jar (default) @ okcurl ---
[INFO] 
[INFO] --- maven-checkstyle-plugin:2.10:checkstyle (default) @ okcurl ---
[INFO] Starting audit...
Audit done.

[WARNING] Unable to locate Source XRef to link to - DISABLED
[INFO] 
[INFO] --- maven-install-plugin:2.4:install (default-install) @ okcurl ---
[INFO] Installing /home/travis/build/square/okhttp/okcurl/target/okcurl-3.4.0-SNAPSHOT.jar to /home/travis/.m2/repository/com/squareup/okhttp3/okcurl/3.4.0-SNAPSHOT/okcurl-3.4.0-SNAPSHOT.jar
[INFO] Installing /home/travis/build/square/okhttp/okcurl/pom.xml to /home/travis/.m2/repository/com/squareup/okhttp3/okcurl/3.4.0-SNAPSHOT/okcurl-3.4.0-SNAPSHOT.pom
[INFO] Installing /home/travis/build/square/okhttp/okcurl/target/okcurl-3.4.0-SNAPSHOT-jar-with-dependencies.jar to /home/travis/.m2/repository/com/squareup/okhttp3/okcurl/3.4.0-SNAPSHOT/okcurl-3.4.0-SNAPSHOT-jar-with-dependencies.jar
[INFO]                                                                         
[INFO] ------------------------------------------------------------------------
[INFO] Building Samples (Parent) 3.4.0-SNAPSHOT
[INFO] ------------------------------------------------------------------------
[INFO] 
[INFO] --- maven-enforcer-plugin:1.0:enforce (enforce-maven) @ sample-parent ---
[INFO] 
[INFO] --- maven-checkstyle-plugin:2.10:checkstyle (default) @ sample-parent ---
[INFO] 
[INFO] --- maven-install-plugin:2.4:install (default-install) @ sample-parent ---
[INFO] Installing /home/travis/build/square/okhttp/samples/pom.xml to /home/travis/.m2/repository/com/squareup/okhttp3/sample/sample-parent/3.4.0-SNAPSHOT/sample-parent-3.4.0-SNAPSHOT.pom
[INFO]                                                                         
[INFO] ------------------------------------------------------------------------
[INFO] Building Sample: Guide 3.4.0-SNAPSHOT
[INFO] ------------------------------------------------------------------------
[INFO] 
[INFO] --- maven-enforcer-plugin:1.0:enforce (enforce-maven) @ guide ---
[INFO] 
[INFO] --- maven-resources-plugin:2.6:resources (default-resources) @ guide ---
[INFO] Using 'UTF-8' encoding to copy filtered resources.
[INFO] skip non existing resourceDirectory /home/travis/build/square/okhttp/samples/guide/src/main/resources
[INFO] 
[INFO] --- maven-compiler-plugin:3.0:compile (default-compile) @ guide ---
[INFO] Changes detected - recompiling the module!
[INFO] Compiling 24 source files to /home/travis/build/square/okhttp/samples/guide/target/classes
[INFO] 
[INFO] --- maven-resources-plugin:2.6:testResources (default-testResources) @ guide ---
[INFO] Using 'UTF-8' encoding to copy filtered resources.
[INFO] skip non existing resourceDirectory /home/travis/build/square/okhttp/samples/guide/src/test/resources
[INFO] 
[INFO] --- maven-compiler-plugin:3.0:testCompile (default-testCompile) @ guide ---
[INFO] No sources to compile
[INFO] 
[INFO] --- maven-surefire-plugin:2.17:test (default-test) @ guide ---
[INFO] Tests are skipped.
[INFO] 
[INFO] --- maven-jar-plugin:2.4:jar (default-jar) @ guide ---
[INFO] Building jar: /home/travis/build/square/okhttp/samples/guide/target/guide-3.4.0-SNAPSHOT.jar
[INFO] 
[INFO] --- maven-checkstyle-plugin:2.10:checkstyle (default) @ guide ---
[INFO] Starting audit...
Audit done.

[WARNING] Unable to locate Source XRef to link to - DISABLED
[INFO] 
[INFO] --- maven-install-plugin:2.4:install (default-install) @ guide ---
[INFO] Installing /home/travis/build/square/okhttp/samples/guide/target/guide-3.4.0-SNAPSHOT.jar to /home/travis/.m2/repository/com/squareup/okhttp3/sample/guide/3.4.0-SNAPSHOT/guide-3.4.0-SNAPSHOT.jar
[INFO] Installing /home/travis/build/square/okhttp/samples/guide/pom.xml to /home/travis/.m2/repository/com/squareup/okhttp3/sample/guide/3.4.0-SNAPSHOT/guide-3.4.0-SNAPSHOT.pom
[INFO]                                                                         
[INFO] ------------------------------------------------------------------------
[INFO] Building Sample: Crawler 3.4.0-SNAPSHOT
[INFO] ------------------------------------------------------------------------
[INFO] 
[INFO] --- maven-enforcer-plugin:1.0:enforce (enforce-maven) @ crawler ---
[INFO] 
[INFO] --- maven-resources-plugin:2.6:resources (default-resources) @ crawler ---
[INFO] Using 'UTF-8' encoding to copy filtered resources.
[INFO] skip non existing resourceDirectory /home/travis/build/square/okhttp/samples/crawler/src/main/resources
[INFO] 
[INFO] --- maven-compiler-plugin:3.0:compile (default-compile) @ crawler ---
[INFO] Changes detected - recompiling the module!
[INFO] Compiling 1 source file to /home/travis/build/square/okhttp/samples/crawler/target/classes
[INFO] 
[INFO] --- maven-resources-plugin:2.6:testResources (default-testResources) @ crawler ---
[INFO] Using 'UTF-8' encoding to copy filtered resources.
[INFO] skip non existing resourceDirectory /home/travis/build/square/okhttp/samples/crawler/src/test/resources
[INFO] 
[INFO] --- maven-compiler-plugin:3.0:testCompile (default-testCompile) @ crawler ---
[INFO] No sources to compile
[INFO] 
[INFO] --- maven-surefire-plugin:2.17:test (default-test) @ crawler ---
[INFO] Tests are skipped.
[INFO] 
[INFO] --- maven-jar-plugin:2.4:jar (default-jar) @ crawler ---
[INFO] Building jar: /home/travis/build/square/okhttp/samples/crawler/target/crawler-3.4.0-SNAPSHOT.jar
[INFO] 
[INFO] --- maven-checkstyle-plugin:2.10:checkstyle (default) @ crawler ---
[INFO] Starting audit...
Audit done.

[WARNING] Unable to locate Source XRef to link to - DISABLED
[INFO] 
[INFO] --- maven-install-plugin:2.4:install (default-install) @ crawler ---
[INFO] Installing /home/travis/build/square/okhttp/samples/crawler/target/crawler-3.4.0-SNAPSHOT.jar to /home/travis/.m2/repository/com/squareup/okhttp3/sample/crawler/3.4.0-SNAPSHOT/crawler-3.4.0-SNAPSHOT.jar
[INFO] Installing /home/travis/build/square/okhttp/samples/crawler/pom.xml to /home/travis/.m2/repository/com/squareup/okhttp3/sample/crawler/3.4.0-SNAPSHOT/crawler-3.4.0-SNAPSHOT.pom
[INFO]                                                                         
[INFO] ------------------------------------------------------------------------
[INFO] Building Sample: Simple Client 3.4.0-SNAPSHOT
[INFO] ------------------------------------------------------------------------
[INFO] 
[INFO] --- maven-enforcer-plugin:1.0:enforce (enforce-maven) @ simple-client ---
[INFO] 
[INFO] --- maven-resources-plugin:2.6:resources (default-resources) @ simple-client ---
[INFO] Using 'UTF-8' encoding to copy filtered resources.
[INFO] skip non existing resourceDirectory /home/travis/build/square/okhttp/samples/simple-client/src/main/resources
[INFO] 
[INFO] --- maven-compiler-plugin:3.0:compile (default-compile) @ simple-client ---
[INFO] Changes detected - recompiling the module!
[INFO] Compiling 1 source file to /home/travis/build/square/okhttp/samples/simple-client/target/classes
[INFO] 
[INFO] --- maven-resources-plugin:2.6:testResources (default-testResources) @ simple-client ---
[INFO] Using 'UTF-8' encoding to copy filtered resources.
[INFO] skip non existing resourceDirectory /home/travis/build/square/okhttp/samples/simple-client/src/test/resources
[INFO] 
[INFO] --- maven-compiler-plugin:3.0:testCompile (default-testCompile) @ simple-client ---
[INFO] No sources to compile
[INFO] 
[INFO] --- maven-surefire-plugin:2.17:test (default-test) @ simple-client ---
[INFO] Tests are skipped.
[INFO] 
[INFO] --- maven-jar-plugin:2.4:jar (default-jar) @ simple-client ---
[INFO] Building jar: /home/travis/build/square/okhttp/samples/simple-client/target/simple-client-3.4.0-SNAPSHOT.jar
[INFO] 
[INFO] --- maven-checkstyle-plugin:2.10:checkstyle (default) @ simple-client ---
[INFO] Starting audit...
Audit done.

[WARNING] Unable to locate Source XRef to link to - DISABLED
[INFO] 
[INFO] --- maven-install-plugin:2.4:install (default-install) @ simple-client ---
[INFO] Installing /home/travis/build/square/okhttp/samples/simple-client/target/simple-client-3.4.0-SNAPSHOT.jar to /home/travis/.m2/repository/com/squareup/okhttp3/sample/simple-client/3.4.0-SNAPSHOT/simple-client-3.4.0-SNAPSHOT.jar
[INFO] Installing /home/travis/build/square/okhttp/samples/simple-client/pom.xml to /home/travis/.m2/repository/com/squareup/okhttp3/sample/simple-client/3.4.0-SNAPSHOT/simple-client-3.4.0-SNAPSHOT.pom
[INFO]                                                                         
[INFO] ------------------------------------------------------------------------
[INFO] Building Sample: Static Server 3.4.0-SNAPSHOT
[INFO] ------------------------------------------------------------------------
[INFO] 
[INFO] --- maven-enforcer-plugin:1.0:enforce (enforce-maven) @ static-server ---
[INFO] 
[INFO] --- maven-resources-plugin:2.6:resources (default-resources) @ static-server ---
[INFO] Using 'UTF-8' encoding to copy filtered resources.
[INFO] skip non existing resourceDirectory /home/travis/build/square/okhttp/samples/static-server/src/main/resources
[INFO] 
[INFO] --- maven-compiler-plugin:3.0:compile (default-compile) @ static-server ---
[INFO] Changes detected - recompiling the module!
[INFO] Compiling 1 source file to /home/travis/build/square/okhttp/samples/static-server/target/classes
[INFO] 
[INFO] --- maven-resources-plugin:2.6:testResources (default-testResources) @ static-server ---
[INFO] Using 'UTF-8' encoding to copy filtered resources.
[INFO] skip non existing resourceDirectory /home/travis/build/square/okhttp/samples/static-server/src/test/resources
[INFO] 
[INFO] --- maven-compiler-plugin:3.0:testCompile (default-testCompile) @ static-server ---
[INFO] No sources to compile
[INFO] 
[INFO] --- maven-surefire-plugin:2.17:test (default-test) @ static-server ---
[INFO] Tests are skipped.
[INFO] 
[INFO] --- maven-jar-plugin:2.4:jar (default-jar) @ static-server ---
[INFO] Building jar: /home/travis/build/square/okhttp/samples/static-server/target/static-server-3.4.0-SNAPSHOT.jar
[INFO] 
[INFO] --- maven-shade-plugin:2.1:shade (default) @ static-server ---
[WARNING] Map in class org.apache.maven.plugins.shade.resource.ManifestResourceTransformer declares value type as: class java.util.jar.Attributes but saw: class java.lang.String at runtime
[INFO] Including com.squareup.okhttp3:mockwebserver:jar:3.4.0-SNAPSHOT in the shaded jar.
[INFO] Including com.squareup.okhttp3:okhttp:jar:3.4.0-SNAPSHOT in the shaded jar.
[INFO] Including com.squareup.okio:okio:jar:1.8.0 in the shaded jar.
[INFO] Including com.squareup.okhttp3:okhttp-ws:jar:3.4.0-SNAPSHOT in the shaded jar.
[INFO] Including org.bouncycastle:bcprov-jdk15on:jar:1.50 in the shaded jar.
[INFO] Including junit:junit:jar:4.12 in the shaded jar.
[INFO] Including org.hamcrest:hamcrest-core:jar:1.3 in the shaded jar.
[INFO] Attaching shaded artifact.
[INFO] 
[INFO] --- maven-checkstyle-plugin:2.10:checkstyle (default) @ static-server ---
[INFO] Starting audit...
Audit done.

[WARNING] Unable to locate Source XRef to link to - DISABLED
[INFO] 
[INFO] --- maven-install-plugin:2.4:install (default-install) @ static-server ---
[INFO] Installing /home/travis/build/square/okhttp/samples/static-server/target/static-server-3.4.0-SNAPSHOT.jar to /home/travis/.m2/repository/com/squareup/okhttp3/sample/static-server/3.4.0-SNAPSHOT/static-server-3.4.0-SNAPSHOT.jar
[INFO] Installing /home/travis/build/square/okhttp/samples/static-server/pom.xml to /home/travis/.m2/repository/com/squareup/okhttp3/sample/static-server/3.4.0-SNAPSHOT/static-server-3.4.0-SNAPSHOT.pom
[INFO] Installing /home/travis/build/square/okhttp/samples/static-server/target/static-server-3.4.0-SNAPSHOT-shaded.jar to /home/travis/.m2/repository/com/squareup/okhttp3/sample/static-server/3.4.0-SNAPSHOT/static-server-3.4.0-SNAPSHOT-shaded.jar
[INFO]                                                                         
[INFO] ------------------------------------------------------------------------
[INFO] Building Benchmarks 3.4.0-SNAPSHOT
[INFO] ------------------------------------------------------------------------
[INFO] 
[INFO] --- maven-enforcer-plugin:1.0:enforce (enforce-maven) @ benchmarks ---
[INFO] 
[INFO] --- maven-resources-plugin:2.6:resources (default-resources) @ benchmarks ---
[INFO] Using 'UTF-8' encoding to copy filtered resources.
[INFO] skip non existing resourceDirectory /home/travis/build/square/okhttp/benchmarks/src/main/resources
[INFO] 
[INFO] --- maven-compiler-plugin:3.0:compile (default-compile) @ benchmarks ---
[INFO] Changes detected - recompiling the module!
[INFO] Compiling 9 source files to /home/travis/build/square/okhttp/benchmarks/target/classes
[INFO] 
[INFO] --- maven-resources-plugin:2.6:testResources (default-testResources) @ benchmarks ---
[INFO] Using 'UTF-8' encoding to copy filtered resources.
[INFO] skip non existing resourceDirectory /home/travis/build/square/okhttp/benchmarks/src/test/resources
[INFO] 
[INFO] --- maven-compiler-plugin:3.0:testCompile (default-testCompile) @ benchmarks ---
[INFO] No sources to compile
[INFO] 
[INFO] --- maven-surefire-plugin:2.17:test (default-test) @ benchmarks ---
[INFO] Tests are skipped.
[INFO] 
[INFO] --- animal-sniffer-maven-plugin:1.11:check (default) @ benchmarks ---
[INFO] Checking unresolved references to org.codehaus.mojo.signature:java16:1.1
[INFO] 
[INFO] --- maven-jar-plugin:2.4:jar (default-jar) @ benchmarks ---
[INFO] Building jar: /home/travis/build/square/okhttp/benchmarks/target/benchmarks-3.4.0-SNAPSHOT.jar
[INFO] 
[INFO] --- maven-checkstyle-plugin:2.10:checkstyle (default) @ benchmarks ---
[INFO] Starting audit...
Audit done.

[WARNING] Unable to locate Source XRef to link to - DISABLED
[INFO] 
[INFO] --- maven-install-plugin:2.4:install (default-install) @ benchmarks ---
[INFO] Installing /home/travis/build/square/okhttp/benchmarks/target/benchmarks-3.4.0-SNAPSHOT.jar to /home/travis/.m2/repository/com/squareup/okhttp3/benchmarks/3.4.0-SNAPSHOT/benchmarks-3.4.0-SNAPSHOT.jar
[INFO] Installing /home/travis/build/square/okhttp/benchmarks/pom.xml to /home/travis/.m2/repository/com/squareup/okhttp3/benchmarks/3.4.0-SNAPSHOT/benchmarks-3.4.0-SNAPSHOT.pom
[INFO] ------------------------------------------------------------------------
[INFO] Reactor Summary:
[INFO] 
[INFO] OkHttp (Parent) .................................... SUCCESS [  2.062 s]
[INFO] OkHttp ............................................. SUCCESS [  9.642 s]
[INFO] OkHttp test support classes ........................ SUCCESS [  0.918 s]
[INFO] OkHttp Web Sockets ................................. SUCCESS [  0.909 s]
[INFO] MockWebServer ...................................... SUCCESS [  4.000 s]
[INFO] OkHttp URLConnection ............................... SUCCESS [  1.040 s]
[INFO] OkHttp Tests ....................................... SUCCESS [  1.672 s]
[INFO] OkHttp Android Platform Support .................... SUCCESS [  0.711 s]
[INFO] OkHttp Apache HttpClient ........................... SUCCESS [  0.561 s]
[INFO] OkHttp Web Socket Tests ............................ SUCCESS [  1.271 s]
[INFO] OkHttp Logging Interceptor ......................... SUCCESS [  0.643 s]
[INFO] OkCurl ............................................. SUCCESS [  2.827 s]
[INFO] Samples (Parent) ................................... SUCCESS [  0.006 s]
[INFO] Sample: Guide ...................................... SUCCESS [  0.375 s]
[INFO] Sample: Crawler .................................... SUCCESS [  0.256 s]
[INFO] Sample: Simple Client .............................. SUCCESS [  0.245 s]
[INFO] Sample: Static Server .............................. SUCCESS [  1.040 s]
[INFO] Benchmarks ......................................... SUCCESS [  1.641 s]
[INFO] ------------------------------------------------------------------------
[INFO] BUILD SUCCESS
[INFO] ------------------------------------------------------------------------
[INFO] Total time: 30.619 s
[INFO] Finished at: 2016-06-19T17:30:51+00:00
[INFO] Final Memory: 44M/469M
[INFO] ------------------------------------------------------------------------

travis_time:end:1460fbbc:start=1466357419146842667,finish=1466357452290697025,duration=33143854358[0Ktravis_fold:end:install[0Ktravis_time:start:01da91c2[0K$ mvn test -B
[INFO] Scanning for projects...
[WARNING] 
[WARNING] Some problems were encountered while building the effective model for com.squareup.okhttp3:okhttp-tests:jar:3.4.0-SNAPSHOT
[WARNING] 'build.plugins.plugin.version' for org.apache.maven.plugins:maven-deploy-plugin is missing. @ com.squareup.okhttp3:okhttp-tests:[unknown-version], /home/travis/build/square/okhttp/okhttp-tests/pom.xml, line 53, column 15
[WARNING] 
[WARNING] Some problems were encountered while building the effective model for com.squareup.okhttp3:okhttp-ws-tests:jar:3.4.0-SNAPSHOT
[WARNING] 'build.plugins.plugin.version' for org.apache.maven.plugins:maven-deploy-plugin is missing. @ com.squareup.okhttp3:okhttp-ws-tests:[unknown-version], /home/travis/build/square/okhttp/okhttp-ws-tests/pom.xml, line 67, column 15
[WARNING] 
[WARNING] Some problems were encountered while building the effective model for com.squareup.okhttp3:benchmarks:jar:3.4.0-SNAPSHOT
[WARNING] 'build.plugins.plugin.version' for org.codehaus.mojo:exec-maven-plugin is missing. @ com.squareup.okhttp3:benchmarks:[unknown-version], /home/travis/build/square/okhttp/benchmarks/pom.xml, line 74, column 15
[WARNING] 
[WARNING] It is highly recommended to fix these problems because they threaten the stability of your build.
[WARNING] 
[WARNING] For this reason, future Maven versions might no longer support building such malformed projects.
[WARNING] 
[INFO] ------------------------------------------------------------------------
[INFO] Reactor Build Order:
[INFO] 
[INFO] OkHttp (Parent)
[INFO] OkHttp
[INFO] OkHttp test support classes
[INFO] OkHttp Web Sockets
[INFO] MockWebServer
[INFO] OkHttp URLConnection
[INFO] OkHttp Tests
[INFO] OkHttp Android Platform Support
[INFO] OkHttp Apache HttpClient
[INFO] OkHttp Web Socket Tests
[INFO] OkHttp Logging Interceptor
[INFO] OkCurl
[INFO] Samples (Parent)
[INFO] Sample: Guide
[INFO] Sample: Crawler
[INFO] Sample: Simple Client
[INFO] Sample: Static Server
[INFO] Benchmarks
[INFO]                                                                         
[INFO] ------------------------------------------------------------------------
[INFO] Building OkHttp (Parent) 3.4.0-SNAPSHOT
[INFO] ------------------------------------------------------------------------
[INFO] 
[INFO] --- maven-enforcer-plugin:1.0:enforce (enforce-maven) @ parent ---
[INFO] 
[INFO] --- animal-sniffer-maven-plugin:1.11:check (default) @ parent ---
[INFO] Checking unresolved references to org.codehaus.mojo.signature:java16:1.1
[INFO]                                                                         
[INFO] ------------------------------------------------------------------------
[INFO] Building OkHttp 3.4.0-SNAPSHOT
[INFO] ------------------------------------------------------------------------
[INFO] 
[INFO] --- maven-enforcer-plugin:1.0:enforce (enforce-maven) @ okhttp ---
[INFO] 
[INFO] --- templating-maven-plugin:1.0-alpha-3:filter-sources (default) @ okhttp ---
[INFO] Using 'UTF-8' encoding to copy filtered resources.
[INFO] Copying 1 resource
[INFO] Source directory: /home/travis/build/square/okhttp/okhttp/target/generated-sources/java-templates added.
[INFO] 
[INFO] --- maven-resources-plugin:2.6:resources (default-resources) @ okhttp ---
[INFO] Using 'UTF-8' encoding to copy filtered resources.
[INFO] skip non existing resourceDirectory /home/travis/build/square/okhttp/okhttp/src/main/resources
[INFO] 
[INFO] --- maven-compiler-plugin:3.0:compile (default-compile) @ okhttp ---
[INFO] Changes detected - recompiling the module!
[INFO] Compiling 91 source files to /home/travis/build/square/okhttp/okhttp/target/classes
[WARNING] /home/travis/build/square/okhttp/okhttp/src/main/java/okhttp3/internal/JdkWithJettyBootPlatform.java: Some input files use unchecked or unsafe operations.
[WARNING] /home/travis/build/square/okhttp/okhttp/src/main/java/okhttp3/internal/JdkWithJettyBootPlatform.java: Recompile with -Xlint:unchecked for details.
[INFO] 
[INFO] --- maven-resources-plugin:2.6:testResources (default-testResources) @ okhttp ---
[INFO] Using 'UTF-8' encoding to copy filtered resources.
[INFO] skip non existing resourceDirectory /home/travis/build/square/okhttp/okhttp/src/test/resources
[INFO] 
[INFO] --- maven-compiler-plugin:3.0:testCompile (default-testCompile) @ okhttp ---
[INFO] No sources to compile
[INFO] 
[INFO] --- maven-surefire-plugin:2.17:test (default-test) @ okhttp ---
[INFO] No tests to run.
[INFO] 
[INFO] --- animal-sniffer-maven-plugin:1.11:check (default) @ okhttp ---
[INFO] Checking unresolved references to org.codehaus.mojo.signature:java16:1.1
[INFO]                                                                         
[INFO] ------------------------------------------------------------------------
[INFO] Building OkHttp test support classes 3.4.0-SNAPSHOT
[INFO] ------------------------------------------------------------------------
[INFO] 
[INFO] --- maven-enforcer-plugin:1.0:enforce (enforce-maven) @ okhttp-testing-support ---
[INFO] 
[INFO] --- maven-resources-plugin:2.6:resources (default-resources) @ okhttp-testing-support ---
[INFO] Using 'UTF-8' encoding to copy filtered resources.
[INFO] skip non existing resourceDirectory /home/travis/build/square/okhttp/okhttp-testing-support/src/main/resources
[INFO] 
[INFO] --- maven-compiler-plugin:3.0:compile (default-compile) @ okhttp-testing-support ---
[INFO] Changes detected - recompiling the module!
[INFO] Compiling 7 source files to /home/travis/build/square/okhttp/okhttp-testing-support/target/classes
[INFO] 
[INFO] --- maven-resources-plugin:2.6:testResources (default-testResources) @ okhttp-testing-support ---
[INFO] Using 'UTF-8' encoding to copy filtered resources.
[INFO] skip non existing resourceDirectory /home/travis/build/square/okhttp/okhttp-testing-support/src/test/resources
[INFO] 
[INFO] --- maven-compiler-plugin:3.0:testCompile (default-testCompile) @ okhttp-testing-support ---
[INFO] No sources to compile
[INFO] 
[INFO] --- maven-surefire-plugin:2.17:test (default-test) @ okhttp-testing-support ---
[INFO] No tests to run.
[INFO] 
[INFO] --- animal-sniffer-maven-plugin:1.11:check (default) @ okhttp-testing-support ---
[INFO] Checking unresolved references to org.codehaus.mojo.signature:java16:1.1
[INFO]                                                                         
[INFO] ------------------------------------------------------------------------
[INFO] Building OkHttp Web Sockets 3.4.0-SNAPSHOT
[INFO] ------------------------------------------------------------------------
[INFO] 
[INFO] --- maven-enforcer-plugin:1.0:enforce (enforce-maven) @ okhttp-ws ---
[INFO] 
[INFO] --- maven-resources-plugin:2.6:resources (default-resources) @ okhttp-ws ---
[INFO] Using 'UTF-8' encoding to copy filtered resources.
[INFO] skip non existing resourceDirectory /home/travis/build/square/okhttp/okhttp-ws/src/main/resources
[INFO] 
[INFO] --- maven-compiler-plugin:3.0:compile (default-compile) @ okhttp-ws ---
[INFO] Changes detected - recompiling the module!
[INFO] Compiling 7 source files to /home/travis/build/square/okhttp/okhttp-ws/target/classes
[INFO] 
[INFO] --- maven-resources-plugin:2.6:testResources (default-testResources) @ okhttp-ws ---
[INFO] Using 'UTF-8' encoding to copy filtered resources.
[INFO] skip non existing resourceDirectory /home/travis/build/square/okhttp/okhttp-ws/src/test/resources
[INFO] 
[INFO] --- maven-compiler-plugin:3.0:testCompile (default-testCompile) @ okhttp-ws ---
[INFO] No sources to compile
[INFO] 
[INFO] --- maven-surefire-plugin:2.17:test (default-test) @ okhttp-ws ---
[INFO] No tests to run.
[INFO] 
[INFO] --- animal-sniffer-maven-plugin:1.11:check (default) @ okhttp-ws ---
[INFO] Checking unresolved references to org.codehaus.mojo.signature:java16:1.1
[INFO]                                                                         
[INFO] ------------------------------------------------------------------------
[INFO] Building MockWebServer 3.4.0-SNAPSHOT
[INFO] ------------------------------------------------------------------------
[INFO] 
[INFO] --- maven-enforcer-plugin:1.0:enforce (enforce-maven) @ mockwebserver ---
[INFO] 
[INFO] --- maven-resources-plugin:2.6:resources (default-resources) @ mockwebserver ---
[INFO] Using 'UTF-8' encoding to copy filtered resources.
[INFO] skip non existing resourceDirectory /home/travis/build/square/okhttp/mockwebserver/src/main/resources
[INFO] 
[INFO] --- maven-compiler-plugin:3.0:compile (default-compile) @ mockwebserver ---
[INFO] Changes detected - recompiling the module!
[INFO] Compiling 10 source files to /home/travis/build/square/okhttp/mockwebserver/target/classes
[WARNING] /home/travis/build/square/okhttp/mockwebserver/src/main/java/okhttp3/internal/tls/HeldCertificate.java: /home/travis/build/square/okhttp/mockwebserver/src/main/java/okhttp3/internal/tls/HeldCertificate.java uses or overrides a deprecated API.
[WARNING] /home/travis/build/square/okhttp/mockwebserver/src/main/java/okhttp3/internal/tls/HeldCertificate.java: Recompile with -Xlint:deprecation for details.
[INFO] 
[INFO] --- maven-resources-plugin:2.6:testResources (default-testResources) @ mockwebserver ---
[INFO] Using 'UTF-8' encoding to copy filtered resources.
[INFO] skip non existing resourceDirectory /home/travis/build/square/okhttp/mockwebserver/src/test/resources
[INFO] 
[INFO] --- maven-compiler-plugin:3.0:testCompile (default-testCompile) @ mockwebserver ---
[INFO] Changes detected - recompiling the module!
[INFO] Compiling 2 source files to /home/travis/build/square/okhttp/mockwebserver/target/test-classes
[INFO] 
[INFO] --- maven-surefire-plugin:2.17:test (default-test) @ mockwebserver ---
[INFO] Surefire report directory: /home/travis/build/square/okhttp/mockwebserver/target/surefire-reports
[INFO] Using configured provider org.apache.maven.surefire.junitcore.JUnitCoreProvider
[INFO] parallel='none', perCoreThreadCount=true, threadCount=0, useUnlimitedThreads=false, threadCountSuites=0, threadCountClasses=0, threadCountMethods=0, parallelOptimized=true

-------------------------------------------------------
 T E S T S
-------------------------------------------------------
Installing aggressive uncaught exception handler
Running okhttp3.mockwebserver.CustomDispatcherTest
Jun 19, 2016 5:31:04 PM okhttp3.mockwebserver.MockWebServer$3 execute
INFO: MockWebServer[55267] starting to accept connections
Jun 19, 2016 5:31:04 PM okhttp3.mockwebserver.MockWebServer$4 processOneRequest
INFO: MockWebServer[55267] received request: GET / HTTP/1.1 and responded: HTTP/1.1 200 OK
Jun 19, 2016 5:31:04 PM okhttp3.mockwebserver.MockWebServer$3 acceptConnections
INFO: MockWebServer[55267] done accepting connections: Socket closed
Jun 19, 2016 5:31:04 PM okhttp3.mockwebserver.MockWebServer$3 execute
INFO: MockWebServer[55488] starting to accept connections
Jun 19, 2016 5:31:04 PM okhttp3.mockwebserver.MockWebServer$3 acceptConnections
INFO: MockWebServer[55488] done accepting connections: Socket closed
Jun 19, 2016 5:31:04 PM okhttp3.mockwebserver.MockWebServer$4 processOneRequest
INFO: MockWebServer[55488] received request: GET /foo HTTP/1.1 and responded: HTTP/1.1 200 OK
Jun 19, 2016 5:31:04 PM okhttp3.mockwebserver.MockWebServer$4 processOneRequest
INFO: MockWebServer[55488] received request: GET /bar HTTP/1.1 and responded: HTTP/1.1 200 OK
Tests run: 2, Failures: 0, Errors: 0, Skipped: 0, Time elapsed: 0.091 sec - in okhttp3.mockwebserver.CustomDispatcherTest
Running okhttp3.mockwebserver.MockWebServerTest
Jun 19, 2016 5:31:04 PM okhttp3.mockwebserver.MockWebServer$3 execute
INFO: MockWebServer[44205] starting to accept connections
Jun 19, 2016 5:31:04 PM okhttp3.mockwebserver.MockWebServer$3 acceptConnections
INFO: MockWebServer[44205] done accepting connections: Socket is closed
Jun 19, 2016 5:31:04 PM okhttp3.mockwebserver.MockWebServer$3 execute
INFO: MockWebServer[51814] starting to accept connections
Jun 19, 2016 5:31:05 PM okhttp3.mockwebserver.MockWebServer$4 processOneRequest
INFO: MockWebServer[51814] received request: GET / HTTP/1.1 and responded: HTTP/1.1 200 OK
Jun 19, 2016 5:31:05 PM okhttp3.mockwebserver.MockWebServer$3 acceptConnections
INFO: MockWebServer[51814] done accepting connections: Socket closed
Jun 19, 2016 5:31:05 PM okhttp3.mockwebserver.MockWebServer$3 execute
INFO: MockWebServer[43360] starting to accept connections
Jun 19, 2016 5:31:05 PM okhttp3.mockwebserver.MockWebServer$3 execute
INFO: MockWebServer[48537] starting to accept connections
Jun 19, 2016 5:31:05 PM okhttp3.mockwebserver.MockWebServer$3 acceptConnections
INFO: MockWebServer[48537] done accepting connections: Socket is closed
Jun 19, 2016 5:31:05 PM okhttp3.mockwebserver.MockWebServer$3 acceptConnections
INFO: MockWebServer[43360] done accepting connections: Socket closed
Jun 19, 2016 5:31:05 PM okhttp3.mockwebserver.MockWebServer$3 execute
INFO: MockWebServer[43292] starting to accept connections
Jun 19, 2016 5:31:06 PM okhttp3.mockwebserver.MockWebServer$3 acceptConnections
INFO: MockWebServer[43292] done accepting connections: Socket closed
Jun 19, 2016 5:31:06 PM okhttp3.mockwebserver.MockWebServer$4 execute
INFO: MockWebServer[43292] connection from /127.0.0.1 failed: java.net.SocketException: Socket closed
Jun 19, 2016 5:31:06 PM okhttp3.mockwebserver.MockWebServer$3 execute
INFO: MockWebServer[41833] starting to accept connections
Jun 19, 2016 5:31:06 PM okhttp3.mockwebserver.MockWebServer$4 processOneRequest
INFO: MockWebServer[41833] received request: GET / HTTP/1.1 and responded: HTTP/1.1 200 OK
Jun 19, 2016 5:31:06 PM okhttp3.mockwebserver.MockWebServer$3 acceptConnections
INFO: MockWebServer[41833] done accepting connections: Socket closed
Jun 19, 2016 5:31:06 PM okhttp3.mockwebserver.MockWebServer$3 execute
INFO: MockWebServer[55570] starting to accept connections
Jun 19, 2016 5:31:06 PM okhttp3.mockwebserver.MockWebServer$4 processOneRequest
INFO: MockWebServer[55570] received request: GET / HTTP/1.1 and responded: HTTP/1.1 302 Redirection
Jun 19, 2016 5:31:06 PM okhttp3.mockwebserver.MockWebServer$4 processOneRequest
INFO: MockWebServer[55570] received request: GET /new-path HTTP/1.1 and responded: HTTP/1.1 200 OK
Jun 19, 2016 5:31:06 PM okhttp3.mockwebserver.MockWebServer$3 acceptConnections
INFO: MockWebServer[55570] done accepting connections: Socket closed
Jun 19, 2016 5:31:06 PM okhttp3.mockwebserver.MockWebServer$3 execute
INFO: MockWebServer[58745] starting to accept connections
Jun 19, 2016 5:31:06 PM okhttp3.mockwebserver.MockWebServer$4 processOneRequest
INFO: MockWebServer[58745] received request: GET / HTTP/1.1 and responded: HTTP/1.1 200 OK
Jun 19, 2016 5:31:07 PM okhttp3.mockwebserver.MockWebServer$4 processOneRequest
INFO: MockWebServer[58745] received request: GET / HTTP/1.1 and responded: HTTP/1.1 200 OK
Jun 19, 2016 5:31:07 PM okhttp3.mockwebserver.MockWebServer$3 acceptConnections
INFO: MockWebServer[58745] done accepting connections: Socket closed
Jun 19, 2016 5:31:07 PM okhttp3.mockwebserver.MockWebServer$3 execute
INFO: MockWebServer[49658] starting to accept connections
Jun 19, 2016 5:31:07 PM okhttp3.mockwebserver.MockWebServer$3 acceptConnections
INFO: MockWebServer[49658] done accepting connections: Socket is closed
Jun 19, 2016 5:31:07 PM okhttp3.mockwebserver.MockWebServer$3 execute
INFO: MockWebServer[52099] starting to accept connections
Jun 19, 2016 5:31:07 PM okhttp3.mockwebserver.MockWebServer$3 acceptConnections
INFO: MockWebServer[52099] done accepting connections: Socket closed
Jun 19, 2016 5:31:07 PM okhttp3.mockwebserver.MockWebServer$4 execute
INFO: MockWebServer[52099] connection from /127.0.0.1 failed: java.net.SocketException: Socket closed
Jun 19, 2016 5:31:07 PM okhttp3.mockwebserver.MockWebServer$3 execute
INFO: MockWebServer[56540] starting to accept connections
Jun 19, 2016 5:31:07 PM okhttp3.mockwebserver.MockWebServer$3 acceptConnections
INFO: MockWebServer[56540] done accepting connections: Socket closed
Jun 19, 2016 5:31:07 PM okhttp3.mockwebserver.MockWebServer$3 execute
INFO: MockWebServer[35879] starting to accept connections
Jun 19, 2016 5:31:07 PM okhttp3.mockwebserver.MockWebServer$3 acceptConnections
INFO: MockWebServer[35879] done accepting connections: Socket is closed
Jun 19, 2016 5:31:07 PM okhttp3.mockwebserver.MockWebServer$3 execute
INFO: MockWebServer[35568] starting to accept connections
Jun 19, 2016 5:31:07 PM okhttp3.mockwebserver.MockWebServer$3 acceptConnections
INFO: MockWebServer[35568] done accepting connections: Socket is closed
Jun 19, 2016 5:31:07 PM okhttp3.mockwebserver.MockWebServer$3 execute
INFO: MockWebServer[57055] starting to accept connections
Jun 19, 2016 5:31:07 PM okhttp3.mockwebserver.MockWebServer$4 processOneRequest
INFO: MockWebServer[57055] received request: GET / HTTP/1.1 and responded: HTTP/1.1 200 OK
Jun 19, 2016 5:31:07 PM okhttp3.mockwebserver.MockWebServer$3 acceptConnections
INFO: MockWebServer[57055] done accepting connections: Socket closed
Jun 19, 2016 5:31:07 PM okhttp3.mockwebserver.MockWebServer$3 execute
INFO: MockWebServer[49593] starting to accept connections
Jun 19, 2016 5:31:07 PM okhttp3.mockwebserver.MockWebServer$3 acceptConnections
INFO: MockWebServer[49593] done accepting connections: Socket is closed
Jun 19, 2016 5:31:07 PM okhttp3.mockwebserver.MockWebServer$3 execute
INFO: MockWebServer[35067] starting to accept connections
Jun 19, 2016 5:31:07 PM okhttp3.mockwebserver.MockWebServer$3 acceptConnections
INFO: MockWebServer[35067] done accepting connections: Socket closed
Jun 19, 2016 5:31:07 PM okhttp3.mockwebserver.MockWebServer$4 processOneRequest
INFO: MockWebServer[35067] received request: GET / HTTP/1.1 and responded: HTTP/1.1 200 OK
Jun 19, 2016 5:31:07 PM okhttp3.mockwebserver.MockWebServer$3 execute
INFO: MockWebServer[47924] starting to accept connections
Jun 19, 2016 5:31:08 PM okhttp3.mockwebserver.MockWebServer$4 processOneRequest
INFO: MockWebServer[47924] received request: GET / HTTP/1.1 and responded: HTTP/1.1 200 OK
Jun 19, 2016 5:31:08 PM okhttp3.mockwebserver.MockWebServer$3 acceptConnections
INFO: MockWebServer[47924] done accepting connections: Socket closed
Jun 19, 2016 5:31:08 PM okhttp3.mockwebserver.MockWebServer$3 execute
INFO: MockWebServer[37718] starting to accept connections
Jun 19, 2016 5:31:08 PM okhttp3.mockwebserver.MockWebServer$3 acceptConnections
INFO: MockWebServer[37718] done accepting connections: Socket is closed
Jun 19, 2016 5:31:08 PM okhttp3.mockwebserver.MockWebServer$3 execute
INFO: MockWebServer[36346] starting to accept connections
Jun 19, 2016 5:31:09 PM okhttp3.mockwebserver.MockWebServer$4 processOneRequest
INFO: MockWebServer[36346] received request: GET / HTTP/1.1 and responded: HTTP/1.1 200 OK
Jun 19, 2016 5:31:09 PM okhttp3.mockwebserver.MockWebServer$3 acceptConnections
INFO: MockWebServer[36346] done accepting connections: Socket closed
Jun 19, 2016 5:31:09 PM okhttp3.mockwebserver.MockWebServer$3 execute
INFO: MockWebServer[36242] starting to accept connections
Jun 19, 2016 5:31:09 PM okhttp3.mockwebserver.MockWebServer$3 execute
INFO: MockWebServer[56489] starting to accept connections
Jun 19, 2016 5:31:09 PM okhttp3.mockwebserver.MockWebServer$3 acceptConnections
INFO: MockWebServer[56489] done accepting connections: Socket is closed
Jun 19, 2016 5:31:09 PM okhttp3.mockwebserver.MockWebServer$3 acceptConnections
INFO: MockWebServer[36242] done accepting connections: Socket closed
Jun 19, 2016 5:31:09 PM okhttp3.mockwebserver.MockWebServer$3 execute
INFO: MockWebServer[47762] starting to accept connections
Jun 19, 2016 5:31:09 PM okhttp3.mockwebserver.MockWebServer$3 acceptConnections
INFO: MockWebServer[47762] done accepting connections: Socket is closed
Jun 19, 2016 5:31:09 PM okhttp3.mockwebserver.MockWebServer$3 execute
INFO: MockWebServer[41313] starting to accept connections
Jun 19, 2016 5:31:09 PM okhttp3.mockwebserver.MockWebServer$3 acceptConnections
INFO: MockWebServer[41313] done accepting connections: Socket is closed
Jun 19, 2016 5:31:09 PM okhttp3.mockwebserver.MockWebServer$3 execute
INFO: MockWebServer[56102] starting to accept connections
Jun 19, 2016 5:31:09 PM okhttp3.mockwebserver.MockWebServer$3 acceptConnections
INFO: MockWebServer[56102] done accepting connections: Socket is closed
Jun 19, 2016 5:31:09 PM okhttp3.mockwebserver.MockWebServer$3 execute
INFO: MockWebServer[34632] starting to accept connections
Jun 19, 2016 5:31:09 PM okhttp3.mockwebserver.MockWebServer$4 processOneRequest
INFO: MockWebServer[34632] received request: POST / HTTP/1.1 and responded: HTTP/1.1 200 OK
Jun 19, 2016 5:31:09 PM okhttp3.mockwebserver.MockWebServer$3 acceptConnections
INFO: MockWebServer[34632] done accepting connections: Socket closed
Jun 19, 2016 5:31:09 PM okhttp3.mockwebserver.MockWebServer$3 execute
INFO: MockWebServer[51428] starting to accept connections
Jun 19, 2016 5:31:09 PM okhttp3.mockwebserver.MockWebServer$3 acceptConnections
INFO: MockWebServer[51428] done accepting connections: Socket is closed
Jun 19, 2016 5:31:09 PM okhttp3.mockwebserver.MockWebServer$3 execute
INFO: MockWebServer[53464] starting to accept connections
Jun 19, 2016 5:31:09 PM okhttp3.mockwebserver.MockWebServer$4 processOneRequest
INFO: MockWebServer[53464] received request: GET /a HTTP/1.1 and responded: HTTP/1.1 200 OK
Jun 19, 2016 5:31:09 PM okhttp3.mockwebserver.MockWebServer$4 processOneRequest
INFO: MockWebServer[53464] received request: GET /b HTTP/1.1 and responded: HTTP/1.1 200 OK
Jun 19, 2016 5:31:09 PM okhttp3.mockwebserver.MockWebServer$3 acceptConnections
INFO: MockWebServer[53464] done accepting connections: Socket closed
Tests run: 25, Failures: 0, Errors: 0, Skipped: 0, Time elapsed: 5.82 sec - in okhttp3.mockwebserver.MockWebServerTest
Uninstalled aggressive uncaught exception handler

Results :

Tests run: 27, Failures: 0, Errors: 0, Skipped: 0

[INFO] 
[INFO] --- animal-sniffer-maven-plugin:1.11:check (default) @ mockwebserver ---
[INFO] Checking unresolved references to org.codehaus.mojo.signature:java16:1.1
[INFO]                                                                         
[INFO] ------------------------------------------------------------------------
[INFO] Building OkHttp URLConnection 3.4.0-SNAPSHOT
[INFO] ------------------------------------------------------------------------
[INFO] 
[INFO] --- maven-enforcer-plugin:1.0:enforce (enforce-maven) @ okhttp-urlconnection ---
[INFO] 
[INFO] --- maven-resources-plugin:2.6:resources (default-resources) @ okhttp-urlconnection ---
[INFO] Using 'UTF-8' encoding to copy filtered resources.
[INFO] skip non existing resourceDirectory /home/travis/build/square/okhttp/okhttp-urlconnection/src/main/resources
[INFO] 
[INFO] --- maven-compiler-plugin:3.0:compile (default-compile) @ okhttp-urlconnection ---
[INFO] Changes detected - recompiling the module!
[INFO] Compiling 12 source files to /home/travis/build/square/okhttp/okhttp-urlconnection/target/classes
[WARNING] /home/travis/build/square/okhttp/okhttp-urlconnection/src/main/java/okhttp3/internal/huc/HttpURLConnectionImpl.java: Some input files use or override a deprecated API.
[WARNING] /home/travis/build/square/okhttp/okhttp-urlconnection/src/main/java/okhttp3/internal/huc/HttpURLConnectionImpl.java: Recompile with -Xlint:deprecation for details.
[INFO] 
[INFO] --- maven-resources-plugin:2.6:testResources (default-testResources) @ okhttp-urlconnection ---
[INFO] Using 'UTF-8' encoding to copy filtered resources.
[INFO] skip non existing resourceDirectory /home/travis/build/square/okhttp/okhttp-urlconnection/src/test/resources
[INFO] 
[INFO] --- maven-compiler-plugin:3.0:testCompile (default-testCompile) @ okhttp-urlconnection ---
[INFO] Changes detected - recompiling the module!
[INFO] Compiling 3 source files to /home/travis/build/square/okhttp/okhttp-urlconnection/target/test-classes
[WARNING] /home/travis/build/square/okhttp/okhttp-urlconnection/src/test/java/okhttp3/OkUrlFactoryTest.java: Some input files use or override a deprecated API.
[WARNING] /home/travis/build/square/okhttp/okhttp-urlconnection/src/test/java/okhttp3/OkUrlFactoryTest.java: Recompile with -Xlint:deprecation for details.
[INFO] 
[INFO] --- maven-surefire-plugin:2.17:test (default-test) @ okhttp-urlconnection ---
[INFO] Surefire report directory: /home/travis/build/square/okhttp/okhttp-urlconnection/target/surefire-reports
[INFO] Using configured provider org.apache.maven.surefire.junitcore.JUnitCoreProvider
[INFO] parallel='none', perCoreThreadCount=true, threadCount=0, useUnlimitedThreads=false, threadCountSuites=0, threadCountClasses=0, threadCountMethods=0, parallelOptimized=true

-------------------------------------------------------
 T E S T S
-------------------------------------------------------
Installing aggressive uncaught exception handler
Running okhttp3.internal.huc.URLEncodingTest
Tests run: 2, Failures: 0, Errors: 0, Skipped: 2, Time elapsed: 0.029 sec - in okhttp3.internal.huc.URLEncodingTest
Running okhttp3.OkUrlFactoryTest
Jun 19, 2016 5:31:11 PM okhttp3.mockwebserver.MockWebServer$3 execute
INFO: MockWebServer[59361] starting to accept connections
Jun 19, 2016 5:31:11 PM okhttp3.mockwebserver.MockWebServer$4 processOneRequest
INFO: MockWebServer[59361] received request: GET /a HTTP/1.1 and responded: HTTP/1.1 302 Redirection
Jun 19, 2016 5:31:11 PM okhttp3.mockwebserver.MockWebServer$3 acceptConnections
INFO: MockWebServer[59361] done accepting connections: Socket closed
Jun 19, 2016 5:31:11 PM okhttp3.mockwebserver.MockWebServer$3 execute
INFO: MockWebServer[56395] starting to accept connections
Jun 19, 2016 5:31:11 PM okhttp3.mockwebserver.MockWebServer$3 acceptConnections
INFO: MockWebServer[56395] done accepting connections: Socket closed
Jun 19, 2016 5:31:11 PM okhttp3.mockwebserver.MockWebServer$4 processOneRequest
INFO: MockWebServer[56395] received request: GET / HTTP/1.1 and responded: HTTP/1.1 404 Client Error
Jun 19, 2016 5:31:11 PM okhttp3.mockwebserver.MockWebServer$3 execute
INFO: MockWebServer[49031] starting to accept connections
Jun 19, 2016 5:31:11 PM okhttp3.mockwebserver.MockWebServer$4 processOneRequest
INFO: MockWebServer[49031] received request: GET / HTTP/1.1 and responded: HTTP/1.1 200 OK
Jun 19, 2016 5:31:11 PM okhttp3.mockwebserver.MockWebServer$3 acceptConnections
INFO: MockWebServer[49031] done accepting connections: Socket closed
Jun 19, 2016 5:31:11 PM okhttp3.mockwebserver.MockWebServer$3 execute
INFO: MockWebServer[35781] starting to accept connections
Jun 19, 2016 5:31:11 PM okhttp3.mockwebserver.MockWebServer$3 execute
INFO: MockWebServer[35239] starting to accept connections
Jun 19, 2016 5:31:12 PM okhttp3.mockwebserver.MockWebServer$FramedSocketHandler onStream
INFO: MockWebServer[35781] received request: GET / HTTP/1.1 and responded: HTTP/1.1 302 Redirection protocol is h2
Jun 19, 2016 5:31:12 PM okhttp3.mockwebserver.MockWebServer$4 processOneRequest
INFO: MockWebServer[35239] received request: GET / HTTP/1.1 and responded: HTTP/1.1 200 OK
Jun 19, 2016 5:31:12 PM okhttp3.mockwebserver.MockWebServer$3 acceptConnections
INFO: MockWebServer[35781] done accepting connections: Socket closed
Jun 19, 2016 5:31:12 PM okhttp3.mockwebserver.MockWebServer$3 execute
INFO: MockWebServer[49740] starting to accept connections
Jun 19, 2016 5:31:12 PM okhttp3.mockwebserver.MockWebServer$4 processOneRequest
INFO: MockWebServer[49740] received request: GET / HTTP/1.1 and responded: HTTP/1.1 200 OK
Jun 19, 2016 5:31:12 PM okhttp3.mockwebserver.MockWebServer$4 processOneRequest
INFO: MockWebServer[49740] received request: GET / HTTP/1.1 and responded: HTTP/1.1 200 OK
Jun 19, 2016 5:31:12 PM okhttp3.mockwebserver.MockWebServer$3 acceptConnections
INFO: MockWebServer[49740] done accepting connections: Socket closed
Jun 19, 2016 5:31:12 PM okhttp3.mockwebserver.MockWebServer$3 execute
INFO: MockWebServer[50804] starting to accept connections
Jun 19, 2016 5:31:12 PM okhttp3.mockwebserver.MockWebServer$4 processOneRequest
INFO: MockWebServer[50804] received request: GET / HTTP/1.1 and responded: HTTP/1.1 200 OK
Jun 19, 2016 5:31:12 PM okhttp3.mockwebserver.MockWebServer$3 acceptConnections
INFO: MockWebServer[50804] done accepting connections: Socket closed
Jun 19, 2016 5:31:12 PM okhttp3.mockwebserver.MockWebServer$3 execute
INFO: MockWebServer[39199] starting to accept connections
Jun 19, 2016 5:31:12 PM okhttp3.mockwebserver.MockWebServer$4 processOneRequest
INFO: MockWebServer[39199] received request: GET / HTTP/1.1 and responded: HTTP/1.1 200 OK
Jun 19, 2016 5:31:12 PM okhttp3.mockwebserver.MockWebServer$4 processOneRequest
INFO: MockWebServer[39199] received request: GET / HTTP/1.1 and responded: HTTP/1.1 304 Redirection
Jun 19, 2016 5:31:12 PM okhttp3.mockwebserver.MockWebServer$3 acceptConnections
INFO: MockWebServer[39199] done accepting connections: Socket closed
Jun 19, 2016 5:31:12 PM okhttp3.mockwebserver.MockWebServer$3 execute
INFO: MockWebServer[59346] starting to accept connections
Jun 19, 2016 5:31:12 PM okhttp3.mockwebserver.MockWebServer$4 processOneRequest
INFO: MockWebServer[59346] received request: GET / HTTP/1.1 and responded: HTTP/1.1 200 OK
Jun 19, 2016 5:31:12 PM okhttp3.mockwebserver.MockWebServer$3 acceptConnections
INFO: MockWebServer[59346] done accepting connections: Socket closed
Jun 19, 2016 5:31:12 PM okhttp3.mockwebserver.MockWebServer$3 execute
INFO: MockWebServer[43024] starting to accept connections
Jun 19, 2016 5:31:12 PM okhttp3.mockwebserver.MockWebServer$4 processOneRequest
INFO: MockWebServer[43024] received request: GET / HTTP/1.1 and responded: HTTP/1.1 407 Client Error
Jun 19, 2016 5:31:12 PM okhttp3.mockwebserver.MockWebServer$3 acceptConnections
INFO: MockWebServer[43024] done accepting connections: Socket closed
Jun 19, 2016 5:31:12 PM okhttp3.mockwebserver.MockWebServer$3 execute
INFO: MockWebServer[57542] starting to accept connections
Jun 19, 2016 5:31:12 PM okhttp3.mockwebserver.MockWebServer$4 processOneRequest
INFO: MockWebServer[57542] received request: GET /b HTTP/1.1 and responded: HTTP/1.1 200 OK
Jun 19, 2016 5:31:12 PM okhttp3.mockwebserver.MockWebServer$3 acceptConnections
INFO: MockWebServer[57542] done accepting connections: Socket closed
Tests run: 10, Failures: 1, Errors: 0, Skipped: 0, Time elapsed: 1.424 sec <<< FAILURE! - in okhttp3.OkUrlFactoryTest
testURLFilterRedirect(okhttp3.OkUrlFactoryTest)  Time elapsed: 0.853 sec  <<< FAILURE!
java.lang.AssertionError: Connection was successful
	at org.junit.Assert.fail(Assert.java:88)
	at okhttp3.OkUrlFactoryTest.testURLFilterRedirect(OkUrlFactoryTest.java:209)

Running okhttp3.UrlConnectionCacheTest
Jun 19, 2016 5:31:12 PM okhttp3.mockwebserver.MockWebServer$3 execute
INFO: MockWebServer[48166] starting to accept connections
Jun 19, 2016 5:31:12 PM okhttp3.mockwebserver.MockWebServer$3 execute
INFO: MockWebServer[47050] starting to accept connections
Jun 19, 2016 5:31:12 PM okhttp3.mockwebserver.MockWebServer$3 acceptConnections
INFO: MockWebServer[47050] done accepting connections: Socket is closed
Jun 19, 2016 5:31:12 PM okhttp3.mockwebserver.MockWebServer$3 acceptConnections
INFO: MockWebServer[48166] done accepting connections: Socket closed
Jun 19, 2016 5:31:12 PM okhttp3.mockwebserver.MockWebServer$3 execute
INFO: MockWebServer[58480] starting to accept connections
Jun 19, 2016 5:31:12 PM okhttp3.mockwebserver.MockWebServer$3 execute
INFO: MockWebServer[33867] starting to accept connections
Jun 19, 2016 5:31:12 PM okhttp3.mockwebserver.MockWebServer$4 processOneRequest
INFO: MockWebServer[33867] received request: GET /a HTTP/1.1 and responded: HTTP/1.1 200 OK
Jun 19, 2016 5:31:12 PM okhttp3.mockwebserver.MockWebServer$4 processOneRequest
INFO: MockWebServer[33867] received request: GET /a HTTP/1.1 and responded: HTTP/1.1 304 Redirection
Jun 19, 2016 5:31:12 PM okhttp3.mockwebserver.MockWebServer$3 acceptConnections
INFO: MockWebServer[33867] done accepting connections: Socket closed
Jun 19, 2016 5:31:12 PM okhttp3.mockwebserver.MockWebServer$3 acceptConnections
INFO: MockWebServer[58480] done accepting connections: Socket closed
Jun 19, 2016 5:31:12 PM okhttp3.mockwebserver.MockWebServer$3 execute
INFO: MockWebServer[38067] starting to accept connections
Jun 19, 2016 5:31:12 PM okhttp3.mockwebserver.MockWebServer$3 execute
INFO: MockWebServer[33580] starting to accept connections
Jun 19, 2016 5:31:12 PM okhttp3.mockwebserver.MockWebServer$4 processOneRequest
INFO: MockWebServer[33580] received request: GET / HTTP/1.1 and responded: HTTP/1.1 200 OK
Jun 19, 2016 5:31:12 PM okhttp3.mockwebserver.MockWebServer$4 processOneRequest
INFO: MockWebServer[33580] received request: GET / HTTP/1.1 and responded: HTTP/1.1 304 Redirection
Jun 19, 2016 5:31:12 PM okhttp3.mockwebserver.MockWebServer$4 processOneRequest
INFO: MockWebServer[33580] received request: GET / HTTP/1.1 and responded: HTTP/1.1 304 Redirection
Jun 19, 2016 5:31:12 PM okhttp3.mockwebserver.MockWebServer$3 acceptConnections
INFO: MockWebServer[33580] done accepting connections: Socket closed
Jun 19, 2016 5:31:12 PM okhttp3.mockwebserver.MockWebServer$3 acceptConnections
INFO: MockWebServer[38067] done accepting connections: Socket closed
Jun 19, 2016 5:31:12 PM okhttp3.mockwebserver.MockWebServer$3 execute
INFO: MockWebServer[38064] starting to accept connections
Jun 19, 2016 5:31:12 PM okhttp3.mockwebserver.MockWebServer$3 execute
INFO: MockWebServer[46470] starting to accept connections
Jun 19, 2016 5:31:12 PM okhttp3.mockwebserver.MockWebServer$3 acceptConnections
INFO: MockWebServer[46470] done accepting connections: Socket closed
Jun 19, 2016 5:31:12 PM okhttp3.mockwebserver.MockWebServer$4 processOneRequest
INFO: MockWebServer[46470] received request: GET / HTTP/1.1 and responded: HTTP/1.1 200 OK
Jun 19, 2016 5:31:12 PM okhttp3.mockwebserver.MockWebServer$3 acceptConnections
INFO: MockWebServer[38064] done accepting connections: Socket closed
Jun 19, 2016 5:31:12 PM okhttp3.mockwebserver.MockWebServer$3 execute
INFO: MockWebServer[46173] starting to accept connections
Jun 19, 2016 5:31:12 PM okhttp3.mockwebserver.MockWebServer$3 execute
INFO: MockWebServer[38466] starting to accept connections
Jun 19, 2016 5:31:12 PM okhttp3.mockwebserver.MockWebServer$4 processOneRequest
INFO: MockWebServer[38466] received request: GET /foo HTTP/1.1 and responded: HTTP/1.1 200 OK
Jun 19, 2016 5:31:12 PM okhttp3.mockwebserver.MockWebServer$4 processOneRequest
INFO: MockWebServer[38466] received request: GET /bar HTTP/1.1 and responded: HTTP/1.1 200 OK
Jun 19, 2016 5:31:12 PM okhttp3.mockwebserver.MockWebServer$3 acceptConnections
INFO: MockWebServer[38466] done accepting connections: Socket closed
Jun 19, 2016 5:31:12 PM okhttp3.mockwebserver.MockWebServer$3 acceptConnections
INFO: MockWebServer[46173] done accepting connections: Socket closed
Jun 19, 2016 5:31:12 PM okhttp3.mockwebserver.MockWebServer$3 execute
INFO: MockWebServer[50880] starting to accept connections
Jun 19, 2016 5:31:13 PM okhttp3.mockwebserver.MockWebServer$3 execute
INFO: MockWebServer[42756] starting to accept connections
Jun 19, 2016 5:31:13 PM okhttp3.mockwebserver.MockWebServer$4 processOneRequest
INFO: MockWebServer[42756] received request: POST / HTTP/1.1 and responded: HTTP/1.1 200 OK
Jun 19, 2016 5:31:13 PM okhttp3.mockwebserver.MockWebServer$4 processOneRequest
INFO: MockWebServer[42756] received request: GET / HTTP/1.1 and responded: HTTP/1.1 200 OK
Jun 19, 2016 5:31:13 PM okhttp3.mockwebserver.MockWebServer$3 acceptConnections
INFO: MockWebServer[42756] done accepting connections: Socket closed
Jun 19, 2016 5:31:13 PM okhttp3.mockwebserver.MockWebServer$3 acceptConnections
INFO: MockWebServer[50880] done accepting connections: Socket closed
Jun 19, 2016 5:31:13 PM okhttp3.mockwebserver.MockWebServer$3 execute
INFO: MockWebServer[38163] starting to accept connections
Jun 19, 2016 5:31:13 PM okhttp3.mockwebserver.MockWebServer$3 execute
INFO: MockWebServer[57669] starting to accept connections
Jun 19, 2016 5:31:13 PM okhttp3.mockwebserver.MockWebServer$4 processOneRequest
INFO: MockWebServer[57669] received request: GET / HTTP/1.1 and responded: HTTP/1.1 200 OK
Jun 19, 2016 5:31:13 PM okhttp3.mockwebserver.MockWebServer$3 acceptConnections
INFO: MockWebServer[57669] done accepting connections: Socket closed
Jun 19, 2016 5:31:13 PM okhttp3.mockwebserver.MockWebServer$3 acceptConnections
INFO: MockWebServer[38163] done accepting connections: Socket closed
Jun 19, 2016 5:31:13 PM okhttp3.mockwebserver.MockWebServer$3 execute
INFO: MockWebServer[35107] starting to accept connections
Jun 19, 2016 5:31:13 PM okhttp3.mockwebserver.MockWebServer$3 execute
INFO: MockWebServer[44841] starting to accept connections
Jun 19, 2016 5:31:13 PM okhttp3.mockwebserver.MockWebServer$4 processOneRequest
INFO: MockWebServer[44841] received request: GET / HTTP/1.1 and responded: HTTP/1.1 200 OK
Jun 19, 2016 5:31:13 PM okhttp3.mockwebserver.MockWebServer$3 acceptConnections
INFO: MockWebServer[44841] done accepting connections: Socket closed
Jun 19, 2016 5:31:14 PM okhttp3.mockwebserver.MockWebServer$4 processOneRequest
INFO: MockWebServer[44841] received request: GET / HTTP/1.1 and responded: HTTP/1.1 200 OK
Jun 19, 2016 5:31:14 PM okhttp3.mockwebserver.MockWebServer$4 processConnection
WARNING: MockWebServer[44841] connection from /127.0.0.1 didn't make a request
Jun 19, 2016 5:31:14 PM okhttp3.mockwebserver.MockWebServer$3 acceptConnections
INFO: MockWebServer[35107] done accepting connections: Socket closed
Jun 19, 2016 5:31:14 PM okhttp3.mockwebserver.MockWebServer$3 execute
INFO: MockWebServer[60660] starting to accept connections
Jun 19, 2016 5:31:14 PM okhttp3.mockwebserver.MockWebServer$3 execute
INFO: MockWebServer[53446] starting to accept connections
Jun 19, 2016 5:31:14 PM okhttp3.mockwebserver.MockWebServer$4 processOneRequest
INFO: MockWebServer[53446] received request: GET / HTTP/1.1 and responded: HTTP/1.1 200 OK
Jun 19, 2016 5:31:14 PM okhttp3.mockwebserver.MockWebServer$3 acceptConnections
INFO: MockWebServer[53446] done accepting connections: Socket closed
Jun 19, 2016 5:31:14 PM okhttp3.mockwebserver.MockWebServer$3 acceptConnections
INFO: MockWebServer[60660] done accepting connections: Socket closed
Jun 19, 2016 5:31:14 PM okhttp3.mockwebserver.MockWebServer$3 execute
INFO: MockWebServer[54539] starting to accept connections
Jun 19, 2016 5:31:14 PM okhttp3.mockwebserver.MockWebServer$3 execute
INFO: MockWebServer[58326] starting to accept connections
Jun 19, 2016 5:31:14 PM okhttp3.mockwebserver.MockWebServer$4 processOneRequest
INFO: MockWebServer[58326] received request: GET /?foo=bar HTTP/1.1 and responded: HTTP/1.1 200 OK
Jun 19, 2016 5:31:14 PM okhttp3.mockwebserver.MockWebServer$4 processOneRequest
INFO: MockWebServer[58326] received request: GET /?foo=bar HTTP/1.1 and responded: HTTP/1.1 200 OK
Jun 19, 2016 5:31:14 PM okhttp3.mockwebserver.MockWebServer$3 acceptConnections
INFO: MockWebServer[58326] done accepting connections: Socket closed
Jun 19, 2016 5:31:14 PM okhttp3.mockwebserver.MockWebServer$3 acceptConnections
INFO: MockWebServer[54539] done accepting connections: Socket closed
Jun 19, 2016 5:31:14 PM okhttp3.mockwebserver.MockWebServer$3 execute
INFO: MockWebServer[46795] starting to accept connections
Jun 19, 2016 5:31:14 PM okhttp3.mockwebserver.MockWebServer$3 execute
INFO: MockWebServer[60840] starting to accept connections
Jun 19, 2016 5:31:14 PM okhttp3.mockwebserver.MockWebServer$3 acceptConnections
INFO: MockWebServer[60840] done accepting connections: Socket closed
Jun 19, 2016 5:31:14 PM okhttp3.mockwebserver.MockWebServer$4 processOneRequest
INFO: MockWebServer[60840] received request: GET / HTTP/1.1 and responded: HTTP/1.1 200 OK
Jun 19, 2016 5:31:14 PM okhttp3.mockwebserver.MockWebServer$3 acceptConnections
INFO: MockWebServer[46795] done accepting connections: Socket closed
Jun 19, 2016 5:31:14 PM okhttp3.mockwebserver.MockWebServer$3 execute
INFO: MockWebServer[59762] starting to accept connections
Jun 19, 2016 5:31:14 PM okhttp3.mockwebserver.MockWebServer$3 execute
INFO: MockWebServer[54118] starting to accept connections
Jun 19, 2016 5:31:14 PM okhttp3.mockwebserver.MockWebServer$4 processOneRequest
INFO: MockWebServer[54118] received request: GET / HTTP/1.1 and responded: HTTP/1.1 200 OK
Jun 19, 2016 5:31:14 PM okhttp3.mockwebserver.MockWebServer$4 processOneRequest
INFO: MockWebServer[54118] received request: GET / HTTP/1.1 and responded: HTTP/1.1 200 OK
Jun 19, 2016 5:31:14 PM okhttp3.mockwebserver.MockWebServer$3 acceptConnections
INFO: MockWebServer[54118] done accepting connections: Socket closed
Jun 19, 2016 5:31:14 PM okhttp3.mockwebserver.MockWebServer$3 acceptConnections
INFO: MockWebServer[59762] done accepting connections: Socket closed
Jun 19, 2016 5:31:14 PM okhttp3.mockwebserver.MockWebServer$3 execute
INFO: MockWebServer[52552] starting to accept connections
Jun 19, 2016 5:31:14 PM okhttp3.mockwebserver.MockWebServer$3 execute
INFO: MockWebServer[52612] starting to accept connections
Jun 19, 2016 5:31:14 PM okhttp3.mockwebserver.MockWebServer$4 processOneRequest
INFO: MockWebServer[52612] received request: GET / HTTP/1.1 and responded: HTTP/1.1 200 Fantastic
Jun 19, 2016 5:31:14 PM okhttp3.mockwebserver.MockWebServer$3 acceptConnections
INFO: MockWebServer[52612] done accepting connections: Socket closed
Jun 19, 2016 5:31:14 PM okhttp3.mockwebserver.MockWebServer$3 acceptConnections
INFO: MockWebServer[52552] done accepting connections: Socket closed
Jun 19, 2016 5:31:14 PM okhttp3.mockwebserver.MockWebServer$3 execute
INFO: MockWebServer[60112] starting to accept connections
Jun 19, 2016 5:31:14 PM okhttp3.mockwebserver.MockWebServer$3 execute
INFO: MockWebServer[55225] starting to accept connections
Jun 19, 2016 5:31:14 PM okhttp3.mockwebserver.MockWebServer$3 acceptConnections
INFO: MockWebServer[55225] done accepting connections: Socket closed
Jun 19, 2016 5:31:14 PM okhttp3.mockwebserver.MockWebServer$4 processOneRequest
INFO: MockWebServer[55225] received request: GET / HTTP/1.1 and responded: HTTP/1.1 304 Redirection
Jun 19, 2016 5:31:14 PM okhttp3.mockwebserver.MockWebServer$3 acceptConnections
INFO: MockWebServer[60112] done accepting connections: Socket closed
Jun 19, 2016 5:31:14 PM okhttp3.mockwebserver.MockWebServer$3 execute
INFO: MockWebServer[47876] starting to accept connections
Jun 19, 2016 5:31:14 PM okhttp3.mockwebserver.MockWebServer$3 execute
INFO: MockWebServer[44945] starting to accept connections
Jun 19, 2016 5:31:14 PM okhttp3.mockwebserver.MockWebServer$4 processOneRequest
INFO: MockWebServer[47876] received request: GET / HTTP/1.1 and responded: HTTP/1.1 200 OK
Jun 19, 2016 5:31:14 PM okhttp3.mockwebserver.MockWebServer$4 processOneRequest
INFO: MockWebServer[47876] received request: GET / HTTP/1.1 and responded: HTTP/1.1 200 OK
Jun 19, 2016 5:31:14 PM okhttp3.mockwebserver.MockWebServer$3 acceptConnections
INFO: MockWebServer[47876] done accepting connections: Socket closed
Jun 19, 2016 5:31:14 PM okhttp3.mockwebserver.MockWebServer$3 acceptConnections
INFO: MockWebServer[44945] done accepting connections: Socket closed
Jun 19, 2016 5:31:14 PM okhttp3.mockwebserver.MockWebServer$3 execute
INFO: MockWebServer[49800] starting to accept connections
Jun 19, 2016 5:31:14 PM okhttp3.mockwebserver.MockWebServer$3 execute
INFO: MockWebServer[46290] starting to accept connections
Jun 19, 2016 5:31:14 PM okhttp3.mockwebserver.MockWebServer$4 processOneRequest
INFO: MockWebServer[49800] received request: GET / HTTP/1.1 and responded: HTTP/1.1 200 OK
Jun 19, 2016 5:31:14 PM okhttp3.mockwebserver.MockWebServer$4 processOneRequest
INFO: MockWebServer[49800] received request: GET / HTTP/1.1 and responded: HTTP/1.1 200 OK
Jun 19, 2016 5:31:14 PM okhttp3.mockwebserver.MockWebServer$3 acceptConnections
INFO: MockWebServer[49800] done accepting connections: Socket closed
Jun 19, 2016 5:31:14 PM okhttp3.mockwebserver.MockWebServer$3 acceptConnections
INFO: MockWebServer[46290] done accepting connections: Socket closed
Jun 19, 2016 5:31:14 PM okhttp3.mockwebserver.MockWebServer$3 execute
INFO: MockWebServer[52810] starting to accept connections
Jun 19, 2016 5:31:14 PM okhttp3.mockwebserver.MockWebServer$3 execute
INFO: MockWebServer[39711] starting to accept connections
Jun 19, 2016 5:31:14 PM okhttp3.mockwebserver.MockWebServer$4 processOneRequest
INFO: MockWebServer[39711] received request: PUT / HTTP/1.1 and responded: HTTP/1.1 200 OK
Jun 19, 2016 5:31:14 PM okhttp3.mockwebserver.MockWebServer$4 processOneRequest
INFO: MockWebServer[39711] received request: GET / HTTP/1.1 and responded: HTTP/1.1 200 OK
Jun 19, 2016 5:31:14 PM okhttp3.mockwebserver.MockWebServer$3 acceptConnections
INFO: MockWebServer[39711] done accepting connections: Socket closed
Jun 19, 2016 5:31:14 PM okhttp3.mockwebserver.MockWebServer$3 acceptConnections
INFO: MockWebServer[52810] done accepting connections: Socket closed
Jun 19, 2016 5:31:14 PM okhttp3.mockwebserver.MockWebServer$3 execute
INFO: MockWebServer[57841] starting to accept connections
Jun 19, 2016 5:31:14 PM okhttp3.mockwebserver.MockWebServer$3 execute
INFO: MockWebServer[34710] starting to accept connections
Jun 19, 2016 5:31:14 PM okhttp3.mockwebserver.MockWebServer$4 processOneRequest
INFO: MockWebServer[34710] received request: GET / HTTP/1.1 and responded: HTTP/1.1 200 OK
Jun 19, 2016 5:31:14 PM okhttp3.mockwebserver.MockWebServer$3 acceptConnections
INFO: MockWebServer[34710] done accepting connections: Socket closed
Jun 19, 2016 5:31:14 PM okhttp3.mockwebserver.MockWebServer$3 acceptConnections
INFO: MockWebServer[57841] done accepting connections: Socket closed
Jun 19, 2016 5:31:14 PM okhttp3.mockwebserver.MockWebServer$3 execute
INFO: MockWebServer[56570] starting to accept connections
Jun 19, 2016 5:31:14 PM okhttp3.mockwebserver.MockWebServer$3 execute
INFO: MockWebServer[34672] starting to accept connections
Jun 19, 2016 5:31:14 PM okhttp3.mockwebserver.MockWebServer$4 processOneRequest
INFO: MockWebServer[34672] received request: GET / HTTP/1.1 and responded: HTTP/1.1 206 OK
Jun 19, 2016 5:31:14 PM okhttp3.mockwebserver.MockWebServer$4 processOneRequest
INFO: MockWebServer[34672] received request: GET / HTTP/1.1 and responded: HTTP/1.1 200 OK
Jun 19, 2016 5:31:14 PM okhttp3.mockwebserver.MockWebServer$3 acceptConnections
INFO: MockWebServer[34672] done accepting connections: Socket closed
Jun 19, 2016 5:31:14 PM okhttp3.mockwebserver.MockWebServer$3 acceptConnections
INFO: MockWebServer[56570] done accepting connections: Socket closed
Jun 19, 2016 5:31:14 PM okhttp3.mockwebserver.MockWebServer$3 execute
INFO: MockWebServer[39982] starting to accept connections
Jun 19, 2016 5:31:14 PM okhttp3.mockwebserver.MockWebServer$3 execute
INFO: MockWebServer[59514] starting to accept connections
Jun 19, 2016 5:31:14 PM okhttp3.mockwebserver.MockWebServer$4 processOneRequest
INFO: MockWebServer[59514] received request: GET /valid HTTP/1.1 and responded: HTTP/1.1 200 A-OK
Jun 19, 2016 5:31:14 PM okhttp3.mockwebserver.MockWebServer$4 processOneRequest
INFO: MockWebServer[59514] received request: GET /valid HTTP/1.1 and responded: HTTP/1.1 304 Redirection
Jun 19, 2016 5:31:14 PM okhttp3.mockwebserver.MockWebServer$4 processOneRequest
INFO: MockWebServer[59514] received request: GET /invalid HTTP/1.1 and responded: HTTP/1.1 200 B-OK
Jun 19, 2016 5:31:14 PM okhttp3.mockwebserver.MockWebServer$4 processOneRequest
INFO: MockWebServer[59514] received request: GET /invalid HTTP/1.1 and responded: HTTP/1.1 200 C-OK
Jun 19, 2016 5:31:14 PM okhttp3.mockwebserver.MockWebServer$3 acceptConnections
INFO: MockWebServer[59514] done accepting connections: Socket closed
Jun 19, 2016 5:31:14 PM okhttp3.mockwebserver.MockWebServer$3 acceptConnections
INFO: MockWebServer[39982] done accepting connections: Socket closed
Jun 19, 2016 5:31:14 PM okhttp3.mockwebserver.MockWebServer$3 execute
INFO: MockWebServer[46303] starting to accept connections
Jun 19, 2016 5:31:14 PM okhttp3.mockwebserver.MockWebServer$3 execute
INFO: MockWebServer[46211] starting to accept connections
Jun 19, 2016 5:31:14 PM okhttp3.mockwebserver.MockWebServer$4 processOneRequest
INFO: MockWebServer[46211] received request: GET / HTTP/1.1 and responded: HTTP/1.1 200 OK
Jun 19, 2016 5:31:14 PM okhttp3.mockwebserver.MockWebServer$3 acceptConnections
INFO: MockWebServer[46211] done accepting connections: Socket closed
Jun 19, 2016 5:31:14 PM okhttp3.mockwebserver.MockWebServer$3 acceptConnections
INFO: MockWebServer[46303] done accepting connections: Socket closed
Jun 19, 2016 5:31:14 PM okhttp3.mockwebserver.MockWebServer$3 execute
INFO: MockWebServer[56529] starting to accept connections
Jun 19, 2016 5:31:14 PM okhttp3.mockwebserver.MockWebServer$3 execute
INFO: MockWebServer[58234] starting to accept connections
Jun 19, 2016 5:31:14 PM okhttp3.mockwebserver.MockWebServer$4 processOneRequest
INFO: MockWebServer[58234] received request: GET / HTTP/1.1 and responded: HTTP/1.1 200 OK
Jun 19, 2016 5:31:14 PM okhttp3.mockwebserver.MockWebServer$4 processOneRequest
INFO: MockWebServer[58234] received request: GET / HTTP/1.1 and responded: HTTP/1.1 200 OK
Jun 19, 2016 5:31:14 PM okhttp3.mockwebserver.MockWebServer$3 acceptConnections
INFO: MockWebServer[58234] done accepting connections: Socket closed
Jun 19, 2016 5:31:14 PM okhttp3.mockwebserver.MockWebServer$3 acceptConnections
INFO: MockWebServer[56529] done accepting connections: Socket closed
Jun 19, 2016 5:31:14 PM okhttp3.mockwebserver.MockWebServer$3 execute
INFO: MockWebServer[51819] starting to accept connections
Jun 19, 2016 5:31:14 PM okhttp3.mockwebserver.MockWebServer$3 execute
INFO: MockWebServer[51186] starting to accept connections
Jun 19, 2016 5:31:14 PM okhttp3.mockwebserver.MockWebServer$3 acceptConnections
INFO: MockWebServer[51186] done accepting connections: Socket is closed
Jun 19, 2016 5:31:14 PM okhttp3.mockwebserver.MockWebServer$3 acceptConnections
INFO: MockWebServer[51819] done accepting connections: Socket closed
Jun 19, 2016 5:31:14 PM okhttp3.mockwebserver.MockWebServer$3 execute
INFO: MockWebServer[44117] starting to accept connections
Jun 19, 2016 5:31:14 PM okhttp3.mockwebserver.MockWebServer$3 execute
INFO: MockWebServer[37176] starting to accept connections
Jun 19, 2016 5:31:14 PM okhttp3.mockwebserver.MockWebServer$4 processOneRequest
INFO: MockWebServer[37176] received request: HEAD / HTTP/1.1 and responded: HTTP/1.1 200 OK
Jun 19, 2016 5:31:14 PM okhttp3.mockwebserver.MockWebServer$3 acceptConnections
INFO: MockWebServer[37176] done accepting connections: Socket closed
Jun 19, 2016 5:31:14 PM okhttp3.mockwebserver.MockWebServer$4 processOneRequest
INFO: MockWebServer[37176] received request: GET / HTTP/1.1 and responded: HTTP/1.1 200 OK
Jun 19, 2016 5:31:14 PM okhttp3.mockwebserver.MockWebServer$3 acceptConnections
INFO: MockWebServer[44117] done accepting connections: Socket closed
Jun 19, 2016 5:31:14 PM okhttp3.mockwebserver.MockWebServer$3 execute
INFO: MockWebServer[48734] starting to accept connections
Jun 19, 2016 5:31:14 PM okhttp3.mockwebserver.MockWebServer$3 execute
INFO: MockWebServer[36521] starting to accept connections
Jun 19, 2016 5:31:14 PM okhttp3.mockwebserver.MockWebServer$4 processOneRequest
INFO: MockWebServer[36521] received request: GET / HTTP/1.1 and responded: HTTP/1.1 200 OK
Jun 19, 2016 5:31:14 PM okhttp3.mockwebserver.MockWebServer$3 acceptConnections
INFO: MockWebServer[36521] done accepting connections: Socket closed
Jun 19, 2016 5:31:14 PM okhttp3.mockwebserver.MockWebServer$4 processOneRequest
INFO: MockWebServer[36521] received request: GET / HTTP/1.1 and responded: HTTP/1.1 304 Redirection
Jun 19, 2016 5:31:14 PM okhttp3.mockwebserver.MockWebServer$3 acceptConnections
INFO: MockWebServer[48734] done accepting connections: Socket closed
Jun 19, 2016 5:31:14 PM okhttp3.mockwebserver.MockWebServer$3 execute
INFO: MockWebServer[46279] starting to accept connections
Jun 19, 2016 5:31:14 PM okhttp3.mockwebserver.MockWebServer$3 execute
INFO: MockWebServer[37602] starting to accept connections
Jun 19, 2016 5:31:14 PM okhttp3.mockwebserver.MockWebServer$4 processOneRequest
INFO: MockWebServer[37602] received request: GET / HTTP/1.1 and responded: HTTP/1.1 200 OK
Jun 19, 2016 5:31:14 PM okhttp3.mockwebserver.MockWebServer$4 processOneRequest
INFO: MockWebServer[37602] received request: GET / HTTP/1.1 and responded: HTTP/1.1 200 OK
Jun 19, 2016 5:31:14 PM okhttp3.mockwebserver.MockWebServer$3 acceptConnections
INFO: MockWebServer[37602] done accepting connections: Socket closed
Jun 19, 2016 5:31:14 PM okhttp3.mockwebserver.MockWebServer$3 acceptConnections
INFO: MockWebServer[46279] done accepting connections: Socket closed
Jun 19, 2016 5:31:14 PM okhttp3.mockwebserver.MockWebServer$3 execute
INFO: MockWebServer[55354] starting to accept connections
Jun 19, 2016 5:31:14 PM okhttp3.mockwebserver.MockWebServer$3 acceptConnections
INFO: MockWebServer[55354] done accepting connections: Socket closed
Jun 19, 2016 5:31:14 PM okhttp3.mockwebserver.MockWebServer$3 execute
INFO: MockWebServer[46152] starting to accept connections
Jun 19, 2016 5:31:14 PM okhttp3.mockwebserver.MockWebServer$3 acceptConnections
INFO: MockWebServer[46152] done accepting connections: Socket is closed
Jun 19, 2016 5:31:14 PM okhttp3.mockwebserver.MockWebServer$3 execute
INFO: MockWebServer[58925] starting to accept connections
Jun 19, 2016 5:31:14 PM okhttp3.mockwebserver.MockWebServer$3 execute
INFO: MockWebServer[41581] starting to accept connections
Jun 19, 2016 5:31:14 PM okhttp3.mockwebserver.MockWebServer$4 processOneRequest
INFO: MockWebServer[58925] received request: GET / HTTP/1.1 and responded: HTTP/1.1 200 OK
Jun 19, 2016 5:31:14 PM okhttp3.mockwebserver.MockWebServer$3 acceptConnections
INFO: MockWebServer[58925] done accepting connections: Socket closed
Jun 19, 2016 5:31:15 PM okhttp3.mockwebserver.MockWebServer$4 processOneRequest
INFO: MockWebServer[58925] received request: GET / HTTP/1.1 and responded: HTTP/1.1 200 OK
Jun 19, 2016 5:31:15 PM okhttp3.mockwebserver.MockWebServer$3 acceptConnections
INFO: MockWebServer[41581] done accepting connections: Socket closed
Jun 19, 2016 5:31:15 PM okhttp3.mockwebserver.MockWebServer$3 execute
INFO: MockWebServer[41523] starting to accept connections
Jun 19, 2016 5:31:15 PM okhttp3.mockwebserver.MockWebServer$3 execute
INFO: MockWebServer[34130] starting to accept connections
Jun 19, 2016 5:31:15 PM okhttp3.mockwebserver.MockWebServer$4 processOneRequest
INFO: MockWebServer[34130] received request: GET / HTTP/1.1 and responded: HTTP/1.1 200 OK
Jun 19, 2016 5:31:15 PM okhttp3.mockwebserver.MockWebServer$4 processOneRequest
INFO: MockWebServer[34130] received request: GET / HTTP/1.1 and responded: HTTP/1.1 200 OK
Jun 19, 2016 5:31:15 PM okhttp3.mockwebserver.MockWebServer$3 acceptConnections
INFO: MockWebServer[34130] done accepting connections: Socket closed
Jun 19, 2016 5:31:15 PM okhttp3.mockwebserver.MockWebServer$3 acceptConnections
INFO: MockWebServer[41523] done accepting connections: Socket closed
Jun 19, 2016 5:31:15 PM okhttp3.mockwebserver.MockWebServer$3 execute
INFO: MockWebServer[43988] starting to accept connections
Jun 19, 2016 5:31:15 PM okhttp3.mockwebserver.MockWebServer$3 execute
INFO: MockWebServer[50025] starting to accept connections
Jun 19, 2016 5:31:15 PM okhttp3.mockwebserver.MockWebServer$4 processOneRequest
INFO: MockWebServer[50025] received request: GET / HTTP/1.1 and responded: HTTP/1.1 200 OK
Jun 19, 2016 5:31:15 PM okhttp3.mockwebserver.MockWebServer$4 processOneRequest
INFO: MockWebServer[50025] received request: GET / HTTP/1.1 and responded: HTTP/1.1 304 Redirection
Jun 19, 2016 5:31:15 PM okhttp3.mockwebserver.MockWebServer$3 acceptConnections
INFO: MockWebServer[50025] done accepting connections: Socket closed
Jun 19, 2016 5:31:15 PM okhttp3.mockwebserver.MockWebServer$3 acceptConnections
INFO: MockWebServer[43988] done accepting connections: Socket closed
Jun 19, 2016 5:31:15 PM okhttp3.mockwebserver.MockWebServer$3 execute
INFO: MockWebServer[52887] starting to accept connections
Jun 19, 2016 5:31:15 PM okhttp3.mockwebserver.MockWebServer$3 execute
INFO: MockWebServer[49214] starting to accept connections
Jun 19, 2016 5:31:15 PM okhttp3.mockwebserver.MockWebServer$4 processOneRequest
INFO: MockWebServer[49214] received request: GET / HTTP/1.1 and responded: HTTP/1.1 301 Redirection
Jun 19, 2016 5:31:16 PM okhttp3.mockwebserver.MockWebServer$FramedSocketHandler onStream
INFO: MockWebServer[52887] received request: GET / HTTP/1.1 and responded: HTTP/1.1 200 OK protocol is h2
Jun 19, 2016 5:31:16 PM okhttp3.mockwebserver.MockWebServer$3 acceptConnections
INFO: MockWebServer[49214] done accepting connections: Socket closed
Jun 19, 2016 5:31:16 PM okhttp3.mockwebserver.MockWebServer$3 acceptConnections
INFO: MockWebServer[52887] done accepting connections: Socket closed
Jun 19, 2016 5:31:16 PM okhttp3.mockwebserver.MockWebServer$3 execute
INFO: MockWebServer[56687] starting to accept connections
Jun 19, 2016 5:31:16 PM okhttp3.mockwebserver.MockWebServer$3 execute
INFO: MockWebServer[52071] starting to accept connections
Jun 19, 2016 5:31:16 PM okhttp3.mockwebserver.MockWebServer$4 processOneRequest
INFO: MockWebServer[52071] received request: GET / HTTP/1.1 and responded: HTTP/1.1 200 OK
Jun 19, 2016 5:31:16 PM okhttp3.mockwebserver.MockWebServer$4 processOneRequest
INFO: MockWebServer[52071] received request: GET / HTTP/1.1 and responded: HTTP/1.1 304 Redirection
Jun 19, 2016 5:31:16 PM okhttp3.mockwebserver.MockWebServer$3 acceptConnections
INFO: MockWebServer[52071] done accepting connections: Socket closed
Jun 19, 2016 5:31:16 PM okhttp3.mockwebserver.MockWebServer$3 acceptConnections
INFO: MockWebServer[56687] done accepting connections: Socket closed
Jun 19, 2016 5:31:16 PM okhttp3.mockwebserver.MockWebServer$3 execute
INFO: MockWebServer[50757] starting to accept connections
Jun 19, 2016 5:31:16 PM okhttp3.mockwebserver.MockWebServer$3 execute
INFO: MockWebServer[43111] starting to accept connections
Jun 19, 2016 5:31:17 PM okhttp3.mockwebserver.MockWebServer$4 processOneRequest
INFO: MockWebServer[43111] received request: GET / HTTP/1.1 and responded: HTTP/1.1 200 OK
Jun 19, 2016 5:31:17 PM okhttp3.mockwebserver.MockWebServer$3 acceptConnections
INFO: MockWebServer[43111] done accepting connections: Socket closed
Jun 19, 2016 5:31:18 PM okhttp3.mockwebserver.MockWebServer$4 processOneRequest
INFO: MockWebServer[43111] received request: GET / HTTP/1.1 and responded: HTTP/1.1 200 OK
Jun 19, 2016 5:31:18 PM okhttp3.mockwebserver.MockWebServer$3 acceptConnections
INFO: MockWebServer[50757] done accepting connections: Socket closed
Jun 19, 2016 5:31:18 PM okhttp3.mockwebserver.MockWebServer$3 execute
INFO: MockWebServer[60366] starting to accept connections
Jun 19, 2016 5:31:18 PM okhttp3.mockwebserver.MockWebServer$3 execute
INFO: MockWebServer[59171] starting to accept connections
Jun 19, 2016 5:31:18 PM okhttp3.mockwebserver.MockWebServer$4 processOneRequest
INFO: MockWebServer[59171] received request: GET / HTTP/1.1 and responded: HTTP/1.1 200 OK
Jun 19, 2016 5:31:18 PM okhttp3.mockwebserver.MockWebServer$4 processOneRequest
INFO: MockWebServer[59171] received request: GET / HTTP/1.1 and responded: HTTP/1.1 200 OK
Jun 19, 2016 5:31:18 PM okhttp3.mockwebserver.MockWebServer$3 acceptConnections
INFO: MockWebServer[59171] done accepting connections: Socket closed
Jun 19, 2016 5:31:18 PM okhttp3.mockwebserver.MockWebServer$3 acceptConnections
INFO: MockWebServer[60366] done accepting connections: Socket closed
Jun 19, 2016 5:31:18 PM okhttp3.mockwebserver.MockWebServer$3 execute
INFO: MockWebServer[52007] starting to accept connections
Jun 19, 2016 5:31:18 PM okhttp3.mockwebserver.MockWebServer$3 execute
INFO: MockWebServer[53266] starting to accept connections
Jun 19, 2016 5:31:18 PM okhttp3.mockwebserver.MockWebServer$4 processOneRequest
INFO: MockWebServer[53266] received request: GET /a HTTP/1.1 and responded: HTTP/1.1 200 OK
Jun 19, 2016 5:31:18 PM okhttp3.mockwebserver.MockWebServer$4 processOneRequest
INFO: MockWebServer[53266] received request: GET /a HTTP/1.1 and responded: HTTP/1.1 304 Redirection
Jun 19, 2016 5:31:18 PM okhttp3.mockwebserver.MockWebServer$4 processOneRequest
INFO: MockWebServer[53266] received request: GET /b HTTP/1.1 and responded: HTTP/1.1 200 OK
Jun 19, 2016 5:31:18 PM okhttp3.mockwebserver.MockWebServer$3 acceptConnections
INFO: MockWebServer[53266] done accepting connections: Socket closed
Jun 19, 2016 5:31:18 PM okhttp3.mockwebserver.MockWebServer$3 acceptConnections
INFO: MockWebServer[52007] done accepting connections: Socket closed
Jun 19, 2016 5:31:18 PM okhttp3.mockwebserver.MockWebServer$3 execute
INFO: MockWebServer[58586] starting to accept connections
Jun 19, 2016 5:31:18 PM okhttp3.mockwebserver.MockWebServer$3 execute
INFO: MockWebServer[44261] starting to accept connections
Jun 19, 2016 5:31:18 PM okhttp3.mockwebserver.MockWebServer$4 processOneRequest
INFO: MockWebServer[44261] received request: GET / HTTP/1.1 and responded: HTTP/1.1 200 OK
Jun 19, 2016 5:31:18 PM okhttp3.mockwebserver.MockWebServer$4 processOneRequest
INFO: MockWebServer[44261] received request: GET / HTTP/1.1 and responded: HTTP/1.1 200 OK
Jun 19, 2016 5:31:18 PM okhttp3.mockwebserver.MockWebServer$3 acceptConnections
INFO: MockWebServer[44261] done accepting connections: Socket closed
Jun 19, 2016 5:31:18 PM okhttp3.mockwebserver.MockWebServer$3 acceptConnections
INFO: MockWebServer[58586] done accepting connections: Socket closed
Jun 19, 2016 5:31:18 PM okhttp3.mockwebserver.MockWebServer$3 execute
INFO: MockWebServer[38855] starting to accept connections
Jun 19, 2016 5:31:18 PM okhttp3.mockwebserver.MockWebServer$3 execute
INFO: MockWebServer[53927] starting to accept connections
Jun 19, 2016 5:31:18 PM okhttp3.mockwebserver.MockWebServer$4 processOneRequest
INFO: MockWebServer[53927] received request: GET / HTTP/1.1 and responded: HTTP/1.1 200 OK
Jun 19, 2016 5:31:18 PM okhttp3.mockwebserver.MockWebServer$4 processOneRequest
INFO: MockWebServer[53927] received request: GET / HTTP/1.1 and responded: HTTP/1.1 200 OK
Jun 19, 2016 5:31:18 PM okhttp3.mockwebserver.MockWebServer$3 acceptConnections
INFO: MockWebServer[53927] done accepting connections: Socket closed
Jun 19, 2016 5:31:18 PM okhttp3.mockwebserver.MockWebServer$3 acceptConnections
INFO: MockWebServer[38855] done accepting connections: Socket closed
Jun 19, 2016 5:31:18 PM okhttp3.mockwebserver.MockWebServer$3 execute
INFO: MockWebServer[59817] starting to accept connections
Jun 19, 2016 5:31:18 PM okhttp3.mockwebserver.MockWebServer$3 execute
INFO: MockWebServer[52179] starting to accept connections
Jun 19, 2016 5:31:18 PM okhttp3.mockwebserver.MockWebServer$4 processOneRequest
INFO: MockWebServer[52179] received request: GET / HTTP/1.1 and responded: HTTP/1.1 200 OK
Jun 19, 2016 5:31:18 PM okhttp3.mockwebserver.MockWebServer$4 processOneRequest
INFO: MockWebServer[52179] received request: GET / HTTP/1.1 and responded: HTTP/1.1 304 Redirection
Jun 19, 2016 5:31:18 PM okhttp3.mockwebserver.MockWebServer$3 acceptConnections
INFO: MockWebServer[52179] done accepting connections: Socket closed
Jun 19, 2016 5:31:18 PM okhttp3.mockwebserver.MockWebServer$3 acceptConnections
INFO: MockWebServer[59817] done accepting connections: Socket closed
Jun 19, 2016 5:31:18 PM okhttp3.mockwebserver.MockWebServer$3 execute
INFO: MockWebServer[53355] starting to accept connections
Jun 19, 2016 5:31:18 PM okhttp3.mockwebserver.MockWebServer$3 execute
INFO: MockWebServer[37979] starting to accept connections
Jun 19, 2016 5:31:18 PM okhttp3.mockwebserver.MockWebServer$4 processOneRequest
INFO: MockWebServer[37979] received request: GET / HTTP/1.1 and responded: HTTP/1.1 200 OK
Jun 19, 2016 5:31:18 PM okhttp3.mockwebserver.MockWebServer$4 processOneRequest
INFO: MockWebServer[37979] received request: DELETE / HTTP/1.1 and responded: HTTP/1.1 200 OK
Jun 19, 2016 5:31:18 PM okhttp3.mockwebserver.MockWebServer$4 processOneRequest
INFO: MockWebServer[37979] received request: GET / HTTP/1.1 and responded: HTTP/1.1 200 OK
Jun 19, 2016 5:31:18 PM okhttp3.mockwebserver.MockWebServer$3 acceptConnections
INFO: MockWebServer[37979] done accepting connections: Socket closed
Jun 19, 2016 5:31:18 PM okhttp3.mockwebserver.MockWebServer$3 acceptConnections
INFO: MockWebServer[53355] done accepting connections: Socket closed
Jun 19, 2016 5:31:18 PM okhttp3.mockwebserver.MockWebServer$3 execute
INFO: MockWebServer[53820] starting to accept connections
Jun 19, 2016 5:31:18 PM okhttp3.mockwebserver.MockWebServer$3 execute
INFO: MockWebServer[55990] starting to accept connections
Jun 19, 2016 5:31:18 PM okhttp3.mockwebserver.MockWebServer$4 processOneRequest
INFO: MockWebServer[55990] received request: GET / HTTP/1.1 and responded: HTTP/1.1 304 Redirection
Jun 19, 2016 5:31:18 PM okhttp3.mockwebserver.MockWebServer$3 acceptConnections
INFO: MockWebServer[55990] done accepting connections: Socket closed
Jun 19, 2016 5:31:18 PM okhttp3.mockwebserver.MockWebServer$3 acceptConnections
INFO: MockWebServer[53820] done accepting connections: Socket closed
Jun 19, 2016 5:31:18 PM okhttp3.mockwebserver.MockWebServer$3 execute
INFO: MockWebServer[41329] starting to accept connections
Jun 19, 2016 5:31:18 PM okhttp3.mockwebserver.MockWebServer$3 execute
INFO: MockWebServer[49072] starting to accept connections
Jun 19, 2016 5:31:18 PM okhttp3.mockwebserver.MockWebServer$4 processOneRequest
INFO: MockWebServer[49072] received request: GET / HTTP/1.1 and responded: HTTP/1.1 200 OK
Jun 19, 2016 5:31:18 PM okhttp3.mockwebserver.MockWebServer$4 processOneRequest
INFO: MockWebServer[49072] received request: GET / HTTP/1.1 and responded: HTTP/1.1 304 Redirection
Jun 19, 2016 5:31:18 PM okhttp3.mockwebserver.MockWebServer$3 acceptConnections
INFO: MockWebServer[49072] done accepting connections: Socket closed
Jun 19, 2016 5:31:18 PM okhttp3.mockwebserver.MockWebServer$3 acceptConnections
INFO: MockWebServer[41329] done accepting connections: Socket closed
Jun 19, 2016 5:31:18 PM okhttp3.mockwebserver.MockWebServer$3 execute
INFO: MockWebServer[51860] starting to accept connections
Jun 19, 2016 5:31:18 PM okhttp3.mockwebserver.MockWebServer$3 execute
INFO: MockWebServer[33655] starting to accept connections
Jun 19, 2016 5:31:18 PM okhttp3.mockwebserver.MockWebServer$4 processOneRequest
INFO: MockWebServer[33655] received request: GET / HTTP/1.1 and responded: HTTP/1.1 200 OK
Jun 19, 2016 5:31:18 PM okhttp3.mockwebserver.MockWebServer$3 acceptConnections
INFO: MockWebServer[33655] done accepting connections: Socket closed
Jun 19, 2016 5:31:18 PM okhttp3.mockwebserver.MockWebServer$3 acceptConnections
INFO: MockWebServer[51860] done accepting connections: Socket closed
Jun 19, 2016 5:31:18 PM okhttp3.mockwebserver.MockWebServer$3 execute
INFO: MockWebServer[40773] starting to accept connections
Jun 19, 2016 5:31:18 PM okhttp3.mockwebserver.MockWebServer$3 execute
INFO: MockWebServer[45525] starting to accept connections
Jun 19, 2016 5:31:18 PM okhttp3.mockwebserver.MockWebServer$4 processOneRequest
INFO: MockWebServer[45525] received request: GET /valid HTTP/1.1 and responded: HTTP/1.1 200 A-OK
Jun 19, 2016 5:31:18 PM okhttp3.mockwebserver.MockWebServer$4 processOneRequest
INFO: MockWebServer[45525] received request: GET /valid HTTP/1.1 and responded: HTTP/1.1 304 Redirection
Jun 19, 2016 5:31:18 PM okhttp3.mockwebserver.MockWebServer$4 processOneRequest
INFO: MockWebServer[45525] received request: GET /invalid HTTP/1.1 and responded: HTTP/1.1 200 B-OK
Jun 19, 2016 5:31:18 PM okhttp3.mockwebserver.MockWebServer$4 processOneRequest
INFO: MockWebServer[45525] received request: GET /invalid HTTP/1.1 and responded: HTTP/1.1 200 C-OK
Jun 19, 2016 5:31:18 PM okhttp3.mockwebserver.MockWebServer$3 acceptConnections
INFO: MockWebServer[45525] done accepting connections: Socket closed
Jun 19, 2016 5:31:18 PM okhttp3.mockwebserver.MockWebServer$3 acceptConnections
INFO: MockWebServer[40773] done accepting connections: Socket closed
Jun 19, 2016 5:31:18 PM okhttp3.mockwebserver.MockWebServer$3 execute
INFO: MockWebServer[35667] starting to accept connections
Jun 19, 2016 5:31:18 PM okhttp3.mockwebserver.MockWebServer$3 execute
INFO: MockWebServer[57192] starting to accept connections
Jun 19, 2016 5:31:18 PM okhttp3.mockwebserver.MockWebServer$4 processOneRequest
INFO: MockWebServer[57192] received request: GET / HTTP/1.1 and responded: HTTP/1.1 200 OK
Jun 19, 2016 5:31:18 PM okhttp3.mockwebserver.MockWebServer$4 processOneRequest
INFO: MockWebServer[57192] received request: GET / HTTP/1.1 and responded: HTTP/1.1 200 OK
Jun 19, 2016 5:31:18 PM okhttp3.mockwebserver.MockWebServer$3 acceptConnections
INFO: MockWebServer[57192] done accepting connections: Socket closed
Jun 19, 2016 5:31:18 PM okhttp3.mockwebserver.MockWebServer$3 acceptConnections
INFO: MockWebServer[35667] done accepting connections: Socket closed
Jun 19, 2016 5:31:18 PM okhttp3.mockwebserver.MockWebServer$3 execute
INFO: MockWebServer[51625] starting to accept connections
Jun 19, 2016 5:31:18 PM okhttp3.mockwebserver.MockWebServer$3 execute
INFO: MockWebServer[54416] starting to accept connections
Jun 19, 2016 5:31:18 PM okhttp3.mockwebserver.MockWebServer$4 processOneRequest
INFO: MockWebServer[54416] received request: GET / HTTP/1.1 and responded: HTTP/1.1 200 OK
Jun 19, 2016 5:31:18 PM okhttp3.mockwebserver.MockWebServer$4 processOneRequest
INFO: MockWebServer[54416] received request: GET / HTTP/1.1 and responded: HTTP/1.1 304 Redirection
Jun 19, 2016 5:31:18 PM okhttp3.mockwebserver.MockWebServer$3 acceptConnections
INFO: MockWebServer[54416] done accepting connections: Socket closed
Jun 19, 2016 5:31:18 PM okhttp3.mockwebserver.MockWebServer$3 acceptConnections
INFO: MockWebServer[51625] done accepting connections: Socket closed
Jun 19, 2016 5:31:18 PM okhttp3.mockwebserver.MockWebServer$3 execute
INFO: MockWebServer[48690] starting to accept connections
Jun 19, 2016 5:31:18 PM okhttp3.mockwebserver.MockWebServer$3 execute
INFO: MockWebServer[58905] starting to accept connections
Jun 19, 2016 5:31:18 PM okhttp3.mockwebserver.MockWebServer$4 processOneRequest
INFO: MockWebServer[58905] received request: GET / HTTP/1.1 and responded: HTTP/1.1 200 OK
Jun 19, 2016 5:31:18 PM okhttp3.mockwebserver.MockWebServer$4 processOneRequest
INFO: MockWebServer[58905] received request: GET / HTTP/1.1 and responded: HTTP/1.1 200 OK
Jun 19, 2016 5:31:18 PM okhttp3.mockwebserver.MockWebServer$4 processOneRequest
INFO: MockWebServer[58905] received request: GET / HTTP/1.1 and responded: HTTP/1.1 200 OK
Jun 19, 2016 5:31:18 PM okhttp3.mockwebserver.MockWebServer$3 acceptConnections
INFO: MockWebServer[58905] done accepting connections: Socket closed
Jun 19, 2016 5:31:18 PM okhttp3.mockwebserver.MockWebServer$3 acceptConnections
INFO: MockWebServer[48690] done accepting connections: Socket closed
Jun 19, 2016 5:31:18 PM okhttp3.mockwebserver.MockWebServer$3 execute
INFO: MockWebServer[52268] starting to accept connections
Jun 19, 2016 5:31:18 PM okhttp3.mockwebserver.MockWebServer$3 execute
INFO: MockWebServer[48834] starting to accept connections
Jun 19, 2016 5:31:18 PM okhttp3.mockwebserver.MockWebServer$4 processOneRequest
INFO: MockWebServer[48834] received request: GET /valid HTTP/1.1 and responded: HTTP/1.1 200 A-OK
Jun 19, 2016 5:31:18 PM okhttp3.mockwebserver.MockWebServer$4 processOneRequest
INFO: MockWebServer[48834] received request: GET /valid HTTP/1.1 and responded: HTTP/1.1 304 Redirection
Jun 19, 2016 5:31:18 PM okhttp3.mockwebserver.MockWebServer$4 processOneRequest
INFO: MockWebServer[48834] received request: GET /invalid HTTP/1.1 and responded: HTTP/1.1 200 B-OK
Jun 19, 2016 5:31:18 PM okhttp3.mockwebserver.MockWebServer$4 processOneRequest
INFO: MockWebServer[48834] received request: GET /invalid HTTP/1.1 and responded: HTTP/1.1 200 C-OK
Jun 19, 2016 5:31:18 PM okhttp3.mockwebserver.MockWebServer$3 acceptConnections
INFO: MockWebServer[48834] done accepting connections: Socket closed
Jun 19, 2016 5:31:18 PM okhttp3.mockwebserver.MockWebServer$3 acceptConnections
INFO: MockWebServer[52268] done accepting connections: Socket closed
Jun 19, 2016 5:31:18 PM okhttp3.mockwebserver.MockWebServer$3 execute
INFO: MockWebServer[39839] starting to accept connections
Jun 19, 2016 5:31:18 PM okhttp3.mockwebserver.MockWebServer$3 execute
INFO: MockWebServer[34947] starting to accept connections
Jun 19, 2016 5:31:18 PM okhttp3.mockwebserver.MockWebServer$4 processOneRequest
INFO: MockWebServer[34947] received request: GET / HTTP/1.1 and responded: HTTP/1.1 200 OK
Jun 19, 2016 5:31:18 PM okhttp3.mockwebserver.MockWebServer$3 acceptConnections
INFO: MockWebServer[34947] done accepting connections: Socket closed
Jun 19, 2016 5:31:18 PM okhttp3.mockwebserver.MockWebServer$3 acceptConnections
INFO: MockWebServer[39839] done accepting connections: Socket closed
Jun 19, 2016 5:31:18 PM okhttp3.mockwebserver.MockWebServer$3 execute
INFO: MockWebServer[51790] starting to accept connections
Jun 19, 2016 5:31:18 PM okhttp3.mockwebserver.MockWebServer$3 execute
INFO: MockWebServer[49611] starting to accept connections
Jun 19, 2016 5:31:18 PM okhttp3.mockwebserver.MockWebServer$4 processOneRequest
INFO: MockWebServer[49611] received request: GET / HTTP/1.1 and responded: HTTP/1.1 206 OK
Jun 19, 2016 5:31:18 PM okhttp3.mockwebserver.MockWebServer$4 processOneRequest
INFO: MockWebServer[49611] received request: GET / HTTP/1.1 and responded: HTTP/1.1 200 OK
Jun 19, 2016 5:31:18 PM okhttp3.mockwebserver.MockWebServer$3 acceptConnections
INFO: MockWebServer[49611] done accepting connections: Socket closed
Jun 19, 2016 5:31:18 PM okhttp3.mockwebserver.MockWebServer$3 acceptConnections
INFO: MockWebServer[51790] done accepting connections: Socket closed
Jun 19, 2016 5:31:18 PM okhttp3.mockwebserver.MockWebServer$3 execute
INFO: MockWebServer[37844] starting to accept connections
Jun 19, 2016 5:31:18 PM okhttp3.mockwebserver.MockWebServer$3 execute
INFO: MockWebServer[39408] starting to accept connections
Jun 19, 2016 5:31:18 PM okhttp3.mockwebserver.MockWebServer$4 processOneRequest
INFO: MockWebServer[39408] received request: OPTIONS / HTTP/1.1 and responded: HTTP/1.1 200 OK
Jun 19, 2016 5:31:18 PM okhttp3.mockwebserver.MockWebServer$4 processOneRequest
INFO: MockWebServer[39408] received request: GET / HTTP/1.1 and responded: HTTP/1.1 200 OK
Jun 19, 2016 5:31:18 PM okhttp3.mockwebserver.MockWebServer$3 acceptConnections
INFO: MockWebServer[39408] done accepting connections: Socket closed
Jun 19, 2016 5:31:18 PM okhttp3.mockwebserver.MockWebServer$3 acceptConnections
INFO: MockWebServer[37844] done accepting connections: Socket closed
Jun 19, 2016 5:31:18 PM okhttp3.mockwebserver.MockWebServer$3 execute
INFO: MockWebServer[35400] starting to accept connections
Jun 19, 2016 5:31:18 PM okhttp3.mockwebserver.MockWebServer$3 execute
INFO: MockWebServer[47743] starting to accept connections
Jun 19, 2016 5:31:18 PM okhttp3.mockwebserver.MockWebServer$4 processOneRequest
INFO: MockWebServer[47743] received request: GET /foo HTTP/1.1 and responded: HTTP/1.1 200 OK
Jun 19, 2016 5:31:18 PM okhttp3.mockwebserver.MockWebServer$4 processOneRequest
INFO: MockWebServer[47743] received request: GET /bar HTTP/1.1 and responded: HTTP/1.1 301 Redirection
Jun 19, 2016 5:31:18 PM okhttp3.mockwebserver.MockWebServer$4 processOneRequest
INFO: MockWebServer[47743] received request: GET /baz HTTP/1.1 and responded: HTTP/1.1 200 OK
Jun 19, 2016 5:31:18 PM okhttp3.mockwebserver.MockWebServer$3 acceptConnections
INFO: MockWebServer[47743] done accepting connections: Socket closed
Jun 19, 2016 5:31:18 PM okhttp3.mockwebserver.MockWebServer$3 acceptConnections
INFO: MockWebServer[35400] done accepting connections: Socket closed
Jun 19, 2016 5:31:18 PM okhttp3.mockwebserver.MockWebServer$3 execute
INFO: MockWebServer[44852] starting to accept connections
Jun 19, 2016 5:31:18 PM okhttp3.mockwebserver.MockWebServer$3 execute
INFO: MockWebServer[37740] starting to accept connections
Jun 19, 2016 5:31:18 PM okhttp3.mockwebserver.MockWebServer$4 processOneRequest
INFO: MockWebServer[37740] received request: GET / HTTP/1.1 and responded: HTTP/1.1 200 OK
Jun 19, 2016 5:31:18 PM okhttp3.mockwebserver.MockWebServer$4 processConnection
WARNING: MockWebServer[37740] connection from /127.0.0.1 didn't make a request
Jun 19, 2016 5:31:18 PM okhttp3.mockwebserver.MockWebServer$4 processOneRequest
INFO: MockWebServer[37740] received request: GET / HTTP/1.1 and responded: HTTP/1.1 200 OK
Jun 19, 2016 5:31:18 PM okhttp3.mockwebserver.MockWebServer$3 acceptConnections
INFO: MockWebServer[37740] done accepting connections: Socket closed
Jun 19, 2016 5:31:18 PM okhttp3.mockwebserver.MockWebServer$3 acceptConnections
INFO: MockWebServer[44852] done accepting connections: Socket closed
Jun 19, 2016 5:31:18 PM okhttp3.mockwebserver.MockWebServer$3 execute
INFO: MockWebServer[40307] starting to accept connections
Jun 19, 2016 5:31:18 PM okhttp3.mockwebserver.MockWebServer$3 execute
INFO: MockWebServer[57004] starting to accept connections
Jun 19, 2016 5:31:18 PM okhttp3.mockwebserver.MockWebServer$4 processOneRequest
INFO: MockWebServer[57004] received request: GET / HTTP/1.1 and responded: HTTP/1.1 200 OK
Jun 19, 2016 5:31:18 PM okhttp3.mockwebserver.MockWebServer$3 acceptConnections
INFO: MockWebServer[57004] done accepting connections: Socket closed
Jun 19, 2016 5:31:18 PM okhttp3.mockwebserver.MockWebServer$3 acceptConnections
INFO: MockWebServer[40307] done accepting connections: Socket closed
Jun 19, 2016 5:31:18 PM okhttp3.mockwebserver.MockWebServer$3 execute
INFO: MockWebServer[37719] starting to accept connections
Jun 19, 2016 5:31:18 PM okhttp3.mockwebserver.MockWebServer$3 execute
INFO: MockWebServer[58749] starting to accept connections
Jun 19, 2016 5:31:18 PM okhttp3.mockwebserver.MockWebServer$4 processOneRequest
INFO: MockWebServer[58749] received request: GET / HTTP/1.1 and responded: HTTP/1.1 200 OK
Jun 19, 2016 5:31:18 PM okhttp3.mockwebserver.MockWebServer$4 processOneRequest
INFO: MockWebServer[58749] received request: GET / HTTP/1.1 and responded: HTTP/1.1 200 OK
Jun 19, 2016 5:31:19 PM okhttp3.mockwebserver.MockWebServer$3 acceptConnections
INFO: MockWebServer[58749] done accepting connections: Socket closed
Jun 19, 2016 5:31:19 PM okhttp3.mockwebserver.MockWebServer$3 acceptConnections
INFO: MockWebServer[37719] done accepting connections: Socket closed
Jun 19, 2016 5:31:19 PM okhttp3.mockwebserver.MockWebServer$3 execute
INFO: MockWebServer[33402] starting to accept connections
Jun 19, 2016 5:31:19 PM okhttp3.mockwebserver.MockWebServer$3 execute
INFO: MockWebServer[47165] starting to accept connections
Jun 19, 2016 5:31:19 PM okhttp3.mockwebserver.MockWebServer$3 acceptConnections
INFO: MockWebServer[47165] done accepting connections: Socket is closed
Jun 19, 2016 5:31:19 PM okhttp3.mockwebserver.MockWebServer$3 acceptConnections
INFO: MockWebServer[33402] done accepting connections: Socket closed
Jun 19, 2016 5:31:19 PM okhttp3.mockwebserver.MockWebServer$3 execute
INFO: MockWebServer[44906] starting to accept connections
Jun 19, 2016 5:31:19 PM okhttp3.mockwebserver.MockWebServer$3 execute
INFO: MockWebServer[43213] starting to accept connections
Jun 19, 2016 5:31:19 PM okhttp3.mockwebserver.MockWebServer$4 processOneRequest
INFO: MockWebServer[43213] received request: GET /valid HTTP/1.1 and responded: HTTP/1.1 200 A-OK
Jun 19, 2016 5:31:19 PM okhttp3.mockwebserver.MockWebServer$4 processOneRequest
INFO: MockWebServer[43213] received request: GET /valid HTTP/1.1 and responded: HTTP/1.1 304 Redirection
Jun 19, 2016 5:31:19 PM okhttp3.mockwebserver.MockWebServer$4 processOneRequest
INFO: MockWebServer[43213] received request: GET /invalid HTTP/1.1 and responded: HTTP/1.1 200 B-OK
Jun 19, 2016 5:31:19 PM okhttp3.mockwebserver.MockWebServer$4 processOneRequest
INFO: MockWebServer[43213] received request: GET /invalid HTTP/1.1 and responded: HTTP/1.1 200 C-OK
Jun 19, 2016 5:31:19 PM okhttp3.mockwebserver.MockWebServer$3 acceptConnections
INFO: MockWebServer[43213] done accepting connections: Socket closed
Jun 19, 2016 5:31:19 PM okhttp3.mockwebserver.MockWebServer$3 acceptConnections
INFO: MockWebServer[44906] done accepting connections: Socket closed
Jun 19, 2016 5:31:19 PM okhttp3.mockwebserver.MockWebServer$3 execute
INFO: MockWebServer[33417] starting to accept connections
Jun 19, 2016 5:31:19 PM okhttp3.mockwebserver.MockWebServer$3 execute
INFO: MockWebServer[52680] starting to accept connections
Jun 19, 2016 5:31:19 PM okhttp3.mockwebserver.MockWebServer$3 execute
INFO: MockWebServer[45701] starting to accept connections
Jun 19, 2016 5:31:19 PM okhttp3.mockwebserver.MockWebServer$4 processOneRequest
INFO: MockWebServer[45701] received request: GET / HTTP/1.1 and responded: HTTP/1.1 101 Informational
Jun 19, 2016 5:31:19 PM okhttp3.mockwebserver.MockWebServer$3 acceptConnections
INFO: MockWebServer[45701] done accepting connections: Socket closed
Jun 19, 2016 5:31:19 PM okhttp3.mockwebserver.MockWebServer$3 execute
INFO: MockWebServer[56678] starting to accept connections
Jun 19, 2016 5:31:19 PM okhttp3.mockwebserver.MockWebServer$4 processOneRequest
INFO: MockWebServer[56678] received request: GET / HTTP/1.1 and responded: HTTP/1.1 102 Informational
Jun 19, 2016 5:31:19 PM okhttp3.mockwebserver.MockWebServer$3 acceptConnections
INFO: MockWebServer[56678] done accepting connections: Socket closed
Jun 19, 2016 5:31:19 PM okhttp3.mockwebserver.MockWebServer$3 execute
INFO: MockWebServer[43101] starting to accept connections
Jun 19, 2016 5:31:19 PM okhttp3.mockwebserver.MockWebServer$4 processOneRequest
INFO: MockWebServer[43101] received request: GET / HTTP/1.1 and responded: HTTP/1.1 200 OK
Jun 19, 2016 5:31:19 PM okhttp3.mockwebserver.MockWebServer$3 acceptConnections
INFO: MockWebServer[43101] done accepting connections: Socket closed
Jun 19, 2016 5:31:19 PM okhttp3.mockwebserver.MockWebServer$3 execute
INFO: MockWebServer[49787] starting to accept connections
Jun 19, 2016 5:31:19 PM okhttp3.mockwebserver.MockWebServer$4 processOneRequest
INFO: MockWebServer[49787] received request: GET / HTTP/1.1 and responded: HTTP/1.1 201 OK
Jun 19, 2016 5:31:19 PM okhttp3.mockwebserver.MockWebServer$3 acceptConnections
INFO: MockWebServer[49787] done accepting connections: Socket closed
Jun 19, 2016 5:31:19 PM okhttp3.mockwebserver.MockWebServer$3 execute
INFO: MockWebServer[44455] starting to accept connections
Jun 19, 2016 5:31:19 PM okhttp3.mockwebserver.MockWebServer$4 processOneRequest
INFO: MockWebServer[44455] received request: GET / HTTP/1.1 and responded: HTTP/1.1 202 OK
Jun 19, 2016 5:31:19 PM okhttp3.mockwebserver.MockWebServer$3 acceptConnections
INFO: MockWebServer[44455] done accepting connections: Socket closed
Jun 19, 2016 5:31:19 PM okhttp3.mockwebserver.MockWebServer$3 execute
INFO: MockWebServer[41075] starting to accept connections
Jun 19, 2016 5:31:19 PM okhttp3.mockwebserver.MockWebServer$4 processOneRequest
INFO: MockWebServer[41075] received request: GET / HTTP/1.1 and responded: HTTP/1.1 203 OK
Jun 19, 2016 5:31:19 PM okhttp3.mockwebserver.MockWebServer$3 acceptConnections
INFO: MockWebServer[41075] done accepting connections: Socket closed
Jun 19, 2016 5:31:19 PM okhttp3.mockwebserver.MockWebServer$3 execute
INFO: MockWebServer[47827] starting to accept connections
Jun 19, 2016 5:31:19 PM okhttp3.mockwebserver.MockWebServer$4 processOneRequest
INFO: MockWebServer[47827] received request: GET / HTTP/1.1 and responded: HTTP/1.1 204 OK
Jun 19, 2016 5:31:19 PM okhttp3.mockwebserver.MockWebServer$3 acceptConnections
INFO: MockWebServer[52680] done accepting connections: Socket closed
Jun 19, 2016 5:31:19 PM okhttp3.mockwebserver.MockWebServer$3 acceptConnections
INFO: MockWebServer[33417] done accepting connections: Socket closed
Jun 19, 2016 5:31:19 PM okhttp3.mockwebserver.MockWebServer$3 execute
INFO: MockWebServer[38994] starting to accept connections
Jun 19, 2016 5:31:19 PM okhttp3.mockwebserver.MockWebServer$3 execute
INFO: MockWebServer[55494] starting to accept connections
Jun 19, 2016 5:31:19 PM okhttp3.mockwebserver.MockWebServer$4 processOneRequest
INFO: MockWebServer[55494] received request: GET / HTTP/1.1 and responded: HTTP/1.1 200 OK
Jun 19, 2016 5:31:19 PM okhttp3.mockwebserver.MockWebServer$4 processConnection
WARNING: MockWebServer[55494] connection from /127.0.0.1 didn't make a request
Jun 19, 2016 5:31:19 PM okhttp3.mockwebserver.MockWebServer$4 processOneRequest
INFO: MockWebServer[55494] received request: GET / HTTP/1.1 and responded: HTTP/1.1 200 OK
Jun 19, 2016 5:31:19 PM okhttp3.mockwebserver.MockWebServer$3 acceptConnections
INFO: MockWebServer[55494] done accepting connections: Socket closed
Jun 19, 2016 5:31:19 PM okhttp3.mockwebserver.MockWebServer$3 acceptConnections
INFO: MockWebServer[38994] done accepting connections: Socket closed
Jun 19, 2016 5:31:19 PM okhttp3.mockwebserver.MockWebServer$3 execute
INFO: MockWebServer[40792] starting to accept connections
Jun 19, 2016 5:31:19 PM okhttp3.mockwebserver.MockWebServer$3 execute
INFO: MockWebServer[53657] starting to accept connections
Jun 19, 2016 5:31:19 PM okhttp3.mockwebserver.MockWebServer$4 processOneRequest
INFO: MockWebServer[53657] received request: GET / HTTP/1.1 and responded: HTTP/1.1 200 OK
Jun 19, 2016 5:31:19 PM okhttp3.mockwebserver.MockWebServer$3 acceptConnections
INFO: MockWebServer[53657] done accepting connections: Socket closed
Jun 19, 2016 5:31:19 PM okhttp3.mockwebserver.MockWebServer$3 acceptConnections
INFO: MockWebServer[40792] done accepting connections: Socket closed
Jun 19, 2016 5:31:19 PM okhttp3.mockwebserver.MockWebServer$3 execute
INFO: MockWebServer[52898] starting to accept connections
Jun 19, 2016 5:31:19 PM okhttp3.mockwebserver.MockWebServer$3 execute
INFO: MockWebServer[54107] starting to accept connections
Jun 19, 2016 5:31:19 PM okhttp3.mockwebserver.MockWebServer$4 processOneRequest
INFO: MockWebServer[54107] received request: TRACE / HTTP/1.1 and responded: HTTP/1.1 200 OK
Jun 19, 2016 5:31:19 PM okhttp3.mockwebserver.MockWebServer$3 acceptConnections
INFO: MockWebServer[54107] done accepting connections: Socket closed
Jun 19, 2016 5:31:19 PM okhttp3.mockwebserver.MockWebServer$4 processOneRequest
INFO: MockWebServer[54107] received request: GET / HTTP/1.1 and responded: HTTP/1.1 200 OK
Jun 19, 2016 5:31:19 PM okhttp3.mockwebserver.MockWebServer$3 acceptConnections
INFO: MockWebServer[52898] done accepting connections: Socket closed
Jun 19, 2016 5:31:19 PM okhttp3.mockwebserver.MockWebServer$3 execute
INFO: MockWebServer[51179] starting to accept connections
Jun 19, 2016 5:31:19 PM okhttp3.mockwebserver.MockWebServer$3 execute
INFO: MockWebServer[39350] starting to accept connections
Jun 19, 2016 5:31:19 PM okhttp3.mockwebserver.MockWebServer$4 processOneRequest
INFO: MockWebServer[39350] received request: DELETE / HTTP/1.1 and responded: HTTP/1.1 200 OK
Jun 19, 2016 5:31:19 PM okhttp3.mockwebserver.MockWebServer$3 acceptConnections
INFO: MockWebServer[39350] done accepting connections: Socket closed
Jun 19, 2016 5:31:19 PM okhttp3.mockwebserver.MockWebServer$4 processOneRequest
INFO: MockWebServer[39350] received request: GET / HTTP/1.1 and responded: HTTP/1.1 200 OK
Jun 19, 2016 5:31:19 PM okhttp3.mockwebserver.MockWebServer$3 acceptConnections
INFO: MockWebServer[51179] done accepting connections: Socket closed
Jun 19, 2016 5:31:19 PM okhttp3.mockwebserver.MockWebServer$3 execute
INFO: MockWebServer[48629] starting to accept connections
Jun 19, 2016 5:31:19 PM okhttp3.mockwebserver.MockWebServer$3 execute
INFO: MockWebServer[57939] starting to accept connections
Jun 19, 2016 5:31:19 PM okhttp3.mockwebserver.MockWebServer$3 acceptConnections
INFO: MockWebServer[57939] done accepting connections: Socket closed
Jun 19, 2016 5:31:19 PM okhttp3.mockwebserver.MockWebServer$4 processOneRequest
INFO: MockWebServer[57939] received request: GET / HTTP/1.1 and responded: HTTP/1.1 200 OK
Jun 19, 2016 5:31:19 PM okhttp3.mockwebserver.MockWebServer$3 acceptConnections
INFO: MockWebServer[48629] done accepting connections: Socket closed
Jun 19, 2016 5:31:19 PM okhttp3.mockwebserver.MockWebServer$3 execute
INFO: MockWebServer[44446] starting to accept connections
Jun 19, 2016 5:31:19 PM okhttp3.mockwebserver.MockWebServer$3 execute
INFO: MockWebServer[41552] starting to accept connections
Jun 19, 2016 5:31:19 PM okhttp3.mockwebserver.MockWebServer$4 processOneRequest
INFO: MockWebServer[41552] received request: GET / HTTP/1.1 and responded: HTTP/1.1 200 OK
Jun 19, 2016 5:31:19 PM okhttp3.mockwebserver.MockWebServer$3 acceptConnections
INFO: MockWebServer[41552] done accepting connections: Socket closed
Jun 19, 2016 5:31:19 PM okhttp3.mockwebserver.MockWebServer$4 processOneRequest
INFO: MockWebServer[41552] received request: GET / HTTP/1.1 and responded: HTTP/1.1 304 Redirection
Jun 19, 2016 5:31:19 PM okhttp3.mockwebserver.MockWebServer$3 acceptConnections
INFO: MockWebServer[44446] done accepting connections: Socket closed
Jun 19, 2016 5:31:19 PM okhttp3.mockwebserver.MockWebServer$3 execute
INFO: MockWebServer[60783] starting to accept connections
Jun 19, 2016 5:31:19 PM okhttp3.mockwebserver.MockWebServer$3 execute
INFO: MockWebServer[43206] starting to accept connections
Jun 19, 2016 5:31:19 PM okhttp3.mockwebserver.MockWebServer$4 processOneRequest
INFO: MockWebServer[43206] received request: GET /valid HTTP/1.1 and responded: HTTP/1.1 200 A-OK
Jun 19, 2016 5:31:19 PM okhttp3.mockwebserver.MockWebServer$4 processOneRequest
INFO: MockWebServer[43206] received request: GET /valid HTTP/1.1 and responded: HTTP/1.1 304 Redirection
Jun 19, 2016 5:31:19 PM okhttp3.mockwebserver.MockWebServer$4 processOneRequest
INFO: MockWebServer[43206] received request: GET /invalid HTTP/1.1 and responded: HTTP/1.1 200 B-OK
Jun 19, 2016 5:31:19 PM okhttp3.mockwebserver.MockWebServer$4 processOneRequest
INFO: MockWebServer[43206] received request: GET /invalid HTTP/1.1 and responded: HTTP/1.1 200 C-OK
Jun 19, 2016 5:31:19 PM okhttp3.mockwebserver.MockWebServer$3 acceptConnections
INFO: MockWebServer[43206] done accepting connections: Socket closed
Jun 19, 2016 5:31:19 PM okhttp3.mockwebserver.MockWebServer$3 acceptConnections
INFO: MockWebServer[60783] done accepting connections: Socket closed
Jun 19, 2016 5:31:19 PM okhttp3.mockwebserver.MockWebServer$3 execute
INFO: MockWebServer[60393] starting to accept connections
Jun 19, 2016 5:31:19 PM okhttp3.mockwebserver.MockWebServer$3 execute
INFO: MockWebServer[41845] starting to accept connections
Jun 19, 2016 5:31:19 PM okhttp3.mockwebserver.MockWebServer$4 processOneRequest
INFO: MockWebServer[41845] received request: GET / HTTP/1.1 and responded: HTTP/1.1 200 OK
Jun 19, 2016 5:31:19 PM okhttp3.mockwebserver.MockWebServer$3 acceptConnections
INFO: MockWebServer[41845] done accepting connections: Socket closed
Jun 19, 2016 5:31:19 PM okhttp3.mockwebserver.MockWebServer$3 acceptConnections
INFO: MockWebServer[60393] done accepting connections: Socket closed
Jun 19, 2016 5:31:19 PM okhttp3.mockwebserver.MockWebServer$3 execute
INFO: MockWebServer[38105] starting to accept connections
Jun 19, 2016 5:31:19 PM okhttp3.mockwebserver.MockWebServer$3 execute
INFO: MockWebServer[35244] starting to accept connections
Jun 19, 2016 5:31:19 PM okhttp3.mockwebserver.MockWebServer$4 processOneRequest
INFO: MockWebServer[35244] received request: GET / HTTP/1.1 and responded: HTTP/1.1 200 Fantastic
Jun 19, 2016 5:31:19 PM okhttp3.mockwebserver.MockWebServer$3 acceptConnections
INFO: MockWebServer[35244] done accepting connections: Socket closed
Jun 19, 2016 5:31:19 PM okhttp3.mockwebserver.MockWebServer$3 acceptConnections
INFO: MockWebServer[38105] done accepting connections: Socket closed
Jun 19, 2016 5:31:19 PM okhttp3.mockwebserver.MockWebServer$3 execute
INFO: MockWebServer[35130] starting to accept connections
Jun 19, 2016 5:31:19 PM okhttp3.mockwebserver.MockWebServer$3 execute
INFO: MockWebServer[48414] starting to accept connections
Jun 19, 2016 5:31:19 PM okhttp3.mockwebserver.MockWebServer$4 processOneRequest
INFO: MockWebServer[48414] received request: GET / HTTP/1.1 and responded: HTTP/1.1 301 Redirection
Jun 19, 2016 5:31:19 PM okhttp3.mockwebserver.MockWebServer$4 processOneRequest
INFO: MockWebServer[48414] received request: GET /foo HTTP/1.1 and responded: HTTP/1.1 200 OK
Jun 19, 2016 5:31:19 PM okhttp3.mockwebserver.MockWebServer$3 acceptConnections
INFO: MockWebServer[48414] done accepting connections: Socket closed
Jun 19, 2016 5:31:19 PM okhttp3.mockwebserver.MockWebServer$3 acceptConnections
INFO: MockWebServer[35130] done accepting connections: Socket closed
Jun 19, 2016 5:31:19 PM okhttp3.mockwebserver.MockWebServer$3 execute
INFO: MockWebServer[55341] starting to accept connections
Jun 19, 2016 5:31:19 PM okhttp3.mockwebserver.MockWebServer$3 execute
INFO: MockWebServer[34157] starting to accept connections
Jun 19, 2016 5:31:19 PM okhttp3.mockwebserver.MockWebServer$4 processOneRequest
INFO: MockWebServer[34157] received request: GET / HTTP/1.1 and responded: HTTP/1.1 200 OK
Jun 19, 2016 5:31:19 PM okhttp3.mockwebserver.MockWebServer$3 acceptConnections
INFO: MockWebServer[34157] done accepting connections: Socket closed
Jun 19, 2016 5:31:19 PM okhttp3.mockwebserver.MockWebServer$3 acceptConnections
INFO: MockWebServer[55341] done accepting connections: Socket closed
Jun 19, 2016 5:31:19 PM okhttp3.mockwebserver.MockWebServer$3 execute
INFO: MockWebServer[56865] starting to accept connections
Jun 19, 2016 5:31:19 PM okhttp3.mockwebserver.MockWebServer$3 execute
INFO: MockWebServer[53077] starting to accept connections
Jun 19, 2016 5:31:19 PM okhttp3.mockwebserver.MockWebServer$4 processOneRequest
INFO: MockWebServer[53077] received request: GET / HTTP/1.1 and responded: HTTP/1.1 200 OK
Jun 19, 2016 5:31:19 PM okhttp3.mockwebserver.MockWebServer$3 acceptConnections
INFO: MockWebServer[53077] done accepting connections: Socket closed
Jun 19, 2016 5:31:19 PM okhttp3.mockwebserver.MockWebServer$3 acceptConnections
INFO: MockWebServer[56865] done accepting connections: Socket closed
Jun 19, 2016 5:31:19 PM okhttp3.mockwebserver.MockWebServer$3 execute
INFO: MockWebServer[33996] starting to accept connections
Jun 19, 2016 5:31:19 PM okhttp3.mockwebserver.MockWebServer$3 execute
INFO: MockWebServer[34114] starting to accept connections
Jun 19, 2016 5:31:19 PM okhttp3.mockwebserver.MockWebServer$4 processOneRequest
INFO: MockWebServer[34114] received request: GET / HTTP/1.1 and responded: HTTP/1.1 200 OK
Jun 19, 2016 5:31:19 PM okhttp3.mockwebserver.MockWebServer$3 acceptConnections
INFO: MockWebServer[34114] done accepting connections: Socket closed
Jun 19, 2016 5:31:19 PM okhttp3.mockwebserver.MockWebServer$3 acceptConnections
INFO: MockWebServer[33996] done accepting connections: Socket closed
Jun 19, 2016 5:31:19 PM okhttp3.mockwebserver.MockWebServer$3 execute
INFO: MockWebServer[44688] starting to accept connections
Jun 19, 2016 5:31:19 PM okhttp3.mockwebserver.MockWebServer$3 execute
INFO: MockWebServer[39594] starting to accept connections
Jun 19, 2016 5:31:19 PM okhttp3.mockwebserver.MockWebServer$4 processOneRequest
INFO: MockWebServer[44688] received request: GET / HTTP/1.1 and responded: HTTP/1.1 200 OK
Jun 19, 2016 5:31:19 PM okhttp3.mockwebserver.MockWebServer$4 processOneRequest
INFO: MockWebServer[44688] received request: POST / HTTP/1.1 and responded: HTTP/1.1 500 Server Error
Jun 19, 2016 5:31:19 PM okhttp3.mockwebserver.MockWebServer$4 processOneRequest
INFO: MockWebServer[44688] received request: GET / HTTP/1.1 and responded: HTTP/1.1 200 OK
Jun 19, 2016 5:31:19 PM okhttp3.mockwebserver.MockWebServer$3 acceptConnections
INFO: MockWebServer[44688] done accepting connections: Socket closed
Jun 19, 2016 5:31:19 PM okhttp3.mockwebserver.MockWebServer$3 acceptConnections
INFO: MockWebServer[39594] done accepting connections: Socket closed
Jun 19, 2016 5:31:19 PM okhttp3.mockwebserver.MockWebServer$3 execute
INFO: MockWebServer[52457] starting to accept connections
Jun 19, 2016 5:31:19 PM okhttp3.mockwebserver.MockWebServer$3 execute
INFO: MockWebServer[58764] starting to accept connections
Jun 19, 2016 5:31:19 PM okhttp3.mockwebserver.MockWebServer$4 processOneRequest
INFO: MockWebServer[58764] received request: GET / HTTP/1.1 and responded: HTTP/1.1 200 OK
Jun 19, 2016 5:31:19 PM okhttp3.mockwebserver.MockWebServer$3 acceptConnections
INFO: MockWebServer[58764] done accepting connections: Socket closed
Jun 19, 2016 5:31:19 PM okhttp3.mockwebserver.MockWebServer$3 acceptConnections
INFO: MockWebServer[52457] done accepting connections: Socket closed
Jun 19, 2016 5:31:19 PM okhttp3.mockwebserver.MockWebServer$3 execute
INFO: MockWebServer[45273] starting to accept connections
Jun 19, 2016 5:31:19 PM okhttp3.mockwebserver.MockWebServer$3 execute
INFO: MockWebServer[60904] starting to accept connections
Jun 19, 2016 5:31:19 PM okhttp3.mockwebserver.MockWebServer$4 processOneRequest
INFO: MockWebServer[60904] received request: GET / HTTP/1.1 and responded: HTTP/1.1 301 Redirection
Jun 19, 2016 5:31:19 PM okhttp3.mockwebserver.MockWebServer$4 processOneRequest
INFO: MockWebServer[60904] received request: GET /foo HTTP/1.1 and responded: HTTP/1.1 200 OK
Jun 19, 2016 5:31:19 PM okhttp3.mockwebserver.MockWebServer$3 acceptConnections
INFO: MockWebServer[60904] done accepting connections: Socket closed
Jun 19, 2016 5:31:19 PM okhttp3.mockwebserver.MockWebServer$3 acceptConnections
INFO: MockWebServer[45273] done accepting connections: Socket closed
Jun 19, 2016 5:31:19 PM okhttp3.mockwebserver.MockWebServer$3 execute
INFO: MockWebServer[47615] starting to accept connections
Jun 19, 2016 5:31:19 PM okhttp3.mockwebserver.MockWebServer$3 execute
INFO: MockWebServer[48149] starting to accept connections
Jun 19, 2016 5:31:19 PM okhttp3.mockwebserver.MockWebServer$4 processOneRequest
INFO: MockWebServer[48149] received request: GET /valid HTTP/1.1 and responded: HTTP/1.1 200 A-OK
Jun 19, 2016 5:31:19 PM okhttp3.mockwebserver.MockWebServer$4 processOneRequest
INFO: MockWebServer[48149] received request: GET /valid HTTP/1.1 and responded: HTTP/1.1 304 Redirection
Jun 19, 2016 5:31:19 PM okhttp3.mockwebserver.MockWebServer$4 processOneRequest
INFO: MockWebServer[48149] received request: GET /invalid HTTP/1.1 and responded: HTTP/1.1 200 B-OK
Jun 19, 2016 5:31:19 PM okhttp3.mockwebserver.MockWebServer$4 processOneRequest
INFO: MockWebServer[48149] received request: GET /invalid HTTP/1.1 and responded: HTTP/1.1 200 C-OK
Jun 19, 2016 5:31:19 PM okhttp3.mockwebserver.MockWebServer$3 acceptConnections
INFO: MockWebServer[48149] done accepting connections: Socket closed
Jun 19, 2016 5:31:19 PM okhttp3.mockwebserver.MockWebServer$3 acceptConnections
INFO: MockWebServer[47615] done accepting connections: Socket closed
Jun 19, 2016 5:31:19 PM okhttp3.mockwebserver.MockWebServer$3 execute
INFO: MockWebServer[40361] starting to accept connections
Jun 19, 2016 5:31:19 PM okhttp3.mockwebserver.MockWebServer$3 execute
INFO: MockWebServer[57100] starting to accept connections
Jun 19, 2016 5:31:19 PM okhttp3.mockwebserver.MockWebServer$4 processOneRequest
INFO: MockWebServer[57100] received request: GET / HTTP/1.1 and responded: HTTP/1.1 200 OK
Jun 19, 2016 5:31:19 PM okhttp3.mockwebserver.MockWebServer$3 acceptConnections
INFO: MockWebServer[57100] done accepting connections: Socket closed
Jun 19, 2016 5:31:19 PM okhttp3.mockwebserver.MockWebServer$3 acceptConnections
INFO: MockWebServer[40361] done accepting connections: Socket closed
Jun 19, 2016 5:31:19 PM okhttp3.mockwebserver.MockWebServer$3 execute
INFO: MockWebServer[50957] starting to accept connections
Jun 19, 2016 5:31:19 PM okhttp3.mockwebserver.MockWebServer$3 execute
INFO: MockWebServer[60424] starting to accept connections
Jun 19, 2016 5:31:19 PM okhttp3.mockwebserver.MockWebServer$4 processOneRequest
INFO: MockWebServer[60424] received request: GET / HTTP/1.1 and responded: HTTP/1.1 200 OK
Jun 19, 2016 5:31:19 PM okhttp3.mockwebserver.MockWebServer$3 acceptConnections
INFO: MockWebServer[60424] done accepting connections: Socket closed
Jun 19, 2016 5:31:19 PM okhttp3.mockwebserver.MockWebServer$4 processOneRequest
INFO: MockWebServer[60424] received request: GET / HTTP/1.1 and responded: HTTP/1.1 304 Redirection
Jun 19, 2016 5:31:19 PM okhttp3.mockwebserver.MockWebServer$3 acceptConnections
INFO: MockWebServer[50957] done accepting connections: Socket closed
Jun 19, 2016 5:31:19 PM okhttp3.mockwebserver.MockWebServer$3 execute
INFO: MockWebServer[34647] starting to accept connections
Jun 19, 2016 5:31:19 PM okhttp3.mockwebserver.MockWebServer$3 execute
INFO: MockWebServer[38423] starting to accept connections
Jun 19, 2016 5:31:19 PM okhttp3.mockwebserver.MockWebServer$4 processOneRequest
INFO: MockWebServer[38423] received request: GET / HTTP/1.1 and responded: HTTP/1.1 200 OK
Jun 19, 2016 5:31:19 PM okhttp3.mockwebserver.MockWebServer$3 acceptConnections
INFO: MockWebServer[38423] done accepting connections: Socket closed
Jun 19, 2016 5:31:19 PM okhttp3.mockwebserver.MockWebServer$3 acceptConnections
INFO: MockWebServer[34647] done accepting connections: Socket closed
Jun 19, 2016 5:31:19 PM okhttp3.mockwebserver.MockWebServer$3 execute
INFO: MockWebServer[55048] starting to accept connections
Jun 19, 2016 5:31:19 PM okhttp3.mockwebserver.MockWebServer$3 execute
INFO: MockWebServer[36561] starting to accept connections
Jun 19, 2016 5:31:19 PM okhttp3.mockwebserver.MockWebServer$4 processOneRequest
INFO: MockWebServer[36561] received request: GET / HTTP/1.1 and responded: HTTP/1.1 200 OK
Jun 19, 2016 5:31:19 PM okhttp3.mockwebserver.MockWebServer$3 acceptConnections
INFO: MockWebServer[36561] done accepting connections: Socket closed
Jun 19, 2016 5:31:19 PM okhttp3.mockwebserver.MockWebServer$3 acceptConnections
INFO: MockWebServer[55048] done accepting connections: Socket closed
Jun 19, 2016 5:31:19 PM okhttp3.mockwebserver.MockWebServer$3 execute
INFO: MockWebServer[59406] starting to accept connections
Jun 19, 2016 5:31:19 PM okhttp3.mockwebserver.MockWebServer$3 execute
INFO: MockWebServer[44896] starting to accept connections
Jun 19, 2016 5:31:19 PM okhttp3.mockwebserver.MockWebServer$4 processOneRequest
INFO: MockWebServer[44896] received request: GET / HTTP/1.1 and responded: HTTP/1.1 200 OK
Jun 19, 2016 5:31:19 PM okhttp3.mockwebserver.MockWebServer$4 processOneRequest
INFO: MockWebServer[44896] received request: GET / HTTP/1.1 and responded: HTTP/1.1 200 OK
Jun 19, 2016 5:31:20 PM okhttp3.mockwebserver.MockWebServer$3 acceptConnections
INFO: MockWebServer[44896] done accepting connections: Socket closed
Jun 19, 2016 5:31:20 PM okhttp3.mockwebserver.MockWebServer$3 acceptConnections
INFO: MockWebServer[59406] done accepting connections: Socket closed
Jun 19, 2016 5:31:20 PM okhttp3.mockwebserver.MockWebServer$3 execute
INFO: MockWebServer[59758] starting to accept connections
Jun 19, 2016 5:31:20 PM okhttp3.mockwebserver.MockWebServer$3 execute
INFO: MockWebServer[48880] starting to accept connections
Jun 19, 2016 5:31:20 PM okhttp3.mockwebserver.MockWebServer$4 processOneRequest
INFO: MockWebServer[48880] received request: GET / HTTP/1.1 and responded: HTTP/1.1 200 OK
Jun 19, 2016 5:31:20 PM okhttp3.mockwebserver.MockWebServer$3 acceptConnections
INFO: MockWebServer[48880] done accepting connections: Socket closed
Jun 19, 2016 5:31:20 PM okhttp3.mockwebserver.MockWebServer$3 acceptConnections
INFO: MockWebServer[59758] done accepting connections: Socket closed
Jun 19, 2016 5:31:20 PM okhttp3.mockwebserver.MockWebServer$3 execute
INFO: MockWebServer[47034] starting to accept connections
Jun 19, 2016 5:31:20 PM okhttp3.mockwebserver.MockWebServer$3 execute
INFO: MockWebServer[52078] starting to accept connections
Jun 19, 2016 5:31:20 PM okhttp3.mockwebserver.MockWebServer$4 processOneRequest
INFO: MockWebServer[52078] received request: GET / HTTP/1.1 and responded: HTTP/1.1 200 OK
Jun 19, 2016 5:31:20 PM okhttp3.mockwebserver.MockWebServer$3 acceptConnections
INFO: MockWebServer[52078] done accepting connections: Socket closed
Jun 19, 2016 5:31:20 PM okhttp3.mockwebserver.MockWebServer$3 acceptConnections
INFO: MockWebServer[47034] done accepting connections: Socket closed
Jun 19, 2016 5:31:20 PM okhttp3.mockwebserver.MockWebServer$3 execute
INFO: MockWebServer[43112] starting to accept connections
Jun 19, 2016 5:31:20 PM okhttp3.mockwebserver.MockWebServer$3 execute
INFO: MockWebServer[59163] starting to accept connections
Jun 19, 2016 5:31:20 PM okhttp3.mockwebserver.MockWebServer$4 processOneRequest
INFO: MockWebServer[43112] received request: GET / HTTP/1.1 and responded: HTTP/1.1 200 OK
Jun 19, 2016 5:31:20 PM okhttp3.mockwebserver.MockWebServer$3 acceptConnections
INFO: MockWebServer[43112] done accepting connections: Socket closed
Jun 19, 2016 5:31:20 PM okhttp3.mockwebserver.MockWebServer$3 acceptConnections
INFO: MockWebServer[59163] done accepting connections: Socket closed
Jun 19, 2016 5:31:20 PM okhttp3.mockwebserver.MockWebServer$3 execute
INFO: MockWebServer[58311] starting to accept connections
Jun 19, 2016 5:31:20 PM okhttp3.mockwebserver.MockWebServer$3 execute
INFO: MockWebServer[37835] starting to accept connections
Jun 19, 2016 5:31:20 PM okhttp3.mockwebserver.MockWebServer$4 processOneRequest
INFO: MockWebServer[37835] received request: GET / HTTP/1.1 and responded: HTTP/1.1 200 OK
Jun 19, 2016 5:31:20 PM okhttp3.mockwebserver.MockWebServer$3 acceptConnections
INFO: MockWebServer[37835] done accepting connections: Socket closed
Jun 19, 2016 5:31:20 PM okhttp3.mockwebserver.MockWebServer$3 acceptConnections
INFO: MockWebServer[58311] done accepting connections: Socket closed
Jun 19, 2016 5:31:20 PM okhttp3.mockwebserver.MockWebServer$3 execute
INFO: MockWebServer[54710] starting to accept connections
Jun 19, 2016 5:31:20 PM okhttp3.mockwebserver.MockWebServer$3 execute
INFO: MockWebServer[49575] starting to accept connections
Jun 19, 2016 5:31:20 PM okhttp3.mockwebserver.MockWebServer$4 processOneRequest
INFO: MockWebServer[49575] received request: GET / HTTP/1.1 and responded: HTTP/1.1 200 OK
Jun 19, 2016 5:31:20 PM okhttp3.mockwebserver.MockWebServer$3 acceptConnections
INFO: MockWebServer[49575] done accepting connections: Socket closed
Jun 19, 2016 5:31:20 PM okhttp3.mockwebserver.MockWebServer$3 acceptConnections
INFO: MockWebServer[54710] done accepting connections: Socket closed
Jun 19, 2016 5:31:20 PM okhttp3.mockwebserver.MockWebServer$3 execute
INFO: MockWebServer[60632] starting to accept connections
Jun 19, 2016 5:31:20 PM okhttp3.mockwebserver.MockWebServer$3 execute
INFO: MockWebServer[59509] starting to accept connections
Jun 19, 2016 5:31:20 PM okhttp3.mockwebserver.MockWebServer$4 processOneRequest
INFO: MockWebServer[60632] received request: GET / HTTP/1.1 and responded: HTTP/1.1 200 OK
Jun 19, 2016 5:31:20 PM okhttp3.mockwebserver.MockWebServer$3 acceptConnections
INFO: MockWebServer[60632] done accepting connections: Socket closed
Jun 19, 2016 5:31:20 PM okhttp3.mockwebserver.MockWebServer$3 acceptConnections
INFO: MockWebServer[59509] done accepting connections: Socket closed
Jun 19, 2016 5:31:20 PM okhttp3.mockwebserver.MockWebServer$3 execute
INFO: MockWebServer[34531] starting to accept connections
Jun 19, 2016 5:31:20 PM okhttp3.mockwebserver.MockWebServer$3 execute
INFO: MockWebServer[58850] starting to accept connections
Jun 19, 2016 5:31:20 PM okhttp3.mockwebserver.MockWebServer$4 processOneRequest
INFO: MockWebServer[58850] received request: GET / HTTP/1.1 and responded: HTTP/1.1 200 OK
Jun 19, 2016 5:31:20 PM okhttp3.mockwebserver.MockWebServer$3 acceptConnections
INFO: MockWebServer[58850] done accepting connections: Socket closed
Jun 19, 2016 5:31:20 PM okhttp3.mockwebserver.MockWebServer$3 acceptConnections
INFO: MockWebServer[34531] done accepting connections: Socket closed
Jun 19, 2016 5:31:20 PM okhttp3.mockwebserver.MockWebServer$3 execute
INFO: MockWebServer[56355] starting to accept connections
Jun 19, 2016 5:31:20 PM okhttp3.mockwebserver.MockWebServer$3 execute
INFO: MockWebServer[43401] starting to accept connections
Jun 19, 2016 5:31:20 PM okhttp3.mockwebserver.MockWebServer$4 processOneRequest
INFO: MockWebServer[43401] received request: GET /valid HTTP/1.1 and responded: HTTP/1.1 200 A-OK
Jun 19, 2016 5:31:20 PM okhttp3.mockwebserver.MockWebServer$4 processOneRequest
INFO: MockWebServer[43401] received request: GET /valid HTTP/1.1 and responded: HTTP/1.1 304 Redirection
Jun 19, 2016 5:31:20 PM okhttp3.mockwebserver.MockWebServer$4 processOneRequest
INFO: MockWebServer[43401] received request: GET /invalid HTTP/1.1 and responded: HTTP/1.1 200 B-OK
Jun 19, 2016 5:31:20 PM okhttp3.mockwebserver.MockWebServer$4 processOneRequest
INFO: MockWebServer[43401] received request: GET /invalid HTTP/1.1 and responded: HTTP/1.1 200 C-OK
Jun 19, 2016 5:31:20 PM okhttp3.mockwebserver.MockWebServer$3 acceptConnections
INFO: MockWebServer[43401] done accepting connections: Socket closed
Jun 19, 2016 5:31:20 PM okhttp3.mockwebserver.MockWebServer$3 acceptConnections
INFO: MockWebServer[56355] done accepting connections: Socket closed
Jun 19, 2016 5:31:20 PM okhttp3.mockwebserver.MockWebServer$3 execute
INFO: MockWebServer[42281] starting to accept connections
Jun 19, 2016 5:31:20 PM okhttp3.mockwebserver.MockWebServer$3 execute
INFO: MockWebServer[60429] starting to accept connections
Jun 19, 2016 5:31:20 PM okhttp3.mockwebserver.MockWebServer$4 processOneRequest
INFO: MockWebServer[60429] received request: GET / HTTP/1.1 and responded: HTTP/1.1 200 OK
Jun 19, 2016 5:31:20 PM okhttp3.mockwebserver.MockWebServer$4 processOneRequest
INFO: MockWebServer[60429] received request: GET / HTTP/1.1 and responded: HTTP/1.1 200 OK
Jun 19, 2016 5:31:20 PM okhttp3.mockwebserver.MockWebServer$3 acceptConnections
INFO: MockWebServer[60429] done accepting connections: Socket closed
Jun 19, 2016 5:31:20 PM okhttp3.mockwebserver.MockWebServer$3 acceptConnections
INFO: MockWebServer[42281] done accepting connections: Socket closed
Jun 19, 2016 5:31:20 PM okhttp3.mockwebserver.MockWebServer$3 execute
INFO: MockWebServer[46055] starting to accept connections
Jun 19, 2016 5:31:20 PM okhttp3.mockwebserver.MockWebServer$3 execute
INFO: MockWebServer[48495] starting to accept connections
Jun 19, 2016 5:31:20 PM okhttp3.mockwebserver.MockWebServer$4 processOneRequest
INFO: MockWebServer[48495] received request: GET /valid HTTP/1.1 and responded: HTTP/1.1 200 A-OK
Jun 19, 2016 5:31:20 PM okhttp3.mockwebserver.MockWebServer$4 processOneRequest
INFO: MockWebServer[48495] received request: GET /valid HTTP/1.1 and responded: HTTP/1.1 304 Redirection
Jun 19, 2016 5:31:20 PM okhttp3.mockwebserver.MockWebServer$4 processOneRequest
INFO: MockWebServer[48495] received request: GET /invalid HTTP/1.1 and responded: HTTP/1.1 200 B-OK
Jun 19, 2016 5:31:20 PM okhttp3.mockwebserver.MockWebServer$4 processOneRequest
INFO: MockWebServer[48495] received request: GET /invalid HTTP/1.1 and responded: HTTP/1.1 200 C-OK
Jun 19, 2016 5:31:20 PM okhttp3.mockwebserver.MockWebServer$3 acceptConnections
INFO: MockWebServer[48495] done accepting connections: Socket closed
Jun 19, 2016 5:31:20 PM okhttp3.mockwebserver.MockWebServer$3 acceptConnections
INFO: MockWebServer[46055] done accepting connections: Socket closed
Jun 19, 2016 5:31:20 PM okhttp3.mockwebserver.MockWebServer$3 execute
INFO: MockWebServer[52715] starting to accept connections
Jun 19, 2016 5:31:20 PM okhttp3.mockwebserver.MockWebServer$3 execute
INFO: MockWebServer[54901] starting to accept connections
Jun 19, 2016 5:31:20 PM okhttp3.mockwebserver.MockWebServer$4 processOneRequest
INFO: MockWebServer[54901] received request: GET / HTTP/1.1 and responded: HTTP/1.1 200 OK
Jun 19, 2016 5:31:20 PM okhttp3.mockwebserver.MockWebServer$4 processOneRequest
INFO: MockWebServer[54901] received request: GET / HTTP/1.1 and responded: HTTP/1.1 200 OK
Jun 19, 2016 5:31:20 PM okhttp3.mockwebserver.MockWebServer$3 acceptConnections
INFO: MockWebServer[54901] done accepting connections: Socket closed
Jun 19, 2016 5:31:20 PM okhttp3.mockwebserver.MockWebServer$3 acceptConnections
INFO: MockWebServer[52715] done accepting connections: Socket closed
Jun 19, 2016 5:31:20 PM okhttp3.mockwebserver.MockWebServer$3 execute
INFO: MockWebServer[34948] starting to accept connections
Jun 19, 2016 5:31:20 PM okhttp3.mockwebserver.MockWebServer$3 execute
INFO: MockWebServer[52866] starting to accept connections
Jun 19, 2016 5:31:20 PM okhttp3.mockwebserver.MockWebServer$4 processOneRequest
INFO: MockWebServer[52866] received request: GET / HTTP/1.1 and responded: HTTP/1.1 200 OK
Jun 19, 2016 5:31:20 PM okhttp3.mockwebserver.MockWebServer$4 processOneRequest
INFO: MockWebServer[52866] received request: GET / HTTP/1.1 and responded: HTTP/1.1 304 Redirection
Jun 19, 2016 5:31:20 PM okhttp3.mockwebserver.MockWebServer$4 processOneRequest
INFO: MockWebServer[52866] received request: GET / HTTP/1.1 and responded: HTTP/1.1 304 Redirection
Jun 19, 2016 5:31:20 PM okhttp3.mockwebserver.MockWebServer$3 acceptConnections
INFO: MockWebServer[52866] done accepting connections: Socket closed
Jun 19, 2016 5:31:20 PM okhttp3.mockwebserver.MockWebServer$3 acceptConnections
INFO: MockWebServer[34948] done accepting connections: Socket closed
Jun 19, 2016 5:31:20 PM okhttp3.mockwebserver.MockWebServer$3 execute
INFO: MockWebServer[47232] starting to accept connections
Jun 19, 2016 5:31:20 PM okhttp3.mockwebserver.MockWebServer$3 execute
INFO: MockWebServer[45181] starting to accept connections
Jun 19, 2016 5:31:20 PM okhttp3.mockwebserver.MockWebServer$4 processOneRequest
INFO: MockWebServer[45181] received request: GET / HTTP/1.1 and responded: HTTP/1.1 200 OK
Jun 19, 2016 5:31:20 PM okhttp3.mockwebserver.MockWebServer$4 processOneRequest
INFO: MockWebServer[45181] received request: GET / HTTP/1.1 and responded: HTTP/1.1 304 Redirection
Jun 19, 2016 5:31:20 PM okhttp3.mockwebserver.MockWebServer$4 processOneRequest
INFO: MockWebServer[45181] received request: GET / HTTP/1.1 and responded: HTTP/1.1 200 OK
Jun 19, 2016 5:31:20 PM okhttp3.mockwebserver.MockWebServer$3 acceptConnections
INFO: MockWebServer[45181] done accepting connections: Socket closed
Jun 19, 2016 5:31:20 PM okhttp3.mockwebserver.MockWebServer$3 acceptConnections
INFO: MockWebServer[47232] done accepting connections: Socket closed
Jun 19, 2016 5:31:20 PM okhttp3.mockwebserver.MockWebServer$3 execute
INFO: MockWebServer[41278] starting to accept connections
Jun 19, 2016 5:31:20 PM okhttp3.mockwebserver.MockWebServer$3 execute
INFO: MockWebServer[37280] starting to accept connections
Jun 19, 2016 5:31:20 PM okhttp3.mockwebserver.MockWebServer$4 processOneRequest
INFO: MockWebServer[37280] received request: GET / HTTP/1.1 and responded: HTTP/1.1 200 OK
Jun 19, 2016 5:31:20 PM okhttp3.mockwebserver.MockWebServer$4 processOneRequest
INFO: MockWebServer[37280] received request: GET / HTTP/1.1 and responded: HTTP/1.1 200 OK
Jun 19, 2016 5:31:20 PM okhttp3.mockwebserver.MockWebServer$3 acceptConnections
INFO: MockWebServer[37280] done accepting connections: Socket closed
Jun 19, 2016 5:31:20 PM okhttp3.mockwebserver.MockWebServer$3 acceptConnections
INFO: MockWebServer[41278] done accepting connections: Socket closed
Jun 19, 2016 5:31:20 PM okhttp3.mockwebserver.MockWebServer$3 execute
INFO: MockWebServer[42149] starting to accept connections
Jun 19, 2016 5:31:20 PM okhttp3.mockwebserver.MockWebServer$3 execute
INFO: MockWebServer[52747] starting to accept connections
Jun 19, 2016 5:31:20 PM okhttp3.mockwebserver.MockWebServer$4 processOneRequest
INFO: MockWebServer[52747] received request: GET / HTTP/1.1 and responded: HTTP/1.1 200 OK
Jun 19, 2016 5:31:20 PM okhttp3.mockwebserver.MockWebServer$4 processOneRequest
INFO: MockWebServer[52747] received request: GET / HTTP/1.1 and responded: HTTP/1.1 200 OK
Jun 19, 2016 5:31:20 PM okhttp3.mockwebserver.MockWebServer$3 acceptConnections
INFO: MockWebServer[52747] done accepting connections: Socket closed
Jun 19, 2016 5:31:20 PM okhttp3.mockwebserver.MockWebServer$3 acceptConnections
INFO: MockWebServer[42149] done accepting connections: Socket closed
Jun 19, 2016 5:31:20 PM okhttp3.mockwebserver.MockWebServer$3 execute
INFO: MockWebServer[55372] starting to accept connections
Jun 19, 2016 5:31:20 PM okhttp3.mockwebserver.MockWebServer$3 execute
INFO: MockWebServer[32998] starting to accept connections
Jun 19, 2016 5:31:20 PM okhttp3.mockwebserver.MockWebServer$4 processOneRequest
INFO: MockWebServer[32998] received request: GET / HTTP/1.1 and responded: HTTP/1.1 200 OK
Jun 19, 2016 5:31:20 PM okhttp3.mockwebserver.MockWebServer$3 acceptConnections
INFO: MockWebServer[32998] done accepting connections: Socket closed
Jun 19, 2016 5:31:20 PM okhttp3.mockwebserver.MockWebServer$3 acceptConnections
INFO: MockWebServer[55372] done accepting connections: Socket closed
Jun 19, 2016 5:31:20 PM okhttp3.mockwebserver.MockWebServer$3 execute
INFO: MockWebServer[43181] starting to accept connections
Jun 19, 2016 5:31:20 PM okhttp3.mockwebserver.MockWebServer$3 execute
INFO: MockWebServer[50777] starting to accept connections
Jun 19, 2016 5:31:20 PM okhttp3.mockwebserver.MockWebServer$4 processOneRequest
INFO: MockWebServer[50777] received request: GET / HTTP/1.1 and responded: HTTP/1.1 200 OK
Jun 19, 2016 5:31:20 PM okhttp3.mockwebserver.MockWebServer$3 acceptConnections
INFO: MockWebServer[50777] done accepting connections: Socket closed
Jun 19, 2016 5:31:20 PM okhttp3.mockwebserver.MockWebServer$3 acceptConnections
INFO: MockWebServer[43181] done accepting connections: Socket closed
Jun 19, 2016 5:31:20 PM okhttp3.mockwebserver.MockWebServer$3 execute
INFO: MockWebServer[45441] starting to accept connections
Jun 19, 2016 5:31:20 PM okhttp3.mockwebserver.MockWebServer$3 execute
INFO: MockWebServer[46660] starting to accept connections
Jun 19, 2016 5:31:20 PM okhttp3.mockwebserver.MockWebServer$4 processOneRequest
INFO: MockWebServer[46660] received request: GET / HTTP/1.1 and responded: HTTP/1.1 200 OK
Jun 19, 2016 5:31:20 PM okhttp3.mockwebserver.MockWebServer$4 processOneRequest
INFO: MockWebServer[46660] received request: GET / HTTP/1.1 and responded: HTTP/1.1 200 OK
Jun 19, 2016 5:31:20 PM okhttp3.mockwebserver.MockWebServer$3 acceptConnections
INFO: MockWebServer[46660] done accepting connections: Socket closed
Jun 19, 2016 5:31:20 PM okhttp3.mockwebserver.MockWebServer$3 acceptConnections
INFO: MockWebServer[45441] done accepting connections: Socket closed
Jun 19, 2016 5:31:20 PM okhttp3.mockwebserver.MockWebServer$3 execute
INFO: MockWebServer[52175] starting to accept connections
Jun 19, 2016 5:31:20 PM okhttp3.mockwebserver.MockWebServer$3 execute
INFO: MockWebServer[34203] starting to accept connections
Jun 19, 2016 5:31:20 PM okhttp3.mockwebserver.MockWebServer$4 processOneRequest
INFO: MockWebServer[34203] received request: GET / HTTP/1.1 and responded: HTTP/1.1 200 OK
Jun 19, 2016 5:31:20 PM okhttp3.mockwebserver.MockWebServer$3 acceptConnections
INFO: MockWebServer[34203] done accepting connections: Socket closed
Jun 19, 2016 5:31:20 PM okhttp3.mockwebserver.MockWebServer$3 acceptConnections
INFO: MockWebServer[52175] done accepting connections: Socket closed
Jun 19, 2016 5:31:20 PM okhttp3.mockwebserver.MockWebServer$3 execute
INFO: MockWebServer[41912] starting to accept connections
Jun 19, 2016 5:31:20 PM okhttp3.mockwebserver.MockWebServer$3 execute
INFO: MockWebServer[53406] starting to accept connections
Jun 19, 2016 5:31:20 PM okhttp3.mockwebserver.MockWebServer$4 processOneRequest
INFO: MockWebServer[53406] received request: GET / HTTP/1.1 and responded: HTTP/1.1 200 OK
Jun 19, 2016 5:31:20 PM okhttp3.mockwebserver.MockWebServer$4 processOneRequest
INFO: MockWebServer[53406] received request: GET / HTTP/1.1 and responded: HTTP/1.1 200 OK
Jun 19, 2016 5:31:20 PM okhttp3.mockwebserver.MockWebServer$3 acceptConnections
INFO: MockWebServer[53406] done accepting connections: Socket closed
Jun 19, 2016 5:31:20 PM okhttp3.mockwebserver.MockWebServer$3 acceptConnections
INFO: MockWebServer[41912] done accepting connections: Socket closed
Jun 19, 2016 5:31:20 PM okhttp3.mockwebserver.MockWebServer$3 execute
INFO: MockWebServer[46855] starting to accept connections
Jun 19, 2016 5:31:20 PM okhttp3.mockwebserver.MockWebServer$3 execute
INFO: MockWebServer[39635] starting to accept connections
Jun 19, 2016 5:31:20 PM okhttp3.mockwebserver.MockWebServer$4 processOneRequest
INFO: MockWebServer[39635] received request: GET / HTTP/1.1 and responded: HTTP/1.1 200 OK
Jun 19, 2016 5:31:20 PM okhttp3.mockwebserver.MockWebServer$3 acceptConnections
INFO: MockWebServer[39635] done accepting connections: Socket closed
Jun 19, 2016 5:31:20 PM okhttp3.mockwebserver.MockWebServer$3 acceptConnections
INFO: MockWebServer[46855] done accepting connections: Socket closed
Jun 19, 2016 5:31:20 PM okhttp3.mockwebserver.MockWebServer$3 execute
INFO: MockWebServer[36586] starting to accept connections
Jun 19, 2016 5:31:20 PM okhttp3.mockwebserver.MockWebServer$3 execute
INFO: MockWebServer[60931] starting to accept connections
Jun 19, 2016 5:31:20 PM okhttp3.mockwebserver.MockWebServer$4 processOneRequest
INFO: MockWebServer[60931] received request: GET / HTTP/1.1 and responded: HTTP/1.1 200 OK
Jun 19, 2016 5:31:20 PM okhttp3.mockwebserver.MockWebServer$4 processOneRequest
INFO: MockWebServer[60931] received request: GET / HTTP/1.1 and responded: HTTP/1.1 200 OK
Jun 19, 2016 5:31:20 PM okhttp3.mockwebserver.MockWebServer$3 acceptConnections
INFO: MockWebServer[60931] done accepting connections: Socket closed
Jun 19, 2016 5:31:20 PM okhttp3.mockwebserver.MockWebServer$3 acceptConnections
INFO: MockWebServer[36586] done accepting connections: Socket closed
Jun 19, 2016 5:31:20 PM okhttp3.mockwebserver.MockWebServer$3 execute
INFO: MockWebServer[50345] starting to accept connections
Jun 19, 2016 5:31:20 PM okhttp3.mockwebserver.MockWebServer$3 execute
INFO: MockWebServer[60111] starting to accept connections
Jun 19, 2016 5:31:20 PM okhttp3.mockwebserver.MockWebServer$4 processOneRequest
INFO: MockWebServer[60111] received request: GET / HTTP/1.1 and responded: HTTP/1.1 200 OK
Jun 19, 2016 5:31:20 PM okhttp3.mockwebserver.MockWebServer$3 acceptConnections
INFO: MockWebServer[60111] done accepting connections: Socket closed
Jun 19, 2016 5:31:20 PM okhttp3.mockwebserver.MockWebServer$4 processOneRequest
INFO: MockWebServer[60111] received request: GET / HTTP/1.1 and responded: HTTP/1.1 304 Redirection
Jun 19, 2016 5:31:20 PM okhttp3.mockwebserver.MockWebServer$3 acceptConnections
INFO: MockWebServer[50345] done accepting connections: Socket closed
Jun 19, 2016 5:31:20 PM okhttp3.mockwebserver.MockWebServer$3 execute
INFO: MockWebServer[40721] starting to accept connections
Jun 19, 2016 5:31:20 PM okhttp3.mockwebserver.MockWebServer$3 execute
INFO: MockWebServer[54732] starting to accept connections
Jun 19, 2016 5:31:20 PM okhttp3.mockwebserver.MockWebServer$4 processOneRequest
INFO: MockWebServer[54732] received request: GET / HTTP/1.1 and responded: HTTP/1.1 200 OK
Jun 19, 2016 5:31:20 PM okhttp3.mockwebserver.MockWebServer$4 processOneRequest
INFO: MockWebServer[54732] received request: GET / HTTP/1.1 and responded: HTTP/1.1 200 OK
Jun 19, 2016 5:31:20 PM okhttp3.mockwebserver.MockWebServer$3 acceptConnections
INFO: MockWebServer[54732] done accepting connections: Socket closed
Jun 19, 2016 5:31:20 PM okhttp3.mockwebserver.MockWebServer$3 acceptConnections
INFO: MockWebServer[40721] done accepting connections: Socket closed
Jun 19, 2016 5:31:20 PM okhttp3.mockwebserver.MockWebServer$3 execute
INFO: MockWebServer[34640] starting to accept connections
Jun 19, 2016 5:31:20 PM okhttp3.mockwebserver.MockWebServer$3 execute
INFO: MockWebServer[36862] starting to accept connections
Jun 19, 2016 5:31:20 PM okhttp3.mockwebserver.MockWebServer$4 processOneRequest
INFO: MockWebServer[36862] received request: GET / HTTP/1.1 and responded: HTTP/1.1 200 OK
Jun 19, 2016 5:31:20 PM okhttp3.mockwebserver.MockWebServer$4 processOneRequest
INFO: MockWebServer[36862] received request: POST / HTTP/1.1 and responded: HTTP/1.1 200 OK
Jun 19, 2016 5:31:20 PM okhttp3.mockwebserver.MockWebServer$4 processOneRequest
INFO: MockWebServer[36862] received request: GET / HTTP/1.1 and responded: HTTP/1.1 200 OK
Jun 19, 2016 5:31:20 PM okhttp3.mockwebserver.MockWebServer$3 acceptConnections
INFO: MockWebServer[36862] done accepting connections: Socket closed
Jun 19, 2016 5:31:20 PM okhttp3.mockwebserver.MockWebServer$3 acceptConnections
INFO: MockWebServer[34640] done accepting connections: Socket closed
Jun 19, 2016 5:31:20 PM okhttp3.mockwebserver.MockWebServer$3 execute
INFO: MockWebServer[56695] starting to accept connections
Jun 19, 2016 5:31:20 PM okhttp3.mockwebserver.MockWebServer$3 execute
INFO: MockWebServer[40335] starting to accept connections
Jun 19, 2016 5:31:20 PM okhttp3.mockwebserver.MockWebServer$4 processOneRequest
INFO: MockWebServer[40335] received request: GET / HTTP/1.1 and responded: HTTP/1.1 200 OK
Jun 19, 2016 5:31:20 PM okhttp3.mockwebserver.MockWebServer$4 processOneRequest
INFO: MockWebServer[40335] received request: PUT / HTTP/1.1 and responded: HTTP/1.1 200 OK
Jun 19, 2016 5:31:21 PM okhttp3.mockwebserver.MockWebServer$4 processOneRequest
INFO: MockWebServer[40335] received request: GET / HTTP/1.1 and responded: HTTP/1.1 200 OK
Jun 19, 2016 5:31:21 PM okhttp3.mockwebserver.MockWebServer$3 acceptConnections
INFO: MockWebServer[40335] done accepting connections: Socket closed
Jun 19, 2016 5:31:21 PM okhttp3.mockwebserver.MockWebServer$3 acceptConnections
INFO: MockWebServer[56695] done accepting connections: Socket closed
Jun 19, 2016 5:31:21 PM okhttp3.mockwebserver.MockWebServer$3 execute
INFO: MockWebServer[37329] starting to accept connections
Jun 19, 2016 5:31:21 PM okhttp3.mockwebserver.MockWebServer$3 execute
INFO: MockWebServer[47940] starting to accept connections
Jun 19, 2016 5:31:21 PM okhttp3.mockwebserver.MockWebServer$4 processOneRequest
INFO: MockWebServer[47940] received request: GET / HTTP/1.1 and responded: HTTP/1.1 200 OK
Jun 19, 2016 5:31:21 PM okhttp3.mockwebserver.MockWebServer$4 processOneRequest
INFO: MockWebServer[47940] received request: GET / HTTP/1.1 and responded: HTTP/1.1 304 Redirection
Jun 19, 2016 5:31:21 PM okhttp3.mockwebserver.MockWebServer$3 acceptConnections
INFO: MockWebServer[47940] done accepting connections: Socket closed
Jun 19, 2016 5:31:21 PM okhttp3.mockwebserver.MockWebServer$3 acceptConnections
INFO: MockWebServer[37329] done accepting connections: Socket closed
Jun 19, 2016 5:31:21 PM okhttp3.mockwebserver.MockWebServer$3 execute
INFO: MockWebServer[55866] starting to accept connections
Jun 19, 2016 5:31:21 PM okhttp3.mockwebserver.MockWebServer$3 execute
INFO: MockWebServer[37395] starting to accept connections
Jun 19, 2016 5:31:21 PM okhttp3.mockwebserver.MockWebServer$4 processOneRequest
INFO: MockWebServer[37395] received request: GET / HTTP/1.1 and responded: HTTP/1.1 200 OK
Jun 19, 2016 5:31:21 PM okhttp3.mockwebserver.MockWebServer$4 processOneRequest
INFO: MockWebServer[37395] received request: GET / HTTP/1.1 and responded: HTTP/1.1 200 OK
Jun 19, 2016 5:31:21 PM okhttp3.mockwebserver.MockWebServer$3 acceptConnections
INFO: MockWebServer[37395] done accepting connections: Socket closed
Jun 19, 2016 5:31:21 PM okhttp3.mockwebserver.MockWebServer$3 acceptConnections
INFO: MockWebServer[55866] done accepting connections: Socket closed
Jun 19, 2016 5:31:21 PM okhttp3.mockwebserver.MockWebServer$3 execute
INFO: MockWebServer[44663] starting to accept connections
Jun 19, 2016 5:31:21 PM okhttp3.mockwebserver.MockWebServer$3 execute
INFO: MockWebServer[58639] starting to accept connections
Jun 19, 2016 5:31:21 PM okhttp3.mockwebserver.MockWebServer$4 processOneRequest
INFO: MockWebServer[44663] received request: GET / HTTP/1.1 and responded: HTTP/1.1 200 OK
Jun 19, 2016 5:31:21 PM okhttp3.mockwebserver.MockWebServer$4 processOneRequest
INFO: MockWebServer[44663] received request: GET / HTTP/1.1 and responded: HTTP/1.1 200 OK
Jun 19, 2016 5:31:21 PM okhttp3.mockwebserver.MockWebServer$3 acceptConnections
INFO: MockWebServer[44663] done accepting connections: Socket closed
Jun 19, 2016 5:31:21 PM okhttp3.mockwebserver.MockWebServer$3 acceptConnections
INFO: MockWebServer[58639] done accepting connections: Socket closed
Jun 19, 2016 5:31:21 PM okhttp3.mockwebserver.MockWebServer$3 execute
INFO: MockWebServer[57541] starting to accept connections
Jun 19, 2016 5:31:21 PM okhttp3.mockwebserver.MockWebServer$3 execute
INFO: MockWebServer[41805] starting to accept connections
Jun 19, 2016 5:31:21 PM okhttp3.mockwebserver.MockWebServer$4 processOneRequest
INFO: MockWebServer[41805] received request: GET / HTTP/1.1 and responded: HTTP/1.1 200 Fantastic
Jun 19, 2016 5:31:21 PM okhttp3.mockwebserver.MockWebServer$3 acceptConnections
INFO: MockWebServer[41805] done accepting connections: Socket closed
Jun 19, 2016 5:31:21 PM okhttp3.mockwebserver.MockWebServer$4 processConnection
WARNING: MockWebServer[41805] connection from /127.0.0.1 didn't make a request
Jun 19, 2016 5:31:21 PM okhttp3.mockwebserver.MockWebServer$3 acceptConnections
INFO: MockWebServer[57541] done accepting connections: Socket closed
Tests run: 109, Failures: 0, Errors: 1, Skipped: 0, Time elapsed: 8.318 sec <<< FAILURE! - in okhttp3.UrlConnectionCacheTest
responseCachingByResponseCode(okhttp3.UrlConnectionCacheTest)  Time elapsed: 0.035 sec  <<< ERROR!
java.net.ProtocolException: HTTP 204 had non-zero Content-Length: 5
	at okhttp3.internal.http.HttpEngine$NetworkInterceptorChain.proceed(HttpEngine.java:764)
	at okhttp3.internal.huc.HttpURLConnectionImpl$NetworkInterceptor.intercept(HttpURLConnectionImpl.java:597)
	at okhttp3.internal.http.HttpEngine$NetworkInterceptorChain.proceed(HttpEngine.java:733)
	at okhttp3.internal.http.HttpEngine.readResponse(HttpEngine.java:612)
	at okhttp3.RealCall.getResponse(RealCall.java:238)
	at okhttp3.RealCall$ApplicationInterceptorChain.proceed(RealCall.java:195)
	at okhttp3.RealCall.getResponseWithInterceptorChain(RealCall.java:157)
	at okhttp3.RealCall.execute(RealCall.java:59)
	at okhttp3.internal.huc.HttpURLConnectionImpl.getResponse(HttpURLConnectionImpl.java:421)
	at okhttp3.internal.huc.HttpURLConnectionImpl.getResponseCode(HttpURLConnectionImpl.java:455)
	at okhttp3.UrlConnectionCacheTest.assertCached(UrlConnectionCacheTest.java:194)
	at okhttp3.UrlConnectionCacheTest.responseCachingByResponseCode(UrlConnectionCacheTest.java:121)

Uninstalled aggressive uncaught exception handler

Results :

Failed tests: 
  OkUrlFactoryTest.testURLFilterRedirect:209 Connection was successful

Tests in error: 
  UrlConnectionCacheTest.responseCachingByResponseCode:121->assertCached:194 » Protocol

Tests run: 121, Failures: 1, Errors: 1, Skipped: 2

[INFO] ------------------------------------------------------------------------
[INFO] Reactor Summary:
[INFO] 
[INFO] OkHttp (Parent) .................................... SUCCESS [  1.432 s]
[INFO] OkHttp ............................................. SUCCESS [  5.918 s]
[INFO] OkHttp test support classes ........................ SUCCESS [  0.547 s]
[INFO] OkHttp Web Sockets ................................. SUCCESS [  0.602 s]
[INFO] MockWebServer ...................................... SUCCESS [  8.034 s]
[INFO] OkHttp URLConnection ............................... FAILURE [ 10.894 s]
[INFO] OkHttp Tests ....................................... SKIPPED
[INFO] OkHttp Android Platform Support .................... SKIPPED
[INFO] OkHttp Apache HttpClient ........................... SKIPPED
[INFO] OkHttp Web Socket Tests ............................ SKIPPED
[INFO] OkHttp Logging Interceptor ......................... SKIPPED
[INFO] OkCurl ............................................. SKIPPED
[INFO] Samples (Parent) ................................... SKIPPED
[INFO] Sample: Guide ...................................... SKIPPED
[INFO] Sample: Crawler .................................... SKIPPED
[INFO] Sample: Simple Client .............................. SKIPPED
[INFO] Sample: Static Server .............................. SKIPPED
[INFO] Benchmarks ......................................... SKIPPED
[INFO] ------------------------------------------------------------------------
[INFO] BUILD FAILURE
[INFO] ------------------------------------------------------------------------
[INFO] Total time: 27.898 s
[INFO] Finished at: 2016-06-19T17:31:21+00:00
[INFO] Final Memory: 22M/442M
[INFO] ------------------------------------------------------------------------
[ERROR] Failed to execute goal org.apache.maven.plugins:maven-surefire-plugin:2.17:test (default-test) on project okhttp-urlconnection: There are test failures.
[ERROR] 
[ERROR] Please refer to /home/travis/build/square/okhttp/okhttp-urlconnection/target/surefire-reports for the individual test results.
[ERROR] -> [Help 1]
[ERROR] 
[ERROR] To see the full stack trace of the errors, re-run Maven with the -e switch.
[ERROR] Re-run Maven using the -X switch to enable full debug logging.
[ERROR] 
[ERROR] For more information about the errors and possible solutions, please read the following articles:
[ERROR] [Help 1] http://cwiki.apache.org/confluence/display/MAVEN/MojoFailureException
[ERROR] 
[ERROR] After correcting the problems, you can resume the build with the command
[ERROR]   mvn <goals> -rf :okhttp-urlconnection

travis_time:end:01da91c2:start=1466357452294589190,finish=1466357482247908489,duration=29953319299[0K
[31;1mThe command "mvn test -B" exited with 1.[0m
travis_fold:start:cache.2[0Kstore build cache
travis_time:start:0c802aee[0K
travis_time:end:0c802aee:start=1466357482252073115,finish=1466357482255339234,duration=3266119[0Ktravis_time:start:06d9d078[0K[32;1mchange detected (content changed, file is created, or file is deleted):
/home/travis/.m2/repository/com/squareup/okhttp3/benchmarks/3.4.0-SNAPSHOT/benchmarks-3.4.0-SNAPSHOT.jar
/home/travis/.m2/repository/com/squareup/okhttp3/benchmarks/3.4.0-SNAPSHOT/maven-metadata-local.xml
/home/travis/.m2/repository/com/squareup/okhttp3/benchmarks/3.4.0-SNAPSHOT/_remote.repositories
/home/travis/.m2/repository/com/squareup/okhttp3/benchmarks/maven-metadata-local.xml
/home/travis/.m2/repository/com/squareup/okhttp3/logging-interceptor/3.4.0-SNAPSHOT/logging-interceptor-3.4.0-SNAPSHOT.jar
/home/travis/.m2/repository/com/squareup/okhttp3/logging-interceptor/3.4.0-SNAPSHOT/maven-metadata-local.xml
/home/travis/.m2/repository/com/squareup/okhttp3/logging-interceptor/3.4.0-SNAPSHOT/_remote.repositories
/home/travis/.m2/repository/com/squareup/okhttp3/logging-interceptor/maven-metadata-local.xml
/home/travis/.m2/repository/com/squareup/okhttp3/mockwebserver/3.4.0-SNAPSHOT/maven-metadata-local.xml
/home/travis/.m2/repository/com/squareup/okhttp3/mockwebserver/3.4.0-SNAPSHOT/moc
[0m
[32;1m...
[0m
[32;1mchanges detected, packing new archive[0m
.
[32;1muploading archive[0m

travis_time:end:06d9d078:start=1466357482259024889,finish=1466357499392528715,duration=17133503826[0Ktravis_fold:end:cache.2[0K
Done. Your build exited with 1.
