travis_fold:start:worker_info[0K[33;1mWorker information[0m
hostname: b5215db0-056d-4ba0-bc4c-b1dc8e079e06@1.i-03dd51b-production-2-worker-org-ec2.travisci.net
version: v3.6.0 https://github.com/travis-ci/worker/tree/170b2a0bb43234479fd1911ba9e4dbcc36dadfad
instance: 47e2494 travisci/ci-garnet:packer-1512502276-986baf0 (via amqp)
startup: 480.159821ms
travis_fold:end:worker_info[0Ktravis_fold:start:system_info[0K[33;1mBuild system information[0m
Build language: java
Build group: stable
Build dist: trusty
Build id: 383768198
Job id: 383768199
Runtime kernel version: 4.14.12-041412-generic
travis-build version: d3560bcda
[34m[1mBuild image provisioning date and time[0m
Tue Dec  5 20:11:19 UTC 2017
[34m[1mOperating System Details[0m
Distributor ID:	Ubuntu
Description:	Ubuntu 14.04.5 LTS
Release:	14.04
Codename:	trusty
[34m[1mCookbooks Version[0m
7c2c6a6 https://github.com/travis-ci/travis-cookbooks/tree/7c2c6a6
[34m[1mgit version[0m
git version 2.15.1
[34m[1mbash version[0m
GNU bash, version 4.3.11(1)-release (x86_64-pc-linux-gnu)
[34m[1mgcc version[0m
gcc (Ubuntu 4.8.4-2ubuntu1~14.04.3) 4.8.4
Copyright (C) 2013 Free Software Foundation, Inc.
This is free software; see the source for copying conditions.  There is NO
warranty; not even for MERCHANTABILITY or FITNESS FOR A PARTICULAR PURPOSE.

[34m[1mdocker version[0m
Client:
 Version:      17.09.0-ce
 API version:  1.32
 Go version:   go1.8.3
 Git commit:   afdb6d4
 Built:        Tue Sep 26 22:39:28 2017
 OS/Arch:      linux/amd64
[34m[1mclang version[0m
clang version 5.0.0 (tags/RELEASE_500/final)
Target: x86_64-unknown-linux-gnu
Thread model: posix
InstalledDir: /usr/local/clang-5.0.0/bin
[34m[1mjq version[0m
jq-1.5
[34m[1mbats version[0m
Bats 0.4.0
[34m[1mshellcheck version[0m
0.4.6
[34m[1mshfmt version[0m
v2.0.0
[34m[1mccache version[0m
ccache version 3.1.9

Copyright (C) 2002-2007 Andrew Tridgell
Copyright (C) 2009-2011 Joel Rosdahl

This program is free software; you can redistribute it and/or modify it under
the terms of the GNU General Public License as published by the Free Software
Foundation; either version 3 of the License, or (at your option) any later
version.
[34m[1mcmake version[0m
cmake version 3.9.2

CMake suite maintained and supported by Kitware (kitware.com/cmake).
[34m[1mheroku version[0m
heroku-cli/6.14.39-addc925 (linux-x64) node-v9.2.0
[34m[1mimagemagick version[0m
Version: ImageMagick 6.7.7-10 2017-07-31 Q16 http://www.imagemagick.org
[34m[1mmd5deep version[0m
4.2
[34m[1mmercurial version[0m
Mercurial Distributed SCM (version 4.2.2)
(see https://mercurial-scm.org for more information)

Copyright (C) 2005-2017 Matt Mackall and others
This is free software; see the source for copying conditions. There is NO
warranty; not even for MERCHANTABILITY or FITNESS FOR A PARTICULAR PURPOSE.
[34m[1mmysql version[0m
mysql  Ver 14.14 Distrib 5.6.33, for debian-linux-gnu (x86_64) using  EditLine wrapper
[34m[1mopenssl version[0m
OpenSSL 1.0.1f 6 Jan 2014
[34m[1mpacker version[0m
Packer v1.0.2

Your version of Packer is out of date! The latest version
is 1.1.2. You can update by downloading from www.packer.io
[34m[1mpostgresql client version[0m
psql (PostgreSQL) 9.6.6
[34m[1mragel version[0m
Ragel State Machine Compiler version 6.8 Feb 2013
Copyright (c) 2001-2009 by Adrian Thurston
[34m[1msubversion version[0m
svn, version 1.8.8 (r1568071)
   compiled Aug 10 2017, 17:20:39 on x86_64-pc-linux-gnu

Copyright (C) 2013 The Apache Software Foundation.
This software consists of contributions made by many people;
see the NOTICE file for more information.
Subversion is open source software, see http://subversion.apache.org/

The following repository access (RA) modules are available:

* ra_svn : Module for accessing a repository using the svn network protocol.
  - with Cyrus SASL authentication
  - handles 'svn' scheme
* ra_local : Module for accessing a repository on local disk.
  - handles 'file' scheme
* ra_serf : Module for accessing a repository via WebDAV protocol using serf.
  - using serf 1.3.3
  - handles 'http' scheme
  - handles 'https' scheme

[34m[1msudo version[0m
Sudo version 1.8.9p5
Configure options: --prefix=/usr -v --with-all-insults --with-pam --with-fqdn --with-logging=syslog --with-logfac=authpriv --with-env-editor --with-editor=/usr/bin/editor --with-timeout=15 --with-password-timeout=0 --with-passprompt=[sudo] password for %p:  --without-lecture --with-tty-tickets --disable-root-mailer --enable-admin-flag --with-sendmail=/usr/sbin/sendmail --with-timedir=/var/lib/sudo --mandir=/usr/share/man --libexecdir=/usr/lib/sudo --with-sssd --with-sssd-lib=/usr/lib/x86_64-linux-gnu --with-selinux
Sudoers policy plugin version 1.8.9p5
Sudoers file grammar version 43

Sudoers path: /etc/sudoers
Authentication methods: 'pam'
Syslog facility if syslog is being used for logging: authpriv
Syslog priority to use when user authenticates successfully: notice
Syslog priority to use when user authenticates unsuccessfully: alert
Send mail if the user is not in sudoers
Use a separate timestamp for each user/tty combo
Lecture user the first time they run sudo
Root may run sudo
Allow some information gathering to give useful error messages
Require fully-qualified hostnames in the sudoers file
Visudo will honor the EDITOR environment variable
Set the LOGNAME and USER environment variables
Length at which to wrap log file lines (0 for no wrap): 80
Authentication timestamp timeout: 15.0 minutes
Password prompt timeout: 0.0 minutes
Number of tries to enter a password: 3
Umask to use or 0777 to use user's: 022
Path to mail program: /usr/sbin/sendmail
Flags for mail program: -t
Address to send mail to: root
Subject line for mail messages: *** SECURITY information for %h ***
Incorrect password message: Sorry, try again.
Path to authentication timestamp dir: /var/lib/sudo
Default password prompt: [sudo] password for %p: 
Default user to run commands as: root
Value to override user's $PATH with: /usr/local/sbin:/usr/local/bin:/usr/sbin:/usr/bin:/sbin:/bin:/snap/bin
Path to the editor for use by visudo: /usr/bin/editor
When to require a password for 'list' pseudocommand: any
When to require a password for 'verify' pseudocommand: all
File descriptors >= 3 will be closed before executing a command
Environment variables to check for sanity:
	TZ
	TERM
	LINGUAS
	LC_*
	LANGUAGE
	LANG
	COLORTERM
Environment variables to remove:
	RUBYOPT
	RUBYLIB
	PYTHONUSERBASE
	PYTHONINSPECT
	PYTHONPATH
	PYTHONHOME
	TMPPREFIX
	ZDOTDIR
	READNULLCMD
	NULLCMD
	FPATH
	PERL5DB
	PERL5OPT
	PERL5LIB
	PERLLIB
	PERLIO_DEBUG 
	JAVA_TOOL_OPTIONS
	SHELLOPTS
	GLOBIGNORE
	PS4
	BASH_ENV
	ENV
	TERMCAP
	TERMPATH
	TERMINFO_DIRS
	TERMINFO
	_RLD*
	LD_*
	PATH_LOCALE
	NLSPATH
	HOSTALIASES
	RES_OPTIONS
	LOCALDOMAIN
	CDPATH
	IFS
Environment variables to preserve:
	JAVA_HOME
	TRAVIS
	CI
	DEBIAN_FRONTEND
	XAUTHORIZATION
	XAUTHORITY
	PS2
	PS1
	PATH
	LS_COLORS
	KRB5CCNAME
	HOSTNAME
	HOME
	DISPLAY
	COLORS
Locale to use while parsing sudoers: C
Directory in which to store input/output logs: /var/log/sudo-io
File in which to store the input/output log: %{seq}
Add an entry to the utmp/utmpx file when allocating a pty
PAM service name to use
PAM service name to use for login shells
Create a new PAM session for the command to run in
Maximum I/O log sequence number: 0

Local IP address and netmask pairs:
	172.17.0.2/255.255.0.0

Sudoers I/O plugin version 1.8.9p5
[34m[1mgzip version[0m
gzip 1.6
Copyright (C) 2007, 2010, 2011 Free Software Foundation, Inc.
Copyright (C) 1993 Jean-loup Gailly.
This is free software.  You may redistribute copies of it under the terms of
the GNU General Public License <http://www.gnu.org/licenses/gpl.html>.
There is NO WARRANTY, to the extent permitted by law.

Written by Jean-loup Gailly.
[34m[1mzip version[0m
Copyright (c) 1990-2008 Info-ZIP - Type 'zip "-L"' for software license.
This is Zip 3.0 (July 5th 2008), by Info-ZIP.
Currently maintained by E. Gordon.  Please send bug reports to
the authors using the web page at www.info-zip.org; see README for details.

Latest sources and executables are at ftp://ftp.info-zip.org/pub/infozip,
as of above date; see http://www.info-zip.org/ for other sites.

Compiled with gcc 4.8.2 for Unix (Linux ELF) on Oct 21 2013.

Zip special compilation options:
	USE_EF_UT_TIME       (store Universal Time)
	BZIP2_SUPPORT        (bzip2 library version 1.0.6, 6-Sept-2010)
	    bzip2 code and library copyright (c) Julian R Seward
	    (See the bzip2 license for terms of use)
	SYMLINK_SUPPORT      (symbolic links supported)
	LARGE_FILE_SUPPORT   (can read and write large files on file system)
	ZIP64_SUPPORT        (use Zip64 to store large files in archives)
	UNICODE_SUPPORT      (store and read UTF-8 Unicode paths)
	STORE_UNIX_UIDs_GIDs (store UID/GID sizes/values using new extra field)
	UIDGID_NOT_16BIT     (old Unix 16-bit UID/GID extra field not used)
	[encryption, version 2.91 of 05 Jan 2007] (modified for Zip 3)

Encryption notice:
	The encryption code of this program is not copyrighted and is
	put in the public domain.  It was originally written in Europe
	and, to the best of our knowledge, can be freely distributed
	in both source and object forms from any country, including
	the USA under License Exception TSU of the U.S. Export
	Administration Regulations (section 740.13(e)) of 6 June 2002.

Zip environment options:
             ZIP:  [none]
          ZIPOPT:  [none]
[34m[1mvim version[0m
VIM - Vi IMproved 7.4 (2013 Aug 10, compiled Nov 24 2016 16:43:18)
Included patches: 1-52
Extra patches: 8.0.0056
Modified by pkg-vim-maintainers@lists.alioth.debian.org
Compiled by buildd@
Huge version without GUI.  Features included (+) or not (-):
+acl             +farsi           +mouse_netterm   +syntax
+arabic          +file_in_path    +mouse_sgr       +tag_binary
+autocmd         +find_in_path    -mouse_sysmouse  +tag_old_static
-balloon_eval    +float           +mouse_urxvt     -tag_any_white
-browse          +folding         +mouse_xterm     -tcl
++builtin_terms  -footer          +multi_byte      +terminfo
+byte_offset     +fork()          +multi_lang      +termresponse
+cindent         +gettext         -mzscheme        +textobjects
-clientserver    -hangul_input    +netbeans_intg   +title
-clipboard       +iconv           +path_extra      -toolbar
+cmdline_compl   +insert_expand   -perl            +user_commands
+cmdline_hist    +jumplist        +persistent_undo +vertsplit
+cmdline_info    +keymap          +postscript      +virtualedit
+comments        +langmap         +printer         +visual
+conceal         +libcall         +profile         +visualextra
+cryptv          +linebreak       +python          +viminfo
+cscope          +lispindent      -python3         +vreplace
+cursorbind      +listcmds        +quickfix        +wildignore
+cursorshape     +localmap        +reltime         +wildmenu
+dialog_con      -lua             +rightleft       +windows
+diff            +menu            -ruby            +writebackup
+digraphs        +mksession       +scrollbind      -X11
-dnd             +modify_fname    +signs           -xfontset
-ebcdic          +mouse           +smartindent     -xim
+emacs_tags      -mouseshape      -sniff           -xsmp
+eval            +mouse_dec       +startuptime     -xterm_clipboard
+ex_extra        +mouse_gpm       +statusline      -xterm_save
+extra_search    -mouse_jsbterm   -sun_workshop    -xpm
   system vimrc file: "$VIM/vimrc"
     user vimrc file: "$HOME/.vimrc"
 2nd user vimrc file: "~/.vim/vimrc"
      user exrc file: "$HOME/.exrc"
  fall-back for $VIM: "/usr/share/vim"
Compilation: gcc -c -I. -Iproto -DHAVE_CONFIG_H     -g -O2 -fstack-protector --param=ssp-buffer-size=4 -Wformat -Werror=format-security -U_FORTIFY_SOURCE -D_FORTIFY_SOURCE=1      
Linking: gcc   -Wl,-Bsymbolic-functions -Wl,-z,relro -Wl,--as-needed -o vim        -lm -ltinfo -lnsl  -lselinux  -lacl -lattr -lgpm -ldl    -L/usr/lib/python2.7/config-x86_64-linux-gnu -lpython2.7 -lpthread -ldl -lutil -lm -Xlinker -export-dynamic -Wl,-O1 -Wl,-Bsymbolic-functions      
[34m[1miptables version[0m
iptables v1.4.21
[34m[1mcurl version[0m
curl 7.35.0 (x86_64-pc-linux-gnu) libcurl/7.35.0 OpenSSL/1.0.1f zlib/1.2.8 libidn/1.28 librtmp/2.3
[34m[1mwget version[0m
GNU Wget 1.15 built on linux-gnu.
[34m[1mrsync version[0m
rsync  version 3.1.0  protocol version 31
[34m[1mgimme version[0m
v1.2.0
[34m[1mnvm version[0m
0.33.6
[34m[1mperlbrew version[0m
/home/travis/perl5/perlbrew/bin/perlbrew  - App::perlbrew/0.80
[34m[1mphpenv version[0m
rbenv 1.1.1-25-g6aa70b6
[34m[1mrvm version[0m
rvm 1.29.3 (latest) by Michal Papis, Piotr Kuczynski, Wayne E. Seguin [https://rvm.io]
[34m[1mdefault ruby version[0m
ruby 2.4.1p111 (2017-03-22 revision 58053) [x86_64-linux]
[34m[1mCouchDB version[0m
couchdb 1.6.1
[34m[1mElasticSearch version[0m
5.5.0
[34m[1mInstalled Firefox version[0m
firefox 56.0.2
[34m[1mMongoDB version[0m
MongoDB 3.4.10
[34m[1mPhantomJS version[0m
2.1.1
[34m[1mPre-installed PostgreSQL versions[0m
9.2.24
9.3.20
9.4.15
9.5.10
9.6.6
[34m[1mRabbitMQ Version[0m
3.6.14
[34m[1mRedis version[0m
redis-server 4.0.6
[34m[1mriak version[0m
2.2.3
[34m[1mPre-installed Go versions[0m
1.7.4
[34m[1mant version[0m
Apache Ant(TM) version 1.9.3 compiled on April 8 2014
[34m[1mmvn version[0m
Apache Maven 3.5.2 (138edd61fd100ec658bfa2d307c43b76940a5d7d; 2017-10-18T07:58:13Z)
Maven home: /usr/local/maven-3.5.2
Java version: 1.8.0_151, vendor: Oracle Corporation
Java home: /usr/lib/jvm/java-8-oracle/jre
Default locale: en_US, platform encoding: UTF-8
OS name: "linux", version: "4.4.0-101-generic", arch: "amd64", family: "unix"
[34m[1mgradle version[0m

------------------------------------------------------------
Gradle 4.0.1
------------------------------------------------------------

Build time:   2017-07-07 14:02:41 UTC
Revision:     38e5dc0f772daecca1d2681885d3d85414eb6826

Groovy:       2.4.11
Ant:          Apache Ant(TM) version 1.9.6 compiled on June 29 2015
JVM:          1.8.0_151 (Oracle Corporation 25.151-b12)
OS:           Linux 4.4.0-101-generic amd64

[34m[1mlein version[0m
Leiningen 2.8.1 on Java 1.8.0_151 Java HotSpot(TM) 64-Bit Server VM
[34m[1mPre-installed Node.js versions[0m
v4.8.6
v6.12.0
v6.12.1
v8.9
v8.9.1
[34m[1mphpenv versions[0m
  system
  5.6
* 5.6.32 (set by /home/travis/.phpenv/version)
  7.0
  7.0.25
  7.1
  7.1.11
  hhvm
  hhvm-stable
[34m[1mcomposer --version[0m
Composer version 1.5.2 2017-09-11 16:59:25
[34m[1mPre-installed Ruby versions[0m
ruby-2.2.7
ruby-2.3.4
ruby-2.4.1
travis_fold:end:system_info[0K
[32;1mNetwork availability confirmed.[0m

[33;1mRunning apt-get update by default has been disabled.[0m
You can opt into running apt-get update by setting this in your .travis.yml file:

  addons:
    apt:
      update: true

travis_fold:start:git.checkout[0Ktravis_time:start:31176782[0K$ git clone --depth=50 https://github.com/SonarSource/sonar-java.git SonarSource/sonar-java
Cloning into 'SonarSource/sonar-java'...

travis_time:end:31176782:start=1527263706323961228,finish=1527263709680830109,duration=3356868881[0K$ cd SonarSource/sonar-java
travis_time:start:12543568[0K$ git fetch origin +refs/pull/2044/merge:
From https://github.com/SonarSource/sonar-java
 * branch            refs/pull/2044/merge -> FETCH_HEAD

travis_time:end:12543568:start=1527263709688212351,finish=1527263710423579702,duration=735367351[0K$ git checkout -qf FETCH_HEAD
travis_fold:end:git.checkout[0K
[33;1mSetting environment variables from repository settings[0m
$ export SONAR_TOKEN=[secure]
$ export ARTIFACTORY_URL=[secure]
$ export ARTIFACTORY_DEPLOY_REPO=[secure]
$ export ARTIFACTORY_DEPLOY_USERNAME=[secure]
$ export ARTIFACTORY_DEPLOY_PASSWORD=[secure]
$ export SONAR_HOST_URL=[secure]
$ export SONAR_HOST_URL_EXTERNAL_PR=[secure]
$ export SONAR_TOKEN_EXTERNAL_PR=434e38bb4823783255c52420358ed86a69876b10
$ export GITHUB_TOKEN=[secure]
$ export GITHUB_TOKEN_EXTERNAL_PR=75b16ddbff9c2d3709f9785c851d3d716ca5d7c1

[33;1mSetting environment variables from .travis.yml[0m
$ export TEST=CI

$ export PATH=$JAVA_HOME/bin:$PATH
travis_fold:start:cache.1[0KSetting up build cache
$ export CASHER_DIR=$HOME/.casher
travis_time:start:0736db59[0K$ Installing caching utilities

travis_time:end:0736db59:start=1527263729240478479,finish=1527263729270920889,duration=30442410[0Ktravis_time:start:01f90828[0K
travis_time:end:01f90828:start=1527263729278784016,finish=1527263729285544752,duration=6760736[0Ktravis_time:start:08ede719[0K[32;1mattempting to download cache archive[0m
[32;1mfetching PR.2044/cache-linux-trusty-c5100096ad4d3e5bb5093063909496ce91cb1b4edd9ff3a50bbcd2f773aa8b49.tgz[0m
[32;1mfetching master/cache-linux-trusty-c5100096ad4d3e5bb5093063909496ce91cb1b4edd9ff3a50bbcd2f773aa8b49.tgz[0m
[32;1mfound cache[0m

travis_time:end:08ede719:start=1527263729294547549,finish=1527263754071768588,duration=24777221039[0Ktravis_time:start:06f4d133[0K
travis_time:end:06f4d133:start=1527263754079099007,finish=1527263754085399837,duration=6300830[0Ktravis_time:start:16b6a114[0K[32;1madding /home/travis/.m2/repository to cache[0m
[32;1mcreating directory /home/travis/.m2/repository[0m
[32;1madding /home/travis/.sonar to cache[0m
[32;1mcreating directory /home/travis/.sonar[0m
[32;1madding /home/travis/jvm to cache[0m
[32;1mcreating directory /home/travis/jvm[0m
[32;1madding /home/travis/maven to cache[0m
[32;1mcreating directory /home/travis/maven[0m

travis_time:end:16b6a114:start=1527263754094554870,finish=1527263779592580468,duration=25498025598[0Ktravis_fold:end:cache.1[0K$ java -Xmx32m -version
Picked up _JAVA_OPTIONS: -Xmx2048m -Xms512m
java version "1.8.0_151"
Java(TM) SE Runtime Environment (build 1.8.0_151-b12)
Java HotSpot(TM) 64-Bit Server VM (build 25.151-b12, mixed mode)
$ javac -J-Xmx32m -version
Picked up _JAVA_OPTIONS: -Xmx2048m -Xms512m
javac 1.8.0_151
travis_fold:start:install[0Ktravis_time:start:303d97ff[0K$ true

travis_time:end:303d97ff:start=1527263780397582219,finish=1527263780403097454,duration=5515235[0Ktravis_fold:end:install[0Ktravis_time:start:007a61bf[0K$ ./travis.sh
Copy public Maven settings
Setting .npmrc
Setup Maven 3.5.2
Maven 3.5.2 installed
From https://github.com/SonarSource/sonar-java
 * [new tag]             1.0          -> 1.0
 * [new tag]             1.0-M1       -> 1.0-M1
 * [new tag]             1.0-M2       -> 1.0-M2
 * [new tag]             1.0-M3       -> 1.0-M3
 * [new tag]             1.0-M4       -> 1.0-M4
 * [new tag]             1.0-M5       -> 1.0-M5
 * [new tag]             1.1          -> 1.1
 * [new tag]             1.2          -> 1.2
 * [new tag]             1.3          -> 1.3
 * [new tag]             1.4          -> 1.4
 * [new tag]             1.5          -> 1.5
 * [new tag]             1.5-RC1      -> 1.5-RC1
 * [new tag]             1.5-RC2      -> 1.5-RC2
 * [new tag]             2.0          -> 2.0
 * [new tag]             2.1          -> 2.1
 * [new tag]             2.1-M1       -> 2.1-M1
 * [new tag]             2.1-M2       -> 2.1-M2
 * [new tag]             2.1-M3       -> 2.1-M3
 * [new tag]             2.1-M4       -> 2.1-M4
 * [new tag]             2.1-M5       -> 2.1-M5
 * [new tag]             2.1-RC2      -> 2.1-RC2
 * [new tag]             2.1-RC3      -> 2.1-RC3
 * [new tag]             2.1-RC4      -> 2.1-RC4
 * [new tag]             2.2          -> 2.2
 * [new tag]             2.2-M1       -> 2.2-M1
 * [new tag]             2.2-RC1      -> 2.2-RC1
 * [new tag]             2.3          -> 2.3
 * [new tag]             2.4          -> 2.4
 * [new tag]             2.5          -> 2.5
 * [new tag]             2.5.1        -> 2.5.1
 * [new tag]             2.6          -> 2.6
 * [new tag]             2.7          -> 2.7
 * [new tag]             2.8          -> 2.8
 * [new tag]             2.9          -> 2.9
 * [new tag]             2.9.1        -> 2.9.1
 * [new tag]             3.0          -> 3.0
 * [new tag]             3.1          -> 3.1
 * [new tag]             3.10         -> 3.10
 * [new tag]             3.10-M1      -> 3.10-M1
 * [new tag]             3.10-M2      -> 3.10-M2
 * [new tag]             3.10-M3      -> 3.10-M3
 * [new tag]             3.10-M4      -> 3.10-M4
 * [new tag]             3.10-M5      -> 3.10-M5
 * [new tag]             3.10-M6      -> 3.10-M6
 * [new tag]             3.10-M7      -> 3.10-M7
 * [new tag]             3.10-M8      -> 3.10-M8
 * [new tag]             3.10-M9      -> 3.10-M9
 * [new tag]             3.10-RC1     -> 3.10-RC1
 * [new tag]             3.10-RC2     -> 3.10-RC2
 * [new tag]             3.11         -> 3.11
 * [new tag]             3.11-M1      -> 3.11-M1
 * [new tag]             3.11-M10     -> 3.11-M10
 * [new tag]             3.11-M11     -> 3.11-M11
 * [new tag]             3.11-M2      -> 3.11-M2
 * [new tag]             3.11-M3      -> 3.11-M3
 * [new tag]             3.11-M4      -> 3.11-M4
 * [new tag]             3.11-M5      -> 3.11-M5
 * [new tag]             3.11-M6      -> 3.11-M6
 * [new tag]             3.11-M7      -> 3.11-M7
 * [new tag]             3.11-M8      -> 3.11-M8
 * [new tag]             3.11-M9      -> 3.11-M9
 * [new tag]             3.11-RC1     -> 3.11-RC1
 * [new tag]             3.11-RC2     -> 3.11-RC2
 * [new tag]             3.12         -> 3.12
 * [new tag]             3.12-M1      -> 3.12-M1
 * [new tag]             3.12-M2      -> 3.12-M2
 * [new tag]             3.12-M3      -> 3.12-M3
 * [new tag]             3.12-M4      -> 3.12-M4
 * [new tag]             3.12-M5      -> 3.12-M5
 * [new tag]             3.12-M6      -> 3.12-M6
 * [new tag]             3.12-M7      -> 3.12-M7
 * [new tag]             3.12-M8      -> 3.12-M8
 * [new tag]             3.12-M9      -> 3.12-M9
 * [new tag]             3.12-RC1     -> 3.12-RC1
 * [new tag]             3.12-RC2     -> 3.12-RC2
 * [new tag]             3.13         -> 3.13
 * [new tag]             3.13-M1      -> 3.13-M1
 * [new tag]             3.13-M2      -> 3.13-M2
 * [new tag]             3.13-M3      -> 3.13-M3
 * [new tag]             3.13-M4      -> 3.13-M4
 * [new tag]             3.13-M5      -> 3.13-M5
 * [new tag]             3.13-M6      -> 3.13-M6
 * [new tag]             3.13-RC1     -> 3.13-RC1
 * [new tag]             3.14         -> 3.14
 * [new tag]             3.14-RC1     -> 3.14-RC1
 * [new tag]             3.14-RC2     -> 3.14-RC2
 * [new tag]             3.2          -> 3.2
 * [new tag]             3.3          -> 3.3
 * [new tag]             3.3-M1       -> 3.3-M1
 * [new tag]             3.3-M2       -> 3.3-M2
 * [new tag]             3.3-M3       -> 3.3-M3
 * [new tag]             3.4          -> 3.4
 * [new tag]             3.4-M1       -> 3.4-M1
 * [new tag]             3.4-M2       -> 3.4-M2
 * [new tag]             3.4-M3       -> 3.4-M3
 * [new tag]             3.4-M4       -> 3.4-M4
 * [new tag]             3.4-M5       -> 3.4-M5
 * [new tag]             3.4-M6       -> 3.4-M6
 * [new tag]             3.4-M7       -> 3.4-M7
 * [new tag]             3.5          -> 3.5
 * [new tag]             3.5-M1       -> 3.5-M1
 * [new tag]             3.5-M2       -> 3.5-M2
 * [new tag]             3.5-M3       -> 3.5-M3
 * [new tag]             3.5-M4       -> 3.5-M4
 * [new tag]             3.5-M5       -> 3.5-M5
 * [new tag]             3.5-RC1      -> 3.5-RC1
 * [new tag]             3.5-VOTE     -> 3.5-VOTE
 * [new tag]             3.6          -> 3.6
 * [new tag]             3.6-M2       -> 3.6-M2
 * [new tag]             3.6-M3       -> 3.6-M3
 * [new tag]             3.6-M4       -> 3.6-M4
 * [new tag]             3.6-M5       -> 3.6-M5
 * [new tag]             3.6-M6       -> 3.6-M6
 * [new tag]             3.6-M7       -> 3.6-M7
 * [new tag]             3.6-RC1      -> 3.6-RC1
 * [new tag]             3.6-RC2      -> 3.6-RC2
 * [new tag]             3.7          -> 3.7
 * [new tag]             3.7-M1       -> 3.7-M1
 * [new tag]             3.7-M2       -> 3.7-M2
 * [new tag]             3.7-RC1      -> 3.7-RC1
 * [new tag]             3.8          -> 3.8
 * [new tag]             3.8-M1       -> 3.8-M1
 * [new tag]             3.8-M2       -> 3.8-M2
 * [new tag]             3.8-M3       -> 3.8-M3
 * [new tag]             3.8-M4       -> 3.8-M4
 * [new tag]             3.8-M5       -> 3.8-M5
 * [new tag]             3.8-M6       -> 3.8-M6
 * [new tag]             3.8-M7       -> 3.8-M7
 * [new tag]             3.8-M8       -> 3.8-M8
 * [new tag]             3.8-RC1      -> 3.8-RC1
 * [new tag]             3.8-RC2      -> 3.8-RC2
 * [new tag]             3.8-RC3      -> 3.8-RC3
 * [new tag]             3.9          -> 3.9
 * [new tag]             3.9-M1       -> 3.9-M1
 * [new tag]             3.9-M2       -> 3.9-M2
 * [new tag]             3.9-M3       -> 3.9-M3
 * [new tag]             3.9-M4       -> 3.9-M4
 * [new tag]             3.9-M5       -> 3.9-M5
 * [new tag]             3.9-M6       -> 3.9-M6
 * [new tag]             3.9-M7       -> 3.9-M7
 * [new tag]             3.9-M8       -> 3.9-M8
 * [new tag]             3.9-RC1      -> 3.9-RC1
 * [new tag]             3.9-RC2      -> 3.9-RC2
 * [new tag]             4.0          -> 4.0
 * [new tag]             4.0-RC1      -> 4.0-RC1
 * [new tag]             4.0-RC2      -> 4.0-RC2
 * [new tag]             4.1-RC1      -> 4.1-RC1
 * [new tag]             4.1-RC2      -> 4.1-RC2
 * [new tag]             4.10-RC1     -> 4.10-RC1
 * [new tag]             4.10.0.10260 -> 4.10.0.10260
 * [new tag]             4.11-RC1     -> 4.11-RC1
 * [new tag]             4.11-RC2     -> 4.11-RC2
 * [new tag]             4.11-RC3     -> 4.11-RC3
 * [new tag]             4.11.0.10660 -> 4.11.0.10660
 * [new tag]             4.12-RC1     -> 4.12-RC1
 * [new tag]             4.12.0.11033 -> 4.12.0.11033
 * [new tag]             4.13-RC1     -> 4.13-RC1
 * [new tag]             4.13.0.11627 -> 4.13.0.11627
 * [new tag]             4.14-RC1     -> 4.14-RC1
 * [new tag]             4.14-RC2     -> 4.14-RC2
 * [new tag]             4.14-RC3     -> 4.14-RC3
 * [new tag]             4.14.0.11784 -> 4.14.0.11784
 * [new tag]             4.15-RC1     -> 4.15-RC1
 * [new tag]             4.15.0.12310 -> 4.15.0.12310
 * [new tag]             4.2-RC1      -> 4.2-RC1
 * [new tag]             4.2.1-RC1    -> 4.2.1-RC1
 * [new tag]             4.2.1-RC2    -> 4.2.1-RC2
 * [new tag]             4.2.1-RC3    -> 4.2.1-RC3
 * [new tag]             4.2.1.6971   -> 4.2.1.6971
 * [new tag]             4.3-RC1      -> 4.3-RC1
 * [new tag]             4.3-RC2      -> 4.3-RC2
 * [new tag]             4.3.0.7717   -> 4.3.0.7717
 * [new tag]             4.4-RC1      -> 4.4-RC1
 * [new tag]             4.4-RC2      -> 4.4-RC2
 * [new tag]             4.4-RCRC2    -> 4.4-RCRC2
 * [new tag]             4.4.0.8066   -> 4.4.0.8066
 * [new tag]             4.5-RC1      -> 4.5-RC1
 * [new tag]             4.5.0.8398   -> 4.5.0.8398
 * [new tag]             4.6-RC1      -> 4.6-RC1
 * [new tag]             4.6-RC2      -> 4.6-RC2
 * [new tag]             4.6.0.8784   -> 4.6.0.8784
 * [new tag]             4.7-RC1      -> 4.7-RC1
 * [new tag]             4.7-RC2      -> 4.7-RC2
 * [new tag]             4.7.0.9212   -> 4.7.0.9212
 * [new tag]             4.8-RC1      -> 4.8-RC1
 * [new tag]             4.8.0.9441   -> 4.8.0.9441
 * [new tag]             4.9-RC1      -> 4.9-RC1
 * [new tag]             4.9.0.9858   -> 4.9.0.9858
 * [new tag]             5.0-RC1      -> 5.0-RC1
 * [new tag]             5.0.0.12796  -> 5.0.0.12796
 * [new tag]             5.0.1.12818  -> 5.0.1.12818
 * [new tag]             5.1.0.13090  -> 5.1.0.13090
 * [new tag]             5.1.1.13214  -> 5.1.1.13214
 * [new tag]             5.2.0.13398  -> 5.2.0.13398
======= Build and analyze pull request
Picked up _JAVA_OPTIONS: -Xmx2048m -Xms512m
Replacing version 5.4.0-SNAPSHOT with 5.4.0.14238
Picked up _JAVA_OPTIONS: -Xmx2048m -Xms512m
[INFO] Error stacktraces are turned on.
[INFO] Scanning for projects...
[INFO] ------------------------------------------------------------------------
[INFO] Reactor Build Order:
[INFO] 
[INFO] SonarJava
[INFO] SonarQube Java :: Maven model generator
[INFO] SonarQube Java :: Front-end
[INFO] SonarQube Java :: Check Test tool kit
[INFO] SonarQube Java :: Checks
[INFO] SonarQube Java :: Surefire
[INFO] java-jacoco-previous
[INFO] SonarQube Java :: JaCoCo
[INFO] SonarQube Java :: Plugin
[INFO] SonarQube Java :: JaCoCo Listeners
[INFO] SonarQube Java :: ITs
[INFO] SonarQube Java :: ITs :: Performancing
[INFO] SonarQube Java :: ITs :: Plugin
[INFO] SonarQube Java :: ITs :: Plugin :: Plugins
[INFO] SonarQube Java :: ITS :: Plugin :: Java Extension Plugin
[INFO] SonarQube Java :: ITs :: Plugin :: Tests
[INFO] SonarQube Java :: ITs :: Ruling
[INFO] SonarQube Java :: ITs :: Semantic
[INFO] SonarQube Java :: ITS :: Semantic :: Java Debugging Plugin
[INFO] SonarQube Java :: ITs :: Semantic :: Tests
[INFO] 
[INFO] ------------------------------------------------------------------------
[INFO] Building SonarJava 5.4.0-SNAPSHOT
[INFO] ------------------------------------------------------------------------
[INFO] 
[INFO] --- versions-maven-plugin:2.2:set (default-cli) @ java ---
[INFO] Searching for local aggregator root...
[INFO] Local aggregation root: /home/travis/build/SonarSource/sonar-java
[INFO] Processing change of org.sonarsource.java:java:5.4.0-SNAPSHOT -> 5.4.0.14238
[INFO] Processing org.sonarsource.java:java
[INFO]     Updating project org.sonarsource.java:java
[INFO]         from version 5.4.0-SNAPSHOT to 5.4.0.14238
[INFO] 
[INFO] Processing org.sonarsource.java:java-checks-testkit
[INFO]     Updating parent org.sonarsource.java:java
[INFO]         from version 5.4.0-SNAPSHOT to 5.4.0.14238
[INFO] 
[INFO] Processing org.sonarsource.java:java-checks
[INFO]     Updating parent org.sonarsource.java:java
[INFO]         from version 5.4.0-SNAPSHOT to 5.4.0.14238
[INFO] 
[INFO] Processing org.sonarsource.java:java-frontend
[INFO]     Updating parent org.sonarsource.java:java
[INFO]         from version 5.4.0-SNAPSHOT to 5.4.0.14238
[INFO] 
[INFO] Processing org.sonarsource.java:java-its
[INFO]     Updating parent org.sonarsource.java:java
[INFO]         from version 5.4.0-SNAPSHOT to 5.4.0.14238
[INFO] 
[INFO] Processing org.sonarsource.java:java-jacoco-previous
[INFO]     Updating parent org.sonarsource.java:java
[INFO]         from version 5.4.0-SNAPSHOT to 5.4.0.14238
[INFO] 
[INFO] Processing org.sonarsource.java:java-jacoco
[INFO]     Updating parent org.sonarsource.java:java
[INFO]         from version 5.4.0-SNAPSHOT to 5.4.0.14238
[INFO] 
[INFO] Processing org.sonarsource.java:java-maven-model
[INFO]     Updating parent org.sonarsource.java:java
[INFO]         from version 5.4.0-SNAPSHOT to 5.4.0.14238
[INFO] 
[INFO] Processing org.sonarsource.java:java-surefire
[INFO]     Updating parent org.sonarsource.java:java
[INFO]         from version 5.4.0-SNAPSHOT to 5.4.0.14238
[INFO] 
[INFO] Processing org.sonarsource.java:sonar-jacoco-listeners
[INFO]     Updating parent org.sonarsource.java:java
[INFO]         from version 5.4.0-SNAPSHOT to 5.4.0.14238
[INFO] 
[INFO] Processing org.sonarsource.java:sonar-java-plugin
[INFO]     Updating parent org.sonarsource.java:java
[INFO]         from version 5.4.0-SNAPSHOT to 5.4.0.14238
[INFO] 
[INFO] Processing org.sonarsource.java:it-java-performancing
[INFO]     Updating parent org.sonarsource.java:java-its
[INFO]         from version 5.4.0-SNAPSHOT to 5.4.0.14238
[INFO] 
[INFO] Processing org.sonarsource.java:it-java-plugin
[INFO]     Updating parent org.sonarsource.java:java-its
[INFO]         from version 5.4.0-SNAPSHOT to 5.4.0.14238
[INFO] 
[INFO] Processing org.sonarsource.java:it-java-ruling
[INFO]     Updating parent org.sonarsource.java:java-its
[INFO]         from version 5.4.0-SNAPSHOT to 5.4.0.14238
[INFO] 
[INFO] Processing org.sonarsource.java:it-java-semantic
[INFO]     Updating parent org.sonarsource.java:java-its
[INFO]         from version 5.4.0-SNAPSHOT to 5.4.0.14238
[INFO] 
[INFO] Processing org.sonarsource.java:it-java-plugin-plugins
[INFO]     Updating parent org.sonarsource.java:it-java-plugin
[INFO]         from version 5.4.0-SNAPSHOT to 5.4.0.14238
[INFO] 
[INFO] Processing org.sonarsource.java:it-java-plugin-tests
[INFO]     Updating parent org.sonarsource.java:it-java-plugin
[INFO]         from version 5.4.0-SNAPSHOT to 5.4.0.14238
[INFO] 
[INFO] Processing org.sonarsource.java:it-java-semantic-tests
[INFO]     Updating parent org.sonarsource.java:it-java-semantic
[INFO]         from version 5.4.0-SNAPSHOT to 5.4.0.14238
[INFO] 
[INFO] Processing org.sonarsource.java:java-debugging-plugin
[INFO]     Updating parent org.sonarsource.java:it-java-semantic
[INFO]         from version 5.4.0-SNAPSHOT to 5.4.0.14238
[INFO] 
[INFO] Processing org.sonarsource.java:java-extension-plugin
[INFO]     Updating parent org.sonarsource.java:it-java-plugin-plugins
[INFO]         from version 5.4.0-SNAPSHOT to 5.4.0.14238
[INFO] 
[INFO] ------------------------------------------------------------------------
[INFO] Reactor Summary:
[INFO] 
[INFO] SonarJava .......................................... SUCCESS [  1.802 s]
[INFO] SonarQube Java :: Maven model generator ............ SKIPPED
[INFO] SonarQube Java :: Front-end ........................ SKIPPED
[INFO] SonarQube Java :: Check Test tool kit .............. SKIPPED
[INFO] SonarQube Java :: Checks ........................... SKIPPED
[INFO] SonarQube Java :: Surefire ......................... SKIPPED
[INFO] java-jacoco-previous ............................... SKIPPED
[INFO] SonarQube Java :: JaCoCo ........................... SKIPPED
[INFO] SonarQube Java :: Plugin ........................... SKIPPED
[INFO] SonarQube Java :: JaCoCo Listeners ................. SKIPPED
[INFO] SonarQube Java :: ITs .............................. SKIPPED
[INFO] SonarQube Java :: ITs :: Performancing ............. SKIPPED
[INFO] SonarQube Java :: ITs :: Plugin .................... SKIPPED
[INFO] SonarQube Java :: ITs :: Plugin :: Plugins ......... SKIPPED
[INFO] SonarQube Java :: ITS :: Plugin :: Java Extension Plugin SKIPPED
[INFO] SonarQube Java :: ITs :: Plugin :: Tests ........... SKIPPED
[INFO] SonarQube Java :: ITs :: Ruling .................... SKIPPED
[INFO] SonarQube Java :: ITs :: Semantic .................. SKIPPED
[INFO] SonarQube Java :: ITS :: Semantic :: Java Debugging Plugin SKIPPED
[INFO] SonarQube Java :: ITs :: Semantic :: Tests ......... SKIPPED
[INFO] ------------------------------------------------------------------------
[INFO] BUILD SUCCESS
[INFO] ------------------------------------------------------------------------
[INFO] Total time: 3.027 s
[INFO] Finished at: 2018-05-25T15:56:47Z
[INFO] Final Memory: 17M/619M
[INFO] ------------------------------------------------------------------------
======= with deploy
Picked up _JAVA_OPTIONS: -Xmx2048m -Xms512m
Apache Maven 3.5.2 (138edd61fd100ec658bfa2d307c43b76940a5d7d; 2017-10-18T07:58:13Z)
Maven home: /home/travis/maven/apache-maven-3.5.2
Java version: 1.8.0_151, vendor: Oracle Corporation
Java home: /usr/lib/jvm/java-8-oracle/jre
Default locale: en_US, platform encoding: UTF-8
OS name: "linux", version: "4.14.12-041412-generic", arch: "amd64", family: "unix"
[INFO] Error stacktraces are turned on.
[INFO] Scanning for projects...
[INFO] ------------------------------------------------------------------------
[INFO] Reactor Build Order:
[INFO] 
[INFO] SonarJava
[INFO] SonarQube Java :: Maven model generator
[INFO] SonarQube Java :: Front-end
[INFO] SonarQube Java :: Check Test tool kit
[INFO] SonarQube Java :: Checks
[INFO] SonarQube Java :: Surefire
[INFO] java-jacoco-previous
[INFO] SonarQube Java :: JaCoCo
[INFO] SonarQube Java :: Plugin
[INFO] SonarQube Java :: JaCoCo Listeners
[INFO] SonarQube Java :: ITs
[INFO] SonarQube Java :: ITs :: Performancing
[INFO] SonarQube Java :: ITs :: Plugin
[INFO] SonarQube Java :: ITs :: Plugin :: Plugins
[INFO] SonarQube Java :: ITS :: Plugin :: Java Extension Plugin
[INFO] SonarQube Java :: ITs :: Plugin :: Tests
[INFO] SonarQube Java :: ITs :: Ruling
[INFO] SonarQube Java :: ITs :: Semantic
[INFO] SonarQube Java :: ITS :: Semantic :: Java Debugging Plugin
[INFO] SonarQube Java :: ITs :: Semantic :: Tests
[INFO] Downloading from sonarsource: [secure]/sonarsource/org/codehaus/mojo/maven-metadata.xml
[INFO] Downloading from sonarsource: [secure]/sonarsource/org/apache/maven/plugins/maven-metadata.xml
[INFO] Downloaded from sonarsource: [secure]/sonarsource/org/codehaus/mojo/maven-metadata.xml (20 kB at 14 kB/s)
[INFO] Downloaded from sonarsource: [secure]/sonarsource/org/apache/maven/plugins/maven-metadata.xml (14 kB at 9.3 kB/s)
[INFO] Downloading from sonarsource: [secure]/sonarsource/org/codehaus/mojo/sonar-maven-plugin/maven-metadata.xml
[INFO] Downloaded from sonarsource: [secure]/sonarsource/org/codehaus/mojo/sonar-maven-plugin/maven-metadata.xml (976 B at 4.9 kB/s)
[INFO] 
[INFO] ------------------------------------------------------------------------
[INFO] Building SonarJava 5.4.0.14238
[INFO] ------------------------------------------------------------------------
[INFO] 
[INFO] --- jacoco-maven-plugin:0.8.1:prepare-agent (default-cli) @ java ---
[INFO] argLine set to -javaagent:/home/travis/.m2/repository/org/jacoco/org.jacoco.agent/0.8.1/org.jacoco.agent-0.8.1-runtime.jar=destfile=/home/travis/build/SonarSource/sonar-java/target/jacoco.exec,includes=org.sonar.* -Xmx512m
[INFO] 
[INFO] --- buildnumber-maven-plugin:1.4:create (default) @ java ---
[INFO] Executing: /bin/sh -c cd '/home/travis/build/SonarSource/sonar-java' && 'git' 'rev-parse' '--verify' 'HEAD'
[INFO] Working directory: /home/travis/build/SonarSource/sonar-java
[INFO] Storing buildNumber: dce14679a315f4712792ffb097b79d15ded35e8f at timestamp: 1527263817368
[WARNING] Cannot get the branch information from the git repository: 
Detecting the current branch failed: fatal: ref HEAD is not a symbolic ref

[INFO] Executing: /bin/sh -c cd '/home/travis/build/SonarSource/sonar-java' && 'git' 'rev-parse' '--verify' 'HEAD'
[INFO] Working directory: /home/travis/build/SonarSource/sonar-java
[INFO] Storing buildScmBranch: UNKNOWN
[INFO] 
[INFO] --- maven-enforcer-plugin:3.0.0-M1:enforce (enforce) @ java ---
[INFO] 
[INFO] --- maven-enforcer-plugin:3.0.0-M1:enforce (enforce-deploy-settings) @ java ---
[INFO] 
[INFO] --- license-maven-plugin:3.0:check (enforce-license-headers) @ java ---
[INFO] Checking licenses...
[INFO] 
[INFO] --- artifactory-maven-plugin:2.6.1:publish (build-info) @ java ---
[INFO] Merged properties file:/tmp/buildInfo2456058541797836152.properties created
[INFO] [buildinfo] Properties file found at '/tmp/buildInfo2456058541797836152.properties'
[INFO] Initializing Artifactory Build-Info Recording
[INFO] ------------------------------------------------------------------------
[INFO] Reactor Build Order:
[INFO] 
[INFO] SonarJava
[INFO] SonarQube Java :: Maven model generator
[INFO] SonarQube Java :: Front-end
[INFO] SonarQube Java :: Check Test tool kit
[INFO] SonarQube Java :: Checks
[INFO] SonarQube Java :: Surefire
[INFO] java-jacoco-previous
[INFO] SonarQube Java :: JaCoCo
[INFO] SonarQube Java :: Plugin
[INFO] SonarQube Java :: JaCoCo Listeners
[INFO] SonarQube Java :: ITs
[INFO] SonarQube Java :: ITs :: Performancing
[INFO] SonarQube Java :: ITs :: Plugin
[INFO] SonarQube Java :: ITs :: Plugin :: Plugins
[INFO] SonarQube Java :: ITS :: Plugin :: Java Extension Plugin
[INFO] SonarQube Java :: ITs :: Plugin :: Tests
[INFO] SonarQube Java :: ITs :: Ruling
[INFO] SonarQube Java :: ITs :: Semantic
[INFO] SonarQube Java :: ITS :: Semantic :: Java Debugging Plugin
[INFO] SonarQube Java :: ITs :: Semantic :: Tests
[INFO] 
[INFO] ------------------------------------------------------------------------
[INFO] Building SonarJava 5.4.0.14238
[INFO] ------------------------------------------------------------------------
[INFO] 
[INFO] --- beanshell-maven-plugin:1.4:run (compute-artifact-display-version) @ java ---
[INFO] Executing Script
[INFO] file class java.lang.Object
[INFO] script class java.lang.String
[INFO] evaluating script if (! "5.4.0.14238".endsWith("-SNAPSHOT")) { [+ 14 omitted line(s)]
[INFO] 
[INFO] --- maven-source-plugin:3.0.1:jar-no-fork (attach-sources) @ java ---
[INFO] 
[INFO] --- maven-install-plugin:2.5.2:install (default-install) @ java ---
[INFO] Installing /home/travis/build/SonarSource/sonar-java/pom.xml to /home/travis/.m2/repository/org/sonarsource/java/java/5.4.0.14238/java-5.4.0.14238.pom
[INFO] 
[INFO] --- maven-deploy-plugin:2.8.2:deploy (default-deploy) @ java ---
[INFO] Skipping artifact deployment
[INFO] 
[INFO] ------------------------------------------------------------------------
[INFO] Building SonarQube Java :: Maven model generator 5.4.0.14238
[INFO] ------------------------------------------------------------------------
[INFO] 
[INFO] --- jacoco-maven-plugin:0.8.1:prepare-agent (default-cli) @ java-maven-model ---
[INFO] argLine set to -javaagent:/home/travis/.m2/repository/org/jacoco/org.jacoco.agent/0.8.1/org.jacoco.agent-0.8.1-runtime.jar=destfile=/home/travis/build/SonarSource/sonar-java/java-maven-model/target/jacoco.exec,includes=org.sonar.* -Xmx512m
[INFO] 
[INFO] --- buildnumber-maven-plugin:1.4:create (default) @ java-maven-model ---
[INFO] 
[INFO] --- maven-enforcer-plugin:3.0.0-M1:enforce (enforce) @ java-maven-model ---
[INFO] 
[INFO] --- maven-enforcer-plugin:3.0.0-M1:enforce (enforce-deploy-settings) @ java-maven-model ---
[INFO] 
[INFO] --- license-maven-plugin:3.0:check (enforce-license-headers) @ java-maven-model ---
[INFO] Checking licenses...
[INFO] 
[INFO] --- artifactory-maven-plugin:2.6.1:publish (build-info) @ java-maven-model ---
[INFO] 
[INFO] --- jaxb2-maven-plugin:2.2:xjc (xjc) @ java-maven-model ---
[INFO] 
[INFO] --- build-helper-maven-plugin:1.10:add-source (default) @ java-maven-model ---
[INFO] Source directory: /home/travis/build/SonarSource/sonar-java/java-maven-model/target/generated-sources added.
[INFO] 
[INFO] --- beanshell-maven-plugin:1.4:run (compute-artifact-display-version) @ java-maven-model ---
[INFO] Executing Script
[INFO] file class java.lang.Object
[INFO] script class java.lang.String
[INFO] evaluating script if (! "5.4.0.14238".endsWith("-SNAPSHOT")) { [+ 14 omitted line(s)]
[INFO] 
[INFO] --- maven-resources-plugin:3.0.2:resources (default-resources) @ java-maven-model ---
[INFO] Using 'UTF-8' encoding to copy filtered resources.
[INFO] Copying 1 resource
[INFO] 
[INFO] --- maven-compiler-plugin:3.7.0:compile (default-compile) @ java-maven-model ---
[INFO] Changes detected - recompiling the module!
[INFO] Compiling 44 source files to /home/travis/build/SonarSource/sonar-java/java-maven-model/target/classes
[INFO] 
[INFO] --- maven-resources-plugin:3.0.2:testResources (default-testResources) @ java-maven-model ---
[INFO] Using 'UTF-8' encoding to copy filtered resources.
[INFO] skip non existing resourceDirectory /home/travis/build/SonarSource/sonar-java/java-maven-model/src/test/resources
[INFO] 
[INFO] --- maven-compiler-plugin:3.7.0:testCompile (default-testCompile) @ java-maven-model ---
[INFO] Changes detected - recompiling the module!
[INFO] Compiling 2 source files to /home/travis/build/SonarSource/sonar-java/java-maven-model/target/test-classes
[INFO] 
[INFO] --- maven-surefire-plugin:2.20.1:test (default-test) @ java-maven-model ---
[INFO] Surefire report directory: /home/travis/build/SonarSource/sonar-java/java-maven-model/target/surefire-reports
[INFO] 
[INFO] -------------------------------------------------------
[INFO]  T E S T S
[INFO] -------------------------------------------------------
[INFO] Running org.sonar.maven.model.XmlLocationTest
[INFO] Tests run: 9, Failures: 0, Errors: 0, Skipped: 0, Time elapsed: 0.924 s - in org.sonar.maven.model.XmlLocationTest
[INFO] Running org.sonar.maven.model.LocatedAttributeAdapterTest
[INFO] Tests run: 2, Failures: 0, Errors: 0, Skipped: 0, Time elapsed: 0.191 s - in org.sonar.maven.model.LocatedAttributeAdapterTest
[INFO] 
[INFO] Results:
[INFO] 
[INFO] Tests run: 11, Failures: 0, Errors: 0, Skipped: 0
[INFO] 
[INFO] 
[INFO] --- maven-jar-plugin:3.0.2:jar (default-jar) @ java-maven-model ---
[INFO] Building jar: /home/travis/build/SonarSource/sonar-java/java-maven-model/target/java-maven-model-5.4.0.14238.jar
[INFO] 
[INFO] --- maven-source-plugin:3.0.1:jar-no-fork (attach-sources) @ java-maven-model ---
[INFO] Building jar: /home/travis/build/SonarSource/sonar-java/java-maven-model/target/java-maven-model-5.4.0.14238-sources.jar
[INFO] 
[INFO] --- maven-install-plugin:2.5.2:install (default-install) @ java-maven-model ---
[INFO] Installing /home/travis/build/SonarSource/sonar-java/java-maven-model/target/java-maven-model-5.4.0.14238.jar to /home/travis/.m2/repository/org/sonarsource/java/java-maven-model/5.4.0.14238/java-maven-model-5.4.0.14238.jar
[INFO] Installing /home/travis/build/SonarSource/sonar-java/java-maven-model/pom.xml to /home/travis/.m2/repository/org/sonarsource/java/java-maven-model/5.4.0.14238/java-maven-model-5.4.0.14238.pom
[INFO] Installing /home/travis/build/SonarSource/sonar-java/java-maven-model/target/java-maven-model-5.4.0.14238-sources.jar to /home/travis/.m2/repository/org/sonarsource/java/java-maven-model/5.4.0.14238/java-maven-model-5.4.0.14238-sources.jar
[INFO] 
[INFO] --- maven-deploy-plugin:2.8.2:deploy (default-deploy) @ java-maven-model ---
[INFO] Skipping artifact deployment
[INFO] 
[INFO] ------------------------------------------------------------------------
[INFO] Building SonarQube Java :: Front-end 5.4.0.14238
[INFO] ------------------------------------------------------------------------
[INFO] 
[INFO] --- jacoco-maven-plugin:0.8.1:prepare-agent (default-cli) @ java-frontend ---
[INFO] argLine set to -javaagent:/home/travis/.m2/repository/org/jacoco/org.jacoco.agent/0.8.1/org.jacoco.agent-0.8.1-runtime.jar=destfile=/home/travis/build/SonarSource/sonar-java/java-frontend/target/jacoco.exec,includes=org.sonar.java.*:org.sonar.maven.*:org.sonar.plugins.java.*,excludes=org.sonar.maven.model.* -Xmx512m
[INFO] 
[INFO] --- buildnumber-maven-plugin:1.4:create (default) @ java-frontend ---
[INFO] 
[INFO] --- maven-enforcer-plugin:3.0.0-M1:enforce (enforce) @ java-frontend ---
[INFO] 
[INFO] --- maven-enforcer-plugin:3.0.0-M1:enforce (enforce-deploy-settings) @ java-frontend ---
[INFO] 
[INFO] --- license-maven-plugin:3.0:check (enforce-license-headers) @ java-frontend ---
[INFO] Checking licenses...
[INFO] 
[INFO] --- artifactory-maven-plugin:2.6.1:publish (build-info) @ java-frontend ---
[INFO] 
[INFO] --- beanshell-maven-plugin:1.4:run (compute-artifact-display-version) @ java-frontend ---
[INFO] Executing Script
[INFO] file class java.lang.Object
[INFO] script class java.lang.String
[INFO] evaluating script if (! "5.4.0.14238".endsWith("-SNAPSHOT")) { [+ 14 omitted line(s)]
[INFO] 
[INFO] --- maven-resources-plugin:3.0.2:resources (default-resources) @ java-frontend ---
[INFO] Using 'UTF-8' encoding to copy filtered resources.
[INFO] skip non existing resourceDirectory /home/travis/build/SonarSource/sonar-java/java-frontend/src/main/resources
[INFO] 
[INFO] --- maven-compiler-plugin:3.7.0:compile (default-compile) @ java-frontend ---
[INFO] Changes detected - recompiling the module!
[INFO] Compiling 381 source files to /home/travis/build/SonarSource/sonar-java/java-frontend/target/classes
[INFO] /home/travis/build/SonarSource/sonar-java/java-frontend/src/main/java/org/sonar/java/SonarComponents.java: Some input files use or override a deprecated API.
[INFO] /home/travis/build/SonarSource/sonar-java/java-frontend/src/main/java/org/sonar/java/SonarComponents.java: Recompile with -Xlint:deprecation for details.
[INFO] /home/travis/build/SonarSource/sonar-java/java-frontend/src/main/java/org/sonar/java/se/checks/NullDereferenceCheck.java: Some input files use unchecked or unsafe operations.
[INFO] /home/travis/build/SonarSource/sonar-java/java-frontend/src/main/java/org/sonar/java/se/checks/NullDereferenceCheck.java: Recompile with -Xlint:unchecked for details.
[INFO] 
[INFO] --- maven-dependency-plugin:3.0.2:unpack (unpack-test-projects) @ java-frontend ---
[INFO] Configured Artifact: commons-collections:commons-collections:sources:3.2.1:jar
[INFO] Configured Artifact: commons-collections:commons-collections:3.2.1:jar
[INFO] Configured Artifact: org.apache.struts:struts-core:sources:1.3.9:jar
[INFO] Configured Artifact: org.apache.struts:struts-core:1.3.9:jar
[INFO] Unpacking /home/travis/.m2/repository/commons-collections/commons-collections/3.2.1/commons-collections-3.2.1-sources.jar to /home/travis/build/SonarSource/sonar-java/java-frontend/target/test-projects/commons-collections-3.2.1/src with includes "" and excludes ""
[INFO] Unpacking /home/travis/.m2/repository/commons-collections/commons-collections/3.2.1/commons-collections-3.2.1.jar to /home/travis/build/SonarSource/sonar-java/java-frontend/target/test-projects/commons-collections-3.2.1/bin with includes "" and excludes ""
[INFO] Unpacking /home/travis/.m2/repository/org/apache/struts/struts-core/1.3.9/struts-core-1.3.9-sources.jar to /home/travis/build/SonarSource/sonar-java/java-frontend/target/test-projects/struts-core-1.3.9/src with includes "" and excludes ""
[INFO] Unpacking /home/travis/.m2/repository/org/apache/struts/struts-core/1.3.9/struts-core-1.3.9.jar to /home/travis/build/SonarSource/sonar-java/java-frontend/target/test-projects/struts-core-1.3.9/bin with includes "" and excludes ""
[INFO] 
[INFO] --- maven-resources-plugin:3.0.2:testResources (default-testResources) @ java-frontend ---
[INFO] Using 'UTF-8' encoding to copy filtered resources.
[INFO] Copying 17 resources
[INFO] 
[INFO] --- maven-compiler-plugin:3.7.0:testCompile (default-testCompile) @ java-frontend ---
[INFO] Changes detected - recompiling the module!
[INFO] Compiling 297 source files to /home/travis/build/SonarSource/sonar-java/java-frontend/target/test-classes
[INFO] /home/travis/build/SonarSource/sonar-java/java-frontend/src/test/java/org/sonar/java/DefaultJavaResourceLocatorTest.java: Some input files use or override a deprecated API.
[INFO] /home/travis/build/SonarSource/sonar-java/java-frontend/src/test/java/org/sonar/java/DefaultJavaResourceLocatorTest.java: Recompile with -Xlint:deprecation for details.
[INFO] /home/travis/build/SonarSource/sonar-java/java-frontend/src/test/java/org/sonar/java/se/Expectations.java: Some input files use unchecked or unsafe operations.
[INFO] /home/travis/build/SonarSource/sonar-java/java-frontend/src/test/java/org/sonar/java/se/Expectations.java: Recompile with -Xlint:unchecked for details.
[INFO] 
[INFO] --- maven-dependency-plugin:3.0.2:copy (copy) @ java-frontend ---
[INFO] Configured Artifact: org.hibernate.javax.persistence:hibernate-jpa-2.0-api:1.0.1.Final:jar
[INFO] Configured Artifact: com.google.code.findbugs:jsr305:1.3.9:jar
[INFO] Configured Artifact: com.google.code.findbugs:annotations:3.0.0:jar
[INFO] Configured Artifact: org.jetbrains:annotations:13.0:jar
[INFO] Configured Artifact: org.projectlombok:lombok:1.16.4:jar
[INFO] Configured Artifact: org.eclipse.jdt:org.eclipse.jdt.annotation:2.1.100:jar
[INFO] Configured Artifact: javax:javaee-api:7.0:jar
[INFO] Configured Artifact: org.apache.commons:commons-lang3:3.5:jar
[INFO] Configured Artifact: commons-lang:commons-lang:2.6:jar
[INFO] Configured Artifact: com.google.guava:guava:20.0:jar
[INFO] Configured Artifact: commons-collections:commons-collections:3.2.1:jar
[INFO] Configured Artifact: org.apache.commons:commons-collections4:4.1:jar
[INFO] Configured Artifact: org.apache.logging.log4j:log4j-core:2.3:jar
[INFO] Configured Artifact: org.springframework:spring-core:4.3.8.RELEASE:jar
[INFO] Configured Artifact: org.junit.jupiter:junit-jupiter-api:5.0.0-M4:jar
[INFO] Configured Artifact: org.aspectj:aspectjtools:1.8.10:jar
[INFO] Configured Artifact: javax:javaee-api:7.0:jar
[INFO] Configured Artifact: javax.servlet:javax.servlet-api:3.1.0:jar
[INFO] Configured Artifact: org.springframework:spring-web:5.0.4.RELEASE:jar
[INFO] Configured Artifact: org.springframework:spring-context:5.0.4.RELEASE:jar
[INFO] Copying hibernate-jpa-2.0-api-1.0.1.Final.jar to /home/travis/build/SonarSource/sonar-java/java-frontend/target/test-jars/hibernate-jpa-2.0-api-1.0.1.Final.jar
[INFO] Copying jsr305-1.3.9.jar to /home/travis/build/SonarSource/sonar-java/java-frontend/target/test-jars/jsr305-1.3.9.jar
[INFO] Copying annotations-3.0.0.jar to /home/travis/build/SonarSource/sonar-java/java-frontend/target/test-jars/annotations-3.0.0.jar
[INFO] Copying annotations-13.0.jar to /home/travis/build/SonarSource/sonar-java/java-frontend/target/test-jars/annotations-13.0.jar
[INFO] Copying lombok-1.16.4.jar to /home/travis/build/SonarSource/sonar-java/java-frontend/target/test-jars/lombok-1.16.4.jar
[INFO] Copying org.eclipse.jdt.annotation-2.1.100.jar to /home/travis/build/SonarSource/sonar-java/java-frontend/target/test-jars/org.eclipse.jdt.annotation-2.1.100.jar
[INFO] Copying javaee-api-7.0.jar to /home/travis/build/SonarSource/sonar-java/java-frontend/target/test-jars/javaee-api-7.0.jar
[INFO] Copying commons-lang3-3.5.jar to /home/travis/build/SonarSource/sonar-java/java-frontend/target/test-jars/commons-lang3-3.5.jar
[INFO] Copying commons-lang-2.6.jar to /home/travis/build/SonarSource/sonar-java/java-frontend/target/test-jars/commons-lang-2.6.jar
[INFO] Copying guava-20.0.jar to /home/travis/build/SonarSource/sonar-java/java-frontend/target/test-jars/guava-20.0.jar
[INFO] Copying commons-collections-3.2.1.jar to /home/travis/build/SonarSource/sonar-java/java-frontend/target/test-jars/commons-collections-3.2.1.jar
[INFO] Copying commons-collections4-4.1.jar to /home/travis/build/SonarSource/sonar-java/java-frontend/target/test-jars/commons-collections4-4.1.jar
[INFO] Copying log4j-core-2.3.jar to /home/travis/build/SonarSource/sonar-java/java-frontend/target/test-jars/log4j-core-2.3.jar
[INFO] Copying spring-core-4.3.8.RELEASE.jar to /home/travis/build/SonarSource/sonar-java/java-frontend/target/test-jars/spring-core-4.3.8.RELEASE.jar
[INFO] Copying junit-jupiter-api-5.0.0-M4.jar to /home/travis/build/SonarSource/sonar-java/java-frontend/target/test-jars/junit-jupiter-api-5.0.0-M4.jar
[INFO] Copying aspectjtools-1.8.10.jar to /home/travis/build/SonarSource/sonar-java/java-frontend/target/test-jars/aspectjtools-1.8.10.jar
[INFO] Copying javaee-api-7.0.jar to /home/travis/build/SonarSource/sonar-java/java-frontend/target/test-jars/javaee-api-7.0.jar
[INFO] Copying javax.servlet-api-3.1.0.jar to /home/travis/build/SonarSource/sonar-java/java-frontend/target/test-jars/javax.servlet-api-3.1.0.jar
[INFO] Copying spring-web-5.0.4.RELEASE.jar to /home/travis/build/SonarSource/sonar-java/java-frontend/target/test-jars/spring-web-5.0.4.RELEASE.jar
[INFO] Copying spring-context-5.0.4.RELEASE.jar to /home/travis/build/SonarSource/sonar-java/java-frontend/target/test-jars/spring-context-5.0.4.RELEASE.jar
[INFO] 
[INFO] --- maven-surefire-plugin:2.20.1:test (default-test) @ java-frontend ---
[INFO] Surefire report directory: /home/travis/build/SonarSource/sonar-java/java-frontend/target/surefire-reports
[INFO] 
[INFO] -------------------------------------------------------
[INFO]  T E S T S
[INFO] -------------------------------------------------------
[INFO] Running org.sonar.java.se.ExpectationsParserTest
[INFO] Tests run: 19, Failures: 0, Errors: 0, Skipped: 0, Time elapsed: 0.223 s - in org.sonar.java.se.ExpectationsParserTest
[INFO] Running org.sonar.java.xml.XmlParserTest
15:57:39.048 ERROR org.sonar.java.xml.XmlParser - Unable to parse xml file: src/test/files/xml/parsing-issue.xml
15:57:39.063 DEBUG org.sonar.java.xml.XmlParser - XML file parsing failed because of : org.xml.sax.SAXParseException; systemId: file:/home/travis/build/SonarSource/sonar-java/java-frontend/src/test/files/xml/parsing-issue.xml; lineNumber: 2; columnNumber: 1; XML document structures must start and end within the same entity.
	at com.sun.org.apache.xerces.internal.util.ErrorHandlerWrapper.createSAXParseException(ErrorHandlerWrapper.java:203)
	at com.sun.org.apache.xerces.internal.util.ErrorHandlerWrapper.fatalError(ErrorHandlerWrapper.java:177)
	at com.sun.org.apache.xerces.internal.impl.XMLErrorReporter.reportError(XMLErrorReporter.java:400)
	at com.sun.org.apache.xerces.internal.impl.XMLErrorReporter.reportError(XMLErrorReporter.java:327)
	at com.sun.org.apache.xerces.internal.impl.XMLScanner.reportFatalError(XMLScanner.java:1472)
	at com.sun.org.apache.xerces.internal.impl.XMLDocumentFragmentScannerImpl.endEntity(XMLDocumentFragmentScannerImpl.java:899)
	at com.sun.org.apache.xerces.internal.impl.XMLDocumentScannerImpl.endEntity(XMLDocumentScannerImpl.java:559)
	at com.sun.org.apache.xerces.internal.impl.XMLEntityManager.endEntity(XMLEntityManager.java:1398)
	at com.sun.org.apache.xerces.internal.impl.XMLEntityScanner.load(XMLEntityScanner.java:1916)
	at com.sun.org.apache.xerces.internal.impl.XMLEntityScanner.skipChar(XMLEntityScanner.java:1551)
	at com.sun.org.apache.xerces.internal.impl.XMLDocumentFragmentScannerImpl$FragmentContentDriver.next(XMLDocumentFragmentScannerImpl.java:2821)
	at com.sun.org.apache.xerces.internal.impl.XMLDocumentScannerImpl.next(XMLDocumentScannerImpl.java:602)
	at com.sun.org.apache.xerces.internal.impl.XMLDocumentFragmentScannerImpl.scanDocument(XMLDocumentFragmentScannerImpl.java:505)
	at com.sun.org.apache.xerces.internal.parsers.XML11Configuration.parse(XML11Configuration.java:841)
	at com.sun.org.apache.xerces.internal.parsers.XML11Configuration.parse(XML11Configuration.java:770)
	at com.sun.org.apache.xerces.internal.parsers.XMLParser.parse(XMLParser.java:141)
	at com.sun.org.apache.xerces.internal.parsers.AbstractSAXParser.parse(AbstractSAXParser.java:1213)
	at com.sun.org.apache.xerces.internal.jaxp.SAXParserImpl$JAXPSAXParser.parse(SAXParserImpl.java:643)
	at com.sun.org.apache.xerces.internal.jaxp.SAXParserImpl.parse(SAXParserImpl.java:327)
	at javax.xml.parsers.SAXParser.parse(SAXParser.java:328)
	at org.sonar.java.xml.XmlParser.parseXML(XmlParser.java:64)
	at org.sonar.java.xml.XmlParserTest.should_return_null_when_encountering_parsing_issue(XmlParserTest.java:69)
	at sun.reflect.NativeMethodAccessorImpl.invoke0(Native Method)
	at sun.reflect.NativeMethodAccessorImpl.invoke(NativeMethodAccessorImpl.java:62)
	at sun.reflect.DelegatingMethodAccessorImpl.invoke(DelegatingMethodAccessorImpl.java:43)
	at java.lang.reflect.Method.invoke(Method.java:498)
	at org.junit.runners.model.FrameworkMethod$1.runReflectiveCall(FrameworkMethod.java:50)
	at org.junit.internal.runners.model.ReflectiveCallable.run(ReflectiveCallable.java:12)
	at org.junit.runners.model.FrameworkMethod.invokeExplosively(FrameworkMethod.java:47)
	at org.junit.internal.runners.statements.InvokeMethod.evaluate(InvokeMethod.java:17)
	at org.junit.internal.runners.statements.RunBefores.evaluate(RunBefores.java:26)
	at org.junit.rules.ExternalResource$1.evaluate(ExternalResource.java:48)
	at org.junit.rules.RunRules.evaluate(RunRules.java:20)
	at org.junit.runners.ParentRunner.runLeaf(ParentRunner.java:325)
	at org.junit.runners.BlockJUnit4ClassRunner.runChild(BlockJUnit4ClassRunner.java:78)
	at org.junit.runners.BlockJUnit4ClassRunner.runChild(BlockJUnit4ClassRunner.java:57)
	at org.junit.runners.ParentRunner$3.run(ParentRunner.java:290)
	at org.junit.runners.ParentRunner$1.schedule(ParentRunner.java:71)
	at org.junit.runners.ParentRunner.runChildren(ParentRunner.java:288)
	at org.junit.runners.ParentRunner.access$000(ParentRunner.java:58)
	at org.junit.runners.ParentRunner$2.evaluate(ParentRunner.java:268)
	at org.junit.runners.ParentRunner.run(ParentRunner.java:363)
	at org.apache.maven.surefire.junit4.JUnit4Provider.execute(JUnit4Provider.java:369)
	at org.apache.maven.surefire.junit4.JUnit4Provider.executeWithRerun(JUnit4Provider.java:275)
	at org.apache.maven.surefire.junit4.JUnit4Provider.executeTestSet(JUnit4Provider.java:239)
	at org.apache.maven.surefire.junit4.JUnit4Provider.invoke(JUnit4Provider.java:160)
	at org.apache.maven.surefire.booter.ForkedBooter.invokeProviderInSameClassLoader(ForkedBooter.java:373)
	at org.apache.maven.surefire.booter.ForkedBooter.runSuitesInProcess(ForkedBooter.java:334)
	at org.apache.maven.surefire.booter.ForkedBooter.execute(ForkedBooter.java:119)
	at org.apache.maven.surefire.booter.ForkedBooter.main(ForkedBooter.java:407)

15:57:39.150 ERROR org.sonar.java.xml.XmlParser - Unable to parse xml file: src/test/files/xml/parsing-issue.xml
15:57:39.175 WARN  org.sonar.java.xml.XmlParser - File src/test/files/xml/empty.xml is empty and won't be analyzed.
[INFO] Tests run: 8, Failures: 0, Errors: 0, Skipped: 0, Time elapsed: 0.655 s - in org.sonar.java.xml.XmlParserTest
[INFO] Running org.sonar.java.StrutsTest
15:57:40.984 INFO  org.sonar.java.JavaSquid - Java Main Files AST scan
15:57:40.987 INFO  org.sonar.squidbridge.ProgressReport - 134 source files to be analyzed
15:57:50.048 INFO  org.sonar.squidbridge.ProgressReport - 134/134 source files have been analyzed
15:57:50.051 INFO  org.sonar.java.JavaSquid - Java Main Files AST scan (done) | time=9066ms
15:57:50.051 INFO  org.sonar.java.JavaSquid - Java Test Files AST scan
15:57:50.051 INFO  org.sonar.squidbridge.ProgressReport - 0 source files to be analyzed
15:57:50.052 INFO  org.sonar.java.JavaSquid - Java Test Files AST scan (done) | time=1ms
15:57:50.066 INFO  org.sonar.squidbridge.ProgressReport - 0/0 source files have been analyzed
[INFO] Tests run: 1, Failures: 0, Errors: 0, Skipped: 0, Time elapsed: 10.894 s - in org.sonar.java.StrutsTest
[INFO] Running org.sonar.java.CommonsCollectionsTest
15:57:50.140 INFO  org.sonar.java.JavaSquid - Java Main Files AST scan
15:57:50.142 INFO  org.sonar.squidbridge.ProgressReport - 273 source files to be analyzed
15:57:58.652 INFO  org.sonar.squidbridge.ProgressReport - 273/273 source files have been analyzed
15:57:58.656 INFO  org.sonar.java.JavaSquid - Java Main Files AST scan (done) | time=8516ms
15:57:58.658 INFO  org.sonar.java.JavaSquid - Java Test Files AST scan
15:57:58.660 INFO  org.sonar.squidbridge.ProgressReport - 0 source files to be analyzed
15:57:58.664 INFO  org.sonar.java.JavaSquid - Java Test Files AST scan (done) | time=6ms
15:57:58.676 INFO  org.sonar.squidbridge.ProgressReport - 0/0 source files have been analyzed
[INFO] Tests run: 1, Failures: 0, Errors: 0, Skipped: 0, Time elapsed: 8.59 s - in org.sonar.java.CommonsCollectionsTest
[INFO] Running org.sonar.java.model.TestDefaultJavaFileScannerContextWithSensorContextTester
[INFO] Tests run: 3, Failures: 0, Errors: 0, Skipped: 0, Time elapsed: 0.492 s - in org.sonar.java.model.TestDefaultJavaFileScannerContextWithSensorContextTester
[INFO] Running org.sonar.java.ast.parser.grammar.units.ImportDeclarationTest
[INFO] Tests run: 1, Failures: 0, Errors: 0, Skipped: 0, Time elapsed: 0.023 s - in org.sonar.java.ast.parser.grammar.units.ImportDeclarationTest
[INFO] Running org.sonar.java.xml.XmlCheckContextImplTest
[INFO] Tests run: 17, Failures: 0, Errors: 0, Skipped: 0, Time elapsed: 0.259 s - in org.sonar.java.xml.XmlCheckContextImplTest
[INFO] Running org.sonar.java.se.ProgramPointTest
[INFO] Tests run: 2, Failures: 0, Errors: 0, Skipped: 0, Time elapsed: 0.085 s - in org.sonar.java.se.ProgramPointTest
[INFO] Running org.sonar.java.se.symbolicvalues.RelationalSymbolicValueTest
15:57:59.821 INFO  org.sonar.squidbridge.ProgressReport - 1 source files to be analyzed
15:58:00.020 INFO  org.sonar.squidbridge.ProgressReport - 1/1 source files have been analyzed
15:58:00.071 INFO  org.sonar.squidbridge.ProgressReport - 1 source files to be analyzed
15:58:00.174 INFO  org.sonar.squidbridge.ProgressReport - 1/1 source files have been analyzed
[INFO] Tests run: 24, Failures: 0, Errors: 0, Skipped: 0, Time elapsed: 7.057 s - in org.sonar.java.se.symbolicvalues.RelationalSymbolicValueTest
[INFO] Running org.sonar.java.model.declaration.UsesDirectiveTreeImplTest
[INFO] Tests run: 2, Failures: 0, Errors: 0, Skipped: 0, Time elapsed: 0.029 s - in org.sonar.java.model.declaration.UsesDirectiveTreeImplTest
[INFO] Running org.sonar.java.ast.parser.grammar.statements.SynchronizedStatementTest
[INFO] Tests run: 1, Failures: 0, Errors: 0, Skipped: 0, Time elapsed: 0.012 s - in org.sonar.java.ast.parser.grammar.statements.SynchronizedStatementTest
[INFO] Running org.sonar.java.JavaSquidTest
15:58:06.758 INFO  org.sonar.java.JavaSquid - Java Main Files AST scan
15:58:06.759 INFO  org.sonar.squidbridge.ProgressReport - 1 source files to be analyzed
15:58:06.770 ERROR org.sonar.java.model.VisitorsBridge - Unable to create symbol table for : /tmp/junit2475517102378435264/junit1109388713672423197.tmp
java.lang.IllegalStateException: Registering class 2 times : A
	at com.google.common.base.Preconditions.checkState(Preconditions.java:199) ~[guava-19.0.jar:na]
	at org.sonar.java.resolve.BytecodeCompleter.registerClass(BytecodeCompleter.java:66) ~[classes/:na]
	at org.sonar.java.resolve.Resolve.registerClass(Resolve.java:85) ~[classes/:na]
	at org.sonar.java.resolve.FirstPass.visitClass(FirstPass.java:234) ~[classes/:na]
	at org.sonar.java.model.declaration.ClassTreeImpl.accept(ClassTreeImpl.java:202) ~[classes/:na]
	at org.sonar.plugins.java.api.tree.BaseTreeVisitor.scan(BaseTreeVisitor.java:40) ~[classes/:na]
	at org.sonar.plugins.java.api.tree.BaseTreeVisitor.scan(BaseTreeVisitor.java:34) ~[classes/:na]
	at org.sonar.java.resolve.FirstPass.visitCompilationUnit(FirstPass.java:126) ~[classes/:na]
	at org.sonar.java.resolve.SemanticModel.createFor(SemanticModel.java:65) ~[classes/:na]
	at org.sonar.java.model.VisitorsBridge.visitFile(VisitorsBridge.java:110) ~[classes/:na]
	at org.sonar.java.ast.JavaAstScanner.simpleScan(JavaAstScanner.java:96) [classes/:na]
	at org.sonar.java.ast.JavaAstScanner.scan(JavaAstScanner.java:68) [classes/:na]
	at org.sonar.java.JavaSquid.scanSources(JavaSquid.java:116) [classes/:na]
	at org.sonar.java.JavaSquid.scan(JavaSquid.java:110) [classes/:na]
	at org.sonar.java.JavaSquidTest.setupAnalysisError(JavaSquidTest.java:177) [test-classes/:na]
	at org.sonar.java.JavaSquidTest.semantic_errors_should_be_reported_to_sonarlint(JavaSquidTest.java:152) [test-classes/:na]
	at sun.reflect.NativeMethodAccessorImpl.invoke0(Native Method) ~[na:1.8.0_151]
	at sun.reflect.NativeMethodAccessorImpl.invoke(NativeMethodAccessorImpl.java:62) ~[na:1.8.0_151]
	at sun.reflect.DelegatingMethodAccessorImpl.invoke(DelegatingMethodAccessorImpl.java:43) ~[na:1.8.0_151]
	at java.lang.reflect.Method.invoke(Method.java:498) ~[na:1.8.0_151]
	at org.junit.runners.model.FrameworkMethod$1.runReflectiveCall(FrameworkMethod.java:50) [junit-4.12.jar:4.12]
	at org.junit.internal.runners.model.ReflectiveCallable.run(ReflectiveCallable.java:12) [junit-4.12.jar:4.12]
	at org.junit.runners.model.FrameworkMethod.invokeExplosively(FrameworkMethod.java:47) [junit-4.12.jar:4.12]
	at org.junit.internal.runners.statements.InvokeMethod.evaluate(InvokeMethod.java:17) [junit-4.12.jar:4.12]
	at org.junit.rules.ExternalResource$1.evaluate(ExternalResource.java:48) [junit-4.12.jar:4.12]
	at org.junit.rules.RunRules.evaluate(RunRules.java:20) [junit-4.12.jar:4.12]
	at org.junit.runners.ParentRunner.runLeaf(ParentRunner.java:325) [junit-4.12.jar:4.12]
	at org.junit.runners.BlockJUnit4ClassRunner.runChild(BlockJUnit4ClassRunner.java:78) [junit-4.12.jar:4.12]
	at org.junit.runners.BlockJUnit4ClassRunner.runChild(BlockJUnit4ClassRunner.java:57) [junit-4.12.jar:4.12]
	at org.junit.runners.ParentRunner$3.run(ParentRunner.java:290) [junit-4.12.jar:4.12]
	at org.junit.runners.ParentRunner$1.schedule(ParentRunner.java:71) [junit-4.12.jar:4.12]
	at org.junit.runners.ParentRunner.runChildren(ParentRunner.java:288) [junit-4.12.jar:4.12]
	at org.junit.runners.ParentRunner.access$000(ParentRunner.java:58) [junit-4.12.jar:4.12]
	at org.junit.runners.ParentRunner$2.evaluate(ParentRunner.java:268) [junit-4.12.jar:4.12]
	at org.junit.runners.ParentRunner.run(ParentRunner.java:363) [junit-4.12.jar:4.12]
	at org.apache.maven.surefire.junit4.JUnit4Provider.execute(JUnit4Provider.java:369) [surefire-junit4-2.20.1.jar:2.20.1]
	at org.apache.maven.surefire.junit4.JUnit4Provider.executeWithRerun(JUnit4Provider.java:275) [surefire-junit4-2.20.1.jar:2.20.1]
	at org.apache.maven.surefire.junit4.JUnit4Provider.executeTestSet(JUnit4Provider.java:239) [surefire-junit4-2.20.1.jar:2.20.1]
	at org.apache.maven.surefire.junit4.JUnit4Provider.invoke(JUnit4Provider.java:160) [surefire-junit4-2.20.1.jar:2.20.1]
	at org.apache.maven.surefire.booter.ForkedBooter.invokeProviderInSameClassLoader(ForkedBooter.java:373) [surefire-booter-2.20.1.jar:2.20.1]
	at org.apache.maven.surefire.booter.ForkedBooter.runSuitesInProcess(ForkedBooter.java:334) [surefire-booter-2.20.1.jar:2.20.1]
	at org.apache.maven.surefire.booter.ForkedBooter.execute(ForkedBooter.java:119) [surefire-booter-2.20.1.jar:2.20.1]
	at org.apache.maven.surefire.booter.ForkedBooter.main(ForkedBooter.java:407) [surefire-booter-2.20.1.jar:2.20.1]
15:58:06.789 INFO  org.sonar.java.JavaSquid - Java Main Files AST scan (done) | time=31ms
15:58:06.789 INFO  org.sonar.java.JavaSquid - Java Test Files AST scan
15:58:06.789 INFO  org.sonar.squidbridge.ProgressReport - 0 source files to be analyzed
15:58:06.812 INFO  org.sonar.java.JavaSquid - Java Test Files AST scan (done) | time=23ms
15:58:06.820 INFO  org.sonar.squidbridge.ProgressReport - 1/1 source files have been analyzed
15:58:06.821 INFO  org.sonar.java.JavaSquid - Java Main Files AST scan
15:58:06.822 INFO  org.sonar.squidbridge.ProgressReport - 1 source files to be analyzed
15:58:06.843 ERROR org.sonar.java.ast.JavaAstScanner - Unable to parse source file : /tmp/junit9091779752459992219/junit9150684538009618847.tmp
15:58:06.843 ERROR org.sonar.java.ast.JavaAstScanner - Parse error at line 1 column 10:

1: class A {
            ^

15:58:06.866 INFO  org.sonar.squidbridge.ProgressReport - 0/0 source files have been analyzed
15:58:06.867 INFO  org.sonar.squidbridge.ProgressReport - 1/1 source files have been analyzed
15:58:06.867 INFO  org.sonar.java.JavaSquid - Java Main Files AST scan (done) | time=23ms
15:58:06.867 INFO  org.sonar.java.JavaSquid - Java Test Files AST scan
15:58:06.867 INFO  org.sonar.squidbridge.ProgressReport - 0 source files to be analyzed
15:58:06.892 INFO  org.sonar.java.JavaSquid - Java Test Files AST scan (done) | time=25ms
15:58:06.892 INFO  org.sonar.squidbridge.ProgressReport - 0/0 source files have been analyzed
15:58:06.986 INFO  org.sonar.java.JavaSquid - Java Main Files AST scan
15:58:06.986 INFO  org.sonar.squidbridge.ProgressReport - 1 source files to be analyzed
15:58:07.015 INFO  org.sonar.java.JavaSquid - Java Main Files AST scan (done) | time=29ms
15:58:07.017 INFO  org.sonar.java.JavaSquid - Java Test Files AST scan
15:58:07.018 INFO  org.sonar.squidbridge.ProgressReport - 0 source files to be analyzed
15:58:07.018 INFO  org.sonar.squidbridge.ProgressReport - 1/1 source files have been analyzed
15:58:07.030 INFO  org.sonar.java.JavaSquid - Java Test Files AST scan (done) | time=13ms
15:58:07.043 INFO  org.sonar.java.JavaSquid - Java Main Files AST scan
15:58:07.043 INFO  org.sonar.squidbridge.ProgressReport - 1 source files to be analyzed
15:58:07.046 INFO  org.sonar.squidbridge.ProgressReport - 0/0 source files have been analyzed
15:58:07.053 ERROR org.sonar.java.ast.JavaAstScanner - Unable to parse source file : /tmp/junit114949812414486017/junit1349199126641605684.tmp
15:58:07.056 ERROR org.sonar.java.ast.JavaAstScanner - Parse error at line 6 column 1:

1: /***/
2: class A {
3:  String foo() {
4:   return foo();
5:  }
6: 
   ^

15:58:07.057 INFO  org.sonar.java.JavaSquid - Java Main Files AST scan (done) | time=14ms
15:58:07.057 INFO  org.sonar.java.JavaSquid - Java Test Files AST scan
15:58:07.058 INFO  org.sonar.squidbridge.ProgressReport - 0 source files to be analyzed
15:58:07.068 INFO  org.sonar.java.JavaSquid - Java Test Files AST scan (done) | time=11ms
15:58:07.071 INFO  org.sonar.squidbridge.ProgressReport - 0/0 source files have been analyzed
15:58:07.076 INFO  org.sonar.java.JavaSquid - Java Main Files AST scan
15:58:07.077 INFO  org.sonar.squidbridge.ProgressReport - 1 source files to be analyzed
15:58:07.076 INFO  org.sonar.squidbridge.ProgressReport - 1/1 source files have been analyzed
15:58:07.086 ERROR org.sonar.java.model.VisitorsBridge - Unable to create symbol table for : /tmp/junit8623885986019327909/junit6978759341009842621.tmp
java.lang.IllegalStateException: Registering class 2 times : A
	at com.google.common.base.Preconditions.checkState(Preconditions.java:199) ~[guava-19.0.jar:na]
	at org.sonar.java.resolve.BytecodeCompleter.registerClass(BytecodeCompleter.java:66) ~[classes/:na]
	at org.sonar.java.resolve.Resolve.registerClass(Resolve.java:85) ~[classes/:na]
	at org.sonar.java.resolve.FirstPass.visitClass(FirstPass.java:234) ~[classes/:na]
	at org.sonar.java.model.declaration.ClassTreeImpl.accept(ClassTreeImpl.java:202) ~[classes/:na]
	at org.sonar.plugins.java.api.tree.BaseTreeVisitor.scan(BaseTreeVisitor.java:40) ~[classes/:na]
	at org.sonar.plugins.java.api.tree.BaseTreeVisitor.scan(BaseTreeVisitor.java:34) ~[classes/:na]
	at org.sonar.java.resolve.FirstPass.visitCompilationUnit(FirstPass.java:126) ~[classes/:na]
	at org.sonar.java.resolve.SemanticModel.createFor(SemanticModel.java:65) ~[classes/:na]
	at org.sonar.java.model.VisitorsBridge.visitFile(VisitorsBridge.java:110) ~[classes/:na]
	at org.sonar.java.ast.JavaAstScanner.simpleScan(JavaAstScanner.java:96) [classes/:na]
	at org.sonar.java.ast.JavaAstScanner.scan(JavaAstScanner.java:68) [classes/:na]
	at org.sonar.java.JavaSquid.scanSources(JavaSquid.java:116) [classes/:na]
	at org.sonar.java.JavaSquid.scan(JavaSquid.java:110) [classes/:na]
	at org.sonar.java.JavaSquidTest.collectAnalysisErrors(JavaSquidTest.java:138) [test-classes/:na]
	at org.sonar.java.JavaSquidTest.verify_analysis_errors_are_collected_on_semantic_error(JavaSquidTest.java:110) [test-classes/:na]
	at sun.reflect.NativeMethodAccessorImpl.invoke0(Native Method) ~[na:1.8.0_151]
	at sun.reflect.NativeMethodAccessorImpl.invoke(NativeMethodAccessorImpl.java:62) ~[na:1.8.0_151]
	at sun.reflect.DelegatingMethodAccessorImpl.invoke(DelegatingMethodAccessorImpl.java:43) ~[na:1.8.0_151]
	at java.lang.reflect.Method.invoke(Method.java:498) ~[na:1.8.0_151]
	at org.junit.runners.model.FrameworkMethod$1.runReflectiveCall(FrameworkMethod.java:50) [junit-4.12.jar:4.12]
	at org.junit.internal.runners.model.ReflectiveCallable.run(ReflectiveCallable.java:12) [junit-4.12.jar:4.12]
	at org.junit.runners.model.FrameworkMethod.invokeExplosively(FrameworkMethod.java:47) [junit-4.12.jar:4.12]
	at org.junit.internal.runners.statements.InvokeMethod.evaluate(InvokeMethod.java:17) [junit-4.12.jar:4.12]
	at org.junit.rules.ExternalResource$1.evaluate(ExternalResource.java:48) [junit-4.12.jar:4.12]
	at org.junit.rules.RunRules.evaluate(RunRules.java:20) [junit-4.12.jar:4.12]
	at org.junit.runners.ParentRunner.runLeaf(ParentRunner.java:325) [junit-4.12.jar:4.12]
	at org.junit.runners.BlockJUnit4ClassRunner.runChild(BlockJUnit4ClassRunner.java:78) [junit-4.12.jar:4.12]
	at org.junit.runners.BlockJUnit4ClassRunner.runChild(BlockJUnit4ClassRunner.java:57) [junit-4.12.jar:4.12]
	at org.junit.runners.ParentRunner$3.run(ParentRunner.java:290) [junit-4.12.jar:4.12]
	at org.junit.runners.ParentRunner$1.schedule(ParentRunner.java:71) [junit-4.12.jar:4.12]
	at org.junit.runners.ParentRunner.runChildren(ParentRunner.java:288) [junit-4.12.jar:4.12]
	at org.junit.runners.ParentRunner.access$000(ParentRunner.java:58) [junit-4.12.jar:4.12]
	at org.junit.runners.ParentRunner$2.evaluate(ParentRunner.java:268) [junit-4.12.jar:4.12]
	at org.junit.runners.ParentRunner.run(ParentRunner.java:363) [junit-4.12.jar:4.12]
	at org.apache.maven.surefire.junit4.JUnit4Provider.execute(JUnit4Provider.java:369) [surefire-junit4-2.20.1.jar:2.20.1]
	at org.apache.maven.surefire.junit4.JUnit4Provider.executeWithRerun(JUnit4Provider.java:275) [surefire-junit4-2.20.1.jar:2.20.1]
	at org.apache.maven.surefire.junit4.JUnit4Provider.executeTestSet(JUnit4Provider.java:239) [surefire-junit4-2.20.1.jar:2.20.1]
	at org.apache.maven.surefire.junit4.JUnit4Provider.invoke(JUnit4Provider.java:160) [surefire-junit4-2.20.1.jar:2.20.1]
	at org.apache.maven.surefire.booter.ForkedBooter.invokeProviderInSameClassLoader(ForkedBooter.java:373) [surefire-booter-2.20.1.jar:2.20.1]
	at org.apache.maven.surefire.booter.ForkedBooter.runSuitesInProcess(ForkedBooter.java:334) [surefire-booter-2.20.1.jar:2.20.1]
	at org.apache.maven.surefire.booter.ForkedBooter.execute(ForkedBooter.java:119) [surefire-booter-2.20.1.jar:2.20.1]
	at org.apache.maven.surefire.booter.ForkedBooter.main(ForkedBooter.java:407) [surefire-booter-2.20.1.jar:2.20.1]
15:58:07.090 INFO  org.sonar.java.JavaSquid - Java Main Files AST scan (done) | time=14ms
15:58:07.090 INFO  org.sonar.java.JavaSquid - Java Test Files AST scan
15:58:07.090 INFO  org.sonar.squidbridge.ProgressReport - 0 source files to be analyzed
15:58:07.097 INFO  org.sonar.java.JavaSquid - Java Test Files AST scan (done) | time=7ms
[INFO] Tests run: 5, Failures: 0, Errors: 0, Skipped: 0, Time elapsed: 0.389 s - in org.sonar.java.JavaSquidTest
[INFO] Running org.sonar.java.JavaConstantsTest
[INFO] Tests run: 1, Failures: 0, Errors: 0, Skipped: 0, Time elapsed: 0.001 s - in org.sonar.java.JavaConstantsTest
[INFO] Running org.sonar.java.se.checks.MapComputeIfAbsentOrPresentCheckTest
15:58:07.118 INFO  org.sonar.squidbridge.ProgressReport - 1/1 source files have been analyzed
15:58:07.119 INFO  org.sonar.squidbridge.ProgressReport - 0/0 source files have been analyzed
15:58:07.131 INFO  org.sonar.squidbridge.ProgressReport - 1 source files to be analyzed
15:58:09.285 INFO  org.sonar.squidbridge.ProgressReport - 1/1 source files have been analyzed
[INFO] Tests run: 1, Failures: 0, Errors: 0, Skipped: 0, Time elapsed: 2.195 s - in org.sonar.java.se.checks.MapComputeIfAbsentOrPresentCheckTest
[INFO] Running org.sonar.java.ast.parser.grammar.statements.SwitchStatementTest
[INFO] Tests run: 1, Failures: 0, Errors: 0, Skipped: 0, Time elapsed: 0.004 s - in org.sonar.java.ast.parser.grammar.statements.SwitchStatementTest
[INFO] Running org.sonar.java.ast.parser.grammar.statements.DoStatementTest
[INFO] Tests run: 1, Failures: 0, Errors: 0, Skipped: 0, Time elapsed: 0.004 s - in org.sonar.java.ast.parser.grammar.statements.DoStatementTest
[INFO] Running org.sonar.java.se.ExceptionUtilsTest
[INFO] Tests run: 1, Failures: 0, Errors: 0, Skipped: 0, Time elapsed: 0.016 s - in org.sonar.java.se.ExceptionUtilsTest
[INFO] Running org.sonar.java.ast.parser.grammar.classes.ClassDeclarationTest
[INFO] Tests run: 2, Failures: 0, Errors: 0, Skipped: 0, Time elapsed: 0.011 s - in org.sonar.java.ast.parser.grammar.classes.ClassDeclarationTest
[INFO] Running org.sonar.java.model.PackageUtilsTest
[INFO] Tests run: 4, Failures: 0, Errors: 0, Skipped: 0, Time elapsed: 0.009 s - in org.sonar.java.model.PackageUtilsTest
[INFO] Running org.sonar.java.bytecode.cfg.BytecodeListingParserTest
[INFO] Tests run: 2, Failures: 0, Errors: 0, Skipped: 0, Time elapsed: 0.016 s - in org.sonar.java.bytecode.cfg.BytecodeListingParserTest
[INFO] Running org.sonar.java.ast.parser.grammar.types.ModifiersTest
[INFO] Tests run: 1, Failures: 0, Errors: 0, Skipped: 0, Time elapsed: 0.006 s - in org.sonar.java.ast.parser.grammar.types.ModifiersTest
[INFO] Running org.sonar.java.se.LearnedAssociationTest
[INFO] Tests run: 1, Failures: 0, Errors: 0, Skipped: 0, Time elapsed: 0.193 s - in org.sonar.java.se.LearnedAssociationTest
[INFO] Running org.sonar.java.ast.parser.grammar.moduledirectives.UsesDirectiveTest
[INFO] Tests run: 1, Failures: 0, Errors: 0, Skipped: 0, Time elapsed: 0.005 s - in org.sonar.java.ast.parser.grammar.moduledirectives.UsesDirectiveTest
[INFO] Running org.sonar.java.se.checks.LocksNotUnlockedCheckTest
15:58:09.615 INFO  org.sonar.squidbridge.ProgressReport - 1 source files to be analyzed
15:58:09.676 INFO  org.sonar.squidbridge.ProgressReport - 1/1 source files have been analyzed
15:58:09.682 INFO  org.sonar.squidbridge.ProgressReport - 1 source files to be analyzed
15:58:09.999 INFO  org.sonar.squidbridge.ProgressReport - 1/1 source files have been analyzed
[INFO] Tests run: 3, Failures: 0, Errors: 0, Skipped: 0, Time elapsed: 0.393 s - in org.sonar.java.se.checks.LocksNotUnlockedCheckTest
[INFO] Running org.sonar.java.model.JavaTreeModelTest
[INFO] Tests run: 77, Failures: 0, Errors: 0, Skipped: 0, Time elapsed: 0.396 s - in org.sonar.java.model.JavaTreeModelTest
[INFO] Running org.sonar.java.model.DefaultJavaFileScannerContextTest
[INFO] Tests run: 5, Failures: 0, Errors: 0, Skipped: 0, Time elapsed: 0.041 s - in org.sonar.java.model.DefaultJavaFileScannerContextTest
[INFO] Running org.sonar.java.resolve.FlagsTest
[INFO] Tests run: 2, Failures: 0, Errors: 0, Skipped: 0, Time elapsed: 0 s - in org.sonar.java.resolve.FlagsTest
[INFO] Running org.sonar.java.se.ExplodedGraphTest
[INFO] Tests run: 1, Failures: 0, Errors: 0, Skipped: 0, Time elapsed: 0.053 s - in org.sonar.java.se.ExplodedGraphTest
[INFO] Running org.sonar.java.model.ModifiersUtilsTest
[INFO] Tests run: 3, Failures: 0, Errors: 0, Skipped: 0, Time elapsed: 0.017 s - in org.sonar.java.model.ModifiersUtilsTest
[INFO] Running org.sonar.java.ast.parser.grammar.statements.LocalVariableDeclarationStatementTest
[INFO] Tests run: 1, Failures: 0, Errors: 0, Skipped: 0, Time elapsed: 0.038 s - in org.sonar.java.ast.parser.grammar.statements.LocalVariableDeclarationStatementTest
[INFO] Running org.sonar.java.DefaultJavaResourceLocatorTest
15:58:10.714 INFO  org.sonar.squidbridge.ProgressReport - 1 source files to be analyzed
15:58:10.768 INFO  org.sonar.squidbridge.ProgressReport - 1/1 source files have been analyzed
[INFO] Tests run: 5, Failures: 0, Errors: 0, Skipped: 0, Time elapsed: 0.172 s - in org.sonar.java.DefaultJavaResourceLocatorTest
[INFO] Running org.sonar.java.bytecode.cfg.InstructionsTest
[INFO] Tests run: 1, Failures: 0, Errors: 0, Skipped: 0, Time elapsed: 0.004 s - in org.sonar.java.bytecode.cfg.InstructionsTest
[INFO] Running org.sonar.java.se.checks.FlowComputationTest
15:58:10.831 INFO  org.sonar.squidbridge.ProgressReport - 1 source files to be analyzed
15:58:10.884 INFO  org.sonar.squidbridge.ProgressReport - 1/1 source files have been analyzed
15:58:10.903 INFO  org.sonar.squidbridge.ProgressReport - 1 source files to be analyzed
15:58:10.957 INFO  org.sonar.squidbridge.ProgressReport - 1/1 source files have been analyzed
15:58:10.966 INFO  org.sonar.squidbridge.ProgressReport - 1 source files to be analyzed
15:58:11.055 INFO  org.sonar.squidbridge.ProgressReport - 1/1 source files have been analyzed
15:58:11.068 INFO  org.sonar.squidbridge.ProgressReport - 1 source files to be analyzed
15:58:11.144 INFO  org.sonar.squidbridge.ProgressReport - 1/1 source files have been analyzed
15:58:11.154 INFO  org.sonar.squidbridge.ProgressReport - 1 source files to be analyzed
15:58:11.208 INFO  org.sonar.squidbridge.ProgressReport - 1/1 source files have been analyzed
15:58:11.223 INFO  org.sonar.squidbridge.ProgressReport - 1 source files to be analyzed
15:58:11.268 INFO  org.sonar.squidbridge.ProgressReport - 1/1 source files have been analyzed
15:58:11.276 INFO  org.sonar.squidbridge.ProgressReport - 1 source files to be analyzed
15:58:11.345 INFO  org.sonar.squidbridge.ProgressReport - 1/1 source files have been analyzed
15:58:11.365 INFO  org.sonar.squidbridge.ProgressReport - 1 source files to be analyzed
15:58:11.431 INFO  org.sonar.squidbridge.ProgressReport - 1/1 source files have been analyzed
15:58:11.438 INFO  org.sonar.squidbridge.ProgressReport - 1 source files to be analyzed
15:58:11.468 INFO  org.sonar.squidbridge.ProgressReport - 1/1 source files have been analyzed
15:58:11.478 INFO  org.sonar.squidbridge.ProgressReport - 1 source files to be analyzed
15:58:11.517 INFO  org.sonar.squidbridge.ProgressReport - 1/1 source files have been analyzed
15:58:11.551 INFO  org.sonar.squidbridge.ProgressReport - 1 source files to be analyzed
15:58:11.596 INFO  org.sonar.squidbridge.ProgressReport - 1/1 source files have been analyzed
15:58:11.612 INFO  org.sonar.squidbridge.ProgressReport - 1 source files to be analyzed
15:58:11.674 INFO  org.sonar.squidbridge.ProgressReport - 1/1 source files have been analyzed
15:58:11.681 INFO  org.sonar.squidbridge.ProgressReport - 1 source files to be analyzed
15:58:11.757 INFO  org.sonar.squidbridge.ProgressReport - 1/1 source files have been analyzed
15:58:11.774 INFO  org.sonar.squidbridge.ProgressReport - 1 source files to be analyzed
15:58:11.824 INFO  org.sonar.squidbridge.ProgressReport - 1/1 source files have been analyzed
15:58:11.840 INFO  org.sonar.squidbridge.ProgressReport - 1 source files to be analyzed
15:58:11.902 INFO  org.sonar.squidbridge.ProgressReport - 1/1 source files have been analyzed
15:58:11.903 DEBUG o.s.java.bytecode.ClassLoaderBuilder - ----- Classpath analyzed by Squid:
15:58:11.904 DEBUG o.s.java.bytecode.ClassLoaderBuilder - /home/travis/build/SonarSource/sonar-java/java-frontend/target/test-jars/hibernate-jpa-2.0-api-1.0.1.Final.jar
15:58:11.904 DEBUG o.s.java.bytecode.ClassLoaderBuilder - /home/travis/build/SonarSource/sonar-java/java-frontend/target/test-jars/jsr305-1.3.9.jar
15:58:11.904 DEBUG o.s.java.bytecode.ClassLoaderBuilder - /home/travis/build/SonarSource/sonar-java/java-frontend/target/test-jars/annotations-3.0.0.jar
15:58:11.904 DEBUG o.s.java.bytecode.ClassLoaderBuilder - /home/travis/build/SonarSource/sonar-java/java-frontend/target/test-jars/annotations-13.0.jar
15:58:11.905 DEBUG o.s.java.bytecode.ClassLoaderBuilder - /home/travis/build/SonarSource/sonar-java/java-frontend/target/test-jars/lombok-1.16.4.jar
15:58:11.914 DEBUG o.s.java.bytecode.ClassLoaderBuilder - /home/travis/build/SonarSource/sonar-java/java-frontend/target/test-jars/org.eclipse.jdt.annotation-2.1.100.jar
15:58:11.914 DEBUG o.s.java.bytecode.ClassLoaderBuilder - /home/travis/build/SonarSource/sonar-java/java-frontend/target/test-jars/javaee-api-7.0.jar
15:58:11.914 DEBUG o.s.java.bytecode.ClassLoaderBuilder - /home/travis/build/SonarSource/sonar-java/java-frontend/target/test-jars/commons-lang3-3.5.jar
15:58:11.914 DEBUG o.s.java.bytecode.ClassLoaderBuilder - /home/travis/build/SonarSource/sonar-java/java-frontend/target/test-jars/commons-lang-2.6.jar
15:58:11.914 DEBUG o.s.java.bytecode.ClassLoaderBuilder - /home/travis/build/SonarSource/sonar-java/java-frontend/target/test-jars/guava-20.0.jar
15:58:11.914 DEBUG o.s.java.bytecode.ClassLoaderBuilder - /home/travis/build/SonarSource/sonar-java/java-frontend/target/test-jars/commons-collections-3.2.1.jar
15:58:11.915 DEBUG o.s.java.bytecode.ClassLoaderBuilder - /home/travis/build/SonarSource/sonar-java/java-frontend/target/test-jars/commons-collections4-4.1.jar
15:58:11.915 DEBUG o.s.java.bytecode.ClassLoaderBuilder - /home/travis/build/SonarSource/sonar-java/java-frontend/target/test-jars/log4j-core-2.3.jar
15:58:11.915 DEBUG o.s.java.bytecode.ClassLoaderBuilder - /home/travis/build/SonarSource/sonar-java/java-frontend/target/test-jars/spring-core-4.3.8.RELEASE.jar
15:58:11.915 DEBUG o.s.java.bytecode.ClassLoaderBuilder - /home/travis/build/SonarSource/sonar-java/java-frontend/target/test-jars/junit-jupiter-api-5.0.0-M4.jar
15:58:11.915 DEBUG o.s.java.bytecode.ClassLoaderBuilder - /home/travis/build/SonarSource/sonar-java/java-frontend/target/test-jars/aspectjtools-1.8.10.jar
15:58:11.916 DEBUG o.s.java.bytecode.ClassLoaderBuilder - /home/travis/build/SonarSource/sonar-java/java-frontend/target/test-jars/javax.servlet-api-3.1.0.jar
15:58:11.916 DEBUG o.s.java.bytecode.ClassLoaderBuilder - /home/travis/build/SonarSource/sonar-java/java-frontend/target/test-jars/spring-web-5.0.4.RELEASE.jar
15:58:11.917 DEBUG o.s.java.bytecode.ClassLoaderBuilder - /home/travis/build/SonarSource/sonar-java/java-frontend/target/test-jars/spring-context-5.0.4.RELEASE.jar
15:58:11.936 DEBUG o.s.java.bytecode.ClassLoaderBuilder - /home/travis/build/SonarSource/sonar-java/java-frontend/target/test-classes
15:58:11.936 DEBUG o.s.java.bytecode.ClassLoaderBuilder - -----
15:58:11.941 INFO  org.sonar.squidbridge.ProgressReport - 1 source files to be analyzed
15:58:11.977 DEBUG o.s.j.b.loader.SquidClassLoader - .class not found for Object
15:58:11.977 DEBUG o.s.j.b.loader.SquidClassLoader - .class not found for java.lang.package-info
15:58:11.978 DEBUG o.s.j.b.loader.SquidClassLoader - .class not found for java.lang.Synthetic$Object
15:58:11.978 DEBUG o.s.j.b.loader.SquidClassLoader - .class not found for Object
15:58:11.978 DEBUG o.s.j.b.loader.SquidClassLoader - .class not found for java.lang.Synthetic$Object
15:58:11.978 DEBUG o.s.j.b.loader.SquidClassLoader - .class not found for Object
15:58:11.978 DEBUG o.s.j.b.loader.SquidClassLoader - .class not found for java.lang.Synthetic$Object
15:58:11.978 DEBUG o.s.j.b.loader.SquidClassLoader - .class not found for System
15:58:11.979 DEBUG o.s.j.b.loader.SquidClassLoader - .class not found for java.lang.Synthetic$System
15:58:11.981 DEBUG o.s.j.b.loader.SquidClassLoader - .class not found for System
15:58:11.981 DEBUG o.s.j.b.loader.SquidClassLoader - .class not found for java.lang.Synthetic$System
15:58:11.982 DEBUG o.s.j.b.loader.SquidClassLoader - .class not found for System
15:58:11.982 DEBUG o.s.j.b.loader.SquidClassLoader - .class not found for java.lang.Synthetic$System
15:58:11.982 DEBUG o.s.j.b.loader.SquidClassLoader - .class not found for System
15:58:11.982 DEBUG o.s.j.b.loader.SquidClassLoader - .class not found for java.lang.Synthetic$System
15:58:11.983 DEBUG o.s.j.b.loader.SquidClassLoader - .class not found for System
15:58:11.983 DEBUG o.s.j.b.loader.SquidClassLoader - .class not found for java.lang.Synthetic$System
15:58:11.983 DEBUG o.s.j.b.loader.SquidClassLoader - .class not found for System
15:58:11.983 DEBUG o.s.j.b.loader.SquidClassLoader - .class not found for java.lang.Synthetic$System
15:58:11.984 DEBUG o.s.j.b.loader.SquidClassLoader - .class not found for System
15:58:11.984 DEBUG o.s.j.b.loader.SquidClassLoader - .class not found for java.lang.Synthetic$System
15:58:11.984 DEBUG o.s.j.b.loader.SquidClassLoader - .class not found for System
15:58:11.984 DEBUG o.s.j.b.loader.SquidClassLoader - .class not found for java.lang.Synthetic$System
15:58:11.984 DEBUG o.s.j.b.loader.SquidClassLoader - .class not found for System
15:58:11.985 DEBUG o.s.j.b.loader.SquidClassLoader - .class not found for java.lang.Synthetic$System
15:58:11.985 DEBUG o.s.j.b.loader.SquidClassLoader - .class not found for System
15:58:11.985 DEBUG o.s.j.b.loader.SquidClassLoader - .class not found for java.lang.Synthetic$System
15:58:11.985 DEBUG o.s.j.b.loader.SquidClassLoader - .class not found for System
15:58:11.985 DEBUG o.s.j.b.loader.SquidClassLoader - .class not found for java.lang.Synthetic$System
15:58:11.986 DEBUG o.s.j.b.loader.SquidClassLoader - .class not found for System
15:58:11.986 DEBUG o.s.j.b.loader.SquidClassLoader - .class not found for java.lang.Synthetic$System
15:58:11.986 DEBUG o.s.j.b.loader.SquidClassLoader - .class not found for System
15:58:11.986 DEBUG o.s.j.b.loader.SquidClassLoader - .class not found for java.lang.Synthetic$System
15:58:11.987 DEBUG o.s.j.b.loader.SquidClassLoader - .class not found for System
15:58:11.987 DEBUG o.s.j.b.loader.SquidClassLoader - .class not found for java.lang.Synthetic$System
15:58:11.989 DEBUG o.s.j.b.loader.SquidClassLoader - .class not found for System
15:58:11.989 DEBUG o.s.j.b.loader.SquidClassLoader - .class not found for java.lang.Synthetic$System
15:58:11.989 DEBUG o.s.j.b.loader.SquidClassLoader - .class not found for System
15:58:11.990 DEBUG o.s.j.b.loader.SquidClassLoader - .class not found for java.lang.Synthetic$System
15:58:11.990 DEBUG o.s.j.b.loader.SquidClassLoader - .class not found for System
15:58:11.990 DEBUG o.s.j.b.loader.SquidClassLoader - .class not found for java.lang.Synthetic$System
15:58:11.990 DEBUG o.s.j.b.loader.SquidClassLoader - .class not found for System
15:58:11.991 DEBUG o.s.j.b.loader.SquidClassLoader - .class not found for java.lang.Synthetic$System
15:58:11.991 DEBUG o.s.j.b.loader.SquidClassLoader - .class not found for System
15:58:11.991 DEBUG o.s.j.b.loader.SquidClassLoader - .class not found for java.lang.Synthetic$System
15:58:11.993 DEBUG o.s.j.b.loader.SquidClassLoader - .class not found for A
15:58:11.993 DEBUG o.s.j.bytecode.se.BytecodeEGWalker - Method body not found: %s
15:58:11.994 DEBUG o.s.j.b.loader.SquidClassLoader - .class not found for java.io.package-info
15:58:12.787 INFO  org.sonar.squidbridge.ProgressReport - 1/1 source files have been analyzed
15:58:12.796 INFO  org.sonar.squidbridge.ProgressReport - 1 source files to be analyzed
15:58:12.835 INFO  org.sonar.squidbridge.ProgressReport - 1/1 source files have been analyzed
[INFO] Tests run: 18, Failures: 0, Errors: 0, Skipped: 0, Time elapsed: 2.034 s - in org.sonar.java.se.checks.FlowComputationTest
[INFO] Running org.sonar.java.resolve.SafetyNetTest
[INFO] Tests run: 1, Failures: 0, Errors: 0, Skipped: 0, Time elapsed: 21.953 s - in org.sonar.java.resolve.SafetyNetTest
[INFO] Running org.sonar.java.bytecode.se.BytecodeEGWalkerExecuteTest
[INFO] Tests run: 73, Failures: 0, Errors: 0, Skipped: 0, Time elapsed: 0.448 s - in org.sonar.java.bytecode.se.BytecodeEGWalkerExecuteTest
[INFO] Running org.sonar.java.se.ExplodedGraphWalkerTest
15:58:35.274 INFO  org.sonar.squidbridge.ProgressReport - 1 source files to be analyzed
15:58:35.306 INFO  org.sonar.squidbridge.ProgressReport - 1/1 source files have been analyzed
15:58:35.314 INFO  org.sonar.squidbridge.ProgressReport - 1 source files to be analyzed
15:58:35.334 INFO  org.sonar.squidbridge.ProgressReport - 1/1 source files have been analyzed
15:58:35.348 INFO  org.sonar.squidbridge.ProgressReport - 1 source files to be analyzed
15:58:35.364 INFO  org.sonar.squidbridge.ProgressReport - 1/1 source files have been analyzed
15:58:35.377 INFO  org.sonar.squidbridge.ProgressReport - 1 source files to be analyzed
15:58:35.463 INFO  org.sonar.squidbridge.ProgressReport - 1/1 source files have been analyzed
15:58:35.467 INFO  org.sonar.squidbridge.ProgressReport - 1 source files to be analyzed
15:58:35.511 INFO  org.sonar.squidbridge.ProgressReport - 1/1 source files have been analyzed
15:58:35.517 INFO  org.sonar.squidbridge.ProgressReport - 1 source files to be analyzed
15:58:35.529 INFO  org.sonar.squidbridge.ProgressReport - 1/1 source files have been analyzed
15:58:35.533 INFO  org.sonar.squidbridge.ProgressReport - 1 source files to be analyzed
15:58:35.549 INFO  org.sonar.squidbridge.ProgressReport - 1 source files to be analyzed
15:58:35.549 INFO  org.sonar.squidbridge.ProgressReport - 1/1 source files have been analyzed
15:58:35.581 INFO  org.sonar.squidbridge.ProgressReport - 1/1 source files have been analyzed
15:58:35.591 INFO  org.sonar.squidbridge.ProgressReport - 1 source files to be analyzed
15:58:35.616 INFO  org.sonar.squidbridge.ProgressReport - 1/1 source files have been analyzed
15:58:35.624 INFO  org.sonar.squidbridge.ProgressReport - 1 source files to be analyzed
15:58:36.678 INFO  org.sonar.squidbridge.ProgressReport - 1/1 source files have been analyzed
15:58:36.685 INFO  org.sonar.squidbridge.ProgressReport - 1 source files to be analyzed
15:58:36.725 INFO  org.sonar.squidbridge.ProgressReport - 1/1 source files have been analyzed
15:58:36.735 INFO  org.sonar.squidbridge.ProgressReport - 1 source files to be analyzed
15:58:36.756 INFO  org.sonar.squidbridge.ProgressReport - 1/1 source files have been analyzed
15:58:36.773 INFO  org.sonar.squidbridge.ProgressReport - 1 source files to be analyzed
15:58:36.881 INFO  org.sonar.squidbridge.ProgressReport - 1/1 source files have been analyzed
15:58:36.890 INFO  org.sonar.squidbridge.ProgressReport - 1 source files to be analyzed
15:58:36.978 INFO  org.sonar.squidbridge.ProgressReport - 1/1 source files have been analyzed
15:58:36.985 INFO  org.sonar.squidbridge.ProgressReport - 1 source files to be analyzed
15:58:37.020 INFO  org.sonar.squidbridge.ProgressReport - 1/1 source files have been analyzed
15:58:37.030 INFO  org.sonar.squidbridge.ProgressReport - 1 source files to be analyzed
15:58:37.049 INFO  org.sonar.squidbridge.ProgressReport - 1 source files to be analyzed
15:58:37.052 INFO  org.sonar.squidbridge.ProgressReport - 1/1 source files have been analyzed
15:58:38.001 INFO  org.sonar.squidbridge.ProgressReport - 1/1 source files have been analyzed
15:58:38.008 INFO  org.sonar.squidbridge.ProgressReport - 1 source files to be analyzed
15:58:38.047 INFO  org.sonar.squidbridge.ProgressReport - 1/1 source files have been analyzed
15:58:38.055 INFO  org.sonar.squidbridge.ProgressReport - 1 source files to be analyzed
15:58:38.070 INFO  org.sonar.squidbridge.ProgressReport - 1/1 source files have been analyzed
15:58:38.076 INFO  org.sonar.squidbridge.ProgressReport - 1 source files to be analyzed
15:58:38.099 INFO  org.sonar.squidbridge.ProgressReport - 1 source files to be analyzed
15:58:38.101 INFO  org.sonar.squidbridge.ProgressReport - 1/1 source files have been analyzed
15:58:48.118 INFO  org.sonar.squidbridge.ProgressReport - 0/1 files analyzed, current file: /home/travis/build/SonarSource/sonar-java/java-frontend/src/test/files/se/MaxStepsWithIssue.java
15:58:50.053 INFO  org.sonar.squidbridge.ProgressReport - 1/1 source files have been analyzed
15:58:50.073 INFO  org.sonar.squidbridge.ProgressReport - 1 source files to be analyzed
15:58:50.089 INFO  org.sonar.squidbridge.ProgressReport - 1 source files to be analyzed
15:58:50.091 INFO  org.sonar.squidbridge.ProgressReport - 1/1 source files have been analyzed
15:58:50.109 INFO  org.sonar.squidbridge.ProgressReport - 1/1 source files have been analyzed
15:58:50.118 INFO  org.sonar.squidbridge.ProgressReport - 1 source files to be analyzed
15:58:50.139 INFO  org.sonar.squidbridge.ProgressReport - 1/1 source files have been analyzed
15:58:50.147 INFO  org.sonar.squidbridge.ProgressReport - 1 source files to be analyzed
15:58:50.162 INFO  org.sonar.squidbridge.ProgressReport - 1/1 source files have been analyzed
15:58:50.169 INFO  org.sonar.squidbridge.ProgressReport - 1 source files to be analyzed
15:58:50.188 INFO  org.sonar.squidbridge.ProgressReport - 1 source files to be analyzed
15:58:50.189 INFO  org.sonar.squidbridge.ProgressReport - 1/1 source files have been analyzed
15:58:50.221 INFO  org.sonar.squidbridge.ProgressReport - 1/1 source files have been analyzed
15:58:50.228 INFO  org.sonar.squidbridge.ProgressReport - 1 source files to be analyzed
15:58:50.244 INFO  org.sonar.squidbridge.ProgressReport - 1/1 source files have been analyzed
15:58:50.453 INFO  org.sonar.squidbridge.ProgressReport - 1 source files to be analyzed
15:58:50.469 INFO  org.sonar.squidbridge.ProgressReport - 1 source files to be analyzed
15:58:50.471 INFO  org.sonar.squidbridge.ProgressReport - 1/1 source files have been analyzed
15:58:50.486 INFO  org.sonar.squidbridge.ProgressReport - 1/1 source files have been analyzed
15:58:50.496 INFO  org.sonar.squidbridge.ProgressReport - 1 source files to be analyzed
15:58:51.204 INFO  org.sonar.squidbridge.ProgressReport - 1/1 source files have been analyzed
15:58:51.211 INFO  org.sonar.squidbridge.ProgressReport - 1 source files to be analyzed
15:58:51.240 INFO  org.sonar.squidbridge.ProgressReport - 1 source files to be analyzed
15:58:51.244 INFO  org.sonar.squidbridge.ProgressReport - 1/1 source files have been analyzed
15:58:53.841 INFO  org.sonar.squidbridge.ProgressReport - 1/1 source files have been analyzed
15:58:53.846 INFO  org.sonar.squidbridge.ProgressReport - 1 source files to be analyzed
15:58:53.866 INFO  org.sonar.squidbridge.ProgressReport - 1 source files to be analyzed
15:58:53.866 INFO  org.sonar.squidbridge.ProgressReport - 1/1 source files have been analyzed
15:58:53.880 INFO  org.sonar.squidbridge.ProgressReport - 1 source files to be analyzed
15:58:53.881 INFO  org.sonar.squidbridge.ProgressReport - 1/1 source files have been analyzed
15:58:53.915 INFO  org.sonar.squidbridge.ProgressReport - 1/1 source files have been analyzed
[INFO] Tests run: 31, Failures: 0, Errors: 0, Skipped: 0, Time elapsed: 18.661 s - in org.sonar.java.se.ExplodedGraphWalkerTest
[INFO] Running org.sonar.java.se.checks.CustomUnclosedResourcesCheckTest
15:58:53.920 INFO  org.sonar.squidbridge.ProgressReport - 1 source files to be analyzed
15:58:53.965 INFO  org.sonar.squidbridge.ProgressReport - 1/1 source files have been analyzed
15:58:53.982 INFO  org.sonar.squidbridge.ProgressReport - 1 source files to be analyzed
15:58:54.004 INFO  org.sonar.squidbridge.ProgressReport - 1/1 source files have been analyzed
15:58:54.010 INFO  org.sonar.squidbridge.ProgressReport - 1 source files to be analyzed
15:58:54.027 INFO  org.sonar.squidbridge.ProgressReport - 1/1 source files have been analyzed
15:58:54.034 INFO  org.sonar.squidbridge.ProgressReport - 1 source files to be analyzed
15:58:54.060 INFO  org.sonar.squidbridge.ProgressReport - 1/1 source files have been analyzed
15:58:54.066 INFO  org.sonar.squidbridge.ProgressReport - 1 source files to be analyzed
15:58:54.084 INFO  org.sonar.squidbridge.ProgressReport - 1/1 source files have been analyzed
15:58:54.091 INFO  org.sonar.squidbridge.ProgressReport - 1 source files to be analyzed
15:58:54.110 INFO  org.sonar.squidbridge.ProgressReport - 1/1 source files have been analyzed
15:58:54.117 INFO  org.sonar.squidbridge.ProgressReport - 1 source files to be analyzed
15:58:54.133 INFO  org.sonar.squidbridge.ProgressReport - 1/1 source files have been analyzed
[INFO] Tests run: 7, Failures: 0, Errors: 0, Skipped: 0, Time elapsed: 0.215 s - in org.sonar.java.se.checks.CustomUnclosedResourcesCheckTest
[INFO] Running org.sonar.java.ast.parser.grammar.statements.BlockStatementTest
[INFO] Tests run: 1, Failures: 0, Errors: 0, Skipped: 0, Time elapsed: 0.011 s - in org.sonar.java.ast.parser.grammar.statements.BlockStatementTest
[INFO] Running org.sonar.java.model.declaration.MethodTreeImplTest
[INFO] Tests run: 15, Failures: 0, Errors: 0, Skipped: 0, Time elapsed: 0.457 s - in org.sonar.java.model.declaration.MethodTreeImplTest
[INFO] Running org.sonar.java.ast.parser.grammar.statements.FinallyTest
[INFO] Tests run: 1, Failures: 0, Errors: 0, Skipped: 0, Time elapsed: 0.016 s - in org.sonar.java.ast.parser.grammar.statements.FinallyTest
[INFO] Running org.sonar.java.ast.parser.grammar.moduledirectives.RequiresDirectiveTest
[INFO] Tests run: 3, Failures: 0, Errors: 0, Skipped: 0, Time elapsed: 0.002 s - in org.sonar.java.ast.parser.grammar.moduledirectives.RequiresDirectiveTest
[INFO] Running org.sonar.java.ast.parser.grammar.literals.StringLiteralTest
[INFO] Tests run: 2, Failures: 0, Errors: 0, Skipped: 0, Time elapsed: 0.001 s - in org.sonar.java.ast.parser.grammar.literals.StringLiteralTest
[INFO] Running org.sonar.java.model.declaration.ModuleDeclarationTreeImplTest
[INFO] Tests run: 3, Failures: 0, Errors: 0, Skipped: 0, Time elapsed: 0.028 s - in org.sonar.java.model.declaration.ModuleDeclarationTreeImplTest
[INFO] Running org.sonar.java.se.checks.ParameterNullnessCheckTest
15:58:54.697 INFO  org.sonar.squidbridge.ProgressReport - 1 source files to be analyzed
15:58:54.749 INFO  org.sonar.squidbridge.ProgressReport - 1/1 source files have been analyzed
[INFO] Tests run: 1, Failures: 0, Errors: 0, Skipped: 0, Time elapsed: 0.06 s - in org.sonar.java.se.checks.ParameterNullnessCheckTest
[INFO] Running org.sonar.java.cfg.CFGTest
[INFO] Tests run: 73, Failures: 0, Errors: 0, Skipped: 0, Time elapsed: 0.671 s - in org.sonar.java.cfg.CFGTest
[INFO] Running org.sonar.java.se.checks.debug.DebugMethodYieldsOnInvocationsCheckTest
15:58:55.440 INFO  org.sonar.squidbridge.ProgressReport - 1 source files to be analyzed
15:58:55.465 INFO  org.sonar.squidbridge.ProgressReport - 1 source files to be analyzed
15:58:55.467 INFO  org.sonar.squidbridge.ProgressReport - 1/1 source files have been analyzed
15:58:55.499 INFO  org.sonar.squidbridge.ProgressReport - 1/1 source files have been analyzed
[INFO] Tests run: 2, Failures: 0, Errors: 0, Skipped: 0, Time elapsed: 0.058 s - in org.sonar.java.se.checks.debug.DebugMethodYieldsOnInvocationsCheckTest
[INFO] Running org.sonar.java.model.declaration.ClassTreeImplTest
[INFO] Tests run: 2, Failures: 0, Errors: 0, Skipped: 0, Time elapsed: 0.019 s - in org.sonar.java.model.declaration.ClassTreeImplTest
[INFO] Running org.sonar.java.se.checks.OptionalGetBeforeIsPresentCheckTest
15:58:55.536 INFO  org.sonar.squidbridge.ProgressReport - 1 source files to be analyzed
15:58:55.591 INFO  org.sonar.squidbridge.ProgressReport - 1/1 source files have been analyzed
15:58:55.599 INFO  org.sonar.squidbridge.ProgressReport - 1 source files to be analyzed
15:58:55.641 INFO  org.sonar.squidbridge.ProgressReport - 1/1 source files have been analyzed
[INFO] Tests run: 2, Failures: 0, Errors: 0, Skipped: 0, Time elapsed: 0.115 s - in org.sonar.java.se.checks.OptionalGetBeforeIsPresentCheckTest
[INFO] Running org.sonar.java.ast.parser.grammar.moduledirectives.ExportsDirectiveTest
[INFO] Tests run: 1, Failures: 0, Errors: 0, Skipped: 0, Time elapsed: 0.003 s - in org.sonar.java.ast.parser.grammar.moduledirectives.ExportsDirectiveTest
[INFO] Running org.sonar.java.cfg.LiveVariablesTest
[INFO] Tests run: 10, Failures: 0, Errors: 0, Skipped: 0, Time elapsed: 0.124 s - in org.sonar.java.cfg.LiveVariablesTest
[INFO] Running org.sonar.java.se.checks.NonNullSetToNullCheckTest
15:58:55.782 INFO  org.sonar.squidbridge.ProgressReport - 1 source files to be analyzed
15:58:56.038 INFO  org.sonar.squidbridge.ProgressReport - 1/1 source files have been analyzed
[INFO] Tests run: 1, Failures: 0, Errors: 0, Skipped: 0, Time elapsed: 0.261 s - in org.sonar.java.se.checks.NonNullSetToNullCheckTest
[INFO] Running org.sonar.java.ast.api.JavaRestrictedKeywordTest
[INFO] Tests run: 1, Failures: 0, Errors: 0, Skipped: 0, Time elapsed: 0.001 s - in org.sonar.java.ast.api.JavaRestrictedKeywordTest
[INFO] Running org.sonar.java.resolve.BytecodeCompleterTest
15:58:56.087 WARN  o.sonar.java.resolve.BytecodeVisitor - bridge method setSliderMinValue not marked as synthetic in class model42/PresentationModel42
15:58:56.087 WARN  o.sonar.java.resolve.BytecodeVisitor - bridge method setSliderMaxValue not marked as synthetic in class model42/PresentationModel42
15:58:56.087 WARN  o.sonar.java.resolve.BytecodeVisitor - bridge method setSliderValue not marked as synthetic in class model42/PresentationModel42
15:58:56.087 WARN  o.sonar.java.resolve.BytecodeVisitor - bridge method setSliderEnabled not marked as synthetic in class model42/PresentationModel42
15:58:56.088 WARN  o.sonar.java.resolve.BytecodeVisitor - bridge method setAutoSliderCheckboxSelected not marked as synthetic in class model42/PresentationModel42
15:58:56.088 WARN  o.sonar.java.resolve.BytecodeVisitor - bridge method setAutoSliderCheckboxEnabled not marked as synthetic in class model42/PresentationModel42
15:58:56.088 WARN  o.sonar.java.resolve.BytecodeVisitor - bridge method setAutoSliderLowerLimit not marked as synthetic in class model42/PresentationModel42
15:58:56.088 WARN  o.sonar.java.resolve.BytecodeVisitor - bridge method setAutoSliderUpperLimit not marked as synthetic in class model42/PresentationModel42
15:58:56.088 WARN  o.sonar.java.resolve.BytecodeVisitor - bridge method setDoPaintAutoSliderRange not marked as synthetic in class model42/PresentationModel42
15:58:56.088 WARN  o.sonar.java.resolve.BytecodeVisitor - bridge method setCpuLoadSetpointPercentage not marked as synthetic in class model42/PresentationModel42
15:58:56.088 WARN  o.sonar.java.resolve.BytecodeVisitor - bridge method setAdjustIntervalSeconds not marked as synthetic in class model42/PresentationModel42
15:58:56.091 WARN  o.sonar.java.resolve.BytecodeVisitor - bridge method setActualNumberOfWorkers not marked as synthetic in class model42/PresentationModel42
[INFO] Tests run: 41, Failures: 0, Errors: 0, Skipped: 0, Time elapsed: 0.202 s - in org.sonar.java.resolve.BytecodeCompleterTest
[INFO] Running org.sonar.java.se.xproc.MethodYieldTest
[INFO] Tests run: 12, Failures: 0, Errors: 0, Skipped: 0, Time elapsed: 0.189 s - in org.sonar.java.se.xproc.MethodYieldTest
[INFO] Running org.sonar.java.ast.parser.grammar.literals.IdentifierTest
[INFO] Tests run: 1, Failures: 0, Errors: 0, Skipped: 0, Time elapsed: 0.003 s - in org.sonar.java.ast.parser.grammar.literals.IdentifierTest
[INFO] Running org.sonar.java.resolve.LeastUpperBoundTest
[INFO] Tests run: 19, Failures: 0, Errors: 0, Skipped: 0, Time elapsed: 0.177 s - in org.sonar.java.resolve.LeastUpperBoundTest
[INFO] Running org.sonar.java.ast.parser.grammar.units.PackageDeclarationTest
[INFO] Tests run: 1, Failures: 0, Errors: 0, Skipped: 0, Time elapsed: 0.004 s - in org.sonar.java.ast.parser.grammar.units.PackageDeclarationTest
[INFO] Running org.sonar.java.ast.parser.grammar.types.BoundTest
[INFO] Tests run: 1, Failures: 0, Errors: 0, Skipped: 0, Time elapsed: 0.004 s - in org.sonar.java.ast.parser.grammar.types.BoundTest
[INFO] Running org.sonar.plugins.java.api.IssuableSubscriptionVisitorTest
15:58:56.678 INFO  org.sonar.squidbridge.ProgressReport - 1 source files to be analyzed
15:58:56.683 INFO  org.sonar.squidbridge.ProgressReport - 1/1 source files have been analyzed
[INFO] Tests run: 1, Failures: 0, Errors: 0, Skipped: 0, Time elapsed: 0.012 s - in org.sonar.plugins.java.api.IssuableSubscriptionVisitorTest
[INFO] Running org.sonar.java.ast.parser.grammar.types.TypeTest
[INFO] Tests run: 1, Failures: 0, Errors: 0, Skipped: 0, Time elapsed: 0.012 s - in org.sonar.java.ast.parser.grammar.types.TypeTest
[INFO] Running org.sonar.plugins.java.api.tree.TreeTest
[INFO] Tests run: 1, Failures: 0, Errors: 0, Skipped: 0, Time elapsed: 0 s - in org.sonar.plugins.java.api.tree.TreeTest
[INFO] Running org.sonar.java.JavaVersionAwareVisitorTest
15:58:56.695 INFO  org.sonar.java.JavaSquid - Java Main Files AST scan
15:58:56.695 INFO  org.sonar.squidbridge.ProgressReport - 1 source files to be analyzed
15:58:56.712 INFO  org.sonar.java.JavaSquid - Java Main Files AST scan (done) | time=17ms
15:58:56.712 INFO  org.sonar.java.JavaSquid - Java Test Files AST scan
15:58:56.712 INFO  org.sonar.squidbridge.ProgressReport - 0 source files to be analyzed
15:58:56.716 INFO  org.sonar.squidbridge.ProgressReport - 1/1 source files have been analyzed
15:58:56.718 INFO  org.sonar.java.JavaSquid - Java Test Files AST scan (done) | time=6ms
15:58:56.721 INFO  org.sonar.java.JavaSquid - Java Main Files AST scan
15:58:56.721 INFO  org.sonar.squidbridge.ProgressReport - 1 source files to be analyzed
15:58:56.725 INFO  org.sonar.squidbridge.ProgressReport - 0/0 source files have been analyzed
15:58:56.728 INFO  org.sonar.java.JavaSquid - Java Main Files AST scan (done) | time=7ms
15:58:56.729 INFO  org.sonar.java.JavaSquid - Java Test Files AST scan
15:58:56.729 INFO  org.sonar.squidbridge.ProgressReport - 0 source files to be analyzed
15:58:56.732 INFO  org.sonar.squidbridge.ProgressReport - 1/1 source files have been analyzed
15:58:56.733 INFO  org.sonar.java.JavaSquid - Java Test Files AST scan (done) | time=4ms
15:58:56.735 INFO  org.sonar.java.JavaSquid - Java Main Files AST scan
15:58:56.735 INFO  org.sonar.squidbridge.ProgressReport - 1 source files to be analyzed
15:58:56.739 INFO  org.sonar.squidbridge.ProgressReport - 0/0 source files have been analyzed
15:58:56.742 INFO  org.sonar.java.JavaSquid - Java Main Files AST scan (done) | time=7ms
15:58:56.742 INFO  org.sonar.java.JavaSquid - Java Test Files AST scan
15:58:56.742 INFO  org.sonar.squidbridge.ProgressReport - 0 source files to be analyzed
15:58:56.743 INFO  org.sonar.squidbridge.ProgressReport - 1/1 source files have been analyzed
15:58:56.748 INFO  org.sonar.java.JavaSquid - Java Test Files AST scan (done) | time=6ms
15:58:56.751 INFO  org.sonar.java.JavaSquid - Java Main Files AST scan
15:58:56.751 INFO  org.sonar.squidbridge.ProgressReport - 1 source files to be analyzed
15:58:56.756 INFO  org.sonar.squidbridge.ProgressReport - 0/0 source files have been analyzed
15:58:56.764 INFO  org.sonar.java.JavaSquid - Java Main Files AST scan (done) | time=13ms
15:58:56.764 INFO  org.sonar.java.JavaSquid - Java Test Files AST scan
15:58:56.764 INFO  org.sonar.squidbridge.ProgressReport - 0 source files to be analyzed
15:58:56.769 INFO  org.sonar.squidbridge.ProgressReport - 1/1 source files have been analyzed
15:58:56.771 INFO  org.sonar.java.JavaSquid - Java Test Files AST scan (done) | time=7ms
15:58:56.773 INFO  org.sonar.java.JavaSquid - Java Main Files AST scan
15:58:56.773 INFO  org.sonar.squidbridge.ProgressReport - 1 source files to be analyzed
15:58:56.779 INFO  org.sonar.squidbridge.ProgressReport - 0/0 source files have been analyzed
15:58:56.782 INFO  org.sonar.java.JavaSquid - Java Main Files AST scan (done) | time=9ms
15:58:56.782 INFO  org.sonar.java.JavaSquid - Java Test Files AST scan
15:58:56.782 INFO  org.sonar.squidbridge.ProgressReport - 0 source files to be analyzed
15:58:56.788 INFO  org.sonar.java.JavaSquid - Java Test Files AST scan (done) | time=5ms
[INFO] Tests run: 4, Failures: 0, Errors: 0, Skipped: 0, Time elapsed: 0.086 s - in org.sonar.java.JavaVersionAwareVisitorTest
[INFO] Running org.sonar.java.ast.parser.grammar.statements.ReturnStatementTest
15:58:56.788 INFO  org.sonar.squidbridge.ProgressReport - 1/1 source files have been analyzed
[INFO] Tests run: 1, Failures: 0, Errors: 0, Skipped: 0, Time elapsed: 0.006 s - in org.sonar.java.ast.parser.grammar.statements.ReturnStatementTest
[INFO] Running org.sonar.java.se.checks.debug.DebugMethodYieldsCheckTest
15:58:56.792 INFO  org.sonar.squidbridge.ProgressReport - 0/0 source files have been analyzed
15:58:56.804 INFO  org.sonar.squidbridge.ProgressReport - 1 source files to be analyzed
15:58:56.829 INFO  org.sonar.squidbridge.ProgressReport - 1/1 source files have been analyzed
15:58:56.835 INFO  org.sonar.squidbridge.ProgressReport - 1 source files to be analyzed
[INFO] Tests run: 2, Failures: 0, Errors: 0, Skipped: 0, Time elapsed: 0.055 s - in org.sonar.java.se.checks.debug.DebugMethodYieldsCheckTest
[INFO] Running org.sonar.java.resolve.JavaSymbolTest
15:58:56.863 INFO  org.sonar.squidbridge.ProgressReport - 1/1 source files have been analyzed
[INFO] Tests run: 11, Failures: 0, Errors: 0, Skipped: 0, Time elapsed: 0.203 s - in org.sonar.java.resolve.JavaSymbolTest
[INFO] Running org.sonar.java.ast.parser.grammar.parameters.FormalParameterTest
[INFO] Tests run: 1, Failures: 0, Errors: 0, Skipped: 0, Time elapsed: 0.004 s - in org.sonar.java.ast.parser.grammar.parameters.FormalParameterTest
[INFO] Running org.sonar.java.ast.parser.grammar.statements.WhileStatementTest
[INFO] Tests run: 1, Failures: 0, Errors: 0, Skipped: 0, Time elapsed: 0.004 s - in org.sonar.java.ast.parser.grammar.statements.WhileStatementTest
[INFO] Running org.sonar.java.resolve.ConvertTest
[INFO] Tests run: 8, Failures: 0, Errors: 0, Skipped: 0, Time elapsed: 0.003 s - in org.sonar.java.resolve.ConvertTest
[INFO] Running org.sonar.java.ast.parser.grammar.types.TypeParametersTest
[INFO] Tests run: 1, Failures: 0, Errors: 0, Skipped: 0, Time elapsed: 0.004 s - in org.sonar.java.ast.parser.grammar.types.TypeParametersTest
[INFO] Running org.sonar.java.model.declaration.ExportsDirectiveTreeImplTest
[INFO] Tests run: 3, Failures: 0, Errors: 0, Skipped: 0, Time elapsed: 0.019 s - in org.sonar.java.model.declaration.ExportsDirectiveTreeImplTest
[INFO] Running org.sonar.java.se.constraint.ConstraintManagerTest
[INFO] Tests run: 17, Failures: 0, Errors: 0, Skipped: 0, Time elapsed: 0.019 s - in org.sonar.java.se.constraint.ConstraintManagerTest
[INFO] Running org.sonar.java.se.checks.DivisionByZeroCheckTest
15:58:57.161 INFO  org.sonar.squidbridge.ProgressReport - 1 source files to be analyzed
15:58:57.247 INFO  org.sonar.squidbridge.ProgressReport - 1/1 source files have been analyzed
15:58:57.258 INFO  org.sonar.squidbridge.ProgressReport - 1 source files to be analyzed
15:58:57.401 INFO  org.sonar.squidbridge.ProgressReport - 1/1 source files have been analyzed
[INFO] Tests run: 3, Failures: 0, Errors: 0, Skipped: 0, Time elapsed: 0.246 s - in org.sonar.java.se.checks.DivisionByZeroCheckTest
[INFO] Running org.sonar.java.matcher.MethodMatcherFactoryTest
15:58:57.409 INFO  org.sonar.squidbridge.ProgressReport - 1 source files to be analyzed
15:58:57.424 INFO  org.sonar.squidbridge.ProgressReport - 1/1 source files have been analyzed
15:58:57.429 INFO  org.sonar.squidbridge.ProgressReport - 1 source files to be analyzed
15:58:57.444 INFO  org.sonar.squidbridge.ProgressReport - 1/1 source files have been analyzed
15:58:57.459 INFO  org.sonar.squidbridge.ProgressReport - 1 source files to be analyzed
15:58:57.477 INFO  org.sonar.squidbridge.ProgressReport - 1/1 source files have been analyzed
[INFO] Tests run: 4, Failures: 0, Errors: 0, Skipped: 0, Time elapsed: 0.074 s - in org.sonar.java.matcher.MethodMatcherFactoryTest
[INFO] Running org.sonar.java.ast.parser.grammar.moduledirectives.ProvidesDirectiveTest
[INFO] Tests run: 1, Failures: 0, Errors: 0, Skipped: 0, Time elapsed: 0.006 s - in org.sonar.java.ast.parser.grammar.moduledirectives.ProvidesDirectiveTest
[INFO] Running org.sonar.java.ast.visitors.FileLinesVisitorTest
15:58:57.507 INFO  org.sonar.java.JavaSquid - Java Main Files AST scan
15:58:57.508 INFO  org.sonar.squidbridge.ProgressReport - 1 source files to be analyzed
15:58:57.522 INFO  org.sonar.java.JavaSquid - Java Main Files AST scan (done) | time=15ms
15:58:57.522 INFO  org.sonar.java.JavaSquid - Java Test Files AST scan
15:58:57.522 INFO  org.sonar.squidbridge.ProgressReport - 0 source files to be analyzed
15:58:57.522 INFO  org.sonar.squidbridge.ProgressReport - 1/1 source files have been analyzed
15:58:57.523 INFO  org.sonar.java.JavaSquid - Java Test Files AST scan (done) | time=1ms
15:58:57.544 INFO  org.sonar.squidbridge.ProgressReport - 0/0 source files have been analyzed
15:58:57.551 INFO  org.sonar.java.JavaSquid - Java Main Files AST scan
15:58:57.551 INFO  org.sonar.squidbridge.ProgressReport - 1 source files to be analyzed
15:58:57.670 INFO  org.sonar.java.JavaSquid - Java Main Files AST scan (done) | time=119ms
15:58:57.671 INFO  org.sonar.java.JavaSquid - Java Test Files AST scan
15:58:57.671 INFO  org.sonar.squidbridge.ProgressReport - 0 source files to be analyzed
15:58:57.671 INFO  org.sonar.java.JavaSquid - Java Test Files AST scan (done) | time=0ms
15:58:57.670 INFO  org.sonar.squidbridge.ProgressReport - 1/1 source files have been analyzed
15:58:57.678 INFO  org.sonar.java.JavaSquid - Java Main Files AST scan
15:58:57.678 INFO  org.sonar.squidbridge.ProgressReport - 1 source files to be analyzed
15:58:57.689 INFO  org.sonar.squidbridge.ProgressReport - 0/0 source files have been analyzed
15:58:57.764 INFO  org.sonar.java.JavaSquid - Java Main Files AST scan (done) | time=86ms
15:58:57.764 INFO  org.sonar.java.JavaSquid - Java Test Files AST scan
15:58:57.765 INFO  org.sonar.squidbridge.ProgressReport - 0 source files to be analyzed
15:58:57.765 INFO  org.sonar.java.JavaSquid - Java Test Files AST scan (done) | time=1ms
15:58:57.764 INFO  org.sonar.squidbridge.ProgressReport - 1/1 source files have been analyzed
15:58:57.769 INFO  org.sonar.java.JavaSquid - Java Main Files AST scan
15:58:57.769 INFO  org.sonar.squidbridge.ProgressReport - 1 source files to be analyzed
15:58:57.769 INFO  org.sonar.squidbridge.ProgressReport - 0/0 source files have been analyzed
15:58:57.796 INFO  org.sonar.java.JavaSquid - Java Main Files AST scan (done) | time=28ms
15:58:57.796 INFO  org.sonar.java.JavaSquid - Java Test Files AST scan
15:58:57.797 INFO  org.sonar.squidbridge.ProgressReport - 0 source files to be analyzed
15:58:57.798 INFO  org.sonar.java.JavaSquid - Java Test Files AST scan (done) | time=2ms
15:58:57.796 INFO  org.sonar.squidbridge.ProgressReport - 1/1 source files have been analyzed
15:58:57.802 INFO  org.sonar.squidbridge.ProgressReport - 0/0 source files have been analyzed
15:58:57.933 INFO  org.sonar.java.JavaSquid - Java Main Files AST scan
15:58:57.933 INFO  org.sonar.squidbridge.ProgressReport - 1 source files to be analyzed
15:58:57.940 INFO  org.sonar.java.JavaSquid - Java Main Files AST scan (done) | time=7ms
15:58:57.940 INFO  org.sonar.java.JavaSquid - Java Test Files AST scan
15:58:57.940 INFO  org.sonar.squidbridge.ProgressReport - 0 source files to be analyzed
15:58:57.949 INFO  org.sonar.squidbridge.ProgressReport - 1/1 source files have been analyzed
15:58:57.949 INFO  org.sonar.java.JavaSquid - Java Test Files AST scan (done) | time=9ms
[INFO] Tests run: 4, Failures: 0, Errors: 0, Skipped: 0, Time elapsed: 0.471 s - in org.sonar.java.ast.visitors.FileLinesVisitorTest
[INFO] Running org.sonar.java.collections.SinglyLinkedListTest
[INFO] Tests run: 8, Failures: 0, Errors: 0, Skipped: 0, Time elapsed: 0.004 s - in org.sonar.java.collections.SinglyLinkedListTest
[INFO] Running org.sonar.java.model.declaration.OpensDirectiveTreeImplTest
15:58:57.984 INFO  org.sonar.squidbridge.ProgressReport - 0/0 source files have been analyzed
[INFO] Tests run: 3, Failures: 0, Errors: 0, Skipped: 0, Time elapsed: 0.029 s - in org.sonar.java.model.declaration.OpensDirectiveTreeImplTest
[INFO] Running org.sonar.java.MeasurerTest
15:58:58.007 INFO  org.sonar.java.JavaSquid - Java Main Files AST scan
15:58:58.007 INFO  org.sonar.squidbridge.ProgressReport - 1 source files to be analyzed
15:58:58.026 INFO  org.sonar.squidbridge.ProgressReport - 1/1 source files have been analyzed
15:58:58.026 INFO  org.sonar.java.JavaSquid - Java Main Files AST scan (done) | time=19ms
15:58:58.026 INFO  org.sonar.java.JavaSquid - Java Test Files AST scan
15:58:58.027 INFO  org.sonar.squidbridge.ProgressReport - 0 source files to be analyzed
15:58:58.027 INFO  org.sonar.java.JavaSquid - Java Test Files AST scan (done) | time=1ms
15:58:58.031 INFO  org.sonar.java.JavaSquid - Java Main Files AST scan
15:58:58.031 INFO  org.sonar.squidbridge.ProgressReport - 1 source files to be analyzed
15:58:58.032 INFO  org.sonar.squidbridge.ProgressReport - 0/0 source files have been analyzed
15:58:58.033 INFO  org.sonar.java.JavaSquid - Java Main Files AST scan (done) | time=2ms
15:58:58.033 INFO  org.sonar.java.JavaSquid - Java Test Files AST scan
15:58:58.033 INFO  org.sonar.squidbridge.ProgressReport - 0 source files to be analyzed
15:58:58.034 INFO  org.sonar.squidbridge.ProgressReport - 1/1 source files have been analyzed
15:58:58.034 INFO  org.sonar.java.JavaSquid - Java Test Files AST scan (done) | time=1ms
15:58:58.037 INFO  org.sonar.java.JavaSquid - Java Main Files AST scan
15:58:58.037 INFO  org.sonar.squidbridge.ProgressReport - 1 source files to be analyzed
15:58:58.037 INFO  org.sonar.squidbridge.ProgressReport - 0/0 source files have been analyzed
15:58:58.039 INFO  org.sonar.java.JavaSquid - Java Main Files AST scan (done) | time=2ms
15:58:58.039 INFO  org.sonar.java.JavaSquid - Java Test Files AST scan
15:58:58.039 INFO  org.sonar.squidbridge.ProgressReport - 0 source files to be analyzed
15:58:58.039 INFO  org.sonar.squidbridge.ProgressReport - 1/1 source files have been analyzed
15:58:58.039 INFO  org.sonar.java.JavaSquid - Java Test Files AST scan (done) | time=0ms
15:58:58.042 INFO  org.sonar.java.JavaSquid - Java Main Files AST scan
15:58:58.042 INFO  org.sonar.squidbridge.ProgressReport - 1 source files to be analyzed
15:58:58.042 INFO  org.sonar.squidbridge.ProgressReport - 0/0 source files have been analyzed
15:58:58.057 INFO  org.sonar.java.JavaSquid - Java Main Files AST scan (done) | time=15ms
15:58:58.057 INFO  org.sonar.java.JavaSquid - Java Test Files AST scan
15:58:58.057 INFO  org.sonar.squidbridge.ProgressReport - 0 source files to be analyzed
15:58:58.057 INFO  org.sonar.squidbridge.ProgressReport - 1/1 source files have been analyzed
15:58:58.057 INFO  org.sonar.java.JavaSquid - Java Test Files AST scan (done) | time=0ms
15:58:58.060 INFO  org.sonar.java.JavaSquid - Java Main Files AST scan
15:58:58.061 INFO  org.sonar.squidbridge.ProgressReport - 1 source files to be analyzed
15:58:58.061 INFO  org.sonar.squidbridge.ProgressReport - 0/0 source files have been analyzed
15:58:58.078 INFO  org.sonar.java.JavaSquid - Java Main Files AST scan (done) | time=18ms
15:58:58.078 INFO  org.sonar.java.JavaSquid - Java Test Files AST scan
15:58:58.079 INFO  org.sonar.squidbridge.ProgressReport - 0 source files to be analyzed
15:58:58.079 INFO  org.sonar.java.JavaSquid - Java Test Files AST scan (done) | time=1ms
15:58:58.082 INFO  org.sonar.java.JavaSquid - Java Main Files AST scan
15:58:58.082 INFO  org.sonar.squidbridge.ProgressReport - 1 source files to be analyzed
15:58:58.082 INFO  org.sonar.squidbridge.ProgressReport - 0/0 source files have been analyzed
15:58:58.088 INFO  org.sonar.squidbridge.ProgressReport - 1/1 source files have been analyzed
15:58:58.093 INFO  org.sonar.java.JavaSquid - Java Main Files AST scan (done) | time=11ms
15:58:58.093 INFO  org.sonar.java.JavaSquid - Java Test Files AST scan
15:58:58.093 INFO  org.sonar.squidbridge.ProgressReport - 0 source files to be analyzed
15:58:58.094 INFO  org.sonar.squidbridge.ProgressReport - 1/1 source files have been analyzed
15:58:58.094 INFO  org.sonar.java.JavaSquid - Java Test Files AST scan (done) | time=1ms
15:58:58.098 INFO  org.sonar.java.JavaSquid - Java Main Files AST scan
15:58:58.099 INFO  org.sonar.squidbridge.ProgressReport - 1 source files to be analyzed
15:58:58.099 INFO  org.sonar.squidbridge.ProgressReport - 0/0 source files have been analyzed
15:58:58.118 INFO  org.sonar.squidbridge.ProgressReport - 1/1 source files have been analyzed
15:58:58.119 INFO  org.sonar.java.JavaSquid - Java Main Files AST scan (done) | time=21ms
15:58:58.119 INFO  org.sonar.java.JavaSquid - Java Test Files AST scan
15:58:58.120 INFO  org.sonar.squidbridge.ProgressReport - 0 source files to be analyzed
15:58:58.120 INFO  org.sonar.java.JavaSquid - Java Test Files AST scan (done) | time=1ms
15:58:58.124 INFO  org.sonar.java.JavaSquid - Java Main Files AST scan
15:58:58.124 INFO  org.sonar.squidbridge.ProgressReport - 1 source files to be analyzed
15:58:58.125 INFO  org.sonar.squidbridge.ProgressReport - 0/0 source files have been analyzed
15:58:58.142 INFO  org.sonar.java.JavaSquid - Java Main Files AST scan (done) | time=18ms
15:58:58.142 INFO  org.sonar.java.JavaSquid - Java Test Files AST scan
15:58:58.143 INFO  org.sonar.squidbridge.ProgressReport - 0 source files to be analyzed
15:58:58.142 INFO  org.sonar.squidbridge.ProgressReport - 1/1 source files have been analyzed
15:58:58.143 INFO  org.sonar.java.JavaSquid - Java Test Files AST scan (done) | time=1ms
15:58:58.147 INFO  org.sonar.java.JavaSquid - Java Main Files AST scan
15:58:58.147 INFO  org.sonar.squidbridge.ProgressReport - 1 source files to be analyzed
15:58:58.147 INFO  org.sonar.squidbridge.ProgressReport - 0/0 source files have been analyzed
15:58:58.165 INFO  org.sonar.java.JavaSquid - Java Main Files AST scan (done) | time=18ms
15:58:58.165 INFO  org.sonar.java.JavaSquid - Java Test Files AST scan
15:58:58.166 INFO  org.sonar.squidbridge.ProgressReport - 0 source files to be analyzed
15:58:58.165 INFO  org.sonar.squidbridge.ProgressReport - 1/1 source files have been analyzed
15:58:58.166 INFO  org.sonar.java.JavaSquid - Java Test Files AST scan (done) | time=1ms
15:58:58.170 INFO  org.sonar.java.JavaSquid - Java Main Files AST scan
15:58:58.170 INFO  org.sonar.squidbridge.ProgressReport - 1 source files to be analyzed
15:58:58.170 INFO  org.sonar.squidbridge.ProgressReport - 0/0 source files have been analyzed
15:58:58.189 INFO  org.sonar.java.JavaSquid - Java Main Files AST scan (done) | time=19ms
15:58:58.190 INFO  org.sonar.squidbridge.ProgressReport - 1/1 source files have been analyzed
15:58:58.190 INFO  org.sonar.java.JavaSquid - Java Test Files AST scan
15:58:58.190 INFO  org.sonar.squidbridge.ProgressReport - 0 source files to be analyzed
15:58:58.190 INFO  org.sonar.java.JavaSquid - Java Test Files AST scan (done) | time=0ms
15:58:58.194 INFO  org.sonar.java.JavaSquid - Java Main Files AST scan
15:58:58.194 INFO  org.sonar.squidbridge.ProgressReport - 1 source files to be analyzed
15:58:58.195 INFO  org.sonar.squidbridge.ProgressReport - 0/0 source files have been analyzed
15:58:58.212 INFO  org.sonar.java.JavaSquid - Java Main Files AST scan (done) | time=18ms
15:58:58.213 INFO  org.sonar.java.JavaSquid - Java Test Files AST scan
15:58:58.213 INFO  org.sonar.squidbridge.ProgressReport - 1/1 source files have been analyzed
15:58:58.213 INFO  org.sonar.squidbridge.ProgressReport - 0 source files to be analyzed
15:58:58.213 INFO  org.sonar.java.JavaSquid - Java Test Files AST scan (done) | time=0ms
[INFO] Tests run: 9, Failures: 0, Errors: 0, Skipped: 0, Time elapsed: 0.219 s - in org.sonar.java.MeasurerTest
[INFO] Running org.sonar.java.collections.PCollectionsTest
[INFO] Tests run: 2, Failures: 0, Errors: 0, Skipped: 0, Time elapsed: 0 s - in org.sonar.java.collections.PCollectionsTest
[INFO] Running org.sonar.java.resolve.TypeInferenceSolverTest
15:58:58.232 INFO  org.sonar.squidbridge.ProgressReport - 0/0 source files have been analyzed
[INFO] Tests run: 5, Failures: 0, Errors: 0, Skipped: 0, Time elapsed: 0.042 s - in org.sonar.java.resolve.TypeInferenceSolverTest
[INFO] Running org.sonar.plugins.java.api.LocationTest
[INFO] Tests run: 3, Failures: 0, Errors: 0, Skipped: 0, Time elapsed: 0.018 s - in org.sonar.plugins.java.api.LocationTest
[INFO] Running org.sonar.java.ast.parser.grammar.expressions.ExpressionTest
[INFO] Tests run: 3, Failures: 0, Errors: 0, Skipped: 0, Time elapsed: 0.02 s - in org.sonar.java.ast.parser.grammar.expressions.ExpressionTest
[INFO] Running org.sonar.java.ast.parser.grammar.units.TypeDeclarationTest
[INFO] Tests run: 2, Failures: 0, Errors: 0, Skipped: 0, Time elapsed: 0.008 s - in org.sonar.java.ast.parser.grammar.units.TypeDeclarationTest
[INFO] Running org.sonar.java.ast.visitors.PublicApiCheckerTest
[INFO] Tests run: 2, Failures: 0, Errors: 0, Skipped: 0, Time elapsed: 0.036 s - in org.sonar.java.ast.visitors.PublicApiCheckerTest
[INFO] Running org.sonar.java.se.ProgramStateTest
[INFO] Tests run: 14, Failures: 0, Errors: 0, Skipped: 0, Time elapsed: 0.403 s - in org.sonar.java.se.ProgramStateTest
[INFO] Running org.sonar.java.resolve.ConstantTest
15:58:58.783 INFO  org.sonar.squidbridge.ProgressReport - 1 source files to be analyzed
[INFO] Tests run: 1, Failures: 0, Errors: 0, Skipped: 0, Time elapsed: 0.016 s - in org.sonar.java.resolve.ConstantTest
[INFO] Running org.sonar.java.model.expression.MethodInvocationTreeImplTest
15:58:58.804 INFO  org.sonar.squidbridge.ProgressReport - 1/1 source files have been analyzed
[INFO] Tests run: 3, Failures: 0, Errors: 0, Skipped: 0, Time elapsed: 0.072 s - in org.sonar.java.model.expression.MethodInvocationTreeImplTest
[INFO] Running org.sonar.java.model.SyntacticEquivalenceTest
[INFO] Tests run: 5, Failures: 0, Errors: 0, Skipped: 0, Time elapsed: 0.034 s - in org.sonar.java.model.SyntacticEquivalenceTest
[INFO] Running org.sonar.java.resolve.Java10SemanticTest
[INFO] Tests run: 14, Failures: 0, Errors: 0, Skipped: 0, Time elapsed: 0.219 s - in org.sonar.java.resolve.Java10SemanticTest
[INFO] Running org.sonar.java.se.FlowTest
[INFO] Tests run: 2, Failures: 0, Errors: 0, Skipped: 0, Time elapsed: 0.003 s - in org.sonar.java.se.FlowTest
[INFO] Running org.sonar.java.ast.parser.grammar.literals.FloatLiteralTest
[INFO] Tests run: 2, Failures: 0, Errors: 0, Skipped: 0, Time elapsed: 0.043 s - in org.sonar.java.ast.parser.grammar.literals.FloatLiteralTest
[INFO] Running org.sonar.java.JavaIssueTest
[INFO] Tests run: 2, Failures: 0, Errors: 0, Skipped: 0, Time elapsed: 0.023 s - in org.sonar.java.JavaIssueTest
[INFO] Running org.sonar.java.ast.parser.grammar.annotations.AnnotationTypeDeclarationTest
[INFO] Tests run: 1, Failures: 0, Errors: 0, Skipped: 0, Time elapsed: 0.005 s - in org.sonar.java.ast.parser.grammar.annotations.AnnotationTypeDeclarationTest
[INFO] Running org.sonar.java.resolve.MethodJavaTypeTest
[INFO] Tests run: 4, Failures: 0, Errors: 0, Skipped: 0, Time elapsed: 0.005 s - in org.sonar.java.resolve.MethodJavaTypeTest
[INFO] Running org.sonar.java.ast.parser.grammar.statements.ExpressionStatementTest
[INFO] Tests run: 1, Failures: 0, Errors: 0, Skipped: 0, Time elapsed: 0.004 s - in org.sonar.java.ast.parser.grammar.statements.ExpressionStatementTest
[INFO] Running org.sonar.java.se.checks.SyntaxTreeNameFinderTest
[INFO] Tests run: 8, Failures: 0, Errors: 0, Skipped: 0, Time elapsed: 0.008 s - in org.sonar.java.se.checks.SyntaxTreeNameFinderTest
[INFO] Running org.sonar.java.se.checks.StreamConsumedCheckTest
15:58:59.260 INFO  org.sonar.squidbridge.ProgressReport - 1 source files to be analyzed
15:58:59.315 INFO  org.sonar.squidbridge.ProgressReport - 1/1 source files have been analyzed
[INFO] Tests run: 1, Failures: 0, Errors: 0, Skipped: 0, Time elapsed: 0.063 s - in org.sonar.java.se.checks.StreamConsumedCheckTest
[INFO] Running org.sonar.java.se.SymbolicValueFactoryTest
[INFO] Tests run: 1, Failures: 0, Errors: 0, Skipped: 0, Time elapsed: 0.003 s - in org.sonar.java.se.SymbolicValueFactoryTest
[INFO] Running org.sonar.java.xml.XmlCheckUtilsTest
[INFO] Tests run: 5, Failures: 0, Errors: 0, Skipped: 0, Time elapsed: 0.011 s - in org.sonar.java.xml.XmlCheckUtilsTest
[INFO] Running org.sonar.java.ast.parser.ListTreeImplTest
[INFO] Tests run: 2, Failures: 0, Errors: 0, Skipped: 0, Time elapsed: 0.002 s - in org.sonar.java.ast.parser.ListTreeImplTest
[INFO] Running org.sonar.java.ast.api.JavaKeywordTest
[INFO] Tests run: 1, Failures: 0, Errors: 0, Skipped: 0, Time elapsed: 0.001 s - in org.sonar.java.ast.api.JavaKeywordTest
[INFO] Running org.sonar.java.resolve.ScopeTest
[INFO] Tests run: 5, Failures: 0, Errors: 0, Skipped: 0, Time elapsed: 0.003 s - in org.sonar.java.resolve.ScopeTest
[INFO] Running org.sonar.java.ast.parser.grammar.statements.EmptyStatementTest
[INFO] Tests run: 1, Failures: 0, Errors: 0, Skipped: 0, Time elapsed: 0.005 s - in org.sonar.java.ast.parser.grammar.statements.EmptyStatementTest
[INFO] Running org.sonar.java.ast.parser.grammar.statements.BlockStatementsTest
[INFO] Tests run: 1, Failures: 0, Errors: 0, Skipped: 0, Time elapsed: 0.004 s - in org.sonar.java.ast.parser.grammar.statements.BlockStatementsTest
[INFO] Running org.sonar.java.model.VisitorsBridgeTest
15:58:59.397 WARN  org.sonar.java.model.VisitorsBridge - Classes not found during the analysis : [NotFound00, NotFound01, NotFound02, NotFound03, NotFound04, NotFound05, NotFound06, NotFound07, NotFound08, NotFound09, NotFound10, NotFound11, NotFound12, NotFound13, NotFound14, NotFound15, NotFound16, NotFound17, NotFound18, NotFound19, NotFound20, NotFound21, NotFound22, NotFound23, NotFound24, NotFound25, NotFound26, NotFound27, NotFound28, NotFound29, NotFound30, NotFound31, NotFound32, NotFound33, NotFound34, NotFound35, NotFound36, NotFound37, NotFound38, NotFound39, NotFound40, NotFound41, NotFound42, NotFound43, NotFound44, NotFound45, NotFound46, NotFound47, NotFound48, NotFound49, ...]
15:58:59.417 ERROR org.sonar.java.model.VisitorsBridge - Unable to run check class org.sonar.java.model.VisitorsBridgeTest$$Lambda$581/1167887261 -  on file , To help improve SonarJava, please report this problem to SonarSource : see https://www.sonarqube.org/community/
java.lang.NullPointerException: BimBadaboum
	at org.sonar.java.model.VisitorsBridgeTest.rethrow_exception_when_hidden_property_set_to_true(VisitorsBridgeTest.java:126) ~[test-classes/:na]
	at sun.reflect.NativeMethodAccessorImpl.invoke0(Native Method) ~[na:1.8.0_151]
	at sun.reflect.NativeMethodAccessorImpl.invoke(NativeMethodAccessorImpl.java:62) ~[na:1.8.0_151]
	at sun.reflect.DelegatingMethodAccessorImpl.invoke(DelegatingMethodAccessorImpl.java:43) ~[na:1.8.0_151]
	at java.lang.reflect.Method.invoke(Method.java:498) ~[na:1.8.0_151]
	at org.junit.runners.model.FrameworkMethod$1.runReflectiveCall(FrameworkMethod.java:50) ~[junit-4.12.jar:4.12]
	at org.junit.internal.runners.model.ReflectiveCallable.run(ReflectiveCallable.java:12) ~[junit-4.12.jar:4.12]
	at org.junit.runners.model.FrameworkMethod.invokeExplosively(FrameworkMethod.java:47) ~[junit-4.12.jar:4.12]
	at org.junit.internal.runners.statements.InvokeMethod.evaluate(InvokeMethod.java:17) ~[junit-4.12.jar:4.12]
	at org.junit.rules.ExternalResource$1.evaluate(ExternalResource.java:48) ~[junit-4.12.jar:4.12]
	at org.junit.rules.RunRules.evaluate(RunRules.java:20) ~[junit-4.12.jar:4.12]
	at org.junit.runners.ParentRunner.runLeaf(ParentRunner.java:325) ~[junit-4.12.jar:4.12]
	at org.junit.runners.BlockJUnit4ClassRunner.runChild(BlockJUnit4ClassRunner.java:78) ~[junit-4.12.jar:4.12]
	at org.junit.runners.BlockJUnit4ClassRunner.runChild(BlockJUnit4ClassRunner.java:57) ~[junit-4.12.jar:4.12]
	at org.junit.runners.ParentRunner$3.run(ParentRunner.java:290) ~[junit-4.12.jar:4.12]
	at org.junit.runners.ParentRunner$1.schedule(ParentRunner.java:71) ~[junit-4.12.jar:4.12]
	at org.junit.runners.ParentRunner.runChildren(ParentRunner.java:288) ~[junit-4.12.jar:4.12]
	at org.junit.runners.ParentRunner.access$000(ParentRunner.java:58) ~[junit-4.12.jar:4.12]
	at org.junit.runners.ParentRunner$2.evaluate(ParentRunner.java:268) ~[junit-4.12.jar:4.12]
	at org.junit.runners.ParentRunner.run(ParentRunner.java:363) ~[junit-4.12.jar:4.12]
	at org.apache.maven.surefire.junit4.JUnit4Provider.execute(JUnit4Provider.java:369) ~[surefire-junit4-2.20.1.jar:2.20.1]
	at org.apache.maven.surefire.junit4.JUnit4Provider.executeWithRerun(JUnit4Provider.java:275) ~[surefire-junit4-2.20.1.jar:2.20.1]
	at org.apache.maven.surefire.junit4.JUnit4Provider.executeTestSet(JUnit4Provider.java:239) ~[surefire-junit4-2.20.1.jar:2.20.1]
	at org.apache.maven.surefire.junit4.JUnit4Provider.invoke(JUnit4Provider.java:160) ~[surefire-junit4-2.20.1.jar:2.20.1]
	at org.apache.maven.surefire.booter.ForkedBooter.invokeProviderInSameClassLoader(ForkedBooter.java:373) ~[surefire-booter-2.20.1.jar:2.20.1]
	at org.apache.maven.surefire.booter.ForkedBooter.runSuitesInProcess(ForkedBooter.java:334) ~[surefire-booter-2.20.1.jar:2.20.1]
	at org.apache.maven.surefire.booter.ForkedBooter.execute(ForkedBooter.java:119) ~[surefire-booter-2.20.1.jar:2.20.1]
	at org.apache.maven.surefire.booter.ForkedBooter.main(ForkedBooter.java:407) ~[surefire-booter-2.20.1.jar:2.20.1]
[INFO] Tests run: 3, Failures: 0, Errors: 0, Skipped: 0, Time elapsed: 0.071 s - in org.sonar.java.model.VisitorsBridgeTest
[INFO] Running org.sonar.java.ast.parser.grammar.statements.CatchClauseTest
[INFO] Tests run: 1, Failures: 0, Errors: 0, Skipped: 0, Time elapsed: 0.003 s - in org.sonar.java.ast.parser.grammar.statements.CatchClauseTest
[INFO] Running org.sonar.java.ast.JavaAstScannerTest
15:58:59.547 INFO  org.sonar.squidbridge.ProgressReport - 1 source files to be analyzed
15:58:59.553 ERROR org.sonar.java.ast.JavaAstScanner - Unable to parse source file : /home/travis/build/SonarSource/sonar-java/java-frontend/src/test/resources/AstScannerParseError.txt
15:58:59.553 ERROR org.sonar.java.ast.JavaAstScanner - Parse error at line 1 column 1:

1: {
   ^
2: 

15:58:59.561 INFO  org.sonar.squidbridge.ProgressReport - 1 source files to be analyzed
15:58:59.569 INFO  org.sonar.squidbridge.ProgressReport - 1/1 source files have been analyzed
15:58:59.582 INFO  org.sonar.squidbridge.ProgressReport - 1 source files to be analyzed
15:58:59.586 ERROR org.sonar.java.ast.JavaAstScanner - Unable to parse source file : /home/travis/build/SonarSource/sonar-java/java-frontend/src/test/resources/AstScannerParseError.txt
15:58:59.586 ERROR org.sonar.java.ast.JavaAstScanner - Parse error at line 1 column 1:

1: {
   ^
2: 

15:58:59.590 INFO  org.sonar.squidbridge.ProgressReport - 1 source files to be analyzed
15:58:59.598 INFO  org.sonar.squidbridge.ProgressReport - 1/1 source files have been analyzed
15:58:59.611 INFO  org.sonar.squidbridge.ProgressReport - 1 source files to be analyzed
15:58:59.613 INFO  org.sonar.squidbridge.ProgressReport - 1/1 source files have been analyzed
15:58:59.633 INFO  org.sonar.squidbridge.ProgressReport - 1/1 source files have been analyzed
15:58:59.640 INFO  org.sonar.squidbridge.ProgressReport - 1 source files to be analyzed
15:58:59.652 ERROR org.sonar.java.model.VisitorsBridge - Unable to run check class org.sonar.java.se.SymbolicExecutionVisitor -  on file src/test/resources/se/MethodBehavior.java, To help improve SonarJava, please report this problem to SonarSource : see https://www.sonarqube.org/community/
java.lang.NullPointerException: nobody expect the spanish inquisition !
	at org.sonar.java.ast.JavaAstScannerTest$2.init(JavaAstScannerTest.java:204) ~[test-classes/:na]
	at org.sonar.java.se.CheckerDispatcher.init(CheckerDispatcher.java:147) ~[classes/:na]
	at org.sonar.java.se.ExplodedGraphWalker.execute(ExplodedGraphWalker.java:218) ~[classes/:na]
	at org.sonar.java.se.ExplodedGraphWalker.visitMethod(ExplodedGraphWalker.java:210) ~[classes/:na]
	at org.sonar.java.se.SymbolicExecutionVisitor.execute(SymbolicExecutionVisitor.java:74) ~[classes/:na]
	at org.sonar.java.se.SymbolicExecutionVisitor.visitNode(SymbolicExecutionVisitor.java:64) ~[classes/:na]
	at org.sonar.java.ast.visitors.SubscriptionVisitor.visit(SubscriptionVisitor.java:95) ~[classes/:na]
	at org.sonar.java.ast.visitors.SubscriptionVisitor.visitChildren(SubscriptionVisitor.java:120) ~[classes/:na]
	at org.sonar.java.ast.visitors.SubscriptionVisitor.visit(SubscriptionVisitor.java:97) ~[classes/:na]
	at org.sonar.java.ast.visitors.SubscriptionVisitor.visitChildren(SubscriptionVisitor.java:120) ~[classes/:na]
	at org.sonar.java.ast.visitors.SubscriptionVisitor.visit(SubscriptionVisitor.java:97) ~[classes/:na]
	at org.sonar.java.ast.visitors.SubscriptionVisitor.scanTree(SubscriptionVisitor.java:78) ~[classes/:na]
	at org.sonar.java.ast.visitors.SubscriptionVisitor.scanFile(SubscriptionVisitor.java:64) ~[classes/:na]
	at org.sonar.java.se.SymbolicExecutionVisitor.scanFile(SymbolicExecutionVisitor.java:54) ~[classes/:na]
	at org.sonar.java.model.VisitorsBridge.runScanner(VisitorsBridge.java:136) [classes/:na]
	at org.sonar.java.model.VisitorsBridge.visitFile(VisitorsBridge.java:125) [classes/:na]
	at org.sonar.java.ast.JavaAstScanner.simpleScan(JavaAstScanner.java:96) [classes/:na]
	at org.sonar.java.ast.JavaAstScanner.scan(JavaAstScanner.java:68) [classes/:na]
	at org.sonar.java.ast.JavaAstScannerTest.should_swallow_log_and_report_checks_exceptions_for_symbolic_execution(JavaAstScannerTest.java:207) [test-classes/:na]
	at sun.reflect.NativeMethodAccessorImpl.invoke0(Native Method) ~[na:1.8.0_151]
	at sun.reflect.NativeMethodAccessorImpl.invoke(NativeMethodAccessorImpl.java:62) ~[na:1.8.0_151]
	at sun.reflect.DelegatingMethodAccessorImpl.invoke(DelegatingMethodAccessorImpl.java:43) ~[na:1.8.0_151]
	at java.lang.reflect.Method.invoke(Method.java:498) ~[na:1.8.0_151]
	at org.junit.runners.model.FrameworkMethod$1.runReflectiveCall(FrameworkMethod.java:50) [junit-4.12.jar:4.12]
	at org.junit.internal.runners.model.ReflectiveCallable.run(ReflectiveCallable.java:12) [junit-4.12.jar:4.12]
	at org.junit.runners.model.FrameworkMethod.invokeExplosively(FrameworkMethod.java:47) [junit-4.12.jar:4.12]
	at org.junit.internal.runners.statements.InvokeMethod.evaluate(InvokeMethod.java:17) [junit-4.12.jar:4.12]
	at org.junit.internal.runners.statements.RunBefores.evaluate(RunBefores.java:26) [junit-4.12.jar:4.12]
	at org.junit.rules.ExternalResource$1.evaluate(ExternalResource.java:48) [junit-4.12.jar:4.12]
	at org.junit.rules.ExpectedException$ExpectedExceptionStatement.evaluate(ExpectedException.java:239) [junit-4.12.jar:4.12]
	at org.junit.rules.RunRules.evaluate(RunRules.java:20) [junit-4.12.jar:4.12]
	at org.junit.runners.ParentRunner.runLeaf(ParentRunner.java:325) [junit-4.12.jar:4.12]
	at org.junit.runners.BlockJUnit4ClassRunner.runChild(BlockJUnit4ClassRunner.java:78) [junit-4.12.jar:4.12]
	at org.junit.runners.BlockJUnit4ClassRunner.runChild(BlockJUnit4ClassRunner.java:57) [junit-4.12.jar:4.12]
	at org.junit.runners.ParentRunner$3.run(ParentRunner.java:290) [junit-4.12.jar:4.12]
	at org.junit.runners.ParentRunner$1.schedule(ParentRunner.java:71) [junit-4.12.jar:4.12]
	at org.junit.runners.ParentRunner.runChildren(ParentRunner.java:288) [junit-4.12.jar:4.12]
	at org.junit.runners.ParentRunner.access$000(ParentRunner.java:58) [junit-4.12.jar:4.12]
	at org.junit.runners.ParentRunner$2.evaluate(ParentRunner.java:268) [junit-4.12.jar:4.12]
	at org.junit.runners.ParentRunner.run(ParentRunner.java:363) [junit-4.12.jar:4.12]
	at org.apache.maven.surefire.junit4.JUnit4Provider.execute(JUnit4Provider.java:369) [surefire-junit4-2.20.1.jar:2.20.1]
	at org.apache.maven.surefire.junit4.JUnit4Provider.executeWithRerun(JUnit4Provider.java:275) [surefire-junit4-2.20.1.jar:2.20.1]
	at org.apache.maven.surefire.junit4.JUnit4Provider.executeTestSet(JUnit4Provider.java:239) [surefire-junit4-2.20.1.jar:2.20.1]
	at org.apache.maven.surefire.junit4.JUnit4Provider.invoke(JUnit4Provider.java:160) [surefire-junit4-2.20.1.jar:2.20.1]
	at org.apache.maven.surefire.booter.ForkedBooter.invokeProviderInSameClassLoader(ForkedBooter.java:373) [surefire-booter-2.20.1.jar:2.20.1]
	at org.apache.maven.surefire.booter.ForkedBooter.runSuitesInProcess(ForkedBooter.java:334) [surefire-booter-2.20.1.jar:2.20.1]
	at org.apache.maven.surefire.booter.ForkedBooter.execute(ForkedBooter.java:119) [surefire-booter-2.20.1.jar:2.20.1]
	at org.apache.maven.surefire.booter.ForkedBooter.main(ForkedBooter.java:407) [surefire-booter-2.20.1.jar:2.20.1]
15:58:59.671 INFO  org.sonar.squidbridge.ProgressReport - 1 source files to be analyzed
15:58:59.671 INFO  org.sonar.squidbridge.ProgressReport - 1/1 source files have been analyzed
15:58:59.695 INFO  org.sonar.squidbridge.ProgressReport - 1/1 source files have been analyzed
15:58:59.699 INFO  org.sonar.squidbridge.ProgressReport - 1 source files to be analyzed
15:58:59.749 INFO  org.sonar.squidbridge.ProgressReport - 1 source files to be analyzed
15:58:59.769 INFO  org.sonar.squidbridge.ProgressReport - 1 source files to be analyzed
15:58:59.788 ERROR org.sonar.java.model.VisitorsBridge - Unable to run check class org.sonar.java.ast.JavaAstScannerTest$CheckThrowingException -  on file src/test/resources/AstScannerNoParseError.txt, To help improve SonarJava, please report this problem to SonarSource : see https://www.sonarqube.org/community/
java.lang.NullPointerException: foo
	at org.sonar.java.ast.JavaAstScannerTest.should_swallow_log_and_report_checks_exceptions(JavaAstScannerTest.java:176) ~[test-classes/:na]
	at sun.reflect.NativeMethodAccessorImpl.invoke0(Native Method) ~[na:1.8.0_151]
	at sun.reflect.NativeMethodAccessorImpl.invoke(NativeMethodAccessorImpl.java:62) ~[na:1.8.0_151]
	at sun.reflect.DelegatingMethodAccessorImpl.invoke(DelegatingMethodAccessorImpl.java:43) ~[na:1.8.0_151]
	at java.lang.reflect.Method.invoke(Method.java:498) ~[na:1.8.0_151]
	at org.junit.runners.model.FrameworkMethod$1.runReflectiveCall(FrameworkMethod.java:50) ~[junit-4.12.jar:4.12]
	at org.junit.internal.runners.model.ReflectiveCallable.run(ReflectiveCallable.java:12) ~[junit-4.12.jar:4.12]
	at org.junit.runners.model.FrameworkMethod.invokeExplosively(FrameworkMethod.java:47) ~[junit-4.12.jar:4.12]
	at org.junit.internal.runners.statements.InvokeMethod.evaluate(InvokeMethod.java:17) ~[junit-4.12.jar:4.12]
	at org.junit.internal.runners.statements.RunBefores.evaluate(RunBefores.java:26) ~[junit-4.12.jar:4.12]
	at org.junit.rules.ExternalResource$1.evaluate(ExternalResource.java:48) ~[junit-4.12.jar:4.12]
	at org.junit.rules.ExpectedException$ExpectedExceptionStatement.evaluate(ExpectedException.java:239) ~[junit-4.12.jar:4.12]
	at org.junit.rules.RunRules.evaluate(RunRules.java:20) ~[junit-4.12.jar:4.12]
	at org.junit.runners.ParentRunner.runLeaf(ParentRunner.java:325) ~[junit-4.12.jar:4.12]
	at org.junit.runners.BlockJUnit4ClassRunner.runChild(BlockJUnit4ClassRunner.java:78) ~[junit-4.12.jar:4.12]
	at org.junit.runners.BlockJUnit4ClassRunner.runChild(BlockJUnit4ClassRunner.java:57) ~[junit-4.12.jar:4.12]
	at org.junit.runners.ParentRunner$3.run(ParentRunner.java:290) ~[junit-4.12.jar:4.12]
	at org.junit.runners.ParentRunner$1.schedule(ParentRunner.java:71) ~[junit-4.12.jar:4.12]
	at org.junit.runners.ParentRunner.runChildren(ParentRunner.java:288) ~[junit-4.12.jar:4.12]
	at org.junit.runners.ParentRunner.access$000(ParentRunner.java:58) ~[junit-4.12.jar:4.12]
	at org.junit.runners.ParentRunner$2.evaluate(ParentRunner.java:268) ~[junit-4.12.jar:4.12]
	at org.junit.runners.ParentRunner.run(ParentRunner.java:363) ~[junit-4.12.jar:4.12]
	at org.apache.maven.surefire.junit4.JUnit4Provider.execute(JUnit4Provider.java:369) ~[surefire-junit4-2.20.1.jar:2.20.1]
	at org.apache.maven.surefire.junit4.JUnit4Provider.executeWithRerun(JUnit4Provider.java:275) ~[surefire-junit4-2.20.1.jar:2.20.1]
	at org.apache.maven.surefire.junit4.JUnit4Provider.executeTestSet(JUnit4Provider.java:239) ~[surefire-junit4-2.20.1.jar:2.20.1]
	at org.apache.maven.surefire.junit4.JUnit4Provider.invoke(JUnit4Provider.java:160) ~[surefire-junit4-2.20.1.jar:2.20.1]
	at org.apache.maven.surefire.booter.ForkedBooter.invokeProviderInSameClassLoader(ForkedBooter.java:373) ~[surefire-booter-2.20.1.jar:2.20.1]
	at org.apache.maven.surefire.booter.ForkedBooter.runSuitesInProcess(ForkedBooter.java:334) ~[surefire-booter-2.20.1.jar:2.20.1]
	at org.apache.maven.surefire.booter.ForkedBooter.execute(ForkedBooter.java:119) ~[surefire-booter-2.20.1.jar:2.20.1]
	at org.apache.maven.surefire.booter.ForkedBooter.main(ForkedBooter.java:407) ~[surefire-booter-2.20.1.jar:2.20.1]
15:58:59.789 INFO  org.sonar.squidbridge.ProgressReport - 1/1 source files have been analyzed
15:58:59.790 INFO  org.sonar.squidbridge.ProgressReport - 1 source files to be analyzed
15:58:59.804 ERROR org.sonar.java.ast.JavaAstScanner - Unable to parse source file : /home/travis/build/SonarSource/sonar-java/java-frontend/src/test/resources/AstScannerParseError.txt
15:58:59.804 ERROR org.sonar.java.ast.JavaAstScanner - Parse error at line 1 column 1:

1: {
   ^
2: 

15:58:59.808 ERROR org.sonar.java.model.VisitorsBridge - Unable to run check class org.sonar.java.ast.JavaAstScannerTest$AnnotatedCheck - AnnotatedCheck on file src/test/resources/AstScannerParseError.txt, To help improve SonarJava, please report this problem to SonarSource : see https://www.sonarqube.org/community/
java.lang.NullPointerException: foo
	at org.sonar.java.ast.JavaAstScannerTest.should_swallow_log_and_report_checks_exceptions(JavaAstScannerTest.java:186) ~[test-classes/:na]
	at sun.reflect.NativeMethodAccessorImpl.invoke0(Native Method) ~[na:1.8.0_151]
	at sun.reflect.NativeMethodAccessorImpl.invoke(NativeMethodAccessorImpl.java:62) ~[na:1.8.0_151]
	at sun.reflect.DelegatingMethodAccessorImpl.invoke(DelegatingMethodAccessorImpl.java:43) ~[na:1.8.0_151]
	at java.lang.reflect.Method.invoke(Method.java:498) ~[na:1.8.0_151]
	at org.junit.runners.model.FrameworkMethod$1.runReflectiveCall(FrameworkMethod.java:50) ~[junit-4.12.jar:4.12]
	at org.junit.internal.runners.model.ReflectiveCallable.run(ReflectiveCallable.java:12) ~[junit-4.12.jar:4.12]
	at org.junit.runners.model.FrameworkMethod.invokeExplosively(FrameworkMethod.java:47) ~[junit-4.12.jar:4.12]
	at org.junit.internal.runners.statements.InvokeMethod.evaluate(InvokeMethod.java:17) ~[junit-4.12.jar:4.12]
	at org.junit.internal.runners.statements.RunBefores.evaluate(RunBefores.java:26) ~[junit-4.12.jar:4.12]
	at org.junit.rules.ExternalResource$1.evaluate(ExternalResource.java:48) ~[junit-4.12.jar:4.12]
	at org.junit.rules.ExpectedException$ExpectedExceptionStatement.evaluate(ExpectedException.java:239) ~[junit-4.12.jar:4.12]
	at org.junit.rules.RunRules.evaluate(RunRules.java:20) ~[junit-4.12.jar:4.12]
	at org.junit.runners.ParentRunner.runLeaf(ParentRunner.java:325) ~[junit-4.12.jar:4.12]
	at org.junit.runners.BlockJUnit4ClassRunner.runChild(BlockJUnit4ClassRunner.java:78) ~[junit-4.12.jar:4.12]
	at org.junit.runners.BlockJUnit4ClassRunner.runChild(BlockJUnit4ClassRunner.java:57) ~[junit-4.12.jar:4.12]
	at org.junit.runners.ParentRunner$3.run(ParentRunner.java:290) ~[junit-4.12.jar:4.12]
	at org.junit.runners.ParentRunner$1.schedule(ParentRunner.java:71) ~[junit-4.12.jar:4.12]
	at org.junit.runners.ParentRunner.runChildren(ParentRunner.java:288) ~[junit-4.12.jar:4.12]
	at org.junit.runners.ParentRunner.access$000(ParentRunner.java:58) ~[junit-4.12.jar:4.12]
	at org.junit.runners.ParentRunner$2.evaluate(ParentRunner.java:268) ~[junit-4.12.jar:4.12]
	at org.junit.runners.ParentRunner.run(ParentRunner.java:363) ~[junit-4.12.jar:4.12]
	at org.apache.maven.surefire.junit4.JUnit4Provider.execute(JUnit4Provider.java:369) ~[surefire-junit4-2.20.1.jar:2.20.1]
	at org.apache.maven.surefire.junit4.JUnit4Provider.executeWithRerun(JUnit4Provider.java:275) ~[surefire-junit4-2.20.1.jar:2.20.1]
	at org.apache.maven.surefire.junit4.JUnit4Provider.executeTestSet(JUnit4Provider.java:239) ~[surefire-junit4-2.20.1.jar:2.20.1]
	at org.apache.maven.surefire.junit4.JUnit4Provider.invoke(JUnit4Provider.java:160) ~[surefire-junit4-2.20.1.jar:2.20.1]
	at org.apache.maven.surefire.booter.ForkedBooter.invokeProviderInSameClassLoader(ForkedBooter.java:373) ~[surefire-booter-2.20.1.jar:2.20.1]
	at org.apache.maven.surefire.booter.ForkedBooter.runSuitesInProcess(ForkedBooter.java:334) ~[surefire-booter-2.20.1.jar:2.20.1]
	at org.apache.maven.surefire.booter.ForkedBooter.execute(ForkedBooter.java:119) ~[surefire-booter-2.20.1.jar:2.20.1]
	at org.apache.maven.surefire.booter.ForkedBooter.main(ForkedBooter.java:407) ~[surefire-booter-2.20.1.jar:2.20.1]
15:58:59.810 INFO  org.sonar.squidbridge.ProgressReport - 1/1 source files have been analyzed
15:58:59.812 INFO  org.sonar.squidbridge.ProgressReport - 1 source files to be analyzed
15:58:59.826 ERROR org.sonar.java.ast.JavaAstScanner - A stack overflow error occured while analyzing file: /home/travis/build/SonarSource/sonar-java/java-frontend/src/test/resources/AstScannerNoParseError.txt
[INFO] Tests run: 11, Failures: 0, Errors: 0, Skipped: 0, Time elapsed: 0.371 s - in org.sonar.java.ast.JavaAstScannerTest
[INFO] Running org.sonar.java.resolve.TypesTest
[INFO] Tests run: 2, Failures: 0, Errors: 0, Skipped: 0, Time elapsed: 0.002 s - in org.sonar.java.resolve.TypesTest
[INFO] Running org.sonar.java.bytecode.se.BytecodeEGWalkerTest
[INFO] Tests run: 18, Failures: 0, Errors: 0, Skipped: 0, Time elapsed: 3.103 s - in org.sonar.java.bytecode.se.BytecodeEGWalkerTest
[INFO] Running org.sonar.java.resolve.TypeAndReferenceSolverTest
[INFO] Tests run: 36, Failures: 0, Errors: 0, Skipped: 0, Time elapsed: 2.21 s - in org.sonar.java.resolve.TypeAndReferenceSolverTest
[INFO] Running org.sonar.java.cfg.CFGLoopTest
[INFO] Tests run: 14, Failures: 0, Errors: 0, Skipped: 0, Time elapsed: 0.015 s - in org.sonar.java.cfg.CFGLoopTest
[INFO] Running org.sonar.plugins.java.api.CheckRegistrarTest
[INFO] Tests run: 1, Failures: 0, Errors: 0, Skipped: 0, Time elapsed: 0.001 s - in org.sonar.plugins.java.api.CheckRegistrarTest
[INFO] Running org.sonar.java.ast.parser.grammar.statements.StatementTest
[INFO] Tests run: 1, Failures: 0, Errors: 0, Skipped: 0, Time elapsed: 0.004 s - in org.sonar.java.ast.parser.grammar.statements.StatementTest
[INFO] Running org.sonar.java.ast.api.JavaTokenTypeTest
[INFO] Tests run: 1, Failures: 0, Errors: 0, Skipped: 0, Time elapsed: 0.001 s - in org.sonar.java.ast.api.JavaTokenTypeTest
[INFO] Running org.sonar.java.ast.api.JavaPunctuatorTest
[INFO] Tests run: 1, Failures: 0, Errors: 0, Skipped: 0, Time elapsed: 0 s - in org.sonar.java.ast.api.JavaPunctuatorTest
[INFO] Running org.sonar.java.se.JavaCheckVerifierTest
15:59:05.206 INFO  org.sonar.squidbridge.ProgressReport - 1 source files to be analyzed
15:59:05.213 INFO  org.sonar.squidbridge.ProgressReport - 1 source files to be analyzed
15:59:05.230 INFO  org.sonar.squidbridge.ProgressReport - 1/1 source files have been analyzed
15:59:05.232 INFO  org.sonar.squidbridge.ProgressReport - 1 source files to be analyzed
15:59:05.264 INFO  org.sonar.squidbridge.ProgressReport - 1/1 source files have been analyzed
15:59:05.269 INFO  org.sonar.squidbridge.ProgressReport - 1 source files to be analyzed
15:59:05.274 INFO  org.sonar.squidbridge.ProgressReport - 1 source files to be analyzed
15:59:05.299 INFO  org.sonar.squidbridge.ProgressReport - 1 source files to be analyzed
15:59:05.312 INFO  org.sonar.squidbridge.ProgressReport - 1/1 source files have been analyzed
15:59:05.322 INFO  org.sonar.squidbridge.ProgressReport - 1 source files to be analyzed
15:59:05.345 INFO  org.sonar.squidbridge.ProgressReport - 1/1 source files have been analyzed
15:59:05.350 INFO  org.sonar.squidbridge.ProgressReport - 1 source files to be analyzed
15:59:05.364 INFO  org.sonar.squidbridge.ProgressReport - 1/1 source files have been analyzed
15:59:05.369 INFO  org.sonar.squidbridge.ProgressReport - 1 source files to be analyzed
15:59:05.374 INFO  org.sonar.squidbridge.ProgressReport - 1 source files to be analyzed
15:59:05.391 INFO  org.sonar.squidbridge.ProgressReport - 1 source files to be analyzed
15:59:05.391 INFO  org.sonar.squidbridge.ProgressReport - 1/1 source files have been analyzed
15:59:05.402 INFO  org.sonar.squidbridge.ProgressReport - 1/1 source files have been analyzed
15:59:05.417 INFO  org.sonar.squidbridge.ProgressReport - 1 source files to be analyzed
15:59:05.444 INFO  org.sonar.squidbridge.ProgressReport - 1/1 source files have been analyzed
15:59:05.449 INFO  org.sonar.squidbridge.ProgressReport - 1 source files to be analyzed
15:59:05.463 INFO  org.sonar.squidbridge.ProgressReport - 1 source files to be analyzed
15:59:05.463 INFO  org.sonar.squidbridge.ProgressReport - 1/1 source files have been analyzed
15:59:05.472 INFO  org.sonar.squidbridge.ProgressReport - 1/1 source files have been analyzed
15:59:05.476 INFO  org.sonar.squidbridge.ProgressReport - 1 source files to be analyzed
15:59:05.495 INFO  org.sonar.squidbridge.ProgressReport - 1 source files to be analyzed
15:59:05.504 INFO  org.sonar.squidbridge.ProgressReport - 1/1 source files have been analyzed
15:59:05.526 INFO  org.sonar.squidbridge.ProgressReport - 1 source files to be analyzed
15:59:05.532 INFO  org.sonar.squidbridge.ProgressReport - 1/1 source files have been analyzed
15:59:05.547 INFO  org.sonar.squidbridge.ProgressReport - 1/1 source files have been analyzed
15:59:05.554 INFO  org.sonar.squidbridge.ProgressReport - 1 source files to be analyzed
15:59:05.567 INFO  org.sonar.squidbridge.ProgressReport - 1 source files to be analyzed
15:59:05.570 INFO  org.sonar.squidbridge.ProgressReport - 1/1 source files have been analyzed
15:59:05.580 INFO  org.sonar.squidbridge.ProgressReport - 1/1 source files have been analyzed
15:59:05.584 INFO  org.sonar.squidbridge.ProgressReport - 1 source files to be analyzed
15:59:05.598 INFO  org.sonar.squidbridge.ProgressReport - 1 source files to be analyzed
15:59:05.600 INFO  org.sonar.squidbridge.ProgressReport - 1/1 source files have been analyzed
15:59:05.613 INFO  org.sonar.squidbridge.ProgressReport - 1 source files to be analyzed
15:59:05.615 INFO  org.sonar.squidbridge.ProgressReport - 1/1 source files have been analyzed
15:59:05.625 INFO  org.sonar.squidbridge.ProgressReport - 1/1 source files have been analyzed
15:59:05.628 INFO  org.sonar.squidbridge.ProgressReport - 1 source files to be analyzed
15:59:05.649 INFO  org.sonar.squidbridge.ProgressReport - 1/1 source files have been analyzed
15:59:05.654 INFO  org.sonar.squidbridge.ProgressReport - 1 source files to be analyzed
15:59:05.665 INFO  org.sonar.squidbridge.ProgressReport - 1 source files to be analyzed
15:59:05.668 INFO  org.sonar.squidbridge.ProgressReport - 1/1 source files have been analyzed
15:59:05.680 INFO  org.sonar.squidbridge.ProgressReport - 1 source files to be analyzed
15:59:05.682 INFO  org.sonar.squidbridge.ProgressReport - 1/1 source files have been analyzed
15:59:05.692 INFO  org.sonar.squidbridge.ProgressReport - 1/1 source files have been analyzed
15:59:05.695 INFO  org.sonar.squidbridge.ProgressReport - 1 source files to be analyzed
15:59:05.712 INFO  org.sonar.squidbridge.ProgressReport - 1 source files to be analyzed
15:59:05.729 INFO  org.sonar.squidbridge.ProgressReport - 1 source files to be analyzed
15:59:05.731 INFO  org.sonar.squidbridge.ProgressReport - 1/1 source files have been analyzed
[INFO] Tests run: 30, Failures: 0, Errors: 0, Skipped: 0, Time elapsed: 0.543 s - in org.sonar.java.se.JavaCheckVerifierTest
[INFO] Running org.sonar.java.ast.parser.grammar.types.TypeParameterTest
[INFO] Tests run: 1, Failures: 0, Errors: 0, Skipped: 0, Time elapsed: 0.004 s - in org.sonar.java.ast.parser.grammar.types.TypeParameterTest
[INFO] Running org.sonar.java.collections.AVLTreeTest
[INFO] Tests run: 9, Failures: 0, Errors: 0, Skipped: 0, Time elapsed: 0.006 s - in org.sonar.java.collections.AVLTreeTest
[INFO] Running org.sonar.java.resolve.ImportResolutionTest
[INFO] Tests run: 12, Failures: 0, Errors: 0, Skipped: 0, Time elapsed: 0.321 s - in org.sonar.java.resolve.ImportResolutionTest
[INFO] Running org.sonar.java.ast.visitors.ComplexityVisitorTest
[INFO] Tests run: 3, Failures: 0, Errors: 0, Skipped: 0, Time elapsed: 0.009 s - in org.sonar.java.ast.visitors.ComplexityVisitorTest
[INFO] Running org.sonar.java.se.SECheckTest
[INFO] Tests run: 1, Failures: 0, Errors: 0, Skipped: 0, Time elapsed: 0.018 s - in org.sonar.java.se.SECheckTest
[INFO] Running org.sonar.java.ast.parser.grammar.statements.BlockTest
[INFO] Tests run: 1, Failures: 0, Errors: 0, Skipped: 0, Time elapsed: 0 s - in org.sonar.java.ast.parser.grammar.statements.BlockTest
[INFO] Running org.sonar.java.model.LiteralUtilsTest
[ERROR] Tests run: 15, Failures: 1, Errors: 0, Skipped: 0, Time elapsed: 1.448 s <<< FAILURE! - in org.sonar.java.model.LiteralUtilsTest
[ERROR] testEmptyString(org.sonar.java.model.LiteralUtilsTest)  Time elapsed: 0.019 s  <<< FAILURE!
java.lang.AssertionError: 

Expecting Optional to contain a value but was empty.
	at org.sonar.java.model.LiteralUtilsTest.testEmptyString(LiteralUtilsTest.java:110)

[INFO] Running org.sonar.java.model.ExpressionUtilsTest
[INFO] Tests run: 6, Failures: 0, Errors: 0, Skipped: 0, Time elapsed: 0.059 s - in org.sonar.java.model.ExpressionUtilsTest
[INFO] Running org.sonar.java.SonarComponentsTest
[INFO] Tests run: 14, Failures: 0, Errors: 0, Skipped: 0, Time elapsed: 0.581 s - in org.sonar.java.SonarComponentsTest
[INFO] Running org.sonar.java.model.JavaVersionImplTest
15:59:08.229 WARN  org.sonar.java.model.JavaVersionImpl - Invalid java version (got "jdk1.6"). The version will be ignored. Accepted formats are "1.X", or simply "X" (for instance: "1.5" or "5", "1.6" or "6", "1.7" or "7", etc.)
[INFO] Tests run: 7, Failures: 0, Errors: 0, Skipped: 0, Time elapsed: 0.008 s - in org.sonar.java.model.JavaVersionImplTest
[INFO] Running org.sonar.java.xml.maven.PomParserTest
15:59:09.226 ERROR org.sonar.java.xml.maven.PomParser - Unable to parse pom file src/test/files/xml/maven/parse-issue/pom.xml
javax.xml.bind.UnmarshalException: null
	at com.sun.xml.bind.v2.runtime.unmarshaller.UnmarshallerImpl.handleStreamException(UnmarshallerImpl.java:485) ~[jaxb-runtime-2.3.0.jar:2.3.0]
	at com.sun.xml.bind.v2.runtime.unmarshaller.UnmarshallerImpl.unmarshal0(UnmarshallerImpl.java:417) ~[jaxb-runtime-2.3.0.jar:2.3.0]
	at com.sun.xml.bind.v2.runtime.unmarshaller.UnmarshallerImpl.unmarshal(UnmarshallerImpl.java:394) ~[jaxb-runtime-2.3.0.jar:2.3.0]
	at org.sonar.java.xml.maven.PomParser.parseXML(PomParser.java:63) ~[classes/:na]
	at org.sonar.java.xml.maven.PomParserTest.should_fail_parsing(PomParserTest.java:76) [test-classes/:na]
	at sun.reflect.NativeMethodAccessorImpl.invoke0(Native Method) ~[na:1.8.0_151]
	at sun.reflect.NativeMethodAccessorImpl.invoke(NativeMethodAccessorImpl.java:62) ~[na:1.8.0_151]
	at sun.reflect.DelegatingMethodAccessorImpl.invoke(DelegatingMethodAccessorImpl.java:43) ~[na:1.8.0_151]
	at java.lang.reflect.Method.invoke(Method.java:498) ~[na:1.8.0_151]
	at org.junit.runners.model.FrameworkMethod$1.runReflectiveCall(FrameworkMethod.java:50) [junit-4.12.jar:4.12]
	at org.junit.internal.runners.model.ReflectiveCallable.run(ReflectiveCallable.java:12) [junit-4.12.jar:4.12]
	at org.junit.runners.model.FrameworkMethod.invokeExplosively(FrameworkMethod.java:47) [junit-4.12.jar:4.12]
	at org.junit.internal.runners.statements.InvokeMethod.evaluate(InvokeMethod.java:17) [junit-4.12.jar:4.12]
	at org.junit.runners.ParentRunner.runLeaf(ParentRunner.java:325) [junit-4.12.jar:4.12]
	at org.junit.runners.BlockJUnit4ClassRunner.runChild(BlockJUnit4ClassRunner.java:78) [junit-4.12.jar:4.12]
	at org.junit.runners.BlockJUnit4ClassRunner.runChild(BlockJUnit4ClassRunner.java:57) [junit-4.12.jar:4.12]
	at org.junit.runners.ParentRunner$3.run(ParentRunner.java:290) [junit-4.12.jar:4.12]
	at org.junit.runners.ParentRunner$1.schedule(ParentRunner.java:71) [junit-4.12.jar:4.12]
	at org.junit.runners.ParentRunner.runChildren(ParentRunner.java:288) [junit-4.12.jar:4.12]
	at org.junit.runners.ParentRunner.access$000(ParentRunner.java:58) [junit-4.12.jar:4.12]
	at org.junit.runners.ParentRunner$2.evaluate(ParentRunner.java:268) [junit-4.12.jar:4.12]
	at org.junit.runners.ParentRunner.run(ParentRunner.java:363) [junit-4.12.jar:4.12]
	at org.apache.maven.surefire.junit4.JUnit4Provider.execute(JUnit4Provider.java:369) [surefire-junit4-2.20.1.jar:2.20.1]
	at org.apache.maven.surefire.junit4.JUnit4Provider.executeWithRerun(JUnit4Provider.java:275) [surefire-junit4-2.20.1.jar:2.20.1]
	at org.apache.maven.surefire.junit4.JUnit4Provider.executeTestSet(JUnit4Provider.java:239) [surefire-junit4-2.20.1.jar:2.20.1]
	at org.apache.maven.surefire.junit4.JUnit4Provider.invoke(JUnit4Provider.java:160) [surefire-junit4-2.20.1.jar:2.20.1]
	at org.apache.maven.surefire.booter.ForkedBooter.invokeProviderInSameClassLoader(ForkedBooter.java:373) [surefire-booter-2.20.1.jar:2.20.1]
	at org.apache.maven.surefire.booter.ForkedBooter.runSuitesInProcess(ForkedBooter.java:334) [surefire-booter-2.20.1.jar:2.20.1]
	at org.apache.maven.surefire.booter.ForkedBooter.execute(ForkedBooter.java:119) [surefire-booter-2.20.1.jar:2.20.1]
	at org.apache.maven.surefire.booter.ForkedBooter.main(ForkedBooter.java:407) [surefire-booter-2.20.1.jar:2.20.1]
Caused by: com.ctc.wstx.exc.WstxParsingException: Unexpected close tag </build>; expected </dependency>.
 at [row,col {unknown-source}]: [27,9]
	at com.ctc.wstx.sr.StreamScanner.constructWfcException(StreamScanner.java:614) ~[woodstox-core-lgpl-4.4.0.jar:4.4.0]
	at com.ctc.wstx.sr.StreamScanner.throwParseError(StreamScanner.java:487) ~[woodstox-core-lgpl-4.4.0.jar:4.4.0]
	at com.ctc.wstx.sr.StreamScanner.throwParseError(StreamScanner.java:472) ~[woodstox-core-lgpl-4.4.0.jar:4.4.0]
	at com.ctc.wstx.sr.BasicStreamReader.reportWrongEndElem(BasicStreamReader.java:3285) ~[woodstox-core-lgpl-4.4.0.jar:4.4.0]
	at com.ctc.wstx.sr.BasicStreamReader.readEndElem(BasicStreamReader.java:3212) ~[woodstox-core-lgpl-4.4.0.jar:4.4.0]
	at com.ctc.wstx.sr.BasicStreamReader.nextFromTree(BasicStreamReader.java:2831) ~[woodstox-core-lgpl-4.4.0.jar:4.4.0]
	at com.ctc.wstx.sr.BasicStreamReader.next(BasicStreamReader.java:1073) ~[woodstox-core-lgpl-4.4.0.jar:4.4.0]
	at com.sun.xml.bind.v2.runtime.unmarshaller.StAXStreamConnector.bridge(StAXStreamConnector.java:196) ~[jaxb-runtime-2.3.0.jar:2.3.0]
	at com.sun.xml.bind.v2.runtime.unmarshaller.UnmarshallerImpl.unmarshal0(UnmarshallerImpl.java:415) ~[jaxb-runtime-2.3.0.jar:2.3.0]
	... 28 common frames omitted
15:59:10.068 ERROR org.sonar.java.xml.maven.PomParser - Unable to parse pom file .
java.io.FileNotFoundException: . (Is a directory)
	at java.io.FileInputStream.open0(Native Method) ~[na:1.8.0_151]
	at java.io.FileInputStream.open(FileInputStream.java:195) ~[na:1.8.0_151]
	at java.io.FileInputStream.<init>(FileInputStream.java:138) ~[na:1.8.0_151]
	at org.sonar.java.xml.maven.PomParser.parseXML(PomParser.java:52) ~[classes/:na]
	at org.sonar.java.xml.maven.PomParserTest.should_not_parse(PomParserTest.java:82) [test-classes/:na]
	at sun.reflect.NativeMethodAccessorImpl.invoke0(Native Method) ~[na:1.8.0_151]
	at sun.reflect.NativeMethodAccessorImpl.invoke(NativeMethodAccessorImpl.java:62) ~[na:1.8.0_151]
	at sun.reflect.DelegatingMethodAccessorImpl.invoke(DelegatingMethodAccessorImpl.java:43) ~[na:1.8.0_151]
	at java.lang.reflect.Method.invoke(Method.java:498) ~[na:1.8.0_151]
	at org.junit.runners.model.FrameworkMethod$1.runReflectiveCall(FrameworkMethod.java:50) [junit-4.12.jar:4.12]
	at org.junit.internal.runners.model.ReflectiveCallable.run(ReflectiveCallable.java:12) [junit-4.12.jar:4.12]
	at org.junit.runners.model.FrameworkMethod.invokeExplosively(FrameworkMethod.java:47) [junit-4.12.jar:4.12]
	at org.junit.internal.runners.statements.InvokeMethod.evaluate(InvokeMethod.java:17) [junit-4.12.jar:4.12]
	at org.junit.runners.ParentRunner.runLeaf(ParentRunner.java:325) [junit-4.12.jar:4.12]
	at org.junit.runners.BlockJUnit4ClassRunner.runChild(BlockJUnit4ClassRunner.java:78) [junit-4.12.jar:4.12]
	at org.junit.runners.BlockJUnit4ClassRunner.runChild(BlockJUnit4ClassRunner.java:57) [junit-4.12.jar:4.12]
	at org.junit.runners.ParentRunner$3.run(ParentRunner.java:290) [junit-4.12.jar:4.12]
	at org.junit.runners.ParentRunner$1.schedule(ParentRunner.java:71) [junit-4.12.jar:4.12]
	at org.junit.runners.ParentRunner.runChildren(ParentRunner.java:288) [junit-4.12.jar:4.12]
	at org.junit.runners.ParentRunner.access$000(ParentRunner.java:58) [junit-4.12.jar:4.12]
	at org.junit.runners.ParentRunner$2.evaluate(ParentRunner.java:268) [junit-4.12.jar:4.12]
	at org.junit.runners.ParentRunner.run(ParentRunner.java:363) [junit-4.12.jar:4.12]
	at org.apache.maven.surefire.junit4.JUnit4Provider.execute(JUnit4Provider.java:369) [surefire-junit4-2.20.1.jar:2.20.1]
	at org.apache.maven.surefire.junit4.JUnit4Provider.executeWithRerun(JUnit4Provider.java:275) [surefire-junit4-2.20.1.jar:2.20.1]
	at org.apache.maven.surefire.junit4.JUnit4Provider.executeTestSet(JUnit4Provider.java:239) [surefire-junit4-2.20.1.jar:2.20.1]
	at org.apache.maven.surefire.junit4.JUnit4Provider.invoke(JUnit4Provider.java:160) [surefire-junit4-2.20.1.jar:2.20.1]
	at org.apache.maven.surefire.booter.ForkedBooter.invokeProviderInSameClassLoader(ForkedBooter.java:373) [surefire-booter-2.20.1.jar:2.20.1]
	at org.apache.maven.surefire.booter.ForkedBooter.runSuitesInProcess(ForkedBooter.java:334) [surefire-booter-2.20.1.jar:2.20.1]
	at org.apache.maven.surefire.booter.ForkedBooter.execute(ForkedBooter.java:119) [surefire-booter-2.20.1.jar:2.20.1]
	at org.apache.maven.surefire.booter.ForkedBooter.main(ForkedBooter.java:407) [surefire-booter-2.20.1.jar:2.20.1]
[INFO] Tests run: 9, Failures: 0, Errors: 0, Skipped: 0, Time elapsed: 1.947 s - in org.sonar.java.xml.maven.PomParserTest
[INFO] Running org.sonar.java.ast.parser.grammar.units.CompilationUnitTest
[INFO] Tests run: 1, Failures: 0, Errors: 0, Skipped: 0, Time elapsed: 0.006 s - in org.sonar.java.ast.parser.grammar.units.CompilationUnitTest
[INFO] Running org.sonar.java.matcher.MethodMatcherCollectionTest
[INFO] Tests run: 9, Failures: 0, Errors: 0, Skipped: 0, Time elapsed: 0.254 s - in org.sonar.java.matcher.MethodMatcherCollectionTest
[INFO] Running org.sonar.java.cfg.VariableReadExtractorTest
[INFO] Tests run: 6, Failures: 0, Errors: 0, Skipped: 0, Time elapsed: 0.043 s - in org.sonar.java.cfg.VariableReadExtractorTest
[INFO] Running org.sonar.java.ast.parser.grammar.literals.IntegerLiteralTest
[INFO] Tests run: 2, Failures: 0, Errors: 0, Skipped: 0, Time elapsed: 0.014 s - in org.sonar.java.ast.parser.grammar.literals.IntegerLiteralTest
[INFO] Running org.sonar.java.model.KindMapsTest
[INFO] Tests run: 6, Failures: 0, Errors: 0, Skipped: 0, Time elapsed: 0.002 s - in org.sonar.java.model.KindMapsTest
[INFO] Running org.sonar.java.model.declaration.RequiresDirectiveTreeImplTest
[INFO] Tests run: 4, Failures: 0, Errors: 0, Skipped: 0, Time elapsed: 0.012 s - in org.sonar.java.model.declaration.RequiresDirectiveTreeImplTest
[INFO] Running org.sonar.java.resolve.SymbolsTest
[INFO] Tests run: 4, Failures: 0, Errors: 0, Skipped: 0, Time elapsed: 0.004 s - in org.sonar.java.resolve.SymbolsTest
[INFO] Running org.sonar.java.ast.parser.grammar.CornerCasesTest
[INFO] Tests run: 1, Failures: 0, Errors: 0, Skipped: 0, Time elapsed: 0.032 s - in org.sonar.java.ast.parser.grammar.CornerCasesTest
[INFO] Running org.sonar.java.resolve.ResolveTest
[INFO] Tests run: 6, Failures: 0, Errors: 0, Skipped: 0, Time elapsed: 0.022 s - in org.sonar.java.resolve.ResolveTest
[INFO] Running org.sonar.java.se.checks.RedundantAssignmentsCheckTest
15:59:10.592 INFO  org.sonar.squidbridge.ProgressReport - 1 source files to be analyzed
15:59:10.642 INFO  org.sonar.squidbridge.ProgressReport - 1/1 source files have been analyzed
[INFO] Tests run: 1, Failures: 0, Errors: 0, Skipped: 0, Time elapsed: 0.061 s - in org.sonar.java.se.checks.RedundantAssignmentsCheckTest
[INFO] Running org.sonar.java.matcher.MethodMatcherTest
15:59:10.667 INFO  org.sonar.squidbridge.ProgressReport - 1 source files to be analyzed
15:59:10.684 INFO  org.sonar.squidbridge.ProgressReport - 1/1 source files have been analyzed
15:59:10.754 INFO  org.sonar.squidbridge.ProgressReport - 1 source files to be analyzed
15:59:10.768 INFO  org.sonar.squidbridge.ProgressReport - 1/1 source files have been analyzed
[INFO] Tests run: 19, Failures: 0, Errors: 0, Skipped: 0, Time elapsed: 0.136 s - in org.sonar.java.matcher.MethodMatcherTest
[INFO] Running org.sonar.java.ast.parser.grammar.statements.SwitchBlockStatementGroupTest
[INFO] Tests run: 1, Failures: 0, Errors: 0, Skipped: 0, Time elapsed: 0.004 s - in org.sonar.java.ast.parser.grammar.statements.SwitchBlockStatementGroupTest
[INFO] Running org.sonar.java.ast.parser.grammar.literals.KeywordTest
[INFO] Tests run: 1, Failures: 0, Errors: 0, Skipped: 0, Time elapsed: 0.003 s - in org.sonar.java.ast.parser.grammar.literals.KeywordTest
[INFO] Running org.sonar.java.ast.parser.grammar.parameters.FormalParametersTest
[INFO] Tests run: 1, Failures: 0, Errors: 0, Skipped: 0, Time elapsed: 0.004 s - in org.sonar.java.ast.parser.grammar.parameters.FormalParametersTest
[INFO] Running org.sonar.java.ast.parser.grammar.statements.VariableDeclaratorTest
[INFO] Tests run: 2, Failures: 0, Errors: 0, Skipped: 0, Time elapsed: 0.006 s - in org.sonar.java.ast.parser.grammar.statements.VariableDeclaratorTest
[INFO] Running org.sonar.java.ast.visitors.SonarSymbolTableVisitorTest
15:59:10.836 INFO  org.sonar.squidbridge.ProgressReport - 1 source files to be analyzed
[INFO] Tests run: 1, Failures: 0, Errors: 0, Skipped: 0, Time elapsed: 0.025 s - in org.sonar.java.ast.visitors.SonarSymbolTableVisitorTest
[INFO] Running org.sonar.java.ast.parser.grammar.statements.VariableDeclaratorsTest
15:59:10.853 INFO  org.sonar.squidbridge.ProgressReport - 1/1 source files have been analyzed
[INFO] Tests run: 1, Failures: 0, Errors: 0, Skipped: 0, Time elapsed: 0.006 s - in org.sonar.java.ast.parser.grammar.statements.VariableDeclaratorsTest
[INFO] Running org.sonar.java.se.xproc.MethodBehaviorTest
[INFO] Tests run: 7, Failures: 0, Errors: 0, Skipped: 0, Time elapsed: 0.097 s - in org.sonar.java.se.xproc.MethodBehaviorTest
[INFO] Running org.sonar.java.ast.parser.grammar.statements.AssertStatementTest
[INFO] Tests run: 1, Failures: 0, Errors: 0, Skipped: 0, Time elapsed: 0.006 s - in org.sonar.java.ast.parser.grammar.statements.AssertStatementTest
[INFO] Running org.sonar.java.matcher.NameCriteriaTest
[INFO] Tests run: 3, Failures: 0, Errors: 0, Skipped: 0, Time elapsed: 0.004 s - in org.sonar.java.matcher.NameCriteriaTest
[INFO] Running org.sonar.java.JavaTestClasspathTest
15:59:11.048 INFO  org.sonar.java.JavaTestClasspath - JavaTestClasspath initialization
15:59:11.056 WARN  org.sonar.java.JavaTestClasspath - Bytecode of dependencies was not provided for analysis of test files, you might end up with less precise results. Bytecode can be provided using sonar.java.test.libraries property
15:59:11.061 INFO  org.sonar.java.JavaTestClasspath - JavaTestClasspath initialization (done) | time=13ms
15:59:11.063 INFO  org.sonar.java.JavaTestClasspath - JavaTestClasspath initialization
15:59:11.077 INFO  org.sonar.java.JavaTestClasspath - JavaTestClasspath initialization (done) | time=14ms
15:59:11.080 INFO  org.sonar.java.JavaTestClasspath - JavaTestClasspath initialization
15:59:11.084 ERROR org.sonar.java.AbstractJavaClasspath - Invalid value for sonar.java.test.libraries
15:59:11.087 INFO  org.sonar.java.JavaTestClasspath - JavaTestClasspath initialization
15:59:11.089 INFO  org.sonar.java.JavaTestClasspath - JavaTestClasspath initialization (done) | time=2ms
[INFO] Tests run: 5, Failures: 0, Errors: 0, Skipped: 0, Time elapsed: 0.102 s - in org.sonar.java.JavaTestClasspathTest
[INFO] Running org.sonar.java.se.CheckerDispatcherTest
[INFO] Tests run: 1, Failures: 0, Errors: 0, Skipped: 0, Time elapsed: 0.147 s - in org.sonar.java.se.CheckerDispatcherTest
[INFO] Running org.sonar.java.xml.XmlAnalyzerTest
15:59:11.255 WARN  org.sonar.java.xml.XmlAnalyzer - No 'xml' file have been indexed.
15:59:11.261 INFO  org.sonar.squidbridge.ProgressReport - 1 source files to be analyzed
15:59:11.308 INFO  org.sonar.squidbridge.ProgressReport - 1/1 source files have been analyzed
15:59:11.312 INFO  org.sonar.squidbridge.ProgressReport - 1 source files to be analyzed
15:59:11.318 INFO  org.sonar.squidbridge.ProgressReport - 1 source files to be analyzed
15:59:11.361 INFO  org.sonar.squidbridge.ProgressReport - 1/1 source files have been analyzed
15:59:11.364 INFO  org.sonar.squidbridge.ProgressReport - 1 source files to be analyzed
15:59:11.403 INFO  org.sonar.squidbridge.ProgressReport - 1/1 source files have been analyzed
15:59:11.406 INFO  org.sonar.squidbridge.ProgressReport - 1 source files to be analyzed
15:59:11.445 INFO  org.sonar.squidbridge.ProgressReport - 1/1 source files have been analyzed
15:59:11.448 INFO  org.sonar.squidbridge.ProgressReport - 1 source files to be analyzed
15:59:11.452 INFO  org.sonar.squidbridge.ProgressReport - 0 source files to be analyzed
15:59:11.455 INFO  org.sonar.squidbridge.ProgressReport - 1 source files to be analyzed
15:59:11.457 INFO  org.sonar.squidbridge.ProgressReport - 1/1 source files have been analyzed
15:59:11.459 INFO  org.sonar.squidbridge.ProgressReport - 0/0 source files have been analyzed
15:59:11.495 INFO  org.sonar.squidbridge.ProgressReport - 1/1 source files have been analyzed
15:59:11.497 INFO  org.sonar.squidbridge.ProgressReport - 1 source files to be analyzed
15:59:11.537 INFO  org.sonar.squidbridge.ProgressReport - 1/1 source files have been analyzed
15:59:11.540 INFO  org.sonar.squidbridge.ProgressReport - 1 source files to be analyzed
15:59:11.544 ERROR org.sonar.java.xml.XmlParser - Unable to parse xml file: src/test/files/xml/maven/parse-issue/pom.xml
[INFO] Tests run: 11, Failures: 0, Errors: 0, Skipped: 0, Time elapsed: 0.301 s - in org.sonar.java.xml.XmlAnalyzerTest
[INFO] Running org.sonar.java.se.constraint.TypedConstraintTest
[INFO] Tests run: 1, Failures: 0, Errors: 0, Skipped: 0, Time elapsed: 0 s - in org.sonar.java.se.constraint.TypedConstraintTest
[INFO] Running org.sonar.java.se.checks.debug.DebugInterruptedExecutionCheckTest
15:59:11.561 INFO  org.sonar.squidbridge.ProgressReport - 1 source files to be analyzed
15:59:11.562 INFO  org.sonar.squidbridge.ProgressReport - 1/1 source files have been analyzed
[INFO] Tests run: 1, Failures: 0, Errors: 0, Skipped: 0, Time elapsed: 0.033 s - in org.sonar.java.se.checks.debug.DebugInterruptedExecutionCheckTest
[INFO] Running org.sonar.java.bytecode.cfg.BytecodeCFGBuilderTest
15:59:11.583 INFO  org.sonar.squidbridge.ProgressReport - 1/1 source files have been analyzed
[INFO] Tests run: 12, Failures: 0, Errors: 0, Skipped: 0, Time elapsed: 0.555 s - in org.sonar.java.bytecode.cfg.BytecodeCFGBuilderTest
[INFO] Running org.sonar.java.se.xproc.HappyPathYieldTest
[INFO] Tests run: 3, Failures: 0, Errors: 0, Skipped: 0, Time elapsed: 0.022 s - in org.sonar.java.se.xproc.HappyPathYieldTest
[INFO] Running org.sonar.java.resolve.TypeSubstitutionSolverTest
[INFO] Tests run: 19, Failures: 0, Errors: 0, Skipped: 0, Time elapsed: 0.384 s - in org.sonar.java.resolve.TypeSubstitutionSolverTest
[INFO] Running org.sonar.java.se.NullableAnnotationUtilsTest
[INFO] Tests run: 4, Failures: 0, Errors: 0, Skipped: 0, Time elapsed: 0.108 s - in org.sonar.java.se.NullableAnnotationUtilsTest
[INFO] Running org.sonar.java.se.checks.StreamNotConsumedCheckTest
15:59:12.666 INFO  org.sonar.squidbridge.ProgressReport - 1 source files to be analyzed
[INFO] Tests run: 1, Failures: 0, Errors: 0, Skipped: 0, Time elapsed: 0.289 s - in org.sonar.java.se.checks.StreamNotConsumedCheckTest
[INFO] Running org.sonar.java.resolve.GenericsTest
15:59:12.961 INFO  org.sonar.squidbridge.ProgressReport - 1/1 source files have been analyzed
[INFO] Tests run: 27, Failures: 0, Errors: 0, Skipped: 0, Time elapsed: 0.407 s - in org.sonar.java.resolve.GenericsTest
[INFO] Running org.sonar.java.se.LearnedConstraintTest
[INFO] Tests run: 1, Failures: 0, Errors: 0, Skipped: 0, Time elapsed: 0.002 s - in org.sonar.java.se.LearnedConstraintTest
[INFO] Running org.sonar.java.ast.parser.JavaParserTest
[INFO] Tests run: 2, Failures: 0, Errors: 0, Skipped: 0, Time elapsed: 0.005 s - in org.sonar.java.ast.parser.JavaParserTest
[INFO] Running org.sonar.java.bytecode.cfg.BytecodeCFGConstructionTest
[INFO] Tests run: 156, Failures: 0, Errors: 0, Skipped: 0, Time elapsed: 0.138 s - in org.sonar.java.bytecode.cfg.BytecodeCFGConstructionTest
[INFO] Running org.sonar.java.ast.parser.grammar.moduledirectives.OpensDirectiveTest
[INFO] Tests run: 1, Failures: 0, Errors: 0, Skipped: 0, Time elapsed: 0.003 s - in org.sonar.java.ast.parser.grammar.moduledirectives.OpensDirectiveTest
[INFO] Running org.sonar.java.JavaClasspathTest
15:59:13.534 INFO  org.sonar.java.JavaClasspath - JavaClasspath initialization
15:59:13.537 ERROR org.sonar.java.AbstractJavaClasspath - Invalid value for sonar.java.libraries
15:59:13.539 INFO  org.sonar.java.JavaClasspath - JavaClasspath initialization
15:59:13.541 INFO  org.sonar.java.JavaClasspath - JavaClasspath initialization (done) | time=2ms
15:59:13.543 INFO  org.sonar.java.JavaClasspath - JavaClasspath initialization
15:59:13.576 INFO  org.sonar.java.JavaClasspath - JavaClasspath initialization (done) | time=33ms
15:59:13.579 INFO  org.sonar.java.JavaClasspath - JavaClasspath initialization
15:59:13.582 INFO  org.sonar.java.JavaClasspath - JavaClasspath initialization (done) | time=3ms
15:59:13.585 INFO  org.sonar.java.JavaClasspath - JavaClasspath initialization
15:59:13.587 WARN  org.sonar.java.JavaClasspath - Bytecode of dependencies was not provided for analysis of source files, you might end up with less precise results. Bytecode can be provided using sonar.java.libraries property
15:59:13.591 INFO  org.sonar.java.JavaClasspath - JavaClasspath initialization (done) | time=6ms
15:59:13.605 INFO  org.sonar.java.JavaClasspath - JavaClasspath initialization
15:59:13.608 INFO  org.sonar.java.JavaClasspath - JavaClasspath initialization (done) | time=3ms
15:59:13.610 INFO  org.sonar.java.JavaClasspath - JavaClasspath initialization
15:59:13.613 INFO  org.sonar.java.JavaClasspath - JavaClasspath initialization (done) | time=3ms
15:59:13.614 INFO  org.sonar.java.JavaClasspath - JavaClasspath initialization
15:59:13.616 INFO  org.sonar.java.JavaClasspath - JavaClasspath initialization (done) | time=2ms
15:59:13.618 INFO  org.sonar.java.JavaClasspath - JavaClasspath initialization
15:59:13.620 WARN  org.sonar.java.JavaClasspath - Bytecode of dependencies was not provided for analysis of source files, you might end up with less precise results. Bytecode can be provided using sonar.java.libraries property
15:59:13.622 INFO  org.sonar.java.JavaClasspath - JavaClasspath initialization (done) | time=4ms
15:59:13.622 INFO  org.sonar.java.JavaClasspath - JavaClasspath initialization
15:59:13.624 INFO  org.sonar.java.JavaClasspath - JavaClasspath initialization (done) | time=2ms
15:59:13.625 INFO  org.sonar.java.JavaClasspath - JavaClasspath initialization
15:59:13.627 INFO  org.sonar.java.JavaClasspath - JavaClasspath initialization (done) | time=2ms
15:59:13.628 INFO  org.sonar.java.JavaClasspath - JavaClasspath initialization
15:59:13.644 INFO  org.sonar.java.JavaClasspath - JavaClasspath initialization (done) | time=17ms
15:59:13.644 INFO  org.sonar.java.JavaClasspath - JavaClasspath initialization
15:59:13.647 INFO  org.sonar.java.JavaClasspath - JavaClasspath initialization (done) | time=3ms
15:59:13.647 INFO  org.sonar.java.JavaClasspath - JavaClasspath initialization
15:59:13.652 INFO  org.sonar.java.JavaClasspath - JavaClasspath initialization (done) | time=5ms
15:59:13.652 INFO  org.sonar.java.JavaClasspath - JavaClasspath initialization
15:59:13.652 ERROR org.sonar.java.AbstractJavaClasspath - Invalid value for sonar.java.libraries
15:59:13.653 INFO  org.sonar.java.JavaClasspath - JavaClasspath initialization
15:59:13.654 INFO  org.sonar.java.JavaClasspath - JavaClasspath initialization (done) | time=1ms
15:59:13.654 INFO  org.sonar.java.JavaClasspath - JavaClasspath initialization
15:59:13.656 INFO  org.sonar.java.JavaClasspath - JavaClasspath initialization (done) | time=2ms
15:59:13.656 INFO  org.sonar.java.JavaClasspath - JavaClasspath initialization
15:59:13.662 INFO  org.sonar.java.JavaClasspath - JavaClasspath initialization (done) | time=6ms
15:59:13.663 INFO  org.sonar.java.JavaClasspath - JavaClasspath initialization
15:59:13.664 ERROR org.sonar.java.AbstractJavaClasspath - Invalid value for sonar.java.binaries
15:59:13.665 INFO  org.sonar.java.JavaClasspath - JavaClasspath initialization
15:59:13.666 INFO  org.sonar.java.JavaClasspath - JavaClasspath initialization
15:59:13.666 INFO  org.sonar.java.JavaClasspath - JavaClasspath initialization (done) | time=0ms
15:59:13.667 INFO  org.sonar.java.JavaClasspath - JavaClasspath initialization
15:59:13.667 WARN  org.sonar.java.JavaClasspath - Bytecode of dependencies was not provided for analysis of source files, you might end up with less precise results. Bytecode can be provided using sonar.java.libraries property
15:59:13.667 INFO  org.sonar.java.JavaClasspath - JavaClasspath initialization (done) | time=0ms
15:59:13.668 INFO  org.sonar.java.JavaClasspath - JavaClasspath initialization
15:59:13.668 INFO  org.sonar.java.JavaClasspath - JavaClasspath initialization (done) | time=0ms
15:59:13.669 INFO  org.sonar.java.JavaClasspath - JavaClasspath initialization
15:59:13.669 INFO  org.sonar.java.JavaClasspath - JavaClasspath initialization
15:59:13.669 WARN  org.sonar.java.JavaClasspath - Bytecode of dependencies was not provided for analysis of source files, you might end up with less precise results. Bytecode can be provided using sonar.java.libraries property
15:59:13.670 INFO  org.sonar.java.JavaClasspath - JavaClasspath initialization (done) | time=1ms
15:59:13.670 INFO  org.sonar.java.JavaClasspath - JavaClasspath initialization
15:59:13.670 WARN  org.sonar.java.JavaClasspath - sonar.java.binaries is empty, please double check your configuration
15:59:13.671 WARN  org.sonar.java.JavaClasspath - Bytecode of dependencies was not provided for analysis of source files, you might end up with less precise results. Bytecode can be provided using sonar.java.libraries property
15:59:13.671 INFO  org.sonar.java.JavaClasspath - JavaClasspath initialization (done) | time=1ms
15:59:13.672 INFO  org.sonar.java.JavaClasspath - JavaClasspath initialization
15:59:13.672 INFO  org.sonar.java.JavaClasspath - JavaClasspath initialization (done) | time=0ms
15:59:13.672 INFO  org.sonar.java.JavaClasspath - JavaClasspath initialization
15:59:13.673 INFO  org.sonar.java.JavaClasspath - JavaClasspath initialization (done) | time=1ms
15:59:13.673 INFO  org.sonar.java.JavaClasspath - JavaClasspath initialization
15:59:13.679 INFO  org.sonar.java.JavaClasspath - JavaClasspath initialization
15:59:13.679 INFO  org.sonar.java.JavaClasspath - JavaClasspath initialization (done) | time=0ms
[INFO] Tests run: 29, Failures: 0, Errors: 0, Skipped: 0, Time elapsed: 0.148 s - in org.sonar.java.JavaClasspathTest
[INFO] Running org.sonar.java.ast.parser.grammar.types.TypeArgumentsTest
[INFO] Tests run: 1, Failures: 0, Errors: 0, Skipped: 0, Time elapsed: 0.003 s - in org.sonar.java.ast.parser.grammar.types.TypeArgumentsTest
[INFO] Running org.sonar.java.se.checks.UnclosedResourcesCheckTest
15:59:13.690 INFO  org.sonar.squidbridge.ProgressReport - 1 source files to be analyzed
15:59:13.810 INFO  org.sonar.squidbridge.ProgressReport - 1/1 source files have been analyzed
15:59:13.813 INFO  org.sonar.squidbridge.ProgressReport - 1 source files to be analyzed
15:59:13.831 INFO  org.sonar.squidbridge.ProgressReport - 1/1 source files have been analyzed
15:59:13.841 INFO  org.sonar.squidbridge.ProgressReport - 1 source files to be analyzed
15:59:14.062 INFO  org.sonar.squidbridge.ProgressReport - 1/1 source files have been analyzed
15:59:14.066 INFO  org.sonar.squidbridge.ProgressReport - 1 source files to be analyzed
15:59:14.143 INFO  org.sonar.squidbridge.ProgressReport - 1/1 source files have been analyzed
15:59:14.164 INFO  org.sonar.squidbridge.ProgressReport - 1 source files to be analyzed
15:59:14.216 INFO  org.sonar.squidbridge.ProgressReport - 1/1 source files have been analyzed
15:59:14.247 INFO  org.sonar.squidbridge.ProgressReport - 1 source files to be analyzed
15:59:14.593 INFO  org.sonar.squidbridge.ProgressReport - 1/1 source files have been analyzed
15:59:14.602 INFO  org.sonar.squidbridge.ProgressReport - 1 source files to be analyzed
15:59:14.664 INFO  org.sonar.squidbridge.ProgressReport - 1/1 source files have been analyzed
15:59:14.669 INFO  org.sonar.squidbridge.ProgressReport - 1 source files to be analyzed
15:59:14.788 INFO  org.sonar.squidbridge.ProgressReport - 1/1 source files have been analyzed
[INFO] Tests run: 9, Failures: 0, Errors: 0, Skipped: 0, Time elapsed: 1.105 s - in org.sonar.java.se.checks.UnclosedResourcesCheckTest
[INFO] Running org.sonar.java.ast.parser.grammar.expressions.RelationalExpressionTest
[INFO] Tests run: 1, Failures: 0, Errors: 0, Skipped: 0, Time elapsed: 0.004 s - in org.sonar.java.ast.parser.grammar.expressions.RelationalExpressionTest
[INFO] Running org.sonar.java.resolve.LambdaBlockReturnVisitorTest
[INFO] Tests run: 1, Failures: 0, Errors: 0, Skipped: 0, Time elapsed: 0.012 s - in org.sonar.java.resolve.LambdaBlockReturnVisitorTest
[INFO] Running org.sonar.java.se.constraint.ConstraintTest
[INFO] Tests run: 2, Failures: 0, Errors: 0, Skipped: 0, Time elapsed: 0.002 s - in org.sonar.java.se.constraint.ConstraintTest
[INFO] Running org.sonar.java.bytecode.cfg.InstructionTest
[INFO] Tests run: 5, Failures: 0, Errors: 0, Skipped: 0, Time elapsed: 0.002 s - in org.sonar.java.bytecode.cfg.InstructionTest
[INFO] Running org.sonar.java.ast.parser.grammar.statements.BreakStatementTest
[INFO] Tests run: 1, Failures: 0, Errors: 0, Skipped: 0, Time elapsed: 0.005 s - in org.sonar.java.ast.parser.grammar.statements.BreakStatementTest
[INFO] Running org.sonar.java.ast.parser.grammar.statements.ResourceTest
[INFO] Tests run: 2, Failures: 0, Errors: 0, Skipped: 0, Time elapsed: 0.004 s - in org.sonar.java.ast.parser.grammar.statements.ResourceTest
[INFO] Running org.sonar.java.ast.visitors.SyntaxHighlighterVisitorTest
15:59:14.852 INFO  org.sonar.java.JavaSquid - Java Main Files AST scan
15:59:14.853 INFO  org.sonar.squidbridge.ProgressReport - 1 source files to be analyzed
15:59:14.866 INFO  org.sonar.java.JavaSquid - Java Main Files AST scan (done) | time=13ms
15:59:14.867 INFO  org.sonar.java.JavaSquid - Java Test Files AST scan
15:59:14.868 INFO  org.sonar.squidbridge.ProgressReport - 0 source files to be analyzed
15:59:14.870 INFO  org.sonar.java.JavaSquid - Java Test Files AST scan (done) | time=3ms
15:59:14.874 INFO  org.sonar.java.JavaSquid - Java Main Files AST scan
15:59:14.874 INFO  org.sonar.squidbridge.ProgressReport - 1 source files to be analyzed
15:59:15.318 INFO  org.sonar.java.JavaSquid - Java Main Files AST scan (done) | time=444ms
15:59:15.318 INFO  org.sonar.java.JavaSquid - Java Test Files AST scan
15:59:15.318 INFO  org.sonar.squidbridge.ProgressReport - 0 source files to be analyzed
15:59:15.318 INFO  org.sonar.squidbridge.ProgressReport - 1/1 source files have been analyzed
15:59:15.319 INFO  org.sonar.java.JavaSquid - Java Test Files AST scan (done) | time=1ms
15:59:15.323 INFO  org.sonar.java.JavaSquid - Java Main Files AST scan
15:59:15.324 INFO  org.sonar.squidbridge.ProgressReport - 1 source files to be analyzed
15:59:15.375 ERROR org.sonar.java.ast.JavaAstScanner - Unable to parse source file : /tmp/junit593119007840044214/junit6042893355024299093.tmp
15:59:15.375 ERROR org.sonar.java.ast.JavaAstScanner - Parse error at line 1 column 1:

1: ParseError
   ^

15:59:15.375 INFO  org.sonar.java.JavaSquid - Java Main Files AST scan (done) | time=52ms
15:59:15.375 INFO  org.sonar.java.JavaSquid - Java Test Files AST scan
15:59:15.375 INFO  org.sonar.squidbridge.ProgressReport - 0 source files to be analyzed
15:59:15.378 INFO  org.sonar.java.JavaSquid - Java Test Files AST scan (done) | time=3ms
15:59:15.378 INFO  org.sonar.squidbridge.ProgressReport - 1/1 source files have been analyzed
15:59:15.378 INFO  org.sonar.squidbridge.ProgressReport - 0/0 source files have been analyzed
15:59:15.393 INFO  org.sonar.squidbridge.ProgressReport - 0/0 source files have been analyzed
15:59:15.394 INFO  org.sonar.squidbridge.ProgressReport - 1/1 source files have been analyzed
15:59:15.398 INFO  org.sonar.java.JavaSquid - Java Main Files AST scan
15:59:15.398 INFO  org.sonar.squidbridge.ProgressReport - 1 source files to be analyzed
15:59:15.398 INFO  org.sonar.squidbridge.ProgressReport - 0/0 source files have been analyzed
15:59:15.414 INFO  org.sonar.java.JavaSquid - Java Main Files AST scan (done) | time=16ms
15:59:15.414 INFO  org.sonar.java.JavaSquid - Java Test Files AST scan
15:59:15.414 INFO  org.sonar.squidbridge.ProgressReport - 0 source files to be analyzed
15:59:15.417 INFO  org.sonar.squidbridge.ProgressReport - 1/1 source files have been analyzed
15:59:15.420 INFO  org.sonar.java.JavaSquid - Java Test Files AST scan (done) | time=6ms
15:59:15.424 INFO  org.sonar.java.JavaSquid - Java Main Files AST scan
15:59:15.424 INFO  org.sonar.squidbridge.ProgressReport - 1 source files to be analyzed
15:59:15.429 INFO  org.sonar.squidbridge.ProgressReport - 0/0 source files have been analyzed
15:59:15.462 INFO  org.sonar.java.JavaSquid - Java Main Files AST scan (done) | time=38ms
15:59:15.462 INFO  org.sonar.squidbridge.ProgressReport - 1/1 source files have been analyzed
15:59:15.465 INFO  org.sonar.java.JavaSquid - Java Test Files AST scan
15:59:15.469 INFO  org.sonar.squidbridge.ProgressReport - 0 source files to be analyzed
15:59:15.471 INFO  org.sonar.java.JavaSquid - Java Test Files AST scan (done) | time=6ms
15:59:15.480 INFO  org.sonar.java.JavaSquid - Java Main Files AST scan
15:59:15.482 INFO  org.sonar.squidbridge.ProgressReport - 1 source files to be analyzed
15:59:15.491 INFO  org.sonar.java.JavaSquid - Java Main Files AST scan (done) | time=11ms
15:59:15.491 INFO  org.sonar.java.JavaSquid - Java Test Files AST scan
15:59:15.491 INFO  org.sonar.squidbridge.ProgressReport - 0 source files to be analyzed
15:59:15.492 INFO  org.sonar.squidbridge.ProgressReport - 0/0 source files have been analyzed
15:59:15.500 INFO  org.sonar.squidbridge.ProgressReport - 1/1 source files have been analyzed
15:59:15.502 INFO  org.sonar.java.JavaSquid - Java Test Files AST scan (done) | time=11ms
15:59:15.502 INFO  org.sonar.squidbridge.ProgressReport - 0/0 source files have been analyzed
15:59:15.507 INFO  org.sonar.java.JavaSquid - Java Main Files AST scan
15:59:15.507 INFO  org.sonar.squidbridge.ProgressReport - 1 source files to be analyzed
15:59:15.518 INFO  org.sonar.java.JavaSquid - Java Main Files AST scan (done) | time=11ms
15:59:15.520 INFO  org.sonar.java.JavaSquid - Java Test Files AST scan
15:59:15.522 INFO  org.sonar.squidbridge.ProgressReport - 0 source files to be analyzed
15:59:15.519 INFO  org.sonar.squidbridge.ProgressReport - 1/1 source files have been analyzed
15:59:15.525 INFO  org.sonar.java.JavaSquid - Java Test Files AST scan (done) | time=5ms
[INFO] Tests run: 7, Failures: 0, Errors: 0, Skipped: 0, Time elapsed: 0.682 s - in org.sonar.java.ast.visitors.SyntaxHighlighterVisitorTest
[INFO] Running org.sonar.java.model.TreeTokenCompletenessTest
15:59:15.532 INFO  org.sonar.squidbridge.ProgressReport - 1 source files to be analyzed
15:59:15.535 INFO  org.sonar.squidbridge.ProgressReport - 0/0 source files have been analyzed
15:59:15.566 INFO  org.sonar.squidbridge.ProgressReport - 1/1 source files have been analyzed
[INFO] Tests run: 1, Failures: 0, Errors: 0, Skipped: 0, Time elapsed: 0.041 s - in org.sonar.java.model.TreeTokenCompletenessTest
[INFO] Running org.sonar.java.resolve.SymbolTableTest
[INFO] Tests run: 72, Failures: 0, Errors: 0, Skipped: 0, Time elapsed: 1.861 s - in org.sonar.java.resolve.SymbolTableTest
[INFO] Running org.sonar.java.se.xproc.ExceptionalCheckBasedYieldTest
[INFO] Tests run: 5, Failures: 0, Errors: 0, Skipped: 0, Time elapsed: 0.028 s - in org.sonar.java.se.xproc.ExceptionalCheckBasedYieldTest
[INFO] Running org.sonar.java.bytecode.loader.SquidClassLoaderTest
[INFO] Tests run: 13, Failures: 0, Errors: 0, Skipped: 0, Time elapsed: 0.032 s - in org.sonar.java.bytecode.loader.SquidClassLoaderTest
[INFO] Running org.sonar.java.resolve.JavaTypeTest
15:59:17.523 INFO  org.sonar.squidbridge.ProgressReport - 1 source files to be analyzed
[INFO] Tests run: 14, Failures: 0, Errors: 0, Skipped: 0, Time elapsed: 0.04 s - in org.sonar.java.resolve.JavaTypeTest
[INFO] Running org.sonar.java.ast.parser.grammar.units.ModuleDeclarationTest
15:59:17.540 INFO  org.sonar.squidbridge.ProgressReport - 1/1 source files have been analyzed
[INFO] Tests run: 1, Failures: 0, Errors: 0, Skipped: 0, Time elapsed: 0.004 s - in org.sonar.java.ast.parser.grammar.units.ModuleDeclarationTest
[INFO] Running org.sonar.java.ast.parser.grammar.statements.TryStatementTest
[INFO] Tests run: 4, Failures: 0, Errors: 0, Skipped: 0, Time elapsed: 0.007 s - in org.sonar.java.ast.parser.grammar.statements.TryStatementTest
[INFO] Running org.sonar.java.resolve.TypeSubstitutionTest
[INFO] Tests run: 10, Failures: 0, Errors: 0, Skipped: 0, Time elapsed: 0.004 s - in org.sonar.java.resolve.TypeSubstitutionTest
[INFO] Running org.sonar.java.ast.parser.grammar.parameters.FormalParameterDeclsRestTest
[INFO] Tests run: 2, Failures: 0, Errors: 0, Skipped: 0, Time elapsed: 0.005 s - in org.sonar.java.ast.parser.grammar.parameters.FormalParameterDeclsRestTest
[INFO] Running org.sonar.java.ast.parser.grammar.enums.EnumConstantTest
[INFO] Tests run: 2, Failures: 0, Errors: 0, Skipped: 0, Time elapsed: 0.005 s - in org.sonar.java.ast.parser.grammar.enums.EnumConstantTest
[INFO] Running org.sonar.java.se.checks.NoWayOutLoopCheckTest
15:59:17.591 INFO  org.sonar.squidbridge.ProgressReport - 1 source files to be analyzed
15:59:17.718 INFO  org.sonar.squidbridge.ProgressReport - 1/1 source files have been analyzed
[INFO] Tests run: 1, Failures: 0, Errors: 0, Skipped: 0, Time elapsed: 0.133 s - in org.sonar.java.se.checks.NoWayOutLoopCheckTest
[INFO] Running org.sonar.java.resolve.MethodJavaSymbolTest
15:59:17.728 INFO  org.sonar.squidbridge.ProgressReport - 1 source files to be analyzed
15:59:17.741 INFO  org.sonar.squidbridge.ProgressReport - 1 source files to be analyzed
15:59:17.753 INFO  org.sonar.squidbridge.ProgressReport - 1 source files to be analyzed
15:59:17.760 INFO  org.sonar.squidbridge.ProgressReport - 1/1 source files have been analyzed
15:59:17.762 INFO  org.sonar.squidbridge.ProgressReport - 1/1 source files have been analyzed
15:59:17.771 INFO  org.sonar.squidbridge.ProgressReport - 1/1 source files have been analyzed
15:59:17.775 INFO  org.sonar.squidbridge.ProgressReport - 1 source files to be analyzed
15:59:17.791 INFO  org.sonar.squidbridge.ProgressReport - 1 source files to be analyzed
15:59:17.793 INFO  org.sonar.squidbridge.ProgressReport - 1/1 source files have been analyzed
[INFO] Tests run: 5, Failures: 0, Errors: 0, Skipped: 0, Time elapsed: 0.08 s - in org.sonar.java.resolve.MethodJavaSymbolTest
[INFO] Running org.sonar.java.ast.parser.grammar.statements.LabeledStatementTest
[INFO] Tests run: 1, Failures: 0, Errors: 0, Skipped: 0, Time elapsed: 0.004 s - in org.sonar.java.ast.parser.grammar.statements.LabeledStatementTest
[INFO] Running org.sonar.java.ast.parser.grammar.classes.MemberDeclTest
[INFO] Tests run: 1, Failures: 0, Errors: 0, Skipped: 0, Time elapsed: 0 s - in org.sonar.java.ast.parser.grammar.classes.MemberDeclTest
[INFO] Running org.sonar.java.model.statement.ContinueStatementTreeImplTest
[INFO] Tests run: 2, Failures: 0, Errors: 0, Skipped: 0, Time elapsed: 0 s - in org.sonar.java.model.statement.ContinueStatementTreeImplTest
[INFO] Running org.sonar.java.model.VisitorsBridgeForTestsTest
[INFO] Tests run: 1, Failures: 0, Errors: 0, Skipped: 0, Time elapsed: 0 s - in org.sonar.java.model.VisitorsBridgeForTestsTest
[INFO] Running org.sonar.java.ast.parser.grammar.parameters.VariableDeclaratorIdTest
[INFO] Tests run: 1, Failures: 0, Errors: 0, Skipped: 0, Time elapsed: 0 s - in org.sonar.java.ast.parser.grammar.parameters.VariableDeclaratorIdTest
[INFO] Running org.sonar.java.bytecode.se.BytecodeSECheckTest
15:59:17.839 INFO  org.sonar.squidbridge.ProgressReport - 1/1 source files have been analyzed
[INFO] Tests run: 6, Failures: 0, Errors: 0, Skipped: 0, Time elapsed: 0.025 s - in org.sonar.java.bytecode.se.BytecodeSECheckTest
[INFO] Running org.sonar.java.se.constraint.ConstraintsByDomainTest
[INFO] Tests run: 9, Failures: 0, Errors: 0, Skipped: 0, Time elapsed: 0.006 s - in org.sonar.java.se.constraint.ConstraintsByDomainTest
[INFO] Running org.sonar.java.se.BehaviorCacheTest
[INFO] Tests run: 16, Failures: 0, Errors: 0, Skipped: 0, Time elapsed: 3.261 s - in org.sonar.java.se.BehaviorCacheTest
[INFO] Running org.sonar.java.se.checks.NullDereferenceCheckTest
15:59:21.142 INFO  org.sonar.squidbridge.ProgressReport - 1 source files to be analyzed
15:59:21.156 INFO  org.sonar.squidbridge.ProgressReport - 1/1 source files have been analyzed
15:59:21.162 INFO  org.sonar.squidbridge.ProgressReport - 1 source files to be analyzed
15:59:21.203 INFO  org.sonar.squidbridge.ProgressReport - 1/1 source files have been analyzed
15:59:21.210 INFO  org.sonar.squidbridge.ProgressReport - 1 source files to be analyzed
15:59:21.262 INFO  org.sonar.squidbridge.ProgressReport - 1/1 source files have been analyzed
15:59:21.270 INFO  org.sonar.squidbridge.ProgressReport - 1 source files to be analyzed
15:59:21.283 INFO  org.sonar.squidbridge.ProgressReport - 1 source files to be analyzed
15:59:21.283 INFO  org.sonar.squidbridge.ProgressReport - 1/1 source files have been analyzed
15:59:21.456 INFO  org.sonar.squidbridge.ProgressReport - 1/1 source files have been analyzed
15:59:21.460 INFO  org.sonar.squidbridge.ProgressReport - 1 source files to be analyzed
15:59:21.503 INFO  org.sonar.squidbridge.ProgressReport - 1/1 source files have been analyzed
15:59:21.508 INFO  org.sonar.squidbridge.ProgressReport - 1 source files to be analyzed
15:59:21.519 INFO  org.sonar.squidbridge.ProgressReport - 1 source files to be analyzed
15:59:21.521 INFO  org.sonar.squidbridge.ProgressReport - 1/1 source files have been analyzed
15:59:21.532 INFO  org.sonar.squidbridge.ProgressReport - 1 source files to be analyzed
15:59:21.534 INFO  org.sonar.squidbridge.ProgressReport - 1/1 source files have been analyzed
15:59:21.588 INFO  org.sonar.squidbridge.ProgressReport - 1/1 source files have been analyzed
[INFO] Tests run: 9, Failures: 0, Errors: 0, Skipped: 0, Time elapsed: 0.455 s - in org.sonar.java.se.checks.NullDereferenceCheckTest
[INFO] Running org.sonar.java.resolve.MethodReferenceResolutionTest
[INFO] Tests run: 9, Failures: 0, Errors: 0, Skipped: 0, Time elapsed: 0.074 s - in org.sonar.java.resolve.MethodReferenceResolutionTest
[INFO] Running org.sonar.java.ast.parser.grammar.literals.LiteralTest
[INFO] Tests run: 1, Failures: 0, Errors: 0, Skipped: 0, Time elapsed: 0.003 s - in org.sonar.java.ast.parser.grammar.literals.LiteralTest
[INFO] Running org.sonar.java.ast.parser.grammar.enums.EnumDeclarationTest
[INFO] Tests run: 2, Failures: 0, Errors: 0, Skipped: 0, Time elapsed: 0.004 s - in org.sonar.java.ast.parser.grammar.enums.EnumDeclarationTest
[INFO] Running org.sonar.java.AnalysisErrorTest
[INFO] Tests run: 1, Failures: 0, Errors: 0, Skipped: 0, Time elapsed: 0.002 s - in org.sonar.java.AnalysisErrorTest
[INFO] Running org.sonar.java.se.xproc.ExceptionalYieldTest
[INFO] Tests run: 5, Failures: 0, Errors: 0, Skipped: 0, Time elapsed: 0.032 s - in org.sonar.java.se.xproc.ExceptionalYieldTest
[INFO] Running org.sonar.java.ast.parser.grammar.statements.ContinueStatementTest
[INFO] Tests run: 1, Failures: 0, Errors: 0, Skipped: 0, Time elapsed: 0.003 s - in org.sonar.java.ast.parser.grammar.statements.ContinueStatementTest
[INFO] Running org.sonar.java.bytecode.loader.FileSystemLoaderTest
[INFO] Tests run: 4, Failures: 0, Errors: 0, Skipped: 0, Time elapsed: 0.003 s - in org.sonar.java.bytecode.loader.FileSystemLoaderTest
[INFO] Running org.sonar.java.ast.parser.grammar.literals.RestrictedKeywordTest
[INFO] Tests run: 1, Failures: 0, Errors: 0, Skipped: 0, Time elapsed: 0.003 s - in org.sonar.java.ast.parser.grammar.literals.RestrictedKeywordTest
[INFO] Running org.sonar.java.ast.visitors.AccessorsUtilsTest
[INFO] Tests run: 15, Failures: 0, Errors: 0, Skipped: 0, Time elapsed: 0.048 s - in org.sonar.java.ast.visitors.AccessorsUtilsTest
[INFO] Running org.sonar.java.bytecode.se.MethodLookupTest
[INFO] Tests run: 2, Failures: 0, Errors: 0, Skipped: 0, Time elapsed: 0.003 s - in org.sonar.java.bytecode.se.MethodLookupTest
[INFO] Running org.sonar.java.ast.parser.grammar.parameters.FormalParameterDeclsTest
[INFO] Tests run: 1, Failures: 0, Errors: 0, Skipped: 0, Time elapsed: 0.004 s - in org.sonar.java.ast.parser.grammar.parameters.FormalParameterDeclsTest
[INFO] Running org.sonar.java.se.checks.ConditionAlwaysTrueOrFalseCheckTest
15:59:21.810 INFO  org.sonar.squidbridge.ProgressReport - 1 source files to be analyzed
15:59:21.834 INFO  org.sonar.squidbridge.ProgressReport - 1/1 source files have been analyzed
15:59:21.838 INFO  org.sonar.squidbridge.ProgressReport - 1 source files to be analyzed
15:59:21.850 INFO  org.sonar.squidbridge.ProgressReport - 1 source files to be analyzed
15:59:21.852 INFO  org.sonar.squidbridge.ProgressReport - 1/1 source files have been analyzed
15:59:21.863 INFO  org.sonar.squidbridge.ProgressReport - 1/1 source files have been analyzed
15:59:21.866 INFO  org.sonar.squidbridge.ProgressReport - 1 source files to be analyzed
15:59:21.883 INFO  org.sonar.squidbridge.ProgressReport - 1 source files to be analyzed
15:59:21.884 INFO  org.sonar.squidbridge.ProgressReport - 1/1 source files have been analyzed
15:59:22.025 INFO  org.sonar.squidbridge.ProgressReport - 1/1 source files have been analyzed
15:59:22.032 INFO  org.sonar.squidbridge.ProgressReport - 1 source files to be analyzed
15:59:22.046 INFO  org.sonar.squidbridge.ProgressReport - 1 source files to be analyzed
15:59:22.048 INFO  org.sonar.squidbridge.ProgressReport - 1/1 source files have been analyzed
15:59:23.889 INFO  org.sonar.squidbridge.ProgressReport - 1/1 source files have been analyzed
15:59:23.896 INFO  org.sonar.squidbridge.ProgressReport - 1 source files to be analyzed
15:59:23.918 INFO  org.sonar.squidbridge.ProgressReport - 1/1 source files have been analyzed
15:59:23.925 INFO  org.sonar.squidbridge.ProgressReport - 1 source files to be analyzed
15:59:23.953 INFO  org.sonar.squidbridge.ProgressReport - 1/1 source files have been analyzed
15:59:23.958 INFO  org.sonar.squidbridge.ProgressReport - 1 source files to be analyzed
15:59:23.984 INFO  org.sonar.squidbridge.ProgressReport - 1/1 source files have been analyzed
[INFO] Tests run: 10, Failures: 0, Errors: 0, Skipped: 0, Time elapsed: 2.181 s - in org.sonar.java.se.checks.ConditionAlwaysTrueOrFalseCheckTest
[INFO] Running org.sonar.java.bytecode.loader.AarLoaderTest
[INFO] Tests run: 6, Failures: 0, Errors: 0, Skipped: 0, Time elapsed: 0.01 s - in org.sonar.java.bytecode.loader.AarLoaderTest
[INFO] Running org.sonar.java.JavaFilesCacheTest
15:59:24.007 INFO  org.sonar.squidbridge.ProgressReport - 1 source files to be analyzed
[INFO] Tests run: 1, Failures: 0, Errors: 0, Skipped: 0, Time elapsed: 0.015 s - in org.sonar.java.JavaFilesCacheTest
[INFO] Running org.sonar.java.ast.parser.grammar.interfaces.InterfaceDeclarationTest
[INFO] Tests run: 2, Failures: 0, Errors: 0, Skipped: 0, Time elapsed: 0.007 s - in org.sonar.java.ast.parser.grammar.interfaces.InterfaceDeclarationTest
[INFO] Running org.sonar.java.ast.parser.grammar.literals.CharacterLiteralTest
15:59:24.026 INFO  org.sonar.squidbridge.ProgressReport - 1/1 source files have been analyzed
[INFO] Tests run: 1, Failures: 0, Errors: 0, Skipped: 0, Time elapsed: 0.007 s - in org.sonar.java.ast.parser.grammar.literals.CharacterLiteralTest
[INFO] Running org.sonar.java.UCFGJavaVisitorTest
[INFO] Tests run: 22, Failures: 0, Errors: 0, Skipped: 0, Time elapsed: 1.079 s - in org.sonar.java.UCFGJavaVisitorTest
[INFO] Running org.sonar.java.ast.parser.grammar.statements.ForStatementTest
[INFO] Tests run: 1, Failures: 0, Errors: 0, Skipped: 0, Time elapsed: 0.02 s - in org.sonar.java.ast.parser.grammar.statements.ForStatementTest
[INFO] Running org.sonar.java.ast.parser.grammar.statements.IfStatementTest
[INFO] Tests run: 1, Failures: 0, Errors: 0, Skipped: 0, Time elapsed: 0.007 s - in org.sonar.java.ast.parser.grammar.statements.IfStatementTest
[INFO] Running org.sonar.java.model.declaration.ProvidesDirectiveTreeImplTest
[INFO] Tests run: 2, Failures: 0, Errors: 0, Skipped: 0, Time elapsed: 0.013 s - in org.sonar.java.model.declaration.ProvidesDirectiveTreeImplTest
[INFO] Running org.sonar.java.bytecode.loader.JarLoaderTest
[INFO] Tests run: 5, Failures: 0, Errors: 0, Skipped: 0, Time elapsed: 0.005 s - in org.sonar.java.bytecode.loader.JarLoaderTest
[INFO] Running org.sonar.java.se.symbolicvalues.SymbolicValueTest
[INFO] Tests run: 6, Failures: 0, Errors: 0, Skipped: 0, Time elapsed: 0.003 s - in org.sonar.java.se.symbolicvalues.SymbolicValueTest
[INFO] Running org.sonar.java.se.checks.InvariantReturnCheckTest
15:59:25.206 INFO  org.sonar.squidbridge.ProgressReport - 1 source files to be analyzed
15:59:25.488 INFO  org.sonar.squidbridge.ProgressReport - 1/1 source files have been analyzed
[INFO] Tests run: 1, Failures: 0, Errors: 0, Skipped: 0, Time elapsed: 0.29 s - in org.sonar.java.se.checks.InvariantReturnCheckTest
[INFO] Running org.sonar.java.xml.maven.PomCheckContextImplTest
[INFO] Tests run: 6, Failures: 0, Errors: 0, Skipped: 0, Time elapsed: 0.269 s - in org.sonar.java.xml.maven.PomCheckContextImplTest
[INFO] Running org.sonar.java.ast.parser.grammar.statements.ThrowStatementTest
[INFO] Tests run: 1, Failures: 0, Errors: 0, Skipped: 0, Time elapsed: 0.003 s - in org.sonar.java.ast.parser.grammar.statements.ThrowStatementTest
[INFO] Running org.sonar.java.AnalyzerMessageTest
[INFO] Tests run: 9, Failures: 0, Errors: 0, Skipped: 0, Time elapsed: 0.015 s - in org.sonar.java.AnalyzerMessageTest
[INFO] Running org.sonar.java.ast.parser.grammar.types.TypeArgumentTest
[INFO] Tests run: 1, Failures: 0, Errors: 0, Skipped: 0, Time elapsed: 0.003 s - in org.sonar.java.ast.parser.grammar.types.TypeArgumentTest
[INFO] Running org.sonar.java.ast.parser.grammar.statements.SwitchLabelTest
[INFO] Tests run: 1, Failures: 0, Errors: 0, Skipped: 0, Time elapsed: 0.002 s - in org.sonar.java.ast.parser.grammar.statements.SwitchLabelTest
[INFO] Running org.sonar.java.xml.XPathXmlCheckTest
[INFO] Tests run: 4, Failures: 0, Errors: 0, Skipped: 0, Time elapsed: 0.063 s - in org.sonar.java.xml.XPathXmlCheckTest
[INFO] 
[INFO] Results:
[INFO] 
[ERROR] Failures: 
[ERROR]   LiteralUtilsTest.testEmptyString:110 
Expecting Optional to contain a value but was empty.
[INFO] 
[ERROR] Tests run: 1571, Failures: 1, Errors: 0, Skipped: 0
[INFO] 
[INFO] 
[INFO] ------------------------------------------------------------------------
[INFO] Skipping SonarJava
[INFO] This project has been banned from the build due to previous failures.
[INFO] ------------------------------------------------------------------------
[INFO] ------------------------------------------------------------------------
[INFO] Reactor Summary:
[INFO] 
[INFO] SonarJava .......................................... SUCCESS [  7.318 s]
[INFO] SonarQube Java :: Maven model generator ............ SUCCESS [  8.808 s]
[INFO] SonarQube Java :: Front-end ........................ FAILURE [02:15 min]
[INFO] SonarQube Java :: Check Test tool kit .............. SKIPPED
[INFO] SonarQube Java :: Checks ........................... SKIPPED
[INFO] SonarQube Java :: Surefire ......................... SKIPPED
[INFO] java-jacoco-previous ............................... SKIPPED
[INFO] SonarQube Java :: JaCoCo ........................... SKIPPED
[INFO] SonarQube Java :: Plugin ........................... SKIPPED
[INFO] SonarQube Java :: JaCoCo Listeners ................. SKIPPED
[INFO] SonarQube Java :: ITs .............................. SKIPPED
[INFO] SonarQube Java :: ITs :: Performancing ............. SKIPPED
[INFO] SonarQube Java :: ITs :: Plugin .................... SKIPPED
[INFO] SonarQube Java :: ITs :: Plugin :: Plugins ......... SKIPPED
[INFO] SonarQube Java :: ITS :: Plugin :: Java Extension Plugin SKIPPED
[INFO] SonarQube Java :: ITs :: Plugin :: Tests ........... SKIPPED
[INFO] SonarQube Java :: ITs :: Ruling .................... SKIPPED
[INFO] SonarQube Java :: ITs :: Semantic .................. SKIPPED
[INFO] SonarQube Java :: ITS :: Semantic :: Java Debugging Plugin SKIPPED
[INFO] SonarQube Java :: ITs :: Semantic :: Tests ......... SKIPPED
[INFO] ------------------------------------------------------------------------
[INFO] BUILD FAILURE
[INFO] ------------------------------------------------------------------------
[INFO] Total time: 02:35 min
[INFO] Finished at: 2018-05-25T15:59:26Z
[INFO] Final Memory: 67M/987M
[INFO] ------------------------------------------------------------------------
[ERROR] Failed to execute goal org.apache.maven.plugins:maven-surefire-plugin:2.20.1:test (default-test) on project java-frontend: There are test failures.
[ERROR] 
[ERROR] Please refer to /home/travis/build/SonarSource/sonar-java/java-frontend/target/surefire-reports for the individual test results.
[ERROR] Please refer to dump files (if any exist) [date]-jvmRun[N].dump, [date].dumpstream and [date]-jvmRun[N].dumpstream.
[ERROR] -> [Help 1]
org.apache.maven.lifecycle.LifecycleExecutionException: Failed to execute goal org.apache.maven.plugins:maven-surefire-plugin:2.20.1:test (default-test) on project java-frontend: There are test failures.

Please refer to /home/travis/build/SonarSource/sonar-java/java-frontend/target/surefire-reports for the individual test results.
Please refer to dump files (if any exist) [date]-jvmRun[N].dump, [date].dumpstream and [date]-jvmRun[N].dumpstream.
    at org.apache.maven.lifecycle.internal.MojoExecutor.execute (MojoExecutor.java:213)
    at org.apache.maven.lifecycle.internal.MojoExecutor.execute (MojoExecutor.java:154)
    at org.apache.maven.lifecycle.internal.MojoExecutor.execute (MojoExecutor.java:146)
    at org.apache.maven.lifecycle.internal.LifecycleModuleBuilder.buildProject (LifecycleModuleBuilder.java:117)
    at org.apache.maven.lifecycle.internal.LifecycleModuleBuilder.buildProject (LifecycleModuleBuilder.java:81)
    at org.apache.maven.lifecycle.internal.builder.singlethreaded.SingleThreadedBuilder.build (SingleThreadedBuilder.java:51)
    at org.apache.maven.lifecycle.internal.LifecycleStarter.execute (LifecycleStarter.java:128)
    at org.apache.maven.DefaultMaven.doExecute (DefaultMaven.java:309)
    at org.apache.maven.DefaultMaven.doExecute (DefaultMaven.java:194)
    at org.apache.maven.DefaultMaven.execute (DefaultMaven.java:107)
    at org.apache.maven.cli.MavenCli.execute (MavenCli.java:955)
    at org.apache.maven.cli.MavenCli.doMain (MavenCli.java:290)
    at org.apache.maven.cli.MavenCli.main (MavenCli.java:194)
    at sun.reflect.NativeMethodAccessorImpl.invoke0 (Native Method)
    at sun.reflect.NativeMethodAccessorImpl.invoke (NativeMethodAccessorImpl.java:62)
    at sun.reflect.DelegatingMethodAccessorImpl.invoke (DelegatingMethodAccessorImpl.java:43)
    at java.lang.reflect.Method.invoke (Method.java:498)
    at org.codehaus.plexus.classworlds.launcher.Launcher.launchEnhanced (Launcher.java:289)
    at org.codehaus.plexus.classworlds.launcher.Launcher.launch (Launcher.java:229)
    at org.codehaus.plexus.classworlds.launcher.Launcher.mainWithExitCode (Launcher.java:415)
    at org.codehaus.plexus.classworlds.launcher.Launcher.main (Launcher.java:356)
Caused by: org.apache.maven.plugin.MojoFailureException: There are test failures.

Please refer to /home/travis/build/SonarSource/sonar-java/java-frontend/target/surefire-reports for the individual test results.
Please refer to dump files (if any exist) [date]-jvmRun[N].dump, [date].dumpstream and [date]-jvmRun[N].dumpstream.
    at org.apache.maven.plugin.surefire.SurefireHelper.throwException (SurefireHelper.java:240)
    at org.apache.maven.plugin.surefire.SurefireHelper.reportExecution (SurefireHelper.java:112)
    at org.apache.maven.plugin.surefire.SurefirePlugin.handleSummary (SurefirePlugin.java:354)
    at org.apache.maven.plugin.surefire.AbstractSurefireMojo.executeAfterPreconditionsChecked (AbstractSurefireMojo.java:984)
    at org.apache.maven.plugin.surefire.AbstractSurefireMojo.execute (AbstractSurefireMojo.java:832)
    at org.apache.maven.plugin.DefaultBuildPluginManager.executeMojo (DefaultBuildPluginManager.java:134)
    at org.apache.maven.lifecycle.internal.MojoExecutor.execute (MojoExecutor.java:208)
    at org.apache.maven.lifecycle.internal.MojoExecutor.execute (MojoExecutor.java:154)
    at org.apache.maven.lifecycle.internal.MojoExecutor.execute (MojoExecutor.java:146)
    at org.apache.maven.lifecycle.internal.LifecycleModuleBuilder.buildProject (LifecycleModuleBuilder.java:117)
    at org.apache.maven.lifecycle.internal.LifecycleModuleBuilder.buildProject (LifecycleModuleBuilder.java:81)
    at org.apache.maven.lifecycle.internal.builder.singlethreaded.SingleThreadedBuilder.build (SingleThreadedBuilder.java:51)
    at org.apache.maven.lifecycle.internal.LifecycleStarter.execute (LifecycleStarter.java:128)
    at org.apache.maven.DefaultMaven.doExecute (DefaultMaven.java:309)
    at org.apache.maven.DefaultMaven.doExecute (DefaultMaven.java:194)
    at org.apache.maven.DefaultMaven.execute (DefaultMaven.java:107)
    at org.apache.maven.cli.MavenCli.execute (MavenCli.java:955)
    at org.apache.maven.cli.MavenCli.doMain (MavenCli.java:290)
    at org.apache.maven.cli.MavenCli.main (MavenCli.java:194)
    at sun.reflect.NativeMethodAccessorImpl.invoke0 (Native Method)
    at sun.reflect.NativeMethodAccessorImpl.invoke (NativeMethodAccessorImpl.java:62)
    at sun.reflect.DelegatingMethodAccessorImpl.invoke (DelegatingMethodAccessorImpl.java:43)
    at java.lang.reflect.Method.invoke (Method.java:498)
    at org.codehaus.plexus.classworlds.launcher.Launcher.launchEnhanced (Launcher.java:289)
    at org.codehaus.plexus.classworlds.launcher.Launcher.launch (Launcher.java:229)
    at org.codehaus.plexus.classworlds.launcher.Launcher.mainWithExitCode (Launcher.java:415)
    at org.codehaus.plexus.classworlds.launcher.Launcher.main (Launcher.java:356)
[ERROR] 
[ERROR] Re-run Maven using the -X switch to enable full debug logging.
[ERROR] 
[ERROR] For more information about the errors and possible solutions, please read the following articles:
[ERROR] [Help 1] http://cwiki.apache.org/confluence/display/MAVEN/MojoFailureException
[ERROR] 
[ERROR] After correcting the problems, you can resume the build with the command
[ERROR]   mvn <goals> -rf :java-frontend

travis_time:end:007a61bf:start=1527263780410725222,finish=1527263966635020180,duration=186224294958[0K
[31;1mThe command "./travis.sh" exited with 1.[0m
travis_fold:start:before_cache.1[0Ktravis_time:start:122ea4bc[0K$ rm -rf $HOME/.m2/repository/org/sonarsource/java

travis_time:end:122ea4bc:start=1527263966645761098,finish=1527263966654369799,duration=8608701[0Ktravis_fold:end:before_cache.1[0Ktravis_fold:start:before_cache.2[0Ktravis_time:start:08eac92b[0K$ find $HOME/.m2 -name resolver-status.properties -exec rm {} \;

travis_time:end:08eac92b:start=1527263966663737181,finish=1527263966707192487,duration=43455306[0Ktravis_fold:end:before_cache.2[0Ktravis_fold:start:cache.2[0Kstore build cache
travis_time:start:163246b0[0K
travis_time:end:163246b0:start=1527263966715233822,finish=1527263966720924155,duration=5690333[0Ktravis_time:start:0afd7bbd[0K[32;1mnothing changed, not updating cache[0m

travis_time:end:0afd7bbd:start=1527263966730102848,finish=1527263970873337096,duration=4143234248[0Ktravis_fold:end:cache.2[0K
Done. Your build exited with 1.
