travis_fold:start:worker_info[0K[33;1mWorker information[0m
hostname: ca5d34b5-3e85-48a7-a0f3-76059213d245@1.i-015d86c-production-2-worker-org-ec2.travisci.net
version: v3.8.0 https://github.com/travis-ci/worker/tree/cccff7c89da7ba0cf47a90e5615266a45b372e30
instance: 50fcdda travisci/ci-garnet:packer-1512502276-986baf0 (via amqp)
startup: 506.946058ms
travis_fold:end:worker_info[0Ktravis_fold:start:system_info[0K[33;1mBuild system information[0m
Build language: java
Build group: stable
Build dist: trusty
Build id: 395013262
Job id: 395013263
Runtime kernel version: 4.14.12-041412-generic
travis-build version: 08cf49fbd
[34m[1mBuild image provisioning date and time[0m
Tue Dec  5 20:11:19 UTC 2017
[34m[1mOperating System Details[0m
Distributor ID:	Ubuntu
Description:	Ubuntu 14.04.5 LTS
Release:	14.04
Codename:	trusty
[34m[1mCookbooks Version[0m
7c2c6a6 https://github.com/travis-ci/travis-cookbooks/tree/7c2c6a6
[34m[1mgit version[0m
git version 2.15.1
[34m[1mbash version[0m
GNU bash, version 4.3.11(1)-release (x86_64-pc-linux-gnu)
[34m[1mgcc version[0m
gcc (Ubuntu 4.8.4-2ubuntu1~14.04.3) 4.8.4
Copyright (C) 2013 Free Software Foundation, Inc.
This is free software; see the source for copying conditions.  There is NO
warranty; not even for MERCHANTABILITY or FITNESS FOR A PARTICULAR PURPOSE.

[34m[1mdocker version[0m
Client:
 Version:      17.09.0-ce
 API version:  1.32
 Go version:   go1.8.3
 Git commit:   afdb6d4
 Built:        Tue Sep 26 22:39:28 2017
 OS/Arch:      linux/amd64
[34m[1mclang version[0m
clang version 5.0.0 (tags/RELEASE_500/final)
Target: x86_64-unknown-linux-gnu
Thread model: posix
InstalledDir: /usr/local/clang-5.0.0/bin
[34m[1mjq version[0m
jq-1.5
[34m[1mbats version[0m
Bats 0.4.0
[34m[1mshellcheck version[0m
0.4.6
[34m[1mshfmt version[0m
v2.0.0
[34m[1mccache version[0m
ccache version 3.1.9

Copyright (C) 2002-2007 Andrew Tridgell
Copyright (C) 2009-2011 Joel Rosdahl

This program is free software; you can redistribute it and/or modify it under
the terms of the GNU General Public License as published by the Free Software
Foundation; either version 3 of the License, or (at your option) any later
version.
[34m[1mcmake version[0m
cmake version 3.9.2

CMake suite maintained and supported by Kitware (kitware.com/cmake).
[34m[1mheroku version[0m
heroku-cli/6.14.39-addc925 (linux-x64) node-v9.2.0
[34m[1mimagemagick version[0m
Version: ImageMagick 6.7.7-10 2017-07-31 Q16 http://www.imagemagick.org
[34m[1mmd5deep version[0m
4.2
[34m[1mmercurial version[0m
Mercurial Distributed SCM (version 4.2.2)
(see https://mercurial-scm.org for more information)

Copyright (C) 2005-2017 Matt Mackall and others
This is free software; see the source for copying conditions. There is NO
warranty; not even for MERCHANTABILITY or FITNESS FOR A PARTICULAR PURPOSE.
[34m[1mmysql version[0m
mysql  Ver 14.14 Distrib 5.6.33, for debian-linux-gnu (x86_64) using  EditLine wrapper
[34m[1mopenssl version[0m
OpenSSL 1.0.1f 6 Jan 2014
[34m[1mpacker version[0m
Packer v1.0.2

Your version of Packer is out of date! The latest version
is 1.1.2. You can update by downloading from www.packer.io
[34m[1mpostgresql client version[0m
psql (PostgreSQL) 9.6.6
[34m[1mragel version[0m
Ragel State Machine Compiler version 6.8 Feb 2013
Copyright (c) 2001-2009 by Adrian Thurston
[34m[1msubversion version[0m
svn, version 1.8.8 (r1568071)
   compiled Aug 10 2017, 17:20:39 on x86_64-pc-linux-gnu

Copyright (C) 2013 The Apache Software Foundation.
This software consists of contributions made by many people;
see the NOTICE file for more information.
Subversion is open source software, see http://subversion.apache.org/

The following repository access (RA) modules are available:

* ra_svn : Module for accessing a repository using the svn network protocol.
  - with Cyrus SASL authentication
  - handles 'svn' scheme
* ra_local : Module for accessing a repository on local disk.
  - handles 'file' scheme
* ra_serf : Module for accessing a repository via WebDAV protocol using serf.
  - using serf 1.3.3
  - handles 'http' scheme
  - handles 'https' scheme

[34m[1msudo version[0m
Sudo version 1.8.9p5
Configure options: --prefix=/usr -v --with-all-insults --with-pam --with-fqdn --with-logging=syslog --with-logfac=authpriv --with-env-editor --with-editor=/usr/bin/editor --with-timeout=15 --with-password-timeout=0 --with-passprompt=[sudo] password for %p:  --without-lecture --with-tty-tickets --disable-root-mailer --enable-admin-flag --with-sendmail=/usr/sbin/sendmail --with-timedir=/var/lib/sudo --mandir=/usr/share/man --libexecdir=/usr/lib/sudo --with-sssd --with-sssd-lib=/usr/lib/x86_64-linux-gnu --with-selinux
Sudoers policy plugin version 1.8.9p5
Sudoers file grammar version 43

Sudoers path: /etc/sudoers
Authentication methods: 'pam'
Syslog facility if syslog is being used for logging: authpriv
Syslog priority to use when user authenticates successfully: notice
Syslog priority to use when user authenticates unsuccessfully: alert
Send mail if the user is not in sudoers
Use a separate timestamp for each user/tty combo
Lecture user the first time they run sudo
Root may run sudo
Allow some information gathering to give useful error messages
Require fully-qualified hostnames in the sudoers file
Visudo will honor the EDITOR environment variable
Set the LOGNAME and USER environment variables
Length at which to wrap log file lines (0 for no wrap): 80
Authentication timestamp timeout: 15.0 minutes
Password prompt timeout: 0.0 minutes
Number of tries to enter a password: 3
Umask to use or 0777 to use user's: 022
Path to mail program: /usr/sbin/sendmail
Flags for mail program: -t
Address to send mail to: root
Subject line for mail messages: *** SECURITY information for %h ***
Incorrect password message: Sorry, try again.
Path to authentication timestamp dir: /var/lib/sudo
Default password prompt: [sudo] password for %p: 
Default user to run commands as: root
Value to override user's $PATH with: /usr/local/sbin:/usr/local/bin:/usr/sbin:/usr/bin:/sbin:/bin:/snap/bin
Path to the editor for use by visudo: /usr/bin/editor
When to require a password for 'list' pseudocommand: any
When to require a password for 'verify' pseudocommand: all
File descriptors >= 3 will be closed before executing a command
Environment variables to check for sanity:
	TZ
	TERM
	LINGUAS
	LC_*
	LANGUAGE
	LANG
	COLORTERM
Environment variables to remove:
	RUBYOPT
	RUBYLIB
	PYTHONUSERBASE
	PYTHONINSPECT
	PYTHONPATH
	PYTHONHOME
	TMPPREFIX
	ZDOTDIR
	READNULLCMD
	NULLCMD
	FPATH
	PERL5DB
	PERL5OPT
	PERL5LIB
	PERLLIB
	PERLIO_DEBUG 
	JAVA_TOOL_OPTIONS
	SHELLOPTS
	GLOBIGNORE
	PS4
	BASH_ENV
	ENV
	TERMCAP
	TERMPATH
	TERMINFO_DIRS
	TERMINFO
	_RLD*
	LD_*
	PATH_LOCALE
	NLSPATH
	HOSTALIASES
	RES_OPTIONS
	LOCALDOMAIN
	CDPATH
	IFS
Environment variables to preserve:
	JAVA_HOME
	TRAVIS
	CI
	DEBIAN_FRONTEND
	XAUTHORIZATION
	XAUTHORITY
	PS2
	PS1
	PATH
	LS_COLORS
	KRB5CCNAME
	HOSTNAME
	HOME
	DISPLAY
	COLORS
Locale to use while parsing sudoers: C
Directory in which to store input/output logs: /var/log/sudo-io
File in which to store the input/output log: %{seq}
Add an entry to the utmp/utmpx file when allocating a pty
PAM service name to use
PAM service name to use for login shells
Create a new PAM session for the command to run in
Maximum I/O log sequence number: 0

Local IP address and netmask pairs:
	172.17.0.2/255.255.0.0

Sudoers I/O plugin version 1.8.9p5
[34m[1mgzip version[0m
gzip 1.6
Copyright (C) 2007, 2010, 2011 Free Software Foundation, Inc.
Copyright (C) 1993 Jean-loup Gailly.
This is free software.  You may redistribute copies of it under the terms of
the GNU General Public License <http://www.gnu.org/licenses/gpl.html>.
There is NO WARRANTY, to the extent permitted by law.

Written by Jean-loup Gailly.
[34m[1mzip version[0m
Copyright (c) 1990-2008 Info-ZIP - Type 'zip "-L"' for software license.
This is Zip 3.0 (July 5th 2008), by Info-ZIP.
Currently maintained by E. Gordon.  Please send bug reports to
the authors using the web page at www.info-zip.org; see README for details.

Latest sources and executables are at ftp://ftp.info-zip.org/pub/infozip,
as of above date; see http://www.info-zip.org/ for other sites.

Compiled with gcc 4.8.2 for Unix (Linux ELF) on Oct 21 2013.

Zip special compilation options:
	USE_EF_UT_TIME       (store Universal Time)
	BZIP2_SUPPORT        (bzip2 library version 1.0.6, 6-Sept-2010)
	    bzip2 code and library copyright (c) Julian R Seward
	    (See the bzip2 license for terms of use)
	SYMLINK_SUPPORT      (symbolic links supported)
	LARGE_FILE_SUPPORT   (can read and write large files on file system)
	ZIP64_SUPPORT        (use Zip64 to store large files in archives)
	UNICODE_SUPPORT      (store and read UTF-8 Unicode paths)
	STORE_UNIX_UIDs_GIDs (store UID/GID sizes/values using new extra field)
	UIDGID_NOT_16BIT     (old Unix 16-bit UID/GID extra field not used)
	[encryption, version 2.91 of 05 Jan 2007] (modified for Zip 3)

Encryption notice:
	The encryption code of this program is not copyrighted and is
	put in the public domain.  It was originally written in Europe
	and, to the best of our knowledge, can be freely distributed
	in both source and object forms from any country, including
	the USA under License Exception TSU of the U.S. Export
	Administration Regulations (section 740.13(e)) of 6 June 2002.

Zip environment options:
             ZIP:  [none]
          ZIPOPT:  [none]
[34m[1mvim version[0m
VIM - Vi IMproved 7.4 (2013 Aug 10, compiled Nov 24 2016 16:43:18)
Included patches: 1-52
Extra patches: 8.0.0056
Modified by pkg-vim-maintainers@lists.alioth.debian.org
Compiled by buildd@
Huge version without GUI.  Features included (+) or not (-):
+acl             +farsi           +mouse_netterm   +syntax
+arabic          +file_in_path    +mouse_sgr       +tag_binary
+autocmd         +find_in_path    -mouse_sysmouse  +tag_old_static
-balloon_eval    +float           +mouse_urxvt     -tag_any_white
-browse          +folding         +mouse_xterm     -tcl
++builtin_terms  -footer          +multi_byte      +terminfo
+byte_offset     +fork()          +multi_lang      +termresponse
+cindent         +gettext         -mzscheme        +textobjects
-clientserver    -hangul_input    +netbeans_intg   +title
-clipboard       +iconv           +path_extra      -toolbar
+cmdline_compl   +insert_expand   -perl            +user_commands
+cmdline_hist    +jumplist        +persistent_undo +vertsplit
+cmdline_info    +keymap          +postscript      +virtualedit
+comments        +langmap         +printer         +visual
+conceal         +libcall         +profile         +visualextra
+cryptv          +linebreak       +python          +viminfo
+cscope          +lispindent      -python3         +vreplace
+cursorbind      +listcmds        +quickfix        +wildignore
+cursorshape     +localmap        +reltime         +wildmenu
+dialog_con      -lua             +rightleft       +windows
+diff            +menu            -ruby            +writebackup
+digraphs        +mksession       +scrollbind      -X11
-dnd             +modify_fname    +signs           -xfontset
-ebcdic          +mouse           +smartindent     -xim
+emacs_tags      -mouseshape      -sniff           -xsmp
+eval            +mouse_dec       +startuptime     -xterm_clipboard
+ex_extra        +mouse_gpm       +statusline      -xterm_save
+extra_search    -mouse_jsbterm   -sun_workshop    -xpm
   system vimrc file: "$VIM/vimrc"
     user vimrc file: "$HOME/.vimrc"
 2nd user vimrc file: "~/.vim/vimrc"
      user exrc file: "$HOME/.exrc"
  fall-back for $VIM: "/usr/share/vim"
Compilation: gcc -c -I. -Iproto -DHAVE_CONFIG_H     -g -O2 -fstack-protector --param=ssp-buffer-size=4 -Wformat -Werror=format-security -U_FORTIFY_SOURCE -D_FORTIFY_SOURCE=1      
Linking: gcc   -Wl,-Bsymbolic-functions -Wl,-z,relro -Wl,--as-needed -o vim        -lm -ltinfo -lnsl  -lselinux  -lacl -lattr -lgpm -ldl    -L/usr/lib/python2.7/config-x86_64-linux-gnu -lpython2.7 -lpthread -ldl -lutil -lm -Xlinker -export-dynamic -Wl,-O1 -Wl,-Bsymbolic-functions      
[34m[1miptables version[0m
iptables v1.4.21
[34m[1mcurl version[0m
curl 7.35.0 (x86_64-pc-linux-gnu) libcurl/7.35.0 OpenSSL/1.0.1f zlib/1.2.8 libidn/1.28 librtmp/2.3
[34m[1mwget version[0m
GNU Wget 1.15 built on linux-gnu.
[34m[1mrsync version[0m
rsync  version 3.1.0  protocol version 31
[34m[1mgimme version[0m
v1.2.0
[34m[1mnvm version[0m
0.33.6
[34m[1mperlbrew version[0m
/home/travis/perl5/perlbrew/bin/perlbrew  - App::perlbrew/0.80
[34m[1mphpenv version[0m
rbenv 1.1.1-25-g6aa70b6
[34m[1mrvm version[0m
rvm 1.29.3 (latest) by Michal Papis, Piotr Kuczynski, Wayne E. Seguin [https://rvm.io]
[34m[1mdefault ruby version[0m
ruby 2.4.1p111 (2017-03-22 revision 58053) [x86_64-linux]
[34m[1mCouchDB version[0m
couchdb 1.6.1
[34m[1mElasticSearch version[0m
5.5.0
[34m[1mInstalled Firefox version[0m
firefox 56.0.2
[34m[1mMongoDB version[0m
MongoDB 3.4.10
[34m[1mPhantomJS version[0m
2.1.1
[34m[1mPre-installed PostgreSQL versions[0m
9.2.24
9.3.20
9.4.15
9.5.10
9.6.6
[34m[1mRabbitMQ Version[0m
3.6.14
[34m[1mRedis version[0m
redis-server 4.0.6
[34m[1mriak version[0m
2.2.3
[34m[1mPre-installed Go versions[0m
1.7.4
[34m[1mant version[0m
Apache Ant(TM) version 1.9.3 compiled on April 8 2014
[34m[1mmvn version[0m
Apache Maven 3.5.2 (138edd61fd100ec658bfa2d307c43b76940a5d7d; 2017-10-18T07:58:13Z)
Maven home: /usr/local/maven-3.5.2
Java version: 1.8.0_151, vendor: Oracle Corporation
Java home: /usr/lib/jvm/java-8-oracle/jre
Default locale: en_US, platform encoding: UTF-8
OS name: "linux", version: "4.4.0-101-generic", arch: "amd64", family: "unix"
[34m[1mgradle version[0m

------------------------------------------------------------
Gradle 4.0.1
------------------------------------------------------------

Build time:   2017-07-07 14:02:41 UTC
Revision:     38e5dc0f772daecca1d2681885d3d85414eb6826

Groovy:       2.4.11
Ant:          Apache Ant(TM) version 1.9.6 compiled on June 29 2015
JVM:          1.8.0_151 (Oracle Corporation 25.151-b12)
OS:           Linux 4.4.0-101-generic amd64

[34m[1mlein version[0m
Leiningen 2.8.1 on Java 1.8.0_151 Java HotSpot(TM) 64-Bit Server VM
[34m[1mPre-installed Node.js versions[0m
v4.8.6
v6.12.0
v6.12.1
v8.9
v8.9.1
[34m[1mphpenv versions[0m
  system
  5.6
* 5.6.32 (set by /home/travis/.phpenv/version)
  7.0
  7.0.25
  7.1
  7.1.11
  hhvm
  hhvm-stable
[34m[1mcomposer --version[0m
Composer version 1.5.2 2017-09-11 16:59:25
[34m[1mPre-installed Ruby versions[0m
ruby-2.2.7
ruby-2.3.4
ruby-2.4.1
travis_fold:end:system_info[0K
[32;1mNetwork availability confirmed.[0m


travis_fold:start:git.checkout[0Ktravis_time:start:0b9ff3bb[0K$ git clone --depth=50 --branch=SONARJAVA-2760 https://github.com/SonarSource/sonar-java.git SonarSource/sonar-java
Cloning into 'SonarSource/sonar-java'...

travis_time:end:0b9ff3bb:start=1529586667889078904,finish=1529586670235105736,duration=2346026832[0K$ cd SonarSource/sonar-java
$ git checkout -qf a6db5b259b41076eb34f911817a18e5c12f807b7
travis_fold:end:git.checkout[0K
[33;1mSetting environment variables from repository settings[0m
$ export SONAR_TOKEN=[secure]
$ export ARTIFACTORY_URL=[secure]
$ export ARTIFACTORY_DEPLOY_REPO=[secure]
$ export ARTIFACTORY_DEPLOY_USERNAME=[secure]
$ export ARTIFACTORY_DEPLOY_PASSWORD=[secure]
$ export SONAR_HOST_URL=[secure]
$ export SONAR_HOST_URL_EXTERNAL_PR=[secure]
$ export SONAR_TOKEN_EXTERNAL_PR=434e38bb4823783255c52420358ed86a69876b10
$ export GITHUB_TOKEN=[secure]
$ export GITHUB_TOKEN_EXTERNAL_PR=75b16ddbff9c2d3709f9785c851d3d716ca5d7c1
$ export ARTIFACTORY_PRIVATE_USERNAME=[secure]
$ export ARTIFACTORY_PRIVATE_PASSWORD=[secure]

[33;1mSetting environment variables from .travis.yml[0m
$ export TEST=CI

[33;1mDisabling Gradle daemon[0m
$ mkdir -p ~/.gradle && echo "org.gradle.daemon=false" >> ~/.gradle/gradle.properties
travis_fold:start:cache.1[0KSetting up build cache
$ export CASHER_DIR=$HOME/.casher
travis_time:start:019ecdd7[0K$ Installing caching utilities

travis_time:end:019ecdd7:start=1529586679403463556,finish=1529586679457213335,duration=53749779[0Ktravis_time:start:0472fd72[0K
travis_time:end:0472fd72:start=1529586679466209986,finish=1529586679471589163,duration=5379177[0Ktravis_time:start:0ac8baa4[0K[32;1mattempting to download cache archive[0m
[32;1mfetching SONARJAVA-2760/cache-linux-trusty-c5100096ad4d3e5bb5093063909496ce91cb1b4edd9ff3a50bbcd2f773aa8b49.tgz[0m
[32;1mfetching master/cache-linux-trusty-c5100096ad4d3e5bb5093063909496ce91cb1b4edd9ff3a50bbcd2f773aa8b49.tgz[0m
[32;1mfound cache[0m

travis_time:end:0ac8baa4:start=1529586679477555499,finish=1529586692476797148,duration=12999241649[0Ktravis_time:start:24a9eb05[0K
travis_time:end:24a9eb05:start=1529586692482699897,finish=1529586692488094299,duration=5394402[0Ktravis_time:start:102b5d02[0K[32;1madding /home/travis/.m2/repository to cache[0m
[32;1mcreating directory /home/travis/.m2/repository[0m
[32;1madding /home/travis/.sonar to cache[0m
[32;1mcreating directory /home/travis/.sonar[0m
[32;1madding /home/travis/jvm to cache[0m
[32;1mcreating directory /home/travis/jvm[0m
[32;1madding /home/travis/maven to cache[0m
[32;1mcreating directory /home/travis/maven[0m

travis_time:end:102b5d02:start=1529586692494219446,finish=1529586701079872230,duration=8585652784[0Ktravis_fold:end:cache.1[0K$ java -Xmx32m -version
Picked up _JAVA_OPTIONS: -Xmx2048m -Xms512m
java version "1.8.0_151"
Java(TM) SE Runtime Environment (build 1.8.0_151-b12)
Java HotSpot(TM) 64-Bit Server VM (build 25.151-b12, mixed mode)
$ javac -J-Xmx32m -version
Picked up _JAVA_OPTIONS: -Xmx2048m -Xms512m
javac 1.8.0_151
travis_fold:start:install[0Ktravis_time:start:2b6ddd65[0K$ true

travis_time:end:2b6ddd65:start=1529586702759206438,finish=1529586702765621317,duration=6414879[0Ktravis_fold:end:install[0Ktravis_time:start:132fad36[0K$ ./travis.sh
Copy private Maven settings
Setting .npmrc
Setup Maven 3.5.2
Maven 3.5.2 installed
From https://github.com/SonarSource/sonar-java
 * [new tag]             1.0          -> 1.0
 * [new tag]             1.0-M1       -> 1.0-M1
 * [new tag]             1.0-M2       -> 1.0-M2
 * [new tag]             1.0-M3       -> 1.0-M3
 * [new tag]             1.0-M4       -> 1.0-M4
 * [new tag]             1.0-M5       -> 1.0-M5
 * [new tag]             1.1          -> 1.1
 * [new tag]             1.2          -> 1.2
 * [new tag]             1.3          -> 1.3
 * [new tag]             1.4          -> 1.4
 * [new tag]             1.5          -> 1.5
 * [new tag]             1.5-RC1      -> 1.5-RC1
 * [new tag]             1.5-RC2      -> 1.5-RC2
 * [new tag]             2.0          -> 2.0
 * [new tag]             2.1          -> 2.1
 * [new tag]             2.1-M1       -> 2.1-M1
 * [new tag]             2.1-M2       -> 2.1-M2
 * [new tag]             2.1-M3       -> 2.1-M3
 * [new tag]             2.1-M4       -> 2.1-M4
 * [new tag]             2.1-M5       -> 2.1-M5
 * [new tag]             2.1-RC2      -> 2.1-RC2
 * [new tag]             2.1-RC3      -> 2.1-RC3
 * [new tag]             2.1-RC4      -> 2.1-RC4
 * [new tag]             2.2          -> 2.2
 * [new tag]             2.2-M1       -> 2.2-M1
 * [new tag]             2.2-RC1      -> 2.2-RC1
 * [new tag]             2.3          -> 2.3
 * [new tag]             2.4          -> 2.4
 * [new tag]             2.5          -> 2.5
 * [new tag]             2.5.1        -> 2.5.1
 * [new tag]             2.6          -> 2.6
 * [new tag]             2.7          -> 2.7
 * [new tag]             2.8          -> 2.8
 * [new tag]             2.9          -> 2.9
 * [new tag]             2.9.1        -> 2.9.1
 * [new tag]             3.0          -> 3.0
 * [new tag]             3.1          -> 3.1
 * [new tag]             3.10         -> 3.10
 * [new tag]             3.10-M1      -> 3.10-M1
 * [new tag]             3.10-M2      -> 3.10-M2
 * [new tag]             3.10-M3      -> 3.10-M3
 * [new tag]             3.10-M4      -> 3.10-M4
 * [new tag]             3.10-M5      -> 3.10-M5
 * [new tag]             3.10-M6      -> 3.10-M6
 * [new tag]             3.10-M7      -> 3.10-M7
 * [new tag]             3.10-M8      -> 3.10-M8
 * [new tag]             3.10-M9      -> 3.10-M9
 * [new tag]             3.10-RC1     -> 3.10-RC1
 * [new tag]             3.10-RC2     -> 3.10-RC2
 * [new tag]             3.11         -> 3.11
 * [new tag]             3.11-M1      -> 3.11-M1
 * [new tag]             3.11-M10     -> 3.11-M10
 * [new tag]             3.11-M11     -> 3.11-M11
 * [new tag]             3.11-M2      -> 3.11-M2
 * [new tag]             3.11-M3      -> 3.11-M3
 * [new tag]             3.11-M4      -> 3.11-M4
 * [new tag]             3.11-M5      -> 3.11-M5
 * [new tag]             3.11-M6      -> 3.11-M6
 * [new tag]             3.11-M7      -> 3.11-M7
 * [new tag]             3.11-M8      -> 3.11-M8
 * [new tag]             3.11-M9      -> 3.11-M9
 * [new tag]             3.11-RC1     -> 3.11-RC1
 * [new tag]             3.11-RC2     -> 3.11-RC2
 * [new tag]             3.12         -> 3.12
 * [new tag]             3.12-M1      -> 3.12-M1
 * [new tag]             3.12-M2      -> 3.12-M2
 * [new tag]             3.12-M3      -> 3.12-M3
 * [new tag]             3.12-M4      -> 3.12-M4
 * [new tag]             3.12-M5      -> 3.12-M5
 * [new tag]             3.12-M6      -> 3.12-M6
 * [new tag]             3.12-M7      -> 3.12-M7
 * [new tag]             3.12-M8      -> 3.12-M8
 * [new tag]             3.12-M9      -> 3.12-M9
 * [new tag]             3.12-RC1     -> 3.12-RC1
 * [new tag]             3.12-RC2     -> 3.12-RC2
 * [new tag]             3.13         -> 3.13
 * [new tag]             3.13-M1      -> 3.13-M1
 * [new tag]             3.13-M2      -> 3.13-M2
 * [new tag]             3.13-M3      -> 3.13-M3
 * [new tag]             3.13-M4      -> 3.13-M4
 * [new tag]             3.13-M5      -> 3.13-M5
 * [new tag]             3.13-M6      -> 3.13-M6
 * [new tag]             3.13-RC1     -> 3.13-RC1
 * [new tag]             3.14         -> 3.14
 * [new tag]             3.14-RC1     -> 3.14-RC1
 * [new tag]             3.14-RC2     -> 3.14-RC2
 * [new tag]             3.2          -> 3.2
 * [new tag]             3.3          -> 3.3
 * [new tag]             3.3-M1       -> 3.3-M1
 * [new tag]             3.3-M2       -> 3.3-M2
 * [new tag]             3.3-M3       -> 3.3-M3
 * [new tag]             3.4          -> 3.4
 * [new tag]             3.4-M1       -> 3.4-M1
 * [new tag]             3.4-M2       -> 3.4-M2
 * [new tag]             3.4-M3       -> 3.4-M3
 * [new tag]             3.4-M4       -> 3.4-M4
 * [new tag]             3.4-M5       -> 3.4-M5
 * [new tag]             3.4-M6       -> 3.4-M6
 * [new tag]             3.4-M7       -> 3.4-M7
 * [new tag]             3.5          -> 3.5
 * [new tag]             3.5-M1       -> 3.5-M1
 * [new tag]             3.5-M2       -> 3.5-M2
 * [new tag]             3.5-M3       -> 3.5-M3
 * [new tag]             3.5-M4       -> 3.5-M4
 * [new tag]             3.5-M5       -> 3.5-M5
 * [new tag]             3.5-RC1      -> 3.5-RC1
 * [new tag]             3.5-VOTE     -> 3.5-VOTE
 * [new tag]             3.6          -> 3.6
 * [new tag]             3.6-M2       -> 3.6-M2
 * [new tag]             3.6-M3       -> 3.6-M3
 * [new tag]             3.6-M4       -> 3.6-M4
 * [new tag]             3.6-M5       -> 3.6-M5
 * [new tag]             3.6-M6       -> 3.6-M6
 * [new tag]             3.6-M7       -> 3.6-M7
 * [new tag]             3.6-RC1      -> 3.6-RC1
 * [new tag]             3.6-RC2      -> 3.6-RC2
 * [new tag]             3.7          -> 3.7
 * [new tag]             3.7-M1       -> 3.7-M1
 * [new tag]             3.7-M2       -> 3.7-M2
 * [new tag]             3.7-RC1      -> 3.7-RC1
 * [new tag]             3.8          -> 3.8
 * [new tag]             3.8-M1       -> 3.8-M1
 * [new tag]             3.8-M2       -> 3.8-M2
 * [new tag]             3.8-M3       -> 3.8-M3
 * [new tag]             3.8-M4       -> 3.8-M4
 * [new tag]             3.8-M5       -> 3.8-M5
 * [new tag]             3.8-M6       -> 3.8-M6
 * [new tag]             3.8-M7       -> 3.8-M7
 * [new tag]             3.8-M8       -> 3.8-M8
 * [new tag]             3.8-RC1      -> 3.8-RC1
 * [new tag]             3.8-RC2      -> 3.8-RC2
 * [new tag]             3.8-RC3      -> 3.8-RC3
 * [new tag]             3.9          -> 3.9
 * [new tag]             3.9-M1       -> 3.9-M1
 * [new tag]             3.9-M2       -> 3.9-M2
 * [new tag]             3.9-M3       -> 3.9-M3
 * [new tag]             3.9-M4       -> 3.9-M4
 * [new tag]             3.9-M5       -> 3.9-M5
 * [new tag]             3.9-M6       -> 3.9-M6
 * [new tag]             3.9-M7       -> 3.9-M7
 * [new tag]             3.9-M8       -> 3.9-M8
 * [new tag]             3.9-RC1      -> 3.9-RC1
 * [new tag]             3.9-RC2      -> 3.9-RC2
 * [new tag]             4.0          -> 4.0
 * [new tag]             4.0-RC1      -> 4.0-RC1
 * [new tag]             4.0-RC2      -> 4.0-RC2
 * [new tag]             4.1-RC1      -> 4.1-RC1
 * [new tag]             4.1-RC2      -> 4.1-RC2
 * [new tag]             4.10-RC1     -> 4.10-RC1
 * [new tag]             4.10.0.10260 -> 4.10.0.10260
 * [new tag]             4.11-RC1     -> 4.11-RC1
 * [new tag]             4.11-RC2     -> 4.11-RC2
 * [new tag]             4.11-RC3     -> 4.11-RC3
 * [new tag]             4.11.0.10660 -> 4.11.0.10660
 * [new tag]             4.12-RC1     -> 4.12-RC1
 * [new tag]             4.12.0.11033 -> 4.12.0.11033
 * [new tag]             4.13-RC1     -> 4.13-RC1
 * [new tag]             4.13.0.11627 -> 4.13.0.11627
 * [new tag]             4.14-RC1     -> 4.14-RC1
 * [new tag]             4.14-RC2     -> 4.14-RC2
 * [new tag]             4.14-RC3     -> 4.14-RC3
 * [new tag]             4.14.0.11784 -> 4.14.0.11784
 * [new tag]             4.15-RC1     -> 4.15-RC1
 * [new tag]             4.15.0.12310 -> 4.15.0.12310
 * [new tag]             4.2-RC1      -> 4.2-RC1
 * [new tag]             4.2.1-RC1    -> 4.2.1-RC1
 * [new tag]             4.2.1-RC2    -> 4.2.1-RC2
 * [new tag]             4.2.1-RC3    -> 4.2.1-RC3
 * [new tag]             4.2.1.6971   -> 4.2.1.6971
 * [new tag]             4.3-RC1      -> 4.3-RC1
 * [new tag]             4.3-RC2      -> 4.3-RC2
 * [new tag]             4.3.0.7717   -> 4.3.0.7717
 * [new tag]             4.4-RC1      -> 4.4-RC1
 * [new tag]             4.4-RC2      -> 4.4-RC2
 * [new tag]             4.4-RCRC2    -> 4.4-RCRC2
 * [new tag]             4.4.0.8066   -> 4.4.0.8066
 * [new tag]             4.5-RC1      -> 4.5-RC1
 * [new tag]             4.5.0.8398   -> 4.5.0.8398
 * [new tag]             4.6-RC1      -> 4.6-RC1
 * [new tag]             4.6-RC2      -> 4.6-RC2
 * [new tag]             4.6.0.8784   -> 4.6.0.8784
 * [new tag]             4.7-RC1      -> 4.7-RC1
 * [new tag]             4.7-RC2      -> 4.7-RC2
 * [new tag]             4.7.0.9212   -> 4.7.0.9212
 * [new tag]             4.8-RC1      -> 4.8-RC1
 * [new tag]             4.8.0.9441   -> 4.8.0.9441
 * [new tag]             4.9-RC1      -> 4.9-RC1
 * [new tag]             4.9.0.9858   -> 4.9.0.9858
 * [new tag]             5.0-RC1      -> 5.0-RC1
 * [new tag]             5.0.0.12796  -> 5.0.0.12796
 * [new tag]             5.0.1.12818  -> 5.0.1.12818
 * [new tag]             5.1.0.13090  -> 5.1.0.13090
 * [new tag]             5.1.1.13214  -> 5.1.1.13214
 * [new tag]             5.2.0.13398  -> 5.2.0.13398
 * [new tag]             5.3.0.13828  -> 5.3.0.13828
======= Build, no analysis, no deploy
Picked up _JAVA_OPTIONS: -Xmx2048m -Xms512m
Apache Maven 3.5.2 (138edd61fd100ec658bfa2d307c43b76940a5d7d; 2017-10-18T07:58:13Z)
Maven home: /home/travis/maven/apache-maven-3.5.2
Java version: 1.8.0_151, vendor: Oracle Corporation
Java home: /usr/lib/jvm/java-8-oracle/jre
Default locale: en_US, platform encoding: UTF-8
OS name: "linux", version: "4.14.12-041412-generic", arch: "amd64", family: "unix"
[INFO] Error stacktraces are turned on.
[INFO] Scanning for projects...
[INFO] ------------------------------------------------------------------------
[INFO] Reactor Build Order:
[INFO] 
[INFO] SonarJava
[INFO] SonarQube Java :: Maven model generator
[INFO] SonarQube Java :: Front-end
[INFO] SonarQube Java :: Check Test tool kit
[INFO] SonarQube Java :: Checks
[INFO] SonarQube Java :: Surefire
[INFO] java-jacoco-previous
[INFO] SonarQube Java :: JaCoCo
[INFO] SonarQube Java :: Plugin
[INFO] SonarQube Java :: JaCoCo Listeners
[INFO] SonarQube Java :: ITs
[INFO] SonarQube Java :: ITs :: Performancing
[INFO] SonarQube Java :: ITs :: Plugin
[INFO] SonarQube Java :: ITs :: Plugin :: Plugins
[INFO] SonarQube Java :: ITS :: Plugin :: Java Extension Plugin
[INFO] SonarQube Java :: ITs :: Plugin :: Tests
[INFO] SonarQube Java :: ITs :: Ruling
[INFO] SonarQube Java :: ITs :: Semantic
[INFO] SonarQube Java :: ITS :: Semantic :: Java Debugging Plugin
[INFO] SonarQube Java :: ITs :: Semantic :: Tests
[INFO] 
[INFO] ------------------------------------------------------------------------
[INFO] Building SonarJava 5.5.0-SNAPSHOT
[INFO] ------------------------------------------------------------------------
[INFO] 
[INFO] --- buildnumber-maven-plugin:1.4:create (default) @ java ---
[INFO] Executing: /bin/sh -c cd '/home/travis/build/SonarSource/sonar-java' && 'git' 'rev-parse' '--verify' 'HEAD'
[INFO] Working directory: /home/travis/build/SonarSource/sonar-java
[INFO] Storing buildNumber: a6db5b259b41076eb34f911817a18e5c12f807b7 at timestamp: 1529586716994
[WARNING] Cannot get the branch information from the git repository: 
Detecting the current branch failed: fatal: ref HEAD is not a symbolic ref

[INFO] Executing: /bin/sh -c cd '/home/travis/build/SonarSource/sonar-java' && 'git' 'rev-parse' '--verify' 'HEAD'
[INFO] Working directory: /home/travis/build/SonarSource/sonar-java
[INFO] Storing buildScmBranch: UNKNOWN
[INFO] 
[INFO] --- maven-enforcer-plugin:3.0.0-M1:enforce (enforce) @ java ---
[INFO] 
[INFO] --- license-maven-plugin:3.0:check (enforce-license-headers) @ java ---
[INFO] Checking licenses...
[INFO] 
[INFO] --- beanshell-maven-plugin:1.4:run (compute-artifact-display-version) @ java ---
[INFO] Executing Script
[INFO] file class java.lang.Object
[INFO] script class java.lang.String
[INFO] evaluating script if (! "5.5.0-SNAPSHOT".endsWith("-SNAPSHOT")) { [+ 14 omitted line(s)]
[INFO] 
[INFO] --- maven-source-plugin:3.0.1:jar-no-fork (attach-sources) @ java ---
[INFO] 
[INFO] ------------------------------------------------------------------------
[INFO] Building SonarQube Java :: Maven model generator 5.5.0-SNAPSHOT
[INFO] ------------------------------------------------------------------------
[INFO] 
[INFO] --- buildnumber-maven-plugin:1.4:create (default) @ java-maven-model ---
[INFO] 
[INFO] --- maven-enforcer-plugin:3.0.0-M1:enforce (enforce) @ java-maven-model ---
[INFO] 
[INFO] --- license-maven-plugin:3.0:check (enforce-license-headers) @ java-maven-model ---
[INFO] Checking licenses...
[INFO] 
[INFO] --- jaxb2-maven-plugin:2.2:xjc (xjc) @ java-maven-model ---
[INFO] 
[INFO] --- build-helper-maven-plugin:1.10:add-source (default) @ java-maven-model ---
[INFO] Source directory: /home/travis/build/SonarSource/sonar-java/java-maven-model/target/generated-sources added.
[INFO] 
[INFO] --- beanshell-maven-plugin:1.4:run (compute-artifact-display-version) @ java-maven-model ---
[INFO] Executing Script
[INFO] file class java.lang.Object
[INFO] script class java.lang.String
[INFO] evaluating script if (! "5.5.0-SNAPSHOT".endsWith("-SNAPSHOT")) { [+ 14 omitted line(s)]
[INFO] 
[INFO] --- maven-resources-plugin:3.0.2:resources (default-resources) @ java-maven-model ---
[INFO] Using 'UTF-8' encoding to copy filtered resources.
[INFO] Copying 1 resource
[INFO] 
[INFO] --- maven-compiler-plugin:3.7.0:compile (default-compile) @ java-maven-model ---
[INFO] Changes detected - recompiling the module!
[INFO] Compiling 44 source files to /home/travis/build/SonarSource/sonar-java/java-maven-model/target/classes
[INFO] 
[INFO] --- maven-resources-plugin:3.0.2:testResources (default-testResources) @ java-maven-model ---
[INFO] Using 'UTF-8' encoding to copy filtered resources.
[INFO] skip non existing resourceDirectory /home/travis/build/SonarSource/sonar-java/java-maven-model/src/test/resources
[INFO] 
[INFO] --- maven-compiler-plugin:3.7.0:testCompile (default-testCompile) @ java-maven-model ---
[INFO] Changes detected - recompiling the module!
[INFO] Compiling 2 source files to /home/travis/build/SonarSource/sonar-java/java-maven-model/target/test-classes
[INFO] 
[INFO] --- maven-surefire-plugin:2.20.1:test (default-test) @ java-maven-model ---
[INFO] Surefire report directory: /home/travis/build/SonarSource/sonar-java/java-maven-model/target/surefire-reports
[INFO] 
[INFO] -------------------------------------------------------
[INFO]  T E S T S
[INFO] -------------------------------------------------------
[INFO] Running org.sonar.maven.model.LocatedAttributeAdapterTest
[INFO] Tests run: 2, Failures: 0, Errors: 0, Skipped: 0, Time elapsed: 0.786 s - in org.sonar.maven.model.LocatedAttributeAdapterTest
[INFO] Running org.sonar.maven.model.XmlLocationTest
[INFO] Tests run: 9, Failures: 0, Errors: 0, Skipped: 0, Time elapsed: 0.012 s - in org.sonar.maven.model.XmlLocationTest
[INFO] 
[INFO] Results:
[INFO] 
[INFO] Tests run: 11, Failures: 0, Errors: 0, Skipped: 0
[INFO] 
[INFO] 
[INFO] --- maven-jar-plugin:3.0.2:jar (default-jar) @ java-maven-model ---
[INFO] Building jar: /home/travis/build/SonarSource/sonar-java/java-maven-model/target/java-maven-model-5.5.0-SNAPSHOT.jar
[INFO] 
[INFO] --- maven-source-plugin:3.0.1:jar-no-fork (attach-sources) @ java-maven-model ---
[INFO] Building jar: /home/travis/build/SonarSource/sonar-java/java-maven-model/target/java-maven-model-5.5.0-SNAPSHOT-sources.jar
[INFO] 
[INFO] ------------------------------------------------------------------------
[INFO] Building SonarQube Java :: Front-end 5.5.0-SNAPSHOT
[INFO] ------------------------------------------------------------------------
[INFO] 
[INFO] --- buildnumber-maven-plugin:1.4:create (default) @ java-frontend ---
[INFO] 
[INFO] --- maven-enforcer-plugin:3.0.0-M1:enforce (enforce) @ java-frontend ---
[INFO] 
[INFO] --- license-maven-plugin:3.0:check (enforce-license-headers) @ java-frontend ---
[INFO] Checking licenses...
[INFO] 
[INFO] --- beanshell-maven-plugin:1.4:run (compute-artifact-display-version) @ java-frontend ---
[INFO] Executing Script
[INFO] file class java.lang.Object
[INFO] script class java.lang.String
[INFO] evaluating script if (! "5.5.0-SNAPSHOT".endsWith("-SNAPSHOT")) { [+ 14 omitted line(s)]
[INFO] 
[INFO] --- maven-resources-plugin:3.0.2:resources (default-resources) @ java-frontend ---
[INFO] Using 'UTF-8' encoding to copy filtered resources.
[INFO] skip non existing resourceDirectory /home/travis/build/SonarSource/sonar-java/java-frontend/src/main/resources
[INFO] 
[INFO] --- maven-compiler-plugin:3.7.0:compile (default-compile) @ java-frontend ---
[INFO] Changes detected - recompiling the module!
[INFO] Compiling 382 source files to /home/travis/build/SonarSource/sonar-java/java-frontend/target/classes
[INFO] /home/travis/build/SonarSource/sonar-java/java-frontend/src/main/java/org/sonar/java/SonarComponents.java: Some input files use or override a deprecated API.
[INFO] /home/travis/build/SonarSource/sonar-java/java-frontend/src/main/java/org/sonar/java/SonarComponents.java: Recompile with -Xlint:deprecation for details.
[INFO] /home/travis/build/SonarSource/sonar-java/java-frontend/src/main/java/org/sonar/java/se/checks/NullDereferenceCheck.java: Some input files use unchecked or unsafe operations.
[INFO] /home/travis/build/SonarSource/sonar-java/java-frontend/src/main/java/org/sonar/java/se/checks/NullDereferenceCheck.java: Recompile with -Xlint:unchecked for details.
[INFO] 
[INFO] --- maven-dependency-plugin:3.0.2:unpack (unpack-test-projects) @ java-frontend ---
[INFO] Configured Artifact: commons-collections:commons-collections:sources:3.2.1:jar
[INFO] Configured Artifact: commons-collections:commons-collections:3.2.1:jar
[INFO] Configured Artifact: org.apache.struts:struts-core:sources:1.3.9:jar
[INFO] Configured Artifact: org.apache.struts:struts-core:1.3.9:jar
[INFO] Unpacking /home/travis/.m2/repository/commons-collections/commons-collections/3.2.1/commons-collections-3.2.1-sources.jar to /home/travis/build/SonarSource/sonar-java/java-frontend/target/test-projects/commons-collections-3.2.1/src with includes "" and excludes ""
[INFO] Unpacking /home/travis/.m2/repository/commons-collections/commons-collections/3.2.1/commons-collections-3.2.1.jar to /home/travis/build/SonarSource/sonar-java/java-frontend/target/test-projects/commons-collections-3.2.1/bin with includes "" and excludes ""
[INFO] Unpacking /home/travis/.m2/repository/org/apache/struts/struts-core/1.3.9/struts-core-1.3.9-sources.jar to /home/travis/build/SonarSource/sonar-java/java-frontend/target/test-projects/struts-core-1.3.9/src with includes "" and excludes ""
[INFO] Unpacking /home/travis/.m2/repository/org/apache/struts/struts-core/1.3.9/struts-core-1.3.9.jar to /home/travis/build/SonarSource/sonar-java/java-frontend/target/test-projects/struts-core-1.3.9/bin with includes "" and excludes ""
[INFO] 
[INFO] --- maven-resources-plugin:3.0.2:testResources (default-testResources) @ java-frontend ---
[INFO] Using 'UTF-8' encoding to copy filtered resources.
[INFO] Copying 17 resources
[INFO] 
[INFO] --- maven-compiler-plugin:3.7.0:testCompile (default-testCompile) @ java-frontend ---
[INFO] Changes detected - recompiling the module!
[INFO] Compiling 297 source files to /home/travis/build/SonarSource/sonar-java/java-frontend/target/test-classes
[INFO] /home/travis/build/SonarSource/sonar-java/java-frontend/src/test/java/org/sonar/java/DefaultJavaResourceLocatorTest.java: Some input files use or override a deprecated API.
[INFO] /home/travis/build/SonarSource/sonar-java/java-frontend/src/test/java/org/sonar/java/DefaultJavaResourceLocatorTest.java: Recompile with -Xlint:deprecation for details.
[INFO] /home/travis/build/SonarSource/sonar-java/java-frontend/src/test/java/org/sonar/java/se/Expectations.java: Some input files use unchecked or unsafe operations.
[INFO] /home/travis/build/SonarSource/sonar-java/java-frontend/src/test/java/org/sonar/java/se/Expectations.java: Recompile with -Xlint:unchecked for details.
[INFO] 
[INFO] --- maven-dependency-plugin:3.0.2:copy (copy) @ java-frontend ---
[INFO] Configured Artifact: org.hibernate.javax.persistence:hibernate-jpa-2.0-api:1.0.1.Final:jar
[INFO] Configured Artifact: com.google.code.findbugs:jsr305:1.3.9:jar
[INFO] Configured Artifact: com.google.code.findbugs:annotations:3.0.0:jar
[INFO] Configured Artifact: org.jetbrains:annotations:13.0:jar
[INFO] Configured Artifact: org.projectlombok:lombok:1.16.4:jar
[INFO] Configured Artifact: org.eclipse.jdt:org.eclipse.jdt.annotation:2.1.100:jar
[INFO] Configured Artifact: javax:javaee-api:7.0:jar
[INFO] Configured Artifact: org.apache.commons:commons-lang3:3.5:jar
[INFO] Configured Artifact: commons-lang:commons-lang:2.6:jar
[INFO] Configured Artifact: com.google.guava:guava:20.0:jar
[INFO] Configured Artifact: commons-collections:commons-collections:3.2.1:jar
[INFO] Configured Artifact: org.apache.commons:commons-collections4:4.1:jar
[INFO] Configured Artifact: org.apache.logging.log4j:log4j-core:2.3:jar
[INFO] Configured Artifact: org.springframework:spring-core:4.3.8.RELEASE:jar
[INFO] Configured Artifact: org.springframework:spring-jdbc:5.0.7.RELEASE:jar
[INFO] Configured Artifact: org.junit.jupiter:junit-jupiter-api:5.0.0-M4:jar
[INFO] Configured Artifact: org.aspectj:aspectjtools:1.8.10:jar
[INFO] Configured Artifact: javax:javaee-api:7.0:jar
[INFO] Configured Artifact: javax.servlet:javax.servlet-api:3.1.0:jar
[INFO] Configured Artifact: org.springframework:spring-web:5.0.4.RELEASE:jar
[INFO] Configured Artifact: org.springframework:spring-context:5.0.4.RELEASE:jar
[INFO] Copying hibernate-jpa-2.0-api-1.0.1.Final.jar to /home/travis/build/SonarSource/sonar-java/java-frontend/target/test-jars/hibernate-jpa-2.0-api-1.0.1.Final.jar
[INFO] Copying jsr305-1.3.9.jar to /home/travis/build/SonarSource/sonar-java/java-frontend/target/test-jars/jsr305-1.3.9.jar
[INFO] Copying annotations-3.0.0.jar to /home/travis/build/SonarSource/sonar-java/java-frontend/target/test-jars/annotations-3.0.0.jar
[INFO] Copying annotations-13.0.jar to /home/travis/build/SonarSource/sonar-java/java-frontend/target/test-jars/annotations-13.0.jar
[INFO] Copying lombok-1.16.4.jar to /home/travis/build/SonarSource/sonar-java/java-frontend/target/test-jars/lombok-1.16.4.jar
[INFO] Copying org.eclipse.jdt.annotation-2.1.100.jar to /home/travis/build/SonarSource/sonar-java/java-frontend/target/test-jars/org.eclipse.jdt.annotation-2.1.100.jar
[INFO] Copying javaee-api-7.0.jar to /home/travis/build/SonarSource/sonar-java/java-frontend/target/test-jars/javaee-api-7.0.jar
[INFO] Copying commons-lang3-3.5.jar to /home/travis/build/SonarSource/sonar-java/java-frontend/target/test-jars/commons-lang3-3.5.jar
[INFO] Copying commons-lang-2.6.jar to /home/travis/build/SonarSource/sonar-java/java-frontend/target/test-jars/commons-lang-2.6.jar
[INFO] Copying guava-20.0.jar to /home/travis/build/SonarSource/sonar-java/java-frontend/target/test-jars/guava-20.0.jar
[INFO] Copying commons-collections-3.2.1.jar to /home/travis/build/SonarSource/sonar-java/java-frontend/target/test-jars/commons-collections-3.2.1.jar
[INFO] Copying commons-collections4-4.1.jar to /home/travis/build/SonarSource/sonar-java/java-frontend/target/test-jars/commons-collections4-4.1.jar
[INFO] Copying log4j-core-2.3.jar to /home/travis/build/SonarSource/sonar-java/java-frontend/target/test-jars/log4j-core-2.3.jar
[INFO] Copying spring-core-4.3.8.RELEASE.jar to /home/travis/build/SonarSource/sonar-java/java-frontend/target/test-jars/spring-core-4.3.8.RELEASE.jar
[INFO] Copying spring-jdbc-5.0.7.RELEASE.jar to /home/travis/build/SonarSource/sonar-java/java-frontend/target/test-jars/spring-jdbc-5.0.7.RELEASE.jar
[INFO] Copying junit-jupiter-api-5.0.0-M4.jar to /home/travis/build/SonarSource/sonar-java/java-frontend/target/test-jars/junit-jupiter-api-5.0.0-M4.jar
[INFO] Copying aspectjtools-1.8.10.jar to /home/travis/build/SonarSource/sonar-java/java-frontend/target/test-jars/aspectjtools-1.8.10.jar
[INFO] Copying javaee-api-7.0.jar to /home/travis/build/SonarSource/sonar-java/java-frontend/target/test-jars/javaee-api-7.0.jar
[INFO] Copying javax.servlet-api-3.1.0.jar to /home/travis/build/SonarSource/sonar-java/java-frontend/target/test-jars/javax.servlet-api-3.1.0.jar
[INFO] Copying spring-web-5.0.4.RELEASE.jar to /home/travis/build/SonarSource/sonar-java/java-frontend/target/test-jars/spring-web-5.0.4.RELEASE.jar
[INFO] Copying spring-context-5.0.4.RELEASE.jar to /home/travis/build/SonarSource/sonar-java/java-frontend/target/test-jars/spring-context-5.0.4.RELEASE.jar
[INFO] 
[INFO] --- maven-surefire-plugin:2.20.1:test (default-test) @ java-frontend ---
[INFO] Surefire report directory: /home/travis/build/SonarSource/sonar-java/java-frontend/target/surefire-reports
[INFO] 
[INFO] -------------------------------------------------------
[INFO]  T E S T S
[INFO] -------------------------------------------------------
[INFO] Running org.sonar.java.ast.parser.ListTreeImplTest
[INFO] Tests run: 2, Failures: 0, Errors: 0, Skipped: 0, Time elapsed: 0.135 s - in org.sonar.java.ast.parser.ListTreeImplTest
[INFO] Running org.sonar.java.ast.parser.grammar.parameters.VariableDeclaratorIdTest
[INFO] Tests run: 1, Failures: 0, Errors: 0, Skipped: 0, Time elapsed: 0.486 s - in org.sonar.java.ast.parser.grammar.parameters.VariableDeclaratorIdTest
[INFO] Running org.sonar.java.se.xproc.MethodYieldTest
[INFO] Tests run: 12, Failures: 0, Errors: 0, Skipped: 0, Time elapsed: 2.061 s - in org.sonar.java.se.xproc.MethodYieldTest
[INFO] Running org.sonar.java.collections.AVLTreeTest
[INFO] Tests run: 9, Failures: 0, Errors: 0, Skipped: 0, Time elapsed: 0.034 s - in org.sonar.java.collections.AVLTreeTest
[INFO] Running org.sonar.java.resolve.LambdaBlockReturnVisitorTest
[INFO] Tests run: 1, Failures: 0, Errors: 0, Skipped: 0, Time elapsed: 0.101 s - in org.sonar.java.resolve.LambdaBlockReturnVisitorTest
[INFO] Running org.sonar.java.se.NullableAnnotationUtilsTest
[INFO] Tests run: 4, Failures: 0, Errors: 0, Skipped: 0, Time elapsed: 0.371 s - in org.sonar.java.se.NullableAnnotationUtilsTest
[INFO] Running org.sonar.java.xml.XPathXmlCheckTest
[INFO] Tests run: 4, Failures: 0, Errors: 0, Skipped: 0, Time elapsed: 0.381 s - in org.sonar.java.xml.XPathXmlCheckTest
[INFO] Running org.sonar.java.ast.parser.grammar.statements.IfStatementTest
[INFO] Tests run: 1, Failures: 0, Errors: 0, Skipped: 0, Time elapsed: 0.008 s - in org.sonar.java.ast.parser.grammar.statements.IfStatementTest
[INFO] Running org.sonar.java.se.xproc.ExceptionalCheckBasedYieldTest
[INFO] Tests run: 5, Failures: 0, Errors: 0, Skipped: 0, Time elapsed: 0.072 s - in org.sonar.java.se.xproc.ExceptionalCheckBasedYieldTest
[INFO] Running org.sonar.java.ast.parser.grammar.statements.SynchronizedStatementTest
[INFO] Tests run: 1, Failures: 0, Errors: 0, Skipped: 0, Time elapsed: 0.021 s - in org.sonar.java.ast.parser.grammar.statements.SynchronizedStatementTest
[INFO] Running org.sonar.java.resolve.MethodReferenceResolutionTest
[INFO] Tests run: 9, Failures: 0, Errors: 0, Skipped: 0, Time elapsed: 0.308 s - in org.sonar.java.resolve.MethodReferenceResolutionTest
[INFO] Running org.sonar.java.ast.parser.grammar.statements.SwitchLabelTest
[INFO] Tests run: 1, Failures: 0, Errors: 0, Skipped: 0, Time elapsed: 0.008 s - in org.sonar.java.ast.parser.grammar.statements.SwitchLabelTest
[INFO] Running org.sonar.java.ast.api.JavaTokenTypeTest
[INFO] Tests run: 1, Failures: 0, Errors: 0, Skipped: 0, Time elapsed: 0.005 s - in org.sonar.java.ast.api.JavaTokenTypeTest
[INFO] Running org.sonar.java.ast.parser.grammar.moduledirectives.UsesDirectiveTest
[INFO] Tests run: 1, Failures: 0, Errors: 0, Skipped: 0, Time elapsed: 0.011 s - in org.sonar.java.ast.parser.grammar.moduledirectives.UsesDirectiveTest
[INFO] Running org.sonar.java.model.LiteralUtilsTest
[INFO] Tests run: 15, Failures: 0, Errors: 0, Skipped: 0, Time elapsed: 0.351 s - in org.sonar.java.model.LiteralUtilsTest
[INFO] Running org.sonar.java.se.checks.NoWayOutLoopCheckTest
[INFO] Tests run: 1, Failures: 0, Errors: 0, Skipped: 0, Time elapsed: 0.523 s - in org.sonar.java.se.checks.NoWayOutLoopCheckTest
[INFO] Running org.sonar.java.DefaultJavaResourceLocatorTest
[INFO] Tests run: 5, Failures: 0, Errors: 0, Skipped: 0, Time elapsed: 0.152 s - in org.sonar.java.DefaultJavaResourceLocatorTest
[INFO] Running org.sonar.java.collections.SinglyLinkedListTest
[INFO] Tests run: 8, Failures: 0, Errors: 0, Skipped: 0, Time elapsed: 0.016 s - in org.sonar.java.collections.SinglyLinkedListTest
[INFO] Running org.sonar.java.model.TreeTokenCompletenessTest
[INFO] Tests run: 1, Failures: 0, Errors: 0, Skipped: 0, Time elapsed: 0.109 s - in org.sonar.java.model.TreeTokenCompletenessTest
[INFO] Running org.sonar.java.se.checks.debug.DebugInterruptedExecutionCheckTest
[INFO] Tests run: 1, Failures: 0, Errors: 0, Skipped: 0, Time elapsed: 0.035 s - in org.sonar.java.se.checks.debug.DebugInterruptedExecutionCheckTest
[INFO] Running org.sonar.java.se.checks.StreamConsumedCheckTest
[INFO] Tests run: 1, Failures: 0, Errors: 0, Skipped: 0, Time elapsed: 0.148 s - in org.sonar.java.se.checks.StreamConsumedCheckTest
[INFO] Running org.sonar.java.se.checks.debug.DebugMethodYieldsCheckTest
[INFO] Tests run: 2, Failures: 0, Errors: 0, Skipped: 0, Time elapsed: 0.103 s - in org.sonar.java.se.checks.debug.DebugMethodYieldsCheckTest
[INFO] Running org.sonar.java.JavaFilesCacheTest
[INFO] Tests run: 1, Failures: 0, Errors: 0, Skipped: 0, Time elapsed: 0.032 s - in org.sonar.java.JavaFilesCacheTest
[INFO] Running org.sonar.java.bytecode.loader.AarLoaderTest
[INFO] Tests run: 6, Failures: 0, Errors: 0, Skipped: 0, Time elapsed: 0.047 s - in org.sonar.java.bytecode.loader.AarLoaderTest
[INFO] Running org.sonar.java.resolve.ScopeTest
[INFO] Tests run: 5, Failures: 0, Errors: 0, Skipped: 0, Time elapsed: 0.169 s - in org.sonar.java.resolve.ScopeTest
[INFO] Running org.sonar.java.matcher.MethodMatcherFactoryTest
[INFO] Tests run: 4, Failures: 0, Errors: 0, Skipped: 0, Time elapsed: 0.104 s - in org.sonar.java.matcher.MethodMatcherFactoryTest
[INFO] Running org.sonar.java.ast.parser.grammar.enums.EnumConstantTest
[INFO] Tests run: 2, Failures: 0, Errors: 0, Skipped: 0, Time elapsed: 0.014 s - in org.sonar.java.ast.parser.grammar.enums.EnumConstantTest
[INFO] Running org.sonar.java.ast.parser.grammar.statements.CatchClauseTest
[INFO] Tests run: 1, Failures: 0, Errors: 0, Skipped: 0, Time elapsed: 0.008 s - in org.sonar.java.ast.parser.grammar.statements.CatchClauseTest
[INFO] Running org.sonar.java.ast.parser.JavaParserTest
[INFO] Tests run: 2, Failures: 0, Errors: 0, Skipped: 0, Time elapsed: 0.009 s - in org.sonar.java.ast.parser.JavaParserTest
[INFO] Running org.sonar.java.ast.parser.grammar.enums.EnumDeclarationTest
[INFO] Tests run: 2, Failures: 0, Errors: 0, Skipped: 0, Time elapsed: 0.009 s - in org.sonar.java.ast.parser.grammar.enums.EnumDeclarationTest
[INFO] Running org.sonar.java.ast.JavaAstScannerTest
13:12:33.517 INFO  org.sonar.squidbridge.ProgressReport - 1 source files to be analyzed
13:12:33.537 ERROR org.sonar.java.ast.JavaAstScanner - Unable to parse source file : /home/travis/build/SonarSource/sonar-java/java-frontend/src/test/resources/AstScannerParseError.txt
13:12:33.540 ERROR org.sonar.java.ast.JavaAstScanner - Parse error at line 1 column 1:

1: {
   ^
2: 

13:12:33.545 INFO  org.sonar.squidbridge.ProgressReport - 1/1 source files have been analyzed
13:12:33.553 INFO  org.sonar.squidbridge.ProgressReport - 1 source files to be analyzed
13:12:33.593 INFO  org.sonar.squidbridge.ProgressReport - 1 source files to be analyzed
13:12:33.598 ERROR org.sonar.java.ast.JavaAstScanner - Unable to parse source file : /home/travis/build/SonarSource/sonar-java/java-frontend/src/test/resources/AstScannerParseError.txt
13:12:33.598 ERROR org.sonar.java.ast.JavaAstScanner - Parse error at line 1 column 1:

1: {
   ^
2: 

13:12:33.626 INFO  org.sonar.squidbridge.ProgressReport - 1/1 source files have been analyzed
13:12:33.648 INFO  org.sonar.squidbridge.ProgressReport - 1 source files to be analyzed
13:12:33.718 INFO  org.sonar.squidbridge.ProgressReport - 1/1 source files have been analyzed
13:12:33.724 INFO  org.sonar.squidbridge.ProgressReport - 1 source files to be analyzed
13:12:33.740 INFO  org.sonar.squidbridge.ProgressReport - 1/1 source files have been analyzed
13:12:33.755 INFO  org.sonar.squidbridge.ProgressReport - 1 source files to be analyzed
13:12:33.786 ERROR org.sonar.java.model.VisitorsBridge - Unable to run check class org.sonar.java.se.SymbolicExecutionVisitor -  on file src/test/resources/se/MethodBehavior.java, To help improve SonarJava, please report this problem to SonarSource : see https://www.sonarqube.org/community/
java.lang.NullPointerException: nobody expect the spanish inquisition !
	at org.sonar.java.ast.JavaAstScannerTest$2.init(JavaAstScannerTest.java:204) ~[test-classes/:na]
	at org.sonar.java.se.CheckerDispatcher.init(CheckerDispatcher.java:147) ~[classes/:na]
	at org.sonar.java.se.ExplodedGraphWalker.execute(ExplodedGraphWalker.java:218) ~[classes/:na]
	at org.sonar.java.se.ExplodedGraphWalker.visitMethod(ExplodedGraphWalker.java:210) ~[classes/:na]
	at org.sonar.java.se.SymbolicExecutionVisitor.execute(SymbolicExecutionVisitor.java:74) ~[classes/:na]
	at org.sonar.java.se.SymbolicExecutionVisitor.visitNode(SymbolicExecutionVisitor.java:64) ~[classes/:na]
	at org.sonar.java.ast.visitors.SubscriptionVisitor.visit(SubscriptionVisitor.java:95) ~[classes/:na]
	at org.sonar.java.ast.visitors.SubscriptionVisitor.visitChildren(SubscriptionVisitor.java:120) ~[classes/:na]
	at org.sonar.java.ast.visitors.SubscriptionVisitor.visit(SubscriptionVisitor.java:97) ~[classes/:na]
	at org.sonar.java.ast.visitors.SubscriptionVisitor.visitChildren(SubscriptionVisitor.java:120) ~[classes/:na]
	at org.sonar.java.ast.visitors.SubscriptionVisitor.visit(SubscriptionVisitor.java:97) ~[classes/:na]
	at org.sonar.java.ast.visitors.SubscriptionVisitor.scanTree(SubscriptionVisitor.java:78) ~[classes/:na]
	at org.sonar.java.ast.visitors.SubscriptionVisitor.scanFile(SubscriptionVisitor.java:64) ~[classes/:na]
	at org.sonar.java.se.SymbolicExecutionVisitor.scanFile(SymbolicExecutionVisitor.java:54) ~[classes/:na]
	at org.sonar.java.model.VisitorsBridge.runScanner(VisitorsBridge.java:136) [classes/:na]
	at org.sonar.java.model.VisitorsBridge.visitFile(VisitorsBridge.java:125) [classes/:na]
	at org.sonar.java.ast.JavaAstScanner.simpleScan(JavaAstScanner.java:96) [classes/:na]
	at org.sonar.java.ast.JavaAstScanner.scan(JavaAstScanner.java:68) [classes/:na]
	at org.sonar.java.ast.JavaAstScannerTest.should_swallow_log_and_report_checks_exceptions_for_symbolic_execution(JavaAstScannerTest.java:207) [test-classes/:na]
	at sun.reflect.NativeMethodAccessorImpl.invoke0(Native Method) ~[na:1.8.0_151]
	at sun.reflect.NativeMethodAccessorImpl.invoke(NativeMethodAccessorImpl.java:62) ~[na:1.8.0_151]
	at sun.reflect.DelegatingMethodAccessorImpl.invoke(DelegatingMethodAccessorImpl.java:43) ~[na:1.8.0_151]
	at java.lang.reflect.Method.invoke(Method.java:498) ~[na:1.8.0_151]
	at org.junit.runners.model.FrameworkMethod$1.runReflectiveCall(FrameworkMethod.java:50) [junit-4.12.jar:4.12]
	at org.junit.internal.runners.model.ReflectiveCallable.run(ReflectiveCallable.java:12) [junit-4.12.jar:4.12]
	at org.junit.runners.model.FrameworkMethod.invokeExplosively(FrameworkMethod.java:47) [junit-4.12.jar:4.12]
	at org.junit.internal.runners.statements.InvokeMethod.evaluate(InvokeMethod.java:17) [junit-4.12.jar:4.12]
	at org.junit.internal.runners.statements.RunBefores.evaluate(RunBefores.java:26) [junit-4.12.jar:4.12]
	at org.junit.rules.ExternalResource$1.evaluate(ExternalResource.java:48) [junit-4.12.jar:4.12]
	at org.junit.rules.ExpectedException$ExpectedExceptionStatement.evaluate(ExpectedException.java:239) [junit-4.12.jar:4.12]
	at org.junit.rules.RunRules.evaluate(RunRules.java:20) [junit-4.12.jar:4.12]
	at org.junit.runners.ParentRunner.runLeaf(ParentRunner.java:325) [junit-4.12.jar:4.12]
	at org.junit.runners.BlockJUnit4ClassRunner.runChild(BlockJUnit4ClassRunner.java:78) [junit-4.12.jar:4.12]
	at org.junit.runners.BlockJUnit4ClassRunner.runChild(BlockJUnit4ClassRunner.java:57) [junit-4.12.jar:4.12]
	at org.junit.runners.ParentRunner$3.run(ParentRunner.java:290) [junit-4.12.jar:4.12]
	at org.junit.runners.ParentRunner$1.schedule(ParentRunner.java:71) [junit-4.12.jar:4.12]
	at org.junit.runners.ParentRunner.runChildren(ParentRunner.java:288) [junit-4.12.jar:4.12]
	at org.junit.runners.ParentRunner.access$000(ParentRunner.java:58) [junit-4.12.jar:4.12]
	at org.junit.runners.ParentRunner$2.evaluate(ParentRunner.java:268) [junit-4.12.jar:4.12]
	at org.junit.runners.ParentRunner.run(ParentRunner.java:363) [junit-4.12.jar:4.12]
	at org.apache.maven.surefire.junit4.JUnit4Provider.execute(JUnit4Provider.java:369) [surefire-junit4-2.20.1.jar:2.20.1]
	at org.apache.maven.surefire.junit4.JUnit4Provider.executeWithRerun(JUnit4Provider.java:275) [surefire-junit4-2.20.1.jar:2.20.1]
	at org.apache.maven.surefire.junit4.JUnit4Provider.executeTestSet(JUnit4Provider.java:239) [surefire-junit4-2.20.1.jar:2.20.1]
	at org.apache.maven.surefire.junit4.JUnit4Provider.invoke(JUnit4Provider.java:160) [surefire-junit4-2.20.1.jar:2.20.1]
	at org.apache.maven.surefire.booter.ForkedBooter.invokeProviderInSameClassLoader(ForkedBooter.java:373) [surefire-booter-2.20.1.jar:2.20.1]
	at org.apache.maven.surefire.booter.ForkedBooter.runSuitesInProcess(ForkedBooter.java:334) [surefire-booter-2.20.1.jar:2.20.1]
	at org.apache.maven.surefire.booter.ForkedBooter.execute(ForkedBooter.java:119) [surefire-booter-2.20.1.jar:2.20.1]
	at org.apache.maven.surefire.booter.ForkedBooter.main(ForkedBooter.java:407) [surefire-booter-2.20.1.jar:2.20.1]
13:12:33.807 INFO  org.sonar.squidbridge.ProgressReport - 1/1 source files have been analyzed
13:12:33.814 INFO  org.sonar.squidbridge.ProgressReport - 1 source files to be analyzed
13:12:33.849 INFO  org.sonar.squidbridge.ProgressReport - 1/1 source files have been analyzed
13:12:33.855 INFO  org.sonar.squidbridge.ProgressReport - 1 source files to be analyzed
13:12:33.901 INFO  org.sonar.squidbridge.ProgressReport - 1 source files to be analyzed
13:12:33.913 INFO  org.sonar.squidbridge.ProgressReport - 1 source files to be analyzed
13:12:33.925 ERROR org.sonar.java.model.VisitorsBridge - Unable to run check class org.sonar.java.ast.JavaAstScannerTest$CheckThrowingException -  on file src/test/resources/AstScannerNoParseError.txt, To help improve SonarJava, please report this problem to SonarSource : see https://www.sonarqube.org/community/
java.lang.NullPointerException: foo
	at org.sonar.java.ast.JavaAstScannerTest.should_swallow_log_and_report_checks_exceptions(JavaAstScannerTest.java:176) ~[test-classes/:na]
	at sun.reflect.NativeMethodAccessorImpl.invoke0(Native Method) ~[na:1.8.0_151]
	at sun.reflect.NativeMethodAccessorImpl.invoke(NativeMethodAccessorImpl.java:62) ~[na:1.8.0_151]
	at sun.reflect.DelegatingMethodAccessorImpl.invoke(DelegatingMethodAccessorImpl.java:43) ~[na:1.8.0_151]
	at java.lang.reflect.Method.invoke(Method.java:498) ~[na:1.8.0_151]
	at org.junit.runners.model.FrameworkMethod$1.runReflectiveCall(FrameworkMethod.java:50) ~[junit-4.12.jar:4.12]
	at org.junit.internal.runners.model.ReflectiveCallable.run(ReflectiveCallable.java:12) ~[junit-4.12.jar:4.12]
	at org.junit.runners.model.FrameworkMethod.invokeExplosively(FrameworkMethod.java:47) ~[junit-4.12.jar:4.12]
	at org.junit.internal.runners.statements.InvokeMethod.evaluate(InvokeMethod.java:17) ~[junit-4.12.jar:4.12]
	at org.junit.internal.runners.statements.RunBefores.evaluate(RunBefores.java:26) ~[junit-4.12.jar:4.12]
	at org.junit.rules.ExternalResource$1.evaluate(ExternalResource.java:48) ~[junit-4.12.jar:4.12]
	at org.junit.rules.ExpectedException$ExpectedExceptionStatement.evaluate(ExpectedException.java:239) ~[junit-4.12.jar:4.12]
	at org.junit.rules.RunRules.evaluate(RunRules.java:20) ~[junit-4.12.jar:4.12]
	at org.junit.runners.ParentRunner.runLeaf(ParentRunner.java:325) ~[junit-4.12.jar:4.12]
	at org.junit.runners.BlockJUnit4ClassRunner.runChild(BlockJUnit4ClassRunner.java:78) ~[junit-4.12.jar:4.12]
	at org.junit.runners.BlockJUnit4ClassRunner.runChild(BlockJUnit4ClassRunner.java:57) ~[junit-4.12.jar:4.12]
	at org.junit.runners.ParentRunner$3.run(ParentRunner.java:290) ~[junit-4.12.jar:4.12]
	at org.junit.runners.ParentRunner$1.schedule(ParentRunner.java:71) ~[junit-4.12.jar:4.12]
	at org.junit.runners.ParentRunner.runChildren(ParentRunner.java:288) ~[junit-4.12.jar:4.12]
	at org.junit.runners.ParentRunner.access$000(ParentRunner.java:58) ~[junit-4.12.jar:4.12]
	at org.junit.runners.ParentRunner$2.evaluate(ParentRunner.java:268) ~[junit-4.12.jar:4.12]
	at org.junit.runners.ParentRunner.run(ParentRunner.java:363) ~[junit-4.12.jar:4.12]
	at org.apache.maven.surefire.junit4.JUnit4Provider.execute(JUnit4Provider.java:369) ~[surefire-junit4-2.20.1.jar:2.20.1]
	at org.apache.maven.surefire.junit4.JUnit4Provider.executeWithRerun(JUnit4Provider.java:275) ~[surefire-junit4-2.20.1.jar:2.20.1]
	at org.apache.maven.surefire.junit4.JUnit4Provider.executeTestSet(JUnit4Provider.java:239) ~[surefire-junit4-2.20.1.jar:2.20.1]
	at org.apache.maven.surefire.junit4.JUnit4Provider.invoke(JUnit4Provider.java:160) ~[surefire-junit4-2.20.1.jar:2.20.1]
	at org.apache.maven.surefire.booter.ForkedBooter.invokeProviderInSameClassLoader(ForkedBooter.java:373) ~[surefire-booter-2.20.1.jar:2.20.1]
	at org.apache.maven.surefire.booter.ForkedBooter.runSuitesInProcess(ForkedBooter.java:334) ~[surefire-booter-2.20.1.jar:2.20.1]
	at org.apache.maven.surefire.booter.ForkedBooter.execute(ForkedBooter.java:119) ~[surefire-booter-2.20.1.jar:2.20.1]
	at org.apache.maven.surefire.booter.ForkedBooter.main(ForkedBooter.java:407) ~[surefire-booter-2.20.1.jar:2.20.1]
13:12:33.926 INFO  org.sonar.squidbridge.ProgressReport - 1 source files to be analyzed
13:12:33.937 ERROR org.sonar.java.ast.JavaAstScanner - Unable to parse source file : /home/travis/build/SonarSource/sonar-java/java-frontend/src/test/resources/AstScannerParseError.txt
13:12:33.937 INFO  org.sonar.squidbridge.ProgressReport - 1/1 source files have been analyzed
13:12:33.937 ERROR org.sonar.java.ast.JavaAstScanner - Parse error at line 1 column 1:

1: {
   ^
2: 

13:12:33.940 ERROR org.sonar.java.model.VisitorsBridge - Unable to run check class org.sonar.java.ast.JavaAstScannerTest$AnnotatedCheck - AnnotatedCheck on file src/test/resources/AstScannerParseError.txt, To help improve SonarJava, please report this problem to SonarSource : see https://www.sonarqube.org/community/
java.lang.NullPointerException: foo
	at org.sonar.java.ast.JavaAstScannerTest.should_swallow_log_and_report_checks_exceptions(JavaAstScannerTest.java:186) ~[test-classes/:na]
	at sun.reflect.NativeMethodAccessorImpl.invoke0(Native Method) ~[na:1.8.0_151]
	at sun.reflect.NativeMethodAccessorImpl.invoke(NativeMethodAccessorImpl.java:62) ~[na:1.8.0_151]
	at sun.reflect.DelegatingMethodAccessorImpl.invoke(DelegatingMethodAccessorImpl.java:43) ~[na:1.8.0_151]
	at java.lang.reflect.Method.invoke(Method.java:498) ~[na:1.8.0_151]
	at org.junit.runners.model.FrameworkMethod$1.runReflectiveCall(FrameworkMethod.java:50) ~[junit-4.12.jar:4.12]
	at org.junit.internal.runners.model.ReflectiveCallable.run(ReflectiveCallable.java:12) ~[junit-4.12.jar:4.12]
	at org.junit.runners.model.FrameworkMethod.invokeExplosively(FrameworkMethod.java:47) ~[junit-4.12.jar:4.12]
	at org.junit.internal.runners.statements.InvokeMethod.evaluate(InvokeMethod.java:17) ~[junit-4.12.jar:4.12]
	at org.junit.internal.runners.statements.RunBefores.evaluate(RunBefores.java:26) ~[junit-4.12.jar:4.12]
	at org.junit.rules.ExternalResource$1.evaluate(ExternalResource.java:48) ~[junit-4.12.jar:4.12]
	at org.junit.rules.ExpectedException$ExpectedExceptionStatement.evaluate(ExpectedException.java:239) ~[junit-4.12.jar:4.12]
	at org.junit.rules.RunRules.evaluate(RunRules.java:20) ~[junit-4.12.jar:4.12]
	at org.junit.runners.ParentRunner.runLeaf(ParentRunner.java:325) ~[junit-4.12.jar:4.12]
	at org.junit.runners.BlockJUnit4ClassRunner.runChild(BlockJUnit4ClassRunner.java:78) ~[junit-4.12.jar:4.12]
	at org.junit.runners.BlockJUnit4ClassRunner.runChild(BlockJUnit4ClassRunner.java:57) ~[junit-4.12.jar:4.12]
	at org.junit.runners.ParentRunner$3.run(ParentRunner.java:290) ~[junit-4.12.jar:4.12]
	at org.junit.runners.ParentRunner$1.schedule(ParentRunner.java:71) ~[junit-4.12.jar:4.12]
	at org.junit.runners.ParentRunner.runChildren(ParentRunner.java:288) ~[junit-4.12.jar:4.12]
	at org.junit.runners.ParentRunner.access$000(ParentRunner.java:58) ~[junit-4.12.jar:4.12]
	at org.junit.runners.ParentRunner$2.evaluate(ParentRunner.java:268) ~[junit-4.12.jar:4.12]
	at org.junit.runners.ParentRunner.run(ParentRunner.java:363) ~[junit-4.12.jar:4.12]
	at org.apache.maven.surefire.junit4.JUnit4Provider.execute(JUnit4Provider.java:369) ~[surefire-junit4-2.20.1.jar:2.20.1]
	at org.apache.maven.surefire.junit4.JUnit4Provider.executeWithRerun(JUnit4Provider.java:275) ~[surefire-junit4-2.20.1.jar:2.20.1]
	at org.apache.maven.surefire.junit4.JUnit4Provider.executeTestSet(JUnit4Provider.java:239) ~[surefire-junit4-2.20.1.jar:2.20.1]
	at org.apache.maven.surefire.junit4.JUnit4Provider.invoke(JUnit4Provider.java:160) ~[surefire-junit4-2.20.1.jar:2.20.1]
	at org.apache.maven.surefire.booter.ForkedBooter.invokeProviderInSameClassLoader(ForkedBooter.java:373) ~[surefire-booter-2.20.1.jar:2.20.1]
	at org.apache.maven.surefire.booter.ForkedBooter.runSuitesInProcess(ForkedBooter.java:334) ~[surefire-booter-2.20.1.jar:2.20.1]
	at org.apache.maven.surefire.booter.ForkedBooter.execute(ForkedBooter.java:119) ~[surefire-booter-2.20.1.jar:2.20.1]
	at org.apache.maven.surefire.booter.ForkedBooter.main(ForkedBooter.java:407) ~[surefire-booter-2.20.1.jar:2.20.1]
13:12:33.942 INFO  org.sonar.squidbridge.ProgressReport - 1 source files to be analyzed
13:12:33.959 INFO  org.sonar.squidbridge.ProgressReport - 1/1 source files have been analyzed
13:12:33.960 ERROR org.sonar.java.ast.JavaAstScanner - A stack overflow error occured while analyzing file: /home/travis/build/SonarSource/sonar-java/java-frontend/src/test/resources/AstScannerNoParseError.txt
[INFO] Tests run: 11, Failures: 0, Errors: 0, Skipped: 0, Time elapsed: 0.636 s - in org.sonar.java.ast.JavaAstScannerTest
[INFO] Running org.sonar.java.ast.parser.grammar.classes.ClassDeclarationTest
[INFO] Tests run: 2, Failures: 0, Errors: 0, Skipped: 0, Time elapsed: 0.031 s - in org.sonar.java.ast.parser.grammar.classes.ClassDeclarationTest
[INFO] Running org.sonar.java.ast.parser.grammar.literals.IntegerLiteralTest
[INFO] Tests run: 2, Failures: 0, Errors: 0, Skipped: 0, Time elapsed: 0.083 s - in org.sonar.java.ast.parser.grammar.literals.IntegerLiteralTest
[INFO] Running org.sonar.java.model.declaration.ModuleDeclarationTreeImplTest
[INFO] Tests run: 3, Failures: 0, Errors: 0, Skipped: 0, Time elapsed: 0.023 s - in org.sonar.java.model.declaration.ModuleDeclarationTreeImplTest
[INFO] Running org.sonar.java.resolve.TypeSubstitutionTest
[INFO] Tests run: 10, Failures: 0, Errors: 0, Skipped: 0, Time elapsed: 0.009 s - in org.sonar.java.resolve.TypeSubstitutionTest
[INFO] Running org.sonar.java.MeasurerTest
13:12:34.128 INFO  org.sonar.java.JavaSquid - Java Main Files AST scan
13:12:34.128 INFO  org.sonar.squidbridge.ProgressReport - 1 source files to be analyzed
13:12:34.147 INFO  org.sonar.java.JavaSquid - Java Main Files AST scan (done) | time=19ms
13:12:34.148 INFO  org.sonar.java.JavaSquid - Java Test Files AST scan
13:12:34.148 INFO  org.sonar.squidbridge.ProgressReport - 0 source files to be analyzed
13:12:34.148 INFO  org.sonar.squidbridge.ProgressReport - 1/1 source files have been analyzed
13:12:34.149 INFO  org.sonar.java.JavaSquid - Java Test Files AST scan (done) | time=1ms
13:12:34.154 INFO  org.sonar.java.JavaSquid - Java Main Files AST scan
13:12:34.155 INFO  org.sonar.squidbridge.ProgressReport - 1 source files to be analyzed
13:12:34.158 INFO  org.sonar.java.JavaSquid - Java Main Files AST scan (done) | time=4ms
13:12:34.158 INFO  org.sonar.java.JavaSquid - Java Test Files AST scan
13:12:34.158 INFO  org.sonar.squidbridge.ProgressReport - 0 source files to be analyzed
13:12:34.159 INFO  org.sonar.java.JavaSquid - Java Test Files AST scan (done) | time=1ms
13:12:34.162 INFO  org.sonar.java.JavaSquid - Java Main Files AST scan
13:12:34.162 INFO  org.sonar.squidbridge.ProgressReport - 1 source files to be analyzed
13:12:34.166 INFO  org.sonar.java.JavaSquid - Java Main Files AST scan (done) | time=4ms
13:12:34.167 INFO  org.sonar.java.JavaSquid - Java Test Files AST scan
13:12:34.167 INFO  org.sonar.squidbridge.ProgressReport - 0 source files to be analyzed
13:12:34.168 INFO  org.sonar.java.JavaSquid - Java Test Files AST scan (done) | time=1ms
13:12:34.171 INFO  org.sonar.java.JavaSquid - Java Main Files AST scan
13:12:34.171 INFO  org.sonar.squidbridge.ProgressReport - 1 source files to be analyzed
13:12:34.173 INFO  org.sonar.java.JavaSquid - Java Main Files AST scan (done) | time=2ms
13:12:34.173 INFO  org.sonar.java.JavaSquid - Java Test Files AST scan
13:12:34.173 INFO  org.sonar.squidbridge.ProgressReport - 0 source files to be analyzed
13:12:34.174 INFO  org.sonar.java.JavaSquid - Java Test Files AST scan (done) | time=1ms
13:12:34.177 INFO  org.sonar.java.JavaSquid - Java Main Files AST scan
13:12:34.178 INFO  org.sonar.squidbridge.ProgressReport - 1 source files to be analyzed
13:12:34.207 INFO  org.sonar.squidbridge.ProgressReport - 0/0 source files have been analyzed
13:12:34.207 INFO  org.sonar.squidbridge.ProgressReport - 1/1 source files have been analyzed
13:12:34.207 INFO  org.sonar.squidbridge.ProgressReport - 0/0 source files have been analyzed
13:12:34.208 INFO  org.sonar.squidbridge.ProgressReport - 1/1 source files have been analyzed
13:12:34.208 INFO  org.sonar.squidbridge.ProgressReport - 0/0 source files have been analyzed
13:12:34.208 INFO  org.sonar.squidbridge.ProgressReport - 1/1 source files have been analyzed
13:12:34.226 INFO  org.sonar.squidbridge.ProgressReport - 0/0 source files have been analyzed
13:12:34.236 INFO  org.sonar.squidbridge.ProgressReport - 1/1 source files have been analyzed
13:12:34.236 INFO  org.sonar.java.JavaSquid - Java Main Files AST scan (done) | time=59ms
13:12:34.236 INFO  org.sonar.java.JavaSquid - Java Test Files AST scan
13:12:34.237 INFO  org.sonar.squidbridge.ProgressReport - 0 source files to be analyzed
13:12:34.241 INFO  org.sonar.java.JavaSquid - Java Test Files AST scan (done) | time=5ms
13:12:34.246 INFO  org.sonar.java.JavaSquid - Java Main Files AST scan
13:12:34.246 INFO  org.sonar.squidbridge.ProgressReport - 1 source files to be analyzed
13:12:34.261 INFO  org.sonar.squidbridge.ProgressReport - 0/0 source files have been analyzed
13:12:34.276 INFO  org.sonar.java.JavaSquid - Java Main Files AST scan (done) | time=30ms
13:12:34.278 INFO  org.sonar.java.JavaSquid - Java Test Files AST scan
13:12:34.280 INFO  org.sonar.squidbridge.ProgressReport - 0 source files to be analyzed
13:12:34.278 INFO  org.sonar.squidbridge.ProgressReport - 1/1 source files have been analyzed
13:12:34.293 INFO  org.sonar.java.JavaSquid - Java Test Files AST scan (done) | time=15ms
13:12:34.303 INFO  org.sonar.java.JavaSquid - Java Main Files AST scan
13:12:34.306 INFO  org.sonar.squidbridge.ProgressReport - 1 source files to be analyzed
13:12:34.315 INFO  org.sonar.squidbridge.ProgressReport - 0/0 source files have been analyzed
13:12:34.337 INFO  org.sonar.squidbridge.ProgressReport - 1/1 source files have been analyzed
13:12:34.339 INFO  org.sonar.java.JavaSquid - Java Main Files AST scan (done) | time=34ms
13:12:34.341 INFO  org.sonar.java.JavaSquid - Java Test Files AST scan
13:12:34.343 INFO  org.sonar.squidbridge.ProgressReport - 0 source files to be analyzed
13:12:34.345 INFO  org.sonar.java.JavaSquid - Java Test Files AST scan (done) | time=4ms
13:12:34.354 INFO  org.sonar.java.JavaSquid - Java Main Files AST scan
13:12:34.356 INFO  org.sonar.squidbridge.ProgressReport - 1 source files to be analyzed
13:12:34.371 INFO  org.sonar.squidbridge.ProgressReport - 0/0 source files have been analyzed
13:12:34.379 INFO  org.sonar.squidbridge.ProgressReport - 1/1 source files have been analyzed
13:12:34.379 INFO  org.sonar.java.JavaSquid - Java Main Files AST scan (done) | time=25ms
13:12:34.379 INFO  org.sonar.java.JavaSquid - Java Test Files AST scan
13:12:34.382 INFO  org.sonar.squidbridge.ProgressReport - 0 source files to be analyzed
13:12:34.384 INFO  org.sonar.java.JavaSquid - Java Test Files AST scan (done) | time=5ms
13:12:34.388 INFO  org.sonar.java.JavaSquid - Java Main Files AST scan
13:12:34.388 INFO  org.sonar.squidbridge.ProgressReport - 1 source files to be analyzed
13:12:34.394 INFO  org.sonar.squidbridge.ProgressReport - 0/0 source files have been analyzed
13:12:34.419 INFO  org.sonar.squidbridge.ProgressReport - 1/1 source files have been analyzed
13:12:34.419 INFO  org.sonar.java.JavaSquid - Java Main Files AST scan (done) | time=31ms
13:12:34.419 INFO  org.sonar.java.JavaSquid - Java Test Files AST scan
13:12:34.423 INFO  org.sonar.squidbridge.ProgressReport - 0 source files to be analyzed
13:12:34.425 INFO  org.sonar.java.JavaSquid - Java Test Files AST scan (done) | time=6ms
13:12:34.429 INFO  org.sonar.java.JavaSquid - Java Main Files AST scan
13:12:34.430 INFO  org.sonar.squidbridge.ProgressReport - 1 source files to be analyzed
13:12:34.439 INFO  org.sonar.squidbridge.ProgressReport - 0/0 source files have been analyzed
13:12:34.473 INFO  org.sonar.java.JavaSquid - Java Main Files AST scan (done) | time=44ms
13:12:34.473 INFO  org.sonar.squidbridge.ProgressReport - 1/1 source files have been analyzed
13:12:34.476 INFO  org.sonar.java.JavaSquid - Java Test Files AST scan
13:12:34.480 INFO  org.sonar.squidbridge.ProgressReport - 0 source files to be analyzed
13:12:34.481 INFO  org.sonar.java.JavaSquid - Java Test Files AST scan (done) | time=5ms
13:12:34.486 INFO  org.sonar.java.JavaSquid - Java Main Files AST scan
13:12:34.486 INFO  org.sonar.squidbridge.ProgressReport - 1 source files to be analyzed
13:12:34.491 INFO  org.sonar.squidbridge.ProgressReport - 0/0 source files have been analyzed
13:12:34.532 INFO  org.sonar.squidbridge.ProgressReport - 1/1 source files have been analyzed
13:12:34.534 INFO  org.sonar.java.JavaSquid - Java Main Files AST scan (done) | time=48ms
13:12:34.535 INFO  org.sonar.java.JavaSquid - Java Test Files AST scan
13:12:34.537 INFO  org.sonar.squidbridge.ProgressReport - 0 source files to be analyzed
13:12:34.538 INFO  org.sonar.java.JavaSquid - Java Test Files AST scan (done) | time=3ms
[INFO] Tests run: 9, Failures: 0, Errors: 0, Skipped: 0, Time elapsed: 0.427 s - in org.sonar.java.MeasurerTest
[INFO] Running org.sonar.java.ast.parser.grammar.types.ModifiersTest
[INFO] Tests run: 1, Failures: 0, Errors: 0, Skipped: 0, Time elapsed: 0 s - in org.sonar.java.ast.parser.grammar.types.ModifiersTest
[INFO] Running org.sonar.java.ast.parser.grammar.literals.IdentifierTest
[INFO] Tests run: 1, Failures: 0, Errors: 0, Skipped: 0, Time elapsed: 0 s - in org.sonar.java.ast.parser.grammar.literals.IdentifierTest
[INFO] Running org.sonar.java.ast.parser.grammar.expressions.RelationalExpressionTest
[INFO] Tests run: 1, Failures: 0, Errors: 0, Skipped: 0, Time elapsed: 0.015 s - in org.sonar.java.ast.parser.grammar.expressions.RelationalExpressionTest
[INFO] Running org.sonar.java.se.xproc.ExceptionalYieldTest
13:12:34.572 INFO  org.sonar.squidbridge.ProgressReport - 0/0 source files have been analyzed
[INFO] Tests run: 5, Failures: 0, Errors: 0, Skipped: 0, Time elapsed: 0.082 s - in org.sonar.java.se.xproc.ExceptionalYieldTest
[INFO] Running org.sonar.java.se.constraint.ConstraintTest
[INFO] Tests run: 2, Failures: 0, Errors: 0, Skipped: 0, Time elapsed: 0.002 s - in org.sonar.java.se.constraint.ConstraintTest
[INFO] Running org.sonar.java.resolve.ResolveTest
[INFO] Tests run: 6, Failures: 0, Errors: 0, Skipped: 0, Time elapsed: 0.038 s - in org.sonar.java.resolve.ResolveTest
[INFO] Running org.sonar.java.StrutsTest
13:12:34.765 INFO  org.sonar.java.JavaSquid - Java Main Files AST scan
13:12:34.767 INFO  org.sonar.squidbridge.ProgressReport - 134 source files to be analyzed
13:12:38.497 INFO  org.sonar.squidbridge.ProgressReport - 134/134 source files have been analyzed
13:12:38.499 INFO  org.sonar.java.JavaSquid - Java Main Files AST scan (done) | time=3734ms
13:12:38.501 INFO  org.sonar.java.JavaSquid - Java Test Files AST scan
13:12:38.506 INFO  org.sonar.squidbridge.ProgressReport - 0 source files to be analyzed
13:12:38.515 INFO  org.sonar.java.JavaSquid - Java Test Files AST scan (done) | time=13ms
13:12:38.525 INFO  org.sonar.squidbridge.ProgressReport - 0/0 source files have been analyzed
[INFO] Tests run: 1, Failures: 0, Errors: 0, Skipped: 0, Time elapsed: 3.841 s - in org.sonar.java.StrutsTest
[INFO] Running org.sonar.java.resolve.ImportResolutionTest
[INFO] Tests run: 12, Failures: 0, Errors: 0, Skipped: 0, Time elapsed: 0.4 s - in org.sonar.java.resolve.ImportResolutionTest
[INFO] Running org.sonar.java.cfg.VariableReadExtractorTest
[INFO] Tests run: 6, Failures: 0, Errors: 0, Skipped: 0, Time elapsed: 0.085 s - in org.sonar.java.cfg.VariableReadExtractorTest
[INFO] Running org.sonar.java.ast.parser.grammar.statements.ReturnStatementTest
[INFO] Tests run: 1, Failures: 0, Errors: 0, Skipped: 0, Time elapsed: 0.005 s - in org.sonar.java.ast.parser.grammar.statements.ReturnStatementTest
[INFO] Running org.sonar.java.ast.parser.grammar.literals.CharacterLiteralTest
[INFO] Tests run: 1, Failures: 0, Errors: 0, Skipped: 0, Time elapsed: 0.005 s - in org.sonar.java.ast.parser.grammar.literals.CharacterLiteralTest
[INFO] Running org.sonar.java.AnalyzerMessageTest
[INFO] Tests run: 9, Failures: 0, Errors: 0, Skipped: 0, Time elapsed: 0.027 s - in org.sonar.java.AnalyzerMessageTest
[INFO] Running org.sonar.java.ast.parser.grammar.parameters.FormalParameterDeclsRestTest
[INFO] Tests run: 2, Failures: 0, Errors: 0, Skipped: 0, Time elapsed: 0.01 s - in org.sonar.java.ast.parser.grammar.parameters.FormalParameterDeclsRestTest
[INFO] Running org.sonar.java.ast.parser.grammar.units.CompilationUnitTest
[INFO] Tests run: 1, Failures: 0, Errors: 0, Skipped: 0, Time elapsed: 0.01 s - in org.sonar.java.ast.parser.grammar.units.CompilationUnitTest
[INFO] Running org.sonar.java.bytecode.se.BytecodeSECheckTest
[INFO] Tests run: 6, Failures: 0, Errors: 0, Skipped: 0, Time elapsed: 0.068 s - in org.sonar.java.bytecode.se.BytecodeSECheckTest
[INFO] Running org.sonar.java.ast.parser.grammar.types.TypeArgumentsTest
[INFO] Tests run: 1, Failures: 0, Errors: 0, Skipped: 0, Time elapsed: 0.004 s - in org.sonar.java.ast.parser.grammar.types.TypeArgumentsTest
[INFO] Running org.sonar.java.ast.parser.grammar.types.BoundTest
[INFO] Tests run: 1, Failures: 0, Errors: 0, Skipped: 0, Time elapsed: 0.004 s - in org.sonar.java.ast.parser.grammar.types.BoundTest
[INFO] Running org.sonar.java.xml.XmlAnalyzerTest
13:12:39.253 WARN  org.sonar.java.xml.XmlAnalyzer - No 'xml' file have been indexed.
13:12:39.258 INFO  org.sonar.squidbridge.ProgressReport - 1 source files to be analyzed
13:12:40.084 INFO  org.sonar.squidbridge.ProgressReport - 1/1 source files have been analyzed
13:12:40.085 INFO  org.sonar.squidbridge.ProgressReport - 1 source files to be analyzed
13:12:40.103 INFO  org.sonar.squidbridge.ProgressReport - 1 source files to be analyzed
13:12:40.171 INFO  org.sonar.squidbridge.ProgressReport - 1/1 source files have been analyzed
13:12:40.173 INFO  org.sonar.squidbridge.ProgressReport - 1 source files to be analyzed
13:12:40.228 INFO  org.sonar.squidbridge.ProgressReport - 1/1 source files have been analyzed
13:12:40.229 INFO  org.sonar.squidbridge.ProgressReport - 1 source files to be analyzed
13:12:40.278 INFO  org.sonar.squidbridge.ProgressReport - 1/1 source files have been analyzed
13:12:40.280 INFO  org.sonar.squidbridge.ProgressReport - 1 source files to be analyzed
13:12:40.286 INFO  org.sonar.squidbridge.ProgressReport - 0 source files to be analyzed
13:12:40.286 INFO  org.sonar.squidbridge.ProgressReport - 1/1 source files have been analyzed
13:12:40.288 INFO  org.sonar.squidbridge.ProgressReport - 1 source files to be analyzed
13:12:40.288 INFO  org.sonar.squidbridge.ProgressReport - 0/0 source files have been analyzed
13:12:40.328 INFO  org.sonar.squidbridge.ProgressReport - 1/1 source files have been analyzed
13:12:40.330 INFO  org.sonar.squidbridge.ProgressReport - 1 source files to be analyzed
13:12:40.374 INFO  org.sonar.squidbridge.ProgressReport - 1/1 source files have been analyzed
13:12:40.376 INFO  org.sonar.squidbridge.ProgressReport - 1 source files to be analyzed
13:12:40.385 ERROR org.sonar.java.xml.XmlParser - Unable to parse xml file: src/test/files/xml/maven/parse-issue/pom.xml
[INFO] Tests run: 11, Failures: 0, Errors: 0, Skipped: 0, Time elapsed: 1.183 s - in org.sonar.java.xml.XmlAnalyzerTest
[INFO] Running org.sonar.java.ast.parser.grammar.literals.FloatLiteralTest
13:12:40.402 INFO  org.sonar.squidbridge.ProgressReport - 1/1 source files have been analyzed
[INFO] Tests run: 2, Failures: 0, Errors: 0, Skipped: 0, Time elapsed: 0.031 s - in org.sonar.java.ast.parser.grammar.literals.FloatLiteralTest
[INFO] Running org.sonar.java.se.BehaviorCacheTest
[INFO] Tests run: 16, Failures: 0, Errors: 0, Skipped: 0, Time elapsed: 2.697 s - in org.sonar.java.se.BehaviorCacheTest
[INFO] Running org.sonar.java.ast.api.JavaKeywordTest
[INFO] Tests run: 1, Failures: 0, Errors: 0, Skipped: 0, Time elapsed: 0.002 s - in org.sonar.java.ast.api.JavaKeywordTest
[INFO] Running org.sonar.java.se.SymbolicValueFactoryTest
[INFO] Tests run: 1, Failures: 0, Errors: 0, Skipped: 0, Time elapsed: 0.003 s - in org.sonar.java.se.SymbolicValueFactoryTest
[INFO] Running org.sonar.java.ast.parser.grammar.statements.VariableDeclaratorTest
[INFO] Tests run: 2, Failures: 0, Errors: 0, Skipped: 0, Time elapsed: 0.011 s - in org.sonar.java.ast.parser.grammar.statements.VariableDeclaratorTest
[INFO] Running org.sonar.java.resolve.TypeSubstitutionSolverTest
[INFO] Tests run: 19, Failures: 0, Errors: 0, Skipped: 0, Time elapsed: 0.291 s - in org.sonar.java.resolve.TypeSubstitutionSolverTest
[INFO] Running org.sonar.java.ast.parser.grammar.statements.EmptyStatementTest
[INFO] Tests run: 1, Failures: 0, Errors: 0, Skipped: 0, Time elapsed: 0.014 s - in org.sonar.java.ast.parser.grammar.statements.EmptyStatementTest
[INFO] Running org.sonar.java.model.declaration.MethodTreeImplTest
[INFO] Tests run: 15, Failures: 0, Errors: 0, Skipped: 0, Time elapsed: 0.514 s - in org.sonar.java.model.declaration.MethodTreeImplTest
[INFO] Running org.sonar.java.resolve.MethodJavaTypeTest
[INFO] Tests run: 4, Failures: 0, Errors: 0, Skipped: 0, Time elapsed: 0.003 s - in org.sonar.java.resolve.MethodJavaTypeTest
[INFO] Running org.sonar.java.resolve.TypeInferenceSolverTest
[INFO] Tests run: 5, Failures: 0, Errors: 0, Skipped: 0, Time elapsed: 0.041 s - in org.sonar.java.resolve.TypeInferenceSolverTest
[INFO] Running org.sonar.java.se.checks.InvariantReturnCheckTest
13:12:44.207 INFO  org.sonar.squidbridge.ProgressReport - 1 source files to be analyzed
13:12:44.501 INFO  org.sonar.squidbridge.ProgressReport - 1/1 source files have been analyzed
[INFO] Tests run: 1, Failures: 0, Errors: 0, Skipped: 0, Time elapsed: 0.301 s - in org.sonar.java.se.checks.InvariantReturnCheckTest
[INFO] Running org.sonar.java.se.checks.CustomUnclosedResourcesCheckTest
13:12:44.524 INFO  org.sonar.squidbridge.ProgressReport - 1 source files to be analyzed
13:12:44.555 INFO  org.sonar.squidbridge.ProgressReport - 1/1 source files have been analyzed
13:12:44.563 INFO  org.sonar.squidbridge.ProgressReport - 1 source files to be analyzed
13:12:44.589 INFO  org.sonar.squidbridge.ProgressReport - 1/1 source files have been analyzed
13:12:44.596 INFO  org.sonar.squidbridge.ProgressReport - 1 source files to be analyzed
13:12:44.620 INFO  org.sonar.squidbridge.ProgressReport - 1/1 source files have been analyzed
13:12:44.628 INFO  org.sonar.squidbridge.ProgressReport - 1 source files to be analyzed
13:12:44.672 INFO  org.sonar.squidbridge.ProgressReport - 1/1 source files have been analyzed
13:12:44.681 INFO  org.sonar.squidbridge.ProgressReport - 1 source files to be analyzed
13:12:44.707 INFO  org.sonar.squidbridge.ProgressReport - 1/1 source files have been analyzed
13:12:44.714 INFO  org.sonar.squidbridge.ProgressReport - 1 source files to be analyzed
13:12:44.735 INFO  org.sonar.squidbridge.ProgressReport - 1/1 source files have been analyzed
13:12:44.743 INFO  org.sonar.squidbridge.ProgressReport - 1 source files to be analyzed
13:12:44.766 INFO  org.sonar.squidbridge.ProgressReport - 1/1 source files have been analyzed
[INFO] Tests run: 7, Failures: 0, Errors: 0, Skipped: 0, Time elapsed: 0.254 s - in org.sonar.java.se.checks.CustomUnclosedResourcesCheckTest
[INFO] Running org.sonar.java.se.checks.NullDereferenceCheckTest
13:12:44.780 INFO  org.sonar.squidbridge.ProgressReport - 1 source files to be analyzed
13:12:44.803 INFO  org.sonar.squidbridge.ProgressReport - 1/1 source files have been analyzed
13:12:44.809 INFO  org.sonar.squidbridge.ProgressReport - 1 source files to be analyzed
13:12:44.873 INFO  org.sonar.squidbridge.ProgressReport - 1/1 source files have been analyzed
13:12:44.886 INFO  org.sonar.squidbridge.ProgressReport - 1 source files to be analyzed
13:12:44.915 INFO  org.sonar.squidbridge.ProgressReport - 1/1 source files have been analyzed
13:12:44.921 INFO  org.sonar.squidbridge.ProgressReport - 1 source files to be analyzed
13:12:44.941 INFO  org.sonar.squidbridge.ProgressReport - 1/1 source files have been analyzed
13:12:44.948 INFO  org.sonar.squidbridge.ProgressReport - 1 source files to be analyzed
13:12:45.242 INFO  org.sonar.squidbridge.ProgressReport - 1/1 source files have been analyzed
13:12:45.252 INFO  org.sonar.squidbridge.ProgressReport - 1 source files to be analyzed
13:12:45.287 INFO  org.sonar.squidbridge.ProgressReport - 1/1 source files have been analyzed
13:12:45.293 INFO  org.sonar.squidbridge.ProgressReport - 1 source files to be analyzed
13:12:45.307 INFO  org.sonar.squidbridge.ProgressReport - 1/1 source files have been analyzed
13:12:45.313 INFO  org.sonar.squidbridge.ProgressReport - 1 source files to be analyzed
13:12:45.328 INFO  org.sonar.squidbridge.ProgressReport - 1/1 source files have been analyzed
13:12:45.334 INFO  org.sonar.squidbridge.ProgressReport - 1 source files to be analyzed
13:12:45.429 INFO  org.sonar.squidbridge.ProgressReport - 1/1 source files have been analyzed
[INFO] Tests run: 9, Failures: 0, Errors: 0, Skipped: 0, Time elapsed: 0.659 s - in org.sonar.java.se.checks.NullDereferenceCheckTest
[INFO] Running org.sonar.java.model.ExpressionUtilsTest
[INFO] Tests run: 6, Failures: 0, Errors: 0, Skipped: 0, Time elapsed: 0.05 s - in org.sonar.java.model.ExpressionUtilsTest
[INFO] Running org.sonar.java.ast.parser.grammar.statements.ThrowStatementTest
[INFO] Tests run: 1, Failures: 0, Errors: 0, Skipped: 0, Time elapsed: 0.005 s - in org.sonar.java.ast.parser.grammar.statements.ThrowStatementTest
[INFO] Running org.sonar.java.model.KindMapsTest
[INFO] Tests run: 6, Failures: 0, Errors: 0, Skipped: 0, Time elapsed: 0 s - in org.sonar.java.model.KindMapsTest
[INFO] Running org.sonar.java.ast.parser.grammar.moduledirectives.OpensDirectiveTest
[INFO] Tests run: 1, Failures: 0, Errors: 0, Skipped: 0, Time elapsed: 0 s - in org.sonar.java.ast.parser.grammar.moduledirectives.OpensDirectiveTest
[INFO] Running org.sonar.java.ast.parser.grammar.statements.BlockStatementTest
[INFO] Tests run: 1, Failures: 0, Errors: 0, Skipped: 0, Time elapsed: 0.01 s - in org.sonar.java.ast.parser.grammar.statements.BlockStatementTest
[INFO] Running org.sonar.java.JavaIssueTest
[INFO] Tests run: 2, Failures: 0, Errors: 0, Skipped: 0, Time elapsed: 0.031 s - in org.sonar.java.JavaIssueTest
[INFO] Running org.sonar.java.xml.XmlCheckUtilsTest
[INFO] Tests run: 5, Failures: 0, Errors: 0, Skipped: 0, Time elapsed: 0.042 s - in org.sonar.java.xml.XmlCheckUtilsTest
[INFO] Running org.sonar.java.se.constraint.TypedConstraintTest
[INFO] Tests run: 1, Failures: 0, Errors: 0, Skipped: 0, Time elapsed: 0.001 s - in org.sonar.java.se.constraint.TypedConstraintTest
[INFO] Running org.sonar.java.se.symbolicvalues.RelationalSymbolicValueTest
13:12:45.708 INFO  org.sonar.squidbridge.ProgressReport - 1 source files to be analyzed
13:12:45.739 INFO  org.sonar.squidbridge.ProgressReport - 1/1 source files have been analyzed
13:12:45.757 INFO  org.sonar.squidbridge.ProgressReport - 1 source files to be analyzed
13:12:45.785 INFO  org.sonar.squidbridge.ProgressReport - 1/1 source files have been analyzed
[INFO] Tests run: 24, Failures: 0, Errors: 0, Skipped: 0, Time elapsed: 3.854 s - in org.sonar.java.se.symbolicvalues.RelationalSymbolicValueTest
[INFO] Running org.sonar.java.xml.maven.PomParserTest
13:12:49.551 ERROR org.sonar.java.xml.maven.PomParser - Unable to parse pom file src/test/files/xml/maven/parse-issue/pom.xml
javax.xml.bind.UnmarshalException: null
	at com.sun.xml.bind.v2.runtime.unmarshaller.UnmarshallerImpl.handleStreamException(UnmarshallerImpl.java:485) ~[jaxb-runtime-2.3.0.jar:2.3.0]
	at com.sun.xml.bind.v2.runtime.unmarshaller.UnmarshallerImpl.unmarshal0(UnmarshallerImpl.java:417) ~[jaxb-runtime-2.3.0.jar:2.3.0]
	at com.sun.xml.bind.v2.runtime.unmarshaller.UnmarshallerImpl.unmarshal(UnmarshallerImpl.java:394) ~[jaxb-runtime-2.3.0.jar:2.3.0]
	at org.sonar.java.xml.maven.PomParser.parseXML(PomParser.java:63) ~[classes/:na]
	at org.sonar.java.xml.maven.PomParserTest.should_fail_parsing(PomParserTest.java:76) [test-classes/:na]
	at sun.reflect.NativeMethodAccessorImpl.invoke0(Native Method) ~[na:1.8.0_151]
	at sun.reflect.NativeMethodAccessorImpl.invoke(NativeMethodAccessorImpl.java:62) ~[na:1.8.0_151]
	at sun.reflect.DelegatingMethodAccessorImpl.invoke(DelegatingMethodAccessorImpl.java:43) ~[na:1.8.0_151]
	at java.lang.reflect.Method.invoke(Method.java:498) ~[na:1.8.0_151]
	at org.junit.runners.model.FrameworkMethod$1.runReflectiveCall(FrameworkMethod.java:50) [junit-4.12.jar:4.12]
	at org.junit.internal.runners.model.ReflectiveCallable.run(ReflectiveCallable.java:12) [junit-4.12.jar:4.12]
	at org.junit.runners.model.FrameworkMethod.invokeExplosively(FrameworkMethod.java:47) [junit-4.12.jar:4.12]
	at org.junit.internal.runners.statements.InvokeMethod.evaluate(InvokeMethod.java:17) [junit-4.12.jar:4.12]
	at org.junit.runners.ParentRunner.runLeaf(ParentRunner.java:325) [junit-4.12.jar:4.12]
	at org.junit.runners.BlockJUnit4ClassRunner.runChild(BlockJUnit4ClassRunner.java:78) [junit-4.12.jar:4.12]
	at org.junit.runners.BlockJUnit4ClassRunner.runChild(BlockJUnit4ClassRunner.java:57) [junit-4.12.jar:4.12]
	at org.junit.runners.ParentRunner$3.run(ParentRunner.java:290) [junit-4.12.jar:4.12]
	at org.junit.runners.ParentRunner$1.schedule(ParentRunner.java:71) [junit-4.12.jar:4.12]
	at org.junit.runners.ParentRunner.runChildren(ParentRunner.java:288) [junit-4.12.jar:4.12]
	at org.junit.runners.ParentRunner.access$000(ParentRunner.java:58) [junit-4.12.jar:4.12]
	at org.junit.runners.ParentRunner$2.evaluate(ParentRunner.java:268) [junit-4.12.jar:4.12]
	at org.junit.runners.ParentRunner.run(ParentRunner.java:363) [junit-4.12.jar:4.12]
	at org.apache.maven.surefire.junit4.JUnit4Provider.execute(JUnit4Provider.java:369) [surefire-junit4-2.20.1.jar:2.20.1]
	at org.apache.maven.surefire.junit4.JUnit4Provider.executeWithRerun(JUnit4Provider.java:275) [surefire-junit4-2.20.1.jar:2.20.1]
	at org.apache.maven.surefire.junit4.JUnit4Provider.executeTestSet(JUnit4Provider.java:239) [surefire-junit4-2.20.1.jar:2.20.1]
	at org.apache.maven.surefire.junit4.JUnit4Provider.invoke(JUnit4Provider.java:160) [surefire-junit4-2.20.1.jar:2.20.1]
	at org.apache.maven.surefire.booter.ForkedBooter.invokeProviderInSameClassLoader(ForkedBooter.java:373) [surefire-booter-2.20.1.jar:2.20.1]
	at org.apache.maven.surefire.booter.ForkedBooter.runSuitesInProcess(ForkedBooter.java:334) [surefire-booter-2.20.1.jar:2.20.1]
	at org.apache.maven.surefire.booter.ForkedBooter.execute(ForkedBooter.java:119) [surefire-booter-2.20.1.jar:2.20.1]
	at org.apache.maven.surefire.booter.ForkedBooter.main(ForkedBooter.java:407) [surefire-booter-2.20.1.jar:2.20.1]
Caused by: com.ctc.wstx.exc.WstxParsingException: Unexpected close tag </build>; expected </dependency>.
 at [row,col {unknown-source}]: [27,9]
	at com.ctc.wstx.sr.StreamScanner.constructWfcException(StreamScanner.java:614) ~[woodstox-core-lgpl-4.4.0.jar:4.4.0]
	at com.ctc.wstx.sr.StreamScanner.throwParseError(StreamScanner.java:487) ~[woodstox-core-lgpl-4.4.0.jar:4.4.0]
	at com.ctc.wstx.sr.StreamScanner.throwParseError(StreamScanner.java:472) ~[woodstox-core-lgpl-4.4.0.jar:4.4.0]
	at com.ctc.wstx.sr.BasicStreamReader.reportWrongEndElem(BasicStreamReader.java:3285) ~[woodstox-core-lgpl-4.4.0.jar:4.4.0]
	at com.ctc.wstx.sr.BasicStreamReader.readEndElem(BasicStreamReader.java:3212) ~[woodstox-core-lgpl-4.4.0.jar:4.4.0]
	at com.ctc.wstx.sr.BasicStreamReader.nextFromTree(BasicStreamReader.java:2831) ~[woodstox-core-lgpl-4.4.0.jar:4.4.0]
	at com.ctc.wstx.sr.BasicStreamReader.next(BasicStreamReader.java:1073) ~[woodstox-core-lgpl-4.4.0.jar:4.4.0]
	at com.sun.xml.bind.v2.runtime.unmarshaller.StAXStreamConnector.bridge(StAXStreamConnector.java:196) ~[jaxb-runtime-2.3.0.jar:2.3.0]
	at com.sun.xml.bind.v2.runtime.unmarshaller.UnmarshallerImpl.unmarshal0(UnmarshallerImpl.java:415) ~[jaxb-runtime-2.3.0.jar:2.3.0]
	... 28 common frames omitted
13:12:50.021 ERROR org.sonar.java.xml.maven.PomParser - Unable to parse pom file .
java.io.FileNotFoundException: . (Is a directory)
	at java.io.FileInputStream.open0(Native Method) ~[na:1.8.0_151]
	at java.io.FileInputStream.open(FileInputStream.java:195) ~[na:1.8.0_151]
	at java.io.FileInputStream.<init>(FileInputStream.java:138) ~[na:1.8.0_151]
	at org.sonar.java.xml.maven.PomParser.parseXML(PomParser.java:52) ~[classes/:na]
	at org.sonar.java.xml.maven.PomParserTest.should_not_parse(PomParserTest.java:82) [test-classes/:na]
	at sun.reflect.NativeMethodAccessorImpl.invoke0(Native Method) ~[na:1.8.0_151]
	at sun.reflect.NativeMethodAccessorImpl.invoke(NativeMethodAccessorImpl.java:62) ~[na:1.8.0_151]
	at sun.reflect.DelegatingMethodAccessorImpl.invoke(DelegatingMethodAccessorImpl.java:43) ~[na:1.8.0_151]
	at java.lang.reflect.Method.invoke(Method.java:498) ~[na:1.8.0_151]
	at org.junit.runners.model.FrameworkMethod$1.runReflectiveCall(FrameworkMethod.java:50) [junit-4.12.jar:4.12]
	at org.junit.internal.runners.model.ReflectiveCallable.run(ReflectiveCallable.java:12) [junit-4.12.jar:4.12]
	at org.junit.runners.model.FrameworkMethod.invokeExplosively(FrameworkMethod.java:47) [junit-4.12.jar:4.12]
	at org.junit.internal.runners.statements.InvokeMethod.evaluate(InvokeMethod.java:17) [junit-4.12.jar:4.12]
	at org.junit.runners.ParentRunner.runLeaf(ParentRunner.java:325) [junit-4.12.jar:4.12]
	at org.junit.runners.BlockJUnit4ClassRunner.runChild(BlockJUnit4ClassRunner.java:78) [junit-4.12.jar:4.12]
	at org.junit.runners.BlockJUnit4ClassRunner.runChild(BlockJUnit4ClassRunner.java:57) [junit-4.12.jar:4.12]
	at org.junit.runners.ParentRunner$3.run(ParentRunner.java:290) [junit-4.12.jar:4.12]
	at org.junit.runners.ParentRunner$1.schedule(ParentRunner.java:71) [junit-4.12.jar:4.12]
	at org.junit.runners.ParentRunner.runChildren(ParentRunner.java:288) [junit-4.12.jar:4.12]
	at org.junit.runners.ParentRunner.access$000(ParentRunner.java:58) [junit-4.12.jar:4.12]
	at org.junit.runners.ParentRunner$2.evaluate(ParentRunner.java:268) [junit-4.12.jar:4.12]
	at org.junit.runners.ParentRunner.run(ParentRunner.java:363) [junit-4.12.jar:4.12]
	at org.apache.maven.surefire.junit4.JUnit4Provider.execute(JUnit4Provider.java:369) [surefire-junit4-2.20.1.jar:2.20.1]
	at org.apache.maven.surefire.junit4.JUnit4Provider.executeWithRerun(JUnit4Provider.java:275) [surefire-junit4-2.20.1.jar:2.20.1]
	at org.apache.maven.surefire.junit4.JUnit4Provider.executeTestSet(JUnit4Provider.java:239) [surefire-junit4-2.20.1.jar:2.20.1]
	at org.apache.maven.surefire.junit4.JUnit4Provider.invoke(JUnit4Provider.java:160) [surefire-junit4-2.20.1.jar:2.20.1]
	at org.apache.maven.surefire.booter.ForkedBooter.invokeProviderInSameClassLoader(ForkedBooter.java:373) [surefire-booter-2.20.1.jar:2.20.1]
	at org.apache.maven.surefire.booter.ForkedBooter.runSuitesInProcess(ForkedBooter.java:334) [surefire-booter-2.20.1.jar:2.20.1]
	at org.apache.maven.surefire.booter.ForkedBooter.execute(ForkedBooter.java:119) [surefire-booter-2.20.1.jar:2.20.1]
	at org.apache.maven.surefire.booter.ForkedBooter.main(ForkedBooter.java:407) [surefire-booter-2.20.1.jar:2.20.1]
[INFO] Tests run: 9, Failures: 0, Errors: 0, Skipped: 0, Time elapsed: 0.7 s - in org.sonar.java.xml.maven.PomParserTest
[INFO] Running org.sonar.java.se.checks.StreamNotConsumedCheckTest
13:12:50.156 INFO  org.sonar.squidbridge.ProgressReport - 1 source files to be analyzed
13:12:50.260 INFO  org.sonar.squidbridge.ProgressReport - 1/1 source files have been analyzed
[INFO] Tests run: 1, Failures: 0, Errors: 0, Skipped: 0, Time elapsed: 0.112 s - in org.sonar.java.se.checks.StreamNotConsumedCheckTest
[INFO] Running org.sonar.java.se.checks.OptionalGetBeforeIsPresentCheckTest
13:12:50.268 INFO  org.sonar.squidbridge.ProgressReport - 1 source files to be analyzed
13:12:50.310 INFO  org.sonar.squidbridge.ProgressReport - 1/1 source files have been analyzed
13:12:50.315 INFO  org.sonar.squidbridge.ProgressReport - 1 source files to be analyzed
13:12:50.361 INFO  org.sonar.squidbridge.ProgressReport - 1/1 source files have been analyzed
[INFO] Tests run: 2, Failures: 0, Errors: 0, Skipped: 0, Time elapsed: 0.1 s - in org.sonar.java.se.checks.OptionalGetBeforeIsPresentCheckTest
[INFO] Running org.sonar.java.ast.parser.grammar.moduledirectives.ExportsDirectiveTest
[INFO] Tests run: 1, Failures: 0, Errors: 0, Skipped: 0, Time elapsed: 0.005 s - in org.sonar.java.ast.parser.grammar.moduledirectives.ExportsDirectiveTest
[INFO] Running org.sonar.plugins.java.api.IssuableSubscriptionVisitorTest
13:12:50.370 INFO  org.sonar.squidbridge.ProgressReport - 1 source files to be analyzed
[INFO] Tests run: 1, Failures: 0, Errors: 0, Skipped: 0, Time elapsed: 0.013 s - in org.sonar.plugins.java.api.IssuableSubscriptionVisitorTest
[INFO] Running org.sonar.java.ast.visitors.SyntaxHighlighterVisitorTest
13:12:50.432 INFO  org.sonar.squidbridge.ProgressReport - 1/1 source files have been analyzed
13:12:50.677 INFO  org.sonar.java.JavaSquid - Java Main Files AST scan
13:12:50.678 INFO  org.sonar.squidbridge.ProgressReport - 1 source files to be analyzed
13:12:50.693 INFO  org.sonar.java.JavaSquid - Java Main Files AST scan (done) | time=16ms
13:12:50.695 INFO  org.sonar.java.JavaSquid - Java Test Files AST scan
13:12:50.697 INFO  org.sonar.squidbridge.ProgressReport - 0 source files to be analyzed
13:12:50.695 INFO  org.sonar.squidbridge.ProgressReport - 1/1 source files have been analyzed
13:12:50.701 INFO  org.sonar.java.JavaSquid - Java Test Files AST scan (done) | time=6ms
13:12:50.710 INFO  org.sonar.java.JavaSquid - Java Main Files AST scan
13:12:50.712 INFO  org.sonar.squidbridge.ProgressReport - 1 source files to be analyzed
13:12:50.714 INFO  org.sonar.squidbridge.ProgressReport - 0/0 source files have been analyzed
13:12:50.739 INFO  org.sonar.squidbridge.ProgressReport - 1/1 source files have been analyzed
13:12:50.740 INFO  org.sonar.java.JavaSquid - Java Main Files AST scan (done) | time=30ms
13:12:50.741 INFO  org.sonar.java.JavaSquid - Java Test Files AST scan
13:12:50.742 INFO  org.sonar.squidbridge.ProgressReport - 0 source files to be analyzed
13:12:50.744 INFO  org.sonar.java.JavaSquid - Java Test Files AST scan (done) | time=3ms
13:12:50.762 INFO  org.sonar.squidbridge.ProgressReport - 0/0 source files have been analyzed
13:12:50.867 INFO  org.sonar.java.JavaSquid - Java Main Files AST scan
13:12:50.868 INFO  org.sonar.squidbridge.ProgressReport - 1 source files to be analyzed
13:12:50.869 ERROR org.sonar.java.ast.JavaAstScanner - Unable to parse source file : /tmp/junit6928603777661535703/junit6380118998315229809.tmp
13:12:50.869 ERROR org.sonar.java.ast.JavaAstScanner - Parse error at line 1 column 1:

1: ParseError
   ^

13:12:50.869 INFO  org.sonar.java.JavaSquid - Java Main Files AST scan (done) | time=2ms
13:12:50.869 INFO  org.sonar.java.JavaSquid - Java Test Files AST scan
13:12:50.870 INFO  org.sonar.squidbridge.ProgressReport - 0 source files to be analyzed
13:12:50.871 INFO  org.sonar.squidbridge.ProgressReport - 1/1 source files have been analyzed
13:12:50.871 INFO  org.sonar.java.JavaSquid - Java Test Files AST scan (done) | time=2ms
13:12:50.877 INFO  org.sonar.java.JavaSquid - Java Main Files AST scan
13:12:50.877 INFO  org.sonar.squidbridge.ProgressReport - 1 source files to be analyzed
13:12:50.878 INFO  org.sonar.squidbridge.ProgressReport - 0/0 source files have been analyzed
13:12:50.888 INFO  org.sonar.java.JavaSquid - Java Main Files AST scan (done) | time=11ms
13:12:50.888 INFO  org.sonar.java.JavaSquid - Java Test Files AST scan
13:12:50.888 INFO  org.sonar.squidbridge.ProgressReport - 0 source files to be analyzed
13:12:50.888 INFO  org.sonar.squidbridge.ProgressReport - 1/1 source files have been analyzed
13:12:50.888 INFO  org.sonar.java.JavaSquid - Java Test Files AST scan (done) | time=0ms
13:12:50.894 INFO  org.sonar.java.JavaSquid - Java Main Files AST scan
13:12:50.899 INFO  org.sonar.squidbridge.ProgressReport - 1 source files to be analyzed
13:12:50.899 INFO  org.sonar.squidbridge.ProgressReport - 0/0 source files have been analyzed
13:12:50.922 INFO  org.sonar.squidbridge.ProgressReport - 1/1 source files have been analyzed
13:12:50.922 INFO  org.sonar.java.JavaSquid - Java Main Files AST scan (done) | time=28ms
13:12:50.922 INFO  org.sonar.java.JavaSquid - Java Test Files AST scan
13:12:50.922 INFO  org.sonar.squidbridge.ProgressReport - 0 source files to be analyzed
13:12:50.922 INFO  org.sonar.java.JavaSquid - Java Test Files AST scan (done) | time=0ms
13:12:50.928 INFO  org.sonar.java.JavaSquid - Java Main Files AST scan
13:12:50.928 INFO  org.sonar.squidbridge.ProgressReport - 1 source files to be analyzed
13:12:50.928 INFO  org.sonar.squidbridge.ProgressReport - 0/0 source files have been analyzed
13:12:50.938 INFO  org.sonar.java.JavaSquid - Java Main Files AST scan (done) | time=10ms
13:12:50.938 INFO  org.sonar.java.JavaSquid - Java Test Files AST scan
13:12:50.938 INFO  org.sonar.squidbridge.ProgressReport - 0 source files to be analyzed
13:12:50.938 INFO  org.sonar.squidbridge.ProgressReport - 1/1 source files have been analyzed
13:12:50.951 INFO  org.sonar.java.JavaSquid - Java Test Files AST scan (done) | time=13ms
13:12:50.956 INFO  org.sonar.java.JavaSquid - Java Main Files AST scan
13:12:50.956 INFO  org.sonar.squidbridge.ProgressReport - 1 source files to be analyzed
13:12:50.983 INFO  org.sonar.squidbridge.ProgressReport - 0/0 source files have been analyzed
13:12:50.996 INFO  org.sonar.java.JavaSquid - Java Main Files AST scan (done) | time=40ms
13:12:50.997 INFO  org.sonar.java.JavaSquid - Java Test Files AST scan
13:12:50.997 INFO  org.sonar.squidbridge.ProgressReport - 0 source files to be analyzed
13:12:50.996 INFO  org.sonar.squidbridge.ProgressReport - 1/1 source files have been analyzed
13:12:51.003 INFO  org.sonar.java.JavaSquid - Java Test Files AST scan (done) | time=6ms
[INFO] Tests run: 7, Failures: 0, Errors: 0, Skipped: 0, Time elapsed: 0.63 s - in org.sonar.java.ast.visitors.SyntaxHighlighterVisitorTest
[INFO] Running org.sonar.plugins.java.api.tree.TreeTest
[INFO] Tests run: 1, Failures: 0, Errors: 0, Skipped: 0, Time elapsed: 0 s - in org.sonar.plugins.java.api.tree.TreeTest
[INFO] Running org.sonar.java.xml.XmlParserTest
13:12:51.013 INFO  org.sonar.squidbridge.ProgressReport - 0/0 source files have been analyzed
13:12:51.023 ERROR org.sonar.java.xml.XmlParser - Unable to parse xml file: src/test/files/xml/parsing-issue.xml
13:12:51.205 DEBUG org.sonar.java.xml.XmlParser - XML file parsing failed because of : org.xml.sax.SAXParseException; systemId: file:/home/travis/build/SonarSource/sonar-java/java-frontend/src/test/files/xml/parsing-issue.xml; lineNumber: 2; columnNumber: 1; XML document structures must start and end within the same entity.
	at com.sun.org.apache.xerces.internal.util.ErrorHandlerWrapper.createSAXParseException(ErrorHandlerWrapper.java:203)
	at com.sun.org.apache.xerces.internal.util.ErrorHandlerWrapper.fatalError(ErrorHandlerWrapper.java:177)
	at com.sun.org.apache.xerces.internal.impl.XMLErrorReporter.reportError(XMLErrorReporter.java:400)
	at com.sun.org.apache.xerces.internal.impl.XMLErrorReporter.reportError(XMLErrorReporter.java:327)
	at com.sun.org.apache.xerces.internal.impl.XMLScanner.reportFatalError(XMLScanner.java:1472)
	at com.sun.org.apache.xerces.internal.impl.XMLDocumentFragmentScannerImpl.endEntity(XMLDocumentFragmentScannerImpl.java:899)
	at com.sun.org.apache.xerces.internal.impl.XMLDocumentScannerImpl.endEntity(XMLDocumentScannerImpl.java:559)
	at com.sun.org.apache.xerces.internal.impl.XMLEntityManager.endEntity(XMLEntityManager.java:1398)
	at com.sun.org.apache.xerces.internal.impl.XMLEntityScanner.load(XMLEntityScanner.java:1916)
	at com.sun.org.apache.xerces.internal.impl.XMLEntityScanner.skipChar(XMLEntityScanner.java:1551)
	at com.sun.org.apache.xerces.internal.impl.XMLDocumentFragmentScannerImpl$FragmentContentDriver.next(XMLDocumentFragmentScannerImpl.java:2821)
	at com.sun.org.apache.xerces.internal.impl.XMLDocumentScannerImpl.next(XMLDocumentScannerImpl.java:602)
	at com.sun.org.apache.xerces.internal.impl.XMLDocumentFragmentScannerImpl.scanDocument(XMLDocumentFragmentScannerImpl.java:505)
	at com.sun.org.apache.xerces.internal.parsers.XML11Configuration.parse(XML11Configuration.java:841)
	at com.sun.org.apache.xerces.internal.parsers.XML11Configuration.parse(XML11Configuration.java:770)
	at com.sun.org.apache.xerces.internal.parsers.XMLParser.parse(XMLParser.java:141)
	at com.sun.org.apache.xerces.internal.parsers.AbstractSAXParser.parse(AbstractSAXParser.java:1213)
	at com.sun.org.apache.xerces.internal.jaxp.SAXParserImpl$JAXPSAXParser.parse(SAXParserImpl.java:643)
	at com.sun.org.apache.xerces.internal.jaxp.SAXParserImpl.parse(SAXParserImpl.java:327)
	at javax.xml.parsers.SAXParser.parse(SAXParser.java:328)
	at org.sonar.java.xml.XmlParser.parseXML(XmlParser.java:64)
	at org.sonar.java.xml.XmlParserTest.should_return_null_when_encountering_parsing_issue(XmlParserTest.java:69)
	at sun.reflect.NativeMethodAccessorImpl.invoke0(Native Method)
	at sun.reflect.NativeMethodAccessorImpl.invoke(NativeMethodAccessorImpl.java:62)
	at sun.reflect.DelegatingMethodAccessorImpl.invoke(DelegatingMethodAccessorImpl.java:43)
	at java.lang.reflect.Method.invoke(Method.java:498)
	at org.junit.runners.model.FrameworkMethod$1.runReflectiveCall(FrameworkMethod.java:50)
	at org.junit.internal.runners.model.ReflectiveCallable.run(ReflectiveCallable.java:12)
	at org.junit.runners.model.FrameworkMethod.invokeExplosively(FrameworkMethod.java:47)
	at org.junit.internal.runners.statements.InvokeMethod.evaluate(InvokeMethod.java:17)
	at org.junit.internal.runners.statements.RunBefores.evaluate(RunBefores.java:26)
	at org.junit.rules.ExternalResource$1.evaluate(ExternalResource.java:48)
	at org.junit.rules.RunRules.evaluate(RunRules.java:20)
	at org.junit.runners.ParentRunner.runLeaf(ParentRunner.java:325)
	at org.junit.runners.BlockJUnit4ClassRunner.runChild(BlockJUnit4ClassRunner.java:78)
	at org.junit.runners.BlockJUnit4ClassRunner.runChild(BlockJUnit4ClassRunner.java:57)
	at org.junit.runners.ParentRunner$3.run(ParentRunner.java:290)
	at org.junit.runners.ParentRunner$1.schedule(ParentRunner.java:71)
	at org.junit.runners.ParentRunner.runChildren(ParentRunner.java:288)
	at org.junit.runners.ParentRunner.access$000(ParentRunner.java:58)
	at org.junit.runners.ParentRunner$2.evaluate(ParentRunner.java:268)
	at org.junit.runners.ParentRunner.run(ParentRunner.java:363)
	at org.apache.maven.surefire.junit4.JUnit4Provider.execute(JUnit4Provider.java:369)
	at org.apache.maven.surefire.junit4.JUnit4Provider.executeWithRerun(JUnit4Provider.java:275)
	at org.apache.maven.surefire.junit4.JUnit4Provider.executeTestSet(JUnit4Provider.java:239)
	at org.apache.maven.surefire.junit4.JUnit4Provider.invoke(JUnit4Provider.java:160)
	at org.apache.maven.surefire.booter.ForkedBooter.invokeProviderInSameClassLoader(ForkedBooter.java:373)
	at org.apache.maven.surefire.booter.ForkedBooter.runSuitesInProcess(ForkedBooter.java:334)
	at org.apache.maven.surefire.booter.ForkedBooter.execute(ForkedBooter.java:119)
	at org.apache.maven.surefire.booter.ForkedBooter.main(ForkedBooter.java:407)

13:12:51.265 ERROR org.sonar.java.xml.XmlParser - Unable to parse xml file: src/test/files/xml/parsing-issue.xml
13:12:51.267 WARN  org.sonar.java.xml.XmlParser - File src/test/files/xml/empty.xml is empty and won't be analyzed.
[INFO] Tests run: 8, Failures: 0, Errors: 0, Skipped: 0, Time elapsed: 0.25 s - in org.sonar.java.xml.XmlParserTest
[INFO] Running org.sonar.java.se.constraint.ConstraintsByDomainTest
[INFO] Tests run: 9, Failures: 0, Errors: 0, Skipped: 0, Time elapsed: 0.082 s - in org.sonar.java.se.constraint.ConstraintsByDomainTest
[INFO] Running org.sonar.java.ast.parser.grammar.classes.MemberDeclTest
[INFO] Tests run: 1, Failures: 0, Errors: 0, Skipped: 0, Time elapsed: 0 s - in org.sonar.java.ast.parser.grammar.classes.MemberDeclTest
[INFO] Running org.sonar.java.model.declaration.ExportsDirectiveTreeImplTest
[INFO] Tests run: 3, Failures: 0, Errors: 0, Skipped: 0, Time elapsed: 0.024 s - in org.sonar.java.model.declaration.ExportsDirectiveTreeImplTest
[INFO] Running org.sonar.java.se.checks.LocksNotUnlockedCheckTest
13:12:51.388 INFO  org.sonar.squidbridge.ProgressReport - 1 source files to be analyzed
13:12:51.407 INFO  org.sonar.squidbridge.ProgressReport - 1/1 source files have been analyzed
13:12:51.411 INFO  org.sonar.squidbridge.ProgressReport - 1 source files to be analyzed
13:12:51.521 INFO  org.sonar.squidbridge.ProgressReport - 1/1 source files have been analyzed
[INFO] Tests run: 3, Failures: 0, Errors: 0, Skipped: 0, Time elapsed: 0.14 s - in org.sonar.java.se.checks.LocksNotUnlockedCheckTest
[INFO] Running org.sonar.java.cfg.CFGTest
[INFO] Tests run: 73, Failures: 0, Errors: 0, Skipped: 0, Time elapsed: 0.772 s - in org.sonar.java.cfg.CFGTest
[INFO] Running org.sonar.java.resolve.TypeAndReferenceSolverTest
[INFO] Tests run: 36, Failures: 0, Errors: 0, Skipped: 0, Time elapsed: 2.023 s - in org.sonar.java.resolve.TypeAndReferenceSolverTest
[INFO] Running org.sonar.java.se.FlowTest
[INFO] Tests run: 2, Failures: 0, Errors: 0, Skipped: 0, Time elapsed: 0.015 s - in org.sonar.java.se.FlowTest
[INFO] Running org.sonar.java.collections.PCollectionsTest
[INFO] Tests run: 2, Failures: 0, Errors: 0, Skipped: 0, Time elapsed: 0.003 s - in org.sonar.java.collections.PCollectionsTest
[INFO] Running org.sonar.java.JavaClasspathTest
13:12:54.426 INFO  org.sonar.java.JavaClasspath - JavaClasspath initialization
13:12:54.516 ERROR org.sonar.java.AbstractJavaClasspath - Invalid value for sonar.java.libraries
13:12:54.518 INFO  org.sonar.java.JavaClasspath - JavaClasspath initialization
13:12:54.519 INFO  org.sonar.java.JavaClasspath - JavaClasspath initialization (done) | time=1ms
13:12:54.519 INFO  org.sonar.java.JavaClasspath - JavaClasspath initialization
13:12:54.551 INFO  org.sonar.java.JavaClasspath - JavaClasspath initialization (done) | time=32ms
13:12:54.555 INFO  org.sonar.java.JavaClasspath - JavaClasspath initialization
13:12:54.557 INFO  org.sonar.java.JavaClasspath - JavaClasspath initialization (done) | time=1ms
13:12:54.557 INFO  org.sonar.java.JavaClasspath - JavaClasspath initialization
13:12:54.558 WARN  org.sonar.java.JavaClasspath - Bytecode of dependencies was not provided for analysis of source files, you might end up with less precise results. Bytecode can be provided using sonar.java.libraries property
13:12:54.558 INFO  org.sonar.java.JavaClasspath - JavaClasspath initialization (done) | time=1ms
13:12:54.563 INFO  org.sonar.java.JavaClasspath - JavaClasspath initialization
13:12:54.565 INFO  org.sonar.java.JavaClasspath - JavaClasspath initialization (done) | time=2ms
13:12:54.567 INFO  org.sonar.java.JavaClasspath - JavaClasspath initialization
13:12:54.568 INFO  org.sonar.java.JavaClasspath - JavaClasspath initialization (done) | time=1ms
13:12:54.568 INFO  org.sonar.java.JavaClasspath - JavaClasspath initialization
13:12:54.569 INFO  org.sonar.java.JavaClasspath - JavaClasspath initialization (done) | time=1ms
13:12:54.572 INFO  org.sonar.java.JavaClasspath - JavaClasspath initialization
13:12:54.572 WARN  org.sonar.java.JavaClasspath - Bytecode of dependencies was not provided for analysis of source files, you might end up with less precise results. Bytecode can be provided using sonar.java.libraries property
13:12:54.572 INFO  org.sonar.java.JavaClasspath - JavaClasspath initialization (done) | time=0ms
13:12:54.573 INFO  org.sonar.java.JavaClasspath - JavaClasspath initialization
13:12:54.574 INFO  org.sonar.java.JavaClasspath - JavaClasspath initialization (done) | time=1ms
13:12:54.575 INFO  org.sonar.java.JavaClasspath - JavaClasspath initialization
13:12:54.575 INFO  org.sonar.java.JavaClasspath - JavaClasspath initialization (done) | time=0ms
13:12:54.575 INFO  org.sonar.java.JavaClasspath - JavaClasspath initialization
13:12:54.576 INFO  org.sonar.java.JavaClasspath - JavaClasspath initialization (done) | time=1ms
13:12:54.577 INFO  org.sonar.java.JavaClasspath - JavaClasspath initialization
13:12:54.578 INFO  org.sonar.java.JavaClasspath - JavaClasspath initialization (done) | time=1ms
13:12:54.578 INFO  org.sonar.java.JavaClasspath - JavaClasspath initialization
13:12:54.579 INFO  org.sonar.java.JavaClasspath - JavaClasspath initialization (done) | time=1ms
13:12:54.580 INFO  org.sonar.java.JavaClasspath - JavaClasspath initialization
13:12:54.580 ERROR org.sonar.java.AbstractJavaClasspath - Invalid value for sonar.java.libraries
13:12:54.581 INFO  org.sonar.java.JavaClasspath - JavaClasspath initialization
13:12:54.581 INFO  org.sonar.java.JavaClasspath - JavaClasspath initialization (done) | time=0ms
13:12:54.582 INFO  org.sonar.java.JavaClasspath - JavaClasspath initialization
13:12:54.582 INFO  org.sonar.java.JavaClasspath - JavaClasspath initialization (done) | time=0ms
13:12:54.582 INFO  org.sonar.java.JavaClasspath - JavaClasspath initialization
13:12:54.583 INFO  org.sonar.java.JavaClasspath - JavaClasspath initialization (done) | time=1ms
13:12:54.584 INFO  org.sonar.java.JavaClasspath - JavaClasspath initialization
13:12:54.584 ERROR org.sonar.java.AbstractJavaClasspath - Invalid value for sonar.java.binaries
13:12:54.585 INFO  org.sonar.java.JavaClasspath - JavaClasspath initialization
13:12:54.585 INFO  org.sonar.java.JavaClasspath - JavaClasspath initialization
13:12:54.586 INFO  org.sonar.java.JavaClasspath - JavaClasspath initialization (done) | time=1ms
13:12:54.586 INFO  org.sonar.java.JavaClasspath - JavaClasspath initialization
13:12:54.587 WARN  org.sonar.java.JavaClasspath - Bytecode of dependencies was not provided for analysis of source files, you might end up with less precise results. Bytecode can be provided using sonar.java.libraries property
13:12:54.587 INFO  org.sonar.java.JavaClasspath - JavaClasspath initialization (done) | time=1ms
13:12:54.587 INFO  org.sonar.java.JavaClasspath - JavaClasspath initialization
13:12:54.588 INFO  org.sonar.java.JavaClasspath - JavaClasspath initialization (done) | time=1ms
13:12:54.588 INFO  org.sonar.java.JavaClasspath - JavaClasspath initialization
13:12:54.589 INFO  org.sonar.java.JavaClasspath - JavaClasspath initialization
13:12:54.589 WARN  org.sonar.java.JavaClasspath - Bytecode of dependencies was not provided for analysis of source files, you might end up with less precise results. Bytecode can be provided using sonar.java.libraries property
13:12:54.589 INFO  org.sonar.java.JavaClasspath - JavaClasspath initialization (done) | time=0ms
13:12:54.590 INFO  org.sonar.java.JavaClasspath - JavaClasspath initialization
13:12:54.590 WARN  org.sonar.java.JavaClasspath - sonar.java.binaries is empty, please double check your configuration
13:12:54.591 WARN  org.sonar.java.JavaClasspath - Bytecode of dependencies was not provided for analysis of source files, you might end up with less precise results. Bytecode can be provided using sonar.java.libraries property
13:12:54.591 INFO  org.sonar.java.JavaClasspath - JavaClasspath initialization (done) | time=1ms
13:12:54.592 INFO  org.sonar.java.JavaClasspath - JavaClasspath initialization
13:12:54.597 INFO  org.sonar.java.JavaClasspath - JavaClasspath initialization (done) | time=5ms
13:12:54.600 INFO  org.sonar.java.JavaClasspath - JavaClasspath initialization
13:12:54.602 INFO  org.sonar.java.JavaClasspath - JavaClasspath initialization (done) | time=4ms
13:12:54.602 INFO  org.sonar.java.JavaClasspath - JavaClasspath initialization
13:12:54.603 INFO  org.sonar.java.JavaClasspath - JavaClasspath initialization
13:12:54.608 INFO  org.sonar.java.JavaClasspath - JavaClasspath initialization (done) | time=5ms
[INFO] Tests run: 29, Failures: 0, Errors: 0, Skipped: 0, Time elapsed: 0.24 s - in org.sonar.java.JavaClasspathTest
[INFO] Running org.sonar.java.resolve.ConvertTest
[INFO] Tests run: 8, Failures: 0, Errors: 0, Skipped: 0, Time elapsed: 0.003 s - in org.sonar.java.resolve.ConvertTest
[INFO] Running org.sonar.java.ast.parser.grammar.interfaces.InterfaceDeclarationTest
[INFO] Tests run: 2, Failures: 0, Errors: 0, Skipped: 0, Time elapsed: 0.005 s - in org.sonar.java.ast.parser.grammar.interfaces.InterfaceDeclarationTest
[INFO] Running org.sonar.plugins.java.api.CheckRegistrarTest
[INFO] Tests run: 1, Failures: 0, Errors: 0, Skipped: 0, Time elapsed: 0.001 s - in org.sonar.plugins.java.api.CheckRegistrarTest
[INFO] Running org.sonar.java.ast.visitors.ComplexityVisitorTest
[INFO] Tests run: 3, Failures: 0, Errors: 0, Skipped: 0, Time elapsed: 0.006 s - in org.sonar.java.ast.visitors.ComplexityVisitorTest
[INFO] Running org.sonar.java.ast.parser.grammar.statements.LabeledStatementTest
[INFO] Tests run: 1, Failures: 0, Errors: 0, Skipped: 0, Time elapsed: 0.002 s - in org.sonar.java.ast.parser.grammar.statements.LabeledStatementTest
[INFO] Running org.sonar.java.model.declaration.OpensDirectiveTreeImplTest
[INFO] Tests run: 3, Failures: 0, Errors: 0, Skipped: 0, Time elapsed: 0.028 s - in org.sonar.java.model.declaration.OpensDirectiveTreeImplTest
[INFO] Running org.sonar.java.se.ProgramStateTest
[INFO] Tests run: 14, Failures: 0, Errors: 0, Skipped: 0, Time elapsed: 0.118 s - in org.sonar.java.se.ProgramStateTest
[INFO] Running org.sonar.java.ast.parser.grammar.literals.KeywordTest
[INFO] Tests run: 1, Failures: 0, Errors: 0, Skipped: 0, Time elapsed: 0.003 s - in org.sonar.java.ast.parser.grammar.literals.KeywordTest
[INFO] Running org.sonar.java.model.expression.MethodInvocationTreeImplTest
[INFO] Tests run: 3, Failures: 0, Errors: 0, Skipped: 0, Time elapsed: 0.034 s - in org.sonar.java.model.expression.MethodInvocationTreeImplTest
[INFO] Running org.sonar.java.se.checks.ConditionAlwaysTrueOrFalseCheckTest
13:12:54.869 INFO  org.sonar.squidbridge.ProgressReport - 1 source files to be analyzed
13:12:54.886 INFO  org.sonar.squidbridge.ProgressReport - 1/1 source files have been analyzed
13:12:54.889 INFO  org.sonar.squidbridge.ProgressReport - 1 source files to be analyzed
13:12:54.906 INFO  org.sonar.squidbridge.ProgressReport - 1 source files to be analyzed
13:12:54.906 INFO  org.sonar.squidbridge.ProgressReport - 1/1 source files have been analyzed
13:12:54.921 INFO  org.sonar.squidbridge.ProgressReport - 1/1 source files have been analyzed
13:12:54.925 INFO  org.sonar.squidbridge.ProgressReport - 1 source files to be analyzed
13:12:54.960 INFO  org.sonar.squidbridge.ProgressReport - 1/1 source files have been analyzed
13:12:54.964 INFO  org.sonar.squidbridge.ProgressReport - 1 source files to be analyzed
13:12:55.158 INFO  org.sonar.squidbridge.ProgressReport - 1/1 source files have been analyzed
13:12:55.162 INFO  org.sonar.squidbridge.ProgressReport - 1 source files to be analyzed
13:12:55.174 INFO  org.sonar.squidbridge.ProgressReport - 1/1 source files have been analyzed
13:12:55.178 INFO  org.sonar.squidbridge.ProgressReport - 1 source files to be analyzed
13:12:56.884 INFO  org.sonar.squidbridge.ProgressReport - 1/1 source files have been analyzed
13:12:56.893 INFO  org.sonar.squidbridge.ProgressReport - 1 source files to be analyzed
13:12:56.910 INFO  org.sonar.squidbridge.ProgressReport - 1/1 source files have been analyzed
13:12:56.916 INFO  org.sonar.squidbridge.ProgressReport - 1 source files to be analyzed
13:12:56.937 INFO  org.sonar.squidbridge.ProgressReport - 1/1 source files have been analyzed
13:12:56.943 INFO  org.sonar.squidbridge.ProgressReport - 1 source files to be analyzed
13:12:56.967 INFO  org.sonar.squidbridge.ProgressReport - 1/1 source files have been analyzed
[INFO] Tests run: 10, Failures: 0, Errors: 0, Skipped: 0, Time elapsed: 2.104 s - in org.sonar.java.se.checks.ConditionAlwaysTrueOrFalseCheckTest
[INFO] Running org.sonar.java.matcher.MethodMatcherCollectionTest
[INFO] Tests run: 9, Failures: 0, Errors: 0, Skipped: 0, Time elapsed: 0.167 s - in org.sonar.java.matcher.MethodMatcherCollectionTest
[INFO] Running org.sonar.java.se.ExceptionUtilsTest
[INFO] Tests run: 1, Failures: 0, Errors: 0, Skipped: 0, Time elapsed: 0.011 s - in org.sonar.java.se.ExceptionUtilsTest
[INFO] Running org.sonar.java.se.LearnedConstraintTest
[INFO] Tests run: 1, Failures: 0, Errors: 0, Skipped: 0, Time elapsed: 0 s - in org.sonar.java.se.LearnedConstraintTest
[INFO] Running org.sonar.java.se.checks.ParameterNullnessCheckTest
13:12:57.155 INFO  org.sonar.squidbridge.ProgressReport - 1 source files to be analyzed
13:12:57.200 INFO  org.sonar.squidbridge.ProgressReport - 1/1 source files have been analyzed
[INFO] Tests run: 1, Failures: 0, Errors: 0, Skipped: 0, Time elapsed: 0.05 s - in org.sonar.java.se.checks.ParameterNullnessCheckTest
[INFO] Running org.sonar.java.ast.parser.grammar.statements.VariableDeclaratorsTest
[INFO] Tests run: 1, Failures: 0, Errors: 0, Skipped: 0, Time elapsed: 0.004 s - in org.sonar.java.ast.parser.grammar.statements.VariableDeclaratorsTest
[INFO] Running org.sonar.java.ast.parser.grammar.statements.LocalVariableDeclarationStatementTest
[INFO] Tests run: 1, Failures: 0, Errors: 0, Skipped: 0, Time elapsed: 0 s - in org.sonar.java.ast.parser.grammar.statements.LocalVariableDeclarationStatementTest
[INFO] Running org.sonar.java.bytecode.se.BytecodeEGWalkerExecuteTest
[INFO] Tests run: 73, Failures: 0, Errors: 0, Skipped: 0, Time elapsed: 0.489 s - in org.sonar.java.bytecode.se.BytecodeEGWalkerExecuteTest
[INFO] Running org.sonar.java.ast.parser.grammar.parameters.FormalParameterDeclsTest
[INFO] Tests run: 1, Failures: 0, Errors: 0, Skipped: 0, Time elapsed: 0.006 s - in org.sonar.java.ast.parser.grammar.parameters.FormalParameterDeclsTest
[INFO] Running org.sonar.java.resolve.SymbolTableTest
[INFO] Tests run: 74, Failures: 0, Errors: 0, Skipped: 0, Time elapsed: 1.49 s - in org.sonar.java.resolve.SymbolTableTest
[INFO] Running org.sonar.java.resolve.Java10SemanticTest
[INFO] Tests run: 14, Failures: 0, Errors: 0, Skipped: 0, Time elapsed: 0.161 s - in org.sonar.java.resolve.Java10SemanticTest
[INFO] Running org.sonar.java.se.symbolicvalues.SymbolicValueTest
[INFO] Tests run: 6, Failures: 0, Errors: 0, Skipped: 0, Time elapsed: 0.005 s - in org.sonar.java.se.symbolicvalues.SymbolicValueTest
[INFO] Running org.sonar.java.model.PackageUtilsTest
[INFO] Tests run: 4, Failures: 0, Errors: 0, Skipped: 0, Time elapsed: 0 s - in org.sonar.java.model.PackageUtilsTest
[INFO] Running org.sonar.java.bytecode.loader.SquidClassLoaderTest
[INFO] Tests run: 13, Failures: 0, Errors: 0, Skipped: 0, Time elapsed: 0.02 s - in org.sonar.java.bytecode.loader.SquidClassLoaderTest
[INFO] Running org.sonar.java.resolve.FlagsTest
[INFO] Tests run: 2, Failures: 0, Errors: 0, Skipped: 0, Time elapsed: 0.001 s - in org.sonar.java.resolve.FlagsTest
[INFO] Running org.sonar.java.se.CheckerDispatcherTest
[INFO] Tests run: 1, Failures: 0, Errors: 0, Skipped: 0, Time elapsed: 0.104 s - in org.sonar.java.se.CheckerDispatcherTest
[INFO] Running org.sonar.java.se.JavaCheckVerifierTest
13:12:59.528 INFO  org.sonar.squidbridge.ProgressReport - 1 source files to be analyzed
13:12:59.536 INFO  org.sonar.squidbridge.ProgressReport - 1 source files to be analyzed
13:12:59.550 INFO  org.sonar.squidbridge.ProgressReport - 1 source files to be analyzed
13:12:59.553 INFO  org.sonar.squidbridge.ProgressReport - 1/1 source files have been analyzed
13:12:59.570 INFO  org.sonar.squidbridge.ProgressReport - 1/1 source files have been analyzed
13:12:59.575 INFO  org.sonar.squidbridge.ProgressReport - 1 source files to be analyzed
13:12:59.581 INFO  org.sonar.squidbridge.ProgressReport - 1 source files to be analyzed
13:12:59.590 INFO  org.sonar.squidbridge.ProgressReport - 1 source files to be analyzed
13:12:59.608 INFO  org.sonar.squidbridge.ProgressReport - 1 source files to be analyzed
13:12:59.610 INFO  org.sonar.squidbridge.ProgressReport - 1/1 source files have been analyzed
13:12:59.622 INFO  org.sonar.squidbridge.ProgressReport - 1/1 source files have been analyzed
13:12:59.630 INFO  org.sonar.squidbridge.ProgressReport - 1 source files to be analyzed
13:12:59.644 INFO  org.sonar.squidbridge.ProgressReport - 1 source files to be analyzed
13:12:59.645 INFO  org.sonar.squidbridge.ProgressReport - 1/1 source files have been analyzed
13:12:59.654 INFO  org.sonar.squidbridge.ProgressReport - 1 source files to be analyzed
13:12:59.668 INFO  org.sonar.squidbridge.ProgressReport - 1 source files to be analyzed
13:12:59.670 INFO  org.sonar.squidbridge.ProgressReport - 1/1 source files have been analyzed
13:12:59.683 INFO  org.sonar.squidbridge.ProgressReport - 1/1 source files have been analyzed
13:12:59.697 INFO  org.sonar.squidbridge.ProgressReport - 1 source files to be analyzed
13:12:59.721 INFO  org.sonar.squidbridge.ProgressReport - 1/1 source files have been analyzed
13:12:59.737 INFO  org.sonar.squidbridge.ProgressReport - 1 source files to be analyzed
13:12:59.752 INFO  org.sonar.squidbridge.ProgressReport - 1 source files to be analyzed
13:12:59.754 INFO  org.sonar.squidbridge.ProgressReport - 1/1 source files have been analyzed
13:12:59.766 INFO  org.sonar.squidbridge.ProgressReport - 1/1 source files have been analyzed
13:12:59.771 INFO  org.sonar.squidbridge.ProgressReport - 1 source files to be analyzed
13:12:59.786 INFO  org.sonar.squidbridge.ProgressReport - 1/1 source files have been analyzed
13:12:59.791 INFO  org.sonar.squidbridge.ProgressReport - 1 source files to be analyzed
13:12:59.813 INFO  org.sonar.squidbridge.ProgressReport - 1/1 source files have been analyzed
13:12:59.826 INFO  org.sonar.squidbridge.ProgressReport - 1 source files to be analyzed
13:12:59.852 INFO  org.sonar.squidbridge.ProgressReport - 1/1 source files have been analyzed
13:12:59.860 INFO  org.sonar.squidbridge.ProgressReport - 1 source files to be analyzed
13:12:59.875 INFO  org.sonar.squidbridge.ProgressReport - 1/1 source files have been analyzed
13:12:59.880 INFO  org.sonar.squidbridge.ProgressReport - 1 source files to be analyzed
13:12:59.895 INFO  org.sonar.squidbridge.ProgressReport - 1/1 source files have been analyzed
13:12:59.901 INFO  org.sonar.squidbridge.ProgressReport - 1 source files to be analyzed
13:12:59.916 INFO  org.sonar.squidbridge.ProgressReport - 1/1 source files have been analyzed
13:12:59.921 INFO  org.sonar.squidbridge.ProgressReport - 1 source files to be analyzed
13:12:59.946 INFO  org.sonar.squidbridge.ProgressReport - 1/1 source files have been analyzed
13:12:59.952 INFO  org.sonar.squidbridge.ProgressReport - 1 source files to be analyzed
13:12:59.979 INFO  org.sonar.squidbridge.ProgressReport - 1 source files to be analyzed
13:12:59.979 INFO  org.sonar.squidbridge.ProgressReport - 1/1 source files have been analyzed
13:13:00.041 INFO  org.sonar.squidbridge.ProgressReport - 1/1 source files have been analyzed
13:13:00.050 INFO  org.sonar.squidbridge.ProgressReport - 1 source files to be analyzed
13:13:00.065 INFO  org.sonar.squidbridge.ProgressReport - 1 source files to be analyzed
13:13:00.067 INFO  org.sonar.squidbridge.ProgressReport - 1/1 source files have been analyzed
13:13:00.092 INFO  org.sonar.squidbridge.ProgressReport - 1/1 source files have been analyzed
13:13:00.098 INFO  org.sonar.squidbridge.ProgressReport - 1 source files to be analyzed
13:13:00.108 INFO  org.sonar.squidbridge.ProgressReport - 1/1 source files have been analyzed
13:13:00.122 INFO  org.sonar.squidbridge.ProgressReport - 1 source files to be analyzed
13:13:00.134 INFO  org.sonar.squidbridge.ProgressReport - 1 source files to be analyzed
13:13:00.147 INFO  org.sonar.squidbridge.ProgressReport - 1/1 source files have been analyzed
13:13:00.153 INFO  org.sonar.squidbridge.ProgressReport - 1 source files to be analyzed
[INFO] Tests run: 30, Failures: 0, Errors: 0, Skipped: 0, Time elapsed: 0.643 s - in org.sonar.java.se.JavaCheckVerifierTest
[INFO] Running org.sonar.java.model.ModifiersUtilsTest
[INFO] Tests run: 3, Failures: 0, Errors: 0, Skipped: 0, Time elapsed: 0.007 s - in org.sonar.java.model.ModifiersUtilsTest
[INFO] Running org.sonar.java.resolve.LeastUpperBoundTest
[INFO] Tests run: 19, Failures: 0, Errors: 0, Skipped: 0, Time elapsed: 0.202 s - in org.sonar.java.resolve.LeastUpperBoundTest
[INFO] Running org.sonar.java.ast.parser.grammar.expressions.ExpressionTest
[INFO] Tests run: 3, Failures: 0, Errors: 0, Skipped: 0, Time elapsed: 0.013 s - in org.sonar.java.ast.parser.grammar.expressions.ExpressionTest
[INFO] Running org.sonar.java.ast.visitors.FileLinesVisitorTest
13:13:00.430 INFO  org.sonar.java.JavaSquid - Java Main Files AST scan
13:13:00.432 INFO  org.sonar.squidbridge.ProgressReport - 1 source files to be analyzed
13:13:00.443 INFO  org.sonar.java.JavaSquid - Java Main Files AST scan (done) | time=13ms
13:13:00.446 INFO  org.sonar.java.JavaSquid - Java Test Files AST scan
13:13:00.448 INFO  org.sonar.squidbridge.ProgressReport - 0 source files to be analyzed
13:13:00.450 INFO  org.sonar.squidbridge.ProgressReport - 1/1 source files have been analyzed
13:13:00.452 INFO  org.sonar.java.JavaSquid - Java Test Files AST scan (done) | time=6ms
13:13:00.466 INFO  org.sonar.java.JavaSquid - Java Main Files AST scan
13:13:00.468 INFO  org.sonar.squidbridge.ProgressReport - 0/0 source files have been analyzed
13:13:00.470 INFO  org.sonar.squidbridge.ProgressReport - 1 source files to be analyzed
13:13:00.541 INFO  org.sonar.java.JavaSquid - Java Main Files AST scan (done) | time=75ms
13:13:00.541 INFO  org.sonar.squidbridge.ProgressReport - 1/1 source files have been analyzed
13:13:00.544 INFO  org.sonar.java.JavaSquid - Java Test Files AST scan
13:13:00.547 INFO  org.sonar.squidbridge.ProgressReport - 0 source files to be analyzed
13:13:00.549 INFO  org.sonar.java.JavaSquid - Java Test Files AST scan (done) | time=5ms
13:13:00.554 INFO  org.sonar.java.JavaSquid - Java Main Files AST scan
13:13:00.554 INFO  org.sonar.squidbridge.ProgressReport - 1 source files to be analyzed
13:13:00.560 INFO  org.sonar.squidbridge.ProgressReport - 0/0 source files have been analyzed
13:13:00.625 INFO  org.sonar.java.JavaSquid - Java Main Files AST scan (done) | time=71ms
13:13:00.625 INFO  org.sonar.squidbridge.ProgressReport - 1/1 source files have been analyzed
13:13:00.640 INFO  org.sonar.java.JavaSquid - Java Test Files AST scan
13:13:00.644 INFO  org.sonar.squidbridge.ProgressReport - 0 source files to be analyzed
13:13:00.647 INFO  org.sonar.java.JavaSquid - Java Test Files AST scan (done) | time=8ms
13:13:00.650 INFO  org.sonar.java.JavaSquid - Java Main Files AST scan
13:13:00.650 INFO  org.sonar.squidbridge.ProgressReport - 1 source files to be analyzed
13:13:00.654 INFO  org.sonar.squidbridge.ProgressReport - 0/0 source files have been analyzed
13:13:00.672 INFO  org.sonar.java.JavaSquid - Java Main Files AST scan (done) | time=22ms
13:13:00.674 INFO  org.sonar.java.JavaSquid - Java Test Files AST scan
13:13:00.672 INFO  org.sonar.squidbridge.ProgressReport - 1/1 source files have been analyzed
13:13:00.679 INFO  org.sonar.squidbridge.ProgressReport - 0 source files to be analyzed
13:13:00.681 INFO  org.sonar.java.JavaSquid - Java Test Files AST scan (done) | time=7ms
13:13:00.694 INFO  org.sonar.squidbridge.ProgressReport - 0/0 source files have been analyzed
13:13:00.764 INFO  org.sonar.java.JavaSquid - Java Main Files AST scan
13:13:00.765 INFO  org.sonar.squidbridge.ProgressReport - 1 source files to be analyzed
13:13:00.780 INFO  org.sonar.java.JavaSquid - Java Main Files AST scan (done) | time=16ms
13:13:00.782 INFO  org.sonar.java.JavaSquid - Java Test Files AST scan
13:13:00.783 INFO  org.sonar.squidbridge.ProgressReport - 0 source files to be analyzed
13:13:00.786 INFO  org.sonar.java.JavaSquid - Java Test Files AST scan (done) | time=4ms
[INFO] Tests run: 4, Failures: 0, Errors: 0, Skipped: 0, Time elapsed: 0.386 s - in org.sonar.java.ast.visitors.FileLinesVisitorTest
[INFO] Running org.sonar.java.ast.parser.grammar.literals.StringLiteralTest
[INFO] Tests run: 2, Failures: 0, Errors: 0, Skipped: 0, Time elapsed: 0 s - in org.sonar.java.ast.parser.grammar.literals.StringLiteralTest
[INFO] Running org.sonar.java.model.declaration.ProvidesDirectiveTreeImplTest
13:13:00.794 INFO  org.sonar.squidbridge.ProgressReport - 1/1 source files have been analyzed
[INFO] Tests run: 2, Failures: 0, Errors: 0, Skipped: 0, Time elapsed: 0.012 s - in org.sonar.java.model.declaration.ProvidesDirectiveTreeImplTest
[INFO] Running org.sonar.java.ast.parser.grammar.statements.DoStatementTest
13:13:00.808 INFO  org.sonar.squidbridge.ProgressReport - 0/0 source files have been analyzed
[INFO] Tests run: 1, Failures: 0, Errors: 0, Skipped: 0, Time elapsed: 0.011 s - in org.sonar.java.ast.parser.grammar.statements.DoStatementTest
[INFO] Running org.sonar.java.ast.parser.grammar.statements.TryStatementTest
[INFO] Tests run: 4, Failures: 0, Errors: 0, Skipped: 0, Time elapsed: 0.024 s - in org.sonar.java.ast.parser.grammar.statements.TryStatementTest
[INFO] Running org.sonar.java.bytecode.cfg.BytecodeCFGBuilderTest
[INFO] Tests run: 12, Failures: 0, Errors: 0, Skipped: 0, Time elapsed: 0.563 s - in org.sonar.java.bytecode.cfg.BytecodeCFGBuilderTest
[INFO] Running org.sonar.java.ast.parser.grammar.statements.ForStatementTest
[INFO] Tests run: 1, Failures: 0, Errors: 0, Skipped: 0, Time elapsed: 0.007 s - in org.sonar.java.ast.parser.grammar.statements.ForStatementTest
[INFO] Running org.sonar.java.se.checks.RedundantAssignmentsCheckTest
13:13:01.439 INFO  org.sonar.squidbridge.ProgressReport - 1 source files to be analyzed
[INFO] Tests run: 1, Failures: 0, Errors: 0, Skipped: 0, Time elapsed: 0.041 s - in org.sonar.java.se.checks.RedundantAssignmentsCheckTest
[INFO] Running org.sonar.java.ast.api.JavaRestrictedKeywordTest
[INFO] Tests run: 1, Failures: 0, Errors: 0, Skipped: 0, Time elapsed: 0.001 s - in org.sonar.java.ast.api.JavaRestrictedKeywordTest
[INFO] Running org.sonar.java.ast.parser.grammar.parameters.FormalParametersTest
13:13:01.474 INFO  org.sonar.squidbridge.ProgressReport - 1/1 source files have been analyzed
[INFO] Tests run: 1, Failures: 0, Errors: 0, Skipped: 0, Time elapsed: 0.005 s - in org.sonar.java.ast.parser.grammar.parameters.FormalParametersTest
[INFO] Running org.sonar.java.ast.parser.grammar.parameters.FormalParameterTest
[INFO] Tests run: 1, Failures: 0, Errors: 0, Skipped: 0, Time elapsed: 0.004 s - in org.sonar.java.ast.parser.grammar.parameters.FormalParameterTest
[INFO] Running org.sonar.java.ast.parser.grammar.literals.RestrictedKeywordTest
[INFO] Tests run: 1, Failures: 0, Errors: 0, Skipped: 0, Time elapsed: 0.003 s - in org.sonar.java.ast.parser.grammar.literals.RestrictedKeywordTest
[INFO] Running org.sonar.java.CommonsCollectionsTest
13:13:01.519 INFO  org.sonar.java.JavaSquid - Java Main Files AST scan
13:13:01.522 INFO  org.sonar.squidbridge.ProgressReport - 273 source files to be analyzed
13:13:06.202 INFO  org.sonar.squidbridge.ProgressReport - 273/273 source files have been analyzed
13:13:06.204 INFO  org.sonar.java.JavaSquid - Java Main Files AST scan (done) | time=4685ms
13:13:06.206 INFO  org.sonar.java.JavaSquid - Java Test Files AST scan
13:13:06.207 INFO  org.sonar.squidbridge.ProgressReport - 0 source files to be analyzed
13:13:06.211 INFO  org.sonar.java.JavaSquid - Java Test Files AST scan (done) | time=5ms
[INFO] Tests run: 1, Failures: 0, Errors: 0, Skipped: 0, Time elapsed: 4.715 s - in org.sonar.java.CommonsCollectionsTest
[INFO] Running org.sonar.java.JavaSquidTest
13:13:06.235 INFO  org.sonar.squidbridge.ProgressReport - 0/0 source files have been analyzed
13:13:06.237 INFO  org.sonar.java.JavaSquid - Java Main Files AST scan
13:13:06.239 INFO  org.sonar.squidbridge.ProgressReport - 1 source files to be analyzed
13:13:06.251 ERROR org.sonar.java.model.VisitorsBridge - Unable to create symbol table for : /tmp/junit3062919253101836797/junit8313923248526066299.tmp
java.lang.IllegalStateException: Registering class 2 times : A
	at com.google.common.base.Preconditions.checkState(Preconditions.java:199) ~[guava-19.0.jar:na]
	at org.sonar.java.resolve.BytecodeCompleter.registerClass(BytecodeCompleter.java:66) ~[classes/:na]
	at org.sonar.java.resolve.Resolve.registerClass(Resolve.java:85) ~[classes/:na]
	at org.sonar.java.resolve.FirstPass.visitClass(FirstPass.java:234) ~[classes/:na]
	at org.sonar.java.model.declaration.ClassTreeImpl.accept(ClassTreeImpl.java:202) ~[classes/:na]
	at org.sonar.plugins.java.api.tree.BaseTreeVisitor.scan(BaseTreeVisitor.java:40) ~[classes/:na]
	at org.sonar.plugins.java.api.tree.BaseTreeVisitor.scan(BaseTreeVisitor.java:34) ~[classes/:na]
	at org.sonar.java.resolve.FirstPass.visitCompilationUnit(FirstPass.java:126) ~[classes/:na]
	at org.sonar.java.resolve.SemanticModel.createFor(SemanticModel.java:65) ~[classes/:na]
	at org.sonar.java.model.VisitorsBridge.visitFile(VisitorsBridge.java:110) ~[classes/:na]
	at org.sonar.java.ast.JavaAstScanner.simpleScan(JavaAstScanner.java:96) [classes/:na]
	at org.sonar.java.ast.JavaAstScanner.scan(JavaAstScanner.java:68) [classes/:na]
	at org.sonar.java.JavaSquid.scanSources(JavaSquid.java:116) [classes/:na]
	at org.sonar.java.JavaSquid.scan(JavaSquid.java:110) [classes/:na]
	at org.sonar.java.JavaSquidTest.setupAnalysisError(JavaSquidTest.java:177) [test-classes/:na]
	at org.sonar.java.JavaSquidTest.semantic_errors_should_be_reported_to_sonarlint(JavaSquidTest.java:152) [test-classes/:na]
	at sun.reflect.NativeMethodAccessorImpl.invoke0(Native Method) ~[na:1.8.0_151]
	at sun.reflect.NativeMethodAccessorImpl.invoke(NativeMethodAccessorImpl.java:62) ~[na:1.8.0_151]
	at sun.reflect.DelegatingMethodAccessorImpl.invoke(DelegatingMethodAccessorImpl.java:43) ~[na:1.8.0_151]
	at java.lang.reflect.Method.invoke(Method.java:498) ~[na:1.8.0_151]
	at org.junit.runners.model.FrameworkMethod$1.runReflectiveCall(FrameworkMethod.java:50) [junit-4.12.jar:4.12]
	at org.junit.internal.runners.model.ReflectiveCallable.run(ReflectiveCallable.java:12) [junit-4.12.jar:4.12]
	at org.junit.runners.model.FrameworkMethod.invokeExplosively(FrameworkMethod.java:47) [junit-4.12.jar:4.12]
	at org.junit.internal.runners.statements.InvokeMethod.evaluate(InvokeMethod.java:17) [junit-4.12.jar:4.12]
	at org.junit.rules.ExternalResource$1.evaluate(ExternalResource.java:48) [junit-4.12.jar:4.12]
	at org.junit.rules.RunRules.evaluate(RunRules.java:20) [junit-4.12.jar:4.12]
	at org.junit.runners.ParentRunner.runLeaf(ParentRunner.java:325) [junit-4.12.jar:4.12]
	at org.junit.runners.BlockJUnit4ClassRunner.runChild(BlockJUnit4ClassRunner.java:78) [junit-4.12.jar:4.12]
	at org.junit.runners.BlockJUnit4ClassRunner.runChild(BlockJUnit4ClassRunner.java:57) [junit-4.12.jar:4.12]
	at org.junit.runners.ParentRunner$3.run(ParentRunner.java:290) [junit-4.12.jar:4.12]
	at org.junit.runners.ParentRunner$1.schedule(ParentRunner.java:71) [junit-4.12.jar:4.12]
	at org.junit.runners.ParentRunner.runChildren(ParentRunner.java:288) [junit-4.12.jar:4.12]
	at org.junit.runners.ParentRunner.access$000(ParentRunner.java:58) [junit-4.12.jar:4.12]
	at org.junit.runners.ParentRunner$2.evaluate(ParentRunner.java:268) [junit-4.12.jar:4.12]
	at org.junit.runners.ParentRunner.run(ParentRunner.java:363) [junit-4.12.jar:4.12]
	at org.apache.maven.surefire.junit4.JUnit4Provider.execute(JUnit4Provider.java:369) [surefire-junit4-2.20.1.jar:2.20.1]
	at org.apache.maven.surefire.junit4.JUnit4Provider.executeWithRerun(JUnit4Provider.java:275) [surefire-junit4-2.20.1.jar:2.20.1]
	at org.apache.maven.surefire.junit4.JUnit4Provider.executeTestSet(JUnit4Provider.java:239) [surefire-junit4-2.20.1.jar:2.20.1]
	at org.apache.maven.surefire.junit4.JUnit4Provider.invoke(JUnit4Provider.java:160) [surefire-junit4-2.20.1.jar:2.20.1]
	at org.apache.maven.surefire.booter.ForkedBooter.invokeProviderInSameClassLoader(ForkedBooter.java:373) [surefire-booter-2.20.1.jar:2.20.1]
	at org.apache.maven.surefire.booter.ForkedBooter.runSuitesInProcess(ForkedBooter.java:334) [surefire-booter-2.20.1.jar:2.20.1]
	at org.apache.maven.surefire.booter.ForkedBooter.execute(ForkedBooter.java:119) [surefire-booter-2.20.1.jar:2.20.1]
	at org.apache.maven.surefire.booter.ForkedBooter.main(ForkedBooter.java:407) [surefire-booter-2.20.1.jar:2.20.1]
13:13:06.264 INFO  org.sonar.java.JavaSquid - Java Main Files AST scan (done) | time=29ms
13:13:06.264 INFO  org.sonar.java.JavaSquid - Java Test Files AST scan
13:13:06.264 INFO  org.sonar.squidbridge.ProgressReport - 0 source files to be analyzed
13:13:06.264 INFO  org.sonar.squidbridge.ProgressReport - 1/1 source files have been analyzed
13:13:06.279 INFO  org.sonar.java.JavaSquid - Java Test Files AST scan (done) | time=15ms
13:13:06.282 INFO  org.sonar.java.JavaSquid - Java Main Files AST scan
13:13:06.282 INFO  org.sonar.squidbridge.ProgressReport - 1 source files to be analyzed
13:13:06.282 INFO  org.sonar.squidbridge.ProgressReport - 0/0 source files have been analyzed
13:13:06.282 ERROR org.sonar.java.ast.JavaAstScanner - Unable to parse source file : /tmp/junit7509638800439650444/junit2420712491509557769.tmp
13:13:06.283 ERROR org.sonar.java.ast.JavaAstScanner - Parse error at line 1 column 10:

1: class A {
            ^

13:13:06.283 INFO  org.sonar.java.JavaSquid - Java Main Files AST scan (done) | time=1ms
13:13:06.283 INFO  org.sonar.java.JavaSquid - Java Test Files AST scan
13:13:06.283 INFO  org.sonar.squidbridge.ProgressReport - 0 source files to be analyzed
13:13:06.283 INFO  org.sonar.squidbridge.ProgressReport - 1/1 source files have been analyzed
13:13:06.288 INFO  org.sonar.java.JavaSquid - Java Test Files AST scan (done) | time=5ms
13:13:06.291 INFO  org.sonar.java.JavaSquid - Java Main Files AST scan
13:13:06.291 INFO  org.sonar.squidbridge.ProgressReport - 1 source files to be analyzed
13:13:06.291 INFO  org.sonar.squidbridge.ProgressReport - 0/0 source files have been analyzed
13:13:06.313 INFO  org.sonar.java.JavaSquid - Java Main Files AST scan (done) | time=22ms
13:13:06.313 INFO  org.sonar.java.JavaSquid - Java Test Files AST scan
13:13:06.313 INFO  org.sonar.squidbridge.ProgressReport - 0 source files to be analyzed
13:13:06.314 INFO  org.sonar.squidbridge.ProgressReport - 1/1 source files have been analyzed
13:13:06.327 INFO  org.sonar.java.JavaSquid - Java Test Files AST scan (done) | time=14ms
13:13:06.342 INFO  org.sonar.squidbridge.ProgressReport - 0/0 source files have been analyzed
13:13:06.360 INFO  org.sonar.java.JavaSquid - Java Main Files AST scan
13:13:06.361 INFO  org.sonar.squidbridge.ProgressReport - 1 source files to be analyzed
13:13:06.364 ERROR org.sonar.java.ast.JavaAstScanner - Unable to parse source file : /tmp/junit3531776149001194656/junit5047812713824157231.tmp
13:13:06.364 ERROR org.sonar.java.ast.JavaAstScanner - Parse error at line 6 column 1:

1: /***/
2: class A {
3:  String foo() {
4:   return foo();
5:  }
6: 
   ^

13:13:06.365 INFO  org.sonar.java.JavaSquid - Java Main Files AST scan (done) | time=5ms
13:13:06.365 INFO  org.sonar.java.JavaSquid - Java Test Files AST scan
13:13:06.366 INFO  org.sonar.squidbridge.ProgressReport - 0 source files to be analyzed
13:13:06.366 INFO  org.sonar.squidbridge.ProgressReport - 1/1 source files have been analyzed
13:13:06.387 INFO  org.sonar.java.JavaSquid - Java Test Files AST scan (done) | time=22ms
13:13:06.387 INFO  org.sonar.squidbridge.ProgressReport - 0/0 source files have been analyzed
13:13:06.390 INFO  org.sonar.java.JavaSquid - Java Main Files AST scan
13:13:06.390 INFO  org.sonar.squidbridge.ProgressReport - 1 source files to be analyzed
13:13:06.405 ERROR org.sonar.java.model.VisitorsBridge - Unable to create symbol table for : /tmp/junit451728162873192573/junit7815469069896049229.tmp
java.lang.IllegalStateException: Registering class 2 times : A
	at com.google.common.base.Preconditions.checkState(Preconditions.java:199) ~[guava-19.0.jar:na]
	at org.sonar.java.resolve.BytecodeCompleter.registerClass(BytecodeCompleter.java:66) ~[classes/:na]
	at org.sonar.java.resolve.Resolve.registerClass(Resolve.java:85) ~[classes/:na]
	at org.sonar.java.resolve.FirstPass.visitClass(FirstPass.java:234) ~[classes/:na]
	at org.sonar.java.model.declaration.ClassTreeImpl.accept(ClassTreeImpl.java:202) ~[classes/:na]
	at org.sonar.plugins.java.api.tree.BaseTreeVisitor.scan(BaseTreeVisitor.java:40) ~[classes/:na]
	at org.sonar.plugins.java.api.tree.BaseTreeVisitor.scan(BaseTreeVisitor.java:34) ~[classes/:na]
	at org.sonar.java.resolve.FirstPass.visitCompilationUnit(FirstPass.java:126) ~[classes/:na]
	at org.sonar.java.resolve.SemanticModel.createFor(SemanticModel.java:65) ~[classes/:na]
	at org.sonar.java.model.VisitorsBridge.visitFile(VisitorsBridge.java:110) ~[classes/:na]
	at org.sonar.java.ast.JavaAstScanner.simpleScan(JavaAstScanner.java:96) [classes/:na]
	at org.sonar.java.ast.JavaAstScanner.scan(JavaAstScanner.java:68) [classes/:na]
	at org.sonar.java.JavaSquid.scanSources(JavaSquid.java:116) [classes/:na]
	at org.sonar.java.JavaSquid.scan(JavaSquid.java:110) [classes/:na]
	at org.sonar.java.JavaSquidTest.collectAnalysisErrors(JavaSquidTest.java:138) [test-classes/:na]
	at org.sonar.java.JavaSquidTest.verify_analysis_errors_are_collected_on_semantic_error(JavaSquidTest.java:110) [test-classes/:na]
	at sun.reflect.NativeMethodAccessorImpl.invoke0(Native Method) ~[na:1.8.0_151]
	at sun.reflect.NativeMethodAccessorImpl.invoke(NativeMethodAccessorImpl.java:62) ~[na:1.8.0_151]
	at sun.reflect.DelegatingMethodAccessorImpl.invoke(DelegatingMethodAccessorImpl.java:43) ~[na:1.8.0_151]
	at java.lang.reflect.Method.invoke(Method.java:498) ~[na:1.8.0_151]
	at org.junit.runners.model.FrameworkMethod$1.runReflectiveCall(FrameworkMethod.java:50) [junit-4.12.jar:4.12]
	at org.junit.internal.runners.model.ReflectiveCallable.run(ReflectiveCallable.java:12) [junit-4.12.jar:4.12]
	at org.junit.runners.model.FrameworkMethod.invokeExplosively(FrameworkMethod.java:47) [junit-4.12.jar:4.12]
	at org.junit.internal.runners.statements.InvokeMethod.evaluate(InvokeMethod.java:17) [junit-4.12.jar:4.12]
	at org.junit.rules.ExternalResource$1.evaluate(ExternalResource.java:48) [junit-4.12.jar:4.12]
	at org.junit.rules.RunRules.evaluate(RunRules.java:20) [junit-4.12.jar:4.12]
	at org.junit.runners.ParentRunner.runLeaf(ParentRunner.java:325) [junit-4.12.jar:4.12]
	at org.junit.runners.BlockJUnit4ClassRunner.runChild(BlockJUnit4ClassRunner.java:78) [junit-4.12.jar:4.12]
	at org.junit.runners.BlockJUnit4ClassRunner.runChild(BlockJUnit4ClassRunner.java:57) [junit-4.12.jar:4.12]
	at org.junit.runners.ParentRunner$3.run(ParentRunner.java:290) [junit-4.12.jar:4.12]
	at org.junit.runners.ParentRunner$1.schedule(ParentRunner.java:71) [junit-4.12.jar:4.12]
	at org.junit.runners.ParentRunner.runChildren(ParentRunner.java:288) [junit-4.12.jar:4.12]
	at org.junit.runners.ParentRunner.access$000(ParentRunner.java:58) [junit-4.12.jar:4.12]
	at org.junit.runners.ParentRunner$2.evaluate(ParentRunner.java:268) [junit-4.12.jar:4.12]
	at org.junit.runners.ParentRunner.run(ParentRunner.java:363) [junit-4.12.jar:4.12]
	at org.apache.maven.surefire.junit4.JUnit4Provider.execute(JUnit4Provider.java:369) [surefire-junit4-2.20.1.jar:2.20.1]
	at org.apache.maven.surefire.junit4.JUnit4Provider.executeWithRerun(JUnit4Provider.java:275) [surefire-junit4-2.20.1.jar:2.20.1]
	at org.apache.maven.surefire.junit4.JUnit4Provider.executeTestSet(JUnit4Provider.java:239) [surefire-junit4-2.20.1.jar:2.20.1]
	at org.apache.maven.surefire.junit4.JUnit4Provider.invoke(JUnit4Provider.java:160) [surefire-junit4-2.20.1.jar:2.20.1]
	at org.apache.maven.surefire.booter.ForkedBooter.invokeProviderInSameClassLoader(ForkedBooter.java:373) [surefire-booter-2.20.1.jar:2.20.1]
	at org.apache.maven.surefire.booter.ForkedBooter.runSuitesInProcess(ForkedBooter.java:334) [surefire-booter-2.20.1.jar:2.20.1]
	at org.apache.maven.surefire.booter.ForkedBooter.execute(ForkedBooter.java:119) [surefire-booter-2.20.1.jar:2.20.1]
	at org.apache.maven.surefire.booter.ForkedBooter.main(ForkedBooter.java:407) [surefire-booter-2.20.1.jar:2.20.1]
13:13:06.406 INFO  org.sonar.java.JavaSquid - Java Main Files AST scan (done) | time=16ms
13:13:06.406 INFO  org.sonar.squidbridge.ProgressReport - 1/1 source files have been analyzed
13:13:06.406 INFO  org.sonar.java.JavaSquid - Java Test Files AST scan
13:13:06.406 INFO  org.sonar.squidbridge.ProgressReport - 0 source files to be analyzed
13:13:06.423 INFO  org.sonar.java.JavaSquid - Java Test Files AST scan (done) | time=17ms
[INFO] Tests run: 5, Failures: 0, Errors: 0, Skipped: 0, Time elapsed: 0.197 s - in org.sonar.java.JavaSquidTest
[INFO] Running org.sonar.java.ast.api.JavaPunctuatorTest
[INFO] Tests run: 1, Failures: 0, Errors: 0, Skipped: 0, Time elapsed: 0 s - in org.sonar.java.ast.api.JavaPunctuatorTest
[INFO] Running org.sonar.java.ast.parser.grammar.statements.StatementTest
[INFO] Tests run: 1, Failures: 0, Errors: 0, Skipped: 0, Time elapsed: 0.007 s - in org.sonar.java.ast.parser.grammar.statements.StatementTest
[INFO] Running org.sonar.java.model.TestDefaultJavaFileScannerContextWithSensorContextTester
13:13:06.441 INFO  org.sonar.squidbridge.ProgressReport - 0/0 source files have been analyzed
[INFO] Tests run: 3, Failures: 0, Errors: 0, Skipped: 0, Time elapsed: 0.058 s - in org.sonar.java.model.TestDefaultJavaFileScannerContextWithSensorContextTester
[INFO] Running org.sonar.plugins.java.api.LocationTest
[INFO] Tests run: 3, Failures: 0, Errors: 0, Skipped: 0, Time elapsed: 0.014 s - in org.sonar.plugins.java.api.LocationTest
[INFO] Running org.sonar.java.resolve.GenericsTest
[INFO] Tests run: 27, Failures: 0, Errors: 0, Skipped: 0, Time elapsed: 0.493 s - in org.sonar.java.resolve.GenericsTest
[INFO] Running org.sonar.java.se.checks.FlowComputationTest
13:13:07.033 INFO  org.sonar.squidbridge.ProgressReport - 1 source files to be analyzed
13:13:07.045 INFO  org.sonar.squidbridge.ProgressReport - 1/1 source files have been analyzed
13:13:07.050 INFO  org.sonar.squidbridge.ProgressReport - 1 source files to be analyzed
13:13:07.066 INFO  org.sonar.squidbridge.ProgressReport - 1/1 source files have been analyzed
13:13:07.070 INFO  org.sonar.squidbridge.ProgressReport - 1 source files to be analyzed
13:13:07.093 INFO  org.sonar.squidbridge.ProgressReport - 1/1 source files have been analyzed
13:13:07.098 INFO  org.sonar.squidbridge.ProgressReport - 1 source files to be analyzed
13:13:07.112 INFO  org.sonar.squidbridge.ProgressReport - 1/1 source files have been analyzed
13:13:07.117 INFO  org.sonar.squidbridge.ProgressReport - 1 source files to be analyzed
13:13:07.153 INFO  org.sonar.squidbridge.ProgressReport - 1/1 source files have been analyzed
13:13:07.158 INFO  org.sonar.squidbridge.ProgressReport - 1 source files to be analyzed
13:13:07.179 INFO  org.sonar.squidbridge.ProgressReport - 1/1 source files have been analyzed
13:13:07.185 INFO  org.sonar.squidbridge.ProgressReport - 1 source files to be analyzed
13:13:07.232 INFO  org.sonar.squidbridge.ProgressReport - 1/1 source files have been analyzed
13:13:07.246 INFO  org.sonar.squidbridge.ProgressReport - 1 source files to be analyzed
13:13:07.296 INFO  org.sonar.squidbridge.ProgressReport - 1/1 source files have been analyzed
13:13:07.303 INFO  org.sonar.squidbridge.ProgressReport - 1 source files to be analyzed
13:13:07.321 INFO  org.sonar.squidbridge.ProgressReport - 1/1 source files have been analyzed
13:13:07.331 INFO  org.sonar.squidbridge.ProgressReport - 1 source files to be analyzed
13:13:07.349 INFO  org.sonar.squidbridge.ProgressReport - 1/1 source files have been analyzed
13:13:07.362 INFO  org.sonar.squidbridge.ProgressReport - 1 source files to be analyzed
13:13:07.380 INFO  org.sonar.squidbridge.ProgressReport - 1/1 source files have been analyzed
13:13:07.386 INFO  org.sonar.squidbridge.ProgressReport - 1 source files to be analyzed
13:13:07.407 INFO  org.sonar.squidbridge.ProgressReport - 1/1 source files have been analyzed
13:13:07.415 INFO  org.sonar.squidbridge.ProgressReport - 1 source files to be analyzed
13:13:07.465 INFO  org.sonar.squidbridge.ProgressReport - 1/1 source files have been analyzed
13:13:07.471 INFO  org.sonar.squidbridge.ProgressReport - 1 source files to be analyzed
13:13:07.504 INFO  org.sonar.squidbridge.ProgressReport - 1/1 source files have been analyzed
13:13:07.515 INFO  org.sonar.squidbridge.ProgressReport - 1 source files to be analyzed
13:13:07.547 INFO  org.sonar.squidbridge.ProgressReport - 1/1 source files have been analyzed
13:13:07.551 DEBUG o.s.java.bytecode.ClassLoaderBuilder - ----- Classpath analyzed by Squid:
13:13:07.554 DEBUG o.s.java.bytecode.ClassLoaderBuilder - /home/travis/build/SonarSource/sonar-java/java-frontend/target/test-jars/hibernate-jpa-2.0-api-1.0.1.Final.jar
13:13:07.558 DEBUG o.s.java.bytecode.ClassLoaderBuilder - /home/travis/build/SonarSource/sonar-java/java-frontend/target/test-jars/jsr305-1.3.9.jar
13:13:07.562 DEBUG o.s.java.bytecode.ClassLoaderBuilder - /home/travis/build/SonarSource/sonar-java/java-frontend/target/test-jars/annotations-3.0.0.jar
13:13:07.567 DEBUG o.s.java.bytecode.ClassLoaderBuilder - /home/travis/build/SonarSource/sonar-java/java-frontend/target/test-jars/annotations-13.0.jar
13:13:07.567 DEBUG o.s.java.bytecode.ClassLoaderBuilder - /home/travis/build/SonarSource/sonar-java/java-frontend/target/test-jars/lombok-1.16.4.jar
13:13:07.567 DEBUG o.s.java.bytecode.ClassLoaderBuilder - /home/travis/build/SonarSource/sonar-java/java-frontend/target/test-jars/org.eclipse.jdt.annotation-2.1.100.jar
13:13:07.567 DEBUG o.s.java.bytecode.ClassLoaderBuilder - /home/travis/build/SonarSource/sonar-java/java-frontend/target/test-jars/javaee-api-7.0.jar
13:13:07.567 DEBUG o.s.java.bytecode.ClassLoaderBuilder - /home/travis/build/SonarSource/sonar-java/java-frontend/target/test-jars/commons-lang3-3.5.jar
13:13:07.568 DEBUG o.s.java.bytecode.ClassLoaderBuilder - /home/travis/build/SonarSource/sonar-java/java-frontend/target/test-jars/commons-lang-2.6.jar
13:13:07.568 DEBUG o.s.java.bytecode.ClassLoaderBuilder - /home/travis/build/SonarSource/sonar-java/java-frontend/target/test-jars/guava-20.0.jar
13:13:07.568 DEBUG o.s.java.bytecode.ClassLoaderBuilder - /home/travis/build/SonarSource/sonar-java/java-frontend/target/test-jars/commons-collections-3.2.1.jar
13:13:07.568 DEBUG o.s.java.bytecode.ClassLoaderBuilder - /home/travis/build/SonarSource/sonar-java/java-frontend/target/test-jars/commons-collections4-4.1.jar
13:13:07.568 DEBUG o.s.java.bytecode.ClassLoaderBuilder - /home/travis/build/SonarSource/sonar-java/java-frontend/target/test-jars/log4j-core-2.3.jar
13:13:07.568 DEBUG o.s.java.bytecode.ClassLoaderBuilder - /home/travis/build/SonarSource/sonar-java/java-frontend/target/test-jars/spring-core-4.3.8.RELEASE.jar
13:13:07.568 DEBUG o.s.java.bytecode.ClassLoaderBuilder - /home/travis/build/SonarSource/sonar-java/java-frontend/target/test-jars/spring-jdbc-5.0.7.RELEASE.jar
13:13:07.568 DEBUG o.s.java.bytecode.ClassLoaderBuilder - /home/travis/build/SonarSource/sonar-java/java-frontend/target/test-jars/junit-jupiter-api-5.0.0-M4.jar
13:13:07.568 DEBUG o.s.java.bytecode.ClassLoaderBuilder - /home/travis/build/SonarSource/sonar-java/java-frontend/target/test-jars/aspectjtools-1.8.10.jar
13:13:07.569 DEBUG o.s.java.bytecode.ClassLoaderBuilder - /home/travis/build/SonarSource/sonar-java/java-frontend/target/test-jars/javax.servlet-api-3.1.0.jar
13:13:07.569 DEBUG o.s.java.bytecode.ClassLoaderBuilder - /home/travis/build/SonarSource/sonar-java/java-frontend/target/test-jars/spring-web-5.0.4.RELEASE.jar
13:13:07.569 DEBUG o.s.java.bytecode.ClassLoaderBuilder - /home/travis/build/SonarSource/sonar-java/java-frontend/target/test-jars/spring-context-5.0.4.RELEASE.jar
13:13:07.569 DEBUG o.s.java.bytecode.ClassLoaderBuilder - /home/travis/build/SonarSource/sonar-java/java-frontend/target/test-classes
13:13:07.569 DEBUG o.s.java.bytecode.ClassLoaderBuilder - -----
13:13:07.572 INFO  org.sonar.squidbridge.ProgressReport - 1 source files to be analyzed
13:13:07.639 DEBUG o.s.j.b.loader.SquidClassLoader - .class not found for Object
13:13:07.640 DEBUG o.s.j.b.loader.SquidClassLoader - .class not found for java.lang.package-info
13:13:07.640 DEBUG o.s.j.b.loader.SquidClassLoader - .class not found for java.lang.Synthetic$Object
13:13:07.640 DEBUG o.s.j.b.loader.SquidClassLoader - .class not found for Object
13:13:07.640 DEBUG o.s.j.b.loader.SquidClassLoader - .class not found for java.lang.Synthetic$Object
13:13:07.640 DEBUG o.s.j.b.loader.SquidClassLoader - .class not found for Object
13:13:07.640 DEBUG o.s.j.b.loader.SquidClassLoader - .class not found for java.lang.Synthetic$Object
13:13:07.640 DEBUG o.s.j.b.loader.SquidClassLoader - .class not found for System
13:13:07.640 DEBUG o.s.j.b.loader.SquidClassLoader - .class not found for java.lang.Synthetic$System
13:13:07.641 DEBUG o.s.j.b.loader.SquidClassLoader - .class not found for System
13:13:07.641 DEBUG o.s.j.b.loader.SquidClassLoader - .class not found for java.lang.Synthetic$System
13:13:07.641 DEBUG o.s.j.b.loader.SquidClassLoader - .class not found for System
13:13:07.641 DEBUG o.s.j.b.loader.SquidClassLoader - .class not found for java.lang.Synthetic$System
13:13:07.641 DEBUG o.s.j.b.loader.SquidClassLoader - .class not found for System
13:13:07.641 DEBUG o.s.j.b.loader.SquidClassLoader - .class not found for java.lang.Synthetic$System
13:13:07.641 DEBUG o.s.j.b.loader.SquidClassLoader - .class not found for System
13:13:07.642 DEBUG o.s.j.b.loader.SquidClassLoader - .class not found for java.lang.Synthetic$System
13:13:07.642 DEBUG o.s.j.b.loader.SquidClassLoader - .class not found for System
13:13:07.642 DEBUG o.s.j.b.loader.SquidClassLoader - .class not found for java.lang.Synthetic$System
13:13:07.642 DEBUG o.s.j.b.loader.SquidClassLoader - .class not found for System
13:13:07.642 DEBUG o.s.j.b.loader.SquidClassLoader - .class not found for java.lang.Synthetic$System
13:13:07.645 DEBUG o.s.j.b.loader.SquidClassLoader - .class not found for System
13:13:07.645 DEBUG o.s.j.b.loader.SquidClassLoader - .class not found for java.lang.Synthetic$System
13:13:07.645 DEBUG o.s.j.b.loader.SquidClassLoader - .class not found for System
13:13:07.645 DEBUG o.s.j.b.loader.SquidClassLoader - .class not found for java.lang.Synthetic$System
13:13:07.646 DEBUG o.s.j.b.loader.SquidClassLoader - .class not found for System
13:13:07.646 DEBUG o.s.j.b.loader.SquidClassLoader - .class not found for java.lang.Synthetic$System
13:13:07.646 DEBUG o.s.j.b.loader.SquidClassLoader - .class not found for System
13:13:07.646 DEBUG o.s.j.b.loader.SquidClassLoader - .class not found for java.lang.Synthetic$System
13:13:07.646 DEBUG o.s.j.b.loader.SquidClassLoader - .class not found for System
13:13:07.646 DEBUG o.s.j.b.loader.SquidClassLoader - .class not found for java.lang.Synthetic$System
13:13:07.647 DEBUG o.s.j.b.loader.SquidClassLoader - .class not found for System
13:13:07.647 DEBUG o.s.j.b.loader.SquidClassLoader - .class not found for java.lang.Synthetic$System
13:13:07.647 DEBUG o.s.j.b.loader.SquidClassLoader - .class not found for System
13:13:07.647 DEBUG o.s.j.b.loader.SquidClassLoader - .class not found for java.lang.Synthetic$System
13:13:07.647 DEBUG o.s.j.b.loader.SquidClassLoader - .class not found for System
13:13:07.647 DEBUG o.s.j.b.loader.SquidClassLoader - .class not found for java.lang.Synthetic$System
13:13:07.647 DEBUG o.s.j.b.loader.SquidClassLoader - .class not found for System
13:13:07.648 DEBUG o.s.j.b.loader.SquidClassLoader - .class not found for java.lang.Synthetic$System
13:13:07.648 DEBUG o.s.j.b.loader.SquidClassLoader - .class not found for System
13:13:07.648 DEBUG o.s.j.b.loader.SquidClassLoader - .class not found for java.lang.Synthetic$System
13:13:07.648 DEBUG o.s.j.b.loader.SquidClassLoader - .class not found for System
13:13:07.648 DEBUG o.s.j.b.loader.SquidClassLoader - .class not found for java.lang.Synthetic$System
13:13:07.648 DEBUG o.s.j.b.loader.SquidClassLoader - .class not found for System
13:13:07.648 DEBUG o.s.j.b.loader.SquidClassLoader - .class not found for java.lang.Synthetic$System
13:13:07.649 DEBUG o.s.j.b.loader.SquidClassLoader - .class not found for A
13:13:07.649 DEBUG o.s.j.bytecode.se.BytecodeEGWalker - Method body not found: %s
13:13:07.650 DEBUG o.s.j.b.loader.SquidClassLoader - .class not found for java.io.package-info
13:13:08.114 INFO  org.sonar.squidbridge.ProgressReport - 1/1 source files have been analyzed
13:13:08.119 INFO  org.sonar.squidbridge.ProgressReport - 1 source files to be analyzed
13:13:08.143 INFO  org.sonar.squidbridge.ProgressReport - 1/1 source files have been analyzed
[INFO] Tests run: 18, Failures: 0, Errors: 0, Skipped: 0, Time elapsed: 1.119 s - in org.sonar.java.se.checks.FlowComputationTest
[INFO] Running org.sonar.java.bytecode.se.MethodLookupTest
[INFO] Tests run: 2, Failures: 0, Errors: 0, Skipped: 0, Time elapsed: 0.004 s - in org.sonar.java.bytecode.se.MethodLookupTest
[INFO] Running org.sonar.java.se.checks.SyntaxTreeNameFinderTest
[INFO] Tests run: 8, Failures: 0, Errors: 0, Skipped: 0, Time elapsed: 0.007 s - in org.sonar.java.se.checks.SyntaxTreeNameFinderTest
[INFO] Running org.sonar.java.ast.parser.grammar.statements.ResourceTest
[INFO] Tests run: 2, Failures: 0, Errors: 0, Skipped: 0, Time elapsed: 0.005 s - in org.sonar.java.ast.parser.grammar.statements.ResourceTest
[INFO] Running org.sonar.java.JavaTestClasspathTest
13:13:08.178 INFO  org.sonar.java.JavaTestClasspath - JavaTestClasspath initialization
13:13:08.180 WARN  org.sonar.java.JavaTestClasspath - Bytecode of dependencies was not provided for analysis of test files, you might end up with less precise results. Bytecode can be provided using sonar.java.test.libraries property
13:13:08.185 INFO  org.sonar.java.JavaTestClasspath - JavaTestClasspath initialization (done) | time=7ms
13:13:08.187 INFO  org.sonar.java.JavaTestClasspath - JavaTestClasspath initialization
13:13:08.189 INFO  org.sonar.java.JavaTestClasspath - JavaTestClasspath initialization (done) | time=2ms
13:13:08.191 INFO  org.sonar.java.JavaTestClasspath - JavaTestClasspath initialization
13:13:08.193 ERROR org.sonar.java.AbstractJavaClasspath - Invalid value for sonar.java.test.libraries
13:13:08.193 INFO  org.sonar.java.JavaTestClasspath - JavaTestClasspath initialization
13:13:08.193 INFO  org.sonar.java.JavaTestClasspath - JavaTestClasspath initialization (done) | time=0ms
[INFO] Tests run: 5, Failures: 0, Errors: 0, Skipped: 0, Time elapsed: 0.019 s - in org.sonar.java.JavaTestClasspathTest
[INFO] Running org.sonar.java.ast.parser.grammar.moduledirectives.ProvidesDirectiveTest
[INFO] Tests run: 1, Failures: 0, Errors: 0, Skipped: 0, Time elapsed: 0.011 s - in org.sonar.java.ast.parser.grammar.moduledirectives.ProvidesDirectiveTest
[INFO] Running org.sonar.java.ast.parser.grammar.statements.BreakStatementTest
[INFO] Tests run: 1, Failures: 0, Errors: 0, Skipped: 0, Time elapsed: 0.002 s - in org.sonar.java.ast.parser.grammar.statements.BreakStatementTest
[INFO] Running org.sonar.java.model.declaration.ClassTreeImplTest
[INFO] Tests run: 2, Failures: 0, Errors: 0, Skipped: 0, Time elapsed: 0.019 s - in org.sonar.java.model.declaration.ClassTreeImplTest
[INFO] Running org.sonar.java.ast.parser.grammar.statements.BlockStatementsTest
[INFO] Tests run: 1, Failures: 0, Errors: 0, Skipped: 0, Time elapsed: 0.007 s - in org.sonar.java.ast.parser.grammar.statements.BlockStatementsTest
[INFO] Running org.sonar.java.model.VisitorsBridgeTest
13:13:08.249 WARN  org.sonar.java.model.VisitorsBridge - Classes not found during the analysis : [NotFound00, NotFound01, NotFound02, NotFound03, NotFound04, NotFound05, NotFound06, NotFound07, NotFound08, NotFound09, NotFound10, NotFound11, NotFound12, NotFound13, NotFound14, NotFound15, NotFound16, NotFound17, NotFound18, NotFound19, NotFound20, NotFound21, NotFound22, NotFound23, NotFound24, NotFound25, NotFound26, NotFound27, NotFound28, NotFound29, NotFound30, NotFound31, NotFound32, NotFound33, NotFound34, NotFound35, NotFound36, NotFound37, NotFound38, NotFound39, NotFound40, NotFound41, NotFound42, NotFound43, NotFound44, NotFound45, NotFound46, NotFound47, NotFound48, NotFound49, ...]
13:13:08.263 ERROR org.sonar.java.model.VisitorsBridge - Unable to run check class org.sonar.java.model.VisitorsBridgeTest$$Lambda$670/693648398 -  on file , To help improve SonarJava, please report this problem to SonarSource : see https://www.sonarqube.org/community/
java.lang.NullPointerException: BimBadaboum
	at org.sonar.java.model.VisitorsBridgeTest.rethrow_exception_when_hidden_property_set_to_true(VisitorsBridgeTest.java:126) ~[test-classes/:na]
	at sun.reflect.NativeMethodAccessorImpl.invoke0(Native Method) ~[na:1.8.0_151]
	at sun.reflect.NativeMethodAccessorImpl.invoke(NativeMethodAccessorImpl.java:62) ~[na:1.8.0_151]
	at sun.reflect.DelegatingMethodAccessorImpl.invoke(DelegatingMethodAccessorImpl.java:43) ~[na:1.8.0_151]
	at java.lang.reflect.Method.invoke(Method.java:498) ~[na:1.8.0_151]
	at org.junit.runners.model.FrameworkMethod$1.runReflectiveCall(FrameworkMethod.java:50) ~[junit-4.12.jar:4.12]
	at org.junit.internal.runners.model.ReflectiveCallable.run(ReflectiveCallable.java:12) ~[junit-4.12.jar:4.12]
	at org.junit.runners.model.FrameworkMethod.invokeExplosively(FrameworkMethod.java:47) ~[junit-4.12.jar:4.12]
	at org.junit.internal.runners.statements.InvokeMethod.evaluate(InvokeMethod.java:17) ~[junit-4.12.jar:4.12]
	at org.junit.rules.ExternalResource$1.evaluate(ExternalResource.java:48) ~[junit-4.12.jar:4.12]
	at org.junit.rules.RunRules.evaluate(RunRules.java:20) ~[junit-4.12.jar:4.12]
	at org.junit.runners.ParentRunner.runLeaf(ParentRunner.java:325) ~[junit-4.12.jar:4.12]
	at org.junit.runners.BlockJUnit4ClassRunner.runChild(BlockJUnit4ClassRunner.java:78) ~[junit-4.12.jar:4.12]
	at org.junit.runners.BlockJUnit4ClassRunner.runChild(BlockJUnit4ClassRunner.java:57) ~[junit-4.12.jar:4.12]
	at org.junit.runners.ParentRunner$3.run(ParentRunner.java:290) ~[junit-4.12.jar:4.12]
	at org.junit.runners.ParentRunner$1.schedule(ParentRunner.java:71) ~[junit-4.12.jar:4.12]
	at org.junit.runners.ParentRunner.runChildren(ParentRunner.java:288) ~[junit-4.12.jar:4.12]
	at org.junit.runners.ParentRunner.access$000(ParentRunner.java:58) ~[junit-4.12.jar:4.12]
	at org.junit.runners.ParentRunner$2.evaluate(ParentRunner.java:268) ~[junit-4.12.jar:4.12]
	at org.junit.runners.ParentRunner.run(ParentRunner.java:363) ~[junit-4.12.jar:4.12]
	at org.apache.maven.surefire.junit4.JUnit4Provider.execute(JUnit4Provider.java:369) ~[surefire-junit4-2.20.1.jar:2.20.1]
	at org.apache.maven.surefire.junit4.JUnit4Provider.executeWithRerun(JUnit4Provider.java:275) ~[surefire-junit4-2.20.1.jar:2.20.1]
	at org.apache.maven.surefire.junit4.JUnit4Provider.executeTestSet(JUnit4Provider.java:239) ~[surefire-junit4-2.20.1.jar:2.20.1]
	at org.apache.maven.surefire.junit4.JUnit4Provider.invoke(JUnit4Provider.java:160) ~[surefire-junit4-2.20.1.jar:2.20.1]
	at org.apache.maven.surefire.booter.ForkedBooter.invokeProviderInSameClassLoader(ForkedBooter.java:373) ~[surefire-booter-2.20.1.jar:2.20.1]
	at org.apache.maven.surefire.booter.ForkedBooter.runSuitesInProcess(ForkedBooter.java:334) ~[surefire-booter-2.20.1.jar:2.20.1]
	at org.apache.maven.surefire.booter.ForkedBooter.execute(ForkedBooter.java:119) ~[surefire-booter-2.20.1.jar:2.20.1]
	at org.apache.maven.surefire.booter.ForkedBooter.main(ForkedBooter.java:407) ~[surefire-booter-2.20.1.jar:2.20.1]
[INFO] Tests run: 3, Failures: 0, Errors: 0, Skipped: 0, Time elapsed: 0.043 s - in org.sonar.java.model.VisitorsBridgeTest
[INFO] Running org.sonar.java.bytecode.cfg.InstructionsTest
[INFO] Tests run: 1, Failures: 0, Errors: 0, Skipped: 0, Time elapsed: 0 s - in org.sonar.java.bytecode.cfg.InstructionsTest
[INFO] Running org.sonar.java.ast.parser.grammar.statements.FinallyTest
[INFO] Tests run: 1, Failures: 0, Errors: 0, Skipped: 0, Time elapsed: 0.004 s - in org.sonar.java.ast.parser.grammar.statements.FinallyTest
[INFO] Running org.sonar.java.bytecode.cfg.BytecodeListingParserTest
[INFO] Tests run: 2, Failures: 0, Errors: 0, Skipped: 0, Time elapsed: 0.005 s - in org.sonar.java.bytecode.cfg.BytecodeListingParserTest
[INFO] Running org.sonar.java.model.declaration.UsesDirectiveTreeImplTest
[INFO] Tests run: 2, Failures: 0, Errors: 0, Skipped: 0, Time elapsed: 0.01 s - in org.sonar.java.model.declaration.UsesDirectiveTreeImplTest
[INFO] Running org.sonar.java.model.DefaultJavaFileScannerContextTest
[INFO] Tests run: 5, Failures: 0, Errors: 0, Skipped: 0, Time elapsed: 0.017 s - in org.sonar.java.model.DefaultJavaFileScannerContextTest
[INFO] Running org.sonar.java.ast.parser.grammar.units.PackageDeclarationTest
[INFO] Tests run: 1, Failures: 0, Errors: 0, Skipped: 0, Time elapsed: 0.003 s - in org.sonar.java.ast.parser.grammar.units.PackageDeclarationTest
[INFO] Running org.sonar.java.resolve.SafetyNetTest
[INFO] Tests run: 1, Failures: 0, Errors: 0, Skipped: 0, Time elapsed: 16.12 s - in org.sonar.java.resolve.SafetyNetTest
[INFO] Running org.sonar.java.resolve.TypesTest
[INFO] Tests run: 2, Failures: 0, Errors: 0, Skipped: 0, Time elapsed: 0.004 s - in org.sonar.java.resolve.TypesTest
[INFO] Running org.sonar.java.ast.parser.grammar.statements.SwitchBlockStatementGroupTest
[INFO] Tests run: 1, Failures: 0, Errors: 0, Skipped: 0, Time elapsed: 0.005 s - in org.sonar.java.ast.parser.grammar.statements.SwitchBlockStatementGroupTest
[INFO] Running org.sonar.java.cfg.CFGLoopTest
[INFO] Tests run: 14, Failures: 0, Errors: 0, Skipped: 0, Time elapsed: 0.017 s - in org.sonar.java.cfg.CFGLoopTest
[INFO] Running org.sonar.java.resolve.BytecodeCompleterTest
13:13:24.530 WARN  o.sonar.java.resolve.BytecodeVisitor - bridge method setSliderMinValue not marked as synthetic in class model42/PresentationModel42
13:13:24.533 WARN  o.sonar.java.resolve.BytecodeVisitor - bridge method setSliderMaxValue not marked as synthetic in class model42/PresentationModel42
13:13:24.536 WARN  o.sonar.java.resolve.BytecodeVisitor - bridge method setSliderValue not marked as synthetic in class model42/PresentationModel42
13:13:24.540 WARN  o.sonar.java.resolve.BytecodeVisitor - bridge method setSliderEnabled not marked as synthetic in class model42/PresentationModel42
13:13:24.543 WARN  o.sonar.java.resolve.BytecodeVisitor - bridge method setAutoSliderCheckboxSelected not marked as synthetic in class model42/PresentationModel42
13:13:24.545 WARN  o.sonar.java.resolve.BytecodeVisitor - bridge method setAutoSliderCheckboxEnabled not marked as synthetic in class model42/PresentationModel42
13:13:24.545 WARN  o.sonar.java.resolve.BytecodeVisitor - bridge method setAutoSliderLowerLimit not marked as synthetic in class model42/PresentationModel42
13:13:24.546 WARN  o.sonar.java.resolve.BytecodeVisitor - bridge method setAutoSliderUpperLimit not marked as synthetic in class model42/PresentationModel42
13:13:24.546 WARN  o.sonar.java.resolve.BytecodeVisitor - bridge method setDoPaintAutoSliderRange not marked as synthetic in class model42/PresentationModel42
13:13:24.546 WARN  o.sonar.java.resolve.BytecodeVisitor - bridge method setCpuLoadSetpointPercentage not marked as synthetic in class model42/PresentationModel42
13:13:24.546 WARN  o.sonar.java.resolve.BytecodeVisitor - bridge method setAdjustIntervalSeconds not marked as synthetic in class model42/PresentationModel42
13:13:24.546 WARN  o.sonar.java.resolve.BytecodeVisitor - bridge method setActualNumberOfWorkers not marked as synthetic in class model42/PresentationModel42
[INFO] Tests run: 41, Failures: 0, Errors: 0, Skipped: 0, Time elapsed: 0.188 s - in org.sonar.java.resolve.BytecodeCompleterTest
[INFO] Running org.sonar.java.se.checks.MapComputeIfAbsentOrPresentCheckTest
13:13:24.694 INFO  org.sonar.squidbridge.ProgressReport - 1 source files to be analyzed
13:13:24.782 INFO  org.sonar.squidbridge.ProgressReport - 1/1 source files have been analyzed
[INFO] Tests run: 1, Failures: 0, Errors: 0, Skipped: 0, Time elapsed: 0.097 s - in org.sonar.java.se.checks.MapComputeIfAbsentOrPresentCheckTest
[INFO] Running org.sonar.java.se.checks.UnclosedResourcesCheckTest
13:13:24.793 INFO  org.sonar.squidbridge.ProgressReport - 1 source files to be analyzed
13:13:24.837 INFO  org.sonar.squidbridge.ProgressReport - 1/1 source files have been analyzed
13:13:24.845 INFO  org.sonar.squidbridge.ProgressReport - 1 source files to be analyzed
13:13:24.865 INFO  org.sonar.squidbridge.ProgressReport - 1/1 source files have been analyzed
13:13:24.881 INFO  org.sonar.squidbridge.ProgressReport - 1 source files to be analyzed
13:13:24.986 INFO  org.sonar.squidbridge.ProgressReport - 1/1 source files have been analyzed
13:13:24.991 INFO  org.sonar.squidbridge.ProgressReport - 1 source files to be analyzed
13:13:25.029 INFO  org.sonar.squidbridge.ProgressReport - 1/1 source files have been analyzed
13:13:25.036 INFO  org.sonar.squidbridge.ProgressReport - 1 source files to be analyzed
13:13:25.085 INFO  org.sonar.squidbridge.ProgressReport - 1/1 source files have been analyzed
13:13:25.092 INFO  org.sonar.squidbridge.ProgressReport - 1 source files to be analyzed
13:13:25.345 INFO  org.sonar.squidbridge.ProgressReport - 1/1 source files have been analyzed
13:13:25.353 INFO  org.sonar.squidbridge.ProgressReport - 1 source files to be analyzed
13:13:25.384 INFO  org.sonar.squidbridge.ProgressReport - 1/1 source files have been analyzed
13:13:25.387 INFO  org.sonar.squidbridge.ProgressReport - 1 source files to be analyzed
13:13:25.433 INFO  org.sonar.squidbridge.ProgressReport - 1/1 source files have been analyzed
[INFO] Tests run: 9, Failures: 0, Errors: 0, Skipped: 0, Time elapsed: 0.648 s - in org.sonar.java.se.checks.UnclosedResourcesCheckTest
[INFO] Running org.sonar.java.ast.parser.grammar.moduledirectives.RequiresDirectiveTest
[INFO] Tests run: 3, Failures: 0, Errors: 0, Skipped: 0, Time elapsed: 0.005 s - in org.sonar.java.ast.parser.grammar.moduledirectives.RequiresDirectiveTest
[INFO] Running org.sonar.java.bytecode.cfg.InstructionTest
[INFO] Tests run: 5, Failures: 0, Errors: 0, Skipped: 0, Time elapsed: 0.003 s - in org.sonar.java.bytecode.cfg.InstructionTest
[INFO] Running org.sonar.java.bytecode.se.BytecodeEGWalkerTest
[INFO] Tests run: 18, Failures: 0, Errors: 0, Skipped: 0, Time elapsed: 1.78 s - in org.sonar.java.bytecode.se.BytecodeEGWalkerTest
[INFO] Running org.sonar.java.ast.parser.grammar.statements.WhileStatementTest
[INFO] Tests run: 1, Failures: 0, Errors: 0, Skipped: 0, Time elapsed: 0.005 s - in org.sonar.java.ast.parser.grammar.statements.WhileStatementTest
[INFO] Running org.sonar.java.resolve.SymbolsTest
[INFO] Tests run: 4, Failures: 0, Errors: 0, Skipped: 0, Time elapsed: 0.002 s - in org.sonar.java.resolve.SymbolsTest
[INFO] Running org.sonar.java.matcher.NameCriteriaTest
[INFO] Tests run: 3, Failures: 0, Errors: 0, Skipped: 0, Time elapsed: 0 s - in org.sonar.java.matcher.NameCriteriaTest
[INFO] Running org.sonar.java.se.checks.debug.DebugMethodYieldsOnInvocationsCheckTest
13:13:27.254 INFO  org.sonar.squidbridge.ProgressReport - 1 source files to be analyzed
13:13:27.274 INFO  org.sonar.squidbridge.ProgressReport - 1/1 source files have been analyzed
13:13:27.279 INFO  org.sonar.squidbridge.ProgressReport - 1 source files to be analyzed
13:13:27.319 INFO  org.sonar.squidbridge.ProgressReport - 1/1 source files have been analyzed
[INFO] Tests run: 2, Failures: 0, Errors: 0, Skipped: 0, Time elapsed: 0.066 s - in org.sonar.java.se.checks.debug.DebugMethodYieldsOnInvocationsCheckTest
[INFO] Running org.sonar.java.model.statement.ContinueStatementTreeImplTest
[INFO] Tests run: 2, Failures: 0, Errors: 0, Skipped: 0, Time elapsed: 0 s - in org.sonar.java.model.statement.ContinueStatementTreeImplTest
[INFO] Running org.sonar.java.model.JavaVersionImplTest
13:13:27.322 WARN  org.sonar.java.model.JavaVersionImpl - Invalid java version (got "jdk1.6"). The version will be ignored. Accepted formats are "1.X", or simply "X" (for instance: "1.5" or "5", "1.6" or "6", "1.7" or "7", etc.)
[INFO] Tests run: 7, Failures: 0, Errors: 0, Skipped: 0, Time elapsed: 0.009 s - in org.sonar.java.model.JavaVersionImplTest
[INFO] Running org.sonar.java.ast.parser.grammar.statements.ExpressionStatementTest
[INFO] Tests run: 1, Failures: 0, Errors: 0, Skipped: 0, Time elapsed: 0 s - in org.sonar.java.ast.parser.grammar.statements.ExpressionStatementTest
[INFO] Running org.sonar.java.SonarComponentsTest
[INFO] Tests run: 14, Failures: 0, Errors: 0, Skipped: 0, Time elapsed: 0.273 s - in org.sonar.java.SonarComponentsTest
[INFO] Running org.sonar.java.se.constraint.ConstraintManagerTest
[INFO] Tests run: 17, Failures: 0, Errors: 0, Skipped: 0, Time elapsed: 0.026 s - in org.sonar.java.se.constraint.ConstraintManagerTest
[INFO] Running org.sonar.java.ast.visitors.AccessorsUtilsTest
[INFO] Tests run: 15, Failures: 0, Errors: 0, Skipped: 0, Time elapsed: 0.038 s - in org.sonar.java.ast.visitors.AccessorsUtilsTest
[INFO] Running org.sonar.java.se.ProgramPointTest
[INFO] Tests run: 2, Failures: 0, Errors: 0, Skipped: 0, Time elapsed: 0.008 s - in org.sonar.java.se.ProgramPointTest
[INFO] Running org.sonar.java.ast.parser.grammar.units.ModuleDeclarationTest
[INFO] Tests run: 1, Failures: 0, Errors: 0, Skipped: 0, Time elapsed: 0.003 s - in org.sonar.java.ast.parser.grammar.units.ModuleDeclarationTest
[INFO] Running org.sonar.java.se.checks.DivisionByZeroCheckTest
13:13:27.696 INFO  org.sonar.squidbridge.ProgressReport - 1 source files to be analyzed
13:13:27.718 INFO  org.sonar.squidbridge.ProgressReport - 1/1 source files have been analyzed
13:13:27.723 INFO  org.sonar.squidbridge.ProgressReport - 1 source files to be analyzed
13:13:27.783 INFO  org.sonar.squidbridge.ProgressReport - 1/1 source files have been analyzed
[INFO] Tests run: 3, Failures: 0, Errors: 0, Skipped: 0, Time elapsed: 0.096 s - in org.sonar.java.se.checks.DivisionByZeroCheckTest
[INFO] Running org.sonar.java.ast.parser.grammar.units.TypeDeclarationTest
[INFO] Tests run: 2, Failures: 0, Errors: 0, Skipped: 0, Time elapsed: 0.004 s - in org.sonar.java.ast.parser.grammar.units.TypeDeclarationTest
[INFO] Running org.sonar.java.ast.visitors.PublicApiCheckerTest
[INFO] Tests run: 2, Failures: 0, Errors: 0, Skipped: 0, Time elapsed: 0.017 s - in org.sonar.java.ast.visitors.PublicApiCheckerTest
[INFO] Running org.sonar.java.ast.parser.grammar.types.TypeParameterTest
[INFO] Tests run: 1, Failures: 0, Errors: 0, Skipped: 0, Time elapsed: 0.002 s - in org.sonar.java.ast.parser.grammar.types.TypeParameterTest
[INFO] Running org.sonar.java.ast.parser.grammar.types.TypeArgumentTest
[INFO] Tests run: 1, Failures: 0, Errors: 0, Skipped: 0, Time elapsed: 0.002 s - in org.sonar.java.ast.parser.grammar.types.TypeArgumentTest
[INFO] Running org.sonar.java.ast.parser.grammar.statements.ContinueStatementTest
[INFO] Tests run: 1, Failures: 0, Errors: 0, Skipped: 0, Time elapsed: 0.001 s - in org.sonar.java.ast.parser.grammar.statements.ContinueStatementTest
[INFO] Running org.sonar.java.ast.parser.grammar.statements.AssertStatementTest
[INFO] Tests run: 1, Failures: 0, Errors: 0, Skipped: 0, Time elapsed: 0.002 s - in org.sonar.java.ast.parser.grammar.statements.AssertStatementTest
[INFO] Running org.sonar.java.ast.parser.grammar.units.ImportDeclarationTest
[INFO] Tests run: 1, Failures: 0, Errors: 0, Skipped: 0, Time elapsed: 0.002 s - in org.sonar.java.ast.parser.grammar.units.ImportDeclarationTest
[INFO] Running org.sonar.java.se.ExplodedGraphWalkerTest
13:13:27.831 INFO  org.sonar.squidbridge.ProgressReport - 1 source files to be analyzed
13:13:27.846 INFO  org.sonar.squidbridge.ProgressReport - 1/1 source files have been analyzed
13:13:27.846 INFO  org.sonar.squidbridge.ProgressReport - 1 source files to be analyzed
13:13:27.857 INFO  org.sonar.squidbridge.ProgressReport - 1 source files to be analyzed
13:13:27.858 INFO  org.sonar.squidbridge.ProgressReport - 1/1 source files have been analyzed
13:13:27.869 INFO  org.sonar.squidbridge.ProgressReport - 1 source files to be analyzed
13:13:27.870 INFO  org.sonar.squidbridge.ProgressReport - 1/1 source files have been analyzed
13:13:27.884 INFO  org.sonar.squidbridge.ProgressReport - 1/1 source files have been analyzed
13:13:27.888 INFO  org.sonar.squidbridge.ProgressReport - 1 source files to be analyzed
13:13:27.907 INFO  org.sonar.squidbridge.ProgressReport - 1/1 source files have been analyzed
13:13:27.913 INFO  org.sonar.squidbridge.ProgressReport - 1 source files to be analyzed
13:13:27.927 INFO  org.sonar.squidbridge.ProgressReport - 1/1 source files have been analyzed
13:13:27.931 INFO  org.sonar.squidbridge.ProgressReport - 1 source files to be analyzed
13:13:27.951 INFO  org.sonar.squidbridge.ProgressReport - 1/1 source files have been analyzed
13:13:27.954 INFO  org.sonar.squidbridge.ProgressReport - 1 source files to be analyzed
13:13:27.969 INFO  org.sonar.squidbridge.ProgressReport - 1 source files to be analyzed
13:13:27.970 INFO  org.sonar.squidbridge.ProgressReport - 1/1 source files have been analyzed
13:13:27.988 INFO  org.sonar.squidbridge.ProgressReport - 1 source files to be analyzed
13:13:27.994 INFO  org.sonar.squidbridge.ProgressReport - 1/1 source files have been analyzed
13:13:28.703 INFO  org.sonar.squidbridge.ProgressReport - 1/1 source files have been analyzed
13:13:28.707 INFO  org.sonar.squidbridge.ProgressReport - 1 source files to be analyzed
13:13:28.723 INFO  org.sonar.squidbridge.ProgressReport - 1 source files to be analyzed
13:13:28.724 INFO  org.sonar.squidbridge.ProgressReport - 1/1 source files have been analyzed
13:13:28.735 INFO  org.sonar.squidbridge.ProgressReport - 1/1 source files have been analyzed
13:13:28.761 INFO  org.sonar.squidbridge.ProgressReport - 1 source files to be analyzed
13:13:28.817 INFO  org.sonar.squidbridge.ProgressReport - 1/1 source files have been analyzed
13:13:28.822 INFO  org.sonar.squidbridge.ProgressReport - 1 source files to be analyzed
13:13:28.867 INFO  org.sonar.squidbridge.ProgressReport - 1/1 source files have been analyzed
13:13:28.872 INFO  org.sonar.squidbridge.ProgressReport - 1 source files to be analyzed
13:13:28.907 INFO  org.sonar.squidbridge.ProgressReport - 1/1 source files have been analyzed
13:13:28.915 INFO  org.sonar.squidbridge.ProgressReport - 1 source files to be analyzed
13:13:28.932 INFO  org.sonar.squidbridge.ProgressReport - 1 source files to be analyzed
13:13:28.935 INFO  org.sonar.squidbridge.ProgressReport - 1/1 source files have been analyzed
13:13:29.374 INFO  org.sonar.squidbridge.ProgressReport - 1/1 source files have been analyzed
13:13:29.380 INFO  org.sonar.squidbridge.ProgressReport - 1 source files to be analyzed
13:13:29.399 INFO  org.sonar.squidbridge.ProgressReport - 1/1 source files have been analyzed
13:13:29.404 INFO  org.sonar.squidbridge.ProgressReport - 1 source files to be analyzed
13:13:29.419 INFO  org.sonar.squidbridge.ProgressReport - 1 source files to be analyzed
13:13:29.421 INFO  org.sonar.squidbridge.ProgressReport - 1/1 source files have been analyzed
13:13:29.432 INFO  org.sonar.squidbridge.ProgressReport - 1/1 source files have been analyzed
13:13:29.435 INFO  org.sonar.squidbridge.ProgressReport - 1 source files to be analyzed
13:13:39.346 INFO  org.sonar.squidbridge.ProgressReport - 1/1 source files have been analyzed
13:13:39.351 INFO  org.sonar.squidbridge.ProgressReport - 1 source files to be analyzed
13:13:39.361 INFO  org.sonar.squidbridge.ProgressReport - 1/1 source files have been analyzed
13:13:39.367 INFO  org.sonar.squidbridge.ProgressReport - 1 source files to be analyzed
13:13:39.396 INFO  org.sonar.squidbridge.ProgressReport - 1/1 source files have been analyzed
13:13:39.400 INFO  org.sonar.squidbridge.ProgressReport - 1 source files to be analyzed
13:13:39.419 INFO  org.sonar.squidbridge.ProgressReport - 1/1 source files have been analyzed
13:13:39.423 INFO  org.sonar.squidbridge.ProgressReport - 1 source files to be analyzed
13:13:39.441 INFO  org.sonar.squidbridge.ProgressReport - 1 source files to be analyzed
13:13:39.441 INFO  org.sonar.squidbridge.ProgressReport - 1/1 source files have been analyzed
13:13:39.459 INFO  org.sonar.squidbridge.ProgressReport - 1/1 source files have been analyzed
13:13:39.463 INFO  org.sonar.squidbridge.ProgressReport - 1 source files to be analyzed
13:13:39.480 INFO  org.sonar.squidbridge.ProgressReport - 1/1 source files have been analyzed
13:13:39.483 INFO  org.sonar.squidbridge.ProgressReport - 1 source files to be analyzed
13:13:39.512 INFO  org.sonar.squidbridge.ProgressReport - 1/1 source files have been analyzed
13:13:39.711 INFO  org.sonar.squidbridge.ProgressReport - 1 source files to be analyzed
13:13:39.722 INFO  org.sonar.squidbridge.ProgressReport - 1 source files to be analyzed
13:13:39.723 INFO  org.sonar.squidbridge.ProgressReport - 1/1 source files have been analyzed
13:13:39.734 INFO  org.sonar.squidbridge.ProgressReport - 1/1 source files have been analyzed
13:13:39.737 INFO  org.sonar.squidbridge.ProgressReport - 1 source files to be analyzed
13:13:40.096 INFO  org.sonar.squidbridge.ProgressReport - 1/1 source files have been analyzed
13:13:40.100 INFO  org.sonar.squidbridge.ProgressReport - 1 source files to be analyzed
13:13:40.113 INFO  org.sonar.squidbridge.ProgressReport - 1 source files to be analyzed
13:13:40.115 INFO  org.sonar.squidbridge.ProgressReport - 1/1 source files have been analyzed
13:13:41.386 INFO  org.sonar.squidbridge.ProgressReport - 1/1 source files have been analyzed
13:13:41.391 INFO  org.sonar.squidbridge.ProgressReport - 1 source files to be analyzed
13:13:41.416 INFO  org.sonar.squidbridge.ProgressReport - 1/1 source files have been analyzed
13:13:41.426 INFO  org.sonar.squidbridge.ProgressReport - 1 source files to be analyzed
13:13:41.456 INFO  org.sonar.squidbridge.ProgressReport - 1/1 source files have been analyzed
13:13:41.462 INFO  org.sonar.squidbridge.ProgressReport - 1 source files to be analyzed
[INFO] Tests run: 31, Failures: 0, Errors: 0, Skipped: 0, Time elapsed: 13.66 s - in org.sonar.java.se.ExplodedGraphWalkerTest
[INFO] Running org.sonar.java.se.SECheckTest
13:13:41.498 INFO  org.sonar.squidbridge.ProgressReport - 1/1 source files have been analyzed
[INFO] Tests run: 1, Failures: 0, Errors: 0, Skipped: 0, Time elapsed: 0.018 s - in org.sonar.java.se.SECheckTest
[INFO] Running org.sonar.java.resolve.ConstantTest
13:13:41.515 INFO  org.sonar.squidbridge.ProgressReport - 1 source files to be analyzed
[INFO] Tests run: 1, Failures: 0, Errors: 0, Skipped: 0, Time elapsed: 0.011 s - in org.sonar.java.resolve.ConstantTest
[INFO] Running org.sonar.java.resolve.JavaSymbolTest
13:13:41.543 INFO  org.sonar.squidbridge.ProgressReport - 1/1 source files have been analyzed
[INFO] Tests run: 11, Failures: 0, Errors: 0, Skipped: 0, Time elapsed: 0.095 s - in org.sonar.java.resolve.JavaSymbolTest
[INFO] Running org.sonar.java.cfg.LiveVariablesTest
[INFO] Tests run: 10, Failures: 0, Errors: 0, Skipped: 0, Time elapsed: 0.204 s - in org.sonar.java.cfg.LiveVariablesTest
[INFO] Running org.sonar.java.JavaVersionAwareVisitorTest
13:13:41.836 INFO  org.sonar.java.JavaSquid - Java Main Files AST scan
13:13:41.836 INFO  org.sonar.squidbridge.ProgressReport - 1 source files to be analyzed
13:13:41.838 INFO  org.sonar.java.JavaSquid - Java Main Files AST scan (done) | time=2ms
13:13:41.838 INFO  org.sonar.java.JavaSquid - Java Test Files AST scan
13:13:41.838 INFO  org.sonar.squidbridge.ProgressReport - 0 source files to be analyzed
13:13:41.838 INFO  org.sonar.squidbridge.ProgressReport - 1/1 source files have been analyzed
13:13:41.838 INFO  org.sonar.java.JavaSquid - Java Test Files AST scan (done) | time=0ms
13:13:41.839 INFO  org.sonar.java.JavaSquid - Java Main Files AST scan
13:13:41.840 INFO  org.sonar.squidbridge.ProgressReport - 1 source files to be analyzed
13:13:41.841 INFO  org.sonar.squidbridge.ProgressReport - 0/0 source files have been analyzed
13:13:41.843 INFO  org.sonar.java.JavaSquid - Java Main Files AST scan (done) | time=4ms
13:13:41.843 INFO  org.sonar.java.JavaSquid - Java Test Files AST scan
13:13:41.843 INFO  org.sonar.squidbridge.ProgressReport - 0 source files to be analyzed
13:13:41.843 INFO  org.sonar.squidbridge.ProgressReport - 1/1 source files have been analyzed
13:13:41.844 INFO  org.sonar.java.JavaSquid - Java Test Files AST scan (done) | time=0ms
13:13:41.845 INFO  org.sonar.java.JavaSquid - Java Main Files AST scan
13:13:41.845 INFO  org.sonar.squidbridge.ProgressReport - 1 source files to be analyzed
13:13:41.846 INFO  org.sonar.squidbridge.ProgressReport - 0/0 source files have been analyzed
13:13:41.847 INFO  org.sonar.java.JavaSquid - Java Main Files AST scan (done) | time=2ms
13:13:41.847 INFO  org.sonar.java.JavaSquid - Java Test Files AST scan
13:13:41.847 INFO  org.sonar.squidbridge.ProgressReport - 0 source files to be analyzed
13:13:41.848 INFO  org.sonar.squidbridge.ProgressReport - 1/1 source files have been analyzed
13:13:41.848 INFO  org.sonar.java.JavaSquid - Java Test Files AST scan (done) | time=1ms
13:13:41.850 INFO  org.sonar.java.JavaSquid - Java Main Files AST scan
13:13:41.850 INFO  org.sonar.squidbridge.ProgressReport - 1 source files to be analyzed
13:13:41.851 INFO  org.sonar.squidbridge.ProgressReport - 0/0 source files have been analyzed
13:13:41.852 INFO  org.sonar.java.JavaSquid - Java Main Files AST scan (done) | time=2ms
13:13:41.852 INFO  org.sonar.java.JavaSquid - Java Test Files AST scan
13:13:41.852 INFO  org.sonar.squidbridge.ProgressReport - 0 source files to be analyzed
13:13:41.852 INFO  org.sonar.squidbridge.ProgressReport - 1/1 source files have been analyzed
13:13:41.853 INFO  org.sonar.java.JavaSquid - Java Test Files AST scan (done) | time=1ms
13:13:41.854 INFO  org.sonar.java.JavaSquid - Java Main Files AST scan
13:13:41.854 INFO  org.sonar.squidbridge.ProgressReport - 1 source files to be analyzed
13:13:41.854 INFO  org.sonar.squidbridge.ProgressReport - 0/0 source files have been analyzed
13:13:41.855 INFO  org.sonar.java.JavaSquid - Java Main Files AST scan (done) | time=1ms
13:13:41.855 INFO  org.sonar.java.JavaSquid - Java Test Files AST scan
13:13:41.855 INFO  org.sonar.squidbridge.ProgressReport - 0 source files to be analyzed
13:13:41.858 INFO  org.sonar.squidbridge.ProgressReport - 1/1 source files have been analyzed
13:13:41.858 INFO  org.sonar.java.JavaSquid - Java Test Files AST scan (done) | time=3ms
[INFO] Tests run: 4, Failures: 0, Errors: 0, Skipped: 0, Time elapsed: 0.029 s - in org.sonar.java.JavaVersionAwareVisitorTest
[INFO] Running org.sonar.java.ast.parser.grammar.types.TypeTest
[INFO] Tests run: 1, Failures: 0, Errors: 0, Skipped: 0, Time elapsed: 0 s - in org.sonar.java.ast.parser.grammar.types.TypeTest
[INFO] Running org.sonar.java.resolve.MethodJavaSymbolTest
13:13:41.862 INFO  org.sonar.squidbridge.ProgressReport - 1 source files to be analyzed
13:13:41.870 INFO  org.sonar.squidbridge.ProgressReport - 0/0 source files have been analyzed
13:13:41.882 INFO  org.sonar.squidbridge.ProgressReport - 1/1 source files have been analyzed
13:13:41.884 INFO  org.sonar.squidbridge.ProgressReport - 1 source files to be analyzed
13:13:41.910 INFO  org.sonar.squidbridge.ProgressReport - 1/1 source files have been analyzed
13:13:41.912 INFO  org.sonar.squidbridge.ProgressReport - 1 source files to be analyzed
13:13:41.932 INFO  org.sonar.squidbridge.ProgressReport - 1/1 source files have been analyzed
13:13:41.936 INFO  org.sonar.squidbridge.ProgressReport - 1 source files to be analyzed
13:13:41.950 INFO  org.sonar.squidbridge.ProgressReport - 1 source files to be analyzed
13:13:41.951 INFO  org.sonar.squidbridge.ProgressReport - 1/1 source files have been analyzed
[INFO] Tests run: 5, Failures: 0, Errors: 0, Skipped: 0, Time elapsed: 0.095 s - in org.sonar.java.resolve.MethodJavaSymbolTest
[INFO] Running org.sonar.java.se.xproc.MethodBehaviorTest
13:13:41.960 INFO  org.sonar.squidbridge.ProgressReport - 1/1 source files have been analyzed
[INFO] Tests run: 7, Failures: 0, Errors: 0, Skipped: 0, Time elapsed: 0.066 s - in org.sonar.java.se.xproc.MethodBehaviorTest
[INFO] Running org.sonar.java.ast.parser.grammar.statements.BlockTest
[INFO] Tests run: 1, Failures: 0, Errors: 0, Skipped: 0, Time elapsed: 0.003 s - in org.sonar.java.ast.parser.grammar.statements.BlockTest
[INFO] Running org.sonar.java.model.SyntacticEquivalenceTest
[INFO] Tests run: 5, Failures: 0, Errors: 0, Skipped: 0, Time elapsed: 0.013 s - in org.sonar.java.model.SyntacticEquivalenceTest
[INFO] Running org.sonar.java.se.ExplodedGraphTest
[INFO] Tests run: 1, Failures: 0, Errors: 0, Skipped: 0, Time elapsed: 0.003 s - in org.sonar.java.se.ExplodedGraphTest
[INFO] Running org.sonar.java.se.xproc.HappyPathYieldTest
[INFO] Tests run: 3, Failures: 0, Errors: 0, Skipped: 0, Time elapsed: 0.014 s - in org.sonar.java.se.xproc.HappyPathYieldTest
[INFO] Running org.sonar.java.xml.maven.PomCheckContextImplTest
[INFO] Tests run: 6, Failures: 0, Errors: 0, Skipped: 0, Time elapsed: 0.143 s - in org.sonar.java.xml.maven.PomCheckContextImplTest
[INFO] Running org.sonar.java.matcher.MethodMatcherTest
13:13:42.234 INFO  org.sonar.squidbridge.ProgressReport - 1 source files to be analyzed
13:13:42.258 INFO  org.sonar.squidbridge.ProgressReport - 1/1 source files have been analyzed
13:13:42.293 INFO  org.sonar.squidbridge.ProgressReport - 1 source files to be analyzed
13:13:42.321 INFO  org.sonar.squidbridge.ProgressReport - 1/1 source files have been analyzed
[INFO] Tests run: 19, Failures: 0, Errors: 0, Skipped: 0, Time elapsed: 0.098 s - in org.sonar.java.matcher.MethodMatcherTest
[INFO] Running org.sonar.java.bytecode.loader.FileSystemLoaderTest
[INFO] Tests run: 4, Failures: 0, Errors: 0, Skipped: 0, Time elapsed: 0.008 s - in org.sonar.java.bytecode.loader.FileSystemLoaderTest
[INFO] Running org.sonar.java.resolve.JavaTypeTest
13:13:42.372 INFO  org.sonar.squidbridge.ProgressReport - 1 source files to be analyzed
[INFO] Tests run: 14, Failures: 0, Errors: 0, Skipped: 0, Time elapsed: 0.05 s - in org.sonar.java.resolve.JavaTypeTest
[INFO] Running org.sonar.java.ast.parser.grammar.annotations.AnnotationTypeDeclarationTest
13:13:42.399 INFO  org.sonar.squidbridge.ProgressReport - 1/1 source files have been analyzed
[INFO] Tests run: 1, Failures: 0, Errors: 0, Skipped: 0, Time elapsed: 0.006 s - in org.sonar.java.ast.parser.grammar.annotations.AnnotationTypeDeclarationTest
[INFO] Running org.sonar.java.bytecode.cfg.BytecodeCFGConstructionTest
[INFO] Tests run: 156, Failures: 0, Errors: 0, Skipped: 0, Time elapsed: 0.072 s - in org.sonar.java.bytecode.cfg.BytecodeCFGConstructionTest
[INFO] Running org.sonar.java.bytecode.loader.JarLoaderTest
[INFO] Tests run: 5, Failures: 0, Errors: 0, Skipped: 0, Time elapsed: 0.004 s - in org.sonar.java.bytecode.loader.JarLoaderTest
[INFO] Running org.sonar.java.ast.parser.grammar.CornerCasesTest
[INFO] Tests run: 1, Failures: 0, Errors: 0, Skipped: 0, Time elapsed: 0.05 s - in org.sonar.java.ast.parser.grammar.CornerCasesTest
[INFO] Running org.sonar.java.model.JavaTreeModelTest
[INFO] Tests run: 77, Failures: 0, Errors: 0, Skipped: 0, Time elapsed: 0.146 s - in org.sonar.java.model.JavaTreeModelTest
[INFO] Running org.sonar.java.model.VisitorsBridgeForTestsTest
[INFO] Tests run: 1, Failures: 0, Errors: 0, Skipped: 0, Time elapsed: 0.006 s - in org.sonar.java.model.VisitorsBridgeForTestsTest
[INFO] Running org.sonar.java.se.LearnedAssociationTest
[INFO] Tests run: 1, Failures: 0, Errors: 0, Skipped: 0, Time elapsed: 0.003 s - in org.sonar.java.se.LearnedAssociationTest
[INFO] Running org.sonar.java.ast.parser.grammar.types.TypeParametersTest
[INFO] Tests run: 1, Failures: 0, Errors: 0, Skipped: 0, Time elapsed: 0.005 s - in org.sonar.java.ast.parser.grammar.types.TypeParametersTest
[INFO] Running org.sonar.java.ast.parser.grammar.statements.SwitchStatementTest
[INFO] Tests run: 1, Failures: 0, Errors: 0, Skipped: 0, Time elapsed: 0.003 s - in org.sonar.java.ast.parser.grammar.statements.SwitchStatementTest
[INFO] Running org.sonar.java.UCFGJavaVisitorTest
[INFO] Tests run: 23, Failures: 0, Errors: 0, Skipped: 0, Time elapsed: 0.458 s - in org.sonar.java.UCFGJavaVisitorTest
[INFO] Running org.sonar.java.se.checks.NonNullSetToNullCheckTest
13:13:43.191 INFO  org.sonar.squidbridge.ProgressReport - 1 source files to be analyzed
13:13:43.282 INFO  org.sonar.squidbridge.ProgressReport - 1/1 source files have been analyzed
[INFO] Tests run: 1, Failures: 0, Errors: 0, Skipped: 0, Time elapsed: 0.097 s - in org.sonar.java.se.checks.NonNullSetToNullCheckTest
[INFO] Running org.sonar.java.JavaConstantsTest
[INFO] Tests run: 1, Failures: 0, Errors: 0, Skipped: 0, Time elapsed: 0.002 s - in org.sonar.java.JavaConstantsTest
[INFO] Running org.sonar.java.model.declaration.RequiresDirectiveTreeImplTest
[INFO] Tests run: 4, Failures: 0, Errors: 0, Skipped: 0, Time elapsed: 0.012 s - in org.sonar.java.model.declaration.RequiresDirectiveTreeImplTest
[INFO] Running org.sonar.java.se.ExpectationsParserTest
[INFO] Tests run: 19, Failures: 0, Errors: 0, Skipped: 0, Time elapsed: 0.036 s - in org.sonar.java.se.ExpectationsParserTest
[INFO] Running org.sonar.java.ast.visitors.SonarSymbolTableVisitorTest
13:13:43.354 INFO  org.sonar.squidbridge.ProgressReport - 1 source files to be analyzed
[INFO] Tests run: 1, Failures: 0, Errors: 0, Skipped: 0, Time elapsed: 0.019 s - in org.sonar.java.ast.visitors.SonarSymbolTableVisitorTest
[INFO] Running org.sonar.java.AnalysisErrorTest
[INFO] Tests run: 1, Failures: 0, Errors: 0, Skipped: 0, Time elapsed: 0.002 s - in org.sonar.java.AnalysisErrorTest
[INFO] Running org.sonar.java.ast.parser.grammar.literals.LiteralTest
[INFO] Tests run: 1, Failures: 0, Errors: 0, Skipped: 0, Time elapsed: 0.003 s - in org.sonar.java.ast.parser.grammar.literals.LiteralTest
[INFO] Running org.sonar.java.xml.XmlCheckContextImplTest
13:13:43.381 INFO  org.sonar.squidbridge.ProgressReport - 1/1 source files have been analyzed
[INFO] Tests run: 17, Failures: 0, Errors: 0, Skipped: 0, Time elapsed: 0.503 s - in org.sonar.java.xml.XmlCheckContextImplTest
[INFO] 
[INFO] Results:
[INFO] 
[INFO] Tests run: 1574, Failures: 0, Errors: 0, Skipped: 0
[INFO] 
[INFO] 
[INFO] --- maven-jar-plugin:3.0.2:jar (default-jar) @ java-frontend ---
[INFO] Building jar: /home/travis/build/SonarSource/sonar-java/java-frontend/target/java-frontend-5.5.0-SNAPSHOT.jar
[INFO] 
[INFO] --- maven-source-plugin:3.0.1:jar-no-fork (attach-sources) @ java-frontend ---
[INFO] Building jar: /home/travis/build/SonarSource/sonar-java/java-frontend/target/java-frontend-5.5.0-SNAPSHOT-sources.jar
[INFO] 
[INFO] ------------------------------------------------------------------------
[INFO] Building SonarQube Java :: Check Test tool kit 5.5.0-SNAPSHOT
[INFO] ------------------------------------------------------------------------
[INFO] 
[INFO] --- buildnumber-maven-plugin:1.4:create (default) @ java-checks-testkit ---
[INFO] 
[INFO] --- maven-enforcer-plugin:3.0.0-M1:enforce (enforce) @ java-checks-testkit ---
[INFO] 
[INFO] --- license-maven-plugin:3.0:check (enforce-license-headers) @ java-checks-testkit ---
[INFO] Checking licenses...
[INFO] 
[INFO] --- beanshell-maven-plugin:1.4:run (compute-artifact-display-version) @ java-checks-testkit ---
[INFO] Executing Script
[INFO] file class java.lang.Object
[INFO] script class java.lang.String
[INFO] evaluating script if (! "5.5.0-SNAPSHOT".endsWith("-SNAPSHOT")) { [+ 14 omitted line(s)]
[INFO] 
[INFO] --- maven-resources-plugin:3.0.2:resources (default-resources) @ java-checks-testkit ---
[INFO] Using 'UTF-8' encoding to copy filtered resources.
[INFO] skip non existing resourceDirectory /home/travis/build/SonarSource/sonar-java/java-checks-testkit/src/main/resources
[INFO] 
[INFO] --- maven-compiler-plugin:3.7.0:compile (default-compile) @ java-checks-testkit ---
[INFO] Changes detected - recompiling the module!
[INFO] Compiling 5 source files to /home/travis/build/SonarSource/sonar-java/java-checks-testkit/target/classes
[INFO] 
[INFO] --- maven-resources-plugin:3.0.2:testResources (default-testResources) @ java-checks-testkit ---
[INFO] Using 'UTF-8' encoding to copy filtered resources.
[INFO] Copying 5 resources
[INFO] 
[INFO] --- maven-compiler-plugin:3.7.0:testCompile (default-testCompile) @ java-checks-testkit ---
[INFO] Changes detected - recompiling the module!
[INFO] Compiling 3 source files to /home/travis/build/SonarSource/sonar-java/java-checks-testkit/target/test-classes
[INFO] 
[INFO] --- maven-surefire-plugin:2.20.1:test (default-test) @ java-checks-testkit ---
[INFO] Surefire report directory: /home/travis/build/SonarSource/sonar-java/java-checks-testkit/target/surefire-reports
[INFO] 
[INFO] -------------------------------------------------------
[INFO]  T E S T S
[INFO] -------------------------------------------------------
[INFO] Running org.sonar.java.checks.verifier.PomCheckVerifierTest
13:13:47.474 [main] ERROR org.sonar.java.xml.XmlParser - Unable to parse xml file: src/test/files/xml/PomCheckVerifierParseIssue.xml
13:13:47.493 [main] DEBUG org.sonar.java.xml.XmlParser - XML file parsing failed because of : org.xml.sax.SAXParseException; systemId: file:/home/travis/build/SonarSource/sonar-java/java-checks-testkit/src/test/files/xml/PomCheckVerifierParseIssue.xml; lineNumber: 17; columnNumber: 11; The element type "description" must be terminated by the matching end-tag "</description>".
	at com.sun.org.apache.xerces.internal.util.ErrorHandlerWrapper.createSAXParseException(ErrorHandlerWrapper.java:203)
	at com.sun.org.apache.xerces.internal.util.ErrorHandlerWrapper.fatalError(ErrorHandlerWrapper.java:177)
	at com.sun.org.apache.xerces.internal.impl.XMLErrorReporter.reportError(XMLErrorReporter.java:400)
	at com.sun.org.apache.xerces.internal.impl.XMLErrorReporter.reportError(XMLErrorReporter.java:327)
	at com.sun.org.apache.xerces.internal.impl.XMLScanner.reportFatalError(XMLScanner.java:1472)
	at com.sun.org.apache.xerces.internal.impl.XMLDocumentFragmentScannerImpl.scanEndElement(XMLDocumentFragmentScannerImpl.java:1749)
	at com.sun.org.apache.xerces.internal.impl.XMLDocumentFragmentScannerImpl$FragmentContentDriver.next(XMLDocumentFragmentScannerImpl.java:2967)
	at com.sun.org.apache.xerces.internal.impl.XMLDocumentScannerImpl.next(XMLDocumentScannerImpl.java:602)
	at com.sun.org.apache.xerces.internal.impl.XMLDocumentFragmentScannerImpl.scanDocument(XMLDocumentFragmentScannerImpl.java:505)
	at com.sun.org.apache.xerces.internal.parsers.XML11Configuration.parse(XML11Configuration.java:841)
	at com.sun.org.apache.xerces.internal.parsers.XML11Configuration.parse(XML11Configuration.java:770)
	at com.sun.org.apache.xerces.internal.parsers.XMLParser.parse(XMLParser.java:141)
	at com.sun.org.apache.xerces.internal.parsers.AbstractSAXParser.parse(AbstractSAXParser.java:1213)
	at com.sun.org.apache.xerces.internal.jaxp.SAXParserImpl$JAXPSAXParser.parse(SAXParserImpl.java:643)
	at com.sun.org.apache.xerces.internal.jaxp.SAXParserImpl.parse(SAXParserImpl.java:327)
	at javax.xml.parsers.SAXParser.parse(SAXParser.java:328)
	at org.sonar.java.xml.XmlParser.parseXML(XmlParser.java:64)
	at org.sonar.java.checks.verifier.PomCheckVerifier.scanFile(PomCheckVerifier.java:69)
	at org.sonar.java.checks.verifier.PomCheckVerifier.verify(PomCheckVerifier.java:52)
	at org.sonar.java.checks.verifier.PomCheckVerifierTest.should_fail_when_cannot_parse(PomCheckVerifierTest.java:132)
	at sun.reflect.NativeMethodAccessorImpl.invoke0(Native Method)
	at sun.reflect.NativeMethodAccessorImpl.invoke(NativeMethodAccessorImpl.java:62)
	at sun.reflect.DelegatingMethodAccessorImpl.invoke(DelegatingMethodAccessorImpl.java:43)
	at java.lang.reflect.Method.invoke(Method.java:498)
	at org.junit.runners.model.FrameworkMethod$1.runReflectiveCall(FrameworkMethod.java:50)
	at org.junit.internal.runners.model.ReflectiveCallable.run(ReflectiveCallable.java:12)
	at org.junit.runners.model.FrameworkMethod.invokeExplosively(FrameworkMethod.java:47)
	at org.junit.internal.runners.statements.InvokeMethod.evaluate(InvokeMethod.java:17)
	at org.junit.internal.runners.statements.ExpectException.evaluate(ExpectException.java:19)
	at org.junit.runners.ParentRunner.runLeaf(ParentRunner.java:325)
	at org.junit.runners.BlockJUnit4ClassRunner.runChild(BlockJUnit4ClassRunner.java:78)
	at org.junit.runners.BlockJUnit4ClassRunner.runChild(BlockJUnit4ClassRunner.java:57)
	at org.junit.runners.ParentRunner$3.run(ParentRunner.java:290)
	at org.junit.runners.ParentRunner$1.schedule(ParentRunner.java:71)
	at org.junit.runners.ParentRunner.runChildren(ParentRunner.java:288)
	at org.junit.runners.ParentRunner.access$000(ParentRunner.java:58)
	at org.junit.runners.ParentRunner$2.evaluate(ParentRunner.java:268)
	at org.junit.runners.ParentRunner.run(ParentRunner.java:363)
	at org.apache.maven.surefire.junit4.JUnit4Provider.execute(JUnit4Provider.java:369)
	at org.apache.maven.surefire.junit4.JUnit4Provider.executeWithRerun(JUnit4Provider.java:275)
	at org.apache.maven.surefire.junit4.JUnit4Provider.executeTestSet(JUnit4Provider.java:239)
	at org.apache.maven.surefire.junit4.JUnit4Provider.invoke(JUnit4Provider.java:160)
	at org.apache.maven.surefire.booter.ForkedBooter.invokeProviderInSameClassLoader(ForkedBooter.java:373)
	at org.apache.maven.surefire.booter.ForkedBooter.runSuitesInProcess(ForkedBooter.java:334)
	at org.apache.maven.surefire.booter.ForkedBooter.execute(ForkedBooter.java:119)
	at org.apache.maven.surefire.booter.ForkedBooter.main(ForkedBooter.java:407)

13:13:47.843 [main] WARN  org.sonar.java.xml.XmlParser - File  is empty and won't be analyzed.
[INFO] Tests run: 14, Failures: 0, Errors: 0, Skipped: 0, Time elapsed: 2.64 s - in org.sonar.java.checks.verifier.PomCheckVerifierTest
[INFO] Running org.sonar.java.checks.verifier.JavaCheckVerifierTest
13:13:48.410 [main] DEBUG o.s.java.bytecode.ClassLoaderBuilder - ----- Classpath analyzed by Squid:
13:13:48.414 [main] DEBUG o.s.java.bytecode.ClassLoaderBuilder - /home/travis/build/SonarSource/sonar-java/java-checks-testkit/target/test-classes
13:13:48.415 [main] DEBUG o.s.java.bytecode.ClassLoaderBuilder - -----
13:13:49.039 [main] INFO  org.sonar.squidbridge.ProgressReport - 1 source files to be analyzed
13:13:49.150 [Report about progress of Java AST analyzer] INFO  org.sonar.squidbridge.ProgressReport - 1/1 source files have been analyzed
13:13:49.152 [main] DEBUG o.s.java.bytecode.ClassLoaderBuilder - ----- Classpath analyzed by Squid:
13:13:49.152 [main] DEBUG o.s.java.bytecode.ClassLoaderBuilder - /home/travis/build/SonarSource/sonar-java/java-checks-testkit/target/test-classes
13:13:49.152 [main] DEBUG o.s.java.bytecode.ClassLoaderBuilder - -----
13:13:49.161 [main] INFO  org.sonar.squidbridge.ProgressReport - 1 source files to be analyzed
13:13:49.168 [main] DEBUG o.s.j.checks.verifier.CheckVerifier - Remediation function and cost not provided, "constant" is assumed.
13:13:49.169 [main] DEBUG o.s.java.bytecode.ClassLoaderBuilder - ----- Classpath analyzed by Squid:
13:13:49.170 [main] DEBUG o.s.java.bytecode.ClassLoaderBuilder - /home/travis/build/SonarSource/sonar-java/java-checks-testkit/target/test-classes
13:13:49.170 [main] DEBUG o.s.java.bytecode.ClassLoaderBuilder - -----
13:13:49.170 [Report about progress of Java AST analyzer] INFO  org.sonar.squidbridge.ProgressReport - 1/1 source files have been analyzed
13:13:49.178 [main] INFO  org.sonar.squidbridge.ProgressReport - 1 source files to be analyzed
13:13:49.205 [main] DEBUG o.s.java.bytecode.ClassLoaderBuilder - ----- Classpath analyzed by Squid:
13:13:49.205 [main] DEBUG o.s.java.bytecode.ClassLoaderBuilder - /home/travis/build/SonarSource/sonar-java/java-checks-testkit/target/test-classes
13:13:49.205 [main] DEBUG o.s.java.bytecode.ClassLoaderBuilder - -----
13:13:49.226 [main] INFO  org.sonar.squidbridge.ProgressReport - 1 source files to be analyzed
13:13:49.249 [main] DEBUG o.s.j.b.loader.SquidClassLoader - .class not found for A
13:13:49.336 [Report about progress of Java AST analyzer] INFO  org.sonar.squidbridge.ProgressReport - 1/1 source files have been analyzed
13:13:49.342 [main] DEBUG o.s.java.bytecode.ClassLoaderBuilder - ----- Classpath analyzed by Squid:
13:13:49.342 [main] DEBUG o.s.java.bytecode.ClassLoaderBuilder - /home/travis/build/SonarSource/sonar-java/java-checks-testkit/target/test-classes
13:13:49.351 [main] DEBUG o.s.java.bytecode.ClassLoaderBuilder - -----
13:13:49.368 [main] INFO  org.sonar.squidbridge.ProgressReport - 1 source files to be analyzed
13:13:49.382 [main] DEBUG o.s.j.b.loader.SquidClassLoader - .class not found for A
13:13:49.423 [main] DEBUG o.s.j.b.loader.SquidClassLoader - .class not found for System
13:13:49.423 [main] DEBUG o.s.j.b.loader.SquidClassLoader - .class not found for java.lang.package-info
13:13:49.424 [main] DEBUG o.s.j.b.loader.SquidClassLoader - .class not found for java.lang.Synthetic$System
13:13:49.434 [Report about progress of Java AST analyzer] INFO  org.sonar.squidbridge.ProgressReport - 1/1 source files have been analyzed
13:13:49.438 [main] DEBUG o.s.java.bytecode.ClassLoaderBuilder - ----- Classpath analyzed by Squid:
13:13:49.438 [main] DEBUG o.s.java.bytecode.ClassLoaderBuilder - /home/travis/build/SonarSource/sonar-java/java-checks-testkit/target/test-classes
13:13:49.438 [main] DEBUG o.s.java.bytecode.ClassLoaderBuilder - -----
13:13:49.447 [main] INFO  org.sonar.squidbridge.ProgressReport - 1 source files to be analyzed
13:13:49.453 [main] DEBUG o.s.java.bytecode.ClassLoaderBuilder - ----- Classpath analyzed by Squid:
13:13:49.453 [main] DEBUG o.s.java.bytecode.ClassLoaderBuilder - /home/travis/build/SonarSource/sonar-java/java-checks-testkit/target/test-classes
13:13:49.454 [main] DEBUG o.s.java.bytecode.ClassLoaderBuilder - -----
13:13:49.461 [main] INFO  org.sonar.squidbridge.ProgressReport - 1 source files to be analyzed
13:13:49.468 [main] DEBUG o.s.java.bytecode.ClassLoaderBuilder - ----- Classpath analyzed by Squid:
13:13:49.468 [main] DEBUG o.s.java.bytecode.ClassLoaderBuilder - -----
13:13:49.483 [main] INFO  org.sonar.squidbridge.ProgressReport - 1 source files to be analyzed
13:13:49.504 [main] DEBUG o.s.j.b.loader.SquidClassLoader - .class not found for A
13:13:49.543 [main] DEBUG o.s.j.b.loader.SquidClassLoader - .class not found for System
13:13:49.545 [main] DEBUG o.s.j.b.loader.SquidClassLoader - .class not found for java.lang.package-info
13:13:49.547 [main] DEBUG o.s.j.b.loader.SquidClassLoader - .class not found for java.lang.Synthetic$System
13:13:49.563 [Report about progress of Java AST analyzer] INFO  org.sonar.squidbridge.ProgressReport - 1/1 source files have been analyzed
13:13:49.567 [main] DEBUG o.s.java.bytecode.ClassLoaderBuilder - ----- Classpath analyzed by Squid:
13:13:49.570 [main] DEBUG o.s.java.bytecode.ClassLoaderBuilder - -----
13:13:49.580 [main] INFO  org.sonar.squidbridge.ProgressReport - 1 source files to be analyzed
13:13:49.587 [main] DEBUG o.s.j.b.loader.SquidClassLoader - .class not found for A
13:13:49.609 [Report about progress of Java AST analyzer] INFO  org.sonar.squidbridge.ProgressReport - 1/1 source files have been analyzed
13:13:49.613 [main] DEBUG o.s.java.bytecode.ClassLoaderBuilder - ----- Classpath analyzed by Squid:
13:13:49.616 [main] DEBUG o.s.java.bytecode.ClassLoaderBuilder - -----
13:13:49.622 [main] INFO  org.sonar.squidbridge.ProgressReport - 1 source files to be analyzed
13:13:49.646 [main] DEBUG o.s.j.b.loader.SquidClassLoader - .class not found for A
13:13:49.670 [main] DEBUG o.s.j.b.loader.SquidClassLoader - .class not found for System
13:13:49.673 [main] DEBUG o.s.j.b.loader.SquidClassLoader - .class not found for java.lang.package-info
13:13:49.675 [main] DEBUG o.s.j.b.loader.SquidClassLoader - .class not found for java.lang.Synthetic$System
13:13:49.688 [Report about progress of Java AST analyzer] INFO  org.sonar.squidbridge.ProgressReport - 1/1 source files have been analyzed
13:13:49.698 [main] DEBUG o.s.java.bytecode.ClassLoaderBuilder - ----- Classpath analyzed by Squid:
13:13:49.698 [main] DEBUG o.s.java.bytecode.ClassLoaderBuilder - /home/travis/build/SonarSource/sonar-java/java-checks-testkit/target/test-classes
13:13:49.700 [main] DEBUG o.s.java.bytecode.ClassLoaderBuilder - -----
13:13:49.713 [main] INFO  org.sonar.squidbridge.ProgressReport - 1 source files to be analyzed
13:13:49.731 [Report about progress of Java AST analyzer] INFO  org.sonar.squidbridge.ProgressReport - 1/1 source files have been analyzed
13:13:49.743 [main] DEBUG o.s.java.bytecode.ClassLoaderBuilder - ----- Classpath analyzed by Squid:
13:13:49.743 [main] DEBUG o.s.java.bytecode.ClassLoaderBuilder - /home/travis/build/SonarSource/sonar-java/java-checks-testkit/target/test-classes
13:13:49.743 [main] DEBUG o.s.java.bytecode.ClassLoaderBuilder - -----
13:13:49.751 [main] INFO  org.sonar.squidbridge.ProgressReport - 1 source files to be analyzed
13:13:49.758 [main] DEBUG o.s.j.b.loader.SquidClassLoader - .class not found for A
13:13:49.781 [main] DEBUG o.s.j.b.loader.SquidClassLoader - .class not found for System
13:13:49.782 [main] DEBUG o.s.j.b.loader.SquidClassLoader - .class not found for java.lang.package-info
13:13:49.782 [main] DEBUG o.s.j.b.loader.SquidClassLoader - .class not found for java.lang.Synthetic$System
13:13:49.788 [Report about progress of Java AST analyzer] INFO  org.sonar.squidbridge.ProgressReport - 1/1 source files have been analyzed
13:13:49.790 [main] DEBUG o.s.j.checks.verifier.CheckVerifier - Remediation function and cost not provided, "constant" is assumed.
13:13:49.801 [main] DEBUG o.s.java.bytecode.ClassLoaderBuilder - ----- Classpath analyzed by Squid:
13:13:49.801 [main] DEBUG o.s.java.bytecode.ClassLoaderBuilder - /home/travis/build/SonarSource/sonar-java/java-checks-testkit/target/test-classes
13:13:49.801 [main] DEBUG o.s.java.bytecode.ClassLoaderBuilder - -----
13:13:49.809 [main] INFO  org.sonar.squidbridge.ProgressReport - 1 source files to be analyzed
13:13:49.816 [main] DEBUG o.s.j.checks.verifier.CheckVerifier - Remediation function and cost not provided, "constant" is assumed.
13:13:49.816 [Report about progress of Java AST analyzer] INFO  org.sonar.squidbridge.ProgressReport - 1/1 source files have been analyzed
13:13:49.826 [main] DEBUG o.s.java.bytecode.ClassLoaderBuilder - ----- Classpath analyzed by Squid:
13:13:49.828 [main] DEBUG o.s.java.bytecode.ClassLoaderBuilder - -----
13:13:49.835 [main] INFO  org.sonar.squidbridge.ProgressReport - 1 source files to be analyzed
13:13:49.840 [main] DEBUG o.s.j.b.loader.SquidClassLoader - .class not found for A
13:13:49.860 [main] DEBUG o.s.j.b.loader.SquidClassLoader - .class not found for System
13:13:49.863 [main] DEBUG o.s.j.b.loader.SquidClassLoader - .class not found for java.lang.package-info
13:13:49.866 [main] DEBUG o.s.j.b.loader.SquidClassLoader - .class not found for java.lang.Synthetic$System
13:13:49.874 [Report about progress of Java AST analyzer] INFO  org.sonar.squidbridge.ProgressReport - 1/1 source files have been analyzed
13:13:49.880 [main] DEBUG o.s.java.bytecode.ClassLoaderBuilder - ----- Classpath analyzed by Squid:
13:13:49.883 [main] DEBUG o.s.java.bytecode.ClassLoaderBuilder - /home/travis/build/SonarSource/sonar-java/java-checks-testkit/target/test-classes
13:13:49.886 [main] DEBUG o.s.java.bytecode.ClassLoaderBuilder - -----
13:13:49.891 [main] INFO  org.sonar.squidbridge.ProgressReport - 1 source files to be analyzed
13:13:49.923 [main] DEBUG o.s.j.b.loader.SquidClassLoader - .class not found for A
13:13:49.941 [main] DEBUG o.s.j.b.loader.SquidClassLoader - .class not found for System
13:13:49.943 [main] DEBUG o.s.j.b.loader.SquidClassLoader - .class not found for java.lang.package-info
13:13:49.945 [main] DEBUG o.s.j.b.loader.SquidClassLoader - .class not found for java.lang.Synthetic$System
13:13:49.951 [Report about progress of Java AST analyzer] INFO  org.sonar.squidbridge.ProgressReport - 1/1 source files have been analyzed
13:13:49.956 [main] DEBUG o.s.java.bytecode.ClassLoaderBuilder - ----- Classpath analyzed by Squid:
13:13:49.959 [main] DEBUG o.s.java.bytecode.ClassLoaderBuilder - /home/travis/build/SonarSource/sonar-java/java-checks-testkit/target/test-classes
13:13:49.961 [main] DEBUG o.s.java.bytecode.ClassLoaderBuilder - -----
13:13:50.001 [main] INFO  org.sonar.squidbridge.ProgressReport - 1 source files to be analyzed
13:13:50.016 [main] DEBUG o.s.java.bytecode.ClassLoaderBuilder - ----- Classpath analyzed by Squid:
13:13:50.018 [main] DEBUG o.s.java.bytecode.ClassLoaderBuilder - /home/travis/build/SonarSource/sonar-java/java-checks-testkit/target/test-classes
13:13:50.022 [main] DEBUG o.s.java.bytecode.ClassLoaderBuilder - -----
13:13:50.032 [main] INFO  org.sonar.squidbridge.ProgressReport - 1 source files to be analyzed
13:13:50.059 [main] DEBUG o.s.j.b.loader.SquidClassLoader - .class not found for A
13:13:50.084 [main] DEBUG o.s.j.b.loader.SquidClassLoader - .class not found for System
13:13:50.087 [main] DEBUG o.s.j.b.loader.SquidClassLoader - .class not found for java.lang.package-info
13:13:50.089 [main] DEBUG o.s.j.b.loader.SquidClassLoader - .class not found for java.lang.Synthetic$System
13:13:50.096 [Report about progress of Java AST analyzer] INFO  org.sonar.squidbridge.ProgressReport - 1/1 source files have been analyzed
13:13:50.104 [main] DEBUG o.s.java.bytecode.ClassLoaderBuilder - ----- Classpath analyzed by Squid:
13:13:50.106 [main] DEBUG o.s.java.bytecode.ClassLoaderBuilder - /home/travis/build/SonarSource/sonar-java/java-checks-testkit/target/test-classes
13:13:50.115 [main] DEBUG o.s.java.bytecode.ClassLoaderBuilder - -----
13:13:50.121 [main] INFO  org.sonar.squidbridge.ProgressReport - 1 source files to be analyzed
13:13:50.129 [main] DEBUG o.s.j.b.loader.SquidClassLoader - .class not found for A
13:13:50.156 [main] DEBUG o.s.j.b.loader.SquidClassLoader - .class not found for System
13:13:50.159 [main] DEBUG o.s.j.b.loader.SquidClassLoader - .class not found for java.lang.package-info
13:13:50.161 [main] DEBUG o.s.j.b.loader.SquidClassLoader - .class not found for java.lang.Synthetic$System
13:13:50.170 [Report about progress of Java AST analyzer] INFO  org.sonar.squidbridge.ProgressReport - 1/1 source files have been analyzed
13:13:50.181 [main] DEBUG o.s.java.bytecode.ClassLoaderBuilder - ----- Classpath analyzed by Squid:
13:13:50.182 [main] DEBUG o.s.java.bytecode.ClassLoaderBuilder - /home/travis/build/SonarSource/sonar-java/java-checks-testkit/target/test-classes
13:13:50.182 [main] DEBUG o.s.java.bytecode.ClassLoaderBuilder - -----
13:13:50.191 [main] INFO  org.sonar.squidbridge.ProgressReport - 1 source files to be analyzed
13:13:50.195 [main] DEBUG o.s.j.b.loader.SquidClassLoader - .class not found for A
13:13:50.217 [Report about progress of Java AST analyzer] INFO  org.sonar.squidbridge.ProgressReport - 1/1 source files have been analyzed
13:13:50.220 [main] DEBUG o.s.java.bytecode.ClassLoaderBuilder - ----- Classpath analyzed by Squid:
13:13:50.220 [main] DEBUG o.s.java.bytecode.ClassLoaderBuilder - /home/travis/build/SonarSource/sonar-java/java-checks-testkit/target/test-classes
13:13:50.221 [main] DEBUG o.s.java.bytecode.ClassLoaderBuilder - -----
13:13:50.227 [main] INFO  org.sonar.squidbridge.ProgressReport - 1 source files to be analyzed
13:13:50.235 [main] DEBUG o.s.j.b.loader.SquidClassLoader - .class not found for A
13:13:50.252 [main] DEBUG o.s.j.b.loader.SquidClassLoader - .class not found for System
13:13:50.252 [main] DEBUG o.s.j.b.loader.SquidClassLoader - .class not found for java.lang.package-info
13:13:50.253 [main] DEBUG o.s.j.b.loader.SquidClassLoader - .class not found for java.lang.Synthetic$System
13:13:50.261 [Report about progress of Java AST analyzer] INFO  org.sonar.squidbridge.ProgressReport - 1/1 source files have been analyzed
13:13:50.263 [main] DEBUG o.s.java.bytecode.ClassLoaderBuilder - ----- Classpath analyzed by Squid:
13:13:50.263 [main] DEBUG o.s.java.bytecode.ClassLoaderBuilder - /home/travis/build/SonarSource/sonar-java/java-checks-testkit/target/test-classes
13:13:50.264 [main] DEBUG o.s.java.bytecode.ClassLoaderBuilder - -----
13:13:50.269 [main] INFO  org.sonar.squidbridge.ProgressReport - 1 source files to be analyzed
13:13:50.273 [main] DEBUG o.s.j.b.loader.SquidClassLoader - .class not found for A
13:13:50.293 [main] DEBUG o.s.j.b.loader.SquidClassLoader - .class not found for System
13:13:50.296 [main] DEBUG o.s.j.b.loader.SquidClassLoader - .class not found for java.lang.package-info
13:13:50.297 [main] DEBUG o.s.j.b.loader.SquidClassLoader - .class not found for java.lang.Synthetic$System
13:13:50.309 [Report about progress of Java AST analyzer] INFO  org.sonar.squidbridge.ProgressReport - 1/1 source files have been analyzed
13:13:50.316 [main] DEBUG o.s.java.bytecode.ClassLoaderBuilder - ----- Classpath analyzed by Squid:
13:13:50.322 [main] DEBUG o.s.java.bytecode.ClassLoaderBuilder - /home/travis/build/SonarSource/sonar-java/java-checks-testkit/target/test-classes
13:13:50.322 [main] DEBUG o.s.java.bytecode.ClassLoaderBuilder - -----
13:13:50.329 [main] INFO  org.sonar.squidbridge.ProgressReport - 1 source files to be analyzed
13:13:50.352 [main] DEBUG o.s.j.b.loader.SquidClassLoader - .class not found for A
13:13:50.375 [Report about progress of Java AST analyzer] INFO  org.sonar.squidbridge.ProgressReport - 1/1 source files have been analyzed
13:13:50.383 [main] DEBUG o.s.java.bytecode.ClassLoaderBuilder - ----- Classpath analyzed by Squid:
13:13:50.384 [main] DEBUG o.s.java.bytecode.ClassLoaderBuilder - /home/travis/build/SonarSource/sonar-java/java-checks-testkit/target/test-classes
13:13:50.386 [main] DEBUG o.s.java.bytecode.ClassLoaderBuilder - -----
13:13:50.399 [main] INFO  org.sonar.squidbridge.ProgressReport - 1 source files to be analyzed
13:13:50.410 [main] DEBUG o.s.java.bytecode.ClassLoaderBuilder - ----- Classpath analyzed by Squid:
13:13:50.410 [main] DEBUG o.s.java.bytecode.ClassLoaderBuilder - /home/travis/build/SonarSource/sonar-java/java-checks-testkit/target/test-classes
13:13:50.410 [main] DEBUG o.s.java.bytecode.ClassLoaderBuilder - -----
13:13:50.414 [main] INFO  org.sonar.squidbridge.ProgressReport - 1 source files to be analyzed
13:13:50.438 [Report about progress of Java AST analyzer] INFO  org.sonar.squidbridge.ProgressReport - 1/1 source files have been analyzed
13:13:50.445 [main] DEBUG o.s.j.b.loader.SquidClassLoader - .class not found for A
13:13:50.468 [main] DEBUG o.s.j.b.loader.SquidClassLoader - .class not found for System
13:13:50.471 [main] DEBUG o.s.j.b.loader.SquidClassLoader - .class not found for java.lang.package-info
13:13:50.474 [main] DEBUG o.s.j.b.loader.SquidClassLoader - .class not found for java.lang.Synthetic$System
13:13:50.490 [Report about progress of Java AST analyzer] INFO  org.sonar.squidbridge.ProgressReport - 1/1 source files have been analyzed
13:13:50.501 [main] DEBUG o.s.java.bytecode.ClassLoaderBuilder - ----- Classpath analyzed by Squid:
13:13:50.504 [main] DEBUG o.s.java.bytecode.ClassLoaderBuilder - /home/travis/build/SonarSource/sonar-java/java-checks-testkit/target/test-classes
13:13:50.508 [main] DEBUG o.s.java.bytecode.ClassLoaderBuilder - -----
13:13:50.514 [main] INFO  org.sonar.squidbridge.ProgressReport - 1 source files to be analyzed
13:13:50.524 [main] DEBUG o.s.j.b.loader.SquidClassLoader - .class not found for A
13:13:50.548 [main] DEBUG o.s.j.b.loader.SquidClassLoader - .class not found for System
13:13:50.551 [main] DEBUG o.s.j.b.loader.SquidClassLoader - .class not found for java.lang.package-info
13:13:50.554 [main] DEBUG o.s.j.b.loader.SquidClassLoader - .class not found for java.lang.Synthetic$System
13:13:50.568 [Report about progress of Java AST analyzer] INFO  org.sonar.squidbridge.ProgressReport - 1/1 source files have been analyzed
13:13:50.575 [main] DEBUG o.s.java.bytecode.ClassLoaderBuilder - ----- Classpath analyzed by Squid:
13:13:50.578 [main] DEBUG o.s.java.bytecode.ClassLoaderBuilder - /home/travis/build/SonarSource/sonar-java/java-checks-testkit/target/test-classes
13:13:50.582 [main] DEBUG o.s.java.bytecode.ClassLoaderBuilder - -----
13:13:50.590 [main] INFO  org.sonar.squidbridge.ProgressReport - 1 source files to be analyzed
13:13:50.598 [main] DEBUG o.s.j.b.loader.SquidClassLoader - .class not found for A
13:13:50.623 [main] DEBUG o.s.j.b.loader.SquidClassLoader - .class not found for System
13:13:50.626 [main] DEBUG o.s.j.b.loader.SquidClassLoader - .class not found for java.lang.package-info
13:13:50.629 [main] DEBUG o.s.j.b.loader.SquidClassLoader - .class not found for java.lang.Synthetic$System
13:13:50.641 [Report about progress of Java AST analyzer] INFO  org.sonar.squidbridge.ProgressReport - 1/1 source files have been analyzed
13:13:50.648 [main] DEBUG o.s.java.bytecode.ClassLoaderBuilder - ----- Classpath analyzed by Squid:
13:13:50.648 [main] DEBUG o.s.java.bytecode.ClassLoaderBuilder - /home/travis/build/SonarSource/sonar-java/java-checks-testkit/target/test-classes
13:13:50.648 [main] DEBUG o.s.java.bytecode.ClassLoaderBuilder - -----
13:13:50.654 [main] INFO  org.sonar.squidbridge.ProgressReport - 1 source files to be analyzed
13:13:50.661 [main] DEBUG o.s.j.b.loader.SquidClassLoader - .class not found for A
13:13:50.680 [Report about progress of Java AST analyzer] INFO  org.sonar.squidbridge.ProgressReport - 1/1 source files have been analyzed
13:13:50.682 [main] DEBUG o.s.java.bytecode.ClassLoaderBuilder - ----- Classpath analyzed by Squid:
13:13:50.682 [main] DEBUG o.s.java.bytecode.ClassLoaderBuilder - /home/travis/build/SonarSource/sonar-java/java-checks-testkit/target/test-classes
13:13:50.683 [main] DEBUG o.s.java.bytecode.ClassLoaderBuilder - -----
13:13:50.701 [main] INFO  org.sonar.squidbridge.ProgressReport - 1 source files to be analyzed
13:13:50.720 [main] DEBUG o.s.j.b.loader.SquidClassLoader - .class not found for A
13:13:50.736 [main] DEBUG o.s.j.b.loader.SquidClassLoader - .class not found for System
13:13:50.737 [main] DEBUG o.s.j.b.loader.SquidClassLoader - .class not found for java.lang.package-info
13:13:50.737 [main] DEBUG o.s.j.b.loader.SquidClassLoader - .class not found for java.lang.Synthetic$System
13:13:50.742 [Report about progress of Java AST analyzer] INFO  org.sonar.squidbridge.ProgressReport - 1/1 source files have been analyzed
13:13:50.753 [main] DEBUG o.s.java.bytecode.ClassLoaderBuilder - ----- Classpath analyzed by Squid:
13:13:50.753 [main] DEBUG o.s.java.bytecode.ClassLoaderBuilder - /home/travis/build/SonarSource/sonar-java/java-checks-testkit/target/test-classes
13:13:50.753 [main] DEBUG o.s.java.bytecode.ClassLoaderBuilder - -----
13:13:50.759 [main] INFO  org.sonar.squidbridge.ProgressReport - 1 source files to be analyzed
13:13:50.764 [main] DEBUG o.s.j.b.loader.SquidClassLoader - .class not found for A
13:13:50.779 [main] DEBUG o.s.j.b.loader.SquidClassLoader - .class not found for System
13:13:50.779 [main] DEBUG o.s.j.b.loader.SquidClassLoader - .class not found for java.lang.package-info
13:13:50.781 [main] DEBUG o.s.j.b.loader.SquidClassLoader - .class not found for java.lang.Synthetic$System
13:13:50.785 [Report about progress of Java AST analyzer] INFO  org.sonar.squidbridge.ProgressReport - 1/1 source files have been analyzed
13:13:50.788 [main] DEBUG o.s.java.bytecode.ClassLoaderBuilder - ----- Classpath analyzed by Squid:
13:13:50.789 [main] DEBUG o.s.java.bytecode.ClassLoaderBuilder - /home/travis/build/SonarSource/sonar-java/java-checks-testkit/target/test-classes
13:13:50.789 [main] DEBUG o.s.java.bytecode.ClassLoaderBuilder - -----
13:13:50.795 [main] INFO  org.sonar.squidbridge.ProgressReport - 1 source files to be analyzed
13:13:50.804 [main] DEBUG o.s.j.b.loader.SquidClassLoader - .class not found for A
13:13:50.823 [main] DEBUG o.s.j.b.loader.SquidClassLoader - .class not found for System
13:13:50.823 [main] DEBUG o.s.j.b.loader.SquidClassLoader - .class not found for java.lang.package-info
13:13:50.824 [main] DEBUG o.s.j.b.loader.SquidClassLoader - .class not found for java.lang.Synthetic$System
13:13:50.832 [Report about progress of Java AST analyzer] INFO  org.sonar.squidbridge.ProgressReport - 1/1 source files have been analyzed
13:13:50.839 [main] DEBUG o.s.java.bytecode.ClassLoaderBuilder - ----- Classpath analyzed by Squid:
13:13:50.840 [main] DEBUG o.s.java.bytecode.ClassLoaderBuilder - -----
13:13:50.847 [main] INFO  org.sonar.squidbridge.ProgressReport - 1 source files to be analyzed
13:13:50.861 [main] DEBUG o.s.j.b.loader.SquidClassLoader - .class not found for A
13:13:50.883 [main] DEBUG o.s.j.b.loader.SquidClassLoader - .class not found for System
13:13:50.885 [main] DEBUG o.s.j.b.loader.SquidClassLoader - .class not found for java.lang.package-info
13:13:50.887 [main] DEBUG o.s.j.b.loader.SquidClassLoader - .class not found for java.lang.Synthetic$System
13:13:50.894 [Report about progress of Java AST analyzer] INFO  org.sonar.squidbridge.ProgressReport - 1/1 source files have been analyzed
13:13:50.898 [main] DEBUG o.s.java.bytecode.ClassLoaderBuilder - ----- Classpath analyzed by Squid:
13:13:50.900 [main] DEBUG o.s.java.bytecode.ClassLoaderBuilder - -----
13:13:50.908 [main] INFO  org.sonar.squidbridge.ProgressReport - 1 source files to be analyzed
13:13:50.913 [main] DEBUG o.s.j.b.loader.SquidClassLoader - .class not found for A
13:13:50.932 [Report about progress of Java AST analyzer] INFO  org.sonar.squidbridge.ProgressReport - 1/1 source files have been analyzed
13:13:50.938 [main] DEBUG o.s.java.bytecode.ClassLoaderBuilder - ----- Classpath analyzed by Squid:
13:13:50.940 [main] DEBUG o.s.java.bytecode.ClassLoaderBuilder - -----
13:13:50.946 [main] INFO  org.sonar.squidbridge.ProgressReport - 1 source files to be analyzed
13:13:50.953 [main] DEBUG o.s.j.b.loader.SquidClassLoader - .class not found for A
13:13:50.970 [main] DEBUG o.s.j.b.loader.SquidClassLoader - .class not found for System
13:13:50.973 [main] DEBUG o.s.j.b.loader.SquidClassLoader - .class not found for java.lang.package-info
13:13:50.975 [main] DEBUG o.s.j.b.loader.SquidClassLoader - .class not found for java.lang.Synthetic$System
13:13:50.979 [Report about progress of Java AST analyzer] INFO  org.sonar.squidbridge.ProgressReport - 1/1 source files have been analyzed
[INFO] Tests run: 31, Failures: 0, Errors: 0, Skipped: 0, Time elapsed: 2.62 s - in org.sonar.java.checks.verifier.JavaCheckVerifierTest
[INFO] Running org.sonar.java.checks.verifier.XmlCheckVerifierTest
13:13:51.012 [main] ERROR org.sonar.java.xml.XmlParser - Unable to parse xml file: src/test/files/xml/XmlCheckVerifierParsingIssue.xml
13:13:51.013 [main] DEBUG org.sonar.java.xml.XmlParser - XML file parsing failed because of : org.xml.sax.SAXParseException; systemId: file:/home/travis/build/SonarSource/sonar-java/java-checks-testkit/src/test/files/xml/XmlCheckVerifierParsingIssue.xml; lineNumber: 3; columnNumber: 3; The element type "test2" must be terminated by the matching end-tag "</test2>".
	at com.sun.org.apache.xerces.internal.util.ErrorHandlerWrapper.createSAXParseException(ErrorHandlerWrapper.java:203)
	at com.sun.org.apache.xerces.internal.util.ErrorHandlerWrapper.fatalError(ErrorHandlerWrapper.java:177)
	at com.sun.org.apache.xerces.internal.impl.XMLErrorReporter.reportError(XMLErrorReporter.java:400)
	at com.sun.org.apache.xerces.internal.impl.XMLErrorReporter.reportError(XMLErrorReporter.java:327)
	at com.sun.org.apache.xerces.internal.impl.XMLScanner.reportFatalError(XMLScanner.java:1472)
	at com.sun.org.apache.xerces.internal.impl.XMLDocumentFragmentScannerImpl.scanEndElement(XMLDocumentFragmentScannerImpl.java:1749)
	at com.sun.org.apache.xerces.internal.impl.XMLDocumentFragmentScannerImpl$FragmentContentDriver.next(XMLDocumentFragmentScannerImpl.java:2967)
	at com.sun.org.apache.xerces.internal.impl.XMLDocumentScannerImpl.next(XMLDocumentScannerImpl.java:602)
	at com.sun.org.apache.xerces.internal.impl.XMLDocumentFragmentScannerImpl.scanDocument(XMLDocumentFragmentScannerImpl.java:505)
	at com.sun.org.apache.xerces.internal.parsers.XML11Configuration.parse(XML11Configuration.java:841)
	at com.sun.org.apache.xerces.internal.parsers.XML11Configuration.parse(XML11Configuration.java:770)
	at com.sun.org.apache.xerces.internal.parsers.XMLParser.parse(XMLParser.java:141)
	at com.sun.org.apache.xerces.internal.parsers.AbstractSAXParser.parse(AbstractSAXParser.java:1213)
	at com.sun.org.apache.xerces.internal.jaxp.SAXParserImpl$JAXPSAXParser.parse(SAXParserImpl.java:643)
	at com.sun.org.apache.xerces.internal.jaxp.SAXParserImpl.parse(SAXParserImpl.java:327)
	at javax.xml.parsers.SAXParser.parse(SAXParser.java:328)
	at org.sonar.java.xml.XmlParser.parseXML(XmlParser.java:64)
	at org.sonar.java.checks.verifier.XmlCheckVerifier.scanFile(XmlCheckVerifier.java:75)
	at org.sonar.java.checks.verifier.XmlCheckVerifier.verifyNoIssue(XmlCheckVerifier.java:64)
	at org.sonar.java.checks.verifier.XmlCheckVerifierTest.should_fail_when_parsing_issue(XmlCheckVerifierTest.java:154)
	at sun.reflect.NativeMethodAccessorImpl.invoke0(Native Method)
	at sun.reflect.NativeMethodAccessorImpl.invoke(NativeMethodAccessorImpl.java:62)
	at sun.reflect.DelegatingMethodAccessorImpl.invoke(DelegatingMethodAccessorImpl.java:43)
	at java.lang.reflect.Method.invoke(Method.java:498)
	at org.junit.runners.model.FrameworkMethod$1.runReflectiveCall(FrameworkMethod.java:50)
	at org.junit.internal.runners.model.ReflectiveCallable.run(ReflectiveCallable.java:12)
	at org.junit.runners.model.FrameworkMethod.invokeExplosively(FrameworkMethod.java:47)
	at org.junit.internal.runners.statements.InvokeMethod.evaluate(InvokeMethod.java:17)
	at org.junit.internal.runners.statements.ExpectException.evaluate(ExpectException.java:19)
	at org.junit.runners.ParentRunner.runLeaf(ParentRunner.java:325)
	at org.junit.runners.BlockJUnit4ClassRunner.runChild(BlockJUnit4ClassRunner.java:78)
	at org.junit.runners.BlockJUnit4ClassRunner.runChild(BlockJUnit4ClassRunner.java:57)
	at org.junit.runners.ParentRunner$3.run(ParentRunner.java:290)
	at org.junit.runners.ParentRunner$1.schedule(ParentRunner.java:71)
	at org.junit.runners.ParentRunner.runChildren(ParentRunner.java:288)
	at org.junit.runners.ParentRunner.access$000(ParentRunner.java:58)
	at org.junit.runners.ParentRunner$2.evaluate(ParentRunner.java:268)
	at org.junit.runners.ParentRunner.run(ParentRunner.java:363)
	at org.apache.maven.surefire.junit4.JUnit4Provider.execute(JUnit4Provider.java:369)
	at org.apache.maven.surefire.junit4.JUnit4Provider.executeWithRerun(JUnit4Provider.java:275)
	at org.apache.maven.surefire.junit4.JUnit4Provider.executeTestSet(JUnit4Provider.java:239)
	at org.apache.maven.surefire.junit4.JUnit4Provider.invoke(JUnit4Provider.java:160)
	at org.apache.maven.surefire.booter.ForkedBooter.invokeProviderInSameClassLoader(ForkedBooter.java:373)
	at org.apache.maven.surefire.booter.ForkedBooter.runSuitesInProcess(ForkedBooter.java:334)
	at org.apache.maven.surefire.booter.ForkedBooter.execute(ForkedBooter.java:119)
	at org.apache.maven.surefire.booter.ForkedBooter.main(ForkedBooter.java:407)

[INFO] Tests run: 9, Failures: 0, Errors: 0, Skipped: 0, Time elapsed: 0.79 s - in org.sonar.java.checks.verifier.XmlCheckVerifierTest
[INFO] 
[INFO] Results:
[INFO] 
[INFO] Tests run: 54, Failures: 0, Errors: 0, Skipped: 0
[INFO] 
[INFO] 
[INFO] --- maven-jar-plugin:3.0.2:jar (default-jar) @ java-checks-testkit ---
[INFO] Building jar: /home/travis/build/SonarSource/sonar-java/java-checks-testkit/target/java-checks-testkit-5.5.0-SNAPSHOT.jar
[INFO] 
[INFO] --- maven-source-plugin:3.0.1:jar-no-fork (attach-sources) @ java-checks-testkit ---
[INFO] Building jar: /home/travis/build/SonarSource/sonar-java/java-checks-testkit/target/java-checks-testkit-5.5.0-SNAPSHOT-sources.jar
[INFO] 
[INFO] ------------------------------------------------------------------------
[INFO] Building SonarQube Java :: Checks 5.5.0-SNAPSHOT
[INFO] ------------------------------------------------------------------------
[INFO] 
[INFO] --- buildnumber-maven-plugin:1.4:create (default) @ java-checks ---
[INFO] 
[INFO] --- maven-enforcer-plugin:3.0.0-M1:enforce (enforce) @ java-checks ---
[INFO] 
[INFO] --- license-maven-plugin:3.0:check (enforce-license-headers) @ java-checks ---
[INFO] Checking licenses...
[WARNING] Missing header in: /home/travis/build/SonarSource/sonar-java/java-checks/src/main/java/org/sonar/java/checks/spring/SpringComponentScanCheck.java
[WARNING] Missing header in: /home/travis/build/SonarSource/sonar-java/java-checks/src/test/java/org/sonar/java/checks/spring/SpringComponentScanCheckTest.java
[INFO] ------------------------------------------------------------------------
[INFO] Reactor Summary:
[INFO] 
[INFO] SonarJava .......................................... SUCCESS [  6.962 s]
[INFO] SonarQube Java :: Maven model generator ............ SUCCESS [  7.618 s]
[INFO] SonarQube Java :: Front-end ........................ SUCCESS [01:34 min]
[INFO] SonarQube Java :: Check Test tool kit .............. SUCCESS [  7.269 s]
[INFO] SonarQube Java :: Checks ........................... FAILURE [  0.574 s]
[INFO] SonarQube Java :: Surefire ......................... SKIPPED
[INFO] java-jacoco-previous ............................... SKIPPED
[INFO] SonarQube Java :: JaCoCo ........................... SKIPPED
[INFO] SonarQube Java :: Plugin ........................... SKIPPED
[INFO] SonarQube Java :: JaCoCo Listeners ................. SKIPPED
[INFO] SonarQube Java :: ITs .............................. SKIPPED
[INFO] SonarQube Java :: ITs :: Performancing ............. SKIPPED
[INFO] SonarQube Java :: ITs :: Plugin .................... SKIPPED
[INFO] SonarQube Java :: ITs :: Plugin :: Plugins ......... SKIPPED
[INFO] SonarQube Java :: ITS :: Plugin :: Java Extension Plugin SKIPPED
[INFO] SonarQube Java :: ITs :: Plugin :: Tests ........... SKIPPED
[INFO] SonarQube Java :: ITs :: Ruling .................... SKIPPED
[INFO] SonarQube Java :: ITs :: Semantic .................. SKIPPED
[INFO] SonarQube Java :: ITS :: Semantic :: Java Debugging Plugin SKIPPED
[INFO] SonarQube Java :: ITs :: Semantic :: Tests ......... SKIPPED
[INFO] ------------------------------------------------------------------------
[INFO] BUILD FAILURE
[INFO] ------------------------------------------------------------------------
[INFO] Total time: 01:58 min
[INFO] Finished at: 2018-06-21T13:13:52Z
[INFO] Final Memory: 56M/969M
[INFO] ------------------------------------------------------------------------
[ERROR] Failed to execute goal com.mycila:license-maven-plugin:3.0:check (enforce-license-headers) on project java-checks: Some files do not have the expected license header -> [Help 1]
org.apache.maven.lifecycle.LifecycleExecutionException: Failed to execute goal com.mycila:license-maven-plugin:3.0:check (enforce-license-headers) on project java-checks: Some files do not have the expected license header
    at org.apache.maven.lifecycle.internal.MojoExecutor.execute (MojoExecutor.java:213)
    at org.apache.maven.lifecycle.internal.MojoExecutor.execute (MojoExecutor.java:154)
    at org.apache.maven.lifecycle.internal.MojoExecutor.execute (MojoExecutor.java:146)
    at org.apache.maven.lifecycle.internal.LifecycleModuleBuilder.buildProject (LifecycleModuleBuilder.java:117)
    at org.apache.maven.lifecycle.internal.LifecycleModuleBuilder.buildProject (LifecycleModuleBuilder.java:81)
    at org.apache.maven.lifecycle.internal.builder.singlethreaded.SingleThreadedBuilder.build (SingleThreadedBuilder.java:51)
    at org.apache.maven.lifecycle.internal.LifecycleStarter.execute (LifecycleStarter.java:128)
    at org.apache.maven.DefaultMaven.doExecute (DefaultMaven.java:309)
    at org.apache.maven.DefaultMaven.doExecute (DefaultMaven.java:194)
    at org.apache.maven.DefaultMaven.execute (DefaultMaven.java:107)
    at org.apache.maven.cli.MavenCli.execute (MavenCli.java:955)
    at org.apache.maven.cli.MavenCli.doMain (MavenCli.java:290)
    at org.apache.maven.cli.MavenCli.main (MavenCli.java:194)
    at sun.reflect.NativeMethodAccessorImpl.invoke0 (Native Method)
    at sun.reflect.NativeMethodAccessorImpl.invoke (NativeMethodAccessorImpl.java:62)
    at sun.reflect.DelegatingMethodAccessorImpl.invoke (DelegatingMethodAccessorImpl.java:43)
    at java.lang.reflect.Method.invoke (Method.java:498)
    at org.codehaus.plexus.classworlds.launcher.Launcher.launchEnhanced (Launcher.java:289)
    at org.codehaus.plexus.classworlds.launcher.Launcher.launch (Launcher.java:229)
    at org.codehaus.plexus.classworlds.launcher.Launcher.mainWithExitCode (Launcher.java:415)
    at org.codehaus.plexus.classworlds.launcher.Launcher.main (Launcher.java:356)
Caused by: org.apache.maven.plugin.MojoExecutionException: Some files do not have the expected license header
    at com.mycila.maven.plugin.license.LicenseCheckMojo.execute (LicenseCheckMojo.java:74)
    at org.apache.maven.plugin.DefaultBuildPluginManager.executeMojo (DefaultBuildPluginManager.java:134)
    at org.apache.maven.lifecycle.internal.MojoExecutor.execute (MojoExecutor.java:208)
    at org.apache.maven.lifecycle.internal.MojoExecutor.execute (MojoExecutor.java:154)
    at org.apache.maven.lifecycle.internal.MojoExecutor.execute (MojoExecutor.java:146)
    at org.apache.maven.lifecycle.internal.LifecycleModuleBuilder.buildProject (LifecycleModuleBuilder.java:117)
    at org.apache.maven.lifecycle.internal.LifecycleModuleBuilder.buildProject (LifecycleModuleBuilder.java:81)
    at org.apache.maven.lifecycle.internal.builder.singlethreaded.SingleThreadedBuilder.build (SingleThreadedBuilder.java:51)
    at org.apache.maven.lifecycle.internal.LifecycleStarter.execute (LifecycleStarter.java:128)
    at org.apache.maven.DefaultMaven.doExecute (DefaultMaven.java:309)
    at org.apache.maven.DefaultMaven.doExecute (DefaultMaven.java:194)
    at org.apache.maven.DefaultMaven.execute (DefaultMaven.java:107)
    at org.apache.maven.cli.MavenCli.execute (MavenCli.java:955)
    at org.apache.maven.cli.MavenCli.doMain (MavenCli.java:290)
    at org.apache.maven.cli.MavenCli.main (MavenCli.java:194)
    at sun.reflect.NativeMethodAccessorImpl.invoke0 (Native Method)
    at sun.reflect.NativeMethodAccessorImpl.invoke (NativeMethodAccessorImpl.java:62)
    at sun.reflect.DelegatingMethodAccessorImpl.invoke (DelegatingMethodAccessorImpl.java:43)
    at java.lang.reflect.Method.invoke (Method.java:498)
    at org.codehaus.plexus.classworlds.launcher.Launcher.launchEnhanced (Launcher.java:289)
    at org.codehaus.plexus.classworlds.launcher.Launcher.launch (Launcher.java:229)
    at org.codehaus.plexus.classworlds.launcher.Launcher.mainWithExitCode (Launcher.java:415)
    at org.codehaus.plexus.classworlds.launcher.Launcher.main (Launcher.java:356)
[ERROR] 
[ERROR] Re-run Maven using the -X switch to enable full debug logging.
[ERROR] 
[ERROR] For more information about the errors and possible solutions, please read the following articles:
[ERROR] [Help 1] http://cwiki.apache.org/confluence/display/MAVEN/MojoExecutionException
[ERROR] 
[ERROR] After correcting the problems, you can resume the build with the command
[ERROR]   mvn <goals> -rf :java-checks

travis_time:end:132fad36:start=1529586702775657750,finish=1529586833231650477,duration=130455992727[0K
[31;1mThe command "./travis.sh" exited with 1.[0m
travis_fold:start:before_cache.1[0Ktravis_time:start:05f8a3b8[0K$ rm -rf $HOME/.m2/repository/org/sonarsource/java

travis_time:end:05f8a3b8:start=1529586833240407080,finish=1529586833248583074,duration=8175994[0Ktravis_fold:end:before_cache.1[0Ktravis_fold:start:before_cache.2[0Ktravis_time:start:025a0c31[0K$ find $HOME/.m2 -name resolver-status.properties -exec rm {} \;

travis_time:end:025a0c31:start=1529586833256742808,finish=1529586833305976071,duration=49233263[0Ktravis_fold:end:before_cache.2[0Ktravis_fold:start:cache.2[0Kstore build cache
travis_time:start:00a72c9d[0K
travis_time:end:00a72c9d:start=1529586833315475004,finish=1529586833322602956,duration=7127952[0Ktravis_time:start:2a30a698[0K[32;1mnothing changed, not updating cache[0m

travis_time:end:2a30a698:start=1529586833331387892,finish=1529586835982954101,duration=2651566209[0Ktravis_fold:end:cache.2[0K
Done. Your build exited with 1.
