travis_fold:start:worker_info[0K[33;1mWorker information[0m
hostname: b3c729b2-815c-4375-85ac-bf91ac7f9673@1.i-0470ab7-production-2-worker-org-ec2.travisci.net
version: v3.8.0 https://github.com/travis-ci/worker/tree/cccff7c89da7ba0cf47a90e5615266a45b372e30
instance: c737d28 travisci/ci-garnet:packer-1512502276-986baf0 (via amqp)
startup: 522.044959ms
travis_fold:end:worker_info[0Ktravis_fold:start:system_info[0K[33;1mBuild system information[0m
Build language: java
Build group: stable
Build dist: trusty
Build id: 393703818
Job id: 393703819
Runtime kernel version: 4.14.12-041412-generic
travis-build version: d10a97633
[34m[1mBuild image provisioning date and time[0m
Tue Dec  5 20:11:19 UTC 2017
[34m[1mOperating System Details[0m
Distributor ID:	Ubuntu
Description:	Ubuntu 14.04.5 LTS
Release:	14.04
Codename:	trusty
[34m[1mCookbooks Version[0m
7c2c6a6 https://github.com/travis-ci/travis-cookbooks/tree/7c2c6a6
[34m[1mgit version[0m
git version 2.15.1
[34m[1mbash version[0m
GNU bash, version 4.3.11(1)-release (x86_64-pc-linux-gnu)
[34m[1mgcc version[0m
gcc (Ubuntu 4.8.4-2ubuntu1~14.04.3) 4.8.4
Copyright (C) 2013 Free Software Foundation, Inc.
This is free software; see the source for copying conditions.  There is NO
warranty; not even for MERCHANTABILITY or FITNESS FOR A PARTICULAR PURPOSE.

[34m[1mdocker version[0m
Client:
 Version:      17.09.0-ce
 API version:  1.32
 Go version:   go1.8.3
 Git commit:   afdb6d4
 Built:        Tue Sep 26 22:39:28 2017
 OS/Arch:      linux/amd64
[34m[1mclang version[0m
clang version 5.0.0 (tags/RELEASE_500/final)
Target: x86_64-unknown-linux-gnu
Thread model: posix
InstalledDir: /usr/local/clang-5.0.0/bin
[34m[1mjq version[0m
jq-1.5
[34m[1mbats version[0m
Bats 0.4.0
[34m[1mshellcheck version[0m
0.4.6
[34m[1mshfmt version[0m
v2.0.0
[34m[1mccache version[0m
ccache version 3.1.9

Copyright (C) 2002-2007 Andrew Tridgell
Copyright (C) 2009-2011 Joel Rosdahl

This program is free software; you can redistribute it and/or modify it under
the terms of the GNU General Public License as published by the Free Software
Foundation; either version 3 of the License, or (at your option) any later
version.
[34m[1mcmake version[0m
cmake version 3.9.2

CMake suite maintained and supported by Kitware (kitware.com/cmake).
[34m[1mheroku version[0m
heroku-cli/6.14.39-addc925 (linux-x64) node-v9.2.0
[34m[1mimagemagick version[0m
Version: ImageMagick 6.7.7-10 2017-07-31 Q16 http://www.imagemagick.org
[34m[1mmd5deep version[0m
4.2
[34m[1mmercurial version[0m
Mercurial Distributed SCM (version 4.2.2)
(see https://mercurial-scm.org for more information)

Copyright (C) 2005-2017 Matt Mackall and others
This is free software; see the source for copying conditions. There is NO
warranty; not even for MERCHANTABILITY or FITNESS FOR A PARTICULAR PURPOSE.
[34m[1mmysql version[0m
mysql  Ver 14.14 Distrib 5.6.33, for debian-linux-gnu (x86_64) using  EditLine wrapper
[34m[1mopenssl version[0m
OpenSSL 1.0.1f 6 Jan 2014
[34m[1mpacker version[0m
Packer v1.0.2

Your version of Packer is out of date! The latest version
is 1.1.2. You can update by downloading from www.packer.io
[34m[1mpostgresql client version[0m
psql (PostgreSQL) 9.6.6
[34m[1mragel version[0m
Ragel State Machine Compiler version 6.8 Feb 2013
Copyright (c) 2001-2009 by Adrian Thurston
[34m[1msubversion version[0m
svn, version 1.8.8 (r1568071)
   compiled Aug 10 2017, 17:20:39 on x86_64-pc-linux-gnu

Copyright (C) 2013 The Apache Software Foundation.
This software consists of contributions made by many people;
see the NOTICE file for more information.
Subversion is open source software, see http://subversion.apache.org/

The following repository access (RA) modules are available:

* ra_svn : Module for accessing a repository using the svn network protocol.
  - with Cyrus SASL authentication
  - handles 'svn' scheme
* ra_local : Module for accessing a repository on local disk.
  - handles 'file' scheme
* ra_serf : Module for accessing a repository via WebDAV protocol using serf.
  - using serf 1.3.3
  - handles 'http' scheme
  - handles 'https' scheme

[34m[1msudo version[0m
Sudo version 1.8.9p5
Configure options: --prefix=/usr -v --with-all-insults --with-pam --with-fqdn --with-logging=syslog --with-logfac=authpriv --with-env-editor --with-editor=/usr/bin/editor --with-timeout=15 --with-password-timeout=0 --with-passprompt=[sudo] password for %p:  --without-lecture --with-tty-tickets --disable-root-mailer --enable-admin-flag --with-sendmail=/usr/sbin/sendmail --with-timedir=/var/lib/sudo --mandir=/usr/share/man --libexecdir=/usr/lib/sudo --with-sssd --with-sssd-lib=/usr/lib/x86_64-linux-gnu --with-selinux
Sudoers policy plugin version 1.8.9p5
Sudoers file grammar version 43

Sudoers path: /etc/sudoers
Authentication methods: 'pam'
Syslog facility if syslog is being used for logging: authpriv
Syslog priority to use when user authenticates successfully: notice
Syslog priority to use when user authenticates unsuccessfully: alert
Send mail if the user is not in sudoers
Use a separate timestamp for each user/tty combo
Lecture user the first time they run sudo
Root may run sudo
Allow some information gathering to give useful error messages
Require fully-qualified hostnames in the sudoers file
Visudo will honor the EDITOR environment variable
Set the LOGNAME and USER environment variables
Length at which to wrap log file lines (0 for no wrap): 80
Authentication timestamp timeout: 15.0 minutes
Password prompt timeout: 0.0 minutes
Number of tries to enter a password: 3
Umask to use or 0777 to use user's: 022
Path to mail program: /usr/sbin/sendmail
Flags for mail program: -t
Address to send mail to: root
Subject line for mail messages: *** SECURITY information for %h ***
Incorrect password message: Sorry, try again.
Path to authentication timestamp dir: /var/lib/sudo
Default password prompt: [sudo] password for %p: 
Default user to run commands as: root
Value to override user's $PATH with: /usr/local/sbin:/usr/local/bin:/usr/sbin:/usr/bin:/sbin:/bin:/snap/bin
Path to the editor for use by visudo: /usr/bin/editor
When to require a password for 'list' pseudocommand: any
When to require a password for 'verify' pseudocommand: all
File descriptors >= 3 will be closed before executing a command
Environment variables to check for sanity:
	TZ
	TERM
	LINGUAS
	LC_*
	LANGUAGE
	LANG
	COLORTERM
Environment variables to remove:
	RUBYOPT
	RUBYLIB
	PYTHONUSERBASE
	PYTHONINSPECT
	PYTHONPATH
	PYTHONHOME
	TMPPREFIX
	ZDOTDIR
	READNULLCMD
	NULLCMD
	FPATH
	PERL5DB
	PERL5OPT
	PERL5LIB
	PERLLIB
	PERLIO_DEBUG 
	JAVA_TOOL_OPTIONS
	SHELLOPTS
	GLOBIGNORE
	PS4
	BASH_ENV
	ENV
	TERMCAP
	TERMPATH
	TERMINFO_DIRS
	TERMINFO
	_RLD*
	LD_*
	PATH_LOCALE
	NLSPATH
	HOSTALIASES
	RES_OPTIONS
	LOCALDOMAIN
	CDPATH
	IFS
Environment variables to preserve:
	JAVA_HOME
	TRAVIS
	CI
	DEBIAN_FRONTEND
	XAUTHORIZATION
	XAUTHORITY
	PS2
	PS1
	PATH
	LS_COLORS
	KRB5CCNAME
	HOSTNAME
	HOME
	DISPLAY
	COLORS
Locale to use while parsing sudoers: C
Directory in which to store input/output logs: /var/log/sudo-io
File in which to store the input/output log: %{seq}
Add an entry to the utmp/utmpx file when allocating a pty
PAM service name to use
PAM service name to use for login shells
Create a new PAM session for the command to run in
Maximum I/O log sequence number: 0

Local IP address and netmask pairs:
	172.17.0.2/255.255.0.0

Sudoers I/O plugin version 1.8.9p5
[34m[1mgzip version[0m
gzip 1.6
Copyright (C) 2007, 2010, 2011 Free Software Foundation, Inc.
Copyright (C) 1993 Jean-loup Gailly.
This is free software.  You may redistribute copies of it under the terms of
the GNU General Public License <http://www.gnu.org/licenses/gpl.html>.
There is NO WARRANTY, to the extent permitted by law.

Written by Jean-loup Gailly.
[34m[1mzip version[0m
Copyright (c) 1990-2008 Info-ZIP - Type 'zip "-L"' for software license.
This is Zip 3.0 (July 5th 2008), by Info-ZIP.
Currently maintained by E. Gordon.  Please send bug reports to
the authors using the web page at www.info-zip.org; see README for details.

Latest sources and executables are at ftp://ftp.info-zip.org/pub/infozip,
as of above date; see http://www.info-zip.org/ for other sites.

Compiled with gcc 4.8.2 for Unix (Linux ELF) on Oct 21 2013.

Zip special compilation options:
	USE_EF_UT_TIME       (store Universal Time)
	BZIP2_SUPPORT        (bzip2 library version 1.0.6, 6-Sept-2010)
	    bzip2 code and library copyright (c) Julian R Seward
	    (See the bzip2 license for terms of use)
	SYMLINK_SUPPORT      (symbolic links supported)
	LARGE_FILE_SUPPORT   (can read and write large files on file system)
	ZIP64_SUPPORT        (use Zip64 to store large files in archives)
	UNICODE_SUPPORT      (store and read UTF-8 Unicode paths)
	STORE_UNIX_UIDs_GIDs (store UID/GID sizes/values using new extra field)
	UIDGID_NOT_16BIT     (old Unix 16-bit UID/GID extra field not used)
	[encryption, version 2.91 of 05 Jan 2007] (modified for Zip 3)

Encryption notice:
	The encryption code of this program is not copyrighted and is
	put in the public domain.  It was originally written in Europe
	and, to the best of our knowledge, can be freely distributed
	in both source and object forms from any country, including
	the USA under License Exception TSU of the U.S. Export
	Administration Regulations (section 740.13(e)) of 6 June 2002.

Zip environment options:
             ZIP:  [none]
          ZIPOPT:  [none]
[34m[1mvim version[0m
VIM - Vi IMproved 7.4 (2013 Aug 10, compiled Nov 24 2016 16:43:18)
Included patches: 1-52
Extra patches: 8.0.0056
Modified by pkg-vim-maintainers@lists.alioth.debian.org
Compiled by buildd@
Huge version without GUI.  Features included (+) or not (-):
+acl             +farsi           +mouse_netterm   +syntax
+arabic          +file_in_path    +mouse_sgr       +tag_binary
+autocmd         +find_in_path    -mouse_sysmouse  +tag_old_static
-balloon_eval    +float           +mouse_urxvt     -tag_any_white
-browse          +folding         +mouse_xterm     -tcl
++builtin_terms  -footer          +multi_byte      +terminfo
+byte_offset     +fork()          +multi_lang      +termresponse
+cindent         +gettext         -mzscheme        +textobjects
-clientserver    -hangul_input    +netbeans_intg   +title
-clipboard       +iconv           +path_extra      -toolbar
+cmdline_compl   +insert_expand   -perl            +user_commands
+cmdline_hist    +jumplist        +persistent_undo +vertsplit
+cmdline_info    +keymap          +postscript      +virtualedit
+comments        +langmap         +printer         +visual
+conceal         +libcall         +profile         +visualextra
+cryptv          +linebreak       +python          +viminfo
+cscope          +lispindent      -python3         +vreplace
+cursorbind      +listcmds        +quickfix        +wildignore
+cursorshape     +localmap        +reltime         +wildmenu
+dialog_con      -lua             +rightleft       +windows
+diff            +menu            -ruby            +writebackup
+digraphs        +mksession       +scrollbind      -X11
-dnd             +modify_fname    +signs           -xfontset
-ebcdic          +mouse           +smartindent     -xim
+emacs_tags      -mouseshape      -sniff           -xsmp
+eval            +mouse_dec       +startuptime     -xterm_clipboard
+ex_extra        +mouse_gpm       +statusline      -xterm_save
+extra_search    -mouse_jsbterm   -sun_workshop    -xpm
   system vimrc file: "$VIM/vimrc"
     user vimrc file: "$HOME/.vimrc"
 2nd user vimrc file: "~/.vim/vimrc"
      user exrc file: "$HOME/.exrc"
  fall-back for $VIM: "/usr/share/vim"
Compilation: gcc -c -I. -Iproto -DHAVE_CONFIG_H     -g -O2 -fstack-protector --param=ssp-buffer-size=4 -Wformat -Werror=format-security -U_FORTIFY_SOURCE -D_FORTIFY_SOURCE=1      
Linking: gcc   -Wl,-Bsymbolic-functions -Wl,-z,relro -Wl,--as-needed -o vim        -lm -ltinfo -lnsl  -lselinux  -lacl -lattr -lgpm -ldl    -L/usr/lib/python2.7/config-x86_64-linux-gnu -lpython2.7 -lpthread -ldl -lutil -lm -Xlinker -export-dynamic -Wl,-O1 -Wl,-Bsymbolic-functions      
[34m[1miptables version[0m
iptables v1.4.21
[34m[1mcurl version[0m
curl 7.35.0 (x86_64-pc-linux-gnu) libcurl/7.35.0 OpenSSL/1.0.1f zlib/1.2.8 libidn/1.28 librtmp/2.3
[34m[1mwget version[0m
GNU Wget 1.15 built on linux-gnu.
[34m[1mrsync version[0m
rsync  version 3.1.0  protocol version 31
[34m[1mgimme version[0m
v1.2.0
[34m[1mnvm version[0m
0.33.6
[34m[1mperlbrew version[0m
/home/travis/perl5/perlbrew/bin/perlbrew  - App::perlbrew/0.80
[34m[1mphpenv version[0m
rbenv 1.1.1-25-g6aa70b6
[34m[1mrvm version[0m
rvm 1.29.3 (latest) by Michal Papis, Piotr Kuczynski, Wayne E. Seguin [https://rvm.io]
[34m[1mdefault ruby version[0m
ruby 2.4.1p111 (2017-03-22 revision 58053) [x86_64-linux]
[34m[1mCouchDB version[0m
couchdb 1.6.1
[34m[1mElasticSearch version[0m
5.5.0
[34m[1mInstalled Firefox version[0m
firefox 56.0.2
[34m[1mMongoDB version[0m
MongoDB 3.4.10
[34m[1mPhantomJS version[0m
2.1.1
[34m[1mPre-installed PostgreSQL versions[0m
9.2.24
9.3.20
9.4.15
9.5.10
9.6.6
[34m[1mRabbitMQ Version[0m
3.6.14
[34m[1mRedis version[0m
redis-server 4.0.6
[34m[1mriak version[0m
2.2.3
[34m[1mPre-installed Go versions[0m
1.7.4
[34m[1mant version[0m
Apache Ant(TM) version 1.9.3 compiled on April 8 2014
[34m[1mmvn version[0m
Apache Maven 3.5.2 (138edd61fd100ec658bfa2d307c43b76940a5d7d; 2017-10-18T07:58:13Z)
Maven home: /usr/local/maven-3.5.2
Java version: 1.8.0_151, vendor: Oracle Corporation
Java home: /usr/lib/jvm/java-8-oracle/jre
Default locale: en_US, platform encoding: UTF-8
OS name: "linux", version: "4.4.0-101-generic", arch: "amd64", family: "unix"
[34m[1mgradle version[0m

------------------------------------------------------------
Gradle 4.0.1
------------------------------------------------------------

Build time:   2017-07-07 14:02:41 UTC
Revision:     38e5dc0f772daecca1d2681885d3d85414eb6826

Groovy:       2.4.11
Ant:          Apache Ant(TM) version 1.9.6 compiled on June 29 2015
JVM:          1.8.0_151 (Oracle Corporation 25.151-b12)
OS:           Linux 4.4.0-101-generic amd64

[34m[1mlein version[0m
Leiningen 2.8.1 on Java 1.8.0_151 Java HotSpot(TM) 64-Bit Server VM
[34m[1mPre-installed Node.js versions[0m
v4.8.6
v6.12.0
v6.12.1
v8.9
v8.9.1
[34m[1mphpenv versions[0m
  system
  5.6
* 5.6.32 (set by /home/travis/.phpenv/version)
  7.0
  7.0.25
  7.1
  7.1.11
  hhvm
  hhvm-stable
[34m[1mcomposer --version[0m
Composer version 1.5.2 2017-09-11 16:59:25
[34m[1mPre-installed Ruby versions[0m
ruby-2.2.7
ruby-2.3.4
ruby-2.4.1
travis_fold:end:system_info[0K
[32;1mNetwork availability confirmed.[0m

$ jdk_switcher use oraclejdk9
Switching to Oracle JDK9 (java-9-oracle), JAVA_HOME will be set to /usr/lib/jvm/java-9-oracle

travis_fold:start:git.checkout[0Ktravis_time:start:1d0a5871[0K$ git clone --depth=50 https://github.com/google/auto.git google/auto
Cloning into 'google/auto'...
remote: Counting objects: 1387, done.[K
remote: Compressing objects:   0% (1/529)   [Kremote: Compressing objects:   1% (6/529)   [Kremote: Compressing objects:   2% (11/529)   [Kremote: Compressing objects:   3% (16/529)   [Kremote: Compressing objects:   4% (22/529)   [Kremote: Compressing objects:   5% (27/529)   [Kremote: Compressing objects:   6% (32/529)   [Kremote: Compressing objects:   7% (38/529)   [Kremote: Compressing objects:   8% (43/529)   [Kremote: Compressing objects:   9% (48/529)   [Kremote: Compressing objects:  10% (53/529)   [Kremote: Compressing objects:  11% (59/529)   [Kremote: Compressing objects:  12% (64/529)   [Kremote: Compressing objects:  13% (69/529)   [Kremote: Compressing objects:  14% (75/529)   [Kremote: Compressing objects:  15% (80/529)   [Kremote: Compressing objects:  16% (85/529)   [Kremote: Compressing objects:  17% (90/529)   [Kremote: Compressing objects:  18% (96/529)   [Kremote: Compressing objects:  19% (101/529)   [Kremote: Compressing objects:  20% (106/529)   [Kremote: Compressing objects:  21% (112/529)   [Kremote: Compressing objects:  22% (117/529)   [Kremote: Compressing objects:  23% (122/529)   [Kremote: Compressing objects:  24% (127/529)   [Kremote: Compressing objects:  25% (133/529)   [Kremote: Compressing objects:  26% (138/529)   [Kremote: Compressing objects:  27% (143/529)   [Kremote: Compressing objects:  28% (149/529)   [Kremote: Compressing objects:  29% (154/529)   [Kremote: Compressing objects:  30% (159/529)   [Kremote: Compressing objects:  31% (164/529)   [Kremote: Compressing objects:  32% (170/529)   [Kremote: Compressing objects:  33% (175/529)   [Kremote: Compressing objects:  34% (180/529)   [Kremote: Compressing objects:  35% (186/529)   [Kremote: Compressing objects:  36% (191/529)   [Kremote: Compressing objects:  37% (196/529)   [Kremote: Compressing objects:  38% (202/529)   [Kremote: Compressing objects:  39% (207/529)   [Kremote: Compressing objects:  40% (212/529)   [Kremote: Compressing objects:  41% (217/529)   [Kremote: Compressing objects:  42% (223/529)   [Kremote: Compressing objects:  43% (228/529)   [Kremote: Compressing objects:  44% (233/529)   [Kremote: Compressing objects:  45% (239/529)   [Kremote: Compressing objects:  46% (244/529)   [Kremote: Compressing objects:  47% (249/529)   [Kremote: Compressing objects:  48% (254/529)   [Kremote: Compressing objects:  49% (260/529)   [Kremote: Compressing objects:  50% (265/529)   [Kremote: Compressing objects:  51% (270/529)   [Kremote: Compressing objects:  52% (276/529)   [Kremote: Compressing objects:  53% (281/529)   [Kremote: Compressing objects:  54% (286/529)   [Kremote: Compressing objects:  55% (291/529)   [Kremote: Compressing objects:  56% (297/529)   [Kremote: Compressing objects:  57% (302/529)   [Kremote: Compressing objects:  58% (307/529)   [Kremote: Compressing objects:  59% (313/529)   [Kremote: Compressing objects:  60% (318/529)   [Kremote: Compressing objects:  61% (323/529)   [Kremote: Compressing objects:  62% (328/529)   [Kremote: Compressing objects:  63% (334/529)   [Kremote: Compressing objects:  64% (339/529)   [Kremote: Compressing objects:  65% (344/529)   [Kremote: Compressing objects:  66% (350/529)   [Kremote: Compressing objects:  67% (355/529)   [Kremote: Compressing objects:  68% (360/529)   [Kremote: Compressing objects:  69% (366/529)   [Kremote: Compressing objects:  70% (371/529)   [Kremote: Compressing objects:  71% (376/529)   [Kremote: Compressing objects:  72% (381/529)   [Kremote: Compressing objects:  73% (387/529)   [Kremote: Compressing objects:  74% (392/529)   [Kremote: Compressing objects:  75% (397/529)   [Kremote: Compressing objects:  76% (403/529)   [Kremote: Compressing objects:  77% (408/529)   [Kremote: Compressing objects:  78% (413/529)   [Kremote: Compressing objects:  79% (418/529)   [Kremote: Compressing objects:  80% (424/529)   [Kremote: Compressing objects:  81% (429/529)   [Kremote: Compressing objects:  82% (434/529)   [Kremote: Compressing objects:  83% (440/529)   [Kremote: Compressing objects:  84% (445/529)   [Kremote: Compressing objects:  85% (450/529)   [Kremote: Compressing objects:  86% (455/529)   [Kremote: Compressing objects:  87% (461/529)   [Kremote: Compressing objects:  88% (466/529)   [Kremote: Compressing objects:  89% (471/529)   [Kremote: Compressing objects:  90% (477/529)   [Kremote: Compressing objects:  91% (482/529)   [Kremote: Compressing objects:  92% (487/529)   [Kremote: Compressing objects:  93% (492/529)   [Kremote: Compressing objects:  94% (498/529)   [Kremote: Compressing objects:  95% (503/529)   [Kremote: Compressing objects:  96% (508/529)   [Kremote: Compressing objects:  97% (514/529)   [Kremote: Compressing objects:  98% (519/529)   [Kremote: Compressing objects:  99% (524/529)   [Kremote: Compressing objects: 100% (529/529)   [Kremote: Compressing objects: 100% (529/529), done.[K
Receiving objects:   0% (1/1387)   Receiving objects:   1% (14/1387)   Receiving objects:   2% (28/1387)   Receiving objects:   3% (42/1387)   Receiving objects:   4% (56/1387)   Receiving objects:   5% (70/1387)   Receiving objects:   6% (84/1387)   Receiving objects:   7% (98/1387)   Receiving objects:   8% (111/1387)   Receiving objects:   9% (125/1387)   Receiving objects:  10% (139/1387)   Receiving objects:  11% (153/1387)   Receiving objects:  12% (167/1387)   Receiving objects:  13% (181/1387)   Receiving objects:  14% (195/1387)   Receiving objects:  15% (209/1387)   Receiving objects:  16% (222/1387)   Receiving objects:  17% (236/1387)   Receiving objects:  18% (250/1387)   Receiving objects:  19% (264/1387)   Receiving objects:  20% (278/1387)   Receiving objects:  21% (292/1387)   Receiving objects:  22% (306/1387)   Receiving objects:  23% (320/1387)   Receiving objects:  24% (333/1387)   Receiving objects:  25% (347/1387)   Receiving objects:  26% (361/1387)   Receiving objects:  27% (375/1387)   Receiving objects:  28% (389/1387)   Receiving objects:  29% (403/1387)   Receiving objects:  30% (417/1387)   Receiving objects:  31% (430/1387)   Receiving objects:  32% (444/1387)   Receiving objects:  33% (458/1387)   Receiving objects:  34% (472/1387)   Receiving objects:  35% (486/1387)   Receiving objects:  36% (500/1387)   Receiving objects:  37% (514/1387)   Receiving objects:  38% (528/1387)   Receiving objects:  39% (541/1387)   Receiving objects:  40% (555/1387)   Receiving objects:  41% (569/1387)   Receiving objects:  42% (583/1387)   Receiving objects:  43% (597/1387)   Receiving objects:  44% (611/1387)   Receiving objects:  45% (625/1387)   Receiving objects:  46% (639/1387)   Receiving objects:  47% (652/1387)   Receiving objects:  48% (666/1387)   Receiving objects:  49% (680/1387)   Receiving objects:  50% (694/1387)   Receiving objects:  51% (708/1387)   Receiving objects:  52% (722/1387)   Receiving objects:  53% (736/1387)   Receiving objects:  54% (749/1387)   Receiving objects:  55% (763/1387)   Receiving objects:  56% (777/1387)   Receiving objects:  57% (791/1387)   Receiving objects:  58% (805/1387)   Receiving objects:  59% (819/1387)   Receiving objects:  60% (833/1387)   Receiving objects:  61% (847/1387)   Receiving objects:  62% (860/1387)   Receiving objects:  63% (874/1387)   Receiving objects:  64% (888/1387)   Receiving objects:  65% (902/1387)   Receiving objects:  66% (916/1387)   Receiving objects:  67% (930/1387)   Receiving objects:  68% (944/1387)   Receiving objects:  69% (958/1387)   remote: Total 1387 (delta 582), reused 1129 (delta 452), pack-reused 0[K
Receiving objects:  70% (971/1387)   Receiving objects:  71% (985/1387)   Receiving objects:  72% (999/1387)   Receiving objects:  73% (1013/1387)   Receiving objects:  74% (1027/1387)   Receiving objects:  75% (1041/1387)   Receiving objects:  76% (1055/1387)   Receiving objects:  77% (1068/1387)   Receiving objects:  78% (1082/1387)   Receiving objects:  79% (1096/1387)   Receiving objects:  80% (1110/1387)   Receiving objects:  81% (1124/1387)   Receiving objects:  82% (1138/1387)   Receiving objects:  83% (1152/1387)   Receiving objects:  84% (1166/1387)   Receiving objects:  85% (1179/1387)   Receiving objects:  86% (1193/1387)   Receiving objects:  87% (1207/1387)   Receiving objects:  88% (1221/1387)   Receiving objects:  89% (1235/1387)   Receiving objects:  90% (1249/1387)   Receiving objects:  91% (1263/1387)   Receiving objects:  92% (1277/1387)   Receiving objects:  93% (1290/1387)   Receiving objects:  94% (1304/1387)   Receiving objects:  95% (1318/1387)   Receiving objects:  96% (1332/1387)   Receiving objects:  97% (1346/1387)   Receiving objects:  98% (1360/1387)   Receiving objects:  99% (1374/1387)   Receiving objects: 100% (1387/1387)   Receiving objects: 100% (1387/1387), 549.10 KiB | 13.39 MiB/s, done.
Resolving deltas:   0% (0/582)   Resolving deltas:   2% (12/582)   Resolving deltas:   3% (20/582)   Resolving deltas:   4% (29/582)   Resolving deltas:   7% (42/582)   Resolving deltas:   8% (47/582)   Resolving deltas:   9% (53/582)   Resolving deltas:  12% (72/582)   Resolving deltas:  14% (82/582)   Resolving deltas:  15% (88/582)   Resolving deltas:  16% (97/582)   Resolving deltas:  17% (101/582)   Resolving deltas:  18% (108/582)   Resolving deltas:  20% (118/582)   Resolving deltas:  21% (124/582)   Resolving deltas:  23% (134/582)   Resolving deltas:  24% (145/582)   Resolving deltas:  25% (149/582)   Resolving deltas:  33% (197/582)   Resolving deltas:  34% (198/582)   Resolving deltas:  35% (204/582)   Resolving deltas:  36% (210/582)   Resolving deltas:  37% (217/582)   Resolving deltas:  38% (224/582)   Resolving deltas:  39% (231/582)   Resolving deltas:  40% (234/582)   Resolving deltas:  41% (242/582)   Resolving deltas:  42% (246/582)   Resolving deltas:  43% (254/582)   Resolving deltas:  44% (257/582)   Resolving deltas:  45% (262/582)   Resolving deltas:  46% (270/582)   Resolving deltas:  47% (274/582)   Resolving deltas:  55% (323/582)   Resolving deltas:  59% (347/582)   Resolving deltas:  60% (352/582)   Resolving deltas:  62% (362/582)   Resolving deltas:  63% (368/582)   Resolving deltas:  66% (385/582)   Resolving deltas:  67% (390/582)   Resolving deltas:  68% (398/582)   Resolving deltas:  69% (402/582)   Resolving deltas:  70% (408/582)   Resolving deltas:  71% (416/582)   Resolving deltas:  72% (420/582)   Resolving deltas:  73% (425/582)   Resolving deltas:  75% (437/582)   Resolving deltas:  76% (443/582)   Resolving deltas:  77% (450/582)   Resolving deltas:  78% (456/582)   Resolving deltas:  80% (467/582)   Resolving deltas:  81% (476/582)   Resolving deltas:  82% (481/582)   Resolving deltas:  83% (486/582)   Resolving deltas:  84% (489/582)   Resolving deltas:  85% (497/582)   Resolving deltas:  86% (501/582)   Resolving deltas:  87% (507/582)   Resolving deltas:  88% (516/582)   Resolving deltas:  89% (520/582)   Resolving deltas:  91% (534/582)   Resolving deltas:  92% (538/582)   Resolving deltas:  93% (544/582)   Resolving deltas:  94% (551/582)   Resolving deltas:  95% (554/582)   Resolving deltas:  97% (570/582)   Resolving deltas:  98% (571/582)   Resolving deltas:  99% (580/582)   Resolving deltas: 100% (582/582)   Resolving deltas: 100% (582/582), done.

travis_time:end:1d0a5871:start=1529337383452067087,finish=1529337384074093188,duration=622026101[0K$ cd google/auto
travis_time:start:2200de18[0K$ git fetch origin +refs/pull/643/merge:
remote: Counting objects: 28, done.[K
remote: Compressing objects:  12% (1/8)   [Kremote: Compressing objects:  25% (2/8)   [Kremote: Compressing objects:  37% (3/8)   [Kremote: Compressing objects:  50% (4/8)   [Kremote: Compressing objects:  62% (5/8)   [Kremote: Compressing objects:  75% (6/8)   [Kremote: Compressing objects:  87% (7/8)   [Kremote: Compressing objects: 100% (8/8)   [Kremote: Compressing objects: 100% (8/8), done.[K
remote: Total 28 (delta 10), reused 27 (delta 10), pack-reused 0[K
Unpacking objects:   3% (1/28)   Unpacking objects:   7% (2/28)   Unpacking objects:  10% (3/28)   Unpacking objects:  14% (4/28)   Unpacking objects:  17% (5/28)   Unpacking objects:  21% (6/28)   Unpacking objects:  25% (7/28)   Unpacking objects:  28% (8/28)   Unpacking objects:  32% (9/28)   Unpacking objects:  35% (10/28)   Unpacking objects:  39% (11/28)   Unpacking objects:  42% (12/28)   Unpacking objects:  46% (13/28)   Unpacking objects:  50% (14/28)   Unpacking objects:  53% (15/28)   Unpacking objects:  57% (16/28)   Unpacking objects:  60% (17/28)   Unpacking objects:  64% (18/28)   Unpacking objects:  67% (19/28)   Unpacking objects:  71% (20/28)   Unpacking objects:  75% (21/28)   Unpacking objects:  78% (22/28)   Unpacking objects:  82% (23/28)   Unpacking objects:  85% (24/28)   Unpacking objects:  89% (25/28)   Unpacking objects:  92% (26/28)   Unpacking objects:  96% (27/28)   Unpacking objects: 100% (28/28)   Unpacking objects: 100% (28/28), done.
From https://github.com/google/auto
 * branch            refs/pull/643/merge -> FETCH_HEAD

travis_time:end:2200de18:start=1529337384080899252,finish=1529337384340475847,duration=259576595[0K$ git checkout -qf FETCH_HEAD
travis_fold:end:git.checkout[0K[33;1mDisabling Gradle daemon[0m
$ mkdir -p ~/.gradle && echo "org.gradle.daemon=false" >> ~/.gradle/gradle.properties
$ java -Xmx32m -version
Picked up _JAVA_OPTIONS: -Xmx2048m -Xms512m
java version "9.0.1"
Java(TM) SE Runtime Environment (build 9.0.1+11)
Java HotSpot(TM) 64-Bit Server VM (build 9.0.1+11, mixed mode)
$ javac -J-Xmx32m -version
Picked up _JAVA_OPTIONS: -Xmx2048m -Xms512m
javac 9.0.1
travis_fold:start:install[0Ktravis_time:start:093461c7[0K$ mvn -B -U -f build-pom.xml dependency:go-offline test clean --quiet --fail-never -DskipTests=true
Picked up _JAVA_OPTIONS: -Xmx2048m -Xms512m
[ERROR] COMPILATION ERROR : 
[ERROR] /home/travis/build/google/auto/value/src/it/functional/src/main/java/PackagelessNestedValueType.java:[17,29] cannot find symbol
  symbol:   class AutoValue
  location: package com.google.auto.value
[ERROR] /home/travis/build/google/auto/value/src/it/functional/src/main/java/PackagelessNestedValueType.java:[22,4] cannot find symbol
  symbol:   class AutoValue
  location: class PackagelessNestedValueType
[ERROR] /home/travis/build/google/auto/value/src/it/functional/src/main/java/PackagelessValueType.java:[17,29] cannot find symbol
  symbol:   class AutoValue
  location: package com.google.auto.value
[ERROR] /home/travis/build/google/auto/value/src/it/functional/src/main/java/PackagelessValueType.java:[26,2] cannot find symbol
  symbol: class AutoValue
[ERROR] /home/travis/build/google/auto/value/src/it/functional/src/main/java/com/google/auto/value/NestedValueType.java:[22,4] cannot find symbol
  symbol:   class AutoValue
  location: class com.google.auto.value.NestedValueType
[ERROR] /home/travis/build/google/auto/value/src/it/functional/src/main/java/com/google/auto/value/SimpleValueType.java:[26,2] cannot find symbol
  symbol: class AutoValue
[ERROR] /home/travis/build/google/auto/value/src/it/functional/src/main/java/PackagelessNestedValueType.java:[27,18] cannot find symbol
  symbol:   class AutoValue_PackagelessNestedValueType_Nested
  location: class PackagelessNestedValueType.Nested
[ERROR] /home/travis/build/google/auto/value/src/it/functional/src/main/java/PackagelessValueType.java:[48,16] cannot find symbol
  symbol:   class AutoValue_PackagelessValueType
  location: class PackagelessValueType
[ERROR] /home/travis/build/google/auto/value/src/it/functional/src/main/java/com/google/auto/value/NestedValueType.java:[27,18] cannot find symbol
  symbol:   class AutoValue_NestedValueType_Nested
  location: class com.google.auto.value.NestedValueType.Nested
[ERROR] /home/travis/build/google/auto/value/src/it/functional/src/main/java/com/google/auto/value/SimpleValueType.java:[48,16] cannot find symbol
  symbol:   class AutoValue_SimpleValueType
  location: class com.google.auto.value.SimpleValueType
[ERROR] COMPILATION ERROR : 
[ERROR] /home/travis/build/google/auto/value/src/it/gwtserializer/src/test/java/com/google/auto/value/client/GwtSerializerTest.java:[18,29] cannot find symbol
  symbol:   class AutoValue
  location: package com.google.auto.value
[ERROR] /home/travis/build/google/auto/value/src/it/gwtserializer/src/test/java/com/google/auto/value/client/GwtSerializerTest.java:[120,4] cannot find symbol
  symbol:   class AutoValue
  location: class com.google.auto.value.client.GwtSerializerTest
[ERROR] /home/travis/build/google/auto/value/src/it/gwtserializer/src/test/java/com/google/auto/value/client/GwtSerializerTest.java:[130,4] cannot find symbol
  symbol:   class AutoValue
  location: class com.google.auto.value.client.GwtSerializerTest
[ERROR] /home/travis/build/google/auto/value/src/it/gwtserializer/src/test/java/com/google/auto/value/client/GwtSerializerTest.java:[147,4] cannot find symbol
  symbol:   class AutoValue
  location: class com.google.auto.value.client.GwtSerializerTest
[ERROR] /home/travis/build/google/auto/value/src/it/gwtserializer/src/test/java/com/google/auto/value/client/GwtSerializerTest.java:[159,4] cannot find symbol
  symbol:   class AutoValue
  location: class com.google.auto.value.client.GwtSerializerTest
[ERROR] /home/travis/build/google/auto/value/src/it/gwtserializer/src/test/java/com/google/auto/value/client/GwtSerializerTest.java:[180,4] cannot find symbol
  symbol:   class AutoValue
  location: class com.google.auto.value.client.GwtSerializerTest
[ERROR] /home/travis/build/google/auto/value/src/it/gwtserializer/src/test/java/com/google/auto/value/client/GwtSerializerTest.java:[190,4] cannot find symbol
  symbol:   class AutoValue
  location: class com.google.auto.value.client.GwtSerializerTest
[ERROR] /home/travis/build/google/auto/value/src/it/gwtserializer/src/test/java/com/google/auto/value/client/GwtSerializerTest.java:[199,15] package AutoValue does not exist
[ERROR] /home/travis/build/google/auto/value/src/it/gwtserializer/src/test/java/com/google/auto/value/client/GwtSerializerTest.java:[170,15] package AutoValue does not exist
[ERROR] /home/travis/build/google/auto/value/src/it/gwtserializer/src/test/java/com/google/auto/value/client/GwtSerializerTest.java:[139,15] package AutoValue does not exist
[ERROR] /home/travis/build/google/auto/value/src/it/gwtserializer/src/test/java/com/google/auto/value/client/GwtSerializerTest.java:[126,18] cannot find symbol
  symbol:   class AutoValue_GwtSerializerTest_Simple
  location: class com.google.auto.value.client.GwtSerializerTest.Simple
[ERROR] /home/travis/build/google/auto/value/src/it/gwtserializer/src/test/java/com/google/auto/value/client/GwtSerializerTest.java:[136,63] package AutoValue_GwtSerializerTest_SimpleWithBuilder does not exist
[ERROR] /home/travis/build/google/auto/value/src/it/gwtserializer/src/test/java/com/google/auto/value/client/GwtSerializerTest.java:[155,18] cannot find symbol
  symbol:   class AutoValue_GwtSerializerTest_Nested
  location: class com.google.auto.value.client.GwtSerializerTest.Nested
[ERROR] /home/travis/build/google/auto/value/src/it/gwtserializer/src/test/java/com/google/auto/value/client/GwtSerializerTest.java:[167,63] package AutoValue_GwtSerializerTest_NestedWithBuilder does not exist
[ERROR] /home/travis/build/google/auto/value/src/it/gwtserializer/src/test/java/com/google/auto/value/client/GwtSerializerTest.java:[186,18] cannot find symbol
  symbol:   class AutoValue_GwtSerializerTest_Generics
  location: class com.google.auto.value.client.GwtSerializerTest.Generics<T>
[ERROR] /home/travis/build/google/auto/value/src/it/gwtserializer/src/test/java/com/google/auto/value/client/GwtSerializerTest.java:[196,65] package AutoValue_GwtSerializerTest_GenericsWithBuilder does not exist
[ERROR] Failed to execute goal org.apache.maven.plugins:maven-compiler-plugin:3.7.0:compile (default-compile) on project functional: Compilation failure: Compilation failure: 
[ERROR] /home/travis/build/google/auto/value/src/it/functional/src/main/java/PackagelessNestedValueType.java:[17,29] cannot find symbol
[ERROR]   symbol:   class AutoValue
[ERROR]   location: package com.google.auto.value
[ERROR] /home/travis/build/google/auto/value/src/it/functional/src/main/java/PackagelessNestedValueType.java:[22,4] cannot find symbol
[ERROR]   symbol:   class AutoValue
[ERROR]   location: class PackagelessNestedValueType
[ERROR] /home/travis/build/google/auto/value/src/it/functional/src/main/java/PackagelessValueType.java:[17,29] cannot find symbol
[ERROR]   symbol:   class AutoValue
[ERROR]   location: package com.google.auto.value
[ERROR] /home/travis/build/google/auto/value/src/it/functional/src/main/java/PackagelessValueType.java:[26,2] cannot find symbol
[ERROR]   symbol: class AutoValue
[ERROR] /home/travis/build/google/auto/value/src/it/functional/src/main/java/com/google/auto/value/NestedValueType.java:[22,4] cannot find symbol
[ERROR]   symbol:   class AutoValue
[ERROR]   location: class com.google.auto.value.NestedValueType
[ERROR] /home/travis/build/google/auto/value/src/it/functional/src/main/java/com/google/auto/value/SimpleValueType.java:[26,2] cannot find symbol
[ERROR]   symbol: class AutoValue
[ERROR] /home/travis/build/google/auto/value/src/it/functional/src/main/java/PackagelessNestedValueType.java:[27,18] cannot find symbol
[ERROR]   symbol:   class AutoValue_PackagelessNestedValueType_Nested
[ERROR]   location: class PackagelessNestedValueType.Nested
[ERROR] /home/travis/build/google/auto/value/src/it/functional/src/main/java/PackagelessValueType.java:[48,16] cannot find symbol
[ERROR]   symbol:   class AutoValue_PackagelessValueType
[ERROR]   location: class PackagelessValueType
[ERROR] /home/travis/build/google/auto/value/src/it/functional/src/main/java/com/google/auto/value/NestedValueType.java:[27,18] cannot find symbol
[ERROR]   symbol:   class AutoValue_NestedValueType_Nested
[ERROR]   location: class com.google.auto.value.NestedValueType.Nested
[ERROR] /home/travis/build/google/auto/value/src/it/functional/src/main/java/com/google/auto/value/SimpleValueType.java:[48,16] cannot find symbol
[ERROR]   symbol:   class AutoValue_SimpleValueType
[ERROR]   location: class com.google.auto.value.SimpleValueType
[ERROR] -> [Help 1]
[ERROR] Failed to execute goal org.apache.maven.plugins:maven-compiler-plugin:3.7.0:testCompile (default-testCompile) on project gwtserializer: Compilation failure: Compilation failure: 
[ERROR] /home/travis/build/google/auto/value/src/it/gwtserializer/src/test/java/com/google/auto/value/client/GwtSerializerTest.java:[18,29] cannot find symbol
[ERROR]   symbol:   class AutoValue
[ERROR]   location: package com.google.auto.value
[ERROR] /home/travis/build/google/auto/value/src/it/gwtserializer/src/test/java/com/google/auto/value/client/GwtSerializerTest.java:[120,4] cannot find symbol
[ERROR]   symbol:   class AutoValue
[ERROR]   location: class com.google.auto.value.client.GwtSerializerTest
[ERROR] /home/travis/build/google/auto/value/src/it/gwtserializer/src/test/java/com/google/auto/value/client/GwtSerializerTest.java:[130,4] cannot find symbol
[ERROR]   symbol:   class AutoValue
[ERROR]   location: class com.google.auto.value.client.GwtSerializerTest
[ERROR] /home/travis/build/google/auto/value/src/it/gwtserializer/src/test/java/com/google/auto/value/client/GwtSerializerTest.java:[147,4] cannot find symbol
[ERROR]   symbol:   class AutoValue
[ERROR]   location: class com.google.auto.value.client.GwtSerializerTest
[ERROR] /home/travis/build/google/auto/value/src/it/gwtserializer/src/test/java/com/google/auto/value/client/GwtSerializerTest.java:[159,4] cannot find symbol
[ERROR]   symbol:   class AutoValue
[ERROR]   location: class com.google.auto.value.client.GwtSerializerTest
[ERROR] /home/travis/build/google/auto/value/src/it/gwtserializer/src/test/java/com/google/auto/value/client/GwtSerializerTest.java:[180,4] cannot find symbol
[ERROR]   symbol:   class AutoValue
[ERROR]   location: class com.google.auto.value.client.GwtSerializerTest
[ERROR] /home/travis/build/google/auto/value/src/it/gwtserializer/src/test/java/com/google/auto/value/client/GwtSerializerTest.java:[190,4] cannot find symbol
[ERROR]   symbol:   class AutoValue
[ERROR]   location: class com.google.auto.value.client.GwtSerializerTest
[ERROR] /home/travis/build/google/auto/value/src/it/gwtserializer/src/test/java/com/google/auto/value/client/GwtSerializerTest.java:[199,15] package AutoValue does not exist
[ERROR] /home/travis/build/google/auto/value/src/it/gwtserializer/src/test/java/com/google/auto/value/client/GwtSerializerTest.java:[170,15] package AutoValue does not exist
[ERROR] /home/travis/build/google/auto/value/src/it/gwtserializer/src/test/java/com/google/auto/value/client/GwtSerializerTest.java:[139,15] package AutoValue does not exist
[ERROR] /home/travis/build/google/auto/value/src/it/gwtserializer/src/test/java/com/google/auto/value/client/GwtSerializerTest.java:[126,18] cannot find symbol
[ERROR]   symbol:   class AutoValue_GwtSerializerTest_Simple
[ERROR]   location: class com.google.auto.value.client.GwtSerializerTest.Simple
[ERROR] /home/travis/build/google/auto/value/src/it/gwtserializer/src/test/java/com/google/auto/value/client/GwtSerializerTest.java:[136,63] package AutoValue_GwtSerializerTest_SimpleWithBuilder does not exist
[ERROR] /home/travis/build/google/auto/value/src/it/gwtserializer/src/test/java/com/google/auto/value/client/GwtSerializerTest.java:[155,18] cannot find symbol
[ERROR]   symbol:   class AutoValue_GwtSerializerTest_Nested
[ERROR]   location: class com.google.auto.value.client.GwtSerializerTest.Nested
[ERROR] /home/travis/build/google/auto/value/src/it/gwtserializer/src/test/java/com/google/auto/value/client/GwtSerializerTest.java:[167,63] package AutoValue_GwtSerializerTest_NestedWithBuilder does not exist
[ERROR] /home/travis/build/google/auto/value/src/it/gwtserializer/src/test/java/com/google/auto/value/client/GwtSerializerTest.java:[186,18] cannot find symbol
[ERROR]   symbol:   class AutoValue_GwtSerializerTest_Generics
[ERROR]   location: class com.google.auto.value.client.GwtSerializerTest.Generics<T>
[ERROR] /home/travis/build/google/auto/value/src/it/gwtserializer/src/test/java/com/google/auto/value/client/GwtSerializerTest.java:[196,65] package AutoValue_GwtSerializerTest_GenericsWithBuilder does not exist
[ERROR] -> [Help 1]
[ERROR] 
[ERROR] To see the full stack trace of the errors, re-run Maven with the -e switch.
[ERROR] Re-run Maven using the -X switch to enable full debug logging.
[ERROR] 
[ERROR] For more information about the errors and possible solutions, please read the following articles:
[ERROR] [Help 1] http://cwiki.apache.org/confluence/display/MAVEN/MojoFailureException
[ERROR] 
[ERROR] After correcting the problems, you can resume the build with the command
[ERROR]   mvn <goals> -rf :functional

travis_time:end:093461c7:start=1529337385051571729,finish=1529337418414283466,duration=33362711737[0Ktravis_fold:end:install[0Ktravis_time:start:0f237a45[0K$ mvn -B -U -f build-pom.xml verify --fail-at-end -Dsource.skip=true -Dmaven.javadoc.skip=true
Picked up _JAVA_OPTIONS: -Xmx2048m -Xms512m
[INFO] Scanning for projects...
[WARNING] 
[WARNING] Some problems were encountered while building the effective model for com.google.auto.value.it.gwtserializer:gwtserializer:jar:HEAD-SNAPSHOT
[WARNING] 'build.plugins.plugin.version' for org.apache.maven.plugins:maven-surefire-plugin is missing. @ line 114, column 15
[WARNING] 
[WARNING] It is highly recommended to fix these problems because they threaten the stability of your build.
[WARNING] 
[WARNING] For this reason, future Maven versions might no longer support building such malformed projects.
[WARNING] 
[INFO] ------------------------------------------------------------------------
[INFO] Reactor Build Order:
[INFO] 
[INFO] Auto (Parent)
[INFO] Auto Common Libraries
[INFO] AutoFactory
[INFO] AutoService
[INFO] AutoValue Parent
[INFO] AutoValue Annotations
[INFO] AutoValue Processor
[INFO] Auto-Value Functional Integration Test
[INFO] Auto-Value GWT-RPC Serialization Integration Test
[INFO] build-only
[INFO] 
[INFO] ------------------------------------------------------------------------
[INFO] Building Auto (Parent) HEAD-SNAPSHOT
[INFO] ------------------------------------------------------------------------
[INFO] 
[INFO] --- maven-enforcer-plugin:1.0:enforce (enforce-maven) @ auto-parent ---
[INFO] 
[INFO] ------------------------------------------------------------------------
[INFO] Building Auto Common Libraries HEAD-SNAPSHOT
[INFO] ------------------------------------------------------------------------
[INFO] 
[INFO] --- maven-enforcer-plugin:1.0:enforce (enforce-maven) @ auto-common ---
[INFO] 
[INFO] --- maven-resources-plugin:2.6:resources (default-resources) @ auto-common ---
[INFO] Using 'UTF-8' encoding to copy filtered resources.
[INFO] skip non existing resourceDirectory /home/travis/build/google/auto/common/src/main/resources
[INFO] 
[INFO] --- maven-compiler-plugin:3.7.0:compile (default-compile) @ auto-common ---
[INFO] Changes detected - recompiling the module!
[INFO] Compiling 12 source files to /home/travis/build/google/auto/common/target/classes
[WARNING] bootstrap class path not set in conjunction with -source 1.8
[WARNING] /home/travis/build/google/auto/common/src/main/java/com/google/auto/common/MoreElements.java:[381,41] SimpleElementVisitor6() in javax.lang.model.util.SimpleElementVisitor6 has been deprecated
[WARNING] /home/travis/build/google/auto/common/src/main/java/com/google/auto/common/Overrides.java:[235,13] SimpleTypeVisitor6() in javax.lang.model.util.SimpleTypeVisitor6 has been deprecated
[WARNING] /home/travis/build/google/auto/common/src/main/java/com/google/auto/common/SuperficialValidation.java:[59,7] AbstractElementVisitor6() in javax.lang.model.util.AbstractElementVisitor6 has been deprecated
[WARNING] /home/travis/build/google/auto/common/src/main/java/com/google/auto/common/SuperficialValidation.java:[59,52] AbstractElementVisitor6() in javax.lang.model.util.AbstractElementVisitor6 has been deprecated
[WARNING] /home/travis/build/google/auto/common/src/main/java/com/google/auto/common/SuperficialValidation.java:[122,7] SimpleTypeVisitor6() in javax.lang.model.util.SimpleTypeVisitor6 has been deprecated
[WARNING] /home/travis/build/google/auto/common/src/main/java/com/google/auto/common/SuperficialValidation.java:[122,47] SimpleTypeVisitor6() in javax.lang.model.util.SimpleTypeVisitor6 has been deprecated
[WARNING] /home/travis/build/google/auto/common/src/main/java/com/google/auto/common/SuperficialValidation.java:[199,7] SimpleAnnotationValueVisitor6() in javax.lang.model.util.SimpleAnnotationValueVisitor6 has been deprecated
[WARNING] /home/travis/build/google/auto/common/src/main/java/com/google/auto/common/SuperficialValidation.java:[199,64] SimpleAnnotationValueVisitor6() in javax.lang.model.util.SimpleAnnotationValueVisitor6 has been deprecated
[WARNING] /home/travis/build/google/auto/common/src/main/java/com/google/auto/common/BasicAnnotationProcessor.java:[408,27] SimpleElementVisitor6() in javax.lang.model.util.SimpleElementVisitor6 has been deprecated
[WARNING] /home/travis/build/google/auto/common/src/main/java/com/google/auto/common/BasicAnnotationProcessor.java:[408,74] SimpleElementVisitor6() in javax.lang.model.util.SimpleElementVisitor6 has been deprecated
[WARNING] /home/travis/build/google/auto/common/src/main/java/com/google/auto/common/GeneratedAnnotationSpecs.java:[59,32] generatedAnnotation(javax.lang.model.util.Elements) in com.google.auto.common.GeneratedAnnotations has been deprecated
[WARNING] /home/travis/build/google/auto/common/src/main/java/com/google/auto/common/MoreTypes.java:[168,24] SimpleTypeVisitor6() in javax.lang.model.util.SimpleTypeVisitor6 has been deprecated
[WARNING] /home/travis/build/google/auto/common/src/main/java/com/google/auto/common/MoreTypes.java:[369,23] propagate(java.lang.Throwable) in com.google.common.base.Throwables has been deprecated
[WARNING] /home/travis/build/google/auto/common/src/main/java/com/google/auto/common/MoreTypes.java:[399,24] SimpleTypeVisitor6() in javax.lang.model.util.SimpleTypeVisitor6 has been deprecated
[WARNING] /home/travis/build/google/auto/common/src/main/java/com/google/auto/common/MoreTypes.java:[506,24] SimpleTypeVisitor6() in javax.lang.model.util.SimpleTypeVisitor6 has been deprecated
[WARNING] /home/travis/build/google/auto/common/src/main/java/com/google/auto/common/MoreTypes.java:[559,24] SimpleTypeVisitor6() in javax.lang.model.util.SimpleTypeVisitor6 has been deprecated
[WARNING] /home/travis/build/google/auto/common/src/main/java/com/google/auto/common/MoreTypes.java:[967,38] SimpleTypeVisitor6() in javax.lang.model.util.SimpleTypeVisitor6 has been deprecated
[WARNING] /home/travis/build/google/auto/common/src/main/java/com/google/auto/common/MoreTypes.java:[799,24] SimpleTypeVisitor6() in javax.lang.model.util.SimpleTypeVisitor6 has been deprecated
[WARNING] /home/travis/build/google/auto/common/src/main/java/com/google/auto/common/MoreTypes.java:[841,30] SimpleTypeVisitor6() in javax.lang.model.util.SimpleTypeVisitor6 has been deprecated
[WARNING] /home/travis/build/google/auto/common/src/main/java/com/google/auto/common/AnnotationValues.java:[34,30] SimpleAnnotationValueVisitor6() in javax.lang.model.util.SimpleAnnotationValueVisitor6 has been deprecated
[WARNING] /home/travis/build/google/auto/common/src/main/java/com/google/auto/common/AnnotationValues.java:[34,92] SimpleAnnotationValueVisitor6() in javax.lang.model.util.SimpleAnnotationValueVisitor6 has been deprecated
[WARNING] /home/travis/build/google/auto/common/src/main/java/com/google/auto/common/AnnotationValues.java:[38,19] SimpleAnnotationValueVisitor6() in javax.lang.model.util.SimpleAnnotationValueVisitor6 has been deprecated
[WARNING] /home/travis/build/google/auto/common/src/main/java/com/google/auto/common/AnnotationValues.java:[38,69] SimpleAnnotationValueVisitor6() in javax.lang.model.util.SimpleAnnotationValueVisitor6 has been deprecated
[WARNING] /home/travis/build/google/auto/common/src/main/java/com/google/auto/common/AnnotationValues.java:[49,19] SimpleAnnotationValueVisitor6() in javax.lang.model.util.SimpleAnnotationValueVisitor6 has been deprecated
[WARNING] /home/travis/build/google/auto/common/src/main/java/com/google/auto/common/AnnotationValues.java:[49,82] SimpleAnnotationValueVisitor6() in javax.lang.model.util.SimpleAnnotationValueVisitor6 has been deprecated
[WARNING] /home/travis/build/google/auto/common/src/main/java/com/google/auto/common/AnnotationValues.java:[65,19] SimpleAnnotationValueVisitor6() in javax.lang.model.util.SimpleAnnotationValueVisitor6 has been deprecated
[WARNING] /home/travis/build/google/auto/common/src/main/java/com/google/auto/common/AnnotationValues.java:[65,97] SimpleAnnotationValueVisitor6() in javax.lang.model.util.SimpleAnnotationValueVisitor6 has been deprecated
[WARNING] /home/travis/build/google/auto/common/src/main/java/com/google/auto/common/AnnotationValues.java:[84,19] SimpleAnnotationValueVisitor6() in javax.lang.model.util.SimpleAnnotationValueVisitor6 has been deprecated
[WARNING] /home/travis/build/google/auto/common/src/main/java/com/google/auto/common/AnnotationValues.java:[84,76] SimpleAnnotationValueVisitor6() in javax.lang.model.util.SimpleAnnotationValueVisitor6 has been deprecated
[WARNING] /home/travis/build/google/auto/common/src/main/java/com/google/auto/common/AnnotationValues.java:[99,31] SimpleAnnotationValueVisitor6() in javax.lang.model.util.SimpleAnnotationValueVisitor6 has been deprecated
[WARNING] /home/travis/build/google/auto/common/src/main/java/com/google/auto/common/AnnotationValues.java:[99,82] SimpleAnnotationValueVisitor6() in javax.lang.model.util.SimpleAnnotationValueVisitor6 has been deprecated
[INFO] 
[INFO] --- maven-resources-plugin:2.6:testResources (default-testResources) @ auto-common ---
[INFO] Using 'UTF-8' encoding to copy filtered resources.
[INFO] skip non existing resourceDirectory /home/travis/build/google/auto/common/src/test/resources
[INFO] 
[INFO] --- maven-compiler-plugin:3.7.0:testCompile (default-testCompile) @ auto-common ---
[INFO] Changes detected - recompiling the module!
[INFO] Compiling 11 source files to /home/travis/build/google/auto/common/target/test-classes
[WARNING] bootstrap class path not set in conjunction with -source 1.8
[WARNING] No processor claimed any of these annotations: com.google.auto.common.AnnotationMirrorsTest.OuterWithValueArray,org.junit.runner.RunWith,org.junit.runners.Parameterized.Parameters,org.junit.Test,javax.annotation.processing.SupportedAnnotationTypes,com.google.auto.common.AnnotationMirrorsTest.Stringy,com.google.auto.common.AnnotationMirrorsTest.AnnotatedOuter,org.junit.Rule,com.google.auto.common.AnnotationMirrorsTest.DefaultingOuter,com.google.auto.common.MoreElementsTest.InnerAnnotation,com.google.auto.common.AnnotationMirrorsTest.Outer,org.junit.Before,com.google.auto.common.AnnotationMirrorsTest.SimpleAnnotation
[WARNING] /home/travis/build/google/auto/common/src/test/java/com/google/auto/common/AnnotationMirrorsTest.java:[168,50] SimpleAnnotationValueVisitor6() in javax.lang.model.util.SimpleAnnotationValueVisitor6 has been deprecated
[WARNING] /home/travis/build/google/auto/common/src/test/java/com/google/auto/common/AnnotationMirrorsTest.java:[168,100] SimpleAnnotationValueVisitor6() in javax.lang.model.util.SimpleAnnotationValueVisitor6 has been deprecated
[WARNING] /home/travis/build/google/auto/common/src/test/java/com/google/auto/common/AnnotationMirrorsTest.java:[179,50] SimpleAnnotationValueVisitor6() in javax.lang.model.util.SimpleAnnotationValueVisitor6 has been deprecated
[WARNING] /home/travis/build/google/auto/common/src/test/java/com/google/auto/common/AnnotationMirrorsTest.java:[179,100] SimpleAnnotationValueVisitor6() in javax.lang.model.util.SimpleAnnotationValueVisitor6 has been deprecated
[WARNING] /home/travis/build/google/auto/common/src/test/java/com/google/auto/common/AnnotationMirrorsTest.java:[202,20] hasMessage(java.lang.String) in com.google.common.truth.ThrowableSubject has been deprecated
[WARNING] /home/travis/build/google/auto/common/src/test/java/com/google/auto/common/MoreElementsTest.java:[389,21] getLocalAndInheritedMethods(javax.lang.model.element.TypeElement,javax.lang.model.util.Elements) in com.google.auto.common.MoreElements has been deprecated
[WARNING] /home/travis/build/google/auto/common/src/test/java/com/google/auto/common/MoreElementsTest.java:[395,21] getLocalAndInheritedMethods(javax.lang.model.element.TypeElement,javax.lang.model.util.Elements) in com.google.auto.common.MoreElements has been deprecated
[WARNING] /home/travis/build/google/auto/common/src/test/java/com/google/auto/common/OverridesTest.java:[545,14] write(java.lang.CharSequence,java.io.File,java.nio.charset.Charset) in com.google.common.io.Files has been deprecated
[WARNING] /home/travis/build/google/auto/common/src/test/java/com/google/auto/common/OverridesTest.java:[641,7] SimpleTypeVisitor6() in javax.lang.model.util.SimpleTypeVisitor6 has been deprecated
[WARNING] /home/travis/build/google/auto/common/src/test/java/com/google/auto/common/OverridesTest.java:[641,46] SimpleTypeVisitor6() in javax.lang.model.util.SimpleTypeVisitor6 has been deprecated
[INFO] 
[INFO] --- maven-surefire-plugin:2.12.4:test (default-test) @ auto-common ---
[INFO] Surefire report directory: /home/travis/build/google/auto/common/target/surefire-reports
[INFO] Downloading from central: https://repo.maven.apache.org/maven2/org/apache/maven/surefire/surefire-junit4/2.12.4/surefire-junit4-2.12.4.pom
[INFO] Downloaded from central: https://repo.maven.apache.org/maven2/org/apache/maven/surefire/surefire-junit4/2.12.4/surefire-junit4-2.12.4.pom (2.4 kB at 9.3 kB/s)
[INFO] Downloading from central: https://repo.maven.apache.org/maven2/org/apache/maven/surefire/surefire-providers/2.12.4/surefire-providers-2.12.4.pom
[INFO] Downloaded from central: https://repo.maven.apache.org/maven2/org/apache/maven/surefire/surefire-providers/2.12.4/surefire-providers-2.12.4.pom (2.3 kB at 335 kB/s)
[INFO] Downloading from central: https://repo.maven.apache.org/maven2/org/apache/maven/surefire/surefire-junit4/2.12.4/surefire-junit4-2.12.4.jar
[INFO] Downloaded from central: https://repo.maven.apache.org/maven2/org/apache/maven/surefire/surefire-junit4/2.12.4/surefire-junit4-2.12.4.jar (37 kB at 947 kB/s)

-------------------------------------------------------
 T E S T S
-------------------------------------------------------
Picked up _JAVA_OPTIONS: -Xmx2048m -Xms512m
Running com.google.auto.common.SimpleTypeAnnotationValueTest
Tests run: 5, Failures: 0, Errors: 0, Skipped: 0, Time elapsed: 1.657 sec
Running com.google.auto.common.AnnotationMirrorsTest
Tests run: 5, Failures: 0, Errors: 0, Skipped: 0, Time elapsed: 0.791 sec
Running com.google.auto.common.MoreElementsTest
Tests run: 17, Failures: 0, Errors: 0, Skipped: 0, Time elapsed: 1.322 sec
Running com.google.auto.common.MoreTypesTest
Tests run: 6, Failures: 0, Errors: 0, Skipped: 0, Time elapsed: 0.694 sec
Running com.google.auto.common.BasicAnnotationProcessorTest
Tests run: 6, Failures: 0, Errors: 0, Skipped: 0, Time elapsed: 0.877 sec
Running com.google.auto.common.GeneratedAnnotationsTest
Tests run: 4, Failures: 0, Errors: 0, Skipped: 0, Time elapsed: 0.365 sec
Running com.google.auto.common.VisibilityTest
Tests run: 4, Failures: 0, Errors: 0, Skipped: 0, Time elapsed: 0.427 sec
Running com.google.auto.common.SuperficialValidationTest
Tests run: 10, Failures: 0, Errors: 0, Skipped: 0, Time elapsed: 0.552 sec
Running com.google.auto.common.MoreTypesIsTypeOfTest
Tests run: 13, Failures: 0, Errors: 0, Skipped: 0, Time elapsed: 0.889 sec
Running com.google.auto.common.SimpleAnnotationMirrorTest
Tests run: 7, Failures: 0, Errors: 0, Skipped: 0, Time elapsed: 0.391 sec
Running com.google.auto.common.OverridesTest
Tests run: 12, Failures: 0, Errors: 0, Skipped: 0, Time elapsed: 1.01 sec

Results :

Tests run: 89, Failures: 0, Errors: 0, Skipped: 0

[INFO] 
[INFO] --- maven-jar-plugin:3.0.2:jar (default-jar) @ auto-common ---
[INFO] Downloading from central: https://repo.maven.apache.org/maven2/org/apache/maven/maven-archiver/3.1.1/maven-archiver-3.1.1.pom
[INFO] Downloaded from central: https://repo.maven.apache.org/maven2/org/apache/maven/maven-archiver/3.1.1/maven-archiver-3.1.1.pom (4.3 kB at 256 kB/s)
[INFO] Downloading from central: https://repo.maven.apache.org/maven2/org/apache/maven/shared/maven-shared-utils/3.0.1/maven-shared-utils-3.0.1.pom
[INFO] Downloaded from central: https://repo.maven.apache.org/maven2/org/apache/maven/shared/maven-shared-utils/3.0.1/maven-shared-utils-3.0.1.pom (4.6 kB at 353 kB/s)
[INFO] Downloading from central: https://repo.maven.apache.org/maven2/org/codehaus/plexus/plexus-archiver/3.3/plexus-archiver-3.3.pom
[INFO] Downloaded from central: https://repo.maven.apache.org/maven2/org/codehaus/plexus/plexus-archiver/3.3/plexus-archiver-3.3.pom (5.3 kB at 266 kB/s)
[INFO] Downloading from central: https://repo.maven.apache.org/maven2/org/codehaus/plexus/plexus-io/2.7.1/plexus-io-2.7.1.pom
[INFO] Downloaded from central: https://repo.maven.apache.org/maven2/org/codehaus/plexus/plexus-io/2.7.1/plexus-io-2.7.1.pom (4.9 kB at 703 kB/s)
[INFO] Downloading from central: https://repo.maven.apache.org/maven2/commons-io/commons-io/2.2/commons-io-2.2.pom
[INFO] Downloaded from central: https://repo.maven.apache.org/maven2/commons-io/commons-io/2.2/commons-io-2.2.pom (11 kB at 1.2 MB/s)
[INFO] Downloading from central: https://repo.maven.apache.org/maven2/org/apache/commons/commons-parent/24/commons-parent-24.pom
[INFO] Downloaded from central: https://repo.maven.apache.org/maven2/org/apache/commons/commons-parent/24/commons-parent-24.pom (47 kB at 2.1 MB/s)
[INFO] Downloading from central: https://repo.maven.apache.org/maven2/org/apache/commons/commons-compress/1.11/commons-compress-1.11.pom
[INFO] Downloaded from central: https://repo.maven.apache.org/maven2/org/apache/commons/commons-compress/1.11/commons-compress-1.11.pom (13 kB at 1.0 MB/s)
[INFO] Downloading from central: https://repo.maven.apache.org/maven2/org/iq80/snappy/snappy/0.4/snappy-0.4.pom
[INFO] Downloaded from central: https://repo.maven.apache.org/maven2/org/iq80/snappy/snappy/0.4/snappy-0.4.pom (15 kB at 855 kB/s)
[INFO] Downloading from central: https://repo.maven.apache.org/maven2/org/tukaani/xz/1.5/xz-1.5.pom
[INFO] Downloaded from central: https://repo.maven.apache.org/maven2/org/tukaani/xz/1.5/xz-1.5.pom (1.9 kB at 190 kB/s)
[INFO] Downloading from central: https://repo.maven.apache.org/maven2/org/codehaus/plexus/plexus-archiver/3.4/plexus-archiver-3.4.pom
[INFO] Downloaded from central: https://repo.maven.apache.org/maven2/org/codehaus/plexus/plexus-archiver/3.4/plexus-archiver-3.4.pom (5.3 kB at 761 kB/s)
[INFO] Downloading from central: https://repo.maven.apache.org/maven2/org/apache/maven/shared/maven-shared-utils/3.0.1/maven-shared-utils-3.0.1.jar
[INFO] Downloading from central: https://repo.maven.apache.org/maven2/org/codehaus/plexus/plexus-io/2.7.1/plexus-io-2.7.1.jar
[INFO] Downloading from central: https://repo.maven.apache.org/maven2/org/apache/commons/commons-compress/1.11/commons-compress-1.11.jar
[INFO] Downloading from central: https://repo.maven.apache.org/maven2/org/iq80/snappy/snappy/0.4/snappy-0.4.jar
[INFO] Downloading from central: https://repo.maven.apache.org/maven2/org/tukaani/xz/1.5/xz-1.5.jar
[INFO] Downloaded from central: https://repo.maven.apache.org/maven2/org/apache/maven/shared/maven-shared-utils/3.0.1/maven-shared-utils-3.0.1.jar (154 kB at 5.1 MB/s)
[INFO] Downloaded from central: https://repo.maven.apache.org/maven2/org/iq80/snappy/snappy/0.4/snappy-0.4.jar (58 kB at 707 kB/s)
[INFO] Downloaded from central: https://repo.maven.apache.org/maven2/org/codehaus/plexus/plexus-io/2.7.1/plexus-io-2.7.1.jar (86 kB at 753 kB/s)
[INFO] Downloaded from central: https://repo.maven.apache.org/maven2/org/tukaani/xz/1.5/xz-1.5.jar (100 kB at 889 kB/s)
[INFO] Downloaded from central: https://repo.maven.apache.org/maven2/org/apache/commons/commons-compress/1.11/commons-compress-1.11.jar (426 kB at 3.5 MB/s)
[INFO] Building jar: /home/travis/build/google/auto/common/target/auto-common-HEAD-SNAPSHOT.jar
[INFO] 
[INFO] ------------------------------------------------------------------------
[INFO] Building AutoFactory HEAD-SNAPSHOT
[INFO] ------------------------------------------------------------------------
[INFO] 
[INFO] --- maven-enforcer-plugin:1.0:enforce (enforce-maven) @ auto-factory ---
[INFO] 
[INFO] --- maven-resources-plugin:2.6:resources (default-resources) @ auto-factory ---
[INFO] Using 'UTF-8' encoding to copy filtered resources.
[INFO] skip non existing resourceDirectory /home/travis/build/google/auto/factory/src/main/resources
[INFO] 
[INFO] --- maven-compiler-plugin:3.7.0:compile (default-compile) @ auto-factory ---
[INFO] Changes detected - recompiling the module!
[INFO] Compiling 18 source files to /home/travis/build/google/auto/factory/target/classes
[WARNING] bootstrap class path not set in conjunction with -source 1.8
[WARNING] No processor claimed any of these annotations: com.google.auto.value.AutoValue,com.google.auto.value.AutoValue.Builder
[WARNING] No processor claimed any of these annotations: javax.annotation.processing.Generated
[WARNING] /home/travis/build/google/auto/factory/src/main/java/com/google/auto/factory/processor/Mirrors.java:[40,36] SimpleElementVisitor6() in javax.lang.model.util.SimpleElementVisitor6 has been deprecated
[WARNING] /home/travis/build/google/auto/factory/src/main/java/com/google/auto/factory/processor/Mirrors.java:[40,76] SimpleElementVisitor6() in javax.lang.model.util.SimpleElementVisitor6 has been deprecated
[WARNING] /home/travis/build/google/auto/factory/src/main/java/com/google/auto/factory/processor/ProvidedChecker.java:[40,20] ElementKindVisitor6() in javax.lang.model.util.ElementKindVisitor6 has been deprecated
[WARNING] /home/travis/build/google/auto/factory/src/main/java/com/google/auto/factory/processor/ProvidedChecker.java:[40,58] ElementKindVisitor6() in javax.lang.model.util.ElementKindVisitor6 has been deprecated
[WARNING] /home/travis/build/google/auto/factory/src/main/java/com/google/auto/factory/processor/ProvidedChecker.java:[48,56] ElementKindVisitor6() in javax.lang.model.util.ElementKindVisitor6 has been deprecated
[WARNING] /home/travis/build/google/auto/factory/src/main/java/com/google/auto/factory/processor/ProvidedChecker.java:[48,94] ElementKindVisitor6() in javax.lang.model.util.ElementKindVisitor6 has been deprecated
[WARNING] /home/travis/build/google/auto/factory/src/main/java/com/google/auto/factory/processor/AnnotationValues.java:[34,9] SimpleAnnotationValueVisitor6() in javax.lang.model.util.SimpleAnnotationValueVisitor6 has been deprecated
[WARNING] /home/travis/build/google/auto/factory/src/main/java/com/google/auto/factory/processor/AnnotationValues.java:[34,60] SimpleAnnotationValueVisitor6() in javax.lang.model.util.SimpleAnnotationValueVisitor6 has been deprecated
[WARNING] /home/travis/build/google/auto/factory/src/main/java/com/google/auto/factory/processor/AnnotationValues.java:[47,9] SimpleAnnotationValueVisitor6() in javax.lang.model.util.SimpleAnnotationValueVisitor6 has been deprecated
[WARNING] /home/travis/build/google/auto/factory/src/main/java/com/google/auto/factory/processor/AnnotationValues.java:[47,64] SimpleAnnotationValueVisitor6() in javax.lang.model.util.SimpleAnnotationValueVisitor6 has been deprecated
[WARNING] /home/travis/build/google/auto/factory/src/main/java/com/google/auto/factory/processor/AnnotationValues.java:[54,17] SimpleTypeVisitor6() in javax.lang.model.util.SimpleTypeVisitor6 has been deprecated
[WARNING] /home/travis/build/google/auto/factory/src/main/java/com/google/auto/factory/processor/AnnotationValues.java:[54,61] SimpleTypeVisitor6() in javax.lang.model.util.SimpleTypeVisitor6 has been deprecated
[WARNING] /home/travis/build/google/auto/factory/src/main/java/com/google/auto/factory/processor/AnnotationValues.java:[72,9] SimpleAnnotationValueVisitor6() in javax.lang.model.util.SimpleAnnotationValueVisitor6 has been deprecated
[WARNING] /home/travis/build/google/auto/factory/src/main/java/com/google/auto/factory/processor/AnnotationValues.java:[72,93] SimpleAnnotationValueVisitor6() in javax.lang.model.util.SimpleAnnotationValueVisitor6 has been deprecated
[WARNING] /home/travis/build/google/auto/factory/src/main/java/com/google/auto/factory/processor/FactoryDescriptorGenerator.java:[71,27] ElementKindVisitor6() in javax.lang.model.util.ElementKindVisitor6 has been deprecated
[WARNING] /home/travis/build/google/auto/factory/src/main/java/com/google/auto/factory/processor/FactoryDescriptorGenerator.java:[71,98] ElementKindVisitor6() in javax.lang.model.util.ElementKindVisitor6 has been deprecated
[INFO] 
[INFO] --- maven-resources-plugin:2.6:testResources (default-testResources) @ auto-factory ---
[INFO] Using 'UTF-8' encoding to copy filtered resources.
[INFO] Copying 71 resources
[INFO] 
[INFO] --- maven-compiler-plugin:3.7.0:testCompile (default-testCompile) @ auto-factory ---
[INFO] Changes detected - recompiling the module!
[INFO] Compiling 2 source files to /home/travis/build/google/auto/factory/target/test-classes
[WARNING] bootstrap class path not set in conjunction with -source 1.8
[WARNING] No processor claimed any of these annotations: org.junit.runner.RunWith,org.junit.Test,org.junit.Rule
[INFO] 
[INFO] --- maven-surefire-plugin:2.12.4:test (default-test) @ auto-factory ---
[INFO] Surefire report directory: /home/travis/build/google/auto/factory/target/surefire-reports

-------------------------------------------------------
 T E S T S
-------------------------------------------------------
Picked up _JAVA_OPTIONS: -Xmx2048m -Xms512m
Running com.google.auto.factory.processor.AutoFactoryDeclarationTest
Tests run: 1, Failures: 0, Errors: 0, Skipped: 0, Time elapsed: 0.093 sec
Running com.google.auto.factory.processor.AutoFactoryProcessorTest
Tests run: 38, Failures: 0, Errors: 0, Skipped: 0, Time elapsed: 9.481 sec

Results :

Tests run: 39, Failures: 0, Errors: 0, Skipped: 0

[INFO] 
[INFO] --- maven-jar-plugin:3.0.2:jar (default-jar) @ auto-factory ---
[INFO] Building jar: /home/travis/build/google/auto/factory/target/auto-factory-HEAD-SNAPSHOT.jar
[INFO] 
[INFO] --- maven-invoker-plugin:3.0.1:install (integration-test) @ auto-factory ---
[INFO] Downloading from central: https://repo.maven.apache.org/maven2/org/apache/maven/shared/maven-invoker/3.0.0/maven-invoker-3.0.0.pom
[INFO] Downloaded from central: https://repo.maven.apache.org/maven2/org/apache/maven/shared/maven-invoker/3.0.0/maven-invoker-3.0.0.pom (5.0 kB at 314 kB/s)
[INFO] Downloading from central: https://repo.maven.apache.org/maven2/org/apache/maven/reporting/maven-reporting-impl/2.4/maven-reporting-impl-2.4.pom
[INFO] Downloaded from central: https://repo.maven.apache.org/maven2/org/apache/maven/reporting/maven-reporting-impl/2.4/maven-reporting-impl-2.4.pom (6.1 kB at 504 kB/s)
[INFO] Downloading from central: https://repo.maven.apache.org/maven2/org/apache/maven/shared/maven-shared-utils/0.6/maven-shared-utils-0.6.pom
[INFO] Downloaded from central: https://repo.maven.apache.org/maven2/org/apache/maven/shared/maven-shared-utils/0.6/maven-shared-utils-0.6.pom (4.9 kB at 813 kB/s)
[INFO] Downloading from central: https://repo.maven.apache.org/maven2/org/apache/maven/doxia/doxia-sink-api/1.6/doxia-sink-api-1.6.pom
[INFO] Downloaded from central: https://repo.maven.apache.org/maven2/org/apache/maven/doxia/doxia-sink-api/1.6/doxia-sink-api-1.6.pom (1.5 kB at 40 kB/s)
[INFO] Downloading from central: https://repo.maven.apache.org/maven2/org/apache/maven/doxia/doxia/1.6/doxia-1.6.pom
[INFO] Downloaded from central: https://repo.maven.apache.org/maven2/org/apache/maven/doxia/doxia/1.6/doxia-1.6.pom (19 kB at 1.4 MB/s)
[INFO] Downloading from central: https://repo.maven.apache.org/maven2/org/apache/maven/maven-parent/24/maven-parent-24.pom
[INFO] Downloaded from central: https://repo.maven.apache.org/maven2/org/apache/maven/maven-parent/24/maven-parent-24.pom (37 kB at 1.3 MB/s)
[INFO] Downloading from central: https://repo.maven.apache.org/maven2/org/apache/apache/14/apache-14.pom
[INFO] Downloaded from central: https://repo.maven.apache.org/maven2/org/apache/apache/14/apache-14.pom (15 kB at 1.1 MB/s)
[INFO] Downloading from central: https://repo.maven.apache.org/maven2/org/apache/maven/doxia/doxia-logging-api/1.6/doxia-logging-api-1.6.pom
[INFO] Downloaded from central: https://repo.maven.apache.org/maven2/org/apache/maven/doxia/doxia-logging-api/1.6/doxia-logging-api-1.6.pom (1.5 kB at 140 kB/s)
[INFO] Downloading from central: https://repo.maven.apache.org/maven2/org/apache/maven/doxia/doxia-core/1.6/doxia-core-1.6.pom
[INFO] Downloaded from central: https://repo.maven.apache.org/maven2/org/apache/maven/doxia/doxia-core/1.6/doxia-core-1.6.pom (4.2 kB at 525 kB/s)
[INFO] Downloading from central: https://repo.maven.apache.org/maven2/org/codehaus/plexus/plexus-utils/3.0.15/plexus-utils-3.0.15.pom
[INFO] Downloaded from central: https://repo.maven.apache.org/maven2/org/codehaus/plexus/plexus-utils/3.0.15/plexus-utils-3.0.15.pom (3.1 kB at 185 kB/s)
[INFO] Downloading from central: https://repo.maven.apache.org/maven2/xerces/xercesImpl/2.9.1/xercesImpl-2.9.1.pom
[INFO] Downloaded from central: https://repo.maven.apache.org/maven2/xerces/xercesImpl/2.9.1/xercesImpl-2.9.1.pom (1.4 kB at 195 kB/s)
[INFO] Downloading from central: https://repo.maven.apache.org/maven2/org/apache/httpcomponents/httpclient/4.0.2/httpclient-4.0.2.pom
[INFO] Downloaded from central: https://repo.maven.apache.org/maven2/org/apache/httpcomponents/httpclient/4.0.2/httpclient-4.0.2.pom (7.5 kB at 1.1 MB/s)
[INFO] Downloading from central: https://repo.maven.apache.org/maven2/org/apache/httpcomponents/httpcomponents-client/4.0.2/httpcomponents-client-4.0.2.pom
[INFO] Downloaded from central: https://repo.maven.apache.org/maven2/org/apache/httpcomponents/httpcomponents-client/4.0.2/httpcomponents-client-4.0.2.pom (9.0 kB at 690 kB/s)
[INFO] Downloading from central: https://repo.maven.apache.org/maven2/org/apache/httpcomponents/project/4.1/project-4.1.pom
[INFO] Downloaded from central: https://repo.maven.apache.org/maven2/org/apache/httpcomponents/project/4.1/project-4.1.pom (16 kB at 655 kB/s)
[INFO] Downloading from central: https://repo.maven.apache.org/maven2/org/apache/httpcomponents/httpcore/4.0.1/httpcore-4.0.1.pom
[INFO] Downloaded from central: https://repo.maven.apache.org/maven2/org/apache/httpcomponents/httpcore/4.0.1/httpcore-4.0.1.pom (4.9 kB at 376 kB/s)
[INFO] Downloading from central: https://repo.maven.apache.org/maven2/org/apache/httpcomponents/httpcomponents-core/4.0.1/httpcomponents-core-4.0.1.pom
[INFO] Downloaded from central: https://repo.maven.apache.org/maven2/org/apache/httpcomponents/httpcomponents-core/4.0.1/httpcomponents-core-4.0.1.pom (9.4 kB at 668 kB/s)
[INFO] Downloading from central: https://repo.maven.apache.org/maven2/org/apache/httpcomponents/project/4.0/project-4.0.pom
[INFO] Downloaded from central: https://repo.maven.apache.org/maven2/org/apache/httpcomponents/project/4.0/project-4.0.pom (13 kB at 1.9 MB/s)
[INFO] Downloading from central: https://repo.maven.apache.org/maven2/commons-logging/commons-logging/1.1.1/commons-logging-1.1.1.pom
[INFO] Downloaded from central: https://repo.maven.apache.org/maven2/commons-logging/commons-logging/1.1.1/commons-logging-1.1.1.pom (18 kB at 2.0 MB/s)
[INFO] Downloading from central: https://repo.maven.apache.org/maven2/org/apache/commons/commons-parent/5/commons-parent-5.pom
[INFO] Downloaded from central: https://repo.maven.apache.org/maven2/org/apache/commons/commons-parent/5/commons-parent-5.pom (16 kB at 2.3 MB/s)
[INFO] Downloading from central: https://repo.maven.apache.org/maven2/commons-codec/commons-codec/1.3/commons-codec-1.3.pom
[INFO] Downloaded from central: https://repo.maven.apache.org/maven2/commons-codec/commons-codec/1.3/commons-codec-1.3.pom (6.1 kB at 509 kB/s)
[INFO] Downloading from central: https://repo.maven.apache.org/maven2/xmlunit/xmlunit/1.5/xmlunit-1.5.pom
[INFO] Downloaded from central: https://repo.maven.apache.org/maven2/xmlunit/xmlunit/1.5/xmlunit-1.5.pom (3.0 kB at 203 kB/s)
[INFO] Downloading from central: https://repo.maven.apache.org/maven2/org/apache/maven/doxia/doxia-site-renderer/1.6/doxia-site-renderer-1.6.pom
[INFO] Downloaded from central: https://repo.maven.apache.org/maven2/org/apache/maven/doxia/doxia-site-renderer/1.6/doxia-site-renderer-1.6.pom (6.1 kB at 322 kB/s)
[INFO] Downloading from central: https://repo.maven.apache.org/maven2/org/apache/maven/doxia/doxia-sitetools/1.6/doxia-sitetools-1.6.pom
[INFO] Downloaded from central: https://repo.maven.apache.org/maven2/org/apache/maven/doxia/doxia-sitetools/1.6/doxia-sitetools-1.6.pom (18 kB at 2.0 MB/s)
[INFO] Downloading from central: https://repo.maven.apache.org/maven2/org/apache/maven/doxia/doxia-decoration-model/1.6/doxia-decoration-model-1.6.pom
[INFO] Downloaded from central: https://repo.maven.apache.org/maven2/org/apache/maven/doxia/doxia-decoration-model/1.6/doxia-decoration-model-1.6.pom (3.0 kB at 214 kB/s)
[INFO] Downloading from central: https://repo.maven.apache.org/maven2/org/apache/maven/doxia/doxia-module-xhtml/1.6/doxia-module-xhtml-1.6.pom
[INFO] Downloaded from central: https://repo.maven.apache.org/maven2/org/apache/maven/doxia/doxia-module-xhtml/1.6/doxia-module-xhtml-1.6.pom (1.6 kB at 96 kB/s)
[INFO] Downloading from central: https://repo.maven.apache.org/maven2/org/apache/maven/doxia/doxia-modules/1.6/doxia-modules-1.6.pom
[INFO] Downloaded from central: https://repo.maven.apache.org/maven2/org/apache/maven/doxia/doxia-modules/1.6/doxia-modules-1.6.pom (2.6 kB at 291 kB/s)
[INFO] Downloading from central: https://repo.maven.apache.org/maven2/org/apache/maven/doxia/doxia-module-fml/1.6/doxia-module-fml-1.6.pom
[INFO] Downloaded from central: https://repo.maven.apache.org/maven2/org/apache/maven/doxia/doxia-module-fml/1.6/doxia-module-fml-1.6.pom (4.8 kB at 480 kB/s)
[INFO] Downloading from central: https://repo.maven.apache.org/maven2/org/apache/velocity/velocity-tools/2.0/velocity-tools-2.0.pom
[INFO] Downloaded from central: https://repo.maven.apache.org/maven2/org/apache/velocity/velocity-tools/2.0/velocity-tools-2.0.pom (18 kB at 1.8 MB/s)
[INFO] Downloading from central: https://repo.maven.apache.org/maven2/commons-digester/commons-digester/1.8/commons-digester-1.8.pom
[INFO] Downloaded from central: https://repo.maven.apache.org/maven2/commons-digester/commons-digester/1.8/commons-digester-1.8.pom (7.0 kB at 1.4 MB/s)
[INFO] Downloading from central: https://repo.maven.apache.org/maven2/commons-logging/commons-logging/1.1/commons-logging-1.1.pom
[INFO] Downloaded from central: https://repo.maven.apache.org/maven2/commons-logging/commons-logging/1.1/commons-logging-1.1.pom (6.2 kB at 618 kB/s)
[INFO] Downloading from central: https://repo.maven.apache.org/maven2/logkit/logkit/1.0.1/logkit-1.0.1.pom
[INFO] Downloaded from central: https://repo.maven.apache.org/maven2/logkit/logkit/1.0.1/logkit-1.0.1.pom (147 B at 21 kB/s)
[INFO] Downloading from central: https://repo.maven.apache.org/maven2/avalon-framework/avalon-framework/4.1.3/avalon-framework-4.1.3.pom
[INFO] Downloaded from central: https://repo.maven.apache.org/maven2/avalon-framework/avalon-framework/4.1.3/avalon-framework-4.1.3.pom (167 B at 33 kB/s)
[INFO] Downloading from central: https://repo.maven.apache.org/maven2/javax/servlet/servlet-api/2.3/servlet-api-2.3.pom
[INFO] Downloaded from central: https://repo.maven.apache.org/maven2/javax/servlet/servlet-api/2.3/servlet-api-2.3.pom (156 B at 20 kB/s)
[INFO] Downloading from central: https://repo.maven.apache.org/maven2/commons-chain/commons-chain/1.1/commons-chain-1.1.pom
[INFO] Downloaded from central: https://repo.maven.apache.org/maven2/commons-chain/commons-chain/1.1/commons-chain-1.1.pom (6.0 kB at 1.2 MB/s)
[INFO] Downloading from central: https://repo.maven.apache.org/maven2/commons-validator/commons-validator/1.3.1/commons-validator-1.3.1.pom
[INFO] Downloaded from central: https://repo.maven.apache.org/maven2/commons-validator/commons-validator/1.3.1/commons-validator-1.3.1.pom (9.0 kB at 1.8 MB/s)
[INFO] Downloading from central: https://repo.maven.apache.org/maven2/dom4j/dom4j/1.1/dom4j-1.1.pom
[INFO] Downloaded from central: https://repo.maven.apache.org/maven2/dom4j/dom4j/1.1/dom4j-1.1.pom (142 B at 24 kB/s)
[INFO] Downloading from central: https://repo.maven.apache.org/maven2/sslext/sslext/1.2-0/sslext-1.2-0.pom
[INFO] Downloaded from central: https://repo.maven.apache.org/maven2/sslext/sslext/1.2-0/sslext-1.2-0.pom (653 B at 109 kB/s)
[INFO] Downloading from central: https://repo.maven.apache.org/maven2/org/apache/struts/struts-core/1.3.8/struts-core-1.3.8.pom
[INFO] Downloaded from central: https://repo.maven.apache.org/maven2/org/apache/struts/struts-core/1.3.8/struts-core-1.3.8.pom (4.3 kB at 862 kB/s)
[INFO] Downloading from central: https://repo.maven.apache.org/maven2/org/apache/struts/struts-parent/1.3.8/struts-parent-1.3.8.pom
[INFO] Downloaded from central: https://repo.maven.apache.org/maven2/org/apache/struts/struts-parent/1.3.8/struts-parent-1.3.8.pom (9.8 kB at 1.6 MB/s)
[INFO] Downloading from central: https://repo.maven.apache.org/maven2/org/apache/struts/struts-master/4/struts-master-4.pom
[INFO] Downloaded from central: https://repo.maven.apache.org/maven2/org/apache/struts/struts-master/4/struts-master-4.pom (12 kB at 2.0 MB/s)
[INFO] Downloading from central: https://repo.maven.apache.org/maven2/org/apache/apache/2/apache-2.pom
[INFO] Downloaded from central: https://repo.maven.apache.org/maven2/org/apache/apache/2/apache-2.pom (3.4 kB at 682 kB/s)
[INFO] Downloading from central: https://repo.maven.apache.org/maven2/antlr/antlr/2.7.2/antlr-2.7.2.pom
[INFO] Downloaded from central: https://repo.maven.apache.org/maven2/antlr/antlr/2.7.2/antlr-2.7.2.pom (145 B at 24 kB/s)
[INFO] Downloading from central: https://repo.maven.apache.org/maven2/org/apache/struts/struts-taglib/1.3.8/struts-taglib-1.3.8.pom
[INFO] Downloaded from central: https://repo.maven.apache.org/maven2/org/apache/struts/struts-taglib/1.3.8/struts-taglib-1.3.8.pom (3.1 kB at 192 kB/s)
[INFO] Downloading from central: https://repo.maven.apache.org/maven2/org/apache/struts/struts-tiles/1.3.8/struts-tiles-1.3.8.pom
[INFO] Downloaded from central: https://repo.maven.apache.org/maven2/org/apache/struts/struts-tiles/1.3.8/struts-tiles-1.3.8.pom (2.9 kB at 363 kB/s)
[INFO] Downloading from central: https://repo.maven.apache.org/maven2/org/apache/velocity/velocity/1.6.2/velocity-1.6.2.pom
[INFO] Downloaded from central: https://repo.maven.apache.org/maven2/org/apache/velocity/velocity/1.6.2/velocity-1.6.2.pom (11 kB at 559 kB/s)
[INFO] Downloading from central: https://repo.maven.apache.org/maven2/commons-validator/commons-validator/1.4.1/commons-validator-1.4.1.pom
[INFO] Downloaded from central: https://repo.maven.apache.org/maven2/commons-validator/commons-validator/1.4.1/commons-validator-1.4.1.pom (13 kB at 422 kB/s)
[INFO] Downloading from central: https://repo.maven.apache.org/maven2/org/apache/commons/commons-parent/36/commons-parent-36.pom
[INFO] Downloaded from central: https://repo.maven.apache.org/maven2/org/apache/commons/commons-parent/36/commons-parent-36.pom (58 kB at 3.1 MB/s)
[INFO] Downloading from central: https://repo.maven.apache.org/maven2/commons-beanutils/commons-beanutils/1.8.3/commons-beanutils-1.8.3.pom
[INFO] Downloaded from central: https://repo.maven.apache.org/maven2/commons-beanutils/commons-beanutils/1.8.3/commons-beanutils-1.8.3.pom (11 kB at 1.2 MB/s)
[INFO] Downloading from central: https://repo.maven.apache.org/maven2/org/apache/commons/commons-parent/14/commons-parent-14.pom
[INFO] Downloaded from central: https://repo.maven.apache.org/maven2/org/apache/commons/commons-parent/14/commons-parent-14.pom (31 kB at 4.5 MB/s)
[INFO] Downloading from central: https://repo.maven.apache.org/maven2/commons-digester/commons-digester/1.8.1/commons-digester-1.8.1.pom
[INFO] Downloaded from central: https://repo.maven.apache.org/maven2/commons-digester/commons-digester/1.8.1/commons-digester-1.8.1.pom (10 kB at 1.1 MB/s)
[INFO] Downloading from central: https://repo.maven.apache.org/maven2/org/apache/commons/commons-parent/11/commons-parent-11.pom
[INFO] Downloaded from central: https://repo.maven.apache.org/maven2/org/apache/commons/commons-parent/11/commons-parent-11.pom (25 kB at 4.1 MB/s)
[INFO] Downloading from central: https://repo.maven.apache.org/maven2/org/apache/maven/shared/maven-script-interpreter/1.2/maven-script-interpreter-1.2.pom
[INFO] Downloaded from central: https://repo.maven.apache.org/maven2/org/apache/maven/shared/maven-script-interpreter/1.2/maven-script-interpreter-1.2.pom (4.0 kB at 500 kB/s)
[INFO] Downloading from central: https://repo.maven.apache.org/maven2/org/apache/maven/shared/maven-shared-utils/0.3/maven-shared-utils-0.3.pom
[INFO] Downloaded from central: https://repo.maven.apache.org/maven2/org/apache/maven/shared/maven-shared-utils/0.3/maven-shared-utils-0.3.pom (4.0 kB at 674 kB/s)
[INFO] Downloading from central: https://repo.maven.apache.org/maven2/org/apache/ant/ant/1.8.1/ant-1.8.1.pom
[INFO] Downloaded from central: https://repo.maven.apache.org/maven2/org/apache/ant/ant/1.8.1/ant-1.8.1.pom (8.8 kB at 677 kB/s)
[INFO] Downloading from central: https://repo.maven.apache.org/maven2/org/apache/ant/ant-parent/1.8.1/ant-parent-1.8.1.pom
[INFO] Downloaded from central: https://repo.maven.apache.org/maven2/org/apache/ant/ant-parent/1.8.1/ant-parent-1.8.1.pom (4.3 kB at 714 kB/s)
[INFO] Downloading from central: https://repo.maven.apache.org/maven2/org/apache/maven/shared/maven-artifact-transfer/0.9.1/maven-artifact-transfer-0.9.1.pom
[INFO] Downloaded from central: https://repo.maven.apache.org/maven2/org/apache/maven/shared/maven-artifact-transfer/0.9.1/maven-artifact-transfer-0.9.1.pom (7.6 kB at 951 kB/s)
[INFO] Downloading from central: https://repo.maven.apache.org/maven2/org/apache/maven/shared/maven-common-artifact-filters/3.0.1/maven-common-artifact-filters-3.0.1.pom
[INFO] Downloaded from central: https://repo.maven.apache.org/maven2/org/apache/maven/shared/maven-common-artifact-filters/3.0.1/maven-common-artifact-filters-3.0.1.pom (4.8 kB at 967 kB/s)
[INFO] Downloading from central: https://repo.maven.apache.org/maven2/commons-codec/commons-codec/1.6/commons-codec-1.6.pom
[INFO] Downloaded from central: https://repo.maven.apache.org/maven2/commons-codec/commons-codec/1.6/commons-codec-1.6.pom (11 kB at 1.6 MB/s)
[INFO] Downloading from central: https://repo.maven.apache.org/maven2/org/slf4j/slf4j-api/1.7.5/slf4j-api-1.7.5.pom
[INFO] Downloaded from central: https://repo.maven.apache.org/maven2/org/slf4j/slf4j-api/1.7.5/slf4j-api-1.7.5.pom (2.7 kB at 448 kB/s)
[INFO] Downloading from central: https://repo.maven.apache.org/maven2/org/slf4j/slf4j-parent/1.7.5/slf4j-parent-1.7.5.pom
[INFO] Downloaded from central: https://repo.maven.apache.org/maven2/org/slf4j/slf4j-parent/1.7.5/slf4j-parent-1.7.5.pom (12 kB at 1.5 MB/s)
[INFO] Downloading from central: https://repo.maven.apache.org/maven2/org/apache/maven/doxia/doxia-sink-api/1.7/doxia-sink-api-1.7.pom
[INFO] Downloaded from central: https://repo.maven.apache.org/maven2/org/apache/maven/doxia/doxia-sink-api/1.7/doxia-sink-api-1.7.pom (1.5 kB at 306 kB/s)
[INFO] Downloading from central: https://repo.maven.apache.org/maven2/org/apache/maven/doxia/doxia/1.7/doxia-1.7.pom
[INFO] Downloaded from central: https://repo.maven.apache.org/maven2/org/apache/maven/doxia/doxia/1.7/doxia-1.7.pom (15 kB at 1.5 MB/s)
[INFO] Downloading from central: https://repo.maven.apache.org/maven2/org/apache/maven/maven-parent/27/maven-parent-27.pom
[INFO] Downloaded from central: https://repo.maven.apache.org/maven2/org/apache/maven/maven-parent/27/maven-parent-27.pom (41 kB at 5.8 MB/s)
[INFO] Downloading from central: https://repo.maven.apache.org/maven2/org/apache/apache/17/apache-17.pom
[INFO] Downloaded from central: https://repo.maven.apache.org/maven2/org/apache/apache/17/apache-17.pom (16 kB at 2.7 MB/s)
[INFO] Downloading from central: https://repo.maven.apache.org/maven2/org/apache/maven/doxia/doxia-logging-api/1.7/doxia-logging-api-1.7.pom
[INFO] Downloaded from central: https://repo.maven.apache.org/maven2/org/apache/maven/doxia/doxia-logging-api/1.7/doxia-logging-api-1.7.pom (1.5 kB at 256 kB/s)
[INFO] Downloading from central: https://repo.maven.apache.org/maven2/org/apache/maven/doxia/doxia-site-renderer/1.7.4/doxia-site-renderer-1.7.4.pom
[INFO] Downloaded from central: https://repo.maven.apache.org/maven2/org/apache/maven/doxia/doxia-site-renderer/1.7.4/doxia-site-renderer-1.7.4.pom (6.7 kB at 1.1 MB/s)
[INFO] Downloading from central: https://repo.maven.apache.org/maven2/org/apache/maven/doxia/doxia-sitetools/1.7.4/doxia-sitetools-1.7.4.pom
[INFO] Downloaded from central: https://repo.maven.apache.org/maven2/org/apache/maven/doxia/doxia-sitetools/1.7.4/doxia-sitetools-1.7.4.pom (14 kB at 1.6 MB/s)
[INFO] Downloading from central: https://repo.maven.apache.org/maven2/org/apache/maven/doxia/doxia-core/1.7/doxia-core-1.7.pom
[INFO] Downloaded from central: https://repo.maven.apache.org/maven2/org/apache/maven/doxia/doxia-core/1.7/doxia-core-1.7.pom (4.1 kB at 406 kB/s)
[INFO] Downloading from central: https://repo.maven.apache.org/maven2/org/apache/maven/doxia/doxia-decoration-model/1.7.4/doxia-decoration-model-1.7.4.pom
[INFO] Downloaded from central: https://repo.maven.apache.org/maven2/org/apache/maven/doxia/doxia-decoration-model/1.7.4/doxia-decoration-model-1.7.4.pom (3.4 kB at 566 kB/s)
[INFO] Downloading from central: https://repo.maven.apache.org/maven2/org/apache/maven/doxia/doxia-skin-model/1.7.4/doxia-skin-model-1.7.4.pom
[INFO] Downloaded from central: https://repo.maven.apache.org/maven2/org/apache/maven/doxia/doxia-skin-model/1.7.4/doxia-skin-model-1.7.4.pom (3.0 kB at 504 kB/s)
[INFO] Downloading from central: https://repo.maven.apache.org/maven2/org/apache/maven/doxia/doxia-module-xhtml/1.7/doxia-module-xhtml-1.7.pom
[INFO] Downloaded from central: https://repo.maven.apache.org/maven2/org/apache/maven/doxia/doxia-module-xhtml/1.7/doxia-module-xhtml-1.7.pom (1.6 kB at 233 kB/s)
[INFO] Downloading from central: https://repo.maven.apache.org/maven2/org/apache/maven/doxia/doxia-modules/1.7/doxia-modules-1.7.pom
[INFO] Downloaded from central: https://repo.maven.apache.org/maven2/org/apache/maven/doxia/doxia-modules/1.7/doxia-modules-1.7.pom (2.6 kB at 437 kB/s)
[INFO] Downloading from central: https://repo.maven.apache.org/maven2/org/codehaus/plexus/plexus-velocity/1.2/plexus-velocity-1.2.pom
[INFO] Downloaded from central: https://repo.maven.apache.org/maven2/org/codehaus/plexus/plexus-velocity/1.2/plexus-velocity-1.2.pom (2.8 kB at 470 kB/s)
[INFO] Downloading from central: https://repo.maven.apache.org/maven2/org/codehaus/groovy/groovy-all/2.4.8/groovy-all-2.4.8.pom
[INFO] Downloaded from central: https://repo.maven.apache.org/maven2/org/codehaus/groovy/groovy-all/2.4.8/groovy-all-2.4.8.pom (21 kB at 3.1 MB/s)
[INFO] Downloading from central: https://repo.maven.apache.org/maven2/org/apache/maven/doxia/doxia-core/1.6/doxia-core-1.6.jar
[INFO] Downloading from central: https://repo.maven.apache.org/maven2/org/codehaus/plexus/plexus-container-default/1.0-alpha-30/plexus-container-default-1.0-alpha-30.jar
[INFO] Downloading from central: https://repo.maven.apache.org/maven2/xerces/xercesImpl/2.9.1/xercesImpl-2.9.1.jar
[INFO] Downloading from central: https://repo.maven.apache.org/maven2/xml-apis/xml-apis/1.3.04/xml-apis-1.3.04.jar
[INFO] Downloading from central: https://repo.maven.apache.org/maven2/org/apache/httpcomponents/httpclient/4.0.2/httpclient-4.0.2.jar
[INFO] Downloaded from central: https://repo.maven.apache.org/maven2/org/apache/maven/doxia/doxia-core/1.6/doxia-core-1.6.jar (162 kB at 3.3 MB/s)
[INFO] Downloading from central: https://repo.maven.apache.org/maven2/org/apache/httpcomponents/httpcore/4.0.1/httpcore-4.0.1.jar
[INFO] Downloaded from central: https://repo.maven.apache.org/maven2/org/codehaus/plexus/plexus-container-default/1.0-alpha-30/plexus-container-default-1.0-alpha-30.jar (237 kB at 4.0 MB/s)
[INFO] Downloading from central: https://repo.maven.apache.org/maven2/xmlunit/xmlunit/1.5/xmlunit-1.5.jar
[INFO] Downloaded from central: https://repo.maven.apache.org/maven2/org/apache/httpcomponents/httpcore/4.0.1/httpcore-4.0.1.jar (173 kB at 2.9 MB/s)
[INFO] Downloading from central: https://repo.maven.apache.org/maven2/commons-validator/commons-validator/1.4.1/commons-validator-1.4.1.jar
[INFO] Downloaded from central: https://repo.maven.apache.org/maven2/xmlunit/xmlunit/1.5/xmlunit-1.5.jar (98 kB at 1.2 MB/s)
[INFO] Downloading from central: https://repo.maven.apache.org/maven2/commons-beanutils/commons-beanutils/1.8.3/commons-beanutils-1.8.3.jar
[INFO] Downloaded from central: https://repo.maven.apache.org/maven2/xml-apis/xml-apis/1.3.04/xml-apis-1.3.04.jar (194 kB at 2.3 MB/s)
[INFO] Downloading from central: https://repo.maven.apache.org/maven2/commons-digester/commons-digester/1.8.1/commons-digester-1.8.1.jar
[INFO] Downloaded from central: https://repo.maven.apache.org/maven2/commons-validator/commons-validator/1.4.1/commons-validator-1.4.1.jar (190 kB at 2.0 MB/s)
[INFO] Downloading from central: https://repo.maven.apache.org/maven2/org/apache/ant/ant/1.8.1/ant-1.8.1.jar
[INFO] Downloaded from central: https://repo.maven.apache.org/maven2/org/apache/httpcomponents/httpclient/4.0.2/httpclient-4.0.2.jar (293 kB at 2.5 MB/s)
[INFO] Downloading from central: https://repo.maven.apache.org/maven2/org/apache/maven/shared/maven-common-artifact-filters/3.0.1/maven-common-artifact-filters-3.0.1.jar
[INFO] Downloaded from central: https://repo.maven.apache.org/maven2/commons-digester/commons-digester/1.8.1/commons-digester-1.8.1.jar (146 kB at 1.2 MB/s)
[INFO] Downloading from central: https://repo.maven.apache.org/maven2/commons-codec/commons-codec/1.6/commons-codec-1.6.jar
[INFO] Downloaded from central: https://repo.maven.apache.org/maven2/xerces/xercesImpl/2.9.1/xercesImpl-2.9.1.jar (1.2 MB at 8.1 MB/s)
[INFO] Downloading from central: https://repo.maven.apache.org/maven2/org/slf4j/slf4j-api/1.7.5/slf4j-api-1.7.5.jar
[INFO] Downloaded from central: https://repo.maven.apache.org/maven2/org/slf4j/slf4j-api/1.7.5/slf4j-api-1.7.5.jar (26 kB at 162 kB/s)
[INFO] Downloading from central: https://repo.maven.apache.org/maven2/org/apache/maven/doxia/doxia-logging-api/1.7/doxia-logging-api-1.7.jar
[INFO] Downloaded from central: https://repo.maven.apache.org/maven2/org/apache/maven/shared/maven-common-artifact-filters/3.0.1/maven-common-artifact-filters-3.0.1.jar (61 kB at 357 kB/s)
[INFO] Downloading from central: https://repo.maven.apache.org/maven2/org/apache/maven/doxia/doxia-decoration-model/1.7.4/doxia-decoration-model-1.7.4.jar
[INFO] Downloaded from central: https://repo.maven.apache.org/maven2/org/apache/maven/doxia/doxia-logging-api/1.7/doxia-logging-api-1.7.jar (12 kB at 63 kB/s)
[INFO] Downloading from central: https://repo.maven.apache.org/maven2/org/apache/maven/doxia/doxia-skin-model/1.7.4/doxia-skin-model-1.7.4.jar
[INFO] Downloaded from central: https://repo.maven.apache.org/maven2/commons-codec/commons-codec/1.6/commons-codec-1.6.jar (233 kB at 1.2 MB/s)
[INFO] Downloading from central: https://repo.maven.apache.org/maven2/org/apache/maven/doxia/doxia-module-xhtml/1.7/doxia-module-xhtml-1.7.jar
[INFO] Downloaded from central: https://repo.maven.apache.org/maven2/org/apache/maven/doxia/doxia-decoration-model/1.7.4/doxia-decoration-model-1.7.4.jar (61 kB at 306 kB/s)
[INFO] Downloaded from central: https://repo.maven.apache.org/maven2/commons-beanutils/commons-beanutils/1.8.3/commons-beanutils-1.8.3.jar (232 kB at 1.2 MB/s)
[INFO] Downloading from central: https://repo.maven.apache.org/maven2/org/codehaus/plexus/plexus-velocity/1.2/plexus-velocity-1.2.jar
[INFO] Downloading from central: https://repo.maven.apache.org/maven2/org/apache/velocity/velocity-tools/2.0/velocity-tools-2.0.jar
[INFO] Downloaded from central: https://repo.maven.apache.org/maven2/org/apache/maven/doxia/doxia-skin-model/1.7.4/doxia-skin-model-1.7.4.jar (16 kB at 79 kB/s)
[INFO] Downloading from central: https://repo.maven.apache.org/maven2/commons-chain/commons-chain/1.1/commons-chain-1.1.jar
[INFO] Downloaded from central: https://repo.maven.apache.org/maven2/org/codehaus/plexus/plexus-velocity/1.2/plexus-velocity-1.2.jar (8.1 kB at 39 kB/s)
[INFO] Downloading from central: https://repo.maven.apache.org/maven2/dom4j/dom4j/1.1/dom4j-1.1.jar
[INFO] Downloaded from central: https://repo.maven.apache.org/maven2/commons-chain/commons-chain/1.1/commons-chain-1.1.jar (90 kB at 417 kB/s)
[INFO] Downloading from central: https://repo.maven.apache.org/maven2/sslext/sslext/1.2-0/sslext-1.2-0.jar
[INFO] Downloaded from central: https://repo.maven.apache.org/maven2/org/apache/maven/doxia/doxia-module-xhtml/1.7/doxia-module-xhtml-1.7.jar (17 kB at 75 kB/s)
[INFO] Downloading from central: https://repo.maven.apache.org/maven2/org/apache/struts/struts-core/1.3.8/struts-core-1.3.8.jar
[INFO] Downloaded from central: https://repo.maven.apache.org/maven2/sslext/sslext/1.2-0/sslext-1.2-0.jar (26 kB at 112 kB/s)
[INFO] Downloading from central: https://repo.maven.apache.org/maven2/antlr/antlr/2.7.2/antlr-2.7.2.jar
[INFO] Downloaded from central: https://repo.maven.apache.org/maven2/org/apache/velocity/velocity-tools/2.0/velocity-tools-2.0.jar (347 kB at 1.2 MB/s)
[INFO] Downloading from central: https://repo.maven.apache.org/maven2/org/apache/struts/struts-taglib/1.3.8/struts-taglib-1.3.8.jar
[INFO] Downloaded from central: https://repo.maven.apache.org/maven2/antlr/antlr/2.7.2/antlr-2.7.2.jar (358 kB at 1.0 MB/s)
[INFO] Downloading from central: https://repo.maven.apache.org/maven2/org/apache/struts/struts-tiles/1.3.8/struts-tiles-1.3.8.jar
[INFO] Downloaded from central: https://repo.maven.apache.org/maven2/org/apache/struts/struts-taglib/1.3.8/struts-taglib-1.3.8.jar (252 kB at 731 kB/s)
[INFO] Downloaded from central: https://repo.maven.apache.org/maven2/org/apache/struts/struts-tiles/1.3.8/struts-tiles-1.3.8.jar (120 kB at 339 kB/s)
[INFO] Downloaded from central: https://repo.maven.apache.org/maven2/org/apache/struts/struts-core/1.3.8/struts-core-1.3.8.jar (329 kB at 924 kB/s)
[INFO] Downloaded from central: https://repo.maven.apache.org/maven2/dom4j/dom4j/1.1/dom4j-1.1.jar (457 kB at 1.2 MB/s)
[INFO] Downloaded from central: https://repo.maven.apache.org/maven2/org/apache/ant/ant/1.8.1/ant-1.8.1.jar (1.5 MB at 3.8 MB/s)
[INFO] Installing /home/travis/build/google/auto/pom.xml to /home/travis/.m2/repository/com/google/auto/auto-parent/HEAD-SNAPSHOT/auto-parent-HEAD-SNAPSHOT.pom
[INFO] Installing /home/travis/build/google/auto/common/pom.xml to /home/travis/.m2/repository/com/google/auto/auto-common/HEAD-SNAPSHOT/auto-common-HEAD-SNAPSHOT.pom
[INFO] Installing /home/travis/build/google/auto/common/target/auto-common-HEAD-SNAPSHOT.jar to /home/travis/.m2/repository/com/google/auto/auto-common/HEAD-SNAPSHOT/auto-common-HEAD-SNAPSHOT.jar
[INFO] Installing /home/travis/build/google/auto/factory/pom.xml to /home/travis/.m2/repository/com/google/auto/factory/auto-factory/HEAD-SNAPSHOT/auto-factory-HEAD-SNAPSHOT.pom
[INFO] Installing /home/travis/build/google/auto/factory/target/auto-factory-HEAD-SNAPSHOT.jar to /home/travis/.m2/repository/com/google/auto/factory/auto-factory/HEAD-SNAPSHOT/auto-factory-HEAD-SNAPSHOT.jar
[INFO] 
[INFO] --- maven-invoker-plugin:3.0.1:run (integration-test) @ auto-factory ---
[INFO] Running Setup Jobs
[INFO] Building: functional/pom.xml
[INFO] Picked up _JAVA_OPTIONS: -Xmx2048m -Xms512m
[INFO] [INFO] Scanning for projects...
[INFO] [INFO] 
[INFO] [INFO] ------------------------------------------------------------------------
[INFO] [INFO] Building Auto-Value Functional Integration Test HEAD-SNAPSHOT
[INFO] [INFO] ------------------------------------------------------------------------
[INFO] [INFO] Downloading from apache-snapshots: https://repository.apache.org/snapshots/com/google/auto/factory/auto-factory/HEAD-SNAPSHOT/maven-metadata.xml
[INFO] [INFO] Downloading from central: http://repo.maven.apache.org/maven2/com/google/code/findbugs/jsr305/1.3.9/jsr305-1.3.9.pom
[INFO] [INFO] Downloaded from central: http://repo.maven.apache.org/maven2/com/google/code/findbugs/jsr305/1.3.9/jsr305-1.3.9.pom (965 B at 32 kB/s)
[INFO] [INFO] Downloading from central: http://repo.maven.apache.org/maven2/com/google/guava/guava/22.0/guava-22.0.pom
[INFO] [INFO] Downloaded from central: http://repo.maven.apache.org/maven2/com/google/guava/guava/22.0/guava-22.0.pom (5.7 kB at 811 kB/s)
[INFO] [INFO] Downloading from central: http://repo.maven.apache.org/maven2/com/google/guava/guava-parent/22.0/guava-parent-22.0.pom
[INFO] [INFO] Downloaded from central: http://repo.maven.apache.org/maven2/com/google/guava/guava-parent/22.0/guava-parent-22.0.pom (8.9 kB at 885 kB/s)
[INFO] [INFO] Downloading from central: http://repo.maven.apache.org/maven2/com/google/guava/guava/23.4-jre/guava-23.4-jre.pom
[INFO] [INFO] Downloaded from central: http://repo.maven.apache.org/maven2/com/google/guava/guava/23.4-jre/guava-23.4-jre.pom (6.8 kB at 341 kB/s)
[INFO] [INFO] Downloading from central: http://repo.maven.apache.org/maven2/com/google/guava/guava-parent/23.4-jre/guava-parent-23.4-jre.pom
[INFO] [INFO] Downloaded from central: http://repo.maven.apache.org/maven2/com/google/guava/guava-parent/23.4-jre/guava-parent-23.4-jre.pom (10.0 kB at 833 kB/s)
[INFO] [INFO] Downloading from central: http://repo.maven.apache.org/maven2/com/google/inject/guice/4.1.0/guice-4.1.0.pom
[INFO] [INFO] Downloaded from central: http://repo.maven.apache.org/maven2/com/google/inject/guice/4.1.0/guice-4.1.0.pom (11 kB at 1.5 MB/s)
[INFO] [INFO] Downloading from central: http://repo.maven.apache.org/maven2/com/google/inject/guice-parent/4.1.0/guice-parent-4.1.0.pom
[INFO] [INFO] Downloaded from central: http://repo.maven.apache.org/maven2/com/google/inject/guice-parent/4.1.0/guice-parent-4.1.0.pom (16 kB at 1.3 MB/s)
[INFO] [INFO] Downloading from central: http://repo.maven.apache.org/maven2/com/google/google/5/google-5.pom
[INFO] [INFO] Downloaded from central: http://repo.maven.apache.org/maven2/com/google/google/5/google-5.pom (2.5 kB at 223 kB/s)
[INFO] [INFO] Downloading from central: http://repo.maven.apache.org/maven2/aopalliance/aopalliance/1.0/aopalliance-1.0.pom
[INFO] [INFO] Downloaded from central: http://repo.maven.apache.org/maven2/aopalliance/aopalliance/1.0/aopalliance-1.0.pom (363 B at 30 kB/s)
[INFO] [INFO] Downloading from central: http://repo.maven.apache.org/maven2/com/google/guava/guava/19.0/guava-19.0.pom
[INFO] [INFO] Downloaded from central: http://repo.maven.apache.org/maven2/com/google/guava/guava/19.0/guava-19.0.pom (6.8 kB at 755 kB/s)
[INFO] [INFO] Downloading from central: http://repo.maven.apache.org/maven2/com/google/guava/guava-parent/19.0/guava-parent-19.0.pom
[INFO] [INFO] Downloaded from central: http://repo.maven.apache.org/maven2/com/google/guava/guava-parent/19.0/guava-parent-19.0.pom (9.9 kB at 988 kB/s)
[INFO] [INFO] Downloading from central: http://repo.maven.apache.org/maven2/com/google/dagger/dagger/2.13/dagger-2.13.pom
[INFO] [INFO] Downloaded from central: http://repo.maven.apache.org/maven2/com/google/dagger/dagger/2.13/dagger-2.13.pom (2.1 kB at 162 kB/s)
[INFO] [INFO] Downloading from central: http://repo.maven.apache.org/maven2/com/google/dagger/dagger-compiler/2.13/dagger-compiler-2.13.pom
[INFO] [INFO] Downloaded from central: http://repo.maven.apache.org/maven2/com/google/dagger/dagger-compiler/2.13/dagger-compiler-2.13.pom (3.2 kB at 212 kB/s)
[INFO] [INFO] Downloading from central: http://repo.maven.apache.org/maven2/com/google/dagger/dagger-producers/2.13/dagger-producers-2.13.pom
[INFO] [INFO] Downloaded from central: http://repo.maven.apache.org/maven2/com/google/dagger/dagger-producers/2.13/dagger-producers-2.13.pom (2.6 kB at 233 kB/s)
[INFO] [INFO] Downloading from central: http://repo.maven.apache.org/maven2/com/google/code/findbugs/jsr305/3.0.1/jsr305-3.0.1.pom
[INFO] [INFO] Downloaded from central: http://repo.maven.apache.org/maven2/com/google/code/findbugs/jsr305/3.0.1/jsr305-3.0.1.pom (4.3 kB at 429 kB/s)
[INFO] [INFO] Downloading from central: http://repo.maven.apache.org/maven2/com/google/guava/guava/21.0/guava-21.0.pom
[INFO] [INFO] Downloaded from central: http://repo.maven.apache.org/maven2/com/google/guava/guava/21.0/guava-21.0.pom (7.0 kB at 318 kB/s)
[INFO] [INFO] Downloading from central: http://repo.maven.apache.org/maven2/com/google/guava/guava-parent/21.0/guava-parent-21.0.pom
[INFO] [INFO] Downloaded from central: http://repo.maven.apache.org/maven2/com/google/guava/guava-parent/21.0/guava-parent-21.0.pom (9.7 kB at 1.4 MB/s)
[INFO] [INFO] Downloading from central: http://repo.maven.apache.org/maven2/com/google/googlejavaformat/google-java-format/1.4/google-java-format-1.4.pom
[INFO] [INFO] Downloaded from central: http://repo.maven.apache.org/maven2/com/google/googlejavaformat/google-java-format/1.4/google-java-format-1.4.pom (6.5 kB at 1.1 MB/s)
[INFO] [INFO] Downloading from central: http://repo.maven.apache.org/maven2/com/google/googlejavaformat/google-java-format-parent/1.4/google-java-format-parent-1.4.pom
[INFO] [INFO] Downloaded from central: http://repo.maven.apache.org/maven2/com/google/googlejavaformat/google-java-format-parent/1.4/google-java-format-parent-1.4.pom (8.7 kB at 1.7 MB/s)
[INFO] [INFO] Downloading from central: http://repo.maven.apache.org/maven2/com/squareup/javapoet/1.8.0/javapoet-1.8.0.pom
[INFO] [INFO] Downloaded from central: http://repo.maven.apache.org/maven2/com/squareup/javapoet/1.8.0/javapoet-1.8.0.pom (3.7 kB at 609 kB/s)
[INFO] [INFO] Downloading from central: http://repo.maven.apache.org/maven2/javax/annotation/jsr250-api/1.0/jsr250-api-1.0.pom
[INFO] [INFO] Downloaded from central: http://repo.maven.apache.org/maven2/javax/annotation/jsr250-api/1.0/jsr250-api-1.0.pom (1.0 kB at 205 kB/s)
[INFO] [INFO] Downloading from central: http://repo.maven.apache.org/maven2/com/google/guava/guava/22.0-android/guava-22.0-android.pom
[INFO] [INFO] Downloaded from central: http://repo.maven.apache.org/maven2/com/google/guava/guava/22.0-android/guava-22.0-android.pom (5.7 kB at 812 kB/s)
[INFO] [INFO] Downloading from central: http://repo.maven.apache.org/maven2/com/google/guava/guava-parent/22.0-android/guava-parent-22.0-android.pom
[INFO] [INFO] Downloaded from central: http://repo.maven.apache.org/maven2/com/google/guava/guava-parent/22.0-android/guava-parent-22.0-android.pom (8.6 kB at 1.2 MB/s)
[INFO] [INFO] Downloading from central: http://repo.maven.apache.org/maven2/com/google/guava/guava/23.4-jre/guava-23.4-jre.jar
[INFO] [INFO] Downloading from central: http://repo.maven.apache.org/maven2/com/google/inject/guice/4.1.0/guice-4.1.0.jar
[INFO] [INFO] Downloading from central: http://repo.maven.apache.org/maven2/aopalliance/aopalliance/1.0/aopalliance-1.0.jar
[INFO] [INFO] Downloading from central: http://repo.maven.apache.org/maven2/com/google/dagger/dagger/2.13/dagger-2.13.jar
[INFO] [INFO] Downloading from central: http://repo.maven.apache.org/maven2/com/google/dagger/dagger-compiler/2.13/dagger-compiler-2.13.jar
[INFO] [INFO] Downloaded from central: http://repo.maven.apache.org/maven2/aopalliance/aopalliance/1.0/aopalliance-1.0.jar (4.5 kB at 179 kB/s)
[INFO] [INFO] Downloading from central: http://repo.maven.apache.org/maven2/com/google/dagger/dagger-producers/2.13/dagger-producers-2.13.jar
[INFO] [INFO] Downloaded from central: http://repo.maven.apache.org/maven2/com/google/dagger/dagger/2.13/dagger-2.13.jar (40 kB at 1.3 MB/s)
[INFO] [INFO] Downloading from central: http://repo.maven.apache.org/maven2/javax/annotation/jsr250-api/1.0/jsr250-api-1.0.jar
[INFO] [INFO] Downloaded from central: http://repo.maven.apache.org/maven2/com/google/dagger/dagger-producers/2.13/dagger-producers-2.13.jar (71 kB at 2.8 MB/s)
[INFO] [INFO] Downloaded from central: http://repo.maven.apache.org/maven2/com/google/inject/guice/4.1.0/guice-4.1.0.jar (674 kB at 17 MB/s)
[INFO] [INFO] Downloaded from central: http://repo.maven.apache.org/maven2/javax/annotation/jsr250-api/1.0/jsr250-api-1.0.jar (5.8 kB at 202 kB/s)
[INFO] [INFO] Downloaded from central: http://repo.maven.apache.org/maven2/com/google/dagger/dagger-compiler/2.13/dagger-compiler-2.13.jar (765 kB at 13 MB/s)
[INFO] [INFO] Downloaded from central: http://repo.maven.apache.org/maven2/com/google/guava/guava/23.4-jre/guava-23.4-jre.jar (2.7 MB at 23 MB/s)
[INFO] [INFO] 
[INFO] [INFO] --- maven-resources-plugin:2.6:resources (default-resources) @ functional ---
[INFO] [WARNING] Using platform encoding (UTF-8 actually) to copy filtered resources, i.e. build is platform dependent!
[INFO] [INFO] skip non existing resourceDirectory /home/travis/build/google/auto/factory/target/it/functional/src/main/resources
[INFO] [INFO] 
[INFO] [INFO] --- maven-compiler-plugin:3.7.0:compile (default-compile) @ functional ---
[INFO] [INFO] Changes detected - recompiling the module!
[INFO] [WARNING] File encoding has not been set, using platform encoding UTF-8, i.e. build is platform dependent!
[INFO] [INFO] Compiling 9 source files to /home/travis/build/google/auto/factory/target/it/functional/target/classes
[INFO] [WARNING] bootstrap class path not set in conjunction with -source 1.6
[INFO] [WARNING] source value 1.6 is obsolete and will be removed in a future release
[INFO] [WARNING] target value 1.6 is obsolete and will be removed in a future release
[INFO] [WARNING] To suppress warnings about obsolete options, use -Xlint:-options.
[INFO] [WARNING] No processor claimed any of these annotations: javax.inject.Inject,com.google.auto.factory.Provided,com.google.auto.factory.AutoFactory,dagger.Module,javax.inject.Qualifier,com.google.auto.factory.Qualifier,dagger.Component,dagger.Provides
[INFO] [WARNING] MethodParameters attribute introduced in version 52.0 class files is ignored in version 51.0 class files
[INFO] [WARNING] No processor claimed any of these annotations: javax.inject.Inject,com.google.auto.factory.Qualifier,javax.annotation.Generated
[INFO] [WARNING] No processor claimed any of these annotations: javax.annotation.Generated
[INFO] [INFO] 
[INFO] [INFO] --- maven-resources-plugin:2.6:testResources (default-testResources) @ functional ---
[INFO] [WARNING] Using platform encoding (UTF-8 actually) to copy filtered resources, i.e. build is platform dependent!
[INFO] [INFO] skip non existing resourceDirectory /home/travis/build/google/auto/factory/target/it/functional/src/test/resources
[INFO] [INFO] 
[INFO] [INFO] --- maven-compiler-plugin:3.7.0:testCompile (default-testCompile) @ functional ---
[INFO] [INFO] Changes detected - recompiling the module!
[INFO] [WARNING] File encoding has not been set, using platform encoding UTF-8, i.e. build is platform dependent!
[INFO] [INFO] Compiling 1 source file to /home/travis/build/google/auto/factory/target/it/functional/target/test-classes
[INFO] [WARNING] bootstrap class path not set in conjunction with -source 1.6
[INFO] [WARNING] source value 1.6 is obsolete and will be removed in a future release
[INFO] [WARNING] target value 1.6 is obsolete and will be removed in a future release
[INFO] [WARNING] To suppress warnings about obsolete options, use -Xlint:-options.
[INFO] [WARNING] No processor claimed any of these annotations: org.junit.runner.RunWith,org.junit.Test
[INFO] [INFO] 
[INFO] [INFO] --- maven-surefire-plugin:2.12.4:test (default-test) @ functional ---
[INFO] [INFO] Surefire report directory: /home/travis/build/google/auto/factory/target/it/functional/target/surefire-reports
[INFO] 
[INFO] -------------------------------------------------------
[INFO]  T E S T S
[INFO] -------------------------------------------------------
[INFO] Picked up _JAVA_OPTIONS: -Xmx2048m -Xms512m
[INFO] Running com.google.auto.factory.DependencyInjectionIntegrationTest
[INFO] WARNING: An illegal reflective access operation has occurred
[INFO] WARNING: Illegal reflective access by com.google.inject.internal.cglib.core.$ReflectUtils$1 (file:/home/travis/.m2/repository/com/google/inject/guice/4.1.0/guice-4.1.0.jar) to method java.lang.ClassLoader.defineClass(java.lang.String,byte[],int,int,java.security.ProtectionDomain)
[INFO] WARNING: Please consider reporting this to the maintainers of com.google.inject.internal.cglib.core.$ReflectUtils$1
[INFO] WARNING: Use --illegal-access=warn to enable warnings of further illegal reflective access operations
[INFO] WARNING: All illegal access operations will be denied in a future release
[INFO] Tests run: 2, Failures: 0, Errors: 0, Skipped: 0, Time elapsed: 0.524 sec
[INFO] 
[INFO] Results :
[INFO] 
[INFO] Tests run: 2, Failures: 0, Errors: 0, Skipped: 0
[INFO] 
[INFO] [INFO] 
[INFO] [INFO] --- maven-jar-plugin:3.0.2:jar (default-jar) @ functional ---
[INFO] [INFO] Building jar: /home/travis/build/google/auto/factory/target/it/functional/target/functional-HEAD-SNAPSHOT.jar
[INFO] [INFO] ------------------------------------------------------------------------
[INFO] [INFO] BUILD SUCCESS
[INFO] [INFO] ------------------------------------------------------------------------
[INFO] [INFO] Total time: 7.743 s
[INFO] [INFO] Finished at: 2018-06-18T15:57:40Z
[INFO] [INFO] Final Memory: 37M/512M
[INFO] [INFO] ------------------------------------------------------------------------
[INFO]           functional/pom.xml ............................... SUCCESS (9.9 s)
[INFO] -------------------------------------------------
[INFO] Build Summary:
[INFO]   Passed: 1, Failed: 0, Errors: 0, Skipped: 0
[INFO] -------------------------------------------------
[INFO] 
[INFO] ------------------------------------------------------------------------
[INFO] Building AutoService HEAD-SNAPSHOT
[INFO] ------------------------------------------------------------------------
[INFO] 
[INFO] --- maven-enforcer-plugin:1.0:enforce (enforce-maven) @ auto-service ---
[INFO] 
[INFO] --- maven-resources-plugin:2.6:resources (default-resources) @ auto-service ---
[INFO] Using 'UTF-8' encoding to copy filtered resources.
[INFO] Copying 1 resource
[INFO] 
[INFO] --- maven-compiler-plugin:3.7.0:compile (default-compile) @ auto-service ---
[INFO] Changes detected - recompiling the module!
[INFO] Compiling 4 source files to /home/travis/build/google/auto/service/target/classes
[WARNING] bootstrap class path not set in conjunction with -source 1.8
[INFO] 
[INFO] --- maven-resources-plugin:2.6:testResources (default-testResources) @ auto-service ---
[INFO] Using 'UTF-8' encoding to copy filtered resources.
[INFO] Copying 12 resources
[INFO] 
[INFO] --- maven-compiler-plugin:3.7.0:testCompile (default-testCompile) @ auto-service ---
[INFO] Changes detected - recompiling the module!
[INFO] Compiling 1 source file to /home/travis/build/google/auto/service/target/test-classes
[WARNING] bootstrap class path not set in conjunction with -source 1.8
[INFO] 
[INFO] --- maven-surefire-plugin:2.12.4:test (default-test) @ auto-service ---
[INFO] Surefire report directory: /home/travis/build/google/auto/service/target/surefire-reports

-------------------------------------------------------
 T E S T S
-------------------------------------------------------
Picked up _JAVA_OPTIONS: -Xmx2048m -Xms512m
Running com.google.auto.service.processor.AutoServiceProcessorTest
Tests run: 3, Failures: 0, Errors: 0, Skipped: 0, Time elapsed: 1.77 sec

Results :

Tests run: 3, Failures: 0, Errors: 0, Skipped: 0

[INFO] 
[INFO] --- maven-jar-plugin:3.0.2:jar (default-jar) @ auto-service ---
[INFO] Building jar: /home/travis/build/google/auto/service/target/auto-service-HEAD-SNAPSHOT.jar
[INFO] 
[INFO] ------------------------------------------------------------------------
[INFO] Building AutoValue Parent HEAD-SNAPSHOT
[INFO] ------------------------------------------------------------------------
[INFO] 
[INFO] --- maven-enforcer-plugin:1.0:enforce (enforce-maven) @ auto-value-parent ---
[INFO] 
[INFO] ------------------------------------------------------------------------
[INFO] Building AutoValue Annotations HEAD-SNAPSHOT
[INFO] ------------------------------------------------------------------------
[INFO] 
[INFO] --- maven-enforcer-plugin:1.0:enforce (enforce-maven) @ auto-value-annotations ---
[INFO] 
[INFO] --- maven-resources-plugin:2.6:resources (default-resources) @ auto-value-annotations ---
[INFO] Using 'UTF-8' encoding to copy filtered resources.
[INFO] skip non existing resourceDirectory /home/travis/build/google/auto/value/annotations/src/main/resources
[INFO] 
[INFO] --- maven-compiler-plugin:3.7.0:compile (default-compile) @ auto-value-annotations ---
[INFO] Changes detected - recompiling the module!
[INFO] Compiling 4 source files to /home/travis/build/google/auto/value/annotations/target/classes
[WARNING] bootstrap class path not set in conjunction with -source 1.8
[INFO] 
[INFO] --- maven-resources-plugin:2.6:testResources (default-testResources) @ auto-value-annotations ---
[INFO] Using 'UTF-8' encoding to copy filtered resources.
[INFO] skip non existing resourceDirectory /home/travis/build/google/auto/value/annotations/src/test/resources
[INFO] 
[INFO] --- maven-compiler-plugin:3.7.0:testCompile (default-testCompile) @ auto-value-annotations ---
[INFO] No sources to compile
[INFO] 
[INFO] --- maven-surefire-plugin:2.12.4:test (default-test) @ auto-value-annotations ---
[INFO] No tests to run.
[INFO] 
[INFO] --- maven-jar-plugin:3.0.2:jar (default-jar) @ auto-value-annotations ---
[INFO] Building jar: /home/travis/build/google/auto/value/annotations/target/auto-value-annotations-HEAD-SNAPSHOT.jar
[INFO] 
[INFO] --- maven-invoker-plugin:3.0.1:install (integration-test) @ auto-value-annotations ---
[INFO] Installing /home/travis/build/google/auto/pom.xml to /home/travis/.m2/repository/com/google/auto/auto-parent/HEAD-SNAPSHOT/auto-parent-HEAD-SNAPSHOT.pom
[INFO] Installing /home/travis/build/google/auto/common/pom.xml to /home/travis/.m2/repository/com/google/auto/auto-common/HEAD-SNAPSHOT/auto-common-HEAD-SNAPSHOT.pom
[INFO] Installing /home/travis/build/google/auto/common/target/auto-common-HEAD-SNAPSHOT.jar to /home/travis/.m2/repository/com/google/auto/auto-common/HEAD-SNAPSHOT/auto-common-HEAD-SNAPSHOT.jar
[INFO] Installing /home/travis/build/google/auto/factory/pom.xml to /home/travis/.m2/repository/com/google/auto/factory/auto-factory/HEAD-SNAPSHOT/auto-factory-HEAD-SNAPSHOT.pom
[INFO] Installing /home/travis/build/google/auto/factory/target/auto-factory-HEAD-SNAPSHOT.jar to /home/travis/.m2/repository/com/google/auto/factory/auto-factory/HEAD-SNAPSHOT/auto-factory-HEAD-SNAPSHOT.jar
[INFO] Installing /home/travis/build/google/auto/service/pom.xml to /home/travis/.m2/repository/com/google/auto/service/auto-service/HEAD-SNAPSHOT/auto-service-HEAD-SNAPSHOT.pom
[INFO] Installing /home/travis/build/google/auto/service/target/auto-service-HEAD-SNAPSHOT.jar to /home/travis/.m2/repository/com/google/auto/service/auto-service/HEAD-SNAPSHOT/auto-service-HEAD-SNAPSHOT.jar
[INFO] Installing /home/travis/build/google/auto/value/pom.xml to /home/travis/.m2/repository/com/google/auto/value/auto-value-parent/HEAD-SNAPSHOT/auto-value-parent-HEAD-SNAPSHOT.pom
[INFO] Installing /home/travis/build/google/auto/value/annotations/pom.xml to /home/travis/.m2/repository/com/google/auto/value/auto-value-annotations/HEAD-SNAPSHOT/auto-value-annotations-HEAD-SNAPSHOT.pom
[INFO] Installing /home/travis/build/google/auto/value/annotations/target/auto-value-annotations-HEAD-SNAPSHOT.jar to /home/travis/.m2/repository/com/google/auto/value/auto-value-annotations/HEAD-SNAPSHOT/auto-value-annotations-HEAD-SNAPSHOT.jar
[INFO] 
[INFO] --- maven-invoker-plugin:3.0.1:run (integration-test) @ auto-value-annotations ---
[INFO] No projects were selected for execution.
[INFO] 
[INFO] ------------------------------------------------------------------------
[INFO] Building AutoValue Processor HEAD-SNAPSHOT
[INFO] ------------------------------------------------------------------------
[INFO] 
[INFO] --- maven-enforcer-plugin:1.0:enforce (enforce-maven) @ auto-value ---
[INFO] 
[INFO] --- maven-resources-plugin:2.6:resources (default-resources) @ auto-value ---
[INFO] Using 'UTF-8' encoding to copy filtered resources.
[INFO] Copying 5 resources
[INFO] 
[INFO] --- maven-compiler-plugin:3.7.0:compile (default-compile) @ auto-value ---
[INFO] Changes detected - recompiling the module!
[INFO] Compiling 33 source files to /home/travis/build/google/auto/value/processor/target/classes
[WARNING] bootstrap class path not set in conjunction with -source 1.8
[WARNING] No processor claimed any of these annotations: com.google.common.annotations.VisibleForTesting,javax.annotation.processing.SupportedAnnotationTypes,javax.annotation.processing.SupportedOptions
[WARNING] Implicitly compiled files were not subject to annotation processing.
  Use -proc:none to disable annotation processing or -implicit to specify a policy for implicit compilation.
[INFO] 
[INFO] --- maven-resources-plugin:2.6:testResources (default-testResources) @ auto-value ---
[INFO] Using 'UTF-8' encoding to copy filtered resources.
[INFO] skip non existing resourceDirectory /home/travis/build/google/auto/value/processor/src/test/resources
[INFO] 
[INFO] --- maven-compiler-plugin:3.7.0:testCompile (default-testCompile) @ auto-value ---
[INFO] Changes detected - recompiling the module!
[INFO] Compiling 20 source files to /home/travis/build/google/auto/value/processor/target/test-classes
[WARNING] bootstrap class path not set in conjunction with -source 1.8
[WARNING] No processor claimed any of these annotations: com.google.auto.value.extension.memoized.Memoized,org.junit.runner.RunWith,org.junit.runners.Parameterized.Parameters,org.junit.Test,javax.annotation.processing.SupportedAnnotationTypes,org.junit.Rule,com.google.auto.value.AutoValue,javax.annotation.Nullable,org.junit.Before
[WARNING] No processor claimed any of these annotations: javax.annotation.Generated,javax.annotation.processing.Generated,javax.annotation.Nullable,com.google.errorprone.annotations.concurrent.LazyInit
[WARNING] /home/travis/build/google/auto/value/src/test/java/com/google/auto/value/extension/memoized/MemoizedMethodSubject.java:[45,13] getSubject() in com.google.common.truth.Subject has been deprecated
[WARNING] /home/travis/build/google/auto/value/src/test/java/com/google/auto/value/extension/memoized/MemoizedTest.java:[111,16] serializable class com.google.auto.value.extension.memoized.MemoizedTest.SomeCheckedException has no definition of serialVersionUID
[WARNING] /home/travis/build/google/auto/value/src/test/java/com/google/auto/value/extension/memoized/MemoizedTest.java:[191,27] hasMessage(java.lang.String) in com.google.common.truth.ThrowableSubject has been deprecated
[INFO] 
[INFO] --- maven-surefire-plugin:2.12.4:test (default-test) @ auto-value ---
[INFO] Surefire report directory: /home/travis/build/google/auto/value/processor/target/surefire-reports

-------------------------------------------------------
 T E S T S
-------------------------------------------------------
Picked up _JAVA_OPTIONS: -Xmx2048m -Xms512m
Running com.google.auto.value.extension.memoized.MemoizedTest
Tests run: 11, Failures: 0, Errors: 0, Skipped: 0, Time elapsed: 0.255 sec
Running com.google.auto.value.extension.memoized.MemoizedValidationTest
Tests run: 7, Failures: 0, Errors: 0, Skipped: 0, Time elapsed: 3.424 sec
Running com.google.auto.value.processor.JavaScannerTest
Tests run: 1, Failures: 0, Errors: 0, Skipped: 0, Time elapsed: 0.003 sec
Running com.google.auto.value.processor.SimplifyWithAnnotationsTest
Tests run: 1, Failures: 0, Errors: 0, Skipped: 0, Time elapsed: 0.551 sec
Running com.google.auto.value.processor.TypeSimplifierTest
Tests run: 6, Failures: 0, Errors: 0, Skipped: 0, Time elapsed: 0.619 sec
Running com.google.auto.value.processor.AutoAnnotationErrorsTest
Tests run: 12, Failures: 0, Errors: 0, Skipped: 0, Time elapsed: 2.578 sec
Running com.google.auto.value.processor.TypeEncoderTest
Tests run: 13, Failures: 0, Errors: 0, Skipped: 0, Time elapsed: 0.981 sec
Running com.google.auto.value.processor.ExtensionTest
Tests run: 20, Failures: 0, Errors: 0, Skipped: 0, Time elapsed: 2.651 sec
Running com.google.auto.value.processor.AutoAnnotationCompilationTest
Tests run: 5, Failures: 0, Errors: 0, Skipped: 0, Time elapsed: 1.045 sec
Running com.google.auto.value.processor.AutoOneOfCompilationTest
Tests run: 7, Failures: 0, Errors: 0, Skipped: 0, Time elapsed: 0.873 sec
Running com.google.auto.value.processor.GuavaCollectionBuildersTest
Tests run: 1, Failures: 0, Errors: 0, Skipped: 0, Time elapsed: 0.147 sec
Running com.google.auto.value.processor.ReformatterTest
Tests run: 2, Failures: 0, Errors: 0, Skipped: 0, Time elapsed: 0.009 sec
Running com.google.auto.value.processor.GeneratedDoesNotExistTest
Tests run: 2, Failures: 0, Errors: 0, Skipped: 0, Time elapsed: 0.298 sec
Running com.google.auto.value.processor.TemplateVarsTest
Tests run: 8, Failures: 0, Errors: 0, Skipped: 0, Time elapsed: 0.303 sec
Running com.google.auto.value.processor.PropertyAnnotationsTest
Tests run: 22, Failures: 0, Errors: 0, Skipped: 0, Time elapsed: 3.847 sec
Running com.google.auto.value.processor.AutoValueCompilationTest
Tests run: 74, Failures: 0, Errors: 0, Skipped: 0, Time elapsed: 8.809 sec

Results :

Tests run: 192, Failures: 0, Errors: 0, Skipped: 0

[INFO] 
[INFO] --- maven-jar-plugin:3.0.2:jar (default-jar) @ auto-value ---
[INFO] Building jar: /home/travis/build/google/auto/value/processor/target/auto-value-HEAD-SNAPSHOT.jar
[INFO] 
[INFO] --- maven-shade-plugin:4:shade (default) @ auto-value ---
[INFO] Downloading from central: https://repo.maven.apache.org/maven2/org/apache/maven/maven-compat/3.0/maven-compat-3.0.pom
[INFO] Downloaded from central: https://repo.maven.apache.org/maven2/org/apache/maven/maven-compat/3.0/maven-compat-3.0.pom (4.0 kB at 574 kB/s)
[INFO] Downloading from central: https://repo.maven.apache.org/maven2/org/apache/maven/wagon/wagon-provider-api/1.0-beta-6/wagon-provider-api-1.0-beta-6.pom
[INFO] Downloaded from central: https://repo.maven.apache.org/maven2/org/apache/maven/wagon/wagon-provider-api/1.0-beta-6/wagon-provider-api-1.0-beta-6.pom (1.8 kB at 147 kB/s)
[INFO] Downloading from central: https://repo.maven.apache.org/maven2/org/apache/maven/wagon/wagon/1.0-beta-6/wagon-1.0-beta-6.pom
[INFO] Downloaded from central: https://repo.maven.apache.org/maven2/org/apache/maven/wagon/wagon/1.0-beta-6/wagon-1.0-beta-6.pom (12 kB at 1.1 MB/s)
[INFO] Downloading from central: https://repo.maven.apache.org/maven2/org/codehaus/plexus/plexus-utils/1.4.2/plexus-utils-1.4.2.pom
[INFO] Downloaded from central: https://repo.maven.apache.org/maven2/org/codehaus/plexus/plexus-utils/1.4.2/plexus-utils-1.4.2.pom (2.0 kB at 326 kB/s)
[INFO] Downloading from central: https://repo.maven.apache.org/maven2/org/codehaus/plexus/plexus-utils/3.0.20/plexus-utils-3.0.20.pom
[INFO] Downloaded from central: https://repo.maven.apache.org/maven2/org/codehaus/plexus/plexus-utils/3.0.20/plexus-utils-3.0.20.pom (3.8 kB at 635 kB/s)
[INFO] Downloading from central: https://repo.maven.apache.org/maven2/org/ow2/asm/asm/5.2/asm-5.2.pom
[INFO] Downloaded from central: https://repo.maven.apache.org/maven2/org/ow2/asm/asm/5.2/asm-5.2.pom (1.9 kB at 387 kB/s)
[INFO] Downloading from central: https://repo.maven.apache.org/maven2/org/ow2/asm/asm-parent/5.2/asm-parent-5.2.pom
[INFO] Downloaded from central: https://repo.maven.apache.org/maven2/org/ow2/asm/asm-parent/5.2/asm-parent-5.2.pom (5.5 kB at 1.4 MB/s)
[INFO] Downloading from central: https://repo.maven.apache.org/maven2/org/ow2/asm/asm-commons/5.2/asm-commons-5.2.pom
[INFO] Downloaded from central: https://repo.maven.apache.org/maven2/org/ow2/asm/asm-commons/5.2/asm-commons-5.2.pom (2.1 kB at 349 kB/s)
[INFO] Downloading from central: https://repo.maven.apache.org/maven2/org/ow2/asm/asm-tree/5.2/asm-tree-5.2.pom
[INFO] Downloaded from central: https://repo.maven.apache.org/maven2/org/ow2/asm/asm-tree/5.2/asm-tree-5.2.pom (2.1 kB at 260 kB/s)
[INFO] Downloading from central: https://repo.maven.apache.org/maven2/org/jdom/jdom/1.1/jdom-1.1.pom
[INFO] Downloaded from central: https://repo.maven.apache.org/maven2/org/jdom/jdom/1.1/jdom-1.1.pom (2.2 kB at 365 kB/s)
[INFO] Downloading from central: https://repo.maven.apache.org/maven2/com/google/guava/guava/11.0.2/guava-11.0.2.pom
[INFO] Downloaded from central: https://repo.maven.apache.org/maven2/com/google/guava/guava/11.0.2/guava-11.0.2.pom (5.5 kB at 781 kB/s)
[INFO] Downloading from central: https://repo.maven.apache.org/maven2/com/google/guava/guava-parent/11.0.2/guava-parent-11.0.2.pom
[INFO] Downloaded from central: https://repo.maven.apache.org/maven2/com/google/guava/guava-parent/11.0.2/guava-parent-11.0.2.pom (2.0 kB at 245 kB/s)
[INFO] Downloading from central: https://repo.maven.apache.org/maven2/org/apache/maven/wagon/wagon-provider-api/1.0-beta-6/wagon-provider-api-1.0-beta-6.jar
[INFO] Downloading from central: https://repo.maven.apache.org/maven2/org/ow2/asm/asm-tree/5.2/asm-tree-5.2.jar
[INFO] Downloading from central: https://repo.maven.apache.org/maven2/org/apache/maven/maven-project/2.2.0/maven-project-2.2.0.jar
[INFO] Downloading from central: https://repo.maven.apache.org/maven2/org/apache/maven/maven-profile/2.2.0/maven-profile-2.2.0.jar
[INFO] Downloading from central: https://repo.maven.apache.org/maven2/org/apache/maven/maven-artifact-manager/2.2.0/maven-artifact-manager-2.2.0.jar
[INFO] Downloaded from central: https://repo.maven.apache.org/maven2/org/ow2/asm/asm-tree/5.2/asm-tree-5.2.jar (30 kB at 1.8 MB/s)
[INFO] Downloading from central: https://repo.maven.apache.org/maven2/backport-util-concurrent/backport-util-concurrent/3.1/backport-util-concurrent-3.1.jar
[INFO] Downloaded from central: https://repo.maven.apache.org/maven2/org/apache/maven/maven-project/2.2.0/maven-project-2.2.0.jar (156 kB at 3.6 MB/s)
[INFO] Downloaded from central: https://repo.maven.apache.org/maven2/org/apache/maven/wagon/wagon-provider-api/1.0-beta-6/wagon-provider-api-1.0-beta-6.jar (53 kB at 1.2 MB/s)
[INFO] Downloading from central: https://repo.maven.apache.org/maven2/org/apache/maven/maven-plugin-registry/2.2.0/maven-plugin-registry-2.2.0.jar
[INFO] Downloaded from central: https://repo.maven.apache.org/maven2/org/apache/maven/maven-profile/2.2.0/maven-profile-2.2.0.jar (35 kB at 804 kB/s)
[INFO] Downloading from central: https://repo.maven.apache.org/maven2/classworlds/classworlds/1.1-alpha-2/classworlds-1.1-alpha-2.jar
[INFO] Downloading from central: https://repo.maven.apache.org/maven2/com/google/code/findbugs/jsr305/1.3.9/jsr305-1.3.9.jar
[INFO] Downloaded from central: https://repo.maven.apache.org/maven2/org/apache/maven/maven-plugin-registry/2.2.0/maven-plugin-registry-2.2.0.jar (30 kB at 582 kB/s)
[INFO] Downloaded from central: https://repo.maven.apache.org/maven2/classworlds/classworlds/1.1-alpha-2/classworlds-1.1-alpha-2.jar (38 kB at 615 kB/s)
[INFO] Downloaded from central: https://repo.maven.apache.org/maven2/org/apache/maven/maven-artifact-manager/2.2.0/maven-artifact-manager-2.2.0.jar (65 kB at 1.0 MB/s)
[INFO] Downloaded from central: https://repo.maven.apache.org/maven2/com/google/code/findbugs/jsr305/1.3.9/jsr305-1.3.9.jar (33 kB at 524 kB/s)
[INFO] Downloaded from central: https://repo.maven.apache.org/maven2/backport-util-concurrent/backport-util-concurrent/3.1/backport-util-concurrent-3.1.jar (332 kB at 4.7 MB/s)
[INFO] Including com.google.auto:auto-common:jar:0.10 in the shaded jar.
[INFO] Including com.google.escapevelocity:escapevelocity:jar:0.9 in the shaded jar.
[INFO] Including com.google.guava:guava:jar:23.5-jre in the shaded jar.
[INFO] Excluding com.google.code.findbugs:jsr305:jar:3.0.2 from the shaded jar.
[INFO] Including org.checkerframework:checker-qual:jar:2.0.0 in the shaded jar.
[INFO] Including com.google.errorprone:error_prone_annotations:jar:2.0.18 in the shaded jar.
[INFO] Including com.google.j2objc:j2objc-annotations:jar:1.1 in the shaded jar.
[INFO] Including org.codehaus.mojo:animal-sniffer-annotations:jar:1.14 in the shaded jar.
[INFO] Including com.squareup:javapoet:jar:1.9.0 in the shaded jar.
[INFO] Minimizing jar com.google.auto.value:auto-value:jar:HEAD-SNAPSHOT
[INFO] Minimized 2702 -> 980 (36%)
[INFO] Replacing original artifact with shaded artifact.
[INFO] Replacing /home/travis/build/google/auto/value/processor/target/auto-value-HEAD-SNAPSHOT.jar with /home/travis/build/google/auto/value/processor/target/auto-value-HEAD-SNAPSHOT-shaded.jar
[INFO] Dependency-reduced POM written at: /home/travis/build/google/auto/value/processor/dependency-reduced-pom.xml
[INFO] Downloading from central: http://repo.maven.apache.org/maven2/com/google/auto/auto-common/0.8/auto-common-0.8.jar
[INFO] Downloaded from central: http://repo.maven.apache.org/maven2/com/google/auto/auto-common/0.8/auto-common-0.8.jar (82 kB at 6.9 MB/s)
[INFO] Dependency-reduced POM written at: /home/travis/build/google/auto/value/processor/dependency-reduced-pom.xml
[INFO] 
[INFO] --- maven-invoker-plugin:3.0.1:install (integration-test) @ auto-value ---
[INFO] Installing /home/travis/build/google/auto/pom.xml to /home/travis/.m2/repository/com/google/auto/auto-parent/HEAD-SNAPSHOT/auto-parent-HEAD-SNAPSHOT.pom
[INFO] Installing /home/travis/build/google/auto/common/pom.xml to /home/travis/.m2/repository/com/google/auto/auto-common/HEAD-SNAPSHOT/auto-common-HEAD-SNAPSHOT.pom
[INFO] Installing /home/travis/build/google/auto/common/target/auto-common-HEAD-SNAPSHOT.jar to /home/travis/.m2/repository/com/google/auto/auto-common/HEAD-SNAPSHOT/auto-common-HEAD-SNAPSHOT.jar
[INFO] Installing /home/travis/build/google/auto/factory/pom.xml to /home/travis/.m2/repository/com/google/auto/factory/auto-factory/HEAD-SNAPSHOT/auto-factory-HEAD-SNAPSHOT.pom
[INFO] Installing /home/travis/build/google/auto/factory/target/auto-factory-HEAD-SNAPSHOT.jar to /home/travis/.m2/repository/com/google/auto/factory/auto-factory/HEAD-SNAPSHOT/auto-factory-HEAD-SNAPSHOT.jar
[INFO] Installing /home/travis/build/google/auto/service/pom.xml to /home/travis/.m2/repository/com/google/auto/service/auto-service/HEAD-SNAPSHOT/auto-service-HEAD-SNAPSHOT.pom
[INFO] Installing /home/travis/build/google/auto/service/target/auto-service-HEAD-SNAPSHOT.jar to /home/travis/.m2/repository/com/google/auto/service/auto-service/HEAD-SNAPSHOT/auto-service-HEAD-SNAPSHOT.jar
[INFO] Installing /home/travis/build/google/auto/value/pom.xml to /home/travis/.m2/repository/com/google/auto/value/auto-value-parent/HEAD-SNAPSHOT/auto-value-parent-HEAD-SNAPSHOT.pom
[INFO] Installing /home/travis/build/google/auto/value/annotations/pom.xml to /home/travis/.m2/repository/com/google/auto/value/auto-value-annotations/HEAD-SNAPSHOT/auto-value-annotations-HEAD-SNAPSHOT.pom
[INFO] Installing /home/travis/build/google/auto/value/annotations/target/auto-value-annotations-HEAD-SNAPSHOT.jar to /home/travis/.m2/repository/com/google/auto/value/auto-value-annotations/HEAD-SNAPSHOT/auto-value-annotations-HEAD-SNAPSHOT.jar
[INFO] Installing /home/travis/build/google/auto/value/processor/dependency-reduced-pom.xml to /home/travis/.m2/repository/com/google/auto/value/auto-value/HEAD-SNAPSHOT/auto-value-HEAD-SNAPSHOT.pom
[INFO] Installing /home/travis/build/google/auto/value/processor/target/auto-value-HEAD-SNAPSHOT.jar to /home/travis/.m2/repository/com/google/auto/value/auto-value/HEAD-SNAPSHOT/auto-value-HEAD-SNAPSHOT.jar
[INFO] 
[INFO] --- maven-invoker-plugin:3.0.1:run (integration-test) @ auto-value ---
[INFO] No projects were selected for execution.
[INFO] 
[INFO] ------------------------------------------------------------------------
[INFO] Building Auto-Value Functional Integration Test HEAD-SNAPSHOT
[INFO] ------------------------------------------------------------------------
[INFO] 
[INFO] --- maven-enforcer-plugin:1.0:enforce (enforce-maven) @ functional ---
[INFO] 
[INFO] --- maven-resources-plugin:2.6:resources (default-resources) @ functional ---
[INFO] Using 'UTF-8' encoding to copy filtered resources.
[INFO] skip non existing resourceDirectory /home/travis/build/google/auto/value/src/it/functional/src/main/resources
[INFO] 
[INFO] --- maven-compiler-plugin:3.7.0:compile (default-compile) @ functional ---
[INFO] Changes detected - recompiling the module!
[INFO] Compiling 4 source files to /home/travis/build/google/auto/value/src/it/functional/target/classes
[WARNING] No processor claimed any of these annotations: /javax.annotation.Nullable,/com.google.auto.value.AutoValue
[WARNING] No processor claimed any of these annotations: /javax.annotation.Nullable,java.compiler/javax.annotation.processing.Generated,java.base/java.lang.Override
[INFO] 
[INFO] --- maven-resources-plugin:2.6:testResources (default-testResources) @ functional ---
[INFO] Using 'UTF-8' encoding to copy filtered resources.
[INFO] skip non existing resourceDirectory /home/travis/build/google/auto/value/src/it/functional/src/test/resources
[INFO] 
[INFO] --- maven-compiler-plugin:3.7.0:testCompile (default-testCompile) @ functional ---
[INFO] Changes detected - recompiling the module!
[INFO] Compiling 18 source files to /home/travis/build/google/auto/value/src/it/functional/target/test-classes
[WARNING] No processor claimed any of these annotations: /com.google.auto.value.AutoAnnotationTest.EverythingWithDefaults,java.compiler/javax.annotation.processing.SupportedSourceVersion,/com.google.auto.value.AutoValueTest.ExcludedAnnotation,/javax.annotation.Nullable,java.base/java.lang.annotation.Inherited,/org.mockito.Mock,/com.google.auto.value.annotations.Empty,/com.google.auto.value.AutoValueTest.AlternativeNullableProperties.Nullable,/com.google.auto.value.AutoAnnotationTest.ClassesAnnotation,/org.junit.BeforeClass,/com.google.auto.value.AutoValueTest.InheritedAnnotation,/com.google.auto.value.AutoValueTest.HairyAnnotation,java.base/java.lang.annotation.Retention,/com.google.auto.value.AutoValueJava8Test.FunkyNullable.Nullable,/com.google.auto.value.AutoOneOf,/com.google.auto.value.AutoAnnotationTest.Everything,/com.google.auto.value.AutoValueTest.CopiedAnnotation,/com.google.auto.value.annotations.StringValues,/com.google.auto.value.AutoValueJava8Test.Nullable,/com.google.auto.value.AutoAnnotationTest.IntegersAnnotation,java.base/java.lang.annotation.Target,/com.google.auto.value.AutoValue,/com.google.common.annotations.GwtCompatible,java.compiler/javax.annotation.processing.SupportedAnnotationTypes,/com.google.auto.value.AutoAnnotationTest.IntArray,/com.google.auto.value.AutoValue.Builder,/com.google.auto.value.AutoValue.CopyAnnotations,/org.junit.Test,/com.google.auto.value.AutoAnnotationTest.AnnotationsAnnotation,java.base/java.lang.Override,java.base/java.lang.SuppressWarnings,/com.google.auto.value.AutoValueTest.GwtCompatible,/org.junit.Before,/org.junit.runner.RunWith,/com.google.auto.value.AutoOneOfTest.CopyTest
[WARNING] No processor claimed any of these annotations: /com.google.auto.value.AutoValueTest.CopiedAnnotation,/javax.annotation.Nullable,/com.google.auto.value.AutoValueJava8Test.Nullable,/com.google.auto.value.AutoValueTest.AlternativeNullableProperties.Nullable,/com.google.common.annotations.GwtCompatible,/com.google.auto.value.AutoValueTest.InheritedAnnotation,/com.google.auto.value.AutoValueTest.HairyAnnotation,java.compiler/javax.annotation.processing.Generated,java.base/java.lang.Override,java.base/java.lang.SuppressWarnings,/com.google.auto.value.AutoValueJava8Test.FunkyNullable.Nullable,/com.google.auto.value.AutoValueTest.GwtCompatible,/com.google.auto.value.AutoOneOfTest.CopyTest
[WARNING] /home/travis/build/google/auto/value/src/it/functional/src/test/java/com/google/auto/value/AutoAnnotationTest.java:[409,17] serializable class com.google.auto.value.AutoAnnotationTest.IntList has no definition of serialVersionUID
[WARNING] /home/travis/build/google/auto/value/src/it/functional/src/test/java/com/google/auto/value/gwt/GwtValueType.java:[32,10] serializable class com.google.auto.value.gwt.GwtValueType has no definition of serialVersionUID
[WARNING] /home/travis/build/google/auto/value/src/it/functional/src/test/java/com/google/auto/value/gwt/CustomFieldSerializerTest.java:[53,19] serializable class com.google.auto.value.gwt.CustomFieldSerializerTest.ValueType has no definition of serialVersionUID
[WARNING] /home/travis/build/google/auto/value/src/it/functional/src/test/java/com/google/auto/value/gwt/CustomFieldSerializerTest.java:[95,19] serializable class com.google.auto.value.gwt.CustomFieldSerializerTest.ValueTypeWithGetters has no definition of serialVersionUID
[WARNING] /home/travis/build/google/auto/value/src/it/functional/src/test/java/com/google/auto/value/gwt/CustomFieldSerializerTest.java:[119,19] serializable class com.google.auto.value.gwt.CustomFieldSerializerTest.GenericValueType has no definition of serialVersionUID
[WARNING] /home/travis/build/google/auto/value/src/it/functional/src/test/java/com/google/auto/value/gwt/CustomFieldSerializerTest.java:[142,19] serializable class com.google.auto.value.gwt.CustomFieldSerializerTest.ValueTypeWithBuilder has no definition of serialVersionUID
[WARNING] /home/travis/build/google/auto/value/src/it/functional/src/test/java/com/google/auto/value/gwt/CustomFieldSerializerTest.java:[175,19] serializable class com.google.auto.value.gwt.CustomFieldSerializerTest.ValueTypeWithBuilderAndGetters has no definition of serialVersionUID
[WARNING] /home/travis/build/google/auto/value/src/it/functional/src/test/java/com/google/auto/value/gwt/CustomFieldSerializerTest.java:[208,19] serializable class com.google.auto.value.gwt.CustomFieldSerializerTest.GenericValueTypeWithBuilder has no definition of serialVersionUID
[WARNING] /home/travis/build/google/auto/value/src/it/functional/src/test/java/com/google/auto/value/gwt/NonSerializableGwtValueType.java:[29,10] serializable class com.google.auto.value.gwt.NonSerializableGwtValueType has no definition of serialVersionUID
[WARNING] /home/travis/build/google/auto/value/src/it/functional/src/test/java/com/google/auto/value/AutoValueJava8Test.java:[478,20] hasMessage(java.lang.String) in com.google.common.truth.ThrowableSubject has been deprecated
[WARNING] /home/travis/build/google/auto/value/src/it/functional/src/test/java/com/google/auto/value/AutoValueJava8Test.java:[484,20] hasMessage(java.lang.String) in com.google.common.truth.ThrowableSubject has been deprecated
[WARNING] /home/travis/build/google/auto/value/src/it/functional/src/test/java/com/google/auto/value/AutoValueJava8Test.java:[551,20] hasMessage(java.lang.String) in com.google.common.truth.ThrowableSubject has been deprecated
[WARNING] /home/travis/build/google/auto/value/src/it/functional/src/test/java/com/google/auto/value/AutoValueTest.java:[254,26] serializable class com.google.auto.value.AutoValueTest.Serialize has no definition of serialVersionUID
[WARNING] /home/travis/build/google/auto/value/src/it/functional/src/test/java/com/google/auto/value/AutoValueTest.java:[815,5] serializable class ComparableList has no definition of serialVersionUID
[WARNING] /home/travis/build/google/auto/value/src/it/functional/src/test/java/com/google/auto/value/AutoValueTest.java:[1926,22] hasMessage(java.lang.String) in com.google.common.truth.ThrowableSubject has been deprecated
[WARNING] /home/travis/build/google/auto/value/src/it/functional/src/test/java/com/google/auto/value/AutoValueTest.java:[1936,22] hasMessage(java.lang.String) in com.google.common.truth.ThrowableSubject has been deprecated
[WARNING] /home/travis/build/google/auto/value/src/it/functional/src/test/java/com/google/auto/value/AutoValueTest.java:[2017,22] hasMessage(java.lang.String) in com.google.common.truth.ThrowableSubject has been deprecated
[WARNING] /home/travis/build/google/auto/value/src/it/functional/src/test/java/com/google/auto/value/AutoValueTest.java:[2208,33] Possible heap pollution from parameterized vararg type T
[WARNING] /home/travis/build/google/auto/value/src/it/functional/src/test/java/com/google/auto/value/AutoValueTest.java:[2310,22] hasMessage(java.lang.String) in com.google.common.truth.ThrowableSubject has been deprecated
[WARNING] /home/travis/build/google/auto/value/src/it/functional/src/test/java/com/google/auto/value/AutoValueTest.java:[2641,17] serializable class com.google.auto.value.AutoValueTest.MyMap has no definition of serialVersionUID
[WARNING] /home/travis/build/google/auto/value/src/it/functional/src/test/java/com/google/auto/value/AutoValueTest.java:[2649,17] serializable class com.google.auto.value.AutoValueTest.MyMapBuilder has no definition of serialVersionUID
[WARNING] /home/travis/build/google/auto/value/src/it/functional/src/test/java/com/google/auto/value/AutoValueTest.java:[2686,17] serializable class com.google.auto.value.AutoValueTest.MyStringMap has no definition of serialVersionUID
[WARNING] /home/travis/build/google/auto/value/src/it/functional/src/test/java/com/google/auto/value/AutoValueTest.java:[2698,17] serializable class com.google.auto.value.AutoValueTest.MyStringMapBuilder has no definition of serialVersionUID
[WARNING] /home/travis/build/google/auto/value/src/it/functional/src/test/java/com/google/auto/value/gwt/GwtValueTypeWithBuilder.java:[32,10] serializable class com.google.auto.value.gwt.GwtValueTypeWithBuilder has no definition of serialVersionUID
[WARNING] /home/travis/build/google/auto/value/src/it/functional/target/generated-test-sources/test-annotations/com/google/auto/value/gwt/AutoValue_GwtValueType.java:[11,7] serializable class com.google.auto.value.gwt.AutoValue_GwtValueType has no definition of serialVersionUID
[WARNING] /home/travis/build/google/auto/value/src/it/functional/target/generated-test-sources/test-annotations/com/google/auto/value/gwt/AutoValue_GwtValueType_CustomFieldSerializer.java:[19,25] redundant cast to java.lang.String
[WARNING] /home/travis/build/google/auto/value/src/it/functional/target/generated-test-sources/test-annotations/com/google/auto/value/gwt/AutoValue_CustomFieldSerializerTest_ValueType.java:[11,7] serializable class com.google.auto.value.gwt.AutoValue_CustomFieldSerializerTest_ValueType has no definition of serialVersionUID
[WARNING] /home/travis/build/google/auto/value/src/it/functional/target/generated-test-sources/test-annotations/com/google/auto/value/gwt/AutoValue_CustomFieldSerializerTest_ValueType_CustomFieldSerializer.java:[19,25] redundant cast to java.lang.String
[WARNING] /home/travis/build/google/auto/value/src/it/functional/target/generated-test-sources/test-annotations/com/google/auto/value/gwt/AutoValue_CustomFieldSerializerTest_ValueTypeWithGetters.java:[9,7] serializable class com.google.auto.value.gwt.AutoValue_CustomFieldSerializerTest_ValueTypeWithGetters has no definition of serialVersionUID
[WARNING] /home/travis/build/google/auto/value/src/it/functional/target/generated-test-sources/test-annotations/com/google/auto/value/gwt/AutoValue_CustomFieldSerializerTest_ValueTypeWithGetters_CustomFieldSerializer.java:[18,27] redundant cast to java.lang.String
[WARNING] /home/travis/build/google/auto/value/src/it/functional/target/generated-test-sources/test-annotations/com/google/auto/value/gwt/AutoValue_CustomFieldSerializerTest_GenericValueType.java:[10,7] serializable class com.google.auto.value.gwt.AutoValue_CustomFieldSerializerTest_GenericValueType has no definition of serialVersionUID
[WARNING] /home/travis/build/google/auto/value/src/it/functional/target/generated-test-sources/test-annotations/com/google/auto/value/gwt/AutoValue_CustomFieldSerializerTest_ValueTypeWithBuilder.java:[10,7] serializable class com.google.auto.value.gwt.AutoValue_CustomFieldSerializerTest_ValueTypeWithBuilder has no definition of serialVersionUID
[WARNING] /home/travis/build/google/auto/value/src/it/functional/target/generated-test-sources/test-annotations/com/google/auto/value/gwt/AutoValue_CustomFieldSerializerTest_ValueTypeWithBuilder_CustomFieldSerializer.java:[19,25] redundant cast to java.lang.String
[WARNING] /home/travis/build/google/auto/value/src/it/functional/target/generated-test-sources/test-annotations/com/google/auto/value/gwt/AutoValue_CustomFieldSerializerTest_ValueTypeWithBuilderAndGetters.java:[9,7] serializable class com.google.auto.value.gwt.AutoValue_CustomFieldSerializerTest_ValueTypeWithBuilderAndGetters has no definition of serialVersionUID
[WARNING] /home/travis/build/google/auto/value/src/it/functional/target/generated-test-sources/test-annotations/com/google/auto/value/gwt/AutoValue_CustomFieldSerializerTest_ValueTypeWithBuilderAndGetters_CustomFieldSerializer.java:[18,27] redundant cast to java.lang.String
[WARNING] /home/travis/build/google/auto/value/src/it/functional/target/generated-test-sources/test-annotations/com/google/auto/value/gwt/AutoValue_CustomFieldSerializerTest_GenericValueTypeWithBuilder.java:[10,7] serializable class com.google.auto.value.gwt.AutoValue_CustomFieldSerializerTest_GenericValueTypeWithBuilder has no definition of serialVersionUID
[WARNING] /home/travis/build/google/auto/value/src/it/functional/target/generated-test-sources/test-annotations/com/google/auto/value/gwt/AutoValue_NonSerializableGwtValueType.java:[9,7] serializable class com.google.auto.value.gwt.AutoValue_NonSerializableGwtValueType has no definition of serialVersionUID
[WARNING] /home/travis/build/google/auto/value/src/it/functional/target/generated-test-sources/test-annotations/com/google/auto/value/AutoValue_AutoValueTest_Serialize.java:[9,7] serializable class com.google.auto.value.AutoValue_AutoValueTest_Serialize has no definition of serialVersionUID
[WARNING] /home/travis/build/google/auto/value/src/it/functional/target/generated-test-sources/test-annotations/com/google/auto/value/AutoValue_AutoValueTest_BuilderWithCopyingSetters.java:[100,78] Possible heap pollution from parameterized vararg type T
[WARNING] /home/travis/build/google/auto/value/src/it/functional/target/generated-test-sources/test-annotations/com/google/auto/value/gwt/AutoValue_GwtValueTypeWithBuilder.java:[12,7] serializable class com.google.auto.value.gwt.AutoValue_GwtValueTypeWithBuilder has no definition of serialVersionUID
[WARNING] /home/travis/build/google/auto/value/src/it/functional/target/generated-test-sources/test-annotations/com/google/auto/value/gwt/AutoValue_GwtValueTypeWithBuilder_CustomFieldSerializer.java:[20,25] redundant cast to java.lang.String
[INFO] 
[INFO] --- maven-surefire-plugin:2.12.4:test (default-test) @ functional ---
[INFO] Surefire report directory: /home/travis/build/google/auto/value/src/it/functional/target/surefire-reports

-------------------------------------------------------
 T E S T S
-------------------------------------------------------
Picked up _JAVA_OPTIONS: -Xmx2048m -Xms512m
Running com.google.auto.value.gwt.GwtCompilationTest
Tests run: 3, Failures: 0, Errors: 0, Skipped: 0, Time elapsed: 4.468 sec
Running com.google.auto.value.gwt.CustomFieldSerializerTest
Tests run: 6, Failures: 0, Errors: 0, Skipped: 0, Time elapsed: 0.592 sec
Running com.google.auto.value.gwt.SerialSignatureTest
Tests run: 1, Failures: 0, Errors: 0, Skipped: 0, Time elapsed: 0.022 sec
Running com.google.auto.value.SimpleValueTypeTest
Tests run: 3, Failures: 0, Errors: 0, Skipped: 0, Time elapsed: 0.164 sec
Running com.google.auto.value.AutoAnnotationTest
Tests run: 13, Failures: 0, Errors: 0, Skipped: 0, Time elapsed: 0.138 sec
Running com.google.auto.value.AutoOneOfTest
Tests run: 17, Failures: 0, Errors: 0, Skipped: 0, Time elapsed: 0.086 sec
Running com.google.auto.value.AutoValueJava8Test
Tests run: 16, Failures: 0, Errors: 0, Skipped: 0, Time elapsed: 0.24 sec
Running com.google.auto.value.AutoAnnotationDefaultsTest
Tests run: 1, Failures: 0, Errors: 0, Skipped: 0, Time elapsed: 0.034 sec
Running com.google.auto.value.AutoValueTest
Tests run: 100, Failures: 0, Errors: 0, Skipped: 0, Time elapsed: 0.241 sec
Running com.google.auto.value.AutoOneOfJava8Test
Tests run: 1, Failures: 0, Errors: 0, Skipped: 0, Time elapsed: 0.003 sec
Running PackagelessValueTypeTest
Tests run: 3, Failures: 0, Errors: 0, Skipped: 0, Time elapsed: 0.003 sec

Results :

Tests run: 164, Failures: 0, Errors: 0, Skipped: 0

[INFO] 
[INFO] --- maven-jar-plugin:3.0.2:jar (default-jar) @ functional ---
[INFO] Building jar: /home/travis/build/google/auto/value/src/it/functional/target/functional-HEAD-SNAPSHOT.jar
[INFO] 
[INFO] ------------------------------------------------------------------------
[INFO] Building Auto-Value GWT-RPC Serialization Integration Test HEAD-SNAPSHOT
[INFO] ------------------------------------------------------------------------
[INFO] 
[INFO] --- maven-enforcer-plugin:1.0:enforce (enforce-maven) @ gwtserializer ---
[INFO] 
[INFO] --- maven-resources-plugin:3.0.2:resources (default-resources) @ gwtserializer ---
[INFO] Using 'UTF-8' encoding to copy filtered resources.
[INFO] skip non existing resourceDirectory /home/travis/build/google/auto/value/src/it/gwtserializer/src/main/resources
[INFO] 
[INFO] --- maven-compiler-plugin:3.7.0:compile (default-compile) @ gwtserializer ---
[INFO] No sources to compile
[INFO] 
[INFO] --- maven-compiler-plugin:3.7.0:testCompile (default-testCompile) @ gwtserializer ---
[INFO] Changes detected - recompiling the module!
[INFO] Compiling 2 source files to /home/travis/build/google/auto/value/src/it/gwtserializer/target/test-classes
[WARNING] bootstrap class path not set in conjunction with -source 1.6
[WARNING] source value 1.6 is obsolete and will be removed in a future release
[WARNING] target value 1.6 is obsolete and will be removed in a future release
[WARNING] To suppress warnings about obsolete options, use -Xlint:-options.
[WARNING] No processor claimed any of these annotations: com.google.common.annotations.GwtCompatible,com.google.gwt.user.client.rpc.RemoteServiceRelativePath,com.google.auto.value.AutoValue.Builder,com.google.auto.value.AutoValue,com.google.common.annotations.GwtIncompatible
[WARNING] No processor claimed any of these annotations: com.google.common.annotations.GwtCompatible,javax.annotation.Generated
[WARNING] /home/travis/build/google/auto/value/src/it/gwtserializer/target/generated-test-sources/test-annotations/com/google/auto/value/client/AutoValue_GwtSerializerTest_Simple_CustomFieldSerializer.java:[18,26] redundant cast to java.lang.String
[WARNING] /home/travis/build/google/auto/value/src/it/gwtserializer/target/generated-test-sources/test-annotations/com/google/auto/value/client/AutoValue_GwtSerializerTest_SimpleWithBuilder_CustomFieldSerializer.java:[18,26] redundant cast to java.lang.String
[WARNING] /home/travis/build/google/auto/value/src/it/gwtserializer/target/generated-test-sources/test-annotations/com/google/auto/value/client/AutoValue_GwtSerializerTest_Nested_CustomFieldSerializer.java:[18,26] redundant cast to java.lang.String
[WARNING] /home/travis/build/google/auto/value/src/it/gwtserializer/target/generated-test-sources/test-annotations/com/google/auto/value/client/AutoValue_GwtSerializerTest_NestedWithBuilder_CustomFieldSerializer.java:[18,26] redundant cast to java.lang.String
[INFO] 
[INFO] --- maven-resources-plugin:3.0.2:testResources (default-testResources) @ gwtserializer ---
[INFO] Using 'UTF-8' encoding to copy filtered resources.
[INFO] Copying 3 resources
[INFO] Copying 12 resources
[INFO] 
[INFO] --- maven-surefire-plugin:2.12.4:test (default-test) @ gwtserializer ---
[INFO] Tests are skipped.
[INFO] 
[INFO] --- gwt-maven-plugin:1.0-rc-6:test (default) @ gwtserializer ---
[INFO] Downloading from central: https://repo.maven.apache.org/maven2/org/apache/maven/maven-plugin-api/3.0.5/maven-plugin-api-3.0.5.pom
[INFO] Downloaded from central: https://repo.maven.apache.org/maven2/org/apache/maven/maven-plugin-api/3.0.5/maven-plugin-api-3.0.5.pom (2.7 kB at 333 kB/s)
[INFO] Downloading from central: https://repo.maven.apache.org/maven2/org/apache/maven/maven/3.0.5/maven-3.0.5.pom
[INFO] Downloaded from central: https://repo.maven.apache.org/maven2/org/apache/maven/maven/3.0.5/maven-3.0.5.pom (22 kB at 3.7 MB/s)
[INFO] Downloading from central: https://repo.maven.apache.org/maven2/org/apache/maven/maven-model/3.0.5/maven-model-3.0.5.pom
[INFO] Downloaded from central: https://repo.maven.apache.org/maven2/org/apache/maven/maven-model/3.0.5/maven-model-3.0.5.pom (3.8 kB at 761 kB/s)
[INFO] Downloading from central: https://repo.maven.apache.org/maven2/org/codehaus/plexus/plexus-utils/2.0.6/plexus-utils-2.0.6.pom
[INFO] Downloaded from central: https://repo.maven.apache.org/maven2/org/codehaus/plexus/plexus-utils/2.0.6/plexus-utils-2.0.6.pom (2.9 kB at 578 kB/s)
[INFO] Downloading from central: https://repo.maven.apache.org/maven2/org/apache/maven/maven-artifact/3.0.5/maven-artifact-3.0.5.pom
[INFO] Downloaded from central: https://repo.maven.apache.org/maven2/org/apache/maven/maven-artifact/3.0.5/maven-artifact-3.0.5.pom (1.6 kB at 272 kB/s)
[INFO] Downloading from central: https://repo.maven.apache.org/maven2/org/sonatype/sisu/sisu-inject-plexus/2.3.0/sisu-inject-plexus-2.3.0.pom
[INFO] Downloaded from central: https://repo.maven.apache.org/maven2/org/sonatype/sisu/sisu-inject-plexus/2.3.0/sisu-inject-plexus-2.3.0.pom (6.1 kB at 1.2 MB/s)
[INFO] Downloading from central: https://repo.maven.apache.org/maven2/org/sonatype/sisu/inject/guice-plexus/2.3.0/guice-plexus-2.3.0.pom
[INFO] Downloaded from central: https://repo.maven.apache.org/maven2/org/sonatype/sisu/inject/guice-plexus/2.3.0/guice-plexus-2.3.0.pom (3.8 kB at 543 kB/s)
[INFO] Downloading from central: https://repo.maven.apache.org/maven2/org/sonatype/sisu/inject/guice-bean/2.3.0/guice-bean-2.3.0.pom
[INFO] Downloaded from central: https://repo.maven.apache.org/maven2/org/sonatype/sisu/inject/guice-bean/2.3.0/guice-bean-2.3.0.pom (3.0 kB at 608 kB/s)
[INFO] Downloading from central: https://repo.maven.apache.org/maven2/org/sonatype/sisu/inject/containers/2.3.0/containers-2.3.0.pom
[INFO] Downloaded from central: https://repo.maven.apache.org/maven2/org/sonatype/sisu/inject/containers/2.3.0/containers-2.3.0.pom (1.2 kB at 200 kB/s)
[INFO] Downloading from central: https://repo.maven.apache.org/maven2/org/sonatype/sisu/sisu-inject/2.3.0/sisu-inject-2.3.0.pom
[INFO] Downloaded from central: https://repo.maven.apache.org/maven2/org/sonatype/sisu/sisu-inject/2.3.0/sisu-inject-2.3.0.pom (3.2 kB at 647 kB/s)
[INFO] Downloading from central: https://repo.maven.apache.org/maven2/org/sonatype/sisu/sisu-parent/2.3.0/sisu-parent-2.3.0.pom
[INFO] Downloaded from central: https://repo.maven.apache.org/maven2/org/sonatype/sisu/sisu-parent/2.3.0/sisu-parent-2.3.0.pom (11 kB at 1.3 MB/s)
[INFO] Downloading from central: https://repo.maven.apache.org/maven2/org/codehaus/plexus/plexus-classworlds/2.4/plexus-classworlds-2.4.pom
[INFO] Downloaded from central: https://repo.maven.apache.org/maven2/org/codehaus/plexus/plexus-classworlds/2.4/plexus-classworlds-2.4.pom (3.9 kB at 277 kB/s)
[INFO] Downloading from central: https://repo.maven.apache.org/maven2/org/sonatype/sisu/sisu-inject-bean/2.3.0/sisu-inject-bean-2.3.0.pom
[INFO] Downloaded from central: https://repo.maven.apache.org/maven2/org/sonatype/sisu/sisu-inject-bean/2.3.0/sisu-inject-bean-2.3.0.pom (7.1 kB at 890 kB/s)
[INFO] Downloading from central: https://repo.maven.apache.org/maven2/org/sonatype/sisu/sisu-guice/3.1.0/sisu-guice-3.1.0.pom
[INFO] Downloaded from central: https://repo.maven.apache.org/maven2/org/sonatype/sisu/sisu-guice/3.1.0/sisu-guice-3.1.0.pom (10 kB at 846 kB/s)
[INFO] Downloading from central: https://repo.maven.apache.org/maven2/org/sonatype/sisu/inject/guice-parent/3.1.0/guice-parent-3.1.0.pom
[INFO] Downloaded from central: https://repo.maven.apache.org/maven2/org/sonatype/sisu/inject/guice-parent/3.1.0/guice-parent-3.1.0.pom (11 kB at 1.8 MB/s)
[INFO] Downloading from central: https://repo.maven.apache.org/maven2/org/sonatype/sisu/sisu-guava/0.9.9/sisu-guava-0.9.9.pom
[INFO] Downloaded from central: https://repo.maven.apache.org/maven2/org/sonatype/sisu/sisu-guava/0.9.9/sisu-guava-0.9.9.pom (1.1 kB at 190 kB/s)
[INFO] Downloading from central: https://repo.maven.apache.org/maven2/org/sonatype/sisu/inject/guava-parent/0.9.9/guava-parent-0.9.9.pom
[INFO] Downloaded from central: https://repo.maven.apache.org/maven2/org/sonatype/sisu/inject/guava-parent/0.9.9/guava-parent-0.9.9.pom (11 kB at 1.8 MB/s)
[INFO] Downloading from central: https://repo.maven.apache.org/maven2/org/codehaus/plexus/plexus-archiver/2.9.1/plexus-archiver-2.9.1.pom
[INFO] Downloaded from central: https://repo.maven.apache.org/maven2/org/codehaus/plexus/plexus-archiver/2.9.1/plexus-archiver-2.9.1.pom (4.4 kB at 729 kB/s)
[INFO] Downloading from central: https://repo.maven.apache.org/maven2/org/codehaus/plexus/plexus-io/2.4.1/plexus-io-2.4.1.pom
[INFO] Downloaded from central: https://repo.maven.apache.org/maven2/org/codehaus/plexus/plexus-io/2.4.1/plexus-io-2.4.1.pom (3.7 kB at 249 kB/s)
[INFO] Downloading from central: https://repo.maven.apache.org/maven2/org/apache/commons/commons-compress/1.9/commons-compress-1.9.pom
[INFO] Downloaded from central: https://repo.maven.apache.org/maven2/org/apache/commons/commons-compress/1.9/commons-compress-1.9.pom (11 kB at 1.4 MB/s)
[INFO] Downloading from central: https://repo.maven.apache.org/maven2/org/codehaus/plexus/plexus-utils/3.0.21/plexus-utils-3.0.21.pom
[INFO] Downloaded from central: https://repo.maven.apache.org/maven2/org/codehaus/plexus/plexus-utils/3.0.21/plexus-utils-3.0.21.pom (3.8 kB at 762 kB/s)
[INFO] Downloading from central: https://repo.maven.apache.org/maven2/org/codehaus/plexus/plexus-compiler-api/2.4/plexus-compiler-api-2.4.pom
[INFO] Downloaded from central: https://repo.maven.apache.org/maven2/org/codehaus/plexus/plexus-compiler-api/2.4/plexus-compiler-api-2.4.pom (865 B at 173 kB/s)
[INFO] Downloading from central: https://repo.maven.apache.org/maven2/org/codehaus/plexus/plexus-compiler/2.4/plexus-compiler-2.4.pom
[INFO] Downloaded from central: https://repo.maven.apache.org/maven2/org/codehaus/plexus/plexus-compiler/2.4/plexus-compiler-2.4.pom (5.3 kB at 883 kB/s)
[INFO] Downloading from central: https://repo.maven.apache.org/maven2/org/apache/maven/maven-core/3.0.5/maven-core-3.0.5.pom
[INFO] Downloaded from central: https://repo.maven.apache.org/maven2/org/apache/maven/maven-core/3.0.5/maven-core-3.0.5.pom (5.5 kB at 911 kB/s)
[INFO] Downloading from central: https://repo.maven.apache.org/maven2/org/apache/maven/maven-settings/3.0.5/maven-settings-3.0.5.pom
[INFO] Downloaded from central: https://repo.maven.apache.org/maven2/org/apache/maven/maven-settings/3.0.5/maven-settings-3.0.5.pom (1.8 kB at 367 kB/s)
[INFO] Downloading from central: https://repo.maven.apache.org/maven2/org/apache/maven/maven-settings-builder/3.0.5/maven-settings-builder-3.0.5.pom
[INFO] Downloaded from central: https://repo.maven.apache.org/maven2/org/apache/maven/maven-settings-builder/3.0.5/maven-settings-builder-3.0.5.pom (2.3 kB at 376 kB/s)
[INFO] Downloading from central: https://repo.maven.apache.org/maven2/org/apache/maven/maven-repository-metadata/3.0.5/maven-repository-metadata-3.0.5.pom
[INFO] Downloaded from central: https://repo.maven.apache.org/maven2/org/apache/maven/maven-repository-metadata/3.0.5/maven-repository-metadata-3.0.5.pom (1.9 kB at 315 kB/s)
[INFO] Downloading from central: https://repo.maven.apache.org/maven2/org/apache/maven/maven-model-builder/3.0.5/maven-model-builder-3.0.5.pom
[INFO] Downloaded from central: https://repo.maven.apache.org/maven2/org/apache/maven/maven-model-builder/3.0.5/maven-model-builder-3.0.5.pom (2.5 kB at 411 kB/s)
[INFO] Downloading from central: https://repo.maven.apache.org/maven2/org/apache/maven/maven-aether-provider/3.0.5/maven-aether-provider-3.0.5.pom
[INFO] Downloaded from central: https://repo.maven.apache.org/maven2/org/apache/maven/maven-aether-provider/3.0.5/maven-aether-provider-3.0.5.pom (2.8 kB at 402 kB/s)
[INFO] Downloading from central: https://repo.maven.apache.org/maven2/org/sonatype/aether/aether-api/1.13.1/aether-api-1.13.1.pom
[INFO] Downloaded from central: https://repo.maven.apache.org/maven2/org/sonatype/aether/aether-api/1.13.1/aether-api-1.13.1.pom (1.4 kB at 130 kB/s)
[INFO] Downloading from central: https://repo.maven.apache.org/maven2/org/sonatype/aether/aether/1.13.1/aether-1.13.1.pom
[INFO] Downloaded from central: https://repo.maven.apache.org/maven2/org/sonatype/aether/aether/1.13.1/aether-1.13.1.pom (10 kB at 2.0 MB/s)
[INFO] Downloading from central: https://repo.maven.apache.org/maven2/org/sonatype/aether/aether-spi/1.13.1/aether-spi-1.13.1.pom
[INFO] Downloaded from central: https://repo.maven.apache.org/maven2/org/sonatype/aether/aether-spi/1.13.1/aether-spi-1.13.1.pom (1.4 kB at 241 kB/s)
[INFO] Downloading from central: https://repo.maven.apache.org/maven2/org/sonatype/aether/aether-util/1.13.1/aether-util-1.13.1.pom
[INFO] Downloaded from central: https://repo.maven.apache.org/maven2/org/sonatype/aether/aether-util/1.13.1/aether-util-1.13.1.pom (1.7 kB at 345 kB/s)
[INFO] Downloading from central: https://repo.maven.apache.org/maven2/org/sonatype/aether/aether-impl/1.13.1/aether-impl-1.13.1.pom
[INFO] Downloaded from central: https://repo.maven.apache.org/maven2/org/sonatype/aether/aether-impl/1.13.1/aether-impl-1.13.1.pom (2.5 kB at 496 kB/s)
[INFO] Downloading from central: https://repo.maven.apache.org/maven2/org/apache/maven/shared/maven-filtering/3.0.0/maven-filtering-3.0.0.pom
[INFO] Downloaded from central: https://repo.maven.apache.org/maven2/org/apache/maven/shared/maven-filtering/3.0.0/maven-filtering-3.0.0.pom (5.6 kB at 619 kB/s)
[INFO] Downloading from central: https://repo.maven.apache.org/maven2/org/apache/maven/shared/maven-shared-components/22/maven-shared-components-22.pom
[INFO] Downloaded from central: https://repo.maven.apache.org/maven2/org/apache/maven/shared/maven-shared-components/22/maven-shared-components-22.pom (5.1 kB at 731 kB/s)
[INFO] Downloading from central: https://repo.maven.apache.org/maven2/org/codehaus/plexus/plexus-component-annotations/1.5.4/plexus-component-annotations-1.5.4.pom
[INFO] Downloaded from central: https://repo.maven.apache.org/maven2/org/codehaus/plexus/plexus-component-annotations/1.5.4/plexus-component-annotations-1.5.4.pom (815 B at 136 kB/s)
[INFO] Downloading from central: https://repo.maven.apache.org/maven2/org/codehaus/plexus/plexus-containers/1.5.4/plexus-containers-1.5.4.pom
[INFO] Downloaded from central: https://repo.maven.apache.org/maven2/org/codehaus/plexus/plexus-containers/1.5.4/plexus-containers-1.5.4.pom (4.2 kB at 707 kB/s)
[INFO] Downloading from central: https://repo.maven.apache.org/maven2/org/codehaus/plexus/plexus/2.0.5/plexus-2.0.5.pom
[INFO] Downloaded from central: https://repo.maven.apache.org/maven2/org/codehaus/plexus/plexus/2.0.5/plexus-2.0.5.pom (17 kB at 2.2 MB/s)
[INFO] Downloading from central: https://repo.maven.apache.org/maven2/org/codehaus/plexus/plexus-interpolation/1.21/plexus-interpolation-1.21.pom
[INFO] Downloaded from central: https://repo.maven.apache.org/maven2/org/codehaus/plexus/plexus-interpolation/1.21/plexus-interpolation-1.21.pom (1.5 kB at 171 kB/s)
[INFO] Downloading from central: https://repo.maven.apache.org/maven2/org/apache/maven/maven-archiver/2.6/maven-archiver-2.6.pom
[INFO] Downloaded from central: https://repo.maven.apache.org/maven2/org/apache/maven/maven-archiver/2.6/maven-archiver-2.6.pom (4.3 kB at 720 kB/s)
[INFO] Downloading from central: https://repo.maven.apache.org/maven2/org/apache/maven/shared/maven-shared-components/20/maven-shared-components-20.pom
[INFO] Downloaded from central: https://repo.maven.apache.org/maven2/org/apache/maven/shared/maven-shared-components/20/maven-shared-components-20.pom (5.1 kB at 729 kB/s)
[INFO] Downloading from central: https://repo.maven.apache.org/maven2/org/apache/maven/reporting/maven-reporting-api/2.2.1/maven-reporting-api-2.2.1.pom
[INFO] Downloaded from central: https://repo.maven.apache.org/maven2/org/apache/maven/reporting/maven-reporting-api/2.2.1/maven-reporting-api-2.2.1.pom (1.9 kB at 370 kB/s)
[INFO] Downloading from central: https://repo.maven.apache.org/maven2/org/apache/maven/reporting/maven-reporting/2.2.1/maven-reporting-2.2.1.pom
[INFO] Downloaded from central: https://repo.maven.apache.org/maven2/org/apache/maven/reporting/maven-reporting/2.2.1/maven-reporting-2.2.1.pom (1.4 kB at 240 kB/s)
[INFO] Downloading from central: https://repo.maven.apache.org/maven2/org/apache/maven/doxia/doxia-sink-api/1.1/doxia-sink-api-1.1.pom
[INFO] Downloaded from central: https://repo.maven.apache.org/maven2/org/apache/maven/doxia/doxia-sink-api/1.1/doxia-sink-api-1.1.pom (2.0 kB at 408 kB/s)
[INFO] Downloading from central: https://repo.maven.apache.org/maven2/org/apache/maven/doxia/doxia/1.1/doxia-1.1.pom
[INFO] Downloaded from central: https://repo.maven.apache.org/maven2/org/apache/maven/doxia/doxia/1.1/doxia-1.1.pom (15 kB at 2.5 MB/s)
[INFO] Downloading from central: https://repo.maven.apache.org/maven2/org/apache/maven/doxia/doxia-logging-api/1.1/doxia-logging-api-1.1.pom
[INFO] Downloaded from central: https://repo.maven.apache.org/maven2/org/apache/maven/doxia/doxia-logging-api/1.1/doxia-logging-api-1.1.pom (1.6 kB at 315 kB/s)
[INFO] Downloading from central: https://repo.maven.apache.org/maven2/commons-cli/commons-cli/1.2/commons-cli-1.2.pom
[INFO] Downloaded from central: https://repo.maven.apache.org/maven2/commons-cli/commons-cli/1.2/commons-cli-1.2.pom (8.0 kB at 798 kB/s)
[INFO] Downloading from central: https://repo.maven.apache.org/maven2/org/apache/maven/shared/maven-shared-utils/0.7/maven-shared-utils-0.7.pom
[INFO] Downloaded from central: https://repo.maven.apache.org/maven2/org/apache/maven/shared/maven-shared-utils/0.7/maven-shared-utils-0.7.pom (5.0 kB at 627 kB/s)
[INFO] Downloading from central: https://repo.maven.apache.org/maven2/org/codehaus/plexus/plexus-archiver/2.8.1/plexus-archiver-2.8.1.pom
[INFO] Downloaded from central: https://repo.maven.apache.org/maven2/org/codehaus/plexus/plexus-archiver/2.8.1/plexus-archiver-2.8.1.pom (4.1 kB at 458 kB/s)
[INFO] Downloading from central: https://repo.maven.apache.org/maven2/org/codehaus/plexus/plexus-io/2.3.2/plexus-io-2.3.2.pom
[INFO] Downloaded from central: https://repo.maven.apache.org/maven2/org/codehaus/plexus/plexus-io/2.3.2/plexus-io-2.3.2.pom (2.7 kB at 83 kB/s)
[INFO] Downloading from central: https://repo.maven.apache.org/maven2/org/apache/maven/surefire/maven-surefire-common/2.16/maven-surefire-common-2.16.pom
[INFO] Downloaded from central: https://repo.maven.apache.org/maven2/org/apache/maven/surefire/maven-surefire-common/2.16/maven-surefire-common-2.16.pom (6.1 kB at 871 kB/s)
[INFO] Downloading from central: https://repo.maven.apache.org/maven2/org/apache/maven/surefire/surefire/2.16/surefire-2.16.pom
[INFO] Downloaded from central: https://repo.maven.apache.org/maven2/org/apache/maven/surefire/surefire/2.16/surefire-2.16.pom (19 kB at 2.7 MB/s)
[INFO] Downloading from central: https://repo.maven.apache.org/maven2/org/apache/maven/plugin-tools/maven-plugin-annotations/3.2/maven-plugin-annotations-3.2.pom
[INFO] Downloaded from central: https://repo.maven.apache.org/maven2/org/apache/maven/plugin-tools/maven-plugin-annotations/3.2/maven-plugin-annotations-3.2.pom (1.6 kB at 271 kB/s)
[INFO] Downloading from central: https://repo.maven.apache.org/maven2/org/apache/maven/plugin-tools/maven-plugin-tools/3.2/maven-plugin-tools-3.2.pom
[INFO] Downloaded from central: https://repo.maven.apache.org/maven2/org/apache/maven/plugin-tools/maven-plugin-tools/3.2/maven-plugin-tools-3.2.pom (17 kB at 2.8 MB/s)
[INFO] Downloading from central: https://repo.maven.apache.org/maven2/org/apache/maven/surefire/surefire-api/2.16/surefire-api-2.16.pom
[INFO] Downloaded from central: https://repo.maven.apache.org/maven2/org/apache/maven/surefire/surefire-api/2.16/surefire-api-2.16.pom (2.3 kB at 327 kB/s)
[INFO] Downloading from central: https://repo.maven.apache.org/maven2/org/apache/maven/surefire/surefire-booter/2.16/surefire-booter-2.16.pom
[INFO] Downloaded from central: https://repo.maven.apache.org/maven2/org/apache/maven/surefire/surefire-booter/2.16/surefire-booter-2.16.pom (2.8 kB at 472 kB/s)
[INFO] Downloading from central: https://repo.maven.apache.org/maven2/org/apache/maven/maven-model/3.0.5/maven-model-3.0.5.jar
[INFO] Downloading from central: https://repo.maven.apache.org/maven2/org/apache/maven/maven-artifact/3.0.5/maven-artifact-3.0.5.jar
[INFO] Downloading from central: https://repo.maven.apache.org/maven2/org/sonatype/sisu/sisu-inject-plexus/2.3.0/sisu-inject-plexus-2.3.0.jar
[INFO] Downloaded from central: https://repo.maven.apache.org/maven2/org/apache/maven/maven-artifact/3.0.5/maven-artifact-3.0.5.jar (52 kB at 4.0 MB/s)
[INFO] Downloading from central: https://repo.maven.apache.org/maven2/org/sonatype/sisu/sisu-guava/0.9.9/sisu-guava-0.9.9.jar
[INFO] Downloading from central: https://repo.maven.apache.org/maven2/org/sonatype/sisu/sisu-guice/3.1.0/sisu-guice-3.1.0-no_aop.jar
[INFO] Downloading from central: https://repo.maven.apache.org/maven2/org/sonatype/sisu/sisu-inject-bean/2.3.0/sisu-inject-bean-2.3.0.jar
[INFO] Downloaded from central: https://repo.maven.apache.org/maven2/org/apache/maven/maven-model/3.0.5/maven-model-3.0.5.jar (164 kB at 5.6 MB/s)
[INFO] Downloading from central: https://repo.maven.apache.org/maven2/org/codehaus/plexus/plexus-io/2.4.1/plexus-io-2.4.1.jar
[INFO] Downloaded from central: https://repo.maven.apache.org/maven2/org/codehaus/plexus/plexus-io/2.4.1/plexus-io-2.4.1.jar (82 kB at 2.4 MB/s)
[INFO] Downloading from central: https://repo.maven.apache.org/maven2/commons-io/commons-io/2.2/commons-io-2.2.jar
[INFO] Downloaded from central: https://repo.maven.apache.org/maven2/org/sonatype/sisu/sisu-inject-plexus/2.3.0/sisu-inject-plexus-2.3.0.jar (204 kB at 2.4 MB/s)
[INFO] Downloading from central: https://repo.maven.apache.org/maven2/org/apache/commons/commons-compress/1.9/commons-compress-1.9.jar
[INFO] Downloaded from central: https://repo.maven.apache.org/maven2/org/sonatype/sisu/sisu-guava/0.9.9/sisu-guava-0.9.9.jar (1.5 MB at 17 MB/s)
[INFO] Downloading from central: https://repo.maven.apache.org/maven2/org/apache/maven/maven-settings/3.0.5/maven-settings-3.0.5.jar
[INFO] Downloaded from central: https://repo.maven.apache.org/maven2/commons-io/commons-io/2.2/commons-io-2.2.jar (174 kB at 2.0 MB/s)
[INFO] Downloading from central: https://repo.maven.apache.org/maven2/org/apache/maven/maven-settings-builder/3.0.5/maven-settings-builder-3.0.5.jar
[INFO] Downloaded from central: https://repo.maven.apache.org/maven2/org/sonatype/sisu/sisu-guice/3.1.0/sisu-guice-3.1.0-no_aop.jar (357 kB at 2.8 MB/s)
[INFO] Downloading from central: https://repo.maven.apache.org/maven2/org/apache/maven/maven-repository-metadata/3.0.5/maven-repository-metadata-3.0.5.jar
[INFO] Downloaded from central: https://repo.maven.apache.org/maven2/org/apache/maven/maven-settings-builder/3.0.5/maven-settings-builder-3.0.5.jar (41 kB at 394 kB/s)
[INFO] Downloading from central: https://repo.maven.apache.org/maven2/org/apache/maven/maven-model-builder/3.0.5/maven-model-builder-3.0.5.jar
[INFO] Downloaded from central: https://repo.maven.apache.org/maven2/org/apache/maven/maven-settings/3.0.5/maven-settings-3.0.5.jar (47 kB at 421 kB/s)
[INFO] Downloading from central: https://repo.maven.apache.org/maven2/org/apache/maven/maven-aether-provider/3.0.5/maven-aether-provider-3.0.5.jar
[INFO] Downloaded from central: https://repo.maven.apache.org/maven2/org/apache/commons/commons-compress/1.9/commons-compress-1.9.jar (378 kB at 3.3 MB/s)
[INFO] Downloading from central: https://repo.maven.apache.org/maven2/org/sonatype/aether/aether-spi/1.13.1/aether-spi-1.13.1.jar
[INFO] Downloaded from central: https://repo.maven.apache.org/maven2/org/apache/maven/maven-model-builder/3.0.5/maven-model-builder-3.0.5.jar (151 kB at 1.3 MB/s)
[INFO] Downloading from central: https://repo.maven.apache.org/maven2/org/sonatype/aether/aether-impl/1.13.1/aether-impl-1.13.1.jar
[INFO] Downloaded from central: https://repo.maven.apache.org/maven2/org/apache/maven/maven-aether-provider/3.0.5/maven-aether-provider-3.0.5.jar (57 kB at 467 kB/s)
[INFO] Downloading from central: https://repo.maven.apache.org/maven2/org/sonatype/aether/aether-api/1.13.1/aether-api-1.13.1.jar
[INFO] Downloaded from central: https://repo.maven.apache.org/maven2/org/sonatype/sisu/sisu-inject-bean/2.3.0/sisu-inject-bean-2.3.0.jar (289 kB at 2.0 MB/s)
[INFO] Downloading from central: https://repo.maven.apache.org/maven2/org/sonatype/aether/aether-util/1.13.1/aether-util-1.13.1.jar
[INFO] Downloaded from central: https://repo.maven.apache.org/maven2/org/sonatype/aether/aether-spi/1.13.1/aether-spi-1.13.1.jar (15 kB at 122 kB/s)
[INFO] Downloading from central: https://repo.maven.apache.org/maven2/org/codehaus/plexus/plexus-classworlds/2.4/plexus-classworlds-2.4.jar
[INFO] Downloaded from central: https://repo.maven.apache.org/maven2/org/apache/maven/maven-repository-metadata/3.0.5/maven-repository-metadata-3.0.5.jar (30 kB at 230 kB/s)
[INFO] Downloading from central: https://repo.maven.apache.org/maven2/org/apache/maven/plugin-tools/maven-plugin-annotations/3.2/maven-plugin-annotations-3.2.jar
[INFO] Downloaded from central: https://repo.maven.apache.org/maven2/org/sonatype/aether/aether-api/1.13.1/aether-api-1.13.1.jar (90 kB at 679 kB/s)
[INFO] Downloading from central: https://repo.maven.apache.org/maven2/org/apache/maven/surefire/surefire-api/2.16/surefire-api-2.16.jar
[INFO] Downloaded from central: https://repo.maven.apache.org/maven2/org/sonatype/aether/aether-impl/1.13.1/aether-impl-1.13.1.jar (130 kB at 910 kB/s)
[INFO] Downloading from central: https://repo.maven.apache.org/maven2/org/apache/maven/surefire/surefire-booter/2.16/surefire-booter-2.16.jar
[INFO] Downloaded from central: https://repo.maven.apache.org/maven2/org/apache/maven/plugin-tools/maven-plugin-annotations/3.2/maven-plugin-annotations-3.2.jar (15 kB at 105 kB/s)
[INFO] Downloaded from central: https://repo.maven.apache.org/maven2/org/codehaus/plexus/plexus-classworlds/2.4/plexus-classworlds-2.4.jar (47 kB at 320 kB/s)
[INFO] Downloaded from central: https://repo.maven.apache.org/maven2/org/apache/maven/surefire/surefire-api/2.16/surefire-api-2.16.jar (149 kB at 1.0 MB/s)
[INFO] Downloaded from central: https://repo.maven.apache.org/maven2/org/sonatype/aether/aether-util/1.13.1/aether-util-1.13.1.jar (130 kB at 850 kB/s)
[INFO] Downloaded from central: https://repo.maven.apache.org/maven2/org/apache/maven/surefire/surefire-booter/2.16/surefire-booter-2.16.jar (40 kB at 256 kB/s)
[INFO] GWT tests report directory: /home/travis/build/google/auto/value/src/it/gwtserializer/target/surefire-reports
[INFO] Downloading from central: https://repo.maven.apache.org/maven2/org/apache/maven/surefire/surefire-junit4/2.16/surefire-junit4-2.16.pom
[INFO] Downloaded from central: https://repo.maven.apache.org/maven2/org/apache/maven/surefire/surefire-junit4/2.16/surefire-junit4-2.16.pom (2.5 kB at 415 kB/s)
[INFO] Downloading from central: https://repo.maven.apache.org/maven2/org/apache/maven/surefire/surefire-providers/2.16/surefire-providers-2.16.pom
[INFO] Downloaded from central: https://repo.maven.apache.org/maven2/org/apache/maven/surefire/surefire-providers/2.16/surefire-providers-2.16.pom (2.4 kB at 476 kB/s)
[INFO] Downloading from central: https://repo.maven.apache.org/maven2/org/apache/maven/surefire/surefire-junit4/2.16/surefire-junit4-2.16.jar
[INFO] Downloaded from central: https://repo.maven.apache.org/maven2/org/apache/maven/surefire/surefire-junit4/2.16/surefire-junit4-2.16.jar (64 kB at 8.0 MB/s)

-------------------------------------------------------
 T E S T S
-------------------------------------------------------
Picked up _JAVA_OPTIONS: -Xmx2048m -Xms512m
Running com.google.auto.value.GwtSerializerSuite
Jun 18, 2018 3:58:42 PM java.util.prefs.FileSystemPreferences$1 run
INFO: Created user preferences directory.
[ERROR] jreLeakPrevention.gcDaemonFail
java.lang.ClassNotFoundException: sun.misc.GC
	at java.base/jdk.internal.loader.BuiltinClassLoader.loadClass(BuiltinClassLoader.java:582)
	at java.base/jdk.internal.loader.ClassLoaders$AppClassLoader.loadClass(ClassLoaders.java:185)
	at java.base/java.lang.ClassLoader.loadClass(ClassLoader.java:496)
	at java.base/java.lang.Class.forName0(Native Method)
	at java.base/java.lang.Class.forName(Class.java:292)
	at com.google.gwt.dev.shell.jetty.JettyLauncher.jreLeakPrevention(JettyLauncher.java:899)
	at com.google.gwt.dev.shell.jetty.JettyLauncher.start(JettyLauncher.java:722)
	at com.google.gwt.dev.DevMode.doStartUpServer(DevMode.java:636)
	at com.google.gwt.dev.DevModeBase.startUp(DevModeBase.java:923)
	at com.google.gwt.junit.JUnitShell.getUnitTestShell(JUnitShell.java:708)
	at com.google.gwt.junit.JUnitShell.runTest(JUnitShell.java:682)
	at com.google.gwt.junit.client.GWTTestCase.runTest(GWTTestCase.java:421)
	at junit.framework.TestCase.runBare(TestCase.java:141)
	at junit.framework.TestResult$1.protect(TestResult.java:122)
	at junit.framework.TestResult.runProtected(TestResult.java:142)
	at junit.framework.TestResult.run(TestResult.java:125)
	at junit.framework.TestCase.run(TestCase.java:129)
	at com.google.gwt.junit.client.GWTTestCase.run(GWTTestCase.java:247)
	at junit.framework.TestSuite.runTest(TestSuite.java:252)
	at junit.framework.TestSuite.run(TestSuite.java:247)
	at junit.framework.TestSuite.runTest(TestSuite.java:252)
	at junit.framework.TestSuite.run(TestSuite.java:247)
	at junit.framework.TestSuite.runTest(TestSuite.java:252)
	at junit.framework.TestSuite.run(TestSuite.java:247)
	at org.junit.internal.runners.JUnit38ClassRunner.run(JUnit38ClassRunner.java:86)
	at org.apache.maven.surefire.junit4.JUnit4Provider.execute(JUnit4Provider.java:264)
	at org.apache.maven.surefire.junit4.JUnit4Provider.executeTestSet(JUnit4Provider.java:153)
	at org.apache.maven.surefire.junit4.JUnit4Provider.invoke(JUnit4Provider.java:124)
	at org.apache.maven.surefire.booter.ForkedBooter.invokeProviderInSameClassLoader(ForkedBooter.java:200)
	at org.apache.maven.surefire.booter.ForkedBooter.runSuitesInProcess(ForkedBooter.java:153)
	at org.apache.maven.surefire.booter.ForkedBooter.main(ForkedBooter.java:103)
Starting Jetty on port 0
   [WARN] ServletContainerInitializers: detected. Class hierarchy: empty
Compiling module com.google.auto.value.GwtSerializerSuite.JUnit
   Compiling 1 permutation
      Compiling permutation 0...
   Compile of permutations succeeded
   Compilation succeeded -- 30.652s
Linking into /home/travis/build/google/auto/value/src/it/gwtserializer/target/gwt-tests/www/com.google.auto.value.GwtSerializerSuite.JUnit
   Link succeeded
   Linking succeeded -- 0.260s
Starting http://localhost:33983/com.google.auto.value.GwtSerializerSuite.JUnit/junit.html on browser FF38
200 - GET /com.google.auto.value.GwtSerializerSuite.JUnit/junit.html (127.0.0.1)
WARNING: An illegal reflective access operation has occurred
WARNING: Illegal reflective access by net.sourceforge.htmlunit.corejs.javascript.NativeArray (file:/home/travis/.m2/repository/net/sourceforge/htmlunit/htmlunit-core-js/2.17/htmlunit-core-js-2.17.jar) to field java.util.Arrays$LegacyMergeSort.userRequested
WARNING: Please consider reporting this to the maintainers of net.sourceforge.htmlunit.corejs.javascript.NativeArray
WARNING: Use --illegal-access=warn to enable warnings of further illegal reflective access operations
WARNING: All illegal access operations will be denied in a future release
200 - GET /com.google.auto.value.GwtSerializerSuite.JUnit/com.google.auto.value.GwtSerializerSuite.JUnit.nocache.js (127.0.0.1)
200 - GET /com.google.auto.value.GwtSerializerSuite.JUnit/85629EA71820BE71D95A9CBFEE15321E.cache.js (127.0.0.1)
200 - POST /com.google.auto.value.GwtSerializerSuite.JUnit/junithost (127.0.0.1) 228 bytes
200 - POST /com.google.auto.value.GwtSerializerSuite.JUnit/test (127.0.0.1) 147 bytes
200 - POST /com.google.auto.value.GwtSerializerSuite.JUnit/junithost (127.0.0.1) 198 bytes
200 - POST /com.google.auto.value.GwtSerializerSuite.JUnit/test (127.0.0.1) 155 bytes
200 - POST /com.google.auto.value.GwtSerializerSuite.JUnit/junithost (127.0.0.1) 197 bytes
200 - POST /com.google.auto.value.GwtSerializerSuite.JUnit/test (127.0.0.1) 108 bytes
200 - POST /com.google.auto.value.GwtSerializerSuite.JUnit/junithost (127.0.0.1) 189 bytes
200 - POST /com.google.auto.value.GwtSerializerSuite.JUnit/test (127.0.0.1) 137 bytes
200 - POST /com.google.auto.value.GwtSerializerSuite.JUnit/junithost (127.0.0.1) 189 bytes
200 - POST /com.google.auto.value.GwtSerializerSuite.JUnit/test (127.0.0.1) 143 bytes
200 - POST /com.google.auto.value.GwtSerializerSuite.JUnit/junithost (127.0.0.1) 188 bytes
200 - POST /com.google.auto.value.GwtSerializerSuite.JUnit/test (127.0.0.1) 98 bytes
Tests run: 6, Failures: 0, Errors: 0, Skipped: 0, Time elapsed: 37.772 sec - in com.google.auto.value.GwtSerializerSuite

Results :

Tests run: 6, Failures: 0, Errors: 0, Skipped: 0

[INFO] 
[INFO] --- maven-jar-plugin:3.0.2:jar (default-jar) @ gwtserializer ---
[WARNING] JAR will be empty - no content was marked for inclusion!
[INFO] Building jar: /home/travis/build/google/auto/value/src/it/gwtserializer/target/gwtserializer-HEAD-SNAPSHOT.jar
[INFO] 
[INFO] ------------------------------------------------------------------------
[INFO] Building build-only NO_VERSION
[INFO] ------------------------------------------------------------------------
[INFO] ------------------------------------------------------------------------
[INFO] Reactor Summary:
[INFO] 
[INFO] Auto (Parent) ...................................... SUCCESS [  0.464 s]
[INFO] Auto Common Libraries .............................. SUCCESS [ 16.388 s]
[INFO] AutoFactory ........................................ SUCCESS [ 23.748 s]
[INFO] AutoService ........................................ SUCCESS [  2.577 s]
[INFO] AutoValue Parent ................................... SUCCESS [  0.003 s]
[INFO] AutoValue Annotations .............................. SUCCESS [  0.185 s]
[INFO] AutoValue Processor ................................ SUCCESS [ 34.244 s]
[INFO] Auto-Value Functional Integration Test ............. SUCCESS [ 20.441 s]
[INFO] Auto-Value GWT-RPC Serialization Integration Test .. SUCCESS [ 41.154 s]
[INFO] build-only ......................................... SUCCESS [  0.001 s]
[INFO] ------------------------------------------------------------------------
[INFO] BUILD SUCCESS
[INFO] ------------------------------------------------------------------------
[INFO] Total time: 02:19 min
[INFO] Finished at: 2018-06-18T15:59:19Z
[INFO] Final Memory: 49M/512M
[INFO] ------------------------------------------------------------------------

travis_time:end:0f237a45:start=1529337418420617838,finish=1529337559914055144,duration=141493437306[0K
[32;1mThe command "mvn -B -U -f build-pom.xml verify --fail-at-end -Dsource.skip=true -Dmaven.javadoc.skip=true" exited with 0.[0m
travis_fold:start:after_success.1[0Ktravis_time:start:09d196e8[0K$ util/generate-latest-docs.sh

travis_time:end:09d196e8:start=1529337559920250908,finish=1529337559936341992,duration=16091084[0Ktravis_fold:end:after_success.1[0Ktravis_fold:start:after_success.2[0Ktravis_time:start:01fdffdf[0K$ util/publish-snapshot-on-commit.sh

travis_time:end:01fdffdf:start=1529337559942366679,finish=1529337559958181710,duration=15815031[0Ktravis_fold:end:after_success.2[0K
Done. Your build exited with 0.
