Using worker: worker-linux-226df11e-2.bb.travis-ci.org:travis-linux-13

travis_fold:start:system_info[0K[33;1mBuild system information[0m
Build language: java
[34m[1mBuild image provisioning date and time[0m
Wed Feb  4 18:22:50 UTC 2015
[34m[1mOperating System Details[0m
Distributor ID:	Ubuntu
Description:	Ubuntu 12.04 LTS
Release:	12.04
Codename:	precise
[34m[1mLinux Version[0m
2.6.32-042stab090.5
[34m[1mCookbooks Version[0m
23bb455 https://github.com/travis-ci/travis-cookbooks/tree/23bb455
[34m[1mGCC version[0m
gcc (Ubuntu/Linaro 4.6.3-1ubuntu5) 4.6.3
Copyright (C) 2011 Free Software Foundation, Inc.
This is free software; see the source for copying conditions.  There is NO
warranty; not even for MERCHANTABILITY or FITNESS FOR A PARTICULAR PURPOSE.

[34m[1mLLVM version[0m
clang version 3.4 (tags/RELEASE_34/final)
Target: x86_64-unknown-linux-gnu
Thread model: posix
[34m[1mPre-installed Ruby versions[0m
ruby-1.9.3-p551
[34m[1mPre-installed Node.js versions[0m
v0.10.36
[34m[1mPre-installed Go versions[0m
1.4.1
[34m[1mRedis version[0m
redis-server 2.8.19
[34m[1mriak version[0m
2.0.2
[34m[1mMongoDB version[0m
MongoDB 2.4.12
[34m[1mCouchDB version[0m
couchdb 1.6.1
[34m[1mNeo4j version[0m
1.9.4
[34m[1mCassandra version[0m
2.0.9
[34m[1mRabbitMQ Version[0m
3.4.3
[34m[1mElasticSearch version[0m
1.4.0
[34m[1mInstalled Sphinx versions[0m
2.0.10
2.1.9
2.2.6
[34m[1mDefault Sphinx version[0m
2.2.6
[34m[1mInstalled Firefox version[0m
firefox 31.0esr
[34m[1mPhantomJS version[0m
1.9.8
[34m[1mant -version[0m
Apache Ant(TM) version 1.8.2 compiled on December 3 2011
[34m[1mmvn -version[0m
Apache Maven 3.2.5 (12a6b3acb947671f09b81f49094c53f426d8cea1; 2014-12-14T17:29:23+00:00)
Maven home: /usr/local/maven
Java version: 1.7.0_76, vendor: Oracle Corporation
Java home: /usr/lib/jvm/java-7-oracle/jre
Default locale: en, platform encoding: UTF-8
OS name: "linux", version: "2.6.32-042stab090.5", arch: "amd64", family: "unix"
travis_fold:end:system_info[0K
travis_fold:start:git.checkout[0Ktravis_time:start:0015b9e2[0K$ git clone --depth=50 --branch=master git://github.com/davidmoten/rxjava-jdbc.git davidmoten/rxjava-jdbc
Cloning into 'davidmoten/rxjava-jdbc'...
remote: Counting objects: 619, done.[K
remote: Compressing objects:   0% (1/294)   [Kremote: Compressing objects:   1% (3/294)   [Kremote: Compressing objects:   2% (6/294)   [Kremote: Compressing objects:   3% (9/294)   [Kremote: Compressing objects:   4% (12/294)   [Kremote: Compressing objects:   5% (15/294)   [Kremote: Compressing objects:   6% (18/294)   [Kremote: Compressing objects:   7% (21/294)   [Kremote: Compressing objects:   8% (24/294)   [Kremote: Compressing objects:   9% (27/294)   [Kremote: Compressing objects:  10% (30/294)   [Kremote: Compressing objects:  11% (33/294)   [Kremote: Compressing objects:  12% (36/294)   [Kremote: Compressing objects:  13% (39/294)   [Kremote: Compressing objects:  14% (42/294)   [Kremote: Compressing objects:  15% (45/294)   [Kremote: Compressing objects:  16% (48/294)   [Kremote: Compressing objects:  17% (50/294)   [Kremote: Compressing objects:  18% (53/294)   [Kremote: Compressing objects:  19% (56/294)   [Kremote: Compressing objects:  20% (59/294)   [Kremote: Compressing objects:  21% (62/294)   [Kremote: Compressing objects:  22% (65/294)   [Kremote: Compressing objects:  23% (68/294)   [Kremote: Compressing objects:  24% (71/294)   [Kremote: Compressing objects:  25% (74/294)   [Kremote: Compressing objects:  26% (77/294)   [Kremote: Compressing objects:  27% (80/294)   [Kremote: Compressing objects:  28% (83/294)   [Kremote: Compressing objects:  29% (86/294)   [Kremote: Compressing objects:  30% (89/294)   [Kremote: Compressing objects:  31% (92/294)   [Kremote: Compressing objects:  32% (95/294)   [Kremote: Compressing objects:  33% (98/294)   [Kremote: Compressing objects:  34% (100/294)   [Kremote: Compressing objects:  35% (103/294)   [Kremote: Compressing objects:  36% (106/294)   [Kremote: Compressing objects:  37% (109/294)   [Kremote: Compressing objects:  38% (112/294)   [Kremote: Compressing objects:  39% (115/294)   [Kremote: Compressing objects:  40% (118/294)   [Kremote: Compressing objects:  41% (121/294)   [Kremote: Compressing objects:  42% (124/294)   [Kremote: Compressing objects:  43% (127/294)   [Kremote: Compressing objects:  44% (130/294)   [Kremote: Compressing objects:  45% (133/294)   [Kremote: Compressing objects:  46% (136/294)   [Kremote: Compressing objects:  47% (139/294)   [Kremote: Compressing objects:  48% (142/294)   [Kremote: Compressing objects:  49% (145/294)   [Kremote: Compressing objects:  50% (147/294)   [Kremote: Compressing objects:  51% (150/294)   [Kremote: Compressing objects:  52% (153/294)   [Kremote: Compressing objects:  53% (156/294)   [Kremote: Compressing objects:  54% (159/294)   [Kremote: Compressing objects:  55% (162/294)   [Kremote: Compressing objects:  56% (165/294)   [Kremote: Compressing objects:  57% (168/294)   [Kremote: Compressing objects:  58% (171/294)   [Kremote: Compressing objects:  59% (174/294)   [Kremote: Compressing objects:  60% (177/294)   [Kremote: Compressing objects:  61% (180/294)   [Kremote: Compressing objects:  62% (183/294)   [Kremote: Compressing objects:  63% (186/294)   [Kremote: Compressing objects:  64% (189/294)   [Kremote: Compressing objects:  65% (192/294)   [Kremote: Compressing objects:  66% (195/294)   [Kremote: Compressing objects:  67% (197/294)   [Kremote: Compressing objects:  68% (200/294)   [Kremote: Compressing objects:  69% (203/294)   [Kremote: Compressing objects:  70% (206/294)   [Kremote: Compressing objects:  71% (209/294)   [Kremote: Compressing objects:  72% (212/294)   [Kremote: Compressing objects:  73% (215/294)   [Kremote: Compressing objects:  74% (218/294)   [Kremote: Compressing objects:  75% (221/294)   [Kremote: Compressing objects:  76% (224/294)   [Kremote: Compressing objects:  77% (227/294)   [Kremote: Compressing objects:  78% (230/294)   [Kremote: Compressing objects:  79% (233/294)   [Kremote: Compressing objects:  80% (236/294)   [Kremote: Compressing objects:  81% (239/294)   [Kremote: Compressing objects:  82% (242/294)   [Kremote: Compressing objects:  83% (245/294)   [Kremote: Compressing objects:  84% (247/294)   [Kremote: Compressing objects:  85% (250/294)   [Kremote: Compressing objects:  86% (253/294)   [Kremote: Compressing objects:  87% (256/294)   [Kremote: Compressing objects:  88% (259/294)   [Kremote: Compressing objects:  89% (262/294)   [Kremote: Compressing objects:  90% (265/294)   [Kremote: Compressing objects:  91% (268/294)   [Kremote: Compressing objects:  92% (271/294)   [Kremote: Compressing objects:  93% (274/294)   [Kremote: Compressing objects:  94% (277/294)   [Kremote: Compressing objects:  95% (280/294)   [Kremote: Compressing objects:  96% (283/294)   [Kremote: Compressing objects:  97% (286/294)   [Kremote: Compressing objects:  98% (289/294)   [Kremote: Compressing objects:  99% (292/294)   [Kremote: Compressing objects: 100% (294/294)   [Kremote: Compressing objects: 100% (294/294), done.[K
Receiving objects:   0% (1/619)   Receiving objects:   1% (7/619)   Receiving objects:   2% (13/619)   Receiving objects:   3% (19/619)   Receiving objects:   4% (25/619)   Receiving objects:   5% (31/619)   Receiving objects:   6% (38/619)   Receiving objects:   7% (44/619)   Receiving objects:   8% (50/619)   Receiving objects:   9% (56/619)   Receiving objects:  10% (62/619)   Receiving objects:  11% (69/619)   Receiving objects:  12% (75/619)   Receiving objects:  13% (81/619)   Receiving objects:  14% (87/619)   Receiving objects:  15% (93/619)   Receiving objects:  16% (100/619)   Receiving objects:  17% (106/619)   Receiving objects:  18% (112/619)   Receiving objects:  19% (118/619)   Receiving objects:  20% (124/619)   remote: Total 619 (delta 222), reused 494 (delta 131), pack-reused 0[K
Receiving objects:  21% (130/619)   Receiving objects:  22% (137/619)   Receiving objects:  23% (143/619)   Receiving objects:  24% (149/619)   Receiving objects:  25% (155/619)   Receiving objects:  26% (161/619)   Receiving objects:  27% (168/619)   Receiving objects:  28% (174/619)   Receiving objects:  29% (180/619)   Receiving objects:  30% (186/619)   Receiving objects:  31% (192/619)   Receiving objects:  32% (199/619)   Receiving objects:  33% (205/619)   Receiving objects:  34% (211/619)   Receiving objects:  35% (217/619)   Receiving objects:  36% (223/619)   Receiving objects:  37% (230/619)   Receiving objects:  38% (236/619)   Receiving objects:  39% (242/619)   Receiving objects:  40% (248/619)   Receiving objects:  41% (254/619)   Receiving objects:  42% (260/619)   Receiving objects:  43% (267/619)   Receiving objects:  44% (273/619)   Receiving objects:  45% (279/619)   Receiving objects:  46% (285/619)   Receiving objects:  47% (291/619)   Receiving objects:  48% (298/619)   Receiving objects:  49% (304/619)   Receiving objects:  50% (310/619)   Receiving objects:  51% (316/619)   Receiving objects:  52% (322/619)   Receiving objects:  53% (329/619)   Receiving objects:  54% (335/619)   Receiving objects:  55% (341/619)   Receiving objects:  56% (347/619)   Receiving objects:  57% (353/619)   Receiving objects:  58% (360/619)   Receiving objects:  59% (366/619)   Receiving objects:  60% (372/619)   Receiving objects:  61% (378/619)   Receiving objects:  62% (384/619)   Receiving objects:  63% (390/619)   Receiving objects:  64% (397/619)   Receiving objects:  65% (403/619)   Receiving objects:  66% (409/619)   Receiving objects:  67% (415/619)   Receiving objects:  68% (421/619)   Receiving objects:  69% (428/619)   Receiving objects:  70% (434/619)   Receiving objects:  71% (440/619)   Receiving objects:  72% (446/619)   Receiving objects:  73% (452/619)   Receiving objects:  74% (459/619)   Receiving objects:  75% (465/619)   Receiving objects:  76% (471/619)   Receiving objects:  77% (477/619)   Receiving objects:  78% (483/619)   Receiving objects:  79% (490/619)   Receiving objects:  80% (496/619)   Receiving objects:  81% (502/619)   Receiving objects:  82% (508/619)   Receiving objects:  83% (514/619)   Receiving objects:  84% (520/619)   Receiving objects:  85% (527/619)   Receiving objects:  86% (533/619)   Receiving objects:  87% (539/619)   Receiving objects:  88% (545/619)   Receiving objects:  89% (551/619)   Receiving objects:  90% (558/619)   Receiving objects:  91% (564/619)   Receiving objects:  92% (570/619)   Receiving objects:  93% (576/619)   Receiving objects:  94% (582/619)   Receiving objects:  95% (589/619)   Receiving objects:  96% (595/619)   Receiving objects:  97% (601/619)   Receiving objects:  98% (607/619)   Receiving objects:  99% (613/619)   Receiving objects: 100% (619/619)   Receiving objects: 100% (619/619), 130.24 KiB | 0 bytes/s, done.
Resolving deltas:   0% (0/222)   Resolving deltas:   1% (3/222)   Resolving deltas:  33% (75/222)   Resolving deltas:  34% (77/222)   Resolving deltas:  42% (95/222)   Resolving deltas:  45% (100/222)   Resolving deltas:  46% (103/222)   Resolving deltas:  51% (115/222)   Resolving deltas:  55% (124/222)   Resolving deltas:  59% (131/222)   Resolving deltas:  61% (136/222)   Resolving deltas:  63% (140/222)   Resolving deltas:  64% (143/222)   Resolving deltas:  65% (145/222)   Resolving deltas:  66% (147/222)   Resolving deltas:  68% (151/222)   Resolving deltas:  69% (155/222)   Resolving deltas:  72% (161/222)   Resolving deltas:  74% (165/222)   Resolving deltas:  76% (170/222)   Resolving deltas:  77% (171/222)   Resolving deltas:  78% (174/222)   Resolving deltas:  79% (176/222)   Resolving deltas:  80% (178/222)   Resolving deltas:  81% (180/222)   Resolving deltas:  84% (187/222)   Resolving deltas:  86% (192/222)   Resolving deltas:  87% (194/222)   Resolving deltas:  89% (199/222)   Resolving deltas:  90% (201/222)   Resolving deltas:  92% (206/222)   Resolving deltas:  93% (207/222)   Resolving deltas:  94% (209/222)   Resolving deltas:  97% (217/222)   Resolving deltas:  98% (219/222)   Resolving deltas: 100% (222/222)   Resolving deltas: 100% (222/222), done.
Checking connectivity... done.
travis_time:end:0015b9e2:start=1433331441219102336,finish=1433331441407181352,duration=188079016[0K$ cd davidmoten/rxjava-jdbc
$ git checkout -qf 12fa13a1276031b32c4f56ee211f35ed464add7d
travis_fold:end:git.checkout[0K$ jdk_switcher use openjdk7
Switching to OpenJDK7 (java-1.7.0-openjdk-amd64), JAVA_HOME will be set to /usr/lib/jvm/java-7-openjdk-amd64
$ java -Xmx32m -version
java version "1.7.0_75"
OpenJDK Runtime Environment (IcedTea 2.5.4) (7u75-2.5.4-1~precise1)
OpenJDK 64-Bit Server VM (build 24.75-b04, mixed mode)
$ javac -J-Xmx32m -version
javac 1.7.0_75
travis_fold:start:install[0Ktravis_time:start:299254b0[0K$ mvn install -DskipTests=true -Dmaven.javadoc.skip=true -B -V
Apache Maven 3.2.5 (12a6b3acb947671f09b81f49094c53f426d8cea1; 2014-12-14T17:29:23+00:00)
Maven home: /usr/local/maven
Java version: 1.7.0_75, vendor: Oracle Corporation
Java home: /usr/lib/jvm/java-7-openjdk-amd64/jre
Default locale: en_US, platform encoding: UTF-8
OS name: "linux", version: "2.6.32-042stab090.5", arch: "amd64", family: "unix"
[INFO] Scanning for projects...
[INFO] Downloading: http://repo.maven.apache.org/maven2/com/github/davidmoten/sonatype-parent/0.1/sonatype-parent-0.1.pom
[INFO] Downloaded: http://repo.maven.apache.org/maven2/com/github/davidmoten/sonatype-parent/0.1/sonatype-parent-0.1.pom (4 KB at 18.2 KB/sec)
[INFO] Downloading: https://repo.maven.apache.org/maven2/org/sonatype/plugins/nexus-staging-maven-plugin/1.6.5/nexus-staging-maven-plugin-1.6.5.pom
[INFO] Downloaded: https://repo.maven.apache.org/maven2/org/sonatype/plugins/nexus-staging-maven-plugin/1.6.5/nexus-staging-maven-plugin-1.6.5.pom (12 KB at 20.5 KB/sec)
[INFO] Downloading: https://repo.maven.apache.org/maven2/org/sonatype/nexus/maven/nexus-staging/1.6.5/nexus-staging-1.6.5.pom
[INFO] Downloaded: https://repo.maven.apache.org/maven2/org/sonatype/nexus/maven/nexus-staging/1.6.5/nexus-staging-1.6.5.pom (3 KB at 55.0 KB/sec)
[INFO] Downloading: https://repo.maven.apache.org/maven2/org/sonatype/nexus/maven/nexus-maven-plugins/1.6.5/nexus-maven-plugins-1.6.5.pom
[INFO] Downloaded: https://repo.maven.apache.org/maven2/org/sonatype/nexus/maven/nexus-maven-plugins/1.6.5/nexus-maven-plugins-1.6.5.pom (18 KB at 184.3 KB/sec)
[INFO] Downloading: https://repo.maven.apache.org/maven2/org/sonatype/buildsupport/public-parent/6/public-parent-6.pom
[INFO] Downloaded: https://repo.maven.apache.org/maven2/org/sonatype/buildsupport/public-parent/6/public-parent-6.pom (760 B at 14.8 KB/sec)
[INFO] Downloading: https://repo.maven.apache.org/maven2/org/sonatype/buildsupport/buildsupport/6/buildsupport-6.pom
[INFO] Downloaded: https://repo.maven.apache.org/maven2/org/sonatype/buildsupport/buildsupport/6/buildsupport-6.pom (23 KB at 291.4 KB/sec)
[INFO] Downloading: https://repo.maven.apache.org/maven2/org/sonatype/nexus/maven/nexus-common/1.6.5/nexus-common-1.6.5.pom
[INFO] Downloaded: https://repo.maven.apache.org/maven2/org/sonatype/nexus/maven/nexus-common/1.6.5/nexus-common-1.6.5.pom (3 KB at 49.3 KB/sec)
[INFO] Downloading: https://repo.maven.apache.org/maven2/org/sonatype/plexus/plexus-sec-dispatcher/1.4/plexus-sec-dispatcher-1.4.pom
[INFO] Downloaded: https://repo.maven.apache.org/maven2/org/sonatype/plexus/plexus-sec-dispatcher/1.4/plexus-sec-dispatcher-1.4.pom (3 KB at 67.2 KB/sec)
[INFO] Downloading: https://repo.maven.apache.org/maven2/org/sonatype/spice/spice-parent/12/spice-parent-12.pom
[INFO] Downloaded: https://repo.maven.apache.org/maven2/org/sonatype/spice/spice-parent/12/spice-parent-12.pom (7 KB at 141.2 KB/sec)
[INFO] Downloading: https://repo.maven.apache.org/maven2/org/sonatype/forge/forge-parent/4/forge-parent-4.pom
[INFO] Downloaded: https://repo.maven.apache.org/maven2/org/sonatype/forge/forge-parent/4/forge-parent-4.pom (9 KB at 164.0 KB/sec)
[INFO] Downloading: https://repo.maven.apache.org/maven2/org/sonatype/plexus/plexus-cipher/1.7/plexus-cipher-1.7.pom
[INFO] Downloaded: https://repo.maven.apache.org/maven2/org/sonatype/plexus/plexus-cipher/1.7/plexus-cipher-1.7.pom (5 KB at 86.7 KB/sec)
[INFO] Downloading: https://repo.maven.apache.org/maven2/org/sonatype/spice/spice-parent/15/spice-parent-15.pom
[INFO] Downloaded: https://repo.maven.apache.org/maven2/org/sonatype/spice/spice-parent/15/spice-parent-15.pom (9 KB at 170.0 KB/sec)
[INFO] Downloading: https://repo.maven.apache.org/maven2/org/sonatype/forge/forge-parent/5/forge-parent-5.pom
[INFO] Downloaded: https://repo.maven.apache.org/maven2/org/sonatype/forge/forge-parent/5/forge-parent-5.pom (9 KB at 181.5 KB/sec)
[INFO] Downloading: https://repo.maven.apache.org/maven2/com/google/guava/guava/14.0.1/guava-14.0.1.pom
[INFO] Downloaded: https://repo.maven.apache.org/maven2/com/google/guava/guava/14.0.1/guava-14.0.1.pom (6 KB at 122.1 KB/sec)
[INFO] Downloading: https://repo.maven.apache.org/maven2/com/google/guava/guava-parent/14.0.1/guava-parent-14.0.1.pom
[INFO] Downloaded: https://repo.maven.apache.org/maven2/com/google/guava/guava-parent/14.0.1/guava-parent-14.0.1.pom (3 KB at 59.4 KB/sec)
[INFO] Downloading: https://repo.maven.apache.org/maven2/org/sonatype/oss/oss-parent/7/oss-parent-7.pom
[INFO] Downloaded: https://repo.maven.apache.org/maven2/org/sonatype/oss/oss-parent/7/oss-parent-7.pom (5 KB at 112.2 KB/sec)
[INFO] Downloading: https://repo.maven.apache.org/maven2/org/sonatype/nexus/nexus-client-core/2.9.1-02/nexus-client-core-2.9.1-02.pom
[INFO] Downloaded: https://repo.maven.apache.org/maven2/org/sonatype/nexus/nexus-client-core/2.9.1-02/nexus-client-core-2.9.1-02.pom (5 KB at 102.2 KB/sec)
[INFO] Downloading: https://repo.maven.apache.org/maven2/org/sonatype/nexus/nexus-components/2.9.1-02/nexus-components-2.9.1-02.pom
[INFO] Downloaded: https://repo.maven.apache.org/maven2/org/sonatype/nexus/nexus-components/2.9.1-02/nexus-components-2.9.1-02.pom (3 KB at 56.2 KB/sec)
[INFO] Downloading: https://repo.maven.apache.org/maven2/org/sonatype/nexus/nexus-oss/2.9.1-02/nexus-oss-2.9.1-02.pom
[INFO] Downloaded: https://repo.maven.apache.org/maven2/org/sonatype/nexus/nexus-oss/2.9.1-02/nexus-oss-2.9.1-02.pom (37 KB at 580.9 KB/sec)
[INFO] Downloading: https://repo.maven.apache.org/maven2/org/sonatype/nexus/buildsupport/nexus-buildsupport-all/2.9.1-02/nexus-buildsupport-all-2.9.1-02.pom
[INFO] Downloaded: https://repo.maven.apache.org/maven2/org/sonatype/nexus/buildsupport/nexus-buildsupport-all/2.9.1-02/nexus-buildsupport-all-2.9.1-02.pom (6 KB at 123.5 KB/sec)
[INFO] Downloading: https://repo.maven.apache.org/maven2/org/sonatype/nexus/buildsupport/nexus-buildsupport/2.9.1-02/nexus-buildsupport-2.9.1-02.pom
[INFO] Downloaded: https://repo.maven.apache.org/maven2/org/sonatype/nexus/buildsupport/nexus-buildsupport/2.9.1-02/nexus-buildsupport-2.9.1-02.pom (2 KB at 47.0 KB/sec)
[INFO] Downloading: https://repository.sonatype.org/content/groups/sonatype-public-grid/org/sonatype/nexus/buildsupport/nexus-buildsupport-commons/2.9.1-02/nexus-buildsupport-commons-2.9.1-02.pom
[INFO] Downloaded: https://repository.sonatype.org/content/groups/sonatype-public-grid/org/sonatype/nexus/buildsupport/nexus-buildsupport-commons/2.9.1-02/nexus-buildsupport-commons-2.9.1-02.pom (3 KB at 9.8 KB/sec)
[INFO] Downloading: https://repository.sonatype.org/content/groups/sonatype-public-grid/org/sonatype/nexus/buildsupport/nexus-buildsupport-db/2.9.1-02/nexus-buildsupport-db-2.9.1-02.pom
[INFO] Downloaded: https://repository.sonatype.org/content/groups/sonatype-public-grid/org/sonatype/nexus/buildsupport/nexus-buildsupport-db/2.9.1-02/nexus-buildsupport-db-2.9.1-02.pom (2 KB at 29.3 KB/sec)
[INFO] Downloading: https://repository.sonatype.org/content/groups/sonatype-public-grid/org/sonatype/nexus/buildsupport/nexus-buildsupport-httpclient/2.9.1-02/nexus-buildsupport-httpclient-2.9.1-02.pom
[INFO] Downloaded: https://repository.sonatype.org/content/groups/sonatype-public-grid/org/sonatype/nexus/buildsupport/nexus-buildsupport-httpclient/2.9.1-02/nexus-buildsupport-httpclient-2.9.1-02.pom (3 KB at 31.6 KB/sec)
[INFO] Downloading: https://repository.sonatype.org/content/groups/sonatype-public-grid/org/sonatype/nexus/buildsupport/nexus-buildsupport-maven/2.9.1-02/nexus-buildsupport-maven-2.9.1-02.pom
[INFO] Downloaded: https://repository.sonatype.org/content/groups/sonatype-public-grid/org/sonatype/nexus/buildsupport/nexus-buildsupport-maven/2.9.1-02/nexus-buildsupport-maven-2.9.1-02.pom (7 KB at 90.0 KB/sec)
[INFO] Downloading: https://repository.sonatype.org/content/groups/sonatype-public-grid/org/sonatype/nexus/buildsupport/nexus-buildsupport-shiro/2.9.1-02/nexus-buildsupport-shiro-2.9.1-02.pom
[INFO] Downloaded: https://repository.sonatype.org/content/groups/sonatype-public-grid/org/sonatype/nexus/buildsupport/nexus-buildsupport-shiro/2.9.1-02/nexus-buildsupport-shiro-2.9.1-02.pom (4 KB at 51.5 KB/sec)
[INFO] Downloading: https://repository.sonatype.org/content/groups/sonatype-public-grid/org/sonatype/nexus/buildsupport/nexus-buildsupport-bouncycastle/2.9.1-02/nexus-buildsupport-bouncycastle-2.9.1-02.pom
[INFO] Downloaded: https://repository.sonatype.org/content/groups/sonatype-public-grid/org/sonatype/nexus/buildsupport/nexus-buildsupport-bouncycastle/2.9.1-02/nexus-buildsupport-bouncycastle-2.9.1-02.pom (3 KB at 29.8 KB/sec)
[INFO] Downloading: https://repository.sonatype.org/content/groups/sonatype-public-grid/org/sonatype/nexus/buildsupport/nexus-buildsupport-jetty/2.9.1-02/nexus-buildsupport-jetty-2.9.1-02.pom
[INFO] Downloaded: https://repository.sonatype.org/content/groups/sonatype-public-grid/org/sonatype/nexus/buildsupport/nexus-buildsupport-jetty/2.9.1-02/nexus-buildsupport-jetty-2.9.1-02.pom (5 KB at 64.0 KB/sec)
[INFO] Downloading: https://repository.sonatype.org/content/groups/sonatype-public-grid/org/sonatype/nexus/buildsupport/nexus-buildsupport-goodies/2.9.1-02/nexus-buildsupport-goodies-2.9.1-02.pom
[INFO] Downloaded: https://repository.sonatype.org/content/groups/sonatype-public-grid/org/sonatype/nexus/buildsupport/nexus-buildsupport-goodies/2.9.1-02/nexus-buildsupport-goodies-2.9.1-02.pom (4 KB at 49.1 KB/sec)
[INFO] Downloading: https://repository.sonatype.org/content/groups/sonatype-public-grid/org/sonatype/nexus/buildsupport/nexus-buildsupport-groovy/2.9.1-02/nexus-buildsupport-groovy-2.9.1-02.pom
[INFO] Downloaded: https://repository.sonatype.org/content/groups/sonatype-public-grid/org/sonatype/nexus/buildsupport/nexus-buildsupport-groovy/2.9.1-02/nexus-buildsupport-groovy-2.9.1-02.pom (3 KB at 38.6 KB/sec)
[INFO] Downloading: https://repository.sonatype.org/content/groups/sonatype-public-grid/org/sonatype/nexus/buildsupport/nexus-buildsupport-guice/2.9.1-02/nexus-buildsupport-guice-2.9.1-02.pom
[INFO] Downloaded: https://repository.sonatype.org/content/groups/sonatype-public-grid/org/sonatype/nexus/buildsupport/nexus-buildsupport-guice/2.9.1-02/nexus-buildsupport-guice-2.9.1-02.pom (4 KB at 54.8 KB/sec)
[INFO] Downloading: https://repository.sonatype.org/content/groups/sonatype-public-grid/org/sonatype/nexus/buildsupport/nexus-buildsupport-logging/2.9.1-02/nexus-buildsupport-logging-2.9.1-02.pom
[INFO] Downloaded: https://repository.sonatype.org/content/groups/sonatype-public-grid/org/sonatype/nexus/buildsupport/nexus-buildsupport-logging/2.9.1-02/nexus-buildsupport-logging-2.9.1-02.pom (4 KB at 47.3 KB/sec)
[INFO] Downloading: https://repository.sonatype.org/content/groups/sonatype-public-grid/org/sonatype/nexus/buildsupport/nexus-buildsupport-osgi/2.9.1-02/nexus-buildsupport-osgi-2.9.1-02.pom
[INFO] Downloaded: https://repository.sonatype.org/content/groups/sonatype-public-grid/org/sonatype/nexus/buildsupport/nexus-buildsupport-osgi/2.9.1-02/nexus-buildsupport-osgi-2.9.1-02.pom (2 KB at 30.6 KB/sec)
[INFO] Downloading: https://repository.sonatype.org/content/groups/sonatype-public-grid/org/sonatype/nexus/buildsupport/nexus-buildsupport-other/2.9.1-02/nexus-buildsupport-other-2.9.1-02.pom
[INFO] Downloaded: https://repository.sonatype.org/content/groups/sonatype-public-grid/org/sonatype/nexus/buildsupport/nexus-buildsupport-other/2.9.1-02/nexus-buildsupport-other-2.9.1-02.pom (5 KB at 61.6 KB/sec)
[INFO] Downloading: https://repository.sonatype.org/content/groups/sonatype-public-grid/org/sonatype/nexus/buildsupport/nexus-buildsupport-plexus/2.9.1-02/nexus-buildsupport-plexus-2.9.1-02.pom
[INFO] Downloaded: https://repository.sonatype.org/content/groups/sonatype-public-grid/org/sonatype/nexus/buildsupport/nexus-buildsupport-plexus/2.9.1-02/nexus-buildsupport-plexus-2.9.1-02.pom (5 KB at 60.1 KB/sec)
[INFO] Downloading: https://repository.sonatype.org/content/groups/sonatype-public-grid/org/sonatype/nexus/buildsupport/nexus-buildsupport-rest/2.9.1-02/nexus-buildsupport-rest-2.9.1-02.pom
[INFO] Downloaded: https://repository.sonatype.org/content/groups/sonatype-public-grid/org/sonatype/nexus/buildsupport/nexus-buildsupport-rest/2.9.1-02/nexus-buildsupport-rest-2.9.1-02.pom (5 KB at 45.8 KB/sec)
[INFO] Downloading: https://repository.sonatype.org/content/groups/sonatype-public-grid/org/sonatype/nexus/buildsupport/nexus-buildsupport-testing/2.9.1-02/nexus-buildsupport-testing-2.9.1-02.pom
[INFO] Downloaded: https://repository.sonatype.org/content/groups/sonatype-public-grid/org/sonatype/nexus/buildsupport/nexus-buildsupport-testing/2.9.1-02/nexus-buildsupport-testing-2.9.1-02.pom (5 KB at 70.6 KB/sec)
[INFO] Downloading: https://repository.sonatype.org/content/groups/sonatype-public-grid/org/sonatype/nexus/buildsupport/nexus-buildsupport-metrics/2.9.1-02/nexus-buildsupport-metrics-2.9.1-02.pom
[INFO] Downloaded: https://repository.sonatype.org/content/groups/sonatype-public-grid/org/sonatype/nexus/buildsupport/nexus-buildsupport-metrics/2.9.1-02/nexus-buildsupport-metrics-2.9.1-02.pom (3 KB at 44.0 KB/sec)
[INFO] Downloading: https://repo.maven.apache.org/maven2/org/sonatype/nexus/plugins/nexus-restlet1x-model/2.9.1-02/nexus-restlet1x-model-2.9.1-02.pom
[INFO] Downloaded: https://repo.maven.apache.org/maven2/org/sonatype/nexus/plugins/nexus-restlet1x-model/2.9.1-02/nexus-restlet1x-model-2.9.1-02.pom (4 KB at 79.9 KB/sec)
[INFO] Downloading: https://repo.maven.apache.org/maven2/org/sonatype/nexus/plugins/nexus-plugins-restlet1x/2.9.1-02/nexus-plugins-restlet1x-2.9.1-02.pom
[INFO] Downloaded: https://repo.maven.apache.org/maven2/org/sonatype/nexus/plugins/nexus-plugins-restlet1x/2.9.1-02/nexus-plugins-restlet1x-2.9.1-02.pom (6 KB at 136.2 KB/sec)
[INFO] Downloading: https://repo.maven.apache.org/maven2/org/sonatype/nexus/plugins/nexus-plugins/2.9.1-02/nexus-plugins-2.9.1-02.pom
[INFO] Downloaded: https://repo.maven.apache.org/maven2/org/sonatype/nexus/plugins/nexus-plugins/2.9.1-02/nexus-plugins-2.9.1-02.pom (27 KB at 557.1 KB/sec)
[INFO] Downloading: https://repo.maven.apache.org/maven2/org/apache/maven/maven-model/3.0.4/maven-model-3.0.4.pom
[INFO] Downloaded: https://repo.maven.apache.org/maven2/org/apache/maven/maven-model/3.0.4/maven-model-3.0.4.pom (4 KB at 84.4 KB/sec)
[INFO] Downloading: https://repo.maven.apache.org/maven2/org/apache/maven/maven/3.0.4/maven-3.0.4.pom
[INFO] Downloaded: https://repo.maven.apache.org/maven2/org/apache/maven/maven/3.0.4/maven-3.0.4.pom (22 KB at 453.5 KB/sec)
[INFO] Downloading: https://repo.maven.apache.org/maven2/org/apache/maven/maven-parent/21/maven-parent-21.pom
[INFO] Downloaded: https://repo.maven.apache.org/maven2/org/apache/maven/maven-parent/21/maven-parent-21.pom (26 KB at 585.0 KB/sec)
[INFO] Downloading: https://repo.maven.apache.org/maven2/org/apache/apache/10/apache-10.pom
[INFO] Downloaded: https://repo.maven.apache.org/maven2/org/apache/apache/10/apache-10.pom (15 KB at 352.5 KB/sec)
[INFO] Downloading: https://repo.maven.apache.org/maven2/org/slf4j/slf4j-api/1.7.7/slf4j-api-1.7.7.pom
[INFO] Downloaded: https://repo.maven.apache.org/maven2/org/slf4j/slf4j-api/1.7.7/slf4j-api-1.7.7.pom (3 KB at 59.7 KB/sec)
[INFO] Downloading: https://repo.maven.apache.org/maven2/org/slf4j/slf4j-parent/1.7.7/slf4j-parent-1.7.7.pom
[INFO] Downloaded: https://repo.maven.apache.org/maven2/org/slf4j/slf4j-parent/1.7.7/slf4j-parent-1.7.7.pom (12 KB at 290.7 KB/sec)
[INFO] Downloading: https://repo.maven.apache.org/maven2/com/google/code/findbugs/jsr305/2.0.1/jsr305-2.0.1.pom
[INFO] Downloaded: https://repo.maven.apache.org/maven2/com/google/code/findbugs/jsr305/2.0.1/jsr305-2.0.1.pom (965 B at 23.6 KB/sec)
[INFO] Downloading: https://repo.maven.apache.org/maven2/com/intellij/annotations/9.0.4/annotations-9.0.4.pom
[INFO] Downloaded: https://repo.maven.apache.org/maven2/com/intellij/annotations/9.0.4/annotations-9.0.4.pom (2 KB at 19.6 KB/sec)
[INFO] Downloading: https://repo.maven.apache.org/maven2/commons-io/commons-io/2.4/commons-io-2.4.pom
[INFO] Downloaded: https://repo.maven.apache.org/maven2/commons-io/commons-io/2.4/commons-io-2.4.pom (10 KB at 215.8 KB/sec)
[INFO] Downloading: https://repo.maven.apache.org/maven2/org/apache/commons/commons-parent/25/commons-parent-25.pom
[INFO] Downloaded: https://repo.maven.apache.org/maven2/org/apache/commons/commons-parent/25/commons-parent-25.pom (48 KB at 813.3 KB/sec)
[INFO] Downloading: https://repo.maven.apache.org/maven2/org/apache/apache/9/apache-9.pom
[INFO] Downloaded: https://repo.maven.apache.org/maven2/org/apache/apache/9/apache-9.pom (15 KB at 352.5 KB/sec)
[INFO] Downloading: https://repo.maven.apache.org/maven2/com/thoughtworks/xstream/xstream/1.4.7/xstream-1.4.7.pom
[INFO] Downloaded: https://repo.maven.apache.org/maven2/com/thoughtworks/xstream/xstream/1.4.7/xstream-1.4.7.pom (11 KB at 243.8 KB/sec)
[INFO] Downloading: https://repo.maven.apache.org/maven2/com/thoughtworks/xstream/xstream-parent/1.4.7/xstream-parent-1.4.7.pom
[INFO] Downloaded: https://repo.maven.apache.org/maven2/com/thoughtworks/xstream/xstream-parent/1.4.7/xstream-parent-1.4.7.pom (26 KB at 557.3 KB/sec)
[INFO] Downloading: https://repo.maven.apache.org/maven2/org/codehaus/codehaus-parent/3/codehaus-parent-3.pom
[INFO] Downloaded: https://repo.maven.apache.org/maven2/org/codehaus/codehaus-parent/3/codehaus-parent-3.pom (5 KB at 100.3 KB/sec)
[INFO] Downloading: https://repo.maven.apache.org/maven2/xmlpull/xmlpull/1.1.3.1/xmlpull-1.1.3.1.pom
[INFO] Downloaded: https://repo.maven.apache.org/maven2/xmlpull/xmlpull/1.1.3.1/xmlpull-1.1.3.1.pom (386 B at 9.2 KB/sec)
[INFO] Downloading: https://repo.maven.apache.org/maven2/xpp3/xpp3_min/1.1.4c/xpp3_min-1.1.4c.pom
[INFO] Downloaded: https://repo.maven.apache.org/maven2/xpp3/xpp3_min/1.1.4c/xpp3_min-1.1.4c.pom (2 KB at 36.6 KB/sec)
[INFO] Downloading: https://repo.maven.apache.org/maven2/joda-time/joda-time/2.2/joda-time-2.2.pom
[INFO] Downloaded: https://repo.maven.apache.org/maven2/joda-time/joda-time/2.2/joda-time-2.2.pom (16 KB at 367.2 KB/sec)
[INFO] Downloading: https://repo.maven.apache.org/maven2/commons-lang/commons-lang/2.6/commons-lang-2.6.pom
[INFO] Downloaded: https://repo.maven.apache.org/maven2/commons-lang/commons-lang/2.6/commons-lang-2.6.pom (18 KB at 363.5 KB/sec)
[INFO] Downloading: https://repo.maven.apache.org/maven2/org/apache/commons/commons-parent/17/commons-parent-17.pom
[INFO] Downloaded: https://repo.maven.apache.org/maven2/org/apache/commons/commons-parent/17/commons-parent-17.pom (31 KB at 662.0 KB/sec)
[INFO] Downloading: https://repo.maven.apache.org/maven2/org/apache/apache/7/apache-7.pom
[INFO] Downloaded: https://repo.maven.apache.org/maven2/org/apache/apache/7/apache-7.pom (15 KB at 313.2 KB/sec)
[INFO] Downloading: https://repo.maven.apache.org/maven2/commons-beanutils/commons-beanutils-core/1.8.3/commons-beanutils-core-1.8.3.pom
[INFO] Downloaded: https://repo.maven.apache.org/maven2/commons-beanutils/commons-beanutils-core/1.8.3/commons-beanutils-core-1.8.3.pom (2 KB at 39.0 KB/sec)
[INFO] Downloading: https://repo.maven.apache.org/maven2/org/apache/apache/4/apache-4.pom
[INFO] Downloaded: https://repo.maven.apache.org/maven2/org/apache/apache/4/apache-4.pom (5 KB at 102.1 KB/sec)
[INFO] Downloading: https://repo.maven.apache.org/maven2/org/sonatype/sisu/siesta/siesta-client/1.7/siesta-client-1.7.pom
[INFO] Downloaded: https://repo.maven.apache.org/maven2/org/sonatype/sisu/siesta/siesta-client/1.7/siesta-client-1.7.pom (2 KB at 38.7 KB/sec)
[INFO] Downloading: https://repo.maven.apache.org/maven2/org/sonatype/sisu/siesta/siesta/1.7/siesta-1.7.pom
[INFO] Downloaded: https://repo.maven.apache.org/maven2/org/sonatype/sisu/siesta/siesta/1.7/siesta-1.7.pom (12 KB at 274.2 KB/sec)
[INFO] Downloading: https://repo.maven.apache.org/maven2/org/sonatype/buildsupport/public-parent/5/public-parent-5.pom
[INFO] Downloaded: https://repo.maven.apache.org/maven2/org/sonatype/buildsupport/public-parent/5/public-parent-5.pom (760 B at 18.1 KB/sec)
[INFO] Downloading: https://repo.maven.apache.org/maven2/org/sonatype/buildsupport/buildsupport/5/buildsupport-5.pom
[INFO] Downloaded: https://repo.maven.apache.org/maven2/org/sonatype/buildsupport/buildsupport/5/buildsupport-5.pom (22 KB at 486.3 KB/sec)
[INFO] Downloading: https://repo.maven.apache.org/maven2/org/sonatype/sisu/siesta/siesta-common/1.7/siesta-common-1.7.pom
[INFO] Downloaded: https://repo.maven.apache.org/maven2/org/sonatype/sisu/siesta/siesta-common/1.7/siesta-common-1.7.pom (3 KB at 47.5 KB/sec)
[INFO] Downloading: https://repo.maven.apache.org/maven2/javax/ws/rs/jsr311-api/1.1.1/jsr311-api-1.1.1.pom
[INFO] Downloaded: https://repo.maven.apache.org/maven2/javax/ws/rs/jsr311-api/1.1.1/jsr311-api-1.1.1.pom (6 KB at 127.2 KB/sec)
[INFO] Downloading: https://repo.maven.apache.org/maven2/com/sun/jersey/jersey-core/1.17.1/jersey-core-1.17.1.pom
[INFO] Downloaded: https://repo.maven.apache.org/maven2/com/sun/jersey/jersey-core/1.17.1/jersey-core-1.17.1.pom (11 KB at 236.0 KB/sec)
[INFO] Downloading: https://repo.maven.apache.org/maven2/com/sun/jersey/jersey-project/1.17.1/jersey-project-1.17.1.pom
[INFO] Downloaded: https://repo.maven.apache.org/maven2/com/sun/jersey/jersey-project/1.17.1/jersey-project-1.17.1.pom (21 KB at 445.2 KB/sec)
[INFO] Downloading: https://repo.maven.apache.org/maven2/net/java/jvnet-parent/1/jvnet-parent-1.pom
[INFO] Downloaded: https://repo.maven.apache.org/maven2/net/java/jvnet-parent/1/jvnet-parent-1.pom (5 KB at 104.6 KB/sec)
[INFO] Downloading: https://repo.maven.apache.org/maven2/javax/validation/validation-api/1.1.0.Final/validation-api-1.1.0.Final.pom
[INFO] Downloaded: https://repo.maven.apache.org/maven2/javax/validation/validation-api/1.1.0.Final/validation-api-1.1.0.Final.pom (8 KB at 166.9 KB/sec)
[INFO] Downloading: https://repo.maven.apache.org/maven2/com/sun/jersey/jersey-client/1.17.1/jersey-client-1.17.1.pom
[INFO] Downloaded: https://repo.maven.apache.org/maven2/com/sun/jersey/jersey-client/1.17.1/jersey-client-1.17.1.pom (7 KB at 159.3 KB/sec)
[INFO] Downloading: https://repo.maven.apache.org/maven2/com/sun/jersey/contribs/jersey-apache-client4/1.17.1/jersey-apache-client4-1.17.1.pom
[INFO] Downloaded: https://repo.maven.apache.org/maven2/com/sun/jersey/contribs/jersey-apache-client4/1.17.1/jersey-apache-client4-1.17.1.pom (7 KB at 141.1 KB/sec)
[INFO] Downloading: https://repo.maven.apache.org/maven2/com/sun/jersey/contribs/jersey-contribs/1.17.1/jersey-contribs-1.17.1.pom
[INFO] Downloaded: https://repo.maven.apache.org/maven2/com/sun/jersey/contribs/jersey-contribs/1.17.1/jersey-contribs-1.17.1.pom (4 KB at 85.0 KB/sec)
[INFO] Downloading: https://repo.maven.apache.org/maven2/org/apache/httpcomponents/httpclient/4.3.5/httpclient-4.3.5.pom
[INFO] Downloaded: https://repo.maven.apache.org/maven2/org/apache/httpcomponents/httpclient/4.3.5/httpclient-4.3.5.pom (6 KB at 108.2 KB/sec)
[INFO] Downloading: https://repo.maven.apache.org/maven2/org/apache/httpcomponents/httpcomponents-client/4.3.5/httpcomponents-client-4.3.5.pom
[INFO] Downloaded: https://repo.maven.apache.org/maven2/org/apache/httpcomponents/httpcomponents-client/4.3.5/httpcomponents-client-4.3.5.pom (16 KB at 333.9 KB/sec)
[INFO] Downloading: https://repo.maven.apache.org/maven2/org/apache/httpcomponents/project/7/project-7.pom
[INFO] Downloaded: https://repo.maven.apache.org/maven2/org/apache/httpcomponents/project/7/project-7.pom (27 KB at 591.2 KB/sec)
[INFO] Downloading: https://repo.maven.apache.org/maven2/org/apache/apache/13/apache-13.pom
[INFO] Downloaded: https://repo.maven.apache.org/maven2/org/apache/apache/13/apache-13.pom (14 KB at 317.4 KB/sec)
[INFO] Downloading: https://repo.maven.apache.org/maven2/org/apache/httpcomponents/httpcore/4.3.2/httpcore-4.3.2.pom
[INFO] Downloaded: https://repo.maven.apache.org/maven2/org/apache/httpcomponents/httpcore/4.3.2/httpcore-4.3.2.pom (5 KB at 104.4 KB/sec)
[INFO] Downloading: https://repo.maven.apache.org/maven2/org/apache/httpcomponents/httpcomponents-core/4.3.2/httpcomponents-core-4.3.2.pom
[INFO] Downloaded: https://repo.maven.apache.org/maven2/org/apache/httpcomponents/httpcomponents-core/4.3.2/httpcomponents-core-4.3.2.pom (12 KB at 276.0 KB/sec)
[INFO] Downloading: https://repo.maven.apache.org/maven2/commons-codec/commons-codec/1.6/commons-codec-1.6.pom
[INFO] Downloaded: https://repo.maven.apache.org/maven2/commons-codec/commons-codec/1.6/commons-codec-1.6.pom (11 KB at 253.4 KB/sec)
[INFO] Downloading: https://repo.maven.apache.org/maven2/org/apache/commons/commons-parent/22/commons-parent-22.pom
[INFO] Downloaded: https://repo.maven.apache.org/maven2/org/apache/commons/commons-parent/22/commons-parent-22.pom (41 KB at 693.8 KB/sec)
[INFO] Downloading: https://repo.maven.apache.org/maven2/org/slf4j/jcl-over-slf4j/1.7.7/jcl-over-slf4j-1.7.7.pom
[INFO] Downloaded: https://repo.maven.apache.org/maven2/org/slf4j/jcl-over-slf4j/1.7.7/jcl-over-slf4j-1.7.7.pom (2 KB at 44.2 KB/sec)
[INFO] Downloading: https://repo.maven.apache.org/maven2/org/sonatype/sisu/siesta/siesta-jackson/1.7/siesta-jackson-1.7.pom
[INFO] Downloaded: https://repo.maven.apache.org/maven2/org/sonatype/sisu/siesta/siesta-jackson/1.7/siesta-jackson-1.7.pom (3 KB at 37.2 KB/sec)
[INFO] Downloading: https://repo.maven.apache.org/maven2/com/fasterxml/jackson/core/jackson-annotations/2.3.1/jackson-annotations-2.3.1.pom
[INFO] Downloaded: https://repo.maven.apache.org/maven2/com/fasterxml/jackson/core/jackson-annotations/2.3.1/jackson-annotations-2.3.1.pom (2 KB at 39.7 KB/sec)
[INFO] Downloading: https://repo.maven.apache.org/maven2/com/fasterxml/oss-parent/11/oss-parent-11.pom
[INFO] Downloaded: https://repo.maven.apache.org/maven2/com/fasterxml/oss-parent/11/oss-parent-11.pom (23 KB at 552.2 KB/sec)
[INFO] Downloading: https://repo.maven.apache.org/maven2/com/fasterxml/jackson/core/jackson-core/2.3.1/jackson-core-2.3.1.pom
[INFO] Downloaded: https://repo.maven.apache.org/maven2/com/fasterxml/jackson/core/jackson-core/2.3.1/jackson-core-2.3.1.pom (6 KB at 145.6 KB/sec)
[INFO] Downloading: https://repo.maven.apache.org/maven2/com/fasterxml/oss-parent/12/oss-parent-12.pom
[INFO] Downloaded: https://repo.maven.apache.org/maven2/com/fasterxml/oss-parent/12/oss-parent-12.pom (23 KB at 518.2 KB/sec)
[INFO] Downloading: https://repo.maven.apache.org/maven2/com/fasterxml/jackson/core/jackson-databind/2.3.1/jackson-databind-2.3.1.pom
[INFO] Downloaded: https://repo.maven.apache.org/maven2/com/fasterxml/jackson/core/jackson-databind/2.3.1/jackson-databind-2.3.1.pom (6 KB at 148.4 KB/sec)
[INFO] Downloading: https://repo.maven.apache.org/maven2/com/fasterxml/jackson/core/jackson-annotations/2.3.0/jackson-annotations-2.3.0.pom
[INFO] Downloaded: https://repo.maven.apache.org/maven2/com/fasterxml/jackson/core/jackson-annotations/2.3.0/jackson-annotations-2.3.0.pom (2 KB at 33.1 KB/sec)
[INFO] Downloading: https://repo.maven.apache.org/maven2/com/fasterxml/jackson/jaxrs/jackson-jaxrs-json-provider/2.3.1/jackson-jaxrs-json-provider-2.3.1.pom
[INFO] Downloaded: https://repo.maven.apache.org/maven2/com/fasterxml/jackson/jaxrs/jackson-jaxrs-json-provider/2.3.1/jackson-jaxrs-json-provider-2.3.1.pom (4 KB at 76.8 KB/sec)
[INFO] Downloading: https://repo.maven.apache.org/maven2/com/fasterxml/jackson/jaxrs/jackson-jaxrs-providers/2.3.1/jackson-jaxrs-providers-2.3.1.pom
[INFO] Downloaded: https://repo.maven.apache.org/maven2/com/fasterxml/jackson/jaxrs/jackson-jaxrs-providers/2.3.1/jackson-jaxrs-providers-2.3.1.pom (4 KB at 91.6 KB/sec)
[INFO] Downloading: https://repo.maven.apache.org/maven2/com/fasterxml/jackson/jaxrs/jackson-jaxrs-base/2.3.1/jackson-jaxrs-base-2.3.1.pom
[INFO] Downloaded: https://repo.maven.apache.org/maven2/com/fasterxml/jackson/jaxrs/jackson-jaxrs-base/2.3.1/jackson-jaxrs-base-2.3.1.pom (2 KB at 42.8 KB/sec)
[INFO] Downloading: https://repo.maven.apache.org/maven2/com/fasterxml/jackson/module/jackson-module-jaxb-annotations/2.3.1/jackson-module-jaxb-annotations-2.3.1.pom
[INFO] Downloaded: https://repo.maven.apache.org/maven2/com/fasterxml/jackson/module/jackson-module-jaxb-annotations/2.3.1/jackson-module-jaxb-annotations-2.3.1.pom (5 KB at 110.0 KB/sec)
[INFO] Downloading: https://repo.maven.apache.org/maven2/javax/inject/javax.inject/1/javax.inject-1.pom
[INFO] Downloaded: https://repo.maven.apache.org/maven2/javax/inject/javax.inject/1/javax.inject-1.pom (612 B at 13.9 KB/sec)
[INFO] Downloading: https://repo.maven.apache.org/maven2/org/sonatype/spice/zapper/spice-zapper/1.3/spice-zapper-1.3.pom
[INFO] Downloaded: https://repo.maven.apache.org/maven2/org/sonatype/spice/zapper/spice-zapper/1.3/spice-zapper-1.3.pom (5 KB at 112.2 KB/sec)
[INFO] Downloading: https://repo.maven.apache.org/maven2/org/fusesource/hawtbuf/hawtbuf-proto/1.9/hawtbuf-proto-1.9.pom
[INFO] Downloaded: https://repo.maven.apache.org/maven2/org/fusesource/hawtbuf/hawtbuf-proto/1.9/hawtbuf-proto-1.9.pom (5 KB at 96.7 KB/sec)
[INFO] Downloading: https://repo.maven.apache.org/maven2/org/fusesource/hawtbuf/hawtbuf-project/1.9/hawtbuf-project-1.9.pom
[INFO] Downloaded: https://repo.maven.apache.org/maven2/org/fusesource/hawtbuf/hawtbuf-project/1.9/hawtbuf-project-1.9.pom (11 KB at 254.9 KB/sec)
[INFO] Downloading: https://repo.maven.apache.org/maven2/org/fusesource/fusesource-pom/1.9/fusesource-pom-1.9.pom
[INFO] Downloaded: https://repo.maven.apache.org/maven2/org/fusesource/fusesource-pom/1.9/fusesource-pom-1.9.pom (15 KB at 370.4 KB/sec)
[INFO] Downloading: https://repo.maven.apache.org/maven2/org/fusesource/hawtbuf/hawtbuf/1.9/hawtbuf-1.9.pom
[INFO] Downloaded: https://repo.maven.apache.org/maven2/org/fusesource/hawtbuf/hawtbuf/1.9/hawtbuf-1.9.pom (3 KB at 60.3 KB/sec)
[INFO] Downloading: https://repo.maven.apache.org/maven2/org/codehaus/plexus/plexus-utils/3.0.8/plexus-utils-3.0.8.pom
[INFO] Downloaded: https://repo.maven.apache.org/maven2/org/codehaus/plexus/plexus-utils/3.0.8/plexus-utils-3.0.8.pom (4 KB at 74.8 KB/sec)
[INFO] Downloading: https://repo.maven.apache.org/maven2/org/codehaus/plexus/plexus/3.2/plexus-3.2.pom
[INFO] Downloaded: https://repo.maven.apache.org/maven2/org/codehaus/plexus/plexus/3.2/plexus-3.2.pom (19 KB at 446.5 KB/sec)
[INFO] Downloading: https://repo.maven.apache.org/maven2/org/sonatype/spice/spice-parent/17/spice-parent-17.pom
[INFO] Downloaded: https://repo.maven.apache.org/maven2/org/sonatype/spice/spice-parent/17/spice-parent-17.pom (7 KB at 161.0 KB/sec)
[INFO] Downloading: https://repo.maven.apache.org/maven2/org/sonatype/forge/forge-parent/10/forge-parent-10.pom
[INFO] Downloaded: https://repo.maven.apache.org/maven2/org/sonatype/forge/forge-parent/10/forge-parent-10.pom (14 KB at 315.3 KB/sec)
[INFO] Downloading: https://repo.maven.apache.org/maven2/org/codehaus/plexus/plexus-interpolation/1.15/plexus-interpolation-1.15.pom
[INFO] Downloaded: https://repo.maven.apache.org/maven2/org/codehaus/plexus/plexus-interpolation/1.15/plexus-interpolation-1.15.pom (1018 B at 23.7 KB/sec)
[INFO] Downloading: https://repo.maven.apache.org/maven2/org/codehaus/plexus/plexus/3.0.1/plexus-3.0.1.pom
[INFO] Downloaded: https://repo.maven.apache.org/maven2/org/codehaus/plexus/plexus/3.0.1/plexus-3.0.1.pom (19 KB at 422.7 KB/sec)
[INFO] Downloading: https://repo.maven.apache.org/maven2/org/sonatype/aether/aether-api/1.13.1/aether-api-1.13.1.pom
[INFO] Downloaded: https://repo.maven.apache.org/maven2/org/sonatype/aether/aether-api/1.13.1/aether-api-1.13.1.pom (2 KB at 36.6 KB/sec)
[INFO] Downloading: https://repo.maven.apache.org/maven2/org/sonatype/aether/aether/1.13.1/aether-1.13.1.pom
[INFO] Downloaded: https://repo.maven.apache.org/maven2/org/sonatype/aether/aether/1.13.1/aether-1.13.1.pom (10 KB at 260.4 KB/sec)
[INFO] Downloading: https://repo.maven.apache.org/maven2/ch/qos/logback/logback-core/1.1.2/logback-core-1.1.2.pom
[INFO] Downloaded: https://repo.maven.apache.org/maven2/ch/qos/logback/logback-core/1.1.2/logback-core-1.1.2.pom (5 KB at 122.4 KB/sec)
[INFO] Downloading: https://repo.maven.apache.org/maven2/ch/qos/logback/logback-parent/1.1.2/logback-parent-1.1.2.pom
[INFO] Downloaded: https://repo.maven.apache.org/maven2/ch/qos/logback/logback-parent/1.1.2/logback-parent-1.1.2.pom (15 KB at 338.4 KB/sec)
[INFO] Downloading: https://repo.maven.apache.org/maven2/ch/qos/logback/logback-classic/1.1.2/logback-classic-1.1.2.pom
[INFO] Downloaded: https://repo.maven.apache.org/maven2/ch/qos/logback/logback-classic/1.1.2/logback-classic-1.1.2.pom (12 KB at 297.2 KB/sec)
[INFO] Downloading: https://repo.maven.apache.org/maven2/org/sonatype/plugins/nexus-staging-maven-plugin/1.6.5/nexus-staging-maven-plugin-1.6.5.jar
[INFO] Downloading: https://repo.maven.apache.org/maven2/org/sonatype/nexus/maven/nexus-common/1.6.5/nexus-common-1.6.5.jar
[INFO] Downloading: https://repo.maven.apache.org/maven2/org/sonatype/plexus/plexus-sec-dispatcher/1.4/plexus-sec-dispatcher-1.4.jar
[INFO] Downloading: https://repo.maven.apache.org/maven2/org/sonatype/plexus/plexus-cipher/1.7/plexus-cipher-1.7.jar
[INFO] Downloading: https://repo.maven.apache.org/maven2/com/google/guava/guava/14.0.1/guava-14.0.1.jar
[INFO] Downloaded: https://repo.maven.apache.org/maven2/org/sonatype/plexus/plexus-cipher/1.7/plexus-cipher-1.7.jar (14 KB at 283.4 KB/sec)
[INFO] Downloading: https://repo.maven.apache.org/maven2/org/sonatype/nexus/nexus-client-core/2.9.1-02/nexus-client-core-2.9.1-02.jar
[INFO] Downloaded: https://repo.maven.apache.org/maven2/org/sonatype/plexus/plexus-sec-dispatcher/1.4/plexus-sec-dispatcher-1.4.jar (28 KB at 225.4 KB/sec)
[INFO] Downloading: https://repo.maven.apache.org/maven2/org/sonatype/nexus/plugins/nexus-restlet1x-model/2.9.1-02/nexus-restlet1x-model-2.9.1-02.jar
[INFO] Downloaded: https://repo.maven.apache.org/maven2/org/sonatype/nexus/nexus-client-core/2.9.1-02/nexus-client-core-2.9.1-02.jar (206 KB at 1438.8 KB/sec)
[INFO] Downloading: https://repo.maven.apache.org/maven2/org/slf4j/slf4j-api/1.7.7/slf4j-api-1.7.7.jar
[INFO] Downloaded: https://repo.maven.apache.org/maven2/org/sonatype/nexus/maven/nexus-common/1.6.5/nexus-common-1.6.5.jar (16 KB at 101.1 KB/sec)
[INFO] Downloading: https://repo.maven.apache.org/maven2/com/google/code/findbugs/jsr305/2.0.1/jsr305-2.0.1.jar
[INFO] Downloaded: https://repo.maven.apache.org/maven2/org/slf4j/slf4j-api/1.7.7/slf4j-api-1.7.7.jar (29 KB at 153.6 KB/sec)
[INFO] Downloading: https://repo.maven.apache.org/maven2/com/intellij/annotations/9.0.4/annotations-9.0.4.jar
[INFO] Downloaded: https://repo.maven.apache.org/maven2/com/google/code/findbugs/jsr305/2.0.1/jsr305-2.0.1.jar (32 KB at 153.3 KB/sec)
[INFO] Downloading: https://repo.maven.apache.org/maven2/commons-io/commons-io/2.4/commons-io-2.4.jar
[INFO] Downloaded: https://repo.maven.apache.org/maven2/org/sonatype/nexus/plugins/nexus-restlet1x-model/2.9.1-02/nexus-restlet1x-model-2.9.1-02.jar (157 KB at 728.6 KB/sec)
[INFO] Downloading: https://repo.maven.apache.org/maven2/com/thoughtworks/xstream/xstream/1.4.7/xstream-1.4.7.jar
[INFO] Downloaded: https://repo.maven.apache.org/maven2/com/intellij/annotations/9.0.4/annotations-9.0.4.jar (10 KB at 42.7 KB/sec)
[INFO] Downloading: https://repo.maven.apache.org/maven2/xmlpull/xmlpull/1.1.3.1/xmlpull-1.1.3.1.jar
[INFO] Downloaded: https://repo.maven.apache.org/maven2/org/sonatype/plugins/nexus-staging-maven-plugin/1.6.5/nexus-staging-maven-plugin-1.6.5.jar (243 KB at 1032.1 KB/sec)
[INFO] Downloading: https://repo.maven.apache.org/maven2/xpp3/xpp3_min/1.1.4c/xpp3_min-1.1.4c.jar
[INFO] Downloaded: https://repo.maven.apache.org/maven2/xmlpull/xmlpull/1.1.3.1/xmlpull-1.1.3.1.jar (8 KB at 26.6 KB/sec)
[INFO] Downloading: https://repo.maven.apache.org/maven2/joda-time/joda-time/2.2/joda-time-2.2.jar
[INFO] Downloaded: https://repo.maven.apache.org/maven2/commons-io/commons-io/2.4/commons-io-2.4.jar (181 KB at 657.5 KB/sec)
[INFO] Downloading: https://repo.maven.apache.org/maven2/commons-lang/commons-lang/2.6/commons-lang-2.6.jar
[INFO] Downloaded: https://repo.maven.apache.org/maven2/xpp3/xpp3_min/1.1.4c/xpp3_min-1.1.4c.jar (25 KB at 88.6 KB/sec)
[INFO] Downloading: https://repo.maven.apache.org/maven2/commons-beanutils/commons-beanutils-core/1.8.3/commons-beanutils-core-1.8.3.jar
[INFO] Downloaded: https://repo.maven.apache.org/maven2/commons-beanutils/commons-beanutils-core/1.8.3/commons-beanutils-core-1.8.3.jar (202 KB at 580.1 KB/sec)
[INFO] Downloading: https://repo.maven.apache.org/maven2/org/sonatype/sisu/siesta/siesta-client/1.7/siesta-client-1.7.jar
[INFO] Downloaded: https://repo.maven.apache.org/maven2/com/thoughtworks/xstream/xstream/1.4.7/xstream-1.4.7.jar (520 KB at 1474.8 KB/sec)
[INFO] Downloading: https://repo.maven.apache.org/maven2/org/sonatype/sisu/siesta/siesta-common/1.7/siesta-common-1.7.jar
[INFO] Downloaded: https://repo.maven.apache.org/maven2/commons-lang/commons-lang/2.6/commons-lang-2.6.jar (278 KB at 775.3 KB/sec)
[INFO] Downloading: https://repo.maven.apache.org/maven2/javax/ws/rs/jsr311-api/1.1.1/jsr311-api-1.1.1.jar
[INFO] Downloaded: https://repo.maven.apache.org/maven2/com/google/guava/guava/14.0.1/guava-14.0.1.jar (2138 KB at 5841.0 KB/sec)
[INFO] Downloading: https://repo.maven.apache.org/maven2/com/sun/jersey/jersey-core/1.17.1/jersey-core-1.17.1.jar
[INFO] Downloaded: https://repo.maven.apache.org/maven2/org/sonatype/sisu/siesta/siesta-client/1.7/siesta-client-1.7.jar (20 KB at 50.3 KB/sec)
[INFO] Downloading: https://repo.maven.apache.org/maven2/javax/validation/validation-api/1.1.0.Final/validation-api-1.1.0.Final.jar
[INFO] Downloaded: https://repo.maven.apache.org/maven2/org/sonatype/sisu/siesta/siesta-common/1.7/siesta-common-1.7.jar (11 KB at 26.4 KB/sec)
[INFO] Downloading: https://repo.maven.apache.org/maven2/com/sun/jersey/jersey-client/1.17.1/jersey-client-1.17.1.jar
[INFO] Downloaded: https://repo.maven.apache.org/maven2/com/sun/jersey/jersey-core/1.17.1/jersey-core-1.17.1.jar (457 KB at 1073.2 KB/sec)
[INFO] Downloading: https://repo.maven.apache.org/maven2/com/sun/jersey/contribs/jersey-apache-client4/1.17.1/jersey-apache-client4-1.17.1.jar
[INFO] Downloaded: https://repo.maven.apache.org/maven2/javax/ws/rs/jsr311-api/1.1.1/jsr311-api-1.1.1.jar (46 KB at 106.3 KB/sec)
[INFO] Downloading: https://repo.maven.apache.org/maven2/org/sonatype/sisu/siesta/siesta-jackson/1.7/siesta-jackson-1.7.jar
[INFO] Downloaded: https://repo.maven.apache.org/maven2/javax/validation/validation-api/1.1.0.Final/validation-api-1.1.0.Final.jar (63 KB at 144.8 KB/sec)
[INFO] Downloading: https://repo.maven.apache.org/maven2/com/fasterxml/jackson/core/jackson-annotations/2.3.1/jackson-annotations-2.3.1.jar
[INFO] Downloaded: https://repo.maven.apache.org/maven2/joda-time/joda-time/2.2/joda-time-2.2.jar (561 KB at 1285.5 KB/sec)
[INFO] Downloading: https://repo.maven.apache.org/maven2/com/fasterxml/jackson/core/jackson-core/2.3.1/jackson-core-2.3.1.jar
[INFO] Downloaded: https://repo.maven.apache.org/maven2/com/sun/jersey/jersey-client/1.17.1/jersey-client-1.17.1.jar (128 KB at 287.3 KB/sec)
[INFO] Downloading: https://repo.maven.apache.org/maven2/com/fasterxml/jackson/core/jackson-databind/2.3.1/jackson-databind-2.3.1.jar
[INFO] Downloaded: https://repo.maven.apache.org/maven2/com/sun/jersey/contribs/jersey-apache-client4/1.17.1/jersey-apache-client4-1.17.1.jar (16 KB at 33.3 KB/sec)
[INFO] Downloading: https://repo.maven.apache.org/maven2/com/fasterxml/jackson/jaxrs/jackson-jaxrs-json-provider/2.3.1/jackson-jaxrs-json-provider-2.3.1.jar
[INFO] Downloaded: https://repo.maven.apache.org/maven2/org/sonatype/sisu/siesta/siesta-jackson/1.7/siesta-jackson-1.7.jar (7 KB at 13.2 KB/sec)
[INFO] Downloading: https://repo.maven.apache.org/maven2/com/fasterxml/jackson/jaxrs/jackson-jaxrs-base/2.3.1/jackson-jaxrs-base-2.3.1.jar
[INFO] Downloaded: https://repo.maven.apache.org/maven2/com/fasterxml/jackson/core/jackson-annotations/2.3.1/jackson-annotations-2.3.1.jar (36 KB at 75.9 KB/sec)
[INFO] Downloading: https://repo.maven.apache.org/maven2/com/fasterxml/jackson/module/jackson-module-jaxb-annotations/2.3.1/jackson-module-jaxb-annotations-2.3.1.jar
[INFO] Downloaded: https://repo.maven.apache.org/maven2/com/fasterxml/jackson/core/jackson-core/2.3.1/jackson-core-2.3.1.jar (194 KB at 395.4 KB/sec)
[INFO] Downloading: https://repo.maven.apache.org/maven2/org/apache/httpcomponents/httpclient/4.3.5/httpclient-4.3.5.jar
[INFO] Downloaded: https://repo.maven.apache.org/maven2/com/fasterxml/jackson/jaxrs/jackson-jaxrs-json-provider/2.3.1/jackson-jaxrs-json-provider-2.3.1.jar (17 KB at 31.7 KB/sec)
[INFO] Downloading: https://repo.maven.apache.org/maven2/commons-codec/commons-codec/1.6/commons-codec-1.6.jar
[INFO] Downloaded: https://repo.maven.apache.org/maven2/com/fasterxml/jackson/module/jackson-module-jaxb-annotations/2.3.1/jackson-module-jaxb-annotations-2.3.1.jar (31 KB at 60.5 KB/sec)
[INFO] Downloading: https://repo.maven.apache.org/maven2/org/apache/httpcomponents/httpcore/4.3.2/httpcore-4.3.2.jar
[INFO] Downloaded: https://repo.maven.apache.org/maven2/com/fasterxml/jackson/jaxrs/jackson-jaxrs-base/2.3.1/jackson-jaxrs-base-2.3.1.jar (27 KB at 52.6 KB/sec)
[INFO] Downloading: https://repo.maven.apache.org/maven2/org/slf4j/jcl-over-slf4j/1.7.7/jcl-over-slf4j-1.7.7.jar
[INFO] Downloaded: https://repo.maven.apache.org/maven2/org/slf4j/jcl-over-slf4j/1.7.7/jcl-over-slf4j-1.7.7.jar (17 KB at 29.3 KB/sec)
[INFO] Downloading: https://repo.maven.apache.org/maven2/javax/inject/javax.inject/1/javax.inject-1.jar
[INFO] Downloaded: https://repo.maven.apache.org/maven2/com/fasterxml/jackson/core/jackson-databind/2.3.1/jackson-databind-2.3.1.jar (893 KB at 1617.5 KB/sec)
[INFO] Downloading: https://repo.maven.apache.org/maven2/org/sonatype/spice/zapper/spice-zapper/1.3/spice-zapper-1.3.jar
[INFO] Downloaded: https://repo.maven.apache.org/maven2/org/apache/httpcomponents/httpclient/4.3.5/httpclient-4.3.5.jar (577 KB at 1037.2 KB/sec)
[INFO] Downloading: https://repo.maven.apache.org/maven2/org/fusesource/hawtbuf/hawtbuf-proto/1.9/hawtbuf-proto-1.9.jar
[INFO] Downloaded: https://repo.maven.apache.org/maven2/commons-codec/commons-codec/1.6/commons-codec-1.6.jar (228 KB at 401.6 KB/sec)
[INFO] Downloading: https://repo.maven.apache.org/maven2/org/fusesource/hawtbuf/hawtbuf/1.9/hawtbuf-1.9.jar
[INFO] Downloaded: https://repo.maven.apache.org/maven2/javax/inject/javax.inject/1/javax.inject-1.jar (3 KB at 4.1 KB/sec)
[INFO] Downloading: https://repo.maven.apache.org/maven2/org/codehaus/plexus/plexus-utils/3.0.8/plexus-utils-3.0.8.jar
[INFO] Downloaded: https://repo.maven.apache.org/maven2/org/fusesource/hawtbuf/hawtbuf-proto/1.9/hawtbuf-proto-1.9.jar (27 KB at 44.7 KB/sec)
[INFO] Downloading: https://repo.maven.apache.org/maven2/org/codehaus/plexus/plexus-interpolation/1.15/plexus-interpolation-1.15.jar
[INFO] Downloaded: https://repo.maven.apache.org/maven2/org/sonatype/spice/zapper/spice-zapper/1.3/spice-zapper-1.3.jar (119 KB at 196.9 KB/sec)
[INFO] Downloading: https://repo.maven.apache.org/maven2/ch/qos/logback/logback-core/1.1.2/logback-core-1.1.2.jar
[INFO] Downloaded: https://repo.maven.apache.org/maven2/org/fusesource/hawtbuf/hawtbuf/1.9/hawtbuf-1.9.jar (49 KB at 80.8 KB/sec)
[INFO] Downloading: https://repo.maven.apache.org/maven2/ch/qos/logback/logback-classic/1.1.2/logback-classic-1.1.2.jar
[INFO] Downloaded: https://repo.maven.apache.org/maven2/org/apache/httpcomponents/httpcore/4.3.2/httpcore-4.3.2.jar (276 KB at 436.9 KB/sec)
[INFO] Downloaded: https://repo.maven.apache.org/maven2/org/codehaus/plexus/plexus-interpolation/1.15/plexus-interpolation-1.15.jar (60 KB at 92.4 KB/sec)
[INFO] Downloaded: https://repo.maven.apache.org/maven2/org/codehaus/plexus/plexus-utils/3.0.8/plexus-utils-3.0.8.jar (227 KB at 349.4 KB/sec)
[INFO] Downloaded: https://repo.maven.apache.org/maven2/ch/qos/logback/logback-core/1.1.2/logback-core-1.1.2.jar (418 KB at 631.9 KB/sec)
[INFO] Downloaded: https://repo.maven.apache.org/maven2/ch/qos/logback/logback-classic/1.1.2/logback-classic-1.1.2.jar (265 KB at 396.4 KB/sec)
[INFO] Inspecting build with total of 1 modules...
[INFO] Installing Nexus Staging features:
[INFO]   ... total of 1 executions of maven-deploy-plugin replaced with nexus-staging-maven-plugin
[INFO]                                                                         
[INFO] ------------------------------------------------------------------------
[INFO] Building rxjava-jdbc 0.5.9-SNAPSHOT
[INFO] ------------------------------------------------------------------------
[INFO] Downloading: https://repo.maven.apache.org/maven2/org/apache/maven/plugins/maven-site-plugin/3.4/maven-site-plugin-3.4.pom
[INFO] Downloaded: https://repo.maven.apache.org/maven2/org/apache/maven/plugins/maven-site-plugin/3.4/maven-site-plugin-3.4.pom (20 KB at 493.0 KB/sec)
[INFO] Downloading: https://repo.maven.apache.org/maven2/org/apache/maven/plugins/maven-plugins/25/maven-plugins-25.pom
[INFO] Downloaded: https://repo.maven.apache.org/maven2/org/apache/maven/plugins/maven-plugins/25/maven-plugins-25.pom (10 KB at 245.5 KB/sec)
[INFO] Downloading: https://repo.maven.apache.org/maven2/org/apache/maven/maven-parent/24/maven-parent-24.pom
[INFO] Downloaded: https://repo.maven.apache.org/maven2/org/apache/maven/maven-parent/24/maven-parent-24.pom (37 KB at 600.6 KB/sec)
[INFO] Downloading: https://repo.maven.apache.org/maven2/org/apache/apache/14/apache-14.pom
[INFO] Downloaded: https://repo.maven.apache.org/maven2/org/apache/apache/14/apache-14.pom (15 KB at 387.6 KB/sec)
[INFO] Downloading: https://repo.maven.apache.org/maven2/org/apache/maven/plugins/maven-site-plugin/3.4/maven-site-plugin-3.4.jar
[INFO] Downloaded: https://repo.maven.apache.org/maven2/org/apache/maven/plugins/maven-site-plugin/3.4/maven-site-plugin-3.4.jar (125 KB at 2761.8 KB/sec)
[INFO] Downloading: https://repo.maven.apache.org/maven2/org/apache/maven/plugins/maven-resources-plugin/2.6/maven-resources-plugin-2.6.pom
[INFO] Downloaded: https://repo.maven.apache.org/maven2/org/apache/maven/plugins/maven-resources-plugin/2.6/maven-resources-plugin-2.6.pom (8 KB at 198.1 KB/sec)
[INFO] Downloading: https://repo.maven.apache.org/maven2/org/apache/maven/plugins/maven-plugins/23/maven-plugins-23.pom
[INFO] Downloaded: https://repo.maven.apache.org/maven2/org/apache/maven/plugins/maven-plugins/23/maven-plugins-23.pom (9 KB at 179.6 KB/sec)
[INFO] Downloading: https://repo.maven.apache.org/maven2/org/apache/maven/maven-parent/22/maven-parent-22.pom
[INFO] Downloaded: https://repo.maven.apache.org/maven2/org/apache/maven/maven-parent/22/maven-parent-22.pom (30 KB at 744.8 KB/sec)
[INFO] Downloading: https://repo.maven.apache.org/maven2/org/apache/apache/11/apache-11.pom
[INFO] Downloaded: https://repo.maven.apache.org/maven2/org/apache/apache/11/apache-11.pom (15 KB at 370.9 KB/sec)
[INFO] Downloading: https://repo.maven.apache.org/maven2/org/apache/maven/plugins/maven-resources-plugin/2.6/maven-resources-plugin-2.6.jar
[INFO] Downloaded: https://repo.maven.apache.org/maven2/org/apache/maven/plugins/maven-resources-plugin/2.6/maven-resources-plugin-2.6.jar (29 KB at 720.7 KB/sec)
[INFO] Downloading: https://repo.maven.apache.org/maven2/org/apache/maven/plugins/maven-compiler-plugin/3.1/maven-compiler-plugin-3.1.pom
[INFO] Downloaded: https://repo.maven.apache.org/maven2/org/apache/maven/plugins/maven-compiler-plugin/3.1/maven-compiler-plugin-3.1.pom (10 KB at 262.4 KB/sec)
[INFO] Downloading: https://repo.maven.apache.org/maven2/org/apache/maven/plugins/maven-plugins/24/maven-plugins-24.pom
[INFO] Downloaded: https://repo.maven.apache.org/maven2/org/apache/maven/plugins/maven-plugins/24/maven-plugins-24.pom (11 KB at 277.7 KB/sec)
[INFO] Downloading: https://repo.maven.apache.org/maven2/org/apache/maven/maven-parent/23/maven-parent-23.pom
[INFO] Downloaded: https://repo.maven.apache.org/maven2/org/apache/maven/maven-parent/23/maven-parent-23.pom (32 KB at 816.0 KB/sec)
[INFO] Downloading: https://repo.maven.apache.org/maven2/org/apache/maven/plugins/maven-compiler-plugin/3.1/maven-compiler-plugin-3.1.jar
[INFO] Downloaded: https://repo.maven.apache.org/maven2/org/apache/maven/plugins/maven-compiler-plugin/3.1/maven-compiler-plugin-3.1.jar (42 KB at 975.4 KB/sec)
[INFO] Downloading: https://repo.maven.apache.org/maven2/org/apache/maven/plugins/maven-surefire-plugin/2.12.4/maven-surefire-plugin-2.12.4.pom
[INFO] Downloaded: https://repo.maven.apache.org/maven2/org/apache/maven/plugins/maven-surefire-plugin/2.12.4/maven-surefire-plugin-2.12.4.pom (11 KB at 232.5 KB/sec)
[INFO] Downloading: https://repo.maven.apache.org/maven2/org/apache/maven/surefire/surefire/2.12.4/surefire-2.12.4.pom
[INFO] Downloaded: https://repo.maven.apache.org/maven2/org/apache/maven/surefire/surefire/2.12.4/surefire-2.12.4.pom (14 KB at 336.7 KB/sec)
[INFO] Downloading: https://repo.maven.apache.org/maven2/org/apache/maven/plugins/maven-surefire-plugin/2.12.4/maven-surefire-plugin-2.12.4.jar
[INFO] Downloaded: https://repo.maven.apache.org/maven2/org/apache/maven/plugins/maven-surefire-plugin/2.12.4/maven-surefire-plugin-2.12.4.jar (30 KB at 725.6 KB/sec)
[INFO] Downloading: https://repo.maven.apache.org/maven2/org/apache/maven/plugins/maven-jar-plugin/2.4/maven-jar-plugin-2.4.pom
[INFO] Downloaded: https://repo.maven.apache.org/maven2/org/apache/maven/plugins/maven-jar-plugin/2.4/maven-jar-plugin-2.4.pom (6 KB at 154.0 KB/sec)
[INFO] Downloading: https://repo.maven.apache.org/maven2/org/apache/maven/plugins/maven-plugins/22/maven-plugins-22.pom
[INFO] Downloaded: https://repo.maven.apache.org/maven2/org/apache/maven/plugins/maven-plugins/22/maven-plugins-22.pom (13 KB at 344.1 KB/sec)
[INFO] Downloading: https://repo.maven.apache.org/maven2/org/apache/maven/plugins/maven-jar-plugin/2.4/maven-jar-plugin-2.4.jar
[INFO] Downloaded: https://repo.maven.apache.org/maven2/org/apache/maven/plugins/maven-jar-plugin/2.4/maven-jar-plugin-2.4.jar (34 KB at 830.6 KB/sec)
[INFO] Downloading: https://repo.maven.apache.org/maven2/org/apache/maven/plugins/maven-install-plugin/2.4/maven-install-plugin-2.4.pom
[INFO] Downloaded: https://repo.maven.apache.org/maven2/org/apache/maven/plugins/maven-install-plugin/2.4/maven-install-plugin-2.4.pom (7 KB at 164.0 KB/sec)
[INFO] Downloading: https://repo.maven.apache.org/maven2/org/apache/maven/plugins/maven-install-plugin/2.4/maven-install-plugin-2.4.jar
[INFO] Downloaded: https://repo.maven.apache.org/maven2/org/apache/maven/plugins/maven-install-plugin/2.4/maven-install-plugin-2.4.jar (27 KB at 674.9 KB/sec)
[INFO] Downloading: http://repo.maven.apache.org/maven2/io/reactivex/rxjava/1.0.10/rxjava-1.0.10.pom
[INFO] Downloaded: http://repo.maven.apache.org/maven2/io/reactivex/rxjava/1.0.10/rxjava-1.0.10.pom (3 KB at 62.3 KB/sec)
[INFO] Downloading: http://repo.maven.apache.org/maven2/io/reactivex/rxjava-string/0.22.0/rxjava-string-0.22.0.pom
[INFO] Downloaded: http://repo.maven.apache.org/maven2/io/reactivex/rxjava-string/0.22.0/rxjava-string-0.22.0.pom (3 KB at 69.3 KB/sec)
[INFO] Downloading: http://repo.maven.apache.org/maven2/io/reactivex/rxjava/1.0.0/rxjava-1.0.0.pom
[INFO] Downloaded: http://repo.maven.apache.org/maven2/io/reactivex/rxjava/1.0.0/rxjava-1.0.0.pom (3 KB at 62.3 KB/sec)
[INFO] Downloading: http://repo.maven.apache.org/maven2/io/reactivex/rxjava-math/1.0.0/rxjava-math-1.0.0.pom
[INFO] Downloaded: http://repo.maven.apache.org/maven2/io/reactivex/rxjava-math/1.0.0/rxjava-math-1.0.0.pom (3 KB at 70.6 KB/sec)
[INFO] Downloading: http://repo.maven.apache.org/maven2/io/reactivex/rxjava/1.0.1/rxjava-1.0.1.pom
[INFO] Downloaded: http://repo.maven.apache.org/maven2/io/reactivex/rxjava/1.0.1/rxjava-1.0.1.pom (3 KB at 62.3 KB/sec)
[INFO] Downloading: http://repo.maven.apache.org/maven2/com/github/davidmoten/rxjava-extras/0.5.2/rxjava-extras-0.5.2.pom
[INFO] Downloaded: http://repo.maven.apache.org/maven2/com/github/davidmoten/rxjava-extras/0.5.2/rxjava-extras-0.5.2.pom (7 KB at 172.2 KB/sec)
[INFO] Downloading: http://repo.maven.apache.org/maven2/io/reactivex/rxjava/1.0.8/rxjava-1.0.8.pom
[INFO] Downloaded: http://repo.maven.apache.org/maven2/io/reactivex/rxjava/1.0.8/rxjava-1.0.8.pom (3 KB at 63.9 KB/sec)
[INFO] Downloading: http://repo.maven.apache.org/maven2/org/slf4j/slf4j-api/1.7.10/slf4j-api-1.7.10.pom
[INFO] Downloaded: http://repo.maven.apache.org/maven2/org/slf4j/slf4j-api/1.7.10/slf4j-api-1.7.10.pom (3 KB at 72.2 KB/sec)
[INFO] Downloading: http://repo.maven.apache.org/maven2/org/slf4j/slf4j-parent/1.7.10/slf4j-parent-1.7.10.pom
[INFO] Downloaded: http://repo.maven.apache.org/maven2/org/slf4j/slf4j-parent/1.7.10/slf4j-parent-1.7.10.pom (13 KB at 328.7 KB/sec)
[INFO] Downloading: http://repo.maven.apache.org/maven2/com/zaxxer/HikariCP-java6/2.3.7/HikariCP-java6-2.3.7.pom
[INFO] Downloaded: http://repo.maven.apache.org/maven2/com/zaxxer/HikariCP-java6/2.3.7/HikariCP-java6-2.3.7.pom (10 KB at 246.5 KB/sec)
[INFO] Downloading: http://repo.maven.apache.org/maven2/com/zaxxer/HikariCP-parent/2.3.7/HikariCP-parent-2.3.7.pom
[INFO] Downloaded: http://repo.maven.apache.org/maven2/com/zaxxer/HikariCP-parent/2.3.7/HikariCP-parent-2.3.7.pom (9 KB at 237.9 KB/sec)
[INFO] Downloading: http://repo.maven.apache.org/maven2/org/javassist/javassist/3.19.0-GA/javassist-3.19.0-GA.pom
[INFO] Downloaded: http://repo.maven.apache.org/maven2/org/javassist/javassist/3.19.0-GA/javassist-3.19.0-GA.pom (10 KB at 246.3 KB/sec)
[INFO] Downloading: http://repo.maven.apache.org/maven2/junit/junit/4.12/junit-4.12.pom
[INFO] Downloaded: http://repo.maven.apache.org/maven2/junit/junit/4.12/junit-4.12.pom (24 KB at 453.4 KB/sec)
[INFO] Downloading: http://repo.maven.apache.org/maven2/org/hamcrest/hamcrest-core/1.3/hamcrest-core-1.3.pom
[INFO] Downloaded: http://repo.maven.apache.org/maven2/org/hamcrest/hamcrest-core/1.3/hamcrest-core-1.3.pom (766 B at 20.8 KB/sec)
[INFO] Downloading: http://repo.maven.apache.org/maven2/org/hamcrest/hamcrest-parent/1.3/hamcrest-parent-1.3.pom
[INFO] Downloaded: http://repo.maven.apache.org/maven2/org/hamcrest/hamcrest-parent/1.3/hamcrest-parent-1.3.pom (2 KB at 55.0 KB/sec)
[INFO] Downloading: http://repo.maven.apache.org/maven2/org/easymock/easymock/3.2/easymock-3.2.pom
[INFO] Downloaded: http://repo.maven.apache.org/maven2/org/easymock/easymock/3.2/easymock-3.2.pom (5 KB at 127.4 KB/sec)
[INFO] Downloading: http://repo.maven.apache.org/maven2/org/easymock/easymock-parent/3.2/easymock-parent-3.2.pom
[INFO] Downloaded: http://repo.maven.apache.org/maven2/org/easymock/easymock-parent/3.2/easymock-parent-3.2.pom (17 KB at 421.2 KB/sec)
[INFO] Downloading: http://repo.maven.apache.org/maven2/cglib/cglib-nodep/2.2.2/cglib-nodep-2.2.2.pom
[INFO] Downloaded: http://repo.maven.apache.org/maven2/cglib/cglib-nodep/2.2.2/cglib-nodep-2.2.2.pom (2 KB at 31.1 KB/sec)
[INFO] Downloading: http://repo.maven.apache.org/maven2/org/objenesis/objenesis/1.3/objenesis-1.3.pom
[INFO] Downloaded: http://repo.maven.apache.org/maven2/org/objenesis/objenesis/1.3/objenesis-1.3.pom (3 KB at 65.3 KB/sec)
[INFO] Downloading: http://repo.maven.apache.org/maven2/org/objenesis/objenesis-parent/1.3/objenesis-parent-1.3.pom
[INFO] Downloaded: http://repo.maven.apache.org/maven2/org/objenesis/objenesis-parent/1.3/objenesis-parent-1.3.pom (14 KB at 361.2 KB/sec)
[INFO] Downloading: http://repo.maven.apache.org/maven2/com/h2database/h2/1.4.178/h2-1.4.178.pom
[INFO] Downloaded: http://repo.maven.apache.org/maven2/com/h2database/h2/1.4.178/h2-1.4.178.pom (973 B at 26.4 KB/sec)
[INFO] Downloading: http://repo.maven.apache.org/maven2/org/slf4j/slf4j-log4j12/1.7.10/slf4j-log4j12-1.7.10.pom
[INFO] Downloaded: http://repo.maven.apache.org/maven2/org/slf4j/slf4j-log4j12/1.7.10/slf4j-log4j12-1.7.10.pom (2 KB at 41.5 KB/sec)
[INFO] Downloading: http://repo.maven.apache.org/maven2/log4j/log4j/1.2.17/log4j-1.2.17.pom
[INFO] Downloaded: http://repo.maven.apache.org/maven2/log4j/log4j/1.2.17/log4j-1.2.17.pom (22 KB at 416.4 KB/sec)
[INFO] Downloading: http://repo.maven.apache.org/maven2/org/mockito/mockito-core/1.9.5/mockito-core-1.9.5.pom
[INFO] Downloaded: http://repo.maven.apache.org/maven2/org/mockito/mockito-core/1.9.5/mockito-core-1.9.5.pom (2 KB at 40.5 KB/sec)
[INFO] Downloading: http://repo.maven.apache.org/maven2/org/hamcrest/hamcrest-core/1.1/hamcrest-core-1.1.pom
[INFO] Downloaded: http://repo.maven.apache.org/maven2/org/hamcrest/hamcrest-core/1.1/hamcrest-core-1.1.pom (481 B at 13.0 KB/sec)
[INFO] Downloading: http://repo.maven.apache.org/maven2/org/hamcrest/hamcrest-parent/1.1/hamcrest-parent-1.1.pom
[INFO] Downloaded: http://repo.maven.apache.org/maven2/org/hamcrest/hamcrest-parent/1.1/hamcrest-parent-1.1.pom (6 KB at 159.4 KB/sec)
[INFO] Downloading: http://repo.maven.apache.org/maven2/org/objenesis/objenesis/1.0/objenesis-1.0.pom
[INFO] Downloaded: http://repo.maven.apache.org/maven2/org/objenesis/objenesis/1.0/objenesis-1.0.pom (853 B at 24.5 KB/sec)
[INFO] Downloading: http://repo.maven.apache.org/maven2/io/reactivex/rxjava/1.0.10/rxjava-1.0.10.jar
[INFO] Downloading: http://repo.maven.apache.org/maven2/io/reactivex/rxjava-string/0.22.0/rxjava-string-0.22.0.jar
[INFO] Downloading: http://repo.maven.apache.org/maven2/io/reactivex/rxjava-math/1.0.0/rxjava-math-1.0.0.jar
[INFO] Downloading: http://repo.maven.apache.org/maven2/com/github/davidmoten/rxjava-extras/0.5.2/rxjava-extras-0.5.2.jar
[INFO] Downloading: http://repo.maven.apache.org/maven2/org/slf4j/slf4j-api/1.7.10/slf4j-api-1.7.10.jar
[INFO] Downloaded: http://repo.maven.apache.org/maven2/org/slf4j/slf4j-api/1.7.10/slf4j-api-1.7.10.jar (32 KB at 461.3 KB/sec)
[INFO] Downloading: http://repo.maven.apache.org/maven2/com/zaxxer/HikariCP-java6/2.3.7/HikariCP-java6-2.3.7.jar
[INFO] Downloaded: http://repo.maven.apache.org/maven2/io/reactivex/rxjava-math/1.0.0/rxjava-math-1.0.0.jar (21 KB at 282.1 KB/sec)
[INFO] Downloading: http://repo.maven.apache.org/maven2/org/javassist/javassist/3.19.0-GA/javassist-3.19.0-GA.jar
[INFO] Downloaded: http://repo.maven.apache.org/maven2/io/reactivex/rxjava-string/0.22.0/rxjava-string-0.22.0.jar (18 KB at 252.9 KB/sec)
[INFO] Downloading: http://repo.maven.apache.org/maven2/junit/junit/4.12/junit-4.12.jar
[INFO] Downloaded: http://repo.maven.apache.org/maven2/com/github/davidmoten/rxjava-extras/0.5.2/rxjava-extras-0.5.2.jar (58 KB at 672.6 KB/sec)
[INFO] Downloading: http://repo.maven.apache.org/maven2/org/hamcrest/hamcrest-core/1.3/hamcrest-core-1.3.jar
[INFO] Downloaded: http://repo.maven.apache.org/maven2/com/zaxxer/HikariCP-java6/2.3.7/HikariCP-java6-2.3.7.jar (97 KB at 718.4 KB/sec)
[INFO] Downloading: http://repo.maven.apache.org/maven2/org/easymock/easymock/3.2/easymock-3.2.jar
[INFO] Downloaded: http://repo.maven.apache.org/maven2/org/hamcrest/hamcrest-core/1.3/hamcrest-core-1.3.jar (44 KB at 320.9 KB/sec)
[INFO] Downloading: http://repo.maven.apache.org/maven2/cglib/cglib-nodep/2.2.2/cglib-nodep-2.2.2.jar
[INFO] Downloaded: http://repo.maven.apache.org/maven2/org/easymock/easymock/3.2/easymock-3.2.jar (117 KB at 625.5 KB/sec)
[INFO] Downloading: http://repo.maven.apache.org/maven2/org/objenesis/objenesis/1.3/objenesis-1.3.jar
[INFO] Downloaded: http://repo.maven.apache.org/maven2/junit/junit/4.12/junit-4.12.jar (308 KB at 1478.6 KB/sec)
[INFO] Downloading: http://repo.maven.apache.org/maven2/com/h2database/h2/1.4.178/h2-1.4.178.jar
[INFO] Downloaded: http://repo.maven.apache.org/maven2/io/reactivex/rxjava/1.0.10/rxjava-1.0.10.jar (737 KB at 3457.4 KB/sec)
[INFO] Downloading: http://repo.maven.apache.org/maven2/org/slf4j/slf4j-log4j12/1.7.10/slf4j-log4j12-1.7.10.jar
[INFO] Downloaded: http://repo.maven.apache.org/maven2/org/objenesis/objenesis/1.3/objenesis-1.3.jar (40 KB at 174.5 KB/sec)
[INFO] Downloading: http://repo.maven.apache.org/maven2/log4j/log4j/1.2.17/log4j-1.2.17.jar
[INFO] Downloaded: http://repo.maven.apache.org/maven2/org/javassist/javassist/3.19.0-GA/javassist-3.19.0-GA.jar (732 KB at 3037.1 KB/sec)
[INFO] Downloading: http://repo.maven.apache.org/maven2/org/mockito/mockito-core/1.9.5/mockito-core-1.9.5.jar
[INFO] Downloaded: http://repo.maven.apache.org/maven2/org/slf4j/slf4j-log4j12/1.7.10/slf4j-log4j12-1.7.10.jar (9 KB at 35.2 KB/sec)
[INFO] Downloaded: http://repo.maven.apache.org/maven2/cglib/cglib-nodep/2.2.2/cglib-nodep-2.2.2.jar (320 KB at 1277.0 KB/sec)
[INFO] Downloaded: http://repo.maven.apache.org/maven2/log4j/log4j/1.2.17/log4j-1.2.17.jar (479 KB at 1423.8 KB/sec)
[INFO] Downloaded: http://repo.maven.apache.org/maven2/com/h2database/h2/1.4.178/h2-1.4.178.jar (1625 KB at 4575.0 KB/sec)
[INFO] Downloaded: http://repo.maven.apache.org/maven2/org/mockito/mockito-core/1.9.5/mockito-core-1.9.5.jar (1465 KB at 4126.4 KB/sec)
[INFO] 
[INFO] --- maven-resources-plugin:2.6:resources (default-resources) @ rxjava-jdbc ---
[INFO] Downloading: https://repo.maven.apache.org/maven2/org/apache/maven/maven-plugin-api/2.0.6/maven-plugin-api-2.0.6.pom
[INFO] Downloaded: https://repo.maven.apache.org/maven2/org/apache/maven/maven-plugin-api/2.0.6/maven-plugin-api-2.0.6.pom (2 KB at 38.4 KB/sec)
[INFO] Downloading: https://repo.maven.apache.org/maven2/org/apache/maven/maven/2.0.6/maven-2.0.6.pom
[INFO] Downloaded: https://repo.maven.apache.org/maven2/org/apache/maven/maven/2.0.6/maven-2.0.6.pom (9 KB at 232.5 KB/sec)
[INFO] Downloading: https://repo.maven.apache.org/maven2/org/apache/maven/maven-parent/5/maven-parent-5.pom
[INFO] Downloaded: https://repo.maven.apache.org/maven2/org/apache/maven/maven-parent/5/maven-parent-5.pom (15 KB at 362.9 KB/sec)
[INFO] Downloading: https://repo.maven.apache.org/maven2/org/apache/apache/3/apache-3.pom
[INFO] Downloaded: https://repo.maven.apache.org/maven2/org/apache/apache/3/apache-3.pom (4 KB at 90.5 KB/sec)
[INFO] Downloading: https://repo.maven.apache.org/maven2/org/apache/maven/maven-project/2.0.6/maven-project-2.0.6.pom
[INFO] Downloaded: https://repo.maven.apache.org/maven2/org/apache/maven/maven-project/2.0.6/maven-project-2.0.6.pom (3 KB at 61.3 KB/sec)
[INFO] Downloading: https://repo.maven.apache.org/maven2/org/apache/maven/maven-settings/2.0.6/maven-settings-2.0.6.pom
[INFO] Downloaded: https://repo.maven.apache.org/maven2/org/apache/maven/maven-settings/2.0.6/maven-settings-2.0.6.pom (2 KB at 52.8 KB/sec)
[INFO] Downloading: https://repo.maven.apache.org/maven2/org/apache/maven/maven-model/2.0.6/maven-model-2.0.6.pom
[INFO] Downloaded: https://repo.maven.apache.org/maven2/org/apache/maven/maven-model/2.0.6/maven-model-2.0.6.pom (3 KB at 78.3 KB/sec)
[INFO] Downloading: https://repo.maven.apache.org/maven2/org/codehaus/plexus/plexus-utils/1.4.1/plexus-utils-1.4.1.pom
[INFO] Downloaded: https://repo.maven.apache.org/maven2/org/codehaus/plexus/plexus-utils/1.4.1/plexus-utils-1.4.1.pom (2 KB at 50.4 KB/sec)
[INFO] Downloading: https://repo.maven.apache.org/maven2/org/codehaus/plexus/plexus/1.0.11/plexus-1.0.11.pom
[INFO] Downloaded: https://repo.maven.apache.org/maven2/org/codehaus/plexus/plexus/1.0.11/plexus-1.0.11.pom (9 KB at 236.7 KB/sec)
[INFO] Downloading: https://repo.maven.apache.org/maven2/org/codehaus/plexus/plexus-container-default/1.0-alpha-9-stable-1/plexus-container-default-1.0-alpha-9-stable-1.pom
[INFO] Downloaded: https://repo.maven.apache.org/maven2/org/codehaus/plexus/plexus-container-default/1.0-alpha-9-stable-1/plexus-container-default-1.0-alpha-9-stable-1.pom (4 KB at 91.8 KB/sec)
[INFO] Downloading: https://repo.maven.apache.org/maven2/org/codehaus/plexus/plexus-containers/1.0.3/plexus-containers-1.0.3.pom
[INFO] Downloaded: https://repo.maven.apache.org/maven2/org/codehaus/plexus/plexus-containers/1.0.3/plexus-containers-1.0.3.pom (492 B at 10.4 KB/sec)
[INFO] Downloading: https://repo.maven.apache.org/maven2/org/codehaus/plexus/plexus/1.0.4/plexus-1.0.4.pom
[INFO] Downloaded: https://repo.maven.apache.org/maven2/org/codehaus/plexus/plexus/1.0.4/plexus-1.0.4.pom (6 KB at 151.4 KB/sec)
[INFO] Downloading: https://repo.maven.apache.org/maven2/junit/junit/3.8.1/junit-3.8.1.pom
[INFO] Downloaded: https://repo.maven.apache.org/maven2/junit/junit/3.8.1/junit-3.8.1.pom (998 B at 23.2 KB/sec)
[INFO] Downloading: https://repo.maven.apache.org/maven2/org/codehaus/plexus/plexus-utils/1.0.4/plexus-utils-1.0.4.pom
[INFO] Downloaded: https://repo.maven.apache.org/maven2/org/codehaus/plexus/plexus-utils/1.0.4/plexus-utils-1.0.4.pom (7 KB at 163.3 KB/sec)
[INFO] Downloading: https://repo.maven.apache.org/maven2/classworlds/classworlds/1.1-alpha-2/classworlds-1.1-alpha-2.pom
[INFO] Downloaded: https://repo.maven.apache.org/maven2/classworlds/classworlds/1.1-alpha-2/classworlds-1.1-alpha-2.pom (4 KB at 80.4 KB/sec)
[INFO] Downloading: https://repo.maven.apache.org/maven2/org/apache/maven/maven-profile/2.0.6/maven-profile-2.0.6.pom
[INFO] Downloaded: https://repo.maven.apache.org/maven2/org/apache/maven/maven-profile/2.0.6/maven-profile-2.0.6.pom (2 KB at 48.3 KB/sec)
[INFO] Downloading: https://repo.maven.apache.org/maven2/org/apache/maven/maven-artifact-manager/2.0.6/maven-artifact-manager-2.0.6.pom
[INFO] Downloaded: https://repo.maven.apache.org/maven2/org/apache/maven/maven-artifact-manager/2.0.6/maven-artifact-manager-2.0.6.pom (3 KB at 67.4 KB/sec)
[INFO] Downloading: https://repo.maven.apache.org/maven2/org/apache/maven/maven-repository-metadata/2.0.6/maven-repository-metadata-2.0.6.pom
[INFO] Downloaded: https://repo.maven.apache.org/maven2/org/apache/maven/maven-repository-metadata/2.0.6/maven-repository-metadata-2.0.6.pom (2 KB at 47.5 KB/sec)
[INFO] Downloading: https://repo.maven.apache.org/maven2/org/apache/maven/maven-artifact/2.0.6/maven-artifact-2.0.6.pom
[INFO] Downloaded: https://repo.maven.apache.org/maven2/org/apache/maven/maven-artifact/2.0.6/maven-artifact-2.0.6.pom (2 KB at 40.5 KB/sec)
[INFO] Downloading: https://repo.maven.apache.org/maven2/org/apache/maven/maven-plugin-registry/2.0.6/maven-plugin-registry-2.0.6.pom
[INFO] Downloaded: https://repo.maven.apache.org/maven2/org/apache/maven/maven-plugin-registry/2.0.6/maven-plugin-registry-2.0.6.pom (2 KB at 50.0 KB/sec)
[INFO] Downloading: https://repo.maven.apache.org/maven2/org/apache/maven/maven-core/2.0.6/maven-core-2.0.6.pom
[INFO] Downloaded: https://repo.maven.apache.org/maven2/org/apache/maven/maven-core/2.0.6/maven-core-2.0.6.pom (7 KB at 172.5 KB/sec)
[INFO] Downloading: https://repo.maven.apache.org/maven2/org/apache/maven/maven-plugin-parameter-documenter/2.0.6/maven-plugin-parameter-documenter-2.0.6.pom
[INFO] Downloaded: https://repo.maven.apache.org/maven2/org/apache/maven/maven-plugin-parameter-documenter/2.0.6/maven-plugin-parameter-documenter-2.0.6.pom (2 KB at 49.1 KB/sec)
[INFO] Downloading: https://repo.maven.apache.org/maven2/org/apache/maven/reporting/maven-reporting-api/2.0.6/maven-reporting-api-2.0.6.pom
[INFO] Downloaded: https://repo.maven.apache.org/maven2/org/apache/maven/reporting/maven-reporting-api/2.0.6/maven-reporting-api-2.0.6.pom (2 KB at 45.0 KB/sec)
[INFO] Downloading: https://repo.maven.apache.org/maven2/org/apache/maven/reporting/maven-reporting/2.0.6/maven-reporting-2.0.6.pom
[INFO] Downloaded: https://repo.maven.apache.org/maven2/org/apache/maven/reporting/maven-reporting/2.0.6/maven-reporting-2.0.6.pom (2 KB at 37.0 KB/sec)
[INFO] Downloading: https://repo.maven.apache.org/maven2/org/apache/maven/doxia/doxia-sink-api/1.0-alpha-7/doxia-sink-api-1.0-alpha-7.pom
[INFO] Downloaded: https://repo.maven.apache.org/maven2/org/apache/maven/doxia/doxia-sink-api/1.0-alpha-7/doxia-sink-api-1.0-alpha-7.pom (424 B at 11.2 KB/sec)
[INFO] Downloading: https://repo.maven.apache.org/maven2/org/apache/maven/doxia/doxia/1.0-alpha-7/doxia-1.0-alpha-7.pom
[INFO] Downloaded: https://repo.maven.apache.org/maven2/org/apache/maven/doxia/doxia/1.0-alpha-7/doxia-1.0-alpha-7.pom (4 KB at 103.3 KB/sec)
[INFO] Downloading: https://repo.maven.apache.org/maven2/org/apache/maven/maven-error-diagnostics/2.0.6/maven-error-diagnostics-2.0.6.pom
[INFO] Downloaded: https://repo.maven.apache.org/maven2/org/apache/maven/maven-error-diagnostics/2.0.6/maven-error-diagnostics-2.0.6.pom (2 KB at 45.0 KB/sec)
[INFO] Downloading: https://repo.maven.apache.org/maven2/commons-cli/commons-cli/1.0/commons-cli-1.0.pom
[INFO] Downloaded: https://repo.maven.apache.org/maven2/commons-cli/commons-cli/1.0/commons-cli-1.0.pom (3 KB at 55.6 KB/sec)
[INFO] Downloading: https://repo.maven.apache.org/maven2/org/apache/maven/maven-plugin-descriptor/2.0.6/maven-plugin-descriptor-2.0.6.pom
[INFO] Downloaded: https://repo.maven.apache.org/maven2/org/apache/maven/maven-plugin-descriptor/2.0.6/maven-plugin-descriptor-2.0.6.pom (2 KB at 25.9 KB/sec)
[INFO] Downloading: https://repo.maven.apache.org/maven2/org/codehaus/plexus/plexus-interactivity-api/1.0-alpha-4/plexus-interactivity-api-1.0-alpha-4.pom
[INFO] Downloaded: https://repo.maven.apache.org/maven2/org/codehaus/plexus/plexus-interactivity-api/1.0-alpha-4/plexus-interactivity-api-1.0-alpha-4.pom (7 KB at 187.2 KB/sec)
[INFO] Downloading: https://repo.maven.apache.org/maven2/org/apache/maven/maven-monitor/2.0.6/maven-monitor-2.0.6.pom
[INFO] Downloaded: https://repo.maven.apache.org/maven2/org/apache/maven/maven-monitor/2.0.6/maven-monitor-2.0.6.pom (2 KB at 33.1 KB/sec)
[INFO] Downloading: https://repo.maven.apache.org/maven2/classworlds/classworlds/1.1/classworlds-1.1.pom
[INFO] Downloaded: https://repo.maven.apache.org/maven2/classworlds/classworlds/1.1/classworlds-1.1.pom (4 KB at 87.7 KB/sec)
[INFO] Downloading: https://repo.maven.apache.org/maven2/org/codehaus/plexus/plexus-utils/2.0.5/plexus-utils-2.0.5.pom
[INFO] Downloaded: https://repo.maven.apache.org/maven2/org/codehaus/plexus/plexus-utils/2.0.5/plexus-utils-2.0.5.pom (4 KB at 88.0 KB/sec)
[INFO] Downloading: https://repo.maven.apache.org/maven2/org/codehaus/plexus/plexus/2.0.6/plexus-2.0.6.pom
[INFO] Downloaded: https://repo.maven.apache.org/maven2/org/codehaus/plexus/plexus/2.0.6/plexus-2.0.6.pom (17 KB at 430.8 KB/sec)
[INFO] Downloading: https://repo.maven.apache.org/maven2/org/apache/maven/shared/maven-filtering/1.1/maven-filtering-1.1.pom
[INFO] Downloaded: https://repo.maven.apache.org/maven2/org/apache/maven/shared/maven-filtering/1.1/maven-filtering-1.1.pom (6 KB at 108.7 KB/sec)
[INFO] Downloading: https://repo.maven.apache.org/maven2/org/apache/maven/shared/maven-shared-components/17/maven-shared-components-17.pom
[INFO] Downloaded: https://repo.maven.apache.org/maven2/org/apache/maven/shared/maven-shared-components/17/maven-shared-components-17.pom (9 KB at 217.9 KB/sec)
[INFO] Downloading: https://repo.maven.apache.org/maven2/org/codehaus/plexus/plexus-utils/1.5.15/plexus-utils-1.5.15.pom
[INFO] Downloaded: https://repo.maven.apache.org/maven2/org/codehaus/plexus/plexus-utils/1.5.15/plexus-utils-1.5.15.pom (7 KB at 180.8 KB/sec)
[INFO] Downloading: https://repo.maven.apache.org/maven2/org/codehaus/plexus/plexus/2.0.2/plexus-2.0.2.pom
[INFO] Downloaded: https://repo.maven.apache.org/maven2/org/codehaus/plexus/plexus/2.0.2/plexus-2.0.2.pom (12 KB at 306.4 KB/sec)
[INFO] Downloading: https://repo.maven.apache.org/maven2/org/codehaus/plexus/plexus-interpolation/1.12/plexus-interpolation-1.12.pom
[INFO] Downloaded: https://repo.maven.apache.org/maven2/org/codehaus/plexus/plexus-interpolation/1.12/plexus-interpolation-1.12.pom (889 B at 22.8 KB/sec)
[INFO] Downloading: https://repo.maven.apache.org/maven2/org/codehaus/plexus/plexus-components/1.1.14/plexus-components-1.1.14.pom
[INFO] Downloaded: https://repo.maven.apache.org/maven2/org/codehaus/plexus/plexus-components/1.1.14/plexus-components-1.1.14.pom (6 KB at 150.1 KB/sec)
[INFO] Downloading: https://repo.maven.apache.org/maven2/org/sonatype/plexus/plexus-build-api/0.0.4/plexus-build-api-0.0.4.pom
[INFO] Downloaded: https://repo.maven.apache.org/maven2/org/sonatype/plexus/plexus-build-api/0.0.4/plexus-build-api-0.0.4.pom (3 KB at 71.7 KB/sec)
[INFO] Downloading: https://repo.maven.apache.org/maven2/org/sonatype/spice/spice-parent/10/spice-parent-10.pom
[INFO] Downloaded: https://repo.maven.apache.org/maven2/org/sonatype/spice/spice-parent/10/spice-parent-10.pom (3 KB at 79.6 KB/sec)
[INFO] Downloading: https://repo.maven.apache.org/maven2/org/sonatype/forge/forge-parent/3/forge-parent-3.pom
[INFO] Downloaded: https://repo.maven.apache.org/maven2/org/sonatype/forge/forge-parent/3/forge-parent-3.pom (5 KB at 129.3 KB/sec)
[INFO] Downloading: https://repo.maven.apache.org/maven2/org/codehaus/plexus/plexus-utils/1.5.8/plexus-utils-1.5.8.pom
[INFO] Downloaded: https://repo.maven.apache.org/maven2/org/codehaus/plexus/plexus-utils/1.5.8/plexus-utils-1.5.8.pom (8 KB at 187.5 KB/sec)
[INFO] Downloading: https://repo.maven.apache.org/maven2/org/codehaus/plexus/plexus-interpolation/1.13/plexus-interpolation-1.13.pom
[INFO] Downloaded: https://repo.maven.apache.org/maven2/org/codehaus/plexus/plexus-interpolation/1.13/plexus-interpolation-1.13.pom (890 B at 23.5 KB/sec)
[INFO] Downloading: https://repo.maven.apache.org/maven2/org/codehaus/plexus/plexus-components/1.1.15/plexus-components-1.1.15.pom
[INFO] Downloaded: https://repo.maven.apache.org/maven2/org/codehaus/plexus/plexus-components/1.1.15/plexus-components-1.1.15.pom (3 KB at 75.2 KB/sec)
[INFO] Downloading: https://repo.maven.apache.org/maven2/org/codehaus/plexus/plexus/2.0.3/plexus-2.0.3.pom
[INFO] Downloaded: https://repo.maven.apache.org/maven2/org/codehaus/plexus/plexus/2.0.3/plexus-2.0.3.pom (16 KB at 397.3 KB/sec)
[INFO] Downloading: https://repo.maven.apache.org/maven2/org/apache/maven/reporting/maven-reporting-api/2.0.6/maven-reporting-api-2.0.6.jar
[INFO] Downloading: https://repo.maven.apache.org/maven2/org/apache/maven/doxia/doxia-sink-api/1.0-alpha-7/doxia-sink-api-1.0-alpha-7.jar
[INFO] Downloading: https://repo.maven.apache.org/maven2/commons-cli/commons-cli/1.0/commons-cli-1.0.jar
[INFO] Downloading: https://repo.maven.apache.org/maven2/org/codehaus/plexus/plexus-interactivity-api/1.0-alpha-4/plexus-interactivity-api-1.0-alpha-4.jar
[INFO] Downloading: https://repo.maven.apache.org/maven2/junit/junit/3.8.1/junit-3.8.1.jar
[INFO] Downloaded: https://repo.maven.apache.org/maven2/org/apache/maven/reporting/maven-reporting-api/2.0.6/maven-reporting-api-2.0.6.jar (10 KB at 242.7 KB/sec)
[INFO] Downloading: https://repo.maven.apache.org/maven2/org/codehaus/plexus/plexus-utils/2.0.5/plexus-utils-2.0.5.jar
[INFO] Downloaded: https://repo.maven.apache.org/maven2/org/apache/maven/doxia/doxia-sink-api/1.0-alpha-7/doxia-sink-api-1.0-alpha-7.jar (6 KB at 131.7 KB/sec)
[INFO] Downloading: https://repo.maven.apache.org/maven2/org/apache/maven/shared/maven-filtering/1.1/maven-filtering-1.1.jar
[INFO] Downloaded: https://repo.maven.apache.org/maven2/org/codehaus/plexus/plexus-interactivity-api/1.0-alpha-4/plexus-interactivity-api-1.0-alpha-4.jar (14 KB at 297.6 KB/sec)
[INFO] Downloading: https://repo.maven.apache.org/maven2/org/sonatype/plexus/plexus-build-api/0.0.4/plexus-build-api-0.0.4.jar
[INFO] Downloaded: https://repo.maven.apache.org/maven2/junit/junit/3.8.1/junit-3.8.1.jar (119 KB at 2149.7 KB/sec)
[INFO] Downloading: https://repo.maven.apache.org/maven2/org/codehaus/plexus/plexus-interpolation/1.13/plexus-interpolation-1.13.jar
[INFO] Downloaded: https://repo.maven.apache.org/maven2/org/sonatype/plexus/plexus-build-api/0.0.4/plexus-build-api-0.0.4.jar (7 KB at 82.1 KB/sec)
[INFO] Downloaded: https://repo.maven.apache.org/maven2/org/apache/maven/shared/maven-filtering/1.1/maven-filtering-1.1.jar (43 KB at 513.4 KB/sec)
[INFO] Downloaded: https://repo.maven.apache.org/maven2/commons-cli/commons-cli/1.0/commons-cli-1.0.jar (30 KB at 334.2 KB/sec)
[INFO] Downloaded: https://repo.maven.apache.org/maven2/org/codehaus/plexus/plexus-interpolation/1.13/plexus-interpolation-1.13.jar (60 KB at 627.6 KB/sec)
[INFO] Downloaded: https://repo.maven.apache.org/maven2/org/codehaus/plexus/plexus-utils/2.0.5/plexus-utils-2.0.5.jar (218 KB at 2115.9 KB/sec)
[INFO] Using 'UTF-8' encoding to copy filtered resources.
[INFO] skip non existing resourceDirectory /home/travis/build/davidmoten/rxjava-jdbc/src/main/resources
[INFO] 
[INFO] --- maven-compiler-plugin:3.1:compile (default-compile) @ rxjava-jdbc ---
[INFO] Downloading: https://repo.maven.apache.org/maven2/org/apache/maven/maven-plugin-api/2.0.9/maven-plugin-api-2.0.9.pom
[INFO] Downloaded: https://repo.maven.apache.org/maven2/org/apache/maven/maven-plugin-api/2.0.9/maven-plugin-api-2.0.9.pom (2 KB at 31.7 KB/sec)
[INFO] Downloading: https://repo.maven.apache.org/maven2/org/apache/maven/maven/2.0.9/maven-2.0.9.pom
[INFO] Downloaded: https://repo.maven.apache.org/maven2/org/apache/maven/maven/2.0.9/maven-2.0.9.pom (19 KB at 485.9 KB/sec)
[INFO] Downloading: https://repo.maven.apache.org/maven2/org/apache/maven/maven-parent/8/maven-parent-8.pom
[INFO] Downloaded: https://repo.maven.apache.org/maven2/org/apache/maven/maven-parent/8/maven-parent-8.pom (24 KB at 604.3 KB/sec)
[INFO] Downloading: https://repo.maven.apache.org/maven2/org/apache/maven/maven-artifact/2.0.9/maven-artifact-2.0.9.pom
[INFO] Downloaded: https://repo.maven.apache.org/maven2/org/apache/maven/maven-artifact/2.0.9/maven-artifact-2.0.9.pom (2 KB at 41.6 KB/sec)
[INFO] Downloading: https://repo.maven.apache.org/maven2/org/codehaus/plexus/plexus-utils/1.5.1/plexus-utils-1.5.1.pom
[INFO] Downloaded: https://repo.maven.apache.org/maven2/org/codehaus/plexus/plexus-utils/1.5.1/plexus-utils-1.5.1.pom (3 KB at 59.0 KB/sec)
[INFO] Downloading: https://repo.maven.apache.org/maven2/org/apache/maven/maven-core/2.0.9/maven-core-2.0.9.pom
[INFO] Downloaded: https://repo.maven.apache.org/maven2/org/apache/maven/maven-core/2.0.9/maven-core-2.0.9.pom (8 KB at 190.1 KB/sec)
[INFO] Downloading: https://repo.maven.apache.org/maven2/org/apache/maven/maven-settings/2.0.9/maven-settings-2.0.9.pom
[INFO] Downloaded: https://repo.maven.apache.org/maven2/org/apache/maven/maven-settings/2.0.9/maven-settings-2.0.9.pom (3 KB at 51.5 KB/sec)
[INFO] Downloading: https://repo.maven.apache.org/maven2/org/apache/maven/maven-model/2.0.9/maven-model-2.0.9.pom
[INFO] Downloaded: https://repo.maven.apache.org/maven2/org/apache/maven/maven-model/2.0.9/maven-model-2.0.9.pom (4 KB at 80.7 KB/sec)
[INFO] Downloading: https://repo.maven.apache.org/maven2/org/apache/maven/maven-plugin-parameter-documenter/2.0.9/maven-plugin-parameter-documenter-2.0.9.pom
[INFO] Downloaded: https://repo.maven.apache.org/maven2/org/apache/maven/maven-plugin-parameter-documenter/2.0.9/maven-plugin-parameter-documenter-2.0.9.pom (2 KB at 42.6 KB/sec)
[INFO] Downloading: https://repo.maven.apache.org/maven2/org/apache/maven/maven-profile/2.0.9/maven-profile-2.0.9.pom
[INFO] Downloaded: https://repo.maven.apache.org/maven2/org/apache/maven/maven-profile/2.0.9/maven-profile-2.0.9.pom (3 KB at 51.3 KB/sec)
[INFO] Downloading: https://repo.maven.apache.org/maven2/org/apache/maven/maven-repository-metadata/2.0.9/maven-repository-metadata-2.0.9.pom
[INFO] Downloaded: https://repo.maven.apache.org/maven2/org/apache/maven/maven-repository-metadata/2.0.9/maven-repository-metadata-2.0.9.pom (2 KB at 48.9 KB/sec)
[INFO] Downloading: https://repo.maven.apache.org/maven2/org/apache/maven/maven-error-diagnostics/2.0.9/maven-error-diagnostics-2.0.9.pom
[INFO] Downloaded: https://repo.maven.apache.org/maven2/org/apache/maven/maven-error-diagnostics/2.0.9/maven-error-diagnostics-2.0.9.pom (2 KB at 44.8 KB/sec)
[INFO] Downloading: https://repo.maven.apache.org/maven2/org/apache/maven/maven-project/2.0.9/maven-project-2.0.9.pom
[INFO] Downloaded: https://repo.maven.apache.org/maven2/org/apache/maven/maven-project/2.0.9/maven-project-2.0.9.pom (3 KB at 67.9 KB/sec)
[INFO] Downloading: https://repo.maven.apache.org/maven2/org/apache/maven/maven-artifact-manager/2.0.9/maven-artifact-manager-2.0.9.pom
[INFO] Downloaded: https://repo.maven.apache.org/maven2/org/apache/maven/maven-artifact-manager/2.0.9/maven-artifact-manager-2.0.9.pom (3 KB at 49.7 KB/sec)
[INFO] Downloading: https://repo.maven.apache.org/maven2/org/apache/maven/maven-plugin-registry/2.0.9/maven-plugin-registry-2.0.9.pom
[INFO] Downloaded: https://repo.maven.apache.org/maven2/org/apache/maven/maven-plugin-registry/2.0.9/maven-plugin-registry-2.0.9.pom (2 KB at 46.9 KB/sec)
[INFO] Downloading: https://repo.maven.apache.org/maven2/org/apache/maven/maven-plugin-descriptor/2.0.9/maven-plugin-descriptor-2.0.9.pom
[INFO] Downloaded: https://repo.maven.apache.org/maven2/org/apache/maven/maven-plugin-descriptor/2.0.9/maven-plugin-descriptor-2.0.9.pom (3 KB at 53.3 KB/sec)
[INFO] Downloading: https://repo.maven.apache.org/maven2/org/apache/maven/maven-monitor/2.0.9/maven-monitor-2.0.9.pom
[INFO] Downloaded: https://repo.maven.apache.org/maven2/org/apache/maven/maven-monitor/2.0.9/maven-monitor-2.0.9.pom (2 KB at 29.2 KB/sec)
[INFO] Downloading: https://repo.maven.apache.org/maven2/org/apache/maven/maven-toolchain/1.0/maven-toolchain-1.0.pom
[INFO] Downloaded: https://repo.maven.apache.org/maven2/org/apache/maven/maven-toolchain/1.0/maven-toolchain-1.0.pom (4 KB at 83.3 KB/sec)
[INFO] Downloading: https://repo.maven.apache.org/maven2/org/apache/maven/shared/maven-shared-utils/0.1/maven-shared-utils-0.1.pom
[INFO] Downloaded: https://repo.maven.apache.org/maven2/org/apache/maven/shared/maven-shared-utils/0.1/maven-shared-utils-0.1.pom (4 KB at 104.0 KB/sec)
[INFO] Downloading: https://repo.maven.apache.org/maven2/org/apache/maven/shared/maven-shared-components/18/maven-shared-components-18.pom
[INFO] Downloaded: https://repo.maven.apache.org/maven2/org/apache/maven/shared/maven-shared-components/18/maven-shared-components-18.pom (5 KB at 114.7 KB/sec)
[INFO] Downloading: https://repo.maven.apache.org/maven2/org/apache/maven/shared/maven-shared-incremental/1.1/maven-shared-incremental-1.1.pom
[INFO] Downloaded: https://repo.maven.apache.org/maven2/org/apache/maven/shared/maven-shared-incremental/1.1/maven-shared-incremental-1.1.pom (5 KB at 121.9 KB/sec)
[INFO] Downloading: https://repo.maven.apache.org/maven2/org/apache/maven/shared/maven-shared-components/19/maven-shared-components-19.pom
[INFO] Downloaded: https://repo.maven.apache.org/maven2/org/apache/maven/shared/maven-shared-components/19/maven-shared-components-19.pom (7 KB at 151.5 KB/sec)
[INFO] Downloading: https://repo.maven.apache.org/maven2/org/apache/maven/maven-plugin-api/2.2.1/maven-plugin-api-2.2.1.pom
[INFO] Downloaded: https://repo.maven.apache.org/maven2/org/apache/maven/maven-plugin-api/2.2.1/maven-plugin-api-2.2.1.pom (2 KB at 37.5 KB/sec)
[INFO] Downloading: https://repo.maven.apache.org/maven2/org/apache/maven/maven/2.2.1/maven-2.2.1.pom
[INFO] Downloaded: https://repo.maven.apache.org/maven2/org/apache/maven/maven/2.2.1/maven-2.2.1.pom (22 KB at 405.3 KB/sec)
[INFO] Downloading: https://repo.maven.apache.org/maven2/org/apache/maven/maven-parent/11/maven-parent-11.pom
[INFO] Downloaded: https://repo.maven.apache.org/maven2/org/apache/maven/maven-parent/11/maven-parent-11.pom (32 KB at 608.6 KB/sec)
[INFO] Downloading: https://repo.maven.apache.org/maven2/org/apache/apache/5/apache-5.pom
[INFO] Downloaded: https://repo.maven.apache.org/maven2/org/apache/apache/5/apache-5.pom (5 KB at 105.3 KB/sec)
[INFO] Downloading: https://repo.maven.apache.org/maven2/org/apache/maven/maven-core/2.2.1/maven-core-2.2.1.pom
[INFO] Downloaded: https://repo.maven.apache.org/maven2/org/apache/maven/maven-core/2.2.1/maven-core-2.2.1.pom (12 KB at 214.3 KB/sec)
[INFO] Downloading: https://repo.maven.apache.org/maven2/org/apache/maven/maven-settings/2.2.1/maven-settings-2.2.1.pom
[INFO] Downloaded: https://repo.maven.apache.org/maven2/org/apache/maven/maven-settings/2.2.1/maven-settings-2.2.1.pom (3 KB at 56.0 KB/sec)
[INFO] Downloading: https://repo.maven.apache.org/maven2/org/apache/maven/maven-model/2.2.1/maven-model-2.2.1.pom
[INFO] Downloaded: https://repo.maven.apache.org/maven2/org/apache/maven/maven-model/2.2.1/maven-model-2.2.1.pom (4 KB at 83.3 KB/sec)
[INFO] Downloading: https://repo.maven.apache.org/maven2/org/codehaus/plexus/plexus-interpolation/1.11/plexus-interpolation-1.11.pom
[INFO] Downloaded: https://repo.maven.apache.org/maven2/org/codehaus/plexus/plexus-interpolation/1.11/plexus-interpolation-1.11.pom (889 B at 20.7 KB/sec)
[INFO] Downloading: https://repo.maven.apache.org/maven2/org/apache/maven/maven-plugin-parameter-documenter/2.2.1/maven-plugin-parameter-documenter-2.2.1.pom
[INFO] Downloaded: https://repo.maven.apache.org/maven2/org/apache/maven/maven-plugin-parameter-documenter/2.2.1/maven-plugin-parameter-documenter-2.2.1.pom (2 KB at 50.3 KB/sec)
[INFO] Downloading: https://repo.maven.apache.org/maven2/org/slf4j/slf4j-jdk14/1.5.6/slf4j-jdk14-1.5.6.pom
[INFO] Downloaded: https://repo.maven.apache.org/maven2/org/slf4j/slf4j-jdk14/1.5.6/slf4j-jdk14-1.5.6.pom (2 KB at 48.8 KB/sec)
[INFO] Downloading: https://repo.maven.apache.org/maven2/org/slf4j/slf4j-parent/1.5.6/slf4j-parent-1.5.6.pom
[INFO] Downloaded: https://repo.maven.apache.org/maven2/org/slf4j/slf4j-parent/1.5.6/slf4j-parent-1.5.6.pom (8 KB at 209.0 KB/sec)
[INFO] Downloading: https://repo.maven.apache.org/maven2/org/slf4j/slf4j-api/1.5.6/slf4j-api-1.5.6.pom
[INFO] Downloaded: https://repo.maven.apache.org/maven2/org/slf4j/slf4j-api/1.5.6/slf4j-api-1.5.6.pom (3 KB at 76.7 KB/sec)
[INFO] Downloading: https://repo.maven.apache.org/maven2/org/slf4j/jcl-over-slf4j/1.5.6/jcl-over-slf4j-1.5.6.pom
[INFO] Downloaded: https://repo.maven.apache.org/maven2/org/slf4j/jcl-over-slf4j/1.5.6/jcl-over-slf4j-1.5.6.pom (3 KB at 57.2 KB/sec)
[INFO] Downloading: https://repo.maven.apache.org/maven2/org/apache/maven/maven-profile/2.2.1/maven-profile-2.2.1.pom
[INFO] Downloaded: https://repo.maven.apache.org/maven2/org/apache/maven/maven-profile/2.2.1/maven-profile-2.2.1.pom (3 KB at 57.3 KB/sec)
[INFO] Downloading: https://repo.maven.apache.org/maven2/org/apache/maven/maven-artifact/2.2.1/maven-artifact-2.2.1.pom
[INFO] Downloaded: https://repo.maven.apache.org/maven2/org/apache/maven/maven-artifact/2.2.1/maven-artifact-2.2.1.pom (2 KB at 37.7 KB/sec)
[INFO] Downloading: https://repo.maven.apache.org/maven2/org/apache/maven/maven-repository-metadata/2.2.1/maven-repository-metadata-2.2.1.pom
[INFO] Downloaded: https://repo.maven.apache.org/maven2/org/apache/maven/maven-repository-metadata/2.2.1/maven-repository-metadata-2.2.1.pom (2 KB at 44.6 KB/sec)
[INFO] Downloading: https://repo.maven.apache.org/maven2/org/apache/maven/maven-error-diagnostics/2.2.1/maven-error-diagnostics-2.2.1.pom
[INFO] Downloaded: https://repo.maven.apache.org/maven2/org/apache/maven/maven-error-diagnostics/2.2.1/maven-error-diagnostics-2.2.1.pom (2 KB at 40.7 KB/sec)
[INFO] Downloading: https://repo.maven.apache.org/maven2/org/apache/maven/maven-project/2.2.1/maven-project-2.2.1.pom
[INFO] Downloaded: https://repo.maven.apache.org/maven2/org/apache/maven/maven-project/2.2.1/maven-project-2.2.1.pom (3 KB at 69.4 KB/sec)
[INFO] Downloading: https://repo.maven.apache.org/maven2/org/apache/maven/maven-artifact-manager/2.2.1/maven-artifact-manager-2.2.1.pom
[INFO] Downloaded: https://repo.maven.apache.org/maven2/org/apache/maven/maven-artifact-manager/2.2.1/maven-artifact-manager-2.2.1.pom (4 KB at 79.7 KB/sec)
[INFO] Downloading: https://repo.maven.apache.org/maven2/backport-util-concurrent/backport-util-concurrent/3.1/backport-util-concurrent-3.1.pom
[INFO] Downloaded: https://repo.maven.apache.org/maven2/backport-util-concurrent/backport-util-concurrent/3.1/backport-util-concurrent-3.1.pom (880 B at 22.6 KB/sec)
[INFO] Downloading: https://repo.maven.apache.org/maven2/org/apache/maven/maven-plugin-registry/2.2.1/maven-plugin-registry-2.2.1.pom
[INFO] Downloaded: https://repo.maven.apache.org/maven2/org/apache/maven/maven-plugin-registry/2.2.1/maven-plugin-registry-2.2.1.pom (2 KB at 48.3 KB/sec)
[INFO] Downloading: https://repo.maven.apache.org/maven2/org/apache/maven/maven-plugin-descriptor/2.2.1/maven-plugin-descriptor-2.2.1.pom
[INFO] Downloaded: https://repo.maven.apache.org/maven2/org/apache/maven/maven-plugin-descriptor/2.2.1/maven-plugin-descriptor-2.2.1.pom (3 KB at 50.4 KB/sec)
[INFO] Downloading: https://repo.maven.apache.org/maven2/org/apache/maven/maven-monitor/2.2.1/maven-monitor-2.2.1.pom
[INFO] Downloaded: https://repo.maven.apache.org/maven2/org/apache/maven/maven-monitor/2.2.1/maven-monitor-2.2.1.pom (2 KB at 31.5 KB/sec)
[INFO] Downloading: https://repo.maven.apache.org/maven2/org/sonatype/plexus/plexus-sec-dispatcher/1.3/plexus-sec-dispatcher-1.3.pom
[INFO] Downloaded: https://repo.maven.apache.org/maven2/org/sonatype/plexus/plexus-sec-dispatcher/1.3/plexus-sec-dispatcher-1.3.pom (3 KB at 78.2 KB/sec)
[INFO] Downloading: https://repo.maven.apache.org/maven2/org/codehaus/plexus/plexus-utils/1.5.5/plexus-utils-1.5.5.pom
[INFO] Downloaded: https://repo.maven.apache.org/maven2/org/codehaus/plexus/plexus-utils/1.5.5/plexus-utils-1.5.5.pom (6 KB at 116.9 KB/sec)
[INFO] Downloading: https://repo.maven.apache.org/maven2/org/sonatype/plexus/plexus-cipher/1.4/plexus-cipher-1.4.pom
[INFO] Downloaded: https://repo.maven.apache.org/maven2/org/sonatype/plexus/plexus-cipher/1.4/plexus-cipher-1.4.pom (3 KB at 53.1 KB/sec)
[INFO] Downloading: https://repo.maven.apache.org/maven2/org/codehaus/plexus/plexus-component-annotations/1.5.5/plexus-component-annotations-1.5.5.pom
[INFO] Downloaded: https://repo.maven.apache.org/maven2/org/codehaus/plexus/plexus-component-annotations/1.5.5/plexus-component-annotations-1.5.5.pom (815 B at 21.5 KB/sec)
[INFO] Downloading: https://repo.maven.apache.org/maven2/org/codehaus/plexus/plexus-containers/1.5.5/plexus-containers-1.5.5.pom
[INFO] Downloaded: https://repo.maven.apache.org/maven2/org/codehaus/plexus/plexus-containers/1.5.5/plexus-containers-1.5.5.pom (5 KB at 109.0 KB/sec)
[INFO] Downloading: https://repo.maven.apache.org/maven2/org/codehaus/plexus/plexus/2.0.7/plexus-2.0.7.pom
[INFO] Downloaded: https://repo.maven.apache.org/maven2/org/codehaus/plexus/plexus/2.0.7/plexus-2.0.7.pom (17 KB at 301.6 KB/sec)
[INFO] Downloading: https://repo.maven.apache.org/maven2/org/codehaus/plexus/plexus-compiler-api/2.2/plexus-compiler-api-2.2.pom
[INFO] Downloaded: https://repo.maven.apache.org/maven2/org/codehaus/plexus/plexus-compiler-api/2.2/plexus-compiler-api-2.2.pom (865 B at 21.7 KB/sec)
[INFO] Downloading: https://repo.maven.apache.org/maven2/org/codehaus/plexus/plexus-compiler/2.2/plexus-compiler-2.2.pom
[INFO] Downloaded: https://repo.maven.apache.org/maven2/org/codehaus/plexus/plexus-compiler/2.2/plexus-compiler-2.2.pom (4 KB at 86.1 KB/sec)
[INFO] Downloading: https://repo.maven.apache.org/maven2/org/codehaus/plexus/plexus-components/1.3.1/plexus-components-1.3.1.pom
[INFO] Downloaded: https://repo.maven.apache.org/maven2/org/codehaus/plexus/plexus-components/1.3.1/plexus-components-1.3.1.pom (3 KB at 68.0 KB/sec)
[INFO] Downloading: https://repo.maven.apache.org/maven2/org/codehaus/plexus/plexus/3.3.1/plexus-3.3.1.pom
[INFO] Downloaded: https://repo.maven.apache.org/maven2/org/codehaus/plexus/plexus/3.3.1/plexus-3.3.1.pom (20 KB at 369.8 KB/sec)
[INFO] Downloading: https://repo.maven.apache.org/maven2/org/codehaus/plexus/plexus-compiler-manager/2.2/plexus-compiler-manager-2.2.pom
[INFO] Downloaded: https://repo.maven.apache.org/maven2/org/codehaus/plexus/plexus-compiler-manager/2.2/plexus-compiler-manager-2.2.pom (690 B at 16.8 KB/sec)
[INFO] Downloading: https://repo.maven.apache.org/maven2/org/codehaus/plexus/plexus-compiler-javac/2.2/plexus-compiler-javac-2.2.pom
[INFO] Downloaded: https://repo.maven.apache.org/maven2/org/codehaus/plexus/plexus-compiler-javac/2.2/plexus-compiler-javac-2.2.pom (769 B at 19.3 KB/sec)
[INFO] Downloading: https://repo.maven.apache.org/maven2/org/codehaus/plexus/plexus-compilers/2.2/plexus-compilers-2.2.pom
[INFO] Downloaded: https://repo.maven.apache.org/maven2/org/codehaus/plexus/plexus-compilers/2.2/plexus-compilers-2.2.pom (2 KB at 31.1 KB/sec)
[INFO] Downloading: https://repo.maven.apache.org/maven2/org/codehaus/plexus/plexus-container-default/1.5.5/plexus-container-default-1.5.5.pom
[INFO] Downloaded: https://repo.maven.apache.org/maven2/org/codehaus/plexus/plexus-container-default/1.5.5/plexus-container-default-1.5.5.pom (3 KB at 65.6 KB/sec)
[INFO] Downloading: https://repo.maven.apache.org/maven2/org/codehaus/plexus/plexus-utils/1.4.5/plexus-utils-1.4.5.pom
[INFO] Downloaded: https://repo.maven.apache.org/maven2/org/codehaus/plexus/plexus-utils/1.4.5/plexus-utils-1.4.5.pom (3 KB at 53.9 KB/sec)
[INFO] Downloading: https://repo.maven.apache.org/maven2/org/codehaus/plexus/plexus-classworlds/2.2.2/plexus-classworlds-2.2.2.pom
[INFO] Downloaded: https://repo.maven.apache.org/maven2/org/codehaus/plexus/plexus-classworlds/2.2.2/plexus-classworlds-2.2.2.pom (4 KB at 63.5 KB/sec)
[INFO] Downloading: https://repo.maven.apache.org/maven2/org/apache/xbean/xbean-reflect/3.4/xbean-reflect-3.4.pom
[INFO] Downloaded: https://repo.maven.apache.org/maven2/org/apache/xbean/xbean-reflect/3.4/xbean-reflect-3.4.pom (3 KB at 65.3 KB/sec)
[INFO] Downloading: https://repo.maven.apache.org/maven2/org/apache/xbean/xbean/3.4/xbean-3.4.pom
[INFO] Downloaded: https://repo.maven.apache.org/maven2/org/apache/xbean/xbean/3.4/xbean-3.4.pom (19 KB at 266.1 KB/sec)
[INFO] Downloading: https://repo.maven.apache.org/maven2/log4j/log4j/1.2.12/log4j-1.2.12.pom
[INFO] Downloaded: https://repo.maven.apache.org/maven2/log4j/log4j/1.2.12/log4j-1.2.12.pom (145 B at 3.7 KB/sec)
[INFO] Downloading: https://repo.maven.apache.org/maven2/commons-logging/commons-logging-api/1.1/commons-logging-api-1.1.pom
[INFO] Downloaded: https://repo.maven.apache.org/maven2/commons-logging/commons-logging-api/1.1/commons-logging-api-1.1.pom (6 KB at 133.9 KB/sec)
[INFO] Downloading: https://repo.maven.apache.org/maven2/com/google/collections/google-collections/1.0/google-collections-1.0.pom
[INFO] Downloaded: https://repo.maven.apache.org/maven2/com/google/collections/google-collections/1.0/google-collections-1.0.pom (3 KB at 63.7 KB/sec)
[INFO] Downloading: https://repo.maven.apache.org/maven2/com/google/google/1/google-1.pom
[INFO] Downloaded: https://repo.maven.apache.org/maven2/com/google/google/1/google-1.pom (2 KB at 39.9 KB/sec)
[INFO] Downloading: https://repo.maven.apache.org/maven2/junit/junit/3.8.2/junit-3.8.2.pom
[INFO] Downloaded: https://repo.maven.apache.org/maven2/junit/junit/3.8.2/junit-3.8.2.pom (747 B at 18.7 KB/sec)
[INFO] Downloading: https://repo.maven.apache.org/maven2/org/codehaus/plexus/plexus-utils/1.5.1/plexus-utils-1.5.1.jar
[INFO] Downloading: https://repo.maven.apache.org/maven2/org/apache/maven/shared/maven-shared-utils/0.1/maven-shared-utils-0.1.jar
[INFO] Downloading: https://repo.maven.apache.org/maven2/org/apache/maven/shared/maven-shared-incremental/1.1/maven-shared-incremental-1.1.jar
[INFO] Downloading: https://repo.maven.apache.org/maven2/org/codehaus/plexus/plexus-component-annotations/1.5.5/plexus-component-annotations-1.5.5.jar
[INFO] Downloading: https://repo.maven.apache.org/maven2/org/codehaus/plexus/plexus-compiler-api/2.2/plexus-compiler-api-2.2.jar
[INFO] Downloaded: https://repo.maven.apache.org/maven2/org/codehaus/plexus/plexus-component-annotations/1.5.5/plexus-component-annotations-1.5.5.jar (5 KB at 97.9 KB/sec)
[INFO] Downloading: https://repo.maven.apache.org/maven2/org/codehaus/plexus/plexus-compiler-manager/2.2/plexus-compiler-manager-2.2.jar
[INFO] Downloaded: https://repo.maven.apache.org/maven2/org/codehaus/plexus/plexus-compiler-api/2.2/plexus-compiler-api-2.2.jar (25 KB at 530.5 KB/sec)
[INFO] Downloading: https://repo.maven.apache.org/maven2/org/codehaus/plexus/plexus-compiler-javac/2.2/plexus-compiler-javac-2.2.jar
[INFO] Downloaded: https://repo.maven.apache.org/maven2/org/apache/maven/shared/maven-shared-utils/0.1/maven-shared-utils-0.1.jar (151 KB at 2901.9 KB/sec)
[INFO] Downloading: https://repo.maven.apache.org/maven2/org/apache/xbean/xbean-reflect/3.4/xbean-reflect-3.4.jar
[INFO] Downloaded: https://repo.maven.apache.org/maven2/org/apache/maven/shared/maven-shared-incremental/1.1/maven-shared-incremental-1.1.jar (14 KB at 224.1 KB/sec)
[INFO] Downloading: https://repo.maven.apache.org/maven2/log4j/log4j/1.2.12/log4j-1.2.12.jar
[INFO] Downloaded: https://repo.maven.apache.org/maven2/org/codehaus/plexus/plexus-compiler-manager/2.2/plexus-compiler-manager-2.2.jar (5 KB at 55.7 KB/sec)
[INFO] Downloading: https://repo.maven.apache.org/maven2/commons-logging/commons-logging-api/1.1/commons-logging-api-1.1.jar
[INFO] Downloaded: https://repo.maven.apache.org/maven2/org/codehaus/plexus/plexus-compiler-javac/2.2/plexus-compiler-javac-2.2.jar (19 KB at 218.0 KB/sec)
[INFO] Downloading: https://repo.maven.apache.org/maven2/com/google/collections/google-collections/1.0/google-collections-1.0.jar
[INFO] Downloaded: https://repo.maven.apache.org/maven2/org/apache/xbean/xbean-reflect/3.4/xbean-reflect-3.4.jar (131 KB at 1375.7 KB/sec)
[INFO] Downloading: https://repo.maven.apache.org/maven2/junit/junit/3.8.2/junit-3.8.2.jar
[INFO] Downloaded: https://repo.maven.apache.org/maven2/log4j/log4j/1.2.12/log4j-1.2.12.jar (350 KB at 3094.6 KB/sec)
[INFO] Downloaded: https://repo.maven.apache.org/maven2/org/codehaus/plexus/plexus-utils/1.5.1/plexus-utils-1.5.1.jar (206 KB at 1714.5 KB/sec)
[INFO] Downloaded: https://repo.maven.apache.org/maven2/commons-logging/commons-logging-api/1.1/commons-logging-api-1.1.jar (44 KB at 366.0 KB/sec)
[INFO] Downloaded: https://repo.maven.apache.org/maven2/junit/junit/3.8.2/junit-3.8.2.jar (118 KB at 760.1 KB/sec)
[INFO] Downloaded: https://repo.maven.apache.org/maven2/com/google/collections/google-collections/1.0/google-collections-1.0.jar (625 KB at 3548.9 KB/sec)
[INFO] Changes detected - recompiling the module!
[INFO] Compiling 42 source files to /home/travis/build/davidmoten/rxjava-jdbc/target/classes
[INFO] -------------------------------------------------------------
[ERROR] COMPILATION ERROR : 
[INFO] -------------------------------------------------------------
[ERROR] /home/travis/build/davidmoten/rxjava-jdbc/src/main/java/com/github/davidmoten/rx/jdbc/Util.java:[237,16] cannot find symbol
  symbol:   class ResultSetMapper
  location: class com.github.davidmoten.rx.jdbc.Util
[ERROR] /home/travis/build/davidmoten/rxjava-jdbc/src/main/java/com/github/davidmoten/rx/jdbc/QuerySelect.java:[83,38] cannot find symbol
  symbol:   class ResultSetMapper
  location: class com.github.davidmoten.rx.jdbc.QuerySelect
[ERROR] /home/travis/build/davidmoten/rxjava-jdbc/src/main/java/com/github/davidmoten/rx/jdbc/QuerySelect.java:[97,19] cannot find symbol
  symbol:   class ResultSetMapper
  location: class com.github.davidmoten.rx.jdbc.QuerySelect
[ERROR] /home/travis/build/davidmoten/rxjava-jdbc/src/main/java/com/github/davidmoten/rx/jdbc/QuerySelect.java:[115,13] cannot find symbol
  symbol:   class ResultSetMapper
  location: class com.github.davidmoten.rx.jdbc.QuerySelect
[ERROR] /home/travis/build/davidmoten/rxjava-jdbc/src/main/java/com/github/davidmoten/rx/jdbc/QuerySelect.java:[210,38] cannot find symbol
  symbol:   class ResultSetMapper
  location: class com.github.davidmoten.rx.jdbc.QuerySelect.Builder
[ERROR] /home/travis/build/davidmoten/rxjava-jdbc/src/main/java/com/github/davidmoten/rx/jdbc/QuerySelect.java:[442,39] cannot find symbol
  symbol:   class ResultSetMapper
  location: class com.github.davidmoten.rx.jdbc.QuerySelect.OperatorBuilder<R>
[ERROR] /home/travis/build/davidmoten/rxjava-jdbc/src/main/java/com/github/davidmoten/rx/jdbc/QuerySelectProducer.java:[21,19] cannot find symbol
  symbol:   class ResultSetMapper
  location: class com.github.davidmoten.rx.jdbc.QuerySelectProducer<T>
[ERROR] /home/travis/build/davidmoten/rxjava-jdbc/src/main/java/com/github/davidmoten/rx/jdbc/QuerySelectProducer.java:[30,25] cannot find symbol
  symbol:   class ResultSetMapper
  location: class com.github.davidmoten.rx.jdbc.QuerySelectProducer<T>
[ERROR] /home/travis/build/davidmoten/rxjava-jdbc/src/main/java/com/github/davidmoten/rx/jdbc/tuple/Tuples.java:[10,37] cannot find symbol
  symbol:   class ResultSetMapper
  location: package com.github.davidmoten.rx.jdbc
[ERROR] /home/travis/build/davidmoten/rxjava-jdbc/src/main/java/com/github/davidmoten/rx/jdbc/tuple/Tuples.java:[24,23] cannot find symbol
  symbol:   class ResultSetMapper
  location: class com.github.davidmoten.rx.jdbc.tuple.Tuples
[ERROR] /home/travis/build/davidmoten/rxjava-jdbc/src/main/java/com/github/davidmoten/rx/jdbc/tuple/Tuples.java:[36,28] cannot find symbol
  symbol:   class ResultSetMapper
  location: class com.github.davidmoten.rx.jdbc.tuple.Tuples
[ERROR] /home/travis/build/davidmoten/rxjava-jdbc/src/main/java/com/github/davidmoten/rx/jdbc/tuple/Tuples.java:[48,32] cannot find symbol
  symbol:   class ResultSetMapper
  location: class com.github.davidmoten.rx.jdbc.tuple.Tuples
[ERROR] /home/travis/build/davidmoten/rxjava-jdbc/src/main/java/com/github/davidmoten/rx/jdbc/tuple/Tuples.java:[60,36] cannot find symbol
  symbol:   class ResultSetMapper
  location: class com.github.davidmoten.rx.jdbc.tuple.Tuples
[ERROR] /home/travis/build/davidmoten/rxjava-jdbc/src/main/java/com/github/davidmoten/rx/jdbc/tuple/Tuples.java:[72,40] cannot find symbol
  symbol:   class ResultSetMapper
  location: class com.github.davidmoten.rx.jdbc.tuple.Tuples
[ERROR] /home/travis/build/davidmoten/rxjava-jdbc/src/main/java/com/github/davidmoten/rx/jdbc/tuple/Tuples.java:[86,44] cannot find symbol
  symbol:   class ResultSetMapper
  location: class com.github.davidmoten.rx.jdbc.tuple.Tuples
[ERROR] /home/travis/build/davidmoten/rxjava-jdbc/src/main/java/com/github/davidmoten/rx/jdbc/tuple/Tuples.java:[102,48] cannot find symbol
  symbol:   class ResultSetMapper
  location: class com.github.davidmoten.rx.jdbc.tuple.Tuples
[ERROR] /home/travis/build/davidmoten/rxjava-jdbc/src/main/java/com/github/davidmoten/rx/jdbc/tuple/Tuples.java:[118,23] cannot find symbol
  symbol:   class ResultSetMapper
  location: class com.github.davidmoten.rx.jdbc.tuple.Tuples
[ERROR] /home/travis/build/davidmoten/rxjava-jdbc/src/main/java/com/github/davidmoten/rx/jdbc/QuerySelectOperation.java:[32,13] cannot find symbol
  symbol:   class ResultSetMapper
  location: class com.github.davidmoten.rx.jdbc.QuerySelectOperation
[ERROR] /home/travis/build/davidmoten/rxjava-jdbc/src/main/java/com/github/davidmoten/rx/jdbc/QuerySelectOperation.java:[41,23] cannot find symbol
  symbol:   class ResultSetMapper
  location: class com.github.davidmoten.rx.jdbc.QuerySelectOperation.QuerySelectOnSubscribe<T>
[ERROR] /home/travis/build/davidmoten/rxjava-jdbc/src/main/java/com/github/davidmoten/rx/jdbc/QuerySelectOperation.java:[62,17] cannot find symbol
  symbol:   class ResultSetMapper
  location: class com.github.davidmoten.rx.jdbc.QuerySelectOperation.QuerySelectOnSubscribe<T>
[ERROR] /home/travis/build/davidmoten/rxjava-jdbc/src/main/java/com/github/davidmoten/rx/jdbc/QuerySelectOperator.java:[28,19] cannot find symbol
  symbol:   class ResultSetMapper
  location: class com.github.davidmoten.rx.jdbc.QuerySelectOperator<T,R>
[ERROR] /home/travis/build/davidmoten/rxjava-jdbc/src/main/java/com/github/davidmoten/rx/jdbc/QuerySelectOperator.java:[41,17] cannot find symbol
  symbol:   class ResultSetMapper
  location: class com.github.davidmoten.rx.jdbc.QuerySelectOperator.ApplyQuerySelect<R,T>
[ERROR] /home/travis/build/davidmoten/rxjava-jdbc/src/main/java/com/github/davidmoten/rx/jdbc/QuerySelectOperator.java:[45,17] cannot find symbol
  symbol:   class ResultSetMapper
  location: class com.github.davidmoten.rx.jdbc.QuerySelectOperator.ApplyQuerySelect<R,T>
[ERROR] /home/travis/build/davidmoten/rxjava-jdbc/src/main/java/com/github/davidmoten/rx/jdbc/QuerySelect.java:[377,28] cannot find symbol
  symbol:   class ResultSetMapper
  location: class com.github.davidmoten.rx.jdbc.QuerySelect.Builder
[ERROR] /home/travis/build/davidmoten/rxjava-jdbc/src/main/java/com/github/davidmoten/rx/jdbc/Util.java:[238,20] cannot find symbol
  symbol:   class ResultSetMapper
  location: class com.github.davidmoten.rx.jdbc.Util
[ERROR] /home/travis/build/davidmoten/rxjava-jdbc/src/main/java/com/github/davidmoten/rx/jdbc/tuple/Tuples.java:[25,20] cannot find symbol
  symbol:   class ResultSetMapper
  location: class com.github.davidmoten.rx.jdbc.tuple.Tuples
[ERROR] /home/travis/build/davidmoten/rxjava-jdbc/src/main/java/com/github/davidmoten/rx/jdbc/tuple/Tuples.java:[38,20] cannot find symbol
  symbol:   class ResultSetMapper
  location: class com.github.davidmoten.rx.jdbc.tuple.Tuples
[ERROR] /home/travis/build/davidmoten/rxjava-jdbc/src/main/java/com/github/davidmoten/rx/jdbc/tuple/Tuples.java:[50,20] cannot find symbol
  symbol:   class ResultSetMapper
  location: class com.github.davidmoten.rx.jdbc.tuple.Tuples
[ERROR] /home/travis/build/davidmoten/rxjava-jdbc/src/main/java/com/github/davidmoten/rx/jdbc/tuple/Tuples.java:[62,20] cannot find symbol
  symbol:   class ResultSetMapper
  location: class com.github.davidmoten.rx.jdbc.tuple.Tuples
[ERROR] /home/travis/build/davidmoten/rxjava-jdbc/src/main/java/com/github/davidmoten/rx/jdbc/tuple/Tuples.java:[75,20] cannot find symbol
  symbol:   class ResultSetMapper
  location: class com.github.davidmoten.rx.jdbc.tuple.Tuples
[ERROR] /home/travis/build/davidmoten/rxjava-jdbc/src/main/java/com/github/davidmoten/rx/jdbc/tuple/Tuples.java:[90,20] cannot find symbol
  symbol:   class ResultSetMapper
  location: class com.github.davidmoten.rx.jdbc.tuple.Tuples
[ERROR] /home/travis/build/davidmoten/rxjava-jdbc/src/main/java/com/github/davidmoten/rx/jdbc/tuple/Tuples.java:[106,20] cannot find symbol
  symbol:   class ResultSetMapper
  location: class com.github.davidmoten.rx.jdbc.tuple.Tuples
[ERROR] /home/travis/build/davidmoten/rxjava-jdbc/src/main/java/com/github/davidmoten/rx/jdbc/tuple/Tuples.java:[119,20] cannot find symbol
  symbol:   class ResultSetMapper
  location: class com.github.davidmoten.rx.jdbc.tuple.Tuples
[INFO] 33 errors 
[INFO] -------------------------------------------------------------
[INFO] ------------------------------------------------------------------------
[INFO] BUILD FAILURE
[INFO] ------------------------------------------------------------------------
[INFO] Total time: 22.431 s
[INFO] Finished at: 2015-06-03T11:37:47+00:00
[INFO] Final Memory: 23M/181M
[INFO] ------------------------------------------------------------------------
[ERROR] Failed to execute goal org.apache.maven.plugins:maven-compiler-plugin:3.1:compile (default-compile) on project rxjava-jdbc: Compilation failure: Compilation failure:
[ERROR] /home/travis/build/davidmoten/rxjava-jdbc/src/main/java/com/github/davidmoten/rx/jdbc/Util.java:[237,16] cannot find symbol
[ERROR] symbol:   class ResultSetMapper
[ERROR] location: class com.github.davidmoten.rx.jdbc.Util
[ERROR] /home/travis/build/davidmoten/rxjava-jdbc/src/main/java/com/github/davidmoten/rx/jdbc/QuerySelect.java:[83,38] cannot find symbol
[ERROR] symbol:   class ResultSetMapper
[ERROR] location: class com.github.davidmoten.rx.jdbc.QuerySelect
[ERROR] /home/travis/build/davidmoten/rxjava-jdbc/src/main/java/com/github/davidmoten/rx/jdbc/QuerySelect.java:[97,19] cannot find symbol
[ERROR] symbol:   class ResultSetMapper
[ERROR] location: class com.github.davidmoten.rx.jdbc.QuerySelect
[ERROR] /home/travis/build/davidmoten/rxjava-jdbc/src/main/java/com/github/davidmoten/rx/jdbc/QuerySelect.java:[115,13] cannot find symbol
[ERROR] symbol:   class ResultSetMapper
[ERROR] location: class com.github.davidmoten.rx.jdbc.QuerySelect
[ERROR] /home/travis/build/davidmoten/rxjava-jdbc/src/main/java/com/github/davidmoten/rx/jdbc/QuerySelect.java:[210,38] cannot find symbol
[ERROR] symbol:   class ResultSetMapper
[ERROR] location: class com.github.davidmoten.rx.jdbc.QuerySelect.Builder
[ERROR] /home/travis/build/davidmoten/rxjava-jdbc/src/main/java/com/github/davidmoten/rx/jdbc/QuerySelect.java:[442,39] cannot find symbol
[ERROR] symbol:   class ResultSetMapper
[ERROR] location: class com.github.davidmoten.rx.jdbc.QuerySelect.OperatorBuilder<R>
[ERROR] /home/travis/build/davidmoten/rxjava-jdbc/src/main/java/com/github/davidmoten/rx/jdbc/QuerySelectProducer.java:[21,19] cannot find symbol
[ERROR] symbol:   class ResultSetMapper
[ERROR] location: class com.github.davidmoten.rx.jdbc.QuerySelectProducer<T>
[ERROR] /home/travis/build/davidmoten/rxjava-jdbc/src/main/java/com/github/davidmoten/rx/jdbc/QuerySelectProducer.java:[30,25] cannot find symbol
[ERROR] symbol:   class ResultSetMapper
[ERROR] location: class com.github.davidmoten.rx.jdbc.QuerySelectProducer<T>
[ERROR] /home/travis/build/davidmoten/rxjava-jdbc/src/main/java/com/github/davidmoten/rx/jdbc/tuple/Tuples.java:[10,37] cannot find symbol
[ERROR] symbol:   class ResultSetMapper
[ERROR] location: package com.github.davidmoten.rx.jdbc
[ERROR] /home/travis/build/davidmoten/rxjava-jdbc/src/main/java/com/github/davidmoten/rx/jdbc/tuple/Tuples.java:[24,23] cannot find symbol
[ERROR] symbol:   class ResultSetMapper
[ERROR] location: class com.github.davidmoten.rx.jdbc.tuple.Tuples
[ERROR] /home/travis/build/davidmoten/rxjava-jdbc/src/main/java/com/github/davidmoten/rx/jdbc/tuple/Tuples.java:[36,28] cannot find symbol
[ERROR] symbol:   class ResultSetMapper
[ERROR] location: class com.github.davidmoten.rx.jdbc.tuple.Tuples
[ERROR] /home/travis/build/davidmoten/rxjava-jdbc/src/main/java/com/github/davidmoten/rx/jdbc/tuple/Tuples.java:[48,32] cannot find symbol
[ERROR] symbol:   class ResultSetMapper
[ERROR] location: class com.github.davidmoten.rx.jdbc.tuple.Tuples
[ERROR] /home/travis/build/davidmoten/rxjava-jdbc/src/main/java/com/github/davidmoten/rx/jdbc/tuple/Tuples.java:[60,36] cannot find symbol
[ERROR] symbol:   class ResultSetMapper
[ERROR] location: class com.github.davidmoten.rx.jdbc.tuple.Tuples
[ERROR] /home/travis/build/davidmoten/rxjava-jdbc/src/main/java/com/github/davidmoten/rx/jdbc/tuple/Tuples.java:[72,40] cannot find symbol
[ERROR] symbol:   class ResultSetMapper
[ERROR] location: class com.github.davidmoten.rx.jdbc.tuple.Tuples
[ERROR] /home/travis/build/davidmoten/rxjava-jdbc/src/main/java/com/github/davidmoten/rx/jdbc/tuple/Tuples.java:[86,44] cannot find symbol
[ERROR] symbol:   class ResultSetMapper
[ERROR] location: class com.github.davidmoten.rx.jdbc.tuple.Tuples
[ERROR] /home/travis/build/davidmoten/rxjava-jdbc/src/main/java/com/github/davidmoten/rx/jdbc/tuple/Tuples.java:[102,48] cannot find symbol
[ERROR] symbol:   class ResultSetMapper
[ERROR] location: class com.github.davidmoten.rx.jdbc.tuple.Tuples
[ERROR] /home/travis/build/davidmoten/rxjava-jdbc/src/main/java/com/github/davidmoten/rx/jdbc/tuple/Tuples.java:[118,23] cannot find symbol
[ERROR] symbol:   class ResultSetMapper
[ERROR] location: class com.github.davidmoten.rx.jdbc.tuple.Tuples
[ERROR] /home/travis/build/davidmoten/rxjava-jdbc/src/main/java/com/github/davidmoten/rx/jdbc/QuerySelectOperation.java:[32,13] cannot find symbol
[ERROR] symbol:   class ResultSetMapper
[ERROR] location: class com.github.davidmoten.rx.jdbc.QuerySelectOperation
[ERROR] /home/travis/build/davidmoten/rxjava-jdbc/src/main/java/com/github/davidmoten/rx/jdbc/QuerySelectOperation.java:[41,23] cannot find symbol
[ERROR] symbol:   class ResultSetMapper
[ERROR] location: class com.github.davidmoten.rx.jdbc.QuerySelectOperation.QuerySelectOnSubscribe<T>
[ERROR] /home/travis/build/davidmoten/rxjava-jdbc/src/main/java/com/github/davidmoten/rx/jdbc/QuerySelectOperation.java:[62,17] cannot find symbol
[ERROR] symbol:   class ResultSetMapper
[ERROR] location: class com.github.davidmoten.rx.jdbc.QuerySelectOperation.QuerySelectOnSubscribe<T>
[ERROR] /home/travis/build/davidmoten/rxjava-jdbc/src/main/java/com/github/davidmoten/rx/jdbc/QuerySelectOperator.java:[28,19] cannot find symbol
[ERROR] symbol:   class ResultSetMapper
[ERROR] location: class com.github.davidmoten.rx.jdbc.QuerySelectOperator<T,R>
[ERROR] /home/travis/build/davidmoten/rxjava-jdbc/src/main/java/com/github/davidmoten/rx/jdbc/QuerySelectOperator.java:[41,17] cannot find symbol
[ERROR] symbol:   class ResultSetMapper
[ERROR] location: class com.github.davidmoten.rx.jdbc.QuerySelectOperator.ApplyQuerySelect<R,T>
[ERROR] /home/travis/build/davidmoten/rxjava-jdbc/src/main/java/com/github/davidmoten/rx/jdbc/QuerySelectOperator.java:[45,17] cannot find symbol
[ERROR] symbol:   class ResultSetMapper
[ERROR] location: class com.github.davidmoten.rx.jdbc.QuerySelectOperator.ApplyQuerySelect<R,T>
[ERROR] /home/travis/build/davidmoten/rxjava-jdbc/src/main/java/com/github/davidmoten/rx/jdbc/QuerySelect.java:[377,28] cannot find symbol
[ERROR] symbol:   class ResultSetMapper
[ERROR] location: class com.github.davidmoten.rx.jdbc.QuerySelect.Builder
[ERROR] /home/travis/build/davidmoten/rxjava-jdbc/src/main/java/com/github/davidmoten/rx/jdbc/Util.java:[238,20] cannot find symbol
[ERROR] symbol:   class ResultSetMapper
[ERROR] location: class com.github.davidmoten.rx.jdbc.Util
[ERROR] /home/travis/build/davidmoten/rxjava-jdbc/src/main/java/com/github/davidmoten/rx/jdbc/tuple/Tuples.java:[25,20] cannot find symbol
[ERROR] symbol:   class ResultSetMapper
[ERROR] location: class com.github.davidmoten.rx.jdbc.tuple.Tuples
[ERROR] /home/travis/build/davidmoten/rxjava-jdbc/src/main/java/com/github/davidmoten/rx/jdbc/tuple/Tuples.java:[38,20] cannot find symbol
[ERROR] symbol:   class ResultSetMapper
[ERROR] location: class com.github.davidmoten.rx.jdbc.tuple.Tuples
[ERROR] /home/travis/build/davidmoten/rxjava-jdbc/src/main/java/com/github/davidmoten/rx/jdbc/tuple/Tuples.java:[50,20] cannot find symbol
[ERROR] symbol:   class ResultSetMapper
[ERROR] location: class com.github.davidmoten.rx.jdbc.tuple.Tuples
[ERROR] /home/travis/build/davidmoten/rxjava-jdbc/src/main/java/com/github/davidmoten/rx/jdbc/tuple/Tuples.java:[62,20] cannot find symbol
[ERROR] symbol:   class ResultSetMapper
[ERROR] location: class com.github.davidmoten.rx.jdbc.tuple.Tuples
[ERROR] /home/travis/build/davidmoten/rxjava-jdbc/src/main/java/com/github/davidmoten/rx/jdbc/tuple/Tuples.java:[75,20] cannot find symbol
[ERROR] symbol:   class ResultSetMapper
[ERROR] location: class com.github.davidmoten.rx.jdbc.tuple.Tuples
[ERROR] /home/travis/build/davidmoten/rxjava-jdbc/src/main/java/com/github/davidmoten/rx/jdbc/tuple/Tuples.java:[90,20] cannot find symbol
[ERROR] symbol:   class ResultSetMapper
[ERROR] location: class com.github.davidmoten.rx.jdbc.tuple.Tuples
[ERROR] /home/travis/build/davidmoten/rxjava-jdbc/src/main/java/com/github/davidmoten/rx/jdbc/tuple/Tuples.java:[106,20] cannot find symbol
[ERROR] symbol:   class ResultSetMapper
[ERROR] location: class com.github.davidmoten.rx.jdbc.tuple.Tuples
[ERROR] /home/travis/build/davidmoten/rxjava-jdbc/src/main/java/com/github/davidmoten/rx/jdbc/tuple/Tuples.java:[119,20] cannot find symbol
[ERROR] symbol:   class ResultSetMapper
[ERROR] location: class com.github.davidmoten.rx.jdbc.tuple.Tuples
[ERROR] -> [Help 1]
[ERROR] 
[ERROR] To see the full stack trace of the errors, re-run Maven with the -e switch.
[ERROR] Re-run Maven using the -X switch to enable full debug logging.
[ERROR] 
[ERROR] For more information about the errors and possible solutions, please read the following articles:
[ERROR] [Help 1] http://cwiki.apache.org/confluence/display/MAVEN/MojoFailureException

[31;1mThe command "eval mvn install -DskipTests=true -Dmaven.javadoc.skip=true -B -V" failed. Retrying, 2 of 3.[0m

Apache Maven 3.2.5 (12a6b3acb947671f09b81f49094c53f426d8cea1; 2014-12-14T17:29:23+00:00)
Maven home: /usr/local/maven
Java version: 1.7.0_75, vendor: Oracle Corporation
Java home: /usr/lib/jvm/java-7-openjdk-amd64/jre
Default locale: en_US, platform encoding: UTF-8
OS name: "linux", version: "2.6.32-042stab090.5", arch: "amd64", family: "unix"
[INFO] Scanning for projects...
[INFO] Inspecting build with total of 1 modules...
[INFO] Installing Nexus Staging features:
[INFO]   ... total of 1 executions of maven-deploy-plugin replaced with nexus-staging-maven-plugin
[INFO]                                                                         
[INFO] ------------------------------------------------------------------------
[INFO] Building rxjava-jdbc 0.5.9-SNAPSHOT
[INFO] ------------------------------------------------------------------------
[INFO] 
[INFO] --- maven-resources-plugin:2.6:resources (default-resources) @ rxjava-jdbc ---
[INFO] Using 'UTF-8' encoding to copy filtered resources.
[INFO] skip non existing resourceDirectory /home/travis/build/davidmoten/rxjava-jdbc/src/main/resources
[INFO] 
[INFO] --- maven-compiler-plugin:3.1:compile (default-compile) @ rxjava-jdbc ---
[INFO] Changes detected - recompiling the module!
[INFO] Compiling 42 source files to /home/travis/build/davidmoten/rxjava-jdbc/target/classes
[INFO] -------------------------------------------------------------
[ERROR] COMPILATION ERROR : 
[INFO] -------------------------------------------------------------
[ERROR] /home/travis/build/davidmoten/rxjava-jdbc/src/main/java/com/github/davidmoten/rx/jdbc/Util.java:[237,16] cannot find symbol
  symbol:   class ResultSetMapper
  location: class com.github.davidmoten.rx.jdbc.Util
[ERROR] /home/travis/build/davidmoten/rxjava-jdbc/src/main/java/com/github/davidmoten/rx/jdbc/QuerySelect.java:[83,38] cannot find symbol
  symbol:   class ResultSetMapper
  location: class com.github.davidmoten.rx.jdbc.QuerySelect
[ERROR] /home/travis/build/davidmoten/rxjava-jdbc/src/main/java/com/github/davidmoten/rx/jdbc/QuerySelect.java:[97,19] cannot find symbol
  symbol:   class ResultSetMapper
  location: class com.github.davidmoten.rx.jdbc.QuerySelect
[ERROR] /home/travis/build/davidmoten/rxjava-jdbc/src/main/java/com/github/davidmoten/rx/jdbc/QuerySelect.java:[115,13] cannot find symbol
  symbol:   class ResultSetMapper
  location: class com.github.davidmoten.rx.jdbc.QuerySelect
[ERROR] /home/travis/build/davidmoten/rxjava-jdbc/src/main/java/com/github/davidmoten/rx/jdbc/QuerySelect.java:[210,38] cannot find symbol
  symbol:   class ResultSetMapper
  location: class com.github.davidmoten.rx.jdbc.QuerySelect.Builder
[ERROR] /home/travis/build/davidmoten/rxjava-jdbc/src/main/java/com/github/davidmoten/rx/jdbc/QuerySelect.java:[442,39] cannot find symbol
  symbol:   class ResultSetMapper
  location: class com.github.davidmoten.rx.jdbc.QuerySelect.OperatorBuilder<R>
[ERROR] /home/travis/build/davidmoten/rxjava-jdbc/src/main/java/com/github/davidmoten/rx/jdbc/QuerySelectProducer.java:[21,19] cannot find symbol
  symbol:   class ResultSetMapper
  location: class com.github.davidmoten.rx.jdbc.QuerySelectProducer<T>
[ERROR] /home/travis/build/davidmoten/rxjava-jdbc/src/main/java/com/github/davidmoten/rx/jdbc/QuerySelectProducer.java:[30,25] cannot find symbol
  symbol:   class ResultSetMapper
  location: class com.github.davidmoten.rx.jdbc.QuerySelectProducer<T>
[ERROR] /home/travis/build/davidmoten/rxjava-jdbc/src/main/java/com/github/davidmoten/rx/jdbc/tuple/Tuples.java:[10,37] cannot find symbol
  symbol:   class ResultSetMapper
  location: package com.github.davidmoten.rx.jdbc
[ERROR] /home/travis/build/davidmoten/rxjava-jdbc/src/main/java/com/github/davidmoten/rx/jdbc/tuple/Tuples.java:[24,23] cannot find symbol
  symbol:   class ResultSetMapper
  location: class com.github.davidmoten.rx.jdbc.tuple.Tuples
[ERROR] /home/travis/build/davidmoten/rxjava-jdbc/src/main/java/com/github/davidmoten/rx/jdbc/tuple/Tuples.java:[36,28] cannot find symbol
  symbol:   class ResultSetMapper
  location: class com.github.davidmoten.rx.jdbc.tuple.Tuples
[ERROR] /home/travis/build/davidmoten/rxjava-jdbc/src/main/java/com/github/davidmoten/rx/jdbc/tuple/Tuples.java:[48,32] cannot find symbol
  symbol:   class ResultSetMapper
  location: class com.github.davidmoten.rx.jdbc.tuple.Tuples
[ERROR] /home/travis/build/davidmoten/rxjava-jdbc/src/main/java/com/github/davidmoten/rx/jdbc/tuple/Tuples.java:[60,36] cannot find symbol
  symbol:   class ResultSetMapper
  location: class com.github.davidmoten.rx.jdbc.tuple.Tuples
[ERROR] /home/travis/build/davidmoten/rxjava-jdbc/src/main/java/com/github/davidmoten/rx/jdbc/tuple/Tuples.java:[72,40] cannot find symbol
  symbol:   class ResultSetMapper
  location: class com.github.davidmoten.rx.jdbc.tuple.Tuples
[ERROR] /home/travis/build/davidmoten/rxjava-jdbc/src/main/java/com/github/davidmoten/rx/jdbc/tuple/Tuples.java:[86,44] cannot find symbol
  symbol:   class ResultSetMapper
  location: class com.github.davidmoten.rx.jdbc.tuple.Tuples
[ERROR] /home/travis/build/davidmoten/rxjava-jdbc/src/main/java/com/github/davidmoten/rx/jdbc/tuple/Tuples.java:[102,48] cannot find symbol
  symbol:   class ResultSetMapper
  location: class com.github.davidmoten.rx.jdbc.tuple.Tuples
[ERROR] /home/travis/build/davidmoten/rxjava-jdbc/src/main/java/com/github/davidmoten/rx/jdbc/tuple/Tuples.java:[118,23] cannot find symbol
  symbol:   class ResultSetMapper
  location: class com.github.davidmoten.rx.jdbc.tuple.Tuples
[ERROR] /home/travis/build/davidmoten/rxjava-jdbc/src/main/java/com/github/davidmoten/rx/jdbc/QuerySelectOperation.java:[32,13] cannot find symbol
  symbol:   class ResultSetMapper
  location: class com.github.davidmoten.rx.jdbc.QuerySelectOperation
[ERROR] /home/travis/build/davidmoten/rxjava-jdbc/src/main/java/com/github/davidmoten/rx/jdbc/QuerySelectOperation.java:[41,23] cannot find symbol
  symbol:   class ResultSetMapper
  location: class com.github.davidmoten.rx.jdbc.QuerySelectOperation.QuerySelectOnSubscribe<T>
[ERROR] /home/travis/build/davidmoten/rxjava-jdbc/src/main/java/com/github/davidmoten/rx/jdbc/QuerySelectOperation.java:[62,17] cannot find symbol
  symbol:   class ResultSetMapper
  location: class com.github.davidmoten.rx.jdbc.QuerySelectOperation.QuerySelectOnSubscribe<T>
[ERROR] /home/travis/build/davidmoten/rxjava-jdbc/src/main/java/com/github/davidmoten/rx/jdbc/QuerySelectOperator.java:[28,19] cannot find symbol
  symbol:   class ResultSetMapper
  location: class com.github.davidmoten.rx.jdbc.QuerySelectOperator<T,R>
[ERROR] /home/travis/build/davidmoten/rxjava-jdbc/src/main/java/com/github/davidmoten/rx/jdbc/QuerySelectOperator.java:[41,17] cannot find symbol
  symbol:   class ResultSetMapper
  location: class com.github.davidmoten.rx.jdbc.QuerySelectOperator.ApplyQuerySelect<R,T>
[ERROR] /home/travis/build/davidmoten/rxjava-jdbc/src/main/java/com/github/davidmoten/rx/jdbc/QuerySelectOperator.java:[45,17] cannot find symbol
  symbol:   class ResultSetMapper
  location: class com.github.davidmoten.rx.jdbc.QuerySelectOperator.ApplyQuerySelect<R,T>
[ERROR] /home/travis/build/davidmoten/rxjava-jdbc/src/main/java/com/github/davidmoten/rx/jdbc/QuerySelect.java:[377,28] cannot find symbol
  symbol:   class ResultSetMapper
  location: class com.github.davidmoten.rx.jdbc.QuerySelect.Builder
[ERROR] /home/travis/build/davidmoten/rxjava-jdbc/src/main/java/com/github/davidmoten/rx/jdbc/Util.java:[238,20] cannot find symbol
  symbol:   class ResultSetMapper
  location: class com.github.davidmoten.rx.jdbc.Util
[ERROR] /home/travis/build/davidmoten/rxjava-jdbc/src/main/java/com/github/davidmoten/rx/jdbc/tuple/Tuples.java:[25,20] cannot find symbol
  symbol:   class ResultSetMapper
  location: class com.github.davidmoten.rx.jdbc.tuple.Tuples
[ERROR] /home/travis/build/davidmoten/rxjava-jdbc/src/main/java/com/github/davidmoten/rx/jdbc/tuple/Tuples.java:[38,20] cannot find symbol
  symbol:   class ResultSetMapper
  location: class com.github.davidmoten.rx.jdbc.tuple.Tuples
[ERROR] /home/travis/build/davidmoten/rxjava-jdbc/src/main/java/com/github/davidmoten/rx/jdbc/tuple/Tuples.java:[50,20] cannot find symbol
  symbol:   class ResultSetMapper
  location: class com.github.davidmoten.rx.jdbc.tuple.Tuples
[ERROR] /home/travis/build/davidmoten/rxjava-jdbc/src/main/java/com/github/davidmoten/rx/jdbc/tuple/Tuples.java:[62,20] cannot find symbol
  symbol:   class ResultSetMapper
  location: class com.github.davidmoten.rx.jdbc.tuple.Tuples
[ERROR] /home/travis/build/davidmoten/rxjava-jdbc/src/main/java/com/github/davidmoten/rx/jdbc/tuple/Tuples.java:[75,20] cannot find symbol
  symbol:   class ResultSetMapper
  location: class com.github.davidmoten.rx.jdbc.tuple.Tuples
[ERROR] /home/travis/build/davidmoten/rxjava-jdbc/src/main/java/com/github/davidmoten/rx/jdbc/tuple/Tuples.java:[90,20] cannot find symbol
  symbol:   class ResultSetMapper
  location: class com.github.davidmoten.rx.jdbc.tuple.Tuples
[ERROR] /home/travis/build/davidmoten/rxjava-jdbc/src/main/java/com/github/davidmoten/rx/jdbc/tuple/Tuples.java:[106,20] cannot find symbol
  symbol:   class ResultSetMapper
  location: class com.github.davidmoten.rx.jdbc.tuple.Tuples
[ERROR] /home/travis/build/davidmoten/rxjava-jdbc/src/main/java/com/github/davidmoten/rx/jdbc/tuple/Tuples.java:[119,20] cannot find symbol
  symbol:   class ResultSetMapper
  location: class com.github.davidmoten.rx.jdbc.tuple.Tuples
[INFO] 33 errors 
[INFO] -------------------------------------------------------------
[INFO] ------------------------------------------------------------------------
[INFO] BUILD FAILURE
[INFO] ------------------------------------------------------------------------
[INFO] Total time: 6.601 s
[INFO] Finished at: 2015-06-03T11:37:58+00:00
[INFO] Final Memory: 18M/135M
[INFO] ------------------------------------------------------------------------
[ERROR] Failed to execute goal org.apache.maven.plugins:maven-compiler-plugin:3.1:compile (default-compile) on project rxjava-jdbc: Compilation failure: Compilation failure:
[ERROR] /home/travis/build/davidmoten/rxjava-jdbc/src/main/java/com/github/davidmoten/rx/jdbc/Util.java:[237,16] cannot find symbol
[ERROR] symbol:   class ResultSetMapper
[ERROR] location: class com.github.davidmoten.rx.jdbc.Util
[ERROR] /home/travis/build/davidmoten/rxjava-jdbc/src/main/java/com/github/davidmoten/rx/jdbc/QuerySelect.java:[83,38] cannot find symbol
[ERROR] symbol:   class ResultSetMapper
[ERROR] location: class com.github.davidmoten.rx.jdbc.QuerySelect
[ERROR] /home/travis/build/davidmoten/rxjava-jdbc/src/main/java/com/github/davidmoten/rx/jdbc/QuerySelect.java:[97,19] cannot find symbol
[ERROR] symbol:   class ResultSetMapper
[ERROR] location: class com.github.davidmoten.rx.jdbc.QuerySelect
[ERROR] /home/travis/build/davidmoten/rxjava-jdbc/src/main/java/com/github/davidmoten/rx/jdbc/QuerySelect.java:[115,13] cannot find symbol
[ERROR] symbol:   class ResultSetMapper
[ERROR] location: class com.github.davidmoten.rx.jdbc.QuerySelect
[ERROR] /home/travis/build/davidmoten/rxjava-jdbc/src/main/java/com/github/davidmoten/rx/jdbc/QuerySelect.java:[210,38] cannot find symbol
[ERROR] symbol:   class ResultSetMapper
[ERROR] location: class com.github.davidmoten.rx.jdbc.QuerySelect.Builder
[ERROR] /home/travis/build/davidmoten/rxjava-jdbc/src/main/java/com/github/davidmoten/rx/jdbc/QuerySelect.java:[442,39] cannot find symbol
[ERROR] symbol:   class ResultSetMapper
[ERROR] location: class com.github.davidmoten.rx.jdbc.QuerySelect.OperatorBuilder<R>
[ERROR] /home/travis/build/davidmoten/rxjava-jdbc/src/main/java/com/github/davidmoten/rx/jdbc/QuerySelectProducer.java:[21,19] cannot find symbol
[ERROR] symbol:   class ResultSetMapper
[ERROR] location: class com.github.davidmoten.rx.jdbc.QuerySelectProducer<T>
[ERROR] /home/travis/build/davidmoten/rxjava-jdbc/src/main/java/com/github/davidmoten/rx/jdbc/QuerySelectProducer.java:[30,25] cannot find symbol
[ERROR] symbol:   class ResultSetMapper
[ERROR] location: class com.github.davidmoten.rx.jdbc.QuerySelectProducer<T>
[ERROR] /home/travis/build/davidmoten/rxjava-jdbc/src/main/java/com/github/davidmoten/rx/jdbc/tuple/Tuples.java:[10,37] cannot find symbol
[ERROR] symbol:   class ResultSetMapper
[ERROR] location: package com.github.davidmoten.rx.jdbc
[ERROR] /home/travis/build/davidmoten/rxjava-jdbc/src/main/java/com/github/davidmoten/rx/jdbc/tuple/Tuples.java:[24,23] cannot find symbol
[ERROR] symbol:   class ResultSetMapper
[ERROR] location: class com.github.davidmoten.rx.jdbc.tuple.Tuples
[ERROR] /home/travis/build/davidmoten/rxjava-jdbc/src/main/java/com/github/davidmoten/rx/jdbc/tuple/Tuples.java:[36,28] cannot find symbol
[ERROR] symbol:   class ResultSetMapper
[ERROR] location: class com.github.davidmoten.rx.jdbc.tuple.Tuples
[ERROR] /home/travis/build/davidmoten/rxjava-jdbc/src/main/java/com/github/davidmoten/rx/jdbc/tuple/Tuples.java:[48,32] cannot find symbol
[ERROR] symbol:   class ResultSetMapper
[ERROR] location: class com.github.davidmoten.rx.jdbc.tuple.Tuples
[ERROR] /home/travis/build/davidmoten/rxjava-jdbc/src/main/java/com/github/davidmoten/rx/jdbc/tuple/Tuples.java:[60,36] cannot find symbol
[ERROR] symbol:   class ResultSetMapper
[ERROR] location: class com.github.davidmoten.rx.jdbc.tuple.Tuples
[ERROR] /home/travis/build/davidmoten/rxjava-jdbc/src/main/java/com/github/davidmoten/rx/jdbc/tuple/Tuples.java:[72,40] cannot find symbol
[ERROR] symbol:   class ResultSetMapper
[ERROR] location: class com.github.davidmoten.rx.jdbc.tuple.Tuples
[ERROR] /home/travis/build/davidmoten/rxjava-jdbc/src/main/java/com/github/davidmoten/rx/jdbc/tuple/Tuples.java:[86,44] cannot find symbol
[ERROR] symbol:   class ResultSetMapper
[ERROR] location: class com.github.davidmoten.rx.jdbc.tuple.Tuples
[ERROR] /home/travis/build/davidmoten/rxjava-jdbc/src/main/java/com/github/davidmoten/rx/jdbc/tuple/Tuples.java:[102,48] cannot find symbol
[ERROR] symbol:   class ResultSetMapper
[ERROR] location: class com.github.davidmoten.rx.jdbc.tuple.Tuples
[ERROR] /home/travis/build/davidmoten/rxjava-jdbc/src/main/java/com/github/davidmoten/rx/jdbc/tuple/Tuples.java:[118,23] cannot find symbol
[ERROR] symbol:   class ResultSetMapper
[ERROR] location: class com.github.davidmoten.rx.jdbc.tuple.Tuples
[ERROR] /home/travis/build/davidmoten/rxjava-jdbc/src/main/java/com/github/davidmoten/rx/jdbc/QuerySelectOperation.java:[32,13] cannot find symbol
[ERROR] symbol:   class ResultSetMapper
[ERROR] location: class com.github.davidmoten.rx.jdbc.QuerySelectOperation
[ERROR] /home/travis/build/davidmoten/rxjava-jdbc/src/main/java/com/github/davidmoten/rx/jdbc/QuerySelectOperation.java:[41,23] cannot find symbol
[ERROR] symbol:   class ResultSetMapper
[ERROR] location: class com.github.davidmoten.rx.jdbc.QuerySelectOperation.QuerySelectOnSubscribe<T>
[ERROR] /home/travis/build/davidmoten/rxjava-jdbc/src/main/java/com/github/davidmoten/rx/jdbc/QuerySelectOperation.java:[62,17] cannot find symbol
[ERROR] symbol:   class ResultSetMapper
[ERROR] location: class com.github.davidmoten.rx.jdbc.QuerySelectOperation.QuerySelectOnSubscribe<T>
[ERROR] /home/travis/build/davidmoten/rxjava-jdbc/src/main/java/com/github/davidmoten/rx/jdbc/QuerySelectOperator.java:[28,19] cannot find symbol
[ERROR] symbol:   class ResultSetMapper
[ERROR] location: class com.github.davidmoten.rx.jdbc.QuerySelectOperator<T,R>
[ERROR] /home/travis/build/davidmoten/rxjava-jdbc/src/main/java/com/github/davidmoten/rx/jdbc/QuerySelectOperator.java:[41,17] cannot find symbol
[ERROR] symbol:   class ResultSetMapper
[ERROR] location: class com.github.davidmoten.rx.jdbc.QuerySelectOperator.ApplyQuerySelect<R,T>
[ERROR] /home/travis/build/davidmoten/rxjava-jdbc/src/main/java/com/github/davidmoten/rx/jdbc/QuerySelectOperator.java:[45,17] cannot find symbol
[ERROR] symbol:   class ResultSetMapper
[ERROR] location: class com.github.davidmoten.rx.jdbc.QuerySelectOperator.ApplyQuerySelect<R,T>
[ERROR] /home/travis/build/davidmoten/rxjava-jdbc/src/main/java/com/github/davidmoten/rx/jdbc/QuerySelect.java:[377,28] cannot find symbol
[ERROR] symbol:   class ResultSetMapper
[ERROR] location: class com.github.davidmoten.rx.jdbc.QuerySelect.Builder
[ERROR] /home/travis/build/davidmoten/rxjava-jdbc/src/main/java/com/github/davidmoten/rx/jdbc/Util.java:[238,20] cannot find symbol
[ERROR] symbol:   class ResultSetMapper
[ERROR] location: class com.github.davidmoten.rx.jdbc.Util
[ERROR] /home/travis/build/davidmoten/rxjava-jdbc/src/main/java/com/github/davidmoten/rx/jdbc/tuple/Tuples.java:[25,20] cannot find symbol
[ERROR] symbol:   class ResultSetMapper
[ERROR] location: class com.github.davidmoten.rx.jdbc.tuple.Tuples
[ERROR] /home/travis/build/davidmoten/rxjava-jdbc/src/main/java/com/github/davidmoten/rx/jdbc/tuple/Tuples.java:[38,20] cannot find symbol
[ERROR] symbol:   class ResultSetMapper
[ERROR] location: class com.github.davidmoten.rx.jdbc.tuple.Tuples
[ERROR] /home/travis/build/davidmoten/rxjava-jdbc/src/main/java/com/github/davidmoten/rx/jdbc/tuple/Tuples.java:[50,20] cannot find symbol
[ERROR] symbol:   class ResultSetMapper
[ERROR] location: class com.github.davidmoten.rx.jdbc.tuple.Tuples
[ERROR] /home/travis/build/davidmoten/rxjava-jdbc/src/main/java/com/github/davidmoten/rx/jdbc/tuple/Tuples.java:[62,20] cannot find symbol
[ERROR] symbol:   class ResultSetMapper
[ERROR] location: class com.github.davidmoten.rx.jdbc.tuple.Tuples
[ERROR] /home/travis/build/davidmoten/rxjava-jdbc/src/main/java/com/github/davidmoten/rx/jdbc/tuple/Tuples.java:[75,20] cannot find symbol
[ERROR] symbol:   class ResultSetMapper
[ERROR] location: class com.github.davidmoten.rx.jdbc.tuple.Tuples
[ERROR] /home/travis/build/davidmoten/rxjava-jdbc/src/main/java/com/github/davidmoten/rx/jdbc/tuple/Tuples.java:[90,20] cannot find symbol
[ERROR] symbol:   class ResultSetMapper
[ERROR] location: class com.github.davidmoten.rx.jdbc.tuple.Tuples
[ERROR] /home/travis/build/davidmoten/rxjava-jdbc/src/main/java/com/github/davidmoten/rx/jdbc/tuple/Tuples.java:[106,20] cannot find symbol
[ERROR] symbol:   class ResultSetMapper
[ERROR] location: class com.github.davidmoten.rx.jdbc.tuple.Tuples
[ERROR] /home/travis/build/davidmoten/rxjava-jdbc/src/main/java/com/github/davidmoten/rx/jdbc/tuple/Tuples.java:[119,20] cannot find symbol
[ERROR] symbol:   class ResultSetMapper
[ERROR] location: class com.github.davidmoten.rx.jdbc.tuple.Tuples
[ERROR] -> [Help 1]
[ERROR] 
[ERROR] To see the full stack trace of the errors, re-run Maven with the -e switch.
[ERROR] Re-run Maven using the -X switch to enable full debug logging.
[ERROR] 
[ERROR] For more information about the errors and possible solutions, please read the following articles:
[ERROR] [Help 1] http://cwiki.apache.org/confluence/display/MAVEN/MojoFailureException

[31;1mThe command "eval mvn install -DskipTests=true -Dmaven.javadoc.skip=true -B -V" failed. Retrying, 3 of 3.[0m

Apache Maven 3.2.5 (12a6b3acb947671f09b81f49094c53f426d8cea1; 2014-12-14T17:29:23+00:00)
Maven home: /usr/local/maven
Java version: 1.7.0_75, vendor: Oracle Corporation
Java home: /usr/lib/jvm/java-7-openjdk-amd64/jre
Default locale: en_US, platform encoding: UTF-8
OS name: "linux", version: "2.6.32-042stab090.5", arch: "amd64", family: "unix"
[INFO] Scanning for projects...
[INFO] Inspecting build with total of 1 modules...
[INFO] Installing Nexus Staging features:
[INFO]   ... total of 1 executions of maven-deploy-plugin replaced with nexus-staging-maven-plugin
[INFO]                                                                         
[INFO] ------------------------------------------------------------------------
[INFO] Building rxjava-jdbc 0.5.9-SNAPSHOT
[INFO] ------------------------------------------------------------------------
[INFO] 
[INFO] --- maven-resources-plugin:2.6:resources (default-resources) @ rxjava-jdbc ---
[INFO] Using 'UTF-8' encoding to copy filtered resources.
[INFO] skip non existing resourceDirectory /home/travis/build/davidmoten/rxjava-jdbc/src/main/resources
[INFO] 
[INFO] --- maven-compiler-plugin:3.1:compile (default-compile) @ rxjava-jdbc ---
[INFO] Changes detected - recompiling the module!
[INFO] Compiling 42 source files to /home/travis/build/davidmoten/rxjava-jdbc/target/classes
[INFO] -------------------------------------------------------------
[ERROR] COMPILATION ERROR : 
[INFO] -------------------------------------------------------------
[ERROR] /home/travis/build/davidmoten/rxjava-jdbc/src/main/java/com/github/davidmoten/rx/jdbc/Util.java:[237,16] cannot find symbol
  symbol:   class ResultSetMapper
  location: class com.github.davidmoten.rx.jdbc.Util
[ERROR] /home/travis/build/davidmoten/rxjava-jdbc/src/main/java/com/github/davidmoten/rx/jdbc/QuerySelect.java:[83,38] cannot find symbol
  symbol:   class ResultSetMapper
  location: class com.github.davidmoten.rx.jdbc.QuerySelect
[ERROR] /home/travis/build/davidmoten/rxjava-jdbc/src/main/java/com/github/davidmoten/rx/jdbc/QuerySelect.java:[97,19] cannot find symbol
  symbol:   class ResultSetMapper
  location: class com.github.davidmoten.rx.jdbc.QuerySelect
[ERROR] /home/travis/build/davidmoten/rxjava-jdbc/src/main/java/com/github/davidmoten/rx/jdbc/QuerySelect.java:[115,13] cannot find symbol
  symbol:   class ResultSetMapper
  location: class com.github.davidmoten.rx.jdbc.QuerySelect
[ERROR] /home/travis/build/davidmoten/rxjava-jdbc/src/main/java/com/github/davidmoten/rx/jdbc/QuerySelect.java:[210,38] cannot find symbol
  symbol:   class ResultSetMapper
  location: class com.github.davidmoten.rx.jdbc.QuerySelect.Builder
[ERROR] /home/travis/build/davidmoten/rxjava-jdbc/src/main/java/com/github/davidmoten/rx/jdbc/QuerySelect.java:[442,39] cannot find symbol
  symbol:   class ResultSetMapper
  location: class com.github.davidmoten.rx.jdbc.QuerySelect.OperatorBuilder<R>
[ERROR] /home/travis/build/davidmoten/rxjava-jdbc/src/main/java/com/github/davidmoten/rx/jdbc/QuerySelectProducer.java:[21,19] cannot find symbol
  symbol:   class ResultSetMapper
  location: class com.github.davidmoten.rx.jdbc.QuerySelectProducer<T>
[ERROR] /home/travis/build/davidmoten/rxjava-jdbc/src/main/java/com/github/davidmoten/rx/jdbc/QuerySelectProducer.java:[30,25] cannot find symbol
  symbol:   class ResultSetMapper
  location: class com.github.davidmoten.rx.jdbc.QuerySelectProducer<T>
[ERROR] /home/travis/build/davidmoten/rxjava-jdbc/src/main/java/com/github/davidmoten/rx/jdbc/tuple/Tuples.java:[10,37] cannot find symbol
  symbol:   class ResultSetMapper
  location: package com.github.davidmoten.rx.jdbc
[ERROR] /home/travis/build/davidmoten/rxjava-jdbc/src/main/java/com/github/davidmoten/rx/jdbc/tuple/Tuples.java:[24,23] cannot find symbol
  symbol:   class ResultSetMapper
  location: class com.github.davidmoten.rx.jdbc.tuple.Tuples
[ERROR] /home/travis/build/davidmoten/rxjava-jdbc/src/main/java/com/github/davidmoten/rx/jdbc/tuple/Tuples.java:[36,28] cannot find symbol
  symbol:   class ResultSetMapper
  location: class com.github.davidmoten.rx.jdbc.tuple.Tuples
[ERROR] /home/travis/build/davidmoten/rxjava-jdbc/src/main/java/com/github/davidmoten/rx/jdbc/tuple/Tuples.java:[48,32] cannot find symbol
  symbol:   class ResultSetMapper
  location: class com.github.davidmoten.rx.jdbc.tuple.Tuples
[ERROR] /home/travis/build/davidmoten/rxjava-jdbc/src/main/java/com/github/davidmoten/rx/jdbc/tuple/Tuples.java:[60,36] cannot find symbol
  symbol:   class ResultSetMapper
  location: class com.github.davidmoten.rx.jdbc.tuple.Tuples
[ERROR] /home/travis/build/davidmoten/rxjava-jdbc/src/main/java/com/github/davidmoten/rx/jdbc/tuple/Tuples.java:[72,40] cannot find symbol
  symbol:   class ResultSetMapper
  location: class com.github.davidmoten.rx.jdbc.tuple.Tuples
[ERROR] /home/travis/build/davidmoten/rxjava-jdbc/src/main/java/com/github/davidmoten/rx/jdbc/tuple/Tuples.java:[86,44] cannot find symbol
  symbol:   class ResultSetMapper
  location: class com.github.davidmoten.rx.jdbc.tuple.Tuples
[ERROR] /home/travis/build/davidmoten/rxjava-jdbc/src/main/java/com/github/davidmoten/rx/jdbc/tuple/Tuples.java:[102,48] cannot find symbol
  symbol:   class ResultSetMapper
  location: class com.github.davidmoten.rx.jdbc.tuple.Tuples
[ERROR] /home/travis/build/davidmoten/rxjava-jdbc/src/main/java/com/github/davidmoten/rx/jdbc/tuple/Tuples.java:[118,23] cannot find symbol
  symbol:   class ResultSetMapper
  location: class com.github.davidmoten.rx.jdbc.tuple.Tuples
[ERROR] /home/travis/build/davidmoten/rxjava-jdbc/src/main/java/com/github/davidmoten/rx/jdbc/QuerySelectOperation.java:[32,13] cannot find symbol
  symbol:   class ResultSetMapper
  location: class com.github.davidmoten.rx.jdbc.QuerySelectOperation
[ERROR] /home/travis/build/davidmoten/rxjava-jdbc/src/main/java/com/github/davidmoten/rx/jdbc/QuerySelectOperation.java:[41,23] cannot find symbol
  symbol:   class ResultSetMapper
  location: class com.github.davidmoten.rx.jdbc.QuerySelectOperation.QuerySelectOnSubscribe<T>
[ERROR] /home/travis/build/davidmoten/rxjava-jdbc/src/main/java/com/github/davidmoten/rx/jdbc/QuerySelectOperation.java:[62,17] cannot find symbol
  symbol:   class ResultSetMapper
  location: class com.github.davidmoten.rx.jdbc.QuerySelectOperation.QuerySelectOnSubscribe<T>
[ERROR] /home/travis/build/davidmoten/rxjava-jdbc/src/main/java/com/github/davidmoten/rx/jdbc/QuerySelectOperator.java:[28,19] cannot find symbol
  symbol:   class ResultSetMapper
  location: class com.github.davidmoten.rx.jdbc.QuerySelectOperator<T,R>
[ERROR] /home/travis/build/davidmoten/rxjava-jdbc/src/main/java/com/github/davidmoten/rx/jdbc/QuerySelectOperator.java:[41,17] cannot find symbol
  symbol:   class ResultSetMapper
  location: class com.github.davidmoten.rx.jdbc.QuerySelectOperator.ApplyQuerySelect<R,T>
[ERROR] /home/travis/build/davidmoten/rxjava-jdbc/src/main/java/com/github/davidmoten/rx/jdbc/QuerySelectOperator.java:[45,17] cannot find symbol
  symbol:   class ResultSetMapper
  location: class com.github.davidmoten.rx.jdbc.QuerySelectOperator.ApplyQuerySelect<R,T>
[ERROR] /home/travis/build/davidmoten/rxjava-jdbc/src/main/java/com/github/davidmoten/rx/jdbc/QuerySelect.java:[377,28] cannot find symbol
  symbol:   class ResultSetMapper
  location: class com.github.davidmoten.rx.jdbc.QuerySelect.Builder
[ERROR] /home/travis/build/davidmoten/rxjava-jdbc/src/main/java/com/github/davidmoten/rx/jdbc/Util.java:[238,20] cannot find symbol
  symbol:   class ResultSetMapper
  location: class com.github.davidmoten.rx.jdbc.Util
[ERROR] /home/travis/build/davidmoten/rxjava-jdbc/src/main/java/com/github/davidmoten/rx/jdbc/tuple/Tuples.java:[25,20] cannot find symbol
  symbol:   class ResultSetMapper
  location: class com.github.davidmoten.rx.jdbc.tuple.Tuples
[ERROR] /home/travis/build/davidmoten/rxjava-jdbc/src/main/java/com/github/davidmoten/rx/jdbc/tuple/Tuples.java:[38,20] cannot find symbol
  symbol:   class ResultSetMapper
  location: class com.github.davidmoten.rx.jdbc.tuple.Tuples
[ERROR] /home/travis/build/davidmoten/rxjava-jdbc/src/main/java/com/github/davidmoten/rx/jdbc/tuple/Tuples.java:[50,20] cannot find symbol
  symbol:   class ResultSetMapper
  location: class com.github.davidmoten.rx.jdbc.tuple.Tuples
[ERROR] /home/travis/build/davidmoten/rxjava-jdbc/src/main/java/com/github/davidmoten/rx/jdbc/tuple/Tuples.java:[62,20] cannot find symbol
  symbol:   class ResultSetMapper
  location: class com.github.davidmoten.rx.jdbc.tuple.Tuples
[ERROR] /home/travis/build/davidmoten/rxjava-jdbc/src/main/java/com/github/davidmoten/rx/jdbc/tuple/Tuples.java:[75,20] cannot find symbol
  symbol:   class ResultSetMapper
  location: class com.github.davidmoten.rx.jdbc.tuple.Tuples
[ERROR] /home/travis/build/davidmoten/rxjava-jdbc/src/main/java/com/github/davidmoten/rx/jdbc/tuple/Tuples.java:[90,20] cannot find symbol
  symbol:   class ResultSetMapper
  location: class com.github.davidmoten.rx.jdbc.tuple.Tuples
[ERROR] /home/travis/build/davidmoten/rxjava-jdbc/src/main/java/com/github/davidmoten/rx/jdbc/tuple/Tuples.java:[106,20] cannot find symbol
  symbol:   class ResultSetMapper
  location: class com.github.davidmoten.rx.jdbc.tuple.Tuples
[ERROR] /home/travis/build/davidmoten/rxjava-jdbc/src/main/java/com/github/davidmoten/rx/jdbc/tuple/Tuples.java:[119,20] cannot find symbol
  symbol:   class ResultSetMapper
  location: class com.github.davidmoten.rx.jdbc.tuple.Tuples
[INFO] 33 errors 
[INFO] -------------------------------------------------------------
[INFO] ------------------------------------------------------------------------
[INFO] BUILD FAILURE
[INFO] ------------------------------------------------------------------------
[INFO] Total time: 6.915 s
[INFO] Finished at: 2015-06-03T11:38:10+00:00
[INFO] Final Memory: 18M/135M
[INFO] ------------------------------------------------------------------------
[ERROR] Failed to execute goal org.apache.maven.plugins:maven-compiler-plugin:3.1:compile (default-compile) on project rxjava-jdbc: Compilation failure: Compilation failure:
[ERROR] /home/travis/build/davidmoten/rxjava-jdbc/src/main/java/com/github/davidmoten/rx/jdbc/Util.java:[237,16] cannot find symbol
[ERROR] symbol:   class ResultSetMapper
[ERROR] location: class com.github.davidmoten.rx.jdbc.Util
[ERROR] /home/travis/build/davidmoten/rxjava-jdbc/src/main/java/com/github/davidmoten/rx/jdbc/QuerySelect.java:[83,38] cannot find symbol
[ERROR] symbol:   class ResultSetMapper
[ERROR] location: class com.github.davidmoten.rx.jdbc.QuerySelect
[ERROR] /home/travis/build/davidmoten/rxjava-jdbc/src/main/java/com/github/davidmoten/rx/jdbc/QuerySelect.java:[97,19] cannot find symbol
[ERROR] symbol:   class ResultSetMapper
[ERROR] location: class com.github.davidmoten.rx.jdbc.QuerySelect
[ERROR] /home/travis/build/davidmoten/rxjava-jdbc/src/main/java/com/github/davidmoten/rx/jdbc/QuerySelect.java:[115,13] cannot find symbol
[ERROR] symbol:   class ResultSetMapper
[ERROR] location: class com.github.davidmoten.rx.jdbc.QuerySelect
[ERROR] /home/travis/build/davidmoten/rxjava-jdbc/src/main/java/com/github/davidmoten/rx/jdbc/QuerySelect.java:[210,38] cannot find symbol
[ERROR] symbol:   class ResultSetMapper
[ERROR] location: class com.github.davidmoten.rx.jdbc.QuerySelect.Builder
[ERROR] /home/travis/build/davidmoten/rxjava-jdbc/src/main/java/com/github/davidmoten/rx/jdbc/QuerySelect.java:[442,39] cannot find symbol
[ERROR] symbol:   class ResultSetMapper
[ERROR] location: class com.github.davidmoten.rx.jdbc.QuerySelect.OperatorBuilder<R>
[ERROR] /home/travis/build/davidmoten/rxjava-jdbc/src/main/java/com/github/davidmoten/rx/jdbc/QuerySelectProducer.java:[21,19] cannot find symbol
[ERROR] symbol:   class ResultSetMapper
[ERROR] location: class com.github.davidmoten.rx.jdbc.QuerySelectProducer<T>
[ERROR] /home/travis/build/davidmoten/rxjava-jdbc/src/main/java/com/github/davidmoten/rx/jdbc/QuerySelectProducer.java:[30,25] cannot find symbol
[ERROR] symbol:   class ResultSetMapper
[ERROR] location: class com.github.davidmoten.rx.jdbc.QuerySelectProducer<T>
[ERROR] /home/travis/build/davidmoten/rxjava-jdbc/src/main/java/com/github/davidmoten/rx/jdbc/tuple/Tuples.java:[10,37] cannot find symbol
[ERROR] symbol:   class ResultSetMapper
[ERROR] location: package com.github.davidmoten.rx.jdbc
[ERROR] /home/travis/build/davidmoten/rxjava-jdbc/src/main/java/com/github/davidmoten/rx/jdbc/tuple/Tuples.java:[24,23] cannot find symbol
[ERROR] symbol:   class ResultSetMapper
[ERROR] location: class com.github.davidmoten.rx.jdbc.tuple.Tuples
[ERROR] /home/travis/build/davidmoten/rxjava-jdbc/src/main/java/com/github/davidmoten/rx/jdbc/tuple/Tuples.java:[36,28] cannot find symbol
[ERROR] symbol:   class ResultSetMapper
[ERROR] location: class com.github.davidmoten.rx.jdbc.tuple.Tuples
[ERROR] /home/travis/build/davidmoten/rxjava-jdbc/src/main/java/com/github/davidmoten/rx/jdbc/tuple/Tuples.java:[48,32] cannot find symbol
[ERROR] symbol:   class ResultSetMapper
[ERROR] location: class com.github.davidmoten.rx.jdbc.tuple.Tuples
[ERROR] /home/travis/build/davidmoten/rxjava-jdbc/src/main/java/com/github/davidmoten/rx/jdbc/tuple/Tuples.java:[60,36] cannot find symbol
[ERROR] symbol:   class ResultSetMapper
[ERROR] location: class com.github.davidmoten.rx.jdbc.tuple.Tuples
[ERROR] /home/travis/build/davidmoten/rxjava-jdbc/src/main/java/com/github/davidmoten/rx/jdbc/tuple/Tuples.java:[72,40] cannot find symbol
[ERROR] symbol:   class ResultSetMapper
[ERROR] location: class com.github.davidmoten.rx.jdbc.tuple.Tuples
[ERROR] /home/travis/build/davidmoten/rxjava-jdbc/src/main/java/com/github/davidmoten/rx/jdbc/tuple/Tuples.java:[86,44] cannot find symbol
[ERROR] symbol:   class ResultSetMapper
[ERROR] location: class com.github.davidmoten.rx.jdbc.tuple.Tuples
[ERROR] /home/travis/build/davidmoten/rxjava-jdbc/src/main/java/com/github/davidmoten/rx/jdbc/tuple/Tuples.java:[102,48] cannot find symbol
[ERROR] symbol:   class ResultSetMapper
[ERROR] location: class com.github.davidmoten.rx.jdbc.tuple.Tuples
[ERROR] /home/travis/build/davidmoten/rxjava-jdbc/src/main/java/com/github/davidmoten/rx/jdbc/tuple/Tuples.java:[118,23] cannot find symbol
[ERROR] symbol:   class ResultSetMapper
[ERROR] location: class com.github.davidmoten.rx.jdbc.tuple.Tuples
[ERROR] /home/travis/build/davidmoten/rxjava-jdbc/src/main/java/com/github/davidmoten/rx/jdbc/QuerySelectOperation.java:[32,13] cannot find symbol
[ERROR] symbol:   class ResultSetMapper
[ERROR] location: class com.github.davidmoten.rx.jdbc.QuerySelectOperation
[ERROR] /home/travis/build/davidmoten/rxjava-jdbc/src/main/java/com/github/davidmoten/rx/jdbc/QuerySelectOperation.java:[41,23] cannot find symbol
[ERROR] symbol:   class ResultSetMapper
[ERROR] location: class com.github.davidmoten.rx.jdbc.QuerySelectOperation.QuerySelectOnSubscribe<T>
[ERROR] /home/travis/build/davidmoten/rxjava-jdbc/src/main/java/com/github/davidmoten/rx/jdbc/QuerySelectOperation.java:[62,17] cannot find symbol
[ERROR] symbol:   class ResultSetMapper
[ERROR] location: class com.github.davidmoten.rx.jdbc.QuerySelectOperation.QuerySelectOnSubscribe<T>
[ERROR] /home/travis/build/davidmoten/rxjava-jdbc/src/main/java/com/github/davidmoten/rx/jdbc/QuerySelectOperator.java:[28,19] cannot find symbol
[ERROR] symbol:   class ResultSetMapper
[ERROR] location: class com.github.davidmoten.rx.jdbc.QuerySelectOperator<T,R>
[ERROR] /home/travis/build/davidmoten/rxjava-jdbc/src/main/java/com/github/davidmoten/rx/jdbc/QuerySelectOperator.java:[41,17] cannot find symbol
[ERROR] symbol:   class ResultSetMapper
[ERROR] location: class com.github.davidmoten.rx.jdbc.QuerySelectOperator.ApplyQuerySelect<R,T>
[ERROR] /home/travis/build/davidmoten/rxjava-jdbc/src/main/java/com/github/davidmoten/rx/jdbc/QuerySelectOperator.java:[45,17] cannot find symbol
[ERROR] symbol:   class ResultSetMapper
[ERROR] location: class com.github.davidmoten.rx.jdbc.QuerySelectOperator.ApplyQuerySelect<R,T>
[ERROR] /home/travis/build/davidmoten/rxjava-jdbc/src/main/java/com/github/davidmoten/rx/jdbc/QuerySelect.java:[377,28] cannot find symbol
[ERROR] symbol:   class ResultSetMapper
[ERROR] location: class com.github.davidmoten.rx.jdbc.QuerySelect.Builder
[ERROR] /home/travis/build/davidmoten/rxjava-jdbc/src/main/java/com/github/davidmoten/rx/jdbc/Util.java:[238,20] cannot find symbol
[ERROR] symbol:   class ResultSetMapper
[ERROR] location: class com.github.davidmoten.rx.jdbc.Util
[ERROR] /home/travis/build/davidmoten/rxjava-jdbc/src/main/java/com/github/davidmoten/rx/jdbc/tuple/Tuples.java:[25,20] cannot find symbol
[ERROR] symbol:   class ResultSetMapper
[ERROR] location: class com.github.davidmoten.rx.jdbc.tuple.Tuples
[ERROR] /home/travis/build/davidmoten/rxjava-jdbc/src/main/java/com/github/davidmoten/rx/jdbc/tuple/Tuples.java:[38,20] cannot find symbol
[ERROR] symbol:   class ResultSetMapper
[ERROR] location: class com.github.davidmoten.rx.jdbc.tuple.Tuples
[ERROR] /home/travis/build/davidmoten/rxjava-jdbc/src/main/java/com/github/davidmoten/rx/jdbc/tuple/Tuples.java:[50,20] cannot find symbol
[ERROR] symbol:   class ResultSetMapper
[ERROR] location: class com.github.davidmoten.rx.jdbc.tuple.Tuples
[ERROR] /home/travis/build/davidmoten/rxjava-jdbc/src/main/java/com/github/davidmoten/rx/jdbc/tuple/Tuples.java:[62,20] cannot find symbol
[ERROR] symbol:   class ResultSetMapper
[ERROR] location: class com.github.davidmoten.rx.jdbc.tuple.Tuples
[ERROR] /home/travis/build/davidmoten/rxjava-jdbc/src/main/java/com/github/davidmoten/rx/jdbc/tuple/Tuples.java:[75,20] cannot find symbol
[ERROR] symbol:   class ResultSetMapper
[ERROR] location: class com.github.davidmoten.rx.jdbc.tuple.Tuples
[ERROR] /home/travis/build/davidmoten/rxjava-jdbc/src/main/java/com/github/davidmoten/rx/jdbc/tuple/Tuples.java:[90,20] cannot find symbol
[ERROR] symbol:   class ResultSetMapper
[ERROR] location: class com.github.davidmoten.rx.jdbc.tuple.Tuples
[ERROR] /home/travis/build/davidmoten/rxjava-jdbc/src/main/java/com/github/davidmoten/rx/jdbc/tuple/Tuples.java:[106,20] cannot find symbol
[ERROR] symbol:   class ResultSetMapper
[ERROR] location: class com.github.davidmoten.rx.jdbc.tuple.Tuples
[ERROR] /home/travis/build/davidmoten/rxjava-jdbc/src/main/java/com/github/davidmoten/rx/jdbc/tuple/Tuples.java:[119,20] cannot find symbol
[ERROR] symbol:   class ResultSetMapper
[ERROR] location: class com.github.davidmoten.rx.jdbc.tuple.Tuples
[ERROR] -> [Help 1]
[ERROR] 
[ERROR] To see the full stack trace of the errors, re-run Maven with the -e switch.
[ERROR] Re-run Maven using the -X switch to enable full debug logging.
[ERROR] 
[ERROR] For more information about the errors and possible solutions, please read the following articles:
[ERROR] [Help 1] http://cwiki.apache.org/confluence/display/MAVEN/MojoFailureException

[31;1mThe command "eval mvn install -DskipTests=true -Dmaven.javadoc.skip=true -B -V" failed 3 times.[0m

travis_time:end:299254b0:start=1433331441810580397,finish=1433331491581401163,duration=49770820766[0K
[31;1mThe command "mvn install -DskipTests=true -Dmaven.javadoc.skip=true -B -V" failed and exited with 1 during .[0m

Your build has been stopped.
