Using worker: worker-linux-docker-a96180bf.prod.travis-ci.org:travis-linux-14

travis_fold:start:system_info[0K[33;1mBuild system information[0m
Build language: java
Build group: stable
Build dist: precise
Build id: 163038983
Job id: 163038984
travis-build version: fd1e9a5e3
[34m[1mBuild image provisioning date and time[0m
Thu Feb  5 15:09:33 UTC 2015
[34m[1mOperating System Details[0m
Distributor ID:	Ubuntu
Description:	Ubuntu 12.04.5 LTS
Release:	12.04
Codename:	precise
[34m[1mLinux Version[0m
3.13.0-29-generic
[34m[1mCookbooks Version[0m
a68419e https://github.com/travis-ci/travis-cookbooks/tree/a68419e
[34m[1mGCC version[0m
gcc (Ubuntu/Linaro 4.6.3-1ubuntu5) 4.6.3
Copyright (C) 2011 Free Software Foundation, Inc.
This is free software; see the source for copying conditions.  There is NO
warranty; not even for MERCHANTABILITY or FITNESS FOR A PARTICULAR PURPOSE.

[34m[1mLLVM version[0m
clang version 3.4 (tags/RELEASE_34/final)
Target: x86_64-unknown-linux-gnu
Thread model: posix
[34m[1mPre-installed Ruby versions[0m
ruby-1.9.3-p551
[34m[1mPre-installed Node.js versions[0m
v0.10.36
[34m[1mPre-installed Go versions[0m
1.4.1
[34m[1mRedis version[0m
redis-server 2.8.19
[34m[1mriak version[0m
2.0.2
[34m[1mMongoDB version[0m
MongoDB 2.4.12
[34m[1mCouchDB version[0m
couchdb 1.6.1
[34m[1mNeo4j version[0m
1.9.4
[34m[1mRabbitMQ Version[0m
3.4.3
[34m[1mElasticSearch version[0m
1.4.0
[34m[1mInstalled Sphinx versions[0m
2.0.10
2.1.9
2.2.6
[34m[1mDefault Sphinx version[0m
2.2.6
[34m[1mInstalled Firefox version[0m
firefox 31.0esr
[34m[1mPhantomJS version[0m
1.9.8
[34m[1mant -version[0m
Apache Ant(TM) version 1.8.2 compiled on December 3 2011
[34m[1mmvn -version[0m
Apache Maven 3.2.5 (12a6b3acb947671f09b81f49094c53f426d8cea1; 2014-12-14T17:29:23+00:00)
Maven home: /usr/local/maven
Java version: 1.7.0_76, vendor: Oracle Corporation
Java home: /usr/lib/jvm/java-7-oracle/jre
Default locale: en_US, platform encoding: ANSI_X3.4-1968
OS name: "linux", version: "3.13.0-29-generic", arch: "amd64", family: "unix"
travis_fold:end:system_info[0K
travis_fold:start:fix.CVE-2015-7547[0K$ export DEBIAN_FRONTEND=noninteractive
W: Size of file /var/lib/apt/lists/us.archive.ubuntu.com_ubuntu_dists_precise-backports_multiverse_source_Sources.gz is not what the server reported 5886 5888
W: Size of file /var/lib/apt/lists/ppa.launchpad.net_ubuntugis_ppa_ubuntu_dists_precise_main_binary-amd64_Packages.gz is not what the server reported 33653 36677
W: Size of file /var/lib/apt/lists/ppa.launchpad.net_ubuntugis_ppa_ubuntu_dists_precise_main_binary-i386_Packages.gz is not what the server reported 33699 36733
Reading package lists...
Building dependency tree...
Reading state information...
The following extra packages will be installed:
  libc-bin libc-dev-bin libc6-dev
Suggested packages:
  glibc-doc
The following packages will be upgraded:
  libc-bin libc-dev-bin libc6 libc6-dev
4 upgraded, 0 newly installed, 0 to remove and 258 not upgraded.
Need to get 8,840 kB of archives.
After this operation, 14.3 kB disk space will be freed.
Get:1 http://us.archive.ubuntu.com/ubuntu/ precise-updates/main libc6-dev amd64 2.15-0ubuntu10.15 [2,943 kB]
Get:2 http://us.archive.ubuntu.com/ubuntu/ precise-updates/main libc-dev-bin amd64 2.15-0ubuntu10.15 [84.7 kB]
Get:3 http://us.archive.ubuntu.com/ubuntu/ precise-updates/main libc-bin amd64 2.15-0ubuntu10.15 [1,177 kB]
Get:4 http://us.archive.ubuntu.com/ubuntu/ precise-updates/main libc6 amd64 2.15-0ubuntu10.15 [4,636 kB]
Fetched 8,840 kB in 0s (33.6 MB/s)
Preconfiguring packages ...
(Reading database ... (Reading database ... 5%(Reading database ... 10%(Reading database ... 15%(Reading database ... 20%(Reading database ... 25%(Reading database ... 30%(Reading database ... 35%(Reading database ... 40%(Reading database ... 45%(Reading database ... 50%(Reading database ... 55%(Reading database ... 60%(Reading database ... 65%(Reading database ... 70%(Reading database ... 75%(Reading database ... 80%(Reading database ... 85%(Reading database ... 90%(Reading database ... 95%(Reading database ... 100%(Reading database ... 72019 files and directories currently installed.)
Preparing to replace libc6-dev 2.15-0ubuntu10.10 (using .../libc6-dev_2.15-0ubuntu10.15_amd64.deb) ...
Unpacking replacement libc6-dev ...
Preparing to replace libc-dev-bin 2.15-0ubuntu10.10 (using .../libc-dev-bin_2.15-0ubuntu10.15_amd64.deb) ...
Unpacking replacement libc-dev-bin ...
Preparing to replace libc-bin 2.15-0ubuntu10.10 (using .../libc-bin_2.15-0ubuntu10.15_amd64.deb) ...
Unpacking replacement libc-bin ...
Processing triggers for man-db ...
Setting up libc-bin (2.15-0ubuntu10.15) ...
(Reading database ... (Reading database ... 5%(Reading database ... 10%(Reading database ... 15%(Reading database ... 20%(Reading database ... 25%(Reading database ... 30%(Reading database ... 35%(Reading database ... 40%(Reading database ... 45%(Reading database ... 50%(Reading database ... 55%(Reading database ... 60%(Reading database ... 65%(Reading database ... 70%(Reading database ... 75%(Reading database ... 80%(Reading database ... 85%(Reading database ... 90%(Reading database ... 95%(Reading database ... 100%(Reading database ... 72018 files and directories currently installed.)
Preparing to replace libc6 2.15-0ubuntu10.10 (using .../libc6_2.15-0ubuntu10.15_amd64.deb) ...
Unpacking replacement libc6 ...
Setting up libc6 (2.15-0ubuntu10.15) ...
Setting up libc-dev-bin (2.15-0ubuntu10.15) ...
Setting up libc6-dev (2.15-0ubuntu10.15) ...
Processing triggers for libc-bin ...
ldconfig deferred processing now taking place
travis_fold:end:fix.CVE-2015-7547[0Ktravis_fold:start:git.checkout[0Ktravis_time:start:1a9cfde8[0K$ git clone --depth=50 --branch=artemis https://github.com/yamcs/yamcs.git yamcs/yamcs
Cloning into 'yamcs/yamcs'...
remote: Counting objects: 2622, done.[K
remote: Compressing objects:   0% (1/1725)   [Kremote: Compressing objects:   1% (18/1725)   [Kremote: Compressing objects:   2% (35/1725)   [Kremote: Compressing objects:   3% (52/1725)   [Kremote: Compressing objects:   4% (69/1725)   [Kremote: Compressing objects:   5% (87/1725)   [Kremote: Compressing objects:   6% (104/1725)   [Kremote: Compressing objects:   7% (121/1725)   [Kremote: Compressing objects:   8% (138/1725)   [Kremote: Compressing objects:   9% (156/1725)   [Kremote: Compressing objects:  10% (173/1725)   [Kremote: Compressing objects:  11% (190/1725)   [Kremote: Compressing objects:  12% (207/1725)   [Kremote: Compressing objects:  13% (225/1725)   [Kremote: Compressing objects:  14% (242/1725)   [Kremote: Compressing objects:  15% (259/1725)   [Kremote: Compressing objects:  16% (276/1725)   [Kremote: Compressing objects:  17% (294/1725)   [Kremote: Compressing objects:  18% (311/1725)   [Kremote: Compressing objects:  19% (328/1725)   [Kremote: Compressing objects:  20% (345/1725)   [Kremote: Compressing objects:  21% (363/1725)   [Kremote: Compressing objects:  22% (380/1725)   [Kremote: Compressing objects:  23% (397/1725)   [Kremote: Compressing objects:  24% (414/1725)   [Kremote: Compressing objects:  25% (432/1725)   [Kremote: Compressing objects:  26% (449/1725)   [Kremote: Compressing objects:  27% (466/1725)   [Kremote: Compressing objects:  28% (483/1725)   [Kremote: Compressing objects:  29% (501/1725)   [Kremote: Compressing objects:  30% (518/1725)   [Kremote: Compressing objects:  31% (535/1725)   [Kremote: Compressing objects:  32% (552/1725)   [Kremote: Compressing objects:  33% (570/1725)   [Kremote: Compressing objects:  34% (587/1725)   [Kremote: Compressing objects:  35% (604/1725)   [Kremote: Compressing objects:  36% (621/1725)   [Kremote: Compressing objects:  37% (639/1725)   [Kremote: Compressing objects:  38% (656/1725)   [Kremote: Compressing objects:  39% (673/1725)   [Kremote: Compressing objects:  40% (690/1725)   [Kremote: Compressing objects:  41% (708/1725)   [Kremote: Compressing objects:  42% (725/1725)   [Kremote: Compressing objects:  43% (742/1725)   [Kremote: Compressing objects:  44% (759/1725)   [Kremote: Compressing objects:  45% (777/1725)   [Kremote: Compressing objects:  46% (794/1725)   [Kremote: Compressing objects:  47% (811/1725)   [Kremote: Compressing objects:  48% (828/1725)   [Kremote: Compressing objects:  49% (846/1725)   [Kremote: Compressing objects:  50% (863/1725)   [Kremote: Compressing objects:  51% (880/1725)   [Kremote: Compressing objects:  52% (897/1725)   [Kremote: Compressing objects:  53% (915/1725)   [Kremote: Compressing objects:  54% (932/1725)   [Kremote: Compressing objects:  55% (949/1725)   [Kremote: Compressing objects:  56% (966/1725)   [Kremote: Compressing objects:  57% (984/1725)   [Kremote: Compressing objects:  58% (1001/1725)   [Kremote: Compressing objects:  59% (1018/1725)   [Kremote: Compressing objects:  60% (1035/1725)   [Kremote: Compressing objects:  61% (1053/1725)   [Kremote: Compressing objects:  62% (1070/1725)   [Kremote: Compressing objects:  63% (1087/1725)   [Kremote: Compressing objects:  64% (1104/1725)   [Kremote: Compressing objects:  65% (1122/1725)   [Kremote: Compressing objects:  66% (1139/1725)   [Kremote: Compressing objects:  67% (1156/1725)   [Kremote: Compressing objects:  68% (1173/1725)   [Kremote: Compressing objects:  69% (1191/1725)   [Kremote: Compressing objects:  70% (1208/1725)   [Kremote: Compressing objects:  71% (1225/1725)   [Kremote: Compressing objects:  72% (1242/1725)   [Kremote: Compressing objects:  73% (1260/1725)   [Kremote: Compressing objects:  74% (1277/1725)   [Kremote: Compressing objects:  75% (1294/1725)   [Kremote: Compressing objects:  76% (1311/1725)   [Kremote: Compressing objects:  77% (1329/1725)   [Kremote: Compressing objects:  78% (1346/1725)   [Kremote: Compressing objects:  79% (1363/1725)   [Kremote: Compressing objects:  80% (1380/1725)   [Kremote: Compressing objects:  81% (1398/1725)   [Kremote: Compressing objects:  82% (1415/1725)   [Kremote: Compressing objects:  83% (1432/1725)   [Kremote: Compressing objects:  84% (1449/1725)   [Kremote: Compressing objects:  85% (1467/1725)   [Kremote: Compressing objects:  86% (1484/1725)   [Kremote: Compressing objects:  87% (1501/1725)   [Kremote: Compressing objects:  88% (1518/1725)   [Kremote: Compressing objects:  89% (1536/1725)   [Kremote: Compressing objects:  90% (1553/1725)   [Kremote: Compressing objects:  91% (1570/1725)   [Kremote: Compressing objects:  92% (1587/1725)   [Kremote: Compressing objects:  93% (1605/1725)   [Kremote: Compressing objects:  94% (1622/1725)   [Kremote: Compressing objects:  95% (1639/1725)   [Kremote: Compressing objects:  96% (1656/1725)   [Kremote: Compressing objects:  97% (1674/1725)   [Kremote: Compressing objects:  98% (1691/1725)   [Kremote: Compressing objects:  99% (1708/1725)   [Kremote: Compressing objects: 100% (1725/1725)   [Kremote: Compressing objects: 100% (1725/1725), done.[K
Receiving objects:   0% (1/2622)   Receiving objects:   1% (27/2622)   Receiving objects:   2% (53/2622)   Receiving objects:   3% (79/2622)   Receiving objects:   4% (105/2622)   Receiving objects:   5% (132/2622)   Receiving objects:   6% (158/2622)   Receiving objects:   7% (184/2622)   Receiving objects:   8% (210/2622)   Receiving objects:   9% (236/2622)   Receiving objects:  10% (263/2622)   Receiving objects:  11% (289/2622)   Receiving objects:  12% (315/2622)   Receiving objects:  13% (341/2622)   Receiving objects:  14% (368/2622)   Receiving objects:  15% (394/2622)   Receiving objects:  16% (420/2622)   Receiving objects:  17% (446/2622)   Receiving objects:  18% (472/2622)   Receiving objects:  19% (499/2622)   Receiving objects:  20% (525/2622)   Receiving objects:  21% (551/2622)   Receiving objects:  22% (577/2622)   Receiving objects:  23% (604/2622)   Receiving objects:  24% (630/2622)   Receiving objects:  25% (656/2622)   Receiving objects:  26% (682/2622)   Receiving objects:  27% (708/2622)   Receiving objects:  28% (735/2622)   Receiving objects:  29% (761/2622)   Receiving objects:  30% (787/2622)   Receiving objects:  31% (813/2622)   Receiving objects:  32% (840/2622)   Receiving objects:  33% (866/2622)   Receiving objects:  34% (892/2622)   Receiving objects:  35% (918/2622)   Receiving objects:  36% (944/2622)   Receiving objects:  37% (971/2622)   Receiving objects:  38% (997/2622)   Receiving objects:  39% (1023/2622)   Receiving objects:  40% (1049/2622)   Receiving objects:  41% (1076/2622)   Receiving objects:  42% (1102/2622)   Receiving objects:  43% (1128/2622)   Receiving objects:  44% (1154/2622)   Receiving objects:  45% (1180/2622)   Receiving objects:  46% (1207/2622)   Receiving objects:  47% (1233/2622)   Receiving objects:  48% (1259/2622)   Receiving objects:  49% (1285/2622)   Receiving objects:  50% (1311/2622)   Receiving objects:  51% (1338/2622)   Receiving objects:  52% (1364/2622)   Receiving objects:  53% (1390/2622)   Receiving objects:  54% (1416/2622), 10.40 MiB | 20.76 MiB/s   Receiving objects:  55% (1443/2622), 10.40 MiB | 20.76 MiB/s   Receiving objects:  56% (1469/2622), 10.40 MiB | 20.76 MiB/s   Receiving objects:  57% (1495/2622), 10.40 MiB | 20.76 MiB/s   Receiving objects:  58% (1521/2622), 10.40 MiB | 20.76 MiB/s   Receiving objects:  59% (1547/2622), 10.40 MiB | 20.76 MiB/s   Receiving objects:  60% (1574/2622), 10.40 MiB | 20.76 MiB/s   Receiving objects:  61% (1600/2622), 10.40 MiB | 20.76 MiB/s   Receiving objects:  62% (1626/2622), 10.40 MiB | 20.76 MiB/s   Receiving objects:  63% (1652/2622), 10.40 MiB | 20.76 MiB/s   Receiving objects:  64% (1679/2622), 10.40 MiB | 20.76 MiB/s   Receiving objects:  65% (1705/2622), 10.40 MiB | 20.76 MiB/s   Receiving objects:  66% (1731/2622), 10.40 MiB | 20.76 MiB/s   Receiving objects:  67% (1757/2622), 10.40 MiB | 20.76 MiB/s   Receiving objects:  68% (1783/2622), 10.40 MiB | 20.76 MiB/s   Receiving objects:  69% (1810/2622), 10.40 MiB | 20.76 MiB/s   Receiving objects:  70% (1836/2622), 10.40 MiB | 20.76 MiB/s   Receiving objects:  71% (1862/2622), 10.40 MiB | 20.76 MiB/s   Receiving objects:  72% (1888/2622), 10.40 MiB | 20.76 MiB/s   Receiving objects:  73% (1915/2622), 10.40 MiB | 20.76 MiB/s   Receiving objects:  74% (1941/2622), 10.40 MiB | 20.76 MiB/s   Receiving objects:  75% (1967/2622), 10.40 MiB | 20.76 MiB/s   Receiving objects:  76% (1993/2622), 10.40 MiB | 20.76 MiB/s   Receiving objects:  77% (2019/2622), 10.40 MiB | 20.76 MiB/s   Receiving objects:  78% (2046/2622), 10.40 MiB | 20.76 MiB/s   Receiving objects:  79% (2072/2622), 10.40 MiB | 20.76 MiB/s   Receiving objects:  80% (2098/2622), 10.40 MiB | 20.76 MiB/s   Receiving objects:  81% (2124/2622), 10.40 MiB | 20.76 MiB/s   Receiving objects:  82% (2151/2622), 10.40 MiB | 20.76 MiB/s   Receiving objects:  83% (2177/2622), 10.40 MiB | 20.76 MiB/s   Receiving objects:  84% (2203/2622), 10.40 MiB | 20.76 MiB/s   Receiving objects:  85% (2229/2622), 10.40 MiB | 20.76 MiB/s   remote: Total 2622 (delta 938), reused 1731 (delta 748), pack-reused 0[K
Receiving objects:  86% (2255/2622), 10.40 MiB | 20.76 MiB/s   Receiving objects:  87% (2282/2622), 10.40 MiB | 20.76 MiB/s   Receiving objects:  88% (2308/2622), 10.40 MiB | 20.76 MiB/s   Receiving objects:  89% (2334/2622), 10.40 MiB | 20.76 MiB/s   Receiving objects:  90% (2360/2622), 10.40 MiB | 20.76 MiB/s   Receiving objects:  91% (2387/2622), 10.40 MiB | 20.76 MiB/s   Receiving objects:  92% (2413/2622), 10.40 MiB | 20.76 MiB/s   Receiving objects:  93% (2439/2622), 10.40 MiB | 20.76 MiB/s   Receiving objects:  94% (2465/2622), 10.40 MiB | 20.76 MiB/s   Receiving objects:  95% (2491/2622), 10.40 MiB | 20.76 MiB/s   Receiving objects:  96% (2518/2622), 10.40 MiB | 20.76 MiB/s   Receiving objects:  97% (2544/2622), 10.40 MiB | 20.76 MiB/s   Receiving objects:  98% (2570/2622), 10.40 MiB | 20.76 MiB/s   Receiving objects:  99% (2596/2622), 10.40 MiB | 20.76 MiB/s   Receiving objects: 100% (2622/2622), 10.40 MiB | 20.76 MiB/s   Receiving objects: 100% (2622/2622), 13.98 MiB | 20.76 MiB/s, done.
Resolving deltas:   0% (0/938)   Resolving deltas:   5% (49/938)   Resolving deltas:   6% (60/938)   Resolving deltas:   7% (69/938)   Resolving deltas:   8% (78/938)   Resolving deltas:   9% (85/938)   Resolving deltas:  10% (94/938)   Resolving deltas:  11% (104/938)   Resolving deltas:  12% (113/938)   Resolving deltas:  13% (122/938)   Resolving deltas:  17% (167/938)   Resolving deltas:  18% (171/938)   Resolving deltas:  19% (181/938)   Resolving deltas:  20% (188/938)   Resolving deltas:  25% (237/938)   Resolving deltas:  27% (256/938)   Resolving deltas:  28% (264/938)   Resolving deltas:  29% (274/938)   Resolving deltas:  30% (282/938)   Resolving deltas:  31% (293/938)   Resolving deltas:  32% (304/938)   Resolving deltas:  33% (310/938)   Resolving deltas:  34% (319/938)   Resolving deltas:  35% (330/938)   Resolving deltas:  36% (338/938)   Resolving deltas:  37% (356/938)   Resolving deltas:  38% (361/938)   Resolving deltas:  39% (371/938)   Resolving deltas:  40% (378/938)   Resolving deltas:  41% (387/938)   Resolving deltas:  42% (401/938)   Resolving deltas:  43% (405/938)   Resolving deltas:  44% (413/938)   Resolving deltas:  45% (423/938)   Resolving deltas:  46% (432/938)   Resolving deltas:  47% (441/938)   Resolving deltas:  48% (451/938)   Resolving deltas:  49% (463/938)   Resolving deltas:  50% (477/938)   Resolving deltas:  51% (479/938)   Resolving deltas:  52% (496/938)   Resolving deltas:  53% (499/938)   Resolving deltas:  54% (510/938)   Resolving deltas:  55% (517/938)   Resolving deltas:  56% (526/938)   Resolving deltas:  57% (536/938)   Resolving deltas:  58% (548/938)   Resolving deltas:  59% (555/938)   Resolving deltas:  60% (563/938)   Resolving deltas:  61% (574/938)   Resolving deltas:  62% (582/938)   Resolving deltas:  63% (591/938)   Resolving deltas:  64% (605/938)   Resolving deltas:  65% (610/938)   Resolving deltas:  66% (624/938)   Resolving deltas:  67% (631/938)   Resolving deltas:  68% (638/938)   Resolving deltas:  70% (659/938)   Resolving deltas:  71% (666/938)   Resolving deltas:  72% (676/938)   Resolving deltas:  73% (689/938)   Resolving deltas:  74% (695/938)   Resolving deltas:  75% (704/938)   Resolving deltas:  76% (713/938)   Resolving deltas:  77% (723/938)   Resolving deltas:  78% (732/938)   Resolving deltas:  79% (742/938)   Resolving deltas:  80% (751/938)   Resolving deltas:  81% (764/938)   Resolving deltas:  84% (794/938)   Resolving deltas:  85% (798/938)   Resolving deltas:  86% (809/938)   Resolving deltas:  87% (818/938)   Resolving deltas:  88% (829/938)   Resolving deltas:  89% (837/938)   Resolving deltas:  90% (849/938)   Resolving deltas:  91% (854/938)   Resolving deltas:  92% (863/938)   Resolving deltas:  93% (873/938)   Resolving deltas: 100% (938/938)   Resolving deltas: 100% (938/938), done.
Checking connectivity... done.

travis_time:end:1a9cfde8:start=1474968070422917794,finish=1474968072046775439,duration=1623857645[0K$ cd yamcs/yamcs
$ git checkout -qf 94f46193468255808727ba49c76ff32f898c84a8
travis_fold:end:git.checkout[0K
[33;1mThis job is running on container-based infrastructure, which does not allow use of 'sudo', setuid and setguid executables.[0m
[33;1mIf you require sudo, add 'sudo: required' to your .travis.yml[0m
[33;1mSee https://docs.travis-ci.com/user/workers/container-based-infrastructure/ for details.[0m
$ jdk_switcher use oraclejdk8
Switching to Oracle JDK8 (java-8-oracle), JAVA_HOME will be set to /usr/lib/jvm/java-8-oracle
travis_fold:start:cache.1[0KSetting up build cache
$ export CASHER_DIR=$HOME/.casher
travis_time:start:1af4a30a[0K$ Installing caching utilities

travis_time:end:1af4a30a:start=1474968074815043737,finish=1474968074863545124,duration=48501387[0Ktravis_time:start:0e228b0b[0K
travis_time:end:0e228b0b:start=1474968074868440567,finish=1474968074871780037,duration=3339470[0Ktravis_time:start:1f24ca1a[0K[32;1mattempting to download cache archive[0m
[32;1mfetching artemis/cache-linux-precise-e3b0c44298fc1c149afbf4c8996fb92427ae41e4649b934ca495991b7852b855--jdk-oraclejdk8.tgz[0m
[32;1mfound cache[0m

travis_time:end:1f24ca1a:start=1474968074875611639,finish=1474968076971780691,duration=2096169052[0Ktravis_time:start:019730da[0K
travis_time:end:019730da:start=1474968076975880064,finish=1474968076979425525,duration=3545461[0Ktravis_time:start:10e48153[0K[32;1madding /home/travis/.m2 to cache[0m

travis_time:end:10e48153:start=1474968076983456155,finish=1474968078470516949,duration=1487060794[0Ktravis_fold:end:cache.1[0K$ java -Xmx32m -version
java version "1.8.0_31"
Java(TM) SE Runtime Environment (build 1.8.0_31-b13)
Java HotSpot(TM) 64-Bit Server VM (build 25.31-b07, mixed mode)
$ javac -J-Xmx32m -version
javac 1.8.0_31
travis_fold:start:install[0Ktravis_time:start:02812228[0K$ mvn install -DskipTests=true -Dmaven.javadoc.skip=true -B -V
Java HotSpot(TM) 64-Bit Server VM warning: ignoring option MaxPermSize=192m; support was removed in 8.0
Apache Maven 3.2.5 (12a6b3acb947671f09b81f49094c53f426d8cea1; 2014-12-14T17:29:23+00:00)
Maven home: /usr/local/maven
Java version: 1.8.0_31, vendor: Oracle Corporation
Java home: /usr/lib/jvm/java-8-oracle/jre
Default locale: en_US, platform encoding: UTF-8
OS name: "linux", version: "3.13.0-40-generic", arch: "amd64", family: "unix"
[INFO] Scanning for projects...
[INFO] ------------------------------------------------------------------------
[INFO] Reactor Build Order:
[INFO] 
[INFO] Yamcs
[INFO] Yamcs API
[INFO] Yamcs XTCE
[INFO] Yamcs Core
[INFO] Yamcs Simulation
[INFO]                                                                         
[INFO] ------------------------------------------------------------------------
[INFO] Building Yamcs 0.30.0
[INFO] ------------------------------------------------------------------------
[INFO] 
[INFO] --- maven-source-plugin:2.2.1:jar-no-fork (attach-sources) @ yamcs ---
[INFO] 
[INFO] --- maven-install-plugin:2.4:install (default-install) @ yamcs ---
[INFO] Installing /home/travis/build/yamcs/yamcs/pom.xml to /home/travis/.m2/repository/org/yamcs/yamcs/0.30.0/yamcs-0.30.0.pom
[INFO]                                                                         
[INFO] ------------------------------------------------------------------------
[INFO] Building Yamcs API 0.30.0
[INFO] ------------------------------------------------------------------------
[INFO] 
[INFO] --- maven-resources-plugin:2.6:resources (default-resources) @ yamcs-api ---
[INFO] Using 'UTF-8' encoding to copy filtered resources.
[INFO] Copying 1 resource
[INFO] 
[INFO] --- maven-compiler-plugin:2.3.2:compile (default-compile) @ yamcs-api ---
[INFO] Compiling 68 source files to /home/travis/build/yamcs/yamcs/yamcs-api/target/classes
[INFO] 
[INFO] --- maven-resources-plugin:2.6:testResources (default-testResources) @ yamcs-api ---
[INFO] Using 'UTF-8' encoding to copy filtered resources.
[INFO] skip non existing resourceDirectory /home/travis/build/yamcs/yamcs/yamcs-api/src/test/resources
[INFO] 
[INFO] --- maven-compiler-plugin:2.3.2:testCompile (default-testCompile) @ yamcs-api ---
[INFO] Compiling 4 source files to /home/travis/build/yamcs/yamcs/yamcs-api/target/test-classes
[INFO] 
[INFO] --- maven-surefire-plugin:2.19.1:test (default-test) @ yamcs-api ---
[INFO] Tests are skipped.
[INFO] 
[INFO] --- maven-jar-plugin:2.4:jar (default-jar) @ yamcs-api ---
[INFO] Building jar: /home/travis/build/yamcs/yamcs/yamcs-api/target/yamcs-api-0.30.0.jar
[INFO] 
[INFO] --- maven-source-plugin:2.2.1:jar-no-fork (attach-sources) @ yamcs-api ---
[INFO] Building jar: /home/travis/build/yamcs/yamcs/yamcs-api/target/yamcs-api-0.30.0-sources.jar
[INFO] 
[INFO] --- maven-install-plugin:2.4:install (default-install) @ yamcs-api ---
[INFO] Installing /home/travis/build/yamcs/yamcs/yamcs-api/target/yamcs-api-0.30.0.jar to /home/travis/.m2/repository/org/yamcs/yamcs-api/0.30.0/yamcs-api-0.30.0.jar
[INFO] Installing /home/travis/build/yamcs/yamcs/yamcs-api/pom.xml to /home/travis/.m2/repository/org/yamcs/yamcs-api/0.30.0/yamcs-api-0.30.0.pom
[INFO] Installing /home/travis/build/yamcs/yamcs/yamcs-api/target/yamcs-api-0.30.0-sources.jar to /home/travis/.m2/repository/org/yamcs/yamcs-api/0.30.0/yamcs-api-0.30.0-sources.jar
[INFO]                                                                         
[INFO] ------------------------------------------------------------------------
[INFO] Building Yamcs XTCE 0.30.0
[INFO] ------------------------------------------------------------------------
[INFO] 
[INFO] --- maven-resources-plugin:2.6:resources (default-resources) @ yamcs-xtce ---
[INFO] Using 'UTF-8' encoding to copy filtered resources.
[INFO] Copying 1 resource
[INFO] 
[INFO] --- maven-compiler-plugin:2.3.2:compile (default-compile) @ yamcs-xtce ---
[INFO] Compiling 106 source files to /home/travis/build/yamcs/yamcs/yamcs-xtce/target/classes
[INFO] 
[INFO] --- maven-resources-plugin:2.6:testResources (default-testResources) @ yamcs-xtce ---
[INFO] Using 'UTF-8' encoding to copy filtered resources.
[INFO] skip non existing resourceDirectory /home/travis/build/yamcs/yamcs/yamcs-xtce/src/test/resources
[INFO] 
[INFO] --- maven-compiler-plugin:2.3.2:testCompile (default-testCompile) @ yamcs-xtce ---
[INFO] Compiling 1 source file to /home/travis/build/yamcs/yamcs/yamcs-xtce/target/test-classes
[INFO] 
[INFO] --- maven-surefire-plugin:2.19.1:test (default-test) @ yamcs-xtce ---
[INFO] Tests are skipped.
[INFO] 
[INFO] --- maven-jar-plugin:2.4:jar (default-jar) @ yamcs-xtce ---
[INFO] Building jar: /home/travis/build/yamcs/yamcs/yamcs-xtce/target/yamcs-xtce-0.30.0.jar
[INFO] 
[INFO] --- maven-source-plugin:2.2.1:jar-no-fork (attach-sources) @ yamcs-xtce ---
[INFO] Building jar: /home/travis/build/yamcs/yamcs/yamcs-xtce/target/yamcs-xtce-0.30.0-sources.jar
[INFO] 
[INFO] --- maven-install-plugin:2.4:install (default-install) @ yamcs-xtce ---
[INFO] Installing /home/travis/build/yamcs/yamcs/yamcs-xtce/target/yamcs-xtce-0.30.0.jar to /home/travis/.m2/repository/org/yamcs/yamcs-xtce/0.30.0/yamcs-xtce-0.30.0.jar
[INFO] Installing /home/travis/build/yamcs/yamcs/yamcs-xtce/pom.xml to /home/travis/.m2/repository/org/yamcs/yamcs-xtce/0.30.0/yamcs-xtce-0.30.0.pom
[INFO] Installing /home/travis/build/yamcs/yamcs/yamcs-xtce/target/yamcs-xtce-0.30.0-sources.jar to /home/travis/.m2/repository/org/yamcs/yamcs-xtce/0.30.0/yamcs-xtce-0.30.0-sources.jar
[INFO]                                                                         
[INFO] ------------------------------------------------------------------------
[INFO] Building Yamcs Core 0.30.0
[INFO] ------------------------------------------------------------------------
[INFO] Downloading: http://repo.maven.apache.org/maven2/org/rocksdb/rocksdbjni/4.9.0/rocksdbjni-4.9.0.pom
[INFO] Downloaded: http://repo.maven.apache.org/maven2/org/rocksdb/rocksdbjni/4.9.0/rocksdbjni-4.9.0.pom (6 KB at 17.6 KB/sec)
[INFO] Downloading: http://repo.maven.apache.org/maven2/org/rocksdb/rocksdbjni/4.9.0/rocksdbjni-4.9.0.jar
[INFO] Downloaded: http://repo.maven.apache.org/maven2/org/rocksdb/rocksdbjni/4.9.0/rocksdbjni-4.9.0.jar (6255 KB at 13745.1 KB/sec)
[INFO] 
[INFO] --- build-helper-maven-plugin:1.11:add-source (add-source) @ yamcs-core ---
[INFO] Source directory: /home/travis/build/yamcs/yamcs/yamcs-core/target/generated-sources/version added.
[INFO] 
[INFO] --- maven-antrun-plugin:1.3:run (generate-version) @ yamcs-core ---
[INFO] Executing tasks
     [copy] Copying 1 file to /home/travis/build/yamcs/yamcs/yamcs-core/target/generated-sources/version/org/yamcs
[INFO] Executed tasks
[INFO] 
[INFO] --- maven-resources-plugin:2.6:resources (default-resources) @ yamcs-core ---
[INFO] Using 'UTF-8' encoding to copy filtered resources.
[INFO] Copying 31 resources
[INFO] 
[INFO] --- maven-compiler-plugin:2.3.2:compile (default-compile) @ yamcs-core ---
[INFO] Compiling 580 source files to /home/travis/build/yamcs/yamcs/yamcs-core/target/classes
[INFO] -------------------------------------------------------------
[ERROR] COMPILATION ERROR : 
[INFO] -------------------------------------------------------------
[ERROR] /home/travis/build/yamcs/yamcs/yamcs-core/src/main/java/org/yamcs/archive/PpRecorder.java:[86,8] error: cannot find symbol
[ERROR]  class PpRecorder
/home/travis/build/yamcs/yamcs/yamcs-core/src/main/java/org/yamcs/archive/CommandHistoryRecorder.java:[78,8] error: cannot find symbol
[ERROR]  class CommandHistoryRecorder
/home/travis/build/yamcs/yamcs/yamcs-core/src/main/java/org/yamcs/archive/EventRecorder.java:[63,8] error: cannot find symbol
[INFO] 3 errors 
[INFO] -------------------------------------------------------------
[INFO] ------------------------------------------------------------------------
[INFO] Reactor Summary:
[INFO] 
[INFO] Yamcs .............................................. SUCCESS [  1.326 s]
[INFO] Yamcs API .......................................... SUCCESS [ 39.946 s]
[INFO] Yamcs XTCE ......................................... SUCCESS [  5.721 s]
[INFO] Yamcs Core ......................................... FAILURE [ 28.258 s]
[INFO] Yamcs Simulation ................................... SKIPPED
[INFO] ------------------------------------------------------------------------
[INFO] BUILD FAILURE
[INFO] ------------------------------------------------------------------------
[INFO] Total time: 01:15 min
[INFO] Finished at: 2016-09-27T09:22:37+00:00
[INFO] Final Memory: 53M/420M
[INFO] ------------------------------------------------------------------------
[ERROR] Failed to execute goal org.apache.maven.plugins:maven-compiler-plugin:2.3.2:compile (default-compile) on project yamcs-core: Compilation failure: Compilation failure:
[ERROR] /home/travis/build/yamcs/yamcs/yamcs-core/src/main/java/org/yamcs/archive/PpRecorder.java:[86,8] error: cannot find symbol
[ERROR] class PpRecorder
[ERROR] /home/travis/build/yamcs/yamcs/yamcs-core/src/main/java/org/yamcs/archive/CommandHistoryRecorder.java:[78,8] error: cannot find symbol
[ERROR] class CommandHistoryRecorder
[ERROR] /home/travis/build/yamcs/yamcs/yamcs-core/src/main/java/org/yamcs/archive/EventRecorder.java:[63,8] error: cannot find symbol
[ERROR] -> [Help 1]
[ERROR] 
[ERROR] To see the full stack trace of the errors, re-run Maven with the -e switch.
[ERROR] Re-run Maven using the -X switch to enable full debug logging.
[ERROR] 
[ERROR] For more information about the errors and possible solutions, please read the following articles:
[ERROR] [Help 1] http://cwiki.apache.org/confluence/display/MAVEN/MojoFailureException
[ERROR] 
[ERROR] After correcting the problems, you can resume the build with the command
[ERROR]   mvn <goals> -rf :yamcs-core

[31;1mThe command "eval mvn install -DskipTests=true -Dmaven.javadoc.skip=true -B -V" failed. Retrying, 2 of 3.[0m

Java HotSpot(TM) 64-Bit Server VM warning: ignoring option MaxPermSize=192m; support was removed in 8.0
Apache Maven 3.2.5 (12a6b3acb947671f09b81f49094c53f426d8cea1; 2014-12-14T17:29:23+00:00)
Maven home: /usr/local/maven
Java version: 1.8.0_31, vendor: Oracle Corporation
Java home: /usr/lib/jvm/java-8-oracle/jre
Default locale: en_US, platform encoding: UTF-8
OS name: "linux", version: "3.13.0-40-generic", arch: "amd64", family: "unix"
[INFO] Scanning for projects...
[INFO] ------------------------------------------------------------------------
[INFO] Reactor Build Order:
[INFO] 
[INFO] Yamcs
[INFO] Yamcs API
[INFO] Yamcs XTCE
[INFO] Yamcs Core
[INFO] Yamcs Simulation
[INFO]                                                                         
[INFO] ------------------------------------------------------------------------
[INFO] Building Yamcs 0.30.0
[INFO] ------------------------------------------------------------------------
[INFO] 
[INFO] --- maven-source-plugin:2.2.1:jar-no-fork (attach-sources) @ yamcs ---
[INFO] 
[INFO] --- maven-install-plugin:2.4:install (default-install) @ yamcs ---
[INFO] Installing /home/travis/build/yamcs/yamcs/pom.xml to /home/travis/.m2/repository/org/yamcs/yamcs/0.30.0/yamcs-0.30.0.pom
[INFO]                                                                         
[INFO] ------------------------------------------------------------------------
[INFO] Building Yamcs API 0.30.0
[INFO] ------------------------------------------------------------------------
[INFO] 
[INFO] --- maven-resources-plugin:2.6:resources (default-resources) @ yamcs-api ---
[INFO] Using 'UTF-8' encoding to copy filtered resources.
[INFO] Copying 1 resource
[INFO] 
[INFO] --- maven-compiler-plugin:2.3.2:compile (default-compile) @ yamcs-api ---
[INFO] Nothing to compile - all classes are up to date
[INFO] 
[INFO] --- maven-resources-plugin:2.6:testResources (default-testResources) @ yamcs-api ---
[INFO] Using 'UTF-8' encoding to copy filtered resources.
[INFO] skip non existing resourceDirectory /home/travis/build/yamcs/yamcs/yamcs-api/src/test/resources
[INFO] 
[INFO] --- maven-compiler-plugin:2.3.2:testCompile (default-testCompile) @ yamcs-api ---
[INFO] Nothing to compile - all classes are up to date
[INFO] 
[INFO] --- maven-surefire-plugin:2.19.1:test (default-test) @ yamcs-api ---
[INFO] Tests are skipped.
[INFO] 
[INFO] --- maven-jar-plugin:2.4:jar (default-jar) @ yamcs-api ---
[INFO] 
[INFO] --- maven-source-plugin:2.2.1:jar-no-fork (attach-sources) @ yamcs-api ---
[INFO] 
[INFO] --- maven-install-plugin:2.4:install (default-install) @ yamcs-api ---
[INFO] Installing /home/travis/build/yamcs/yamcs/yamcs-api/target/yamcs-api-0.30.0.jar to /home/travis/.m2/repository/org/yamcs/yamcs-api/0.30.0/yamcs-api-0.30.0.jar
[INFO] Installing /home/travis/build/yamcs/yamcs/yamcs-api/pom.xml to /home/travis/.m2/repository/org/yamcs/yamcs-api/0.30.0/yamcs-api-0.30.0.pom
[INFO] Installing /home/travis/build/yamcs/yamcs/yamcs-api/target/yamcs-api-0.30.0-sources.jar to /home/travis/.m2/repository/org/yamcs/yamcs-api/0.30.0/yamcs-api-0.30.0-sources.jar
[INFO]                                                                         
[INFO] ------------------------------------------------------------------------
[INFO] Building Yamcs XTCE 0.30.0
[INFO] ------------------------------------------------------------------------
[INFO] 
[INFO] --- maven-resources-plugin:2.6:resources (default-resources) @ yamcs-xtce ---
[INFO] Using 'UTF-8' encoding to copy filtered resources.
[INFO] Copying 1 resource
[INFO] 
[INFO] --- maven-compiler-plugin:2.3.2:compile (default-compile) @ yamcs-xtce ---
[INFO] Nothing to compile - all classes are up to date
[INFO] 
[INFO] --- maven-resources-plugin:2.6:testResources (default-testResources) @ yamcs-xtce ---
[INFO] Using 'UTF-8' encoding to copy filtered resources.
[INFO] skip non existing resourceDirectory /home/travis/build/yamcs/yamcs/yamcs-xtce/src/test/resources
[INFO] 
[INFO] --- maven-compiler-plugin:2.3.2:testCompile (default-testCompile) @ yamcs-xtce ---
[INFO] Nothing to compile - all classes are up to date
[INFO] 
[INFO] --- maven-surefire-plugin:2.19.1:test (default-test) @ yamcs-xtce ---
[INFO] Tests are skipped.
[INFO] 
[INFO] --- maven-jar-plugin:2.4:jar (default-jar) @ yamcs-xtce ---
[INFO] Building jar: /home/travis/build/yamcs/yamcs/yamcs-xtce/target/yamcs-xtce-0.30.0.jar
[INFO] 
[INFO] --- maven-source-plugin:2.2.1:jar-no-fork (attach-sources) @ yamcs-xtce ---
[INFO] 
[INFO] --- maven-install-plugin:2.4:install (default-install) @ yamcs-xtce ---
[INFO] Installing /home/travis/build/yamcs/yamcs/yamcs-xtce/target/yamcs-xtce-0.30.0.jar to /home/travis/.m2/repository/org/yamcs/yamcs-xtce/0.30.0/yamcs-xtce-0.30.0.jar
[INFO] Installing /home/travis/build/yamcs/yamcs/yamcs-xtce/pom.xml to /home/travis/.m2/repository/org/yamcs/yamcs-xtce/0.30.0/yamcs-xtce-0.30.0.pom
[INFO] Installing /home/travis/build/yamcs/yamcs/yamcs-xtce/target/yamcs-xtce-0.30.0-sources.jar to /home/travis/.m2/repository/org/yamcs/yamcs-xtce/0.30.0/yamcs-xtce-0.30.0-sources.jar
[INFO]                                                                         
[INFO] ------------------------------------------------------------------------
[INFO] Building Yamcs Core 0.30.0
[INFO] ------------------------------------------------------------------------
[INFO] 
[INFO] --- build-helper-maven-plugin:1.11:add-source (add-source) @ yamcs-core ---
[INFO] Source directory: /home/travis/build/yamcs/yamcs/yamcs-core/target/generated-sources/version added.
[INFO] 
[INFO] --- maven-antrun-plugin:1.3:run (generate-version) @ yamcs-core ---
[INFO] Executing tasks
[INFO] Executed tasks
[INFO] 
[INFO] --- maven-resources-plugin:2.6:resources (default-resources) @ yamcs-core ---
[INFO] Using 'UTF-8' encoding to copy filtered resources.
[INFO] Copying 31 resources
[INFO] 
[INFO] --- maven-compiler-plugin:2.3.2:compile (default-compile) @ yamcs-core ---
[INFO] Compiling 316 source files to /home/travis/build/yamcs/yamcs/yamcs-core/target/classes
[INFO] -------------------------------------------------------------
[ERROR] COMPILATION ERROR : 
[INFO] -------------------------------------------------------------
[ERROR] /home/travis/build/yamcs/yamcs/yamcs-core/src/main/java/org/yamcs/yarch/streamsql/ShowStreamStatement.java:[9,32] error: cannot find symbol
[ERROR]  package org.yamcs.yarch.streamsql
/home/travis/build/yamcs/yamcs/yamcs-core/src/main/java/org/yamcs/yarch/streamsql/CreateInputStreamStatement.java:[10,32] error: cannot find symbol
[ERROR]  package org.yamcs.yarch.streamsql
/home/travis/build/yamcs/yamcs/yamcs-core/src/main/java/org/yamcs/yarch/streamsql/MergeStatement.java:[9,32] error: cannot find symbol
[ERROR]  package org.yamcs.yarch.streamsql
/home/travis/build/yamcs/yamcs/yamcs-core/src/main/java/org/yamcs/yarch/streamsql/ValueExpression.java:[9,32] error: cannot find symbol
[ERROR]  package org.yamcs.yarch.streamsql
/home/travis/build/yamcs/yamcs/yamcs-core/src/main/java/org/yamcs/yarch/streamsql/InsertStatement.java:[16,32] error: cannot find symbol
[ERROR]  package org.yamcs.yarch.streamsql
/home/travis/build/yamcs/yamcs/yamcs-core/src/main/java/org/yamcs/yarch/streamsql/InExpression.java:[14,32] error: cannot find symbol
[ERROR]  package org.yamcs.yarch.streamsql
/home/travis/build/yamcs/yamcs/yamcs-core/src/main/java/org/yamcs/yarch/streamsql/CreateOutputStreamStatement.java:[10,32] error: cannot find symbol
[ERROR]  package org.yamcs.yarch.streamsql
/home/travis/build/yamcs/yamcs/yamcs-core/src/main/java/org/yamcs/archive/PpRecorder.java:[86,8] error: cannot find symbol
[ERROR]  class PpRecorder
/home/travis/build/yamcs/yamcs/yamcs-core/src/main/java/org/yamcs/yarch/streamsql/ShowStreamStatement.java:[42,26] error: cannot find symbol
[ERROR]  class ShowStreamStatement
/home/travis/build/yamcs/yamcs/yamcs-core/src/main/java/org/yamcs/yarch/streamsql/CreateInputStreamStatement.java:[30,26] error: cannot find symbol
[ERROR]  class CreateInputStreamStatement
/home/travis/build/yamcs/yamcs/yamcs-core/src/main/java/org/yamcs/yarch/streamsql/MergeStatement.java:[28,22] error: cannot find symbol
[ERROR]  class MergeStatement
/home/travis/build/yamcs/yamcs/yamcs-core/src/main/java/org/yamcs/yarch/streamsql/ValueExpression.java:[67,22] error: cannot find symbol
[ERROR]  class ValueExpression
/home/travis/build/yamcs/yamcs/yamcs-core/src/main/java/org/yamcs/yarch/streamsql/InsertStatement.java:[69,18] error: cannot find symbol
[ERROR]  class InsertStatement
/home/travis/build/yamcs/yamcs/yamcs-core/src/main/java/org/yamcs/yarch/streamsql/CreateStreamStatement.java:[29,26] error: cannot find symbol
[ERROR]  class CreateStreamStatement
/home/travis/build/yamcs/yamcs/yamcs-core/src/main/java/org/yamcs/yarch/streamsql/InExpression.java:[67,26] error: cannot find symbol
[ERROR]  class InExpression
/home/travis/build/yamcs/yamcs/yamcs-core/src/main/java/org/yamcs/archive/CommandHistoryRecorder.java:[78,8] error: cannot find symbol
[ERROR]  class CommandHistoryRecorder
/home/travis/build/yamcs/yamcs/yamcs-core/src/main/java/org/yamcs/archive/EventRecorder.java:[63,8] error: cannot find symbol
[ERROR]  class EventRecorder
/home/travis/build/yamcs/yamcs/yamcs-core/src/main/java/org/yamcs/yarch/streamsql/CreateOutputStreamStatement.java:[34,26] error: cannot find symbol
[INFO] 18 errors 
[INFO] -------------------------------------------------------------
[INFO] ------------------------------------------------------------------------
[INFO] Reactor Summary:
[INFO] 
[INFO] Yamcs .............................................. SUCCESS [  1.092 s]
[INFO] Yamcs API .......................................... SUCCESS [  2.713 s]
[INFO] Yamcs XTCE ......................................... SUCCESS [  0.473 s]
[INFO] Yamcs Core ......................................... FAILURE [ 16.391 s]
[INFO] Yamcs Simulation ................................... SKIPPED
[INFO] ------------------------------------------------------------------------
[INFO] BUILD FAILURE
[INFO] ------------------------------------------------------------------------
[INFO] Total time: 20.869 s
[INFO] Finished at: 2016-09-27T09:23:04+00:00
[INFO] Final Memory: 22M/346M
[INFO] ------------------------------------------------------------------------
[ERROR] Failed to execute goal org.apache.maven.plugins:maven-compiler-plugin:2.3.2:compile (default-compile) on project yamcs-core: Compilation failure: Compilation failure:
[ERROR] /home/travis/build/yamcs/yamcs/yamcs-core/src/main/java/org/yamcs/yarch/streamsql/ShowStreamStatement.java:[9,32] error: cannot find symbol
[ERROR] package org.yamcs.yarch.streamsql
[ERROR] /home/travis/build/yamcs/yamcs/yamcs-core/src/main/java/org/yamcs/yarch/streamsql/CreateInputStreamStatement.java:[10,32] error: cannot find symbol
[ERROR] package org.yamcs.yarch.streamsql
[ERROR] /home/travis/build/yamcs/yamcs/yamcs-core/src/main/java/org/yamcs/yarch/streamsql/MergeStatement.java:[9,32] error: cannot find symbol
[ERROR] package org.yamcs.yarch.streamsql
[ERROR] /home/travis/build/yamcs/yamcs/yamcs-core/src/main/java/org/yamcs/yarch/streamsql/ValueExpression.java:[9,32] error: cannot find symbol
[ERROR] package org.yamcs.yarch.streamsql
[ERROR] /home/travis/build/yamcs/yamcs/yamcs-core/src/main/java/org/yamcs/yarch/streamsql/InsertStatement.java:[16,32] error: cannot find symbol
[ERROR] package org.yamcs.yarch.streamsql
[ERROR] /home/travis/build/yamcs/yamcs/yamcs-core/src/main/java/org/yamcs/yarch/streamsql/InExpression.java:[14,32] error: cannot find symbol
[ERROR] package org.yamcs.yarch.streamsql
[ERROR] /home/travis/build/yamcs/yamcs/yamcs-core/src/main/java/org/yamcs/yarch/streamsql/CreateOutputStreamStatement.java:[10,32] error: cannot find symbol
[ERROR] package org.yamcs.yarch.streamsql
[ERROR] /home/travis/build/yamcs/yamcs/yamcs-core/src/main/java/org/yamcs/archive/PpRecorder.java:[86,8] error: cannot find symbol
[ERROR] class PpRecorder
[ERROR] /home/travis/build/yamcs/yamcs/yamcs-core/src/main/java/org/yamcs/yarch/streamsql/ShowStreamStatement.java:[42,26] error: cannot find symbol
[ERROR] class ShowStreamStatement
[ERROR] /home/travis/build/yamcs/yamcs/yamcs-core/src/main/java/org/yamcs/yarch/streamsql/CreateInputStreamStatement.java:[30,26] error: cannot find symbol
[ERROR] class CreateInputStreamStatement
[ERROR] /home/travis/build/yamcs/yamcs/yamcs-core/src/main/java/org/yamcs/yarch/streamsql/MergeStatement.java:[28,22] error: cannot find symbol
[ERROR] class MergeStatement
[ERROR] /home/travis/build/yamcs/yamcs/yamcs-core/src/main/java/org/yamcs/yarch/streamsql/ValueExpression.java:[67,22] error: cannot find symbol
[ERROR] class ValueExpression
[ERROR] /home/travis/build/yamcs/yamcs/yamcs-core/src/main/java/org/yamcs/yarch/streamsql/InsertStatement.java:[69,18] error: cannot find symbol
[ERROR] class InsertStatement
[ERROR] /home/travis/build/yamcs/yamcs/yamcs-core/src/main/java/org/yamcs/yarch/streamsql/CreateStreamStatement.java:[29,26] error: cannot find symbol
[ERROR] class CreateStreamStatement
[ERROR] /home/travis/build/yamcs/yamcs/yamcs-core/src/main/java/org/yamcs/yarch/streamsql/InExpression.java:[67,26] error: cannot find symbol
[ERROR] class InExpression
[ERROR] /home/travis/build/yamcs/yamcs/yamcs-core/src/main/java/org/yamcs/archive/CommandHistoryRecorder.java:[78,8] error: cannot find symbol
[ERROR] class CommandHistoryRecorder
[ERROR] /home/travis/build/yamcs/yamcs/yamcs-core/src/main/java/org/yamcs/archive/EventRecorder.java:[63,8] error: cannot find symbol
[ERROR] class EventRecorder
[ERROR] /home/travis/build/yamcs/yamcs/yamcs-core/src/main/java/org/yamcs/yarch/streamsql/CreateOutputStreamStatement.java:[34,26] error: cannot find symbol
[ERROR] -> [Help 1]
[ERROR] 
[ERROR] To see the full stack trace of the errors, re-run Maven with the -e switch.
[ERROR] Re-run Maven using the -X switch to enable full debug logging.
[ERROR] 
[ERROR] For more information about the errors and possible solutions, please read the following articles:
[ERROR] [Help 1] http://cwiki.apache.org/confluence/display/MAVEN/MojoFailureException
[ERROR] 
[ERROR] After correcting the problems, you can resume the build with the command
[ERROR]   mvn <goals> -rf :yamcs-core

[31;1mThe command "eval mvn install -DskipTests=true -Dmaven.javadoc.skip=true -B -V" failed. Retrying, 3 of 3.[0m

Java HotSpot(TM) 64-Bit Server VM warning: ignoring option MaxPermSize=192m; support was removed in 8.0
Apache Maven 3.2.5 (12a6b3acb947671f09b81f49094c53f426d8cea1; 2014-12-14T17:29:23+00:00)
Maven home: /usr/local/maven
Java version: 1.8.0_31, vendor: Oracle Corporation
Java home: /usr/lib/jvm/java-8-oracle/jre
Default locale: en_US, platform encoding: UTF-8
OS name: "linux", version: "3.13.0-40-generic", arch: "amd64", family: "unix"
[INFO] Scanning for projects...
[INFO] ------------------------------------------------------------------------
[INFO] Reactor Build Order:
[INFO] 
[INFO] Yamcs
[INFO] Yamcs API
[INFO] Yamcs XTCE
[INFO] Yamcs Core
[INFO] Yamcs Simulation
[INFO]                                                                         
[INFO] ------------------------------------------------------------------------
[INFO] Building Yamcs 0.30.0
[INFO] ------------------------------------------------------------------------
[INFO] 
[INFO] --- maven-source-plugin:2.2.1:jar-no-fork (attach-sources) @ yamcs ---
[INFO] 
[INFO] --- maven-install-plugin:2.4:install (default-install) @ yamcs ---
[INFO] Installing /home/travis/build/yamcs/yamcs/pom.xml to /home/travis/.m2/repository/org/yamcs/yamcs/0.30.0/yamcs-0.30.0.pom
[INFO]                                                                         
[INFO] ------------------------------------------------------------------------
[INFO] Building Yamcs API 0.30.0
[INFO] ------------------------------------------------------------------------
[INFO] 
[INFO] --- maven-resources-plugin:2.6:resources (default-resources) @ yamcs-api ---
[INFO] Using 'UTF-8' encoding to copy filtered resources.
[INFO] Copying 1 resource
[INFO] 
[INFO] --- maven-compiler-plugin:2.3.2:compile (default-compile) @ yamcs-api ---
[INFO] Nothing to compile - all classes are up to date
[INFO] 
[INFO] --- maven-resources-plugin:2.6:testResources (default-testResources) @ yamcs-api ---
[INFO] Using 'UTF-8' encoding to copy filtered resources.
[INFO] skip non existing resourceDirectory /home/travis/build/yamcs/yamcs/yamcs-api/src/test/resources
[INFO] 
[INFO] --- maven-compiler-plugin:2.3.2:testCompile (default-testCompile) @ yamcs-api ---
[INFO] Nothing to compile - all classes are up to date
[INFO] 
[INFO] --- maven-surefire-plugin:2.19.1:test (default-test) @ yamcs-api ---
[INFO] Tests are skipped.
[INFO] 
[INFO] --- maven-jar-plugin:2.4:jar (default-jar) @ yamcs-api ---
[INFO] 
[INFO] --- maven-source-plugin:2.2.1:jar-no-fork (attach-sources) @ yamcs-api ---
[INFO] 
[INFO] --- maven-install-plugin:2.4:install (default-install) @ yamcs-api ---
[INFO] Installing /home/travis/build/yamcs/yamcs/yamcs-api/target/yamcs-api-0.30.0.jar to /home/travis/.m2/repository/org/yamcs/yamcs-api/0.30.0/yamcs-api-0.30.0.jar
[INFO] Installing /home/travis/build/yamcs/yamcs/yamcs-api/pom.xml to /home/travis/.m2/repository/org/yamcs/yamcs-api/0.30.0/yamcs-api-0.30.0.pom
[INFO] Installing /home/travis/build/yamcs/yamcs/yamcs-api/target/yamcs-api-0.30.0-sources.jar to /home/travis/.m2/repository/org/yamcs/yamcs-api/0.30.0/yamcs-api-0.30.0-sources.jar
[INFO]                                                                         
[INFO] ------------------------------------------------------------------------
[INFO] Building Yamcs XTCE 0.30.0
[INFO] ------------------------------------------------------------------------
[INFO] 
[INFO] --- maven-resources-plugin:2.6:resources (default-resources) @ yamcs-xtce ---
[INFO] Using 'UTF-8' encoding to copy filtered resources.
[INFO] Copying 1 resource
[INFO] 
[INFO] --- maven-compiler-plugin:2.3.2:compile (default-compile) @ yamcs-xtce ---
[INFO] Nothing to compile - all classes are up to date
[INFO] 
[INFO] --- maven-resources-plugin:2.6:testResources (default-testResources) @ yamcs-xtce ---
[INFO] Using 'UTF-8' encoding to copy filtered resources.
[INFO] skip non existing resourceDirectory /home/travis/build/yamcs/yamcs/yamcs-xtce/src/test/resources
[INFO] 
[INFO] --- maven-compiler-plugin:2.3.2:testCompile (default-testCompile) @ yamcs-xtce ---
[INFO] Nothing to compile - all classes are up to date
[INFO] 
[INFO] --- maven-surefire-plugin:2.19.1:test (default-test) @ yamcs-xtce ---
[INFO] Tests are skipped.
[INFO] 
[INFO] --- maven-jar-plugin:2.4:jar (default-jar) @ yamcs-xtce ---
[INFO] Building jar: /home/travis/build/yamcs/yamcs/yamcs-xtce/target/yamcs-xtce-0.30.0.jar
[INFO] 
[INFO] --- maven-source-plugin:2.2.1:jar-no-fork (attach-sources) @ yamcs-xtce ---
[INFO] 
[INFO] --- maven-install-plugin:2.4:install (default-install) @ yamcs-xtce ---
[INFO] Installing /home/travis/build/yamcs/yamcs/yamcs-xtce/target/yamcs-xtce-0.30.0.jar to /home/travis/.m2/repository/org/yamcs/yamcs-xtce/0.30.0/yamcs-xtce-0.30.0.jar
[INFO] Installing /home/travis/build/yamcs/yamcs/yamcs-xtce/pom.xml to /home/travis/.m2/repository/org/yamcs/yamcs-xtce/0.30.0/yamcs-xtce-0.30.0.pom
[INFO] Installing /home/travis/build/yamcs/yamcs/yamcs-xtce/target/yamcs-xtce-0.30.0-sources.jar to /home/travis/.m2/repository/org/yamcs/yamcs-xtce/0.30.0/yamcs-xtce-0.30.0-sources.jar
[INFO]                                                                         
[INFO] ------------------------------------------------------------------------
[INFO] Building Yamcs Core 0.30.0
[INFO] ------------------------------------------------------------------------
[INFO] 
[INFO] --- build-helper-maven-plugin:1.11:add-source (add-source) @ yamcs-core ---
[INFO] Source directory: /home/travis/build/yamcs/yamcs/yamcs-core/target/generated-sources/version added.
[INFO] 
[INFO] --- maven-antrun-plugin:1.3:run (generate-version) @ yamcs-core ---
[INFO] Executing tasks
[INFO] Executed tasks
[INFO] 
[INFO] --- maven-resources-plugin:2.6:resources (default-resources) @ yamcs-core ---
[INFO] Using 'UTF-8' encoding to copy filtered resources.
[INFO] Copying 31 resources
[INFO] 
[INFO] --- maven-compiler-plugin:2.3.2:compile (default-compile) @ yamcs-core ---
[INFO] Compiling 316 source files to /home/travis/build/yamcs/yamcs/yamcs-core/target/classes
[INFO] -------------------------------------------------------------
[ERROR] COMPILATION ERROR : 
[INFO] -------------------------------------------------------------
[ERROR] /home/travis/build/yamcs/yamcs/yamcs-core/src/main/java/org/yamcs/yarch/streamsql/ShowStreamStatement.java:[9,32] error: cannot find symbol
[ERROR]  package org.yamcs.yarch.streamsql
/home/travis/build/yamcs/yamcs/yamcs-core/src/main/java/org/yamcs/yarch/streamsql/CreateInputStreamStatement.java:[10,32] error: cannot find symbol
[ERROR]  package org.yamcs.yarch.streamsql
/home/travis/build/yamcs/yamcs/yamcs-core/src/main/java/org/yamcs/yarch/streamsql/MergeStatement.java:[9,32] error: cannot find symbol
[ERROR]  package org.yamcs.yarch.streamsql
/home/travis/build/yamcs/yamcs/yamcs-core/src/main/java/org/yamcs/yarch/streamsql/ValueExpression.java:[9,32] error: cannot find symbol
[ERROR]  package org.yamcs.yarch.streamsql
/home/travis/build/yamcs/yamcs/yamcs-core/src/main/java/org/yamcs/yarch/streamsql/InsertStatement.java:[16,32] error: cannot find symbol
[ERROR]  package org.yamcs.yarch.streamsql
/home/travis/build/yamcs/yamcs/yamcs-core/src/main/java/org/yamcs/yarch/streamsql/InExpression.java:[14,32] error: cannot find symbol
[ERROR]  package org.yamcs.yarch.streamsql
/home/travis/build/yamcs/yamcs/yamcs-core/src/main/java/org/yamcs/yarch/streamsql/CreateOutputStreamStatement.java:[10,32] error: cannot find symbol
[ERROR]  package org.yamcs.yarch.streamsql
/home/travis/build/yamcs/yamcs/yamcs-core/src/main/java/org/yamcs/archive/PpRecorder.java:[86,8] error: cannot find symbol
[ERROR]  class PpRecorder
/home/travis/build/yamcs/yamcs/yamcs-core/src/main/java/org/yamcs/yarch/streamsql/ShowStreamStatement.java:[42,26] error: cannot find symbol
[ERROR]  class ShowStreamStatement
/home/travis/build/yamcs/yamcs/yamcs-core/src/main/java/org/yamcs/yarch/streamsql/CreateInputStreamStatement.java:[30,26] error: cannot find symbol
[ERROR]  class CreateInputStreamStatement
/home/travis/build/yamcs/yamcs/yamcs-core/src/main/java/org/yamcs/yarch/streamsql/MergeStatement.java:[28,22] error: cannot find symbol
[ERROR]  class MergeStatement
/home/travis/build/yamcs/yamcs/yamcs-core/src/main/java/org/yamcs/yarch/streamsql/ValueExpression.java:[67,22] error: cannot find symbol
[ERROR]  class ValueExpression
/home/travis/build/yamcs/yamcs/yamcs-core/src/main/java/org/yamcs/yarch/streamsql/InsertStatement.java:[69,18] error: cannot find symbol
[ERROR]  class InsertStatement
/home/travis/build/yamcs/yamcs/yamcs-core/src/main/java/org/yamcs/yarch/streamsql/CreateStreamStatement.java:[29,26] error: cannot find symbol
[ERROR]  class CreateStreamStatement
/home/travis/build/yamcs/yamcs/yamcs-core/src/main/java/org/yamcs/yarch/streamsql/InExpression.java:[67,26] error: cannot find symbol
[ERROR]  class InExpression
/home/travis/build/yamcs/yamcs/yamcs-core/src/main/java/org/yamcs/archive/CommandHistoryRecorder.java:[78,8] error: cannot find symbol
[ERROR]  class CommandHistoryRecorder
/home/travis/build/yamcs/yamcs/yamcs-core/src/main/java/org/yamcs/archive/EventRecorder.java:[63,8] error: cannot find symbol
[ERROR]  class EventRecorder
/home/travis/build/yamcs/yamcs/yamcs-core/src/main/java/org/yamcs/yarch/streamsql/CreateOutputStreamStatement.java:[34,26] error: cannot find symbol
[INFO] 18 errors 
[INFO] -------------------------------------------------------------
[INFO] ------------------------------------------------------------------------
[INFO] Reactor Summary:
[INFO] 
[INFO] Yamcs .............................................. SUCCESS [  0.943 s]
[INFO] Yamcs API .......................................... SUCCESS [  2.804 s]
[INFO] Yamcs XTCE ......................................... SUCCESS [  0.645 s]
[INFO] Yamcs Core ......................................... FAILURE [ 20.348 s]
[INFO] Yamcs Simulation ................................... SKIPPED
[INFO] ------------------------------------------------------------------------
[INFO] BUILD FAILURE
[INFO] ------------------------------------------------------------------------
[INFO] Total time: 24.928 s
[INFO] Finished at: 2016-09-27T09:23:38+00:00
[INFO] Final Memory: 22M/344M
[INFO] ------------------------------------------------------------------------
[ERROR] Failed to execute goal org.apache.maven.plugins:maven-compiler-plugin:2.3.2:compile (default-compile) on project yamcs-core: Compilation failure: Compilation failure:
[ERROR] /home/travis/build/yamcs/yamcs/yamcs-core/src/main/java/org/yamcs/yarch/streamsql/ShowStreamStatement.java:[9,32] error: cannot find symbol
[ERROR] package org.yamcs.yarch.streamsql
[ERROR] /home/travis/build/yamcs/yamcs/yamcs-core/src/main/java/org/yamcs/yarch/streamsql/CreateInputStreamStatement.java:[10,32] error: cannot find symbol
[ERROR] package org.yamcs.yarch.streamsql
[ERROR] /home/travis/build/yamcs/yamcs/yamcs-core/src/main/java/org/yamcs/yarch/streamsql/MergeStatement.java:[9,32] error: cannot find symbol
[ERROR] package org.yamcs.yarch.streamsql
[ERROR] /home/travis/build/yamcs/yamcs/yamcs-core/src/main/java/org/yamcs/yarch/streamsql/ValueExpression.java:[9,32] error: cannot find symbol
[ERROR] package org.yamcs.yarch.streamsql
[ERROR] /home/travis/build/yamcs/yamcs/yamcs-core/src/main/java/org/yamcs/yarch/streamsql/InsertStatement.java:[16,32] error: cannot find symbol
[ERROR] package org.yamcs.yarch.streamsql
[ERROR] /home/travis/build/yamcs/yamcs/yamcs-core/src/main/java/org/yamcs/yarch/streamsql/InExpression.java:[14,32] error: cannot find symbol
[ERROR] package org.yamcs.yarch.streamsql
[ERROR] /home/travis/build/yamcs/yamcs/yamcs-core/src/main/java/org/yamcs/yarch/streamsql/CreateOutputStreamStatement.java:[10,32] error: cannot find symbol
[ERROR] package org.yamcs.yarch.streamsql
[ERROR] /home/travis/build/yamcs/yamcs/yamcs-core/src/main/java/org/yamcs/archive/PpRecorder.java:[86,8] error: cannot find symbol
[ERROR] class PpRecorder
[ERROR] /home/travis/build/yamcs/yamcs/yamcs-core/src/main/java/org/yamcs/yarch/streamsql/ShowStreamStatement.java:[42,26] error: cannot find symbol
[ERROR] class ShowStreamStatement
[ERROR] /home/travis/build/yamcs/yamcs/yamcs-core/src/main/java/org/yamcs/yarch/streamsql/CreateInputStreamStatement.java:[30,26] error: cannot find symbol
[ERROR] class CreateInputStreamStatement
[ERROR] /home/travis/build/yamcs/yamcs/yamcs-core/src/main/java/org/yamcs/yarch/streamsql/MergeStatement.java:[28,22] error: cannot find symbol
[ERROR] class MergeStatement
[ERROR] /home/travis/build/yamcs/yamcs/yamcs-core/src/main/java/org/yamcs/yarch/streamsql/ValueExpression.java:[67,22] error: cannot find symbol
[ERROR] class ValueExpression
[ERROR] /home/travis/build/yamcs/yamcs/yamcs-core/src/main/java/org/yamcs/yarch/streamsql/InsertStatement.java:[69,18] error: cannot find symbol
[ERROR] class InsertStatement
[ERROR] /home/travis/build/yamcs/yamcs/yamcs-core/src/main/java/org/yamcs/yarch/streamsql/CreateStreamStatement.java:[29,26] error: cannot find symbol
[ERROR] class CreateStreamStatement
[ERROR] /home/travis/build/yamcs/yamcs/yamcs-core/src/main/java/org/yamcs/yarch/streamsql/InExpression.java:[67,26] error: cannot find symbol
[ERROR] class InExpression
[ERROR] /home/travis/build/yamcs/yamcs/yamcs-core/src/main/java/org/yamcs/archive/CommandHistoryRecorder.java:[78,8] error: cannot find symbol
[ERROR] class CommandHistoryRecorder
[ERROR] /home/travis/build/yamcs/yamcs/yamcs-core/src/main/java/org/yamcs/archive/EventRecorder.java:[63,8] error: cannot find symbol
[ERROR] class EventRecorder
[ERROR] /home/travis/build/yamcs/yamcs/yamcs-core/src/main/java/org/yamcs/yarch/streamsql/CreateOutputStreamStatement.java:[34,26] error: cannot find symbol
[ERROR] -> [Help 1]
[ERROR] 
[ERROR] To see the full stack trace of the errors, re-run Maven with the -e switch.
[ERROR] Re-run Maven using the -X switch to enable full debug logging.
[ERROR] 
[ERROR] For more information about the errors and possible solutions, please read the following articles:
[ERROR] [Help 1] http://cwiki.apache.org/confluence/display/MAVEN/MojoFailureException
[ERROR] 
[ERROR] After correcting the problems, you can resume the build with the command
[ERROR]   mvn <goals> -rf :yamcs-core

[31;1mThe command "eval mvn install -DskipTests=true -Dmaven.javadoc.skip=true -B -V" failed 3 times.[0m


travis_time:end:02812228:start=1474968078998436793,finish=1474968224202061108,duration=145203624315[0K
[31;1mThe command "mvn install -DskipTests=true -Dmaven.javadoc.skip=true -B -V" failed and exited with 1 during .[0m

Your build has been stopped.
