Using worker: worker-linux-docker-3b5bc0bd.prod.travis-ci.org:travis-linux-10

travis_fold:start:system_info[0K[33;1mBuild system information[0m
Build language: java
Build group: stable
Build dist: precise
[34m[1mBuild image provisioning date and time[0m
Thu Feb  5 15:09:33 UTC 2015
[34m[1mOperating System Details[0m
Distributor ID:	Ubuntu
Description:	Ubuntu 12.04.5 LTS
Release:	12.04
Codename:	precise
[34m[1mLinux Version[0m
3.13.0-29-generic
[34m[1mCookbooks Version[0m
a68419e https://github.com/travis-ci/travis-cookbooks/tree/a68419e
[34m[1mGCC version[0m
gcc (Ubuntu/Linaro 4.6.3-1ubuntu5) 4.6.3
Copyright (C) 2011 Free Software Foundation, Inc.
This is free software; see the source for copying conditions.  There is NO
warranty; not even for MERCHANTABILITY or FITNESS FOR A PARTICULAR PURPOSE.

[34m[1mLLVM version[0m
clang version 3.4 (tags/RELEASE_34/final)
Target: x86_64-unknown-linux-gnu
Thread model: posix
[34m[1mPre-installed Ruby versions[0m
ruby-1.9.3-p551
[34m[1mPre-installed Node.js versions[0m
v0.10.36
[34m[1mPre-installed Go versions[0m
1.4.1
[34m[1mRedis version[0m
redis-server 2.8.19
[34m[1mriak version[0m
2.0.2
[34m[1mMongoDB version[0m
MongoDB 2.4.12
[34m[1mCouchDB version[0m
couchdb 1.6.1
[34m[1mNeo4j version[0m
1.9.4
[34m[1mRabbitMQ Version[0m
3.4.3
[34m[1mElasticSearch version[0m
1.4.0
[34m[1mInstalled Sphinx versions[0m
2.0.10
2.1.9
2.2.6
[34m[1mDefault Sphinx version[0m
2.2.6
[34m[1mInstalled Firefox version[0m
firefox 31.0esr
[34m[1mPhantomJS version[0m
1.9.8
[34m[1mant -version[0m
Apache Ant(TM) version 1.8.2 compiled on December 3 2011
[34m[1mmvn -version[0m
Apache Maven 3.2.5 (12a6b3acb947671f09b81f49094c53f426d8cea1; 2014-12-14T17:29:23+00:00)
Maven home: /usr/local/maven
Java version: 1.7.0_76, vendor: Oracle Corporation
Java home: /usr/lib/jvm/java-7-oracle/jre
Default locale: en_US, platform encoding: ANSI_X3.4-1968
OS name: "linux", version: "3.13.0-29-generic", arch: "amd64", family: "unix"
travis_fold:end:system_info[0K
travis_fold:start:fix.CVE-2015-7547[0K$ export DEBIAN_FRONTEND=noninteractive
W: Size of file /var/lib/apt/lists/us.archive.ubuntu.com_ubuntu_dists_precise-backports_multiverse_source_Sources.gz is not what the server reported 5886 5888
W: Size of file /var/lib/apt/lists/ppa.launchpad.net_ubuntugis_ppa_ubuntu_dists_precise_main_binary-amd64_Packages.gz is not what the server reported 36669 36677
W: Size of file /var/lib/apt/lists/ppa.launchpad.net_ubuntugis_ppa_ubuntu_dists_precise_main_binary-i386_Packages.gz is not what the server reported 36729 36733
Reading package lists...
Building dependency tree...
Reading state information...
The following extra packages will be installed:
  libc-bin libc-dev-bin libc6-dev
Suggested packages:
  glibc-doc
The following packages will be upgraded:
  libc-bin libc-dev-bin libc6 libc6-dev
4 upgraded, 0 newly installed, 0 to remove and 248 not upgraded.
Need to get 8,840 kB of archives.
After this operation, 14.3 kB disk space will be freed.
Get:1 http://us.archive.ubuntu.com/ubuntu/ precise-updates/main libc6-dev amd64 2.15-0ubuntu10.15 [2,943 kB]
Get:2 http://us.archive.ubuntu.com/ubuntu/ precise-updates/main libc-dev-bin amd64 2.15-0ubuntu10.15 [84.7 kB]
Get:3 http://us.archive.ubuntu.com/ubuntu/ precise-updates/main libc-bin amd64 2.15-0ubuntu10.15 [1,177 kB]
Get:4 http://us.archive.ubuntu.com/ubuntu/ precise-updates/main libc6 amd64 2.15-0ubuntu10.15 [4,636 kB]
Fetched 8,840 kB in 0s (31.1 MB/s)
Preconfiguring packages ...
(Reading database ... (Reading database ... 5%(Reading database ... 10%(Reading database ... 15%(Reading database ... 20%(Reading database ... 25%(Reading database ... 30%(Reading database ... 35%(Reading database ... 40%(Reading database ... 45%(Reading database ... 50%(Reading database ... 55%(Reading database ... 60%(Reading database ... 65%(Reading database ... 70%(Reading database ... 75%(Reading database ... 80%(Reading database ... 85%(Reading database ... 90%(Reading database ... 95%(Reading database ... 100%(Reading database ... 72019 files and directories currently installed.)
Preparing to replace libc6-dev 2.15-0ubuntu10.10 (using .../libc6-dev_2.15-0ubuntu10.15_amd64.deb) ...
Unpacking replacement libc6-dev ...
Preparing to replace libc-dev-bin 2.15-0ubuntu10.10 (using .../libc-dev-bin_2.15-0ubuntu10.15_amd64.deb) ...
Unpacking replacement libc-dev-bin ...
Preparing to replace libc-bin 2.15-0ubuntu10.10 (using .../libc-bin_2.15-0ubuntu10.15_amd64.deb) ...
Unpacking replacement libc-bin ...
Processing triggers for man-db ...
Setting up libc-bin (2.15-0ubuntu10.15) ...
(Reading database ... (Reading database ... 5%(Reading database ... 10%(Reading database ... 15%(Reading database ... 20%(Reading database ... 25%(Reading database ... 30%(Reading database ... 35%(Reading database ... 40%(Reading database ... 45%(Reading database ... 50%(Reading database ... 55%(Reading database ... 60%(Reading database ... 65%(Reading database ... 70%(Reading database ... 75%(Reading database ... 80%(Reading database ... 85%(Reading database ... 90%(Reading database ... 95%(Reading database ... 100%(Reading database ... 72018 files and directories currently installed.)
Preparing to replace libc6 2.15-0ubuntu10.10 (using .../libc6_2.15-0ubuntu10.15_amd64.deb) ...
Unpacking replacement libc6 ...
Setting up libc6 (2.15-0ubuntu10.15) ...
Setting up libc-dev-bin (2.15-0ubuntu10.15) ...
Setting up libc6-dev (2.15-0ubuntu10.15) ...
Processing triggers for libc-bin ...
ldconfig deferred processing now taking place
travis_fold:end:fix.CVE-2015-7547[0Ktravis_fold:start:git.checkout[0Ktravis_time:start:040d98ce[0K$ git clone --depth=50 --branch=rdf4j https://github.com/owlcs/owlapi.git owlcs/owlapi
Cloning into 'owlcs/owlapi'...
remote: Counting objects: 3520, done.[K
remote: Compressing objects:   0% (1/1893)   [Kremote: Compressing objects:   1% (19/1893)   [Kremote: Compressing objects:   2% (38/1893)   [Kremote: Compressing objects:   3% (57/1893)   [Kremote: Compressing objects:   4% (76/1893)   [Kremote: Compressing objects:   5% (95/1893)   [Kremote: Compressing objects:   6% (114/1893)   [Kremote: Compressing objects:   7% (133/1893)   [Kremote: Compressing objects:   8% (152/1893)   [Kremote: Compressing objects:   9% (171/1893)   [Kremote: Compressing objects:  10% (190/1893)   [Kremote: Compressing objects:  11% (209/1893)   [Kremote: Compressing objects:  12% (228/1893)   [Kremote: Compressing objects:  13% (247/1893)   [Kremote: Compressing objects:  14% (266/1893)   [Kremote: Compressing objects:  15% (284/1893)   [Kremote: Compressing objects:  16% (303/1893)   [Kremote: Compressing objects:  17% (322/1893)   [Kremote: Compressing objects:  18% (341/1893)   [Kremote: Compressing objects:  19% (360/1893)   [Kremote: Compressing objects:  20% (379/1893)   [Kremote: Compressing objects:  21% (398/1893)   [Kremote: Compressing objects:  22% (417/1893)   [Kremote: Compressing objects:  23% (436/1893)   [Kremote: Compressing objects:  24% (455/1893)   [Kremote: Compressing objects:  25% (474/1893)   [Kremote: Compressing objects:  26% (493/1893)   [Kremote: Compressing objects:  27% (512/1893)   [Kremote: Compressing objects:  28% (531/1893)   [Kremote: Compressing objects:  29% (549/1893)   [Kremote: Compressing objects:  30% (568/1893)   [Kremote: Compressing objects:  31% (587/1893)   [Kremote: Compressing objects:  32% (606/1893)   [Kremote: Compressing objects:  33% (625/1893)   [Kremote: Compressing objects:  34% (644/1893)   [Kremote: Compressing objects:  35% (663/1893)   [Kremote: Compressing objects:  36% (682/1893)   [Kremote: Compressing objects:  37% (701/1893)   [Kremote: Compressing objects:  38% (720/1893)   [Kremote: Compressing objects:  39% (739/1893)   [Kremote: Compressing objects:  40% (758/1893)   [Kremote: Compressing objects:  41% (777/1893)   [Kremote: Compressing objects:  42% (796/1893)   [Kremote: Compressing objects:  43% (814/1893)   [Kremote: Compressing objects:  44% (833/1893)   [Kremote: Compressing objects:  45% (852/1893)   [Kremote: Compressing objects:  46% (871/1893)   [Kremote: Compressing objects:  47% (890/1893)   [Kremote: Compressing objects:  48% (909/1893)   [Kremote: Compressing objects:  49% (928/1893)   [Kremote: Compressing objects:  50% (947/1893)   [Kremote: Compressing objects:  51% (966/1893)   [Kremote: Compressing objects:  52% (985/1893)   [Kremote: Compressing objects:  53% (1004/1893)   [Kremote: Compressing objects:  54% (1023/1893)   [Kremote: Compressing objects:  55% (1042/1893)   [Kremote: Compressing objects:  56% (1061/1893)   [Kremote: Compressing objects:  57% (1080/1893)   [Kremote: Compressing objects:  58% (1098/1893)   [Kremote: Compressing objects:  59% (1117/1893)   [Kremote: Compressing objects:  60% (1136/1893)   [Kremote: Compressing objects:  61% (1155/1893)   [Kremote: Compressing objects:  62% (1174/1893)   [Kremote: Compressing objects:  63% (1193/1893)   [Kremote: Compressing objects:  64% (1212/1893)   [Kremote: Compressing objects:  65% (1231/1893)   [Kremote: Compressing objects:  66% (1250/1893)   [Kremote: Compressing objects:  67% (1269/1893)   [Kremote: Compressing objects:  68% (1288/1893)   [Kremote: Compressing objects:  69% (1307/1893)   [Kremote: Compressing objects:  70% (1326/1893)   [Kremote: Compressing objects:  71% (1345/1893)   [Kremote: Compressing objects:  72% (1363/1893)   [Kremote: Compressing objects:  73% (1382/1893)   [Kremote: Compressing objects:  74% (1401/1893)   [Kremote: Compressing objects:  75% (1420/1893)   [Kremote: Compressing objects:  76% (1439/1893)   [Kremote: Compressing objects:  77% (1458/1893)   [Kremote: Compressing objects:  78% (1477/1893)   [Kremote: Compressing objects:  79% (1496/1893)   [Kremote: Compressing objects:  80% (1515/1893)   [Kremote: Compressing objects:  81% (1534/1893)   [Kremote: Compressing objects:  82% (1553/1893)   [Kremote: Compressing objects:  83% (1572/1893)   [Kremote: Compressing objects:  84% (1591/1893)   [Kremote: Compressing objects:  85% (1610/1893)   [Kremote: Compressing objects:  86% (1628/1893)   [Kremote: Compressing objects:  87% (1647/1893)   [Kremote: Compressing objects:  88% (1666/1893)   [Kremote: Compressing objects:  89% (1685/1893)   [Kremote: Compressing objects:  90% (1704/1893)   [Kremote: Compressing objects:  91% (1723/1893)   [Kremote: Compressing objects:  92% (1742/1893)   [Kremote: Compressing objects:  93% (1761/1893)   [Kremote: Compressing objects:  94% (1780/1893)   [Kremote: Compressing objects:  95% (1799/1893)   [Kremote: Compressing objects:  96% (1818/1893)   [Kremote: Compressing objects:  97% (1837/1893)   [Kremote: Compressing objects:  98% (1856/1893)   [Kremote: Compressing objects:  99% (1875/1893)   [Kremote: Compressing objects: 100% (1893/1893)   [Kremote: Compressing objects: 100% (1893/1893), done.[K
Receiving objects:   0% (1/3520)   Receiving objects:   1% (36/3520)   Receiving objects:   2% (71/3520)   Receiving objects:   3% (106/3520)   Receiving objects:   4% (141/3520)   Receiving objects:   5% (176/3520)   Receiving objects:   6% (212/3520)   Receiving objects:   7% (247/3520)   Receiving objects:   8% (282/3520)   Receiving objects:   9% (317/3520)   Receiving objects:  10% (352/3520)   Receiving objects:  11% (388/3520)   Receiving objects:  12% (423/3520)   Receiving objects:  13% (458/3520)   Receiving objects:  14% (493/3520)   Receiving objects:  15% (528/3520)   Receiving objects:  16% (564/3520)   Receiving objects:  17% (599/3520)   Receiving objects:  18% (634/3520)   Receiving objects:  19% (669/3520)   Receiving objects:  20% (704/3520)   Receiving objects:  21% (740/3520)   Receiving objects:  22% (775/3520)   Receiving objects:  23% (810/3520)   Receiving objects:  24% (845/3520)   Receiving objects:  25% (880/3520)   Receiving objects:  26% (916/3520)   Receiving objects:  27% (951/3520)   Receiving objects:  28% (986/3520)   Receiving objects:  29% (1021/3520)   Receiving objects:  30% (1056/3520)   Receiving objects:  31% (1092/3520)   Receiving objects:  32% (1127/3520)   Receiving objects:  33% (1162/3520)   Receiving objects:  34% (1197/3520)   Receiving objects:  35% (1232/3520)   Receiving objects:  36% (1268/3520)   Receiving objects:  37% (1303/3520)   Receiving objects:  38% (1338/3520)   Receiving objects:  39% (1373/3520)   Receiving objects:  40% (1408/3520)   Receiving objects:  41% (1444/3520)   Receiving objects:  42% (1479/3520)   Receiving objects:  43% (1514/3520)   Receiving objects:  44% (1549/3520)   Receiving objects:  45% (1584/3520)   Receiving objects:  46% (1620/3520)   Receiving objects:  47% (1655/3520)   Receiving objects:  48% (1690/3520)   Receiving objects:  49% (1725/3520)   Receiving objects:  50% (1760/3520)   Receiving objects:  51% (1796/3520)   Receiving objects:  52% (1831/3520)   Receiving objects:  53% (1866/3520)   Receiving objects:  54% (1901/3520)   Receiving objects:  55% (1936/3520)   Receiving objects:  56% (1972/3520)   Receiving objects:  57% (2007/3520)   Receiving objects:  58% (2042/3520)   Receiving objects:  59% (2077/3520)   Receiving objects:  60% (2112/3520)   Receiving objects:  61% (2148/3520)   Receiving objects:  62% (2183/3520)   Receiving objects:  63% (2218/3520)   Receiving objects:  64% (2253/3520)   Receiving objects:  65% (2288/3520)   Receiving objects:  66% (2324/3520)   Receiving objects:  67% (2359/3520)   Receiving objects:  68% (2394/3520)   Receiving objects:  69% (2429/3520)   Receiving objects:  70% (2464/3520)   Receiving objects:  71% (2500/3520)   Receiving objects:  72% (2535/3520)   Receiving objects:  73% (2570/3520)   Receiving objects:  74% (2605/3520)   Receiving objects:  75% (2640/3520)   Receiving objects:  76% (2676/3520)   Receiving objects:  77% (2711/3520)   Receiving objects:  78% (2746/3520)   Receiving objects:  79% (2781/3520)   Receiving objects:  80% (2816/3520)   Receiving objects:  81% (2852/3520)   Receiving objects:  82% (2887/3520)   Receiving objects:  83% (2922/3520)   Receiving objects:  84% (2957/3520)   Receiving objects:  85% (2992/3520)   Receiving objects:  86% (3028/3520)   Receiving objects:  87% (3063/3520)   Receiving objects:  88% (3098/3520)   Receiving objects:  89% (3133/3520)   Receiving objects:  90% (3168/3520)   Receiving objects:  91% (3204/3520)   Receiving objects:  92% (3239/3520)   remote: Total 3520 (delta 1893), reused 2386 (delta 1268), pack-reused 0[K
Receiving objects:  93% (3274/3520)   Receiving objects:  94% (3309/3520)   Receiving objects:  95% (3344/3520)   Receiving objects:  96% (3380/3520)   Receiving objects:  97% (3415/3520)   Receiving objects:  98% (3450/3520)   Receiving objects:  99% (3485/3520)   Receiving objects: 100% (3520/3520)   Receiving objects: 100% (3520/3520), 2.13 MiB | 0 bytes/s, done.
Resolving deltas:   0% (0/1893)   Resolving deltas:   1% (24/1893)   Resolving deltas:   4% (94/1893)   Resolving deltas:   6% (131/1893)   Resolving deltas:   7% (143/1893)   Resolving deltas:  10% (199/1893)   Resolving deltas:  11% (218/1893)   Resolving deltas:  12% (228/1893)   Resolving deltas:  13% (248/1893)   Resolving deltas:  14% (272/1893)   Resolving deltas:  15% (288/1893)   Resolving deltas:  20% (384/1893)   Resolving deltas:  21% (407/1893)   Resolving deltas:  24% (471/1893)   Resolving deltas:  25% (475/1893)   Resolving deltas:  26% (508/1893)   Resolving deltas:  27% (521/1893)   Resolving deltas:  29% (549/1893)   Resolving deltas:  30% (568/1893)   Resolving deltas:  32% (606/1893)   Resolving deltas:  33% (625/1893)   Resolving deltas:  34% (646/1893)   Resolving deltas:  35% (668/1893)   Resolving deltas:  36% (683/1893)   Resolving deltas:  37% (716/1893)   Resolving deltas:  38% (731/1893)   Resolving deltas:  42% (811/1893)   Resolving deltas:  43% (832/1893)   Resolving deltas:  45% (855/1893)   Resolving deltas:  46% (883/1893)   Resolving deltas:  47% (899/1893)   Resolving deltas:  48% (911/1893)   Resolving deltas:  49% (930/1893)   Resolving deltas:  50% (948/1893)   Resolving deltas:  51% (968/1893)   Resolving deltas:  53% (1005/1893)   Resolving deltas:  54% (1023/1893)   Resolving deltas:  55% (1044/1893)   Resolving deltas:  56% (1062/1893)   Resolving deltas:  57% (1081/1893)   Resolving deltas:  58% (1099/1893)   Resolving deltas:  59% (1117/1893)   Resolving deltas:  60% (1136/1893)   Resolving deltas:  61% (1162/1893)   Resolving deltas:  62% (1177/1893)   Resolving deltas:  63% (1209/1893)   Resolving deltas:  64% (1218/1893)   Resolving deltas:  65% (1235/1893)   Resolving deltas:  66% (1250/1893)   Resolving deltas:  67% (1275/1893)   Resolving deltas:  68% (1289/1893)   Resolving deltas:  69% (1310/1893)   Resolving deltas:  73% (1389/1893)   Resolving deltas:  74% (1402/1893)   Resolving deltas:  75% (1428/1893)   Resolving deltas:  76% (1445/1893)   Resolving deltas:  77% (1459/1893)   Resolving deltas:  78% (1481/1893)   Resolving deltas:  79% (1496/1893)   Resolving deltas:  80% (1516/1893)   Resolving deltas:  81% (1534/1893)   Resolving deltas:  82% (1553/1893)   Resolving deltas:  83% (1572/1893)   Resolving deltas:  84% (1595/1893)   Resolving deltas:  85% (1611/1893)   Resolving deltas:  86% (1628/1893)   Resolving deltas:  87% (1648/1893)   Resolving deltas:  88% (1666/1893)   Resolving deltas:  89% (1686/1893)   Resolving deltas:  90% (1705/1893)   Resolving deltas:  91% (1723/1893)   Resolving deltas:  92% (1745/1893)   Resolving deltas:  93% (1761/1893)   Resolving deltas:  94% (1783/1893)   Resolving deltas:  95% (1800/1893)   Resolving deltas:  96% (1819/1893)   Resolving deltas:  97% (1839/1893)   Resolving deltas:  98% (1858/1893)   Resolving deltas:  99% (1875/1893)   Resolving deltas: 100% (1893/1893)   Resolving deltas: 100% (1893/1893), done.
Checking connectivity... done.

travis_time:end:040d98ce:start=1467773768640949427,finish=1467773769798239017,duration=1157289590[0K$ cd owlcs/owlapi
$ git checkout -qf c461cd1ba35d02231b48f2200b962a5e1b1c0ba7
travis_fold:end:git.checkout[0Ktravis_fold:start:apt[0K[33;1mInstalling APT Packages (BETA)[0m
$ export DEBIAN_FRONTEND=noninteractive
travis_time:start:0b6b8206[0K$ sudo -E apt-get -yq update &>> ~/apt-get-update.log

travis_time:end:0b6b8206:start=1467773769924856883,finish=1467773774670554751,duration=4745697868[0Ktravis_time:start:0658e412[0K$ sudo -E apt-get -yq --no-install-suggests --no-install-recommends --force-yes install oracle-java8-installer
Reading package lists...
Building dependency tree...
Reading state information...
Suggested packages:
  binfmt-support visualvm ttf-baekmuk ttf-unfonts ttf-unfonts-core
  ttf-kochi-gothic ttf-sazanami-gothic ttf-kochi-mincho ttf-sazanami-mincho
  ttf-arphic-uming
The following packages will be upgraded:
  oracle-java8-installer
1 upgraded, 0 newly installed, 0 to remove and 247 not upgraded.
Need to get 23.1 kB of archives.
After this operation, 129 kB disk space will be freed.
Get:1 http://ppa.launchpad.net/webupd8team/java/ubuntu/ precise/main oracle-java8-installer all 8u92+8u91arm-2~really8u91~webupd8~0 [23.1 kB]
Fetched 23.1 kB in 0s (98.3 kB/s)
Preconfiguring packages ...
(Reading database ... (Reading database ... 5%(Reading database ... 10%(Reading database ... 15%(Reading database ... 20%(Reading database ... 25%(Reading database ... 30%(Reading database ... 35%(Reading database ... 40%(Reading database ... 45%(Reading database ... 50%(Reading database ... 55%(Reading database ... 60%(Reading database ... 65%(Reading database ... 70%(Reading database ... 75%(Reading database ... 80%(Reading database ... 85%(Reading database ... 90%(Reading database ... 95%(Reading database ... 100%(Reading database ... 72018 files and directories currently installed.)
Preparing to replace oracle-java8-installer 8u31+8u33arm-1~webupd8~1 (using .../oracle-java8-installer_8u92+8u91arm-2~really8u91~webupd8~0_all.deb) ...
oracle-license-v1-1 license has already been accepted
Unpacking replacement oracle-java8-installer ...
Processing triggers for shared-mime-info ...
Setting up oracle-java8-installer (8u92+8u91arm-2~really8u91~webupd8~0) ...
No /var/cache/oracle-jdk8-installer/wgetrc file found.
Creating /var/cache/oracle-jdk8-installer/wgetrc and
using default oracle-java8-installer wgetrc settings for it.
Downloading Oracle Java 8...
--2016-07-06 02:56:21--  http://download.oracle.com/otn-pub/java/jdk/8u91-b14/jdk-8u91-linux-x64.tar.gz
Resolving download.oracle.com (download.oracle.com)... 65.158.47.99, 65.158.47.80
Connecting to download.oracle.com (download.oracle.com)|65.158.47.99|:80... connected.
HTTP request sent, awaiting response... 302 Moved Temporarily
Location: https://edelivery.oracle.com/otn-pub/java/jdk/8u91-b14/jdk-8u91-linux-x64.tar.gz [following]
--2016-07-06 02:56:21--  https://edelivery.oracle.com/otn-pub/java/jdk/8u91-b14/jdk-8u91-linux-x64.tar.gz
Resolving edelivery.oracle.com (edelivery.oracle.com)... 23.218.38.142
Connecting to edelivery.oracle.com (edelivery.oracle.com)|23.218.38.142|:443... connected.
HTTP request sent, awaiting response... 302 Moved Temporarily
Location: https://edelivery.oracle.com/osdc-otn/otn-pub/java/jdk/8u91-b14/jdk-8u91-linux-x64.tar.gz [following]
--2016-07-06 02:56:21--  https://edelivery.oracle.com/osdc-otn/otn-pub/java/jdk/8u91-b14/jdk-8u91-linux-x64.tar.gz
Reusing existing connection to edelivery.oracle.com:443.
HTTP request sent, awaiting response... 302 Moved Temporarily
Location: http://download.oracle.com/otn-pub/java/jdk/8u91-b14/jdk-8u91-linux-x64.tar.gz?AuthParam=1467773901_2ad53bfd36408293911ee9ed9f2d97f3 [following]
--2016-07-06 02:56:21--  http://download.oracle.com/otn-pub/java/jdk/8u91-b14/jdk-8u91-linux-x64.tar.gz?AuthParam=1467773901_2ad53bfd36408293911ee9ed9f2d97f3
Connecting to download.oracle.com (download.oracle.com)|65.158.47.99|:80... connected.
HTTP request sent, awaiting response... 200 OK
Length: 181367942 (173M) [application/x-gzip]
Saving to: `jdk-8u91-linux-x64.tar.gz'

     0K ........ ........ ........ ........ ........ ........  1% 46.6M 4s
  3072K ........ ........ ........ ........ ........ ........  3% 89.1M 3s
  6144K ........ ........ ........ ........ ........ ........  5% 52.5M 3s
  9216K ........ ........ ........ ........ ........ ........  6% 49.6M 3s
 12288K ........ ........ ........ ........ ........ ........  8% 56.2M 3s
 15360K ........ ........ ........ ........ ........ ........ 10% 51.1M 3s
 18432K ........ ........ ........ ........ ........ ........ 12% 39.0M 3s
 21504K ........ ........ ........ ........ ........ ........ 13% 31.3M 3s
 24576K ........ ........ ........ ........ ........ ........ 15% 41.6M 3s
 27648K ........ ........ ........ ........ ........ ........ 17% 36.5M 3s
 30720K ........ ........ ........ ........ ........ ........ 19% 47.1M 3s
 33792K ........ ........ ........ ........ ........ ........ 20% 49.1M 3s
 36864K ........ ........ ........ ........ ........ ........ 22% 36.2M 3s
 39936K ........ ........ ........ ........ ........ ........ 24% 52.8M 3s
 43008K ........ ........ ........ ........ ........ ........ 26% 55.1M 3s
 46080K ........ ........ ........ ........ ........ ........ 27% 77.0M 3s
 49152K ........ ........ ........ ........ ........ ........ 29% 54.3M 3s
 52224K ........ ........ ........ ........ ........ ........ 31% 34.6M 3s
 55296K ........ ........ ........ ........ ........ ........ 32% 70.3M 2s
 58368K ........ ........ ........ ........ ........ ........ 34% 82.3M 2s
 61440K ........ ........ ........ ........ ........ ........ 36% 64.7M 2s
 64512K ........ ........ ........ ........ ........ ........ 38% 86.2M 2s
 67584K ........ ........ ........ ........ ........ ........ 39% 62.0M 2s
 70656K ........ ........ ........ ........ ........ ........ 41% 85.5M 2s
 73728K ........ ........ ........ ........ ........ ........ 43% 49.8M 2s
 76800K ........ ........ ........ ........ ........ ........ 45% 58.2M 2s
 79872K ........ ........ ........ ........ ........ ........ 46% 48.7M 2s
 82944K ........ ........ ........ ........ ........ ........ 48% 59.9M 2s
 86016K ........ ........ ........ ........ ........ ........ 50% 56.5M 2s
 89088K ........ ........ ........ ........ ........ ........ 52% 68.3M 2s
 92160K ........ ........ ........ ........ ........ ........ 53% 36.9M 2s
 95232K ........ ........ ........ ........ ........ ........ 55% 42.2M 2s
 98304K ........ ........ ........ ........ ........ ........ 57% 50.9M 1s
101376K ........ ........ ........ ........ ........ ........ 58% 34.5M 1s
104448K ........ ........ ........ ........ ........ ........ 60% 44.1M 1s
107520K ........ ........ ........ ........ ........ ........ 62% 79.9M 1s
110592K ........ ........ ........ ........ ........ ........ 64% 37.6M 1s
113664K ........ ........ ........ ........ ........ ........ 65% 70.7M 1s
116736K ........ ........ ........ ........ ........ ........ 67% 37.6M 1s
119808K ........ ........ ........ ........ ........ ........ 69% 45.0M 1s
122880K ........ ........ ........ ........ ........ ........ 71% 48.0M 1s
125952K ........ ........ ........ ........ ........ ........ 72% 37.9M 1s
129024K ........ ........ ........ ........ ........ ........ 74% 41.1M 1s
132096K ........ ........ ........ ........ ........ ........ 76% 26.9M 1s
135168K ........ ........ ........ ........ ........ ........ 78% 24.1M 1s
138240K ........ ........ ........ ........ ........ ........ 79% 43.4M 1s
141312K ........ ........ ........ ........ ........ ........ 81% 66.1M 1s
144384K ........ ........ ........ ........ ........ ........ 83% 89.4M 1s
147456K ........ ........ ........ ........ ........ ........ 84% 54.9M 1s
150528K ........ ........ ........ ........ ........ ........ 86% 87.0M 0s
153600K ........ ........ ........ ........ ........ ........ 88% 64.4M 0s
156672K ........ ........ ........ ........ ........ ........ 90% 50.9M 0s
159744K ........ ........ ........ ........ ........ ........ 91% 41.8M 0s
162816K ........ ........ ........ ........ ........ ........ 93% 56.0M 0s
165888K ........ ........ ........ ........ ........ ........ 95% 65.2M 0s
168960K ........ ........ ........ ........ ........ ........ 97% 54.0M 0s
172032K ........ ........ ........ ........ ........ ........ 98% 64.8M 0s
175104K ........ ........ ........ .......                   100% 65.0M=3.5s

2016-07-06 02:56:24 (49.6 MB/s) - `jdk-8u91-linux-x64.tar.gz' saved [181367942/181367942]

Download done.
Removing outdated cached downloads...
Oracle JDK 8 installed
Oracle JRE 8 browser plugin installed

travis_time:end:0658e412:start=1467773774674925972,finish=1467773790295550099,duration=15620624127[0Ktravis_fold:end:apt[0K
[33;1mThis job is running on container-based infrastructure, which does not allow use of 'sudo', setuid and setguid executables.[0m
[33;1mIf you require sudo, add 'sudo: required' to your .travis.yml[0m
[33;1mSee https://docs.travis-ci.com/user/workers/container-based-infrastructure/ for details.[0m
$ jdk_switcher use oraclejdk8
Switching to Oracle JDK8 (java-8-oracle), JAVA_HOME will be set to /usr/lib/jvm/java-8-oracle
travis_fold:start:cache.1[0KSetting up build cache
$ export CASHER_DIR=$HOME/.casher
travis_time:start:129d2960[0K$ Installing caching utilities

travis_time:end:129d2960:start=1467773791927033478,finish=1467773792030830488,duration=103797010[0Ktravis_time:start:1882197f[0K
travis_time:end:1882197f:start=1467773792035368830,finish=1467773792038520307,duration=3151477[0Ktravis_time:start:04ac9140[0K[32;1mattempting to download cache archive[0m
[32;1mfetching rdf4j/cache-linux-precise-e3b0c44298fc1c149afbf4c8996fb92427ae41e4649b934ca495991b7852b855--jdk-oraclejdk8.tgz[0m
[32;1mfound cache[0m

travis_time:end:04ac9140:start=1467773792042212879,finish=1467773794245034968,duration=2202822089[0Ktravis_time:start:22f6f9fc[0K
travis_time:end:22f6f9fc:start=1467773794248650006,finish=1467773794251752346,duration=3102340[0Ktravis_time:start:005209ce[0K[32;1madding /home/travis/.m2 to cache[0m

travis_time:end:005209ce:start=1467773794255273256,finish=1467773795817151604,duration=1561878348[0Ktravis_fold:end:cache.1[0K$ java -Xmx32m -version
java version "1.8.0_91"
Java(TM) SE Runtime Environment (build 1.8.0_91-b14)
Java HotSpot(TM) 64-Bit Server VM (build 25.91-b14, mixed mode)
$ javac -J-Xmx32m -version
javac 1.8.0_91
travis_fold:start:install[0Ktravis_time:start:0548c18a[0K$ mvn install -DskipTests=true -Dmaven.javadoc.skip=true -B -V
Java HotSpot(TM) 64-Bit Server VM warning: ignoring option MaxPermSize=192m; support was removed in 8.0
Apache Maven 3.2.5 (12a6b3acb947671f09b81f49094c53f426d8cea1; 2014-12-14T17:29:23+00:00)
Maven home: /usr/local/maven
Java version: 1.8.0_91, vendor: Oracle Corporation
Java home: /usr/lib/jvm/java-8-oracle/jre
Default locale: en_US, platform encoding: UTF-8
OS name: "linux", version: "3.13.0-40-generic", arch: "amd64", family: "unix"
[INFO] Scanning for projects...
[INFO] Inspecting build with total of 12 modules...
[INFO] Installing Nexus Staging features:
[INFO]   ... total of 12 executions of maven-deploy-plugin replaced with nexus-staging-maven-plugin
[INFO] ------------------------------------------------------------------------
[INFO] Reactor Build Order:
[INFO] 
[INFO] OWLAPI
[INFO] OWLAPI :: Interfaces
[INFO] OWLAPI :: Default Implementation
[INFO] OWLAPI :: Atomic Decomposition and Explanation
[INFO] OWLAPI :: Parsers
[INFO] OWLAPI :: OBO Format
[INFO] OWLAPI :: RDF4J Rio
[INFO] OWLAPI :: Binding and Config
[INFO] OWLAPI :: Compatibility
[INFO] OWLAPI :: Tests and Tutorials
[INFO] OWLAPI :: Distribution
[INFO] OWLAPI :: OSGi and Compatibility Distribution
[INFO]                                                                         
[INFO] ------------------------------------------------------------------------
[INFO] Building OWLAPI 5.0.2
[INFO] ------------------------------------------------------------------------
[INFO] Downloading: http://repo.maven.apache.org/maven2/com/google/inject/guice/4.1.0/guice-4.1.0.pom
[INFO] Downloaded: http://repo.maven.apache.org/maven2/com/google/inject/guice/4.1.0/guice-4.1.0.pom (11 KB at 12.2 KB/sec)
[INFO] Downloading: http://repo.maven.apache.org/maven2/com/google/inject/guice-parent/4.1.0/guice-parent-4.1.0.pom
[INFO] Downloaded: http://repo.maven.apache.org/maven2/com/google/inject/guice-parent/4.1.0/guice-parent-4.1.0.pom (16 KB at 282.2 KB/sec)
[INFO] Downloading: http://repo.maven.apache.org/maven2/com/google/inject/extensions/guice-assistedinject/4.1.0/guice-assistedinject-4.1.0.pom
[INFO] Downloaded: http://repo.maven.apache.org/maven2/com/google/inject/extensions/guice-assistedinject/4.1.0/guice-assistedinject-4.1.0.pom (551 B at 6.6 KB/sec)
[INFO] Downloading: http://repo.maven.apache.org/maven2/com/google/inject/extensions/extensions-parent/4.1.0/extensions-parent-4.1.0.pom
[INFO] Downloaded: http://repo.maven.apache.org/maven2/com/google/inject/extensions/extensions-parent/4.1.0/extensions-parent-4.1.0.pom (4 KB at 86.4 KB/sec)
[INFO] Downloading: http://repo.maven.apache.org/maven2/com/google/inject/extensions/guice-multibindings/4.1.0/guice-multibindings-4.1.0.pom
[INFO] Downloaded: http://repo.maven.apache.org/maven2/com/google/inject/extensions/guice-multibindings/4.1.0/guice-multibindings-4.1.0.pom (549 B at 14.1 KB/sec)
[INFO] Downloading: http://repo.maven.apache.org/maven2/org/slf4j/slf4j-simple/1.7.21/slf4j-simple-1.7.21.pom
[INFO] Downloaded: http://repo.maven.apache.org/maven2/org/slf4j/slf4j-simple/1.7.21/slf4j-simple-1.7.21.pom (1015 B at 17.7 KB/sec)
[INFO] Downloading: http://repo.maven.apache.org/maven2/com/google/inject/guice/4.1.0/guice-4.1.0.jar
[INFO] Downloading: http://repo.maven.apache.org/maven2/com/google/inject/extensions/guice-multibindings/4.1.0/guice-multibindings-4.1.0.jar
[INFO] Downloading: http://repo.maven.apache.org/maven2/org/slf4j/slf4j-api/1.7.21/slf4j-api-1.7.21.jar
[INFO] Downloading: http://repo.maven.apache.org/maven2/com/google/inject/extensions/guice-assistedinject/4.1.0/guice-assistedinject-4.1.0.jar
[INFO] Downloading: http://repo.maven.apache.org/maven2/org/slf4j/slf4j-simple/1.7.21/slf4j-simple-1.7.21.jar
[INFO] Downloaded: http://repo.maven.apache.org/maven2/com/google/inject/extensions/guice-assistedinject/4.1.0/guice-assistedinject-4.1.0.jar (42 KB at 226.3 KB/sec)
[INFO] Downloaded: http://repo.maven.apache.org/maven2/com/google/inject/extensions/guice-multibindings/4.1.0/guice-multibindings-4.1.0.jar (80 KB at 401.7 KB/sec)
[INFO] Downloaded: http://repo.maven.apache.org/maven2/org/slf4j/slf4j-api/1.7.21/slf4j-api-1.7.21.jar (41 KB at 240.2 KB/sec)
[INFO] Downloaded: http://repo.maven.apache.org/maven2/com/google/inject/guice/4.1.0/guice-4.1.0.jar (659 KB at 1849.0 KB/sec)
[INFO] Downloaded: http://repo.maven.apache.org/maven2/org/slf4j/slf4j-simple/1.7.21/slf4j-simple-1.7.21.jar (11 KB at 52.7 KB/sec)
[INFO] 
[INFO] --- maven-enforcer-plugin:1.0:enforce (enforce-maven) @ owlapi-parent ---
[INFO] 
[INFO] >>> maven-source-plugin:2.2.1:jar (attach-sources) > generate-sources @ owlapi-parent >>>
[INFO] 
[INFO] --- maven-enforcer-plugin:1.0:enforce (enforce-maven) @ owlapi-parent ---
[INFO] 
[INFO] <<< maven-source-plugin:2.2.1:jar (attach-sources) < generate-sources @ owlapi-parent <<<
[INFO] 
[INFO] --- maven-source-plugin:2.2.1:jar (attach-sources) @ owlapi-parent ---
[INFO] 
[INFO] --- maven-javadoc-plugin:2.8.1:jar (attach-javadocs) @ owlapi-parent ---
[INFO] Skipping javadoc generation
[INFO] 
[INFO] --- maven-failsafe-plugin:2.18.1:integration-test (default) @ owlapi-parent ---
[INFO] Tests are skipped.
[INFO] 
[INFO] --- maven-failsafe-plugin:2.18.1:verify (default) @ owlapi-parent ---
[INFO] Tests are skipped.
[INFO] 
[INFO] --- maven-install-plugin:2.4:install (default-install) @ owlapi-parent ---
[INFO] Installing /home/travis/build/owlcs/owlapi/pom.xml to /home/travis/.m2/repository/net/sourceforge/owlapi/owlapi-parent/5.0.2/owlapi-parent-5.0.2.pom
[INFO]                                                                         
[INFO] ------------------------------------------------------------------------
[INFO] Building OWLAPI :: Interfaces 5.0.2
[INFO] ------------------------------------------------------------------------
[INFO] 
[INFO] --- maven-enforcer-plugin:1.0:enforce (enforce-maven) @ owlapi-api ---
[INFO] 
[INFO] --- maven-resources-plugin:2.6:resources (default-resources) @ owlapi-api ---
[INFO] Using 'UTF-8' encoding to copy filtered resources.
[INFO] skip non existing resourceDirectory /home/travis/build/owlcs/owlapi/api/src/main/resources
[INFO] 
[INFO] --- maven-compiler-plugin:3.2:compile (default-compile) @ owlapi-api ---
[INFO] Changes detected - recompiling the module!
[INFO] Compiling 838 source files to /home/travis/build/owlcs/owlapi/api/target/classes
[INFO] /home/travis/build/owlcs/owlapi/api/src/main/java/org/semanticweb/owlapi/model/OWLDeclarationAxiom.java: Some input files use unchecked or unsafe operations.
[INFO] /home/travis/build/owlcs/owlapi/api/src/main/java/org/semanticweb/owlapi/model/OWLDeclarationAxiom.java: Recompile with -Xlint:unchecked for details.
[INFO] 
[INFO] --- maven-resources-plugin:2.6:testResources (default-testResources) @ owlapi-api ---
[INFO] Using 'UTF-8' encoding to copy filtered resources.
[INFO] Copying 1 resource
[INFO] 
[INFO] --- maven-compiler-plugin:3.2:testCompile (default-testCompile) @ owlapi-api ---
[INFO] Changes detected - recompiling the module!
[INFO] Compiling 8 source files to /home/travis/build/owlcs/owlapi/api/target/test-classes
[INFO] 
[INFO] --- maven-surefire-plugin:2.18.1:test (default-test) @ owlapi-api ---
[INFO] Tests are skipped.
[INFO] 
[INFO] --- maven-jar-plugin:2.4:jar (default-jar) @ owlapi-api ---
[INFO] Building jar: /home/travis/build/owlcs/owlapi/api/target/owlapi-api-5.0.2.jar
[INFO] 
[INFO] >>> maven-source-plugin:2.2.1:jar (attach-sources) > generate-sources @ owlapi-api >>>
[INFO] 
[INFO] --- maven-enforcer-plugin:1.0:enforce (enforce-maven) @ owlapi-api ---
[INFO] 
[INFO] <<< maven-source-plugin:2.2.1:jar (attach-sources) < generate-sources @ owlapi-api <<<
[INFO] 
[INFO] --- maven-source-plugin:2.2.1:jar (attach-sources) @ owlapi-api ---
[INFO] Building jar: /home/travis/build/owlcs/owlapi/api/target/owlapi-api-5.0.2-sources.jar
[INFO] 
[INFO] --- maven-javadoc-plugin:2.8.1:jar (attach-javadocs) @ owlapi-api ---
[INFO] Skipping javadoc generation
[INFO] 
[INFO] --- maven-failsafe-plugin:2.18.1:integration-test (default) @ owlapi-api ---
[INFO] Tests are skipped.
[INFO] 
[INFO] --- maven-failsafe-plugin:2.18.1:verify (default) @ owlapi-api ---
[INFO] Tests are skipped.
[INFO] 
[INFO] --- maven-install-plugin:2.4:install (default-install) @ owlapi-api ---
[INFO] Installing /home/travis/build/owlcs/owlapi/api/target/owlapi-api-5.0.2.jar to /home/travis/.m2/repository/net/sourceforge/owlapi/owlapi-api/5.0.2/owlapi-api-5.0.2.jar
[INFO] Installing /home/travis/build/owlcs/owlapi/api/pom.xml to /home/travis/.m2/repository/net/sourceforge/owlapi/owlapi-api/5.0.2/owlapi-api-5.0.2.pom
[INFO] Installing /home/travis/build/owlcs/owlapi/api/target/owlapi-api-5.0.2-sources.jar to /home/travis/.m2/repository/net/sourceforge/owlapi/owlapi-api/5.0.2/owlapi-api-5.0.2-sources.jar
[INFO]                                                                         
[INFO] ------------------------------------------------------------------------
[INFO] Building OWLAPI :: Default Implementation 5.0.2
[INFO] ------------------------------------------------------------------------
[INFO] 
[INFO] --- maven-enforcer-plugin:1.0:enforce (enforce-maven) @ owlapi-impl ---
[INFO] 
[INFO] --- maven-resources-plugin:2.6:resources (default-resources) @ owlapi-impl ---
[INFO] Using 'UTF-8' encoding to copy filtered resources.
[INFO] skip non existing resourceDirectory /home/travis/build/owlcs/owlapi/impl/src/main/resources
[INFO] 
[INFO] --- maven-compiler-plugin:3.2:compile (default-compile) @ owlapi-impl ---
[INFO] Changes detected - recompiling the module!
[INFO] Compiling 173 source files to /home/travis/build/owlcs/owlapi/impl/target/classes
[INFO] /home/travis/build/owlcs/owlapi/impl/src/main/java/uk/ac/manchester/cs/owl/owlapi/Internals.java: Some input files use or override a deprecated API.
[INFO] /home/travis/build/owlcs/owlapi/impl/src/main/java/uk/ac/manchester/cs/owl/owlapi/Internals.java: Recompile with -Xlint:deprecation for details.
[INFO] /home/travis/build/owlcs/owlapi/impl/src/main/java/uk/ac/manchester/cs/owl/owlapi/OWLDisjointClassesAxiomImpl.java: Some input files use unchecked or unsafe operations.
[INFO] /home/travis/build/owlcs/owlapi/impl/src/main/java/uk/ac/manchester/cs/owl/owlapi/OWLDisjointClassesAxiomImpl.java: Recompile with -Xlint:unchecked for details.
[INFO] 
[INFO] --- maven-resources-plugin:2.6:testResources (default-testResources) @ owlapi-impl ---
[INFO] Using 'UTF-8' encoding to copy filtered resources.
[INFO] skip non existing resourceDirectory /home/travis/build/owlcs/owlapi/impl/src/test/resources
[INFO] 
[INFO] --- maven-compiler-plugin:3.2:testCompile (default-testCompile) @ owlapi-impl ---
[INFO] Changes detected - recompiling the module!
[INFO] Compiling 8 source files to /home/travis/build/owlcs/owlapi/impl/target/test-classes
[INFO] /home/travis/build/owlcs/owlapi/impl/src/test/java/uk/ac/manchester/cs/owl/owlapi/concurrent/OWLOntologyManager_Concurrent_TestCase.java: /home/travis/build/owlcs/owlapi/impl/src/test/java/uk/ac/manchester/cs/owl/owlapi/concurrent/OWLOntologyManager_Concurrent_TestCase.java uses or overrides a deprecated API.
[INFO] /home/travis/build/owlcs/owlapi/impl/src/test/java/uk/ac/manchester/cs/owl/owlapi/concurrent/OWLOntologyManager_Concurrent_TestCase.java: Recompile with -Xlint:deprecation for details.
[INFO] 
[INFO] --- maven-surefire-plugin:2.18.1:test (default-test) @ owlapi-impl ---
[INFO] Tests are skipped.
[INFO] 
[INFO] --- maven-jar-plugin:2.4:jar (default-jar) @ owlapi-impl ---
[INFO] Building jar: /home/travis/build/owlcs/owlapi/impl/target/owlapi-impl-5.0.2.jar
[INFO] 
[INFO] >>> maven-source-plugin:2.2.1:jar (attach-sources) > generate-sources @ owlapi-impl >>>
[INFO] 
[INFO] --- maven-enforcer-plugin:1.0:enforce (enforce-maven) @ owlapi-impl ---
[INFO] 
[INFO] <<< maven-source-plugin:2.2.1:jar (attach-sources) < generate-sources @ owlapi-impl <<<
[INFO] 
[INFO] --- maven-source-plugin:2.2.1:jar (attach-sources) @ owlapi-impl ---
[INFO] Building jar: /home/travis/build/owlcs/owlapi/impl/target/owlapi-impl-5.0.2-sources.jar
[INFO] 
[INFO] --- maven-javadoc-plugin:2.8.1:jar (attach-javadocs) @ owlapi-impl ---
[INFO] Skipping javadoc generation
[INFO] 
[INFO] --- maven-failsafe-plugin:2.18.1:integration-test (default) @ owlapi-impl ---
[INFO] Tests are skipped.
[INFO] 
[INFO] --- maven-failsafe-plugin:2.18.1:verify (default) @ owlapi-impl ---
[INFO] Tests are skipped.
[INFO] 
[INFO] --- maven-install-plugin:2.4:install (default-install) @ owlapi-impl ---
[INFO] Installing /home/travis/build/owlcs/owlapi/impl/target/owlapi-impl-5.0.2.jar to /home/travis/.m2/repository/net/sourceforge/owlapi/owlapi-impl/5.0.2/owlapi-impl-5.0.2.jar
[INFO] Installing /home/travis/build/owlcs/owlapi/impl/pom.xml to /home/travis/.m2/repository/net/sourceforge/owlapi/owlapi-impl/5.0.2/owlapi-impl-5.0.2.pom
[INFO] Installing /home/travis/build/owlcs/owlapi/impl/target/owlapi-impl-5.0.2-sources.jar to /home/travis/.m2/repository/net/sourceforge/owlapi/owlapi-impl/5.0.2/owlapi-impl-5.0.2-sources.jar
[INFO]                                                                         
[INFO] ------------------------------------------------------------------------
[INFO] Building OWLAPI :: Atomic Decomposition and Explanation 5.0.2
[INFO] ------------------------------------------------------------------------
[INFO] 
[INFO] --- maven-enforcer-plugin:1.0:enforce (enforce-maven) @ owlapi-tools ---
[INFO] 
[INFO] --- maven-resources-plugin:2.6:resources (default-resources) @ owlapi-tools ---
[INFO] Using 'UTF-8' encoding to copy filtered resources.
[INFO] skip non existing resourceDirectory /home/travis/build/owlcs/owlapi/tools/src/main/resources
[INFO] 
[INFO] --- maven-compiler-plugin:3.2:compile (default-compile) @ owlapi-tools ---
[INFO] Changes detected - recompiling the module!
[INFO] Compiling 123 source files to /home/travis/build/owlcs/owlapi/tools/target/classes
[INFO] 
[INFO] --- maven-resources-plugin:2.6:testResources (default-testResources) @ owlapi-tools ---
[INFO] Using 'UTF-8' encoding to copy filtered resources.
[INFO] skip non existing resourceDirectory /home/travis/build/owlcs/owlapi/tools/src/test/resources
[INFO] 
[INFO] --- maven-compiler-plugin:3.2:testCompile (default-testCompile) @ owlapi-tools ---
[INFO] No sources to compile
[INFO] 
[INFO] --- maven-surefire-plugin:2.18.1:test (default-test) @ owlapi-tools ---
[INFO] Tests are skipped.
[INFO] 
[INFO] --- maven-jar-plugin:2.4:jar (default-jar) @ owlapi-tools ---
[INFO] Building jar: /home/travis/build/owlcs/owlapi/tools/target/owlapi-tools-5.0.2.jar
[INFO] 
[INFO] >>> maven-source-plugin:2.2.1:jar (attach-sources) > generate-sources @ owlapi-tools >>>
[INFO] 
[INFO] --- maven-enforcer-plugin:1.0:enforce (enforce-maven) @ owlapi-tools ---
[INFO] 
[INFO] <<< maven-source-plugin:2.2.1:jar (attach-sources) < generate-sources @ owlapi-tools <<<
[INFO] 
[INFO] --- maven-source-plugin:2.2.1:jar (attach-sources) @ owlapi-tools ---
[INFO] Building jar: /home/travis/build/owlcs/owlapi/tools/target/owlapi-tools-5.0.2-sources.jar
[INFO] 
[INFO] --- maven-javadoc-plugin:2.8.1:jar (attach-javadocs) @ owlapi-tools ---
[INFO] Skipping javadoc generation
[INFO] 
[INFO] --- maven-failsafe-plugin:2.18.1:integration-test (default) @ owlapi-tools ---
[INFO] Tests are skipped.
[INFO] 
[INFO] --- maven-failsafe-plugin:2.18.1:verify (default) @ owlapi-tools ---
[INFO] Tests are skipped.
[INFO] 
[INFO] --- maven-install-plugin:2.4:install (default-install) @ owlapi-tools ---
[INFO] Installing /home/travis/build/owlcs/owlapi/tools/target/owlapi-tools-5.0.2.jar to /home/travis/.m2/repository/net/sourceforge/owlapi/owlapi-tools/5.0.2/owlapi-tools-5.0.2.jar
[INFO] Installing /home/travis/build/owlcs/owlapi/tools/pom.xml to /home/travis/.m2/repository/net/sourceforge/owlapi/owlapi-tools/5.0.2/owlapi-tools-5.0.2.pom
[INFO] Installing /home/travis/build/owlcs/owlapi/tools/target/owlapi-tools-5.0.2-sources.jar to /home/travis/.m2/repository/net/sourceforge/owlapi/owlapi-tools/5.0.2/owlapi-tools-5.0.2-sources.jar
[INFO]                                                                         
[INFO] ------------------------------------------------------------------------
[INFO] Building OWLAPI :: Parsers 5.0.2
[INFO] ------------------------------------------------------------------------
[INFO] 
[INFO] --- maven-enforcer-plugin:1.0:enforce (enforce-maven) @ owlapi-parsers ---
[INFO] 
[INFO] --- maven-resources-plugin:2.6:resources (default-resources) @ owlapi-parsers ---
[INFO] Using 'UTF-8' encoding to copy filtered resources.
[INFO] Copying 2 resources
[INFO] 
[INFO] --- maven-compiler-plugin:3.2:compile (default-compile) @ owlapi-parsers ---
[INFO] Changes detected - recompiling the module!
[INFO] Compiling 195 source files to /home/travis/build/owlcs/owlapi/parsers/target/classes
[INFO] /home/travis/build/owlcs/owlapi/parsers/src/main/java/org/semanticweb/owlapi/functional/parser/OWLFunctionalSyntaxParser.java: Some input files use or override a deprecated API.
[INFO] /home/travis/build/owlcs/owlapi/parsers/src/main/java/org/semanticweb/owlapi/functional/parser/OWLFunctionalSyntaxParser.java: Recompile with -Xlint:deprecation for details.
[INFO] /home/travis/build/owlcs/owlapi/parsers/src/main/java/org/semanticweb/owlapi/owlxml/parser/PARSER_OWLXMLVocabulary.java: /home/travis/build/owlcs/owlapi/parsers/src/main/java/org/semanticweb/owlapi/owlxml/parser/PARSER_OWLXMLVocabulary.java uses unchecked or unsafe operations.
[INFO] /home/travis/build/owlcs/owlapi/parsers/src/main/java/org/semanticweb/owlapi/owlxml/parser/PARSER_OWLXMLVocabulary.java: Recompile with -Xlint:unchecked for details.
[INFO] 
[INFO] --- maven-resources-plugin:2.6:testResources (default-testResources) @ owlapi-parsers ---
[INFO] Using 'UTF-8' encoding to copy filtered resources.
[INFO] skip non existing resourceDirectory /home/travis/build/owlcs/owlapi/parsers/src/test/resources
[INFO] 
[INFO] --- maven-compiler-plugin:3.2:testCompile (default-testCompile) @ owlapi-parsers ---
[INFO] Changes detected - recompiling the module!
[INFO] Compiling 1 source file to /home/travis/build/owlcs/owlapi/parsers/target/test-classes
[INFO] 
[INFO] --- maven-surefire-plugin:2.18.1:test (default-test) @ owlapi-parsers ---
[INFO] Tests are skipped.
[INFO] 
[INFO] --- maven-jar-plugin:2.4:jar (default-jar) @ owlapi-parsers ---
[INFO] Building jar: /home/travis/build/owlcs/owlapi/parsers/target/owlapi-parsers-5.0.2.jar
[INFO] 
[INFO] >>> maven-source-plugin:2.2.1:jar (attach-sources) > generate-sources @ owlapi-parsers >>>
[INFO] 
[INFO] --- maven-enforcer-plugin:1.0:enforce (enforce-maven) @ owlapi-parsers ---
[INFO] 
[INFO] <<< maven-source-plugin:2.2.1:jar (attach-sources) < generate-sources @ owlapi-parsers <<<
[INFO] 
[INFO] --- maven-source-plugin:2.2.1:jar (attach-sources) @ owlapi-parsers ---
[INFO] Building jar: /home/travis/build/owlcs/owlapi/parsers/target/owlapi-parsers-5.0.2-sources.jar
[INFO] 
[INFO] --- maven-javadoc-plugin:2.8.1:jar (attach-javadocs) @ owlapi-parsers ---
[INFO] Skipping javadoc generation
[INFO] 
[INFO] --- maven-failsafe-plugin:2.18.1:integration-test (default) @ owlapi-parsers ---
[INFO] Tests are skipped.
[INFO] 
[INFO] --- maven-failsafe-plugin:2.18.1:verify (default) @ owlapi-parsers ---
[INFO] Tests are skipped.
[INFO] 
[INFO] --- maven-install-plugin:2.4:install (default-install) @ owlapi-parsers ---
[INFO] Installing /home/travis/build/owlcs/owlapi/parsers/target/owlapi-parsers-5.0.2.jar to /home/travis/.m2/repository/net/sourceforge/owlapi/owlapi-parsers/5.0.2/owlapi-parsers-5.0.2.jar
[INFO] Installing /home/travis/build/owlcs/owlapi/parsers/pom.xml to /home/travis/.m2/repository/net/sourceforge/owlapi/owlapi-parsers/5.0.2/owlapi-parsers-5.0.2.pom
[INFO] Installing /home/travis/build/owlcs/owlapi/parsers/target/owlapi-parsers-5.0.2-sources.jar to /home/travis/.m2/repository/net/sourceforge/owlapi/owlapi-parsers/5.0.2/owlapi-parsers-5.0.2-sources.jar
[INFO]                                                                         
[INFO] ------------------------------------------------------------------------
[INFO] Building OWLAPI :: OBO Format 5.0.2
[INFO] ------------------------------------------------------------------------
[INFO] 
[INFO] --- maven-enforcer-plugin:1.0:enforce (enforce-maven) @ owlapi-oboformat ---
[INFO] 
[INFO] --- maven-resources-plugin:2.6:resources (default-resources) @ owlapi-oboformat ---
[INFO] Using 'UTF-8' encoding to copy filtered resources.
[INFO] Copying 2 resources
[INFO] 
[INFO] --- maven-compiler-plugin:3.2:compile (default-compile) @ owlapi-oboformat ---
[INFO] Changes detected - recompiling the module!
[INFO] Compiling 41 source files to /home/travis/build/owlcs/owlapi/oboformat/target/classes
[INFO] /home/travis/build/owlcs/owlapi/oboformat/src/main/java/org/obolibrary/oboformat/model/Clause.java: /home/travis/build/owlcs/owlapi/oboformat/src/main/java/org/obolibrary/oboformat/model/Clause.java uses unchecked or unsafe operations.
[INFO] /home/travis/build/owlcs/owlapi/oboformat/src/main/java/org/obolibrary/oboformat/model/Clause.java: Recompile with -Xlint:unchecked for details.
[INFO] 
[INFO] --- maven-resources-plugin:2.6:testResources (default-testResources) @ owlapi-oboformat ---
[INFO] Using 'UTF-8' encoding to copy filtered resources.
[INFO] skip non existing resourceDirectory /home/travis/build/owlcs/owlapi/oboformat/src/test/resources
[INFO] 
[INFO] --- maven-compiler-plugin:3.2:testCompile (default-testCompile) @ owlapi-oboformat ---
[INFO] Changes detected - recompiling the module!
[INFO] Compiling 1 source file to /home/travis/build/owlcs/owlapi/oboformat/target/test-classes
[INFO] 
[INFO] --- maven-surefire-plugin:2.18.1:test (default-test) @ owlapi-oboformat ---
[INFO] Tests are skipped.
[INFO] 
[INFO] --- maven-jar-plugin:2.4:jar (default-jar) @ owlapi-oboformat ---
[INFO] Building jar: /home/travis/build/owlcs/owlapi/oboformat/target/owlapi-oboformat-5.0.2.jar
[INFO] 
[INFO] >>> maven-source-plugin:2.2.1:jar (attach-sources) > generate-sources @ owlapi-oboformat >>>
[INFO] 
[INFO] --- maven-enforcer-plugin:1.0:enforce (enforce-maven) @ owlapi-oboformat ---
[INFO] 
[INFO] <<< maven-source-plugin:2.2.1:jar (attach-sources) < generate-sources @ owlapi-oboformat <<<
[INFO] 
[INFO] --- maven-source-plugin:2.2.1:jar (attach-sources) @ owlapi-oboformat ---
[INFO] Building jar: /home/travis/build/owlcs/owlapi/oboformat/target/owlapi-oboformat-5.0.2-sources.jar
[INFO] 
[INFO] --- maven-javadoc-plugin:2.8.1:jar (attach-javadocs) @ owlapi-oboformat ---
[INFO] Skipping javadoc generation
[INFO] 
[INFO] --- maven-failsafe-plugin:2.18.1:integration-test (default) @ owlapi-oboformat ---
[INFO] Tests are skipped.
[INFO] 
[INFO] --- maven-failsafe-plugin:2.18.1:verify (default) @ owlapi-oboformat ---
[INFO] Tests are skipped.
[INFO] 
[INFO] --- maven-install-plugin:2.4:install (default-install) @ owlapi-oboformat ---
[INFO] Installing /home/travis/build/owlcs/owlapi/oboformat/target/owlapi-oboformat-5.0.2.jar to /home/travis/.m2/repository/net/sourceforge/owlapi/owlapi-oboformat/5.0.2/owlapi-oboformat-5.0.2.jar
[INFO] Installing /home/travis/build/owlcs/owlapi/oboformat/pom.xml to /home/travis/.m2/repository/net/sourceforge/owlapi/owlapi-oboformat/5.0.2/owlapi-oboformat-5.0.2.pom
[INFO] Installing /home/travis/build/owlcs/owlapi/oboformat/target/owlapi-oboformat-5.0.2-sources.jar to /home/travis/.m2/repository/net/sourceforge/owlapi/owlapi-oboformat/5.0.2/owlapi-oboformat-5.0.2-sources.jar
[INFO]                                                                         
[INFO] ------------------------------------------------------------------------
[INFO] Building OWLAPI :: RDF4J Rio 5.0.2
[INFO] ------------------------------------------------------------------------
[INFO] Downloading: http://repo.maven.apache.org/maven2/com/fasterxml/jackson/core/jackson-core/2.7.5/jackson-core-2.7.5.pom
[INFO] Downloaded: http://repo.maven.apache.org/maven2/com/fasterxml/jackson/core/jackson-core/2.7.5/jackson-core-2.7.5.pom (5 KB at 145.4 KB/sec)
[INFO] Downloading: http://repo.maven.apache.org/maven2/com/fasterxml/jackson/jackson-parent/2.7/jackson-parent-2.7.pom
[INFO] Downloaded: http://repo.maven.apache.org/maven2/com/fasterxml/jackson/jackson-parent/2.7/jackson-parent-2.7.pom (8 KB at 361.6 KB/sec)
[INFO] Downloading: http://repo.maven.apache.org/maven2/com/fasterxml/oss-parent/25/oss-parent-25.pom
[INFO] Downloaded: http://repo.maven.apache.org/maven2/com/fasterxml/oss-parent/25/oss-parent-25.pom (19 KB at 861.0 KB/sec)
[INFO] Downloading: http://repo.maven.apache.org/maven2/com/fasterxml/jackson/core/jackson-databind/2.7.5/jackson-databind-2.7.5.pom
[INFO] Downloaded: http://repo.maven.apache.org/maven2/com/fasterxml/jackson/core/jackson-databind/2.7.5/jackson-databind-2.7.5.pom (6 KB at 163.6 KB/sec)
[INFO] Downloading: http://repo.maven.apache.org/maven2/com/fasterxml/jackson/core/jackson-annotations/2.7.5/jackson-annotations-2.7.5.pom
[INFO] Downloaded: http://repo.maven.apache.org/maven2/com/fasterxml/jackson/core/jackson-annotations/2.7.5/jackson-annotations-2.7.5.pom (2 KB at 64.5 KB/sec)
[INFO] Downloading: http://repo.maven.apache.org/maven2/org/apache/httpcomponents/httpcore/4.4.5/httpcore-4.4.5.pom
[INFO] Downloaded: http://repo.maven.apache.org/maven2/org/apache/httpcomponents/httpcore/4.4.5/httpcore-4.4.5.pom (6 KB at 128.4 KB/sec)
[INFO] Downloading: http://repo.maven.apache.org/maven2/org/apache/httpcomponents/httpcomponents-core/4.4.5/httpcomponents-core-4.4.5.pom
[INFO] Downloaded: http://repo.maven.apache.org/maven2/org/apache/httpcomponents/httpcomponents-core/4.4.5/httpcomponents-core-4.4.5.pom (13 KB at 551.9 KB/sec)
[INFO] Downloading: http://repo.maven.apache.org/maven2/org/apache/httpcomponents/httpcore-osgi/4.4.5/httpcore-osgi-4.4.5.pom
[INFO] Downloaded: http://repo.maven.apache.org/maven2/org/apache/httpcomponents/httpcore-osgi/4.4.5/httpcore-osgi-4.4.5.pom (9 KB at 69.1 KB/sec)
[INFO] Downloading: http://repo.maven.apache.org/maven2/org/apache/httpcomponents/httpcore-nio/4.4.5/httpcore-nio-4.4.5.pom
[INFO] Downloaded: http://repo.maven.apache.org/maven2/org/apache/httpcomponents/httpcore-nio/4.4.5/httpcore-nio-4.4.5.pom (5 KB at 171.4 KB/sec)
[INFO] Downloading: http://repo.maven.apache.org/maven2/com/fasterxml/jackson/core/jackson-databind/2.7.5/jackson-databind-2.7.5.jar
[INFO] Downloading: http://repo.maven.apache.org/maven2/com/fasterxml/jackson/core/jackson-core/2.7.5/jackson-core-2.7.5.jar
[INFO] Downloading: http://repo.maven.apache.org/maven2/org/apache/httpcomponents/httpcore-osgi/4.4.5/httpcore-osgi-4.4.5.jar
[INFO] Downloading: http://repo.maven.apache.org/maven2/com/fasterxml/jackson/core/jackson-annotations/2.7.5/jackson-annotations-2.7.5.jar
[INFO] Downloading: http://repo.maven.apache.org/maven2/org/apache/httpcomponents/httpcore/4.4.5/httpcore-4.4.5.jar
[INFO] Downloaded: http://repo.maven.apache.org/maven2/com/fasterxml/jackson/core/jackson-core/2.7.5/jackson-core-2.7.5.jar (247 KB at 2838.7 KB/sec)
[INFO] Downloading: http://repo.maven.apache.org/maven2/org/apache/httpcomponents/httpcore-nio/4.4.5/httpcore-nio-4.4.5.jar
[INFO] Downloaded: http://repo.maven.apache.org/maven2/com/fasterxml/jackson/core/jackson-annotations/2.7.5/jackson-annotations-2.7.5.jar (50 KB at 606.1 KB/sec)
[INFO] Downloaded: http://repo.maven.apache.org/maven2/com/fasterxml/jackson/core/jackson-databind/2.7.5/jackson-databind-2.7.5.jar (1177 KB at 10145.7 KB/sec)
[INFO] Downloaded: http://repo.maven.apache.org/maven2/org/apache/httpcomponents/httpcore/4.4.5/httpcore-4.4.5.jar (320 KB at 3674.7 KB/sec)
[INFO] Downloaded: http://repo.maven.apache.org/maven2/org/apache/httpcomponents/httpcore-nio/4.4.5/httpcore-nio-4.4.5.jar (348 KB at 3908.5 KB/sec)
[INFO] Downloaded: http://repo.maven.apache.org/maven2/org/apache/httpcomponents/httpcore-osgi/4.4.5/httpcore-osgi-4.4.5.jar (670 KB at 5491.5 KB/sec)
[INFO] 
[INFO] --- maven-enforcer-plugin:1.0:enforce (enforce-maven) @ owlapi-rio ---
[INFO] 
[INFO] --- maven-resources-plugin:2.6:resources (default-resources) @ owlapi-rio ---
[INFO] Using 'UTF-8' encoding to copy filtered resources.
[INFO] Copying 4 resources
[INFO] 
[INFO] --- maven-compiler-plugin:3.2:compile (default-compile) @ owlapi-rio ---
[INFO] Changes detected - recompiling the module!
[INFO] Compiling 65 source files to /home/travis/build/owlcs/owlapi/rio/target/classes
[INFO] /home/travis/build/owlcs/owlapi/rio/src/main/java/org/semanticweb/owlapi/rio/RioMemoryTripleSource.java: /home/travis/build/owlcs/owlapi/rio/src/main/java/org/semanticweb/owlapi/rio/RioMemoryTripleSource.java uses or overrides a deprecated API.
[INFO] /home/travis/build/owlcs/owlapi/rio/src/main/java/org/semanticweb/owlapi/rio/RioMemoryTripleSource.java: Recompile with -Xlint:deprecation for details.
[INFO] 
[INFO] --- maven-resources-plugin:2.6:testResources (default-testResources) @ owlapi-rio ---
[INFO] Using 'UTF-8' encoding to copy filtered resources.
[INFO] skip non existing resourceDirectory /home/travis/build/owlcs/owlapi/rio/src/test/resources
[INFO] 
[INFO] --- maven-compiler-plugin:3.2:testCompile (default-testCompile) @ owlapi-rio ---
[INFO] No sources to compile
[INFO] 
[INFO] --- maven-surefire-plugin:2.18.1:test (default-test) @ owlapi-rio ---
[INFO] Tests are skipped.
[INFO] 
[INFO] --- maven-jar-plugin:2.4:jar (default-jar) @ owlapi-rio ---
[INFO] Building jar: /home/travis/build/owlcs/owlapi/rio/target/owlapi-rio-5.0.2.jar
[INFO] 
[INFO] >>> maven-source-plugin:2.2.1:jar (attach-sources) > generate-sources @ owlapi-rio >>>
[INFO] 
[INFO] --- maven-enforcer-plugin:1.0:enforce (enforce-maven) @ owlapi-rio ---
[INFO] 
[INFO] <<< maven-source-plugin:2.2.1:jar (attach-sources) < generate-sources @ owlapi-rio <<<
[INFO] 
[INFO] --- maven-source-plugin:2.2.1:jar (attach-sources) @ owlapi-rio ---
[INFO] Building jar: /home/travis/build/owlcs/owlapi/rio/target/owlapi-rio-5.0.2-sources.jar
[INFO] 
[INFO] --- maven-javadoc-plugin:2.8.1:jar (attach-javadocs) @ owlapi-rio ---
[INFO] Skipping javadoc generation
[INFO] 
[INFO] --- maven-failsafe-plugin:2.18.1:integration-test (default) @ owlapi-rio ---
[INFO] Tests are skipped.
[INFO] 
[INFO] --- maven-failsafe-plugin:2.18.1:verify (default) @ owlapi-rio ---
[INFO] Tests are skipped.
[INFO] 
[INFO] --- maven-install-plugin:2.4:install (default-install) @ owlapi-rio ---
[INFO] Installing /home/travis/build/owlcs/owlapi/rio/target/owlapi-rio-5.0.2.jar to /home/travis/.m2/repository/net/sourceforge/owlapi/owlapi-rio/5.0.2/owlapi-rio-5.0.2.jar
[INFO] Installing /home/travis/build/owlcs/owlapi/rio/pom.xml to /home/travis/.m2/repository/net/sourceforge/owlapi/owlapi-rio/5.0.2/owlapi-rio-5.0.2.pom
[INFO] Installing /home/travis/build/owlcs/owlapi/rio/target/owlapi-rio-5.0.2-sources.jar to /home/travis/.m2/repository/net/sourceforge/owlapi/owlapi-rio/5.0.2/owlapi-rio-5.0.2-sources.jar
[INFO]                                                                         
[INFO] ------------------------------------------------------------------------
[INFO] Building OWLAPI :: Binding and Config 5.0.2
[INFO] ------------------------------------------------------------------------
[INFO] 
[INFO] --- maven-enforcer-plugin:1.0:enforce (enforce-maven) @ owlapi-apibinding ---
[INFO] 
[INFO] --- maven-resources-plugin:2.6:resources (default-resources) @ owlapi-apibinding ---
[INFO] Using 'UTF-8' encoding to copy filtered resources.
[INFO] Copying 1 resource
[INFO] 
[INFO] --- maven-compiler-plugin:3.2:compile (default-compile) @ owlapi-apibinding ---
[INFO] Changes detected - recompiling the module!
[INFO] Compiling 3 source files to /home/travis/build/owlcs/owlapi/apibinding/target/classes
[INFO] 
[INFO] --- maven-resources-plugin:2.6:testResources (default-testResources) @ owlapi-apibinding ---
[INFO] Using 'UTF-8' encoding to copy filtered resources.
[INFO] skip non existing resourceDirectory /home/travis/build/owlcs/owlapi/apibinding/src/test/resources
[INFO] 
[INFO] --- maven-compiler-plugin:3.2:testCompile (default-testCompile) @ owlapi-apibinding ---
[INFO] No sources to compile
[INFO] 
[INFO] --- maven-surefire-plugin:2.18.1:test (default-test) @ owlapi-apibinding ---
[INFO] Tests are skipped.
[INFO] 
[INFO] --- maven-jar-plugin:2.4:jar (default-jar) @ owlapi-apibinding ---
[INFO] Building jar: /home/travis/build/owlcs/owlapi/apibinding/target/owlapi-apibinding-5.0.2.jar
[INFO] 
[INFO] >>> maven-source-plugin:2.2.1:jar (attach-sources) > generate-sources @ owlapi-apibinding >>>
[INFO] 
[INFO] --- maven-enforcer-plugin:1.0:enforce (enforce-maven) @ owlapi-apibinding ---
[INFO] 
[INFO] <<< maven-source-plugin:2.2.1:jar (attach-sources) < generate-sources @ owlapi-apibinding <<<
[INFO] 
[INFO] --- maven-source-plugin:2.2.1:jar (attach-sources) @ owlapi-apibinding ---
[INFO] Building jar: /home/travis/build/owlcs/owlapi/apibinding/target/owlapi-apibinding-5.0.2-sources.jar
[INFO] 
[INFO] --- maven-javadoc-plugin:2.8.1:jar (attach-javadocs) @ owlapi-apibinding ---
[INFO] Skipping javadoc generation
[INFO] 
[INFO] --- maven-failsafe-plugin:2.18.1:integration-test (default) @ owlapi-apibinding ---
[INFO] Tests are skipped.
[INFO] 
[INFO] --- maven-failsafe-plugin:2.18.1:verify (default) @ owlapi-apibinding ---
[INFO] Tests are skipped.
[INFO] 
[INFO] --- maven-install-plugin:2.4:install (default-install) @ owlapi-apibinding ---
[INFO] Installing /home/travis/build/owlcs/owlapi/apibinding/target/owlapi-apibinding-5.0.2.jar to /home/travis/.m2/repository/net/sourceforge/owlapi/owlapi-apibinding/5.0.2/owlapi-apibinding-5.0.2.jar
[INFO] Installing /home/travis/build/owlcs/owlapi/apibinding/pom.xml to /home/travis/.m2/repository/net/sourceforge/owlapi/owlapi-apibinding/5.0.2/owlapi-apibinding-5.0.2.pom
[INFO] Installing /home/travis/build/owlcs/owlapi/apibinding/target/owlapi-apibinding-5.0.2-sources.jar to /home/travis/.m2/repository/net/sourceforge/owlapi/owlapi-apibinding/5.0.2/owlapi-apibinding-5.0.2-sources.jar
[INFO]                                                                         
[INFO] ------------------------------------------------------------------------
[INFO] Building OWLAPI :: Compatibility 5.0.2
[INFO] ------------------------------------------------------------------------
[INFO] 
[INFO] --- maven-enforcer-plugin:1.0:enforce (enforce-maven) @ owlapi-compatibility ---
[INFO] 
[INFO] --- maven-resources-plugin:2.6:resources (default-resources) @ owlapi-compatibility ---
[INFO] Using 'UTF-8' encoding to copy filtered resources.
[INFO] Copying 1 resource
[INFO] 
[INFO] --- maven-compiler-plugin:3.2:compile (default-compile) @ owlapi-compatibility ---
[INFO] Changes detected - recompiling the module!
[INFO] Compiling 67 source files to /home/travis/build/owlcs/owlapi/compatibility/target/classes
[INFO] /home/travis/build/owlcs/owlapi/compatibility/src/main/java/de/uulm/ecs/ai/owlapi/krssparser/KRSS2OntologyFormat.java: Some input files use or override a deprecated API.
[INFO] /home/travis/build/owlcs/owlapi/compatibility/src/main/java/de/uulm/ecs/ai/owlapi/krssparser/KRSS2OntologyFormat.java: Recompile with -Xlint:deprecation for details.
[INFO] 
[INFO] --- maven-resources-plugin:2.6:testResources (default-testResources) @ owlapi-compatibility ---
[INFO] Using 'UTF-8' encoding to copy filtered resources.
[INFO] skip non existing resourceDirectory /home/travis/build/owlcs/owlapi/compatibility/src/test/resources
[INFO] 
[INFO] --- maven-compiler-plugin:3.2:testCompile (default-testCompile) @ owlapi-compatibility ---
[INFO] No sources to compile
[INFO] 
[INFO] --- maven-surefire-plugin:2.18.1:test (default-test) @ owlapi-compatibility ---
[INFO] Tests are skipped.
[INFO] 
[INFO] --- maven-jar-plugin:2.4:jar (default-jar) @ owlapi-compatibility ---
[INFO] Building jar: /home/travis/build/owlcs/owlapi/compatibility/target/owlapi-compatibility-5.0.2.jar
[INFO] 
[INFO] >>> maven-source-plugin:2.2.1:jar (attach-sources) > generate-sources @ owlapi-compatibility >>>
[INFO] 
[INFO] --- maven-enforcer-plugin:1.0:enforce (enforce-maven) @ owlapi-compatibility ---
[INFO] 
[INFO] <<< maven-source-plugin:2.2.1:jar (attach-sources) < generate-sources @ owlapi-compatibility <<<
[INFO] 
[INFO] --- maven-source-plugin:2.2.1:jar (attach-sources) @ owlapi-compatibility ---
[INFO] Building jar: /home/travis/build/owlcs/owlapi/compatibility/target/owlapi-compatibility-5.0.2-sources.jar
[INFO] 
[INFO] --- maven-javadoc-plugin:2.8.1:jar (attach-javadocs) @ owlapi-compatibility ---
[INFO] Skipping javadoc generation
[INFO] 
[INFO] --- maven-failsafe-plugin:2.18.1:integration-test (default) @ owlapi-compatibility ---
[INFO] Tests are skipped.
[INFO] 
[INFO] --- maven-failsafe-plugin:2.18.1:verify (default) @ owlapi-compatibility ---
[INFO] Tests are skipped.
[INFO] 
[INFO] --- maven-install-plugin:2.4:install (default-install) @ owlapi-compatibility ---
[INFO] Installing /home/travis/build/owlcs/owlapi/compatibility/target/owlapi-compatibility-5.0.2.jar to /home/travis/.m2/repository/net/sourceforge/owlapi/owlapi-compatibility/5.0.2/owlapi-compatibility-5.0.2.jar
[INFO] Installing /home/travis/build/owlcs/owlapi/compatibility/pom.xml to /home/travis/.m2/repository/net/sourceforge/owlapi/owlapi-compatibility/5.0.2/owlapi-compatibility-5.0.2.pom
[INFO] Installing /home/travis/build/owlcs/owlapi/compatibility/target/owlapi-compatibility-5.0.2-sources.jar to /home/travis/.m2/repository/net/sourceforge/owlapi/owlapi-compatibility/5.0.2/owlapi-compatibility-5.0.2-sources.jar
[INFO]                                                                         
[INFO] ------------------------------------------------------------------------
[INFO] Building OWLAPI :: Tests and Tutorials 5.0.2
[INFO] ------------------------------------------------------------------------
[INFO] 
[INFO] --- maven-enforcer-plugin:1.0:enforce (enforce-maven) @ owlapi-contract ---
[INFO] 
[INFO] --- maven-resources-plugin:2.6:resources (default-resources) @ owlapi-contract ---
[INFO] Using 'UTF-8' encoding to copy filtered resources.
[INFO] skip non existing resourceDirectory /home/travis/build/owlcs/owlapi/contract/src/main/resources
[INFO] 
[INFO] --- maven-compiler-plugin:3.2:compile (default-compile) @ owlapi-contract ---
[INFO] Changes detected - recompiling the module!
[INFO] Compiling 9 source files to /home/travis/build/owlcs/owlapi/contract/target/classes
[INFO] 
[INFO] --- maven-resources-plugin:2.6:testResources (default-testResources) @ owlapi-contract ---
[INFO] Using 'UTF-8' encoding to copy filtered resources.
[INFO] Copying 172 resources
[INFO] 
[INFO] --- maven-compiler-plugin:3.2:testCompile (default-testCompile) @ owlapi-contract ---
[INFO] Changes detected - recompiling the module!
[INFO] Compiling 236 source files to /home/travis/build/owlcs/owlapi/contract/target/test-classes
[INFO] /home/travis/build/owlcs/owlapi/contract/src/test/java/org/semanticweb/owlapi/api/test/DelegatingObjectVisitorExTestCase.java: /home/travis/build/owlcs/owlapi/contract/src/test/java/org/semanticweb/owlapi/api/test/DelegatingObjectVisitorExTestCase.java uses unchecked or unsafe operations.
[INFO] /home/travis/build/owlcs/owlapi/contract/src/test/java/org/semanticweb/owlapi/api/test/DelegatingObjectVisitorExTestCase.java: Recompile with -Xlint:unchecked for details.
[INFO] 
[INFO] --- maven-surefire-plugin:2.18.1:test (default-test) @ owlapi-contract ---
[INFO] Tests are skipped.
[INFO] 
[INFO] --- maven-jar-plugin:2.4:jar (default-jar) @ owlapi-contract ---
[INFO] Building jar: /home/travis/build/owlcs/owlapi/contract/target/owlapi-contract-5.0.2.jar
[INFO] 
[INFO] >>> maven-source-plugin:2.2.1:jar (attach-sources) > generate-sources @ owlapi-contract >>>
[INFO] 
[INFO] --- maven-enforcer-plugin:1.0:enforce (enforce-maven) @ owlapi-contract ---
[INFO] 
[INFO] <<< maven-source-plugin:2.2.1:jar (attach-sources) < generate-sources @ owlapi-contract <<<
[INFO] 
[INFO] --- maven-source-plugin:2.2.1:jar (attach-sources) @ owlapi-contract ---
[INFO] Building jar: /home/travis/build/owlcs/owlapi/contract/target/owlapi-contract-5.0.2-sources.jar
[INFO] 
[INFO] --- maven-javadoc-plugin:2.8.1:jar (attach-javadocs) @ owlapi-contract ---
[INFO] Skipping javadoc generation
[INFO] 
[INFO] --- maven-failsafe-plugin:2.18.1:integration-test (default) @ owlapi-contract ---
[INFO] Tests are skipped.
[INFO] 
[INFO] --- maven-failsafe-plugin:2.18.1:verify (default) @ owlapi-contract ---
[INFO] Tests are skipped.
[INFO] 
[INFO] --- maven-install-plugin:2.4:install (default-install) @ owlapi-contract ---
[INFO] Installing /home/travis/build/owlcs/owlapi/contract/target/owlapi-contract-5.0.2.jar to /home/travis/.m2/repository/net/sourceforge/owlapi/owlapi-contract/5.0.2/owlapi-contract-5.0.2.jar
[INFO] Installing /home/travis/build/owlcs/owlapi/contract/pom.xml to /home/travis/.m2/repository/net/sourceforge/owlapi/owlapi-contract/5.0.2/owlapi-contract-5.0.2.pom
[INFO] Installing /home/travis/build/owlcs/owlapi/contract/target/owlapi-contract-5.0.2-sources.jar to /home/travis/.m2/repository/net/sourceforge/owlapi/owlapi-contract/5.0.2/owlapi-contract-5.0.2-sources.jar
[INFO]                                                                         
[INFO] ------------------------------------------------------------------------
[INFO] Building OWLAPI :: Distribution 5.0.2
[INFO] ------------------------------------------------------------------------
[INFO] 
[INFO] --- maven-enforcer-plugin:1.0:enforce (enforce-maven) @ owlapi-distribution ---
[INFO] 
[INFO] --- maven-resources-plugin:3.0.1:resources (default-resources) @ owlapi-distribution ---
[INFO] Using 'UTF-8' encoding to copy filtered resources.
[INFO] skip non existing resourceDirectory /home/travis/build/owlcs/owlapi/distribution/src/main/resources
[INFO] 
[INFO] --- maven-compiler-plugin:3.2:compile (default-compile) @ owlapi-distribution ---
[INFO] No sources to compile
[INFO] 
[INFO] --- maven-resources-plugin:3.0.1:testResources (default-testResources) @ owlapi-distribution ---
[INFO] Using 'UTF-8' encoding to copy filtered resources.
[INFO] skip non existing resourceDirectory /home/travis/build/owlcs/owlapi/distribution/src/test/resources
[INFO] 
[INFO] --- maven-compiler-plugin:3.2:testCompile (default-testCompile) @ owlapi-distribution ---
[INFO] No sources to compile
[INFO] 
[INFO] --- maven-surefire-plugin:2.18.1:test (default-test) @ owlapi-distribution ---
[INFO] Tests are skipped.
[INFO] 
[INFO] --- maven-bundle-plugin:2.5.3:bundle (default-bundle) @ owlapi-distribution ---
[WARNING] Bundle net.sourceforge.owlapi:owlapi-distribution:bundle:5.0.2 : Unused Private-Package instructions, no such package(s) on the class path: [!*]
[INFO] 
[INFO] >>> maven-source-plugin:2.2.1:jar (attach-sources) > generate-sources @ owlapi-distribution >>>
[INFO] 
[INFO] --- maven-enforcer-plugin:1.0:enforce (enforce-maven) @ owlapi-distribution ---
[INFO] 
[INFO] <<< maven-source-plugin:2.2.1:jar (attach-sources) < generate-sources @ owlapi-distribution <<<
[INFO] 
[INFO] --- maven-source-plugin:2.2.1:jar (attach-sources) @ owlapi-distribution ---
[INFO] No sources in project. Archive not created.
[INFO] 
[INFO] --- maven-shade-plugin:2.3:shade (default) @ owlapi-distribution ---
[INFO] Including net.sourceforge.owlapi:owlapi-apibinding:jar:5.0.2 in the shaded jar.
[INFO] Including net.sourceforge.owlapi:owlapi-tools:jar:5.0.2 in the shaded jar.
[INFO] Including net.sourceforge.owlapi:owlapi-impl:jar:5.0.2 in the shaded jar.
[INFO] Including net.sourceforge.owlapi:owlapi-parsers:jar:5.0.2 in the shaded jar.
[INFO] Including net.sourceforge.owlapi:owlapi-oboformat:jar:5.0.2 in the shaded jar.
[INFO] Including net.sourceforge.owlapi:owlapi-rio:jar:5.0.2 in the shaded jar.
[INFO] Excluding org.eclipse.rdf4j:rdf4j-rio-jsonld:jar:2.0M2 from the shaded jar.
[INFO] Including net.sourceforge.owlapi:owlapi-api:jar:5.0.2 in the shaded jar.
[INFO] Excluding com.fasterxml.jackson.core:jackson-core:jar:2.7.5 from the shaded jar.
[INFO] Excluding com.fasterxml.jackson.core:jackson-databind:jar:2.7.5 from the shaded jar.
[INFO] Excluding com.fasterxml.jackson.core:jackson-annotations:jar:2.7.5 from the shaded jar.
[INFO] Excluding net.sourceforge.owlapi:owlapi-compatibility:jar:5.0.2 from the shaded jar.
[INFO] Excluding org.apache.commons:commons-rdf-api:jar:0.1.0-incubating from the shaded jar.
[INFO] Excluding org.tukaani:xz:jar:1.5 from the shaded jar.
[INFO] Excluding org.eclipse.rdf4j:rdf4j-model:jar:2.0M2 from the shaded jar.
[INFO] Excluding org.eclipse.rdf4j:rdf4j-util:jar:2.0M2 from the shaded jar.
[INFO] Excluding org.eclipse.rdf4j:rdf4j-rio-api:jar:2.0M2 from the shaded jar.
[INFO] Excluding org.eclipse.rdf4j:rdf4j-rio-languages:jar:2.0M2 from the shaded jar.
[INFO] Excluding org.eclipse.rdf4j:rdf4j-rio-datatypes:jar:2.0M2 from the shaded jar.
[INFO] Excluding org.eclipse.rdf4j:rdf4j-rio-binary:jar:2.0M2 from the shaded jar.
[INFO] Excluding org.eclipse.rdf4j:rdf4j-rio-n3:jar:2.0M2 from the shaded jar.
[INFO] Excluding org.eclipse.rdf4j:rdf4j-rio-nquads:jar:2.0M2 from the shaded jar.
[INFO] Excluding org.eclipse.rdf4j:rdf4j-rio-ntriples:jar:2.0M2 from the shaded jar.
[INFO] Excluding org.eclipse.rdf4j:rdf4j-rio-rdfjson:jar:2.0M2 from the shaded jar.
[INFO] Excluding org.eclipse.rdf4j:rdf4j-rio-rdfxml:jar:2.0M2 from the shaded jar.
[INFO] Excluding org.eclipse.rdf4j:rdf4j-rio-trix:jar:2.0M2 from the shaded jar.
[INFO] Excluding org.eclipse.rdf4j:rdf4j-rio-turtle:jar:2.0M2 from the shaded jar.
[INFO] Excluding org.eclipse.rdf4j:rdf4j-rio-trig:jar:2.0M2 from the shaded jar.
[INFO] Excluding com.github.jsonld-java:jsonld-java:jar:0.8.3 from the shaded jar.
[INFO] Excluding org.apache.httpcomponents:httpclient-osgi:jar:4.5.2 from the shaded jar.
[INFO] Excluding org.apache.httpcomponents:httpclient:jar:4.5.2 from the shaded jar.
[INFO] Excluding commons-codec:commons-codec:jar:1.9 from the shaded jar.
[INFO] Excluding org.apache.httpcomponents:httpmime:jar:4.5.2 from the shaded jar.
[INFO] Excluding org.apache.httpcomponents:httpclient-cache:jar:4.5.2 from the shaded jar.
[INFO] Excluding org.apache.httpcomponents:fluent-hc:jar:4.5.2 from the shaded jar.
[INFO] Excluding org.apache.httpcomponents:httpcore-osgi:jar:4.4.5 from the shaded jar.
[INFO] Excluding org.apache.httpcomponents:httpcore:jar:4.4.5 from the shaded jar.
[INFO] Excluding org.apache.httpcomponents:httpcore-nio:jar:4.4.5 from the shaded jar.
[INFO] Excluding org.slf4j:jcl-over-slf4j:jar:1.7.21 from the shaded jar.
[INFO] Excluding net.sf.trove4j:trove4j:jar:3.0.3 from the shaded jar.
[INFO] Excluding com.github.ben-manes.caffeine:caffeine:jar:2.1.0 from the shaded jar.
[INFO] Excluding com.google.inject:guice:jar:4.1.0 from the shaded jar.
[INFO] Excluding javax.inject:javax.inject:jar:1 from the shaded jar.
[INFO] Excluding aopalliance:aopalliance:jar:1.0 from the shaded jar.
[INFO] Excluding com.google.guava:guava:jar:19.0 from the shaded jar.
[INFO] Excluding com.google.inject.extensions:guice-assistedinject:jar:4.1.0 from the shaded jar.
[INFO] Excluding com.google.inject.extensions:guice-multibindings:jar:4.1.0 from the shaded jar.
[INFO] Excluding com.google.code.findbugs:jsr305:jar:2.0.1 from the shaded jar.
[INFO] Excluding org.slf4j:slf4j-api:jar:1.7.21 from the shaded jar.
[INFO] Excluding commons-io:commons-io:jar:2.4 from the shaded jar.
[WARNING] owlapi-distribution-5.0.2.jar, owlapi-parsers-5.0.2.jar define 444 overlappping classes: 
[WARNING]   - org.semanticweb.owlapi.rdf.rdfxml.parser.TripleHandlers$TPOneOfHandler
[WARNING]   - org.semanticweb.owlapi.krss2.renderer.KRSS2SyntaxRenderer
[WARNING]   - org.semanticweb.owlapi.owlxml.parser.DataOneOfEH
[WARNING]   - org.semanticweb.owlapi.rdf.rdfxml.renderer.package-info
[WARNING]   - org.semanticweb.owlapi.rdf.rdfxml.parser.Translators$ObjectMinCardinalityTranslator
[WARNING]   - org.semanticweb.owlapi.rdf.turtle.parser.TurtleParserException
[WARNING]   - org.semanticweb.owlapi.latex.renderer.LatexOWLObjectRenderer
[WARNING]   - org.semanticweb.owlapi.rdf.turtle.parser.OWLRDFConsumerAdapter
[WARNING]   - org.semanticweb.owlapi.owlxml.renderer.OWLXMLObjectRenderer
[WARNING]   - org.semanticweb.owlapi.owlxml.parser.IndividualEH
[WARNING]   - 434 more...
[WARNING] owlapi-distribution-5.0.2.jar, owlapi-rio-5.0.2.jar define 68 overlappping classes: 
[WARNING]   - org.semanticweb.owlapi.formats.N3DocumentFormatFactory
[WARNING]   - org.semanticweb.owlapi.formats.RioTurtleDocumentFormatFactory
[WARNING]   - org.semanticweb.owlapi.rio.RioStorer
[WARNING]   - org.semanticweb.owlapi.rio.RioOWLRDFParser
[WARNING]   - org.semanticweb.owlapi.rio.OWLAPIRDFFormat
[WARNING]   - org.semanticweb.owlapi.formats.N3DocumentFormat
[WARNING]   - org.semanticweb.owlapi.rio.RioFunctionalSyntaxParserFactory
[WARNING]   - org.semanticweb.owlapi.rio.RioTrigStorerFactory
[WARNING]   - org.semanticweb.owlapi.rio.RioManchesterSyntaxParserFactory
[WARNING]   - org.semanticweb.owlapi.rio.AbstractRioStorerFactory
[WARNING]   - 58 more...
[WARNING] owlapi-api-5.0.2.jar, owlapi-distribution-5.0.2.jar define 906 overlappping classes: 
[WARNING]   - org.semanticweb.owlapi.model.OWLPropertyAssertionObject
[WARNING]   - org.semanticweb.owlapi.model.OWLAnonymousClassExpression
[WARNING]   - org.semanticweb.owlapi.model.HasApplyChange
[WARNING]   - org.semanticweb.owlapi.util.InferredIndividualAxiomGenerator
[WARNING]   - org.semanticweb.owlapi.model.SWRLDArgument
[WARNING]   - org.semanticweb.owlapi.util.OWLOntologyWalkerVisitor
[WARNING]   - org.semanticweb.owlapi.model.providers.ExistentialProvider
[WARNING]   - org.semanticweb.owlapi.model.axiomproviders.PropertyCharacteristicAxiomProvider
[WARNING]   - org.semanticweb.owlapi.model.OWLObjectPropertyDomainAxiom
[WARNING]   - org.semanticweb.owlapi.io.SystemOutDocumentTarget
[WARNING]   - 896 more...
[WARNING] owlapi-impl-5.0.2.jar, owlapi-distribution-5.0.2.jar define 199 overlappping classes: 
[WARNING]   - org.semanticweb.owlapi.reasoner.impl.OWLNamedIndividualNodeSet
[WARNING]   - uk.ac.manchester.cs.owl.owlapi.SWRLIndividualArgumentImpl
[WARNING]   - uk.ac.manchester.cs.owl.owlapi.InitVisitorFactory$InitIndividualVisitor
[WARNING]   - uk.ac.manchester.cs.owl.owlapi.OWLDataAllValuesFromImpl
[WARNING]   - uk.ac.manchester.cs.owl.owlapi.concurrent.NonConcurrentOWLOntologyBuilder
[WARNING]   - uk.ac.manchester.cs.owl.owlapi.OWLImportsDeclarationImpl
[WARNING]   - uk.ac.manchester.cs.owl.owlapi.OWLSubPropertyAxiomImpl
[WARNING]   - uk.ac.manchester.cs.owl.owlapi.OWLSameIndividualAxiomImpl
[WARNING]   - uk.ac.manchester.cs.owl.owlapi.Internals$RemoveAxiomVisitor
[WARNING]   - uk.ac.manchester.cs.owl.owlapi.SWRLSameIndividualAtomImpl
[WARNING]   - 189 more...
[WARNING] owlapi-oboformat-5.0.2.jar, owlapi-distribution-5.0.2.jar define 76 overlappping classes: 
[WARNING]   - org.obolibrary.oboformat.parser.OBOFormatException
[WARNING]   - org.obolibrary.obo2owl.OWLAPIOwl2Obo
[WARNING]   - org.obolibrary.macro.MacroExpansionGCIVisitor$MacroExpansions
[WARNING]   - org.obolibrary.oboformat.diff.Diff
[WARNING]   - org.semanticweb.owlapi.oboformat.OBOFormatRenderer$1
[WARNING]   - org.obolibrary.obo2owl.IdTranslator
[WARNING]   - org.obolibrary.oboformat.model.Clause
[WARNING]   - org.obolibrary.oboformat.parser.XrefExpander$ReverseGenusDifferentiaExpansion
[WARNING]   - org.obolibrary.owl.LabelFunctionalSyntaxStorer
[WARNING]   - org.obolibrary.oboformat.model.FrameStructureException
[WARNING]   - 66 more...
[WARNING] owlapi-distribution-5.0.2.jar, owlapi-tools-5.0.2.jar define 136 overlappping classes: 
[WARNING]   - com.clarkparsia.owlapi.explanation.util.SilentExplanationProgressMonitor
[WARNING]   - uk.ac.manchester.cs.atomicdecomposition.package-info
[WARNING]   - uk.ac.manchester.cs.factplusplusad.OntologyBasedModularizer
[WARNING]   - org.semanticweb.owlapi.metrics.HiddenGCICount
[WARNING]   - org.semanticweb.owlapitools.decomposition.Modularizer
[WARNING]   - com.clarkparsia.owlapi.modularity.locality.SemanticLocalityEvaluator
[WARNING]   - uk.ac.manchester.cs.factplusplusad.Signature
[WARNING]   - org.semanticweb.owlapi.metrics.DoubleValuedMetric
[WARNING]   - org.semanticweb.owlapitools.decomposition.SigIndex
[WARNING]   - com.clarkparsia.owlapi.explanation.io.ExplanationRenderer
[WARNING]   - 126 more...
[WARNING] owlapi-apibinding-5.0.2.jar, owlapi-distribution-5.0.2.jar define 3 overlappping classes: 
[WARNING]   - org.semanticweb.owlapi.apibinding.OWLManager
[WARNING]   - org.semanticweb.owlapi.apibinding.package-info
[WARNING]   - org.semanticweb.owlapi.apibinding.OWLFunctionalSyntaxFactory
[WARNING] maven-shade-plugin has detected that some .class files
[WARNING] are present in two or more JARs. When this happens, only
[WARNING] one single version of the class is copied in the uberjar.
[WARNING] Usually this is not harmful and you can skeep these
[WARNING] warnings, otherwise try to manually exclude artifacts
[WARNING] based on mvn dependency:tree -Ddetail=true and the above
[WARNING] output
[WARNING] See http://docs.codehaus.org/display/MAVENUSER/Shade+Plugin
[INFO] Replacing original artifact with shaded artifact.
[INFO] Replacing /home/travis/build/owlcs/owlapi/distribution/target/owlapi-distribution-5.0.2.jar with /home/travis/build/owlcs/owlapi/distribution/target/owlapi-distribution-5.0.2-shaded.jar
[INFO] Dependency-reduced POM written at: /home/travis/build/owlcs/owlapi/distribution/dependency-reduced-pom.xml
[INFO] 
[INFO] --- maven-javadoc-plugin:2.8.1:jar (attach-javadocs) @ owlapi-distribution ---
[INFO] Skipping javadoc generation
[INFO] 
[INFO] --- maven-javadoc-plugin:2.8.1:jar (attach-javadoc) @ owlapi-distribution ---
[INFO] Skipping javadoc generation
[INFO] 
[INFO] --- maven-assembly-plugin:2.4:single (attach-sources) @ owlapi-distribution ---
[INFO] Reading assembly descriptor: src/assembly/sources.xml
[INFO] Building jar: /home/travis/build/owlcs/owlapi/distribution/target/owlapi-distribution-5.0.2-sources.jar
[INFO] 
[INFO] --- maven-failsafe-plugin:2.18.1:integration-test (default) @ owlapi-distribution ---
[INFO] Tests are skipped.
[INFO] 
[INFO] --- maven-failsafe-plugin:2.18.1:verify (default) @ owlapi-distribution ---
[INFO] Tests are skipped.
[INFO] 
[INFO] --- maven-install-plugin:2.5.2:install (default-install) @ owlapi-distribution ---
[INFO] Installing /home/travis/build/owlcs/owlapi/distribution/target/owlapi-distribution-5.0.2.jar to /home/travis/.m2/repository/net/sourceforge/owlapi/owlapi-distribution/5.0.2/owlapi-distribution-5.0.2.jar
[INFO] Installing /home/travis/build/owlcs/owlapi/distribution/dependency-reduced-pom.xml to /home/travis/.m2/repository/net/sourceforge/owlapi/owlapi-distribution/5.0.2/owlapi-distribution-5.0.2.pom
[INFO] Installing /home/travis/build/owlcs/owlapi/distribution/target/owlapi-distribution-5.0.2-sources.jar to /home/travis/.m2/repository/net/sourceforge/owlapi/owlapi-distribution/5.0.2/owlapi-distribution-5.0.2-sources.jar
[INFO] 
[INFO] --- maven-bundle-plugin:2.5.3:install (default-install) @ owlapi-distribution ---
[INFO] Installing net/sourceforge/owlapi/owlapi-distribution/5.0.2/owlapi-distribution-5.0.2.jar
[INFO] Installing net/sourceforge/owlapi/owlapi-distribution/5.0.2/owlapi-distribution-5.0.2-sources.jar
[INFO] Writing OBR metadata
[INFO]                                                                         
[INFO] ------------------------------------------------------------------------
[INFO] Building OWLAPI :: OSGi and Compatibility Distribution 5.0.2
[INFO] ------------------------------------------------------------------------
[INFO] 
[INFO] --- maven-enforcer-plugin:1.0:enforce (enforce-maven) @ owlapi-osgidistribution ---
[INFO] 
[INFO] --- maven-resources-plugin:3.0.1:resources (default-resources) @ owlapi-osgidistribution ---
[INFO] Using 'UTF-8' encoding to copy filtered resources.
[INFO] skip non existing resourceDirectory /home/travis/build/owlcs/owlapi/osgidistribution/src/main/resources
[INFO] 
[INFO] --- maven-compiler-plugin:3.2:compile (default-compile) @ owlapi-osgidistribution ---
[INFO] Changes detected - recompiling the module!
[INFO] Compiling 1 source file to /home/travis/build/owlcs/owlapi/osgidistribution/target/classes
[INFO] 
[INFO] --- maven-resources-plugin:3.0.1:testResources (default-testResources) @ owlapi-osgidistribution ---
[INFO] Using 'UTF-8' encoding to copy filtered resources.
[INFO] Copying 2 resources
[INFO] 
[INFO] --- maven-compiler-plugin:3.2:testCompile (default-testCompile) @ owlapi-osgidistribution ---
[INFO] Changes detected - recompiling the module!
[INFO] Compiling 4 source files to /home/travis/build/owlcs/owlapi/osgidistribution/target/test-classes
[INFO] 
[INFO] --- maven-surefire-plugin:2.18.1:test (default-test) @ owlapi-osgidistribution ---
[INFO] Tests are skipped.
[INFO] 
[INFO] --- maven-bundle-plugin:2.5.3:bundle (default-bundle) @ owlapi-osgidistribution ---
[WARNING] Bundle net.sourceforge.owlapi:owlapi-osgidistribution:bundle:5.0.2 : Unused Import-Package instructions: [com.github.benmanes.*] 
[WARNING] Bundle net.sourceforge.owlapi:owlapi-osgidistribution:bundle:5.0.2 : Export org.semanticweb.owlapi.formats,  has 1,  private references [org.eclipse.rdf4j.rio], 
[WARNING] Bundle net.sourceforge.owlapi:owlapi-osgidistribution:bundle:5.0.2 : Export org.semanticweb.owlapi.io,  has 2,  private references [org.apache.commons.rdf.api, org.tukaani.xz], 
[WARNING] Bundle net.sourceforge.owlapi:owlapi-osgidistribution:bundle:5.0.2 : Export org.semanticweb.owlapi.model,  has 1,  private references [org.apache.commons.rdf.api], 
[WARNING] Bundle net.sourceforge.owlapi:owlapi-osgidistribution:bundle:5.0.2 : Export org.semanticweb.owlapi.rio,  has 5,  private references [org.eclipse.rdf4j.rio.helpers, org.eclipse.rdf4j, org.eclipse.rdf4j.model, org.eclipse.rdf4j.common.iteration, org.eclipse.rdf4j.rio], 
[WARNING] Bundle net.sourceforge.owlapi:owlapi-osgidistribution:bundle:5.0.2 : Export org.semanticweb.owlapi.rio.utils,  has 1,  private references [org.eclipse.rdf4j.model], 
[WARNING] Bundle net.sourceforge.owlapi:owlapi-osgidistribution:bundle:5.0.2 : Export uk.ac.manchester.cs.chainsaw,  has 1,  private references [gnu.trove.list], 
[WARNING] Bundle net.sourceforge.owlapi:owlapi-osgidistribution:bundle:5.0.2 : Export uk.ac.manchester.cs.owl.owlapi,  has 1,  private references [com.github.benmanes.caffeine.cache], 
[WARNING] Bundle net.sourceforge.owlapi:owlapi-osgidistribution:bundle:5.0.2 : Export org.obolibrary.oboformat.writer,  has 1,  private references [gnu.trove.map.hash], 
[INFO] 
[INFO] >>> maven-source-plugin:2.2.1:jar (attach-sources) > generate-sources @ owlapi-osgidistribution >>>
[INFO] 
[INFO] --- maven-enforcer-plugin:1.0:enforce (enforce-maven) @ owlapi-osgidistribution ---
[INFO] 
[INFO] <<< maven-source-plugin:2.2.1:jar (attach-sources) < generate-sources @ owlapi-osgidistribution <<<
[INFO] 
[INFO] --- maven-source-plugin:2.2.1:jar (attach-sources) @ owlapi-osgidistribution ---
[INFO] Building jar: /home/travis/build/owlcs/owlapi/osgidistribution/target/owlapi-osgidistribution-5.0.2-sources.jar
[INFO] 
[INFO] --- maven-javadoc-plugin:2.8.1:jar (attach-javadocs) @ owlapi-osgidistribution ---
[INFO] Skipping javadoc generation
[INFO] 
[INFO] --- maven-javadoc-plugin:2.8.1:jar (attach-javadoc) @ owlapi-osgidistribution ---
[INFO] Skipping javadoc generation
[INFO] 
[INFO] --- maven-shade-plugin:2.3:shade (default) @ owlapi-osgidistribution ---
[INFO] Including net.sourceforge.owlapi:owlapi-apibinding:jar:5.0.2 in the shaded jar.
[INFO] Including net.sourceforge.owlapi:owlapi-tools:jar:5.0.2 in the shaded jar.
[INFO] Including net.sourceforge.owlapi:owlapi-impl:jar:5.0.2 in the shaded jar.
[INFO] Including net.sourceforge.owlapi:owlapi-parsers:jar:5.0.2 in the shaded jar.
[INFO] Including net.sourceforge.owlapi:owlapi-oboformat:jar:5.0.2 in the shaded jar.
[INFO] Including net.sourceforge.owlapi:owlapi-rio:jar:5.0.2 in the shaded jar.
[INFO] Excluding org.eclipse.rdf4j:rdf4j-rio-jsonld:jar:2.0M2 from the shaded jar.
[INFO] Including net.sourceforge.owlapi:owlapi-api:jar:5.0.2 in the shaded jar.
[INFO] Excluding com.fasterxml.jackson.core:jackson-core:jar:2.7.5 from the shaded jar.
[INFO] Excluding com.fasterxml.jackson.core:jackson-databind:jar:2.7.5 from the shaded jar.
[INFO] Excluding com.fasterxml.jackson.core:jackson-annotations:jar:2.7.5 from the shaded jar.
[INFO] Including net.sourceforge.owlapi:owlapi-compatibility:jar:5.0.2 in the shaded jar.
[INFO] Excluding org.apache.commons:commons-rdf-api:jar:0.1.0-incubating from the shaded jar.
[INFO] Excluding org.tukaani:xz:jar:1.5 from the shaded jar.
[INFO] Excluding org.eclipse.rdf4j:rdf4j-model:jar:2.0M2 from the shaded jar.
[INFO] Excluding org.eclipse.rdf4j:rdf4j-rio-api:jar:2.0M2 from the shaded jar.
[INFO] Excluding org.eclipse.rdf4j:rdf4j-rio-languages:jar:2.0M2 from the shaded jar.
[INFO] Excluding org.eclipse.rdf4j:rdf4j-rio-datatypes:jar:2.0M2 from the shaded jar.
[INFO] Excluding org.eclipse.rdf4j:rdf4j-rio-binary:jar:2.0M2 from the shaded jar.
[INFO] Excluding org.eclipse.rdf4j:rdf4j-rio-n3:jar:2.0M2 from the shaded jar.
[INFO] Excluding org.eclipse.rdf4j:rdf4j-rio-nquads:jar:2.0M2 from the shaded jar.
[INFO] Excluding org.eclipse.rdf4j:rdf4j-rio-ntriples:jar:2.0M2 from the shaded jar.
[INFO] Excluding org.eclipse.rdf4j:rdf4j-rio-rdfjson:jar:2.0M2 from the shaded jar.
[INFO] Excluding org.eclipse.rdf4j:rdf4j-rio-rdfxml:jar:2.0M2 from the shaded jar.
[INFO] Excluding org.eclipse.rdf4j:rdf4j-rio-trix:jar:2.0M2 from the shaded jar.
[INFO] Excluding org.eclipse.rdf4j:rdf4j-rio-turtle:jar:2.0M2 from the shaded jar.
[INFO] Excluding org.eclipse.rdf4j:rdf4j-rio-trig:jar:2.0M2 from the shaded jar.
[INFO] Excluding org.eclipse.rdf4j:rdf4j-util:jar:2.0M2 from the shaded jar.
[INFO] Excluding com.google.guava:guava:jar:19.0 from the shaded jar.
[INFO] Excluding com.github.jsonld-java:jsonld-java:jar:0.8.3 from the shaded jar.
[INFO] Excluding org.apache.httpcomponents:httpclient-osgi:jar:4.5.2 from the shaded jar.
[INFO] Excluding org.apache.httpcomponents:httpmime:jar:4.5.2 from the shaded jar.
[INFO] Excluding org.apache.httpcomponents:fluent-hc:jar:4.5.2 from the shaded jar.
[INFO] Excluding org.apache.httpcomponents:httpcore-osgi:jar:4.4.5 from the shaded jar.
[INFO] Excluding org.apache.httpcomponents:httpcore-nio:jar:4.4.5 from the shaded jar.
[INFO] Excluding org.slf4j:jcl-over-slf4j:jar:1.7.21 from the shaded jar.
[INFO] Excluding org.apache.httpcomponents:httpclient:jar:4.5.2 from the shaded jar.
[INFO] Excluding org.apache.httpcomponents:httpclient-cache:jar:4.5.2 from the shaded jar.
[INFO] Excluding org.apache.httpcomponents:httpcore:jar:4.4.5 from the shaded jar.
[INFO] Excluding commons-codec:commons-codec:jar:1.10 from the shaded jar.
[INFO] Excluding commons-logging:commons-logging:jar:1.2 from the shaded jar.
[INFO] Excluding org.apache.servicemix.bundles:org.apache.servicemix.bundles.javax-inject:jar:1_2 from the shaded jar.
[INFO] Excluding org.apache.servicemix.bundles:org.apache.servicemix.bundles.aopalliance:jar:1.0_6 from the shaded jar.
[INFO] Excluding com.github.ben-manes.caffeine:caffeine:jar:2.1.0 from the shaded jar.
[INFO] Excluding net.sf.trove4j:trove4j:jar:3.0.3 from the shaded jar.
[INFO] Excluding com.google.inject:guice:jar:4.1.0 from the shaded jar.
[INFO] Excluding javax.inject:javax.inject:jar:1 from the shaded jar.
[INFO] Excluding aopalliance:aopalliance:jar:1.0 from the shaded jar.
[INFO] Excluding com.google.inject.extensions:guice-assistedinject:jar:4.1.0 from the shaded jar.
[INFO] Excluding com.google.inject.extensions:guice-multibindings:jar:4.1.0 from the shaded jar.
[INFO] Excluding com.google.code.findbugs:jsr305:jar:2.0.1 from the shaded jar.
[INFO] Excluding org.slf4j:slf4j-api:jar:1.7.21 from the shaded jar.
[INFO] Excluding commons-io:commons-io:jar:2.4 from the shaded jar.
[WARNING] owlapi-impl-5.0.2.jar, owlapi-osgidistribution-5.0.2.jar define 199 overlappping classes: 
[WARNING]   - org.semanticweb.owlapi.reasoner.impl.OWLNamedIndividualNodeSet
[WARNING]   - uk.ac.manchester.cs.owl.owlapi.SWRLIndividualArgumentImpl
[WARNING]   - uk.ac.manchester.cs.owl.owlapi.InitVisitorFactory$InitIndividualVisitor
[WARNING]   - uk.ac.manchester.cs.owl.owlapi.OWLDataAllValuesFromImpl
[WARNING]   - uk.ac.manchester.cs.owl.owlapi.concurrent.NonConcurrentOWLOntologyBuilder
[WARNING]   - uk.ac.manchester.cs.owl.owlapi.OWLImportsDeclarationImpl
[WARNING]   - uk.ac.manchester.cs.owl.owlapi.OWLSubPropertyAxiomImpl
[WARNING]   - uk.ac.manchester.cs.owl.owlapi.OWLSameIndividualAxiomImpl
[WARNING]   - uk.ac.manchester.cs.owl.owlapi.Internals$RemoveAxiomVisitor
[WARNING]   - uk.ac.manchester.cs.owl.owlapi.SWRLSameIndividualAtomImpl
[WARNING]   - 189 more...
[WARNING] owlapi-parsers-5.0.2.jar, owlapi-osgidistribution-5.0.2.jar define 444 overlappping classes: 
[WARNING]   - org.semanticweb.owlapi.rdf.rdfxml.parser.TripleHandlers$TPOneOfHandler
[WARNING]   - org.semanticweb.owlapi.krss2.renderer.KRSS2SyntaxRenderer
[WARNING]   - org.semanticweb.owlapi.owlxml.parser.DataOneOfEH
[WARNING]   - org.semanticweb.owlapi.rdf.rdfxml.renderer.package-info
[WARNING]   - org.semanticweb.owlapi.rdf.rdfxml.parser.Translators$ObjectMinCardinalityTranslator
[WARNING]   - org.semanticweb.owlapi.rdf.turtle.parser.TurtleParserException
[WARNING]   - org.semanticweb.owlapi.latex.renderer.LatexOWLObjectRenderer
[WARNING]   - org.semanticweb.owlapi.rdf.turtle.parser.OWLRDFConsumerAdapter
[WARNING]   - org.semanticweb.owlapi.owlxml.renderer.OWLXMLObjectRenderer
[WARNING]   - org.semanticweb.owlapi.owlxml.parser.IndividualEH
[WARNING]   - 434 more...
[WARNING] owlapi-rio-5.0.2.jar, owlapi-osgidistribution-5.0.2.jar define 68 overlappping classes: 
[WARNING]   - org.semanticweb.owlapi.formats.N3DocumentFormatFactory
[WARNING]   - org.semanticweb.owlapi.formats.RioTurtleDocumentFormatFactory
[WARNING]   - org.semanticweb.owlapi.rio.RioStorer
[WARNING]   - org.semanticweb.owlapi.rio.RioOWLRDFParser
[WARNING]   - org.semanticweb.owlapi.rio.OWLAPIRDFFormat
[WARNING]   - org.semanticweb.owlapi.formats.N3DocumentFormat
[WARNING]   - org.semanticweb.owlapi.rio.RioFunctionalSyntaxParserFactory
[WARNING]   - org.semanticweb.owlapi.rio.RioTrigStorerFactory
[WARNING]   - org.semanticweb.owlapi.rio.RioManchesterSyntaxParserFactory
[WARNING]   - org.semanticweb.owlapi.rio.AbstractRioStorerFactory
[WARNING]   - 58 more...
[WARNING] owlapi-compatibility-5.0.2.jar, owlapi-osgidistribution-5.0.2.jar define 98 overlappping classes: 
[WARNING]   - org.coode.owlapi.obo12.parser.OBOIdType$1
[WARNING]   - uk.ac.manchester.cs.owlapi.dlsyntax.DLSyntaxHTMLOntologyFormat
[WARNING]   - org.coode.owl.krssparser.KRSSOntologyFormat
[WARNING]   - org.coode.owlapi.obo12.parser.XRefTagHandler
[WARNING]   - org.coode.owlapi.obo12.parser.IDSpaceTagValueHandler
[WARNING]   - org.coode.owlapi.obo12.parser.OBOIdTranslator
[WARNING]   - org.coode.owlapi.obo12.parser.OntologyTagValueHandler
[WARNING]   - org.coode.owlapi.obo12.parser.OBOIdType$OBOIIdTranslator
[WARNING]   - org.coode.owlapi.obo12.parser.OBO12DocumentFormat
[WARNING]   - org.coode.owlapi.obo12.parser.PartOfTagValueHandler
[WARNING]   - 88 more...
[WARNING] owlapi-api-5.0.2.jar, owlapi-osgidistribution-5.0.2.jar define 906 overlappping classes: 
[WARNING]   - org.semanticweb.owlapi.model.OWLPropertyAssertionObject
[WARNING]   - org.semanticweb.owlapi.model.OWLAnonymousClassExpression
[WARNING]   - org.semanticweb.owlapi.model.HasApplyChange
[WARNING]   - org.semanticweb.owlapi.util.InferredIndividualAxiomGenerator
[WARNING]   - org.semanticweb.owlapi.model.SWRLDArgument
[WARNING]   - org.semanticweb.owlapi.util.OWLOntologyWalkerVisitor
[WARNING]   - org.semanticweb.owlapi.model.providers.ExistentialProvider
[WARNING]   - org.semanticweb.owlapi.model.axiomproviders.PropertyCharacteristicAxiomProvider
[WARNING]   - org.semanticweb.owlapi.model.OWLObjectPropertyDomainAxiom
[WARNING]   - org.semanticweb.owlapi.io.SystemOutDocumentTarget
[WARNING]   - 896 more...
[WARNING] owlapi-oboformat-5.0.2.jar, owlapi-osgidistribution-5.0.2.jar define 76 overlappping classes: 
[WARNING]   - org.obolibrary.oboformat.parser.OBOFormatException
[WARNING]   - org.obolibrary.obo2owl.OWLAPIOwl2Obo
[WARNING]   - org.obolibrary.macro.MacroExpansionGCIVisitor$MacroExpansions
[WARNING]   - org.obolibrary.oboformat.diff.Diff
[WARNING]   - org.semanticweb.owlapi.oboformat.OBOFormatRenderer$1
[WARNING]   - org.obolibrary.obo2owl.IdTranslator
[WARNING]   - org.obolibrary.oboformat.model.Clause
[WARNING]   - org.obolibrary.oboformat.parser.XrefExpander$ReverseGenusDifferentiaExpansion
[WARNING]   - org.obolibrary.owl.LabelFunctionalSyntaxStorer
[WARNING]   - org.obolibrary.oboformat.model.FrameStructureException
[WARNING]   - 66 more...
[WARNING] owlapi-apibinding-5.0.2.jar, owlapi-osgidistribution-5.0.2.jar define 3 overlappping classes: 
[WARNING]   - org.semanticweb.owlapi.apibinding.OWLManager
[WARNING]   - org.semanticweb.owlapi.apibinding.package-info
[WARNING]   - org.semanticweb.owlapi.apibinding.OWLFunctionalSyntaxFactory
[WARNING] owlapi-osgidistribution-5.0.2.jar, owlapi-tools-5.0.2.jar define 136 overlappping classes: 
[WARNING]   - com.clarkparsia.owlapi.explanation.util.SilentExplanationProgressMonitor
[WARNING]   - uk.ac.manchester.cs.atomicdecomposition.package-info
[WARNING]   - uk.ac.manchester.cs.factplusplusad.OntologyBasedModularizer
[WARNING]   - org.semanticweb.owlapi.metrics.HiddenGCICount
[WARNING]   - org.semanticweb.owlapitools.decomposition.Modularizer
[WARNING]   - com.clarkparsia.owlapi.modularity.locality.SemanticLocalityEvaluator
[WARNING]   - uk.ac.manchester.cs.factplusplusad.Signature
[WARNING]   - org.semanticweb.owlapi.metrics.DoubleValuedMetric
[WARNING]   - org.semanticweb.owlapitools.decomposition.SigIndex
[WARNING]   - com.clarkparsia.owlapi.explanation.io.ExplanationRenderer
[WARNING]   - 126 more...
[WARNING] maven-shade-plugin has detected that some .class files
[WARNING] are present in two or more JARs. When this happens, only
[WARNING] one single version of the class is copied in the uberjar.
[WARNING] Usually this is not harmful and you can skeep these
[WARNING] warnings, otherwise try to manually exclude artifacts
[WARNING] based on mvn dependency:tree -Ddetail=true and the above
[WARNING] output
[WARNING] See http://docs.codehaus.org/display/MAVENUSER/Shade+Plugin
[INFO] Replacing original artifact with shaded artifact.
[INFO] Replacing /home/travis/build/owlcs/owlapi/osgidistribution/target/owlapi-osgidistribution-5.0.2.jar with /home/travis/build/owlcs/owlapi/osgidistribution/target/owlapi-osgidistribution-5.0.2-shaded.jar
[INFO] Dependency-reduced POM written at: /home/travis/build/owlcs/owlapi/osgidistribution/dependency-reduced-pom.xml
[INFO] 
[INFO] --- maven-assembly-plugin:2.4:single (attach-sources) @ owlapi-osgidistribution ---
[INFO] Reading assembly descriptor: src/assembly/sources.xml
[INFO] Building jar: /home/travis/build/owlcs/owlapi/osgidistribution/target/owlapi-osgidistribution-5.0.2-sources.jar
[INFO] 
[INFO] --- maven-failsafe-plugin:2.18.1:integration-test (default) @ owlapi-osgidistribution ---
[INFO] Tests are skipped.
[INFO] 
[INFO] --- maven-failsafe-plugin:2.18.1:verify (default) @ owlapi-osgidistribution ---
[INFO] Tests are skipped.
[INFO] 
[INFO] --- maven-install-plugin:2.5.2:install (default-install) @ owlapi-osgidistribution ---
[INFO] Installing /home/travis/build/owlcs/owlapi/osgidistribution/target/owlapi-osgidistribution-5.0.2.jar to /home/travis/.m2/repository/net/sourceforge/owlapi/owlapi-osgidistribution/5.0.2/owlapi-osgidistribution-5.0.2.jar
[INFO] Installing /home/travis/build/owlcs/owlapi/osgidistribution/dependency-reduced-pom.xml to /home/travis/.m2/repository/net/sourceforge/owlapi/owlapi-osgidistribution/5.0.2/owlapi-osgidistribution-5.0.2.pom
[INFO] Installing /home/travis/build/owlcs/owlapi/osgidistribution/target/owlapi-osgidistribution-5.0.2-sources.jar to /home/travis/.m2/repository/net/sourceforge/owlapi/owlapi-osgidistribution/5.0.2/owlapi-osgidistribution-5.0.2-sources.jar
[INFO] Installing /home/travis/build/owlcs/owlapi/osgidistribution/target/owlapi-osgidistribution-5.0.2-sources.jar to /home/travis/.m2/repository/net/sourceforge/owlapi/owlapi-osgidistribution/5.0.2/owlapi-osgidistribution-5.0.2-sources.jar
[INFO] 
[INFO] --- maven-bundle-plugin:2.5.3:install (default-install) @ owlapi-osgidistribution ---
[INFO] Installing net/sourceforge/owlapi/owlapi-osgidistribution/5.0.2/owlapi-osgidistribution-5.0.2.jar
[INFO] Installing net/sourceforge/owlapi/owlapi-osgidistribution/5.0.2/owlapi-osgidistribution-5.0.2-sources.jar
[INFO] Writing OBR metadata
[INFO] ------------------------------------------------------------------------
[INFO] Reactor Summary:
[INFO] 
[INFO] OWLAPI ............................................. SUCCESS [  5.765 s]
[INFO] OWLAPI :: Interfaces ............................... SUCCESS [ 30.971 s]
[INFO] OWLAPI :: Default Implementation ................... SUCCESS [  9.772 s]
[INFO] OWLAPI :: Atomic Decomposition and Explanation ..... SUCCESS [  2.935 s]
[INFO] OWLAPI :: Parsers .................................. SUCCESS [  6.521 s]
[INFO] OWLAPI :: OBO Format ............................... SUCCESS [  0.731 s]
[INFO] OWLAPI :: RDF4J Rio ................................ SUCCESS [  1.560 s]
[INFO] OWLAPI :: Binding and Config ....................... SUCCESS [  0.330 s]
[INFO] OWLAPI :: Compatibility ............................ SUCCESS [  1.226 s]
[INFO] OWLAPI :: Tests and Tutorials ...................... SUCCESS [  7.128 s]
[INFO] OWLAPI :: Distribution ............................. SUCCESS [  9.205 s]
[INFO] OWLAPI :: OSGi and Compatibility Distribution ...... SUCCESS [  8.123 s]
[INFO] ------------------------------------------------------------------------
[INFO] BUILD SUCCESS
[INFO] ------------------------------------------------------------------------
[INFO] Total time: 01:27 min
[INFO] Finished at: 2016-07-06T02:58:05+00:00
[INFO] Final Memory: 55M/412M
[INFO] ------------------------------------------------------------------------

travis_time:end:0548c18a:start=1467773796062239902,finish=1467773888032291352,duration=91970051450[0Ktravis_fold:end:install[0Ktravis_time:start:07fe3310[0K$ mvn verify
Java HotSpot(TM) 64-Bit Server VM warning: ignoring option MaxPermSize=192m; support was removed in 8.0
[INFO] Scanning for projects...
[INFO] Inspecting build with total of 12 modules...
[INFO] Installing Nexus Staging features:
[INFO]   ... total of 12 executions of maven-deploy-plugin replaced with nexus-staging-maven-plugin
[INFO] ------------------------------------------------------------------------
[INFO] Reactor Build Order:
[INFO] 
[INFO] OWLAPI
[INFO] OWLAPI :: Interfaces
[INFO] OWLAPI :: Default Implementation
[INFO] OWLAPI :: Atomic Decomposition and Explanation
[INFO] OWLAPI :: Parsers
[INFO] OWLAPI :: OBO Format
[INFO] OWLAPI :: RDF4J Rio
[INFO] OWLAPI :: Binding and Config
[INFO] OWLAPI :: Compatibility
[INFO] OWLAPI :: Tests and Tutorials
[INFO] OWLAPI :: Distribution
[INFO] OWLAPI :: OSGi and Compatibility Distribution
[INFO]                                                                         
[INFO] ------------------------------------------------------------------------
[INFO] Building OWLAPI 5.0.2
[INFO] ------------------------------------------------------------------------
[INFO] 
[INFO] --- maven-enforcer-plugin:1.0:enforce (enforce-maven) @ owlapi-parent ---
[INFO] 
[INFO] >>> maven-source-plugin:2.2.1:jar (attach-sources) > generate-sources @ owlapi-parent >>>
[INFO] 
[INFO] --- maven-enforcer-plugin:1.0:enforce (enforce-maven) @ owlapi-parent ---
[INFO] 
[INFO] <<< maven-source-plugin:2.2.1:jar (attach-sources) < generate-sources @ owlapi-parent <<<
[INFO] 
[INFO] --- maven-source-plugin:2.2.1:jar (attach-sources) @ owlapi-parent ---
[INFO] 
[INFO] --- maven-javadoc-plugin:2.8.1:jar (attach-javadocs) @ owlapi-parent ---
[INFO] Skipping javadoc generation
[INFO] 
[INFO] --- maven-failsafe-plugin:2.18.1:integration-test (default) @ owlapi-parent ---
[INFO] No tests to run.
[INFO] 
[INFO] --- maven-failsafe-plugin:2.18.1:verify (default) @ owlapi-parent ---
[INFO] No tests to run.
[INFO]                                                                         
[INFO] ------------------------------------------------------------------------
[INFO] Building OWLAPI :: Interfaces 5.0.2
[INFO] ------------------------------------------------------------------------
[INFO] 
[INFO] --- maven-enforcer-plugin:1.0:enforce (enforce-maven) @ owlapi-api ---
[INFO] 
[INFO] --- maven-resources-plugin:2.6:resources (default-resources) @ owlapi-api ---
[INFO] Using 'UTF-8' encoding to copy filtered resources.
[INFO] skip non existing resourceDirectory /home/travis/build/owlcs/owlapi/api/src/main/resources
[INFO] 
[INFO] --- maven-compiler-plugin:3.2:compile (default-compile) @ owlapi-api ---
[INFO] Changes detected - recompiling the module!
[INFO] Compiling 838 source files to /home/travis/build/owlcs/owlapi/api/target/classes
[INFO] /home/travis/build/owlcs/owlapi/api/src/main/java/org/semanticweb/owlapi/model/OWLDeclarationAxiom.java: Some input files use unchecked or unsafe operations.
[INFO] /home/travis/build/owlcs/owlapi/api/src/main/java/org/semanticweb/owlapi/model/OWLDeclarationAxiom.java: Recompile with -Xlint:unchecked for details.
[INFO] 
[INFO] --- maven-resources-plugin:2.6:testResources (default-testResources) @ owlapi-api ---
[INFO] Using 'UTF-8' encoding to copy filtered resources.
[INFO] Copying 1 resource
[INFO] 
[INFO] --- maven-compiler-plugin:3.2:testCompile (default-testCompile) @ owlapi-api ---
[INFO] Nothing to compile - all classes are up to date
[INFO] 
[INFO] --- maven-surefire-plugin:2.18.1:test (default-test) @ owlapi-api ---
[INFO] Surefire report directory: /home/travis/build/owlcs/owlapi/api/target/surefire-reports

-------------------------------------------------------
 T E S T S
-------------------------------------------------------
Tests run: 885, Failures: 0, Errors: 0, Skipped: 4

[INFO] 
[INFO] --- maven-jar-plugin:2.4:jar (default-jar) @ owlapi-api ---
[INFO] Building jar: /home/travis/build/owlcs/owlapi/api/target/owlapi-api-5.0.2.jar
[INFO] 
[INFO] >>> maven-source-plugin:2.2.1:jar (attach-sources) > generate-sources @ owlapi-api >>>
[INFO] 
[INFO] --- maven-enforcer-plugin:1.0:enforce (enforce-maven) @ owlapi-api ---
[INFO] 
[INFO] <<< maven-source-plugin:2.2.1:jar (attach-sources) < generate-sources @ owlapi-api <<<
[INFO] 
[INFO] --- maven-source-plugin:2.2.1:jar (attach-sources) @ owlapi-api ---
[INFO] Building jar: /home/travis/build/owlcs/owlapi/api/target/owlapi-api-5.0.2-sources.jar
[INFO] 
[INFO] --- maven-javadoc-plugin:2.8.1:jar (attach-javadocs) @ owlapi-api ---
[INFO] Skipping javadoc generation
[INFO] 
[INFO] --- maven-failsafe-plugin:2.18.1:integration-test (default) @ owlapi-api ---
[INFO] 
[INFO] --- maven-failsafe-plugin:2.18.1:verify (default) @ owlapi-api ---
[INFO] Failsafe report directory: /home/travis/build/owlcs/owlapi/api/target/failsafe-reports
[INFO]                                                                         
[INFO] ------------------------------------------------------------------------
[INFO] Building OWLAPI :: Default Implementation 5.0.2
[INFO] ------------------------------------------------------------------------
[INFO] 
[INFO] --- maven-enforcer-plugin:1.0:enforce (enforce-maven) @ owlapi-impl ---
[INFO] 
[INFO] --- maven-resources-plugin:2.6:resources (default-resources) @ owlapi-impl ---
[INFO] Using 'UTF-8' encoding to copy filtered resources.
[INFO] skip non existing resourceDirectory /home/travis/build/owlcs/owlapi/impl/src/main/resources
[INFO] 
[INFO] --- maven-compiler-plugin:3.2:compile (default-compile) @ owlapi-impl ---
[INFO] Nothing to compile - all classes are up to date
[INFO] 
[INFO] --- maven-resources-plugin:2.6:testResources (default-testResources) @ owlapi-impl ---
[INFO] Using 'UTF-8' encoding to copy filtered resources.
[INFO] skip non existing resourceDirectory /home/travis/build/owlcs/owlapi/impl/src/test/resources
[INFO] 
[INFO] --- maven-compiler-plugin:3.2:testCompile (default-testCompile) @ owlapi-impl ---
[INFO] Nothing to compile - all classes are up to date
[INFO] 
[INFO] --- maven-surefire-plugin:2.18.1:test (default-test) @ owlapi-impl ---
[INFO] Surefire report directory: /home/travis/build/owlcs/owlapi/impl/target/surefire-reports

-------------------------------------------------------
 T E S T S
-------------------------------------------------------
[main] WARN uk.ac.manchester.cs.owl.owlapi.OWLOntologyManagerImpl - Runtime Warning: Parsers should load imported ontologies using the makeImportLoadRequest method.
[main] WARN uk.ac.manchester.cs.owl.owlapi.OWLOntologyManagerImpl - Runtime Warning: Parsers should load imported ontologies using the makeImportLoadRequest method.
Tests run: 547, Failures: 0, Errors: 0, Skipped: 0

[INFO] 
[INFO] --- maven-jar-plugin:2.4:jar (default-jar) @ owlapi-impl ---
[INFO] 
[INFO] >>> maven-source-plugin:2.2.1:jar (attach-sources) > generate-sources @ owlapi-impl >>>
[INFO] 
[INFO] --- maven-enforcer-plugin:1.0:enforce (enforce-maven) @ owlapi-impl ---
[INFO] 
[INFO] <<< maven-source-plugin:2.2.1:jar (attach-sources) < generate-sources @ owlapi-impl <<<
[INFO] 
[INFO] --- maven-source-plugin:2.2.1:jar (attach-sources) @ owlapi-impl ---
[INFO] Building jar: /home/travis/build/owlcs/owlapi/impl/target/owlapi-impl-5.0.2-sources.jar
[INFO] 
[INFO] --- maven-javadoc-plugin:2.8.1:jar (attach-javadocs) @ owlapi-impl ---
[INFO] Skipping javadoc generation
[INFO] 
[INFO] --- maven-failsafe-plugin:2.18.1:integration-test (default) @ owlapi-impl ---
[INFO] 
[INFO] --- maven-failsafe-plugin:2.18.1:verify (default) @ owlapi-impl ---
[INFO] Failsafe report directory: /home/travis/build/owlcs/owlapi/impl/target/failsafe-reports
[INFO]                                                                         
[INFO] ------------------------------------------------------------------------
[INFO] Building OWLAPI :: Atomic Decomposition and Explanation 5.0.2
[INFO] ------------------------------------------------------------------------
[INFO] 
[INFO] --- maven-enforcer-plugin:1.0:enforce (enforce-maven) @ owlapi-tools ---
[INFO] 
[INFO] --- maven-resources-plugin:2.6:resources (default-resources) @ owlapi-tools ---
[INFO] Using 'UTF-8' encoding to copy filtered resources.
[INFO] skip non existing resourceDirectory /home/travis/build/owlcs/owlapi/tools/src/main/resources
[INFO] 
[INFO] --- maven-compiler-plugin:3.2:compile (default-compile) @ owlapi-tools ---
[INFO] Nothing to compile - all classes are up to date
[INFO] 
[INFO] --- maven-resources-plugin:2.6:testResources (default-testResources) @ owlapi-tools ---
[INFO] Using 'UTF-8' encoding to copy filtered resources.
[INFO] skip non existing resourceDirectory /home/travis/build/owlcs/owlapi/tools/src/test/resources
[INFO] 
[INFO] --- maven-compiler-plugin:3.2:testCompile (default-testCompile) @ owlapi-tools ---
[INFO] No sources to compile
[INFO] 
[INFO] --- maven-surefire-plugin:2.18.1:test (default-test) @ owlapi-tools ---
[INFO] No tests to run.
[INFO] 
[INFO] --- maven-jar-plugin:2.4:jar (default-jar) @ owlapi-tools ---
[INFO] 
[INFO] >>> maven-source-plugin:2.2.1:jar (attach-sources) > generate-sources @ owlapi-tools >>>
[INFO] 
[INFO] --- maven-enforcer-plugin:1.0:enforce (enforce-maven) @ owlapi-tools ---
[INFO] 
[INFO] <<< maven-source-plugin:2.2.1:jar (attach-sources) < generate-sources @ owlapi-tools <<<
[INFO] 
[INFO] --- maven-source-plugin:2.2.1:jar (attach-sources) @ owlapi-tools ---
[INFO] Building jar: /home/travis/build/owlcs/owlapi/tools/target/owlapi-tools-5.0.2-sources.jar
[INFO] 
[INFO] --- maven-javadoc-plugin:2.8.1:jar (attach-javadocs) @ owlapi-tools ---
[INFO] Skipping javadoc generation
[INFO] 
[INFO] --- maven-failsafe-plugin:2.18.1:integration-test (default) @ owlapi-tools ---
[INFO] No tests to run.
[INFO] 
[INFO] --- maven-failsafe-plugin:2.18.1:verify (default) @ owlapi-tools ---
[INFO] No tests to run.
[INFO]                                                                         
[INFO] ------------------------------------------------------------------------
[INFO] Building OWLAPI :: Parsers 5.0.2
[INFO] ------------------------------------------------------------------------
[INFO] 
[INFO] --- maven-enforcer-plugin:1.0:enforce (enforce-maven) @ owlapi-parsers ---
[INFO] 
[INFO] --- maven-resources-plugin:2.6:resources (default-resources) @ owlapi-parsers ---
[INFO] Using 'UTF-8' encoding to copy filtered resources.
[INFO] Copying 2 resources
[INFO] 
[INFO] --- maven-compiler-plugin:3.2:compile (default-compile) @ owlapi-parsers ---
[INFO] Changes detected - recompiling the module!
[INFO] Compiling 195 source files to /home/travis/build/owlcs/owlapi/parsers/target/classes
[INFO] /home/travis/build/owlcs/owlapi/parsers/src/main/java/org/semanticweb/owlapi/functional/parser/OWLFunctionalSyntaxParser.java: Some input files use or override a deprecated API.
[INFO] /home/travis/build/owlcs/owlapi/parsers/src/main/java/org/semanticweb/owlapi/functional/parser/OWLFunctionalSyntaxParser.java: Recompile with -Xlint:deprecation for details.
[INFO] /home/travis/build/owlcs/owlapi/parsers/src/main/java/org/semanticweb/owlapi/owlxml/parser/PARSER_OWLXMLVocabulary.java: /home/travis/build/owlcs/owlapi/parsers/src/main/java/org/semanticweb/owlapi/owlxml/parser/PARSER_OWLXMLVocabulary.java uses unchecked or unsafe operations.
[INFO] /home/travis/build/owlcs/owlapi/parsers/src/main/java/org/semanticweb/owlapi/owlxml/parser/PARSER_OWLXMLVocabulary.java: Recompile with -Xlint:unchecked for details.
[INFO] 
[INFO] --- maven-resources-plugin:2.6:testResources (default-testResources) @ owlapi-parsers ---
[INFO] Using 'UTF-8' encoding to copy filtered resources.
[INFO] skip non existing resourceDirectory /home/travis/build/owlcs/owlapi/parsers/src/test/resources
[INFO] 
[INFO] --- maven-compiler-plugin:3.2:testCompile (default-testCompile) @ owlapi-parsers ---
[INFO] Nothing to compile - all classes are up to date
[INFO] 
[INFO] --- maven-surefire-plugin:2.18.1:test (default-test) @ owlapi-parsers ---
[INFO] Surefire report directory: /home/travis/build/owlcs/owlapi/parsers/target/surefire-reports

-------------------------------------------------------
 T E S T S
-------------------------------------------------------
Tests run: 2, Failures: 0, Errors: 0, Skipped: 0

[INFO] 
[INFO] --- maven-jar-plugin:2.4:jar (default-jar) @ owlapi-parsers ---
[INFO] Building jar: /home/travis/build/owlcs/owlapi/parsers/target/owlapi-parsers-5.0.2.jar
[INFO] 
[INFO] >>> maven-source-plugin:2.2.1:jar (attach-sources) > generate-sources @ owlapi-parsers >>>
[INFO] 
[INFO] --- maven-enforcer-plugin:1.0:enforce (enforce-maven) @ owlapi-parsers ---
[INFO] 
[INFO] <<< maven-source-plugin:2.2.1:jar (attach-sources) < generate-sources @ owlapi-parsers <<<
[INFO] 
[INFO] --- maven-source-plugin:2.2.1:jar (attach-sources) @ owlapi-parsers ---
[INFO] Building jar: /home/travis/build/owlcs/owlapi/parsers/target/owlapi-parsers-5.0.2-sources.jar
[INFO] 
[INFO] --- maven-javadoc-plugin:2.8.1:jar (attach-javadocs) @ owlapi-parsers ---
[INFO] Skipping javadoc generation
[INFO] 
[INFO] --- maven-failsafe-plugin:2.18.1:integration-test (default) @ owlapi-parsers ---
[INFO] 
[INFO] --- maven-failsafe-plugin:2.18.1:verify (default) @ owlapi-parsers ---
[INFO] Failsafe report directory: /home/travis/build/owlcs/owlapi/parsers/target/failsafe-reports
[INFO]                                                                         
[INFO] ------------------------------------------------------------------------
[INFO] Building OWLAPI :: OBO Format 5.0.2
[INFO] ------------------------------------------------------------------------
[INFO] 
[INFO] --- maven-enforcer-plugin:1.0:enforce (enforce-maven) @ owlapi-oboformat ---
[INFO] 
[INFO] --- maven-resources-plugin:2.6:resources (default-resources) @ owlapi-oboformat ---
[INFO] Using 'UTF-8' encoding to copy filtered resources.
[INFO] Copying 2 resources
[INFO] 
[INFO] --- maven-compiler-plugin:3.2:compile (default-compile) @ owlapi-oboformat ---
[INFO] Nothing to compile - all classes are up to date
[INFO] 
[INFO] --- maven-resources-plugin:2.6:testResources (default-testResources) @ owlapi-oboformat ---
[INFO] Using 'UTF-8' encoding to copy filtered resources.
[INFO] skip non existing resourceDirectory /home/travis/build/owlcs/owlapi/oboformat/src/test/resources
[INFO] 
[INFO] --- maven-compiler-plugin:3.2:testCompile (default-testCompile) @ owlapi-oboformat ---
[INFO] Nothing to compile - all classes are up to date
[INFO] 
[INFO] --- maven-surefire-plugin:2.18.1:test (default-test) @ owlapi-oboformat ---
[INFO] Surefire report directory: /home/travis/build/owlcs/owlapi/oboformat/target/surefire-reports

-------------------------------------------------------
 T E S T S
-------------------------------------------------------
Tests run: 1, Failures: 0, Errors: 0, Skipped: 0

[INFO] 
[INFO] --- maven-jar-plugin:2.4:jar (default-jar) @ owlapi-oboformat ---
[INFO] 
[INFO] >>> maven-source-plugin:2.2.1:jar (attach-sources) > generate-sources @ owlapi-oboformat >>>
[INFO] 
[INFO] --- maven-enforcer-plugin:1.0:enforce (enforce-maven) @ owlapi-oboformat ---
[INFO] 
[INFO] <<< maven-source-plugin:2.2.1:jar (attach-sources) < generate-sources @ owlapi-oboformat <<<
[INFO] 
[INFO] --- maven-source-plugin:2.2.1:jar (attach-sources) @ owlapi-oboformat ---
[INFO] Building jar: /home/travis/build/owlcs/owlapi/oboformat/target/owlapi-oboformat-5.0.2-sources.jar
[INFO] 
[INFO] --- maven-javadoc-plugin:2.8.1:jar (attach-javadocs) @ owlapi-oboformat ---
[INFO] Skipping javadoc generation
[INFO] 
[INFO] --- maven-failsafe-plugin:2.18.1:integration-test (default) @ owlapi-oboformat ---
[INFO] 
[INFO] --- maven-failsafe-plugin:2.18.1:verify (default) @ owlapi-oboformat ---
[INFO] Failsafe report directory: /home/travis/build/owlcs/owlapi/oboformat/target/failsafe-reports
[INFO]                                                                         
[INFO] ------------------------------------------------------------------------
[INFO] Building OWLAPI :: RDF4J Rio 5.0.2
[INFO] ------------------------------------------------------------------------
[INFO] 
[INFO] --- maven-enforcer-plugin:1.0:enforce (enforce-maven) @ owlapi-rio ---
[INFO] 
[INFO] --- maven-resources-plugin:2.6:resources (default-resources) @ owlapi-rio ---
[INFO] Using 'UTF-8' encoding to copy filtered resources.
[INFO] Copying 4 resources
[INFO] 
[INFO] --- maven-compiler-plugin:3.2:compile (default-compile) @ owlapi-rio ---
[INFO] Nothing to compile - all classes are up to date
[INFO] 
[INFO] --- maven-resources-plugin:2.6:testResources (default-testResources) @ owlapi-rio ---
[INFO] Using 'UTF-8' encoding to copy filtered resources.
[INFO] skip non existing resourceDirectory /home/travis/build/owlcs/owlapi/rio/src/test/resources
[INFO] 
[INFO] --- maven-compiler-plugin:3.2:testCompile (default-testCompile) @ owlapi-rio ---
[INFO] No sources to compile
[INFO] 
[INFO] --- maven-surefire-plugin:2.18.1:test (default-test) @ owlapi-rio ---
[INFO] No tests to run.
[INFO] 
[INFO] --- maven-jar-plugin:2.4:jar (default-jar) @ owlapi-rio ---
[INFO] 
[INFO] >>> maven-source-plugin:2.2.1:jar (attach-sources) > generate-sources @ owlapi-rio >>>
[INFO] 
[INFO] --- maven-enforcer-plugin:1.0:enforce (enforce-maven) @ owlapi-rio ---
[INFO] 
[INFO] <<< maven-source-plugin:2.2.1:jar (attach-sources) < generate-sources @ owlapi-rio <<<
[INFO] 
[INFO] --- maven-source-plugin:2.2.1:jar (attach-sources) @ owlapi-rio ---
[INFO] Building jar: /home/travis/build/owlcs/owlapi/rio/target/owlapi-rio-5.0.2-sources.jar
[INFO] 
[INFO] --- maven-javadoc-plugin:2.8.1:jar (attach-javadocs) @ owlapi-rio ---
[INFO] Skipping javadoc generation
[INFO] 
[INFO] --- maven-failsafe-plugin:2.18.1:integration-test (default) @ owlapi-rio ---
[INFO] No tests to run.
[INFO] 
[INFO] --- maven-failsafe-plugin:2.18.1:verify (default) @ owlapi-rio ---
[INFO] No tests to run.
[INFO]                                                                         
[INFO] ------------------------------------------------------------------------
[INFO] Building OWLAPI :: Binding and Config 5.0.2
[INFO] ------------------------------------------------------------------------
[INFO] 
[INFO] --- maven-enforcer-plugin:1.0:enforce (enforce-maven) @ owlapi-apibinding ---
[INFO] 
[INFO] --- maven-resources-plugin:2.6:resources (default-resources) @ owlapi-apibinding ---
[INFO] Using 'UTF-8' encoding to copy filtered resources.
[INFO] Copying 1 resource
[INFO] 
[INFO] --- maven-compiler-plugin:3.2:compile (default-compile) @ owlapi-apibinding ---
[INFO] Nothing to compile - all classes are up to date
[INFO] 
[INFO] --- maven-resources-plugin:2.6:testResources (default-testResources) @ owlapi-apibinding ---
[INFO] Using 'UTF-8' encoding to copy filtered resources.
[INFO] skip non existing resourceDirectory /home/travis/build/owlcs/owlapi/apibinding/src/test/resources
[INFO] 
[INFO] --- maven-compiler-plugin:3.2:testCompile (default-testCompile) @ owlapi-apibinding ---
[INFO] No sources to compile
[INFO] 
[INFO] --- maven-surefire-plugin:2.18.1:test (default-test) @ owlapi-apibinding ---
[INFO] No tests to run.
[INFO] 
[INFO] --- maven-jar-plugin:2.4:jar (default-jar) @ owlapi-apibinding ---
[INFO] 
[INFO] >>> maven-source-plugin:2.2.1:jar (attach-sources) > generate-sources @ owlapi-apibinding >>>
[INFO] 
[INFO] --- maven-enforcer-plugin:1.0:enforce (enforce-maven) @ owlapi-apibinding ---
[INFO] 
[INFO] <<< maven-source-plugin:2.2.1:jar (attach-sources) < generate-sources @ owlapi-apibinding <<<
[INFO] 
[INFO] --- maven-source-plugin:2.2.1:jar (attach-sources) @ owlapi-apibinding ---
[INFO] Building jar: /home/travis/build/owlcs/owlapi/apibinding/target/owlapi-apibinding-5.0.2-sources.jar
[INFO] 
[INFO] --- maven-javadoc-plugin:2.8.1:jar (attach-javadocs) @ owlapi-apibinding ---
[INFO] Skipping javadoc generation
[INFO] 
[INFO] --- maven-failsafe-plugin:2.18.1:integration-test (default) @ owlapi-apibinding ---
[INFO] No tests to run.
[INFO] 
[INFO] --- maven-failsafe-plugin:2.18.1:verify (default) @ owlapi-apibinding ---
[INFO] No tests to run.
[INFO]                                                                         
[INFO] ------------------------------------------------------------------------
[INFO] Building OWLAPI :: Compatibility 5.0.2
[INFO] ------------------------------------------------------------------------
[INFO] 
[INFO] --- maven-enforcer-plugin:1.0:enforce (enforce-maven) @ owlapi-compatibility ---
[INFO] 
[INFO] --- maven-resources-plugin:2.6:resources (default-resources) @ owlapi-compatibility ---
[INFO] Using 'UTF-8' encoding to copy filtered resources.
[INFO] Copying 1 resource
[INFO] 
[INFO] --- maven-compiler-plugin:3.2:compile (default-compile) @ owlapi-compatibility ---
[INFO] Nothing to compile - all classes are up to date
[INFO] 
[INFO] --- maven-resources-plugin:2.6:testResources (default-testResources) @ owlapi-compatibility ---
[INFO] Using 'UTF-8' encoding to copy filtered resources.
[INFO] skip non existing resourceDirectory /home/travis/build/owlcs/owlapi/compatibility/src/test/resources
[INFO] 
[INFO] --- maven-compiler-plugin:3.2:testCompile (default-testCompile) @ owlapi-compatibility ---
[INFO] No sources to compile
[INFO] 
[INFO] --- maven-surefire-plugin:2.18.1:test (default-test) @ owlapi-compatibility ---
[INFO] No tests to run.
[INFO] 
[INFO] --- maven-jar-plugin:2.4:jar (default-jar) @ owlapi-compatibility ---
[INFO] 
[INFO] >>> maven-source-plugin:2.2.1:jar (attach-sources) > generate-sources @ owlapi-compatibility >>>
[INFO] 
[INFO] --- maven-enforcer-plugin:1.0:enforce (enforce-maven) @ owlapi-compatibility ---
[INFO] 
[INFO] <<< maven-source-plugin:2.2.1:jar (attach-sources) < generate-sources @ owlapi-compatibility <<<
[INFO] 
[INFO] --- maven-source-plugin:2.2.1:jar (attach-sources) @ owlapi-compatibility ---
[INFO] Building jar: /home/travis/build/owlcs/owlapi/compatibility/target/owlapi-compatibility-5.0.2-sources.jar
[INFO] 
[INFO] --- maven-javadoc-plugin:2.8.1:jar (attach-javadocs) @ owlapi-compatibility ---
[INFO] Skipping javadoc generation
[INFO] 
[INFO] --- maven-failsafe-plugin:2.18.1:integration-test (default) @ owlapi-compatibility ---
[INFO] No tests to run.
[INFO] 
[INFO] --- maven-failsafe-plugin:2.18.1:verify (default) @ owlapi-compatibility ---
[INFO] No tests to run.
[INFO]                                                                         
[INFO] ------------------------------------------------------------------------
[INFO] Building OWLAPI :: Tests and Tutorials 5.0.2
[INFO] ------------------------------------------------------------------------
[INFO] 
[INFO] --- maven-enforcer-plugin:1.0:enforce (enforce-maven) @ owlapi-contract ---
[INFO] 
[INFO] --- maven-resources-plugin:2.6:resources (default-resources) @ owlapi-contract ---
[INFO] Using 'UTF-8' encoding to copy filtered resources.
[INFO] skip non existing resourceDirectory /home/travis/build/owlcs/owlapi/contract/src/main/resources
[INFO] 
[INFO] --- maven-compiler-plugin:3.2:compile (default-compile) @ owlapi-contract ---
[INFO] Changes detected - recompiling the module!
[INFO] Compiling 9 source files to /home/travis/build/owlcs/owlapi/contract/target/classes
[INFO] 
[INFO] --- maven-resources-plugin:2.6:testResources (default-testResources) @ owlapi-contract ---
[INFO] Using 'UTF-8' encoding to copy filtered resources.
[INFO] Copying 172 resources
[INFO] 
[INFO] --- maven-compiler-plugin:3.2:testCompile (default-testCompile) @ owlapi-contract ---
[INFO] Nothing to compile - all classes are up to date
[INFO] 
[INFO] --- maven-surefire-plugin:2.18.1:test (default-test) @ owlapi-contract ---
[INFO] Surefire report directory: /home/travis/build/owlcs/owlapi/contract/target/surefire-reports

-------------------------------------------------------
 T E S T S
-------------------------------------------------------
[Fatal Error] :1:1: Content is not allowed in prolog.
[Fatal Error] :1:1: Content is not allowed in prolog.
[Fatal Error] :1:1: Content is not allowed in prolog.
[Fatal Error] :1:1: Content is not allowed in prolog.
[Fatal Error] :1:1: Content is not allowed in prolog.
[Fatal Error] :1:1: Content is not allowed in prolog.
[Fatal Error] :1:1: Content is not allowed in prolog.
[Fatal Error] :1:1: Content is not allowed in prolog.
[Fatal Error] :1:1: Content is not allowed in prolog.
[Fatal Error] :1:1: Content is not allowed in prolog.
[Fatal Error] :1:1: Content is not allowed in prolog.
[Fatal Error] :1:1: Content is not allowed in prolog.
[Fatal Error] :1:1: Content is not allowed in prolog.
[Fatal Error] :1:1: Content is not allowed in prolog.
[Fatal Error] :1:1: Content is not allowed in prolog.
[Fatal Error] :1:1: Content is not allowed in prolog.
[Fatal Error] :1:1: Content is not allowed in prolog.
[Fatal Error] :1:1: Content is not allowed in prolog.
[Fatal Error] :1:1: Content is not allowed in prolog.
[Fatal Error] :1:1: Content is not allowed in prolog.
2016-07-06 03:00:07:570 +0000 [Time-limited test] ERROR uk.ac.manchester.cs.owl.owlapi.OWLOntologyManagerImpl - OWLOntologyManagerImpl.checkForOntologyIDChange() existing:Ontology(OntologyID(OntologyIRI(<http://www.semanticweb.org/ontologies/ontologyA>) VersionIRI(<null>))) [Axioms: 1 Logical Axioms: 0] First 20 axioms: {Declaration(Class(<urn:test:testclass>)) }
2016-07-06 03:00:07:571 +0000 [Time-limited test] ERROR uk.ac.manchester.cs.owl.owlapi.OWLOntologyManagerImpl - OWLOntologyManagerImpl.checkForOntologyIDChange() new:Ontology(OntologyID(OntologyIRI(<http://www.semanticweb.org/ontologies/ontologyB>) VersionIRI(<null>))) [Axioms: 0 Logical Axioms: 0] First 20 axioms: {}
2016-07-06 03:00:07:728 +0000 [Time-limited test] ERROR uk.ac.manchester.cs.owl.owlapi.OWLOntologyManagerImpl - OWLOntologyManagerImpl.checkForOntologyIDChange() existing:Ontology(OntologyID(OntologyIRI(<http://www.semanticweb.org/ontologies/ontologyA>) VersionIRI(<null>))) [Axioms: 1 Logical Axioms: 0] First 20 axioms: {Declaration(Class(<http://www.semanticweb.org/ontologies/ontologyA#A>)) }
2016-07-06 03:00:07:728 +0000 [Time-limited test] ERROR uk.ac.manchester.cs.owl.owlapi.OWLOntologyManagerImpl - OWLOntologyManagerImpl.checkForOntologyIDChange() new:Ontology(OntologyID(Anonymous-9214)) [Axioms: 0 Logical Axioms: 0] First 20 axioms: {}
roundtrip fail: KRSS2 Syntax AnnotationAssertion(Annotation(<urn:test#ann> "test"^^xsd:string) <urn:test#ann> <urn:test#iri> "false"^^xsd:boolean)
roundtrip fail: KRSS Syntax AnnotationAssertion(Annotation(<urn:test#ann> "test"^^xsd:string) <urn:test#ann> <urn:test#iri> "false"^^xsd:boolean)
parse fail: DL Syntax Format AnnotationAssertion(Annotation(<urn:test#ann> "test"^^xsd:string) <urn:test#ann> <urn:test#iri> "false"^^xsd:boolean)
roundtrip fail: Manchester OWL Syntax AnnotationAssertion(Annotation(<urn:test#ann> "test"^^xsd:string) <urn:test#ann> <urn:test#iri> "false"^^xsd:boolean)
roundtrip fail: KRSS2 Syntax AsymmetricObjectProperty(Annotation(<urn:test#ann> "test"^^xsd:string) <urn:test#op>)
parse fail: KRSS Syntax AsymmetricObjectProperty(Annotation(<urn:test#ann> "test"^^xsd:string) <urn:test#op>)
parse fail: DL Syntax Format AsymmetricObjectProperty(Annotation(<urn:test#ann> "test"^^xsd:string) <urn:test#op>)
roundtrip fail: KRSS2 Syntax AnnotationPropertyDomain(<urn:test#ann> <urn:test#iri>)
roundtrip fail: KRSS Syntax AnnotationPropertyDomain(<urn:test#ann> <urn:test#iri>)
parse fail: DL Syntax Format AnnotationPropertyDomain(<urn:test#ann> <urn:test#iri>)
roundtrip fail: KRSS2 Syntax AnnotationPropertyRange(<urn:test#ann> <urn:test#iri>)
roundtrip fail: KRSS Syntax AnnotationPropertyRange(<urn:test#ann> <urn:test#iri>)
parse fail: DL Syntax Format AnnotationPropertyRange(<urn:test#ann> <urn:test#iri>)
roundtrip fail: KRSS2 Syntax ClassAssertion(Annotation(<urn:test#ann> "test"^^xsd:string) <urn:test#c> <urn:test#i>)
parse fail: KRSS Syntax ClassAssertion(Annotation(<urn:test#ann> "test"^^xsd:string) <urn:test#c> <urn:test#i>)
parse fail: DL Syntax Format ClassAssertion(Annotation(<urn:test#ann> "test"^^xsd:string) <urn:test#c> <urn:test#i>)
roundtrip fail: KRSS2 Syntax ClassAssertion(Annotation(<urn:test#ann> "test"^^xsd:string) ObjectIntersectionOf(<urn:test#c> <urn:test#iri>) <urn:test#i>)
parse fail: KRSS Syntax ClassAssertion(Annotation(<urn:test#ann> "test"^^xsd:string) ObjectIntersectionOf(<urn:test#c> <urn:test#iri>) <urn:test#i>)
parse fail: DL Syntax Format ClassAssertion(Annotation(<urn:test#ann> "test"^^xsd:string) ObjectIntersectionOf(<urn:test#c> <urn:test#iri>) <urn:test#i>)
roundtrip fail: KRSS2 Syntax ClassAssertion(Annotation(<urn:test#ann> "test"^^xsd:string) ObjectUnionOf(<urn:test#c> <urn:test#iri>) <urn:test#i>)
parse fail: KRSS Syntax ClassAssertion(Annotation(<urn:test#ann> "test"^^xsd:string) ObjectUnionOf(<urn:test#c> <urn:test#iri>) <urn:test#i>)
parse fail: DL Syntax Format ClassAssertion(Annotation(<urn:test#ann> "test"^^xsd:string) ObjectUnionOf(<urn:test#c> <urn:test#iri>) <urn:test#i>)
roundtrip fail: KRSS2 Syntax DataPropertyRange(Annotation(<urn:test#ann> "test"^^xsd:string) <urn:test#dp> DataIntersectionOf(<urn:test#datatype> DataOneOf("false"^^xsd:boolean ) ))
roundtrip fail: KRSS Syntax DataPropertyRange(Annotation(<urn:test#ann> "test"^^xsd:string) <urn:test#dp> DataIntersectionOf(<urn:test#datatype> DataOneOf("false"^^xsd:boolean ) ))
roundtrip fail: DL Syntax Format DataPropertyRange(Annotation(<urn:test#ann> "test"^^xsd:string) <urn:test#dp> DataIntersectionOf(<urn:test#datatype> DataOneOf("false"^^xsd:boolean ) ))
roundtrip fail: KRSS2 Syntax DataPropertyRange(Annotation(<urn:test#ann> "test"^^xsd:string) <urn:test#dp> DataUnionOf(<urn:test#datatype> DataOneOf("false"^^xsd:boolean ) ))
roundtrip fail: KRSS Syntax DataPropertyRange(Annotation(<urn:test#ann> "test"^^xsd:string) <urn:test#dp> DataUnionOf(<urn:test#datatype> DataOneOf("false"^^xsd:boolean ) ))
roundtrip fail: DL Syntax Format DataPropertyRange(Annotation(<urn:test#ann> "test"^^xsd:string) <urn:test#dp> DataUnionOf(<urn:test#datatype> DataOneOf("false"^^xsd:boolean ) ))
roundtrip fail: KRSS2 Syntax ClassAssertion(Annotation(<urn:test#ann> "test"^^xsd:string) ObjectComplementOf(<urn:test#c>) <urn:test#i>)
parse fail: KRSS Syntax ClassAssertion(Annotation(<urn:test#ann> "test"^^xsd:string) ObjectComplementOf(<urn:test#c>) <urn:test#i>)
parse fail: DL Syntax Format ClassAssertion(Annotation(<urn:test#ann> "test"^^xsd:string) ObjectComplementOf(<urn:test#c>) <urn:test#i>)
roundtrip fail: KRSS2 Syntax ClassAssertion(Annotation(<urn:test#ann> "test"^^xsd:string) ObjectComplementOf(<urn:test#c>) _:id)
parse fail: KRSS Syntax ClassAssertion(Annotation(<urn:test#ann> "test"^^xsd:string) ObjectComplementOf(<urn:test#c>) _:id)
parse fail: DL Syntax Format ClassAssertion(Annotation(<urn:test#ann> "test"^^xsd:string) ObjectComplementOf(<urn:test#c>) _:id)
roundtrip fail: KRSS2 Syntax ClassAssertion(Annotation(<urn:test#ann> "test"^^xsd:string) ObjectSomeValuesFrom(<urn:test#op> <urn:test#c>) <urn:test#i>)
parse fail: KRSS Syntax ClassAssertion(Annotation(<urn:test#ann> "test"^^xsd:string) ObjectSomeValuesFrom(<urn:test#op> <urn:test#c>) <urn:test#i>)
parse fail: DL Syntax Format ClassAssertion(Annotation(<urn:test#ann> "test"^^xsd:string) ObjectSomeValuesFrom(<urn:test#op> <urn:test#c>) <urn:test#i>)
roundtrip fail: KRSS2 Syntax ClassAssertion(Annotation(<urn:test#ann> "test"^^xsd:string) ObjectAllValuesFrom(<urn:test#op> <urn:test#c>) <urn:test#i>)
parse fail: KRSS Syntax ClassAssertion(Annotation(<urn:test#ann> "test"^^xsd:string) ObjectAllValuesFrom(<urn:test#op> <urn:test#c>) <urn:test#i>)
parse fail: DL Syntax Format ClassAssertion(Annotation(<urn:test#ann> "test"^^xsd:string) ObjectAllValuesFrom(<urn:test#op> <urn:test#c>) <urn:test#i>)
roundtrip fail: KRSS2 Syntax ClassAssertion(Annotation(<urn:test#ann> "test"^^xsd:string) ObjectHasValue(<urn:test#op> <urn:test#i>) <urn:test#i>)
parse fail: KRSS Syntax ClassAssertion(Annotation(<urn:test#ann> "test"^^xsd:string) ObjectHasValue(<urn:test#op> <urn:test#i>) <urn:test#i>)
parse fail: DL Syntax Format ClassAssertion(Annotation(<urn:test#ann> "test"^^xsd:string) ObjectHasValue(<urn:test#op> <urn:test#i>) <urn:test#i>)
roundtrip fail: KRSS2 Syntax ClassAssertion(Annotation(<urn:test#ann> "test"^^xsd:string) ObjectMinCardinality(1 <urn:test#op> <urn:test#c>) <urn:test#i>)
parse fail: KRSS Syntax ClassAssertion(Annotation(<urn:test#ann> "test"^^xsd:string) ObjectMinCardinality(1 <urn:test#op> <urn:test#c>) <urn:test#i>)
parse fail: DL Syntax Format ClassAssertion(Annotation(<urn:test#ann> "test"^^xsd:string) ObjectMinCardinality(1 <urn:test#op> <urn:test#c>) <urn:test#i>)
roundtrip fail: KRSS2 Syntax ClassAssertion(Annotation(<urn:test#ann> "test"^^xsd:string) ObjectMaxCardinality(1 <urn:test#op> <urn:test#c>) <urn:test#i>)
parse fail: KRSS Syntax ClassAssertion(Annotation(<urn:test#ann> "test"^^xsd:string) ObjectMaxCardinality(1 <urn:test#op> <urn:test#c>) <urn:test#i>)
parse fail: DL Syntax Format ClassAssertion(Annotation(<urn:test#ann> "test"^^xsd:string) ObjectMaxCardinality(1 <urn:test#op> <urn:test#c>) <urn:test#i>)
roundtrip fail: KRSS2 Syntax ClassAssertion(Annotation(<urn:test#ann> "test"^^xsd:string) ObjectExactCardinality(1 <urn:test#op> <urn:test#c>) <urn:test#i>)
parse fail: KRSS Syntax ClassAssertion(Annotation(<urn:test#ann> "test"^^xsd:string) ObjectExactCardinality(1 <urn:test#op> <urn:test#c>) <urn:test#i>)
parse fail: DL Syntax Format ClassAssertion(Annotation(<urn:test#ann> "test"^^xsd:string) ObjectExactCardinality(1 <urn:test#op> <urn:test#c>) <urn:test#i>)
roundtrip fail: KRSS2 Syntax ClassAssertion(Annotation(<urn:test#ann> "test"^^xsd:string) ObjectHasSelf(<urn:test#op>) <urn:test#i>)
parse fail: KRSS Syntax ClassAssertion(Annotation(<urn:test#ann> "test"^^xsd:string) ObjectHasSelf(<urn:test#op>) <urn:test#i>)
parse fail: DL Syntax Format ClassAssertion(Annotation(<urn:test#ann> "test"^^xsd:string) ObjectHasSelf(<urn:test#op>) <urn:test#i>)
roundtrip fail: KRSS2 Syntax ClassAssertion(Annotation(<urn:test#ann> "test"^^xsd:string) ObjectOneOf(<urn:test#i>) <urn:test#i>)
parse fail: KRSS Syntax ClassAssertion(Annotation(<urn:test#ann> "test"^^xsd:string) ObjectOneOf(<urn:test#i>) <urn:test#i>)
parse fail: DL Syntax Format ClassAssertion(Annotation(<urn:test#ann> "test"^^xsd:string) ObjectOneOf(<urn:test#i>) <urn:test#i>)
roundtrip fail: KRSS2 Syntax ClassAssertion(Annotation(<urn:test#ann> "test"^^xsd:string) DataSomeValuesFrom(<urn:test#dp> <urn:test#datatype>) <urn:test#i>)
parse fail: KRSS Syntax ClassAssertion(Annotation(<urn:test#ann> "test"^^xsd:string) DataSomeValuesFrom(<urn:test#dp> <urn:test#datatype>) <urn:test#i>)
parse fail: DL Syntax Format ClassAssertion(Annotation(<urn:test#ann> "test"^^xsd:string) DataSomeValuesFrom(<urn:test#dp> <urn:test#datatype>) <urn:test#i>)
roundtrip fail: KRSS2 Syntax ClassAssertion(Annotation(<urn:test#ann> "test"^^xsd:string) DataAllValuesFrom(<urn:test#dp> <urn:test#datatype>) <urn:test#i>)
parse fail: KRSS Syntax ClassAssertion(Annotation(<urn:test#ann> "test"^^xsd:string) DataAllValuesFrom(<urn:test#dp> <urn:test#datatype>) <urn:test#i>)
parse fail: DL Syntax Format ClassAssertion(Annotation(<urn:test#ann> "test"^^xsd:string) DataAllValuesFrom(<urn:test#dp> <urn:test#datatype>) <urn:test#i>)
roundtrip fail: KRSS2 Syntax ClassAssertion(Annotation(<urn:test#ann> "test"^^xsd:string) DataHasValue(<urn:test#dp> "false"^^xsd:boolean) <urn:test#i>)
parse fail: KRSS Syntax ClassAssertion(Annotation(<urn:test#ann> "test"^^xsd:string) DataHasValue(<urn:test#dp> "false"^^xsd:boolean) <urn:test#i>)
parse fail: DL Syntax Format ClassAssertion(Annotation(<urn:test#ann> "test"^^xsd:string) DataHasValue(<urn:test#dp> "false"^^xsd:boolean) <urn:test#i>)
roundtrip fail: KRSS2 Syntax ClassAssertion(Annotation(<urn:test#ann> "test"^^xsd:string) DataMinCardinality(1 <urn:test#dp> <urn:test#datatype>) <urn:test#i>)
parse fail: KRSS Syntax ClassAssertion(Annotation(<urn:test#ann> "test"^^xsd:string) DataMinCardinality(1 <urn:test#dp> <urn:test#datatype>) <urn:test#i>)
parse fail: DL Syntax Format ClassAssertion(Annotation(<urn:test#ann> "test"^^xsd:string) DataMinCardinality(1 <urn:test#dp> <urn:test#datatype>) <urn:test#i>)
roundtrip fail: KRSS2 Syntax ClassAssertion(Annotation(<urn:test#ann> "test"^^xsd:string) DataMaxCardinality(1 <urn:test#dp> <urn:test#datatype>) <urn:test#i>)
parse fail: KRSS Syntax ClassAssertion(Annotation(<urn:test#ann> "test"^^xsd:string) DataMaxCardinality(1 <urn:test#dp> <urn:test#datatype>) <urn:test#i>)
parse fail: DL Syntax Format ClassAssertion(Annotation(<urn:test#ann> "test"^^xsd:string) DataMaxCardinality(1 <urn:test#dp> <urn:test#datatype>) <urn:test#i>)
roundtrip fail: KRSS2 Syntax ClassAssertion(Annotation(<urn:test#ann> "test"^^xsd:string) DataExactCardinality(1 <urn:test#dp> <urn:test#datatype>) <urn:test#i>)
parse fail: KRSS Syntax ClassAssertion(Annotation(<urn:test#ann> "test"^^xsd:string) DataExactCardinality(1 <urn:test#dp> <urn:test#datatype>) <urn:test#i>)
parse fail: DL Syntax Format ClassAssertion(Annotation(<urn:test#ann> "test"^^xsd:string) DataExactCardinality(1 <urn:test#dp> <urn:test#datatype>) <urn:test#i>)
roundtrip fail: KRSS2 Syntax DataPropertyRange(Annotation(<urn:test#ann> "test"^^xsd:string) <urn:test#dp> DataOneOf("false"^^xsd:boolean ))
roundtrip fail: KRSS Syntax DataPropertyRange(Annotation(<urn:test#ann> "test"^^xsd:string) <urn:test#dp> DataOneOf("false"^^xsd:boolean ))
roundtrip fail: DL Syntax Format DataPropertyRange(Annotation(<urn:test#ann> "test"^^xsd:string) <urn:test#dp> DataOneOf("false"^^xsd:boolean ))
roundtrip fail: KRSS2 Syntax DataPropertyRange(Annotation(<urn:test#ann> "test"^^xsd:string) <urn:test#dp> DataComplementOf(DataOneOf("false"^^xsd:boolean )))
roundtrip fail: KRSS Syntax DataPropertyRange(Annotation(<urn:test#ann> "test"^^xsd:string) <urn:test#dp> DataComplementOf(DataOneOf("false"^^xsd:boolean )))
roundtrip fail: DL Syntax Format DataPropertyRange(Annotation(<urn:test#ann> "test"^^xsd:string) <urn:test#dp> DataComplementOf(DataOneOf("false"^^xsd:boolean )))
roundtrip fail: KRSS2 Syntax DataPropertyRange(Annotation(<urn:test#ann> "test"^^xsd:string) <urn:test#dp> DataRangeRestriction(xsd:double facetRestriction(minExclusive "5.0"^^xsd:double) facetRestriction(maxExclusive "6.0"^^xsd:double)))
roundtrip fail: KRSS Syntax DataPropertyRange(Annotation(<urn:test#ann> "test"^^xsd:string) <urn:test#dp> DataRangeRestriction(xsd:double facetRestriction(minExclusive "5.0"^^xsd:double) facetRestriction(maxExclusive "6.0"^^xsd:double)))
parse fail: DL Syntax Format DataPropertyRange(Annotation(<urn:test#ann> "test"^^xsd:string) <urn:test#dp> DataRangeRestriction(xsd:double facetRestriction(minExclusive "5.0"^^xsd:double) facetRestriction(maxExclusive "6.0"^^xsd:double)))
roundtrip fail: KRSS2 Syntax DataPropertyAssertion(Annotation(<urn:test#ann> "test"^^xsd:string) <urn:test#dp> <urn:test#i> "false"^^xsd:boolean)
roundtrip fail: KRSS Syntax DataPropertyAssertion(Annotation(<urn:test#ann> "test"^^xsd:string) <urn:test#dp> <urn:test#i> "false"^^xsd:boolean)
parse fail: DL Syntax Format DataPropertyAssertion(Annotation(<urn:test#ann> "test"^^xsd:string) <urn:test#dp> <urn:test#i> "false"^^xsd:boolean)
roundtrip fail: KRSS2 Syntax DataPropertyAssertion(Annotation(<urn:test#ann> "test"^^xsd:string) <urn:test#dp> <urn:test#i> "string"@en)
roundtrip fail: KRSS Syntax DataPropertyAssertion(Annotation(<urn:test#ann> "test"^^xsd:string) <urn:test#dp> <urn:test#i> "string"@en)
parse fail: DL Syntax Format DataPropertyAssertion(Annotation(<urn:test#ann> "test"^^xsd:string) <urn:test#dp> <urn:test#i> "string"@en)
roundtrip fail: KRSS2 Syntax DataPropertyDomain(Annotation(<urn:test#ann> "test"^^xsd:string) <urn:test#dp> <urn:test#c>)
parse fail: KRSS Syntax DataPropertyDomain(Annotation(<urn:test#ann> "test"^^xsd:string) <urn:test#dp> <urn:test#c>)
parse fail: DL Syntax Format DataPropertyDomain(Annotation(<urn:test#ann> "test"^^xsd:string) <urn:test#dp> <urn:test#c>)
roundtrip fail: KRSS2 Syntax DataPropertyRange(Annotation(<urn:test#ann> "test"^^xsd:string) <urn:test#dp> <urn:test#datatype>)
roundtrip fail: KRSS Syntax DataPropertyRange(Annotation(<urn:test#ann> "test"^^xsd:string) <urn:test#dp> <urn:test#datatype>)
roundtrip fail: DL Syntax Format DataPropertyRange(Annotation(<urn:test#ann> "test"^^xsd:string) <urn:test#dp> <urn:test#datatype>)
roundtrip fail: KRSS2 Syntax DatatypeDefinition(Annotation(<urn:test#ann> "test"^^xsd:string) <urn:test#datatype> xsd:double)
roundtrip fail: KRSS Syntax DatatypeDefinition(Annotation(<urn:test#ann> "test"^^xsd:string) <urn:test#datatype> xsd:double)
parse fail: DL Syntax Format DatatypeDefinition(Annotation(<urn:test#ann> "test"^^xsd:string) <urn:test#datatype> xsd:double)
roundtrip fail: KRSS2 Syntax Declaration(Annotation(<urn:test#ann> "test"^^xsd:string) Class(<urn:test#c>))
parse fail: KRSS Syntax Declaration(Annotation(<urn:test#ann> "test"^^xsd:string) Class(<urn:test#c>))
parse fail: DL Syntax Format Declaration(Annotation(<urn:test#ann> "test"^^xsd:string) Class(<urn:test#c>))
parse fail: KRSS Syntax Declaration(Annotation(<urn:test#ann> "test"^^xsd:string) ObjectProperty(<urn:test#op>))
parse fail: DL Syntax Format Declaration(Annotation(<urn:test#ann> "test"^^xsd:string) ObjectProperty(<urn:test#op>))
roundtrip fail: KRSS2 Syntax Declaration(Annotation(<urn:test#ann> "test"^^xsd:string) DataProperty(<urn:test#dp>))
roundtrip fail: KRSS Syntax Declaration(Annotation(<urn:test#ann> "test"^^xsd:string) DataProperty(<urn:test#dp>))
parse fail: DL Syntax Format Declaration(Annotation(<urn:test#ann> "test"^^xsd:string) DataProperty(<urn:test#dp>))
roundtrip fail: KRSS2 Syntax Declaration(Annotation(<urn:test#ann> "test"^^xsd:string) Datatype(<urn:test#datatype>))
roundtrip fail: KRSS Syntax Declaration(Annotation(<urn:test#ann> "test"^^xsd:string) Datatype(<urn:test#datatype>))
parse fail: DL Syntax Format Declaration(Annotation(<urn:test#ann> "test"^^xsd:string) Datatype(<urn:test#datatype>))
roundtrip fail: KRSS2 Syntax Declaration(Annotation(<urn:test#ann> "test"^^xsd:string) AnnotationProperty(<urn:test#ann>))
roundtrip fail: KRSS Syntax Declaration(Annotation(<urn:test#ann> "test"^^xsd:string) AnnotationProperty(<urn:test#ann>))
parse fail: DL Syntax Format Declaration(Annotation(<urn:test#ann> "test"^^xsd:string) AnnotationProperty(<urn:test#ann>))
roundtrip fail: KRSS2 Syntax Declaration(Annotation(<urn:test#ann> "test"^^xsd:string) NamedIndividual(<urn:test#i>))
roundtrip fail: KRSS Syntax Declaration(Annotation(<urn:test#ann> "test"^^xsd:string) NamedIndividual(<urn:test#i>))
parse fail: DL Syntax Format Declaration(Annotation(<urn:test#ann> "test"^^xsd:string) NamedIndividual(<urn:test#i>))
roundtrip fail: KRSS2 Syntax DifferentIndividuals(<urn:test#i> <urn:test#iri> )
parse fail: KRSS Syntax DifferentIndividuals(<urn:test#i> <urn:test#iri> )
roundtrip fail: DL Syntax Format DifferentIndividuals(<urn:test#i> <urn:test#iri> )
roundtrip fail: KRSS2 Syntax DisjointClasses(<urn:test#c> <urn:test#iri>)
parse fail: KRSS Syntax DisjointClasses(<urn:test#c> <urn:test#iri>)
parse fail: DL Syntax Format DisjointClasses(<urn:test#c> <urn:test#iri>)
roundtrip fail: KRSS2 Syntax DisjointDataProperties(Annotation(<urn:test#ann> "test"^^xsd:string) <urn:test#dp> <urn:test#iri> )
roundtrip fail: KRSS Syntax DisjointDataProperties(Annotation(<urn:test#ann> "test"^^xsd:string) <urn:test#dp> <urn:test#iri> )
parse fail: DL Syntax Format DisjointDataProperties(Annotation(<urn:test#ann> "test"^^xsd:string) <urn:test#dp> <urn:test#iri> )
roundtrip fail: KRSS2 Syntax DisjointObjectProperties(Annotation(<urn:test#ann> "test"^^xsd:string) <urn:test#iri> <urn:test#op> )
parse fail: KRSS Syntax DisjointObjectProperties(Annotation(<urn:test#ann> "test"^^xsd:string) <urn:test#iri> <urn:test#op> )
parse fail: DL Syntax Format DisjointObjectProperties(Annotation(<urn:test#ann> "test"^^xsd:string) <urn:test#iri> <urn:test#op> )
roundtrip fail: KRSS2 Syntax DisjointUnion(Annotation(<urn:test#ann> "test"^^xsd:string) <urn:test#c> <urn:test#c> <urn:test#iri> )
parse fail: KRSS Syntax DisjointUnion(Annotation(<urn:test#ann> "test"^^xsd:string) <urn:test#c> <urn:test#c> <urn:test#iri> )
parse fail: DL Syntax Format DisjointUnion(Annotation(<urn:test#ann> "test"^^xsd:string) <urn:test#c> <urn:test#c> <urn:test#iri> )
parse fail: KRSS Syntax EquivalentClasses(Annotation(<urn:test#ann> "test"^^xsd:string) <urn:test#c> <urn:test#iri> )
parse fail: DL Syntax Format EquivalentClasses(Annotation(<urn:test#ann> "test"^^xsd:string) <urn:test#c> <urn:test#iri> )
roundtrip fail: KRSS2 Syntax EquivalentDataProperties(Annotation(<urn:test#ann> "test"^^xsd:string) <urn:test#dp> <urn:test#iri> )
roundtrip fail: KRSS Syntax EquivalentDataProperties(Annotation(<urn:test#ann> "test"^^xsd:string) <urn:test#dp> <urn:test#iri> )
parse fail: DL Syntax Format EquivalentDataProperties(Annotation(<urn:test#ann> "test"^^xsd:string) <urn:test#dp> <urn:test#iri> )
roundtrip fail: KRSS2 Syntax EquivalentObjectProperties(Annotation(<urn:test#ann> "test"^^xsd:string) <urn:test#iri> <urn:test#op> )
parse fail: KRSS Syntax EquivalentObjectProperties(Annotation(<urn:test#ann> "test"^^xsd:string) <urn:test#iri> <urn:test#op> )
parse fail: DL Syntax Format EquivalentObjectProperties(Annotation(<urn:test#ann> "test"^^xsd:string) <urn:test#iri> <urn:test#op> )
roundtrip fail: KRSS2 Syntax FunctionalDataProperty(Annotation(<urn:test#ann> "test"^^xsd:string) <urn:test#dp>)
roundtrip fail: KRSS Syntax FunctionalDataProperty(Annotation(<urn:test#ann> "test"^^xsd:string) <urn:test#dp>)
roundtrip fail: DL Syntax Format FunctionalDataProperty(Annotation(<urn:test#ann> "test"^^xsd:string) <urn:test#dp>)
roundtrip fail: KRSS2 Syntax FunctionalObjectProperty(Annotation(<urn:test#ann> "test"^^xsd:string) <urn:test#op>)
parse fail: KRSS Syntax FunctionalObjectProperty(Annotation(<urn:test#ann> "test"^^xsd:string) <urn:test#op>)
roundtrip fail: DL Syntax Format FunctionalObjectProperty(Annotation(<urn:test#ann> "test"^^xsd:string) <urn:test#op>)
roundtrip fail: KRSS2 Syntax InverseFunctionalObjectProperty(Annotation(<urn:test#ann> "test"^^xsd:string) <urn:test#op>)
parse fail: KRSS Syntax InverseFunctionalObjectProperty(Annotation(<urn:test#ann> "test"^^xsd:string) <urn:test#op>)
roundtrip fail: DL Syntax Format InverseFunctionalObjectProperty(Annotation(<urn:test#ann> "test"^^xsd:string) <urn:test#op>)
roundtrip fail: KRSS2 Syntax InverseObjectProperties(Annotation(<urn:test#ann> "test"^^xsd:string) <urn:test#op> <urn:test#op>)
parse fail: KRSS Syntax InverseObjectProperties(Annotation(<urn:test#ann> "test"^^xsd:string) <urn:test#op> <urn:test#op>)
parse fail: DL Syntax Format InverseObjectProperties(Annotation(<urn:test#ann> "test"^^xsd:string) <urn:test#op> <urn:test#op>)
roundtrip fail: KRSS2 Syntax IrreflexiveObjectProperty(Annotation(<urn:test#ann> "test"^^xsd:string) <urn:test#op>)
parse fail: KRSS Syntax IrreflexiveObjectProperty(Annotation(<urn:test#ann> "test"^^xsd:string) <urn:test#op>)
parse fail: DL Syntax Format IrreflexiveObjectProperty(Annotation(<urn:test#ann> "test"^^xsd:string) <urn:test#op>)
roundtrip fail: KRSS2 Syntax NegativeDataPropertyAssertion(Annotation(<urn:test#ann> "test"^^xsd:string) <urn:test#dp> <urn:test#i> "false"^^xsd:boolean)
roundtrip fail: KRSS Syntax NegativeDataPropertyAssertion(Annotation(<urn:test#ann> "test"^^xsd:string) <urn:test#dp> <urn:test#i> "false"^^xsd:boolean)
parse fail: DL Syntax Format NegativeDataPropertyAssertion(Annotation(<urn:test#ann> "test"^^xsd:string) <urn:test#dp> <urn:test#i> "false"^^xsd:boolean)
roundtrip fail: KRSS2 Syntax NegativeObjectPropertyAssertion(Annotation(<urn:test#ann> "test"^^xsd:string) <urn:test#op> <urn:test#i> <urn:test#i>)
parse fail: KRSS Syntax NegativeObjectPropertyAssertion(Annotation(<urn:test#ann> "test"^^xsd:string) <urn:test#op> <urn:test#i> <urn:test#i>)
parse fail: DL Syntax Format NegativeObjectPropertyAssertion(Annotation(<urn:test#ann> "test"^^xsd:string) <urn:test#op> <urn:test#i> <urn:test#i>)
roundtrip fail: KRSS2 Syntax ObjectPropertyAssertion(Annotation(<urn:test#ann> "test"^^xsd:string) <urn:test#op> <urn:test#i> <urn:test#i>)
parse fail: KRSS Syntax ObjectPropertyAssertion(Annotation(<urn:test#ann> "test"^^xsd:string) <urn:test#op> <urn:test#i> <urn:test#i>)
parse fail: DL Syntax Format ObjectPropertyAssertion(Annotation(<urn:test#ann> "test"^^xsd:string) <urn:test#op> <urn:test#i> <urn:test#i>)
roundtrip fail: KRSS2 Syntax ObjectPropertyAssertion(Annotation(<urn:test#ann> "test"^^xsd:string) InverseOf(<urn:test#op>) <urn:test#i> <urn:test#i>)
parse fail: KRSS Syntax ObjectPropertyAssertion(Annotation(<urn:test#ann> "test"^^xsd:string) InverseOf(<urn:test#op>) <urn:test#i> <urn:test#i>)
parse fail: DL Syntax Format ObjectPropertyAssertion(Annotation(<urn:test#ann> "test"^^xsd:string) InverseOf(<urn:test#op>) <urn:test#i> <urn:test#i>)
roundtrip fail: KRSS2 Syntax ObjectPropertyAssertion(Annotation(<urn:test#ann> "test"^^xsd:string) InverseOf(<urn:test#op>) <urn:test#i> <urn:test#j>)
parse fail: KRSS Syntax ObjectPropertyAssertion(Annotation(<urn:test#ann> "test"^^xsd:string) InverseOf(<urn:test#op>) <urn:test#i> <urn:test#j>)
parse fail: DL Syntax Format ObjectPropertyAssertion(Annotation(<urn:test#ann> "test"^^xsd:string) InverseOf(<urn:test#op>) <urn:test#i> <urn:test#j>)
parse fail: KRSS Syntax ObjectPropertyDomain(Annotation(<urn:test#ann> "test"^^xsd:string) <urn:test#op> <urn:test#c>)
parse fail: DL Syntax Format ObjectPropertyDomain(Annotation(<urn:test#ann> "test"^^xsd:string) <urn:test#op> <urn:test#c>)
parse fail: KRSS2 Syntax ObjectPropertyRange(Annotation(<urn:test#ann> "test"^^xsd:string) <urn:test#op> <urn:test#c>)
parse fail: KRSS Syntax ObjectPropertyRange(Annotation(<urn:test#ann> "test"^^xsd:string) <urn:test#op> <urn:test#c>)
parse fail: DL Syntax Format ObjectPropertyRange(Annotation(<urn:test#ann> "test"^^xsd:string) <urn:test#op> <urn:test#c>)
roundtrip fail: KRSS2 Syntax SubObjectPropertyOf(Annotation(<urn:test#ann> "test"^^xsd:string) ObjectPropertyChain( <urn:test#iri> <urn:test#op> ) <urn:test#op>)
parse fail: KRSS Syntax SubObjectPropertyOf(Annotation(<urn:test#ann> "test"^^xsd:string) ObjectPropertyChain( <urn:test#iri> <urn:test#op> ) <urn:test#op>)
parse fail: DL Syntax Format SubObjectPropertyOf(Annotation(<urn:test#ann> "test"^^xsd:string) ObjectPropertyChain( <urn:test#iri> <urn:test#op> ) <urn:test#op>)
roundtrip fail: KRSS2 Syntax ReflexiveObjectProperty(Annotation(<urn:test#ann> "test"^^xsd:string) <urn:test#op>)
parse fail: KRSS Syntax ReflexiveObjectProperty(Annotation(<urn:test#ann> "test"^^xsd:string) <urn:test#op>)
roundtrip fail: DL Syntax Format ReflexiveObjectProperty(Annotation(<urn:test#ann> "test"^^xsd:string) <urn:test#op>)
roundtrip fail: KRSS2 Syntax SameIndividual(Annotation(<urn:test#ann> "test"^^xsd:string) <urn:test#i> <urn:test#iri> )
parse fail: KRSS Syntax SameIndividual(Annotation(<urn:test#ann> "test"^^xsd:string) <urn:test#i> <urn:test#iri> )
parse fail: DL Syntax Format SameIndividual(Annotation(<urn:test#ann> "test"^^xsd:string) <urn:test#i> <urn:test#iri> )
roundtrip fail: KRSS2 Syntax SubAnnotationPropertyOf(Annotation(<urn:test#ann> "test"^^xsd:string) <urn:test#ann> rdfs:label)
roundtrip fail: KRSS Syntax SubAnnotationPropertyOf(Annotation(<urn:test#ann> "test"^^xsd:string) <urn:test#ann> rdfs:label)
parse fail: DL Syntax Format SubAnnotationPropertyOf(Annotation(<urn:test#ann> "test"^^xsd:string) <urn:test#ann> rdfs:label)
parse fail: KRSS Syntax SubClassOf(Annotation(<urn:test#ann> "test"^^xsd:string) <urn:test#c> owl:Thing)
parse fail: DL Syntax Format SubClassOf(Annotation(<urn:test#ann> "test"^^xsd:string) <urn:test#c> owl:Thing)
roundtrip fail: KRSS2 Syntax SubDataPropertyOf(<urn:test#dp> owl:topDataProperty)
roundtrip fail: KRSS Syntax SubDataPropertyOf(<urn:test#dp> owl:topDataProperty)
parse fail: DL Syntax Format SubDataPropertyOf(<urn:test#dp> owl:topDataProperty)
parse fail: KRSS2 Syntax SubObjectPropertyOf(Annotation(<urn:test#ann> "test"^^xsd:string) <urn:test#op> owl:topObjectProperty)
parse fail: KRSS Syntax SubObjectPropertyOf(Annotation(<urn:test#ann> "test"^^xsd:string) <urn:test#op> owl:topObjectProperty)
parse fail: DL Syntax Format SubObjectPropertyOf(Annotation(<urn:test#ann> "test"^^xsd:string) <urn:test#op> owl:topObjectProperty)
roundtrip fail: KRSS2 Syntax DLSafeRule( Body(BuiltInAtom(<urn:swrl#v1> Variable(<urn:swrl#var3>) Variable(<urn:swrl#var4>) )) Head(BuiltInAtom(<urn:swrl#v2> Variable(<urn:swrl#var5>) Variable(<urn:swrl#var6>) )) )
roundtrip fail: KRSS Syntax DLSafeRule( Body(BuiltInAtom(<urn:swrl#v1> Variable(<urn:swrl#var3>) Variable(<urn:swrl#var4>) )) Head(BuiltInAtom(<urn:swrl#v2> Variable(<urn:swrl#var5>) Variable(<urn:swrl#var6>) )) )
parse fail: DL Syntax Format DLSafeRule( Body(BuiltInAtom(<urn:swrl#v1> Variable(<urn:swrl#var3>) Variable(<urn:swrl#var4>) )) Head(BuiltInAtom(<urn:swrl#v2> Variable(<urn:swrl#var5>) Variable(<urn:swrl#var6>) )) )
parse fail: KRSS2 Syntax SymmetricObjectProperty(Annotation(<urn:test#ann> "test"^^xsd:string) <urn:test#op>)
parse fail: KRSS Syntax SymmetricObjectProperty(Annotation(<urn:test#ann> "test"^^xsd:string) <urn:test#op>)
parse fail: DL Syntax Format SymmetricObjectProperty(Annotation(<urn:test#ann> "test"^^xsd:string) <urn:test#op>)
parse fail: KRSS2 Syntax TransitiveObjectProperty(Annotation(<urn:test#ann> "test"^^xsd:string) <urn:test#op>)
parse fail: KRSS Syntax TransitiveObjectProperty(Annotation(<urn:test#ann> "test"^^xsd:string) <urn:test#op>)
parse fail: DL Syntax Format TransitiveObjectProperty(Annotation(<urn:test#ann> "test"^^xsd:string) <urn:test#op>)
roundtrip fail: KRSS2 Syntax HasKey(Annotation(<urn:test#ann> "test"^^xsd:string) <urn:test#c> (<urn:test#iri> <urn:test#op> ) (<urn:test#dp> ))
parse fail: KRSS Syntax HasKey(Annotation(<urn:test#ann> "test"^^xsd:string) <urn:test#c> (<urn:test#iri> <urn:test#op> ) (<urn:test#dp> ))
parse fail: DL Syntax Format HasKey(Annotation(<urn:test#ann> "test"^^xsd:string) <urn:test#c> (<urn:test#iri> <urn:test#op> ) (<urn:test#dp> ))
roundtrip fail: KRSS2 Syntax DLSafeRule(Annotation(<urn:test#ann> "test"^^xsd:string)  Body(BuiltInAtom(<urn:swrl#v1> Variable(<urn:swrl#var3>) Variable(<urn:swrl#var4>) ) ClassAtom(<urn:test#c> Variable(<urn:swrl#var2>)) DataRangeAtom(<urn:test#datatype> Variable(<urn:swrl#var1>)) BuiltInAtom(<urn:test#iri> Variable(<urn:swrl#var1>) ) DifferentFromAtom(Variable(<urn:swrl#var2>) <urn:test#i>) SameAsAtom(Variable(<urn:swrl#var2>) <urn:test#iri>)) Head(BuiltInAtom(<urn:swrl#v2> Variable(<urn:swrl#var5>) Variable(<urn:swrl#var6>) ) DataPropertyAtom(<urn:test#dp> Variable(<urn:swrl#var2>) "false"^^xsd:boolean) ObjectPropertyAtom(<urn:test#op> Variable(<urn:swrl#var2>) Variable(<urn:swrl#var2>))) )
parse fail: KRSS Syntax DLSafeRule(Annotation(<urn:test#ann> "test"^^xsd:string)  Body(BuiltInAtom(<urn:swrl#v1> Variable(<urn:swrl#var3>) Variable(<urn:swrl#var4>) ) ClassAtom(<urn:test#c> Variable(<urn:swrl#var2>)) DataRangeAtom(<urn:test#datatype> Variable(<urn:swrl#var1>)) BuiltInAtom(<urn:test#iri> Variable(<urn:swrl#var1>) ) DifferentFromAtom(Variable(<urn:swrl#var2>) <urn:test#i>) SameAsAtom(Variable(<urn:swrl#var2>) <urn:test#iri>)) Head(BuiltInAtom(<urn:swrl#v2> Variable(<urn:swrl#var5>) Variable(<urn:swrl#var6>) ) DataPropertyAtom(<urn:test#dp> Variable(<urn:swrl#var2>) "false"^^xsd:boolean) ObjectPropertyAtom(<urn:test#op> Variable(<urn:swrl#var2>) Variable(<urn:swrl#var2>))) )
parse fail: DL Syntax Format DLSafeRule(Annotation(<urn:test#ann> "test"^^xsd:string)  Body(BuiltInAtom(<urn:swrl#v1> Variable(<urn:swrl#var3>) Variable(<urn:swrl#var4>) ) ClassAtom(<urn:test#c> Variable(<urn:swrl#var2>)) DataRangeAtom(<urn:test#datatype> Variable(<urn:swrl#var1>)) BuiltInAtom(<urn:test#iri> Variable(<urn:swrl#var1>) ) DifferentFromAtom(Variable(<urn:swrl#var2>) <urn:test#i>) SameAsAtom(Variable(<urn:swrl#var2>) <urn:test#iri>)) Head(BuiltInAtom(<urn:swrl#v2> Variable(<urn:swrl#var5>) Variable(<urn:swrl#var6>) ) DataPropertyAtom(<urn:test#dp> Variable(<urn:swrl#var2>) "false"^^xsd:boolean) ObjectPropertyAtom(<urn:test#op> Variable(<urn:swrl#var2>) Variable(<urn:swrl#var2>))) )
elapsed time (ms): 5616
Successful threads: 25	 expected: 25

2016-07-06 03:00:26:843 +0000 [Time-limited test] ERROR uk.ac.manchester.cs.owl.owlapi.OWLOntologyManagerImpl - Illegal redeclarations of entities: reuse of entity http://www.example.org#p in punning not allowed [Declaration(ObjectProperty(<http://www.example.org#p>)), Declaration(DataProperty(<http://www.example.org#p>))]
[Fatal Error] :1:1: Content is not allowed in prolog.
2016-07-06 03:00:28:768 +0000 [Time-limited test] ERROR org.obolibrary.obo2owl.OWLAPIOwl2Obo - Duplicate clause 'xref( GO:0005623)' generated in frame: CARO:0000013
2016-07-06 03:00:28:768 +0000 [Time-limited test] ERROR org.obolibrary.obo2owl.OWLAPIOwl2Obo - Duplicate clause 'def( Anatomical structure that has as its parts a maximally connected cell compartment surrounded by a plasma membrane.[CARO:MAH ])' generated in frame: CARO:0000013
2016-07-06 03:00:28:769 +0000 [Time-limited test] ERROR org.obolibrary.obo2owl.OWLAPIOwl2Obo - Duplicate clause 'name( cell)' generated in frame: CARO:0000013
2016-07-06 03:00:28:769 +0000 [Time-limited test] ERROR org.obolibrary.obo2owl.OWLAPIOwl2Obo - Duplicate clause 'namespace( caro)' generated in frame: CARO:0000013
2016-07-06 03:00:28:770 +0000 [Time-limited test] ERROR org.obolibrary.obo2owl.OWLAPIOwl2Obo - Duplicate clause 'def( Anatomical structure that has as its parts two or more multi-tissue structures of at least two different types and which through specific morphogenetic processes forms a single distinct structural unit demarcated by bona fide boundaries from other distinct anatomical structures of different types.[CARO:MAH ])' generated in frame: CARO:0000024
2016-07-06 03:00:28:770 +0000 [Time-limited test] ERROR org.obolibrary.obo2owl.OWLAPIOwl2Obo - Duplicate clause 'name( compound organ)' generated in frame: CARO:0000024
2016-07-06 03:00:28:770 +0000 [Time-limited test] ERROR org.obolibrary.obo2owl.OWLAPIOwl2Obo - Duplicate clause 'namespace( caro)' generated in frame: CARO:0000024
2016-07-06 03:00:28:931 +0000 [Time-limited test] ERROR org.obolibrary.obo2owl.OWLAPIOwl2Obo - Duplicate clause 'namespace( test_default_namespace)' generated in frame: TEST:0003
2016-07-06 03:00:28:931 +0000 [Time-limited test] ERROR org.obolibrary.obo2owl.OWLAPIOwl2Obo - Duplicate clause 'namespace( test_default_namespace)' generated in frame: TEST:0003
2016-07-06 03:00:29:004 +0000 [Time-limited test] ERROR org.obolibrary.obo2owl.OWLAPIOwl2Obo - Duplicate clause 'name( argininosuccinate synthase activity)' generated in frame: GO:0004055
2016-07-06 03:00:29:004 +0000 [Time-limited test] ERROR org.obolibrary.obo2owl.OWLAPIOwl2Obo - Duplicate clause 'name( test)' generated in frame: XX:0000001
2016-07-06 03:00:29:026 +0000 [Time-limited test] ERROR org.obolibrary.oboformat.parser.OBOFormatParser - Error: Instance frames are not supported yet. Parsing stopped at line: 425
2016-07-06 03:00:29:075 +0000 [Time-limited test] ERROR org.obolibrary.obo2owl.OWLAPIOwl2Obo - Duplicate clause 'name( argininosuccinate synthase activity)' generated in frame: GO:0004055
2016-07-06 03:00:29:075 +0000 [Time-limited test] ERROR org.obolibrary.obo2owl.OWLAPIOwl2Obo - Duplicate clause 'name( test)' generated in frame: XX:0000001
2016-07-06 03:00:30:106 +0000 [Time-limited test] ERROR org.obolibrary.obo2owl.OWLAPIOwl2Obo - Duplicate clause 'name( has part)' generated in frame: has_part
2016-07-06 03:00:30:106 +0000 [Time-limited test] ERROR org.obolibrary.obo2owl.OWLAPIOwl2Obo - Duplicate clause 'name( has part)' generated in frame: has_part
2016-07-06 03:00:30:106 +0000 [Time-limited test] ERROR org.obolibrary.obo2owl.OWLAPIOwl2Obo - Duplicate clause 'xref( BFO:0000051)' generated in frame: has_part
2016-07-06 03:00:30:106 +0000 [Time-limited test] ERROR org.obolibrary.obo2owl.OWLAPIOwl2Obo - Duplicate clause 'name( has part)' generated in frame: has_part
2016-07-06 03:00:30:106 +0000 [Time-limited test] ERROR org.obolibrary.obo2owl.OWLAPIOwl2Obo - Duplicate clause 'name( b)' generated in frame: TEST:b
2016-07-06 03:00:30:107 +0000 [Time-limited test] ERROR org.obolibrary.obo2owl.OWLAPIOwl2Obo - Duplicate clause 'name( a)' generated in frame: TEST:a
2016-07-06 03:00:30:107 +0000 [Time-limited test] ERROR org.obolibrary.obo2owl.OWLAPIOwl2Obo - Duplicate clause 'name( b)' generated in frame: TEST:b
2016-07-06 03:00:30:125 +0000 [Time-limited test] ERROR org.obolibrary.obo2owl.OWLAPIOwl2Obo - Duplicate clause 'name( z1)' generated in frame: Z:1
2016-07-06 03:00:30:151 +0000 [Time-limited test] ERROR org.obolibrary.obo2owl.OWLAPIOwl2Obo - Duplicate clause 'def( Def T1)' generated in frame: TEST:0001
2016-07-06 03:00:30:209 +0000 [Time-limited test] ERROR org.obolibrary.obo2owl.OWLAPIOwl2Obo - Duplicate clause 'name( argininosuccinate synthase activity)' generated in frame: GO:0004055
2016-07-06 03:00:30:209 +0000 [Time-limited test] ERROR org.obolibrary.obo2owl.OWLAPIOwl2Obo - Duplicate clause 'name( test)' generated in frame: XX:0000001
2016-07-06 03:00:30:326 +0000 [Time-limited test] ERROR org.obolibrary.obo2owl.OWLAPIOwl2Obo - Duplicate clause 'xref( GO:0005623)' generated in frame: CARO:0000013
2016-07-06 03:00:30:326 +0000 [Time-limited test] ERROR org.obolibrary.obo2owl.OWLAPIOwl2Obo - Duplicate clause 'def( Anatomical structure that has as its parts a maximally connected cell compartment surrounded by a plasma membrane.[CARO:MAH ])' generated in frame: CARO:0000013
2016-07-06 03:00:30:326 +0000 [Time-limited test] ERROR org.obolibrary.obo2owl.OWLAPIOwl2Obo - Duplicate clause 'name( cell)' generated in frame: CARO:0000013
2016-07-06 03:00:30:326 +0000 [Time-limited test] ERROR org.obolibrary.obo2owl.OWLAPIOwl2Obo - Duplicate clause 'namespace( caro)' generated in frame: CARO:0000013
2016-07-06 03:00:30:327 +0000 [Time-limited test] ERROR org.obolibrary.obo2owl.OWLAPIOwl2Obo - Duplicate clause 'def( Anatomical structure that has as its parts two or more multi-tissue structures of at least two different types and which through specific morphogenetic processes forms a single distinct structural unit demarcated by bona fide boundaries from other distinct anatomical structures of different types.[CARO:MAH ])' generated in frame: CARO:0000024
2016-07-06 03:00:30:327 +0000 [Time-limited test] ERROR org.obolibrary.obo2owl.OWLAPIOwl2Obo - Duplicate clause 'name( compound organ)' generated in frame: CARO:0000024
2016-07-06 03:00:30:327 +0000 [Time-limited test] ERROR org.obolibrary.obo2owl.OWLAPIOwl2Obo - Duplicate clause 'namespace( caro)' generated in frame: CARO:0000024
Tests in error: 
  RoundTripOWLXMLToRioTurtleTestCase>AbstractRoundTrippingTestCase.testRDFJSON:38->TestBase.roundTripOntology:419 » NoClassDefFound
  ThreeLayersOfAnnotationsTestCase>AbstractRoundTrippingTestCase.testRDFJSON:38->TestBase.roundTripOntology:419 » NoClassDefFound
  AnonymousOntologyAnnotationsTestCase>AbstractRoundTrippingTestCase.testRDFJSON:38->TestBase.roundTripOntology:419 » NoClassDefFound
  AnnotatedAxiomRoundtripExceptManchesterSyntaxTestCase>AbstractRoundTrippingTestCase.testRDFJSON:38->TestBase.roundTripOntology:419 » NoClassDefFound
  AnnotatedAxiomRoundtripExceptManchesterSyntaxTestCase>AbstractRoundTrippingTestCase.testRDFJSON:38->TestBase.roundTripOntology:419 » NoClassDefFound
  AnnotatedAxiomRoundtripExceptManchesterSyntaxTestCase>AbstractRoundTrippingTestCase.testRDFJSON:38->TestBase.roundTripOntology:419 » NoClassDefFound
  AnnotatedAxiomRoundtripExceptManchesterSyntaxTestCase>AbstractRoundTrippingTestCase.testRDFJSON:38->TestBase.roundTripOntology:419 » NoClassDefFound
  AnnotatedAxiomRoundtripExceptManchesterSyntaxTestCase>AbstractRoundTrippingTestCase.testRDFJSON:38->TestBase.roundTripOntology:419 » NoClassDefFound
  AnnotatedAxiomRoundtripExceptManchesterSyntaxTestCase>AbstractRoundTrippingTestCase.testRDFJSON:38->TestBase.roundTripOntology:419 » NoClassDefFound
  AnnotatedAxiomRoundtripExceptRDFXMLAndFunctionalTestCase>AbstractRoundTrippingTestCase.testRDFJSON:38->TestBase.roundTripOntology:419 » NoClassDefFound
  AnnotatedAxiomRoundtripExceptRDFXMLAndFunctionalTestCase>AbstractRoundTrippingTestCase.testRDFJSON:38->TestBase.roundTripOntology:419 » NoClassDefFound
  AnnotatedAxiomRoundtripExceptRDFXMLAndFunctionalTestCase>AbstractRoundTrippingTestCase.testRDFJSON:38->TestBase.roundTripOntology:419 » NoClassDefFound
  AnnotatedAxiomRountripTestCase>AbstractRoundTrippingTestCase.testRDFJSON:38->TestBase.roundTripOntology:419 » NoClassDefFound
  AnnotatedAxiomRountripTestCase>AbstractRoundTrippingTestCase.testRDFJSON:38->TestBase.roundTripOntology:419 » NoClassDefFound
  AnnotatedAxiomRountripTestCase>AbstractRoundTrippingTestCase.testRDFJSON:38->TestBase.roundTripOntology:419 » NoClassDefFound
  AnnotatedAxiomRountripTestCase>AbstractRoundTrippingTestCase.testRDFJSON:38->TestBase.roundTripOntology:419 » NoClassDefFound
  AnnotatedAxiomRountripTestCase>AbstractRoundTrippingTestCase.testRDFJSON:38->TestBase.roundTripOntology:419 » NoClassDefFound
  AnnotatedAxiomRountripTestCase>AbstractRoundTrippingTestCase.testRDFJSON:38->TestBase.roundTripOntology:419 » NoClassDefFound
  AnnotatedAxiomRountripTestCase>AbstractRoundTrippingTestCase.testRDFJSON:38->TestBase.roundTripOntology:419 » NoClassDefFound
  AnnotatedAxiomRountripTestCase>AbstractRoundTrippingTestCase.testRDFJSON:38->TestBase.roundTripOntology:419 » NoClassDefFound
  AnnotatedAxiomRountripTestCase>AbstractRoundTrippingTestCase.testRDFJSON:38->TestBase.roundTripOntology:419 » NoClassDefFound
  AnnotatedAxiomRountripTestCase>AbstractRoundTrippingTestCase.testRDFJSON:38->TestBase.roundTripOntology:419 » NoClassDefFound
  AnnotatedAxiomRountripTestCase>AbstractRoundTrippingTestCase.testRDFJSON:38->TestBase.roundTripOntology:419 » NoClassDefFound
  AnnotatedAxiomRountripTestCase>AbstractRoundTrippingTestCase.testRDFJSON:38->TestBase.roundTripOntology:419 » NoClassDefFound
  AnnotatedAxiomRountripTestCase>AbstractRoundTrippingTestCase.testRDFJSON:38->TestBase.roundTripOntology:419 » NoClassDefFound
  AnnotatedAxiomRountripTestCase>AbstractRoundTrippingTestCase.testRDFJSON:38->TestBase.roundTripOntology:419 » NoClassDefFound
  AnnotatedAxiomRountripTestCase>AbstractRoundTrippingTestCase.testRDFJSON:38->TestBase.roundTripOntology:419 » NoClassDefFound
  AnnotatedAxiomRountripTestCase>AbstractRoundTrippingTestCase.testRDFJSON:38->TestBase.roundTripOntology:419 » NoClassDefFound
  AnnotatedAxiomRountripTestCase>AbstractRoundTrippingTestCase.testRDFJSON:38->TestBase.roundTripOntology:419 » NoClassDefFound
  AnnotatedAxiomRountripTestCase>AbstractRoundTrippingTestCase.testRDFJSON:38->TestBase.roundTripOntology:419 » NoClassDefFound
  AnnotatedAxiomRountripTestCase>AbstractRoundTrippingTestCase.testRDFJSON:38->TestBase.roundTripOntology:419 » NoClassDefFound
  AnnotatedAxiomRountripTestCase>AbstractRoundTrippingTestCase.testRDFJSON:38->TestBase.roundTripOntology:419 » NoClassDefFound
  AnnotatedAxiomRountripTestCase>AbstractRoundTrippingTestCase.testRDFJSON:38->TestBase.roundTripOntology:419 » NoClassDefFound
  AnnotatedAxiomRountripTestCase>AbstractRoundTrippingTestCase.testRDFJSON:38->TestBase.roundTripOntology:419 » NoClassDefFound
  AnnotatedAxiomRountripTestCase>AbstractRoundTrippingTestCase.testRDFJSON:38->TestBase.roundTripOntology:419 » NoClassDefFound
  AnnotatedAxiomRountripTestCase>AbstractRoundTrippingTestCase.testRDFJSON:38->TestBase.roundTripOntology:419 » NoClassDefFound
  AnnotatedAxiomRountripTestCase>AbstractRoundTrippingTestCase.testRDFJSON:38->TestBase.roundTripOntology:419 » NoClassDefFound
  AnnotatedAxiomRountripTestCase>AbstractRoundTrippingTestCase.testRDFJSON:38->TestBase.roundTripOntology:419 » NoClassDefFound
  AnnotatedAxiomRountripTestCase>AbstractRoundTrippingTestCase.testRDFJSON:38->TestBase.roundTripOntology:419 » NoClassDefFound
  AnnotatedAxiomRountripTestCase>AbstractRoundTrippingTestCase.testRDFJSON:38->TestBase.roundTripOntology:419 » NoClassDefFound
  AnnotatedAxiomRountripTestCase>AbstractRoundTrippingTestCase.testRDFJSON:38->TestBase.roundTripOntology:419 » NoClassDefFound
  AnnotatedAxiomRountripTestCase>AbstractRoundTrippingTestCase.testRDFJSON:38->TestBase.roundTripOntology:419 » NoClassDefFound
  AxiomsRoundTrippingNoManchesterSyntaxTestCase>AbstractRoundTrippingTestCase.testRDFJSON:38->TestBase.roundTripOntology:419 » NoClassDefFound
  AxiomsRoundTrippingNoManchesterSyntaxTestCase>AbstractRoundTrippingTestCase.testRDFJSON:38->TestBase.roundTripOntology:419 » NoClassDefFound
  AxiomsRoundTrippingNoManchesterSyntaxTestCase>AbstractRoundTrippingTestCase.testRDFJSON:38->TestBase.roundTripOntology:419 » NoClassDefFound
  AxiomsRoundTrippingNoManchesterSyntaxTestCase>AbstractRoundTrippingTestCase.testRDFJSON:38->TestBase.roundTripOntology:419 » NoClassDefFound
  AxiomsRoundTrippingNoManchesterSyntaxTestCase>AbstractRoundTrippingTestCase.testRDFJSON:38->TestBase.roundTripOntology:419 » NoClassDefFound
  AxiomsRoundTrippingNoManchesterSyntaxTestCase>AbstractRoundTrippingTestCase.testRDFJSON:38->TestBase.roundTripOntology:419 » NoClassDefFound
  AxiomsRoundTrippingNoManchesterSyntaxTestCase>AbstractRoundTrippingTestCase.testRDFJSON:38->TestBase.roundTripOntology:419 » NoClassDefFound
  AxiomsRoundTrippingNoManchesterSyntaxTestCase>AbstractRoundTrippingTestCase.testRDFJSON:38->TestBase.roundTripOntology:419 » NoClassDefFound
  AxiomsRoundTrippingNoManchesterSyntaxTestCase>AbstractRoundTrippingTestCase.testRDFJSON:38->TestBase.roundTripOntology:419 » NoClassDefFound
  AxiomsRoundTrippingNoManchesterSyntaxTestCase>AbstractRoundTrippingTestCase.testRDFJSON:38->TestBase.roundTripOntology:419 » NoClassDefFound
  AxiomsRoundTrippingNoManchesterSyntaxTestCase>AbstractRoundTrippingTestCase.testRDFJSON:38->TestBase.roundTripOntology:419 » NoClassDefFound
  AxiomsRoundTrippingTestCase>AbstractRoundTrippingTestCase.testRDFJSON:38->TestBase.roundTripOntology:419 » NoClassDefFound
  AxiomsRoundTrippingTestCase>AbstractRoundTrippingTestCase.testRDFJSON:38->TestBase.roundTripOntology:419 » NoClassDefFound
  AxiomsRoundTrippingTestCase>AbstractRoundTrippingTestCase.testRDFJSON:38->TestBase.roundTripOntology:419 » NoClassDefFound
  AxiomsRoundTrippingTestCase>AbstractRoundTrippingTestCase.testRDFJSON:38->TestBase.roundTripOntology:419 » NoClassDefFound
  AxiomsRoundTrippingTestCase>AbstractRoundTrippingTestCase.testRDFJSON:38->TestBase.roundTripOntology:419 » NoClassDefFound
  AxiomsRoundTrippingTestCase>AbstractRoundTrippingTestCase.testRDFJSON:38->TestBase.roundTripOntology:419 » NoClassDefFound
  AxiomsRoundTrippingTestCase>AbstractRoundTrippingTestCase.testRDFJSON:38->TestBase.roundTripOntology:419 » NoClassDefFound
  AxiomsRoundTrippingTestCase>AbstractRoundTrippingTestCase.testRDFJSON:38->TestBase.roundTripOntology:419 » NoClassDefFound
  AxiomsRoundTrippingTestCase>AbstractRoundTrippingTestCase.testRDFJSON:38->TestBase.roundTripOntology:419 » NoClassDefFound
  AxiomsRoundTrippingTestCase>AbstractRoundTrippingTestCase.testRDFJSON:38->TestBase.roundTripOntology:419 » NoClassDefFound
  AxiomsRoundTrippingTestCase>AbstractRoundTrippingTestCase.testRDFJSON:38->TestBase.roundTripOntology:419 » NoClassDefFound
  AxiomsRoundTrippingTestCase>AbstractRoundTrippingTestCase.testRDFJSON:38->TestBase.roundTripOntology:419 » NoClassDefFound
  AxiomsRoundTrippingTestCase>AbstractRoundTrippingTestCase.testRDFJSON:38->TestBase.roundTripOntology:419 » NoClassDefFound
  AxiomsRoundTrippingTestCase>AbstractRoundTrippingTestCase.testRDFJSON:38->TestBase.roundTripOntology:419 » NoClassDefFound
  AxiomsRoundTrippingTestCase>AbstractRoundTrippingTestCase.testRDFJSON:38->TestBase.roundTripOntology:419 » NoClassDefFound
  AxiomsRoundTrippingTestCase>AbstractRoundTrippingTestCase.testRDFJSON:38->TestBase.roundTripOntology:419 » NoClassDefFound
  AxiomsRoundTrippingTestCase>AbstractRoundTrippingTestCase.testRDFJSON:38->TestBase.roundTripOntology:419 » NoClassDefFound
  AxiomsRoundTrippingTestCase>AbstractRoundTrippingTestCase.testRDFJSON:38->TestBase.roundTripOntology:419 » NoClassDefFound
  AxiomsRoundTrippingTestCase>AbstractRoundTrippingTestCase.testRDFJSON:38->TestBase.roundTripOntology:419 » NoClassDefFound
  AxiomsRoundTrippingTestCase>AbstractRoundTrippingTestCase.testRDFJSON:38->TestBase.roundTripOntology:419 » NoClassDefFound
  AxiomsRoundTrippingTestCase>AbstractRoundTrippingTestCase.testRDFJSON:38->TestBase.roundTripOntology:419 » NoClassDefFound
  AxiomsRoundTrippingTestCase>AbstractRoundTrippingTestCase.testRDFJSON:38->TestBase.roundTripOntology:419 » NoClassDefFound
  AxiomsRoundTrippingTestCase>AbstractRoundTrippingTestCase.testRDFJSON:38->TestBase.roundTripOntology:419 » NoClassDefFound
  AxiomsRoundTrippingTestCase>AbstractRoundTrippingTestCase.testRDFJSON:38->TestBase.roundTripOntology:419 » NoClassDefFound
  AxiomsRoundTrippingTestCase>AbstractRoundTrippingTestCase.testRDFJSON:38->TestBase.roundTripOntology:419 » NoClassDefFound
  AxiomsRoundTrippingTestCase>AbstractRoundTrippingTestCase.testRDFJSON:38->TestBase.roundTripOntology:419 » NoClassDefFound
  AxiomsRoundTrippingTestCase>AbstractRoundTrippingTestCase.testRDFJSON:38->TestBase.roundTripOntology:419 » NoClassDefFound
  AxiomsRoundTrippingTestCase>AbstractRoundTrippingTestCase.testRDFJSON:38->TestBase.roundTripOntology:419 » NoClassDefFound
  AxiomsRoundTrippingTestCase>AbstractRoundTrippingTestCase.testRDFJSON:38->TestBase.roundTripOntology:419 » NoClassDefFound
  AxiomsRoundTrippingTestCase>AbstractRoundTrippingTestCase.testRDFJSON:38->TestBase.roundTripOntology:419 » NoClassDefFound
  AxiomsRoundTrippingTestCase>AbstractRoundTrippingTestCase.testRDFJSON:38->TestBase.roundTripOntology:419 » NoClassDefFound
  AxiomsRoundTrippingTestCase>AbstractRoundTrippingTestCase.testRDFJSON:38->TestBase.roundTripOntology:419 » NoClassDefFound
  AxiomsRoundTrippingTestCase>AbstractRoundTrippingTestCase.testRDFJSON:38->TestBase.roundTripOntology:419 » NoClassDefFound
  AxiomsRoundTrippingTestCase>AbstractRoundTrippingTestCase.testRDFJSON:38->TestBase.roundTripOntology:419 » NoClassDefFound
  AxiomsRoundTrippingTestCase>AbstractRoundTrippingTestCase.testRDFJSON:38->TestBase.roundTripOntology:419 » NoClassDefFound
  AxiomsRoundTrippingTestCase>AbstractRoundTrippingTestCase.testRDFJSON:38->TestBase.roundTripOntology:419 » NoClassDefFound
  AxiomsRoundTrippingTestCase>AbstractRoundTrippingTestCase.testRDFJSON:38->TestBase.roundTripOntology:419 » NoClassDefFound
  AxiomsRoundTrippingTestCase>AbstractRoundTrippingTestCase.testRDFJSON:38->TestBase.roundTripOntology:419 » NoClassDefFound
  AxiomsRoundTrippingTestCase>AbstractRoundTrippingTestCase.testRDFJSON:38->TestBase.roundTripOntology:419 » NoClassDefFound
  AxiomsRoundTrippingTestCase>AbstractRoundTrippingTestCase.testRDFJSON:38->TestBase.roundTripOntology:419 » NoClassDefFound
  AxiomsRoundTrippingTestCase>AbstractRoundTrippingTestCase.testRDFJSON:38->TestBase.roundTripOntology:419 » NoClassDefFound
  AxiomsRoundTrippingTestCase>AbstractRoundTrippingTestCase.testRDFJSON:38->TestBase.roundTripOntology:419 » NoClassDefFound
  AxiomsRoundTrippingTestCase>AbstractRoundTrippingTestCase.testRDFJSON:38->TestBase.roundTripOntology:419 » NoClassDefFound
  AxiomsRoundTrippingTestCase>AbstractRoundTrippingTestCase.testRDFJSON:38->TestBase.roundTripOntology:419 » NoClassDefFound
  AxiomsRoundTrippingTestCase>AbstractRoundTrippingTestCase.testRDFJSON:38->TestBase.roundTripOntology:419 » NoClassDefFound
  AxiomsRoundTrippingTestCase>AbstractRoundTrippingTestCase.testRDFJSON:38->TestBase.roundTripOntology:419 » NoClassDefFound
  AxiomsRoundTrippingTestCase>AbstractRoundTrippingTestCase.testRDFJSON:38->TestBase.roundTripOntology:419 » NoClassDefFound
  AxiomsRoundTrippingTestCase>AbstractRoundTrippingTestCase.testRDFJSON:38->TestBase.roundTripOntology:419 » NoClassDefFound
  AxiomsRoundTrippingTestCase>AbstractRoundTrippingTestCase.testRDFJSON:38->TestBase.roundTripOntology:419 » NoClassDefFound
  AxiomsRoundTrippingTestCase>AbstractRoundTrippingTestCase.testRDFJSON:38->TestBase.roundTripOntology:419 » NoClassDefFound
  AxiomsRoundTrippingTestCase>AbstractRoundTrippingTestCase.testRDFJSON:38->TestBase.roundTripOntology:419 » NoClassDefFound
  AxiomsRoundTrippingTestCase>AbstractRoundTrippingTestCase.testRDFJSON:38->TestBase.roundTripOntology:419 » NoClassDefFound
  AxiomsRoundTrippingTestCase>AbstractRoundTrippingTestCase.testRDFJSON:38->TestBase.roundTripOntology:419 » NoClassDefFound
  AxiomsRoundTrippingTestCase>AbstractRoundTrippingTestCase.testRDFJSON:38->TestBase.roundTripOntology:419 » NoClassDefFound
  AxiomsRoundTrippingTestCase>AbstractRoundTrippingTestCase.testRDFJSON:38->TestBase.roundTripOntology:419 » NoClassDefFound
  AxiomsRoundTrippingTestCase>AbstractRoundTrippingTestCase.testRDFJSON:38->TestBase.roundTripOntology:419 » NoClassDefFound
  AxiomsRoundTrippingTestCase>AbstractRoundTrippingTestCase.testRDFJSON:38->TestBase.roundTripOntology:419 » NoClassDefFound
  AxiomsRoundTrippingTestCase>AbstractRoundTrippingTestCase.testRDFJSON:38->TestBase.roundTripOntology:419 » NoClassDefFound
  AxiomsRoundTrippingUsingEqualTestCase>AbstractRoundTrippingTestCase.testRDFJSON:38->TestBase.roundTripOntology:419 » NoClassDefFound
  AxiomsRoundTrippingUsingEqualTestCase>AbstractRoundTrippingTestCase.testRDFJSON:38->TestBase.roundTripOntology:419 » NoClassDefFound
  AxiomsRoundTrippingUsingEqualTestCase>AbstractRoundTrippingTestCase.testRDFJSON:38->TestBase.roundTripOntology:419 » NoClassDefFound
  AxiomsRoundTrippingUsingEqualTestCase>AbstractRoundTrippingTestCase.testRDFJSON:38->TestBase.roundTripOntology:419 » NoClassDefFound
  AxiomsRoundTrippingUsingEqualTestCase>AbstractRoundTrippingTestCase.testRDFJSON:38->TestBase.roundTripOntology:419 » NoClassDefFound
  AxiomsRoundTrippingUsingEqualTestCase>AbstractRoundTrippingTestCase.testRDFJSON:38->TestBase.roundTripOntology:419 » NoClassDefFound
  AxiomsRoundTrippingUsingEqualTestCase>AbstractRoundTrippingTestCase.testRDFJSON:38->TestBase.roundTripOntology:419 » NoClassDefFound
  AxiomsRoundTrippingUsingEqualTestCase>AbstractRoundTrippingTestCase.testRDFJSON:38->TestBase.roundTripOntology:419 » NoClassDefFound
  AxiomsRoundTrippingUsingEqualTestCase>AbstractRoundTrippingTestCase.testRDFJSON:38->TestBase.roundTripOntology:419 » NoClassDefFound
  AxiomsRoundTrippingWithEntitiesTestCase>AbstractRoundTrippingTestCase.testRDFJSON:38->TestBase.roundTripOntology:419 » NoClassDefFound
  LiteralWithEscapesTestCase>AbstractRoundTrippingTestCase.testRDFJSON:38->TestBase.roundTripOntology:419 » NoClassDefFound
  LiteralWithEscapesTestCase>AbstractRoundTrippingTestCase.testRDFJSON:38->TestBase.roundTripOntology:419 » NoClassDefFound
  LiteralWithEscapesTestCase>AbstractRoundTrippingTestCase.testRDFJSON:38->TestBase.roundTripOntology:419 » NoClassDefFound
  LiteralWithEscapesTestCase>AbstractRoundTrippingTestCase.testRDFJSON:38->TestBase.roundTripOntology:419 » NoClassDefFound
  LiteralWithEscapesTestCase>AbstractRoundTrippingTestCase.testRDFJSON:38->TestBase.roundTripOntology:419 » NoClassDefFound
  FileRoudTripWithEqualTestCase>AbstractRoundTrippingTestCase.testRDFJSON:38->TestBase.roundTripOntology:419 » NoClassDefFound
  FileRoudTripWithEqualTestCase>AbstractRoundTrippingTestCase.testRDFJSON:38->TestBase.roundTripOntology:419 » NoClassDefFound
  FileRoudTripWithEqualTestCase>AbstractRoundTrippingTestCase.testRDFJSON:38->TestBase.roundTripOntology:419 » NoClassDefFound
  FileRoudTripWithEqualTestCase>AbstractRoundTrippingTestCase.testRDFJSON:38->TestBase.roundTripOntology:419 » NoClassDefFound
  FileRoundTripNoManSyntaxTestCase>AbstractRoundTrippingTestCase.testRDFJSON:38->TestBase.roundTripOntology:419 » NoClassDefFound
  FileRoundTripNoManSyntaxTestCase>AbstractRoundTrippingTestCase.testRDFJSON:38->TestBase.roundTripOntology:419 » NoClassDefFound
  FileRoundTripSubClassOfUntypedOWLClassStrictTestCase>AbstractRoundTrippingTestCase.testRDFJSON:38->TestBase.roundTripOntology:419 » NoClassDefFound
  FileRoundTripTestCase>AbstractRoundTrippingTestCase.testRDFJSON:38->TestBase.roundTripOntology:419 » NoClassDefFound
  FileRoundTripTestCase>AbstractRoundTrippingTestCase.testRDFJSON:38->TestBase.roundTripOntology:419 » NoClassDefFound
  FileRoundTripTestCase>AbstractRoundTrippingTestCase.testRDFJSON:38->TestBase.roundTripOntology:419 » NoClassDefFound
  FileRoundTripTestCase>AbstractRoundTrippingTestCase.testRDFJSON:38->TestBase.roundTripOntology:419 » NoClassDefFound
  FileRoundTripTestCase>AbstractRoundTrippingTestCase.testRDFJSON:38->TestBase.roundTripOntology:419 » NoClassDefFound
  FileRoundTripTestCase>AbstractRoundTrippingTestCase.testRDFJSON:38->TestBase.roundTripOntology:419 » NoClassDefFound
  FileRoundTripTestCase>AbstractRoundTrippingTestCase.testRDFJSON:38->TestBase.roundTripOntology:419 » NoClassDefFound
  FileRoundTripTestCase>AbstractRoundTrippingTestCase.testRDFJSON:38->TestBase.roundTripOntology:419 » NoClassDefFound
  FileRoundTripTestCase>AbstractRoundTrippingTestCase.testRDFJSON:38->TestBase.roundTripOntology:419 » NoClassDefFound
  FileRoundTripTestCase>AbstractRoundTrippingTestCase.testRDFJSON:38->TestBase.roundTripOntology:419 » NoClassDefFound
  FileRoundTripTestCase>AbstractRoundTrippingTestCase.testRDFJSON:38->TestBase.roundTripOntology:419 » NoClassDefFound
  FileRoundTripTestCase>AbstractRoundTrippingTestCase.testRDFJSON:38->TestBase.roundTripOntology:419 » NoClassDefFound
  FileRoundTripTestCase>AbstractRoundTrippingTestCase.testRDFJSON:38->TestBase.roundTripOntology:419 » NoClassDefFound
  FileRoundTripTestCase>AbstractRoundTrippingTestCase.testRDFJSON:38->TestBase.roundTripOntology:419 » NoClassDefFound
  FileRoundTripTestCase>AbstractRoundTrippingTestCase.testRDFJSON:38->TestBase.roundTripOntology:419 » NoClassDefFound
  FileRoundTripTestCase>AbstractRoundTrippingTestCase.testRDFJSON:38->TestBase.roundTripOntology:419 » NoClassDefFound
  FileRoundTripTestCase>AbstractRoundTrippingTestCase.testRDFJSON:38->TestBase.roundTripOntology:419 » NoClassDefFound
  FileRoundTripTestCase>AbstractRoundTrippingTestCase.testRDFJSON:38->TestBase.roundTripOntology:419 » NoClassDefFound
  FileRoundTripTestCase>AbstractRoundTrippingTestCase.testRDFJSON:38->TestBase.roundTripOntology:419 » NoClassDefFound
  FileRoundTripTestCase>AbstractRoundTrippingTestCase.testRDFJSON:38->TestBase.roundTripOntology:419 » NoClassDefFound
  FileRoundTripTestCase>AbstractRoundTrippingTestCase.testRDFJSON:38->TestBase.roundTripOntology:419 » NoClassDefFound
  FileRoundTripTestCase>AbstractRoundTrippingTestCase.testRDFJSON:38->TestBase.roundTripOntology:419 » NoClassDefFound
  FileRoundTripTestCase>AbstractRoundTrippingTestCase.testRDFJSON:38->TestBase.roundTripOntology:419 » NoClassDefFound
  FileRoundTripTestCase>AbstractRoundTrippingTestCase.testRDFJSON:38->TestBase.roundTripOntology:419 » NoClassDefFound
  FileRoundTripTestCase>AbstractRoundTrippingTestCase.testRDFJSON:38->TestBase.roundTripOntology:419 » NoClassDefFound
  FileRoundTripTestCase>AbstractRoundTrippingTestCase.testRDFJSON:38->TestBase.roundTripOntology:419 » NoClassDefFound
  FileRoundTripTestCase>AbstractRoundTrippingTestCase.testRDFJSON:38->TestBase.roundTripOntology:419 » NoClassDefFound
  FileRoundTripTestCase>AbstractRoundTrippingTestCase.testRDFJSON:38->TestBase.roundTripOntology:419 » NoClassDefFound
  FileRoundTripTestCase>AbstractRoundTrippingTestCase.testRDFJSON:38->TestBase.roundTripOntology:419 » NoClassDefFound
  FileRoundTripTestCase>AbstractRoundTrippingTestCase.testRDFJSON:38->TestBase.roundTripOntology:419 » NoClassDefFound
  FileRoundTripTestCase>AbstractRoundTrippingTestCase.testRDFJSON:38->TestBase.roundTripOntology:419 » NoClassDefFound
  FileRoundTripTestCase>AbstractRoundTrippingTestCase.testRDFJSON:38->TestBase.roundTripOntology:419 » NoClassDefFound
  FileRoundTripTestCase>AbstractRoundTrippingTestCase.testRDFJSON:38->TestBase.roundTripOntology:419 » NoClassDefFound
  FileRoundTripTestCase>AbstractRoundTrippingTestCase.testRDFJSON:38->TestBase.roundTripOntology:419 » NoClassDefFound
  FileRoundTripTestCase>AbstractRoundTrippingTestCase.testRDFJSON:38->TestBase.roundTripOntology:419 » NoClassDefFound
  FileRoundTripTestCase>AbstractRoundTrippingTestCase.testRDFJSON:38->TestBase.roundTripOntology:419 » NoClassDefFound
  FileRoundTripTestCase>AbstractRoundTrippingTestCase.testRDFJSON:38->TestBase.roundTripOntology:419 » NoClassDefFound
  FileRoundTripTestCase>AbstractRoundTrippingTestCase.testRDFJSON:38->TestBase.roundTripOntology:419 » NoClassDefFound
  FileRoundTripTestCase>AbstractRoundTrippingTestCase.testRDFJSON:38->TestBase.roundTripOntology:419 » NoClassDefFound
  FileRoundTripTestCase>AbstractRoundTrippingTestCase.testRDFJSON:38->TestBase.roundTripOntology:419 » NoClassDefFound
  FileRoundTripTestCase>AbstractRoundTrippingTestCase.testRDFJSON:38->TestBase.roundTripOntology:419 » NoClassDefFound
  FileRoundTripTestCase>AbstractRoundTrippingTestCase.testRDFJSON:38->TestBase.roundTripOntology:419 » NoClassDefFound
  FileRoundTripTestCase>AbstractRoundTrippingTestCase.testRDFJSON:38->TestBase.roundTripOntology:419 » NoClassDefFound
  FileRoundTripTestCase>AbstractRoundTrippingTestCase.testRDFJSON:38->TestBase.roundTripOntology:419 » NoClassDefFound
  FileRoundTripTestCase>AbstractRoundTrippingTestCase.testRDFJSON:38->TestBase.roundTripOntology:419 » NoClassDefFound
  FileRoundTripTestCase>AbstractRoundTrippingTestCase.testRDFJSON:38->TestBase.roundTripOntology:419 » NoClassDefFound
  OntologyIRITestCase>AbstractRoundTrippingTestCase.testRDFJSON:38->TestBase.roundTripOntology:419 » NoClassDefFound
  NoQNameTestCase>AbstractRoundTrippingTestCase.testRDFJSON:38->TestBase.roundTripOntology:419 » NoClassDefFound
  RelativeURITestCase>AbstractRoundTrippingTestCase.testRDFJSON:38->TestBase.roundTripOntology:419 » NoClassDefFound
  OntologyVersionIRITestCase>AbstractRoundTrippingTestCase.testRDFJSON:38->TestBase.roundTripOntology:419 » NoClassDefFound
  PrefixOntologyFormatTestCase>AbstractRoundTrippingTestCase.testRDFJSON:38->roundTripOntology:46->TestBase.roundTripOntology:419 » NoClassDefFound

Tests run: 4967, Failures: 0, Errors: 184, Skipped: 40

[INFO] ------------------------------------------------------------------------
[INFO] Reactor Summary:
[INFO] 
[INFO] OWLAPI ............................................. SUCCESS [  4.146 s]
[INFO] OWLAPI :: Interfaces ............................... SUCCESS [ 35.514 s]
[INFO] OWLAPI :: Default Implementation ................... SUCCESS [  7.497 s]
[INFO] OWLAPI :: Atomic Decomposition and Explanation ..... SUCCESS [  0.224 s]
[INFO] OWLAPI :: Parsers .................................. SUCCESS [  9.867 s]
[INFO] OWLAPI :: OBO Format ............................... SUCCESS [  0.469 s]
[INFO] OWLAPI :: RDF4J Rio ................................ SUCCESS [  0.323 s]
[INFO] OWLAPI :: Binding and Config ....................... SUCCESS [  0.140 s]
[INFO] OWLAPI :: Compatibility ............................ SUCCESS [  0.303 s]
[INFO] OWLAPI :: Tests and Tutorials ...................... FAILURE [01:18 min]
[INFO] OWLAPI :: Distribution ............................. SKIPPED
[INFO] OWLAPI :: OSGi and Compatibility Distribution ...... SKIPPED
[INFO] ------------------------------------------------------------------------
[INFO] BUILD FAILURE
[INFO] ------------------------------------------------------------------------
[INFO] Total time: 02:20 min
[INFO] Finished at: 2016-07-06T03:00:30+00:00
[INFO] Final Memory: 33M/334M
[INFO] ------------------------------------------------------------------------
[ERROR] Failed to execute goal org.apache.maven.plugins:maven-surefire-plugin:2.18.1:test (default-test) on project owlapi-contract: There are test failures.
[ERROR] 
[ERROR] Please refer to /home/travis/build/owlcs/owlapi/contract/target/surefire-reports for the individual test results.
[ERROR] -> [Help 1]
[ERROR] 
[ERROR] To see the full stack trace of the errors, re-run Maven with the -e switch.
[ERROR] Re-run Maven using the -X switch to enable full debug logging.
[ERROR] 
[ERROR] For more information about the errors and possible solutions, please read the following articles:
[ERROR] [Help 1] http://cwiki.apache.org/confluence/display/MAVEN/MojoFailureException
[ERROR] 
[ERROR] After correcting the problems, you can resume the build with the command
[ERROR]   mvn <goals> -rf :owlapi-contract

travis_time:end:07fe3310:start=1467773888038339021,finish=1467774031765536678,duration=143727197657[0K
[31;1mThe command "mvn verify" exited with 1.[0m
travis_fold:start:cache.2[0Kstore build cache
travis_time:start:2641cb74[0K
travis_time:end:2641cb74:start=1467774031769926783,finish=1467774031773267391,duration=3340608[0Ktravis_time:start:0d1bb34e[0K[32;1mchange detected (content changed, file is created, or file is deleted):
/home/travis/.m2/repository/com/fasterxml/jackson/core/jackson-annotations/2.7.5/jackson-annotations-2.7.5.jar
/home/travis/.m2/repository/com/fasterxml/jackson/core/jackson-annotations/2.7.5/jackson-annotations-2.7.5.jar.sha1
/home/travis/.m2/repository/com/fasterxml/jackson/core/jackson-annotations/2.7.5/jackson-annotations-2.7.5.pom
/home/travis/.m2/repository/com/fasterxml/jackson/core/jackson-annotations/2.7.5/jackson-annotations-2.7.5.pom.sha1
/home/travis/.m2/repository/com/fasterxml/jackson/core/jackson-annotations/2.7.5/_remote.repositories
/home/travis/.m2/repository/com/fasterxml/jackson/core/jackson-core/2.7.5/jackson-core-2.7.5.jar
/home/travis/.m2/repository/com/fasterxml/jackson/core/jackson-core/2.7.5/jackson-core-2.7.5.jar.sha1
/home/travis/.m2/repository/com/fasterxml/jackson/core/jackson-core/2.7.5/jackson-core-2.7.5.pom
/home/travis/.m2/repository/com/fasterxml/jackson/core/jackson-core/2.7.5/jackson-core-2.7.5.pom.sha1
/home/travis/.m2/repository/com/fasterxml/jacks
[0m
[32;1m...
[0m
[32;1mchanges detected, packing new archive[0m
[32;1muploading archive[0m

travis_time:end:0d1bb34e:start=1467774031777193568,finish=1467774038791320213,duration=7014126645[0Ktravis_fold:end:cache.2[0K
Done. Your build exited with 1.
