Using worker: worker-linux-docker-c7fc9b3e.prod.travis-ci.org:travis-linux-8

travis_fold:start:system_info[0K[33;1mBuild system information[0m
Build language: java
Build group: stable
Build dist: precise
[34m[1mBuild image provisioning date and time[0m
Thu Feb  5 15:09:33 UTC 2015
[34m[1mOperating System Details[0m
Distributor ID:	Ubuntu
Description:	Ubuntu 12.04.5 LTS
Release:	12.04
Codename:	precise
[34m[1mLinux Version[0m
3.13.0-29-generic
[34m[1mCookbooks Version[0m
a68419e https://github.com/travis-ci/travis-cookbooks/tree/a68419e
[34m[1mGCC version[0m
gcc (Ubuntu/Linaro 4.6.3-1ubuntu5) 4.6.3
Copyright (C) 2011 Free Software Foundation, Inc.
This is free software; see the source for copying conditions.  There is NO
warranty; not even for MERCHANTABILITY or FITNESS FOR A PARTICULAR PURPOSE.

[34m[1mLLVM version[0m
clang version 3.4 (tags/RELEASE_34/final)
Target: x86_64-unknown-linux-gnu
Thread model: posix
[34m[1mPre-installed Ruby versions[0m
ruby-1.9.3-p551
[34m[1mPre-installed Node.js versions[0m
v0.10.36
[34m[1mPre-installed Go versions[0m
1.4.1
[34m[1mRedis version[0m
redis-server 2.8.19
[34m[1mriak version[0m
2.0.2
[34m[1mMongoDB version[0m
MongoDB 2.4.12
[34m[1mCouchDB version[0m
couchdb 1.6.1
[34m[1mNeo4j version[0m
1.9.4
[34m[1mRabbitMQ Version[0m
3.4.3
[34m[1mElasticSearch version[0m
1.4.0
[34m[1mInstalled Sphinx versions[0m
2.0.10
2.1.9
2.2.6
[34m[1mDefault Sphinx version[0m
2.2.6
[34m[1mInstalled Firefox version[0m
firefox 31.0esr
[34m[1mPhantomJS version[0m
1.9.8
[34m[1mant -version[0m
Apache Ant(TM) version 1.8.2 compiled on December 3 2011
[34m[1mmvn -version[0m
Apache Maven 3.2.5 (12a6b3acb947671f09b81f49094c53f426d8cea1; 2014-12-14T17:29:23+00:00)
Maven home: /usr/local/maven
Java version: 1.7.0_76, vendor: Oracle Corporation
Java home: /usr/lib/jvm/java-7-oracle/jre
Default locale: en_US, platform encoding: ANSI_X3.4-1968
OS name: "linux", version: "3.13.0-29-generic", arch: "amd64", family: "unix"
travis_fold:end:system_info[0K
travis_fold:start:git.checkout[0Ktravis_time:start:2a882a92[0K$ git clone --depth=50 https://github.com/square/okhttp.git square/okhttp
Cloning into 'square/okhttp'...
remote: Counting objects: 2472, done.[K
remote: Compressing objects:   0% (1/1128)   [Kremote: Compressing objects:   1% (12/1128)   [Kremote: Compressing objects:   2% (23/1128)   [Kremote: Compressing objects:   3% (34/1128)   [Kremote: Compressing objects:   4% (46/1128)   [Kremote: Compressing objects:   5% (57/1128)   [Kremote: Compressing objects:   6% (68/1128)   [Kremote: Compressing objects:   7% (79/1128)   [Kremote: Compressing objects:   8% (91/1128)   [Kremote: Compressing objects:   9% (102/1128)   [Kremote: Compressing objects:  10% (113/1128)   [Kremote: Compressing objects:  11% (125/1128)   [Kremote: Compressing objects:  12% (136/1128)   [Kremote: Compressing objects:  13% (147/1128)   [Kremote: Compressing objects:  14% (158/1128)   [Kremote: Compressing objects:  15% (170/1128)   [Kremote: Compressing objects:  16% (181/1128)   [Kremote: Compressing objects:  17% (192/1128)   [Kremote: Compressing objects:  18% (204/1128)   [Kremote: Compressing objects:  19% (215/1128)   [Kremote: Compressing objects:  20% (226/1128)   [Kremote: Compressing objects:  21% (237/1128)   [Kremote: Compressing objects:  22% (249/1128)   [Kremote: Compressing objects:  23% (260/1128)   [Kremote: Compressing objects:  24% (271/1128)   [Kremote: Compressing objects:  25% (282/1128)   [Kremote: Compressing objects:  26% (294/1128)   [Kremote: Compressing objects:  27% (305/1128)   [Kremote: Compressing objects:  28% (316/1128)   [Kremote: Compressing objects:  29% (328/1128)   [Kremote: Compressing objects:  30% (339/1128)   [Kremote: Compressing objects:  31% (350/1128)   [Kremote: Compressing objects:  32% (361/1128)   [Kremote: Compressing objects:  33% (373/1128)   [Kremote: Compressing objects:  34% (384/1128)   [Kremote: Compressing objects:  35% (395/1128)   [Kremote: Compressing objects:  36% (407/1128)   [Kremote: Compressing objects:  37% (418/1128)   [Kremote: Compressing objects:  38% (429/1128)   [Kremote: Compressing objects:  39% (440/1128)   [Kremote: Compressing objects:  40% (452/1128)   [Kremote: Compressing objects:  41% (463/1128)   [Kremote: Compressing objects:  42% (474/1128)   [Kremote: Compressing objects:  43% (486/1128)   [Kremote: Compressing objects:  44% (497/1128)   [Kremote: Compressing objects:  45% (508/1128)   [Kremote: Compressing objects:  46% (519/1128)   [Kremote: Compressing objects:  47% (531/1128)   [Kremote: Compressing objects:  48% (542/1128)   [Kremote: Compressing objects:  49% (553/1128)   [Kremote: Compressing objects:  50% (564/1128)   [Kremote: Compressing objects:  51% (576/1128)   [Kremote: Compressing objects:  52% (587/1128)   [Kremote: Compressing objects:  53% (598/1128)   [Kremote: Compressing objects:  54% (610/1128)   [Kremote: Compressing objects:  55% (621/1128)   [Kremote: Compressing objects:  56% (632/1128)   [Kremote: Compressing objects:  57% (643/1128)   [Kremote: Compressing objects:  58% (655/1128)   [Kremote: Compressing objects:  59% (666/1128)   [Kremote: Compressing objects:  60% (677/1128)   [Kremote: Compressing objects:  61% (689/1128)   [Kremote: Compressing objects:  62% (700/1128)   [Kremote: Compressing objects:  63% (711/1128)   [Kremote: Compressing objects:  64% (722/1128)   [Kremote: Compressing objects:  65% (734/1128)   [Kremote: Compressing objects:  66% (745/1128)   [Kremote: Compressing objects:  67% (756/1128)   [Kremote: Compressing objects:  68% (768/1128)   [Kremote: Compressing objects:  69% (779/1128)   [Kremote: Compressing objects:  70% (790/1128)   [Kremote: Compressing objects:  71% (801/1128)   [Kremote: Compressing objects:  72% (813/1128)   [Kremote: Compressing objects:  73% (824/1128)   [Kremote: Compressing objects:  74% (835/1128)   [Kremote: Compressing objects:  75% (846/1128)   [Kremote: Compressing objects:  76% (858/1128)   [Kremote: Compressing objects:  77% (869/1128)   [Kremote: Compressing objects:  78% (880/1128)   [Kremote: Compressing objects:  79% (892/1128)   [Kremote: Compressing objects:  80% (903/1128)   [Kremote: Compressing objects:  81% (914/1128)   [Kremote: Compressing objects:  82% (925/1128)   [Kremote: Compressing objects:  83% (937/1128)   [Kremote: Compressing objects:  84% (948/1128)   [Kremote: Compressing objects:  85% (959/1128)   [Kremote: Compressing objects:  86% (971/1128)   [Kremote: Compressing objects:  87% (982/1128)   [Kremote: Compressing objects:  88% (993/1128)   [Kremote: Compressing objects:  89% (1004/1128)   [Kremote: Compressing objects:  90% (1016/1128)   [Kremote: Compressing objects:  91% (1027/1128)   [Kremote: Compressing objects:  92% (1038/1128)   [Kremote: Compressing objects:  93% (1050/1128)   [Kremote: Compressing objects:  94% (1061/1128)   [Kremote: Compressing objects:  95% (1072/1128)   [Kremote: Compressing objects:  96% (1083/1128)   [Kremote: Compressing objects:  97% (1095/1128)   [Kremote: Compressing objects:  98% (1106/1128)   [Kremote: Compressing objects:  99% (1117/1128)   [Kremote: Compressing objects: 100% (1128/1128)   [Kremote: Compressing objects: 100% (1128/1128), done.[K
Receiving objects:   0% (1/2472)   Receiving objects:   1% (25/2472)   Receiving objects:   2% (50/2472)   Receiving objects:   3% (75/2472)   Receiving objects:   4% (99/2472)   Receiving objects:   5% (124/2472)   Receiving objects:   6% (149/2472)   Receiving objects:   7% (174/2472)   Receiving objects:   8% (198/2472)   Receiving objects:   9% (223/2472)   Receiving objects:  10% (248/2472)   Receiving objects:  11% (272/2472)   Receiving objects:  12% (297/2472)   Receiving objects:  13% (322/2472)   Receiving objects:  14% (347/2472)   Receiving objects:  15% (371/2472)   Receiving objects:  16% (396/2472)   Receiving objects:  17% (421/2472)   Receiving objects:  18% (445/2472)   Receiving objects:  19% (470/2472)   Receiving objects:  20% (495/2472)   Receiving objects:  21% (520/2472)   Receiving objects:  22% (544/2472)   Receiving objects:  23% (569/2472)   Receiving objects:  24% (594/2472)   Receiving objects:  25% (618/2472)   Receiving objects:  26% (643/2472)   Receiving objects:  27% (668/2472)   Receiving objects:  28% (693/2472)   Receiving objects:  29% (717/2472)   Receiving objects:  30% (742/2472)   Receiving objects:  31% (767/2472)   Receiving objects:  32% (792/2472)   Receiving objects:  33% (816/2472)   Receiving objects:  34% (841/2472)   Receiving objects:  35% (866/2472)   Receiving objects:  36% (890/2472)   Receiving objects:  37% (915/2472)   Receiving objects:  38% (940/2472)   Receiving objects:  39% (965/2472)   Receiving objects:  40% (989/2472)   Receiving objects:  41% (1014/2472)   Receiving objects:  42% (1039/2472)   Receiving objects:  43% (1063/2472)   Receiving objects:  44% (1088/2472)   Receiving objects:  45% (1113/2472)   Receiving objects:  46% (1138/2472)   Receiving objects:  47% (1162/2472)   Receiving objects:  48% (1187/2472)   Receiving objects:  49% (1212/2472)   Receiving objects:  50% (1236/2472)   Receiving objects:  51% (1261/2472)   Receiving objects:  52% (1286/2472)   Receiving objects:  53% (1311/2472)   Receiving objects:  54% (1335/2472)   Receiving objects:  55% (1360/2472)   Receiving objects:  56% (1385/2472)   Receiving objects:  57% (1410/2472)   Receiving objects:  58% (1434/2472)   Receiving objects:  59% (1459/2472)   Receiving objects:  60% (1484/2472)   Receiving objects:  61% (1508/2472)   Receiving objects:  62% (1533/2472)   Receiving objects:  63% (1558/2472)   Receiving objects:  64% (1583/2472)   Receiving objects:  65% (1607/2472)   remote: Total 2472 (delta 754), reused 2051 (delta 497), pack-reused 0[K
Receiving objects:  66% (1632/2472)   Receiving objects:  67% (1657/2472)   Receiving objects:  68% (1681/2472)   Receiving objects:  69% (1706/2472)   Receiving objects:  70% (1731/2472)   Receiving objects:  71% (1756/2472)   Receiving objects:  72% (1780/2472)   Receiving objects:  73% (1805/2472)   Receiving objects:  74% (1830/2472)   Receiving objects:  75% (1854/2472)   Receiving objects:  76% (1879/2472)   Receiving objects:  77% (1904/2472)   Receiving objects:  78% (1929/2472)   Receiving objects:  79% (1953/2472)   Receiving objects:  80% (1978/2472)   Receiving objects:  81% (2003/2472)   Receiving objects:  82% (2028/2472)   Receiving objects:  83% (2052/2472)   Receiving objects:  84% (2077/2472)   Receiving objects:  85% (2102/2472)   Receiving objects:  86% (2126/2472)   Receiving objects:  87% (2151/2472)   Receiving objects:  88% (2176/2472)   Receiving objects:  89% (2201/2472)   Receiving objects:  90% (2225/2472)   Receiving objects:  91% (2250/2472)   Receiving objects:  92% (2275/2472)   Receiving objects:  93% (2299/2472)   Receiving objects:  94% (2324/2472)   Receiving objects:  95% (2349/2472)   Receiving objects:  96% (2374/2472)   Receiving objects:  97% (2398/2472)   Receiving objects:  98% (2423/2472)   Receiving objects:  99% (2448/2472)   Receiving objects: 100% (2472/2472)   Receiving objects: 100% (2472/2472), 885.47 KiB | 0 bytes/s, done.
Resolving deltas:   0% (0/754)   Resolving deltas:   1% (13/754)   Resolving deltas:   2% (18/754)   Resolving deltas:   3% (24/754)   Resolving deltas:   4% (31/754)   Resolving deltas:  13% (104/754)   Resolving deltas:  14% (106/754)   Resolving deltas:  15% (118/754)   Resolving deltas:  16% (122/754)   Resolving deltas:  17% (133/754)   Resolving deltas:  18% (137/754)   Resolving deltas:  19% (144/754)   Resolving deltas:  20% (151/754)   Resolving deltas:  21% (165/754)   Resolving deltas:  23% (175/754)   Resolving deltas:  24% (182/754)   Resolving deltas:  26% (197/754)   Resolving deltas:  33% (249/754)   Resolving deltas:  34% (262/754)   Resolving deltas:  35% (267/754)   Resolving deltas:  36% (272/754)   Resolving deltas:  38% (287/754)   Resolving deltas:  39% (296/754)   Resolving deltas:  40% (304/754)   Resolving deltas:  41% (310/754)   Resolving deltas:  42% (318/754)   Resolving deltas:  43% (330/754)   Resolving deltas:  44% (334/754)   Resolving deltas:  45% (340/754)   Resolving deltas:  46% (347/754)   Resolving deltas:  47% (358/754)   Resolving deltas:  48% (362/754)   Resolving deltas:  49% (370/754)   Resolving deltas:  50% (379/754)   Resolving deltas:  52% (395/754)   Resolving deltas:  53% (400/754)   Resolving deltas:  59% (450/754)   Resolving deltas:  60% (455/754)   Resolving deltas:  61% (460/754)   Resolving deltas:  62% (468/754)   Resolving deltas:  63% (477/754)   Resolving deltas:  64% (483/754)   Resolving deltas:  65% (491/754)   Resolving deltas:  66% (498/754)   Resolving deltas:  67% (511/754)   Resolving deltas:  70% (529/754)   Resolving deltas:  71% (536/754)   Resolving deltas:  72% (550/754)   Resolving deltas:  73% (556/754)   Resolving deltas:  74% (563/754)   Resolving deltas:  76% (575/754)   Resolving deltas:  77% (581/754)   Resolving deltas:  78% (589/754)   Resolving deltas:  79% (599/754)   Resolving deltas:  80% (610/754)   Resolving deltas:  81% (612/754)   Resolving deltas:  82% (621/754)   Resolving deltas:  83% (626/754)   Resolving deltas:  87% (658/754)   Resolving deltas:  88% (665/754)   Resolving deltas:  89% (673/754)   Resolving deltas:  95% (723/754)   Resolving deltas:  96% (730/754)   Resolving deltas:  97% (732/754)   Resolving deltas:  99% (747/754)   Resolving deltas: 100% (754/754)   Resolving deltas: 100% (754/754), done.
Checking connectivity... done.
travis_time:end:2a882a92:start=1450122166698424669,finish=1450122167465196452,duration=766771783[0K$ cd square/okhttp
travis_time:start:00e92a02[0K$ git fetch origin +refs/pull/2094/merge:
remote: Counting objects: 41, done.[K
remote: Compressing objects:   7% (1/13)   [Kremote: Compressing objects:  15% (2/13)   [Kremote: Compressing objects:  23% (3/13)   [Kremote: Compressing objects:  30% (4/13)   [Kremote: Compressing objects:  38% (5/13)   [Kremote: Compressing objects:  46% (6/13)   [Kremote: Compressing objects:  53% (7/13)   [Kremote: Compressing objects:  61% (8/13)   [Kremote: Compressing objects:  69% (9/13)   [Kremote: Compressing objects:  76% (10/13)   [Kremote: Compressing objects:  84% (11/13)   [Kremote: Compressing objects:  92% (12/13)   [Kremote: Compressing objects: 100% (13/13)   [Kremote: Compressing objects: 100% (13/13), done.[K
remote: Total 41 (delta 9), reused 41 (delta 9), pack-reused 0[K
Unpacking objects:   2% (1/41)   Unpacking objects:   4% (2/41)   Unpacking objects:   7% (3/41)   Unpacking objects:   9% (4/41)   Unpacking objects:  12% (5/41)   Unpacking objects:  14% (6/41)   Unpacking objects:  17% (7/41)   Unpacking objects:  19% (8/41)   Unpacking objects:  21% (9/41)   Unpacking objects:  24% (10/41)   Unpacking objects:  26% (11/41)   Unpacking objects:  29% (12/41)   Unpacking objects:  31% (13/41)   Unpacking objects:  34% (14/41)   Unpacking objects:  36% (15/41)   Unpacking objects:  39% (16/41)   Unpacking objects:  41% (17/41)   Unpacking objects:  43% (18/41)   Unpacking objects:  46% (19/41)   Unpacking objects:  48% (20/41)   Unpacking objects:  51% (21/41)   Unpacking objects:  53% (22/41)   Unpacking objects:  56% (23/41)   Unpacking objects:  58% (24/41)   Unpacking objects:  60% (25/41)   Unpacking objects:  63% (26/41)   Unpacking objects:  65% (27/41)   Unpacking objects:  68% (28/41)   Unpacking objects:  70% (29/41)   Unpacking objects:  73% (30/41)   Unpacking objects:  75% (31/41)   Unpacking objects:  78% (32/41)   Unpacking objects:  80% (33/41)   Unpacking objects:  82% (34/41)   Unpacking objects:  85% (35/41)   Unpacking objects:  87% (36/41)   Unpacking objects:  90% (37/41)   Unpacking objects:  92% (38/41)   Unpacking objects:  95% (39/41)   Unpacking objects:  97% (40/41)   Unpacking objects: 100% (41/41)   Unpacking objects: 100% (41/41), done.
From https://github.com/square/okhttp
 * branch            refs/pull/2094/merge -> FETCH_HEAD
travis_time:end:00e92a02:start=1450122167469652631,finish=1450122167796549122,duration=326896491[0K$ git checkout -qf FETCH_HEAD
travis_fold:end:git.checkout[0Ktravis_fold:start:git.submodule[0Ktravis_time:start:1bc7d9f0[0K$ git submodule init
Submodule 'okhttp-hpacktests/src/test/resources/hpack-test-case' (git://github.com/http2jp/hpack-test-case.git) registered for path 'okhttp-hpacktests/src/test/resources/hpack-test-case'
travis_time:end:1bc7d9f0:start=1450122167826084588,finish=1450122167870278926,duration=44194338[0Ktravis_time:start:089dc2ac[0K$ git submodule update
Cloning into 'okhttp-hpacktests/src/test/resources/hpack-test-case'...
remote: Counting objects: 4505, done.[K
Receiving objects:   0% (1/4505)   Receiving objects:   1% (46/4505)   Receiving objects:   2% (91/4505)   Receiving objects:   3% (136/4505)   Receiving objects:   4% (181/4505)   Receiving objects:   5% (226/4505)   Receiving objects:   6% (271/4505)   Receiving objects:   7% (316/4505)   Receiving objects:   8% (361/4505)   Receiving objects:   9% (406/4505)   Receiving objects:  10% (451/4505)   Receiving objects:  11% (496/4505)   Receiving objects:  12% (541/4505)   Receiving objects:  13% (586/4505)   Receiving objects:  14% (631/4505)   Receiving objects:  15% (676/4505)   Receiving objects:  16% (721/4505)   Receiving objects:  17% (766/4505)   Receiving objects:  18% (811/4505)   Receiving objects:  19% (856/4505)   Receiving objects:  20% (901/4505)   Receiving objects:  21% (947/4505)   Receiving objects:  22% (992/4505)   Receiving objects:  23% (1037/4505)   Receiving objects:  24% (1082/4505)   Receiving objects:  25% (1127/4505)   Receiving objects:  26% (1172/4505)   Receiving objects:  27% (1217/4505)   Receiving objects:  28% (1262/4505)   Receiving objects:  29% (1307/4505)   Receiving objects:  30% (1352/4505)   Receiving objects:  31% (1397/4505)   Receiving objects:  32% (1442/4505)   Receiving objects:  33% (1487/4505)   Receiving objects:  34% (1532/4505)   Receiving objects:  35% (1577/4505)   Receiving objects:  36% (1622/4505)   Receiving objects:  37% (1667/4505)   Receiving objects:  38% (1712/4505)   Receiving objects:  39% (1757/4505)   Receiving objects:  40% (1802/4505)   Receiving objects:  41% (1848/4505)   Receiving objects:  42% (1893/4505)   Receiving objects:  43% (1938/4505)   Receiving objects:  44% (1983/4505)   Receiving objects:  45% (2028/4505)   Receiving objects:  46% (2073/4505)   Receiving objects:  47% (2118/4505)   Receiving objects:  48% (2163/4505)   Receiving objects:  49% (2208/4505)   Receiving objects:  50% (2253/4505)   Receiving objects:  51% (2298/4505)   Receiving objects:  52% (2343/4505)   Receiving objects:  53% (2388/4505)   Receiving objects:  54% (2433/4505)   Receiving objects:  55% (2478/4505)   Receiving objects:  56% (2523/4505)   Receiving objects:  57% (2568/4505)   Receiving objects:  58% (2613/4505)   Receiving objects:  59% (2658/4505)   Receiving objects:  60% (2703/4505)   Receiving objects:  61% (2749/4505)   Receiving objects:  62% (2794/4505)   Receiving objects:  63% (2839/4505), 16.55 MiB | 33.02 MiB/s   Receiving objects:  64% (2884/4505), 16.55 MiB | 33.02 MiB/s   Receiving objects:  65% (2929/4505), 16.55 MiB | 33.02 MiB/s   Receiving objects:  66% (2974/4505), 16.55 MiB | 33.02 MiB/s   Receiving objects:  67% (3019/4505), 16.55 MiB | 33.02 MiB/s   Receiving objects:  68% (3064/4505), 16.55 MiB | 33.02 MiB/s   Receiving objects:  69% (3109/4505), 16.55 MiB | 33.02 MiB/s   Receiving objects:  70% (3154/4505), 16.55 MiB | 33.02 MiB/s   Receiving objects:  71% (3199/4505), 16.55 MiB | 33.02 MiB/s   Receiving objects:  72% (3244/4505), 16.55 MiB | 33.02 MiB/s   Receiving objects:  73% (3289/4505), 16.55 MiB | 33.02 MiB/s   Receiving objects:  74% (3334/4505), 16.55 MiB | 33.02 MiB/s   Receiving objects:  75% (3379/4505), 16.55 MiB | 33.02 MiB/s   Receiving objects:  76% (3424/4505), 16.55 MiB | 33.02 MiB/s   Receiving objects:  77% (3469/4505), 16.55 MiB | 33.02 MiB/s   Receiving objects:  78% (3514/4505), 16.55 MiB | 33.02 MiB/s   Receiving objects:  79% (3559/4505), 16.55 MiB | 33.02 MiB/s   Receiving objects:  80% (3604/4505), 16.55 MiB | 33.02 MiB/s   Receiving objects:  81% (3650/4505), 16.55 MiB | 33.02 MiB/s   Receiving objects:  82% (3695/4505), 16.55 MiB | 33.02 MiB/s   Receiving objects:  83% (3740/4505), 16.55 MiB | 33.02 MiB/s   Receiving objects:  84% (3785/4505), 16.55 MiB | 33.02 MiB/s   Receiving objects:  85% (3830/4505), 16.55 MiB | 33.02 MiB/s   Receiving objects:  86% (3875/4505), 16.55 MiB | 33.02 MiB/s   Receiving objects:  87% (3920/4505), 16.55 MiB | 33.02 MiB/s   Receiving objects:  88% (3965/4505), 16.55 MiB | 33.02 MiB/s   Receiving objects:  89% (4010/4505), 16.55 MiB | 33.02 MiB/s   Receiving objects:  90% (4055/4505), 16.55 MiB | 33.02 MiB/s   Receiving objects:  91% (4100/4505), 16.55 MiB | 33.02 MiB/s   Receiving objects:  92% (4145/4505), 16.55 MiB | 33.02 MiB/s   Receiving objects:  93% (4190/4505), 16.55 MiB | 33.02 MiB/s   Receiving objects:  94% (4235/4505), 16.55 MiB | 33.02 MiB/s   Receiving objects:  95% (4280/4505), 16.55 MiB | 33.02 MiB/s   Receiving objects:  96% (4325/4505), 16.55 MiB | 33.02 MiB/s   Receiving objects:  97% (4370/4505), 16.55 MiB | 33.02 MiB/s   remote: Total 4505 (delta 0), reused 0 (delta 0), pack-reused 4505[K
Receiving objects:  98% (4415/4505), 16.55 MiB | 33.02 MiB/s   Receiving objects:  99% (4460/4505), 16.55 MiB | 33.02 MiB/s   Receiving objects: 100% (4505/4505), 16.55 MiB | 33.02 MiB/s   Receiving objects: 100% (4505/4505), 25.94 MiB | 33.02 MiB/s, done.
Resolving deltas:   0% (0/4057)   Resolving deltas:   1% (60/4057)   Resolving deltas:   2% (82/4057)   Resolving deltas:  22% (901/4057)   Resolving deltas:  23% (953/4057)   Resolving deltas:  37% (1526/4057)   Resolving deltas:  38% (1565/4057)   Resolving deltas:  40% (1626/4057)   Resolving deltas:  41% (1695/4057)   Resolving deltas:  47% (1923/4057)   Resolving deltas:  48% (1953/4057)   Resolving deltas:  50% (2029/4057)   Resolving deltas:  52% (2122/4057)   Resolving deltas:  57% (2337/4057)   Resolving deltas:  59% (2419/4057)   Resolving deltas:  61% (2510/4057)   Resolving deltas:  63% (2588/4057)   Resolving deltas:  65% (2655/4057)   Resolving deltas:  66% (2698/4057)   Resolving deltas:  69% (2805/4057)   Resolving deltas:  73% (2966/4057)   Resolving deltas:  74% (3003/4057)   Resolving deltas:  75% (3080/4057)   Resolving deltas:  85% (3467/4057)   Resolving deltas:  86% (3510/4057)   Resolving deltas:  87% (3546/4057)   Resolving deltas:  88% (3591/4057)   Resolving deltas:  89% (3640/4057)   Resolving deltas:  90% (3652/4057)   Resolving deltas:  91% (3714/4057)   Resolving deltas:  92% (3733/4057)   Resolving deltas:  93% (3779/4057)   Resolving deltas:  95% (3885/4057)   Resolving deltas:  96% (3905/4057)   Resolving deltas:  97% (3936/4057)   Resolving deltas:  98% (3976/4057)   Resolving deltas: 100% (4057/4057)   Resolving deltas: 100% (4057/4057), done.
Checking connectivity... done.
Submodule path 'okhttp-hpacktests/src/test/resources/hpack-test-case': checked out 'a5652bc2bc3d2a992f39446369fb004a72e881d4'
travis_time:end:089dc2ac:start=1450122167875466351,finish=1450122171535110178,duration=3659643827[0Ktravis_fold:end:git.submodule[0K
[33;1mThis job is running on container-based infrastructure, which does not allow use of 'sudo', setuid and setguid executables.[0m
[33;1mIf you require sudo, add 'sudo: required' to your .travis.yml[0m
[33;1mSee http://docs.travis-ci.com/user/workers/container-based-infrastructure/ for details.[0m

[33;1mSetting environment variables from .travis.yml[0m
$ export CI_DEPLOY_USERNAME=[secure]
$ export CI_DEPLOY_PASSWORD=[secure]

travis_fold:start:cache.1[0KSetting up build cache
$ export CASHER_DIR=$HOME/.casher
travis_time:start:09dd54c4[0K$ Installing caching utilities
travis_time:end:09dd54c4:start=1450122173558060696,finish=1450122173617454781,duration=59394085[0Ktravis_time:start:1a6c2f4a[0Ktravis_time:end:1a6c2f4a:start=1450122173623601367,finish=1450122173627702033,duration=4100666[0Ktravis_time:start:006d8ec7[0K[32;1mattempting to download cache archive[0m
[32;1mfetching PR.2094/cache--jdk-oraclejdk7.tgz[0m
[32;1mfetching PR.2094/cache--jdk-oraclejdk7.tbz[0m
[32;1mfetching master/cache--jdk-oraclejdk7.tgz[0m
[32;1mfound cache[0m
travis_time:end:006d8ec7:start=1450122173632475042,finish=1450122191513736035,duration=17881260993[0Ktravis_time:start:119e4c68[0Ktravis_time:end:119e4c68:start=1450122191517730738,finish=1450122191521773922,duration=4043184[0Ktravis_time:start:185c9230[0K[32;1madding /home/travis/.m2 to cache[0m
travis_time:end:185c9230:start=1450122191525622644,finish=1450122194286265488,duration=2760642844[0Ktravis_fold:end:cache.1[0K$ jdk_switcher use oraclejdk7
Switching to Oracle JDK7 (java-7-oracle), JAVA_HOME will be set to /usr/lib/jvm/java-7-oracle
$ java -Xmx32m -version
java version "1.7.0_76"
Java(TM) SE Runtime Environment (build 1.7.0_76-b13)
Java HotSpot(TM) 64-Bit Server VM (build 24.76-b04, mixed mode)
$ javac -J-Xmx32m -version
javac 1.7.0_76
travis_fold:start:install[0Ktravis_time:start:0d233a50[0K$ mvn install -DskipTests=true -Dmaven.javadoc.skip=true -B -V
Apache Maven 3.2.5 (12a6b3acb947671f09b81f49094c53f426d8cea1; 2014-12-14T17:29:23+00:00)
Maven home: /usr/local/maven
Java version: 1.7.0_76, vendor: Oracle Corporation
Java home: /usr/lib/jvm/java-7-oracle/jre
Default locale: en_US, platform encoding: UTF-8
OS name: "linux", version: "3.13.0-40-generic", arch: "amd64", family: "unix"
[INFO] Scanning for projects...
[WARNING] 
[WARNING] Some problems were encountered while building the effective model for com.squareup.okhttp:okhttp-tests:jar:3.0.0-SNAPSHOT
[WARNING] 'build.plugins.plugin.version' for org.apache.maven.plugins:maven-deploy-plugin is missing. @ com.squareup.okhttp:okhttp-tests:[unknown-version], /home/travis/build/square/okhttp/okhttp-tests/pom.xml, line 58, column 15
[WARNING] 
[WARNING] Some problems were encountered while building the effective model for com.squareup.okhttp:okhttp-ws-tests:jar:3.0.0-SNAPSHOT
[WARNING] 'build.plugins.plugin.version' for org.apache.maven.plugins:maven-deploy-plugin is missing. @ com.squareup.okhttp:okhttp-ws-tests:[unknown-version], /home/travis/build/square/okhttp/okhttp-ws-tests/pom.xml, line 67, column 15
[WARNING] 
[WARNING] Some problems were encountered while building the effective model for com.squareup.okhttp:benchmarks:jar:3.0.0-SNAPSHOT
[WARNING] 'build.plugins.plugin.version' for org.codehaus.mojo:exec-maven-plugin is missing. @ com.squareup.okhttp:benchmarks:[unknown-version], /home/travis/build/square/okhttp/benchmarks/pom.xml, line 74, column 15
[WARNING] 
[WARNING] It is highly recommended to fix these problems because they threaten the stability of your build.
[WARNING] 
[WARNING] For this reason, future Maven versions might no longer support building such malformed projects.
[WARNING] 
[INFO] ------------------------------------------------------------------------
[INFO] Reactor Build Order:
[INFO] 
[INFO] OkHttp (Parent)
[INFO] OkHttp
[INFO] OkHttp test support classes
[INFO] OkHttp Web Sockets
[INFO] MockWebServer
[INFO] OkHttp URLConnection
[INFO] OkHttp Tests
[INFO] OkHttp Android Platform Support
[INFO] OkHttp Apache HttpClient
[INFO] OkHttp Web Socket Tests
[INFO] OkHttp Logging Interceptor
[INFO] OkCurl
[INFO] Samples (Parent)
[INFO] Sample: Guide
[INFO] Sample: Crawler
[INFO] Sample: Simple Client
[INFO] Sample: Static Server
[INFO] Benchmarks
[INFO]                                                                         
[INFO] ------------------------------------------------------------------------
[INFO] Building OkHttp (Parent) 3.0.0-SNAPSHOT
[INFO] ------------------------------------------------------------------------
[INFO] 
[INFO] --- maven-enforcer-plugin:1.0:enforce (enforce-maven) @ parent ---
[INFO] 
[INFO] --- animal-sniffer-maven-plugin:1.11:check (default) @ parent ---
[INFO] Checking unresolved references to org.codehaus.mojo.signature:java16:1.1
[INFO] 
[INFO] --- maven-checkstyle-plugin:2.10:checkstyle (default) @ parent ---
[INFO] 
[INFO] --- maven-install-plugin:2.4:install (default-install) @ parent ---
[INFO] Installing /home/travis/build/square/okhttp/pom.xml to /home/travis/.m2/repository/com/squareup/okhttp/parent/3.0.0-SNAPSHOT/parent-3.0.0-SNAPSHOT.pom
[INFO]                                                                         
[INFO] ------------------------------------------------------------------------
[INFO] Building OkHttp 3.0.0-SNAPSHOT
[INFO] ------------------------------------------------------------------------
[INFO] 
[INFO] --- maven-enforcer-plugin:1.0:enforce (enforce-maven) @ okhttp ---
[INFO] 
[INFO] --- templating-maven-plugin:1.0-alpha-3:filter-sources (default) @ okhttp ---
[INFO] Using 'UTF-8' encoding to copy filtered resources.
[INFO] Copying 1 resource
[INFO] Source directory: /home/travis/build/square/okhttp/okhttp/target/generated-sources/java-templates added.
[INFO] 
[INFO] --- maven-resources-plugin:2.6:resources (default-resources) @ okhttp ---
[INFO] Using 'UTF-8' encoding to copy filtered resources.
[INFO] skip non existing resourceDirectory /home/travis/build/square/okhttp/okhttp/src/main/resources
[INFO] 
[INFO] --- maven-compiler-plugin:3.0:compile (default-compile) @ okhttp ---
[INFO] Changes detected - recompiling the module!
[INFO] Compiling 80 source files to /home/travis/build/square/okhttp/okhttp/target/classes
[WARNING] /home/travis/build/square/okhttp/okhttp/src/main/java/com/squareup/okhttp/internal/Util.java: Some input files use unchecked or unsafe operations.
[WARNING] /home/travis/build/square/okhttp/okhttp/src/main/java/com/squareup/okhttp/internal/Util.java: Recompile with -Xlint:unchecked for details.
[INFO] 
[INFO] --- maven-resources-plugin:2.6:testResources (default-testResources) @ okhttp ---
[INFO] Using 'UTF-8' encoding to copy filtered resources.
[INFO] skip non existing resourceDirectory /home/travis/build/square/okhttp/okhttp/src/test/resources
[INFO] 
[INFO] --- maven-compiler-plugin:3.0:testCompile (default-testCompile) @ okhttp ---
[INFO] No sources to compile
[INFO] 
[INFO] --- maven-surefire-plugin:2.17:test (default-test) @ okhttp ---
[INFO] Tests are skipped.
[INFO] 
[INFO] --- animal-sniffer-maven-plugin:1.11:check (default) @ okhttp ---
[INFO] Checking unresolved references to org.codehaus.mojo.signature:java16:1.1
[INFO] 
[INFO] --- maven-jar-plugin:2.4:jar (default-jar) @ okhttp ---
[INFO] Building jar: /home/travis/build/square/okhttp/okhttp/target/okhttp-3.0.0-SNAPSHOT.jar
[INFO] 
[INFO] --- maven-checkstyle-plugin:2.10:checkstyle (default) @ okhttp ---
[INFO] Starting audit...
Audit done.

[WARNING] Unable to locate Source XRef to link to - DISABLED
[INFO] 
[INFO] --- maven-install-plugin:2.4:install (default-install) @ okhttp ---
[INFO] Installing /home/travis/build/square/okhttp/okhttp/target/okhttp-3.0.0-SNAPSHOT.jar to /home/travis/.m2/repository/com/squareup/okhttp/okhttp/3.0.0-SNAPSHOT/okhttp-3.0.0-SNAPSHOT.jar
[INFO] Installing /home/travis/build/square/okhttp/okhttp/pom.xml to /home/travis/.m2/repository/com/squareup/okhttp/okhttp/3.0.0-SNAPSHOT/okhttp-3.0.0-SNAPSHOT.pom
[INFO]                                                                         
[INFO] ------------------------------------------------------------------------
[INFO] Building OkHttp test support classes 3.0.0-SNAPSHOT
[INFO] ------------------------------------------------------------------------
[INFO] 
[INFO] --- maven-enforcer-plugin:1.0:enforce (enforce-maven) @ okhttp-testing-support ---
[INFO] 
[INFO] --- maven-resources-plugin:2.6:resources (default-resources) @ okhttp-testing-support ---
[INFO] Using 'UTF-8' encoding to copy filtered resources.
[INFO] skip non existing resourceDirectory /home/travis/build/square/okhttp/okhttp-testing-support/src/main/resources
[INFO] 
[INFO] --- maven-compiler-plugin:3.0:compile (default-compile) @ okhttp-testing-support ---
[INFO] Changes detected - recompiling the module!
[INFO] Compiling 3 source files to /home/travis/build/square/okhttp/okhttp-testing-support/target/classes
[INFO] 
[INFO] --- maven-resources-plugin:2.6:testResources (default-testResources) @ okhttp-testing-support ---
[INFO] Using 'UTF-8' encoding to copy filtered resources.
[INFO] skip non existing resourceDirectory /home/travis/build/square/okhttp/okhttp-testing-support/src/test/resources
[INFO] 
[INFO] --- maven-compiler-plugin:3.0:testCompile (default-testCompile) @ okhttp-testing-support ---
[INFO] No sources to compile
[INFO] 
[INFO] --- maven-surefire-plugin:2.17:test (default-test) @ okhttp-testing-support ---
[INFO] Tests are skipped.
[INFO] 
[INFO] --- animal-sniffer-maven-plugin:1.11:check (default) @ okhttp-testing-support ---
[INFO] Checking unresolved references to org.codehaus.mojo.signature:java16:1.1
[INFO] 
[INFO] --- maven-jar-plugin:2.4:jar (default-jar) @ okhttp-testing-support ---
[INFO] Building jar: /home/travis/build/square/okhttp/okhttp-testing-support/target/okhttp-testing-support-3.0.0-SNAPSHOT.jar
[INFO] 
[INFO] --- maven-checkstyle-plugin:2.10:checkstyle (default) @ okhttp-testing-support ---
[INFO] Starting audit...
Audit done.

[WARNING] Unable to locate Source XRef to link to - DISABLED
[INFO] 
[INFO] --- maven-install-plugin:2.4:install (default-install) @ okhttp-testing-support ---
[INFO] Installing /home/travis/build/square/okhttp/okhttp-testing-support/target/okhttp-testing-support-3.0.0-SNAPSHOT.jar to /home/travis/.m2/repository/com/squareup/okhttp/okhttp-testing-support/3.0.0-SNAPSHOT/okhttp-testing-support-3.0.0-SNAPSHOT.jar
[INFO] Installing /home/travis/build/square/okhttp/okhttp-testing-support/pom.xml to /home/travis/.m2/repository/com/squareup/okhttp/okhttp-testing-support/3.0.0-SNAPSHOT/okhttp-testing-support-3.0.0-SNAPSHOT.pom
[INFO]                                                                         
[INFO] ------------------------------------------------------------------------
[INFO] Building OkHttp Web Sockets 3.0.0-SNAPSHOT
[INFO] ------------------------------------------------------------------------
[INFO] 
[INFO] --- maven-enforcer-plugin:1.0:enforce (enforce-maven) @ okhttp-ws ---
[INFO] 
[INFO] --- maven-resources-plugin:2.6:resources (default-resources) @ okhttp-ws ---
[INFO] Using 'UTF-8' encoding to copy filtered resources.
[INFO] skip non existing resourceDirectory /home/travis/build/square/okhttp/okhttp-ws/src/main/resources
[INFO] 
[INFO] --- maven-compiler-plugin:3.0:compile (default-compile) @ okhttp-ws ---
[INFO] Changes detected - recompiling the module!
[INFO] Compiling 7 source files to /home/travis/build/square/okhttp/okhttp-ws/target/classes
[INFO] 
[INFO] --- maven-resources-plugin:2.6:testResources (default-testResources) @ okhttp-ws ---
[INFO] Using 'UTF-8' encoding to copy filtered resources.
[INFO] skip non existing resourceDirectory /home/travis/build/square/okhttp/okhttp-ws/src/test/resources
[INFO] 
[INFO] --- maven-compiler-plugin:3.0:testCompile (default-testCompile) @ okhttp-ws ---
[INFO] No sources to compile
[INFO] 
[INFO] --- maven-surefire-plugin:2.17:test (default-test) @ okhttp-ws ---
[INFO] Tests are skipped.
[INFO] 
[INFO] --- animal-sniffer-maven-plugin:1.11:check (default) @ okhttp-ws ---
[INFO] Checking unresolved references to org.codehaus.mojo.signature:java16:1.1
[INFO] 
[INFO] --- maven-jar-plugin:2.4:jar (default-jar) @ okhttp-ws ---
[INFO] Building jar: /home/travis/build/square/okhttp/okhttp-ws/target/okhttp-ws-3.0.0-SNAPSHOT.jar
[INFO] 
[INFO] --- maven-checkstyle-plugin:2.10:checkstyle (default) @ okhttp-ws ---
[INFO] Starting audit...
Audit done.

[WARNING] Unable to locate Source XRef to link to - DISABLED
[INFO] 
[INFO] --- maven-install-plugin:2.4:install (default-install) @ okhttp-ws ---
[INFO] Installing /home/travis/build/square/okhttp/okhttp-ws/target/okhttp-ws-3.0.0-SNAPSHOT.jar to /home/travis/.m2/repository/com/squareup/okhttp/okhttp-ws/3.0.0-SNAPSHOT/okhttp-ws-3.0.0-SNAPSHOT.jar
[INFO] Installing /home/travis/build/square/okhttp/okhttp-ws/pom.xml to /home/travis/.m2/repository/com/squareup/okhttp/okhttp-ws/3.0.0-SNAPSHOT/okhttp-ws-3.0.0-SNAPSHOT.pom
[INFO]                                                                         
[INFO] ------------------------------------------------------------------------
[INFO] Building MockWebServer 3.0.0-SNAPSHOT
[INFO] ------------------------------------------------------------------------
[INFO] 
[INFO] --- maven-enforcer-plugin:1.0:enforce (enforce-maven) @ mockwebserver ---
[INFO] 
[INFO] --- maven-resources-plugin:2.6:resources (default-resources) @ mockwebserver ---
[INFO] Using 'UTF-8' encoding to copy filtered resources.
[INFO] skip non existing resourceDirectory /home/travis/build/square/okhttp/mockwebserver/src/main/resources
[INFO] 
[INFO] --- maven-compiler-plugin:3.0:compile (default-compile) @ mockwebserver ---
[INFO] Changes detected - recompiling the module!
[INFO] Compiling 9 source files to /home/travis/build/square/okhttp/mockwebserver/target/classes
[WARNING] /home/travis/build/square/okhttp/mockwebserver/src/main/java/com/squareup/okhttp/internal/SslContextBuilder.java: /home/travis/build/square/okhttp/mockwebserver/src/main/java/com/squareup/okhttp/internal/SslContextBuilder.java uses or overrides a deprecated API.
[WARNING] /home/travis/build/square/okhttp/mockwebserver/src/main/java/com/squareup/okhttp/internal/SslContextBuilder.java: Recompile with -Xlint:deprecation for details.
[INFO] 
[INFO] --- maven-resources-plugin:2.6:testResources (default-testResources) @ mockwebserver ---
[INFO] Using 'UTF-8' encoding to copy filtered resources.
[INFO] skip non existing resourceDirectory /home/travis/build/square/okhttp/mockwebserver/src/test/resources
[INFO] 
[INFO] --- maven-compiler-plugin:3.0:testCompile (default-testCompile) @ mockwebserver ---
[INFO] Changes detected - recompiling the module!
[INFO] Compiling 2 source files to /home/travis/build/square/okhttp/mockwebserver/target/test-classes
[INFO] 
[INFO] --- maven-surefire-plugin:2.17:test (default-test) @ mockwebserver ---
[INFO] Tests are skipped.
[INFO] 
[INFO] --- animal-sniffer-maven-plugin:1.11:check (default) @ mockwebserver ---
[INFO] Checking unresolved references to org.codehaus.mojo.signature:java16:1.1
[INFO] 
[INFO] --- maven-jar-plugin:2.4:jar (default-jar) @ mockwebserver ---
[INFO] Building jar: /home/travis/build/square/okhttp/mockwebserver/target/mockwebserver-3.0.0-SNAPSHOT.jar
[INFO] 
[INFO] --- maven-assembly-plugin:2.2-beta-5:single (default) @ mockwebserver ---
[INFO] META-INF/ already added, skipping
[INFO] META-INF/MANIFEST.MF already added, skipping
[INFO] META-INF/maven/ already added, skipping
[INFO] META-INF/ already added, skipping
[INFO] META-INF/MANIFEST.MF already added, skipping
[INFO] com/ already added, skipping
[INFO] com/squareup/ already added, skipping
[INFO] com/squareup/okhttp/ already added, skipping
[INFO] com/squareup/okhttp/internal/ already added, skipping
[INFO] META-INF/maven/ already added, skipping
[INFO] META-INF/maven/com.squareup.okhttp/ already added, skipping
[INFO] META-INF/MANIFEST.MF already added, skipping
[INFO] META-INF/ already added, skipping
[INFO] META-INF/MANIFEST.MF already added, skipping
[INFO] org/ already added, skipping
[INFO] META-INF/ already added, skipping
[INFO] META-INF/MANIFEST.MF already added, skipping
[INFO] org/ already added, skipping
[INFO] LICENSE.txt already added, skipping
[INFO] Building jar: /home/travis/build/square/okhttp/mockwebserver/target/mockwebserver-3.0.0-SNAPSHOT-jar-with-dependencies.jar
[INFO] META-INF/ already added, skipping
[INFO] META-INF/MANIFEST.MF already added, skipping
[INFO] META-INF/maven/ already added, skipping
[INFO] META-INF/ already added, skipping
[INFO] META-INF/MANIFEST.MF already added, skipping
[INFO] com/ already added, skipping
[INFO] com/squareup/ already added, skipping
[INFO] com/squareup/okhttp/ already added, skipping
[INFO] com/squareup/okhttp/internal/ already added, skipping
[INFO] META-INF/maven/ already added, skipping
[INFO] META-INF/maven/com.squareup.okhttp/ already added, skipping
[INFO] META-INF/MANIFEST.MF already added, skipping
[INFO] META-INF/ already added, skipping
[INFO] META-INF/MANIFEST.MF already added, skipping
[INFO] org/ already added, skipping
[INFO] META-INF/ already added, skipping
[INFO] META-INF/MANIFEST.MF already added, skipping
[INFO] org/ already added, skipping
[INFO] LICENSE.txt already added, skipping
[INFO] 
[INFO] --- maven-checkstyle-plugin:2.10:checkstyle (default) @ mockwebserver ---
[INFO] Starting audit...
Audit done.

[WARNING] Unable to locate Source XRef to link to - DISABLED
[INFO] 
[INFO] --- maven-install-plugin:2.4:install (default-install) @ mockwebserver ---
[INFO] Installing /home/travis/build/square/okhttp/mockwebserver/target/mockwebserver-3.0.0-SNAPSHOT.jar to /home/travis/.m2/repository/com/squareup/okhttp/mockwebserver/3.0.0-SNAPSHOT/mockwebserver-3.0.0-SNAPSHOT.jar
[INFO] Installing /home/travis/build/square/okhttp/mockwebserver/pom.xml to /home/travis/.m2/repository/com/squareup/okhttp/mockwebserver/3.0.0-SNAPSHOT/mockwebserver-3.0.0-SNAPSHOT.pom
[INFO] Installing /home/travis/build/square/okhttp/mockwebserver/target/mockwebserver-3.0.0-SNAPSHOT-jar-with-dependencies.jar to /home/travis/.m2/repository/com/squareup/okhttp/mockwebserver/3.0.0-SNAPSHOT/mockwebserver-3.0.0-SNAPSHOT-jar-with-dependencies.jar
[INFO]                                                                         
[INFO] ------------------------------------------------------------------------
[INFO] Building OkHttp URLConnection 3.0.0-SNAPSHOT
[INFO] ------------------------------------------------------------------------
[INFO] 
[INFO] --- maven-enforcer-plugin:1.0:enforce (enforce-maven) @ okhttp-urlconnection ---
[INFO] 
[INFO] --- maven-resources-plugin:2.6:resources (default-resources) @ okhttp-urlconnection ---
[INFO] Using 'UTF-8' encoding to copy filtered resources.
[INFO] skip non existing resourceDirectory /home/travis/build/square/okhttp/okhttp-urlconnection/src/main/resources
[INFO] 
[INFO] --- maven-compiler-plugin:3.0:compile (default-compile) @ okhttp-urlconnection ---
[INFO] Changes detected - recompiling the module!
[INFO] Compiling 4 source files to /home/travis/build/square/okhttp/okhttp-urlconnection/target/classes
[INFO] 
[INFO] --- maven-resources-plugin:2.6:testResources (default-testResources) @ okhttp-urlconnection ---
[INFO] Using 'UTF-8' encoding to copy filtered resources.
[INFO] skip non existing resourceDirectory /home/travis/build/square/okhttp/okhttp-urlconnection/src/test/resources
[INFO] 
[INFO] --- maven-compiler-plugin:3.0:testCompile (default-testCompile) @ okhttp-urlconnection ---
[INFO] Changes detected - recompiling the module!
[INFO] Compiling 3 source files to /home/travis/build/square/okhttp/okhttp-urlconnection/target/test-classes
[INFO] 
[INFO] --- maven-surefire-plugin:2.17:test (default-test) @ okhttp-urlconnection ---
[INFO] Tests are skipped.
[INFO] 
[INFO] --- animal-sniffer-maven-plugin:1.11:check (default) @ okhttp-urlconnection ---
[INFO] Checking unresolved references to org.codehaus.mojo.signature:java16:1.1
[INFO] 
[INFO] --- maven-jar-plugin:2.4:jar (default-jar) @ okhttp-urlconnection ---
[INFO] Building jar: /home/travis/build/square/okhttp/okhttp-urlconnection/target/okhttp-urlconnection-3.0.0-SNAPSHOT.jar
[INFO] 
[INFO] --- maven-checkstyle-plugin:2.10:checkstyle (default) @ okhttp-urlconnection ---
[INFO] Starting audit...
Audit done.

[WARNING] Unable to locate Source XRef to link to - DISABLED
[INFO] 
[INFO] --- maven-install-plugin:2.4:install (default-install) @ okhttp-urlconnection ---
[INFO] Installing /home/travis/build/square/okhttp/okhttp-urlconnection/target/okhttp-urlconnection-3.0.0-SNAPSHOT.jar to /home/travis/.m2/repository/com/squareup/okhttp/okhttp-urlconnection/3.0.0-SNAPSHOT/okhttp-urlconnection-3.0.0-SNAPSHOT.jar
[INFO] Installing /home/travis/build/square/okhttp/okhttp-urlconnection/pom.xml to /home/travis/.m2/repository/com/squareup/okhttp/okhttp-urlconnection/3.0.0-SNAPSHOT/okhttp-urlconnection-3.0.0-SNAPSHOT.pom
[INFO]                                                                         
[INFO] ------------------------------------------------------------------------
[INFO] Building OkHttp Tests 3.0.0-SNAPSHOT
[INFO] ------------------------------------------------------------------------
[INFO] 
[INFO] --- maven-enforcer-plugin:1.0:enforce (enforce-maven) @ okhttp-tests ---
[INFO] 
[INFO] --- maven-resources-plugin:2.6:resources (default-resources) @ okhttp-tests ---
[INFO] Using 'UTF-8' encoding to copy filtered resources.
[INFO] skip non existing resourceDirectory /home/travis/build/square/okhttp/okhttp-tests/src/main/resources
[INFO] 
[INFO] --- maven-compiler-plugin:3.0:compile (default-compile) @ okhttp-tests ---
[INFO] No sources to compile
[INFO] 
[INFO] --- maven-resources-plugin:2.6:testResources (default-testResources) @ okhttp-tests ---
[INFO] Using 'UTF-8' encoding to copy filtered resources.
[INFO] Copying 1 resource
[INFO] 
[INFO] --- maven-compiler-plugin:3.0:testCompile (default-testCompile) @ okhttp-tests ---
[INFO] Changes detected - recompiling the module!
[INFO] Compiling 66 source files to /home/travis/build/square/okhttp/okhttp-tests/target/test-classes
[INFO] -------------------------------------------------------------
[WARNING] COMPILATION WARNING : 
[INFO] -------------------------------------------------------------
[WARNING] /home/travis/build/square/okhttp/okhttp-tests/src/test/java/com/squareup/okhttp/CertificatePinnerTest.java: /home/travis/build/square/okhttp/okhttp-tests/src/test/java/com/squareup/okhttp/CertificatePinnerTest.java uses or overrides a deprecated API.
[WARNING] /home/travis/build/square/okhttp/okhttp-tests/src/test/java/com/squareup/okhttp/CertificatePinnerTest.java: Recompile with -Xlint:deprecation for details.
[WARNING] /home/travis/build/square/okhttp/okhttp-tests/src/test/java/com/squareup/okhttp/ConnectionSpecTest.java: Some input files use unchecked or unsafe operations.
[WARNING] /home/travis/build/square/okhttp/okhttp-tests/src/test/java/com/squareup/okhttp/ConnectionSpecTest.java: Recompile with -Xlint:unchecked for details.
[INFO] 4 warnings 
[INFO] -------------------------------------------------------------
[INFO] -------------------------------------------------------------
[ERROR] COMPILATION ERROR : 
[INFO] -------------------------------------------------------------
[ERROR] /home/travis/build/square/okhttp/okhttp-tests/src/test/java/com/squareup/okhttp/CacheTest.java:[262,53] incompatible types
  required: java.lang.String
  found:    com.squareup.okhttp.CipherSuite
[INFO] 1 error
[INFO] -------------------------------------------------------------
[INFO] ------------------------------------------------------------------------
[INFO] Reactor Summary:
[INFO] 
[INFO] OkHttp (Parent) .................................... SUCCESS [  2.987 s]
[INFO] OkHttp ............................................. SUCCESS [ 12.394 s]
[INFO] OkHttp test support classes ........................ SUCCESS [  1.874 s]
[INFO] OkHttp Web Sockets ................................. SUCCESS [  1.587 s]
[INFO] MockWebServer ...................................... SUCCESS [  5.234 s]
[INFO] OkHttp URLConnection ............................... SUCCESS [  1.346 s]
[INFO] OkHttp Tests ....................................... FAILURE [  2.250 s]
[INFO] OkHttp Android Platform Support .................... SKIPPED
[INFO] OkHttp Apache HttpClient ........................... SKIPPED
[INFO] OkHttp Web Socket Tests ............................ SKIPPED
[INFO] OkHttp Logging Interceptor ......................... SKIPPED
[INFO] OkCurl ............................................. SKIPPED
[INFO] Samples (Parent) ................................... SKIPPED
[INFO] Sample: Guide ...................................... SKIPPED
[INFO] Sample: Crawler .................................... SKIPPED
[INFO] Sample: Simple Client .............................. SKIPPED
[INFO] Sample: Static Server .............................. SKIPPED
[INFO] Benchmarks ......................................... SKIPPED
[INFO] ------------------------------------------------------------------------
[INFO] BUILD FAILURE
[INFO] ------------------------------------------------------------------------
[INFO] Total time: 28.248 s
[INFO] Finished at: 2015-12-14T19:43:45+00:00
[INFO] Final Memory: 33M/472M
[INFO] ------------------------------------------------------------------------
[ERROR] Failed to execute goal org.apache.maven.plugins:maven-compiler-plugin:3.0:testCompile (default-testCompile) on project okhttp-tests: Compilation failure
[ERROR] /home/travis/build/square/okhttp/okhttp-tests/src/test/java/com/squareup/okhttp/CacheTest.java:[262,53] incompatible types
[ERROR] required: java.lang.String
[ERROR] found:    com.squareup.okhttp.CipherSuite
[ERROR] -> [Help 1]
[ERROR] 
[ERROR] To see the full stack trace of the errors, re-run Maven with the -e switch.
[ERROR] Re-run Maven using the -X switch to enable full debug logging.
[ERROR] 
[ERROR] For more information about the errors and possible solutions, please read the following articles:
[ERROR] [Help 1] http://cwiki.apache.org/confluence/display/MAVEN/MojoFailureException
[ERROR] 
[ERROR] After correcting the problems, you can resume the build with the command
[ERROR]   mvn <goals> -rf :okhttp-tests

[31;1mThe command "eval mvn install -DskipTests=true -Dmaven.javadoc.skip=true -B -V" failed. Retrying, 2 of 3.[0m

Apache Maven 3.2.5 (12a6b3acb947671f09b81f49094c53f426d8cea1; 2014-12-14T17:29:23+00:00)
Maven home: /usr/local/maven
Java version: 1.7.0_76, vendor: Oracle Corporation
Java home: /usr/lib/jvm/java-7-oracle/jre
Default locale: en_US, platform encoding: UTF-8
OS name: "linux", version: "3.13.0-40-generic", arch: "amd64", family: "unix"
[INFO] Scanning for projects...
[WARNING] 
[WARNING] Some problems were encountered while building the effective model for com.squareup.okhttp:okhttp-tests:jar:3.0.0-SNAPSHOT
[WARNING] 'build.plugins.plugin.version' for org.apache.maven.plugins:maven-deploy-plugin is missing. @ com.squareup.okhttp:okhttp-tests:[unknown-version], /home/travis/build/square/okhttp/okhttp-tests/pom.xml, line 58, column 15
[WARNING] 
[WARNING] Some problems were encountered while building the effective model for com.squareup.okhttp:okhttp-ws-tests:jar:3.0.0-SNAPSHOT
[WARNING] 'build.plugins.plugin.version' for org.apache.maven.plugins:maven-deploy-plugin is missing. @ com.squareup.okhttp:okhttp-ws-tests:[unknown-version], /home/travis/build/square/okhttp/okhttp-ws-tests/pom.xml, line 67, column 15
[WARNING] 
[WARNING] Some problems were encountered while building the effective model for com.squareup.okhttp:benchmarks:jar:3.0.0-SNAPSHOT
[WARNING] 'build.plugins.plugin.version' for org.codehaus.mojo:exec-maven-plugin is missing. @ com.squareup.okhttp:benchmarks:[unknown-version], /home/travis/build/square/okhttp/benchmarks/pom.xml, line 74, column 15
[WARNING] 
[WARNING] It is highly recommended to fix these problems because they threaten the stability of your build.
[WARNING] 
[WARNING] For this reason, future Maven versions might no longer support building such malformed projects.
[WARNING] 
[INFO] ------------------------------------------------------------------------
[INFO] Reactor Build Order:
[INFO] 
[INFO] OkHttp (Parent)
[INFO] OkHttp
[INFO] OkHttp test support classes
[INFO] OkHttp Web Sockets
[INFO] MockWebServer
[INFO] OkHttp URLConnection
[INFO] OkHttp Tests
[INFO] OkHttp Android Platform Support
[INFO] OkHttp Apache HttpClient
[INFO] OkHttp Web Socket Tests
[INFO] OkHttp Logging Interceptor
[INFO] OkCurl
[INFO] Samples (Parent)
[INFO] Sample: Guide
[INFO] Sample: Crawler
[INFO] Sample: Simple Client
[INFO] Sample: Static Server
[INFO] Benchmarks
[INFO]                                                                         
[INFO] ------------------------------------------------------------------------
[INFO] Building OkHttp (Parent) 3.0.0-SNAPSHOT
[INFO] ------------------------------------------------------------------------
[INFO] 
[INFO] --- maven-enforcer-plugin:1.0:enforce (enforce-maven) @ parent ---
[INFO] 
[INFO] --- animal-sniffer-maven-plugin:1.11:check (default) @ parent ---
[INFO] Checking unresolved references to org.codehaus.mojo.signature:java16:1.1
[INFO] 
[INFO] --- maven-checkstyle-plugin:2.10:checkstyle (default) @ parent ---
[INFO] 
[INFO] --- maven-install-plugin:2.4:install (default-install) @ parent ---
[INFO] Installing /home/travis/build/square/okhttp/pom.xml to /home/travis/.m2/repository/com/squareup/okhttp/parent/3.0.0-SNAPSHOT/parent-3.0.0-SNAPSHOT.pom
[INFO]                                                                         
[INFO] ------------------------------------------------------------------------
[INFO] Building OkHttp 3.0.0-SNAPSHOT
[INFO] ------------------------------------------------------------------------
[INFO] 
[INFO] --- maven-enforcer-plugin:1.0:enforce (enforce-maven) @ okhttp ---
[INFO] 
[INFO] --- templating-maven-plugin:1.0-alpha-3:filter-sources (default) @ okhttp ---
[INFO] Using 'UTF-8' encoding to copy filtered resources.
[INFO] Copying 1 resource
[INFO] Source directory: /home/travis/build/square/okhttp/okhttp/target/generated-sources/java-templates added.
[INFO] 
[INFO] --- maven-resources-plugin:2.6:resources (default-resources) @ okhttp ---
[INFO] Using 'UTF-8' encoding to copy filtered resources.
[INFO] skip non existing resourceDirectory /home/travis/build/square/okhttp/okhttp/src/main/resources
[INFO] 
[INFO] --- maven-compiler-plugin:3.0:compile (default-compile) @ okhttp ---
[INFO] Changes detected - recompiling the module!
[INFO] Compiling 80 source files to /home/travis/build/square/okhttp/okhttp/target/classes
[WARNING] /home/travis/build/square/okhttp/okhttp/src/main/java/com/squareup/okhttp/internal/Util.java: Some input files use unchecked or unsafe operations.
[WARNING] /home/travis/build/square/okhttp/okhttp/src/main/java/com/squareup/okhttp/internal/Util.java: Recompile with -Xlint:unchecked for details.
[INFO] 
[INFO] --- maven-resources-plugin:2.6:testResources (default-testResources) @ okhttp ---
[INFO] Using 'UTF-8' encoding to copy filtered resources.
[INFO] skip non existing resourceDirectory /home/travis/build/square/okhttp/okhttp/src/test/resources
[INFO] 
[INFO] --- maven-compiler-plugin:3.0:testCompile (default-testCompile) @ okhttp ---
[INFO] No sources to compile
[INFO] 
[INFO] --- maven-surefire-plugin:2.17:test (default-test) @ okhttp ---
[INFO] Tests are skipped.
[INFO] 
[INFO] --- animal-sniffer-maven-plugin:1.11:check (default) @ okhttp ---
[INFO] Checking unresolved references to org.codehaus.mojo.signature:java16:1.1
[INFO] 
[INFO] --- maven-jar-plugin:2.4:jar (default-jar) @ okhttp ---
[INFO] Building jar: /home/travis/build/square/okhttp/okhttp/target/okhttp-3.0.0-SNAPSHOT.jar
[INFO] 
[INFO] --- maven-checkstyle-plugin:2.10:checkstyle (default) @ okhttp ---
[INFO] Starting audit...
Audit done.

[WARNING] Unable to locate Source XRef to link to - DISABLED
[INFO] 
[INFO] --- maven-install-plugin:2.4:install (default-install) @ okhttp ---
[INFO] Installing /home/travis/build/square/okhttp/okhttp/target/okhttp-3.0.0-SNAPSHOT.jar to /home/travis/.m2/repository/com/squareup/okhttp/okhttp/3.0.0-SNAPSHOT/okhttp-3.0.0-SNAPSHOT.jar
[INFO] Installing /home/travis/build/square/okhttp/okhttp/pom.xml to /home/travis/.m2/repository/com/squareup/okhttp/okhttp/3.0.0-SNAPSHOT/okhttp-3.0.0-SNAPSHOT.pom
[INFO]                                                                         
[INFO] ------------------------------------------------------------------------
[INFO] Building OkHttp test support classes 3.0.0-SNAPSHOT
[INFO] ------------------------------------------------------------------------
[INFO] 
[INFO] --- maven-enforcer-plugin:1.0:enforce (enforce-maven) @ okhttp-testing-support ---
[INFO] 
[INFO] --- maven-resources-plugin:2.6:resources (default-resources) @ okhttp-testing-support ---
[INFO] Using 'UTF-8' encoding to copy filtered resources.
[INFO] skip non existing resourceDirectory /home/travis/build/square/okhttp/okhttp-testing-support/src/main/resources
[INFO] 
[INFO] --- maven-compiler-plugin:3.0:compile (default-compile) @ okhttp-testing-support ---
[INFO] Changes detected - recompiling the module!
[INFO] Compiling 3 source files to /home/travis/build/square/okhttp/okhttp-testing-support/target/classes
[INFO] 
[INFO] --- maven-resources-plugin:2.6:testResources (default-testResources) @ okhttp-testing-support ---
[INFO] Using 'UTF-8' encoding to copy filtered resources.
[INFO] skip non existing resourceDirectory /home/travis/build/square/okhttp/okhttp-testing-support/src/test/resources
[INFO] 
[INFO] --- maven-compiler-plugin:3.0:testCompile (default-testCompile) @ okhttp-testing-support ---
[INFO] No sources to compile
[INFO] 
[INFO] --- maven-surefire-plugin:2.17:test (default-test) @ okhttp-testing-support ---
[INFO] Tests are skipped.
[INFO] 
[INFO] --- animal-sniffer-maven-plugin:1.11:check (default) @ okhttp-testing-support ---
[INFO] Checking unresolved references to org.codehaus.mojo.signature:java16:1.1
[INFO] 
[INFO] --- maven-jar-plugin:2.4:jar (default-jar) @ okhttp-testing-support ---
[INFO] Building jar: /home/travis/build/square/okhttp/okhttp-testing-support/target/okhttp-testing-support-3.0.0-SNAPSHOT.jar
[INFO] 
[INFO] --- maven-checkstyle-plugin:2.10:checkstyle (default) @ okhttp-testing-support ---
[INFO] Starting audit...
Audit done.

[WARNING] Unable to locate Source XRef to link to - DISABLED
[INFO] 
[INFO] --- maven-install-plugin:2.4:install (default-install) @ okhttp-testing-support ---
[INFO] Installing /home/travis/build/square/okhttp/okhttp-testing-support/target/okhttp-testing-support-3.0.0-SNAPSHOT.jar to /home/travis/.m2/repository/com/squareup/okhttp/okhttp-testing-support/3.0.0-SNAPSHOT/okhttp-testing-support-3.0.0-SNAPSHOT.jar
[INFO] Installing /home/travis/build/square/okhttp/okhttp-testing-support/pom.xml to /home/travis/.m2/repository/com/squareup/okhttp/okhttp-testing-support/3.0.0-SNAPSHOT/okhttp-testing-support-3.0.0-SNAPSHOT.pom
[INFO]                                                                         
[INFO] ------------------------------------------------------------------------
[INFO] Building OkHttp Web Sockets 3.0.0-SNAPSHOT
[INFO] ------------------------------------------------------------------------
[INFO] 
[INFO] --- maven-enforcer-plugin:1.0:enforce (enforce-maven) @ okhttp-ws ---
[INFO] 
[INFO] --- maven-resources-plugin:2.6:resources (default-resources) @ okhttp-ws ---
[INFO] Using 'UTF-8' encoding to copy filtered resources.
[INFO] skip non existing resourceDirectory /home/travis/build/square/okhttp/okhttp-ws/src/main/resources
[INFO] 
[INFO] --- maven-compiler-plugin:3.0:compile (default-compile) @ okhttp-ws ---
[INFO] Changes detected - recompiling the module!
[INFO] Compiling 7 source files to /home/travis/build/square/okhttp/okhttp-ws/target/classes
[INFO] 
[INFO] --- maven-resources-plugin:2.6:testResources (default-testResources) @ okhttp-ws ---
[INFO] Using 'UTF-8' encoding to copy filtered resources.
[INFO] skip non existing resourceDirectory /home/travis/build/square/okhttp/okhttp-ws/src/test/resources
[INFO] 
[INFO] --- maven-compiler-plugin:3.0:testCompile (default-testCompile) @ okhttp-ws ---
[INFO] No sources to compile
[INFO] 
[INFO] --- maven-surefire-plugin:2.17:test (default-test) @ okhttp-ws ---
[INFO] Tests are skipped.
[INFO] 
[INFO] --- animal-sniffer-maven-plugin:1.11:check (default) @ okhttp-ws ---
[INFO] Checking unresolved references to org.codehaus.mojo.signature:java16:1.1
[INFO] 
[INFO] --- maven-jar-plugin:2.4:jar (default-jar) @ okhttp-ws ---
[INFO] Building jar: /home/travis/build/square/okhttp/okhttp-ws/target/okhttp-ws-3.0.0-SNAPSHOT.jar
[INFO] 
[INFO] --- maven-checkstyle-plugin:2.10:checkstyle (default) @ okhttp-ws ---
[INFO] Starting audit...
Audit done.

[WARNING] Unable to locate Source XRef to link to - DISABLED
[INFO] 
[INFO] --- maven-install-plugin:2.4:install (default-install) @ okhttp-ws ---
[INFO] Installing /home/travis/build/square/okhttp/okhttp-ws/target/okhttp-ws-3.0.0-SNAPSHOT.jar to /home/travis/.m2/repository/com/squareup/okhttp/okhttp-ws/3.0.0-SNAPSHOT/okhttp-ws-3.0.0-SNAPSHOT.jar
[INFO] Installing /home/travis/build/square/okhttp/okhttp-ws/pom.xml to /home/travis/.m2/repository/com/squareup/okhttp/okhttp-ws/3.0.0-SNAPSHOT/okhttp-ws-3.0.0-SNAPSHOT.pom
[INFO]                                                                         
[INFO] ------------------------------------------------------------------------
[INFO] Building MockWebServer 3.0.0-SNAPSHOT
[INFO] ------------------------------------------------------------------------
[INFO] 
[INFO] --- maven-enforcer-plugin:1.0:enforce (enforce-maven) @ mockwebserver ---
[INFO] 
[INFO] --- maven-resources-plugin:2.6:resources (default-resources) @ mockwebserver ---
[INFO] Using 'UTF-8' encoding to copy filtered resources.
[INFO] skip non existing resourceDirectory /home/travis/build/square/okhttp/mockwebserver/src/main/resources
[INFO] 
[INFO] --- maven-compiler-plugin:3.0:compile (default-compile) @ mockwebserver ---
[INFO] Changes detected - recompiling the module!
[INFO] Compiling 9 source files to /home/travis/build/square/okhttp/mockwebserver/target/classes
[WARNING] /home/travis/build/square/okhttp/mockwebserver/src/main/java/com/squareup/okhttp/internal/SslContextBuilder.java: /home/travis/build/square/okhttp/mockwebserver/src/main/java/com/squareup/okhttp/internal/SslContextBuilder.java uses or overrides a deprecated API.
[WARNING] /home/travis/build/square/okhttp/mockwebserver/src/main/java/com/squareup/okhttp/internal/SslContextBuilder.java: Recompile with -Xlint:deprecation for details.
[INFO] 
[INFO] --- maven-resources-plugin:2.6:testResources (default-testResources) @ mockwebserver ---
[INFO] Using 'UTF-8' encoding to copy filtered resources.
[INFO] skip non existing resourceDirectory /home/travis/build/square/okhttp/mockwebserver/src/test/resources
[INFO] 
[INFO] --- maven-compiler-plugin:3.0:testCompile (default-testCompile) @ mockwebserver ---
[INFO] Changes detected - recompiling the module!
[INFO] Compiling 2 source files to /home/travis/build/square/okhttp/mockwebserver/target/test-classes
[INFO] 
[INFO] --- maven-surefire-plugin:2.17:test (default-test) @ mockwebserver ---
[INFO] Tests are skipped.
[INFO] 
[INFO] --- animal-sniffer-maven-plugin:1.11:check (default) @ mockwebserver ---
[INFO] Checking unresolved references to org.codehaus.mojo.signature:java16:1.1
[INFO] 
[INFO] --- maven-jar-plugin:2.4:jar (default-jar) @ mockwebserver ---
[INFO] Building jar: /home/travis/build/square/okhttp/mockwebserver/target/mockwebserver-3.0.0-SNAPSHOT.jar
[INFO] 
[INFO] --- maven-assembly-plugin:2.2-beta-5:single (default) @ mockwebserver ---
[INFO] META-INF/ already added, skipping
[INFO] META-INF/MANIFEST.MF already added, skipping
[INFO] META-INF/maven/ already added, skipping
[INFO] META-INF/ already added, skipping
[INFO] META-INF/MANIFEST.MF already added, skipping
[INFO] com/ already added, skipping
[INFO] com/squareup/ already added, skipping
[INFO] com/squareup/okhttp/ already added, skipping
[INFO] com/squareup/okhttp/internal/ already added, skipping
[INFO] META-INF/maven/ already added, skipping
[INFO] META-INF/maven/com.squareup.okhttp/ already added, skipping
[INFO] META-INF/MANIFEST.MF already added, skipping
[INFO] META-INF/ already added, skipping
[INFO] META-INF/MANIFEST.MF already added, skipping
[INFO] org/ already added, skipping
[INFO] META-INF/ already added, skipping
[INFO] META-INF/MANIFEST.MF already added, skipping
[INFO] org/ already added, skipping
[INFO] LICENSE.txt already added, skipping
[INFO] Building jar: /home/travis/build/square/okhttp/mockwebserver/target/mockwebserver-3.0.0-SNAPSHOT-jar-with-dependencies.jar
[INFO] META-INF/ already added, skipping
[INFO] META-INF/MANIFEST.MF already added, skipping
[INFO] META-INF/maven/ already added, skipping
[INFO] META-INF/ already added, skipping
[INFO] META-INF/MANIFEST.MF already added, skipping
[INFO] com/ already added, skipping
[INFO] com/squareup/ already added, skipping
[INFO] com/squareup/okhttp/ already added, skipping
[INFO] com/squareup/okhttp/internal/ already added, skipping
[INFO] META-INF/maven/ already added, skipping
[INFO] META-INF/maven/com.squareup.okhttp/ already added, skipping
[INFO] META-INF/MANIFEST.MF already added, skipping
[INFO] META-INF/ already added, skipping
[INFO] META-INF/MANIFEST.MF already added, skipping
[INFO] org/ already added, skipping
[INFO] META-INF/ already added, skipping
[INFO] META-INF/MANIFEST.MF already added, skipping
[INFO] org/ already added, skipping
[INFO] LICENSE.txt already added, skipping
[INFO] 
[INFO] --- maven-checkstyle-plugin:2.10:checkstyle (default) @ mockwebserver ---
[INFO] Starting audit...
Audit done.

[WARNING] Unable to locate Source XRef to link to - DISABLED
[INFO] 
[INFO] --- maven-install-plugin:2.4:install (default-install) @ mockwebserver ---
[INFO] Installing /home/travis/build/square/okhttp/mockwebserver/target/mockwebserver-3.0.0-SNAPSHOT.jar to /home/travis/.m2/repository/com/squareup/okhttp/mockwebserver/3.0.0-SNAPSHOT/mockwebserver-3.0.0-SNAPSHOT.jar
[INFO] Installing /home/travis/build/square/okhttp/mockwebserver/pom.xml to /home/travis/.m2/repository/com/squareup/okhttp/mockwebserver/3.0.0-SNAPSHOT/mockwebserver-3.0.0-SNAPSHOT.pom
[INFO] Installing /home/travis/build/square/okhttp/mockwebserver/target/mockwebserver-3.0.0-SNAPSHOT-jar-with-dependencies.jar to /home/travis/.m2/repository/com/squareup/okhttp/mockwebserver/3.0.0-SNAPSHOT/mockwebserver-3.0.0-SNAPSHOT-jar-with-dependencies.jar
[INFO]                                                                         
[INFO] ------------------------------------------------------------------------
[INFO] Building OkHttp URLConnection 3.0.0-SNAPSHOT
[INFO] ------------------------------------------------------------------------
[INFO] 
[INFO] --- maven-enforcer-plugin:1.0:enforce (enforce-maven) @ okhttp-urlconnection ---
[INFO] 
[INFO] --- maven-resources-plugin:2.6:resources (default-resources) @ okhttp-urlconnection ---
[INFO] Using 'UTF-8' encoding to copy filtered resources.
[INFO] skip non existing resourceDirectory /home/travis/build/square/okhttp/okhttp-urlconnection/src/main/resources
[INFO] 
[INFO] --- maven-compiler-plugin:3.0:compile (default-compile) @ okhttp-urlconnection ---
[INFO] Changes detected - recompiling the module!
[INFO] Compiling 4 source files to /home/travis/build/square/okhttp/okhttp-urlconnection/target/classes
[INFO] 
[INFO] --- maven-resources-plugin:2.6:testResources (default-testResources) @ okhttp-urlconnection ---
[INFO] Using 'UTF-8' encoding to copy filtered resources.
[INFO] skip non existing resourceDirectory /home/travis/build/square/okhttp/okhttp-urlconnection/src/test/resources
[INFO] 
[INFO] --- maven-compiler-plugin:3.0:testCompile (default-testCompile) @ okhttp-urlconnection ---
[INFO] Changes detected - recompiling the module!
[INFO] Compiling 3 source files to /home/travis/build/square/okhttp/okhttp-urlconnection/target/test-classes
[INFO] 
[INFO] --- maven-surefire-plugin:2.17:test (default-test) @ okhttp-urlconnection ---
[INFO] Tests are skipped.
[INFO] 
[INFO] --- animal-sniffer-maven-plugin:1.11:check (default) @ okhttp-urlconnection ---
[INFO] Checking unresolved references to org.codehaus.mojo.signature:java16:1.1
[INFO] 
[INFO] --- maven-jar-plugin:2.4:jar (default-jar) @ okhttp-urlconnection ---
[INFO] Building jar: /home/travis/build/square/okhttp/okhttp-urlconnection/target/okhttp-urlconnection-3.0.0-SNAPSHOT.jar
[INFO] 
[INFO] --- maven-checkstyle-plugin:2.10:checkstyle (default) @ okhttp-urlconnection ---
[INFO] Starting audit...
Audit done.

[WARNING] Unable to locate Source XRef to link to - DISABLED
[INFO] 
[INFO] --- maven-install-plugin:2.4:install (default-install) @ okhttp-urlconnection ---
[INFO] Installing /home/travis/build/square/okhttp/okhttp-urlconnection/target/okhttp-urlconnection-3.0.0-SNAPSHOT.jar to /home/travis/.m2/repository/com/squareup/okhttp/okhttp-urlconnection/3.0.0-SNAPSHOT/okhttp-urlconnection-3.0.0-SNAPSHOT.jar
[INFO] Installing /home/travis/build/square/okhttp/okhttp-urlconnection/pom.xml to /home/travis/.m2/repository/com/squareup/okhttp/okhttp-urlconnection/3.0.0-SNAPSHOT/okhttp-urlconnection-3.0.0-SNAPSHOT.pom
[INFO]                                                                         
[INFO] ------------------------------------------------------------------------
[INFO] Building OkHttp Tests 3.0.0-SNAPSHOT
[INFO] ------------------------------------------------------------------------
[INFO] 
[INFO] --- maven-enforcer-plugin:1.0:enforce (enforce-maven) @ okhttp-tests ---
[INFO] 
[INFO] --- maven-resources-plugin:2.6:resources (default-resources) @ okhttp-tests ---
[INFO] Using 'UTF-8' encoding to copy filtered resources.
[INFO] skip non existing resourceDirectory /home/travis/build/square/okhttp/okhttp-tests/src/main/resources
[INFO] 
[INFO] --- maven-compiler-plugin:3.0:compile (default-compile) @ okhttp-tests ---
[INFO] No sources to compile
[INFO] 
[INFO] --- maven-resources-plugin:2.6:testResources (default-testResources) @ okhttp-tests ---
[INFO] Using 'UTF-8' encoding to copy filtered resources.
[INFO] Copying 1 resource
[INFO] 
[INFO] --- maven-compiler-plugin:3.0:testCompile (default-testCompile) @ okhttp-tests ---
[INFO] Changes detected - recompiling the module!
[INFO] Compiling 66 source files to /home/travis/build/square/okhttp/okhttp-tests/target/test-classes
[INFO] -------------------------------------------------------------
[WARNING] COMPILATION WARNING : 
[INFO] -------------------------------------------------------------
[WARNING] /home/travis/build/square/okhttp/okhttp-tests/src/test/java/com/squareup/okhttp/CertificatePinnerTest.java: /home/travis/build/square/okhttp/okhttp-tests/src/test/java/com/squareup/okhttp/CertificatePinnerTest.java uses or overrides a deprecated API.
[WARNING] /home/travis/build/square/okhttp/okhttp-tests/src/test/java/com/squareup/okhttp/CertificatePinnerTest.java: Recompile with -Xlint:deprecation for details.
[WARNING] /home/travis/build/square/okhttp/okhttp-tests/src/test/java/com/squareup/okhttp/ConnectionSpecTest.java: Some input files use unchecked or unsafe operations.
[WARNING] /home/travis/build/square/okhttp/okhttp-tests/src/test/java/com/squareup/okhttp/ConnectionSpecTest.java: Recompile with -Xlint:unchecked for details.
[INFO] 4 warnings 
[INFO] -------------------------------------------------------------
[INFO] -------------------------------------------------------------
[ERROR] COMPILATION ERROR : 
[INFO] -------------------------------------------------------------
[ERROR] /home/travis/build/square/okhttp/okhttp-tests/src/test/java/com/squareup/okhttp/CacheTest.java:[262,53] incompatible types
  required: java.lang.String
  found:    com.squareup.okhttp.CipherSuite
[INFO] 1 error
[INFO] -------------------------------------------------------------
[INFO] ------------------------------------------------------------------------
[INFO] Reactor Summary:
[INFO] 
[INFO] OkHttp (Parent) .................................... SUCCESS [  3.088 s]
[INFO] OkHttp ............................................. SUCCESS [  8.597 s]
[INFO] OkHttp test support classes ........................ SUCCESS [  1.673 s]
[INFO] OkHttp Web Sockets ................................. SUCCESS [  1.055 s]
[INFO] MockWebServer ...................................... SUCCESS [  5.676 s]
[INFO] OkHttp URLConnection ............................... SUCCESS [  1.127 s]
[INFO] OkHttp Tests ....................................... FAILURE [  1.907 s]
[INFO] OkHttp Android Platform Support .................... SKIPPED
[INFO] OkHttp Apache HttpClient ........................... SKIPPED
[INFO] OkHttp Web Socket Tests ............................ SKIPPED
[INFO] OkHttp Logging Interceptor ......................... SKIPPED
[INFO] OkCurl ............................................. SKIPPED
[INFO] Samples (Parent) ................................... SKIPPED
[INFO] Sample: Guide ...................................... SKIPPED
[INFO] Sample: Crawler .................................... SKIPPED
[INFO] Sample: Simple Client .............................. SKIPPED
[INFO] Sample: Static Server .............................. SKIPPED
[INFO] Benchmarks ......................................... SKIPPED
[INFO] ------------------------------------------------------------------------
[INFO] BUILD FAILURE
[INFO] ------------------------------------------------------------------------
[INFO] Total time: 23.979 s
[INFO] Finished at: 2015-12-14T19:44:12+00:00
[INFO] Final Memory: 32M/467M
[INFO] ------------------------------------------------------------------------
[ERROR] Failed to execute goal org.apache.maven.plugins:maven-compiler-plugin:3.0:testCompile (default-testCompile) on project okhttp-tests: Compilation failure
[ERROR] /home/travis/build/square/okhttp/okhttp-tests/src/test/java/com/squareup/okhttp/CacheTest.java:[262,53] incompatible types
[ERROR] required: java.lang.String
[ERROR] found:    com.squareup.okhttp.CipherSuite
[ERROR] -> [Help 1]
[ERROR] 
[ERROR] To see the full stack trace of the errors, re-run Maven with the -e switch.
[ERROR] Re-run Maven using the -X switch to enable full debug logging.
[ERROR] 
[ERROR] For more information about the errors and possible solutions, please read the following articles:
[ERROR] [Help 1] http://cwiki.apache.org/confluence/display/MAVEN/MojoFailureException
[ERROR] 
[ERROR] After correcting the problems, you can resume the build with the command
[ERROR]   mvn <goals> -rf :okhttp-tests

[31;1mThe command "eval mvn install -DskipTests=true -Dmaven.javadoc.skip=true -B -V" failed. Retrying, 3 of 3.[0m

Apache Maven 3.2.5 (12a6b3acb947671f09b81f49094c53f426d8cea1; 2014-12-14T17:29:23+00:00)
Maven home: /usr/local/maven
Java version: 1.7.0_76, vendor: Oracle Corporation
Java home: /usr/lib/jvm/java-7-oracle/jre
Default locale: en_US, platform encoding: UTF-8
OS name: "linux", version: "3.13.0-40-generic", arch: "amd64", family: "unix"
[INFO] Scanning for projects...
[WARNING] 
[WARNING] Some problems were encountered while building the effective model for com.squareup.okhttp:okhttp-tests:jar:3.0.0-SNAPSHOT
[WARNING] 'build.plugins.plugin.version' for org.apache.maven.plugins:maven-deploy-plugin is missing. @ com.squareup.okhttp:okhttp-tests:[unknown-version], /home/travis/build/square/okhttp/okhttp-tests/pom.xml, line 58, column 15
[WARNING] 
[WARNING] Some problems were encountered while building the effective model for com.squareup.okhttp:okhttp-ws-tests:jar:3.0.0-SNAPSHOT
[WARNING] 'build.plugins.plugin.version' for org.apache.maven.plugins:maven-deploy-plugin is missing. @ com.squareup.okhttp:okhttp-ws-tests:[unknown-version], /home/travis/build/square/okhttp/okhttp-ws-tests/pom.xml, line 67, column 15
[WARNING] 
[WARNING] Some problems were encountered while building the effective model for com.squareup.okhttp:benchmarks:jar:3.0.0-SNAPSHOT
[WARNING] 'build.plugins.plugin.version' for org.codehaus.mojo:exec-maven-plugin is missing. @ com.squareup.okhttp:benchmarks:[unknown-version], /home/travis/build/square/okhttp/benchmarks/pom.xml, line 74, column 15
[WARNING] 
[WARNING] It is highly recommended to fix these problems because they threaten the stability of your build.
[WARNING] 
[WARNING] For this reason, future Maven versions might no longer support building such malformed projects.
[WARNING] 
[INFO] ------------------------------------------------------------------------
[INFO] Reactor Build Order:
[INFO] 
[INFO] OkHttp (Parent)
[INFO] OkHttp
[INFO] OkHttp test support classes
[INFO] OkHttp Web Sockets
[INFO] MockWebServer
[INFO] OkHttp URLConnection
[INFO] OkHttp Tests
[INFO] OkHttp Android Platform Support
[INFO] OkHttp Apache HttpClient
[INFO] OkHttp Web Socket Tests
[INFO] OkHttp Logging Interceptor
[INFO] OkCurl
[INFO] Samples (Parent)
[INFO] Sample: Guide
[INFO] Sample: Crawler
[INFO] Sample: Simple Client
[INFO] Sample: Static Server
[INFO] Benchmarks
[INFO]                                                                         
[INFO] ------------------------------------------------------------------------
[INFO] Building OkHttp (Parent) 3.0.0-SNAPSHOT
[INFO] ------------------------------------------------------------------------
[INFO] 
[INFO] --- maven-enforcer-plugin:1.0:enforce (enforce-maven) @ parent ---
[INFO] 
[INFO] --- animal-sniffer-maven-plugin:1.11:check (default) @ parent ---
[INFO] Checking unresolved references to org.codehaus.mojo.signature:java16:1.1
[INFO] 
[INFO] --- maven-checkstyle-plugin:2.10:checkstyle (default) @ parent ---
[INFO] 
[INFO] --- maven-install-plugin:2.4:install (default-install) @ parent ---
[INFO] Installing /home/travis/build/square/okhttp/pom.xml to /home/travis/.m2/repository/com/squareup/okhttp/parent/3.0.0-SNAPSHOT/parent-3.0.0-SNAPSHOT.pom
[INFO]                                                                         
[INFO] ------------------------------------------------------------------------
[INFO] Building OkHttp 3.0.0-SNAPSHOT
[INFO] ------------------------------------------------------------------------
[INFO] 
[INFO] --- maven-enforcer-plugin:1.0:enforce (enforce-maven) @ okhttp ---
[INFO] 
[INFO] --- templating-maven-plugin:1.0-alpha-3:filter-sources (default) @ okhttp ---
[INFO] Using 'UTF-8' encoding to copy filtered resources.
[INFO] Copying 1 resource
[INFO] Source directory: /home/travis/build/square/okhttp/okhttp/target/generated-sources/java-templates added.
[INFO] 
[INFO] --- maven-resources-plugin:2.6:resources (default-resources) @ okhttp ---
[INFO] Using 'UTF-8' encoding to copy filtered resources.
[INFO] skip non existing resourceDirectory /home/travis/build/square/okhttp/okhttp/src/main/resources
[INFO] 
[INFO] --- maven-compiler-plugin:3.0:compile (default-compile) @ okhttp ---
[INFO] Changes detected - recompiling the module!
[INFO] Compiling 80 source files to /home/travis/build/square/okhttp/okhttp/target/classes
[WARNING] /home/travis/build/square/okhttp/okhttp/src/main/java/com/squareup/okhttp/internal/Util.java: Some input files use unchecked or unsafe operations.
[WARNING] /home/travis/build/square/okhttp/okhttp/src/main/java/com/squareup/okhttp/internal/Util.java: Recompile with -Xlint:unchecked for details.
[INFO] 
[INFO] --- maven-resources-plugin:2.6:testResources (default-testResources) @ okhttp ---
[INFO] Using 'UTF-8' encoding to copy filtered resources.
[INFO] skip non existing resourceDirectory /home/travis/build/square/okhttp/okhttp/src/test/resources
[INFO] 
[INFO] --- maven-compiler-plugin:3.0:testCompile (default-testCompile) @ okhttp ---
[INFO] No sources to compile
[INFO] 
[INFO] --- maven-surefire-plugin:2.17:test (default-test) @ okhttp ---
[INFO] Tests are skipped.
[INFO] 
[INFO] --- animal-sniffer-maven-plugin:1.11:check (default) @ okhttp ---
[INFO] Checking unresolved references to org.codehaus.mojo.signature:java16:1.1
[INFO] 
[INFO] --- maven-jar-plugin:2.4:jar (default-jar) @ okhttp ---
[INFO] Building jar: /home/travis/build/square/okhttp/okhttp/target/okhttp-3.0.0-SNAPSHOT.jar
[INFO] 
[INFO] --- maven-checkstyle-plugin:2.10:checkstyle (default) @ okhttp ---
[INFO] Starting audit...
Audit done.

[WARNING] Unable to locate Source XRef to link to - DISABLED
[INFO] 
[INFO] --- maven-install-plugin:2.4:install (default-install) @ okhttp ---
[INFO] Installing /home/travis/build/square/okhttp/okhttp/target/okhttp-3.0.0-SNAPSHOT.jar to /home/travis/.m2/repository/com/squareup/okhttp/okhttp/3.0.0-SNAPSHOT/okhttp-3.0.0-SNAPSHOT.jar
[INFO] Installing /home/travis/build/square/okhttp/okhttp/pom.xml to /home/travis/.m2/repository/com/squareup/okhttp/okhttp/3.0.0-SNAPSHOT/okhttp-3.0.0-SNAPSHOT.pom
[INFO]                                                                         
[INFO] ------------------------------------------------------------------------
[INFO] Building OkHttp test support classes 3.0.0-SNAPSHOT
[INFO] ------------------------------------------------------------------------
[INFO] 
[INFO] --- maven-enforcer-plugin:1.0:enforce (enforce-maven) @ okhttp-testing-support ---
[INFO] 
[INFO] --- maven-resources-plugin:2.6:resources (default-resources) @ okhttp-testing-support ---
[INFO] Using 'UTF-8' encoding to copy filtered resources.
[INFO] skip non existing resourceDirectory /home/travis/build/square/okhttp/okhttp-testing-support/src/main/resources
[INFO] 
[INFO] --- maven-compiler-plugin:3.0:compile (default-compile) @ okhttp-testing-support ---
[INFO] Nothing to compile - all classes are up to date
[INFO] 
[INFO] --- maven-resources-plugin:2.6:testResources (default-testResources) @ okhttp-testing-support ---
[INFO] Using 'UTF-8' encoding to copy filtered resources.
[INFO] skip non existing resourceDirectory /home/travis/build/square/okhttp/okhttp-testing-support/src/test/resources
[INFO] 
[INFO] --- maven-compiler-plugin:3.0:testCompile (default-testCompile) @ okhttp-testing-support ---
[INFO] No sources to compile
[INFO] 
[INFO] --- maven-surefire-plugin:2.17:test (default-test) @ okhttp-testing-support ---
[INFO] Tests are skipped.
[INFO] 
[INFO] --- animal-sniffer-maven-plugin:1.11:check (default) @ okhttp-testing-support ---
[INFO] Checking unresolved references to org.codehaus.mojo.signature:java16:1.1
[INFO] 
[INFO] --- maven-jar-plugin:2.4:jar (default-jar) @ okhttp-testing-support ---
[INFO] 
[INFO] --- maven-checkstyle-plugin:2.10:checkstyle (default) @ okhttp-testing-support ---
[INFO] Starting audit...
Audit done.

[WARNING] Unable to locate Source XRef to link to - DISABLED
[INFO] 
[INFO] --- maven-install-plugin:2.4:install (default-install) @ okhttp-testing-support ---
[INFO] Installing /home/travis/build/square/okhttp/okhttp-testing-support/target/okhttp-testing-support-3.0.0-SNAPSHOT.jar to /home/travis/.m2/repository/com/squareup/okhttp/okhttp-testing-support/3.0.0-SNAPSHOT/okhttp-testing-support-3.0.0-SNAPSHOT.jar
[INFO] Installing /home/travis/build/square/okhttp/okhttp-testing-support/pom.xml to /home/travis/.m2/repository/com/squareup/okhttp/okhttp-testing-support/3.0.0-SNAPSHOT/okhttp-testing-support-3.0.0-SNAPSHOT.pom
[INFO]                                                                         
[INFO] ------------------------------------------------------------------------
[INFO] Building OkHttp Web Sockets 3.0.0-SNAPSHOT
[INFO] ------------------------------------------------------------------------
[INFO] 
[INFO] --- maven-enforcer-plugin:1.0:enforce (enforce-maven) @ okhttp-ws ---
[INFO] 
[INFO] --- maven-resources-plugin:2.6:resources (default-resources) @ okhttp-ws ---
[INFO] Using 'UTF-8' encoding to copy filtered resources.
[INFO] skip non existing resourceDirectory /home/travis/build/square/okhttp/okhttp-ws/src/main/resources
[INFO] 
[INFO] --- maven-compiler-plugin:3.0:compile (default-compile) @ okhttp-ws ---
[INFO] Nothing to compile - all classes are up to date
[INFO] 
[INFO] --- maven-resources-plugin:2.6:testResources (default-testResources) @ okhttp-ws ---
[INFO] Using 'UTF-8' encoding to copy filtered resources.
[INFO] skip non existing resourceDirectory /home/travis/build/square/okhttp/okhttp-ws/src/test/resources
[INFO] 
[INFO] --- maven-compiler-plugin:3.0:testCompile (default-testCompile) @ okhttp-ws ---
[INFO] No sources to compile
[INFO] 
[INFO] --- maven-surefire-plugin:2.17:test (default-test) @ okhttp-ws ---
[INFO] Tests are skipped.
[INFO] 
[INFO] --- animal-sniffer-maven-plugin:1.11:check (default) @ okhttp-ws ---
[INFO] Checking unresolved references to org.codehaus.mojo.signature:java16:1.1
[INFO] 
[INFO] --- maven-jar-plugin:2.4:jar (default-jar) @ okhttp-ws ---
[INFO] 
[INFO] --- maven-checkstyle-plugin:2.10:checkstyle (default) @ okhttp-ws ---
[INFO] Starting audit...
Audit done.

[WARNING] Unable to locate Source XRef to link to - DISABLED
[INFO] 
[INFO] --- maven-install-plugin:2.4:install (default-install) @ okhttp-ws ---
[INFO] Installing /home/travis/build/square/okhttp/okhttp-ws/target/okhttp-ws-3.0.0-SNAPSHOT.jar to /home/travis/.m2/repository/com/squareup/okhttp/okhttp-ws/3.0.0-SNAPSHOT/okhttp-ws-3.0.0-SNAPSHOT.jar
[INFO] Installing /home/travis/build/square/okhttp/okhttp-ws/pom.xml to /home/travis/.m2/repository/com/squareup/okhttp/okhttp-ws/3.0.0-SNAPSHOT/okhttp-ws-3.0.0-SNAPSHOT.pom
[INFO]                                                                         
[INFO] ------------------------------------------------------------------------
[INFO] Building MockWebServer 3.0.0-SNAPSHOT
[INFO] ------------------------------------------------------------------------
[INFO] 
[INFO] --- maven-enforcer-plugin:1.0:enforce (enforce-maven) @ mockwebserver ---
[INFO] 
[INFO] --- maven-resources-plugin:2.6:resources (default-resources) @ mockwebserver ---
[INFO] Using 'UTF-8' encoding to copy filtered resources.
[INFO] skip non existing resourceDirectory /home/travis/build/square/okhttp/mockwebserver/src/main/resources
[INFO] 
[INFO] --- maven-compiler-plugin:3.0:compile (default-compile) @ mockwebserver ---
[INFO] Nothing to compile - all classes are up to date
[INFO] 
[INFO] --- maven-resources-plugin:2.6:testResources (default-testResources) @ mockwebserver ---
[INFO] Using 'UTF-8' encoding to copy filtered resources.
[INFO] skip non existing resourceDirectory /home/travis/build/square/okhttp/mockwebserver/src/test/resources
[INFO] 
[INFO] --- maven-compiler-plugin:3.0:testCompile (default-testCompile) @ mockwebserver ---
[INFO] Changes detected - recompiling the module!
[INFO] Compiling 2 source files to /home/travis/build/square/okhttp/mockwebserver/target/test-classes
[INFO] 
[INFO] --- maven-surefire-plugin:2.17:test (default-test) @ mockwebserver ---
[INFO] Tests are skipped.
[INFO] 
[INFO] --- animal-sniffer-maven-plugin:1.11:check (default) @ mockwebserver ---
[INFO] Checking unresolved references to org.codehaus.mojo.signature:java16:1.1
[INFO] 
[INFO] --- maven-jar-plugin:2.4:jar (default-jar) @ mockwebserver ---
[INFO] 
[INFO] --- maven-assembly-plugin:2.2-beta-5:single (default) @ mockwebserver ---
[INFO] META-INF/ already added, skipping
[INFO] META-INF/MANIFEST.MF already added, skipping
[INFO] META-INF/maven/ already added, skipping
[INFO] META-INF/ already added, skipping
[INFO] META-INF/MANIFEST.MF already added, skipping
[INFO] com/ already added, skipping
[INFO] com/squareup/ already added, skipping
[INFO] com/squareup/okhttp/ already added, skipping
[INFO] com/squareup/okhttp/internal/ already added, skipping
[INFO] META-INF/maven/ already added, skipping
[INFO] META-INF/maven/com.squareup.okhttp/ already added, skipping
[INFO] META-INF/MANIFEST.MF already added, skipping
[INFO] META-INF/ already added, skipping
[INFO] META-INF/MANIFEST.MF already added, skipping
[INFO] org/ already added, skipping
[INFO] META-INF/ already added, skipping
[INFO] META-INF/MANIFEST.MF already added, skipping
[INFO] org/ already added, skipping
[INFO] LICENSE.txt already added, skipping
[INFO] Building jar: /home/travis/build/square/okhttp/mockwebserver/target/mockwebserver-3.0.0-SNAPSHOT-jar-with-dependencies.jar
[INFO] META-INF/ already added, skipping
[INFO] META-INF/MANIFEST.MF already added, skipping
[INFO] META-INF/maven/ already added, skipping
[INFO] META-INF/ already added, skipping
[INFO] META-INF/MANIFEST.MF already added, skipping
[INFO] com/ already added, skipping
[INFO] com/squareup/ already added, skipping
[INFO] com/squareup/okhttp/ already added, skipping
[INFO] com/squareup/okhttp/internal/ already added, skipping
[INFO] META-INF/maven/ already added, skipping
[INFO] META-INF/maven/com.squareup.okhttp/ already added, skipping
[INFO] META-INF/MANIFEST.MF already added, skipping
[INFO] META-INF/ already added, skipping
[INFO] META-INF/MANIFEST.MF already added, skipping
[INFO] org/ already added, skipping
[INFO] META-INF/ already added, skipping
[INFO] META-INF/MANIFEST.MF already added, skipping
[INFO] org/ already added, skipping
[INFO] LICENSE.txt already added, skipping
[INFO] 
[INFO] --- maven-checkstyle-plugin:2.10:checkstyle (default) @ mockwebserver ---
[INFO] Starting audit...
Audit done.

[WARNING] Unable to locate Source XRef to link to - DISABLED
[INFO] 
[INFO] --- maven-install-plugin:2.4:install (default-install) @ mockwebserver ---
[INFO] Installing /home/travis/build/square/okhttp/mockwebserver/target/mockwebserver-3.0.0-SNAPSHOT.jar to /home/travis/.m2/repository/com/squareup/okhttp/mockwebserver/3.0.0-SNAPSHOT/mockwebserver-3.0.0-SNAPSHOT.jar
[INFO] Installing /home/travis/build/square/okhttp/mockwebserver/pom.xml to /home/travis/.m2/repository/com/squareup/okhttp/mockwebserver/3.0.0-SNAPSHOT/mockwebserver-3.0.0-SNAPSHOT.pom
[INFO] Installing /home/travis/build/square/okhttp/mockwebserver/target/mockwebserver-3.0.0-SNAPSHOT-jar-with-dependencies.jar to /home/travis/.m2/repository/com/squareup/okhttp/mockwebserver/3.0.0-SNAPSHOT/mockwebserver-3.0.0-SNAPSHOT-jar-with-dependencies.jar
[INFO]                                                                         
[INFO] ------------------------------------------------------------------------
[INFO] Building OkHttp URLConnection 3.0.0-SNAPSHOT
[INFO] ------------------------------------------------------------------------
[INFO] 
[INFO] --- maven-enforcer-plugin:1.0:enforce (enforce-maven) @ okhttp-urlconnection ---
[INFO] 
[INFO] --- maven-resources-plugin:2.6:resources (default-resources) @ okhttp-urlconnection ---
[INFO] Using 'UTF-8' encoding to copy filtered resources.
[INFO] skip non existing resourceDirectory /home/travis/build/square/okhttp/okhttp-urlconnection/src/main/resources
[INFO] 
[INFO] --- maven-compiler-plugin:3.0:compile (default-compile) @ okhttp-urlconnection ---
[INFO] Nothing to compile - all classes are up to date
[INFO] 
[INFO] --- maven-resources-plugin:2.6:testResources (default-testResources) @ okhttp-urlconnection ---
[INFO] Using 'UTF-8' encoding to copy filtered resources.
[INFO] skip non existing resourceDirectory /home/travis/build/square/okhttp/okhttp-urlconnection/src/test/resources
[INFO] 
[INFO] --- maven-compiler-plugin:3.0:testCompile (default-testCompile) @ okhttp-urlconnection ---
[INFO] Changes detected - recompiling the module!
[INFO] Compiling 3 source files to /home/travis/build/square/okhttp/okhttp-urlconnection/target/test-classes
[INFO] 
[INFO] --- maven-surefire-plugin:2.17:test (default-test) @ okhttp-urlconnection ---
[INFO] Tests are skipped.
[INFO] 
[INFO] --- animal-sniffer-maven-plugin:1.11:check (default) @ okhttp-urlconnection ---
[INFO] Checking unresolved references to org.codehaus.mojo.signature:java16:1.1
[INFO] 
[INFO] --- maven-jar-plugin:2.4:jar (default-jar) @ okhttp-urlconnection ---
[INFO] 
[INFO] --- maven-checkstyle-plugin:2.10:checkstyle (default) @ okhttp-urlconnection ---
[INFO] Starting audit...
Audit done.

[WARNING] Unable to locate Source XRef to link to - DISABLED
[INFO] 
[INFO] --- maven-install-plugin:2.4:install (default-install) @ okhttp-urlconnection ---
[INFO] Installing /home/travis/build/square/okhttp/okhttp-urlconnection/target/okhttp-urlconnection-3.0.0-SNAPSHOT.jar to /home/travis/.m2/repository/com/squareup/okhttp/okhttp-urlconnection/3.0.0-SNAPSHOT/okhttp-urlconnection-3.0.0-SNAPSHOT.jar
[INFO] Installing /home/travis/build/square/okhttp/okhttp-urlconnection/pom.xml to /home/travis/.m2/repository/com/squareup/okhttp/okhttp-urlconnection/3.0.0-SNAPSHOT/okhttp-urlconnection-3.0.0-SNAPSHOT.pom
[INFO]                                                                         
[INFO] ------------------------------------------------------------------------
[INFO] Building OkHttp Tests 3.0.0-SNAPSHOT
[INFO] ------------------------------------------------------------------------
[INFO] 
[INFO] --- maven-enforcer-plugin:1.0:enforce (enforce-maven) @ okhttp-tests ---
[INFO] 
[INFO] --- maven-resources-plugin:2.6:resources (default-resources) @ okhttp-tests ---
[INFO] Using 'UTF-8' encoding to copy filtered resources.
[INFO] skip non existing resourceDirectory /home/travis/build/square/okhttp/okhttp-tests/src/main/resources
[INFO] 
[INFO] --- maven-compiler-plugin:3.0:compile (default-compile) @ okhttp-tests ---
[INFO] No sources to compile
[INFO] 
[INFO] --- maven-resources-plugin:2.6:testResources (default-testResources) @ okhttp-tests ---
[INFO] Using 'UTF-8' encoding to copy filtered resources.
[INFO] Copying 1 resource
[INFO] 
[INFO] --- maven-compiler-plugin:3.0:testCompile (default-testCompile) @ okhttp-tests ---
[INFO] Changes detected - recompiling the module!
[INFO] Compiling 66 source files to /home/travis/build/square/okhttp/okhttp-tests/target/test-classes
[INFO] -------------------------------------------------------------
[WARNING] COMPILATION WARNING : 
[INFO] -------------------------------------------------------------
[WARNING] /home/travis/build/square/okhttp/okhttp-tests/src/test/java/com/squareup/okhttp/CertificatePinnerTest.java: /home/travis/build/square/okhttp/okhttp-tests/src/test/java/com/squareup/okhttp/CertificatePinnerTest.java uses or overrides a deprecated API.
[WARNING] /home/travis/build/square/okhttp/okhttp-tests/src/test/java/com/squareup/okhttp/CertificatePinnerTest.java: Recompile with -Xlint:deprecation for details.
[WARNING] /home/travis/build/square/okhttp/okhttp-tests/src/test/java/com/squareup/okhttp/ConnectionSpecTest.java: Some input files use unchecked or unsafe operations.
[WARNING] /home/travis/build/square/okhttp/okhttp-tests/src/test/java/com/squareup/okhttp/ConnectionSpecTest.java: Recompile with -Xlint:unchecked for details.
[INFO] 4 warnings 
[INFO] -------------------------------------------------------------
[INFO] -------------------------------------------------------------
[ERROR] COMPILATION ERROR : 
[INFO] -------------------------------------------------------------
[ERROR] /home/travis/build/square/okhttp/okhttp-tests/src/test/java/com/squareup/okhttp/CacheTest.java:[262,53] incompatible types
  required: java.lang.String
  found:    com.squareup.okhttp.CipherSuite
[INFO] 1 error
[INFO] -------------------------------------------------------------
[INFO] ------------------------------------------------------------------------
[INFO] Reactor Summary:
[INFO] 
[INFO] OkHttp (Parent) .................................... SUCCESS [  2.695 s]
[INFO] OkHttp ............................................. SUCCESS [  9.646 s]
[INFO] OkHttp test support classes ........................ SUCCESS [  1.168 s]
[INFO] OkHttp Web Sockets ................................. SUCCESS [  0.629 s]
[INFO] MockWebServer ...................................... SUCCESS [  5.822 s]
[INFO] OkHttp URLConnection ............................... SUCCESS [  1.469 s]
[INFO] OkHttp Tests ....................................... FAILURE [  2.220 s]
[INFO] OkHttp Android Platform Support .................... SKIPPED
[INFO] OkHttp Apache HttpClient ........................... SKIPPED
[INFO] OkHttp Web Socket Tests ............................ SKIPPED
[INFO] OkHttp Logging Interceptor ......................... SKIPPED
[INFO] OkCurl ............................................. SKIPPED
[INFO] Samples (Parent) ................................... SKIPPED
[INFO] Sample: Guide ...................................... SKIPPED
[INFO] Sample: Crawler .................................... SKIPPED
[INFO] Sample: Simple Client .............................. SKIPPED
[INFO] Sample: Static Server .............................. SKIPPED
[INFO] Benchmarks ......................................... SKIPPED
[INFO] ------------------------------------------------------------------------
[INFO] BUILD FAILURE
[INFO] ------------------------------------------------------------------------
[INFO] Total time: 24.303 s
[INFO] Finished at: 2015-12-14T19:44:40+00:00
[INFO] Final Memory: 31M/477M
[INFO] ------------------------------------------------------------------------
[ERROR] Failed to execute goal org.apache.maven.plugins:maven-compiler-plugin:3.0:testCompile (default-testCompile) on project okhttp-tests: Compilation failure
[ERROR] /home/travis/build/square/okhttp/okhttp-tests/src/test/java/com/squareup/okhttp/CacheTest.java:[262,53] incompatible types
[ERROR] required: java.lang.String
[ERROR] found:    com.squareup.okhttp.CipherSuite
[ERROR] -> [Help 1]
[ERROR] 
[ERROR] To see the full stack trace of the errors, re-run Maven with the -e switch.
[ERROR] Re-run Maven using the -X switch to enable full debug logging.
[ERROR] 
[ERROR] For more information about the errors and possible solutions, please read the following articles:
[ERROR] [Help 1] http://cwiki.apache.org/confluence/display/MAVEN/MojoFailureException
[ERROR] 
[ERROR] After correcting the problems, you can resume the build with the command
[ERROR]   mvn <goals> -rf :okhttp-tests

[31;1mThe command "eval mvn install -DskipTests=true -Dmaven.javadoc.skip=true -B -V" failed 3 times.[0m

travis_time:end:0d233a50:start=1450122194692450713,finish=1450122281913824329,duration=87221373616[0K
[31;1mThe command "mvn install -DskipTests=true -Dmaven.javadoc.skip=true -B -V" failed and exited with 1 during .[0m

Your build has been stopped.
