Using worker: worker-linux-docker-2f385ad6.prod.travis-ci.org:travis-linux-2

travis_fold:start:system_info[0K[33;1mBuild system information[0m
Build language: java
Build group: stable
Build dist: precise
[34m[1mBuild image provisioning date and time[0m
Thu Feb  5 15:09:33 UTC 2015
[34m[1mOperating System Details[0m
Distributor ID:	Ubuntu
Description:	Ubuntu 12.04.5 LTS
Release:	12.04
Codename:	precise
[34m[1mLinux Version[0m
3.13.0-29-generic
[34m[1mCookbooks Version[0m
a68419e https://github.com/travis-ci/travis-cookbooks/tree/a68419e
[34m[1mGCC version[0m
gcc (Ubuntu/Linaro 4.6.3-1ubuntu5) 4.6.3
Copyright (C) 2011 Free Software Foundation, Inc.
This is free software; see the source for copying conditions.  There is NO
warranty; not even for MERCHANTABILITY or FITNESS FOR A PARTICULAR PURPOSE.

[34m[1mLLVM version[0m
clang version 3.4 (tags/RELEASE_34/final)
Target: x86_64-unknown-linux-gnu
Thread model: posix
[34m[1mPre-installed Ruby versions[0m
ruby-1.9.3-p551
[34m[1mPre-installed Node.js versions[0m
v0.10.36
[34m[1mPre-installed Go versions[0m
1.4.1
[34m[1mRedis version[0m
redis-server 2.8.19
[34m[1mriak version[0m
2.0.2
[34m[1mMongoDB version[0m
MongoDB 2.4.12
[34m[1mCouchDB version[0m
couchdb 1.6.1
[34m[1mNeo4j version[0m
1.9.4
[34m[1mRabbitMQ Version[0m
3.4.3
[34m[1mElasticSearch version[0m
1.4.0
[34m[1mInstalled Sphinx versions[0m
2.0.10
2.1.9
2.2.6
[34m[1mDefault Sphinx version[0m
2.2.6
[34m[1mInstalled Firefox version[0m
firefox 31.0esr
[34m[1mPhantomJS version[0m
1.9.8
[34m[1mant -version[0m
Apache Ant(TM) version 1.8.2 compiled on December 3 2011
[34m[1mmvn -version[0m
Apache Maven 3.2.5 (12a6b3acb947671f09b81f49094c53f426d8cea1; 2014-12-14T17:29:23+00:00)
Maven home: /usr/local/maven
Java version: 1.7.0_76, vendor: Oracle Corporation
Java home: /usr/lib/jvm/java-7-oracle/jre
Default locale: en_US, platform encoding: ANSI_X3.4-1968
OS name: "linux", version: "3.13.0-29-generic", arch: "amd64", family: "unix"
travis_fold:end:system_info[0K
travis_fold:start:git.checkout[0Ktravis_time:start:009917bc[0K$ git clone --depth=50 https://github.com/checkstyle/checkstyle.git checkstyle/checkstyle
Cloning into 'checkstyle/checkstyle'...
remote: Counting objects: 2230, done.[K
remote: Compressing objects:   0% (1/1583)   [Kremote: Compressing objects:   1% (16/1583)   [Kremote: Compressing objects:   2% (32/1583)   [Kremote: Compressing objects:   3% (48/1583)   [Kremote: Compressing objects:   4% (64/1583)   [Kremote: Compressing objects:   5% (80/1583)   [Kremote: Compressing objects:   6% (95/1583)   [Kremote: Compressing objects:   7% (111/1583)   [Kremote: Compressing objects:   8% (127/1583)   [Kremote: Compressing objects:   9% (143/1583)   [Kremote: Compressing objects:  10% (159/1583)   [Kremote: Compressing objects:  11% (175/1583)   [Kremote: Compressing objects:  12% (190/1583)   [Kremote: Compressing objects:  13% (206/1583)   [Kremote: Compressing objects:  14% (222/1583)   [Kremote: Compressing objects:  15% (238/1583)   [Kremote: Compressing objects:  16% (254/1583)   [Kremote: Compressing objects:  17% (270/1583)   [Kremote: Compressing objects:  18% (285/1583)   [Kremote: Compressing objects:  19% (301/1583)   [Kremote: Compressing objects:  20% (317/1583)   [Kremote: Compressing objects:  21% (333/1583)   [Kremote: Compressing objects:  22% (349/1583)   [Kremote: Compressing objects:  23% (365/1583)   [Kremote: Compressing objects:  24% (380/1583)   [Kremote: Compressing objects:  25% (396/1583)   [Kremote: Compressing objects:  26% (412/1583)   [Kremote: Compressing objects:  27% (428/1583)   [Kremote: Compressing objects:  28% (444/1583)   [Kremote: Compressing objects:  29% (460/1583)   [Kremote: Compressing objects:  30% (475/1583)   [Kremote: Compressing objects:  31% (491/1583)   [Kremote: Compressing objects:  32% (507/1583)   [Kremote: Compressing objects:  33% (523/1583)   [Kremote: Compressing objects:  34% (539/1583)   [Kremote: Compressing objects:  35% (555/1583)   [Kremote: Compressing objects:  36% (570/1583)   [Kremote: Compressing objects:  37% (586/1583)   [Kremote: Compressing objects:  38% (602/1583)   [Kremote: Compressing objects:  39% (618/1583)   [Kremote: Compressing objects:  40% (634/1583)   [Kremote: Compressing objects:  41% (650/1583)   [Kremote: Compressing objects:  42% (665/1583)   [Kremote: Compressing objects:  43% (681/1583)   [Kremote: Compressing objects:  44% (697/1583)   [Kremote: Compressing objects:  45% (713/1583)   [Kremote: Compressing objects:  46% (729/1583)   [Kremote: Compressing objects:  47% (745/1583)   [Kremote: Compressing objects:  48% (760/1583)   [Kremote: Compressing objects:  49% (776/1583)   [Kremote: Compressing objects:  50% (792/1583)   [Kremote: Compressing objects:  51% (808/1583)   [Kremote: Compressing objects:  52% (824/1583)   [Kremote: Compressing objects:  53% (839/1583)   [Kremote: Compressing objects:  54% (855/1583)   [Kremote: Compressing objects:  55% (871/1583)   [Kremote: Compressing objects:  56% (887/1583)   [Kremote: Compressing objects:  57% (903/1583)   [Kremote: Compressing objects:  58% (919/1583)   [Kremote: Compressing objects:  59% (934/1583)   [Kremote: Compressing objects:  60% (950/1583)   [Kremote: Compressing objects:  61% (966/1583)   [Kremote: Compressing objects:  62% (982/1583)   [Kremote: Compressing objects:  63% (998/1583)   [Kremote: Compressing objects:  64% (1014/1583)   [Kremote: Compressing objects:  65% (1029/1583)   [Kremote: Compressing objects:  66% (1045/1583)   [Kremote: Compressing objects:  67% (1061/1583)   [Kremote: Compressing objects:  68% (1077/1583)   [Kremote: Compressing objects:  69% (1093/1583)   [Kremote: Compressing objects:  70% (1109/1583)   [Kremote: Compressing objects:  71% (1124/1583)   [Kremote: Compressing objects:  72% (1140/1583)   [Kremote: Compressing objects:  73% (1156/1583)   [Kremote: Compressing objects:  74% (1172/1583)   [Kremote: Compressing objects:  75% (1188/1583)   [Kremote: Compressing objects:  76% (1204/1583)   [Kremote: Compressing objects:  77% (1219/1583)   [Kremote: Compressing objects:  78% (1235/1583)   [Kremote: Compressing objects:  79% (1251/1583)   [Kremote: Compressing objects:  80% (1267/1583)   [Kremote: Compressing objects:  81% (1283/1583)   [Kremote: Compressing objects:  82% (1299/1583)   [Kremote: Compressing objects:  83% (1314/1583)   [Kremote: Compressing objects:  84% (1330/1583)   [Kremote: Compressing objects:  85% (1346/1583)   [Kremote: Compressing objects:  86% (1362/1583)   [Kremote: Compressing objects:  87% (1378/1583)   [Kremote: Compressing objects:  88% (1394/1583)   [Kremote: Compressing objects:  89% (1409/1583)   [Kremote: Compressing objects:  90% (1425/1583)   [Kremote: Compressing objects:  91% (1441/1583)   [Kremote: Compressing objects:  92% (1457/1583)   [Kremote: Compressing objects:  93% (1473/1583)   [Kremote: Compressing objects:  94% (1489/1583)   [Kremote: Compressing objects:  95% (1504/1583)   [Kremote: Compressing objects:  96% (1520/1583)   [Kremote: Compressing objects:  97% (1536/1583)   [Kremote: Compressing objects:  98% (1552/1583)   [Kremote: Compressing objects:  99% (1568/1583)   [Kremote: Compressing objects: 100% (1583/1583)   [Kremote: Compressing objects: 100% (1583/1583), done.[K
Receiving objects:   0% (1/2230)   Receiving objects:   1% (23/2230)   Receiving objects:   2% (45/2230)   Receiving objects:   3% (67/2230)   Receiving objects:   4% (90/2230)   Receiving objects:   5% (112/2230)   Receiving objects:   6% (134/2230)   Receiving objects:   7% (157/2230)   Receiving objects:   8% (179/2230)   Receiving objects:   9% (201/2230)   Receiving objects:  10% (223/2230)   Receiving objects:  11% (246/2230)   Receiving objects:  12% (268/2230)   Receiving objects:  13% (290/2230)   Receiving objects:  14% (313/2230)   Receiving objects:  15% (335/2230)   Receiving objects:  16% (357/2230)   Receiving objects:  17% (380/2230)   Receiving objects:  18% (402/2230)   Receiving objects:  19% (424/2230)   Receiving objects:  20% (446/2230)   Receiving objects:  21% (469/2230)   Receiving objects:  22% (491/2230)   Receiving objects:  23% (513/2230)   Receiving objects:  24% (536/2230)   Receiving objects:  25% (558/2230)   Receiving objects:  26% (580/2230)   Receiving objects:  27% (603/2230)   Receiving objects:  28% (625/2230)   Receiving objects:  29% (647/2230)   Receiving objects:  30% (669/2230)   Receiving objects:  31% (692/2230)   Receiving objects:  32% (714/2230)   Receiving objects:  33% (736/2230)   Receiving objects:  34% (759/2230)   Receiving objects:  35% (781/2230)   Receiving objects:  36% (803/2230)   Receiving objects:  37% (826/2230)   Receiving objects:  38% (848/2230)   Receiving objects:  39% (870/2230)   Receiving objects:  40% (892/2230)   Receiving objects:  41% (915/2230)   Receiving objects:  42% (937/2230)   Receiving objects:  43% (959/2230)   Receiving objects:  44% (982/2230)   Receiving objects:  45% (1004/2230)   Receiving objects:  46% (1026/2230)   Receiving objects:  47% (1049/2230)   Receiving objects:  48% (1071/2230)   Receiving objects:  49% (1093/2230)   Receiving objects:  50% (1115/2230)   Receiving objects:  51% (1138/2230)   Receiving objects:  52% (1160/2230)   Receiving objects:  53% (1182/2230)   Receiving objects:  54% (1205/2230)   Receiving objects:  55% (1227/2230)   Receiving objects:  56% (1249/2230)   Receiving objects:  57% (1272/2230)   Receiving objects:  58% (1294/2230)   Receiving objects:  59% (1316/2230)   Receiving objects:  60% (1338/2230)   Receiving objects:  61% (1361/2230)   Receiving objects:  62% (1383/2230)   Receiving objects:  63% (1405/2230)   Receiving objects:  64% (1428/2230)   Receiving objects:  65% (1450/2230)   Receiving objects:  66% (1472/2230)   Receiving objects:  67% (1495/2230)   Receiving objects:  68% (1517/2230)   Receiving objects:  69% (1539/2230)   Receiving objects:  70% (1561/2230)   Receiving objects:  71% (1584/2230)   Receiving objects:  72% (1606/2230)   Receiving objects:  73% (1628/2230)   Receiving objects:  74% (1651/2230)   Receiving objects:  75% (1673/2230)   Receiving objects:  76% (1695/2230)   Receiving objects:  77% (1718/2230)   Receiving objects:  78% (1740/2230)   Receiving objects:  79% (1762/2230)   Receiving objects:  80% (1784/2230)   Receiving objects:  81% (1807/2230)   Receiving objects:  82% (1829/2230)   Receiving objects:  83% (1851/2230)   Receiving objects:  84% (1874/2230)   Receiving objects:  85% (1896/2230)   Receiving objects:  86% (1918/2230)   Receiving objects:  87% (1941/2230)   Receiving objects:  88% (1963/2230)   Receiving objects:  89% (1985/2230)   Receiving objects:  90% (2007/2230)   Receiving objects:  91% (2030/2230)   Receiving objects:  92% (2052/2230)   Receiving objects:  93% (2074/2230)   remote: Total 2230 (delta 898), reused 1172 (delta 503), pack-reused 0[K
Receiving objects:  94% (2097/2230)   Receiving objects:  95% (2119/2230)   Receiving objects:  96% (2141/2230)   Receiving objects:  97% (2164/2230)   Receiving objects:  98% (2186/2230)   Receiving objects:  99% (2208/2230)   Receiving objects: 100% (2230/2230)   Receiving objects: 100% (2230/2230), 3.45 MiB | 0 bytes/s, done.
Resolving deltas:   0% (0/898)   Resolving deltas:   5% (49/898)   Resolving deltas:  10% (90/898)   Resolving deltas:  13% (124/898)   Resolving deltas:  14% (133/898)   Resolving deltas:  15% (136/898)   Resolving deltas:  17% (153/898)   Resolving deltas:  20% (182/898)   Resolving deltas:  21% (190/898)   Resolving deltas:  22% (198/898)   Resolving deltas:  23% (207/898)   Resolving deltas:  24% (220/898)   Resolving deltas:  25% (227/898)   Resolving deltas:  26% (236/898)   Resolving deltas:  30% (273/898)   Resolving deltas:  31% (279/898)   Resolving deltas:  32% (288/898)   Resolving deltas:  33% (297/898)   Resolving deltas:  34% (306/898)   Resolving deltas:  35% (319/898)   Resolving deltas:  36% (324/898)   Resolving deltas:  37% (333/898)   Resolving deltas:  39% (358/898)   Resolving deltas:  40% (360/898)   Resolving deltas:  41% (374/898)   Resolving deltas:  42% (384/898)   Resolving deltas:  43% (387/898)   Resolving deltas:  44% (398/898)   Resolving deltas:  49% (447/898)   Resolving deltas:  50% (449/898)   Resolving deltas:  51% (458/898)   Resolving deltas:  52% (467/898)   Resolving deltas:  53% (477/898)   Resolving deltas:  54% (485/898)   Resolving deltas:  59% (536/898)   Resolving deltas:  60% (539/898)   Resolving deltas:  61% (548/898)   Resolving deltas:  62% (557/898)   Resolving deltas:  64% (578/898)   Resolving deltas:  65% (586/898)   Resolving deltas:  66% (594/898)   Resolving deltas:  67% (602/898)   Resolving deltas:  68% (612/898)   Resolving deltas:  69% (627/898)   Resolving deltas:  70% (632/898)   Resolving deltas:  71% (641/898)   Resolving deltas:  72% (655/898)   Resolving deltas:  73% (656/898)   Resolving deltas:  75% (680/898)   Resolving deltas:  76% (685/898)   Resolving deltas:  78% (703/898)   Resolving deltas:  79% (710/898)   Resolving deltas:  81% (728/898)   Resolving deltas:  82% (737/898)   Resolving deltas:  83% (746/898)   Resolving deltas:  84% (755/898)   Resolving deltas:  85% (764/898)   Resolving deltas:  86% (773/898)   Resolving deltas:  87% (782/898)   Resolving deltas:  88% (792/898)   Resolving deltas:  89% (802/898)   Resolving deltas:  90% (809/898)   Resolving deltas:  93% (840/898)   Resolving deltas:  94% (847/898)   Resolving deltas:  95% (854/898)   Resolving deltas:  96% (863/898)   Resolving deltas:  97% (874/898)   Resolving deltas:  98% (882/898)   Resolving deltas:  99% (890/898)   Resolving deltas: 100% (898/898)   Resolving deltas: 100% (898/898), done.
Checking connectivity... done.
travis_time:end:009917bc:start=1450469949402154272,finish=1450469950485295816,duration=1083141544[0K$ cd checkstyle/checkstyle
travis_time:start:12622e67[0K$ git fetch origin +refs/pull/2744/merge:
remote: Counting objects: 5, done.[K
remote: Compressing objects:  50% (1/2)   [Kremote: Compressing objects: 100% (2/2)   [Kremote: Compressing objects: 100% (2/2), done.[K
remote: Total 5 (delta 4), reused 3 (delta 3), pack-reused 0[K
Unpacking objects:  20% (1/5)   Unpacking objects:  40% (2/5)   Unpacking objects:  60% (3/5)   Unpacking objects:  80% (4/5)   Unpacking objects: 100% (5/5)   Unpacking objects: 100% (5/5), done.
From https://github.com/checkstyle/checkstyle
 * branch            refs/pull/2744/merge -> FETCH_HEAD
travis_time:end:12622e67:start=1450469950488972392,finish=1450469950835656260,duration=346683868[0K$ git checkout -qf FETCH_HEAD
travis_fold:end:git.checkout[0K
[33;1mThis job is running on container-based infrastructure, which does not allow use of 'sudo', setuid and setguid executables.[0m
[33;1mIf you require sudo, add 'sudo: required' to your .travis.yml[0m
[33;1mSee http://docs.travis-ci.com/user/workers/container-based-infrastructure/ for details.[0m

[33;1mSetting environment variables from .travis.yml[0m
$ export DESC="checkstyle and sevntu-checkstyle"
$ export CMD="mvn clean verify -DskipTests -DskipITs -Dpmd.skip=true -Dfindbugs.skip=true -Dcobertura.skip=true"
$ export COVERAGE_CMD=""

travis_fold:start:cache.1[0KSetting up build cache
$ export CASHER_DIR=$HOME/.casher
travis_time:start:058d72f4[0K$ Installing caching utilities
travis_time:end:058d72f4:start=1450469952603536290,finish=1450469952629015779,duration=25479489[0Ktravis_time:start:09e5d1ed[0Ktravis_time:end:09e5d1ed:start=1450469952633518039,finish=1450469952636650002,duration=3131963[0Ktravis_time:start:0feb01d4[0K[32;1mattempting to download cache archive[0m
[32;1mfetching PR.2744/cache--jdk-oraclejdk7.tgz[0m
[32;1mfound cache[0m
travis_time:end:0feb01d4:start=1450469952640290632,finish=1450469954135048729,duration=1494758097[0Ktravis_time:start:09adbbf6[0Ktravis_time:end:09adbbf6:start=1450469954138836746,finish=1450469954141998209,duration=3161463[0Ktravis_time:start:05daacb2[0K[32;1madding /home/travis/.m2 to cache[0m
travis_time:end:05daacb2:start=1450469954145632720,finish=1450469956830436475,duration=2684803755[0Ktravis_fold:end:cache.1[0K$ jdk_switcher use oraclejdk7
Switching to Oracle JDK7 (java-7-oracle), JAVA_HOME will be set to /usr/lib/jvm/java-7-oracle
$ java -Xmx32m -version
java version "1.7.0_76"
Java(TM) SE Runtime Environment (build 1.7.0_76-b13)
Java HotSpot(TM) 64-Bit Server VM (build 24.76-b04, mixed mode)
$ javac -J-Xmx32m -version
javac 1.7.0_76
travis_fold:start:install[0Ktravis_time:start:0f3fafa7[0K$ 
travis_time:end:0f3fafa7:start=1450469957208563619,finish=1450469957212192820,duration=3629201[0Ktravis_fold:end:install[0Ktravis_time:start:02a1c101[0K$ eval $CMD
[INFO] Scanning for projects...
[INFO]                                                                         
[INFO] ------------------------------------------------------------------------
[INFO] Building checkstyle 6.14-SNAPSHOT
[INFO] ------------------------------------------------------------------------
Downloading: https://nexus.codehaus.org/snapshots/junit/junit-dep/maven-metadata.xml
Downloading: https://repository.apache.org/releases/junit/junit-dep/maven-metadata.xml
Downloading: https://oss.sonatype.org/content/repositories/releases/junit/junit-dep/maven-metadata.xml
Downloading: https://repository.apache.org/snapshots/junit/junit-dep/maven-metadata.xml
563/563 B               Downloaded: https://oss.sonatype.org/content/repositories/releases/junit/junit-dep/maven-metadata.xml (563 B at 0.9 KB/sec)
                        [WARNING] Could not transfer metadata junit:junit-dep/maven-metadata.xml from/to codehaus-snapshots (https://nexus.codehaus.org/snapshots/): nexus.codehaus.org: Name or service not known
Downloading: https://oss.sonatype.org/content/repositories/releases/commons-io/commons-io/maven-metadata.xml
Downloading: https://repository.apache.org/releases/commons-io/commons-io/maven-metadata.xml
Downloading: https://repository.apache.org/snapshots/commons-io/commons-io/maven-metadata.xml
Downloading: https://nexus.codehaus.org/snapshots/commons-io/commons-io/maven-metadata.xml
                                    350/350 B               Downloaded: https://repository.apache.org/snapshots/commons-io/commons-io/maven-metadata.xml (350 B at 0.5 KB/sec)
[WARNING] Could not transfer metadata commons-io:commons-io/maven-metadata.xml from/to codehaus-snapshots (https://nexus.codehaus.org/snapshots/): nexus.codehaus.org
Downloading: https://repository.apache.org/snapshots/commons-io/commons-io/2.5-SNAPSHOT/maven-metadata.xml
Downloading: https://nexus.codehaus.org/snapshots/commons-io/commons-io/2.5-SNAPSHOT/maven-metadata.xml
            3/3 KB               Downloaded: https://repository.apache.org/snapshots/commons-io/commons-io/2.5-SNAPSHOT/maven-metadata.xml (3 KB at 4.5 KB/sec)
[WARNING] Could not transfer metadata commons-io:commons-io:2.5-SNAPSHOT/maven-metadata.xml from/to codehaus-snapshots (https://nexus.codehaus.org/snapshots/): nexus.codehaus.org
[WARNING] Failure to transfer commons-io:commons-io:2.5-SNAPSHOT/maven-metadata.xml from https://nexus.codehaus.org/snapshots/ was cached in the local repository, resolution will not be reattempted until the update interval of codehaus-snapshots has elapsed or updates are forced. Original error: Could not transfer metadata commons-io:commons-io:2.5-SNAPSHOT/maven-metadata.xml from/to codehaus-snapshots (https://nexus.codehaus.org/snapshots/): nexus.codehaus.org
Downloading: https://repository.apache.org/snapshots/commons-io/commons-io/2.6-SNAPSHOT/maven-metadata.xml
Downloading: https://nexus.codehaus.org/snapshots/commons-io/commons-io/2.6-SNAPSHOT/maven-metadata.xml
         3/3 KB            Downloaded: https://repository.apache.org/snapshots/commons-io/commons-io/2.6-SNAPSHOT/maven-metadata.xml (3 KB at 4.6 KB/sec)
[WARNING] Could not transfer metadata commons-io:commons-io:2.6-SNAPSHOT/maven-metadata.xml from/to codehaus-snapshots (https://nexus.codehaus.org/snapshots/): nexus.codehaus.org
[WARNING] Failure to transfer commons-io:commons-io:2.6-SNAPSHOT/maven-metadata.xml from https://nexus.codehaus.org/snapshots/ was cached in the local repository, resolution will not be reattempted until the update interval of codehaus-snapshots has elapsed or updates are forced. Original error: Could not transfer metadata commons-io:commons-io:2.6-SNAPSHOT/maven-metadata.xml from/to codehaus-snapshots (https://nexus.codehaus.org/snapshots/): nexus.codehaus.org
[INFO] 
[INFO] --- maven-clean-plugin:3.0.0:clean (default-clean) @ checkstyle ---
[INFO] 
[INFO] --- maven-enforcer-plugin:1.4.1:enforce (enforce-maven) @ checkstyle ---
[INFO] 
[INFO] --- maven-enforcer-plugin:1.4.1:enforce (enforce-versions) @ checkstyle ---
[INFO] 
[INFO] --- antlr-maven-plugin:2.2:generate (default) @ checkstyle ---
[INFO] performing grammar generation [java.g]
ANTLR Parser Generator   Version 2.7.7 (20060906)   1989-2005
/home/travis/build/checkstyle/checkstyle/src/main/resources/com/puppycrawl/tools/checkstyle/grammars/java.g:623:9: warning:nondeterminism between alts 1 and 2 of block upon
/home/travis/build/checkstyle/checkstyle/src/main/resources/com/puppycrawl/tools/checkstyle/grammars/java.g:623:9:     k==1:AT
/home/travis/build/checkstyle/checkstyle/src/main/resources/com/puppycrawl/tools/checkstyle/grammars/java.g:623:9:     k==2:IDENT
/home/travis/build/checkstyle/checkstyle/src/main/resources/com/puppycrawl/tools/checkstyle/grammars/java.g:770:16: warning:nondeterminism between alts 1 and 2 of block upon
/home/travis/build/checkstyle/checkstyle/src/main/resources/com/puppycrawl/tools/checkstyle/grammars/java.g:770:16:     k==1:AT
/home/travis/build/checkstyle/checkstyle/src/main/resources/com/puppycrawl/tools/checkstyle/grammars/java.g:770:16:     k==2:IDENT
/home/travis/build/checkstyle/checkstyle/src/main/resources/com/puppycrawl/tools/checkstyle/grammars/java.g:806:61: warning:nondeterminism between alts 1 and 2 of block upon
/home/travis/build/checkstyle/checkstyle/src/main/resources/com/puppycrawl/tools/checkstyle/grammars/java.g:806:61:     k==1:SEMI
/home/travis/build/checkstyle/checkstyle/src/main/resources/com/puppycrawl/tools/checkstyle/grammars/java.g:806:61:     k==2:"final","abstract","strictfp",SEMI,"void","boolean","byte","char","short","int","float","long","double",IDENT,"private","public","protected","static","transient","native","synchronized","volatile","class","interface",LCURLY,RCURLY,"default",LT,ENUM,AT
/home/travis/build/checkstyle/checkstyle/src/main/resources/com/puppycrawl/tools/checkstyle/grammars/java.g:695:9: warning:nondeterminism between alts 1 and 2 of block upon
/home/travis/build/checkstyle/checkstyle/src/main/resources/com/puppycrawl/tools/checkstyle/grammars/java.g:695:9:     k==1:AT
/home/travis/build/checkstyle/checkstyle/src/main/resources/com/puppycrawl/tools/checkstyle/grammars/java.g:695:9:     k==2:IDENT
/home/travis/build/checkstyle/checkstyle/src/main/resources/com/puppycrawl/tools/checkstyle/grammars/java.g:947: warning:Syntactic predicate superfluous for single alternative
/home/travis/build/checkstyle/checkstyle/src/main/resources/com/puppycrawl/tools/checkstyle/grammars/java.g:972:31: warning:nondeterminism between alts 1 and 2 of block upon
/home/travis/build/checkstyle/checkstyle/src/main/resources/com/puppycrawl/tools/checkstyle/grammars/java.g:972:31:     k==1:IDENT
/home/travis/build/checkstyle/checkstyle/src/main/resources/com/puppycrawl/tools/checkstyle/grammars/java.g:972:31:     k==2:LBRACK
/home/travis/build/checkstyle/checkstyle/src/main/resources/com/puppycrawl/tools/checkstyle/grammars/java.g:1027:43: warning:nondeterminism between alts 1 and 2 of block upon
/home/travis/build/checkstyle/checkstyle/src/main/resources/com/puppycrawl/tools/checkstyle/grammars/java.g:1027:43:     k==1:SEMI
/home/travis/build/checkstyle/checkstyle/src/main/resources/com/puppycrawl/tools/checkstyle/grammars/java.g:1027:43:     k==2:"final","abstract","strictfp",SEMI,"void","boolean","byte","char","short","int","float","long","double",IDENT,"private","public","protected","static","transient","native","synchronized","volatile","class",LCURLY,RCURLY,LPAREN,RPAREN,"this","super",COLON,"if","while","do","break","continue","return","switch","throw","for","else","case","default","try",PLUS,MINUS,INC,DEC,BNOT,LNOT,"true","false","null","new",NUM_INT,CHAR_LITERAL,STRING_LITERAL,NUM_FLOAT,NUM_LONG,NUM_DOUBLE,ASSERT,AT
/home/travis/build/checkstyle/checkstyle/src/main/resources/com/puppycrawl/tools/checkstyle/grammars/java.g:1127:9: warning:nondeterminism between alts 1 and 2 of block upon
/home/travis/build/checkstyle/checkstyle/src/main/resources/com/puppycrawl/tools/checkstyle/grammars/java.g:1127:9:     k==1:"default"
/home/travis/build/checkstyle/checkstyle/src/main/resources/com/puppycrawl/tools/checkstyle/grammars/java.g:1127:9:     k==2:"final","abstract","strictfp",SEMI,"void","boolean","byte","char","short","int","float","long","double",IDENT,"private","public","protected","static","transient","native","synchronized","volatile","class",LCURLY,RCURLY,LPAREN,RPAREN,"this","super",COLON,"if","while","do","break","continue","return","switch","throw","for","case","default","try",PLUS,MINUS,INC,DEC,BNOT,LNOT,"true","false","null","new",NUM_INT,CHAR_LITERAL,STRING_LITERAL,NUM_FLOAT,NUM_LONG,NUM_DOUBLE,ASSERT,AT
/home/travis/build/checkstyle/checkstyle/src/main/resources/com/puppycrawl/tools/checkstyle/grammars/java.g:1411:13: warning:nondeterminism between alts 1 and 4 of block upon
/home/travis/build/checkstyle/checkstyle/src/main/resources/com/puppycrawl/tools/checkstyle/grammars/java.g:1411:13:     k==1:IDENT,"this","super",LT
/home/travis/build/checkstyle/checkstyle/src/main/resources/com/puppycrawl/tools/checkstyle/grammars/java.g:1411:13:     k==2:"final","abstract","strictfp",SEMI,LBRACK,RBRACK,"void","boolean","byte","char","short","int","float","long","double",IDENT,DOT,STAR,"private","public","protected","static","transient","native","synchronized","volatile","class","interface",LCURLY,RCURLY,COMMA,LPAREN,RPAREN,"this","super",ASSIGN,COLON,"if","while","do","break","continue","return","switch","throw","for","else","case","default","try",PLUS_ASSIGN,MINUS_ASSIGN,STAR_ASSIGN,DIV_ASSIGN,MOD_ASSIGN,SR_ASSIGN,BSR_ASSIGN,SL_ASSIGN,BAND_ASSIGN,BXOR_ASSIGN,BOR_ASSIGN,QUESTION,LOR,LAND,BOR,BXOR,BAND,NOT_EQUAL,EQUAL,LT,GT,LE,GE,"instanceof",SL,SR,BSR,PLUS,MINUS,DIV,MOD,INC,DEC,BNOT,LNOT,"true","false","null","new",NUM_INT,CHAR_LITERAL,STRING_LITERAL,NUM_FLOAT,NUM_LONG,NUM_DOUBLE,ASSERT,ENUM,AT,DOUBLE_COLON
/home/travis/build/checkstyle/checkstyle/src/main/resources/com/puppycrawl/tools/checkstyle/grammars/java.g:1411:13: warning:nondeterminism between alts 2 and 4 of block upon
/home/travis/build/checkstyle/checkstyle/src/main/resources/com/puppycrawl/tools/checkstyle/grammars/java.g:1411:13:     k==1:"class"
/home/travis/build/checkstyle/checkstyle/src/main/resources/com/puppycrawl/tools/checkstyle/grammars/java.g:1411:13:     k==2:"final","abstract","strictfp",SEMI,LBRACK,RBRACK,"void","boolean","byte","char","short","int","float","long","double",IDENT,DOT,STAR,"private","public","protected","static","transient","native","synchronized","volatile","class","interface",LCURLY,RCURLY,COMMA,LPAREN,RPAREN,"this","super",ASSIGN,COLON,"if","while","do","break","continue","return","switch","throw","for","else","case","default","try",PLUS_ASSIGN,MINUS_ASSIGN,STAR_ASSIGN,DIV_ASSIGN,MOD_ASSIGN,SR_ASSIGN,BSR_ASSIGN,SL_ASSIGN,BAND_ASSIGN,BXOR_ASSIGN,BOR_ASSIGN,QUESTION,LOR,LAND,BOR,BXOR,BAND,NOT_EQUAL,EQUAL,LT,GT,LE,GE,"instanceof",SL,SR,BSR,PLUS,MINUS,DIV,MOD,INC,DEC,BNOT,LNOT,"true","false","null","new",NUM_INT,CHAR_LITERAL,STRING_LITERAL,NUM_FLOAT,NUM_LONG,NUM_DOUBLE,ASSERT,ENUM,AT,DOUBLE_COLON
/home/travis/build/checkstyle/checkstyle/src/main/resources/com/puppycrawl/tools/checkstyle/grammars/java.g:1411:13: warning:nondeterminism between alts 3 and 4 of block upon
/home/travis/build/checkstyle/checkstyle/src/main/resources/com/puppycrawl/tools/checkstyle/grammars/java.g:1411:13:     k==1:"new"
/home/travis/build/checkstyle/checkstyle/src/main/resources/com/puppycrawl/tools/checkstyle/grammars/java.g:1411:13:     k==2:"void","boolean","byte","char","short","int","float","long","double",IDENT,LT,AT
/home/travis/build/checkstyle/checkstyle/src/main/resources/com/puppycrawl/tools/checkstyle/grammars/java.g:1456:9: warning:nondeterminism between alts 1 and 3 of block upon
/home/travis/build/checkstyle/checkstyle/src/main/resources/com/puppycrawl/tools/checkstyle/grammars/java.g:1456:9:     k==1:INC
/home/travis/build/checkstyle/checkstyle/src/main/resources/com/puppycrawl/tools/checkstyle/grammars/java.g:1456:9:     k==2:"final","abstract","strictfp",SEMI,RBRACK,"void","boolean","byte","char","short","int","float","long","double",IDENT,STAR,"private","public","protected","static","transient","native","synchronized","volatile","class","interface",LCURLY,RCURLY,COMMA,LPAREN,RPAREN,"this","super",ASSIGN,COLON,"if","while","do","break","continue","return","switch","throw","for","else","case","default","try",PLUS_ASSIGN,MINUS_ASSIGN,STAR_ASSIGN,DIV_ASSIGN,MOD_ASSIGN,SR_ASSIGN,BSR_ASSIGN,SL_ASSIGN,BAND_ASSIGN,BXOR_ASSIGN,BOR_ASSIGN,QUESTION,LOR,LAND,BOR,BXOR,BAND,NOT_EQUAL,EQUAL,LT,GT,LE,GE,"instanceof",SL,SR,BSR,PLUS,MINUS,DIV,MOD,INC,DEC,BNOT,LNOT,"true","false","null","new",NUM_INT,CHAR_LITERAL,STRING_LITERAL,NUM_FLOAT,NUM_LONG,NUM_DOUBLE,ASSERT,ENUM,AT
/home/travis/build/checkstyle/checkstyle/src/main/resources/com/puppycrawl/tools/checkstyle/grammars/java.g:1456:9: warning:nondeterminism between alts 2 and 3 of block upon
/home/travis/build/checkstyle/checkstyle/src/main/resources/com/puppycrawl/tools/checkstyle/grammars/java.g:1456:9:     k==1:DEC
/home/travis/build/checkstyle/checkstyle/src/main/resources/com/puppycrawl/tools/checkstyle/grammars/java.g:1456:9:     k==2:"final","abstract","strictfp",SEMI,RBRACK,"void","boolean","byte","char","short","int","float","long","double",IDENT,STAR,"private","public","protected","static","transient","native","synchronized","volatile","class","interface",LCURLY,RCURLY,COMMA,LPAREN,RPAREN,"this","super",ASSIGN,COLON,"if","while","do","break","continue","return","switch","throw","for","else","case","default","try",PLUS_ASSIGN,MINUS_ASSIGN,STAR_ASSIGN,DIV_ASSIGN,MOD_ASSIGN,SR_ASSIGN,BSR_ASSIGN,SL_ASSIGN,BAND_ASSIGN,BXOR_ASSIGN,BOR_ASSIGN,QUESTION,LOR,LAND,BOR,BXOR,BAND,NOT_EQUAL,EQUAL,LT,GT,LE,GE,"instanceof",SL,SR,BSR,PLUS,MINUS,DIV,MOD,INC,DEC,BNOT,LNOT,"true","false","null","new",NUM_INT,CHAR_LITERAL,STRING_LITERAL,NUM_FLOAT,NUM_LONG,NUM_DOUBLE,ASSERT,ENUM,AT
/home/travis/build/checkstyle/checkstyle/src/main/resources/com/puppycrawl/tools/checkstyle/grammars/java.g:1534:36: warning:nondeterminism between alts 1 and 2 of block upon
/home/travis/build/checkstyle/checkstyle/src/main/resources/com/puppycrawl/tools/checkstyle/grammars/java.g:1534:36:     k==1:LCURLY
/home/travis/build/checkstyle/checkstyle/src/main/resources/com/puppycrawl/tools/checkstyle/grammars/java.g:1534:36:     k==2:"final","abstract","strictfp",SEMI,"void","boolean","byte","char","short","int","float","long","double",IDENT,"private","public","protected","static","transient","native","synchronized","volatile","class","interface",LCURLY,RCURLY,"default",LT,ENUM,AT
/home/travis/build/checkstyle/checkstyle/src/main/resources/com/puppycrawl/tools/checkstyle/grammars/java.g:1544:33: warning:nondeterminism between alts 1 and 2 of block upon
/home/travis/build/checkstyle/checkstyle/src/main/resources/com/puppycrawl/tools/checkstyle/grammars/java.g:1544:33:     k==1:LCURLY
/home/travis/build/checkstyle/checkstyle/src/main/resources/com/puppycrawl/tools/checkstyle/grammars/java.g:1544:33:     k==2:"void","boolean","byte","char","short","int","float","long","double",IDENT,LCURLY,RCURLY,COMMA,LPAREN,"this","super",PLUS,MINUS,INC,DEC,BNOT,LNOT,"true","false","null","new",NUM_INT,CHAR_LITERAL,STRING_LITERAL,NUM_FLOAT,NUM_LONG,NUM_DOUBLE
/home/travis/build/checkstyle/checkstyle/src/main/resources/com/puppycrawl/tools/checkstyle/grammars/java.g:1585: warning:nondeterminism between alts 2 and 3 of block upon
/home/travis/build/checkstyle/checkstyle/src/main/resources/com/puppycrawl/tools/checkstyle/grammars/java.g:1585:     k==1:LPAREN
/home/travis/build/checkstyle/checkstyle/src/main/resources/com/puppycrawl/tools/checkstyle/grammars/java.g:1585:     k==2:IDENT
/home/travis/build/checkstyle/checkstyle/src/main/resources/com/puppycrawl/tools/checkstyle/grammars/java.g:1587:17: warning:nondeterminism between alts 1 and 2 of block upon
/home/travis/build/checkstyle/checkstyle/src/main/resources/com/puppycrawl/tools/checkstyle/grammars/java.g:1587:17:     k==1:RPAREN
/home/travis/build/checkstyle/checkstyle/src/main/resources/com/puppycrawl/tools/checkstyle/grammars/java.g:1587:17:     k==2:LAMBDA

[INFO] 
[INFO] --- antlr4-maven-plugin:4.5.1-1:antlr4 (default) @ checkstyle ---
[INFO] ANTLR 4: Processing source directory /home/travis/build/checkstyle/checkstyle/src/main/resources
[INFO] Processing grammar: com/puppycrawl/tools/checkstyle/grammars/javadoc/JavadocLexer.g4
[INFO] Processing grammar: com/puppycrawl/tools/checkstyle/grammars/javadoc/JavadocParser.g4
[INFO] 
[INFO] --- build-helper-maven-plugin:1.10:add-source (add-source) @ checkstyle ---
[INFO] Source directory: /home/travis/build/checkstyle/checkstyle/target/generated-sources/antlr added.
[INFO] 
[INFO] --- maven-resources-plugin:2.7:resources (default-resources) @ checkstyle ---
[INFO] Using 'UTF-8' encoding to copy filtered resources.
[INFO] Copying 145 resources
[INFO] Copying 1 resource
[INFO] 
[INFO] --- build-helper-maven-plugin:1.10:add-test-source (add-test-source) @ checkstyle ---
[INFO] Test Source directory: /home/travis/build/checkstyle/checkstyle/src/test/resources added.
[INFO] 
[INFO] --- build-helper-maven-plugin:1.10:add-test-source (add-it-test-source) @ checkstyle ---
[INFO] Test Source directory: /home/travis/build/checkstyle/checkstyle/src/it/java added.
[INFO] 
[INFO] --- build-helper-maven-plugin:1.10:add-test-source (add-it-test-resource) @ checkstyle ---
[INFO] Test Source directory: /home/travis/build/checkstyle/checkstyle/src/it/resources added.
[INFO] 
[INFO] --- maven-compiler-plugin:3.3:compile (default-compile) @ checkstyle ---
[INFO] Changes detected - recompiling the module!
[INFO] Compiling 332 source files to /home/travis/build/checkstyle/checkstyle/target/classes
[INFO] /home/travis/build/checkstyle/checkstyle/src/main/java/com/puppycrawl/tools/checkstyle/checks/javadoc/JavadocMethodCheck.java: /home/travis/build/checkstyle/checkstyle/src/main/java/com/puppycrawl/tools/checkstyle/checks/javadoc/JavadocMethodCheck.java uses or overrides a deprecated API.
[INFO] /home/travis/build/checkstyle/checkstyle/src/main/java/com/puppycrawl/tools/checkstyle/checks/javadoc/JavadocMethodCheck.java: Recompile with -Xlint:deprecation for details.
[INFO] /home/travis/build/checkstyle/checkstyle/src/main/java/com/puppycrawl/tools/checkstyle/api/AutomaticBean.java: Some input files use unchecked or unsafe operations.
[INFO] /home/travis/build/checkstyle/checkstyle/src/main/java/com/puppycrawl/tools/checkstyle/api/AutomaticBean.java: Recompile with -Xlint:unchecked for details.
[INFO] 
[INFO] --- maven-antrun-plugin:1.8:run (ant-phase-compile) @ checkstyle ---
[INFO] Executing tasks

main:

execute:
[propertyfile] Creating new property file: /home/travis/build/checkstyle/checkstyle/target/classes/checkstylecompilation.properties
  [javadoc] Generating Javadoc
  [javadoc] Javadoc execution
  [javadoc] Loading source file /home/travis/build/checkstyle/checkstyle/src/main/java/com/puppycrawl/tools/checkstyle/api/TokenTypes.java...
  [javadoc] Constructing Javadoc information...
[INFO] Executed tasks
[INFO] 
[INFO] --- maven-resources-plugin:2.7:testResources (default-testResources) @ checkstyle ---
[INFO] Using 'UTF-8' encoding to copy filtered resources.
[INFO] Copying 538 resources
[INFO] 
[INFO] --- maven-compiler-plugin:3.3:testCompile (default-testCompile) @ checkstyle ---
[INFO] Changes detected - recompiling the module!
[INFO] Compiling 860 source files to /home/travis/build/checkstyle/checkstyle/target/test-classes
[INFO] /home/travis/build/checkstyle/checkstyle/src/test/java/com/puppycrawl/tools/checkstyle/checks/javadoc/AbstractTypeAwareCheckTest.java: /home/travis/build/checkstyle/checkstyle/src/test/java/com/puppycrawl/tools/checkstyle/checks/javadoc/AbstractTypeAwareCheckTest.java uses or overrides a deprecated API.
[INFO] /home/travis/build/checkstyle/checkstyle/src/test/java/com/puppycrawl/tools/checkstyle/checks/javadoc/AbstractTypeAwareCheckTest.java: Recompile with -Xlint:deprecation for details.
[INFO] 
[INFO] --- maven-surefire-plugin:2.19:test (default-test) @ checkstyle ---
[INFO] Tests are skipped.
[INFO] 
[INFO] --- xml-maven-plugin:1.0:validate (default) @ checkstyle ---
[INFO] 
[INFO] --- maven-jar-plugin:2.6:jar (default-jar) @ checkstyle ---
[INFO] Building jar: /home/travis/build/checkstyle/checkstyle/target/checkstyle-6.14-SNAPSHOT.jar
[INFO] 
[INFO] --- maven-jar-plugin:2.6:test-jar (default) @ checkstyle ---
[INFO] Building jar: /home/travis/build/checkstyle/checkstyle/target/checkstyle-6.14-SNAPSHOT-tests.jar
[INFO] 
[INFO] --- maven-failsafe-plugin:2.19:integration-test (integration-test) @ checkstyle ---
[INFO] Tests are skipped.
[INFO] 
[INFO] --- maven-checkstyle-plugin:2.17:check (sevntu-checkstyle-check) @ checkstyle ---
[INFO] There are 8 errors reported by Checkstyle 6.13 with /home/travis/build/checkstyle/checkstyle/config/checkstyle_sevntu_checks.xml ruleset.
[ERROR] src/main/java/com/puppycrawl/tools/checkstyle/checks/coding/DeclarationOrderCheck.java:[35] (extension) LineLengthExtended: Line is longer than 100 characters. Current line length is 102.
[ERROR] src/main/java/com/puppycrawl/tools/checkstyle/checks/whitespace/OperatorWrapCheck.java:[88] (extension) LineLengthExtended: Line is longer than 100 characters. Current line length is 161.
[ERROR] src/main/java/com/puppycrawl/tools/checkstyle/checks/whitespace/WhitespaceAroundCheck.java:[96] (extension) LineLengthExtended: Line is longer than 100 characters. Current line length is 161.
[ERROR] src/main/java/com/puppycrawl/tools/checkstyle/gui/BaseCellEditor.java:[35] (extension) LineLengthExtended: Line is longer than 100 characters. Current line length is 102.
[ERROR] src/main/java/com/puppycrawl/tools/checkstyle/gui/JTreeTable.java:[48] (extension) LineLengthExtended: Line is longer than 100 characters. Current line length is 102.
[ERROR] src/main/java/com/puppycrawl/tools/checkstyle/gui/TreeTableModelAdapter.java:[38] (extension) LineLengthExtended: Line is longer than 100 characters. Current line length is 102.
[ERROR] src/main/java/com/puppycrawl/tools/checkstyle/utils/CommonUtils.java:[252] (extension) LineLengthExtended: Line is longer than 100 characters. Current line length is 101.
[ERROR] src/main/java/com/puppycrawl/tools/checkstyle/utils/CommonUtils.java:[272] (extension) LineLengthExtended: Line is longer than 100 characters. Current line length is 101.
[INFO] ------------------------------------------------------------------------
[INFO] BUILD FAILURE
[INFO] ------------------------------------------------------------------------
[INFO] Total time: 34.660 s
[INFO] Finished at: 2015-12-18T20:19:53+00:00
[INFO] Final Memory: 39M/430M
[INFO] ------------------------------------------------------------------------
[ERROR] Failed to execute goal org.apache.maven.plugins:maven-checkstyle-plugin:2.17:check (sevntu-checkstyle-check) on project checkstyle: You have 8 Checkstyle violations. -> [Help 1]
[ERROR] 
[ERROR] To see the full stack trace of the errors, re-run Maven with the -e switch.
[ERROR] Re-run Maven using the -X switch to enable full debug logging.
[ERROR] 
[ERROR] For more information about the errors and possible solutions, please read the following articles:
[ERROR] [Help 1] http://cwiki.apache.org/confluence/display/MAVEN/MojoFailureException
travis_time:end:02a1c101:start=1450469957216526973,finish=1450469994125617352,duration=36909090379[0K
[31;1mThe command "eval $CMD" exited with 1.[0m
travis_fold:start:cache.2[0Kstore build cache
travis_time:start:05ff598c[0Ktravis_time:end:05ff598c:start=1450469994130167611,finish=1450469994133667609,duration=3499998[0Ktravis_time:start:021f8e4b[0K[32;1mchange detected:
/home/travis/.m2/repository/commons-io/commons-io/2.5-SNAPSHOT/resolver-status.properties
/home/travis/.m2/repository/commons-io/commons-io/2.6-SNAPSHOT/resolver-status.properties
/home/travis/.m2/repository/commons-io/commons-io/resolver-status.properties
/home/travis/.m2/repository/junit/junit-dep/resolver-status.properties

[0m
[32;1mchanges detected, packing new archive[0m
.
[32;1muploading archive[0m
travis_time:end:021f8e4b:start=1450469994137788082,finish=1450470005061297180,duration=10923509098[0Ktravis_fold:end:cache.2[0K
Done. Your build exited with 1.
