Using worker: worker-linux-docker-8e40e076.prod.travis-ci.org:travis-linux-7

travis_fold:start:system_info[0K[33;1mBuild system information[0m
Build language: java
Build group: stable
Build dist: precise
[34m[1mBuild image provisioning date and time[0m
Thu Feb  5 15:09:33 UTC 2015
[34m[1mOperating System Details[0m
Distributor ID:	Ubuntu
Description:	Ubuntu 12.04.5 LTS
Release:	12.04
Codename:	precise
[34m[1mLinux Version[0m
3.13.0-29-generic
[34m[1mCookbooks Version[0m
a68419e https://github.com/travis-ci/travis-cookbooks/tree/a68419e
[34m[1mGCC version[0m
gcc (Ubuntu/Linaro 4.6.3-1ubuntu5) 4.6.3
Copyright (C) 2011 Free Software Foundation, Inc.
This is free software; see the source for copying conditions.  There is NO
warranty; not even for MERCHANTABILITY or FITNESS FOR A PARTICULAR PURPOSE.

[34m[1mLLVM version[0m
clang version 3.4 (tags/RELEASE_34/final)
Target: x86_64-unknown-linux-gnu
Thread model: posix
[34m[1mPre-installed Ruby versions[0m
ruby-1.9.3-p551
[34m[1mPre-installed Node.js versions[0m
v0.10.36
[34m[1mPre-installed Go versions[0m
1.4.1
[34m[1mRedis version[0m
redis-server 2.8.19
[34m[1mriak version[0m
2.0.2
[34m[1mMongoDB version[0m
MongoDB 2.4.12
[34m[1mCouchDB version[0m
couchdb 1.6.1
[34m[1mNeo4j version[0m
1.9.4
[34m[1mRabbitMQ Version[0m
3.4.3
[34m[1mElasticSearch version[0m
1.4.0
[34m[1mInstalled Sphinx versions[0m
2.0.10
2.1.9
2.2.6
[34m[1mDefault Sphinx version[0m
2.2.6
[34m[1mInstalled Firefox version[0m
firefox 31.0esr
[34m[1mPhantomJS version[0m
1.9.8
[34m[1mant -version[0m
Apache Ant(TM) version 1.8.2 compiled on December 3 2011
[34m[1mmvn -version[0m
Apache Maven 3.2.5 (12a6b3acb947671f09b81f49094c53f426d8cea1; 2014-12-14T17:29:23+00:00)
Maven home: /usr/local/maven
Java version: 1.7.0_76, vendor: Oracle Corporation
Java home: /usr/lib/jvm/java-7-oracle/jre
Default locale: en_US, platform encoding: ANSI_X3.4-1968
OS name: "linux", version: "3.13.0-29-generic", arch: "amd64", family: "unix"
travis_fold:end:system_info[0K
travis_fold:start:fix.CVE-2015-7547[0K$ export DEBIAN_FRONTEND=noninteractive
W: Size of file /var/lib/apt/lists/us.archive.ubuntu.com_ubuntu_dists_precise-backports_multiverse_source_Sources.gz is not what the server reported 5886 5888
W: Size of file /var/lib/apt/lists/ppa.launchpad.net_ubuntugis_ppa_ubuntu_dists_precise_main_binary-amd64_Packages.gz is not what the server reported 36669 36677
W: Size of file /var/lib/apt/lists/ppa.launchpad.net_ubuntugis_ppa_ubuntu_dists_precise_main_binary-i386_Packages.gz is not what the server reported 36729 36733
Reading package lists...
Building dependency tree...
Reading state information...
The following extra packages will be installed:
  libc-bin libc-dev-bin libc6-dev
Suggested packages:
  glibc-doc
The following packages will be upgraded:
  libc-bin libc-dev-bin libc6 libc6-dev
4 upgraded, 0 newly installed, 0 to remove and 247 not upgraded.
Need to get 8,840 kB of archives.
After this operation, 14.3 kB disk space will be freed.
Get:1 http://us.archive.ubuntu.com/ubuntu/ precise-updates/main libc6-dev amd64 2.15-0ubuntu10.15 [2,943 kB]
Get:2 http://us.archive.ubuntu.com/ubuntu/ precise-updates/main libc-dev-bin amd64 2.15-0ubuntu10.15 [84.7 kB]
Get:3 http://us.archive.ubuntu.com/ubuntu/ precise-updates/main libc-bin amd64 2.15-0ubuntu10.15 [1,177 kB]
Get:4 http://us.archive.ubuntu.com/ubuntu/ precise-updates/main libc6 amd64 2.15-0ubuntu10.15 [4,636 kB]
Fetched 8,840 kB in 0s (35.0 MB/s)
Preconfiguring packages ...
(Reading database ... (Reading database ... 5%(Reading database ... 10%(Reading database ... 15%(Reading database ... 20%(Reading database ... 25%(Reading database ... 30%(Reading database ... 35%(Reading database ... 40%(Reading database ... 45%(Reading database ... 50%(Reading database ... 55%(Reading database ... 60%(Reading database ... 65%(Reading database ... 70%(Reading database ... 75%(Reading database ... 80%(Reading database ... 85%(Reading database ... 90%(Reading database ... 95%(Reading database ... 100%(Reading database ... 72019 files and directories currently installed.)
Preparing to replace libc6-dev 2.15-0ubuntu10.10 (using .../libc6-dev_2.15-0ubuntu10.15_amd64.deb) ...
Unpacking replacement libc6-dev ...
Preparing to replace libc-dev-bin 2.15-0ubuntu10.10 (using .../libc-dev-bin_2.15-0ubuntu10.15_amd64.deb) ...
Unpacking replacement libc-dev-bin ...
Preparing to replace libc-bin 2.15-0ubuntu10.10 (using .../libc-bin_2.15-0ubuntu10.15_amd64.deb) ...
Unpacking replacement libc-bin ...
Processing triggers for man-db ...
Setting up libc-bin (2.15-0ubuntu10.15) ...
(Reading database ... (Reading database ... 5%(Reading database ... 10%(Reading database ... 15%(Reading database ... 20%(Reading database ... 25%(Reading database ... 30%(Reading database ... 35%(Reading database ... 40%(Reading database ... 45%(Reading database ... 50%(Reading database ... 55%(Reading database ... 60%(Reading database ... 65%(Reading database ... 70%(Reading database ... 75%(Reading database ... 80%(Reading database ... 85%(Reading database ... 90%(Reading database ... 95%(Reading database ... 100%(Reading database ... 72018 files and directories currently installed.)
Preparing to replace libc6 2.15-0ubuntu10.10 (using .../libc6_2.15-0ubuntu10.15_amd64.deb) ...
Unpacking replacement libc6 ...
Setting up libc6 (2.15-0ubuntu10.15) ...
Setting up libc-dev-bin (2.15-0ubuntu10.15) ...
Setting up libc6-dev (2.15-0ubuntu10.15) ...
Processing triggers for libc-bin ...
ldconfig deferred processing now taking place
travis_fold:end:fix.CVE-2015-7547[0Ktravis_fold:start:git.checkout[0Ktravis_time:start:0915dc30[0K$ git clone --depth=10 --branch=master https://github.com/zxing/zxing.git zxing/zxing
Cloning into 'zxing/zxing'...
remote: Counting objects: 2736, done.[K
remote: Compressing objects:   0% (1/2120)   [Kremote: Compressing objects:   1% (22/2120)   [Kremote: Compressing objects:   2% (43/2120)   [Kremote: Compressing objects:   3% (64/2120)   [Kremote: Compressing objects:   4% (85/2120)   [Kremote: Compressing objects:   5% (106/2120)   [Kremote: Compressing objects:   6% (128/2120)   [Kremote: Compressing objects:   7% (149/2120)   [Kremote: Compressing objects:   8% (170/2120)   [Kremote: Compressing objects:   9% (191/2120)   [Kremote: Compressing objects:  10% (212/2120)   [Kremote: Compressing objects:  11% (234/2120)   [Kremote: Compressing objects:  12% (255/2120)   [Kremote: Compressing objects:  13% (276/2120)   [Kremote: Compressing objects:  14% (297/2120)   [Kremote: Compressing objects:  15% (318/2120)   [Kremote: Compressing objects:  16% (340/2120)   [Kremote: Compressing objects:  17% (361/2120)   [Kremote: Compressing objects:  18% (382/2120)   [Kremote: Compressing objects:  19% (403/2120)   [Kremote: Compressing objects:  20% (424/2120)   [Kremote: Compressing objects:  21% (446/2120)   [Kremote: Compressing objects:  22% (467/2120)   [Kremote: Compressing objects:  23% (488/2120)   [Kremote: Compressing objects:  24% (509/2120)   [Kremote: Compressing objects:  25% (530/2120)   [Kremote: Compressing objects:  26% (552/2120)   [Kremote: Compressing objects:  27% (573/2120)   [Kremote: Compressing objects:  28% (594/2120)   [Kremote: Compressing objects:  29% (615/2120)   [Kremote: Compressing objects:  30% (636/2120)   [Kremote: Compressing objects:  31% (658/2120)   [Kremote: Compressing objects:  32% (679/2120)   [Kremote: Compressing objects:  33% (700/2120)   [Kremote: Compressing objects:  34% (721/2120)   [Kremote: Compressing objects:  35% (742/2120)   [Kremote: Compressing objects:  36% (764/2120)   [Kremote: Compressing objects:  37% (785/2120)   [Kremote: Compressing objects:  38% (806/2120)   [Kremote: Compressing objects:  39% (827/2120)   [Kremote: Compressing objects:  40% (848/2120)   [Kremote: Compressing objects:  41% (870/2120)   [Kremote: Compressing objects:  42% (891/2120)   [Kremote: Compressing objects:  43% (912/2120)   [Kremote: Compressing objects:  44% (933/2120)   [Kremote: Compressing objects:  45% (954/2120)   [Kremote: Compressing objects:  46% (976/2120)   [Kremote: Compressing objects:  47% (997/2120)   [Kremote: Compressing objects:  48% (1018/2120)   [Kremote: Compressing objects:  49% (1039/2120)   [Kremote: Compressing objects:  50% (1060/2120)   [Kremote: Compressing objects:  51% (1082/2120)   [Kremote: Compressing objects:  52% (1103/2120)   [Kremote: Compressing objects:  53% (1124/2120)   [Kremote: Compressing objects:  54% (1145/2120)   [Kremote: Compressing objects:  55% (1166/2120)   [Kremote: Compressing objects:  56% (1188/2120)   [Kremote: Compressing objects:  57% (1209/2120)   [Kremote: Compressing objects:  58% (1230/2120)   [Kremote: Compressing objects:  59% (1251/2120)   [Kremote: Compressing objects:  60% (1272/2120)   [Kremote: Compressing objects:  61% (1294/2120)   [Kremote: Compressing objects:  62% (1315/2120)   [Kremote: Compressing objects:  63% (1336/2120)   [Kremote: Compressing objects:  64% (1357/2120)   [Kremote: Compressing objects:  65% (1378/2120)   [Kremote: Compressing objects:  66% (1400/2120)   [Kremote: Compressing objects:  67% (1421/2120)   [Kremote: Compressing objects:  68% (1442/2120)   [Kremote: Compressing objects:  69% (1463/2120)   [Kremote: Compressing objects:  70% (1484/2120)   [Kremote: Compressing objects:  71% (1506/2120)   [Kremote: Compressing objects:  72% (1527/2120)   [Kremote: Compressing objects:  73% (1548/2120)   [Kremote: Compressing objects:  74% (1569/2120)   [Kremote: Compressing objects:  75% (1590/2120)   [Kremote: Compressing objects:  76% (1612/2120)   [Kremote: Compressing objects:  77% (1633/2120)   [Kremote: Compressing objects:  78% (1654/2120)   [Kremote: Compressing objects:  79% (1675/2120)   [Kremote: Compressing objects:  80% (1696/2120)   [Kremote: Compressing objects:  81% (1718/2120)   [Kremote: Compressing objects:  82% (1739/2120)   [Kremote: Compressing objects:  83% (1760/2120)   [Kremote: Compressing objects:  84% (1781/2120)   [Kremote: Compressing objects:  85% (1802/2120)   [Kremote: Compressing objects:  86% (1824/2120)   [Kremote: Compressing objects:  87% (1845/2120)   [Kremote: Compressing objects:  88% (1866/2120)   [Kremote: Compressing objects:  89% (1887/2120)   [Kremote: Compressing objects:  90% (1908/2120)   [Kremote: Compressing objects:  91% (1930/2120)   [Kremote: Compressing objects:  92% (1951/2120)   [Kremote: Compressing objects:  93% (1972/2120)   [Kremote: Compressing objects:  94% (1993/2120)   [Kremote: Compressing objects:  95% (2014/2120)   [Kremote: Compressing objects:  96% (2036/2120)   [Kremote: Compressing objects:  97% (2057/2120)   [Kremote: Compressing objects:  98% (2078/2120)   [Kremote: Compressing objects:  99% (2099/2120)   [Kremote: Compressing objects: 100% (2120/2120)   [Kremote: Compressing objects: 100% (2120/2120), done.[K
Receiving objects:   0% (1/2736)   Receiving objects:   1% (28/2736)   Receiving objects:   2% (55/2736)   Receiving objects:   3% (83/2736)   Receiving objects:   4% (110/2736)   Receiving objects:   5% (137/2736)   Receiving objects:   6% (165/2736)   Receiving objects:   7% (192/2736)   Receiving objects:   8% (219/2736)   Receiving objects:   9% (247/2736)   Receiving objects:  10% (274/2736)   Receiving objects:  11% (301/2736)   Receiving objects:  12% (329/2736)   Receiving objects:  13% (356/2736)   Receiving objects:  14% (384/2736)   Receiving objects:  15% (411/2736)   Receiving objects:  16% (438/2736)   Receiving objects:  17% (466/2736)   Receiving objects:  18% (493/2736)   Receiving objects:  19% (520/2736)   Receiving objects:  20% (548/2736)   Receiving objects:  21% (575/2736)   Receiving objects:  22% (602/2736)   Receiving objects:  23% (630/2736)   Receiving objects:  24% (657/2736)   Receiving objects:  25% (684/2736)   Receiving objects:  26% (712/2736)   Receiving objects:  27% (739/2736)   Receiving objects:  28% (767/2736)   Receiving objects:  29% (794/2736)   Receiving objects:  30% (821/2736)   Receiving objects:  31% (849/2736)   Receiving objects:  32% (876/2736)   Receiving objects:  33% (903/2736)   Receiving objects:  34% (931/2736)   Receiving objects:  35% (958/2736)   Receiving objects:  36% (985/2736)   Receiving objects:  37% (1013/2736)   Receiving objects:  38% (1040/2736)   Receiving objects:  39% (1068/2736), 11.76 MiB | 23.46 MiB/s   Receiving objects:  40% (1095/2736), 11.76 MiB | 23.46 MiB/s   Receiving objects:  41% (1122/2736), 11.76 MiB | 23.46 MiB/s   Receiving objects:  42% (1150/2736), 11.76 MiB | 23.46 MiB/s   Receiving objects:  43% (1177/2736), 11.76 MiB | 23.46 MiB/s   Receiving objects:  43% (1194/2736), 28.04 MiB | 27.98 MiB/s   Receiving objects:  44% (1204/2736), 28.04 MiB | 27.98 MiB/s   Receiving objects:  45% (1232/2736), 28.04 MiB | 27.98 MiB/s   Receiving objects:  46% (1259/2736), 28.04 MiB | 27.98 MiB/s   Receiving objects:  47% (1286/2736), 28.04 MiB | 27.98 MiB/s   Receiving objects:  48% (1314/2736), 28.04 MiB | 27.98 MiB/s   Receiving objects:  49% (1341/2736), 28.04 MiB | 27.98 MiB/s   Receiving objects:  50% (1368/2736), 28.04 MiB | 27.98 MiB/s   Receiving objects:  51% (1396/2736), 28.04 MiB | 27.98 MiB/s   Receiving objects:  52% (1423/2736), 44.12 MiB | 29.35 MiB/s   Receiving objects:  53% (1451/2736), 44.12 MiB | 29.35 MiB/s   Receiving objects:  54% (1478/2736), 44.12 MiB | 29.35 MiB/s   Receiving objects:  54% (1504/2736), 64.07 MiB | 31.97 MiB/s   Receiving objects:  55% (1505/2736), 64.07 MiB | 31.97 MiB/s   Receiving objects:  56% (1533/2736), 64.07 MiB | 31.97 MiB/s   Receiving objects:  57% (1560/2736), 64.07 MiB | 31.97 MiB/s   Receiving objects:  58% (1587/2736), 64.07 MiB | 31.97 MiB/s   Receiving objects:  59% (1615/2736), 64.07 MiB | 31.97 MiB/s   Receiving objects:  60% (1642/2736), 64.07 MiB | 31.97 MiB/s   Receiving objects:  61% (1669/2736), 64.07 MiB | 31.97 MiB/s   Receiving objects:  62% (1697/2736), 64.07 MiB | 31.97 MiB/s   Receiving objects:  63% (1724/2736), 80.72 MiB | 32.22 MiB/s   Receiving objects:  64% (1752/2736), 80.72 MiB | 32.22 MiB/s   Receiving objects:  65% (1779/2736), 80.72 MiB | 32.22 MiB/s   Receiving objects:  66% (1806/2736), 80.72 MiB | 32.22 MiB/s   Receiving objects:  67% (1834/2736), 80.72 MiB | 32.22 MiB/s   Receiving objects:  68% (1861/2736), 80.72 MiB | 32.22 MiB/s   Receiving objects:  69% (1888/2736), 80.72 MiB | 32.22 MiB/s   Receiving objects:  70% (1916/2736), 80.72 MiB | 32.22 MiB/s   Receiving objects:  71% (1943/2736), 80.72 MiB | 32.22 MiB/s   Receiving objects:  72% (1970/2736), 80.72 MiB | 32.22 MiB/s   Receiving objects:  72% (1972/2736), 80.72 MiB | 32.22 MiB/s   Receiving objects:  73% (1998/2736), 95.89 MiB | 31.90 MiB/s   Receiving objects:  74% (2025/2736), 95.89 MiB | 31.90 MiB/s   Receiving objects:  75% (2052/2736), 95.89 MiB | 31.90 MiB/s   Receiving objects:  76% (2080/2736), 95.89 MiB | 31.90 MiB/s   Receiving objects:  77% (2107/2736), 95.89 MiB | 31.90 MiB/s   Receiving objects:  78% (2135/2736), 95.89 MiB | 31.90 MiB/s   Receiving objects:  79% (2162/2736), 95.89 MiB | 31.90 MiB/s   Receiving objects:  80% (2189/2736), 95.89 MiB | 31.90 MiB/s   Receiving objects:  81% (2217/2736), 95.89 MiB | 31.90 MiB/s   Receiving objects:  82% (2244/2736), 95.89 MiB | 31.90 MiB/s   Receiving objects:  83% (2271/2736), 95.89 MiB | 31.90 MiB/s   Receiving objects:  84% (2299/2736), 95.89 MiB | 31.90 MiB/s   Receiving objects:  85% (2326/2736), 112.47 MiB | 32.07 MiB/s   Receiving objects:  86% (2353/2736), 112.47 MiB | 32.07 MiB/s   Receiving objects:  87% (2381/2736), 112.47 MiB | 32.07 MiB/s   Receiving objects:  88% (2408/2736), 112.47 MiB | 32.07 MiB/s   Receiving objects:  89% (2436/2736), 112.47 MiB | 32.07 MiB/s   Receiving objects:  90% (2463/2736), 112.47 MiB | 32.07 MiB/s   Receiving objects:  91% (2490/2736), 112.47 MiB | 32.07 MiB/s   Receiving objects:  92% (2518/2736), 112.47 MiB | 32.07 MiB/s   Receiving objects:  93% (2545/2736), 112.47 MiB | 32.07 MiB/s   Receiving objects:  94% (2572/2736), 112.47 MiB | 32.07 MiB/s   Receiving objects:  95% (2600/2736), 112.47 MiB | 32.07 MiB/s   Receiving objects:  96% (2627/2736), 112.47 MiB | 32.07 MiB/s   Receiving objects:  97% (2654/2736), 112.47 MiB | 32.07 MiB/s   Receiving objects:  98% (2682/2736), 112.47 MiB | 32.07 MiB/s   Receiving objects:  99% (2709/2736), 112.47 MiB | 32.07 MiB/s   remote: Total 2736 (delta 386), reused 2231 (delta 169), pack-reused 0[K
Receiving objects: 100% (2736/2736), 112.47 MiB | 32.07 MiB/s   Receiving objects: 100% (2736/2736), 126.26 MiB | 32.07 MiB/s, done.
Resolving deltas:   0% (0/386)   Resolving deltas:   2% (9/386)   Resolving deltas:   3% (12/386)   Resolving deltas:   4% (16/386)   Resolving deltas:   5% (21/386)   Resolving deltas:   6% (24/386)   Resolving deltas:   7% (29/386)   Resolving deltas:   8% (32/386)   Resolving deltas:   9% (35/386)   Resolving deltas:  10% (39/386)   Resolving deltas:  11% (43/386)   Resolving deltas:  12% (47/386)   Resolving deltas:  13% (51/386)   Resolving deltas:  16% (65/386)   Resolving deltas:  17% (66/386)   Resolving deltas:  18% (70/386)   Resolving deltas:  20% (78/386)   Resolving deltas:  21% (83/386)   Resolving deltas:  22% (86/386)   Resolving deltas:  27% (106/386)   Resolving deltas:  28% (110/386)   Resolving deltas:  29% (112/386)   Resolving deltas:  30% (117/386)   Resolving deltas:  31% (120/386)   Resolving deltas:  32% (126/386)   Resolving deltas:  33% (130/386)   Resolving deltas:  34% (133/386)   Resolving deltas:  35% (136/386)   Resolving deltas:  36% (139/386)   Resolving deltas:  37% (144/386)   Resolving deltas:  38% (148/386)   Resolving deltas:  39% (153/386)   Resolving deltas:  40% (157/386)   Resolving deltas:  41% (159/386)   Resolving deltas:  44% (170/386)   Resolving deltas:  45% (176/386)   Resolving deltas:  46% (178/386)   Resolving deltas:  47% (183/386)   Resolving deltas:  48% (186/386)   Resolving deltas:  49% (190/386)   Resolving deltas:  50% (193/386)   Resolving deltas:  51% (197/386)   Resolving deltas:  52% (201/386)   Resolving deltas:  53% (207/386)   Resolving deltas:  54% (209/386)   Resolving deltas:  55% (213/386)   Resolving deltas:  56% (218/386)   Resolving deltas:  57% (221/386)   Resolving deltas:  58% (225/386)   Resolving deltas:  59% (228/386)   Resolving deltas:  60% (234/386)   Resolving deltas:  61% (236/386)   Resolving deltas:  62% (240/386)   Resolving deltas:  63% (244/386)   Resolving deltas:  64% (249/386)   Resolving deltas:  65% (251/386)   Resolving deltas:  66% (255/386)   Resolving deltas:  67% (259/386)   Resolving deltas:  68% (264/386)   Resolving deltas:  80% (312/386)   Resolving deltas:  82% (317/386)   Resolving deltas:  84% (325/386)   Resolving deltas:  86% (332/386)   Resolving deltas:  87% (336/386)   Resolving deltas:  88% (342/386)   Resolving deltas:  89% (344/386)   Resolving deltas:  90% (350/386)   Resolving deltas:  91% (353/386)   Resolving deltas:  92% (356/386)   Resolving deltas:  93% (359/386)   Resolving deltas:  94% (363/386)   Resolving deltas:  95% (370/386)   Resolving deltas:  96% (371/386)   Resolving deltas:  97% (376/386)   Resolving deltas:  98% (379/386)   Resolving deltas:  99% (383/386)   Resolving deltas: 100% (386/386)   Resolving deltas: 100% (386/386), done.
Checking connectivity... done.

travis_time:end:0915dc30:start=1466761744713301585,finish=1466761751727721563,duration=7014419978[0K$ cd zxing/zxing
$ git checkout -qf a1a51de290b744d9f4bc106ca7ef3b5b45928b67
travis_fold:end:git.checkout[0K
[33;1mThis job is running on container-based infrastructure, which does not allow use of 'sudo', setuid and setguid executables.[0m
[33;1mIf you require sudo, add 'sudo: required' to your .travis.yml[0m
[33;1mSee https://docs.travis-ci.com/user/workers/container-based-infrastructure/ for details.[0m

[33;1mSetting environment variables from .travis.yml[0m
$ export JACOCO=-Pjacoco

$ jdk_switcher use openjdk7
Switching to OpenJDK7 (java-1.7.0-openjdk-amd64), JAVA_HOME will be set to /usr/lib/jvm/java-7-openjdk-amd64
travis_fold:start:cache.1[0KSetting up build cache
$ export CASHER_DIR=$HOME/.casher
travis_time:start:151c6d66[0K$ Installing caching utilities

travis_time:end:151c6d66:start=1466761755641177374,finish=1466761755688560537,duration=47383163[0Ktravis_time:start:154bca94[0K
travis_time:end:154bca94:start=1466761755692785012,finish=1466761755695707814,duration=2922802[0Ktravis_time:start:176648e2[0K[32;1mattempting to download cache archive[0m
[32;1mfetching master/cache-linux-precise-fb23d79576d0b775e6e3a3ea47c1823ef23543f5853520ea8fdf421fb266ea3c--jdk-openjdk7.tgz[0m
[32;1mfound cache[0m

travis_time:end:176648e2:start=1466761755699074347,finish=1466761759025997382,duration=3326923035[0Ktravis_time:start:0847c650[0K
travis_time:end:0847c650:start=1466761759029487669,finish=1466761759032568233,duration=3080564[0Ktravis_time:start:00453ee5[0K[32;1madding /home/travis/.m2 to cache[0m

travis_time:end:00453ee5:start=1466761759036041842,finish=1466761762869889341,duration=3833847499[0Ktravis_fold:end:cache.1[0K$ java -Xmx32m -version
java version "1.7.0_75"
OpenJDK Runtime Environment (IcedTea 2.5.4) (7u75-2.5.4-1~precise1)
OpenJDK 64-Bit Server VM (build 24.75-b04, mixed mode)
$ javac -J-Xmx32m -version
javac 1.7.0_75
travis_fold:start:install[0Ktravis_time:start:10ac8fb3[0K$ mvn -T 2 -Ptravis -DskipTests=true -B -V install
Apache Maven 3.2.5 (12a6b3acb947671f09b81f49094c53f426d8cea1; 2014-12-14T17:29:23+00:00)
Maven home: /usr/local/maven
Java version: 1.7.0_75, vendor: Oracle Corporation
Java home: /usr/lib/jvm/java-7-openjdk-amd64/jre
Default locale: en_US, platform encoding: UTF-8
OS name: "linux", version: "3.13.0-40-generic", arch: "amd64", family: "unix"
[INFO] Scanning for projects...
[INFO] ------------------------------------------------------------------------
[INFO] Reactor Build Order:
[INFO] 
[INFO] ZXing
[INFO] ZXing Core
[INFO] ZXing Java SE extensions
[INFO] ZXing Android Core
[INFO] ZXing Android Integration lib
[INFO] ZXing Appspot-based encoder
[INFO] ZXing zxing.org web app
[INFO] 
[INFO] Using the MultiThreadedBuilder implementation with a thread count of 2
[INFO]                                                                         
[INFO] ------------------------------------------------------------------------
[INFO] Building ZXing 3.2.2-SNAPSHOT
[INFO] ------------------------------------------------------------------------
[INFO] 
[INFO] --- maven-checkstyle-plugin:2.17:check (validate) @ zxing-parent ---
[INFO] Downloading: https://repo.maven.apache.org/maven2/com/puppycrawl/tools/checkstyle/6.19/checkstyle-6.19.pom
[INFO] Downloaded: https://repo.maven.apache.org/maven2/com/puppycrawl/tools/checkstyle/6.19/checkstyle-6.19.pom (71 KB at 115.7 KB/sec)
[INFO] Downloading: https://repo.maven.apache.org/maven2/org/antlr/antlr4-runtime/4.5.3/antlr4-runtime-4.5.3.pom
[INFO] Downloaded: https://repo.maven.apache.org/maven2/org/antlr/antlr4-runtime/4.5.3/antlr4-runtime-4.5.3.pom (3 KB at 83.6 KB/sec)
[INFO] Downloading: https://repo.maven.apache.org/maven2/org/antlr/antlr4-master/4.5.3/antlr4-master-4.5.3.pom
[INFO] Downloaded: https://repo.maven.apache.org/maven2/org/antlr/antlr4-master/4.5.3/antlr4-master-4.5.3.pom (4 KB at 124.0 KB/sec)
[INFO] Downloading: https://repo.maven.apache.org/maven2/com/puppycrawl/tools/checkstyle/6.19/checkstyle-6.19.jar
[INFO] Downloading: https://repo.maven.apache.org/maven2/org/antlr/antlr4-runtime/4.5.3/antlr4-runtime-4.5.3.jar
[INFO] Downloading: https://repo.maven.apache.org/maven2/commons-cli/commons-cli/1.3.1/commons-cli-1.3.1.jar
[INFO] Downloaded: https://repo.maven.apache.org/maven2/org/antlr/antlr4-runtime/4.5.3/antlr4-runtime-4.5.3.jar (296 KB at 1219.7 KB/sec)
[INFO] Downloaded: https://repo.maven.apache.org/maven2/commons-cli/commons-cli/1.3.1/commons-cli-1.3.1.jar (52 KB at 214.7 KB/sec)
[INFO] Downloaded: https://repo.maven.apache.org/maven2/com/puppycrawl/tools/checkstyle/6.19/checkstyle-6.19.jar (1141 KB at 4238.6 KB/sec)
[INFO] 
[INFO] --- maven-enforcer-plugin:1.4.1:enforce (enforce) @ zxing-parent ---
[INFO] 
[INFO] --- maven-javadoc-plugin:2.10.4:jar (attach-javadocs) @ zxing-parent ---
[INFO] Skipping javadoc generation
[INFO] 
[INFO] --- maven-source-plugin:3.0.0:jar-no-fork (attach-sources) @ zxing-parent ---
[INFO] Skipping source per configuration.
[INFO] 
[INFO] >>> clirr-maven-plugin:2.7:check (check-api) > compile @ zxing-parent >>>
[INFO] 
[INFO] --- maven-checkstyle-plugin:2.17:check (validate) @ zxing-parent ---
[INFO] 
[INFO] --- maven-enforcer-plugin:1.4.1:enforce (enforce) @ zxing-parent ---
[INFO] 
[INFO] <<< clirr-maven-plugin:2.7:check (check-api) < compile @ zxing-parent <<<
[INFO] 
[INFO] --- clirr-maven-plugin:2.7:check (check-api) @ zxing-parent ---
[INFO] Not generating Clirr report as there are no classes generated by the project
[INFO] 
[INFO] --- apache-rat-plugin:0.12:check (default) @ zxing-parent ---
[INFO] Enabled default license matchers.
[INFO] Will parse SCM ignores for exclusions...
[INFO] Parsing exclusions from /home/travis/build/zxing/zxing/.gitignore
[INFO] Finished adding exclusions from SCM ignore files.
[INFO] 70 implicit excludes (use -debug for more details).
[INFO] Exclude: **/.*
[INFO] Exclude: **/.settings/**
[INFO] Exclude: **/*.iml
[INFO] Exclude: **/*.md
[INFO] Exclude: **/*.textile
[INFO] Exclude: **/*.txt
[INFO] Exclude: **/*.html
[INFO] Exclude: **/*.js
[INFO] Exclude: **/*.css
[INFO] Exclude: **/*.properties
[INFO] Exclude: **/*.cfg
[INFO] Exclude: **/*.config
[INFO] Exclude: **/*.yaml
[INFO] Exclude: **/gen/**
[INFO] Exclude: **/resources/**
[INFO] Exclude: **/symbolMaps/**
[INFO] Exclude: **/target/**
[INFO] Exclude: **/dependency-reduced-pom.xml
[INFO] Exclude: private/**
[INFO] Exclude: CHANGES
[INFO] Exclude: false
[INFO] 183 resources included (use -debug for more details)
[INFO] Rat check: Summary over all files. Unapproved: 0, unknown: 0, generated: 0, approved: 159 licenses.
[INFO] 
[INFO] --- maven-install-plugin:2.5.2:install (default-install) @ zxing-parent ---
[INFO] Installing /home/travis/build/zxing/zxing/pom.xml to /home/travis/.m2/repository/com/google/zxing/zxing-parent/3.2.2-SNAPSHOT/zxing-parent-3.2.2-SNAPSHOT.pom
[INFO]                                                                         
[INFO] ------------------------------------------------------------------------
[INFO] Building ZXing Core 3.2.2-SNAPSHOT
[INFO] ------------------------------------------------------------------------
[INFO]                                                                         
[INFO] ------------------------------------------------------------------------
[INFO] Building ZXing Android Core 3.2.2-SNAPSHOT
[INFO] ------------------------------------------------------------------------
[INFO] 
[INFO] --- maven-checkstyle-plugin:2.17:check (validate) @ core ---
[INFO] 
[INFO] --- maven-checkstyle-plugin:2.17:check (validate) @ android-core ---
[INFO] 
[INFO] --- maven-enforcer-plugin:1.4.1:enforce (enforce) @ android-core ---
[INFO] 
[INFO] --- maven-resources-plugin:3.0.1:resources (default-resources) @ android-core ---
[INFO] Using 'UTF-8' encoding to copy filtered resources.
[INFO] skip non existing resourceDirectory /home/travis/build/zxing/zxing/android-core/src/main/resources
[INFO] 
[INFO] --- maven-compiler-plugin:3.5.1:compile (default-compile) @ android-core ---
[INFO] Changes detected - recompiling the module!
[INFO] Compiling 1 source file to /home/travis/build/zxing/zxing/android-core/target/classes
[INFO] 
[INFO] --- maven-resources-plugin:3.0.1:testResources (default-testResources) @ android-core ---
[INFO] Using 'UTF-8' encoding to copy filtered resources.
[INFO] skip non existing resourceDirectory /home/travis/build/zxing/zxing/android-core/src/test/resources
[INFO] 
[INFO] --- maven-compiler-plugin:3.5.1:testCompile (default-testCompile) @ android-core ---
[INFO] No sources to compile
[INFO] 
[INFO] --- maven-surefire-plugin:2.19.1:test (default-test) @ android-core ---
[INFO] Tests are skipped.
[INFO] 
[INFO] --- maven-jar-plugin:3.0.1:jar (default-jar) @ android-core ---
[INFO] Building jar: /home/travis/build/zxing/zxing/android-core/target/android-core-3.2.2-SNAPSHOT.jar
[INFO] 
[INFO] --- maven-javadoc-plugin:2.10.4:jar (attach-javadocs) @ android-core ---
[INFO] Skipping javadoc generation
[INFO] 
[INFO] --- maven-source-plugin:3.0.0:jar-no-fork (attach-sources) @ android-core ---
[INFO] Skipping source per configuration.
[INFO] 
[INFO] >>> clirr-maven-plugin:2.7:check (check-api) > compile @ android-core >>>
[INFO] 
[INFO] --- maven-checkstyle-plugin:2.17:check (validate) @ android-core ---
[INFO] 
[INFO] --- maven-enforcer-plugin:1.4.1:enforce (enforce) @ android-core ---
[INFO] 
[INFO] --- maven-resources-plugin:3.0.1:resources (default-resources) @ android-core ---
[INFO] Using 'UTF-8' encoding to copy filtered resources.
[INFO] skip non existing resourceDirectory /home/travis/build/zxing/zxing/android-core/src/main/resources
[INFO] 
[INFO] --- maven-compiler-plugin:3.5.1:compile (default-compile) @ android-core ---
[INFO] Nothing to compile - all classes are up to date
[INFO] 
[INFO] <<< clirr-maven-plugin:2.7:check (check-api) < compile @ android-core <<<
[INFO] 
[INFO] --- clirr-maven-plugin:2.7:check (check-api) @ android-core ---
[INFO] artifact com.google.zxing:android-core: checking for updates from central
[INFO] artifact com.google.zxing:android-core: checking for updates from sonatype
[INFO] artifact com.google.zxing:android-core: checking for updates from sonatype-snapshots
[INFO] artifact com.google.zxing:android-core: checking for updates from sonatype-apache
[INFO] artifact com.google.zxing:android-core: checking for updates from apache-snapshots
[INFO] artifact com.google.zxing:android-core: checking for updates from codehaus-snapshots
[WARNING] repository metadata for: 'artifact com.google.zxing:android-core' could not be retrieved from repository: codehaus-snapshots due to an error: nexus.codehaus.org: Name or service not known
[INFO] artifact com.google.zxing:android-core: checking for updates from sonatype
[INFO] artifact com.google.zxing:android-core: checking for updates from sonatype-snapshots
[INFO] artifact com.google.zxing:android-core: checking for updates from sonatype-apache
[INFO] artifact com.google.zxing:android-core: checking for updates from apache-snapshots
[INFO] artifact com.google.zxing:android-core: checking for updates from codehaus-snapshots
[WARNING] repository metadata for: 'artifact com.google.zxing:android-core' could not be retrieved from repository: codehaus-snapshots due to an error: nexus.codehaus.org
[INFO] Comparing to version: 3.2.1
[INFO] Succeeded with 0 errors; 0 warnings; and 0 other changes.
[INFO] 
[INFO] --- apache-rat-plugin:0.12:check (default) @ android-core ---
[INFO] Enabled default license matchers.
[INFO] Will parse SCM ignores for exclusions...
[INFO] Finished adding exclusions from SCM ignore files.
[INFO] 61 implicit excludes (use -debug for more details).
[INFO] Exclude: **/.*
[INFO] Exclude: **/.settings/**
[INFO] Exclude: **/*.iml
[INFO] Exclude: **/*.md
[INFO] Exclude: **/*.textile
[INFO] Exclude: **/*.txt
[INFO] Exclude: **/*.html
[INFO] Exclude: **/*.js
[INFO] Exclude: **/*.css
[INFO] Exclude: **/*.properties
[INFO] Exclude: **/*.cfg
[INFO] Exclude: **/*.config
[INFO] Exclude: **/*.yaml
[INFO] Exclude: **/gen/**
[INFO] Exclude: **/resources/**
[INFO] Exclude: **/symbolMaps/**
[INFO] Exclude: **/target/**
[INFO] Exclude: **/dependency-reduced-pom.xml
[INFO] Exclude: private/**
[INFO] Exclude: CHANGES
[INFO] Exclude: false
[INFO] 2 resources included (use -debug for more details)
[INFO] Rat check: Summary over all files. Unapproved: 0, unknown: 0, generated: 0, approved: 2 licenses.
[INFO] 
[INFO] --- maven-install-plugin:2.5.2:install (default-install) @ android-core ---
[INFO] Installing /home/travis/build/zxing/zxing/android-core/target/android-core-3.2.2-SNAPSHOT.jar to /home/travis/.m2/repository/com/google/zxing/android-core/3.2.2-SNAPSHOT/android-core-3.2.2-SNAPSHOT.jar
[INFO] Installing /home/travis/build/zxing/zxing/android-core/pom.xml to /home/travis/.m2/repository/com/google/zxing/android-core/3.2.2-SNAPSHOT/android-core-3.2.2-SNAPSHOT.pom
[INFO]                                                                         
[INFO] ------------------------------------------------------------------------
[INFO] Building ZXing Android Integration lib 3.2.2-SNAPSHOT
[INFO] ------------------------------------------------------------------------
[INFO] 
[INFO] --- maven-checkstyle-plugin:2.17:check (validate) @ android-integration ---
[INFO] 
[INFO] --- maven-enforcer-plugin:1.4.1:enforce (enforce) @ android-integration ---
[INFO] 
[INFO] --- maven-resources-plugin:3.0.1:resources (default-resources) @ android-integration ---
[INFO] Using 'UTF-8' encoding to copy filtered resources.
[INFO] skip non existing resourceDirectory /home/travis/build/zxing/zxing/android-integration/src/main/resources
[INFO] 
[INFO] --- maven-compiler-plugin:3.5.1:compile (default-compile) @ android-integration ---
[INFO] Changes detected - recompiling the module!
[INFO] Compiling 2 source files to /home/travis/build/zxing/zxing/android-integration/target/classes
[INFO] 
[INFO] --- maven-resources-plugin:3.0.1:testResources (default-testResources) @ android-integration ---
[INFO] Using 'UTF-8' encoding to copy filtered resources.
[INFO] skip non existing resourceDirectory /home/travis/build/zxing/zxing/android-integration/src/test/resources
[INFO] 
[INFO] --- maven-compiler-plugin:3.5.1:testCompile (default-testCompile) @ android-integration ---
[INFO] No sources to compile
[INFO] 
[INFO] --- maven-surefire-plugin:2.19.1:test (default-test) @ android-integration ---
[INFO] Tests are skipped.
[INFO] 
[INFO] --- maven-jar-plugin:3.0.1:jar (default-jar) @ android-integration ---
[INFO] Building jar: /home/travis/build/zxing/zxing/android-integration/target/android-integration-3.2.2-SNAPSHOT.jar
[INFO] 
[INFO] --- maven-javadoc-plugin:2.10.4:jar (attach-javadocs) @ android-integration ---
[INFO] Skipping javadoc generation
[INFO] 
[INFO] --- maven-source-plugin:3.0.0:jar-no-fork (attach-sources) @ android-integration ---
[INFO] Skipping source per configuration.
[INFO] 
[INFO] >>> clirr-maven-plugin:2.7:check (check-api) > compile @ android-integration >>>
[INFO] 
[INFO] --- maven-checkstyle-plugin:2.17:check (validate) @ android-integration ---
[INFO] 
[INFO] --- maven-enforcer-plugin:1.4.1:enforce (enforce) @ android-integration ---
[INFO] 
[INFO] --- maven-resources-plugin:3.0.1:resources (default-resources) @ android-integration ---
[INFO] Using 'UTF-8' encoding to copy filtered resources.
[INFO] skip non existing resourceDirectory /home/travis/build/zxing/zxing/android-integration/src/main/resources
[INFO] 
[INFO] --- maven-compiler-plugin:3.5.1:compile (default-compile) @ android-integration ---
[INFO] Nothing to compile - all classes are up to date
[INFO] 
[INFO] <<< clirr-maven-plugin:2.7:check (check-api) < compile @ android-integration <<<
[INFO] 
[INFO] --- clirr-maven-plugin:2.7:check (check-api) @ android-integration ---
[INFO] artifact com.google.zxing:android-integration: checking for updates from central
[INFO] artifact com.google.zxing:android-integration: checking for updates from sonatype
[INFO] artifact com.google.zxing:android-integration: checking for updates from sonatype-snapshots
[INFO] artifact com.google.zxing:android-integration: checking for updates from sonatype-apache
[INFO] artifact com.google.zxing:android-integration: checking for updates from apache-snapshots
[INFO] artifact com.google.zxing:android-integration: checking for updates from codehaus-snapshots
[WARNING] repository metadata for: 'artifact com.google.zxing:android-integration' could not be retrieved from repository: codehaus-snapshots due to an error: nexus.codehaus.org
[INFO] artifact com.google.zxing:android-integration: checking for updates from sonatype
[INFO] artifact com.google.zxing:android-integration: checking for updates from sonatype-snapshots
[INFO] artifact com.google.zxing:android-integration: checking for updates from sonatype-apache
[INFO] 
[INFO] --- maven-enforcer-plugin:1.4.1:enforce (enforce) @ core ---
[INFO] artifact com.google.zxing:android-integration: checking for updates from apache-snapshots
[INFO] 
[INFO] --- maven-resources-plugin:3.0.1:resources (default-resources) @ core ---
[INFO] Using 'UTF-8' encoding to copy filtered resources.
[INFO] skip non existing resourceDirectory /home/travis/build/zxing/zxing/core/src/main/resources
[INFO] 
[INFO] --- maven-compiler-plugin:3.5.1:compile (default-compile) @ core ---
[INFO] Changes detected - recompiling the module!
[INFO] Compiling 231 source files to /home/travis/build/zxing/zxing/core/target/classes
[INFO] artifact com.google.zxing:android-integration: checking for updates from codehaus-snapshots
[WARNING] repository metadata for: 'artifact com.google.zxing:android-integration' could not be retrieved from repository: codehaus-snapshots due to an error: nexus.codehaus.org
[INFO] Comparing to version: 3.2.1
[INFO] Succeeded with 0 errors; 0 warnings; and 0 other changes.
[INFO] 
[INFO] --- apache-rat-plugin:0.12:check (default) @ android-integration ---
[INFO] Enabled default license matchers.
[INFO] Will parse SCM ignores for exclusions...
[INFO] Finished adding exclusions from SCM ignore files.
[INFO] 61 implicit excludes (use -debug for more details).
[INFO] Exclude: **/.*
[INFO] Exclude: **/.settings/**
[INFO] Exclude: **/*.iml
[INFO] Exclude: **/*.md
[INFO] Exclude: **/*.textile
[INFO] Exclude: **/*.txt
[INFO] Exclude: **/*.html
[INFO] Exclude: **/*.js
[INFO] Exclude: **/*.css
[INFO] Exclude: **/*.properties
[INFO] Exclude: **/*.cfg
[INFO] Exclude: **/*.config
[INFO] Exclude: **/*.yaml
[INFO] Exclude: **/gen/**
[INFO] Exclude: **/resources/**
[INFO] Exclude: **/symbolMaps/**
[INFO] Exclude: **/target/**
[INFO] Exclude: **/dependency-reduced-pom.xml
[INFO] Exclude: private/**
[INFO] Exclude: CHANGES
[INFO] Exclude: false
[INFO] 3 resources included (use -debug for more details)
[INFO] Rat check: Summary over all files. Unapproved: 0, unknown: 0, generated: 0, approved: 3 licenses.
[INFO] 
[INFO] --- maven-install-plugin:2.5.2:install (default-install) @ android-integration ---
[INFO] Installing /home/travis/build/zxing/zxing/android-integration/target/android-integration-3.2.2-SNAPSHOT.jar to /home/travis/.m2/repository/com/google/zxing/android-integration/3.2.2-SNAPSHOT/android-integration-3.2.2-SNAPSHOT.jar
[INFO] Installing /home/travis/build/zxing/zxing/android-integration/pom.xml to /home/travis/.m2/repository/com/google/zxing/android-integration/3.2.2-SNAPSHOT/android-integration-3.2.2-SNAPSHOT.pom
[INFO]                                                                         
[INFO] ------------------------------------------------------------------------
[INFO] Building ZXing Appspot-based encoder 3.2.2-SNAPSHOT
[INFO] ------------------------------------------------------------------------
[INFO] 
[INFO] --- maven-checkstyle-plugin:2.17:check (validate) @ zxing.appspot.com ---
[INFO] 
[INFO] --- maven-enforcer-plugin:1.4.1:enforce (enforce) @ zxing.appspot.com ---
[INFO] 
[INFO] --- maven-resources-plugin:3.0.1:resources (default-resources) @ zxing.appspot.com ---
[INFO] Using 'UTF-8' encoding to copy filtered resources.
[INFO] Copying 1 resource
[INFO] 
[INFO] --- maven-compiler-plugin:3.5.1:compile (default-compile) @ zxing.appspot.com ---
[INFO] Changes detected - recompiling the module!
[INFO] Compiling 16 source files to /home/travis/build/zxing/zxing/zxing.appspot.com/target/classes
[INFO] 
[INFO] --- maven-resources-plugin:3.0.1:testResources (default-testResources) @ zxing.appspot.com ---
[INFO] Using 'UTF-8' encoding to copy filtered resources.
[INFO] skip non existing resourceDirectory /home/travis/build/zxing/zxing/zxing.appspot.com/src/test/resources
[INFO] 
[INFO] --- maven-compiler-plugin:3.5.1:testCompile (default-testCompile) @ zxing.appspot.com ---
[INFO] No sources to compile
[INFO] 
[INFO] --- maven-surefire-plugin:2.19.1:test (default-test) @ zxing.appspot.com ---
[INFO] Tests are skipped.
[INFO] 
[INFO] --- gwt-maven-plugin:2.8.0-beta1:compile (default) @ zxing.appspot.com ---
[INFO] auto discovered modules [com.google.zxing.web.generator.Generator]
[ERROR] Jun 24, 2016 9:49:51 AM java.util.prefs.FileSystemPreferences$1 run
[ERROR] INFO: Created user preferences directory.
[INFO] 
[INFO] --- maven-resources-plugin:3.0.1:testResources (default-testResources) @ core ---
[INFO] Using 'UTF-8' encoding to copy filtered resources.
[INFO] Copying 2294 resources
[INFO] Compiling module com.google.zxing.web.generator.Generator
[INFO] 
[INFO] --- maven-compiler-plugin:3.5.1:testCompile (default-testCompile) @ core ---
[INFO] Changes detected - recompiling the module!
[INFO] Compiling 126 source files to /home/travis/build/zxing/zxing/core/target/test-classes
[INFO] 
[INFO] --- maven-surefire-plugin:2.19.1:test (default-test) @ core ---
[INFO] Tests are skipped.
[INFO] 
[INFO] --- maven-jar-plugin:3.0.1:jar (default-jar) @ core ---
[INFO] Building jar: /home/travis/build/zxing/zxing/core/target/core-3.2.2-SNAPSHOT.jar
[INFO] 
[INFO] --- maven-javadoc-plugin:2.10.4:jar (attach-javadocs) @ core ---
[INFO] Skipping javadoc generation
[INFO] 
[INFO] --- maven-source-plugin:3.0.0:jar-no-fork (attach-sources) @ core ---
[INFO] Skipping source per configuration.
[INFO] 
[INFO] --- proguard-maven-plugin:2.0.13:proguard (default) @ core ---
[INFO] execute ProGuard [-injars, '/home/travis/build/zxing/zxing/core/target/core-3.2.2-SNAPSHOT_proguard_base.jar', -outjars, '/home/travis/build/zxing/zxing/core/target/core-3.2.2-SNAPSHOT.jar', -dontobfuscate, -libraryjars, '/usr/lib/jvm/java-7-openjdk-amd64/jre/lib/rt.jar', -printmapping, '/home/travis/build/zxing/zxing/core/target/proguard_map.txt', -printseeds, '/home/travis/build/zxing/zxing/core/target/proguard_seed.txt', -target 1.7, -dontshrink, -keep class * { !private *; }, -verbose, -optimizationpasses 3, -optimizations !code/simplification/cast,!code/allocation/variable,!field/*,!class/*,!method/*]
[INFO] proguard jar: /home/travis/.m2/repository/net/sf/proguard/proguard-base/5.2.1/proguard-base-5.2.1.jar
 [proguard] ProGuard, version 5.2.1
 [proguard] Reading input...
 [proguard] Reading program jar [/home/travis/build/zxing/zxing/core/target/core-3.2.2-SNAPSHOT_proguard_base.jar]
 [proguard] Reading library jar [/usr/lib/jvm/java-7-openjdk-amd64/jre/lib/rt.jar]
 [proguard] Initializing...
 [proguard] Ignoring unused library classes...
 [proguard]   Original number of library classes: 18567
 [proguard]   Final number of library classes:    133
 [proguard] Setting target versions...
 [proguard] Printing kept classes, fields, and methods...
 [proguard] Inlining subroutines...
 [proguard] Optimizing...
 [proguard]   Number of finalized classes:                 0   (disabled)
 [proguard]   Number of unboxed enum classes:              0   (disabled)
 [proguard]   Number of vertically merged classes:         0   (disabled)
 [proguard]   Number of horizontally merged classes:       0   (disabled)
 [proguard]   Number of removed write-only fields:         0   (disabled)
 [proguard]   Number of privatized fields:                 0   (disabled)
 [proguard]   Number of inlined constant fields:           0   (disabled)
 [proguard]   Number of privatized methods:                0   (disabled)
 [proguard]   Number of staticized methods:                0   (disabled)
 [proguard]   Number of finalized methods:                 0   (disabled)
 [proguard]   Number of removed method parameters:         0   (disabled)
 [proguard]   Number of inlined constant parameters:       0   (disabled)
 [proguard]   Number of inlined constant return values:    0   (disabled)
 [proguard]   Number of inlined short method calls:        0   (disabled)
 [proguard]   Number of inlined unique method calls:       0   (disabled)
 [proguard]   Number of inlined tail recursion calls:      0   (disabled)
 [proguard]   Number of merged code blocks:                2
 [proguard]   Number of variable peephole optimizations:   845
 [proguard]   Number of arithmetic peephole optimizations: 103
 [proguard]   Number of cast peephole optimizations:       0   (disabled)
 [proguard]   Number of field peephole optimizations:      10
 [proguard]   Number of branch peephole optimizations:     311
 [proguard]   Number of string peephole optimizations:     71
 [proguard]   Number of simplified instructions:           108
 [proguard]   Number of removed instructions:              153
 [proguard]   Number of removed local variables:           6
 [proguard]   Number of removed exception blocks:          2
 [proguard]   Number of optimized local variable frames:   0   (disabled)
 [proguard] Optimizing...
 [proguard]   Number of finalized classes:                 0   (disabled)
 [proguard]   Number of unboxed enum classes:              0   (disabled)
 [proguard]   Number of vertically merged classes:         0   (disabled)
 [proguard]   Number of horizontally merged classes:       0   (disabled)
 [proguard]   Number of removed write-only fields:         0   (disabled)
 [proguard]   Number of privatized fields:                 0   (disabled)
 [proguard]   Number of inlined constant fields:           0   (disabled)
 [proguard]   Number of privatized methods:                0   (disabled)
 [proguard]   Number of staticized methods:                0   (disabled)
 [proguard]   Number of finalized methods:                 0   (disabled)
 [proguard]   Number of removed method parameters:         0   (disabled)
 [proguard]   Number of inlined constant parameters:       0   (disabled)
 [proguard]   Number of inlined constant return values:    0   (disabled)
 [proguard]   Number of inlined short method calls:        0   (disabled)
 [proguard]   Number of inlined unique method calls:       0   (disabled)
 [proguard]   Number of inlined tail recursion calls:      0   (disabled)
 [proguard]   Number of merged code blocks:                0
 [proguard]   Number of variable peephole optimizations:   8
 [proguard]   Number of arithmetic peephole optimizations: 5
 [proguard]   Number of cast peephole optimizations:       0   (disabled)
 [proguard]   Number of field peephole optimizations:      0
 [proguard]   Number of branch peephole optimizations:     3
 [proguard]   Number of string peephole optimizations:     0
 [proguard]   Number of simplified instructions:           0
 [proguard]   Number of removed instructions:              303
 [proguard]   Number of removed local variables:           40
 [proguard]   Number of removed exception blocks:          0
 [proguard]   Number of optimized local variable frames:   0   (disabled)
 [proguard] Optimizing...
[INFO]    Compiling 5 permutations
 [proguard]   Number of finalized classes:                 0   (disabled)
 [proguard]   Number of unboxed enum classes:              0   (disabled)
 [proguard]   Number of vertically merged classes:         0   (disabled)
 [proguard]   Number of horizontally merged classes:       0   (disabled)
 [proguard]   Number of removed write-only fields:         0   (disabled)
 [proguard]   Number of privatized fields:                 0   (disabled)
 [proguard]   Number of inlined constant fields:           0   (disabled)
 [proguard]   Number of privatized methods:                0   (disabled)
 [proguard]   Number of staticized methods:                0   (disabled)
 [proguard]   Number of finalized methods:                 0   (disabled)
 [proguard]   Number of removed method parameters:         0   (disabled)
 [proguard]   Number of inlined constant parameters:       0   (disabled)
 [proguard]   Number of inlined constant return values:    0   (disabled)
 [proguard]   Number of inlined short method calls:        0   (disabled)
 [proguard]   Number of inlined unique method calls:       0   (disabled)
 [proguard]   Number of inlined tail recursion calls:      0   (disabled)
 [proguard]   Number of merged code blocks:                0
 [proguard]   Number of variable peephole optimizations:   0
 [proguard]   Number of arithmetic peephole optimizations: 0
 [proguard]   Number of cast peephole optimizations:       0   (disabled)
 [proguard]   Number of field peephole optimizations:      0
 [proguard]   Number of branch peephole optimizations:     0
 [proguard]   Number of string peephole optimizations:     0
 [proguard]   Number of simplified instructions:           0
 [proguard]   Number of removed instructions:              12
 [proguard]   Number of removed local variables:           1
 [proguard]   Number of removed exception blocks:          0
 [proguard]   Number of optimized local variable frames:   0   (disabled)
 [proguard] Preverifying...
[INFO]       Compiling permutation 0...
 [proguard] Writing output...
 [proguard] Preparing output jar [/home/travis/build/zxing/zxing/core/target/core-3.2.2-SNAPSHOT.jar]
 [proguard]   Copying resources from program jar [/home/travis/build/zxing/zxing/core/target/core-3.2.2-SNAPSHOT_proguard_base.jar]
[INFO] 
[INFO] >>> clirr-maven-plugin:2.7:check (check-api) > compile @ core >>>
[INFO] 
[INFO] --- maven-checkstyle-plugin:2.17:check (validate) @ core ---
[INFO]       Process output
[INFO]          Compiling
[INFO]             Compiling permutation 4...
[INFO]       Process output
[INFO]          Compiling
[INFO]             Compiling permutation 1...
[INFO]       Process output
[INFO]          Compiling
[INFO]             Compiling permutation 3...
[INFO]       Process output
[INFO]          Compiling
[INFO]             Compiling permutation 2...
[INFO] 
[INFO] --- maven-enforcer-plugin:1.4.1:enforce (enforce) @ core ---
[INFO] 
[INFO] --- maven-resources-plugin:3.0.1:resources (default-resources) @ core ---
[INFO] Using 'UTF-8' encoding to copy filtered resources.
[INFO] skip non existing resourceDirectory /home/travis/build/zxing/zxing/core/src/main/resources
[INFO] 
[INFO] --- maven-compiler-plugin:3.5.1:compile (default-compile) @ core ---
[INFO] Nothing to compile - all classes are up to date
[INFO] 
[INFO] <<< clirr-maven-plugin:2.7:check (check-api) < compile @ core <<<
[INFO] 
[INFO] --- clirr-maven-plugin:2.7:check (check-api) @ core ---
[INFO] artifact com.google.zxing:core: checking for updates from central
[INFO] artifact com.google.zxing:core: checking for updates from sonatype
[INFO] artifact com.google.zxing:core: checking for updates from sonatype-snapshots
[INFO] artifact com.google.zxing:core: checking for updates from sonatype-apache
[INFO] artifact com.google.zxing:core: checking for updates from apache-snapshots
[INFO] artifact com.google.zxing:core: checking for updates from codehaus-snapshots
[WARNING] repository metadata for: 'artifact com.google.zxing:core' could not be retrieved from repository: codehaus-snapshots due to an error: nexus.codehaus.org: Name or service not known
[INFO] artifact com.google.zxing:core: checking for updates from sonatype
[INFO] artifact com.google.zxing:core: checking for updates from sonatype-snapshots
[INFO] artifact com.google.zxing:core: checking for updates from sonatype-apache
[INFO] artifact com.google.zxing:core: checking for updates from apache-snapshots
[INFO] artifact com.google.zxing:core: checking for updates from codehaus-snapshots
[WARNING] repository metadata for: 'artifact com.google.zxing:core' could not be retrieved from repository: codehaus-snapshots due to an error: nexus.codehaus.org
[INFO] Comparing to version: 3.2.1
[INFO] Succeeded with 0 errors; 0 warnings; and 0 other changes.
[INFO] 
[INFO] --- apache-rat-plugin:0.12:check (default) @ core ---
[INFO] Enabled default license matchers.
[INFO] Will parse SCM ignores for exclusions...
[INFO] Finished adding exclusions from SCM ignore files.
[INFO] 61 implicit excludes (use -debug for more details).
[INFO] Exclude: **/.*
[INFO] Exclude: **/.settings/**
[INFO] Exclude: **/*.iml
[INFO] Exclude: **/*.md
[INFO] Exclude: **/*.textile
[INFO] Exclude: **/*.txt
[INFO] Exclude: **/*.html
[INFO] Exclude: **/*.js
[INFO] Exclude: **/*.css
[INFO] Exclude: **/*.properties
[INFO] Exclude: **/*.cfg
[INFO] Exclude: **/*.config
[INFO] Exclude: **/*.yaml
[INFO] Exclude: **/gen/**
[INFO] Exclude: **/resources/**
[INFO] Exclude: **/symbolMaps/**
[INFO] Exclude: **/target/**
[INFO] Exclude: **/dependency-reduced-pom.xml
[INFO] Exclude: private/**
[INFO] Exclude: CHANGES
[INFO] Exclude: false
[INFO] 358 resources included (use -debug for more details)
[INFO] Rat check: Summary over all files. Unapproved: 0, unknown: 0, generated: 0, approved: 358 licenses.
[INFO] 
[INFO] --- maven-install-plugin:2.5.2:install (default-install) @ core ---
[INFO] Installing /home/travis/build/zxing/zxing/core/target/core-3.2.2-SNAPSHOT.jar to /home/travis/.m2/repository/com/google/zxing/core/3.2.2-SNAPSHOT/core-3.2.2-SNAPSHOT.jar
[INFO] Installing /home/travis/build/zxing/zxing/core/pom.xml to /home/travis/.m2/repository/com/google/zxing/core/3.2.2-SNAPSHOT/core-3.2.2-SNAPSHOT.pom
[INFO]                                                                         
[INFO] ------------------------------------------------------------------------
[INFO] Building ZXing Java SE extensions 3.2.2-SNAPSHOT
[INFO] ------------------------------------------------------------------------
[INFO] 
[INFO] --- maven-checkstyle-plugin:2.17:check (validate) @ javase ---
[INFO] 
[INFO] --- maven-enforcer-plugin:1.4.1:enforce (enforce) @ javase ---
[INFO] 
[INFO] --- maven-resources-plugin:3.0.1:resources (default-resources) @ javase ---
[INFO] Using 'UTF-8' encoding to copy filtered resources.
[INFO] skip non existing resourceDirectory /home/travis/build/zxing/zxing/javase/src/main/resources
[INFO] 
[INFO] --- maven-compiler-plugin:3.5.1:compile (default-compile) @ javase ---
[INFO] Changes detected - recompiling the module!
[INFO] Compiling 15 source files to /home/travis/build/zxing/zxing/javase/target/classes
[INFO] 
[INFO] --- maven-resources-plugin:3.0.1:testResources (default-testResources) @ javase ---
[INFO] Using 'UTF-8' encoding to copy filtered resources.
[INFO] skip non existing resourceDirectory /home/travis/build/zxing/zxing/javase/src/test/resources
[INFO] 
[INFO] --- maven-compiler-plugin:3.5.1:testCompile (default-testCompile) @ javase ---
[INFO] No sources to compile
[INFO] 
[INFO] --- maven-surefire-plugin:2.19.1:test (default-test) @ javase ---
[INFO] Tests are skipped.
[INFO] 
[INFO] --- maven-jar-plugin:3.0.1:jar (default-jar) @ javase ---
[INFO] Building jar: /home/travis/build/zxing/zxing/javase/target/javase-3.2.2-SNAPSHOT.jar
[INFO] 
[INFO] --- maven-javadoc-plugin:2.10.4:jar (attach-javadocs) @ javase ---
[INFO] Skipping javadoc generation
[INFO] 
[INFO] --- maven-source-plugin:3.0.0:jar-no-fork (attach-sources) @ javase ---
[INFO] Skipping source per configuration.
[INFO] 
[INFO] >>> clirr-maven-plugin:2.7:check (check-api) > compile @ javase >>>
[INFO] 
[INFO] --- maven-checkstyle-plugin:2.17:check (validate) @ javase ---
[INFO] 
[INFO] --- maven-enforcer-plugin:1.4.1:enforce (enforce) @ javase ---
[INFO] 
[INFO] --- maven-resources-plugin:3.0.1:resources (default-resources) @ javase ---
[INFO] Using 'UTF-8' encoding to copy filtered resources.
[INFO] skip non existing resourceDirectory /home/travis/build/zxing/zxing/javase/src/main/resources
[INFO] 
[INFO] --- maven-compiler-plugin:3.5.1:compile (default-compile) @ javase ---
[INFO] Nothing to compile - all classes are up to date
[INFO] 
[INFO] <<< clirr-maven-plugin:2.7:check (check-api) < compile @ javase <<<
[INFO] 
[INFO] --- clirr-maven-plugin:2.7:check (check-api) @ javase ---
[INFO] artifact com.google.zxing:javase: checking for updates from central
[INFO] artifact com.google.zxing:javase: checking for updates from sonatype
[INFO] artifact com.google.zxing:javase: checking for updates from sonatype-snapshots
[INFO] artifact com.google.zxing:javase: checking for updates from sonatype-apache
[INFO] artifact com.google.zxing:javase: checking for updates from apache-snapshots
[INFO] artifact com.google.zxing:javase: checking for updates from codehaus-snapshots
[WARNING] repository metadata for: 'artifact com.google.zxing:javase' could not be retrieved from repository: codehaus-snapshots due to an error: nexus.codehaus.org
[INFO] artifact com.google.zxing:javase: checking for updates from sonatype
[INFO] artifact com.google.zxing:javase: checking for updates from sonatype-snapshots
[INFO] artifact com.google.zxing:javase: checking for updates from sonatype-apache
[INFO] artifact com.google.zxing:javase: checking for updates from apache-snapshots
[INFO] artifact com.google.zxing:javase: checking for updates from codehaus-snapshots
[WARNING] repository metadata for: 'artifact com.google.zxing:javase' could not be retrieved from repository: codehaus-snapshots due to an error: nexus.codehaus.org
[INFO] Comparing to version: 3.2.1
[INFO] Succeeded with 0 errors; 0 warnings; and 0 other changes.
[INFO] 
[INFO] --- apache-rat-plugin:0.12:check (default) @ javase ---
[INFO] Enabled default license matchers.
[INFO] Will parse SCM ignores for exclusions...
[INFO] Finished adding exclusions from SCM ignore files.
[INFO] 61 implicit excludes (use -debug for more details).
[INFO] Exclude: **/.*
[INFO] Exclude: **/.settings/**
[INFO] Exclude: **/*.iml
[INFO] Exclude: **/*.md
[INFO] Exclude: **/*.textile
[INFO] Exclude: **/*.txt
[INFO] Exclude: **/*.html
[INFO] Exclude: **/*.js
[INFO] Exclude: **/*.css
[INFO] Exclude: **/*.properties
[INFO] Exclude: **/*.cfg
[INFO] Exclude: **/*.config
[INFO] Exclude: **/*.yaml
[INFO] Exclude: **/gen/**
[INFO] Exclude: **/resources/**
[INFO] Exclude: **/symbolMaps/**
[INFO] Exclude: **/target/**
[INFO] Exclude: **/dependency-reduced-pom.xml
[INFO] Exclude: private/**
[INFO] Exclude: CHANGES
[INFO] Exclude: false
[INFO] 16 resources included (use -debug for more details)
[INFO] Rat check: Summary over all files. Unapproved: 0, unknown: 0, generated: 0, approved: 16 licenses.
[INFO] 
[INFO] --- maven-install-plugin:2.5.2:install (default-install) @ javase ---
[INFO] Installing /home/travis/build/zxing/zxing/javase/target/javase-3.2.2-SNAPSHOT.jar to /home/travis/.m2/repository/com/google/zxing/javase/3.2.2-SNAPSHOT/javase-3.2.2-SNAPSHOT.jar
[INFO] Installing /home/travis/build/zxing/zxing/javase/pom.xml to /home/travis/.m2/repository/com/google/zxing/javase/3.2.2-SNAPSHOT/javase-3.2.2-SNAPSHOT.pom
[INFO]                                                                         
[INFO] ------------------------------------------------------------------------
[INFO] Building ZXing zxing.org web app 3.2.2-SNAPSHOT
[INFO] ------------------------------------------------------------------------
[INFO] 
[INFO] --- maven-checkstyle-plugin:2.17:check (validate) @ zxingorg ---
[INFO] 
[INFO] --- maven-enforcer-plugin:1.4.1:enforce (enforce) @ zxingorg ---
[INFO] 
[INFO] --- maven-resources-plugin:3.0.1:resources (default-resources) @ zxingorg ---
[INFO] Using 'UTF-8' encoding to copy filtered resources.
[INFO] Copying 1 resource
[INFO] 
[INFO] --- maven-compiler-plugin:3.5.1:compile (default-compile) @ zxingorg ---
[INFO] Changes detected - recompiling the module!
[INFO] Compiling 7 source files to /home/travis/build/zxing/zxing/zxingorg/target/classes
[INFO] 
[INFO] --- maven-resources-plugin:3.0.1:testResources (default-testResources) @ zxingorg ---
[INFO] Using 'UTF-8' encoding to copy filtered resources.
[INFO] skip non existing resourceDirectory /home/travis/build/zxing/zxing/zxingorg/src/test/resources
[INFO] 
[INFO] --- maven-compiler-plugin:3.5.1:testCompile (default-testCompile) @ zxingorg ---
[INFO] No sources to compile
[INFO] 
[INFO] --- maven-surefire-plugin:2.19.1:test (default-test) @ zxingorg ---
[INFO] Tests are skipped.
[INFO] 
[INFO] --- maven-war-plugin:2.6:war (default-war) @ zxingorg ---
[INFO] Packaging webapp
[INFO] Assembling webapp [zxingorg] in [/home/travis/build/zxing/zxing/zxingorg/target/zxingorg-3.2.2-SNAPSHOT]
[INFO] Processing war project
[INFO] Copying webapp resources [/home/travis/build/zxing/zxing/zxingorg/src/main/webapp]
[INFO] Webapp assembled in [342 msecs]
[INFO] Building war: /home/travis/build/zxing/zxing/zxingorg/target/zxingorg-3.2.2-SNAPSHOT.war
[INFO] 
[INFO] --- maven-javadoc-plugin:2.10.4:jar (attach-javadocs) @ zxingorg ---
[INFO] Skipping javadoc generation
[INFO] 
[INFO] --- maven-source-plugin:3.0.0:jar-no-fork (attach-sources) @ zxingorg ---
[INFO] Skipping source per configuration.
[INFO] 
[INFO] >>> clirr-maven-plugin:2.7:check (check-api) > compile @ zxingorg >>>
[INFO] 
[INFO] --- maven-checkstyle-plugin:2.17:check (validate) @ zxingorg ---
[INFO] 
[INFO] --- maven-enforcer-plugin:1.4.1:enforce (enforce) @ zxingorg ---
[INFO] 
[INFO] --- maven-resources-plugin:3.0.1:resources (default-resources) @ zxingorg ---
[INFO] Using 'UTF-8' encoding to copy filtered resources.
[INFO] Copying 1 resource
[INFO] 
[INFO] --- maven-compiler-plugin:3.5.1:compile (default-compile) @ zxingorg ---
[INFO] Nothing to compile - all classes are up to date
[INFO] 
[INFO] <<< clirr-maven-plugin:2.7:check (check-api) < compile @ zxingorg <<<
[INFO] 
[INFO] --- clirr-maven-plugin:2.7:check (check-api) @ zxingorg ---
[INFO] artifact com.google.zxing:zxingorg: checking for updates from central
[INFO] artifact com.google.zxing:zxingorg: checking for updates from sonatype
[INFO] artifact com.google.zxing:zxingorg: checking for updates from sonatype-snapshots
[INFO] artifact com.google.zxing:zxingorg: checking for updates from sonatype-apache
[INFO] artifact com.google.zxing:zxingorg: checking for updates from apache-snapshots
[INFO] artifact com.google.zxing:zxingorg: checking for updates from codehaus-snapshots
[WARNING] repository metadata for: 'artifact com.google.zxing:zxingorg' could not be retrieved from repository: codehaus-snapshots due to an error: nexus.codehaus.org: Name or service not known
[INFO] artifact com.google.zxing:zxingorg: checking for updates from sonatype
[INFO] artifact com.google.zxing:zxingorg: checking for updates from sonatype-snapshots
[INFO] artifact com.google.zxing:zxingorg: checking for updates from sonatype-apache
[INFO]    Compile of permutations succeeded
[INFO]    Compilation succeeded -- 96.913s
[INFO] artifact com.google.zxing:zxingorg: checking for updates from apache-snapshots
[INFO] artifact com.google.zxing:zxingorg: checking for updates from codehaus-snapshots
[WARNING] repository metadata for: 'artifact com.google.zxing:zxingorg' could not be retrieved from repository: codehaus-snapshots due to an error: nexus.codehaus.org
[INFO] Comparing to version: 3.2.1
[INFO] Succeeded with 0 errors; 0 warnings; and 0 other changes.
[INFO] 
[INFO] --- apache-rat-plugin:0.12:check (default) @ zxingorg ---
[INFO] Enabled default license matchers.
[INFO] Will parse SCM ignores for exclusions...
[INFO] Finished adding exclusions from SCM ignore files.
[INFO] 61 implicit excludes (use -debug for more details).
[INFO] Exclude: **/.*
[INFO] Exclude: **/.settings/**
[INFO] Exclude: **/*.iml
[INFO] Exclude: **/*.md
[INFO] Exclude: **/*.textile
[INFO] Exclude: **/*.txt
[INFO] Exclude: **/*.html
[INFO] Exclude: **/*.js
[INFO] Exclude: **/*.css
[INFO] Exclude: **/*.properties
[INFO] Exclude: **/*.cfg
[INFO] Exclude: **/*.config
[INFO] Exclude: **/*.yaml
[INFO] Exclude: **/gen/**
[INFO] Exclude: **/resources/**
[INFO] Exclude: **/symbolMaps/**
[INFO] Exclude: **/target/**
[INFO] Exclude: **/dependency-reduced-pom.xml
[INFO] Exclude: private/**
[INFO] Exclude: CHANGES
[INFO] Exclude: false
[INFO] 14 resources included (use -debug for more details)
[INFO] Rat check: Summary over all files. Unapproved: 0, unknown: 0, generated: 0, approved: 12 licenses.
[INFO] 
[INFO] --- maven-install-plugin:2.5.2:install (default-install) @ zxingorg ---
[INFO] Installing /home/travis/build/zxing/zxing/zxingorg/target/zxingorg-3.2.2-SNAPSHOT.war to /home/travis/.m2/repository/com/google/zxing/zxingorg/3.2.2-SNAPSHOT/zxingorg-3.2.2-SNAPSHOT.war
[INFO] Installing /home/travis/build/zxing/zxing/zxingorg/pom.xml to /home/travis/.m2/repository/com/google/zxing/zxingorg/3.2.2-SNAPSHOT/zxingorg-3.2.2-SNAPSHOT.pom
[INFO] Linking into /home/travis/build/zxing/zxing/zxing.appspot.com/src/main/webapp/generator
[INFO]    Link succeeded
[INFO]    Linking succeeded -- 0.464s
[INFO] 
[INFO] --- maven-war-plugin:2.6:war (default-war) @ zxing.appspot.com ---
[INFO] Packaging webapp
[INFO] Assembling webapp [zxing.appspot.com] in [/home/travis/build/zxing/zxing/zxing.appspot.com/target/zxing.appspot.com-3.2.2-SNAPSHOT]
[INFO] Processing war project
[INFO] Copying webapp resources [/home/travis/build/zxing/zxing/zxing.appspot.com/src/main/webapp]
[INFO] Webapp assembled in [32 msecs]
[INFO] Building war: /home/travis/build/zxing/zxing/zxing.appspot.com/target/zxing.appspot.com-3.2.2-SNAPSHOT.war
[INFO] 
[INFO] --- maven-javadoc-plugin:2.10.4:jar (attach-javadocs) @ zxing.appspot.com ---
[INFO] Skipping javadoc generation
[INFO] 
[INFO] --- maven-source-plugin:3.0.0:jar-no-fork (attach-sources) @ zxing.appspot.com ---
[INFO] Skipping source per configuration.
[INFO] 
[INFO] >>> clirr-maven-plugin:2.7:check (check-api) > compile @ zxing.appspot.com >>>
[INFO] 
[INFO] --- maven-checkstyle-plugin:2.17:check (validate) @ zxing.appspot.com ---
[INFO] 
[INFO] --- maven-enforcer-plugin:1.4.1:enforce (enforce) @ zxing.appspot.com ---
[INFO] 
[INFO] --- maven-resources-plugin:3.0.1:resources (default-resources) @ zxing.appspot.com ---
[INFO] Using 'UTF-8' encoding to copy filtered resources.
[INFO] Copying 1 resource
[INFO] 
[INFO] --- maven-compiler-plugin:3.5.1:compile (default-compile) @ zxing.appspot.com ---
[INFO] Nothing to compile - all classes are up to date
[INFO] 
[INFO] <<< clirr-maven-plugin:2.7:check (check-api) < compile @ zxing.appspot.com <<<
[INFO] 
[INFO] --- clirr-maven-plugin:2.7:check (check-api) @ zxing.appspot.com ---
[INFO] artifact com.google.zxing:zxing.appspot.com: checking for updates from central
[INFO] artifact com.google.zxing:zxing.appspot.com: checking for updates from sonatype
[INFO] artifact com.google.zxing:zxing.appspot.com: checking for updates from sonatype-snapshots
[INFO] artifact com.google.zxing:zxing.appspot.com: checking for updates from sonatype-apache
[INFO] artifact com.google.zxing:zxing.appspot.com: checking for updates from apache-snapshots
[INFO] artifact com.google.zxing:zxing.appspot.com: checking for updates from codehaus-snapshots
[WARNING] repository metadata for: 'artifact com.google.zxing:zxing.appspot.com' could not be retrieved from repository: codehaus-snapshots due to an error: nexus.codehaus.org
[INFO] artifact com.google.zxing:zxing.appspot.com: checking for updates from sonatype
[INFO] artifact com.google.zxing:zxing.appspot.com: checking for updates from sonatype-snapshots
[INFO] artifact com.google.zxing:zxing.appspot.com: checking for updates from sonatype-apache
[INFO] artifact com.google.zxing:zxing.appspot.com: checking for updates from apache-snapshots
[INFO] artifact com.google.zxing:zxing.appspot.com: checking for updates from codehaus-snapshots
[WARNING] repository metadata for: 'artifact com.google.zxing:zxing.appspot.com' could not be retrieved from repository: codehaus-snapshots due to an error: nexus.codehaus.org
[INFO] Comparing to version: 3.2.1
[INFO] Succeeded with 0 errors; 0 warnings; and 0 other changes.
[INFO] 
[INFO] --- apache-rat-plugin:0.12:check (default) @ zxing.appspot.com ---
[INFO] Enabled default license matchers.
[INFO] Will parse SCM ignores for exclusions...
[INFO] Finished adding exclusions from SCM ignore files.
[INFO] 61 implicit excludes (use -debug for more details).
[INFO] Exclude: **/.*
[INFO] Exclude: **/.settings/**
[INFO] Exclude: **/*.iml
[INFO] Exclude: **/*.md
[INFO] Exclude: **/*.textile
[INFO] Exclude: **/*.txt
[INFO] Exclude: **/*.html
[INFO] Exclude: **/*.js
[INFO] Exclude: **/*.css
[INFO] Exclude: **/*.properties
[INFO] Exclude: **/*.cfg
[INFO] Exclude: **/*.config
[INFO] Exclude: **/*.yaml
[INFO] Exclude: **/gen/**
[INFO] Exclude: **/resources/**
[INFO] Exclude: **/symbolMaps/**
[INFO] Exclude: **/target/**
[INFO] Exclude: **/dependency-reduced-pom.xml
[INFO] Exclude: private/**
[INFO] Exclude: CHANGES
[INFO] Exclude: false
[INFO] 39 resources included (use -debug for more details)
[INFO] Rat check: Summary over all files. Unapproved: 0, unknown: 0, generated: 0, approved: 19 licenses.
[INFO] 
[INFO] --- maven-install-plugin:2.5.2:install (default-install) @ zxing.appspot.com ---
[INFO] Installing /home/travis/build/zxing/zxing/zxing.appspot.com/target/zxing.appspot.com-3.2.2-SNAPSHOT.war to /home/travis/.m2/repository/com/google/zxing/zxing.appspot.com/3.2.2-SNAPSHOT/zxing.appspot.com-3.2.2-SNAPSHOT.war
[INFO] Installing /home/travis/build/zxing/zxing/zxing.appspot.com/pom.xml to /home/travis/.m2/repository/com/google/zxing/zxing.appspot.com/3.2.2-SNAPSHOT/zxing.appspot.com-3.2.2-SNAPSHOT.pom
[INFO] ------------------------------------------------------------------------
[INFO] Reactor Summary:
[INFO] 
[INFO] ZXing .............................................. SUCCESS [  8.814 s]
[INFO] ZXing Core ......................................... SUCCESS [01:43 min]
[INFO] ZXing Java SE extensions ........................... SUCCESS [  7.192 s]
[INFO] ZXing Android Core ................................. SUCCESS [  8.342 s]
[INFO] ZXing Android Integration lib ...................... SUCCESS [  4.702 s]
[INFO] ZXing Appspot-based encoder ........................ SUCCESS [01:47 min]
[INFO] ZXing zxing.org web app ............................ SUCCESS [  7.805 s]
[INFO] ------------------------------------------------------------------------
[INFO] BUILD SUCCESS
[INFO] ------------------------------------------------------------------------
[INFO] Total time: 02:09 min (Wall Clock)
[INFO] Finished at: 2016-06-24T09:51:34+00:00
[INFO] Final Memory: 44M/491M
[INFO] ------------------------------------------------------------------------

travis_time:end:10ac8fb3:start=1466761763256863188,finish=1466761898911218192,duration=135654355004[0Ktravis_fold:end:install[0Ktravis_time:start:2a29faea[0K$ mvn -T 2 -Ptravis ${JACOCO} test
[INFO] Scanning for projects...
[INFO] ------------------------------------------------------------------------
[INFO] Reactor Build Order:
[INFO] 
[INFO] ZXing
[INFO] ZXing Core
[INFO] ZXing Java SE extensions
[INFO] ZXing Android Core
[INFO] ZXing Android Integration lib
[INFO] ZXing Appspot-based encoder
[INFO] ZXing zxing.org web app
[INFO] 
[INFO] Using the MultiThreadedBuilder implementation with a thread count of 2
[INFO]                                                                         
[INFO] ------------------------------------------------------------------------
[INFO] Building ZXing 3.2.2-SNAPSHOT
[INFO] ------------------------------------------------------------------------
[INFO] 
[INFO] --- maven-checkstyle-plugin:2.17:check (validate) @ zxing-parent ---
[INFO] 
[INFO] --- maven-enforcer-plugin:1.4.1:enforce (enforce) @ zxing-parent ---
[INFO] 
[INFO] --- jacoco-maven-plugin:0.7.7.201606060606:prepare-agent (default) @ zxing-parent ---
[INFO] argLine set to -javaagent:/home/travis/.m2/repository/org/jacoco/org.jacoco.agent/0.7.7.201606060606/org.jacoco.agent-0.7.7.201606060606-runtime.jar=destfile=/home/travis/build/zxing/zxing/target/jacoco.exec
[INFO] 
[INFO] --- jacoco-maven-plugin:0.7.7.201606060606:report (report) @ zxing-parent ---
[INFO] Skipping JaCoCo execution due to missing execution data file.
[INFO]                                                                         
[INFO] ------------------------------------------------------------------------
[INFO] Building ZXing Android Core 3.2.2-SNAPSHOT
[INFO] ------------------------------------------------------------------------
[INFO]                                                                         
[INFO] ------------------------------------------------------------------------
[INFO] Building ZXing Core 3.2.2-SNAPSHOT
[INFO] ------------------------------------------------------------------------
[INFO] 
[INFO] --- maven-checkstyle-plugin:2.17:check (validate) @ android-core ---
[INFO] 
[INFO] --- maven-checkstyle-plugin:2.17:check (validate) @ core ---
[INFO] 
[INFO] --- maven-enforcer-plugin:1.4.1:enforce (enforce) @ android-core ---
[INFO] 
[INFO] --- jacoco-maven-plugin:0.7.7.201606060606:prepare-agent (default) @ android-core ---
[INFO] argLine set to -javaagent:/home/travis/.m2/repository/org/jacoco/org.jacoco.agent/0.7.7.201606060606/org.jacoco.agent-0.7.7.201606060606-runtime.jar=destfile=/home/travis/build/zxing/zxing/android-core/target/jacoco.exec
[INFO] 
[INFO] --- maven-resources-plugin:3.0.1:resources (default-resources) @ android-core ---
[INFO] Using 'UTF-8' encoding to copy filtered resources.
[INFO] skip non existing resourceDirectory /home/travis/build/zxing/zxing/android-core/src/main/resources
[INFO] 
[INFO] --- maven-compiler-plugin:3.5.1:compile (default-compile) @ android-core ---
[INFO] Nothing to compile - all classes are up to date
[INFO] 
[INFO] --- maven-resources-plugin:3.0.1:testResources (default-testResources) @ android-core ---
[INFO] Using 'UTF-8' encoding to copy filtered resources.
[INFO] skip non existing resourceDirectory /home/travis/build/zxing/zxing/android-core/src/test/resources
[INFO] 
[INFO] --- maven-compiler-plugin:3.5.1:testCompile (default-testCompile) @ android-core ---
[INFO] No sources to compile
[INFO] 
[INFO] --- maven-surefire-plugin:2.19.1:test (default-test) @ android-core ---
[INFO] No tests to run.
[INFO] 
[INFO] --- jacoco-maven-plugin:0.7.7.201606060606:report (report) @ android-core ---
[INFO] Skipping JaCoCo execution due to missing execution data file.
[INFO]                                                                         
[INFO] ------------------------------------------------------------------------
[INFO] Building ZXing Android Integration lib 3.2.2-SNAPSHOT
[INFO] ------------------------------------------------------------------------
[INFO] 
[INFO] --- maven-checkstyle-plugin:2.17:check (validate) @ android-integration ---
[INFO] 
[INFO] --- maven-enforcer-plugin:1.4.1:enforce (enforce) @ android-integration ---
[INFO] 
[INFO] --- jacoco-maven-plugin:0.7.7.201606060606:prepare-agent (default) @ android-integration ---
[INFO] argLine set to -javaagent:/home/travis/.m2/repository/org/jacoco/org.jacoco.agent/0.7.7.201606060606/org.jacoco.agent-0.7.7.201606060606-runtime.jar=destfile=/home/travis/build/zxing/zxing/android-integration/target/jacoco.exec
[INFO] 
[INFO] --- maven-resources-plugin:3.0.1:resources (default-resources) @ android-integration ---
[INFO] Using 'UTF-8' encoding to copy filtered resources.
[INFO] skip non existing resourceDirectory /home/travis/build/zxing/zxing/android-integration/src/main/resources
[INFO] 
[INFO] --- maven-compiler-plugin:3.5.1:compile (default-compile) @ android-integration ---
[INFO] Nothing to compile - all classes are up to date
[INFO] 
[INFO] --- maven-resources-plugin:3.0.1:testResources (default-testResources) @ android-integration ---
[INFO] Using 'UTF-8' encoding to copy filtered resources.
[INFO] skip non existing resourceDirectory /home/travis/build/zxing/zxing/android-integration/src/test/resources
[INFO] 
[INFO] --- maven-compiler-plugin:3.5.1:testCompile (default-testCompile) @ android-integration ---
[INFO] No sources to compile
[INFO] 
[INFO] --- maven-surefire-plugin:2.19.1:test (default-test) @ android-integration ---
[INFO] No tests to run.
[INFO] 
[INFO] --- jacoco-maven-plugin:0.7.7.201606060606:report (report) @ android-integration ---
[INFO] Skipping JaCoCo execution due to missing execution data file.
[INFO]                                                                         
[INFO] ------------------------------------------------------------------------
[INFO] Building ZXing Appspot-based encoder 3.2.2-SNAPSHOT
[INFO] ------------------------------------------------------------------------
[INFO] 
[INFO] --- maven-checkstyle-plugin:2.17:check (validate) @ zxing.appspot.com ---
[INFO] 
[INFO] --- maven-enforcer-plugin:1.4.1:enforce (enforce) @ zxing.appspot.com ---
[INFO] 
[INFO] --- jacoco-maven-plugin:0.7.7.201606060606:prepare-agent (default) @ zxing.appspot.com ---
[INFO] argLine set to -javaagent:/home/travis/.m2/repository/org/jacoco/org.jacoco.agent/0.7.7.201606060606/org.jacoco.agent-0.7.7.201606060606-runtime.jar=destfile=/home/travis/build/zxing/zxing/zxing.appspot.com/target/jacoco.exec
[INFO] 
[INFO] --- maven-resources-plugin:3.0.1:resources (default-resources) @ zxing.appspot.com ---
[INFO] Using 'UTF-8' encoding to copy filtered resources.
[INFO] Copying 1 resource
[INFO] 
[INFO] --- maven-compiler-plugin:3.5.1:compile (default-compile) @ zxing.appspot.com ---
[INFO] Nothing to compile - all classes are up to date
[INFO] 
[INFO] --- maven-resources-plugin:3.0.1:testResources (default-testResources) @ zxing.appspot.com ---
[INFO] Using 'UTF-8' encoding to copy filtered resources.
[INFO] skip non existing resourceDirectory /home/travis/build/zxing/zxing/zxing.appspot.com/src/test/resources
[INFO] 
[INFO] --- maven-compiler-plugin:3.5.1:testCompile (default-testCompile) @ zxing.appspot.com ---
[INFO] No sources to compile
[INFO] 
[INFO] --- maven-surefire-plugin:2.19.1:test (default-test) @ zxing.appspot.com ---
[INFO] No tests to run.
[INFO] 
[INFO] --- jacoco-maven-plugin:0.7.7.201606060606:report (report) @ zxing.appspot.com ---
[INFO] Skipping JaCoCo execution due to missing execution data file.
[INFO] 
[INFO] --- maven-enforcer-plugin:1.4.1:enforce (enforce) @ core ---
[INFO] 
[INFO] --- jacoco-maven-plugin:0.7.7.201606060606:prepare-agent (default) @ core ---
[INFO] argLine set to -javaagent:/home/travis/.m2/repository/org/jacoco/org.jacoco.agent/0.7.7.201606060606/org.jacoco.agent-0.7.7.201606060606-runtime.jar=destfile=/home/travis/build/zxing/zxing/core/target/jacoco.exec
[INFO] 
[INFO] --- maven-resources-plugin:3.0.1:resources (default-resources) @ core ---
[INFO] Using 'UTF-8' encoding to copy filtered resources.
[INFO] skip non existing resourceDirectory /home/travis/build/zxing/zxing/core/src/main/resources
[INFO] 
[INFO] --- maven-compiler-plugin:3.5.1:compile (default-compile) @ core ---
[INFO] Nothing to compile - all classes are up to date
[INFO] 
[INFO] --- maven-resources-plugin:3.0.1:testResources (default-testResources) @ core ---
[INFO] Using 'UTF-8' encoding to copy filtered resources.
[INFO] Copying 2294 resources
[INFO] 
[INFO] --- maven-compiler-plugin:3.5.1:testCompile (default-testCompile) @ core ---
[INFO] Nothing to compile - all classes are up to date
[INFO] 
[INFO] --- maven-surefire-plugin:2.19.1:test (default-test) @ core ---

-------------------------------------------------------
 T E S T S
-------------------------------------------------------
Running com.google.zxing.datamatrix.encoder.PlacementTestCase
Tests run: 1, Failures: 0, Errors: 0, Skipped: 0, Time elapsed: 0.054 sec - in com.google.zxing.datamatrix.encoder.PlacementTestCase
Running com.google.zxing.datamatrix.encoder.ErrorCorrectionTestCase
Tests run: 1, Failures: 0, Errors: 0, Skipped: 0, Time elapsed: 0.003 sec - in com.google.zxing.datamatrix.encoder.ErrorCorrectionTestCase
Running com.google.zxing.datamatrix.encoder.HighLevelEncodeTestCase
Tests run: 19, Failures: 0, Errors: 0, Skipped: 1, Time elapsed: 0.026 sec - in com.google.zxing.datamatrix.encoder.HighLevelEncodeTestCase
Running com.google.zxing.datamatrix.encoder.SymbolInfoTestCase
Tests run: 1, Failures: 0, Errors: 0, Skipped: 0, Time elapsed: 0.01 sec - in com.google.zxing.datamatrix.encoder.SymbolInfoTestCase
Running com.google.zxing.datamatrix.decoder.DecodedBitStreamParserTestCase
Tests run: 2, Failures: 0, Errors: 0, Skipped: 0, Time elapsed: 0.005 sec - in com.google.zxing.datamatrix.decoder.DecodedBitStreamParserTestCase
Running com.google.zxing.datamatrix.DataMatrixWriterTestCase
Tests run: 3, Failures: 0, Errors: 0, Skipped: 0, Time elapsed: 0.024 sec - in com.google.zxing.datamatrix.DataMatrixWriterTestCase
Running com.google.zxing.datamatrix.DataMatrixBlackBox1TestCase
INFO: Starting src/test/resources/blackbox/datamatrix-1/0123456789.png
INFO: Starting src/test/resources/blackbox/datamatrix-1/GUID.png
INFO: Starting src/test/resources/blackbox/datamatrix-1/HelloWorld_Text_L_Kaywa.png
INFO: Starting src/test/resources/blackbox/datamatrix-1/HelloWorld_Text_L_Kaywa_1_error_byte.png
INFO: Starting src/test/resources/blackbox/datamatrix-1/HelloWorld_Text_L_Kaywa_2_error_byte.png
INFO: Starting src/test/resources/blackbox/datamatrix-1/HelloWorld_Text_L_Kaywa_3_error_byte.png
INFO: Starting src/test/resources/blackbox/datamatrix-1/HelloWorld_Text_L_Kaywa_4_error_byte.png
INFO: Starting src/test/resources/blackbox/datamatrix-1/abcd-18x8.png
INFO: Starting src/test/resources/blackbox/datamatrix-1/abcd-26x12.png
INFO: Starting src/test/resources/blackbox/datamatrix-1/abcd-32x8.png
INFO: Starting src/test/resources/blackbox/datamatrix-1/abcd-36x12.png
INFO: Starting src/test/resources/blackbox/datamatrix-1/abcd-36x16.png
INFO: Starting src/test/resources/blackbox/datamatrix-1/abcd-48x16.png
INFO: Starting src/test/resources/blackbox/datamatrix-1/abcd-52x52-IDAutomation.png
INFO: Starting src/test/resources/blackbox/datamatrix-1/abcd-52x52.png
INFO: Starting src/test/resources/blackbox/datamatrix-1/abcdefg-64x64.png
INFO: Starting src/test/resources/blackbox/datamatrix-1/abcdefg.png
INFO: Starting src/test/resources/blackbox/datamatrix-1/zxing_URL_L_Kayway.png
INFO: Rotation 0 degrees:
INFO:  18 of 18 images passed (18 required)
INFO:  0 failed due to misreads, 0 not detected
INFO:  18 of 18 images passed with try harder (18 required)
INFO:  0 failed due to misreads, 0 not detected
INFO: Rotation 90 degrees:
INFO:  18 of 18 images passed (18 required)
INFO:  0 failed due to misreads, 0 not detected
INFO:  18 of 18 images passed with try harder (18 required)
INFO:  0 failed due to misreads, 0 not detected
INFO: Rotation 180 degrees:
INFO:  18 of 18 images passed (18 required)
INFO:  0 failed due to misreads, 0 not detected
INFO:  18 of 18 images passed with try harder (18 required)
INFO:  0 failed due to misreads, 0 not detected
INFO: Rotation 270 degrees:
INFO:  18 of 18 images passed (18 required)
INFO:  0 failed due to misreads, 0 not detected
INFO:  18 of 18 images passed with try harder (18 required)
INFO:  0 failed due to misreads, 0 not detected
INFO: Decoded 144 images out of 144 (100%, 144 required)
Tests run: 1, Failures: 0, Errors: 0, Skipped: 0, Time elapsed: 0.966 sec - in com.google.zxing.datamatrix.DataMatrixBlackBox1TestCase
Running com.google.zxing.datamatrix.DataMatrixBlackBox2TestCase
INFO: Starting src/test/resources/blackbox/datamatrix-2/01.png
INFO: Starting src/test/resources/blackbox/datamatrix-2/02.png
INFO: Starting src/test/resources/blackbox/datamatrix-2/03.png
INFO: Starting src/test/resources/blackbox/datamatrix-2/04.png
INFO: Starting src/test/resources/blackbox/datamatrix-2/05.png
INFO: Starting src/test/resources/blackbox/datamatrix-2/06.png
INFO: Starting src/test/resources/blackbox/datamatrix-2/07.png
INFO: Starting src/test/resources/blackbox/datamatrix-2/08.png
INFO: Starting src/test/resources/blackbox/datamatrix-2/09.png
INFO: Starting src/test/resources/blackbox/datamatrix-2/10.png
INFO: Starting src/test/resources/blackbox/datamatrix-2/11.png
INFO: Starting src/test/resources/blackbox/datamatrix-2/12.png
INFO: Starting src/test/resources/blackbox/datamatrix-2/13.png
INFO: Starting src/test/resources/blackbox/datamatrix-2/14.png
INFO: Starting src/test/resources/blackbox/datamatrix-2/15.png
INFO: Starting src/test/resources/blackbox/datamatrix-2/16.png
INFO: Format mismatch: expected 'DATA_MATRIX' but got 'UPC_E' (try harder, rotation: 0)
INFO: Format mismatch: expected 'DATA_MATRIX' but got 'UPC_E' (try harder, rotation: 90)
INFO: Format mismatch: expected 'DATA_MATRIX' but got 'UPC_E' (try harder, rotation: 180)
INFO: Format mismatch: expected 'DATA_MATRIX' but got 'UPC_E' (try harder, rotation: 270)
INFO: Starting src/test/resources/blackbox/datamatrix-2/17.png
INFO: Starting src/test/resources/blackbox/datamatrix-2/18.png
INFO: Rotation 0 degrees:
INFO:  8 of 18 images passed (8 required)
INFO:  0 failed due to misreads, 10 not detected
INFO:  8 of 18 images passed with try harder (8 required)
INFO:  1 failed due to misreads, 9 not detected
INFO: Rotation 90 degrees:
INFO:  14 of 18 images passed (14 required)
INFO:  0 failed due to misreads, 4 not detected
INFO:  14 of 18 images passed with try harder (14 required)
INFO:  1 failed due to misreads, 3 not detected
INFO: Rotation 180 degrees:
INFO:  14 of 18 images passed (14 required)
INFO:  0 failed due to misreads, 4 not detected
INFO:  14 of 18 images passed with try harder (14 required)
INFO:  1 failed due to misreads, 3 not detected
INFO: Rotation 270 degrees:
INFO:  13 of 18 images passed (13 required)
INFO:  0 failed due to misreads, 5 not detected
INFO:  13 of 18 images passed with try harder (13 required)
INFO:  1 failed due to misreads, 4 not detected
INFO: Decoded 98 images out of 144 (68%, 98 required)
Tests run: 1, Failures: 0, Errors: 0, Skipped: 0, Time elapsed: 1.03 sec - in com.google.zxing.datamatrix.DataMatrixBlackBox2TestCase
Running com.google.zxing.oned.rss.expanded.RSSExpandedStackedBlackBox1TestCase
INFO: Starting src/test/resources/blackbox/rssexpandedstacked-1/1.png
INFO: Starting src/test/resources/blackbox/rssexpandedstacked-1/10.png
INFO: Starting src/test/resources/blackbox/rssexpandedstacked-1/11.png
INFO: Starting src/test/resources/blackbox/rssexpandedstacked-1/12.png
INFO: Starting src/test/resources/blackbox/rssexpandedstacked-1/13.png
INFO: Starting src/test/resources/blackbox/rssexpandedstacked-1/14.png
INFO: Starting src/test/resources/blackbox/rssexpandedstacked-1/15.png
INFO: Starting src/test/resources/blackbox/rssexpandedstacked-1/16.png
INFO: Starting src/test/resources/blackbox/rssexpandedstacked-1/17.png
INFO: Starting src/test/resources/blackbox/rssexpandedstacked-1/18.png
INFO: Starting src/test/resources/blackbox/rssexpandedstacked-1/19.png
INFO: Starting src/test/resources/blackbox/rssexpandedstacked-1/2.png
INFO: Starting src/test/resources/blackbox/rssexpandedstacked-1/20.png
INFO: Starting src/test/resources/blackbox/rssexpandedstacked-1/21.png
INFO: Starting src/test/resources/blackbox/rssexpandedstacked-1/22.png
INFO: Starting src/test/resources/blackbox/rssexpandedstacked-1/23.png
INFO: Starting src/test/resources/blackbox/rssexpandedstacked-1/24.png
INFO: Starting src/test/resources/blackbox/rssexpandedstacked-1/25.png
INFO: Starting src/test/resources/blackbox/rssexpandedstacked-1/26.png
INFO: Starting src/test/resources/blackbox/rssexpandedstacked-1/27.png
INFO: Starting src/test/resources/blackbox/rssexpandedstacked-1/28.png
INFO: Starting src/test/resources/blackbox/rssexpandedstacked-1/29.png
INFO: Starting src/test/resources/blackbox/rssexpandedstacked-1/3.png
INFO: Starting src/test/resources/blackbox/rssexpandedstacked-1/30.png
INFO: Starting src/test/resources/blackbox/rssexpandedstacked-1/31.png
INFO: Starting src/test/resources/blackbox/rssexpandedstacked-1/32.png
INFO: Starting src/test/resources/blackbox/rssexpandedstacked-1/33.png
INFO: Starting src/test/resources/blackbox/rssexpandedstacked-1/34.png
INFO: Starting src/test/resources/blackbox/rssexpandedstacked-1/35.png
INFO: Starting src/test/resources/blackbox/rssexpandedstacked-1/36.png
INFO: Starting src/test/resources/blackbox/rssexpandedstacked-1/37.png
INFO: Starting src/test/resources/blackbox/rssexpandedstacked-1/38.png
INFO: Starting src/test/resources/blackbox/rssexpandedstacked-1/39.png
INFO: Starting src/test/resources/blackbox/rssexpandedstacked-1/4.png
INFO: Starting src/test/resources/blackbox/rssexpandedstacked-1/40.png
INFO: Starting src/test/resources/blackbox/rssexpandedstacked-1/41.png
INFO: Starting src/test/resources/blackbox/rssexpandedstacked-1/42.png
INFO: Starting src/test/resources/blackbox/rssexpandedstacked-1/43.png
INFO: Starting src/test/resources/blackbox/rssexpandedstacked-1/44.png
INFO: Starting src/test/resources/blackbox/rssexpandedstacked-1/45.png
INFO: Starting src/test/resources/blackbox/rssexpandedstacked-1/46.png
INFO: Starting src/test/resources/blackbox/rssexpandedstacked-1/47.png
INFO: Starting src/test/resources/blackbox/rssexpandedstacked-1/48.png
INFO: Starting src/test/resources/blackbox/rssexpandedstacked-1/49.png
INFO: Starting src/test/resources/blackbox/rssexpandedstacked-1/5.png
INFO: Starting src/test/resources/blackbox/rssexpandedstacked-1/50.png
INFO: Starting src/test/resources/blackbox/rssexpandedstacked-1/51.png
INFO: Starting src/test/resources/blackbox/rssexpandedstacked-1/52.png
INFO: Starting src/test/resources/blackbox/rssexpandedstacked-1/53.png
INFO: Starting src/test/resources/blackbox/rssexpandedstacked-1/54.png
INFO: Starting src/test/resources/blackbox/rssexpandedstacked-1/55.png
INFO: Starting src/test/resources/blackbox/rssexpandedstacked-1/56.png
INFO: Starting src/test/resources/blackbox/rssexpandedstacked-1/57.png
INFO: Starting src/test/resources/blackbox/rssexpandedstacked-1/58.png
INFO: Starting src/test/resources/blackbox/rssexpandedstacked-1/59.png
INFO: Starting src/test/resources/blackbox/rssexpandedstacked-1/6.png
INFO: Starting src/test/resources/blackbox/rssexpandedstacked-1/60.png
INFO: Starting src/test/resources/blackbox/rssexpandedstacked-1/61.png
INFO: Starting src/test/resources/blackbox/rssexpandedstacked-1/62.png
INFO: Starting src/test/resources/blackbox/rssexpandedstacked-1/63.png
INFO: Starting src/test/resources/blackbox/rssexpandedstacked-1/64.png
INFO: Starting src/test/resources/blackbox/rssexpandedstacked-1/7.png
INFO: Starting src/test/resources/blackbox/rssexpandedstacked-1/8.png
INFO: Starting src/test/resources/blackbox/rssexpandedstacked-1/9.png
INFO: Rotation 0 degrees:
INFO:  59 of 64 images passed (59 required)
INFO:  0 failed due to misreads, 5 not detected
INFO:  64 of 64 images passed with try harder (64 required)
INFO:  0 failed due to misreads, 0 not detected
INFO: Rotation 180 degrees:
INFO:  59 of 64 images passed (59 required)
INFO:  0 failed due to misreads, 5 not detected
INFO:  64 of 64 images passed with try harder (64 required)
INFO:  0 failed due to misreads, 0 not detected
INFO: Decoded 246 images out of 256 (96%, 246 required)
Tests run: 1, Failures: 0, Errors: 0, Skipped: 0, Time elapsed: 0.806 sec - in com.google.zxing.oned.rss.expanded.RSSExpandedStackedBlackBox1TestCase
Running com.google.zxing.oned.rss.expanded.RSSExpandedBlackBox1TestCase
INFO: Starting src/test/resources/blackbox/rssexpanded-1/1.png
INFO: Starting src/test/resources/blackbox/rssexpanded-1/10.png
INFO: Starting src/test/resources/blackbox/rssexpanded-1/11.png
INFO: Starting src/test/resources/blackbox/rssexpanded-1/12.png
INFO: Starting src/test/resources/blackbox/rssexpanded-1/13.png
INFO: Starting src/test/resources/blackbox/rssexpanded-1/14.png
INFO: Starting src/test/resources/blackbox/rssexpanded-1/15.png
INFO: Starting src/test/resources/blackbox/rssexpanded-1/16.png
INFO: Starting src/test/resources/blackbox/rssexpanded-1/17.png
INFO: Starting src/test/resources/blackbox/rssexpanded-1/18.png
INFO: Starting src/test/resources/blackbox/rssexpanded-1/19.png
INFO: Starting src/test/resources/blackbox/rssexpanded-1/2.png
INFO: Starting src/test/resources/blackbox/rssexpanded-1/20.png
INFO: Starting src/test/resources/blackbox/rssexpanded-1/21.png
INFO: Starting src/test/resources/blackbox/rssexpanded-1/22.png
INFO: Starting src/test/resources/blackbox/rssexpanded-1/23.png
INFO: Starting src/test/resources/blackbox/rssexpanded-1/24.png
INFO: Starting src/test/resources/blackbox/rssexpanded-1/25.png
INFO: Starting src/test/resources/blackbox/rssexpanded-1/26.png
INFO: Starting src/test/resources/blackbox/rssexpanded-1/27.png
INFO: Starting src/test/resources/blackbox/rssexpanded-1/28.png
INFO: Starting src/test/resources/blackbox/rssexpanded-1/29.png
INFO: Starting src/test/resources/blackbox/rssexpanded-1/3.png
INFO: Starting src/test/resources/blackbox/rssexpanded-1/30.png
INFO: Starting src/test/resources/blackbox/rssexpanded-1/31.png
INFO: Starting src/test/resources/blackbox/rssexpanded-1/32.png
INFO: Starting src/test/resources/blackbox/rssexpanded-1/4.png
INFO: Starting src/test/resources/blackbox/rssexpanded-1/5.png
INFO: Starting src/test/resources/blackbox/rssexpanded-1/6.png
INFO: Starting src/test/resources/blackbox/rssexpanded-1/7.png
INFO: Starting src/test/resources/blackbox/rssexpanded-1/8.png
INFO: Starting src/test/resources/blackbox/rssexpanded-1/9.png
INFO: Rotation 0 degrees:
INFO:  32 of 32 images passed (32 required)
INFO:  0 failed due to misreads, 0 not detected
INFO:  32 of 32 images passed with try harder (32 required)
INFO:  0 failed due to misreads, 0 not detected
INFO: Rotation 180 degrees:
INFO:  32 of 32 images passed (32 required)
INFO:  0 failed due to misreads, 0 not detected
INFO:  32 of 32 images passed with try harder (32 required)
INFO:  0 failed due to misreads, 0 not detected
INFO: Decoded 128 images out of 128 (100%, 128 required)
Tests run: 1, Failures: 0, Errors: 0, Skipped: 0, Time elapsed: 0.31 sec - in com.google.zxing.oned.rss.expanded.RSSExpandedBlackBox1TestCase
Running com.google.zxing.oned.rss.expanded.decoders.AnyAIDecoderTest
Tests run: 6, Failures: 0, Errors: 0, Skipped: 0, Time elapsed: 0.004 sec - in com.google.zxing.oned.rss.expanded.decoders.AnyAIDecoderTest
Running com.google.zxing.oned.rss.expanded.decoders.FieldParserTest
Tests run: 2, Failures: 0, Errors: 0, Skipped: 0, Time elapsed: 0.002 sec - in com.google.zxing.oned.rss.expanded.decoders.FieldParserTest
Running com.google.zxing.oned.rss.expanded.decoders.AI01_3X0X_1X_DecoderTest
Tests run: 9, Failures: 0, Errors: 0, Skipped: 0, Time elapsed: 0.005 sec - in com.google.zxing.oned.rss.expanded.decoders.AI01_3X0X_1X_DecoderTest
Running com.google.zxing.oned.rss.expanded.decoders.AI01_3202_3203_DecoderTest
Tests run: 2, Failures: 0, Errors: 0, Skipped: 0, Time elapsed: 0.002 sec - in com.google.zxing.oned.rss.expanded.decoders.AI01_3202_3203_DecoderTest
Running com.google.zxing.oned.rss.expanded.decoders.AI01_3103_DecoderTest
Tests run: 3, Failures: 0, Errors: 0, Skipped: 0, Time elapsed: 0.004 sec - in com.google.zxing.oned.rss.expanded.decoders.AI01_3103_DecoderTest
Running com.google.zxing.oned.rss.expanded.RSSExpandedStackedInternalTestCase
Tests run: 2, Failures: 0, Errors: 0, Skipped: 0, Time elapsed: 0.064 sec - in com.google.zxing.oned.rss.expanded.RSSExpandedStackedInternalTestCase
Running com.google.zxing.oned.rss.expanded.ExpandedInformationDecoderTest
Tests run: 1, Failures: 0, Errors: 0, Skipped: 0, Time elapsed: 0.002 sec - in com.google.zxing.oned.rss.expanded.ExpandedInformationDecoderTest
Running com.google.zxing.oned.rss.expanded.RSSExpandedImage2stringTestCase
Tests run: 27, Failures: 0, Errors: 0, Skipped: 0, Time elapsed: 0.089 sec - in com.google.zxing.oned.rss.expanded.RSSExpandedImage2stringTestCase
Running com.google.zxing.oned.rss.expanded.BinaryUtilTest
Tests run: 2, Failures: 0, Errors: 0, Skipped: 0, Time elapsed: 0.002 sec - in com.google.zxing.oned.rss.expanded.BinaryUtilTest
Running com.google.zxing.oned.rss.expanded.RSSExpandedBlackBox3TestCase
INFO: Starting src/test/resources/blackbox/rssexpanded-3/1.png
INFO: Starting src/test/resources/blackbox/rssexpanded-3/10.png
INFO: Starting src/test/resources/blackbox/rssexpanded-3/100.png
INFO: Starting src/test/resources/blackbox/rssexpanded-3/101.png
INFO: Starting src/test/resources/blackbox/rssexpanded-3/102.png
INFO: Starting src/test/resources/blackbox/rssexpanded-3/103.png
INFO: Starting src/test/resources/blackbox/rssexpanded-3/104.png
INFO: Starting src/test/resources/blackbox/rssexpanded-3/105.png
INFO: Starting src/test/resources/blackbox/rssexpanded-3/106.png
INFO: Starting src/test/resources/blackbox/rssexpanded-3/107.png
INFO: Starting src/test/resources/blackbox/rssexpanded-3/108.png
INFO: Starting src/test/resources/blackbox/rssexpanded-3/109.png
INFO: Starting src/test/resources/blackbox/rssexpanded-3/11.png
INFO: Starting src/test/resources/blackbox/rssexpanded-3/110.png
INFO: Starting src/test/resources/blackbox/rssexpanded-3/111.png
INFO: Starting src/test/resources/blackbox/rssexpanded-3/112.png
INFO: Starting src/test/resources/blackbox/rssexpanded-3/113.png
INFO: Starting src/test/resources/blackbox/rssexpanded-3/114.png
INFO: Starting src/test/resources/blackbox/rssexpanded-3/115.png
INFO: Starting src/test/resources/blackbox/rssexpanded-3/116.png
INFO: Starting src/test/resources/blackbox/rssexpanded-3/117.png
INFO: Starting src/test/resources/blackbox/rssexpanded-3/12.png
INFO: Starting src/test/resources/blackbox/rssexpanded-3/13.png
INFO: Starting src/test/resources/blackbox/rssexpanded-3/14.png
INFO: Starting src/test/resources/blackbox/rssexpanded-3/15.png
INFO: Starting src/test/resources/blackbox/rssexpanded-3/16.png
INFO: Starting src/test/resources/blackbox/rssexpanded-3/17.png
INFO: Starting src/test/resources/blackbox/rssexpanded-3/18.png
INFO: Starting src/test/resources/blackbox/rssexpanded-3/19.png
INFO: Starting src/test/resources/blackbox/rssexpanded-3/2.png
INFO: Starting src/test/resources/blackbox/rssexpanded-3/20.png
INFO: Starting src/test/resources/blackbox/rssexpanded-3/21.png
INFO: Starting src/test/resources/blackbox/rssexpanded-3/22.png
INFO: Starting src/test/resources/blackbox/rssexpanded-3/23.png
INFO: Starting src/test/resources/blackbox/rssexpanded-3/24.png
INFO: Starting src/test/resources/blackbox/rssexpanded-3/25.png
INFO: Starting src/test/resources/blackbox/rssexpanded-3/26.png
INFO: Starting src/test/resources/blackbox/rssexpanded-3/27.png
INFO: Starting src/test/resources/blackbox/rssexpanded-3/28.png
INFO: Starting src/test/resources/blackbox/rssexpanded-3/29.png
INFO: Starting src/test/resources/blackbox/rssexpanded-3/3.png
INFO: Starting src/test/resources/blackbox/rssexpanded-3/30.png
INFO: Starting src/test/resources/blackbox/rssexpanded-3/31.png
INFO: Starting src/test/resources/blackbox/rssexpanded-3/32.png
INFO: Starting src/test/resources/blackbox/rssexpanded-3/33.png
INFO: Starting src/test/resources/blackbox/rssexpanded-3/34.png
INFO: Starting src/test/resources/blackbox/rssexpanded-3/35.png
INFO: Starting src/test/resources/blackbox/rssexpanded-3/36.png
INFO: Starting src/test/resources/blackbox/rssexpanded-3/37.png
INFO: Starting src/test/resources/blackbox/rssexpanded-3/38.png
INFO: Starting src/test/resources/blackbox/rssexpanded-3/39.png
INFO: Starting src/test/resources/blackbox/rssexpanded-3/4.png
INFO: Starting src/test/resources/blackbox/rssexpanded-3/40.png
INFO: Starting src/test/resources/blackbox/rssexpanded-3/41.png
INFO: Starting src/test/resources/blackbox/rssexpanded-3/42.png
INFO: Starting src/test/resources/blackbox/rssexpanded-3/43.png
INFO: Starting src/test/resources/blackbox/rssexpanded-3/44.png
INFO: Starting src/test/resources/blackbox/rssexpanded-3/45.png
INFO: Starting src/test/resources/blackbox/rssexpanded-3/46.png
INFO: Starting src/test/resources/blackbox/rssexpanded-3/47.png
INFO: Starting src/test/resources/blackbox/rssexpanded-3/48.png
INFO: Starting src/test/resources/blackbox/rssexpanded-3/49.png
INFO: Starting src/test/resources/blackbox/rssexpanded-3/5.png
INFO: Starting src/test/resources/blackbox/rssexpanded-3/50.png
INFO: Starting src/test/resources/blackbox/rssexpanded-3/51.png
INFO: Starting src/test/resources/blackbox/rssexpanded-3/52.png
INFO: Starting src/test/resources/blackbox/rssexpanded-3/53.png
INFO: Starting src/test/resources/blackbox/rssexpanded-3/54.png
INFO: Starting src/test/resources/blackbox/rssexpanded-3/55.png
INFO: Starting src/test/resources/blackbox/rssexpanded-3/56.png
INFO: Starting src/test/resources/blackbox/rssexpanded-3/57.png
INFO: Starting src/test/resources/blackbox/rssexpanded-3/58.png
INFO: Starting src/test/resources/blackbox/rssexpanded-3/59.png
INFO: Starting src/test/resources/blackbox/rssexpanded-3/6.png
INFO: Starting src/test/resources/blackbox/rssexpanded-3/60.png
INFO: Starting src/test/resources/blackbox/rssexpanded-3/61.png
INFO: Starting src/test/resources/blackbox/rssexpanded-3/62.png
INFO: Starting src/test/resources/blackbox/rssexpanded-3/63.png
INFO: Starting src/test/resources/blackbox/rssexpanded-3/64.png
INFO: Starting src/test/resources/blackbox/rssexpanded-3/65.png
INFO: Starting src/test/resources/blackbox/rssexpanded-3/66.png
INFO: Starting src/test/resources/blackbox/rssexpanded-3/67.png
INFO: Starting src/test/resources/blackbox/rssexpanded-3/68.png
INFO: Starting src/test/resources/blackbox/rssexpanded-3/69.png
INFO: Starting src/test/resources/blackbox/rssexpanded-3/7.png
INFO: Starting src/test/resources/blackbox/rssexpanded-3/70.png
INFO: Starting src/test/resources/blackbox/rssexpanded-3/71.png
INFO: Starting src/test/resources/blackbox/rssexpanded-3/72.png
INFO: Starting src/test/resources/blackbox/rssexpanded-3/73.png
INFO: Starting src/test/resources/blackbox/rssexpanded-3/74.png
INFO: Starting src/test/resources/blackbox/rssexpanded-3/75.png
INFO: Starting src/test/resources/blackbox/rssexpanded-3/76.png
INFO: Starting src/test/resources/blackbox/rssexpanded-3/77.png
INFO: Starting src/test/resources/blackbox/rssexpanded-3/78.png
INFO: Starting src/test/resources/blackbox/rssexpanded-3/79.png
INFO: Starting src/test/resources/blackbox/rssexpanded-3/8.png
INFO: Starting src/test/resources/blackbox/rssexpanded-3/80.png
INFO: Starting src/test/resources/blackbox/rssexpanded-3/81.png
INFO: Starting src/test/resources/blackbox/rssexpanded-3/82.png
INFO: Starting src/test/resources/blackbox/rssexpanded-3/83.png
INFO: Starting src/test/resources/blackbox/rssexpanded-3/84.png
INFO: Starting src/test/resources/blackbox/rssexpanded-3/85.png
INFO: Starting src/test/resources/blackbox/rssexpanded-3/86.png
INFO: Starting src/test/resources/blackbox/rssexpanded-3/87.png
INFO: Starting src/test/resources/blackbox/rssexpanded-3/88.png
INFO: Starting src/test/resources/blackbox/rssexpanded-3/89.png
INFO: Starting src/test/resources/blackbox/rssexpanded-3/9.png
INFO: Starting src/test/resources/blackbox/rssexpanded-3/90.png
INFO: Starting src/test/resources/blackbox/rssexpanded-3/91.png
INFO: Starting src/test/resources/blackbox/rssexpanded-3/92.png
INFO: Starting src/test/resources/blackbox/rssexpanded-3/93.png
INFO: Starting src/test/resources/blackbox/rssexpanded-3/94.png
INFO: Starting src/test/resources/blackbox/rssexpanded-3/95.png
INFO: Starting src/test/resources/blackbox/rssexpanded-3/96.png
INFO: Starting src/test/resources/blackbox/rssexpanded-3/97.png
INFO: Starting src/test/resources/blackbox/rssexpanded-3/98.png
INFO: Starting src/test/resources/blackbox/rssexpanded-3/99.png
INFO: Rotation 0 degrees:
INFO:  117 of 117 images passed (117 required)
INFO:  0 failed due to misreads, 0 not detected
INFO:  117 of 117 images passed with try harder (117 required)
INFO:  0 failed due to misreads, 0 not detected
INFO: Rotation 180 degrees:
INFO:  117 of 117 images passed (117 required)
INFO:  0 failed due to misreads, 0 not detected
INFO:  117 of 117 images passed with try harder (117 required)
INFO:  0 failed due to misreads, 0 not detected
INFO: Decoded 468 images out of 468 (100%, 468 required)
Tests run: 1, Failures: 0, Errors: 0, Skipped: 0, Time elapsed: 0.774 sec - in com.google.zxing.oned.rss.expanded.RSSExpandedBlackBox3TestCase
Running com.google.zxing.oned.rss.expanded.RSSExpandedBlackBox2TestCase
INFO: Starting src/test/resources/blackbox/rssexpanded-2/12.png
INFO: Starting src/test/resources/blackbox/rssexpanded-2/13.png
INFO: Starting src/test/resources/blackbox/rssexpanded-2/16.png
INFO: Starting src/test/resources/blackbox/rssexpanded-2/17.png
INFO: Starting src/test/resources/blackbox/rssexpanded-2/18.png
INFO: Starting src/test/resources/blackbox/rssexpanded-2/18b.png
INFO: Starting src/test/resources/blackbox/rssexpanded-2/19.png
INFO: Starting src/test/resources/blackbox/rssexpanded-2/21.png
INFO: Starting src/test/resources/blackbox/rssexpanded-2/3_01.png
INFO: Starting src/test/resources/blackbox/rssexpanded-2/3_02.png
INFO: Starting src/test/resources/blackbox/rssexpanded-2/3_03.png
INFO: Starting src/test/resources/blackbox/rssexpanded-2/3_04.png
INFO: Starting src/test/resources/blackbox/rssexpanded-2/3_05.png
INFO: Starting src/test/resources/blackbox/rssexpanded-2/3_06.png
INFO: Starting src/test/resources/blackbox/rssexpanded-2/3_07.png
INFO: Starting src/test/resources/blackbox/rssexpanded-2/3_09.png
INFO: Starting src/test/resources/blackbox/rssexpanded-2/4_00.png
INFO: Starting src/test/resources/blackbox/rssexpanded-2/4_01.png
INFO: Starting src/test/resources/blackbox/rssexpanded-2/4_02.png
INFO: Starting src/test/resources/blackbox/rssexpanded-2/4_03.png
INFO: Starting src/test/resources/blackbox/rssexpanded-2/4_04.png
INFO: Starting src/test/resources/blackbox/rssexpanded-2/4_05.png
INFO: Starting src/test/resources/blackbox/rssexpanded-2/5.png
INFO: Rotation 0 degrees:
INFO:  21 of 23 images passed (21 required)
INFO:  0 failed due to misreads, 2 not detected
INFO:  23 of 23 images passed with try harder (23 required)
INFO:  0 failed due to misreads, 0 not detected
INFO: Rotation 180 degrees:
INFO:  21 of 23 images passed (21 required)
INFO:  0 failed due to misreads, 2 not detected
INFO:  23 of 23 images passed with try harder (23 required)
INFO:  0 failed due to misreads, 0 not detected
INFO: Decoded 88 images out of 92 (95%, 88 required)
Tests run: 1, Failures: 0, Errors: 0, Skipped: 0, Time elapsed: 3.963 sec - in com.google.zxing.oned.rss.expanded.RSSExpandedBlackBox2TestCase
Running com.google.zxing.oned.rss.expanded.BitArrayBuilderTest
Tests run: 1, Failures: 0, Errors: 0, Skipped: 0, Time elapsed: 0 sec - in com.google.zxing.oned.rss.expanded.BitArrayBuilderTest
Running com.google.zxing.oned.rss.expanded.RSSExpandedStackedBlackBox2TestCase
INFO: Starting src/test/resources/blackbox/rssexpandedstacked-2/1.png
INFO: Starting src/test/resources/blackbox/rssexpandedstacked-2/1000.png
INFO: Starting src/test/resources/blackbox/rssexpandedstacked-2/13.png
INFO: Starting src/test/resources/blackbox/rssexpandedstacked-2/19.png
INFO: Starting src/test/resources/blackbox/rssexpandedstacked-2/20.png
INFO: Starting src/test/resources/blackbox/rssexpandedstacked-2/22.png
INFO: Starting src/test/resources/blackbox/rssexpandedstacked-2/23.png
INFO: Rotation 0 degrees:
INFO:  2 of 7 images passed (2 required)
INFO:  0 failed due to misreads, 5 not detected
INFO:  7 of 7 images passed with try harder (7 required)
INFO:  0 failed due to misreads, 0 not detected
INFO: Rotation 180 degrees:
INFO:  2 of 7 images passed (2 required)
INFO:  0 failed due to misreads, 5 not detected
INFO:  7 of 7 images passed with try harder (7 required)
INFO:  0 failed due to misreads, 0 not detected
INFO: Decoded 18 images out of 28 (64%, 18 required)
Tests run: 1, Failures: 0, Errors: 0, Skipped: 0, Time elapsed: 0.301 sec - in com.google.zxing.oned.rss.expanded.RSSExpandedStackedBlackBox2TestCase
Running com.google.zxing.oned.rss.expanded.RSSExpandedImage2resultTestCase
Tests run: 1, Failures: 0, Errors: 0, Skipped: 0, Time elapsed: 0.016 sec - in com.google.zxing.oned.rss.expanded.RSSExpandedImage2resultTestCase
Running com.google.zxing.oned.rss.expanded.RSSExpandedImage2binaryTestCase
Tests run: 18, Failures: 0, Errors: 0, Skipped: 0, Time elapsed: 0.066 sec - in com.google.zxing.oned.rss.expanded.RSSExpandedImage2binaryTestCase
Running com.google.zxing.oned.rss.expanded.RSSExpandedInternalTestCase
Tests run: 4, Failures: 0, Errors: 0, Skipped: 0, Time elapsed: 0.055 sec - in com.google.zxing.oned.rss.expanded.RSSExpandedInternalTestCase
Running com.google.zxing.oned.rss.RSS14BlackBox2TestCase
INFO: Starting src/test/resources/blackbox/rss14-2/1.png
INFO: Starting src/test/resources/blackbox/rss14-2/10.png
INFO: Starting src/test/resources/blackbox/rss14-2/11.png
INFO: Format mismatch: expected 'RSS_14' but got 'UPC_E' (rotation: 0)
INFO: Format mismatch: expected 'RSS_14' but got 'UPC_E' (try harder, rotation: 0)
INFO: Format mismatch: expected 'RSS_14' but got 'UPC_E' (try harder, rotation: 180)
INFO: Starting src/test/resources/blackbox/rss14-2/12.png
INFO: Starting src/test/resources/blackbox/rss14-2/13.png
INFO: Starting src/test/resources/blackbox/rss14-2/14.png
INFO: Starting src/test/resources/blackbox/rss14-2/15.png
INFO: Starting src/test/resources/blackbox/rss14-2/16.png
INFO: Starting src/test/resources/blackbox/rss14-2/17.png
INFO: Starting src/test/resources/blackbox/rss14-2/18.png
INFO: Starting src/test/resources/blackbox/rss14-2/19.png
INFO: Starting src/test/resources/blackbox/rss14-2/2.png
INFO: Starting src/test/resources/blackbox/rss14-2/20.png
INFO: Starting src/test/resources/blackbox/rss14-2/21.png
INFO: Starting src/test/resources/blackbox/rss14-2/22.png
INFO: Starting src/test/resources/blackbox/rss14-2/23.png
INFO: Starting src/test/resources/blackbox/rss14-2/24.png
INFO: Starting src/test/resources/blackbox/rss14-2/3.png
INFO: Starting src/test/resources/blackbox/rss14-2/4.png
INFO: Starting src/test/resources/blackbox/rss14-2/5.png
INFO: Starting src/test/resources/blackbox/rss14-2/6.png
INFO: Starting src/test/resources/blackbox/rss14-2/7.png
INFO: Starting src/test/resources/blackbox/rss14-2/8.png
INFO: Starting src/test/resources/blackbox/rss14-2/9.png
INFO: Rotation 0 degrees:
INFO:  4 of 24 images passed (4 required)
INFO:  1 failed due to misreads, 19 not detected
INFO:  8 of 24 images passed with try harder (8 required)
INFO:  1 failed due to misreads, 15 not detected
INFO: Rotation 180 degrees:
INFO:  2 of 24 images passed (2 required)
INFO:  0 failed due to misreads, 22 not detected
INFO:  8 of 24 images passed with try harder (8 required)
INFO:  1 failed due to misreads, 15 not detected
INFO: Decoded 22 images out of 96 (22%, 22 required)
Tests run: 1, Failures: 0, Errors: 0, Skipped: 0, Time elapsed: 0.998 sec - in com.google.zxing.oned.rss.RSS14BlackBox2TestCase
Running com.google.zxing.oned.rss.RSS14BlackBox1TestCase
INFO: Starting src/test/resources/blackbox/rss14-1/1.png
INFO: Starting src/test/resources/blackbox/rss14-1/2.png
INFO: Starting src/test/resources/blackbox/rss14-1/3.png
INFO: Starting src/test/resources/blackbox/rss14-1/4.png
INFO: Starting src/test/resources/blackbox/rss14-1/5.png
INFO: Starting src/test/resources/blackbox/rss14-1/6.png
INFO: Rotation 0 degrees:
INFO:  6 of 6 images passed (6 required)
INFO:  0 failed due to misreads, 0 not detected
INFO:  6 of 6 images passed with try harder (6 required)
INFO:  0 failed due to misreads, 0 not detected
INFO: Rotation 180 degrees:
INFO:  6 of 6 images passed (6 required)
INFO:  0 failed due to misreads, 0 not detected
INFO:  6 of 6 images passed with try harder (6 required)
INFO:  0 failed due to misreads, 0 not detected
INFO: Decoded 24 images out of 24 (100%, 24 required)
Tests run: 1, Failures: 0, Errors: 0, Skipped: 0, Time elapsed: 0.098 sec - in com.google.zxing.oned.rss.RSS14BlackBox1TestCase
Running com.google.zxing.oned.UPCAWriterTestCase
Tests run: 2, Failures: 0, Errors: 0, Skipped: 0, Time elapsed: 0.01 sec - in com.google.zxing.oned.UPCAWriterTestCase
Running com.google.zxing.oned.Code128BlackBox1TestCase
INFO: Starting src/test/resources/blackbox/code128-1/1.png
INFO: Starting src/test/resources/blackbox/code128-1/2.png
INFO: Starting src/test/resources/blackbox/code128-1/3.png
INFO: Starting src/test/resources/blackbox/code128-1/4.png
INFO: Starting src/test/resources/blackbox/code128-1/5.png
INFO: Starting src/test/resources/blackbox/code128-1/6.png
INFO: Rotation 0 degrees:
INFO:  6 of 6 images passed (6 required)
INFO:  0 failed due to misreads, 0 not detected
INFO:  6 of 6 images passed with try harder (6 required)
INFO:  0 failed due to misreads, 0 not detected
INFO: Rotation 180 degrees:
INFO:  6 of 6 images passed (6 required)
INFO:  0 failed due to misreads, 0 not detected
INFO:  6 of 6 images passed with try harder (6 required)
INFO:  0 failed due to misreads, 0 not detected
INFO: Decoded 24 images out of 24 (100%, 24 required)
Tests run: 1, Failures: 0, Errors: 0, Skipped: 0, Time elapsed: 0.278 sec - in com.google.zxing.oned.Code128BlackBox1TestCase
Running com.google.zxing.oned.Code128BlackBox2TestCase
INFO: Starting src/test/resources/blackbox/code128-2/01.png
INFO: Starting src/test/resources/blackbox/code128-2/02.png
INFO: Starting src/test/resources/blackbox/code128-2/03.png
INFO: Starting src/test/resources/blackbox/code128-2/04.png
INFO: Starting src/test/resources/blackbox/code128-2/05.png
INFO: Starting src/test/resources/blackbox/code128-2/06.png
INFO: Starting src/test/resources/blackbox/code128-2/07.png
INFO: Starting src/test/resources/blackbox/code128-2/08.png
INFO: Starting src/test/resources/blackbox/code128-2/09.png
INFO: Starting src/test/resources/blackbox/code128-2/10.png
INFO: Starting src/test/resources/blackbox/code128-2/11.png
INFO: Starting src/test/resources/blackbox/code128-2/12.png
INFO: Starting src/test/resources/blackbox/code128-2/13.png
INFO: Starting src/test/resources/blackbox/code128-2/14.png
INFO: Starting src/test/resources/blackbox/code128-2/15.png
INFO: Starting src/test/resources/blackbox/code128-2/16.png
INFO: Starting src/test/resources/blackbox/code128-2/17.png
INFO: Starting src/test/resources/blackbox/code128-2/18.png
INFO: Starting src/test/resources/blackbox/code128-2/19.png
INFO: Starting src/test/resources/blackbox/code128-2/20.png
INFO: Starting src/test/resources/blackbox/code128-2/21.png
INFO: Starting src/test/resources/blackbox/code128-2/22.png
INFO: Starting src/test/resources/blackbox/code128-2/23.png
INFO: Starting src/test/resources/blackbox/code128-2/24.png
INFO: Starting src/test/resources/blackbox/code128-2/25.png
INFO: Starting src/test/resources/blackbox/code128-2/26.png
INFO: Starting src/test/resources/blackbox/code128-2/27.png
INFO: Starting src/test/resources/blackbox/code128-2/28.png
INFO: Starting src/test/resources/blackbox/code128-2/29.png
INFO: Starting src/test/resources/blackbox/code128-2/30.png
INFO: Starting src/test/resources/blackbox/code128-2/31.png
INFO: Starting src/test/resources/blackbox/code128-2/32.png
INFO: Starting src/test/resources/blackbox/code128-2/33.png
INFO: Starting src/test/resources/blackbox/code128-2/34.png
INFO: Starting src/test/resources/blackbox/code128-2/35.png
INFO: Starting src/test/resources/blackbox/code128-2/36.png
INFO: Starting src/test/resources/blackbox/code128-2/37.png
INFO: Starting src/test/resources/blackbox/code128-2/38.png
INFO: Starting src/test/resources/blackbox/code128-2/39.png
INFO: Starting src/test/resources/blackbox/code128-2/40.png
INFO: Rotation 0 degrees:
INFO:  36 of 40 images passed (36 required)
INFO:  0 failed due to misreads, 4 not detected
INFO:  39 of 40 images passed with try harder (39 required)
INFO:  0 failed due to misreads, 1 not detected
INFO: Rotation 180 degrees:
INFO:  36 of 40 images passed (36 required)
INFO:  0 failed due to misreads, 4 not detected
INFO:  39 of 40 images passed with try harder (39 required)
INFO:  0 failed due to misreads, 1 not detected
INFO: Decoded 150 images out of 160 (93%, 150 required)
Tests run: 1, Failures: 0, Errors: 0, Skipped: 0, Time elapsed: 2.906 sec - in com.google.zxing.oned.Code128BlackBox2TestCase
Running com.google.zxing.oned.UPCEBlackBox2TestCase
INFO: Starting src/test/resources/blackbox/upce-2/01.png
INFO: Starting src/test/resources/blackbox/upce-2/02.png
INFO: Starting src/test/resources/blackbox/upce-2/03.png
INFO: Starting src/test/resources/blackbox/upce-2/04.png
INFO: Starting src/test/resources/blackbox/upce-2/05.png
INFO: Starting src/test/resources/blackbox/upce-2/06.png
INFO: Starting src/test/resources/blackbox/upce-2/07.png
INFO: Starting src/test/resources/blackbox/upce-2/08.png
INFO: Starting src/test/resources/blackbox/upce-2/09.png
INFO: Starting src/test/resources/blackbox/upce-2/10.png
INFO: Starting src/test/resources/blackbox/upce-2/11.png
INFO: Starting src/test/resources/blackbox/upce-2/12.png
INFO: Starting src/test/resources/blackbox/upce-2/13.png
INFO: Starting src/test/resources/blackbox/upce-2/14.png
INFO: Content mismatch: expected '04963406' but got '04904144' (try harder, rotation: 0)
INFO: Content mismatch: expected '04963406' but got '04904144' (rotation: 180)
INFO: Content mismatch: expected '04963406' but got '04904144' (try harder, rotation: 180)
INFO: Starting src/test/resources/blackbox/upce-2/15.png
INFO: Starting src/test/resources/blackbox/upce-2/16.png
INFO: Starting src/test/resources/blackbox/upce-2/17.png
INFO: Starting src/test/resources/blackbox/upce-2/18.png
INFO: Starting src/test/resources/blackbox/upce-2/19.png
INFO: Starting src/test/resources/blackbox/upce-2/20.png
INFO: Starting src/test/resources/blackbox/upce-2/21.png
INFO: Starting src/test/resources/blackbox/upce-2/22.png
INFO: Starting src/test/resources/blackbox/upce-2/23.png
INFO: Starting src/test/resources/blackbox/upce-2/24.png
INFO: Starting src/test/resources/blackbox/upce-2/25.png
INFO: Starting src/test/resources/blackbox/upce-2/26.png
INFO: Starting src/test/resources/blackbox/upce-2/27.png
INFO: Starting src/test/resources/blackbox/upce-2/28.png
INFO: Starting src/test/resources/blackbox/upce-2/29.png
INFO: Starting src/test/resources/blackbox/upce-2/30.png
INFO: Starting src/test/resources/blackbox/upce-2/31.png
INFO: Starting src/test/resources/blackbox/upce-2/32.png
INFO: Starting src/test/resources/blackbox/upce-2/33.png
INFO: Starting src/test/resources/blackbox/upce-2/34.png
INFO: Starting src/test/resources/blackbox/upce-2/35.png
INFO: Starting src/test/resources/blackbox/upce-2/36.png
INFO: Starting src/test/resources/blackbox/upce-2/37.png
INFO: Starting src/test/resources/blackbox/upce-2/38.png
INFO: Starting src/test/resources/blackbox/upce-2/39.png
INFO: Starting src/test/resources/blackbox/upce-2/40.png
INFO: Starting src/test/resources/blackbox/upce-2/41.png
INFO: Rotation 0 degrees:
INFO:  31 of 41 images passed (31 required)
INFO:  0 failed due to misreads, 10 not detected
INFO:  35 of 41 images passed with try harder (35 required)
INFO:  1 failed due to misreads, 5 not detected
INFO: Rotation 180 degrees:
INFO:  31 of 41 images passed (31 required)
INFO:  1 failed due to misreads, 9 not detected
INFO:  35 of 41 images passed with try harder (35 required)
INFO:  1 failed due to misreads, 5 not detected
INFO: Decoded 132 images out of 164 (80%, 132 required)
Tests run: 1, Failures: 0, Errors: 0, Skipped: 0, Time elapsed: 0.752 sec - in com.google.zxing.oned.UPCEBlackBox2TestCase
Running com.google.zxing.oned.UPCEBlackBox1TestCase
INFO: Starting src/test/resources/blackbox/upce-1/1.png
INFO: Starting src/test/resources/blackbox/upce-1/2.png
INFO: Starting src/test/resources/blackbox/upce-1/4.png
INFO: Rotation 0 degrees:
INFO:  3 of 3 images passed (3 required)
INFO:  0 failed due to misreads, 0 not detected
INFO:  3 of 3 images passed with try harder (3 required)
INFO:  0 failed due to misreads, 0 not detected
INFO: Rotation 180 degrees:
INFO:  3 of 3 images passed (3 required)
INFO:  0 failed due to misreads, 0 not detected
INFO:  3 of 3 images passed with try harder (3 required)
INFO:  0 failed due to misreads, 0 not detected
INFO: Decoded 12 images out of 12 (100%, 12 required)
Tests run: 1, Failures: 0, Errors: 0, Skipped: 0, Time elapsed: 0.012 sec - in com.google.zxing.oned.UPCEBlackBox1TestCase
Running com.google.zxing.oned.UPCABlackBox5TestCase
INFO: Starting src/test/resources/blackbox/upca-5/01.png
INFO: Starting src/test/resources/blackbox/upca-5/02.png
INFO: Starting src/test/resources/blackbox/upca-5/03.png
INFO: Starting src/test/resources/blackbox/upca-5/04.png
INFO: Starting src/test/resources/blackbox/upca-5/05.png
INFO: Starting src/test/resources/blackbox/upca-5/06.png
INFO: Starting src/test/resources/blackbox/upca-5/07.png
INFO: Starting src/test/resources/blackbox/upca-5/08.png
INFO: Starting src/test/resources/blackbox/upca-5/09.png
INFO: Starting src/test/resources/blackbox/upca-5/10.png
INFO: Starting src/test/resources/blackbox/upca-5/11.png
INFO: Starting src/test/resources/blackbox/upca-5/12.png
INFO: Starting src/test/resources/blackbox/upca-5/13.png
INFO: Starting src/test/resources/blackbox/upca-5/14.png
INFO: Starting src/test/resources/blackbox/upca-5/15.png
INFO: Starting src/test/resources/blackbox/upca-5/16.png
INFO: Starting src/test/resources/blackbox/upca-5/17.png
INFO: Starting src/test/resources/blackbox/upca-5/18.png
INFO: Starting src/test/resources/blackbox/upca-5/19.png
INFO: Starting src/test/resources/blackbox/upca-5/20.png
INFO: Starting src/test/resources/blackbox/upca-5/21.png
INFO: Starting src/test/resources/blackbox/upca-5/22.png
INFO: Starting src/test/resources/blackbox/upca-5/23.png
INFO: Starting src/test/resources/blackbox/upca-5/24.png
INFO: Starting src/test/resources/blackbox/upca-5/25.png
INFO: Starting src/test/resources/blackbox/upca-5/26.png
INFO: Starting src/test/resources/blackbox/upca-5/27.png
INFO: Starting src/test/resources/blackbox/upca-5/28.png
INFO: Starting src/test/resources/blackbox/upca-5/29.png
INFO: Starting src/test/resources/blackbox/upca-5/30.png
INFO: Starting src/test/resources/blackbox/upca-5/31.png
INFO: Starting src/test/resources/blackbox/upca-5/32.png
INFO: Starting src/test/resources/blackbox/upca-5/33.png
INFO: Starting src/test/resources/blackbox/upca-5/34.png
INFO: Starting src/test/resources/blackbox/upca-5/35.png
INFO: Rotation 0 degrees:
INFO:  20 of 35 images passed (20 required)
INFO:  0 failed due to misreads, 15 not detected
INFO:  23 of 35 images passed with try harder (23 required)
INFO:  0 failed due to misreads, 12 not detected
INFO: Rotation 180 degrees:
INFO:  22 of 35 images passed (22 required)
INFO:  0 failed due to misreads, 13 not detected
INFO:  23 of 35 images passed with try harder (23 required)
INFO:  0 failed due to misreads, 12 not detected
INFO: Decoded 88 images out of 140 (62%, 88 required)
Tests run: 1, Failures: 0, Errors: 0, Skipped: 0, Time elapsed: 2.582 sec - in com.google.zxing.oned.UPCABlackBox5TestCase
Running com.google.zxing.oned.CodaBarWriterTestCase
Tests run: 3, Failures: 0, Errors: 0, Skipped: 0, Time elapsed: 0.002 sec - in com.google.zxing.oned.CodaBarWriterTestCase
Running com.google.zxing.oned.ITFBlackBox2TestCase
INFO: Starting src/test/resources/blackbox/itf-2/01.png
INFO: Starting src/test/resources/blackbox/itf-2/02.png
INFO: Starting src/test/resources/blackbox/itf-2/03.png
INFO: Starting src/test/resources/blackbox/itf-2/04.png
INFO: Starting src/test/resources/blackbox/itf-2/05.png
INFO: Starting src/test/resources/blackbox/itf-2/06.png
INFO: Starting src/test/resources/blackbox/itf-2/07.png
INFO: Starting src/test/resources/blackbox/itf-2/08.png
INFO: Starting src/test/resources/blackbox/itf-2/09.png
INFO: Starting src/test/resources/blackbox/itf-2/10.png
INFO: Starting src/test/resources/blackbox/itf-2/11.png
INFO: Starting src/test/resources/blackbox/itf-2/12.png
INFO: Starting src/test/resources/blackbox/itf-2/13.png
INFO: Rotation 0 degrees:
INFO:  13 of 13 images passed (13 required)
INFO:  0 failed due to misreads, 0 not detected
INFO:  13 of 13 images passed with try harder (13 required)
INFO:  0 failed due to misreads, 0 not detected
INFO: Rotation 180 degrees:
INFO:  13 of 13 images passed (13 required)
INFO:  0 failed due to misreads, 0 not detected
INFO:  13 of 13 images passed with try harder (13 required)
INFO:  0 failed due to misreads, 0 not detected
INFO: Decoded 52 images out of 52 (100%, 52 required)
Tests run: 1, Failures: 0, Errors: 0, Skipped: 0, Time elapsed: 0.161 sec - in com.google.zxing.oned.ITFBlackBox2TestCase
Running com.google.zxing.oned.EAN8WriterTestCase
Tests run: 1, Failures: 0, Errors: 0, Skipped: 0, Time elapsed: 0.001 sec - in com.google.zxing.oned.EAN8WriterTestCase
Running com.google.zxing.oned.EAN13BlackBox3TestCase
INFO: Starting src/test/resources/blackbox/ean13-3/01.png
INFO: Starting src/test/resources/blackbox/ean13-3/02.png
INFO: Starting src/test/resources/blackbox/ean13-3/03.png
INFO: Starting src/test/resources/blackbox/ean13-3/04.png
INFO: Starting src/test/resources/blackbox/ean13-3/05.png
INFO: Starting src/test/resources/blackbox/ean13-3/06.png
INFO: Starting src/test/resources/blackbox/ean13-3/07.png
INFO: Starting src/test/resources/blackbox/ean13-3/08.png
INFO: Starting src/test/resources/blackbox/ean13-3/09.png
INFO: Starting src/test/resources/blackbox/ean13-3/10.png
INFO: Starting src/test/resources/blackbox/ean13-3/11.png
INFO: Starting src/test/resources/blackbox/ean13-3/12.png
INFO: Starting src/test/resources/blackbox/ean13-3/13.png
INFO: Starting src/test/resources/blackbox/ean13-3/14.png
INFO: Starting src/test/resources/blackbox/ean13-3/15.png
INFO: Starting src/test/resources/blackbox/ean13-3/16.png
INFO: Starting src/test/resources/blackbox/ean13-3/17.png
INFO: Starting src/test/resources/blackbox/ean13-3/18.png
INFO: Starting src/test/resources/blackbox/ean13-3/19.png
INFO: Starting src/test/resources/blackbox/ean13-3/20.png
INFO: Starting src/test/resources/blackbox/ean13-3/21.png
INFO: Starting src/test/resources/blackbox/ean13-3/22.png
INFO: Starting src/test/resources/blackbox/ean13-3/23.png
INFO: Starting src/test/resources/blackbox/ean13-3/24.png
INFO: Starting src/test/resources/blackbox/ean13-3/25.png
INFO: Starting src/test/resources/blackbox/ean13-3/26.png
INFO: Starting src/test/resources/blackbox/ean13-3/27.png
INFO: Starting src/test/resources/blackbox/ean13-3/28.png
INFO: Starting src/test/resources/blackbox/ean13-3/29.png
INFO: Starting src/test/resources/blackbox/ean13-3/30.png
INFO: Starting src/test/resources/blackbox/ean13-3/31.png
INFO: Starting src/test/resources/blackbox/ean13-3/32.png
INFO: Starting src/test/resources/blackbox/ean13-3/33.png
INFO: Starting src/test/resources/blackbox/ean13-3/34.png
INFO: Starting src/test/resources/blackbox/ean13-3/35.png
INFO: Starting src/test/resources/blackbox/ean13-3/36.png
INFO: Starting src/test/resources/blackbox/ean13-3/37.png
INFO: Starting src/test/resources/blackbox/ean13-3/38.png
INFO: Starting src/test/resources/blackbox/ean13-3/39.png
INFO: Starting src/test/resources/blackbox/ean13-3/40.png
INFO: Starting src/test/resources/blackbox/ean13-3/41.png
INFO: Starting src/test/resources/blackbox/ean13-3/42.png
INFO: Starting src/test/resources/blackbox/ean13-3/43.png
INFO: Starting src/test/resources/blackbox/ean13-3/44.png
INFO: Starting src/test/resources/blackbox/ean13-3/45.png
INFO: Starting src/test/resources/blackbox/ean13-3/46.png
INFO: Starting src/test/resources/blackbox/ean13-3/47.png
INFO: Starting src/test/resources/blackbox/ean13-3/48.png
INFO: Starting src/test/resources/blackbox/ean13-3/49.png
INFO: Starting src/test/resources/blackbox/ean13-3/50.png
INFO: Starting src/test/resources/blackbox/ean13-3/51.png
INFO: Starting src/test/resources/blackbox/ean13-3/52.png
INFO: Starting src/test/resources/blackbox/ean13-3/53.png
INFO: Starting src/test/resources/blackbox/ean13-3/54.png
INFO: Starting src/test/resources/blackbox/ean13-3/55.png
INFO: Rotation 0 degrees:
INFO:  53 of 55 images passed (53 required)
INFO:  0 failed due to misreads, 2 not detected
INFO:  55 of 55 images passed with try harder (55 required)
INFO:  0 failed due to misreads, 0 not detected
INFO: Rotation 180 degrees:
INFO:  55 of 55 images passed (55 required)
INFO:  0 failed due to misreads, 0 not detected
INFO:  55 of 55 images passed with try harder (55 required)
INFO:  0 failed due to misreads, 0 not detected
INFO: Decoded 218 images out of 220 (99%, 218 required)
Tests run: 1, Failures: 0, Errors: 0, Skipped: 0, Time elapsed: 0.725 sec - in com.google.zxing.oned.EAN13BlackBox3TestCase
Running com.google.zxing.oned.UPCEBlackBox3ReflectiveTestCase
INFO: Starting src/test/resources/blackbox/upce-3/01.png
INFO: Starting src/test/resources/blackbox/upce-3/02.png
INFO: Starting src/test/resources/blackbox/upce-3/03.png
INFO: Starting src/test/resources/blackbox/upce-3/04.png
INFO: Starting src/test/resources/blackbox/upce-3/05.png
INFO: Starting src/test/resources/blackbox/upce-3/06.png
INFO: Starting src/test/resources/blackbox/upce-3/07.png
INFO: Starting src/test/resources/blackbox/upce-3/08.png
INFO: Starting src/test/resources/blackbox/upce-3/09.png
INFO: Starting src/test/resources/blackbox/upce-3/10.png
INFO: Starting src/test/resources/blackbox/upce-3/11.png
INFO: Rotation 0 degrees:
INFO:  6 of 11 images passed (6 required)
INFO:  0 failed due to misreads, 5 not detected
INFO:  8 of 11 images passed with try harder (8 required)
INFO:  0 failed due to misreads, 3 not detected
INFO: Rotation 180 degrees:
INFO:  6 of 11 images passed (6 required)
INFO:  0 failed due to misreads, 5 not detected
INFO:  8 of 11 images passed with try harder (8 required)
INFO:  0 failed due to misreads, 3 not detected
INFO: Decoded 28 images out of 44 (63%, 28 required)
Tests run: 1, Failures: 0, Errors: 0, Skipped: 0, Time elapsed: 0.259 sec - in com.google.zxing.oned.UPCEBlackBox3ReflectiveTestCase
Running com.google.zxing.oned.EAN13BlackBox4TestCase
INFO: Starting src/test/resources/blackbox/ean13-4/01.png
INFO: Format mismatch: expected 'EAN_13' but got 'UPC_E' (rotation: 0)
INFO: Format mismatch: expected 'EAN_13' but got 'UPC_E' (try harder, rotation: 0)
INFO: Format mismatch: expected 'EAN_13' but got 'UPC_E' (rotation: 180)
INFO: Format mismatch: expected 'EAN_13' but got 'UPC_E' (try harder, rotation: 180)
INFO: Starting src/test/resources/blackbox/ean13-4/02.png
INFO: Starting src/test/resources/blackbox/ean13-4/03.png
INFO: Starting src/test/resources/blackbox/ean13-4/04.png
INFO: Starting src/test/resources/blackbox/ean13-4/05.png
INFO: Starting src/test/resources/blackbox/ean13-4/06.png
INFO: Starting src/test/resources/blackbox/ean13-4/07.png
INFO: Starting src/test/resources/blackbox/ean13-4/08.png
INFO: Starting src/test/resources/blackbox/ean13-4/09.png
INFO: Starting src/test/resources/blackbox/ean13-4/10.png
INFO: Starting src/test/resources/blackbox/ean13-4/11.png
INFO: Starting src/test/resources/blackbox/ean13-4/12.png
INFO: Starting src/test/resources/blackbox/ean13-4/13.png
INFO: Starting src/test/resources/blackbox/ean13-4/14.png
INFO: Starting src/test/resources/blackbox/ean13-4/15.png
INFO: Starting src/test/resources/blackbox/ean13-4/16.png
INFO: Starting src/test/resources/blackbox/ean13-4/17.png
INFO: Starting src/test/resources/blackbox/ean13-4/18.png
INFO: Starting src/test/resources/blackbox/ean13-4/19.png
INFO: Starting src/test/resources/blackbox/ean13-4/20.png
INFO: Starting src/test/resources/blackbox/ean13-4/21.png
INFO: Starting src/test/resources/blackbox/ean13-4/22.png
INFO: Rotation 0 degrees:
INFO:  6 of 22 images passed (6 required)
INFO:  1 failed due to misreads, 15 not detected
INFO:  13 of 22 images passed with try harder (13 required)
INFO:  1 failed due to misreads, 8 not detected
INFO: Rotation 180 degrees:
INFO:  7 of 22 images passed (7 required)
INFO:  1 failed due to misreads, 14 not detected
INFO:  13 of 22 images passed with try harder (13 required)
INFO:  1 failed due to misreads, 8 not detected
INFO: Decoded 39 images out of 88 (44%, 39 required)
Tests run: 1, Failures: 0, Errors: 0, Skipped: 0, Time elapsed: 0.616 sec - in com.google.zxing.oned.EAN13BlackBox4TestCase
Running com.google.zxing.oned.UPCABlackBox6BlurryTestCase
INFO: Starting src/test/resources/blackbox/upca-6/01.png
INFO: Starting src/test/resources/blackbox/upca-6/02.png
INFO: Starting src/test/resources/blackbox/upca-6/03.png
INFO: Starting src/test/resources/blackbox/upca-6/04.png
INFO: Starting src/test/resources/blackbox/upca-6/05.png
INFO: Starting src/test/resources/blackbox/upca-6/06.png
INFO: Starting src/test/resources/blackbox/upca-6/07.png
INFO: Starting src/test/resources/blackbox/upca-6/08.png
INFO: Starting src/test/resources/blackbox/upca-6/09.png
INFO: Starting src/test/resources/blackbox/upca-6/10.png
INFO: Starting src/test/resources/blackbox/upca-6/11.png
INFO: Starting src/test/resources/blackbox/upca-6/12.png
INFO: Starting src/test/resources/blackbox/upca-6/13.png
INFO: Starting src/test/resources/blackbox/upca-6/14.png
INFO: Starting src/test/resources/blackbox/upca-6/15.png
INFO: Starting src/test/resources/blackbox/upca-6/16.png
INFO: Starting src/test/resources/blackbox/upca-6/17.png
INFO: Starting src/test/resources/blackbox/upca-6/18.png
INFO: Starting src/test/resources/blackbox/upca-6/19.png
INFO: Rotation 0 degrees:
INFO:  0 of 19 images passed (0 required)
INFO:  0 failed due to misreads, 19 not detected
INFO:  0 of 19 images passed with try harder (0 required)
INFO:  0 failed due to misreads, 19 not detected
INFO: Rotation 180 degrees:
INFO:  0 of 19 images passed (0 required)
INFO:  0 failed due to misreads, 19 not detected
INFO:  0 of 19 images passed with try harder (0 required)
INFO:  0 failed due to misreads, 19 not detected
INFO: Decoded 0 images out of 76 (0%, 0 required)
Tests run: 1, Failures: 0, Errors: 0, Skipped: 0, Time elapsed: 0.677 sec - in com.google.zxing.oned.UPCABlackBox6BlurryTestCase
Running com.google.zxing.oned.UPCABlackBox1TestCase
INFO: Starting src/test/resources/blackbox/upca-1/1.png
INFO: Starting src/test/resources/blackbox/upca-1/10.png
INFO: Starting src/test/resources/blackbox/upca-1/11.png
INFO: Starting src/test/resources/blackbox/upca-1/12.png
INFO: Starting src/test/resources/blackbox/upca-1/13.png
INFO: Starting src/test/resources/blackbox/upca-1/16.png
INFO: Starting src/test/resources/blackbox/upca-1/17.png
INFO: Starting src/test/resources/blackbox/upca-1/18.png
INFO: Starting src/test/resources/blackbox/upca-1/19.png
INFO: Starting src/test/resources/blackbox/upca-1/2.png
INFO: Starting src/test/resources/blackbox/upca-1/20.png
INFO: Starting src/test/resources/blackbox/upca-1/21.png
INFO: Starting src/test/resources/blackbox/upca-1/27.png
INFO: Starting src/test/resources/blackbox/upca-1/28.png
INFO: Starting src/test/resources/blackbox/upca-1/29.png
INFO: Starting src/test/resources/blackbox/upca-1/3.png
INFO: Starting src/test/resources/blackbox/upca-1/35.png
INFO: Starting src/test/resources/blackbox/upca-1/4.png
INFO: Content mismatch: expected '070097025088' but got '070097026788' (try harder, rotation: 0)
INFO: Content mismatch: expected '070097025088' but got '070097026788' (try harder, rotation: 180)
INFO: Starting src/test/resources/blackbox/upca-1/5.png
INFO: Starting src/test/resources/blackbox/upca-1/8.png
INFO: Starting src/test/resources/blackbox/upca-1/9.png
INFO: Rotation 0 degrees:
INFO:  14 of 21 images passed (14 required)
INFO:  0 failed due to misreads, 7 not detected
INFO:  18 of 21 images passed with try harder (18 required)
INFO:  1 failed due to misreads, 2 not detected
INFO: Rotation 180 degrees:
INFO:  16 of 21 images passed (16 required)
INFO:  0 failed due to misreads, 5 not detected
INFO:  18 of 21 images passed with try harder (18 required)
INFO:  1 failed due to misreads, 2 not detected
INFO: Decoded 66 images out of 84 (78%, 66 required)
Tests run: 1, Failures: 0, Errors: 0, Skipped: 0, Time elapsed: 1.155 sec - in com.google.zxing.oned.UPCABlackBox1TestCase
Running com.google.zxing.oned.Code128BlackBox3TestCase
INFO: Starting src/test/resources/blackbox/code128-3/1.png
INFO: Starting src/test/resources/blackbox/code128-3/2.png
INFO: Rotation 0 degrees:
INFO:  2 of 2 images passed (2 required)
INFO:  0 failed due to misreads, 0 not detected
INFO:  2 of 2 images passed with try harder (2 required)
INFO:  0 failed due to misreads, 0 not detected
INFO: Rotation 180 degrees:
INFO:  2 of 2 images passed (2 required)
INFO:  0 failed due to misreads, 0 not detected
INFO:  2 of 2 images passed with try harder (2 required)
INFO:  0 failed due to misreads, 0 not detected
INFO: Decoded 8 images out of 8 (100%, 8 required)
Tests run: 1, Failures: 0, Errors: 0, Skipped: 0, Time elapsed: 0.005 sec - in com.google.zxing.oned.Code128BlackBox3TestCase
Running com.google.zxing.oned.UPCABlackBox2TestCase
INFO: Starting src/test/resources/blackbox/upca-2/01.png
INFO: Format mismatch: expected 'UPC_A' but got 'EAN_8' (try harder, rotation: 0)
INFO: Format mismatch: expected 'UPC_A' but got 'EAN_8' (try harder, rotation: 180)
INFO: Starting src/test/resources/blackbox/upca-2/02.png
INFO: Starting src/test/resources/blackbox/upca-2/03.png
INFO: Starting src/test/resources/blackbox/upca-2/04.png
INFO: Starting src/test/resources/blackbox/upca-2/05.png
INFO: Starting src/test/resources/blackbox/upca-2/06.png
INFO: Format mismatch: expected 'UPC_A' but got 'EAN_8' (try harder, rotation: 0)
INFO: Format mismatch: expected 'UPC_A' but got 'EAN_8' (try harder, rotation: 180)
INFO: Starting src/test/resources/blackbox/upca-2/07.png
INFO: Starting src/test/resources/blackbox/upca-2/08.png
INFO: Starting src/test/resources/blackbox/upca-2/09.png
INFO: Starting src/test/resources/blackbox/upca-2/10.png
INFO: Starting src/test/resources/blackbox/upca-2/11.png
INFO: Starting src/test/resources/blackbox/upca-2/12.png
INFO: Starting src/test/resources/blackbox/upca-2/13.png
INFO: Starting src/test/resources/blackbox/upca-2/14.png
INFO: Starting src/test/resources/blackbox/upca-2/15.png
INFO: Starting src/test/resources/blackbox/upca-2/16.png
INFO: Starting src/test/resources/blackbox/upca-2/17.png
INFO: Starting src/test/resources/blackbox/upca-2/18.png
INFO: Starting src/test/resources/blackbox/upca-2/19.png
INFO: Starting src/test/resources/blackbox/upca-2/20.png
INFO: Starting src/test/resources/blackbox/upca-2/21.png
INFO: Starting src/test/resources/blackbox/upca-2/22.png
INFO: Starting src/test/resources/blackbox/upca-2/23.png
INFO: Starting src/test/resources/blackbox/upca-2/24.png
INFO: Starting src/test/resources/blackbox/upca-2/25.png
INFO: Starting src/test/resources/blackbox/upca-2/26.png
INFO: Starting src/test/resources/blackbox/upca-2/27.png
INFO: Starting src/test/resources/blackbox/upca-2/28.png
INFO: Starting src/test/resources/blackbox/upca-2/29.png
INFO: Starting src/test/resources/blackbox/upca-2/30.png
INFO: Starting src/test/resources/blackbox/upca-2/31.png
INFO: Starting src/test/resources/blackbox/upca-2/32.png
INFO: Starting src/test/resources/blackbox/upca-2/33.png
INFO: Starting src/test/resources/blackbox/upca-2/34.png
INFO: Starting src/test/resources/blackbox/upca-2/35.png
INFO: Starting src/test/resources/blackbox/upca-2/36.png
INFO: Starting src/test/resources/blackbox/upca-2/37.png
INFO: Starting src/test/resources/blackbox/upca-2/38.png
INFO: Starting src/test/resources/blackbox/upca-2/39.png
INFO: Starting src/test/resources/blackbox/upca-2/40.png
INFO: Starting src/test/resources/blackbox/upca-2/41.png
INFO: Starting src/test/resources/blackbox/upca-2/42.png
INFO: Starting src/test/resources/blackbox/upca-2/43.png
INFO: Starting src/test/resources/blackbox/upca-2/44.png
INFO: Starting src/test/resources/blackbox/upca-2/45.png
INFO: Starting src/test/resources/blackbox/upca-2/46.png
INFO: Starting src/test/resources/blackbox/upca-2/47.png
INFO: Starting src/test/resources/blackbox/upca-2/48.png
INFO: Starting src/test/resources/blackbox/upca-2/49.png
INFO: Starting src/test/resources/blackbox/upca-2/50.png
INFO: Starting src/test/resources/blackbox/upca-2/51.png
INFO: Starting src/test/resources/blackbox/upca-2/52.png
INFO: Rotation 0 degrees:
INFO:  28 of 52 images passed (28 required)
INFO:  0 failed due to misreads, 24 not detected
INFO:  36 of 52 images passed with try harder (36 required)
INFO:  2 failed due to misreads, 14 not detected
INFO: Rotation 180 degrees:
INFO:  29 of 52 images passed (29 required)
INFO:  0 failed due to misreads, 23 not detected
INFO:  36 of 52 images passed with try harder (36 required)
INFO:  2 failed due to misreads, 14 not detected
INFO: Decoded 129 images out of 208 (62%, 129 required)
Tests run: 1, Failures: 0, Errors: 0, Skipped: 0, Time elapsed: 1.326 sec - in com.google.zxing.oned.UPCABlackBox2TestCase
Running com.google.zxing.oned.ITFBlackBox1TestCase
INFO: Starting src/test/resources/blackbox/itf-1/1.png
INFO: Starting src/test/resources/blackbox/itf-1/10.png
INFO: Starting src/test/resources/blackbox/itf-1/13.png
INFO: Starting src/test/resources/blackbox/itf-1/14.png
INFO: Starting src/test/resources/blackbox/itf-1/15.png
INFO: Starting src/test/resources/blackbox/itf-1/16.png
INFO: Starting src/test/resources/blackbox/itf-1/17.png
INFO: Starting src/test/resources/blackbox/itf-1/2.png
INFO: Starting src/test/resources/blackbox/itf-1/3.png
INFO: Starting src/test/resources/blackbox/itf-1/5.png
INFO: Starting src/test/resources/blackbox/itf-1/6.png
INFO: Starting src/test/resources/blackbox/itf-1/7.png
INFO: Starting src/test/resources/blackbox/itf-1/8.png
INFO: Starting src/test/resources/blackbox/itf-1/9.png
INFO: Rotation 0 degrees:
INFO:  9 of 14 images passed (9 required)
INFO:  0 failed due to misreads, 5 not detected
INFO:  13 of 14 images passed with try harder (13 required)
INFO:  0 failed due to misreads, 1 not detected
INFO: Rotation 180 degrees:
INFO:  12 of 14 images passed (12 required)
INFO:  0 failed due to misreads, 2 not detected
INFO:  13 of 14 images passed with try harder (13 required)
INFO:  0 failed due to misreads, 1 not detected
INFO: Decoded 47 images out of 56 (83%, 47 required)
Tests run: 1, Failures: 0, Errors: 0, Skipped: 0, Time elapsed: 0.114 sec - in com.google.zxing.oned.ITFBlackBox1TestCase
Running com.google.zxing.oned.EAN13BlackBox2TestCase
INFO: Starting src/test/resources/blackbox/ean13-2/01.png
INFO: Starting src/test/resources/blackbox/ean13-2/02.png
INFO: Starting src/test/resources/blackbox/ean13-2/03.png
INFO: Starting src/test/resources/blackbox/ean13-2/04.png
INFO: Starting src/test/resources/blackbox/ean13-2/05.png
INFO: Starting src/test/resources/blackbox/ean13-2/06.png
INFO: Starting src/test/resources/blackbox/ean13-2/07.png
INFO: Starting src/test/resources/blackbox/ean13-2/08.png
INFO: Starting src/test/resources/blackbox/ean13-2/09.png
INFO: Starting src/test/resources/blackbox/ean13-2/10.png
INFO: Starting src/test/resources/blackbox/ean13-2/11.png
INFO: Starting src/test/resources/blackbox/ean13-2/12.png
INFO: Starting src/test/resources/blackbox/ean13-2/13.png
INFO: Starting src/test/resources/blackbox/ean13-2/14.png
INFO: Starting src/test/resources/blackbox/ean13-2/15.png
INFO: Starting src/test/resources/blackbox/ean13-2/16.png
INFO: Starting src/test/resources/blackbox/ean13-2/17.png
INFO: Starting src/test/resources/blackbox/ean13-2/18.png
INFO: Starting src/test/resources/blackbox/ean13-2/19.png
INFO: Starting src/test/resources/blackbox/ean13-2/20.png
INFO: Starting src/test/resources/blackbox/ean13-2/21.png
INFO: Starting src/test/resources/blackbox/ean13-2/22.png
INFO: Starting src/test/resources/blackbox/ean13-2/23.png
INFO: Starting src/test/resources/blackbox/ean13-2/24.png
INFO: Content mismatch: expected '9784872348880' but got '1920081045006' (try harder, rotation: 0)
INFO: Content mismatch: expected '9784872348880' but got '1920081045006' (try harder, rotation: 180)
INFO: Starting src/test/resources/blackbox/ean13-2/25.png
INFO: Starting src/test/resources/blackbox/ean13-2/26.png
INFO: Starting src/test/resources/blackbox/ean13-2/27.png
INFO: Starting src/test/resources/blackbox/ean13-2/28.png
INFO: Rotation 0 degrees:
INFO:  12 of 28 images passed (12 required)
INFO:  0 failed due to misreads, 16 not detected
INFO:  17 of 28 images passed with try harder (17 required)
INFO:  1 failed due to misreads, 10 not detected
INFO: Rotation 180 degrees:
INFO:  11 of 28 images passed (11 required)
INFO:  0 failed due to misreads, 17 not detected
INFO:  17 of 28 images passed with try harder (17 required)
INFO:  1 failed due to misreads, 10 not detected
INFO: Decoded 57 images out of 112 (50%, 57 required)
Tests run: 1, Failures: 0, Errors: 0, Skipped: 0, Time elapsed: 1.629 sec - in com.google.zxing.oned.EAN13BlackBox2TestCase
Running com.google.zxing.oned.Code93BlackBox1TestCase
INFO: Starting src/test/resources/blackbox/code93-1/1.png
INFO: Starting src/test/resources/blackbox/code93-1/2.png
INFO: Starting src/test/resources/blackbox/code93-1/3.png
INFO: Rotation 0 degrees:
INFO:  3 of 3 images passed (3 required)
INFO:  0 failed due to misreads, 0 not detected
INFO:  3 of 3 images passed with try harder (3 required)
INFO:  0 failed due to misreads, 0 not detected
INFO: Rotation 180 degrees:
INFO:  3 of 3 images passed (3 required)
INFO:  0 failed due to misreads, 0 not detected
INFO:  3 of 3 images passed with try harder (3 required)
INFO:  0 failed due to misreads, 0 not detected
INFO: Decoded 12 images out of 12 (100%, 12 required)
Tests run: 1, Failures: 0, Errors: 0, Skipped: 0, Time elapsed: 0.046 sec - in com.google.zxing.oned.Code93BlackBox1TestCase
Running com.google.zxing.oned.EAN8BlackBox1TestCase
INFO: Starting src/test/resources/blackbox/ean8-1/1.png
INFO: Starting src/test/resources/blackbox/ean8-1/2.png
INFO: Starting src/test/resources/blackbox/ean8-1/3.png
INFO: Starting src/test/resources/blackbox/ean8-1/4.png
INFO: Starting src/test/resources/blackbox/ean8-1/5.png
INFO: Starting src/test/resources/blackbox/ean8-1/6.png
INFO: Starting src/test/resources/blackbox/ean8-1/7.png
INFO: Starting src/test/resources/blackbox/ean8-1/8.png
INFO: Rotation 0 degrees:
INFO:  8 of 8 images passed (8 required)
INFO:  0 failed due to misreads, 0 not detected
INFO:  8 of 8 images passed with try harder (8 required)
INFO:  0 failed due to misreads, 0 not detected
INFO: Rotation 180 degrees:
INFO:  8 of 8 images passed (8 required)
INFO:  0 failed due to misreads, 0 not detected
INFO:  8 of 8 images passed with try harder (8 required)
INFO:  0 failed due to misreads, 0 not detected
INFO: Decoded 32 images out of 32 (100%, 32 required)
Tests run: 1, Failures: 0, Errors: 0, Skipped: 0, Time elapsed: 0.047 sec - in com.google.zxing.oned.EAN8BlackBox1TestCase
Running com.google.zxing.oned.Code128WriterTestCase
Tests run: 5, Failures: 0, Errors: 0, Skipped: 0, Time elapsed: 0.004 sec - in com.google.zxing.oned.Code128WriterTestCase
Running com.google.zxing.oned.EAN13WriterTestCase
Tests run: 1, Failures: 0, Errors: 0, Skipped: 0, Time elapsed: 0 sec - in com.google.zxing.oned.EAN13WriterTestCase
Running com.google.zxing.oned.Code39ExtendedBlackBox2TestCase
INFO: Starting src/test/resources/blackbox/code39-2/1.png
INFO: Starting src/test/resources/blackbox/code39-2/2.png
INFO: Rotation 0 degrees:
INFO:  2 of 2 images passed (2 required)
INFO:  0 failed due to misreads, 0 not detected
INFO:  2 of 2 images passed with try harder (2 required)
INFO:  0 failed due to misreads, 0 not detected
INFO: Rotation 180 degrees:
INFO:  2 of 2 images passed (2 required)
INFO:  0 failed due to misreads, 0 not detected
INFO:  2 of 2 images passed with try harder (2 required)
INFO:  0 failed due to misreads, 0 not detected
INFO: Decoded 8 images out of 8 (100%, 8 required)
Tests run: 1, Failures: 0, Errors: 0, Skipped: 0, Time elapsed: 0.017 sec - in com.google.zxing.oned.Code39ExtendedBlackBox2TestCase
Running com.google.zxing.oned.CodabarBlackBox1TestCase
INFO: Starting src/test/resources/blackbox/codabar-1/01.png
INFO: Starting src/test/resources/blackbox/codabar-1/02.png
INFO: Starting src/test/resources/blackbox/codabar-1/03.png
INFO: Starting src/test/resources/blackbox/codabar-1/04.png
INFO: Starting src/test/resources/blackbox/codabar-1/09.png
INFO: Starting src/test/resources/blackbox/codabar-1/10.png
INFO: Starting src/test/resources/blackbox/codabar-1/11.png
INFO: Starting src/test/resources/blackbox/codabar-1/12.png
INFO: Starting src/test/resources/blackbox/codabar-1/13.png
INFO: Starting src/test/resources/blackbox/codabar-1/14.png
INFO: Starting src/test/resources/blackbox/codabar-1/15.png
INFO: Rotation 0 degrees:
INFO:  11 of 11 images passed (11 required)
INFO:  0 failed due to misreads, 0 not detected
INFO:  11 of 11 images passed with try harder (11 required)
INFO:  0 failed due to misreads, 0 not detected
INFO: Rotation 180 degrees:
INFO:  11 of 11 images passed (11 required)
INFO:  0 failed due to misreads, 0 not detected
INFO:  11 of 11 images passed with try harder (11 required)
INFO:  0 failed due to misreads, 0 not detected
INFO: Decoded 44 images out of 44 (100%, 44 required)
Tests run: 1, Failures: 0, Errors: 0, Skipped: 0, Time elapsed: 0.16 sec - in com.google.zxing.oned.CodabarBlackBox1TestCase
Running com.google.zxing.oned.Code39BlackBox1TestCase
INFO: Starting src/test/resources/blackbox/code39-1/1.png
INFO: Starting src/test/resources/blackbox/code39-1/2.png
INFO: Starting src/test/resources/blackbox/code39-1/3.png
INFO: Starting src/test/resources/blackbox/code39-1/4.png
INFO: Rotation 0 degrees:
INFO:  4 of 4 images passed (4 required)
INFO:  0 failed due to misreads, 0 not detected
INFO:  4 of 4 images passed with try harder (4 required)
INFO:  0 failed due to misreads, 0 not detected
INFO: Rotation 180 degrees:
INFO:  4 of 4 images passed (4 required)
INFO:  0 failed due to misreads, 0 not detected
INFO:  4 of 4 images passed with try harder (4 required)
INFO:  0 failed due to misreads, 0 not detected
INFO: Decoded 16 images out of 16 (100%, 16 required)
Tests run: 1, Failures: 0, Errors: 0, Skipped: 0, Time elapsed: 0.129 sec - in com.google.zxing.oned.Code39BlackBox1TestCase
Running com.google.zxing.oned.UPCABlackBox3ReflectiveTestCase
INFO: Starting src/test/resources/blackbox/upca-3/01.png
INFO: Starting src/test/resources/blackbox/upca-3/02.png
INFO: Starting src/test/resources/blackbox/upca-3/03.png
INFO: Starting src/test/resources/blackbox/upca-3/04.png
INFO: Starting src/test/resources/blackbox/upca-3/05.png
INFO: Starting src/test/resources/blackbox/upca-3/06.png
INFO: Starting src/test/resources/blackbox/upca-3/07.png
INFO: Starting src/test/resources/blackbox/upca-3/08.png
INFO: Starting src/test/resources/blackbox/upca-3/09.png
INFO: Starting src/test/resources/blackbox/upca-3/10.png
INFO: Starting src/test/resources/blackbox/upca-3/11.png
INFO: Starting src/test/resources/blackbox/upca-3/12.png
INFO: Starting src/test/resources/blackbox/upca-3/13.png
INFO: Starting src/test/resources/blackbox/upca-3/14.png
INFO: Content mismatch: expected '854818000116' but got '854818097116' (try harder, rotation: 0)
INFO: Content mismatch: expected '854818000116' but got '854818097116' (try harder, rotation: 180)
INFO: Starting src/test/resources/blackbox/upca-3/15.png
INFO: Starting src/test/resources/blackbox/upca-3/16.png
INFO: Content mismatch: expected '854818000116' but got '854818003629' (try harder, rotation: 0)
INFO: Content mismatch: expected '854818000116' but got '854818003629' (try harder, rotation: 180)
INFO: Starting src/test/resources/blackbox/upca-3/17.png
INFO: Starting src/test/resources/blackbox/upca-3/18.png
INFO: Starting src/test/resources/blackbox/upca-3/19.png
INFO: Starting src/test/resources/blackbox/upca-3/20.png
INFO: Starting src/test/resources/blackbox/upca-3/21.png
INFO: Rotation 0 degrees:
INFO:  7 of 21 images passed (7 required)
INFO:  0 failed due to misreads, 14 not detected
INFO:  9 of 21 images passed with try harder (9 required)
INFO:  2 failed due to misreads, 10 not detected
INFO: Rotation 180 degrees:
INFO:  8 of 21 images passed (8 required)
INFO:  0 failed due to misreads, 13 not detected
INFO:  9 of 21 images passed with try harder (9 required)
INFO:  2 failed due to misreads, 10 not detected
INFO: Decoded 33 images out of 84 (39%, 33 required)
Tests run: 1, Failures: 0, Errors: 0, Skipped: 0, Time elapsed: 0.676 sec - in com.google.zxing.oned.UPCABlackBox3ReflectiveTestCase
Running com.google.zxing.oned.UPCEANExtensionBlackBox1TestCase
INFO: Starting src/test/resources/blackbox/upcean-extension-1/1.png
INFO: Starting src/test/resources/blackbox/upcean-extension-1/2.png
INFO: Rotation 0 degrees:
INFO:  2 of 2 images passed (2 required)
INFO:  0 failed due to misreads, 0 not detected
INFO:  2 of 2 images passed with try harder (2 required)
INFO:  0 failed due to misreads, 0 not detected
INFO: Decoded 4 images out of 4 (100%, 4 required)
Tests run: 1, Failures: 0, Errors: 0, Skipped: 0, Time elapsed: 0.144 sec - in com.google.zxing.oned.UPCEANExtensionBlackBox1TestCase
Running com.google.zxing.oned.EAN13BlackBox1TestCase
INFO: Starting src/test/resources/blackbox/ean13-1/1.png
INFO: Starting src/test/resources/blackbox/ean13-1/10.png
INFO: Starting src/test/resources/blackbox/ean13-1/12.png
INFO: Starting src/test/resources/blackbox/ean13-1/13.png
INFO: Starting src/test/resources/blackbox/ean13-1/14.png
INFO: Starting src/test/resources/blackbox/ean13-1/15.png
INFO: Starting src/test/resources/blackbox/ean13-1/18.png
INFO: Starting src/test/resources/blackbox/ean13-1/19.png
INFO: Starting src/test/resources/blackbox/ean13-1/2.png
INFO: Starting src/test/resources/blackbox/ean13-1/20.png
INFO: Starting src/test/resources/blackbox/ean13-1/21.png
INFO: Starting src/test/resources/blackbox/ean13-1/22.png
INFO: Starting src/test/resources/blackbox/ean13-1/23.png
INFO: Starting src/test/resources/blackbox/ean13-1/24.png
INFO: Starting src/test/resources/blackbox/ean13-1/25.png
INFO: Starting src/test/resources/blackbox/ean13-1/26.png
INFO: Starting src/test/resources/blackbox/ean13-1/28.png
INFO: Starting src/test/resources/blackbox/ean13-1/29.png
INFO: Starting src/test/resources/blackbox/ean13-1/3.png
INFO: Starting src/test/resources/blackbox/ean13-1/30.png
INFO: Starting src/test/resources/blackbox/ean13-1/31.png
INFO: Starting src/test/resources/blackbox/ean13-1/32.png
INFO: Starting src/test/resources/blackbox/ean13-1/33.png
INFO: Starting src/test/resources/blackbox/ean13-1/34.png
INFO: Starting src/test/resources/blackbox/ean13-1/35.png
INFO: Starting src/test/resources/blackbox/ean13-1/36.png
INFO: Starting src/test/resources/blackbox/ean13-1/37.png
INFO: Starting src/test/resources/blackbox/ean13-1/38.png
INFO: Starting src/test/resources/blackbox/ean13-1/4.png
INFO: Starting src/test/resources/blackbox/ean13-1/5.png
INFO: Starting src/test/resources/blackbox/ean13-1/6.png
INFO: Starting src/test/resources/blackbox/ean13-1/7.png
INFO: Starting src/test/resources/blackbox/ean13-1/8.png
INFO: Starting src/test/resources/blackbox/ean13-1/9.png
INFO: Rotation 0 degrees:
INFO:  30 of 34 images passed (30 required)
INFO:  0 failed due to misreads, 4 not detected
INFO:  32 of 34 images passed with try harder (32 required)
INFO:  0 failed due to misreads, 2 not detected
INFO: Rotation 180 degrees:
INFO:  27 of 34 images passed (27 required)
INFO:  0 failed due to misreads, 7 not detected
INFO:  32 of 34 images passed with try harder (32 required)
INFO:  0 failed due to misreads, 2 not detected
INFO: Decoded 121 images out of 136 (88%, 121 required)
Tests run: 1, Failures: 0, Errors: 0, Skipped: 0, Time elapsed: 2.506 sec - in com.google.zxing.oned.EAN13BlackBox1TestCase
Running com.google.zxing.oned.EANManufacturerOrgSupportTest
Tests run: 1, Failures: 0, Errors: 0, Skipped: 0, Time elapsed: 0 sec - in com.google.zxing.oned.EANManufacturerOrgSupportTest
Running com.google.zxing.oned.Code39BlackBox3TestCase
INFO: Starting src/test/resources/blackbox/code39-3/01.png
INFO: Starting src/test/resources/blackbox/code39-3/02.png
INFO: Starting src/test/resources/blackbox/code39-3/03.png
INFO: Starting src/test/resources/blackbox/code39-3/04.png
INFO: Starting src/test/resources/blackbox/code39-3/05.png
INFO: Starting src/test/resources/blackbox/code39-3/06.png
INFO: Starting src/test/resources/blackbox/code39-3/07.png
INFO: Starting src/test/resources/blackbox/code39-3/08.png
INFO: Starting src/test/resources/blackbox/code39-3/09.png
INFO: Starting src/test/resources/blackbox/code39-3/10.png
INFO: Starting src/test/resources/blackbox/code39-3/11.png
INFO: Starting src/test/resources/blackbox/code39-3/12.png
INFO: Starting src/test/resources/blackbox/code39-3/13.png
INFO: Starting src/test/resources/blackbox/code39-3/14.png
INFO: Starting src/test/resources/blackbox/code39-3/15.png
INFO: Starting src/test/resources/blackbox/code39-3/16.png
INFO: Starting src/test/resources/blackbox/code39-3/17.png
INFO: Rotation 0 degrees:
INFO:  17 of 17 images passed (17 required)
INFO:  0 failed due to misreads, 0 not detected
INFO:  17 of 17 images passed with try harder (17 required)
INFO:  0 failed due to misreads, 0 not detected
INFO: Rotation 180 degrees:
INFO:  17 of 17 images passed (17 required)
INFO:  0 failed due to misreads, 0 not detected
INFO:  17 of 17 images passed with try harder (17 required)
INFO:  0 failed due to misreads, 0 not detected
INFO: Decoded 68 images out of 68 (100%, 68 required)
Tests run: 1, Failures: 0, Errors: 0, Skipped: 0, Time elapsed: 1.086 sec - in com.google.zxing.oned.Code39BlackBox3TestCase
Running com.google.zxing.oned.EAN13BlackBox5BlurryTestCase
INFO: Starting src/test/resources/blackbox/ean13-5/01.png
INFO: Starting src/test/resources/blackbox/ean13-5/02.png
INFO: Starting src/test/resources/blackbox/ean13-5/03.png
INFO: Starting src/test/resources/blackbox/ean13-5/04.png
INFO: Starting src/test/resources/blackbox/ean13-5/05.png
INFO: Starting src/test/resources/blackbox/ean13-5/06.png
INFO: Starting src/test/resources/blackbox/ean13-5/07.png
INFO: Starting src/test/resources/blackbox/ean13-5/08.png
INFO: Starting src/test/resources/blackbox/ean13-5/09.png
INFO: Starting src/test/resources/blackbox/ean13-5/10.png
INFO: Starting src/test/resources/blackbox/ean13-5/11.png
INFO: Starting src/test/resources/blackbox/ean13-5/12.png
INFO: Starting src/test/resources/blackbox/ean13-5/13.png
INFO: Starting src/test/resources/blackbox/ean13-5/14.png
INFO: Starting src/test/resources/blackbox/ean13-5/15.png
INFO: Starting src/test/resources/blackbox/ean13-5/16.png
INFO: Starting src/test/resources/blackbox/ean13-5/17.png
INFO: Starting src/test/resources/blackbox/ean13-5/18.png
INFO: Rotation 0 degrees:
INFO:  0 of 18 images passed (0 required)
INFO:  0 failed due to misreads, 18 not detected
INFO:  0 of 18 images passed with try harder (0 required)
INFO:  0 failed due to misreads, 18 not detected
INFO: Rotation 180 degrees:
INFO:  0 of 18 images passed (0 required)
INFO:  0 failed due to misreads, 18 not detected
INFO:  0 of 18 images passed with try harder (0 required)
INFO:  0 failed due to misreads, 18 not detected
INFO: Decoded 0 images out of 72 (0%, 0 required)
Tests run: 1, Failures: 0, Errors: 0, Skipped: 0, Time elapsed: 0.634 sec - in com.google.zxing.oned.EAN13BlackBox5BlurryTestCase
Running com.google.zxing.oned.UPCABlackBox4TestCase
INFO: Starting src/test/resources/blackbox/upca-4/1.png
INFO: Starting src/test/resources/blackbox/upca-4/10.png
INFO: Format mismatch: expected 'UPC_A' but got 'EAN_13' (try harder, rotation: 0)
INFO: Format mismatch: expected 'UPC_A' but got 'EAN_13' (try harder, rotation: 180)
INFO: Starting src/test/resources/blackbox/upca-4/11.png
INFO: Starting src/test/resources/blackbox/upca-4/12.png
INFO: Starting src/test/resources/blackbox/upca-4/13.png
INFO: Starting src/test/resources/blackbox/upca-4/14.png
INFO: Starting src/test/resources/blackbox/upca-4/15.png
INFO: Starting src/test/resources/blackbox/upca-4/16.png
INFO: Starting src/test/resources/blackbox/upca-4/17.png
INFO: Starting src/test/resources/blackbox/upca-4/18.png
INFO: Starting src/test/resources/blackbox/upca-4/19.png
INFO: Starting src/test/resources/blackbox/upca-4/2.png
INFO: Starting src/test/resources/blackbox/upca-4/3.png
INFO: Starting src/test/resources/blackbox/upca-4/4.png
INFO: Starting src/test/resources/blackbox/upca-4/5.png
INFO: Starting src/test/resources/blackbox/upca-4/6.png
INFO: Starting src/test/resources/blackbox/upca-4/7.png
INFO: Starting src/test/resources/blackbox/upca-4/8.png
INFO: Starting src/test/resources/blackbox/upca-4/9.png
INFO: Rotation 0 degrees:
INFO:  9 of 19 images passed (9 required)
INFO:  0 failed due to misreads, 10 not detected
INFO:  11 of 19 images passed with try harder (11 required)
INFO:  1 failed due to misreads, 7 not detected
INFO: Rotation 180 degrees:
INFO:  9 of 19 images passed (9 required)
INFO:  0 failed due to misreads, 10 not detected
INFO:  11 of 19 images passed with try harder (11 required)
INFO:  1 failed due to misreads, 7 not detected
INFO: Decoded 40 images out of 76 (52%, 40 required)
Tests run: 1, Failures: 0, Errors: 0, Skipped: 0, Time elapsed: 1.814 sec - in com.google.zxing.oned.UPCABlackBox4TestCase
Running com.google.zxing.common.StringUtilsTestCase
Tests run: 3, Failures: 0, Errors: 0, Skipped: 0, Time elapsed: 0.013 sec - in com.google.zxing.common.StringUtilsTestCase
Running com.google.zxing.common.detector.MathUtilsTestCase
Tests run: 3, Failures: 0, Errors: 0, Skipped: 0, Time elapsed: 0.001 sec - in com.google.zxing.common.detector.MathUtilsTestCase
Running com.google.zxing.common.BitSourceTestCase
Tests run: 1, Failures: 0, Errors: 0, Skipped: 0, Time elapsed: 0 sec - in com.google.zxing.common.BitSourceTestCase
Running com.google.zxing.common.BitMatrixTestCase
Tests run: 10, Failures: 0, Errors: 0, Skipped: 0, Time elapsed: 0.018 sec - in com.google.zxing.common.BitMatrixTestCase
Running com.google.zxing.common.PerspectiveTransformTestCase
Tests run: 2, Failures: 0, Errors: 0, Skipped: 0, Time elapsed: 0 sec - in com.google.zxing.common.PerspectiveTransformTestCase
Running com.google.zxing.common.reedsolomon.ReedSolomonTestCase
Tests run: 3, Failures: 0, Errors: 0, Skipped: 0, Time elapsed: 4.617 sec - in com.google.zxing.common.reedsolomon.ReedSolomonTestCase
Running com.google.zxing.common.BitArrayTestCase
Tests run: 11, Failures: 0, Errors: 0, Skipped: 0, Time elapsed: 0.012 sec - in com.google.zxing.common.BitArrayTestCase
Running com.google.zxing.client.result.URIParsedResultTestCase
Tests run: 7, Failures: 0, Errors: 0, Skipped: 0, Time elapsed: 0.002 sec - in com.google.zxing.client.result.URIParsedResultTestCase
Running com.google.zxing.client.result.EmailAddressParsedResultTestCase
Tests run: 7, Failures: 0, Errors: 0, Skipped: 0, Time elapsed: 0.004 sec - in com.google.zxing.client.result.EmailAddressParsedResultTestCase
Running com.google.zxing.client.result.ISBNParsedResultTestCase
Tests run: 1, Failures: 0, Errors: 0, Skipped: 0, Time elapsed: 0 sec - in com.google.zxing.client.result.ISBNParsedResultTestCase
Running com.google.zxing.client.result.TelParsedResultTestCase
Tests run: 1, Failures: 0, Errors: 0, Skipped: 0, Time elapsed: 0 sec - in com.google.zxing.client.result.TelParsedResultTestCase
Running com.google.zxing.client.result.ParsedReaderResultTestCase
Tests run: 21, Failures: 0, Errors: 0, Skipped: 0, Time elapsed: 0.048 sec - in com.google.zxing.client.result.ParsedReaderResultTestCase
Running com.google.zxing.client.result.WifiParsedResultTestCase
Tests run: 4, Failures: 0, Errors: 0, Skipped: 0, Time elapsed: 0.001 sec - in com.google.zxing.client.result.WifiParsedResultTestCase
Running com.google.zxing.client.result.SMSMMSParsedResultTestCase
Tests run: 2, Failures: 0, Errors: 0, Skipped: 0, Time elapsed: 0 sec - in com.google.zxing.client.result.SMSMMSParsedResultTestCase
Running com.google.zxing.client.result.GeoParsedResultTestCase
Tests run: 1, Failures: 0, Errors: 0, Skipped: 0, Time elapsed: 0.001 sec - in com.google.zxing.client.result.GeoParsedResultTestCase
Running com.google.zxing.client.result.VINParsedResultTestCase
Tests run: 2, Failures: 0, Errors: 0, Skipped: 0, Time elapsed: 0.002 sec - in com.google.zxing.client.result.VINParsedResultTestCase
Running com.google.zxing.client.result.ProductParsedResultTestCase
Tests run: 1, Failures: 0, Errors: 0, Skipped: 0, Time elapsed: 0.001 sec - in com.google.zxing.client.result.ProductParsedResultTestCase
Running com.google.zxing.client.result.ExpandedProductParsedResultTestCase
Tests run: 1, Failures: 0, Errors: 0, Skipped: 0, Time elapsed: 0.001 sec - in com.google.zxing.client.result.ExpandedProductParsedResultTestCase
Running com.google.zxing.client.result.AddressBookParsedResultTestCase
Tests run: 12, Failures: 0, Errors: 0, Skipped: 0, Time elapsed: 0.013 sec - in com.google.zxing.client.result.AddressBookParsedResultTestCase
Running com.google.zxing.client.result.CalendarParsedResultTestCase
Tests run: 13, Failures: 0, Errors: 0, Skipped: 0, Time elapsed: 0.019 sec - in com.google.zxing.client.result.CalendarParsedResultTestCase
Running com.google.zxing.qrcode.encoder.MaskUtilTestCase
Tests run: 5, Failures: 0, Errors: 0, Skipped: 0, Time elapsed: 0.003 sec - in com.google.zxing.qrcode.encoder.MaskUtilTestCase
Running com.google.zxing.qrcode.encoder.MatrixUtilTestCase
Tests run: 12, Failures: 0, Errors: 0, Skipped: 0, Time elapsed: 0.007 sec - in com.google.zxing.qrcode.encoder.MatrixUtilTestCase
Running com.google.zxing.qrcode.encoder.EncoderTestCase
Tests run: 18, Failures: 0, Errors: 0, Skipped: 0, Time elapsed: 0.068 sec - in com.google.zxing.qrcode.encoder.EncoderTestCase
Running com.google.zxing.qrcode.encoder.QRCodeTestCase
Tests run: 4, Failures: 0, Errors: 0, Skipped: 0, Time elapsed: 0.002 sec - in com.google.zxing.qrcode.encoder.QRCodeTestCase
Running com.google.zxing.qrcode.encoder.BitVectorTestCase
Tests run: 8, Failures: 0, Errors: 0, Skipped: 0, Time elapsed: 0.004 sec - in com.google.zxing.qrcode.encoder.BitVectorTestCase
Running com.google.zxing.qrcode.QRCodeBlackBox3TestCase
INFO: Starting src/test/resources/blackbox/qrcode-3/01.png
INFO: Starting src/test/resources/blackbox/qrcode-3/02.png
INFO: Starting src/test/resources/blackbox/qrcode-3/03.png
INFO: Starting src/test/resources/blackbox/qrcode-3/04.png
INFO: Starting src/test/resources/blackbox/qrcode-3/05.png
INFO: Starting src/test/resources/blackbox/qrcode-3/06.png
INFO: Starting src/test/resources/blackbox/qrcode-3/07.png
INFO: Starting src/test/resources/blackbox/qrcode-3/08.png
INFO: Starting src/test/resources/blackbox/qrcode-3/09.png
INFO: Starting src/test/resources/blackbox/qrcode-3/10.png
INFO: Starting src/test/resources/blackbox/qrcode-3/11.png
INFO: Starting src/test/resources/blackbox/qrcode-3/12.png
INFO: Starting src/test/resources/blackbox/qrcode-3/13.png
INFO: Starting src/test/resources/blackbox/qrcode-3/14.png
INFO: Starting src/test/resources/blackbox/qrcode-3/15.png
INFO: Starting src/test/resources/blackbox/qrcode-3/16.png
INFO: Starting src/test/resources/blackbox/qrcode-3/17.png
INFO: Starting src/test/resources/blackbox/qrcode-3/18.png
INFO: String contents of file src/test/resources/blackbox/qrcode-3/18.txt end with a newline. This may not be intended and cause a test failure
INFO: Starting src/test/resources/blackbox/qrcode-3/19.png
INFO: String contents of file src/test/resources/blackbox/qrcode-3/19.txt end with a newline. This may not be intended and cause a test failure
INFO: Starting src/test/resources/blackbox/qrcode-3/20.png
INFO: String contents of file src/test/resources/blackbox/qrcode-3/20.txt end with a newline. This may not be intended and cause a test failure
INFO: Starting src/test/resources/blackbox/qrcode-3/21.png
INFO: String contents of file src/test/resources/blackbox/qrcode-3/21.txt end with a newline. This may not be intended and cause a test failure
INFO: Starting src/test/resources/blackbox/qrcode-3/22.png
INFO: String contents of file src/test/resources/blackbox/qrcode-3/22.txt end with a newline. This may not be intended and cause a test failure
INFO: Starting src/test/resources/blackbox/qrcode-3/23.png
INFO: String contents of file src/test/resources/blackbox/qrcode-3/23.txt end with a newline. This may not be intended and cause a test failure
INFO: Starting src/test/resources/blackbox/qrcode-3/24.png
INFO: String contents of file src/test/resources/blackbox/qrcode-3/24.txt end with a newline. This may not be intended and cause a test failure
INFO: Starting src/test/resources/blackbox/qrcode-3/25.png
INFO: String contents of file src/test/resources/blackbox/qrcode-3/25.txt end with a newline. This may not be intended and cause a test failure
INFO: Starting src/test/resources/blackbox/qrcode-3/26.png
INFO: Starting src/test/resources/blackbox/qrcode-3/27.png
INFO: Starting src/test/resources/blackbox/qrcode-3/28.png
INFO: Starting src/test/resources/blackbox/qrcode-3/29.png
INFO: Starting src/test/resources/blackbox/qrcode-3/30.png
INFO: Starting src/test/resources/blackbox/qrcode-3/31.png
INFO: Starting src/test/resources/blackbox/qrcode-3/32.png
INFO: Starting src/test/resources/blackbox/qrcode-3/33.png
INFO: Starting src/test/resources/blackbox/qrcode-3/34.png
INFO: Starting src/test/resources/blackbox/qrcode-3/35.png
INFO: Starting src/test/resources/blackbox/qrcode-3/36.png
INFO: Starting src/test/resources/blackbox/qrcode-3/37.png
INFO: Starting src/test/resources/blackbox/qrcode-3/38.png
INFO: Starting src/test/resources/blackbox/qrcode-3/39.png
INFO: Starting src/test/resources/blackbox/qrcode-3/40.png
INFO: Starting src/test/resources/blackbox/qrcode-3/41.png
INFO: Starting src/test/resources/blackbox/qrcode-3/42.png
INFO: Rotation 0 degrees:
INFO:  38 of 42 images passed (38 required)
INFO:  0 failed due to misreads, 4 not detected
INFO:  38 of 42 images passed with try harder (38 required)
INFO:  0 failed due to misreads, 4 not detected
INFO: Rotation 90 degrees:
INFO:  38 of 42 images passed (38 required)
INFO:  0 failed due to misreads, 4 not detected
INFO:  38 of 42 images passed with try harder (38 required)
INFO:  0 failed due to misreads, 4 not detected
INFO: Rotation 180 degrees:
INFO:  36 of 42 images passed (36 required)
INFO:  0 failed due to misreads, 6 not detected
INFO:  36 of 42 images passed with try harder (36 required)
INFO:  0 failed due to misreads, 6 not detected
INFO: Rotation 270 degrees:
INFO:  39 of 42 images passed (39 required)
INFO:  0 failed due to misreads, 3 not detected
INFO:  39 of 42 images passed with try harder (39 required)
INFO:  0 failed due to misreads, 3 not detected
INFO: Decoded 302 images out of 336 (89%, 302 required)
Tests run: 1, Failures: 0, Errors: 0, Skipped: 0, Time elapsed: 1.467 sec - in com.google.zxing.qrcode.QRCodeBlackBox3TestCase
Running com.google.zxing.qrcode.QRCodeBlackBox6TestCase
INFO: Starting src/test/resources/blackbox/qrcode-6/1.png
INFO: Starting src/test/resources/blackbox/qrcode-6/10.png
INFO: Starting src/test/resources/blackbox/qrcode-6/11.png
INFO: Starting src/test/resources/blackbox/qrcode-6/12.png
INFO: Starting src/test/resources/blackbox/qrcode-6/13.png
INFO: Starting src/test/resources/blackbox/qrcode-6/14.png
INFO: Starting src/test/resources/blackbox/qrcode-6/15.png
INFO: Starting src/test/resources/blackbox/qrcode-6/2.png
INFO: Starting src/test/resources/blackbox/qrcode-6/3.png
INFO: Starting src/test/resources/blackbox/qrcode-6/4.png
INFO: Starting src/test/resources/blackbox/qrcode-6/5.png
INFO: Starting src/test/resources/blackbox/qrcode-6/6.png
INFO: Starting src/test/resources/blackbox/qrcode-6/7.png
INFO: Starting src/test/resources/blackbox/qrcode-6/8.png
INFO: Starting src/test/resources/blackbox/qrcode-6/9.png
INFO: Rotation 0 degrees:
INFO:  15 of 15 images passed (15 required)
INFO:  0 failed due to misreads, 0 not detected
INFO:  15 of 15 images passed with try harder (15 required)
INFO:  0 failed due to misreads, 0 not detected
INFO: Rotation 90 degrees:
INFO:  14 of 15 images passed (14 required)
INFO:  0 failed due to misreads, 1 not detected
INFO:  14 of 15 images passed with try harder (14 required)
INFO:  0 failed due to misreads, 1 not detected
INFO: Rotation 180 degrees:
INFO:  12 of 15 images passed (12 required)
INFO:  0 failed due to misreads, 3 not detected
INFO:  13 of 15 images passed with try harder (13 required)
INFO:  0 failed due to misreads, 2 not detected
INFO: Rotation 270 degrees:
INFO:  14 of 15 images passed (14 required)
INFO:  0 failed due to misreads, 1 not detected
INFO:  14 of 15 images passed with try harder (14 required)
INFO:  0 failed due to misreads, 1 not detected
INFO: Decoded 111 images out of 120 (92%, 111 required)
Tests run: 1, Failures: 0, Errors: 0, Skipped: 0, Time elapsed: 1.563 sec - in com.google.zxing.qrcode.QRCodeBlackBox6TestCase
Running com.google.zxing.qrcode.decoder.ErrorCorrectionLevelTestCase
Tests run: 1, Failures: 0, Errors: 0, Skipped: 0, Time elapsed: 0 sec - in com.google.zxing.qrcode.decoder.ErrorCorrectionLevelTestCase
Running com.google.zxing.qrcode.decoder.ModeTestCase
Tests run: 2, Failures: 0, Errors: 0, Skipped: 0, Time elapsed: 0 sec - in com.google.zxing.qrcode.decoder.ModeTestCase
Running com.google.zxing.qrcode.decoder.DecodedBitStreamParserTestCase
Tests run: 4, Failures: 0, Errors: 0, Skipped: 0, Time elapsed: 0.009 sec - in com.google.zxing.qrcode.decoder.DecodedBitStreamParserTestCase
Running com.google.zxing.qrcode.decoder.DataMaskTestCase
Tests run: 8, Failures: 0, Errors: 0, Skipped: 0, Time elapsed: 0.196 sec - in com.google.zxing.qrcode.decoder.DataMaskTestCase
Running com.google.zxing.qrcode.decoder.VersionTestCase
Tests run: 3, Failures: 0, Errors: 0, Skipped: 0, Time elapsed: 0.001 sec - in com.google.zxing.qrcode.decoder.VersionTestCase
Running com.google.zxing.qrcode.decoder.FormatInformationTestCase
Tests run: 4, Failures: 0, Errors: 0, Skipped: 0, Time elapsed: 0.001 sec - in com.google.zxing.qrcode.decoder.FormatInformationTestCase
Running com.google.zxing.qrcode.QRCodeWriterTestCase
Tests run: 2, Failures: 0, Errors: 0, Skipped: 0, Time elapsed: 0.007 sec - in com.google.zxing.qrcode.QRCodeWriterTestCase
Running com.google.zxing.qrcode.QRCodeBlackBox2TestCase
INFO: Starting src/test/resources/blackbox/qrcode-2/1.png
INFO: Starting src/test/resources/blackbox/qrcode-2/10.png
INFO: Starting src/test/resources/blackbox/qrcode-2/11.png
INFO: Starting src/test/resources/blackbox/qrcode-2/12.png
INFO: Starting src/test/resources/blackbox/qrcode-2/13.png
INFO: Starting src/test/resources/blackbox/qrcode-2/14.png
INFO: Starting src/test/resources/blackbox/qrcode-2/15.png
INFO: Starting src/test/resources/blackbox/qrcode-2/16.png
INFO: Starting src/test/resources/blackbox/qrcode-2/17.png
INFO: Starting src/test/resources/blackbox/qrcode-2/18.png
INFO: Starting src/test/resources/blackbox/qrcode-2/19.png
INFO: Starting src/test/resources/blackbox/qrcode-2/2.png
INFO: Starting src/test/resources/blackbox/qrcode-2/20.png
INFO: Starting src/test/resources/blackbox/qrcode-2/21.png
INFO: Starting src/test/resources/blackbox/qrcode-2/22.png
INFO: Starting src/test/resources/blackbox/qrcode-2/23.png
INFO: Starting src/test/resources/blackbox/qrcode-2/24.png
INFO: Starting src/test/resources/blackbox/qrcode-2/25.png
INFO: Starting src/test/resources/blackbox/qrcode-2/26.png
INFO: Starting src/test/resources/blackbox/qrcode-2/27.png
INFO: Starting src/test/resources/blackbox/qrcode-2/28.png
INFO: Starting src/test/resources/blackbox/qrcode-2/29.png
INFO: Starting src/test/resources/blackbox/qrcode-2/30.png
INFO: Starting src/test/resources/blackbox/qrcode-2/31.png
INFO: Starting src/test/resources/blackbox/qrcode-2/32.png
INFO: Starting src/test/resources/blackbox/qrcode-2/33.png
INFO: Starting src/test/resources/blackbox/qrcode-2/34.png
INFO: Starting src/test/resources/blackbox/qrcode-2/35.png
INFO: Starting src/test/resources/blackbox/qrcode-2/4.png
INFO: Starting src/test/resources/blackbox/qrcode-2/5.png
INFO: Starting src/test/resources/blackbox/qrcode-2/6.png
INFO: Starting src/test/resources/blackbox/qrcode-2/7.png
INFO: Starting src/test/resources/blackbox/qrcode-2/8.png
INFO: Starting src/test/resources/blackbox/qrcode-2/9.png
INFO: Rotation 0 degrees:
INFO:  30 of 34 images passed (30 required)
INFO:  0 failed due to misreads, 4 not detected
INFO:  30 of 34 images passed with try harder (30 required)
INFO:  0 failed due to misreads, 4 not detected
INFO: Rotation 90 degrees:
INFO:  29 of 34 images passed (29 required)
INFO:  0 failed due to misreads, 5 not detected
INFO:  29 of 34 images passed with try harder (29 required)
INFO:  0 failed due to misreads, 5 not detected
INFO: Rotation 180 degrees:
INFO:  30 of 34 images passed (30 required)
INFO:  0 failed due to misreads, 4 not detected
INFO:  30 of 34 images passed with try harder (30 required)
INFO:  0 failed due to misreads, 4 not detected
INFO: Rotation 270 degrees:
INFO:  29 of 34 images passed (29 required)
INFO:  0 failed due to misreads, 5 not detected
INFO:  29 of 34 images passed with try harder (29 required)
INFO:  0 failed due to misreads, 5 not detected
INFO: Decoded 236 images out of 272 (86%, 236 required)
Tests run: 1, Failures: 0, Errors: 0, Skipped: 0, Time elapsed: 2.205 sec - in com.google.zxing.qrcode.QRCodeBlackBox2TestCase
Running com.google.zxing.qrcode.QRCodeBlackBox4TestCase
INFO: Starting src/test/resources/blackbox/qrcode-4/01.png
INFO: Starting src/test/resources/blackbox/qrcode-4/02.png
INFO: Starting src/test/resources/blackbox/qrcode-4/03.png
INFO: Starting src/test/resources/blackbox/qrcode-4/04.png
INFO: Starting src/test/resources/blackbox/qrcode-4/05.png
INFO: Starting src/test/resources/blackbox/qrcode-4/06.png
INFO: Starting src/test/resources/blackbox/qrcode-4/07.png
INFO: Starting src/test/resources/blackbox/qrcode-4/08.png
INFO: Starting src/test/resources/blackbox/qrcode-4/09.png
INFO: Starting src/test/resources/blackbox/qrcode-4/10.png
INFO: Starting src/test/resources/blackbox/qrcode-4/11.png
INFO: Starting src/test/resources/blackbox/qrcode-4/12.png
INFO: Starting src/test/resources/blackbox/qrcode-4/13.png
INFO: Starting src/test/resources/blackbox/qrcode-4/14.png
INFO: Starting src/test/resources/blackbox/qrcode-4/15.png
INFO: Starting src/test/resources/blackbox/qrcode-4/16.png
INFO: Starting src/test/resources/blackbox/qrcode-4/17.png
INFO: Starting src/test/resources/blackbox/qrcode-4/18.png
INFO: Starting src/test/resources/blackbox/qrcode-4/19.png
INFO: Starting src/test/resources/blackbox/qrcode-4/20.png
INFO: Starting src/test/resources/blackbox/qrcode-4/21.png
INFO: Starting src/test/resources/blackbox/qrcode-4/22.png
INFO: Starting src/test/resources/blackbox/qrcode-4/23.png
INFO: Starting src/test/resources/blackbox/qrcode-4/24.png
INFO: Starting src/test/resources/blackbox/qrcode-4/25.png
INFO: Starting src/test/resources/blackbox/qrcode-4/26.png
INFO: Starting src/test/resources/blackbox/qrcode-4/27.png
INFO: Starting src/test/resources/blackbox/qrcode-4/28.png
INFO: Starting src/test/resources/blackbox/qrcode-4/29.png
INFO: Starting src/test/resources/blackbox/qrcode-4/30.png
INFO: Starting src/test/resources/blackbox/qrcode-4/31.png
INFO: Starting src/test/resources/blackbox/qrcode-4/32.png
INFO: Starting src/test/resources/blackbox/qrcode-4/33.png
INFO: Starting src/test/resources/blackbox/qrcode-4/34.png
INFO: Starting src/test/resources/blackbox/qrcode-4/35.png
INFO: Starting src/test/resources/blackbox/qrcode-4/36.png
INFO: Starting src/test/resources/blackbox/qrcode-4/37.png
INFO: Starting src/test/resources/blackbox/qrcode-4/38.png
INFO: Starting src/test/resources/blackbox/qrcode-4/39.png
INFO: Starting src/test/resources/blackbox/qrcode-4/40.png
INFO: Starting src/test/resources/blackbox/qrcode-4/41.png
INFO: Starting src/test/resources/blackbox/qrcode-4/42.png
INFO: Starting src/test/resources/blackbox/qrcode-4/43.png
INFO: Starting src/test/resources/blackbox/qrcode-4/44.png
INFO: Starting src/test/resources/blackbox/qrcode-4/45.png
INFO: Starting src/test/resources/blackbox/qrcode-4/46.png
INFO: Starting src/test/resources/blackbox/qrcode-4/47.png
INFO: Starting src/test/resources/blackbox/qrcode-4/48.png
INFO: Rotation 0 degrees:
INFO:  36 of 48 images passed (36 required)
INFO:  0 failed due to misreads, 12 not detected
INFO:  36 of 48 images passed with try harder (36 required)
INFO:  0 failed due to misreads, 12 not detected
INFO: Rotation 90 degrees:
INFO:  35 of 48 images passed (35 required)
INFO:  0 failed due to misreads, 13 not detected
INFO:  35 of 48 images passed with try harder (35 required)
INFO:  0 failed due to misreads, 13 not detected
INFO: Rotation 180 degrees:
INFO:  35 of 48 images passed (35 required)
INFO:  0 failed due to misreads, 13 not detected
INFO:  35 of 48 images passed with try harder (35 required)
INFO:  0 failed due to misreads, 13 not detected
INFO: Rotation 270 degrees:
INFO:  35 of 48 images passed (35 required)
INFO:  0 failed due to misreads, 13 not detected
INFO:  35 of 48 images passed with try harder (35 required)
INFO:  0 failed due to misreads, 13 not detected
INFO: Decoded 282 images out of 384 (73%, 282 required)
Tests run: 1, Failures: 0, Errors: 0, Skipped: 0, Time elapsed: 2.053 sec - in com.google.zxing.qrcode.QRCodeBlackBox4TestCase
Running com.google.zxing.qrcode.QRCodeBlackBox5TestCase
INFO: Starting src/test/resources/blackbox/qrcode-5/01.png
INFO: Starting src/test/resources/blackbox/qrcode-5/02.png
INFO: Starting src/test/resources/blackbox/qrcode-5/03.png
INFO: Starting src/test/resources/blackbox/qrcode-5/04.png
INFO: Starting src/test/resources/blackbox/qrcode-5/05.png
INFO: Starting src/test/resources/blackbox/qrcode-5/06.png
INFO: Starting src/test/resources/blackbox/qrcode-5/07.png
INFO: Starting src/test/resources/blackbox/qrcode-5/08.png
INFO: Starting src/test/resources/blackbox/qrcode-5/09.png
INFO: Starting src/test/resources/blackbox/qrcode-5/10.png
INFO: Starting src/test/resources/blackbox/qrcode-5/11.png
INFO: Starting src/test/resources/blackbox/qrcode-5/12.png
INFO: Starting src/test/resources/blackbox/qrcode-5/13.png
INFO: Starting src/test/resources/blackbox/qrcode-5/14.png
INFO: Starting src/test/resources/blackbox/qrcode-5/15.png
INFO: Starting src/test/resources/blackbox/qrcode-5/16.png
INFO: String contents of file src/test/resources/blackbox/qrcode-5/16.txt end with a newline. This may not be intended and cause a test failure
INFO: Starting src/test/resources/blackbox/qrcode-5/17.png
INFO: String contents of file src/test/resources/blackbox/qrcode-5/17.txt end with a newline. This may not be intended and cause a test failure
INFO: Starting src/test/resources/blackbox/qrcode-5/18.png
INFO: String contents of file src/test/resources/blackbox/qrcode-5/18.txt end with a newline. This may not be intended and cause a test failure
INFO: Starting src/test/resources/blackbox/qrcode-5/19.png
INFO: String contents of file src/test/resources/blackbox/qrcode-5/19.txt end with a newline. This may not be intended and cause a test failure
INFO: Rotation 0 degrees:
INFO:  19 of 19 images passed (19 required)
INFO:  0 failed due to misreads, 0 not detected
INFO:  19 of 19 images passed with try harder (19 required)
INFO:  0 failed due to misreads, 0 not detected
INFO: Rotation 90 degrees:
INFO:  19 of 19 images passed (19 required)
INFO:  0 failed due to misreads, 0 not detected
INFO:  19 of 19 images passed with try harder (19 required)
INFO:  0 failed due to misreads, 0 not detected
INFO: Rotation 180 degrees:
INFO:  19 of 19 images passed (19 required)
INFO:  0 failed due to misreads, 0 not detected
INFO:  19 of 19 images passed with try harder (19 required)
INFO:  0 failed due to misreads, 0 not detected
INFO: Rotation 270 degrees:
INFO:  18 of 19 images passed (18 required)
INFO:  0 failed due to misreads, 1 not detected
INFO:  18 of 19 images passed with try harder (18 required)
INFO:  0 failed due to misreads, 1 not detected
INFO: Decoded 150 images out of 152 (98%, 150 required)
Tests run: 1, Failures: 0, Errors: 0, Skipped: 0, Time elapsed: 0.551 sec - in com.google.zxing.qrcode.QRCodeBlackBox5TestCase
Running com.google.zxing.qrcode.QRCodeBlackBox1TestCase
INFO: Starting src/test/resources/blackbox/qrcode-1/1.png
INFO: Starting src/test/resources/blackbox/qrcode-1/10.png
INFO: Starting src/test/resources/blackbox/qrcode-1/11.png
INFO: Starting src/test/resources/blackbox/qrcode-1/12.png
INFO: Starting src/test/resources/blackbox/qrcode-1/13.png
INFO: Starting src/test/resources/blackbox/qrcode-1/14.png
INFO: Starting src/test/resources/blackbox/qrcode-1/15.png
INFO: Starting src/test/resources/blackbox/qrcode-1/16.png
INFO: Starting src/test/resources/blackbox/qrcode-1/17.png
INFO: Starting src/test/resources/blackbox/qrcode-1/18.png
INFO: Starting src/test/resources/blackbox/qrcode-1/19.png
INFO: Starting src/test/resources/blackbox/qrcode-1/2.png
INFO: Starting src/test/resources/blackbox/qrcode-1/20.png
INFO: Starting src/test/resources/blackbox/qrcode-1/3.png
INFO: Starting src/test/resources/blackbox/qrcode-1/4.png
INFO: Starting src/test/resources/blackbox/qrcode-1/5.png
INFO: Starting src/test/resources/blackbox/qrcode-1/6.png
INFO: Starting src/test/resources/blackbox/qrcode-1/7.png
INFO: Starting src/test/resources/blackbox/qrcode-1/8.png
INFO: Starting src/test/resources/blackbox/qrcode-1/9.png
INFO: Rotation 0 degrees:
INFO:  17 of 20 images passed (17 required)
INFO:  0 failed due to misreads, 3 not detected
INFO:  17 of 20 images passed with try harder (17 required)
INFO:  0 failed due to misreads, 3 not detected
INFO: Rotation 90 degrees:
INFO:  14 of 20 images passed (14 required)
INFO:  0 failed due to misreads, 6 not detected
INFO:  14 of 20 images passed with try harder (14 required)
INFO:  0 failed due to misreads, 6 not detected
INFO: Rotation 180 degrees:
INFO:  17 of 20 images passed (17 required)
INFO:  0 failed due to misreads, 3 not detected
INFO:  17 of 20 images passed with try harder (17 required)
INFO:  0 failed due to misreads, 3 not detected
INFO: Rotation 270 degrees:
INFO:  14 of 20 images passed (14 required)
INFO:  0 failed due to misreads, 6 not detected
INFO:  14 of 20 images passed with try harder (14 required)
INFO:  0 failed due to misreads, 6 not detected
INFO: Decoded 124 images out of 160 (77%, 124 required)
Tests run: 1, Failures: 0, Errors: 0, Skipped: 0, Time elapsed: 3.243 sec - in com.google.zxing.qrcode.QRCodeBlackBox1TestCase
Running com.google.zxing.pdf417.encoder.PDF417EncoderTestCase
Tests run: 6, Failures: 0, Errors: 0, Skipped: 0, Time elapsed: 0.001 sec - in com.google.zxing.pdf417.encoder.PDF417EncoderTestCase
Running com.google.zxing.pdf417.PDF417BlackBox3TestCase
INFO: Starting src/test/resources/blackbox/pdf417-3/01.png
INFO: Starting src/test/resources/blackbox/pdf417-3/02.png
INFO: Starting src/test/resources/blackbox/pdf417-3/03.png
INFO: Starting src/test/resources/blackbox/pdf417-3/04.png
INFO: Starting src/test/resources/blackbox/pdf417-3/05.png
INFO: Starting src/test/resources/blackbox/pdf417-3/06.png
INFO: Starting src/test/resources/blackbox/pdf417-3/07.png
INFO: Starting src/test/resources/blackbox/pdf417-3/08.png
INFO: Starting src/test/resources/blackbox/pdf417-3/09.png
INFO: Starting src/test/resources/blackbox/pdf417-3/10.png
INFO: Starting src/test/resources/blackbox/pdf417-3/11.png
INFO: Starting src/test/resources/blackbox/pdf417-3/12.png
INFO: Starting src/test/resources/blackbox/pdf417-3/13.png
INFO: Starting src/test/resources/blackbox/pdf417-3/14.png
INFO: Starting src/test/resources/blackbox/pdf417-3/15.png
INFO: Starting src/test/resources/blackbox/pdf417-3/16.png
INFO: Starting src/test/resources/blackbox/pdf417-3/17.png
INFO: Starting src/test/resources/blackbox/pdf417-3/18.png
INFO: Rotation 0 degrees:
INFO:  18 of 18 images passed (18 required)
INFO:  0 failed due to misreads, 0 not detected
INFO:  18 of 18 images passed with try harder (18 required)
INFO:  0 failed due to misreads, 0 not detected
INFO: Rotation 180 degrees:
INFO:  18 of 18 images passed (18 required)
INFO:  0 failed due to misreads, 0 not detected
INFO:  18 of 18 images passed with try harder (18 required)
INFO:  0 failed due to misreads, 0 not detected
INFO: Decoded 72 images out of 72 (100%, 72 required)
Tests run: 1, Failures: 0, Errors: 0, Skipped: 0, Time elapsed: 1.085 sec - in com.google.zxing.pdf417.PDF417BlackBox3TestCase
Running com.google.zxing.pdf417.PDF417BlackBox4TestCase
INFO: Rotation 0 degrees:
INFO:  2 of 2 images passed (2 required)
INFO:  2 of 2 images passed with try harder (2 required)
INFO: Decoded 4 images out of 4 (100%, 4 required)
Tests run: 1, Failures: 0, Errors: 0, Skipped: 0, Time elapsed: 0.29 sec - in com.google.zxing.pdf417.PDF417BlackBox4TestCase
Running com.google.zxing.pdf417.decoder.ec.ErrorCorrectionTestCase
Tests run: 6, Failures: 0, Errors: 0, Skipped: 2, Time elapsed: 0.107 sec - in com.google.zxing.pdf417.decoder.ec.ErrorCorrectionTestCase
Running com.google.zxing.pdf417.PDF417BlackBox2TestCase
INFO: Starting src/test/resources/blackbox/pdf417-2/01.png
INFO: Starting src/test/resources/blackbox/pdf417-2/02.png
INFO: Starting src/test/resources/blackbox/pdf417-2/03.png
INFO: Starting src/test/resources/blackbox/pdf417-2/04.png
INFO: Starting src/test/resources/blackbox/pdf417-2/05.png
INFO: Starting src/test/resources/blackbox/pdf417-2/06.png
INFO: Starting src/test/resources/blackbox/pdf417-2/07.png
INFO: Starting src/test/resources/blackbox/pdf417-2/08.png
INFO: Starting src/test/resources/blackbox/pdf417-2/09.png
INFO: Starting src/test/resources/blackbox/pdf417-2/10.png
INFO: Starting src/test/resources/blackbox/pdf417-2/11.png
INFO: Starting src/test/resources/blackbox/pdf417-2/12.png
INFO: Starting src/test/resources/blackbox/pdf417-2/13.png
INFO: Starting src/test/resources/blackbox/pdf417-2/14.png
INFO: Starting src/test/resources/blackbox/pdf417-2/15.png
INFO: Starting src/test/resources/blackbox/pdf417-2/16.png
INFO: Starting src/test/resources/blackbox/pdf417-2/17.png
INFO: Starting src/test/resources/blackbox/pdf417-2/18.png
INFO: Starting src/test/resources/blackbox/pdf417-2/19.png
INFO: Starting src/test/resources/blackbox/pdf417-2/20.png
INFO: Starting src/test/resources/blackbox/pdf417-2/21.png
INFO: Starting src/test/resources/blackbox/pdf417-2/22.png
INFO: Starting src/test/resources/blackbox/pdf417-2/23.png
INFO: Starting src/test/resources/blackbox/pdf417-2/24.png
INFO: Starting src/test/resources/blackbox/pdf417-2/25.png
INFO: Rotation 0 degrees:
INFO:  25 of 25 images passed (25 required)
INFO:  0 failed due to misreads, 0 not detected
INFO:  25 of 25 images passed with try harder (25 required)
INFO:  0 failed due to misreads, 0 not detected
INFO: Rotation 180 degrees:
INFO:  25 of 25 images passed (25 required)
INFO:  0 failed due to misreads, 0 not detected
INFO:  25 of 25 images passed with try harder (25 required)
INFO:  0 failed due to misreads, 0 not detected
INFO: Decoded 100 images out of 100 (100%, 100 required)
Tests run: 1, Failures: 0, Errors: 0, Skipped: 0, Time elapsed: 0.82 sec - in com.google.zxing.pdf417.PDF417BlackBox2TestCase
Running com.google.zxing.pdf417.PDF417BlackBox1TestCase
INFO: Starting src/test/resources/blackbox/pdf417-1/01.png
INFO: Starting src/test/resources/blackbox/pdf417-1/02.png
INFO: Starting src/test/resources/blackbox/pdf417-1/03.png
INFO: Starting src/test/resources/blackbox/pdf417-1/04.png
INFO: Starting src/test/resources/blackbox/pdf417-1/05.png
INFO: Starting src/test/resources/blackbox/pdf417-1/06.png
INFO: Starting src/test/resources/blackbox/pdf417-1/07.png
INFO: Starting src/test/resources/blackbox/pdf417-1/09.png
INFO: Starting src/test/resources/blackbox/pdf417-1/10.png
INFO: Starting src/test/resources/blackbox/pdf417-1/11.png
INFO: Rotation 0 degrees:
INFO:  10 of 10 images passed (10 required)
INFO:  0 failed due to misreads, 0 not detected
INFO:  10 of 10 images passed with try harder (10 required)
INFO:  0 failed due to misreads, 0 not detected
INFO: Rotation 180 degrees:
INFO:  10 of 10 images passed (10 required)
INFO:  0 failed due to misreads, 0 not detected
INFO:  10 of 10 images passed with try harder (10 required)
INFO:  0 failed due to misreads, 0 not detected
INFO: Decoded 40 images out of 40 (100%, 40 required)
Tests run: 1, Failures: 0, Errors: 0, Skipped: 0, Time elapsed: 0.111 sec - in com.google.zxing.pdf417.PDF417BlackBox1TestCase
Running com.google.zxing.aztec.AztecBlackBox2TestCase
INFO: Starting src/test/resources/blackbox/aztec-2/01.png
INFO: Starting src/test/resources/blackbox/aztec-2/02.png
INFO: Starting src/test/resources/blackbox/aztec-2/03.png
INFO: Starting src/test/resources/blackbox/aztec-2/04.png
INFO: Starting src/test/resources/blackbox/aztec-2/05.png
INFO: Starting src/test/resources/blackbox/aztec-2/06.png
INFO: Starting src/test/resources/blackbox/aztec-2/07.png
INFO: Starting src/test/resources/blackbox/aztec-2/08.png
INFO: Starting src/test/resources/blackbox/aztec-2/09.png
INFO: Starting src/test/resources/blackbox/aztec-2/10.png
INFO: Starting src/test/resources/blackbox/aztec-2/11.png
INFO: Starting src/test/resources/blackbox/aztec-2/12.png
INFO: Starting src/test/resources/blackbox/aztec-2/13.png
INFO: Starting src/test/resources/blackbox/aztec-2/14.png
INFO: Starting src/test/resources/blackbox/aztec-2/15.png
INFO: Starting src/test/resources/blackbox/aztec-2/16.png
INFO: Starting src/test/resources/blackbox/aztec-2/17.png
INFO: Starting src/test/resources/blackbox/aztec-2/18.png
INFO: Starting src/test/resources/blackbox/aztec-2/19.png
INFO: Starting src/test/resources/blackbox/aztec-2/20.png
INFO: Starting src/test/resources/blackbox/aztec-2/21.png
INFO: Starting src/test/resources/blackbox/aztec-2/22.png
INFO: Rotation 0 degrees:
INFO:  5 of 22 images passed (5 required)
INFO:  0 failed due to misreads, 17 not detected
INFO:  5 of 22 images passed with try harder (5 required)
INFO:  0 failed due to misreads, 17 not detected
INFO: Rotation 90 degrees:
INFO:  4 of 22 images passed (4 required)
INFO:  0 failed due to misreads, 18 not detected
INFO:  4 of 22 images passed with try harder (4 required)
INFO:  0 failed due to misreads, 18 not detected
INFO: Rotation 180 degrees:
INFO:  6 of 22 images passed (6 required)
INFO:  0 failed due to misreads, 16 not detected
INFO:  6 of 22 images passed with try harder (6 required)
INFO:  0 failed due to misreads, 16 not detected
INFO: Rotation 270 degrees:
INFO:  3 of 22 images passed (3 required)
INFO:  0 failed due to misreads, 19 not detected
INFO:  3 of 22 images passed with try harder (3 required)
INFO:  0 failed due to misreads, 19 not detected
INFO: Decoded 36 images out of 176 (20%, 36 required)
Tests run: 1, Failures: 0, Errors: 0, Skipped: 0, Time elapsed: 1.287 sec - in com.google.zxing.aztec.AztecBlackBox2TestCase
Running com.google.zxing.aztec.AztecBlackBox1TestCase
INFO: Starting src/test/resources/blackbox/aztec-1/7.png
INFO: Starting src/test/resources/blackbox/aztec-1/Historico.png
INFO: Starting src/test/resources/blackbox/aztec-1/HistoricoLong.png
INFO: Starting src/test/resources/blackbox/aztec-1/abc-19x19C.png
INFO: Starting src/test/resources/blackbox/aztec-1/abc-37x37.png
INFO: Starting src/test/resources/blackbox/aztec-1/hello.png
INFO: Starting src/test/resources/blackbox/aztec-1/lorem-075x075.png
INFO: Starting src/test/resources/blackbox/aztec-1/lorem-105x105.png
INFO: Starting src/test/resources/blackbox/aztec-1/lorem-151x151.png
INFO: Starting src/test/resources/blackbox/aztec-1/tableShifts.png
INFO: Starting src/test/resources/blackbox/aztec-1/tag.png
INFO: Starting src/test/resources/blackbox/aztec-1/texte.png
INFO: Rotation 0 degrees:
INFO:  12 of 12 images passed (12 required)
INFO:  0 failed due to misreads, 0 not detected
INFO:  12 of 12 images passed with try harder (12 required)
INFO:  0 failed due to misreads, 0 not detected
INFO: Rotation 90 degrees:
INFO:  12 of 12 images passed (12 required)
INFO:  0 failed due to misreads, 0 not detected
INFO:  12 of 12 images passed with try harder (12 required)
INFO:  0 failed due to misreads, 0 not detected
INFO: Rotation 180 degrees:
INFO:  12 of 12 images passed (12 required)
INFO:  0 failed due to misreads, 0 not detected
INFO:  12 of 12 images passed with try harder (12 required)
INFO:  0 failed due to misreads, 0 not detected
INFO: Rotation 270 degrees:
INFO:  12 of 12 images passed (12 required)
INFO:  0 failed due to misreads, 0 not detected
INFO:  12 of 12 images passed with try harder (12 required)
INFO:  0 failed due to misreads, 0 not detected
INFO: Decoded 96 images out of 96 (100%, 96 required)
Tests run: 1, Failures: 0, Errors: 0, Skipped: 0, Time elapsed: 0.596 sec - in com.google.zxing.aztec.AztecBlackBox1TestCase
Running com.google.zxing.aztec.detector.DetectorTest
Tests run: 3, Failures: 0, Errors: 0, Skipped: 0, Time elapsed: 0.198 sec - in com.google.zxing.aztec.detector.DetectorTest
Running com.google.zxing.aztec.encoder.EncoderTest
Tests run: 18, Failures: 0, Errors: 0, Skipped: 0, Time elapsed: 1.79 sec - in com.google.zxing.aztec.encoder.EncoderTest
Running com.google.zxing.aztec.decoder.DecoderTest
Tests run: 3, Failures: 0, Errors: 0, Skipped: 0, Time elapsed: 0.001 sec - in com.google.zxing.aztec.decoder.DecoderTest
Running com.google.zxing.negative.FalsePositives2BlackBoxTestCase
INFO: Starting src/test/resources/blackbox/falsepositives-2/01.png
INFO: Starting src/test/resources/blackbox/falsepositives-2/02.png
INFO: Starting src/test/resources/blackbox/falsepositives-2/03.png
INFO: Starting src/test/resources/blackbox/falsepositives-2/04.png
INFO: Starting src/test/resources/blackbox/falsepositives-2/05.png
INFO: Starting src/test/resources/blackbox/falsepositives-2/06.png
INFO: Starting src/test/resources/blackbox/falsepositives-2/07.png
INFO: Starting src/test/resources/blackbox/falsepositives-2/08.png
INFO: Starting src/test/resources/blackbox/falsepositives-2/09.png
INFO: Starting src/test/resources/blackbox/falsepositives-2/10.png
INFO: Found false positive: '12251117' with format 'EAN_8' (rotation: 0)
INFO: Try harder found false positive: '12251117' with format 'EAN_8' (rotation: 90)
INFO: Try harder found false positive: '12251117' with format 'EAN_8' (rotation: 180)
INFO: Try harder found false positive: '12251117' with format 'EAN_8' (rotation: 270)
INFO: Starting src/test/resources/blackbox/falsepositives-2/11.png
INFO: Starting src/test/resources/blackbox/falsepositives-2/12.png
INFO: Starting src/test/resources/blackbox/falsepositives-2/13.png
INFO: Found false positive: '02371672' with format 'UPC_E' (rotation: 0)
INFO: Try harder found false positive: '02371672' with format 'UPC_E' (rotation: 90)
INFO: Found false positive: '17321679' with format 'UPC_E' (rotation: 180)
INFO: Try harder found false positive: '02371672' with format 'UPC_E' (rotation: 270)
INFO: Starting src/test/resources/blackbox/falsepositives-2/14.png
INFO: Starting src/test/resources/blackbox/falsepositives-2/15.png
INFO: Starting src/test/resources/blackbox/falsepositives-2/16.png
INFO: Starting src/test/resources/blackbox/falsepositives-2/17.png
INFO: Try harder found false positive: '06117825' with format 'UPC_E' (rotation: 0)
INFO: Try harder found false positive: '02176871' with format 'EAN_8' (rotation: 90)
INFO: Try harder found false positive: '06117825' with format 'UPC_E' (rotation: 180)
INFO: Try harder found false positive: '02176871' with format 'EAN_8' (rotation: 270)
INFO: Starting src/test/resources/blackbox/falsepositives-2/18.png
INFO: Starting src/test/resources/blackbox/falsepositives-2/19.png
INFO: Starting src/test/resources/blackbox/falsepositives-2/20.png
INFO: Try harder found false positive: '06182218' with format 'UPC_E' (rotation: 0)
INFO: Try harder found false positive: '06182218' with format 'UPC_E' (rotation: 90)
INFO: Try harder found false positive: '06182218' with format 'UPC_E' (rotation: 180)
INFO: Try harder found false positive: '06182218' with format 'UPC_E' (rotation: 270)
INFO: Starting src/test/resources/blackbox/falsepositives-2/21.png
INFO: Starting src/test/resources/blackbox/falsepositives-2/22.png
INFO: Starting src/test/resources/blackbox/falsepositives-2/23.png
INFO: Starting src/test/resources/blackbox/falsepositives-2/24.png
INFO: Starting src/test/resources/blackbox/falsepositives-2/25.png
INFO: Rotation 0 degrees: 4 of 25 images were false positives (4 allowed)
INFO: Rotation 90 degrees: 4 of 25 images were false positives (4 allowed)
INFO: Rotation 180 degrees: 4 of 25 images were false positives (4 allowed)
INFO: Rotation 270 degrees: 4 of 25 images were false positives (4 allowed)
Tests run: 1, Failures: 0, Errors: 0, Skipped: 0, Time elapsed: 8.647 sec - in com.google.zxing.negative.FalsePositives2BlackBoxTestCase
Running com.google.zxing.negative.UnsupportedBlackBoxTestCase
INFO: Starting src/test/resources/blackbox/unsupported/01.png
INFO: Starting src/test/resources/blackbox/unsupported/03.png
INFO: Starting src/test/resources/blackbox/unsupported/04.png
INFO: Starting src/test/resources/blackbox/unsupported/05.png
INFO: Rotation 0 degrees: 0 of 4 images were false positives (0 allowed)
INFO: Rotation 90 degrees: 0 of 4 images were false positives (0 allowed)
INFO: Rotation 180 degrees: 0 of 4 images were false positives (0 allowed)
INFO: Rotation 270 degrees: 0 of 4 images were false positives (0 allowed)
Tests run: 1, Failures: 0, Errors: 0, Skipped: 0, Time elapsed: 1.426 sec - in com.google.zxing.negative.UnsupportedBlackBoxTestCase
Running com.google.zxing.negative.FalsePositivesBlackBoxTestCase
INFO: Starting src/test/resources/blackbox/falsepositives/01.png
INFO: Try harder found false positive: '1858176738383' with format 'EAN_13' (rotation: 0)
INFO: Try harder found false positive: '1858176738383' with format 'EAN_13' (rotation: 90)
INFO: Try harder found false positive: '1858176738383' with format 'EAN_13' (rotation: 180)
INFO: Try harder found false positive: '1858176738383' with format 'EAN_13' (rotation: 270)
INFO: Starting src/test/resources/blackbox/falsepositives/02.png
INFO: Starting src/test/resources/blackbox/falsepositives/03.png
INFO: Starting src/test/resources/blackbox/falsepositives/04.png
INFO: Starting src/test/resources/blackbox/falsepositives/05.png
INFO: Starting src/test/resources/blackbox/falsepositives/06.png
INFO: Starting src/test/resources/blackbox/falsepositives/07.png
INFO: Try harder found false positive: '21290886' with format 'EAN_8' (rotation: 90)
INFO: Try harder found false positive: '21290886' with format 'EAN_8' (rotation: 180)
INFO: Starting src/test/resources/blackbox/falsepositives/08.png
INFO: Starting src/test/resources/blackbox/falsepositives/09.png
INFO: Starting src/test/resources/blackbox/falsepositives/10.png
INFO: Starting src/test/resources/blackbox/falsepositives/11.png
INFO: Starting src/test/resources/blackbox/falsepositives/12.png
INFO: Starting src/test/resources/blackbox/falsepositives/13.png
INFO: Try harder found false positive: '03017932' with format 'UPC_E' (rotation: 0)
INFO: Try harder found false positive: '03017932' with format 'UPC_E' (rotation: 270)
INFO: Starting src/test/resources/blackbox/falsepositives/14.png
INFO: Starting src/test/resources/blackbox/falsepositives/15.png
INFO: Starting src/test/resources/blackbox/falsepositives/16.png
INFO: Starting src/test/resources/blackbox/falsepositives/17.png
INFO: Starting src/test/resources/blackbox/falsepositives/18.png
INFO: Starting src/test/resources/blackbox/falsepositives/19.png
INFO: Starting src/test/resources/blackbox/falsepositives/20.png
INFO: Starting src/test/resources/blackbox/falsepositives/21.png
INFO: Starting src/test/resources/blackbox/falsepositives/22.png
INFO: Rotation 0 degrees: 2 of 22 images were false positives (2 allowed)
INFO: Rotation 90 degrees: 2 of 22 images were false positives (2 allowed)
INFO: Rotation 180 degrees: 2 of 22 images were false positives (2 allowed)
INFO: Rotation 270 degrees: 2 of 22 images were false positives (2 allowed)
Tests run: 1, Failures: 0, Errors: 0, Skipped: 0, Time elapsed: 9.839 sec - in com.google.zxing.negative.FalsePositivesBlackBoxTestCase
Running com.google.zxing.negative.PartialBlackBoxTestCase
INFO: Starting src/test/resources/blackbox/partial/01.png
INFO: Starting src/test/resources/blackbox/partial/02.png
INFO: Starting src/test/resources/blackbox/partial/03.png
INFO: Starting src/test/resources/blackbox/partial/04.png
INFO: Starting src/test/resources/blackbox/partial/05.png
INFO: Starting src/test/resources/blackbox/partial/06.png
INFO: Starting src/test/resources/blackbox/partial/07.png
INFO: Starting src/test/resources/blackbox/partial/08.png
INFO: Starting src/test/resources/blackbox/partial/09.png
INFO: Starting src/test/resources/blackbox/partial/10.png
INFO: Starting src/test/resources/blackbox/partial/11.png
INFO: Starting src/test/resources/blackbox/partial/12.png
INFO: Starting src/test/resources/blackbox/partial/13.png
INFO: Starting src/test/resources/blackbox/partial/14.png
INFO: Starting src/test/resources/blackbox/partial/15.png
INFO: Starting src/test/resources/blackbox/partial/16.png
INFO: Starting src/test/resources/blackbox/partial/17.png
INFO: Starting src/test/resources/blackbox/partial/18.png
INFO: Starting src/test/resources/blackbox/partial/19.png
INFO: Starting src/test/resources/blackbox/partial/20.png
INFO: Starting src/test/resources/blackbox/partial/21.png
INFO: Starting src/test/resources/blackbox/partial/22.png
INFO: Starting src/test/resources/blackbox/partial/23.png
INFO: Starting src/test/resources/blackbox/partial/24.png
INFO: Starting src/test/resources/blackbox/partial/25.png
INFO: Starting src/test/resources/blackbox/partial/26.png
INFO: Starting src/test/resources/blackbox/partial/27.png
INFO: Starting src/test/resources/blackbox/partial/28.png
INFO: Starting src/test/resources/blackbox/partial/29.png
INFO: Starting src/test/resources/blackbox/partial/30.png
INFO: Starting src/test/resources/blackbox/partial/31.png
INFO: Starting src/test/resources/blackbox/partial/32.png
INFO: Starting src/test/resources/blackbox/partial/33.png
INFO: Try harder found false positive: '02751160' with format 'UPC_E' (rotation: 0)
INFO: Try harder found false positive: '02751160' with format 'UPC_E' (rotation: 90)
INFO: Try harder found false positive: '02751160' with format 'UPC_E' (rotation: 180)
INFO: Try harder found false positive: '02751160' with format 'UPC_E' (rotation: 270)
INFO: Starting src/test/resources/blackbox/partial/34.png
INFO: Starting src/test/resources/blackbox/partial/35.png
INFO: Starting src/test/resources/blackbox/partial/36.png
INFO: Starting src/test/resources/blackbox/partial/37.png
INFO: Starting src/test/resources/blackbox/partial/38.png
INFO: Starting src/test/resources/blackbox/partial/39.png
INFO: Starting src/test/resources/blackbox/partial/40.png
INFO: Starting src/test/resources/blackbox/partial/41.png
INFO: Starting src/test/resources/blackbox/partial/42.png
INFO: Starting src/test/resources/blackbox/partial/43.png
INFO: Starting src/test/resources/blackbox/partial/44.png
INFO: Starting src/test/resources/blackbox/partial/45.png
INFO: Starting src/test/resources/blackbox/partial/46.png
INFO: Starting src/test/resources/blackbox/partial/47.png
INFO: Starting src/test/resources/blackbox/partial/48.png
INFO: Starting src/test/resources/blackbox/partial/49.png
INFO: Starting src/test/resources/blackbox/partial/50.png
INFO: Starting src/test/resources/blackbox/partial/51.png
INFO: Starting src/test/resources/blackbox/partial/52.png
INFO: Starting src/test/resources/blackbox/partial/53.png
INFO: Starting src/test/resources/blackbox/partial/54.png
INFO: Starting src/test/resources/blackbox/partial/55.png
INFO: Starting src/test/resources/blackbox/partial/56.png
INFO: Starting src/test/resources/blackbox/partial/57.png
INFO: Starting src/test/resources/blackbox/partial/59.png
INFO: Starting src/test/resources/blackbox/partial/60.png
INFO: Starting src/test/resources/blackbox/partial/61.png
INFO: Rotation 0 degrees: 1 of 60 images were false positives (1 allowed)
INFO: Rotation 90 degrees: 1 of 60 images were false positives (1 allowed)
INFO: Rotation 180 degrees: 1 of 60 images were false positives (1 allowed)
INFO: Rotation 270 degrees: 1 of 60 images were false positives (1 allowed)
Tests run: 1, Failures: 0, Errors: 0, Skipped: 0, Time elapsed: 11.433 sec - in com.google.zxing.negative.PartialBlackBoxTestCase
Running com.google.zxing.PlanarYUVLuminanceSourceTestCase
Tests run: 2, Failures: 0, Errors: 0, Skipped: 0, Time elapsed: 0.001 sec - in com.google.zxing.PlanarYUVLuminanceSourceTestCase

Results :

Tests run: 384, Failures: 0, Errors: 0, Skipped: 3

[INFO] 
[INFO] --- jacoco-maven-plugin:0.7.7.201606060606:report (report) @ core ---
[INFO] Skipping JaCoCo execution due to missing execution data file.
[INFO]                                                                         
[INFO] ------------------------------------------------------------------------
[INFO] Building ZXing Java SE extensions 3.2.2-SNAPSHOT
[INFO] ------------------------------------------------------------------------
[INFO] 
[INFO] --- maven-checkstyle-plugin:2.17:check (validate) @ javase ---
[INFO] 
[INFO] --- maven-enforcer-plugin:1.4.1:enforce (enforce) @ javase ---
[INFO] 
[INFO] --- jacoco-maven-plugin:0.7.7.201606060606:prepare-agent (default) @ javase ---
[INFO] argLine set to -javaagent:/home/travis/.m2/repository/org/jacoco/org.jacoco.agent/0.7.7.201606060606/org.jacoco.agent-0.7.7.201606060606-runtime.jar=destfile=/home/travis/build/zxing/zxing/javase/target/jacoco.exec
[INFO] 
[INFO] --- maven-resources-plugin:3.0.1:resources (default-resources) @ javase ---
[INFO] Using 'UTF-8' encoding to copy filtered resources.
[INFO] skip non existing resourceDirectory /home/travis/build/zxing/zxing/javase/src/main/resources
[INFO] 
[INFO] --- maven-compiler-plugin:3.5.1:compile (default-compile) @ javase ---
[INFO] Nothing to compile - all classes are up to date
[INFO] 
[INFO] --- maven-resources-plugin:3.0.1:testResources (default-testResources) @ javase ---
[INFO] Using 'UTF-8' encoding to copy filtered resources.
[INFO] skip non existing resourceDirectory /home/travis/build/zxing/zxing/javase/src/test/resources
[INFO] 
[INFO] --- maven-compiler-plugin:3.5.1:testCompile (default-testCompile) @ javase ---
[INFO] No sources to compile
[INFO] 
[INFO] --- maven-surefire-plugin:2.19.1:test (default-test) @ javase ---
[INFO] No tests to run.
[INFO] 
[INFO] --- jacoco-maven-plugin:0.7.7.201606060606:report (report) @ javase ---
[INFO] Skipping JaCoCo execution due to missing execution data file.
[INFO]                                                                         
[INFO] ------------------------------------------------------------------------
[INFO] Building ZXing zxing.org web app 3.2.2-SNAPSHOT
[INFO] ------------------------------------------------------------------------
[INFO] 
[INFO] --- maven-checkstyle-plugin:2.17:check (validate) @ zxingorg ---
[INFO] 
[INFO] --- maven-enforcer-plugin:1.4.1:enforce (enforce) @ zxingorg ---
[INFO] 
[INFO] --- jacoco-maven-plugin:0.7.7.201606060606:prepare-agent (default) @ zxingorg ---
[INFO] argLine set to -javaagent:/home/travis/.m2/repository/org/jacoco/org.jacoco.agent/0.7.7.201606060606/org.jacoco.agent-0.7.7.201606060606-runtime.jar=destfile=/home/travis/build/zxing/zxing/zxingorg/target/jacoco.exec
[INFO] 
[INFO] --- maven-resources-plugin:3.0.1:resources (default-resources) @ zxingorg ---
[INFO] Using 'UTF-8' encoding to copy filtered resources.
[INFO] Copying 1 resource
[INFO] 
[INFO] --- maven-compiler-plugin:3.5.1:compile (default-compile) @ zxingorg ---
[INFO] Nothing to compile - all classes are up to date
[INFO] 
[INFO] --- maven-resources-plugin:3.0.1:testResources (default-testResources) @ zxingorg ---
[INFO] Using 'UTF-8' encoding to copy filtered resources.
[INFO] skip non existing resourceDirectory /home/travis/build/zxing/zxing/zxingorg/src/test/resources
[INFO] 
[INFO] --- maven-compiler-plugin:3.5.1:testCompile (default-testCompile) @ zxingorg ---
[INFO] No sources to compile
[INFO] 
[INFO] --- maven-surefire-plugin:2.19.1:test (default-test) @ zxingorg ---
[INFO] No tests to run.
[INFO] 
[INFO] --- jacoco-maven-plugin:0.7.7.201606060606:report (report) @ zxingorg ---
[INFO] Skipping JaCoCo execution due to missing execution data file.
[INFO] ------------------------------------------------------------------------
[INFO] Reactor Summary:
[INFO] 
[INFO] ZXing .............................................. SUCCESS [  3.286 s]
[INFO] ZXing Core ......................................... SUCCESS [01:36 min]
[INFO] ZXing Java SE extensions ........................... SUCCESS [  0.438 s]
[INFO] ZXing Android Core ................................. SUCCESS [  2.767 s]
[INFO] ZXing Android Integration lib ...................... SUCCESS [  3.586 s]
[INFO] ZXing Appspot-based encoder ........................ SUCCESS [  1.408 s]
[INFO] ZXing zxing.org web app ............................ SUCCESS [  0.381 s]
[INFO] ------------------------------------------------------------------------
[INFO] BUILD SUCCESS
[INFO] ------------------------------------------------------------------------
[INFO] Total time: 01:41 min (Wall Clock)
[INFO] Finished at: 2016-06-24T09:53:21+00:00
[INFO] Final Memory: 23M/489M
[INFO] ------------------------------------------------------------------------

travis_time:end:2a29faea:start=1466761898915125814,finish=1466762001860589669,duration=102945463855[0K
[32;1mThe command "mvn -T 2 -Ptravis ${JACOCO} test" exited with 0.[0m
travis_fold:start:cache.2[0Kstore build cache
travis_time:start:176a742c[0K
travis_time:end:176a742c:start=1466762001864746236,finish=1466762001868207177,duration=3460941[0Ktravis_time:start:0a8019d4[0K[32;1mchange detected (content changed, file is created, or file is deleted):
/home/travis/.m2/repository/com/google/zxing/android-core/3.2.2-SNAPSHOT/android-core-3.2.2-SNAPSHOT.jar
/home/travis/.m2/repository/com/google/zxing/android-core/3.2.2-SNAPSHOT/android-core-3.2.2-SNAPSHOT.jar.md5
/home/travis/.m2/repository/com/google/zxing/android-core/3.2.2-SNAPSHOT/android-core-3.2.2-SNAPSHOT.jar.sha1
/home/travis/.m2/repository/com/google/zxing/android-core/3.2.2-SNAPSHOT/maven-metadata-local.xml
/home/travis/.m2/repository/com/google/zxing/android-core/3.2.2-SNAPSHOT/maven-metadata-local.xml.md5
/home/travis/.m2/repository/com/google/zxing/android-core/3.2.2-SNAPSHOT/maven-metadata-local.xml.sha1
/home/travis/.m2/repository/com/google/zxing/android-core/3.2.2-SNAPSHOT/_remote.repositories
/home/travis/.m2/repository/com/google/zxing/android-core/maven-metadata-local.xml
/home/travis/.m2/repository/com/google/zxing/android-core/maven-metadata-local.xml.md5
/home/travis/.m2/repository/com/google/zxing/android-core/maven-metadata-local.xml.sha1
/home/travis/.m2/repos
[0m
[32;1m...
[0m
[32;1mchanges detected, packing new archive[0m
.
[32;1muploading archive[0m

travis_time:end:0a8019d4:start=1466762001876114893,finish=1466762017541200689,duration=15665085796[0Ktravis_fold:end:cache.2[0Ktravis_fold:start:after_success[0Ktravis_time:start:0ac59e8c[0K$ if [ -n "$JACOCO" ]; then bash <(curl -s https://codecov.io/bash); fi

  _____          _
 / ____|        | |
| |     ___   __| | ___  ___ _____   __
| |    / _ \ / _` |/ _ \/ __/ _ \ \ / /
| |___| (_) | (_| |  __/ (_| (_) \ V /
 \_____\___/ \__,_|\___|\___\___/ \_/
                                be962c3


[0;90m==>[0m Travis CI detected.
[0;90m(root)[0m .
[0;90m==>[0m Running gcov (disable via -X gcov)
  [0;90m->[0m gcov in .
[0;90m==>[0m Searching for coverage reports
[0;31m**>[0m Python coverage not found
[0;31m**>[0m No coverage report found.

travis_time:end:0ac59e8c:start=1466762017545263315,finish=1466762017737854604,duration=192591289[0Ktravis_fold:end:after_success[0K
Done. Your build exited with 0.
