Using worker: worker-linux-docker-ce2ab827.prod.travis-ci.org:travis-linux-5

travis_fold:start:system_info[0K[33;1mBuild system information[0m
Build language: java
[34m[1mBuild image provisioning date and time[0m
Thu Feb  5 15:09:33 UTC 2015
[34m[1mOperating System Details[0m
Distributor ID:	Ubuntu
Description:	Ubuntu 12.04.5 LTS
Release:	12.04
Codename:	precise
[34m[1mLinux Version[0m
3.13.0-29-generic
[34m[1mCookbooks Version[0m
a68419e https://github.com/travis-ci/travis-cookbooks/tree/a68419e
[34m[1mGCC version[0m
gcc (Ubuntu/Linaro 4.6.3-1ubuntu5) 4.6.3
Copyright (C) 2011 Free Software Foundation, Inc.
This is free software; see the source for copying conditions.  There is NO
warranty; not even for MERCHANTABILITY or FITNESS FOR A PARTICULAR PURPOSE.

[34m[1mLLVM version[0m
clang version 3.4 (tags/RELEASE_34/final)
Target: x86_64-unknown-linux-gnu
Thread model: posix
[34m[1mPre-installed Ruby versions[0m
ruby-1.9.3-p551
[34m[1mPre-installed Node.js versions[0m
v0.10.36
[34m[1mPre-installed Go versions[0m
1.4.1
[34m[1mRedis version[0m
redis-server 2.8.19
[34m[1mriak version[0m
2.0.2
[34m[1mMongoDB version[0m
MongoDB 2.4.12
[34m[1mCouchDB version[0m
couchdb 1.6.1
[34m[1mNeo4j version[0m
1.9.4
[34m[1mRabbitMQ Version[0m
3.4.3
[34m[1mElasticSearch version[0m
1.4.0
[34m[1mInstalled Sphinx versions[0m
2.0.10
2.1.9
2.2.6
[34m[1mDefault Sphinx version[0m
2.2.6
[34m[1mInstalled Firefox version[0m
firefox 31.0esr
[34m[1mPhantomJS version[0m
1.9.8
[34m[1mant -version[0m
Apache Ant(TM) version 1.8.2 compiled on December 3 2011
[34m[1mmvn -version[0m
Apache Maven 3.2.5 (12a6b3acb947671f09b81f49094c53f426d8cea1; 2014-12-14T17:29:23+00:00)
Maven home: /usr/local/maven
Java version: 1.7.0_76, vendor: Oracle Corporation
Java home: /usr/lib/jvm/java-7-oracle/jre
Default locale: en_US, platform encoding: ANSI_X3.4-1968
OS name: "linux", version: "3.13.0-29-generic", arch: "amd64", family: "unix"
travis_fold:end:system_info[0K
travis_fold:start:git.checkout[0Ktravis_time:start:2c2884ca[0K$ git clone --depth=50 git://github.com/checkstyle/checkstyle.git checkstyle/checkstyle
Cloning into 'checkstyle/checkstyle'...
remote: Counting objects: 2516, done.[K
remote: Compressing objects:   0% (1/1611)   [Kremote: Compressing objects:   1% (17/1611)   [Kremote: Compressing objects:   2% (33/1611)   [Kremote: Compressing objects:   3% (49/1611)   [Kremote: Compressing objects:   4% (65/1611)   [Kremote: Compressing objects:   5% (81/1611)   [Kremote: Compressing objects:   6% (97/1611)   [Kremote: Compressing objects:   7% (113/1611)   [Kremote: Compressing objects:   8% (129/1611)   [Kremote: Compressing objects:   9% (145/1611)   [Kremote: Compressing objects:  10% (162/1611)   [Kremote: Compressing objects:  11% (178/1611)   [Kremote: Compressing objects:  12% (194/1611)   [Kremote: Compressing objects:  13% (210/1611)   [Kremote: Compressing objects:  14% (226/1611)   [Kremote: Compressing objects:  15% (242/1611)   [Kremote: Compressing objects:  16% (258/1611)   [Kremote: Compressing objects:  17% (274/1611)   [Kremote: Compressing objects:  18% (290/1611)   [Kremote: Compressing objects:  19% (307/1611)   [Kremote: Compressing objects:  20% (323/1611)   [Kremote: Compressing objects:  21% (339/1611)   [Kremote: Compressing objects:  22% (355/1611)   [Kremote: Compressing objects:  23% (371/1611)   [Kremote: Compressing objects:  24% (387/1611)   [Kremote: Compressing objects:  25% (403/1611)   [Kremote: Compressing objects:  26% (419/1611)   [Kremote: Compressing objects:  27% (435/1611)   [Kremote: Compressing objects:  28% (452/1611)   [Kremote: Compressing objects:  29% (468/1611)   [Kremote: Compressing objects:  30% (484/1611)   [Kremote: Compressing objects:  31% (500/1611)   [Kremote: Compressing objects:  32% (516/1611)   [Kremote: Compressing objects:  33% (532/1611)   [Kremote: Compressing objects:  34% (548/1611)   [Kremote: Compressing objects:  35% (564/1611)   [Kremote: Compressing objects:  36% (580/1611)   [Kremote: Compressing objects:  37% (597/1611)   [Kremote: Compressing objects:  38% (613/1611)   [Kremote: Compressing objects:  39% (629/1611)   [Kremote: Compressing objects:  40% (645/1611)   [Kremote: Compressing objects:  41% (661/1611)   [Kremote: Compressing objects:  42% (677/1611)   [Kremote: Compressing objects:  43% (693/1611)   [Kremote: Compressing objects:  44% (709/1611)   [Kremote: Compressing objects:  45% (725/1611)   [Kremote: Compressing objects:  46% (742/1611)   [Kremote: Compressing objects:  47% (758/1611)   [Kremote: Compressing objects:  48% (774/1611)   [Kremote: Compressing objects:  49% (790/1611)   [Kremote: Compressing objects:  50% (806/1611)   [Kremote: Compressing objects:  51% (822/1611)   [Kremote: Compressing objects:  52% (838/1611)   [Kremote: Compressing objects:  53% (854/1611)   [Kremote: Compressing objects:  54% (870/1611)   [Kremote: Compressing objects:  55% (887/1611)   [Kremote: Compressing objects:  56% (903/1611)   [Kremote: Compressing objects:  57% (919/1611)   [Kremote: Compressing objects:  58% (935/1611)   [Kremote: Compressing objects:  59% (951/1611)   [Kremote: Compressing objects:  60% (967/1611)   [Kremote: Compressing objects:  61% (983/1611)   [Kremote: Compressing objects:  62% (999/1611)   [Kremote: Compressing objects:  63% (1015/1611)   [Kremote: Compressing objects:  64% (1032/1611)   [Kremote: Compressing objects:  65% (1048/1611)   [Kremote: Compressing objects:  66% (1064/1611)   [Kremote: Compressing objects:  67% (1080/1611)   [Kremote: Compressing objects:  68% (1096/1611)   [Kremote: Compressing objects:  69% (1112/1611)   [Kremote: Compressing objects:  70% (1128/1611)   [Kremote: Compressing objects:  71% (1144/1611)   [Kremote: Compressing objects:  72% (1160/1611)   [Kremote: Compressing objects:  73% (1177/1611)   [Kremote: Compressing objects:  74% (1193/1611)   [Kremote: Compressing objects:  75% (1209/1611)   [Kremote: Compressing objects:  76% (1225/1611)   [Kremote: Compressing objects:  77% (1241/1611)   [Kremote: Compressing objects:  78% (1257/1611)   [Kremote: Compressing objects:  79% (1273/1611)   [Kremote: Compressing objects:  80% (1289/1611)   [Kremote: Compressing objects:  81% (1305/1611)   [Kremote: Compressing objects:  82% (1322/1611)   [Kremote: Compressing objects:  83% (1338/1611)   [Kremote: Compressing objects:  84% (1354/1611)   [Kremote: Compressing objects:  85% (1370/1611)   [Kremote: Compressing objects:  86% (1386/1611)   [Kremote: Compressing objects:  87% (1402/1611)   [Kremote: Compressing objects:  88% (1418/1611)   [Kremote: Compressing objects:  89% (1434/1611)   [Kremote: Compressing objects:  90% (1450/1611)   [Kremote: Compressing objects:  91% (1467/1611)   [Kremote: Compressing objects:  92% (1483/1611)   [Kremote: Compressing objects:  93% (1499/1611)   [Kremote: Compressing objects:  94% (1515/1611)   [Kremote: Compressing objects:  95% (1531/1611)   [Kremote: Compressing objects:  96% (1547/1611)   [Kremote: Compressing objects:  97% (1563/1611)   [Kremote: Compressing objects:  98% (1579/1611)   [Kremote: Compressing objects:  99% (1595/1611)   [Kremote: Compressing objects: 100% (1611/1611)   [Kremote: Compressing objects: 100% (1611/1611), done.[K
Receiving objects:   0% (1/2516)   Receiving objects:   1% (26/2516)   Receiving objects:   2% (51/2516)   Receiving objects:   3% (76/2516)   Receiving objects:   4% (101/2516)   Receiving objects:   5% (126/2516)   Receiving objects:   6% (151/2516)   Receiving objects:   7% (177/2516)   Receiving objects:   8% (202/2516)   Receiving objects:   9% (227/2516)   Receiving objects:  10% (252/2516)   Receiving objects:  11% (277/2516)   Receiving objects:  12% (302/2516)   Receiving objects:  13% (328/2516)   Receiving objects:  14% (353/2516)   Receiving objects:  15% (378/2516)   Receiving objects:  16% (403/2516)   Receiving objects:  17% (428/2516)   Receiving objects:  18% (453/2516)   Receiving objects:  19% (479/2516)   Receiving objects:  20% (504/2516)   Receiving objects:  21% (529/2516)   Receiving objects:  22% (554/2516)   Receiving objects:  23% (579/2516)   Receiving objects:  24% (604/2516)   Receiving objects:  25% (629/2516)   Receiving objects:  26% (655/2516)   Receiving objects:  27% (680/2516)   Receiving objects:  28% (705/2516)   Receiving objects:  29% (730/2516)   Receiving objects:  30% (755/2516)   Receiving objects:  31% (780/2516)   Receiving objects:  32% (806/2516)   Receiving objects:  33% (831/2516)   Receiving objects:  34% (856/2516)   Receiving objects:  35% (881/2516)   Receiving objects:  36% (906/2516)   Receiving objects:  37% (931/2516)   Receiving objects:  38% (957/2516)   Receiving objects:  39% (982/2516)   Receiving objects:  40% (1007/2516)   Receiving objects:  41% (1032/2516)   Receiving objects:  42% (1057/2516)   Receiving objects:  43% (1082/2516)   Receiving objects:  44% (1108/2516)   Receiving objects:  45% (1133/2516)   Receiving objects:  46% (1158/2516)   Receiving objects:  47% (1183/2516)   Receiving objects:  48% (1208/2516)   Receiving objects:  49% (1233/2516)   Receiving objects:  50% (1258/2516)   Receiving objects:  51% (1284/2516)   Receiving objects:  52% (1309/2516)   Receiving objects:  53% (1334/2516)   Receiving objects:  54% (1359/2516)   Receiving objects:  55% (1384/2516)   Receiving objects:  56% (1409/2516)   Receiving objects:  57% (1435/2516)   Receiving objects:  58% (1460/2516)   Receiving objects:  59% (1485/2516)   Receiving objects:  60% (1510/2516)   Receiving objects:  61% (1535/2516)   Receiving objects:  62% (1560/2516)   Receiving objects:  63% (1586/2516)   Receiving objects:  64% (1611/2516)   Receiving objects:  65% (1636/2516)   Receiving objects:  66% (1661/2516)   Receiving objects:  67% (1686/2516)   Receiving objects:  68% (1711/2516)   Receiving objects:  69% (1737/2516)   Receiving objects:  70% (1762/2516)   Receiving objects:  71% (1787/2516)   Receiving objects:  72% (1812/2516)   Receiving objects:  73% (1837/2516)   Receiving objects:  74% (1862/2516)   Receiving objects:  75% (1887/2516)   Receiving objects:  76% (1913/2516)   Receiving objects:  77% (1938/2516)   Receiving objects:  78% (1963/2516)   Receiving objects:  79% (1988/2516)   Receiving objects:  80% (2013/2516)   Receiving objects:  81% (2038/2516)   Receiving objects:  82% (2064/2516)   Receiving objects:  83% (2089/2516)   Receiving objects:  84% (2114/2516)   Receiving objects:  85% (2139/2516)   Receiving objects:  86% (2164/2516)   Receiving objects:  87% (2189/2516)   remote: Total 2516 (delta 1025), reused 1532 (delta 617), pack-reused 0[K
Receiving objects:  88% (2215/2516)   Receiving objects:  89% (2240/2516)   Receiving objects:  90% (2265/2516)   Receiving objects:  91% (2290/2516)   Receiving objects:  92% (2315/2516)   Receiving objects:  93% (2340/2516)   Receiving objects:  94% (2366/2516)   Receiving objects:  95% (2391/2516)   Receiving objects:  96% (2416/2516)   Receiving objects:  97% (2441/2516)   Receiving objects:  98% (2466/2516)   Receiving objects:  99% (2491/2516)   Receiving objects: 100% (2516/2516)   Receiving objects: 100% (2516/2516), 2.93 MiB | 0 bytes/s, done.
Resolving deltas:   0% (0/1025)   Resolving deltas:   4% (49/1025)   Resolving deltas:   5% (53/1025)   Resolving deltas:   6% (62/1025)   Resolving deltas:   7% (72/1025)   Resolving deltas:   8% (87/1025)   Resolving deltas:   9% (93/1025)   Resolving deltas:  10% (103/1025)   Resolving deltas:  11% (113/1025)   Resolving deltas:  12% (124/1025)   Resolving deltas:  13% (143/1025)   Resolving deltas:  15% (156/1025)   Resolving deltas:  16% (170/1025)   Resolving deltas:  17% (184/1025)   Resolving deltas:  18% (194/1025)   Resolving deltas:  19% (204/1025)   Resolving deltas:  20% (207/1025)   Resolving deltas:  21% (216/1025)   Resolving deltas:  25% (257/1025)   Resolving deltas:  26% (268/1025)   Resolving deltas:  27% (277/1025)   Resolving deltas:  28% (290/1025)   Resolving deltas:  29% (299/1025)   Resolving deltas:  31% (321/1025)   Resolving deltas:  32% (333/1025)   Resolving deltas:  33% (340/1025)   Resolving deltas:  34% (350/1025)   Resolving deltas:  35% (359/1025)   Resolving deltas:  36% (370/1025)   Resolving deltas:  37% (388/1025)   Resolving deltas:  38% (390/1025)   Resolving deltas:  39% (401/1025)   Resolving deltas:  40% (411/1025)   Resolving deltas:  41% (423/1025)   Resolving deltas:  42% (432/1025)   Resolving deltas:  43% (441/1025)   Resolving deltas:  44% (454/1025)   Resolving deltas:  46% (474/1025)   Resolving deltas:  47% (486/1025)   Resolving deltas:  48% (492/1025)   Resolving deltas:  49% (503/1025)   Resolving deltas:  50% (513/1025)   Resolving deltas:  51% (524/1025)   Resolving deltas:  52% (533/1025)   Resolving deltas:  53% (547/1025)   Resolving deltas:  54% (554/1025)   Resolving deltas:  55% (568/1025)   Resolving deltas:  56% (576/1025)   Resolving deltas:  57% (587/1025)   Resolving deltas:  58% (595/1025)   Resolving deltas:  59% (611/1025)   Resolving deltas:  60% (615/1025)   Resolving deltas:  61% (627/1025)   Resolving deltas:  62% (637/1025)   Resolving deltas:  63% (652/1025)   Resolving deltas:  64% (658/1025)   Resolving deltas:  65% (672/1025)   Resolving deltas:  66% (679/1025)   Resolving deltas:  67% (687/1025)   Resolving deltas:  70% (722/1025)   Resolving deltas:  73% (750/1025)   Resolving deltas:  78% (801/1025)   Resolving deltas:  79% (811/1025)   Resolving deltas:  80% (822/1025)   Resolving deltas:  81% (833/1025)   Resolving deltas:  82% (842/1025)   Resolving deltas:  83% (854/1025)   Resolving deltas:  84% (862/1025)   Resolving deltas:  85% (873/1025)   Resolving deltas:  86% (882/1025)   Resolving deltas:  87% (892/1025)   Resolving deltas:  88% (903/1025)   Resolving deltas:  89% (916/1025)   Resolving deltas:  91% (933/1025)   Resolving deltas:  92% (943/1025)   Resolving deltas:  93% (956/1025)   Resolving deltas:  94% (966/1025)   Resolving deltas:  95% (974/1025)   Resolving deltas:  97% (996/1025)   Resolving deltas:  99% (1022/1025)   Resolving deltas: 100% (1025/1025)   Resolving deltas: 100% (1025/1025), done.
Checking connectivity... done.
travis_time:end:2c2884ca:start=1439167174884761287,finish=1439167175579710645,duration=694949358[0K$ cd checkstyle/checkstyle
travis_time:start:23ed2fe3[0K$ git fetch origin +refs/pull/1647/merge:
remote: Counting objects: 26, done.[K
remote: Compressing objects:  14% (1/7)   [Kremote: Compressing objects:  28% (2/7)   [Kremote: Compressing objects:  42% (3/7)   [Kremote: Compressing objects:  57% (4/7)   [Kremote: Compressing objects:  71% (5/7)   [Kremote: Compressing objects:  85% (6/7)   [Kremote: Compressing objects: 100% (7/7)   [Kremote: Compressing objects: 100% (7/7), done.[K
remote: Total 26 (delta 12), reused 24 (delta 11), pack-reused 0[K
Unpacking objects:   3% (1/26)   Unpacking objects:   7% (2/26)   Unpacking objects:  11% (3/26)   Unpacking objects:  15% (4/26)   Unpacking objects:  19% (5/26)   Unpacking objects:  23% (6/26)   Unpacking objects:  26% (7/26)   Unpacking objects:  30% (8/26)   Unpacking objects:  34% (9/26)   Unpacking objects:  38% (10/26)   Unpacking objects:  42% (11/26)   Unpacking objects:  46% (12/26)   Unpacking objects:  50% (13/26)   Unpacking objects:  53% (14/26)   Unpacking objects:  57% (15/26)   Unpacking objects:  61% (16/26)   Unpacking objects:  65% (17/26)   Unpacking objects:  69% (18/26)   Unpacking objects:  73% (19/26)   Unpacking objects:  76% (20/26)   Unpacking objects:  80% (21/26)   Unpacking objects:  84% (22/26)   Unpacking objects:  88% (23/26)   Unpacking objects:  92% (24/26)   Unpacking objects:  96% (25/26)   Unpacking objects: 100% (26/26)   Unpacking objects: 100% (26/26), done.
From git://github.com/checkstyle/checkstyle
 * branch            refs/pull/1647/merge -> FETCH_HEAD
travis_time:end:23ed2fe3:start=1439167175583491934,finish=1439167175690425202,duration=106933268[0K$ git checkout -qf FETCH_HEAD
travis_fold:end:git.checkout[0K
[33;1mThis job is running on container-based infrastructure, which does not allow use of 'sudo', setuid and setguid executables.[0m
[33;1mIf you require sudo, add 'sudo: required' to your .travis.yml[0m
[33;1mSee http://docs.travis-ci.com/user/workers/container-based-infrastructure/ for details.[0m

[33;1mSetting environment variables from .travis.yml[0m
$ export DESC="checkstyle"
$ export CMD="mvn clean verify -DskipTests -DskipITs -Dpmd.skip=true -Dfindbugs.skip=true -Dcobertura.skip=true"
$ export COVERAGE_CMD=""

travis_fold:start:cache.1[0KSetting up build cache
$ export CASHER_DIR=$HOME/.casher
travis_time:start:0baa5e00[0K$ Installing caching utilities
travis_time:end:0baa5e00:start=1439167177190854862,finish=1439167177282102036,duration=91247174[0Ktravis_time:start:1e775184[0Kattempting to download cache archive
fetching PR.1647/cache--jdk-oraclejdk7.tgz
found cache
travis_time:end:1e775184:start=1439167177286671951,finish=1439167178815693484,duration=1529021533[0Ktravis_time:start:06309394[0Kadding /home/travis/.m2 to cache
travis_time:end:06309394:start=1439167178819285899,finish=1439167180353314417,duration=1534028518[0Ktravis_fold:end:cache.1[0K$ jdk_switcher use oraclejdk7
Switching to Oracle JDK7 (java-7-oracle), JAVA_HOME will be set to /usr/lib/jvm/java-7-oracle
$ java -Xmx32m -version
java version "1.7.0_76"
Java(TM) SE Runtime Environment (build 1.7.0_76-b13)
Java HotSpot(TM) 64-Bit Server VM (build 24.76-b04, mixed mode)
$ javac -J-Xmx32m -version
javac 1.7.0_76
travis_fold:start:install[0Ktravis_time:start:11b84e1b[0K$ 
travis_time:end:11b84e1b:start=1439167180649575443,finish=1439167180652513591,duration=2938148[0Ktravis_fold:end:install[0Ktravis_time:start:0005ddb2[0K$ eval $CMD
[INFO] Scanning for projects...
[INFO]                                                                         
[INFO] ------------------------------------------------------------------------
[INFO] Building checkstyle 6.10-SNAPSHOT
[INFO] ------------------------------------------------------------------------
Downloading: https://repository.apache.org/snapshots/junit/junit-dep/maven-metadata.xml
Downloading: https://repository.apache.org/releases/junit/junit-dep/maven-metadata.xml
Downloading: https://oss.sonatype.org/content/repositories/releases/junit/junit-dep/maven-metadata.xml
563/563 B               Downloaded: https://oss.sonatype.org/content/repositories/releases/junit/junit-dep/maven-metadata.xml (563 B at 1.1 KB/sec)
                        Downloading: https://oss.sonatype.org/content/repositories/releases/commons-io/commons-io/maven-metadata.xml
Downloading: https://repository.apache.org/releases/commons-io/commons-io/maven-metadata.xml
Downloading: https://repository.apache.org/snapshots/commons-io/commons-io/maven-metadata.xml
                        312/312 B               Downloaded: https://repository.apache.org/snapshots/commons-io/commons-io/maven-metadata.xml (312 B at 0.5 KB/sec)
Downloading: https://repository.apache.org/snapshots/commons-io/commons-io/2.5-SNAPSHOT/maven-metadata.xml
3/3 KB               Downloaded: https://repository.apache.org/snapshots/commons-io/commons-io/2.5-SNAPSHOT/maven-metadata.xml (3 KB at 4.5 KB/sec)
[INFO] 
[INFO] --- maven-clean-plugin:2.6.1:clean (default-clean) @ checkstyle ---
[INFO] 
[INFO] --- maven-enforcer-plugin:1.4:enforce (enforce-maven) @ checkstyle ---
[INFO] 
[INFO] --- maven-enforcer-plugin:1.4:enforce (enforce-versions) @ checkstyle ---
[INFO] 
[INFO] --- antlr-maven-plugin:2.2:generate (default) @ checkstyle ---
[INFO] performing grammar generation [java.g]
ANTLR Parser Generator   Version 2.7.7 (20060906)   1989-2005
/home/travis/build/checkstyle/checkstyle/src/main/resources/com/puppycrawl/tools/checkstyle/grammars/java.g:623:17: warning:nondeterminism between alts 1 and 2 of block upon
/home/travis/build/checkstyle/checkstyle/src/main/resources/com/puppycrawl/tools/checkstyle/grammars/java.g:623:17:     k==1:AT
/home/travis/build/checkstyle/checkstyle/src/main/resources/com/puppycrawl/tools/checkstyle/grammars/java.g:623:17:     k==2:IDENT
/home/travis/build/checkstyle/checkstyle/src/main/resources/com/puppycrawl/tools/checkstyle/grammars/java.g:770:17: warning:nondeterminism between alts 1 and 2 of block upon
/home/travis/build/checkstyle/checkstyle/src/main/resources/com/puppycrawl/tools/checkstyle/grammars/java.g:770:17:     k==1:AT
/home/travis/build/checkstyle/checkstyle/src/main/resources/com/puppycrawl/tools/checkstyle/grammars/java.g:770:17:     k==2:IDENT
/home/travis/build/checkstyle/checkstyle/src/main/resources/com/puppycrawl/tools/checkstyle/grammars/java.g:806:65: warning:nondeterminism between alts 1 and 2 of block upon
/home/travis/build/checkstyle/checkstyle/src/main/resources/com/puppycrawl/tools/checkstyle/grammars/java.g:806:65:     k==1:SEMI
/home/travis/build/checkstyle/checkstyle/src/main/resources/com/puppycrawl/tools/checkstyle/grammars/java.g:806:65:     k==2:"final","abstract","strictfp",SEMI,"void","boolean","byte","char","short","int","float","long","double",IDENT,"private","public","protected","static","transient","native","synchronized","volatile","class","interface",LCURLY,RCURLY,"default",LT,ENUM,AT
/home/travis/build/checkstyle/checkstyle/src/main/resources/com/puppycrawl/tools/checkstyle/grammars/java.g:695:17: warning:nondeterminism between alts 1 and 2 of block upon
/home/travis/build/checkstyle/checkstyle/src/main/resources/com/puppycrawl/tools/checkstyle/grammars/java.g:695:17:     k==1:AT
/home/travis/build/checkstyle/checkstyle/src/main/resources/com/puppycrawl/tools/checkstyle/grammars/java.g:695:17:     k==2:IDENT
/home/travis/build/checkstyle/checkstyle/src/main/resources/com/puppycrawl/tools/checkstyle/grammars/java.g:947: warning:Syntactic predicate superfluous for single alternative
/home/travis/build/checkstyle/checkstyle/src/main/resources/com/puppycrawl/tools/checkstyle/grammars/java.g:972:38: warning:nondeterminism between alts 1 and 2 of block upon
/home/travis/build/checkstyle/checkstyle/src/main/resources/com/puppycrawl/tools/checkstyle/grammars/java.g:972:38:     k==1:IDENT
/home/travis/build/checkstyle/checkstyle/src/main/resources/com/puppycrawl/tools/checkstyle/grammars/java.g:972:38:     k==2:LBRACK
/home/travis/build/checkstyle/checkstyle/src/main/resources/com/puppycrawl/tools/checkstyle/grammars/java.g:1027:54: warning:nondeterminism between alts 1 and 2 of block upon
/home/travis/build/checkstyle/checkstyle/src/main/resources/com/puppycrawl/tools/checkstyle/grammars/java.g:1027:54:     k==1:SEMI
/home/travis/build/checkstyle/checkstyle/src/main/resources/com/puppycrawl/tools/checkstyle/grammars/java.g:1027:54:     k==2:"final","abstract","strictfp",SEMI,"void","boolean","byte","char","short","int","float","long","double",IDENT,"private","public","protected","static","transient","native","synchronized","volatile","class",LCURLY,RCURLY,LPAREN,RPAREN,"this","super",COLON,"if","while","do","break","continue","return","switch","throw","for","else","case","default","try",PLUS,MINUS,INC,DEC,BNOT,LNOT,"true","false","null","new",NUM_INT,CHAR_LITERAL,STRING_LITERAL,NUM_FLOAT,NUM_LONG,NUM_DOUBLE,ASSERT,AT
/home/travis/build/checkstyle/checkstyle/src/main/resources/com/puppycrawl/tools/checkstyle/grammars/java.g:1127:17: warning:nondeterminism between alts 1 and 2 of block upon
/home/travis/build/checkstyle/checkstyle/src/main/resources/com/puppycrawl/tools/checkstyle/grammars/java.g:1127:17:     k==1:"default"
/home/travis/build/checkstyle/checkstyle/src/main/resources/com/puppycrawl/tools/checkstyle/grammars/java.g:1127:17:     k==2:"final","abstract","strictfp",SEMI,"void","boolean","byte","char","short","int","float","long","double",IDENT,"private","public","protected","static","transient","native","synchronized","volatile","class",LCURLY,RCURLY,LPAREN,RPAREN,"this","super",COLON,"if","while","do","break","continue","return","switch","throw","for","case","default","try",PLUS,MINUS,INC,DEC,BNOT,LNOT,"true","false","null","new",NUM_INT,CHAR_LITERAL,STRING_LITERAL,NUM_FLOAT,NUM_LONG,NUM_DOUBLE,ASSERT,AT
/home/travis/build/checkstyle/checkstyle/src/main/resources/com/puppycrawl/tools/checkstyle/grammars/java.g:1411:25: warning:nondeterminism between alts 1 and 4 of block upon
/home/travis/build/checkstyle/checkstyle/src/main/resources/com/puppycrawl/tools/checkstyle/grammars/java.g:1411:25:     k==1:IDENT,"this","super",LT
/home/travis/build/checkstyle/checkstyle/src/main/resources/com/puppycrawl/tools/checkstyle/grammars/java.g:1411:25:     k==2:"final","abstract","strictfp",SEMI,LBRACK,RBRACK,"void","boolean","byte","char","short","int","float","long","double",IDENT,DOT,STAR,"private","public","protected","static","transient","native","synchronized","volatile","class","interface",LCURLY,RCURLY,COMMA,LPAREN,RPAREN,"this","super",ASSIGN,COLON,"if","while","do","break","continue","return","switch","throw","for","else","case","default","try",PLUS_ASSIGN,MINUS_ASSIGN,STAR_ASSIGN,DIV_ASSIGN,MOD_ASSIGN,SR_ASSIGN,BSR_ASSIGN,SL_ASSIGN,BAND_ASSIGN,BXOR_ASSIGN,BOR_ASSIGN,QUESTION,LOR,LAND,BOR,BXOR,BAND,NOT_EQUAL,EQUAL,LT,GT,LE,GE,"instanceof",SL,SR,BSR,PLUS,MINUS,DIV,MOD,INC,DEC,BNOT,LNOT,"true","false","null","new",NUM_INT,CHAR_LITERAL,STRING_LITERAL,NUM_FLOAT,NUM_LONG,NUM_DOUBLE,ASSERT,ENUM,AT,DOUBLE_COLON
/home/travis/build/checkstyle/checkstyle/src/main/resources/com/puppycrawl/tools/checkstyle/grammars/java.g:1411:25: warning:nondeterminism between alts 2 and 4 of block upon
/home/travis/build/checkstyle/checkstyle/src/main/resources/com/puppycrawl/tools/checkstyle/grammars/java.g:1411:25:     k==1:"class"
/home/travis/build/checkstyle/checkstyle/src/main/resources/com/puppycrawl/tools/checkstyle/grammars/java.g:1411:25:     k==2:"final","abstract","strictfp",SEMI,LBRACK,RBRACK,"void","boolean","byte","char","short","int","float","long","double",IDENT,DOT,STAR,"private","public","protected","static","transient","native","synchronized","volatile","class","interface",LCURLY,RCURLY,COMMA,LPAREN,RPAREN,"this","super",ASSIGN,COLON,"if","while","do","break","continue","return","switch","throw","for","else","case","default","try",PLUS_ASSIGN,MINUS_ASSIGN,STAR_ASSIGN,DIV_ASSIGN,MOD_ASSIGN,SR_ASSIGN,BSR_ASSIGN,SL_ASSIGN,BAND_ASSIGN,BXOR_ASSIGN,BOR_ASSIGN,QUESTION,LOR,LAND,BOR,BXOR,BAND,NOT_EQUAL,EQUAL,LT,GT,LE,GE,"instanceof",SL,SR,BSR,PLUS,MINUS,DIV,MOD,INC,DEC,BNOT,LNOT,"true","false","null","new",NUM_INT,CHAR_LITERAL,STRING_LITERAL,NUM_FLOAT,NUM_LONG,NUM_DOUBLE,ASSERT,ENUM,AT,DOUBLE_COLON
/home/travis/build/checkstyle/checkstyle/src/main/resources/com/puppycrawl/tools/checkstyle/grammars/java.g:1411:25: warning:nondeterminism between alts 3 and 4 of block upon
/home/travis/build/checkstyle/checkstyle/src/main/resources/com/puppycrawl/tools/checkstyle/grammars/java.g:1411:25:     k==1:"new"
/home/travis/build/checkstyle/checkstyle/src/main/resources/com/puppycrawl/tools/checkstyle/grammars/java.g:1411:25:     k==2:"void","boolean","byte","char","short","int","float","long","double",IDENT,LT,AT
/home/travis/build/checkstyle/checkstyle/src/main/resources/com/puppycrawl/tools/checkstyle/grammars/java.g:1456:17: warning:nondeterminism between alts 1 and 3 of block upon
/home/travis/build/checkstyle/checkstyle/src/main/resources/com/puppycrawl/tools/checkstyle/grammars/java.g:1456:17:     k==1:INC
/home/travis/build/checkstyle/checkstyle/src/main/resources/com/puppycrawl/tools/checkstyle/grammars/java.g:1456:17:     k==2:"final","abstract","strictfp",SEMI,RBRACK,"void","boolean","byte","char","short","int","float","long","double",IDENT,STAR,"private","public","protected","static","transient","native","synchronized","volatile","class","interface",LCURLY,RCURLY,COMMA,LPAREN,RPAREN,"this","super",ASSIGN,COLON,"if","while","do","break","continue","return","switch","throw","for","else","case","default","try",PLUS_ASSIGN,MINUS_ASSIGN,STAR_ASSIGN,DIV_ASSIGN,MOD_ASSIGN,SR_ASSIGN,BSR_ASSIGN,SL_ASSIGN,BAND_ASSIGN,BXOR_ASSIGN,BOR_ASSIGN,QUESTION,LOR,LAND,BOR,BXOR,BAND,NOT_EQUAL,EQUAL,LT,GT,LE,GE,"instanceof",SL,SR,BSR,PLUS,MINUS,DIV,MOD,INC,DEC,BNOT,LNOT,"true","false","null","new",NUM_INT,CHAR_LITERAL,STRING_LITERAL,NUM_FLOAT,NUM_LONG,NUM_DOUBLE,ASSERT,ENUM,AT
/home/travis/build/checkstyle/checkstyle/src/main/resources/com/puppycrawl/tools/checkstyle/grammars/java.g:1456:17: warning:nondeterminism between alts 2 and 3 of block upon
/home/travis/build/checkstyle/checkstyle/src/main/resources/com/puppycrawl/tools/checkstyle/grammars/java.g:1456:17:     k==1:DEC
/home/travis/build/checkstyle/checkstyle/src/main/resources/com/puppycrawl/tools/checkstyle/grammars/java.g:1456:17:     k==2:"final","abstract","strictfp",SEMI,RBRACK,"void","boolean","byte","char","short","int","float","long","double",IDENT,STAR,"private","public","protected","static","transient","native","synchronized","volatile","class","interface",LCURLY,RCURLY,COMMA,LPAREN,RPAREN,"this","super",ASSIGN,COLON,"if","while","do","break","continue","return","switch","throw","for","else","case","default","try",PLUS_ASSIGN,MINUS_ASSIGN,STAR_ASSIGN,DIV_ASSIGN,MOD_ASSIGN,SR_ASSIGN,BSR_ASSIGN,SL_ASSIGN,BAND_ASSIGN,BXOR_ASSIGN,BOR_ASSIGN,QUESTION,LOR,LAND,BOR,BXOR,BAND,NOT_EQUAL,EQUAL,LT,GT,LE,GE,"instanceof",SL,SR,BSR,PLUS,MINUS,DIV,MOD,INC,DEC,BNOT,LNOT,"true","false","null","new",NUM_INT,CHAR_LITERAL,STRING_LITERAL,NUM_FLOAT,NUM_LONG,NUM_DOUBLE,ASSERT,ENUM,AT
/home/travis/build/checkstyle/checkstyle/src/main/resources/com/puppycrawl/tools/checkstyle/grammars/java.g:1534:47: warning:nondeterminism between alts 1 and 2 of block upon
/home/travis/build/checkstyle/checkstyle/src/main/resources/com/puppycrawl/tools/checkstyle/grammars/java.g:1534:47:     k==1:LCURLY
/home/travis/build/checkstyle/checkstyle/src/main/resources/com/puppycrawl/tools/checkstyle/grammars/java.g:1534:47:     k==2:"final","abstract","strictfp",SEMI,"void","boolean","byte","char","short","int","float","long","double",IDENT,"private","public","protected","static","transient","native","synchronized","volatile","class","interface",LCURLY,RCURLY,"default",LT,ENUM,AT
/home/travis/build/checkstyle/checkstyle/src/main/resources/com/puppycrawl/tools/checkstyle/grammars/java.g:1544:44: warning:nondeterminism between alts 1 and 2 of block upon
/home/travis/build/checkstyle/checkstyle/src/main/resources/com/puppycrawl/tools/checkstyle/grammars/java.g:1544:44:     k==1:LCURLY
/home/travis/build/checkstyle/checkstyle/src/main/resources/com/puppycrawl/tools/checkstyle/grammars/java.g:1544:44:     k==2:"void","boolean","byte","char","short","int","float","long","double",IDENT,LCURLY,RCURLY,COMMA,LPAREN,"this","super",PLUS,MINUS,INC,DEC,BNOT,LNOT,"true","false","null","new",NUM_INT,CHAR_LITERAL,STRING_LITERAL,NUM_FLOAT,NUM_LONG,NUM_DOUBLE
/home/travis/build/checkstyle/checkstyle/src/main/resources/com/puppycrawl/tools/checkstyle/grammars/java.g:1585: warning:nondeterminism between alts 2 and 3 of block upon
/home/travis/build/checkstyle/checkstyle/src/main/resources/com/puppycrawl/tools/checkstyle/grammars/java.g:1585:     k==1:LPAREN
/home/travis/build/checkstyle/checkstyle/src/main/resources/com/puppycrawl/tools/checkstyle/grammars/java.g:1585:     k==2:IDENT
/home/travis/build/checkstyle/checkstyle/src/main/resources/com/puppycrawl/tools/checkstyle/grammars/java.g:1587:24: warning:nondeterminism between alts 1 and 2 of block upon
/home/travis/build/checkstyle/checkstyle/src/main/resources/com/puppycrawl/tools/checkstyle/grammars/java.g:1587:24:     k==1:RPAREN
/home/travis/build/checkstyle/checkstyle/src/main/resources/com/puppycrawl/tools/checkstyle/grammars/java.g:1587:24:     k==2:LAMBDA

[INFO] 
[INFO] --- antlr4-maven-plugin:4.5.1:antlr4 (default) @ checkstyle ---
[INFO] ANTLR 4: Processing source directory /home/travis/build/checkstyle/checkstyle/src/main/resources
[INFO] Processing grammar: com/puppycrawl/tools/checkstyle/grammars/javadoc/JavadocLexer.g4
[INFO] Processing grammar: com/puppycrawl/tools/checkstyle/grammars/javadoc/JavadocParser.g4
[INFO] 
[INFO] --- build-helper-maven-plugin:1.9.1:add-source (add-source) @ checkstyle ---
[INFO] Source directory: /home/travis/build/checkstyle/checkstyle/target/generated-sources/antlr added.
[INFO] 
[INFO] --- maven-resources-plugin:2.7:resources (default-resources) @ checkstyle ---
[INFO] Using 'UTF-8' encoding to copy filtered resources.
[INFO] Copying 137 resources
[INFO] Copying 1 resource
[INFO] 
[INFO] --- build-helper-maven-plugin:1.9.1:add-test-source (add-test-source) @ checkstyle ---
[INFO] Test Source directory: /home/travis/build/checkstyle/checkstyle/src/test/resources added.
[INFO] 
[INFO] --- build-helper-maven-plugin:1.9.1:add-test-source (add-ittest-source) @ checkstyle ---
[INFO] Test Source directory: /home/travis/build/checkstyle/checkstyle/src/it/java added.
[INFO] 
[INFO] --- build-helper-maven-plugin:1.9.1:add-test-source (add-ittest-resource) @ checkstyle ---
[INFO] Test Source directory: /home/travis/build/checkstyle/checkstyle/src/it/resources added.
[INFO] 
[INFO] --- maven-compiler-plugin:3.3:compile (default-compile) @ checkstyle ---
[INFO] Changes detected - recompiling the module!
[INFO] Compiling 329 source files to /home/travis/build/checkstyle/checkstyle/target/classes
[INFO] /home/travis/build/checkstyle/checkstyle/src/main/java/com/puppycrawl/tools/checkstyle/checks/javadoc/JavadocMethodCheck.java: /home/travis/build/checkstyle/checkstyle/src/main/java/com/puppycrawl/tools/checkstyle/checks/javadoc/JavadocMethodCheck.java uses or overrides a deprecated API.
[INFO] /home/travis/build/checkstyle/checkstyle/src/main/java/com/puppycrawl/tools/checkstyle/checks/javadoc/JavadocMethodCheck.java: Recompile with -Xlint:deprecation for details.
[INFO] /home/travis/build/checkstyle/checkstyle/src/main/java/com/puppycrawl/tools/checkstyle/api/AutomaticBean.java: Some input files use unchecked or unsafe operations.
[INFO] /home/travis/build/checkstyle/checkstyle/src/main/java/com/puppycrawl/tools/checkstyle/api/AutomaticBean.java: Recompile with -Xlint:unchecked for details.
[INFO] 
[INFO] --- maven-antrun-plugin:1.8:run (ant-phase-compile) @ checkstyle ---
[INFO] Executing tasks

main:

execute:
[propertyfile] Creating new property file: /home/travis/build/checkstyle/checkstyle/target/classes/checkstylecompilation.properties
  [javadoc] Generating Javadoc
  [javadoc] Javadoc execution
  [javadoc] Loading source file /home/travis/build/checkstyle/checkstyle/src/main/java/com/puppycrawl/tools/checkstyle/api/TokenTypes.java...
  [javadoc] Constructing Javadoc information...
[INFO] Executed tasks
[INFO] 
[INFO] --- maven-resources-plugin:2.7:testResources (default-testResources) @ checkstyle ---
[INFO] Using 'UTF-8' encoding to copy filtered resources.
[INFO] Copying 479 resources
[INFO] 
[INFO] --- maven-compiler-plugin:3.3:testCompile (default-testCompile) @ checkstyle ---
[INFO] Changes detected - recompiling the module!
[INFO] Compiling 787 source files to /home/travis/build/checkstyle/checkstyle/target/test-classes
[INFO] /home/travis/build/checkstyle/checkstyle/src/it/resources/com/google/checkstyle/test/chapter3filestructure/rule333orderingandsoacing/CustomImportOrderValidInput.java: Some input files use or override a deprecated API.
[INFO] /home/travis/build/checkstyle/checkstyle/src/it/resources/com/google/checkstyle/test/chapter3filestructure/rule333orderingandsoacing/CustomImportOrderValidInput.java: Recompile with -Xlint:deprecation for details.
[INFO] /home/travis/build/checkstyle/checkstyle/src/test/java/com/puppycrawl/tools/checkstyle/MainTest.java: Some input files use unchecked or unsafe operations.
[INFO] /home/travis/build/checkstyle/checkstyle/src/test/java/com/puppycrawl/tools/checkstyle/MainTest.java: Recompile with -Xlint:unchecked for details.
[INFO] 
[INFO] --- maven-surefire-plugin:2.18.1:test (default-test) @ checkstyle ---
[INFO] Tests are skipped.
[INFO] 
[INFO] --- xml-maven-plugin:1.0:validate (default) @ checkstyle ---
[INFO] 
[INFO] --- maven-jar-plugin:2.6:jar (default-jar) @ checkstyle ---
[INFO] Building jar: /home/travis/build/checkstyle/checkstyle/target/checkstyle-6.10-SNAPSHOT.jar
[INFO] 
[INFO] --- maven-jar-plugin:2.6:test-jar (default) @ checkstyle ---
[INFO] Building jar: /home/travis/build/checkstyle/checkstyle/target/checkstyle-6.10-SNAPSHOT-tests.jar
[INFO] 
[INFO] --- maven-failsafe-plugin:2.18.1:integration-test (integration-test) @ checkstyle ---
[INFO] Tests are skipped.
[INFO] 
[INFO] --- maven-failsafe-plugin:2.18.1:verify (verify) @ checkstyle ---
[INFO] Tests are skipped.
[INFO] 
[INFO] --- maven-antrun-plugin:1.8:run (ant-phase-verify) @ checkstyle ---
[INFO] Executing tasks

main:

execute:
     [echo] Checkstyle started: 10/08/2015 12:40:06 AM
[checkstyle] Running Checkstyle 6.10-SNAPSHOT on 682 files
[checkstyle] /home/travis/build/checkstyle/checkstyle/src/main/java/com/puppycrawl/tools/checkstyle/ConfigurationLoader.java:24:8: Unused import - java.io.InputStream.
[checkstyle] /home/travis/build/checkstyle/checkstyle/src/main/java/com/puppycrawl/tools/checkstyle/Utils.java:214:8: Unable to get class information for @throws tag 'ConversionException'.
[checkstyle] /home/travis/build/checkstyle/checkstyle/src/main/java/com/puppycrawl/tools/checkstyle/checks/AbstractFormatCheck.java:50:8: Unable to get class information for @throws tag 'ConversionException'.
[checkstyle] /home/travis/build/checkstyle/checkstyle/src/main/java/com/puppycrawl/tools/checkstyle/checks/AbstractFormatCheck.java:61:8: Unable to get class information for @throws tag 'ConversionException'.
[checkstyle] /home/travis/build/checkstyle/checkstyle/src/main/java/com/puppycrawl/tools/checkstyle/checks/AbstractFormatCheck.java:70:8: Unable to get class information for @throws tag 'ConversionException'.
[checkstyle] /home/travis/build/checkstyle/checkstyle/src/main/java/com/puppycrawl/tools/checkstyle/checks/AbstractOptionCheck.java:59:8: Unable to get class information for @throws tag 'ConversionException'.
[checkstyle] /home/travis/build/checkstyle/checkstyle/src/main/java/com/puppycrawl/tools/checkstyle/checks/TodoCommentCheck.java:82:8: Unable to get class information for @throws tag 'org.apache.commons.beanutils.ConversionException'.
[checkstyle] /home/travis/build/checkstyle/checkstyle/src/main/java/com/puppycrawl/tools/checkstyle/checks/annotation/AnnotationUseStyleCheck.java:182:8: Unable to get class information for @throws tag 'ConversionException'.
[checkstyle] /home/travis/build/checkstyle/checkstyle/src/main/java/com/puppycrawl/tools/checkstyle/checks/annotation/AnnotationUseStyleCheck.java:192:8: Unable to get class information for @throws tag 'ConversionException'.
[checkstyle] /home/travis/build/checkstyle/checkstyle/src/main/java/com/puppycrawl/tools/checkstyle/checks/annotation/AnnotationUseStyleCheck.java:202:8: Unable to get class information for @throws tag 'ConversionException'.
[checkstyle] /home/travis/build/checkstyle/checkstyle/src/main/java/com/puppycrawl/tools/checkstyle/checks/blocks/EmptyCatchBlockCheck.java:155:8: Unable to get class information for @throws tag 'org.apache.commons.beanutils.ConversionException'.
[checkstyle] /home/travis/build/checkstyle/checkstyle/src/main/java/com/puppycrawl/tools/checkstyle/checks/blocks/EmptyCatchBlockCheck.java:167:8: Unable to get class information for @throws tag 'org.apache.commons.beanutils.ConversionException'.
[checkstyle] /home/travis/build/checkstyle/checkstyle/src/main/java/com/puppycrawl/tools/checkstyle/checks/coding/MultipleStringLiteralsCheck.java:91:8: Unable to get class information for @throws tag 'org.apache.commons.beanutils.ConversionException'.
[checkstyle] /home/travis/build/checkstyle/checkstyle/src/main/java/com/puppycrawl/tools/checkstyle/checks/coding/VariableDeclarationUsageDistanceCheck.java:220:8: Unable to get class information for @throws tag 'org.apache.commons.beanutils.ConversionException'.
[checkstyle] /home/travis/build/checkstyle/checkstyle/src/main/java/com/puppycrawl/tools/checkstyle/checks/design/VisibilityModifierCheck.java:350:8: Unable to get class information for @throws tag 'org.apache.commons.beanutils.ConversionException'.
[checkstyle] /home/travis/build/checkstyle/checkstyle/src/main/java/com/puppycrawl/tools/checkstyle/checks/header/AbstractHeaderCheck.java:161:8: Unable to get class information for @throws tag 'ConversionException'.
[checkstyle] /home/travis/build/checkstyle/checkstyle/src/main/java/com/puppycrawl/tools/checkstyle/checks/header/AbstractHeaderCheck.java:175:8: Unable to get class information for @throws tag 'ConversionException'.
[checkstyle] /home/travis/build/checkstyle/checkstyle/src/main/java/com/puppycrawl/tools/checkstyle/checks/imports/CustomImportOrderCheck.java:341:8: Unable to get class information for @throws tag 'org.apache.commons.beanutils.ConversionException'.
[checkstyle] /home/travis/build/checkstyle/checkstyle/src/main/java/com/puppycrawl/tools/checkstyle/checks/imports/CustomImportOrderCheck.java:352:8: Unable to get class information for @throws tag 'org.apache.commons.beanutils.ConversionException'.
[checkstyle] /home/travis/build/checkstyle/checkstyle/src/main/java/com/puppycrawl/tools/checkstyle/checks/imports/CustomImportOrderCheck.java:363:8: Unable to get class information for @throws tag 'org.apache.commons.beanutils.ConversionException'.
[checkstyle] /home/travis/build/checkstyle/checkstyle/src/main/java/com/puppycrawl/tools/checkstyle/checks/imports/ImportControlCheck.java:132:8: Unable to get class information for @throws tag 'ConversionException'.
[checkstyle] /home/travis/build/checkstyle/checkstyle/src/main/java/com/puppycrawl/tools/checkstyle/checks/javadoc/JavadocVariableCheck.java:75:8: Unable to get class information for @throws tag 'org.apache.commons.beanutils.ConversionException'.
[checkstyle] /home/travis/build/checkstyle/checkstyle/src/main/java/com/puppycrawl/tools/checkstyle/filters/SuppressWithNearbyCommentFilter.java:136:8: Unable to get class information for @throws tag 'ConversionException'.
[checkstyle] /home/travis/build/checkstyle/checkstyle/src/main/java/com/puppycrawl/tools/checkstyle/filters/SuppressWithNearbyCommentFilter.java:304:12: Unable to get class information for @throws tag 'ConversionException'.
[checkstyle] /home/travis/build/checkstyle/checkstyle/src/main/java/com/puppycrawl/tools/checkstyle/filters/SuppressionCommentFilter.java:122:8: Unable to get class information for @throws tag 'ConversionException'.
[checkstyle] /home/travis/build/checkstyle/checkstyle/src/main/java/com/puppycrawl/tools/checkstyle/filters/SuppressionCommentFilter.java:131:8: Unable to get class information for @throws tag 'ConversionException'.
[checkstyle] /home/travis/build/checkstyle/checkstyle/src/main/java/com/puppycrawl/tools/checkstyle/filters/SuppressionCommentFilter.java:325:12: Unable to get class information for @throws tag 'ConversionException'.
     [echo] Checkstyle finished: 10/08/2015 12:41:20 AM
[INFO] ------------------------------------------------------------------------
[INFO] BUILD FAILURE
[INFO] ------------------------------------------------------------------------
[INFO] Total time: 01:38 min
[INFO] Finished at: 2015-08-10T00:41:20+00:00
[INFO] Final Memory: 46M/483M
[INFO] ------------------------------------------------------------------------
[ERROR] Failed to execute goal org.apache.maven.plugins:maven-antrun-plugin:1.8:run (ant-phase-verify) on project checkstyle: An Ant BuildException has occured: The following error occurred while executing this line:
[ERROR] /home/travis/build/checkstyle/checkstyle/config/ant-phase-verify.xml:50: Checkstyle failed: Got 27 errors and 0 warnings.
[ERROR] around Ant part ...<ant antfile="config/ant-phase-verify.xml"/>... @ 7:47 in /home/travis/build/checkstyle/checkstyle/target/antrun/build-main.xml
[ERROR] -> [Help 1]
[ERROR] 
[ERROR] To see the full stack trace of the errors, re-run Maven with the -e switch.
[ERROR] Re-run Maven using the -X switch to enable full debug logging.
[ERROR] 
[ERROR] For more information about the errors and possible solutions, please read the following articles:
[ERROR] [Help 1] http://cwiki.apache.org/confluence/display/MAVEN/MojoExecutionException
travis_time:end:0005ddb2:start=1439167180656274021,finish=1439167281337998332,duration=100681724311[0K
[31;1mThe command "eval $CMD" exited with 1.[0m
travis_fold:start:cache.2[0Kstore build cache
travis_time:start:2c7cfba0[0Kchange detected:
/home/travis/.m2/repository/commons-io/commons-io/2.5-SNAPSHOT/resolver-status.properties
/home/travis/.m2/repository/commons-io/commons-io/2.5-SNAPSHOT/resolver-status.properties
/home/travis/.m2/repository/commons-io/commons-io/resolver-status.properties
/home/travis/.m2/repository/commons-io/commons-io/resolver-status.properties
/home/travis/.m2/repository/junit/junit-dep/resolver-status.properties
/home/travis/.m2/repository/junit/junit-dep/resolver-status.properties

changes detected, packing new archive
uploading archive
travis_time:end:2c7cfba0:start=1439167281342058566,finish=1439167288341006941,duration=6998948375[0Ktravis_fold:end:cache.2[0K
Done. Your build exited with 1.
