Using worker: worker-linux-docker-19b418e0.prod.travis-ci.org:travis-linux-4

travis_fold:start:system_info[0K[33;1mBuild system information[0m
Build language: python
[34m[1mBuild image provisioning date and time[0m
Thu Feb  5 15:09:33 UTC 2015
[34m[1mOperating System Details[0m
Distributor ID:	Ubuntu
Description:	Ubuntu 12.04.5 LTS
Release:	12.04
Codename:	precise
[34m[1mLinux Version[0m
3.13.0-29-generic
[34m[1mCookbooks Version[0m
a68419e https://github.com/travis-ci/travis-cookbooks/tree/a68419e
[34m[1mGCC version[0m
gcc (Ubuntu/Linaro 4.6.3-1ubuntu5) 4.6.3
Copyright (C) 2011 Free Software Foundation, Inc.
This is free software; see the source for copying conditions.  There is NO
warranty; not even for MERCHANTABILITY or FITNESS FOR A PARTICULAR PURPOSE.

[34m[1mLLVM version[0m
clang version 3.4 (tags/RELEASE_34/final)
Target: x86_64-unknown-linux-gnu
Thread model: posix
[34m[1mPre-installed Ruby versions[0m
ruby-1.9.3-p551
[34m[1mPre-installed Node.js versions[0m
v0.10.36
[34m[1mPre-installed Go versions[0m
1.4.1
[34m[1mRedis version[0m
redis-server 2.8.19
[34m[1mriak version[0m
2.0.2
[34m[1mMongoDB version[0m
MongoDB 2.4.12
[34m[1mCouchDB version[0m
couchdb 1.6.1
[34m[1mNeo4j version[0m
1.9.4
[34m[1mRabbitMQ Version[0m
3.4.3
[34m[1mElasticSearch version[0m
1.4.0
[34m[1mInstalled Sphinx versions[0m
2.0.10
2.1.9
2.2.6
[34m[1mDefault Sphinx version[0m
2.2.6
[34m[1mInstalled Firefox version[0m
firefox 31.0esr
[34m[1mPhantomJS version[0m
1.9.8
[34m[1mant -version[0m
Apache Ant(TM) version 1.8.2 compiled on December 3 2011
[34m[1mmvn -version[0m
Apache Maven 3.2.5 (12a6b3acb947671f09b81f49094c53f426d8cea1; 2014-12-14T17:29:23+00:00)
Maven home: /usr/local/maven
Java version: 1.7.0_76, vendor: Oracle Corporation
Java home: /usr/lib/jvm/java-7-oracle/jre
Default locale: en_US, platform encoding: ANSI_X3.4-1968
OS name: "linux", version: "3.13.0-29-generic", arch: "amd64", family: "unix"
travis_fold:end:system_info[0K
travis_fold:start:git.checkout[0Ktravis_time:start:1037c430[0K$ git clone --depth=50 --branch=master https://github.com/tornadoweb/tornado.git tornadoweb/tornado
Cloning into 'tornadoweb/tornado'...
remote: Counting objects: 1350, done.[K
remote: Compressing objects:   0% (1/765)   [Kremote: Compressing objects:   1% (8/765)   [Kremote: Compressing objects:   2% (16/765)   [Kremote: Compressing objects:   3% (23/765)   [Kremote: Compressing objects:   4% (31/765)   [Kremote: Compressing objects:   5% (39/765)   [Kremote: Compressing objects:   6% (46/765)   [Kremote: Compressing objects:   7% (54/765)   [Kremote: Compressing objects:   8% (62/765)   [Kremote: Compressing objects:   9% (69/765)   [Kremote: Compressing objects:  10% (77/765)   [Kremote: Compressing objects:  11% (85/765)   [Kremote: Compressing objects:  12% (92/765)   [Kremote: Compressing objects:  13% (100/765)   [Kremote: Compressing objects:  14% (108/765)   [Kremote: Compressing objects:  15% (115/765)   [Kremote: Compressing objects:  16% (123/765)   [Kremote: Compressing objects:  17% (131/765)   [Kremote: Compressing objects:  18% (138/765)   [Kremote: Compressing objects:  19% (146/765)   [Kremote: Compressing objects:  20% (153/765)   [Kremote: Compressing objects:  21% (161/765)   [Kremote: Compressing objects:  22% (169/765)   [Kremote: Compressing objects:  23% (176/765)   [Kremote: Compressing objects:  24% (184/765)   [Kremote: Compressing objects:  25% (192/765)   [Kremote: Compressing objects:  26% (199/765)   [Kremote: Compressing objects:  27% (207/765)   [Kremote: Compressing objects:  28% (215/765)   [Kremote: Compressing objects:  29% (222/765)   [Kremote: Compressing objects:  30% (230/765)   [Kremote: Compressing objects:  31% (238/765)   [Kremote: Compressing objects:  32% (245/765)   [Kremote: Compressing objects:  33% (253/765)   [Kremote: Compressing objects:  34% (261/765)   [Kremote: Compressing objects:  35% (268/765)   [Kremote: Compressing objects:  36% (276/765)   [Kremote: Compressing objects:  37% (284/765)   [Kremote: Compressing objects:  38% (291/765)   [Kremote: Compressing objects:  39% (299/765)   [Kremote: Compressing objects:  40% (306/765)   [Kremote: Compressing objects:  41% (314/765)   [Kremote: Compressing objects:  42% (322/765)   [Kremote: Compressing objects:  43% (329/765)   [Kremote: Compressing objects:  44% (337/765)   [Kremote: Compressing objects:  45% (345/765)   [Kremote: Compressing objects:  46% (352/765)   [Kremote: Compressing objects:  47% (360/765)   [Kremote: Compressing objects:  48% (368/765)   [Kremote: Compressing objects:  49% (375/765)   [Kremote: Compressing objects:  50% (383/765)   [Kremote: Compressing objects:  51% (391/765)   [Kremote: Compressing objects:  52% (398/765)   [Kremote: Compressing objects:  53% (406/765)   [Kremote: Compressing objects:  54% (414/765)   [Kremote: Compressing objects:  55% (421/765)   [Kremote: Compressing objects:  56% (429/765)   [Kremote: Compressing objects:  57% (437/765)   [Kremote: Compressing objects:  58% (444/765)   [Kremote: Compressing objects:  59% (452/765)   [Kremote: Compressing objects:  60% (459/765)   [Kremote: Compressing objects:  61% (467/765)   [Kremote: Compressing objects:  62% (475/765)   [Kremote: Compressing objects:  63% (482/765)   [Kremote: Compressing objects:  64% (490/765)   [Kremote: Compressing objects:  65% (498/765)   [Kremote: Compressing objects:  66% (505/765)   [Kremote: Compressing objects:  67% (513/765)   [Kremote: Compressing objects:  68% (521/765)   [Kremote: Compressing objects:  69% (528/765)   [Kremote: Compressing objects:  70% (536/765)   [Kremote: Compressing objects:  71% (544/765)   [Kremote: Compressing objects:  72% (551/765)   [Kremote: Compressing objects:  73% (559/765)   [Kremote: Compressing objects:  74% (567/765)   [Kremote: Compressing objects:  75% (574/765)   [Kremote: Compressing objects:  76% (582/765)   [Kremote: Compressing objects:  77% (590/765)   [Kremote: Compressing objects:  78% (597/765)   [Kremote: Compressing objects:  79% (605/765)   [Kremote: Compressing objects:  80% (612/765)   [Kremote: Compressing objects:  81% (620/765)   [Kremote: Compressing objects:  82% (628/765)   [Kremote: Compressing objects:  83% (635/765)   [Kremote: Compressing objects:  84% (643/765)   [Kremote: Compressing objects:  85% (651/765)   [Kremote: Compressing objects:  86% (658/765)   [Kremote: Compressing objects:  87% (666/765)   [Kremote: Compressing objects:  88% (674/765)   [Kremote: Compressing objects:  89% (681/765)   [Kremote: Compressing objects:  90% (689/765)   [Kremote: Compressing objects:  91% (697/765)   [Kremote: Compressing objects:  92% (704/765)   [Kremote: Compressing objects:  93% (712/765)   [Kremote: Compressing objects:  94% (720/765)   [Kremote: Compressing objects:  95% (727/765)   [Kremote: Compressing objects:  96% (735/765)   [Kremote: Compressing objects:  97% (743/765)   [Kremote: Compressing objects:  98% (750/765)   [Kremote: Compressing objects:  99% (758/765)   [Kremote: Compressing objects: 100% (765/765)   [Kremote: Compressing objects: 100% (765/765), done.[K
Receiving objects:   0% (1/1350)   Receiving objects:   1% (14/1350)   Receiving objects:   2% (27/1350)   Receiving objects:   3% (41/1350)   Receiving objects:   4% (54/1350)   Receiving objects:   5% (68/1350)   Receiving objects:   6% (81/1350)   Receiving objects:   7% (95/1350)   Receiving objects:   8% (108/1350)   Receiving objects:   9% (122/1350)   Receiving objects:  10% (135/1350)   Receiving objects:  11% (149/1350)   Receiving objects:  12% (162/1350)   Receiving objects:  13% (176/1350)   Receiving objects:  14% (189/1350)   Receiving objects:  15% (203/1350)   Receiving objects:  16% (216/1350)   Receiving objects:  17% (230/1350)   Receiving objects:  18% (243/1350)   Receiving objects:  19% (257/1350)   Receiving objects:  20% (270/1350)   Receiving objects:  21% (284/1350)   Receiving objects:  22% (297/1350)   Receiving objects:  23% (311/1350)   Receiving objects:  24% (324/1350)   Receiving objects:  25% (338/1350)   Receiving objects:  26% (351/1350)   Receiving objects:  27% (365/1350)   Receiving objects:  28% (378/1350)   Receiving objects:  29% (392/1350)   Receiving objects:  30% (405/1350)   Receiving objects:  31% (419/1350)   Receiving objects:  32% (432/1350)   Receiving objects:  33% (446/1350)   Receiving objects:  34% (459/1350)   Receiving objects:  35% (473/1350)   Receiving objects:  36% (486/1350)   Receiving objects:  37% (500/1350)   Receiving objects:  38% (513/1350)   Receiving objects:  39% (527/1350)   Receiving objects:  40% (540/1350)   Receiving objects:  41% (554/1350)   Receiving objects:  42% (567/1350)   Receiving objects:  43% (581/1350)   Receiving objects:  44% (594/1350)   Receiving objects:  45% (608/1350)   Receiving objects:  46% (621/1350)   Receiving objects:  47% (635/1350)   Receiving objects:  48% (648/1350)   Receiving objects:  49% (662/1350)   Receiving objects:  50% (675/1350)   Receiving objects:  51% (689/1350)   Receiving objects:  52% (702/1350)   Receiving objects:  53% (716/1350)   Receiving objects:  54% (729/1350)   Receiving objects:  55% (743/1350)   Receiving objects:  56% (756/1350)   Receiving objects:  57% (770/1350)   Receiving objects:  58% (783/1350)   Receiving objects:  59% (797/1350)   Receiving objects:  60% (810/1350)   Receiving objects:  61% (824/1350)   Receiving objects:  62% (837/1350)   Receiving objects:  63% (851/1350)   Receiving objects:  64% (864/1350)   Receiving objects:  65% (878/1350)   Receiving objects:  66% (891/1350)   Receiving objects:  67% (905/1350)   Receiving objects:  68% (918/1350)   Receiving objects:  69% (932/1350)   Receiving objects:  70% (945/1350)   Receiving objects:  71% (959/1350)   Receiving objects:  72% (972/1350)   Receiving objects:  73% (986/1350)   Receiving objects:  74% (999/1350)   Receiving objects:  75% (1013/1350)   Receiving objects:  76% (1026/1350)   Receiving objects:  77% (1040/1350)   Receiving objects:  78% (1053/1350)   Receiving objects:  79% (1067/1350)   Receiving objects:  80% (1080/1350)   Receiving objects:  81% (1094/1350)   Receiving objects:  82% (1107/1350)   Receiving objects:  83% (1121/1350)   Receiving objects:  84% (1134/1350)   Receiving objects:  85% (1148/1350)   Receiving objects:  86% (1161/1350)   Receiving objects:  87% (1175/1350)   Receiving objects:  88% (1188/1350)   Receiving objects:  89% (1202/1350)   Receiving objects:  90% (1215/1350)   Receiving objects:  91% (1229/1350)   Receiving objects:  92% (1242/1350)   Receiving objects:  93% (1256/1350)   Receiving objects:  94% (1269/1350)   Receiving objects:  95% (1283/1350)   Receiving objects:  96% (1296/1350)   Receiving objects:  97% (1310/1350)   Receiving objects:  98% (1323/1350)   Receiving objects:  99% (1337/1350)   remote: Total 1350 (delta 787), reused 964 (delta 551), pack-reused 0[K
Receiving objects: 100% (1350/1350)   Receiving objects: 100% (1350/1350), 756.27 KiB | 0 bytes/s, done.
Resolving deltas:   0% (0/787)   Resolving deltas:   1% (13/787)   Resolving deltas:   5% (42/787)   Resolving deltas:  12% (96/787)   Resolving deltas:  20% (161/787)   Resolving deltas:  21% (166/787)   Resolving deltas:  22% (174/787)   Resolving deltas:  27% (218/787)   Resolving deltas:  28% (221/787)   Resolving deltas:  29% (232/787)   Resolving deltas:  30% (238/787)   Resolving deltas:  31% (245/787)   Resolving deltas:  32% (252/787)   Resolving deltas:  33% (262/787)   Resolving deltas:  40% (320/787)   Resolving deltas:  42% (337/787)   Resolving deltas:  43% (340/787)   Resolving deltas:  44% (353/787)   Resolving deltas:  45% (355/787)   Resolving deltas:  46% (363/787)   Resolving deltas:  48% (383/787)   Resolving deltas:  49% (393/787)   Resolving deltas:  52% (410/787)   Resolving deltas:  53% (418/787)   Resolving deltas:  54% (425/787)   Resolving deltas:  55% (434/787)   Resolving deltas:  56% (442/787)   Resolving deltas:  57% (449/787)   Resolving deltas:  58% (459/787)   Resolving deltas:  59% (465/787)   Resolving deltas:  60% (474/787)   Resolving deltas:  61% (484/787)   Resolving deltas:  62% (488/787)   Resolving deltas:  63% (501/787)   Resolving deltas:  64% (504/787)   Resolving deltas:  65% (513/787)   Resolving deltas:  66% (520/787)   Resolving deltas:  67% (530/787)   Resolving deltas:  69% (545/787)   Resolving deltas:  70% (553/787)   Resolving deltas:  71% (563/787)   Resolving deltas:  72% (569/787)   Resolving deltas:  73% (577/787)   Resolving deltas:  74% (586/787)   Resolving deltas:  75% (595/787)   Resolving deltas:  76% (600/787)   Resolving deltas:  77% (606/787)   Resolving deltas:  78% (616/787)   Resolving deltas:  79% (623/787)   Resolving deltas:  80% (630/787)   Resolving deltas:  82% (646/787)   Resolving deltas:  83% (654/787)   Resolving deltas:  84% (663/787)   Resolving deltas:  85% (669/787)   Resolving deltas:  86% (677/787)   Resolving deltas:  87% (692/787)   Resolving deltas:  88% (695/787)   Resolving deltas:  89% (702/787)   Resolving deltas:  90% (709/787)   Resolving deltas:  91% (718/787)   Resolving deltas:  93% (732/787)   Resolving deltas:  94% (740/787)   Resolving deltas:  98% (777/787)   Resolving deltas:  99% (781/787)   Resolving deltas: 100% (787/787)   Resolving deltas: 100% (787/787), done.
Checking connectivity... done.
travis_time:end:1037c430:start=1445707146857527069,finish=1445707147725605451,duration=868078382[0K$ cd tornadoweb/tornado
$ git checkout -qf 64c0f06d681b4885ce0f78a04ed24b91a7f68b4e
travis_fold:end:git.checkout[0K
[33;1mThis job is running on container-based infrastructure, which does not allow use of 'sudo', setuid and setguid executables.[0m
[33;1mIf you require sudo, add 'sudo: required' to your .travis.yml[0m
[33;1mSee http://docs.travis-ci.com/user/workers/container-based-infrastructure/ for details.[0m

[33;1mSetting environment variables from .travis.yml[0m
$ export DEPS=false

travis_time:start:06392f69[0K$ source ~/virtualenv/python2.7/bin/activate
travis_time:end:06392f69:start=1445707159333135219,finish=1445707159337637769,duration=4502550[0K$ python --version
Python 2.7.9
$ pip --version
pip 6.0.7 from /home/travis/virtualenv/python2.7.9/lib/python2.7/site-packages (python 2.7)
travis_fold:start:install.1[0Ktravis_time:start:013733a1[0K$ if [[ $TRAVIS_PYTHON_VERSION == '2.6' ]]; then travis_retry pip install unittest2; fi
travis_time:end:013733a1:start=1445707159791276470,finish=1445707159794960016,duration=3683546[0Ktravis_fold:end:install.1[0Ktravis_fold:start:install.2[0Ktravis_time:start:016436d6[0K$ if [[ $TRAVIS_PYTHON_VERSION == 2* && $DEPS == true ]]; then travis_retry pip install futures mock Monotime trollius; fi
travis_time:end:016436d6:start=1445707159799483389,finish=1445707159802785089,duration=3301700[0Ktravis_fold:end:install.2[0Ktravis_fold:start:install.3[0Ktravis_time:start:306d1014[0K$ if [[ $TRAVIS_PYTHON_VERSION == 'pypy' && $DEPS == true ]]; then travis_retry pip install futures mock; fi
travis_time:end:306d1014:start=1445707159807125345,finish=1445707159810496787,duration=3371442[0Ktravis_fold:end:install.3[0Ktravis_fold:start:install.4[0Ktravis_time:start:0bdc1bf8[0K$ if [[ $TRAVIS_PYTHON_VERSION != 'pypy'* && $DEPS == true ]]; then travis_retry pip install pycurl; fi
travis_time:end:0bdc1bf8:start=1445707159814863778,finish=1445707159818058642,duration=3194864[0Ktravis_fold:end:install.4[0Ktravis_fold:start:install.5[0Ktravis_time:start:20098393[0K$ if [[ $TRAVIS_PYTHON_VERSION == '3.2' && $DEPS == true ]]; then travis_retry pip install mock; fi
travis_time:end:20098393:start=1445707159822010573,finish=1445707159825120843,duration=3110270[0Ktravis_fold:end:install.5[0Ktravis_fold:start:install.6[0Ktravis_time:start:0b7ae8f0[0K$ if [[ $TRAVIS_PYTHON_VERSION != '3.2' && $TRAVIS_PYTHON_VERSION != 'pypy'* && $DEPS == true ]]; then travis_retry pip install Twisted; fi
travis_time:end:0b7ae8f0:start=1445707159829788712,finish=1445707159832913486,duration=3124774[0Ktravis_fold:end:install.6[0Ktravis_fold:start:install.7[0Ktravis_time:start:29c86e62[0K$ if [[ $TRAVIS_PYTHON_VERSION == '2.7' && $DEPS == true ]]; then travis_retry pip install sphinx sphinx_rtd_theme; fi
travis_time:end:29c86e62:start=1445707159836848292,finish=1445707159839846494,duration=2998202[0Ktravis_fold:end:install.7[0Ktravis_fold:start:install.8[0Ktravis_time:start:0ca83294[0K$ if [[ $TRAVIS_PYTHON_VERSION == '3.5' && $DEPS == true ]]; then travis_retry pip install sphinx sphinx_rtd_theme; fi
travis_time:end:0ca83294:start=1445707159843666991,finish=1445707159846770777,duration=3103786[0Ktravis_fold:end:install.8[0Ktravis_fold:start:install.9[0Ktravis_time:start:122d766e[0K$ if [[ $TRAVIS_PYTHON_VERSION != 'pypy'* ]]; then export TORNADO_EXTENSION=1; fi
travis_time:end:122d766e:start=1445707159850632680,finish=1445707159853720753,duration=3088073[0Ktravis_fold:end:install.9[0Ktravis_fold:start:install.10[0Ktravis_time:start:006a28c4[0K$ travis_retry python setup.py install
running install
running bdist_egg
running egg_info
creating tornado.egg-info
writing requirements to tornado.egg-info/requires.txt
writing tornado.egg-info/PKG-INFO
writing top-level names to tornado.egg-info/top_level.txt
writing dependency_links to tornado.egg-info/dependency_links.txt
writing manifest file 'tornado.egg-info/SOURCES.txt'
reading manifest file 'tornado.egg-info/SOURCES.txt'
reading manifest template 'MANIFEST.in'
no previously-included directories found matching 'docs/build'
warning: no files found matching 'tornado/test/README'
writing manifest file 'tornado.egg-info/SOURCES.txt'
installing library code to build/bdist.linux-x86_64/egg
running install_lib
running build_py
creating build
creating build/lib.linux-x86_64-2.7
creating build/lib.linux-x86_64-2.7/tornado
copying tornado/__init__.py -> build/lib.linux-x86_64-2.7/tornado
copying tornado/_locale_data.py -> build/lib.linux-x86_64-2.7/tornado
copying tornado/auth.py -> build/lib.linux-x86_64-2.7/tornado
copying tornado/autoreload.py -> build/lib.linux-x86_64-2.7/tornado
copying tornado/concurrent.py -> build/lib.linux-x86_64-2.7/tornado
copying tornado/curl_httpclient.py -> build/lib.linux-x86_64-2.7/tornado
copying tornado/escape.py -> build/lib.linux-x86_64-2.7/tornado
copying tornado/gen.py -> build/lib.linux-x86_64-2.7/tornado
copying tornado/http1connection.py -> build/lib.linux-x86_64-2.7/tornado
copying tornado/httpclient.py -> build/lib.linux-x86_64-2.7/tornado
copying tornado/httpserver.py -> build/lib.linux-x86_64-2.7/tornado
copying tornado/httputil.py -> build/lib.linux-x86_64-2.7/tornado
copying tornado/ioloop.py -> build/lib.linux-x86_64-2.7/tornado
copying tornado/iostream.py -> build/lib.linux-x86_64-2.7/tornado
copying tornado/locale.py -> build/lib.linux-x86_64-2.7/tornado
copying tornado/locks.py -> build/lib.linux-x86_64-2.7/tornado
copying tornado/log.py -> build/lib.linux-x86_64-2.7/tornado
copying tornado/netutil.py -> build/lib.linux-x86_64-2.7/tornado
copying tornado/options.py -> build/lib.linux-x86_64-2.7/tornado
copying tornado/process.py -> build/lib.linux-x86_64-2.7/tornado
copying tornado/queues.py -> build/lib.linux-x86_64-2.7/tornado
copying tornado/simple_httpclient.py -> build/lib.linux-x86_64-2.7/tornado
copying tornado/stack_context.py -> build/lib.linux-x86_64-2.7/tornado
copying tornado/tcpclient.py -> build/lib.linux-x86_64-2.7/tornado
copying tornado/tcpserver.py -> build/lib.linux-x86_64-2.7/tornado
copying tornado/template.py -> build/lib.linux-x86_64-2.7/tornado
copying tornado/testing.py -> build/lib.linux-x86_64-2.7/tornado
copying tornado/util.py -> build/lib.linux-x86_64-2.7/tornado
copying tornado/web.py -> build/lib.linux-x86_64-2.7/tornado
copying tornado/websocket.py -> build/lib.linux-x86_64-2.7/tornado
copying tornado/wsgi.py -> build/lib.linux-x86_64-2.7/tornado
creating build/lib.linux-x86_64-2.7/tornado/test
copying tornado/test/__init__.py -> build/lib.linux-x86_64-2.7/tornado/test
copying tornado/test/__main__.py -> build/lib.linux-x86_64-2.7/tornado/test
copying tornado/test/asyncio_test.py -> build/lib.linux-x86_64-2.7/tornado/test
copying tornado/test/auth_test.py -> build/lib.linux-x86_64-2.7/tornado/test
copying tornado/test/concurrent_test.py -> build/lib.linux-x86_64-2.7/tornado/test
copying tornado/test/curl_httpclient_test.py -> build/lib.linux-x86_64-2.7/tornado/test
copying tornado/test/escape_test.py -> build/lib.linux-x86_64-2.7/tornado/test
copying tornado/test/gen_test.py -> build/lib.linux-x86_64-2.7/tornado/test
copying tornado/test/httpclient_test.py -> build/lib.linux-x86_64-2.7/tornado/test
copying tornado/test/httpserver_test.py -> build/lib.linux-x86_64-2.7/tornado/test
copying tornado/test/httputil_test.py -> build/lib.linux-x86_64-2.7/tornado/test
copying tornado/test/import_test.py -> build/lib.linux-x86_64-2.7/tornado/test
copying tornado/test/ioloop_test.py -> build/lib.linux-x86_64-2.7/tornado/test
copying tornado/test/iostream_test.py -> build/lib.linux-x86_64-2.7/tornado/test
copying tornado/test/locale_test.py -> build/lib.linux-x86_64-2.7/tornado/test
copying tornado/test/locks_test.py -> build/lib.linux-x86_64-2.7/tornado/test
copying tornado/test/log_test.py -> build/lib.linux-x86_64-2.7/tornado/test
copying tornado/test/netutil_test.py -> build/lib.linux-x86_64-2.7/tornado/test
copying tornado/test/options_test.py -> build/lib.linux-x86_64-2.7/tornado/test
copying tornado/test/process_test.py -> build/lib.linux-x86_64-2.7/tornado/test
copying tornado/test/queues_test.py -> build/lib.linux-x86_64-2.7/tornado/test
copying tornado/test/resolve_test_helper.py -> build/lib.linux-x86_64-2.7/tornado/test
copying tornado/test/runtests.py -> build/lib.linux-x86_64-2.7/tornado/test
copying tornado/test/simple_httpclient_test.py -> build/lib.linux-x86_64-2.7/tornado/test
copying tornado/test/stack_context_test.py -> build/lib.linux-x86_64-2.7/tornado/test
copying tornado/test/tcpclient_test.py -> build/lib.linux-x86_64-2.7/tornado/test
copying tornado/test/tcpserver_test.py -> build/lib.linux-x86_64-2.7/tornado/test
copying tornado/test/template_test.py -> build/lib.linux-x86_64-2.7/tornado/test
copying tornado/test/testing_test.py -> build/lib.linux-x86_64-2.7/tornado/test
copying tornado/test/twisted_test.py -> build/lib.linux-x86_64-2.7/tornado/test
copying tornado/test/util.py -> build/lib.linux-x86_64-2.7/tornado/test
copying tornado/test/util_test.py -> build/lib.linux-x86_64-2.7/tornado/test
copying tornado/test/web_test.py -> build/lib.linux-x86_64-2.7/tornado/test
copying tornado/test/websocket_test.py -> build/lib.linux-x86_64-2.7/tornado/test
copying tornado/test/wsgi_test.py -> build/lib.linux-x86_64-2.7/tornado/test
creating build/lib.linux-x86_64-2.7/tornado/platform
copying tornado/platform/__init__.py -> build/lib.linux-x86_64-2.7/tornado/platform
copying tornado/platform/asyncio.py -> build/lib.linux-x86_64-2.7/tornado/platform
copying tornado/platform/auto.py -> build/lib.linux-x86_64-2.7/tornado/platform
copying tornado/platform/caresresolver.py -> build/lib.linux-x86_64-2.7/tornado/platform
copying tornado/platform/common.py -> build/lib.linux-x86_64-2.7/tornado/platform
copying tornado/platform/epoll.py -> build/lib.linux-x86_64-2.7/tornado/platform
copying tornado/platform/interface.py -> build/lib.linux-x86_64-2.7/tornado/platform
copying tornado/platform/kqueue.py -> build/lib.linux-x86_64-2.7/tornado/platform
copying tornado/platform/posix.py -> build/lib.linux-x86_64-2.7/tornado/platform
copying tornado/platform/select.py -> build/lib.linux-x86_64-2.7/tornado/platform
copying tornado/platform/twisted.py -> build/lib.linux-x86_64-2.7/tornado/platform
copying tornado/platform/windows.py -> build/lib.linux-x86_64-2.7/tornado/platform
creating build/lib.linux-x86_64-2.7/tornado/test/csv_translations
copying tornado/test/csv_translations/fr_FR.csv -> build/lib.linux-x86_64-2.7/tornado/test/csv_translations
creating build/lib.linux-x86_64-2.7/tornado/test/gettext_translations
creating build/lib.linux-x86_64-2.7/tornado/test/gettext_translations/fr_FR
creating build/lib.linux-x86_64-2.7/tornado/test/gettext_translations/fr_FR/LC_MESSAGES
copying tornado/test/gettext_translations/fr_FR/LC_MESSAGES/tornado_test.mo -> build/lib.linux-x86_64-2.7/tornado/test/gettext_translations/fr_FR/LC_MESSAGES
copying tornado/test/gettext_translations/fr_FR/LC_MESSAGES/tornado_test.po -> build/lib.linux-x86_64-2.7/tornado/test/gettext_translations/fr_FR/LC_MESSAGES
copying tornado/test/options_test.cfg -> build/lib.linux-x86_64-2.7/tornado/test
creating build/lib.linux-x86_64-2.7/tornado/test/static
copying tornado/test/static/robots.txt -> build/lib.linux-x86_64-2.7/tornado/test/static
copying tornado/test/static/sample.xml -> build/lib.linux-x86_64-2.7/tornado/test/static
copying tornado/test/static/sample.xml.gz -> build/lib.linux-x86_64-2.7/tornado/test/static
copying tornado/test/static/sample.xml.bz2 -> build/lib.linux-x86_64-2.7/tornado/test/static
creating build/lib.linux-x86_64-2.7/tornado/test/static/dir
copying tornado/test/static/dir/index.html -> build/lib.linux-x86_64-2.7/tornado/test/static/dir
copying tornado/test/static_foo.txt -> build/lib.linux-x86_64-2.7/tornado/test
creating build/lib.linux-x86_64-2.7/tornado/test/templates
copying tornado/test/templates/utf8.html -> build/lib.linux-x86_64-2.7/tornado/test/templates
copying tornado/test/test.crt -> build/lib.linux-x86_64-2.7/tornado/test
copying tornado/test/test.key -> build/lib.linux-x86_64-2.7/tornado/test
running build_ext
building 'tornado.speedups' extension
creating build/temp.linux-x86_64-2.7
creating build/temp.linux-x86_64-2.7/tornado
gcc -pthread -fno-strict-aliasing -g -fstack-protector --param=ssp-buffer-size=4 -Wformat -Werror=format-security -DNDEBUG -g -fwrapv -O3 -Wall -Wstrict-prototypes -fPIC -I/opt/python/2.7.9/include/python2.7 -c tornado/speedups.c -o build/temp.linux-x86_64-2.7/tornado/speedups.o
gcc -pthread -shared -L/opt/python/2.7.9/lib -Wl,-rpath=/opt/python/2.7.9/lib build/temp.linux-x86_64-2.7/tornado/speedups.o -L/opt/python/2.7.9/lib -lpython2.7 -o build/lib.linux-x86_64-2.7/tornado/speedups.so
creating build/bdist.linux-x86_64
creating build/bdist.linux-x86_64/egg
creating build/bdist.linux-x86_64/egg/tornado
copying build/lib.linux-x86_64-2.7/tornado/__init__.py -> build/bdist.linux-x86_64/egg/tornado
copying build/lib.linux-x86_64-2.7/tornado/_locale_data.py -> build/bdist.linux-x86_64/egg/tornado
copying build/lib.linux-x86_64-2.7/tornado/auth.py -> build/bdist.linux-x86_64/egg/tornado
copying build/lib.linux-x86_64-2.7/tornado/autoreload.py -> build/bdist.linux-x86_64/egg/tornado
copying build/lib.linux-x86_64-2.7/tornado/concurrent.py -> build/bdist.linux-x86_64/egg/tornado
copying build/lib.linux-x86_64-2.7/tornado/curl_httpclient.py -> build/bdist.linux-x86_64/egg/tornado
copying build/lib.linux-x86_64-2.7/tornado/escape.py -> build/bdist.linux-x86_64/egg/tornado
copying build/lib.linux-x86_64-2.7/tornado/gen.py -> build/bdist.linux-x86_64/egg/tornado
copying build/lib.linux-x86_64-2.7/tornado/http1connection.py -> build/bdist.linux-x86_64/egg/tornado
copying build/lib.linux-x86_64-2.7/tornado/httpclient.py -> build/bdist.linux-x86_64/egg/tornado
copying build/lib.linux-x86_64-2.7/tornado/httpserver.py -> build/bdist.linux-x86_64/egg/tornado
copying build/lib.linux-x86_64-2.7/tornado/httputil.py -> build/bdist.linux-x86_64/egg/tornado
copying build/lib.linux-x86_64-2.7/tornado/ioloop.py -> build/bdist.linux-x86_64/egg/tornado
copying build/lib.linux-x86_64-2.7/tornado/iostream.py -> build/bdist.linux-x86_64/egg/tornado
copying build/lib.linux-x86_64-2.7/tornado/locale.py -> build/bdist.linux-x86_64/egg/tornado
copying build/lib.linux-x86_64-2.7/tornado/locks.py -> build/bdist.linux-x86_64/egg/tornado
copying build/lib.linux-x86_64-2.7/tornado/log.py -> build/bdist.linux-x86_64/egg/tornado
copying build/lib.linux-x86_64-2.7/tornado/netutil.py -> build/bdist.linux-x86_64/egg/tornado
copying build/lib.linux-x86_64-2.7/tornado/options.py -> build/bdist.linux-x86_64/egg/tornado
copying build/lib.linux-x86_64-2.7/tornado/process.py -> build/bdist.linux-x86_64/egg/tornado
copying build/lib.linux-x86_64-2.7/tornado/queues.py -> build/bdist.linux-x86_64/egg/tornado
copying build/lib.linux-x86_64-2.7/tornado/simple_httpclient.py -> build/bdist.linux-x86_64/egg/tornado
copying build/lib.linux-x86_64-2.7/tornado/stack_context.py -> build/bdist.linux-x86_64/egg/tornado
copying build/lib.linux-x86_64-2.7/tornado/tcpclient.py -> build/bdist.linux-x86_64/egg/tornado
copying build/lib.linux-x86_64-2.7/tornado/tcpserver.py -> build/bdist.linux-x86_64/egg/tornado
copying build/lib.linux-x86_64-2.7/tornado/template.py -> build/bdist.linux-x86_64/egg/tornado
copying build/lib.linux-x86_64-2.7/tornado/testing.py -> build/bdist.linux-x86_64/egg/tornado
copying build/lib.linux-x86_64-2.7/tornado/util.py -> build/bdist.linux-x86_64/egg/tornado
copying build/lib.linux-x86_64-2.7/tornado/web.py -> build/bdist.linux-x86_64/egg/tornado
copying build/lib.linux-x86_64-2.7/tornado/websocket.py -> build/bdist.linux-x86_64/egg/tornado
copying build/lib.linux-x86_64-2.7/tornado/wsgi.py -> build/bdist.linux-x86_64/egg/tornado
creating build/bdist.linux-x86_64/egg/tornado/test
copying build/lib.linux-x86_64-2.7/tornado/test/__init__.py -> build/bdist.linux-x86_64/egg/tornado/test
copying build/lib.linux-x86_64-2.7/tornado/test/__main__.py -> build/bdist.linux-x86_64/egg/tornado/test
copying build/lib.linux-x86_64-2.7/tornado/test/asyncio_test.py -> build/bdist.linux-x86_64/egg/tornado/test
copying build/lib.linux-x86_64-2.7/tornado/test/auth_test.py -> build/bdist.linux-x86_64/egg/tornado/test
copying build/lib.linux-x86_64-2.7/tornado/test/concurrent_test.py -> build/bdist.linux-x86_64/egg/tornado/test
copying build/lib.linux-x86_64-2.7/tornado/test/curl_httpclient_test.py -> build/bdist.linux-x86_64/egg/tornado/test
copying build/lib.linux-x86_64-2.7/tornado/test/escape_test.py -> build/bdist.linux-x86_64/egg/tornado/test
copying build/lib.linux-x86_64-2.7/tornado/test/gen_test.py -> build/bdist.linux-x86_64/egg/tornado/test
copying build/lib.linux-x86_64-2.7/tornado/test/httpclient_test.py -> build/bdist.linux-x86_64/egg/tornado/test
copying build/lib.linux-x86_64-2.7/tornado/test/httpserver_test.py -> build/bdist.linux-x86_64/egg/tornado/test
copying build/lib.linux-x86_64-2.7/tornado/test/httputil_test.py -> build/bdist.linux-x86_64/egg/tornado/test
copying build/lib.linux-x86_64-2.7/tornado/test/import_test.py -> build/bdist.linux-x86_64/egg/tornado/test
copying build/lib.linux-x86_64-2.7/tornado/test/ioloop_test.py -> build/bdist.linux-x86_64/egg/tornado/test
copying build/lib.linux-x86_64-2.7/tornado/test/iostream_test.py -> build/bdist.linux-x86_64/egg/tornado/test
copying build/lib.linux-x86_64-2.7/tornado/test/locale_test.py -> build/bdist.linux-x86_64/egg/tornado/test
copying build/lib.linux-x86_64-2.7/tornado/test/locks_test.py -> build/bdist.linux-x86_64/egg/tornado/test
copying build/lib.linux-x86_64-2.7/tornado/test/log_test.py -> build/bdist.linux-x86_64/egg/tornado/test
copying build/lib.linux-x86_64-2.7/tornado/test/netutil_test.py -> build/bdist.linux-x86_64/egg/tornado/test
copying build/lib.linux-x86_64-2.7/tornado/test/options_test.py -> build/bdist.linux-x86_64/egg/tornado/test
copying build/lib.linux-x86_64-2.7/tornado/test/process_test.py -> build/bdist.linux-x86_64/egg/tornado/test
copying build/lib.linux-x86_64-2.7/tornado/test/queues_test.py -> build/bdist.linux-x86_64/egg/tornado/test
copying build/lib.linux-x86_64-2.7/tornado/test/resolve_test_helper.py -> build/bdist.linux-x86_64/egg/tornado/test
copying build/lib.linux-x86_64-2.7/tornado/test/runtests.py -> build/bdist.linux-x86_64/egg/tornado/test
copying build/lib.linux-x86_64-2.7/tornado/test/simple_httpclient_test.py -> build/bdist.linux-x86_64/egg/tornado/test
copying build/lib.linux-x86_64-2.7/tornado/test/stack_context_test.py -> build/bdist.linux-x86_64/egg/tornado/test
copying build/lib.linux-x86_64-2.7/tornado/test/tcpclient_test.py -> build/bdist.linux-x86_64/egg/tornado/test
copying build/lib.linux-x86_64-2.7/tornado/test/tcpserver_test.py -> build/bdist.linux-x86_64/egg/tornado/test
copying build/lib.linux-x86_64-2.7/tornado/test/template_test.py -> build/bdist.linux-x86_64/egg/tornado/test
copying build/lib.linux-x86_64-2.7/tornado/test/testing_test.py -> build/bdist.linux-x86_64/egg/tornado/test
copying build/lib.linux-x86_64-2.7/tornado/test/twisted_test.py -> build/bdist.linux-x86_64/egg/tornado/test
copying build/lib.linux-x86_64-2.7/tornado/test/util.py -> build/bdist.linux-x86_64/egg/tornado/test
copying build/lib.linux-x86_64-2.7/tornado/test/util_test.py -> build/bdist.linux-x86_64/egg/tornado/test
copying build/lib.linux-x86_64-2.7/tornado/test/web_test.py -> build/bdist.linux-x86_64/egg/tornado/test
copying build/lib.linux-x86_64-2.7/tornado/test/websocket_test.py -> build/bdist.linux-x86_64/egg/tornado/test
copying build/lib.linux-x86_64-2.7/tornado/test/wsgi_test.py -> build/bdist.linux-x86_64/egg/tornado/test
creating build/bdist.linux-x86_64/egg/tornado/test/csv_translations
copying build/lib.linux-x86_64-2.7/tornado/test/csv_translations/fr_FR.csv -> build/bdist.linux-x86_64/egg/tornado/test/csv_translations
creating build/bdist.linux-x86_64/egg/tornado/test/gettext_translations
creating build/bdist.linux-x86_64/egg/tornado/test/gettext_translations/fr_FR
creating build/bdist.linux-x86_64/egg/tornado/test/gettext_translations/fr_FR/LC_MESSAGES
copying build/lib.linux-x86_64-2.7/tornado/test/gettext_translations/fr_FR/LC_MESSAGES/tornado_test.mo -> build/bdist.linux-x86_64/egg/tornado/test/gettext_translations/fr_FR/LC_MESSAGES
copying build/lib.linux-x86_64-2.7/tornado/test/gettext_translations/fr_FR/LC_MESSAGES/tornado_test.po -> build/bdist.linux-x86_64/egg/tornado/test/gettext_translations/fr_FR/LC_MESSAGES
copying build/lib.linux-x86_64-2.7/tornado/test/options_test.cfg -> build/bdist.linux-x86_64/egg/tornado/test
creating build/bdist.linux-x86_64/egg/tornado/test/static
copying build/lib.linux-x86_64-2.7/tornado/test/static/robots.txt -> build/bdist.linux-x86_64/egg/tornado/test/static
copying build/lib.linux-x86_64-2.7/tornado/test/static/sample.xml -> build/bdist.linux-x86_64/egg/tornado/test/static
copying build/lib.linux-x86_64-2.7/tornado/test/static/sample.xml.gz -> build/bdist.linux-x86_64/egg/tornado/test/static
copying build/lib.linux-x86_64-2.7/tornado/test/static/sample.xml.bz2 -> build/bdist.linux-x86_64/egg/tornado/test/static
creating build/bdist.linux-x86_64/egg/tornado/test/static/dir
copying build/lib.linux-x86_64-2.7/tornado/test/static/dir/index.html -> build/bdist.linux-x86_64/egg/tornado/test/static/dir
copying build/lib.linux-x86_64-2.7/tornado/test/static_foo.txt -> build/bdist.linux-x86_64/egg/tornado/test
creating build/bdist.linux-x86_64/egg/tornado/test/templates
copying build/lib.linux-x86_64-2.7/tornado/test/templates/utf8.html -> build/bdist.linux-x86_64/egg/tornado/test/templates
copying build/lib.linux-x86_64-2.7/tornado/test/test.crt -> build/bdist.linux-x86_64/egg/tornado/test
copying build/lib.linux-x86_64-2.7/tornado/test/test.key -> build/bdist.linux-x86_64/egg/tornado/test
creating build/bdist.linux-x86_64/egg/tornado/platform
copying build/lib.linux-x86_64-2.7/tornado/platform/__init__.py -> build/bdist.linux-x86_64/egg/tornado/platform
copying build/lib.linux-x86_64-2.7/tornado/platform/asyncio.py -> build/bdist.linux-x86_64/egg/tornado/platform
copying build/lib.linux-x86_64-2.7/tornado/platform/auto.py -> build/bdist.linux-x86_64/egg/tornado/platform
copying build/lib.linux-x86_64-2.7/tornado/platform/caresresolver.py -> build/bdist.linux-x86_64/egg/tornado/platform
copying build/lib.linux-x86_64-2.7/tornado/platform/common.py -> build/bdist.linux-x86_64/egg/tornado/platform
copying build/lib.linux-x86_64-2.7/tornado/platform/epoll.py -> build/bdist.linux-x86_64/egg/tornado/platform
copying build/lib.linux-x86_64-2.7/tornado/platform/interface.py -> build/bdist.linux-x86_64/egg/tornado/platform
copying build/lib.linux-x86_64-2.7/tornado/platform/kqueue.py -> build/bdist.linux-x86_64/egg/tornado/platform
copying build/lib.linux-x86_64-2.7/tornado/platform/posix.py -> build/bdist.linux-x86_64/egg/tornado/platform
copying build/lib.linux-x86_64-2.7/tornado/platform/select.py -> build/bdist.linux-x86_64/egg/tornado/platform
copying build/lib.linux-x86_64-2.7/tornado/platform/twisted.py -> build/bdist.linux-x86_64/egg/tornado/platform
copying build/lib.linux-x86_64-2.7/tornado/platform/windows.py -> build/bdist.linux-x86_64/egg/tornado/platform
copying build/lib.linux-x86_64-2.7/tornado/speedups.so -> build/bdist.linux-x86_64/egg/tornado
byte-compiling build/bdist.linux-x86_64/egg/tornado/__init__.py to __init__.pyc
byte-compiling build/bdist.linux-x86_64/egg/tornado/_locale_data.py to _locale_data.pyc
byte-compiling build/bdist.linux-x86_64/egg/tornado/auth.py to auth.pyc
byte-compiling build/bdist.linux-x86_64/egg/tornado/autoreload.py to autoreload.pyc
byte-compiling build/bdist.linux-x86_64/egg/tornado/concurrent.py to concurrent.pyc
byte-compiling build/bdist.linux-x86_64/egg/tornado/curl_httpclient.py to curl_httpclient.pyc
byte-compiling build/bdist.linux-x86_64/egg/tornado/escape.py to escape.pyc
byte-compiling build/bdist.linux-x86_64/egg/tornado/gen.py to gen.pyc
byte-compiling build/bdist.linux-x86_64/egg/tornado/http1connection.py to http1connection.pyc
byte-compiling build/bdist.linux-x86_64/egg/tornado/httpclient.py to httpclient.pyc
byte-compiling build/bdist.linux-x86_64/egg/tornado/httpserver.py to httpserver.pyc
byte-compiling build/bdist.linux-x86_64/egg/tornado/httputil.py to httputil.pyc
byte-compiling build/bdist.linux-x86_64/egg/tornado/ioloop.py to ioloop.pyc
byte-compiling build/bdist.linux-x86_64/egg/tornado/iostream.py to iostream.pyc
byte-compiling build/bdist.linux-x86_64/egg/tornado/locale.py to locale.pyc
byte-compiling build/bdist.linux-x86_64/egg/tornado/locks.py to locks.pyc
byte-compiling build/bdist.linux-x86_64/egg/tornado/log.py to log.pyc
byte-compiling build/bdist.linux-x86_64/egg/tornado/netutil.py to netutil.pyc
byte-compiling build/bdist.linux-x86_64/egg/tornado/options.py to options.pyc
byte-compiling build/bdist.linux-x86_64/egg/tornado/process.py to process.pyc
byte-compiling build/bdist.linux-x86_64/egg/tornado/queues.py to queues.pyc
byte-compiling build/bdist.linux-x86_64/egg/tornado/simple_httpclient.py to simple_httpclient.pyc
byte-compiling build/bdist.linux-x86_64/egg/tornado/stack_context.py to stack_context.pyc
byte-compiling build/bdist.linux-x86_64/egg/tornado/tcpclient.py to tcpclient.pyc
byte-compiling build/bdist.linux-x86_64/egg/tornado/tcpserver.py to tcpserver.pyc
byte-compiling build/bdist.linux-x86_64/egg/tornado/template.py to template.pyc
byte-compiling build/bdist.linux-x86_64/egg/tornado/testing.py to testing.pyc
byte-compiling build/bdist.linux-x86_64/egg/tornado/util.py to util.pyc
byte-compiling build/bdist.linux-x86_64/egg/tornado/web.py to web.pyc
byte-compiling build/bdist.linux-x86_64/egg/tornado/websocket.py to websocket.pyc
byte-compiling build/bdist.linux-x86_64/egg/tornado/wsgi.py to wsgi.pyc
byte-compiling build/bdist.linux-x86_64/egg/tornado/test/__init__.py to __init__.pyc
byte-compiling build/bdist.linux-x86_64/egg/tornado/test/__main__.py to __main__.pyc
byte-compiling build/bdist.linux-x86_64/egg/tornado/test/asyncio_test.py to asyncio_test.pyc
byte-compiling build/bdist.linux-x86_64/egg/tornado/test/auth_test.py to auth_test.pyc
byte-compiling build/bdist.linux-x86_64/egg/tornado/test/concurrent_test.py to concurrent_test.pyc
byte-compiling build/bdist.linux-x86_64/egg/tornado/test/curl_httpclient_test.py to curl_httpclient_test.pyc
byte-compiling build/bdist.linux-x86_64/egg/tornado/test/escape_test.py to escape_test.pyc
byte-compiling build/bdist.linux-x86_64/egg/tornado/test/gen_test.py to gen_test.pyc
byte-compiling build/bdist.linux-x86_64/egg/tornado/test/httpclient_test.py to httpclient_test.pyc
byte-compiling build/bdist.linux-x86_64/egg/tornado/test/httpserver_test.py to httpserver_test.pyc
byte-compiling build/bdist.linux-x86_64/egg/tornado/test/httputil_test.py to httputil_test.pyc
byte-compiling build/bdist.linux-x86_64/egg/tornado/test/import_test.py to import_test.pyc
byte-compiling build/bdist.linux-x86_64/egg/tornado/test/ioloop_test.py to ioloop_test.pyc
byte-compiling build/bdist.linux-x86_64/egg/tornado/test/iostream_test.py to iostream_test.pyc
byte-compiling build/bdist.linux-x86_64/egg/tornado/test/locale_test.py to locale_test.pyc
byte-compiling build/bdist.linux-x86_64/egg/tornado/test/locks_test.py to locks_test.pyc
byte-compiling build/bdist.linux-x86_64/egg/tornado/test/log_test.py to log_test.pyc
byte-compiling build/bdist.linux-x86_64/egg/tornado/test/netutil_test.py to netutil_test.pyc
byte-compiling build/bdist.linux-x86_64/egg/tornado/test/options_test.py to options_test.pyc
byte-compiling build/bdist.linux-x86_64/egg/tornado/test/process_test.py to process_test.pyc
byte-compiling build/bdist.linux-x86_64/egg/tornado/test/queues_test.py to queues_test.pyc
byte-compiling build/bdist.linux-x86_64/egg/tornado/test/resolve_test_helper.py to resolve_test_helper.pyc
byte-compiling build/bdist.linux-x86_64/egg/tornado/test/runtests.py to runtests.pyc
byte-compiling build/bdist.linux-x86_64/egg/tornado/test/simple_httpclient_test.py to simple_httpclient_test.pyc
byte-compiling build/bdist.linux-x86_64/egg/tornado/test/stack_context_test.py to stack_context_test.pyc
byte-compiling build/bdist.linux-x86_64/egg/tornado/test/tcpclient_test.py to tcpclient_test.pyc
byte-compiling build/bdist.linux-x86_64/egg/tornado/test/tcpserver_test.py to tcpserver_test.pyc
byte-compiling build/bdist.linux-x86_64/egg/tornado/test/template_test.py to template_test.pyc
byte-compiling build/bdist.linux-x86_64/egg/tornado/test/testing_test.py to testing_test.pyc
byte-compiling build/bdist.linux-x86_64/egg/tornado/test/twisted_test.py to twisted_test.pyc
byte-compiling build/bdist.linux-x86_64/egg/tornado/test/util.py to util.pyc
byte-compiling build/bdist.linux-x86_64/egg/tornado/test/util_test.py to util_test.pyc
byte-compiling build/bdist.linux-x86_64/egg/tornado/test/web_test.py to web_test.pyc
byte-compiling build/bdist.linux-x86_64/egg/tornado/test/websocket_test.py to websocket_test.pyc
byte-compiling build/bdist.linux-x86_64/egg/tornado/test/wsgi_test.py to wsgi_test.pyc
byte-compiling build/bdist.linux-x86_64/egg/tornado/platform/__init__.py to __init__.pyc
byte-compiling build/bdist.linux-x86_64/egg/tornado/platform/asyncio.py to asyncio.pyc
byte-compiling build/bdist.linux-x86_64/egg/tornado/platform/auto.py to auto.pyc
byte-compiling build/bdist.linux-x86_64/egg/tornado/platform/caresresolver.py to caresresolver.pyc
byte-compiling build/bdist.linux-x86_64/egg/tornado/platform/common.py to common.pyc
byte-compiling build/bdist.linux-x86_64/egg/tornado/platform/epoll.py to epoll.pyc
byte-compiling build/bdist.linux-x86_64/egg/tornado/platform/interface.py to interface.pyc
byte-compiling build/bdist.linux-x86_64/egg/tornado/platform/kqueue.py to kqueue.pyc
byte-compiling build/bdist.linux-x86_64/egg/tornado/platform/posix.py to posix.pyc
byte-compiling build/bdist.linux-x86_64/egg/tornado/platform/select.py to select.pyc
byte-compiling build/bdist.linux-x86_64/egg/tornado/platform/twisted.py to twisted.pyc
byte-compiling build/bdist.linux-x86_64/egg/tornado/platform/windows.py to windows.pyc
creating stub loader for tornado/speedups.so
byte-compiling build/bdist.linux-x86_64/egg/tornado/speedups.py to speedups.pyc
creating build/bdist.linux-x86_64/egg/EGG-INFO
copying tornado.egg-info/PKG-INFO -> build/bdist.linux-x86_64/egg/EGG-INFO
copying tornado.egg-info/SOURCES.txt -> build/bdist.linux-x86_64/egg/EGG-INFO
copying tornado.egg-info/dependency_links.txt -> build/bdist.linux-x86_64/egg/EGG-INFO
copying tornado.egg-info/requires.txt -> build/bdist.linux-x86_64/egg/EGG-INFO
copying tornado.egg-info/top_level.txt -> build/bdist.linux-x86_64/egg/EGG-INFO
writing build/bdist.linux-x86_64/egg/EGG-INFO/native_libs.txt
zip_safe flag not set; analyzing archive contents...
tornado.autoreload: module references __file__
tornado.testing: module references __file__
tornado.test.httpserver_test: module references __file__
tornado.test.iostream_test: module references __file__
tornado.test.locale_test: module references __file__
tornado.test.options_test: module references __file__
tornado.test.template_test: module references __file__
tornado.test.web_test: module references __file__
creating dist
creating 'dist/tornado-4.3b1-py2.7-linux-x86_64.egg' and adding 'build/bdist.linux-x86_64/egg' to it
removing 'build/bdist.linux-x86_64/egg' (and everything under it)
Processing tornado-4.3b1-py2.7-linux-x86_64.egg
creating /home/travis/virtualenv/python2.7.9/lib/python2.7/site-packages/tornado-4.3b1-py2.7-linux-x86_64.egg
Extracting tornado-4.3b1-py2.7-linux-x86_64.egg to /home/travis/virtualenv/python2.7.9/lib/python2.7/site-packages
Adding tornado 4.3b1 to easy-install.pth file

Installed /home/travis/virtualenv/python2.7.9/lib/python2.7/site-packages/tornado-4.3b1-py2.7-linux-x86_64.egg
Processing dependencies for tornado==4.3b1
Searching for backports-abc>=0.4
Reading https://pypi.python.org/simple/backports_abc/
Best match: backports-abc 0.4
Downloading https://pypi.python.org/packages/source/b/backports_abc/backports_abc-0.4.tar.gz#md5=0b65a216ce9dc9c1a7e20a729dd7c05b
Processing backports_abc-0.4.tar.gz
Writing /tmp/easy_install-QriRO1/backports_abc-0.4/setup.cfg
Running backports_abc-0.4/setup.py -q bdist_egg --dist-dir /tmp/easy_install-QriRO1/backports_abc-0.4/egg-dist-tmp-zb8fnv
zip_safe flag not set; analyzing archive contents...
Moving backports_abc-0.4-py2.7.egg to /home/travis/virtualenv/python2.7.9/lib/python2.7/site-packages
Adding backports-abc 0.4 to easy-install.pth file

Installed /home/travis/virtualenv/python2.7.9/lib/python2.7/site-packages/backports_abc-0.4-py2.7.egg
Searching for certifi
Reading https://pypi.python.org/simple/certifi/
Best match: certifi 2015.9.6.2
Downloading https://pypi.python.org/packages/source/c/certifi/certifi-2015.9.6.2.tar.gz#md5=323884431b31aa0eccb5f8086d92196b
Processing certifi-2015.9.6.2.tar.gz
Writing /tmp/easy_install-tD_l_H/certifi-2015.9.6.2/setup.cfg
Running certifi-2015.9.6.2/setup.py -q bdist_egg --dist-dir /tmp/easy_install-tD_l_H/certifi-2015.9.6.2/egg-dist-tmp-l_C_WF
/home/travis/virtualenv/python2.7.9/lib/python2.7/site-packages/setuptools/dist.py:283: UserWarning: The version specified requires normalization, consider using '2015.9.6.2' instead of '2015.09.06.2'.
  self.metadata.version,
zip_safe flag not set; analyzing archive contents...
certifi.core: module references __file__
creating /home/travis/virtualenv/python2.7.9/lib/python2.7/site-packages/certifi-2015.9.6.2-py2.7.egg
Extracting certifi-2015.9.6.2-py2.7.egg to /home/travis/virtualenv/python2.7.9/lib/python2.7/site-packages
Adding certifi 2015.9.6.2 to easy-install.pth file

Installed /home/travis/virtualenv/python2.7.9/lib/python2.7/site-packages/certifi-2015.9.6.2-py2.7.egg
Searching for singledispatch
Reading https://pypi.python.org/simple/singledispatch/
Best match: singledispatch 3.4.0.3
Downloading https://pypi.python.org/packages/source/s/singledispatch/singledispatch-3.4.0.3.tar.gz#md5=af2fc6a3d6cc5a02d0bf54d909785fcb
Processing singledispatch-3.4.0.3.tar.gz
Writing /tmp/easy_install-lsEYGe/singledispatch-3.4.0.3/setup.cfg
Running singledispatch-3.4.0.3/setup.py -q bdist_egg --dist-dir /tmp/easy_install-lsEYGe/singledispatch-3.4.0.3/egg-dist-tmp-2qPbfb
Moving singledispatch-3.4.0.3-py2.7.egg to /home/travis/virtualenv/python2.7.9/lib/python2.7/site-packages
Adding singledispatch 3.4.0.3 to easy-install.pth file

Installed /home/travis/virtualenv/python2.7.9/lib/python2.7/site-packages/singledispatch-3.4.0.3-py2.7.egg
Searching for backports.ssl-match-hostname
Reading https://pypi.python.org/simple/backports.ssl_match_hostname/
Best match: backports.ssl-match-hostname 3.4.0.2
Downloading https://pypi.python.org/packages/source/b/backports.ssl_match_hostname/backports.ssl_match_hostname-3.4.0.2.tar.gz#md5=788214f20214c64631f0859dc79f23c6
Processing backports.ssl_match_hostname-3.4.0.2.tar.gz
Writing /tmp/easy_install-e7Xion/backports.ssl_match_hostname-3.4.0.2/setup.cfg
Running backports.ssl_match_hostname-3.4.0.2/setup.py -q bdist_egg --dist-dir /tmp/easy_install-e7Xion/backports.ssl_match_hostname-3.4.0.2/egg-dist-tmp-tWwyB6
zip_safe flag not set; analyzing archive contents...
backports.__init__: module references __path__
creating /home/travis/virtualenv/python2.7.9/lib/python2.7/site-packages/backports.ssl_match_hostname-3.4.0.2-py2.7.egg
Extracting backports.ssl_match_hostname-3.4.0.2-py2.7.egg to /home/travis/virtualenv/python2.7.9/lib/python2.7/site-packages
Adding backports.ssl-match-hostname 3.4.0.2 to easy-install.pth file

Installed /home/travis/virtualenv/python2.7.9/lib/python2.7/site-packages/backports.ssl_match_hostname-3.4.0.2-py2.7.egg
Searching for six
Reading https://pypi.python.org/simple/six/
Best match: six 1.10.0
Downloading https://pypi.python.org/packages/source/s/six/six-1.10.0.tar.gz#md5=34eed507548117b2ab523ab14b2f8b55
Processing six-1.10.0.tar.gz
Writing /tmp/easy_install-xgINwj/six-1.10.0/setup.cfg
Running six-1.10.0/setup.py -q bdist_egg --dist-dir /tmp/easy_install-xgINwj/six-1.10.0/egg-dist-tmp-s3B_2W
no previously-included directories found matching 'documentation/_build'
zip_safe flag not set; analyzing archive contents...
six: module references __path__
creating /home/travis/virtualenv/python2.7.9/lib/python2.7/site-packages/six-1.10.0-py2.7.egg
Extracting six-1.10.0-py2.7.egg to /home/travis/virtualenv/python2.7.9/lib/python2.7/site-packages
Adding six 1.10.0 to easy-install.pth file

Installed /home/travis/virtualenv/python2.7.9/lib/python2.7/site-packages/six-1.10.0-py2.7.egg
Finished processing dependencies for tornado==4.3b1
travis_time:end:006a28c4:start=1445707159858490774,finish=1445707162014868359,duration=2156377585[0Ktravis_fold:end:install.10[0Ktravis_fold:start:install.11[0Ktravis_time:start:0a5e11a4[0K$ if [[ $TRAVIS_PYTHON_VERSION == '3.2' ]]; then travis_retry pip install 'coverage<4.0'; fi
travis_time:end:0a5e11a4:start=1445707162018868276,finish=1445707162021845169,duration=2976893[0Ktravis_fold:end:install.11[0Ktravis_fold:start:install.12[0Ktravis_time:start:19571394[0K$ travis_retry pip install codecov
[33mYou are using pip version 6.0.7, however version 7.1.2 is available.
You should consider upgrading via the 'pip install --upgrade pip' command.[0m
Collecting codecov
  Downloading codecov-1.5.1.tar.gz
Collecting requests>=2.0.0 (from codecov)
  Downloading requests-2.8.1-py2.py3-none-any.whl (497kB)
[?25l[K    0% |                                | 4.1kB 35.3MB/s eta 0:00:01[K    1% |                                | 8.2kB 29.5MB/s eta 0:00:01[K    2% |                                | 12kB 31.0MB/s eta 0:00:01[K    3% |#                               | 16kB 28.9MB/s eta 0:00:01[K    4% |#                               | 20kB 29.9MB/s eta 0:00:01[K    4% |#                               | 24kB 31.2MB/s eta 0:00:01[K    5% |#                               | 28kB 31.2MB/s eta 0:00:01[K    6% |##                              | 32kB 18.7MB/s eta 0:00:01[K    7% |##                              | 36kB 19.4MB/s eta 0:00:01[K    8% |##                              | 40kB 19.6MB/s eta 0:00:01[K    9% |##                              | 45kB 18.6MB/s eta 0:00:01[K    9% |###                             | 49kB 17.4MB/s eta 0:00:01[K    10% |###                             | 53kB 16.7MB/s eta 0:00:01[K    11% |###                             | 57kB 16.5MB/s eta 0:00:01[K    12% |###                             | 61kB 15.8MB/s eta 0:00:01[K    13% |####                            | 65kB 14.6MB/s eta 0:00:01[K    13% |####                            | 69kB 14.2MB/s eta 0:00:01[K    14% |####                            | 73kB 18.2MB/s eta 0:00:01[K    15% |#####                           | 77kB 17.7MB/s eta 0:00:01[K    16% |#####                           | 81kB 14.9MB/s eta 0:00:01[K    17% |#####                           | 86kB 15.3MB/s eta 0:00:01[K    18% |#####                           | 90kB 16.0MB/s eta 0:00:01[K    18% |######                          | 94kB 16.0MB/s eta 0:00:01[K    19% |######                          | 98kB 13.8MB/s eta 0:00:01[K    20% |######                          | 102kB 14.2MB/s eta 0:00:01[K    21% |######                          | 106kB 14.8MB/s eta 0:00:01[K    22% |#######                         | 110kB 14.8MB/s eta 0:00:01[K    23% |#######                         | 114kB 14.4MB/s eta 0:00:01[K    23% |#######                         | 118kB 14.4MB/s eta 0:00:01[K    24% |#######                         | 122kB 16.8MB/s eta 0:00:01[K    25% |########                        | 126kB 16.5MB/s eta 0:00:01[K    26% |########                        | 131kB 15.7MB/s eta 0:00:01[K    27% |########                        | 135kB 15.8MB/s eta 0:00:01[K    27% |########                        | 139kB 18.7MB/s eta 0:00:01[K    28% |#########                       | 143kB 18.1MB/s eta 0:00:01[K    29% |#########                       | 147kB 17.2MB/s eta 0:00:01[K    30% |#########                       | 151kB 17.0MB/s eta 0:00:01[K    31% |##########                      | 155kB 17.7MB/s eta 0:00:01[K    32% |##########                      | 159kB 17.7MB/s eta 0:00:01[K    32% |##########                      | 163kB 16.8MB/s eta 0:00:01[K    33% |##########                      | 167kB 16.8MB/s eta 0:00:01[K    34% |###########                     | 172kB 17.6MB/s eta 0:00:01[K    35% |###########                     | 176kB 17.6MB/s eta 0:00:01[K    36% |###########                     | 180kB 16.8MB/s eta 0:00:01[K    37% |###########                     | 184kB 16.8MB/s eta 0:00:01[K    37% |############                    | 188kB 17.6MB/s eta 0:00:01[K    38% |############                    | 192kB 17.8MB/s eta 0:00:01[K    39% |############                    | 196kB 16.9MB/s eta 0:00:01[K    40% |############                    | 200kB 17.0MB/s eta 0:00:01[K    41% |#############                   | 204kB 17.9MB/s eta 0:00:01[K    41% |#############                   | 208kB 18.0MB/s eta 0:00:01[K    42% |#############                   | 212kB 17.1MB/s eta 0:00:01[K    43% |#############                   | 217kB 17.1MB/s eta 0:00:01[K    44% |##############                  | 221kB 17.8MB/s eta 0:00:01[K    45% |##############                  | 225kB 17.7MB/s eta 0:00:01[K    46% |##############                  | 229kB 16.9MB/s eta 0:00:01[K    46% |###############                 | 233kB 17.0MB/s eta 0:00:01[K    47% |###############                 | 237kB 17.9MB/s eta 0:00:01[K    48% |###############                 | 241kB 17.8MB/s eta 0:00:01[K    49% |###############                 | 245kB 17.0MB/s eta 0:00:01[K    50% |################                | 249kB 17.0MB/s eta 0:00:01[K    50% |################                | 253kB 17.8MB/s eta 0:00:01[K    51% |################                | 258kB 17.8MB/s eta 0:00:01[K    52% |################                | 262kB 17.1MB/s eta 0:00:01[K    53% |#################               | 266kB 17.4MB/s eta 0:00:01[K    54% |#################               | 270kB 18.2MB/s eta 0:00:01[K    55% |#################               | 274kB 18.1MB/s eta 0:00:01[K    55% |#################               | 278kB 17.2MB/s eta 0:00:01[K    56% |##################              | 282kB 17.2MB/s eta 0:00:01[K    57% |##################              | 286kB 18.1MB/s eta 0:00:01[K    58% |##################              | 290kB 18.1MB/s eta 0:00:01[K    59% |##################              | 294kB 16.9MB/s eta 0:00:01[K    60% |###################             | 299kB 17.1MB/s eta 0:00:01[K    60% |###################             | 303kB 16.3MB/s eta 0:00:01[K    61% |###################             | 307kB 16.4MB/s eta 0:00:01[K    62% |####################            | 311kB 15.6MB/s eta 0:00:01[K    63% |####################            | 315kB 15.6MB/s eta 0:00:01[K    64% |####################            | 319kB 16.3MB/s eta 0:00:01[K    64% |####################            | 323kB 16.3MB/s eta 0:00:01[K    65% |#####################           | 327kB 15.6MB/s eta 0:00:01[K    66% |#####################           | 331kB 15.7MB/s eta 0:00:01[K    67% |#####################           | 335kB 16.7MB/s eta 0:00:01[K    68% |#####################           | 339kB 16.5MB/s eta 0:00:01[K    69% |######################          | 344kB 17.1MB/s eta 0:00:01[K    69% |######################          | 348kB 17.0MB/s eta 0:00:01[K    70% |######################          | 352kB 17.9MB/s eta 0:00:01[K    71% |######################          | 356kB 17.9MB/s eta 0:00:01[K    72% |#######################         | 360kB 16.9MB/s eta 0:00:01[K    73% |#######################         | 364kB 16.9MB/s eta 0:00:01[K    74% |#######################         | 368kB 17.7MB/s eta 0:00:01[K    74% |#######################         | 372kB 17.4MB/s eta 0:00:01[K    75% |########################        | 376kB 16.8MB/s eta 0:00:01[K    76% |########################        | 380kB 16.9MB/s eta 0:00:01[K    77% |########################        | 385kB 18.0MB/s eta 0:00:01[K    78% |#########################       | 389kB 17.7MB/s eta 0:00:01[K    78% |#########################       | 393kB 16.8MB/s eta 0:00:01[K    79% |#########################       | 397kB 17.0MB/s eta 0:00:01[K    80% |#########################       | 401kB 18.0MB/s eta 0:00:01[K    81% |##########################      | 405kB 18.0MB/s eta 0:00:01[K    82% |##########################      | 409kB 17.4MB/s eta 0:00:01[K    83% |##########################      | 413kB 17.4MB/s eta 0:00:01[K    83% |##########################      | 417kB 18.1MB/s eta 0:00:01[K    84% |###########################     | 421kB 18.0MB/s eta 0:00:01[K    85% |###########################     | 425kB 17.0MB/s eta 0:00:01[K    86% |###########################     | 430kB 17.2MB/s eta 0:00:01[K    87% |###########################     | 434kB 18.1MB/s eta 0:00:01[K    88% |############################    | 438kB 17.9MB/s eta 0:00:01[K    88% |############################    | 442kB 17.2MB/s eta 0:00:01[K    89% |############################    | 446kB 17.3MB/s eta 0:00:01[K    90% |############################    | 450kB 18.0MB/s eta 0:00:01[K    91% |#############################   | 454kB 18.0MB/s eta 0:00:01[K    92% |#############################   | 458kB 17.3MB/s eta 0:00:01[K    92% |#############################   | 462kB 17.3MB/s eta 0:00:01[K    93% |##############################  | 466kB 18.3MB/s eta 0:00:01[K    94% |##############################  | 471kB 18.2MB/s eta 0:00:01[K    95% |##############################  | 475kB 17.5MB/s eta 0:00:01[K    96% |##############################  | 479kB 17.6MB/s eta 0:00:01[K    97% |############################### | 483kB 18.3MB/s eta 0:00:01[K    97% |############################### | 487kB 18.3MB/s eta 0:00:01[K    98% |############################### | 491kB 17.8MB/s eta 0:00:01[K    99% |############################### | 495kB 17.7MB/s eta 0:00:01[K    100% |################################| 499kB 1.0MB/s 
[?25hCollecting coverage (from codecov)
  Downloading coverage-4.0.1.tar.gz (349kB)
[?25l[K    1% |                                | 4.1kB 27.1MB/s eta 0:00:01[K    2% |                                | 8.2kB 20.7MB/s eta 0:00:01[K    3% |#                               | 12kB 20.5MB/s eta 0:00:01[K    4% |#                               | 16kB 18.0MB/s eta 0:00:01[K    5% |#                               | 20kB 18.0MB/s eta 0:00:01[K    7% |##                              | 24kB 18.4MB/s eta 0:00:01[K    8% |##                              | 28kB 18.5MB/s eta 0:00:01[K    9% |##                              | 32kB 17.8MB/s eta 0:00:01[K    10% |###                             | 36kB 17.9MB/s eta 0:00:01[K    11% |###                             | 40kB 18.1MB/s eta 0:00:01[K    12% |####                            | 45kB 17.6MB/s eta 0:00:01[K    14% |####                            | 49kB 17.1MB/s eta 0:00:01[K    15% |####                            | 53kB 17.0MB/s eta 0:00:01[K    16% |#####                           | 57kB 17.8MB/s eta 0:00:01[K    17% |#####                           | 61kB 17.8MB/s eta 0:00:01[K    18% |#####                           | 65kB 17.0MB/s eta 0:00:01[K    19% |######                          | 69kB 17.0MB/s eta 0:00:01[K    21% |######                          | 73kB 17.6MB/s eta 0:00:01[K    22% |#######                         | 77kB 17.5MB/s eta 0:00:01[K    23% |#######                         | 81kB 16.7MB/s eta 0:00:01[K    24% |#######                         | 86kB 16.8MB/s eta 0:00:01[K    25% |########                        | 90kB 17.6MB/s eta 0:00:01[K    26% |########                        | 94kB 17.7MB/s eta 0:00:01[K    28% |########                        | 98kB 16.7MB/s eta 0:00:01[K    29% |#########                       | 102kB 16.8MB/s eta 0:00:01[K    30% |#########                       | 106kB 17.7MB/s eta 0:00:01[K    31% |##########                      | 110kB 17.7MB/s eta 0:00:01[K    32% |##########                      | 114kB 16.9MB/s eta 0:00:01[K    33% |##########                      | 118kB 17.2MB/s eta 0:00:01[K    35% |###########                     | 122kB 17.9MB/s eta 0:00:01[K    36% |###########                     | 126kB 17.8MB/s eta 0:00:01[K    37% |###########                     | 131kB 16.9MB/s eta 0:00:01[K    38% |############                    | 135kB 16.9MB/s eta 0:00:01[K    39% |############                    | 139kB 17.9MB/s eta 0:00:01[K    40% |#############                   | 143kB 17.9MB/s eta 0:00:01[K    42% |#############                   | 147kB 16.9MB/s eta 0:00:01[K    43% |#############                   | 151kB 17.0MB/s eta 0:00:01[K    44% |##############                  | 155kB 17.9MB/s eta 0:00:01[K    45% |##############                  | 159kB 17.8MB/s eta 0:00:01[K    46% |##############                  | 163kB 17.2MB/s eta 0:00:01[K    48% |###############                 | 167kB 17.2MB/s eta 0:00:01[K    49% |###############                 | 172kB 18.1MB/s eta 0:00:01[K    50% |################                | 176kB 18.1MB/s eta 0:00:01[K    51% |################                | 180kB 17.2MB/s eta 0:00:01[K    52% |################                | 184kB 17.2MB/s eta 0:00:01[K    53% |#################               | 188kB 18.2MB/s eta 0:00:01[K    55% |#################               | 192kB 18.1MB/s eta 0:00:01[K    56% |#################               | 196kB 17.2MB/s eta 0:00:01[K    57% |##################              | 200kB 17.4MB/s eta 0:00:01[K    58% |##################              | 204kB 18.3MB/s eta 0:00:01[K    59% |###################             | 208kB 18.3MB/s eta 0:00:01[K    60% |###################             | 212kB 17.6MB/s eta 0:00:01[K    62% |###################             | 217kB 17.4MB/s eta 0:00:01[K    63% |####################            | 221kB 18.3MB/s eta 0:00:01[K    64% |####################            | 225kB 18.2MB/s eta 0:00:01[K    65% |####################            | 229kB 17.5MB/s eta 0:00:01[K    66% |#####################           | 233kB 17.6MB/s eta 0:00:01[K    67% |#####################           | 237kB 18.6MB/s eta 0:00:01[K    69% |######################          | 241kB 18.4MB/s eta 0:00:01[K    70% |######################          | 245kB 17.7MB/s eta 0:00:01[K    71% |######################          | 249kB 17.7MB/s eta 0:00:01[K    72% |#######################         | 253kB 18.4MB/s eta 0:00:01[K    73% |#######################         | 258kB 18.5MB/s eta 0:00:01[K    74% |#######################         | 262kB 17.8MB/s eta 0:00:01[K    76% |########################        | 266kB 18.0MB/s eta 0:00:01[K    77% |########################        | 270kB 18.7MB/s eta 0:00:01[K    78% |#########################       | 274kB 18.7MB/s eta 0:00:01[K    79% |#########################       | 278kB 17.9MB/s eta 0:00:01[K    80% |#########################       | 282kB 18.0MB/s eta 0:00:01[K    81% |##########################      | 286kB 18.7MB/s eta 0:00:01[K    83% |##########################      | 290kB 18.5MB/s eta 0:00:01[K    84% |##########################      | 294kB 17.8MB/s eta 0:00:01[K    85% |###########################     | 299kB 17.8MB/s eta 0:00:01[K    86% |###########################     | 303kB 18.6MB/s eta 0:00:01[K    87% |############################    | 307kB 18.4MB/s eta 0:00:01[K    89% |############################    | 311kB 17.7MB/s eta 0:00:01[K    90% |############################    | 315kB 17.7MB/s eta 0:00:01[K    91% |#############################   | 319kB 18.4MB/s eta 0:00:01[K    92% |#############################   | 323kB 18.4MB/s eta 0:00:01[K    93% |#############################   | 327kB 17.6MB/s eta 0:00:01[K    94% |##############################  | 331kB 17.8MB/s eta 0:00:01[K    96% |##############################  | 335kB 18.6MB/s eta 0:00:01[K    97% |############################### | 339kB 18.6MB/s eta 0:00:01[K    98% |############################### | 344kB 18.1MB/s eta 0:00:01[K    99% |############################### | 348kB 18.1MB/s eta 0:00:01[K    100% |################################| 352kB 1.5MB/s 
[?25hInstalling collected packages: coverage, requests, codecov
  Running setup.py install for coverage
    building 'coverage.tracer' extension
    gcc -pthread -fno-strict-aliasing -g -fstack-protector --param=ssp-buffer-size=4 -Wformat -Werror=format-security -DNDEBUG -g -fwrapv -O3 -Wall -Wstrict-prototypes -fPIC -I/opt/python/2.7.9/include/python2.7 -c coverage/ctracer/datastack.c -o build/temp.linux-x86_64-2.7/coverage/ctracer/datastack.o
    gcc -pthread -fno-strict-aliasing -g -fstack-protector --param=ssp-buffer-size=4 -Wformat -Werror=format-security -DNDEBUG -g -fwrapv -O3 -Wall -Wstrict-prototypes -fPIC -I/opt/python/2.7.9/include/python2.7 -c coverage/ctracer/filedisp.c -o build/temp.linux-x86_64-2.7/coverage/ctracer/filedisp.o
    gcc -pthread -fno-strict-aliasing -g -fstack-protector --param=ssp-buffer-size=4 -Wformat -Werror=format-security -DNDEBUG -g -fwrapv -O3 -Wall -Wstrict-prototypes -fPIC -I/opt/python/2.7.9/include/python2.7 -c coverage/ctracer/module.c -o build/temp.linux-x86_64-2.7/coverage/ctracer/module.o
    gcc -pthread -fno-strict-aliasing -g -fstack-protector --param=ssp-buffer-size=4 -Wformat -Werror=format-security -DNDEBUG -g -fwrapv -O3 -Wall -Wstrict-prototypes -fPIC -I/opt/python/2.7.9/include/python2.7 -c coverage/ctracer/tracer.c -o build/temp.linux-x86_64-2.7/coverage/ctracer/tracer.o
    gcc -pthread -shared -L/opt/python/2.7.9/lib -Wl,-rpath=/opt/python/2.7.9/lib build/temp.linux-x86_64-2.7/coverage/ctracer/datastack.o build/temp.linux-x86_64-2.7/coverage/ctracer/filedisp.o build/temp.linux-x86_64-2.7/coverage/ctracer/module.o build/temp.linux-x86_64-2.7/coverage/ctracer/tracer.o -L/opt/python/2.7.9/lib -lpython2.7 -o build/lib.linux-x86_64-2.7/coverage/tracer.so
    Installing coverage2 script to /home/travis/virtualenv/python2.7.9/bin
    Installing coverage-2.7 script to /home/travis/virtualenv/python2.7.9/bin
    Installing coverage script to /home/travis/virtualenv/python2.7.9/bin

  Running setup.py install for codecov
    Installing codecov script to /home/travis/virtualenv/python2.7.9/bin
Successfully installed codecov-1.5.1 coverage-4.0.1 requests-2.8.1
travis_time:end:19571394:start=1445707162025603125,finish=1445707164500295727,duration=2474692602[0Ktravis_fold:end:install.12[0Ktravis_fold:start:install.13[0Ktravis_time:start:0a03b22e[0K$ curl-config --version; pip freeze
libcurl 7.22.0
[33mYou are using pip version 6.0.7, however version 7.1.2 is available.
You should consider upgrading via the 'pip install --upgrade pip' command.[0m
backports-abc==0.4
backports.ssl-match-hostname==3.4.0.2
certifi==2015.9.6.2
codecov==1.5.1
coverage==4.0.1
mock==1.0.1
nose==1.3.4
numpy==1.9.1
py==1.4.26
pytest==2.6.4
requests==2.8.1
singledispatch==3.4.0.3
six==1.10.0
tornado==4.3b1
wheel==0.24.0
travis_time:end:0a03b22e:start=1445707164504599186,finish=1445707164736700467,duration=232101281[0Ktravis_fold:end:install.13[0Ktravis_time:start:0bf966d8[0K$ cd maint
travis_time:end:0bf966d8:start=1445707164741017475,finish=1445707164744677654,duration=3660179[0K
[32;1mThe command "cd maint" exited with 0.[0m
travis_time:start:02e95bf1[0K$ cp ../.coveragerc .
travis_time:end:02e95bf1:start=1445707164748582302,finish=1445707164752973725,duration=4391423[0K
[32;1mThe command "cp ../.coveragerc ." exited with 0.[0m
travis_time:start:00581cf4[0K$ if [[ $TRAVIS_PYTHON_VERSION != 'pypy'* ]]; then export TORNADO_EXTENSION=1; fi
travis_time:end:00581cf4:start=1445707164757139911,finish=1445707164760457970,duration=3318059[0K
[32;1mThe command "if [[ $TRAVIS_PYTHON_VERSION != 'pypy'* ]]; then export TORNADO_EXTENSION=1; fi" exited with 0.[0m
travis_time:start:02ac8651[0K$ export TARGET="-m tornado.test.runtests"
travis_time:end:02ac8651:start=1445707164764450784,finish=1445707164767612540,duration=3161756[0K
[32;1mThe command "export TARGET="-m tornado.test.runtests"" exited with 0.[0m
travis_time:start:0a8c3349[0K$ export ASYNC_TEST_TIMEOUT=15
travis_time:end:0a8c3349:start=1445707164771625738,finish=1445707164774864796,duration=3239058[0K
[32;1mThe command "export ASYNC_TEST_TIMEOUT=15" exited with 0.[0m
travis_time:start:0d342f6e[0K$ if [[ $TRAVIS_PYTHON_VERSION != 2.6 && $TRAVIS_PYTHON_VERSION != nightly ]]; then export TARGET="-m coverage run $TARGET"; fi
travis_time:end:0d342f6e:start=1445707164778943453,finish=1445707164783142003,duration=4198550[0K
[32;1mThe command "if [[ $TRAVIS_PYTHON_VERSION != 2.6 && $TRAVIS_PYTHON_VERSION != nightly ]]; then export TARGET="-m coverage run $TARGET"; fi" exited with 0.[0m
travis_time:start:0ae98b44[0K$ python $TARGET
.............ssss.....................................................sssssssssssssssssssssssssssssssssssss...........ssss..s...s........................................s...........................s.......s..s...s..................s......................................................ss.........................................................................ss........s....................ss...s.............................................................................................................................................s.......s.................ss.ss..sssssss.................................................................s......................................................s.....................ss.....s..................ss.....s.................................sss...................................................s...ss........ssssssssssssss.................................................................s.............sss........................................................................................F.......................................................................s...................................................................F.................................................s...................................................................F................
======================================================================
FAIL: test_xsrf_httponly (tornado.test.web_test.XSRFCookieKwargsTest)
----------------------------------------------------------------------
Traceback (most recent call last):
  File "/home/travis/virtualenv/python2.7.9/lib/python2.7/site-packages/tornado-4.3b1-py2.7-linux-x86_64.egg/tornado/testing.py", line 132, in __call__
    result = self.orig_method(*args, **kwargs)
  File "/home/travis/virtualenv/python2.7.9/lib/python2.7/site-packages/tornado-4.3b1-py2.7-linux-x86_64.egg/tornado/test/web_test.py", line 2610, in test_xsrf_httponly
    self.assertIn('HttpOnly;', response.headers['Set-Cookie'])
AssertionError: 'HttpOnly;' not found in '_xsrf=2|bd0b7ecd|0b764a8ae5b7e18f4749845ea119bcba|1445707180; httponly; Path=/'

======================================================================
FAIL: test_xsrf_httponly (tornado.test.wsgi_test.WSGIAdapterWrappedTest)
----------------------------------------------------------------------
Traceback (most recent call last):
  File "/home/travis/virtualenv/python2.7.9/lib/python2.7/site-packages/tornado-4.3b1-py2.7-linux-x86_64.egg/tornado/testing.py", line 132, in __call__
    result = self.orig_method(*args, **kwargs)
  File "/home/travis/virtualenv/python2.7.9/lib/python2.7/site-packages/tornado-4.3b1-py2.7-linux-x86_64.egg/tornado/test/web_test.py", line 2610, in test_xsrf_httponly
    self.assertIn('HttpOnly;', response.headers['Set-Cookie'])
AssertionError: 'HttpOnly;' not found in '_xsrf=2|4b737967|1cf486b9ff140b76ac00bef15f375d61|1445707182; httponly; Path=/'

======================================================================
FAIL: test_xsrf_httponly (tornado.test.wsgi_test.WSGIApplicationWrappedTest)
----------------------------------------------------------------------
Traceback (most recent call last):
  File "/home/travis/virtualenv/python2.7.9/lib/python2.7/site-packages/tornado-4.3b1-py2.7-linux-x86_64.egg/tornado/testing.py", line 132, in __call__
    result = self.orig_method(*args, **kwargs)
  File "/home/travis/virtualenv/python2.7.9/lib/python2.7/site-packages/tornado-4.3b1-py2.7-linux-x86_64.egg/tornado/test/web_test.py", line 2610, in test_xsrf_httponly
    self.assertIn('HttpOnly;', response.headers['Set-Cookie'])
AssertionError: 'HttpOnly;' not found in '_xsrf=2|1d98976d|276acd1cd1320af189455c0f07daed00|1445707184; httponly; Path=/'

----------------------------------------------------------------------
Ran 1315 tests in 20.337s

FAILED (failures=3, skipped=108)
Some tests were skipped because: PEP 380 (yield from) not available,
PEP 492 (async/await) not available, SO_REUSEPORT is not supported,
asyncio module not present, concurrent.futures module not present,
dual-stack servers often have port conflicts on travis, futures module
not present, needs fix, pycares module not present, pycurl module not
present, timing tests unreliable on travis, twisted module not present
[31m[E 151024 17:19:45 testing:731](B[m FAIL
[31m[E 151024 17:19:45 runtests:175](B[m logged 0 warnings and 1 errors
travis_time:end:0ae98b44:start=1445707164787606353,finish=1445707185907582054,duration=21119975701[0K
[31;1mThe command "python $TARGET" exited with 1.[0m
travis_time:start:00e5b810[0K$ python $TARGET --ioloop=tornado.platform.select.SelectIOLoop
.............ssss.....................................................sssssssssssssssssssssssssssssssssssss...........ssss..s...s........................................s...........................s.......s..s...s..................s......................................................ss.........................................................................ss........s....................ss...s.............................................................................................................................................s.......s.................ss.ss..sssssss.................................................................s......................................................s.....................ss.....s..................ss.....s.................................sss...................................................s...ss........ssssssssssssss.................................................................s.............sss........................................................................................F.......................................................................s...................................................................F.................................................s...................................................................F................
======================================================================
FAIL: test_xsrf_httponly (tornado.test.web_test.XSRFCookieKwargsTest)
----------------------------------------------------------------------
Traceback (most recent call last):
  File "/home/travis/virtualenv/python2.7.9/lib/python2.7/site-packages/tornado-4.3b1-py2.7-linux-x86_64.egg/tornado/testing.py", line 132, in __call__
    result = self.orig_method(*args, **kwargs)
  File "/home/travis/virtualenv/python2.7.9/lib/python2.7/site-packages/tornado-4.3b1-py2.7-linux-x86_64.egg/tornado/test/web_test.py", line 2610, in test_xsrf_httponly
    self.assertIn('HttpOnly;', response.headers['Set-Cookie'])
AssertionError: 'HttpOnly;' not found in '_xsrf=2|c1a9c629|40fcf172df823432ad68aa44ae30a77a|1445707197; httponly; Path=/'

======================================================================
FAIL: test_xsrf_httponly (tornado.test.wsgi_test.WSGIAdapterWrappedTest)
----------------------------------------------------------------------
Traceback (most recent call last):
  File "/home/travis/virtualenv/python2.7.9/lib/python2.7/site-packages/tornado-4.3b1-py2.7-linux-x86_64.egg/tornado/testing.py", line 132, in __call__
    result = self.orig_method(*args, **kwargs)
  File "/home/travis/virtualenv/python2.7.9/lib/python2.7/site-packages/tornado-4.3b1-py2.7-linux-x86_64.egg/tornado/test/web_test.py", line 2610, in test_xsrf_httponly
    self.assertIn('HttpOnly;', response.headers['Set-Cookie'])
AssertionError: 'HttpOnly;' not found in '_xsrf=2|b55b6e50|a6f4f9613f8571b3db188aadb6178b82|1445707199; httponly; Path=/'

======================================================================
FAIL: test_xsrf_httponly (tornado.test.wsgi_test.WSGIApplicationWrappedTest)
----------------------------------------------------------------------
Traceback (most recent call last):
  File "/home/travis/virtualenv/python2.7.9/lib/python2.7/site-packages/tornado-4.3b1-py2.7-linux-x86_64.egg/tornado/testing.py", line 132, in __call__
    result = self.orig_method(*args, **kwargs)
  File "/home/travis/virtualenv/python2.7.9/lib/python2.7/site-packages/tornado-4.3b1-py2.7-linux-x86_64.egg/tornado/test/web_test.py", line 2610, in test_xsrf_httponly
    self.assertIn('HttpOnly;', response.headers['Set-Cookie'])
AssertionError: 'HttpOnly;' not found in '_xsrf=2|0b554370|03a4bce75bcaf69d2e14ab463c108dcd|1445707201; httponly; Path=/'

----------------------------------------------------------------------
Ran 1315 tests in 15.532s

FAILED (failures=3, skipped=108)
Some tests were skipped because: PEP 380 (yield from) not available,
PEP 492 (async/await) not available, SO_REUSEPORT is not supported,
asyncio module not present, concurrent.futures module not present,
dual-stack servers often have port conflicts on travis, futures module
not present, needs fix, pycares module not present, pycurl module not
present, timing tests unreliable on travis, twisted module not present
[31m[E 151024 17:20:01 testing:731](B[m FAIL
[31m[E 151024 17:20:01 runtests:175](B[m logged 0 warnings and 1 errors
travis_time:end:00e5b810:start=1445707185913402466,finish=1445707202057983219,duration=16144580753[0K
[31;1mThe command "python $TARGET --ioloop=tornado.platform.select.SelectIOLoop" exited with 1.[0m
travis_time:start:018018e4[0K$ python -O $TARGET
.............ssss.....................................................sssssssssssssssssssssssssssssssssssss...........ssss..s...s........................................s...........................s.......s..s...s..................s......................................................ss.........................................................................ss........s....................ss...s.............................................................................................................................................s.......s.................ss.ss..sssssss.................................................................s......................................................s.....................ss.....s..................ss.....s.................................sss...................................................s...ss........ssssssssssssss.................................................................s.............sss........................................................................................F.......................................................................s...................................................................F.................................................s...................................................................F................
======================================================================
FAIL: test_xsrf_httponly (tornado.test.web_test.XSRFCookieKwargsTest)
----------------------------------------------------------------------
Traceback (most recent call last):
  File "/home/travis/virtualenv/python2.7.9/lib/python2.7/site-packages/tornado-4.3b1-py2.7-linux-x86_64.egg/tornado/testing.py", line 132, in __call__
    result = self.orig_method(*args, **kwargs)
  File "/home/travis/virtualenv/python2.7.9/lib/python2.7/site-packages/tornado-4.3b1-py2.7-linux-x86_64.egg/tornado/test/web_test.py", line 2610, in test_xsrf_httponly
    self.assertIn('HttpOnly;', response.headers['Set-Cookie'])
AssertionError: 'HttpOnly;' not found in '_xsrf=2|bcd37a24|b1a37e8f72be65b03e31ff35b0109a10|1445707213; httponly; Path=/'

======================================================================
FAIL: test_xsrf_httponly (tornado.test.wsgi_test.WSGIAdapterWrappedTest)
----------------------------------------------------------------------
Traceback (most recent call last):
  File "/home/travis/virtualenv/python2.7.9/lib/python2.7/site-packages/tornado-4.3b1-py2.7-linux-x86_64.egg/tornado/testing.py", line 132, in __call__
    result = self.orig_method(*args, **kwargs)
  File "/home/travis/virtualenv/python2.7.9/lib/python2.7/site-packages/tornado-4.3b1-py2.7-linux-x86_64.egg/tornado/test/web_test.py", line 2610, in test_xsrf_httponly
    self.assertIn('HttpOnly;', response.headers['Set-Cookie'])
AssertionError: 'HttpOnly;' not found in '_xsrf=2|69dffce2|43e6d1d050f1cc4d7634015d2d34c6eb|1445707215; httponly; Path=/'

======================================================================
FAIL: test_xsrf_httponly (tornado.test.wsgi_test.WSGIApplicationWrappedTest)
----------------------------------------------------------------------
Traceback (most recent call last):
  File "/home/travis/virtualenv/python2.7.9/lib/python2.7/site-packages/tornado-4.3b1-py2.7-linux-x86_64.egg/tornado/testing.py", line 132, in __call__
    result = self.orig_method(*args, **kwargs)
  File "/home/travis/virtualenv/python2.7.9/lib/python2.7/site-packages/tornado-4.3b1-py2.7-linux-x86_64.egg/tornado/test/web_test.py", line 2610, in test_xsrf_httponly
    self.assertIn('HttpOnly;', response.headers['Set-Cookie'])
AssertionError: 'HttpOnly;' not found in '_xsrf=2|f1083db6|dacc956691d91d626f2f9e6ab5a40ea3|1445707217; httponly; Path=/'

----------------------------------------------------------------------
Ran 1315 tests in 14.696s

FAILED (failures=3, skipped=108)
Some tests were skipped because: PEP 380 (yield from) not available,
PEP 492 (async/await) not available, SO_REUSEPORT is not supported,
asyncio module not present, concurrent.futures module not present,
dual-stack servers often have port conflicts on travis, futures module
not present, needs fix, pycares module not present, pycurl module not
present, timing tests unreliable on travis, twisted module not present
[31m[E 151024 17:20:17 testing:731](B[m FAIL
[31m[E 151024 17:20:17 runtests:175](B[m logged 0 warnings and 1 errors
travis_time:end:018018e4:start=1445707202063012710,finish=1445707217800897409,duration=15737884699[0K
[31;1mThe command "python -O $TARGET" exited with 1.[0m
travis_time:start:1b3f06ce[0K$ LANG=C python $TARGET
.............ssss.....................................................sssssssssssssssssssssssssssssssssssss...........ssss..s...s........................................s...........................s.......s..s...s..................s......................................................ss.........................................................................ss........s....................ss...s.............................................................................................................................................s.......s.................ss.ss..sssssss.................................................................s......................................................s.....................ss.....s..................ss.....s.................................sss...................................................s...ss........ssssssssssssss.................................................................s.............sss........................................................................................F.......................................................................s...................................................................F.................................................s...................................................................F................
======================================================================
FAIL: test_xsrf_httponly (tornado.test.web_test.XSRFCookieKwargsTest)
----------------------------------------------------------------------
Traceback (most recent call last):
  File "/home/travis/virtualenv/python2.7.9/lib/python2.7/site-packages/tornado-4.3b1-py2.7-linux-x86_64.egg/tornado/testing.py", line 132, in __call__
    result = self.orig_method(*args, **kwargs)
  File "/home/travis/virtualenv/python2.7.9/lib/python2.7/site-packages/tornado-4.3b1-py2.7-linux-x86_64.egg/tornado/test/web_test.py", line 2610, in test_xsrf_httponly
    self.assertIn('HttpOnly;', response.headers['Set-Cookie'])
AssertionError: 'HttpOnly;' not found in '_xsrf=2|1a0127e1|dda8a72a6a69298cd9faaa800f1c6682|1445707229; httponly; Path=/'

======================================================================
FAIL: test_xsrf_httponly (tornado.test.wsgi_test.WSGIAdapterWrappedTest)
----------------------------------------------------------------------
Traceback (most recent call last):
  File "/home/travis/virtualenv/python2.7.9/lib/python2.7/site-packages/tornado-4.3b1-py2.7-linux-x86_64.egg/tornado/testing.py", line 132, in __call__
    result = self.orig_method(*args, **kwargs)
  File "/home/travis/virtualenv/python2.7.9/lib/python2.7/site-packages/tornado-4.3b1-py2.7-linux-x86_64.egg/tornado/test/web_test.py", line 2610, in test_xsrf_httponly
    self.assertIn('HttpOnly;', response.headers['Set-Cookie'])
AssertionError: 'HttpOnly;' not found in '_xsrf=2|bea46bc5|c6750a5343ebfad085cefbd46eb4ec8c|1445707230; httponly; Path=/'

======================================================================
FAIL: test_xsrf_httponly (tornado.test.wsgi_test.WSGIApplicationWrappedTest)
----------------------------------------------------------------------
Traceback (most recent call last):
  File "/home/travis/virtualenv/python2.7.9/lib/python2.7/site-packages/tornado-4.3b1-py2.7-linux-x86_64.egg/tornado/testing.py", line 132, in __call__
    result = self.orig_method(*args, **kwargs)
  File "/home/travis/virtualenv/python2.7.9/lib/python2.7/site-packages/tornado-4.3b1-py2.7-linux-x86_64.egg/tornado/test/web_test.py", line 2610, in test_xsrf_httponly
    self.assertIn('HttpOnly;', response.headers['Set-Cookie'])
AssertionError: 'HttpOnly;' not found in '_xsrf=2|73a027af|f5bbfb17bd8165f3e806a2b1c9c84c89|1445707232; httponly; Path=/'

----------------------------------------------------------------------
Ran 1315 tests in 14.626s

FAILED (failures=3, skipped=108)
Some tests were skipped because: PEP 380 (yield from) not available,
PEP 492 (async/await) not available, SO_REUSEPORT is not supported,
asyncio module not present, concurrent.futures module not present,
dual-stack servers often have port conflicts on travis, futures module
not present, needs fix, pycares module not present, pycurl module not
present, timing tests unreliable on travis, twisted module not present
[31m[E 151024 17:20:32 testing:731](B[m FAIL
[31m[E 151024 17:20:32 runtests:175](B[m logged 0 warnings and 1 errors
travis_time:end:1b3f06ce:start=1445707217806837093,finish=1445707233077166247,duration=15270329154[0K
[31;1mThe command "LANG=C python $TARGET" exited with 1.[0m
travis_time:start:00576e1c[0K$ LANG=en_US.utf-8 python $TARGET
.............ssss.....................................................sssssssssssssssssssssssssssssssssssss...........ssss..s...s........................................s...........................s.......s..s...s..................s......................................................ss.........................................................................ss........s....................ss...s.............................................................................................................................................s.......s.................ss.ss..sssssss.................................................................s......................................................s.....................ss.....s..................ss.....s.................................sss...................................................s...ss........ssssssssssssss.................................................................s.............sss........................................................................................F.......................................................................s...................................................................F.................................................s...................................................................F................
======================================================================
FAIL: test_xsrf_httponly (tornado.test.web_test.XSRFCookieKwargsTest)
----------------------------------------------------------------------
Traceback (most recent call last):
  File "/home/travis/virtualenv/python2.7.9/lib/python2.7/site-packages/tornado-4.3b1-py2.7-linux-x86_64.egg/tornado/testing.py", line 132, in __call__
    result = self.orig_method(*args, **kwargs)
  File "/home/travis/virtualenv/python2.7.9/lib/python2.7/site-packages/tornado-4.3b1-py2.7-linux-x86_64.egg/tornado/test/web_test.py", line 2610, in test_xsrf_httponly
    self.assertIn('HttpOnly;', response.headers['Set-Cookie'])
AssertionError: 'HttpOnly;' not found in '_xsrf=2|a891af28|06e312f68f92a0d1aeb85729a4dff7a6|1445707243; httponly; Path=/'

======================================================================
FAIL: test_xsrf_httponly (tornado.test.wsgi_test.WSGIAdapterWrappedTest)
----------------------------------------------------------------------
Traceback (most recent call last):
  File "/home/travis/virtualenv/python2.7.9/lib/python2.7/site-packages/tornado-4.3b1-py2.7-linux-x86_64.egg/tornado/testing.py", line 132, in __call__
    result = self.orig_method(*args, **kwargs)
  File "/home/travis/virtualenv/python2.7.9/lib/python2.7/site-packages/tornado-4.3b1-py2.7-linux-x86_64.egg/tornado/test/web_test.py", line 2610, in test_xsrf_httponly
    self.assertIn('HttpOnly;', response.headers['Set-Cookie'])
AssertionError: 'HttpOnly;' not found in '_xsrf=2|eb50affa|379a89bc912efad0e4a6171fe84bff49|1445707245; httponly; Path=/'

======================================================================
FAIL: test_xsrf_httponly (tornado.test.wsgi_test.WSGIApplicationWrappedTest)
----------------------------------------------------------------------
Traceback (most recent call last):
  File "/home/travis/virtualenv/python2.7.9/lib/python2.7/site-packages/tornado-4.3b1-py2.7-linux-x86_64.egg/tornado/testing.py", line 132, in __call__
    result = self.orig_method(*args, **kwargs)
  File "/home/travis/virtualenv/python2.7.9/lib/python2.7/site-packages/tornado-4.3b1-py2.7-linux-x86_64.egg/tornado/test/web_test.py", line 2610, in test_xsrf_httponly
    self.assertIn('HttpOnly;', response.headers['Set-Cookie'])
AssertionError: 'HttpOnly;' not found in '_xsrf=2|b838368d|8f44fc19cda01df5f8316bdfb9da6556|1445707246; httponly; Path=/'

----------------------------------------------------------------------
Ran 1315 tests in 14.021s

FAILED (failures=3, skipped=108)
Some tests were skipped because: PEP 380 (yield from) not available,
PEP 492 (async/await) not available, SO_REUSEPORT is not supported,
asyncio module not present, concurrent.futures module not present,
dual-stack servers often have port conflicts on travis, futures module
not present, needs fix, pycares module not present, pycurl module not
present, timing tests unreliable on travis, twisted module not present
[31m[E 151024 17:20:47 testing:731](B[m FAIL
[31m[E 151024 17:20:47 runtests:175](B[m logged 0 warnings and 1 errors
travis_time:end:00576e1c:start=1445707233081176520,finish=1445707247608721576,duration=14527545056[0K
[31;1mThe command "LANG=en_US.utf-8 python $TARGET" exited with 1.[0m
travis_time:start:27cbe388[0K$ if [[ $TRAVIS_PYTHON_VERSION == 3* ]]; then python -bb $TARGET; fi
travis_time:end:27cbe388:start=1445707247612867052,finish=1445707247616139633,duration=3272581[0K
[32;1mThe command "if [[ $TRAVIS_PYTHON_VERSION == 3* ]]; then python -bb $TARGET; fi" exited with 0.[0m
travis_time:start:0d080ec3[0K$ if [[ $TRAVIS_PYTHON_VERSION != pypy* && $DEPS == true ]]; then python $TARGET --resolver=tornado.netutil.ThreadedResolver; fi
travis_time:end:0d080ec3:start=1445707247620171969,finish=1445707247623153901,duration=2981932[0K
[32;1mThe command "if [[ $TRAVIS_PYTHON_VERSION != pypy* && $DEPS == true ]]; then python $TARGET --resolver=tornado.netutil.ThreadedResolver; fi" exited with 0.[0m
travis_time:start:0f6576e4[0K$ if [[ $TRAVIS_PYTHON_VERSION == 2* && $DEPS == true ]]; then python $TARGET --httpclient=tornado.curl_httpclient.CurlAsyncHTTPClient; fi
travis_time:end:0f6576e4:start=1445707247627163779,finish=1445707247630227059,duration=3063280[0K
[32;1mThe command "if [[ $TRAVIS_PYTHON_VERSION == 2* && $DEPS == true ]]; then python $TARGET --httpclient=tornado.curl_httpclient.CurlAsyncHTTPClient; fi" exited with 0.[0m
travis_time:start:09786d04[0K$ if [[ $TRAVIS_PYTHON_VERSION == 2* && $DEPS == true ]]; then python $TARGET --ioloop_time_monotonic; fi
travis_time:end:09786d04:start=1445707247634332770,finish=1445707247637368671,duration=3035901[0K
[32;1mThe command "if [[ $TRAVIS_PYTHON_VERSION == 2* && $DEPS == true ]]; then python $TARGET --ioloop_time_monotonic; fi" exited with 0.[0m
travis_time:start:006b1790[0K$ if [[ $TRAVIS_PYTHON_VERSION != '3.2' && $TRAVIS_PYTHON_VERSION != 'pypy'* && $DEPS == true ]]; then python $TARGET --ioloop=tornado.platform.twisted.TwistedIOLoop; fi
travis_time:end:006b1790:start=1445707247641530015,finish=1445707247644520460,duration=2990445[0K
[32;1mThe command "if [[ $TRAVIS_PYTHON_VERSION != '3.2' && $TRAVIS_PYTHON_VERSION != 'pypy'* && $DEPS == true ]]; then python $TARGET --ioloop=tornado.platform.twisted.TwistedIOLoop; fi" exited with 0.[0m
travis_time:start:34548020[0K$ if [[ $TRAVIS_PYTHON_VERSION == 3.4 || $TRAVIS_PYTHON_VERSION == 3.5 ]]; then python $TARGET --ioloop=tornado.platform.asyncio.AsyncIOLoop; fi
travis_time:end:34548020:start=1445707247648592902,finish=1445707247651589208,duration=2996306[0K
[32;1mThe command "if [[ $TRAVIS_PYTHON_VERSION == 3.4 || $TRAVIS_PYTHON_VERSION == 3.5 ]]; then python $TARGET --ioloop=tornado.platform.asyncio.AsyncIOLoop; fi" exited with 0.[0m
travis_time:start:2b000122[0K$ if [[ $TRAVIS_PYTHON_VERSION == 2* && $DEPS == true ]]; then python $TARGET --ioloop=tornado.platform.asyncio.AsyncIOLoop; fi
travis_time:end:2b000122:start=1445707247655679654,finish=1445707247658669734,duration=2990080[0K
[32;1mThe command "if [[ $TRAVIS_PYTHON_VERSION == 2* && $DEPS == true ]]; then python $TARGET --ioloop=tornado.platform.asyncio.AsyncIOLoop; fi" exited with 0.[0m
travis_time:start:012f8934[0K$ if [[ $TRAVIS_PYTHON_VERSION == 2* && $DEPS == true ]]; then python $TARGET --resolver=tornado.platform.twisted.TwistedResolver; fi
travis_time:end:012f8934:start=1445707247662718008,finish=1445707247665682646,duration=2964638[0K
[32;1mThe command "if [[ $TRAVIS_PYTHON_VERSION == 2* && $DEPS == true ]]; then python $TARGET --resolver=tornado.platform.twisted.TwistedResolver; fi" exited with 0.[0m
travis_time:start:1054dba2[0K$ if [[ $TRAVIS_PYTHON_VERSION == 3* && $TRAVIS_PYTHON_VERSION != '3.2' ]]; then python $TARGET --ioloop_time_monotonic; fi
travis_time:end:1054dba2:start=1445707247669705559,finish=1445707247672751266,duration=3045707[0K
[32;1mThe command "if [[ $TRAVIS_PYTHON_VERSION == 3* && $TRAVIS_PYTHON_VERSION != '3.2' ]]; then python $TARGET --ioloop_time_monotonic; fi" exited with 0.[0m
travis_time:start:125933ed[0K$ if [[ $TRAVIS_PYTHON_VERSION != 2.6 && $TRAVIS_PYTHON_VERSION != nightly ]]; then coverage xml; fi
travis_time:end:125933ed:start=1445707247676868256,finish=1445707253655660295,duration=5978792039[0K
[32;1mThe command "if [[ $TRAVIS_PYTHON_VERSION != 2.6 && $TRAVIS_PYTHON_VERSION != nightly ]]; then coverage xml; fi" exited with 0.[0m
travis_time:start:0902a780[0K$ export TORNADO_EXTENSION=0
travis_time:end:0902a780:start=1445707253659796751,finish=1445707253662845984,duration=3049233[0K
[32;1mThe command "export TORNADO_EXTENSION=0" exited with 0.[0m
travis_time:start:05bd4afe[0K$ if [[ $TRAVIS_PYTHON_VERSION == '3.5' && $DEPS == true ]]; then cd ../docs && mkdir sphinx-out && sphinx-build -E -n -W -b html . sphinx-out; fi
travis_time:end:05bd4afe:start=1445707253666764614,finish=1445707253669744467,duration=2979853[0K
[32;1mThe command "if [[ $TRAVIS_PYTHON_VERSION == '3.5' && $DEPS == true ]]; then cd ../docs && mkdir sphinx-out && sphinx-build -E -n -W -b html . sphinx-out; fi" exited with 0.[0m
travis_time:start:01a8c155[0K$ if [[ $TRAVIS_PYTHON_VERSION == '2.7' && $DEPS == true ]]; then cd ../docs && mkdir sphinx-doctest-out && sphinx-build -E -n -b doctest . sphinx-out; fi
travis_time:end:01a8c155:start=1445707253673853121,finish=1445707253676889996,duration=3036875[0K
[32;1mThe command "if [[ $TRAVIS_PYTHON_VERSION == '2.7' && $DEPS == true ]]; then cd ../docs && mkdir sphinx-doctest-out && sphinx-build -E -n -b doctest . sphinx-out; fi" exited with 0.[0m
travis_time:start:33435845[0K$ if [[ $TRAVIS_PYTHON_VERSION == '3.5' && $DEPS == true ]]; then cd ../docs && mkdir sphinx-doctest-out && sphinx-build -E -n -b doctest . sphinx-out; fi
travis_time:end:33435845:start=1445707253680860269,finish=1445707253683842399,duration=2982130[0K
[32;1mThe command "if [[ $TRAVIS_PYTHON_VERSION == '3.5' && $DEPS == true ]]; then cd ../docs && mkdir sphinx-doctest-out && sphinx-build -E -n -b doctest . sphinx-out; fi" exited with 0.[0m

Done. Your build exited with 1.
