Using worker: worker-linux-docker-07b61afe.prod.travis-ci.org:travis-linux-4

travis_fold:start:system_info[0K[33;1mBuild system information[0m
Build language: python
[34m[1mBuild image provisioning date and time[0m
Thu Feb  5 15:09:33 UTC 2015
[34m[1mOperating System Details[0m
Distributor ID:	Ubuntu
Description:	Ubuntu 12.04.5 LTS
Release:	12.04
Codename:	precise
[34m[1mLinux Version[0m
3.13.0-29-generic
[34m[1mCookbooks Version[0m
a68419e https://github.com/travis-ci/travis-cookbooks/tree/a68419e
[34m[1mGCC version[0m
gcc (Ubuntu/Linaro 4.6.3-1ubuntu5) 4.6.3
Copyright (C) 2011 Free Software Foundation, Inc.
This is free software; see the source for copying conditions.  There is NO
warranty; not even for MERCHANTABILITY or FITNESS FOR A PARTICULAR PURPOSE.

[34m[1mLLVM version[0m
clang version 3.4 (tags/RELEASE_34/final)
Target: x86_64-unknown-linux-gnu
Thread model: posix
[34m[1mPre-installed Ruby versions[0m
ruby-1.9.3-p551
[34m[1mPre-installed Node.js versions[0m
v0.10.36
[34m[1mPre-installed Go versions[0m
1.4.1
[34m[1mRedis version[0m
redis-server 2.8.19
[34m[1mriak version[0m
2.0.2
[34m[1mMongoDB version[0m
MongoDB 2.4.12
[34m[1mCouchDB version[0m
couchdb 1.6.1
[34m[1mNeo4j version[0m
1.9.4
[34m[1mRabbitMQ Version[0m
3.4.3
[34m[1mElasticSearch version[0m
1.4.0
[34m[1mInstalled Sphinx versions[0m
2.0.10
2.1.9
2.2.6
[34m[1mDefault Sphinx version[0m
2.2.6
[34m[1mInstalled Firefox version[0m
firefox 31.0esr
[34m[1mPhantomJS version[0m
1.9.8
[34m[1mant -version[0m
Apache Ant(TM) version 1.8.2 compiled on December 3 2011
[34m[1mmvn -version[0m
Apache Maven 3.2.5 (12a6b3acb947671f09b81f49094c53f426d8cea1; 2014-12-14T17:29:23+00:00)
Maven home: /usr/local/maven
Java version: 1.7.0_76, vendor: Oracle Corporation
Java home: /usr/lib/jvm/java-7-oracle/jre
Default locale: en_US, platform encoding: ANSI_X3.4-1968
OS name: "linux", version: "3.13.0-29-generic", arch: "amd64", family: "unix"
travis_fold:end:system_info[0K
travis_fold:start:git.checkout[0Ktravis_time:start:0afc3873[0K$ git clone --depth=50 --branch=master https://github.com/tornadoweb/tornado.git tornadoweb/tornado
Cloning into 'tornadoweb/tornado'...
remote: Counting objects: 1350, done.[K
remote: Compressing objects:   0% (1/765)   [Kremote: Compressing objects:   1% (8/765)   [Kremote: Compressing objects:   2% (16/765)   [Kremote: Compressing objects:   3% (23/765)   [Kremote: Compressing objects:   4% (31/765)   [Kremote: Compressing objects:   5% (39/765)   [Kremote: Compressing objects:   6% (46/765)   [Kremote: Compressing objects:   7% (54/765)   [Kremote: Compressing objects:   8% (62/765)   [Kremote: Compressing objects:   9% (69/765)   [Kremote: Compressing objects:  10% (77/765)   [Kremote: Compressing objects:  11% (85/765)   [Kremote: Compressing objects:  12% (92/765)   [Kremote: Compressing objects:  13% (100/765)   [Kremote: Compressing objects:  14% (108/765)   [Kremote: Compressing objects:  15% (115/765)   [Kremote: Compressing objects:  16% (123/765)   [Kremote: Compressing objects:  17% (131/765)   [Kremote: Compressing objects:  18% (138/765)   [Kremote: Compressing objects:  19% (146/765)   [Kremote: Compressing objects:  20% (153/765)   [Kremote: Compressing objects:  21% (161/765)   [Kremote: Compressing objects:  22% (169/765)   [Kremote: Compressing objects:  23% (176/765)   [Kremote: Compressing objects:  24% (184/765)   [Kremote: Compressing objects:  25% (192/765)   [Kremote: Compressing objects:  26% (199/765)   [Kremote: Compressing objects:  27% (207/765)   [Kremote: Compressing objects:  28% (215/765)   [Kremote: Compressing objects:  29% (222/765)   [Kremote: Compressing objects:  30% (230/765)   [Kremote: Compressing objects:  31% (238/765)   [Kremote: Compressing objects:  32% (245/765)   [Kremote: Compressing objects:  33% (253/765)   [Kremote: Compressing objects:  34% (261/765)   [Kremote: Compressing objects:  35% (268/765)   [Kremote: Compressing objects:  36% (276/765)   [Kremote: Compressing objects:  37% (284/765)   [Kremote: Compressing objects:  38% (291/765)   [Kremote: Compressing objects:  39% (299/765)   [Kremote: Compressing objects:  40% (306/765)   [Kremote: Compressing objects:  41% (314/765)   [Kremote: Compressing objects:  42% (322/765)   [Kremote: Compressing objects:  43% (329/765)   [Kremote: Compressing objects:  44% (337/765)   [Kremote: Compressing objects:  45% (345/765)   [Kremote: Compressing objects:  46% (352/765)   [Kremote: Compressing objects:  47% (360/765)   [Kremote: Compressing objects:  48% (368/765)   [Kremote: Compressing objects:  49% (375/765)   [Kremote: Compressing objects:  50% (383/765)   [Kremote: Compressing objects:  51% (391/765)   [Kremote: Compressing objects:  52% (398/765)   [Kremote: Compressing objects:  53% (406/765)   [Kremote: Compressing objects:  54% (414/765)   [Kremote: Compressing objects:  55% (421/765)   [Kremote: Compressing objects:  56% (429/765)   [Kremote: Compressing objects:  57% (437/765)   [Kremote: Compressing objects:  58% (444/765)   [Kremote: Compressing objects:  59% (452/765)   [Kremote: Compressing objects:  60% (459/765)   [Kremote: Compressing objects:  61% (467/765)   [Kremote: Compressing objects:  62% (475/765)   [Kremote: Compressing objects:  63% (482/765)   [Kremote: Compressing objects:  64% (490/765)   [Kremote: Compressing objects:  65% (498/765)   [Kremote: Compressing objects:  66% (505/765)   [Kremote: Compressing objects:  67% (513/765)   [Kremote: Compressing objects:  68% (521/765)   [Kremote: Compressing objects:  69% (528/765)   [Kremote: Compressing objects:  70% (536/765)   [Kremote: Compressing objects:  71% (544/765)   [Kremote: Compressing objects:  72% (551/765)   [Kremote: Compressing objects:  73% (559/765)   [Kremote: Compressing objects:  74% (567/765)   [Kremote: Compressing objects:  75% (574/765)   [Kremote: Compressing objects:  76% (582/765)   [Kremote: Compressing objects:  77% (590/765)   [Kremote: Compressing objects:  78% (597/765)   [Kremote: Compressing objects:  79% (605/765)   [Kremote: Compressing objects:  80% (612/765)   [Kremote: Compressing objects:  81% (620/765)   [Kremote: Compressing objects:  82% (628/765)   [Kremote: Compressing objects:  83% (635/765)   [Kremote: Compressing objects:  84% (643/765)   [Kremote: Compressing objects:  85% (651/765)   [Kremote: Compressing objects:  86% (658/765)   [Kremote: Compressing objects:  87% (666/765)   [Kremote: Compressing objects:  88% (674/765)   [Kremote: Compressing objects:  89% (681/765)   [Kremote: Compressing objects:  90% (689/765)   [Kremote: Compressing objects:  91% (697/765)   [Kremote: Compressing objects:  92% (704/765)   [Kremote: Compressing objects:  93% (712/765)   [Kremote: Compressing objects:  94% (720/765)   [Kremote: Compressing objects:  95% (727/765)   [Kremote: Compressing objects:  96% (735/765)   [Kremote: Compressing objects:  97% (743/765)   [Kremote: Compressing objects:  98% (750/765)   [Kremote: Compressing objects:  99% (758/765)   [Kremote: Compressing objects: 100% (765/765)   [Kremote: Compressing objects: 100% (765/765), done.[K
Receiving objects:   0% (1/1350)   Receiving objects:   1% (14/1350)   Receiving objects:   2% (27/1350)   Receiving objects:   3% (41/1350)   Receiving objects:   4% (54/1350)   Receiving objects:   5% (68/1350)   Receiving objects:   6% (81/1350)   Receiving objects:   7% (95/1350)   Receiving objects:   8% (108/1350)   Receiving objects:   9% (122/1350)   Receiving objects:  10% (135/1350)   Receiving objects:  11% (149/1350)   Receiving objects:  12% (162/1350)   Receiving objects:  13% (176/1350)   Receiving objects:  14% (189/1350)   Receiving objects:  15% (203/1350)   Receiving objects:  16% (216/1350)   Receiving objects:  17% (230/1350)   Receiving objects:  18% (243/1350)   Receiving objects:  19% (257/1350)   Receiving objects:  20% (270/1350)   Receiving objects:  21% (284/1350)   Receiving objects:  22% (297/1350)   Receiving objects:  23% (311/1350)   Receiving objects:  24% (324/1350)   Receiving objects:  25% (338/1350)   Receiving objects:  26% (351/1350)   Receiving objects:  27% (365/1350)   Receiving objects:  28% (378/1350)   Receiving objects:  29% (392/1350)   Receiving objects:  30% (405/1350)   Receiving objects:  31% (419/1350)   Receiving objects:  32% (432/1350)   Receiving objects:  33% (446/1350)   Receiving objects:  34% (459/1350)   Receiving objects:  35% (473/1350)   Receiving objects:  36% (486/1350)   Receiving objects:  37% (500/1350)   Receiving objects:  38% (513/1350)   Receiving objects:  39% (527/1350)   Receiving objects:  40% (540/1350)   Receiving objects:  41% (554/1350)   Receiving objects:  42% (567/1350)   Receiving objects:  43% (581/1350)   Receiving objects:  44% (594/1350)   Receiving objects:  45% (608/1350)   Receiving objects:  46% (621/1350)   Receiving objects:  47% (635/1350)   Receiving objects:  48% (648/1350)   Receiving objects:  49% (662/1350)   Receiving objects:  50% (675/1350)   Receiving objects:  51% (689/1350)   Receiving objects:  52% (702/1350)   Receiving objects:  53% (716/1350)   Receiving objects:  54% (729/1350)   Receiving objects:  55% (743/1350)   Receiving objects:  56% (756/1350)   Receiving objects:  57% (770/1350)   Receiving objects:  58% (783/1350)   Receiving objects:  59% (797/1350)   Receiving objects:  60% (810/1350)   Receiving objects:  61% (824/1350)   Receiving objects:  62% (837/1350)   Receiving objects:  63% (851/1350)   Receiving objects:  64% (864/1350)   Receiving objects:  65% (878/1350)   Receiving objects:  66% (891/1350)   Receiving objects:  67% (905/1350)   Receiving objects:  68% (918/1350)   Receiving objects:  69% (932/1350)   Receiving objects:  70% (945/1350)   Receiving objects:  71% (959/1350)   Receiving objects:  72% (972/1350)   Receiving objects:  73% (986/1350)   Receiving objects:  74% (999/1350)   Receiving objects:  75% (1013/1350)   Receiving objects:  76% (1026/1350)   Receiving objects:  77% (1040/1350)   Receiving objects:  78% (1053/1350)   Receiving objects:  79% (1067/1350)   Receiving objects:  80% (1080/1350)   Receiving objects:  81% (1094/1350)   Receiving objects:  82% (1107/1350)   Receiving objects:  83% (1121/1350)   Receiving objects:  84% (1134/1350)   Receiving objects:  85% (1148/1350)   Receiving objects:  86% (1161/1350)   Receiving objects:  87% (1175/1350)   Receiving objects:  88% (1188/1350)   Receiving objects:  89% (1202/1350)   Receiving objects:  90% (1215/1350)   Receiving objects:  91% (1229/1350)   Receiving objects:  92% (1242/1350)   Receiving objects:  93% (1256/1350)   Receiving objects:  94% (1269/1350)   Receiving objects:  95% (1283/1350)   Receiving objects:  96% (1296/1350)   Receiving objects:  97% (1310/1350)   Receiving objects:  98% (1323/1350)   Receiving objects:  99% (1337/1350)   remote: Total 1350 (delta 787), reused 964 (delta 551), pack-reused 0[K
Receiving objects: 100% (1350/1350)   Receiving objects: 100% (1350/1350), 756.27 KiB | 0 bytes/s, done.
Resolving deltas:   0% (0/787)   Resolving deltas:   6% (55/787)   Resolving deltas:   7% (57/787)   Resolving deltas:  13% (103/787)   Resolving deltas:  14% (111/787)   Resolving deltas:  15% (120/787)   Resolving deltas:  22% (177/787)   Resolving deltas:  23% (183/787)   Resolving deltas:  25% (200/787)   Resolving deltas:  29% (236/787)   Resolving deltas:  30% (242/787)   Resolving deltas:  31% (248/787)   Resolving deltas:  32% (254/787)   Resolving deltas:  33% (260/787)   Resolving deltas:  34% (271/787)   Resolving deltas:  42% (337/787)   Resolving deltas:  43% (344/787)   Resolving deltas:  44% (347/787)   Resolving deltas:  45% (356/787)   Resolving deltas:  47% (373/787)   Resolving deltas:  48% (379/787)   Resolving deltas:  49% (391/787)   Resolving deltas:  50% (400/787)   Resolving deltas:  51% (404/787)   Resolving deltas:  52% (410/787)   Resolving deltas:  53% (419/787)   Resolving deltas:  54% (428/787)   Resolving deltas:  55% (433/787)   Resolving deltas:  56% (443/787)   Resolving deltas:  57% (449/787)   Resolving deltas:  58% (462/787)   Resolving deltas:  59% (465/787)   Resolving deltas:  60% (473/787)   Resolving deltas:  61% (483/787)   Resolving deltas:  62% (489/787)   Resolving deltas:  63% (500/787)   Resolving deltas:  64% (504/787)   Resolving deltas:  65% (512/787)   Resolving deltas:  66% (520/787)   Resolving deltas:  67% (528/787)   Resolving deltas:  68% (540/787)   Resolving deltas:  69% (545/787)   Resolving deltas:  71% (559/787)   Resolving deltas:  72% (567/787)   Resolving deltas:  73% (576/787)   Resolving deltas:  74% (583/787)   Resolving deltas:  75% (594/787)   Resolving deltas:  76% (600/787)   Resolving deltas:  77% (606/787)   Resolving deltas:  78% (614/787)   Resolving deltas:  79% (623/787)   Resolving deltas:  80% (631/787)   Resolving deltas:  81% (642/787)   Resolving deltas:  82% (648/787)   Resolving deltas:  83% (654/787)   Resolving deltas:  84% (664/787)   Resolving deltas:  85% (670/787)   Resolving deltas:  86% (677/787)   Resolving deltas:  88% (696/787)   Resolving deltas:  89% (703/787)   Resolving deltas:  90% (710/787)   Resolving deltas:  91% (720/787)   Resolving deltas:  94% (740/787)   Resolving deltas:  95% (751/787)   Resolving deltas:  96% (760/787)   Resolving deltas:  97% (764/787)   Resolving deltas:  99% (784/787)   Resolving deltas: 100% (787/787)   Resolving deltas: 100% (787/787), done.
Checking connectivity... done.
travis_time:end:0afc3873:start=1445707141879711639,finish=1445707142510499078,duration=630787439[0K$ cd tornadoweb/tornado
$ git checkout -qf 64c0f06d681b4885ce0f78a04ed24b91a7f68b4e
travis_fold:end:git.checkout[0K
[33;1mThis job is running on container-based infrastructure, which does not allow use of 'sudo', setuid and setguid executables.[0m
[33;1mIf you require sudo, add 'sudo: required' to your .travis.yml[0m
[33;1mSee http://docs.travis-ci.com/user/workers/container-based-infrastructure/ for details.[0m

[33;1mSetting environment variables from .travis.yml[0m
$ export DEPS=true

travis_time:start:108825bb[0K$ source ~/virtualenv/pypy/bin/activate
travis_time:end:108825bb:start=1445707144787691278,finish=1445707144791348002,duration=3656724[0K$ python --version
Python 2.7.8 (10f1b29a2bd2, Feb 02 2015, 21:22:43)
[PyPy 2.5.0 with GCC 4.6.3]
$ pip --version
pip 6.0.7 from /home/travis/virtualenv/pypy-2.5.0/site-packages (python 2.7)
travis_fold:start:install.1[0Ktravis_time:start:00740ae8[0K$ if [[ $TRAVIS_PYTHON_VERSION == '2.6' ]]; then travis_retry pip install unittest2; fi
travis_time:end:00740ae8:start=1445707145738698029,finish=1445707145741679453,duration=2981424[0Ktravis_fold:end:install.1[0Ktravis_fold:start:install.2[0Ktravis_time:start:033ec0d8[0K$ if [[ $TRAVIS_PYTHON_VERSION == 2* && $DEPS == true ]]; then travis_retry pip install futures mock Monotime trollius; fi
travis_time:end:033ec0d8:start=1445707145745377174,finish=1445707145748223328,duration=2846154[0Ktravis_fold:end:install.2[0Ktravis_fold:start:install.3[0Ktravis_time:start:07c1f966[0K$ if [[ $TRAVIS_PYTHON_VERSION == 'pypy' && $DEPS == true ]]; then travis_retry pip install futures mock; fi
[33mYou are using pip version 6.0.7, however version 7.1.2 is available.
You should consider upgrading via the 'pip install --upgrade pip' command.[0m
Collecting futures
  Downloading futures-3.0.3-py2-none-any.whl
Requirement already satisfied (use --upgrade to upgrade): mock in /home/travis/virtualenv/pypy-2.5.0/site-packages
Installing collected packages: futures

Successfully installed futures-3.0.3
travis_time:end:07c1f966:start=1445707145751807269,finish=1445707146608716727,duration=856909458[0Ktravis_fold:end:install.3[0Ktravis_fold:start:install.4[0Ktravis_time:start:01aa7710[0K$ if [[ $TRAVIS_PYTHON_VERSION != 'pypy'* && $DEPS == true ]]; then travis_retry pip install pycurl; fi
travis_time:end:01aa7710:start=1445707146612468058,finish=1445707146615312454,duration=2844396[0Ktravis_fold:end:install.4[0Ktravis_fold:start:install.5[0Ktravis_time:start:0d4065c8[0K$ if [[ $TRAVIS_PYTHON_VERSION == '3.2' && $DEPS == true ]]; then travis_retry pip install mock; fi
travis_time:end:0d4065c8:start=1445707146618906937,finish=1445707146621753406,duration=2846469[0Ktravis_fold:end:install.5[0Ktravis_fold:start:install.6[0Ktravis_time:start:0bc2b00c[0K$ if [[ $TRAVIS_PYTHON_VERSION != '3.2' && $TRAVIS_PYTHON_VERSION != 'pypy'* && $DEPS == true ]]; then travis_retry pip install Twisted; fi
travis_time:end:0bc2b00c:start=1445707146625383607,finish=1445707146628230814,duration=2847207[0Ktravis_fold:end:install.6[0Ktravis_fold:start:install.7[0Ktravis_time:start:072cd556[0K$ if [[ $TRAVIS_PYTHON_VERSION == '2.7' && $DEPS == true ]]; then travis_retry pip install sphinx sphinx_rtd_theme; fi
travis_time:end:072cd556:start=1445707146631839731,finish=1445707146634669508,duration=2829777[0Ktravis_fold:end:install.7[0Ktravis_fold:start:install.8[0Ktravis_time:start:017d06c2[0K$ if [[ $TRAVIS_PYTHON_VERSION == '3.5' && $DEPS == true ]]; then travis_retry pip install sphinx sphinx_rtd_theme; fi
travis_time:end:017d06c2:start=1445707146638253572,finish=1445707146641124181,duration=2870609[0Ktravis_fold:end:install.8[0Ktravis_fold:start:install.9[0Ktravis_time:start:278780d0[0K$ if [[ $TRAVIS_PYTHON_VERSION != 'pypy'* ]]; then export TORNADO_EXTENSION=1; fi
travis_time:end:278780d0:start=1445707146644749533,finish=1445707146647577394,duration=2827861[0Ktravis_fold:end:install.9[0Ktravis_fold:start:install.10[0Ktravis_time:start:00aca3a0[0K$ travis_retry python setup.py install
running install
Checking .pth file support in /home/travis/virtualenv/pypy-2.5.0/site-packages/
/home/travis/virtualenv/pypy-2.5.0/bin/python -E -c pass
TEST PASSED: /home/travis/virtualenv/pypy-2.5.0/site-packages/ appears to support .pth files
running bdist_egg
running egg_info
creating tornado.egg-info
writing tornado.egg-info/PKG-INFO
writing dependency_links to tornado.egg-info/dependency_links.txt
writing requirements to tornado.egg-info/requires.txt
writing top-level names to tornado.egg-info/top_level.txt
writing manifest file 'tornado.egg-info/SOURCES.txt'
reading manifest file 'tornado.egg-info/SOURCES.txt'
reading manifest template 'MANIFEST.in'
no previously-included directories found matching 'docs/build'
warning: no files found matching 'tornado/test/README'
writing manifest file 'tornado.egg-info/SOURCES.txt'
installing library code to build/bdist.linux-x86_64/egg
running install_lib
running build_py
creating build
creating build/lib
creating build/lib/tornado
copying tornado/__init__.py -> build/lib/tornado
copying tornado/_locale_data.py -> build/lib/tornado
copying tornado/auth.py -> build/lib/tornado
copying tornado/autoreload.py -> build/lib/tornado
copying tornado/concurrent.py -> build/lib/tornado
copying tornado/curl_httpclient.py -> build/lib/tornado
copying tornado/escape.py -> build/lib/tornado
copying tornado/gen.py -> build/lib/tornado
copying tornado/http1connection.py -> build/lib/tornado
copying tornado/httpclient.py -> build/lib/tornado
copying tornado/httpserver.py -> build/lib/tornado
copying tornado/httputil.py -> build/lib/tornado
copying tornado/ioloop.py -> build/lib/tornado
copying tornado/iostream.py -> build/lib/tornado
copying tornado/locale.py -> build/lib/tornado
copying tornado/locks.py -> build/lib/tornado
copying tornado/log.py -> build/lib/tornado
copying tornado/netutil.py -> build/lib/tornado
copying tornado/options.py -> build/lib/tornado
copying tornado/process.py -> build/lib/tornado
copying tornado/queues.py -> build/lib/tornado
copying tornado/simple_httpclient.py -> build/lib/tornado
copying tornado/stack_context.py -> build/lib/tornado
copying tornado/tcpclient.py -> build/lib/tornado
copying tornado/tcpserver.py -> build/lib/tornado
copying tornado/template.py -> build/lib/tornado
copying tornado/testing.py -> build/lib/tornado
copying tornado/util.py -> build/lib/tornado
copying tornado/web.py -> build/lib/tornado
copying tornado/websocket.py -> build/lib/tornado
copying tornado/wsgi.py -> build/lib/tornado
creating build/lib/tornado/test
copying tornado/test/__init__.py -> build/lib/tornado/test
copying tornado/test/__main__.py -> build/lib/tornado/test
copying tornado/test/asyncio_test.py -> build/lib/tornado/test
copying tornado/test/auth_test.py -> build/lib/tornado/test
copying tornado/test/concurrent_test.py -> build/lib/tornado/test
copying tornado/test/curl_httpclient_test.py -> build/lib/tornado/test
copying tornado/test/escape_test.py -> build/lib/tornado/test
copying tornado/test/gen_test.py -> build/lib/tornado/test
copying tornado/test/httpclient_test.py -> build/lib/tornado/test
copying tornado/test/httpserver_test.py -> build/lib/tornado/test
copying tornado/test/httputil_test.py -> build/lib/tornado/test
copying tornado/test/import_test.py -> build/lib/tornado/test
copying tornado/test/ioloop_test.py -> build/lib/tornado/test
copying tornado/test/iostream_test.py -> build/lib/tornado/test
copying tornado/test/locale_test.py -> build/lib/tornado/test
copying tornado/test/locks_test.py -> build/lib/tornado/test
copying tornado/test/log_test.py -> build/lib/tornado/test
copying tornado/test/netutil_test.py -> build/lib/tornado/test
copying tornado/test/options_test.py -> build/lib/tornado/test
copying tornado/test/process_test.py -> build/lib/tornado/test
copying tornado/test/queues_test.py -> build/lib/tornado/test
copying tornado/test/resolve_test_helper.py -> build/lib/tornado/test
copying tornado/test/runtests.py -> build/lib/tornado/test
copying tornado/test/simple_httpclient_test.py -> build/lib/tornado/test
copying tornado/test/stack_context_test.py -> build/lib/tornado/test
copying tornado/test/tcpclient_test.py -> build/lib/tornado/test
copying tornado/test/tcpserver_test.py -> build/lib/tornado/test
copying tornado/test/template_test.py -> build/lib/tornado/test
copying tornado/test/testing_test.py -> build/lib/tornado/test
copying tornado/test/twisted_test.py -> build/lib/tornado/test
copying tornado/test/util.py -> build/lib/tornado/test
copying tornado/test/util_test.py -> build/lib/tornado/test
copying tornado/test/web_test.py -> build/lib/tornado/test
copying tornado/test/websocket_test.py -> build/lib/tornado/test
copying tornado/test/wsgi_test.py -> build/lib/tornado/test
creating build/lib/tornado/platform
copying tornado/platform/__init__.py -> build/lib/tornado/platform
copying tornado/platform/asyncio.py -> build/lib/tornado/platform
copying tornado/platform/auto.py -> build/lib/tornado/platform
copying tornado/platform/caresresolver.py -> build/lib/tornado/platform
copying tornado/platform/common.py -> build/lib/tornado/platform
copying tornado/platform/epoll.py -> build/lib/tornado/platform
copying tornado/platform/interface.py -> build/lib/tornado/platform
copying tornado/platform/kqueue.py -> build/lib/tornado/platform
copying tornado/platform/posix.py -> build/lib/tornado/platform
copying tornado/platform/select.py -> build/lib/tornado/platform
copying tornado/platform/twisted.py -> build/lib/tornado/platform
copying tornado/platform/windows.py -> build/lib/tornado/platform
creating build/lib/tornado/test/csv_translations
copying tornado/test/csv_translations/fr_FR.csv -> build/lib/tornado/test/csv_translations
creating build/lib/tornado/test/gettext_translations
creating build/lib/tornado/test/gettext_translations/fr_FR
creating build/lib/tornado/test/gettext_translations/fr_FR/LC_MESSAGES
copying tornado/test/gettext_translations/fr_FR/LC_MESSAGES/tornado_test.mo -> build/lib/tornado/test/gettext_translations/fr_FR/LC_MESSAGES
copying tornado/test/gettext_translations/fr_FR/LC_MESSAGES/tornado_test.po -> build/lib/tornado/test/gettext_translations/fr_FR/LC_MESSAGES
copying tornado/test/options_test.cfg -> build/lib/tornado/test
creating build/lib/tornado/test/static
copying tornado/test/static/robots.txt -> build/lib/tornado/test/static
copying tornado/test/static/sample.xml -> build/lib/tornado/test/static
copying tornado/test/static/sample.xml.gz -> build/lib/tornado/test/static
copying tornado/test/static/sample.xml.bz2 -> build/lib/tornado/test/static
creating build/lib/tornado/test/static/dir
copying tornado/test/static/dir/index.html -> build/lib/tornado/test/static/dir
copying tornado/test/static_foo.txt -> build/lib/tornado/test
creating build/lib/tornado/test/templates
copying tornado/test/templates/utf8.html -> build/lib/tornado/test/templates
copying tornado/test/test.crt -> build/lib/tornado/test
copying tornado/test/test.key -> build/lib/tornado/test
creating build/bdist.linux-x86_64
creating build/bdist.linux-x86_64/egg
creating build/bdist.linux-x86_64/egg/tornado
copying build/lib/tornado/__init__.py -> build/bdist.linux-x86_64/egg/tornado
copying build/lib/tornado/_locale_data.py -> build/bdist.linux-x86_64/egg/tornado
copying build/lib/tornado/auth.py -> build/bdist.linux-x86_64/egg/tornado
copying build/lib/tornado/autoreload.py -> build/bdist.linux-x86_64/egg/tornado
copying build/lib/tornado/concurrent.py -> build/bdist.linux-x86_64/egg/tornado
copying build/lib/tornado/curl_httpclient.py -> build/bdist.linux-x86_64/egg/tornado
copying build/lib/tornado/escape.py -> build/bdist.linux-x86_64/egg/tornado
copying build/lib/tornado/gen.py -> build/bdist.linux-x86_64/egg/tornado
copying build/lib/tornado/http1connection.py -> build/bdist.linux-x86_64/egg/tornado
copying build/lib/tornado/httpclient.py -> build/bdist.linux-x86_64/egg/tornado
copying build/lib/tornado/httpserver.py -> build/bdist.linux-x86_64/egg/tornado
copying build/lib/tornado/httputil.py -> build/bdist.linux-x86_64/egg/tornado
copying build/lib/tornado/ioloop.py -> build/bdist.linux-x86_64/egg/tornado
copying build/lib/tornado/iostream.py -> build/bdist.linux-x86_64/egg/tornado
copying build/lib/tornado/locale.py -> build/bdist.linux-x86_64/egg/tornado
copying build/lib/tornado/locks.py -> build/bdist.linux-x86_64/egg/tornado
copying build/lib/tornado/log.py -> build/bdist.linux-x86_64/egg/tornado
copying build/lib/tornado/netutil.py -> build/bdist.linux-x86_64/egg/tornado
copying build/lib/tornado/options.py -> build/bdist.linux-x86_64/egg/tornado
copying build/lib/tornado/process.py -> build/bdist.linux-x86_64/egg/tornado
copying build/lib/tornado/queues.py -> build/bdist.linux-x86_64/egg/tornado
copying build/lib/tornado/simple_httpclient.py -> build/bdist.linux-x86_64/egg/tornado
copying build/lib/tornado/stack_context.py -> build/bdist.linux-x86_64/egg/tornado
copying build/lib/tornado/tcpclient.py -> build/bdist.linux-x86_64/egg/tornado
copying build/lib/tornado/tcpserver.py -> build/bdist.linux-x86_64/egg/tornado
copying build/lib/tornado/template.py -> build/bdist.linux-x86_64/egg/tornado
copying build/lib/tornado/testing.py -> build/bdist.linux-x86_64/egg/tornado
copying build/lib/tornado/util.py -> build/bdist.linux-x86_64/egg/tornado
copying build/lib/tornado/web.py -> build/bdist.linux-x86_64/egg/tornado
copying build/lib/tornado/websocket.py -> build/bdist.linux-x86_64/egg/tornado
copying build/lib/tornado/wsgi.py -> build/bdist.linux-x86_64/egg/tornado
creating build/bdist.linux-x86_64/egg/tornado/test
copying build/lib/tornado/test/__init__.py -> build/bdist.linux-x86_64/egg/tornado/test
copying build/lib/tornado/test/__main__.py -> build/bdist.linux-x86_64/egg/tornado/test
copying build/lib/tornado/test/asyncio_test.py -> build/bdist.linux-x86_64/egg/tornado/test
copying build/lib/tornado/test/auth_test.py -> build/bdist.linux-x86_64/egg/tornado/test
copying build/lib/tornado/test/concurrent_test.py -> build/bdist.linux-x86_64/egg/tornado/test
copying build/lib/tornado/test/curl_httpclient_test.py -> build/bdist.linux-x86_64/egg/tornado/test
copying build/lib/tornado/test/escape_test.py -> build/bdist.linux-x86_64/egg/tornado/test
copying build/lib/tornado/test/gen_test.py -> build/bdist.linux-x86_64/egg/tornado/test
copying build/lib/tornado/test/httpclient_test.py -> build/bdist.linux-x86_64/egg/tornado/test
copying build/lib/tornado/test/httpserver_test.py -> build/bdist.linux-x86_64/egg/tornado/test
copying build/lib/tornado/test/httputil_test.py -> build/bdist.linux-x86_64/egg/tornado/test
copying build/lib/tornado/test/import_test.py -> build/bdist.linux-x86_64/egg/tornado/test
copying build/lib/tornado/test/ioloop_test.py -> build/bdist.linux-x86_64/egg/tornado/test
copying build/lib/tornado/test/iostream_test.py -> build/bdist.linux-x86_64/egg/tornado/test
copying build/lib/tornado/test/locale_test.py -> build/bdist.linux-x86_64/egg/tornado/test
copying build/lib/tornado/test/locks_test.py -> build/bdist.linux-x86_64/egg/tornado/test
copying build/lib/tornado/test/log_test.py -> build/bdist.linux-x86_64/egg/tornado/test
copying build/lib/tornado/test/netutil_test.py -> build/bdist.linux-x86_64/egg/tornado/test
copying build/lib/tornado/test/options_test.py -> build/bdist.linux-x86_64/egg/tornado/test
copying build/lib/tornado/test/process_test.py -> build/bdist.linux-x86_64/egg/tornado/test
copying build/lib/tornado/test/queues_test.py -> build/bdist.linux-x86_64/egg/tornado/test
copying build/lib/tornado/test/resolve_test_helper.py -> build/bdist.linux-x86_64/egg/tornado/test
copying build/lib/tornado/test/runtests.py -> build/bdist.linux-x86_64/egg/tornado/test
copying build/lib/tornado/test/simple_httpclient_test.py -> build/bdist.linux-x86_64/egg/tornado/test
copying build/lib/tornado/test/stack_context_test.py -> build/bdist.linux-x86_64/egg/tornado/test
copying build/lib/tornado/test/tcpclient_test.py -> build/bdist.linux-x86_64/egg/tornado/test
copying build/lib/tornado/test/tcpserver_test.py -> build/bdist.linux-x86_64/egg/tornado/test
copying build/lib/tornado/test/template_test.py -> build/bdist.linux-x86_64/egg/tornado/test
copying build/lib/tornado/test/testing_test.py -> build/bdist.linux-x86_64/egg/tornado/test
copying build/lib/tornado/test/twisted_test.py -> build/bdist.linux-x86_64/egg/tornado/test
copying build/lib/tornado/test/util.py -> build/bdist.linux-x86_64/egg/tornado/test
copying build/lib/tornado/test/util_test.py -> build/bdist.linux-x86_64/egg/tornado/test
copying build/lib/tornado/test/web_test.py -> build/bdist.linux-x86_64/egg/tornado/test
copying build/lib/tornado/test/websocket_test.py -> build/bdist.linux-x86_64/egg/tornado/test
copying build/lib/tornado/test/wsgi_test.py -> build/bdist.linux-x86_64/egg/tornado/test
creating build/bdist.linux-x86_64/egg/tornado/test/csv_translations
copying build/lib/tornado/test/csv_translations/fr_FR.csv -> build/bdist.linux-x86_64/egg/tornado/test/csv_translations
creating build/bdist.linux-x86_64/egg/tornado/test/gettext_translations
creating build/bdist.linux-x86_64/egg/tornado/test/gettext_translations/fr_FR
creating build/bdist.linux-x86_64/egg/tornado/test/gettext_translations/fr_FR/LC_MESSAGES
copying build/lib/tornado/test/gettext_translations/fr_FR/LC_MESSAGES/tornado_test.mo -> build/bdist.linux-x86_64/egg/tornado/test/gettext_translations/fr_FR/LC_MESSAGES
copying build/lib/tornado/test/gettext_translations/fr_FR/LC_MESSAGES/tornado_test.po -> build/bdist.linux-x86_64/egg/tornado/test/gettext_translations/fr_FR/LC_MESSAGES
copying build/lib/tornado/test/options_test.cfg -> build/bdist.linux-x86_64/egg/tornado/test
creating build/bdist.linux-x86_64/egg/tornado/test/static
copying build/lib/tornado/test/static/robots.txt -> build/bdist.linux-x86_64/egg/tornado/test/static
copying build/lib/tornado/test/static/sample.xml -> build/bdist.linux-x86_64/egg/tornado/test/static
copying build/lib/tornado/test/static/sample.xml.gz -> build/bdist.linux-x86_64/egg/tornado/test/static
copying build/lib/tornado/test/static/sample.xml.bz2 -> build/bdist.linux-x86_64/egg/tornado/test/static
creating build/bdist.linux-x86_64/egg/tornado/test/static/dir
copying build/lib/tornado/test/static/dir/index.html -> build/bdist.linux-x86_64/egg/tornado/test/static/dir
copying build/lib/tornado/test/static_foo.txt -> build/bdist.linux-x86_64/egg/tornado/test
creating build/bdist.linux-x86_64/egg/tornado/test/templates
copying build/lib/tornado/test/templates/utf8.html -> build/bdist.linux-x86_64/egg/tornado/test/templates
copying build/lib/tornado/test/test.crt -> build/bdist.linux-x86_64/egg/tornado/test
copying build/lib/tornado/test/test.key -> build/bdist.linux-x86_64/egg/tornado/test
creating build/bdist.linux-x86_64/egg/tornado/platform
copying build/lib/tornado/platform/__init__.py -> build/bdist.linux-x86_64/egg/tornado/platform
copying build/lib/tornado/platform/asyncio.py -> build/bdist.linux-x86_64/egg/tornado/platform
copying build/lib/tornado/platform/auto.py -> build/bdist.linux-x86_64/egg/tornado/platform
copying build/lib/tornado/platform/caresresolver.py -> build/bdist.linux-x86_64/egg/tornado/platform
copying build/lib/tornado/platform/common.py -> build/bdist.linux-x86_64/egg/tornado/platform
copying build/lib/tornado/platform/epoll.py -> build/bdist.linux-x86_64/egg/tornado/platform
copying build/lib/tornado/platform/interface.py -> build/bdist.linux-x86_64/egg/tornado/platform
copying build/lib/tornado/platform/kqueue.py -> build/bdist.linux-x86_64/egg/tornado/platform
copying build/lib/tornado/platform/posix.py -> build/bdist.linux-x86_64/egg/tornado/platform
copying build/lib/tornado/platform/select.py -> build/bdist.linux-x86_64/egg/tornado/platform
copying build/lib/tornado/platform/twisted.py -> build/bdist.linux-x86_64/egg/tornado/platform
copying build/lib/tornado/platform/windows.py -> build/bdist.linux-x86_64/egg/tornado/platform
byte-compiling build/bdist.linux-x86_64/egg/tornado/__init__.py to __init__.pyc
byte-compiling build/bdist.linux-x86_64/egg/tornado/_locale_data.py to _locale_data.pyc
byte-compiling build/bdist.linux-x86_64/egg/tornado/auth.py to auth.pyc
byte-compiling build/bdist.linux-x86_64/egg/tornado/autoreload.py to autoreload.pyc
byte-compiling build/bdist.linux-x86_64/egg/tornado/concurrent.py to concurrent.pyc
byte-compiling build/bdist.linux-x86_64/egg/tornado/curl_httpclient.py to curl_httpclient.pyc
byte-compiling build/bdist.linux-x86_64/egg/tornado/escape.py to escape.pyc
byte-compiling build/bdist.linux-x86_64/egg/tornado/gen.py to gen.pyc
byte-compiling build/bdist.linux-x86_64/egg/tornado/http1connection.py to http1connection.pyc
byte-compiling build/bdist.linux-x86_64/egg/tornado/httpclient.py to httpclient.pyc
byte-compiling build/bdist.linux-x86_64/egg/tornado/httpserver.py to httpserver.pyc
byte-compiling build/bdist.linux-x86_64/egg/tornado/httputil.py to httputil.pyc
byte-compiling build/bdist.linux-x86_64/egg/tornado/ioloop.py to ioloop.pyc
byte-compiling build/bdist.linux-x86_64/egg/tornado/iostream.py to iostream.pyc
byte-compiling build/bdist.linux-x86_64/egg/tornado/locale.py to locale.pyc
byte-compiling build/bdist.linux-x86_64/egg/tornado/locks.py to locks.pyc
byte-compiling build/bdist.linux-x86_64/egg/tornado/log.py to log.pyc
byte-compiling build/bdist.linux-x86_64/egg/tornado/netutil.py to netutil.pyc
byte-compiling build/bdist.linux-x86_64/egg/tornado/options.py to options.pyc
byte-compiling build/bdist.linux-x86_64/egg/tornado/process.py to process.pyc
byte-compiling build/bdist.linux-x86_64/egg/tornado/queues.py to queues.pyc
byte-compiling build/bdist.linux-x86_64/egg/tornado/simple_httpclient.py to simple_httpclient.pyc
byte-compiling build/bdist.linux-x86_64/egg/tornado/stack_context.py to stack_context.pyc
byte-compiling build/bdist.linux-x86_64/egg/tornado/tcpclient.py to tcpclient.pyc
byte-compiling build/bdist.linux-x86_64/egg/tornado/tcpserver.py to tcpserver.pyc
byte-compiling build/bdist.linux-x86_64/egg/tornado/template.py to template.pyc
byte-compiling build/bdist.linux-x86_64/egg/tornado/testing.py to testing.pyc
byte-compiling build/bdist.linux-x86_64/egg/tornado/util.py to util.pyc
byte-compiling build/bdist.linux-x86_64/egg/tornado/web.py to web.pyc
byte-compiling build/bdist.linux-x86_64/egg/tornado/websocket.py to websocket.pyc
byte-compiling build/bdist.linux-x86_64/egg/tornado/wsgi.py to wsgi.pyc
byte-compiling build/bdist.linux-x86_64/egg/tornado/test/__init__.py to __init__.pyc
byte-compiling build/bdist.linux-x86_64/egg/tornado/test/__main__.py to __main__.pyc
byte-compiling build/bdist.linux-x86_64/egg/tornado/test/asyncio_test.py to asyncio_test.pyc
byte-compiling build/bdist.linux-x86_64/egg/tornado/test/auth_test.py to auth_test.pyc
byte-compiling build/bdist.linux-x86_64/egg/tornado/test/concurrent_test.py to concurrent_test.pyc
byte-compiling build/bdist.linux-x86_64/egg/tornado/test/curl_httpclient_test.py to curl_httpclient_test.pyc
byte-compiling build/bdist.linux-x86_64/egg/tornado/test/escape_test.py to escape_test.pyc
byte-compiling build/bdist.linux-x86_64/egg/tornado/test/gen_test.py to gen_test.pyc
byte-compiling build/bdist.linux-x86_64/egg/tornado/test/httpclient_test.py to httpclient_test.pyc
byte-compiling build/bdist.linux-x86_64/egg/tornado/test/httpserver_test.py to httpserver_test.pyc
byte-compiling build/bdist.linux-x86_64/egg/tornado/test/httputil_test.py to httputil_test.pyc
byte-compiling build/bdist.linux-x86_64/egg/tornado/test/import_test.py to import_test.pyc
byte-compiling build/bdist.linux-x86_64/egg/tornado/test/ioloop_test.py to ioloop_test.pyc
byte-compiling build/bdist.linux-x86_64/egg/tornado/test/iostream_test.py to iostream_test.pyc
byte-compiling build/bdist.linux-x86_64/egg/tornado/test/locale_test.py to locale_test.pyc
byte-compiling build/bdist.linux-x86_64/egg/tornado/test/locks_test.py to locks_test.pyc
byte-compiling build/bdist.linux-x86_64/egg/tornado/test/log_test.py to log_test.pyc
byte-compiling build/bdist.linux-x86_64/egg/tornado/test/netutil_test.py to netutil_test.pyc
byte-compiling build/bdist.linux-x86_64/egg/tornado/test/options_test.py to options_test.pyc
byte-compiling build/bdist.linux-x86_64/egg/tornado/test/process_test.py to process_test.pyc
byte-compiling build/bdist.linux-x86_64/egg/tornado/test/queues_test.py to queues_test.pyc
byte-compiling build/bdist.linux-x86_64/egg/tornado/test/resolve_test_helper.py to resolve_test_helper.pyc
byte-compiling build/bdist.linux-x86_64/egg/tornado/test/runtests.py to runtests.pyc
byte-compiling build/bdist.linux-x86_64/egg/tornado/test/simple_httpclient_test.py to simple_httpclient_test.pyc
byte-compiling build/bdist.linux-x86_64/egg/tornado/test/stack_context_test.py to stack_context_test.pyc
byte-compiling build/bdist.linux-x86_64/egg/tornado/test/tcpclient_test.py to tcpclient_test.pyc
byte-compiling build/bdist.linux-x86_64/egg/tornado/test/tcpserver_test.py to tcpserver_test.pyc
byte-compiling build/bdist.linux-x86_64/egg/tornado/test/template_test.py to template_test.pyc
byte-compiling build/bdist.linux-x86_64/egg/tornado/test/testing_test.py to testing_test.pyc
byte-compiling build/bdist.linux-x86_64/egg/tornado/test/twisted_test.py to twisted_test.pyc
byte-compiling build/bdist.linux-x86_64/egg/tornado/test/util.py to util.pyc
byte-compiling build/bdist.linux-x86_64/egg/tornado/test/util_test.py to util_test.pyc
byte-compiling build/bdist.linux-x86_64/egg/tornado/test/web_test.py to web_test.pyc
byte-compiling build/bdist.linux-x86_64/egg/tornado/test/websocket_test.py to websocket_test.pyc
byte-compiling build/bdist.linux-x86_64/egg/tornado/test/wsgi_test.py to wsgi_test.pyc
byte-compiling build/bdist.linux-x86_64/egg/tornado/platform/__init__.py to __init__.pyc
byte-compiling build/bdist.linux-x86_64/egg/tornado/platform/asyncio.py to asyncio.pyc
byte-compiling build/bdist.linux-x86_64/egg/tornado/platform/auto.py to auto.pyc
byte-compiling build/bdist.linux-x86_64/egg/tornado/platform/caresresolver.py to caresresolver.pyc
byte-compiling build/bdist.linux-x86_64/egg/tornado/platform/common.py to common.pyc
byte-compiling build/bdist.linux-x86_64/egg/tornado/platform/epoll.py to epoll.pyc
byte-compiling build/bdist.linux-x86_64/egg/tornado/platform/interface.py to interface.pyc
byte-compiling build/bdist.linux-x86_64/egg/tornado/platform/kqueue.py to kqueue.pyc
byte-compiling build/bdist.linux-x86_64/egg/tornado/platform/posix.py to posix.pyc
byte-compiling build/bdist.linux-x86_64/egg/tornado/platform/select.py to select.pyc
byte-compiling build/bdist.linux-x86_64/egg/tornado/platform/twisted.py to twisted.pyc
byte-compiling build/bdist.linux-x86_64/egg/tornado/platform/windows.py to windows.pyc
creating build/bdist.linux-x86_64/egg/EGG-INFO
copying tornado.egg-info/PKG-INFO -> build/bdist.linux-x86_64/egg/EGG-INFO
copying tornado.egg-info/SOURCES.txt -> build/bdist.linux-x86_64/egg/EGG-INFO
copying tornado.egg-info/dependency_links.txt -> build/bdist.linux-x86_64/egg/EGG-INFO
copying tornado.egg-info/requires.txt -> build/bdist.linux-x86_64/egg/EGG-INFO
copying tornado.egg-info/top_level.txt -> build/bdist.linux-x86_64/egg/EGG-INFO
zip_safe flag not set; analyzing archive contents...
tornado.autoreload: module references __file__
tornado.testing: module references __file__
tornado.test.httpserver_test: module references __file__
tornado.test.iostream_test: module references __file__
tornado.test.locale_test: module references __file__
tornado.test.options_test: module references __file__
tornado.test.template_test: module references __file__
tornado.test.web_test: module references __file__
creating dist
creating 'dist/tornado-4.3b1-py2.7.egg' and adding 'build/bdist.linux-x86_64/egg' to it
removing 'build/bdist.linux-x86_64/egg' (and everything under it)
Processing tornado-4.3b1-py2.7.egg
creating /home/travis/virtualenv/pypy-2.5.0/site-packages/tornado-4.3b1-py2.7.egg
Extracting tornado-4.3b1-py2.7.egg to /home/travis/virtualenv/pypy-2.5.0/site-packages
Adding tornado 4.3b1 to easy-install.pth file

Installed /home/travis/virtualenv/pypy-2.5.0/site-packages/tornado-4.3b1-py2.7.egg
Processing dependencies for tornado==4.3b1
Searching for backports-abc>=0.4
Reading https://pypi.python.org/simple/backports_abc/
Best match: backports-abc 0.4
Downloading https://pypi.python.org/packages/source/b/backports_abc/backports_abc-0.4.tar.gz#md5=0b65a216ce9dc9c1a7e20a729dd7c05b
Processing backports_abc-0.4.tar.gz
Writing /tmp/easy_install-fXtqKd/backports_abc-0.4/setup.cfg
Running backports_abc-0.4/setup.py -q bdist_egg --dist-dir /tmp/easy_install-fXtqKd/backports_abc-0.4/egg-dist-tmp-pDZcJQ
zip_safe flag not set; analyzing archive contents...
Moving backports_abc-0.4-py2.7.egg to /home/travis/virtualenv/pypy-2.5.0/site-packages
Adding backports-abc 0.4 to easy-install.pth file

Installed /home/travis/virtualenv/pypy-2.5.0/site-packages/backports_abc-0.4-py2.7.egg
Searching for certifi
Reading https://pypi.python.org/simple/certifi/
Best match: certifi 2015.9.6.2
Downloading https://pypi.python.org/packages/source/c/certifi/certifi-2015.9.6.2.tar.gz#md5=323884431b31aa0eccb5f8086d92196b
Processing certifi-2015.9.6.2.tar.gz
Writing /tmp/easy_install-SsHScg/certifi-2015.9.6.2/setup.cfg
Running certifi-2015.9.6.2/setup.py -q bdist_egg --dist-dir /tmp/easy_install-SsHScg/certifi-2015.9.6.2/egg-dist-tmp-d2NPpp
/home/travis/virtualenv/pypy-2.5.0/site-packages/setuptools/dist.py:283: UserWarning: The version specified requires normalization, consider using '2015.9.6.2' instead of '2015.09.06.2'.
  self.metadata.version,
zip_safe flag not set; analyzing archive contents...
certifi.core: module references __file__
creating /home/travis/virtualenv/pypy-2.5.0/site-packages/certifi-2015.9.6.2-py2.7.egg
Extracting certifi-2015.9.6.2-py2.7.egg to /home/travis/virtualenv/pypy-2.5.0/site-packages
Adding certifi 2015.9.6.2 to easy-install.pth file

Installed /home/travis/virtualenv/pypy-2.5.0/site-packages/certifi-2015.9.6.2-py2.7.egg
Searching for singledispatch
Reading https://pypi.python.org/simple/singledispatch/
Best match: singledispatch 3.4.0.3
Downloading https://pypi.python.org/packages/source/s/singledispatch/singledispatch-3.4.0.3.tar.gz#md5=af2fc6a3d6cc5a02d0bf54d909785fcb
Processing singledispatch-3.4.0.3.tar.gz
Writing /tmp/easy_install-e6rNC9/singledispatch-3.4.0.3/setup.cfg
Running singledispatch-3.4.0.3/setup.py -q bdist_egg --dist-dir /tmp/easy_install-e6rNC9/singledispatch-3.4.0.3/egg-dist-tmp-NcgaZV
Moving singledispatch-3.4.0.3-py2.7.egg to /home/travis/virtualenv/pypy-2.5.0/site-packages
Adding singledispatch 3.4.0.3 to easy-install.pth file

Installed /home/travis/virtualenv/pypy-2.5.0/site-packages/singledispatch-3.4.0.3-py2.7.egg
Searching for backports.ssl-match-hostname
Reading https://pypi.python.org/simple/backports.ssl_match_hostname/
Best match: backports.ssl-match-hostname 3.4.0.2
Downloading https://pypi.python.org/packages/source/b/backports.ssl_match_hostname/backports.ssl_match_hostname-3.4.0.2.tar.gz#md5=788214f20214c64631f0859dc79f23c6
Processing backports.ssl_match_hostname-3.4.0.2.tar.gz
Writing /tmp/easy_install-RQmJbL/backports.ssl_match_hostname-3.4.0.2/setup.cfg
Running backports.ssl_match_hostname-3.4.0.2/setup.py -q bdist_egg --dist-dir /tmp/easy_install-RQmJbL/backports.ssl_match_hostname-3.4.0.2/egg-dist-tmp-XkGPY3
zip_safe flag not set; analyzing archive contents...
backports.__init__: module references __path__
creating /home/travis/virtualenv/pypy-2.5.0/site-packages/backports.ssl_match_hostname-3.4.0.2-py2.7.egg
Extracting backports.ssl_match_hostname-3.4.0.2-py2.7.egg to /home/travis/virtualenv/pypy-2.5.0/site-packages
Adding backports.ssl-match-hostname 3.4.0.2 to easy-install.pth file

Installed /home/travis/virtualenv/pypy-2.5.0/site-packages/backports.ssl_match_hostname-3.4.0.2-py2.7.egg
Searching for six
Reading https://pypi.python.org/simple/six/
Best match: six 1.10.0
Downloading https://pypi.python.org/packages/source/s/six/six-1.10.0.tar.gz#md5=34eed507548117b2ab523ab14b2f8b55
Processing six-1.10.0.tar.gz
Writing /tmp/easy_install-utEVqO/six-1.10.0/setup.cfg
Running six-1.10.0/setup.py -q bdist_egg --dist-dir /tmp/easy_install-utEVqO/six-1.10.0/egg-dist-tmp-_jfTwr
no previously-included directories found matching 'documentation/_build'
zip_safe flag not set; analyzing archive contents...
six: module references __path__
creating /home/travis/virtualenv/pypy-2.5.0/site-packages/six-1.10.0-py2.7.egg
Extracting six-1.10.0-py2.7.egg to /home/travis/virtualenv/pypy-2.5.0/site-packages
Adding six 1.10.0 to easy-install.pth file

Installed /home/travis/virtualenv/pypy-2.5.0/site-packages/six-1.10.0-py2.7.egg
Finished processing dependencies for tornado==4.3b1
travis_time:end:00aca3a0:start=1445707146651169831,finish=1445707150100246731,duration=3449076900[0Ktravis_fold:end:install.10[0Ktravis_fold:start:install.11[0Ktravis_time:start:154c4ad8[0K$ if [[ $TRAVIS_PYTHON_VERSION == '3.2' ]]; then travis_retry pip install 'coverage<4.0'; fi
travis_time:end:154c4ad8:start=1445707150103964379,finish=1445707150106807757,duration=2843378[0Ktravis_fold:end:install.11[0Ktravis_fold:start:install.12[0Ktravis_time:start:2b20c6ac[0K$ travis_retry pip install codecov
[33mYou are using pip version 6.0.7, however version 7.1.2 is available.
You should consider upgrading via the 'pip install --upgrade pip' command.[0m
Collecting codecov
  Downloading codecov-1.5.1.tar.gz
Collecting requests>=2.0.0 (from codecov)
  Downloading requests-2.8.1-py2.py3-none-any.whl (497kB)
[?25l[K    0% |                                | 4.1kB 27.9MB/s eta 0:00:01[K    1% |                                | 8.2kB 17.4MB/s eta 0:00:01[K    2% |                                | 12kB 17.3MB/s eta 0:00:01[K    3% |#                               | 16kB 15.8MB/s eta 0:00:01[K    4% |#                               | 20kB 16.1MB/s eta 0:00:01[K    4% |#                               | 24kB 16.1MB/s eta 0:00:01[K    5% |#                               | 28kB 16.2MB/s eta 0:00:01[K    6% |##                              | 32kB 15.5MB/s eta 0:00:01[K    7% |##                              | 36kB 15.5MB/s eta 0:00:01[K    8% |##                              | 40kB 15.5MB/s eta 0:00:01[K    9% |##                              | 45kB 11.9MB/s eta 0:00:01[K    9% |###                             | 49kB 11.7MB/s eta 0:00:01[K    10% |###                             | 53kB 11.6MB/s eta 0:00:01[K    11% |###                             | 57kB 11.7MB/s eta 0:00:01[K    12% |###                             | 61kB 11.7MB/s eta 0:00:01[K    13% |####                            | 65kB 11.4MB/s eta 0:00:01[K    13% |####                            | 69kB 8.7MB/s eta 0:00:01[K    14% |####                            | 73kB 8.9MB/s eta 0:00:01[K    15% |#####                           | 77kB 9.0MB/s eta 0:00:01[K    16% |#####                           | 81kB 8.9MB/s eta 0:00:01[K    17% |#####                           | 86kB 10.5MB/s eta 0:00:01[K    18% |#####                           | 90kB 11.0MB/s eta 0:00:01[K    18% |######                          | 94kB 11.1MB/s eta 0:00:01[K    19% |######                          | 98kB 10.6MB/s eta 0:00:01[K    20% |######                          | 102kB 10.3MB/s eta 0:00:01[K    21% |######                          | 106kB 10.1MB/s eta 0:00:01[K    22% |#######                         | 110kB 13.2MB/s eta 0:00:01[K    23% |#######                         | 114kB 12.2MB/s eta 0:00:01[K    23% |#######                         | 118kB 11.9MB/s eta 0:00:01[K    24% |#######                         | 122kB 12.1MB/s eta 0:00:01[K    25% |########                        | 126kB 12.1MB/s eta 0:00:01[K    26% |########                        | 131kB 11.9MB/s eta 0:00:01[K    27% |########                        | 135kB 12.0MB/s eta 0:00:01[K    27% |########                        | 139kB 12.7MB/s eta 0:00:01[K    28% |#########                       | 143kB 13.4MB/s eta 0:00:01[K    29% |#########                       | 147kB 13.6MB/s eta 0:00:01[K    30% |#########                       | 151kB 14.4MB/s eta 0:00:01[K    31% |##########                      | 155kB 16.0MB/s eta 0:00:01[K    32% |##########                      | 159kB 16.5MB/s eta 0:00:01[K    32% |##########                      | 163kB 16.0MB/s eta 0:00:01[K    33% |##########                      | 167kB 15.4MB/s eta 0:00:01[K    34% |###########                     | 172kB 14.9MB/s eta 0:00:01[K    35% |###########                     | 176kB 14.6MB/s eta 0:00:01[K    36% |###########                     | 180kB 14.2MB/s eta 0:00:01[K    37% |###########                     | 184kB 14.2MB/s eta 0:00:01[K    37% |############                    | 188kB 14.9MB/s eta 0:00:01[K    38% |############                    | 192kB 14.9MB/s eta 0:00:01[K    39% |############                    | 196kB 14.7MB/s eta 0:00:01[K    40% |############                    | 200kB 14.7MB/s eta 0:00:01[K    41% |#############                   | 204kB 15.0MB/s eta 0:00:01[K    41% |#############                   | 208kB 15.5MB/s eta 0:00:01[K    42% |#############                   | 212kB 15.9MB/s eta 0:00:01[K    43% |#############                   | 217kB 16.4MB/s eta 0:00:01[K    44% |##############                  | 221kB 17.0MB/s eta 0:00:01[K    45% |##############                  | 225kB 17.0MB/s eta 0:00:01[K    46% |##############                  | 229kB 16.6MB/s eta 0:00:01[K    46% |###############                 | 233kB 16.6MB/s eta 0:00:01[K    47% |###############                 | 237kB 17.0MB/s eta 0:00:01[K    48% |###############                 | 241kB 17.1MB/s eta 0:00:01[K    49% |###############                 | 245kB 16.7MB/s eta 0:00:01[K    50% |################                | 249kB 16.7MB/s eta 0:00:01[K    50% |################                | 253kB 17.3MB/s eta 0:00:01[K    51% |################                | 258kB 17.3MB/s eta 0:00:01[K    52% |################                | 262kB 16.8MB/s eta 0:00:01[K    53% |#################               | 266kB 16.8MB/s eta 0:00:01[K    54% |#################               | 270kB 17.2MB/s eta 0:00:01[K    55% |#################               | 274kB 13.8MB/s eta 0:00:01[K    55% |#################               | 278kB 13.5MB/s eta 0:00:01[K    56% |##################              | 282kB 13.5MB/s eta 0:00:01[K    57% |##################              | 286kB 14.0MB/s eta 0:00:01[K    58% |##################              | 290kB 14.1MB/s eta 0:00:01[K    59% |##################              | 294kB 14.0MB/s eta 0:00:01[K    60% |###################             | 299kB 14.0MB/s eta 0:00:01[K    60% |###################             | 303kB 14.5MB/s eta 0:00:01[K    61% |###################             | 307kB 14.6MB/s eta 0:00:01[K    62% |####################            | 311kB 14.5MB/s eta 0:00:01[K    63% |####################            | 315kB 18.4MB/s eta 0:00:01[K    64% |####################            | 319kB 19.2MB/s eta 0:00:01[K    64% |####################            | 323kB 19.3MB/s eta 0:00:01[K    65% |#####################           | 327kB 18.7MB/s eta 0:00:01[K    66% |#####################           | 331kB 18.7MB/s eta 0:00:01[K    67% |#####################           | 335kB 19.1MB/s eta 0:00:01[K    68% |#####################           | 339kB 19.1MB/s eta 0:00:01[K    69% |######################          | 344kB 18.7MB/s eta 0:00:01[K    69% |######################          | 348kB 18.7MB/s eta 0:00:01[K    70% |######################          | 352kB 19.2MB/s eta 0:00:01[K    71% |######################          | 356kB 19.2MB/s eta 0:00:01[K    72% |#######################         | 360kB 18.8MB/s eta 0:00:01[K    73% |#######################         | 364kB 18.8MB/s eta 0:00:01[K    74% |#######################         | 368kB 19.4MB/s eta 0:00:01[K    74% |#######################         | 372kB 19.4MB/s eta 0:00:01[K    75% |########################        | 376kB 19.1MB/s eta 0:00:01[K    76% |########################        | 380kB 19.1MB/s eta 0:00:01[K    77% |########################        | 385kB 19.3MB/s eta 0:00:01[K    78% |#########################       | 389kB 19.0MB/s eta 0:00:01[K    78% |#########################       | 393kB 18.4MB/s eta 0:00:01[K    79% |#########################       | 397kB 18.1MB/s eta 0:00:01[K    80% |#########################       | 401kB 18.4MB/s eta 0:00:01[K    81% |##########################      | 405kB 18.2MB/s eta 0:00:01[K    82% |##########################      | 409kB 17.5MB/s eta 0:00:01[K    83% |##########################      | 413kB 17.2MB/s eta 0:00:01[K    83% |##########################      | 417kB 17.5MB/s eta 0:00:01[K    84% |###########################     | 421kB 17.5MB/s eta 0:00:01[K    85% |###########################     | 425kB 17.3MB/s eta 0:00:01[K    86% |###########################     | 430kB 17.5MB/s eta 0:00:01[K    87% |###########################     | 434kB 18.1MB/s eta 0:00:01[K    88% |############################    | 438kB 18.3MB/s eta 0:00:01[K    88% |############################    | 442kB 18.1MB/s eta 0:00:01[K    89% |############################    | 446kB 18.3MB/s eta 0:00:01[K    90% |############################    | 450kB 19.2MB/s eta 0:00:01[K    91% |#############################   | 454kB 19.5MB/s eta 0:00:01[K    92% |#############################   | 458kB 19.2MB/s eta 0:00:01[K    92% |#############################   | 462kB 19.2MB/s eta 0:00:01[K    93% |##############################  | 466kB 19.7MB/s eta 0:00:01[K    94% |##############################  | 471kB 19.8MB/s eta 0:00:01[K    95% |##############################  | 475kB 19.3MB/s eta 0:00:01[K    96% |##############################  | 479kB 19.3MB/s eta 0:00:01[K    97% |############################### | 483kB 19.8MB/s eta 0:00:01[K    97% |############################### | 487kB 19.7MB/s eta 0:00:01[K    98% |############################### | 491kB 19.2MB/s eta 0:00:01[K    99% |############################### | 495kB 19.2MB/s eta 0:00:01[K    100% |################################| 499kB 893kB/s 
[?25hCollecting coverage (from codecov)
  Downloading coverage-4.0.1.tar.gz (349kB)
[?25l[K    1% |                                | 4.1kB 24.0MB/s eta 0:00:01[K    2% |                                | 8.2kB 19.6MB/s eta 0:00:01[K    3% |#                               | 12kB 19.8MB/s eta 0:00:01[K    4% |#                               | 16kB 19.9MB/s eta 0:00:01[K    5% |#                               | 20kB 18.8MB/s eta 0:00:01[K    7% |##                              | 24kB 18.6MB/s eta 0:00:01[K    8% |##                              | 28kB 19.0MB/s eta 0:00:01[K    9% |##                              | 32kB 19.1MB/s eta 0:00:01[K    10% |###                             | 36kB 18.9MB/s eta 0:00:01[K    11% |###                             | 40kB 19.0MB/s eta 0:00:01[K    12% |####                            | 45kB 18.9MB/s eta 0:00:01[K    14% |####                            | 49kB 19.3MB/s eta 0:00:01[K    15% |####                            | 53kB 18.8MB/s eta 0:00:01[K    16% |#####                           | 57kB 18.8MB/s eta 0:00:01[K    17% |#####                           | 61kB 19.4MB/s eta 0:00:01[K    18% |#####                           | 65kB 19.7MB/s eta 0:00:01[K    19% |######                          | 69kB 19.1MB/s eta 0:00:01[K    21% |######                          | 73kB 19.1MB/s eta 0:00:01[K    22% |#######                         | 77kB 19.5MB/s eta 0:00:01[K    23% |#######                         | 81kB 19.5MB/s eta 0:00:01[K    24% |#######                         | 86kB 18.9MB/s eta 0:00:01[K    25% |########                        | 90kB 18.8MB/s eta 0:00:01[K    26% |########                        | 94kB 19.4MB/s eta 0:00:01[K    28% |########                        | 98kB 19.4MB/s eta 0:00:01[K    29% |#########                       | 102kB 18.5MB/s eta 0:00:01[K    30% |#########                       | 106kB 18.4MB/s eta 0:00:01[K    31% |##########                      | 110kB 19.0MB/s eta 0:00:01[K    32% |##########                      | 114kB 19.1MB/s eta 0:00:01[K    33% |##########                      | 118kB 18.5MB/s eta 0:00:01[K    35% |###########                     | 122kB 18.5MB/s eta 0:00:01[K    36% |###########                     | 126kB 19.0MB/s eta 0:00:01[K    37% |###########                     | 131kB 18.8MB/s eta 0:00:01[K    38% |############                    | 135kB 18.0MB/s eta 0:00:01[K    39% |############                    | 139kB 17.8MB/s eta 0:00:01[K    40% |#############                   | 143kB 18.4MB/s eta 0:00:01[K    42% |#############                   | 147kB 18.2MB/s eta 0:00:01[K    43% |#############                   | 151kB 17.5MB/s eta 0:00:01[K    44% |##############                  | 155kB 17.3MB/s eta 0:00:01[K    45% |##############                  | 159kB 17.6MB/s eta 0:00:01[K    46% |##############                  | 163kB 17.4MB/s eta 0:00:01[K    48% |###############                 | 167kB 16.9MB/s eta 0:00:01[K    49% |###############                 | 172kB 17.0MB/s eta 0:00:01[K    50% |################                | 176kB 17.7MB/s eta 0:00:01[K    51% |################                | 180kB 17.8MB/s eta 0:00:01[K    52% |################                | 184kB 17.5MB/s eta 0:00:01[K    53% |#################               | 188kB 17.7MB/s eta 0:00:01[K    55% |#################               | 192kB 18.4MB/s eta 0:00:01[K    56% |#################               | 196kB 18.7MB/s eta 0:00:01[K    57% |##################              | 200kB 18.5MB/s eta 0:00:01[K    58% |##################              | 204kB 18.7MB/s eta 0:00:01[K    59% |###################             | 208kB 19.2MB/s eta 0:00:01[K    60% |###################             | 212kB 19.4MB/s eta 0:00:01[K    62% |###################             | 217kB 19.1MB/s eta 0:00:01[K    63% |####################            | 221kB 19.1MB/s eta 0:00:01[K    64% |####################            | 225kB 19.7MB/s eta 0:00:01[K    65% |####################            | 229kB 19.7MB/s eta 0:00:01[K    66% |#####################           | 233kB 19.3MB/s eta 0:00:01[K    67% |#####################           | 237kB 19.3MB/s eta 0:00:01[K    69% |######################          | 241kB 19.7MB/s eta 0:00:01[K    70% |######################          | 245kB 19.8MB/s eta 0:00:01[K    71% |######################          | 249kB 19.1MB/s eta 0:00:01[K    72% |#######################         | 253kB 19.1MB/s eta 0:00:01[K    73% |#######################         | 258kB 19.5MB/s eta 0:00:01[K    74% |#######################         | 262kB 19.4MB/s eta 0:00:01[K    76% |########################        | 266kB 19.0MB/s eta 0:00:01[K    77% |########################        | 270kB 18.9MB/s eta 0:00:01[K    78% |#########################       | 274kB 19.3MB/s eta 0:00:01[K    79% |#########################       | 278kB 19.3MB/s eta 0:00:01[K    80% |#########################       | 282kB 18.8MB/s eta 0:00:01[K    81% |##########################      | 286kB 18.8MB/s eta 0:00:01[K    83% |##########################      | 290kB 19.3MB/s eta 0:00:01[K    84% |##########################      | 294kB 19.4MB/s eta 0:00:01[K    85% |###########################     | 299kB 18.9MB/s eta 0:00:01[K    86% |###########################     | 303kB 19.0MB/s eta 0:00:01[K    87% |############################    | 307kB 19.5MB/s eta 0:00:01[K    89% |############################    | 311kB 19.5MB/s eta 0:00:01[K    90% |############################    | 315kB 19.1MB/s eta 0:00:01[K    91% |#############################   | 319kB 19.0MB/s eta 0:00:01[K    92% |#############################   | 323kB 19.5MB/s eta 0:00:01[K    93% |#############################   | 327kB 19.4MB/s eta 0:00:01[K    94% |##############################  | 331kB 18.9MB/s eta 0:00:01[K    96% |##############################  | 335kB 18.9MB/s eta 0:00:01[K    97% |############################### | 339kB 19.4MB/s eta 0:00:01[K    98% |############################### | 344kB 19.3MB/s eta 0:00:01[K    99% |############################### | 348kB 19.1MB/s eta 0:00:01[K    100% |################################| 352kB 607kB/s 
[?25hInstalling collected packages: coverage, requests, codecov
  Running setup.py install for coverage
    Installing coverage script to /home/travis/virtualenv/pypy-2.5.0/bin
    Installing coverage-2.7 script to /home/travis/virtualenv/pypy-2.5.0/bin
    Installing coverage2 script to /home/travis/virtualenv/pypy-2.5.0/bin

  Running setup.py install for codecov
    Installing codecov script to /home/travis/virtualenv/pypy-2.5.0/bin
Successfully installed codecov-1.5.1 coverage-4.0.1 requests-2.8.1
travis_time:end:2b20c6ac:start=1445707150110401104,finish=1445707155265753368,duration=5155352264[0Ktravis_fold:end:install.12[0Ktravis_fold:start:install.13[0Ktravis_time:start:02cb95ce[0K$ curl-config --version; pip freeze
libcurl 7.22.0
[33mYou are using pip version 6.0.7, however version 7.1.2 is available.
You should consider upgrading via the 'pip install --upgrade pip' command.[0m
backports-abc==0.4
backports.ssl-match-hostname==3.4.0.2
certifi==2015.9.6.2
cffi==0.8.6
codecov==1.5.1
coverage==4.0.1
futures==3.0.3
greenlet==0.4.5
mock==1.0.1
nose==1.3.4
py==1.4.26
pytest==2.6.4
readline==6.2.4.1
requests==2.8.1
singledispatch==3.4.0.3
six==1.10.0
tornado==4.3b1
wheel==0.24.0
travis_time:end:02cb95ce:start=1445707155269478612,finish=1445707155775707700,duration=506229088[0Ktravis_fold:end:install.13[0Ktravis_time:start:067faa10[0K$ cd maint
travis_time:end:067faa10:start=1445707155779321872,finish=1445707155782136061,duration=2814189[0K
[32;1mThe command "cd maint" exited with 0.[0m
travis_time:start:01191d78[0K$ cp ../.coveragerc .
travis_time:end:01191d78:start=1445707155785757938,finish=1445707155789808430,duration=4050492[0K
[32;1mThe command "cp ../.coveragerc ." exited with 0.[0m
travis_time:start:1e9605ac[0K$ if [[ $TRAVIS_PYTHON_VERSION != 'pypy'* ]]; then export TORNADO_EXTENSION=1; fi
travis_time:end:1e9605ac:start=1445707155793419204,finish=1445707155796214686,duration=2795482[0K
[32;1mThe command "if [[ $TRAVIS_PYTHON_VERSION != 'pypy'* ]]; then export TORNADO_EXTENSION=1; fi" exited with 0.[0m
travis_time:start:04b02c22[0K$ export TARGET="-m tornado.test.runtests"
travis_time:end:04b02c22:start=1445707155799787860,finish=1445707155802610974,duration=2823114[0K
[32;1mThe command "export TARGET="-m tornado.test.runtests"" exited with 0.[0m
travis_time:start:11096c78[0K$ export ASYNC_TEST_TIMEOUT=15
travis_time:end:11096c78:start=1445707155806923245,finish=1445707155810198820,duration=3275575[0K
[32;1mThe command "export ASYNC_TEST_TIMEOUT=15" exited with 0.[0m
travis_time:start:0010f3d8[0K$ if [[ $TRAVIS_PYTHON_VERSION != 2.6 && $TRAVIS_PYTHON_VERSION != nightly ]]; then export TARGET="-m coverage run $TARGET"; fi
travis_time:end:0010f3d8:start=1445707155813886734,finish=1445707155816789938,duration=2903204[0K
[32;1mThe command "if [[ $TRAVIS_PYTHON_VERSION != 2.6 && $TRAVIS_PYTHON_VERSION != nightly ]]; then export TARGET="-m coverage run $TARGET"; fi" exited with 0.[0m
travis_time:start:09556950[0K$ python $TARGET
.............ssss..........................................................ssssssssssssssssssssssssssssssss...........ssss..s...s........................................s................s..........s.......s.........................s......................................................ss..............ssss.......................................................ss........s.........................s............................................s..................ssssssssssssssssssssssssssssss................................................s.......s.................ss.ss.....ssss.................................................................s......................................................s.....................ss.....s..................ss.....s..ss.............................sss...................................................s...ss........ssssssssssssss.................................................................s.............sss........................................................................................F.............s.........................................................s...................................................................F.................................................s...................................................................F................
======================================================================
FAIL: test_xsrf_httponly (tornado.test.web_test.XSRFCookieKwargsTest)
----------------------------------------------------------------------
Traceback (most recent call last):
  File "/home/travis/virtualenv/pypy-2.5.0/site-packages/tornado-4.3b1-py2.7.egg/tornado/testing.py", line 132, in __call__
    result = self.orig_method(*args, **kwargs)
  File "/home/travis/virtualenv/pypy-2.5.0/site-packages/tornado-4.3b1-py2.7.egg/tornado/test/web_test.py", line 2610, in test_xsrf_httponly
    self.assertIn('HttpOnly;', response.headers['Set-Cookie'])
AssertionError: 'HttpOnly;' not found in '_xsrf=2|3f640bb3|32e4b82cf0f4007232c1b004abe64cd8|1445707214; httponly; Path=/'

======================================================================
FAIL: test_xsrf_httponly (tornado.test.wsgi_test.WSGIAdapterWrappedTest)
----------------------------------------------------------------------
Traceback (most recent call last):
  File "/home/travis/virtualenv/pypy-2.5.0/site-packages/tornado-4.3b1-py2.7.egg/tornado/testing.py", line 132, in __call__
    result = self.orig_method(*args, **kwargs)
  File "/home/travis/virtualenv/pypy-2.5.0/site-packages/tornado-4.3b1-py2.7.egg/tornado/test/web_test.py", line 2610, in test_xsrf_httponly
    self.assertIn('HttpOnly;', response.headers['Set-Cookie'])
AssertionError: 'HttpOnly;' not found in '_xsrf=2|46c9086e|d8d2d00b2879670a8f11fd7c06b66bf3|1445707235; httponly; Path=/'

======================================================================
FAIL: test_xsrf_httponly (tornado.test.wsgi_test.WSGIApplicationWrappedTest)
----------------------------------------------------------------------
Traceback (most recent call last):
  File "/home/travis/virtualenv/pypy-2.5.0/site-packages/tornado-4.3b1-py2.7.egg/tornado/testing.py", line 132, in __call__
    result = self.orig_method(*args, **kwargs)
  File "/home/travis/virtualenv/pypy-2.5.0/site-packages/tornado-4.3b1-py2.7.egg/tornado/test/web_test.py", line 2610, in test_xsrf_httponly
    self.assertIn('HttpOnly;', response.headers['Set-Cookie'])
AssertionError: 'HttpOnly;' not found in '_xsrf=2|f908cba2|9d3e9bbdf2360eed2e8257874a75b49b|1445707247; httponly; Path=/'

----------------------------------------------------------------------
Ran 1315 tests in 87.199s

FAILED (failures=3, skipped=135)
Some tests were skipped because: Not CPython implementation, PEP 380
(yield from) not available, PEP 492 (async/await) not available,
SO_REUSEPORT is not supported, asyncio module not present, dual-stack
servers often have port conflicts on travis, needs fix, pycares module
not present, pycurl module not present, pypy gc causes problems with
openssl, ssl.SSLContext not present, ssl.create_default_context not
present, timing tests unreliable on travis, tornado.speedups module
not present, twisted module not present
[31m[E 151024 17:20:50 testing:731](B[m FAIL
[31m[E 151024 17:20:50 runtests:175](B[m logged 0 warnings and 1 errors
travis_time:end:09556950:start=1445707155820426394,finish=1445707250791082691,duration=94970656297[0K
[31;1mThe command "python $TARGET" exited with 1.[0m
travis_time:start:04241e1c[0K$ python $TARGET --ioloop=tornado.platform.select.SelectIOLoop
.............ssss..........................................................ssssssssssssssssssssssssssssssss...........ssss..s...s........................................s................s..........s.......s.........................s......................................................ss..............ssss.......................................................ss........s.........................s............................................s..................ssssssssssssssssssssssssssssss................................................s.......s.................ss.ss.....ssss.................................................................s......................................................s.....................ss.....s..................ss.....s..ss.............................sss...................................................s...ss........ssssssssssssss.................................................................s.............sss........................................................................................F.............s.........................................................s...................................................................F.................................................s...................................................................F................
======================================================================
FAIL: test_xsrf_httponly (tornado.test.web_test.XSRFCookieKwargsTest)
----------------------------------------------------------------------
Traceback (most recent call last):
  File "/home/travis/virtualenv/pypy-2.5.0/site-packages/tornado-4.3b1-py2.7.egg/tornado/testing.py", line 132, in __call__
    result = self.orig_method(*args, **kwargs)
  File "/home/travis/virtualenv/pypy-2.5.0/site-packages/tornado-4.3b1-py2.7.egg/tornado/test/web_test.py", line 2610, in test_xsrf_httponly
    self.assertIn('HttpOnly;', response.headers['Set-Cookie'])
AssertionError: 'HttpOnly;' not found in '_xsrf=2|38fbfbed|a7bbbe335f33cc7875468a5fa321b933|1445707327; httponly; Path=/'

======================================================================
FAIL: test_xsrf_httponly (tornado.test.wsgi_test.WSGIAdapterWrappedTest)
----------------------------------------------------------------------
Traceback (most recent call last):
  File "/home/travis/virtualenv/pypy-2.5.0/site-packages/tornado-4.3b1-py2.7.egg/tornado/testing.py", line 132, in __call__
    result = self.orig_method(*args, **kwargs)
  File "/home/travis/virtualenv/pypy-2.5.0/site-packages/tornado-4.3b1-py2.7.egg/tornado/test/web_test.py", line 2610, in test_xsrf_httponly
    self.assertIn('HttpOnly;', response.headers['Set-Cookie'])
AssertionError: 'HttpOnly;' not found in '_xsrf=2|b2bda518|d255bf7d12dc4b576cfef73b76081493|1445707340; httponly; Path=/'

======================================================================
FAIL: test_xsrf_httponly (tornado.test.wsgi_test.WSGIApplicationWrappedTest)
----------------------------------------------------------------------
Traceback (most recent call last):
  File "/home/travis/virtualenv/pypy-2.5.0/site-packages/tornado-4.3b1-py2.7.egg/tornado/testing.py", line 132, in __call__
    result = self.orig_method(*args, **kwargs)
  File "/home/travis/virtualenv/pypy-2.5.0/site-packages/tornado-4.3b1-py2.7.egg/tornado/test/web_test.py", line 2610, in test_xsrf_httponly
    self.assertIn('HttpOnly;', response.headers['Set-Cookie'])
AssertionError: 'HttpOnly;' not found in '_xsrf=2|eeab3fbd|ab82b30b79aa3f4504e8ef1dec385a52|1445707352; httponly; Path=/'

----------------------------------------------------------------------
Ran 1315 tests in 92.310s

FAILED (failures=3, skipped=135)
Some tests were skipped because: Not CPython implementation, PEP 380
(yield from) not available, PEP 492 (async/await) not available,
SO_REUSEPORT is not supported, asyncio module not present, dual-stack
servers often have port conflicts on travis, needs fix, pycares module
not present, pycurl module not present, pypy gc causes problems with
openssl, ssl.SSLContext not present, ssl.create_default_context not
present, timing tests unreliable on travis, tornado.speedups module
not present, twisted module not present
[31m[E 151024 17:22:34 testing:731](B[m FAIL
[31m[E 151024 17:22:34 runtests:175](B[m logged 0 warnings and 1 errors
travis_time:end:04241e1c:start=1445707250794733152,finish=1445707355072023870,duration=104277290718[0K
[31;1mThe command "python $TARGET --ioloop=tornado.platform.select.SelectIOLoop" exited with 1.[0m
travis_time:start:06748866[0K$ python -O $TARGET
.............ssss..........................................................ssssssssssssssssssssssssssssssss...........ssss..s...s........................................s................s..........s.......s.........................s......................................................ss..............ssss.......................................................ss........s.........................s............................................s..................ssssssssssssssssssssssssssssss................................................s.......s.................ss.ss.....ssss.................................................................s......................................................s.....................ss.....s..................ss.....s..ss.............................sss...................................................s...ss........ssssssssssssss.................................................................s.............sss........................................................................................F.............s.........................................................s...................................................................F.................................................s...................................................................F................
======================================================================
FAIL: test_xsrf_httponly (tornado.test.web_test.XSRFCookieKwargsTest)
----------------------------------------------------------------------
Traceback (most recent call last):
  File "/home/travis/virtualenv/pypy-2.5.0/site-packages/tornado-4.3b1-py2.7.egg/tornado/testing.py", line 132, in __call__
    result = self.orig_method(*args, **kwargs)
  File "/home/travis/virtualenv/pypy-2.5.0/site-packages/tornado-4.3b1-py2.7.egg/tornado/test/web_test.py", line 2610, in test_xsrf_httponly
    self.assertIn('HttpOnly;', response.headers['Set-Cookie'])
AssertionError: 'HttpOnly;' not found in '_xsrf=2|0ce5fbd7|ea3655f9a1aed0908bb23f26af7445b7|1445707408; httponly; Path=/'

======================================================================
FAIL: test_xsrf_httponly (tornado.test.wsgi_test.WSGIAdapterWrappedTest)
----------------------------------------------------------------------
Traceback (most recent call last):
  File "/home/travis/virtualenv/pypy-2.5.0/site-packages/tornado-4.3b1-py2.7.egg/tornado/testing.py", line 132, in __call__
    result = self.orig_method(*args, **kwargs)
  File "/home/travis/virtualenv/pypy-2.5.0/site-packages/tornado-4.3b1-py2.7.egg/tornado/test/web_test.py", line 2610, in test_xsrf_httponly
    self.assertIn('HttpOnly;', response.headers['Set-Cookie'])
AssertionError: 'HttpOnly;' not found in '_xsrf=2|c52b398d|c2375379782eda3190964c1c68738acb|1445707421; httponly; Path=/'

======================================================================
FAIL: test_xsrf_httponly (tornado.test.wsgi_test.WSGIApplicationWrappedTest)
----------------------------------------------------------------------
Traceback (most recent call last):
  File "/home/travis/virtualenv/pypy-2.5.0/site-packages/tornado-4.3b1-py2.7.egg/tornado/testing.py", line 132, in __call__
    result = self.orig_method(*args, **kwargs)
  File "/home/travis/virtualenv/pypy-2.5.0/site-packages/tornado-4.3b1-py2.7.egg/tornado/test/web_test.py", line 2610, in test_xsrf_httponly
    self.assertIn('HttpOnly;', response.headers['Set-Cookie'])
AssertionError: 'HttpOnly;' not found in '_xsrf=2|b2fb46f6|3e5b396c362372035274a23ad9980562|1445707432; httponly; Path=/'

----------------------------------------------------------------------
Ran 1315 tests in 73.063s

FAILED (failures=3, skipped=135)
Some tests were skipped because: Not CPython implementation, PEP 380
(yield from) not available, PEP 492 (async/await) not available,
SO_REUSEPORT is not supported, asyncio module not present, dual-stack
servers often have port conflicts on travis, needs fix, pycares module
not present, pycurl module not present, pypy gc causes problems with
openssl, ssl.SSLContext not present, ssl.create_default_context not
present, timing tests unreliable on travis, tornado.speedups module
not present, twisted module not present
[31m[E 151024 17:23:55 testing:731](B[m FAIL
[31m[E 151024 17:23:55 runtests:175](B[m logged 0 warnings and 1 errors
travis_time:end:06748866:start=1445707355075776240,finish=1445707435207147218,duration=80131370978[0K
[31;1mThe command "python -O $TARGET" exited with 1.[0m
travis_time:start:066e36a0[0K$ LANG=C python $TARGET
.............ssss..........................................................ssssssssssssssssssssssssssssssss...........ssss..s...s........................................s................s..........s.......s.........................s......................................................ss..............ssss.......................................................ss........s.........................s............................................s..................ssssssssssssssssssssssssssssss................................................s.......s.................ss.ss.....ssss.................................................................s......................................................s.....................ss.....s..................ss.....s..ss.............................sss...................................................s...ss........ssssssssssssss.................................................................s.............sss........................................................................................F.............s.........................................................s...................................................................F.................................................s...................................................................F................
======================================================================
FAIL: test_xsrf_httponly (tornado.test.web_test.XSRFCookieKwargsTest)
----------------------------------------------------------------------
Traceback (most recent call last):
  File "/home/travis/virtualenv/pypy-2.5.0/site-packages/tornado-4.3b1-py2.7.egg/tornado/testing.py", line 132, in __call__
    result = self.orig_method(*args, **kwargs)
  File "/home/travis/virtualenv/pypy-2.5.0/site-packages/tornado-4.3b1-py2.7.egg/tornado/test/web_test.py", line 2610, in test_xsrf_httponly
    self.assertIn('HttpOnly;', response.headers['Set-Cookie'])
AssertionError: 'HttpOnly;' not found in '_xsrf=2|4f9895fc|3130d5028aef3f764afd42cd96c5e500|1445707488; httponly; Path=/'

======================================================================
FAIL: test_xsrf_httponly (tornado.test.wsgi_test.WSGIAdapterWrappedTest)
----------------------------------------------------------------------
Traceback (most recent call last):
  File "/home/travis/virtualenv/pypy-2.5.0/site-packages/tornado-4.3b1-py2.7.egg/tornado/testing.py", line 132, in __call__
    result = self.orig_method(*args, **kwargs)
  File "/home/travis/virtualenv/pypy-2.5.0/site-packages/tornado-4.3b1-py2.7.egg/tornado/test/web_test.py", line 2610, in test_xsrf_httponly
    self.assertIn('HttpOnly;', response.headers['Set-Cookie'])
AssertionError: 'HttpOnly;' not found in '_xsrf=2|7916631c|008bcbff6878d80e0d0acc057e196f7e|1445707500; httponly; Path=/'

======================================================================
FAIL: test_xsrf_httponly (tornado.test.wsgi_test.WSGIApplicationWrappedTest)
----------------------------------------------------------------------
Traceback (most recent call last):
  File "/home/travis/virtualenv/pypy-2.5.0/site-packages/tornado-4.3b1-py2.7.egg/tornado/testing.py", line 132, in __call__
    result = self.orig_method(*args, **kwargs)
  File "/home/travis/virtualenv/pypy-2.5.0/site-packages/tornado-4.3b1-py2.7.egg/tornado/test/web_test.py", line 2610, in test_xsrf_httponly
    self.assertIn('HttpOnly;', response.headers['Set-Cookie'])
AssertionError: 'HttpOnly;' not found in '_xsrf=2|40c205c9|7e83c79553e803753a9d02cebb912a72|1445707511; httponly; Path=/'

----------------------------------------------------------------------
Ran 1315 tests in 72.323s

FAILED (failures=3, skipped=135)
Some tests were skipped because: Not CPython implementation, PEP 380
(yield from) not available, PEP 492 (async/await) not available,
SO_REUSEPORT is not supported, asyncio module not present, dual-stack
servers often have port conflicts on travis, needs fix, pycares module
not present, pycurl module not present, pypy gc causes problems with
openssl, ssl.SSLContext not present, ssl.create_default_context not
present, timing tests unreliable on travis, tornado.speedups module
not present, twisted module not present
[31m[E 151024 17:25:14 testing:731](B[m FAIL
[31m[E 151024 17:25:14 runtests:175](B[m logged 0 warnings and 1 errors
travis_time:end:066e36a0:start=1445707435210967647,finish=1445707514466467808,duration=79255500161[0K
[31;1mThe command "LANG=C python $TARGET" exited with 1.[0m
travis_time:start:07dac9ee[0K$ LANG=en_US.utf-8 python $TARGET
.............ssss..........................................................ssssssssssssssssssssssssssssssss...........ssss..s...s........................................s................s..........s.......s.........................s......................................................ss..............ssss.......................................................ss........s.........................s............................................s..................ssssssssssssssssssssssssssssss................................................s.......s.................ss.ss.....ssss.................................................................s......................................................s.....................ss.....s..................ss.....s..ss.............................sss...................................................s...ss........ssssssssssssss.................................................................s.............sss........................................................................................F.............s.........................................................s...................................................................F.................................................s...................................................................F................
======================================================================
FAIL: test_xsrf_httponly (tornado.test.web_test.XSRFCookieKwargsTest)
----------------------------------------------------------------------
Traceback (most recent call last):
  File "/home/travis/virtualenv/pypy-2.5.0/site-packages/tornado-4.3b1-py2.7.egg/tornado/testing.py", line 132, in __call__
    result = self.orig_method(*args, **kwargs)
  File "/home/travis/virtualenv/pypy-2.5.0/site-packages/tornado-4.3b1-py2.7.egg/tornado/test/web_test.py", line 2610, in test_xsrf_httponly
    self.assertIn('HttpOnly;', response.headers['Set-Cookie'])
AssertionError: 'HttpOnly;' not found in '_xsrf=2|692a716e|09f919a98f50e7dfac6d84654c413128|1445707569; httponly; Path=/'

======================================================================
FAIL: test_xsrf_httponly (tornado.test.wsgi_test.WSGIAdapterWrappedTest)
----------------------------------------------------------------------
Traceback (most recent call last):
  File "/home/travis/virtualenv/pypy-2.5.0/site-packages/tornado-4.3b1-py2.7.egg/tornado/testing.py", line 132, in __call__
    result = self.orig_method(*args, **kwargs)
  File "/home/travis/virtualenv/pypy-2.5.0/site-packages/tornado-4.3b1-py2.7.egg/tornado/test/web_test.py", line 2610, in test_xsrf_httponly
    self.assertIn('HttpOnly;', response.headers['Set-Cookie'])
AssertionError: 'HttpOnly;' not found in '_xsrf=2|961215af|ea9e14bb2031424452bd8043ba3cd0cf|1445707582; httponly; Path=/'

======================================================================
FAIL: test_xsrf_httponly (tornado.test.wsgi_test.WSGIApplicationWrappedTest)
----------------------------------------------------------------------
Traceback (most recent call last):
  File "/home/travis/virtualenv/pypy-2.5.0/site-packages/tornado-4.3b1-py2.7.egg/tornado/testing.py", line 132, in __call__
    result = self.orig_method(*args, **kwargs)
  File "/home/travis/virtualenv/pypy-2.5.0/site-packages/tornado-4.3b1-py2.7.egg/tornado/test/web_test.py", line 2610, in test_xsrf_httponly
    self.assertIn('HttpOnly;', response.headers['Set-Cookie'])
AssertionError: 'HttpOnly;' not found in '_xsrf=2|ae9bfc09|6fedaf5415cbec234b7f60f9e14bfead|1445707593; httponly; Path=/'

----------------------------------------------------------------------
Ran 1315 tests in 74.628s

FAILED (failures=3, skipped=135)
Some tests were skipped because: Not CPython implementation, PEP 380
(yield from) not available, PEP 492 (async/await) not available,
SO_REUSEPORT is not supported, asyncio module not present, dual-stack
servers often have port conflicts on travis, needs fix, pycares module
not present, pycurl module not present, pypy gc causes problems with
openssl, ssl.SSLContext not present, ssl.create_default_context not
present, timing tests unreliable on travis, tornado.speedups module
not present, twisted module not present
[31m[E 151024 17:26:36 testing:731](B[m FAIL
[31m[E 151024 17:26:36 runtests:175](B[m logged 0 warnings and 1 errors
travis_time:end:07dac9ee:start=1445707514470589611,finish=1445707596551091256,duration=82080501645[0K
[31;1mThe command "LANG=en_US.utf-8 python $TARGET" exited with 1.[0m
travis_time:start:230b4f00[0K$ if [[ $TRAVIS_PYTHON_VERSION == 3* ]]; then python -bb $TARGET; fi
travis_time:end:230b4f00:start=1445707596554835354,finish=1445707596557677272,duration=2841918[0K
[32;1mThe command "if [[ $TRAVIS_PYTHON_VERSION == 3* ]]; then python -bb $TARGET; fi" exited with 0.[0m
travis_time:start:1c8c9c0d[0K$ if [[ $TRAVIS_PYTHON_VERSION != pypy* && $DEPS == true ]]; then python $TARGET --resolver=tornado.netutil.ThreadedResolver; fi
travis_time:end:1c8c9c0d:start=1445707596561338636,finish=1445707596564180106,duration=2841470[0K
[32;1mThe command "if [[ $TRAVIS_PYTHON_VERSION != pypy* && $DEPS == true ]]; then python $TARGET --resolver=tornado.netutil.ThreadedResolver; fi" exited with 0.[0m
travis_time:start:351a1400[0K$ if [[ $TRAVIS_PYTHON_VERSION == 2* && $DEPS == true ]]; then python $TARGET --httpclient=tornado.curl_httpclient.CurlAsyncHTTPClient; fi
travis_time:end:351a1400:start=1445707596567942762,finish=1445707596570806540,duration=2863778[0K
[32;1mThe command "if [[ $TRAVIS_PYTHON_VERSION == 2* && $DEPS == true ]]; then python $TARGET --httpclient=tornado.curl_httpclient.CurlAsyncHTTPClient; fi" exited with 0.[0m
travis_time:start:059ad02c[0K$ if [[ $TRAVIS_PYTHON_VERSION == 2* && $DEPS == true ]]; then python $TARGET --ioloop_time_monotonic; fi
travis_time:end:059ad02c:start=1445707596574472987,finish=1445707596577318417,duration=2845430[0K
[32;1mThe command "if [[ $TRAVIS_PYTHON_VERSION == 2* && $DEPS == true ]]; then python $TARGET --ioloop_time_monotonic; fi" exited with 0.[0m
travis_time:start:0b35aa6a[0K$ if [[ $TRAVIS_PYTHON_VERSION != '3.2' && $TRAVIS_PYTHON_VERSION != 'pypy'* && $DEPS == true ]]; then python $TARGET --ioloop=tornado.platform.twisted.TwistedIOLoop; fi
travis_time:end:0b35aa6a:start=1445707596580991986,finish=1445707596583853892,duration=2861906[0K
[32;1mThe command "if [[ $TRAVIS_PYTHON_VERSION != '3.2' && $TRAVIS_PYTHON_VERSION != 'pypy'* && $DEPS == true ]]; then python $TARGET --ioloop=tornado.platform.twisted.TwistedIOLoop; fi" exited with 0.[0m
travis_time:start:0c45ed5e[0K$ if [[ $TRAVIS_PYTHON_VERSION == 3.4 || $TRAVIS_PYTHON_VERSION == 3.5 ]]; then python $TARGET --ioloop=tornado.platform.asyncio.AsyncIOLoop; fi
travis_time:end:0c45ed5e:start=1445707596587527299,finish=1445707596590375386,duration=2848087[0K
[32;1mThe command "if [[ $TRAVIS_PYTHON_VERSION == 3.4 || $TRAVIS_PYTHON_VERSION == 3.5 ]]; then python $TARGET --ioloop=tornado.platform.asyncio.AsyncIOLoop; fi" exited with 0.[0m
travis_time:start:1b4ec9ea[0K$ if [[ $TRAVIS_PYTHON_VERSION == 2* && $DEPS == true ]]; then python $TARGET --ioloop=tornado.platform.asyncio.AsyncIOLoop; fi
travis_time:end:1b4ec9ea:start=1445707596594032039,finish=1445707596596895645,duration=2863606[0K
[32;1mThe command "if [[ $TRAVIS_PYTHON_VERSION == 2* && $DEPS == true ]]; then python $TARGET --ioloop=tornado.platform.asyncio.AsyncIOLoop; fi" exited with 0.[0m
travis_time:start:0e591241[0K$ if [[ $TRAVIS_PYTHON_VERSION == 2* && $DEPS == true ]]; then python $TARGET --resolver=tornado.platform.twisted.TwistedResolver; fi
travis_time:end:0e591241:start=1445707596600624203,finish=1445707596603481970,duration=2857767[0K
[32;1mThe command "if [[ $TRAVIS_PYTHON_VERSION == 2* && $DEPS == true ]]; then python $TARGET --resolver=tornado.platform.twisted.TwistedResolver; fi" exited with 0.[0m
travis_time:start:010b7a00[0K$ if [[ $TRAVIS_PYTHON_VERSION == 3* && $TRAVIS_PYTHON_VERSION != '3.2' ]]; then python $TARGET --ioloop_time_monotonic; fi
travis_time:end:010b7a00:start=1445707596607149366,finish=1445707596609980023,duration=2830657[0K
[32;1mThe command "if [[ $TRAVIS_PYTHON_VERSION == 3* && $TRAVIS_PYTHON_VERSION != '3.2' ]]; then python $TARGET --ioloop_time_monotonic; fi" exited with 0.[0m
travis_time:start:243147f6[0K$ if [[ $TRAVIS_PYTHON_VERSION != 2.6 && $TRAVIS_PYTHON_VERSION != nightly ]]; then coverage xml; fi
travis_time:end:243147f6:start=1445707596613610545,finish=1445707600284921724,duration=3671311179[0K
[32;1mThe command "if [[ $TRAVIS_PYTHON_VERSION != 2.6 && $TRAVIS_PYTHON_VERSION != nightly ]]; then coverage xml; fi" exited with 0.[0m
travis_time:start:2062ed7d[0K$ export TORNADO_EXTENSION=0
travis_time:end:2062ed7d:start=1445707600288665248,finish=1445707600291539141,duration=2873893[0K
[32;1mThe command "export TORNADO_EXTENSION=0" exited with 0.[0m
travis_time:start:1be1f26b[0K$ if [[ $TRAVIS_PYTHON_VERSION == '3.5' && $DEPS == true ]]; then cd ../docs && mkdir sphinx-out && sphinx-build -E -n -W -b html . sphinx-out; fi
travis_time:end:1be1f26b:start=1445707600295185952,finish=1445707600298040155,duration=2854203[0K
[32;1mThe command "if [[ $TRAVIS_PYTHON_VERSION == '3.5' && $DEPS == true ]]; then cd ../docs && mkdir sphinx-out && sphinx-build -E -n -W -b html . sphinx-out; fi" exited with 0.[0m
travis_time:start:112613bf[0K$ if [[ $TRAVIS_PYTHON_VERSION == '2.7' && $DEPS == true ]]; then cd ../docs && mkdir sphinx-doctest-out && sphinx-build -E -n -b doctest . sphinx-out; fi
travis_time:end:112613bf:start=1445707600301754871,finish=1445707600304640460,duration=2885589[0K
[32;1mThe command "if [[ $TRAVIS_PYTHON_VERSION == '2.7' && $DEPS == true ]]; then cd ../docs && mkdir sphinx-doctest-out && sphinx-build -E -n -b doctest . sphinx-out; fi" exited with 0.[0m
travis_time:start:02b52ae4[0K$ if [[ $TRAVIS_PYTHON_VERSION == '3.5' && $DEPS == true ]]; then cd ../docs && mkdir sphinx-doctest-out && sphinx-build -E -n -b doctest . sphinx-out; fi
travis_time:end:02b52ae4:start=1445707600308444755,finish=1445707600311329581,duration=2884826[0K
[32;1mThe command "if [[ $TRAVIS_PYTHON_VERSION == '3.5' && $DEPS == true ]]; then cd ../docs && mkdir sphinx-doctest-out && sphinx-build -E -n -b doctest . sphinx-out; fi" exited with 0.[0m

Done. Your build exited with 1.
