travis_fold:start:worker_info[0K[33;1mWorker information[0m
hostname: i-045e22b-precise-production-2-worker-org-docker.travisci.net:ee81d13b-23af-4e00-ba08-5a8e032be381
version: v2.5.0-8-g19ea9c2 https://github.com/travis-ci/worker/tree/19ea9c20425c78100500c7cc935892b47024922c
instance: ef8f0b0:travis:java
startup: 3.698205205s
travis_fold:end:worker_info[0Ktravis_fold:start:system_info[0K[33;1mBuild system information[0m
Build language: java
Build group: stable
Build dist: precise
Build id: 196225835
Job id: 196225838
travis-build version: 02fb3b35c
[34m[1mBuild image provisioning date and time[0m
Thu Feb  5 15:09:33 UTC 2015
[34m[1mOperating System Details[0m
Distributor ID:	Ubuntu
Description:	Ubuntu 12.04.5 LTS
Release:	12.04
Codename:	precise
[34m[1mLinux Version[0m
3.13.0-29-generic
[34m[1mCookbooks Version[0m
a68419e https://github.com/travis-ci/travis-cookbooks/tree/a68419e
[34m[1mGCC version[0m
gcc (Ubuntu/Linaro 4.6.3-1ubuntu5) 4.6.3
Copyright (C) 2011 Free Software Foundation, Inc.
This is free software; see the source for copying conditions.  There is NO
warranty; not even for MERCHANTABILITY or FITNESS FOR A PARTICULAR PURPOSE.

[34m[1mLLVM version[0m
clang version 3.4 (tags/RELEASE_34/final)
Target: x86_64-unknown-linux-gnu
Thread model: posix
[34m[1mPre-installed Ruby versions[0m
ruby-1.9.3-p551
[34m[1mPre-installed Node.js versions[0m
v0.10.36
[34m[1mPre-installed Go versions[0m
1.4.1
[34m[1mRedis version[0m
redis-server 2.8.19
[34m[1mriak version[0m
2.0.2
[34m[1mMongoDB version[0m
MongoDB 2.4.12
[34m[1mCouchDB version[0m
couchdb 1.6.1
[34m[1mNeo4j version[0m
1.9.4
[34m[1mRabbitMQ Version[0m
3.4.3
[34m[1mElasticSearch version[0m
1.4.0
[34m[1mInstalled Sphinx versions[0m
2.0.10
2.1.9
2.2.6
[34m[1mDefault Sphinx version[0m
2.2.6
[34m[1mInstalled Firefox version[0m
firefox 31.0esr
[34m[1mPhantomJS version[0m
1.9.8
[34m[1mant -version[0m
Apache Ant(TM) version 1.8.2 compiled on December 3 2011
[34m[1mmvn -version[0m
Apache Maven 3.2.5 (12a6b3acb947671f09b81f49094c53f426d8cea1; 2014-12-14T17:29:23+00:00)
Maven home: /usr/local/maven
Java version: 1.7.0_76, vendor: Oracle Corporation
Java home: /usr/lib/jvm/java-7-oracle/jre
Default locale: en_US, platform encoding: ANSI_X3.4-1968
OS name: "linux", version: "3.13.0-29-generic", arch: "amd64", family: "unix"
travis_fold:end:system_info[0K
travis_fold:start:fix.CVE-2015-7547[0K$ export DEBIAN_FRONTEND=noninteractive
W: Size of file /var/lib/apt/lists/us.archive.ubuntu.com_ubuntu_dists_precise-updates_restricted_binary-amd64_Packages.gz is not what the server reported 19578 20785
W: Size of file /var/lib/apt/lists/us.archive.ubuntu.com_ubuntu_dists_precise-updates_restricted_binary-i386_Packages.gz is not what the server reported 19540 20707
W: Size of file /var/lib/apt/lists/us.archive.ubuntu.com_ubuntu_dists_precise-backports_multiverse_source_Sources.gz is not what the server reported 5886 5888
W: Size of file /var/lib/apt/lists/ppa.launchpad.net_travis-ci_zero-mq_ubuntu_dists_precise_main_binary-amd64_Packages.gz is not what the server reported 832 1195
W: Size of file /var/lib/apt/lists/ppa.launchpad.net_ubuntugis_ppa_ubuntu_dists_precise_main_binary-amd64_Packages.gz is not what the server reported 33645 36677
W: Size of file /var/lib/apt/lists/ppa.launchpad.net_ubuntugis_ppa_ubuntu_dists_precise_main_binary-i386_Packages.gz is not what the server reported 33703 36733
W: Size of file /var/lib/apt/lists/security.ubuntu.com_ubuntu_dists_precise-security_restricted_binary-amd64_Packages.gz is not what the server reported 13782 14904
W: Size of file /var/lib/apt/lists/security.ubuntu.com_ubuntu_dists_precise-security_restricted_binary-i386_Packages.gz is not what the server reported 13762 14885
Reading package lists...
Building dependency tree...
Reading state information...
The following extra packages will be installed:
  libc-bin libc-dev-bin libc6-dev
Suggested packages:
  glibc-doc
The following packages will be upgraded:
  libc-bin libc-dev-bin libc6 libc6-dev
4 upgraded, 0 newly installed, 0 to remove and 268 not upgraded.
Need to get 8,840 kB of archives.
After this operation, 14.3 kB disk space will be freed.
Get:1 http://us.archive.ubuntu.com/ubuntu/ precise-updates/main libc6-dev amd64 2.15-0ubuntu10.15 [2,943 kB]
Get:2 http://us.archive.ubuntu.com/ubuntu/ precise-updates/main libc-dev-bin amd64 2.15-0ubuntu10.15 [84.7 kB]
Get:3 http://us.archive.ubuntu.com/ubuntu/ precise-updates/main libc-bin amd64 2.15-0ubuntu10.15 [1,177 kB]
Get:4 http://us.archive.ubuntu.com/ubuntu/ precise-updates/main libc6 amd64 2.15-0ubuntu10.15 [4,636 kB]
Fetched 8,840 kB in 0s (34.8 MB/s)
Preconfiguring packages ...
(Reading database ... (Reading database ... 5%(Reading database ... 10%(Reading database ... 15%(Reading database ... 20%(Reading database ... 25%(Reading database ... 30%(Reading database ... 35%(Reading database ... 40%(Reading database ... 45%(Reading database ... 50%(Reading database ... 55%(Reading database ... 60%(Reading database ... 65%(Reading database ... 70%(Reading database ... 75%(Reading database ... 80%(Reading database ... 85%(Reading database ... 90%(Reading database ... 95%(Reading database ... 100%(Reading database ... 72019 files and directories currently installed.)
Preparing to replace libc6-dev 2.15-0ubuntu10.10 (using .../libc6-dev_2.15-0ubuntu10.15_amd64.deb) ...
Unpacking replacement libc6-dev ...
Preparing to replace libc-dev-bin 2.15-0ubuntu10.10 (using .../libc-dev-bin_2.15-0ubuntu10.15_amd64.deb) ...
Unpacking replacement libc-dev-bin ...
Preparing to replace libc-bin 2.15-0ubuntu10.10 (using .../libc-bin_2.15-0ubuntu10.15_amd64.deb) ...
Unpacking replacement libc-bin ...
Processing triggers for man-db ...
Setting up libc-bin (2.15-0ubuntu10.15) ...
(Reading database ... (Reading database ... 5%(Reading database ... 10%(Reading database ... 15%(Reading database ... 20%(Reading database ... 25%(Reading database ... 30%(Reading database ... 35%(Reading database ... 40%(Reading database ... 45%(Reading database ... 50%(Reading database ... 55%(Reading database ... 60%(Reading database ... 65%(Reading database ... 70%(Reading database ... 75%(Reading database ... 80%(Reading database ... 85%(Reading database ... 90%(Reading database ... 95%(Reading database ... 100%(Reading database ... 72018 files and directories currently installed.)
Preparing to replace libc6 2.15-0ubuntu10.10 (using .../libc6_2.15-0ubuntu10.15_amd64.deb) ...
Unpacking replacement libc6 ...
Setting up libc6 (2.15-0ubuntu10.15) ...
Setting up libc-dev-bin (2.15-0ubuntu10.15) ...
Setting up libc6-dev (2.15-0ubuntu10.15) ...
Processing triggers for libc-bin ...
ldconfig deferred processing now taking place
travis_fold:end:fix.CVE-2015-7547[0Ktravis_fold:start:git.checkout[0Ktravis_time:start:120c5424[0K$ git clone --depth=50 --branch=master https://github.com/checkstyle/checkstyle.git checkstyle/checkstyle
Cloning into 'checkstyle/checkstyle'...
remote: Counting objects: 3458, done.[K
remote: Compressing objects:   0% (1/2143)   [Kremote: Compressing objects:   1% (22/2143)   [Kremote: Compressing objects:   2% (43/2143)   [Kremote: Compressing objects:   3% (65/2143)   [Kremote: Compressing objects:   4% (86/2143)   [Kremote: Compressing objects:   5% (108/2143)   [Kremote: Compressing objects:   6% (129/2143)   [Kremote: Compressing objects:   7% (151/2143)   [Kremote: Compressing objects:   8% (172/2143)   [Kremote: Compressing objects:   9% (193/2143)   [Kremote: Compressing objects:  10% (215/2143)   [Kremote: Compressing objects:  11% (236/2143)   [Kremote: Compressing objects:  12% (258/2143)   [Kremote: Compressing objects:  13% (279/2143)   [Kremote: Compressing objects:  14% (301/2143)   [Kremote: Compressing objects:  15% (322/2143)   [Kremote: Compressing objects:  16% (343/2143)   [Kremote: Compressing objects:  17% (365/2143)   [Kremote: Compressing objects:  18% (386/2143)   [Kremote: Compressing objects:  19% (408/2143)   [Kremote: Compressing objects:  20% (429/2143)   [Kremote: Compressing objects:  21% (451/2143)   [Kremote: Compressing objects:  22% (472/2143)   [Kremote: Compressing objects:  23% (493/2143)   [Kremote: Compressing objects:  24% (515/2143)   [Kremote: Compressing objects:  25% (536/2143)   [Kremote: Compressing objects:  26% (558/2143)   [Kremote: Compressing objects:  27% (579/2143)   [Kremote: Compressing objects:  28% (601/2143)   [Kremote: Compressing objects:  29% (622/2143)   [Kremote: Compressing objects:  30% (643/2143)   [Kremote: Compressing objects:  31% (665/2143)   [Kremote: Compressing objects:  32% (686/2143)   [Kremote: Compressing objects:  33% (708/2143)   [Kremote: Compressing objects:  34% (729/2143)   [Kremote: Compressing objects:  35% (751/2143)   [Kremote: Compressing objects:  36% (772/2143)   [Kremote: Compressing objects:  37% (793/2143)   [Kremote: Compressing objects:  38% (815/2143)   [Kremote: Compressing objects:  39% (836/2143)   [Kremote: Compressing objects:  40% (858/2143)   [Kremote: Compressing objects:  41% (879/2143)   [Kremote: Compressing objects:  42% (901/2143)   [Kremote: Compressing objects:  43% (922/2143)   [Kremote: Compressing objects:  44% (943/2143)   [Kremote: Compressing objects:  45% (965/2143)   [Kremote: Compressing objects:  46% (986/2143)   [Kremote: Compressing objects:  47% (1008/2143)   [Kremote: Compressing objects:  48% (1029/2143)   [Kremote: Compressing objects:  49% (1051/2143)   [Kremote: Compressing objects:  50% (1072/2143)   [Kremote: Compressing objects:  51% (1093/2143)   [Kremote: Compressing objects:  52% (1115/2143)   [Kremote: Compressing objects:  53% (1136/2143)   [Kremote: Compressing objects:  54% (1158/2143)   [Kremote: Compressing objects:  55% (1179/2143)   [Kremote: Compressing objects:  56% (1201/2143)   [Kremote: Compressing objects:  57% (1222/2143)   [Kremote: Compressing objects:  58% (1243/2143)   [Kremote: Compressing objects:  59% (1265/2143)   [Kremote: Compressing objects:  60% (1286/2143)   [Kremote: Compressing objects:  61% (1308/2143)   [Kremote: Compressing objects:  62% (1329/2143)   [Kremote: Compressing objects:  63% (1351/2143)   [Kremote: Compressing objects:  64% (1372/2143)   [Kremote: Compressing objects:  65% (1393/2143)   [Kremote: Compressing objects:  66% (1415/2143)   [Kremote: Compressing objects:  67% (1436/2143)   [Kremote: Compressing objects:  68% (1458/2143)   [Kremote: Compressing objects:  69% (1479/2143)   [Kremote: Compressing objects:  70% (1501/2143)   [Kremote: Compressing objects:  71% (1522/2143)   [Kremote: Compressing objects:  72% (1543/2143)   [Kremote: Compressing objects:  73% (1565/2143)   [Kremote: Compressing objects:  74% (1586/2143)   [Kremote: Compressing objects:  75% (1608/2143)   [Kremote: Compressing objects:  76% (1629/2143)   [Kremote: Compressing objects:  77% (1651/2143)   [Kremote: Compressing objects:  78% (1672/2143)   [Kremote: Compressing objects:  79% (1693/2143)   [Kremote: Compressing objects:  80% (1715/2143)   [Kremote: Compressing objects:  81% (1736/2143)   [Kremote: Compressing objects:  82% (1758/2143)   [Kremote: Compressing objects:  83% (1779/2143)   [Kremote: Compressing objects:  84% (1801/2143)   [Kremote: Compressing objects:  85% (1822/2143)   [Kremote: Compressing objects:  86% (1843/2143)   [Kremote: Compressing objects:  87% (1865/2143)   [Kremote: Compressing objects:  88% (1886/2143)   [Kremote: Compressing objects:  89% (1908/2143)   [Kremote: Compressing objects:  90% (1929/2143)   [Kremote: Compressing objects:  91% (1951/2143)   [Kremote: Compressing objects:  92% (1972/2143)   [Kremote: Compressing objects:  93% (1993/2143)   [Kremote: Compressing objects:  94% (2015/2143)   [Kremote: Compressing objects:  95% (2036/2143)   [Kremote: Compressing objects:  96% (2058/2143)   [Kremote: Compressing objects:  97% (2079/2143)   [Kremote: Compressing objects:  98% (2101/2143)   [Kremote: Compressing objects:  99% (2122/2143)   [Kremote: Compressing objects: 100% (2143/2143)   [Kremote: Compressing objects: 100% (2143/2143), done.[K
Receiving objects:   0% (1/3458)   Receiving objects:   1% (35/3458)   Receiving objects:   2% (70/3458)   Receiving objects:   3% (104/3458)   Receiving objects:   4% (139/3458)   Receiving objects:   5% (173/3458)   Receiving objects:   6% (208/3458)   Receiving objects:   7% (243/3458)   Receiving objects:   8% (277/3458)   Receiving objects:   9% (312/3458)   Receiving objects:  10% (346/3458)   Receiving objects:  11% (381/3458)   Receiving objects:  12% (415/3458)   Receiving objects:  13% (450/3458)   Receiving objects:  14% (485/3458)   Receiving objects:  15% (519/3458)   Receiving objects:  16% (554/3458)   Receiving objects:  17% (588/3458)   Receiving objects:  18% (623/3458)   Receiving objects:  19% (658/3458)   Receiving objects:  20% (692/3458)   Receiving objects:  21% (727/3458)   Receiving objects:  22% (761/3458)   Receiving objects:  23% (796/3458)   Receiving objects:  24% (830/3458)   Receiving objects:  25% (865/3458)   Receiving objects:  26% (900/3458)   Receiving objects:  27% (934/3458)   Receiving objects:  28% (969/3458)   Receiving objects:  29% (1003/3458)   Receiving objects:  30% (1038/3458)   Receiving objects:  31% (1072/3458)   Receiving objects:  32% (1107/3458)   Receiving objects:  33% (1142/3458)   Receiving objects:  34% (1176/3458)   Receiving objects:  35% (1211/3458)   Receiving objects:  36% (1245/3458)   Receiving objects:  37% (1280/3458)   Receiving objects:  38% (1315/3458)   Receiving objects:  39% (1349/3458)   Receiving objects:  40% (1384/3458)   Receiving objects:  41% (1418/3458)   Receiving objects:  42% (1453/3458)   Receiving objects:  43% (1487/3458)   Receiving objects:  44% (1522/3458)   Receiving objects:  45% (1557/3458)   Receiving objects:  46% (1591/3458)   Receiving objects:  47% (1626/3458)   Receiving objects:  48% (1660/3458)   Receiving objects:  49% (1695/3458)   Receiving objects:  50% (1729/3458)   Receiving objects:  51% (1764/3458)   Receiving objects:  52% (1799/3458)   Receiving objects:  53% (1833/3458)   Receiving objects:  54% (1868/3458)   Receiving objects:  55% (1902/3458)   Receiving objects:  56% (1937/3458)   Receiving objects:  57% (1972/3458)   Receiving objects:  58% (2006/3458)   Receiving objects:  59% (2041/3458)   Receiving objects:  60% (2075/3458)   Receiving objects:  61% (2110/3458)   Receiving objects:  62% (2144/3458)   Receiving objects:  63% (2179/3458)   Receiving objects:  64% (2214/3458)   Receiving objects:  65% (2248/3458)   Receiving objects:  66% (2283/3458)   Receiving objects:  67% (2317/3458)   Receiving objects:  68% (2352/3458)   Receiving objects:  69% (2387/3458)   Receiving objects:  70% (2421/3458)   Receiving objects:  71% (2456/3458)   Receiving objects:  72% (2490/3458)   Receiving objects:  73% (2525/3458)   Receiving objects:  74% (2559/3458)   Receiving objects:  75% (2594/3458)   Receiving objects:  76% (2629/3458)   Receiving objects:  77% (2663/3458)   Receiving objects:  78% (2698/3458)   Receiving objects:  79% (2732/3458)   Receiving objects:  80% (2767/3458)   Receiving objects:  81% (2801/3458)   Receiving objects:  82% (2836/3458)   Receiving objects:  83% (2871/3458)   Receiving objects:  84% (2905/3458)   Receiving objects:  85% (2940/3458)   Receiving objects:  86% (2974/3458)   Receiving objects:  87% (3009/3458)   Receiving objects:  88% (3044/3458)   Receiving objects:  89% (3078/3458)   Receiving objects:  90% (3113/3458)   Receiving objects:  91% (3147/3458)   Receiving objects:  92% (3182/3458)   Receiving objects:  93% (3216/3458)   Receiving objects:  94% (3251/3458)   remote: Total 3458 (delta 1656), reused 2155 (delta 1038), pack-reused 0[K
Receiving objects:  95% (3286/3458)   Receiving objects:  96% (3320/3458)   Receiving objects:  97% (3355/3458)   Receiving objects:  98% (3389/3458)   Receiving objects:  99% (3424/3458)   Receiving objects: 100% (3458/3458)   Receiving objects: 100% (3458/3458), 4.17 MiB | 0 bytes/s, done.
Resolving deltas:   0% (0/1656)   Resolving deltas:   1% (29/1656)   Resolving deltas:   2% (34/1656)   Resolving deltas:   3% (50/1656)   Resolving deltas:   4% (67/1656)   Resolving deltas:   5% (84/1656)   Resolving deltas:   6% (106/1656)   Resolving deltas:   9% (153/1656)   Resolving deltas:  10% (172/1656)   Resolving deltas:  11% (185/1656)   Resolving deltas:  12% (201/1656)   Resolving deltas:  13% (220/1656)   Resolving deltas:  14% (234/1656)   Resolving deltas:  15% (252/1656)   Resolving deltas:  16% (267/1656)   Resolving deltas:  17% (285/1656)   Resolving deltas:  18% (302/1656)   Resolving deltas:  19% (316/1656)   Resolving deltas:  20% (332/1656)   Resolving deltas:  21% (348/1656)   Resolving deltas:  22% (369/1656)   Resolving deltas:  23% (381/1656)   Resolving deltas:  24% (398/1656)   Resolving deltas:  25% (415/1656)   Resolving deltas:  26% (431/1656)   Resolving deltas:  27% (451/1656)   Resolving deltas:  28% (464/1656)   Resolving deltas:  29% (485/1656)   Resolving deltas:  30% (502/1656)   Resolving deltas:  31% (520/1656)   Resolving deltas:  32% (530/1656)   Resolving deltas:  33% (553/1656)   Resolving deltas:  34% (564/1656)   Resolving deltas:  35% (580/1656)   Resolving deltas:  36% (602/1656)   Resolving deltas:  37% (621/1656)   Resolving deltas:  38% (633/1656)   Resolving deltas:  39% (646/1656)   Resolving deltas:  40% (667/1656)   Resolving deltas:  41% (679/1656)   Resolving deltas:  42% (697/1656)   Resolving deltas:  43% (720/1656)   Resolving deltas:  44% (732/1656)   Resolving deltas:  45% (746/1656)   Resolving deltas:  46% (763/1656)   Resolving deltas:  47% (779/1656)   Resolving deltas:  48% (804/1656)   Resolving deltas:  49% (816/1656)   Resolving deltas:  50% (828/1656)   Resolving deltas:  51% (847/1656)   Resolving deltas:  52% (862/1656)   Resolving deltas:  53% (878/1656)   Resolving deltas:  54% (895/1656)   Resolving deltas:  55% (913/1656)   Resolving deltas:  56% (935/1656)   Resolving deltas:  57% (944/1656)   Resolving deltas:  58% (961/1656)   Resolving deltas:  59% (980/1656)   Resolving deltas:  60% (1010/1656)   Resolving deltas:  61% (1015/1656)   Resolving deltas:  62% (1027/1656)   Resolving deltas:  71% (1176/1656)   Resolving deltas:  72% (1196/1656)   Resolving deltas:  73% (1211/1656)   Resolving deltas:  74% (1228/1656)   Resolving deltas:  75% (1245/1656)   Resolving deltas:  76% (1259/1656)   Resolving deltas:  77% (1281/1656)   Resolving deltas:  78% (1292/1656)   Resolving deltas:  79% (1312/1656)   Resolving deltas:  80% (1326/1656)   Resolving deltas:  81% (1343/1656)   Resolving deltas:  82% (1358/1656)   Resolving deltas:  83% (1380/1656)   Resolving deltas:  84% (1394/1656)   Resolving deltas:  85% (1409/1656)   Resolving deltas:  86% (1425/1656)   Resolving deltas:  87% (1447/1656)   Resolving deltas:  88% (1459/1656)   Resolving deltas:  89% (1484/1656)   Resolving deltas:  90% (1492/1656)   Resolving deltas:  91% (1507/1656)   Resolving deltas:  92% (1526/1656)   Resolving deltas:  93% (1543/1656)   Resolving deltas:  94% (1563/1656)   Resolving deltas:  95% (1574/1656)   Resolving deltas:  96% (1590/1656)   Resolving deltas:  97% (1616/1656)   Resolving deltas:  98% (1623/1656)   Resolving deltas:  99% (1641/1656)   Resolving deltas: 100% (1656/1656)   Resolving deltas: 100% (1656/1656), done.
Checking connectivity... done.

travis_time:end:120c5424:start=1485641771507999467,finish=1485641774042663596,duration=2534664129[0K$ cd checkstyle/checkstyle
$ git checkout -qf b0d5b01b3cd174004843fb6fcc91cb971f17f7a2
travis_fold:end:git.checkout[0Ktravis_fold:start:apt[0K[33;1mInstalling APT Packages (BETA)[0m
$ export DEBIAN_FRONTEND=noninteractive
travis_time:start:129ff234[0K$ sudo -E apt-get -yq update &>> ~/apt-get-update.log

travis_time:end:129ff234:start=1485641774094077773,finish=1485641780419086239,duration=6325008466[0Ktravis_time:start:08d78500[0K$ sudo -E apt-get -yq --no-install-suggests --no-install-recommends --force-yes install xsltproc xmlstarlet
Reading package lists...
Building dependency tree...
Reading state information...
The following NEW packages will be installed:
  xmlstarlet xsltproc
0 upgraded, 2 newly installed, 0 to remove and 268 not upgraded.
Need to get 199 kB of archives.
After this operation, 596 kB of additional disk space will be used.
Get:1 http://us.archive.ubuntu.com/ubuntu/ precise/main xmlstarlet amd64 1.3.0-1 [184 kB]
Get:2 http://us.archive.ubuntu.com/ubuntu/ precise-updates/main xsltproc amd64 1.1.26-8ubuntu1.3 [15.1 kB]
Fetched 199 kB in 0s (2,770 kB/s)
Selecting previously unselected package xmlstarlet.
(Reading database ... (Reading database ... 5%(Reading database ... 10%(Reading database ... 15%(Reading database ... 20%(Reading database ... 25%(Reading database ... 30%(Reading database ... 35%(Reading database ... 40%(Reading database ... 45%(Reading database ... 50%(Reading database ... 55%(Reading database ... 60%(Reading database ... 65%(Reading database ... 70%(Reading database ... 75%(Reading database ... 80%(Reading database ... 85%(Reading database ... 90%(Reading database ... 95%(Reading database ... 100%(Reading database ... 72018 files and directories currently installed.)
Unpacking xmlstarlet (from .../xmlstarlet_1.3.0-1_amd64.deb) ...
Selecting previously unselected package xsltproc.
Unpacking xsltproc (from .../xsltproc_1.1.26-8ubuntu1.3_amd64.deb) ...
Processing triggers for man-db ...
Setting up xmlstarlet (1.3.0-1) ...
Setting up xsltproc (1.1.26-8ubuntu1.3) ...

travis_time:end:08d78500:start=1485641780424683833,finish=1485641789896877055,duration=9472193222[0Ktravis_fold:end:apt[0K
[33;1mThis job is running on container-based infrastructure, which does not allow use of 'sudo', setuid and setguid executables.[0m
[33;1mIf you require sudo, add 'sudo: required' to your .travis.yml[0m
[33;1mSee https://docs.travis-ci.com/user/workers/container-based-infrastructure/ for details.[0m

[33;1mSetting environment variables from repository settings[0m
$ export CI_DEPLOY_USERNAME=[secure]
$ export CI_DEPLOY_PASSWORD=[secure]
$ export GITHUB_AUTH_TOKEN=[secure]
$ export SONAR_TOKEN=[secure]

[33;1mSetting environment variables from .travis.yml[0m
$ export DESC="checkstyle and sevntu-checkstyle"
$ export CMD="mvn clean verify -DskipTests -DskipITs -Dpmd.skip=true -Dfindbugs.skip=true -Dcobertura.skip=true"
$ export COVERAGE_CMD=""

$ jdk_switcher use oraclejdk8
Switching to Oracle JDK8 (java-8-oracle), JAVA_HOME will be set to /usr/lib/jvm/java-8-oracle
travis_fold:start:cache.1[0KSetting up build cache
$ export CASHER_DIR=$HOME/.casher
travis_time:start:005dedf0[0K$ Installing caching utilities

travis_time:end:005dedf0:start=1485641794712078319,finish=1485641794769119734,duration=57041415[0Ktravis_time:start:12706cc0[0K
travis_time:end:12706cc0:start=1485641794778174872,finish=1485641794784205127,duration=6030255[0Ktravis_time:start:100c0b9f[0K[32;1mattempting to download cache archive[0m
[32;1mfetching master/cache-linux-precise-84932d7ee236ba5418f2fb7a1efb90642bf23de358002f9aae959f1be7636bc5--jdk-oraclejdk8.tgz[0m
[32;1mfound cache[0m

travis_time:end:100c0b9f:start=1485641794790324098,finish=1485641798512880807,duration=3722556709[0Ktravis_time:start:053a9670[0K
travis_time:end:053a9670:start=1485641798519584580,finish=1485641798524750698,duration=5166118[0Ktravis_time:start:22873c8c[0K[32;1madding /home/travis/.m2 to cache[0m

travis_time:end:22873c8c:start=1485641798534432572,finish=1485641806444016622,duration=7909584050[0Ktravis_fold:end:cache.1[0K$ java -Xmx32m -version
java version "1.8.0_31"
Java(TM) SE Runtime Environment (build 1.8.0_31-b13)
Java HotSpot(TM) 64-Bit Server VM (build 25.31-b07, mixed mode)
$ javac -J-Xmx32m -version
javac 1.8.0_31
travis_fold:start:install[0Ktravis_time:start:0db11c53[0K$ 

travis_time:end:0db11c53:start=1485641815463197144,finish=1485641815468635042,duration=5437898[0Ktravis_fold:end:install[0Ktravis_time:start:0718abf0[0K$ eval $CMD
Java HotSpot(TM) 64-Bit Server VM warning: ignoring option MaxPermSize=192m; support was removed in 8.0
[INFO] Scanning for projects...
[INFO] Inspecting build with total of 1 modules...
[INFO] Installing Nexus Staging features:
[INFO]   ... total of 1 executions of maven-deploy-plugin replaced with nexus-staging-maven-plugin
[INFO]                                                                         
[INFO] ------------------------------------------------------------------------
[INFO] Building checkstyle 7.5-SNAPSHOT
[INFO] ------------------------------------------------------------------------
Downloading: https://oss.sonatype.org/content/repositories/releases/junit/junit-dep/maven-metadata.xml
Downloading: https://nexus.codehaus.org/snapshots/junit/junit-dep/maven-metadata.xml
Downloading: https://repository.apache.org/snapshots/junit/junit-dep/maven-metadata.xml
Downloading: https://repository.apache.org/releases/junit/junit-dep/maven-metadata.xml
563/563 B               Downloaded: https://oss.sonatype.org/content/repositories/releases/junit/junit-dep/maven-metadata.xml (563 B at 0.5 KB/sec)
[WARNING] Could not transfer metadata junit:junit-dep/maven-metadata.xml from/to codehaus-snapshots (https://nexus.codehaus.org/snapshots/): nexus.codehaus.org: unknown error
[INFO] 
[INFO] --- maven-clean-plugin:3.0.0:clean (default-clean) @ checkstyle ---
[INFO] 
[INFO] --- maven-enforcer-plugin:1.4.1:enforce (enforce-maven) @ checkstyle ---
[INFO] 
[INFO] --- maven-enforcer-plugin:1.4.1:enforce (enforce-versions) @ checkstyle ---
[INFO] 
[INFO] --- antlr-maven-plugin:2.2:generate (default) @ checkstyle ---
[INFO] performing grammar generation [java.g]
ANTLR Parser Generator   Version 2.7.7 (20060906)   1989-2005
/home/travis/build/checkstyle/checkstyle/src/main/resources/com/puppycrawl/tools/checkstyle/grammars/java.g:633:9: warning:nondeterminism between alts 1 and 2 of block upon
/home/travis/build/checkstyle/checkstyle/src/main/resources/com/puppycrawl/tools/checkstyle/grammars/java.g:633:9:     k==1:AT
/home/travis/build/checkstyle/checkstyle/src/main/resources/com/puppycrawl/tools/checkstyle/grammars/java.g:633:9:     k==2:IDENT
/home/travis/build/checkstyle/checkstyle/src/main/resources/com/puppycrawl/tools/checkstyle/grammars/java.g:780:16: warning:nondeterminism between alts 1 and 2 of block upon
/home/travis/build/checkstyle/checkstyle/src/main/resources/com/puppycrawl/tools/checkstyle/grammars/java.g:780:16:     k==1:AT
/home/travis/build/checkstyle/checkstyle/src/main/resources/com/puppycrawl/tools/checkstyle/grammars/java.g:780:16:     k==2:IDENT
/home/travis/build/checkstyle/checkstyle/src/main/resources/com/puppycrawl/tools/checkstyle/grammars/java.g:816:61: warning:nondeterminism between alts 1 and 2 of block upon
/home/travis/build/checkstyle/checkstyle/src/main/resources/com/puppycrawl/tools/checkstyle/grammars/java.g:816:61:     k==1:SEMI
/home/travis/build/checkstyle/checkstyle/src/main/resources/com/puppycrawl/tools/checkstyle/grammars/java.g:816:61:     k==2:"final","abstract","strictfp",SEMI,"void","boolean","byte","char","short","int","float","long","double",IDENT,"private","public","protected","static","transient","native","synchronized","volatile","class","interface",LCURLY,RCURLY,"default",LT,ENUM,AT
/home/travis/build/checkstyle/checkstyle/src/main/resources/com/puppycrawl/tools/checkstyle/grammars/java.g:705:9: warning:nondeterminism between alts 1 and 2 of block upon
/home/travis/build/checkstyle/checkstyle/src/main/resources/com/puppycrawl/tools/checkstyle/grammars/java.g:705:9:     k==1:AT
/home/travis/build/checkstyle/checkstyle/src/main/resources/com/puppycrawl/tools/checkstyle/grammars/java.g:705:9:     k==2:IDENT
/home/travis/build/checkstyle/checkstyle/src/main/resources/com/puppycrawl/tools/checkstyle/grammars/java.g:961: warning:Syntactic predicate superfluous for single alternative
/home/travis/build/checkstyle/checkstyle/src/main/resources/com/puppycrawl/tools/checkstyle/grammars/java.g:987:31: warning:nondeterminism between alts 1 and 2 of block upon
/home/travis/build/checkstyle/checkstyle/src/main/resources/com/puppycrawl/tools/checkstyle/grammars/java.g:987:31:     k==1:IDENT
/home/travis/build/checkstyle/checkstyle/src/main/resources/com/puppycrawl/tools/checkstyle/grammars/java.g:987:31:     k==2:LBRACK,DOT
/home/travis/build/checkstyle/checkstyle/src/main/resources/com/puppycrawl/tools/checkstyle/grammars/java.g:1048:84: warning:nondeterminism between alts 1 and 2 of block upon
/home/travis/build/checkstyle/checkstyle/src/main/resources/com/puppycrawl/tools/checkstyle/grammars/java.g:1048:84:     k==1:SEMI
/home/travis/build/checkstyle/checkstyle/src/main/resources/com/puppycrawl/tools/checkstyle/grammars/java.g:1048:84:     k==2:"final","abstract","strictfp",SEMI,"void","boolean","byte","char","short","int","float","long","double",IDENT,STAR,"private","public","protected","static","transient","native","synchronized","volatile","class",LCURLY,RCURLY,LPAREN,RPAREN,"this","super",COLON,"if","while","do","break","continue","return","switch","throw","for","else","case","default","try",LT,GT,LE,GE,"instanceof",SL,SR,BSR,PLUS,MINUS,DIV,MOD,INC,DEC,BNOT,LNOT,"true","false","null","new",NUM_INT,CHAR_LITERAL,STRING_LITERAL,NUM_FLOAT,NUM_LONG,NUM_DOUBLE,ASSERT,AT
/home/travis/build/checkstyle/checkstyle/src/main/resources/com/puppycrawl/tools/checkstyle/grammars/java.g:1148:9: warning:nondeterminism between alts 1 and 2 of block upon
/home/travis/build/checkstyle/checkstyle/src/main/resources/com/puppycrawl/tools/checkstyle/grammars/java.g:1148:9:     k==1:"default"
/home/travis/build/checkstyle/checkstyle/src/main/resources/com/puppycrawl/tools/checkstyle/grammars/java.g:1148:9:     k==2:"final","abstract","strictfp",SEMI,"void","boolean","byte","char","short","int","float","long","double",IDENT,STAR,"private","public","protected","static","transient","native","synchronized","volatile","class",LCURLY,RCURLY,LPAREN,RPAREN,"this","super",COLON,"if","while","do","break","continue","return","switch","throw","for","case","default","try",LT,GT,LE,GE,"instanceof",SL,SR,BSR,PLUS,MINUS,DIV,MOD,INC,DEC,BNOT,LNOT,"true","false","null","new",NUM_INT,CHAR_LITERAL,STRING_LITERAL,NUM_FLOAT,NUM_LONG,NUM_DOUBLE,ASSERT,AT
/home/travis/build/checkstyle/checkstyle/src/main/resources/com/puppycrawl/tools/checkstyle/grammars/java.g:1356:26: warning:nondeterminism between alts 1 and 2 of block upon
/home/travis/build/checkstyle/checkstyle/src/main/resources/com/puppycrawl/tools/checkstyle/grammars/java.g:1356:26:     k==1:"instanceof"
/home/travis/build/checkstyle/checkstyle/src/main/resources/com/puppycrawl/tools/checkstyle/grammars/java.g:1356:26:     k==2:"void","boolean","byte","char","short","int","float","long","double",IDENT,AT
/home/travis/build/checkstyle/checkstyle/src/main/resources/com/puppycrawl/tools/checkstyle/grammars/java.g:1371: warning:nondeterminism upon
/home/travis/build/checkstyle/checkstyle/src/main/resources/com/puppycrawl/tools/checkstyle/grammars/java.g:1371:     k==1:SL,SR,BSR
/home/travis/build/checkstyle/checkstyle/src/main/resources/com/puppycrawl/tools/checkstyle/grammars/java.g:1371:     k==2:"void","boolean","byte","char","short","int","float","long","double",IDENT,LPAREN,"this","super",PLUS,MINUS,INC,DEC,BNOT,LNOT,"true","false","null","new",NUM_INT,CHAR_LITERAL,STRING_LITERAL,NUM_FLOAT,NUM_LONG,NUM_DOUBLE,AT
/home/travis/build/checkstyle/checkstyle/src/main/resources/com/puppycrawl/tools/checkstyle/grammars/java.g:1371:     between alt 1 and exit branch of block
/home/travis/build/checkstyle/checkstyle/src/main/resources/com/puppycrawl/tools/checkstyle/grammars/java.g:1384: warning:nondeterminism upon
/home/travis/build/checkstyle/checkstyle/src/main/resources/com/puppycrawl/tools/checkstyle/grammars/java.g:1384:     k==1:STAR,DIV,MOD
/home/travis/build/checkstyle/checkstyle/src/main/resources/com/puppycrawl/tools/checkstyle/grammars/java.g:1384:     k==2:"void","boolean","byte","char","short","int","float","long","double",IDENT,LPAREN,"this","super",PLUS,MINUS,INC,DEC,BNOT,LNOT,"true","false","null","new",NUM_INT,CHAR_LITERAL,STRING_LITERAL,NUM_FLOAT,NUM_LONG,NUM_DOUBLE,AT
/home/travis/build/checkstyle/checkstyle/src/main/resources/com/puppycrawl/tools/checkstyle/grammars/java.g:1384:     between alt 1 and exit branch of block
/home/travis/build/checkstyle/checkstyle/src/main/resources/com/puppycrawl/tools/checkstyle/grammars/java.g:1482:9: warning:nondeterminism between alts 1 and 3 of block upon
/home/travis/build/checkstyle/checkstyle/src/main/resources/com/puppycrawl/tools/checkstyle/grammars/java.g:1482:9:     k==1:INC
/home/travis/build/checkstyle/checkstyle/src/main/resources/com/puppycrawl/tools/checkstyle/grammars/java.g:1482:9:     k==2:"final","abstract","strictfp",SEMI,RBRACK,"void","boolean","byte","char","short","int","float","long","double",IDENT,STAR,"private","public","protected","static","transient","native","synchronized","volatile","class","interface",LCURLY,RCURLY,COMMA,LPAREN,RPAREN,"this","super",ASSIGN,COLON,"if","while","do","break","continue","return","switch","throw","for","else","case","default","try",PLUS_ASSIGN,MINUS_ASSIGN,STAR_ASSIGN,DIV_ASSIGN,MOD_ASSIGN,SR_ASSIGN,BSR_ASSIGN,SL_ASSIGN,BAND_ASSIGN,BXOR_ASSIGN,BOR_ASSIGN,QUESTION,LOR,LAND,BOR,BXOR,BAND,NOT_EQUAL,EQUAL,LT,GT,LE,GE,"instanceof",SL,SR,BSR,PLUS,MINUS,DIV,MOD,INC,DEC,BNOT,LNOT,"true","false","null","new",NUM_INT,CHAR_LITERAL,STRING_LITERAL,NUM_FLOAT,NUM_LONG,NUM_DOUBLE,ASSERT,ENUM,AT
/home/travis/build/checkstyle/checkstyle/src/main/resources/com/puppycrawl/tools/checkstyle/grammars/java.g:1482:9: warning:nondeterminism between alts 2 and 3 of block upon
/home/travis/build/checkstyle/checkstyle/src/main/resources/com/puppycrawl/tools/checkstyle/grammars/java.g:1482:9:     k==1:DEC
/home/travis/build/checkstyle/checkstyle/src/main/resources/com/puppycrawl/tools/checkstyle/grammars/java.g:1482:9:     k==2:"final","abstract","strictfp",SEMI,RBRACK,"void","boolean","byte","char","short","int","float","long","double",IDENT,STAR,"private","public","protected","static","transient","native","synchronized","volatile","class","interface",LCURLY,RCURLY,COMMA,LPAREN,RPAREN,"this","super",ASSIGN,COLON,"if","while","do","break","continue","return","switch","throw","for","else","case","default","try",PLUS_ASSIGN,MINUS_ASSIGN,STAR_ASSIGN,DIV_ASSIGN,MOD_ASSIGN,SR_ASSIGN,BSR_ASSIGN,SL_ASSIGN,BAND_ASSIGN,BXOR_ASSIGN,BOR_ASSIGN,QUESTION,LOR,LAND,BOR,BXOR,BAND,NOT_EQUAL,EQUAL,LT,GT,LE,GE,"instanceof",SL,SR,BSR,PLUS,MINUS,DIV,MOD,INC,DEC,BNOT,LNOT,"true","false","null","new",NUM_INT,CHAR_LITERAL,STRING_LITERAL,NUM_FLOAT,NUM_LONG,NUM_DOUBLE,ASSERT,ENUM,AT
/home/travis/build/checkstyle/checkstyle/src/main/resources/com/puppycrawl/tools/checkstyle/grammars/java.g:1562:36: warning:nondeterminism between alts 1 and 2 of block upon
/home/travis/build/checkstyle/checkstyle/src/main/resources/com/puppycrawl/tools/checkstyle/grammars/java.g:1562:36:     k==1:LCURLY
/home/travis/build/checkstyle/checkstyle/src/main/resources/com/puppycrawl/tools/checkstyle/grammars/java.g:1562:36:     k==2:"final","abstract","strictfp",SEMI,"void","boolean","byte","char","short","int","float","long","double",IDENT,"private","public","protected","static","transient","native","synchronized","volatile","class","interface",LCURLY,RCURLY,"default",LT,ENUM,AT
/home/travis/build/checkstyle/checkstyle/src/main/resources/com/puppycrawl/tools/checkstyle/grammars/java.g:1572:33: warning:nondeterminism between alts 1 and 2 of block upon
/home/travis/build/checkstyle/checkstyle/src/main/resources/com/puppycrawl/tools/checkstyle/grammars/java.g:1572:33:     k==1:LCURLY
/home/travis/build/checkstyle/checkstyle/src/main/resources/com/puppycrawl/tools/checkstyle/grammars/java.g:1572:33:     k==2:"void","boolean","byte","char","short","int","float","long","double",IDENT,LCURLY,RCURLY,COMMA,LPAREN,"this","super",PLUS,MINUS,INC,DEC,BNOT,LNOT,"true","false","null","new",NUM_INT,CHAR_LITERAL,STRING_LITERAL,NUM_FLOAT,NUM_LONG,NUM_DOUBLE,AT
/home/travis/build/checkstyle/checkstyle/src/main/resources/com/puppycrawl/tools/checkstyle/grammars/java.g:1615:17: warning:nondeterminism between alts 1 and 2 of block upon
/home/travis/build/checkstyle/checkstyle/src/main/resources/com/puppycrawl/tools/checkstyle/grammars/java.g:1615:17:     k==1:RPAREN
/home/travis/build/checkstyle/checkstyle/src/main/resources/com/puppycrawl/tools/checkstyle/grammars/java.g:1615:17:     k==2:LAMBDA

[INFO] 
[INFO] --- antlr4-maven-plugin:4.6:antlr4 (default) @ checkstyle ---
[INFO] ANTLR 4: Processing source directory /home/travis/build/checkstyle/checkstyle/src/main/resources
[INFO] Processing grammar: com/puppycrawl/tools/checkstyle/grammars/javadoc/JavadocLexer.g4
[INFO] Processing grammar: com/puppycrawl/tools/checkstyle/grammars/javadoc/JavadocParser.g4
[INFO] 
[INFO] --- build-helper-maven-plugin:1.12:add-source (add-source) @ checkstyle ---
[INFO] Source directory: /home/travis/build/checkstyle/checkstyle/target/generated-sources/antlr added.
[INFO] 
[INFO] --- maven-resources-plugin:3.0.2:resources (default-resources) @ checkstyle ---
[INFO] Using 'UTF-8' encoding to copy filtered resources.
[INFO] Copying 162 resources
[INFO] Copying 1 resource
[INFO] 
[INFO] --- build-helper-maven-plugin:1.12:add-test-source (add-test-source) @ checkstyle ---
[INFO] Test Source directory: /home/travis/build/checkstyle/checkstyle/src/test/resources added.
[INFO] 
[INFO] --- build-helper-maven-plugin:1.12:add-test-source (add-it-test-source) @ checkstyle ---
[INFO] Test Source directory: /home/travis/build/checkstyle/checkstyle/src/it/java added.
[INFO] 
[INFO] --- build-helper-maven-plugin:1.12:add-test-source (add-it-test-resource) @ checkstyle ---
[INFO] Test Source directory: /home/travis/build/checkstyle/checkstyle/src/it/resources added.
[INFO] 
[INFO] --- maven-compiler-plugin:3.6.1:compile (default-compile) @ checkstyle ---
[INFO] Changes detected - recompiling the module!
[INFO] Compiling 353 source files to /home/travis/build/checkstyle/checkstyle/target/classes
[INFO] /home/travis/build/checkstyle/checkstyle/src/main/java/com/puppycrawl/tools/checkstyle/checks/javadoc/JavadocMethodCheck.java: /home/travis/build/checkstyle/checkstyle/src/main/java/com/puppycrawl/tools/checkstyle/checks/javadoc/JavadocMethodCheck.java uses or overrides a deprecated API.
[INFO] /home/travis/build/checkstyle/checkstyle/src/main/java/com/puppycrawl/tools/checkstyle/checks/javadoc/JavadocMethodCheck.java: Recompile with -Xlint:deprecation for details.
[INFO] /home/travis/build/checkstyle/checkstyle/src/main/java/com/puppycrawl/tools/checkstyle/api/AutomaticBean.java: Some input files use unchecked or unsafe operations.
[INFO] /home/travis/build/checkstyle/checkstyle/src/main/java/com/puppycrawl/tools/checkstyle/api/AutomaticBean.java: Recompile with -Xlint:unchecked for details.
[INFO] 
[INFO] --- maven-antrun-plugin:1.8:run (ant-phase-compile) @ checkstyle ---
[INFO] Executing tasks

main:

execute:
[propertyfile] Creating new property file: /home/travis/build/checkstyle/checkstyle/target/classes/checkstylecompilation.properties
  [javadoc] Generating Javadoc
  [javadoc] Javadoc execution
  [javadoc] Loading source file /home/travis/build/checkstyle/checkstyle/src/main/java/com/puppycrawl/tools/checkstyle/api/TokenTypes.java...
  [javadoc] Constructing Javadoc information...
[INFO] Executed tasks
[INFO] 
[INFO] --- maven-resources-plugin:3.0.2:testResources (default-testResources) @ checkstyle ---
[INFO] Using 'UTF-8' encoding to copy filtered resources.
[INFO] Copying 753 resources
[INFO] 
[INFO] --- maven-compiler-plugin:3.6.1:testCompile (default-testCompile) @ checkstyle ---
[INFO] Changes detected - recompiling the module!
[INFO] Compiling 1053 source files to /home/travis/build/checkstyle/checkstyle/target/test-classes
[INFO] /home/travis/build/checkstyle/checkstyle/src/test/java/com/puppycrawl/tools/checkstyle/checks/javadoc/AbstractTypeAwareCheckTest.java: Some input files use or override a deprecated API.
[INFO] /home/travis/build/checkstyle/checkstyle/src/test/java/com/puppycrawl/tools/checkstyle/checks/javadoc/AbstractTypeAwareCheckTest.java: Recompile with -Xlint:deprecation for details.
[INFO] 
[INFO] --- maven-surefire-plugin:2.19.1:test (default-test) @ checkstyle ---
[INFO] Tests are skipped.
[INFO] 
[INFO] --- xml-maven-plugin:1.0.1:validate (default) @ checkstyle ---
[INFO] 
[INFO] --- maven-jar-plugin:3.0.2:jar (default-jar) @ checkstyle ---
[INFO] Building jar: /home/travis/build/checkstyle/checkstyle/target/checkstyle-7.5-SNAPSHOT.jar
[INFO] 
[INFO] --- maven-jar-plugin:3.0.2:test-jar (default) @ checkstyle ---
[INFO] Building jar: /home/travis/build/checkstyle/checkstyle/target/checkstyle-7.5-SNAPSHOT-tests.jar
[INFO] 
[INFO] --- maven-failsafe-plugin:2.19.1:integration-test (integration-test) @ checkstyle ---
[INFO] Tests are skipped.
[INFO] 
[INFO] --- maven-checkstyle-plugin:2.17:check (sevntu-checkstyle-check) @ checkstyle ---
[INFO] 
[INFO] --- maven-failsafe-plugin:2.19.1:verify (verify) @ checkstyle ---
[INFO] Tests are skipped.
[INFO] 
[INFO] --- maven-antrun-plugin:1.8:run (ant-phase-verify) @ checkstyle ---
[INFO] Executing tasks

main:

execute:
     [echo] Checkstyle started: 28/01/2017 10:17:39 PM
[checkstyle] Running Checkstyle 7.5-SNAPSHOT on 929 files
[checkstyle] [ERROR] /home/travis/build/checkstyle/checkstyle/src/main/java/com/puppycrawl/tools/checkstyle/checks/blocks/RightCurlyCheck.java:251:5: Cyclomatic Complexity is 12 (max allowed is 10). [CyclomaticComplexity]
[checkstyle] [ERROR] /home/travis/build/checkstyle/checkstyle/src/main/java/com/puppycrawl/tools/checkstyle/checks/blocks/RightCurlyCheck.java:253:9: Boolean expression complexity is 11 (max allowed is 7). [BooleanExpressionComplexity]
     [echo] Checkstyle finished: 28/01/2017 10:18:18 PM
[INFO] ------------------------------------------------------------------------
[INFO] BUILD FAILURE
[INFO] ------------------------------------------------------------------------
[INFO] Total time: 01:19 min
[INFO] Finished at: 2017-01-28T22:18:18+00:00
[INFO] Final Memory: 52M/504M
[INFO] ------------------------------------------------------------------------
[ERROR] Failed to execute goal org.apache.maven.plugins:maven-antrun-plugin:1.8:run (ant-phase-verify) on project checkstyle: An Ant BuildException has occured: The following error occurred while executing this line:
[ERROR] /home/travis/build/checkstyle/checkstyle/config/ant-phase-verify.xml:48: Checkstyle failed: Got 2 errors and 0 warnings.
[ERROR] around Ant part ...<ant antfile="config/ant-phase-verify.xml"/>... @ 7:47 in /home/travis/build/checkstyle/checkstyle/target/antrun/build-main.xml
[ERROR] -> [Help 1]
[ERROR] 
[ERROR] To see the full stack trace of the errors, re-run Maven with the -e switch.
[ERROR] Re-run Maven using the -X switch to enable full debug logging.
[ERROR] 
[ERROR] For more information about the errors and possible solutions, please read the following articles:
[ERROR] [Help 1] http://cwiki.apache.org/confluence/display/MAVEN/MojoExecutionException

travis_time:end:0718abf0:start=1485641815475148682,finish=1485641899139648857,duration=83664500175[0K
[31;1mThe command "eval $CMD" exited with 1.[0m
travis_fold:start:cache.2[0Kstore build cache
travis_time:start:0a02d708[0K
travis_time:end:0a02d708:start=1485641899145780847,finish=1485641899150222583,duration=4441736[0Ktravis_time:start:0e46db33[0K[32;1mchange detected (content changed, file is created, or file is deleted):
/home/travis/.m2/repository/junit/junit-dep/resolver-status.properties

[0m
[32;1mchanges detected, packing new archive[0m
.
.
[32;1muploading archive[0m

travis_time:end:0e46db33:start=1485641899155148526,finish=1485641917170552786,duration=18015404260[0Ktravis_fold:end:cache.2[0K
Done. Your build exited with 1.
