Using worker: worker-linux-docker-30bbc71f.prod.travis-ci.org:travis-linux-7

travis_fold:start:system_info[0K[33;1mBuild system information[0m
Build language: java
[34m[1mBuild image provisioning date and time[0m
Fri Dec 12 23:29:11 UTC 2014
[34m[1mlsb_release -a[0m
Distributor ID:	Ubuntu
Description:	Ubuntu 12.04.5 LTS
Release:	12.04
Codename:	precise
[34m[1mCookbooks Version[0m
540230e https://github.com/travis-ci/travis-cookbooks/tree/540230e
[34m[1mGCC version[0m
gcc (Ubuntu/Linaro 4.6.3-1ubuntu5) 4.6.3
Copyright (C) 2011 Free Software Foundation, Inc.
This is free software; see the source for copying conditions.  There is NO
warranty; not even for MERCHANTABILITY or FITNESS FOR A PARTICULAR PURPOSE.

[34m[1mLLVM version[0m
clang version 3.4 (tags/RELEASE_34/final)
Target: x86_64-unknown-linux-gnu
Thread model: posix
[34m[1mPre-installed Ruby versions[0m
ruby-1.9.3-p551
[34m[1mPre-installed Node.js versions[0m
v0.10.33
[34m[1mPre-installed Go versions[0m
go1.4
[34m[1mRedis version[0m
redis-server 2.8.18
[34m[1mriak version[0m
1.4.12
[34m[1mMongoDB version[0m
MongoDB 2.4.12
[34m[1mCouchDB version[0m
couchdb 1.6.1
[34m[1mNeo4j version[0m
1.9.4
[34m[1mCassandra version[0m
2.0.9
[34m[1mRabbitMQ Version[0m
3.4.2
[34m[1mElasticSearch version[0m
1.4.0
[34m[1mInstalled Sphinx versions[0m
2.0.10
2.1.9
2.2.4
[34m[1mDefault Sphinx version[0m
2.1.9
[34m[1mInstalled Firefox version[0m
firefox 31.0esr
[34m[1mPhantomJS version[0m
1.9.8
[34m[1mant -version[0m
Apache Ant(TM) version 1.8.2 compiled on December 3 2011
[34m[1mmvn -version[0m
Apache Maven 3.2.3 (33f8c3e1027c3ddde99d3cdebad2656a31e8fdf4; 2014-08-11T20:58:10+00:00)
Maven home: /usr/local/maven
Java version: 1.7.0_72, vendor: Oracle Corporation
Java home: /usr/lib/jvm/java-7-oracle/jre
Default locale: en_US, platform encoding: ANSI_X3.4-1968
OS name: "linux", version: "3.13.0-29-generic", arch: "amd64", family: "unix"
[34m[1mgradle -version[0m

------------------------------------------------------------
Gradle 2.2.1
------------------------------------------------------------

Build time:   2014-11-24 09:45:35 UTC
Build number: none
Revision:     6fcb59c06f43a4e6b1bcb401f7686a8601a1fb4a

Groovy:       2.3.6
Ant:          Apache Ant(TM) version 1.9.3 compiled on December 23 2013
JVM:          1.7.0_72 (Oracle Corporation 24.72-b04)
OS:           Linux 3.13.0-29-generic amd64

[34m[1mlein1 version[0m
Using JLine for console I/O; install rlwrap for optimum experience.
Leiningen 1.7.1 on Java 1.7.0_72 Java HotSpot(TM) 64-Bit Server VM
[34m[1mlein2 version[0m
Leiningen 2.5.0 on Java 1.7.0_72 Java HotSpot(TM) 64-Bit Server VM
[34m[1mlein version[0m
Leiningen 2.5.0 on Java 1.7.0_72 Java HotSpot(TM) 64-Bit Server VM
travis_fold:end:system_info[0K
travis_fold:start:git.checkout[0Ktravis_time:start:201bce1f[0K$ git clone --depth=50 git://github.com/square/okhttp.git square/okhttp
Cloning into 'square/okhttp'...
remote: Counting objects: 3795, done.[K
remote: Compressing objects:   0% (1/1498)   [Kremote: Compressing objects:   1% (15/1498)   [Kremote: Compressing objects:   2% (30/1498)   [Kremote: Compressing objects:   3% (45/1498)   [Kremote: Compressing objects:   4% (60/1498)   [Kremote: Compressing objects:   5% (75/1498)   [Kremote: Compressing objects:   6% (90/1498)   [Kremote: Compressing objects:   7% (105/1498)   [Kremote: Compressing objects:   8% (120/1498)   [Kremote: Compressing objects:   9% (135/1498)   [Kremote: Compressing objects:  10% (150/1498)   [Kremote: Compressing objects:  11% (165/1498)   [Kremote: Compressing objects:  12% (180/1498)   [Kremote: Compressing objects:  13% (195/1498)   [Kremote: Compressing objects:  14% (210/1498)   [Kremote: Compressing objects:  15% (225/1498)   [Kremote: Compressing objects:  16% (240/1498)   [Kremote: Compressing objects:  17% (255/1498)   [Kremote: Compressing objects:  18% (270/1498)   [Kremote: Compressing objects:  19% (285/1498)   [Kremote: Compressing objects:  20% (300/1498)   [Kremote: Compressing objects:  21% (315/1498)   [Kremote: Compressing objects:  22% (330/1498)   [Kremote: Compressing objects:  23% (345/1498)   [Kremote: Compressing objects:  24% (360/1498)   [Kremote: Compressing objects:  25% (375/1498)   [Kremote: Compressing objects:  26% (390/1498)   [Kremote: Compressing objects:  27% (405/1498)   [Kremote: Compressing objects:  28% (420/1498)   [Kremote: Compressing objects:  29% (435/1498)   [Kremote: Compressing objects:  30% (450/1498)   [Kremote: Compressing objects:  31% (465/1498)   [Kremote: Compressing objects:  32% (480/1498)   [Kremote: Compressing objects:  33% (495/1498)   [Kremote: Compressing objects:  34% (510/1498)   [Kremote: Compressing objects:  35% (525/1498)   [Kremote: Compressing objects:  36% (540/1498)   [Kremote: Compressing objects:  37% (555/1498)   [Kremote: Compressing objects:  38% (570/1498)   [Kremote: Compressing objects:  39% (585/1498)   [Kremote: Compressing objects:  40% (600/1498)   [Kremote: Compressing objects:  41% (615/1498)   [Kremote: Compressing objects:  42% (630/1498)   [Kremote: Compressing objects:  43% (645/1498)   [Kremote: Compressing objects:  44% (660/1498)   [Kremote: Compressing objects:  45% (675/1498)   [Kremote: Compressing objects:  46% (690/1498)   [Kremote: Compressing objects:  47% (705/1498)   [Kremote: Compressing objects:  48% (720/1498)   [Kremote: Compressing objects:  49% (735/1498)   [Kremote: Compressing objects:  50% (749/1498)   [Kremote: Compressing objects:  51% (764/1498)   [Kremote: Compressing objects:  52% (779/1498)   [Kremote: Compressing objects:  53% (794/1498)   [Kremote: Compressing objects:  54% (809/1498)   [Kremote: Compressing objects:  55% (824/1498)   [Kremote: Compressing objects:  56% (839/1498)   [Kremote: Compressing objects:  57% (854/1498)   [Kremote: Compressing objects:  58% (869/1498)   [Kremote: Compressing objects:  59% (884/1498)   [Kremote: Compressing objects:  60% (899/1498)   [Kremote: Compressing objects:  61% (914/1498)   [Kremote: Compressing objects:  62% (929/1498)   [Kremote: Compressing objects:  63% (944/1498)   [Kremote: Compressing objects:  64% (959/1498)   [Kremote: Compressing objects:  65% (974/1498)   [Kremote: Compressing objects:  66% (989/1498)   [Kremote: Compressing objects:  67% (1004/1498)   [Kremote: Compressing objects:  68% (1019/1498)   [Kremote: Compressing objects:  69% (1034/1498)   [Kremote: Compressing objects:  70% (1049/1498)   [Kremote: Compressing objects:  71% (1064/1498)   [Kremote: Compressing objects:  72% (1079/1498)   [Kremote: Compressing objects:  73% (1094/1498)   [Kremote: Compressing objects:  74% (1109/1498)   [Kremote: Compressing objects:  75% (1124/1498)   [Kremote: Compressing objects:  76% (1139/1498)   [Kremote: Compressing objects:  77% (1154/1498)   [Kremote: Compressing objects:  78% (1169/1498)   [Kremote: Compressing objects:  79% (1184/1498)   [Kremote: Compressing objects:  80% (1199/1498)   [Kremote: Compressing objects:  81% (1214/1498)   [Kremote: Compressing objects:  82% (1229/1498)   [Kremote: Compressing objects:  83% (1244/1498)   [Kremote: Compressing objects:  84% (1259/1498)   [Kremote: Compressing objects:  85% (1274/1498)   [Kremote: Compressing objects:  86% (1289/1498)   [Kremote: Compressing objects:  87% (1304/1498)   [Kremote: Compressing objects:  88% (1319/1498)   [Kremote: Compressing objects:  89% (1334/1498)   [Kremote: Compressing objects:  90% (1349/1498)   [Kremote: Compressing objects:  91% (1364/1498)   [Kremote: Compressing objects:  92% (1379/1498)   [Kremote: Compressing objects:  93% (1394/1498)   [Kremote: Compressing objects:  94% (1409/1498)   [Kremote: Compressing objects:  95% (1424/1498)   [Kremote: Compressing objects:  96% (1439/1498)   [Kremote: Compressing objects:  97% (1454/1498)   [Kremote: Compressing objects:  98% (1469/1498)   [Kremote: Compressing objects:  99% (1484/1498)   [Kremote: Compressing objects: 100% (1498/1498)   [Kremote: Compressing objects: 100% (1498/1498), done.[K
Receiving objects:   0% (1/3795)   Receiving objects:   1% (38/3795)   Receiving objects:   2% (76/3795)   Receiving objects:   3% (114/3795)   Receiving objects:   4% (152/3795)   Receiving objects:   5% (190/3795)   Receiving objects:   6% (228/3795)   Receiving objects:   7% (266/3795)   Receiving objects:   8% (304/3795)   Receiving objects:   9% (342/3795)   Receiving objects:  10% (380/3795)   Receiving objects:  11% (418/3795)   Receiving objects:  12% (456/3795)   Receiving objects:  13% (494/3795)   Receiving objects:  14% (532/3795)   Receiving objects:  15% (570/3795)   Receiving objects:  16% (608/3795)   Receiving objects:  17% (646/3795)   Receiving objects:  18% (684/3795)   Receiving objects:  19% (722/3795)   Receiving objects:  20% (759/3795)   Receiving objects:  21% (797/3795)   Receiving objects:  22% (835/3795)   Receiving objects:  23% (873/3795)   Receiving objects:  24% (911/3795)   Receiving objects:  25% (949/3795)   Receiving objects:  26% (987/3795)   Receiving objects:  27% (1025/3795)   Receiving objects:  28% (1063/3795)   Receiving objects:  29% (1101/3795)   Receiving objects:  30% (1139/3795)   Receiving objects:  31% (1177/3795)   Receiving objects:  32% (1215/3795)   Receiving objects:  33% (1253/3795)   Receiving objects:  34% (1291/3795)   Receiving objects:  35% (1329/3795)   Receiving objects:  36% (1367/3795)   Receiving objects:  37% (1405/3795)   Receiving objects:  38% (1443/3795)   Receiving objects:  39% (1481/3795)   Receiving objects:  40% (1518/3795)   Receiving objects:  41% (1556/3795)   Receiving objects:  42% (1594/3795)   Receiving objects:  43% (1632/3795)   Receiving objects:  44% (1670/3795)   Receiving objects:  45% (1708/3795)   Receiving objects:  46% (1746/3795)   Receiving objects:  47% (1784/3795)   Receiving objects:  48% (1822/3795)   Receiving objects:  49% (1860/3795)   Receiving objects:  50% (1898/3795)   Receiving objects:  51% (1936/3795)   Receiving objects:  52% (1974/3795)   Receiving objects:  53% (2012/3795)   Receiving objects:  54% (2050/3795)   Receiving objects:  55% (2088/3795)   Receiving objects:  56% (2126/3795)   Receiving objects:  57% (2164/3795)   Receiving objects:  58% (2202/3795)   Receiving objects:  59% (2240/3795)   Receiving objects:  60% (2277/3795)   Receiving objects:  61% (2315/3795)   Receiving objects:  62% (2353/3795)   Receiving objects:  63% (2391/3795)   Receiving objects:  64% (2429/3795)   Receiving objects:  65% (2467/3795)   Receiving objects:  66% (2505/3795)   Receiving objects:  67% (2543/3795)   Receiving objects:  68% (2581/3795)   Receiving objects:  69% (2619/3795)   Receiving objects:  70% (2657/3795)   Receiving objects:  71% (2695/3795)   Receiving objects:  72% (2733/3795)   Receiving objects:  73% (2771/3795)   Receiving objects:  74% (2809/3795)   Receiving objects:  75% (2847/3795)   Receiving objects:  76% (2885/3795)   Receiving objects:  77% (2923/3795)   Receiving objects:  78% (2961/3795)   Receiving objects:  79% (2999/3795)   Receiving objects:  80% (3036/3795)   Receiving objects:  81% (3074/3795)   Receiving objects:  82% (3112/3795)   Receiving objects:  83% (3150/3795)   Receiving objects:  84% (3188/3795)   Receiving objects:  85% (3226/3795)   remote: Total 3795 (delta 1222), reused 3278 (delta 852)[K
Receiving objects:  86% (3264/3795)   Receiving objects:  87% (3302/3795)   Receiving objects:  88% (3340/3795)   Receiving objects:  89% (3378/3795)   Receiving objects:  90% (3416/3795)   Receiving objects:  91% (3454/3795)   Receiving objects:  92% (3492/3795)   Receiving objects:  93% (3530/3795)   Receiving objects:  94% (3568/3795)   Receiving objects:  95% (3606/3795)   Receiving objects:  96% (3644/3795)   Receiving objects:  97% (3682/3795)   Receiving objects:  98% (3720/3795)   Receiving objects:  99% (3758/3795)   Receiving objects: 100% (3795/3795)   Receiving objects: 100% (3795/3795), 980.62 KiB | 0 bytes/s, done.
Resolving deltas:   0% (0/1222)   Resolving deltas:   1% (13/1222)   Resolving deltas:   3% (43/1222)   Resolving deltas:   4% (49/1222)   Resolving deltas:   5% (65/1222)   Resolving deltas:   6% (79/1222)   Resolving deltas:   8% (109/1222)   Resolving deltas:   9% (111/1222)   Resolving deltas:  11% (141/1222)   Resolving deltas:  12% (149/1222)   Resolving deltas:  13% (162/1222)   Resolving deltas:  14% (176/1222)   Resolving deltas:  15% (184/1222)   Resolving deltas:  18% (231/1222)   Resolving deltas:  19% (233/1222)   Resolving deltas:  20% (251/1222)   Resolving deltas:  21% (260/1222)   Resolving deltas:  22% (276/1222)   Resolving deltas:  23% (283/1222)   Resolving deltas:  26% (325/1222)   Resolving deltas:  27% (332/1222)   Resolving deltas:  29% (365/1222)   Resolving deltas:  30% (367/1222)   Resolving deltas:  31% (381/1222)   Resolving deltas:  32% (403/1222)   Resolving deltas:  33% (405/1222)   Resolving deltas:  34% (416/1222)   Resolving deltas:  35% (436/1222)   Resolving deltas:  36% (445/1222)   Resolving deltas:  37% (453/1222)   Resolving deltas:  38% (475/1222)   Resolving deltas:  39% (477/1222)   Resolving deltas:  40% (490/1222)   Resolving deltas:  41% (505/1222)   Resolving deltas:  43% (527/1222)   Resolving deltas:  44% (538/1222)   Resolving deltas:  45% (554/1222)   Resolving deltas:  46% (568/1222)   Resolving deltas:  47% (577/1222)   Resolving deltas:  48% (590/1222)   Resolving deltas:  49% (603/1222)   Resolving deltas:  50% (616/1222)   Resolving deltas:  51% (625/1222)   Resolving deltas:  52% (641/1222)   Resolving deltas:  53% (648/1222)   Resolving deltas:  54% (662/1222)   Resolving deltas:  55% (673/1222)   Resolving deltas:  56% (686/1222)   Resolving deltas:  57% (698/1222)   Resolving deltas:  58% (709/1222)   Resolving deltas:  59% (723/1222)   Resolving deltas:  60% (734/1222)   Resolving deltas:  62% (763/1222)   Resolving deltas:  63% (777/1222)   Resolving deltas:  64% (788/1222)   Resolving deltas:  65% (800/1222)   Resolving deltas:  67% (826/1222)   Resolving deltas:  68% (831/1222)   Resolving deltas:  69% (846/1222)   Resolving deltas:  70% (860/1222)   Resolving deltas:  72% (882/1222)   Resolving deltas:  73% (896/1222)   Resolving deltas:  75% (922/1222)   Resolving deltas:  76% (929/1222)   Resolving deltas:  77% (942/1222)   Resolving deltas:  78% (954/1222)   Resolving deltas:  79% (968/1222)   Resolving deltas:  80% (985/1222)   Resolving deltas:  81% (990/1222)   Resolving deltas:  82% (1006/1222)   Resolving deltas:  83% (1015/1222)   Resolving deltas:  87% (1070/1222)   Resolving deltas:  88% (1079/1222)   Resolving deltas:  89% (1089/1222)   Resolving deltas:  91% (1116/1222)   Resolving deltas:  92% (1129/1222)   Resolving deltas:  94% (1149/1222)   Resolving deltas:  95% (1163/1222)   Resolving deltas:  96% (1176/1222)   Resolving deltas:  98% (1200/1222)   Resolving deltas:  99% (1210/1222)   Resolving deltas: 100% (1222/1222)   Resolving deltas: 100% (1222/1222), done.
Checking connectivity... done.
travis_time:end:201bce1f:start=1423179775632730037,finish=1423179776519046103,duration=886316066[0K$ cd square/okhttp
travis_time:start:1be5492d[0K$ git fetch origin +refs/pull/1364/merge:
remote: Counting objects: 19, done.[K
remote: Compressing objects:  10% (1/10)   [Kremote: Compressing objects:  20% (2/10)   [Kremote: Compressing objects:  30% (3/10)   [Kremote: Compressing objects:  40% (4/10)   [Kremote: Compressing objects:  50% (5/10)   [Kremote: Compressing objects:  60% (6/10)   [Kremote: Compressing objects:  70% (7/10)   [Kremote: Compressing objects:  80% (8/10)   [Kremote: Compressing objects:  90% (9/10)   [Kremote: Compressing objects: 100% (10/10)   [Kremote: Compressing objects: 100% (10/10), done.[K
remote: Total 19 (delta 4), reused 15 (delta 0)[K
Unpacking objects:   5% (1/19)   Unpacking objects:  10% (2/19)   Unpacking objects:  15% (3/19)   Unpacking objects:  21% (4/19)   Unpacking objects:  26% (5/19)   Unpacking objects:  31% (6/19)   Unpacking objects:  36% (7/19)   Unpacking objects:  42% (8/19)   Unpacking objects:  47% (9/19)   Unpacking objects:  52% (10/19)   Unpacking objects:  57% (11/19)   Unpacking objects:  63% (12/19)   Unpacking objects:  68% (13/19)   Unpacking objects:  73% (14/19)   Unpacking objects:  78% (15/19)   Unpacking objects:  84% (16/19)   Unpacking objects:  89% (17/19)   Unpacking objects:  94% (18/19)   Unpacking objects: 100% (19/19)   Unpacking objects: 100% (19/19), done.
From git://github.com/square/okhttp
 * branch            refs/pull/1364/merge -> FETCH_HEAD
travis_time:end:1be5492d:start=1423179776522883597,finish=1423179776659204143,duration=136320546[0K$ git checkout -qf FETCH_HEAD
travis_fold:end:git.checkout[0Ktravis_fold:start:git.submodule[0Ktravis_time:start:06ad3940[0K$ git submodule init
Submodule 'okhttp-hpacktests/src/test/resources/hpack-test-case' (git://github.com/http2jp/hpack-test-case.git) registered for path 'okhttp-hpacktests/src/test/resources/hpack-test-case'
travis_time:end:06ad3940:start=1423179776684140687,finish=1423179776715651518,duration=31510831[0Ktravis_time:start:04299aaa[0K$ git submodule update
Cloning into 'okhttp-hpacktests/src/test/resources/hpack-test-case'...
remote: Counting objects: 4084, done.[K
Receiving objects:   0% (1/4084)   Receiving objects:   1% (41/4084)   Receiving objects:   2% (82/4084)   Receiving objects:   3% (123/4084)   Receiving objects:   4% (164/4084)   Receiving objects:   5% (205/4084)   Receiving objects:   6% (246/4084)   Receiving objects:   7% (286/4084)   Receiving objects:   8% (327/4084)   Receiving objects:   9% (368/4084)   Receiving objects:  10% (409/4084)   Receiving objects:  11% (450/4084)   Receiving objects:  12% (491/4084)   Receiving objects:  13% (531/4084)   Receiving objects:  14% (572/4084)   Receiving objects:  15% (613/4084)   Receiving objects:  16% (654/4084)   Receiving objects:  17% (695/4084)   Receiving objects:  18% (736/4084)   Receiving objects:  19% (776/4084)   Receiving objects:  20% (817/4084)   Receiving objects:  21% (858/4084)   Receiving objects:  22% (899/4084)   Receiving objects:  23% (940/4084)   Receiving objects:  24% (981/4084)   Receiving objects:  25% (1021/4084)   Receiving objects:  26% (1062/4084)   Receiving objects:  27% (1103/4084)   Receiving objects:  28% (1144/4084)   Receiving objects:  29% (1185/4084)   Receiving objects:  30% (1226/4084)   Receiving objects:  31% (1267/4084)   Receiving objects:  32% (1307/4084)   Receiving objects:  33% (1348/4084)   Receiving objects:  34% (1389/4084)   Receiving objects:  35% (1430/4084)   Receiving objects:  36% (1471/4084)   Receiving objects:  37% (1512/4084)   Receiving objects:  38% (1552/4084)   Receiving objects:  39% (1593/4084)   Receiving objects:  40% (1634/4084)   Receiving objects:  41% (1675/4084)   Receiving objects:  42% (1716/4084)   Receiving objects:  43% (1757/4084)   Receiving objects:  44% (1797/4084)   Receiving objects:  45% (1838/4084)   Receiving objects:  46% (1879/4084)   Receiving objects:  47% (1920/4084)   Receiving objects:  48% (1961/4084)   Receiving objects:  49% (2002/4084)   Receiving objects:  50% (2042/4084)   Receiving objects:  51% (2083/4084)   Receiving objects:  52% (2124/4084)   Receiving objects:  53% (2165/4084)   Receiving objects:  54% (2206/4084)   Receiving objects:  55% (2247/4084)   Receiving objects:  56% (2288/4084)   Receiving objects:  57% (2328/4084)   Receiving objects:  58% (2369/4084)   Receiving objects:  59% (2410/4084)   Receiving objects:  60% (2451/4084)   Receiving objects:  61% (2492/4084)   Receiving objects:  62% (2533/4084)   Receiving objects:  63% (2573/4084)   Receiving objects:  64% (2614/4084)   Receiving objects:  65% (2655/4084)   Receiving objects:  66% (2696/4084)   Receiving objects:  67% (2737/4084)   Receiving objects:  68% (2778/4084)   Receiving objects:  69% (2818/4084)   Receiving objects:  70% (2859/4084)   Receiving objects:  71% (2900/4084)   Receiving objects:  72% (2941/4084)   Receiving objects:  73% (2982/4084)   Receiving objects:  74% (3023/4084)   Receiving objects:  75% (3063/4084)   Receiving objects:  76% (3104/4084)   Receiving objects:  77% (3145/4084)   Receiving objects:  78% (3186/4084)   Receiving objects:  79% (3227/4084)   Receiving objects:  80% (3268/4084)   Receiving objects:  81% (3309/4084)   Receiving objects:  82% (3349/4084)   Receiving objects:  83% (3390/4084), 20.64 MiB | 41.18 MiB/s   Receiving objects:  84% (3431/4084), 20.64 MiB | 41.18 MiB/s   Receiving objects:  85% (3472/4084), 20.64 MiB | 41.18 MiB/s   Receiving objects:  86% (3513/4084), 20.64 MiB | 41.18 MiB/s   Receiving objects:  87% (3554/4084), 20.64 MiB | 41.18 MiB/s   Receiving objects:  88% (3594/4084), 20.64 MiB | 41.18 MiB/s   Receiving objects:  89% (3635/4084), 20.64 MiB | 41.18 MiB/s   Receiving objects:  90% (3676/4084), 20.64 MiB | 41.18 MiB/s   Receiving objects:  91% (3717/4084), 20.64 MiB | 41.18 MiB/s   Receiving objects:  92% (3758/4084), 20.64 MiB | 41.18 MiB/s   Receiving objects:  93% (3799/4084), 20.64 MiB | 41.18 MiB/s   Receiving objects:  94% (3839/4084), 20.64 MiB | 41.18 MiB/s   Receiving objects:  95% (3880/4084), 20.64 MiB | 41.18 MiB/s   Receiving objects:  96% (3921/4084), 20.64 MiB | 41.18 MiB/s   Receiving objects:  97% (3962/4084), 20.64 MiB | 41.18 MiB/s   remote: Total 4084 (delta 0), reused 0 (delta 0)[K
Receiving objects:  98% (4003/4084), 20.64 MiB | 41.18 MiB/s   Receiving objects:  99% (4044/4084), 20.64 MiB | 41.18 MiB/s   Receiving objects: 100% (4084/4084), 20.64 MiB | 41.18 MiB/s   Receiving objects: 100% (4084/4084), 23.39 MiB | 41.18 MiB/s, done.
Resolving deltas:   0% (0/3682)   Resolving deltas:   3% (125/3682)   Resolving deltas:  11% (434/3682)   Resolving deltas:  36% (1333/3682)   Resolving deltas:  37% (1384/3682)   Resolving deltas:  39% (1448/3682)   Resolving deltas:  42% (1556/3682)   Resolving deltas:  44% (1636/3682)   Resolving deltas:  48% (1780/3682)   Resolving deltas:  50% (1860/3682)   Resolving deltas:  53% (1962/3682)   Resolving deltas:  57% (2100/3682)   Resolving deltas:  62% (2285/3682)   Resolving deltas:  64% (2358/3682)   Resolving deltas:  67% (2502/3682)   Resolving deltas:  68% (2504/3682)   Resolving deltas:  72% (2665/3682)   Resolving deltas:  73% (2703/3682)   Resolving deltas:  75% (2776/3682)   Resolving deltas:  76% (2804/3682)   Resolving deltas:  86% (3185/3682)   Resolving deltas:  87% (3216/3682)   Resolving deltas:  88% (3244/3682)   Resolving deltas:  89% (3283/3682)   Resolving deltas:  90% (3320/3682)   Resolving deltas:  90% (3348/3682)   Resolving deltas:  91% (3353/3682)   Resolving deltas:  92% (3399/3682)   Resolving deltas:  93% (3427/3682)   Resolving deltas:  94% (3464/3682)   Resolving deltas:  96% (3555/3682)   Resolving deltas:  98% (3620/3682)   Resolving deltas:  99% (3646/3682)   Resolving deltas: 100% (3682/3682)   Resolving deltas: 100% (3682/3682), done.
Checking connectivity... done.
Submodule path 'okhttp-hpacktests/src/test/resources/hpack-test-case': checked out 'a5652bc2bc3d2a992f39446369fb004a72e881d4'
travis_time:end:04299aaa:start=1423179776719122222,finish=1423179778880831316,duration=2161709094[0Ktravis_fold:end:git.submodule[0K
[33;1mThis job is running on container-based infrastructure, which does not allow use of 'sudo', setuid and setguid executables.[0m
[33;1mSee http://docs.travis-ci.com/user/workers/container-based-infrastructure/ for details.[0m
travis_fold:start:cache.1[0KSetting up build cache
$ export CASHER_DIR=$HOME/.casher
travis_time:start:0014392d[0K$ Installing caching utilities
travis_time:end:0014392d:start=1423179781907752434,finish=1423179781934544430,duration=26791996[0Ktravis_time:start:33640108[0Kattempting to download cache archive
found cache
travis_time:end:33640108:start=1423179781939037826,finish=1423179797960382881,duration=16021345055[0Ktravis_time:start:00c403ce[0Kadding /home/travis/.m2 to cache
travis_time:end:00c403ce:start=1423179797964324035,finish=1423179802686216500,duration=4721892465[0Ktravis_fold:end:cache.1[0K$ jdk_switcher use oraclejdk8
Switching to Oracle JDK8 (java-8-oracle), JAVA_HOME will be set to /usr/lib/jvm/java-8-oracle
$ java -version
java version "1.8.0_25"
Java(TM) SE Runtime Environment (build 1.8.0_25-b17)
Java HotSpot(TM) 64-Bit Server VM (build 25.25-b02, mixed mode)
$ javac -version
javac 1.8.0_25
travis_fold:start:install[0Ktravis_time:start:128008ba[0K$ mvn install -DskipTests=true -Dmaven.javadoc.skip=true -B -V
Java HotSpot(TM) 64-Bit Server VM warning: ignoring option MaxPermSize=192m; support was removed in 8.0
Apache Maven 3.2.3 (33f8c3e1027c3ddde99d3cdebad2656a31e8fdf4; 2014-08-11T20:58:10+00:00)
Maven home: /usr/local/maven
Java version: 1.8.0_25, vendor: Oracle Corporation
Java home: /usr/lib/jvm/java-8-oracle/jre
Default locale: en_US, platform encoding: UTF-8
OS name: "linux", version: "3.13.0-40-generic", arch: "amd64", family: "unix"
[INFO] Scanning for projects...
[WARNING] 
[WARNING] Some problems were encountered while building the effective model for com.squareup.okhttp:okhttp-tests:jar:2.3.0-SNAPSHOT
[WARNING] 'build.plugins.plugin.version' for org.apache.maven.plugins:maven-deploy-plugin is missing. @ com.squareup.okhttp:okhttp-tests:[unknown-version], /home/travis/build/square/okhttp/okhttp-tests/pom.xml, line 47, column 15
[WARNING] 
[WARNING] Some problems were encountered while building the effective model for com.squareup.okhttp:benchmarks:jar:2.3.0-SNAPSHOT
[WARNING] 'build.plugins.plugin.version' for org.codehaus.mojo:exec-maven-plugin is missing. @ com.squareup.okhttp:benchmarks:[unknown-version], /home/travis/build/square/okhttp/benchmarks/pom.xml, line 74, column 15
[WARNING] 
[WARNING] It is highly recommended to fix these problems because they threaten the stability of your build.
[WARNING] 
[WARNING] For this reason, future Maven versions might no longer support building such malformed projects.
[WARNING] 
[INFO] ------------------------------------------------------------------------
[INFO] Reactor Build Order:
[INFO] 
[INFO] OkHttp (Parent)
[INFO] OkHttp
[INFO] MockWebServer
[INFO] OkHttp Apache HttpClient
[INFO] OkHttp URLConnection
[INFO] OkHttp Tests
[INFO] OkHttp Android Platform Support
[INFO] OkCurl
[INFO] Samples (Parent)
[INFO] Sample: Guide
[INFO] Sample: Crawler
[INFO] Sample: Simple Client
[INFO] Sample: Static Server
[INFO] Benchmarks
[INFO]                                                                         
[INFO] ------------------------------------------------------------------------
[INFO] Building OkHttp (Parent) 2.3.0-SNAPSHOT
[INFO] ------------------------------------------------------------------------
[INFO] 
[INFO] --- maven-enforcer-plugin:1.0:enforce (enforce-maven) @ parent ---
[INFO] 
[INFO] --- animal-sniffer-maven-plugin:1.11:check (default) @ parent ---
[INFO] Checking unresolved references to org.codehaus.mojo.signature:java16:1.1
[INFO] 
[INFO] --- maven-checkstyle-plugin:2.10:checkstyle (default) @ parent ---
[INFO] 
[INFO] --- maven-install-plugin:2.4:install (default-install) @ parent ---
[INFO] Installing /home/travis/build/square/okhttp/pom.xml to /home/travis/.m2/repository/com/squareup/okhttp/parent/2.3.0-SNAPSHOT/parent-2.3.0-SNAPSHOT.pom
[INFO]                                                                         
[INFO] ------------------------------------------------------------------------
[INFO] Building OkHttp 2.3.0-SNAPSHOT
[INFO] ------------------------------------------------------------------------
[INFO] 
[INFO] --- maven-enforcer-plugin:1.0:enforce (enforce-maven) @ okhttp ---
[INFO] 
[INFO] --- templating-maven-plugin:1.0-alpha-3:filter-sources (default) @ okhttp ---
[INFO] Using 'UTF-8' encoding to copy filtered resources.
[INFO] Copying 1 resource
[INFO] Source directory: /home/travis/build/square/okhttp/okhttp/target/generated-sources/java-templates added.
[INFO] 
[INFO] --- maven-resources-plugin:2.6:resources (default-resources) @ okhttp ---
[INFO] Using 'UTF-8' encoding to copy filtered resources.
[INFO] skip non existing resourceDirectory /home/travis/build/square/okhttp/okhttp/src/main/resources
[INFO] 
[INFO] --- maven-compiler-plugin:3.0:compile (default-compile) @ okhttp ---
[INFO] Changes detected - recompiling the module!
[INFO] Compiling 81 source files to /home/travis/build/square/okhttp/okhttp/target/classes
[WARNING] /home/travis/build/square/okhttp/okhttp/src/main/java/com/squareup/okhttp/internal/Util.java: Some input files use unchecked or unsafe operations.
[WARNING] /home/travis/build/square/okhttp/okhttp/src/main/java/com/squareup/okhttp/internal/Util.java: Recompile with -Xlint:unchecked for details.
[INFO] 
[INFO] --- maven-resources-plugin:2.6:testResources (default-testResources) @ okhttp ---
[INFO] Using 'UTF-8' encoding to copy filtered resources.
[INFO] skip non existing resourceDirectory /home/travis/build/square/okhttp/okhttp/src/test/resources
[INFO] 
[INFO] --- maven-compiler-plugin:3.0:testCompile (default-testCompile) @ okhttp ---
[INFO] No sources to compile
[INFO] 
[INFO] --- maven-surefire-plugin:2.17:test (default-test) @ okhttp ---
[INFO] Tests are skipped.
[INFO] 
[INFO] --- animal-sniffer-maven-plugin:1.11:check (default) @ okhttp ---
[INFO] Checking unresolved references to org.codehaus.mojo.signature:java16:1.1
[INFO] 
[INFO] --- maven-jar-plugin:2.4:jar (default-jar) @ okhttp ---
[INFO] Building jar: /home/travis/build/square/okhttp/okhttp/target/okhttp-2.3.0-SNAPSHOT.jar
[INFO] 
[INFO] --- maven-checkstyle-plugin:2.10:checkstyle (default) @ okhttp ---
[INFO] Starting audit...
Audit done.

[WARNING] Unable to locate Source XRef to link to - DISABLED
[INFO] 
[INFO] --- maven-install-plugin:2.4:install (default-install) @ okhttp ---
[INFO] Installing /home/travis/build/square/okhttp/okhttp/target/okhttp-2.3.0-SNAPSHOT.jar to /home/travis/.m2/repository/com/squareup/okhttp/okhttp/2.3.0-SNAPSHOT/okhttp-2.3.0-SNAPSHOT.jar
[INFO] Installing /home/travis/build/square/okhttp/okhttp/pom.xml to /home/travis/.m2/repository/com/squareup/okhttp/okhttp/2.3.0-SNAPSHOT/okhttp-2.3.0-SNAPSHOT.pom
[INFO]                                                                         
[INFO] ------------------------------------------------------------------------
[INFO] Building MockWebServer 2.3.0-SNAPSHOT
[INFO] ------------------------------------------------------------------------
[INFO] 
[INFO] --- maven-enforcer-plugin:1.0:enforce (enforce-maven) @ mockwebserver ---
[INFO] 
[INFO] --- maven-resources-plugin:2.6:resources (default-resources) @ mockwebserver ---
[INFO] Using 'UTF-8' encoding to copy filtered resources.
[INFO] skip non existing resourceDirectory /home/travis/build/square/okhttp/mockwebserver/src/main/resources
[INFO] 
[INFO] --- maven-compiler-plugin:3.0:compile (default-compile) @ mockwebserver ---
[INFO] Changes detected - recompiling the module!
[INFO] Compiling 10 source files to /home/travis/build/square/okhttp/mockwebserver/target/classes
[WARNING] /home/travis/build/square/okhttp/mockwebserver/src/main/java/com/squareup/okhttp/internal/SslContextBuilder.java: /home/travis/build/square/okhttp/mockwebserver/src/main/java/com/squareup/okhttp/internal/SslContextBuilder.java uses or overrides a deprecated API.
[WARNING] /home/travis/build/square/okhttp/mockwebserver/src/main/java/com/squareup/okhttp/internal/SslContextBuilder.java: Recompile with -Xlint:deprecation for details.
[INFO] 
[INFO] --- maven-resources-plugin:2.6:testResources (default-testResources) @ mockwebserver ---
[INFO] Using 'UTF-8' encoding to copy filtered resources.
[INFO] skip non existing resourceDirectory /home/travis/build/square/okhttp/mockwebserver/src/test/resources
[INFO] 
[INFO] --- maven-compiler-plugin:3.0:testCompile (default-testCompile) @ mockwebserver ---
[INFO] Changes detected - recompiling the module!
[INFO] Compiling 3 source files to /home/travis/build/square/okhttp/mockwebserver/target/test-classes
[INFO] 
[INFO] --- maven-surefire-plugin:2.17:test (default-test) @ mockwebserver ---
[INFO] Tests are skipped.
[INFO] 
[INFO] --- animal-sniffer-maven-plugin:1.11:check (default) @ mockwebserver ---
[INFO] Checking unresolved references to org.codehaus.mojo.signature:java16:1.1
[INFO] 
[INFO] --- maven-jar-plugin:2.4:jar (default-jar) @ mockwebserver ---
[INFO] Building jar: /home/travis/build/square/okhttp/mockwebserver/target/mockwebserver-2.3.0-SNAPSHOT.jar
[INFO] 
[INFO] --- maven-assembly-plugin:2.2-beta-5:single (default) @ mockwebserver ---
[INFO] META-INF/ already added, skipping
[INFO] META-INF/MANIFEST.MF already added, skipping
[INFO] META-INF/maven/ already added, skipping
[INFO] META-INF/MANIFEST.MF already added, skipping
[INFO] META-INF/ already added, skipping
[INFO] META-INF/MANIFEST.MF already added, skipping
[INFO] org/ already added, skipping
[INFO] META-INF/ already added, skipping
[INFO] META-INF/MANIFEST.MF already added, skipping
[INFO] org/ already added, skipping
[INFO] LICENSE.txt already added, skipping
[INFO] Building jar: /home/travis/build/square/okhttp/mockwebserver/target/mockwebserver-2.3.0-SNAPSHOT-jar-with-dependencies.jar
[INFO] META-INF/ already added, skipping
[INFO] META-INF/MANIFEST.MF already added, skipping
[INFO] META-INF/maven/ already added, skipping
[INFO] META-INF/MANIFEST.MF already added, skipping
[INFO] META-INF/ already added, skipping
[INFO] META-INF/MANIFEST.MF already added, skipping
[INFO] org/ already added, skipping
[INFO] META-INF/ already added, skipping
[INFO] META-INF/MANIFEST.MF already added, skipping
[INFO] org/ already added, skipping
[INFO] LICENSE.txt already added, skipping
[INFO] 
[INFO] --- maven-checkstyle-plugin:2.10:checkstyle (default) @ mockwebserver ---
[INFO] Starting audit...
Audit done.

[WARNING] Unable to locate Source XRef to link to - DISABLED
[INFO] 
[INFO] --- maven-install-plugin:2.4:install (default-install) @ mockwebserver ---
[INFO] Installing /home/travis/build/square/okhttp/mockwebserver/target/mockwebserver-2.3.0-SNAPSHOT.jar to /home/travis/.m2/repository/com/squareup/okhttp/mockwebserver/2.3.0-SNAPSHOT/mockwebserver-2.3.0-SNAPSHOT.jar
[INFO] Installing /home/travis/build/square/okhttp/mockwebserver/pom.xml to /home/travis/.m2/repository/com/squareup/okhttp/mockwebserver/2.3.0-SNAPSHOT/mockwebserver-2.3.0-SNAPSHOT.pom
[INFO] Installing /home/travis/build/square/okhttp/mockwebserver/target/mockwebserver-2.3.0-SNAPSHOT-jar-with-dependencies.jar to /home/travis/.m2/repository/com/squareup/okhttp/mockwebserver/2.3.0-SNAPSHOT/mockwebserver-2.3.0-SNAPSHOT-jar-with-dependencies.jar
[INFO]                                                                         
[INFO] ------------------------------------------------------------------------
[INFO] Building OkHttp Apache HttpClient 2.3.0-SNAPSHOT
[INFO] ------------------------------------------------------------------------
[INFO] 
[INFO] --- maven-enforcer-plugin:1.0:enforce (enforce-maven) @ okhttp-apache ---
[INFO] 
[INFO] --- maven-resources-plugin:2.6:resources (default-resources) @ okhttp-apache ---
[INFO] Using 'UTF-8' encoding to copy filtered resources.
[INFO] skip non existing resourceDirectory /home/travis/build/square/okhttp/okhttp-apache/src/main/resources
[INFO] 
[INFO] --- maven-compiler-plugin:3.0:compile (default-compile) @ okhttp-apache ---
[INFO] Changes detected - recompiling the module!
[INFO] Compiling 2 source files to /home/travis/build/square/okhttp/okhttp-apache/target/classes
[WARNING] /home/travis/build/square/okhttp/okhttp-apache/src/main/java/com/squareup/okhttp/apache/OkApacheClient.java: /home/travis/build/square/okhttp/okhttp-apache/src/main/java/com/squareup/okhttp/apache/OkApacheClient.java uses or overrides a deprecated API.
[WARNING] /home/travis/build/square/okhttp/okhttp-apache/src/main/java/com/squareup/okhttp/apache/OkApacheClient.java: Recompile with -Xlint:deprecation for details.
[INFO] 
[INFO] --- maven-resources-plugin:2.6:testResources (default-testResources) @ okhttp-apache ---
[INFO] Using 'UTF-8' encoding to copy filtered resources.
[INFO] skip non existing resourceDirectory /home/travis/build/square/okhttp/okhttp-apache/src/test/resources
[INFO] 
[INFO] --- maven-compiler-plugin:3.0:testCompile (default-testCompile) @ okhttp-apache ---
[INFO] Changes detected - recompiling the module!
[INFO] Compiling 1 source file to /home/travis/build/square/okhttp/okhttp-apache/target/test-classes
[INFO] 
[INFO] --- maven-surefire-plugin:2.17:test (default-test) @ okhttp-apache ---
[INFO] Tests are skipped.
[INFO] 
[INFO] --- animal-sniffer-maven-plugin:1.11:check (default) @ okhttp-apache ---
[INFO] Checking unresolved references to org.codehaus.mojo.signature:java16:1.1
[INFO] 
[INFO] --- maven-jar-plugin:2.4:jar (default-jar) @ okhttp-apache ---
[INFO] Building jar: /home/travis/build/square/okhttp/okhttp-apache/target/okhttp-apache-2.3.0-SNAPSHOT.jar
[INFO] 
[INFO] --- maven-checkstyle-plugin:2.10:checkstyle (default) @ okhttp-apache ---
[INFO] Starting audit...
Audit done.

[WARNING] Unable to locate Source XRef to link to - DISABLED
[INFO] 
[INFO] --- maven-install-plugin:2.4:install (default-install) @ okhttp-apache ---
[INFO] Installing /home/travis/build/square/okhttp/okhttp-apache/target/okhttp-apache-2.3.0-SNAPSHOT.jar to /home/travis/.m2/repository/com/squareup/okhttp/okhttp-apache/2.3.0-SNAPSHOT/okhttp-apache-2.3.0-SNAPSHOT.jar
[INFO] Installing /home/travis/build/square/okhttp/okhttp-apache/pom.xml to /home/travis/.m2/repository/com/squareup/okhttp/okhttp-apache/2.3.0-SNAPSHOT/okhttp-apache-2.3.0-SNAPSHOT.pom
[INFO]                                                                         
[INFO] ------------------------------------------------------------------------
[INFO] Building OkHttp URLConnection 2.3.0-SNAPSHOT
[INFO] ------------------------------------------------------------------------
[INFO] 
[INFO] --- maven-enforcer-plugin:1.0:enforce (enforce-maven) @ okhttp-urlconnection ---
[INFO] 
[INFO] --- maven-resources-plugin:2.6:resources (default-resources) @ okhttp-urlconnection ---
[INFO] Using 'UTF-8' encoding to copy filtered resources.
[INFO] skip non existing resourceDirectory /home/travis/build/square/okhttp/okhttp-urlconnection/src/main/resources
[INFO] 
[INFO] --- maven-compiler-plugin:3.0:compile (default-compile) @ okhttp-urlconnection ---
[INFO] Changes detected - recompiling the module!
[INFO] Compiling 4 source files to /home/travis/build/square/okhttp/okhttp-urlconnection/target/classes
[INFO] 
[INFO] --- maven-resources-plugin:2.6:testResources (default-testResources) @ okhttp-urlconnection ---
[INFO] Using 'UTF-8' encoding to copy filtered resources.
[INFO] skip non existing resourceDirectory /home/travis/build/square/okhttp/okhttp-urlconnection/src/test/resources
[INFO] 
[INFO] --- maven-compiler-plugin:3.0:testCompile (default-testCompile) @ okhttp-urlconnection ---
[INFO] Changes detected - recompiling the module!
[INFO] Compiling 3 source files to /home/travis/build/square/okhttp/okhttp-urlconnection/target/test-classes
[INFO] 
[INFO] --- maven-surefire-plugin:2.17:test (default-test) @ okhttp-urlconnection ---
[INFO] Tests are skipped.
[INFO] 
[INFO] --- animal-sniffer-maven-plugin:1.11:check (default) @ okhttp-urlconnection ---
[INFO] Checking unresolved references to org.codehaus.mojo.signature:java16:1.1
[INFO] 
[INFO] --- maven-jar-plugin:2.4:jar (default-jar) @ okhttp-urlconnection ---
[INFO] Building jar: /home/travis/build/square/okhttp/okhttp-urlconnection/target/okhttp-urlconnection-2.3.0-SNAPSHOT.jar
[INFO] 
[INFO] --- maven-checkstyle-plugin:2.10:checkstyle (default) @ okhttp-urlconnection ---
[INFO] Starting audit...
Audit done.

[WARNING] Unable to locate Source XRef to link to - DISABLED
[INFO] 
[INFO] --- maven-install-plugin:2.4:install (default-install) @ okhttp-urlconnection ---
[INFO] Installing /home/travis/build/square/okhttp/okhttp-urlconnection/target/okhttp-urlconnection-2.3.0-SNAPSHOT.jar to /home/travis/.m2/repository/com/squareup/okhttp/okhttp-urlconnection/2.3.0-SNAPSHOT/okhttp-urlconnection-2.3.0-SNAPSHOT.jar
[INFO] Installing /home/travis/build/square/okhttp/okhttp-urlconnection/pom.xml to /home/travis/.m2/repository/com/squareup/okhttp/okhttp-urlconnection/2.3.0-SNAPSHOT/okhttp-urlconnection-2.3.0-SNAPSHOT.pom
[INFO]                                                                         
[INFO] ------------------------------------------------------------------------
[INFO] Building OkHttp Tests 2.3.0-SNAPSHOT
[INFO] ------------------------------------------------------------------------
[INFO] 
[INFO] --- maven-enforcer-plugin:1.0:enforce (enforce-maven) @ okhttp-tests ---
[INFO] 
[INFO] --- maven-resources-plugin:2.6:resources (default-resources) @ okhttp-tests ---
[INFO] Using 'UTF-8' encoding to copy filtered resources.
[INFO] skip non existing resourceDirectory /home/travis/build/square/okhttp/okhttp-tests/src/main/resources
[INFO] 
[INFO] --- maven-compiler-plugin:3.0:compile (default-compile) @ okhttp-tests ---
[INFO] No sources to compile
[INFO] 
[INFO] --- maven-resources-plugin:2.6:testResources (default-testResources) @ okhttp-tests ---
[INFO] Using 'UTF-8' encoding to copy filtered resources.
[INFO] skip non existing resourceDirectory /home/travis/build/square/okhttp/okhttp-tests/src/test/resources
[INFO] 
[INFO] --- maven-compiler-plugin:3.0:testCompile (default-testCompile) @ okhttp-tests ---
[INFO] Changes detected - recompiling the module!
[INFO] Compiling 63 source files to /home/travis/build/square/okhttp/okhttp-tests/target/test-classes
[INFO] -------------------------------------------------------------
[WARNING] COMPILATION WARNING : 
[INFO] -------------------------------------------------------------
[WARNING] /home/travis/build/square/okhttp/okhttp-tests/src/test/java/com/squareup/okhttp/internal/http/HttpOverSpdyTest.java: Some input files use or override a deprecated API.
[WARNING] /home/travis/build/square/okhttp/okhttp-tests/src/test/java/com/squareup/okhttp/internal/http/HttpOverSpdyTest.java: Recompile with -Xlint:deprecation for details.
[INFO] 2 warnings 
[INFO] -------------------------------------------------------------
[INFO] -------------------------------------------------------------
[ERROR] COMPILATION ERROR : 
[INFO] -------------------------------------------------------------
[ERROR] /home/travis/build/square/okhttp/okhttp-tests/src/test/java/com/squareup/okhttp/ConnectionSpecTest.java:[174,9] no suitable method found for cipherSuites(java.lang.String)
    method com.squareup.okhttp.ConnectionSpec.Builder.cipherSuites(com.squareup.okhttp.CipherSuite...) is not applicable
      (varargs mismatch; java.lang.String cannot be converted to com.squareup.okhttp.CipherSuite)
    method com.squareup.okhttp.ConnectionSpec.Builder.cipherSuites(java.lang.String[]) is not applicable
      (argument mismatch; java.lang.String cannot be converted to java.lang.String[])
[INFO] 1 error
[INFO] -------------------------------------------------------------
[INFO] ------------------------------------------------------------------------
[INFO] Reactor Summary:
[INFO] 
[INFO] OkHttp (Parent) .................................... SUCCESS [  4.774 s]
[INFO] OkHttp ............................................. SUCCESS [ 22.275 s]
[INFO] MockWebServer ...................................... SUCCESS [ 11.154 s]
[INFO] OkHttp Apache HttpClient ........................... SUCCESS [  2.381 s]
[INFO] OkHttp URLConnection ............................... SUCCESS [  2.207 s]
[INFO] OkHttp Tests ....................................... FAILURE [  4.200 s]
[INFO] OkHttp Android Platform Support .................... SKIPPED
[INFO] OkCurl ............................................. SKIPPED
[INFO] Samples (Parent) ................................... SKIPPED
[INFO] Sample: Guide ...................................... SKIPPED
[INFO] Sample: Crawler .................................... SKIPPED
[INFO] Sample: Simple Client .............................. SKIPPED
[INFO] Sample: Static Server .............................. SKIPPED
[INFO] Benchmarks ......................................... SKIPPED
[INFO] ------------------------------------------------------------------------
[INFO] BUILD FAILURE
[INFO] ------------------------------------------------------------------------
[INFO] Total time: 47.510 s
[INFO] Finished at: 2015-02-05T23:44:12+00:00
[INFO] Final Memory: 35M/332M
[INFO] ------------------------------------------------------------------------
[ERROR] Failed to execute goal org.apache.maven.plugins:maven-compiler-plugin:3.0:testCompile (default-testCompile) on project okhttp-tests: Compilation failure
[ERROR] /home/travis/build/square/okhttp/okhttp-tests/src/test/java/com/squareup/okhttp/ConnectionSpecTest.java:[174,9] no suitable method found for cipherSuites(java.lang.String)
[ERROR] method com.squareup.okhttp.ConnectionSpec.Builder.cipherSuites(com.squareup.okhttp.CipherSuite...) is not applicable
[ERROR] (varargs mismatch; java.lang.String cannot be converted to com.squareup.okhttp.CipherSuite)
[ERROR] method com.squareup.okhttp.ConnectionSpec.Builder.cipherSuites(java.lang.String[]) is not applicable
[ERROR] (argument mismatch; java.lang.String cannot be converted to java.lang.String[])
[ERROR] -> [Help 1]
[ERROR] 
[ERROR] To see the full stack trace of the errors, re-run Maven with the -e switch.
[ERROR] Re-run Maven using the -X switch to enable full debug logging.
[ERROR] 
[ERROR] For more information about the errors and possible solutions, please read the following articles:
[ERROR] [Help 1] http://cwiki.apache.org/confluence/display/MAVEN/MojoFailureException
[ERROR] 
[ERROR] After correcting the problems, you can resume the build with the command
[ERROR]   mvn <goals> -rf :okhttp-tests

[31;1mThe command "eval mvn install -DskipTests=true -Dmaven.javadoc.skip=true -B -V" failed. Retrying, 2 of 3.[0m

Java HotSpot(TM) 64-Bit Server VM warning: ignoring option MaxPermSize=192m; support was removed in 8.0
Apache Maven 3.2.3 (33f8c3e1027c3ddde99d3cdebad2656a31e8fdf4; 2014-08-11T20:58:10+00:00)
Maven home: /usr/local/maven
Java version: 1.8.0_25, vendor: Oracle Corporation
Java home: /usr/lib/jvm/java-8-oracle/jre
Default locale: en_US, platform encoding: UTF-8
OS name: "linux", version: "3.13.0-40-generic", arch: "amd64", family: "unix"
[INFO] Scanning for projects...
[WARNING] 
[WARNING] Some problems were encountered while building the effective model for com.squareup.okhttp:okhttp-tests:jar:2.3.0-SNAPSHOT
[WARNING] 'build.plugins.plugin.version' for org.apache.maven.plugins:maven-deploy-plugin is missing. @ com.squareup.okhttp:okhttp-tests:[unknown-version], /home/travis/build/square/okhttp/okhttp-tests/pom.xml, line 47, column 15
[WARNING] 
[WARNING] Some problems were encountered while building the effective model for com.squareup.okhttp:benchmarks:jar:2.3.0-SNAPSHOT
[WARNING] 'build.plugins.plugin.version' for org.codehaus.mojo:exec-maven-plugin is missing. @ com.squareup.okhttp:benchmarks:[unknown-version], /home/travis/build/square/okhttp/benchmarks/pom.xml, line 74, column 15
[WARNING] 
[WARNING] It is highly recommended to fix these problems because they threaten the stability of your build.
[WARNING] 
[WARNING] For this reason, future Maven versions might no longer support building such malformed projects.
[WARNING] 
[INFO] ------------------------------------------------------------------------
[INFO] Reactor Build Order:
[INFO] 
[INFO] OkHttp (Parent)
[INFO] OkHttp
[INFO] MockWebServer
[INFO] OkHttp Apache HttpClient
[INFO] OkHttp URLConnection
[INFO] OkHttp Tests
[INFO] OkHttp Android Platform Support
[INFO] OkCurl
[INFO] Samples (Parent)
[INFO] Sample: Guide
[INFO] Sample: Crawler
[INFO] Sample: Simple Client
[INFO] Sample: Static Server
[INFO] Benchmarks
[INFO]                                                                         
[INFO] ------------------------------------------------------------------------
[INFO] Building OkHttp (Parent) 2.3.0-SNAPSHOT
[INFO] ------------------------------------------------------------------------
[INFO] 
[INFO] --- maven-enforcer-plugin:1.0:enforce (enforce-maven) @ parent ---
[INFO] 
[INFO] --- animal-sniffer-maven-plugin:1.11:check (default) @ parent ---
[INFO] Checking unresolved references to org.codehaus.mojo.signature:java16:1.1
[INFO] 
[INFO] --- maven-checkstyle-plugin:2.10:checkstyle (default) @ parent ---
[INFO] 
[INFO] --- maven-install-plugin:2.4:install (default-install) @ parent ---
[INFO] Installing /home/travis/build/square/okhttp/pom.xml to /home/travis/.m2/repository/com/squareup/okhttp/parent/2.3.0-SNAPSHOT/parent-2.3.0-SNAPSHOT.pom
[INFO]                                                                         
[INFO] ------------------------------------------------------------------------
[INFO] Building OkHttp 2.3.0-SNAPSHOT
[INFO] ------------------------------------------------------------------------
[INFO] 
[INFO] --- maven-enforcer-plugin:1.0:enforce (enforce-maven) @ okhttp ---
[INFO] 
[INFO] --- templating-maven-plugin:1.0-alpha-3:filter-sources (default) @ okhttp ---
[INFO] Using 'UTF-8' encoding to copy filtered resources.
[INFO] Copying 1 resource
[INFO] Source directory: /home/travis/build/square/okhttp/okhttp/target/generated-sources/java-templates added.
[INFO] 
[INFO] --- maven-resources-plugin:2.6:resources (default-resources) @ okhttp ---
[INFO] Using 'UTF-8' encoding to copy filtered resources.
[INFO] skip non existing resourceDirectory /home/travis/build/square/okhttp/okhttp/src/main/resources
[INFO] 
[INFO] --- maven-compiler-plugin:3.0:compile (default-compile) @ okhttp ---
[INFO] Changes detected - recompiling the module!
[INFO] Compiling 81 source files to /home/travis/build/square/okhttp/okhttp/target/classes
[WARNING] /home/travis/build/square/okhttp/okhttp/src/main/java/com/squareup/okhttp/internal/Util.java: Some input files use unchecked or unsafe operations.
[WARNING] /home/travis/build/square/okhttp/okhttp/src/main/java/com/squareup/okhttp/internal/Util.java: Recompile with -Xlint:unchecked for details.
[INFO] 
[INFO] --- maven-resources-plugin:2.6:testResources (default-testResources) @ okhttp ---
[INFO] Using 'UTF-8' encoding to copy filtered resources.
[INFO] skip non existing resourceDirectory /home/travis/build/square/okhttp/okhttp/src/test/resources
[INFO] 
[INFO] --- maven-compiler-plugin:3.0:testCompile (default-testCompile) @ okhttp ---
[INFO] No sources to compile
[INFO] 
[INFO] --- maven-surefire-plugin:2.17:test (default-test) @ okhttp ---
[INFO] Tests are skipped.
[INFO] 
[INFO] --- animal-sniffer-maven-plugin:1.11:check (default) @ okhttp ---
[INFO] Checking unresolved references to org.codehaus.mojo.signature:java16:1.1
[INFO] 
[INFO] --- maven-jar-plugin:2.4:jar (default-jar) @ okhttp ---
[INFO] Building jar: /home/travis/build/square/okhttp/okhttp/target/okhttp-2.3.0-SNAPSHOT.jar
[INFO] 
[INFO] --- maven-checkstyle-plugin:2.10:checkstyle (default) @ okhttp ---
[INFO] Starting audit...
Audit done.

[WARNING] Unable to locate Source XRef to link to - DISABLED
[INFO] 
[INFO] --- maven-install-plugin:2.4:install (default-install) @ okhttp ---
[INFO] Installing /home/travis/build/square/okhttp/okhttp/target/okhttp-2.3.0-SNAPSHOT.jar to /home/travis/.m2/repository/com/squareup/okhttp/okhttp/2.3.0-SNAPSHOT/okhttp-2.3.0-SNAPSHOT.jar
[INFO] Installing /home/travis/build/square/okhttp/okhttp/pom.xml to /home/travis/.m2/repository/com/squareup/okhttp/okhttp/2.3.0-SNAPSHOT/okhttp-2.3.0-SNAPSHOT.pom
[INFO]                                                                         
[INFO] ------------------------------------------------------------------------
[INFO] Building MockWebServer 2.3.0-SNAPSHOT
[INFO] ------------------------------------------------------------------------
[INFO] 
[INFO] --- maven-enforcer-plugin:1.0:enforce (enforce-maven) @ mockwebserver ---
[INFO] 
[INFO] --- maven-resources-plugin:2.6:resources (default-resources) @ mockwebserver ---
[INFO] Using 'UTF-8' encoding to copy filtered resources.
[INFO] skip non existing resourceDirectory /home/travis/build/square/okhttp/mockwebserver/src/main/resources
[INFO] 
[INFO] --- maven-compiler-plugin:3.0:compile (default-compile) @ mockwebserver ---
[INFO] Changes detected - recompiling the module!
[INFO] Compiling 10 source files to /home/travis/build/square/okhttp/mockwebserver/target/classes
[WARNING] /home/travis/build/square/okhttp/mockwebserver/src/main/java/com/squareup/okhttp/internal/SslContextBuilder.java: /home/travis/build/square/okhttp/mockwebserver/src/main/java/com/squareup/okhttp/internal/SslContextBuilder.java uses or overrides a deprecated API.
[WARNING] /home/travis/build/square/okhttp/mockwebserver/src/main/java/com/squareup/okhttp/internal/SslContextBuilder.java: Recompile with -Xlint:deprecation for details.
[INFO] 
[INFO] --- maven-resources-plugin:2.6:testResources (default-testResources) @ mockwebserver ---
[INFO] Using 'UTF-8' encoding to copy filtered resources.
[INFO] skip non existing resourceDirectory /home/travis/build/square/okhttp/mockwebserver/src/test/resources
[INFO] 
[INFO] --- maven-compiler-plugin:3.0:testCompile (default-testCompile) @ mockwebserver ---
[INFO] Changes detected - recompiling the module!
[INFO] Compiling 3 source files to /home/travis/build/square/okhttp/mockwebserver/target/test-classes
[INFO] 
[INFO] --- maven-surefire-plugin:2.17:test (default-test) @ mockwebserver ---
[INFO] Tests are skipped.
[INFO] 
[INFO] --- animal-sniffer-maven-plugin:1.11:check (default) @ mockwebserver ---
[INFO] Checking unresolved references to org.codehaus.mojo.signature:java16:1.1
[INFO] 
[INFO] --- maven-jar-plugin:2.4:jar (default-jar) @ mockwebserver ---
[INFO] Building jar: /home/travis/build/square/okhttp/mockwebserver/target/mockwebserver-2.3.0-SNAPSHOT.jar
[INFO] 
[INFO] --- maven-assembly-plugin:2.2-beta-5:single (default) @ mockwebserver ---
[INFO] META-INF/ already added, skipping
[INFO] META-INF/MANIFEST.MF already added, skipping
[INFO] META-INF/maven/ already added, skipping
[INFO] META-INF/MANIFEST.MF already added, skipping
[INFO] META-INF/ already added, skipping
[INFO] META-INF/MANIFEST.MF already added, skipping
[INFO] org/ already added, skipping
[INFO] META-INF/ already added, skipping
[INFO] META-INF/MANIFEST.MF already added, skipping
[INFO] org/ already added, skipping
[INFO] LICENSE.txt already added, skipping
[INFO] Building jar: /home/travis/build/square/okhttp/mockwebserver/target/mockwebserver-2.3.0-SNAPSHOT-jar-with-dependencies.jar
[INFO] META-INF/ already added, skipping
[INFO] META-INF/MANIFEST.MF already added, skipping
[INFO] META-INF/maven/ already added, skipping
[INFO] META-INF/MANIFEST.MF already added, skipping
[INFO] META-INF/ already added, skipping
[INFO] META-INF/MANIFEST.MF already added, skipping
[INFO] org/ already added, skipping
[INFO] META-INF/ already added, skipping
[INFO] META-INF/MANIFEST.MF already added, skipping
[INFO] org/ already added, skipping
[INFO] LICENSE.txt already added, skipping
[INFO] 
[INFO] --- maven-checkstyle-plugin:2.10:checkstyle (default) @ mockwebserver ---
[INFO] Starting audit...
Audit done.

[WARNING] Unable to locate Source XRef to link to - DISABLED
[INFO] 
[INFO] --- maven-install-plugin:2.4:install (default-install) @ mockwebserver ---
[INFO] Installing /home/travis/build/square/okhttp/mockwebserver/target/mockwebserver-2.3.0-SNAPSHOT.jar to /home/travis/.m2/repository/com/squareup/okhttp/mockwebserver/2.3.0-SNAPSHOT/mockwebserver-2.3.0-SNAPSHOT.jar
[INFO] Installing /home/travis/build/square/okhttp/mockwebserver/pom.xml to /home/travis/.m2/repository/com/squareup/okhttp/mockwebserver/2.3.0-SNAPSHOT/mockwebserver-2.3.0-SNAPSHOT.pom
[INFO] Installing /home/travis/build/square/okhttp/mockwebserver/target/mockwebserver-2.3.0-SNAPSHOT-jar-with-dependencies.jar to /home/travis/.m2/repository/com/squareup/okhttp/mockwebserver/2.3.0-SNAPSHOT/mockwebserver-2.3.0-SNAPSHOT-jar-with-dependencies.jar
[INFO]                                                                         
[INFO] ------------------------------------------------------------------------
[INFO] Building OkHttp Apache HttpClient 2.3.0-SNAPSHOT
[INFO] ------------------------------------------------------------------------
[INFO] 
[INFO] --- maven-enforcer-plugin:1.0:enforce (enforce-maven) @ okhttp-apache ---
[INFO] 
[INFO] --- maven-resources-plugin:2.6:resources (default-resources) @ okhttp-apache ---
[INFO] Using 'UTF-8' encoding to copy filtered resources.
[INFO] skip non existing resourceDirectory /home/travis/build/square/okhttp/okhttp-apache/src/main/resources
[INFO] 
[INFO] --- maven-compiler-plugin:3.0:compile (default-compile) @ okhttp-apache ---
[INFO] Changes detected - recompiling the module!
[INFO] Compiling 2 source files to /home/travis/build/square/okhttp/okhttp-apache/target/classes
[WARNING] /home/travis/build/square/okhttp/okhttp-apache/src/main/java/com/squareup/okhttp/apache/OkApacheClient.java: /home/travis/build/square/okhttp/okhttp-apache/src/main/java/com/squareup/okhttp/apache/OkApacheClient.java uses or overrides a deprecated API.
[WARNING] /home/travis/build/square/okhttp/okhttp-apache/src/main/java/com/squareup/okhttp/apache/OkApacheClient.java: Recompile with -Xlint:deprecation for details.
[INFO] 
[INFO] --- maven-resources-plugin:2.6:testResources (default-testResources) @ okhttp-apache ---
[INFO] Using 'UTF-8' encoding to copy filtered resources.
[INFO] skip non existing resourceDirectory /home/travis/build/square/okhttp/okhttp-apache/src/test/resources
[INFO] 
[INFO] --- maven-compiler-plugin:3.0:testCompile (default-testCompile) @ okhttp-apache ---
[INFO] Changes detected - recompiling the module!
[INFO] Compiling 1 source file to /home/travis/build/square/okhttp/okhttp-apache/target/test-classes
[INFO] 
[INFO] --- maven-surefire-plugin:2.17:test (default-test) @ okhttp-apache ---
[INFO] Tests are skipped.
[INFO] 
[INFO] --- animal-sniffer-maven-plugin:1.11:check (default) @ okhttp-apache ---
[INFO] Checking unresolved references to org.codehaus.mojo.signature:java16:1.1
[INFO] 
[INFO] --- maven-jar-plugin:2.4:jar (default-jar) @ okhttp-apache ---
[INFO] Building jar: /home/travis/build/square/okhttp/okhttp-apache/target/okhttp-apache-2.3.0-SNAPSHOT.jar
[INFO] 
[INFO] --- maven-checkstyle-plugin:2.10:checkstyle (default) @ okhttp-apache ---
[INFO] Starting audit...
Audit done.

[WARNING] Unable to locate Source XRef to link to - DISABLED
[INFO] 
[INFO] --- maven-install-plugin:2.4:install (default-install) @ okhttp-apache ---
[INFO] Installing /home/travis/build/square/okhttp/okhttp-apache/target/okhttp-apache-2.3.0-SNAPSHOT.jar to /home/travis/.m2/repository/com/squareup/okhttp/okhttp-apache/2.3.0-SNAPSHOT/okhttp-apache-2.3.0-SNAPSHOT.jar
[INFO] Installing /home/travis/build/square/okhttp/okhttp-apache/pom.xml to /home/travis/.m2/repository/com/squareup/okhttp/okhttp-apache/2.3.0-SNAPSHOT/okhttp-apache-2.3.0-SNAPSHOT.pom
[INFO]                                                                         
[INFO] ------------------------------------------------------------------------
[INFO] Building OkHttp URLConnection 2.3.0-SNAPSHOT
[INFO] ------------------------------------------------------------------------
[INFO] 
[INFO] --- maven-enforcer-plugin:1.0:enforce (enforce-maven) @ okhttp-urlconnection ---
[INFO] 
[INFO] --- maven-resources-plugin:2.6:resources (default-resources) @ okhttp-urlconnection ---
[INFO] Using 'UTF-8' encoding to copy filtered resources.
[INFO] skip non existing resourceDirectory /home/travis/build/square/okhttp/okhttp-urlconnection/src/main/resources
[INFO] 
[INFO] --- maven-compiler-plugin:3.0:compile (default-compile) @ okhttp-urlconnection ---
[INFO] Changes detected - recompiling the module!
[INFO] Compiling 4 source files to /home/travis/build/square/okhttp/okhttp-urlconnection/target/classes
[INFO] 
[INFO] --- maven-resources-plugin:2.6:testResources (default-testResources) @ okhttp-urlconnection ---
[INFO] Using 'UTF-8' encoding to copy filtered resources.
[INFO] skip non existing resourceDirectory /home/travis/build/square/okhttp/okhttp-urlconnection/src/test/resources
[INFO] 
[INFO] --- maven-compiler-plugin:3.0:testCompile (default-testCompile) @ okhttp-urlconnection ---
[INFO] Changes detected - recompiling the module!
[INFO] Compiling 3 source files to /home/travis/build/square/okhttp/okhttp-urlconnection/target/test-classes
[INFO] 
[INFO] --- maven-surefire-plugin:2.17:test (default-test) @ okhttp-urlconnection ---
[INFO] Tests are skipped.
[INFO] 
[INFO] --- animal-sniffer-maven-plugin:1.11:check (default) @ okhttp-urlconnection ---
[INFO] Checking unresolved references to org.codehaus.mojo.signature:java16:1.1
[INFO] 
[INFO] --- maven-jar-plugin:2.4:jar (default-jar) @ okhttp-urlconnection ---
[INFO] Building jar: /home/travis/build/square/okhttp/okhttp-urlconnection/target/okhttp-urlconnection-2.3.0-SNAPSHOT.jar
[INFO] 
[INFO] --- maven-checkstyle-plugin:2.10:checkstyle (default) @ okhttp-urlconnection ---
[INFO] Starting audit...
Audit done.

[WARNING] Unable to locate Source XRef to link to - DISABLED
[INFO] 
[INFO] --- maven-install-plugin:2.4:install (default-install) @ okhttp-urlconnection ---
[INFO] Installing /home/travis/build/square/okhttp/okhttp-urlconnection/target/okhttp-urlconnection-2.3.0-SNAPSHOT.jar to /home/travis/.m2/repository/com/squareup/okhttp/okhttp-urlconnection/2.3.0-SNAPSHOT/okhttp-urlconnection-2.3.0-SNAPSHOT.jar
[INFO] Installing /home/travis/build/square/okhttp/okhttp-urlconnection/pom.xml to /home/travis/.m2/repository/com/squareup/okhttp/okhttp-urlconnection/2.3.0-SNAPSHOT/okhttp-urlconnection-2.3.0-SNAPSHOT.pom
[INFO]                                                                         
[INFO] ------------------------------------------------------------------------
[INFO] Building OkHttp Tests 2.3.0-SNAPSHOT
[INFO] ------------------------------------------------------------------------
[INFO] 
[INFO] --- maven-enforcer-plugin:1.0:enforce (enforce-maven) @ okhttp-tests ---
[INFO] 
[INFO] --- maven-resources-plugin:2.6:resources (default-resources) @ okhttp-tests ---
[INFO] Using 'UTF-8' encoding to copy filtered resources.
[INFO] skip non existing resourceDirectory /home/travis/build/square/okhttp/okhttp-tests/src/main/resources
[INFO] 
[INFO] --- maven-compiler-plugin:3.0:compile (default-compile) @ okhttp-tests ---
[INFO] No sources to compile
[INFO] 
[INFO] --- maven-resources-plugin:2.6:testResources (default-testResources) @ okhttp-tests ---
[INFO] Using 'UTF-8' encoding to copy filtered resources.
[INFO] skip non existing resourceDirectory /home/travis/build/square/okhttp/okhttp-tests/src/test/resources
[INFO] 
[INFO] --- maven-compiler-plugin:3.0:testCompile (default-testCompile) @ okhttp-tests ---
[INFO] Changes detected - recompiling the module!
[INFO] Compiling 63 source files to /home/travis/build/square/okhttp/okhttp-tests/target/test-classes
[INFO] -------------------------------------------------------------
[WARNING] COMPILATION WARNING : 
[INFO] -------------------------------------------------------------
[WARNING] /home/travis/build/square/okhttp/okhttp-tests/src/test/java/com/squareup/okhttp/internal/http/HttpOverSpdyTest.java: Some input files use or override a deprecated API.
[WARNING] /home/travis/build/square/okhttp/okhttp-tests/src/test/java/com/squareup/okhttp/internal/http/HttpOverSpdyTest.java: Recompile with -Xlint:deprecation for details.
[INFO] 2 warnings 
[INFO] -------------------------------------------------------------
[INFO] -------------------------------------------------------------
[ERROR] COMPILATION ERROR : 
[INFO] -------------------------------------------------------------
[ERROR] /home/travis/build/square/okhttp/okhttp-tests/src/test/java/com/squareup/okhttp/ConnectionSpecTest.java:[174,9] no suitable method found for cipherSuites(java.lang.String)
    method com.squareup.okhttp.ConnectionSpec.Builder.cipherSuites(com.squareup.okhttp.CipherSuite...) is not applicable
      (varargs mismatch; java.lang.String cannot be converted to com.squareup.okhttp.CipherSuite)
    method com.squareup.okhttp.ConnectionSpec.Builder.cipherSuites(java.lang.String[]) is not applicable
      (argument mismatch; java.lang.String cannot be converted to java.lang.String[])
[INFO] 1 error
[INFO] -------------------------------------------------------------
[INFO] ------------------------------------------------------------------------
[INFO] Reactor Summary:
[INFO] 
[INFO] OkHttp (Parent) .................................... SUCCESS [  3.061 s]
[INFO] OkHttp ............................................. SUCCESS [ 16.248 s]
[INFO] MockWebServer ...................................... SUCCESS [  9.003 s]
[INFO] OkHttp Apache HttpClient ........................... SUCCESS [  2.195 s]
[INFO] OkHttp URLConnection ............................... SUCCESS [  2.655 s]
[INFO] OkHttp Tests ....................................... FAILURE [  3.439 s]
[INFO] OkHttp Android Platform Support .................... SKIPPED
[INFO] OkCurl ............................................. SKIPPED
[INFO] Samples (Parent) ................................... SKIPPED
[INFO] Sample: Guide ...................................... SKIPPED
[INFO] Sample: Crawler .................................... SKIPPED
[INFO] Sample: Simple Client .............................. SKIPPED
[INFO] Sample: Static Server .............................. SKIPPED
[INFO] Benchmarks ......................................... SKIPPED
[INFO] ------------------------------------------------------------------------
[INFO] BUILD FAILURE
[INFO] ------------------------------------------------------------------------
[INFO] Total time: 37.086 s
[INFO] Finished at: 2015-02-05T23:45:02+00:00
[INFO] Final Memory: 34M/316M
[INFO] ------------------------------------------------------------------------
[ERROR] Failed to execute goal org.apache.maven.plugins:maven-compiler-plugin:3.0:testCompile (default-testCompile) on project okhttp-tests: Compilation failure
[ERROR] /home/travis/build/square/okhttp/okhttp-tests/src/test/java/com/squareup/okhttp/ConnectionSpecTest.java:[174,9] no suitable method found for cipherSuites(java.lang.String)
[ERROR] method com.squareup.okhttp.ConnectionSpec.Builder.cipherSuites(com.squareup.okhttp.CipherSuite...) is not applicable
[ERROR] (varargs mismatch; java.lang.String cannot be converted to com.squareup.okhttp.CipherSuite)
[ERROR] method com.squareup.okhttp.ConnectionSpec.Builder.cipherSuites(java.lang.String[]) is not applicable
[ERROR] (argument mismatch; java.lang.String cannot be converted to java.lang.String[])
[ERROR] -> [Help 1]
[ERROR] 
[ERROR] To see the full stack trace of the errors, re-run Maven with the -e switch.
[ERROR] Re-run Maven using the -X switch to enable full debug logging.
[ERROR] 
[ERROR] For more information about the errors and possible solutions, please read the following articles:
[ERROR] [Help 1] http://cwiki.apache.org/confluence/display/MAVEN/MojoFailureException
[ERROR] 
[ERROR] After correcting the problems, you can resume the build with the command
[ERROR]   mvn <goals> -rf :okhttp-tests

[31;1mThe command "eval mvn install -DskipTests=true -Dmaven.javadoc.skip=true -B -V" failed. Retrying, 3 of 3.[0m

Java HotSpot(TM) 64-Bit Server VM warning: ignoring option MaxPermSize=192m; support was removed in 8.0
Apache Maven 3.2.3 (33f8c3e1027c3ddde99d3cdebad2656a31e8fdf4; 2014-08-11T20:58:10+00:00)
Maven home: /usr/local/maven
Java version: 1.8.0_25, vendor: Oracle Corporation
Java home: /usr/lib/jvm/java-8-oracle/jre
Default locale: en_US, platform encoding: UTF-8
OS name: "linux", version: "3.13.0-40-generic", arch: "amd64", family: "unix"
[INFO] Scanning for projects...
[WARNING] 
[WARNING] Some problems were encountered while building the effective model for com.squareup.okhttp:okhttp-tests:jar:2.3.0-SNAPSHOT
[WARNING] 'build.plugins.plugin.version' for org.apache.maven.plugins:maven-deploy-plugin is missing. @ com.squareup.okhttp:okhttp-tests:[unknown-version], /home/travis/build/square/okhttp/okhttp-tests/pom.xml, line 47, column 15
[WARNING] 
[WARNING] Some problems were encountered while building the effective model for com.squareup.okhttp:benchmarks:jar:2.3.0-SNAPSHOT
[WARNING] 'build.plugins.plugin.version' for org.codehaus.mojo:exec-maven-plugin is missing. @ com.squareup.okhttp:benchmarks:[unknown-version], /home/travis/build/square/okhttp/benchmarks/pom.xml, line 74, column 15
[WARNING] 
[WARNING] It is highly recommended to fix these problems because they threaten the stability of your build.
[WARNING] 
[WARNING] For this reason, future Maven versions might no longer support building such malformed projects.
[WARNING] 
[INFO] ------------------------------------------------------------------------
[INFO] Reactor Build Order:
[INFO] 
[INFO] OkHttp (Parent)
[INFO] OkHttp
[INFO] MockWebServer
[INFO] OkHttp Apache HttpClient
[INFO] OkHttp URLConnection
[INFO] OkHttp Tests
[INFO] OkHttp Android Platform Support
[INFO] OkCurl
[INFO] Samples (Parent)
[INFO] Sample: Guide
[INFO] Sample: Crawler
[INFO] Sample: Simple Client
[INFO] Sample: Static Server
[INFO] Benchmarks
[INFO]                                                                         
[INFO] ------------------------------------------------------------------------
[INFO] Building OkHttp (Parent) 2.3.0-SNAPSHOT
[INFO] ------------------------------------------------------------------------
[INFO] 
[INFO] --- maven-enforcer-plugin:1.0:enforce (enforce-maven) @ parent ---
[INFO] 
[INFO] --- animal-sniffer-maven-plugin:1.11:check (default) @ parent ---
[INFO] Checking unresolved references to org.codehaus.mojo.signature:java16:1.1
[INFO] 
[INFO] --- maven-checkstyle-plugin:2.10:checkstyle (default) @ parent ---
[INFO] 
[INFO] --- maven-install-plugin:2.4:install (default-install) @ parent ---
[INFO] Installing /home/travis/build/square/okhttp/pom.xml to /home/travis/.m2/repository/com/squareup/okhttp/parent/2.3.0-SNAPSHOT/parent-2.3.0-SNAPSHOT.pom
[INFO]                                                                         
[INFO] ------------------------------------------------------------------------
[INFO] Building OkHttp 2.3.0-SNAPSHOT
[INFO] ------------------------------------------------------------------------
[INFO] 
[INFO] --- maven-enforcer-plugin:1.0:enforce (enforce-maven) @ okhttp ---
[INFO] 
[INFO] --- templating-maven-plugin:1.0-alpha-3:filter-sources (default) @ okhttp ---
[INFO] Using 'UTF-8' encoding to copy filtered resources.
[INFO] Copying 1 resource
[INFO] Source directory: /home/travis/build/square/okhttp/okhttp/target/generated-sources/java-templates added.
[INFO] 
[INFO] --- maven-resources-plugin:2.6:resources (default-resources) @ okhttp ---
[INFO] Using 'UTF-8' encoding to copy filtered resources.
[INFO] skip non existing resourceDirectory /home/travis/build/square/okhttp/okhttp/src/main/resources
[INFO] 
[INFO] --- maven-compiler-plugin:3.0:compile (default-compile) @ okhttp ---
[INFO] Changes detected - recompiling the module!
[INFO] Compiling 81 source files to /home/travis/build/square/okhttp/okhttp/target/classes
[WARNING] /home/travis/build/square/okhttp/okhttp/src/main/java/com/squareup/okhttp/internal/Util.java: Some input files use unchecked or unsafe operations.
[WARNING] /home/travis/build/square/okhttp/okhttp/src/main/java/com/squareup/okhttp/internal/Util.java: Recompile with -Xlint:unchecked for details.
[INFO] 
[INFO] --- maven-resources-plugin:2.6:testResources (default-testResources) @ okhttp ---
[INFO] Using 'UTF-8' encoding to copy filtered resources.
[INFO] skip non existing resourceDirectory /home/travis/build/square/okhttp/okhttp/src/test/resources
[INFO] 
[INFO] --- maven-compiler-plugin:3.0:testCompile (default-testCompile) @ okhttp ---
[INFO] No sources to compile
[INFO] 
[INFO] --- maven-surefire-plugin:2.17:test (default-test) @ okhttp ---
[INFO] Tests are skipped.
[INFO] 
[INFO] --- animal-sniffer-maven-plugin:1.11:check (default) @ okhttp ---
[INFO] Checking unresolved references to org.codehaus.mojo.signature:java16:1.1
[INFO] 
[INFO] --- maven-jar-plugin:2.4:jar (default-jar) @ okhttp ---
[INFO] Building jar: /home/travis/build/square/okhttp/okhttp/target/okhttp-2.3.0-SNAPSHOT.jar
[INFO] 
[INFO] --- maven-checkstyle-plugin:2.10:checkstyle (default) @ okhttp ---
[INFO] Starting audit...
Audit done.

[WARNING] Unable to locate Source XRef to link to - DISABLED
[INFO] 
[INFO] --- maven-install-plugin:2.4:install (default-install) @ okhttp ---
[INFO] Installing /home/travis/build/square/okhttp/okhttp/target/okhttp-2.3.0-SNAPSHOT.jar to /home/travis/.m2/repository/com/squareup/okhttp/okhttp/2.3.0-SNAPSHOT/okhttp-2.3.0-SNAPSHOT.jar
[INFO] Installing /home/travis/build/square/okhttp/okhttp/pom.xml to /home/travis/.m2/repository/com/squareup/okhttp/okhttp/2.3.0-SNAPSHOT/okhttp-2.3.0-SNAPSHOT.pom
[INFO]                                                                         
[INFO] ------------------------------------------------------------------------
[INFO] Building MockWebServer 2.3.0-SNAPSHOT
[INFO] ------------------------------------------------------------------------
[INFO] 
[INFO] --- maven-enforcer-plugin:1.0:enforce (enforce-maven) @ mockwebserver ---
[INFO] 
[INFO] --- maven-resources-plugin:2.6:resources (default-resources) @ mockwebserver ---
[INFO] Using 'UTF-8' encoding to copy filtered resources.
[INFO] skip non existing resourceDirectory /home/travis/build/square/okhttp/mockwebserver/src/main/resources
[INFO] 
[INFO] --- maven-compiler-plugin:3.0:compile (default-compile) @ mockwebserver ---
[INFO] Nothing to compile - all classes are up to date
[INFO] 
[INFO] --- maven-resources-plugin:2.6:testResources (default-testResources) @ mockwebserver ---
[INFO] Using 'UTF-8' encoding to copy filtered resources.
[INFO] skip non existing resourceDirectory /home/travis/build/square/okhttp/mockwebserver/src/test/resources
[INFO] 
[INFO] --- maven-compiler-plugin:3.0:testCompile (default-testCompile) @ mockwebserver ---
[INFO] Changes detected - recompiling the module!
[INFO] Compiling 3 source files to /home/travis/build/square/okhttp/mockwebserver/target/test-classes
[INFO] 
[INFO] --- maven-surefire-plugin:2.17:test (default-test) @ mockwebserver ---
[INFO] Tests are skipped.
[INFO] 
[INFO] --- animal-sniffer-maven-plugin:1.11:check (default) @ mockwebserver ---
[INFO] Checking unresolved references to org.codehaus.mojo.signature:java16:1.1
[INFO] 
[INFO] --- maven-jar-plugin:2.4:jar (default-jar) @ mockwebserver ---
[INFO] 
[INFO] --- maven-assembly-plugin:2.2-beta-5:single (default) @ mockwebserver ---
[INFO] META-INF/ already added, skipping
[INFO] META-INF/MANIFEST.MF already added, skipping
[INFO] META-INF/maven/ already added, skipping
[INFO] META-INF/MANIFEST.MF already added, skipping
[INFO] META-INF/ already added, skipping
[INFO] META-INF/MANIFEST.MF already added, skipping
[INFO] org/ already added, skipping
[INFO] META-INF/ already added, skipping
[INFO] META-INF/MANIFEST.MF already added, skipping
[INFO] org/ already added, skipping
[INFO] LICENSE.txt already added, skipping
[INFO] Building jar: /home/travis/build/square/okhttp/mockwebserver/target/mockwebserver-2.3.0-SNAPSHOT-jar-with-dependencies.jar
[INFO] META-INF/ already added, skipping
[INFO] META-INF/MANIFEST.MF already added, skipping
[INFO] META-INF/maven/ already added, skipping
[INFO] META-INF/MANIFEST.MF already added, skipping
[INFO] META-INF/ already added, skipping
[INFO] META-INF/MANIFEST.MF already added, skipping
[INFO] org/ already added, skipping
[INFO] META-INF/ already added, skipping
[INFO] META-INF/MANIFEST.MF already added, skipping
[INFO] org/ already added, skipping
[INFO] LICENSE.txt already added, skipping
[INFO] 
[INFO] --- maven-checkstyle-plugin:2.10:checkstyle (default) @ mockwebserver ---
[INFO] Starting audit...
Audit done.

[WARNING] Unable to locate Source XRef to link to - DISABLED
[INFO] 
[INFO] --- maven-install-plugin:2.4:install (default-install) @ mockwebserver ---
[INFO] Installing /home/travis/build/square/okhttp/mockwebserver/target/mockwebserver-2.3.0-SNAPSHOT.jar to /home/travis/.m2/repository/com/squareup/okhttp/mockwebserver/2.3.0-SNAPSHOT/mockwebserver-2.3.0-SNAPSHOT.jar
[INFO] Installing /home/travis/build/square/okhttp/mockwebserver/pom.xml to /home/travis/.m2/repository/com/squareup/okhttp/mockwebserver/2.3.0-SNAPSHOT/mockwebserver-2.3.0-SNAPSHOT.pom
[INFO] Installing /home/travis/build/square/okhttp/mockwebserver/target/mockwebserver-2.3.0-SNAPSHOT-jar-with-dependencies.jar to /home/travis/.m2/repository/com/squareup/okhttp/mockwebserver/2.3.0-SNAPSHOT/mockwebserver-2.3.0-SNAPSHOT-jar-with-dependencies.jar
[INFO]                                                                         
[INFO] ------------------------------------------------------------------------
[INFO] Building OkHttp Apache HttpClient 2.3.0-SNAPSHOT
[INFO] ------------------------------------------------------------------------
[INFO] 
[INFO] --- maven-enforcer-plugin:1.0:enforce (enforce-maven) @ okhttp-apache ---
[INFO] 
[INFO] --- maven-resources-plugin:2.6:resources (default-resources) @ okhttp-apache ---
[INFO] Using 'UTF-8' encoding to copy filtered resources.
[INFO] skip non existing resourceDirectory /home/travis/build/square/okhttp/okhttp-apache/src/main/resources
[INFO] 
[INFO] --- maven-compiler-plugin:3.0:compile (default-compile) @ okhttp-apache ---
[INFO] Nothing to compile - all classes are up to date
[INFO] 
[INFO] --- maven-resources-plugin:2.6:testResources (default-testResources) @ okhttp-apache ---
[INFO] Using 'UTF-8' encoding to copy filtered resources.
[INFO] skip non existing resourceDirectory /home/travis/build/square/okhttp/okhttp-apache/src/test/resources
[INFO] 
[INFO] --- maven-compiler-plugin:3.0:testCompile (default-testCompile) @ okhttp-apache ---
[INFO] Changes detected - recompiling the module!
[INFO] Compiling 1 source file to /home/travis/build/square/okhttp/okhttp-apache/target/test-classes
[INFO] 
[INFO] --- maven-surefire-plugin:2.17:test (default-test) @ okhttp-apache ---
[INFO] Tests are skipped.
[INFO] 
[INFO] --- animal-sniffer-maven-plugin:1.11:check (default) @ okhttp-apache ---
[INFO] Checking unresolved references to org.codehaus.mojo.signature:java16:1.1
[INFO] 
[INFO] --- maven-jar-plugin:2.4:jar (default-jar) @ okhttp-apache ---
[INFO] 
[INFO] --- maven-checkstyle-plugin:2.10:checkstyle (default) @ okhttp-apache ---
[INFO] Starting audit...
Audit done.

[WARNING] Unable to locate Source XRef to link to - DISABLED
[INFO] 
[INFO] --- maven-install-plugin:2.4:install (default-install) @ okhttp-apache ---
[INFO] Installing /home/travis/build/square/okhttp/okhttp-apache/target/okhttp-apache-2.3.0-SNAPSHOT.jar to /home/travis/.m2/repository/com/squareup/okhttp/okhttp-apache/2.3.0-SNAPSHOT/okhttp-apache-2.3.0-SNAPSHOT.jar
[INFO] Installing /home/travis/build/square/okhttp/okhttp-apache/pom.xml to /home/travis/.m2/repository/com/squareup/okhttp/okhttp-apache/2.3.0-SNAPSHOT/okhttp-apache-2.3.0-SNAPSHOT.pom
[INFO]                                                                         
[INFO] ------------------------------------------------------------------------
[INFO] Building OkHttp URLConnection 2.3.0-SNAPSHOT
[INFO] ------------------------------------------------------------------------
[INFO] 
[INFO] --- maven-enforcer-plugin:1.0:enforce (enforce-maven) @ okhttp-urlconnection ---
[INFO] 
[INFO] --- maven-resources-plugin:2.6:resources (default-resources) @ okhttp-urlconnection ---
[INFO] Using 'UTF-8' encoding to copy filtered resources.
[INFO] skip non existing resourceDirectory /home/travis/build/square/okhttp/okhttp-urlconnection/src/main/resources
[INFO] 
[INFO] --- maven-compiler-plugin:3.0:compile (default-compile) @ okhttp-urlconnection ---
[INFO] Nothing to compile - all classes are up to date
[INFO] 
[INFO] --- maven-resources-plugin:2.6:testResources (default-testResources) @ okhttp-urlconnection ---
[INFO] Using 'UTF-8' encoding to copy filtered resources.
[INFO] skip non existing resourceDirectory /home/travis/build/square/okhttp/okhttp-urlconnection/src/test/resources
[INFO] 
[INFO] --- maven-compiler-plugin:3.0:testCompile (default-testCompile) @ okhttp-urlconnection ---
[INFO] Changes detected - recompiling the module!
[INFO] Compiling 3 source files to /home/travis/build/square/okhttp/okhttp-urlconnection/target/test-classes
[INFO] 
[INFO] --- maven-surefire-plugin:2.17:test (default-test) @ okhttp-urlconnection ---
[INFO] Tests are skipped.
[INFO] 
[INFO] --- animal-sniffer-maven-plugin:1.11:check (default) @ okhttp-urlconnection ---
[INFO] Checking unresolved references to org.codehaus.mojo.signature:java16:1.1
[INFO] 
[INFO] --- maven-jar-plugin:2.4:jar (default-jar) @ okhttp-urlconnection ---
[INFO] 
[INFO] --- maven-checkstyle-plugin:2.10:checkstyle (default) @ okhttp-urlconnection ---
[INFO] Starting audit...
Audit done.

[WARNING] Unable to locate Source XRef to link to - DISABLED
[INFO] 
[INFO] --- maven-install-plugin:2.4:install (default-install) @ okhttp-urlconnection ---
[INFO] Installing /home/travis/build/square/okhttp/okhttp-urlconnection/target/okhttp-urlconnection-2.3.0-SNAPSHOT.jar to /home/travis/.m2/repository/com/squareup/okhttp/okhttp-urlconnection/2.3.0-SNAPSHOT/okhttp-urlconnection-2.3.0-SNAPSHOT.jar
[INFO] Installing /home/travis/build/square/okhttp/okhttp-urlconnection/pom.xml to /home/travis/.m2/repository/com/squareup/okhttp/okhttp-urlconnection/2.3.0-SNAPSHOT/okhttp-urlconnection-2.3.0-SNAPSHOT.pom
[INFO]                                                                         
[INFO] ------------------------------------------------------------------------
[INFO] Building OkHttp Tests 2.3.0-SNAPSHOT
[INFO] ------------------------------------------------------------------------
[INFO] 
[INFO] --- maven-enforcer-plugin:1.0:enforce (enforce-maven) @ okhttp-tests ---
[INFO] 
[INFO] --- maven-resources-plugin:2.6:resources (default-resources) @ okhttp-tests ---
[INFO] Using 'UTF-8' encoding to copy filtered resources.
[INFO] skip non existing resourceDirectory /home/travis/build/square/okhttp/okhttp-tests/src/main/resources
[INFO] 
[INFO] --- maven-compiler-plugin:3.0:compile (default-compile) @ okhttp-tests ---
[INFO] No sources to compile
[INFO] 
[INFO] --- maven-resources-plugin:2.6:testResources (default-testResources) @ okhttp-tests ---
[INFO] Using 'UTF-8' encoding to copy filtered resources.
[INFO] skip non existing resourceDirectory /home/travis/build/square/okhttp/okhttp-tests/src/test/resources
[INFO] 
[INFO] --- maven-compiler-plugin:3.0:testCompile (default-testCompile) @ okhttp-tests ---
[INFO] Changes detected - recompiling the module!
[INFO] Compiling 63 source files to /home/travis/build/square/okhttp/okhttp-tests/target/test-classes
[INFO] -------------------------------------------------------------
[WARNING] COMPILATION WARNING : 
[INFO] -------------------------------------------------------------
[WARNING] /home/travis/build/square/okhttp/okhttp-tests/src/test/java/com/squareup/okhttp/internal/http/HttpOverSpdyTest.java: Some input files use or override a deprecated API.
[WARNING] /home/travis/build/square/okhttp/okhttp-tests/src/test/java/com/squareup/okhttp/internal/http/HttpOverSpdyTest.java: Recompile with -Xlint:deprecation for details.
[INFO] 2 warnings 
[INFO] -------------------------------------------------------------
[INFO] -------------------------------------------------------------
[ERROR] COMPILATION ERROR : 
[INFO] -------------------------------------------------------------
[ERROR] /home/travis/build/square/okhttp/okhttp-tests/src/test/java/com/squareup/okhttp/ConnectionSpecTest.java:[174,9] no suitable method found for cipherSuites(java.lang.String)
    method com.squareup.okhttp.ConnectionSpec.Builder.cipherSuites(com.squareup.okhttp.CipherSuite...) is not applicable
      (varargs mismatch; java.lang.String cannot be converted to com.squareup.okhttp.CipherSuite)
    method com.squareup.okhttp.ConnectionSpec.Builder.cipherSuites(java.lang.String[]) is not applicable
      (argument mismatch; java.lang.String cannot be converted to java.lang.String[])
[INFO] 1 error
[INFO] -------------------------------------------------------------
[INFO] ------------------------------------------------------------------------
[INFO] Reactor Summary:
[INFO] 
[INFO] OkHttp (Parent) .................................... SUCCESS [  3.417 s]
[INFO] OkHttp ............................................. SUCCESS [ 16.924 s]
[INFO] MockWebServer ...................................... SUCCESS [  7.042 s]
[INFO] OkHttp Apache HttpClient ........................... SUCCESS [  1.847 s]
[INFO] OkHttp URLConnection ............................... SUCCESS [  2.597 s]
[INFO] OkHttp Tests ....................................... FAILURE [  3.674 s]
[INFO] OkHttp Android Platform Support .................... SKIPPED
[INFO] OkCurl ............................................. SKIPPED
[INFO] Samples (Parent) ................................... SKIPPED
[INFO] Sample: Guide ...................................... SKIPPED
[INFO] Sample: Crawler .................................... SKIPPED
[INFO] Sample: Simple Client .............................. SKIPPED
[INFO] Sample: Static Server .............................. SKIPPED
[INFO] Benchmarks ......................................... SKIPPED
[INFO] ------------------------------------------------------------------------
[INFO] BUILD FAILURE
[INFO] ------------------------------------------------------------------------
[INFO] Total time: 35.898 s
[INFO] Finished at: 2015-02-05T23:45:42+00:00
[INFO] Final Memory: 31M/320M
[INFO] ------------------------------------------------------------------------
[ERROR] Failed to execute goal org.apache.maven.plugins:maven-compiler-plugin:3.0:testCompile (default-testCompile) on project okhttp-tests: Compilation failure
[ERROR] /home/travis/build/square/okhttp/okhttp-tests/src/test/java/com/squareup/okhttp/ConnectionSpecTest.java:[174,9] no suitable method found for cipherSuites(java.lang.String)
[ERROR] method com.squareup.okhttp.ConnectionSpec.Builder.cipherSuites(com.squareup.okhttp.CipherSuite...) is not applicable
[ERROR] (varargs mismatch; java.lang.String cannot be converted to com.squareup.okhttp.CipherSuite)
[ERROR] method com.squareup.okhttp.ConnectionSpec.Builder.cipherSuites(java.lang.String[]) is not applicable
[ERROR] (argument mismatch; java.lang.String cannot be converted to java.lang.String[])
[ERROR] -> [Help 1]
[ERROR] 
[ERROR] To see the full stack trace of the errors, re-run Maven with the -e switch.
[ERROR] Re-run Maven using the -X switch to enable full debug logging.
[ERROR] 
[ERROR] For more information about the errors and possible solutions, please read the following articles:
[ERROR] [Help 1] http://cwiki.apache.org/confluence/display/MAVEN/MojoFailureException
[ERROR] 
[ERROR] After correcting the problems, you can resume the build with the command
[ERROR]   mvn <goals> -rf :okhttp-tests

[31;1mThe command "eval mvn install -DskipTests=true -Dmaven.javadoc.skip=true -B -V" failed 3 times.[0m

travis_time:end:128008ba:start=1423179803110208948,finish=1423179943879072840,duration=140768863892[0K
[31;1mThe command "mvn install -DskipTests=true -Dmaven.javadoc.skip=true -B -V" failed and exited with 1 during .[0m

Your build has been stopped.
