Using worker: worker-linux-docker-c1e27b28.prod.travis-ci.org:travis-linux-2

travis_fold:start:system_info[0K[33;1mBuild system information[0m
Build language: java
[34m[1mBuild image provisioning date and time[0m
Thu Feb  5 15:09:33 UTC 2015
[34m[1mOperating System Details[0m
Distributor ID:	Ubuntu
Description:	Ubuntu 12.04.5 LTS
Release:	12.04
Codename:	precise
[34m[1mLinux Version[0m
3.13.0-29-generic
[34m[1mCookbooks Version[0m
a68419e https://github.com/travis-ci/travis-cookbooks/tree/a68419e
[34m[1mGCC version[0m
gcc (Ubuntu/Linaro 4.6.3-1ubuntu5) 4.6.3
Copyright (C) 2011 Free Software Foundation, Inc.
This is free software; see the source for copying conditions.  There is NO
warranty; not even for MERCHANTABILITY or FITNESS FOR A PARTICULAR PURPOSE.

[34m[1mLLVM version[0m
clang version 3.4 (tags/RELEASE_34/final)
Target: x86_64-unknown-linux-gnu
Thread model: posix
[34m[1mPre-installed Ruby versions[0m
ruby-1.9.3-p551
[34m[1mPre-installed Node.js versions[0m
v0.10.36
[34m[1mPre-installed Go versions[0m
1.4.1
[34m[1mRedis version[0m
redis-server 2.8.19
[34m[1mriak version[0m
2.0.2
[34m[1mMongoDB version[0m
MongoDB 2.4.12
[34m[1mCouchDB version[0m
couchdb 1.6.1
[34m[1mNeo4j version[0m
1.9.4
[34m[1mRabbitMQ Version[0m
3.4.3
[34m[1mElasticSearch version[0m
1.4.0
[34m[1mInstalled Sphinx versions[0m
2.0.10
2.1.9
2.2.6
[34m[1mDefault Sphinx version[0m
2.2.6
[34m[1mInstalled Firefox version[0m
firefox 31.0esr
[34m[1mPhantomJS version[0m
1.9.8
[34m[1mant -version[0m
Apache Ant(TM) version 1.8.2 compiled on December 3 2011
[34m[1mmvn -version[0m
Apache Maven 3.2.5 (12a6b3acb947671f09b81f49094c53f426d8cea1; 2014-12-14T17:29:23+00:00)
Maven home: /usr/local/maven
Java version: 1.7.0_76, vendor: Oracle Corporation
Java home: /usr/lib/jvm/java-7-oracle/jre
Default locale: en_US, platform encoding: ANSI_X3.4-1968
OS name: "linux", version: "3.13.0-29-generic", arch: "amd64", family: "unix"
travis_fold:end:system_info[0K
travis_fold:start:git.checkout[0Ktravis_time:start:092285a3[0K$ git clone --depth=50 git://github.com/checkstyle/checkstyle.git checkstyle/checkstyle
Cloning into 'checkstyle/checkstyle'...
remote: Counting objects: 2727, done.[K
remote: Compressing objects:   0% (1/1661)   [Kremote: Compressing objects:   1% (17/1661)   [Kremote: Compressing objects:   2% (34/1661)   [Kremote: Compressing objects:   3% (50/1661)   [Kremote: Compressing objects:   4% (67/1661)   [Kremote: Compressing objects:   5% (84/1661)   [Kremote: Compressing objects:   6% (100/1661)   [Kremote: Compressing objects:   7% (117/1661)   [Kremote: Compressing objects:   8% (133/1661)   [Kremote: Compressing objects:   9% (150/1661)   [Kremote: Compressing objects:  10% (167/1661)   [Kremote: Compressing objects:  11% (183/1661)   [Kremote: Compressing objects:  12% (200/1661)   [Kremote: Compressing objects:  13% (216/1661)   [Kremote: Compressing objects:  14% (233/1661)   [Kremote: Compressing objects:  15% (250/1661)   [Kremote: Compressing objects:  16% (266/1661)   [Kremote: Compressing objects:  17% (283/1661)   [Kremote: Compressing objects:  18% (299/1661)   [Kremote: Compressing objects:  19% (316/1661)   [Kremote: Compressing objects:  20% (333/1661)   [Kremote: Compressing objects:  21% (349/1661)   [Kremote: Compressing objects:  22% (366/1661)   [Kremote: Compressing objects:  23% (383/1661)   [Kremote: Compressing objects:  24% (399/1661)   [Kremote: Compressing objects:  25% (416/1661)   [Kremote: Compressing objects:  26% (432/1661)   [Kremote: Compressing objects:  27% (449/1661)   [Kremote: Compressing objects:  28% (466/1661)   [Kremote: Compressing objects:  29% (482/1661)   [Kremote: Compressing objects:  30% (499/1661)   [Kremote: Compressing objects:  31% (515/1661)   [Kremote: Compressing objects:  32% (532/1661)   [Kremote: Compressing objects:  33% (549/1661)   [Kremote: Compressing objects:  34% (565/1661)   [Kremote: Compressing objects:  35% (582/1661)   [Kremote: Compressing objects:  36% (598/1661)   [Kremote: Compressing objects:  37% (615/1661)   [Kremote: Compressing objects:  38% (632/1661)   [Kremote: Compressing objects:  39% (648/1661)   [Kremote: Compressing objects:  40% (665/1661)   [Kremote: Compressing objects:  41% (682/1661)   [Kremote: Compressing objects:  42% (698/1661)   [Kremote: Compressing objects:  43% (715/1661)   [Kremote: Compressing objects:  44% (731/1661)   [Kremote: Compressing objects:  45% (748/1661)   [Kremote: Compressing objects:  46% (765/1661)   [Kremote: Compressing objects:  47% (781/1661)   [Kremote: Compressing objects:  48% (798/1661)   [Kremote: Compressing objects:  49% (814/1661)   [Kremote: Compressing objects:  50% (831/1661)   [Kremote: Compressing objects:  51% (848/1661)   [Kremote: Compressing objects:  52% (864/1661)   [Kremote: Compressing objects:  53% (881/1661)   [Kremote: Compressing objects:  54% (897/1661)   [Kremote: Compressing objects:  55% (914/1661)   [Kremote: Compressing objects:  56% (931/1661)   [Kremote: Compressing objects:  57% (947/1661)   [Kremote: Compressing objects:  58% (964/1661)   [Kremote: Compressing objects:  59% (980/1661)   [Kremote: Compressing objects:  60% (997/1661)   [Kremote: Compressing objects:  61% (1014/1661)   [Kremote: Compressing objects:  62% (1030/1661)   [Kremote: Compressing objects:  63% (1047/1661)   [Kremote: Compressing objects:  64% (1064/1661)   [Kremote: Compressing objects:  65% (1080/1661)   [Kremote: Compressing objects:  66% (1097/1661)   [Kremote: Compressing objects:  67% (1113/1661)   [Kremote: Compressing objects:  68% (1130/1661)   [Kremote: Compressing objects:  69% (1147/1661)   [Kremote: Compressing objects:  70% (1163/1661)   [Kremote: Compressing objects:  71% (1180/1661)   [Kremote: Compressing objects:  72% (1196/1661)   [Kremote: Compressing objects:  73% (1213/1661)   [Kremote: Compressing objects:  74% (1230/1661)   [Kremote: Compressing objects:  75% (1246/1661)   [Kremote: Compressing objects:  76% (1263/1661)   [Kremote: Compressing objects:  77% (1279/1661)   [Kremote: Compressing objects:  78% (1296/1661)   [Kremote: Compressing objects:  79% (1313/1661)   [Kremote: Compressing objects:  80% (1329/1661)   [Kremote: Compressing objects:  81% (1346/1661)   [Kremote: Compressing objects:  82% (1363/1661)   [Kremote: Compressing objects:  83% (1379/1661)   [Kremote: Compressing objects:  84% (1396/1661)   [Kremote: Compressing objects:  85% (1412/1661)   [Kremote: Compressing objects:  86% (1429/1661)   [Kremote: Compressing objects:  87% (1446/1661)   [Kremote: Compressing objects:  88% (1462/1661)   [Kremote: Compressing objects:  89% (1479/1661)   [Kremote: Compressing objects:  90% (1495/1661)   [Kremote: Compressing objects:  91% (1512/1661)   [Kremote: Compressing objects:  92% (1529/1661)   [Kremote: Compressing objects:  93% (1545/1661)   [Kremote: Compressing objects:  94% (1562/1661)   [Kremote: Compressing objects:  95% (1578/1661)   [Kremote: Compressing objects:  96% (1595/1661)   [Kremote: Compressing objects:  97% (1612/1661)   [Kremote: Compressing objects:  98% (1628/1661)   [Kremote: Compressing objects:  99% (1645/1661)   [Kremote: Compressing objects: 100% (1661/1661)   [Kremote: Compressing objects: 100% (1661/1661), done.[K
Receiving objects:   0% (1/2727)   Receiving objects:   1% (28/2727)   Receiving objects:   2% (55/2727)   Receiving objects:   3% (82/2727)   Receiving objects:   4% (110/2727)   Receiving objects:   5% (137/2727)   Receiving objects:   6% (164/2727)   Receiving objects:   7% (191/2727)   Receiving objects:   8% (219/2727)   Receiving objects:   9% (246/2727)   Receiving objects:  10% (273/2727)   Receiving objects:  11% (300/2727)   Receiving objects:  12% (328/2727)   Receiving objects:  13% (355/2727)   Receiving objects:  14% (382/2727)   Receiving objects:  15% (410/2727)   Receiving objects:  16% (437/2727)   Receiving objects:  17% (464/2727)   Receiving objects:  18% (491/2727)   Receiving objects:  19% (519/2727)   Receiving objects:  20% (546/2727)   Receiving objects:  21% (573/2727)   Receiving objects:  22% (600/2727)   Receiving objects:  23% (628/2727)   Receiving objects:  24% (655/2727)   Receiving objects:  25% (682/2727)   Receiving objects:  26% (710/2727)   Receiving objects:  27% (737/2727)   Receiving objects:  28% (764/2727)   Receiving objects:  29% (791/2727)   Receiving objects:  30% (819/2727)   Receiving objects:  31% (846/2727)   Receiving objects:  32% (873/2727)   Receiving objects:  33% (900/2727)   Receiving objects:  34% (928/2727)   Receiving objects:  35% (955/2727)   Receiving objects:  36% (982/2727)   Receiving objects:  37% (1009/2727)   Receiving objects:  38% (1037/2727)   Receiving objects:  39% (1064/2727)   Receiving objects:  40% (1091/2727)   Receiving objects:  41% (1119/2727)   Receiving objects:  42% (1146/2727)   Receiving objects:  43% (1173/2727)   Receiving objects:  44% (1200/2727)   Receiving objects:  45% (1228/2727)   Receiving objects:  46% (1255/2727)   Receiving objects:  47% (1282/2727)   Receiving objects:  48% (1309/2727)   Receiving objects:  49% (1337/2727)   Receiving objects:  50% (1364/2727)   Receiving objects:  51% (1391/2727)   Receiving objects:  52% (1419/2727)   Receiving objects:  53% (1446/2727)   Receiving objects:  54% (1473/2727)   Receiving objects:  55% (1500/2727)   Receiving objects:  56% (1528/2727)   Receiving objects:  57% (1555/2727)   Receiving objects:  58% (1582/2727)   Receiving objects:  59% (1609/2727)   Receiving objects:  60% (1637/2727)   Receiving objects:  61% (1664/2727)   Receiving objects:  62% (1691/2727)   Receiving objects:  63% (1719/2727)   Receiving objects:  64% (1746/2727)   Receiving objects:  65% (1773/2727)   Receiving objects:  66% (1800/2727)   Receiving objects:  67% (1828/2727)   Receiving objects:  68% (1855/2727)   Receiving objects:  69% (1882/2727)   Receiving objects:  70% (1909/2727)   Receiving objects:  71% (1937/2727)   Receiving objects:  72% (1964/2727)   Receiving objects:  73% (1991/2727)   Receiving objects:  74% (2018/2727)   Receiving objects:  75% (2046/2727)   Receiving objects:  76% (2073/2727)   Receiving objects:  77% (2100/2727)   Receiving objects:  78% (2128/2727)   Receiving objects:  79% (2155/2727)   Receiving objects:  80% (2182/2727)   Receiving objects:  81% (2209/2727)   Receiving objects:  82% (2237/2727)   Receiving objects:  83% (2264/2727)   Receiving objects:  84% (2291/2727)   Receiving objects:  85% (2318/2727)   Receiving objects:  86% (2346/2727)   Receiving objects:  87% (2373/2727)   Receiving objects:  88% (2400/2727)   Receiving objects:  89% (2428/2727)   Receiving objects:  90% (2455/2727)   Receiving objects:  91% (2482/2727)   Receiving objects:  92% (2509/2727)   Receiving objects:  93% (2537/2727)   remote: Total 2727 (delta 1229), reused 1704 (delta 786), pack-reused 0[K
Receiving objects:  94% (2564/2727)   Receiving objects:  95% (2591/2727)   Receiving objects:  96% (2618/2727)   Receiving objects:  97% (2646/2727)   Receiving objects:  98% (2673/2727)   Receiving objects:  99% (2700/2727)   Receiving objects: 100% (2727/2727)   Receiving objects: 100% (2727/2727), 2.96 MiB | 0 bytes/s, done.
Resolving deltas:   0% (0/1229)   Resolving deltas:   3% (49/1229)   Resolving deltas:   4% (50/1229)   Resolving deltas:   5% (62/1229)   Resolving deltas:   6% (74/1229)   Resolving deltas:   7% (90/1229)   Resolving deltas:   8% (106/1229)   Resolving deltas:   9% (111/1229)   Resolving deltas:  10% (123/1229)   Resolving deltas:  11% (139/1229)   Resolving deltas:  12% (148/1229)   Resolving deltas:  13% (161/1229)   Resolving deltas:  14% (175/1229)   Resolving deltas:  15% (185/1229)   Resolving deltas:  17% (216/1229)   Resolving deltas:  18% (223/1229)   Resolving deltas:  19% (241/1229)   Resolving deltas:  20% (246/1229)   Resolving deltas:  21% (259/1229)   Resolving deltas:  22% (271/1229)   Resolving deltas:  23% (284/1229)   Resolving deltas:  24% (296/1229)   Resolving deltas:  25% (319/1229)   Resolving deltas:  27% (335/1229)   Resolving deltas:  30% (371/1229)   Resolving deltas:  31% (392/1229)   Resolving deltas:  32% (394/1229)   Resolving deltas:  33% (406/1229)   Resolving deltas:  34% (419/1229)   Resolving deltas:  35% (433/1229)   Resolving deltas:  36% (443/1229)   Resolving deltas:  37% (456/1229)   Resolving deltas:  38% (468/1229)   Resolving deltas:  39% (484/1229)   Resolving deltas:  40% (492/1229)   Resolving deltas:  41% (506/1229)   Resolving deltas:  42% (517/1229)   Resolving deltas:  43% (529/1229)   Resolving deltas:  44% (544/1229)   Resolving deltas:  45% (556/1229)   Resolving deltas:  46% (566/1229)   Resolving deltas:  47% (579/1229)   Resolving deltas:  48% (591/1229)   Resolving deltas:  49% (603/1229)   Resolving deltas:  50% (615/1229)   Resolving deltas:  51% (627/1229)   Resolving deltas:  53% (662/1229)   Resolving deltas:  55% (676/1229)   Resolving deltas:  56% (691/1229)   Resolving deltas:  57% (701/1229)   Resolving deltas:  58% (714/1229)   Resolving deltas:  59% (726/1229)   Resolving deltas:  60% (748/1229)   Resolving deltas:  61% (751/1229)   Resolving deltas:  62% (762/1229)   Resolving deltas:  63% (776/1229)   Resolving deltas:  64% (787/1229)   Resolving deltas:  65% (803/1229)   Resolving deltas:  66% (814/1229)   Resolving deltas:  67% (828/1229)   Resolving deltas:  68% (839/1229)   Resolving deltas:  69% (850/1229)   Resolving deltas:  71% (881/1229)   Resolving deltas:  74% (917/1229)   Resolving deltas:  75% (926/1229)   Resolving deltas:  76% (935/1229)   Resolving deltas:  77% (948/1229)   Resolving deltas:  78% (963/1229)   Resolving deltas:  79% (971/1229)   Resolving deltas:  80% (986/1229)   Resolving deltas:  81% (1005/1229)   Resolving deltas:  82% (1009/1229)   Resolving deltas:  83% (1022/1229)   Resolving deltas:  84% (1034/1229)   Resolving deltas:  85% (1047/1229)   Resolving deltas:  86% (1057/1229)   Resolving deltas:  87% (1070/1229)   Resolving deltas:  88% (1082/1229)   Resolving deltas:  89% (1094/1229)   Resolving deltas:  90% (1108/1229)   Resolving deltas:  91% (1120/1229)   Resolving deltas:  92% (1136/1229)   Resolving deltas:  94% (1158/1229)   Resolving deltas:  95% (1168/1229)   Resolving deltas:  96% (1180/1229)   Resolving deltas:  97% (1204/1229)   Resolving deltas:  98% (1205/1229)   Resolving deltas:  99% (1228/1229)   Resolving deltas: 100% (1229/1229)   Resolving deltas: 100% (1229/1229), done.
Checking connectivity... done.
travis_time:end:092285a3:start=1439417501711102331,finish=1439417502456392158,duration=745289827[0K$ cd checkstyle/checkstyle
travis_time:start:115aaacb[0K$ git fetch origin +refs/pull/1673/merge:
remote: Counting objects: 5, done.[K
remote: Compressing objects:  50% (1/2)   [Kremote: Compressing objects: 100% (2/2)   [Kremote: Compressing objects: 100% (2/2), done.[K
remote: Total 5 (delta 4), reused 3 (delta 3), pack-reused 0[K
Unpacking objects:  20% (1/5)   Unpacking objects:  40% (2/5)   Unpacking objects:  60% (3/5)   Unpacking objects:  80% (4/5)   Unpacking objects: 100% (5/5)   Unpacking objects: 100% (5/5), done.
From git://github.com/checkstyle/checkstyle
 * branch            refs/pull/1673/merge -> FETCH_HEAD
travis_time:end:115aaacb:start=1439417502460107643,finish=1439417502562864520,duration=102756877[0K$ git checkout -qf FETCH_HEAD
travis_fold:end:git.checkout[0K
[33;1mThis job is running on container-based infrastructure, which does not allow use of 'sudo', setuid and setguid executables.[0m
[33;1mIf you require sudo, add 'sudo: required' to your .travis.yml[0m
[33;1mSee http://docs.travis-ci.com/user/workers/container-based-infrastructure/ for details.[0m

[33;1mSetting environment variables from .travis.yml[0m
$ export DESC="checkstyle"
$ export CMD="mvn clean verify -DskipTests -DskipITs -Dpmd.skip=true -Dfindbugs.skip=true -Dcobertura.skip=true"
$ export COVERAGE_CMD=""

travis_fold:start:cache.1[0KSetting up build cache
$ export CASHER_DIR=$HOME/.casher
travis_time:start:1e16d1fc[0K$ Installing caching utilities
travis_time:end:1e16d1fc:start=1439417504133473663,finish=1439417504160208025,duration=26734362[0Ktravis_time:start:18b48eee[0Kattempting to download cache archive
fetching PR.1673/cache--jdk-oraclejdk7.tgz
found cache
travis_time:end:18b48eee:start=1439417504164776766,finish=1439417505083153504,duration=918376738[0Ktravis_time:start:15970708[0Kadding /home/travis/.m2 to cache
travis_time:end:15970708:start=1439417505086776655,finish=1439417506595395623,duration=1508618968[0Ktravis_fold:end:cache.1[0K$ jdk_switcher use oraclejdk7
Switching to Oracle JDK7 (java-7-oracle), JAVA_HOME will be set to /usr/lib/jvm/java-7-oracle
$ java -Xmx32m -version
java version "1.7.0_76"
Java(TM) SE Runtime Environment (build 1.7.0_76-b13)
Java HotSpot(TM) 64-Bit Server VM (build 24.76-b04, mixed mode)
$ javac -J-Xmx32m -version
javac 1.7.0_76
travis_fold:start:install[0Ktravis_time:start:02bf2480[0K$ 
travis_time:end:02bf2480:start=1439417506954568169,finish=1439417506957552789,duration=2984620[0Ktravis_fold:end:install[0Ktravis_time:start:09d35026[0K$ eval $CMD
[INFO] Scanning for projects...
[INFO]                                                                         
[INFO] ------------------------------------------------------------------------
[INFO] Building checkstyle 6.10-SNAPSHOT
[INFO] ------------------------------------------------------------------------
Downloading: https://nexus.codehaus.org/snapshots/junit/junit-dep/maven-metadata.xml
Downloading: https://repository.apache.org/snapshots/junit/junit-dep/maven-metadata.xml
Downloading: https://oss.sonatype.org/content/repositories/releases/junit/junit-dep/maven-metadata.xml
Downloading: https://repository.apache.org/releases/junit/junit-dep/maven-metadata.xml
563/563 B               Downloaded: https://oss.sonatype.org/content/repositories/releases/junit/junit-dep/maven-metadata.xml (563 B at 1.2 KB/sec)
                        [WARNING] Could not transfer metadata junit:junit-dep/maven-metadata.xml from/to codehaus-snapshots (https://nexus.codehaus.org/snapshots/): nexus.codehaus.org: Name or service not known
Downloading: https://oss.sonatype.org/content/repositories/releases/commons-io/commons-io/maven-metadata.xml
Downloading: https://repository.apache.org/releases/commons-io/commons-io/maven-metadata.xml
Downloading: https://repository.apache.org/snapshots/commons-io/commons-io/maven-metadata.xml
Downloading: https://nexus.codehaus.org/snapshots/commons-io/commons-io/maven-metadata.xml
                                    312/312 B               Downloaded: https://repository.apache.org/snapshots/commons-io/commons-io/maven-metadata.xml (312 B at 0.5 KB/sec)
[WARNING] Could not transfer metadata commons-io:commons-io/maven-metadata.xml from/to codehaus-snapshots (https://nexus.codehaus.org/snapshots/): nexus.codehaus.org
Downloading: https://nexus.codehaus.org/snapshots/commons-io/commons-io/2.5-SNAPSHOT/maven-metadata.xml
Downloading: https://repository.apache.org/snapshots/commons-io/commons-io/2.5-SNAPSHOT/maven-metadata.xml
            3/3 KB               Downloaded: https://repository.apache.org/snapshots/commons-io/commons-io/2.5-SNAPSHOT/maven-metadata.xml (3 KB at 4.4 KB/sec)
[WARNING] Could not transfer metadata commons-io:commons-io:2.5-SNAPSHOT/maven-metadata.xml from/to codehaus-snapshots (https://nexus.codehaus.org/snapshots/): nexus.codehaus.org
[WARNING] Failure to transfer commons-io:commons-io:2.5-SNAPSHOT/maven-metadata.xml from https://nexus.codehaus.org/snapshots/ was cached in the local repository, resolution will not be reattempted until the update interval of codehaus-snapshots has elapsed or updates are forced. Original error: Could not transfer metadata commons-io:commons-io:2.5-SNAPSHOT/maven-metadata.xml from/to codehaus-snapshots (https://nexus.codehaus.org/snapshots/): nexus.codehaus.org
[INFO] 
[INFO] --- maven-clean-plugin:2.6.1:clean (default-clean) @ checkstyle ---
[INFO] 
[INFO] --- maven-enforcer-plugin:1.4:enforce (enforce-maven) @ checkstyle ---
[INFO] 
[INFO] --- maven-enforcer-plugin:1.4:enforce (enforce-versions) @ checkstyle ---
[INFO] 
[INFO] --- antlr-maven-plugin:2.2:generate (default) @ checkstyle ---
[INFO] performing grammar generation [java.g]
ANTLR Parser Generator   Version 2.7.7 (20060906)   1989-2005
/home/travis/build/checkstyle/checkstyle/src/main/resources/com/puppycrawl/tools/checkstyle/grammars/java.g:623:17: warning:nondeterminism between alts 1 and 2 of block upon
/home/travis/build/checkstyle/checkstyle/src/main/resources/com/puppycrawl/tools/checkstyle/grammars/java.g:623:17:     k==1:AT
/home/travis/build/checkstyle/checkstyle/src/main/resources/com/puppycrawl/tools/checkstyle/grammars/java.g:623:17:     k==2:IDENT
/home/travis/build/checkstyle/checkstyle/src/main/resources/com/puppycrawl/tools/checkstyle/grammars/java.g:770:17: warning:nondeterminism between alts 1 and 2 of block upon
/home/travis/build/checkstyle/checkstyle/src/main/resources/com/puppycrawl/tools/checkstyle/grammars/java.g:770:17:     k==1:AT
/home/travis/build/checkstyle/checkstyle/src/main/resources/com/puppycrawl/tools/checkstyle/grammars/java.g:770:17:     k==2:IDENT
/home/travis/build/checkstyle/checkstyle/src/main/resources/com/puppycrawl/tools/checkstyle/grammars/java.g:806:65: warning:nondeterminism between alts 1 and 2 of block upon
/home/travis/build/checkstyle/checkstyle/src/main/resources/com/puppycrawl/tools/checkstyle/grammars/java.g:806:65:     k==1:SEMI
/home/travis/build/checkstyle/checkstyle/src/main/resources/com/puppycrawl/tools/checkstyle/grammars/java.g:806:65:     k==2:"final","abstract","strictfp",SEMI,"void","boolean","byte","char","short","int","float","long","double",IDENT,"private","public","protected","static","transient","native","synchronized","volatile","class","interface",LCURLY,RCURLY,"default",LT,ENUM,AT
/home/travis/build/checkstyle/checkstyle/src/main/resources/com/puppycrawl/tools/checkstyle/grammars/java.g:695:17: warning:nondeterminism between alts 1 and 2 of block upon
/home/travis/build/checkstyle/checkstyle/src/main/resources/com/puppycrawl/tools/checkstyle/grammars/java.g:695:17:     k==1:AT
/home/travis/build/checkstyle/checkstyle/src/main/resources/com/puppycrawl/tools/checkstyle/grammars/java.g:695:17:     k==2:IDENT
/home/travis/build/checkstyle/checkstyle/src/main/resources/com/puppycrawl/tools/checkstyle/grammars/java.g:947: warning:Syntactic predicate superfluous for single alternative
/home/travis/build/checkstyle/checkstyle/src/main/resources/com/puppycrawl/tools/checkstyle/grammars/java.g:972:38: warning:nondeterminism between alts 1 and 2 of block upon
/home/travis/build/checkstyle/checkstyle/src/main/resources/com/puppycrawl/tools/checkstyle/grammars/java.g:972:38:     k==1:IDENT
/home/travis/build/checkstyle/checkstyle/src/main/resources/com/puppycrawl/tools/checkstyle/grammars/java.g:972:38:     k==2:LBRACK
/home/travis/build/checkstyle/checkstyle/src/main/resources/com/puppycrawl/tools/checkstyle/grammars/java.g:1027:54: warning:nondeterminism between alts 1 and 2 of block upon
/home/travis/build/checkstyle/checkstyle/src/main/resources/com/puppycrawl/tools/checkstyle/grammars/java.g:1027:54:     k==1:SEMI
/home/travis/build/checkstyle/checkstyle/src/main/resources/com/puppycrawl/tools/checkstyle/grammars/java.g:1027:54:     k==2:"final","abstract","strictfp",SEMI,"void","boolean","byte","char","short","int","float","long","double",IDENT,"private","public","protected","static","transient","native","synchronized","volatile","class",LCURLY,RCURLY,LPAREN,RPAREN,"this","super",COLON,"if","while","do","break","continue","return","switch","throw","for","else","case","default","try",PLUS,MINUS,INC,DEC,BNOT,LNOT,"true","false","null","new",NUM_INT,CHAR_LITERAL,STRING_LITERAL,NUM_FLOAT,NUM_LONG,NUM_DOUBLE,ASSERT,AT
/home/travis/build/checkstyle/checkstyle/src/main/resources/com/puppycrawl/tools/checkstyle/grammars/java.g:1127:17: warning:nondeterminism between alts 1 and 2 of block upon
/home/travis/build/checkstyle/checkstyle/src/main/resources/com/puppycrawl/tools/checkstyle/grammars/java.g:1127:17:     k==1:"default"
/home/travis/build/checkstyle/checkstyle/src/main/resources/com/puppycrawl/tools/checkstyle/grammars/java.g:1127:17:     k==2:"final","abstract","strictfp",SEMI,"void","boolean","byte","char","short","int","float","long","double",IDENT,"private","public","protected","static","transient","native","synchronized","volatile","class",LCURLY,RCURLY,LPAREN,RPAREN,"this","super",COLON,"if","while","do","break","continue","return","switch","throw","for","case","default","try",PLUS,MINUS,INC,DEC,BNOT,LNOT,"true","false","null","new",NUM_INT,CHAR_LITERAL,STRING_LITERAL,NUM_FLOAT,NUM_LONG,NUM_DOUBLE,ASSERT,AT
/home/travis/build/checkstyle/checkstyle/src/main/resources/com/puppycrawl/tools/checkstyle/grammars/java.g:1411:25: warning:nondeterminism between alts 1 and 4 of block upon
/home/travis/build/checkstyle/checkstyle/src/main/resources/com/puppycrawl/tools/checkstyle/grammars/java.g:1411:25:     k==1:IDENT,"this","super",LT
/home/travis/build/checkstyle/checkstyle/src/main/resources/com/puppycrawl/tools/checkstyle/grammars/java.g:1411:25:     k==2:"final","abstract","strictfp",SEMI,LBRACK,RBRACK,"void","boolean","byte","char","short","int","float","long","double",IDENT,DOT,STAR,"private","public","protected","static","transient","native","synchronized","volatile","class","interface",LCURLY,RCURLY,COMMA,LPAREN,RPAREN,"this","super",ASSIGN,COLON,"if","while","do","break","continue","return","switch","throw","for","else","case","default","try",PLUS_ASSIGN,MINUS_ASSIGN,STAR_ASSIGN,DIV_ASSIGN,MOD_ASSIGN,SR_ASSIGN,BSR_ASSIGN,SL_ASSIGN,BAND_ASSIGN,BXOR_ASSIGN,BOR_ASSIGN,QUESTION,LOR,LAND,BOR,BXOR,BAND,NOT_EQUAL,EQUAL,LT,GT,LE,GE,"instanceof",SL,SR,BSR,PLUS,MINUS,DIV,MOD,INC,DEC,BNOT,LNOT,"true","false","null","new",NUM_INT,CHAR_LITERAL,STRING_LITERAL,NUM_FLOAT,NUM_LONG,NUM_DOUBLE,ASSERT,ENUM,AT,DOUBLE_COLON
/home/travis/build/checkstyle/checkstyle/src/main/resources/com/puppycrawl/tools/checkstyle/grammars/java.g:1411:25: warning:nondeterminism between alts 2 and 4 of block upon
/home/travis/build/checkstyle/checkstyle/src/main/resources/com/puppycrawl/tools/checkstyle/grammars/java.g:1411:25:     k==1:"class"
/home/travis/build/checkstyle/checkstyle/src/main/resources/com/puppycrawl/tools/checkstyle/grammars/java.g:1411:25:     k==2:"final","abstract","strictfp",SEMI,LBRACK,RBRACK,"void","boolean","byte","char","short","int","float","long","double",IDENT,DOT,STAR,"private","public","protected","static","transient","native","synchronized","volatile","class","interface",LCURLY,RCURLY,COMMA,LPAREN,RPAREN,"this","super",ASSIGN,COLON,"if","while","do","break","continue","return","switch","throw","for","else","case","default","try",PLUS_ASSIGN,MINUS_ASSIGN,STAR_ASSIGN,DIV_ASSIGN,MOD_ASSIGN,SR_ASSIGN,BSR_ASSIGN,SL_ASSIGN,BAND_ASSIGN,BXOR_ASSIGN,BOR_ASSIGN,QUESTION,LOR,LAND,BOR,BXOR,BAND,NOT_EQUAL,EQUAL,LT,GT,LE,GE,"instanceof",SL,SR,BSR,PLUS,MINUS,DIV,MOD,INC,DEC,BNOT,LNOT,"true","false","null","new",NUM_INT,CHAR_LITERAL,STRING_LITERAL,NUM_FLOAT,NUM_LONG,NUM_DOUBLE,ASSERT,ENUM,AT,DOUBLE_COLON
/home/travis/build/checkstyle/checkstyle/src/main/resources/com/puppycrawl/tools/checkstyle/grammars/java.g:1411:25: warning:nondeterminism between alts 3 and 4 of block upon
/home/travis/build/checkstyle/checkstyle/src/main/resources/com/puppycrawl/tools/checkstyle/grammars/java.g:1411:25:     k==1:"new"
/home/travis/build/checkstyle/checkstyle/src/main/resources/com/puppycrawl/tools/checkstyle/grammars/java.g:1411:25:     k==2:"void","boolean","byte","char","short","int","float","long","double",IDENT,LT,AT
/home/travis/build/checkstyle/checkstyle/src/main/resources/com/puppycrawl/tools/checkstyle/grammars/java.g:1456:17: warning:nondeterminism between alts 1 and 3 of block upon
/home/travis/build/checkstyle/checkstyle/src/main/resources/com/puppycrawl/tools/checkstyle/grammars/java.g:1456:17:     k==1:INC
/home/travis/build/checkstyle/checkstyle/src/main/resources/com/puppycrawl/tools/checkstyle/grammars/java.g:1456:17:     k==2:"final","abstract","strictfp",SEMI,RBRACK,"void","boolean","byte","char","short","int","float","long","double",IDENT,STAR,"private","public","protected","static","transient","native","synchronized","volatile","class","interface",LCURLY,RCURLY,COMMA,LPAREN,RPAREN,"this","super",ASSIGN,COLON,"if","while","do","break","continue","return","switch","throw","for","else","case","default","try",PLUS_ASSIGN,MINUS_ASSIGN,STAR_ASSIGN,DIV_ASSIGN,MOD_ASSIGN,SR_ASSIGN,BSR_ASSIGN,SL_ASSIGN,BAND_ASSIGN,BXOR_ASSIGN,BOR_ASSIGN,QUESTION,LOR,LAND,BOR,BXOR,BAND,NOT_EQUAL,EQUAL,LT,GT,LE,GE,"instanceof",SL,SR,BSR,PLUS,MINUS,DIV,MOD,INC,DEC,BNOT,LNOT,"true","false","null","new",NUM_INT,CHAR_LITERAL,STRING_LITERAL,NUM_FLOAT,NUM_LONG,NUM_DOUBLE,ASSERT,ENUM,AT
/home/travis/build/checkstyle/checkstyle/src/main/resources/com/puppycrawl/tools/checkstyle/grammars/java.g:1456:17: warning:nondeterminism between alts 2 and 3 of block upon
/home/travis/build/checkstyle/checkstyle/src/main/resources/com/puppycrawl/tools/checkstyle/grammars/java.g:1456:17:     k==1:DEC
/home/travis/build/checkstyle/checkstyle/src/main/resources/com/puppycrawl/tools/checkstyle/grammars/java.g:1456:17:     k==2:"final","abstract","strictfp",SEMI,RBRACK,"void","boolean","byte","char","short","int","float","long","double",IDENT,STAR,"private","public","protected","static","transient","native","synchronized","volatile","class","interface",LCURLY,RCURLY,COMMA,LPAREN,RPAREN,"this","super",ASSIGN,COLON,"if","while","do","break","continue","return","switch","throw","for","else","case","default","try",PLUS_ASSIGN,MINUS_ASSIGN,STAR_ASSIGN,DIV_ASSIGN,MOD_ASSIGN,SR_ASSIGN,BSR_ASSIGN,SL_ASSIGN,BAND_ASSIGN,BXOR_ASSIGN,BOR_ASSIGN,QUESTION,LOR,LAND,BOR,BXOR,BAND,NOT_EQUAL,EQUAL,LT,GT,LE,GE,"instanceof",SL,SR,BSR,PLUS,MINUS,DIV,MOD,INC,DEC,BNOT,LNOT,"true","false","null","new",NUM_INT,CHAR_LITERAL,STRING_LITERAL,NUM_FLOAT,NUM_LONG,NUM_DOUBLE,ASSERT,ENUM,AT
/home/travis/build/checkstyle/checkstyle/src/main/resources/com/puppycrawl/tools/checkstyle/grammars/java.g:1534:47: warning:nondeterminism between alts 1 and 2 of block upon
/home/travis/build/checkstyle/checkstyle/src/main/resources/com/puppycrawl/tools/checkstyle/grammars/java.g:1534:47:     k==1:LCURLY
/home/travis/build/checkstyle/checkstyle/src/main/resources/com/puppycrawl/tools/checkstyle/grammars/java.g:1534:47:     k==2:"final","abstract","strictfp",SEMI,"void","boolean","byte","char","short","int","float","long","double",IDENT,"private","public","protected","static","transient","native","synchronized","volatile","class","interface",LCURLY,RCURLY,"default",LT,ENUM,AT
/home/travis/build/checkstyle/checkstyle/src/main/resources/com/puppycrawl/tools/checkstyle/grammars/java.g:1544:44: warning:nondeterminism between alts 1 and 2 of block upon
/home/travis/build/checkstyle/checkstyle/src/main/resources/com/puppycrawl/tools/checkstyle/grammars/java.g:1544:44:     k==1:LCURLY
/home/travis/build/checkstyle/checkstyle/src/main/resources/com/puppycrawl/tools/checkstyle/grammars/java.g:1544:44:     k==2:"void","boolean","byte","char","short","int","float","long","double",IDENT,LCURLY,RCURLY,COMMA,LPAREN,"this","super",PLUS,MINUS,INC,DEC,BNOT,LNOT,"true","false","null","new",NUM_INT,CHAR_LITERAL,STRING_LITERAL,NUM_FLOAT,NUM_LONG,NUM_DOUBLE
/home/travis/build/checkstyle/checkstyle/src/main/resources/com/puppycrawl/tools/checkstyle/grammars/java.g:1585: warning:nondeterminism between alts 2 and 3 of block upon
/home/travis/build/checkstyle/checkstyle/src/main/resources/com/puppycrawl/tools/checkstyle/grammars/java.g:1585:     k==1:LPAREN
/home/travis/build/checkstyle/checkstyle/src/main/resources/com/puppycrawl/tools/checkstyle/grammars/java.g:1585:     k==2:IDENT
/home/travis/build/checkstyle/checkstyle/src/main/resources/com/puppycrawl/tools/checkstyle/grammars/java.g:1587:24: warning:nondeterminism between alts 1 and 2 of block upon
/home/travis/build/checkstyle/checkstyle/src/main/resources/com/puppycrawl/tools/checkstyle/grammars/java.g:1587:24:     k==1:RPAREN
/home/travis/build/checkstyle/checkstyle/src/main/resources/com/puppycrawl/tools/checkstyle/grammars/java.g:1587:24:     k==2:LAMBDA

[INFO] 
[INFO] --- antlr4-maven-plugin:4.5.1:antlr4 (default) @ checkstyle ---
[INFO] ANTLR 4: Processing source directory /home/travis/build/checkstyle/checkstyle/src/main/resources
[INFO] Processing grammar: com/puppycrawl/tools/checkstyle/grammars/javadoc/JavadocLexer.g4
[INFO] Processing grammar: com/puppycrawl/tools/checkstyle/grammars/javadoc/JavadocParser.g4
[INFO] 
[INFO] --- build-helper-maven-plugin:1.9.1:add-source (add-source) @ checkstyle ---
[INFO] Source directory: /home/travis/build/checkstyle/checkstyle/target/generated-sources/antlr added.
[INFO] 
[INFO] --- maven-resources-plugin:2.7:resources (default-resources) @ checkstyle ---
[INFO] Using 'UTF-8' encoding to copy filtered resources.
[INFO] Copying 137 resources
[INFO] Copying 1 resource
[INFO] 
[INFO] --- build-helper-maven-plugin:1.9.1:add-test-source (add-test-source) @ checkstyle ---
[INFO] Test Source directory: /home/travis/build/checkstyle/checkstyle/src/test/resources added.
[INFO] 
[INFO] --- build-helper-maven-plugin:1.9.1:add-test-source (add-ittest-source) @ checkstyle ---
[INFO] Test Source directory: /home/travis/build/checkstyle/checkstyle/src/it/java added.
[INFO] 
[INFO] --- build-helper-maven-plugin:1.9.1:add-test-source (add-ittest-resource) @ checkstyle ---
[INFO] Test Source directory: /home/travis/build/checkstyle/checkstyle/src/it/resources added.
[INFO] 
[INFO] --- maven-compiler-plugin:3.3:compile (default-compile) @ checkstyle ---
[INFO] Changes detected - recompiling the module!
[INFO] Compiling 330 source files to /home/travis/build/checkstyle/checkstyle/target/classes
[INFO] /home/travis/build/checkstyle/checkstyle/src/main/java/com/puppycrawl/tools/checkstyle/checks/javadoc/JavadocMethodCheck.java: /home/travis/build/checkstyle/checkstyle/src/main/java/com/puppycrawl/tools/checkstyle/checks/javadoc/JavadocMethodCheck.java uses or overrides a deprecated API.
[INFO] /home/travis/build/checkstyle/checkstyle/src/main/java/com/puppycrawl/tools/checkstyle/checks/javadoc/JavadocMethodCheck.java: Recompile with -Xlint:deprecation for details.
[INFO] /home/travis/build/checkstyle/checkstyle/src/main/java/com/puppycrawl/tools/checkstyle/api/AutomaticBean.java: Some input files use unchecked or unsafe operations.
[INFO] /home/travis/build/checkstyle/checkstyle/src/main/java/com/puppycrawl/tools/checkstyle/api/AutomaticBean.java: Recompile with -Xlint:unchecked for details.
[INFO] 
[INFO] --- maven-antrun-plugin:1.8:run (ant-phase-compile) @ checkstyle ---
[INFO] Executing tasks

main:

execute:
[propertyfile] Creating new property file: /home/travis/build/checkstyle/checkstyle/target/classes/checkstylecompilation.properties
  [javadoc] Generating Javadoc
  [javadoc] Javadoc execution
  [javadoc] Loading source file /home/travis/build/checkstyle/checkstyle/src/main/java/com/puppycrawl/tools/checkstyle/api/TokenTypes.java...
  [javadoc] Constructing Javadoc information...
[INFO] Executed tasks
[INFO] 
[INFO] --- maven-resources-plugin:2.7:testResources (default-testResources) @ checkstyle ---
[INFO] Using 'UTF-8' encoding to copy filtered resources.
[INFO] Copying 479 resources
[INFO] 
[INFO] --- maven-compiler-plugin:3.3:testCompile (default-testCompile) @ checkstyle ---
[INFO] Changes detected - recompiling the module!
[INFO] Compiling 787 source files to /home/travis/build/checkstyle/checkstyle/target/test-classes
[INFO] /home/travis/build/checkstyle/checkstyle/src/it/resources/com/google/checkstyle/test/chapter3filestructure/rule333orderingandsoacing/CustomImportOrderValidInput.java: Some input files use or override a deprecated API.
[INFO] /home/travis/build/checkstyle/checkstyle/src/it/resources/com/google/checkstyle/test/chapter3filestructure/rule333orderingandsoacing/CustomImportOrderValidInput.java: Recompile with -Xlint:deprecation for details.
[INFO] /home/travis/build/checkstyle/checkstyle/src/test/java/com/puppycrawl/tools/checkstyle/MainTest.java: Some input files use unchecked or unsafe operations.
[INFO] /home/travis/build/checkstyle/checkstyle/src/test/java/com/puppycrawl/tools/checkstyle/MainTest.java: Recompile with -Xlint:unchecked for details.
[INFO] 
[INFO] --- maven-surefire-plugin:2.18.1:test (default-test) @ checkstyle ---
[INFO] Tests are skipped.
[INFO] 
[INFO] --- xml-maven-plugin:1.0:validate (default) @ checkstyle ---
[INFO] 
[INFO] --- maven-jar-plugin:2.6:jar (default-jar) @ checkstyle ---
[INFO] Building jar: /home/travis/build/checkstyle/checkstyle/target/checkstyle-6.10-SNAPSHOT.jar
[INFO] 
[INFO] --- maven-jar-plugin:2.6:test-jar (default) @ checkstyle ---
[INFO] Building jar: /home/travis/build/checkstyle/checkstyle/target/checkstyle-6.10-SNAPSHOT-tests.jar
[INFO] 
[INFO] --- maven-failsafe-plugin:2.18.1:integration-test (integration-test) @ checkstyle ---
[INFO] Tests are skipped.
[INFO] 
[INFO] --- maven-failsafe-plugin:2.18.1:verify (verify) @ checkstyle ---
[INFO] Tests are skipped.
[INFO] 
[INFO] --- maven-antrun-plugin:1.8:run (ant-phase-verify) @ checkstyle ---
[INFO] Executing tasks

main:

execute:
     [echo] Checkstyle started: 12/08/2015 10:12:14 PM
[checkstyle] Running Checkstyle 6.10-SNAPSHOT on 682 files
[checkstyle] /home/travis/build/checkstyle/checkstyle/src/test/java/com/puppycrawl/tools/checkstyle/TreeWalkerTest.java:247:5: Fields and methods should be before inner classes.
[checkstyle] /home/travis/build/checkstyle/checkstyle/src/test/java/com/puppycrawl/tools/checkstyle/TreeWalkerTest.java:257:5: Fields and methods should be before inner classes.
[checkstyle] /home/travis/build/checkstyle/checkstyle/src/test/java/com/puppycrawl/tools/checkstyle/TreeWalkerTest.java:272:5: Fields and methods should be before inner classes.
[checkstyle] /home/travis/build/checkstyle/checkstyle/src/test/java/com/puppycrawl/tools/checkstyle/TreeWalkerTest.java:288:5: Fields and methods should be before inner classes.
[checkstyle] /home/travis/build/checkstyle/checkstyle/src/test/java/com/puppycrawl/tools/checkstyle/api/AutomaticBeanTest.java:69:5: Fields and methods should be before inner classes.
[checkstyle] /home/travis/build/checkstyle/checkstyle/src/test/java/com/puppycrawl/tools/checkstyle/api/AutomaticBeanTest.java:83:5: Fields and methods should be before inner classes.
[checkstyle] /home/travis/build/checkstyle/checkstyle/src/test/java/com/puppycrawl/tools/checkstyle/api/AutomaticBeanTest.java:97:5: Fields and methods should be before inner classes.
[checkstyle] /home/travis/build/checkstyle/checkstyle/src/test/java/com/puppycrawl/tools/checkstyle/api/AutomaticBeanTest.java:103:5: Fields and methods should be before inner classes.
[checkstyle] /home/travis/build/checkstyle/checkstyle/src/test/java/com/puppycrawl/tools/checkstyle/api/AutomaticBeanTest.java:118:5: Fields and methods should be before inner classes.
[checkstyle] /home/travis/build/checkstyle/checkstyle/src/test/java/com/puppycrawl/tools/checkstyle/checks/FileSetCheckLifecycleTest.java:75:5: Fields and methods should be before inner classes.
[checkstyle] /home/travis/build/checkstyle/checkstyle/src/test/java/com/puppycrawl/tools/checkstyle/checks/FileSetCheckLifecycleTest.java:86:5: Fields and methods should be before inner classes.
[checkstyle] /home/travis/build/checkstyle/checkstyle/src/test/java/com/puppycrawl/tools/checkstyle/checks/javadoc/AbstractJavadocCheckTest.java:50:5: Fields and methods should be before inner classes.
[checkstyle] /home/travis/build/checkstyle/checkstyle/src/test/java/com/puppycrawl/tools/checkstyle/checks/javadoc/AbstractJavadocCheckTest.java:61:5: Fields and methods should be before inner classes.
[checkstyle] /home/travis/build/checkstyle/checkstyle/src/test/java/com/puppycrawl/tools/checkstyle/checks/javadoc/AbstractJavadocCheckTest.java:70:5: Fields and methods should be before inner classes.
[checkstyle] /home/travis/build/checkstyle/checkstyle/src/test/java/com/puppycrawl/tools/checkstyle/checks/javadoc/AbstractJavadocCheckTest.java:80:5: Fields and methods should be before inner classes.
[checkstyle] /home/travis/build/checkstyle/checkstyle/src/test/java/com/puppycrawl/tools/checkstyle/comments/AllBlockCommentsTest.java:80:5: Fields and methods should be before inner classes.
[checkstyle] /home/travis/build/checkstyle/checkstyle/src/test/java/com/puppycrawl/tools/checkstyle/comments/AllSinglelineCommentsTest.java:75:5: Fields and methods should be before inner classes.
     [echo] Checkstyle finished: 12/08/2015 10:13:21 PM
[INFO] ------------------------------------------------------------------------
[INFO] BUILD FAILURE
[INFO] ------------------------------------------------------------------------
[INFO] Total time: 01:32 min
[INFO] Finished at: 2015-08-12T22:13:21+00:00
[INFO] Final Memory: 44M/483M
[INFO] ------------------------------------------------------------------------
[ERROR] Failed to execute goal org.apache.maven.plugins:maven-antrun-plugin:1.8:run (ant-phase-verify) on project checkstyle: An Ant BuildException has occured: The following error occurred while executing this line:
[ERROR] /home/travis/build/checkstyle/checkstyle/config/ant-phase-verify.xml:50: Checkstyle failed: Got 17 errors and 0 warnings.
[ERROR] around Ant part ...<ant antfile="config/ant-phase-verify.xml"/>... @ 7:47 in /home/travis/build/checkstyle/checkstyle/target/antrun/build-main.xml
[ERROR] -> [Help 1]
[ERROR] 
[ERROR] To see the full stack trace of the errors, re-run Maven with the -e switch.
[ERROR] Re-run Maven using the -X switch to enable full debug logging.
[ERROR] 
[ERROR] For more information about the errors and possible solutions, please read the following articles:
[ERROR] [Help 1] http://cwiki.apache.org/confluence/display/MAVEN/MojoExecutionException
travis_time:end:09d35026:start=1439417506961408653,finish=1439417601617852605,duration=94656443952[0K
[31;1mThe command "eval $CMD" exited with 1.[0m
travis_fold:start:cache.2[0Kstore build cache
travis_time:start:12f9d0c5[0Kchange detected:
/home/travis/.m2/repository/commons-io/commons-io/2.5-SNAPSHOT/resolver-status.properties
/home/travis/.m2/repository/commons-io/commons-io/2.5-SNAPSHOT/resolver-status.properties
/home/travis/.m2/repository/commons-io/commons-io/resolver-status.properties
/home/travis/.m2/repository/commons-io/commons-io/resolver-status.properties
/home/travis/.m2/repository/junit/junit-dep/resolver-status.properties
/home/travis/.m2/repository/junit/junit-dep/resolver-status.properties

changes detected, packing new archive
uploading archive
travis_time:end:12f9d0c5:start=1439417601621952194,finish=1439417607489976512,duration=5868024318[0Ktravis_fold:end:cache.2[0K
Done. Your build exited with 1.
