Using worker: worker-linux-docker-e577b87c.prod.travis-ci.org:travis-linux-4

travis_fold:start:system_info[0K[33;1mBuild system information[0m
Build language: java
Build group: stable
Build dist: precise
Build id: 151206238
Job id: 151206239
travis-build version: 0692ebec4
[34m[1mBuild image provisioning date and time[0m
Thu Feb  5 15:09:33 UTC 2015
[34m[1mOperating System Details[0m
Distributor ID:	Ubuntu
Description:	Ubuntu 12.04.5 LTS
Release:	12.04
Codename:	precise
[34m[1mLinux Version[0m
3.13.0-29-generic
[34m[1mCookbooks Version[0m
a68419e https://github.com/travis-ci/travis-cookbooks/tree/a68419e
[34m[1mGCC version[0m
gcc (Ubuntu/Linaro 4.6.3-1ubuntu5) 4.6.3
Copyright (C) 2011 Free Software Foundation, Inc.
This is free software; see the source for copying conditions.  There is NO
warranty; not even for MERCHANTABILITY or FITNESS FOR A PARTICULAR PURPOSE.

[34m[1mLLVM version[0m
clang version 3.4 (tags/RELEASE_34/final)
Target: x86_64-unknown-linux-gnu
Thread model: posix
[34m[1mPre-installed Ruby versions[0m
ruby-1.9.3-p551
[34m[1mPre-installed Node.js versions[0m
v0.10.36
[34m[1mPre-installed Go versions[0m
1.4.1
[34m[1mRedis version[0m
redis-server 2.8.19
[34m[1mriak version[0m
2.0.2
[34m[1mMongoDB version[0m
MongoDB 2.4.12
[34m[1mCouchDB version[0m
couchdb 1.6.1
[34m[1mNeo4j version[0m
1.9.4
[34m[1mRabbitMQ Version[0m
3.4.3
[34m[1mElasticSearch version[0m
1.4.0
[34m[1mInstalled Sphinx versions[0m
2.0.10
2.1.9
2.2.6
[34m[1mDefault Sphinx version[0m
2.2.6
[34m[1mInstalled Firefox version[0m
firefox 31.0esr
[34m[1mPhantomJS version[0m
1.9.8
[34m[1mant -version[0m
Apache Ant(TM) version 1.8.2 compiled on December 3 2011
[34m[1mmvn -version[0m
Apache Maven 3.2.5 (12a6b3acb947671f09b81f49094c53f426d8cea1; 2014-12-14T17:29:23+00:00)
Maven home: /usr/local/maven
Java version: 1.7.0_76, vendor: Oracle Corporation
Java home: /usr/lib/jvm/java-7-oracle/jre
Default locale: en_US, platform encoding: ANSI_X3.4-1968
OS name: "linux", version: "3.13.0-29-generic", arch: "amd64", family: "unix"
travis_fold:end:system_info[0K
travis_fold:start:fix.CVE-2015-7547[0K$ export DEBIAN_FRONTEND=noninteractive
W: Size of file /var/lib/apt/lists/us.archive.ubuntu.com_ubuntu_dists_precise-backports_multiverse_source_Sources.gz is not what the server reported 5886 5888
W: Size of file /var/lib/apt/lists/ppa.launchpad.net_ubuntugis_ppa_ubuntu_dists_precise_main_binary-amd64_Packages.gz is not what the server reported 33653 36677
W: Size of file /var/lib/apt/lists/ppa.launchpad.net_ubuntugis_ppa_ubuntu_dists_precise_main_binary-i386_Packages.gz is not what the server reported 33699 36733
Reading package lists...
Building dependency tree...
Reading state information...
The following extra packages will be installed:
  libc-bin libc-dev-bin libc6-dev
Suggested packages:
  glibc-doc
The following packages will be upgraded:
  libc-bin libc-dev-bin libc6 libc6-dev
4 upgraded, 0 newly installed, 0 to remove and 252 not upgraded.
Need to get 8,840 kB of archives.
After this operation, 14.3 kB disk space will be freed.
Get:1 http://us.archive.ubuntu.com/ubuntu/ precise-updates/main libc6-dev amd64 2.15-0ubuntu10.15 [2,943 kB]
Get:2 http://us.archive.ubuntu.com/ubuntu/ precise-updates/main libc-dev-bin amd64 2.15-0ubuntu10.15 [84.7 kB]
Get:3 http://us.archive.ubuntu.com/ubuntu/ precise-updates/main libc-bin amd64 2.15-0ubuntu10.15 [1,177 kB]
Get:4 http://us.archive.ubuntu.com/ubuntu/ precise-updates/main libc6 amd64 2.15-0ubuntu10.15 [4,636 kB]
Fetched 8,840 kB in 0s (35.5 MB/s)
Preconfiguring packages ...
(Reading database ... (Reading database ... 5%(Reading database ... 10%(Reading database ... 15%(Reading database ... 20%(Reading database ... 25%(Reading database ... 30%(Reading database ... 35%(Reading database ... 40%(Reading database ... 45%(Reading database ... 50%(Reading database ... 55%(Reading database ... 60%(Reading database ... 65%(Reading database ... 70%(Reading database ... 75%(Reading database ... 80%(Reading database ... 85%(Reading database ... 90%(Reading database ... 95%(Reading database ... 100%(Reading database ... 72019 files and directories currently installed.)
Preparing to replace libc6-dev 2.15-0ubuntu10.10 (using .../libc6-dev_2.15-0ubuntu10.15_amd64.deb) ...
Unpacking replacement libc6-dev ...
Preparing to replace libc-dev-bin 2.15-0ubuntu10.10 (using .../libc-dev-bin_2.15-0ubuntu10.15_amd64.deb) ...
Unpacking replacement libc-dev-bin ...
Preparing to replace libc-bin 2.15-0ubuntu10.10 (using .../libc-bin_2.15-0ubuntu10.15_amd64.deb) ...
Unpacking replacement libc-bin ...
Processing triggers for man-db ...
Setting up libc-bin (2.15-0ubuntu10.15) ...
(Reading database ... (Reading database ... 5%(Reading database ... 10%(Reading database ... 15%(Reading database ... 20%(Reading database ... 25%(Reading database ... 30%(Reading database ... 35%(Reading database ... 40%(Reading database ... 45%(Reading database ... 50%(Reading database ... 55%(Reading database ... 60%(Reading database ... 65%(Reading database ... 70%(Reading database ... 75%(Reading database ... 80%(Reading database ... 85%(Reading database ... 90%(Reading database ... 95%(Reading database ... 100%(Reading database ... 72018 files and directories currently installed.)
Preparing to replace libc6 2.15-0ubuntu10.10 (using .../libc6_2.15-0ubuntu10.15_amd64.deb) ...
Unpacking replacement libc6 ...
Setting up libc6 (2.15-0ubuntu10.15) ...
Setting up libc-dev-bin (2.15-0ubuntu10.15) ...
Setting up libc6-dev (2.15-0ubuntu10.15) ...
Processing triggers for libc-bin ...
ldconfig deferred processing now taking place
travis_fold:end:fix.CVE-2015-7547[0Kdepth=3 C = US, O = "Entrust, Inc.", OU = www.entrust.net/CPS is incorporated by reference, OU = "(c) 2006 Entrust, Inc.", CN = Entrust Root Certification Authority
verify error:num=19:self signed certificate in certificate chain
verify return:0
DONE
travis_fold:start:git.checkout[0Ktravis_time:start:2e2ad036[0K$ git clone --depth=50 --branch=master https://github.com/petergeneric/stdlib.git petergeneric/stdlib
Cloning into 'petergeneric/stdlib'...
remote: Counting objects: 2876, done.[K
remote: Compressing objects:   0% (1/1564)   [Kremote: Compressing objects:   1% (16/1564)   [Kremote: Compressing objects:   2% (32/1564)   [Kremote: Compressing objects:   3% (47/1564)   [Kremote: Compressing objects:   4% (63/1564)   [Kremote: Compressing objects:   5% (79/1564)   [Kremote: Compressing objects:   6% (94/1564)   [Kremote: Compressing objects:   7% (110/1564)   [Kremote: Compressing objects:   8% (126/1564)   [Kremote: Compressing objects:   9% (141/1564)   [Kremote: Compressing objects:  10% (157/1564)   [Kremote: Compressing objects:  11% (173/1564)   [Kremote: Compressing objects:  12% (188/1564)   [Kremote: Compressing objects:  13% (204/1564)   [Kremote: Compressing objects:  14% (219/1564)   [Kremote: Compressing objects:  15% (235/1564)   [Kremote: Compressing objects:  16% (251/1564)   [Kremote: Compressing objects:  17% (266/1564)   [Kremote: Compressing objects:  18% (282/1564)   [Kremote: Compressing objects:  19% (298/1564)   [Kremote: Compressing objects:  20% (313/1564)   [Kremote: Compressing objects:  21% (329/1564)   [Kremote: Compressing objects:  22% (345/1564)   [Kremote: Compressing objects:  23% (360/1564)   [Kremote: Compressing objects:  24% (376/1564)   [Kremote: Compressing objects:  25% (391/1564)   [Kremote: Compressing objects:  26% (407/1564)   [Kremote: Compressing objects:  27% (423/1564)   [Kremote: Compressing objects:  28% (438/1564)   [Kremote: Compressing objects:  29% (454/1564)   [Kremote: Compressing objects:  30% (470/1564)   [Kremote: Compressing objects:  31% (485/1564)   [Kremote: Compressing objects:  32% (501/1564)   [Kremote: Compressing objects:  33% (517/1564)   [Kremote: Compressing objects:  34% (532/1564)   [Kremote: Compressing objects:  35% (548/1564)   [Kremote: Compressing objects:  36% (564/1564)   [Kremote: Compressing objects:  37% (579/1564)   [Kremote: Compressing objects:  38% (595/1564)   [Kremote: Compressing objects:  39% (610/1564)   [Kremote: Compressing objects:  40% (626/1564)   [Kremote: Compressing objects:  41% (642/1564)   [Kremote: Compressing objects:  42% (657/1564)   [Kremote: Compressing objects:  43% (673/1564)   [Kremote: Compressing objects:  44% (689/1564)   [Kremote: Compressing objects:  45% (704/1564)   [Kremote: Compressing objects:  46% (720/1564)   [Kremote: Compressing objects:  47% (736/1564)   [Kremote: Compressing objects:  48% (751/1564)   [Kremote: Compressing objects:  49% (767/1564)   [Kremote: Compressing objects:  50% (782/1564)   [Kremote: Compressing objects:  51% (798/1564)   [Kremote: Compressing objects:  52% (814/1564)   [Kremote: Compressing objects:  53% (829/1564)   [Kremote: Compressing objects:  54% (845/1564)   [Kremote: Compressing objects:  55% (861/1564)   [Kremote: Compressing objects:  56% (876/1564)   [Kremote: Compressing objects:  57% (892/1564)   [Kremote: Compressing objects:  58% (908/1564)   [Kremote: Compressing objects:  59% (923/1564)   [Kremote: Compressing objects:  60% (939/1564)   [Kremote: Compressing objects:  61% (955/1564)   [Kremote: Compressing objects:  62% (970/1564)   [Kremote: Compressing objects:  63% (986/1564)   [Kremote: Compressing objects:  64% (1001/1564)   [Kremote: Compressing objects:  65% (1017/1564)   [Kremote: Compressing objects:  66% (1033/1564)   [Kremote: Compressing objects:  67% (1048/1564)   [Kremote: Compressing objects:  68% (1064/1564)   [Kremote: Compressing objects:  69% (1080/1564)   [Kremote: Compressing objects:  70% (1095/1564)   [Kremote: Compressing objects:  71% (1111/1564)   [Kremote: Compressing objects:  72% (1127/1564)   [Kremote: Compressing objects:  73% (1142/1564)   [Kremote: Compressing objects:  74% (1158/1564)   [Kremote: Compressing objects:  75% (1173/1564)   [Kremote: Compressing objects:  76% (1189/1564)   [Kremote: Compressing objects:  77% (1205/1564)   [Kremote: Compressing objects:  78% (1220/1564)   [Kremote: Compressing objects:  79% (1236/1564)   [Kremote: Compressing objects:  80% (1252/1564)   [Kremote: Compressing objects:  81% (1267/1564)   [Kremote: Compressing objects:  82% (1283/1564)   [Kremote: Compressing objects:  83% (1299/1564)   [Kremote: Compressing objects:  84% (1314/1564)   [Kremote: Compressing objects:  85% (1330/1564)   [Kremote: Compressing objects:  86% (1346/1564)   [Kremote: Compressing objects:  87% (1361/1564)   [Kremote: Compressing objects:  88% (1377/1564)   [Kremote: Compressing objects:  89% (1392/1564)   [Kremote: Compressing objects:  90% (1408/1564)   [Kremote: Compressing objects:  91% (1424/1564)   [Kremote: Compressing objects:  92% (1439/1564)   [Kremote: Compressing objects:  93% (1455/1564)   [Kremote: Compressing objects:  94% (1471/1564)   [Kremote: Compressing objects:  95% (1486/1564)   [Kremote: Compressing objects:  96% (1502/1564)   [Kremote: Compressing objects:  97% (1518/1564)   [Kremote: Compressing objects:  98% (1533/1564)   [Kremote: Compressing objects:  99% (1549/1564)   [Kremote: Compressing objects: 100% (1564/1564)   [Kremote: Compressing objects: 100% (1564/1564), done.[K
Receiving objects:   0% (1/2876)   Receiving objects:   1% (29/2876)   Receiving objects:   2% (58/2876)   Receiving objects:   3% (87/2876)   Receiving objects:   4% (116/2876)   Receiving objects:   5% (144/2876)   Receiving objects:   6% (173/2876)   Receiving objects:   7% (202/2876)   Receiving objects:   8% (231/2876)   Receiving objects:   9% (259/2876)   Receiving objects:  10% (288/2876)   Receiving objects:  11% (317/2876)   Receiving objects:  12% (346/2876)   Receiving objects:  13% (374/2876)   Receiving objects:  14% (403/2876)   Receiving objects:  15% (432/2876)   Receiving objects:  16% (461/2876)   Receiving objects:  17% (489/2876)   Receiving objects:  18% (518/2876)   Receiving objects:  19% (547/2876)   Receiving objects:  20% (576/2876)   Receiving objects:  21% (604/2876)   Receiving objects:  22% (633/2876)   Receiving objects:  23% (662/2876)   Receiving objects:  24% (691/2876)   Receiving objects:  25% (719/2876)   Receiving objects:  26% (748/2876)   Receiving objects:  27% (777/2876)   Receiving objects:  28% (806/2876)   Receiving objects:  29% (835/2876)   Receiving objects:  30% (863/2876)   Receiving objects:  31% (892/2876)   Receiving objects:  32% (921/2876)   Receiving objects:  33% (950/2876)   Receiving objects:  34% (978/2876)   Receiving objects:  35% (1007/2876)   Receiving objects:  36% (1036/2876)   Receiving objects:  37% (1065/2876)   Receiving objects:  38% (1093/2876)   Receiving objects:  39% (1122/2876)   Receiving objects:  40% (1151/2876)   Receiving objects:  41% (1180/2876)   Receiving objects:  42% (1208/2876)   Receiving objects:  43% (1237/2876)   Receiving objects:  44% (1266/2876)   Receiving objects:  45% (1295/2876)   Receiving objects:  46% (1323/2876)   Receiving objects:  47% (1352/2876)   Receiving objects:  48% (1381/2876)   Receiving objects:  49% (1410/2876)   Receiving objects:  50% (1438/2876)   Receiving objects:  51% (1467/2876)   Receiving objects:  52% (1496/2876)   Receiving objects:  53% (1525/2876)   Receiving objects:  54% (1554/2876)   Receiving objects:  55% (1582/2876)   Receiving objects:  56% (1611/2876)   Receiving objects:  57% (1640/2876)   Receiving objects:  58% (1669/2876)   Receiving objects:  59% (1697/2876)   Receiving objects:  60% (1726/2876)   Receiving objects:  61% (1755/2876)   Receiving objects:  62% (1784/2876)   Receiving objects:  63% (1812/2876)   Receiving objects:  64% (1841/2876)   Receiving objects:  65% (1870/2876)   Receiving objects:  66% (1899/2876)   Receiving objects:  67% (1927/2876)   Receiving objects:  68% (1956/2876)   Receiving objects:  69% (1985/2876)   Receiving objects:  70% (2014/2876)   Receiving objects:  71% (2042/2876)   Receiving objects:  72% (2071/2876)   Receiving objects:  73% (2100/2876)   Receiving objects:  74% (2129/2876)   Receiving objects:  75% (2157/2876)   Receiving objects:  76% (2186/2876)   Receiving objects:  77% (2215/2876)   Receiving objects:  78% (2244/2876)   Receiving objects:  79% (2273/2876)   Receiving objects:  80% (2301/2876)   Receiving objects:  81% (2330/2876)   Receiving objects:  82% (2359/2876)   Receiving objects:  83% (2388/2876)   Receiving objects:  84% (2416/2876)   Receiving objects:  85% (2445/2876)   Receiving objects:  86% (2474/2876)   Receiving objects:  87% (2503/2876)   Receiving objects:  88% (2531/2876)   Receiving objects:  89% (2560/2876)   Receiving objects:  90% (2589/2876)   Receiving objects:  91% (2618/2876)   Receiving objects:  92% (2646/2876)   Receiving objects:  93% (2675/2876)   Receiving objects:  94% (2704/2876)   remote: Total 2876 (delta 780), reused 2387 (delta 646), pack-reused 0[K
Receiving objects:  95% (2733/2876)   Receiving objects:  96% (2761/2876)   Receiving objects:  97% (2790/2876)   Receiving objects:  98% (2819/2876)   Receiving objects:  99% (2848/2876)   Receiving objects: 100% (2876/2876)   Receiving objects: 100% (2876/2876), 914.21 KiB | 0 bytes/s, done.
Resolving deltas:   0% (0/780)   Resolving deltas:   5% (45/780)   Resolving deltas:   6% (47/780)   Resolving deltas:   7% (58/780)   Resolving deltas:   8% (65/780)   Resolving deltas:   9% (73/780)   Resolving deltas:  11% (90/780)   Resolving deltas:  12% (98/780)   Resolving deltas:  13% (104/780)   Resolving deltas:  14% (110/780)   Resolving deltas:  15% (118/780)   Resolving deltas:  16% (125/780)   Resolving deltas:  17% (134/780)   Resolving deltas:  19% (152/780)   Resolving deltas:  20% (156/780)   Resolving deltas:  21% (164/780)   Resolving deltas:  22% (175/780)   Resolving deltas:  23% (185/780)   Resolving deltas:  24% (188/780)   Resolving deltas:  25% (195/780)   Resolving deltas:  26% (206/780)   Resolving deltas:  27% (212/780)   Resolving deltas:  28% (220/780)   Resolving deltas:  32% (250/780)   Resolving deltas:  33% (259/780)   Resolving deltas:  34% (268/780)   Resolving deltas:  35% (273/780)   Resolving deltas:  36% (281/780)   Resolving deltas:  37% (290/780)   Resolving deltas:  38% (300/780)   Resolving deltas:  39% (305/780)   Resolving deltas:  61% (477/780)   Resolving deltas:  62% (486/780)   Resolving deltas:  63% (493/780)   Resolving deltas:  64% (504/780)   Resolving deltas:  65% (509/780)   Resolving deltas:  66% (519/780)   Resolving deltas:  67% (525/780)   Resolving deltas:  68% (532/780)   Resolving deltas:  69% (542/780)   Resolving deltas:  70% (551/780)   Resolving deltas:  71% (560/780)   Resolving deltas:  72% (562/780)   Resolving deltas:  73% (571/780)   Resolving deltas:  74% (583/780)   Resolving deltas:  75% (585/780)   Resolving deltas:  76% (593/780)   Resolving deltas:  77% (602/780)   Resolving deltas:  78% (610/780)   Resolving deltas:  79% (618/780)   Resolving deltas:  80% (624/780)   Resolving deltas:  81% (636/780)   Resolving deltas:  82% (643/780)   Resolving deltas:  83% (648/780)   Resolving deltas:  84% (656/780)   Resolving deltas:  86% (675/780)   Resolving deltas:  87% (679/780)   Resolving deltas:  88% (687/780)   Resolving deltas:  89% (698/780)   Resolving deltas:  90% (706/780)   Resolving deltas:  91% (711/780)   Resolving deltas:  92% (720/780)   Resolving deltas:  93% (726/780)   Resolving deltas:  94% (734/780)   Resolving deltas:  95% (742/780)   Resolving deltas:  97% (758/780)   Resolving deltas:  98% (766/780)   Resolving deltas:  99% (774/780)   Resolving deltas: 100% (780/780)   Resolving deltas: 100% (780/780), done.
Checking connectivity... done.

travis_time:end:2e2ad036:start=1470833912732188709,finish=1470833914725013299,duration=1992824590[0K$ cd petergeneric/stdlib
$ git checkout -qf c3270deb35c9df96ba81f1e17795036677bd567e
travis_fold:end:git.checkout[0K
[33;1mThis job is running on container-based infrastructure, which does not allow use of 'sudo', setuid and setguid executables.[0m
[33;1mIf you require sudo, add 'sudo: required' to your .travis.yml[0m
[33;1mSee https://docs.travis-ci.com/user/workers/container-based-infrastructure/ for details.[0m

[33;1mSetting environment variables from .travis.yml[0m
$ export COVERITY_SCAN_TOKEN=[secure]

$ jdk_switcher use oraclejdk8
Switching to Oracle JDK8 (java-8-oracle), JAVA_HOME will be set to /usr/lib/jvm/java-8-oracle
travis_fold:start:cache.1[0KSetting up build cache
$ export CASHER_DIR=$HOME/.casher
travis_time:start:0d55e25b[0K$ Installing caching utilities

travis_time:end:0d55e25b:start=1470833940808100807,finish=1470833940883138234,duration=75037427[0Ktravis_time:start:1e3b1f54[0K
travis_time:end:1e3b1f54:start=1470833940888410217,finish=1470833940891927992,duration=3517775[0Ktravis_time:start:3323eb57[0K[32;1mattempting to download cache archive[0m
[32;1mfetching master/cache-linux-precise-e3b0c44298fc1c149afbf4c8996fb92427ae41e4649b934ca495991b7852b855--jdk-oraclejdk8.tgz[0m
[32;1mfound cache[0m

travis_time:end:3323eb57:start=1470833940895923008,finish=1470833947246483183,duration=6350560175[0Ktravis_time:start:011446dd[0K
travis_time:end:011446dd:start=1470833947250754472,finish=1470833947254408592,duration=3654120[0Ktravis_time:start:09848ac0[0K[32;1madding /home/travis/.m2 to cache[0m

travis_time:end:09848ac0:start=1470833947258360919,finish=1470833958555862164,duration=11297501245[0Ktravis_fold:end:cache.1[0K$ java -Xmx32m -version
java version "1.8.0_31"
Java(TM) SE Runtime Environment (build 1.8.0_31-b13)
Java HotSpot(TM) 64-Bit Server VM (build 25.31-b07, mixed mode)
$ javac -J-Xmx32m -version
javac 1.8.0_31
travis_fold:start:install[0Ktravis_time:start:015bf553[0K$ mvn install -DskipTests=true -Dmaven.javadoc.skip=true -B -V
Java HotSpot(TM) 64-Bit Server VM warning: ignoring option MaxPermSize=192m; support was removed in 8.0
Apache Maven 3.2.5 (12a6b3acb947671f09b81f49094c53f426d8cea1; 2014-12-14T17:29:23+00:00)
Maven home: /usr/local/maven
Java version: 1.8.0_31, vendor: Oracle Corporation
Java home: /usr/lib/jvm/java-8-oracle/jre
Default locale: en_US, platform encoding: UTF-8
OS name: "linux", version: "3.13.0-40-generic", arch: "amd64", family: "unix"
[INFO] Scanning for projects...
[INFO] Inspecting build with total of 18 modules...
[INFO] Installing Nexus Staging features:
[INFO]   ... total of 18 executions of maven-deploy-plugin replaced with nexus-staging-maven-plugin
[INFO] ------------------------------------------------------------------------
[INFO] Reactor Build Order:
[INFO] 
[INFO] application framework parent
[INFO] stdlib
[INFO] application framework guice modules parent
[INFO] stdlib guice common
[INFO] stdlib guice webapp
[INFO] stdlib guice metrics
[INFO] stdlib guice freemarker webapp
[INFO] stdlib guice testing support
[INFO] stdlib guice hibernate
[INFO] stdlib guice hibernate testing support
[INFO] stdlib guice liquibase support
[INFO] stdlib guice test rest client
[INFO] carbon client
[INFO] configuration
[INFO] Configuration Service
[INFO] user-manager
[INFO] user manager rest api
[INFO] user manager service
[INFO]                                                                         
[INFO] ------------------------------------------------------------------------
[INFO] Building application framework parent 9.0.2-SNAPSHOT
[INFO] ------------------------------------------------------------------------
[INFO] 
[INFO] --- maven-enforcer-plugin:1.0:enforce (enforce-maven) @ stdlib-parent ---
[INFO] 
[INFO] --- buildnumber-maven-plugin:1.3:create (default) @ stdlib-parent ---
[INFO] Executing: /bin/sh -c cd /home/travis/build/petergeneric/stdlib && git rev-parse --verify HEAD
[INFO] Working directory: /home/travis/build/petergeneric/stdlib
[INFO] Storing buildNumber: c3270deb35c9df96ba81f1e17795036677bd567e at timestamp: 1470833968171
[WARNING] Cannot get the branch information from the git repository: 
Detecting the current branch failed: fatal: ref HEAD is not a symbolic ref

[INFO] Executing: /bin/sh -c cd /home/travis/build/petergeneric/stdlib && git rev-parse --verify HEAD
[INFO] Working directory: /home/travis/build/petergeneric/stdlib
[INFO] Storing buildScmBranch: UNKNOWN
[INFO] 
[INFO] --- maven-install-plugin:2.4:install (default-install) @ stdlib-parent ---
[INFO] Installing /home/travis/build/petergeneric/stdlib/pom.xml to /home/travis/.m2/repository/com/peterphi/std/stdlib-parent/9.0.2-SNAPSHOT/stdlib-parent-9.0.2-SNAPSHOT.pom
[INFO]                                                                         
[INFO] ------------------------------------------------------------------------
[INFO] Building stdlib 9.0.2-SNAPSHOT
[INFO] ------------------------------------------------------------------------
[INFO] 
[INFO] --- maven-enforcer-plugin:1.0:enforce (enforce-maven) @ stdlib ---
[INFO] 
[INFO] --- buildnumber-maven-plugin:1.3:create (default) @ stdlib ---
[INFO] 
[INFO] --- maven-resources-plugin:2.6:resources (default-resources) @ stdlib ---
[INFO] Using 'UTF-8' encoding to copy filtered resources.
[INFO] skip non existing resourceDirectory /home/travis/build/petergeneric/stdlib/stdlib/src/main/resources
[INFO] 
[INFO] --- maven-compiler-plugin:3.3:compile (default-compile) @ stdlib ---
[INFO] Changes detected - recompiling the module!
[INFO] Compiling 82 source files to /home/travis/build/petergeneric/stdlib/stdlib/target/classes
[INFO] /home/travis/build/petergeneric/stdlib/stdlib/src/main/java/com/peterphi/std/util/ListUtility.java: /home/travis/build/petergeneric/stdlib/stdlib/src/main/java/com/peterphi/std/util/ListUtility.java uses unchecked or unsafe operations.
[INFO] /home/travis/build/petergeneric/stdlib/stdlib/src/main/java/com/peterphi/std/util/ListUtility.java: Recompile with -Xlint:unchecked for details.
[INFO] 
[INFO] --- maven-resources-plugin:2.6:testResources (default-testResources) @ stdlib ---
[INFO] Using 'UTF-8' encoding to copy filtered resources.
[INFO] skip non existing resourceDirectory /home/travis/build/petergeneric/stdlib/stdlib/src/test/resources
[INFO] 
[INFO] --- maven-compiler-plugin:3.3:testCompile (default-testCompile) @ stdlib ---
[INFO] Changes detected - recompiling the module!
[INFO] Compiling 13 source files to /home/travis/build/petergeneric/stdlib/stdlib/target/test-classes
[INFO] /home/travis/build/petergeneric/stdlib/stdlib/src/test/java/com/peterphi/std/types/TimecodeTest.java: /home/travis/build/petergeneric/stdlib/stdlib/src/test/java/com/peterphi/std/types/TimecodeTest.java uses or overrides a deprecated API.
[INFO] /home/travis/build/petergeneric/stdlib/stdlib/src/test/java/com/peterphi/std/types/TimecodeTest.java: Recompile with -Xlint:deprecation for details.
[INFO] 
[INFO] --- maven-surefire-plugin:2.19:test (default-test) @ stdlib ---
[INFO] Tests are skipped.
[INFO] 
[INFO] --- maven-jar-plugin:2.6:jar (default-jar) @ stdlib ---
[INFO] Building jar: /home/travis/build/petergeneric/stdlib/stdlib/target/stdlib-9.0.2-SNAPSHOT.jar
[INFO] 
[INFO] --- maven-install-plugin:2.4:install (default-install) @ stdlib ---
[INFO] Installing /home/travis/build/petergeneric/stdlib/stdlib/target/stdlib-9.0.2-SNAPSHOT.jar to /home/travis/.m2/repository/com/peterphi/std/stdlib/9.0.2-SNAPSHOT/stdlib-9.0.2-SNAPSHOT.jar
[INFO] Installing /home/travis/build/petergeneric/stdlib/stdlib/pom.xml to /home/travis/.m2/repository/com/peterphi/std/stdlib/9.0.2-SNAPSHOT/stdlib-9.0.2-SNAPSHOT.pom
[INFO]                                                                         
[INFO] ------------------------------------------------------------------------
[INFO] Building application framework guice modules parent 9.0.2-SNAPSHOT
[INFO] ------------------------------------------------------------------------
[INFO] 
[INFO] --- maven-enforcer-plugin:1.0:enforce (enforce-maven) @ stdlib-guice-parent ---
[INFO] 
[INFO] --- buildnumber-maven-plugin:1.3:create (default) @ stdlib-guice-parent ---
[INFO] 
[INFO] --- maven-install-plugin:2.4:install (default-install) @ stdlib-guice-parent ---
[INFO] Installing /home/travis/build/petergeneric/stdlib/guice/pom.xml to /home/travis/.m2/repository/com/peterphi/std/guice/stdlib-guice-parent/9.0.2-SNAPSHOT/stdlib-guice-parent-9.0.2-SNAPSHOT.pom
[INFO]                                                                         
[INFO] ------------------------------------------------------------------------
[INFO] Building stdlib guice common 9.0.2-SNAPSHOT
[INFO] ------------------------------------------------------------------------
[WARNING] The artifact xml-apis:xml-apis:jar:2.0.2 has been relocated to xml-apis:xml-apis:jar:1.0.b2
[INFO] 
[INFO] --- maven-enforcer-plugin:1.0:enforce (enforce-maven) @ stdlib-guice-common ---
[INFO] 
[INFO] --- buildnumber-maven-plugin:1.3:create (default) @ stdlib-guice-common ---
[INFO] 
[INFO] --- maven-resources-plugin:2.6:resources (default-resources) @ stdlib-guice-common ---
[INFO] Using 'UTF-8' encoding to copy filtered resources.
[INFO] Copying 1 resource
[INFO] 
[INFO] --- maven-compiler-plugin:3.3:compile (default-compile) @ stdlib-guice-common ---
[INFO] Changes detected - recompiling the module!
[INFO] Compiling 121 source files to /home/travis/build/petergeneric/stdlib/guice/common/target/classes
[INFO] /home/travis/build/petergeneric/stdlib/guice/common/src/main/java/com/peterphi/std/guice/restclient/resteasy/impl/BearerAuthSchemeProvider.java: Some input files use or override a deprecated API.
[INFO] /home/travis/build/petergeneric/stdlib/guice/common/src/main/java/com/peterphi/std/guice/restclient/resteasy/impl/BearerAuthSchemeProvider.java: Recompile with -Xlint:deprecation for details.
[INFO] /home/travis/build/petergeneric/stdlib/guice/common/src/main/java/com/peterphi/std/guice/common/serviceprops/ConfigurationProperty.java: Some input files use unchecked or unsafe operations.
[INFO] /home/travis/build/petergeneric/stdlib/guice/common/src/main/java/com/peterphi/std/guice/common/serviceprops/ConfigurationProperty.java: Recompile with -Xlint:unchecked for details.
[INFO] 
[INFO] --- maven-resources-plugin:2.6:testResources (default-testResources) @ stdlib-guice-common ---
[INFO] Using 'UTF-8' encoding to copy filtered resources.
[INFO] Copying 2 resources
[INFO] 
[INFO] --- maven-compiler-plugin:3.3:testCompile (default-testCompile) @ stdlib-guice-common ---
[INFO] Changes detected - recompiling the module!
[INFO] Compiling 12 source files to /home/travis/build/petergeneric/stdlib/guice/common/target/test-classes
[INFO] 
[INFO] --- maven-surefire-plugin:2.19:test (default-test) @ stdlib-guice-common ---
[INFO] Tests are skipped.
[INFO] 
[INFO] --- maven-jar-plugin:2.6:jar (default-jar) @ stdlib-guice-common ---
[INFO] Building jar: /home/travis/build/petergeneric/stdlib/guice/common/target/stdlib-guice-common-9.0.2-SNAPSHOT.jar
[INFO] 
[INFO] --- maven-install-plugin:2.4:install (default-install) @ stdlib-guice-common ---
[INFO] Installing /home/travis/build/petergeneric/stdlib/guice/common/target/stdlib-guice-common-9.0.2-SNAPSHOT.jar to /home/travis/.m2/repository/com/peterphi/std/guice/stdlib-guice-common/9.0.2-SNAPSHOT/stdlib-guice-common-9.0.2-SNAPSHOT.jar
[INFO] Installing /home/travis/build/petergeneric/stdlib/guice/common/pom.xml to /home/travis/.m2/repository/com/peterphi/std/guice/stdlib-guice-common/9.0.2-SNAPSHOT/stdlib-guice-common-9.0.2-SNAPSHOT.pom
[INFO]                                                                         
[INFO] ------------------------------------------------------------------------
[INFO] Building stdlib guice webapp 9.0.2-SNAPSHOT
[INFO] ------------------------------------------------------------------------
[WARNING] The artifact xml-apis:xml-apis:jar:2.0.2 has been relocated to xml-apis:xml-apis:jar:1.0.b2
[INFO] 
[INFO] --- maven-enforcer-plugin:1.0:enforce (enforce-maven) @ stdlib-guice-webapp ---
[INFO] 
[INFO] --- buildnumber-maven-plugin:1.3:create (default) @ stdlib-guice-webapp ---
[INFO] 
[INFO] --- maven-resources-plugin:2.6:resources (default-resources) @ stdlib-guice-webapp ---
[INFO] Using 'UTF-8' encoding to copy filtered resources.
[INFO] Copying 9 resources
[INFO] 
[INFO] --- maven-compiler-plugin:3.3:compile (default-compile) @ stdlib-guice-webapp ---
[INFO] Changes detected - recompiling the module!
[INFO] Compiling 74 source files to /home/travis/build/petergeneric/stdlib/guice/webapp/target/classes
[INFO] /home/travis/build/petergeneric/stdlib/guice/webapp/src/main/java/com/peterphi/std/guice/web/rest/setup/JAXRSClientProvider.java: Some input files use unchecked or unsafe operations.
[INFO] /home/travis/build/petergeneric/stdlib/guice/webapp/src/main/java/com/peterphi/std/guice/web/rest/setup/JAXRSClientProvider.java: Recompile with -Xlint:unchecked for details.
[INFO] 
[INFO] --- maven-resources-plugin:2.6:testResources (default-testResources) @ stdlib-guice-webapp ---
[INFO] Using 'UTF-8' encoding to copy filtered resources.
[INFO] skip non existing resourceDirectory /home/travis/build/petergeneric/stdlib/guice/webapp/src/test/resources
[INFO] 
[INFO] --- maven-compiler-plugin:3.3:testCompile (default-testCompile) @ stdlib-guice-webapp ---
[INFO] Changes detected - recompiling the module!
[INFO] Compiling 2 source files to /home/travis/build/petergeneric/stdlib/guice/webapp/target/test-classes
[INFO] 
[INFO] --- maven-surefire-plugin:2.19:test (default-test) @ stdlib-guice-webapp ---
[INFO] Tests are skipped.
[INFO] 
[INFO] --- maven-jar-plugin:2.6:jar (default-jar) @ stdlib-guice-webapp ---
[INFO] Building jar: /home/travis/build/petergeneric/stdlib/guice/webapp/target/stdlib-guice-webapp-9.0.2-SNAPSHOT.jar
[INFO] 
[INFO] --- maven-install-plugin:2.4:install (default-install) @ stdlib-guice-webapp ---
[INFO] Installing /home/travis/build/petergeneric/stdlib/guice/webapp/target/stdlib-guice-webapp-9.0.2-SNAPSHOT.jar to /home/travis/.m2/repository/com/peterphi/std/guice/stdlib-guice-webapp/9.0.2-SNAPSHOT/stdlib-guice-webapp-9.0.2-SNAPSHOT.jar
[INFO] Installing /home/travis/build/petergeneric/stdlib/guice/webapp/pom.xml to /home/travis/.m2/repository/com/peterphi/std/guice/stdlib-guice-webapp/9.0.2-SNAPSHOT/stdlib-guice-webapp-9.0.2-SNAPSHOT.pom
[INFO]                                                                         
[INFO] ------------------------------------------------------------------------
[INFO] Building stdlib guice metrics 9.0.2-SNAPSHOT
[INFO] ------------------------------------------------------------------------
[INFO] 
[INFO] --- maven-enforcer-plugin:1.0:enforce (enforce-maven) @ stdlib-guice-metrics ---
[INFO] 
[INFO] --- buildnumber-maven-plugin:1.3:create (default) @ stdlib-guice-metrics ---
[INFO] 
[INFO] --- maven-resources-plugin:2.6:resources (default-resources) @ stdlib-guice-metrics ---
[INFO] Using 'UTF-8' encoding to copy filtered resources.
[INFO] Copying 3 resources
[INFO] 
[INFO] --- maven-compiler-plugin:3.3:compile (default-compile) @ stdlib-guice-metrics ---
[INFO] Changes detected - recompiling the module!
[INFO] Compiling 20 source files to /home/travis/build/petergeneric/stdlib/guice/metrics/target/classes
[INFO] /home/travis/build/petergeneric/stdlib/guice/metrics/src/main/java/com/peterphi/std/guice/metrics/rest/impl/MetricsRestServiceImpl.java: /home/travis/build/petergeneric/stdlib/guice/metrics/src/main/java/com/peterphi/std/guice/metrics/rest/impl/MetricsRestServiceImpl.java uses unchecked or unsafe operations.
[INFO] /home/travis/build/petergeneric/stdlib/guice/metrics/src/main/java/com/peterphi/std/guice/metrics/rest/impl/MetricsRestServiceImpl.java: Recompile with -Xlint:unchecked for details.
[INFO] 
[INFO] --- maven-resources-plugin:2.6:testResources (default-testResources) @ stdlib-guice-metrics ---
[INFO] Using 'UTF-8' encoding to copy filtered resources.
[INFO] skip non existing resourceDirectory /home/travis/build/petergeneric/stdlib/guice/metrics/src/test/resources
[INFO] 
[INFO] --- maven-compiler-plugin:3.3:testCompile (default-testCompile) @ stdlib-guice-metrics ---
[INFO] No sources to compile
[INFO] 
[INFO] --- maven-surefire-plugin:2.19:test (default-test) @ stdlib-guice-metrics ---
[INFO] Tests are skipped.
[INFO] 
[INFO] --- maven-jar-plugin:2.6:jar (default-jar) @ stdlib-guice-metrics ---
[INFO] Building jar: /home/travis/build/petergeneric/stdlib/guice/metrics/target/stdlib-guice-metrics-9.0.2-SNAPSHOT.jar
[INFO] 
[INFO] --- maven-install-plugin:2.4:install (default-install) @ stdlib-guice-metrics ---
[INFO] Installing /home/travis/build/petergeneric/stdlib/guice/metrics/target/stdlib-guice-metrics-9.0.2-SNAPSHOT.jar to /home/travis/.m2/repository/com/peterphi/std/guice/stdlib-guice-metrics/9.0.2-SNAPSHOT/stdlib-guice-metrics-9.0.2-SNAPSHOT.jar
[INFO] Installing /home/travis/build/petergeneric/stdlib/guice/metrics/pom.xml to /home/travis/.m2/repository/com/peterphi/std/guice/stdlib-guice-metrics/9.0.2-SNAPSHOT/stdlib-guice-metrics-9.0.2-SNAPSHOT.pom
[INFO]                                                                         
[INFO] ------------------------------------------------------------------------
[INFO] Building stdlib guice freemarker webapp 9.0.2-SNAPSHOT
[INFO] ------------------------------------------------------------------------
[INFO] 
[INFO] --- maven-enforcer-plugin:1.0:enforce (enforce-maven) @ stdlib-guice-freemarker ---
[INFO] 
[INFO] --- buildnumber-maven-plugin:1.3:create (default) @ stdlib-guice-freemarker ---
[INFO] 
[INFO] --- maven-resources-plugin:2.6:resources (default-resources) @ stdlib-guice-freemarker ---
[INFO] Using 'UTF-8' encoding to copy filtered resources.
[INFO] skip non existing resourceDirectory /home/travis/build/petergeneric/stdlib/guice/freemarker/src/main/resources
[INFO] 
[INFO] --- maven-compiler-plugin:3.3:compile (default-compile) @ stdlib-guice-freemarker ---
[INFO] Changes detected - recompiling the module!
[INFO] Compiling 5 source files to /home/travis/build/petergeneric/stdlib/guice/freemarker/target/classes
[INFO] 
[INFO] --- maven-resources-plugin:2.6:testResources (default-testResources) @ stdlib-guice-freemarker ---
[INFO] Using 'UTF-8' encoding to copy filtered resources.
[INFO] skip non existing resourceDirectory /home/travis/build/petergeneric/stdlib/guice/freemarker/src/test/resources
[INFO] 
[INFO] --- maven-compiler-plugin:3.3:testCompile (default-testCompile) @ stdlib-guice-freemarker ---
[INFO] No sources to compile
[INFO] 
[INFO] --- maven-surefire-plugin:2.19:test (default-test) @ stdlib-guice-freemarker ---
[INFO] Tests are skipped.
[INFO] 
[INFO] --- maven-jar-plugin:2.6:jar (default-jar) @ stdlib-guice-freemarker ---
[INFO] Building jar: /home/travis/build/petergeneric/stdlib/guice/freemarker/target/stdlib-guice-freemarker-9.0.2-SNAPSHOT.jar
[INFO] 
[INFO] --- maven-install-plugin:2.4:install (default-install) @ stdlib-guice-freemarker ---
[INFO] Installing /home/travis/build/petergeneric/stdlib/guice/freemarker/target/stdlib-guice-freemarker-9.0.2-SNAPSHOT.jar to /home/travis/.m2/repository/com/peterphi/std/guice/stdlib-guice-freemarker/9.0.2-SNAPSHOT/stdlib-guice-freemarker-9.0.2-SNAPSHOT.jar
[INFO] Installing /home/travis/build/petergeneric/stdlib/guice/freemarker/pom.xml to /home/travis/.m2/repository/com/peterphi/std/guice/stdlib-guice-freemarker/9.0.2-SNAPSHOT/stdlib-guice-freemarker-9.0.2-SNAPSHOT.pom
[INFO]                                                                         
[INFO] ------------------------------------------------------------------------
[INFO] Building stdlib guice testing support 9.0.2-SNAPSHOT
[INFO] ------------------------------------------------------------------------
[INFO] 
[INFO] --- maven-enforcer-plugin:1.0:enforce (enforce-maven) @ stdlib-guice-testing ---
[INFO] 
[INFO] --- buildnumber-maven-plugin:1.3:create (default) @ stdlib-guice-testing ---
[INFO] 
[INFO] --- maven-resources-plugin:2.6:resources (default-resources) @ stdlib-guice-testing ---
[INFO] Using 'UTF-8' encoding to copy filtered resources.
[INFO] skip non existing resourceDirectory /home/travis/build/petergeneric/stdlib/guice/testing/src/main/resources
[INFO] 
[INFO] --- maven-compiler-plugin:3.3:compile (default-compile) @ stdlib-guice-testing ---
[INFO] Changes detected - recompiling the module!
[INFO] Compiling 15 source files to /home/travis/build/petergeneric/stdlib/guice/testing/target/classes
[INFO] /home/travis/build/petergeneric/stdlib/guice/testing/src/main/java/com/peterphi/std/guice/testing/AutomockAnnotatedMockModule.java: /home/travis/build/petergeneric/stdlib/guice/testing/src/main/java/com/peterphi/std/guice/testing/AutomockAnnotatedMockModule.java uses unchecked or unsafe operations.
[INFO] /home/travis/build/petergeneric/stdlib/guice/testing/src/main/java/com/peterphi/std/guice/testing/AutomockAnnotatedMockModule.java: Recompile with -Xlint:unchecked for details.
[INFO] 
[INFO] --- maven-resources-plugin:2.6:testResources (default-testResources) @ stdlib-guice-testing ---
[INFO] Using 'UTF-8' encoding to copy filtered resources.
[INFO] skip non existing resourceDirectory /home/travis/build/petergeneric/stdlib/guice/testing/src/test/resources
[INFO] 
[INFO] --- maven-compiler-plugin:3.3:testCompile (default-testCompile) @ stdlib-guice-testing ---
[INFO] Changes detected - recompiling the module!
[INFO] Compiling 2 source files to /home/travis/build/petergeneric/stdlib/guice/testing/target/test-classes
[INFO] 
[INFO] --- maven-surefire-plugin:2.19:test (default-test) @ stdlib-guice-testing ---
[INFO] Tests are skipped.
[INFO] 
[INFO] --- maven-jar-plugin:2.6:jar (default-jar) @ stdlib-guice-testing ---
[INFO] Building jar: /home/travis/build/petergeneric/stdlib/guice/testing/target/stdlib-guice-testing-9.0.2-SNAPSHOT.jar
[INFO] 
[INFO] --- maven-install-plugin:2.4:install (default-install) @ stdlib-guice-testing ---
[INFO] Installing /home/travis/build/petergeneric/stdlib/guice/testing/target/stdlib-guice-testing-9.0.2-SNAPSHOT.jar to /home/travis/.m2/repository/com/peterphi/std/guice/stdlib-guice-testing/9.0.2-SNAPSHOT/stdlib-guice-testing-9.0.2-SNAPSHOT.jar
[INFO] Installing /home/travis/build/petergeneric/stdlib/guice/testing/pom.xml to /home/travis/.m2/repository/com/peterphi/std/guice/stdlib-guice-testing/9.0.2-SNAPSHOT/stdlib-guice-testing-9.0.2-SNAPSHOT.pom
[INFO]                                                                         
[INFO] ------------------------------------------------------------------------
[INFO] Building stdlib guice hibernate 9.0.2-SNAPSHOT
[INFO] ------------------------------------------------------------------------
[INFO] 
[INFO] --- maven-enforcer-plugin:1.0:enforce (enforce-maven) @ stdlib-guice-hibernate ---
[INFO] 
[INFO] --- buildnumber-maven-plugin:1.3:create (default) @ stdlib-guice-hibernate ---
[INFO] 
[INFO] --- maven-resources-plugin:2.6:resources (default-resources) @ stdlib-guice-hibernate ---
[INFO] Using 'UTF-8' encoding to copy filtered resources.
[INFO] Copying 1 resource
[INFO] 
[INFO] --- maven-compiler-plugin:3.3:compile (default-compile) @ stdlib-guice-hibernate ---
[INFO] Changes detected - recompiling the module!
[INFO] Compiling 61 source files to /home/travis/build/petergeneric/stdlib/guice/hibernate/target/classes
[INFO] /home/travis/build/petergeneric/stdlib/guice/hibernate/src/main/java/com/peterphi/std/guice/hibernate/module/HibernateServiceRegistryProvider.java: Some input files use or override a deprecated API.
[INFO] /home/travis/build/petergeneric/stdlib/guice/hibernate/src/main/java/com/peterphi/std/guice/hibernate/module/HibernateServiceRegistryProvider.java: Recompile with -Xlint:deprecation for details.
[INFO] /home/travis/build/petergeneric/stdlib/guice/hibernate/src/main/java/com/peterphi/std/guice/hibernate/dao/HibernateDao.java: /home/travis/build/petergeneric/stdlib/guice/hibernate/src/main/java/com/peterphi/std/guice/hibernate/dao/HibernateDao.java uses unchecked or unsafe operations.
[INFO] /home/travis/build/petergeneric/stdlib/guice/hibernate/src/main/java/com/peterphi/std/guice/hibernate/dao/HibernateDao.java: Recompile with -Xlint:unchecked for details.
[INFO] 
[INFO] --- maven-resources-plugin:2.6:testResources (default-testResources) @ stdlib-guice-hibernate ---
[INFO] Using 'UTF-8' encoding to copy filtered resources.
[INFO] Copying 2 resources
[INFO] 
[INFO] --- maven-compiler-plugin:3.3:testCompile (default-testCompile) @ stdlib-guice-hibernate ---
[INFO] Changes detected - recompiling the module!
[INFO] Compiling 32 source files to /home/travis/build/petergeneric/stdlib/guice/hibernate/target/test-classes
[INFO] 
[INFO] --- maven-surefire-plugin:2.19:test (default-test) @ stdlib-guice-hibernate ---
[INFO] Tests are skipped.
[INFO] 
[INFO] --- maven-jar-plugin:2.6:jar (default-jar) @ stdlib-guice-hibernate ---
[INFO] Building jar: /home/travis/build/petergeneric/stdlib/guice/hibernate/target/stdlib-guice-hibernate-9.0.2-SNAPSHOT.jar
[INFO] 
[INFO] --- maven-install-plugin:2.4:install (default-install) @ stdlib-guice-hibernate ---
[INFO] Installing /home/travis/build/petergeneric/stdlib/guice/hibernate/target/stdlib-guice-hibernate-9.0.2-SNAPSHOT.jar to /home/travis/.m2/repository/com/peterphi/std/guice/stdlib-guice-hibernate/9.0.2-SNAPSHOT/stdlib-guice-hibernate-9.0.2-SNAPSHOT.jar
[INFO] Installing /home/travis/build/petergeneric/stdlib/guice/hibernate/pom.xml to /home/travis/.m2/repository/com/peterphi/std/guice/stdlib-guice-hibernate/9.0.2-SNAPSHOT/stdlib-guice-hibernate-9.0.2-SNAPSHOT.pom
[INFO]                                                                         
[INFO] ------------------------------------------------------------------------
[INFO] Building stdlib guice hibernate testing support 9.0.2-SNAPSHOT
[INFO] ------------------------------------------------------------------------
[INFO] 
[INFO] --- maven-enforcer-plugin:1.0:enforce (enforce-maven) @ stdlib-guice-hibernate-testing ---
[INFO] 
[INFO] --- buildnumber-maven-plugin:1.3:create (default) @ stdlib-guice-hibernate-testing ---
[INFO] 
[INFO] --- maven-resources-plugin:2.6:resources (default-resources) @ stdlib-guice-hibernate-testing ---
[INFO] Using 'UTF-8' encoding to copy filtered resources.
[INFO] Copying 2 resources
[INFO] 
[INFO] --- maven-compiler-plugin:3.3:compile (default-compile) @ stdlib-guice-hibernate-testing ---
[INFO] Changes detected - recompiling the module!
[INFO] Compiling 4 source files to /home/travis/build/petergeneric/stdlib/guice/hibernate-testing/target/classes
[INFO] 
[INFO] --- maven-resources-plugin:2.6:testResources (default-testResources) @ stdlib-guice-hibernate-testing ---
[INFO] Using 'UTF-8' encoding to copy filtered resources.
[INFO] Copying 1 resource
[INFO] 
[INFO] --- maven-compiler-plugin:3.3:testCompile (default-testCompile) @ stdlib-guice-hibernate-testing ---
[INFO] Changes detected - recompiling the module!
[INFO] Compiling 3 source files to /home/travis/build/petergeneric/stdlib/guice/hibernate-testing/target/test-classes
[INFO] 
[INFO] --- maven-surefire-plugin:2.19:test (default-test) @ stdlib-guice-hibernate-testing ---
[INFO] Tests are skipped.
[INFO] 
[INFO] --- maven-jar-plugin:2.6:jar (default-jar) @ stdlib-guice-hibernate-testing ---
[INFO] Building jar: /home/travis/build/petergeneric/stdlib/guice/hibernate-testing/target/stdlib-guice-hibernate-testing-9.0.2-SNAPSHOT.jar
[INFO] 
[INFO] --- maven-install-plugin:2.4:install (default-install) @ stdlib-guice-hibernate-testing ---
[INFO] Installing /home/travis/build/petergeneric/stdlib/guice/hibernate-testing/target/stdlib-guice-hibernate-testing-9.0.2-SNAPSHOT.jar to /home/travis/.m2/repository/com/peterphi/std/guice/stdlib-guice-hibernate-testing/9.0.2-SNAPSHOT/stdlib-guice-hibernate-testing-9.0.2-SNAPSHOT.jar
[INFO] Installing /home/travis/build/petergeneric/stdlib/guice/hibernate-testing/pom.xml to /home/travis/.m2/repository/com/peterphi/std/guice/stdlib-guice-hibernate-testing/9.0.2-SNAPSHOT/stdlib-guice-hibernate-testing-9.0.2-SNAPSHOT.pom
[INFO]                                                                         
[INFO] ------------------------------------------------------------------------
[INFO] Building stdlib guice liquibase support 9.0.2-SNAPSHOT
[INFO] ------------------------------------------------------------------------
[INFO] 
[INFO] --- maven-enforcer-plugin:1.0:enforce (enforce-maven) @ stdlib-guice-liquibase ---
[INFO] 
[INFO] --- buildnumber-maven-plugin:1.3:create (default) @ stdlib-guice-liquibase ---
[INFO] 
[INFO] --- maven-resources-plugin:2.6:resources (default-resources) @ stdlib-guice-liquibase ---
[INFO] Using 'UTF-8' encoding to copy filtered resources.
[INFO] Copying 1 resource
[INFO] 
[INFO] --- maven-compiler-plugin:3.3:compile (default-compile) @ stdlib-guice-liquibase ---
[INFO] Changes detected - recompiling the module!
[INFO] Compiling 7 source files to /home/travis/build/petergeneric/stdlib/guice/liquibase/target/classes
[INFO] 
[INFO] --- maven-resources-plugin:2.6:testResources (default-testResources) @ stdlib-guice-liquibase ---
[INFO] Using 'UTF-8' encoding to copy filtered resources.
[INFO] Copying 4 resources
[INFO] 
[INFO] --- maven-compiler-plugin:3.3:testCompile (default-testCompile) @ stdlib-guice-liquibase ---
[INFO] Changes detected - recompiling the module!
[INFO] Compiling 3 source files to /home/travis/build/petergeneric/stdlib/guice/liquibase/target/test-classes
[INFO] 
[INFO] --- maven-surefire-plugin:2.19:test (default-test) @ stdlib-guice-liquibase ---
[INFO] Tests are skipped.
[INFO] 
[INFO] --- maven-jar-plugin:2.6:jar (default-jar) @ stdlib-guice-liquibase ---
[INFO] Building jar: /home/travis/build/petergeneric/stdlib/guice/liquibase/target/stdlib-guice-liquibase-9.0.2-SNAPSHOT.jar
[INFO] 
[INFO] --- maven-install-plugin:2.4:install (default-install) @ stdlib-guice-liquibase ---
[INFO] Installing /home/travis/build/petergeneric/stdlib/guice/liquibase/target/stdlib-guice-liquibase-9.0.2-SNAPSHOT.jar to /home/travis/.m2/repository/com/peterphi/std/guice/stdlib-guice-liquibase/9.0.2-SNAPSHOT/stdlib-guice-liquibase-9.0.2-SNAPSHOT.jar
[INFO] Installing /home/travis/build/petergeneric/stdlib/guice/liquibase/pom.xml to /home/travis/.m2/repository/com/peterphi/std/guice/stdlib-guice-liquibase/9.0.2-SNAPSHOT/stdlib-guice-liquibase-9.0.2-SNAPSHOT.pom
[INFO]                                                                         
[INFO] ------------------------------------------------------------------------
[INFO] Building stdlib guice test rest client 9.0.2-SNAPSHOT
[INFO] ------------------------------------------------------------------------
[INFO] 
[INFO] --- maven-enforcer-plugin:1.0:enforce (enforce-maven) @ stdlib-guice-sample-rest-service ---
[INFO] 
[INFO] --- buildnumber-maven-plugin:1.3:create (default) @ stdlib-guice-sample-rest-service ---
[INFO] 
[INFO] --- maven-resources-plugin:2.6:resources (default-resources) @ stdlib-guice-sample-rest-service ---
[INFO] Using 'UTF-8' encoding to copy filtered resources.
[INFO] Copying 5 resources
[INFO] 
[INFO] --- maven-compiler-plugin:3.3:compile (default-compile) @ stdlib-guice-sample-rest-service ---
[INFO] Changes detected - recompiling the module!
[INFO] Compiling 5 source files to /home/travis/build/petergeneric/stdlib/guice/sample-rest-service/target/classes
[INFO] 
[INFO] --- maven-resources-plugin:2.6:testResources (default-testResources) @ stdlib-guice-sample-rest-service ---
[INFO] Using 'UTF-8' encoding to copy filtered resources.
[INFO] skip non existing resourceDirectory /home/travis/build/petergeneric/stdlib/guice/sample-rest-service/src/test/resources
[INFO] 
[INFO] --- maven-compiler-plugin:3.3:testCompile (default-testCompile) @ stdlib-guice-sample-rest-service ---
[INFO] No sources to compile
[INFO] 
[INFO] --- maven-surefire-plugin:2.19:test (default-test) @ stdlib-guice-sample-rest-service ---
[INFO] Tests are skipped.
[INFO] 
[INFO] --- maven-war-plugin:2.6:war (default-war) @ stdlib-guice-sample-rest-service ---
[INFO] Packaging webapp
[INFO] Assembling webapp [stdlib-guice-sample-rest-service] in [/home/travis/build/petergeneric/stdlib/guice/sample-rest-service/target/stdlib-guice-sample-rest-service-9.0.2-SNAPSHOT]
[INFO] Processing war project
[INFO] Copying webapp resources [/home/travis/build/petergeneric/stdlib/guice/sample-rest-service/src/main/webapp]
[INFO] Webapp assembled in [616 msecs]
[INFO] Building war: /home/travis/build/petergeneric/stdlib/guice/sample-rest-service/target/stdlib-guice-sample-rest-service-9.0.2-SNAPSHOT.war
[INFO] 
[INFO] --- maven-install-plugin:2.4:install (default-install) @ stdlib-guice-sample-rest-service ---
[INFO] Installing /home/travis/build/petergeneric/stdlib/guice/sample-rest-service/target/stdlib-guice-sample-rest-service-9.0.2-SNAPSHOT.war to /home/travis/.m2/repository/com/peterphi/std/guice/stdlib-guice-sample-rest-service/9.0.2-SNAPSHOT/stdlib-guice-sample-rest-service-9.0.2-SNAPSHOT.war
[INFO] Installing /home/travis/build/petergeneric/stdlib/guice/sample-rest-service/pom.xml to /home/travis/.m2/repository/com/peterphi/std/guice/stdlib-guice-sample-rest-service/9.0.2-SNAPSHOT/stdlib-guice-sample-rest-service-9.0.2-SNAPSHOT.pom
[INFO]                                                                         
[INFO] ------------------------------------------------------------------------
[INFO] Building carbon client 9.0.2-SNAPSHOT
[INFO] ------------------------------------------------------------------------
[INFO] 
[INFO] --- maven-enforcer-plugin:1.0:enforce (enforce-maven) @ carbon-client ---
[INFO] 
[INFO] --- buildnumber-maven-plugin:1.3:create (default) @ carbon-client ---
[INFO] 
[INFO] --- maven-resources-plugin:2.6:resources (default-resources) @ carbon-client ---
[INFO] Using 'UTF-8' encoding to copy filtered resources.
[INFO] Copying 1 resource
[INFO] 
[INFO] --- maven-compiler-plugin:3.3:compile (default-compile) @ carbon-client ---
[INFO] Changes detected - recompiling the module!
[INFO] Compiling 28 source files to /home/travis/build/petergeneric/stdlib/util/carbon-client/target/classes
[INFO] 
[INFO] --- maven-resources-plugin:2.6:testResources (default-testResources) @ carbon-client ---
[INFO] Using 'UTF-8' encoding to copy filtered resources.
[INFO] Copying 3 resources
[INFO] 
[INFO] --- maven-compiler-plugin:3.3:testCompile (default-testCompile) @ carbon-client ---
[INFO] Changes detected - recompiling the module!
[INFO] Compiling 2 source files to /home/travis/build/petergeneric/stdlib/util/carbon-client/target/test-classes
[INFO] 
[INFO] --- maven-surefire-plugin:2.19:test (default-test) @ carbon-client ---
[INFO] Tests are skipped.
[INFO] 
[INFO] --- maven-jar-plugin:2.6:jar (default-jar) @ carbon-client ---
[INFO] Building jar: /home/travis/build/petergeneric/stdlib/util/carbon-client/target/carbon-client-9.0.2-SNAPSHOT.jar
[INFO] 
[INFO] --- maven-install-plugin:2.4:install (default-install) @ carbon-client ---
[INFO] Installing /home/travis/build/petergeneric/stdlib/util/carbon-client/target/carbon-client-9.0.2-SNAPSHOT.jar to /home/travis/.m2/repository/com/peterphi/std/util/carbon/carbon-client/9.0.2-SNAPSHOT/carbon-client-9.0.2-SNAPSHOT.jar
[INFO] Installing /home/travis/build/petergeneric/stdlib/util/carbon-client/pom.xml to /home/travis/.m2/repository/com/peterphi/std/util/carbon/carbon-client/9.0.2-SNAPSHOT/carbon-client-9.0.2-SNAPSHOT.pom
[INFO]                                                                         
[INFO] ------------------------------------------------------------------------
[INFO] Building configuration 9.0.2-SNAPSHOT
[INFO] ------------------------------------------------------------------------
[INFO] 
[INFO] --- maven-enforcer-plugin:1.0:enforce (enforce-maven) @ config-parent ---
[INFO] 
[INFO] --- buildnumber-maven-plugin:1.3:create (default) @ config-parent ---
[INFO] 
[INFO] --- maven-install-plugin:2.4:install (default-install) @ config-parent ---
[INFO] Installing /home/travis/build/petergeneric/stdlib/configuration/pom.xml to /home/travis/.m2/repository/com/peterphi/std/config/config-parent/9.0.2-SNAPSHOT/config-parent-9.0.2-SNAPSHOT.pom
[INFO]                                                                         
[INFO] ------------------------------------------------------------------------
[INFO] Building Configuration Service 9.0.2-SNAPSHOT
[INFO] ------------------------------------------------------------------------
[INFO] 
[INFO] --- maven-enforcer-plugin:1.0:enforce (enforce-maven) @ configuration ---
[INFO] 
[INFO] --- buildnumber-maven-plugin:1.3:create (default) @ configuration ---
[INFO] 
[INFO] --- maven-resources-plugin:2.6:resources (default-resources) @ configuration ---
[INFO] Using 'UTF-8' encoding to copy filtered resources.
[INFO] Copying 4 resources
[INFO] 
[INFO] --- maven-compiler-plugin:3.3:compile (default-compile) @ configuration ---
[INFO] Changes detected - recompiling the module!
[INFO] Compiling 9 source files to /home/travis/build/petergeneric/stdlib/configuration/configuration/target/classes
[INFO] 
[INFO] --- maven-resources-plugin:2.6:testResources (default-testResources) @ configuration ---
[INFO] Using 'UTF-8' encoding to copy filtered resources.
[INFO] Copying 1 resource
[INFO] 
[INFO] --- maven-compiler-plugin:3.3:testCompile (default-testCompile) @ configuration ---
[INFO] Changes detected - recompiling the module!
[INFO] Compiling 1 source file to /home/travis/build/petergeneric/stdlib/configuration/configuration/target/test-classes
[INFO] 
[INFO] --- maven-surefire-plugin:2.19:test (default-test) @ configuration ---
[INFO] Tests are skipped.
[INFO] 
[INFO] --- maven-war-plugin:2.6:war (default-war) @ configuration ---
[INFO] Packaging webapp
[INFO] Assembling webapp [configuration] in [/home/travis/build/petergeneric/stdlib/configuration/configuration/target/configuration-9.0.2-SNAPSHOT]
[INFO] Processing war project
[INFO] Copying webapp resources [/home/travis/build/petergeneric/stdlib/configuration/configuration/src/main/webapp]
[INFO] Webapp assembled in [444 msecs]
[INFO] Building war: /home/travis/build/petergeneric/stdlib/configuration/configuration/target/configuration-9.0.2-SNAPSHOT.war
[INFO] 
[INFO] --- maven-install-plugin:2.4:install (default-install) @ configuration ---
[INFO] Installing /home/travis/build/petergeneric/stdlib/configuration/configuration/target/configuration-9.0.2-SNAPSHOT.war to /home/travis/.m2/repository/com/peterphi/std/config/configuration/9.0.2-SNAPSHOT/configuration-9.0.2-SNAPSHOT.war
[INFO] Installing /home/travis/build/petergeneric/stdlib/configuration/configuration/pom.xml to /home/travis/.m2/repository/com/peterphi/std/config/configuration/9.0.2-SNAPSHOT/configuration-9.0.2-SNAPSHOT.pom
[INFO]                                                                         
[INFO] ------------------------------------------------------------------------
[INFO] Building user-manager 9.0.2-SNAPSHOT
[INFO] ------------------------------------------------------------------------
[INFO] 
[INFO] --- maven-enforcer-plugin:1.0:enforce (enforce-maven) @ user-manager-parent ---
[INFO] 
[INFO] --- buildnumber-maven-plugin:1.3:create (default) @ user-manager-parent ---
[INFO] 
[INFO] --- maven-install-plugin:2.4:install (default-install) @ user-manager-parent ---
[INFO] Installing /home/travis/build/petergeneric/stdlib/user-manager/pom.xml to /home/travis/.m2/repository/com/peterphi/user-manager/user-manager-parent/9.0.2-SNAPSHOT/user-manager-parent-9.0.2-SNAPSHOT.pom
[INFO]                                                                         
[INFO] ------------------------------------------------------------------------
[INFO] Building user manager rest api 9.0.2-SNAPSHOT
[INFO] ------------------------------------------------------------------------
[INFO] 
[INFO] --- maven-enforcer-plugin:1.0:enforce (enforce-maven) @ user-manager-api ---
[INFO] 
[INFO] --- buildnumber-maven-plugin:1.3:create (default) @ user-manager-api ---
[INFO] 
[INFO] --- maven-resources-plugin:2.6:resources (default-resources) @ user-manager-api ---
[INFO] Using 'UTF-8' encoding to copy filtered resources.
[INFO] skip non existing resourceDirectory /home/travis/build/petergeneric/stdlib/user-manager/api/src/main/resources
[INFO] 
[INFO] --- maven-compiler-plugin:3.3:compile (default-compile) @ user-manager-api ---
[INFO] Changes detected - recompiling the module!
[INFO] Compiling 4 source files to /home/travis/build/petergeneric/stdlib/user-manager/api/target/classes
[INFO] 
[INFO] --- maven-resources-plugin:2.6:testResources (default-testResources) @ user-manager-api ---
[INFO] Using 'UTF-8' encoding to copy filtered resources.
[INFO] skip non existing resourceDirectory /home/travis/build/petergeneric/stdlib/user-manager/api/src/test/resources
[INFO] 
[INFO] --- maven-compiler-plugin:3.3:testCompile (default-testCompile) @ user-manager-api ---
[INFO] No sources to compile
[INFO] 
[INFO] --- maven-surefire-plugin:2.19:test (default-test) @ user-manager-api ---
[INFO] Tests are skipped.
[INFO] 
[INFO] --- maven-jar-plugin:2.6:jar (default-jar) @ user-manager-api ---
[INFO] Building jar: /home/travis/build/petergeneric/stdlib/user-manager/api/target/user-manager-api-9.0.2-SNAPSHOT.jar
[INFO] 
[INFO] --- maven-install-plugin:2.4:install (default-install) @ user-manager-api ---
[INFO] Installing /home/travis/build/petergeneric/stdlib/user-manager/api/target/user-manager-api-9.0.2-SNAPSHOT.jar to /home/travis/.m2/repository/com/peterphi/user-manager/user-manager-api/9.0.2-SNAPSHOT/user-manager-api-9.0.2-SNAPSHOT.jar
[INFO] Installing /home/travis/build/petergeneric/stdlib/user-manager/api/pom.xml to /home/travis/.m2/repository/com/peterphi/user-manager/user-manager-api/9.0.2-SNAPSHOT/user-manager-api-9.0.2-SNAPSHOT.pom
[INFO]                                                                         
[INFO] ------------------------------------------------------------------------
[INFO] Building user manager service 9.0.2-SNAPSHOT
[INFO] ------------------------------------------------------------------------
[INFO] Downloading: http://repo.maven.apache.org/maven2/AzureLogAppender/AzureLogAppender/1.0/AzureLogAppender-1.0.pom
[INFO] Downloading: https://oss.sonatype.org/content/repositories/releases/AzureLogAppender/AzureLogAppender/1.0/AzureLogAppender-1.0.pom
[INFO] Downloading: https://repository.apache.org/releases/AzureLogAppender/AzureLogAppender/1.0/AzureLogAppender-1.0.pom
[WARNING] The POM for AzureLogAppender:AzureLogAppender:jar:1.0 is missing, no dependency information available
[INFO] Downloading: http://repo.maven.apache.org/maven2/AzureLogAppender/AzureLogAppender/1.0/AzureLogAppender-1.0.jar
[INFO] Downloading: https://oss.sonatype.org/content/repositories/releases/AzureLogAppender/AzureLogAppender/1.0/AzureLogAppender-1.0.jar
[INFO] Downloading: https://repository.apache.org/releases/AzureLogAppender/AzureLogAppender/1.0/AzureLogAppender-1.0.jar
[INFO] ------------------------------------------------------------------------
[INFO] Reactor Summary:
[INFO] 
[INFO] application framework parent ....................... SUCCESS [  2.016 s]
[INFO] stdlib ............................................. SUCCESS [ 20.946 s]
[INFO] application framework guice modules parent ......... SUCCESS [  0.116 s]
[INFO] stdlib guice common ................................ SUCCESS [  6.270 s]
[INFO] stdlib guice webapp ................................ SUCCESS [  3.147 s]
[INFO] stdlib guice metrics ............................... SUCCESS [  0.729 s]
[INFO] stdlib guice freemarker webapp ..................... SUCCESS [  0.356 s]
[INFO] stdlib guice testing support ....................... SUCCESS [  0.607 s]
[INFO] stdlib guice hibernate ............................. SUCCESS [  1.956 s]
[INFO] stdlib guice hibernate testing support ............. SUCCESS [  0.559 s]
[INFO] stdlib guice liquibase support ..................... SUCCESS [  0.918 s]
[INFO] stdlib guice test rest client ...................... SUCCESS [  5.182 s]
[INFO] carbon client ...................................... SUCCESS [  0.914 s]
[INFO] configuration ...................................... SUCCESS [  0.065 s]
[INFO] Configuration Service .............................. SUCCESS [  3.601 s]
[INFO] user-manager ....................................... SUCCESS [  0.253 s]
[INFO] user manager rest api .............................. SUCCESS [  0.237 s]
[INFO] user manager service ............................... FAILURE [  4.750 s]
[INFO] ------------------------------------------------------------------------
[INFO] BUILD FAILURE
[INFO] ------------------------------------------------------------------------
[INFO] Total time: 54.538 s
[INFO] Finished at: 2016-08-10T13:00:19+00:00
[INFO] Final Memory: 48M/439M
[INFO] ------------------------------------------------------------------------
[ERROR] Failed to execute goal on project user-manager: Could not resolve dependencies for project com.peterphi.user-manager:user-manager:war:9.0.2-SNAPSHOT: Could not find artifact AzureLogAppender:AzureLogAppender:jar:1.0 in central (http://repo.maven.apache.org/maven2) -> [Help 1]
[ERROR] 
[ERROR] To see the full stack trace of the errors, re-run Maven with the -e switch.
[ERROR] Re-run Maven using the -X switch to enable full debug logging.
[ERROR] 
[ERROR] For more information about the errors and possible solutions, please read the following articles:
[ERROR] [Help 1] http://cwiki.apache.org/confluence/display/MAVEN/DependencyResolutionException
[ERROR] 
[ERROR] After correcting the problems, you can resume the build with the command
[ERROR]   mvn <goals> -rf :user-manager

[31;1mThe command "eval mvn install -DskipTests=true -Dmaven.javadoc.skip=true -B -V" failed. Retrying, 2 of 3.[0m

Java HotSpot(TM) 64-Bit Server VM warning: ignoring option MaxPermSize=192m; support was removed in 8.0
Apache Maven 3.2.5 (12a6b3acb947671f09b81f49094c53f426d8cea1; 2014-12-14T17:29:23+00:00)
Maven home: /usr/local/maven
Java version: 1.8.0_31, vendor: Oracle Corporation
Java home: /usr/lib/jvm/java-8-oracle/jre
Default locale: en_US, platform encoding: UTF-8
OS name: "linux", version: "3.13.0-40-generic", arch: "amd64", family: "unix"
[INFO] Scanning for projects...
[INFO] Inspecting build with total of 18 modules...
[INFO] Installing Nexus Staging features:
[INFO]   ... total of 18 executions of maven-deploy-plugin replaced with nexus-staging-maven-plugin
[INFO] ------------------------------------------------------------------------
[INFO] Reactor Build Order:
[INFO] 
[INFO] application framework parent
[INFO] stdlib
[INFO] application framework guice modules parent
[INFO] stdlib guice common
[INFO] stdlib guice webapp
[INFO] stdlib guice metrics
[INFO] stdlib guice freemarker webapp
[INFO] stdlib guice testing support
[INFO] stdlib guice hibernate
[INFO] stdlib guice hibernate testing support
[INFO] stdlib guice liquibase support
[INFO] stdlib guice test rest client
[INFO] carbon client
[INFO] configuration
[INFO] Configuration Service
[INFO] user-manager
[INFO] user manager rest api
[INFO] user manager service
[INFO]                                                                         
[INFO] ------------------------------------------------------------------------
[INFO] Building application framework parent 9.0.2-SNAPSHOT
[INFO] ------------------------------------------------------------------------
[INFO] 
[INFO] --- maven-enforcer-plugin:1.0:enforce (enforce-maven) @ stdlib-parent ---
[INFO] 
[INFO] --- buildnumber-maven-plugin:1.3:create (default) @ stdlib-parent ---
[INFO] Executing: /bin/sh -c cd /home/travis/build/petergeneric/stdlib && git rev-parse --verify HEAD
[INFO] Working directory: /home/travis/build/petergeneric/stdlib
[INFO] Storing buildNumber: c3270deb35c9df96ba81f1e17795036677bd567e at timestamp: 1470834032351
[WARNING] Cannot get the branch information from the git repository: 
Detecting the current branch failed: fatal: ref HEAD is not a symbolic ref

[INFO] Executing: /bin/sh -c cd /home/travis/build/petergeneric/stdlib && git rev-parse --verify HEAD
[INFO] Working directory: /home/travis/build/petergeneric/stdlib
[INFO] Storing buildScmBranch: UNKNOWN
[INFO] 
[INFO] --- maven-install-plugin:2.4:install (default-install) @ stdlib-parent ---
[INFO] Installing /home/travis/build/petergeneric/stdlib/pom.xml to /home/travis/.m2/repository/com/peterphi/std/stdlib-parent/9.0.2-SNAPSHOT/stdlib-parent-9.0.2-SNAPSHOT.pom
[INFO]                                                                         
[INFO] ------------------------------------------------------------------------
[INFO] Building stdlib 9.0.2-SNAPSHOT
[INFO] ------------------------------------------------------------------------
[INFO] 
[INFO] --- maven-enforcer-plugin:1.0:enforce (enforce-maven) @ stdlib ---
[INFO] 
[INFO] --- buildnumber-maven-plugin:1.3:create (default) @ stdlib ---
[INFO] 
[INFO] --- maven-resources-plugin:2.6:resources (default-resources) @ stdlib ---
[INFO] Using 'UTF-8' encoding to copy filtered resources.
[INFO] skip non existing resourceDirectory /home/travis/build/petergeneric/stdlib/stdlib/src/main/resources
[INFO] 
[INFO] --- maven-compiler-plugin:3.3:compile (default-compile) @ stdlib ---
[INFO] Nothing to compile - all classes are up to date
[INFO] 
[INFO] --- maven-resources-plugin:2.6:testResources (default-testResources) @ stdlib ---
[INFO] Using 'UTF-8' encoding to copy filtered resources.
[INFO] skip non existing resourceDirectory /home/travis/build/petergeneric/stdlib/stdlib/src/test/resources
[INFO] 
[INFO] --- maven-compiler-plugin:3.3:testCompile (default-testCompile) @ stdlib ---
[INFO] Nothing to compile - all classes are up to date
[INFO] 
[INFO] --- maven-surefire-plugin:2.19:test (default-test) @ stdlib ---
[INFO] Tests are skipped.
[INFO] 
[INFO] --- maven-jar-plugin:2.6:jar (default-jar) @ stdlib ---
[INFO] 
[INFO] --- maven-install-plugin:2.4:install (default-install) @ stdlib ---
[INFO] Installing /home/travis/build/petergeneric/stdlib/stdlib/target/stdlib-9.0.2-SNAPSHOT.jar to /home/travis/.m2/repository/com/peterphi/std/stdlib/9.0.2-SNAPSHOT/stdlib-9.0.2-SNAPSHOT.jar
[INFO] Installing /home/travis/build/petergeneric/stdlib/stdlib/pom.xml to /home/travis/.m2/repository/com/peterphi/std/stdlib/9.0.2-SNAPSHOT/stdlib-9.0.2-SNAPSHOT.pom
[INFO]                                                                         
[INFO] ------------------------------------------------------------------------
[INFO] Building application framework guice modules parent 9.0.2-SNAPSHOT
[INFO] ------------------------------------------------------------------------
[INFO] 
[INFO] --- maven-enforcer-plugin:1.0:enforce (enforce-maven) @ stdlib-guice-parent ---
[INFO] 
[INFO] --- buildnumber-maven-plugin:1.3:create (default) @ stdlib-guice-parent ---
[INFO] 
[INFO] --- maven-install-plugin:2.4:install (default-install) @ stdlib-guice-parent ---
[INFO] Installing /home/travis/build/petergeneric/stdlib/guice/pom.xml to /home/travis/.m2/repository/com/peterphi/std/guice/stdlib-guice-parent/9.0.2-SNAPSHOT/stdlib-guice-parent-9.0.2-SNAPSHOT.pom
[INFO]                                                                         
[INFO] ------------------------------------------------------------------------
[INFO] Building stdlib guice common 9.0.2-SNAPSHOT
[INFO] ------------------------------------------------------------------------
[WARNING] The artifact xml-apis:xml-apis:jar:2.0.2 has been relocated to xml-apis:xml-apis:jar:1.0.b2
[INFO] 
[INFO] --- maven-enforcer-plugin:1.0:enforce (enforce-maven) @ stdlib-guice-common ---
[INFO] 
[INFO] --- buildnumber-maven-plugin:1.3:create (default) @ stdlib-guice-common ---
[INFO] 
[INFO] --- maven-resources-plugin:2.6:resources (default-resources) @ stdlib-guice-common ---
[INFO] Using 'UTF-8' encoding to copy filtered resources.
[INFO] Copying 1 resource
[INFO] 
[INFO] --- maven-compiler-plugin:3.3:compile (default-compile) @ stdlib-guice-common ---
[INFO] Nothing to compile - all classes are up to date
[INFO] 
[INFO] --- maven-resources-plugin:2.6:testResources (default-testResources) @ stdlib-guice-common ---
[INFO] Using 'UTF-8' encoding to copy filtered resources.
[INFO] Copying 2 resources
[INFO] 
[INFO] --- maven-compiler-plugin:3.3:testCompile (default-testCompile) @ stdlib-guice-common ---
[INFO] Nothing to compile - all classes are up to date
[INFO] 
[INFO] --- maven-surefire-plugin:2.19:test (default-test) @ stdlib-guice-common ---
[INFO] Tests are skipped.
[INFO] 
[INFO] --- maven-jar-plugin:2.6:jar (default-jar) @ stdlib-guice-common ---
[INFO] 
[INFO] --- maven-install-plugin:2.4:install (default-install) @ stdlib-guice-common ---
[INFO] Installing /home/travis/build/petergeneric/stdlib/guice/common/target/stdlib-guice-common-9.0.2-SNAPSHOT.jar to /home/travis/.m2/repository/com/peterphi/std/guice/stdlib-guice-common/9.0.2-SNAPSHOT/stdlib-guice-common-9.0.2-SNAPSHOT.jar
[INFO] Installing /home/travis/build/petergeneric/stdlib/guice/common/pom.xml to /home/travis/.m2/repository/com/peterphi/std/guice/stdlib-guice-common/9.0.2-SNAPSHOT/stdlib-guice-common-9.0.2-SNAPSHOT.pom
[INFO]                                                                         
[INFO] ------------------------------------------------------------------------
[INFO] Building stdlib guice webapp 9.0.2-SNAPSHOT
[INFO] ------------------------------------------------------------------------
[WARNING] The artifact xml-apis:xml-apis:jar:2.0.2 has been relocated to xml-apis:xml-apis:jar:1.0.b2
[INFO] 
[INFO] --- maven-enforcer-plugin:1.0:enforce (enforce-maven) @ stdlib-guice-webapp ---
[INFO] 
[INFO] --- buildnumber-maven-plugin:1.3:create (default) @ stdlib-guice-webapp ---
[INFO] 
[INFO] --- maven-resources-plugin:2.6:resources (default-resources) @ stdlib-guice-webapp ---
[INFO] Using 'UTF-8' encoding to copy filtered resources.
[INFO] Copying 9 resources
[INFO] 
[INFO] --- maven-compiler-plugin:3.3:compile (default-compile) @ stdlib-guice-webapp ---
[INFO] Nothing to compile - all classes are up to date
[INFO] 
[INFO] --- maven-resources-plugin:2.6:testResources (default-testResources) @ stdlib-guice-webapp ---
[INFO] Using 'UTF-8' encoding to copy filtered resources.
[INFO] skip non existing resourceDirectory /home/travis/build/petergeneric/stdlib/guice/webapp/src/test/resources
[INFO] 
[INFO] --- maven-compiler-plugin:3.3:testCompile (default-testCompile) @ stdlib-guice-webapp ---
[INFO] Nothing to compile - all classes are up to date
[INFO] 
[INFO] --- maven-surefire-plugin:2.19:test (default-test) @ stdlib-guice-webapp ---
[INFO] Tests are skipped.
[INFO] 
[INFO] --- maven-jar-plugin:2.6:jar (default-jar) @ stdlib-guice-webapp ---
[INFO] 
[INFO] --- maven-install-plugin:2.4:install (default-install) @ stdlib-guice-webapp ---
[INFO] Installing /home/travis/build/petergeneric/stdlib/guice/webapp/target/stdlib-guice-webapp-9.0.2-SNAPSHOT.jar to /home/travis/.m2/repository/com/peterphi/std/guice/stdlib-guice-webapp/9.0.2-SNAPSHOT/stdlib-guice-webapp-9.0.2-SNAPSHOT.jar
[INFO] Installing /home/travis/build/petergeneric/stdlib/guice/webapp/pom.xml to /home/travis/.m2/repository/com/peterphi/std/guice/stdlib-guice-webapp/9.0.2-SNAPSHOT/stdlib-guice-webapp-9.0.2-SNAPSHOT.pom
[INFO]                                                                         
[INFO] ------------------------------------------------------------------------
[INFO] Building stdlib guice metrics 9.0.2-SNAPSHOT
[INFO] ------------------------------------------------------------------------
[INFO] 
[INFO] --- maven-enforcer-plugin:1.0:enforce (enforce-maven) @ stdlib-guice-metrics ---
[INFO] 
[INFO] --- buildnumber-maven-plugin:1.3:create (default) @ stdlib-guice-metrics ---
[INFO] 
[INFO] --- maven-resources-plugin:2.6:resources (default-resources) @ stdlib-guice-metrics ---
[INFO] Using 'UTF-8' encoding to copy filtered resources.
[INFO] Copying 3 resources
[INFO] 
[INFO] --- maven-compiler-plugin:3.3:compile (default-compile) @ stdlib-guice-metrics ---
[INFO] Nothing to compile - all classes are up to date
[INFO] 
[INFO] --- maven-resources-plugin:2.6:testResources (default-testResources) @ stdlib-guice-metrics ---
[INFO] Using 'UTF-8' encoding to copy filtered resources.
[INFO] skip non existing resourceDirectory /home/travis/build/petergeneric/stdlib/guice/metrics/src/test/resources
[INFO] 
[INFO] --- maven-compiler-plugin:3.3:testCompile (default-testCompile) @ stdlib-guice-metrics ---
[INFO] No sources to compile
[INFO] 
[INFO] --- maven-surefire-plugin:2.19:test (default-test) @ stdlib-guice-metrics ---
[INFO] Tests are skipped.
[INFO] 
[INFO] --- maven-jar-plugin:2.6:jar (default-jar) @ stdlib-guice-metrics ---
[INFO] 
[INFO] --- maven-install-plugin:2.4:install (default-install) @ stdlib-guice-metrics ---
[INFO] Installing /home/travis/build/petergeneric/stdlib/guice/metrics/target/stdlib-guice-metrics-9.0.2-SNAPSHOT.jar to /home/travis/.m2/repository/com/peterphi/std/guice/stdlib-guice-metrics/9.0.2-SNAPSHOT/stdlib-guice-metrics-9.0.2-SNAPSHOT.jar
[INFO] Installing /home/travis/build/petergeneric/stdlib/guice/metrics/pom.xml to /home/travis/.m2/repository/com/peterphi/std/guice/stdlib-guice-metrics/9.0.2-SNAPSHOT/stdlib-guice-metrics-9.0.2-SNAPSHOT.pom
[INFO]                                                                         
[INFO] ------------------------------------------------------------------------
[INFO] Building stdlib guice freemarker webapp 9.0.2-SNAPSHOT
[INFO] ------------------------------------------------------------------------
[INFO] 
[INFO] --- maven-enforcer-plugin:1.0:enforce (enforce-maven) @ stdlib-guice-freemarker ---
[INFO] 
[INFO] --- buildnumber-maven-plugin:1.3:create (default) @ stdlib-guice-freemarker ---
[INFO] 
[INFO] --- maven-resources-plugin:2.6:resources (default-resources) @ stdlib-guice-freemarker ---
[INFO] Using 'UTF-8' encoding to copy filtered resources.
[INFO] skip non existing resourceDirectory /home/travis/build/petergeneric/stdlib/guice/freemarker/src/main/resources
[INFO] 
[INFO] --- maven-compiler-plugin:3.3:compile (default-compile) @ stdlib-guice-freemarker ---
[INFO] Nothing to compile - all classes are up to date
[INFO] 
[INFO] --- maven-resources-plugin:2.6:testResources (default-testResources) @ stdlib-guice-freemarker ---
[INFO] Using 'UTF-8' encoding to copy filtered resources.
[INFO] skip non existing resourceDirectory /home/travis/build/petergeneric/stdlib/guice/freemarker/src/test/resources
[INFO] 
[INFO] --- maven-compiler-plugin:3.3:testCompile (default-testCompile) @ stdlib-guice-freemarker ---
[INFO] No sources to compile
[INFO] 
[INFO] --- maven-surefire-plugin:2.19:test (default-test) @ stdlib-guice-freemarker ---
[INFO] Tests are skipped.
[INFO] 
[INFO] --- maven-jar-plugin:2.6:jar (default-jar) @ stdlib-guice-freemarker ---
[INFO] 
[INFO] --- maven-install-plugin:2.4:install (default-install) @ stdlib-guice-freemarker ---
[INFO] Installing /home/travis/build/petergeneric/stdlib/guice/freemarker/target/stdlib-guice-freemarker-9.0.2-SNAPSHOT.jar to /home/travis/.m2/repository/com/peterphi/std/guice/stdlib-guice-freemarker/9.0.2-SNAPSHOT/stdlib-guice-freemarker-9.0.2-SNAPSHOT.jar
[INFO] Installing /home/travis/build/petergeneric/stdlib/guice/freemarker/pom.xml to /home/travis/.m2/repository/com/peterphi/std/guice/stdlib-guice-freemarker/9.0.2-SNAPSHOT/stdlib-guice-freemarker-9.0.2-SNAPSHOT.pom
[INFO]                                                                         
[INFO] ------------------------------------------------------------------------
[INFO] Building stdlib guice testing support 9.0.2-SNAPSHOT
[INFO] ------------------------------------------------------------------------
[INFO] 
[INFO] --- maven-enforcer-plugin:1.0:enforce (enforce-maven) @ stdlib-guice-testing ---
[INFO] 
[INFO] --- buildnumber-maven-plugin:1.3:create (default) @ stdlib-guice-testing ---
[INFO] 
[INFO] --- maven-resources-plugin:2.6:resources (default-resources) @ stdlib-guice-testing ---
[INFO] Using 'UTF-8' encoding to copy filtered resources.
[INFO] skip non existing resourceDirectory /home/travis/build/petergeneric/stdlib/guice/testing/src/main/resources
[INFO] 
[INFO] --- maven-compiler-plugin:3.3:compile (default-compile) @ stdlib-guice-testing ---
[INFO] Nothing to compile - all classes are up to date
[INFO] 
[INFO] --- maven-resources-plugin:2.6:testResources (default-testResources) @ stdlib-guice-testing ---
[INFO] Using 'UTF-8' encoding to copy filtered resources.
[INFO] skip non existing resourceDirectory /home/travis/build/petergeneric/stdlib/guice/testing/src/test/resources
[INFO] 
[INFO] --- maven-compiler-plugin:3.3:testCompile (default-testCompile) @ stdlib-guice-testing ---
[INFO] Nothing to compile - all classes are up to date
[INFO] 
[INFO] --- maven-surefire-plugin:2.19:test (default-test) @ stdlib-guice-testing ---
[INFO] Tests are skipped.
[INFO] 
[INFO] --- maven-jar-plugin:2.6:jar (default-jar) @ stdlib-guice-testing ---
[INFO] 
[INFO] --- maven-install-plugin:2.4:install (default-install) @ stdlib-guice-testing ---
[INFO] Installing /home/travis/build/petergeneric/stdlib/guice/testing/target/stdlib-guice-testing-9.0.2-SNAPSHOT.jar to /home/travis/.m2/repository/com/peterphi/std/guice/stdlib-guice-testing/9.0.2-SNAPSHOT/stdlib-guice-testing-9.0.2-SNAPSHOT.jar
[INFO] Installing /home/travis/build/petergeneric/stdlib/guice/testing/pom.xml to /home/travis/.m2/repository/com/peterphi/std/guice/stdlib-guice-testing/9.0.2-SNAPSHOT/stdlib-guice-testing-9.0.2-SNAPSHOT.pom
[INFO]                                                                         
[INFO] ------------------------------------------------------------------------
[INFO] Building stdlib guice hibernate 9.0.2-SNAPSHOT
[INFO] ------------------------------------------------------------------------
[INFO] 
[INFO] --- maven-enforcer-plugin:1.0:enforce (enforce-maven) @ stdlib-guice-hibernate ---
[INFO] 
[INFO] --- buildnumber-maven-plugin:1.3:create (default) @ stdlib-guice-hibernate ---
[INFO] 
[INFO] --- maven-resources-plugin:2.6:resources (default-resources) @ stdlib-guice-hibernate ---
[INFO] Using 'UTF-8' encoding to copy filtered resources.
[INFO] Copying 1 resource
[INFO] 
[INFO] --- maven-compiler-plugin:3.3:compile (default-compile) @ stdlib-guice-hibernate ---
[INFO] Nothing to compile - all classes are up to date
[INFO] 
[INFO] --- maven-resources-plugin:2.6:testResources (default-testResources) @ stdlib-guice-hibernate ---
[INFO] Using 'UTF-8' encoding to copy filtered resources.
[INFO] Copying 2 resources
[INFO] 
[INFO] --- maven-compiler-plugin:3.3:testCompile (default-testCompile) @ stdlib-guice-hibernate ---
[INFO] Nothing to compile - all classes are up to date
[INFO] 
[INFO] --- maven-surefire-plugin:2.19:test (default-test) @ stdlib-guice-hibernate ---
[INFO] Tests are skipped.
[INFO] 
[INFO] --- maven-jar-plugin:2.6:jar (default-jar) @ stdlib-guice-hibernate ---
[INFO] 
[INFO] --- maven-install-plugin:2.4:install (default-install) @ stdlib-guice-hibernate ---
[INFO] Installing /home/travis/build/petergeneric/stdlib/guice/hibernate/target/stdlib-guice-hibernate-9.0.2-SNAPSHOT.jar to /home/travis/.m2/repository/com/peterphi/std/guice/stdlib-guice-hibernate/9.0.2-SNAPSHOT/stdlib-guice-hibernate-9.0.2-SNAPSHOT.jar
[INFO] Installing /home/travis/build/petergeneric/stdlib/guice/hibernate/pom.xml to /home/travis/.m2/repository/com/peterphi/std/guice/stdlib-guice-hibernate/9.0.2-SNAPSHOT/stdlib-guice-hibernate-9.0.2-SNAPSHOT.pom
[INFO]                                                                         
[INFO] ------------------------------------------------------------------------
[INFO] Building stdlib guice hibernate testing support 9.0.2-SNAPSHOT
[INFO] ------------------------------------------------------------------------
[INFO] 
[INFO] --- maven-enforcer-plugin:1.0:enforce (enforce-maven) @ stdlib-guice-hibernate-testing ---
[INFO] 
[INFO] --- buildnumber-maven-plugin:1.3:create (default) @ stdlib-guice-hibernate-testing ---
[INFO] 
[INFO] --- maven-resources-plugin:2.6:resources (default-resources) @ stdlib-guice-hibernate-testing ---
[INFO] Using 'UTF-8' encoding to copy filtered resources.
[INFO] Copying 2 resources
[INFO] 
[INFO] --- maven-compiler-plugin:3.3:compile (default-compile) @ stdlib-guice-hibernate-testing ---
[INFO] Nothing to compile - all classes are up to date
[INFO] 
[INFO] --- maven-resources-plugin:2.6:testResources (default-testResources) @ stdlib-guice-hibernate-testing ---
[INFO] Using 'UTF-8' encoding to copy filtered resources.
[INFO] Copying 1 resource
[INFO] 
[INFO] --- maven-compiler-plugin:3.3:testCompile (default-testCompile) @ stdlib-guice-hibernate-testing ---
[INFO] Nothing to compile - all classes are up to date
[INFO] 
[INFO] --- maven-surefire-plugin:2.19:test (default-test) @ stdlib-guice-hibernate-testing ---
[INFO] Tests are skipped.
[INFO] 
[INFO] --- maven-jar-plugin:2.6:jar (default-jar) @ stdlib-guice-hibernate-testing ---
[INFO] 
[INFO] --- maven-install-plugin:2.4:install (default-install) @ stdlib-guice-hibernate-testing ---
[INFO] Installing /home/travis/build/petergeneric/stdlib/guice/hibernate-testing/target/stdlib-guice-hibernate-testing-9.0.2-SNAPSHOT.jar to /home/travis/.m2/repository/com/peterphi/std/guice/stdlib-guice-hibernate-testing/9.0.2-SNAPSHOT/stdlib-guice-hibernate-testing-9.0.2-SNAPSHOT.jar
[INFO] Installing /home/travis/build/petergeneric/stdlib/guice/hibernate-testing/pom.xml to /home/travis/.m2/repository/com/peterphi/std/guice/stdlib-guice-hibernate-testing/9.0.2-SNAPSHOT/stdlib-guice-hibernate-testing-9.0.2-SNAPSHOT.pom
[INFO]                                                                         
[INFO] ------------------------------------------------------------------------
[INFO] Building stdlib guice liquibase support 9.0.2-SNAPSHOT
[INFO] ------------------------------------------------------------------------
[INFO] 
[INFO] --- maven-enforcer-plugin:1.0:enforce (enforce-maven) @ stdlib-guice-liquibase ---
[INFO] 
[INFO] --- buildnumber-maven-plugin:1.3:create (default) @ stdlib-guice-liquibase ---
[INFO] 
[INFO] --- maven-resources-plugin:2.6:resources (default-resources) @ stdlib-guice-liquibase ---
[INFO] Using 'UTF-8' encoding to copy filtered resources.
[INFO] Copying 1 resource
[INFO] 
[INFO] --- maven-compiler-plugin:3.3:compile (default-compile) @ stdlib-guice-liquibase ---
[INFO] Nothing to compile - all classes are up to date
[INFO] 
[INFO] --- maven-resources-plugin:2.6:testResources (default-testResources) @ stdlib-guice-liquibase ---
[INFO] Using 'UTF-8' encoding to copy filtered resources.
[INFO] Copying 4 resources
[INFO] 
[INFO] --- maven-compiler-plugin:3.3:testCompile (default-testCompile) @ stdlib-guice-liquibase ---
[INFO] Nothing to compile - all classes are up to date
[INFO] 
[INFO] --- maven-surefire-plugin:2.19:test (default-test) @ stdlib-guice-liquibase ---
[INFO] Tests are skipped.
[INFO] 
[INFO] --- maven-jar-plugin:2.6:jar (default-jar) @ stdlib-guice-liquibase ---
[INFO] 
[INFO] --- maven-install-plugin:2.4:install (default-install) @ stdlib-guice-liquibase ---
[INFO] Installing /home/travis/build/petergeneric/stdlib/guice/liquibase/target/stdlib-guice-liquibase-9.0.2-SNAPSHOT.jar to /home/travis/.m2/repository/com/peterphi/std/guice/stdlib-guice-liquibase/9.0.2-SNAPSHOT/stdlib-guice-liquibase-9.0.2-SNAPSHOT.jar
[INFO] Installing /home/travis/build/petergeneric/stdlib/guice/liquibase/pom.xml to /home/travis/.m2/repository/com/peterphi/std/guice/stdlib-guice-liquibase/9.0.2-SNAPSHOT/stdlib-guice-liquibase-9.0.2-SNAPSHOT.pom
[INFO]                                                                         
[INFO] ------------------------------------------------------------------------
[INFO] Building stdlib guice test rest client 9.0.2-SNAPSHOT
[INFO] ------------------------------------------------------------------------
[INFO] 
[INFO] --- maven-enforcer-plugin:1.0:enforce (enforce-maven) @ stdlib-guice-sample-rest-service ---
[INFO] 
[INFO] --- buildnumber-maven-plugin:1.3:create (default) @ stdlib-guice-sample-rest-service ---
[INFO] 
[INFO] --- maven-resources-plugin:2.6:resources (default-resources) @ stdlib-guice-sample-rest-service ---
[INFO] Using 'UTF-8' encoding to copy filtered resources.
[INFO] Copying 5 resources
[INFO] 
[INFO] --- maven-compiler-plugin:3.3:compile (default-compile) @ stdlib-guice-sample-rest-service ---
[INFO] Nothing to compile - all classes are up to date
[INFO] 
[INFO] --- maven-resources-plugin:2.6:testResources (default-testResources) @ stdlib-guice-sample-rest-service ---
[INFO] Using 'UTF-8' encoding to copy filtered resources.
[INFO] skip non existing resourceDirectory /home/travis/build/petergeneric/stdlib/guice/sample-rest-service/src/test/resources
[INFO] 
[INFO] --- maven-compiler-plugin:3.3:testCompile (default-testCompile) @ stdlib-guice-sample-rest-service ---
[INFO] No sources to compile
[INFO] 
[INFO] --- maven-surefire-plugin:2.19:test (default-test) @ stdlib-guice-sample-rest-service ---
[INFO] Tests are skipped.
[INFO] 
[INFO] --- maven-war-plugin:2.6:war (default-war) @ stdlib-guice-sample-rest-service ---
[INFO] Packaging webapp
[INFO] Assembling webapp [stdlib-guice-sample-rest-service] in [/home/travis/build/petergeneric/stdlib/guice/sample-rest-service/target/stdlib-guice-sample-rest-service-9.0.2-SNAPSHOT]
[INFO] Processing war project
[INFO] Copying webapp resources [/home/travis/build/petergeneric/stdlib/guice/sample-rest-service/src/main/webapp]
[INFO] Webapp assembled in [610 msecs]
[INFO] Building war: /home/travis/build/petergeneric/stdlib/guice/sample-rest-service/target/stdlib-guice-sample-rest-service-9.0.2-SNAPSHOT.war
[INFO] 
[INFO] --- maven-install-plugin:2.4:install (default-install) @ stdlib-guice-sample-rest-service ---
[INFO] Installing /home/travis/build/petergeneric/stdlib/guice/sample-rest-service/target/stdlib-guice-sample-rest-service-9.0.2-SNAPSHOT.war to /home/travis/.m2/repository/com/peterphi/std/guice/stdlib-guice-sample-rest-service/9.0.2-SNAPSHOT/stdlib-guice-sample-rest-service-9.0.2-SNAPSHOT.war
[INFO] Installing /home/travis/build/petergeneric/stdlib/guice/sample-rest-service/pom.xml to /home/travis/.m2/repository/com/peterphi/std/guice/stdlib-guice-sample-rest-service/9.0.2-SNAPSHOT/stdlib-guice-sample-rest-service-9.0.2-SNAPSHOT.pom
[INFO]                                                                         
[INFO] ------------------------------------------------------------------------
[INFO] Building carbon client 9.0.2-SNAPSHOT
[INFO] ------------------------------------------------------------------------
[INFO] 
[INFO] --- maven-enforcer-plugin:1.0:enforce (enforce-maven) @ carbon-client ---
[INFO] 
[INFO] --- buildnumber-maven-plugin:1.3:create (default) @ carbon-client ---
[INFO] 
[INFO] --- maven-resources-plugin:2.6:resources (default-resources) @ carbon-client ---
[INFO] Using 'UTF-8' encoding to copy filtered resources.
[INFO] Copying 1 resource
[INFO] 
[INFO] --- maven-compiler-plugin:3.3:compile (default-compile) @ carbon-client ---
[INFO] Nothing to compile - all classes are up to date
[INFO] 
[INFO] --- maven-resources-plugin:2.6:testResources (default-testResources) @ carbon-client ---
[INFO] Using 'UTF-8' encoding to copy filtered resources.
[INFO] Copying 3 resources
[INFO] 
[INFO] --- maven-compiler-plugin:3.3:testCompile (default-testCompile) @ carbon-client ---
[INFO] Nothing to compile - all classes are up to date
[INFO] 
[INFO] --- maven-surefire-plugin:2.19:test (default-test) @ carbon-client ---
[INFO] Tests are skipped.
[INFO] 
[INFO] --- maven-jar-plugin:2.6:jar (default-jar) @ carbon-client ---
[INFO] 
[INFO] --- maven-install-plugin:2.4:install (default-install) @ carbon-client ---
[INFO] Installing /home/travis/build/petergeneric/stdlib/util/carbon-client/target/carbon-client-9.0.2-SNAPSHOT.jar to /home/travis/.m2/repository/com/peterphi/std/util/carbon/carbon-client/9.0.2-SNAPSHOT/carbon-client-9.0.2-SNAPSHOT.jar
[INFO] Installing /home/travis/build/petergeneric/stdlib/util/carbon-client/pom.xml to /home/travis/.m2/repository/com/peterphi/std/util/carbon/carbon-client/9.0.2-SNAPSHOT/carbon-client-9.0.2-SNAPSHOT.pom
[INFO]                                                                         
[INFO] ------------------------------------------------------------------------
[INFO] Building configuration 9.0.2-SNAPSHOT
[INFO] ------------------------------------------------------------------------
[INFO] 
[INFO] --- maven-enforcer-plugin:1.0:enforce (enforce-maven) @ config-parent ---
[INFO] 
[INFO] --- buildnumber-maven-plugin:1.3:create (default) @ config-parent ---
[INFO] 
[INFO] --- maven-install-plugin:2.4:install (default-install) @ config-parent ---
[INFO] Installing /home/travis/build/petergeneric/stdlib/configuration/pom.xml to /home/travis/.m2/repository/com/peterphi/std/config/config-parent/9.0.2-SNAPSHOT/config-parent-9.0.2-SNAPSHOT.pom
[INFO]                                                                         
[INFO] ------------------------------------------------------------------------
[INFO] Building Configuration Service 9.0.2-SNAPSHOT
[INFO] ------------------------------------------------------------------------
[INFO] 
[INFO] --- maven-enforcer-plugin:1.0:enforce (enforce-maven) @ configuration ---
[INFO] 
[INFO] --- buildnumber-maven-plugin:1.3:create (default) @ configuration ---
[INFO] 
[INFO] --- maven-resources-plugin:2.6:resources (default-resources) @ configuration ---
[INFO] Using 'UTF-8' encoding to copy filtered resources.
[INFO] Copying 4 resources
[INFO] 
[INFO] --- maven-compiler-plugin:3.3:compile (default-compile) @ configuration ---
[INFO] Nothing to compile - all classes are up to date
[INFO] 
[INFO] --- maven-resources-plugin:2.6:testResources (default-testResources) @ configuration ---
[INFO] Using 'UTF-8' encoding to copy filtered resources.
[INFO] Copying 1 resource
[INFO] 
[INFO] --- maven-compiler-plugin:3.3:testCompile (default-testCompile) @ configuration ---
[INFO] Nothing to compile - all classes are up to date
[INFO] 
[INFO] --- maven-surefire-plugin:2.19:test (default-test) @ configuration ---
[INFO] Tests are skipped.
[INFO] 
[INFO] --- maven-war-plugin:2.6:war (default-war) @ configuration ---
[INFO] Packaging webapp
[INFO] Assembling webapp [configuration] in [/home/travis/build/petergeneric/stdlib/configuration/configuration/target/configuration-9.0.2-SNAPSHOT]
[INFO] Processing war project
[INFO] Copying webapp resources [/home/travis/build/petergeneric/stdlib/configuration/configuration/src/main/webapp]
[INFO] Webapp assembled in [306 msecs]
[INFO] Building war: /home/travis/build/petergeneric/stdlib/configuration/configuration/target/configuration-9.0.2-SNAPSHOT.war
[INFO] 
[INFO] --- maven-install-plugin:2.4:install (default-install) @ configuration ---
[INFO] Installing /home/travis/build/petergeneric/stdlib/configuration/configuration/target/configuration-9.0.2-SNAPSHOT.war to /home/travis/.m2/repository/com/peterphi/std/config/configuration/9.0.2-SNAPSHOT/configuration-9.0.2-SNAPSHOT.war
[INFO] Installing /home/travis/build/petergeneric/stdlib/configuration/configuration/pom.xml to /home/travis/.m2/repository/com/peterphi/std/config/configuration/9.0.2-SNAPSHOT/configuration-9.0.2-SNAPSHOT.pom
[INFO]                                                                         
[INFO] ------------------------------------------------------------------------
[INFO] Building user-manager 9.0.2-SNAPSHOT
[INFO] ------------------------------------------------------------------------
[INFO] 
[INFO] --- maven-enforcer-plugin:1.0:enforce (enforce-maven) @ user-manager-parent ---
[INFO] 
[INFO] --- buildnumber-maven-plugin:1.3:create (default) @ user-manager-parent ---
[INFO] 
[INFO] --- maven-install-plugin:2.4:install (default-install) @ user-manager-parent ---
[INFO] Installing /home/travis/build/petergeneric/stdlib/user-manager/pom.xml to /home/travis/.m2/repository/com/peterphi/user-manager/user-manager-parent/9.0.2-SNAPSHOT/user-manager-parent-9.0.2-SNAPSHOT.pom
[INFO]                                                                         
[INFO] ------------------------------------------------------------------------
[INFO] Building user manager rest api 9.0.2-SNAPSHOT
[INFO] ------------------------------------------------------------------------
[INFO] 
[INFO] --- maven-enforcer-plugin:1.0:enforce (enforce-maven) @ user-manager-api ---
[INFO] 
[INFO] --- buildnumber-maven-plugin:1.3:create (default) @ user-manager-api ---
[INFO] 
[INFO] --- maven-resources-plugin:2.6:resources (default-resources) @ user-manager-api ---
[INFO] Using 'UTF-8' encoding to copy filtered resources.
[INFO] skip non existing resourceDirectory /home/travis/build/petergeneric/stdlib/user-manager/api/src/main/resources
[INFO] 
[INFO] --- maven-compiler-plugin:3.3:compile (default-compile) @ user-manager-api ---
[INFO] Nothing to compile - all classes are up to date
[INFO] 
[INFO] --- maven-resources-plugin:2.6:testResources (default-testResources) @ user-manager-api ---
[INFO] Using 'UTF-8' encoding to copy filtered resources.
[INFO] skip non existing resourceDirectory /home/travis/build/petergeneric/stdlib/user-manager/api/src/test/resources
[INFO] 
[INFO] --- maven-compiler-plugin:3.3:testCompile (default-testCompile) @ user-manager-api ---
[INFO] No sources to compile
[INFO] 
[INFO] --- maven-surefire-plugin:2.19:test (default-test) @ user-manager-api ---
[INFO] Tests are skipped.
[INFO] 
[INFO] --- maven-jar-plugin:2.6:jar (default-jar) @ user-manager-api ---
[INFO] 
[INFO] --- maven-install-plugin:2.4:install (default-install) @ user-manager-api ---
[INFO] Installing /home/travis/build/petergeneric/stdlib/user-manager/api/target/user-manager-api-9.0.2-SNAPSHOT.jar to /home/travis/.m2/repository/com/peterphi/user-manager/user-manager-api/9.0.2-SNAPSHOT/user-manager-api-9.0.2-SNAPSHOT.jar
[INFO] Installing /home/travis/build/petergeneric/stdlib/user-manager/api/pom.xml to /home/travis/.m2/repository/com/peterphi/user-manager/user-manager-api/9.0.2-SNAPSHOT/user-manager-api-9.0.2-SNAPSHOT.pom
[INFO]                                                                         
[INFO] ------------------------------------------------------------------------
[INFO] Building user manager service 9.0.2-SNAPSHOT
[INFO] ------------------------------------------------------------------------
[INFO] Downloading: https://oss.sonatype.org/content/repositories/releases/AzureLogAppender/AzureLogAppender/1.0/AzureLogAppender-1.0.pom
[INFO] Downloading: https://repository.apache.org/releases/AzureLogAppender/AzureLogAppender/1.0/AzureLogAppender-1.0.pom
[WARNING] The POM for AzureLogAppender:AzureLogAppender:jar:1.0 is missing, no dependency information available
[INFO] Downloading: https://oss.sonatype.org/content/repositories/releases/AzureLogAppender/AzureLogAppender/1.0/AzureLogAppender-1.0.jar
[INFO] Downloading: https://repository.apache.org/releases/AzureLogAppender/AzureLogAppender/1.0/AzureLogAppender-1.0.jar
[INFO] ------------------------------------------------------------------------
[INFO] Reactor Summary:
[INFO] 
[INFO] application framework parent ....................... SUCCESS [  1.931 s]
[INFO] stdlib ............................................. SUCCESS [  2.815 s]
[INFO] application framework guice modules parent ......... SUCCESS [  0.243 s]
[INFO] stdlib guice common ................................ SUCCESS [  1.727 s]
[INFO] stdlib guice webapp ................................ SUCCESS [  0.288 s]
[INFO] stdlib guice metrics ............................... SUCCESS [  0.210 s]
[INFO] stdlib guice freemarker webapp ..................... SUCCESS [  0.143 s]
[INFO] stdlib guice testing support ....................... SUCCESS [  0.295 s]
[INFO] stdlib guice hibernate ............................. SUCCESS [  0.452 s]
[INFO] stdlib guice hibernate testing support ............. SUCCESS [  0.240 s]
[INFO] stdlib guice liquibase support ..................... SUCCESS [  0.245 s]
[INFO] stdlib guice test rest client ...................... SUCCESS [  4.797 s]
[INFO] carbon client ...................................... SUCCESS [  0.258 s]
[INFO] configuration ...................................... SUCCESS [  0.092 s]
[INFO] Configuration Service .............................. SUCCESS [  2.346 s]
[INFO] user-manager ....................................... SUCCESS [  0.011 s]
[INFO] user manager rest api .............................. SUCCESS [  0.092 s]
[INFO] user manager service ............................... FAILURE [  2.193 s]
[INFO] ------------------------------------------------------------------------
[INFO] BUILD FAILURE
[INFO] ------------------------------------------------------------------------
[INFO] Total time: 20.758 s
[INFO] Finished at: 2016-08-10T13:00:49+00:00
[INFO] Final Memory: 28M/357M
[INFO] ------------------------------------------------------------------------
[ERROR] Failed to execute goal on project user-manager: Could not resolve dependencies for project com.peterphi.user-manager:user-manager:war:9.0.2-SNAPSHOT: Failure to find AzureLogAppender:AzureLogAppender:jar:1.0 in http://repo.maven.apache.org/maven2 was cached in the local repository, resolution will not be reattempted until the update interval of central has elapsed or updates are forced -> [Help 1]
[ERROR] 
[ERROR] To see the full stack trace of the errors, re-run Maven with the -e switch.
[ERROR] Re-run Maven using the -X switch to enable full debug logging.
[ERROR] 
[ERROR] For more information about the errors and possible solutions, please read the following articles:
[ERROR] [Help 1] http://cwiki.apache.org/confluence/display/MAVEN/DependencyResolutionException
[ERROR] 
[ERROR] After correcting the problems, you can resume the build with the command
[ERROR]   mvn <goals> -rf :user-manager

[31;1mThe command "eval mvn install -DskipTests=true -Dmaven.javadoc.skip=true -B -V" failed. Retrying, 3 of 3.[0m

Java HotSpot(TM) 64-Bit Server VM warning: ignoring option MaxPermSize=192m; support was removed in 8.0
Apache Maven 3.2.5 (12a6b3acb947671f09b81f49094c53f426d8cea1; 2014-12-14T17:29:23+00:00)
Maven home: /usr/local/maven
Java version: 1.8.0_31, vendor: Oracle Corporation
Java home: /usr/lib/jvm/java-8-oracle/jre
Default locale: en_US, platform encoding: UTF-8
OS name: "linux", version: "3.13.0-40-generic", arch: "amd64", family: "unix"
[INFO] Scanning for projects...
[INFO] Inspecting build with total of 18 modules...
[INFO] Installing Nexus Staging features:
[INFO]   ... total of 18 executions of maven-deploy-plugin replaced with nexus-staging-maven-plugin
[INFO] ------------------------------------------------------------------------
[INFO] Reactor Build Order:
[INFO] 
[INFO] application framework parent
[INFO] stdlib
[INFO] application framework guice modules parent
[INFO] stdlib guice common
[INFO] stdlib guice webapp
[INFO] stdlib guice metrics
[INFO] stdlib guice freemarker webapp
[INFO] stdlib guice testing support
[INFO] stdlib guice hibernate
[INFO] stdlib guice hibernate testing support
[INFO] stdlib guice liquibase support
[INFO] stdlib guice test rest client
[INFO] carbon client
[INFO] configuration
[INFO] Configuration Service
[INFO] user-manager
[INFO] user manager rest api
[INFO] user manager service
[INFO]                                                                         
[INFO] ------------------------------------------------------------------------
[INFO] Building application framework parent 9.0.2-SNAPSHOT
[INFO] ------------------------------------------------------------------------
[INFO] 
[INFO] --- maven-enforcer-plugin:1.0:enforce (enforce-maven) @ stdlib-parent ---
[INFO] 
[INFO] --- buildnumber-maven-plugin:1.3:create (default) @ stdlib-parent ---
[INFO] Executing: /bin/sh -c cd /home/travis/build/petergeneric/stdlib && git rev-parse --verify HEAD
[INFO] Working directory: /home/travis/build/petergeneric/stdlib
[INFO] Storing buildNumber: c3270deb35c9df96ba81f1e17795036677bd567e at timestamp: 1470834061777
[WARNING] Cannot get the branch information from the git repository: 
Detecting the current branch failed: fatal: ref HEAD is not a symbolic ref

[INFO] Executing: /bin/sh -c cd /home/travis/build/petergeneric/stdlib && git rev-parse --verify HEAD
[INFO] Working directory: /home/travis/build/petergeneric/stdlib
[INFO] Storing buildScmBranch: UNKNOWN
[INFO] 
[INFO] --- maven-install-plugin:2.4:install (default-install) @ stdlib-parent ---
[INFO] Installing /home/travis/build/petergeneric/stdlib/pom.xml to /home/travis/.m2/repository/com/peterphi/std/stdlib-parent/9.0.2-SNAPSHOT/stdlib-parent-9.0.2-SNAPSHOT.pom
[INFO]                                                                         
[INFO] ------------------------------------------------------------------------
[INFO] Building stdlib 9.0.2-SNAPSHOT
[INFO] ------------------------------------------------------------------------
[INFO] 
[INFO] --- maven-enforcer-plugin:1.0:enforce (enforce-maven) @ stdlib ---
[INFO] 
[INFO] --- buildnumber-maven-plugin:1.3:create (default) @ stdlib ---
[INFO] 
[INFO] --- maven-resources-plugin:2.6:resources (default-resources) @ stdlib ---
[INFO] Using 'UTF-8' encoding to copy filtered resources.
[INFO] skip non existing resourceDirectory /home/travis/build/petergeneric/stdlib/stdlib/src/main/resources
[INFO] 
[INFO] --- maven-compiler-plugin:3.3:compile (default-compile) @ stdlib ---
[INFO] Nothing to compile - all classes are up to date
[INFO] 
[INFO] --- maven-resources-plugin:2.6:testResources (default-testResources) @ stdlib ---
[INFO] Using 'UTF-8' encoding to copy filtered resources.
[INFO] skip non existing resourceDirectory /home/travis/build/petergeneric/stdlib/stdlib/src/test/resources
[INFO] 
[INFO] --- maven-compiler-plugin:3.3:testCompile (default-testCompile) @ stdlib ---
[INFO] Nothing to compile - all classes are up to date
[INFO] 
[INFO] --- maven-surefire-plugin:2.19:test (default-test) @ stdlib ---
[INFO] Tests are skipped.
[INFO] 
[INFO] --- maven-jar-plugin:2.6:jar (default-jar) @ stdlib ---
[INFO] 
[INFO] --- maven-install-plugin:2.4:install (default-install) @ stdlib ---
[INFO] Installing /home/travis/build/petergeneric/stdlib/stdlib/target/stdlib-9.0.2-SNAPSHOT.jar to /home/travis/.m2/repository/com/peterphi/std/stdlib/9.0.2-SNAPSHOT/stdlib-9.0.2-SNAPSHOT.jar
[INFO] Installing /home/travis/build/petergeneric/stdlib/stdlib/pom.xml to /home/travis/.m2/repository/com/peterphi/std/stdlib/9.0.2-SNAPSHOT/stdlib-9.0.2-SNAPSHOT.pom
[INFO]                                                                         
[INFO] ------------------------------------------------------------------------
[INFO] Building application framework guice modules parent 9.0.2-SNAPSHOT
[INFO] ------------------------------------------------------------------------
[INFO] 
[INFO] --- maven-enforcer-plugin:1.0:enforce (enforce-maven) @ stdlib-guice-parent ---
[INFO] 
[INFO] --- buildnumber-maven-plugin:1.3:create (default) @ stdlib-guice-parent ---
[INFO] 
[INFO] --- maven-install-plugin:2.4:install (default-install) @ stdlib-guice-parent ---
[INFO] Installing /home/travis/build/petergeneric/stdlib/guice/pom.xml to /home/travis/.m2/repository/com/peterphi/std/guice/stdlib-guice-parent/9.0.2-SNAPSHOT/stdlib-guice-parent-9.0.2-SNAPSHOT.pom
[INFO]                                                                         
[INFO] ------------------------------------------------------------------------
[INFO] Building stdlib guice common 9.0.2-SNAPSHOT
[INFO] ------------------------------------------------------------------------
[WARNING] The artifact xml-apis:xml-apis:jar:2.0.2 has been relocated to xml-apis:xml-apis:jar:1.0.b2
[INFO] 
[INFO] --- maven-enforcer-plugin:1.0:enforce (enforce-maven) @ stdlib-guice-common ---
[INFO] 
[INFO] --- buildnumber-maven-plugin:1.3:create (default) @ stdlib-guice-common ---
[INFO] 
[INFO] --- maven-resources-plugin:2.6:resources (default-resources) @ stdlib-guice-common ---
[INFO] Using 'UTF-8' encoding to copy filtered resources.
[INFO] Copying 1 resource
[INFO] 
[INFO] --- maven-compiler-plugin:3.3:compile (default-compile) @ stdlib-guice-common ---
[INFO] Nothing to compile - all classes are up to date
[INFO] 
[INFO] --- maven-resources-plugin:2.6:testResources (default-testResources) @ stdlib-guice-common ---
[INFO] Using 'UTF-8' encoding to copy filtered resources.
[INFO] Copying 2 resources
[INFO] 
[INFO] --- maven-compiler-plugin:3.3:testCompile (default-testCompile) @ stdlib-guice-common ---
[INFO] Nothing to compile - all classes are up to date
[INFO] 
[INFO] --- maven-surefire-plugin:2.19:test (default-test) @ stdlib-guice-common ---
[INFO] Tests are skipped.
[INFO] 
[INFO] --- maven-jar-plugin:2.6:jar (default-jar) @ stdlib-guice-common ---
[INFO] 
[INFO] --- maven-install-plugin:2.4:install (default-install) @ stdlib-guice-common ---
[INFO] Installing /home/travis/build/petergeneric/stdlib/guice/common/target/stdlib-guice-common-9.0.2-SNAPSHOT.jar to /home/travis/.m2/repository/com/peterphi/std/guice/stdlib-guice-common/9.0.2-SNAPSHOT/stdlib-guice-common-9.0.2-SNAPSHOT.jar
[INFO] Installing /home/travis/build/petergeneric/stdlib/guice/common/pom.xml to /home/travis/.m2/repository/com/peterphi/std/guice/stdlib-guice-common/9.0.2-SNAPSHOT/stdlib-guice-common-9.0.2-SNAPSHOT.pom
[INFO]                                                                         
[INFO] ------------------------------------------------------------------------
[INFO] Building stdlib guice webapp 9.0.2-SNAPSHOT
[INFO] ------------------------------------------------------------------------
[WARNING] The artifact xml-apis:xml-apis:jar:2.0.2 has been relocated to xml-apis:xml-apis:jar:1.0.b2
[INFO] 
[INFO] --- maven-enforcer-plugin:1.0:enforce (enforce-maven) @ stdlib-guice-webapp ---
[INFO] 
[INFO] --- buildnumber-maven-plugin:1.3:create (default) @ stdlib-guice-webapp ---
[INFO] 
[INFO] --- maven-resources-plugin:2.6:resources (default-resources) @ stdlib-guice-webapp ---
[INFO] Using 'UTF-8' encoding to copy filtered resources.
[INFO] Copying 9 resources
[INFO] 
[INFO] --- maven-compiler-plugin:3.3:compile (default-compile) @ stdlib-guice-webapp ---
[INFO] Nothing to compile - all classes are up to date
[INFO] 
[INFO] --- maven-resources-plugin:2.6:testResources (default-testResources) @ stdlib-guice-webapp ---
[INFO] Using 'UTF-8' encoding to copy filtered resources.
[INFO] skip non existing resourceDirectory /home/travis/build/petergeneric/stdlib/guice/webapp/src/test/resources
[INFO] 
[INFO] --- maven-compiler-plugin:3.3:testCompile (default-testCompile) @ stdlib-guice-webapp ---
[INFO] Nothing to compile - all classes are up to date
[INFO] 
[INFO] --- maven-surefire-plugin:2.19:test (default-test) @ stdlib-guice-webapp ---
[INFO] Tests are skipped.
[INFO] 
[INFO] --- maven-jar-plugin:2.6:jar (default-jar) @ stdlib-guice-webapp ---
[INFO] 
[INFO] --- maven-install-plugin:2.4:install (default-install) @ stdlib-guice-webapp ---
[INFO] Installing /home/travis/build/petergeneric/stdlib/guice/webapp/target/stdlib-guice-webapp-9.0.2-SNAPSHOT.jar to /home/travis/.m2/repository/com/peterphi/std/guice/stdlib-guice-webapp/9.0.2-SNAPSHOT/stdlib-guice-webapp-9.0.2-SNAPSHOT.jar
[INFO] Installing /home/travis/build/petergeneric/stdlib/guice/webapp/pom.xml to /home/travis/.m2/repository/com/peterphi/std/guice/stdlib-guice-webapp/9.0.2-SNAPSHOT/stdlib-guice-webapp-9.0.2-SNAPSHOT.pom
[INFO]                                                                         
[INFO] ------------------------------------------------------------------------
[INFO] Building stdlib guice metrics 9.0.2-SNAPSHOT
[INFO] ------------------------------------------------------------------------
[INFO] 
[INFO] --- maven-enforcer-plugin:1.0:enforce (enforce-maven) @ stdlib-guice-metrics ---
[INFO] 
[INFO] --- buildnumber-maven-plugin:1.3:create (default) @ stdlib-guice-metrics ---
[INFO] 
[INFO] --- maven-resources-plugin:2.6:resources (default-resources) @ stdlib-guice-metrics ---
[INFO] Using 'UTF-8' encoding to copy filtered resources.
[INFO] Copying 3 resources
[INFO] 
[INFO] --- maven-compiler-plugin:3.3:compile (default-compile) @ stdlib-guice-metrics ---
[INFO] Nothing to compile - all classes are up to date
[INFO] 
[INFO] --- maven-resources-plugin:2.6:testResources (default-testResources) @ stdlib-guice-metrics ---
[INFO] Using 'UTF-8' encoding to copy filtered resources.
[INFO] skip non existing resourceDirectory /home/travis/build/petergeneric/stdlib/guice/metrics/src/test/resources
[INFO] 
[INFO] --- maven-compiler-plugin:3.3:testCompile (default-testCompile) @ stdlib-guice-metrics ---
[INFO] No sources to compile
[INFO] 
[INFO] --- maven-surefire-plugin:2.19:test (default-test) @ stdlib-guice-metrics ---
[INFO] Tests are skipped.
[INFO] 
[INFO] --- maven-jar-plugin:2.6:jar (default-jar) @ stdlib-guice-metrics ---
[INFO] 
[INFO] --- maven-install-plugin:2.4:install (default-install) @ stdlib-guice-metrics ---
[INFO] Installing /home/travis/build/petergeneric/stdlib/guice/metrics/target/stdlib-guice-metrics-9.0.2-SNAPSHOT.jar to /home/travis/.m2/repository/com/peterphi/std/guice/stdlib-guice-metrics/9.0.2-SNAPSHOT/stdlib-guice-metrics-9.0.2-SNAPSHOT.jar
[INFO] Installing /home/travis/build/petergeneric/stdlib/guice/metrics/pom.xml to /home/travis/.m2/repository/com/peterphi/std/guice/stdlib-guice-metrics/9.0.2-SNAPSHOT/stdlib-guice-metrics-9.0.2-SNAPSHOT.pom
[INFO]                                                                         
[INFO] ------------------------------------------------------------------------
[INFO] Building stdlib guice freemarker webapp 9.0.2-SNAPSHOT
[INFO] ------------------------------------------------------------------------
[INFO] 
[INFO] --- maven-enforcer-plugin:1.0:enforce (enforce-maven) @ stdlib-guice-freemarker ---
[INFO] 
[INFO] --- buildnumber-maven-plugin:1.3:create (default) @ stdlib-guice-freemarker ---
[INFO] 
[INFO] --- maven-resources-plugin:2.6:resources (default-resources) @ stdlib-guice-freemarker ---
[INFO] Using 'UTF-8' encoding to copy filtered resources.
[INFO] skip non existing resourceDirectory /home/travis/build/petergeneric/stdlib/guice/freemarker/src/main/resources
[INFO] 
[INFO] --- maven-compiler-plugin:3.3:compile (default-compile) @ stdlib-guice-freemarker ---
[INFO] Nothing to compile - all classes are up to date
[INFO] 
[INFO] --- maven-resources-plugin:2.6:testResources (default-testResources) @ stdlib-guice-freemarker ---
[INFO] Using 'UTF-8' encoding to copy filtered resources.
[INFO] skip non existing resourceDirectory /home/travis/build/petergeneric/stdlib/guice/freemarker/src/test/resources
[INFO] 
[INFO] --- maven-compiler-plugin:3.3:testCompile (default-testCompile) @ stdlib-guice-freemarker ---
[INFO] No sources to compile
[INFO] 
[INFO] --- maven-surefire-plugin:2.19:test (default-test) @ stdlib-guice-freemarker ---
[INFO] Tests are skipped.
[INFO] 
[INFO] --- maven-jar-plugin:2.6:jar (default-jar) @ stdlib-guice-freemarker ---
[INFO] 
[INFO] --- maven-install-plugin:2.4:install (default-install) @ stdlib-guice-freemarker ---
[INFO] Installing /home/travis/build/petergeneric/stdlib/guice/freemarker/target/stdlib-guice-freemarker-9.0.2-SNAPSHOT.jar to /home/travis/.m2/repository/com/peterphi/std/guice/stdlib-guice-freemarker/9.0.2-SNAPSHOT/stdlib-guice-freemarker-9.0.2-SNAPSHOT.jar
[INFO] Installing /home/travis/build/petergeneric/stdlib/guice/freemarker/pom.xml to /home/travis/.m2/repository/com/peterphi/std/guice/stdlib-guice-freemarker/9.0.2-SNAPSHOT/stdlib-guice-freemarker-9.0.2-SNAPSHOT.pom
[INFO]                                                                         
[INFO] ------------------------------------------------------------------------
[INFO] Building stdlib guice testing support 9.0.2-SNAPSHOT
[INFO] ------------------------------------------------------------------------
[INFO] 
[INFO] --- maven-enforcer-plugin:1.0:enforce (enforce-maven) @ stdlib-guice-testing ---
[INFO] 
[INFO] --- buildnumber-maven-plugin:1.3:create (default) @ stdlib-guice-testing ---
[INFO] 
[INFO] --- maven-resources-plugin:2.6:resources (default-resources) @ stdlib-guice-testing ---
[INFO] Using 'UTF-8' encoding to copy filtered resources.
[INFO] skip non existing resourceDirectory /home/travis/build/petergeneric/stdlib/guice/testing/src/main/resources
[INFO] 
[INFO] --- maven-compiler-plugin:3.3:compile (default-compile) @ stdlib-guice-testing ---
[INFO] Nothing to compile - all classes are up to date
[INFO] 
[INFO] --- maven-resources-plugin:2.6:testResources (default-testResources) @ stdlib-guice-testing ---
[INFO] Using 'UTF-8' encoding to copy filtered resources.
[INFO] skip non existing resourceDirectory /home/travis/build/petergeneric/stdlib/guice/testing/src/test/resources
[INFO] 
[INFO] --- maven-compiler-plugin:3.3:testCompile (default-testCompile) @ stdlib-guice-testing ---
[INFO] Nothing to compile - all classes are up to date
[INFO] 
[INFO] --- maven-surefire-plugin:2.19:test (default-test) @ stdlib-guice-testing ---
[INFO] Tests are skipped.
[INFO] 
[INFO] --- maven-jar-plugin:2.6:jar (default-jar) @ stdlib-guice-testing ---
[INFO] 
[INFO] --- maven-install-plugin:2.4:install (default-install) @ stdlib-guice-testing ---
[INFO] Installing /home/travis/build/petergeneric/stdlib/guice/testing/target/stdlib-guice-testing-9.0.2-SNAPSHOT.jar to /home/travis/.m2/repository/com/peterphi/std/guice/stdlib-guice-testing/9.0.2-SNAPSHOT/stdlib-guice-testing-9.0.2-SNAPSHOT.jar
[INFO] Installing /home/travis/build/petergeneric/stdlib/guice/testing/pom.xml to /home/travis/.m2/repository/com/peterphi/std/guice/stdlib-guice-testing/9.0.2-SNAPSHOT/stdlib-guice-testing-9.0.2-SNAPSHOT.pom
[INFO]                                                                         
[INFO] ------------------------------------------------------------------------
[INFO] Building stdlib guice hibernate 9.0.2-SNAPSHOT
[INFO] ------------------------------------------------------------------------
[INFO] 
[INFO] --- maven-enforcer-plugin:1.0:enforce (enforce-maven) @ stdlib-guice-hibernate ---
[INFO] 
[INFO] --- buildnumber-maven-plugin:1.3:create (default) @ stdlib-guice-hibernate ---
[INFO] 
[INFO] --- maven-resources-plugin:2.6:resources (default-resources) @ stdlib-guice-hibernate ---
[INFO] Using 'UTF-8' encoding to copy filtered resources.
[INFO] Copying 1 resource
[INFO] 
[INFO] --- maven-compiler-plugin:3.3:compile (default-compile) @ stdlib-guice-hibernate ---
[INFO] Nothing to compile - all classes are up to date
[INFO] 
[INFO] --- maven-resources-plugin:2.6:testResources (default-testResources) @ stdlib-guice-hibernate ---
[INFO] Using 'UTF-8' encoding to copy filtered resources.
[INFO] Copying 2 resources
[INFO] 
[INFO] --- maven-compiler-plugin:3.3:testCompile (default-testCompile) @ stdlib-guice-hibernate ---
[INFO] Nothing to compile - all classes are up to date
[INFO] 
[INFO] --- maven-surefire-plugin:2.19:test (default-test) @ stdlib-guice-hibernate ---
[INFO] Tests are skipped.
[INFO] 
[INFO] --- maven-jar-plugin:2.6:jar (default-jar) @ stdlib-guice-hibernate ---
[INFO] 
[INFO] --- maven-install-plugin:2.4:install (default-install) @ stdlib-guice-hibernate ---
[INFO] Installing /home/travis/build/petergeneric/stdlib/guice/hibernate/target/stdlib-guice-hibernate-9.0.2-SNAPSHOT.jar to /home/travis/.m2/repository/com/peterphi/std/guice/stdlib-guice-hibernate/9.0.2-SNAPSHOT/stdlib-guice-hibernate-9.0.2-SNAPSHOT.jar
[INFO] Installing /home/travis/build/petergeneric/stdlib/guice/hibernate/pom.xml to /home/travis/.m2/repository/com/peterphi/std/guice/stdlib-guice-hibernate/9.0.2-SNAPSHOT/stdlib-guice-hibernate-9.0.2-SNAPSHOT.pom
[INFO]                                                                         
[INFO] ------------------------------------------------------------------------
[INFO] Building stdlib guice hibernate testing support 9.0.2-SNAPSHOT
[INFO] ------------------------------------------------------------------------
[INFO] 
[INFO] --- maven-enforcer-plugin:1.0:enforce (enforce-maven) @ stdlib-guice-hibernate-testing ---
[INFO] 
[INFO] --- buildnumber-maven-plugin:1.3:create (default) @ stdlib-guice-hibernate-testing ---
[INFO] 
[INFO] --- maven-resources-plugin:2.6:resources (default-resources) @ stdlib-guice-hibernate-testing ---
[INFO] Using 'UTF-8' encoding to copy filtered resources.
[INFO] Copying 2 resources
[INFO] 
[INFO] --- maven-compiler-plugin:3.3:compile (default-compile) @ stdlib-guice-hibernate-testing ---
[INFO] Nothing to compile - all classes are up to date
[INFO] 
[INFO] --- maven-resources-plugin:2.6:testResources (default-testResources) @ stdlib-guice-hibernate-testing ---
[INFO] Using 'UTF-8' encoding to copy filtered resources.
[INFO] Copying 1 resource
[INFO] 
[INFO] --- maven-compiler-plugin:3.3:testCompile (default-testCompile) @ stdlib-guice-hibernate-testing ---
[INFO] Nothing to compile - all classes are up to date
[INFO] 
[INFO] --- maven-surefire-plugin:2.19:test (default-test) @ stdlib-guice-hibernate-testing ---
[INFO] Tests are skipped.
[INFO] 
[INFO] --- maven-jar-plugin:2.6:jar (default-jar) @ stdlib-guice-hibernate-testing ---
[INFO] 
[INFO] --- maven-install-plugin:2.4:install (default-install) @ stdlib-guice-hibernate-testing ---
[INFO] Installing /home/travis/build/petergeneric/stdlib/guice/hibernate-testing/target/stdlib-guice-hibernate-testing-9.0.2-SNAPSHOT.jar to /home/travis/.m2/repository/com/peterphi/std/guice/stdlib-guice-hibernate-testing/9.0.2-SNAPSHOT/stdlib-guice-hibernate-testing-9.0.2-SNAPSHOT.jar
[INFO] Installing /home/travis/build/petergeneric/stdlib/guice/hibernate-testing/pom.xml to /home/travis/.m2/repository/com/peterphi/std/guice/stdlib-guice-hibernate-testing/9.0.2-SNAPSHOT/stdlib-guice-hibernate-testing-9.0.2-SNAPSHOT.pom
[INFO]                                                                         
[INFO] ------------------------------------------------------------------------
[INFO] Building stdlib guice liquibase support 9.0.2-SNAPSHOT
[INFO] ------------------------------------------------------------------------
[INFO] 
[INFO] --- maven-enforcer-plugin:1.0:enforce (enforce-maven) @ stdlib-guice-liquibase ---
[INFO] 
[INFO] --- buildnumber-maven-plugin:1.3:create (default) @ stdlib-guice-liquibase ---
[INFO] 
[INFO] --- maven-resources-plugin:2.6:resources (default-resources) @ stdlib-guice-liquibase ---
[INFO] Using 'UTF-8' encoding to copy filtered resources.
[INFO] Copying 1 resource
[INFO] 
[INFO] --- maven-compiler-plugin:3.3:compile (default-compile) @ stdlib-guice-liquibase ---
[INFO] Nothing to compile - all classes are up to date
[INFO] 
[INFO] --- maven-resources-plugin:2.6:testResources (default-testResources) @ stdlib-guice-liquibase ---
[INFO] Using 'UTF-8' encoding to copy filtered resources.
[INFO] Copying 4 resources
[INFO] 
[INFO] --- maven-compiler-plugin:3.3:testCompile (default-testCompile) @ stdlib-guice-liquibase ---
[INFO] Nothing to compile - all classes are up to date
[INFO] 
[INFO] --- maven-surefire-plugin:2.19:test (default-test) @ stdlib-guice-liquibase ---
[INFO] Tests are skipped.
[INFO] 
[INFO] --- maven-jar-plugin:2.6:jar (default-jar) @ stdlib-guice-liquibase ---
[INFO] 
[INFO] --- maven-install-plugin:2.4:install (default-install) @ stdlib-guice-liquibase ---
[INFO] Installing /home/travis/build/petergeneric/stdlib/guice/liquibase/target/stdlib-guice-liquibase-9.0.2-SNAPSHOT.jar to /home/travis/.m2/repository/com/peterphi/std/guice/stdlib-guice-liquibase/9.0.2-SNAPSHOT/stdlib-guice-liquibase-9.0.2-SNAPSHOT.jar
[INFO] Installing /home/travis/build/petergeneric/stdlib/guice/liquibase/pom.xml to /home/travis/.m2/repository/com/peterphi/std/guice/stdlib-guice-liquibase/9.0.2-SNAPSHOT/stdlib-guice-liquibase-9.0.2-SNAPSHOT.pom
[INFO]                                                                         
[INFO] ------------------------------------------------------------------------
[INFO] Building stdlib guice test rest client 9.0.2-SNAPSHOT
[INFO] ------------------------------------------------------------------------
[INFO] 
[INFO] --- maven-enforcer-plugin:1.0:enforce (enforce-maven) @ stdlib-guice-sample-rest-service ---
[INFO] 
[INFO] --- buildnumber-maven-plugin:1.3:create (default) @ stdlib-guice-sample-rest-service ---
[INFO] 
[INFO] --- maven-resources-plugin:2.6:resources (default-resources) @ stdlib-guice-sample-rest-service ---
[INFO] Using 'UTF-8' encoding to copy filtered resources.
[INFO] Copying 5 resources
[INFO] 
[INFO] --- maven-compiler-plugin:3.3:compile (default-compile) @ stdlib-guice-sample-rest-service ---
[INFO] Nothing to compile - all classes are up to date
[INFO] 
[INFO] --- maven-resources-plugin:2.6:testResources (default-testResources) @ stdlib-guice-sample-rest-service ---
[INFO] Using 'UTF-8' encoding to copy filtered resources.
[INFO] skip non existing resourceDirectory /home/travis/build/petergeneric/stdlib/guice/sample-rest-service/src/test/resources
[INFO] 
[INFO] --- maven-compiler-plugin:3.3:testCompile (default-testCompile) @ stdlib-guice-sample-rest-service ---
[INFO] No sources to compile
[INFO] 
[INFO] --- maven-surefire-plugin:2.19:test (default-test) @ stdlib-guice-sample-rest-service ---
[INFO] Tests are skipped.
[INFO] 
[INFO] --- maven-war-plugin:2.6:war (default-war) @ stdlib-guice-sample-rest-service ---
[INFO] Packaging webapp
[INFO] Assembling webapp [stdlib-guice-sample-rest-service] in [/home/travis/build/petergeneric/stdlib/guice/sample-rest-service/target/stdlib-guice-sample-rest-service-9.0.2-SNAPSHOT]
[INFO] Processing war project
[INFO] Copying webapp resources [/home/travis/build/petergeneric/stdlib/guice/sample-rest-service/src/main/webapp]
[INFO] Webapp assembled in [959 msecs]
[INFO] Building war: /home/travis/build/petergeneric/stdlib/guice/sample-rest-service/target/stdlib-guice-sample-rest-service-9.0.2-SNAPSHOT.war
[INFO] 
[INFO] --- maven-install-plugin:2.4:install (default-install) @ stdlib-guice-sample-rest-service ---
[INFO] Installing /home/travis/build/petergeneric/stdlib/guice/sample-rest-service/target/stdlib-guice-sample-rest-service-9.0.2-SNAPSHOT.war to /home/travis/.m2/repository/com/peterphi/std/guice/stdlib-guice-sample-rest-service/9.0.2-SNAPSHOT/stdlib-guice-sample-rest-service-9.0.2-SNAPSHOT.war
[INFO] Installing /home/travis/build/petergeneric/stdlib/guice/sample-rest-service/pom.xml to /home/travis/.m2/repository/com/peterphi/std/guice/stdlib-guice-sample-rest-service/9.0.2-SNAPSHOT/stdlib-guice-sample-rest-service-9.0.2-SNAPSHOT.pom
[INFO]                                                                         
[INFO] ------------------------------------------------------------------------
[INFO] Building carbon client 9.0.2-SNAPSHOT
[INFO] ------------------------------------------------------------------------
[INFO] 
[INFO] --- maven-enforcer-plugin:1.0:enforce (enforce-maven) @ carbon-client ---
[INFO] 
[INFO] --- buildnumber-maven-plugin:1.3:create (default) @ carbon-client ---
[INFO] 
[INFO] --- maven-resources-plugin:2.6:resources (default-resources) @ carbon-client ---
[INFO] Using 'UTF-8' encoding to copy filtered resources.
[INFO] Copying 1 resource
[INFO] 
[INFO] --- maven-compiler-plugin:3.3:compile (default-compile) @ carbon-client ---
[INFO] Nothing to compile - all classes are up to date
[INFO] 
[INFO] --- maven-resources-plugin:2.6:testResources (default-testResources) @ carbon-client ---
[INFO] Using 'UTF-8' encoding to copy filtered resources.
[INFO] Copying 3 resources
[INFO] 
[INFO] --- maven-compiler-plugin:3.3:testCompile (default-testCompile) @ carbon-client ---
[INFO] Nothing to compile - all classes are up to date
[INFO] 
[INFO] --- maven-surefire-plugin:2.19:test (default-test) @ carbon-client ---
[INFO] Tests are skipped.
[INFO] 
[INFO] --- maven-jar-plugin:2.6:jar (default-jar) @ carbon-client ---
[INFO] 
[INFO] --- maven-install-plugin:2.4:install (default-install) @ carbon-client ---
[INFO] Installing /home/travis/build/petergeneric/stdlib/util/carbon-client/target/carbon-client-9.0.2-SNAPSHOT.jar to /home/travis/.m2/repository/com/peterphi/std/util/carbon/carbon-client/9.0.2-SNAPSHOT/carbon-client-9.0.2-SNAPSHOT.jar
[INFO] Installing /home/travis/build/petergeneric/stdlib/util/carbon-client/pom.xml to /home/travis/.m2/repository/com/peterphi/std/util/carbon/carbon-client/9.0.2-SNAPSHOT/carbon-client-9.0.2-SNAPSHOT.pom
[INFO]                                                                         
[INFO] ------------------------------------------------------------------------
[INFO] Building configuration 9.0.2-SNAPSHOT
[INFO] ------------------------------------------------------------------------
[INFO] 
[INFO] --- maven-enforcer-plugin:1.0:enforce (enforce-maven) @ config-parent ---
[INFO] 
[INFO] --- buildnumber-maven-plugin:1.3:create (default) @ config-parent ---
[INFO] 
[INFO] --- maven-install-plugin:2.4:install (default-install) @ config-parent ---
[INFO] Installing /home/travis/build/petergeneric/stdlib/configuration/pom.xml to /home/travis/.m2/repository/com/peterphi/std/config/config-parent/9.0.2-SNAPSHOT/config-parent-9.0.2-SNAPSHOT.pom
[INFO]                                                                         
[INFO] ------------------------------------------------------------------------
[INFO] Building Configuration Service 9.0.2-SNAPSHOT
[INFO] ------------------------------------------------------------------------
[INFO] 
[INFO] --- maven-enforcer-plugin:1.0:enforce (enforce-maven) @ configuration ---
[INFO] 
[INFO] --- buildnumber-maven-plugin:1.3:create (default) @ configuration ---
[INFO] 
[INFO] --- maven-resources-plugin:2.6:resources (default-resources) @ configuration ---
[INFO] Using 'UTF-8' encoding to copy filtered resources.
[INFO] Copying 4 resources
[INFO] 
[INFO] --- maven-compiler-plugin:3.3:compile (default-compile) @ configuration ---
[INFO] Nothing to compile - all classes are up to date
[INFO] 
[INFO] --- maven-resources-plugin:2.6:testResources (default-testResources) @ configuration ---
[INFO] Using 'UTF-8' encoding to copy filtered resources.
[INFO] Copying 1 resource
[INFO] 
[INFO] --- maven-compiler-plugin:3.3:testCompile (default-testCompile) @ configuration ---
[INFO] Nothing to compile - all classes are up to date
[INFO] 
[INFO] --- maven-surefire-plugin:2.19:test (default-test) @ configuration ---
[INFO] Tests are skipped.
[INFO] 
[INFO] --- maven-war-plugin:2.6:war (default-war) @ configuration ---
[INFO] Packaging webapp
[INFO] Assembling webapp [configuration] in [/home/travis/build/petergeneric/stdlib/configuration/configuration/target/configuration-9.0.2-SNAPSHOT]
[INFO] Processing war project
[INFO] Copying webapp resources [/home/travis/build/petergeneric/stdlib/configuration/configuration/src/main/webapp]
[INFO] Webapp assembled in [488 msecs]
[INFO] Building war: /home/travis/build/petergeneric/stdlib/configuration/configuration/target/configuration-9.0.2-SNAPSHOT.war
[INFO] 
[INFO] --- maven-install-plugin:2.4:install (default-install) @ configuration ---
[INFO] Installing /home/travis/build/petergeneric/stdlib/configuration/configuration/target/configuration-9.0.2-SNAPSHOT.war to /home/travis/.m2/repository/com/peterphi/std/config/configuration/9.0.2-SNAPSHOT/configuration-9.0.2-SNAPSHOT.war
[INFO] Installing /home/travis/build/petergeneric/stdlib/configuration/configuration/pom.xml to /home/travis/.m2/repository/com/peterphi/std/config/configuration/9.0.2-SNAPSHOT/configuration-9.0.2-SNAPSHOT.pom
[INFO]                                                                         
[INFO] ------------------------------------------------------------------------
[INFO] Building user-manager 9.0.2-SNAPSHOT
[INFO] ------------------------------------------------------------------------
[INFO] 
[INFO] --- maven-enforcer-plugin:1.0:enforce (enforce-maven) @ user-manager-parent ---
[INFO] 
[INFO] --- buildnumber-maven-plugin:1.3:create (default) @ user-manager-parent ---
[INFO] 
[INFO] --- maven-install-plugin:2.4:install (default-install) @ user-manager-parent ---
[INFO] Installing /home/travis/build/petergeneric/stdlib/user-manager/pom.xml to /home/travis/.m2/repository/com/peterphi/user-manager/user-manager-parent/9.0.2-SNAPSHOT/user-manager-parent-9.0.2-SNAPSHOT.pom
[INFO]                                                                         
[INFO] ------------------------------------------------------------------------
[INFO] Building user manager rest api 9.0.2-SNAPSHOT
[INFO] ------------------------------------------------------------------------
[INFO] 
[INFO] --- maven-enforcer-plugin:1.0:enforce (enforce-maven) @ user-manager-api ---
[INFO] 
[INFO] --- buildnumber-maven-plugin:1.3:create (default) @ user-manager-api ---
[INFO] 
[INFO] --- maven-resources-plugin:2.6:resources (default-resources) @ user-manager-api ---
[INFO] Using 'UTF-8' encoding to copy filtered resources.
[INFO] skip non existing resourceDirectory /home/travis/build/petergeneric/stdlib/user-manager/api/src/main/resources
[INFO] 
[INFO] --- maven-compiler-plugin:3.3:compile (default-compile) @ user-manager-api ---
[INFO] Nothing to compile - all classes are up to date
[INFO] 
[INFO] --- maven-resources-plugin:2.6:testResources (default-testResources) @ user-manager-api ---
[INFO] Using 'UTF-8' encoding to copy filtered resources.
[INFO] skip non existing resourceDirectory /home/travis/build/petergeneric/stdlib/user-manager/api/src/test/resources
[INFO] 
[INFO] --- maven-compiler-plugin:3.3:testCompile (default-testCompile) @ user-manager-api ---
[INFO] No sources to compile
[INFO] 
[INFO] --- maven-surefire-plugin:2.19:test (default-test) @ user-manager-api ---
[INFO] Tests are skipped.
[INFO] 
[INFO] --- maven-jar-plugin:2.6:jar (default-jar) @ user-manager-api ---
[INFO] 
[INFO] --- maven-install-plugin:2.4:install (default-install) @ user-manager-api ---
[INFO] Installing /home/travis/build/petergeneric/stdlib/user-manager/api/target/user-manager-api-9.0.2-SNAPSHOT.jar to /home/travis/.m2/repository/com/peterphi/user-manager/user-manager-api/9.0.2-SNAPSHOT/user-manager-api-9.0.2-SNAPSHOT.jar
[INFO] Installing /home/travis/build/petergeneric/stdlib/user-manager/api/pom.xml to /home/travis/.m2/repository/com/peterphi/user-manager/user-manager-api/9.0.2-SNAPSHOT/user-manager-api-9.0.2-SNAPSHOT.pom
[INFO]                                                                         
[INFO] ------------------------------------------------------------------------
[INFO] Building user manager service 9.0.2-SNAPSHOT
[INFO] ------------------------------------------------------------------------
[INFO] Downloading: https://oss.sonatype.org/content/repositories/releases/AzureLogAppender/AzureLogAppender/1.0/AzureLogAppender-1.0.pom
[INFO] Downloading: https://repository.apache.org/releases/AzureLogAppender/AzureLogAppender/1.0/AzureLogAppender-1.0.pom
[WARNING] The POM for AzureLogAppender:AzureLogAppender:jar:1.0 is missing, no dependency information available
[INFO] Downloading: https://oss.sonatype.org/content/repositories/releases/AzureLogAppender/AzureLogAppender/1.0/AzureLogAppender-1.0.jar
[INFO] Downloading: https://repository.apache.org/releases/AzureLogAppender/AzureLogAppender/1.0/AzureLogAppender-1.0.jar
[INFO] ------------------------------------------------------------------------
[INFO] Reactor Summary:
[INFO] 
[INFO] application framework parent ....................... SUCCESS [  2.161 s]
[INFO] stdlib ............................................. SUCCESS [  3.330 s]
[INFO] application framework guice modules parent ......... SUCCESS [  0.199 s]
[INFO] stdlib guice common ................................ SUCCESS [  1.884 s]
[INFO] stdlib guice webapp ................................ SUCCESS [  0.519 s]
[INFO] stdlib guice metrics ............................... SUCCESS [  0.299 s]
[INFO] stdlib guice freemarker webapp ..................... SUCCESS [  0.172 s]
[INFO] stdlib guice testing support ....................... SUCCESS [  0.202 s]
[INFO] stdlib guice hibernate ............................. SUCCESS [  0.470 s]
[INFO] stdlib guice hibernate testing support ............. SUCCESS [  0.307 s]
[INFO] stdlib guice liquibase support ..................... SUCCESS [  0.281 s]
[INFO] stdlib guice test rest client ...................... SUCCESS [  6.850 s]
[INFO] carbon client ...................................... SUCCESS [  0.067 s]
[INFO] configuration ...................................... SUCCESS [  0.034 s]
[INFO] Configuration Service .............................. SUCCESS [  2.573 s]
[INFO] user-manager ....................................... SUCCESS [  0.047 s]
[INFO] user manager rest api .............................. SUCCESS [  0.064 s]
[INFO] user manager service ............................... FAILURE [  1.996 s]
[INFO] ------------------------------------------------------------------------
[INFO] BUILD FAILURE
[INFO] ------------------------------------------------------------------------
[INFO] Total time: 23.630 s
[INFO] Finished at: 2016-08-10T13:01:21+00:00
[INFO] Final Memory: 28M/367M
[INFO] ------------------------------------------------------------------------
[ERROR] Failed to execute goal on project user-manager: Could not resolve dependencies for project com.peterphi.user-manager:user-manager:war:9.0.2-SNAPSHOT: Failure to find AzureLogAppender:AzureLogAppender:jar:1.0 in http://repo.maven.apache.org/maven2 was cached in the local repository, resolution will not be reattempted until the update interval of central has elapsed or updates are forced -> [Help 1]
[ERROR] 
[ERROR] To see the full stack trace of the errors, re-run Maven with the -e switch.
[ERROR] Re-run Maven using the -X switch to enable full debug logging.
[ERROR] 
[ERROR] For more information about the errors and possible solutions, please read the following articles:
[ERROR] [Help 1] http://cwiki.apache.org/confluence/display/MAVEN/DependencyResolutionException
[ERROR] 
[ERROR] After correcting the problems, you can resume the build with the command
[ERROR]   mvn <goals> -rf :user-manager

[31;1mThe command "eval mvn install -DskipTests=true -Dmaven.javadoc.skip=true -B -V" failed 3 times.[0m


travis_time:end:015bf553:start=1470833961114771614,finish=1470834084118043683,duration=123003272069[0K
[31;1mThe command "mvn install -DskipTests=true -Dmaven.javadoc.skip=true -B -V" failed and exited with 1 during .[0m

Your build has been stopped.
