travis_fold:start:worker_info[0K[33;1mWorker information[0m
hostname: i-0c5b7c4-precise-production-2-worker-org-docker.travisci.net:316167a8-4d7e-484e-a06d-d3d7c02eb0f0
version: v2.5.0-8-g19ea9c2 https://github.com/travis-ci/worker/tree/19ea9c20425c78100500c7cc935892b47024922c
instance: 9b3a37a:travis:java
startup: 546.410308ms
travis_fold:end:worker_info[0Ktravis_fold:start:system_info[0K[33;1mBuild system information[0m
Build language: java
Build group: stable
Build dist: precise
Build id: 192275556
Job id: 192275557
travis-build version: c4c841b3c
[34m[1mBuild image provisioning date and time[0m
Thu Feb  5 15:09:33 UTC 2015
[34m[1mOperating System Details[0m
Distributor ID:	Ubuntu
Description:	Ubuntu 12.04.5 LTS
Release:	12.04
Codename:	precise
[34m[1mLinux Version[0m
3.13.0-29-generic
[34m[1mCookbooks Version[0m
a68419e https://github.com/travis-ci/travis-cookbooks/tree/a68419e
[34m[1mGCC version[0m
gcc (Ubuntu/Linaro 4.6.3-1ubuntu5) 4.6.3
Copyright (C) 2011 Free Software Foundation, Inc.
This is free software; see the source for copying conditions.  There is NO
warranty; not even for MERCHANTABILITY or FITNESS FOR A PARTICULAR PURPOSE.

[34m[1mLLVM version[0m
clang version 3.4 (tags/RELEASE_34/final)
Target: x86_64-unknown-linux-gnu
Thread model: posix
[34m[1mPre-installed Ruby versions[0m
ruby-1.9.3-p551
[34m[1mPre-installed Node.js versions[0m
v0.10.36
[34m[1mPre-installed Go versions[0m
1.4.1
[34m[1mRedis version[0m
redis-server 2.8.19
[34m[1mriak version[0m
2.0.2
[34m[1mMongoDB version[0m
MongoDB 2.4.12
[34m[1mCouchDB version[0m
couchdb 1.6.1
[34m[1mNeo4j version[0m
1.9.4
[34m[1mRabbitMQ Version[0m
3.4.3
[34m[1mElasticSearch version[0m
1.4.0
[34m[1mInstalled Sphinx versions[0m
2.0.10
2.1.9
2.2.6
[34m[1mDefault Sphinx version[0m
2.2.6
[34m[1mInstalled Firefox version[0m
firefox 31.0esr
[34m[1mPhantomJS version[0m
1.9.8
[34m[1mant -version[0m
Apache Ant(TM) version 1.8.2 compiled on December 3 2011
[34m[1mmvn -version[0m
Apache Maven 3.2.5 (12a6b3acb947671f09b81f49094c53f426d8cea1; 2014-12-14T17:29:23+00:00)
Maven home: /usr/local/maven
Java version: 1.7.0_76, vendor: Oracle Corporation
Java home: /usr/lib/jvm/java-7-oracle/jre
Default locale: en_US, platform encoding: ANSI_X3.4-1968
OS name: "linux", version: "3.13.0-29-generic", arch: "amd64", family: "unix"
travis_fold:end:system_info[0K
travis_fold:start:fix.CVE-2015-7547[0K$ export DEBIAN_FRONTEND=noninteractive
W: Size of file /var/lib/apt/lists/us.archive.ubuntu.com_ubuntu_dists_precise-updates_restricted_binary-amd64_Packages.gz is not what the server reported 19576 20785
W: Size of file /var/lib/apt/lists/us.archive.ubuntu.com_ubuntu_dists_precise-updates_restricted_binary-i386_Packages.gz is not what the server reported 19521 20707
W: Size of file /var/lib/apt/lists/us.archive.ubuntu.com_ubuntu_dists_precise-backports_multiverse_source_Sources.gz is not what the server reported 5886 5888
W: Size of file /var/lib/apt/lists/ppa.launchpad.net_travis-ci_zero-mq_ubuntu_dists_precise_main_binary-amd64_Packages.gz is not what the server reported 832 1195
W: Size of file /var/lib/apt/lists/security.ubuntu.com_ubuntu_dists_precise-security_restricted_binary-amd64_Packages.gz is not what the server reported 13782 14904
W: Size of file /var/lib/apt/lists/ppa.launchpad.net_ubuntugis_ppa_ubuntu_dists_precise_main_binary-amd64_Packages.gz is not what the server reported 33653 36677
W: Size of file /var/lib/apt/lists/security.ubuntu.com_ubuntu_dists_precise-security_restricted_binary-i386_Packages.gz is not what the server reported 13751 14885
W: Size of file /var/lib/apt/lists/ppa.launchpad.net_ubuntugis_ppa_ubuntu_dists_precise_main_binary-i386_Packages.gz is not what the server reported 33699 36733
Reading package lists...
Building dependency tree...
Reading state information...
The following extra packages will be installed:
  libc-bin libc-dev-bin libc6-dev
Suggested packages:
  glibc-doc
The following packages will be upgraded:
  libc-bin libc-dev-bin libc6 libc6-dev
4 upgraded, 0 newly installed, 0 to remove and 267 not upgraded.
Need to get 8,840 kB of archives.
After this operation, 14.3 kB disk space will be freed.
Get:1 http://us.archive.ubuntu.com/ubuntu/ precise-updates/main libc6-dev amd64 2.15-0ubuntu10.15 [2,943 kB]
Get:2 http://us.archive.ubuntu.com/ubuntu/ precise-updates/main libc-dev-bin amd64 2.15-0ubuntu10.15 [84.7 kB]
Get:3 http://us.archive.ubuntu.com/ubuntu/ precise-updates/main libc-bin amd64 2.15-0ubuntu10.15 [1,177 kB]
Get:4 http://us.archive.ubuntu.com/ubuntu/ precise-updates/main libc6 amd64 2.15-0ubuntu10.15 [4,636 kB]
Fetched 8,840 kB in 0s (32.5 MB/s)
Preconfiguring packages ...
(Reading database ... (Reading database ... 5%(Reading database ... 10%(Reading database ... 15%(Reading database ... 20%(Reading database ... 25%(Reading database ... 30%(Reading database ... 35%(Reading database ... 40%(Reading database ... 45%(Reading database ... 50%(Reading database ... 55%(Reading database ... 60%(Reading database ... 65%(Reading database ... 70%(Reading database ... 75%(Reading database ... 80%(Reading database ... 85%(Reading database ... 90%(Reading database ... 95%(Reading database ... 100%(Reading database ... 72019 files and directories currently installed.)
Preparing to replace libc6-dev 2.15-0ubuntu10.10 (using .../libc6-dev_2.15-0ubuntu10.15_amd64.deb) ...
Unpacking replacement libc6-dev ...
Preparing to replace libc-dev-bin 2.15-0ubuntu10.10 (using .../libc-dev-bin_2.15-0ubuntu10.15_amd64.deb) ...
Unpacking replacement libc-dev-bin ...
Preparing to replace libc-bin 2.15-0ubuntu10.10 (using .../libc-bin_2.15-0ubuntu10.15_amd64.deb) ...
Unpacking replacement libc-bin ...
Processing triggers for man-db ...
Setting up libc-bin (2.15-0ubuntu10.15) ...
(Reading database ... (Reading database ... 5%(Reading database ... 10%(Reading database ... 15%(Reading database ... 20%(Reading database ... 25%(Reading database ... 30%(Reading database ... 35%(Reading database ... 40%(Reading database ... 45%(Reading database ... 50%(Reading database ... 55%(Reading database ... 60%(Reading database ... 65%(Reading database ... 70%(Reading database ... 75%(Reading database ... 80%(Reading database ... 85%(Reading database ... 90%(Reading database ... 95%(Reading database ... 100%(Reading database ... 72018 files and directories currently installed.)
Preparing to replace libc6 2.15-0ubuntu10.10 (using .../libc6_2.15-0ubuntu10.15_amd64.deb) ...
Unpacking replacement libc6 ...
Setting up libc6 (2.15-0ubuntu10.15) ...
Setting up libc-dev-bin (2.15-0ubuntu10.15) ...
Setting up libc6-dev (2.15-0ubuntu10.15) ...
Processing triggers for libc-bin ...
ldconfig deferred processing now taking place
travis_fold:end:fix.CVE-2015-7547[0Ktravis_fold:start:git.checkout[0Ktravis_time:start:0b88f5dc[0K$ git clone --depth=50 --branch=master https://github.com/owlcs/owlapi.git owlcs/owlapi
Cloning into 'owlcs/owlapi'...
remote: Counting objects: 4113, done.[K
remote: Compressing objects:   0% (1/2082)   [Kremote: Compressing objects:   1% (21/2082)   [Kremote: Compressing objects:   2% (42/2082)   [Kremote: Compressing objects:   3% (63/2082)   [Kremote: Compressing objects:   4% (84/2082)   [Kremote: Compressing objects:   5% (105/2082)   [Kremote: Compressing objects:   6% (125/2082)   [Kremote: Compressing objects:   7% (146/2082)   [Kremote: Compressing objects:   8% (167/2082)   [Kremote: Compressing objects:   9% (188/2082)   [Kremote: Compressing objects:  10% (209/2082)   [Kremote: Compressing objects:  11% (230/2082)   [Kremote: Compressing objects:  12% (250/2082)   [Kremote: Compressing objects:  13% (271/2082)   [Kremote: Compressing objects:  14% (292/2082)   [Kremote: Compressing objects:  15% (313/2082)   [Kremote: Compressing objects:  16% (334/2082)   [Kremote: Compressing objects:  17% (354/2082)   [Kremote: Compressing objects:  18% (375/2082)   [Kremote: Compressing objects:  19% (396/2082)   [Kremote: Compressing objects:  20% (417/2082)   [Kremote: Compressing objects:  21% (438/2082)   [Kremote: Compressing objects:  22% (459/2082)   [Kremote: Compressing objects:  23% (479/2082)   [Kremote: Compressing objects:  24% (500/2082)   [Kremote: Compressing objects:  25% (521/2082)   [Kremote: Compressing objects:  26% (542/2082)   [Kremote: Compressing objects:  27% (563/2082)   [Kremote: Compressing objects:  28% (583/2082)   [Kremote: Compressing objects:  29% (604/2082)   [Kremote: Compressing objects:  30% (625/2082)   [Kremote: Compressing objects:  31% (646/2082)   [Kremote: Compressing objects:  32% (667/2082)   [Kremote: Compressing objects:  33% (688/2082)   [Kremote: Compressing objects:  34% (708/2082)   [Kremote: Compressing objects:  35% (729/2082)   [Kremote: Compressing objects:  36% (750/2082)   [Kremote: Compressing objects:  37% (771/2082)   [Kremote: Compressing objects:  38% (792/2082)   [Kremote: Compressing objects:  39% (812/2082)   [Kremote: Compressing objects:  40% (833/2082)   [Kremote: Compressing objects:  41% (854/2082)   [Kremote: Compressing objects:  42% (875/2082)   [Kremote: Compressing objects:  43% (896/2082)   [Kremote: Compressing objects:  44% (917/2082)   [Kremote: Compressing objects:  45% (937/2082)   [Kremote: Compressing objects:  46% (958/2082)   [Kremote: Compressing objects:  47% (979/2082)   [Kremote: Compressing objects:  48% (1000/2082)   [Kremote: Compressing objects:  49% (1021/2082)   [Kremote: Compressing objects:  50% (1041/2082)   [Kremote: Compressing objects:  51% (1062/2082)   [Kremote: Compressing objects:  52% (1083/2082)   [Kremote: Compressing objects:  53% (1104/2082)   [Kremote: Compressing objects:  54% (1125/2082)   [Kremote: Compressing objects:  55% (1146/2082)   [Kremote: Compressing objects:  56% (1166/2082)   [Kremote: Compressing objects:  57% (1187/2082)   [Kremote: Compressing objects:  58% (1208/2082)   [Kremote: Compressing objects:  59% (1229/2082)   [Kremote: Compressing objects:  60% (1250/2082)   [Kremote: Compressing objects:  61% (1271/2082)   [Kremote: Compressing objects:  62% (1291/2082)   [Kremote: Compressing objects:  63% (1312/2082)   [Kremote: Compressing objects:  64% (1333/2082)   [Kremote: Compressing objects:  65% (1354/2082)   [Kremote: Compressing objects:  66% (1375/2082)   [Kremote: Compressing objects:  67% (1395/2082)   [Kremote: Compressing objects:  68% (1416/2082)   [Kremote: Compressing objects:  69% (1437/2082)   [Kremote: Compressing objects:  70% (1458/2082)   [Kremote: Compressing objects:  71% (1479/2082)   [Kremote: Compressing objects:  72% (1500/2082)   [Kremote: Compressing objects:  73% (1520/2082)   [Kremote: Compressing objects:  74% (1541/2082)   [Kremote: Compressing objects:  75% (1562/2082)   [Kremote: Compressing objects:  76% (1583/2082)   [Kremote: Compressing objects:  77% (1604/2082)   [Kremote: Compressing objects:  78% (1624/2082)   [Kremote: Compressing objects:  79% (1645/2082)   [Kremote: Compressing objects:  80% (1666/2082)   [Kremote: Compressing objects:  81% (1687/2082)   [Kremote: Compressing objects:  82% (1708/2082)   [Kremote: Compressing objects:  83% (1729/2082)   [Kremote: Compressing objects:  84% (1749/2082)   [Kremote: Compressing objects:  85% (1770/2082)   [Kremote: Compressing objects:  86% (1791/2082)   [Kremote: Compressing objects:  87% (1812/2082)   [Kremote: Compressing objects:  88% (1833/2082)   [Kremote: Compressing objects:  89% (1853/2082)   [Kremote: Compressing objects:  90% (1874/2082)   [Kremote: Compressing objects:  91% (1895/2082)   [Kremote: Compressing objects:  92% (1916/2082)   [Kremote: Compressing objects:  93% (1937/2082)   [Kremote: Compressing objects:  94% (1958/2082)   [Kremote: Compressing objects:  95% (1978/2082)   [Kremote: Compressing objects:  96% (1999/2082)   [Kremote: Compressing objects:  97% (2020/2082)   [Kremote: Compressing objects:  98% (2041/2082)   [Kremote: Compressing objects:  99% (2062/2082)   [Kremote: Compressing objects: 100% (2082/2082)   [Kremote: Compressing objects: 100% (2082/2082), done.[K
Receiving objects:   0% (1/4113)   Receiving objects:   1% (42/4113)   Receiving objects:   2% (83/4113)   Receiving objects:   3% (124/4113)   Receiving objects:   4% (165/4113)   Receiving objects:   5% (206/4113)   Receiving objects:   6% (247/4113)   Receiving objects:   7% (288/4113)   Receiving objects:   8% (330/4113)   Receiving objects:   9% (371/4113)   Receiving objects:  10% (412/4113)   Receiving objects:  11% (453/4113)   Receiving objects:  12% (494/4113)   Receiving objects:  13% (535/4113)   Receiving objects:  14% (576/4113)   Receiving objects:  15% (617/4113)   Receiving objects:  16% (659/4113)   Receiving objects:  17% (700/4113)   Receiving objects:  18% (741/4113)   Receiving objects:  19% (782/4113)   Receiving objects:  20% (823/4113)   Receiving objects:  21% (864/4113)   Receiving objects:  22% (905/4113)   Receiving objects:  23% (946/4113)   Receiving objects:  24% (988/4113)   Receiving objects:  25% (1029/4113)   Receiving objects:  26% (1070/4113)   Receiving objects:  27% (1111/4113)   Receiving objects:  28% (1152/4113)   Receiving objects:  29% (1193/4113)   Receiving objects:  30% (1234/4113)   Receiving objects:  31% (1276/4113)   Receiving objects:  32% (1317/4113)   Receiving objects:  33% (1358/4113)   Receiving objects:  34% (1399/4113)   Receiving objects:  35% (1440/4113)   Receiving objects:  36% (1481/4113)   Receiving objects:  37% (1522/4113)   Receiving objects:  38% (1563/4113)   Receiving objects:  39% (1605/4113)   Receiving objects:  40% (1646/4113)   Receiving objects:  41% (1687/4113)   Receiving objects:  42% (1728/4113)   Receiving objects:  43% (1769/4113)   Receiving objects:  44% (1810/4113)   Receiving objects:  45% (1851/4113)   Receiving objects:  46% (1892/4113)   Receiving objects:  47% (1934/4113)   Receiving objects:  48% (1975/4113)   Receiving objects:  49% (2016/4113)   Receiving objects:  50% (2057/4113)   Receiving objects:  51% (2098/4113)   Receiving objects:  52% (2139/4113)   Receiving objects:  53% (2180/4113)   Receiving objects:  54% (2222/4113)   Receiving objects:  55% (2263/4113)   Receiving objects:  56% (2304/4113)   Receiving objects:  57% (2345/4113)   Receiving objects:  58% (2386/4113)   Receiving objects:  59% (2427/4113)   Receiving objects:  60% (2468/4113)   Receiving objects:  61% (2509/4113)   Receiving objects:  62% (2551/4113)   Receiving objects:  63% (2592/4113)   Receiving objects:  64% (2633/4113)   Receiving objects:  65% (2674/4113)   Receiving objects:  66% (2715/4113)   Receiving objects:  67% (2756/4113)   Receiving objects:  68% (2797/4113)   Receiving objects:  69% (2838/4113)   Receiving objects:  70% (2880/4113)   Receiving objects:  71% (2921/4113)   Receiving objects:  72% (2962/4113)   Receiving objects:  73% (3003/4113)   Receiving objects:  74% (3044/4113)   Receiving objects:  75% (3085/4113)   Receiving objects:  76% (3126/4113)   Receiving objects:  77% (3168/4113)   Receiving objects:  78% (3209/4113)   Receiving objects:  79% (3250/4113)   Receiving objects:  80% (3291/4113)   Receiving objects:  81% (3332/4113)   Receiving objects:  82% (3373/4113)   Receiving objects:  83% (3414/4113)   Receiving objects:  84% (3455/4113)   Receiving objects:  85% (3497/4113)   Receiving objects:  86% (3538/4113)   Receiving objects:  87% (3579/4113)   Receiving objects:  88% (3620/4113)   Receiving objects:  89% (3661/4113)   remote: Total 4113 (delta 2267), reused 2903 (delta 1599), pack-reused 0[K
Receiving objects:  90% (3702/4113)   Receiving objects:  91% (3743/4113)   Receiving objects:  92% (3784/4113)   Receiving objects:  93% (3826/4113)   Receiving objects:  94% (3867/4113)   Receiving objects:  95% (3908/4113)   Receiving objects:  96% (3949/4113)   Receiving objects:  97% (3990/4113)   Receiving objects:  98% (4031/4113)   Receiving objects:  99% (4072/4113)   Receiving objects: 100% (4113/4113)   Receiving objects: 100% (4113/4113), 2.28 MiB | 0 bytes/s, done.
Resolving deltas:   0% (0/2267)   Resolving deltas:   1% (40/2267)   Resolving deltas:   4% (100/2267)   Resolving deltas:   5% (125/2267)   Resolving deltas:   7% (161/2267)   Resolving deltas:   8% (192/2267)   Resolving deltas:   9% (206/2267)   Resolving deltas:  10% (233/2267)   Resolving deltas:  12% (292/2267)   Resolving deltas:  13% (312/2267)   Resolving deltas:  14% (325/2267)   Resolving deltas:  18% (426/2267)   Resolving deltas:  19% (432/2267)   Resolving deltas:  20% (456/2267)   Resolving deltas:  23% (524/2267)   Resolving deltas:  24% (564/2267)   Resolving deltas:  25% (567/2267)   Resolving deltas:  26% (592/2267)   Resolving deltas:  27% (623/2267)   Resolving deltas:  28% (642/2267)   Resolving deltas:  29% (673/2267)   Resolving deltas:  30% (681/2267)   Resolving deltas:  31% (707/2267)   Resolving deltas:  32% (728/2267)   Resolving deltas:  33% (758/2267)   Resolving deltas:  34% (773/2267)   Resolving deltas:  35% (800/2267)   Resolving deltas:  36% (838/2267)   Resolving deltas:  37% (859/2267)   Resolving deltas:  38% (882/2267)   Resolving deltas:  39% (889/2267)   Resolving deltas:  40% (929/2267)   Resolving deltas:  41% (939/2267)   Resolving deltas:  43% (975/2267)   Resolving deltas:  44% (998/2267)   Resolving deltas:  45% (1021/2267)   Resolving deltas:  46% (1055/2267)   Resolving deltas:  47% (1066/2267)   Resolving deltas:  48% (1089/2267)   Resolving deltas:  49% (1122/2267)   Resolving deltas:  50% (1144/2267)   Resolving deltas:  51% (1159/2267)   Resolving deltas:  52% (1181/2267)   Resolving deltas:  53% (1209/2267)   Resolving deltas:  54% (1225/2267)   Resolving deltas:  55% (1248/2267)   Resolving deltas:  56% (1272/2267)   Resolving deltas:  57% (1306/2267)   Resolving deltas:  58% (1315/2267)   Resolving deltas:  59% (1342/2267)   Resolving deltas:  60% (1361/2267)   Resolving deltas:  61% (1383/2267)   Resolving deltas:  62% (1407/2267)   Resolving deltas:  63% (1439/2267)   Resolving deltas:  64% (1454/2267)   Resolving deltas:  65% (1474/2267)   Resolving deltas:  66% (1497/2267)   Resolving deltas:  67% (1525/2267)   Resolving deltas:  68% (1544/2267)   Resolving deltas:  69% (1566/2267)   Resolving deltas:  70% (1587/2267)   Resolving deltas:  71% (1610/2267)   Resolving deltas:  72% (1636/2267)   Resolving deltas:  73% (1657/2267)   Resolving deltas:  74% (1678/2267)   Resolving deltas:  75% (1702/2267)   Resolving deltas:  76% (1724/2267)   Resolving deltas:  77% (1748/2267)   Resolving deltas:  78% (1774/2267)   Resolving deltas:  79% (1791/2267)   Resolving deltas:  80% (1815/2267)   Resolving deltas:  81% (1840/2267)   Resolving deltas:  82% (1880/2267)   Resolving deltas:  83% (1884/2267)   Resolving deltas:  84% (1905/2267)   Resolving deltas:  85% (1929/2267)   Resolving deltas:  86% (1950/2267)   Resolving deltas:  87% (1976/2267)   Resolving deltas:  88% (2000/2267)   Resolving deltas:  89% (2020/2267)   Resolving deltas:  90% (2042/2267)   Resolving deltas:  91% (2065/2267)   Resolving deltas:  92% (2086/2267)   Resolving deltas:  93% (2113/2267)   Resolving deltas:  94% (2131/2267)   Resolving deltas:  95% (2154/2267)   Resolving deltas:  96% (2177/2267)   Resolving deltas:  97% (2200/2267)   Resolving deltas:  98% (2228/2267)   Resolving deltas:  99% (2245/2267)   Resolving deltas: 100% (2267/2267)   Resolving deltas: 100% (2267/2267), done.
Checking connectivity... done.

travis_time:end:0b88f5dc:start=1484552952823600185,finish=1484552954124988942,duration=1301388757[0K$ cd owlcs/owlapi
$ git checkout -qf 9e065ab1534bd3fb049988d81d39188d718f4de5
travis_fold:end:git.checkout[0Ktravis_fold:start:apt[0K[33;1mInstalling APT Packages (BETA)[0m
$ export DEBIAN_FRONTEND=noninteractive
travis_time:start:03f73d40[0K$ sudo -E apt-get -yq update &>> ~/apt-get-update.log

travis_time:end:03f73d40:start=1484552954259058345,finish=1484552959500331690,duration=5241273345[0Ktravis_time:start:0400e20b[0K$ sudo -E apt-get -yq --no-install-suggests --no-install-recommends --force-yes install oracle-java8-installer
Reading package lists...
Building dependency tree...
Reading state information...
Suggested packages:
  binfmt-support visualvm ttf-baekmuk ttf-unfonts ttf-unfonts-core
  ttf-kochi-gothic ttf-sazanami-gothic ttf-kochi-mincho ttf-sazanami-mincho
  ttf-arphic-uming
Recommended packages:
  oracle-java8-set-default
The following packages will be upgraded:
  oracle-java8-installer
1 upgraded, 0 newly installed, 0 to remove and 266 not upgraded.
Need to get 23.5 kB of archives.
After this operation, 128 kB disk space will be freed.
Get:1 http://ppa.launchpad.net/webupd8team/java/ubuntu/ precise/main oracle-java8-installer all 8u111+8u111arm-1~webupd8~0 [23.5 kB]
Fetched 23.5 kB in 0s (96.6 kB/s)
Preconfiguring packages ...
(Reading database ... (Reading database ... 5%(Reading database ... 10%(Reading database ... 15%(Reading database ... 20%(Reading database ... 25%(Reading database ... 30%(Reading database ... 35%(Reading database ... 40%(Reading database ... 45%(Reading database ... 50%(Reading database ... 55%(Reading database ... 60%(Reading database ... 65%(Reading database ... 70%(Reading database ... 75%(Reading database ... 80%(Reading database ... 85%(Reading database ... 90%(Reading database ... 95%(Reading database ... 100%(Reading database ... 72018 files and directories currently installed.)
Preparing to replace oracle-java8-installer 8u31+8u33arm-1~webupd8~1 (using .../oracle-java8-installer_8u111+8u111arm-1~webupd8~0_all.deb) ...
oracle-license-v1-1 license has already been accepted
Unpacking replacement oracle-java8-installer ...
Processing triggers for shared-mime-info ...
Setting up oracle-java8-installer (8u111+8u111arm-1~webupd8~0) ...
No /var/cache/oracle-jdk8-installer/wgetrc file found.
Creating /var/cache/oracle-jdk8-installer/wgetrc and
using default oracle-java8-installer wgetrc settings for it.
Downloading Oracle Java 8...
--2017-01-16 07:49:26--  http://download.oracle.com/otn-pub/java/jdk/8u111-b14/jdk-8u111-linux-x64.tar.gz
Resolving download.oracle.com (download.oracle.com)... 104.96.220.162, 104.96.220.152
Connecting to download.oracle.com (download.oracle.com)|104.96.220.162|:80... connected.
HTTP request sent, awaiting response... 302 Moved Temporarily
Location: https://edelivery.oracle.com/otn-pub/java/jdk/8u111-b14/jdk-8u111-linux-x64.tar.gz [following]
--2017-01-16 07:49:26--  https://edelivery.oracle.com/otn-pub/java/jdk/8u111-b14/jdk-8u111-linux-x64.tar.gz
Resolving edelivery.oracle.com (edelivery.oracle.com)... 104.96.237.225, 2600:1408:10:184::2d3e, 2600:1408:10:185::2d3e
Connecting to edelivery.oracle.com (edelivery.oracle.com)|104.96.237.225|:443... connected.
HTTP request sent, awaiting response... 302 Moved Temporarily
Location: http://download.oracle.com/otn-pub/java/jdk/8u111-b14/jdk-8u111-linux-x64.tar.gz?AuthParam=1484553086_9739d1626d61c599cc76257824df3087 [following]
--2017-01-16 07:49:26--  http://download.oracle.com/otn-pub/java/jdk/8u111-b14/jdk-8u111-linux-x64.tar.gz?AuthParam=1484553086_9739d1626d61c599cc76257824df3087
Connecting to download.oracle.com (download.oracle.com)|104.96.220.162|:80... connected.
HTTP request sent, awaiting response... 200 OK
Length: 181442359 (173M) [application/x-gzip]
Saving to: `jdk-8u111-linux-x64.tar.gz'

     0K ........ ........ ........ ........ ........ ........  1% 19.6M 9s
  3072K ........ ........ ........ ........ ........ ........  3% 17.9M 9s
  6144K ........ ........ ........ ........ ........ ........  5% 19.6M 9s
  9216K ........ ........ ........ ........ ........ ........  6% 19.6M 8s
 12288K ........ ........ ........ ........ ........ ........  8% 19.5M 8s
 15360K ........ ........ ........ ........ ........ ........ 10% 17.8M 8s
 18432K ........ ........ ........ ........ ........ ........ 12% 19.7M 8s
 21504K ........ ........ ........ ........ ........ ........ 13% 18.1M 8s
 24576K ........ ........ ........ ........ ........ ........ 15% 19.7M 8s
 27648K ........ ........ ........ ........ ........ ........ 17% 18.0M 8s
 30720K ........ ........ ........ ........ ........ ........ 19% 19.2M 7s
 33792K ........ ........ ........ ........ ........ ........ 20% 17.9M 7s
 36864K ........ ........ ........ ........ ........ ........ 22% 19.3M 7s
 39936K ........ ........ ........ ........ ........ ........ 24% 17.9M 7s
 43008K ........ ........ ........ ........ ........ ........ 26% 19.5M 7s
 46080K ........ ........ ........ ........ ........ ........ 27% 17.8M 7s
 49152K ........ ........ ........ ........ ........ ........ 29% 19.0M 6s
 52224K ........ ........ ........ ........ ........ ........ 31% 18.0M 6s
 55296K ........ ........ ........ ........ ........ ........ 32% 19.1M 6s
 58368K ........ ........ ........ ........ ........ ........ 34% 17.8M 6s
 61440K ........ ........ ........ ........ ........ ........ 36% 19.3M 6s
 64512K ........ ........ ........ ........ ........ ........ 38% 17.8M 6s
 67584K ........ ........ ........ ........ ........ ........ 39% 19.6M 6s
 70656K ........ ........ ........ ........ ........ ........ 41% 17.9M 5s
 73728K ........ ........ ........ ........ ........ ........ 43% 19.6M 5s
 76800K ........ ........ ........ ........ ........ ........ 45% 18.1M 5s
 79872K ........ ........ ........ ........ ........ ........ 46% 19.3M 5s
 82944K ........ ........ ........ ........ ........ ........ 48% 17.9M 5s
 86016K ........ ........ ........ ........ ........ ........ 50% 19.4M 5s
 89088K ........ ........ ........ ........ ........ ........ 52% 17.7M 4s
 92160K ........ ........ ........ ........ ........ ........ 53% 18.5M 4s
 95232K ........ ........ ........ ........ ........ ........ 55% 18.0M 4s
 98304K ........ ........ ........ ........ ........ ........ 57% 19.5M 4s
101376K ........ ........ ........ ........ ........ ........ 58% 17.9M 4s
104448K ........ ........ ........ ........ ........ ........ 60% 19.2M 4s
107520K ........ ........ ........ ........ ........ ........ 62% 18.1M 3s
110592K ........ ........ ........ ........ ........ ........ 64% 19.6M 3s
113664K ........ ........ ........ ........ ........ ........ 65% 17.9M 3s
116736K ........ ........ ........ ........ ........ ........ 67% 18.8M 3s
119808K ........ ........ ........ ........ ........ ........ 69% 17.8M 3s
122880K ........ ........ ........ ........ ........ ........ 71% 19.2M 3s
125952K ........ ........ ........ ........ ........ ........ 72% 17.8M 3s
129024K ........ ........ ........ ........ ........ ........ 74% 19.6M 2s
132096K ........ ........ ........ ........ ........ ........ 76% 18.1M 2s
135168K ........ ........ ........ ........ ........ ........ 78% 19.2M 2s
138240K ........ ........ ........ ........ ........ ........ 79% 17.8M 2s
141312K ........ ........ ........ ........ ........ ........ 81% 19.6M 2s
144384K ........ ........ ........ ........ ........ ........ 83% 17.9M 2s
147456K ........ ........ ........ ........ ........ ........ 84% 19.0M 1s
150528K ........ ........ ........ ........ ........ ........ 86% 17.9M 1s
153600K ........ ........ ........ ........ ........ ........ 88% 19.2M 1s
156672K ........ ........ ........ ........ ........ ........ 90% 17.9M 1s
159744K ........ ........ ........ ........ ........ ........ 91% 19.6M 1s
162816K ........ ........ ........ ........ ........ ........ 93% 17.9M 1s
165888K ........ ........ ........ ........ ........ ........ 95% 19.4M 0s
168960K ........ ........ ........ ........ ........ ........ 97% 17.9M 0s
172032K ........ ........ ........ ........ ........ ........ 98% 19.6M 0s
175104K ........ ........ ........ ........                  100% 18.4M=9.3s

2017-01-16 07:49:36 (18.6 MB/s) - `jdk-8u111-linux-x64.tar.gz' saved [181442359/181442359]

Download done.
Removing outdated cached downloads...
Oracle JRE 8 browser plugin installed
Oracle JDK 8 installed

#####Important########
To set Oracle JDK8 as default, install the "oracle-java8-set-default" package.
E.g.: sudo apt install oracle-java8-set-default.

travis_time:end:0400e20b:start=1484552959514169806,finish=1484552981892238339,duration=22378068533[0Ktravis_fold:end:apt[0K
[33;1mThis job is running on container-based infrastructure, which does not allow use of 'sudo', setuid and setguid executables.[0m
[33;1mIf you require sudo, add 'sudo: required' to your .travis.yml[0m
[33;1mSee https://docs.travis-ci.com/user/workers/container-based-infrastructure/ for details.[0m
$ jdk_switcher use oraclejdk8
Switching to Oracle JDK8 (java-8-oracle), JAVA_HOME will be set to /usr/lib/jvm/java-8-oracle
travis_fold:start:cache.1[0KSetting up build cache
$ export CASHER_DIR=$HOME/.casher
travis_time:start:078adb0b[0K$ Installing caching utilities

travis_time:end:078adb0b:start=1484552984565565213,finish=1484552984607992218,duration=42427005[0Ktravis_time:start:04acbfcb[0K
travis_time:end:04acbfcb:start=1484552984614396399,finish=1484552984618930820,duration=4534421[0Ktravis_time:start:06628ffa[0K[32;1mattempting to download cache archive[0m
[32;1mfetching master/cache-linux-precise-e3b0c44298fc1c149afbf4c8996fb92427ae41e4649b934ca495991b7852b855--jdk-oraclejdk8.tgz[0m
[32;1mfound cache[0m

travis_time:end:06628ffa:start=1484552984624180226,finish=1484552986736656114,duration=2112475888[0Ktravis_time:start:1bdaf700[0K
travis_time:end:1bdaf700:start=1484552986743141128,finish=1484552986748785825,duration=5644697[0Ktravis_time:start:0563b6b0[0K[32;1madding /home/travis/.m2 to cache[0m

travis_time:end:0563b6b0:start=1484552986753921876,finish=1484552989837802133,duration=3083880257[0Ktravis_fold:end:cache.1[0K$ java -Xmx32m -version
java version "1.8.0_111"
Java(TM) SE Runtime Environment (build 1.8.0_111-b14)
Java HotSpot(TM) 64-Bit Server VM (build 25.111-b14, mixed mode)
$ javac -J-Xmx32m -version
javac 1.8.0_111
travis_fold:start:install[0Ktravis_time:start:2e7191ea[0K$ mvn install -DskipTests=true -Dmaven.javadoc.skip=true -B -V
Java HotSpot(TM) 64-Bit Server VM warning: ignoring option MaxPermSize=192m; support was removed in 8.0
Apache Maven 3.2.5 (12a6b3acb947671f09b81f49094c53f426d8cea1; 2014-12-14T17:29:23+00:00)
Maven home: /usr/local/maven
Java version: 1.8.0_111, vendor: Oracle Corporation
Java home: /usr/lib/jvm/java-8-oracle/jre
Default locale: en_US, platform encoding: UTF-8
OS name: "linux", version: "4.8.12-040812-generic", arch: "amd64", family: "unix"
[INFO] Scanning for projects...
[INFO] Inspecting build with total of 12 modules...
[INFO] Installing Nexus Staging features:
[INFO]   ... total of 12 executions of maven-deploy-plugin replaced with nexus-staging-maven-plugin
[INFO] ------------------------------------------------------------------------
[INFO] Reactor Build Order:
[INFO] 
[INFO] OWLAPI
[INFO] OWLAPI :: Interfaces
[INFO] OWLAPI :: Default Implementation
[INFO] OWLAPI :: Atomic Decomposition and Explanation
[INFO] OWLAPI :: Parsers
[INFO] OWLAPI :: OBO Format
[INFO] OWLAPI :: RDF4J Rio
[INFO] OWLAPI :: Binding and Config
[INFO] OWLAPI :: Compatibility
[INFO] OWLAPI :: Tests and Tutorials
[INFO] OWLAPI :: Distribution
[INFO] OWLAPI :: OSGi and Compatibility Distribution
[INFO]                                                                         
[INFO] ------------------------------------------------------------------------
[INFO] Building OWLAPI 6.0.0-SNAPSHOT
[INFO] ------------------------------------------------------------------------
[INFO] 
[INFO] --- maven-enforcer-plugin:1.0:enforce (enforce-maven) @ owlapi-parent ---
[INFO] 
[INFO] >>> maven-source-plugin:3.0.1:jar (attach-sources) > generate-sources @ owlapi-parent >>>
[INFO] 
[INFO] --- maven-enforcer-plugin:1.0:enforce (enforce-maven) @ owlapi-parent ---
[INFO] 
[INFO] <<< maven-source-plugin:3.0.1:jar (attach-sources) < generate-sources @ owlapi-parent <<<
[INFO] 
[INFO] --- maven-source-plugin:3.0.1:jar (attach-sources) @ owlapi-parent ---
[INFO] 
[INFO] --- maven-javadoc-plugin:2.10.4:jar (attach-javadocs) @ owlapi-parent ---
[INFO] Skipping javadoc generation
[INFO] 
[INFO] --- maven-failsafe-plugin:2.19.1:integration-test (default) @ owlapi-parent ---
[INFO] Tests are skipped.
[INFO] 
[INFO] --- maven-failsafe-plugin:2.19.1:verify (default) @ owlapi-parent ---
[INFO] Tests are skipped.
[INFO] 
[INFO] --- maven-install-plugin:2.4:install (default-install) @ owlapi-parent ---
[INFO] Installing /home/travis/build/owlcs/owlapi/pom.xml to /home/travis/.m2/repository/net/sourceforge/owlapi/owlapi-parent/6.0.0-SNAPSHOT/owlapi-parent-6.0.0-SNAPSHOT.pom
[INFO]                                                                         
[INFO] ------------------------------------------------------------------------
[INFO] Building OWLAPI :: Interfaces 6.0.0-SNAPSHOT
[INFO] ------------------------------------------------------------------------
[INFO] 
[INFO] --- maven-enforcer-plugin:1.0:enforce (enforce-maven) @ owlapi-api ---
[INFO] 
[INFO] --- maven-resources-plugin:2.6:resources (default-resources) @ owlapi-api ---
[INFO] Using 'UTF-8' encoding to copy filtered resources.
[INFO] skip non existing resourceDirectory /home/travis/build/owlcs/owlapi/api/src/main/resources
[INFO] 
[INFO] --- maven-compiler-plugin:3.6.0:compile (default-compile) @ owlapi-api ---
[INFO] Changes detected - recompiling the module!
[INFO] Compiling 839 source files to /home/travis/build/owlcs/owlapi/api/target/classes
[INFO] /home/travis/build/owlcs/owlapi/api/src/main/java/org/semanticweb/owlapi/model/OWLDeclarationAxiom.java: Some input files use unchecked or unsafe operations.
[INFO] /home/travis/build/owlcs/owlapi/api/src/main/java/org/semanticweb/owlapi/model/OWLDeclarationAxiom.java: Recompile with -Xlint:unchecked for details.
[INFO] 
[INFO] --- maven-resources-plugin:2.6:testResources (default-testResources) @ owlapi-api ---
[INFO] Using 'UTF-8' encoding to copy filtered resources.
[INFO] Copying 1 resource
[INFO] 
[INFO] --- maven-compiler-plugin:3.6.0:testCompile (default-testCompile) @ owlapi-api ---
[INFO] Changes detected - recompiling the module!
[INFO] Compiling 8 source files to /home/travis/build/owlcs/owlapi/api/target/test-classes
[INFO] 
[INFO] --- maven-surefire-plugin:2.19.1:test (default-test) @ owlapi-api ---
[INFO] Tests are skipped.
[INFO] 
[INFO] --- maven-jar-plugin:2.4:jar (default-jar) @ owlapi-api ---
[INFO] Building jar: /home/travis/build/owlcs/owlapi/api/target/owlapi-api-6.0.0-SNAPSHOT.jar
[INFO] 
[INFO] >>> maven-source-plugin:3.0.1:jar (attach-sources) > generate-sources @ owlapi-api >>>
[INFO] 
[INFO] --- maven-enforcer-plugin:1.0:enforce (enforce-maven) @ owlapi-api ---
[INFO] 
[INFO] <<< maven-source-plugin:3.0.1:jar (attach-sources) < generate-sources @ owlapi-api <<<
[INFO] 
[INFO] --- maven-source-plugin:3.0.1:jar (attach-sources) @ owlapi-api ---
[INFO] Building jar: /home/travis/build/owlcs/owlapi/api/target/owlapi-api-6.0.0-SNAPSHOT-sources.jar
[INFO] 
[INFO] --- maven-javadoc-plugin:2.10.4:jar (attach-javadocs) @ owlapi-api ---
[INFO] Skipping javadoc generation
[INFO] 
[INFO] --- maven-failsafe-plugin:2.19.1:integration-test (default) @ owlapi-api ---
[INFO] Tests are skipped.
[INFO] 
[INFO] --- maven-failsafe-plugin:2.19.1:verify (default) @ owlapi-api ---
[INFO] Tests are skipped.
[INFO] 
[INFO] --- maven-install-plugin:2.4:install (default-install) @ owlapi-api ---
[INFO] Installing /home/travis/build/owlcs/owlapi/api/target/owlapi-api-6.0.0-SNAPSHOT.jar to /home/travis/.m2/repository/net/sourceforge/owlapi/owlapi-api/6.0.0-SNAPSHOT/owlapi-api-6.0.0-SNAPSHOT.jar
[INFO] Installing /home/travis/build/owlcs/owlapi/api/pom.xml to /home/travis/.m2/repository/net/sourceforge/owlapi/owlapi-api/6.0.0-SNAPSHOT/owlapi-api-6.0.0-SNAPSHOT.pom
[INFO] Installing /home/travis/build/owlcs/owlapi/api/target/owlapi-api-6.0.0-SNAPSHOT-sources.jar to /home/travis/.m2/repository/net/sourceforge/owlapi/owlapi-api/6.0.0-SNAPSHOT/owlapi-api-6.0.0-SNAPSHOT-sources.jar
[INFO]                                                                         
[INFO] ------------------------------------------------------------------------
[INFO] Building OWLAPI :: Default Implementation 6.0.0-SNAPSHOT
[INFO] ------------------------------------------------------------------------
[INFO] 
[INFO] --- maven-enforcer-plugin:1.0:enforce (enforce-maven) @ owlapi-impl ---
[INFO] 
[INFO] --- maven-resources-plugin:2.6:resources (default-resources) @ owlapi-impl ---
[INFO] Using 'UTF-8' encoding to copy filtered resources.
[INFO] skip non existing resourceDirectory /home/travis/build/owlcs/owlapi/impl/src/main/resources
[INFO] 
[INFO] --- maven-compiler-plugin:3.6.0:compile (default-compile) @ owlapi-impl ---
[INFO] Changes detected - recompiling the module!
[INFO] Compiling 173 source files to /home/travis/build/owlcs/owlapi/impl/target/classes
[INFO] /home/travis/build/owlcs/owlapi/impl/src/main/java/uk/ac/manchester/cs/owl/owlapi/Internals.java: Some input files use or override a deprecated API.
[INFO] /home/travis/build/owlcs/owlapi/impl/src/main/java/uk/ac/manchester/cs/owl/owlapi/Internals.java: Recompile with -Xlint:deprecation for details.
[INFO] /home/travis/build/owlcs/owlapi/impl/src/main/java/uk/ac/manchester/cs/owl/owlapi/OWLDisjointClassesAxiomImpl.java: Some input files use unchecked or unsafe operations.
[INFO] /home/travis/build/owlcs/owlapi/impl/src/main/java/uk/ac/manchester/cs/owl/owlapi/OWLDisjointClassesAxiomImpl.java: Recompile with -Xlint:unchecked for details.
[INFO] 
[INFO] --- maven-resources-plugin:2.6:testResources (default-testResources) @ owlapi-impl ---
[INFO] Using 'UTF-8' encoding to copy filtered resources.
[INFO] skip non existing resourceDirectory /home/travis/build/owlcs/owlapi/impl/src/test/resources
[INFO] 
[INFO] --- maven-compiler-plugin:3.6.0:testCompile (default-testCompile) @ owlapi-impl ---
[INFO] Changes detected - recompiling the module!
[INFO] Compiling 9 source files to /home/travis/build/owlcs/owlapi/impl/target/test-classes
[INFO] /home/travis/build/owlcs/owlapi/impl/src/test/java/uk/ac/manchester/cs/owl/owlapi/concurrent/OWLOntologyManager_Concurrent_TestCase.java: /home/travis/build/owlcs/owlapi/impl/src/test/java/uk/ac/manchester/cs/owl/owlapi/concurrent/OWLOntologyManager_Concurrent_TestCase.java uses or overrides a deprecated API.
[INFO] /home/travis/build/owlcs/owlapi/impl/src/test/java/uk/ac/manchester/cs/owl/owlapi/concurrent/OWLOntologyManager_Concurrent_TestCase.java: Recompile with -Xlint:deprecation for details.
[INFO] 
[INFO] --- maven-surefire-plugin:2.19.1:test (default-test) @ owlapi-impl ---
[INFO] Tests are skipped.
[INFO] 
[INFO] --- maven-jar-plugin:2.4:jar (default-jar) @ owlapi-impl ---
[INFO] Building jar: /home/travis/build/owlcs/owlapi/impl/target/owlapi-impl-6.0.0-SNAPSHOT.jar
[INFO] 
[INFO] >>> maven-source-plugin:3.0.1:jar (attach-sources) > generate-sources @ owlapi-impl >>>
[INFO] 
[INFO] --- maven-enforcer-plugin:1.0:enforce (enforce-maven) @ owlapi-impl ---
[INFO] 
[INFO] <<< maven-source-plugin:3.0.1:jar (attach-sources) < generate-sources @ owlapi-impl <<<
[INFO] 
[INFO] --- maven-source-plugin:3.0.1:jar (attach-sources) @ owlapi-impl ---
[INFO] Building jar: /home/travis/build/owlcs/owlapi/impl/target/owlapi-impl-6.0.0-SNAPSHOT-sources.jar
[INFO] 
[INFO] --- maven-javadoc-plugin:2.10.4:jar (attach-javadocs) @ owlapi-impl ---
[INFO] Skipping javadoc generation
[INFO] 
[INFO] --- maven-failsafe-plugin:2.19.1:integration-test (default) @ owlapi-impl ---
[INFO] Tests are skipped.
[INFO] 
[INFO] --- maven-failsafe-plugin:2.19.1:verify (default) @ owlapi-impl ---
[INFO] Tests are skipped.
[INFO] 
[INFO] --- maven-install-plugin:2.4:install (default-install) @ owlapi-impl ---
[INFO] Installing /home/travis/build/owlcs/owlapi/impl/target/owlapi-impl-6.0.0-SNAPSHOT.jar to /home/travis/.m2/repository/net/sourceforge/owlapi/owlapi-impl/6.0.0-SNAPSHOT/owlapi-impl-6.0.0-SNAPSHOT.jar
[INFO] Installing /home/travis/build/owlcs/owlapi/impl/pom.xml to /home/travis/.m2/repository/net/sourceforge/owlapi/owlapi-impl/6.0.0-SNAPSHOT/owlapi-impl-6.0.0-SNAPSHOT.pom
[INFO] Installing /home/travis/build/owlcs/owlapi/impl/target/owlapi-impl-6.0.0-SNAPSHOT-sources.jar to /home/travis/.m2/repository/net/sourceforge/owlapi/owlapi-impl/6.0.0-SNAPSHOT/owlapi-impl-6.0.0-SNAPSHOT-sources.jar
[INFO]                                                                         
[INFO] ------------------------------------------------------------------------
[INFO] Building OWLAPI :: Atomic Decomposition and Explanation 6.0.0-SNAPSHOT
[INFO] ------------------------------------------------------------------------
[INFO] 
[INFO] --- maven-enforcer-plugin:1.0:enforce (enforce-maven) @ owlapi-tools ---
[INFO] 
[INFO] --- maven-resources-plugin:2.6:resources (default-resources) @ owlapi-tools ---
[INFO] Using 'UTF-8' encoding to copy filtered resources.
[INFO] skip non existing resourceDirectory /home/travis/build/owlcs/owlapi/tools/src/main/resources
[INFO] 
[INFO] --- maven-compiler-plugin:3.6.0:compile (default-compile) @ owlapi-tools ---
[INFO] Changes detected - recompiling the module!
[INFO] Compiling 123 source files to /home/travis/build/owlcs/owlapi/tools/target/classes
[INFO] 
[INFO] --- maven-resources-plugin:2.6:testResources (default-testResources) @ owlapi-tools ---
[INFO] Using 'UTF-8' encoding to copy filtered resources.
[INFO] skip non existing resourceDirectory /home/travis/build/owlcs/owlapi/tools/src/test/resources
[INFO] 
[INFO] --- maven-compiler-plugin:3.6.0:testCompile (default-testCompile) @ owlapi-tools ---
[INFO] No sources to compile
[INFO] 
[INFO] --- maven-surefire-plugin:2.19.1:test (default-test) @ owlapi-tools ---
[INFO] Tests are skipped.
[INFO] 
[INFO] --- maven-jar-plugin:2.4:jar (default-jar) @ owlapi-tools ---
[INFO] Building jar: /home/travis/build/owlcs/owlapi/tools/target/owlapi-tools-6.0.0-SNAPSHOT.jar
[INFO] 
[INFO] >>> maven-source-plugin:3.0.1:jar (attach-sources) > generate-sources @ owlapi-tools >>>
[INFO] 
[INFO] --- maven-enforcer-plugin:1.0:enforce (enforce-maven) @ owlapi-tools ---
[INFO] 
[INFO] <<< maven-source-plugin:3.0.1:jar (attach-sources) < generate-sources @ owlapi-tools <<<
[INFO] 
[INFO] --- maven-source-plugin:3.0.1:jar (attach-sources) @ owlapi-tools ---
[INFO] Building jar: /home/travis/build/owlcs/owlapi/tools/target/owlapi-tools-6.0.0-SNAPSHOT-sources.jar
[INFO] 
[INFO] --- maven-javadoc-plugin:2.10.4:jar (attach-javadocs) @ owlapi-tools ---
[INFO] Skipping javadoc generation
[INFO] 
[INFO] --- maven-failsafe-plugin:2.19.1:integration-test (default) @ owlapi-tools ---
[INFO] Tests are skipped.
[INFO] 
[INFO] --- maven-failsafe-plugin:2.19.1:verify (default) @ owlapi-tools ---
[INFO] Tests are skipped.
[INFO] 
[INFO] --- maven-install-plugin:2.4:install (default-install) @ owlapi-tools ---
[INFO] Installing /home/travis/build/owlcs/owlapi/tools/target/owlapi-tools-6.0.0-SNAPSHOT.jar to /home/travis/.m2/repository/net/sourceforge/owlapi/owlapi-tools/6.0.0-SNAPSHOT/owlapi-tools-6.0.0-SNAPSHOT.jar
[INFO] Installing /home/travis/build/owlcs/owlapi/tools/pom.xml to /home/travis/.m2/repository/net/sourceforge/owlapi/owlapi-tools/6.0.0-SNAPSHOT/owlapi-tools-6.0.0-SNAPSHOT.pom
[INFO] Installing /home/travis/build/owlcs/owlapi/tools/target/owlapi-tools-6.0.0-SNAPSHOT-sources.jar to /home/travis/.m2/repository/net/sourceforge/owlapi/owlapi-tools/6.0.0-SNAPSHOT/owlapi-tools-6.0.0-SNAPSHOT-sources.jar
[INFO]                                                                         
[INFO] ------------------------------------------------------------------------
[INFO] Building OWLAPI :: Parsers 6.0.0-SNAPSHOT
[INFO] ------------------------------------------------------------------------
[INFO] 
[INFO] --- maven-enforcer-plugin:1.0:enforce (enforce-maven) @ owlapi-parsers ---
[INFO] 
[INFO] --- maven-resources-plugin:2.6:resources (default-resources) @ owlapi-parsers ---
[INFO] Using 'UTF-8' encoding to copy filtered resources.
[INFO] Copying 2 resources
[INFO] 
[INFO] --- maven-compiler-plugin:3.6.0:compile (default-compile) @ owlapi-parsers ---
[INFO] Changes detected - recompiling the module!
[INFO] Compiling 195 source files to /home/travis/build/owlcs/owlapi/parsers/target/classes
[INFO] /home/travis/build/owlcs/owlapi/parsers/src/main/java/org/semanticweb/owlapi/functional/parser/OWLFunctionalSyntaxParser.java: Some input files use or override a deprecated API.
[INFO] /home/travis/build/owlcs/owlapi/parsers/src/main/java/org/semanticweb/owlapi/functional/parser/OWLFunctionalSyntaxParser.java: Recompile with -Xlint:deprecation for details.
[INFO] /home/travis/build/owlcs/owlapi/parsers/src/main/java/org/semanticweb/owlapi/rdf/model/AbstractTranslator.java: Some input files use unchecked or unsafe operations.
[INFO] /home/travis/build/owlcs/owlapi/parsers/src/main/java/org/semanticweb/owlapi/rdf/model/AbstractTranslator.java: Recompile with -Xlint:unchecked for details.
[INFO] 
[INFO] --- maven-resources-plugin:2.6:testResources (default-testResources) @ owlapi-parsers ---
[INFO] Using 'UTF-8' encoding to copy filtered resources.
[INFO] skip non existing resourceDirectory /home/travis/build/owlcs/owlapi/parsers/src/test/resources
[INFO] 
[INFO] --- maven-compiler-plugin:3.6.0:testCompile (default-testCompile) @ owlapi-parsers ---
[INFO] Changes detected - recompiling the module!
[INFO] Compiling 1 source file to /home/travis/build/owlcs/owlapi/parsers/target/test-classes
[INFO] 
[INFO] --- maven-surefire-plugin:2.19.1:test (default-test) @ owlapi-parsers ---
[INFO] Tests are skipped.
[INFO] 
[INFO] --- maven-jar-plugin:2.4:jar (default-jar) @ owlapi-parsers ---
[INFO] Building jar: /home/travis/build/owlcs/owlapi/parsers/target/owlapi-parsers-6.0.0-SNAPSHOT.jar
[INFO] 
[INFO] >>> maven-source-plugin:3.0.1:jar (attach-sources) > generate-sources @ owlapi-parsers >>>
[INFO] 
[INFO] --- maven-enforcer-plugin:1.0:enforce (enforce-maven) @ owlapi-parsers ---
[INFO] 
[INFO] <<< maven-source-plugin:3.0.1:jar (attach-sources) < generate-sources @ owlapi-parsers <<<
[INFO] 
[INFO] --- maven-source-plugin:3.0.1:jar (attach-sources) @ owlapi-parsers ---
[INFO] Building jar: /home/travis/build/owlcs/owlapi/parsers/target/owlapi-parsers-6.0.0-SNAPSHOT-sources.jar
[INFO] 
[INFO] --- maven-javadoc-plugin:2.10.4:jar (attach-javadocs) @ owlapi-parsers ---
[INFO] Skipping javadoc generation
[INFO] 
[INFO] --- maven-failsafe-plugin:2.19.1:integration-test (default) @ owlapi-parsers ---
[INFO] Tests are skipped.
[INFO] 
[INFO] --- maven-failsafe-plugin:2.19.1:verify (default) @ owlapi-parsers ---
[INFO] Tests are skipped.
[INFO] 
[INFO] --- maven-install-plugin:2.4:install (default-install) @ owlapi-parsers ---
[INFO] Installing /home/travis/build/owlcs/owlapi/parsers/target/owlapi-parsers-6.0.0-SNAPSHOT.jar to /home/travis/.m2/repository/net/sourceforge/owlapi/owlapi-parsers/6.0.0-SNAPSHOT/owlapi-parsers-6.0.0-SNAPSHOT.jar
[INFO] Installing /home/travis/build/owlcs/owlapi/parsers/pom.xml to /home/travis/.m2/repository/net/sourceforge/owlapi/owlapi-parsers/6.0.0-SNAPSHOT/owlapi-parsers-6.0.0-SNAPSHOT.pom
[INFO] Installing /home/travis/build/owlcs/owlapi/parsers/target/owlapi-parsers-6.0.0-SNAPSHOT-sources.jar to /home/travis/.m2/repository/net/sourceforge/owlapi/owlapi-parsers/6.0.0-SNAPSHOT/owlapi-parsers-6.0.0-SNAPSHOT-sources.jar
[INFO]                                                                         
[INFO] ------------------------------------------------------------------------
[INFO] Building OWLAPI :: OBO Format 6.0.0-SNAPSHOT
[INFO] ------------------------------------------------------------------------
[INFO] 
[INFO] --- maven-enforcer-plugin:1.0:enforce (enforce-maven) @ owlapi-oboformat ---
[INFO] 
[INFO] --- maven-resources-plugin:2.6:resources (default-resources) @ owlapi-oboformat ---
[INFO] Using 'UTF-8' encoding to copy filtered resources.
[INFO] Copying 2 resources
[INFO] 
[INFO] --- maven-compiler-plugin:3.6.0:compile (default-compile) @ owlapi-oboformat ---
[INFO] Changes detected - recompiling the module!
[INFO] Compiling 41 source files to /home/travis/build/owlcs/owlapi/oboformat/target/classes
[INFO] 
[INFO] --- maven-resources-plugin:2.6:testResources (default-testResources) @ owlapi-oboformat ---
[INFO] Using 'UTF-8' encoding to copy filtered resources.
[INFO] skip non existing resourceDirectory /home/travis/build/owlcs/owlapi/oboformat/src/test/resources
[INFO] 
[INFO] --- maven-compiler-plugin:3.6.0:testCompile (default-testCompile) @ owlapi-oboformat ---
[INFO] Changes detected - recompiling the module!
[INFO] Compiling 1 source file to /home/travis/build/owlcs/owlapi/oboformat/target/test-classes
[INFO] 
[INFO] --- maven-surefire-plugin:2.19.1:test (default-test) @ owlapi-oboformat ---
[INFO] Tests are skipped.
[INFO] 
[INFO] --- maven-jar-plugin:2.4:jar (default-jar) @ owlapi-oboformat ---
[INFO] Building jar: /home/travis/build/owlcs/owlapi/oboformat/target/owlapi-oboformat-6.0.0-SNAPSHOT.jar
[INFO] 
[INFO] >>> maven-source-plugin:3.0.1:jar (attach-sources) > generate-sources @ owlapi-oboformat >>>
[INFO] 
[INFO] --- maven-enforcer-plugin:1.0:enforce (enforce-maven) @ owlapi-oboformat ---
[INFO] 
[INFO] <<< maven-source-plugin:3.0.1:jar (attach-sources) < generate-sources @ owlapi-oboformat <<<
[INFO] 
[INFO] --- maven-source-plugin:3.0.1:jar (attach-sources) @ owlapi-oboformat ---
[INFO] Building jar: /home/travis/build/owlcs/owlapi/oboformat/target/owlapi-oboformat-6.0.0-SNAPSHOT-sources.jar
[INFO] 
[INFO] --- maven-javadoc-plugin:2.10.4:jar (attach-javadocs) @ owlapi-oboformat ---
[INFO] Skipping javadoc generation
[INFO] 
[INFO] --- maven-failsafe-plugin:2.19.1:integration-test (default) @ owlapi-oboformat ---
[INFO] Tests are skipped.
[INFO] 
[INFO] --- maven-failsafe-plugin:2.19.1:verify (default) @ owlapi-oboformat ---
[INFO] Tests are skipped.
[INFO] 
[INFO] --- maven-install-plugin:2.4:install (default-install) @ owlapi-oboformat ---
[INFO] Installing /home/travis/build/owlcs/owlapi/oboformat/target/owlapi-oboformat-6.0.0-SNAPSHOT.jar to /home/travis/.m2/repository/net/sourceforge/owlapi/owlapi-oboformat/6.0.0-SNAPSHOT/owlapi-oboformat-6.0.0-SNAPSHOT.jar
[INFO] Installing /home/travis/build/owlcs/owlapi/oboformat/pom.xml to /home/travis/.m2/repository/net/sourceforge/owlapi/owlapi-oboformat/6.0.0-SNAPSHOT/owlapi-oboformat-6.0.0-SNAPSHOT.pom
[INFO] Installing /home/travis/build/owlcs/owlapi/oboformat/target/owlapi-oboformat-6.0.0-SNAPSHOT-sources.jar to /home/travis/.m2/repository/net/sourceforge/owlapi/owlapi-oboformat/6.0.0-SNAPSHOT/owlapi-oboformat-6.0.0-SNAPSHOT-sources.jar
[INFO]                                                                         
[INFO] ------------------------------------------------------------------------
[INFO] Building OWLAPI :: RDF4J Rio 6.0.0-SNAPSHOT
[INFO] ------------------------------------------------------------------------
[INFO] 
[INFO] --- maven-enforcer-plugin:1.0:enforce (enforce-maven) @ owlapi-rio ---
[INFO] 
[INFO] --- maven-resources-plugin:2.6:resources (default-resources) @ owlapi-rio ---
[INFO] Using 'UTF-8' encoding to copy filtered resources.
[INFO] Copying 5 resources
[INFO] 
[INFO] --- maven-compiler-plugin:3.6.0:compile (default-compile) @ owlapi-rio ---
[INFO] Changes detected - recompiling the module!
[INFO] Compiling 65 source files to /home/travis/build/owlcs/owlapi/rio/target/classes
[INFO] 
[INFO] --- maven-resources-plugin:2.6:testResources (default-testResources) @ owlapi-rio ---
[INFO] Using 'UTF-8' encoding to copy filtered resources.
[INFO] skip non existing resourceDirectory /home/travis/build/owlcs/owlapi/rio/src/test/resources
[INFO] 
[INFO] --- maven-compiler-plugin:3.6.0:testCompile (default-testCompile) @ owlapi-rio ---
[INFO] No sources to compile
[INFO] 
[INFO] --- maven-surefire-plugin:2.19.1:test (default-test) @ owlapi-rio ---
[INFO] Tests are skipped.
[INFO] 
[INFO] --- maven-jar-plugin:2.4:jar (default-jar) @ owlapi-rio ---
[INFO] Building jar: /home/travis/build/owlcs/owlapi/rio/target/owlapi-rio-6.0.0-SNAPSHOT.jar
[INFO] 
[INFO] >>> maven-source-plugin:3.0.1:jar (attach-sources) > generate-sources @ owlapi-rio >>>
[INFO] 
[INFO] --- maven-enforcer-plugin:1.0:enforce (enforce-maven) @ owlapi-rio ---
[INFO] 
[INFO] <<< maven-source-plugin:3.0.1:jar (attach-sources) < generate-sources @ owlapi-rio <<<
[INFO] 
[INFO] --- maven-source-plugin:3.0.1:jar (attach-sources) @ owlapi-rio ---
[INFO] Building jar: /home/travis/build/owlcs/owlapi/rio/target/owlapi-rio-6.0.0-SNAPSHOT-sources.jar
[INFO] 
[INFO] --- maven-javadoc-plugin:2.10.4:jar (attach-javadocs) @ owlapi-rio ---
[INFO] Skipping javadoc generation
[INFO] 
[INFO] --- maven-failsafe-plugin:2.19.1:integration-test (default) @ owlapi-rio ---
[INFO] Tests are skipped.
[INFO] 
[INFO] --- maven-failsafe-plugin:2.19.1:verify (default) @ owlapi-rio ---
[INFO] Tests are skipped.
[INFO] 
[INFO] --- maven-install-plugin:2.4:install (default-install) @ owlapi-rio ---
[INFO] Installing /home/travis/build/owlcs/owlapi/rio/target/owlapi-rio-6.0.0-SNAPSHOT.jar to /home/travis/.m2/repository/net/sourceforge/owlapi/owlapi-rio/6.0.0-SNAPSHOT/owlapi-rio-6.0.0-SNAPSHOT.jar
[INFO] Installing /home/travis/build/owlcs/owlapi/rio/pom.xml to /home/travis/.m2/repository/net/sourceforge/owlapi/owlapi-rio/6.0.0-SNAPSHOT/owlapi-rio-6.0.0-SNAPSHOT.pom
[INFO] Installing /home/travis/build/owlcs/owlapi/rio/target/owlapi-rio-6.0.0-SNAPSHOT-sources.jar to /home/travis/.m2/repository/net/sourceforge/owlapi/owlapi-rio/6.0.0-SNAPSHOT/owlapi-rio-6.0.0-SNAPSHOT-sources.jar
[INFO]                                                                         
[INFO] ------------------------------------------------------------------------
[INFO] Building OWLAPI :: Binding and Config 6.0.0-SNAPSHOT
[INFO] ------------------------------------------------------------------------
[INFO] 
[INFO] --- maven-enforcer-plugin:1.0:enforce (enforce-maven) @ owlapi-apibinding ---
[INFO] 
[INFO] --- maven-resources-plugin:2.6:resources (default-resources) @ owlapi-apibinding ---
[INFO] Using 'UTF-8' encoding to copy filtered resources.
[INFO] Copying 1 resource
[INFO] 
[INFO] --- maven-compiler-plugin:3.6.0:compile (default-compile) @ owlapi-apibinding ---
[INFO] Changes detected - recompiling the module!
[INFO] Compiling 3 source files to /home/travis/build/owlcs/owlapi/apibinding/target/classes
[INFO] 
[INFO] --- maven-resources-plugin:2.6:testResources (default-testResources) @ owlapi-apibinding ---
[INFO] Using 'UTF-8' encoding to copy filtered resources.
[INFO] skip non existing resourceDirectory /home/travis/build/owlcs/owlapi/apibinding/src/test/resources
[INFO] 
[INFO] --- maven-compiler-plugin:3.6.0:testCompile (default-testCompile) @ owlapi-apibinding ---
[INFO] No sources to compile
[INFO] 
[INFO] --- maven-surefire-plugin:2.19.1:test (default-test) @ owlapi-apibinding ---
[INFO] Tests are skipped.
[INFO] 
[INFO] --- maven-jar-plugin:2.4:jar (default-jar) @ owlapi-apibinding ---
[INFO] Building jar: /home/travis/build/owlcs/owlapi/apibinding/target/owlapi-apibinding-6.0.0-SNAPSHOT.jar
[INFO] 
[INFO] >>> maven-source-plugin:3.0.1:jar (attach-sources) > generate-sources @ owlapi-apibinding >>>
[INFO] 
[INFO] --- maven-enforcer-plugin:1.0:enforce (enforce-maven) @ owlapi-apibinding ---
[INFO] 
[INFO] <<< maven-source-plugin:3.0.1:jar (attach-sources) < generate-sources @ owlapi-apibinding <<<
[INFO] 
[INFO] --- maven-source-plugin:3.0.1:jar (attach-sources) @ owlapi-apibinding ---
[INFO] Building jar: /home/travis/build/owlcs/owlapi/apibinding/target/owlapi-apibinding-6.0.0-SNAPSHOT-sources.jar
[INFO] 
[INFO] --- maven-javadoc-plugin:2.10.4:jar (attach-javadocs) @ owlapi-apibinding ---
[INFO] Skipping javadoc generation
[INFO] 
[INFO] --- maven-failsafe-plugin:2.19.1:integration-test (default) @ owlapi-apibinding ---
[INFO] Tests are skipped.
[INFO] 
[INFO] --- maven-failsafe-plugin:2.19.1:verify (default) @ owlapi-apibinding ---
[INFO] Tests are skipped.
[INFO] 
[INFO] --- maven-install-plugin:2.4:install (default-install) @ owlapi-apibinding ---
[INFO] Installing /home/travis/build/owlcs/owlapi/apibinding/target/owlapi-apibinding-6.0.0-SNAPSHOT.jar to /home/travis/.m2/repository/net/sourceforge/owlapi/owlapi-apibinding/6.0.0-SNAPSHOT/owlapi-apibinding-6.0.0-SNAPSHOT.jar
[INFO] Installing /home/travis/build/owlcs/owlapi/apibinding/pom.xml to /home/travis/.m2/repository/net/sourceforge/owlapi/owlapi-apibinding/6.0.0-SNAPSHOT/owlapi-apibinding-6.0.0-SNAPSHOT.pom
[INFO] Installing /home/travis/build/owlcs/owlapi/apibinding/target/owlapi-apibinding-6.0.0-SNAPSHOT-sources.jar to /home/travis/.m2/repository/net/sourceforge/owlapi/owlapi-apibinding/6.0.0-SNAPSHOT/owlapi-apibinding-6.0.0-SNAPSHOT-sources.jar
[INFO]                                                                         
[INFO] ------------------------------------------------------------------------
[INFO] Building OWLAPI :: Compatibility 6.0.0-SNAPSHOT
[INFO] ------------------------------------------------------------------------
[INFO] 
[INFO] --- maven-enforcer-plugin:1.0:enforce (enforce-maven) @ owlapi-compatibility ---
[INFO] 
[INFO] --- maven-resources-plugin:2.6:resources (default-resources) @ owlapi-compatibility ---
[INFO] Using 'UTF-8' encoding to copy filtered resources.
[INFO] Copying 1 resource
[INFO] 
[INFO] --- maven-compiler-plugin:3.6.0:compile (default-compile) @ owlapi-compatibility ---
[INFO] Changes detected - recompiling the module!
[INFO] Compiling 67 source files to /home/travis/build/owlcs/owlapi/compatibility/target/classes
[INFO] /home/travis/build/owlcs/owlapi/compatibility/src/main/java/de/uulm/ecs/ai/owlapi/krssparser/KRSS2OntologyFormat.java: Some input files use or override a deprecated API.
[INFO] /home/travis/build/owlcs/owlapi/compatibility/src/main/java/de/uulm/ecs/ai/owlapi/krssparser/KRSS2OntologyFormat.java: Recompile with -Xlint:deprecation for details.
[INFO] 
[INFO] --- maven-resources-plugin:2.6:testResources (default-testResources) @ owlapi-compatibility ---
[INFO] Using 'UTF-8' encoding to copy filtered resources.
[INFO] skip non existing resourceDirectory /home/travis/build/owlcs/owlapi/compatibility/src/test/resources
[INFO] 
[INFO] --- maven-compiler-plugin:3.6.0:testCompile (default-testCompile) @ owlapi-compatibility ---
[INFO] No sources to compile
[INFO] 
[INFO] --- maven-surefire-plugin:2.19.1:test (default-test) @ owlapi-compatibility ---
[INFO] Tests are skipped.
[INFO] 
[INFO] --- maven-jar-plugin:2.4:jar (default-jar) @ owlapi-compatibility ---
[INFO] Building jar: /home/travis/build/owlcs/owlapi/compatibility/target/owlapi-compatibility-6.0.0-SNAPSHOT.jar
[INFO] 
[INFO] >>> maven-source-plugin:3.0.1:jar (attach-sources) > generate-sources @ owlapi-compatibility >>>
[INFO] 
[INFO] --- maven-enforcer-plugin:1.0:enforce (enforce-maven) @ owlapi-compatibility ---
[INFO] 
[INFO] <<< maven-source-plugin:3.0.1:jar (attach-sources) < generate-sources @ owlapi-compatibility <<<
[INFO] 
[INFO] --- maven-source-plugin:3.0.1:jar (attach-sources) @ owlapi-compatibility ---
[INFO] Building jar: /home/travis/build/owlcs/owlapi/compatibility/target/owlapi-compatibility-6.0.0-SNAPSHOT-sources.jar
[INFO] 
[INFO] --- maven-javadoc-plugin:2.10.4:jar (attach-javadocs) @ owlapi-compatibility ---
[INFO] Skipping javadoc generation
[INFO] 
[INFO] --- maven-failsafe-plugin:2.19.1:integration-test (default) @ owlapi-compatibility ---
[INFO] Tests are skipped.
[INFO] 
[INFO] --- maven-failsafe-plugin:2.19.1:verify (default) @ owlapi-compatibility ---
[INFO] Tests are skipped.
[INFO] 
[INFO] --- maven-install-plugin:2.4:install (default-install) @ owlapi-compatibility ---
[INFO] Installing /home/travis/build/owlcs/owlapi/compatibility/target/owlapi-compatibility-6.0.0-SNAPSHOT.jar to /home/travis/.m2/repository/net/sourceforge/owlapi/owlapi-compatibility/6.0.0-SNAPSHOT/owlapi-compatibility-6.0.0-SNAPSHOT.jar
[INFO] Installing /home/travis/build/owlcs/owlapi/compatibility/pom.xml to /home/travis/.m2/repository/net/sourceforge/owlapi/owlapi-compatibility/6.0.0-SNAPSHOT/owlapi-compatibility-6.0.0-SNAPSHOT.pom
[INFO] Installing /home/travis/build/owlcs/owlapi/compatibility/target/owlapi-compatibility-6.0.0-SNAPSHOT-sources.jar to /home/travis/.m2/repository/net/sourceforge/owlapi/owlapi-compatibility/6.0.0-SNAPSHOT/owlapi-compatibility-6.0.0-SNAPSHOT-sources.jar
[INFO]                                                                         
[INFO] ------------------------------------------------------------------------
[INFO] Building OWLAPI :: Tests and Tutorials 6.0.0-SNAPSHOT
[INFO] ------------------------------------------------------------------------
[INFO] 
[INFO] --- maven-enforcer-plugin:1.0:enforce (enforce-maven) @ owlapi-contract ---
[INFO] 
[INFO] --- maven-resources-plugin:2.6:resources (default-resources) @ owlapi-contract ---
[INFO] Using 'UTF-8' encoding to copy filtered resources.
[INFO] skip non existing resourceDirectory /home/travis/build/owlcs/owlapi/contract/src/main/resources
[INFO] 
[INFO] --- maven-compiler-plugin:3.6.0:compile (default-compile) @ owlapi-contract ---
[INFO] Changes detected - recompiling the module!
[INFO] Compiling 9 source files to /home/travis/build/owlcs/owlapi/contract/target/classes
[INFO] 
[INFO] --- maven-resources-plugin:2.6:testResources (default-testResources) @ owlapi-contract ---
[INFO] Using 'UTF-8' encoding to copy filtered resources.
[INFO] Copying 172 resources
[INFO] 
[INFO] --- maven-compiler-plugin:3.6.0:testCompile (default-testCompile) @ owlapi-contract ---
[INFO] Changes detected - recompiling the module!
[INFO] Compiling 240 source files to /home/travis/build/owlcs/owlapi/contract/target/test-classes
[INFO] /home/travis/build/owlcs/owlapi/contract/src/test/java/org/semanticweb/owlapi/api/test/DelegatingObjectVisitorExTestCase.java: /home/travis/build/owlcs/owlapi/contract/src/test/java/org/semanticweb/owlapi/api/test/DelegatingObjectVisitorExTestCase.java uses unchecked or unsafe operations.
[INFO] /home/travis/build/owlcs/owlapi/contract/src/test/java/org/semanticweb/owlapi/api/test/DelegatingObjectVisitorExTestCase.java: Recompile with -Xlint:unchecked for details.
[INFO] -------------------------------------------------------------
[ERROR] COMPILATION ERROR : 
[INFO] -------------------------------------------------------------
[ERROR] /home/travis/build/owlcs/owlapi/contract/src/test/java/org/semanticweb/owlapi/api/test/ConfigurationOptionsTestCase.java:[30,37] cannot find symbol
  symbol:   variable ACCEPT_HTTP_COMPRESSION
  location: class org.semanticweb.owlapi.api.test.ConfigurationOptionsTestCase
[ERROR] /home/travis/build/owlcs/owlapi/contract/src/test/java/org/semanticweb/owlapi/api/test/ConfigurationOptionsTestCase.java:[32,37] cannot find symbol
  symbol:   variable FOLLOW_REDIRECTS
  location: class org.semanticweb.owlapi.api.test.ConfigurationOptionsTestCase
[INFO] 2 errors 
[INFO] -------------------------------------------------------------
[INFO] ------------------------------------------------------------------------
[INFO] Reactor Summary:
[INFO] 
[INFO] OWLAPI ............................................. SUCCESS [  1.944 s]
[INFO] OWLAPI :: Interfaces ............................... SUCCESS [ 12.872 s]
[INFO] OWLAPI :: Default Implementation ................... SUCCESS [  5.881 s]
[INFO] OWLAPI :: Atomic Decomposition and Explanation ..... SUCCESS [  1.676 s]
[INFO] OWLAPI :: Parsers .................................. SUCCESS [  3.883 s]
[INFO] OWLAPI :: OBO Format ............................... SUCCESS [  0.731 s]
[INFO] OWLAPI :: RDF4J Rio ................................ SUCCESS [  0.454 s]
[INFO] OWLAPI :: Binding and Config ....................... SUCCESS [  0.168 s]
[INFO] OWLAPI :: Compatibility ............................ SUCCESS [  0.638 s]
[INFO] OWLAPI :: Tests and Tutorials ...................... FAILURE [  4.548 s]
[INFO] OWLAPI :: Distribution ............................. SKIPPED
[INFO] OWLAPI :: OSGi and Compatibility Distribution ...... SKIPPED
[INFO] ------------------------------------------------------------------------
[INFO] BUILD FAILURE
[INFO] ------------------------------------------------------------------------
[INFO] Total time: 34.863 s
[INFO] Finished at: 2017-01-16T07:50:26+00:00
[INFO] Final Memory: 48M/343M
[INFO] ------------------------------------------------------------------------
[ERROR] Failed to execute goal org.apache.maven.plugins:maven-compiler-plugin:3.6.0:testCompile (default-testCompile) on project owlapi-contract: Compilation failure: Compilation failure:
[ERROR] /home/travis/build/owlcs/owlapi/contract/src/test/java/org/semanticweb/owlapi/api/test/ConfigurationOptionsTestCase.java:[30,37] cannot find symbol
[ERROR] symbol:   variable ACCEPT_HTTP_COMPRESSION
[ERROR] location: class org.semanticweb.owlapi.api.test.ConfigurationOptionsTestCase
[ERROR] /home/travis/build/owlcs/owlapi/contract/src/test/java/org/semanticweb/owlapi/api/test/ConfigurationOptionsTestCase.java:[32,37] cannot find symbol
[ERROR] symbol:   variable FOLLOW_REDIRECTS
[ERROR] location: class org.semanticweb.owlapi.api.test.ConfigurationOptionsTestCase
[ERROR] -> [Help 1]
[ERROR] 
[ERROR] To see the full stack trace of the errors, re-run Maven with the -e switch.
[ERROR] Re-run Maven using the -X switch to enable full debug logging.
[ERROR] 
[ERROR] For more information about the errors and possible solutions, please read the following articles:
[ERROR] [Help 1] http://cwiki.apache.org/confluence/display/MAVEN/MojoFailureException
[ERROR] 
[ERROR] After correcting the problems, you can resume the build with the command
[ERROR]   mvn <goals> -rf :owlapi-contract

[31;1mThe command "eval mvn install -DskipTests=true -Dmaven.javadoc.skip=true -B -V" failed. Retrying, 2 of 3.[0m

Java HotSpot(TM) 64-Bit Server VM warning: ignoring option MaxPermSize=192m; support was removed in 8.0
Apache Maven 3.2.5 (12a6b3acb947671f09b81f49094c53f426d8cea1; 2014-12-14T17:29:23+00:00)
Maven home: /usr/local/maven
Java version: 1.8.0_111, vendor: Oracle Corporation
Java home: /usr/lib/jvm/java-8-oracle/jre
Default locale: en_US, platform encoding: UTF-8
OS name: "linux", version: "4.8.12-040812-generic", arch: "amd64", family: "unix"
[INFO] Scanning for projects...
[INFO] Inspecting build with total of 12 modules...
[INFO] Installing Nexus Staging features:
[INFO]   ... total of 12 executions of maven-deploy-plugin replaced with nexus-staging-maven-plugin
[INFO] ------------------------------------------------------------------------
[INFO] Reactor Build Order:
[INFO] 
[INFO] OWLAPI
[INFO] OWLAPI :: Interfaces
[INFO] OWLAPI :: Default Implementation
[INFO] OWLAPI :: Atomic Decomposition and Explanation
[INFO] OWLAPI :: Parsers
[INFO] OWLAPI :: OBO Format
[INFO] OWLAPI :: RDF4J Rio
[INFO] OWLAPI :: Binding and Config
[INFO] OWLAPI :: Compatibility
[INFO] OWLAPI :: Tests and Tutorials
[INFO] OWLAPI :: Distribution
[INFO] OWLAPI :: OSGi and Compatibility Distribution
[INFO]                                                                         
[INFO] ------------------------------------------------------------------------
[INFO] Building OWLAPI 6.0.0-SNAPSHOT
[INFO] ------------------------------------------------------------------------
[INFO] 
[INFO] --- maven-enforcer-plugin:1.0:enforce (enforce-maven) @ owlapi-parent ---
[INFO] 
[INFO] >>> maven-source-plugin:3.0.1:jar (attach-sources) > generate-sources @ owlapi-parent >>>
[INFO] 
[INFO] --- maven-enforcer-plugin:1.0:enforce (enforce-maven) @ owlapi-parent ---
[INFO] 
[INFO] <<< maven-source-plugin:3.0.1:jar (attach-sources) < generate-sources @ owlapi-parent <<<
[INFO] 
[INFO] --- maven-source-plugin:3.0.1:jar (attach-sources) @ owlapi-parent ---
[INFO] 
[INFO] --- maven-javadoc-plugin:2.10.4:jar (attach-javadocs) @ owlapi-parent ---
[INFO] Skipping javadoc generation
[INFO] 
[INFO] --- maven-failsafe-plugin:2.19.1:integration-test (default) @ owlapi-parent ---
[INFO] Tests are skipped.
[INFO] 
[INFO] --- maven-failsafe-plugin:2.19.1:verify (default) @ owlapi-parent ---
[INFO] Tests are skipped.
[INFO] 
[INFO] --- maven-install-plugin:2.4:install (default-install) @ owlapi-parent ---
[INFO] Installing /home/travis/build/owlcs/owlapi/pom.xml to /home/travis/.m2/repository/net/sourceforge/owlapi/owlapi-parent/6.0.0-SNAPSHOT/owlapi-parent-6.0.0-SNAPSHOT.pom
[INFO]                                                                         
[INFO] ------------------------------------------------------------------------
[INFO] Building OWLAPI :: Interfaces 6.0.0-SNAPSHOT
[INFO] ------------------------------------------------------------------------
[INFO] 
[INFO] --- maven-enforcer-plugin:1.0:enforce (enforce-maven) @ owlapi-api ---
[INFO] 
[INFO] --- maven-resources-plugin:2.6:resources (default-resources) @ owlapi-api ---
[INFO] Using 'UTF-8' encoding to copy filtered resources.
[INFO] skip non existing resourceDirectory /home/travis/build/owlcs/owlapi/api/src/main/resources
[INFO] 
[INFO] --- maven-compiler-plugin:3.6.0:compile (default-compile) @ owlapi-api ---
[INFO] Changes detected - recompiling the module!
[INFO] Compiling 839 source files to /home/travis/build/owlcs/owlapi/api/target/classes
[INFO] /home/travis/build/owlcs/owlapi/api/src/main/java/org/semanticweb/owlapi/model/OWLDeclarationAxiom.java: Some input files use unchecked or unsafe operations.
[INFO] /home/travis/build/owlcs/owlapi/api/src/main/java/org/semanticweb/owlapi/model/OWLDeclarationAxiom.java: Recompile with -Xlint:unchecked for details.
[INFO] 
[INFO] --- maven-resources-plugin:2.6:testResources (default-testResources) @ owlapi-api ---
[INFO] Using 'UTF-8' encoding to copy filtered resources.
[INFO] Copying 1 resource
[INFO] 
[INFO] --- maven-compiler-plugin:3.6.0:testCompile (default-testCompile) @ owlapi-api ---
[INFO] Nothing to compile - all classes are up to date
[INFO] 
[INFO] --- maven-surefire-plugin:2.19.1:test (default-test) @ owlapi-api ---
[INFO] Tests are skipped.
[INFO] 
[INFO] --- maven-jar-plugin:2.4:jar (default-jar) @ owlapi-api ---
[INFO] Building jar: /home/travis/build/owlcs/owlapi/api/target/owlapi-api-6.0.0-SNAPSHOT.jar
[INFO] 
[INFO] >>> maven-source-plugin:3.0.1:jar (attach-sources) > generate-sources @ owlapi-api >>>
[INFO] 
[INFO] --- maven-enforcer-plugin:1.0:enforce (enforce-maven) @ owlapi-api ---
[INFO] 
[INFO] <<< maven-source-plugin:3.0.1:jar (attach-sources) < generate-sources @ owlapi-api <<<
[INFO] 
[INFO] --- maven-source-plugin:3.0.1:jar (attach-sources) @ owlapi-api ---
[INFO] Building jar: /home/travis/build/owlcs/owlapi/api/target/owlapi-api-6.0.0-SNAPSHOT-sources.jar
[INFO] 
[INFO] --- maven-javadoc-plugin:2.10.4:jar (attach-javadocs) @ owlapi-api ---
[INFO] Skipping javadoc generation
[INFO] 
[INFO] --- maven-failsafe-plugin:2.19.1:integration-test (default) @ owlapi-api ---
[INFO] Tests are skipped.
[INFO] 
[INFO] --- maven-failsafe-plugin:2.19.1:verify (default) @ owlapi-api ---
[INFO] Tests are skipped.
[INFO] 
[INFO] --- maven-install-plugin:2.4:install (default-install) @ owlapi-api ---
[INFO] Installing /home/travis/build/owlcs/owlapi/api/target/owlapi-api-6.0.0-SNAPSHOT.jar to /home/travis/.m2/repository/net/sourceforge/owlapi/owlapi-api/6.0.0-SNAPSHOT/owlapi-api-6.0.0-SNAPSHOT.jar
[INFO] Installing /home/travis/build/owlcs/owlapi/api/pom.xml to /home/travis/.m2/repository/net/sourceforge/owlapi/owlapi-api/6.0.0-SNAPSHOT/owlapi-api-6.0.0-SNAPSHOT.pom
[INFO] Installing /home/travis/build/owlcs/owlapi/api/target/owlapi-api-6.0.0-SNAPSHOT-sources.jar to /home/travis/.m2/repository/net/sourceforge/owlapi/owlapi-api/6.0.0-SNAPSHOT/owlapi-api-6.0.0-SNAPSHOT-sources.jar
[INFO]                                                                         
[INFO] ------------------------------------------------------------------------
[INFO] Building OWLAPI :: Default Implementation 6.0.0-SNAPSHOT
[INFO] ------------------------------------------------------------------------
[INFO] 
[INFO] --- maven-enforcer-plugin:1.0:enforce (enforce-maven) @ owlapi-impl ---
[INFO] 
[INFO] --- maven-resources-plugin:2.6:resources (default-resources) @ owlapi-impl ---
[INFO] Using 'UTF-8' encoding to copy filtered resources.
[INFO] skip non existing resourceDirectory /home/travis/build/owlcs/owlapi/impl/src/main/resources
[INFO] 
[INFO] --- maven-compiler-plugin:3.6.0:compile (default-compile) @ owlapi-impl ---
[INFO] Nothing to compile - all classes are up to date
[INFO] 
[INFO] --- maven-resources-plugin:2.6:testResources (default-testResources) @ owlapi-impl ---
[INFO] Using 'UTF-8' encoding to copy filtered resources.
[INFO] skip non existing resourceDirectory /home/travis/build/owlcs/owlapi/impl/src/test/resources
[INFO] 
[INFO] --- maven-compiler-plugin:3.6.0:testCompile (default-testCompile) @ owlapi-impl ---
[INFO] Nothing to compile - all classes are up to date
[INFO] 
[INFO] --- maven-surefire-plugin:2.19.1:test (default-test) @ owlapi-impl ---
[INFO] Tests are skipped.
[INFO] 
[INFO] --- maven-jar-plugin:2.4:jar (default-jar) @ owlapi-impl ---
[INFO] 
[INFO] >>> maven-source-plugin:3.0.1:jar (attach-sources) > generate-sources @ owlapi-impl >>>
[INFO] 
[INFO] --- maven-enforcer-plugin:1.0:enforce (enforce-maven) @ owlapi-impl ---
[INFO] 
[INFO] <<< maven-source-plugin:3.0.1:jar (attach-sources) < generate-sources @ owlapi-impl <<<
[INFO] 
[INFO] --- maven-source-plugin:3.0.1:jar (attach-sources) @ owlapi-impl ---
[INFO] Building jar: /home/travis/build/owlcs/owlapi/impl/target/owlapi-impl-6.0.0-SNAPSHOT-sources.jar
[INFO] 
[INFO] --- maven-javadoc-plugin:2.10.4:jar (attach-javadocs) @ owlapi-impl ---
[INFO] Skipping javadoc generation
[INFO] 
[INFO] --- maven-failsafe-plugin:2.19.1:integration-test (default) @ owlapi-impl ---
[INFO] Tests are skipped.
[INFO] 
[INFO] --- maven-failsafe-plugin:2.19.1:verify (default) @ owlapi-impl ---
[INFO] Tests are skipped.
[INFO] 
[INFO] --- maven-install-plugin:2.4:install (default-install) @ owlapi-impl ---
[INFO] Installing /home/travis/build/owlcs/owlapi/impl/target/owlapi-impl-6.0.0-SNAPSHOT.jar to /home/travis/.m2/repository/net/sourceforge/owlapi/owlapi-impl/6.0.0-SNAPSHOT/owlapi-impl-6.0.0-SNAPSHOT.jar
[INFO] Installing /home/travis/build/owlcs/owlapi/impl/pom.xml to /home/travis/.m2/repository/net/sourceforge/owlapi/owlapi-impl/6.0.0-SNAPSHOT/owlapi-impl-6.0.0-SNAPSHOT.pom
[INFO] Installing /home/travis/build/owlcs/owlapi/impl/target/owlapi-impl-6.0.0-SNAPSHOT-sources.jar to /home/travis/.m2/repository/net/sourceforge/owlapi/owlapi-impl/6.0.0-SNAPSHOT/owlapi-impl-6.0.0-SNAPSHOT-sources.jar
[INFO]                                                                         
[INFO] ------------------------------------------------------------------------
[INFO] Building OWLAPI :: Atomic Decomposition and Explanation 6.0.0-SNAPSHOT
[INFO] ------------------------------------------------------------------------
[INFO] 
[INFO] --- maven-enforcer-plugin:1.0:enforce (enforce-maven) @ owlapi-tools ---
[INFO] 
[INFO] --- maven-resources-plugin:2.6:resources (default-resources) @ owlapi-tools ---
[INFO] Using 'UTF-8' encoding to copy filtered resources.
[INFO] skip non existing resourceDirectory /home/travis/build/owlcs/owlapi/tools/src/main/resources
[INFO] 
[INFO] --- maven-compiler-plugin:3.6.0:compile (default-compile) @ owlapi-tools ---
[INFO] Nothing to compile - all classes are up to date
[INFO] 
[INFO] --- maven-resources-plugin:2.6:testResources (default-testResources) @ owlapi-tools ---
[INFO] Using 'UTF-8' encoding to copy filtered resources.
[INFO] skip non existing resourceDirectory /home/travis/build/owlcs/owlapi/tools/src/test/resources
[INFO] 
[INFO] --- maven-compiler-plugin:3.6.0:testCompile (default-testCompile) @ owlapi-tools ---
[INFO] No sources to compile
[INFO] 
[INFO] --- maven-surefire-plugin:2.19.1:test (default-test) @ owlapi-tools ---
[INFO] Tests are skipped.
[INFO] 
[INFO] --- maven-jar-plugin:2.4:jar (default-jar) @ owlapi-tools ---
[INFO] 
[INFO] >>> maven-source-plugin:3.0.1:jar (attach-sources) > generate-sources @ owlapi-tools >>>
[INFO] 
[INFO] --- maven-enforcer-plugin:1.0:enforce (enforce-maven) @ owlapi-tools ---
[INFO] 
[INFO] <<< maven-source-plugin:3.0.1:jar (attach-sources) < generate-sources @ owlapi-tools <<<
[INFO] 
[INFO] --- maven-source-plugin:3.0.1:jar (attach-sources) @ owlapi-tools ---
[INFO] Building jar: /home/travis/build/owlcs/owlapi/tools/target/owlapi-tools-6.0.0-SNAPSHOT-sources.jar
[INFO] 
[INFO] --- maven-javadoc-plugin:2.10.4:jar (attach-javadocs) @ owlapi-tools ---
[INFO] Skipping javadoc generation
[INFO] 
[INFO] --- maven-failsafe-plugin:2.19.1:integration-test (default) @ owlapi-tools ---
[INFO] Tests are skipped.
[INFO] 
[INFO] --- maven-failsafe-plugin:2.19.1:verify (default) @ owlapi-tools ---
[INFO] Tests are skipped.
[INFO] 
[INFO] --- maven-install-plugin:2.4:install (default-install) @ owlapi-tools ---
[INFO] Installing /home/travis/build/owlcs/owlapi/tools/target/owlapi-tools-6.0.0-SNAPSHOT.jar to /home/travis/.m2/repository/net/sourceforge/owlapi/owlapi-tools/6.0.0-SNAPSHOT/owlapi-tools-6.0.0-SNAPSHOT.jar
[INFO] Installing /home/travis/build/owlcs/owlapi/tools/pom.xml to /home/travis/.m2/repository/net/sourceforge/owlapi/owlapi-tools/6.0.0-SNAPSHOT/owlapi-tools-6.0.0-SNAPSHOT.pom
[INFO] Installing /home/travis/build/owlcs/owlapi/tools/target/owlapi-tools-6.0.0-SNAPSHOT-sources.jar to /home/travis/.m2/repository/net/sourceforge/owlapi/owlapi-tools/6.0.0-SNAPSHOT/owlapi-tools-6.0.0-SNAPSHOT-sources.jar
[INFO]                                                                         
[INFO] ------------------------------------------------------------------------
[INFO] Building OWLAPI :: Parsers 6.0.0-SNAPSHOT
[INFO] ------------------------------------------------------------------------
[INFO] 
[INFO] --- maven-enforcer-plugin:1.0:enforce (enforce-maven) @ owlapi-parsers ---
[INFO] 
[INFO] --- maven-resources-plugin:2.6:resources (default-resources) @ owlapi-parsers ---
[INFO] Using 'UTF-8' encoding to copy filtered resources.
[INFO] Copying 2 resources
[INFO] 
[INFO] --- maven-compiler-plugin:3.6.0:compile (default-compile) @ owlapi-parsers ---
[INFO] Changes detected - recompiling the module!
[INFO] Compiling 195 source files to /home/travis/build/owlcs/owlapi/parsers/target/classes
[INFO] /home/travis/build/owlcs/owlapi/parsers/src/main/java/org/semanticweb/owlapi/functional/parser/OWLFunctionalSyntaxParser.java: Some input files use or override a deprecated API.
[INFO] /home/travis/build/owlcs/owlapi/parsers/src/main/java/org/semanticweb/owlapi/functional/parser/OWLFunctionalSyntaxParser.java: Recompile with -Xlint:deprecation for details.
[INFO] /home/travis/build/owlcs/owlapi/parsers/src/main/java/org/semanticweb/owlapi/rdf/model/AbstractTranslator.java: Some input files use unchecked or unsafe operations.
[INFO] /home/travis/build/owlcs/owlapi/parsers/src/main/java/org/semanticweb/owlapi/rdf/model/AbstractTranslator.java: Recompile with -Xlint:unchecked for details.
[INFO] 
[INFO] --- maven-resources-plugin:2.6:testResources (default-testResources) @ owlapi-parsers ---
[INFO] Using 'UTF-8' encoding to copy filtered resources.
[INFO] skip non existing resourceDirectory /home/travis/build/owlcs/owlapi/parsers/src/test/resources
[INFO] 
[INFO] --- maven-compiler-plugin:3.6.0:testCompile (default-testCompile) @ owlapi-parsers ---
[INFO] Nothing to compile - all classes are up to date
[INFO] 
[INFO] --- maven-surefire-plugin:2.19.1:test (default-test) @ owlapi-parsers ---
[INFO] Tests are skipped.
[INFO] 
[INFO] --- maven-jar-plugin:2.4:jar (default-jar) @ owlapi-parsers ---
[INFO] Building jar: /home/travis/build/owlcs/owlapi/parsers/target/owlapi-parsers-6.0.0-SNAPSHOT.jar
[INFO] 
[INFO] >>> maven-source-plugin:3.0.1:jar (attach-sources) > generate-sources @ owlapi-parsers >>>
[INFO] 
[INFO] --- maven-enforcer-plugin:1.0:enforce (enforce-maven) @ owlapi-parsers ---
[INFO] 
[INFO] <<< maven-source-plugin:3.0.1:jar (attach-sources) < generate-sources @ owlapi-parsers <<<
[INFO] 
[INFO] --- maven-source-plugin:3.0.1:jar (attach-sources) @ owlapi-parsers ---
[INFO] Building jar: /home/travis/build/owlcs/owlapi/parsers/target/owlapi-parsers-6.0.0-SNAPSHOT-sources.jar
[INFO] 
[INFO] --- maven-javadoc-plugin:2.10.4:jar (attach-javadocs) @ owlapi-parsers ---
[INFO] Skipping javadoc generation
[INFO] 
[INFO] --- maven-failsafe-plugin:2.19.1:integration-test (default) @ owlapi-parsers ---
[INFO] Tests are skipped.
[INFO] 
[INFO] --- maven-failsafe-plugin:2.19.1:verify (default) @ owlapi-parsers ---
[INFO] Tests are skipped.
[INFO] 
[INFO] --- maven-install-plugin:2.4:install (default-install) @ owlapi-parsers ---
[INFO] Installing /home/travis/build/owlcs/owlapi/parsers/target/owlapi-parsers-6.0.0-SNAPSHOT.jar to /home/travis/.m2/repository/net/sourceforge/owlapi/owlapi-parsers/6.0.0-SNAPSHOT/owlapi-parsers-6.0.0-SNAPSHOT.jar
[INFO] Installing /home/travis/build/owlcs/owlapi/parsers/pom.xml to /home/travis/.m2/repository/net/sourceforge/owlapi/owlapi-parsers/6.0.0-SNAPSHOT/owlapi-parsers-6.0.0-SNAPSHOT.pom
[INFO] Installing /home/travis/build/owlcs/owlapi/parsers/target/owlapi-parsers-6.0.0-SNAPSHOT-sources.jar to /home/travis/.m2/repository/net/sourceforge/owlapi/owlapi-parsers/6.0.0-SNAPSHOT/owlapi-parsers-6.0.0-SNAPSHOT-sources.jar
[INFO]                                                                         
[INFO] ------------------------------------------------------------------------
[INFO] Building OWLAPI :: OBO Format 6.0.0-SNAPSHOT
[INFO] ------------------------------------------------------------------------
[INFO] 
[INFO] --- maven-enforcer-plugin:1.0:enforce (enforce-maven) @ owlapi-oboformat ---
[INFO] 
[INFO] --- maven-resources-plugin:2.6:resources (default-resources) @ owlapi-oboformat ---
[INFO] Using 'UTF-8' encoding to copy filtered resources.
[INFO] Copying 2 resources
[INFO] 
[INFO] --- maven-compiler-plugin:3.6.0:compile (default-compile) @ owlapi-oboformat ---
[INFO] Nothing to compile - all classes are up to date
[INFO] 
[INFO] --- maven-resources-plugin:2.6:testResources (default-testResources) @ owlapi-oboformat ---
[INFO] Using 'UTF-8' encoding to copy filtered resources.
[INFO] skip non existing resourceDirectory /home/travis/build/owlcs/owlapi/oboformat/src/test/resources
[INFO] 
[INFO] --- maven-compiler-plugin:3.6.0:testCompile (default-testCompile) @ owlapi-oboformat ---
[INFO] Nothing to compile - all classes are up to date
[INFO] 
[INFO] --- maven-surefire-plugin:2.19.1:test (default-test) @ owlapi-oboformat ---
[INFO] Tests are skipped.
[INFO] 
[INFO] --- maven-jar-plugin:2.4:jar (default-jar) @ owlapi-oboformat ---
[INFO] 
[INFO] >>> maven-source-plugin:3.0.1:jar (attach-sources) > generate-sources @ owlapi-oboformat >>>
[INFO] 
[INFO] --- maven-enforcer-plugin:1.0:enforce (enforce-maven) @ owlapi-oboformat ---
[INFO] 
[INFO] <<< maven-source-plugin:3.0.1:jar (attach-sources) < generate-sources @ owlapi-oboformat <<<
[INFO] 
[INFO] --- maven-source-plugin:3.0.1:jar (attach-sources) @ owlapi-oboformat ---
[INFO] Building jar: /home/travis/build/owlcs/owlapi/oboformat/target/owlapi-oboformat-6.0.0-SNAPSHOT-sources.jar
[INFO] 
[INFO] --- maven-javadoc-plugin:2.10.4:jar (attach-javadocs) @ owlapi-oboformat ---
[INFO] Skipping javadoc generation
[INFO] 
[INFO] --- maven-failsafe-plugin:2.19.1:integration-test (default) @ owlapi-oboformat ---
[INFO] Tests are skipped.
[INFO] 
[INFO] --- maven-failsafe-plugin:2.19.1:verify (default) @ owlapi-oboformat ---
[INFO] Tests are skipped.
[INFO] 
[INFO] --- maven-install-plugin:2.4:install (default-install) @ owlapi-oboformat ---
[INFO] Installing /home/travis/build/owlcs/owlapi/oboformat/target/owlapi-oboformat-6.0.0-SNAPSHOT.jar to /home/travis/.m2/repository/net/sourceforge/owlapi/owlapi-oboformat/6.0.0-SNAPSHOT/owlapi-oboformat-6.0.0-SNAPSHOT.jar
[INFO] Installing /home/travis/build/owlcs/owlapi/oboformat/pom.xml to /home/travis/.m2/repository/net/sourceforge/owlapi/owlapi-oboformat/6.0.0-SNAPSHOT/owlapi-oboformat-6.0.0-SNAPSHOT.pom
[INFO] Installing /home/travis/build/owlcs/owlapi/oboformat/target/owlapi-oboformat-6.0.0-SNAPSHOT-sources.jar to /home/travis/.m2/repository/net/sourceforge/owlapi/owlapi-oboformat/6.0.0-SNAPSHOT/owlapi-oboformat-6.0.0-SNAPSHOT-sources.jar
[INFO]                                                                         
[INFO] ------------------------------------------------------------------------
[INFO] Building OWLAPI :: RDF4J Rio 6.0.0-SNAPSHOT
[INFO] ------------------------------------------------------------------------
[INFO] 
[INFO] --- maven-enforcer-plugin:1.0:enforce (enforce-maven) @ owlapi-rio ---
[INFO] 
[INFO] --- maven-resources-plugin:2.6:resources (default-resources) @ owlapi-rio ---
[INFO] Using 'UTF-8' encoding to copy filtered resources.
[INFO] Copying 5 resources
[INFO] 
[INFO] --- maven-compiler-plugin:3.6.0:compile (default-compile) @ owlapi-rio ---
[INFO] Nothing to compile - all classes are up to date
[INFO] 
[INFO] --- maven-resources-plugin:2.6:testResources (default-testResources) @ owlapi-rio ---
[INFO] Using 'UTF-8' encoding to copy filtered resources.
[INFO] skip non existing resourceDirectory /home/travis/build/owlcs/owlapi/rio/src/test/resources
[INFO] 
[INFO] --- maven-compiler-plugin:3.6.0:testCompile (default-testCompile) @ owlapi-rio ---
[INFO] No sources to compile
[INFO] 
[INFO] --- maven-surefire-plugin:2.19.1:test (default-test) @ owlapi-rio ---
[INFO] Tests are skipped.
[INFO] 
[INFO] --- maven-jar-plugin:2.4:jar (default-jar) @ owlapi-rio ---
[INFO] 
[INFO] >>> maven-source-plugin:3.0.1:jar (attach-sources) > generate-sources @ owlapi-rio >>>
[INFO] 
[INFO] --- maven-enforcer-plugin:1.0:enforce (enforce-maven) @ owlapi-rio ---
[INFO] 
[INFO] <<< maven-source-plugin:3.0.1:jar (attach-sources) < generate-sources @ owlapi-rio <<<
[INFO] 
[INFO] --- maven-source-plugin:3.0.1:jar (attach-sources) @ owlapi-rio ---
[INFO] Building jar: /home/travis/build/owlcs/owlapi/rio/target/owlapi-rio-6.0.0-SNAPSHOT-sources.jar
[INFO] 
[INFO] --- maven-javadoc-plugin:2.10.4:jar (attach-javadocs) @ owlapi-rio ---
[INFO] Skipping javadoc generation
[INFO] 
[INFO] --- maven-failsafe-plugin:2.19.1:integration-test (default) @ owlapi-rio ---
[INFO] Tests are skipped.
[INFO] 
[INFO] --- maven-failsafe-plugin:2.19.1:verify (default) @ owlapi-rio ---
[INFO] Tests are skipped.
[INFO] 
[INFO] --- maven-install-plugin:2.4:install (default-install) @ owlapi-rio ---
[INFO] Installing /home/travis/build/owlcs/owlapi/rio/target/owlapi-rio-6.0.0-SNAPSHOT.jar to /home/travis/.m2/repository/net/sourceforge/owlapi/owlapi-rio/6.0.0-SNAPSHOT/owlapi-rio-6.0.0-SNAPSHOT.jar
[INFO] Installing /home/travis/build/owlcs/owlapi/rio/pom.xml to /home/travis/.m2/repository/net/sourceforge/owlapi/owlapi-rio/6.0.0-SNAPSHOT/owlapi-rio-6.0.0-SNAPSHOT.pom
[INFO] Installing /home/travis/build/owlcs/owlapi/rio/target/owlapi-rio-6.0.0-SNAPSHOT-sources.jar to /home/travis/.m2/repository/net/sourceforge/owlapi/owlapi-rio/6.0.0-SNAPSHOT/owlapi-rio-6.0.0-SNAPSHOT-sources.jar
[INFO]                                                                         
[INFO] ------------------------------------------------------------------------
[INFO] Building OWLAPI :: Binding and Config 6.0.0-SNAPSHOT
[INFO] ------------------------------------------------------------------------
[INFO] 
[INFO] --- maven-enforcer-plugin:1.0:enforce (enforce-maven) @ owlapi-apibinding ---
[INFO] 
[INFO] --- maven-resources-plugin:2.6:resources (default-resources) @ owlapi-apibinding ---
[INFO] Using 'UTF-8' encoding to copy filtered resources.
[INFO] Copying 1 resource
[INFO] 
[INFO] --- maven-compiler-plugin:3.6.0:compile (default-compile) @ owlapi-apibinding ---
[INFO] Nothing to compile - all classes are up to date
[INFO] 
[INFO] --- maven-resources-plugin:2.6:testResources (default-testResources) @ owlapi-apibinding ---
[INFO] Using 'UTF-8' encoding to copy filtered resources.
[INFO] skip non existing resourceDirectory /home/travis/build/owlcs/owlapi/apibinding/src/test/resources
[INFO] 
[INFO] --- maven-compiler-plugin:3.6.0:testCompile (default-testCompile) @ owlapi-apibinding ---
[INFO] No sources to compile
[INFO] 
[INFO] --- maven-surefire-plugin:2.19.1:test (default-test) @ owlapi-apibinding ---
[INFO] Tests are skipped.
[INFO] 
[INFO] --- maven-jar-plugin:2.4:jar (default-jar) @ owlapi-apibinding ---
[INFO] 
[INFO] >>> maven-source-plugin:3.0.1:jar (attach-sources) > generate-sources @ owlapi-apibinding >>>
[INFO] 
[INFO] --- maven-enforcer-plugin:1.0:enforce (enforce-maven) @ owlapi-apibinding ---
[INFO] 
[INFO] <<< maven-source-plugin:3.0.1:jar (attach-sources) < generate-sources @ owlapi-apibinding <<<
[INFO] 
[INFO] --- maven-source-plugin:3.0.1:jar (attach-sources) @ owlapi-apibinding ---
[INFO] Building jar: /home/travis/build/owlcs/owlapi/apibinding/target/owlapi-apibinding-6.0.0-SNAPSHOT-sources.jar
[INFO] 
[INFO] --- maven-javadoc-plugin:2.10.4:jar (attach-javadocs) @ owlapi-apibinding ---
[INFO] Skipping javadoc generation
[INFO] 
[INFO] --- maven-failsafe-plugin:2.19.1:integration-test (default) @ owlapi-apibinding ---
[INFO] Tests are skipped.
[INFO] 
[INFO] --- maven-failsafe-plugin:2.19.1:verify (default) @ owlapi-apibinding ---
[INFO] Tests are skipped.
[INFO] 
[INFO] --- maven-install-plugin:2.4:install (default-install) @ owlapi-apibinding ---
[INFO] Installing /home/travis/build/owlcs/owlapi/apibinding/target/owlapi-apibinding-6.0.0-SNAPSHOT.jar to /home/travis/.m2/repository/net/sourceforge/owlapi/owlapi-apibinding/6.0.0-SNAPSHOT/owlapi-apibinding-6.0.0-SNAPSHOT.jar
[INFO] Installing /home/travis/build/owlcs/owlapi/apibinding/pom.xml to /home/travis/.m2/repository/net/sourceforge/owlapi/owlapi-apibinding/6.0.0-SNAPSHOT/owlapi-apibinding-6.0.0-SNAPSHOT.pom
[INFO] Installing /home/travis/build/owlcs/owlapi/apibinding/target/owlapi-apibinding-6.0.0-SNAPSHOT-sources.jar to /home/travis/.m2/repository/net/sourceforge/owlapi/owlapi-apibinding/6.0.0-SNAPSHOT/owlapi-apibinding-6.0.0-SNAPSHOT-sources.jar
[INFO]                                                                         
[INFO] ------------------------------------------------------------------------
[INFO] Building OWLAPI :: Compatibility 6.0.0-SNAPSHOT
[INFO] ------------------------------------------------------------------------
[INFO] 
[INFO] --- maven-enforcer-plugin:1.0:enforce (enforce-maven) @ owlapi-compatibility ---
[INFO] 
[INFO] --- maven-resources-plugin:2.6:resources (default-resources) @ owlapi-compatibility ---
[INFO] Using 'UTF-8' encoding to copy filtered resources.
[INFO] Copying 1 resource
[INFO] 
[INFO] --- maven-compiler-plugin:3.6.0:compile (default-compile) @ owlapi-compatibility ---
[INFO] Nothing to compile - all classes are up to date
[INFO] 
[INFO] --- maven-resources-plugin:2.6:testResources (default-testResources) @ owlapi-compatibility ---
[INFO] Using 'UTF-8' encoding to copy filtered resources.
[INFO] skip non existing resourceDirectory /home/travis/build/owlcs/owlapi/compatibility/src/test/resources
[INFO] 
[INFO] --- maven-compiler-plugin:3.6.0:testCompile (default-testCompile) @ owlapi-compatibility ---
[INFO] No sources to compile
[INFO] 
[INFO] --- maven-surefire-plugin:2.19.1:test (default-test) @ owlapi-compatibility ---
[INFO] Tests are skipped.
[INFO] 
[INFO] --- maven-jar-plugin:2.4:jar (default-jar) @ owlapi-compatibility ---
[INFO] 
[INFO] >>> maven-source-plugin:3.0.1:jar (attach-sources) > generate-sources @ owlapi-compatibility >>>
[INFO] 
[INFO] --- maven-enforcer-plugin:1.0:enforce (enforce-maven) @ owlapi-compatibility ---
[INFO] 
[INFO] <<< maven-source-plugin:3.0.1:jar (attach-sources) < generate-sources @ owlapi-compatibility <<<
[INFO] 
[INFO] --- maven-source-plugin:3.0.1:jar (attach-sources) @ owlapi-compatibility ---
[INFO] Building jar: /home/travis/build/owlcs/owlapi/compatibility/target/owlapi-compatibility-6.0.0-SNAPSHOT-sources.jar
[INFO] 
[INFO] --- maven-javadoc-plugin:2.10.4:jar (attach-javadocs) @ owlapi-compatibility ---
[INFO] Skipping javadoc generation
[INFO] 
[INFO] --- maven-failsafe-plugin:2.19.1:integration-test (default) @ owlapi-compatibility ---
[INFO] Tests are skipped.
[INFO] 
[INFO] --- maven-failsafe-plugin:2.19.1:verify (default) @ owlapi-compatibility ---
[INFO] Tests are skipped.
[INFO] 
[INFO] --- maven-install-plugin:2.4:install (default-install) @ owlapi-compatibility ---
[INFO] Installing /home/travis/build/owlcs/owlapi/compatibility/target/owlapi-compatibility-6.0.0-SNAPSHOT.jar to /home/travis/.m2/repository/net/sourceforge/owlapi/owlapi-compatibility/6.0.0-SNAPSHOT/owlapi-compatibility-6.0.0-SNAPSHOT.jar
[INFO] Installing /home/travis/build/owlcs/owlapi/compatibility/pom.xml to /home/travis/.m2/repository/net/sourceforge/owlapi/owlapi-compatibility/6.0.0-SNAPSHOT/owlapi-compatibility-6.0.0-SNAPSHOT.pom
[INFO] Installing /home/travis/build/owlcs/owlapi/compatibility/target/owlapi-compatibility-6.0.0-SNAPSHOT-sources.jar to /home/travis/.m2/repository/net/sourceforge/owlapi/owlapi-compatibility/6.0.0-SNAPSHOT/owlapi-compatibility-6.0.0-SNAPSHOT-sources.jar
[INFO]                                                                         
[INFO] ------------------------------------------------------------------------
[INFO] Building OWLAPI :: Tests and Tutorials 6.0.0-SNAPSHOT
[INFO] ------------------------------------------------------------------------
[INFO] 
[INFO] --- maven-enforcer-plugin:1.0:enforce (enforce-maven) @ owlapi-contract ---
[INFO] 
[INFO] --- maven-resources-plugin:2.6:resources (default-resources) @ owlapi-contract ---
[INFO] Using 'UTF-8' encoding to copy filtered resources.
[INFO] skip non existing resourceDirectory /home/travis/build/owlcs/owlapi/contract/src/main/resources
[INFO] 
[INFO] --- maven-compiler-plugin:3.6.0:compile (default-compile) @ owlapi-contract ---
[INFO] Changes detected - recompiling the module!
[INFO] Compiling 9 source files to /home/travis/build/owlcs/owlapi/contract/target/classes
[INFO] 
[INFO] --- maven-resources-plugin:2.6:testResources (default-testResources) @ owlapi-contract ---
[INFO] Using 'UTF-8' encoding to copy filtered resources.
[INFO] Copying 172 resources
[INFO] 
[INFO] --- maven-compiler-plugin:3.6.0:testCompile (default-testCompile) @ owlapi-contract ---
[INFO] Changes detected - recompiling the module!
[INFO] Compiling 240 source files to /home/travis/build/owlcs/owlapi/contract/target/test-classes
[INFO] /home/travis/build/owlcs/owlapi/contract/src/test/java/org/semanticweb/owlapi/api/test/DelegatingObjectVisitorExTestCase.java: /home/travis/build/owlcs/owlapi/contract/src/test/java/org/semanticweb/owlapi/api/test/DelegatingObjectVisitorExTestCase.java uses unchecked or unsafe operations.
[INFO] /home/travis/build/owlcs/owlapi/contract/src/test/java/org/semanticweb/owlapi/api/test/DelegatingObjectVisitorExTestCase.java: Recompile with -Xlint:unchecked for details.
[INFO] -------------------------------------------------------------
[ERROR] COMPILATION ERROR : 
[INFO] -------------------------------------------------------------
[ERROR] /home/travis/build/owlcs/owlapi/contract/src/test/java/org/semanticweb/owlapi/api/test/ConfigurationOptionsTestCase.java:[30,37] cannot find symbol
  symbol:   variable ACCEPT_HTTP_COMPRESSION
  location: class org.semanticweb.owlapi.api.test.ConfigurationOptionsTestCase
[ERROR] /home/travis/build/owlcs/owlapi/contract/src/test/java/org/semanticweb/owlapi/api/test/ConfigurationOptionsTestCase.java:[32,37] cannot find symbol
  symbol:   variable FOLLOW_REDIRECTS
  location: class org.semanticweb.owlapi.api.test.ConfigurationOptionsTestCase
[INFO] 2 errors 
[INFO] -------------------------------------------------------------
[INFO] ------------------------------------------------------------------------
[INFO] Reactor Summary:
[INFO] 
[INFO] OWLAPI ............................................. SUCCESS [  1.808 s]
[INFO] OWLAPI :: Interfaces ............................... SUCCESS [ 11.058 s]
[INFO] OWLAPI :: Default Implementation ................... SUCCESS [  0.197 s]
[INFO] OWLAPI :: Atomic Decomposition and Explanation ..... SUCCESS [  0.141 s]
[INFO] OWLAPI :: Parsers .................................. SUCCESS [  3.423 s]
[INFO] OWLAPI :: OBO Format ............................... SUCCESS [  0.153 s]
[INFO] OWLAPI :: RDF4J Rio ................................ SUCCESS [  0.190 s]
[INFO] OWLAPI :: Binding and Config ....................... SUCCESS [  0.061 s]
[INFO] OWLAPI :: Compatibility ............................ SUCCESS [  0.153 s]
[INFO] OWLAPI :: Tests and Tutorials ...................... FAILURE [  4.596 s]
[INFO] OWLAPI :: Distribution ............................. SKIPPED
[INFO] OWLAPI :: OSGi and Compatibility Distribution ...... SKIPPED
[INFO] ------------------------------------------------------------------------
[INFO] BUILD FAILURE
[INFO] ------------------------------------------------------------------------
[INFO] Total time: 23.170 s
[INFO] Finished at: 2017-01-16T07:50:52+00:00
[INFO] Final Memory: 38M/304M
[INFO] ------------------------------------------------------------------------
[ERROR] Failed to execute goal org.apache.maven.plugins:maven-compiler-plugin:3.6.0:testCompile (default-testCompile) on project owlapi-contract: Compilation failure: Compilation failure:
[ERROR] /home/travis/build/owlcs/owlapi/contract/src/test/java/org/semanticweb/owlapi/api/test/ConfigurationOptionsTestCase.java:[30,37] cannot find symbol
[ERROR] symbol:   variable ACCEPT_HTTP_COMPRESSION
[ERROR] location: class org.semanticweb.owlapi.api.test.ConfigurationOptionsTestCase
[ERROR] /home/travis/build/owlcs/owlapi/contract/src/test/java/org/semanticweb/owlapi/api/test/ConfigurationOptionsTestCase.java:[32,37] cannot find symbol
[ERROR] symbol:   variable FOLLOW_REDIRECTS
[ERROR] location: class org.semanticweb.owlapi.api.test.ConfigurationOptionsTestCase
[ERROR] -> [Help 1]
[ERROR] 
[ERROR] To see the full stack trace of the errors, re-run Maven with the -e switch.
[ERROR] Re-run Maven using the -X switch to enable full debug logging.
[ERROR] 
[ERROR] For more information about the errors and possible solutions, please read the following articles:
[ERROR] [Help 1] http://cwiki.apache.org/confluence/display/MAVEN/MojoFailureException
[ERROR] 
[ERROR] After correcting the problems, you can resume the build with the command
[ERROR]   mvn <goals> -rf :owlapi-contract

[31;1mThe command "eval mvn install -DskipTests=true -Dmaven.javadoc.skip=true -B -V" failed. Retrying, 3 of 3.[0m

Java HotSpot(TM) 64-Bit Server VM warning: ignoring option MaxPermSize=192m; support was removed in 8.0
Apache Maven 3.2.5 (12a6b3acb947671f09b81f49094c53f426d8cea1; 2014-12-14T17:29:23+00:00)
Maven home: /usr/local/maven
Java version: 1.8.0_111, vendor: Oracle Corporation
Java home: /usr/lib/jvm/java-8-oracle/jre
Default locale: en_US, platform encoding: UTF-8
OS name: "linux", version: "4.8.12-040812-generic", arch: "amd64", family: "unix"
[INFO] Scanning for projects...
[INFO] Inspecting build with total of 12 modules...
[INFO] Installing Nexus Staging features:
[INFO]   ... total of 12 executions of maven-deploy-plugin replaced with nexus-staging-maven-plugin
[INFO] ------------------------------------------------------------------------
[INFO] Reactor Build Order:
[INFO] 
[INFO] OWLAPI
[INFO] OWLAPI :: Interfaces
[INFO] OWLAPI :: Default Implementation
[INFO] OWLAPI :: Atomic Decomposition and Explanation
[INFO] OWLAPI :: Parsers
[INFO] OWLAPI :: OBO Format
[INFO] OWLAPI :: RDF4J Rio
[INFO] OWLAPI :: Binding and Config
[INFO] OWLAPI :: Compatibility
[INFO] OWLAPI :: Tests and Tutorials
[INFO] OWLAPI :: Distribution
[INFO] OWLAPI :: OSGi and Compatibility Distribution
[INFO]                                                                         
[INFO] ------------------------------------------------------------------------
[INFO] Building OWLAPI 6.0.0-SNAPSHOT
[INFO] ------------------------------------------------------------------------
[INFO] 
[INFO] --- maven-enforcer-plugin:1.0:enforce (enforce-maven) @ owlapi-parent ---
[INFO] 
[INFO] >>> maven-source-plugin:3.0.1:jar (attach-sources) > generate-sources @ owlapi-parent >>>
[INFO] 
[INFO] --- maven-enforcer-plugin:1.0:enforce (enforce-maven) @ owlapi-parent ---
[INFO] 
[INFO] <<< maven-source-plugin:3.0.1:jar (attach-sources) < generate-sources @ owlapi-parent <<<
[INFO] 
[INFO] --- maven-source-plugin:3.0.1:jar (attach-sources) @ owlapi-parent ---
[INFO] 
[INFO] --- maven-javadoc-plugin:2.10.4:jar (attach-javadocs) @ owlapi-parent ---
[INFO] Skipping javadoc generation
[INFO] 
[INFO] --- maven-failsafe-plugin:2.19.1:integration-test (default) @ owlapi-parent ---
[INFO] Tests are skipped.
[INFO] 
[INFO] --- maven-failsafe-plugin:2.19.1:verify (default) @ owlapi-parent ---
[INFO] Tests are skipped.
[INFO] 
[INFO] --- maven-install-plugin:2.4:install (default-install) @ owlapi-parent ---
[INFO] Installing /home/travis/build/owlcs/owlapi/pom.xml to /home/travis/.m2/repository/net/sourceforge/owlapi/owlapi-parent/6.0.0-SNAPSHOT/owlapi-parent-6.0.0-SNAPSHOT.pom
[INFO]                                                                         
[INFO] ------------------------------------------------------------------------
[INFO] Building OWLAPI :: Interfaces 6.0.0-SNAPSHOT
[INFO] ------------------------------------------------------------------------
[INFO] 
[INFO] --- maven-enforcer-plugin:1.0:enforce (enforce-maven) @ owlapi-api ---
[INFO] 
[INFO] --- maven-resources-plugin:2.6:resources (default-resources) @ owlapi-api ---
[INFO] Using 'UTF-8' encoding to copy filtered resources.
[INFO] skip non existing resourceDirectory /home/travis/build/owlcs/owlapi/api/src/main/resources
[INFO] 
[INFO] --- maven-compiler-plugin:3.6.0:compile (default-compile) @ owlapi-api ---
[INFO] Changes detected - recompiling the module!
[INFO] Compiling 839 source files to /home/travis/build/owlcs/owlapi/api/target/classes
[INFO] /home/travis/build/owlcs/owlapi/api/src/main/java/org/semanticweb/owlapi/model/OWLDeclarationAxiom.java: Some input files use unchecked or unsafe operations.
[INFO] /home/travis/build/owlcs/owlapi/api/src/main/java/org/semanticweb/owlapi/model/OWLDeclarationAxiom.java: Recompile with -Xlint:unchecked for details.
[INFO] 
[INFO] --- maven-resources-plugin:2.6:testResources (default-testResources) @ owlapi-api ---
[INFO] Using 'UTF-8' encoding to copy filtered resources.
[INFO] Copying 1 resource
[INFO] 
[INFO] --- maven-compiler-plugin:3.6.0:testCompile (default-testCompile) @ owlapi-api ---
[INFO] Nothing to compile - all classes are up to date
[INFO] 
[INFO] --- maven-surefire-plugin:2.19.1:test (default-test) @ owlapi-api ---
[INFO] Tests are skipped.
[INFO] 
[INFO] --- maven-jar-plugin:2.4:jar (default-jar) @ owlapi-api ---
[INFO] Building jar: /home/travis/build/owlcs/owlapi/api/target/owlapi-api-6.0.0-SNAPSHOT.jar
[INFO] 
[INFO] >>> maven-source-plugin:3.0.1:jar (attach-sources) > generate-sources @ owlapi-api >>>
[INFO] 
[INFO] --- maven-enforcer-plugin:1.0:enforce (enforce-maven) @ owlapi-api ---
[INFO] 
[INFO] <<< maven-source-plugin:3.0.1:jar (attach-sources) < generate-sources @ owlapi-api <<<
[INFO] 
[INFO] --- maven-source-plugin:3.0.1:jar (attach-sources) @ owlapi-api ---
[INFO] Building jar: /home/travis/build/owlcs/owlapi/api/target/owlapi-api-6.0.0-SNAPSHOT-sources.jar
[INFO] 
[INFO] --- maven-javadoc-plugin:2.10.4:jar (attach-javadocs) @ owlapi-api ---
[INFO] Skipping javadoc generation
[INFO] 
[INFO] --- maven-failsafe-plugin:2.19.1:integration-test (default) @ owlapi-api ---
[INFO] Tests are skipped.
[INFO] 
[INFO] --- maven-failsafe-plugin:2.19.1:verify (default) @ owlapi-api ---
[INFO] Tests are skipped.
[INFO] 
[INFO] --- maven-install-plugin:2.4:install (default-install) @ owlapi-api ---
[INFO] Installing /home/travis/build/owlcs/owlapi/api/target/owlapi-api-6.0.0-SNAPSHOT.jar to /home/travis/.m2/repository/net/sourceforge/owlapi/owlapi-api/6.0.0-SNAPSHOT/owlapi-api-6.0.0-SNAPSHOT.jar
[INFO] Installing /home/travis/build/owlcs/owlapi/api/pom.xml to /home/travis/.m2/repository/net/sourceforge/owlapi/owlapi-api/6.0.0-SNAPSHOT/owlapi-api-6.0.0-SNAPSHOT.pom
[INFO] Installing /home/travis/build/owlcs/owlapi/api/target/owlapi-api-6.0.0-SNAPSHOT-sources.jar to /home/travis/.m2/repository/net/sourceforge/owlapi/owlapi-api/6.0.0-SNAPSHOT/owlapi-api-6.0.0-SNAPSHOT-sources.jar
[INFO]                                                                         
[INFO] ------------------------------------------------------------------------
[INFO] Building OWLAPI :: Default Implementation 6.0.0-SNAPSHOT
[INFO] ------------------------------------------------------------------------
[INFO] 
[INFO] --- maven-enforcer-plugin:1.0:enforce (enforce-maven) @ owlapi-impl ---
[INFO] 
[INFO] --- maven-resources-plugin:2.6:resources (default-resources) @ owlapi-impl ---
[INFO] Using 'UTF-8' encoding to copy filtered resources.
[INFO] skip non existing resourceDirectory /home/travis/build/owlcs/owlapi/impl/src/main/resources
[INFO] 
[INFO] --- maven-compiler-plugin:3.6.0:compile (default-compile) @ owlapi-impl ---
[INFO] Nothing to compile - all classes are up to date
[INFO] 
[INFO] --- maven-resources-plugin:2.6:testResources (default-testResources) @ owlapi-impl ---
[INFO] Using 'UTF-8' encoding to copy filtered resources.
[INFO] skip non existing resourceDirectory /home/travis/build/owlcs/owlapi/impl/src/test/resources
[INFO] 
[INFO] --- maven-compiler-plugin:3.6.0:testCompile (default-testCompile) @ owlapi-impl ---
[INFO] Nothing to compile - all classes are up to date
[INFO] 
[INFO] --- maven-surefire-plugin:2.19.1:test (default-test) @ owlapi-impl ---
[INFO] Tests are skipped.
[INFO] 
[INFO] --- maven-jar-plugin:2.4:jar (default-jar) @ owlapi-impl ---
[INFO] 
[INFO] >>> maven-source-plugin:3.0.1:jar (attach-sources) > generate-sources @ owlapi-impl >>>
[INFO] 
[INFO] --- maven-enforcer-plugin:1.0:enforce (enforce-maven) @ owlapi-impl ---
[INFO] 
[INFO] <<< maven-source-plugin:3.0.1:jar (attach-sources) < generate-sources @ owlapi-impl <<<
[INFO] 
[INFO] --- maven-source-plugin:3.0.1:jar (attach-sources) @ owlapi-impl ---
[INFO] Building jar: /home/travis/build/owlcs/owlapi/impl/target/owlapi-impl-6.0.0-SNAPSHOT-sources.jar
[INFO] 
[INFO] --- maven-javadoc-plugin:2.10.4:jar (attach-javadocs) @ owlapi-impl ---
[INFO] Skipping javadoc generation
[INFO] 
[INFO] --- maven-failsafe-plugin:2.19.1:integration-test (default) @ owlapi-impl ---
[INFO] Tests are skipped.
[INFO] 
[INFO] --- maven-failsafe-plugin:2.19.1:verify (default) @ owlapi-impl ---
[INFO] Tests are skipped.
[INFO] 
[INFO] --- maven-install-plugin:2.4:install (default-install) @ owlapi-impl ---
[INFO] Installing /home/travis/build/owlcs/owlapi/impl/target/owlapi-impl-6.0.0-SNAPSHOT.jar to /home/travis/.m2/repository/net/sourceforge/owlapi/owlapi-impl/6.0.0-SNAPSHOT/owlapi-impl-6.0.0-SNAPSHOT.jar
[INFO] Installing /home/travis/build/owlcs/owlapi/impl/pom.xml to /home/travis/.m2/repository/net/sourceforge/owlapi/owlapi-impl/6.0.0-SNAPSHOT/owlapi-impl-6.0.0-SNAPSHOT.pom
[INFO] Installing /home/travis/build/owlcs/owlapi/impl/target/owlapi-impl-6.0.0-SNAPSHOT-sources.jar to /home/travis/.m2/repository/net/sourceforge/owlapi/owlapi-impl/6.0.0-SNAPSHOT/owlapi-impl-6.0.0-SNAPSHOT-sources.jar
[INFO]                                                                         
[INFO] ------------------------------------------------------------------------
[INFO] Building OWLAPI :: Atomic Decomposition and Explanation 6.0.0-SNAPSHOT
[INFO] ------------------------------------------------------------------------
[INFO] 
[INFO] --- maven-enforcer-plugin:1.0:enforce (enforce-maven) @ owlapi-tools ---
[INFO] 
[INFO] --- maven-resources-plugin:2.6:resources (default-resources) @ owlapi-tools ---
[INFO] Using 'UTF-8' encoding to copy filtered resources.
[INFO] skip non existing resourceDirectory /home/travis/build/owlcs/owlapi/tools/src/main/resources
[INFO] 
[INFO] --- maven-compiler-plugin:3.6.0:compile (default-compile) @ owlapi-tools ---
[INFO] Nothing to compile - all classes are up to date
[INFO] 
[INFO] --- maven-resources-plugin:2.6:testResources (default-testResources) @ owlapi-tools ---
[INFO] Using 'UTF-8' encoding to copy filtered resources.
[INFO] skip non existing resourceDirectory /home/travis/build/owlcs/owlapi/tools/src/test/resources
[INFO] 
[INFO] --- maven-compiler-plugin:3.6.0:testCompile (default-testCompile) @ owlapi-tools ---
[INFO] No sources to compile
[INFO] 
[INFO] --- maven-surefire-plugin:2.19.1:test (default-test) @ owlapi-tools ---
[INFO] Tests are skipped.
[INFO] 
[INFO] --- maven-jar-plugin:2.4:jar (default-jar) @ owlapi-tools ---
[INFO] 
[INFO] >>> maven-source-plugin:3.0.1:jar (attach-sources) > generate-sources @ owlapi-tools >>>
[INFO] 
[INFO] --- maven-enforcer-plugin:1.0:enforce (enforce-maven) @ owlapi-tools ---
[INFO] 
[INFO] <<< maven-source-plugin:3.0.1:jar (attach-sources) < generate-sources @ owlapi-tools <<<
[INFO] 
[INFO] --- maven-source-plugin:3.0.1:jar (attach-sources) @ owlapi-tools ---
[INFO] Building jar: /home/travis/build/owlcs/owlapi/tools/target/owlapi-tools-6.0.0-SNAPSHOT-sources.jar
[INFO] 
[INFO] --- maven-javadoc-plugin:2.10.4:jar (attach-javadocs) @ owlapi-tools ---
[INFO] Skipping javadoc generation
[INFO] 
[INFO] --- maven-failsafe-plugin:2.19.1:integration-test (default) @ owlapi-tools ---
[INFO] Tests are skipped.
[INFO] 
[INFO] --- maven-failsafe-plugin:2.19.1:verify (default) @ owlapi-tools ---
[INFO] Tests are skipped.
[INFO] 
[INFO] --- maven-install-plugin:2.4:install (default-install) @ owlapi-tools ---
[INFO] Installing /home/travis/build/owlcs/owlapi/tools/target/owlapi-tools-6.0.0-SNAPSHOT.jar to /home/travis/.m2/repository/net/sourceforge/owlapi/owlapi-tools/6.0.0-SNAPSHOT/owlapi-tools-6.0.0-SNAPSHOT.jar
[INFO] Installing /home/travis/build/owlcs/owlapi/tools/pom.xml to /home/travis/.m2/repository/net/sourceforge/owlapi/owlapi-tools/6.0.0-SNAPSHOT/owlapi-tools-6.0.0-SNAPSHOT.pom
[INFO] Installing /home/travis/build/owlcs/owlapi/tools/target/owlapi-tools-6.0.0-SNAPSHOT-sources.jar to /home/travis/.m2/repository/net/sourceforge/owlapi/owlapi-tools/6.0.0-SNAPSHOT/owlapi-tools-6.0.0-SNAPSHOT-sources.jar
[INFO]                                                                         
[INFO] ------------------------------------------------------------------------
[INFO] Building OWLAPI :: Parsers 6.0.0-SNAPSHOT
[INFO] ------------------------------------------------------------------------
[INFO] 
[INFO] --- maven-enforcer-plugin:1.0:enforce (enforce-maven) @ owlapi-parsers ---
[INFO] 
[INFO] --- maven-resources-plugin:2.6:resources (default-resources) @ owlapi-parsers ---
[INFO] Using 'UTF-8' encoding to copy filtered resources.
[INFO] Copying 2 resources
[INFO] 
[INFO] --- maven-compiler-plugin:3.6.0:compile (default-compile) @ owlapi-parsers ---
[INFO] Changes detected - recompiling the module!
[INFO] Compiling 195 source files to /home/travis/build/owlcs/owlapi/parsers/target/classes
[INFO] /home/travis/build/owlcs/owlapi/parsers/src/main/java/org/semanticweb/owlapi/functional/parser/OWLFunctionalSyntaxParser.java: Some input files use or override a deprecated API.
[INFO] /home/travis/build/owlcs/owlapi/parsers/src/main/java/org/semanticweb/owlapi/functional/parser/OWLFunctionalSyntaxParser.java: Recompile with -Xlint:deprecation for details.
[INFO] /home/travis/build/owlcs/owlapi/parsers/src/main/java/org/semanticweb/owlapi/rdf/model/AbstractTranslator.java: Some input files use unchecked or unsafe operations.
[INFO] /home/travis/build/owlcs/owlapi/parsers/src/main/java/org/semanticweb/owlapi/rdf/model/AbstractTranslator.java: Recompile with -Xlint:unchecked for details.
[INFO] 
[INFO] --- maven-resources-plugin:2.6:testResources (default-testResources) @ owlapi-parsers ---
[INFO] Using 'UTF-8' encoding to copy filtered resources.
[INFO] skip non existing resourceDirectory /home/travis/build/owlcs/owlapi/parsers/src/test/resources
[INFO] 
[INFO] --- maven-compiler-plugin:3.6.0:testCompile (default-testCompile) @ owlapi-parsers ---
[INFO] Nothing to compile - all classes are up to date
[INFO] 
[INFO] --- maven-surefire-plugin:2.19.1:test (default-test) @ owlapi-parsers ---
[INFO] Tests are skipped.
[INFO] 
[INFO] --- maven-jar-plugin:2.4:jar (default-jar) @ owlapi-parsers ---
[INFO] Building jar: /home/travis/build/owlcs/owlapi/parsers/target/owlapi-parsers-6.0.0-SNAPSHOT.jar
[INFO] 
[INFO] >>> maven-source-plugin:3.0.1:jar (attach-sources) > generate-sources @ owlapi-parsers >>>
[INFO] 
[INFO] --- maven-enforcer-plugin:1.0:enforce (enforce-maven) @ owlapi-parsers ---
[INFO] 
[INFO] <<< maven-source-plugin:3.0.1:jar (attach-sources) < generate-sources @ owlapi-parsers <<<
[INFO] 
[INFO] --- maven-source-plugin:3.0.1:jar (attach-sources) @ owlapi-parsers ---
[INFO] Building jar: /home/travis/build/owlcs/owlapi/parsers/target/owlapi-parsers-6.0.0-SNAPSHOT-sources.jar
[INFO] 
[INFO] --- maven-javadoc-plugin:2.10.4:jar (attach-javadocs) @ owlapi-parsers ---
[INFO] Skipping javadoc generation
[INFO] 
[INFO] --- maven-failsafe-plugin:2.19.1:integration-test (default) @ owlapi-parsers ---
[INFO] Tests are skipped.
[INFO] 
[INFO] --- maven-failsafe-plugin:2.19.1:verify (default) @ owlapi-parsers ---
[INFO] Tests are skipped.
[INFO] 
[INFO] --- maven-install-plugin:2.4:install (default-install) @ owlapi-parsers ---
[INFO] Installing /home/travis/build/owlcs/owlapi/parsers/target/owlapi-parsers-6.0.0-SNAPSHOT.jar to /home/travis/.m2/repository/net/sourceforge/owlapi/owlapi-parsers/6.0.0-SNAPSHOT/owlapi-parsers-6.0.0-SNAPSHOT.jar
[INFO] Installing /home/travis/build/owlcs/owlapi/parsers/pom.xml to /home/travis/.m2/repository/net/sourceforge/owlapi/owlapi-parsers/6.0.0-SNAPSHOT/owlapi-parsers-6.0.0-SNAPSHOT.pom
[INFO] Installing /home/travis/build/owlcs/owlapi/parsers/target/owlapi-parsers-6.0.0-SNAPSHOT-sources.jar to /home/travis/.m2/repository/net/sourceforge/owlapi/owlapi-parsers/6.0.0-SNAPSHOT/owlapi-parsers-6.0.0-SNAPSHOT-sources.jar
[INFO]                                                                         
[INFO] ------------------------------------------------------------------------
[INFO] Building OWLAPI :: OBO Format 6.0.0-SNAPSHOT
[INFO] ------------------------------------------------------------------------
[INFO] 
[INFO] --- maven-enforcer-plugin:1.0:enforce (enforce-maven) @ owlapi-oboformat ---
[INFO] 
[INFO] --- maven-resources-plugin:2.6:resources (default-resources) @ owlapi-oboformat ---
[INFO] Using 'UTF-8' encoding to copy filtered resources.
[INFO] Copying 2 resources
[INFO] 
[INFO] --- maven-compiler-plugin:3.6.0:compile (default-compile) @ owlapi-oboformat ---
[INFO] Nothing to compile - all classes are up to date
[INFO] 
[INFO] --- maven-resources-plugin:2.6:testResources (default-testResources) @ owlapi-oboformat ---
[INFO] Using 'UTF-8' encoding to copy filtered resources.
[INFO] skip non existing resourceDirectory /home/travis/build/owlcs/owlapi/oboformat/src/test/resources
[INFO] 
[INFO] --- maven-compiler-plugin:3.6.0:testCompile (default-testCompile) @ owlapi-oboformat ---
[INFO] Nothing to compile - all classes are up to date
[INFO] 
[INFO] --- maven-surefire-plugin:2.19.1:test (default-test) @ owlapi-oboformat ---
[INFO] Tests are skipped.
[INFO] 
[INFO] --- maven-jar-plugin:2.4:jar (default-jar) @ owlapi-oboformat ---
[INFO] 
[INFO] >>> maven-source-plugin:3.0.1:jar (attach-sources) > generate-sources @ owlapi-oboformat >>>
[INFO] 
[INFO] --- maven-enforcer-plugin:1.0:enforce (enforce-maven) @ owlapi-oboformat ---
[INFO] 
[INFO] <<< maven-source-plugin:3.0.1:jar (attach-sources) < generate-sources @ owlapi-oboformat <<<
[INFO] 
[INFO] --- maven-source-plugin:3.0.1:jar (attach-sources) @ owlapi-oboformat ---
[INFO] Building jar: /home/travis/build/owlcs/owlapi/oboformat/target/owlapi-oboformat-6.0.0-SNAPSHOT-sources.jar
[INFO] 
[INFO] --- maven-javadoc-plugin:2.10.4:jar (attach-javadocs) @ owlapi-oboformat ---
[INFO] Skipping javadoc generation
[INFO] 
[INFO] --- maven-failsafe-plugin:2.19.1:integration-test (default) @ owlapi-oboformat ---
[INFO] Tests are skipped.
[INFO] 
[INFO] --- maven-failsafe-plugin:2.19.1:verify (default) @ owlapi-oboformat ---
[INFO] Tests are skipped.
[INFO] 
[INFO] --- maven-install-plugin:2.4:install (default-install) @ owlapi-oboformat ---
[INFO] Installing /home/travis/build/owlcs/owlapi/oboformat/target/owlapi-oboformat-6.0.0-SNAPSHOT.jar to /home/travis/.m2/repository/net/sourceforge/owlapi/owlapi-oboformat/6.0.0-SNAPSHOT/owlapi-oboformat-6.0.0-SNAPSHOT.jar
[INFO] Installing /home/travis/build/owlcs/owlapi/oboformat/pom.xml to /home/travis/.m2/repository/net/sourceforge/owlapi/owlapi-oboformat/6.0.0-SNAPSHOT/owlapi-oboformat-6.0.0-SNAPSHOT.pom
[INFO] Installing /home/travis/build/owlcs/owlapi/oboformat/target/owlapi-oboformat-6.0.0-SNAPSHOT-sources.jar to /home/travis/.m2/repository/net/sourceforge/owlapi/owlapi-oboformat/6.0.0-SNAPSHOT/owlapi-oboformat-6.0.0-SNAPSHOT-sources.jar
[INFO]                                                                         
[INFO] ------------------------------------------------------------------------
[INFO] Building OWLAPI :: RDF4J Rio 6.0.0-SNAPSHOT
[INFO] ------------------------------------------------------------------------
[INFO] 
[INFO] --- maven-enforcer-plugin:1.0:enforce (enforce-maven) @ owlapi-rio ---
[INFO] 
[INFO] --- maven-resources-plugin:2.6:resources (default-resources) @ owlapi-rio ---
[INFO] Using 'UTF-8' encoding to copy filtered resources.
[INFO] Copying 5 resources
[INFO] 
[INFO] --- maven-compiler-plugin:3.6.0:compile (default-compile) @ owlapi-rio ---
[INFO] Nothing to compile - all classes are up to date
[INFO] 
[INFO] --- maven-resources-plugin:2.6:testResources (default-testResources) @ owlapi-rio ---
[INFO] Using 'UTF-8' encoding to copy filtered resources.
[INFO] skip non existing resourceDirectory /home/travis/build/owlcs/owlapi/rio/src/test/resources
[INFO] 
[INFO] --- maven-compiler-plugin:3.6.0:testCompile (default-testCompile) @ owlapi-rio ---
[INFO] No sources to compile
[INFO] 
[INFO] --- maven-surefire-plugin:2.19.1:test (default-test) @ owlapi-rio ---
[INFO] Tests are skipped.
[INFO] 
[INFO] --- maven-jar-plugin:2.4:jar (default-jar) @ owlapi-rio ---
[INFO] 
[INFO] >>> maven-source-plugin:3.0.1:jar (attach-sources) > generate-sources @ owlapi-rio >>>
[INFO] 
[INFO] --- maven-enforcer-plugin:1.0:enforce (enforce-maven) @ owlapi-rio ---
[INFO] 
[INFO] <<< maven-source-plugin:3.0.1:jar (attach-sources) < generate-sources @ owlapi-rio <<<
[INFO] 
[INFO] --- maven-source-plugin:3.0.1:jar (attach-sources) @ owlapi-rio ---
[INFO] Building jar: /home/travis/build/owlcs/owlapi/rio/target/owlapi-rio-6.0.0-SNAPSHOT-sources.jar
[INFO] 
[INFO] --- maven-javadoc-plugin:2.10.4:jar (attach-javadocs) @ owlapi-rio ---
[INFO] Skipping javadoc generation
[INFO] 
[INFO] --- maven-failsafe-plugin:2.19.1:integration-test (default) @ owlapi-rio ---
[INFO] Tests are skipped.
[INFO] 
[INFO] --- maven-failsafe-plugin:2.19.1:verify (default) @ owlapi-rio ---
[INFO] Tests are skipped.
[INFO] 
[INFO] --- maven-install-plugin:2.4:install (default-install) @ owlapi-rio ---
[INFO] Installing /home/travis/build/owlcs/owlapi/rio/target/owlapi-rio-6.0.0-SNAPSHOT.jar to /home/travis/.m2/repository/net/sourceforge/owlapi/owlapi-rio/6.0.0-SNAPSHOT/owlapi-rio-6.0.0-SNAPSHOT.jar
[INFO] Installing /home/travis/build/owlcs/owlapi/rio/pom.xml to /home/travis/.m2/repository/net/sourceforge/owlapi/owlapi-rio/6.0.0-SNAPSHOT/owlapi-rio-6.0.0-SNAPSHOT.pom
[INFO] Installing /home/travis/build/owlcs/owlapi/rio/target/owlapi-rio-6.0.0-SNAPSHOT-sources.jar to /home/travis/.m2/repository/net/sourceforge/owlapi/owlapi-rio/6.0.0-SNAPSHOT/owlapi-rio-6.0.0-SNAPSHOT-sources.jar
[INFO]                                                                         
[INFO] ------------------------------------------------------------------------
[INFO] Building OWLAPI :: Binding and Config 6.0.0-SNAPSHOT
[INFO] ------------------------------------------------------------------------
[INFO] 
[INFO] --- maven-enforcer-plugin:1.0:enforce (enforce-maven) @ owlapi-apibinding ---
[INFO] 
[INFO] --- maven-resources-plugin:2.6:resources (default-resources) @ owlapi-apibinding ---
[INFO] Using 'UTF-8' encoding to copy filtered resources.
[INFO] Copying 1 resource
[INFO] 
[INFO] --- maven-compiler-plugin:3.6.0:compile (default-compile) @ owlapi-apibinding ---
[INFO] Nothing to compile - all classes are up to date
[INFO] 
[INFO] --- maven-resources-plugin:2.6:testResources (default-testResources) @ owlapi-apibinding ---
[INFO] Using 'UTF-8' encoding to copy filtered resources.
[INFO] skip non existing resourceDirectory /home/travis/build/owlcs/owlapi/apibinding/src/test/resources
[INFO] 
[INFO] --- maven-compiler-plugin:3.6.0:testCompile (default-testCompile) @ owlapi-apibinding ---
[INFO] No sources to compile
[INFO] 
[INFO] --- maven-surefire-plugin:2.19.1:test (default-test) @ owlapi-apibinding ---
[INFO] Tests are skipped.
[INFO] 
[INFO] --- maven-jar-plugin:2.4:jar (default-jar) @ owlapi-apibinding ---
[INFO] 
[INFO] >>> maven-source-plugin:3.0.1:jar (attach-sources) > generate-sources @ owlapi-apibinding >>>
[INFO] 
[INFO] --- maven-enforcer-plugin:1.0:enforce (enforce-maven) @ owlapi-apibinding ---
[INFO] 
[INFO] <<< maven-source-plugin:3.0.1:jar (attach-sources) < generate-sources @ owlapi-apibinding <<<
[INFO] 
[INFO] --- maven-source-plugin:3.0.1:jar (attach-sources) @ owlapi-apibinding ---
[INFO] Building jar: /home/travis/build/owlcs/owlapi/apibinding/target/owlapi-apibinding-6.0.0-SNAPSHOT-sources.jar
[INFO] 
[INFO] --- maven-javadoc-plugin:2.10.4:jar (attach-javadocs) @ owlapi-apibinding ---
[INFO] Skipping javadoc generation
[INFO] 
[INFO] --- maven-failsafe-plugin:2.19.1:integration-test (default) @ owlapi-apibinding ---
[INFO] Tests are skipped.
[INFO] 
[INFO] --- maven-failsafe-plugin:2.19.1:verify (default) @ owlapi-apibinding ---
[INFO] Tests are skipped.
[INFO] 
[INFO] --- maven-install-plugin:2.4:install (default-install) @ owlapi-apibinding ---
[INFO] Installing /home/travis/build/owlcs/owlapi/apibinding/target/owlapi-apibinding-6.0.0-SNAPSHOT.jar to /home/travis/.m2/repository/net/sourceforge/owlapi/owlapi-apibinding/6.0.0-SNAPSHOT/owlapi-apibinding-6.0.0-SNAPSHOT.jar
[INFO] Installing /home/travis/build/owlcs/owlapi/apibinding/pom.xml to /home/travis/.m2/repository/net/sourceforge/owlapi/owlapi-apibinding/6.0.0-SNAPSHOT/owlapi-apibinding-6.0.0-SNAPSHOT.pom
[INFO] Installing /home/travis/build/owlcs/owlapi/apibinding/target/owlapi-apibinding-6.0.0-SNAPSHOT-sources.jar to /home/travis/.m2/repository/net/sourceforge/owlapi/owlapi-apibinding/6.0.0-SNAPSHOT/owlapi-apibinding-6.0.0-SNAPSHOT-sources.jar
[INFO]                                                                         
[INFO] ------------------------------------------------------------------------
[INFO] Building OWLAPI :: Compatibility 6.0.0-SNAPSHOT
[INFO] ------------------------------------------------------------------------
[INFO] 
[INFO] --- maven-enforcer-plugin:1.0:enforce (enforce-maven) @ owlapi-compatibility ---
[INFO] 
[INFO] --- maven-resources-plugin:2.6:resources (default-resources) @ owlapi-compatibility ---
[INFO] Using 'UTF-8' encoding to copy filtered resources.
[INFO] Copying 1 resource
[INFO] 
[INFO] --- maven-compiler-plugin:3.6.0:compile (default-compile) @ owlapi-compatibility ---
[INFO] Nothing to compile - all classes are up to date
[INFO] 
[INFO] --- maven-resources-plugin:2.6:testResources (default-testResources) @ owlapi-compatibility ---
[INFO] Using 'UTF-8' encoding to copy filtered resources.
[INFO] skip non existing resourceDirectory /home/travis/build/owlcs/owlapi/compatibility/src/test/resources
[INFO] 
[INFO] --- maven-compiler-plugin:3.6.0:testCompile (default-testCompile) @ owlapi-compatibility ---
[INFO] No sources to compile
[INFO] 
[INFO] --- maven-surefire-plugin:2.19.1:test (default-test) @ owlapi-compatibility ---
[INFO] Tests are skipped.
[INFO] 
[INFO] --- maven-jar-plugin:2.4:jar (default-jar) @ owlapi-compatibility ---
[INFO] 
[INFO] >>> maven-source-plugin:3.0.1:jar (attach-sources) > generate-sources @ owlapi-compatibility >>>
[INFO] 
[INFO] --- maven-enforcer-plugin:1.0:enforce (enforce-maven) @ owlapi-compatibility ---
[INFO] 
[INFO] <<< maven-source-plugin:3.0.1:jar (attach-sources) < generate-sources @ owlapi-compatibility <<<
[INFO] 
[INFO] --- maven-source-plugin:3.0.1:jar (attach-sources) @ owlapi-compatibility ---
[INFO] Building jar: /home/travis/build/owlcs/owlapi/compatibility/target/owlapi-compatibility-6.0.0-SNAPSHOT-sources.jar
[INFO] 
[INFO] --- maven-javadoc-plugin:2.10.4:jar (attach-javadocs) @ owlapi-compatibility ---
[INFO] Skipping javadoc generation
[INFO] 
[INFO] --- maven-failsafe-plugin:2.19.1:integration-test (default) @ owlapi-compatibility ---
[INFO] Tests are skipped.
[INFO] 
[INFO] --- maven-failsafe-plugin:2.19.1:verify (default) @ owlapi-compatibility ---
[INFO] Tests are skipped.
[INFO] 
[INFO] --- maven-install-plugin:2.4:install (default-install) @ owlapi-compatibility ---
[INFO] Installing /home/travis/build/owlcs/owlapi/compatibility/target/owlapi-compatibility-6.0.0-SNAPSHOT.jar to /home/travis/.m2/repository/net/sourceforge/owlapi/owlapi-compatibility/6.0.0-SNAPSHOT/owlapi-compatibility-6.0.0-SNAPSHOT.jar
[INFO] Installing /home/travis/build/owlcs/owlapi/compatibility/pom.xml to /home/travis/.m2/repository/net/sourceforge/owlapi/owlapi-compatibility/6.0.0-SNAPSHOT/owlapi-compatibility-6.0.0-SNAPSHOT.pom
[INFO] Installing /home/travis/build/owlcs/owlapi/compatibility/target/owlapi-compatibility-6.0.0-SNAPSHOT-sources.jar to /home/travis/.m2/repository/net/sourceforge/owlapi/owlapi-compatibility/6.0.0-SNAPSHOT/owlapi-compatibility-6.0.0-SNAPSHOT-sources.jar
[INFO]                                                                         
[INFO] ------------------------------------------------------------------------
[INFO] Building OWLAPI :: Tests and Tutorials 6.0.0-SNAPSHOT
[INFO] ------------------------------------------------------------------------
[INFO] 
[INFO] --- maven-enforcer-plugin:1.0:enforce (enforce-maven) @ owlapi-contract ---
[INFO] 
[INFO] --- maven-resources-plugin:2.6:resources (default-resources) @ owlapi-contract ---
[INFO] Using 'UTF-8' encoding to copy filtered resources.
[INFO] skip non existing resourceDirectory /home/travis/build/owlcs/owlapi/contract/src/main/resources
[INFO] 
[INFO] --- maven-compiler-plugin:3.6.0:compile (default-compile) @ owlapi-contract ---
[INFO] Changes detected - recompiling the module!
[INFO] Compiling 9 source files to /home/travis/build/owlcs/owlapi/contract/target/classes
[INFO] 
[INFO] --- maven-resources-plugin:2.6:testResources (default-testResources) @ owlapi-contract ---
[INFO] Using 'UTF-8' encoding to copy filtered resources.
[INFO] Copying 172 resources
[INFO] 
[INFO] --- maven-compiler-plugin:3.6.0:testCompile (default-testCompile) @ owlapi-contract ---
[INFO] Changes detected - recompiling the module!
[INFO] Compiling 240 source files to /home/travis/build/owlcs/owlapi/contract/target/test-classes
[INFO] /home/travis/build/owlcs/owlapi/contract/src/test/java/org/semanticweb/owlapi/api/test/DelegatingObjectVisitorExTestCase.java: /home/travis/build/owlcs/owlapi/contract/src/test/java/org/semanticweb/owlapi/api/test/DelegatingObjectVisitorExTestCase.java uses unchecked or unsafe operations.
[INFO] /home/travis/build/owlcs/owlapi/contract/src/test/java/org/semanticweb/owlapi/api/test/DelegatingObjectVisitorExTestCase.java: Recompile with -Xlint:unchecked for details.
[INFO] -------------------------------------------------------------
[ERROR] COMPILATION ERROR : 
[INFO] -------------------------------------------------------------
[ERROR] /home/travis/build/owlcs/owlapi/contract/src/test/java/org/semanticweb/owlapi/api/test/ConfigurationOptionsTestCase.java:[30,37] cannot find symbol
  symbol:   variable ACCEPT_HTTP_COMPRESSION
  location: class org.semanticweb.owlapi.api.test.ConfigurationOptionsTestCase
[ERROR] /home/travis/build/owlcs/owlapi/contract/src/test/java/org/semanticweb/owlapi/api/test/ConfigurationOptionsTestCase.java:[32,37] cannot find symbol
  symbol:   variable FOLLOW_REDIRECTS
  location: class org.semanticweb.owlapi.api.test.ConfigurationOptionsTestCase
[INFO] 2 errors 
[INFO] -------------------------------------------------------------
[INFO] ------------------------------------------------------------------------
[INFO] Reactor Summary:
[INFO] 
[INFO] OWLAPI ............................................. SUCCESS [  1.268 s]
[INFO] OWLAPI :: Interfaces ............................... SUCCESS [ 10.013 s]
[INFO] OWLAPI :: Default Implementation ................... SUCCESS [  0.192 s]
[INFO] OWLAPI :: Atomic Decomposition and Explanation ..... SUCCESS [  0.175 s]
[INFO] OWLAPI :: Parsers .................................. SUCCESS [  3.576 s]
[INFO] OWLAPI :: OBO Format ............................... SUCCESS [  0.094 s]
[INFO] OWLAPI :: RDF4J Rio ................................ SUCCESS [  0.221 s]
[INFO] OWLAPI :: Binding and Config ....................... SUCCESS [  0.063 s]
[INFO] OWLAPI :: Compatibility ............................ SUCCESS [  0.159 s]
[INFO] OWLAPI :: Tests and Tutorials ...................... FAILURE [  4.388 s]
[INFO] OWLAPI :: Distribution ............................. SKIPPED
[INFO] OWLAPI :: OSGi and Compatibility Distribution ...... SKIPPED
[INFO] ------------------------------------------------------------------------
[INFO] BUILD FAILURE
[INFO] ------------------------------------------------------------------------
[INFO] Total time: 21.382 s
[INFO] Finished at: 2017-01-16T07:51:16+00:00
[INFO] Final Memory: 39M/375M
[INFO] ------------------------------------------------------------------------
[ERROR] Failed to execute goal org.apache.maven.plugins:maven-compiler-plugin:3.6.0:testCompile (default-testCompile) on project owlapi-contract: Compilation failure: Compilation failure:
[ERROR] /home/travis/build/owlcs/owlapi/contract/src/test/java/org/semanticweb/owlapi/api/test/ConfigurationOptionsTestCase.java:[30,37] cannot find symbol
[ERROR] symbol:   variable ACCEPT_HTTP_COMPRESSION
[ERROR] location: class org.semanticweb.owlapi.api.test.ConfigurationOptionsTestCase
[ERROR] /home/travis/build/owlcs/owlapi/contract/src/test/java/org/semanticweb/owlapi/api/test/ConfigurationOptionsTestCase.java:[32,37] cannot find symbol
[ERROR] symbol:   variable FOLLOW_REDIRECTS
[ERROR] location: class org.semanticweb.owlapi.api.test.ConfigurationOptionsTestCase
[ERROR] -> [Help 1]
[ERROR] 
[ERROR] To see the full stack trace of the errors, re-run Maven with the -e switch.
[ERROR] Re-run Maven using the -X switch to enable full debug logging.
[ERROR] 
[ERROR] For more information about the errors and possible solutions, please read the following articles:
[ERROR] [Help 1] http://cwiki.apache.org/confluence/display/MAVEN/MojoFailureException
[ERROR] 
[ERROR] After correcting the problems, you can resume the build with the command
[ERROR]   mvn <goals> -rf :owlapi-contract

[31;1mThe command "eval mvn install -DskipTests=true -Dmaven.javadoc.skip=true -B -V" failed 3 times.[0m


travis_time:end:2e7191ea:start=1484552990149094212,finish=1484553077667627682,duration=87518533470[0K
[31;1mThe command "mvn install -DskipTests=true -Dmaven.javadoc.skip=true -B -V" failed and exited with 1 during .[0m

Your build has been stopped.
