Using worker: worker-linux-docker-ac9a9b2b.prod.travis-ci.org:travis-linux-9

travis_fold:start:system_info[0K[33;1mBuild system information[0m
Build language: java
Build group: stable
Build dist: precise
[34m[1mBuild image provisioning date and time[0m
Thu Feb  5 15:09:33 UTC 2015
[34m[1mOperating System Details[0m
Distributor ID:	Ubuntu
Description:	Ubuntu 12.04.5 LTS
Release:	12.04
Codename:	precise
[34m[1mLinux Version[0m
3.13.0-29-generic
[34m[1mCookbooks Version[0m
a68419e https://github.com/travis-ci/travis-cookbooks/tree/a68419e
[34m[1mGCC version[0m
gcc (Ubuntu/Linaro 4.6.3-1ubuntu5) 4.6.3
Copyright (C) 2011 Free Software Foundation, Inc.
This is free software; see the source for copying conditions.  There is NO
warranty; not even for MERCHANTABILITY or FITNESS FOR A PARTICULAR PURPOSE.

[34m[1mLLVM version[0m
clang version 3.4 (tags/RELEASE_34/final)
Target: x86_64-unknown-linux-gnu
Thread model: posix
[34m[1mPre-installed Ruby versions[0m
ruby-1.9.3-p551
[34m[1mPre-installed Node.js versions[0m
v0.10.36
[34m[1mPre-installed Go versions[0m
1.4.1
[34m[1mRedis version[0m
redis-server 2.8.19
[34m[1mriak version[0m
2.0.2
[34m[1mMongoDB version[0m
MongoDB 2.4.12
[34m[1mCouchDB version[0m
couchdb 1.6.1
[34m[1mNeo4j version[0m
1.9.4
[34m[1mRabbitMQ Version[0m
3.4.3
[34m[1mElasticSearch version[0m
1.4.0
[34m[1mInstalled Sphinx versions[0m
2.0.10
2.1.9
2.2.6
[34m[1mDefault Sphinx version[0m
2.2.6
[34m[1mInstalled Firefox version[0m
firefox 31.0esr
[34m[1mPhantomJS version[0m
1.9.8
[34m[1mant -version[0m
Apache Ant(TM) version 1.8.2 compiled on December 3 2011
[34m[1mmvn -version[0m
Apache Maven 3.2.5 (12a6b3acb947671f09b81f49094c53f426d8cea1; 2014-12-14T17:29:23+00:00)
Maven home: /usr/local/maven
Java version: 1.7.0_76, vendor: Oracle Corporation
Java home: /usr/lib/jvm/java-7-oracle/jre
Default locale: en_US, platform encoding: ANSI_X3.4-1968
OS name: "linux", version: "3.13.0-29-generic", arch: "amd64", family: "unix"
travis_fold:end:system_info[0K
travis_fold:start:fix.CVE-2015-7547[0K$ export DEBIAN_FRONTEND=noninteractive
W: Size of file /var/lib/apt/lists/us.archive.ubuntu.com_ubuntu_dists_precise-backports_multiverse_source_Sources.gz is not what the server reported 5886 5888
W: Size of file /var/lib/apt/lists/ppa.launchpad.net_ubuntugis_ppa_ubuntu_dists_precise_main_binary-amd64_Packages.gz is not what the server reported 36669 36677
W: Size of file /var/lib/apt/lists/ppa.launchpad.net_ubuntugis_ppa_ubuntu_dists_precise_main_binary-i386_Packages.gz is not what the server reported 36729 36733
Reading package lists...
Building dependency tree...
Reading state information...
The following extra packages will be installed:
  libc-bin libc-dev-bin libc6-dev
Suggested packages:
  glibc-doc
The following packages will be upgraded:
  libc-bin libc-dev-bin libc6 libc6-dev
4 upgraded, 0 newly installed, 0 to remove and 237 not upgraded.
Need to get 8,844 kB of archives.
After this operation, 9,216 B disk space will be freed.
Get:1 http://us.archive.ubuntu.com/ubuntu/ precise-updates/main libc6-dev amd64 2.15-0ubuntu10.13 [2,943 kB]
Get:2 http://us.archive.ubuntu.com/ubuntu/ precise-updates/main libc-dev-bin amd64 2.15-0ubuntu10.13 [84.7 kB]
Get:3 http://us.archive.ubuntu.com/ubuntu/ precise-updates/main libc-bin amd64 2.15-0ubuntu10.13 [1,179 kB]
Get:4 http://us.archive.ubuntu.com/ubuntu/ precise-updates/main libc6 amd64 2.15-0ubuntu10.13 [4,637 kB]
Fetched 8,844 kB in 0s (34.0 MB/s)
Preconfiguring packages ...
(Reading database ... (Reading database ... 5%(Reading database ... 10%(Reading database ... 15%(Reading database ... 20%(Reading database ... 25%(Reading database ... 30%(Reading database ... 35%(Reading database ... 40%(Reading database ... 45%(Reading database ... 50%(Reading database ... 55%(Reading database ... 60%(Reading database ... 65%(Reading database ... 70%(Reading database ... 75%(Reading database ... 80%(Reading database ... 85%(Reading database ... 90%(Reading database ... 95%(Reading database ... 100%(Reading database ... 72019 files and directories currently installed.)
Preparing to replace libc6-dev 2.15-0ubuntu10.10 (using .../libc6-dev_2.15-0ubuntu10.13_amd64.deb) ...
Unpacking replacement libc6-dev ...
Preparing to replace libc-dev-bin 2.15-0ubuntu10.10 (using .../libc-dev-bin_2.15-0ubuntu10.13_amd64.deb) ...
Unpacking replacement libc-dev-bin ...
Preparing to replace libc-bin 2.15-0ubuntu10.10 (using .../libc-bin_2.15-0ubuntu10.13_amd64.deb) ...
Unpacking replacement libc-bin ...
Processing triggers for man-db ...
Setting up libc-bin (2.15-0ubuntu10.13) ...
(Reading database ... (Reading database ... 5%(Reading database ... 10%(Reading database ... 15%(Reading database ... 20%(Reading database ... 25%(Reading database ... 30%(Reading database ... 35%(Reading database ... 40%(Reading database ... 45%(Reading database ... 50%(Reading database ... 55%(Reading database ... 60%(Reading database ... 65%(Reading database ... 70%(Reading database ... 75%(Reading database ... 80%(Reading database ... 85%(Reading database ... 90%(Reading database ... 95%(Reading database ... 100%(Reading database ... 72019 files and directories currently installed.)
Preparing to replace libc6 2.15-0ubuntu10.10 (using .../libc6_2.15-0ubuntu10.13_amd64.deb) ...
Unpacking replacement libc6 ...
Setting up libc6 (2.15-0ubuntu10.13) ...
Setting up libc-dev-bin (2.15-0ubuntu10.13) ...
Setting up libc6-dev (2.15-0ubuntu10.13) ...
Processing triggers for libc-bin ...
ldconfig deferred processing now taking place
travis_fold:end:fix.CVE-2015-7547[0Ktravis_fold:start:git.checkout[0Ktravis_time:start:0e6fe4d6[0K$ git clone --depth=50 --branch=outputstream https://github.com/joyent/java-manta.git joyent/java-manta
Cloning into 'joyent/java-manta'...
remote: Counting objects: 767, done.[K
remote: Compressing objects:   0% (1/414)   [Kremote: Compressing objects:   1% (5/414)   [Kremote: Compressing objects:   2% (9/414)   [Kremote: Compressing objects:   3% (13/414)   [Kremote: Compressing objects:   4% (17/414)   [Kremote: Compressing objects:   5% (21/414)   [Kremote: Compressing objects:   6% (25/414)   [Kremote: Compressing objects:   7% (29/414)   [Kremote: Compressing objects:   8% (34/414)   [Kremote: Compressing objects:   9% (38/414)   [Kremote: Compressing objects:  10% (42/414)   [Kremote: Compressing objects:  11% (46/414)   [Kremote: Compressing objects:  12% (50/414)   [Kremote: Compressing objects:  13% (54/414)   [Kremote: Compressing objects:  14% (58/414)   [Kremote: Compressing objects:  15% (63/414)   [Kremote: Compressing objects:  16% (67/414)   [Kremote: Compressing objects:  17% (71/414)   [Kremote: Compressing objects:  18% (75/414)   [Kremote: Compressing objects:  19% (79/414)   [Kremote: Compressing objects:  20% (83/414)   [Kremote: Compressing objects:  21% (87/414)   [Kremote: Compressing objects:  22% (92/414)   [Kremote: Compressing objects:  23% (96/414)   [Kremote: Compressing objects:  24% (100/414)   [Kremote: Compressing objects:  25% (104/414)   [Kremote: Compressing objects:  26% (108/414)   [Kremote: Compressing objects:  27% (112/414)   [Kremote: Compressing objects:  28% (116/414)   [Kremote: Compressing objects:  29% (121/414)   [Kremote: Compressing objects:  30% (125/414)   [Kremote: Compressing objects:  31% (129/414)   [Kremote: Compressing objects:  32% (133/414)   [Kremote: Compressing objects:  33% (137/414)   [Kremote: Compressing objects:  34% (141/414)   [Kremote: Compressing objects:  35% (145/414)   [Kremote: Compressing objects:  36% (150/414)   [Kremote: Compressing objects:  37% (154/414)   [Kremote: Compressing objects:  38% (158/414)   [Kremote: Compressing objects:  39% (162/414)   [Kremote: Compressing objects:  40% (166/414)   [Kremote: Compressing objects:  41% (170/414)   [Kremote: Compressing objects:  42% (174/414)   [Kremote: Compressing objects:  43% (179/414)   [Kremote: Compressing objects:  44% (183/414)   [Kremote: Compressing objects:  45% (187/414)   [Kremote: Compressing objects:  46% (191/414)   [Kremote: Compressing objects:  47% (195/414)   [Kremote: Compressing objects:  48% (199/414)   [Kremote: Compressing objects:  49% (203/414)   [Kremote: Compressing objects:  50% (207/414)   [Kremote: Compressing objects:  51% (212/414)   [Kremote: Compressing objects:  52% (216/414)   [Kremote: Compressing objects:  53% (220/414)   [Kremote: Compressing objects:  54% (224/414)   [Kremote: Compressing objects:  55% (228/414)   [Kremote: Compressing objects:  56% (232/414)   [Kremote: Compressing objects:  57% (236/414)   [Kremote: Compressing objects:  58% (241/414)   [Kremote: Compressing objects:  59% (245/414)   [Kremote: Compressing objects:  60% (249/414)   [Kremote: Compressing objects:  61% (253/414)   [Kremote: Compressing objects:  62% (257/414)   [Kremote: Compressing objects:  63% (261/414)   [Kremote: Compressing objects:  64% (265/414)   [Kremote: Compressing objects:  65% (270/414)   [Kremote: Compressing objects:  66% (274/414)   [Kremote: Compressing objects:  67% (278/414)   [Kremote: Compressing objects:  68% (282/414)   [Kremote: Compressing objects:  69% (286/414)   [Kremote: Compressing objects:  70% (290/414)   [Kremote: Compressing objects:  71% (294/414)   [Kremote: Compressing objects:  72% (299/414)   [Kremote: Compressing objects:  73% (303/414)   [Kremote: Compressing objects:  74% (307/414)   [Kremote: Compressing objects:  75% (311/414)   [Kremote: Compressing objects:  76% (315/414)   [Kremote: Compressing objects:  77% (319/414)   [Kremote: Compressing objects:  78% (323/414)   [Kremote: Compressing objects:  79% (328/414)   [Kremote: Compressing objects:  80% (332/414)   [Kremote: Compressing objects:  81% (336/414)   [Kremote: Compressing objects:  82% (340/414)   [Kremote: Compressing objects:  83% (344/414)   [Kremote: Compressing objects:  84% (348/414)   [Kremote: Compressing objects:  85% (352/414)   [Kremote: Compressing objects:  86% (357/414)   [Kremote: Compressing objects:  87% (361/414)   [Kremote: Compressing objects:  88% (365/414)   [Kremote: Compressing objects:  89% (369/414)   [Kremote: Compressing objects:  90% (373/414)   [Kremote: Compressing objects:  91% (377/414)   [Kremote: Compressing objects:  92% (381/414)   [Kremote: Compressing objects:  93% (386/414)   [Kremote: Compressing objects:  94% (390/414)   [Kremote: Compressing objects:  95% (394/414)   [Kremote: Compressing objects:  96% (398/414)   [Kremote: Compressing objects:  97% (402/414)   [Kremote: Compressing objects:  98% (406/414)   [Kremote: Compressing objects:  99% (410/414)   [Kremote: Compressing objects: 100% (414/414)   [Kremote: Compressing objects: 100% (414/414), done.[K
Receiving objects:   0% (1/767)   Receiving objects:   1% (8/767)   Receiving objects:   2% (16/767)   Receiving objects:   3% (24/767)   Receiving objects:   4% (31/767)   Receiving objects:   5% (39/767)   Receiving objects:   6% (47/767)   Receiving objects:   7% (54/767)   Receiving objects:   8% (62/767)   Receiving objects:   9% (70/767)   Receiving objects:  10% (77/767)   Receiving objects:  11% (85/767)   Receiving objects:  12% (93/767)   Receiving objects:  13% (100/767)   Receiving objects:  14% (108/767)   Receiving objects:  15% (116/767)   Receiving objects:  16% (123/767)   Receiving objects:  17% (131/767)   Receiving objects:  18% (139/767)   Receiving objects:  19% (146/767)   Receiving objects:  20% (154/767)   Receiving objects:  21% (162/767)   Receiving objects:  22% (169/767)   Receiving objects:  23% (177/767)   Receiving objects:  24% (185/767)   Receiving objects:  25% (192/767)   Receiving objects:  26% (200/767)   Receiving objects:  27% (208/767)   Receiving objects:  28% (215/767)   Receiving objects:  29% (223/767)   Receiving objects:  30% (231/767)   Receiving objects:  31% (238/767)   Receiving objects:  32% (246/767)   Receiving objects:  33% (254/767)   Receiving objects:  34% (261/767)   Receiving objects:  35% (269/767)   Receiving objects:  36% (277/767)   Receiving objects:  37% (284/767)   Receiving objects:  38% (292/767)   Receiving objects:  39% (300/767)   Receiving objects:  40% (307/767)   Receiving objects:  41% (315/767)   Receiving objects:  42% (323/767)   Receiving objects:  43% (330/767)   Receiving objects:  44% (338/767)   Receiving objects:  45% (346/767)   remote: Total 767 (delta 270), reused 642 (delta 177), pack-reused 0[K
Receiving objects:  46% (353/767)   Receiving objects:  47% (361/767)   Receiving objects:  48% (369/767)   Receiving objects:  49% (376/767)   Receiving objects:  50% (384/767)   Receiving objects:  51% (392/767)   Receiving objects:  52% (399/767)   Receiving objects:  53% (407/767)   Receiving objects:  54% (415/767)   Receiving objects:  55% (422/767)   Receiving objects:  56% (430/767)   Receiving objects:  57% (438/767)   Receiving objects:  58% (445/767)   Receiving objects:  59% (453/767)   Receiving objects:  60% (461/767)   Receiving objects:  61% (468/767)   Receiving objects:  62% (476/767)   Receiving objects:  63% (484/767)   Receiving objects:  64% (491/767)   Receiving objects:  65% (499/767)   Receiving objects:  66% (507/767)   Receiving objects:  67% (514/767)   Receiving objects:  68% (522/767)   Receiving objects:  69% (530/767)   Receiving objects:  70% (537/767)   Receiving objects:  71% (545/767)   Receiving objects:  72% (553/767)   Receiving objects:  73% (560/767)   Receiving objects:  74% (568/767)   Receiving objects:  75% (576/767)   Receiving objects:  76% (583/767)   Receiving objects:  77% (591/767)   Receiving objects:  78% (599/767)   Receiving objects:  79% (606/767)   Receiving objects:  80% (614/767)   Receiving objects:  81% (622/767)   Receiving objects:  82% (629/767)   Receiving objects:  83% (637/767)   Receiving objects:  84% (645/767)   Receiving objects:  85% (652/767)   Receiving objects:  86% (660/767)   Receiving objects:  87% (668/767)   Receiving objects:  88% (675/767)   Receiving objects:  89% (683/767)   Receiving objects:  90% (691/767)   Receiving objects:  91% (698/767)   Receiving objects:  92% (706/767)   Receiving objects:  93% (714/767)   Receiving objects:  94% (721/767)   Receiving objects:  95% (729/767)   Receiving objects:  96% (737/767)   Receiving objects:  97% (744/767)   Receiving objects:  98% (752/767)   Receiving objects:  99% (760/767)   Receiving objects: 100% (767/767)   Receiving objects: 100% (767/767), 1.05 MiB | 0 bytes/s, done.
Resolving deltas:   0% (0/270)   Resolving deltas:  11% (30/270)   Resolving deltas:  18% (50/270)   Resolving deltas:  21% (59/270)   Resolving deltas:  40% (110/270)   Resolving deltas:  41% (111/270)   Resolving deltas:  44% (121/270)   Resolving deltas:  49% (134/270)   Resolving deltas:  54% (146/270)   Resolving deltas:  55% (150/270)   Resolving deltas:  56% (152/270)   Resolving deltas:  57% (154/270)   Resolving deltas:  58% (158/270)   Resolving deltas:  60% (162/270)   Resolving deltas:  61% (165/270)   Resolving deltas:  62% (169/270)   Resolving deltas:  65% (176/270)   Resolving deltas:  66% (180/270)   Resolving deltas:  68% (186/270)   Resolving deltas:  69% (187/270)   Resolving deltas:  70% (189/270)   Resolving deltas:  71% (192/270)   Resolving deltas:  76% (206/270)   Resolving deltas:  82% (224/270)   Resolving deltas:  83% (226/270)   Resolving deltas:  84% (229/270)   Resolving deltas:  85% (230/270)   Resolving deltas:  86% (233/270)   Resolving deltas:  87% (236/270)   Resolving deltas:  92% (250/270)   Resolving deltas:  94% (254/270)   Resolving deltas:  97% (262/270)   Resolving deltas:  98% (266/270)   Resolving deltas: 100% (270/270)   Resolving deltas: 100% (270/270), done.
Checking connectivity... done.

travis_time:end:0e6fe4d6:start=1463777573480301611,finish=1463777573974673083,duration=494371472[0K$ cd joyent/java-manta
$ git checkout -qf 6e816307f989fb09531ce08a98662a4658719896
travis_fold:end:git.checkout[0K
[33;1mThis job is running on container-based infrastructure, which does not allow use of 'sudo', setuid and setguid executables.[0m
[33;1mIf you require sudo, add 'sudo: required' to your .travis.yml[0m
[33;1mSee https://docs.travis-ci.com/user/workers/container-based-infrastructure/ for details.[0m

[33;1mSetting environment variables from .travis.yml[0m
$ export DESC="checkstyle"
$ export CMD="mvn clean checkstyle:check"

$ jdk_switcher use oraclejdk8
Switching to Oracle JDK8 (java-8-oracle), JAVA_HOME will be set to /usr/lib/jvm/java-8-oracle
$ java -Xmx32m -version
java version "1.8.0_31"
Java(TM) SE Runtime Environment (build 1.8.0_31-b13)
Java HotSpot(TM) 64-Bit Server VM (build 25.31-b07, mixed mode)
$ javac -J-Xmx32m -version
javac 1.8.0_31
travis_fold:start:before_install[0Ktravis_time:start:00b0f3df[0K$ echo 'MAVEN_OPTS="-Dorg.slf4j.simpleLogger.defaultLogLevel=warn"' >~/.mavenrc

travis_time:end:00b0f3df:start=1463777579511935558,finish=1463777579514832885,duration=2897327[0Ktravis_fold:end:before_install[0Ktravis_fold:start:install[0Ktravis_time:start:1e5688c0[0K$ mvn install -DskipTests=true -Dmaven.javadoc.skip=true -B -V
Apache Maven 3.2.5 (12a6b3acb947671f09b81f49094c53f426d8cea1; 2014-12-14T17:29:23+00:00)
Maven home: /usr/local/maven
Java version: 1.8.0_31, vendor: Oracle Corporation
Java home: /usr/lib/jvm/java-8-oracle/jre
Default locale: en_US, platform encoding: UTF-8
OS name: "linux", version: "3.13.0-40-generic", arch: "amd64", family: "unix"
[ERROR] COMPILATION ERROR : 
[ERROR] /home/travis/build/joyent/java-manta/java-manta-it/src/test/java/com/joyent/manta/client/MantaObjectOutputStreamIT.java:[7,32] package org.apache.commons.lang3 does not exist
[ERROR] /home/travis/build/joyent/java-manta/java-manta-it/src/test/java/com/joyent/manta/client/MantaObjectOutputStreamIT.java:[88,33] cannot find symbol
  symbol:   variable RandomUtils
  location: class com.joyent.manta.client.MantaObjectOutputStreamIT
[ERROR] /home/travis/build/joyent/java-manta/java-manta-it/src/test/java/com/joyent/manta/client/MantaObjectOutputStreamIT.java:[89,38] cannot find symbol
  symbol:   variable RandomUtils
  location: class com.joyent.manta.client.MantaObjectOutputStreamIT
[ERROR] /home/travis/build/joyent/java-manta/java-manta-it/src/test/java/com/joyent/manta/client/MantaObjectOutputStreamIT.java:[124,33] cannot find symbol
  symbol:   variable RandomUtils
  location: class com.joyent.manta.client.MantaObjectOutputStreamIT
[ERROR] /home/travis/build/joyent/java-manta/java-manta-it/src/test/java/com/joyent/manta/client/MantaObjectOutputStreamIT.java:[125,38] cannot find symbol
  symbol:   variable RandomUtils
  location: class com.joyent.manta.client.MantaObjectOutputStreamIT
[ERROR] /home/travis/build/joyent/java-manta/java-manta-it/src/test/java/com/joyent/manta/client/MantaObjectOutputStreamIT.java:[132,34] cannot find symbol
  symbol:   variable RandomUtils
  location: class com.joyent.manta.client.MantaObjectOutputStreamIT
[ERROR] Failed to execute goal org.apache.maven.plugins:maven-compiler-plugin:3.3:testCompile (default-testCompile) on project java-manta-it: Compilation failure: Compilation failure:
[ERROR] /home/travis/build/joyent/java-manta/java-manta-it/src/test/java/com/joyent/manta/client/MantaObjectOutputStreamIT.java:[7,32] package org.apache.commons.lang3 does not exist
[ERROR] /home/travis/build/joyent/java-manta/java-manta-it/src/test/java/com/joyent/manta/client/MantaObjectOutputStreamIT.java:[88,33] cannot find symbol
[ERROR] symbol:   variable RandomUtils
[ERROR] location: class com.joyent.manta.client.MantaObjectOutputStreamIT
[ERROR] /home/travis/build/joyent/java-manta/java-manta-it/src/test/java/com/joyent/manta/client/MantaObjectOutputStreamIT.java:[89,38] cannot find symbol
[ERROR] symbol:   variable RandomUtils
[ERROR] location: class com.joyent.manta.client.MantaObjectOutputStreamIT
[ERROR] /home/travis/build/joyent/java-manta/java-manta-it/src/test/java/com/joyent/manta/client/MantaObjectOutputStreamIT.java:[124,33] cannot find symbol
[ERROR] symbol:   variable RandomUtils
[ERROR] location: class com.joyent.manta.client.MantaObjectOutputStreamIT
[ERROR] /home/travis/build/joyent/java-manta/java-manta-it/src/test/java/com/joyent/manta/client/MantaObjectOutputStreamIT.java:[125,38] cannot find symbol
[ERROR] symbol:   variable RandomUtils
[ERROR] location: class com.joyent.manta.client.MantaObjectOutputStreamIT
[ERROR] /home/travis/build/joyent/java-manta/java-manta-it/src/test/java/com/joyent/manta/client/MantaObjectOutputStreamIT.java:[132,34] cannot find symbol
[ERROR] symbol:   variable RandomUtils
[ERROR] location: class com.joyent.manta.client.MantaObjectOutputStreamIT
[ERROR] -> [Help 1]
[ERROR] 
[ERROR] To see the full stack trace of the errors, re-run Maven with the -e switch.
[ERROR] Re-run Maven using the -X switch to enable full debug logging.
[ERROR] 
[ERROR] For more information about the errors and possible solutions, please read the following articles:
[ERROR] [Help 1] http://cwiki.apache.org/confluence/display/MAVEN/MojoFailureException
[ERROR] 
[ERROR] After correcting the problems, you can resume the build with the command
[ERROR]   mvn <goals> -rf :java-manta-it

[31;1mThe command "eval mvn install -DskipTests=true -Dmaven.javadoc.skip=true -B -V" failed. Retrying, 2 of 3.[0m

Apache Maven 3.2.5 (12a6b3acb947671f09b81f49094c53f426d8cea1; 2014-12-14T17:29:23+00:00)
Maven home: /usr/local/maven
Java version: 1.8.0_31, vendor: Oracle Corporation
Java home: /usr/lib/jvm/java-8-oracle/jre
Default locale: en_US, platform encoding: UTF-8
OS name: "linux", version: "3.13.0-40-generic", arch: "amd64", family: "unix"
[ERROR] COMPILATION ERROR : 
[ERROR] /home/travis/build/joyent/java-manta/java-manta-it/src/test/java/com/joyent/manta/client/MantaObjectOutputStreamIT.java:[7,32] package org.apache.commons.lang3 does not exist
[ERROR] /home/travis/build/joyent/java-manta/java-manta-it/src/test/java/com/joyent/manta/client/MantaObjectOutputStreamIT.java:[88,33] cannot find symbol
  symbol:   variable RandomUtils
  location: class com.joyent.manta.client.MantaObjectOutputStreamIT
[ERROR] /home/travis/build/joyent/java-manta/java-manta-it/src/test/java/com/joyent/manta/client/MantaObjectOutputStreamIT.java:[89,38] cannot find symbol
  symbol:   variable RandomUtils
  location: class com.joyent.manta.client.MantaObjectOutputStreamIT
[ERROR] /home/travis/build/joyent/java-manta/java-manta-it/src/test/java/com/joyent/manta/client/MantaObjectOutputStreamIT.java:[124,33] cannot find symbol
  symbol:   variable RandomUtils
  location: class com.joyent.manta.client.MantaObjectOutputStreamIT
[ERROR] /home/travis/build/joyent/java-manta/java-manta-it/src/test/java/com/joyent/manta/client/MantaObjectOutputStreamIT.java:[125,38] cannot find symbol
  symbol:   variable RandomUtils
  location: class com.joyent.manta.client.MantaObjectOutputStreamIT
[ERROR] /home/travis/build/joyent/java-manta/java-manta-it/src/test/java/com/joyent/manta/client/MantaObjectOutputStreamIT.java:[132,34] cannot find symbol
  symbol:   variable RandomUtils
  location: class com.joyent.manta.client.MantaObjectOutputStreamIT
[ERROR] Failed to execute goal org.apache.maven.plugins:maven-compiler-plugin:3.3:testCompile (default-testCompile) on project java-manta-it: Compilation failure: Compilation failure:
[ERROR] /home/travis/build/joyent/java-manta/java-manta-it/src/test/java/com/joyent/manta/client/MantaObjectOutputStreamIT.java:[7,32] package org.apache.commons.lang3 does not exist
[ERROR] /home/travis/build/joyent/java-manta/java-manta-it/src/test/java/com/joyent/manta/client/MantaObjectOutputStreamIT.java:[88,33] cannot find symbol
[ERROR] symbol:   variable RandomUtils
[ERROR] location: class com.joyent.manta.client.MantaObjectOutputStreamIT
[ERROR] /home/travis/build/joyent/java-manta/java-manta-it/src/test/java/com/joyent/manta/client/MantaObjectOutputStreamIT.java:[89,38] cannot find symbol
[ERROR] symbol:   variable RandomUtils
[ERROR] location: class com.joyent.manta.client.MantaObjectOutputStreamIT
[ERROR] /home/travis/build/joyent/java-manta/java-manta-it/src/test/java/com/joyent/manta/client/MantaObjectOutputStreamIT.java:[124,33] cannot find symbol
[ERROR] symbol:   variable RandomUtils
[ERROR] location: class com.joyent.manta.client.MantaObjectOutputStreamIT
[ERROR] /home/travis/build/joyent/java-manta/java-manta-it/src/test/java/com/joyent/manta/client/MantaObjectOutputStreamIT.java:[125,38] cannot find symbol
[ERROR] symbol:   variable RandomUtils
[ERROR] location: class com.joyent.manta.client.MantaObjectOutputStreamIT
[ERROR] /home/travis/build/joyent/java-manta/java-manta-it/src/test/java/com/joyent/manta/client/MantaObjectOutputStreamIT.java:[132,34] cannot find symbol
[ERROR] symbol:   variable RandomUtils
[ERROR] location: class com.joyent.manta.client.MantaObjectOutputStreamIT
[ERROR] -> [Help 1]
[ERROR] 
[ERROR] To see the full stack trace of the errors, re-run Maven with the -e switch.
[ERROR] Re-run Maven using the -X switch to enable full debug logging.
[ERROR] 
[ERROR] For more information about the errors and possible solutions, please read the following articles:
[ERROR] [Help 1] http://cwiki.apache.org/confluence/display/MAVEN/MojoFailureException
[ERROR] 
[ERROR] After correcting the problems, you can resume the build with the command
[ERROR]   mvn <goals> -rf :java-manta-it

[31;1mThe command "eval mvn install -DskipTests=true -Dmaven.javadoc.skip=true -B -V" failed. Retrying, 3 of 3.[0m

Apache Maven 3.2.5 (12a6b3acb947671f09b81f49094c53f426d8cea1; 2014-12-14T17:29:23+00:00)
Maven home: /usr/local/maven
Java version: 1.8.0_31, vendor: Oracle Corporation
Java home: /usr/lib/jvm/java-8-oracle/jre
Default locale: en_US, platform encoding: UTF-8
OS name: "linux", version: "3.13.0-40-generic", arch: "amd64", family: "unix"
[ERROR] COMPILATION ERROR : 
[ERROR] /home/travis/build/joyent/java-manta/java-manta-it/src/test/java/com/joyent/manta/client/MantaObjectOutputStreamIT.java:[7,32] package org.apache.commons.lang3 does not exist
[ERROR] /home/travis/build/joyent/java-manta/java-manta-it/src/test/java/com/joyent/manta/client/MantaObjectOutputStreamIT.java:[88,33] cannot find symbol
  symbol:   variable RandomUtils
  location: class com.joyent.manta.client.MantaObjectOutputStreamIT
[ERROR] /home/travis/build/joyent/java-manta/java-manta-it/src/test/java/com/joyent/manta/client/MantaObjectOutputStreamIT.java:[89,38] cannot find symbol
  symbol:   variable RandomUtils
  location: class com.joyent.manta.client.MantaObjectOutputStreamIT
[ERROR] /home/travis/build/joyent/java-manta/java-manta-it/src/test/java/com/joyent/manta/client/MantaObjectOutputStreamIT.java:[124,33] cannot find symbol
  symbol:   variable RandomUtils
  location: class com.joyent.manta.client.MantaObjectOutputStreamIT
[ERROR] /home/travis/build/joyent/java-manta/java-manta-it/src/test/java/com/joyent/manta/client/MantaObjectOutputStreamIT.java:[125,38] cannot find symbol
  symbol:   variable RandomUtils
  location: class com.joyent.manta.client.MantaObjectOutputStreamIT
[ERROR] /home/travis/build/joyent/java-manta/java-manta-it/src/test/java/com/joyent/manta/client/MantaObjectOutputStreamIT.java:[132,34] cannot find symbol
  symbol:   variable RandomUtils
  location: class com.joyent.manta.client.MantaObjectOutputStreamIT
[ERROR] Failed to execute goal org.apache.maven.plugins:maven-compiler-plugin:3.3:testCompile (default-testCompile) on project java-manta-it: Compilation failure: Compilation failure:
[ERROR] /home/travis/build/joyent/java-manta/java-manta-it/src/test/java/com/joyent/manta/client/MantaObjectOutputStreamIT.java:[7,32] package org.apache.commons.lang3 does not exist
[ERROR] /home/travis/build/joyent/java-manta/java-manta-it/src/test/java/com/joyent/manta/client/MantaObjectOutputStreamIT.java:[88,33] cannot find symbol
[ERROR] symbol:   variable RandomUtils
[ERROR] location: class com.joyent.manta.client.MantaObjectOutputStreamIT
[ERROR] /home/travis/build/joyent/java-manta/java-manta-it/src/test/java/com/joyent/manta/client/MantaObjectOutputStreamIT.java:[89,38] cannot find symbol
[ERROR] symbol:   variable RandomUtils
[ERROR] location: class com.joyent.manta.client.MantaObjectOutputStreamIT
[ERROR] /home/travis/build/joyent/java-manta/java-manta-it/src/test/java/com/joyent/manta/client/MantaObjectOutputStreamIT.java:[124,33] cannot find symbol
[ERROR] symbol:   variable RandomUtils
[ERROR] location: class com.joyent.manta.client.MantaObjectOutputStreamIT
[ERROR] /home/travis/build/joyent/java-manta/java-manta-it/src/test/java/com/joyent/manta/client/MantaObjectOutputStreamIT.java:[125,38] cannot find symbol
[ERROR] symbol:   variable RandomUtils
[ERROR] location: class com.joyent.manta.client.MantaObjectOutputStreamIT
[ERROR] /home/travis/build/joyent/java-manta/java-manta-it/src/test/java/com/joyent/manta/client/MantaObjectOutputStreamIT.java:[132,34] cannot find symbol
[ERROR] symbol:   variable RandomUtils
[ERROR] location: class com.joyent.manta.client.MantaObjectOutputStreamIT
[ERROR] -> [Help 1]
[ERROR] 
[ERROR] To see the full stack trace of the errors, re-run Maven with the -e switch.
[ERROR] Re-run Maven using the -X switch to enable full debug logging.
[ERROR] 
[ERROR] For more information about the errors and possible solutions, please read the following articles:
[ERROR] [Help 1] http://cwiki.apache.org/confluence/display/MAVEN/MojoFailureException
[ERROR] 
[ERROR] After correcting the problems, you can resume the build with the command
[ERROR]   mvn <goals> -rf :java-manta-it

[31;1mThe command "eval mvn install -DskipTests=true -Dmaven.javadoc.skip=true -B -V" failed 3 times.[0m


travis_time:end:1e5688c0:start=1463777579518565524,finish=1463777797205283795,duration=217686718271[0K
[31;1mThe command "mvn install -DskipTests=true -Dmaven.javadoc.skip=true -B -V" failed and exited with 1 during .[0m

Your build has been stopped.
