Using worker: worker-linux-docker-4dc63ed4.prod.travis-ci.org:travis-linux-5

travis_fold:start:system_info[0K[33;1mBuild system information[0m
Build language: java
Build group: stable
Build dist: precise
Build id: 150361908
Job id: 150361909
travis-build version: d377c8f80
[34m[1mBuild image provisioning date and time[0m
Thu Feb  5 15:09:33 UTC 2015
[34m[1mOperating System Details[0m
Distributor ID:	Ubuntu
Description:	Ubuntu 12.04.5 LTS
Release:	12.04
Codename:	precise
[34m[1mLinux Version[0m
3.13.0-29-generic
[34m[1mCookbooks Version[0m
a68419e https://github.com/travis-ci/travis-cookbooks/tree/a68419e
[34m[1mGCC version[0m
gcc (Ubuntu/Linaro 4.6.3-1ubuntu5) 4.6.3
Copyright (C) 2011 Free Software Foundation, Inc.
This is free software; see the source for copying conditions.  There is NO
warranty; not even for MERCHANTABILITY or FITNESS FOR A PARTICULAR PURPOSE.

[34m[1mLLVM version[0m
clang version 3.4 (tags/RELEASE_34/final)
Target: x86_64-unknown-linux-gnu
Thread model: posix
[34m[1mPre-installed Ruby versions[0m
ruby-1.9.3-p551
[34m[1mPre-installed Node.js versions[0m
v0.10.36
[34m[1mPre-installed Go versions[0m
1.4.1
[34m[1mRedis version[0m
redis-server 2.8.19
[34m[1mriak version[0m
2.0.2
[34m[1mMongoDB version[0m
MongoDB 2.4.12
[34m[1mCouchDB version[0m
couchdb 1.6.1
[34m[1mNeo4j version[0m
1.9.4
[34m[1mRabbitMQ Version[0m
3.4.3
[34m[1mElasticSearch version[0m
1.4.0
[34m[1mInstalled Sphinx versions[0m
2.0.10
2.1.9
2.2.6
[34m[1mDefault Sphinx version[0m
2.2.6
[34m[1mInstalled Firefox version[0m
firefox 31.0esr
[34m[1mPhantomJS version[0m
1.9.8
[34m[1mant -version[0m
Apache Ant(TM) version 1.8.2 compiled on December 3 2011
[34m[1mmvn -version[0m
Apache Maven 3.2.5 (12a6b3acb947671f09b81f49094c53f426d8cea1; 2014-12-14T17:29:23+00:00)
Maven home: /usr/local/maven
Java version: 1.7.0_76, vendor: Oracle Corporation
Java home: /usr/lib/jvm/java-7-oracle/jre
Default locale: en_US, platform encoding: ANSI_X3.4-1968
OS name: "linux", version: "3.13.0-29-generic", arch: "amd64", family: "unix"
travis_fold:end:system_info[0K
travis_fold:start:fix.CVE-2015-7547[0K$ export DEBIAN_FRONTEND=noninteractive
W: Size of file /var/lib/apt/lists/us.archive.ubuntu.com_ubuntu_dists_precise-backports_multiverse_source_Sources.gz is not what the server reported 5886 5888
W: Size of file /var/lib/apt/lists/ppa.launchpad.net_ubuntugis_ppa_ubuntu_dists_precise_main_binary-amd64_Packages.gz is not what the server reported 33653 36677
W: Size of file /var/lib/apt/lists/ppa.launchpad.net_ubuntugis_ppa_ubuntu_dists_precise_main_binary-i386_Packages.gz is not what the server reported 33699 36733
Reading package lists...
Building dependency tree...
Reading state information...
The following extra packages will be installed:
  libc-bin libc-dev-bin libc6-dev
Suggested packages:
  glibc-doc
The following packages will be upgraded:
  libc-bin libc-dev-bin libc6 libc6-dev
4 upgraded, 0 newly installed, 0 to remove and 252 not upgraded.
Need to get 8,840 kB of archives.
After this operation, 14.3 kB disk space will be freed.
Get:1 http://us.archive.ubuntu.com/ubuntu/ precise-updates/main libc6-dev amd64 2.15-0ubuntu10.15 [2,943 kB]
Get:2 http://us.archive.ubuntu.com/ubuntu/ precise-updates/main libc-dev-bin amd64 2.15-0ubuntu10.15 [84.7 kB]
Get:3 http://us.archive.ubuntu.com/ubuntu/ precise-updates/main libc-bin amd64 2.15-0ubuntu10.15 [1,177 kB]
Get:4 http://us.archive.ubuntu.com/ubuntu/ precise-updates/main libc6 amd64 2.15-0ubuntu10.15 [4,636 kB]
Fetched 8,840 kB in 0s (35.6 MB/s)
Preconfiguring packages ...
(Reading database ... (Reading database ... 5%(Reading database ... 10%(Reading database ... 15%(Reading database ... 20%(Reading database ... 25%(Reading database ... 30%(Reading database ... 35%(Reading database ... 40%(Reading database ... 45%(Reading database ... 50%(Reading database ... 55%(Reading database ... 60%(Reading database ... 65%(Reading database ... 70%(Reading database ... 75%(Reading database ... 80%(Reading database ... 85%(Reading database ... 90%(Reading database ... 95%(Reading database ... 100%(Reading database ... 72019 files and directories currently installed.)
Preparing to replace libc6-dev 2.15-0ubuntu10.10 (using .../libc6-dev_2.15-0ubuntu10.15_amd64.deb) ...
Unpacking replacement libc6-dev ...
Preparing to replace libc-dev-bin 2.15-0ubuntu10.10 (using .../libc-dev-bin_2.15-0ubuntu10.15_amd64.deb) ...
Unpacking replacement libc-dev-bin ...
Preparing to replace libc-bin 2.15-0ubuntu10.10 (using .../libc-bin_2.15-0ubuntu10.15_amd64.deb) ...
Unpacking replacement libc-bin ...
Processing triggers for man-db ...
Setting up libc-bin (2.15-0ubuntu10.15) ...
(Reading database ... (Reading database ... 5%(Reading database ... 10%(Reading database ... 15%(Reading database ... 20%(Reading database ... 25%(Reading database ... 30%(Reading database ... 35%(Reading database ... 40%(Reading database ... 45%(Reading database ... 50%(Reading database ... 55%(Reading database ... 60%(Reading database ... 65%(Reading database ... 70%(Reading database ... 75%(Reading database ... 80%(Reading database ... 85%(Reading database ... 90%(Reading database ... 95%(Reading database ... 100%(Reading database ... 72018 files and directories currently installed.)
Preparing to replace libc6 2.15-0ubuntu10.10 (using .../libc6_2.15-0ubuntu10.15_amd64.deb) ...
Unpacking replacement libc6 ...
Setting up libc6 (2.15-0ubuntu10.15) ...
Setting up libc-dev-bin (2.15-0ubuntu10.15) ...
Setting up libc6-dev (2.15-0ubuntu10.15) ...
Processing triggers for libc-bin ...
ldconfig deferred processing now taking place
travis_fold:end:fix.CVE-2015-7547[0Ktravis_fold:start:git.checkout[0Ktravis_time:start:1bfb1f94[0K$ git clone --depth=50 --branch=develop https://github.com/Whiley/WhileyCompiler.git Whiley/WhileyCompiler
Cloning into 'Whiley/WhileyCompiler'...
remote: Counting objects: 3814, done.[K
remote: Compressing objects:   0% (1/2196)   [Kremote: Compressing objects:   1% (22/2196)   [Kremote: Compressing objects:   2% (44/2196)   [Kremote: Compressing objects:   3% (66/2196)   [Kremote: Compressing objects:   4% (88/2196)   [Kremote: Compressing objects:   5% (110/2196)   [Kremote: Compressing objects:   6% (132/2196)   [Kremote: Compressing objects:   7% (154/2196)   [Kremote: Compressing objects:   8% (176/2196)   [Kremote: Compressing objects:   9% (198/2196)   [Kremote: Compressing objects:  10% (220/2196)   [Kremote: Compressing objects:  11% (242/2196)   [Kremote: Compressing objects:  12% (264/2196)   [Kremote: Compressing objects:  13% (286/2196)   [Kremote: Compressing objects:  14% (308/2196)   [Kremote: Compressing objects:  15% (330/2196)   [Kremote: Compressing objects:  16% (352/2196)   [Kremote: Compressing objects:  17% (374/2196)   [Kremote: Compressing objects:  18% (396/2196)   [Kremote: Compressing objects:  19% (418/2196)   [Kremote: Compressing objects:  20% (440/2196)   [Kremote: Compressing objects:  21% (462/2196)   [Kremote: Compressing objects:  22% (484/2196)   [Kremote: Compressing objects:  23% (506/2196)   [Kremote: Compressing objects:  24% (528/2196)   [Kremote: Compressing objects:  25% (549/2196)   [Kremote: Compressing objects:  26% (571/2196)   [Kremote: Compressing objects:  27% (593/2196)   [Kremote: Compressing objects:  28% (615/2196)   [Kremote: Compressing objects:  29% (637/2196)   [Kremote: Compressing objects:  30% (659/2196)   [Kremote: Compressing objects:  31% (681/2196)   [Kremote: Compressing objects:  32% (703/2196)   [Kremote: Compressing objects:  33% (725/2196)   [Kremote: Compressing objects:  34% (747/2196)   [Kremote: Compressing objects:  35% (769/2196)   [Kremote: Compressing objects:  36% (791/2196)   [Kremote: Compressing objects:  37% (813/2196)   [Kremote: Compressing objects:  38% (835/2196)   [Kremote: Compressing objects:  39% (857/2196)   [Kremote: Compressing objects:  40% (879/2196)   [Kremote: Compressing objects:  41% (901/2196)   [Kremote: Compressing objects:  42% (923/2196)   [Kremote: Compressing objects:  43% (945/2196)   [Kremote: Compressing objects:  44% (967/2196)   [Kremote: Compressing objects:  45% (989/2196)   [Kremote: Compressing objects:  46% (1011/2196)   [Kremote: Compressing objects:  47% (1033/2196)   [Kremote: Compressing objects:  48% (1055/2196)   [Kremote: Compressing objects:  49% (1077/2196)   [Kremote: Compressing objects:  50% (1098/2196)   [Kremote: Compressing objects:  51% (1120/2196)   [Kremote: Compressing objects:  52% (1142/2196)   [Kremote: Compressing objects:  53% (1164/2196)   [Kremote: Compressing objects:  54% (1186/2196)   [Kremote: Compressing objects:  55% (1208/2196)   [Kremote: Compressing objects:  56% (1230/2196)   [Kremote: Compressing objects:  57% (1252/2196)   [Kremote: Compressing objects:  58% (1274/2196)   [Kremote: Compressing objects:  59% (1296/2196)   [Kremote: Compressing objects:  60% (1318/2196)   [Kremote: Compressing objects:  61% (1340/2196)   [Kremote: Compressing objects:  62% (1362/2196)   [Kremote: Compressing objects:  63% (1384/2196)   [Kremote: Compressing objects:  64% (1406/2196)   [Kremote: Compressing objects:  65% (1428/2196)   [Kremote: Compressing objects:  66% (1450/2196)   [Kremote: Compressing objects:  67% (1472/2196)   [Kremote: Compressing objects:  68% (1494/2196)   [Kremote: Compressing objects:  69% (1516/2196)   [Kremote: Compressing objects:  70% (1538/2196)   [Kremote: Compressing objects:  71% (1560/2196)   [Kremote: Compressing objects:  72% (1582/2196)   [Kremote: Compressing objects:  73% (1604/2196)   [Kremote: Compressing objects:  74% (1626/2196)   [Kremote: Compressing objects:  75% (1647/2196)   [Kremote: Compressing objects:  76% (1669/2196)   [Kremote: Compressing objects:  77% (1691/2196)   [Kremote: Compressing objects:  78% (1713/2196)   [Kremote: Compressing objects:  79% (1735/2196)   [Kremote: Compressing objects:  80% (1757/2196)   [Kremote: Compressing objects:  81% (1779/2196)   [Kremote: Compressing objects:  82% (1801/2196)   [Kremote: Compressing objects:  83% (1823/2196)   [Kremote: Compressing objects:  84% (1845/2196)   [Kremote: Compressing objects:  85% (1867/2196)   [Kremote: Compressing objects:  86% (1889/2196)   [Kremote: Compressing objects:  87% (1911/2196)   [Kremote: Compressing objects:  88% (1933/2196)   [Kremote: Compressing objects:  89% (1955/2196)   [Kremote: Compressing objects:  90% (1977/2196)   [Kremote: Compressing objects:  91% (1999/2196)   [Kremote: Compressing objects:  92% (2021/2196)   [Kremote: Compressing objects:  93% (2043/2196)   [Kremote: Compressing objects:  94% (2065/2196)   [Kremote: Compressing objects:  95% (2087/2196)   [Kremote: Compressing objects:  96% (2109/2196)   [Kremote: Compressing objects:  97% (2131/2196)   [Kremote: Compressing objects:  98% (2153/2196)   [Kremote: Compressing objects:  99% (2175/2196)   [Kremote: Compressing objects: 100% (2196/2196)   [Kremote: Compressing objects: 100% (2196/2196), done.[K
Receiving objects:   0% (1/3814)   Receiving objects:   1% (39/3814)   Receiving objects:   2% (77/3814)   Receiving objects:   3% (115/3814)   Receiving objects:   4% (153/3814)   Receiving objects:   5% (191/3814)   Receiving objects:   6% (229/3814)   Receiving objects:   7% (267/3814)   Receiving objects:   8% (306/3814)   Receiving objects:   9% (344/3814)   Receiving objects:  10% (382/3814)   Receiving objects:  11% (420/3814)   Receiving objects:  12% (458/3814)   Receiving objects:  13% (496/3814)   Receiving objects:  14% (534/3814)   Receiving objects:  15% (573/3814)   Receiving objects:  16% (611/3814)   Receiving objects:  17% (649/3814)   Receiving objects:  18% (687/3814)   Receiving objects:  19% (725/3814)   Receiving objects:  20% (763/3814)   Receiving objects:  21% (801/3814)   Receiving objects:  22% (840/3814)   Receiving objects:  23% (878/3814)   Receiving objects:  24% (916/3814)   Receiving objects:  25% (954/3814)   Receiving objects:  26% (992/3814)   Receiving objects:  27% (1030/3814)   Receiving objects:  28% (1068/3814)   Receiving objects:  29% (1107/3814)   Receiving objects:  30% (1145/3814)   Receiving objects:  31% (1183/3814)   Receiving objects:  32% (1221/3814)   Receiving objects:  33% (1259/3814)   Receiving objects:  34% (1297/3814)   Receiving objects:  35% (1335/3814)   Receiving objects:  36% (1374/3814)   Receiving objects:  37% (1412/3814)   Receiving objects:  38% (1450/3814)   Receiving objects:  39% (1488/3814)   Receiving objects:  40% (1526/3814)   Receiving objects:  41% (1564/3814)   Receiving objects:  42% (1602/3814)   Receiving objects:  43% (1641/3814)   Receiving objects:  44% (1679/3814)   Receiving objects:  45% (1717/3814)   Receiving objects:  46% (1755/3814)   Receiving objects:  47% (1793/3814)   Receiving objects:  48% (1831/3814)   Receiving objects:  49% (1869/3814)   Receiving objects:  50% (1907/3814)   Receiving objects:  51% (1946/3814)   Receiving objects:  52% (1984/3814)   Receiving objects:  53% (2022/3814)   Receiving objects:  54% (2060/3814)   Receiving objects:  55% (2098/3814)   Receiving objects:  56% (2136/3814)   Receiving objects:  57% (2174/3814)   Receiving objects:  58% (2213/3814)   Receiving objects:  59% (2251/3814)   Receiving objects:  60% (2289/3814)   Receiving objects:  61% (2327/3814)   Receiving objects:  62% (2365/3814)   Receiving objects:  63% (2403/3814)   Receiving objects:  64% (2441/3814)   Receiving objects:  65% (2480/3814)   Receiving objects:  66% (2518/3814)   Receiving objects:  67% (2556/3814)   Receiving objects:  68% (2594/3814)   Receiving objects:  69% (2632/3814)   Receiving objects:  70% (2670/3814)   Receiving objects:  71% (2708/3814)   Receiving objects:  72% (2747/3814)   Receiving objects:  73% (2785/3814)   Receiving objects:  74% (2823/3814)   Receiving objects:  75% (2861/3814)   Receiving objects:  76% (2899/3814)   Receiving objects:  77% (2937/3814)   Receiving objects:  78% (2975/3814)   Receiving objects:  79% (3014/3814)   Receiving objects:  80% (3052/3814)   Receiving objects:  81% (3090/3814)   Receiving objects:  82% (3128/3814)   Receiving objects:  83% (3166/3814)   Receiving objects:  84% (3204/3814)   Receiving objects:  85% (3242/3814)   Receiving objects:  86% (3281/3814)   Receiving objects:  87% (3319/3814)   Receiving objects:  88% (3357/3814)   Receiving objects:  89% (3395/3814)   Receiving objects:  90% (3433/3814)   Receiving objects:  91% (3471/3814)   Receiving objects:  92% (3509/3814)   Receiving objects:  93% (3548/3814)   Receiving objects:  94% (3586/3814)   Receiving objects:  95% (3624/3814)   remote: Total 3814 (delta 1746), reused 3140 (delta 1455), pack-reused 0[K
Receiving objects:  96% (3662/3814)   Receiving objects:  97% (3700/3814)   Receiving objects:  98% (3738/3814)   Receiving objects:  99% (3776/3814)   Receiving objects: 100% (3814/3814)   Receiving objects: 100% (3814/3814), 4.17 MiB | 0 bytes/s, done.
Resolving deltas:   0% (0/1746)   Resolving deltas:   2% (44/1746)   Resolving deltas:   3% (58/1746)   Resolving deltas:   4% (70/1746)   Resolving deltas:   5% (90/1746)   Resolving deltas:   6% (113/1746)   Resolving deltas:   7% (130/1746)   Resolving deltas:   8% (145/1746)   Resolving deltas:   9% (160/1746)   Resolving deltas:  10% (180/1746)   Resolving deltas:  11% (194/1746)   Resolving deltas:  13% (236/1746)   Resolving deltas:  15% (265/1746)   Resolving deltas:  16% (292/1746)   Resolving deltas:  17% (307/1746)   Resolving deltas:  18% (315/1746)   Resolving deltas:  19% (337/1746)   Resolving deltas:  20% (364/1746)   Resolving deltas:  21% (367/1746)   Resolving deltas:  22% (400/1746)   Resolving deltas:  23% (403/1746)   Resolving deltas:  24% (429/1746)   Resolving deltas:  25% (438/1746)   Resolving deltas:  26% (456/1746)   Resolving deltas:  27% (475/1746)   Resolving deltas:  28% (490/1746)   Resolving deltas:  29% (509/1746)   Resolving deltas:  30% (538/1746)   Resolving deltas:  31% (542/1746)   Resolving deltas:  32% (559/1746)   Resolving deltas:  33% (577/1746)   Resolving deltas:  34% (594/1746)   Resolving deltas:  35% (612/1746)   Resolving deltas:  36% (629/1746)   Resolving deltas:  37% (649/1746)   Resolving deltas:  38% (664/1746)   Resolving deltas:  39% (681/1746)   Resolving deltas:  40% (699/1746)   Resolving deltas:  41% (717/1746)   Resolving deltas:  42% (735/1746)   Resolving deltas:  43% (755/1746)   Resolving deltas:  44% (769/1746)   Resolving deltas:  45% (789/1746)   Resolving deltas:  46% (805/1746)   Resolving deltas:  48% (845/1746)   Resolving deltas:  50% (885/1746)   Resolving deltas:  51% (891/1746)   Resolving deltas:  52% (912/1746)   Resolving deltas:  56% (988/1746)   Resolving deltas:  57% (996/1746)   Resolving deltas:  58% (1013/1746)   Resolving deltas:  59% (1041/1746)   Resolving deltas:  60% (1048/1746)   Resolving deltas:  61% (1070/1746)   Resolving deltas:  62% (1098/1746)   Resolving deltas:  63% (1101/1746)   Resolving deltas:  64% (1133/1746)   Resolving deltas:  65% (1135/1746)   Resolving deltas:  68% (1193/1746)   Resolving deltas:  69% (1205/1746)   Resolving deltas:  70% (1225/1746)   Resolving deltas:  71% (1248/1746)   Resolving deltas:  74% (1295/1746)   Resolving deltas:  76% (1327/1746)   Resolving deltas:  77% (1345/1746)   Resolving deltas:  78% (1364/1746)   Resolving deltas:  79% (1381/1746)   Resolving deltas:  80% (1398/1746)   Resolving deltas:  81% (1415/1746)   Resolving deltas:  82% (1435/1746)   Resolving deltas:  83% (1453/1746)   Resolving deltas:  84% (1473/1746)   Resolving deltas:  85% (1488/1746)   Resolving deltas:  86% (1515/1746)   Resolving deltas:  87% (1520/1746)   Resolving deltas:  88% (1537/1746)   Resolving deltas:  89% (1561/1746)   Resolving deltas:  90% (1579/1746)   Resolving deltas:  91% (1590/1746)   Resolving deltas:  93% (1626/1746)   Resolving deltas:  94% (1642/1746)   Resolving deltas:  95% (1660/1746)   Resolving deltas:  96% (1683/1746)   Resolving deltas:  97% (1709/1746)   Resolving deltas:  98% (1714/1746)   Resolving deltas:  99% (1731/1746)   Resolving deltas: 100% (1746/1746)   Resolving deltas: 100% (1746/1746), done.
Checking connectivity... done.

travis_time:end:1bfb1f94:start=1470538481999757245,finish=1470538483146780056,duration=1147022811[0K$ cd Whiley/WhileyCompiler
$ git checkout -qf bcff809631ce6e989e454a4b191e0ef9eddda16d
travis_fold:end:git.checkout[0K
[33;1mThis job is running on container-based infrastructure, which does not allow use of 'sudo', setuid and setguid executables.[0m
[33;1mIf you require sudo, add 'sudo: required' to your .travis.yml[0m
[33;1mSee https://docs.travis-ci.com/user/workers/container-based-infrastructure/ for details.[0m
$ jdk_switcher use openjdk7
Switching to OpenJDK7 (java-1.7.0-openjdk-amd64), JAVA_HOME will be set to /usr/lib/jvm/java-7-openjdk-amd64
$ java -Xmx32m -version
java version "1.7.0_75"
OpenJDK Runtime Environment (IcedTea 2.5.4) (7u75-2.5.4-1~precise1)
OpenJDK 64-Bit Server VM (build 24.75-b04, mixed mode)
$ javac -J-Xmx32m -version
javac 1.7.0_75
travis_time:start:10217928[0K$ touch running_on_travis

travis_time:end:10217928:start=1470538488929910376,finish=1470538488933716689,duration=3806313[0K
[32;1mThe command "touch running_on_travis" exited with 0.[0m
travis_time:start:00b5cbde[0K$ ant test-all
Buildfile: /home/travis/build/Whiley/WhileyCompiler/build.xml
[maven:dependencies] Downloading: junit/junit/4.12/junit-4.12.pom from repository central at http://repo.maven.apache.org/maven2
[maven:dependencies] Transferring 23K from central
[maven:dependencies] Downloading: org/hamcrest/hamcrest-core/1.3/hamcrest-core-1.3.pom from repository central at http://repo.maven.apache.org/maven2
[maven:dependencies] Transferring 1K from central
[maven:dependencies] Downloading: org/hamcrest/hamcrest-parent/1.3/hamcrest-parent-1.3.pom from repository central at http://repo.maven.apache.org/maven2
[maven:dependencies] Transferring 2K from central
[maven:dependencies] Downloading: junit/junit/4.12/junit-4.12.jar from repository central at http://repo.maven.apache.org/maven2
[maven:dependencies] Downloading: org/hamcrest/hamcrest-core/1.3/hamcrest-core-1.3.jar from repository central at http://repo.maven.apache.org/maven2
[maven:dependencies] Transferring 308K from central
[maven:dependencies] Transferring 44K from central

build-all:

compile-wyil:
    [javac] Compiling 49 source files
    [javac] /home/travis/build/Whiley/WhileyCompiler/modules/wyil/src/wyil/Main.java:9: error: cannot find symbol
    [javac] import wybs.lang.NameID;
    [javac]                 ^
    [javac]   symbol:   class NameID
    [javac]   location: package wybs.lang
    [javac] /home/travis/build/Whiley/WhileyCompiler/modules/wyil/src/wyil/Main.java:10: error: cannot find symbol
    [javac] import wybs.lang.SyntaxError;
    [javac]                 ^
    [javac]   symbol:   class SyntaxError
    [javac]   location: package wybs.lang
    [javac] /home/travis/build/Whiley/WhileyCompiler/modules/wyil/src/wyil/Main.java:11: error: package wybs.lang.SyntaxError does not exist
    [javac] import wybs.lang.SyntaxError.InternalFailure;
    [javac]                             ^
    [javac] /home/travis/build/Whiley/WhileyCompiler/modules/wyil/src/wyil/lang/Bytecode.java:31: error: cannot find symbol
    [javac] import wybs.lang.NameID;
    [javac]                 ^
    [javac]   symbol:   class NameID
    [javac]   location: package wybs.lang
    [javac] /home/travis/build/Whiley/WhileyCompiler/modules/wyil/src/wyil/builders/VerificationConditionGenerator.java:12: error: cannot find symbol
    [javac] import wybs.lang.Attribute;
    [javac]                 ^
    [javac]   symbol:   class Attribute
    [javac]   location: package wybs.lang
    [javac] /home/travis/build/Whiley/WhileyCompiler/modules/wyil/src/wyil/builders/VerificationConditionGenerator.java:13: error: cannot find symbol
    [javac] import wybs.lang.NameID;
    [javac]                 ^
    [javac]   symbol:   class NameID
    [javac]   location: package wybs.lang
    [javac] /home/travis/build/Whiley/WhileyCompiler/modules/wyil/src/wyil/builders/VerificationConditionGenerator.java:14: error: cannot find symbol
    [javac] import wybs.lang.SyntacticElement;
    [javac]                 ^
    [javac]   symbol:   class SyntacticElement
    [javac]   location: package wybs.lang
    [javac] /home/travis/build/Whiley/WhileyCompiler/modules/wyil/src/wyil/builders/VerificationConditionGenerator.java:15: error: package wybs.lang.SyntaxError does not exist
    [javac] import wybs.lang.SyntaxError.InternalFailure;
    [javac]                             ^
    [javac] /home/travis/build/Whiley/WhileyCompiler/modules/wyil/src/wyil/builders/VerificationConditionGenerator.java:16: error: cannot find symbol
    [javac] import wybs.util.ResolveError;
    [javac]                 ^
    [javac]   symbol:   class ResolveError
    [javac]   location: package wybs.util
    [javac] /home/travis/build/Whiley/WhileyCompiler/modules/wyil/src/wyil/builders/VerificationConditionGenerator.java:17: error: package wycommon.util does not exist
    [javac] import wycommon.util.Pair;
    [javac]                     ^
    [javac] /home/travis/build/Whiley/WhileyCompiler/modules/wyil/src/wyil/lang/SyntaxTree.java:6: error: cannot find symbol
    [javac] import wybs.lang.Attribute;
    [javac]                 ^
    [javac]   symbol:   class Attribute
    [javac]   location: package wybs.lang
    [javac] /home/travis/build/Whiley/WhileyCompiler/modules/wyil/src/wyil/lang/SyntaxTree.java:7: error: cannot find symbol
    [javac] import wybs.lang.SyntacticElement;
    [javac]                 ^
    [javac]   symbol:   class SyntacticElement
    [javac]   location: package wybs.lang
    [javac] /home/travis/build/Whiley/WhileyCompiler/modules/wyil/src/wyil/builders/Wyil2WyalBuilder.java:32: error: package wycommon.util does not exist
    [javac] import wycommon.util.Logger;
    [javac]                     ^
    [javac] /home/travis/build/Whiley/WhileyCompiler/modules/wyil/src/wyil/builders/Wyil2WyalBuilder.java:33: error: package wycommon.util does not exist
    [javac] import wycommon.util.Pair;
    [javac]                     ^
    [javac] /home/travis/build/Whiley/WhileyCompiler/modules/wyil/src/wyil/builders/Wyil2WyalBuilder.java:45: error: cannot find symbol
    [javac] public class Wyil2WyalBuilder implements Build.Task {
    [javac]                                               ^
    [javac]   symbol:   class Task
    [javac]   location: interface Build
    [javac] /home/travis/build/Whiley/WhileyCompiler/modules/wyil/src/wyil/util/TypeSystem.java:14: error: cannot find symbol
    [javac] import wybs.lang.NameID;
    [javac]                 ^
    [javac]   symbol:   class NameID
    [javac]   location: package wybs.lang
    [javac] /home/travis/build/Whiley/WhileyCompiler/modules/wyil/src/wyil/util/TypeSystem.java:15: error: cannot find symbol
    [javac] import wybs.util.ResolveError;
    [javac]                 ^
    [javac]   symbol:   class ResolveError
    [javac]   location: package wybs.util
    [javac] /home/travis/build/Whiley/WhileyCompiler/modules/wyil/src/wyil/lang/WyilFile.java:33: error: cannot find symbol
    [javac] import wybs.lang.Attribute;
    [javac]                 ^
    [javac]   symbol:   class Attribute
    [javac]   location: package wybs.lang
    [javac] /home/travis/build/Whiley/WhileyCompiler/modules/wyil/src/wyil/lang/WyilFile.java:34: error: cannot find symbol
    [javac] import wybs.lang.CompilationUnit;
    [javac]                 ^
    [javac]   symbol:   class CompilationUnit
    [javac]   location: package wybs.lang
    [javac] /home/travis/build/Whiley/WhileyCompiler/modules/wyil/src/wyil/lang/WyilFile.java:35: error: cannot find symbol
    [javac] import wybs.lang.SyntacticElement;
    [javac]                 ^
    [javac]   symbol:   class SyntacticElement
    [javac]   location: package wybs.lang
    [javac] /home/travis/build/Whiley/WhileyCompiler/modules/wyil/src/wyil/lang/WyilFile.java:36: error: cannot find symbol
    [javac] import wybs.util.AbstractCompilationUnit;
    [javac]                 ^
    [javac]   symbol:   class AbstractCompilationUnit
    [javac]   location: package wybs.util
    [javac] /home/travis/build/Whiley/WhileyCompiler/modules/wyil/src/wyil/lang/WyilFile.java:63: error: cannot find symbol
    [javac] public final class WyilFile extends AbstractCompilationUnit {
    [javac]                                     ^
    [javac]   symbol: class AbstractCompilationUnit
    [javac] /home/travis/build/Whiley/WhileyCompiler/modules/wyil/src/wyil/lang/WyilFile.java:319: error: cannot find symbol
    [javac] 	public static abstract class Block implements SyntacticElement {
    [javac] 	                                              ^
    [javac]   symbol:   class SyntacticElement
    [javac]   location: class WyilFile
    [javac] /home/travis/build/Whiley/WhileyCompiler/modules/wyil/src/wyil/lang/SyntaxTree.java:100: error: package SyntacticElement does not exist
    [javac] 	public static class Location<T extends Bytecode> extends SyntacticElement.Impl {
    [javac] 	                                                                         ^
    [javac] /home/travis/build/Whiley/WhileyCompiler/modules/wyil/src/wyil/util/AbstractBytecode.java:5: error: cannot find symbol
    [javac] import wybs.lang.NameID;
    [javac]                 ^
    [javac]   symbol:   class NameID
    [javac]   location: package wybs.lang
    [javac] /home/travis/build/Whiley/WhileyCompiler/modules/wyil/src/wyil/builders/VerificationConditionGenerator.java:534: error: cannot find symbol
    [javac] 	private Pair<Expr,Context> translateSingleAssignment(Location<?> lval, Context context) {
    [javac] 	        ^
    [javac]   symbol:   class Pair
    [javac]   location: class VerificationConditionGenerator
    [javac] /home/travis/build/Whiley/WhileyCompiler/modules/wyil/src/wyil/builders/VerificationConditionGenerator.java:568: error: cannot find symbol
    [javac] 	private Pair<Expr,Context> translateRecordAssign(Location<FieldLoad> lval, Context context) {
    [javac] 	        ^
    [javac]   symbol:   class Pair
    [javac]   location: class VerificationConditionGenerator
    [javac] /home/travis/build/Whiley/WhileyCompiler/modules/wyil/src/wyil/builders/VerificationConditionGenerator.java:615: error: cannot find symbol
    [javac] 	private Pair<Expr,Context> translateArrayAssign(Location<Operator> lval, Context context) {
    [javac] 	        ^
    [javac]   symbol:   class Pair
    [javac]   location: class VerificationConditionGenerator
    [javac] /home/travis/build/Whiley/WhileyCompiler/modules/wyil/src/wyil/builders/VerificationConditionGenerator.java:663: error: cannot find symbol
    [javac] 	private Pair<Expr,Context> translateDereference(Location<?> lval, Context context) {
    [javac] 	        ^
    [javac]   symbol:   class Pair
    [javac]   location: class VerificationConditionGenerator
    [javac] /home/travis/build/Whiley/WhileyCompiler/modules/wyil/src/wyil/builders/VerificationConditionGenerator.java:679: error: cannot find symbol
    [javac] 	private Pair<Expr,Context> translateVariableAssign(Location<VariableAccess> lval, Context context) {
    [javac] 	        ^
    [javac]   symbol:   class Pair
    [javac]   location: class VerificationConditionGenerator
    [javac] /home/travis/build/Whiley/WhileyCompiler/modules/wyil/src/wyil/builders/VerificationConditionGenerator.java:1149: error: cannot find symbol
    [javac] 	private Pair<Expr[], Context> translateExpressionsWithChecks(Location<?>[] exprs, Context context) {
    [javac] 	        ^
    [javac]   symbol:   class Pair
    [javac]   location: class VerificationConditionGenerator
    [javac] /home/travis/build/Whiley/WhileyCompiler/modules/wyil/src/wyil/builders/VerificationConditionGenerator.java:1174: error: cannot find symbol
    [javac] 	private Pair<Expr, Context> translateExpressionWithChecks(Location<?> expr, Context context) {
    [javac] 	        ^
    [javac]   symbol:   class Pair
    [javac]   location: class VerificationConditionGenerator
    [javac] /home/travis/build/Whiley/WhileyCompiler/modules/wyil/src/wyil/builders/VerificationConditionGenerator.java:2552: error: package SyntacticElement does not exist
    [javac] 	private static class VerificationCondition extends SyntacticElement.Impl {
    [javac] 	                                                                   ^
    [javac] /home/travis/build/Whiley/WhileyCompiler/modules/wyil/src/wyil/lang/Constant.java:31: error: cannot find symbol
    [javac] import wybs.lang.NameID;
    [javac]                 ^
    [javac]   symbol:   class NameID
    [javac]   location: package wybs.lang
    [javac] /home/travis/build/Whiley/WhileyCompiler/modules/wyil/src/wyil/lang/Type.java:28: error: cannot find symbol
    [javac] import wybs.lang.NameID;
    [javac]                 ^
    [javac]   symbol:   class NameID
    [javac]   location: package wybs.lang
    [javac] /home/travis/build/Whiley/WhileyCompiler/modules/wyil/src/wyil/builders/VerificationConditionGenerator.java:2356: error: cannot find symbol
    [javac] 	public WyilFile.FunctionOrMethod lookupFunctionOrMethod(NameID name, Type.FunctionOrMethod fun,
    [javac] 	                                                        ^
    [javac]   symbol:   class NameID
    [javac]   location: class VerificationConditionGenerator
    [javac] /home/travis/build/Whiley/WhileyCompiler/modules/wyil/src/wyil/builders/Wyil2WyalBuilder.java:57: error: cannot find symbol
    [javac] 	protected Logger logger = Logger.NULL;
    [javac] 	          ^
    [javac]   symbol:   class Logger
    [javac]   location: class Wyil2WyalBuilder
    [javac] /home/travis/build/Whiley/WhileyCompiler/modules/wyil/src/wyil/builders/Wyil2WyalBuilder.java:67: error: cannot find symbol
    [javac] 	public void setLogger(Logger logger) {
    [javac] 	                      ^
    [javac]   symbol:   class Logger
    [javac]   location: class Wyil2WyalBuilder
    [javac] /home/travis/build/Whiley/WhileyCompiler/modules/wyil/src/wyil/builders/Wyil2WyalBuilder.java:77: error: cannot find symbol
    [javac] 	public Set<Path.Entry<?>> build(Collection<Pair<Path.Entry<?>, Path.Root>> delta, Build.Graph graph)
    [javac] 	                                           ^
    [javac]   symbol:   class Pair
    [javac]   location: class Wyil2WyalBuilder
    [javac] /home/travis/build/Whiley/WhileyCompiler/modules/wyil/src/wyil/util/TypeSystem.java:72: error: cannot find symbol
    [javac] 	public Type getUnderlyingType(Type type) throws ResolveError {
    [javac] 	                                                ^
    [javac]   symbol:   class ResolveError
    [javac]   location: class TypeSystem
    [javac] /home/travis/build/Whiley/WhileyCompiler/modules/wyil/src/wyil/util/TypeSystem.java:100: error: cannot find symbol
    [javac] 	public Type getMaximallyConsumedType(Type type) throws ResolveError,
    [javac] 	                                                       ^
    [javac]   symbol:   class ResolveError
    [javac]   location: class TypeSystem
    [javac] /home/travis/build/Whiley/WhileyCompiler/modules/wyil/src/wyil/util/TypeSystem.java:108: error: cannot find symbol
    [javac] 	public Type.EffectiveRecord expandAsEffectiveRecord(Type type) throws ResolveError {
    [javac] 	                                                                      ^
    [javac]   symbol:   class ResolveError
    [javac]   location: class TypeSystem
    [javac] /home/travis/build/Whiley/WhileyCompiler/modules/wyil/src/wyil/util/TypeSystem.java:116: error: cannot find symbol
    [javac] 	public Type.EffectiveArray expandAsEffectiveArray(Type type) throws ResolveError {
    [javac] 	                                                                    ^
    [javac]   symbol:   class ResolveError
    [javac]   location: class TypeSystem
    [javac] /home/travis/build/Whiley/WhileyCompiler/modules/wyil/src/wyil/util/TypeSystem.java:124: error: cannot find symbol
    [javac] 	public Type.Reference expandAsReference(Type type) throws ResolveError {
    [javac] 	                                                          ^
    [javac]   symbol:   class ResolveError
    [javac]   location: class TypeSystem
    [javac] /home/travis/build/Whiley/WhileyCompiler/modules/wyil/src/wyil/util/TypeSystem.java:140: error: cannot find symbol
    [javac] 	private Type expandOneLevel(Type type) throws ResolveError {
    [javac] 	                                              ^
    [javac]   symbol:   class ResolveError
    [javac]   location: class TypeSystem
    [javac] /home/travis/build/Whiley/WhileyCompiler/modules/wyil/src/wyil/util/TypeSystem.java:197: error: cannot find symbol
    [javac] 			HashMap<NameID, Integer> roots) throws ResolveError {
    [javac] 			        ^
    [javac]   symbol:   class NameID
    [javac]   location: class TypeSystem
    [javac] /home/travis/build/Whiley/WhileyCompiler/modules/wyil/src/wyil/util/TypeSystem.java:197: error: cannot find symbol
    [javac] 			HashMap<NameID, Integer> roots) throws ResolveError {
    [javac] 			                                       ^
    [javac]   symbol:   class ResolveError
    [javac]   location: class TypeSystem
    [javac] /home/travis/build/Whiley/WhileyCompiler/modules/wyil/src/wyil/lang/WyilFile.java:118: error: cannot find symbol
    [javac] 	public WyilFile(Path.Entry<? extends CompilationUnit> entry) {
    [javac] 	                                     ^
    [javac]   symbol:   class CompilationUnit
    [javac]   location: class WyilFile
    [javac] /home/travis/build/Whiley/WhileyCompiler/modules/wyil/src/wyil/lang/WyilFile.java:457: error: cannot find symbol
    [javac] 				wyil.lang.Constant constant, Attribute... attributes) {
    [javac] 				                             ^
    [javac]   symbol:   class Attribute
    [javac]   location: class Constant
    [javac] /home/travis/build/Whiley/WhileyCompiler/modules/wyil/src/wyil/lang/WyilFile.java:463: error: cannot find symbol
    [javac] 				wyil.lang.Constant constant, Collection<Attribute> attributes) {
    [javac] 				                                        ^
    [javac]   symbol:   class Attribute
    [javac]   location: class Constant
    [javac] /home/travis/build/Whiley/WhileyCompiler/modules/wyil/src/wyil/lang/WyilFile.java:368: error: cannot find symbol
    [javac] 		public Declaration(WyilFile parent, String name, Collection<Modifier> modifiers, Attribute... attributes) {
    [javac] 		                                                                                 ^
    [javac]   symbol:   class Attribute
    [javac]   location: class Declaration
    [javac] /home/travis/build/Whiley/WhileyCompiler/modules/wyil/src/wyil/lang/WyilFile.java:376: error: cannot find symbol
    [javac] 				Collection<Attribute> attributes) {
    [javac] 				           ^
    [javac]   symbol:   class Attribute
    [javac]   location: class Declaration
    [javac] /home/travis/build/Whiley/WhileyCompiler/modules/wyil/src/wyil/lang/WyilFile.java:321: error: cannot find symbol
    [javac] 		private final List<Attribute> attributes;
    [javac] 		                   ^
    [javac]   symbol:   class Attribute
    [javac]   location: class Block
    [javac] /home/travis/build/Whiley/WhileyCompiler/modules/wyil/src/wyil/lang/WyilFile.java:323: error: cannot find symbol
    [javac] 		public Block(WyilFile parent, Collection<Attribute> attributes) {
    [javac] 		                                         ^
    [javac]   symbol:   class Attribute
    [javac]   location: class Block
    [javac] /home/travis/build/Whiley/WhileyCompiler/modules/wyil/src/wyil/lang/WyilFile.java:328: error: cannot find symbol
    [javac] 		public Block(WyilFile parent, Attribute[] attributes) {
    [javac] 		                              ^
    [javac]   symbol:   class Attribute
    [javac]   location: class Block
    [javac] /home/travis/build/Whiley/WhileyCompiler/modules/wyil/src/wyil/lang/WyilFile.java:342: error: cannot find symbol
    [javac] 		public List<Attribute> attributes() {
    [javac] 		            ^
    [javac]   symbol:   class Attribute
    [javac]   location: class Block
    [javac] /home/travis/build/Whiley/WhileyCompiler/modules/wyil/src/wyil/lang/WyilFile.java:346: error: cannot find symbol
    [javac] 		public <T extends Attribute> T attribute(Class<T> type) {
    [javac] 		                  ^
    [javac]   symbol:   class Attribute
    [javac]   location: class Block
    [javac] /home/travis/build/Whiley/WhileyCompiler/modules/wyil/src/wyil/lang/WyilFile.java:415: error: cannot find symbol
    [javac] 				Attribute... attributes) {
    [javac] 				^
    [javac]   symbol:   class Attribute
    [javac]   location: class Type
    [javac] /home/travis/build/Whiley/WhileyCompiler/modules/wyil/src/wyil/lang/WyilFile.java:422: error: cannot find symbol
    [javac] 				Collection<Attribute> attributes) {
    [javac] 				           ^
    [javac]   symbol:   class Attribute
    [javac]   location: class Type
    [javac] /home/travis/build/Whiley/WhileyCompiler/modules/wyil/src/wyil/lang/SyntaxTree.java:107: error: cannot find symbol
    [javac] 		public Location(SyntaxTree parent, T bytecode, Attribute...attributes) {
    [javac] 		                                               ^
    [javac]   symbol:   class Attribute
    [javac]   location: class Location<T>
    [javac]   where T is a type-variable:
    [javac]     T extends Bytecode declared in class Location
    [javac] /home/travis/build/Whiley/WhileyCompiler/modules/wyil/src/wyil/lang/SyntaxTree.java:114: error: cannot find symbol
    [javac] 		public Location(SyntaxTree parent, T bytecode, List<Attribute> attributes) {
    [javac] 		                                                    ^
    [javac]   symbol:   class Attribute
    [javac]   location: class Location<T>
    [javac]   where T is a type-variable:
    [javac]     T extends Bytecode declared in class Location
    [javac] /home/travis/build/Whiley/WhileyCompiler/modules/wyil/src/wyil/lang/SyntaxTree.java:121: error: cannot find symbol
    [javac] 		public Location(SyntaxTree parent, Type type, T bytecode, Attribute...attributes) {
    [javac] 		                                                          ^
    [javac]   symbol:   class Attribute
    [javac]   location: class Location<T>
    [javac]   where T is a type-variable:
    [javac]     T extends Bytecode declared in class Location
    [javac] /home/travis/build/Whiley/WhileyCompiler/modules/wyil/src/wyil/lang/SyntaxTree.java:128: error: cannot find symbol
    [javac] 		public Location(SyntaxTree parent, Type type, T bytecode, List<Attribute> attributes) {
    [javac] 		                                                               ^
    [javac]   symbol:   class Attribute
    [javac]   location: class Location<T>
    [javac]   where T is a type-variable:
    [javac]     T extends Bytecode declared in class Location
    [javac] /home/travis/build/Whiley/WhileyCompiler/modules/wyil/src/wyil/lang/SyntaxTree.java:135: error: cannot find symbol
    [javac] 		public Location(SyntaxTree parent, Type[] types, T bytecode, Attribute...attributes) {
    [javac] 		                                                             ^
    [javac]   symbol:   class Attribute
    [javac]   location: class Location<T>
    [javac]   where T is a type-variable:
    [javac]     T extends Bytecode declared in class Location
    [javac] /home/travis/build/Whiley/WhileyCompiler/modules/wyil/src/wyil/lang/SyntaxTree.java:142: error: cannot find symbol
    [javac] 		public Location(SyntaxTree parent, Type[] types, T bytecode, List<Attribute> attributes) {
    [javac] 		                                                                  ^
    [javac]   symbol:   class Attribute
    [javac]   location: class Location<T>
    [javac]   where T is a type-variable:
    [javac]     T extends Bytecode declared in class Location
    [javac] /home/travis/build/Whiley/WhileyCompiler/modules/wyil/src/wyil/lang/WyilFile.java:489: error: cannot find symbol
    [javac] 				wyil.lang.Type.FunctionOrMethod type, Attribute... attributes) {
    [javac] 				                                      ^
    [javac]   symbol:   class Attribute
    [javac]   location: class FunctionOrMethod
    [javac] /home/travis/build/Whiley/WhileyCompiler/modules/wyil/src/wyil/lang/WyilFile.java:497: error: cannot find symbol
    [javac] 				wyil.lang.Type.FunctionOrMethod type, Collection<Attribute> attributes) {
    [javac] 				                                                 ^
    [javac]   symbol:   class Attribute
    [javac]   location: class FunctionOrMethod
    [javac] /home/travis/build/Whiley/WhileyCompiler/modules/wyil/src/wyil/lang/Bytecode.java:1828: error: cannot find symbol
    [javac] 		private final NameID name;
    [javac] 		              ^
    [javac]   symbol:   class NameID
    [javac]   location: class Invoke
    [javac] /home/travis/build/Whiley/WhileyCompiler/modules/wyil/src/wyil/lang/Bytecode.java:1831: error: cannot find symbol
    [javac] 		public Invoke(Type.FunctionOrMethod type, int[] operands, NameID name) {
    [javac] 		                                                          ^
    [javac]   symbol:   class NameID
    [javac]   location: class Invoke
    [javac] /home/travis/build/Whiley/WhileyCompiler/modules/wyil/src/wyil/lang/Bytecode.java:1841: error: cannot find symbol
    [javac] 		public NameID name() {
    [javac] 		       ^
    [javac]   symbol:   class NameID
    [javac]   location: class Invoke
    [javac] /home/travis/build/Whiley/WhileyCompiler/modules/wyil/src/wyil/builders/VerificationConditionGenerator.java:2558: error: cannot find symbol
    [javac] 				List<Attribute> attributes) {
    [javac] 				     ^
    [javac]   symbol:   class Attribute
    [javac]   location: class VerificationCondition
    [javac] /home/travis/build/Whiley/WhileyCompiler/modules/wyil/src/wyil/lang/Type.java:108: error: cannot find symbol
    [javac] 	public static final Nominal Nominal(NameID name) {
    [javac] 	                                    ^
    [javac]   symbol:   class NameID
    [javac]   location: class Type
    [javac] /home/travis/build/Whiley/WhileyCompiler/modules/wyil/src/wyil/lang/Type.java:296: error: cannot find symbol
    [javac] 	public static final Type Recursive(NameID label, Type type) {
    [javac] 	                                   ^
    [javac]   symbol:   class NameID
    [javac]   location: class Type
    [javac] /home/travis/build/Whiley/WhileyCompiler/modules/wyil/src/wyil/lang/Type.java:337: error: cannot find symbol
    [javac] 	public static boolean isOpen(NameID label, Type t) {
    [javac] 	                             ^
    [javac]   symbol:   class NameID
    [javac]   location: class Type
    [javac] /home/travis/build/Whiley/WhileyCompiler/modules/wyil/src/wyil/lang/Type.java:360: error: cannot find symbol
    [javac] 	public static boolean isOpen(java.util.Set<NameID> labels, Type t) {
    [javac] 	                                           ^
    [javac]   symbol:   class NameID
    [javac]   location: class Type
    [javac] /home/travis/build/Whiley/WhileyCompiler/modules/wyil/src/wyil/lang/Type.java:786: error: cannot find symbol
    [javac] 		private NameID nid;
    [javac] 		        ^
    [javac]   symbol:   class NameID
    [javac]   location: class Nominal
    [javac] /home/travis/build/Whiley/WhileyCompiler/modules/wyil/src/wyil/lang/Type.java:787: error: cannot find symbol
    [javac] 		private Nominal(NameID name) {
    [javac] 		                ^
    [javac]   symbol:   class NameID
    [javac]   location: class Nominal
    [javac] /home/travis/build/Whiley/WhileyCompiler/modules/wyil/src/wyil/lang/Type.java:797: error: cannot find symbol
    [javac] 		public NameID name() {
    [javac] 		       ^
    [javac]   symbol:   class NameID
    [javac]   location: class Nominal
    [javac] /home/travis/build/Whiley/WhileyCompiler/modules/wyil/src/wyil/checks/CoercionCheck.java:31: error: cannot find symbol
    [javac] import wybs.lang.Attribute;
    [javac]                 ^
    [javac]   symbol:   class Attribute
    [javac]   location: package wybs.lang
    [javac] /home/travis/build/Whiley/WhileyCompiler/modules/wyil/src/wyil/checks/CoercionCheck.java:33: error: cannot find symbol
    [javac] import wybs.lang.SyntacticElement;
    [javac]                 ^
    [javac]   symbol:   class SyntacticElement
    [javac]   location: package wybs.lang
    [javac] /home/travis/build/Whiley/WhileyCompiler/modules/wyil/src/wyil/checks/CoercionCheck.java:34: error: cannot find symbol
    [javac] import wybs.lang.SyntaxError;
    [javac]                 ^
    [javac]   symbol:   class SyntaxError
    [javac]   location: package wybs.lang
    [javac] /home/travis/build/Whiley/WhileyCompiler/modules/wyil/src/wyil/checks/CoercionCheck.java:35: error: package wycommon.util does not exist
    [javac] import wycommon.util.Pair;
    [javac]                     ^
    [javac] /home/travis/build/Whiley/WhileyCompiler/modules/wyil/src/wyil/checks/CoercionCheck.java:78: error: cannot find symbol
    [javac] 	public CoercionCheck(Build.Task builder) {
    [javac] 	                          ^
    [javac]   symbol:   class Task
    [javac]   location: interface Build
    [javac] /home/travis/build/Whiley/WhileyCompiler/modules/wyil/src/wyil/checks/CoercionCheck.java:120: error: cannot find symbol
    [javac] 	protected void check(Type from, Type to, HashSet<Pair<Type, Type>> visited, SyntacticElement element) {
    [javac] 	                                                 ^
    [javac]   symbol:   class Pair
    [javac]   location: class CoercionCheck
    [javac] /home/travis/build/Whiley/WhileyCompiler/modules/wyil/src/wyil/checks/CoercionCheck.java:120: error: cannot find symbol
    [javac] 	protected void check(Type from, Type to, HashSet<Pair<Type, Type>> visited, SyntacticElement element) {
    [javac] 	                                                                            ^
    [javac]   symbol:   class SyntacticElement
    [javac]   location: class CoercionCheck
    [javac] /home/travis/build/Whiley/WhileyCompiler/modules/wyil/src/wyil/checks/CoercionCheck.java:208: error: cannot find symbol
    [javac] 	private void check(List<Type> params1, List<Type> params2, HashSet<Pair<Type, Type>> visited,
    [javac] 	                                                                   ^
    [javac]   symbol:   class Pair
    [javac]   location: class CoercionCheck
    [javac] /home/travis/build/Whiley/WhileyCompiler/modules/wyil/src/wyil/checks/CoercionCheck.java:209: error: cannot find symbol
    [javac] 			SyntacticElement element) {
    [javac] 			^
    [javac]   symbol:   class SyntacticElement
    [javac]   location: class CoercionCheck
    [javac] /home/travis/build/Whiley/WhileyCompiler/modules/wyil/src/wyil/checks/ModuleCheck.java:31: error: cannot find symbol
    [javac] import wybs.lang.SyntaxError;
    [javac]                 ^
    [javac]   symbol:   class SyntaxError
    [javac]   location: package wybs.lang
    [javac] /home/travis/build/Whiley/WhileyCompiler/modules/wyil/src/wyil/checks/ModuleCheck.java:32: error: package wycommon.util does not exist
    [javac] import wycommon.util.Pair;
    [javac]                     ^
    [javac] /home/travis/build/Whiley/WhileyCompiler/modules/wyil/src/wyil/checks/ModuleCheck.java:61: error: cannot find symbol
    [javac] 	public ModuleCheck(Build.Task builder) {
    [javac] 	                        ^
    [javac]   symbol:   class Task
    [javac]   location: interface Build
    [javac] /home/travis/build/Whiley/WhileyCompiler/modules/wyil/src/wyil/io/WyilFilePrinter.java:56: error: cannot find symbol
    [javac] 	public WyilFilePrinter(Build.Task builder) {
    [javac] 	                            ^
    [javac]   symbol:   class Task
    [javac]   location: interface Build
    [javac] /home/travis/build/Whiley/WhileyCompiler/modules/wyil/src/wyil/io/WyilFileReader.java:32: error: cannot find symbol
    [javac] import wybs.lang.Attribute;
    [javac]                 ^
    [javac]   symbol:   class Attribute
    [javac]   location: package wybs.lang
    [javac] /home/travis/build/Whiley/WhileyCompiler/modules/wyil/src/wyil/io/WyilFileReader.java:33: error: cannot find symbol
    [javac] import wybs.lang.NameID;
    [javac]                 ^
    [javac]   symbol:   class NameID
    [javac]   location: package wybs.lang
    [javac] /home/travis/build/Whiley/WhileyCompiler/modules/wyil/src/wyil/io/WyilFileReader.java:56: error: cannot find symbol
    [javac] 	private NameID[] namePool;
    [javac] 	        ^
    [javac]   symbol:   class NameID
    [javac]   location: class WyilFileReader
    [javac] /home/travis/build/Whiley/WhileyCompiler/modules/wyil/src/wyil/io/WyilFileWriter.java:32: error: cannot find symbol
    [javac] import wybs.lang.NameID;
    [javac]                 ^
    [javac]   symbol:   class NameID
    [javac]   location: package wybs.lang
    [javac] /home/travis/build/Whiley/WhileyCompiler/modules/wyil/src/wyil/io/WyilFileWriter.java:33: error: package wycommon.util does not exist
    [javac] import wycommon.util.Pair;
    [javac]                     ^
    [javac] /home/travis/build/Whiley/WhileyCompiler/modules/wyil/src/wyil/io/WyilFileWriter.java:78: error: cannot find symbol
    [javac] 	private final HashMap<NameID, Integer> nameCache = new HashMap<NameID, Integer>();
    [javac] 	                      ^
    [javac]   symbol:   class NameID
    [javac]   location: class WyilFileWriter
    [javac] /home/travis/build/Whiley/WhileyCompiler/modules/wyil/src/wyil/io/WyilFileWriter.java:868: error: cannot find symbol
    [javac] 	private int addNameItem(NameID name) {
    [javac] 	                        ^
    [javac]   symbol:   class NameID
    [javac]   location: class WyilFileWriter
    [javac] /home/travis/build/Whiley/WhileyCompiler/modules/wyil/src/wyil/lang/Constant.java:390: error: cannot find symbol
    [javac] 		private final NameID name;
    [javac] 		              ^
    [javac]   symbol:   class NameID
    [javac]   location: class FunctionOrMethod
    [javac] /home/travis/build/Whiley/WhileyCompiler/modules/wyil/src/wyil/lang/Constant.java:394: error: cannot find symbol
    [javac] 		public FunctionOrMethod(NameID name, wyil.lang.Type.FunctionOrMethod type, Constant... arguments) {
    [javac] 		                        ^
    [javac]   symbol:   class NameID
    [javac]   location: class FunctionOrMethod
    [javac] Note: Some input files use unchecked or unsafe operations.
    [javac] Note: Recompile with -Xlint:unchecked for details.
    [javac] 100 errors

BUILD FAILED
/home/travis/build/Whiley/WhileyCompiler/build.xml:20: The following error occurred while executing this line:
/home/travis/build/Whiley/WhileyCompiler/modules/wyil/build.xml:20: Compile failed; see the compiler error output for details.

Total time: 9 seconds

travis_time:end:00b5cbde:start=1470538488937768352,finish=1470538498320295249,duration=9382526897[0K
[31;1mThe command "ant test-all" exited with 1.[0m

Done. Your build exited with 1.
